<?xml version="1.0" encoding="utf-8"?><testsuite errors="0" failures="0" name="pytest" skips="6074" tests="12148" time="1032.389"><testcase classname="src.pymortests.affine_grid" file="src/pymortests/affine_grid.py" line="24" name="test_reference_element_wrong_arguments[&lt;lambda&gt;0]" time="0.001285552978515625"><skipped message="Suite splitting in effect" type="pytest.skip">src/pymortests/affine_grid.py:24: &lt;py._xmlgen.raw object at 0x7f1e04dc0b00&gt;</skipped></testcase><testcase classname="src.pymortests.affine_grid" file="src/pymortests/affine_grid.py" line="24" name="test_reference_element_wrong_arguments[&lt;lambda&gt;1]" time="0.004243135452270508"><skipped message="Suite splitting in effect" type="pytest.skip">src/pymortests/affine_grid.py:24: &lt;py._xmlgen.raw object at 0x7f1e04db6320&gt;</skipped></testcase><testcase classname="src.pymortests.affine_grid" file="src/pymortests/affine_grid.py" line="24" name="test_reference_element_wrong_arguments[&lt;lambda&gt;2]" time="0.0005183219909667969"><skipped message="Suite splitting in effect" type="pytest.skip">src/pymortests/affine_grid.py:24: &lt;py._xmlgen.raw object at 0x7f1e04dc0cf8&gt;</skipped></testcase><testcase classname="src.pymortests.affine_grid" file="src/pymortests/affine_grid.py" line="24" name="test_reference_element_wrong_arguments[&lt;lambda&gt;3]" time="0.0005326271057128906"><skipped message="Suite splitting in effect" type="pytest.skip">src/pymortests/affine_grid.py:24: &lt;py._xmlgen.raw object at 0x7f1e04dc0e80&gt;</skipped></testcase><testcase classname="src.pymortests.affine_grid" file="src/pymortests/affine_grid.py" line="24" name="test_reference_element_wrong_arguments[&lt;lambda&gt;4]" time="0.0005917549133300781"><skipped message="Suite splitting in effect" type="pytest.skip">src/pymortests/affine_grid.py:24: &lt;py._xmlgen.raw object at 0x7f1e04d8b390&gt;</skipped></testcase><testcase classname="src.pymortests.affine_grid" file="src/pymortests/affine_grid.py" line="24" name="test_reference_element_wrong_arguments[&lt;lambda&gt;5]" time="0.0004413127899169922"><skipped message="Suite splitting in effect" type="pytest.skip">src/pymortests/affine_grid.py:24: &lt;py._xmlgen.raw object at 0x7f1e04d8b860&gt;</skipped></testcase><testcase classname="src.pymortests.affine_grid" file="src/pymortests/affine_grid.py" line="24" name="test_reference_element_wrong_arguments[&lt;lambda&gt;6]" time="0.00047588348388671875"><skipped message="Suite splitting in effect" type="pytest.skip">src/pymortests/affine_grid.py:24: &lt;py._xmlgen.raw object at 0x7f1e04d8bd30&gt;</skipped></testcase><testcase classname="src.pymortests.affine_grid" file="src/pymortests/affine_grid.py" line="24" name="test_reference_element_wrong_arguments[&lt;lambda&gt;7]" time="0.0005335807800292969"><skipped message="Suite splitting in effect" type="pytest.skip">src/pymortests/affine_grid.py:24: &lt;py._xmlgen.raw object at 0x7f1e04d7c240&gt;</skipped></testcase><testcase classname="src.pymortests.affine_grid" file="src/pymortests/affine_grid.py" line="24" name="test_reference_element_wrong_arguments[&lt;lambda&gt;8]" time="0.0006656646728515625"><skipped message="Suite splitting in effect" type="pytest.skip">src/pymortests/affine_grid.py:24: &lt;py._xmlgen.raw object at 0x7f1e04d8b048&gt;</skipped></testcase><testcase classname="src.pymortests.affine_grid" file="src/pymortests/affine_grid.py" line="24" name="test_reference_element_wrong_arguments[&lt;lambda&gt;9]" time="0.0005824565887451172"><skipped message="Suite splitting in effect" type="pytest.skip">src/pymortests/affine_grid.py:24: &lt;py._xmlgen.raw object at 0x7f1e04d8b710&gt;</skipped></testcase><testcase classname="src.pymortests.affine_grid" file="src/pymortests/affine_grid.py" line="24" name="test_reference_element_wrong_arguments[&lt;lambda&gt;10]" time="0.000522613525390625"><skipped message="Suite splitting in effect" type="pytest.skip">src/pymortests/affine_grid.py:24: &lt;py._xmlgen.raw object at 0x7f1e04dc0ac8&gt;</skipped></testcase><testcase classname="src.pymortests.affine_grid" file="src/pymortests/affine_grid.py" line="24" name="test_reference_element_wrong_arguments[&lt;lambda&gt;11]" time="0.0005056858062744141"><skipped message="Suite splitting in effect" type="pytest.skip">src/pymortests/affine_grid.py:24: &lt;py._xmlgen.raw object at 0x7f1e04dc0d30&gt;</skipped></testcase><testcase classname="src.pymortests.affine_grid" file="src/pymortests/affine_grid.py" line="24" name="test_reference_element_wrong_arguments[&lt;lambda&gt;12]" time="0.00043845176696777344"><skipped message="Suite splitting in effect" type="pytest.skip">src/pymortests/affine_grid.py:24: &lt;py._xmlgen.raw object at 0x7f1e04db6748&gt;</skipped></testcase><testcase classname="src.pymortests.affine_grid" file="src/pymortests/affine_grid.py" line="24" name="test_reference_element_wrong_arguments[&lt;lambda&gt;13]" time="0.00042819976806640625"><skipped message="Suite splitting in effect" type="pytest.skip">src/pymortests/affine_grid.py:24: &lt;py._xmlgen.raw object at 0x7f1e04d7c080&gt;</skipped></testcase><testcase classname="src.pymortests.affine_grid" file="src/pymortests/affine_grid.py" line="24" name="test_reference_element_wrong_arguments[&lt;lambda&gt;14]" time="0.0004398822784423828"><skipped message="Suite splitting in effect" type="pytest.skip">src/pymortests/affine_grid.py:24: &lt;py._xmlgen.raw object at 0x7f1e04d7c898&gt;</skipped></testcase><testcase classname="src.pymortests.affine_grid" file="src/pymortests/affine_grid.py" line="24" name="test_reference_element_wrong_arguments[&lt;lambda&gt;15]" time="0.00045418739318847656"><skipped message="Suite splitting in effect" type="pytest.skip">src/pymortests/affine_grid.py:24: &lt;py._xmlgen.raw object at 0x7f1e04d7cdd8&gt;</skipped></testcase><testcase classname="src.pymortests.affine_grid" file="src/pymortests/affine_grid.py" line="24" name="test_reference_element_wrong_arguments[&lt;lambda&gt;16]" time="0.0006923675537109375"><skipped message="Suite splitting in effect" type="pytest.skip">src/pymortests/affine_grid.py:24: &lt;py._xmlgen.raw object at 0x7f1e04d7cc18&gt;</skipped></testcase><testcase classname="src.pymortests.affine_grid" file="src/pymortests/affine_grid.py" line="24" name="test_reference_element_wrong_arguments[&lt;lambda&gt;17]" time="0.0004754066467285156"><skipped message="Suite splitting in effect" type="pytest.skip">src/pymortests/affine_grid.py:24: &lt;py._xmlgen.raw object at 0x7f1e04d7c0b8&gt;</skipped></testcase><testcase classname="src.pymortests.affine_grid" file="src/pymortests/affine_grid.py" line="24" name="test_reference_element_wrong_arguments[&lt;lambda&gt;18]" time="0.00044989585876464844"><skipped message="Suite splitting in effect" type="pytest.skip">src/pymortests/affine_grid.py:24: &lt;py._xmlgen.raw object at 0x7f1e04db6588&gt;</skipped></testcase><testcase classname="src.pymortests.affine_grid" file="src/pymortests/affine_grid.py" line="24" name="test_reference_element_wrong_arguments[&lt;lambda&gt;19]" time="0.00047850608825683594"><skipped message="Suite splitting in effect" type="pytest.skip">src/pymortests/affine_grid.py:24: &lt;py._xmlgen.raw object at 0x7f1e04dc0b70&gt;</skipped></testcase><testcase classname="src.pymortests.affine_grid" file="src/pymortests/affine_grid.py" line="24" name="test_reference_element_wrong_arguments[&lt;lambda&gt;20]" time="0.00043964385986328125"><skipped message="Suite splitting in effect" type="pytest.skip">src/pymortests/affine_grid.py:24: &lt;py._xmlgen.raw object at 0x7f1e04d8b3c8&gt;</skipped></testcase><testcase classname="src.pymortests.affine_grid" file="src/pymortests/affine_grid.py" line="24" name="test_reference_element_wrong_arguments[&lt;lambda&gt;21]" time="0.0004818439483642578"><skipped message="Suite splitting in effect" type="pytest.skip">src/pymortests/affine_grid.py:24: &lt;py._xmlgen.raw object at 0x7f1e04d8bac8&gt;</skipped></testcase><testcase classname="src.pymortests.affine_grid" file="src/pymortests/affine_grid.py" line="24" name="test_reference_element_wrong_arguments[&lt;lambda&gt;22]" time="0.0004410743713378906"><skipped message="Suite splitting in effect" type="pytest.skip">src/pymortests/affine_grid.py:24: &lt;py._xmlgen.raw object at 0x7f1e04d2d198&gt;</skipped></testcase><testcase classname="src.pymortests.affine_grid" file="src/pymortests/affine_grid.py" line="24" name="test_reference_element_wrong_arguments[&lt;lambda&gt;23]" time="0.00046253204345703125"><skipped message="Suite splitting in effect" type="pytest.skip">src/pymortests/affine_grid.py:24: &lt;py._xmlgen.raw object at 0x7f1e04d2d6d8&gt;</skipped></testcase><testcase classname="src.pymortests.affine_grid" file="src/pymortests/affine_grid.py" line="24" name="test_reference_element_wrong_arguments[&lt;lambda&gt;24]" time="0.0006978511810302734"><skipped message="Suite splitting in effect" type="pytest.skip">src/pymortests/affine_grid.py:24: &lt;py._xmlgen.raw object at 0x7f1e04d8bc50&gt;</skipped></testcase><testcase classname="src.pymortests.affine_grid" file="src/pymortests/affine_grid.py" line="24" name="test_reference_element_wrong_arguments[&lt;lambda&gt;25]" time="0.00043964385986328125"><skipped message="Suite splitting in effect" type="pytest.skip">src/pymortests/affine_grid.py:24: &lt;py._xmlgen.raw object at 0x7f1e04dc0278&gt;</skipped></testcase><testcase classname="src.pymortests.affine_grid" file="src/pymortests/affine_grid.py" line="24" name="test_reference_element_wrong_arguments[&lt;lambda&gt;26]" time="0.00042557716369628906"><skipped message="Suite splitting in effect" type="pytest.skip">src/pymortests/affine_grid.py:24: &lt;py._xmlgen.raw object at 0x7f1e198c4780&gt;</skipped></testcase><testcase classname="src.pymortests.affine_grid" file="src/pymortests/affine_grid.py" line="24" name="test_reference_element_wrong_arguments[&lt;lambda&gt;27]" time="0.0004792213439941406"><skipped message="Suite splitting in effect" type="pytest.skip">src/pymortests/affine_grid.py:24: &lt;py._xmlgen.raw object at 0x7f1e04db64e0&gt;</skipped></testcase><testcase classname="src.pymortests.affine_grid" file="src/pymortests/affine_grid.py" line="24" name="test_reference_element_wrong_arguments[&lt;lambda&gt;28]" time="0.00047206878662109375"><skipped message="Suite splitting in effect" type="pytest.skip">src/pymortests/affine_grid.py:24: &lt;py._xmlgen.raw object at 0x7f1e04d7c5c0&gt;</skipped></testcase><testcase classname="src.pymortests.affine_grid" file="src/pymortests/affine_grid.py" line="24" name="test_reference_element_wrong_arguments[&lt;lambda&gt;29]" time="0.0005042552947998047"><skipped message="Suite splitting in effect" type="pytest.skip">src/pymortests/affine_grid.py:24: &lt;py._xmlgen.raw object at 0x7f1e04d2d278&gt;</skipped></testcase><testcase classname="src.pymortests.affine_grid" file="src/pymortests/affine_grid.py" line="24" name="test_reference_element_wrong_arguments[&lt;lambda&gt;30]" time="0.00048613548278808594"><skipped message="Suite splitting in effect" type="pytest.skip">src/pymortests/affine_grid.py:24: &lt;py._xmlgen.raw object at 0x7f1e04d2da58&gt;</skipped></testcase><testcase classname="src.pymortests.affine_grid" file="src/pymortests/affine_grid.py" line="24" name="test_reference_element_wrong_arguments[&lt;lambda&gt;31]" time="0.0004999637603759766"><skipped message="Suite splitting in effect" type="pytest.skip">src/pymortests/affine_grid.py:24: &lt;py._xmlgen.raw object at 0x7f1e04d2df98&gt;</skipped></testcase><testcase classname="src.pymortests.affine_grid" file="src/pymortests/affine_grid.py" line="24" name="test_reference_element_wrong_arguments[&lt;lambda&gt;32]" time="0.0007328987121582031"><skipped message="Suite splitting in effect" type="pytest.skip">src/pymortests/affine_grid.py:24: &lt;py._xmlgen.raw object at 0x7f1e04d2dc50&gt;</skipped></testcase><testcase classname="src.pymortests.affine_grid" file="src/pymortests/affine_grid.py" line="24" name="test_reference_element_wrong_arguments[&lt;lambda&gt;33]" time="0.0005071163177490234"><skipped message="Suite splitting in effect" type="pytest.skip">src/pymortests/affine_grid.py:24: &lt;py._xmlgen.raw object at 0x7f1e04d2d5c0&gt;</skipped></testcase><testcase classname="src.pymortests.affine_grid" file="src/pymortests/affine_grid.py" line="24" name="test_reference_element_wrong_arguments[&lt;lambda&gt;34]" time="0.0004911422729492188"><skipped message="Suite splitting in effect" type="pytest.skip">src/pymortests/affine_grid.py:24: &lt;py._xmlgen.raw object at 0x7f1e04d7c860&gt;</skipped></testcase><testcase classname="src.pymortests.affine_grid" file="src/pymortests/affine_grid.py" line="24" name="test_reference_element_wrong_arguments[&lt;lambda&gt;35]" time="0.0004658699035644531"><skipped message="Suite splitting in effect" type="pytest.skip">src/pymortests/affine_grid.py:24: &lt;py._xmlgen.raw object at 0x7f1e04db6630&gt;</skipped></testcase><testcase classname="src.pymortests.affine_grid" file="src/pymortests/affine_grid.py" line="24" name="test_reference_element_wrong_arguments[&lt;lambda&gt;36]" time="0.0004508495330810547"><skipped message="Suite splitting in effect" type="pytest.skip">src/pymortests/affine_grid.py:24: &lt;py._xmlgen.raw object at 0x7f1e04dc0ef0&gt;</skipped></testcase><testcase classname="src.pymortests.affine_grid" file="src/pymortests/affine_grid.py" line="24" name="test_reference_element_wrong_arguments[&lt;lambda&gt;37]" time="0.00042366981506347656"><skipped message="Suite splitting in effect" type="pytest.skip">src/pymortests/affine_grid.py:24: &lt;py._xmlgen.raw object at 0x7f1e198d80f0&gt;</skipped></testcase><testcase classname="src.pymortests.affine_grid" file="src/pymortests/affine_grid.py" line="24" name="test_reference_element_wrong_arguments[&lt;lambda&gt;38]" time="0.00043511390686035156"><skipped message="Suite splitting in effect" type="pytest.skip">src/pymortests/affine_grid.py:24: &lt;py._xmlgen.raw object at 0x7f1e04d34080&gt;</skipped></testcase><testcase classname="src.pymortests.affine_grid" file="src/pymortests/affine_grid.py" line="24" name="test_reference_element_wrong_arguments[&lt;lambda&gt;39]" time="0.0004684925079345703"><skipped message="Suite splitting in effect" type="pytest.skip">src/pymortests/affine_grid.py:24: &lt;py._xmlgen.raw object at 0x7f1e04d34898&gt;</skipped></testcase><testcase classname="src.pymortests.affine_grid" file="src/pymortests/affine_grid.py" line="24" name="test_reference_element_wrong_arguments[&lt;lambda&gt;40]" time="0.0004305839538574219"><skipped message="Suite splitting in effect" type="pytest.skip">src/pymortests/affine_grid.py:24: &lt;py._xmlgen.raw object at 0x7f1e04d8b0f0&gt;</skipped></testcase><testcase classname="src.pymortests.affine_grid" file="src/pymortests/affine_grid.py" line="24" name="test_reference_element_wrong_arguments[&lt;lambda&gt;41]" time="0.00045228004455566406"><skipped message="Suite splitting in effect" type="pytest.skip">src/pymortests/affine_grid.py:24: &lt;py._xmlgen.raw object at 0x7f1e04dc0320&gt;</skipped></testcase><testcase classname="src.pymortests.affine_grid" file="src/pymortests/affine_grid.py" line="24" name="test_reference_element_wrong_arguments[&lt;lambda&gt;42]" time="0.00044655799865722656"><skipped message="Suite splitting in effect" type="pytest.skip">src/pymortests/affine_grid.py:24: &lt;py._xmlgen.raw object at 0x7f1e198c4f60&gt;</skipped></testcase><testcase classname="src.pymortests.affine_grid" file="src/pymortests/affine_grid.py" line="32" name="test_reference_element_type[&lt;lambda&gt;0]" time="0.0005095005035400391"><skipped message="Suite splitting in effect" type="pytest.skip">src/pymortests/affine_grid.py:32: &lt;py._xmlgen.raw object at 0x7f1e04d7c4a8&gt;</skipped></testcase><testcase classname="src.pymortests.affine_grid" file="src/pymortests/affine_grid.py" line="32" name="test_reference_element_type[&lt;lambda&gt;1]" time="0.0004966259002685547"><skipped message="Suite splitting in effect" type="pytest.skip">src/pymortests/affine_grid.py:32: &lt;py._xmlgen.raw object at 0x7f1e04d2db38&gt;</skipped></testcase><testcase classname="src.pymortests.affine_grid" file="src/pymortests/affine_grid.py" line="32" name="test_reference_element_type[&lt;lambda&gt;2]" time="0.0004801750183105469"><skipped message="Suite splitting in effect" type="pytest.skip">src/pymortests/affine_grid.py:32: &lt;py._xmlgen.raw object at 0x7f1e04d2dda0&gt;</skipped></testcase><testcase classname="src.pymortests.affine_grid" file="src/pymortests/affine_grid.py" line="32" name="test_reference_element_type[&lt;lambda&gt;3]" time="0.00045299530029296875"><skipped message="Suite splitting in effect" type="pytest.skip">src/pymortests/affine_grid.py:32: &lt;py._xmlgen.raw object at 0x7f1e04d34400&gt;</skipped></testcase><testcase classname="src.pymortests.affine_grid" file="src/pymortests/affine_grid.py" line="32" name="test_reference_element_type[&lt;lambda&gt;4]" time="0.00044083595275878906"><skipped message="Suite splitting in effect" type="pytest.skip">src/pymortests/affine_grid.py:32: &lt;py._xmlgen.raw object at 0x7f1e04d3f198&gt;</skipped></testcase><testcase classname="src.pymortests.affine_grid" file="src/pymortests/affine_grid.py" line="32" name="test_reference_element_type[&lt;lambda&gt;5]" time="0.00049591064453125"><skipped message="Suite splitting in effect" type="pytest.skip">src/pymortests/affine_grid.py:32: &lt;py._xmlgen.raw object at 0x7f1e04d34e80&gt;</skipped></testcase><testcase classname="src.pymortests.affine_grid" file="src/pymortests/affine_grid.py" line="32" name="test_reference_element_type[&lt;lambda&gt;6]" time="0.0004909038543701172"><skipped message="Suite splitting in effect" type="pytest.skip">src/pymortests/affine_grid.py:32: &lt;py._xmlgen.raw object at 0x7f1e197f23c8&gt;</skipped></testcase><testcase classname="src.pymortests.affine_grid" file="src/pymortests/affine_grid.py" line="32" name="test_reference_element_type[&lt;lambda&gt;7]" time="0.00045680999755859375"><skipped message="Suite splitting in effect" type="pytest.skip">src/pymortests/affine_grid.py:32: &lt;py._xmlgen.raw object at 0x7f1e04d2da58&gt;</skipped></testcase><testcase classname="src.pymortests.affine_grid" file="src/pymortests/affine_grid.py" line="32" name="test_reference_element_type[&lt;lambda&gt;8]" time="0.0004978179931640625"><skipped message="Suite splitting in effect" type="pytest.skip">src/pymortests/affine_grid.py:32: &lt;py._xmlgen.raw object at 0x7f1e04d7ccc0&gt;</skipped></testcase><testcase classname="src.pymortests.affine_grid" file="src/pymortests/affine_grid.py" line="32" name="test_reference_element_type[&lt;lambda&gt;9]" time="0.0005278587341308594"><skipped message="Suite splitting in effect" type="pytest.skip">src/pymortests/affine_grid.py:32: &lt;py._xmlgen.raw object at 0x7f1e198c4390&gt;</skipped></testcase><testcase classname="src.pymortests.affine_grid" file="src/pymortests/affine_grid.py" line="32" name="test_reference_element_type[&lt;lambda&gt;10]" time="0.00048470497131347656"><skipped message="Suite splitting in effect" type="pytest.skip">src/pymortests/affine_grid.py:32: &lt;py._xmlgen.raw object at 0x7f1e198d86d8&gt;</skipped></testcase><testcase classname="src.pymortests.affine_grid" file="src/pymortests/affine_grid.py" line="32" name="test_reference_element_type[&lt;lambda&gt;11]" time="0.0005311965942382812"><skipped message="Suite splitting in effect" type="pytest.skip">src/pymortests/affine_grid.py:32: &lt;py._xmlgen.raw object at 0x7f1e04d3f358&gt;</skipped></testcase><testcase classname="src.pymortests.affine_grid" file="src/pymortests/affine_grid.py" line="32" name="test_reference_element_type[&lt;lambda&gt;12]" time="0.00046372413635253906"><skipped message="Suite splitting in effect" type="pytest.skip">src/pymortests/affine_grid.py:32: &lt;py._xmlgen.raw object at 0x7f1e04d3fa58&gt;</skipped></testcase><testcase classname="src.pymortests.affine_grid" file="src/pymortests/affine_grid.py" line="32" name="test_reference_element_type[&lt;lambda&gt;13]" time="0.0004851818084716797"><skipped message="Suite splitting in effect" type="pytest.skip">src/pymortests/affine_grid.py:32: &lt;py._xmlgen.raw object at 0x7f1e04d3ff98&gt;</skipped></testcase><testcase classname="src.pymortests.affine_grid" file="src/pymortests/affine_grid.py" line="32" name="test_reference_element_type[&lt;lambda&gt;14]" time="0.0004999637603759766"><skipped message="Suite splitting in effect" type="pytest.skip">src/pymortests/affine_grid.py:32: &lt;py._xmlgen.raw object at 0x7f1e04d3f908&gt;</skipped></testcase><testcase classname="src.pymortests.affine_grid" file="src/pymortests/affine_grid.py" line="32" name="test_reference_element_type[&lt;lambda&gt;15]" time="0.0005435943603515625"><skipped message="Suite splitting in effect" type="pytest.skip">src/pymortests/affine_grid.py:32: &lt;py._xmlgen.raw object at 0x7f1e198d8780&gt;</skipped></testcase><testcase classname="src.pymortests.affine_grid" file="src/pymortests/affine_grid.py" line="32" name="test_reference_element_type[&lt;lambda&gt;16]" time="0.00045561790466308594"><skipped message="Suite splitting in effect" type="pytest.skip">src/pymortests/affine_grid.py:32: &lt;py._xmlgen.raw object at 0x7f1e04db63c8&gt;</skipped></testcase><testcase classname="src.pymortests.affine_grid" file="src/pymortests/affine_grid.py" line="32" name="test_reference_element_type[&lt;lambda&gt;17]" time="0.0005030632019042969"><skipped message="Suite splitting in effect" type="pytest.skip">src/pymortests/affine_grid.py:32: &lt;py._xmlgen.raw object at 0x7f1e04d2d4a8&gt;</skipped></testcase><testcase classname="src.pymortests.affine_grid" file="src/pymortests/affine_grid.py" line="32" name="test_reference_element_type[&lt;lambda&gt;18]" time="0.00048279762268066406"><skipped message="Suite splitting in effect" type="pytest.skip">src/pymortests/affine_grid.py:32: &lt;py._xmlgen.raw object at 0x7f1e197f2a58&gt;</skipped></testcase><testcase classname="src.pymortests.affine_grid" file="src/pymortests/affine_grid.py" line="32" name="test_reference_element_type[&lt;lambda&gt;19]" time="0.002183675765991211"><skipped message="Suite splitting in effect" type="pytest.skip">src/pymortests/affine_grid.py:32: &lt;py._xmlgen.raw object at 0x7f1e04d345f8&gt;</skipped></testcase><testcase classname="src.pymortests.affine_grid" file="src/pymortests/affine_grid.py" line="32" name="test_reference_element_type[&lt;lambda&gt;20]" time="0.0005342960357666016"><skipped message="Suite splitting in effect" type="pytest.skip">src/pymortests/affine_grid.py:32: &lt;py._xmlgen.raw object at 0x7f1e04d4b358&gt;</skipped></testcase><testcase classname="src.pymortests.affine_grid" file="src/pymortests/affine_grid.py" line="32" name="test_reference_element_type[&lt;lambda&gt;21]" time="0.0007662773132324219"><skipped message="Suite splitting in effect" type="pytest.skip">src/pymortests/affine_grid.py:32: &lt;py._xmlgen.raw object at 0x7f1e04d4b898&gt;</skipped></testcase><testcase classname="src.pymortests.affine_grid" file="src/pymortests/affine_grid.py" line="32" name="test_reference_element_type[&lt;lambda&gt;22]" time="0.0005033016204833984"><skipped message="Suite splitting in effect" type="pytest.skip">src/pymortests/affine_grid.py:32: &lt;py._xmlgen.raw object at 0x7f1e197f23c8&gt;</skipped></testcase><testcase classname="src.pymortests.affine_grid" file="src/pymortests/affine_grid.py" line="32" name="test_reference_element_type[&lt;lambda&gt;23]" time="0.0005173683166503906"><skipped message="Suite splitting in effect" type="pytest.skip">src/pymortests/affine_grid.py:32: &lt;py._xmlgen.raw object at 0x7f1e04d2db38&gt;</skipped></testcase><testcase classname="src.pymortests.affine_grid" file="src/pymortests/affine_grid.py" line="32" name="test_reference_element_type[&lt;lambda&gt;24]" time="0.0005571842193603516"><skipped message="Suite splitting in effect" type="pytest.skip">src/pymortests/affine_grid.py:32: &lt;py._xmlgen.raw object at 0x7f1e04db6320&gt;</skipped></testcase><testcase classname="src.pymortests.affine_grid" file="src/pymortests/affine_grid.py" line="32" name="test_reference_element_type[&lt;lambda&gt;25]" time="0.0004558563232421875"><skipped message="Suite splitting in effect" type="pytest.skip">src/pymortests/affine_grid.py:32: &lt;py._xmlgen.raw object at 0x7f1e04dc0e80&gt;</skipped></testcase><testcase classname="src.pymortests.affine_grid" file="src/pymortests/affine_grid.py" line="32" name="test_reference_element_type[&lt;lambda&gt;26]" time="0.000514984130859375"><skipped message="Suite splitting in effect" type="pytest.skip">src/pymortests/affine_grid.py:32: &lt;py._xmlgen.raw object at 0x7f1e04d3fb00&gt;</skipped></testcase><testcase classname="src.pymortests.affine_grid" file="src/pymortests/affine_grid.py" line="32" name="test_reference_element_type[&lt;lambda&gt;27]" time="0.00046896934509277344"><skipped message="Suite splitting in effect" type="pytest.skip">src/pymortests/affine_grid.py:32: &lt;py._xmlgen.raw object at 0x7f1e04d4b5f8&gt;</skipped></testcase><testcase classname="src.pymortests.affine_grid" file="src/pymortests/affine_grid.py" line="32" name="test_reference_element_type[&lt;lambda&gt;28]" time="0.0005311965942382812"><skipped message="Suite splitting in effect" type="pytest.skip">src/pymortests/affine_grid.py:32: &lt;py._xmlgen.raw object at 0x7f1e04d4b978&gt;</skipped></testcase><testcase classname="src.pymortests.affine_grid" file="src/pymortests/affine_grid.py" line="32" name="test_reference_element_type[&lt;lambda&gt;29]" time="0.004777193069458008"><skipped message="Suite splitting in effect" type="pytest.skip">src/pymortests/affine_grid.py:32: &lt;py._xmlgen.raw object at 0x7f1e04d4beb8&gt;</skipped></testcase><testcase classname="src.pymortests.affine_grid" file="src/pymortests/affine_grid.py" line="32" name="test_reference_element_type[&lt;lambda&gt;30]" time="0.000568389892578125"><skipped message="Suite splitting in effect" type="pytest.skip">src/pymortests/affine_grid.py:32: &lt;py._xmlgen.raw object at 0x7f1e19802128&gt;</skipped></testcase><testcase classname="src.pymortests.affine_grid" file="src/pymortests/affine_grid.py" line="32" name="test_reference_element_type[&lt;lambda&gt;31]" time="0.0005595684051513672"><skipped message="Suite splitting in effect" type="pytest.skip">src/pymortests/affine_grid.py:32: &lt;py._xmlgen.raw object at 0x7f1e04d4bf28&gt;</skipped></testcase><testcase classname="src.pymortests.affine_grid" file="src/pymortests/affine_grid.py" line="32" name="test_reference_element_type[&lt;lambda&gt;32]" time="0.0005419254302978516"><skipped message="Suite splitting in effect" type="pytest.skip">src/pymortests/affine_grid.py:32: &lt;py._xmlgen.raw object at 0x7f1e04d4b358&gt;</skipped></testcase><testcase classname="src.pymortests.affine_grid" file="src/pymortests/affine_grid.py" line="32" name="test_reference_element_type[&lt;lambda&gt;33]" time="0.0005249977111816406"><skipped message="Suite splitting in effect" type="pytest.skip">src/pymortests/affine_grid.py:32: &lt;py._xmlgen.raw object at 0x7f1e04d3fa58&gt;</skipped></testcase><testcase classname="src.pymortests.affine_grid" file="src/pymortests/affine_grid.py" line="32" name="test_reference_element_type[&lt;lambda&gt;34]" time="0.0004482269287109375"><skipped message="Suite splitting in effect" type="pytest.skip">src/pymortests/affine_grid.py:32: &lt;py._xmlgen.raw object at 0x7f1e04d3fac8&gt;</skipped></testcase><testcase classname="src.pymortests.affine_grid" file="src/pymortests/affine_grid.py" line="32" name="test_reference_element_type[&lt;lambda&gt;35]" time="0.00043702125549316406"><skipped message="Suite splitting in effect" type="pytest.skip">src/pymortests/affine_grid.py:32: &lt;py._xmlgen.raw object at 0x7f1e04d34668&gt;</skipped></testcase><testcase classname="src.pymortests.affine_grid" file="src/pymortests/affine_grid.py" line="32" name="test_reference_element_type[&lt;lambda&gt;36]" time="0.0005147457122802734"><skipped message="Suite splitting in effect" type="pytest.skip">src/pymortests/affine_grid.py:32: &lt;py._xmlgen.raw object at 0x7f1e04d34b00&gt;</skipped></testcase><testcase classname="src.pymortests.affine_grid" file="src/pymortests/affine_grid.py" line="32" name="test_reference_element_type[&lt;lambda&gt;37]" time="0.00046324729919433594"><skipped message="Suite splitting in effect" type="pytest.skip">src/pymortests/affine_grid.py:32: &lt;py._xmlgen.raw object at 0x7f1e04d2d240&gt;</skipped></testcase><testcase classname="src.pymortests.affine_grid" file="src/pymortests/affine_grid.py" line="32" name="test_reference_element_type[&lt;lambda&gt;38]" time="0.0010347366333007812"><skipped message="Suite splitting in effect" type="pytest.skip">src/pymortests/affine_grid.py:32: &lt;py._xmlgen.raw object at 0x7f1e04d34b38&gt;</skipped></testcase><testcase classname="src.pymortests.affine_grid" file="src/pymortests/affine_grid.py" line="32" name="test_reference_element_type[&lt;lambda&gt;39]" time="0.0004489421844482422"><skipped message="Suite splitting in effect" type="pytest.skip">src/pymortests/affine_grid.py:32: &lt;py._xmlgen.raw object at 0x7f1e04d3f3c8&gt;</skipped></testcase><testcase classname="src.pymortests.affine_grid" file="src/pymortests/affine_grid.py" line="32" name="test_reference_element_type[&lt;lambda&gt;40]" time="0.0005161762237548828"><skipped message="Suite splitting in effect" type="pytest.skip">src/pymortests/affine_grid.py:32: &lt;py._xmlgen.raw object at 0x7f1e04d3f8d0&gt;</skipped></testcase><testcase classname="src.pymortests.affine_grid" file="src/pymortests/affine_grid.py" line="32" name="test_reference_element_type[&lt;lambda&gt;41]" time="0.0004985332489013672"><skipped message="Suite splitting in effect" type="pytest.skip">src/pymortests/affine_grid.py:32: &lt;py._xmlgen.raw object at 0x7f1e04d4b908&gt;</skipped></testcase><testcase classname="src.pymortests.affine_grid" file="src/pymortests/affine_grid.py" line="32" name="test_reference_element_type[&lt;lambda&gt;42]" time="0.0004978179931640625"><skipped message="Suite splitting in effect" type="pytest.skip">src/pymortests/affine_grid.py:32: &lt;py._xmlgen.raw object at 0x7f1e04d4ba90&gt;</skipped></testcase><testcase classname="src.pymortests.affine_grid" file="src/pymortests/affine_grid.py" line="38" name="test_reference_element_transitivity[&lt;lambda&gt;0]" time="0.0004458427429199219"><skipped message="Suite splitting in effect" type="pytest.skip">src/pymortests/affine_grid.py:38: &lt;py._xmlgen.raw object at 0x7f1e198c48d0&gt;</skipped></testcase><testcase classname="src.pymortests.affine_grid" file="src/pymortests/affine_grid.py" line="38" name="test_reference_element_transitivity[&lt;lambda&gt;1]" time="0.0004451274871826172"><skipped message="Suite splitting in effect" type="pytest.skip">src/pymortests/affine_grid.py:38: &lt;py._xmlgen.raw object at 0x7f1e198d8978&gt;</skipped></testcase><testcase classname="src.pymortests.affine_grid" file="src/pymortests/affine_grid.py" line="38" name="test_reference_element_transitivity[&lt;lambda&gt;2]" time="0.00048613548278808594"><skipped message="Suite splitting in effect" type="pytest.skip">src/pymortests/affine_grid.py:38: &lt;py._xmlgen.raw object at 0x7f1e04d7c080&gt;</skipped></testcase><testcase classname="src.pymortests.affine_grid" file="src/pymortests/affine_grid.py" line="38" name="test_reference_element_transitivity[&lt;lambda&gt;3]" time="0.0005495548248291016"><skipped message="Suite splitting in effect" type="pytest.skip">src/pymortests/affine_grid.py:38: &lt;py._xmlgen.raw object at 0x7f1e04d2dda0&gt;</skipped></testcase><testcase classname="src.pymortests.affine_grid" file="src/pymortests/affine_grid.py" line="38" name="test_reference_element_transitivity[&lt;lambda&gt;4]" time="0.0005192756652832031"><skipped message="Suite splitting in effect" type="pytest.skip">src/pymortests/affine_grid.py:38: &lt;py._xmlgen.raw object at 0x7f1e19802470&gt;</skipped></testcase><testcase classname="src.pymortests.affine_grid" file="src/pymortests/affine_grid.py" line="38" name="test_reference_element_transitivity[&lt;lambda&gt;5]" time="0.0004520416259765625"><skipped message="Suite splitting in effect" type="pytest.skip">src/pymortests/affine_grid.py:38: &lt;py._xmlgen.raw object at 0x7f1e197f2e48&gt;</skipped></testcase><testcase classname="src.pymortests.affine_grid" file="src/pymortests/affine_grid.py" line="38" name="test_reference_element_transitivity[&lt;lambda&gt;6]" time="0.0004949569702148438"><skipped message="Suite splitting in effect" type="pytest.skip">src/pymortests/affine_grid.py:38: &lt;py._xmlgen.raw object at 0x7f1e04d4bcf8&gt;</skipped></testcase><testcase classname="src.pymortests.affine_grid" file="src/pymortests/affine_grid.py" line="38" name="test_reference_element_transitivity[&lt;lambda&gt;7]" time="0.0005018711090087891"><skipped message="Suite splitting in effect" type="pytest.skip">src/pymortests/affine_grid.py:38: &lt;py._xmlgen.raw object at 0x7f1e04d3ff60&gt;</skipped></testcase><testcase classname="src.pymortests.affine_grid" file="src/pymortests/affine_grid.py" line="38" name="test_reference_element_transitivity[&lt;lambda&gt;8]" time="0.00044536590576171875"><skipped message="Suite splitting in effect" type="pytest.skip">src/pymortests/affine_grid.py:38: &lt;py._xmlgen.raw object at 0x7f1e04d34518&gt;</skipped></testcase><testcase classname="src.pymortests.affine_grid" file="src/pymortests/affine_grid.py" line="38" name="test_reference_element_transitivity[&lt;lambda&gt;9]" time="0.0004620552062988281"><skipped message="Suite splitting in effect" type="pytest.skip">src/pymortests/affine_grid.py:38: &lt;py._xmlgen.raw object at 0x7f1e04d7c0b8&gt;</skipped></testcase><testcase classname="src.pymortests.affine_grid" file="src/pymortests/affine_grid.py" line="38" name="test_reference_element_transitivity[&lt;lambda&gt;10]" time="0.0004944801330566406"><skipped message="Suite splitting in effect" type="pytest.skip">src/pymortests/affine_grid.py:38: &lt;py._xmlgen.raw object at 0x7f1e04d8b1d0&gt;</skipped></testcase><testcase classname="src.pymortests.affine_grid" file="src/pymortests/affine_grid.py" line="38" name="test_reference_element_transitivity[&lt;lambda&gt;11]" time="0.0008604526519775391"><skipped message="Suite splitting in effect" type="pytest.skip">src/pymortests/affine_grid.py:38: &lt;py._xmlgen.raw object at 0x7f1e04d8b9b0&gt;</skipped></testcase><testcase classname="src.pymortests.affine_grid" file="src/pymortests/affine_grid.py" line="38" name="test_reference_element_transitivity[&lt;lambda&gt;12]" time="0.00045180320739746094"><skipped message="Suite splitting in effect" type="pytest.skip">src/pymortests/affine_grid.py:38: &lt;py._xmlgen.raw object at 0x7f1e04d8b550&gt;</skipped></testcase><testcase classname="src.pymortests.affine_grid" file="src/pymortests/affine_grid.py" line="38" name="test_reference_element_transitivity[&lt;lambda&gt;13]" time="0.0005395412445068359"><skipped message="Suite splitting in effect" type="pytest.skip">src/pymortests/affine_grid.py:38: &lt;py._xmlgen.raw object at 0x7f1e04d34668&gt;</skipped></testcase><testcase classname="src.pymortests.affine_grid" file="src/pymortests/affine_grid.py" line="38" name="test_reference_element_transitivity[&lt;lambda&gt;14]" time="0.0004968643188476562"><skipped message="Suite splitting in effect" type="pytest.skip">src/pymortests/affine_grid.py:38: &lt;py._xmlgen.raw object at 0x7f1e04d3f518&gt;</skipped></testcase><testcase classname="src.pymortests.affine_grid" file="src/pymortests/affine_grid.py" line="38" name="test_reference_element_transitivity[&lt;lambda&gt;15]" time="0.0005059242248535156"><skipped message="Suite splitting in effect" type="pytest.skip">src/pymortests/affine_grid.py:38: &lt;py._xmlgen.raw object at 0x7f1e04d4bc18&gt;</skipped></testcase><testcase classname="src.pymortests.affine_grid" file="src/pymortests/affine_grid.py" line="38" name="test_reference_element_transitivity[&lt;lambda&gt;16]" time="0.0004937648773193359"><skipped message="Suite splitting in effect" type="pytest.skip">src/pymortests/affine_grid.py:38: &lt;py._xmlgen.raw object at 0x7f1e198c48d0&gt;</skipped></testcase><testcase classname="src.pymortests.affine_grid" file="src/pymortests/affine_grid.py" line="38" name="test_reference_element_transitivity[&lt;lambda&gt;17]" time="0.0005130767822265625"><skipped message="Suite splitting in effect" type="pytest.skip">src/pymortests/affine_grid.py:38: &lt;py._xmlgen.raw object at 0x7f1e19802c50&gt;</skipped></testcase><testcase classname="src.pymortests.affine_grid" file="src/pymortests/affine_grid.py" line="38" name="test_reference_element_transitivity[&lt;lambda&gt;18]" time="0.00046515464782714844"><skipped message="Suite splitting in effect" type="pytest.skip">src/pymortests/affine_grid.py:38: &lt;py._xmlgen.raw object at 0x7f1e04d2d240&gt;</skipped></testcase><testcase classname="src.pymortests.affine_grid" file="src/pymortests/affine_grid.py" line="38" name="test_reference_element_transitivity[&lt;lambda&gt;19]" time="0.0008318424224853516"><skipped message="Suite splitting in effect" type="pytest.skip">src/pymortests/affine_grid.py:38: &lt;py._xmlgen.raw object at 0x7f1e04db6470&gt;</skipped></testcase><testcase classname="src.pymortests.affine_grid" file="src/pymortests/affine_grid.py" line="38" name="test_reference_element_transitivity[&lt;lambda&gt;20]" time="0.0005505084991455078"><skipped message="Suite splitting in effect" type="pytest.skip">src/pymortests/affine_grid.py:38: &lt;py._xmlgen.raw object at 0x7f1e04d2d240&gt;</skipped></testcase><testcase classname="src.pymortests.affine_grid" file="src/pymortests/affine_grid.py" line="38" name="test_reference_element_transitivity[&lt;lambda&gt;21]" time="0.0005340576171875"><skipped message="Suite splitting in effect" type="pytest.skip">src/pymortests/affine_grid.py:38: &lt;py._xmlgen.raw object at 0x7f1e19802908&gt;</skipped></testcase><testcase classname="src.pymortests.affine_grid" file="src/pymortests/affine_grid.py" line="38" name="test_reference_element_transitivity[&lt;lambda&gt;22]" time="0.0005362033843994141"><skipped message="Suite splitting in effect" type="pytest.skip">src/pymortests/affine_grid.py:38: &lt;py._xmlgen.raw object at 0x7f1e04d4b080&gt;</skipped></testcase><testcase classname="src.pymortests.affine_grid" file="src/pymortests/affine_grid.py" line="38" name="test_reference_element_transitivity[&lt;lambda&gt;23]" time="0.00047707557678222656"><skipped message="Suite splitting in effect" type="pytest.skip">src/pymortests/affine_grid.py:38: &lt;py._xmlgen.raw object at 0x7f1e04d3fb38&gt;</skipped></testcase><testcase classname="src.pymortests.affine_grid" file="src/pymortests/affine_grid.py" line="38" name="test_reference_element_transitivity[&lt;lambda&gt;24]" time="0.0005145072937011719"><skipped message="Suite splitting in effect" type="pytest.skip">src/pymortests/affine_grid.py:38: &lt;py._xmlgen.raw object at 0x7f1e04d7ca90&gt;</skipped></testcase><testcase classname="src.pymortests.affine_grid" file="src/pymortests/affine_grid.py" line="38" name="test_reference_element_transitivity[&lt;lambda&gt;25]" time="0.0005421638488769531"><skipped message="Suite splitting in effect" type="pytest.skip">src/pymortests/affine_grid.py:38: &lt;py._xmlgen.raw object at 0x7f1e1986c198&gt;</skipped></testcase><testcase classname="src.pymortests.affine_grid" file="src/pymortests/affine_grid.py" line="38" name="test_reference_element_transitivity[&lt;lambda&gt;26]" time="0.0004780292510986328"><skipped message="Suite splitting in effect" type="pytest.skip">src/pymortests/affine_grid.py:38: &lt;py._xmlgen.raw object at 0x7f1e04d5e080&gt;</skipped></testcase><testcase classname="src.pymortests.affine_grid" file="src/pymortests/affine_grid.py" line="38" name="test_reference_element_transitivity[&lt;lambda&gt;27]" time="0.0008502006530761719"><skipped message="Suite splitting in effect" type="pytest.skip">src/pymortests/affine_grid.py:38: &lt;py._xmlgen.raw object at 0x7f1e04d5e5c0&gt;</skipped></testcase><testcase classname="src.pymortests.affine_grid" file="src/pymortests/affine_grid.py" line="38" name="test_reference_element_transitivity[&lt;lambda&gt;28]" time="0.00054168701171875"><skipped message="Suite splitting in effect" type="pytest.skip">src/pymortests/affine_grid.py:38: &lt;py._xmlgen.raw object at 0x7f1e1986c630&gt;</skipped></testcase><testcase classname="src.pymortests.affine_grid" file="src/pymortests/affine_grid.py" line="38" name="test_reference_element_transitivity[&lt;lambda&gt;29]" time="0.0005252361297607422"><skipped message="Suite splitting in effect" type="pytest.skip">src/pymortests/affine_grid.py:38: &lt;py._xmlgen.raw object at 0x7f1e04d34b00&gt;</skipped></testcase><testcase classname="src.pymortests.affine_grid" file="src/pymortests/affine_grid.py" line="38" name="test_reference_element_transitivity[&lt;lambda&gt;30]" time="0.00046133995056152344"><skipped message="Suite splitting in effect" type="pytest.skip">src/pymortests/affine_grid.py:38: &lt;py._xmlgen.raw object at 0x7f1e04d3f4a8&gt;</skipped></testcase><testcase classname="src.pymortests.affine_grid" file="src/pymortests/affine_grid.py" line="38" name="test_reference_element_transitivity[&lt;lambda&gt;31]" time="0.0005140304565429688"><skipped message="Suite splitting in effect" type="pytest.skip">src/pymortests/affine_grid.py:38: &lt;py._xmlgen.raw object at 0x7f1e04d4b940&gt;</skipped></testcase><testcase classname="src.pymortests.affine_grid" file="src/pymortests/affine_grid.py" line="38" name="test_reference_element_transitivity[&lt;lambda&gt;32]" time="0.0005109310150146484"><skipped message="Suite splitting in effect" type="pytest.skip">src/pymortests/affine_grid.py:38: &lt;py._xmlgen.raw object at 0x7f1e04d2d160&gt;</skipped></testcase><testcase classname="src.pymortests.affine_grid" file="src/pymortests/affine_grid.py" line="38" name="test_reference_element_transitivity[&lt;lambda&gt;33]" time="0.0004858970642089844"><skipped message="Suite splitting in effect" type="pytest.skip">src/pymortests/affine_grid.py:38: &lt;py._xmlgen.raw object at 0x7f1e04db6320&gt;</skipped></testcase><testcase classname="src.pymortests.affine_grid" file="src/pymortests/affine_grid.py" line="38" name="test_reference_element_transitivity[&lt;lambda&gt;34]" time="0.0005102157592773438"><skipped message="Suite splitting in effect" type="pytest.skip">src/pymortests/affine_grid.py:38: &lt;py._xmlgen.raw object at 0x7f1e04d5e240&gt;</skipped></testcase><testcase classname="src.pymortests.affine_grid" file="src/pymortests/affine_grid.py" line="38" name="test_reference_element_transitivity[&lt;lambda&gt;35]" time="0.0008840560913085938"><skipped message="Suite splitting in effect" type="pytest.skip">src/pymortests/affine_grid.py:38: &lt;py._xmlgen.raw object at 0x7f1e04d5ebe0&gt;</skipped></testcase><testcase classname="src.pymortests.affine_grid" file="src/pymortests/affine_grid.py" line="38" name="test_reference_element_transitivity[&lt;lambda&gt;36]" time="0.0004985332489013672"><skipped message="Suite splitting in effect" type="pytest.skip">src/pymortests/affine_grid.py:38: &lt;py._xmlgen.raw object at 0x7f1e197f2da0&gt;</skipped></testcase><testcase classname="src.pymortests.affine_grid" file="src/pymortests/affine_grid.py" line="38" name="test_reference_element_transitivity[&lt;lambda&gt;37]" time="0.0004596710205078125"><skipped message="Suite splitting in effect" type="pytest.skip">src/pymortests/affine_grid.py:38: &lt;py._xmlgen.raw object at 0x7f1e04d4bb70&gt;</skipped></testcase><testcase classname="src.pymortests.affine_grid" file="src/pymortests/affine_grid.py" line="38" name="test_reference_element_transitivity[&lt;lambda&gt;38]" time="0.0005128383636474609"><skipped message="Suite splitting in effect" type="pytest.skip">src/pymortests/affine_grid.py:38: &lt;py._xmlgen.raw object at 0x7f1e04d3f518&gt;</skipped></testcase><testcase classname="src.pymortests.affine_grid" file="src/pymortests/affine_grid.py" line="38" name="test_reference_element_transitivity[&lt;lambda&gt;39]" time="0.0004837512969970703"><skipped message="Suite splitting in effect" type="pytest.skip">src/pymortests/affine_grid.py:38: &lt;py._xmlgen.raw object at 0x7f1e04d344a8&gt;</skipped></testcase><testcase classname="src.pymortests.affine_grid" file="src/pymortests/affine_grid.py" line="38" name="test_reference_element_transitivity[&lt;lambda&gt;40]" time="0.0004820823669433594"><skipped message="Suite splitting in effect" type="pytest.skip">src/pymortests/affine_grid.py:38: &lt;py._xmlgen.raw object at 0x7f1e04d8b780&gt;</skipped></testcase><testcase classname="src.pymortests.affine_grid" file="src/pymortests/affine_grid.py" line="38" name="test_reference_element_transitivity[&lt;lambda&gt;41]" time="0.0005793571472167969"><skipped message="Suite splitting in effect" type="pytest.skip">src/pymortests/affine_grid.py:38: &lt;py._xmlgen.raw object at 0x7f1e04d5e0b8&gt;</skipped></testcase><testcase classname="src.pymortests.affine_grid" file="src/pymortests/affine_grid.py" line="38" name="test_reference_element_transitivity[&lt;lambda&gt;42]" time="0.0004634857177734375"><skipped message="Suite splitting in effect" type="pytest.skip">src/pymortests/affine_grid.py:38: &lt;py._xmlgen.raw object at 0x7f1e04d5e438&gt;</skipped></testcase><testcase classname="src.pymortests.affine_grid" file="src/pymortests/affine_grid.py" line="44" name="test_embeddings_wrong_arguments[&lt;lambda&gt;0]" time="0.0008103847503662109"><skipped message="Suite splitting in effect" type="pytest.skip">src/pymortests/affine_grid.py:44: &lt;py._xmlgen.raw object at 0x7f1e04d65240&gt;</skipped></testcase><testcase classname="src.pymortests.affine_grid" file="src/pymortests/affine_grid.py" line="44" name="test_embeddings_wrong_arguments[&lt;lambda&gt;1]" time="0.0004999637603759766"><skipped message="Suite splitting in effect" type="pytest.skip">src/pymortests/affine_grid.py:44: &lt;py._xmlgen.raw object at 0x7f1e04d5e278&gt;</skipped></testcase><testcase classname="src.pymortests.affine_grid" file="src/pymortests/affine_grid.py" line="44" name="test_embeddings_wrong_arguments[&lt;lambda&gt;2]" time="0.0004639625549316406"><skipped message="Suite splitting in effect" type="pytest.skip">src/pymortests/affine_grid.py:44: &lt;py._xmlgen.raw object at 0x7f1e04d8ba58&gt;</skipped></testcase><testcase classname="src.pymortests.affine_grid" file="src/pymortests/affine_grid.py" line="44" name="test_embeddings_wrong_arguments[&lt;lambda&gt;3]" time="0.0005121231079101562"><skipped message="Suite splitting in effect" type="pytest.skip">src/pymortests/affine_grid.py:44: &lt;py._xmlgen.raw object at 0x7f1e04d7c080&gt;</skipped></testcase><testcase classname="src.pymortests.affine_grid" file="src/pymortests/affine_grid.py" line="44" name="test_embeddings_wrong_arguments[&lt;lambda&gt;4]" time="0.0005519390106201172"><skipped message="Suite splitting in effect" type="pytest.skip">src/pymortests/affine_grid.py:44: &lt;py._xmlgen.raw object at 0x7f1e04d3fac8&gt;</skipped></testcase><testcase classname="src.pymortests.affine_grid" file="src/pymortests/affine_grid.py" line="44" name="test_embeddings_wrong_arguments[&lt;lambda&gt;5]" time="0.0004980564117431641"><skipped message="Suite splitting in effect" type="pytest.skip">src/pymortests/affine_grid.py:44: &lt;py._xmlgen.raw object at 0x7f1e04d4b0b8&gt;</skipped></testcase><testcase classname="src.pymortests.affine_grid" file="src/pymortests/affine_grid.py" line="44" name="test_embeddings_wrong_arguments[&lt;lambda&gt;6]" time="0.0005397796630859375"><skipped message="Suite splitting in effect" type="pytest.skip">src/pymortests/affine_grid.py:44: &lt;py._xmlgen.raw object at 0x7f1e04d2dda0&gt;</skipped></testcase><testcase classname="src.pymortests.affine_grid" file="src/pymortests/affine_grid.py" line="44" name="test_embeddings_wrong_arguments[&lt;lambda&gt;7]" time="0.0005643367767333984"><skipped message="Suite splitting in effect" type="pytest.skip">src/pymortests/affine_grid.py:44: &lt;py._xmlgen.raw object at 0x7f1e04d650b8&gt;</skipped></testcase><testcase classname="src.pymortests.affine_grid" file="src/pymortests/affine_grid.py" line="44" name="test_embeddings_wrong_arguments[&lt;lambda&gt;8]" time="0.0007536411285400391"><skipped message="Suite splitting in effect" type="pytest.skip">src/pymortests/affine_grid.py:44: &lt;py._xmlgen.raw object at 0x7f1e04d65860&gt;</skipped></testcase><testcase classname="src.pymortests.affine_grid" file="src/pymortests/affine_grid.py" line="44" name="test_embeddings_wrong_arguments[&lt;lambda&gt;9]" time="0.0004825592041015625"><skipped message="Suite splitting in effect" type="pytest.skip">src/pymortests/affine_grid.py:44: &lt;py._xmlgen.raw object at 0x7f1e04db66a0&gt;</skipped></testcase><testcase classname="src.pymortests.affine_grid" file="src/pymortests/affine_grid.py" line="44" name="test_embeddings_wrong_arguments[&lt;lambda&gt;10]" time="0.0004889965057373047"><skipped message="Suite splitting in effect" type="pytest.skip">src/pymortests/affine_grid.py:44: &lt;py._xmlgen.raw object at 0x7f1e04d34ac8&gt;</skipped></testcase><testcase classname="src.pymortests.affine_grid" file="src/pymortests/affine_grid.py" line="44" name="test_embeddings_wrong_arguments[&lt;lambda&gt;11]" time="0.0005447864532470703"><skipped message="Suite splitting in effect" type="pytest.skip">src/pymortests/affine_grid.py:44: &lt;py._xmlgen.raw object at 0x7f1e1986ceb8&gt;</skipped></testcase><testcase classname="src.pymortests.affine_grid" file="src/pymortests/affine_grid.py" line="44" name="test_embeddings_wrong_arguments[&lt;lambda&gt;12]" time="0.0005600452423095703"><skipped message="Suite splitting in effect" type="pytest.skip">src/pymortests/affine_grid.py:44: &lt;py._xmlgen.raw object at 0x7f1e19890898&gt;</skipped></testcase><testcase classname="src.pymortests.affine_grid" file="src/pymortests/affine_grid.py" line="44" name="test_embeddings_wrong_arguments[&lt;lambda&gt;13]" time="0.0005118846893310547"><skipped message="Suite splitting in effect" type="pytest.skip">src/pymortests/affine_grid.py:44: &lt;py._xmlgen.raw object at 0x7f1e04d5ec50&gt;</skipped></testcase><testcase classname="src.pymortests.affine_grid" file="src/pymortests/affine_grid.py" line="44" name="test_embeddings_wrong_arguments[&lt;lambda&gt;14]" time="0.0004413127899169922"><skipped message="Suite splitting in effect" type="pytest.skip">src/pymortests/affine_grid.py:44: &lt;py._xmlgen.raw object at 0x7f1e04d65908&gt;</skipped></testcase><testcase classname="src.pymortests.affine_grid" file="src/pymortests/affine_grid.py" line="44" name="test_embeddings_wrong_arguments[&lt;lambda&gt;15]" time="0.0004639625549316406"><skipped message="Suite splitting in effect" type="pytest.skip">src/pymortests/affine_grid.py:44: &lt;py._xmlgen.raw object at 0x7f1e04d65320&gt;</skipped></testcase><testcase classname="src.pymortests.affine_grid" file="src/pymortests/affine_grid.py" line="44" name="test_embeddings_wrong_arguments[&lt;lambda&gt;16]" time="0.0008618831634521484"><skipped message="Suite splitting in effect" type="pytest.skip">src/pymortests/affine_grid.py:44: &lt;py._xmlgen.raw object at 0x7f1e04d65e80&gt;</skipped></testcase><testcase classname="src.pymortests.affine_grid" file="src/pymortests/affine_grid.py" line="44" name="test_embeddings_wrong_arguments[&lt;lambda&gt;17]" time="0.0005011558532714844"><skipped message="Suite splitting in effect" type="pytest.skip">src/pymortests/affine_grid.py:44: &lt;py._xmlgen.raw object at 0x7f1e04d65358&gt;</skipped></testcase><testcase classname="src.pymortests.affine_grid" file="src/pymortests/affine_grid.py" line="44" name="test_embeddings_wrong_arguments[&lt;lambda&gt;18]" time="0.0004904270172119141"><skipped message="Suite splitting in effect" type="pytest.skip">src/pymortests/affine_grid.py:44: &lt;py._xmlgen.raw object at 0x7f1e04d5eda0&gt;</skipped></testcase><testcase classname="src.pymortests.affine_grid" file="src/pymortests/affine_grid.py" line="44" name="test_embeddings_wrong_arguments[&lt;lambda&gt;19]" time="0.0004525184631347656"><skipped message="Suite splitting in effect" type="pytest.skip">src/pymortests/affine_grid.py:44: &lt;py._xmlgen.raw object at 0x7f1e04d5e7b8&gt;</skipped></testcase><testcase classname="src.pymortests.affine_grid" file="src/pymortests/affine_grid.py" line="44" name="test_embeddings_wrong_arguments[&lt;lambda&gt;20]" time="0.00046896934509277344"><skipped message="Suite splitting in effect" type="pytest.skip">src/pymortests/affine_grid.py:44: &lt;py._xmlgen.raw object at 0x7f1e1986c438&gt;</skipped></testcase><testcase classname="src.pymortests.affine_grid" file="src/pymortests/affine_grid.py" line="44" name="test_embeddings_wrong_arguments[&lt;lambda&gt;21]" time="0.0004901885986328125"><skipped message="Suite splitting in effect" type="pytest.skip">src/pymortests/affine_grid.py:44: &lt;py._xmlgen.raw object at 0x7f1e04d3f0b8&gt;</skipped></testcase><testcase classname="src.pymortests.affine_grid" file="src/pymortests/affine_grid.py" line="44" name="test_embeddings_wrong_arguments[&lt;lambda&gt;22]" time="0.0005285739898681641"><skipped message="Suite splitting in effect" type="pytest.skip">src/pymortests/affine_grid.py:44: &lt;py._xmlgen.raw object at 0x7f1e04d4b518&gt;</skipped></testcase><testcase classname="src.pymortests.affine_grid" file="src/pymortests/affine_grid.py" line="44" name="test_embeddings_wrong_arguments[&lt;lambda&gt;23]" time="0.0005035400390625"><skipped message="Suite splitting in effect" type="pytest.skip">src/pymortests/affine_grid.py:44: &lt;py._xmlgen.raw object at 0x7f1e19814eb8&gt;</skipped></testcase><testcase classname="src.pymortests.affine_grid" file="src/pymortests/affine_grid.py" line="44" name="test_embeddings_wrong_arguments[&lt;lambda&gt;24]" time="0.0008294582366943359"><skipped message="Suite splitting in effect" type="pytest.skip">src/pymortests/affine_grid.py:44: &lt;py._xmlgen.raw object at 0x7f1e04cea4e0&gt;</skipped></testcase><testcase classname="src.pymortests.affine_grid" file="src/pymortests/affine_grid.py" line="44" name="test_embeddings_wrong_arguments[&lt;lambda&gt;25]" time="0.0005037784576416016"><skipped message="Suite splitting in effect" type="pytest.skip">src/pymortests/affine_grid.py:44: &lt;py._xmlgen.raw object at 0x7f1e198c48d0&gt;</skipped></testcase><testcase classname="src.pymortests.affine_grid" file="src/pymortests/affine_grid.py" line="44" name="test_embeddings_wrong_arguments[&lt;lambda&gt;26]" time="0.0005266666412353516"><skipped message="Suite splitting in effect" type="pytest.skip">src/pymortests/affine_grid.py:44: &lt;py._xmlgen.raw object at 0x7f1e04d3fa20&gt;</skipped></testcase><testcase classname="src.pymortests.affine_grid" file="src/pymortests/affine_grid.py" line="44" name="test_embeddings_wrong_arguments[&lt;lambda&gt;27]" time="0.0004899501800537109"><skipped message="Suite splitting in effect" type="pytest.skip">src/pymortests/affine_grid.py:44: &lt;py._xmlgen.raw object at 0x7f1e19890550&gt;</skipped></testcase><testcase classname="src.pymortests.affine_grid" file="src/pymortests/affine_grid.py" line="44" name="test_embeddings_wrong_arguments[&lt;lambda&gt;28]" time="0.0005168914794921875"><skipped message="Suite splitting in effect" type="pytest.skip">src/pymortests/affine_grid.py:44: &lt;py._xmlgen.raw object at 0x7f1e04d5ed68&gt;</skipped></testcase><testcase classname="src.pymortests.affine_grid" file="src/pymortests/affine_grid.py" line="44" name="test_embeddings_wrong_arguments[&lt;lambda&gt;29]" time="0.0005071163177490234"><skipped message="Suite splitting in effect" type="pytest.skip">src/pymortests/affine_grid.py:44: &lt;py._xmlgen.raw object at 0x7f1e04d65f98&gt;</skipped></testcase><testcase classname="src.pymortests.affine_grid" file="src/pymortests/affine_grid.py" line="44" name="test_embeddings_wrong_arguments[&lt;lambda&gt;30]" time="0.000499725341796875"><skipped message="Suite splitting in effect" type="pytest.skip">src/pymortests/affine_grid.py:44: &lt;py._xmlgen.raw object at 0x7f1e04d65cf8&gt;</skipped></testcase><testcase classname="src.pymortests.affine_grid" file="src/pymortests/affine_grid.py" line="44" name="test_embeddings_wrong_arguments[&lt;lambda&gt;31]" time="0.0005838871002197266"><skipped message="Suite splitting in effect" type="pytest.skip">src/pymortests/affine_grid.py:44: &lt;py._xmlgen.raw object at 0x7f1e04cea3c8&gt;</skipped></testcase><testcase classname="src.pymortests.affine_grid" file="src/pymortests/affine_grid.py" line="44" name="test_embeddings_wrong_arguments[&lt;lambda&gt;32]" time="0.0008449554443359375"><skipped message="Suite splitting in effect" type="pytest.skip">src/pymortests/affine_grid.py:44: &lt;py._xmlgen.raw object at 0x7f1e04ceab00&gt;</skipped></testcase><testcase classname="src.pymortests.affine_grid" file="src/pymortests/affine_grid.py" line="44" name="test_embeddings_wrong_arguments[&lt;lambda&gt;33]" time="0.0005323886871337891"><skipped message="Suite splitting in effect" type="pytest.skip">src/pymortests/affine_grid.py:44: &lt;py._xmlgen.raw object at 0x7f1e04d65a90&gt;</skipped></testcase><testcase classname="src.pymortests.affine_grid" file="src/pymortests/affine_grid.py" line="44" name="test_embeddings_wrong_arguments[&lt;lambda&gt;34]" time="0.0005865097045898438"><skipped message="Suite splitting in effect" type="pytest.skip">src/pymortests/affine_grid.py:44: &lt;py._xmlgen.raw object at 0x7f1e04d5efd0&gt;</skipped></testcase><testcase classname="src.pymortests.affine_grid" file="src/pymortests/affine_grid.py" line="44" name="test_embeddings_wrong_arguments[&lt;lambda&gt;35]" time="0.0005104541778564453"><skipped message="Suite splitting in effect" type="pytest.skip">src/pymortests/affine_grid.py:44: &lt;py._xmlgen.raw object at 0x7f1e1986cf60&gt;</skipped></testcase><testcase classname="src.pymortests.affine_grid" file="src/pymortests/affine_grid.py" line="44" name="test_embeddings_wrong_arguments[&lt;lambda&gt;36]" time="0.000469207763671875"><skipped message="Suite splitting in effect" type="pytest.skip">src/pymortests/affine_grid.py:44: &lt;py._xmlgen.raw object at 0x7f1e140ef208&gt;</skipped></testcase><testcase classname="src.pymortests.affine_grid" file="src/pymortests/affine_grid.py" line="44" name="test_embeddings_wrong_arguments[&lt;lambda&gt;37]" time="0.0005283355712890625"><skipped message="Suite splitting in effect" type="pytest.skip">src/pymortests/affine_grid.py:44: &lt;py._xmlgen.raw object at 0x7f1e04d2d550&gt;</skipped></testcase><testcase classname="src.pymortests.affine_grid" file="src/pymortests/affine_grid.py" line="44" name="test_embeddings_wrong_arguments[&lt;lambda&gt;38]" time="0.0005176067352294922"><skipped message="Suite splitting in effect" type="pytest.skip">src/pymortests/affine_grid.py:44: &lt;py._xmlgen.raw object at 0x7f1e04cea7f0&gt;</skipped></testcase><testcase classname="src.pymortests.affine_grid" file="src/pymortests/affine_grid.py" line="44" name="test_embeddings_wrong_arguments[&lt;lambda&gt;39]" time="0.0005481243133544922"><skipped message="Suite splitting in effect" type="pytest.skip">src/pymortests/affine_grid.py:44: &lt;py._xmlgen.raw object at 0x7f1e04cea198&gt;</skipped></testcase><testcase classname="src.pymortests.affine_grid" file="src/pymortests/affine_grid.py" line="44" name="test_embeddings_wrong_arguments[&lt;lambda&gt;40]" time="0.0011022090911865234"><skipped message="Suite splitting in effect" type="pytest.skip">src/pymortests/affine_grid.py:44: &lt;py._xmlgen.raw object at 0x7f1e04cfd160&gt;</skipped></testcase><testcase classname="src.pymortests.affine_grid" file="src/pymortests/affine_grid.py" line="44" name="test_embeddings_wrong_arguments[&lt;lambda&gt;41]" time="0.0005285739898681641"><skipped message="Suite splitting in effect" type="pytest.skip">src/pymortests/affine_grid.py:44: &lt;py._xmlgen.raw object at 0x7f1e140ef160&gt;</skipped></testcase><testcase classname="src.pymortests.affine_grid" file="src/pymortests/affine_grid.py" line="44" name="test_embeddings_wrong_arguments[&lt;lambda&gt;42]" time="0.0004799365997314453"><skipped message="Suite splitting in effect" type="pytest.skip">src/pymortests/affine_grid.py:44: &lt;py._xmlgen.raw object at 0x7f1e19890940&gt;</skipped></testcase><testcase classname="src.pymortests.affine_grid" file="src/pymortests/affine_grid.py" line="52" name="test_embeddings_shape[&lt;lambda&gt;0]" time="0.0004563331604003906"><skipped message="Suite splitting in effect" type="pytest.skip">src/pymortests/affine_grid.py:52: &lt;py._xmlgen.raw object at 0x7f1e04ceae80&gt;</skipped></testcase><testcase classname="src.pymortests.affine_grid" file="src/pymortests/affine_grid.py" line="52" name="test_embeddings_shape[&lt;lambda&gt;1]" time="0.0004820823669433594"><skipped message="Suite splitting in effect" type="pytest.skip">src/pymortests/affine_grid.py:52: &lt;py._xmlgen.raw object at 0x7f1e04cea7b8&gt;</skipped></testcase><testcase classname="src.pymortests.affine_grid" file="src/pymortests/affine_grid.py" line="52" name="test_embeddings_shape[&lt;lambda&gt;2]" time="0.0005164146423339844"><skipped message="Suite splitting in effect" type="pytest.skip">src/pymortests/affine_grid.py:52: &lt;py._xmlgen.raw object at 0x7f1e04d65a58&gt;</skipped></testcase><testcase classname="src.pymortests.affine_grid" file="src/pymortests/affine_grid.py" line="52" name="test_embeddings_shape[&lt;lambda&gt;3]" time="0.0005130767822265625"><skipped message="Suite splitting in effect" type="pytest.skip">src/pymortests/affine_grid.py:52: &lt;py._xmlgen.raw object at 0x7f1e04d65eb8&gt;</skipped></testcase><testcase classname="src.pymortests.affine_grid" file="src/pymortests/affine_grid.py" line="52" name="test_embeddings_shape[&lt;lambda&gt;4]" time="0.0005106925964355469"><skipped message="Suite splitting in effect" type="pytest.skip">src/pymortests/affine_grid.py:52: &lt;py._xmlgen.raw object at 0x7f1e04d5ed68&gt;</skipped></testcase><testcase classname="src.pymortests.affine_grid" file="src/pymortests/affine_grid.py" line="52" name="test_embeddings_shape[&lt;lambda&gt;5]" time="0.0005464553833007812"><skipped message="Suite splitting in effect" type="pytest.skip">src/pymortests/affine_grid.py:52: &lt;py._xmlgen.raw object at 0x7f1e19802ba8&gt;</skipped></testcase><testcase classname="src.pymortests.affine_grid" file="src/pymortests/affine_grid.py" line="52" name="test_embeddings_shape[&lt;lambda&gt;6]" time="0.0007948875427246094"><skipped message="Suite splitting in effect" type="pytest.skip">src/pymortests/affine_grid.py:52: &lt;py._xmlgen.raw object at 0x7f1e04d5ec50&gt;</skipped></testcase><testcase classname="src.pymortests.affine_grid" file="src/pymortests/affine_grid.py" line="52" name="test_embeddings_shape[&lt;lambda&gt;7]" time="0.0005199909210205078"><skipped message="Suite splitting in effect" type="pytest.skip">src/pymortests/affine_grid.py:52: &lt;py._xmlgen.raw object at 0x7f1e04d65cf8&gt;</skipped></testcase><testcase classname="src.pymortests.affine_grid" file="src/pymortests/affine_grid.py" line="52" name="test_embeddings_shape[&lt;lambda&gt;8]" time="0.0004911422729492188"><skipped message="Suite splitting in effect" type="pytest.skip">src/pymortests/affine_grid.py:52: &lt;py._xmlgen.raw object at 0x7f1e04cea6d8&gt;</skipped></testcase><testcase classname="src.pymortests.affine_grid" file="src/pymortests/affine_grid.py" line="52" name="test_embeddings_shape[&lt;lambda&gt;9]" time="0.0004553794860839844"><skipped message="Suite splitting in effect" type="pytest.skip">src/pymortests/affine_grid.py:52: &lt;py._xmlgen.raw object at 0x7f1e04cea2e8&gt;</skipped></testcase><testcase classname="src.pymortests.affine_grid" file="src/pymortests/affine_grid.py" line="52" name="test_embeddings_shape[&lt;lambda&gt;10]" time="0.0004839897155761719"><skipped message="Suite splitting in effect" type="pytest.skip">src/pymortests/affine_grid.py:52: &lt;py._xmlgen.raw object at 0x7f1e198909e8&gt;</skipped></testcase><testcase classname="src.pymortests.affine_grid" file="src/pymortests/affine_grid.py" line="52" name="test_embeddings_shape[&lt;lambda&gt;11]" time="0.0005309581756591797"><skipped message="Suite splitting in effect" type="pytest.skip">src/pymortests/affine_grid.py:52: &lt;py._xmlgen.raw object at 0x7f1e04d3f160&gt;</skipped></testcase><testcase classname="src.pymortests.affine_grid" file="src/pymortests/affine_grid.py" line="52" name="test_embeddings_shape[&lt;lambda&gt;12]" time="0.0004622936248779297"><skipped message="Suite splitting in effect" type="pytest.skip">src/pymortests/affine_grid.py:52: &lt;py._xmlgen.raw object at 0x7f1e04d4b128&gt;</skipped></testcase><testcase classname="src.pymortests.affine_grid" file="src/pymortests/affine_grid.py" line="52" name="test_embeddings_shape[&lt;lambda&gt;13]" time="0.0004477500915527344"><skipped message="Suite splitting in effect" type="pytest.skip">src/pymortests/affine_grid.py:52: &lt;py._xmlgen.raw object at 0x7f1e04d2d198&gt;</skipped></testcase><testcase classname="src.pymortests.affine_grid" file="src/pymortests/affine_grid.py" line="52" name="test_embeddings_shape[&lt;lambda&gt;14]" time="0.0008528232574462891"><skipped message="Suite splitting in effect" type="pytest.skip">src/pymortests/affine_grid.py:52: &lt;py._xmlgen.raw object at 0x7f1e04d2da20&gt;</skipped></testcase><testcase classname="src.pymortests.affine_grid" file="src/pymortests/affine_grid.py" line="52" name="test_embeddings_shape[&lt;lambda&gt;15]" time="0.0005025863647460938"><skipped message="Suite splitting in effect" type="pytest.skip">src/pymortests/affine_grid.py:52: &lt;py._xmlgen.raw object at 0x7f1e140ef5f8&gt;</skipped></testcase><testcase classname="src.pymortests.affine_grid" file="src/pymortests/affine_grid.py" line="52" name="test_embeddings_shape[&lt;lambda&gt;16]" time="0.000492095947265625"><skipped message="Suite splitting in effect" type="pytest.skip">src/pymortests/affine_grid.py:52: &lt;py._xmlgen.raw object at 0x7f1e141142b0&gt;</skipped></testcase><testcase classname="src.pymortests.affine_grid" file="src/pymortests/affine_grid.py" line="52" name="test_embeddings_shape[&lt;lambda&gt;17]" time="0.0005631446838378906"><skipped message="Suite splitting in effect" type="pytest.skip">src/pymortests/affine_grid.py:52: &lt;py._xmlgen.raw object at 0x7f1e04ceaef0&gt;</skipped></testcase><testcase classname="src.pymortests.affine_grid" file="src/pymortests/affine_grid.py" line="52" name="test_embeddings_shape[&lt;lambda&gt;18]" time="0.0004639625549316406"><skipped message="Suite splitting in effect" type="pytest.skip">src/pymortests/affine_grid.py:52: &lt;py._xmlgen.raw object at 0x7f1e04ceabe0&gt;</skipped></testcase><testcase classname="src.pymortests.affine_grid" file="src/pymortests/affine_grid.py" line="52" name="test_embeddings_shape[&lt;lambda&gt;19]" time="0.0004985332489013672"><skipped message="Suite splitting in effect" type="pytest.skip">src/pymortests/affine_grid.py:52: &lt;py._xmlgen.raw object at 0x7f1e04d65a90&gt;</skipped></testcase><testcase classname="src.pymortests.affine_grid" file="src/pymortests/affine_grid.py" line="52" name="test_embeddings_shape[&lt;lambda&gt;20]" time="0.0005633831024169922"><skipped message="Suite splitting in effect" type="pytest.skip">src/pymortests/affine_grid.py:52: &lt;py._xmlgen.raw object at 0x7f1e04d5e5f8&gt;</skipped></testcase><testcase classname="src.pymortests.affine_grid" file="src/pymortests/affine_grid.py" line="52" name="test_embeddings_shape[&lt;lambda&gt;21]" time="0.0004382133483886719"><skipped message="Suite splitting in effect" type="pytest.skip">src/pymortests/affine_grid.py:52: &lt;py._xmlgen.raw object at 0x7f1e04cfd668&gt;</skipped></testcase><testcase classname="src.pymortests.affine_grid" file="src/pymortests/affine_grid.py" line="52" name="test_embeddings_shape[&lt;lambda&gt;22]" time="0.0011713504791259766"><skipped message="Suite splitting in effect" type="pytest.skip">src/pymortests/affine_grid.py:52: &lt;py._xmlgen.raw object at 0x7f1e04cfdba8&gt;</skipped></testcase><testcase classname="src.pymortests.affine_grid" file="src/pymortests/affine_grid.py" line="52" name="test_embeddings_shape[&lt;lambda&gt;23]" time="0.00045037269592285156"><skipped message="Suite splitting in effect" type="pytest.skip">src/pymortests/affine_grid.py:52: &lt;py._xmlgen.raw object at 0x7f1e04d65d68&gt;</skipped></testcase><testcase classname="src.pymortests.affine_grid" file="src/pymortests/affine_grid.py" line="52" name="test_embeddings_shape[&lt;lambda&gt;24]" time="0.0006473064422607422"><skipped message="Suite splitting in effect" type="pytest.skip">src/pymortests/affine_grid.py:52: &lt;py._xmlgen.raw object at 0x7f1e04ceae10&gt;</skipped></testcase><testcase classname="src.pymortests.affine_grid" file="src/pymortests/affine_grid.py" line="52" name="test_embeddings_shape[&lt;lambda&gt;25]" time="0.0004935264587402344"><skipped message="Suite splitting in effect" type="pytest.skip">src/pymortests/affine_grid.py:52: &lt;py._xmlgen.raw object at 0x7f1e04ceac88&gt;</skipped></testcase><testcase classname="src.pymortests.affine_grid" file="src/pymortests/affine_grid.py" line="52" name="test_embeddings_shape[&lt;lambda&gt;26]" time="0.0004858970642089844"><skipped message="Suite splitting in effect" type="pytest.skip">src/pymortests/affine_grid.py:52: &lt;py._xmlgen.raw object at 0x7f1e1986cf60&gt;</skipped></testcase><testcase classname="src.pymortests.affine_grid" file="src/pymortests/affine_grid.py" line="52" name="test_embeddings_shape[&lt;lambda&gt;27]" time="0.000518798828125"><skipped message="Suite splitting in effect" type="pytest.skip">src/pymortests/affine_grid.py:52: &lt;py._xmlgen.raw object at 0x7f1e04d7c668&gt;</skipped></testcase><testcase classname="src.pymortests.affine_grid" file="src/pymortests/affine_grid.py" line="52" name="test_embeddings_shape[&lt;lambda&gt;28]" time="0.0004982948303222656"><skipped message="Suite splitting in effect" type="pytest.skip">src/pymortests/affine_grid.py:52: &lt;py._xmlgen.raw object at 0x7f1e04cfd908&gt;</skipped></testcase><testcase classname="src.pymortests.affine_grid" file="src/pymortests/affine_grid.py" line="52" name="test_embeddings_shape[&lt;lambda&gt;29]" time="0.0005061626434326172"><skipped message="Suite splitting in effect" type="pytest.skip">src/pymortests/affine_grid.py:52: &lt;py._xmlgen.raw object at 0x7f1e04cfd278&gt;</skipped></testcase><testcase classname="src.pymortests.affine_grid" file="src/pymortests/affine_grid.py" line="52" name="test_embeddings_shape[&lt;lambda&gt;30]" time="0.0007996559143066406"><skipped message="Suite splitting in effect" type="pytest.skip">src/pymortests/affine_grid.py:52: &lt;py._xmlgen.raw object at 0x7f1e04d0a128&gt;</skipped></testcase><testcase classname="src.pymortests.affine_grid" file="src/pymortests/affine_grid.py" line="52" name="test_embeddings_shape[&lt;lambda&gt;31]" time="0.0005483627319335938"><skipped message="Suite splitting in effect" type="pytest.skip">src/pymortests/affine_grid.py:52: &lt;py._xmlgen.raw object at 0x7f1e04cfd278&gt;</skipped></testcase><testcase classname="src.pymortests.affine_grid" file="src/pymortests/affine_grid.py" line="52" name="test_embeddings_shape[&lt;lambda&gt;32]" time="0.0005016326904296875"><skipped message="Suite splitting in effect" type="pytest.skip">src/pymortests/affine_grid.py:52: &lt;py._xmlgen.raw object at 0x7f1e04d7ce80&gt;</skipped></testcase><testcase classname="src.pymortests.affine_grid" file="src/pymortests/affine_grid.py" line="52" name="test_embeddings_shape[&lt;lambda&gt;33]" time="0.000453948974609375"><skipped message="Suite splitting in effect" type="pytest.skip">src/pymortests/affine_grid.py:52: &lt;py._xmlgen.raw object at 0x7f1e1986ccc0&gt;</skipped></testcase><testcase classname="src.pymortests.affine_grid" file="src/pymortests/affine_grid.py" line="52" name="test_embeddings_shape[&lt;lambda&gt;34]" time="0.0004391670227050781"><skipped message="Suite splitting in effect" type="pytest.skip">src/pymortests/affine_grid.py:52: &lt;py._xmlgen.raw object at 0x7f1e14114400&gt;</skipped></testcase><testcase classname="src.pymortests.affine_grid" file="src/pymortests/affine_grid.py" line="52" name="test_embeddings_shape[&lt;lambda&gt;35]" time="0.00045800209045410156"><skipped message="Suite splitting in effect" type="pytest.skip">src/pymortests/affine_grid.py:52: &lt;py._xmlgen.raw object at 0x7f1e04cea6a0&gt;</skipped></testcase><testcase classname="src.pymortests.affine_grid" file="src/pymortests/affine_grid.py" line="52" name="test_embeddings_shape[&lt;lambda&gt;36]" time="0.0004901885986328125"><skipped message="Suite splitting in effect" type="pytest.skip">src/pymortests/affine_grid.py:52: &lt;py._xmlgen.raw object at 0x7f1e04d65160&gt;</skipped></testcase><testcase classname="src.pymortests.affine_grid" file="src/pymortests/affine_grid.py" line="52" name="test_embeddings_shape[&lt;lambda&gt;37]" time="0.0004982948303222656"><skipped message="Suite splitting in effect" type="pytest.skip">src/pymortests/affine_grid.py:52: &lt;py._xmlgen.raw object at 0x7f1e04d0a278&gt;</skipped></testcase><testcase classname="src.pymortests.affine_grid" file="src/pymortests/affine_grid.py" line="52" name="test_embeddings_shape[&lt;lambda&gt;38]" time="0.0008046627044677734"><skipped message="Suite splitting in effect" type="pytest.skip">src/pymortests/affine_grid.py:52: &lt;py._xmlgen.raw object at 0x7f1e04d0a748&gt;</skipped></testcase><testcase classname="src.pymortests.affine_grid" file="src/pymortests/affine_grid.py" line="52" name="test_embeddings_shape[&lt;lambda&gt;39]" time="0.0005116462707519531"><skipped message="Suite splitting in effect" type="pytest.skip">src/pymortests/affine_grid.py:52: &lt;py._xmlgen.raw object at 0x7f1e04d65320&gt;</skipped></testcase><testcase classname="src.pymortests.affine_grid" file="src/pymortests/affine_grid.py" line="52" name="test_embeddings_shape[&lt;lambda&gt;40]" time="0.0004851818084716797"><skipped message="Suite splitting in effect" type="pytest.skip">src/pymortests/affine_grid.py:52: &lt;py._xmlgen.raw object at 0x7f1e04cea7f0&gt;</skipped></testcase><testcase classname="src.pymortests.affine_grid" file="src/pymortests/affine_grid.py" line="52" name="test_embeddings_shape[&lt;lambda&gt;41]" time="0.00048613548278808594"><skipped message="Suite splitting in effect" type="pytest.skip">src/pymortests/affine_grid.py:52: &lt;py._xmlgen.raw object at 0x7f1e141244a8&gt;</skipped></testcase><testcase classname="src.pymortests.affine_grid" file="src/pymortests/affine_grid.py" line="52" name="test_embeddings_shape[&lt;lambda&gt;42]" time="0.0005106925964355469"><skipped message="Suite splitting in effect" type="pytest.skip">src/pymortests/affine_grid.py:52: &lt;py._xmlgen.raw object at 0x7f1e1986ccc0&gt;</skipped></testcase><testcase classname="src.pymortests.affine_grid" file="src/pymortests/affine_grid.py" line="62" name="test_embeddings_transitivity[&lt;lambda&gt;0]" time="0.00044989585876464844"><skipped message="Suite splitting in effect" type="pytest.skip">src/pymortests/affine_grid.py:62: &lt;py._xmlgen.raw object at 0x7f1e04cfd860&gt;</skipped></testcase><testcase classname="src.pymortests.affine_grid" file="src/pymortests/affine_grid.py" line="62" name="test_embeddings_transitivity[&lt;lambda&gt;1]" time="0.0005304813385009766"><skipped message="Suite splitting in effect" type="pytest.skip">src/pymortests/affine_grid.py:62: &lt;py._xmlgen.raw object at 0x7f1e19814b70&gt;</skipped></testcase><testcase classname="src.pymortests.affine_grid" file="src/pymortests/affine_grid.py" line="62" name="test_embeddings_transitivity[&lt;lambda&gt;2]" time="0.0004949569702148438"><skipped message="Suite splitting in effect" type="pytest.skip">src/pymortests/affine_grid.py:62: &lt;py._xmlgen.raw object at 0x7f1e04d0a240&gt;</skipped></testcase><testcase classname="src.pymortests.affine_grid" file="src/pymortests/affine_grid.py" line="62" name="test_embeddings_transitivity[&lt;lambda&gt;3]" time="0.000797271728515625"><skipped message="Suite splitting in effect" type="pytest.skip">src/pymortests/affine_grid.py:62: &lt;py._xmlgen.raw object at 0x7f1e04d0ad68&gt;</skipped></testcase><testcase classname="src.pymortests.affine_grid" file="src/pymortests/affine_grid.py" line="62" name="test_embeddings_transitivity[&lt;lambda&gt;4]" time="0.0004603862762451172"><skipped message="Suite splitting in effect" type="pytest.skip">src/pymortests/affine_grid.py:62: &lt;py._xmlgen.raw object at 0x7f1e04cfd860&gt;</skipped></testcase><testcase classname="src.pymortests.affine_grid" file="src/pymortests/affine_grid.py" line="62" name="test_embeddings_transitivity[&lt;lambda&gt;5]" time="0.0004405975341796875"><skipped message="Suite splitting in effect" type="pytest.skip">src/pymortests/affine_grid.py:62: &lt;py._xmlgen.raw object at 0x7f1e198c4780&gt;</skipped></testcase><testcase classname="src.pymortests.affine_grid" file="src/pymortests/affine_grid.py" line="62" name="test_embeddings_transitivity[&lt;lambda&gt;6]" time="0.0004413127899169922"><skipped message="Suite splitting in effect" type="pytest.skip">src/pymortests/affine_grid.py:62: &lt;py._xmlgen.raw object at 0x7f1e14114358&gt;</skipped></testcase><testcase classname="src.pymortests.affine_grid" file="src/pymortests/affine_grid.py" line="62" name="test_embeddings_transitivity[&lt;lambda&gt;7]" time="0.00047659873962402344"><skipped message="Suite splitting in effect" type="pytest.skip">src/pymortests/affine_grid.py:62: &lt;py._xmlgen.raw object at 0x7f1e04cea2e8&gt;</skipped></testcase><testcase classname="src.pymortests.affine_grid" file="src/pymortests/affine_grid.py" line="62" name="test_embeddings_transitivity[&lt;lambda&gt;8]" time="0.0006077289581298828"><skipped message="Suite splitting in effect" type="pytest.skip">src/pymortests/affine_grid.py:62: &lt;py._xmlgen.raw object at 0x7f1e04d65390&gt;</skipped></testcase><testcase classname="src.pymortests.affine_grid" file="src/pymortests/affine_grid.py" line="62" name="test_embeddings_transitivity[&lt;lambda&gt;9]" time="0.00046539306640625"><skipped message="Suite splitting in effect" type="pytest.skip">src/pymortests/affine_grid.py:62: &lt;py._xmlgen.raw object at 0x7f1e04d0a278&gt;</skipped></testcase><testcase classname="src.pymortests.affine_grid" file="src/pymortests/affine_grid.py" line="62" name="test_embeddings_transitivity[&lt;lambda&gt;10]" time="0.0005230903625488281"><skipped message="Suite splitting in effect" type="pytest.skip">src/pymortests/affine_grid.py:62: &lt;py._xmlgen.raw object at 0x7f1e04d0a5f8&gt;</skipped></testcase><testcase classname="src.pymortests.affine_grid" file="src/pymortests/affine_grid.py" line="62" name="test_embeddings_transitivity[&lt;lambda&gt;11]" time="0.0008418560028076172"><skipped message="Suite splitting in effect" type="pytest.skip">src/pymortests/affine_grid.py:62: &lt;py._xmlgen.raw object at 0x7f1e04d163c8&gt;</skipped></testcase><testcase classname="src.pymortests.affine_grid" file="src/pymortests/affine_grid.py" line="62" name="test_embeddings_transitivity[&lt;lambda&gt;12]" time="0.00045490264892578125"><skipped message="Suite splitting in effect" type="pytest.skip">src/pymortests/affine_grid.py:62: &lt;py._xmlgen.raw object at 0x7f1e04d0a4a8&gt;</skipped></testcase><testcase classname="src.pymortests.affine_grid" file="src/pymortests/affine_grid.py" line="62" name="test_embeddings_transitivity[&lt;lambda&gt;13]" time="0.000476837158203125"><skipped message="Suite splitting in effect" type="pytest.skip">src/pymortests/affine_grid.py:62: &lt;py._xmlgen.raw object at 0x7f1e198905f8&gt;</skipped></testcase><testcase classname="src.pymortests.affine_grid" file="src/pymortests/affine_grid.py" line="62" name="test_embeddings_transitivity[&lt;lambda&gt;14]" time="0.0004935264587402344"><skipped message="Suite splitting in effect" type="pytest.skip">src/pymortests/affine_grid.py:62: &lt;py._xmlgen.raw object at 0x7f1e140efbe0&gt;</skipped></testcase><testcase classname="src.pymortests.affine_grid" file="src/pymortests/affine_grid.py" line="62" name="test_embeddings_transitivity[&lt;lambda&gt;15]" time="0.0004887580871582031"><skipped message="Suite splitting in effect" type="pytest.skip">src/pymortests/affine_grid.py:62: &lt;py._xmlgen.raw object at 0x7f1e14114400&gt;</skipped></testcase><testcase classname="src.pymortests.affine_grid" file="src/pymortests/affine_grid.py" line="62" name="test_embeddings_transitivity[&lt;lambda&gt;16]" time="0.0006268024444580078"><skipped message="Suite splitting in effect" type="pytest.skip">src/pymortests/affine_grid.py:62: &lt;py._xmlgen.raw object at 0x7f1e04cfda58&gt;</skipped></testcase><testcase classname="src.pymortests.affine_grid" file="src/pymortests/affine_grid.py" line="62" name="test_embeddings_transitivity[&lt;lambda&gt;17]" time="0.00043964385986328125"><skipped message="Suite splitting in effect" type="pytest.skip">src/pymortests/affine_grid.py:62: &lt;py._xmlgen.raw object at 0x7f1e140b8940&gt;</skipped></testcase><testcase classname="src.pymortests.affine_grid" file="src/pymortests/affine_grid.py" line="62" name="test_embeddings_transitivity[&lt;lambda&gt;18]" time="0.00048089027404785156"><skipped message="Suite splitting in effect" type="pytest.skip">src/pymortests/affine_grid.py:62: &lt;py._xmlgen.raw object at 0x7f1e04d16240&gt;</skipped></testcase><testcase classname="src.pymortests.affine_grid" file="src/pymortests/affine_grid.py" line="62" name="test_embeddings_transitivity[&lt;lambda&gt;19]" time="0.0008754730224609375"><skipped message="Suite splitting in effect" type="pytest.skip">src/pymortests/affine_grid.py:62: &lt;py._xmlgen.raw object at 0x7f1e04d169e8&gt;</skipped></testcase><testcase classname="src.pymortests.affine_grid" file="src/pymortests/affine_grid.py" line="62" name="test_embeddings_transitivity[&lt;lambda&gt;20]" time="0.00046825408935546875"><skipped message="Suite splitting in effect" type="pytest.skip">src/pymortests/affine_grid.py:62: &lt;py._xmlgen.raw object at 0x7f1e04cfda90&gt;</skipped></testcase><testcase classname="src.pymortests.affine_grid" file="src/pymortests/affine_grid.py" line="62" name="test_embeddings_transitivity[&lt;lambda&gt;21]" time="0.0005137920379638672"><skipped message="Suite splitting in effect" type="pytest.skip">src/pymortests/affine_grid.py:62: &lt;py._xmlgen.raw object at 0x7f1e04d4ba90&gt;</skipped></testcase><testcase classname="src.pymortests.affine_grid" file="src/pymortests/affine_grid.py" line="62" name="test_embeddings_transitivity[&lt;lambda&gt;22]" time="0.0004858970642089844"><skipped message="Suite splitting in effect" type="pytest.skip">src/pymortests/affine_grid.py:62: &lt;py._xmlgen.raw object at 0x7f1e14124358&gt;</skipped></testcase><testcase classname="src.pymortests.affine_grid" file="src/pymortests/affine_grid.py" line="62" name="test_embeddings_transitivity[&lt;lambda&gt;23]" time="0.000457763671875"><skipped message="Suite splitting in effect" type="pytest.skip">src/pymortests/affine_grid.py:62: &lt;py._xmlgen.raw object at 0x7f1e04d65d68&gt;</skipped></testcase><testcase classname="src.pymortests.affine_grid" file="src/pymortests/affine_grid.py" line="62" name="test_embeddings_transitivity[&lt;lambda&gt;24]" time="0.0004379749298095703"><skipped message="Suite splitting in effect" type="pytest.skip">src/pymortests/affine_grid.py:62: &lt;py._xmlgen.raw object at 0x7f1e04d0a518&gt;</skipped></testcase><testcase classname="src.pymortests.affine_grid" file="src/pymortests/affine_grid.py" line="62" name="test_embeddings_transitivity[&lt;lambda&gt;25]" time="0.00043654441833496094"><skipped message="Suite splitting in effect" type="pytest.skip">src/pymortests/affine_grid.py:62: &lt;py._xmlgen.raw object at 0x7f1e04d16b38&gt;</skipped></testcase><testcase classname="src.pymortests.affine_grid" file="src/pymortests/affine_grid.py" line="62" name="test_embeddings_transitivity[&lt;lambda&gt;26]" time="0.0004754066467285156"><skipped message="Suite splitting in effect" type="pytest.skip">src/pymortests/affine_grid.py:62: &lt;py._xmlgen.raw object at 0x7f1e04d160b8&gt;</skipped></testcase><testcase classname="src.pymortests.affine_grid" file="src/pymortests/affine_grid.py" line="62" name="test_embeddings_transitivity[&lt;lambda&gt;27]" time="0.0007200241088867188"><skipped message="Suite splitting in effect" type="pytest.skip">src/pymortests/affine_grid.py:62: &lt;py._xmlgen.raw object at 0x7f1e04d20048&gt;</skipped></testcase><testcase classname="src.pymortests.affine_grid" file="src/pymortests/affine_grid.py" line="62" name="test_embeddings_transitivity[&lt;lambda&gt;28]" time="0.0004367828369140625"><skipped message="Suite splitting in effect" type="pytest.skip">src/pymortests/affine_grid.py:62: &lt;py._xmlgen.raw object at 0x7f1e04d16860&gt;</skipped></testcase><testcase classname="src.pymortests.affine_grid" file="src/pymortests/affine_grid.py" line="62" name="test_embeddings_transitivity[&lt;lambda&gt;29]" time="0.0005266666412353516"><skipped message="Suite splitting in effect" type="pytest.skip">src/pymortests/affine_grid.py:62: &lt;py._xmlgen.raw object at 0x7f1e04d0ab70&gt;</skipped></testcase><testcase classname="src.pymortests.affine_grid" file="src/pymortests/affine_grid.py" line="62" name="test_embeddings_transitivity[&lt;lambda&gt;30]" time="0.0004756450653076172"><skipped message="Suite splitting in effect" type="pytest.skip">src/pymortests/affine_grid.py:62: &lt;py._xmlgen.raw object at 0x7f1e19890be0&gt;</skipped></testcase><testcase classname="src.pymortests.affine_grid" file="src/pymortests/affine_grid.py" line="62" name="test_embeddings_transitivity[&lt;lambda&gt;31]" time="0.00048089027404785156"><skipped message="Suite splitting in effect" type="pytest.skip">src/pymortests/affine_grid.py:62: &lt;py._xmlgen.raw object at 0x7f1e14124358&gt;</skipped></testcase><testcase classname="src.pymortests.affine_grid" file="src/pymortests/affine_grid.py" line="62" name="test_embeddings_transitivity[&lt;lambda&gt;32]" time="0.0004913806915283203"><skipped message="Suite splitting in effect" type="pytest.skip">src/pymortests/affine_grid.py:62: &lt;py._xmlgen.raw object at 0x7f1e14114358&gt;</skipped></testcase><testcase classname="src.pymortests.affine_grid" file="src/pymortests/affine_grid.py" line="62" name="test_embeddings_transitivity[&lt;lambda&gt;33]" time="0.0004982948303222656"><skipped message="Suite splitting in effect" type="pytest.skip">src/pymortests/affine_grid.py:62: &lt;py._xmlgen.raw object at 0x7f1e04d7c668&gt;</skipped></testcase><testcase classname="src.pymortests.affine_grid" file="src/pymortests/affine_grid.py" line="62" name="test_embeddings_transitivity[&lt;lambda&gt;34]" time="0.0005366802215576172"><skipped message="Suite splitting in effect" type="pytest.skip">src/pymortests/affine_grid.py:62: &lt;py._xmlgen.raw object at 0x7f1e04d20160&gt;</skipped></testcase><testcase classname="src.pymortests.affine_grid" file="src/pymortests/affine_grid.py" line="62" name="test_embeddings_transitivity[&lt;lambda&gt;35]" time="0.0007967948913574219"><skipped message="Suite splitting in effect" type="pytest.skip">src/pymortests/affine_grid.py:62: &lt;py._xmlgen.raw object at 0x7f1e04d20668&gt;</skipped></testcase><testcase classname="src.pymortests.affine_grid" file="src/pymortests/affine_grid.py" line="62" name="test_embeddings_transitivity[&lt;lambda&gt;36]" time="0.0005478858947753906"><skipped message="Suite splitting in effect" type="pytest.skip">src/pymortests/affine_grid.py:62: &lt;py._xmlgen.raw object at 0x7f1e04cfd320&gt;</skipped></testcase><testcase classname="src.pymortests.affine_grid" file="src/pymortests/affine_grid.py" line="62" name="test_embeddings_transitivity[&lt;lambda&gt;37]" time="0.0004968643188476562"><skipped message="Suite splitting in effect" type="pytest.skip">src/pymortests/affine_grid.py:62: &lt;py._xmlgen.raw object at 0x7f1e141146a0&gt;</skipped></testcase><testcase classname="src.pymortests.affine_grid" file="src/pymortests/affine_grid.py" line="62" name="test_embeddings_transitivity[&lt;lambda&gt;38]" time="0.0005221366882324219"><skipped message="Suite splitting in effect" type="pytest.skip">src/pymortests/affine_grid.py:62: &lt;py._xmlgen.raw object at 0x7f1e04cea4e0&gt;</skipped></testcase><testcase classname="src.pymortests.affine_grid" file="src/pymortests/affine_grid.py" line="62" name="test_embeddings_transitivity[&lt;lambda&gt;39]" time="0.0004839897155761719"><skipped message="Suite splitting in effect" type="pytest.skip">src/pymortests/affine_grid.py:62: &lt;py._xmlgen.raw object at 0x7f1e04d0ae80&gt;</skipped></testcase><testcase classname="src.pymortests.affine_grid" file="src/pymortests/affine_grid.py" line="62" name="test_embeddings_transitivity[&lt;lambda&gt;40]" time="0.00046539306640625"><skipped message="Suite splitting in effect" type="pytest.skip">src/pymortests/affine_grid.py:62: &lt;py._xmlgen.raw object at 0x7f1e04d165c0&gt;</skipped></testcase><testcase classname="src.pymortests.affine_grid" file="src/pymortests/affine_grid.py" line="62" name="test_embeddings_transitivity[&lt;lambda&gt;41]" time="0.0005123615264892578"><skipped message="Suite splitting in effect" type="pytest.skip">src/pymortests/affine_grid.py:62: &lt;py._xmlgen.raw object at 0x7f1e04d16ba8&gt;</skipped></testcase><testcase classname="src.pymortests.affine_grid" file="src/pymortests/affine_grid.py" line="62" name="test_embeddings_transitivity[&lt;lambda&gt;42]" time="0.0004544258117675781"><skipped message="Suite splitting in effect" type="pytest.skip">src/pymortests/affine_grid.py:62: &lt;py._xmlgen.raw object at 0x7f1e04d202e8&gt;</skipped></testcase><testcase classname="src.pymortests.affine_grid" file="src/pymortests/affine_grid.py" line="75" name="test_jacobian_inverse_transposed_wrong_arguments[&lt;lambda&gt;0]" time="0.0007793903350830078"><skipped message="Suite splitting in effect" type="pytest.skip">src/pymortests/affine_grid.py:75: &lt;py._xmlgen.raw object at 0x7f1e04d20c88&gt;</skipped></testcase><testcase classname="src.pymortests.affine_grid" file="src/pymortests/affine_grid.py" line="75" name="test_jacobian_inverse_transposed_wrong_arguments[&lt;lambda&gt;1]" time="0.0005679130554199219"><skipped message="Suite splitting in effect" type="pytest.skip">src/pymortests/affine_grid.py:75: &lt;py._xmlgen.raw object at 0x7f1e04d16d30&gt;</skipped></testcase><testcase classname="src.pymortests.affine_grid" file="src/pymortests/affine_grid.py" line="75" name="test_jacobian_inverse_transposed_wrong_arguments[&lt;lambda&gt;2]" time="0.0005156993865966797"><skipped message="Suite splitting in effect" type="pytest.skip">src/pymortests/affine_grid.py:75: &lt;py._xmlgen.raw object at 0x7f1e04d0a2e8&gt;</skipped></testcase><testcase classname="src.pymortests.affine_grid" file="src/pymortests/affine_grid.py" line="75" name="test_jacobian_inverse_transposed_wrong_arguments[&lt;lambda&gt;3]" time="0.0005745887756347656"><skipped message="Suite splitting in effect" type="pytest.skip">src/pymortests/affine_grid.py:75: &lt;py._xmlgen.raw object at 0x7f1e04cea6a0&gt;</skipped></testcase><testcase classname="src.pymortests.affine_grid" file="src/pymortests/affine_grid.py" line="75" name="test_jacobian_inverse_transposed_wrong_arguments[&lt;lambda&gt;4]" time="0.0005006790161132812"><skipped message="Suite splitting in effect" type="pytest.skip">src/pymortests/affine_grid.py:75: &lt;py._xmlgen.raw object at 0x7f1e140ca7f0&gt;</skipped></testcase><testcase classname="src.pymortests.affine_grid" file="src/pymortests/affine_grid.py" line="75" name="test_jacobian_inverse_transposed_wrong_arguments[&lt;lambda&gt;5]" time="0.0004673004150390625"><skipped message="Suite splitting in effect" type="pytest.skip">src/pymortests/affine_grid.py:75: &lt;py._xmlgen.raw object at 0x7f1e19814b70&gt;</skipped></testcase><testcase classname="src.pymortests.affine_grid" file="src/pymortests/affine_grid.py" line="75" name="test_jacobian_inverse_transposed_wrong_arguments[&lt;lambda&gt;6]" time="0.0004928112030029297"><skipped message="Suite splitting in effect" type="pytest.skip">src/pymortests/affine_grid.py:75: &lt;py._xmlgen.raw object at 0x7f1e04d20198&gt;</skipped></testcase><testcase classname="src.pymortests.affine_grid" file="src/pymortests/affine_grid.py" line="75" name="test_jacobian_inverse_transposed_wrong_arguments[&lt;lambda&gt;7]" time="0.0005049705505371094"><skipped message="Suite splitting in effect" type="pytest.skip">src/pymortests/affine_grid.py:75: &lt;py._xmlgen.raw object at 0x7f1e04d204e0&gt;</skipped></testcase><testcase classname="src.pymortests.affine_grid" file="src/pymortests/affine_grid.py" line="75" name="test_jacobian_inverse_transposed_wrong_arguments[&lt;lambda&gt;8]" time="0.00104522705078125"><skipped message="Suite splitting in effect" type="pytest.skip">src/pymortests/affine_grid.py:75: &lt;py._xmlgen.raw object at 0x7f1e04ca92e8&gt;</skipped></testcase><testcase classname="src.pymortests.affine_grid" file="src/pymortests/affine_grid.py" line="75" name="test_jacobian_inverse_transposed_wrong_arguments[&lt;lambda&gt;9]" time="0.0004513263702392578"><skipped message="Suite splitting in effect" type="pytest.skip">src/pymortests/affine_grid.py:75: &lt;py._xmlgen.raw object at 0x7f1e141146a0&gt;</skipped></testcase><testcase classname="src.pymortests.affine_grid" file="src/pymortests/affine_grid.py" line="75" name="test_jacobian_inverse_transposed_wrong_arguments[&lt;lambda&gt;10]" time="0.0005049705505371094"><skipped message="Suite splitting in effect" type="pytest.skip">src/pymortests/affine_grid.py:75: &lt;py._xmlgen.raw object at 0x7f1e140d9e80&gt;</skipped></testcase><testcase classname="src.pymortests.affine_grid" file="src/pymortests/affine_grid.py" line="75" name="test_jacobian_inverse_transposed_wrong_arguments[&lt;lambda&gt;11]" time="0.0004811286926269531"><skipped message="Suite splitting in effect" type="pytest.skip">src/pymortests/affine_grid.py:75: &lt;py._xmlgen.raw object at 0x7f1e04d20828&gt;</skipped></testcase><testcase classname="src.pymortests.affine_grid" file="src/pymortests/affine_grid.py" line="75" name="test_jacobian_inverse_transposed_wrong_arguments[&lt;lambda&gt;12]" time="0.0004956722259521484"><skipped message="Suite splitting in effect" type="pytest.skip">src/pymortests/affine_grid.py:75: &lt;py._xmlgen.raw object at 0x7f1e04d20dd8&gt;</skipped></testcase><testcase classname="src.pymortests.affine_grid" file="src/pymortests/affine_grid.py" line="75" name="test_jacobian_inverse_transposed_wrong_arguments[&lt;lambda&gt;13]" time="0.0004956722259521484"><skipped message="Suite splitting in effect" type="pytest.skip">src/pymortests/affine_grid.py:75: &lt;py._xmlgen.raw object at 0x7f1e04d16ba8&gt;</skipped></testcase><testcase classname="src.pymortests.affine_grid" file="src/pymortests/affine_grid.py" line="75" name="test_jacobian_inverse_transposed_wrong_arguments[&lt;lambda&gt;14]" time="0.0004982948303222656"><skipped message="Suite splitting in effect" type="pytest.skip">src/pymortests/affine_grid.py:75: &lt;py._xmlgen.raw object at 0x7f1e04d16fd0&gt;</skipped></testcase><testcase classname="src.pymortests.affine_grid" file="src/pymortests/affine_grid.py" line="75" name="test_jacobian_inverse_transposed_wrong_arguments[&lt;lambda&gt;15]" time="0.0004279613494873047"><skipped message="Suite splitting in effect" type="pytest.skip">src/pymortests/affine_grid.py:75: &lt;py._xmlgen.raw object at 0x7f1e04d0ad68&gt;</skipped></testcase><testcase classname="src.pymortests.affine_grid" file="src/pymortests/affine_grid.py" line="75" name="test_jacobian_inverse_transposed_wrong_arguments[&lt;lambda&gt;16]" time="0.00045371055603027344"><skipped message="Suite splitting in effect" type="pytest.skip">src/pymortests/affine_grid.py:75: &lt;py._xmlgen.raw object at 0x7f1e04cfdba8&gt;</skipped></testcase><testcase classname="src.pymortests.affine_grid" file="src/pymortests/affine_grid.py" line="75" name="test_jacobian_inverse_transposed_wrong_arguments[&lt;lambda&gt;17]" time="0.0007524490356445312"><skipped message="Suite splitting in effect" type="pytest.skip">src/pymortests/affine_grid.py:75: &lt;py._xmlgen.raw object at 0x7f1e04d0a0f0&gt;</skipped></testcase><testcase classname="src.pymortests.affine_grid" file="src/pymortests/affine_grid.py" line="75" name="test_jacobian_inverse_transposed_wrong_arguments[&lt;lambda&gt;18]" time="0.0005013942718505859"><skipped message="Suite splitting in effect" type="pytest.skip">src/pymortests/affine_grid.py:75: &lt;py._xmlgen.raw object at 0x7f1e04d166d8&gt;</skipped></testcase><testcase classname="src.pymortests.affine_grid" file="src/pymortests/affine_grid.py" line="75" name="test_jacobian_inverse_transposed_wrong_arguments[&lt;lambda&gt;19]" time="0.0004467964172363281"><skipped message="Suite splitting in effect" type="pytest.skip">src/pymortests/affine_grid.py:75: &lt;py._xmlgen.raw object at 0x7f1e04d20630&gt;</skipped></testcase><testcase classname="src.pymortests.affine_grid" file="src/pymortests/affine_grid.py" line="75" name="test_jacobian_inverse_transposed_wrong_arguments[&lt;lambda&gt;20]" time="0.0004985332489013672"><skipped message="Suite splitting in effect" type="pytest.skip">src/pymortests/affine_grid.py:75: &lt;py._xmlgen.raw object at 0x7f1e04d20748&gt;</skipped></testcase><testcase classname="src.pymortests.affine_grid" file="src/pymortests/affine_grid.py" line="75" name="test_jacobian_inverse_transposed_wrong_arguments[&lt;lambda&gt;21]" time="0.0005373954772949219"><skipped message="Suite splitting in effect" type="pytest.skip">src/pymortests/affine_grid.py:75: &lt;py._xmlgen.raw object at 0x7f1e1406d2b0&gt;</skipped></testcase><testcase classname="src.pymortests.affine_grid" file="src/pymortests/affine_grid.py" line="75" name="test_jacobian_inverse_transposed_wrong_arguments[&lt;lambda&gt;22]" time="0.000457763671875"><skipped message="Suite splitting in effect" type="pytest.skip">src/pymortests/affine_grid.py:75: &lt;py._xmlgen.raw object at 0x7f1e19890748&gt;</skipped></testcase><testcase classname="src.pymortests.affine_grid" file="src/pymortests/affine_grid.py" line="75" name="test_jacobian_inverse_transposed_wrong_arguments[&lt;lambda&gt;23]" time="0.00046825408935546875"><skipped message="Suite splitting in effect" type="pytest.skip">src/pymortests/affine_grid.py:75: &lt;py._xmlgen.raw object at 0x7f1e14114be0&gt;</skipped></testcase><testcase classname="src.pymortests.affine_grid" file="src/pymortests/affine_grid.py" line="75" name="test_jacobian_inverse_transposed_wrong_arguments[&lt;lambda&gt;24]" time="0.0005185604095458984"><skipped message="Suite splitting in effect" type="pytest.skip">src/pymortests/affine_grid.py:75: &lt;py._xmlgen.raw object at 0x7f1e04d5edd8&gt;</skipped></testcase><testcase classname="src.pymortests.affine_grid" file="src/pymortests/affine_grid.py" line="75" name="test_jacobian_inverse_transposed_wrong_arguments[&lt;lambda&gt;25]" time="0.0007340908050537109"><skipped message="Suite splitting in effect" type="pytest.skip">src/pymortests/affine_grid.py:75: &lt;py._xmlgen.raw object at 0x7f1e198c4780&gt;</skipped></testcase><testcase classname="src.pymortests.affine_grid" file="src/pymortests/affine_grid.py" line="75" name="test_jacobian_inverse_transposed_wrong_arguments[&lt;lambda&gt;26]" time="0.0005095005035400391"><skipped message="Suite splitting in effect" type="pytest.skip">src/pymortests/affine_grid.py:75: &lt;py._xmlgen.raw object at 0x7f1e141145f8&gt;</skipped></testcase><testcase classname="src.pymortests.affine_grid" file="src/pymortests/affine_grid.py" line="75" name="test_jacobian_inverse_transposed_wrong_arguments[&lt;lambda&gt;27]" time="0.0005125999450683594"><skipped message="Suite splitting in effect" type="pytest.skip">src/pymortests/affine_grid.py:75: &lt;py._xmlgen.raw object at 0x7f1e140d9fd0&gt;</skipped></testcase><testcase classname="src.pymortests.affine_grid" file="src/pymortests/affine_grid.py" line="75" name="test_jacobian_inverse_transposed_wrong_arguments[&lt;lambda&gt;28]" time="0.00047850608825683594"><skipped message="Suite splitting in effect" type="pytest.skip">src/pymortests/affine_grid.py:75: &lt;py._xmlgen.raw object at 0x7f1e04d20e10&gt;</skipped></testcase><testcase classname="src.pymortests.affine_grid" file="src/pymortests/affine_grid.py" line="75" name="test_jacobian_inverse_transposed_wrong_arguments[&lt;lambda&gt;29]" time="0.0005354881286621094"><skipped message="Suite splitting in effect" type="pytest.skip">src/pymortests/affine_grid.py:75: &lt;py._xmlgen.raw object at 0x7f1e04d20b70&gt;</skipped></testcase><testcase classname="src.pymortests.affine_grid" file="src/pymortests/affine_grid.py" line="75" name="test_jacobian_inverse_transposed_wrong_arguments[&lt;lambda&gt;30]" time="0.0004608631134033203"><skipped message="Suite splitting in effect" type="pytest.skip">src/pymortests/affine_grid.py:75: &lt;py._xmlgen.raw object at 0x7f1e04d16f28&gt;</skipped></testcase><testcase classname="src.pymortests.affine_grid" file="src/pymortests/affine_grid.py" line="75" name="test_jacobian_inverse_transposed_wrong_arguments[&lt;lambda&gt;31]" time="0.0005202293395996094"><skipped message="Suite splitting in effect" type="pytest.skip">src/pymortests/affine_grid.py:75: &lt;py._xmlgen.raw object at 0x7f1e04d0a128&gt;</skipped></testcase><testcase classname="src.pymortests.affine_grid" file="src/pymortests/affine_grid.py" line="75" name="test_jacobian_inverse_transposed_wrong_arguments[&lt;lambda&gt;32]" time="0.000453948974609375"><skipped message="Suite splitting in effect" type="pytest.skip">src/pymortests/affine_grid.py:75: &lt;py._xmlgen.raw object at 0x7f1e04ca97f0&gt;</skipped></testcase><testcase classname="src.pymortests.affine_grid" file="src/pymortests/affine_grid.py" line="75" name="test_jacobian_inverse_transposed_wrong_arguments[&lt;lambda&gt;33]" time="0.0007522106170654297"><skipped message="Suite splitting in effect" type="pytest.skip">src/pymortests/affine_grid.py:75: &lt;py._xmlgen.raw object at 0x7f1e04ca9d30&gt;</skipped></testcase><testcase classname="src.pymortests.affine_grid" file="src/pymortests/affine_grid.py" line="75" name="test_jacobian_inverse_transposed_wrong_arguments[&lt;lambda&gt;34]" time="0.00044155120849609375"><skipped message="Suite splitting in effect" type="pytest.skip">src/pymortests/affine_grid.py:75: &lt;py._xmlgen.raw object at 0x7f1e04d16e10&gt;</skipped></testcase><testcase classname="src.pymortests.affine_grid" file="src/pymortests/affine_grid.py" line="75" name="test_jacobian_inverse_transposed_wrong_arguments[&lt;lambda&gt;35]" time="0.0005695819854736328"><skipped message="Suite splitting in effect" type="pytest.skip">src/pymortests/affine_grid.py:75: &lt;py._xmlgen.raw object at 0x7f1e04d20240&gt;</skipped></testcase><testcase classname="src.pymortests.affine_grid" file="src/pymortests/affine_grid.py" line="75" name="test_jacobian_inverse_transposed_wrong_arguments[&lt;lambda&gt;36]" time="0.0005483627319335938"><skipped message="Suite splitting in effect" type="pytest.skip">src/pymortests/affine_grid.py:75: &lt;py._xmlgen.raw object at 0x7f1e1406ddd8&gt;</skipped></testcase><testcase classname="src.pymortests.affine_grid" file="src/pymortests/affine_grid.py" line="75" name="test_jacobian_inverse_transposed_wrong_arguments[&lt;lambda&gt;37]" time="0.0005364418029785156"><skipped message="Suite splitting in effect" type="pytest.skip">src/pymortests/affine_grid.py:75: &lt;py._xmlgen.raw object at 0x7f1e14124160&gt;</skipped></testcase><testcase classname="src.pymortests.affine_grid" file="src/pymortests/affine_grid.py" line="75" name="test_jacobian_inverse_transposed_wrong_arguments[&lt;lambda&gt;38]" time="0.0004878044128417969"><skipped message="Suite splitting in effect" type="pytest.skip">src/pymortests/affine_grid.py:75: &lt;py._xmlgen.raw object at 0x7f1e140ca9e8&gt;</skipped></testcase><testcase classname="src.pymortests.affine_grid" file="src/pymortests/affine_grid.py" line="75" name="test_jacobian_inverse_transposed_wrong_arguments[&lt;lambda&gt;39]" time="0.0004649162292480469"><skipped message="Suite splitting in effect" type="pytest.skip">src/pymortests/affine_grid.py:75: &lt;py._xmlgen.raw object at 0x7f1e04ca9a90&gt;</skipped></testcase><testcase classname="src.pymortests.affine_grid" file="src/pymortests/affine_grid.py" line="75" name="test_jacobian_inverse_transposed_wrong_arguments[&lt;lambda&gt;40]" time="0.0005099773406982422"><skipped message="Suite splitting in effect" type="pytest.skip">src/pymortests/affine_grid.py:75: &lt;py._xmlgen.raw object at 0x7f1e04ca90f0&gt;</skipped></testcase><testcase classname="src.pymortests.affine_grid" file="src/pymortests/affine_grid.py" line="75" name="test_jacobian_inverse_transposed_wrong_arguments[&lt;lambda&gt;41]" time="0.0008225440979003906"><skipped message="Suite splitting in effect" type="pytest.skip">src/pymortests/affine_grid.py:75: &lt;py._xmlgen.raw object at 0x7f1e04cb72b0&gt;</skipped></testcase><testcase classname="src.pymortests.affine_grid" file="src/pymortests/affine_grid.py" line="75" name="test_jacobian_inverse_transposed_wrong_arguments[&lt;lambda&gt;42]" time="0.0005059242248535156"><skipped message="Suite splitting in effect" type="pytest.skip">src/pymortests/affine_grid.py:75: &lt;py._xmlgen.raw object at 0x7f1e04ca94a8&gt;</skipped></testcase><testcase classname="src.pymortests.affine_grid" file="src/pymortests/affine_grid.py" line="85" name="test_jacobian_inverse_transposed_shape[&lt;lambda&gt;0]" time="0.0004968643188476562"><skipped message="Suite splitting in effect" type="pytest.skip">src/pymortests/affine_grid.py:85: &lt;py._xmlgen.raw object at 0x7f1e140ca7f0&gt;</skipped></testcase><testcase classname="src.pymortests.affine_grid" file="src/pymortests/affine_grid.py" line="85" name="test_jacobian_inverse_transposed_shape[&lt;lambda&gt;1]" time="0.0004973411560058594"><skipped message="Suite splitting in effect" type="pytest.skip">src/pymortests/affine_grid.py:85: &lt;py._xmlgen.raw object at 0x7f1e19890748&gt;</skipped></testcase><testcase classname="src.pymortests.affine_grid" file="src/pymortests/affine_grid.py" line="85" name="test_jacobian_inverse_transposed_shape[&lt;lambda&gt;2]" time="0.00046443939208984375"><skipped message="Suite splitting in effect" type="pytest.skip">src/pymortests/affine_grid.py:85: &lt;py._xmlgen.raw object at 0x7f1e140b8c88&gt;</skipped></testcase><testcase classname="src.pymortests.affine_grid" file="src/pymortests/affine_grid.py" line="85" name="test_jacobian_inverse_transposed_shape[&lt;lambda&gt;3]" time="0.0005862712860107422"><skipped message="Suite splitting in effect" type="pytest.skip">src/pymortests/affine_grid.py:85: &lt;py._xmlgen.raw object at 0x7f1e04d20630&gt;</skipped></testcase><testcase classname="src.pymortests.affine_grid" file="src/pymortests/affine_grid.py" line="85" name="test_jacobian_inverse_transposed_shape[&lt;lambda&gt;4]" time="0.0005133152008056641"><skipped message="Suite splitting in effect" type="pytest.skip">src/pymortests/affine_grid.py:85: &lt;py._xmlgen.raw object at 0x7f1e04d168d0&gt;</skipped></testcase><testcase classname="src.pymortests.affine_grid" file="src/pymortests/affine_grid.py" line="85" name="test_jacobian_inverse_transposed_shape[&lt;lambda&gt;5]" time="0.0004837512969970703"><skipped message="Suite splitting in effect" type="pytest.skip">src/pymortests/affine_grid.py:85: &lt;py._xmlgen.raw object at 0x7f1e04cb7160&gt;</skipped></testcase><testcase classname="src.pymortests.affine_grid" file="src/pymortests/affine_grid.py" line="85" name="test_jacobian_inverse_transposed_shape[&lt;lambda&gt;6]" time="0.0009355545043945312"><skipped message="Suite splitting in effect" type="pytest.skip">src/pymortests/affine_grid.py:85: &lt;py._xmlgen.raw object at 0x7f1e04cb78d0&gt;</skipped></testcase><testcase classname="src.pymortests.affine_grid" file="src/pymortests/affine_grid.py" line="85" name="test_jacobian_inverse_transposed_shape[&lt;lambda&gt;7]" time="0.0005114078521728516"><skipped message="Suite splitting in effect" type="pytest.skip">src/pymortests/affine_grid.py:85: &lt;py._xmlgen.raw object at 0x7f1e1407d358&gt;</skipped></testcase><testcase classname="src.pymortests.affine_grid" file="src/pymortests/affine_grid.py" line="85" name="test_jacobian_inverse_transposed_shape[&lt;lambda&gt;8]" time="0.0005052089691162109"><skipped message="Suite splitting in effect" type="pytest.skip">src/pymortests/affine_grid.py:85: &lt;py._xmlgen.raw object at 0x7f1e140fefd0&gt;</skipped></testcase><testcase classname="src.pymortests.affine_grid" file="src/pymortests/affine_grid.py" line="85" name="test_jacobian_inverse_transposed_shape[&lt;lambda&gt;9]" time="0.00045800209045410156"><skipped message="Suite splitting in effect" type="pytest.skip">src/pymortests/affine_grid.py:85: &lt;py._xmlgen.raw object at 0x7f1e1406ddd8&gt;</skipped></testcase><testcase classname="src.pymortests.affine_grid" file="src/pymortests/affine_grid.py" line="85" name="test_jacobian_inverse_transposed_shape[&lt;lambda&gt;10]" time="0.00045228004455566406"><skipped message="Suite splitting in effect" type="pytest.skip">src/pymortests/affine_grid.py:85: &lt;py._xmlgen.raw object at 0x7f1e140d9c88&gt;</skipped></testcase><testcase classname="src.pymortests.affine_grid" file="src/pymortests/affine_grid.py" line="85" name="test_jacobian_inverse_transposed_shape[&lt;lambda&gt;11]" time="0.00045418739318847656"><skipped message="Suite splitting in effect" type="pytest.skip">src/pymortests/affine_grid.py:85: &lt;py._xmlgen.raw object at 0x7f1e04ca9160&gt;</skipped></testcase><testcase classname="src.pymortests.affine_grid" file="src/pymortests/affine_grid.py" line="85" name="test_jacobian_inverse_transposed_shape[&lt;lambda&gt;12]" time="0.0005023479461669922"><skipped message="Suite splitting in effect" type="pytest.skip">src/pymortests/affine_grid.py:85: &lt;py._xmlgen.raw object at 0x7f1e04cb79b0&gt;</skipped></testcase><testcase classname="src.pymortests.affine_grid" file="src/pymortests/affine_grid.py" line="85" name="test_jacobian_inverse_transposed_shape[&lt;lambda&gt;13]" time="0.0005030632019042969"><skipped message="Suite splitting in effect" type="pytest.skip">src/pymortests/affine_grid.py:85: &lt;py._xmlgen.raw object at 0x7f1e04cb7400&gt;</skipped></testcase><testcase classname="src.pymortests.affine_grid" file="src/pymortests/affine_grid.py" line="85" name="test_jacobian_inverse_transposed_shape[&lt;lambda&gt;14]" time="0.0007758140563964844"><skipped message="Suite splitting in effect" type="pytest.skip">src/pymortests/affine_grid.py:85: &lt;py._xmlgen.raw object at 0x7f1e04cb7ef0&gt;</skipped></testcase><testcase classname="src.pymortests.affine_grid" file="src/pymortests/affine_grid.py" line="85" name="test_jacobian_inverse_transposed_shape[&lt;lambda&gt;15]" time="0.0004963874816894531"><skipped message="Suite splitting in effect" type="pytest.skip">src/pymortests/affine_grid.py:85: &lt;py._xmlgen.raw object at 0x7f1e04cb76d8&gt;</skipped></testcase><testcase classname="src.pymortests.affine_grid" file="src/pymortests/affine_grid.py" line="85" name="test_jacobian_inverse_transposed_shape[&lt;lambda&gt;16]" time="0.0004718303680419922"><skipped message="Suite splitting in effect" type="pytest.skip">src/pymortests/affine_grid.py:85: &lt;py._xmlgen.raw object at 0x7f1e04ca9828&gt;</skipped></testcase><testcase classname="src.pymortests.affine_grid" file="src/pymortests/affine_grid.py" line="85" name="test_jacobian_inverse_transposed_shape[&lt;lambda&gt;17]" time="0.0004677772521972656"><skipped message="Suite splitting in effect" type="pytest.skip">src/pymortests/affine_grid.py:85: &lt;py._xmlgen.raw object at 0x7f1e198c4780&gt;</skipped></testcase><testcase classname="src.pymortests.affine_grid" file="src/pymortests/affine_grid.py" line="85" name="test_jacobian_inverse_transposed_shape[&lt;lambda&gt;18]" time="0.0005154609680175781"><skipped message="Suite splitting in effect" type="pytest.skip">src/pymortests/affine_grid.py:85: &lt;py._xmlgen.raw object at 0x7f1e1406d358&gt;</skipped></testcase><testcase classname="src.pymortests.affine_grid" file="src/pymortests/affine_grid.py" line="85" name="test_jacobian_inverse_transposed_shape[&lt;lambda&gt;19]" time="0.0005269050598144531"><skipped message="Suite splitting in effect" type="pytest.skip">src/pymortests/affine_grid.py:85: &lt;py._xmlgen.raw object at 0x7f1e14092358&gt;</skipped></testcase><testcase classname="src.pymortests.affine_grid" file="src/pymortests/affine_grid.py" line="85" name="test_jacobian_inverse_transposed_shape[&lt;lambda&gt;20]" time="0.00045609474182128906"><skipped message="Suite splitting in effect" type="pytest.skip">src/pymortests/affine_grid.py:85: &lt;py._xmlgen.raw object at 0x7f1e04d20860&gt;</skipped></testcase><testcase classname="src.pymortests.affine_grid" file="src/pymortests/affine_grid.py" line="85" name="test_jacobian_inverse_transposed_shape[&lt;lambda&gt;21]" time="0.0005087852478027344"><skipped message="Suite splitting in effect" type="pytest.skip">src/pymortests/affine_grid.py:85: &lt;py._xmlgen.raw object at 0x7f1e04d0ae80&gt;</skipped></testcase><testcase classname="src.pymortests.affine_grid" file="src/pymortests/affine_grid.py" line="85" name="test_jacobian_inverse_transposed_shape[&lt;lambda&gt;22]" time="0.0007658004760742188"><skipped message="Suite splitting in effect" type="pytest.skip">src/pymortests/affine_grid.py:85: &lt;py._xmlgen.raw object at 0x7f1e04cc2550&gt;</skipped></testcase><testcase classname="src.pymortests.affine_grid" file="src/pymortests/affine_grid.py" line="85" name="test_jacobian_inverse_transposed_shape[&lt;lambda&gt;23]" time="0.0004975795745849609"><skipped message="Suite splitting in effect" type="pytest.skip">src/pymortests/affine_grid.py:85: &lt;py._xmlgen.raw object at 0x7f1e04d20a58&gt;</skipped></testcase><testcase classname="src.pymortests.affine_grid" file="src/pymortests/affine_grid.py" line="85" name="test_jacobian_inverse_transposed_shape[&lt;lambda&gt;24]" time="0.00043964385986328125"><skipped message="Suite splitting in effect" type="pytest.skip">src/pymortests/affine_grid.py:85: &lt;py._xmlgen.raw object at 0x7f1e14092a90&gt;</skipped></testcase><testcase classname="src.pymortests.affine_grid" file="src/pymortests/affine_grid.py" line="85" name="test_jacobian_inverse_transposed_shape[&lt;lambda&gt;25]" time="0.00044536590576171875"><skipped message="Suite splitting in effect" type="pytest.skip">src/pymortests/affine_grid.py:85: &lt;py._xmlgen.raw object at 0x7f1e14114400&gt;</skipped></testcase><testcase classname="src.pymortests.affine_grid" file="src/pymortests/affine_grid.py" line="85" name="test_jacobian_inverse_transposed_shape[&lt;lambda&gt;26]" time="0.0004940032958984375"><skipped message="Suite splitting in effect" type="pytest.skip">src/pymortests/affine_grid.py:85: &lt;py._xmlgen.raw object at 0x7f1e04ca90f0&gt;</skipped></testcase><testcase classname="src.pymortests.affine_grid" file="src/pymortests/affine_grid.py" line="85" name="test_jacobian_inverse_transposed_shape[&lt;lambda&gt;27]" time="0.0005095005035400391"><skipped message="Suite splitting in effect" type="pytest.skip">src/pymortests/affine_grid.py:85: &lt;py._xmlgen.raw object at 0x7f1e04cb7a20&gt;</skipped></testcase><testcase classname="src.pymortests.affine_grid" file="src/pymortests/affine_grid.py" line="85" name="test_jacobian_inverse_transposed_shape[&lt;lambda&gt;28]" time="0.0005633831024169922"><skipped message="Suite splitting in effect" type="pytest.skip">src/pymortests/affine_grid.py:85: &lt;py._xmlgen.raw object at 0x7f1e04cb7e10&gt;</skipped></testcase><testcase classname="src.pymortests.affine_grid" file="src/pymortests/affine_grid.py" line="85" name="test_jacobian_inverse_transposed_shape[&lt;lambda&gt;29]" time="0.0005168914794921875"><skipped message="Suite splitting in effect" type="pytest.skip">src/pymortests/affine_grid.py:85: &lt;py._xmlgen.raw object at 0x7f1e04cc2470&gt;</skipped></testcase><testcase classname="src.pymortests.affine_grid" file="src/pymortests/affine_grid.py" line="85" name="test_jacobian_inverse_transposed_shape[&lt;lambda&gt;30]" time="0.0008485317230224609"><skipped message="Suite splitting in effect" type="pytest.skip">src/pymortests/affine_grid.py:85: &lt;py._xmlgen.raw object at 0x7f1e04cc2b70&gt;</skipped></testcase><testcase classname="src.pymortests.affine_grid" file="src/pymortests/affine_grid.py" line="85" name="test_jacobian_inverse_transposed_shape[&lt;lambda&gt;31]" time="0.0004954338073730469"><skipped message="Suite splitting in effect" type="pytest.skip">src/pymortests/affine_grid.py:85: &lt;py._xmlgen.raw object at 0x7f1e04cb77f0&gt;</skipped></testcase><testcase classname="src.pymortests.affine_grid" file="src/pymortests/affine_grid.py" line="85" name="test_jacobian_inverse_transposed_shape[&lt;lambda&gt;32]" time="0.0005025863647460938"><skipped message="Suite splitting in effect" type="pytest.skip">src/pymortests/affine_grid.py:85: &lt;py._xmlgen.raw object at 0x7f1e04ca95c0&gt;</skipped></testcase><testcase classname="src.pymortests.affine_grid" file="src/pymortests/affine_grid.py" line="85" name="test_jacobian_inverse_transposed_shape[&lt;lambda&gt;33]" time="0.0005056858062744141"><skipped message="Suite splitting in effect" type="pytest.skip">src/pymortests/affine_grid.py:85: &lt;py._xmlgen.raw object at 0x7f1e1406d2b0&gt;</skipped></testcase><testcase classname="src.pymortests.affine_grid" file="src/pymortests/affine_grid.py" line="85" name="test_jacobian_inverse_transposed_shape[&lt;lambda&gt;34]" time="0.0004773139953613281"><skipped message="Suite splitting in effect" type="pytest.skip">src/pymortests/affine_grid.py:85: &lt;py._xmlgen.raw object at 0x7f1e04d20e10&gt;</skipped></testcase><testcase classname="src.pymortests.affine_grid" file="src/pymortests/affine_grid.py" line="85" name="test_jacobian_inverse_transposed_shape[&lt;lambda&gt;35]" time="0.0005161762237548828"><skipped message="Suite splitting in effect" type="pytest.skip">src/pymortests/affine_grid.py:85: &lt;py._xmlgen.raw object at 0x7f1e140a44a8&gt;</skipped></testcase><testcase classname="src.pymortests.affine_grid" file="src/pymortests/affine_grid.py" line="85" name="test_jacobian_inverse_transposed_shape[&lt;lambda&gt;36]" time="0.0004398822784423828"><skipped message="Suite splitting in effect" type="pytest.skip">src/pymortests/affine_grid.py:85: &lt;py._xmlgen.raw object at 0x7f1e04cc2278&gt;</skipped></testcase><testcase classname="src.pymortests.affine_grid" file="src/pymortests/affine_grid.py" line="85" name="test_jacobian_inverse_transposed_shape[&lt;lambda&gt;37]" time="0.0004930496215820312"><skipped message="Suite splitting in effect" type="pytest.skip">src/pymortests/affine_grid.py:85: &lt;py._xmlgen.raw object at 0x7f1e04cc22b0&gt;</skipped></testcase><testcase classname="src.pymortests.affine_grid" file="src/pymortests/affine_grid.py" line="85" name="test_jacobian_inverse_transposed_shape[&lt;lambda&gt;38]" time="0.0007109642028808594"><skipped message="Suite splitting in effect" type="pytest.skip">src/pymortests/affine_grid.py:85: &lt;py._xmlgen.raw object at 0x7f1e04ccd1d0&gt;</skipped></testcase><testcase classname="src.pymortests.affine_grid" file="src/pymortests/affine_grid.py" line="85" name="test_jacobian_inverse_transposed_shape[&lt;lambda&gt;39]" time="0.00046324729919433594"><skipped message="Suite splitting in effect" type="pytest.skip">src/pymortests/affine_grid.py:85: &lt;py._xmlgen.raw object at 0x7f1e04cc28d0&gt;</skipped></testcase><testcase classname="src.pymortests.affine_grid" file="src/pymortests/affine_grid.py" line="85" name="test_jacobian_inverse_transposed_shape[&lt;lambda&gt;40]" time="0.0004277229309082031"><skipped message="Suite splitting in effect" type="pytest.skip">src/pymortests/affine_grid.py:85: &lt;py._xmlgen.raw object at 0x7f1e04d0a710&gt;</skipped></testcase><testcase classname="src.pymortests.affine_grid" file="src/pymortests/affine_grid.py" line="85" name="test_jacobian_inverse_transposed_shape[&lt;lambda&gt;41]" time="0.00044846534729003906"><skipped message="Suite splitting in effect" type="pytest.skip">src/pymortests/affine_grid.py:85: &lt;py._xmlgen.raw object at 0x7f1e140a47f0&gt;</skipped></testcase><testcase classname="src.pymortests.affine_grid" file="src/pymortests/affine_grid.py" line="85" name="test_jacobian_inverse_transposed_shape[&lt;lambda&gt;42]" time="0.0006818771362304688"><skipped message="Suite splitting in effect" type="pytest.skip">src/pymortests/affine_grid.py:85: &lt;py._xmlgen.raw object at 0x7f1e04d206d8&gt;</skipped></testcase><testcase classname="src.pymortests.affine_grid" file="src/pymortests/affine_grid.py" line="91" name="test_jacobian_inverse_transposed_values[&lt;lambda&gt;0]" time="0.0005090236663818359"><skipped message="Suite splitting in effect" type="pytest.skip">src/pymortests/affine_grid.py:91: &lt;py._xmlgen.raw object at 0x7f1e04ca9ba8&gt;</skipped></testcase><testcase classname="src.pymortests.affine_grid" file="src/pymortests/affine_grid.py" line="91" name="test_jacobian_inverse_transposed_values[&lt;lambda&gt;1]" time="0.0004978179931640625"><skipped message="Suite splitting in effect" type="pytest.skip">src/pymortests/affine_grid.py:91: &lt;py._xmlgen.raw object at 0x7f1e04cb7438&gt;</skipped></testcase><testcase classname="src.pymortests.affine_grid" file="src/pymortests/affine_grid.py" line="91" name="test_jacobian_inverse_transposed_values[&lt;lambda&gt;2]" time="0.0004649162292480469"><skipped message="Suite splitting in effect" type="pytest.skip">src/pymortests/affine_grid.py:91: &lt;py._xmlgen.raw object at 0x7f1e04ccd048&gt;</skipped></testcase><testcase classname="src.pymortests.affine_grid" file="src/pymortests/affine_grid.py" line="91" name="test_jacobian_inverse_transposed_values[&lt;lambda&gt;3]" time="0.0008862018585205078"><skipped message="Suite splitting in effect" type="pytest.skip">src/pymortests/affine_grid.py:91: &lt;py._xmlgen.raw object at 0x7f1e04ccd7f0&gt;</skipped></testcase><testcase classname="src.pymortests.affine_grid" file="src/pymortests/affine_grid.py" line="91" name="test_jacobian_inverse_transposed_values[&lt;lambda&gt;4]" time="0.00047278404235839844"><skipped message="Suite splitting in effect" type="pytest.skip">src/pymortests/affine_grid.py:91: &lt;py._xmlgen.raw object at 0x7f1e04cb7978&gt;</skipped></testcase><testcase classname="src.pymortests.affine_grid" file="src/pymortests/affine_grid.py" line="91" name="test_jacobian_inverse_transposed_values[&lt;lambda&gt;5]" time="0.00046944618225097656"><skipped message="Suite splitting in effect" type="pytest.skip">src/pymortests/affine_grid.py:91: &lt;py._xmlgen.raw object at 0x7f1e04d5edd8&gt;</skipped></testcase><testcase classname="src.pymortests.affine_grid" file="src/pymortests/affine_grid.py" line="91" name="test_jacobian_inverse_transposed_values[&lt;lambda&gt;6]" time="0.000438690185546875"><skipped message="Suite splitting in effect" type="pytest.skip">src/pymortests/affine_grid.py:91: &lt;py._xmlgen.raw object at 0x7f1e14092748&gt;</skipped></testcase><testcase classname="src.pymortests.affine_grid" file="src/pymortests/affine_grid.py" line="91" name="test_jacobian_inverse_transposed_values[&lt;lambda&gt;7]" time="0.00043487548828125"><skipped message="Suite splitting in effect" type="pytest.skip">src/pymortests/affine_grid.py:91: &lt;py._xmlgen.raw object at 0x7f1e140a42b0&gt;</skipped></testcase><testcase classname="src.pymortests.affine_grid" file="src/pymortests/affine_grid.py" line="91" name="test_jacobian_inverse_transposed_values[&lt;lambda&gt;8]" time="0.0004980564117431641"><skipped message="Suite splitting in effect" type="pytest.skip">src/pymortests/affine_grid.py:91: &lt;py._xmlgen.raw object at 0x7f1e04cc2c18&gt;</skipped></testcase><testcase classname="src.pymortests.affine_grid" file="src/pymortests/affine_grid.py" line="91" name="test_jacobian_inverse_transposed_values[&lt;lambda&gt;9]" time="0.0004429817199707031"><skipped message="Suite splitting in effect" type="pytest.skip">src/pymortests/affine_grid.py:91: &lt;py._xmlgen.raw object at 0x7f1e04ccd518&gt;</skipped></testcase><testcase classname="src.pymortests.affine_grid" file="src/pymortests/affine_grid.py" line="91" name="test_jacobian_inverse_transposed_values[&lt;lambda&gt;10]" time="0.00048232078552246094"><skipped message="Suite splitting in effect" type="pytest.skip">src/pymortests/affine_grid.py:91: &lt;py._xmlgen.raw object at 0x7f1e04ccd048&gt;</skipped></testcase><testcase classname="src.pymortests.affine_grid" file="src/pymortests/affine_grid.py" line="91" name="test_jacobian_inverse_transposed_values[&lt;lambda&gt;11]" time="0.0008268356323242188"><skipped message="Suite splitting in effect" type="pytest.skip">src/pymortests/affine_grid.py:91: &lt;py._xmlgen.raw object at 0x7f1e04ccde10&gt;</skipped></testcase><testcase classname="src.pymortests.affine_grid" file="src/pymortests/affine_grid.py" line="91" name="test_jacobian_inverse_transposed_values[&lt;lambda&gt;12]" time="0.0004413127899169922"><skipped message="Suite splitting in effect" type="pytest.skip">src/pymortests/affine_grid.py:91: &lt;py._xmlgen.raw object at 0x7f1e04cc2470&gt;</skipped></testcase><testcase classname="src.pymortests.affine_grid" file="src/pymortests/affine_grid.py" line="91" name="test_jacobian_inverse_transposed_values[&lt;lambda&gt;13]" time="0.0004703998565673828"><skipped message="Suite splitting in effect" type="pytest.skip">src/pymortests/affine_grid.py:91: &lt;py._xmlgen.raw object at 0x7f1e140a4a90&gt;</skipped></testcase><testcase classname="src.pymortests.affine_grid" file="src/pymortests/affine_grid.py" line="91" name="test_jacobian_inverse_transposed_values[&lt;lambda&gt;14]" time="0.00044083595275878906"><skipped message="Suite splitting in effect" type="pytest.skip">src/pymortests/affine_grid.py:91: &lt;py._xmlgen.raw object at 0x7f1e140925f8&gt;</skipped></testcase><testcase classname="src.pymortests.affine_grid" file="src/pymortests/affine_grid.py" line="91" name="test_jacobian_inverse_transposed_values[&lt;lambda&gt;15]" time="0.0004725456237792969"><skipped message="Suite splitting in effect" type="pytest.skip">src/pymortests/affine_grid.py:91: &lt;py._xmlgen.raw object at 0x7f1e04ca9828&gt;</skipped></testcase><testcase classname="src.pymortests.affine_grid" file="src/pymortests/affine_grid.py" line="91" name="test_jacobian_inverse_transposed_values[&lt;lambda&gt;16]" time="0.000507354736328125"><skipped message="Suite splitting in effect" type="pytest.skip">src/pymortests/affine_grid.py:91: &lt;py._xmlgen.raw object at 0x7f1e14032e80&gt;</skipped></testcase><testcase classname="src.pymortests.affine_grid" file="src/pymortests/affine_grid.py" line="91" name="test_jacobian_inverse_transposed_values[&lt;lambda&gt;17]" time="0.00048089027404785156"><skipped message="Suite splitting in effect" type="pytest.skip">src/pymortests/affine_grid.py:91: &lt;py._xmlgen.raw object at 0x7f1e04ccdb70&gt;</skipped></testcase><testcase classname="src.pymortests.affine_grid" file="src/pymortests/affine_grid.py" line="91" name="test_jacobian_inverse_transposed_values[&lt;lambda&gt;18]" time="0.0004906654357910156"><skipped message="Suite splitting in effect" type="pytest.skip">src/pymortests/affine_grid.py:91: &lt;py._xmlgen.raw object at 0x7f1e04ccd8d0&gt;</skipped></testcase><testcase classname="src.pymortests.affine_grid" file="src/pymortests/affine_grid.py" line="91" name="test_jacobian_inverse_transposed_values[&lt;lambda&gt;19]" time="0.0010461807250976562"><skipped message="Suite splitting in effect" type="pytest.skip">src/pymortests/affine_grid.py:91: &lt;py._xmlgen.raw object at 0x7f1e04cd7470&gt;</skipped></testcase><testcase classname="src.pymortests.affine_grid" file="src/pymortests/affine_grid.py" line="91" name="test_jacobian_inverse_transposed_values[&lt;lambda&gt;20]" time="0.0005154609680175781"><skipped message="Suite splitting in effect" type="pytest.skip">src/pymortests/affine_grid.py:91: &lt;py._xmlgen.raw object at 0x7f1e14092be0&gt;</skipped></testcase><testcase classname="src.pymortests.affine_grid" file="src/pymortests/affine_grid.py" line="91" name="test_jacobian_inverse_transposed_values[&lt;lambda&gt;21]" time="0.0004703998565673828"><skipped message="Suite splitting in effect" type="pytest.skip">src/pymortests/affine_grid.py:91: &lt;py._xmlgen.raw object at 0x7f1e1404a6a0&gt;</skipped></testcase><testcase classname="src.pymortests.affine_grid" file="src/pymortests/affine_grid.py" line="91" name="test_jacobian_inverse_transposed_values[&lt;lambda&gt;22]" time="0.00044846534729003906"><skipped message="Suite splitting in effect" type="pytest.skip">src/pymortests/affine_grid.py:91: &lt;py._xmlgen.raw object at 0x7f1e04ccd4e0&gt;</skipped></testcase><testcase classname="src.pymortests.affine_grid" file="src/pymortests/affine_grid.py" line="91" name="test_jacobian_inverse_transposed_values[&lt;lambda&gt;23]" time="0.0004775524139404297"><skipped message="Suite splitting in effect" type="pytest.skip">src/pymortests/affine_grid.py:91: &lt;py._xmlgen.raw object at 0x7f1e04ccddd8&gt;</skipped></testcase><testcase classname="src.pymortests.affine_grid" file="src/pymortests/affine_grid.py" line="91" name="test_jacobian_inverse_transposed_values[&lt;lambda&gt;24]" time="0.00048732757568359375"><skipped message="Suite splitting in effect" type="pytest.skip">src/pymortests/affine_grid.py:91: &lt;py._xmlgen.raw object at 0x7f1e04cc2470&gt;</skipped></testcase><testcase classname="src.pymortests.affine_grid" file="src/pymortests/affine_grid.py" line="91" name="test_jacobian_inverse_transposed_values[&lt;lambda&gt;25]" time="0.0004649162292480469"><skipped message="Suite splitting in effect" type="pytest.skip">src/pymortests/affine_grid.py:91: &lt;py._xmlgen.raw object at 0x7f1e04cb7978&gt;</skipped></testcase><testcase classname="src.pymortests.affine_grid" file="src/pymortests/affine_grid.py" line="91" name="test_jacobian_inverse_transposed_values[&lt;lambda&gt;26]" time="0.0004961490631103516"><skipped message="Suite splitting in effect" type="pytest.skip">src/pymortests/affine_grid.py:91: &lt;py._xmlgen.raw object at 0x7f1e04d0a710&gt;</skipped></testcase><testcase classname="src.pymortests.affine_grid" file="src/pymortests/affine_grid.py" line="91" name="test_jacobian_inverse_transposed_values[&lt;lambda&gt;27]" time="0.0005087852478027344"><skipped message="Suite splitting in effect" type="pytest.skip">src/pymortests/affine_grid.py:91: &lt;py._xmlgen.raw object at 0x7f1e04ca93c8&gt;</skipped></testcase><testcase classname="src.pymortests.affine_grid" file="src/pymortests/affine_grid.py" line="91" name="test_jacobian_inverse_transposed_values[&lt;lambda&gt;28]" time="0.149461030960083"><skipped message="Suite splitting in effect" type="pytest.skip">src/pymortests/affine_grid.py:91: &lt;py._xmlgen.raw object at 0x7f1e04cb7f28&gt;</skipped></testcase><testcase classname="src.pymortests.affine_grid" file="src/pymortests/affine_grid.py" line="91" name="test_jacobian_inverse_transposed_values[&lt;lambda&gt;29]" time="0.0008304119110107422"><skipped message="Suite splitting in effect" type="pytest.skip">src/pymortests/affine_grid.py:91: &lt;py._xmlgen.raw object at 0x7f1e04cc2588&gt;</skipped></testcase><testcase classname="src.pymortests.affine_grid" file="src/pymortests/affine_grid.py" line="91" name="test_jacobian_inverse_transposed_values[&lt;lambda&gt;30]" time="0.0006854534149169922"><skipped message="Suite splitting in effect" type="pytest.skip">src/pymortests/affine_grid.py:91: &lt;py._xmlgen.raw object at 0x7f1e04ccd208&gt;</skipped></testcase><testcase classname="src.pymortests.affine_grid" file="src/pymortests/affine_grid.py" line="91" name="test_jacobian_inverse_transposed_values[&lt;lambda&gt;31]" time="0.0005271434783935547"><skipped message="Suite splitting in effect" type="pytest.skip">src/pymortests/affine_grid.py:91: &lt;py._xmlgen.raw object at 0x7f1e04ccdcc0&gt;</skipped></testcase><testcase classname="src.pymortests.affine_grid" file="src/pymortests/affine_grid.py" line="91" name="test_jacobian_inverse_transposed_values[&lt;lambda&gt;32]" time="0.0005438327789306641"><skipped message="Suite splitting in effect" type="pytest.skip">src/pymortests/affine_grid.py:91: &lt;py._xmlgen.raw object at 0x7f1e1404a550&gt;</skipped></testcase><testcase classname="src.pymortests.affine_grid" file="src/pymortests/affine_grid.py" line="91" name="test_jacobian_inverse_transposed_values[&lt;lambda&gt;33]" time="0.0006048679351806641"><skipped message="Suite splitting in effect" type="pytest.skip">src/pymortests/affine_grid.py:91: &lt;py._xmlgen.raw object at 0x7f1e1404a550&gt;</skipped></testcase><testcase classname="src.pymortests.affine_grid" file="src/pymortests/affine_grid.py" line="91" name="test_jacobian_inverse_transposed_values[&lt;lambda&gt;34]" time="0.0005385875701904297"><skipped message="Suite splitting in effect" type="pytest.skip">src/pymortests/affine_grid.py:91: &lt;py._xmlgen.raw object at 0x7f1e04ccdeb8&gt;</skipped></testcase><testcase classname="src.pymortests.affine_grid" file="src/pymortests/affine_grid.py" line="91" name="test_jacobian_inverse_transposed_values[&lt;lambda&gt;35]" time="0.00047850608825683594"><skipped message="Suite splitting in effect" type="pytest.skip">src/pymortests/affine_grid.py:91: &lt;py._xmlgen.raw object at 0x7f1e04ccdb70&gt;</skipped></testcase><testcase classname="src.pymortests.affine_grid" file="src/pymortests/affine_grid.py" line="91" name="test_jacobian_inverse_transposed_values[&lt;lambda&gt;36]" time="0.0004677772521972656"><skipped message="Suite splitting in effect" type="pytest.skip">src/pymortests/affine_grid.py:91: &lt;py._xmlgen.raw object at 0x7f1e04cc2b38&gt;</skipped></testcase><testcase classname="src.pymortests.affine_grid" file="src/pymortests/affine_grid.py" line="91" name="test_jacobian_inverse_transposed_values[&lt;lambda&gt;37]" time="0.0004811286926269531"><skipped message="Suite splitting in effect" type="pytest.skip">src/pymortests/affine_grid.py:91: &lt;py._xmlgen.raw object at 0x7f1e1407d358&gt;</skipped></testcase><testcase classname="src.pymortests.affine_grid" file="src/pymortests/affine_grid.py" line="91" name="test_jacobian_inverse_transposed_values[&lt;lambda&gt;38]" time="0.0005142688751220703"><skipped message="Suite splitting in effect" type="pytest.skip">src/pymortests/affine_grid.py:91: &lt;py._xmlgen.raw object at 0x7f1e04ca9e80&gt;</skipped></testcase><testcase classname="src.pymortests.affine_grid" file="src/pymortests/affine_grid.py" line="91" name="test_jacobian_inverse_transposed_values[&lt;lambda&gt;39]" time="0.0005240440368652344"><skipped message="Suite splitting in effect" type="pytest.skip">src/pymortests/affine_grid.py:91: &lt;py._xmlgen.raw object at 0x7f1e04d5ec18&gt;</skipped></testcase><testcase classname="src.pymortests.affine_grid" file="src/pymortests/affine_grid.py" line="91" name="test_jacobian_inverse_transposed_values[&lt;lambda&gt;40]" time="0.0007405281066894531"><skipped message="Suite splitting in effect" type="pytest.skip">src/pymortests/affine_grid.py:91: &lt;py._xmlgen.raw object at 0x7f1e04cd74a8&gt;</skipped></testcase><testcase classname="src.pymortests.affine_grid" file="src/pymortests/affine_grid.py" line="91" name="test_jacobian_inverse_transposed_values[&lt;lambda&gt;41]" time="0.0005156993865966797"><skipped message="Suite splitting in effect" type="pytest.skip">src/pymortests/affine_grid.py:91: &lt;py._xmlgen.raw object at 0x7f1ddcb282e8&gt;</skipped></testcase><testcase classname="src.pymortests.affine_grid" file="src/pymortests/affine_grid.py" line="91" name="test_jacobian_inverse_transposed_values[&lt;lambda&gt;42]" time="0.0005598068237304688"><skipped message="Suite splitting in effect" type="pytest.skip">src/pymortests/affine_grid.py:91: &lt;py._xmlgen.raw object at 0x7f1e04ca9f28&gt;</skipped></testcase><testcase classname="src.pymortests.affine_grid" file="src/pymortests/affine_grid.py" line="100" name="test_integration_elements_wrong_arguments[&lt;lambda&gt;0]" time="0.0004985332489013672"><skipped message="Suite splitting in effect" type="pytest.skip">src/pymortests/affine_grid.py:100: &lt;py._xmlgen.raw object at 0x7f1e04cb7748&gt;</skipped></testcase><testcase classname="src.pymortests.affine_grid" file="src/pymortests/affine_grid.py" line="100" name="test_integration_elements_wrong_arguments[&lt;lambda&gt;1]" time="0.000522613525390625"><skipped message="Suite splitting in effect" type="pytest.skip">src/pymortests/affine_grid.py:100: &lt;py._xmlgen.raw object at 0x7f1e140a4b38&gt;</skipped></testcase><testcase classname="src.pymortests.affine_grid" file="src/pymortests/affine_grid.py" line="100" name="test_integration_elements_wrong_arguments[&lt;lambda&gt;2]" time="0.0005004405975341797"><skipped message="Suite splitting in effect" type="pytest.skip">src/pymortests/affine_grid.py:100: &lt;py._xmlgen.raw object at 0x7f1e04ccddd8&gt;</skipped></testcase><testcase classname="src.pymortests.affine_grid" file="src/pymortests/affine_grid.py" line="100" name="test_integration_elements_wrong_arguments[&lt;lambda&gt;3]" time="0.00048470497131347656"><skipped message="Suite splitting in effect" type="pytest.skip">src/pymortests/affine_grid.py:100: &lt;py._xmlgen.raw object at 0x7f1e1404abe0&gt;</skipped></testcase><testcase classname="src.pymortests.affine_grid" file="src/pymortests/affine_grid.py" line="100" name="test_integration_elements_wrong_arguments[&lt;lambda&gt;4]" time="0.00047659873962402344"><skipped message="Suite splitting in effect" type="pytest.skip">src/pymortests/affine_grid.py:100: &lt;py._xmlgen.raw object at 0x7f1e04cd7390&gt;</skipped></testcase><testcase classname="src.pymortests.affine_grid" file="src/pymortests/affine_grid.py" line="100" name="test_integration_elements_wrong_arguments[&lt;lambda&gt;5]" time="0.0007803440093994141"><skipped message="Suite splitting in effect" type="pytest.skip">src/pymortests/affine_grid.py:100: &lt;py._xmlgen.raw object at 0x7f1e04cd7b38&gt;</skipped></testcase><testcase classname="src.pymortests.affine_grid" file="src/pymortests/affine_grid.py" line="100" name="test_integration_elements_wrong_arguments[&lt;lambda&gt;6]" time="0.0004661083221435547"><skipped message="Suite splitting in effect" type="pytest.skip">src/pymortests/affine_grid.py:100: &lt;py._xmlgen.raw object at 0x7f1e04ccd080&gt;</skipped></testcase><testcase classname="src.pymortests.affine_grid" file="src/pymortests/affine_grid.py" line="100" name="test_integration_elements_wrong_arguments[&lt;lambda&gt;7]" time="0.0005185604095458984"><skipped message="Suite splitting in effect" type="pytest.skip">src/pymortests/affine_grid.py:100: &lt;py._xmlgen.raw object at 0x7f1e13fee358&gt;</skipped></testcase><testcase classname="src.pymortests.affine_grid" file="src/pymortests/affine_grid.py" line="100" name="test_integration_elements_wrong_arguments[&lt;lambda&gt;8]" time="0.000492095947265625"><skipped message="Suite splitting in effect" type="pytest.skip">src/pymortests/affine_grid.py:100: &lt;py._xmlgen.raw object at 0x7f1e14092be0&gt;</skipped></testcase><testcase classname="src.pymortests.affine_grid" file="src/pymortests/affine_grid.py" line="100" name="test_integration_elements_wrong_arguments[&lt;lambda&gt;9]" time="0.0005009174346923828"><skipped message="Suite splitting in effect" type="pytest.skip">src/pymortests/affine_grid.py:100: &lt;py._xmlgen.raw object at 0x7f1e04ca9160&gt;</skipped></testcase><testcase classname="src.pymortests.affine_grid" file="src/pymortests/affine_grid.py" line="100" name="test_integration_elements_wrong_arguments[&lt;lambda&gt;10]" time="0.0005104541778564453"><skipped message="Suite splitting in effect" type="pytest.skip">src/pymortests/affine_grid.py:100: &lt;py._xmlgen.raw object at 0x7f1e198d8198&gt;</skipped></testcase><testcase classname="src.pymortests.affine_grid" file="src/pymortests/affine_grid.py" line="100" name="test_integration_elements_wrong_arguments[&lt;lambda&gt;11]" time="0.0004782676696777344"><skipped message="Suite splitting in effect" type="pytest.skip">src/pymortests/affine_grid.py:100: &lt;py._xmlgen.raw object at 0x7f1e04cd7908&gt;</skipped></testcase><testcase classname="src.pymortests.affine_grid" file="src/pymortests/affine_grid.py" line="100" name="test_integration_elements_wrong_arguments[&lt;lambda&gt;12]" time="0.0005199909210205078"><skipped message="Suite splitting in effect" type="pytest.skip">src/pymortests/affine_grid.py:100: &lt;py._xmlgen.raw object at 0x7f1e04cd7c18&gt;</skipped></testcase><testcase classname="src.pymortests.affine_grid" file="src/pymortests/affine_grid.py" line="100" name="test_integration_elements_wrong_arguments[&lt;lambda&gt;13]" time="0.0008492469787597656"><skipped message="Suite splitting in effect" type="pytest.skip">src/pymortests/affine_grid.py:100: &lt;py._xmlgen.raw object at 0x7f1e04ce0198&gt;</skipped></testcase><testcase classname="src.pymortests.affine_grid" file="src/pymortests/affine_grid.py" line="100" name="test_integration_elements_wrong_arguments[&lt;lambda&gt;14]" time="0.0005605220794677734"><skipped message="Suite splitting in effect" type="pytest.skip">src/pymortests/affine_grid.py:100: &lt;py._xmlgen.raw object at 0x7f1e04cd74e0&gt;</skipped></testcase><testcase classname="src.pymortests.affine_grid" file="src/pymortests/affine_grid.py" line="100" name="test_integration_elements_wrong_arguments[&lt;lambda&gt;15]" time="0.0005204677581787109"><skipped message="Suite splitting in effect" type="pytest.skip">src/pymortests/affine_grid.py:100: &lt;py._xmlgen.raw object at 0x7f1e04cfdc18&gt;</skipped></testcase><testcase classname="src.pymortests.affine_grid" file="src/pymortests/affine_grid.py" line="100" name="test_integration_elements_wrong_arguments[&lt;lambda&gt;16]" time="0.0005328655242919922"><skipped message="Suite splitting in effect" type="pytest.skip">src/pymortests/affine_grid.py:100: &lt;py._xmlgen.raw object at 0x7f1e04ca9f28&gt;</skipped></testcase><testcase classname="src.pymortests.affine_grid" file="src/pymortests/affine_grid.py" line="100" name="test_integration_elements_wrong_arguments[&lt;lambda&gt;17]" time="0.0005564689636230469"><skipped message="Suite splitting in effect" type="pytest.skip">src/pymortests/affine_grid.py:100: &lt;py._xmlgen.raw object at 0x7f1e04cc25c0&gt;</skipped></testcase><testcase classname="src.pymortests.affine_grid" file="src/pymortests/affine_grid.py" line="100" name="test_integration_elements_wrong_arguments[&lt;lambda&gt;18]" time="0.0004885196685791016"><skipped message="Suite splitting in effect" type="pytest.skip">src/pymortests/affine_grid.py:100: &lt;py._xmlgen.raw object at 0x7f1e13fee7f0&gt;</skipped></testcase><testcase classname="src.pymortests.affine_grid" file="src/pymortests/affine_grid.py" line="100" name="test_integration_elements_wrong_arguments[&lt;lambda&gt;19]" time="0.0005156993865966797"><skipped message="Suite splitting in effect" type="pytest.skip">src/pymortests/affine_grid.py:100: &lt;py._xmlgen.raw object at 0x7f1e04ccd3c8&gt;</skipped></testcase><testcase classname="src.pymortests.affine_grid" file="src/pymortests/affine_grid.py" line="100" name="test_integration_elements_wrong_arguments[&lt;lambda&gt;20]" time="0.0005538463592529297"><skipped message="Suite splitting in effect" type="pytest.skip">src/pymortests/affine_grid.py:100: &lt;py._xmlgen.raw object at 0x7f1e04ce0048&gt;</skipped></testcase><testcase classname="src.pymortests.affine_grid" file="src/pymortests/affine_grid.py" line="100" name="test_integration_elements_wrong_arguments[&lt;lambda&gt;21]" time="0.0007808208465576172"><skipped message="Suite splitting in effect" type="pytest.skip">src/pymortests/affine_grid.py:100: &lt;py._xmlgen.raw object at 0x7f1e04ce07b8&gt;</skipped></testcase><testcase classname="src.pymortests.affine_grid" file="src/pymortests/affine_grid.py" line="100" name="test_integration_elements_wrong_arguments[&lt;lambda&gt;22]" time="0.0004611015319824219"><skipped message="Suite splitting in effect" type="pytest.skip">src/pymortests/affine_grid.py:100: &lt;py._xmlgen.raw object at 0x7f1e04ccd208&gt;</skipped></testcase><testcase classname="src.pymortests.affine_grid" file="src/pymortests/affine_grid.py" line="100" name="test_integration_elements_wrong_arguments[&lt;lambda&gt;23]" time="0.0006592273712158203"><skipped message="Suite splitting in effect" type="pytest.skip">src/pymortests/affine_grid.py:100: &lt;py._xmlgen.raw object at 0x7f1e04cc2390&gt;</skipped></testcase><testcase classname="src.pymortests.affine_grid" file="src/pymortests/affine_grid.py" line="100" name="test_integration_elements_wrong_arguments[&lt;lambda&gt;24]" time="0.0005626678466796875"><skipped message="Suite splitting in effect" type="pytest.skip">src/pymortests/affine_grid.py:100: &lt;py._xmlgen.raw object at 0x7f1e14114400&gt;</skipped></testcase><testcase classname="src.pymortests.affine_grid" file="src/pymortests/affine_grid.py" line="100" name="test_integration_elements_wrong_arguments[&lt;lambda&gt;25]" time="0.00046825408935546875"><skipped message="Suite splitting in effect" type="pytest.skip">src/pymortests/affine_grid.py:100: &lt;py._xmlgen.raw object at 0x7f1e04ca9e80&gt;</skipped></testcase><testcase classname="src.pymortests.affine_grid" file="src/pymortests/affine_grid.py" line="100" name="test_integration_elements_wrong_arguments[&lt;lambda&gt;26]" time="0.0005311965942382812"><skipped message="Suite splitting in effect" type="pytest.skip">src/pymortests/affine_grid.py:100: &lt;py._xmlgen.raw object at 0x7f1e04cd75c0&gt;</skipped></testcase><testcase classname="src.pymortests.affine_grid" file="src/pymortests/affine_grid.py" line="100" name="test_integration_elements_wrong_arguments[&lt;lambda&gt;27]" time="0.0006909370422363281"><skipped message="Suite splitting in effect" type="pytest.skip">src/pymortests/affine_grid.py:100: &lt;py._xmlgen.raw object at 0x7f1e04cd7a20&gt;</skipped></testcase><testcase classname="src.pymortests.affine_grid" file="src/pymortests/affine_grid.py" line="100" name="test_integration_elements_wrong_arguments[&lt;lambda&gt;28]" time="0.0004932880401611328"><skipped message="Suite splitting in effect" type="pytest.skip">src/pymortests/affine_grid.py:100: &lt;py._xmlgen.raw object at 0x7f1e04ce0048&gt;</skipped></testcase><testcase classname="src.pymortests.affine_grid" file="src/pymortests/affine_grid.py" line="100" name="test_integration_elements_wrong_arguments[&lt;lambda&gt;29]" time="0.0008230209350585938"><skipped message="Suite splitting in effect" type="pytest.skip">src/pymortests/affine_grid.py:100: &lt;py._xmlgen.raw object at 0x7f1e04ce0dd8&gt;</skipped></testcase><testcase classname="src.pymortests.affine_grid" file="src/pymortests/affine_grid.py" line="100" name="test_integration_elements_wrong_arguments[&lt;lambda&gt;30]" time="0.0005362033843994141"><skipped message="Suite splitting in effect" type="pytest.skip">src/pymortests/affine_grid.py:100: &lt;py._xmlgen.raw object at 0x7f1e04cd7748&gt;</skipped></testcase><testcase classname="src.pymortests.affine_grid" file="src/pymortests/affine_grid.py" line="100" name="test_integration_elements_wrong_arguments[&lt;lambda&gt;31]" time="0.0005638599395751953"><skipped message="Suite splitting in effect" type="pytest.skip">src/pymortests/affine_grid.py:100: &lt;py._xmlgen.raw object at 0x7f1e140ef7f0&gt;</skipped></testcase><testcase classname="src.pymortests.affine_grid" file="src/pymortests/affine_grid.py" line="100" name="test_integration_elements_wrong_arguments[&lt;lambda&gt;32]" time="0.0004887580871582031"><skipped message="Suite splitting in effect" type="pytest.skip">src/pymortests/affine_grid.py:100: &lt;py._xmlgen.raw object at 0x7f1e04cc2e48&gt;</skipped></testcase><testcase classname="src.pymortests.affine_grid" file="src/pymortests/affine_grid.py" line="100" name="test_integration_elements_wrong_arguments[&lt;lambda&gt;33]" time="0.000576019287109375"><skipped message="Suite splitting in effect" type="pytest.skip">src/pymortests/affine_grid.py:100: &lt;py._xmlgen.raw object at 0x7f1e14059358&gt;</skipped></testcase><testcase classname="src.pymortests.affine_grid" file="src/pymortests/affine_grid.py" line="100" name="test_integration_elements_wrong_arguments[&lt;lambda&gt;34]" time="0.0005271434783935547"><skipped message="Suite splitting in effect" type="pytest.skip">src/pymortests/affine_grid.py:100: &lt;py._xmlgen.raw object at 0x7f1e13ffe208&gt;</skipped></testcase><testcase classname="src.pymortests.affine_grid" file="src/pymortests/affine_grid.py" line="100" name="test_integration_elements_wrong_arguments[&lt;lambda&gt;35]" time="0.0005686283111572266"><skipped message="Suite splitting in effect" type="pytest.skip">src/pymortests/affine_grid.py:100: &lt;py._xmlgen.raw object at 0x7f1e04ce0a90&gt;</skipped></testcase><testcase classname="src.pymortests.affine_grid" file="src/pymortests/affine_grid.py" line="100" name="test_integration_elements_wrong_arguments[&lt;lambda&gt;36]" time="0.00048232078552246094"><skipped message="Suite splitting in effect" type="pytest.skip">src/pymortests/affine_grid.py:100: &lt;py._xmlgen.raw object at 0x7f1e04ce0320&gt;</skipped></testcase><testcase classname="src.pymortests.affine_grid" file="src/pymortests/affine_grid.py" line="100" name="test_integration_elements_wrong_arguments[&lt;lambda&gt;37]" time="0.0008263587951660156"><skipped message="Suite splitting in effect" type="pytest.skip">src/pymortests/affine_grid.py:100: &lt;py._xmlgen.raw object at 0x7f1e04c6b438&gt;</skipped></testcase><testcase classname="src.pymortests.affine_grid" file="src/pymortests/affine_grid.py" line="100" name="test_integration_elements_wrong_arguments[&lt;lambda&gt;38]" time="0.0005483627319335938"><skipped message="Suite splitting in effect" type="pytest.skip">src/pymortests/affine_grid.py:100: &lt;py._xmlgen.raw object at 0x7f1e04ce09b0&gt;</skipped></testcase><testcase classname="src.pymortests.affine_grid" file="src/pymortests/affine_grid.py" line="100" name="test_integration_elements_wrong_arguments[&lt;lambda&gt;39]" time="0.0004811286926269531"><skipped message="Suite splitting in effect" type="pytest.skip">src/pymortests/affine_grid.py:100: &lt;py._xmlgen.raw object at 0x7f1e04ccd4e0&gt;</skipped></testcase><testcase classname="src.pymortests.affine_grid" file="src/pymortests/affine_grid.py" line="100" name="test_integration_elements_wrong_arguments[&lt;lambda&gt;40]" time="0.0005133152008056641"><skipped message="Suite splitting in effect" type="pytest.skip">src/pymortests/affine_grid.py:100: &lt;py._xmlgen.raw object at 0x7f1e13feef28&gt;</skipped></testcase><testcase classname="src.pymortests.affine_grid" file="src/pymortests/affine_grid.py" line="100" name="test_integration_elements_wrong_arguments[&lt;lambda&gt;41]" time="0.000522613525390625"><skipped message="Suite splitting in effect" type="pytest.skip">src/pymortests/affine_grid.py:100: &lt;py._xmlgen.raw object at 0x7f1e04cc2d30&gt;</skipped></testcase><testcase classname="src.pymortests.affine_grid" file="src/pymortests/affine_grid.py" line="100" name="test_integration_elements_wrong_arguments[&lt;lambda&gt;42]" time="0.00048279762268066406"><skipped message="Suite splitting in effect" type="pytest.skip">src/pymortests/affine_grid.py:100: &lt;py._xmlgen.raw object at 0x7f1ddd2d44a8&gt;</skipped></testcase><testcase classname="src.pymortests.affine_grid" file="src/pymortests/affine_grid.py" line="108" name="test_integration_elements_shape[&lt;lambda&gt;0]" time="0.0005373954772949219"><skipped message="Suite splitting in effect" type="pytest.skip">src/pymortests/affine_grid.py:108: &lt;py._xmlgen.raw object at 0x7f1e04cd7fd0&gt;</skipped></testcase><testcase classname="src.pymortests.affine_grid" file="src/pymortests/affine_grid.py" line="108" name="test_integration_elements_shape[&lt;lambda&gt;1]" time="0.000518798828125"><skipped message="Suite splitting in effect" type="pytest.skip">src/pymortests/affine_grid.py:108: &lt;py._xmlgen.raw object at 0x7f1e04c6b2b0&gt;</skipped></testcase><testcase classname="src.pymortests.affine_grid" file="src/pymortests/affine_grid.py" line="108" name="test_integration_elements_shape[&lt;lambda&gt;2]" time="0.0008242130279541016"><skipped message="Suite splitting in effect" type="pytest.skip">src/pymortests/affine_grid.py:108: &lt;py._xmlgen.raw object at 0x7f1e04c6ba58&gt;</skipped></testcase><testcase classname="src.pymortests.affine_grid" file="src/pymortests/affine_grid.py" line="108" name="test_integration_elements_shape[&lt;lambda&gt;3]" time="0.0005178451538085938"><skipped message="Suite splitting in effect" type="pytest.skip">src/pymortests/affine_grid.py:108: &lt;py._xmlgen.raw object at 0x7f1e04cd71d0&gt;</skipped></testcase><testcase classname="src.pymortests.affine_grid" file="src/pymortests/affine_grid.py" line="108" name="test_integration_elements_shape[&lt;lambda&gt;4]" time="0.0006823539733886719"><skipped message="Suite splitting in effect" type="pytest.skip">src/pymortests/affine_grid.py:108: &lt;py._xmlgen.raw object at 0x7f1e04cc2d30&gt;</skipped></testcase><testcase classname="src.pymortests.affine_grid" file="src/pymortests/affine_grid.py" line="108" name="test_integration_elements_shape[&lt;lambda&gt;5]" time="0.0005674362182617188"><skipped message="Suite splitting in effect" type="pytest.skip">src/pymortests/affine_grid.py:108: &lt;py._xmlgen.raw object at 0x7f1e140592b0&gt;</skipped></testcase><testcase classname="src.pymortests.affine_grid" file="src/pymortests/affine_grid.py" line="108" name="test_integration_elements_shape[&lt;lambda&gt;6]" time="0.0004911422729492188"><skipped message="Suite splitting in effect" type="pytest.skip">src/pymortests/affine_grid.py:108: &lt;py._xmlgen.raw object at 0x7f1e1404a6a0&gt;</skipped></testcase><testcase classname="src.pymortests.affine_grid" file="src/pymortests/affine_grid.py" line="108" name="test_integration_elements_shape[&lt;lambda&gt;7]" time="0.00047135353088378906"><skipped message="Suite splitting in effect" type="pytest.skip">src/pymortests/affine_grid.py:108: &lt;py._xmlgen.raw object at 0x7f1e04ce0240&gt;</skipped></testcase><testcase classname="src.pymortests.affine_grid" file="src/pymortests/affine_grid.py" line="108" name="test_integration_elements_shape[&lt;lambda&gt;8]" time="0.00048279762268066406"><skipped message="Suite splitting in effect" type="pytest.skip">src/pymortests/affine_grid.py:108: &lt;py._xmlgen.raw object at 0x7f1e04c6bbe0&gt;</skipped></testcase><testcase classname="src.pymortests.affine_grid" file="src/pymortests/affine_grid.py" line="108" name="test_integration_elements_shape[&lt;lambda&gt;9]" time="0.0005087852478027344"><skipped message="Suite splitting in effect" type="pytest.skip">src/pymortests/affine_grid.py:108: &lt;py._xmlgen.raw object at 0x7f1e04c6b128&gt;</skipped></testcase><testcase classname="src.pymortests.affine_grid" file="src/pymortests/affine_grid.py" line="108" name="test_integration_elements_shape[&lt;lambda&gt;10]" time="0.0008878707885742188"><skipped message="Suite splitting in effect" type="pytest.skip">src/pymortests/affine_grid.py:108: &lt;py._xmlgen.raw object at 0x7f1e04c760b8&gt;</skipped></testcase><testcase classname="src.pymortests.affine_grid" file="src/pymortests/affine_grid.py" line="108" name="test_integration_elements_shape[&lt;lambda&gt;11]" time="0.0005462169647216797"><skipped message="Suite splitting in effect" type="pytest.skip">src/pymortests/affine_grid.py:108: &lt;py._xmlgen.raw object at 0x7f1e04c6b908&gt;</skipped></testcase><testcase classname="src.pymortests.affine_grid" file="src/pymortests/affine_grid.py" line="108" name="test_integration_elements_shape[&lt;lambda&gt;12]" time="0.0004589557647705078"><skipped message="Suite splitting in effect" type="pytest.skip">src/pymortests/affine_grid.py:108: &lt;py._xmlgen.raw object at 0x7f1e04ce05f8&gt;</skipped></testcase><testcase classname="src.pymortests.affine_grid" file="src/pymortests/affine_grid.py" line="108" name="test_integration_elements_shape[&lt;lambda&gt;13]" time="0.0005002021789550781"><skipped message="Suite splitting in effect" type="pytest.skip">src/pymortests/affine_grid.py:108: &lt;py._xmlgen.raw object at 0x7f1e04ccdf60&gt;</skipped></testcase><testcase classname="src.pymortests.affine_grid" file="src/pymortests/affine_grid.py" line="108" name="test_integration_elements_shape[&lt;lambda&gt;14]" time="0.0004830360412597656"><skipped message="Suite splitting in effect" type="pytest.skip">src/pymortests/affine_grid.py:108: &lt;py._xmlgen.raw object at 0x7f1e13ffed30&gt;</skipped></testcase><testcase classname="src.pymortests.affine_grid" file="src/pymortests/affine_grid.py" line="108" name="test_integration_elements_shape[&lt;lambda&gt;15]" time="0.0005342960357666016"><skipped message="Suite splitting in effect" type="pytest.skip">src/pymortests/affine_grid.py:108: &lt;py._xmlgen.raw object at 0x7f1e04db6470&gt;</skipped></testcase><testcase classname="src.pymortests.affine_grid" file="src/pymortests/affine_grid.py" line="108" name="test_integration_elements_shape[&lt;lambda&gt;16]" time="0.0005733966827392578"><skipped message="Suite splitting in effect" type="pytest.skip">src/pymortests/affine_grid.py:108: &lt;py._xmlgen.raw object at 0x7f1e14010c88&gt;</skipped></testcase><testcase classname="src.pymortests.affine_grid" file="src/pymortests/affine_grid.py" line="108" name="test_integration_elements_shape[&lt;lambda&gt;17]" time="0.0004703998565673828"><skipped message="Suite splitting in effect" type="pytest.skip">src/pymortests/affine_grid.py:108: &lt;py._xmlgen.raw object at 0x7f1e04c761d0&gt;</skipped></testcase><testcase classname="src.pymortests.affine_grid" file="src/pymortests/affine_grid.py" line="108" name="test_integration_elements_shape[&lt;lambda&gt;18]" time="0.0008101463317871094"><skipped message="Suite splitting in effect" type="pytest.skip">src/pymortests/affine_grid.py:108: &lt;py._xmlgen.raw object at 0x7f1e04c766d8&gt;</skipped></testcase><testcase classname="src.pymortests.affine_grid" file="src/pymortests/affine_grid.py" line="108" name="test_integration_elements_shape[&lt;lambda&gt;19]" time="0.00047087669372558594"><skipped message="Suite splitting in effect" type="pytest.skip">src/pymortests/affine_grid.py:108: &lt;py._xmlgen.raw object at 0x7f1e04cfdef0&gt;</skipped></testcase><testcase classname="src.pymortests.affine_grid" file="src/pymortests/affine_grid.py" line="108" name="test_integration_elements_shape[&lt;lambda&gt;20]" time="0.000476837158203125"><skipped message="Suite splitting in effect" type="pytest.skip">src/pymortests/affine_grid.py:108: &lt;py._xmlgen.raw object at 0x7f1e14032c88&gt;</skipped></testcase><testcase classname="src.pymortests.affine_grid" file="src/pymortests/affine_grid.py" line="108" name="test_integration_elements_shape[&lt;lambda&gt;21]" time="0.0005128383636474609"><skipped message="Suite splitting in effect" type="pytest.skip">src/pymortests/affine_grid.py:108: &lt;py._xmlgen.raw object at 0x7f1e1404a6a0&gt;</skipped></testcase><testcase classname="src.pymortests.affine_grid" file="src/pymortests/affine_grid.py" line="108" name="test_integration_elements_shape[&lt;lambda&gt;22]" time="0.0005753040313720703"><skipped message="Suite splitting in effect" type="pytest.skip">src/pymortests/affine_grid.py:108: &lt;py._xmlgen.raw object at 0x7f1e04ce05f8&gt;</skipped></testcase><testcase classname="src.pymortests.affine_grid" file="src/pymortests/affine_grid.py" line="108" name="test_integration_elements_shape[&lt;lambda&gt;23]" time="0.0005331039428710938"><skipped message="Suite splitting in effect" type="pytest.skip">src/pymortests/affine_grid.py:108: &lt;py._xmlgen.raw object at 0x7f1e04c6b748&gt;</skipped></testcase><testcase classname="src.pymortests.affine_grid" file="src/pymortests/affine_grid.py" line="108" name="test_integration_elements_shape[&lt;lambda&gt;24]" time="0.0005438327789306641"><skipped message="Suite splitting in effect" type="pytest.skip">src/pymortests/affine_grid.py:108: &lt;py._xmlgen.raw object at 0x7f1e04c6b5c0&gt;</skipped></testcase><testcase classname="src.pymortests.affine_grid" file="src/pymortests/affine_grid.py" line="108" name="test_integration_elements_shape[&lt;lambda&gt;25]" time="0.0005192756652832031"><skipped message="Suite splitting in effect" type="pytest.skip">src/pymortests/affine_grid.py:108: &lt;py._xmlgen.raw object at 0x7f1e04c76358&gt;</skipped></testcase><testcase classname="src.pymortests.affine_grid" file="src/pymortests/affine_grid.py" line="108" name="test_integration_elements_shape[&lt;lambda&gt;26]" time="0.0007941722869873047"><skipped message="Suite splitting in effect" type="pytest.skip">src/pymortests/affine_grid.py:108: &lt;py._xmlgen.raw object at 0x7f1e04c76cf8&gt;</skipped></testcase><testcase classname="src.pymortests.affine_grid" file="src/pymortests/affine_grid.py" line="108" name="test_integration_elements_shape[&lt;lambda&gt;27]" time="0.00048160552978515625"><skipped message="Suite splitting in effect" type="pytest.skip">src/pymortests/affine_grid.py:108: &lt;py._xmlgen.raw object at 0x7f1e04c6b710&gt;</skipped></testcase><testcase classname="src.pymortests.affine_grid" file="src/pymortests/affine_grid.py" line="108" name="test_integration_elements_shape[&lt;lambda&gt;28]" time="0.0005347728729248047"><skipped message="Suite splitting in effect" type="pytest.skip">src/pymortests/affine_grid.py:108: &lt;py._xmlgen.raw object at 0x7f1e04ce05f8&gt;</skipped></testcase><testcase classname="src.pymortests.affine_grid" file="src/pymortests/affine_grid.py" line="108" name="test_integration_elements_shape[&lt;lambda&gt;29]" time="0.0005102157592773438"><skipped message="Suite splitting in effect" type="pytest.skip">src/pymortests/affine_grid.py:108: &lt;py._xmlgen.raw object at 0x7f1e13ffedd8&gt;</skipped></testcase><testcase classname="src.pymortests.affine_grid" file="src/pymortests/affine_grid.py" line="108" name="test_integration_elements_shape[&lt;lambda&gt;30]" time="0.000469207763671875"><skipped message="Suite splitting in effect" type="pytest.skip">src/pymortests/affine_grid.py:108: &lt;py._xmlgen.raw object at 0x7f1e13fee7f0&gt;</skipped></testcase><testcase classname="src.pymortests.affine_grid" file="src/pymortests/affine_grid.py" line="108" name="test_integration_elements_shape[&lt;lambda&gt;31]" time="0.0005335807800292969"><skipped message="Suite splitting in effect" type="pytest.skip">src/pymortests/affine_grid.py:108: &lt;py._xmlgen.raw object at 0x7f1e04cd7f28&gt;</skipped></testcase><testcase classname="src.pymortests.affine_grid" file="src/pymortests/affine_grid.py" line="108" name="test_integration_elements_shape[&lt;lambda&gt;32]" time="0.0005445480346679688"><skipped message="Suite splitting in effect" type="pytest.skip">src/pymortests/affine_grid.py:108: &lt;py._xmlgen.raw object at 0x7f1e04c76208&gt;</skipped></testcase><testcase classname="src.pymortests.affine_grid" file="src/pymortests/affine_grid.py" line="108" name="test_integration_elements_shape[&lt;lambda&gt;33]" time="0.0005609989166259766"><skipped message="Suite splitting in effect" type="pytest.skip">src/pymortests/affine_grid.py:108: &lt;py._xmlgen.raw object at 0x7f1e04c76550&gt;</skipped></testcase><testcase classname="src.pymortests.affine_grid" file="src/pymortests/affine_grid.py" line="108" name="test_integration_elements_shape[&lt;lambda&gt;34]" time="0.0013151168823242188"><skipped message="Suite splitting in effect" type="pytest.skip">src/pymortests/affine_grid.py:108: &lt;py._xmlgen.raw object at 0x7f1e04c82358&gt;</skipped></testcase><testcase classname="src.pymortests.affine_grid" file="src/pymortests/affine_grid.py" line="108" name="test_integration_elements_shape[&lt;lambda&gt;35]" time="0.0005280971527099609"><skipped message="Suite splitting in effect" type="pytest.skip">src/pymortests/affine_grid.py:108: &lt;py._xmlgen.raw object at 0x7f1e04ca9e80&gt;</skipped></testcase><testcase classname="src.pymortests.affine_grid" file="src/pymortests/affine_grid.py" line="108" name="test_integration_elements_shape[&lt;lambda&gt;36]" time="0.0005395412445068359"><skipped message="Suite splitting in effect" type="pytest.skip">src/pymortests/affine_grid.py:108: &lt;py._xmlgen.raw object at 0x7f1e14023208&gt;</skipped></testcase><testcase classname="src.pymortests.affine_grid" file="src/pymortests/affine_grid.py" line="108" name="test_integration_elements_shape[&lt;lambda&gt;37]" time="0.0006198883056640625"><skipped message="Suite splitting in effect" type="pytest.skip">src/pymortests/affine_grid.py:108: &lt;py._xmlgen.raw object at 0x7f1e04c76518&gt;</skipped></testcase><testcase classname="src.pymortests.affine_grid" file="src/pymortests/affine_grid.py" line="108" name="test_integration_elements_shape[&lt;lambda&gt;38]" time="0.0004811286926269531"><skipped message="Suite splitting in effect" type="pytest.skip">src/pymortests/affine_grid.py:108: &lt;py._xmlgen.raw object at 0x7f1e04c76dd8&gt;</skipped></testcase><testcase classname="src.pymortests.affine_grid" file="src/pymortests/affine_grid.py" line="108" name="test_integration_elements_shape[&lt;lambda&gt;39]" time="0.0005178451538085938"><skipped message="Suite splitting in effect" type="pytest.skip">src/pymortests/affine_grid.py:108: &lt;py._xmlgen.raw object at 0x7f1e04c6b710&gt;</skipped></testcase><testcase classname="src.pymortests.affine_grid" file="src/pymortests/affine_grid.py" line="108" name="test_integration_elements_shape[&lt;lambda&gt;40]" time="0.0005393028259277344"><skipped message="Suite splitting in effect" type="pytest.skip">src/pymortests/affine_grid.py:108: &lt;py._xmlgen.raw object at 0x7f1e04c6b438&gt;</skipped></testcase><testcase classname="src.pymortests.affine_grid" file="src/pymortests/affine_grid.py" line="108" name="test_integration_elements_shape[&lt;lambda&gt;41]" time="0.0005095005035400391"><skipped message="Suite splitting in effect" type="pytest.skip">src/pymortests/affine_grid.py:108: &lt;py._xmlgen.raw object at 0x7f1e04ce0198&gt;</skipped></testcase><testcase classname="src.pymortests.affine_grid" file="src/pymortests/affine_grid.py" line="108" name="test_integration_elements_shape[&lt;lambda&gt;42]" time="0.0005590915679931641"><skipped message="Suite splitting in effect" type="pytest.skip">src/pymortests/affine_grid.py:108: &lt;py._xmlgen.raw object at 0x7f1e1404a898&gt;</skipped></testcase><testcase classname="src.pymortests.affine_grid" file="src/pymortests/affine_grid.py" line="114" name="test_integration_elements_values[&lt;lambda&gt;0]" time="0.0005669593811035156"><skipped message="Suite splitting in effect" type="pytest.skip">src/pymortests/affine_grid.py:114: &lt;py._xmlgen.raw object at 0x7f1e04cd7470&gt;</skipped></testcase><testcase classname="src.pymortests.affine_grid" file="src/pymortests/affine_grid.py" line="114" name="test_integration_elements_values[&lt;lambda&gt;1]" time="0.0005278587341308594"><skipped message="Suite splitting in effect" type="pytest.skip">src/pymortests/affine_grid.py:114: &lt;py._xmlgen.raw object at 0x7f1e04c6b0f0&gt;</skipped></testcase><testcase classname="src.pymortests.affine_grid" file="src/pymortests/affine_grid.py" line="114" name="test_integration_elements_values[&lt;lambda&gt;2]" time="0.00048422813415527344"><skipped message="Suite splitting in effect" type="pytest.skip">src/pymortests/affine_grid.py:114: &lt;py._xmlgen.raw object at 0x7f1e04c6b7b8&gt;</skipped></testcase><testcase classname="src.pymortests.affine_grid" file="src/pymortests/affine_grid.py" line="114" name="test_integration_elements_values[&lt;lambda&gt;3]" time="0.0005083084106445312"><skipped message="Suite splitting in effect" type="pytest.skip">src/pymortests/affine_grid.py:114: &lt;py._xmlgen.raw object at 0x7f1e04c76b00&gt;</skipped></testcase><testcase classname="src.pymortests.affine_grid" file="src/pymortests/affine_grid.py" line="114" name="test_integration_elements_values[&lt;lambda&gt;4]" time="0.0005440711975097656"><skipped message="Suite splitting in effect" type="pytest.skip">src/pymortests/affine_grid.py:114: &lt;py._xmlgen.raw object at 0x7f1e14023358&gt;</skipped></testcase><testcase classname="src.pymortests.affine_grid" file="src/pymortests/affine_grid.py" line="114" name="test_integration_elements_values[&lt;lambda&gt;5]" time="0.00048279762268066406"><skipped message="Suite splitting in effect" type="pytest.skip">src/pymortests/affine_grid.py:114: &lt;py._xmlgen.raw object at 0x7f1e13ffe208&gt;</skipped></testcase><testcase classname="src.pymortests.affine_grid" file="src/pymortests/affine_grid.py" line="114" name="test_integration_elements_values[&lt;lambda&gt;6]" time="0.0005247592926025391"><skipped message="Suite splitting in effect" type="pytest.skip">src/pymortests/affine_grid.py:114: &lt;py._xmlgen.raw object at 0x7f1e13fb4400&gt;</skipped></testcase><testcase classname="src.pymortests.affine_grid" file="src/pymortests/affine_grid.py" line="114" name="test_integration_elements_values[&lt;lambda&gt;7]" time="0.0005404949188232422"><skipped message="Suite splitting in effect" type="pytest.skip">src/pymortests/affine_grid.py:114: &lt;py._xmlgen.raw object at 0x7f1e04c824a8&gt;</skipped></testcase><testcase classname="src.pymortests.affine_grid" file="src/pymortests/affine_grid.py" line="114" name="test_integration_elements_values[&lt;lambda&gt;8]" time="0.0009407997131347656"><skipped message="Suite splitting in effect" type="pytest.skip">src/pymortests/affine_grid.py:114: &lt;py._xmlgen.raw object at 0x7f1e13fee898&gt;</skipped></testcase><testcase classname="src.pymortests.affine_grid" file="src/pymortests/affine_grid.py" line="114" name="test_integration_elements_values[&lt;lambda&gt;9]" time="0.0005176067352294922"><skipped message="Suite splitting in effect" type="pytest.skip">src/pymortests/affine_grid.py:114: &lt;py._xmlgen.raw object at 0x7f1e14023f28&gt;</skipped></testcase><testcase classname="src.pymortests.affine_grid" file="src/pymortests/affine_grid.py" line="114" name="test_integration_elements_values[&lt;lambda&gt;10]" time="0.0004832744598388672"><skipped message="Suite splitting in effect" type="pytest.skip">src/pymortests/affine_grid.py:114: &lt;py._xmlgen.raw object at 0x7f1e04c76518&gt;</skipped></testcase><testcase classname="src.pymortests.affine_grid" file="src/pymortests/affine_grid.py" line="114" name="test_integration_elements_values[&lt;lambda&gt;11]" time="0.0004987716674804688"><skipped message="Suite splitting in effect" type="pytest.skip">src/pymortests/affine_grid.py:114: &lt;py._xmlgen.raw object at 0x7f1e04c766a0&gt;</skipped></testcase><testcase classname="src.pymortests.affine_grid" file="src/pymortests/affine_grid.py" line="114" name="test_integration_elements_values[&lt;lambda&gt;12]" time="0.0005550384521484375"><skipped message="Suite splitting in effect" type="pytest.skip">src/pymortests/affine_grid.py:114: &lt;py._xmlgen.raw object at 0x7f1e04c6b978&gt;</skipped></testcase><testcase classname="src.pymortests.affine_grid" file="src/pymortests/affine_grid.py" line="114" name="test_integration_elements_values[&lt;lambda&gt;13]" time="0.0005469322204589844"><skipped message="Suite splitting in effect" type="pytest.skip">src/pymortests/affine_grid.py:114: &lt;py._xmlgen.raw object at 0x7f1e04ce0780&gt;</skipped></testcase><testcase classname="src.pymortests.affine_grid" file="src/pymortests/affine_grid.py" line="114" name="test_integration_elements_values[&lt;lambda&gt;14]" time="0.0004918575286865234"><skipped message="Suite splitting in effect" type="pytest.skip">src/pymortests/affine_grid.py:114: &lt;py._xmlgen.raw object at 0x7f1e04cd7b00&gt;</skipped></testcase><testcase classname="src.pymortests.affine_grid" file="src/pymortests/affine_grid.py" line="114" name="test_integration_elements_values[&lt;lambda&gt;15]" time="0.0005614757537841797"><skipped message="Suite splitting in effect" type="pytest.skip">src/pymortests/affine_grid.py:114: &lt;py._xmlgen.raw object at 0x7f1e04c82780&gt;</skipped></testcase><testcase classname="src.pymortests.affine_grid" file="src/pymortests/affine_grid.py" line="114" name="test_integration_elements_values[&lt;lambda&gt;16]" time="0.0008111000061035156"><skipped message="Suite splitting in effect" type="pytest.skip">src/pymortests/affine_grid.py:114: &lt;py._xmlgen.raw object at 0x7f1e04cd7b00&gt;</skipped></testcase><testcase classname="src.pymortests.affine_grid" file="src/pymortests/affine_grid.py" line="114" name="test_integration_elements_values[&lt;lambda&gt;17]" time="0.0005538463592529297"><skipped message="Suite splitting in effect" type="pytest.skip">src/pymortests/affine_grid.py:114: &lt;py._xmlgen.raw object at 0x7f1e04c6b470&gt;</skipped></testcase><testcase classname="src.pymortests.affine_grid" file="src/pymortests/affine_grid.py" line="114" name="test_integration_elements_values[&lt;lambda&gt;18]" time="0.0004956722259521484"><skipped message="Suite splitting in effect" type="pytest.skip">src/pymortests/affine_grid.py:114: &lt;py._xmlgen.raw object at 0x7f1e13fc9748&gt;</skipped></testcase><testcase classname="src.pymortests.affine_grid" file="src/pymortests/affine_grid.py" line="114" name="test_integration_elements_values[&lt;lambda&gt;19]" time="0.000499725341796875"><skipped message="Suite splitting in effect" type="pytest.skip">src/pymortests/affine_grid.py:114: &lt;py._xmlgen.raw object at 0x7f1e04c76d30&gt;</skipped></testcase><testcase classname="src.pymortests.affine_grid" file="src/pymortests/affine_grid.py" line="114" name="test_integration_elements_values[&lt;lambda&gt;20]" time="0.0004954338073730469"><skipped message="Suite splitting in effect" type="pytest.skip">src/pymortests/affine_grid.py:114: &lt;py._xmlgen.raw object at 0x7f1e14023c88&gt;</skipped></testcase><testcase classname="src.pymortests.affine_grid" file="src/pymortests/affine_grid.py" line="114" name="test_integration_elements_values[&lt;lambda&gt;21]" time="0.0005197525024414062"><skipped message="Suite splitting in effect" type="pytest.skip">src/pymortests/affine_grid.py:114: &lt;py._xmlgen.raw object at 0x7f1e13fee7f0&gt;</skipped></testcase><testcase classname="src.pymortests.affine_grid" file="src/pymortests/affine_grid.py" line="114" name="test_integration_elements_values[&lt;lambda&gt;22]" time="0.0006031990051269531"><skipped message="Suite splitting in effect" type="pytest.skip">src/pymortests/affine_grid.py:114: &lt;py._xmlgen.raw object at 0x7f1e04c82668&gt;</skipped></testcase><testcase classname="src.pymortests.affine_grid" file="src/pymortests/affine_grid.py" line="114" name="test_integration_elements_values[&lt;lambda&gt;23]" time="0.0004832744598388672"><skipped message="Suite splitting in effect" type="pytest.skip">src/pymortests/affine_grid.py:114: &lt;py._xmlgen.raw object at 0x7f1e04c8f080&gt;</skipped></testcase><testcase classname="src.pymortests.affine_grid" file="src/pymortests/affine_grid.py" line="114" name="test_integration_elements_values[&lt;lambda&gt;24]" time="0.0004897117614746094"><skipped message="Suite splitting in effect" type="pytest.skip">src/pymortests/affine_grid.py:114: &lt;py._xmlgen.raw object at 0x7f1e04c82d68&gt;</skipped></testcase><testcase classname="src.pymortests.affine_grid" file="src/pymortests/affine_grid.py" line="114" name="test_integration_elements_values[&lt;lambda&gt;25]" time="0.00049591064453125"><skipped message="Suite splitting in effect" type="pytest.skip">src/pymortests/affine_grid.py:114: &lt;py._xmlgen.raw object at 0x7f1e04c82278&gt;</skipped></testcase><testcase classname="src.pymortests.affine_grid" file="src/pymortests/affine_grid.py" line="114" name="test_integration_elements_values[&lt;lambda&gt;26]" time="0.0005218982696533203"><skipped message="Suite splitting in effect" type="pytest.skip">src/pymortests/affine_grid.py:114: &lt;py._xmlgen.raw object at 0x7f1e140236a0&gt;</skipped></testcase><testcase classname="src.pymortests.affine_grid" file="src/pymortests/affine_grid.py" line="114" name="test_integration_elements_values[&lt;lambda&gt;27]" time="0.0005877017974853516"><skipped message="Suite splitting in effect" type="pytest.skip">src/pymortests/affine_grid.py:114: &lt;py._xmlgen.raw object at 0x7f1e04c76860&gt;</skipped></testcase><testcase classname="src.pymortests.affine_grid" file="src/pymortests/affine_grid.py" line="114" name="test_integration_elements_values[&lt;lambda&gt;28]" time="0.0004839897155761719"><skipped message="Suite splitting in effect" type="pytest.skip">src/pymortests/affine_grid.py:114: &lt;py._xmlgen.raw object at 0x7f1e13fc9358&gt;</skipped></testcase><testcase classname="src.pymortests.affine_grid" file="src/pymortests/affine_grid.py" line="114" name="test_integration_elements_values[&lt;lambda&gt;29]" time="0.0005216598510742188"><skipped message="Suite splitting in effect" type="pytest.skip">src/pymortests/affine_grid.py:114: &lt;py._xmlgen.raw object at 0x7f1e04c6b470&gt;</skipped></testcase><testcase classname="src.pymortests.affine_grid" file="src/pymortests/affine_grid.py" line="114" name="test_integration_elements_values[&lt;lambda&gt;30]" time="0.0005488395690917969"><skipped message="Suite splitting in effect" type="pytest.skip">src/pymortests/affine_grid.py:114: &lt;py._xmlgen.raw object at 0x7f1e04c8f2e8&gt;</skipped></testcase><testcase classname="src.pymortests.affine_grid" file="src/pymortests/affine_grid.py" line="114" name="test_integration_elements_values[&lt;lambda&gt;31]" time="0.0004875659942626953"><skipped message="Suite splitting in effect" type="pytest.skip">src/pymortests/affine_grid.py:114: &lt;py._xmlgen.raw object at 0x7f1e04c8f940&gt;</skipped></testcase><testcase classname="src.pymortests.affine_grid" file="src/pymortests/affine_grid.py" line="114" name="test_integration_elements_values[&lt;lambda&gt;32]" time="0.000446319580078125"><skipped message="Suite splitting in effect" type="pytest.skip">src/pymortests/affine_grid.py:114: &lt;py._xmlgen.raw object at 0x7f1e04ccdf60&gt;</skipped></testcase><testcase classname="src.pymortests.affine_grid" file="src/pymortests/affine_grid.py" line="114" name="test_integration_elements_values[&lt;lambda&gt;33]" time="0.0005335807800292969"><skipped message="Suite splitting in effect" type="pytest.skip">src/pymortests/affine_grid.py:114: &lt;py._xmlgen.raw object at 0x7f1e04c6b7b8&gt;</skipped></testcase><testcase classname="src.pymortests.affine_grid" file="src/pymortests/affine_grid.py" line="114" name="test_integration_elements_values[&lt;lambda&gt;34]" time="0.0004684925079345703"><skipped message="Suite splitting in effect" type="pytest.skip">src/pymortests/affine_grid.py:114: &lt;py._xmlgen.raw object at 0x7f1e04c76358&gt;</skipped></testcase><testcase classname="src.pymortests.affine_grid" file="src/pymortests/affine_grid.py" line="114" name="test_integration_elements_values[&lt;lambda&gt;35]" time="0.000507354736328125"><skipped message="Suite splitting in effect" type="pytest.skip">src/pymortests/affine_grid.py:114: &lt;py._xmlgen.raw object at 0x7f1e140232b0&gt;</skipped></testcase><testcase classname="src.pymortests.affine_grid" file="src/pymortests/affine_grid.py" line="114" name="test_integration_elements_values[&lt;lambda&gt;36]" time="0.0004744529724121094"><skipped message="Suite splitting in effect" type="pytest.skip">src/pymortests/affine_grid.py:114: &lt;py._xmlgen.raw object at 0x7f1e13fdb550&gt;</skipped></testcase><testcase classname="src.pymortests.affine_grid" file="src/pymortests/affine_grid.py" line="114" name="test_integration_elements_values[&lt;lambda&gt;37]" time="0.0005259513854980469"><skipped message="Suite splitting in effect" type="pytest.skip">src/pymortests/affine_grid.py:114: &lt;py._xmlgen.raw object at 0x7f1e04c82748&gt;</skipped></testcase><testcase classname="src.pymortests.affine_grid" file="src/pymortests/affine_grid.py" line="114" name="test_integration_elements_values[&lt;lambda&gt;38]" time="0.0005121231079101562"><skipped message="Suite splitting in effect" type="pytest.skip">src/pymortests/affine_grid.py:114: &lt;py._xmlgen.raw object at 0x7f1e04c8f7f0&gt;</skipped></testcase><testcase classname="src.pymortests.affine_grid" file="src/pymortests/affine_grid.py" line="114" name="test_integration_elements_values[&lt;lambda&gt;39]" time="0.0004756450653076172"><skipped message="Suite splitting in effect" type="pytest.skip">src/pymortests/affine_grid.py:114: &lt;py._xmlgen.raw object at 0x7f1e04c99240&gt;</skipped></testcase><testcase classname="src.pymortests.affine_grid" file="src/pymortests/affine_grid.py" line="114" name="test_integration_elements_values[&lt;lambda&gt;40]" time="0.0006020069122314453"><skipped message="Suite splitting in effect" type="pytest.skip">src/pymortests/affine_grid.py:114: &lt;py._xmlgen.raw object at 0x7f1e04c99780&gt;</skipped></testcase><testcase classname="src.pymortests.affine_grid" file="src/pymortests/affine_grid.py" line="114" name="test_integration_elements_values[&lt;lambda&gt;41]" time="0.0004706382751464844"><skipped message="Suite splitting in effect" type="pytest.skip">src/pymortests/affine_grid.py:114: &lt;py._xmlgen.raw object at 0x7f1e13fee7f0&gt;</skipped></testcase><testcase classname="src.pymortests.affine_grid" file="src/pymortests/affine_grid.py" line="114" name="test_integration_elements_values[&lt;lambda&gt;42]" time="0.0005190372467041016"><skipped message="Suite splitting in effect" type="pytest.skip">src/pymortests/affine_grid.py:114: &lt;py._xmlgen.raw object at 0x7f1e14023fd0&gt;</skipped></testcase><testcase classname="src.pymortests.affine_grid" file="src/pymortests/affine_grid.py" line="124" name="test_volumes_wrong_arguments[&lt;lambda&gt;0]" time="0.0004913806915283203"><skipped message="Suite splitting in effect" type="pytest.skip">src/pymortests/affine_grid.py:124: &lt;py._xmlgen.raw object at 0x7f1e04c76ef0&gt;</skipped></testcase><testcase classname="src.pymortests.affine_grid" file="src/pymortests/affine_grid.py" line="124" name="test_volumes_wrong_arguments[&lt;lambda&gt;1]" time="0.00048422813415527344"><skipped message="Suite splitting in effect" type="pytest.skip">src/pymortests/affine_grid.py:124: &lt;py._xmlgen.raw object at 0x7f1e04ce0320&gt;</skipped></testcase><testcase classname="src.pymortests.affine_grid" file="src/pymortests/affine_grid.py" line="124" name="test_volumes_wrong_arguments[&lt;lambda&gt;2]" time="0.0005080699920654297"><skipped message="Suite splitting in effect" type="pytest.skip">src/pymortests/affine_grid.py:124: &lt;py._xmlgen.raw object at 0x7f1e04c8ffd0&gt;</skipped></testcase><testcase classname="src.pymortests.affine_grid" file="src/pymortests/affine_grid.py" line="124" name="test_volumes_wrong_arguments[&lt;lambda&gt;3]" time="0.0004839897155761719"><skipped message="Suite splitting in effect" type="pytest.skip">src/pymortests/affine_grid.py:124: &lt;py._xmlgen.raw object at 0x7f1e04c99400&gt;</skipped></testcase><testcase classname="src.pymortests.affine_grid" file="src/pymortests/affine_grid.py" line="124" name="test_volumes_wrong_arguments[&lt;lambda&gt;4]" time="0.0005233287811279297"><skipped message="Suite splitting in effect" type="pytest.skip">src/pymortests/affine_grid.py:124: &lt;py._xmlgen.raw object at 0x7f1e04c99b00&gt;</skipped></testcase><testcase classname="src.pymortests.affine_grid" file="src/pymortests/affine_grid.py" line="124" name="test_volumes_wrong_arguments[&lt;lambda&gt;5]" time="0.0008544921875"><skipped message="Suite splitting in effect" type="pytest.skip">src/pymortests/affine_grid.py:124: &lt;py._xmlgen.raw object at 0x7f1e04ca2080&gt;</skipped></testcase><testcase classname="src.pymortests.affine_grid" file="src/pymortests/affine_grid.py" line="124" name="test_volumes_wrong_arguments[&lt;lambda&gt;6]" time="0.00046944618225097656"><skipped message="Suite splitting in effect" type="pytest.skip">src/pymortests/affine_grid.py:124: &lt;py._xmlgen.raw object at 0x7f1e04c99048&gt;</skipped></testcase><testcase classname="src.pymortests.affine_grid" file="src/pymortests/affine_grid.py" line="124" name="test_volumes_wrong_arguments[&lt;lambda&gt;7]" time="0.000518798828125"><skipped message="Suite splitting in effect" type="pytest.skip">src/pymortests/affine_grid.py:124: &lt;py._xmlgen.raw object at 0x7f1e04c8fa58&gt;</skipped></testcase><testcase classname="src.pymortests.affine_grid" file="src/pymortests/affine_grid.py" line="124" name="test_volumes_wrong_arguments[&lt;lambda&gt;8]" time="0.000537872314453125"><skipped message="Suite splitting in effect" type="pytest.skip">src/pymortests/affine_grid.py:124: &lt;py._xmlgen.raw object at 0x7f1e13f6db38&gt;</skipped></testcase><testcase classname="src.pymortests.affine_grid" file="src/pymortests/affine_grid.py" line="124" name="test_volumes_wrong_arguments[&lt;lambda&gt;9]" time="0.0004837512969970703"><skipped message="Suite splitting in effect" type="pytest.skip">src/pymortests/affine_grid.py:124: &lt;py._xmlgen.raw object at 0x7f1e04ce0ac8&gt;</skipped></testcase><testcase classname="src.pymortests.affine_grid" file="src/pymortests/affine_grid.py" line="124" name="test_volumes_wrong_arguments[&lt;lambda&gt;10]" time="0.0005447864532470703"><skipped message="Suite splitting in effect" type="pytest.skip">src/pymortests/affine_grid.py:124: &lt;py._xmlgen.raw object at 0x7f1e140236a0&gt;</skipped></testcase><testcase classname="src.pymortests.affine_grid" file="src/pymortests/affine_grid.py" line="124" name="test_volumes_wrong_arguments[&lt;lambda&gt;11]" time="0.0005412101745605469"><skipped message="Suite splitting in effect" type="pytest.skip">src/pymortests/affine_grid.py:124: &lt;py._xmlgen.raw object at 0x7f1e13fee2b0&gt;</skipped></testcase><testcase classname="src.pymortests.affine_grid" file="src/pymortests/affine_grid.py" line="124" name="test_volumes_wrong_arguments[&lt;lambda&gt;12]" time="0.0005209445953369141"><skipped message="Suite splitting in effect" type="pytest.skip">src/pymortests/affine_grid.py:124: &lt;py._xmlgen.raw object at 0x7f1e04ca2160&gt;</skipped></testcase><testcase classname="src.pymortests.affine_grid" file="src/pymortests/affine_grid.py" line="124" name="test_volumes_wrong_arguments[&lt;lambda&gt;13]" time="0.0008161067962646484"><skipped message="Suite splitting in effect" type="pytest.skip">src/pymortests/affine_grid.py:124: &lt;py._xmlgen.raw object at 0x7f1e04ca26a0&gt;</skipped></testcase><testcase classname="src.pymortests.affine_grid" file="src/pymortests/affine_grid.py" line="124" name="test_volumes_wrong_arguments[&lt;lambda&gt;14]" time="0.0004870891571044922"><skipped message="Suite splitting in effect" type="pytest.skip">src/pymortests/affine_grid.py:124: &lt;py._xmlgen.raw object at 0x7f1e13fdbd30&gt;</skipped></testcase><testcase classname="src.pymortests.affine_grid" file="src/pymortests/affine_grid.py" line="124" name="test_volumes_wrong_arguments[&lt;lambda&gt;15]" time="0.0005452632904052734"><skipped message="Suite splitting in effect" type="pytest.skip">src/pymortests/affine_grid.py:124: &lt;py._xmlgen.raw object at 0x7f1e04c76ac8&gt;</skipped></testcase><testcase classname="src.pymortests.affine_grid" file="src/pymortests/affine_grid.py" line="124" name="test_volumes_wrong_arguments[&lt;lambda&gt;16]" time="0.0005400180816650391"><skipped message="Suite splitting in effect" type="pytest.skip">src/pymortests/affine_grid.py:124: &lt;py._xmlgen.raw object at 0x7f1e13fc9400&gt;</skipped></testcase><testcase classname="src.pymortests.affine_grid" file="src/pymortests/affine_grid.py" line="124" name="test_volumes_wrong_arguments[&lt;lambda&gt;17]" time="0.0005273818969726562"><skipped message="Suite splitting in effect" type="pytest.skip">src/pymortests/affine_grid.py:124: &lt;py._xmlgen.raw object at 0x7f1e04c8f668&gt;</skipped></testcase><testcase classname="src.pymortests.affine_grid" file="src/pymortests/affine_grid.py" line="124" name="test_volumes_wrong_arguments[&lt;lambda&gt;18]" time="0.0005095005035400391"><skipped message="Suite splitting in effect" type="pytest.skip">src/pymortests/affine_grid.py:124: &lt;py._xmlgen.raw object at 0x7f1e04c99080&gt;</skipped></testcase><testcase classname="src.pymortests.affine_grid" file="src/pymortests/affine_grid.py" line="124" name="test_volumes_wrong_arguments[&lt;lambda&gt;19]" time="0.0005240440368652344"><skipped message="Suite splitting in effect" type="pytest.skip">src/pymortests/affine_grid.py:124: &lt;py._xmlgen.raw object at 0x7f1e04c99ba8&gt;</skipped></testcase><testcase classname="src.pymortests.affine_grid" file="src/pymortests/affine_grid.py" line="124" name="test_volumes_wrong_arguments[&lt;lambda&gt;20]" time="0.0005652904510498047"><skipped message="Suite splitting in effect" type="pytest.skip">src/pymortests/affine_grid.py:124: &lt;py._xmlgen.raw object at 0x7f1e04ca2128&gt;</skipped></testcase><testcase classname="src.pymortests.affine_grid" file="src/pymortests/affine_grid.py" line="124" name="test_volumes_wrong_arguments[&lt;lambda&gt;21]" time="0.0007839202880859375"><skipped message="Suite splitting in effect" type="pytest.skip">src/pymortests/affine_grid.py:124: &lt;py._xmlgen.raw object at 0x7f1e04ca2cc0&gt;</skipped></testcase><testcase classname="src.pymortests.affine_grid" file="src/pymortests/affine_grid.py" line="124" name="test_volumes_wrong_arguments[&lt;lambda&gt;22]" time="0.0004868507385253906"><skipped message="Suite splitting in effect" type="pytest.skip">src/pymortests/affine_grid.py:124: &lt;py._xmlgen.raw object at 0x7f1e04c99a20&gt;</skipped></testcase><testcase classname="src.pymortests.affine_grid" file="src/pymortests/affine_grid.py" line="124" name="test_volumes_wrong_arguments[&lt;lambda&gt;23]" time="0.0004916191101074219"><skipped message="Suite splitting in effect" type="pytest.skip">src/pymortests/affine_grid.py:124: &lt;py._xmlgen.raw object at 0x7f1e04c8f5f8&gt;</skipped></testcase><testcase classname="src.pymortests.affine_grid" file="src/pymortests/affine_grid.py" line="124" name="test_volumes_wrong_arguments[&lt;lambda&gt;24]" time="0.0004820823669433594"><skipped message="Suite splitting in effect" type="pytest.skip">src/pymortests/affine_grid.py:124: &lt;py._xmlgen.raw object at 0x7f1e13f82898&gt;</skipped></testcase><testcase classname="src.pymortests.affine_grid" file="src/pymortests/affine_grid.py" line="124" name="test_volumes_wrong_arguments[&lt;lambda&gt;25]" time="0.0005090236663818359"><skipped message="Suite splitting in effect" type="pytest.skip">src/pymortests/affine_grid.py:124: &lt;py._xmlgen.raw object at 0x7f1e04c766a0&gt;</skipped></testcase><testcase classname="src.pymortests.affine_grid" file="src/pymortests/affine_grid.py" line="124" name="test_volumes_wrong_arguments[&lt;lambda&gt;26]" time="0.0005216598510742188"><skipped message="Suite splitting in effect" type="pytest.skip">src/pymortests/affine_grid.py:124: &lt;py._xmlgen.raw object at 0x7f1e04c82cc0&gt;</skipped></testcase><testcase classname="src.pymortests.affine_grid" file="src/pymortests/affine_grid.py" line="124" name="test_volumes_wrong_arguments[&lt;lambda&gt;27]" time="0.0006496906280517578"><skipped message="Suite splitting in effect" type="pytest.skip">src/pymortests/affine_grid.py:124: &lt;py._xmlgen.raw object at 0x7f1e04ca2978&gt;</skipped></testcase><testcase classname="src.pymortests.affine_grid" file="src/pymortests/affine_grid.py" line="124" name="test_volumes_wrong_arguments[&lt;lambda&gt;28]" time="0.0004978179931640625"><skipped message="Suite splitting in effect" type="pytest.skip">src/pymortests/affine_grid.py:124: &lt;py._xmlgen.raw object at 0x7f1e04ca2588&gt;</skipped></testcase><testcase classname="src.pymortests.affine_grid" file="src/pymortests/affine_grid.py" line="124" name="test_volumes_wrong_arguments[&lt;lambda&gt;29]" time="0.0011734962463378906"><skipped message="Suite splitting in effect" type="pytest.skip">src/pymortests/affine_grid.py:124: &lt;py._xmlgen.raw object at 0x7f1e04c2f320&gt;</skipped></testcase><testcase classname="src.pymortests.affine_grid" file="src/pymortests/affine_grid.py" line="124" name="test_volumes_wrong_arguments[&lt;lambda&gt;30]" time="0.0005016326904296875"><skipped message="Suite splitting in effect" type="pytest.skip">src/pymortests/affine_grid.py:124: &lt;py._xmlgen.raw object at 0x7f1e04ca2be0&gt;</skipped></testcase><testcase classname="src.pymortests.affine_grid" file="src/pymortests/affine_grid.py" line="124" name="test_volumes_wrong_arguments[&lt;lambda&gt;31]" time="0.0005316734313964844"><skipped message="Suite splitting in effect" type="pytest.skip">src/pymortests/affine_grid.py:124: &lt;py._xmlgen.raw object at 0x7f1e13ffe2b0&gt;</skipped></testcase><testcase classname="src.pymortests.affine_grid" file="src/pymortests/affine_grid.py" line="124" name="test_volumes_wrong_arguments[&lt;lambda&gt;32]" time="0.0005705356597900391"><skipped message="Suite splitting in effect" type="pytest.skip">src/pymortests/affine_grid.py:124: &lt;py._xmlgen.raw object at 0x7f1e04c76518&gt;</skipped></testcase><testcase classname="src.pymortests.affine_grid" file="src/pymortests/affine_grid.py" line="124" name="test_volumes_wrong_arguments[&lt;lambda&gt;33]" time="0.0004825592041015625"><skipped message="Suite splitting in effect" type="pytest.skip">src/pymortests/affine_grid.py:124: &lt;py._xmlgen.raw object at 0x7f1e13f82898&gt;</skipped></testcase><testcase classname="src.pymortests.affine_grid" file="src/pymortests/affine_grid.py" line="124" name="test_volumes_wrong_arguments[&lt;lambda&gt;34]" time="0.000522613525390625"><skipped message="Suite splitting in effect" type="pytest.skip">src/pymortests/affine_grid.py:124: &lt;py._xmlgen.raw object at 0x7f1e04c8fa58&gt;</skipped></testcase><testcase classname="src.pymortests.affine_grid" file="src/pymortests/affine_grid.py" line="124" name="test_volumes_wrong_arguments[&lt;lambda&gt;35]" time="0.0006394386291503906"><skipped message="Suite splitting in effect" type="pytest.skip">src/pymortests/affine_grid.py:124: &lt;py._xmlgen.raw object at 0x7f1e04c997f0&gt;</skipped></testcase><testcase classname="src.pymortests.affine_grid" file="src/pymortests/affine_grid.py" line="124" name="test_volumes_wrong_arguments[&lt;lambda&gt;36]" time="0.0005753040313720703"><skipped message="Suite splitting in effect" type="pytest.skip">src/pymortests/affine_grid.py:124: &lt;py._xmlgen.raw object at 0x7f1e04c2f198&gt;</skipped></testcase><testcase classname="src.pymortests.affine_grid" file="src/pymortests/affine_grid.py" line="124" name="test_volumes_wrong_arguments[&lt;lambda&gt;37]" time="0.0008072853088378906"><skipped message="Suite splitting in effect" type="pytest.skip">src/pymortests/affine_grid.py:124: &lt;py._xmlgen.raw object at 0x7f1e04c2f940&gt;</skipped></testcase><testcase classname="src.pymortests.affine_grid" file="src/pymortests/affine_grid.py" line="124" name="test_volumes_wrong_arguments[&lt;lambda&gt;38]" time="0.0005152225494384766"><skipped message="Suite splitting in effect" type="pytest.skip">src/pymortests/affine_grid.py:124: &lt;py._xmlgen.raw object at 0x7f1e13f6de80&gt;</skipped></testcase><testcase classname="src.pymortests.affine_grid" file="src/pymortests/affine_grid.py" line="124" name="test_volumes_wrong_arguments[&lt;lambda&gt;39]" time="0.0005409717559814453"><skipped message="Suite splitting in effect" type="pytest.skip">src/pymortests/affine_grid.py:124: &lt;py._xmlgen.raw object at 0x7f1e13f91160&gt;</skipped></testcase><testcase classname="src.pymortests.affine_grid" file="src/pymortests/affine_grid.py" line="124" name="test_volumes_wrong_arguments[&lt;lambda&gt;40]" time="0.0005500316619873047"><skipped message="Suite splitting in effect" type="pytest.skip">src/pymortests/affine_grid.py:124: &lt;py._xmlgen.raw object at 0x7f1e13f826a0&gt;</skipped></testcase><testcase classname="src.pymortests.affine_grid" file="src/pymortests/affine_grid.py" line="124" name="test_volumes_wrong_arguments[&lt;lambda&gt;41]" time="0.0005102157592773438"><skipped message="Suite splitting in effect" type="pytest.skip">src/pymortests/affine_grid.py:124: &lt;py._xmlgen.raw object at 0x7f1e13ffe2b0&gt;</skipped></testcase><testcase classname="src.pymortests.affine_grid" file="src/pymortests/affine_grid.py" line="124" name="test_volumes_wrong_arguments[&lt;lambda&gt;42]" time="0.0006177425384521484"><skipped message="Suite splitting in effect" type="pytest.skip">src/pymortests/affine_grid.py:124: &lt;py._xmlgen.raw object at 0x7f1e04ca2978&gt;</skipped></testcase><testcase classname="src.pymortests.affine_grid" file="src/pymortests/affine_grid.py" line="132" name="test_volumes_shape[&lt;lambda&gt;0]" time="0.0005712509155273438"><skipped message="Suite splitting in effect" type="pytest.skip">src/pymortests/affine_grid.py:132: &lt;py._xmlgen.raw object at 0x7f1e04c2fa58&gt;</skipped></testcase><testcase classname="src.pymortests.affine_grid" file="src/pymortests/affine_grid.py" line="132" name="test_volumes_shape[&lt;lambda&gt;1]" time="0.0005192756652832031"><skipped message="Suite splitting in effect" type="pytest.skip">src/pymortests/affine_grid.py:132: &lt;py._xmlgen.raw object at 0x7f1e04c2f390&gt;</skipped></testcase><testcase classname="src.pymortests.affine_grid" file="src/pymortests/affine_grid.py" line="132" name="test_volumes_shape[&lt;lambda&gt;2]" time="0.001241445541381836"><skipped message="Suite splitting in effect" type="pytest.skip">src/pymortests/affine_grid.py:132: &lt;py._xmlgen.raw object at 0x7f1e04c2ff60&gt;</skipped></testcase><testcase classname="src.pymortests.affine_grid" file="src/pymortests/affine_grid.py" line="132" name="test_volumes_shape[&lt;lambda&gt;3]" time="0.0005009174346923828"><skipped message="Suite splitting in effect" type="pytest.skip">src/pymortests/affine_grid.py:132: &lt;py._xmlgen.raw object at 0x7f1e13f82550&gt;</skipped></testcase><testcase classname="src.pymortests.affine_grid" file="src/pymortests/affine_grid.py" line="132" name="test_volumes_shape[&lt;lambda&gt;4]" time="0.0005197525024414062"><skipped message="Suite splitting in effect" type="pytest.skip">src/pymortests/affine_grid.py:132: &lt;py._xmlgen.raw object at 0x7f1e13fc9550&gt;</skipped></testcase><testcase classname="src.pymortests.affine_grid" file="src/pymortests/affine_grid.py" line="132" name="test_volumes_shape[&lt;lambda&gt;5]" time="0.0005345344543457031"><skipped message="Suite splitting in effect" type="pytest.skip">src/pymortests/affine_grid.py:132: &lt;py._xmlgen.raw object at 0x7f1e04c2fe48&gt;</skipped></testcase><testcase classname="src.pymortests.affine_grid" file="src/pymortests/affine_grid.py" line="132" name="test_volumes_shape[&lt;lambda&gt;6]" time="0.0005164146423339844"><skipped message="Suite splitting in effect" type="pytest.skip">src/pymortests/affine_grid.py:132: &lt;py._xmlgen.raw object at 0x7f1e04c2fa58&gt;</skipped></testcase><testcase classname="src.pymortests.affine_grid" file="src/pymortests/affine_grid.py" line="132" name="test_volumes_shape[&lt;lambda&gt;7]" time="0.0005247592926025391"><skipped message="Suite splitting in effect" type="pytest.skip">src/pymortests/affine_grid.py:132: &lt;py._xmlgen.raw object at 0x7f1e04ca2e80&gt;</skipped></testcase><testcase classname="src.pymortests.affine_grid" file="src/pymortests/affine_grid.py" line="132" name="test_volumes_shape[&lt;lambda&gt;8]" time="0.0005340576171875"><skipped message="Suite splitting in effect" type="pytest.skip">src/pymortests/affine_grid.py:132: &lt;py._xmlgen.raw object at 0x7f1e04ca2080&gt;</skipped></testcase><testcase classname="src.pymortests.affine_grid" file="src/pymortests/affine_grid.py" line="132" name="test_volumes_shape[&lt;lambda&gt;9]" time="0.0004982948303222656"><skipped message="Suite splitting in effect" type="pytest.skip">src/pymortests/affine_grid.py:132: &lt;py._xmlgen.raw object at 0x7f1e04c99780&gt;</skipped></testcase><testcase classname="src.pymortests.affine_grid" file="src/pymortests/affine_grid.py" line="132" name="test_volumes_shape[&lt;lambda&gt;10]" time="0.0005474090576171875"><skipped message="Suite splitting in effect" type="pytest.skip">src/pymortests/affine_grid.py:132: &lt;py._xmlgen.raw object at 0x7f1e04c8f5f8&gt;</skipped></testcase><testcase classname="src.pymortests.affine_grid" file="src/pymortests/affine_grid.py" line="132" name="test_volumes_shape[&lt;lambda&gt;11]" time="0.0008709430694580078"><skipped message="Suite splitting in effect" type="pytest.skip">src/pymortests/affine_grid.py:132: &lt;py._xmlgen.raw object at 0x7f1e04c99be0&gt;</skipped></testcase><testcase classname="src.pymortests.affine_grid" file="src/pymortests/affine_grid.py" line="132" name="test_volumes_shape[&lt;lambda&gt;12]" time="0.0006165504455566406"><skipped message="Suite splitting in effect" type="pytest.skip">src/pymortests/affine_grid.py:132: &lt;py._xmlgen.raw object at 0x7f1e04ca2cf8&gt;</skipped></testcase><testcase classname="src.pymortests.affine_grid" file="src/pymortests/affine_grid.py" line="132" name="test_volumes_shape[&lt;lambda&gt;13]" time="0.0004863739013671875"><skipped message="Suite splitting in effect" type="pytest.skip">src/pymortests/affine_grid.py:132: &lt;py._xmlgen.raw object at 0x7f1e04c2f390&gt;</skipped></testcase><testcase classname="src.pymortests.affine_grid" file="src/pymortests/affine_grid.py" line="132" name="test_volumes_shape[&lt;lambda&gt;14]" time="0.0005340576171875"><skipped message="Suite splitting in effect" type="pytest.skip">src/pymortests/affine_grid.py:132: &lt;py._xmlgen.raw object at 0x7f1e04c2fe10&gt;</skipped></testcase><testcase classname="src.pymortests.affine_grid" file="src/pymortests/affine_grid.py" line="132" name="test_volumes_shape[&lt;lambda&gt;15]" time="0.0004999637603759766"><skipped message="Suite splitting in effect" type="pytest.skip">src/pymortests/affine_grid.py:132: &lt;py._xmlgen.raw object at 0x7f1e13f91400&gt;</skipped></testcase><testcase classname="src.pymortests.affine_grid" file="src/pymortests/affine_grid.py" line="132" name="test_volumes_shape[&lt;lambda&gt;16]" time="0.0004858970642089844"><skipped message="Suite splitting in effect" type="pytest.skip">src/pymortests/affine_grid.py:132: &lt;py._xmlgen.raw object at 0x7f1e13f82898&gt;</skipped></testcase><testcase classname="src.pymortests.affine_grid" file="src/pymortests/affine_grid.py" line="132" name="test_volumes_shape[&lt;lambda&gt;17]" time="0.0005865097045898438"><skipped message="Suite splitting in effect" type="pytest.skip">src/pymortests/affine_grid.py:132: &lt;py._xmlgen.raw object at 0x7f1e04c8fb70&gt;</skipped></testcase><testcase classname="src.pymortests.affine_grid" file="src/pymortests/affine_grid.py" line="132" name="test_volumes_shape[&lt;lambda&gt;18]" time="0.00048542022705078125"><skipped message="Suite splitting in effect" type="pytest.skip">src/pymortests/affine_grid.py:132: &lt;py._xmlgen.raw object at 0x7f1e04c8f400&gt;</skipped></testcase><testcase classname="src.pymortests.affine_grid" file="src/pymortests/affine_grid.py" line="132" name="test_volumes_shape[&lt;lambda&gt;19]" time="0.0007922649383544922"><skipped message="Suite splitting in effect" type="pytest.skip">src/pymortests/affine_grid.py:132: &lt;py._xmlgen.raw object at 0x7f1e04c8f400&gt;</skipped></testcase><testcase classname="src.pymortests.affine_grid" file="src/pymortests/affine_grid.py" line="132" name="test_volumes_shape[&lt;lambda&gt;20]" time="0.0005128383636474609"><skipped message="Suite splitting in effect" type="pytest.skip">src/pymortests/affine_grid.py:132: &lt;py._xmlgen.raw object at 0x7f1e13fa7a90&gt;</skipped></testcase><testcase classname="src.pymortests.affine_grid" file="src/pymortests/affine_grid.py" line="132" name="test_volumes_shape[&lt;lambda&gt;21]" time="0.0005528926849365234"><skipped message="Suite splitting in effect" type="pytest.skip">src/pymortests/affine_grid.py:132: &lt;py._xmlgen.raw object at 0x7f1e13f82a90&gt;</skipped></testcase><testcase classname="src.pymortests.affine_grid" file="src/pymortests/affine_grid.py" line="132" name="test_volumes_shape[&lt;lambda&gt;22]" time="0.0004930496215820312"><skipped message="Suite splitting in effect" type="pytest.skip">src/pymortests/affine_grid.py:132: &lt;py._xmlgen.raw object at 0x7f1e04c2f978&gt;</skipped></testcase><testcase classname="src.pymortests.affine_grid" file="src/pymortests/affine_grid.py" line="132" name="test_volumes_shape[&lt;lambda&gt;23]" time="0.0005347728729248047"><skipped message="Suite splitting in effect" type="pytest.skip">src/pymortests/affine_grid.py:132: &lt;py._xmlgen.raw object at 0x7f1e04c2f5c0&gt;</skipped></testcase><testcase classname="src.pymortests.affine_grid" file="src/pymortests/affine_grid.py" line="132" name="test_volumes_shape[&lt;lambda&gt;24]" time="0.0005249977111816406"><skipped message="Suite splitting in effect" type="pytest.skip">src/pymortests/affine_grid.py:132: &lt;py._xmlgen.raw object at 0x7f1e04ca26d8&gt;</skipped></testcase><testcase classname="src.pymortests.affine_grid" file="src/pymortests/affine_grid.py" line="132" name="test_volumes_shape[&lt;lambda&gt;25]" time="0.0004856586456298828"><skipped message="Suite splitting in effect" type="pytest.skip">src/pymortests/affine_grid.py:132: &lt;py._xmlgen.raw object at 0x7f1e04c990b8&gt;</skipped></testcase><testcase classname="src.pymortests.affine_grid" file="src/pymortests/affine_grid.py" line="132" name="test_volumes_shape[&lt;lambda&gt;26]" time="0.0005123615264892578"><skipped message="Suite splitting in effect" type="pytest.skip">src/pymortests/affine_grid.py:132: &lt;py._xmlgen.raw object at 0x7f1e140236a0&gt;</skipped></testcase><testcase classname="src.pymortests.affine_grid" file="src/pymortests/affine_grid.py" line="132" name="test_volumes_shape[&lt;lambda&gt;27]" time="0.0008809566497802734"><skipped message="Suite splitting in effect" type="pytest.skip">src/pymortests/affine_grid.py:132: &lt;py._xmlgen.raw object at 0x7f1e04c3d208&gt;</skipped></testcase><testcase classname="src.pymortests.affine_grid" file="src/pymortests/affine_grid.py" line="132" name="test_volumes_shape[&lt;lambda&gt;28]" time="0.0005002021789550781"><skipped message="Suite splitting in effect" type="pytest.skip">src/pymortests/affine_grid.py:132: &lt;py._xmlgen.raw object at 0x7f1e04c82b38&gt;</skipped></testcase><testcase classname="src.pymortests.affine_grid" file="src/pymortests/affine_grid.py" line="132" name="test_volumes_shape[&lt;lambda&gt;29]" time="0.0005421638488769531"><skipped message="Suite splitting in effect" type="pytest.skip">src/pymortests/affine_grid.py:132: &lt;py._xmlgen.raw object at 0x7f1e04ca20b8&gt;</skipped></testcase><testcase classname="src.pymortests.affine_grid" file="src/pymortests/affine_grid.py" line="132" name="test_volumes_shape[&lt;lambda&gt;30]" time="0.0005583763122558594"><skipped message="Suite splitting in effect" type="pytest.skip">src/pymortests/affine_grid.py:132: &lt;py._xmlgen.raw object at 0x7f1e04c2f240&gt;</skipped></testcase><testcase classname="src.pymortests.affine_grid" file="src/pymortests/affine_grid.py" line="132" name="test_volumes_shape[&lt;lambda&gt;31]" time="0.0005724430084228516"><skipped message="Suite splitting in effect" type="pytest.skip">src/pymortests/affine_grid.py:132: &lt;py._xmlgen.raw object at 0x7f1e13fc9a90&gt;</skipped></testcase><testcase classname="src.pymortests.affine_grid" file="src/pymortests/affine_grid.py" line="132" name="test_volumes_shape[&lt;lambda&gt;32]" time="0.00048613548278808594"><skipped message="Suite splitting in effect" type="pytest.skip">src/pymortests/affine_grid.py:132: &lt;py._xmlgen.raw object at 0x7f1e13fdb400&gt;</skipped></testcase><testcase classname="src.pymortests.affine_grid" file="src/pymortests/affine_grid.py" line="132" name="test_volumes_shape[&lt;lambda&gt;33]" time="0.0004999637603759766"><skipped message="Suite splitting in effect" type="pytest.skip">src/pymortests/affine_grid.py:132: &lt;py._xmlgen.raw object at 0x7f1e04c8f630&gt;</skipped></testcase><testcase classname="src.pymortests.affine_grid" file="src/pymortests/affine_grid.py" line="132" name="test_volumes_shape[&lt;lambda&gt;34]" time="0.0005617141723632812"><skipped message="Suite splitting in effect" type="pytest.skip">src/pymortests/affine_grid.py:132: &lt;py._xmlgen.raw object at 0x7f1e04c3d0f0&gt;</skipped></testcase><testcase classname="src.pymortests.affine_grid" file="src/pymortests/affine_grid.py" line="132" name="test_volumes_shape[&lt;lambda&gt;35]" time="0.0008456707000732422"><skipped message="Suite splitting in effect" type="pytest.skip">src/pymortests/affine_grid.py:132: &lt;py._xmlgen.raw object at 0x7f1e04c3d748&gt;</skipped></testcase><testcase classname="src.pymortests.affine_grid" file="src/pymortests/affine_grid.py" line="132" name="test_volumes_shape[&lt;lambda&gt;36]" time="0.0005488395690917969"><skipped message="Suite splitting in effect" type="pytest.skip">src/pymortests/affine_grid.py:132: &lt;py._xmlgen.raw object at 0x7f1e13fa7358&gt;</skipped></testcase><testcase classname="src.pymortests.affine_grid" file="src/pymortests/affine_grid.py" line="132" name="test_volumes_shape[&lt;lambda&gt;37]" time="0.0005261898040771484"><skipped message="Suite splitting in effect" type="pytest.skip">src/pymortests/affine_grid.py:132: &lt;py._xmlgen.raw object at 0x7f1e13f365f8&gt;</skipped></testcase><testcase classname="src.pymortests.affine_grid" file="src/pymortests/affine_grid.py" line="132" name="test_volumes_shape[&lt;lambda&gt;38]" time="0.0005733966827392578"><skipped message="Suite splitting in effect" type="pytest.skip">src/pymortests/affine_grid.py:132: &lt;py._xmlgen.raw object at 0x7f1e04c2f7b8&gt;</skipped></testcase><testcase classname="src.pymortests.affine_grid" file="src/pymortests/affine_grid.py" line="132" name="test_volumes_shape[&lt;lambda&gt;39]" time="0.0005965232849121094"><skipped message="Suite splitting in effect" type="pytest.skip">src/pymortests/affine_grid.py:132: &lt;py._xmlgen.raw object at 0x7f1e04ca2e10&gt;</skipped></testcase><testcase classname="src.pymortests.affine_grid" file="src/pymortests/affine_grid.py" line="132" name="test_volumes_shape[&lt;lambda&gt;40]" time="0.0005772113800048828"><skipped message="Suite splitting in effect" type="pytest.skip">src/pymortests/affine_grid.py:132: &lt;py._xmlgen.raw object at 0x7f1e04c99e10&gt;</skipped></testcase><testcase classname="src.pymortests.affine_grid" file="src/pymortests/affine_grid.py" line="132" name="test_volumes_shape[&lt;lambda&gt;41]" time="0.0005190372467041016"><skipped message="Suite splitting in effect" type="pytest.skip">src/pymortests/affine_grid.py:132: &lt;py._xmlgen.raw object at 0x7f1e140ef7f0&gt;</skipped></testcase><testcase classname="src.pymortests.affine_grid" file="src/pymortests/affine_grid.py" line="132" name="test_volumes_shape[&lt;lambda&gt;42]" time="0.0004813671112060547"><skipped message="Suite splitting in effect" type="pytest.skip">src/pymortests/affine_grid.py:132: &lt;py._xmlgen.raw object at 0x7f1e04c3d0b8&gt;</skipped></testcase><testcase classname="src.pymortests.affine_grid" file="src/pymortests/affine_grid.py" line="138" name="test_volumes_values[&lt;lambda&gt;0]" time="0.000888824462890625"><skipped message="Suite splitting in effect" type="pytest.skip">src/pymortests/affine_grid.py:138: &lt;py._xmlgen.raw object at 0x7f1e04c3dd68&gt;</skipped></testcase><testcase classname="src.pymortests.affine_grid" file="src/pymortests/affine_grid.py" line="138" name="test_volumes_values[&lt;lambda&gt;1]" time="0.0006091594696044922"><skipped message="Suite splitting in effect" type="pytest.skip">src/pymortests/affine_grid.py:138: &lt;py._xmlgen.raw object at 0x7f1e04c99940&gt;</skipped></testcase><testcase classname="src.pymortests.affine_grid" file="src/pymortests/affine_grid.py" line="138" name="test_volumes_values[&lt;lambda&gt;2]" time="0.0005533695220947266"><skipped message="Suite splitting in effect" type="pytest.skip">src/pymortests/affine_grid.py:138: &lt;py._xmlgen.raw object at 0x7f1e13fc9a90&gt;</skipped></testcase><testcase classname="src.pymortests.affine_grid" file="src/pymortests/affine_grid.py" line="138" name="test_volumes_values[&lt;lambda&gt;3]" time="0.0005865097045898438"><skipped message="Suite splitting in effect" type="pytest.skip">src/pymortests/affine_grid.py:138: &lt;py._xmlgen.raw object at 0x7f1e04c2f4e0&gt;</skipped></testcase><testcase classname="src.pymortests.affine_grid" file="src/pymortests/affine_grid.py" line="138" name="test_volumes_values[&lt;lambda&gt;4]" time="0.0005390644073486328"><skipped message="Suite splitting in effect" type="pytest.skip">src/pymortests/affine_grid.py:138: &lt;py._xmlgen.raw object at 0x7f1e13f360b8&gt;</skipped></testcase><testcase classname="src.pymortests.affine_grid" file="src/pymortests/affine_grid.py" line="138" name="test_volumes_values[&lt;lambda&gt;5]" time="0.0005435943603515625"><skipped message="Suite splitting in effect" type="pytest.skip">src/pymortests/affine_grid.py:138: &lt;py._xmlgen.raw object at 0x7f1e04c8f550&gt;</skipped></testcase><testcase classname="src.pymortests.affine_grid" file="src/pymortests/affine_grid.py" line="138" name="test_volumes_values[&lt;lambda&gt;6]" time="0.0005178451538085938"><skipped message="Suite splitting in effect" type="pytest.skip">src/pymortests/affine_grid.py:138: &lt;py._xmlgen.raw object at 0x7f1e04c3da20&gt;</skipped></testcase><testcase classname="src.pymortests.affine_grid" file="src/pymortests/affine_grid.py" line="138" name="test_volumes_values[&lt;lambda&gt;7]" time="0.0005338191986083984"><skipped message="Suite splitting in effect" type="pytest.skip">src/pymortests/affine_grid.py:138: &lt;py._xmlgen.raw object at 0x7f1e04c3d630&gt;</skipped></testcase><testcase classname="src.pymortests.affine_grid" file="src/pymortests/affine_grid.py" line="138" name="test_volumes_values[&lt;lambda&gt;8]" time="0.0009412765502929688"><skipped message="Suite splitting in effect" type="pytest.skip">src/pymortests/affine_grid.py:138: &lt;py._xmlgen.raw object at 0x7f1e04c463c8&gt;</skipped></testcase><testcase classname="src.pymortests.affine_grid" file="src/pymortests/affine_grid.py" line="138" name="test_volumes_values[&lt;lambda&gt;9]" time="0.0005335807800292969"><skipped message="Suite splitting in effect" type="pytest.skip">src/pymortests/affine_grid.py:138: &lt;py._xmlgen.raw object at 0x7f1e04c3dac8&gt;</skipped></testcase><testcase classname="src.pymortests.affine_grid" file="src/pymortests/affine_grid.py" line="138" name="test_volumes_values[&lt;lambda&gt;10]" time="0.0004780292510986328"><skipped message="Suite splitting in effect" type="pytest.skip">src/pymortests/affine_grid.py:138: &lt;py._xmlgen.raw object at 0x7f1e04c8fb70&gt;</skipped></testcase><testcase classname="src.pymortests.affine_grid" file="src/pymortests/affine_grid.py" line="138" name="test_volumes_values[&lt;lambda&gt;11]" time="0.0005424022674560547"><skipped message="Suite splitting in effect" type="pytest.skip">src/pymortests/affine_grid.py:138: &lt;py._xmlgen.raw object at 0x7f1e13f36400&gt;</skipped></testcase><testcase classname="src.pymortests.affine_grid" file="src/pymortests/affine_grid.py" line="138" name="test_volumes_values[&lt;lambda&gt;12]" time="0.0004773139953613281"><skipped message="Suite splitting in effect" type="pytest.skip">src/pymortests/affine_grid.py:138: &lt;py._xmlgen.raw object at 0x7f1e04c2f668&gt;</skipped></testcase><testcase classname="src.pymortests.affine_grid" file="src/pymortests/affine_grid.py" line="138" name="test_volumes_values[&lt;lambda&gt;13]" time="0.0005135536193847656"><skipped message="Suite splitting in effect" type="pytest.skip">src/pymortests/affine_grid.py:138: &lt;py._xmlgen.raw object at 0x7f1e04ca20b8&gt;</skipped></testcase><testcase classname="src.pymortests.affine_grid" file="src/pymortests/affine_grid.py" line="138" name="test_volumes_values[&lt;lambda&gt;14]" time="0.0005762577056884766"><skipped message="Suite splitting in effect" type="pytest.skip">src/pymortests/affine_grid.py:138: &lt;py._xmlgen.raw object at 0x7f1e04c99e48&gt;</skipped></testcase><testcase classname="src.pymortests.affine_grid" file="src/pymortests/affine_grid.py" line="138" name="test_volumes_values[&lt;lambda&gt;15]" time="0.0004887580871582031"><skipped message="Suite splitting in effect" type="pytest.skip">src/pymortests/affine_grid.py:138: &lt;py._xmlgen.raw object at 0x7f1e04c46240&gt;</skipped></testcase><testcase classname="src.pymortests.affine_grid" file="src/pymortests/affine_grid.py" line="138" name="test_volumes_values[&lt;lambda&gt;16]" time="0.0009586811065673828"><skipped message="Suite splitting in effect" type="pytest.skip">src/pymortests/affine_grid.py:138: &lt;py._xmlgen.raw object at 0x7f1e04c469e8&gt;</skipped></testcase><testcase classname="src.pymortests.affine_grid" file="src/pymortests/affine_grid.py" line="138" name="test_volumes_values[&lt;lambda&gt;17]" time="0.0004966259002685547"><skipped message="Suite splitting in effect" type="pytest.skip">src/pymortests/affine_grid.py:138: &lt;py._xmlgen.raw object at 0x7f1e04ca2e10&gt;</skipped></testcase><testcase classname="src.pymortests.affine_grid" file="src/pymortests/affine_grid.py" line="138" name="test_volumes_values[&lt;lambda&gt;18]" time="0.0006248950958251953"><skipped message="Suite splitting in effect" type="pytest.skip">src/pymortests/affine_grid.py:138: &lt;py._xmlgen.raw object at 0x7f1e04c2fcc0&gt;</skipped></testcase><testcase classname="src.pymortests.affine_grid" file="src/pymortests/affine_grid.py" line="138" name="test_volumes_values[&lt;lambda&gt;19]" time="0.0005173683166503906"><skipped message="Suite splitting in effect" type="pytest.skip">src/pymortests/affine_grid.py:138: &lt;py._xmlgen.raw object at 0x7f1e13f36a90&gt;</skipped></testcase><testcase classname="src.pymortests.affine_grid" file="src/pymortests/affine_grid.py" line="138" name="test_volumes_values[&lt;lambda&gt;20]" time="0.0005512237548828125"><skipped message="Suite splitting in effect" type="pytest.skip">src/pymortests/affine_grid.py:138: &lt;py._xmlgen.raw object at 0x7f1e13fa74a8&gt;</skipped></testcase><testcase classname="src.pymortests.affine_grid" file="src/pymortests/affine_grid.py" line="138" name="test_volumes_values[&lt;lambda&gt;21]" time="0.0005800724029541016"><skipped message="Suite splitting in effect" type="pytest.skip">src/pymortests/affine_grid.py:138: &lt;py._xmlgen.raw object at 0x7f1e04c3da20&gt;</skipped></testcase><testcase classname="src.pymortests.affine_grid" file="src/pymortests/affine_grid.py" line="138" name="test_volumes_values[&lt;lambda&gt;22]" time="0.0006327629089355469"><skipped message="Suite splitting in effect" type="pytest.skip">src/pymortests/affine_grid.py:138: &lt;py._xmlgen.raw object at 0x7f1e04c46b38&gt;</skipped></testcase><testcase classname="src.pymortests.affine_grid" file="src/pymortests/affine_grid.py" line="138" name="test_volumes_values[&lt;lambda&gt;23]" time="0.0005779266357421875"><skipped message="Suite splitting in effect" type="pytest.skip">src/pymortests/affine_grid.py:138: &lt;py._xmlgen.raw object at 0x7f1e04c460b8&gt;</skipped></testcase><testcase classname="src.pymortests.affine_grid" file="src/pymortests/affine_grid.py" line="138" name="test_volumes_values[&lt;lambda&gt;24]" time="0.0009472370147705078"><skipped message="Suite splitting in effect" type="pytest.skip">src/pymortests/affine_grid.py:138: &lt;py._xmlgen.raw object at 0x7f1e04c50048&gt;</skipped></testcase><testcase classname="src.pymortests.affine_grid" file="src/pymortests/affine_grid.py" line="138" name="test_volumes_values[&lt;lambda&gt;25]" time="0.0007548332214355469"><skipped message="Suite splitting in effect" type="pytest.skip">src/pymortests/affine_grid.py:138: &lt;py._xmlgen.raw object at 0x7f1e04c468d0&gt;</skipped></testcase><testcase classname="src.pymortests.affine_grid" file="src/pymortests/affine_grid.py" line="138" name="test_volumes_values[&lt;lambda&gt;26]" time="0.0006573200225830078"><skipped message="Suite splitting in effect" type="pytest.skip">src/pymortests/affine_grid.py:138: &lt;py._xmlgen.raw object at 0x7f1e04c3d550&gt;</skipped></testcase><testcase classname="src.pymortests.affine_grid" file="src/pymortests/affine_grid.py" line="138" name="test_volumes_values[&lt;lambda&gt;27]" time="0.0005919933319091797"><skipped message="Suite splitting in effect" type="pytest.skip">src/pymortests/affine_grid.py:138: &lt;py._xmlgen.raw object at 0x7f1e13f5c358&gt;</skipped></testcase><testcase classname="src.pymortests.affine_grid" file="src/pymortests/affine_grid.py" line="138" name="test_volumes_values[&lt;lambda&gt;28]" time="0.0005331039428710938"><skipped message="Suite splitting in effect" type="pytest.skip">src/pymortests/affine_grid.py:138: &lt;py._xmlgen.raw object at 0x7f1e04c8f278&gt;</skipped></testcase><testcase classname="src.pymortests.affine_grid" file="src/pymortests/affine_grid.py" line="138" name="test_volumes_values[&lt;lambda&gt;29]" time="0.0004925727844238281"><skipped message="Suite splitting in effect" type="pytest.skip">src/pymortests/affine_grid.py:138: &lt;py._xmlgen.raw object at 0x7f1e13f48e80&gt;</skipped></testcase><testcase classname="src.pymortests.affine_grid" file="src/pymortests/affine_grid.py" line="138" name="test_volumes_values[&lt;lambda&gt;30]" time="0.0005545616149902344"><skipped message="Suite splitting in effect" type="pytest.skip">src/pymortests/affine_grid.py:138: &lt;py._xmlgen.raw object at 0x7f1e04c829e8&gt;</skipped></testcase><testcase classname="src.pymortests.affine_grid" file="src/pymortests/affine_grid.py" line="138" name="test_volumes_values[&lt;lambda&gt;31]" time="0.0005559921264648438"><skipped message="Suite splitting in effect" type="pytest.skip">src/pymortests/affine_grid.py:138: &lt;py._xmlgen.raw object at 0x7f1e04c50160&gt;</skipped></testcase><testcase classname="src.pymortests.affine_grid" file="src/pymortests/affine_grid.py" line="138" name="test_volumes_values[&lt;lambda&gt;32]" time="0.0009059906005859375"><skipped message="Suite splitting in effect" type="pytest.skip">src/pymortests/affine_grid.py:138: &lt;py._xmlgen.raw object at 0x7f1e04c50668&gt;</skipped></testcase><testcase classname="src.pymortests.affine_grid" file="src/pymortests/affine_grid.py" line="138" name="test_volumes_values[&lt;lambda&gt;33]" time="0.0005571842193603516"><skipped message="Suite splitting in effect" type="pytest.skip">src/pymortests/affine_grid.py:138: &lt;py._xmlgen.raw object at 0x7f1e13fc9550&gt;</skipped></testcase><testcase classname="src.pymortests.affine_grid" file="src/pymortests/affine_grid.py" line="138" name="test_volumes_values[&lt;lambda&gt;34]" time="0.0004954338073730469"><skipped message="Suite splitting in effect" type="pytest.skip">src/pymortests/affine_grid.py:138: &lt;py._xmlgen.raw object at 0x7f1e13f36b38&gt;</skipped></testcase><testcase classname="src.pymortests.affine_grid" file="src/pymortests/affine_grid.py" line="138" name="test_volumes_values[&lt;lambda&gt;35]" time="0.0005357265472412109"><skipped message="Suite splitting in effect" type="pytest.skip">src/pymortests/affine_grid.py:138: &lt;py._xmlgen.raw object at 0x7f1e13f5cd30&gt;</skipped></testcase><testcase classname="src.pymortests.affine_grid" file="src/pymortests/affine_grid.py" line="138" name="test_volumes_values[&lt;lambda&gt;36]" time="0.00052642822265625"><skipped message="Suite splitting in effect" type="pytest.skip">src/pymortests/affine_grid.py:138: &lt;py._xmlgen.raw object at 0x7f1e04c3da58&gt;</skipped></testcase><testcase classname="src.pymortests.affine_grid" file="src/pymortests/affine_grid.py" line="138" name="test_volumes_values[&lt;lambda&gt;37]" time="0.00047850608825683594"><skipped message="Suite splitting in effect" type="pytest.skip">src/pymortests/affine_grid.py:138: &lt;py._xmlgen.raw object at 0x7f1e04c467f0&gt;</skipped></testcase><testcase classname="src.pymortests.affine_grid" file="src/pymortests/affine_grid.py" line="138" name="test_volumes_values[&lt;lambda&gt;38]" time="0.0005011558532714844"><skipped message="Suite splitting in effect" type="pytest.skip">src/pymortests/affine_grid.py:138: &lt;py._xmlgen.raw object at 0x7f1e04c460b8&gt;</skipped></testcase><testcase classname="src.pymortests.affine_grid" file="src/pymortests/affine_grid.py" line="138" name="test_volumes_values[&lt;lambda&gt;39]" time="0.0005300045013427734"><skipped message="Suite splitting in effect" type="pytest.skip">src/pymortests/affine_grid.py:138: &lt;py._xmlgen.raw object at 0x7f1e04c502e8&gt;</skipped></testcase><testcase classname="src.pymortests.affine_grid" file="src/pymortests/affine_grid.py" line="138" name="test_volumes_values[&lt;lambda&gt;40]" time="0.0008347034454345703"><skipped message="Suite splitting in effect" type="pytest.skip">src/pymortests/affine_grid.py:138: &lt;py._xmlgen.raw object at 0x7f1e04c50c88&gt;</skipped></testcase><testcase classname="src.pymortests.affine_grid" file="src/pymortests/affine_grid.py" line="138" name="test_volumes_values[&lt;lambda&gt;41]" time="0.00047659873962402344"><skipped message="Suite splitting in effect" type="pytest.skip">src/pymortests/affine_grid.py:138: &lt;py._xmlgen.raw object at 0x7f1e04c46d68&gt;</skipped></testcase><testcase classname="src.pymortests.affine_grid" file="src/pymortests/affine_grid.py" line="138" name="test_volumes_values[&lt;lambda&gt;42]" time="0.0004982948303222656"><skipped message="Suite splitting in effect" type="pytest.skip">src/pymortests/affine_grid.py:138: &lt;py._xmlgen.raw object at 0x7f1e13fa7f28&gt;</skipped></testcase><testcase classname="src.pymortests.affine_grid" file="src/pymortests/affine_grid.py" line="146" name="test_volumes_inverse_wrong_arguments[&lt;lambda&gt;0]" time="0.0005326271057128906"><skipped message="Suite splitting in effect" type="pytest.skip">src/pymortests/affine_grid.py:146: &lt;py._xmlgen.raw object at 0x7f1e13f5cfd0&gt;</skipped></testcase><testcase classname="src.pymortests.affine_grid" file="src/pymortests/affine_grid.py" line="146" name="test_volumes_inverse_wrong_arguments[&lt;lambda&gt;1]" time="0.0004937648773193359"><skipped message="Suite splitting in effect" type="pytest.skip">src/pymortests/affine_grid.py:146: &lt;py._xmlgen.raw object at 0x7f1e13f829e8&gt;</skipped></testcase><testcase classname="src.pymortests.affine_grid" file="src/pymortests/affine_grid.py" line="146" name="test_volumes_inverse_wrong_arguments[&lt;lambda&gt;2]" time="0.0005786418914794922"><skipped message="Suite splitting in effect" type="pytest.skip">src/pymortests/affine_grid.py:146: &lt;py._xmlgen.raw object at 0x7f1e04c2f4e0&gt;</skipped></testcase><testcase classname="src.pymortests.affine_grid" file="src/pymortests/affine_grid.py" line="146" name="test_volumes_inverse_wrong_arguments[&lt;lambda&gt;3]" time="0.0005145072937011719"><skipped message="Suite splitting in effect" type="pytest.skip">src/pymortests/affine_grid.py:146: &lt;py._xmlgen.raw object at 0x7f1e04c50198&gt;</skipped></testcase><testcase classname="src.pymortests.affine_grid" file="src/pymortests/affine_grid.py" line="146" name="test_volumes_inverse_wrong_arguments[&lt;lambda&gt;4]" time="0.0004780292510986328"><skipped message="Suite splitting in effect" type="pytest.skip">src/pymortests/affine_grid.py:146: &lt;py._xmlgen.raw object at 0x7f1e04c504e0&gt;</skipped></testcase><testcase classname="src.pymortests.affine_grid" file="src/pymortests/affine_grid.py" line="146" name="test_volumes_inverse_wrong_arguments[&lt;lambda&gt;5]" time="0.0010662078857421875"><skipped message="Suite splitting in effect" type="pytest.skip">src/pymortests/affine_grid.py:146: &lt;py._xmlgen.raw object at 0x7f1e04c5b2e8&gt;</skipped></testcase><testcase classname="src.pymortests.affine_grid" file="src/pymortests/affine_grid.py" line="146" name="test_volumes_inverse_wrong_arguments[&lt;lambda&gt;6]" time="0.0005319118499755859"><skipped message="Suite splitting in effect" type="pytest.skip">src/pymortests/affine_grid.py:146: &lt;py._xmlgen.raw object at 0x7f1e04c507b8&gt;</skipped></testcase><testcase classname="src.pymortests.affine_grid" file="src/pymortests/affine_grid.py" line="146" name="test_volumes_inverse_wrong_arguments[&lt;lambda&gt;7]" time="0.0005567073822021484"><skipped message="Suite splitting in effect" type="pytest.skip">src/pymortests/affine_grid.py:146: &lt;py._xmlgen.raw object at 0x7f1e04c2f4e0&gt;</skipped></testcase><testcase classname="src.pymortests.affine_grid" file="src/pymortests/affine_grid.py" line="146" name="test_volumes_inverse_wrong_arguments[&lt;lambda&gt;8]" time="0.0005068778991699219"><skipped message="Suite splitting in effect" type="pytest.skip">src/pymortests/affine_grid.py:146: &lt;py._xmlgen.raw object at 0x7f1e13f36c88&gt;</skipped></testcase><testcase classname="src.pymortests.affine_grid" file="src/pymortests/affine_grid.py" line="146" name="test_volumes_inverse_wrong_arguments[&lt;lambda&gt;9]" time="0.000568389892578125"><skipped message="Suite splitting in effect" type="pytest.skip">src/pymortests/affine_grid.py:146: &lt;py._xmlgen.raw object at 0x7f1e13f5c208&gt;</skipped></testcase><testcase classname="src.pymortests.affine_grid" file="src/pymortests/affine_grid.py" line="146" name="test_volumes_inverse_wrong_arguments[&lt;lambda&gt;10]" time="0.0006155967712402344"><skipped message="Suite splitting in effect" type="pytest.skip">src/pymortests/affine_grid.py:146: &lt;py._xmlgen.raw object at 0x7f1e04c3dac8&gt;</skipped></testcase><testcase classname="src.pymortests.affine_grid" file="src/pymortests/affine_grid.py" line="146" name="test_volumes_inverse_wrong_arguments[&lt;lambda&gt;11]" time="0.0005092620849609375"><skipped message="Suite splitting in effect" type="pytest.skip">src/pymortests/affine_grid.py:146: &lt;py._xmlgen.raw object at 0x7f1e04c46be0&gt;</skipped></testcase><testcase classname="src.pymortests.affine_grid" file="src/pymortests/affine_grid.py" line="146" name="test_volumes_inverse_wrong_arguments[&lt;lambda&gt;12]" time="0.000522613525390625"><skipped message="Suite splitting in effect" type="pytest.skip">src/pymortests/affine_grid.py:146: &lt;py._xmlgen.raw object at 0x7f1e04c5b160&gt;</skipped></testcase><testcase classname="src.pymortests.affine_grid" file="src/pymortests/affine_grid.py" line="146" name="test_volumes_inverse_wrong_arguments[&lt;lambda&gt;13]" time="0.0011968612670898438"><skipped message="Suite splitting in effect" type="pytest.skip">src/pymortests/affine_grid.py:146: &lt;py._xmlgen.raw object at 0x7f1e04c5b908&gt;</skipped></testcase><testcase classname="src.pymortests.affine_grid" file="src/pymortests/affine_grid.py" line="146" name="test_volumes_inverse_wrong_arguments[&lt;lambda&gt;14]" time="0.0005056858062744141"><skipped message="Suite splitting in effect" type="pytest.skip">src/pymortests/affine_grid.py:146: &lt;py._xmlgen.raw object at 0x7f1e13eec208&gt;</skipped></testcase><testcase classname="src.pymortests.affine_grid" file="src/pymortests/affine_grid.py" line="146" name="test_volumes_inverse_wrong_arguments[&lt;lambda&gt;15]" time="0.0005438327789306641"><skipped message="Suite splitting in effect" type="pytest.skip">src/pymortests/affine_grid.py:146: &lt;py._xmlgen.raw object at 0x7f1e04c2f780&gt;</skipped></testcase><testcase classname="src.pymortests.affine_grid" file="src/pymortests/affine_grid.py" line="146" name="test_volumes_inverse_wrong_arguments[&lt;lambda&gt;16]" time="0.0004944801330566406"><skipped message="Suite splitting in effect" type="pytest.skip">src/pymortests/affine_grid.py:146: &lt;py._xmlgen.raw object at 0x7f1e04c50cf8&gt;</skipped></testcase><testcase classname="src.pymortests.affine_grid" file="src/pymortests/affine_grid.py" line="146" name="test_volumes_inverse_wrong_arguments[&lt;lambda&gt;17]" time="0.0005104541778564453"><skipped message="Suite splitting in effect" type="pytest.skip">src/pymortests/affine_grid.py:146: &lt;py._xmlgen.raw object at 0x7f1e04c50cc0&gt;</skipped></testcase><testcase classname="src.pymortests.affine_grid" file="src/pymortests/affine_grid.py" line="146" name="test_volumes_inverse_wrong_arguments[&lt;lambda&gt;18]" time="0.0005407333374023438"><skipped message="Suite splitting in effect" type="pytest.skip">src/pymortests/affine_grid.py:146: &lt;py._xmlgen.raw object at 0x7f1e04c46a90&gt;</skipped></testcase><testcase classname="src.pymortests.affine_grid" file="src/pymortests/affine_grid.py" line="146" name="test_volumes_inverse_wrong_arguments[&lt;lambda&gt;19]" time="0.00049591064453125"><skipped message="Suite splitting in effect" type="pytest.skip">src/pymortests/affine_grid.py:146: &lt;py._xmlgen.raw object at 0x7f1e04c3d908&gt;</skipped></testcase><testcase classname="src.pymortests.affine_grid" file="src/pymortests/affine_grid.py" line="146" name="test_volumes_inverse_wrong_arguments[&lt;lambda&gt;20]" time="0.0004837512969970703"><skipped message="Suite splitting in effect" type="pytest.skip">src/pymortests/affine_grid.py:146: &lt;py._xmlgen.raw object at 0x7f1e04c82cf8&gt;</skipped></testcase><testcase classname="src.pymortests.affine_grid" file="src/pymortests/affine_grid.py" line="146" name="test_volumes_inverse_wrong_arguments[&lt;lambda&gt;21]" time="0.0005207061767578125"><skipped message="Suite splitting in effect" type="pytest.skip">src/pymortests/affine_grid.py:146: &lt;py._xmlgen.raw object at 0x7f1e04c99940&gt;</skipped></testcase><testcase classname="src.pymortests.affine_grid" file="src/pymortests/affine_grid.py" line="146" name="test_volumes_inverse_wrong_arguments[&lt;lambda&gt;22]" time="0.0008704662322998047"><skipped message="Suite splitting in effect" type="pytest.skip">src/pymortests/affine_grid.py:146: &lt;py._xmlgen.raw object at 0x7f1e13fa7d30&gt;</skipped></testcase><testcase classname="src.pymortests.affine_grid" file="src/pymortests/affine_grid.py" line="146" name="test_volumes_inverse_wrong_arguments[&lt;lambda&gt;23]" time="0.00047016143798828125"><skipped message="Suite splitting in effect" type="pytest.skip">src/pymortests/affine_grid.py:146: &lt;py._xmlgen.raw object at 0x7f1e14023fd0&gt;</skipped></testcase><testcase classname="src.pymortests.affine_grid" file="src/pymortests/affine_grid.py" line="146" name="test_volumes_inverse_wrong_arguments[&lt;lambda&gt;24]" time="0.0006067752838134766"><skipped message="Suite splitting in effect" type="pytest.skip">src/pymortests/affine_grid.py:146: &lt;py._xmlgen.raw object at 0x7f1e04c46e80&gt;</skipped></testcase><testcase classname="src.pymortests.affine_grid" file="src/pymortests/affine_grid.py" line="146" name="test_volumes_inverse_wrong_arguments[&lt;lambda&gt;25]" time="0.0005445480346679688"><skipped message="Suite splitting in effect" type="pytest.skip">src/pymortests/affine_grid.py:146: &lt;py._xmlgen.raw object at 0x7f1e04c50828&gt;</skipped></testcase><testcase classname="src.pymortests.affine_grid" file="src/pymortests/affine_grid.py" line="146" name="test_volumes_inverse_wrong_arguments[&lt;lambda&gt;26]" time="0.0006015300750732422"><skipped message="Suite splitting in effect" type="pytest.skip">src/pymortests/affine_grid.py:146: &lt;py._xmlgen.raw object at 0x7f1e04c2f780&gt;</skipped></testcase><testcase classname="src.pymortests.affine_grid" file="src/pymortests/affine_grid.py" line="146" name="test_volumes_inverse_wrong_arguments[&lt;lambda&gt;27]" time="0.0004901885986328125"><skipped message="Suite splitting in effect" type="pytest.skip">src/pymortests/affine_grid.py:146: &lt;py._xmlgen.raw object at 0x7f1e04c76c18&gt;</skipped></testcase><testcase classname="src.pymortests.affine_grid" file="src/pymortests/affine_grid.py" line="146" name="test_volumes_inverse_wrong_arguments[&lt;lambda&gt;28]" time="0.0005490779876708984"><skipped message="Suite splitting in effect" type="pytest.skip">src/pymortests/affine_grid.py:146: &lt;py._xmlgen.raw object at 0x7f1e04c99588&gt;</skipped></testcase><testcase classname="src.pymortests.affine_grid" file="src/pymortests/affine_grid.py" line="146" name="test_volumes_inverse_wrong_arguments[&lt;lambda&gt;29]" time="0.0005166530609130859"><skipped message="Suite splitting in effect" type="pytest.skip">src/pymortests/affine_grid.py:146: &lt;py._xmlgen.raw object at 0x7f1e04c5b4a8&gt;</skipped></testcase><testcase classname="src.pymortests.affine_grid" file="src/pymortests/affine_grid.py" line="146" name="test_volumes_inverse_wrong_arguments[&lt;lambda&gt;30]" time="0.0008594989776611328"><skipped message="Suite splitting in effect" type="pytest.skip">src/pymortests/affine_grid.py:146: &lt;py._xmlgen.raw object at 0x7f1e04c99ba8&gt;</skipped></testcase><testcase classname="src.pymortests.affine_grid" file="src/pymortests/affine_grid.py" line="146" name="test_volumes_inverse_wrong_arguments[&lt;lambda&gt;31]" time="0.0004937648773193359"><skipped message="Suite splitting in effect" type="pytest.skip">src/pymortests/affine_grid.py:146: &lt;py._xmlgen.raw object at 0x7f1e13f01dd8&gt;</skipped></testcase><testcase classname="src.pymortests.affine_grid" file="src/pymortests/affine_grid.py" line="146" name="test_volumes_inverse_wrong_arguments[&lt;lambda&gt;32]" time="0.0005071163177490234"><skipped message="Suite splitting in effect" type="pytest.skip">src/pymortests/affine_grid.py:146: &lt;py._xmlgen.raw object at 0x7f1e04c50748&gt;</skipped></testcase><testcase classname="src.pymortests.affine_grid" file="src/pymortests/affine_grid.py" line="146" name="test_volumes_inverse_wrong_arguments[&lt;lambda&gt;33]" time="0.00054931640625"><skipped message="Suite splitting in effect" type="pytest.skip">src/pymortests/affine_grid.py:146: &lt;py._xmlgen.raw object at 0x7f1e04c50240&gt;</skipped></testcase><testcase classname="src.pymortests.affine_grid" file="src/pymortests/affine_grid.py" line="146" name="test_volumes_inverse_wrong_arguments[&lt;lambda&gt;34]" time="0.0004799365997314453"><skipped message="Suite splitting in effect" type="pytest.skip">src/pymortests/affine_grid.py:146: &lt;py._xmlgen.raw object at 0x7f1e04c46a90&gt;</skipped></testcase><testcase classname="src.pymortests.affine_grid" file="src/pymortests/affine_grid.py" line="146" name="test_volumes_inverse_wrong_arguments[&lt;lambda&gt;35]" time="0.0005121231079101562"><skipped message="Suite splitting in effect" type="pytest.skip">src/pymortests/affine_grid.py:146: &lt;py._xmlgen.raw object at 0x7f1e04c3df60&gt;</skipped></testcase><testcase classname="src.pymortests.affine_grid" file="src/pymortests/affine_grid.py" line="146" name="test_volumes_inverse_wrong_arguments[&lt;lambda&gt;36]" time="0.0005037784576416016"><skipped message="Suite splitting in effect" type="pytest.skip">src/pymortests/affine_grid.py:146: &lt;py._xmlgen.raw object at 0x7f1e04c5ba20&gt;</skipped></testcase><testcase classname="src.pymortests.affine_grid" file="src/pymortests/affine_grid.py" line="146" name="test_volumes_inverse_wrong_arguments[&lt;lambda&gt;37]" time="0.0005209445953369141"><skipped message="Suite splitting in effect" type="pytest.skip">src/pymortests/affine_grid.py:146: &lt;py._xmlgen.raw object at 0x7f1e04c5be10&gt;</skipped></testcase><testcase classname="src.pymortests.affine_grid" file="src/pymortests/affine_grid.py" line="146" name="test_volumes_inverse_wrong_arguments[&lt;lambda&gt;38]" time="0.0009469985961914062"><skipped message="Suite splitting in effect" type="pytest.skip">src/pymortests/affine_grid.py:146: &lt;py._xmlgen.raw object at 0x7f1e04be9390&gt;</skipped></testcase><testcase classname="src.pymortests.affine_grid" file="src/pymortests/affine_grid.py" line="146" name="test_volumes_inverse_wrong_arguments[&lt;lambda&gt;39]" time="0.0005078315734863281"><skipped message="Suite splitting in effect" type="pytest.skip">src/pymortests/affine_grid.py:146: &lt;py._xmlgen.raw object at 0x7f1e04c5bcf8&gt;</skipped></testcase><testcase classname="src.pymortests.affine_grid" file="src/pymortests/affine_grid.py" line="146" name="test_volumes_inverse_wrong_arguments[&lt;lambda&gt;40]" time="0.0005052089691162109"><skipped message="Suite splitting in effect" type="pytest.skip">src/pymortests/affine_grid.py:146: &lt;py._xmlgen.raw object at 0x7f1e04c3df60&gt;</skipped></testcase><testcase classname="src.pymortests.affine_grid" file="src/pymortests/affine_grid.py" line="146" name="test_volumes_inverse_wrong_arguments[&lt;lambda&gt;41]" time="0.00046896934509277344"><skipped message="Suite splitting in effect" type="pytest.skip">src/pymortests/affine_grid.py:146: &lt;py._xmlgen.raw object at 0x7f1e04c46a20&gt;</skipped></testcase><testcase classname="src.pymortests.affine_grid" file="src/pymortests/affine_grid.py" line="146" name="test_volumes_inverse_wrong_arguments[&lt;lambda&gt;42]" time="0.0005576610565185547"><skipped message="Suite splitting in effect" type="pytest.skip">src/pymortests/affine_grid.py:146: &lt;py._xmlgen.raw object at 0x7f1e04ca2898&gt;</skipped></testcase><testcase classname="src.pymortests.affine_grid" file="src/pymortests/affine_grid.py" line="154" name="test_volumes_inverse_shape[&lt;lambda&gt;0]" time="0.0005106925964355469"><skipped message="Suite splitting in effect" type="pytest.skip">src/pymortests/affine_grid.py:154: &lt;py._xmlgen.raw object at 0x7f1e04c50cf8&gt;</skipped></testcase><testcase classname="src.pymortests.affine_grid" file="src/pymortests/affine_grid.py" line="154" name="test_volumes_inverse_shape[&lt;lambda&gt;1]" time="0.0005011558532714844"><skipped message="Suite splitting in effect" type="pytest.skip">src/pymortests/affine_grid.py:154: &lt;py._xmlgen.raw object at 0x7f1e13f01400&gt;</skipped></testcase><testcase classname="src.pymortests.affine_grid" file="src/pymortests/affine_grid.py" line="154" name="test_volumes_inverse_shape[&lt;lambda&gt;2]" time="0.0005636215209960938"><skipped message="Suite splitting in effect" type="pytest.skip">src/pymortests/affine_grid.py:154: &lt;py._xmlgen.raw object at 0x7f1e04be9278&gt;</skipped></testcase><testcase classname="src.pymortests.affine_grid" file="src/pymortests/affine_grid.py" line="154" name="test_volumes_inverse_shape[&lt;lambda&gt;3]" time="0.0008747577667236328"><skipped message="Suite splitting in effect" type="pytest.skip">src/pymortests/affine_grid.py:154: &lt;py._xmlgen.raw object at 0x7f1e04be98d0&gt;</skipped></testcase><testcase classname="src.pymortests.affine_grid" file="src/pymortests/affine_grid.py" line="154" name="test_volumes_inverse_shape[&lt;lambda&gt;4]" time="0.00054168701171875"><skipped message="Suite splitting in effect" type="pytest.skip">src/pymortests/affine_grid.py:154: &lt;py._xmlgen.raw object at 0x7f1e13f20b38&gt;</skipped></testcase><testcase classname="src.pymortests.affine_grid" file="src/pymortests/affine_grid.py" line="154" name="test_volumes_inverse_shape[&lt;lambda&gt;5]" time="0.0004799365997314453"><skipped message="Suite splitting in effect" type="pytest.skip">src/pymortests/affine_grid.py:154: &lt;py._xmlgen.raw object at 0x7f1e04c50dd8&gt;</skipped></testcase><testcase classname="src.pymortests.affine_grid" file="src/pymortests/affine_grid.py" line="154" name="test_volumes_inverse_shape[&lt;lambda&gt;6]" time="0.0005893707275390625"><skipped message="Suite splitting in effect" type="pytest.skip">src/pymortests/affine_grid.py:154: &lt;py._xmlgen.raw object at 0x7f1e13f0f748&gt;</skipped></testcase><testcase classname="src.pymortests.affine_grid" file="src/pymortests/affine_grid.py" line="154" name="test_volumes_inverse_shape[&lt;lambda&gt;7]" time="0.0005400180816650391"><skipped message="Suite splitting in effect" type="pytest.skip">src/pymortests/affine_grid.py:154: &lt;py._xmlgen.raw object at 0x7f1e04cc2710&gt;</skipped></testcase><testcase classname="src.pymortests.affine_grid" file="src/pymortests/affine_grid.py" line="154" name="test_volumes_inverse_shape[&lt;lambda&gt;8]" time="0.00047588348388671875"><skipped message="Suite splitting in effect" type="pytest.skip">src/pymortests/affine_grid.py:154: &lt;py._xmlgen.raw object at 0x7f1e04c5b9e8&gt;</skipped></testcase><testcase classname="src.pymortests.affine_grid" file="src/pymortests/affine_grid.py" line="154" name="test_volumes_inverse_shape[&lt;lambda&gt;9]" time="0.0005486011505126953"><skipped message="Suite splitting in effect" type="pytest.skip">src/pymortests/affine_grid.py:154: &lt;py._xmlgen.raw object at 0x7f1e04be99b0&gt;</skipped></testcase><testcase classname="src.pymortests.affine_grid" file="src/pymortests/affine_grid.py" line="154" name="test_volumes_inverse_shape[&lt;lambda&gt;10]" time="0.0005676746368408203"><skipped message="Suite splitting in effect" type="pytest.skip">src/pymortests/affine_grid.py:154: &lt;py._xmlgen.raw object at 0x7f1e04be90f0&gt;</skipped></testcase><testcase classname="src.pymortests.affine_grid" file="src/pymortests/affine_grid.py" line="154" name="test_volumes_inverse_shape[&lt;lambda&gt;11]" time="0.0012514591217041016"><skipped message="Suite splitting in effect" type="pytest.skip">src/pymortests/affine_grid.py:154: &lt;py._xmlgen.raw object at 0x7f1e04be9ef0&gt;</skipped></testcase><testcase classname="src.pymortests.affine_grid" file="src/pymortests/affine_grid.py" line="154" name="test_volumes_inverse_shape[&lt;lambda&gt;12]" time="0.0005314350128173828"><skipped message="Suite splitting in effect" type="pytest.skip">src/pymortests/affine_grid.py:154: &lt;py._xmlgen.raw object at 0x7f1e04be9160&gt;</skipped></testcase><testcase classname="src.pymortests.affine_grid" file="src/pymortests/affine_grid.py" line="154" name="test_volumes_inverse_shape[&lt;lambda&gt;13]" time="0.0005173683166503906"><skipped message="Suite splitting in effect" type="pytest.skip">src/pymortests/affine_grid.py:154: &lt;py._xmlgen.raw object at 0x7f1e04c5be10&gt;</skipped></testcase><testcase classname="src.pymortests.affine_grid" file="src/pymortests/affine_grid.py" line="154" name="test_volumes_inverse_shape[&lt;lambda&gt;14]" time="0.0006430149078369141"><skipped message="Suite splitting in effect" type="pytest.skip">src/pymortests/affine_grid.py:154: &lt;py._xmlgen.raw object at 0x7f1e04c5b5f8&gt;</skipped></testcase><testcase classname="src.pymortests.affine_grid" file="src/pymortests/affine_grid.py" line="154" name="test_volumes_inverse_shape[&lt;lambda&gt;15]" time="0.0006611347198486328"><skipped message="Suite splitting in effect" type="pytest.skip">src/pymortests/affine_grid.py:154: &lt;py._xmlgen.raw object at 0x7f1e04c46a90&gt;</skipped></testcase><testcase classname="src.pymortests.affine_grid" file="src/pymortests/affine_grid.py" line="154" name="test_volumes_inverse_shape[&lt;lambda&gt;16]" time="0.0004947185516357422"><skipped message="Suite splitting in effect" type="pytest.skip">src/pymortests/affine_grid.py:154: &lt;py._xmlgen.raw object at 0x7f1e04c50668&gt;</skipped></testcase><testcase classname="src.pymortests.affine_grid" file="src/pymortests/affine_grid.py" line="154" name="test_volumes_inverse_shape[&lt;lambda&gt;17]" time="0.0004429817199707031"><skipped message="Suite splitting in effect" type="pytest.skip">src/pymortests/affine_grid.py:154: &lt;py._xmlgen.raw object at 0x7f1e13f20d30&gt;</skipped></testcase><testcase classname="src.pymortests.affine_grid" file="src/pymortests/affine_grid.py" line="154" name="test_volumes_inverse_shape[&lt;lambda&gt;18]" time="0.0005793571472167969"><skipped message="Suite splitting in effect" type="pytest.skip">src/pymortests/affine_grid.py:154: &lt;py._xmlgen.raw object at 0x7f1e04c99048&gt;</skipped></testcase><testcase classname="src.pymortests.affine_grid" file="src/pymortests/affine_grid.py" line="154" name="test_volumes_inverse_shape[&lt;lambda&gt;19]" time="0.0009353160858154297"><skipped message="Suite splitting in effect" type="pytest.skip">src/pymortests/affine_grid.py:154: &lt;py._xmlgen.raw object at 0x7f1e04bf6550&gt;</skipped></testcase><testcase classname="src.pymortests.affine_grid" file="src/pymortests/affine_grid.py" line="154" name="test_volumes_inverse_shape[&lt;lambda&gt;20]" time="0.0005190372467041016"><skipped message="Suite splitting in effect" type="pytest.skip">src/pymortests/affine_grid.py:154: &lt;py._xmlgen.raw object at 0x7f1e13f20c88&gt;</skipped></testcase><testcase classname="src.pymortests.affine_grid" file="src/pymortests/affine_grid.py" line="154" name="test_volumes_inverse_shape[&lt;lambda&gt;21]" time="0.00045609474182128906"><skipped message="Suite splitting in effect" type="pytest.skip">src/pymortests/affine_grid.py:154: &lt;py._xmlgen.raw object at 0x7f1e13f0f940&gt;</skipped></testcase><testcase classname="src.pymortests.affine_grid" file="src/pymortests/affine_grid.py" line="154" name="test_volumes_inverse_shape[&lt;lambda&gt;22]" time="0.0005357265472412109"><skipped message="Suite splitting in effect" type="pytest.skip">src/pymortests/affine_grid.py:154: &lt;py._xmlgen.raw object at 0x7f1e04c3dc18&gt;</skipped></testcase><testcase classname="src.pymortests.affine_grid" file="src/pymortests/affine_grid.py" line="154" name="test_volumes_inverse_shape[&lt;lambda&gt;23]" time="0.00046443939208984375"><skipped message="Suite splitting in effect" type="pytest.skip">src/pymortests/affine_grid.py:154: &lt;py._xmlgen.raw object at 0x7f1e04c5b048&gt;</skipped></testcase><testcase classname="src.pymortests.affine_grid" file="src/pymortests/affine_grid.py" line="154" name="test_volumes_inverse_shape[&lt;lambda&gt;24]" time="0.0004971027374267578"><skipped message="Suite splitting in effect" type="pytest.skip">src/pymortests/affine_grid.py:154: &lt;py._xmlgen.raw object at 0x7f1e04be9240&gt;</skipped></testcase><testcase classname="src.pymortests.affine_grid" file="src/pymortests/affine_grid.py" line="154" name="test_volumes_inverse_shape[&lt;lambda&gt;25]" time="0.0005741119384765625"><skipped message="Suite splitting in effect" type="pytest.skip">src/pymortests/affine_grid.py:154: &lt;py._xmlgen.raw object at 0x7f1e04be9d68&gt;</skipped></testcase><testcase classname="src.pymortests.affine_grid" file="src/pymortests/affine_grid.py" line="154" name="test_volumes_inverse_shape[&lt;lambda&gt;26]" time="0.0005211830139160156"><skipped message="Suite splitting in effect" type="pytest.skip">src/pymortests/affine_grid.py:154: &lt;py._xmlgen.raw object at 0x7f1e04bf6470&gt;</skipped></testcase><testcase classname="src.pymortests.affine_grid" file="src/pymortests/affine_grid.py" line="154" name="test_volumes_inverse_shape[&lt;lambda&gt;27]" time="0.000759124755859375"><skipped message="Suite splitting in effect" type="pytest.skip">src/pymortests/affine_grid.py:154: &lt;py._xmlgen.raw object at 0x7f1e04bf6b70&gt;</skipped></testcase><testcase classname="src.pymortests.affine_grid" file="src/pymortests/affine_grid.py" line="154" name="test_volumes_inverse_shape[&lt;lambda&gt;28]" time="0.0004792213439941406"><skipped message="Suite splitting in effect" type="pytest.skip">src/pymortests/affine_grid.py:154: &lt;py._xmlgen.raw object at 0x7f1e04be9240&gt;</skipped></testcase><testcase classname="src.pymortests.affine_grid" file="src/pymortests/affine_grid.py" line="154" name="test_volumes_inverse_shape[&lt;lambda&gt;29]" time="0.000453948974609375"><skipped message="Suite splitting in effect" type="pytest.skip">src/pymortests/affine_grid.py:154: &lt;py._xmlgen.raw object at 0x7f1e04c5bb00&gt;</skipped></testcase><testcase classname="src.pymortests.affine_grid" file="src/pymortests/affine_grid.py" line="154" name="test_volumes_inverse_shape[&lt;lambda&gt;30]" time="0.0005016326904296875"><skipped message="Suite splitting in effect" type="pytest.skip">src/pymortests/affine_grid.py:154: &lt;py._xmlgen.raw object at 0x7f1e04c8f160&gt;</skipped></testcase><testcase classname="src.pymortests.affine_grid" file="src/pymortests/affine_grid.py" line="154" name="test_volumes_inverse_shape[&lt;lambda&gt;31]" time="0.0005059242248535156"><skipped message="Suite splitting in effect" type="pytest.skip">src/pymortests/affine_grid.py:154: &lt;py._xmlgen.raw object at 0x7f1e04c50fd0&gt;</skipped></testcase><testcase classname="src.pymortests.affine_grid" file="src/pymortests/affine_grid.py" line="154" name="test_volumes_inverse_shape[&lt;lambda&gt;32]" time="0.0005090236663818359"><skipped message="Suite splitting in effect" type="pytest.skip">src/pymortests/affine_grid.py:154: &lt;py._xmlgen.raw object at 0x7f1e13f01b38&gt;</skipped></testcase><testcase classname="src.pymortests.affine_grid" file="src/pymortests/affine_grid.py" line="154" name="test_volumes_inverse_shape[&lt;lambda&gt;33]" time="0.0004711151123046875"><skipped message="Suite splitting in effect" type="pytest.skip">src/pymortests/affine_grid.py:154: &lt;py._xmlgen.raw object at 0x7f1e04bf6278&gt;</skipped></testcase><testcase classname="src.pymortests.affine_grid" file="src/pymortests/affine_grid.py" line="154" name="test_volumes_inverse_shape[&lt;lambda&gt;34]" time="0.00045680999755859375"><skipped message="Suite splitting in effect" type="pytest.skip">src/pymortests/affine_grid.py:154: &lt;py._xmlgen.raw object at 0x7f1e04bf62b0&gt;</skipped></testcase><testcase classname="src.pymortests.affine_grid" file="src/pymortests/affine_grid.py" line="154" name="test_volumes_inverse_shape[&lt;lambda&gt;35]" time="0.0007412433624267578"><skipped message="Suite splitting in effect" type="pytest.skip">src/pymortests/affine_grid.py:154: &lt;py._xmlgen.raw object at 0x7f1e04bff1d0&gt;</skipped></testcase><testcase classname="src.pymortests.affine_grid" file="src/pymortests/affine_grid.py" line="154" name="test_volumes_inverse_shape[&lt;lambda&gt;36]" time="0.0005488395690917969"><skipped message="Suite splitting in effect" type="pytest.skip">src/pymortests/affine_grid.py:154: &lt;py._xmlgen.raw object at 0x7f1e04bf62b0&gt;</skipped></testcase><testcase classname="src.pymortests.affine_grid" file="src/pymortests/affine_grid.py" line="154" name="test_volumes_inverse_shape[&lt;lambda&gt;37]" time="0.0004742145538330078"><skipped message="Suite splitting in effect" type="pytest.skip">src/pymortests/affine_grid.py:154: &lt;py._xmlgen.raw object at 0x7f1e04bf66a0&gt;</skipped></testcase><testcase classname="src.pymortests.affine_grid" file="src/pymortests/affine_grid.py" line="154" name="test_volumes_inverse_shape[&lt;lambda&gt;38]" time="0.0005650520324707031"><skipped message="Suite splitting in effect" type="pytest.skip">src/pymortests/affine_grid.py:154: &lt;py._xmlgen.raw object at 0x7f1e04c50cc0&gt;</skipped></testcase><testcase classname="src.pymortests.affine_grid" file="src/pymortests/affine_grid.py" line="154" name="test_volumes_inverse_shape[&lt;lambda&gt;39]" time="0.00046253204345703125"><skipped message="Suite splitting in effect" type="pytest.skip">src/pymortests/affine_grid.py:154: &lt;py._xmlgen.raw object at 0x7f1e04c8f160&gt;</skipped></testcase><testcase classname="src.pymortests.affine_grid" file="src/pymortests/affine_grid.py" line="154" name="test_volumes_inverse_shape[&lt;lambda&gt;40]" time="0.0005002021789550781"><skipped message="Suite splitting in effect" type="pytest.skip">src/pymortests/affine_grid.py:154: &lt;py._xmlgen.raw object at 0x7f1e13eb3dd8&gt;</skipped></testcase><testcase classname="src.pymortests.affine_grid" file="src/pymortests/affine_grid.py" line="154" name="test_volumes_inverse_shape[&lt;lambda&gt;41]" time="0.0004563331604003906"><skipped message="Suite splitting in effect" type="pytest.skip">src/pymortests/affine_grid.py:154: &lt;py._xmlgen.raw object at 0x7f1e04be9748&gt;</skipped></testcase><testcase classname="src.pymortests.affine_grid" file="src/pymortests/affine_grid.py" line="154" name="test_volumes_inverse_shape[&lt;lambda&gt;42]" time="0.0005180835723876953"><skipped message="Suite splitting in effect" type="pytest.skip">src/pymortests/affine_grid.py:154: &lt;py._xmlgen.raw object at 0x7f1e04bff048&gt;</skipped></testcase><testcase classname="src.pymortests.affine_grid" file="src/pymortests/affine_grid.py" line="160" name="test_volumes_inverse_values[&lt;lambda&gt;0]" time="0.0007617473602294922"><skipped message="Suite splitting in effect" type="pytest.skip">src/pymortests/affine_grid.py:160: &lt;py._xmlgen.raw object at 0x7f1e04bff7f0&gt;</skipped></testcase><testcase classname="src.pymortests.affine_grid" file="src/pymortests/affine_grid.py" line="160" name="test_volumes_inverse_values[&lt;lambda&gt;1]" time="0.0004429817199707031"><skipped message="Suite splitting in effect" type="pytest.skip">src/pymortests/affine_grid.py:160: &lt;py._xmlgen.raw object at 0x7f1e13eb3400&gt;</skipped></testcase><testcase classname="src.pymortests.affine_grid" file="src/pymortests/affine_grid.py" line="160" name="test_volumes_inverse_values[&lt;lambda&gt;2]" time="0.00046539306640625"><skipped message="Suite splitting in effect" type="pytest.skip">src/pymortests/affine_grid.py:160: &lt;py._xmlgen.raw object at 0x7f1e04c5bd30&gt;</skipped></testcase><testcase classname="src.pymortests.affine_grid" file="src/pymortests/affine_grid.py" line="160" name="test_volumes_inverse_values[&lt;lambda&gt;3]" time="0.0004520416259765625"><skipped message="Suite splitting in effect" type="pytest.skip">src/pymortests/affine_grid.py:160: &lt;py._xmlgen.raw object at 0x7f1e04ca2cf8&gt;</skipped></testcase><testcase classname="src.pymortests.affine_grid" file="src/pymortests/affine_grid.py" line="160" name="test_volumes_inverse_values[&lt;lambda&gt;4]" time="0.00043654441833496094"><skipped message="Suite splitting in effect" type="pytest.skip">src/pymortests/affine_grid.py:160: &lt;py._xmlgen.raw object at 0x7f1e04bf60b8&gt;</skipped></testcase><testcase classname="src.pymortests.affine_grid" file="src/pymortests/affine_grid.py" line="160" name="test_volumes_inverse_values[&lt;lambda&gt;5]" time="0.00051116943359375"><skipped message="Suite splitting in effect" type="pytest.skip">src/pymortests/affine_grid.py:160: &lt;py._xmlgen.raw object at 0x7f1e04bf6e80&gt;</skipped></testcase><testcase classname="src.pymortests.affine_grid" file="src/pymortests/affine_grid.py" line="160" name="test_volumes_inverse_values[&lt;lambda&gt;6]" time="0.0004596710205078125"><skipped message="Suite splitting in effect" type="pytest.skip">src/pymortests/affine_grid.py:160: &lt;py._xmlgen.raw object at 0x7f1e04bff518&gt;</skipped></testcase><testcase classname="src.pymortests.affine_grid" file="src/pymortests/affine_grid.py" line="160" name="test_volumes_inverse_values[&lt;lambda&gt;7]" time="0.00047278404235839844"><skipped message="Suite splitting in effect" type="pytest.skip">src/pymortests/affine_grid.py:160: &lt;py._xmlgen.raw object at 0x7f1e04bff048&gt;</skipped></testcase><testcase classname="src.pymortests.affine_grid" file="src/pymortests/affine_grid.py" line="160" name="test_volumes_inverse_values[&lt;lambda&gt;8]" time="0.0007739067077636719"><skipped message="Suite splitting in effect" type="pytest.skip">src/pymortests/affine_grid.py:160: &lt;py._xmlgen.raw object at 0x7f1e04bffe10&gt;</skipped></testcase><testcase classname="src.pymortests.affine_grid" file="src/pymortests/affine_grid.py" line="160" name="test_volumes_inverse_values[&lt;lambda&gt;9]" time="0.0004620552062988281"><skipped message="Suite splitting in effect" type="pytest.skip">src/pymortests/affine_grid.py:160: &lt;py._xmlgen.raw object at 0x7f1e04bf6710&gt;</skipped></testcase><testcase classname="src.pymortests.affine_grid" file="src/pymortests/affine_grid.py" line="160" name="test_volumes_inverse_values[&lt;lambda&gt;10]" time="0.00044536590576171875"><skipped message="Suite splitting in effect" type="pytest.skip">src/pymortests/affine_grid.py:160: &lt;py._xmlgen.raw object at 0x7f1e13f20fd0&gt;</skipped></testcase><testcase classname="src.pymortests.affine_grid" file="src/pymortests/affine_grid.py" line="160" name="test_volumes_inverse_values[&lt;lambda&gt;11]" time="0.0004887580871582031"><skipped message="Suite splitting in effect" type="pytest.skip">src/pymortests/affine_grid.py:160: &lt;py._xmlgen.raw object at 0x7f1e04c46a90&gt;</skipped></testcase><testcase classname="src.pymortests.affine_grid" file="src/pymortests/affine_grid.py" line="160" name="test_volumes_inverse_values[&lt;lambda&gt;12]" time="0.0004763603210449219"><skipped message="Suite splitting in effect" type="pytest.skip">src/pymortests/affine_grid.py:160: &lt;py._xmlgen.raw object at 0x7f1e13eda4a8&gt;</skipped></testcase><testcase classname="src.pymortests.affine_grid" file="src/pymortests/affine_grid.py" line="160" name="test_volumes_inverse_values[&lt;lambda&gt;13]" time="0.0005362033843994141"><skipped message="Suite splitting in effect" type="pytest.skip">src/pymortests/affine_grid.py:160: &lt;py._xmlgen.raw object at 0x7f1e04be9160&gt;</skipped></testcase><testcase classname="src.pymortests.affine_grid" file="src/pymortests/affine_grid.py" line="160" name="test_volumes_inverse_values[&lt;lambda&gt;14]" time="0.00046753883361816406"><skipped message="Suite splitting in effect" type="pytest.skip">src/pymortests/affine_grid.py:160: &lt;py._xmlgen.raw object at 0x7f1e04bffb70&gt;</skipped></testcase><testcase classname="src.pymortests.affine_grid" file="src/pymortests/affine_grid.py" line="160" name="test_volumes_inverse_values[&lt;lambda&gt;15]" time="0.00046253204345703125"><skipped message="Suite splitting in effect" type="pytest.skip">src/pymortests/affine_grid.py:160: &lt;py._xmlgen.raw object at 0x7f1e04bff8d0&gt;</skipped></testcase><testcase classname="src.pymortests.affine_grid" file="src/pymortests/affine_grid.py" line="160" name="test_volumes_inverse_values[&lt;lambda&gt;16]" time="0.0008809566497802734"><skipped message="Suite splitting in effect" type="pytest.skip">src/pymortests/affine_grid.py:160: &lt;py._xmlgen.raw object at 0x7f1e04c0a470&gt;</skipped></testcase><testcase classname="src.pymortests.affine_grid" file="src/pymortests/affine_grid.py" line="160" name="test_volumes_inverse_values[&lt;lambda&gt;17]" time="0.00048041343688964844"><skipped message="Suite splitting in effect" type="pytest.skip">src/pymortests/affine_grid.py:160: &lt;py._xmlgen.raw object at 0x7f1e04bffa20&gt;</skipped></testcase><testcase classname="src.pymortests.affine_grid" file="src/pymortests/affine_grid.py" line="160" name="test_volumes_inverse_values[&lt;lambda&gt;18]" time="0.00046515464782714844"><skipped message="Suite splitting in effect" type="pytest.skip">src/pymortests/affine_grid.py:160: &lt;py._xmlgen.raw object at 0x7f1e04be9048&gt;</skipped></testcase><testcase classname="src.pymortests.affine_grid" file="src/pymortests/affine_grid.py" line="160" name="test_volumes_inverse_values[&lt;lambda&gt;19]" time="0.0005176067352294922"><skipped message="Suite splitting in effect" type="pytest.skip">src/pymortests/affine_grid.py:160: &lt;py._xmlgen.raw object at 0x7f1e13eda7f0&gt;</skipped></testcase><testcase classname="src.pymortests.affine_grid" file="src/pymortests/affine_grid.py" line="160" name="test_volumes_inverse_values[&lt;lambda&gt;20]" time="0.000484466552734375"><skipped message="Suite splitting in effect" type="pytest.skip">src/pymortests/affine_grid.py:160: &lt;py._xmlgen.raw object at 0x7f1e13f0fb38&gt;</skipped></testcase><testcase classname="src.pymortests.affine_grid" file="src/pymortests/affine_grid.py" line="160" name="test_volumes_inverse_values[&lt;lambda&gt;21]" time="0.00045561790466308594"><skipped message="Suite splitting in effect" type="pytest.skip">src/pymortests/affine_grid.py:160: &lt;py._xmlgen.raw object at 0x7f1e04bf6668&gt;</skipped></testcase><testcase classname="src.pymortests.affine_grid" file="src/pymortests/affine_grid.py" line="160" name="test_volumes_inverse_values[&lt;lambda&gt;22]" time="0.0004737377166748047"><skipped message="Suite splitting in effect" type="pytest.skip">src/pymortests/affine_grid.py:160: &lt;py._xmlgen.raw object at 0x7f1e04c76898&gt;</skipped></testcase><testcase classname="src.pymortests.affine_grid" file="src/pymortests/affine_grid.py" line="160" name="test_volumes_inverse_values[&lt;lambda&gt;23]" time="0.0004801750183105469"><skipped message="Suite splitting in effect" type="pytest.skip">src/pymortests/affine_grid.py:160: &lt;py._xmlgen.raw object at 0x7f1e04c0a2e8&gt;</skipped></testcase><testcase classname="src.pymortests.affine_grid" file="src/pymortests/affine_grid.py" line="160" name="test_volumes_inverse_values[&lt;lambda&gt;24]" time="0.0010690689086914062"><skipped message="Suite splitting in effect" type="pytest.skip">src/pymortests/affine_grid.py:160: &lt;py._xmlgen.raw object at 0x7f1e04c0aa90&gt;</skipped></testcase><testcase classname="src.pymortests.affine_grid" file="src/pymortests/affine_grid.py" line="160" name="test_volumes_inverse_values[&lt;lambda&gt;25]" time="0.0005009174346923828"><skipped message="Suite splitting in effect" type="pytest.skip">src/pymortests/affine_grid.py:160: &lt;py._xmlgen.raw object at 0x7f1e13eda7f0&gt;</skipped></testcase><testcase classname="src.pymortests.affine_grid" file="src/pymortests/affine_grid.py" line="160" name="test_volumes_inverse_values[&lt;lambda&gt;26]" time="0.00048732757568359375"><skipped message="Suite splitting in effect" type="pytest.skip">src/pymortests/affine_grid.py:160: &lt;py._xmlgen.raw object at 0x7f1e13ec50b8&gt;</skipped></testcase><testcase classname="src.pymortests.affine_grid" file="src/pymortests/affine_grid.py" line="160" name="test_volumes_inverse_values[&lt;lambda&gt;27]" time="0.0006041526794433594"><skipped message="Suite splitting in effect" type="pytest.skip">src/pymortests/affine_grid.py:160: &lt;py._xmlgen.raw object at 0x7f1e04bff2e8&gt;</skipped></testcase><testcase classname="src.pymortests.affine_grid" file="src/pymortests/affine_grid.py" line="160" name="test_volumes_inverse_values[&lt;lambda&gt;28]" time="0.0004379749298095703"><skipped message="Suite splitting in effect" type="pytest.skip">src/pymortests/affine_grid.py:160: &lt;py._xmlgen.raw object at 0x7f1e04bff198&gt;</skipped></testcase><testcase classname="src.pymortests.affine_grid" file="src/pymortests/affine_grid.py" line="160" name="test_volumes_inverse_values[&lt;lambda&gt;29]" time="0.00046181678771972656"><skipped message="Suite splitting in effect" type="pytest.skip">src/pymortests/affine_grid.py:160: &lt;py._xmlgen.raw object at 0x7f1e04bf6668&gt;</skipped></testcase><testcase classname="src.pymortests.affine_grid" file="src/pymortests/affine_grid.py" line="160" name="test_volumes_inverse_values[&lt;lambda&gt;30]" time="0.0005125999450683594"><skipped message="Suite splitting in effect" type="pytest.skip">src/pymortests/affine_grid.py:160: &lt;py._xmlgen.raw object at 0x7f1e04be9ef0&gt;</skipped></testcase><testcase classname="src.pymortests.affine_grid" file="src/pymortests/affine_grid.py" line="160" name="test_volumes_inverse_values[&lt;lambda&gt;31]" time="0.00045490264892578125"><skipped message="Suite splitting in effect" type="pytest.skip">src/pymortests/affine_grid.py:160: &lt;py._xmlgen.raw object at 0x7f1e04c5b2e8&gt;</skipped></testcase><testcase classname="src.pymortests.affine_grid" file="src/pymortests/affine_grid.py" line="160" name="test_volumes_inverse_values[&lt;lambda&gt;32]" time="0.0004913806915283203"><skipped message="Suite splitting in effect" type="pytest.skip">src/pymortests/affine_grid.py:160: &lt;py._xmlgen.raw object at 0x7f1e04c826a0&gt;</skipped></testcase><testcase classname="src.pymortests.affine_grid" file="src/pymortests/affine_grid.py" line="160" name="test_volumes_inverse_values[&lt;lambda&gt;33]" time="0.0008199214935302734"><skipped message="Suite splitting in effect" type="pytest.skip">src/pymortests/affine_grid.py:160: &lt;py._xmlgen.raw object at 0x7f1e13f48f28&gt;</skipped></testcase><testcase classname="src.pymortests.affine_grid" file="src/pymortests/affine_grid.py" line="160" name="test_volumes_inverse_values[&lt;lambda&gt;34]" time="0.00047326087951660156"><skipped message="Suite splitting in effect" type="pytest.skip">src/pymortests/affine_grid.py:160: &lt;py._xmlgen.raw object at 0x7f1e04be9dd8&gt;</skipped></testcase><testcase classname="src.pymortests.affine_grid" file="src/pymortests/affine_grid.py" line="160" name="test_volumes_inverse_values[&lt;lambda&gt;35]" time="0.0004620552062988281"><skipped message="Suite splitting in effect" type="pytest.skip">src/pymortests/affine_grid.py:160: &lt;py._xmlgen.raw object at 0x7f1e04bf6d30&gt;</skipped></testcase><testcase classname="src.pymortests.affine_grid" file="src/pymortests/affine_grid.py" line="160" name="test_volumes_inverse_values[&lt;lambda&gt;36]" time="0.0005052089691162109"><skipped message="Suite splitting in effect" type="pytest.skip">src/pymortests/affine_grid.py:160: &lt;py._xmlgen.raw object at 0x7f1e04bffcc0&gt;</skipped></testcase><testcase classname="src.pymortests.affine_grid" file="src/pymortests/affine_grid.py" line="160" name="test_volumes_inverse_values[&lt;lambda&gt;37]" time="0.0004546642303466797"><skipped message="Suite splitting in effect" type="pytest.skip">src/pymortests/affine_grid.py:160: &lt;py._xmlgen.raw object at 0x7f1e13ec50b8&gt;</skipped></testcase><testcase classname="src.pymortests.affine_grid" file="src/pymortests/affine_grid.py" line="160" name="test_volumes_inverse_values[&lt;lambda&gt;38]" time="0.00045371055603027344"><skipped message="Suite splitting in effect" type="pytest.skip">src/pymortests/affine_grid.py:160: &lt;py._xmlgen.raw object at 0x7f1e13edaa90&gt;</skipped></testcase><testcase classname="src.pymortests.affine_grid" file="src/pymortests/affine_grid.py" line="160" name="test_volumes_inverse_values[&lt;lambda&gt;39]" time="0.000476837158203125"><skipped message="Suite splitting in effect" type="pytest.skip">src/pymortests/affine_grid.py:160: &lt;py._xmlgen.raw object at 0x7f1e13ee9208&gt;</skipped></testcase><testcase classname="src.pymortests.affine_grid" file="src/pymortests/affine_grid.py" line="160" name="test_volumes_inverse_values[&lt;lambda&gt;40]" time="0.0004940032958984375"><skipped message="Suite splitting in effect" type="pytest.skip">src/pymortests/affine_grid.py:160: &lt;py._xmlgen.raw object at 0x7f1e04c0a898&gt;</skipped></testcase><testcase classname="src.pymortests.affine_grid" file="src/pymortests/affine_grid.py" line="160" name="test_volumes_inverse_values[&lt;lambda&gt;41]" time="0.0007812976837158203"><skipped message="Suite splitting in effect" type="pytest.skip">src/pymortests/affine_grid.py:160: &lt;py._xmlgen.raw object at 0x7f1e13ee9208&gt;</skipped></testcase><testcase classname="src.pymortests.affine_grid" file="src/pymortests/affine_grid.py" line="160" name="test_volumes_inverse_values[&lt;lambda&gt;42]" time="0.00045037269592285156"><skipped message="Suite splitting in effect" type="pytest.skip">src/pymortests/affine_grid.py:160: &lt;py._xmlgen.raw object at 0x7f1e04c50cf8&gt;</skipped></testcase><testcase classname="src.pymortests.affine_grid" file="src/pymortests/affine_grid.py" line="168" name="test_unit_outer_normals_shape[&lt;lambda&gt;0]" time="0.00047278404235839844"><skipped message="Suite splitting in effect" type="pytest.skip">src/pymortests/affine_grid.py:168: &lt;py._xmlgen.raw object at 0x7f1e04bffcf8&gt;</skipped></testcase><testcase classname="src.pymortests.affine_grid" file="src/pymortests/affine_grid.py" line="168" name="test_unit_outer_normals_shape[&lt;lambda&gt;1]" time="0.0005345344543457031"><skipped message="Suite splitting in effect" type="pytest.skip">src/pymortests/affine_grid.py:168: &lt;py._xmlgen.raw object at 0x7f1e04bff048&gt;</skipped></testcase><testcase classname="src.pymortests.affine_grid" file="src/pymortests/affine_grid.py" line="168" name="test_unit_outer_normals_shape[&lt;lambda&gt;2]" time="0.0004611015319824219"><skipped message="Suite splitting in effect" type="pytest.skip">src/pymortests/affine_grid.py:168: &lt;py._xmlgen.raw object at 0x7f1e04bf6128&gt;</skipped></testcase><testcase classname="src.pymortests.affine_grid" file="src/pymortests/affine_grid.py" line="168" name="test_unit_outer_normals_shape[&lt;lambda&gt;3]" time="0.0004622936248779297"><skipped message="Suite splitting in effect" type="pytest.skip">src/pymortests/affine_grid.py:168: &lt;py._xmlgen.raw object at 0x7f1e04c5bb00&gt;</skipped></testcase><testcase classname="src.pymortests.affine_grid" file="src/pymortests/affine_grid.py" line="168" name="test_unit_outer_normals_shape[&lt;lambda&gt;4]" time="0.0004990100860595703"><skipped message="Suite splitting in effect" type="pytest.skip">src/pymortests/affine_grid.py:168: &lt;py._xmlgen.raw object at 0x7f1e04c0ac18&gt;</skipped></testcase><testcase classname="src.pymortests.affine_grid" file="src/pymortests/affine_grid.py" line="168" name="test_unit_outer_normals_shape[&lt;lambda&gt;5]" time="0.0005030632019042969"><skipped message="Suite splitting in effect" type="pytest.skip">src/pymortests/affine_grid.py:168: &lt;py._xmlgen.raw object at 0x7f1e04c0af98&gt;</skipped></testcase><testcase classname="src.pymortests.affine_grid" file="src/pymortests/affine_grid.py" line="168" name="test_unit_outer_normals_shape[&lt;lambda&gt;6]" time="0.0008449554443359375"><skipped message="Suite splitting in effect" type="pytest.skip">src/pymortests/affine_grid.py:168: &lt;py._xmlgen.raw object at 0x7f1e04c19518&gt;</skipped></testcase><testcase classname="src.pymortests.affine_grid" file="src/pymortests/affine_grid.py" line="168" name="test_unit_outer_normals_shape[&lt;lambda&gt;7]" time="0.0004634857177734375"><skipped message="Suite splitting in effect" type="pytest.skip">src/pymortests/affine_grid.py:168: &lt;py._xmlgen.raw object at 0x7f1e04c0a390&gt;</skipped></testcase><testcase classname="src.pymortests.affine_grid" file="src/pymortests/affine_grid.py" line="168" name="test_unit_outer_normals_shape[&lt;lambda&gt;8]" time="0.00048041343688964844"><skipped message="Suite splitting in effect" type="pytest.skip">src/pymortests/affine_grid.py:168: &lt;py._xmlgen.raw object at 0x7f1e04be93c8&gt;</skipped></testcase><testcase classname="src.pymortests.affine_grid" file="src/pymortests/affine_grid.py" line="168" name="test_unit_outer_normals_shape[&lt;lambda&gt;9]" time="0.0005316734313964844"><skipped message="Suite splitting in effect" type="pytest.skip">src/pymortests/affine_grid.py:168: &lt;py._xmlgen.raw object at 0x7f1e04bf6588&gt;</skipped></testcase><testcase classname="src.pymortests.affine_grid" file="src/pymortests/affine_grid.py" line="168" name="test_unit_outer_normals_shape[&lt;lambda&gt;10]" time="0.0004432201385498047"><skipped message="Suite splitting in effect" type="pytest.skip">src/pymortests/affine_grid.py:168: &lt;py._xmlgen.raw object at 0x7f1e13ec50b8&gt;</skipped></testcase><testcase classname="src.pymortests.affine_grid" file="src/pymortests/affine_grid.py" line="168" name="test_unit_outer_normals_shape[&lt;lambda&gt;11]" time="0.0004673004150390625"><skipped message="Suite splitting in effect" type="pytest.skip">src/pymortests/affine_grid.py:168: &lt;py._xmlgen.raw object at 0x7f1e04bffcf8&gt;</skipped></testcase><testcase classname="src.pymortests.affine_grid" file="src/pymortests/affine_grid.py" line="168" name="test_unit_outer_normals_shape[&lt;lambda&gt;12]" time="0.0005292892456054688"><skipped message="Suite splitting in effect" type="pytest.skip">src/pymortests/affine_grid.py:168: &lt;py._xmlgen.raw object at 0x7f1e13ee9a90&gt;</skipped></testcase><testcase classname="src.pymortests.affine_grid" file="src/pymortests/affine_grid.py" line="168" name="test_unit_outer_normals_shape[&lt;lambda&gt;13]" time="0.0005171298980712891"><skipped message="Suite splitting in effect" type="pytest.skip">src/pymortests/affine_grid.py:168: &lt;py._xmlgen.raw object at 0x7f1e04c190b8&gt;</skipped></testcase><testcase classname="src.pymortests.affine_grid" file="src/pymortests/affine_grid.py" line="168" name="test_unit_outer_normals_shape[&lt;lambda&gt;14]" time="0.0008234977722167969"><skipped message="Suite splitting in effect" type="pytest.skip">src/pymortests/affine_grid.py:168: &lt;py._xmlgen.raw object at 0x7f1e04c19a58&gt;</skipped></testcase><testcase classname="src.pymortests.affine_grid" file="src/pymortests/affine_grid.py" line="168" name="test_unit_outer_normals_shape[&lt;lambda&gt;15]" time="0.0004990100860595703"><skipped message="Suite splitting in effect" type="pytest.skip">src/pymortests/affine_grid.py:168: &lt;py._xmlgen.raw object at 0x7f1e13e8e2b0&gt;</skipped></testcase><testcase classname="src.pymortests.affine_grid" file="src/pymortests/affine_grid.py" line="168" name="test_unit_outer_normals_shape[&lt;lambda&gt;16]" time="0.00046324729919433594"><skipped message="Suite splitting in effect" type="pytest.skip">src/pymortests/affine_grid.py:168: &lt;py._xmlgen.raw object at 0x7f1e04bff2e8&gt;</skipped></testcase><testcase classname="src.pymortests.affine_grid" file="src/pymortests/affine_grid.py" line="168" name="test_unit_outer_normals_shape[&lt;lambda&gt;17]" time="0.0004634857177734375"><skipped message="Suite splitting in effect" type="pytest.skip">src/pymortests/affine_grid.py:168: &lt;py._xmlgen.raw object at 0x7f1e04bf6278&gt;</skipped></testcase><testcase classname="src.pymortests.affine_grid" file="src/pymortests/affine_grid.py" line="168" name="test_unit_outer_normals_shape[&lt;lambda&gt;18]" time="0.0004515647888183594"><skipped message="Suite splitting in effect" type="pytest.skip">src/pymortests/affine_grid.py:168: &lt;py._xmlgen.raw object at 0x7f1e04be93c8&gt;</skipped></testcase><testcase classname="src.pymortests.affine_grid" file="src/pymortests/affine_grid.py" line="168" name="test_unit_outer_normals_shape[&lt;lambda&gt;19]" time="0.0005090236663818359"><skipped message="Suite splitting in effect" type="pytest.skip">src/pymortests/affine_grid.py:168: &lt;py._xmlgen.raw object at 0x7f1e04c0a940&gt;</skipped></testcase><testcase classname="src.pymortests.affine_grid" file="src/pymortests/affine_grid.py" line="168" name="test_unit_outer_normals_shape[&lt;lambda&gt;20]" time="0.00046896934509277344"><skipped message="Suite splitting in effect" type="pytest.skip">src/pymortests/affine_grid.py:168: &lt;py._xmlgen.raw object at 0x7f1e04c19ac8&gt;</skipped></testcase><testcase classname="src.pymortests.affine_grid" file="src/pymortests/affine_grid.py" line="168" name="test_unit_outer_normals_shape[&lt;lambda&gt;21]" time="0.0005273818969726562"><skipped message="Suite splitting in effect" type="pytest.skip">src/pymortests/affine_grid.py:168: &lt;py._xmlgen.raw object at 0x7f1e04c19320&gt;</skipped></testcase><testcase classname="src.pymortests.affine_grid" file="src/pymortests/affine_grid.py" line="168" name="test_unit_outer_normals_shape[&lt;lambda&gt;22]" time="0.0007579326629638672"><skipped message="Suite splitting in effect" type="pytest.skip">src/pymortests/affine_grid.py:168: &lt;py._xmlgen.raw object at 0x7f1e04c220b8&gt;</skipped></testcase><testcase classname="src.pymortests.affine_grid" file="src/pymortests/affine_grid.py" line="168" name="test_unit_outer_normals_shape[&lt;lambda&gt;23]" time="0.00047397613525390625"><skipped message="Suite splitting in effect" type="pytest.skip">src/pymortests/affine_grid.py:168: &lt;py._xmlgen.raw object at 0x7f1e04c195c0&gt;</skipped></testcase><testcase classname="src.pymortests.affine_grid" file="src/pymortests/affine_grid.py" line="168" name="test_unit_outer_normals_shape[&lt;lambda&gt;24]" time="0.00044465065002441406"><skipped message="Suite splitting in effect" type="pytest.skip">src/pymortests/affine_grid.py:168: &lt;py._xmlgen.raw object at 0x7f1e04c0ae48&gt;</skipped></testcase><testcase classname="src.pymortests.affine_grid" file="src/pymortests/affine_grid.py" line="168" name="test_unit_outer_normals_shape[&lt;lambda&gt;25]" time="0.00045490264892578125"><skipped message="Suite splitting in effect" type="pytest.skip">src/pymortests/affine_grid.py:168: &lt;py._xmlgen.raw object at 0x7f1e04c5b828&gt;</skipped></testcase><testcase classname="src.pymortests.affine_grid" file="src/pymortests/affine_grid.py" line="168" name="test_unit_outer_normals_shape[&lt;lambda&gt;26]" time="0.0005025863647460938"><skipped message="Suite splitting in effect" type="pytest.skip">src/pymortests/affine_grid.py:168: &lt;py._xmlgen.raw object at 0x7f1e04bf6278&gt;</skipped></testcase><testcase classname="src.pymortests.affine_grid" file="src/pymortests/affine_grid.py" line="168" name="test_unit_outer_normals_shape[&lt;lambda&gt;27]" time="0.0004742145538330078"><skipped message="Suite splitting in effect" type="pytest.skip">src/pymortests/affine_grid.py:168: &lt;py._xmlgen.raw object at 0x7f1e04bff8d0&gt;</skipped></testcase><testcase classname="src.pymortests.affine_grid" file="src/pymortests/affine_grid.py" line="168" name="test_unit_outer_normals_shape[&lt;lambda&gt;28]" time="0.0004894733428955078"><skipped message="Suite splitting in effect" type="pytest.skip">src/pymortests/affine_grid.py:168: &lt;py._xmlgen.raw object at 0x7f1e13e8e358&gt;</skipped></testcase><testcase classname="src.pymortests.affine_grid" file="src/pymortests/affine_grid.py" line="168" name="test_unit_outer_normals_shape[&lt;lambda&gt;29]" time="0.0005204677581787109"><skipped message="Suite splitting in effect" type="pytest.skip">src/pymortests/affine_grid.py:168: &lt;py._xmlgen.raw object at 0x7f1e04c221d0&gt;</skipped></testcase><testcase classname="src.pymortests.affine_grid" file="src/pymortests/affine_grid.py" line="168" name="test_unit_outer_normals_shape[&lt;lambda&gt;30]" time="0.0008335113525390625"><skipped message="Suite splitting in effect" type="pytest.skip">src/pymortests/affine_grid.py:168: &lt;py._xmlgen.raw object at 0x7f1e04c226d8&gt;</skipped></testcase><testcase classname="src.pymortests.affine_grid" file="src/pymortests/affine_grid.py" line="168" name="test_unit_outer_normals_shape[&lt;lambda&gt;31]" time="0.0004961490631103516"><skipped message="Suite splitting in effect" type="pytest.skip">src/pymortests/affine_grid.py:168: &lt;py._xmlgen.raw object at 0x7f1e13e8e7f0&gt;</skipped></testcase><testcase classname="src.pymortests.affine_grid" file="src/pymortests/affine_grid.py" line="168" name="test_unit_outer_normals_shape[&lt;lambda&gt;32]" time="0.00046896934509277344"><skipped message="Suite splitting in effect" type="pytest.skip">src/pymortests/affine_grid.py:168: &lt;py._xmlgen.raw object at 0x7f1e04bff4a8&gt;</skipped></testcase><testcase classname="src.pymortests.affine_grid" file="src/pymortests/affine_grid.py" line="168" name="test_unit_outer_normals_shape[&lt;lambda&gt;33]" time="0.00047898292541503906"><skipped message="Suite splitting in effect" type="pytest.skip">src/pymortests/affine_grid.py:168: &lt;py._xmlgen.raw object at 0x7f1e04bf6978&gt;</skipped></testcase><testcase classname="src.pymortests.affine_grid" file="src/pymortests/affine_grid.py" line="168" name="test_unit_outer_normals_shape[&lt;lambda&gt;34]" time="0.0004546642303466797"><skipped message="Suite splitting in effect" type="pytest.skip">src/pymortests/affine_grid.py:168: &lt;py._xmlgen.raw object at 0x7f1e04c0a940&gt;</skipped></testcase><testcase classname="src.pymortests.affine_grid" file="src/pymortests/affine_grid.py" line="168" name="test_unit_outer_normals_shape[&lt;lambda&gt;35]" time="0.0005221366882324219"><skipped message="Suite splitting in effect" type="pytest.skip">src/pymortests/affine_grid.py:168: &lt;py._xmlgen.raw object at 0x7f1e04c19ac8&gt;</skipped></testcase><testcase classname="src.pymortests.affine_grid" file="src/pymortests/affine_grid.py" line="168" name="test_unit_outer_normals_shape[&lt;lambda&gt;36]" time="0.00047969818115234375"><skipped message="Suite splitting in effect" type="pytest.skip">src/pymortests/affine_grid.py:168: &lt;py._xmlgen.raw object at 0x7f1e04c19320&gt;</skipped></testcase><testcase classname="src.pymortests.affine_grid" file="src/pymortests/affine_grid.py" line="168" name="test_unit_outer_normals_shape[&lt;lambda&gt;37]" time="0.0005645751953125"><skipped message="Suite splitting in effect" type="pytest.skip">src/pymortests/affine_grid.py:168: &lt;py._xmlgen.raw object at 0x7f1e04c22358&gt;</skipped></testcase><testcase classname="src.pymortests.affine_grid" file="src/pymortests/affine_grid.py" line="168" name="test_unit_outer_normals_shape[&lt;lambda&gt;38]" time="0.00081634521484375"><skipped message="Suite splitting in effect" type="pytest.skip">src/pymortests/affine_grid.py:168: &lt;py._xmlgen.raw object at 0x7f1e04c22cf8&gt;</skipped></testcase><testcase classname="src.pymortests.affine_grid" file="src/pymortests/affine_grid.py" line="168" name="test_unit_outer_normals_shape[&lt;lambda&gt;39]" time="0.0005154609680175781"><skipped message="Suite splitting in effect" type="pytest.skip">src/pymortests/affine_grid.py:168: &lt;py._xmlgen.raw object at 0x7f1e04c19dd8&gt;</skipped></testcase><testcase classname="src.pymortests.affine_grid" file="src/pymortests/affine_grid.py" line="168" name="test_unit_outer_normals_shape[&lt;lambda&gt;40]" time="0.0004851818084716797"><skipped message="Suite splitting in effect" type="pytest.skip">src/pymortests/affine_grid.py:168: &lt;py._xmlgen.raw object at 0x7f1e04c0a438&gt;</skipped></testcase><testcase classname="src.pymortests.affine_grid" file="src/pymortests/affine_grid.py" line="168" name="test_unit_outer_normals_shape[&lt;lambda&gt;41]" time="0.00048279762268066406"><skipped message="Suite splitting in effect" type="pytest.skip">src/pymortests/affine_grid.py:168: &lt;py._xmlgen.raw object at 0x7f1e04bf6358&gt;</skipped></testcase><testcase classname="src.pymortests.affine_grid" file="src/pymortests/affine_grid.py" line="168" name="test_unit_outer_normals_shape[&lt;lambda&gt;42]" time="0.00043964385986328125"><skipped message="Suite splitting in effect" type="pytest.skip">src/pymortests/affine_grid.py:168: &lt;py._xmlgen.raw object at 0x7f1e04bff4a8&gt;</skipped></testcase><testcase classname="src.pymortests.affine_grid" file="src/pymortests/affine_grid.py" line="174" name="test_unit_outer_normals_normed[&lt;lambda&gt;0]" time="0.00047516822814941406"><skipped message="Suite splitting in effect" type="pytest.skip">src/pymortests/affine_grid.py:174: &lt;py._xmlgen.raw object at 0x7f1e13e8e9e8&gt;</skipped></testcase><testcase classname="src.pymortests.affine_grid" file="src/pymortests/affine_grid.py" line="174" name="test_unit_outer_normals_normed[&lt;lambda&gt;1]" time="0.000453948974609375"><skipped message="Suite splitting in effect" type="pytest.skip">src/pymortests/affine_grid.py:174: &lt;py._xmlgen.raw object at 0x7f1e04c22208&gt;</skipped></testcase><testcase classname="src.pymortests.affine_grid" file="src/pymortests/affine_grid.py" line="174" name="test_unit_outer_normals_normed[&lt;lambda&gt;2]" time="0.00047707557678222656"><skipped message="Suite splitting in effect" type="pytest.skip">src/pymortests/affine_grid.py:174: &lt;py._xmlgen.raw object at 0x7f1e04c22550&gt;</skipped></testcase><testcase classname="src.pymortests.affine_grid" file="src/pymortests/affine_grid.py" line="174" name="test_unit_outer_normals_normed[&lt;lambda&gt;3]" time="0.0007877349853515625"><skipped message="Suite splitting in effect" type="pytest.skip">src/pymortests/affine_grid.py:174: &lt;py._xmlgen.raw object at 0x7f1e04bae358&gt;</skipped></testcase><testcase classname="src.pymortests.affine_grid" file="src/pymortests/affine_grid.py" line="174" name="test_unit_outer_normals_normed[&lt;lambda&gt;4]" time="0.00048351287841796875"><skipped message="Suite splitting in effect" type="pytest.skip">src/pymortests/affine_grid.py:174: &lt;py._xmlgen.raw object at 0x7f1e04c22748&gt;</skipped></testcase><testcase classname="src.pymortests.affine_grid" file="src/pymortests/affine_grid.py" line="174" name="test_unit_outer_normals_normed[&lt;lambda&gt;5]" time="0.0004756450653076172"><skipped message="Suite splitting in effect" type="pytest.skip">src/pymortests/affine_grid.py:174: &lt;py._xmlgen.raw object at 0x7f1e13ee9898&gt;</skipped></testcase><testcase classname="src.pymortests.affine_grid" file="src/pymortests/affine_grid.py" line="174" name="test_unit_outer_normals_normed[&lt;lambda&gt;6]" time="0.0004291534423828125"><skipped message="Suite splitting in effect" type="pytest.skip">src/pymortests/affine_grid.py:174: &lt;py._xmlgen.raw object at 0x7f1e13ec5208&gt;</skipped></testcase><testcase classname="src.pymortests.affine_grid" file="src/pymortests/affine_grid.py" line="174" name="test_unit_outer_normals_normed[&lt;lambda&gt;7]" time="0.00045299530029296875"><skipped message="Suite splitting in effect" type="pytest.skip">src/pymortests/affine_grid.py:174: &lt;py._xmlgen.raw object at 0x7f1e04be9160&gt;</skipped></testcase><testcase classname="src.pymortests.affine_grid" file="src/pymortests/affine_grid.py" line="174" name="test_unit_outer_normals_normed[&lt;lambda&gt;8]" time="0.0004494190216064453"><skipped message="Suite splitting in effect" type="pytest.skip">src/pymortests/affine_grid.py:174: &lt;py._xmlgen.raw object at 0x7f1e04c0a438&gt;</skipped></testcase><testcase classname="src.pymortests.affine_grid" file="src/pymortests/affine_grid.py" line="174" name="test_unit_outer_normals_normed[&lt;lambda&gt;9]" time="0.0004680156707763672"><skipped message="Suite splitting in effect" type="pytest.skip">src/pymortests/affine_grid.py:174: &lt;py._xmlgen.raw object at 0x7f1e04c19438&gt;</skipped></testcase><testcase classname="src.pymortests.affine_grid" file="src/pymortests/affine_grid.py" line="174" name="test_unit_outer_normals_normed[&lt;lambda&gt;10]" time="0.0004870891571044922"><skipped message="Suite splitting in effect" type="pytest.skip">src/pymortests/affine_grid.py:174: &lt;py._xmlgen.raw object at 0x7f1e04bae1d0&gt;</skipped></testcase><testcase classname="src.pymortests.affine_grid" file="src/pymortests/affine_grid.py" line="174" name="test_unit_outer_normals_normed[&lt;lambda&gt;11]" time="0.0008006095886230469"><skipped message="Suite splitting in effect" type="pytest.skip">src/pymortests/affine_grid.py:174: &lt;py._xmlgen.raw object at 0x7f1e04bae978&gt;</skipped></testcase><testcase classname="src.pymortests.affine_grid" file="src/pymortests/affine_grid.py" line="174" name="test_unit_outer_normals_normed[&lt;lambda&gt;12]" time="0.0004677772521972656"><skipped message="Suite splitting in effect" type="pytest.skip">src/pymortests/affine_grid.py:174: &lt;py._xmlgen.raw object at 0x7f1e13e9e208&gt;</skipped></testcase><testcase classname="src.pymortests.affine_grid" file="src/pymortests/affine_grid.py" line="174" name="test_unit_outer_normals_normed[&lt;lambda&gt;13]" time="0.0004703998565673828"><skipped message="Suite splitting in effect" type="pytest.skip">src/pymortests/affine_grid.py:174: &lt;py._xmlgen.raw object at 0x7f1e13e7ab38&gt;</skipped></testcase><testcase classname="src.pymortests.affine_grid" file="src/pymortests/affine_grid.py" line="174" name="test_unit_outer_normals_normed[&lt;lambda&gt;14]" time="0.0005373954772949219"><skipped message="Suite splitting in effect" type="pytest.skip">src/pymortests/affine_grid.py:174: &lt;py._xmlgen.raw object at 0x7f1e13e8e898&gt;</skipped></testcase><testcase classname="src.pymortests.affine_grid" file="src/pymortests/affine_grid.py" line="174" name="test_unit_outer_normals_normed[&lt;lambda&gt;15]" time="0.00043773651123046875"><skipped message="Suite splitting in effect" type="pytest.skip">src/pymortests/affine_grid.py:174: &lt;py._xmlgen.raw object at 0x7f1e04c22f28&gt;</skipped></testcase><testcase classname="src.pymortests.affine_grid" file="src/pymortests/affine_grid.py" line="174" name="test_unit_outer_normals_normed[&lt;lambda&gt;16]" time="0.0004715919494628906"><skipped message="Suite splitting in effect" type="pytest.skip">src/pymortests/affine_grid.py:174: &lt;py._xmlgen.raw object at 0x7f1e04c22550&gt;</skipped></testcase><testcase classname="src.pymortests.affine_grid" file="src/pymortests/affine_grid.py" line="174" name="test_unit_outer_normals_normed[&lt;lambda&gt;17]" time="0.0005295276641845703"><skipped message="Suite splitting in effect" type="pytest.skip">src/pymortests/affine_grid.py:174: &lt;py._xmlgen.raw object at 0x7f1e04bae550&gt;</skipped></testcase><testcase classname="src.pymortests.affine_grid" file="src/pymortests/affine_grid.py" line="174" name="test_unit_outer_normals_normed[&lt;lambda&gt;18]" time="0.0004909038543701172"><skipped message="Suite splitting in effect" type="pytest.skip">src/pymortests/affine_grid.py:174: &lt;py._xmlgen.raw object at 0x7f1e04bae4e0&gt;</skipped></testcase><testcase classname="src.pymortests.affine_grid" file="src/pymortests/affine_grid.py" line="174" name="test_unit_outer_normals_normed[&lt;lambda&gt;19]" time="0.0007548332214355469"><skipped message="Suite splitting in effect" type="pytest.skip">src/pymortests/affine_grid.py:174: &lt;py._xmlgen.raw object at 0x7f1e04baef98&gt;</skipped></testcase><testcase classname="src.pymortests.affine_grid" file="src/pymortests/affine_grid.py" line="174" name="test_unit_outer_normals_normed[&lt;lambda&gt;20]" time="0.00045228004455566406"><skipped message="Suite splitting in effect" type="pytest.skip">src/pymortests/affine_grid.py:174: &lt;py._xmlgen.raw object at 0x7f1e04bae668&gt;</skipped></testcase><testcase classname="src.pymortests.affine_grid" file="src/pymortests/affine_grid.py" line="174" name="test_unit_outer_normals_normed[&lt;lambda&gt;21]" time="0.00044417381286621094"><skipped message="Suite splitting in effect" type="pytest.skip">src/pymortests/affine_grid.py:174: &lt;py._xmlgen.raw object at 0x7f1e13e33748&gt;</skipped></testcase><testcase classname="src.pymortests.affine_grid" file="src/pymortests/affine_grid.py" line="174" name="test_unit_outer_normals_normed[&lt;lambda&gt;22]" time="0.00047206878662109375"><skipped message="Suite splitting in effect" type="pytest.skip">src/pymortests/affine_grid.py:174: &lt;py._xmlgen.raw object at 0x7f1e04c22d68&gt;</skipped></testcase><testcase classname="src.pymortests.affine_grid" file="src/pymortests/affine_grid.py" line="174" name="test_unit_outer_normals_normed[&lt;lambda&gt;23]" time="0.00043582916259765625"><skipped message="Suite splitting in effect" type="pytest.skip">src/pymortests/affine_grid.py:174: &lt;py._xmlgen.raw object at 0x7f1e13e8e550&gt;</skipped></testcase><testcase classname="src.pymortests.affine_grid" file="src/pymortests/affine_grid.py" line="174" name="test_unit_outer_normals_normed[&lt;lambda&gt;24]" time="0.0004830360412597656"><skipped message="Suite splitting in effect" type="pytest.skip">src/pymortests/affine_grid.py:174: &lt;py._xmlgen.raw object at 0x7f1e13fa7dd8&gt;</skipped></testcase><testcase classname="src.pymortests.affine_grid" file="src/pymortests/affine_grid.py" line="174" name="test_unit_outer_normals_normed[&lt;lambda&gt;25]" time="0.0005712509155273438"><skipped message="Suite splitting in effect" type="pytest.skip">src/pymortests/affine_grid.py:174: &lt;py._xmlgen.raw object at 0x7f1e13e9e5f8&gt;</skipped></testcase><testcase classname="src.pymortests.affine_grid" file="src/pymortests/affine_grid.py" line="174" name="test_unit_outer_normals_normed[&lt;lambda&gt;26]" time="0.0004444122314453125"><skipped message="Suite splitting in effect" type="pytest.skip">src/pymortests/affine_grid.py:174: &lt;py._xmlgen.raw object at 0x7f1e04bbb0b8&gt;</skipped></testcase><testcase classname="src.pymortests.affine_grid" file="src/pymortests/affine_grid.py" line="174" name="test_unit_outer_normals_normed[&lt;lambda&gt;27]" time="0.0007982254028320312"><skipped message="Suite splitting in effect" type="pytest.skip">src/pymortests/affine_grid.py:174: &lt;py._xmlgen.raw object at 0x7f1e04bbb5f8&gt;</skipped></testcase><testcase classname="src.pymortests.affine_grid" file="src/pymortests/affine_grid.py" line="174" name="test_unit_outer_normals_normed[&lt;lambda&gt;28]" time="0.0005710124969482422"><skipped message="Suite splitting in effect" type="pytest.skip">src/pymortests/affine_grid.py:174: &lt;py._xmlgen.raw object at 0x7f1e04bf6978&gt;</skipped></testcase><testcase classname="src.pymortests.affine_grid" file="src/pymortests/affine_grid.py" line="174" name="test_unit_outer_normals_normed[&lt;lambda&gt;29]" time="0.0004987716674804688"><skipped message="Suite splitting in effect" type="pytest.skip">src/pymortests/affine_grid.py:174: &lt;py._xmlgen.raw object at 0x7f1e13e8e2b0&gt;</skipped></testcase><testcase classname="src.pymortests.affine_grid" file="src/pymortests/affine_grid.py" line="174" name="test_unit_outer_normals_normed[&lt;lambda&gt;30]" time="0.0004703998565673828"><skipped message="Suite splitting in effect" type="pytest.skip">src/pymortests/affine_grid.py:174: &lt;py._xmlgen.raw object at 0x7f1e04c22be0&gt;</skipped></testcase><testcase classname="src.pymortests.affine_grid" file="src/pymortests/affine_grid.py" line="174" name="test_unit_outer_normals_normed[&lt;lambda&gt;31]" time="0.0004944801330566406"><skipped message="Suite splitting in effect" type="pytest.skip">src/pymortests/affine_grid.py:174: &lt;py._xmlgen.raw object at 0x7f1e13e33400&gt;</skipped></testcase><testcase classname="src.pymortests.affine_grid" file="src/pymortests/affine_grid.py" line="174" name="test_unit_outer_normals_normed[&lt;lambda&gt;32]" time="0.0004336833953857422"><skipped message="Suite splitting in effect" type="pytest.skip">src/pymortests/affine_grid.py:174: &lt;py._xmlgen.raw object at 0x7f1e04bae400&gt;</skipped></testcase><testcase classname="src.pymortests.affine_grid" file="src/pymortests/affine_grid.py" line="174" name="test_unit_outer_normals_normed[&lt;lambda&gt;33]" time="0.0005061626434326172"><skipped message="Suite splitting in effect" type="pytest.skip">src/pymortests/affine_grid.py:174: &lt;py._xmlgen.raw object at 0x7f1e04bae0b8&gt;</skipped></testcase><testcase classname="src.pymortests.affine_grid" file="src/pymortests/affine_grid.py" line="174" name="test_unit_outer_normals_normed[&lt;lambda&gt;34]" time="0.0005154609680175781"><skipped message="Suite splitting in effect" type="pytest.skip">src/pymortests/affine_grid.py:174: &lt;py._xmlgen.raw object at 0x7f1e04bbb278&gt;</skipped></testcase><testcase classname="src.pymortests.affine_grid" file="src/pymortests/affine_grid.py" line="174" name="test_unit_outer_normals_normed[&lt;lambda&gt;35]" time="0.0010135173797607422"><skipped message="Suite splitting in effect" type="pytest.skip">src/pymortests/affine_grid.py:174: &lt;py._xmlgen.raw object at 0x7f1e04bbbc18&gt;</skipped></testcase><testcase classname="src.pymortests.affine_grid" file="src/pymortests/affine_grid.py" line="174" name="test_unit_outer_normals_normed[&lt;lambda&gt;36]" time="0.0004730224609375"><skipped message="Suite splitting in effect" type="pytest.skip">src/pymortests/affine_grid.py:174: &lt;py._xmlgen.raw object at 0x7f1e13ee9dd8&gt;</skipped></testcase><testcase classname="src.pymortests.affine_grid" file="src/pymortests/affine_grid.py" line="174" name="test_unit_outer_normals_normed[&lt;lambda&gt;37]" time="0.0005276203155517578"><skipped message="Suite splitting in effect" type="pytest.skip">src/pymortests/affine_grid.py:174: &lt;py._xmlgen.raw object at 0x7f1e13ec50b8&gt;</skipped></testcase><testcase classname="src.pymortests.affine_grid" file="src/pymortests/affine_grid.py" line="174" name="test_unit_outer_normals_normed[&lt;lambda&gt;38]" time="0.0005505084991455078"><skipped message="Suite splitting in effect" type="pytest.skip">src/pymortests/affine_grid.py:174: &lt;py._xmlgen.raw object at 0x7f1e04bae6a0&gt;</skipped></testcase><testcase classname="src.pymortests.affine_grid" file="src/pymortests/affine_grid.py" line="174" name="test_unit_outer_normals_normed[&lt;lambda&gt;39]" time="0.0005590915679931641"><skipped message="Suite splitting in effect" type="pytest.skip">src/pymortests/affine_grid.py:174: &lt;py._xmlgen.raw object at 0x7f1e04baef60&gt;</skipped></testcase><testcase classname="src.pymortests.affine_grid" file="src/pymortests/affine_grid.py" line="174" name="test_unit_outer_normals_normed[&lt;lambda&gt;40]" time="0.000461578369140625"><skipped message="Suite splitting in effect" type="pytest.skip">src/pymortests/affine_grid.py:174: &lt;py._xmlgen.raw object at 0x7f1e04c22be0&gt;</skipped></testcase><testcase classname="src.pymortests.affine_grid" file="src/pymortests/affine_grid.py" line="174" name="test_unit_outer_normals_normed[&lt;lambda&gt;41]" time="0.0005018711090087891"><skipped message="Suite splitting in effect" type="pytest.skip">src/pymortests/affine_grid.py:174: &lt;py._xmlgen.raw object at 0x7f1e04c19f28&gt;</skipped></testcase><testcase classname="src.pymortests.affine_grid" file="src/pymortests/affine_grid.py" line="174" name="test_unit_outer_normals_normed[&lt;lambda&gt;42]" time="0.00044989585876464844"><skipped message="Suite splitting in effect" type="pytest.skip">src/pymortests/affine_grid.py:174: &lt;py._xmlgen.raw object at 0x7f1e04c0a978&gt;</skipped></testcase><testcase classname="src.pymortests.affine_grid" file="src/pymortests/affine_grid.py" line="180" name="test_unit_outer_normals_normal[&lt;lambda&gt;0]" time="0.0004756450653076172"><skipped message="Suite splitting in effect" type="pytest.skip">src/pymortests/affine_grid.py:180: &lt;py._xmlgen.raw object at 0x7f1e04ce0c18&gt;</skipped></testcase><testcase classname="src.pymortests.affine_grid" file="src/pymortests/affine_grid.py" line="180" name="test_unit_outer_normals_normal[&lt;lambda&gt;1]" time="0.0008976459503173828"><skipped message="Suite splitting in effect" type="pytest.skip">src/pymortests/affine_grid.py:180: &lt;py._xmlgen.raw object at 0x7f1e13edae80&gt;</skipped></testcase><testcase classname="src.pymortests.affine_grid" file="src/pymortests/affine_grid.py" line="180" name="test_unit_outer_normals_normal[&lt;lambda&gt;2]" time="0.0005350112915039062"><skipped message="Suite splitting in effect" type="pytest.skip">src/pymortests/affine_grid.py:180: &lt;py._xmlgen.raw object at 0x7f1e04c190f0&gt;</skipped></testcase><testcase classname="src.pymortests.affine_grid" file="src/pymortests/affine_grid.py" line="180" name="test_unit_outer_normals_normal[&lt;lambda&gt;3]" time="0.00045800209045410156"><skipped message="Suite splitting in effect" type="pytest.skip">src/pymortests/affine_grid.py:180: &lt;py._xmlgen.raw object at 0x7f1e04c22b00&gt;</skipped></testcase><testcase classname="src.pymortests.affine_grid" file="src/pymortests/affine_grid.py" line="180" name="test_unit_outer_normals_normal[&lt;lambda&gt;4]" time="0.0004572868347167969"><skipped message="Suite splitting in effect" type="pytest.skip">src/pymortests/affine_grid.py:180: &lt;py._xmlgen.raw object at 0x7f1e04bae7f0&gt;</skipped></testcase><testcase classname="src.pymortests.affine_grid" file="src/pymortests/affine_grid.py" line="180" name="test_unit_outer_normals_normal[&lt;lambda&gt;5]" time="0.0004909038543701172"><skipped message="Suite splitting in effect" type="pytest.skip">src/pymortests/affine_grid.py:180: &lt;py._xmlgen.raw object at 0x7f1e13e9e0b8&gt;</skipped></testcase><testcase classname="src.pymortests.affine_grid" file="src/pymortests/affine_grid.py" line="180" name="test_unit_outer_normals_normal[&lt;lambda&gt;6]" time="0.0004744529724121094"><skipped message="Suite splitting in effect" type="pytest.skip">src/pymortests/affine_grid.py:180: &lt;py._xmlgen.raw object at 0x7f1e13ee9dd8&gt;</skipped></testcase><testcase classname="src.pymortests.affine_grid" file="src/pymortests/affine_grid.py" line="180" name="test_unit_outer_normals_normal[&lt;lambda&gt;7]" time="0.0005164146423339844"><skipped message="Suite splitting in effect" type="pytest.skip">src/pymortests/affine_grid.py:180: &lt;py._xmlgen.raw object at 0x7f1e13e335f8&gt;</skipped></testcase><testcase classname="src.pymortests.affine_grid" file="src/pymortests/affine_grid.py" line="180" name="test_unit_outer_normals_normal[&lt;lambda&gt;8]" time="0.00045752525329589844"><skipped message="Suite splitting in effect" type="pytest.skip">src/pymortests/affine_grid.py:180: &lt;py._xmlgen.raw object at 0x7f1e04bbba90&gt;</skipped></testcase><testcase classname="src.pymortests.affine_grid" file="src/pymortests/affine_grid.py" line="180" name="test_unit_outer_normals_normal[&lt;lambda&gt;9]" time="0.0007600784301757812"><skipped message="Suite splitting in effect" type="pytest.skip">src/pymortests/affine_grid.py:180: &lt;py._xmlgen.raw object at 0x7f1e13e337f0&gt;</skipped></testcase><testcase classname="src.pymortests.affine_grid" file="src/pymortests/affine_grid.py" line="180" name="test_unit_outer_normals_normal[&lt;lambda&gt;10]" time="0.0004589557647705078"><skipped message="Suite splitting in effect" type="pytest.skip">src/pymortests/affine_grid.py:180: &lt;py._xmlgen.raw object at 0x7f1e13e8eb38&gt;</skipped></testcase><testcase classname="src.pymortests.affine_grid" file="src/pymortests/affine_grid.py" line="180" name="test_unit_outer_normals_normal[&lt;lambda&gt;11]" time="0.00045371055603027344"><skipped message="Suite splitting in effect" type="pytest.skip">src/pymortests/affine_grid.py:180: &lt;py._xmlgen.raw object at 0x7f1e04bae400&gt;</skipped></testcase><testcase classname="src.pymortests.affine_grid" file="src/pymortests/affine_grid.py" line="180" name="test_unit_outer_normals_normal[&lt;lambda&gt;12]" time="0.0006020069122314453"><skipped message="Suite splitting in effect" type="pytest.skip">src/pymortests/affine_grid.py:180: &lt;py._xmlgen.raw object at 0x7f1e04c226a0&gt;</skipped></testcase><testcase classname="src.pymortests.affine_grid" file="src/pymortests/affine_grid.py" line="180" name="test_unit_outer_normals_normal[&lt;lambda&gt;13]" time="0.0004975795745849609"><skipped message="Suite splitting in effect" type="pytest.skip">src/pymortests/affine_grid.py:180: &lt;py._xmlgen.raw object at 0x7f1e13e54be0&gt;</skipped></testcase><testcase classname="src.pymortests.affine_grid" file="src/pymortests/affine_grid.py" line="180" name="test_unit_outer_normals_normal[&lt;lambda&gt;14]" time="0.00044465065002441406"><skipped message="Suite splitting in effect" type="pytest.skip">src/pymortests/affine_grid.py:180: &lt;py._xmlgen.raw object at 0x7f1e04c0a5f8&gt;</skipped></testcase><testcase classname="src.pymortests.affine_grid" file="src/pymortests/affine_grid.py" line="180" name="test_unit_outer_normals_normal[&lt;lambda&gt;15]" time="0.00046515464782714844"><skipped message="Suite splitting in effect" type="pytest.skip">src/pymortests/affine_grid.py:180: &lt;py._xmlgen.raw object at 0x7f1e04bbb0f0&gt;</skipped></testcase><testcase classname="src.pymortests.affine_grid" file="src/pymortests/affine_grid.py" line="180" name="test_unit_outer_normals_normal[&lt;lambda&gt;16]" time="0.00046443939208984375"><skipped message="Suite splitting in effect" type="pytest.skip">src/pymortests/affine_grid.py:180: &lt;py._xmlgen.raw object at 0x7f1e04bc7160&gt;</skipped></testcase><testcase classname="src.pymortests.affine_grid" file="src/pymortests/affine_grid.py" line="180" name="test_unit_outer_normals_normal[&lt;lambda&gt;17]" time="0.0007317066192626953"><skipped message="Suite splitting in effect" type="pytest.skip">src/pymortests/affine_grid.py:180: &lt;py._xmlgen.raw object at 0x7f1e04bc76a0&gt;</skipped></testcase><testcase classname="src.pymortests.affine_grid" file="src/pymortests/affine_grid.py" line="180" name="test_unit_outer_normals_normal[&lt;lambda&gt;18]" time="0.00055694580078125"><skipped message="Suite splitting in effect" type="pytest.skip">src/pymortests/affine_grid.py:180: &lt;py._xmlgen.raw object at 0x7f1e04bbbcf8&gt;</skipped></testcase><testcase classname="src.pymortests.affine_grid" file="src/pymortests/affine_grid.py" line="180" name="test_unit_outer_normals_normal[&lt;lambda&gt;19]" time="0.0005526542663574219"><skipped message="Suite splitting in effect" type="pytest.skip">src/pymortests/affine_grid.py:180: &lt;py._xmlgen.raw object at 0x7f1e04c19518&gt;</skipped></testcase><testcase classname="src.pymortests.affine_grid" file="src/pymortests/affine_grid.py" line="180" name="test_unit_outer_normals_normal[&lt;lambda&gt;20]" time="0.0004596710205078125"><skipped message="Suite splitting in effect" type="pytest.skip">src/pymortests/affine_grid.py:180: &lt;py._xmlgen.raw object at 0x7f1e04c226d8&gt;</skipped></testcase><testcase classname="src.pymortests.affine_grid" file="src/pymortests/affine_grid.py" line="180" name="test_unit_outer_normals_normal[&lt;lambda&gt;21]" time="0.00047588348388671875"><skipped message="Suite splitting in effect" type="pytest.skip">src/pymortests/affine_grid.py:180: &lt;py._xmlgen.raw object at 0x7f1e04bae7f0&gt;</skipped></testcase><testcase classname="src.pymortests.affine_grid" file="src/pymortests/affine_grid.py" line="180" name="test_unit_outer_normals_normal[&lt;lambda&gt;22]" time="0.0005414485931396484"><skipped message="Suite splitting in effect" type="pytest.skip">src/pymortests/affine_grid.py:180: &lt;py._xmlgen.raw object at 0x7f1e13e8eb38&gt;</skipped></testcase><testcase classname="src.pymortests.affine_grid" file="src/pymortests/affine_grid.py" line="180" name="test_unit_outer_normals_normal[&lt;lambda&gt;23]" time="0.00048470497131347656"><skipped message="Suite splitting in effect" type="pytest.skip">src/pymortests/affine_grid.py:180: &lt;py._xmlgen.raw object at 0x7f1e13e45c88&gt;</skipped></testcase><testcase classname="src.pymortests.affine_grid" file="src/pymortests/affine_grid.py" line="180" name="test_unit_outer_normals_normal[&lt;lambda&gt;24]" time="0.0005052089691162109"><skipped message="Suite splitting in effect" type="pytest.skip">src/pymortests/affine_grid.py:180: &lt;py._xmlgen.raw object at 0x7f1e04bc7048&gt;</skipped></testcase><testcase classname="src.pymortests.affine_grid" file="src/pymortests/affine_grid.py" line="180" name="test_unit_outer_normals_normal[&lt;lambda&gt;25]" time="0.0007457733154296875"><skipped message="Suite splitting in effect" type="pytest.skip">src/pymortests/affine_grid.py:180: &lt;py._xmlgen.raw object at 0x7f1e04bc7be0&gt;</skipped></testcase><testcase classname="src.pymortests.affine_grid" file="src/pymortests/affine_grid.py" line="180" name="test_unit_outer_normals_normal[&lt;lambda&gt;26]" time="0.00044155120849609375"><skipped message="Suite splitting in effect" type="pytest.skip">src/pymortests/affine_grid.py:180: &lt;py._xmlgen.raw object at 0x7f1e13e8e2b0&gt;</skipped></testcase><testcase classname="src.pymortests.affine_grid" file="src/pymortests/affine_grid.py" line="180" name="test_unit_outer_normals_normal[&lt;lambda&gt;27]" time="0.0005195140838623047"><skipped message="Suite splitting in effect" type="pytest.skip">src/pymortests/affine_grid.py:180: &lt;py._xmlgen.raw object at 0x7f1e04bae550&gt;</skipped></testcase><testcase classname="src.pymortests.affine_grid" file="src/pymortests/affine_grid.py" line="180" name="test_unit_outer_normals_normal[&lt;lambda&gt;28]" time="0.00046753883361816406"><skipped message="Suite splitting in effect" type="pytest.skip">src/pymortests/affine_grid.py:180: &lt;py._xmlgen.raw object at 0x7f1e13e54fd0&gt;</skipped></testcase><testcase classname="src.pymortests.affine_grid" file="src/pymortests/affine_grid.py" line="180" name="test_unit_outer_normals_normal[&lt;lambda&gt;29]" time="0.0004849433898925781"><skipped message="Suite splitting in effect" type="pytest.skip">src/pymortests/affine_grid.py:180: &lt;py._xmlgen.raw object at 0x7f1e04c0a550&gt;</skipped></testcase><testcase classname="src.pymortests.affine_grid" file="src/pymortests/affine_grid.py" line="180" name="test_unit_outer_normals_normal[&lt;lambda&gt;30]" time="0.0005469322204589844"><skipped message="Suite splitting in effect" type="pytest.skip">src/pymortests/affine_grid.py:180: &lt;py._xmlgen.raw object at 0x7f1e04bbbe10&gt;</skipped></testcase><testcase classname="src.pymortests.affine_grid" file="src/pymortests/affine_grid.py" line="180" name="test_unit_outer_normals_normal[&lt;lambda&gt;31]" time="0.00043511390686035156"><skipped message="Suite splitting in effect" type="pytest.skip">src/pymortests/affine_grid.py:180: &lt;py._xmlgen.raw object at 0x7f1e04bc7908&gt;</skipped></testcase><testcase classname="src.pymortests.affine_grid" file="src/pymortests/affine_grid.py" line="180" name="test_unit_outer_normals_normal[&lt;lambda&gt;32]" time="0.00051116943359375"><skipped message="Suite splitting in effect" type="pytest.skip">src/pymortests/affine_grid.py:180: &lt;py._xmlgen.raw object at 0x7f1e04bc75c0&gt;</skipped></testcase><testcase classname="src.pymortests.affine_grid" file="src/pymortests/affine_grid.py" line="180" name="test_unit_outer_normals_normal[&lt;lambda&gt;33]" time="0.000736236572265625"><skipped message="Suite splitting in effect" type="pytest.skip">src/pymortests/affine_grid.py:180: &lt;py._xmlgen.raw object at 0x7f1e04bd1240&gt;</skipped></testcase><testcase classname="src.pymortests.affine_grid" file="src/pymortests/affine_grid.py" line="180" name="test_unit_outer_normals_normal[&lt;lambda&gt;34]" time="0.0004715919494628906"><skipped message="Suite splitting in effect" type="pytest.skip">src/pymortests/affine_grid.py:180: &lt;py._xmlgen.raw object at 0x7f1e04bc7470&gt;</skipped></testcase><testcase classname="src.pymortests.affine_grid" file="src/pymortests/affine_grid.py" line="180" name="test_unit_outer_normals_normal[&lt;lambda&gt;35]" time="0.00044655799865722656"><skipped message="Suite splitting in effect" type="pytest.skip">src/pymortests/affine_grid.py:180: &lt;py._xmlgen.raw object at 0x7f1e04bbb5f8&gt;</skipped></testcase><testcase classname="src.pymortests.affine_grid" file="src/pymortests/affine_grid.py" line="180" name="test_unit_outer_normals_normal[&lt;lambda&gt;36]" time="0.0004482269287109375"><skipped message="Suite splitting in effect" type="pytest.skip">src/pymortests/affine_grid.py:180: &lt;py._xmlgen.raw object at 0x7f1e04c0a438&gt;</skipped></testcase><testcase classname="src.pymortests.affine_grid" file="src/pymortests/affine_grid.py" line="180" name="test_unit_outer_normals_normal[&lt;lambda&gt;37]" time="0.0005655288696289062"><skipped message="Suite splitting in effect" type="pytest.skip">src/pymortests/affine_grid.py:180: &lt;py._xmlgen.raw object at 0x7f1e13e9e4a8&gt;</skipped></testcase><testcase classname="src.pymortests.affine_grid" file="src/pymortests/affine_grid.py" line="180" name="test_unit_outer_normals_normal[&lt;lambda&gt;38]" time="0.0004963874816894531"><skipped message="Suite splitting in effect" type="pytest.skip">src/pymortests/affine_grid.py:180: &lt;py._xmlgen.raw object at 0x7f1e04baeda0&gt;</skipped></testcase><testcase classname="src.pymortests.affine_grid" file="src/pymortests/affine_grid.py" line="180" name="test_unit_outer_normals_normal[&lt;lambda&gt;39]" time="0.0004954338073730469"><skipped message="Suite splitting in effect" type="pytest.skip">src/pymortests/affine_grid.py:180: &lt;py._xmlgen.raw object at 0x7f1e13e696a0&gt;</skipped></testcase><testcase classname="src.pymortests.affine_grid" file="src/pymortests/affine_grid.py" line="180" name="test_unit_outer_normals_normal[&lt;lambda&gt;40]" time="0.0004937648773193359"><skipped message="Suite splitting in effect" type="pytest.skip">src/pymortests/affine_grid.py:180: &lt;py._xmlgen.raw object at 0x7f1e04bd10f0&gt;</skipped></testcase><testcase classname="src.pymortests.affine_grid" file="src/pymortests/affine_grid.py" line="180" name="test_unit_outer_normals_normal[&lt;lambda&gt;41]" time="0.0007445812225341797"><skipped message="Suite splitting in effect" type="pytest.skip">src/pymortests/affine_grid.py:180: &lt;py._xmlgen.raw object at 0x7f1e04bd1860&gt;</skipped></testcase><testcase classname="src.pymortests.affine_grid" file="src/pymortests/affine_grid.py" line="180" name="test_unit_outer_normals_normal[&lt;lambda&gt;42]" time="0.0004487037658691406"><skipped message="Suite splitting in effect" type="pytest.skip">src/pymortests/affine_grid.py:180: &lt;py._xmlgen.raw object at 0x7f1e13e69b38&gt;</skipped></testcase><testcase classname="src.pymortests.affine_grid" file="src/pymortests/affine_grid.py" line="189" name="test_unit_outer_normals_neighbours[&lt;lambda&gt;0]" time="0.0004589557647705078"><skipped message="Suite splitting in effect" type="pytest.skip">src/pymortests/affine_grid.py:189: &lt;py._xmlgen.raw object at 0x7f1e13e54be0&gt;</skipped></testcase><testcase classname="src.pymortests.affine_grid" file="src/pymortests/affine_grid.py" line="189" name="test_unit_outer_normals_neighbours[&lt;lambda&gt;1]" time="0.0004703998565673828"><skipped message="Suite splitting in effect" type="pytest.skip">src/pymortests/affine_grid.py:189: &lt;py._xmlgen.raw object at 0x7f1e04c0a438&gt;</skipped></testcase><testcase classname="src.pymortests.affine_grid" file="src/pymortests/affine_grid.py" line="189" name="test_unit_outer_normals_neighbours[&lt;lambda&gt;2]" time="0.0004935264587402344"><skipped message="Suite splitting in effect" type="pytest.skip">src/pymortests/affine_grid.py:189: &lt;py._xmlgen.raw object at 0x7f1e04bbb5f8&gt;</skipped></testcase><testcase classname="src.pymortests.affine_grid" file="src/pymortests/affine_grid.py" line="189" name="test_unit_outer_normals_neighbours[&lt;lambda&gt;3]" time="0.0005035400390625"><skipped message="Suite splitting in effect" type="pytest.skip">src/pymortests/affine_grid.py:189: &lt;py._xmlgen.raw object at 0x7f1e04bc7400&gt;</skipped></testcase><testcase classname="src.pymortests.affine_grid" file="src/pymortests/affine_grid.py" line="189" name="test_unit_outer_normals_neighbours[&lt;lambda&gt;4]" time="0.00042557716369628906"><skipped message="Suite splitting in effect" type="pytest.skip">src/pymortests/affine_grid.py:189: &lt;py._xmlgen.raw object at 0x7f1e04bd1908&gt;</skipped></testcase><testcase classname="src.pymortests.affine_grid" file="src/pymortests/affine_grid.py" line="189" name="test_unit_outer_normals_neighbours[&lt;lambda&gt;5]" time="0.0004470348358154297"><skipped message="Suite splitting in effect" type="pytest.skip">src/pymortests/affine_grid.py:189: &lt;py._xmlgen.raw object at 0x7f1e04bd1320&gt;</skipped></testcase><testcase classname="src.pymortests.affine_grid" file="src/pymortests/affine_grid.py" line="189" name="test_unit_outer_normals_neighbours[&lt;lambda&gt;6]" time="0.0008029937744140625"><skipped message="Suite splitting in effect" type="pytest.skip">src/pymortests/affine_grid.py:189: &lt;py._xmlgen.raw object at 0x7f1e04bd1e80&gt;</skipped></testcase><testcase classname="src.pymortests.affine_grid" file="src/pymortests/affine_grid.py" line="189" name="test_unit_outer_normals_neighbours[&lt;lambda&gt;7]" time="0.0004520416259765625"><skipped message="Suite splitting in effect" type="pytest.skip">src/pymortests/affine_grid.py:189: &lt;py._xmlgen.raw object at 0x7f1e04bd1358&gt;</skipped></testcase><testcase classname="src.pymortests.affine_grid" file="src/pymortests/affine_grid.py" line="189" name="test_unit_outer_normals_neighbours[&lt;lambda&gt;8]" time="0.0004711151123046875"><skipped message="Suite splitting in effect" type="pytest.skip">src/pymortests/affine_grid.py:189: &lt;py._xmlgen.raw object at 0x7f1e04bc79e8&gt;</skipped></testcase><testcase classname="src.pymortests.affine_grid" file="src/pymortests/affine_grid.py" line="189" name="test_unit_outer_normals_neighbours[&lt;lambda&gt;9]" time="0.0004904270172119141"><skipped message="Suite splitting in effect" type="pytest.skip">src/pymortests/affine_grid.py:189: &lt;py._xmlgen.raw object at 0x7f1e13df90b8&gt;</skipped></testcase><testcase classname="src.pymortests.affine_grid" file="src/pymortests/affine_grid.py" line="189" name="test_unit_outer_normals_neighbours[&lt;lambda&gt;10]" time="0.0004839897155761719"><skipped message="Suite splitting in effect" type="pytest.skip">src/pymortests/affine_grid.py:189: &lt;py._xmlgen.raw object at 0x7f1e04bbbf98&gt;</skipped></testcase><testcase classname="src.pymortests.affine_grid" file="src/pymortests/affine_grid.py" line="189" name="test_unit_outer_normals_neighbours[&lt;lambda&gt;11]" time="0.0005853176116943359"><skipped message="Suite splitting in effect" type="pytest.skip">src/pymortests/affine_grid.py:189: &lt;py._xmlgen.raw object at 0x7f1e04c226a0&gt;</skipped></testcase><testcase classname="src.pymortests.affine_grid" file="src/pymortests/affine_grid.py" line="189" name="test_unit_outer_normals_neighbours[&lt;lambda&gt;12]" time="0.0004734992980957031"><skipped message="Suite splitting in effect" type="pytest.skip">src/pymortests/affine_grid.py:189: &lt;py._xmlgen.raw object at 0x7f1e13e7aa90&gt;</skipped></testcase><testcase classname="src.pymortests.affine_grid" file="src/pymortests/affine_grid.py" line="189" name="test_unit_outer_normals_neighbours[&lt;lambda&gt;13]" time="0.0005674362182617188"><skipped message="Suite splitting in effect" type="pytest.skip">src/pymortests/affine_grid.py:189: &lt;py._xmlgen.raw object at 0x7f1e13e45f60&gt;</skipped></testcase><testcase classname="src.pymortests.affine_grid" file="src/pymortests/affine_grid.py" line="189" name="test_unit_outer_normals_neighbours[&lt;lambda&gt;14]" time="0.0008184909820556641"><skipped message="Suite splitting in effect" type="pytest.skip">src/pymortests/affine_grid.py:189: &lt;py._xmlgen.raw object at 0x7f1e04bdc4e0&gt;</skipped></testcase><testcase classname="src.pymortests.affine_grid" file="src/pymortests/affine_grid.py" line="189" name="test_unit_outer_normals_neighbours[&lt;lambda&gt;15]" time="0.0004475116729736328"><skipped message="Suite splitting in effect" type="pytest.skip">src/pymortests/affine_grid.py:189: &lt;py._xmlgen.raw object at 0x7f1e13e54fd0&gt;</skipped></testcase><testcase classname="src.pymortests.affine_grid" file="src/pymortests/affine_grid.py" line="189" name="test_unit_outer_normals_neighbours[&lt;lambda&gt;16]" time="0.00047969818115234375"><skipped message="Suite splitting in effect" type="pytest.skip">src/pymortests/affine_grid.py:189: &lt;py._xmlgen.raw object at 0x7f1e04c22e10&gt;</skipped></testcase><testcase classname="src.pymortests.affine_grid" file="src/pymortests/affine_grid.py" line="189" name="test_unit_outer_normals_neighbours[&lt;lambda&gt;17]" time="0.0004980564117431641"><skipped message="Suite splitting in effect" type="pytest.skip">src/pymortests/affine_grid.py:189: &lt;py._xmlgen.raw object at 0x7f1e04bbb7b8&gt;</skipped></testcase><testcase classname="src.pymortests.affine_grid" file="src/pymortests/affine_grid.py" line="189" name="test_unit_outer_normals_neighbours[&lt;lambda&gt;18]" time="0.0004649162292480469"><skipped message="Suite splitting in effect" type="pytest.skip">src/pymortests/affine_grid.py:189: &lt;py._xmlgen.raw object at 0x7f1e04bc7d30&gt;</skipped></testcase><testcase classname="src.pymortests.affine_grid" file="src/pymortests/affine_grid.py" line="189" name="test_unit_outer_normals_neighbours[&lt;lambda&gt;19]" time="0.00048422813415527344"><skipped message="Suite splitting in effect" type="pytest.skip">src/pymortests/affine_grid.py:189: &lt;py._xmlgen.raw object at 0x7f1e04bd1f98&gt;</skipped></testcase><testcase classname="src.pymortests.affine_grid" file="src/pymortests/affine_grid.py" line="189" name="test_unit_outer_normals_neighbours[&lt;lambda&gt;20]" time="0.00043463706970214844"><skipped message="Suite splitting in effect" type="pytest.skip">src/pymortests/affine_grid.py:189: &lt;py._xmlgen.raw object at 0x7f1e04bd1cf8&gt;</skipped></testcase><testcase classname="src.pymortests.affine_grid" file="src/pymortests/affine_grid.py" line="189" name="test_unit_outer_normals_neighbours[&lt;lambda&gt;21]" time="0.0004761219024658203"><skipped message="Suite splitting in effect" type="pytest.skip">src/pymortests/affine_grid.py:189: &lt;py._xmlgen.raw object at 0x7f1e04bdc3c8&gt;</skipped></testcase><testcase classname="src.pymortests.affine_grid" file="src/pymortests/affine_grid.py" line="189" name="test_unit_outer_normals_neighbours[&lt;lambda&gt;22]" time="0.0008132457733154297"><skipped message="Suite splitting in effect" type="pytest.skip">src/pymortests/affine_grid.py:189: &lt;py._xmlgen.raw object at 0x7f1e04bdcb00&gt;</skipped></testcase><testcase classname="src.pymortests.affine_grid" file="src/pymortests/affine_grid.py" line="189" name="test_unit_outer_normals_neighbours[&lt;lambda&gt;23]" time="0.0004417896270751953"><skipped message="Suite splitting in effect" type="pytest.skip">src/pymortests/affine_grid.py:189: &lt;py._xmlgen.raw object at 0x7f1e04bd1f98&gt;</skipped></testcase><testcase classname="src.pymortests.affine_grid" file="src/pymortests/affine_grid.py" line="189" name="test_unit_outer_normals_neighbours[&lt;lambda&gt;24]" time="0.0004878044128417969"><skipped message="Suite splitting in effect" type="pytest.skip">src/pymortests/affine_grid.py:189: &lt;py._xmlgen.raw object at 0x7f1e04bc7eb8&gt;</skipped></testcase><testcase classname="src.pymortests.affine_grid" file="src/pymortests/affine_grid.py" line="189" name="test_unit_outer_normals_neighbours[&lt;lambda&gt;25]" time="0.0004935264587402344"><skipped message="Suite splitting in effect" type="pytest.skip">src/pymortests/affine_grid.py:189: &lt;py._xmlgen.raw object at 0x7f1e13e0fb38&gt;</skipped></testcase><testcase classname="src.pymortests.affine_grid" file="src/pymortests/affine_grid.py" line="189" name="test_unit_outer_normals_neighbours[&lt;lambda&gt;26]" time="0.0004894733428955078"><skipped message="Suite splitting in effect" type="pytest.skip">src/pymortests/affine_grid.py:189: &lt;py._xmlgen.raw object at 0x7f1e04c19518&gt;</skipped></testcase><testcase classname="src.pymortests.affine_grid" file="src/pymortests/affine_grid.py" line="189" name="test_unit_outer_normals_neighbours[&lt;lambda&gt;27]" time="0.0005023479461669922"><skipped message="Suite splitting in effect" type="pytest.skip">src/pymortests/affine_grid.py:189: &lt;py._xmlgen.raw object at 0x7f1e13e452b0&gt;</skipped></testcase><testcase classname="src.pymortests.affine_grid" file="src/pymortests/affine_grid.py" line="189" name="test_unit_outer_normals_neighbours[&lt;lambda&gt;28]" time="0.0005173683166503906"><skipped message="Suite splitting in effect" type="pytest.skip">src/pymortests/affine_grid.py:189: &lt;py._xmlgen.raw object at 0x7f1e04bdc7f0&gt;</skipped></testcase><testcase classname="src.pymortests.affine_grid" file="src/pymortests/affine_grid.py" line="189" name="test_unit_outer_normals_neighbours[&lt;lambda&gt;29]" time="0.0004825592041015625"><skipped message="Suite splitting in effect" type="pytest.skip">src/pymortests/affine_grid.py:189: &lt;py._xmlgen.raw object at 0x7f1e04bdc198&gt;</skipped></testcase><testcase classname="src.pymortests.affine_grid" file="src/pymortests/affine_grid.py" line="189" name="test_unit_outer_normals_neighbours[&lt;lambda&gt;30]" time="0.0008234977722167969"><skipped message="Suite splitting in effect" type="pytest.skip">src/pymortests/affine_grid.py:189: &lt;py._xmlgen.raw object at 0x7f1dd527a160&gt;</skipped></testcase><testcase classname="src.pymortests.affine_grid" file="src/pymortests/affine_grid.py" line="189" name="test_unit_outer_normals_neighbours[&lt;lambda&gt;31]" time="0.00045037269592285156"><skipped message="Suite splitting in effect" type="pytest.skip">src/pymortests/affine_grid.py:189: &lt;py._xmlgen.raw object at 0x7f1e04bdc240&gt;</skipped></testcase><testcase classname="src.pymortests.affine_grid" file="src/pymortests/affine_grid.py" line="189" name="test_unit_outer_normals_neighbours[&lt;lambda&gt;32]" time="0.0004639625549316406"><skipped message="Suite splitting in effect" type="pytest.skip">src/pymortests/affine_grid.py:189: &lt;py._xmlgen.raw object at 0x7f1e04bdcc18&gt;</skipped></testcase><testcase classname="src.pymortests.affine_grid" file="src/pymortests/affine_grid.py" line="189" name="test_unit_outer_normals_neighbours[&lt;lambda&gt;33]" time="0.0004305839538574219"><skipped message="Suite splitting in effect" type="pytest.skip">src/pymortests/affine_grid.py:189: &lt;py._xmlgen.raw object at 0x7f1e04c222e8&gt;</skipped></testcase><testcase classname="src.pymortests.affine_grid" file="src/pymortests/affine_grid.py" line="189" name="test_unit_outer_normals_neighbours[&lt;lambda&gt;34]" time="0.0004627704620361328"><skipped message="Suite splitting in effect" type="pytest.skip">src/pymortests/affine_grid.py:189: &lt;py._xmlgen.raw object at 0x7f1e04bbbe10&gt;</skipped></testcase><testcase classname="src.pymortests.affine_grid" file="src/pymortests/affine_grid.py" line="189" name="test_unit_outer_normals_neighbours[&lt;lambda&gt;35]" time="0.0004956722259521484"><skipped message="Suite splitting in effect" type="pytest.skip">src/pymortests/affine_grid.py:189: &lt;py._xmlgen.raw object at 0x7f1e04bc7eb8&gt;</skipped></testcase><testcase classname="src.pymortests.affine_grid" file="src/pymortests/affine_grid.py" line="189" name="test_unit_outer_normals_neighbours[&lt;lambda&gt;36]" time="0.0004470348358154297"><skipped message="Suite splitting in effect" type="pytest.skip">src/pymortests/affine_grid.py:189: &lt;py._xmlgen.raw object at 0x7f1e04bd13c8&gt;</skipped></testcase><testcase classname="src.pymortests.affine_grid" file="src/pymortests/affine_grid.py" line="189" name="test_unit_outer_normals_neighbours[&lt;lambda&gt;37]" time="0.0004992485046386719"><skipped message="Suite splitting in effect" type="pytest.skip">src/pymortests/affine_grid.py:189: &lt;py._xmlgen.raw object at 0x7f1dd527a1d0&gt;</skipped></testcase><testcase classname="src.pymortests.affine_grid" file="src/pymortests/affine_grid.py" line="189" name="test_unit_outer_normals_neighbours[&lt;lambda&gt;38]" time="0.0011501312255859375"><skipped message="Suite splitting in effect" type="pytest.skip">src/pymortests/affine_grid.py:189: &lt;py._xmlgen.raw object at 0x7f1dd527a780&gt;</skipped></testcase><testcase classname="src.pymortests.affine_grid" file="src/pymortests/affine_grid.py" line="189" name="test_unit_outer_normals_neighbours[&lt;lambda&gt;39]" time="0.00045371055603027344"><skipped message="Suite splitting in effect" type="pytest.skip">src/pymortests/affine_grid.py:189: &lt;py._xmlgen.raw object at 0x7f1e04bd1438&gt;</skipped></testcase><testcase classname="src.pymortests.affine_grid" file="src/pymortests/affine_grid.py" line="189" name="test_unit_outer_normals_neighbours[&lt;lambda&gt;40]" time="0.0004928112030029297"><skipped message="Suite splitting in effect" type="pytest.skip">src/pymortests/affine_grid.py:189: &lt;py._xmlgen.raw object at 0x7f1e04bc7eb8&gt;</skipped></testcase><testcase classname="src.pymortests.affine_grid" file="src/pymortests/affine_grid.py" line="189" name="test_unit_outer_normals_neighbours[&lt;lambda&gt;41]" time="0.0005009174346923828"><skipped message="Suite splitting in effect" type="pytest.skip">src/pymortests/affine_grid.py:189: &lt;py._xmlgen.raw object at 0x7f1e13e0fd30&gt;</skipped></testcase><testcase classname="src.pymortests.affine_grid" file="src/pymortests/affine_grid.py" line="189" name="test_unit_outer_normals_neighbours[&lt;lambda&gt;42]" time="0.0004456043243408203"><skipped message="Suite splitting in effect" type="pytest.skip">src/pymortests/affine_grid.py:189: &lt;py._xmlgen.raw object at 0x7f1e13e459e8&gt;</skipped></testcase><testcase classname="src.pymortests.affine_grid" file="src/pymortests/affine_grid.py" line="202" name="test_centers_wrong_arguments[&lt;lambda&gt;0]" time="0.00046443939208984375"><skipped message="Suite splitting in effect" type="pytest.skip">src/pymortests/affine_grid.py:202: &lt;py._xmlgen.raw object at 0x7f1e04bdc7f0&gt;</skipped></testcase><testcase classname="src.pymortests.affine_grid" file="src/pymortests/affine_grid.py" line="202" name="test_centers_wrong_arguments[&lt;lambda&gt;1]" time="0.00044608116149902344"><skipped message="Suite splitting in effect" type="pytest.skip">src/pymortests/affine_grid.py:202: &lt;py._xmlgen.raw object at 0x7f1e13e69358&gt;</skipped></testcase><testcase classname="src.pymortests.affine_grid" file="src/pymortests/affine_grid.py" line="202" name="test_centers_wrong_arguments[&lt;lambda&gt;2]" time="0.0005867481231689453"><skipped message="Suite splitting in effect" type="pytest.skip">src/pymortests/affine_grid.py:202: &lt;py._xmlgen.raw object at 0x7f1dd527a2b0&gt;</skipped></testcase><testcase classname="src.pymortests.affine_grid" file="src/pymortests/affine_grid.py" line="202" name="test_centers_wrong_arguments[&lt;lambda&gt;3]" time="0.001222848892211914"><skipped message="Suite splitting in effect" type="pytest.skip">src/pymortests/affine_grid.py:202: &lt;py._xmlgen.raw object at 0x7f1dd527ada0&gt;</skipped></testcase><testcase classname="src.pymortests.affine_grid" file="src/pymortests/affine_grid.py" line="202" name="test_centers_wrong_arguments[&lt;lambda&gt;4]" time="0.0005457401275634766"><skipped message="Suite splitting in effect" type="pytest.skip">src/pymortests/affine_grid.py:202: &lt;py._xmlgen.raw object at 0x7f1e13e0f898&gt;</skipped></testcase><testcase classname="src.pymortests.affine_grid" file="src/pymortests/affine_grid.py" line="202" name="test_centers_wrong_arguments[&lt;lambda&gt;5]" time="0.0004937648773193359"><skipped message="Suite splitting in effect" type="pytest.skip">src/pymortests/affine_grid.py:202: &lt;py._xmlgen.raw object at 0x7f1e13e1fa90&gt;</skipped></testcase><testcase classname="src.pymortests.affine_grid" file="src/pymortests/affine_grid.py" line="202" name="test_centers_wrong_arguments[&lt;lambda&gt;6]" time="0.0004410743713378906"><skipped message="Suite splitting in effect" type="pytest.skip">src/pymortests/affine_grid.py:202: &lt;py._xmlgen.raw object at 0x7f1e04bdce80&gt;</skipped></testcase><testcase classname="src.pymortests.affine_grid" file="src/pymortests/affine_grid.py" line="202" name="test_centers_wrong_arguments[&lt;lambda&gt;7]" time="0.0004894733428955078"><skipped message="Suite splitting in effect" type="pytest.skip">src/pymortests/affine_grid.py:202: &lt;py._xmlgen.raw object at 0x7f1e04bdcac8&gt;</skipped></testcase><testcase classname="src.pymortests.affine_grid" file="src/pymortests/affine_grid.py" line="202" name="test_centers_wrong_arguments[&lt;lambda&gt;8]" time="0.0004596710205078125"><skipped message="Suite splitting in effect" type="pytest.skip">src/pymortests/affine_grid.py:202: &lt;py._xmlgen.raw object at 0x7f1e04bd1b38&gt;</skipped></testcase><testcase classname="src.pymortests.affine_grid" file="src/pymortests/affine_grid.py" line="202" name="test_centers_wrong_arguments[&lt;lambda&gt;9]" time="0.000469207763671875"><skipped message="Suite splitting in effect" type="pytest.skip">src/pymortests/affine_grid.py:202: &lt;py._xmlgen.raw object at 0x7f1e04bc76d8&gt;</skipped></testcase><testcase classname="src.pymortests.affine_grid" file="src/pymortests/affine_grid.py" line="202" name="test_centers_wrong_arguments[&lt;lambda&gt;10]" time="0.0004565715789794922"><skipped message="Suite splitting in effect" type="pytest.skip">src/pymortests/affine_grid.py:202: &lt;py._xmlgen.raw object at 0x7f1e04bbb358&gt;</skipped></testcase><testcase classname="src.pymortests.affine_grid" file="src/pymortests/affine_grid.py" line="202" name="test_centers_wrong_arguments[&lt;lambda&gt;11]" time="0.00046896934509277344"><skipped message="Suite splitting in effect" type="pytest.skip">src/pymortests/affine_grid.py:202: &lt;py._xmlgen.raw object at 0x7f1e13e54a90&gt;</skipped></testcase><testcase classname="src.pymortests.affine_grid" file="src/pymortests/affine_grid.py" line="202" name="test_centers_wrong_arguments[&lt;lambda&gt;12]" time="0.0007660388946533203"><skipped message="Suite splitting in effect" type="pytest.skip">src/pymortests/affine_grid.py:202: &lt;py._xmlgen.raw object at 0x7f1e04bbb470&gt;</skipped></testcase><testcase classname="src.pymortests.affine_grid" file="src/pymortests/affine_grid.py" line="202" name="test_centers_wrong_arguments[&lt;lambda&gt;13]" time="0.0004851818084716797"><skipped message="Suite splitting in effect" type="pytest.skip">src/pymortests/affine_grid.py:202: &lt;py._xmlgen.raw object at 0x7f1e04bc7eb8&gt;</skipped></testcase><testcase classname="src.pymortests.affine_grid" file="src/pymortests/affine_grid.py" line="202" name="test_centers_wrong_arguments[&lt;lambda&gt;14]" time="0.00043463706970214844"><skipped message="Suite splitting in effect" type="pytest.skip">src/pymortests/affine_grid.py:202: &lt;py._xmlgen.raw object at 0x7f1e04bd16d8&gt;</skipped></testcase><testcase classname="src.pymortests.affine_grid" file="src/pymortests/affine_grid.py" line="202" name="test_centers_wrong_arguments[&lt;lambda&gt;15]" time="0.0005080699920654297"><skipped message="Suite splitting in effect" type="pytest.skip">src/pymortests/affine_grid.py:202: &lt;py._xmlgen.raw object at 0x7f1e04bdc6d8&gt;</skipped></testcase><testcase classname="src.pymortests.affine_grid" file="src/pymortests/affine_grid.py" line="202" name="test_centers_wrong_arguments[&lt;lambda&gt;16]" time="0.0006368160247802734"><skipped message="Suite splitting in effect" type="pytest.skip">src/pymortests/affine_grid.py:202: &lt;py._xmlgen.raw object at 0x7f1e13e1f5f8&gt;</skipped></testcase><testcase classname="src.pymortests.affine_grid" file="src/pymortests/affine_grid.py" line="202" name="test_centers_wrong_arguments[&lt;lambda&gt;17]" time="0.0004622936248779297"><skipped message="Suite splitting in effect" type="pytest.skip">src/pymortests/affine_grid.py:202: &lt;py._xmlgen.raw object at 0x7f1e04c22b70&gt;</skipped></testcase><testcase classname="src.pymortests.affine_grid" file="src/pymortests/affine_grid.py" line="202" name="test_centers_wrong_arguments[&lt;lambda&gt;18]" time="0.0005724430084228516"><skipped message="Suite splitting in effect" type="pytest.skip">src/pymortests/affine_grid.py:202: &lt;py._xmlgen.raw object at 0x7f1e13dafbe0&gt;</skipped></testcase><testcase classname="src.pymortests.affine_grid" file="src/pymortests/affine_grid.py" line="202" name="test_centers_wrong_arguments[&lt;lambda&gt;19]" time="0.00047135353088378906"><skipped message="Suite splitting in effect" type="pytest.skip">src/pymortests/affine_grid.py:202: &lt;py._xmlgen.raw object at 0x7f1dd527acc0&gt;</skipped></testcase><testcase classname="src.pymortests.affine_grid" file="src/pymortests/affine_grid.py" line="202" name="test_centers_wrong_arguments[&lt;lambda&gt;20]" time="0.0008325576782226562"><skipped message="Suite splitting in effect" type="pytest.skip">src/pymortests/affine_grid.py:202: &lt;py._xmlgen.raw object at 0x7f1e13e0fc88&gt;</skipped></testcase><testcase classname="src.pymortests.affine_grid" file="src/pymortests/affine_grid.py" line="202" name="test_centers_wrong_arguments[&lt;lambda&gt;21]" time="0.0005674362182617188"><skipped message="Suite splitting in effect" type="pytest.skip">src/pymortests/affine_grid.py:202: &lt;py._xmlgen.raw object at 0x7f1e13e1fbe0&gt;</skipped></testcase><testcase classname="src.pymortests.affine_grid" file="src/pymortests/affine_grid.py" line="202" name="test_centers_wrong_arguments[&lt;lambda&gt;22]" time="0.00049591064453125"><skipped message="Suite splitting in effect" type="pytest.skip">src/pymortests/affine_grid.py:202: &lt;py._xmlgen.raw object at 0x7f1e04bdc860&gt;</skipped></testcase><testcase classname="src.pymortests.affine_grid" file="src/pymortests/affine_grid.py" line="202" name="test_centers_wrong_arguments[&lt;lambda&gt;23]" time="0.0005245208740234375"><skipped message="Suite splitting in effect" type="pytest.skip">src/pymortests/affine_grid.py:202: &lt;py._xmlgen.raw object at 0x7f1e04bd16d8&gt;</skipped></testcase><testcase classname="src.pymortests.affine_grid" file="src/pymortests/affine_grid.py" line="202" name="test_centers_wrong_arguments[&lt;lambda&gt;24]" time="0.0004699230194091797"><skipped message="Suite splitting in effect" type="pytest.skip">src/pymortests/affine_grid.py:202: &lt;py._xmlgen.raw object at 0x7f1e04bc7668&gt;</skipped></testcase><testcase classname="src.pymortests.affine_grid" file="src/pymortests/affine_grid.py" line="202" name="test_centers_wrong_arguments[&lt;lambda&gt;25]" time="0.0004706382751464844"><skipped message="Suite splitting in effect" type="pytest.skip">src/pymortests/affine_grid.py:202: &lt;py._xmlgen.raw object at 0x7f1e04bbbf98&gt;</skipped></testcase><testcase classname="src.pymortests.affine_grid" file="src/pymortests/affine_grid.py" line="202" name="test_centers_wrong_arguments[&lt;lambda&gt;26]" time="0.0004658699035644531"><skipped message="Suite splitting in effect" type="pytest.skip">src/pymortests/affine_grid.py:202: &lt;py._xmlgen.raw object at 0x7f1dd527abe0&gt;</skipped></testcase><testcase classname="src.pymortests.affine_grid" file="src/pymortests/affine_grid.py" line="202" name="test_centers_wrong_arguments[&lt;lambda&gt;27]" time="0.0005586147308349609"><skipped message="Suite splitting in effect" type="pytest.skip">src/pymortests/affine_grid.py:202: &lt;py._xmlgen.raw object at 0x7f1dd52882e8&gt;</skipped></testcase><testcase classname="src.pymortests.affine_grid" file="src/pymortests/affine_grid.py" line="202" name="test_centers_wrong_arguments[&lt;lambda&gt;28]" time="0.0008404254913330078"><skipped message="Suite splitting in effect" type="pytest.skip">src/pymortests/affine_grid.py:202: &lt;py._xmlgen.raw object at 0x7f1dd5288828&gt;</skipped></testcase><testcase classname="src.pymortests.affine_grid" file="src/pymortests/affine_grid.py" line="202" name="test_centers_wrong_arguments[&lt;lambda&gt;29]" time="0.0004832744598388672"><skipped message="Suite splitting in effect" type="pytest.skip">src/pymortests/affine_grid.py:202: &lt;py._xmlgen.raw object at 0x7f1e04bbb400&gt;</skipped></testcase><testcase classname="src.pymortests.affine_grid" file="src/pymortests/affine_grid.py" line="202" name="test_centers_wrong_arguments[&lt;lambda&gt;30]" time="0.0004820823669433594"><skipped message="Suite splitting in effect" type="pytest.skip">src/pymortests/affine_grid.py:202: &lt;py._xmlgen.raw object at 0x7f1e13dc52b0&gt;</skipped></testcase><testcase classname="src.pymortests.affine_grid" file="src/pymortests/affine_grid.py" line="202" name="test_centers_wrong_arguments[&lt;lambda&gt;31]" time="0.0004849433898925781"><skipped message="Suite splitting in effect" type="pytest.skip">src/pymortests/affine_grid.py:202: &lt;py._xmlgen.raw object at 0x7f1e04bd1828&gt;</skipped></testcase><testcase classname="src.pymortests.affine_grid" file="src/pymortests/affine_grid.py" line="202" name="test_centers_wrong_arguments[&lt;lambda&gt;32]" time="0.00044798851013183594"><skipped message="Suite splitting in effect" type="pytest.skip">src/pymortests/affine_grid.py:202: &lt;py._xmlgen.raw object at 0x7f1e04bdcb00&gt;</skipped></testcase><testcase classname="src.pymortests.affine_grid" file="src/pymortests/affine_grid.py" line="202" name="test_centers_wrong_arguments[&lt;lambda&gt;33]" time="0.0005140304565429688"><skipped message="Suite splitting in effect" type="pytest.skip">src/pymortests/affine_grid.py:202: &lt;py._xmlgen.raw object at 0x7f1e13df90b8&gt;</skipped></testcase><testcase classname="src.pymortests.affine_grid" file="src/pymortests/affine_grid.py" line="202" name="test_centers_wrong_arguments[&lt;lambda&gt;34]" time="0.00044226646423339844"><skipped message="Suite splitting in effect" type="pytest.skip">src/pymortests/affine_grid.py:202: &lt;py._xmlgen.raw object at 0x7f1dd5288438&gt;</skipped></testcase><testcase classname="src.pymortests.affine_grid" file="src/pymortests/affine_grid.py" line="202" name="test_centers_wrong_arguments[&lt;lambda&gt;35]" time="0.0005054473876953125"><skipped message="Suite splitting in effect" type="pytest.skip">src/pymortests/affine_grid.py:202: &lt;py._xmlgen.raw object at 0x7f1dd52881d0&gt;</skipped></testcase><testcase classname="src.pymortests.affine_grid" file="src/pymortests/affine_grid.py" line="202" name="test_centers_wrong_arguments[&lt;lambda&gt;36]" time="0.0008838176727294922"><skipped message="Suite splitting in effect" type="pytest.skip">src/pymortests/affine_grid.py:202: &lt;py._xmlgen.raw object at 0x7f1dd5288d68&gt;</skipped></testcase><testcase classname="src.pymortests.affine_grid" file="src/pymortests/affine_grid.py" line="202" name="test_centers_wrong_arguments[&lt;lambda&gt;37]" time="0.0004999637603759766"><skipped message="Suite splitting in effect" type="pytest.skip">src/pymortests/affine_grid.py:202: &lt;py._xmlgen.raw object at 0x7f1e04bdcc18&gt;</skipped></testcase><testcase classname="src.pymortests.affine_grid" file="src/pymortests/affine_grid.py" line="202" name="test_centers_wrong_arguments[&lt;lambda&gt;38]" time="0.0004601478576660156"><skipped message="Suite splitting in effect" type="pytest.skip">src/pymortests/affine_grid.py:202: &lt;py._xmlgen.raw object at 0x7f1e13e69358&gt;</skipped></testcase><testcase classname="src.pymortests.affine_grid" file="src/pymortests/affine_grid.py" line="202" name="test_centers_wrong_arguments[&lt;lambda&gt;39]" time="0.00048732757568359375"><skipped message="Suite splitting in effect" type="pytest.skip">src/pymortests/affine_grid.py:202: &lt;py._xmlgen.raw object at 0x7f1e04bd1828&gt;</skipped></testcase><testcase classname="src.pymortests.affine_grid" file="src/pymortests/affine_grid.py" line="202" name="test_centers_wrong_arguments[&lt;lambda&gt;40]" time="0.00048613548278808594"><skipped message="Suite splitting in effect" type="pytest.skip">src/pymortests/affine_grid.py:202: &lt;py._xmlgen.raw object at 0x7f1e04bbbe48&gt;</skipped></testcase><testcase classname="src.pymortests.affine_grid" file="src/pymortests/affine_grid.py" line="202" name="test_centers_wrong_arguments[&lt;lambda&gt;41]" time="0.0005180835723876953"><skipped message="Suite splitting in effect" type="pytest.skip">src/pymortests/affine_grid.py:202: &lt;py._xmlgen.raw object at 0x7f1dd527a2e8&gt;</skipped></testcase><testcase classname="src.pymortests.affine_grid" file="src/pymortests/affine_grid.py" line="202" name="test_centers_wrong_arguments[&lt;lambda&gt;42]" time="0.0004799365997314453"><skipped message="Suite splitting in effect" type="pytest.skip">src/pymortests/affine_grid.py:202: &lt;py._xmlgen.raw object at 0x7f1dd5288b70&gt;</skipped></testcase><testcase classname="src.pymortests.affine_grid" file="src/pymortests/affine_grid.py" line="210" name="test_centers_shape[&lt;lambda&gt;0]" time="0.0004830360412597656"><skipped message="Suite splitting in effect" type="pytest.skip">src/pymortests/affine_grid.py:210: &lt;py._xmlgen.raw object at 0x7f1dd5288550&gt;</skipped></testcase><testcase classname="src.pymortests.affine_grid" file="src/pymortests/affine_grid.py" line="210" name="test_centers_shape[&lt;lambda&gt;1]" time="0.0008223056793212891"><skipped message="Suite splitting in effect" type="pytest.skip">src/pymortests/affine_grid.py:210: &lt;py._xmlgen.raw object at 0x7f1dd52923c8&gt;</skipped></testcase><testcase classname="src.pymortests.affine_grid" file="src/pymortests/affine_grid.py" line="210" name="test_centers_shape[&lt;lambda&gt;2]" time="0.00043702125549316406"><skipped message="Suite splitting in effect" type="pytest.skip">src/pymortests/affine_grid.py:210: &lt;py._xmlgen.raw object at 0x7f1dd5288b38&gt;</skipped></testcase><testcase classname="src.pymortests.affine_grid" file="src/pymortests/affine_grid.py" line="210" name="test_centers_shape[&lt;lambda&gt;3]" time="0.0005016326904296875"><skipped message="Suite splitting in effect" type="pytest.skip">src/pymortests/affine_grid.py:210: &lt;py._xmlgen.raw object at 0x7f1dd527a7b8&gt;</skipped></testcase><testcase classname="src.pymortests.affine_grid" file="src/pymortests/affine_grid.py" line="210" name="test_centers_shape[&lt;lambda&gt;4]" time="0.0005168914794921875"><skipped message="Suite splitting in effect" type="pytest.skip">src/pymortests/affine_grid.py:210: &lt;py._xmlgen.raw object at 0x7f1e13dc5e80&gt;</skipped></testcase><testcase classname="src.pymortests.affine_grid" file="src/pymortests/affine_grid.py" line="210" name="test_centers_shape[&lt;lambda&gt;5]" time="0.0006124973297119141"><skipped message="Suite splitting in effect" type="pytest.skip">src/pymortests/affine_grid.py:210: &lt;py._xmlgen.raw object at 0x7f1e04bd1e80&gt;</skipped></testcase><testcase classname="src.pymortests.affine_grid" file="src/pymortests/affine_grid.py" line="210" name="test_centers_shape[&lt;lambda&gt;6]" time="0.0004799365997314453"><skipped message="Suite splitting in effect" type="pytest.skip">src/pymortests/affine_grid.py:210: &lt;py._xmlgen.raw object at 0x7f1e04bdc4e0&gt;</skipped></testcase><testcase classname="src.pymortests.affine_grid" file="src/pymortests/affine_grid.py" line="210" name="test_centers_shape[&lt;lambda&gt;7]" time="0.0005624294281005859"><skipped message="Suite splitting in effect" type="pytest.skip">src/pymortests/affine_grid.py:210: &lt;py._xmlgen.raw object at 0x7f1e13dd5550&gt;</skipped></testcase><testcase classname="src.pymortests.affine_grid" file="src/pymortests/affine_grid.py" line="210" name="test_centers_shape[&lt;lambda&gt;8]" time="0.0004608631134033203"><skipped message="Suite splitting in effect" type="pytest.skip">src/pymortests/affine_grid.py:210: &lt;py._xmlgen.raw object at 0x7f1dd5292278&gt;</skipped></testcase><testcase classname="src.pymortests.affine_grid" file="src/pymortests/affine_grid.py" line="210" name="test_centers_shape[&lt;lambda&gt;9]" time="0.0008530616760253906"><skipped message="Suite splitting in effect" type="pytest.skip">src/pymortests/affine_grid.py:210: &lt;py._xmlgen.raw object at 0x7f1dd52929e8&gt;</skipped></testcase><testcase classname="src.pymortests.affine_grid" file="src/pymortests/affine_grid.py" line="210" name="test_centers_shape[&lt;lambda&gt;10]" time="0.0004923343658447266"><skipped message="Suite splitting in effect" type="pytest.skip">src/pymortests/affine_grid.py:210: &lt;py._xmlgen.raw object at 0x7f1e13e0f898&gt;</skipped></testcase><testcase classname="src.pymortests.affine_grid" file="src/pymortests/affine_grid.py" line="210" name="test_centers_shape[&lt;lambda&gt;11]" time="0.000453948974609375"><skipped message="Suite splitting in effect" type="pytest.skip">src/pymortests/affine_grid.py:210: &lt;py._xmlgen.raw object at 0x7f1e04bd1278&gt;</skipped></testcase><testcase classname="src.pymortests.affine_grid" file="src/pymortests/affine_grid.py" line="210" name="test_centers_shape[&lt;lambda&gt;12]" time="0.00047135353088378906"><skipped message="Suite splitting in effect" type="pytest.skip">src/pymortests/affine_grid.py:210: &lt;py._xmlgen.raw object at 0x7f1e13dc5a90&gt;</skipped></testcase><testcase classname="src.pymortests.affine_grid" file="src/pymortests/affine_grid.py" line="210" name="test_centers_shape[&lt;lambda&gt;13]" time="0.0004725456237792969"><skipped message="Suite splitting in effect" type="pytest.skip">src/pymortests/affine_grid.py:210: &lt;py._xmlgen.raw object at 0x7f1e13de9748&gt;</skipped></testcase><testcase classname="src.pymortests.affine_grid" file="src/pymortests/affine_grid.py" line="210" name="test_centers_shape[&lt;lambda&gt;14]" time="0.00048279762268066406"><skipped message="Suite splitting in effect" type="pytest.skip">src/pymortests/affine_grid.py:210: &lt;py._xmlgen.raw object at 0x7f1dd5288198&gt;</skipped></testcase><testcase classname="src.pymortests.affine_grid" file="src/pymortests/affine_grid.py" line="210" name="test_centers_shape[&lt;lambda&gt;15]" time="0.00048828125"><skipped message="Suite splitting in effect" type="pytest.skip">src/pymortests/affine_grid.py:210: &lt;py._xmlgen.raw object at 0x7f1dd5292b38&gt;</skipped></testcase><testcase classname="src.pymortests.affine_grid" file="src/pymortests/affine_grid.py" line="210" name="test_centers_shape[&lt;lambda&gt;16]" time="0.00043702125549316406"><skipped message="Suite splitting in effect" type="pytest.skip">src/pymortests/affine_grid.py:210: &lt;py._xmlgen.raw object at 0x7f1dd52920f0&gt;</skipped></testcase><testcase classname="src.pymortests.affine_grid" file="src/pymortests/affine_grid.py" line="210" name="test_centers_shape[&lt;lambda&gt;17]" time="0.0007593631744384766"><skipped message="Suite splitting in effect" type="pytest.skip">src/pymortests/affine_grid.py:210: &lt;py._xmlgen.raw object at 0x7f1dd529d048&gt;</skipped></testcase><testcase classname="src.pymortests.affine_grid" file="src/pymortests/affine_grid.py" line="210" name="test_centers_shape[&lt;lambda&gt;18]" time="0.00044608116149902344"><skipped message="Suite splitting in effect" type="pytest.skip">src/pymortests/affine_grid.py:210: &lt;py._xmlgen.raw object at 0x7f1dd52928d0&gt;</skipped></testcase><testcase classname="src.pymortests.affine_grid" file="src/pymortests/affine_grid.py" line="210" name="test_centers_shape[&lt;lambda&gt;19]" time="0.0004801750183105469"><skipped message="Suite splitting in effect" type="pytest.skip">src/pymortests/affine_grid.py:210: &lt;py._xmlgen.raw object at 0x7f1dd52882e8&gt;</skipped></testcase><testcase classname="src.pymortests.affine_grid" file="src/pymortests/affine_grid.py" line="210" name="test_centers_shape[&lt;lambda&gt;20]" time="0.0004630088806152344"><skipped message="Suite splitting in effect" type="pytest.skip">src/pymortests/affine_grid.py:210: &lt;py._xmlgen.raw object at 0x7f1e13de9a90&gt;</skipped></testcase><testcase classname="src.pymortests.affine_grid" file="src/pymortests/affine_grid.py" line="210" name="test_centers_shape[&lt;lambda&gt;21]" time="0.0004887580871582031"><skipped message="Suite splitting in effect" type="pytest.skip">src/pymortests/affine_grid.py:210: &lt;py._xmlgen.raw object at 0x7f1dd527aa90&gt;</skipped></testcase><testcase classname="src.pymortests.affine_grid" file="src/pymortests/affine_grid.py" line="210" name="test_centers_shape[&lt;lambda&gt;22]" time="0.0004646778106689453"><skipped message="Suite splitting in effect" type="pytest.skip">src/pymortests/affine_grid.py:210: &lt;py._xmlgen.raw object at 0x7f1e04bd1208&gt;</skipped></testcase><testcase classname="src.pymortests.affine_grid" file="src/pymortests/affine_grid.py" line="210" name="test_centers_shape[&lt;lambda&gt;23]" time="0.0004982948303222656"><skipped message="Suite splitting in effect" type="pytest.skip">src/pymortests/affine_grid.py:210: &lt;py._xmlgen.raw object at 0x7f1e04bae630&gt;</skipped></testcase><testcase classname="src.pymortests.affine_grid" file="src/pymortests/affine_grid.py" line="210" name="test_centers_shape[&lt;lambda&gt;24]" time="0.0004475116729736328"><skipped message="Suite splitting in effect" type="pytest.skip">src/pymortests/affine_grid.py:210: &lt;py._xmlgen.raw object at 0x7f1dd529d160&gt;</skipped></testcase><testcase classname="src.pymortests.affine_grid" file="src/pymortests/affine_grid.py" line="210" name="test_centers_shape[&lt;lambda&gt;25]" time="0.0007941722869873047"><skipped message="Suite splitting in effect" type="pytest.skip">src/pymortests/affine_grid.py:210: &lt;py._xmlgen.raw object at 0x7f1dd529d668&gt;</skipped></testcase><testcase classname="src.pymortests.affine_grid" file="src/pymortests/affine_grid.py" line="210" name="test_centers_shape[&lt;lambda&gt;26]" time="0.0004973411560058594"><skipped message="Suite splitting in effect" type="pytest.skip">src/pymortests/affine_grid.py:210: &lt;py._xmlgen.raw object at 0x7f1e04bdccf8&gt;</skipped></testcase><testcase classname="src.pymortests.affine_grid" file="src/pymortests/affine_grid.py" line="210" name="test_centers_shape[&lt;lambda&gt;27]" time="0.0004787445068359375"><skipped message="Suite splitting in effect" type="pytest.skip">src/pymortests/affine_grid.py:210: &lt;py._xmlgen.raw object at 0x7f1e13d7a160&gt;</skipped></testcase><testcase classname="src.pymortests.affine_grid" file="src/pymortests/affine_grid.py" line="210" name="test_centers_shape[&lt;lambda&gt;28]" time="0.0005173683166503906"><skipped message="Suite splitting in effect" type="pytest.skip">src/pymortests/affine_grid.py:210: &lt;py._xmlgen.raw object at 0x7f1e13de94a8&gt;</skipped></testcase><testcase classname="src.pymortests.affine_grid" file="src/pymortests/affine_grid.py" line="210" name="test_centers_shape[&lt;lambda&gt;29]" time="0.0004475116729736328"><skipped message="Suite splitting in effect" type="pytest.skip">src/pymortests/affine_grid.py:210: &lt;py._xmlgen.raw object at 0x7f1dd5288a58&gt;</skipped></testcase><testcase classname="src.pymortests.affine_grid" file="src/pymortests/affine_grid.py" line="210" name="test_centers_shape[&lt;lambda&gt;30]" time="0.0004467964172363281"><skipped message="Suite splitting in effect" type="pytest.skip">src/pymortests/affine_grid.py:210: &lt;py._xmlgen.raw object at 0x7f1dd52927f0&gt;</skipped></testcase><testcase classname="src.pymortests.affine_grid" file="src/pymortests/affine_grid.py" line="210" name="test_centers_shape[&lt;lambda&gt;31]" time="0.0004837512969970703"><skipped message="Suite splitting in effect" type="pytest.skip">src/pymortests/affine_grid.py:210: &lt;py._xmlgen.raw object at 0x7f1dd52920f0&gt;</skipped></testcase><testcase classname="src.pymortests.affine_grid" file="src/pymortests/affine_grid.py" line="210" name="test_centers_shape[&lt;lambda&gt;32]" time="0.0004565715789794922"><skipped message="Suite splitting in effect" type="pytest.skip">src/pymortests/affine_grid.py:210: &lt;py._xmlgen.raw object at 0x7f1dd529d2e8&gt;</skipped></testcase><testcase classname="src.pymortests.affine_grid" file="src/pymortests/affine_grid.py" line="210" name="test_centers_shape[&lt;lambda&gt;33]" time="0.0007574558258056641"><skipped message="Suite splitting in effect" type="pytest.skip">src/pymortests/affine_grid.py:210: &lt;py._xmlgen.raw object at 0x7f1dd529dc88&gt;</skipped></testcase><testcase classname="src.pymortests.affine_grid" file="src/pymortests/affine_grid.py" line="210" name="test_centers_shape[&lt;lambda&gt;34]" time="0.0005953311920166016"><skipped message="Suite splitting in effect" type="pytest.skip">src/pymortests/affine_grid.py:210: &lt;py._xmlgen.raw object at 0x7f1dd5292d68&gt;</skipped></testcase><testcase classname="src.pymortests.affine_grid" file="src/pymortests/affine_grid.py" line="210" name="test_centers_shape[&lt;lambda&gt;35]" time="0.0004363059997558594"><skipped message="Suite splitting in effect" type="pytest.skip">src/pymortests/affine_grid.py:210: &lt;py._xmlgen.raw object at 0x7f1e13de9d30&gt;</skipped></testcase><testcase classname="src.pymortests.affine_grid" file="src/pymortests/affine_grid.py" line="210" name="test_centers_shape[&lt;lambda&gt;36]" time="0.0005056858062744141"><skipped message="Suite splitting in effect" type="pytest.skip">src/pymortests/affine_grid.py:210: &lt;py._xmlgen.raw object at 0x7f1e04bbb7b8&gt;</skipped></testcase><testcase classname="src.pymortests.affine_grid" file="src/pymortests/affine_grid.py" line="210" name="test_centers_shape[&lt;lambda&gt;37]" time="0.0004506111145019531"><skipped message="Suite splitting in effect" type="pytest.skip">src/pymortests/affine_grid.py:210: &lt;py._xmlgen.raw object at 0x7f1e13dc5e80&gt;</skipped></testcase><testcase classname="src.pymortests.affine_grid" file="src/pymortests/affine_grid.py" line="210" name="test_centers_shape[&lt;lambda&gt;38]" time="0.000446319580078125"><skipped message="Suite splitting in effect" type="pytest.skip">src/pymortests/affine_grid.py:210: &lt;py._xmlgen.raw object at 0x7f1e13e1f4a8&gt;</skipped></testcase><testcase classname="src.pymortests.affine_grid" file="src/pymortests/affine_grid.py" line="210" name="test_centers_shape[&lt;lambda&gt;39]" time="0.0005331039428710938"><skipped message="Suite splitting in effect" type="pytest.skip">src/pymortests/affine_grid.py:210: &lt;py._xmlgen.raw object at 0x7f1dd529d198&gt;</skipped></testcase><testcase classname="src.pymortests.affine_grid" file="src/pymortests/affine_grid.py" line="210" name="test_centers_shape[&lt;lambda&gt;40]" time="0.0004975795745849609"><skipped message="Suite splitting in effect" type="pytest.skip">src/pymortests/affine_grid.py:210: &lt;py._xmlgen.raw object at 0x7f1dd529d4e0&gt;</skipped></testcase><testcase classname="src.pymortests.affine_grid" file="src/pymortests/affine_grid.py" line="210" name="test_centers_shape[&lt;lambda&gt;41]" time="0.0007493495941162109"><skipped message="Suite splitting in effect" type="pytest.skip">src/pymortests/affine_grid.py:210: &lt;py._xmlgen.raw object at 0x7f1dd52a82e8&gt;</skipped></testcase><testcase classname="src.pymortests.affine_grid" file="src/pymortests/affine_grid.py" line="210" name="test_centers_shape[&lt;lambda&gt;42]" time="0.0004420280456542969"><skipped message="Suite splitting in effect" type="pytest.skip">src/pymortests/affine_grid.py:210: &lt;py._xmlgen.raw object at 0x7f1dd529d320&gt;</skipped></testcase><testcase classname="src.pymortests.affine_grid" file="src/pymortests/affine_grid.py" line="216" name="test_centers_values[&lt;lambda&gt;0]" time="0.0004913806915283203"><skipped message="Suite splitting in effect" type="pytest.skip">src/pymortests/affine_grid.py:216: &lt;py._xmlgen.raw object at 0x7f1e04bdcf60&gt;</skipped></testcase><testcase classname="src.pymortests.affine_grid" file="src/pymortests/affine_grid.py" line="216" name="test_centers_values[&lt;lambda&gt;1]" time="0.0005321502685546875"><skipped message="Suite splitting in effect" type="pytest.skip">src/pymortests/affine_grid.py:216: &lt;py._xmlgen.raw object at 0x7f1e13d7ad30&gt;</skipped></testcase><testcase classname="src.pymortests.affine_grid" file="src/pymortests/affine_grid.py" line="216" name="test_centers_values[&lt;lambda&gt;2]" time="0.0004763603210449219"><skipped message="Suite splitting in effect" type="pytest.skip">src/pymortests/affine_grid.py:216: &lt;py._xmlgen.raw object at 0x7f1e04bbb470&gt;</skipped></testcase><testcase classname="src.pymortests.affine_grid" file="src/pymortests/affine_grid.py" line="216" name="test_centers_values[&lt;lambda&gt;3]" time="0.0005943775177001953"><skipped message="Suite splitting in effect" type="pytest.skip">src/pymortests/affine_grid.py:216: &lt;py._xmlgen.raw object at 0x7f1dd5288908&gt;</skipped></testcase><testcase classname="src.pymortests.affine_grid" file="src/pymortests/affine_grid.py" line="216" name="test_centers_values[&lt;lambda&gt;4]" time="0.00045752525329589844"><skipped message="Suite splitting in effect" type="pytest.skip">src/pymortests/affine_grid.py:216: &lt;py._xmlgen.raw object at 0x7f1dd5292be0&gt;</skipped></testcase><testcase classname="src.pymortests.affine_grid" file="src/pymortests/affine_grid.py" line="216" name="test_centers_values[&lt;lambda&gt;5]" time="0.0005252361297607422"><skipped message="Suite splitting in effect" type="pytest.skip">src/pymortests/affine_grid.py:216: &lt;py._xmlgen.raw object at 0x7f1dd52a8160&gt;</skipped></testcase><testcase classname="src.pymortests.affine_grid" file="src/pymortests/affine_grid.py" line="216" name="test_centers_values[&lt;lambda&gt;6]" time="0.0007665157318115234"><skipped message="Suite splitting in effect" type="pytest.skip">src/pymortests/affine_grid.py:216: &lt;py._xmlgen.raw object at 0x7f1dd52a8908&gt;</skipped></testcase><testcase classname="src.pymortests.affine_grid" file="src/pymortests/affine_grid.py" line="216" name="test_centers_values[&lt;lambda&gt;7]" time="0.0004870891571044922"><skipped message="Suite splitting in effect" type="pytest.skip">src/pymortests/affine_grid.py:216: &lt;py._xmlgen.raw object at 0x7f1dd5288048&gt;</skipped></testcase><testcase classname="src.pymortests.affine_grid" file="src/pymortests/affine_grid.py" line="216" name="test_centers_values[&lt;lambda&gt;8]" time="0.0005159378051757812"><skipped message="Suite splitting in effect" type="pytest.skip">src/pymortests/affine_grid.py:216: &lt;py._xmlgen.raw object at 0x7f1e04bbb7b8&gt;</skipped></testcase><testcase classname="src.pymortests.affine_grid" file="src/pymortests/affine_grid.py" line="216" name="test_centers_values[&lt;lambda&gt;9]" time="0.0005671977996826172"><skipped message="Suite splitting in effect" type="pytest.skip">src/pymortests/affine_grid.py:216: &lt;py._xmlgen.raw object at 0x7f1e13dd5550&gt;</skipped></testcase><testcase classname="src.pymortests.affine_grid" file="src/pymortests/affine_grid.py" line="216" name="test_centers_values[&lt;lambda&gt;10]" time="0.0004944801330566406"><skipped message="Suite splitting in effect" type="pytest.skip">src/pymortests/affine_grid.py:216: &lt;py._xmlgen.raw object at 0x7f1e04bc7780&gt;</skipped></testcase><testcase classname="src.pymortests.affine_grid" file="src/pymortests/affine_grid.py" line="216" name="test_centers_values[&lt;lambda&gt;11]" time="0.0005693435668945312"><skipped message="Suite splitting in effect" type="pytest.skip">src/pymortests/affine_grid.py:216: &lt;py._xmlgen.raw object at 0x7f1dd529d9b0&gt;</skipped></testcase><testcase classname="src.pymortests.affine_grid" file="src/pymortests/affine_grid.py" line="216" name="test_centers_values[&lt;lambda&gt;12]" time="0.0005064010620117188"><skipped message="Suite splitting in effect" type="pytest.skip">src/pymortests/affine_grid.py:216: &lt;py._xmlgen.raw object at 0x7f1dd52a8a20&gt;</skipped></testcase><testcase classname="src.pymortests.affine_grid" file="src/pymortests/affine_grid.py" line="216" name="test_centers_values[&lt;lambda&gt;13]" time="0.0005059242248535156"><skipped message="Suite splitting in effect" type="pytest.skip">src/pymortests/affine_grid.py:216: &lt;py._xmlgen.raw object at 0x7f1dd52a8438&gt;</skipped></testcase><testcase classname="src.pymortests.affine_grid" file="src/pymortests/affine_grid.py" line="216" name="test_centers_values[&lt;lambda&gt;14]" time="0.0010640621185302734"><skipped message="Suite splitting in effect" type="pytest.skip">src/pymortests/affine_grid.py:216: &lt;py._xmlgen.raw object at 0x7f1dd52a8f28&gt;</skipped></testcase><testcase classname="src.pymortests.affine_grid" file="src/pymortests/affine_grid.py" line="216" name="test_centers_values[&lt;lambda&gt;15]" time="0.0004763603210449219"><skipped message="Suite splitting in effect" type="pytest.skip">src/pymortests/affine_grid.py:216: &lt;py._xmlgen.raw object at 0x7f1e13d7a748&gt;</skipped></testcase><testcase classname="src.pymortests.affine_grid" file="src/pymortests/affine_grid.py" line="216" name="test_centers_values[&lt;lambda&gt;16]" time="0.0005190372467041016"><skipped message="Suite splitting in effect" type="pytest.skip">src/pymortests/affine_grid.py:216: &lt;py._xmlgen.raw object at 0x7f1e13de9748&gt;</skipped></testcase><testcase classname="src.pymortests.affine_grid" file="src/pymortests/affine_grid.py" line="216" name="test_centers_values[&lt;lambda&gt;17]" time="0.0005204677581787109"><skipped message="Suite splitting in effect" type="pytest.skip">src/pymortests/affine_grid.py:216: &lt;py._xmlgen.raw object at 0x7f1dd52a8ac8&gt;</skipped></testcase><testcase classname="src.pymortests.affine_grid" file="src/pymortests/affine_grid.py" line="216" name="test_centers_values[&lt;lambda&gt;18]" time="0.00046563148498535156"><skipped message="Suite splitting in effect" type="pytest.skip">src/pymortests/affine_grid.py:216: &lt;py._xmlgen.raw object at 0x7f1dd52a88d0&gt;</skipped></testcase><testcase classname="src.pymortests.affine_grid" file="src/pymortests/affine_grid.py" line="216" name="test_centers_values[&lt;lambda&gt;19]" time="0.0004813671112060547"><skipped message="Suite splitting in effect" type="pytest.skip">src/pymortests/affine_grid.py:216: &lt;py._xmlgen.raw object at 0x7f1dd529d4a8&gt;</skipped></testcase><testcase classname="src.pymortests.affine_grid" file="src/pymortests/affine_grid.py" line="216" name="test_centers_values[&lt;lambda&gt;20]" time="0.00044226646423339844"><skipped message="Suite splitting in effect" type="pytest.skip">src/pymortests/affine_grid.py:216: &lt;py._xmlgen.raw object at 0x7f1e13dd54a8&gt;</skipped></testcase><testcase classname="src.pymortests.affine_grid" file="src/pymortests/affine_grid.py" line="216" name="test_centers_values[&lt;lambda&gt;21]" time="0.0005118846893310547"><skipped message="Suite splitting in effect" type="pytest.skip">src/pymortests/affine_grid.py:216: &lt;py._xmlgen.raw object at 0x7f1dd52929b0&gt;</skipped></testcase><testcase classname="src.pymortests.affine_grid" file="src/pymortests/affine_grid.py" line="216" name="test_centers_values[&lt;lambda&gt;22]" time="0.0005311965942382812"><skipped message="Suite splitting in effect" type="pytest.skip">src/pymortests/affine_grid.py:216: &lt;py._xmlgen.raw object at 0x7f1dd5288828&gt;</skipped></testcase><testcase classname="src.pymortests.affine_grid" file="src/pymortests/affine_grid.py" line="216" name="test_centers_values[&lt;lambda&gt;23]" time="0.0008330345153808594"><skipped message="Suite splitting in effect" type="pytest.skip">src/pymortests/affine_grid.py:216: &lt;py._xmlgen.raw object at 0x7f1dd52929e8&gt;</skipped></testcase><testcase classname="src.pymortests.affine_grid" file="src/pymortests/affine_grid.py" line="216" name="test_centers_values[&lt;lambda&gt;24]" time="0.00043392181396484375"><skipped message="Suite splitting in effect" type="pytest.skip">src/pymortests/affine_grid.py:216: &lt;py._xmlgen.raw object at 0x7f1dd529deb8&gt;</skipped></testcase><testcase classname="src.pymortests.affine_grid" file="src/pymortests/affine_grid.py" line="216" name="test_centers_values[&lt;lambda&gt;25]" time="0.0004725456237792969"><skipped message="Suite splitting in effect" type="pytest.skip">src/pymortests/affine_grid.py:216: &lt;py._xmlgen.raw object at 0x7f1dd529dfd0&gt;</skipped></testcase><testcase classname="src.pymortests.affine_grid" file="src/pymortests/affine_grid.py" line="216" name="test_centers_values[&lt;lambda&gt;26]" time="0.00048279762268066406"><skipped message="Suite splitting in effect" type="pytest.skip">src/pymortests/affine_grid.py:216: &lt;py._xmlgen.raw object at 0x7f1dd52a8128&gt;</skipped></testcase><testcase classname="src.pymortests.affine_grid" file="src/pymortests/affine_grid.py" line="216" name="test_centers_values[&lt;lambda&gt;27]" time="0.0005435943603515625"><skipped message="Suite splitting in effect" type="pytest.skip">src/pymortests/affine_grid.py:216: &lt;py._xmlgen.raw object at 0x7f1e04bc7780&gt;</skipped></testcase><testcase classname="src.pymortests.affine_grid" file="src/pymortests/affine_grid.py" line="216" name="test_centers_values[&lt;lambda&gt;28]" time="0.0005009174346923828"><skipped message="Suite splitting in effect" type="pytest.skip">src/pymortests/affine_grid.py:216: &lt;py._xmlgen.raw object at 0x7f1e13d7a0b8&gt;</skipped></testcase><testcase classname="src.pymortests.affine_grid" file="src/pymortests/affine_grid.py" line="216" name="test_centers_values[&lt;lambda&gt;29]" time="0.0004420280456542969"><skipped message="Suite splitting in effect" type="pytest.skip">src/pymortests/affine_grid.py:216: &lt;py._xmlgen.raw object at 0x7f1e13d9f0b8&gt;</skipped></testcase><testcase classname="src.pymortests.affine_grid" file="src/pymortests/affine_grid.py" line="216" name="test_centers_values[&lt;lambda&gt;30]" time="0.0005278587341308594"><skipped message="Suite splitting in effect" type="pytest.skip">src/pymortests/affine_grid.py:216: &lt;py._xmlgen.raw object at 0x7f1e13e336a0&gt;</skipped></testcase><testcase classname="src.pymortests.affine_grid" file="src/pymortests/affine_grid.py" line="216" name="test_centers_values[&lt;lambda&gt;31]" time="0.0007901191711425781"><skipped message="Suite splitting in effect" type="pytest.skip">src/pymortests/affine_grid.py:216: &lt;py._xmlgen.raw object at 0x7f1dd527ae48&gt;</skipped></testcase><testcase classname="src.pymortests.affine_grid" file="src/pymortests/affine_grid.py" line="216" name="test_centers_values[&lt;lambda&gt;32]" time="0.0005078315734863281"><skipped message="Suite splitting in effect" type="pytest.skip">src/pymortests/affine_grid.py:216: &lt;py._xmlgen.raw object at 0x7f1e13d9f898&gt;</skipped></testcase><testcase classname="src.pymortests.affine_grid" file="src/pymortests/affine_grid.py" line="216" name="test_centers_values[&lt;lambda&gt;33]" time="0.0005271434783935547"><skipped message="Suite splitting in effect" type="pytest.skip">src/pymortests/affine_grid.py:216: &lt;py._xmlgen.raw object at 0x7f1e13d89fd0&gt;</skipped></testcase><testcase classname="src.pymortests.affine_grid" file="src/pymortests/affine_grid.py" line="216" name="test_centers_values[&lt;lambda&gt;34]" time="0.0005235671997070312"><skipped message="Suite splitting in effect" type="pytest.skip">src/pymortests/affine_grid.py:216: &lt;py._xmlgen.raw object at 0x7f1dd52a8748&gt;</skipped></testcase><testcase classname="src.pymortests.affine_grid" file="src/pymortests/affine_grid.py" line="216" name="test_centers_values[&lt;lambda&gt;35]" time="0.0004639625549316406"><skipped message="Suite splitting in effect" type="pytest.skip">src/pymortests/affine_grid.py:216: &lt;py._xmlgen.raw object at 0x7f1dd52a8400&gt;</skipped></testcase><testcase classname="src.pymortests.affine_grid" file="src/pymortests/affine_grid.py" line="216" name="test_centers_values[&lt;lambda&gt;36]" time="0.0004978179931640625"><skipped message="Suite splitting in effect" type="pytest.skip">src/pymortests/affine_grid.py:216: &lt;py._xmlgen.raw object at 0x7f1dd529dda0&gt;</skipped></testcase><testcase classname="src.pymortests.affine_grid" file="src/pymortests/affine_grid.py" line="216" name="test_centers_values[&lt;lambda&gt;37]" time="0.0005066394805908203"><skipped message="Suite splitting in effect" type="pytest.skip">src/pymortests/affine_grid.py:216: &lt;py._xmlgen.raw object at 0x7f1dd5292828&gt;</skipped></testcase><testcase classname="src.pymortests.affine_grid" file="src/pymortests/affine_grid.py" line="216" name="test_centers_values[&lt;lambda&gt;38]" time="0.0005004405975341797"><skipped message="Suite splitting in effect" type="pytest.skip">src/pymortests/affine_grid.py:216: &lt;py._xmlgen.raw object at 0x7f1dd52b7470&gt;</skipped></testcase><testcase classname="src.pymortests.affine_grid" file="src/pymortests/affine_grid.py" line="216" name="test_centers_values[&lt;lambda&gt;39]" time="0.0008165836334228516"><skipped message="Suite splitting in effect" type="pytest.skip">src/pymortests/affine_grid.py:216: &lt;py._xmlgen.raw object at 0x7f1dd52b79b0&gt;</skipped></testcase><testcase classname="src.pymortests.affine_grid" file="src/pymortests/affine_grid.py" line="216" name="test_centers_values[&lt;lambda&gt;40]" time="0.0004913806915283203"><skipped message="Suite splitting in effect" type="pytest.skip">src/pymortests/affine_grid.py:216: &lt;py._xmlgen.raw object at 0x7f1dd529d048&gt;</skipped></testcase><testcase classname="src.pymortests.affine_grid" file="src/pymortests/affine_grid.py" line="216" name="test_centers_values[&lt;lambda&gt;41]" time="0.0004324913024902344"><skipped message="Suite splitting in effect" type="pytest.skip">src/pymortests/affine_grid.py:216: &lt;py._xmlgen.raw object at 0x7f1e04bbb7b8&gt;</skipped></testcase><testcase classname="src.pymortests.affine_grid" file="src/pymortests/affine_grid.py" line="216" name="test_centers_values[&lt;lambda&gt;42]" time="0.00048542022705078125"><skipped message="Suite splitting in effect" type="pytest.skip">src/pymortests/affine_grid.py:216: &lt;py._xmlgen.raw object at 0x7f1dd52a8c88&gt;</skipped></testcase><testcase classname="src.pymortests.affine_grid" file="src/pymortests/affine_grid.py" line="223" name="test_diameters_wrong_arguments[&lt;lambda&gt;0]" time="0.0005035400390625"><skipped message="Suite splitting in effect" type="pytest.skip">src/pymortests/affine_grid.py:223: &lt;py._xmlgen.raw object at 0x7f1e13d7a748&gt;</skipped></testcase><testcase classname="src.pymortests.affine_grid" file="src/pymortests/affine_grid.py" line="223" name="test_diameters_wrong_arguments[&lt;lambda&gt;1]" time="0.0005028247833251953"><skipped message="Suite splitting in effect" type="pytest.skip">src/pymortests/affine_grid.py:223: &lt;py._xmlgen.raw object at 0x7f1e13d9f400&gt;</skipped></testcase><testcase classname="src.pymortests.affine_grid" file="src/pymortests/affine_grid.py" line="223" name="test_diameters_wrong_arguments[&lt;lambda&gt;2]" time="0.0004506111145019531"><skipped message="Suite splitting in effect" type="pytest.skip">src/pymortests/affine_grid.py:223: &lt;py._xmlgen.raw object at 0x7f1dd52b74e0&gt;</skipped></testcase><testcase classname="src.pymortests.affine_grid" file="src/pymortests/affine_grid.py" line="223" name="test_diameters_wrong_arguments[&lt;lambda&gt;3]" time="0.0005004405975341797"><skipped message="Suite splitting in effect" type="pytest.skip">src/pymortests/affine_grid.py:223: &lt;py._xmlgen.raw object at 0x7f1dd52b7358&gt;</skipped></testcase><testcase classname="src.pymortests.affine_grid" file="src/pymortests/affine_grid.py" line="223" name="test_diameters_wrong_arguments[&lt;lambda&gt;4]" time="0.0008990764617919922"><skipped message="Suite splitting in effect" type="pytest.skip">src/pymortests/affine_grid.py:223: &lt;py._xmlgen.raw object at 0x7f1dd52b7ef0&gt;</skipped></testcase><testcase classname="src.pymortests.affine_grid" file="src/pymortests/affine_grid.py" line="223" name="test_diameters_wrong_arguments[&lt;lambda&gt;5]" time="0.0004863739013671875"><skipped message="Suite splitting in effect" type="pytest.skip">src/pymortests/affine_grid.py:223: &lt;py._xmlgen.raw object at 0x7f1dd52b7d30&gt;</skipped></testcase><testcase classname="src.pymortests.affine_grid" file="src/pymortests/affine_grid.py" line="223" name="test_diameters_wrong_arguments[&lt;lambda&gt;6]" time="0.0004894733428955078"><skipped message="Suite splitting in effect" type="pytest.skip">src/pymortests/affine_grid.py:223: &lt;py._xmlgen.raw object at 0x7f1dd52b76d8&gt;</skipped></testcase><testcase classname="src.pymortests.affine_grid" file="src/pymortests/affine_grid.py" line="223" name="test_diameters_wrong_arguments[&lt;lambda&gt;7]" time="0.00047087669372558594"><skipped message="Suite splitting in effect" type="pytest.skip">src/pymortests/affine_grid.py:223: &lt;py._xmlgen.raw object at 0x7f1e13d9f6a0&gt;</skipped></testcase><testcase classname="src.pymortests.affine_grid" file="src/pymortests/affine_grid.py" line="223" name="test_diameters_wrong_arguments[&lt;lambda&gt;8]" time="0.0004515647888183594"><skipped message="Suite splitting in effect" type="pytest.skip">src/pymortests/affine_grid.py:223: &lt;py._xmlgen.raw object at 0x7f1dd52a8710&gt;</skipped></testcase><testcase classname="src.pymortests.affine_grid" file="src/pymortests/affine_grid.py" line="223" name="test_diameters_wrong_arguments[&lt;lambda&gt;9]" time="0.0004937648773193359"><skipped message="Suite splitting in effect" type="pytest.skip">src/pymortests/affine_grid.py:223: &lt;py._xmlgen.raw object at 0x7f1dd52a8320&gt;</skipped></testcase><testcase classname="src.pymortests.affine_grid" file="src/pymortests/affine_grid.py" line="223" name="test_diameters_wrong_arguments[&lt;lambda&gt;10]" time="0.0005021095275878906"><skipped message="Suite splitting in effect" type="pytest.skip">src/pymortests/affine_grid.py:223: &lt;py._xmlgen.raw object at 0x7f1dd529dfd0&gt;</skipped></testcase><testcase classname="src.pymortests.affine_grid" file="src/pymortests/affine_grid.py" line="223" name="test_diameters_wrong_arguments[&lt;lambda&gt;11]" time="0.0005016326904296875"><skipped message="Suite splitting in effect" type="pytest.skip">src/pymortests/affine_grid.py:223: &lt;py._xmlgen.raw object at 0x7f1dd5292828&gt;</skipped></testcase><testcase classname="src.pymortests.affine_grid" file="src/pymortests/affine_grid.py" line="223" name="test_diameters_wrong_arguments[&lt;lambda&gt;12]" time="0.0008130073547363281"><skipped message="Suite splitting in effect" type="pytest.skip">src/pymortests/affine_grid.py:223: &lt;py._xmlgen.raw object at 0x7f1dd5241550&gt;</skipped></testcase><testcase classname="src.pymortests.affine_grid" file="src/pymortests/affine_grid.py" line="223" name="test_diameters_wrong_arguments[&lt;lambda&gt;13]" time="0.0004801750183105469"><skipped message="Suite splitting in effect" type="pytest.skip">src/pymortests/affine_grid.py:223: &lt;py._xmlgen.raw object at 0x7f1dd529d320&gt;</skipped></testcase><testcase classname="src.pymortests.affine_grid" file="src/pymortests/affine_grid.py" line="223" name="test_diameters_wrong_arguments[&lt;lambda&gt;14]" time="0.0005049705505371094"><skipped message="Suite splitting in effect" type="pytest.skip">src/pymortests/affine_grid.py:223: &lt;py._xmlgen.raw object at 0x7f1dd52a8828&gt;</skipped></testcase><testcase classname="src.pymortests.affine_grid" file="src/pymortests/affine_grid.py" line="223" name="test_diameters_wrong_arguments[&lt;lambda&gt;15]" time="0.0005393028259277344"><skipped message="Suite splitting in effect" type="pytest.skip">src/pymortests/affine_grid.py:223: &lt;py._xmlgen.raw object at 0x7f1e13d7aa90&gt;</skipped></testcase><testcase classname="src.pymortests.affine_grid" file="src/pymortests/affine_grid.py" line="223" name="test_diameters_wrong_arguments[&lt;lambda&gt;16]" time="0.00048804283142089844"><skipped message="Suite splitting in effect" type="pytest.skip">src/pymortests/affine_grid.py:223: &lt;py._xmlgen.raw object at 0x7f1e13d9f9e8&gt;</skipped></testcase><testcase classname="src.pymortests.affine_grid" file="src/pymortests/affine_grid.py" line="223" name="test_diameters_wrong_arguments[&lt;lambda&gt;17]" time="0.0005016326904296875"><skipped message="Suite splitting in effect" type="pytest.skip">src/pymortests/affine_grid.py:223: &lt;py._xmlgen.raw object at 0x7f1dd52b7160&gt;</skipped></testcase><testcase classname="src.pymortests.affine_grid" file="src/pymortests/affine_grid.py" line="223" name="test_diameters_wrong_arguments[&lt;lambda&gt;18]" time="0.0004794597625732422"><skipped message="Suite splitting in effect" type="pytest.skip">src/pymortests/affine_grid.py:223: &lt;py._xmlgen.raw object at 0x7f1dd527ae48&gt;</skipped></testcase><testcase classname="src.pymortests.affine_grid" file="src/pymortests/affine_grid.py" line="223" name="test_diameters_wrong_arguments[&lt;lambda&gt;19]" time="0.00047087669372558594"><skipped message="Suite splitting in effect" type="pytest.skip">src/pymortests/affine_grid.py:223: &lt;py._xmlgen.raw object at 0x7f1dd52410b8&gt;</skipped></testcase><testcase classname="src.pymortests.affine_grid" file="src/pymortests/affine_grid.py" line="223" name="test_diameters_wrong_arguments[&lt;lambda&gt;20]" time="0.0008075237274169922"><skipped message="Suite splitting in effect" type="pytest.skip">src/pymortests/affine_grid.py:223: &lt;py._xmlgen.raw object at 0x7f1dd5241b70&gt;</skipped></testcase><testcase classname="src.pymortests.affine_grid" file="src/pymortests/affine_grid.py" line="223" name="test_diameters_wrong_arguments[&lt;lambda&gt;21]" time="0.00048804283142089844"><skipped message="Suite splitting in effect" type="pytest.skip">src/pymortests/affine_grid.py:223: &lt;py._xmlgen.raw object at 0x7f1dd52b7160&gt;</skipped></testcase><testcase classname="src.pymortests.affine_grid" file="src/pymortests/affine_grid.py" line="223" name="test_diameters_wrong_arguments[&lt;lambda&gt;22]" time="0.0004928112030029297"><skipped message="Suite splitting in effect" type="pytest.skip">src/pymortests/affine_grid.py:223: &lt;py._xmlgen.raw object at 0x7f1e13d45e80&gt;</skipped></testcase><testcase classname="src.pymortests.affine_grid" file="src/pymortests/affine_grid.py" line="223" name="test_diameters_wrong_arguments[&lt;lambda&gt;23]" time="0.0004956722259521484"><skipped message="Suite splitting in effect" type="pytest.skip">src/pymortests/affine_grid.py:223: &lt;py._xmlgen.raw object at 0x7f1e13de9c88&gt;</skipped></testcase><testcase classname="src.pymortests.affine_grid" file="src/pymortests/affine_grid.py" line="223" name="test_diameters_wrong_arguments[&lt;lambda&gt;24]" time="0.00044155120849609375"><skipped message="Suite splitting in effect" type="pytest.skip">src/pymortests/affine_grid.py:223: &lt;py._xmlgen.raw object at 0x7f1dd52a8828&gt;</skipped></testcase><testcase classname="src.pymortests.affine_grid" file="src/pymortests/affine_grid.py" line="223" name="test_diameters_wrong_arguments[&lt;lambda&gt;25]" time="0.00064849853515625"><skipped message="Suite splitting in effect" type="pytest.skip">src/pymortests/affine_grid.py:223: &lt;py._xmlgen.raw object at 0x7f1dd529d320&gt;</skipped></testcase><testcase classname="src.pymortests.affine_grid" file="src/pymortests/affine_grid.py" line="223" name="test_diameters_wrong_arguments[&lt;lambda&gt;26]" time="0.00046133995056152344"><skipped message="Suite splitting in effect" type="pytest.skip">src/pymortests/affine_grid.py:223: &lt;py._xmlgen.raw object at 0x7f1dd5241278&gt;</skipped></testcase><testcase classname="src.pymortests.affine_grid" file="src/pymortests/affine_grid.py" line="223" name="test_diameters_wrong_arguments[&lt;lambda&gt;27]" time="0.0004992485046386719"><skipped message="Suite splitting in effect" type="pytest.skip">src/pymortests/affine_grid.py:223: &lt;py._xmlgen.raw object at 0x7f1dd5241320&gt;</skipped></testcase><testcase classname="src.pymortests.affine_grid" file="src/pymortests/affine_grid.py" line="223" name="test_diameters_wrong_arguments[&lt;lambda&gt;28]" time="0.000865936279296875"><skipped message="Suite splitting in effect" type="pytest.skip">src/pymortests/affine_grid.py:223: &lt;py._xmlgen.raw object at 0x7f1dd524a1d0&gt;</skipped></testcase><testcase classname="src.pymortests.affine_grid" file="src/pymortests/affine_grid.py" line="223" name="test_diameters_wrong_arguments[&lt;lambda&gt;29]" time="0.0004906654357910156"><skipped message="Suite splitting in effect" type="pytest.skip">src/pymortests/affine_grid.py:223: &lt;py._xmlgen.raw object at 0x7f1dd52410b8&gt;</skipped></testcase><testcase classname="src.pymortests.affine_grid" file="src/pymortests/affine_grid.py" line="223" name="test_diameters_wrong_arguments[&lt;lambda&gt;30]" time="0.0004611015319824219"><skipped message="Suite splitting in effect" type="pytest.skip">src/pymortests/affine_grid.py:223: &lt;py._xmlgen.raw object at 0x7f1dd5292eb8&gt;</skipped></testcase><testcase classname="src.pymortests.affine_grid" file="src/pymortests/affine_grid.py" line="223" name="test_diameters_wrong_arguments[&lt;lambda&gt;31]" time="0.0004730224609375"><skipped message="Suite splitting in effect" type="pytest.skip">src/pymortests/affine_grid.py:223: &lt;py._xmlgen.raw object at 0x7f1e13d89d30&gt;</skipped></testcase><testcase classname="src.pymortests.affine_grid" file="src/pymortests/affine_grid.py" line="223" name="test_diameters_wrong_arguments[&lt;lambda&gt;32]" time="0.0004527568817138672"><skipped message="Suite splitting in effect" type="pytest.skip">src/pymortests/affine_grid.py:223: &lt;py._xmlgen.raw object at 0x7f1e13d45358&gt;</skipped></testcase><testcase classname="src.pymortests.affine_grid" file="src/pymortests/affine_grid.py" line="223" name="test_diameters_wrong_arguments[&lt;lambda&gt;33]" time="0.00058746337890625"><skipped message="Suite splitting in effect" type="pytest.skip">src/pymortests/affine_grid.py:223: &lt;py._xmlgen.raw object at 0x7f1e13d556a0&gt;</skipped></testcase><testcase classname="src.pymortests.affine_grid" file="src/pymortests/affine_grid.py" line="223" name="test_diameters_wrong_arguments[&lt;lambda&gt;34]" time="0.0005276203155517578"><skipped message="Suite splitting in effect" type="pytest.skip">src/pymortests/affine_grid.py:223: &lt;py._xmlgen.raw object at 0x7f1dd52b7f98&gt;</skipped></testcase><testcase classname="src.pymortests.affine_grid" file="src/pymortests/affine_grid.py" line="223" name="test_diameters_wrong_arguments[&lt;lambda&gt;35]" time="0.00044274330139160156"><skipped message="Suite splitting in effect" type="pytest.skip">src/pymortests/affine_grid.py:223: &lt;py._xmlgen.raw object at 0x7f1dd524a048&gt;</skipped></testcase><testcase classname="src.pymortests.affine_grid" file="src/pymortests/affine_grid.py" line="223" name="test_diameters_wrong_arguments[&lt;lambda&gt;36]" time="0.0008158683776855469"><skipped message="Suite splitting in effect" type="pytest.skip">src/pymortests/affine_grid.py:223: &lt;py._xmlgen.raw object at 0x7f1dd524a7f0&gt;</skipped></testcase><testcase classname="src.pymortests.affine_grid" file="src/pymortests/affine_grid.py" line="223" name="test_diameters_wrong_arguments[&lt;lambda&gt;37]" time="0.0006127357482910156"><skipped message="Suite splitting in effect" type="pytest.skip">src/pymortests/affine_grid.py:223: &lt;py._xmlgen.raw object at 0x7f1dd52b77b8&gt;</skipped></testcase><testcase classname="src.pymortests.affine_grid" file="src/pymortests/affine_grid.py" line="223" name="test_diameters_wrong_arguments[&lt;lambda&gt;38]" time="0.0004258155822753906"><skipped message="Suite splitting in effect" type="pytest.skip">src/pymortests/affine_grid.py:223: &lt;py._xmlgen.raw object at 0x7f1e13d459e8&gt;</skipped></testcase><testcase classname="src.pymortests.affine_grid" file="src/pymortests/affine_grid.py" line="223" name="test_diameters_wrong_arguments[&lt;lambda&gt;39]" time="0.00047278404235839844"><skipped message="Suite splitting in effect" type="pytest.skip">src/pymortests/affine_grid.py:223: &lt;py._xmlgen.raw object at 0x7f1dd52a8828&gt;</skipped></testcase><testcase classname="src.pymortests.affine_grid" file="src/pymortests/affine_grid.py" line="223" name="test_diameters_wrong_arguments[&lt;lambda&gt;40]" time="0.0005013942718505859"><skipped message="Suite splitting in effect" type="pytest.skip">src/pymortests/affine_grid.py:223: &lt;py._xmlgen.raw object at 0x7f1e13d2e860&gt;</skipped></testcase><testcase classname="src.pymortests.affine_grid" file="src/pymortests/affine_grid.py" line="223" name="test_diameters_wrong_arguments[&lt;lambda&gt;41]" time="0.0005028247833251953"><skipped message="Suite splitting in effect" type="pytest.skip">src/pymortests/affine_grid.py:223: &lt;py._xmlgen.raw object at 0x7f1dd5241c50&gt;</skipped></testcase><testcase classname="src.pymortests.affine_grid" file="src/pymortests/affine_grid.py" line="223" name="test_diameters_wrong_arguments[&lt;lambda&gt;42]" time="0.0004799365997314453"><skipped message="Suite splitting in effect" type="pytest.skip">src/pymortests/affine_grid.py:223: &lt;py._xmlgen.raw object at 0x7f1dd524a518&gt;</skipped></testcase><testcase classname="src.pymortests.affine_grid" file="src/pymortests/affine_grid.py" line="231" name="test_diameters_shape[&lt;lambda&gt;0]" time="0.000499725341796875"><skipped message="Suite splitting in effect" type="pytest.skip">src/pymortests/affine_grid.py:231: &lt;py._xmlgen.raw object at 0x7f1dd524a048&gt;</skipped></testcase><testcase classname="src.pymortests.affine_grid" file="src/pymortests/affine_grid.py" line="231" name="test_diameters_shape[&lt;lambda&gt;1]" time="0.0007898807525634766"><skipped message="Suite splitting in effect" type="pytest.skip">src/pymortests/affine_grid.py:231: &lt;py._xmlgen.raw object at 0x7f1dd524ae10&gt;</skipped></testcase><testcase classname="src.pymortests.affine_grid" file="src/pymortests/affine_grid.py" line="231" name="test_diameters_shape[&lt;lambda&gt;2]" time="0.0004782676696777344"><skipped message="Suite splitting in effect" type="pytest.skip">src/pymortests/affine_grid.py:231: &lt;py._xmlgen.raw object at 0x7f1dd5241e48&gt;</skipped></testcase><testcase classname="src.pymortests.affine_grid" file="src/pymortests/affine_grid.py" line="231" name="test_diameters_shape[&lt;lambda&gt;3]" time="0.0005826950073242188"><skipped message="Suite splitting in effect" type="pytest.skip">src/pymortests/affine_grid.py:231: &lt;py._xmlgen.raw object at 0x7f1dd529d9b0&gt;</skipped></testcase><testcase classname="src.pymortests.affine_grid" file="src/pymortests/affine_grid.py" line="231" name="test_diameters_shape[&lt;lambda&gt;4]" time="0.0005793571472167969"><skipped message="Suite splitting in effect" type="pytest.skip">src/pymortests/affine_grid.py:231: &lt;py._xmlgen.raw object at 0x7f1e13d45d30&gt;</skipped></testcase><testcase classname="src.pymortests.affine_grid" file="src/pymortests/affine_grid.py" line="231" name="test_diameters_shape[&lt;lambda&gt;5]" time="0.0004711151123046875"><skipped message="Suite splitting in effect" type="pytest.skip">src/pymortests/affine_grid.py:231: &lt;py._xmlgen.raw object at 0x7f1e13d55400&gt;</skipped></testcase><testcase classname="src.pymortests.affine_grid" file="src/pymortests/affine_grid.py" line="231" name="test_diameters_shape[&lt;lambda&gt;6]" time="0.0004773139953613281"><skipped message="Suite splitting in effect" type="pytest.skip">src/pymortests/affine_grid.py:231: &lt;py._xmlgen.raw object at 0x7f1dd52b7160&gt;</skipped></testcase><testcase classname="src.pymortests.affine_grid" file="src/pymortests/affine_grid.py" line="231" name="test_diameters_shape[&lt;lambda&gt;7]" time="0.0005517005920410156"><skipped message="Suite splitting in effect" type="pytest.skip">src/pymortests/affine_grid.py:231: &lt;py._xmlgen.raw object at 0x7f1dd524ab70&gt;</skipped></testcase><testcase classname="src.pymortests.affine_grid" file="src/pymortests/affine_grid.py" line="231" name="test_diameters_shape[&lt;lambda&gt;8]" time="0.0005104541778564453"><skipped message="Suite splitting in effect" type="pytest.skip">src/pymortests/affine_grid.py:231: &lt;py._xmlgen.raw object at 0x7f1dd524a8d0&gt;</skipped></testcase><testcase classname="src.pymortests.affine_grid" file="src/pymortests/affine_grid.py" line="231" name="test_diameters_shape[&lt;lambda&gt;9]" time="0.0008072853088378906"><skipped message="Suite splitting in effect" type="pytest.skip">src/pymortests/affine_grid.py:231: &lt;py._xmlgen.raw object at 0x7f1dd5257470&gt;</skipped></testcase><testcase classname="src.pymortests.affine_grid" file="src/pymortests/affine_grid.py" line="231" name="test_diameters_shape[&lt;lambda&gt;10]" time="0.0004687309265136719"><skipped message="Suite splitting in effect" type="pytest.skip">src/pymortests/affine_grid.py:231: &lt;py._xmlgen.raw object at 0x7f1dd524aa20&gt;</skipped></testcase><testcase classname="src.pymortests.affine_grid" file="src/pymortests/affine_grid.py" line="231" name="test_diameters_shape[&lt;lambda&gt;11]" time="0.0004968643188476562"><skipped message="Suite splitting in effect" type="pytest.skip">src/pymortests/affine_grid.py:231: &lt;py._xmlgen.raw object at 0x7f1dd52b7390&gt;</skipped></testcase><testcase classname="src.pymortests.affine_grid" file="src/pymortests/affine_grid.py" line="231" name="test_diameters_shape[&lt;lambda&gt;12]" time="0.00046253204345703125"><skipped message="Suite splitting in effect" type="pytest.skip">src/pymortests/affine_grid.py:231: &lt;py._xmlgen.raw object at 0x7f1e13d55be0&gt;</skipped></testcase><testcase classname="src.pymortests.affine_grid" file="src/pymortests/affine_grid.py" line="231" name="test_diameters_shape[&lt;lambda&gt;13]" time="0.0004754066467285156"><skipped message="Suite splitting in effect" type="pytest.skip">src/pymortests/affine_grid.py:231: &lt;py._xmlgen.raw object at 0x7f1dd52a8710&gt;</skipped></testcase><testcase classname="src.pymortests.affine_grid" file="src/pymortests/affine_grid.py" line="231" name="test_diameters_shape[&lt;lambda&gt;14]" time="0.0004999637603759766"><skipped message="Suite splitting in effect" type="pytest.skip">src/pymortests/affine_grid.py:231: &lt;py._xmlgen.raw object at 0x7f1e13d68fd0&gt;</skipped></testcase><testcase classname="src.pymortests.affine_grid" file="src/pymortests/affine_grid.py" line="231" name="test_diameters_shape[&lt;lambda&gt;15]" time="0.0004603862762451172"><skipped message="Suite splitting in effect" type="pytest.skip">src/pymortests/affine_grid.py:231: &lt;py._xmlgen.raw object at 0x7f1dd5241358&gt;</skipped></testcase><testcase classname="src.pymortests.affine_grid" file="src/pymortests/affine_grid.py" line="231" name="test_diameters_shape[&lt;lambda&gt;16]" time="0.0004532337188720703"><skipped message="Suite splitting in effect" type="pytest.skip">src/pymortests/affine_grid.py:231: &lt;py._xmlgen.raw object at 0x7f1dd52572e8&gt;</skipped></testcase><testcase classname="src.pymortests.affine_grid" file="src/pymortests/affine_grid.py" line="231" name="test_diameters_shape[&lt;lambda&gt;17]" time="0.0008780956268310547"><skipped message="Suite splitting in effect" type="pytest.skip">src/pymortests/affine_grid.py:231: &lt;py._xmlgen.raw object at 0x7f1dd5257a90&gt;</skipped></testcase><testcase classname="src.pymortests.affine_grid" file="src/pymortests/affine_grid.py" line="231" name="test_diameters_shape[&lt;lambda&gt;18]" time="0.0005033016204833984"><skipped message="Suite splitting in effect" type="pytest.skip">src/pymortests/affine_grid.py:231: &lt;py._xmlgen.raw object at 0x7f1e13d68ef0&gt;</skipped></testcase><testcase classname="src.pymortests.affine_grid" file="src/pymortests/affine_grid.py" line="231" name="test_diameters_shape[&lt;lambda&gt;19]" time="0.0004487037658691406"><skipped message="Suite splitting in effect" type="pytest.skip">src/pymortests/affine_grid.py:231: &lt;py._xmlgen.raw object at 0x7f1dd52a8320&gt;</skipped></testcase><testcase classname="src.pymortests.affine_grid" file="src/pymortests/affine_grid.py" line="231" name="test_diameters_shape[&lt;lambda&gt;20]" time="0.0004999637603759766"><skipped message="Suite splitting in effect" type="pytest.skip">src/pymortests/affine_grid.py:231: &lt;py._xmlgen.raw object at 0x7f1e13d559e8&gt;</skipped></testcase><testcase classname="src.pymortests.affine_grid" file="src/pymortests/affine_grid.py" line="231" name="test_diameters_shape[&lt;lambda&gt;21]" time="0.0005860328674316406"><skipped message="Suite splitting in effect" type="pytest.skip">src/pymortests/affine_grid.py:231: &lt;py._xmlgen.raw object at 0x7f1e13cfb710&gt;</skipped></testcase><testcase classname="src.pymortests.affine_grid" file="src/pymortests/affine_grid.py" line="231" name="test_diameters_shape[&lt;lambda&gt;22]" time="0.0004506111145019531"><skipped message="Suite splitting in effect" type="pytest.skip">src/pymortests/affine_grid.py:231: &lt;py._xmlgen.raw object at 0x7f1dd524aa20&gt;</skipped></testcase><testcase classname="src.pymortests.affine_grid" file="src/pymortests/affine_grid.py" line="231" name="test_diameters_shape[&lt;lambda&gt;23]" time="0.0004558563232421875"><skipped message="Suite splitting in effect" type="pytest.skip">src/pymortests/affine_grid.py:231: &lt;py._xmlgen.raw object at 0x7f1dd5257c18&gt;</skipped></testcase><testcase classname="src.pymortests.affine_grid" file="src/pymortests/affine_grid.py" line="231" name="test_diameters_shape[&lt;lambda&gt;24]" time="0.0005085468292236328"><skipped message="Suite splitting in effect" type="pytest.skip">src/pymortests/affine_grid.py:231: &lt;py._xmlgen.raw object at 0x7f1dd5257160&gt;</skipped></testcase><testcase classname="src.pymortests.affine_grid" file="src/pymortests/affine_grid.py" line="231" name="test_diameters_shape[&lt;lambda&gt;25]" time="0.0013196468353271484"><skipped message="Suite splitting in effect" type="pytest.skip">src/pymortests/affine_grid.py:231: &lt;py._xmlgen.raw object at 0x7f1dd525f0f0&gt;</skipped></testcase><testcase classname="src.pymortests.affine_grid" file="src/pymortests/affine_grid.py" line="231" name="test_diameters_shape[&lt;lambda&gt;26]" time="0.0008394718170166016"><skipped message="Suite splitting in effect" type="pytest.skip">src/pymortests/affine_grid.py:231: &lt;py._xmlgen.raw object at 0x7f1e13d554a8&gt;</skipped></testcase><testcase classname="src.pymortests.affine_grid" file="src/pymortests/affine_grid.py" line="231" name="test_diameters_shape[&lt;lambda&gt;27]" time="0.0007109642028808594"><skipped message="Suite splitting in effect" type="pytest.skip">src/pymortests/affine_grid.py:231: &lt;py._xmlgen.raw object at 0x7f1dd52a8d30&gt;</skipped></testcase><testcase classname="src.pymortests.affine_grid" file="src/pymortests/affine_grid.py" line="231" name="test_diameters_shape[&lt;lambda&gt;28]" time="0.0005142688751220703"><skipped message="Suite splitting in effect" type="pytest.skip">src/pymortests/affine_grid.py:231: &lt;py._xmlgen.raw object at 0x7f1dd5257eb8&gt;</skipped></testcase><testcase classname="src.pymortests.affine_grid" file="src/pymortests/affine_grid.py" line="231" name="test_diameters_shape[&lt;lambda&gt;29]" time="0.0004417896270751953"><skipped message="Suite splitting in effect" type="pytest.skip">src/pymortests/affine_grid.py:231: &lt;py._xmlgen.raw object at 0x7f1dd5257748&gt;</skipped></testcase><testcase classname="src.pymortests.affine_grid" file="src/pymortests/affine_grid.py" line="231" name="test_diameters_shape[&lt;lambda&gt;30]" time="0.00045800209045410156"><skipped message="Suite splitting in effect" type="pytest.skip">src/pymortests/affine_grid.py:231: &lt;py._xmlgen.raw object at 0x7f1dd524aac8&gt;</skipped></testcase><testcase classname="src.pymortests.affine_grid" file="src/pymortests/affine_grid.py" line="231" name="test_diameters_shape[&lt;lambda&gt;31]" time="0.0007145404815673828"><skipped message="Suite splitting in effect" type="pytest.skip">src/pymortests/affine_grid.py:231: &lt;py._xmlgen.raw object at 0x7f1dd524a7f0&gt;</skipped></testcase><testcase classname="src.pymortests.affine_grid" file="src/pymortests/affine_grid.py" line="231" name="test_diameters_shape[&lt;lambda&gt;32]" time="0.0007469654083251953"><skipped message="Suite splitting in effect" type="pytest.skip">src/pymortests/affine_grid.py:231: &lt;py._xmlgen.raw object at 0x7f1dd5241d30&gt;</skipped></testcase><testcase classname="src.pymortests.affine_grid" file="src/pymortests/affine_grid.py" line="231" name="test_diameters_shape[&lt;lambda&gt;33]" time="0.0004894733428955078"><skipped message="Suite splitting in effect" type="pytest.skip">src/pymortests/affine_grid.py:231: &lt;py._xmlgen.raw object at 0x7f1dd52b7f28&gt;</skipped></testcase><testcase classname="src.pymortests.affine_grid" file="src/pymortests/affine_grid.py" line="231" name="test_diameters_shape[&lt;lambda&gt;34]" time="0.0008823871612548828"><skipped message="Suite splitting in effect" type="pytest.skip">src/pymortests/affine_grid.py:231: &lt;py._xmlgen.raw object at 0x7f1dd5241518&gt;</skipped></testcase><testcase classname="src.pymortests.affine_grid" file="src/pymortests/affine_grid.py" line="231" name="test_diameters_shape[&lt;lambda&gt;35]" time="0.00045299530029296875"><skipped message="Suite splitting in effect" type="pytest.skip">src/pymortests/affine_grid.py:231: &lt;py._xmlgen.raw object at 0x7f1dd524a208&gt;</skipped></testcase><testcase classname="src.pymortests.affine_grid" file="src/pymortests/affine_grid.py" line="231" name="test_diameters_shape[&lt;lambda&gt;36]" time="0.0005095005035400391"><skipped message="Suite splitting in effect" type="pytest.skip">src/pymortests/affine_grid.py:231: &lt;py._xmlgen.raw object at 0x7f1dd524a048&gt;</skipped></testcase><testcase classname="src.pymortests.affine_grid" file="src/pymortests/affine_grid.py" line="231" name="test_diameters_shape[&lt;lambda&gt;37]" time="0.0005283355712890625"><skipped message="Suite splitting in effect" type="pytest.skip">src/pymortests/affine_grid.py:231: &lt;py._xmlgen.raw object at 0x7f1dd5257048&gt;</skipped></testcase><testcase classname="src.pymortests.affine_grid" file="src/pymortests/affine_grid.py" line="231" name="test_diameters_shape[&lt;lambda&gt;38]" time="0.0004711151123046875"><skipped message="Suite splitting in effect" type="pytest.skip">src/pymortests/affine_grid.py:231: &lt;py._xmlgen.raw object at 0x7f1e13d68ef0&gt;</skipped></testcase><testcase classname="src.pymortests.affine_grid" file="src/pymortests/affine_grid.py" line="231" name="test_diameters_shape[&lt;lambda&gt;39]" time="0.0005824565887451172"><skipped message="Suite splitting in effect" type="pytest.skip">src/pymortests/affine_grid.py:231: &lt;py._xmlgen.raw object at 0x7f1e13d457f0&gt;</skipped></testcase><testcase classname="src.pymortests.affine_grid" file="src/pymortests/affine_grid.py" line="231" name="test_diameters_shape[&lt;lambda&gt;40]" time="0.0005192756652832031"><skipped message="Suite splitting in effect" type="pytest.skip">src/pymortests/affine_grid.py:231: &lt;py._xmlgen.raw object at 0x7f1e13cfb908&gt;</skipped></testcase><testcase classname="src.pymortests.affine_grid" file="src/pymortests/affine_grid.py" line="231" name="test_diameters_shape[&lt;lambda&gt;41]" time="0.00048160552978515625"><skipped message="Suite splitting in effect" type="pytest.skip">src/pymortests/affine_grid.py:231: &lt;py._xmlgen.raw object at 0x7f1e13dc5a90&gt;</skipped></testcase><testcase classname="src.pymortests.affine_grid" file="src/pymortests/affine_grid.py" line="231" name="test_diameters_shape[&lt;lambda&gt;42]" time="0.0008013248443603516"><skipped message="Suite splitting in effect" type="pytest.skip">src/pymortests/affine_grid.py:231: &lt;py._xmlgen.raw object at 0x7f1dd527a390&gt;</skipped></testcase><testcase classname="src.pymortests.affine_grid" file="src/pymortests/affine_grid.py" line="237" name="test_diameters_non_negative[&lt;lambda&gt;0]" time="0.00048542022705078125"><skipped message="Suite splitting in effect" type="pytest.skip">src/pymortests/affine_grid.py:237: &lt;py._xmlgen.raw object at 0x7f1e13cfbe48&gt;</skipped></testcase><testcase classname="src.pymortests.affine_grid" file="src/pymortests/affine_grid.py" line="237" name="test_diameters_non_negative[&lt;lambda&gt;1]" time="0.0004382133483886719"><skipped message="Suite splitting in effect" type="pytest.skip">src/pymortests/affine_grid.py:237: &lt;py._xmlgen.raw object at 0x7f1e13d68cf8&gt;</skipped></testcase><testcase classname="src.pymortests.affine_grid" file="src/pymortests/affine_grid.py" line="237" name="test_diameters_non_negative[&lt;lambda&gt;2]" time="0.0005097389221191406"><skipped message="Suite splitting in effect" type="pytest.skip">src/pymortests/affine_grid.py:237: &lt;py._xmlgen.raw object at 0x7f1dd52579b0&gt;</skipped></testcase><testcase classname="src.pymortests.affine_grid" file="src/pymortests/affine_grid.py" line="237" name="test_diameters_non_negative[&lt;lambda&gt;3]" time="0.0004611015319824219"><skipped message="Suite splitting in effect" type="pytest.skip">src/pymortests/affine_grid.py:237: &lt;py._xmlgen.raw object at 0x7f1e13d09668&gt;</skipped></testcase><testcase classname="src.pymortests.affine_grid" file="src/pymortests/affine_grid.py" line="237" name="test_diameters_non_negative[&lt;lambda&gt;4]" time="0.0006129741668701172"><skipped message="Suite splitting in effect" type="pytest.skip">src/pymortests/affine_grid.py:237: &lt;py._xmlgen.raw object at 0x7f1dd524a3c8&gt;</skipped></testcase><testcase classname="src.pymortests.affine_grid" file="src/pymortests/affine_grid.py" line="237" name="test_diameters_non_negative[&lt;lambda&gt;5]" time="0.0005114078521728516"><skipped message="Suite splitting in effect" type="pytest.skip">src/pymortests/affine_grid.py:237: &lt;py._xmlgen.raw object at 0x7f1dd5241d68&gt;</skipped></testcase><testcase classname="src.pymortests.affine_grid" file="src/pymortests/affine_grid.py" line="237" name="test_diameters_non_negative[&lt;lambda&gt;6]" time="0.0004949569702148438"><skipped message="Suite splitting in effect" type="pytest.skip">src/pymortests/affine_grid.py:237: &lt;py._xmlgen.raw object at 0x7f1dd525f5f8&gt;</skipped></testcase><testcase classname="src.pymortests.affine_grid" file="src/pymortests/affine_grid.py" line="237" name="test_diameters_non_negative[&lt;lambda&gt;7]" time="0.0007784366607666016"><skipped message="Suite splitting in effect" type="pytest.skip">src/pymortests/affine_grid.py:237: &lt;py._xmlgen.raw object at 0x7f1dd525fb38&gt;</skipped></testcase><testcase classname="src.pymortests.affine_grid" file="src/pymortests/affine_grid.py" line="237" name="test_diameters_non_negative[&lt;lambda&gt;8]" time="0.00046825408935546875"><skipped message="Suite splitting in effect" type="pytest.skip">src/pymortests/affine_grid.py:237: &lt;py._xmlgen.raw object at 0x7f1dd524acf8&gt;</skipped></testcase><testcase classname="src.pymortests.affine_grid" file="src/pymortests/affine_grid.py" line="237" name="test_diameters_non_negative[&lt;lambda&gt;9]" time="0.00046539306640625"><skipped message="Suite splitting in effect" type="pytest.skip">src/pymortests/affine_grid.py:237: &lt;py._xmlgen.raw object at 0x7f1dd5257ba8&gt;</skipped></testcase><testcase classname="src.pymortests.affine_grid" file="src/pymortests/affine_grid.py" line="237" name="test_diameters_non_negative[&lt;lambda&gt;10]" time="0.00046539306640625"><skipped message="Suite splitting in effect" type="pytest.skip">src/pymortests/affine_grid.py:237: &lt;py._xmlgen.raw object at 0x7f1dd52571d0&gt;</skipped></testcase><testcase classname="src.pymortests.affine_grid" file="src/pymortests/affine_grid.py" line="237" name="test_diameters_non_negative[&lt;lambda&gt;11]" time="0.0005078315734863281"><skipped message="Suite splitting in effect" type="pytest.skip">src/pymortests/affine_grid.py:237: &lt;py._xmlgen.raw object at 0x7f1e13d2e358&gt;</skipped></testcase><testcase classname="src.pymortests.affine_grid" file="src/pymortests/affine_grid.py" line="237" name="test_diameters_non_negative[&lt;lambda&gt;12]" time="0.0005292892456054688"><skipped message="Suite splitting in effect" type="pytest.skip">src/pymortests/affine_grid.py:237: &lt;py._xmlgen.raw object at 0x7f1e13cfbe48&gt;</skipped></testcase><testcase classname="src.pymortests.affine_grid" file="src/pymortests/affine_grid.py" line="237" name="test_diameters_non_negative[&lt;lambda&gt;13]" time="0.0004875659942626953"><skipped message="Suite splitting in effect" type="pytest.skip">src/pymortests/affine_grid.py:237: &lt;py._xmlgen.raw object at 0x7f1dd525f898&gt;</skipped></testcase><testcase classname="src.pymortests.affine_grid" file="src/pymortests/affine_grid.py" line="237" name="test_diameters_non_negative[&lt;lambda&gt;14]" time="0.0004642009735107422"><skipped message="Suite splitting in effect" type="pytest.skip">src/pymortests/affine_grid.py:237: &lt;py._xmlgen.raw object at 0x7f1dd525f198&gt;</skipped></testcase><testcase classname="src.pymortests.affine_grid" file="src/pymortests/affine_grid.py" line="237" name="test_diameters_non_negative[&lt;lambda&gt;15]" time="0.0007531642913818359"><skipped message="Suite splitting in effect" type="pytest.skip">src/pymortests/affine_grid.py:237: &lt;py._xmlgen.raw object at 0x7f1dd526e0b8&gt;</skipped></testcase><testcase classname="src.pymortests.affine_grid" file="src/pymortests/affine_grid.py" line="237" name="test_diameters_non_negative[&lt;lambda&gt;16]" time="0.0004761219024658203"><skipped message="Suite splitting in effect" type="pytest.skip">src/pymortests/affine_grid.py:237: &lt;py._xmlgen.raw object at 0x7f1dd525f278&gt;</skipped></testcase><testcase classname="src.pymortests.affine_grid" file="src/pymortests/affine_grid.py" line="237" name="test_diameters_non_negative[&lt;lambda&gt;17]" time="0.00044274330139160156"><skipped message="Suite splitting in effect" type="pytest.skip">src/pymortests/affine_grid.py:237: &lt;py._xmlgen.raw object at 0x7f1dd525f208&gt;</skipped></testcase><testcase classname="src.pymortests.affine_grid" file="src/pymortests/affine_grid.py" line="237" name="test_diameters_non_negative[&lt;lambda&gt;18]" time="0.0004520416259765625"><skipped message="Suite splitting in effect" type="pytest.skip">src/pymortests/affine_grid.py:237: &lt;py._xmlgen.raw object at 0x7f1e13d2e400&gt;</skipped></testcase><testcase classname="src.pymortests.affine_grid" file="src/pymortests/affine_grid.py" line="237" name="test_diameters_non_negative[&lt;lambda&gt;19]" time="0.0005037784576416016"><skipped message="Suite splitting in effect" type="pytest.skip">src/pymortests/affine_grid.py:237: &lt;py._xmlgen.raw object at 0x7f1e13d68c50&gt;</skipped></testcase><testcase classname="src.pymortests.affine_grid" file="src/pymortests/affine_grid.py" line="237" name="test_diameters_non_negative[&lt;lambda&gt;20]" time="0.0004899501800537109"><skipped message="Suite splitting in effect" type="pytest.skip">src/pymortests/affine_grid.py:237: &lt;py._xmlgen.raw object at 0x7f1dd5257ac8&gt;</skipped></testcase><testcase classname="src.pymortests.affine_grid" file="src/pymortests/affine_grid.py" line="237" name="test_diameters_non_negative[&lt;lambda&gt;21]" time="0.0004909038543701172"><skipped message="Suite splitting in effect" type="pytest.skip">src/pymortests/affine_grid.py:237: &lt;py._xmlgen.raw object at 0x7f1dd524ac88&gt;</skipped></testcase><testcase classname="src.pymortests.affine_grid" file="src/pymortests/affine_grid.py" line="237" name="test_diameters_non_negative[&lt;lambda&gt;22]" time="0.0004935264587402344"><skipped message="Suite splitting in effect" type="pytest.skip">src/pymortests/affine_grid.py:237: &lt;py._xmlgen.raw object at 0x7f1dd526e1d0&gt;</skipped></testcase><testcase classname="src.pymortests.affine_grid" file="src/pymortests/affine_grid.py" line="237" name="test_diameters_non_negative[&lt;lambda&gt;23]" time="0.0008082389831542969"><skipped message="Suite splitting in effect" type="pytest.skip">src/pymortests/affine_grid.py:237: &lt;py._xmlgen.raw object at 0x7f1dd526e6d8&gt;</skipped></testcase><testcase classname="src.pymortests.affine_grid" file="src/pymortests/affine_grid.py" line="237" name="test_diameters_non_negative[&lt;lambda&gt;24]" time="0.0004401206970214844"><skipped message="Suite splitting in effect" type="pytest.skip">src/pymortests/affine_grid.py:237: &lt;py._xmlgen.raw object at 0x7f1e13caf0f0&gt;</skipped></testcase><testcase classname="src.pymortests.affine_grid" file="src/pymortests/affine_grid.py" line="237" name="test_diameters_non_negative[&lt;lambda&gt;25]" time="0.0005199909210205078"><skipped message="Suite splitting in effect" type="pytest.skip">src/pymortests/affine_grid.py:237: &lt;py._xmlgen.raw object at 0x7f1dd5257f60&gt;</skipped></testcase><testcase classname="src.pymortests.affine_grid" file="src/pymortests/affine_grid.py" line="237" name="test_diameters_non_negative[&lt;lambda&gt;26]" time="0.0004951953887939453"><skipped message="Suite splitting in effect" type="pytest.skip">src/pymortests/affine_grid.py:237: &lt;py._xmlgen.raw object at 0x7f1e13d1f630&gt;</skipped></testcase><testcase classname="src.pymortests.affine_grid" file="src/pymortests/affine_grid.py" line="237" name="test_diameters_non_negative[&lt;lambda&gt;27]" time="0.00045871734619140625"><skipped message="Suite splitting in effect" type="pytest.skip">src/pymortests/affine_grid.py:237: &lt;py._xmlgen.raw object at 0x7f1e13d55940&gt;</skipped></testcase><testcase classname="src.pymortests.affine_grid" file="src/pymortests/affine_grid.py" line="237" name="test_diameters_non_negative[&lt;lambda&gt;28]" time="0.000492095947265625"><skipped message="Suite splitting in effect" type="pytest.skip">src/pymortests/affine_grid.py:237: &lt;py._xmlgen.raw object at 0x7f1dd525f6d8&gt;</skipped></testcase><testcase classname="src.pymortests.affine_grid" file="src/pymortests/affine_grid.py" line="237" name="test_diameters_non_negative[&lt;lambda&gt;29]" time="0.0005049705505371094"><skipped message="Suite splitting in effect" type="pytest.skip">src/pymortests/affine_grid.py:237: &lt;py._xmlgen.raw object at 0x7f1e04c8fc50&gt;</skipped></testcase><testcase classname="src.pymortests.affine_grid" file="src/pymortests/affine_grid.py" line="237" name="test_diameters_non_negative[&lt;lambda&gt;30]" time="0.000469207763671875"><skipped message="Suite splitting in effect" type="pytest.skip">src/pymortests/affine_grid.py:237: &lt;py._xmlgen.raw object at 0x7f1dd526e198&gt;</skipped></testcase><testcase classname="src.pymortests.affine_grid" file="src/pymortests/affine_grid.py" line="237" name="test_diameters_non_negative[&lt;lambda&gt;31]" time="0.0008704662322998047"><skipped message="Suite splitting in effect" type="pytest.skip">src/pymortests/affine_grid.py:237: &lt;py._xmlgen.raw object at 0x7f1dd526ecf8&gt;</skipped></testcase><testcase classname="src.pymortests.affine_grid" file="src/pymortests/affine_grid.py" line="237" name="test_diameters_non_negative[&lt;lambda&gt;32]" time="0.0004904270172119141"><skipped message="Suite splitting in effect" type="pytest.skip">src/pymortests/affine_grid.py:237: &lt;py._xmlgen.raw object at 0x7f1dd525f1d0&gt;</skipped></testcase><testcase classname="src.pymortests.affine_grid" file="src/pymortests/affine_grid.py" line="237" name="test_diameters_non_negative[&lt;lambda&gt;33]" time="0.0004565715789794922"><skipped message="Suite splitting in effect" type="pytest.skip">src/pymortests/affine_grid.py:237: &lt;py._xmlgen.raw object at 0x7f1e13cfb668&gt;</skipped></testcase><testcase classname="src.pymortests.affine_grid" file="src/pymortests/affine_grid.py" line="237" name="test_diameters_non_negative[&lt;lambda&gt;34]" time="0.0005574226379394531"><skipped message="Suite splitting in effect" type="pytest.skip">src/pymortests/affine_grid.py:237: &lt;py._xmlgen.raw object at 0x7f1e13d095c0&gt;</skipped></testcase><testcase classname="src.pymortests.affine_grid" file="src/pymortests/affine_grid.py" line="237" name="test_diameters_non_negative[&lt;lambda&gt;35]" time="0.0004923343658447266"><skipped message="Suite splitting in effect" type="pytest.skip">src/pymortests/affine_grid.py:237: &lt;py._xmlgen.raw object at 0x7f1dd5257b00&gt;</skipped></testcase><testcase classname="src.pymortests.affine_grid" file="src/pymortests/affine_grid.py" line="237" name="test_diameters_non_negative[&lt;lambda&gt;36]" time="0.0004405975341796875"><skipped message="Suite splitting in effect" type="pytest.skip">src/pymortests/affine_grid.py:237: &lt;py._xmlgen.raw object at 0x7f1e13caf0f0&gt;</skipped></testcase><testcase classname="src.pymortests.affine_grid" file="src/pymortests/affine_grid.py" line="237" name="test_diameters_non_negative[&lt;lambda&gt;37]" time="0.0005011558532714844"><skipped message="Suite splitting in effect" type="pytest.skip">src/pymortests/affine_grid.py:237: &lt;py._xmlgen.raw object at 0x7f1dd526e1d0&gt;</skipped></testcase><testcase classname="src.pymortests.affine_grid" file="src/pymortests/affine_grid.py" line="237" name="test_diameters_non_negative[&lt;lambda&gt;38]" time="0.0005497932434082031"><skipped message="Suite splitting in effect" type="pytest.skip">src/pymortests/affine_grid.py:237: &lt;py._xmlgen.raw object at 0x7f1dd526e588&gt;</skipped></testcase><testcase classname="src.pymortests.affine_grid" file="src/pymortests/affine_grid.py" line="237" name="test_diameters_non_negative[&lt;lambda&gt;39]" time="0.0008113384246826172"><skipped message="Suite splitting in effect" type="pytest.skip">src/pymortests/affine_grid.py:237: &lt;py._xmlgen.raw object at 0x7f1dd51fb358&gt;</skipped></testcase><testcase classname="src.pymortests.affine_grid" file="src/pymortests/affine_grid.py" line="237" name="test_diameters_non_negative[&lt;lambda&gt;40]" time="0.0005152225494384766"><skipped message="Suite splitting in effect" type="pytest.skip">src/pymortests/affine_grid.py:237: &lt;py._xmlgen.raw object at 0x7f1dd526ea20&gt;</skipped></testcase><testcase classname="src.pymortests.affine_grid" file="src/pymortests/affine_grid.py" line="237" name="test_diameters_non_negative[&lt;lambda&gt;41]" time="0.00043845176696777344"><skipped message="Suite splitting in effect" type="pytest.skip">src/pymortests/affine_grid.py:237: &lt;py._xmlgen.raw object at 0x7f1e13cafac8&gt;</skipped></testcase><testcase classname="src.pymortests.affine_grid" file="src/pymortests/affine_grid.py" line="237" name="test_diameters_non_negative[&lt;lambda&gt;42]" time="0.0004506111145019531"><skipped message="Suite splitting in effect" type="pytest.skip">src/pymortests/affine_grid.py:237: &lt;py._xmlgen.raw object at 0x7f1dd5257da0&gt;</skipped></testcase><testcase classname="src.pymortests.affine_grid" file="src/pymortests/affine_grid.py" line="243" name="test_diameters_values[&lt;lambda&gt;0]" time="0.0004749298095703125"><skipped message="Suite splitting in effect" type="pytest.skip">src/pymortests/affine_grid.py:243: &lt;py._xmlgen.raw object at 0x7f1e13d1f390&gt;</skipped></testcase><testcase classname="src.pymortests.affine_grid" file="src/pymortests/affine_grid.py" line="243" name="test_diameters_values[&lt;lambda&gt;1]" time="0.0005197525024414062"><skipped message="Suite splitting in effect" type="pytest.skip">src/pymortests/affine_grid.py:243: &lt;py._xmlgen.raw object at 0x7f1e13cfb3c8&gt;</skipped></testcase><testcase classname="src.pymortests.affine_grid" file="src/pymortests/affine_grid.py" line="243" name="test_diameters_values[&lt;lambda&gt;2]" time="0.00048160552978515625"><skipped message="Suite splitting in effect" type="pytest.skip">src/pymortests/affine_grid.py:243: &lt;py._xmlgen.raw object at 0x7f1dd525ff98&gt;</skipped></testcase><testcase classname="src.pymortests.affine_grid" file="src/pymortests/affine_grid.py" line="243" name="test_diameters_values[&lt;lambda&gt;3]" time="0.0004832744598388672"><skipped message="Suite splitting in effect" type="pytest.skip">src/pymortests/affine_grid.py:243: &lt;py._xmlgen.raw object at 0x7f1dd51fb1d0&gt;</skipped></testcase><testcase classname="src.pymortests.affine_grid" file="src/pymortests/affine_grid.py" line="243" name="test_diameters_values[&lt;lambda&gt;4]" time="0.0007977485656738281"><skipped message="Suite splitting in effect" type="pytest.skip">src/pymortests/affine_grid.py:243: &lt;py._xmlgen.raw object at 0x7f1dd51fb978&gt;</skipped></testcase><testcase classname="src.pymortests.affine_grid" file="src/pymortests/affine_grid.py" line="243" name="test_diameters_values[&lt;lambda&gt;5]" time="0.0004725456237792969"><skipped message="Suite splitting in effect" type="pytest.skip">src/pymortests/affine_grid.py:243: &lt;py._xmlgen.raw object at 0x7f1dd529da90&gt;</skipped></testcase><testcase classname="src.pymortests.affine_grid" file="src/pymortests/affine_grid.py" line="243" name="test_diameters_values[&lt;lambda&gt;6]" time="0.0005249977111816406"><skipped message="Suite splitting in effect" type="pytest.skip">src/pymortests/affine_grid.py:243: &lt;py._xmlgen.raw object at 0x7f1e13d1f390&gt;</skipped></testcase><testcase classname="src.pymortests.affine_grid" file="src/pymortests/affine_grid.py" line="243" name="test_diameters_values[&lt;lambda&gt;7]" time="0.0004940032958984375"><skipped message="Suite splitting in effect" type="pytest.skip">src/pymortests/affine_grid.py:243: &lt;py._xmlgen.raw object at 0x7f1dd5257b00&gt;</skipped></testcase><testcase classname="src.pymortests.affine_grid" file="src/pymortests/affine_grid.py" line="243" name="test_diameters_values[&lt;lambda&gt;8]" time="0.0004718303680419922"><skipped message="Suite splitting in effect" type="pytest.skip">src/pymortests/affine_grid.py:243: &lt;py._xmlgen.raw object at 0x7f1e13caf588&gt;</skipped></testcase><testcase classname="src.pymortests.affine_grid" file="src/pymortests/affine_grid.py" line="243" name="test_diameters_values[&lt;lambda&gt;9]" time="0.0004355907440185547"><skipped message="Suite splitting in effect" type="pytest.skip">src/pymortests/affine_grid.py:243: &lt;py._xmlgen.raw object at 0x7f1dd526ebe0&gt;</skipped></testcase><testcase classname="src.pymortests.affine_grid" file="src/pymortests/affine_grid.py" line="243" name="test_diameters_values[&lt;lambda&gt;10]" time="0.0005443096160888672"><skipped message="Suite splitting in effect" type="pytest.skip">src/pymortests/affine_grid.py:243: &lt;py._xmlgen.raw object at 0x7f1dd51fb550&gt;</skipped></testcase><testcase classname="src.pymortests.affine_grid" file="src/pymortests/affine_grid.py" line="243" name="test_diameters_values[&lt;lambda&gt;11]" time="0.0004856586456298828"><skipped message="Suite splitting in effect" type="pytest.skip">src/pymortests/affine_grid.py:243: &lt;py._xmlgen.raw object at 0x7f1dd51fb4e0&gt;</skipped></testcase><testcase classname="src.pymortests.affine_grid" file="src/pymortests/affine_grid.py" line="243" name="test_diameters_values[&lt;lambda&gt;12]" time="0.0008273124694824219"><skipped message="Suite splitting in effect" type="pytest.skip">src/pymortests/affine_grid.py:243: &lt;py._xmlgen.raw object at 0x7f1dd51fbf98&gt;</skipped></testcase><testcase classname="src.pymortests.affine_grid" file="src/pymortests/affine_grid.py" line="243" name="test_diameters_values[&lt;lambda&gt;13]" time="0.0004439353942871094"><skipped message="Suite splitting in effect" type="pytest.skip">src/pymortests/affine_grid.py:243: &lt;py._xmlgen.raw object at 0x7f1dd51fb828&gt;</skipped></testcase><testcase classname="src.pymortests.affine_grid" file="src/pymortests/affine_grid.py" line="243" name="test_diameters_values[&lt;lambda&gt;14]" time="0.0004723072052001953"><skipped message="Suite splitting in effect" type="pytest.skip">src/pymortests/affine_grid.py:243: &lt;py._xmlgen.raw object at 0x7f1dd526e278&gt;</skipped></testcase><testcase classname="src.pymortests.affine_grid" file="src/pymortests/affine_grid.py" line="243" name="test_diameters_values[&lt;lambda&gt;15]" time="0.00044798851013183594"><skipped message="Suite splitting in effect" type="pytest.skip">src/pymortests/affine_grid.py:243: &lt;py._xmlgen.raw object at 0x7f1dd5241fd0&gt;</skipped></testcase><testcase classname="src.pymortests.affine_grid" file="src/pymortests/affine_grid.py" line="243" name="test_diameters_values[&lt;lambda&gt;16]" time="0.0004904270172119141"><skipped message="Suite splitting in effect" type="pytest.skip">src/pymortests/affine_grid.py:243: &lt;py._xmlgen.raw object at 0x7f1dd524a048&gt;</skipped></testcase><testcase classname="src.pymortests.affine_grid" file="src/pymortests/affine_grid.py" line="243" name="test_diameters_values[&lt;lambda&gt;17]" time="0.00057220458984375"><skipped message="Suite splitting in effect" type="pytest.skip">src/pymortests/affine_grid.py:243: &lt;py._xmlgen.raw object at 0x7f1e13cbffd0&gt;</skipped></testcase><testcase classname="src.pymortests.affine_grid" file="src/pymortests/affine_grid.py" line="243" name="test_diameters_values[&lt;lambda&gt;18]" time="0.0004715919494628906"><skipped message="Suite splitting in effect" type="pytest.skip">src/pymortests/affine_grid.py:243: &lt;py._xmlgen.raw object at 0x7f1e13d2e400&gt;</skipped></testcase><testcase classname="src.pymortests.affine_grid" file="src/pymortests/affine_grid.py" line="243" name="test_diameters_values[&lt;lambda&gt;19]" time="0.0004944801330566406"><skipped message="Suite splitting in effect" type="pytest.skip">src/pymortests/affine_grid.py:243: &lt;py._xmlgen.raw object at 0x7f1dd52050b8&gt;</skipped></testcase><testcase classname="src.pymortests.affine_grid" file="src/pymortests/affine_grid.py" line="243" name="test_diameters_values[&lt;lambda&gt;20]" time="0.0008375644683837891"><skipped message="Suite splitting in effect" type="pytest.skip">src/pymortests/affine_grid.py:243: &lt;py._xmlgen.raw object at 0x7f1dd52055f8&gt;</skipped></testcase><testcase classname="src.pymortests.affine_grid" file="src/pymortests/affine_grid.py" line="243" name="test_diameters_values[&lt;lambda&gt;21]" time="0.0004677772521972656"><skipped message="Suite splitting in effect" type="pytest.skip">src/pymortests/affine_grid.py:243: &lt;py._xmlgen.raw object at 0x7f1e13d1f8d0&gt;</skipped></testcase><testcase classname="src.pymortests.affine_grid" file="src/pymortests/affine_grid.py" line="243" name="test_diameters_values[&lt;lambda&gt;22]" time="0.00047278404235839844"><skipped message="Suite splitting in effect" type="pytest.skip">src/pymortests/affine_grid.py:243: &lt;py._xmlgen.raw object at 0x7f1e13cbffd0&gt;</skipped></testcase><testcase classname="src.pymortests.affine_grid" file="src/pymortests/affine_grid.py" line="243" name="test_diameters_values[&lt;lambda&gt;23]" time="0.0005123615264892578"><skipped message="Suite splitting in effect" type="pytest.skip">src/pymortests/affine_grid.py:243: &lt;py._xmlgen.raw object at 0x7f1e13cafac8&gt;</skipped></testcase><testcase classname="src.pymortests.affine_grid" file="src/pymortests/affine_grid.py" line="243" name="test_diameters_values[&lt;lambda&gt;24]" time="0.0005228519439697266"><skipped message="Suite splitting in effect" type="pytest.skip">src/pymortests/affine_grid.py:243: &lt;py._xmlgen.raw object at 0x7f1dd526ee10&gt;</skipped></testcase><testcase classname="src.pymortests.affine_grid" file="src/pymortests/affine_grid.py" line="243" name="test_diameters_values[&lt;lambda&gt;25]" time="0.0005888938903808594"><skipped message="Suite splitting in effect" type="pytest.skip">src/pymortests/affine_grid.py:243: &lt;py._xmlgen.raw object at 0x7f1dd51fb080&gt;</skipped></testcase><testcase classname="src.pymortests.affine_grid" file="src/pymortests/affine_grid.py" line="243" name="test_diameters_values[&lt;lambda&gt;26]" time="0.0006113052368164062"><skipped message="Suite splitting in effect" type="pytest.skip">src/pymortests/affine_grid.py:243: &lt;py._xmlgen.raw object at 0x7f1dd51fb4e0&gt;</skipped></testcase><testcase classname="src.pymortests.affine_grid" file="src/pymortests/affine_grid.py" line="243" name="test_diameters_values[&lt;lambda&gt;27]" time="0.000514984130859375"><skipped message="Suite splitting in effect" type="pytest.skip">src/pymortests/affine_grid.py:243: &lt;py._xmlgen.raw object at 0x7f1dd5205278&gt;</skipped></testcase><testcase classname="src.pymortests.affine_grid" file="src/pymortests/affine_grid.py" line="243" name="test_diameters_values[&lt;lambda&gt;28]" time="0.0007734298706054688"><skipped message="Suite splitting in effect" type="pytest.skip">src/pymortests/affine_grid.py:243: &lt;py._xmlgen.raw object at 0x7f1dd5205c18&gt;</skipped></testcase><testcase classname="src.pymortests.affine_grid" file="src/pymortests/affine_grid.py" line="243" name="test_diameters_values[&lt;lambda&gt;29]" time="0.000476837158203125"><skipped message="Suite splitting in effect" type="pytest.skip">src/pymortests/affine_grid.py:243: &lt;py._xmlgen.raw object at 0x7f1dd51fbcf8&gt;</skipped></testcase><testcase classname="src.pymortests.affine_grid" file="src/pymortests/affine_grid.py" line="243" name="test_diameters_values[&lt;lambda&gt;30]" time="0.0005028247833251953"><skipped message="Suite splitting in effect" type="pytest.skip">src/pymortests/affine_grid.py:243: &lt;py._xmlgen.raw object at 0x7f1dd526edd8&gt;</skipped></testcase><testcase classname="src.pymortests.affine_grid" file="src/pymortests/affine_grid.py" line="243" name="test_diameters_values[&lt;lambda&gt;31]" time="0.0004477500915527344"><skipped message="Suite splitting in effect" type="pytest.skip">src/pymortests/affine_grid.py:243: &lt;py._xmlgen.raw object at 0x7f1e13cd5748&gt;</skipped></testcase><testcase classname="src.pymortests.affine_grid" file="src/pymortests/affine_grid.py" line="243" name="test_diameters_values[&lt;lambda&gt;32]" time="0.0004994869232177734"><skipped message="Suite splitting in effect" type="pytest.skip">src/pymortests/affine_grid.py:243: &lt;py._xmlgen.raw object at 0x7f1dd5257c18&gt;</skipped></testcase><testcase classname="src.pymortests.affine_grid" file="src/pymortests/affine_grid.py" line="243" name="test_diameters_values[&lt;lambda&gt;33]" time="0.0004999637603759766"><skipped message="Suite splitting in effect" type="pytest.skip">src/pymortests/affine_grid.py:243: &lt;py._xmlgen.raw object at 0x7f1dd525fa20&gt;</skipped></testcase><testcase classname="src.pymortests.affine_grid" file="src/pymortests/affine_grid.py" line="243" name="test_diameters_values[&lt;lambda&gt;34]" time="0.0005147457122802734"><skipped message="Suite splitting in effect" type="pytest.skip">src/pymortests/affine_grid.py:243: &lt;py._xmlgen.raw object at 0x7f1dd52050f0&gt;</skipped></testcase><testcase classname="src.pymortests.affine_grid" file="src/pymortests/affine_grid.py" line="243" name="test_diameters_values[&lt;lambda&gt;35]" time="0.0004248619079589844"><skipped message="Suite splitting in effect" type="pytest.skip">src/pymortests/affine_grid.py:243: &lt;py._xmlgen.raw object at 0x7f1dd5205470&gt;</skipped></testcase><testcase classname="src.pymortests.affine_grid" file="src/pymortests/affine_grid.py" line="243" name="test_diameters_values[&lt;lambda&gt;36]" time="0.0011162757873535156"><skipped message="Suite splitting in effect" type="pytest.skip">src/pymortests/affine_grid.py:243: &lt;py._xmlgen.raw object at 0x7f1dd520f278&gt;</skipped></testcase><testcase classname="src.pymortests.affine_grid" file="src/pymortests/affine_grid.py" line="243" name="test_diameters_values[&lt;lambda&gt;37]" time="0.0005166530609130859"><skipped message="Suite splitting in effect" type="pytest.skip">src/pymortests/affine_grid.py:243: &lt;py._xmlgen.raw object at 0x7f1dd5257ba8&gt;</skipped></testcase><testcase classname="src.pymortests.affine_grid" file="src/pymortests/affine_grid.py" line="243" name="test_diameters_values[&lt;lambda&gt;38]" time="0.0005078315734863281"><skipped message="Suite splitting in effect" type="pytest.skip">src/pymortests/affine_grid.py:243: &lt;py._xmlgen.raw object at 0x7f1e13cd5b38&gt;</skipped></testcase><testcase classname="src.pymortests.affine_grid" file="src/pymortests/affine_grid.py" line="243" name="test_diameters_values[&lt;lambda&gt;39]" time="0.00045943260192871094"><skipped message="Suite splitting in effect" type="pytest.skip">src/pymortests/affine_grid.py:243: &lt;py._xmlgen.raw object at 0x7f1dd5205dd8&gt;</skipped></testcase><testcase classname="src.pymortests.affine_grid" file="src/pymortests/affine_grid.py" line="243" name="test_diameters_values[&lt;lambda&gt;40]" time="0.0004985332489013672"><skipped message="Suite splitting in effect" type="pytest.skip">src/pymortests/affine_grid.py:243: &lt;py._xmlgen.raw object at 0x7f1dd52056d8&gt;</skipped></testcase><testcase classname="src.pymortests.affine_grid" file="src/pymortests/affine_grid.py" line="243" name="test_diameters_values[&lt;lambda&gt;41]" time="0.00046133995056152344"><skipped message="Suite splitting in effect" type="pytest.skip">src/pymortests/affine_grid.py:243: &lt;py._xmlgen.raw object at 0x7f1dd51fbcf8&gt;</skipped></testcase><testcase classname="src.pymortests.affine_grid" file="src/pymortests/affine_grid.py" line="243" name="test_diameters_values[&lt;lambda&gt;42]" time="0.0005869865417480469"><skipped message="Suite splitting in effect" type="pytest.skip">src/pymortests/affine_grid.py:243: &lt;py._xmlgen.raw object at 0x7f1dd51fb320&gt;</skipped></testcase><testcase classname="src.pymortests.affine_grid" file="src/pymortests/affine_grid.py" line="250" name="test_quadrature_points_wrong_arguments[&lt;lambda&gt;0]" time="0.0004794597625732422"><skipped message="Suite splitting in effect" type="pytest.skip">src/pymortests/affine_grid.py:250: &lt;py._xmlgen.raw object at 0x7f1dd526ed68&gt;</skipped></testcase><testcase classname="src.pymortests.affine_grid" file="src/pymortests/affine_grid.py" line="250" name="test_quadrature_points_wrong_arguments[&lt;lambda&gt;1]" time="0.00045990943908691406"><skipped message="Suite splitting in effect" type="pytest.skip">src/pymortests/affine_grid.py:250: &lt;py._xmlgen.raw object at 0x7f1dd525fb38&gt;</skipped></testcase><testcase classname="src.pymortests.affine_grid" file="src/pymortests/affine_grid.py" line="250" name="test_quadrature_points_wrong_arguments[&lt;lambda&gt;2]" time="0.0007715225219726562"><skipped message="Suite splitting in effect" type="pytest.skip">src/pymortests/affine_grid.py:250: &lt;py._xmlgen.raw object at 0x7f1dd526ed30&gt;</skipped></testcase><testcase classname="src.pymortests.affine_grid" file="src/pymortests/affine_grid.py" line="250" name="test_quadrature_points_wrong_arguments[&lt;lambda&gt;3]" time="0.0004639625549316406"><skipped message="Suite splitting in effect" type="pytest.skip">src/pymortests/affine_grid.py:250: &lt;py._xmlgen.raw object at 0x7f1dd51fb828&gt;</skipped></testcase><testcase classname="src.pymortests.affine_grid" file="src/pymortests/affine_grid.py" line="250" name="test_quadrature_points_wrong_arguments[&lt;lambda&gt;4]" time="0.0004410743713378906"><skipped message="Suite splitting in effect" type="pytest.skip">src/pymortests/affine_grid.py:250: &lt;py._xmlgen.raw object at 0x7f1dd51fbdd8&gt;</skipped></testcase><testcase classname="src.pymortests.affine_grid" file="src/pymortests/affine_grid.py" line="250" name="test_quadrature_points_wrong_arguments[&lt;lambda&gt;5]" time="0.0005033016204833984"><skipped message="Suite splitting in effect" type="pytest.skip">src/pymortests/affine_grid.py:250: &lt;py._xmlgen.raw object at 0x7f1dd5205470&gt;</skipped></testcase><testcase classname="src.pymortests.affine_grid" file="src/pymortests/affine_grid.py" line="250" name="test_quadrature_points_wrong_arguments[&lt;lambda&gt;6]" time="0.000469207763671875"><skipped message="Suite splitting in effect" type="pytest.skip">src/pymortests/affine_grid.py:250: &lt;py._xmlgen.raw object at 0x7f1e13cafac8&gt;</skipped></testcase><testcase classname="src.pymortests.affine_grid" file="src/pymortests/affine_grid.py" line="250" name="test_quadrature_points_wrong_arguments[&lt;lambda&gt;7]" time="0.00048470497131347656"><skipped message="Suite splitting in effect" type="pytest.skip">src/pymortests/affine_grid.py:250: &lt;py._xmlgen.raw object at 0x7f1e13ce5a20&gt;</skipped></testcase><testcase classname="src.pymortests.affine_grid" file="src/pymortests/affine_grid.py" line="250" name="test_quadrature_points_wrong_arguments[&lt;lambda&gt;8]" time="0.0004980564117431641"><skipped message="Suite splitting in effect" type="pytest.skip">src/pymortests/affine_grid.py:250: &lt;py._xmlgen.raw object at 0x7f1dd52577b8&gt;</skipped></testcase><testcase classname="src.pymortests.affine_grid" file="src/pymortests/affine_grid.py" line="250" name="test_quadrature_points_wrong_arguments[&lt;lambda&gt;9]" time="0.0004942417144775391"><skipped message="Suite splitting in effect" type="pytest.skip">src/pymortests/affine_grid.py:250: &lt;py._xmlgen.raw object at 0x7f1dd52b79b0&gt;</skipped></testcase><testcase classname="src.pymortests.affine_grid" file="src/pymortests/affine_grid.py" line="250" name="test_quadrature_points_wrong_arguments[&lt;lambda&gt;10]" time="0.0007679462432861328"><skipped message="Suite splitting in effect" type="pytest.skip">src/pymortests/affine_grid.py:250: &lt;py._xmlgen.raw object at 0x7f1dd5288b70&gt;</skipped></testcase><testcase classname="src.pymortests.affine_grid" file="src/pymortests/affine_grid.py" line="250" name="test_quadrature_points_wrong_arguments[&lt;lambda&gt;11]" time="0.0005447864532470703"><skipped message="Suite splitting in effect" type="pytest.skip">src/pymortests/affine_grid.py:250: &lt;py._xmlgen.raw object at 0x7f1dd52577b8&gt;</skipped></testcase><testcase classname="src.pymortests.affine_grid" file="src/pymortests/affine_grid.py" line="250" name="test_quadrature_points_wrong_arguments[&lt;lambda&gt;12]" time="0.0006327629089355469"><skipped message="Suite splitting in effect" type="pytest.skip">src/pymortests/affine_grid.py:250: &lt;py._xmlgen.raw object at 0x7f1e13caf0f0&gt;</skipped></testcase><testcase classname="src.pymortests.affine_grid" file="src/pymortests/affine_grid.py" line="250" name="test_quadrature_points_wrong_arguments[&lt;lambda&gt;13]" time="0.0004451274871826172"><skipped message="Suite splitting in effect" type="pytest.skip">src/pymortests/affine_grid.py:250: &lt;py._xmlgen.raw object at 0x7f1dd5205a58&gt;</skipped></testcase><testcase classname="src.pymortests.affine_grid" file="src/pymortests/affine_grid.py" line="250" name="test_quadrature_points_wrong_arguments[&lt;lambda&gt;14]" time="0.0004947185516357422"><skipped message="Suite splitting in effect" type="pytest.skip">src/pymortests/affine_grid.py:250: &lt;py._xmlgen.raw object at 0x7f1dd51fbb70&gt;</skipped></testcase><testcase classname="src.pymortests.affine_grid" file="src/pymortests/affine_grid.py" line="250" name="test_quadrature_points_wrong_arguments[&lt;lambda&gt;15]" time="0.0005345344543457031"><skipped message="Suite splitting in effect" type="pytest.skip">src/pymortests/affine_grid.py:250: &lt;py._xmlgen.raw object at 0x7f1e13c789b0&gt;</skipped></testcase><testcase classname="src.pymortests.affine_grid" file="src/pymortests/affine_grid.py" line="250" name="test_quadrature_points_wrong_arguments[&lt;lambda&gt;16]" time="0.0005633831024169922"><skipped message="Suite splitting in effect" type="pytest.skip">src/pymortests/affine_grid.py:250: &lt;py._xmlgen.raw object at 0x7f1dd526e0f0&gt;</skipped></testcase><testcase classname="src.pymortests.affine_grid" file="src/pymortests/affine_grid.py" line="250" name="test_quadrature_points_wrong_arguments[&lt;lambda&gt;17]" time="0.0007281303405761719"><skipped message="Suite splitting in effect" type="pytest.skip">src/pymortests/affine_grid.py:250: &lt;py._xmlgen.raw object at 0x7f1dd520f780&gt;</skipped></testcase><testcase classname="src.pymortests.affine_grid" file="src/pymortests/affine_grid.py" line="250" name="test_quadrature_points_wrong_arguments[&lt;lambda&gt;18]" time="0.0008716583251953125"><skipped message="Suite splitting in effect" type="pytest.skip">src/pymortests/affine_grid.py:250: &lt;py._xmlgen.raw object at 0x7f1dd520fcc0&gt;</skipped></testcase><testcase classname="src.pymortests.affine_grid" file="src/pymortests/affine_grid.py" line="250" name="test_quadrature_points_wrong_arguments[&lt;lambda&gt;19]" time="0.0004820823669433594"><skipped message="Suite splitting in effect" type="pytest.skip">src/pymortests/affine_grid.py:250: &lt;py._xmlgen.raw object at 0x7f1e13c78e48&gt;</skipped></testcase><testcase classname="src.pymortests.affine_grid" file="src/pymortests/affine_grid.py" line="250" name="test_quadrature_points_wrong_arguments[&lt;lambda&gt;20]" time="0.0004482269287109375"><skipped message="Suite splitting in effect" type="pytest.skip">src/pymortests/affine_grid.py:250: &lt;py._xmlgen.raw object at 0x7f1dd51fb048&gt;</skipped></testcase><testcase classname="src.pymortests.affine_grid" file="src/pymortests/affine_grid.py" line="250" name="test_quadrature_points_wrong_arguments[&lt;lambda&gt;21]" time="0.0004899501800537109"><skipped message="Suite splitting in effect" type="pytest.skip">src/pymortests/affine_grid.py:250: &lt;py._xmlgen.raw object at 0x7f1dd5205668&gt;</skipped></testcase><testcase classname="src.pymortests.affine_grid" file="src/pymortests/affine_grid.py" line="250" name="test_quadrature_points_wrong_arguments[&lt;lambda&gt;22]" time="0.0004417896270751953"><skipped message="Suite splitting in effect" type="pytest.skip">src/pymortests/affine_grid.py:250: &lt;py._xmlgen.raw object at 0x7f1e13cd54a8&gt;</skipped></testcase><testcase classname="src.pymortests.affine_grid" file="src/pymortests/affine_grid.py" line="250" name="test_quadrature_points_wrong_arguments[&lt;lambda&gt;23]" time="0.0004420280456542969"><skipped message="Suite splitting in effect" type="pytest.skip">src/pymortests/affine_grid.py:250: &lt;py._xmlgen.raw object at 0x7f1e13d1fb70&gt;</skipped></testcase><testcase classname="src.pymortests.affine_grid" file="src/pymortests/affine_grid.py" line="250" name="test_quadrature_points_wrong_arguments[&lt;lambda&gt;24]" time="0.00048279762268066406"><skipped message="Suite splitting in effect" type="pytest.skip">src/pymortests/affine_grid.py:250: &lt;py._xmlgen.raw object at 0x7f1dd520fa20&gt;</skipped></testcase><testcase classname="src.pymortests.affine_grid" file="src/pymortests/affine_grid.py" line="250" name="test_quadrature_points_wrong_arguments[&lt;lambda&gt;25]" time="0.0005488395690917969"><skipped message="Suite splitting in effect" type="pytest.skip">src/pymortests/affine_grid.py:250: &lt;py._xmlgen.raw object at 0x7f1dd520f080&gt;</skipped></testcase><testcase classname="src.pymortests.affine_grid" file="src/pymortests/affine_grid.py" line="250" name="test_quadrature_points_wrong_arguments[&lt;lambda&gt;26]" time="0.0008287429809570312"><skipped message="Suite splitting in effect" type="pytest.skip">src/pymortests/affine_grid.py:250: &lt;py._xmlgen.raw object at 0x7f1dd521b240&gt;</skipped></testcase><testcase classname="src.pymortests.affine_grid" file="src/pymortests/affine_grid.py" line="250" name="test_quadrature_points_wrong_arguments[&lt;lambda&gt;27]" time="0.00051116943359375"><skipped message="Suite splitting in effect" type="pytest.skip">src/pymortests/affine_grid.py:250: &lt;py._xmlgen.raw object at 0x7f1dd520f828&gt;</skipped></testcase><testcase classname="src.pymortests.affine_grid" file="src/pymortests/affine_grid.py" line="250" name="test_quadrature_points_wrong_arguments[&lt;lambda&gt;28]" time="0.000499725341796875"><skipped message="Suite splitting in effect" type="pytest.skip">src/pymortests/affine_grid.py:250: &lt;py._xmlgen.raw object at 0x7f1dd524af60&gt;</skipped></testcase><testcase classname="src.pymortests.affine_grid" file="src/pymortests/affine_grid.py" line="250" name="test_quadrature_points_wrong_arguments[&lt;lambda&gt;29]" time="0.0004439353942871094"><skipped message="Suite splitting in effect" type="pytest.skip">src/pymortests/affine_grid.py:250: &lt;py._xmlgen.raw object at 0x7f1e13cd52b0&gt;</skipped></testcase><testcase classname="src.pymortests.affine_grid" file="src/pymortests/affine_grid.py" line="250" name="test_quadrature_points_wrong_arguments[&lt;lambda&gt;30]" time="0.0004608631134033203"><skipped message="Suite splitting in effect" type="pytest.skip">src/pymortests/affine_grid.py:250: &lt;py._xmlgen.raw object at 0x7f1dd52054a8&gt;</skipped></testcase><testcase classname="src.pymortests.affine_grid" file="src/pymortests/affine_grid.py" line="250" name="test_quadrature_points_wrong_arguments[&lt;lambda&gt;31]" time="0.00046443939208984375"><skipped message="Suite splitting in effect" type="pytest.skip">src/pymortests/affine_grid.py:250: &lt;py._xmlgen.raw object at 0x7f1dd51fbe48&gt;</skipped></testcase><testcase classname="src.pymortests.affine_grid" file="src/pymortests/affine_grid.py" line="250" name="test_quadrature_points_wrong_arguments[&lt;lambda&gt;32]" time="0.00043129920959472656"><skipped message="Suite splitting in effect" type="pytest.skip">src/pymortests/affine_grid.py:250: &lt;py._xmlgen.raw object at 0x7f1e13c78e48&gt;</skipped></testcase><testcase classname="src.pymortests.affine_grid" file="src/pymortests/affine_grid.py" line="250" name="test_quadrature_points_wrong_arguments[&lt;lambda&gt;33]" time="0.00046253204345703125"><skipped message="Suite splitting in effect" type="pytest.skip">src/pymortests/affine_grid.py:250: &lt;py._xmlgen.raw object at 0x7f1dd521b0f0&gt;</skipped></testcase><testcase classname="src.pymortests.affine_grid" file="src/pymortests/affine_grid.py" line="250" name="test_quadrature_points_wrong_arguments[&lt;lambda&gt;34]" time="0.0007276535034179688"><skipped message="Suite splitting in effect" type="pytest.skip">src/pymortests/affine_grid.py:250: &lt;py._xmlgen.raw object at 0x7f1dd521b860&gt;</skipped></testcase><testcase classname="src.pymortests.affine_grid" file="src/pymortests/affine_grid.py" line="250" name="test_quadrature_points_wrong_arguments[&lt;lambda&gt;35]" time="0.0004665851593017578"><skipped message="Suite splitting in effect" type="pytest.skip">src/pymortests/affine_grid.py:250: &lt;py._xmlgen.raw object at 0x7f1dd51fbfd0&gt;</skipped></testcase><testcase classname="src.pymortests.affine_grid" file="src/pymortests/affine_grid.py" line="250" name="test_quadrature_points_wrong_arguments[&lt;lambda&gt;36]" time="0.0004475116729736328"><skipped message="Suite splitting in effect" type="pytest.skip">src/pymortests/affine_grid.py:250: &lt;py._xmlgen.raw object at 0x7f1e13c87128&gt;</skipped></testcase><testcase classname="src.pymortests.affine_grid" file="src/pymortests/affine_grid.py" line="250" name="test_quadrature_points_wrong_arguments[&lt;lambda&gt;37]" time="0.0004870891571044922"><skipped message="Suite splitting in effect" type="pytest.skip">src/pymortests/affine_grid.py:250: &lt;py._xmlgen.raw object at 0x7f1e13d2e400&gt;</skipped></testcase><testcase classname="src.pymortests.affine_grid" file="src/pymortests/affine_grid.py" line="250" name="test_quadrature_points_wrong_arguments[&lt;lambda&gt;38]" time="0.0004858970642089844"><skipped message="Suite splitting in effect" type="pytest.skip">src/pymortests/affine_grid.py:250: &lt;py._xmlgen.raw object at 0x7f1e13ce5550&gt;</skipped></testcase><testcase classname="src.pymortests.affine_grid" file="src/pymortests/affine_grid.py" line="250" name="test_quadrature_points_wrong_arguments[&lt;lambda&gt;39]" time="0.0004963874816894531"><skipped message="Suite splitting in effect" type="pytest.skip">src/pymortests/affine_grid.py:250: &lt;py._xmlgen.raw object at 0x7f1dd520f4e0&gt;</skipped></testcase><testcase classname="src.pymortests.affine_grid" file="src/pymortests/affine_grid.py" line="250" name="test_quadrature_points_wrong_arguments[&lt;lambda&gt;40]" time="0.0005080699920654297"><skipped message="Suite splitting in effect" type="pytest.skip">src/pymortests/affine_grid.py:250: &lt;py._xmlgen.raw object at 0x7f1dd521b908&gt;</skipped></testcase><testcase classname="src.pymortests.affine_grid" file="src/pymortests/affine_grid.py" line="250" name="test_quadrature_points_wrong_arguments[&lt;lambda&gt;41]" time="0.0005369186401367188"><skipped message="Suite splitting in effect" type="pytest.skip">src/pymortests/affine_grid.py:250: &lt;py._xmlgen.raw object at 0x7f1dd521b358&gt;</skipped></testcase><testcase classname="src.pymortests.affine_grid" file="src/pymortests/affine_grid.py" line="250" name="test_quadrature_points_wrong_arguments[&lt;lambda&gt;42]" time="0.0012140274047851562"><skipped message="Suite splitting in effect" type="pytest.skip">src/pymortests/affine_grid.py:250: &lt;py._xmlgen.raw object at 0x7f1dd521be80&gt;</skipped></testcase><testcase classname="src.pymortests.affine_grid" file="src/pymortests/affine_grid.py" line="265" name="test_quadrature_points_shape[&lt;lambda&gt;0]" time="0.0004482269287109375"><skipped message="Suite splitting in effect" type="pytest.skip">src/pymortests/affine_grid.py:265: &lt;py._xmlgen.raw object at 0x7f1dd521b390&gt;</skipped></testcase><testcase classname="src.pymortests.affine_grid" file="src/pymortests/affine_grid.py" line="265" name="test_quadrature_points_shape[&lt;lambda&gt;1]" time="0.0005805492401123047"><skipped message="Suite splitting in effect" type="pytest.skip">src/pymortests/affine_grid.py:265: &lt;py._xmlgen.raw object at 0x7f1e13d1f8d0&gt;</skipped></testcase><testcase classname="src.pymortests.affine_grid" file="src/pymortests/affine_grid.py" line="265" name="test_quadrature_points_shape[&lt;lambda&gt;2]" time="0.00046896934509277344"><skipped message="Suite splitting in effect" type="pytest.skip">src/pymortests/affine_grid.py:265: &lt;py._xmlgen.raw object at 0x7f1dd520fb00&gt;</skipped></testcase><testcase classname="src.pymortests.affine_grid" file="src/pymortests/affine_grid.py" line="265" name="test_quadrature_points_shape[&lt;lambda&gt;3]" time="0.0005478858947753906"><skipped message="Suite splitting in effect" type="pytest.skip">src/pymortests/affine_grid.py:265: &lt;py._xmlgen.raw object at 0x7f1e13cfb3c8&gt;</skipped></testcase><testcase classname="src.pymortests.affine_grid" file="src/pymortests/affine_grid.py" line="265" name="test_quadrature_points_shape[&lt;lambda&gt;4]" time="0.0006120204925537109"><skipped message="Suite splitting in effect" type="pytest.skip">src/pymortests/affine_grid.py:265: &lt;py._xmlgen.raw object at 0x7f1dd5205780&gt;</skipped></testcase><testcase classname="src.pymortests.affine_grid" file="src/pymortests/affine_grid.py" line="265" name="test_quadrature_points_shape[&lt;lambda&gt;5]" time="0.0005719661712646484"><skipped message="Suite splitting in effect" type="pytest.skip">src/pymortests/affine_grid.py:265: &lt;py._xmlgen.raw object at 0x7f1e13c78860&gt;</skipped></testcase><testcase classname="src.pymortests.affine_grid" file="src/pymortests/affine_grid.py" line="265" name="test_quadrature_points_shape[&lt;lambda&gt;6]" time="0.00047850608825683594"><skipped message="Suite splitting in effect" type="pytest.skip">src/pymortests/affine_grid.py:265: &lt;py._xmlgen.raw object at 0x7f1dd526e1d0&gt;</skipped></testcase><testcase classname="src.pymortests.affine_grid" file="src/pymortests/affine_grid.py" line="265" name="test_quadrature_points_shape[&lt;lambda&gt;7]" time="0.0007314682006835938"><skipped message="Suite splitting in effect" type="pytest.skip">src/pymortests/affine_grid.py:265: &lt;py._xmlgen.raw object at 0x7f1dd52294e0&gt;</skipped></testcase><testcase classname="src.pymortests.affine_grid" file="src/pymortests/affine_grid.py" line="265" name="test_quadrature_points_shape[&lt;lambda&gt;8]" time="0.0004680156707763672"><skipped message="Suite splitting in effect" type="pytest.skip">src/pymortests/affine_grid.py:265: &lt;py._xmlgen.raw object at 0x7f1e13c87128&gt;</skipped></testcase><testcase classname="src.pymortests.affine_grid" file="src/pymortests/affine_grid.py" line="265" name="test_quadrature_points_shape[&lt;lambda&gt;9]" time="0.0005233287811279297"><skipped message="Suite splitting in effect" type="pytest.skip">src/pymortests/affine_grid.py:265: &lt;py._xmlgen.raw object at 0x7f1dd5205cf8&gt;</skipped></testcase><testcase classname="src.pymortests.affine_grid" file="src/pymortests/affine_grid.py" line="265" name="test_quadrature_points_shape[&lt;lambda&gt;10]" time="0.0005047321319580078"><skipped message="Suite splitting in effect" type="pytest.skip">src/pymortests/affine_grid.py:265: &lt;py._xmlgen.raw object at 0x7f1dd5257eb8&gt;</skipped></testcase><testcase classname="src.pymortests.affine_grid" file="src/pymortests/affine_grid.py" line="265" name="test_quadrature_points_shape[&lt;lambda&gt;11]" time="0.00044536590576171875"><skipped message="Suite splitting in effect" type="pytest.skip">src/pymortests/affine_grid.py:265: &lt;py._xmlgen.raw object at 0x7f1dd520fef0&gt;</skipped></testcase><testcase classname="src.pymortests.affine_grid" file="src/pymortests/affine_grid.py" line="265" name="test_quadrature_points_shape[&lt;lambda&gt;12]" time="0.0004975795745849609"><skipped message="Suite splitting in effect" type="pytest.skip">src/pymortests/affine_grid.py:265: &lt;py._xmlgen.raw object at 0x7f1dd521b4e0&gt;</skipped></testcase><testcase classname="src.pymortests.affine_grid" file="src/pymortests/affine_grid.py" line="265" name="test_quadrature_points_shape[&lt;lambda&gt;13]" time="0.00046181678771972656"><skipped message="Suite splitting in effect" type="pytest.skip">src/pymortests/affine_grid.py:265: &lt;py._xmlgen.raw object at 0x7f1dd521bcc0&gt;</skipped></testcase><testcase classname="src.pymortests.affine_grid" file="src/pymortests/affine_grid.py" line="265" name="test_quadrature_points_shape[&lt;lambda&gt;14]" time="0.0004673004150390625"><skipped message="Suite splitting in effect" type="pytest.skip">src/pymortests/affine_grid.py:265: &lt;py._xmlgen.raw object at 0x7f1dd52293c8&gt;</skipped></testcase><testcase classname="src.pymortests.affine_grid" file="src/pymortests/affine_grid.py" line="265" name="test_quadrature_points_shape[&lt;lambda&gt;15]" time="0.0007660388946533203"><skipped message="Suite splitting in effect" type="pytest.skip">src/pymortests/affine_grid.py:265: &lt;py._xmlgen.raw object at 0x7f1dd5229b00&gt;</skipped></testcase><testcase classname="src.pymortests.affine_grid" file="src/pymortests/affine_grid.py" line="265" name="test_quadrature_points_shape[&lt;lambda&gt;16]" time="0.00045180320739746094"><skipped message="Suite splitting in effect" type="pytest.skip">src/pymortests/affine_grid.py:265: &lt;py._xmlgen.raw object at 0x7f1dd521bb38&gt;</skipped></testcase><testcase classname="src.pymortests.affine_grid" file="src/pymortests/affine_grid.py" line="265" name="test_quadrature_points_shape[&lt;lambda&gt;17]" time="0.00043582916259765625"><skipped message="Suite splitting in effect" type="pytest.skip">src/pymortests/affine_grid.py:265: &lt;py._xmlgen.raw object at 0x7f1dd520fa20&gt;</skipped></testcase><testcase classname="src.pymortests.affine_grid" file="src/pymortests/affine_grid.py" line="265" name="test_quadrature_points_shape[&lt;lambda&gt;18]" time="0.0004513263702392578"><skipped message="Suite splitting in effect" type="pytest.skip">src/pymortests/affine_grid.py:265: &lt;py._xmlgen.raw object at 0x7f1e13cfb3c8&gt;</skipped></testcase><testcase classname="src.pymortests.affine_grid" file="src/pymortests/affine_grid.py" line="265" name="test_quadrature_points_shape[&lt;lambda&gt;19]" time="0.0005848407745361328"><skipped message="Suite splitting in effect" type="pytest.skip">src/pymortests/affine_grid.py:265: &lt;py._xmlgen.raw object at 0x7f1e13c87f98&gt;</skipped></testcase><testcase classname="src.pymortests.affine_grid" file="src/pymortests/affine_grid.py" line="265" name="test_quadrature_points_shape[&lt;lambda&gt;20]" time="0.0005128383636474609"><skipped message="Suite splitting in effect" type="pytest.skip">src/pymortests/affine_grid.py:265: &lt;py._xmlgen.raw object at 0x7f1e13c2e588&gt;</skipped></testcase><testcase classname="src.pymortests.affine_grid" file="src/pymortests/affine_grid.py" line="265" name="test_quadrature_points_shape[&lt;lambda&gt;21]" time="0.0005257129669189453"><skipped message="Suite splitting in effect" type="pytest.skip">src/pymortests/affine_grid.py:265: &lt;py._xmlgen.raw object at 0x7f1dd52297f0&gt;</skipped></testcase><testcase classname="src.pymortests.affine_grid" file="src/pymortests/affine_grid.py" line="265" name="test_quadrature_points_shape[&lt;lambda&gt;22]" time="0.0005199909210205078"><skipped message="Suite splitting in effect" type="pytest.skip">src/pymortests/affine_grid.py:265: &lt;py._xmlgen.raw object at 0x7f1dd5229198&gt;</skipped></testcase><testcase classname="src.pymortests.affine_grid" file="src/pymortests/affine_grid.py" line="265" name="test_quadrature_points_shape[&lt;lambda&gt;23]" time="0.0007708072662353516"><skipped message="Suite splitting in effect" type="pytest.skip">src/pymortests/affine_grid.py:265: &lt;py._xmlgen.raw object at 0x7f1dd5232160&gt;</skipped></testcase><testcase classname="src.pymortests.affine_grid" file="src/pymortests/affine_grid.py" line="265" name="test_quadrature_points_shape[&lt;lambda&gt;24]" time="0.0005168914794921875"><skipped message="Suite splitting in effect" type="pytest.skip">src/pymortests/affine_grid.py:265: &lt;py._xmlgen.raw object at 0x7f1dd5229860&gt;</skipped></testcase><testcase classname="src.pymortests.affine_grid" file="src/pymortests/affine_grid.py" line="265" name="test_quadrature_points_shape[&lt;lambda&gt;25]" time="0.0004932880401611328"><skipped message="Suite splitting in effect" type="pytest.skip">src/pymortests/affine_grid.py:265: &lt;py._xmlgen.raw object at 0x7f1dd5241cc0&gt;</skipped></testcase><testcase classname="src.pymortests.affine_grid" file="src/pymortests/affine_grid.py" line="265" name="test_quadrature_points_shape[&lt;lambda&gt;26]" time="0.0004782676696777344"><skipped message="Suite splitting in effect" type="pytest.skip">src/pymortests/affine_grid.py:265: &lt;py._xmlgen.raw object at 0x7f1e13c2e630&gt;</skipped></testcase><testcase classname="src.pymortests.affine_grid" file="src/pymortests/affine_grid.py" line="265" name="test_quadrature_points_shape[&lt;lambda&gt;27]" time="0.0005092620849609375"><skipped message="Suite splitting in effect" type="pytest.skip">src/pymortests/affine_grid.py:265: &lt;py._xmlgen.raw object at 0x7f1e13c87710&gt;</skipped></testcase><testcase classname="src.pymortests.affine_grid" file="src/pymortests/affine_grid.py" line="265" name="test_quadrature_points_shape[&lt;lambda&gt;28]" time="0.0004544258117675781"><skipped message="Suite splitting in effect" type="pytest.skip">src/pymortests/affine_grid.py:265: &lt;py._xmlgen.raw object at 0x7f1dd520f8d0&gt;</skipped></testcase><testcase classname="src.pymortests.affine_grid" file="src/pymortests/affine_grid.py" line="265" name="test_quadrature_points_shape[&lt;lambda&gt;29]" time="0.0004956722259521484"><skipped message="Suite splitting in effect" type="pytest.skip">src/pymortests/affine_grid.py:265: &lt;py._xmlgen.raw object at 0x7f1dd521b668&gt;</skipped></testcase><testcase classname="src.pymortests.affine_grid" file="src/pymortests/affine_grid.py" line="265" name="test_quadrature_points_shape[&lt;lambda&gt;30]" time="0.0004596710205078125"><skipped message="Suite splitting in effect" type="pytest.skip">src/pymortests/affine_grid.py:265: &lt;py._xmlgen.raw object at 0x7f1dd52321d0&gt;</skipped></testcase><testcase classname="src.pymortests.affine_grid" file="src/pymortests/affine_grid.py" line="265" name="test_quadrature_points_shape[&lt;lambda&gt;31]" time="0.0007441043853759766"><skipped message="Suite splitting in effect" type="pytest.skip">src/pymortests/affine_grid.py:265: &lt;py._xmlgen.raw object at 0x7f1dd5232780&gt;</skipped></testcase><testcase classname="src.pymortests.affine_grid" file="src/pymortests/affine_grid.py" line="265" name="test_quadrature_points_shape[&lt;lambda&gt;32]" time="0.0004482269287109375"><skipped message="Suite splitting in effect" type="pytest.skip">src/pymortests/affine_grid.py:265: &lt;py._xmlgen.raw object at 0x7f1dd521bf98&gt;</skipped></testcase><testcase classname="src.pymortests.affine_grid" file="src/pymortests/affine_grid.py" line="265" name="test_quadrature_points_shape[&lt;lambda&gt;33]" time="0.0005540847778320312"><skipped message="Suite splitting in effect" type="pytest.skip">src/pymortests/affine_grid.py:265: &lt;py._xmlgen.raw object at 0x7f1dd520f8d0&gt;</skipped></testcase><testcase classname="src.pymortests.affine_grid" file="src/pymortests/affine_grid.py" line="265" name="test_quadrature_points_shape[&lt;lambda&gt;34]" time="0.0005249977111816406"><skipped message="Suite splitting in effect" type="pytest.skip">src/pymortests/affine_grid.py:265: &lt;py._xmlgen.raw object at 0x7f1dd5205780&gt;</skipped></testcase><testcase classname="src.pymortests.affine_grid" file="src/pymortests/affine_grid.py" line="265" name="test_quadrature_points_shape[&lt;lambda&gt;35]" time="0.0005991458892822266"><skipped message="Suite splitting in effect" type="pytest.skip">src/pymortests/affine_grid.py:265: &lt;py._xmlgen.raw object at 0x7f1e13c2e390&gt;</skipped></testcase><testcase classname="src.pymortests.affine_grid" file="src/pymortests/affine_grid.py" line="265" name="test_quadrature_points_shape[&lt;lambda&gt;36]" time="0.00045490264892578125"><skipped message="Suite splitting in effect" type="pytest.skip">src/pymortests/affine_grid.py:265: &lt;py._xmlgen.raw object at 0x7f1dd52296d8&gt;</skipped></testcase><testcase classname="src.pymortests.affine_grid" file="src/pymortests/affine_grid.py" line="265" name="test_quadrature_points_shape[&lt;lambda&gt;37]" time="0.0005030632019042969"><skipped message="Suite splitting in effect" type="pytest.skip">src/pymortests/affine_grid.py:265: &lt;py._xmlgen.raw object at 0x7f1dd51fbe48&gt;</skipped></testcase><testcase classname="src.pymortests.affine_grid" file="src/pymortests/affine_grid.py" line="265" name="test_quadrature_points_shape[&lt;lambda&gt;38]" time="0.0005104541778564453"><skipped message="Suite splitting in effect" type="pytest.skip">src/pymortests/affine_grid.py:265: &lt;py._xmlgen.raw object at 0x7f1dd52322b0&gt;</skipped></testcase><testcase classname="src.pymortests.affine_grid" file="src/pymortests/affine_grid.py" line="265" name="test_quadrature_points_shape[&lt;lambda&gt;39]" time="0.0007450580596923828"><skipped message="Suite splitting in effect" type="pytest.skip">src/pymortests/affine_grid.py:265: &lt;py._xmlgen.raw object at 0x7f1dd5232da0&gt;</skipped></testcase><testcase classname="src.pymortests.affine_grid" file="src/pymortests/affine_grid.py" line="265" name="test_quadrature_points_shape[&lt;lambda&gt;40]" time="0.0004961490631103516"><skipped message="Suite splitting in effect" type="pytest.skip">src/pymortests/affine_grid.py:265: &lt;py._xmlgen.raw object at 0x7f1dd52295f8&gt;</skipped></testcase><testcase classname="src.pymortests.affine_grid" file="src/pymortests/affine_grid.py" line="265" name="test_quadrature_points_shape[&lt;lambda&gt;41]" time="0.0004718303680419922"><skipped message="Suite splitting in effect" type="pytest.skip">src/pymortests/affine_grid.py:265: &lt;py._xmlgen.raw object at 0x7f1e13c2e588&gt;</skipped></testcase><testcase classname="src.pymortests.affine_grid" file="src/pymortests/affine_grid.py" line="265" name="test_quadrature_points_shape[&lt;lambda&gt;42]" time="0.000457763671875"><skipped message="Suite splitting in effect" type="pytest.skip">src/pymortests/affine_grid.py:265: &lt;py._xmlgen.raw object at 0x7f1dd5205470&gt;</skipped></testcase><testcase classname="src.pymortests.affine_grid" file="src/pymortests/affine_grid.py" line="275" name="test_quadrature_points_values[&lt;lambda&gt;0]" time="0.0004961490631103516"><skipped message="Suite splitting in effect" type="pytest.skip">src/pymortests/affine_grid.py:275: &lt;py._xmlgen.raw object at 0x7f1dd52577b8&gt;</skipped></testcase><testcase classname="src.pymortests.affine_grid" file="src/pymortests/affine_grid.py" line="275" name="test_quadrature_points_values[&lt;lambda&gt;1]" time="0.0004763603210449219"><skipped message="Suite splitting in effect" type="pytest.skip">src/pymortests/affine_grid.py:275: &lt;py._xmlgen.raw object at 0x7f1e13c3f630&gt;</skipped></testcase><testcase classname="src.pymortests.affine_grid" file="src/pymortests/affine_grid.py" line="275" name="test_quadrature_points_values[&lt;lambda&gt;2]" time="0.0004942417144775391"><skipped message="Suite splitting in effect" type="pytest.skip">src/pymortests/affine_grid.py:275: &lt;py._xmlgen.raw object at 0x7f1dd52321d0&gt;</skipped></testcase><testcase classname="src.pymortests.affine_grid" file="src/pymortests/affine_grid.py" line="275" name="test_quadrature_points_values[&lt;lambda&gt;3]" time="0.0005156993865966797"><skipped message="Suite splitting in effect" type="pytest.skip">src/pymortests/affine_grid.py:275: &lt;py._xmlgen.raw object at 0x7f1dd5232630&gt;</skipped></testcase><testcase classname="src.pymortests.affine_grid" file="src/pymortests/affine_grid.py" line="275" name="test_quadrature_points_values[&lt;lambda&gt;4]" time="0.0010311603546142578"><skipped message="Suite splitting in effect" type="pytest.skip">src/pymortests/affine_grid.py:275: &lt;py._xmlgen.raw object at 0x7f1dd4c3d400&gt;</skipped></testcase><testcase classname="src.pymortests.affine_grid" file="src/pymortests/affine_grid.py" line="275" name="test_quadrature_points_values[&lt;lambda&gt;5]" time="0.00048232078552246094"><skipped message="Suite splitting in effect" type="pytest.skip">src/pymortests/affine_grid.py:275: &lt;py._xmlgen.raw object at 0x7f1e13c87128&gt;</skipped></testcase><testcase classname="src.pymortests.affine_grid" file="src/pymortests/affine_grid.py" line="275" name="test_quadrature_points_values[&lt;lambda&gt;6]" time="0.00048613548278808594"><skipped message="Suite splitting in effect" type="pytest.skip">src/pymortests/affine_grid.py:275: &lt;py._xmlgen.raw object at 0x7f1e13c2e978&gt;</skipped></testcase><testcase classname="src.pymortests.affine_grid" file="src/pymortests/affine_grid.py" line="275" name="test_quadrature_points_values[&lt;lambda&gt;7]" time="0.0004894733428955078"><skipped message="Suite splitting in effect" type="pytest.skip">src/pymortests/affine_grid.py:275: &lt;py._xmlgen.raw object at 0x7f1dd5232908&gt;</skipped></testcase><testcase classname="src.pymortests.affine_grid" file="src/pymortests/affine_grid.py" line="275" name="test_quadrature_points_values[&lt;lambda&gt;8]" time="0.0005960464477539062"><skipped message="Suite splitting in effect" type="pytest.skip">src/pymortests/affine_grid.py:275: &lt;py._xmlgen.raw object at 0x7f1dd5232da0&gt;</skipped></testcase><testcase classname="src.pymortests.affine_grid" file="src/pymortests/affine_grid.py" line="275" name="test_quadrature_points_values[&lt;lambda&gt;9]" time="0.00047659873962402344"><skipped message="Suite splitting in effect" type="pytest.skip">src/pymortests/affine_grid.py:275: &lt;py._xmlgen.raw object at 0x7f1dd5229588&gt;</skipped></testcase><testcase classname="src.pymortests.affine_grid" file="src/pymortests/affine_grid.py" line="275" name="test_quadrature_points_values[&lt;lambda&gt;10]" time="0.0004699230194091797"><skipped message="Suite splitting in effect" type="pytest.skip">src/pymortests/affine_grid.py:275: &lt;py._xmlgen.raw object at 0x7f1dd529da90&gt;</skipped></testcase><testcase classname="src.pymortests.affine_grid" file="src/pymortests/affine_grid.py" line="275" name="test_quadrature_points_values[&lt;lambda&gt;11]" time="0.0004150867462158203"><skipped message="Suite splitting in effect" type="pytest.skip">src/pymortests/affine_grid.py:275: &lt;py._xmlgen.raw object at 0x7f1dd521b278&gt;</skipped></testcase><testcase classname="src.pymortests.affine_grid" file="src/pymortests/affine_grid.py" line="275" name="test_quadrature_points_values[&lt;lambda&gt;12]" time="0.0005125999450683594"><skipped message="Suite splitting in effect" type="pytest.skip">src/pymortests/affine_grid.py:275: &lt;py._xmlgen.raw object at 0x7f1dd520f320&gt;</skipped></testcase><testcase classname="src.pymortests.affine_grid" file="src/pymortests/affine_grid.py" line="275" name="test_quadrature_points_values[&lt;lambda&gt;13]" time="0.000759124755859375"><skipped message="Suite splitting in effect" type="pytest.skip">src/pymortests/affine_grid.py:275: &lt;py._xmlgen.raw object at 0x7f1dd520fa20&gt;</skipped></testcase><testcase classname="src.pymortests.affine_grid" file="src/pymortests/affine_grid.py" line="275" name="test_quadrature_points_values[&lt;lambda&gt;14]" time="0.00042629241943359375"><skipped message="Suite splitting in effect" type="pytest.skip">src/pymortests/affine_grid.py:275: &lt;py._xmlgen.raw object at 0x7f1e13c98fd0&gt;</skipped></testcase><testcase classname="src.pymortests.affine_grid" file="src/pymortests/affine_grid.py" line="275" name="test_quadrature_points_values[&lt;lambda&gt;15]" time="0.0004291534423828125"><skipped message="Suite splitting in effect" type="pytest.skip">src/pymortests/affine_grid.py:275: &lt;py._xmlgen.raw object at 0x7f1dd52297b8&gt;</skipped></testcase><testcase classname="src.pymortests.affine_grid" file="src/pymortests/affine_grid.py" line="275" name="test_quadrature_points_values[&lt;lambda&gt;16]" time="0.0004508495330810547"><skipped message="Suite splitting in effect" type="pytest.skip">src/pymortests/affine_grid.py:275: &lt;py._xmlgen.raw object at 0x7f1dd5232898&gt;</skipped></testcase><testcase classname="src.pymortests.affine_grid" file="src/pymortests/affine_grid.py" line="275" name="test_quadrature_points_values[&lt;lambda&gt;17]" time="0.0004322528839111328"><skipped message="Suite splitting in effect" type="pytest.skip">src/pymortests/affine_grid.py:275: &lt;py._xmlgen.raw object at 0x7f1dd5205668&gt;</skipped></testcase><testcase classname="src.pymortests.affine_grid" file="src/pymortests/affine_grid.py" line="275" name="test_quadrature_points_values[&lt;lambda&gt;18]" time="0.00043129920959472656"><skipped message="Suite splitting in effect" type="pytest.skip">src/pymortests/affine_grid.py:275: &lt;py._xmlgen.raw object at 0x7f1dd52577b8&gt;</skipped></testcase><testcase classname="src.pymortests.affine_grid" file="src/pymortests/affine_grid.py" line="275" name="test_quadrature_points_values[&lt;lambda&gt;19]" time="0.0004374980926513672"><skipped message="Suite splitting in effect" type="pytest.skip">src/pymortests/affine_grid.py:275: &lt;py._xmlgen.raw object at 0x7f1e13c3f240&gt;</skipped></testcase><testcase classname="src.pymortests.affine_grid" file="src/pymortests/affine_grid.py" line="275" name="test_quadrature_points_values[&lt;lambda&gt;20]" time="0.00043320655822753906"><skipped message="Suite splitting in effect" type="pytest.skip">src/pymortests/affine_grid.py:275: &lt;py._xmlgen.raw object at 0x7f1e04c8fc50&gt;</skipped></testcase><testcase classname="src.pymortests.affine_grid" file="src/pymortests/affine_grid.py" line="275" name="test_quadrature_points_values[&lt;lambda&gt;21]" time="0.0007715225219726562"><skipped message="Suite splitting in effect" type="pytest.skip">src/pymortests/affine_grid.py:275: &lt;py._xmlgen.raw object at 0x7f1dd52b7b00&gt;</skipped></testcase><testcase classname="src.pymortests.affine_grid" file="src/pymortests/affine_grid.py" line="275" name="test_quadrature_points_values[&lt;lambda&gt;22]" time="0.00044035911560058594"><skipped message="Suite splitting in effect" type="pytest.skip">src/pymortests/affine_grid.py:275: &lt;py._xmlgen.raw object at 0x7f1e13c51898&gt;</skipped></testcase><testcase classname="src.pymortests.affine_grid" file="src/pymortests/affine_grid.py" line="275" name="test_quadrature_points_values[&lt;lambda&gt;23]" time="0.0004851818084716797"><skipped message="Suite splitting in effect" type="pytest.skip">src/pymortests/affine_grid.py:275: &lt;py._xmlgen.raw object at 0x7f1e13c87cf8&gt;</skipped></testcase><testcase classname="src.pymortests.affine_grid" file="src/pymortests/affine_grid.py" line="275" name="test_quadrature_points_values[&lt;lambda&gt;24]" time="0.0004661083221435547"><skipped message="Suite splitting in effect" type="pytest.skip">src/pymortests/affine_grid.py:275: &lt;py._xmlgen.raw object at 0x7f1dd52325f8&gt;</skipped></testcase><testcase classname="src.pymortests.affine_grid" file="src/pymortests/affine_grid.py" line="275" name="test_quadrature_points_values[&lt;lambda&gt;25]" time="0.0004258155822753906"><skipped message="Suite splitting in effect" type="pytest.skip">src/pymortests/affine_grid.py:275: &lt;py._xmlgen.raw object at 0x7f1dd5229be0&gt;</skipped></testcase><testcase classname="src.pymortests.affine_grid" file="src/pymortests/affine_grid.py" line="275" name="test_quadrature_points_values[&lt;lambda&gt;26]" time="0.0004489421844482422"><skipped message="Suite splitting in effect" type="pytest.skip">src/pymortests/affine_grid.py:275: &lt;py._xmlgen.raw object at 0x7f1e13c98eb8&gt;</skipped></testcase><testcase classname="src.pymortests.affine_grid" file="src/pymortests/affine_grid.py" line="275" name="test_quadrature_points_values[&lt;lambda&gt;27]" time="0.00045490264892578125"><skipped message="Suite splitting in effect" type="pytest.skip">src/pymortests/affine_grid.py:275: &lt;py._xmlgen.raw object at 0x7f1dd520f4e0&gt;</skipped></testcase><testcase classname="src.pymortests.affine_grid" file="src/pymortests/affine_grid.py" line="275" name="test_quadrature_points_values[&lt;lambda&gt;28]" time="0.0004782676696777344"><skipped message="Suite splitting in effect" type="pytest.skip">src/pymortests/affine_grid.py:275: &lt;py._xmlgen.raw object at 0x7f1dd4c3d908&gt;</skipped></testcase><testcase classname="src.pymortests.affine_grid" file="src/pymortests/affine_grid.py" line="275" name="test_quadrature_points_values[&lt;lambda&gt;29]" time="0.0013227462768554688"><skipped message="Suite splitting in effect" type="pytest.skip">src/pymortests/affine_grid.py:275: &lt;py._xmlgen.raw object at 0x7f1dd4c3de48&gt;</skipped></testcase><testcase classname="src.pymortests.affine_grid" file="src/pymortests/affine_grid.py" line="275" name="test_quadrature_points_values[&lt;lambda&gt;30]" time="0.0004582405090332031"><skipped message="Suite splitting in effect" type="pytest.skip">src/pymortests/affine_grid.py:275: &lt;py._xmlgen.raw object at 0x7f1dd5229860&gt;</skipped></testcase><testcase classname="src.pymortests.affine_grid" file="src/pymortests/affine_grid.py" line="275" name="test_quadrature_points_values[&lt;lambda&gt;31]" time="0.00046563148498535156"><skipped message="Suite splitting in effect" type="pytest.skip">src/pymortests/affine_grid.py:275: &lt;py._xmlgen.raw object at 0x7f1dd5232898&gt;</skipped></testcase><testcase classname="src.pymortests.affine_grid" file="src/pymortests/affine_grid.py" line="275" name="test_quadrature_points_values[&lt;lambda&gt;32]" time="0.00042748451232910156"><skipped message="Suite splitting in effect" type="pytest.skip">src/pymortests/affine_grid.py:275: &lt;py._xmlgen.raw object at 0x7f1dd5232208&gt;</skipped></testcase><testcase classname="src.pymortests.affine_grid" file="src/pymortests/affine_grid.py" line="275" name="test_quadrature_points_values[&lt;lambda&gt;33]" time="0.0005323886871337891"><skipped message="Suite splitting in effect" type="pytest.skip">src/pymortests/affine_grid.py:275: &lt;py._xmlgen.raw object at 0x7f1e13c647f0&gt;</skipped></testcase><testcase classname="src.pymortests.affine_grid" file="src/pymortests/affine_grid.py" line="275" name="test_quadrature_points_values[&lt;lambda&gt;34]" time="0.0005016326904296875"><skipped message="Suite splitting in effect" type="pytest.skip">src/pymortests/affine_grid.py:275: &lt;py._xmlgen.raw object at 0x7f1e13c51d30&gt;</skipped></testcase><testcase classname="src.pymortests.affine_grid" file="src/pymortests/affine_grid.py" line="275" name="test_quadrature_points_values[&lt;lambda&gt;35]" time="0.0004837512969970703"><skipped message="Suite splitting in effect" type="pytest.skip">src/pymortests/affine_grid.py:275: &lt;py._xmlgen.raw object at 0x7f1dd4c3dba8&gt;</skipped></testcase><testcase classname="src.pymortests.affine_grid" file="src/pymortests/affine_grid.py" line="275" name="test_quadrature_points_values[&lt;lambda&gt;36]" time="0.0004801750183105469"><skipped message="Suite splitting in effect" type="pytest.skip">src/pymortests/affine_grid.py:275: &lt;py._xmlgen.raw object at 0x7f1dd4c3d208&gt;</skipped></testcase><testcase classname="src.pymortests.affine_grid" file="src/pymortests/affine_grid.py" line="275" name="test_quadrature_points_values[&lt;lambda&gt;37]" time="0.0007686614990234375"><skipped message="Suite splitting in effect" type="pytest.skip">src/pymortests/affine_grid.py:275: &lt;py._xmlgen.raw object at 0x7f1dd4c4a3c8&gt;</skipped></testcase><testcase classname="src.pymortests.affine_grid" file="src/pymortests/affine_grid.py" line="275" name="test_quadrature_points_values[&lt;lambda&gt;38]" time="0.00046133995056152344"><skipped message="Suite splitting in effect" type="pytest.skip">src/pymortests/affine_grid.py:275: &lt;py._xmlgen.raw object at 0x7f1dd4c3d668&gt;</skipped></testcase><testcase classname="src.pymortests.affine_grid" file="src/pymortests/affine_grid.py" line="275" name="test_quadrature_points_values[&lt;lambda&gt;39]" time="0.0004706382751464844"><skipped message="Suite splitting in effect" type="pytest.skip">src/pymortests/affine_grid.py:275: &lt;py._xmlgen.raw object at 0x7f1e13c51e80&gt;</skipped></testcase><testcase classname="src.pymortests.affine_grid" file="src/pymortests/affine_grid.py" line="275" name="test_quadrature_points_values[&lt;lambda&gt;40]" time="0.0004761219024658203"><skipped message="Suite splitting in effect" type="pytest.skip">src/pymortests/affine_grid.py:275: &lt;py._xmlgen.raw object at 0x7f1e13c64d30&gt;</skipped></testcase><testcase classname="src.pymortests.affine_grid" file="src/pymortests/affine_grid.py" line="275" name="test_quadrature_points_values[&lt;lambda&gt;41]" time="0.00047707557678222656"><skipped message="Suite splitting in effect" type="pytest.skip">src/pymortests/affine_grid.py:275: &lt;py._xmlgen.raw object at 0x7f1dd5232208&gt;</skipped></testcase><testcase classname="src.pymortests.affine_grid" file="src/pymortests/affine_grid.py" line="275" name="test_quadrature_points_values[&lt;lambda&gt;42]" time="0.0004584789276123047"><skipped message="Suite splitting in effect" type="pytest.skip">src/pymortests/affine_grid.py:275: &lt;py._xmlgen.raw object at 0x7f1dd5229ba8&gt;</skipped></testcase><testcase classname="src.pymortests.affine_grid" file="src/pymortests/affine_grid.py" line="288" name="test_bounding_box[&lt;lambda&gt;0]" time="0.0004711151123046875"><skipped message="Suite splitting in effect" type="pytest.skip">src/pymortests/affine_grid.py:288: &lt;py._xmlgen.raw object at 0x7f1dd521be80&gt;</skipped></testcase><testcase classname="src.pymortests.affine_grid" file="src/pymortests/affine_grid.py" line="288" name="test_bounding_box[&lt;lambda&gt;1]" time="0.0005128383636474609"><skipped message="Suite splitting in effect" type="pytest.skip">src/pymortests/affine_grid.py:288: &lt;py._xmlgen.raw object at 0x7f1dd4c4a278&gt;</skipped></testcase><testcase classname="src.pymortests.affine_grid" file="src/pymortests/affine_grid.py" line="288" name="test_bounding_box[&lt;lambda&gt;2]" time="0.0007534027099609375"><skipped message="Suite splitting in effect" type="pytest.skip">src/pymortests/affine_grid.py:288: &lt;py._xmlgen.raw object at 0x7f1dd4c4a9e8&gt;</skipped></testcase><testcase classname="src.pymortests.affine_grid" file="src/pymortests/affine_grid.py" line="288" name="test_bounding_box[&lt;lambda&gt;3]" time="0.0005617141723632812"><skipped message="Suite splitting in effect" type="pytest.skip">src/pymortests/affine_grid.py:288: &lt;py._xmlgen.raw object at 0x7f1dd5229be0&gt;</skipped></testcase><testcase classname="src.pymortests.affine_grid" file="src/pymortests/affine_grid.py" line="288" name="test_bounding_box[&lt;lambda&gt;4]" time="0.0004832744598388672"><skipped message="Suite splitting in effect" type="pytest.skip">src/pymortests/affine_grid.py:288: &lt;py._xmlgen.raw object at 0x7f1dd52321d0&gt;</skipped></testcase><testcase classname="src.pymortests.affine_grid" file="src/pymortests/affine_grid.py" line="288" name="test_bounding_box[&lt;lambda&gt;5]" time="0.00047969818115234375"><skipped message="Suite splitting in effect" type="pytest.skip">src/pymortests/affine_grid.py:288: &lt;py._xmlgen.raw object at 0x7f1e13c64208&gt;</skipped></testcase><testcase classname="src.pymortests.affine_grid" file="src/pymortests/affine_grid.py" line="288" name="test_bounding_box[&lt;lambda&gt;6]" time="0.0004863739013671875"><skipped message="Suite splitting in effect" type="pytest.skip">src/pymortests/affine_grid.py:288: &lt;py._xmlgen.raw object at 0x7f1e13c51be0&gt;</skipped></testcase><testcase classname="src.pymortests.affine_grid" file="src/pymortests/affine_grid.py" line="288" name="test_bounding_box[&lt;lambda&gt;7]" time="0.0004961490631103516"><skipped message="Suite splitting in effect" type="pytest.skip">src/pymortests/affine_grid.py:288: &lt;py._xmlgen.raw object at 0x7f1dd4c3d5c0&gt;</skipped></testcase><testcase classname="src.pymortests.affine_grid" file="src/pymortests/affine_grid.py" line="288" name="test_bounding_box[&lt;lambda&gt;8]" time="0.00048089027404785156"><skipped message="Suite splitting in effect" type="pytest.skip">src/pymortests/affine_grid.py:288: &lt;py._xmlgen.raw object at 0x7f1dd4c4ab38&gt;</skipped></testcase><testcase classname="src.pymortests.affine_grid" file="src/pymortests/affine_grid.py" line="288" name="test_bounding_box[&lt;lambda&gt;9]" time="0.0006372928619384766"><skipped message="Suite splitting in effect" type="pytest.skip">src/pymortests/affine_grid.py:288: &lt;py._xmlgen.raw object at 0x7f1dd4c4a080&gt;</skipped></testcase><testcase classname="src.pymortests.affine_grid" file="src/pymortests/affine_grid.py" line="288" name="test_bounding_box[&lt;lambda&gt;10]" time="0.0007736682891845703"><skipped message="Suite splitting in effect" type="pytest.skip">src/pymortests/affine_grid.py:288: &lt;py._xmlgen.raw object at 0x7f1dd4c57048&gt;</skipped></testcase><testcase classname="src.pymortests.affine_grid" file="src/pymortests/affine_grid.py" line="288" name="test_bounding_box[&lt;lambda&gt;11]" time="0.0004439353942871094"><skipped message="Suite splitting in effect" type="pytest.skip">src/pymortests/affine_grid.py:288: &lt;py._xmlgen.raw object at 0x7f1dd4c4a080&gt;</skipped></testcase><testcase classname="src.pymortests.affine_grid" file="src/pymortests/affine_grid.py" line="288" name="test_bounding_box[&lt;lambda&gt;12]" time="0.0004782676696777344"><skipped message="Suite splitting in effect" type="pytest.skip">src/pymortests/affine_grid.py:288: &lt;py._xmlgen.raw object at 0x7f1dd4c3df28&gt;</skipped></testcase><testcase classname="src.pymortests.affine_grid" file="src/pymortests/affine_grid.py" line="288" name="test_bounding_box[&lt;lambda&gt;13]" time="0.00043892860412597656"><skipped message="Suite splitting in effect" type="pytest.skip">src/pymortests/affine_grid.py:288: &lt;py._xmlgen.raw object at 0x7f1e13c08518&gt;</skipped></testcase><testcase classname="src.pymortests.affine_grid" file="src/pymortests/affine_grid.py" line="288" name="test_bounding_box[&lt;lambda&gt;14]" time="0.0005884170532226562"><skipped message="Suite splitting in effect" type="pytest.skip">src/pymortests/affine_grid.py:288: &lt;py._xmlgen.raw object at 0x7f1e13c51e80&gt;</skipped></testcase><testcase classname="src.pymortests.affine_grid" file="src/pymortests/affine_grid.py" line="288" name="test_bounding_box[&lt;lambda&gt;15]" time="0.0004913806915283203"><skipped message="Suite splitting in effect" type="pytest.skip">src/pymortests/affine_grid.py:288: &lt;py._xmlgen.raw object at 0x7f1e13bf4390&gt;</skipped></testcase><testcase classname="src.pymortests.affine_grid" file="src/pymortests/affine_grid.py" line="288" name="test_bounding_box[&lt;lambda&gt;16]" time="0.0004925727844238281"><skipped message="Suite splitting in effect" type="pytest.skip">src/pymortests/affine_grid.py:288: &lt;py._xmlgen.raw object at 0x7f1dd521b518&gt;</skipped></testcase><testcase classname="src.pymortests.affine_grid" file="src/pymortests/affine_grid.py" line="288" name="test_bounding_box[&lt;lambda&gt;17]" time="0.0005075931549072266"><skipped message="Suite splitting in effect" type="pytest.skip">src/pymortests/affine_grid.py:288: &lt;py._xmlgen.raw object at 0x7f1dd4c57160&gt;</skipped></testcase><testcase classname="src.pymortests.affine_grid" file="src/pymortests/affine_grid.py" line="288" name="test_bounding_box[&lt;lambda&gt;18]" time="0.000858306884765625"><skipped message="Suite splitting in effect" type="pytest.skip">src/pymortests/affine_grid.py:288: &lt;py._xmlgen.raw object at 0x7f1dd4c57668&gt;</skipped></testcase><testcase classname="src.pymortests.affine_grid" file="src/pymortests/affine_grid.py" line="288" name="test_bounding_box[&lt;lambda&gt;19]" time="0.00044608116149902344"><skipped message="Suite splitting in effect" type="pytest.skip">src/pymortests/affine_grid.py:288: &lt;py._xmlgen.raw object at 0x7f1dd5232c18&gt;</skipped></testcase><testcase classname="src.pymortests.affine_grid" file="src/pymortests/affine_grid.py" line="288" name="test_bounding_box[&lt;lambda&gt;20]" time="0.0004374980926513672"><skipped message="Suite splitting in effect" type="pytest.skip">src/pymortests/affine_grid.py:288: &lt;py._xmlgen.raw object at 0x7f1e13c64f28&gt;</skipped></testcase><testcase classname="src.pymortests.affine_grid" file="src/pymortests/affine_grid.py" line="288" name="test_bounding_box[&lt;lambda&gt;21]" time="0.0006222724914550781"><skipped message="Suite splitting in effect" type="pytest.skip">src/pymortests/affine_grid.py:288: &lt;py._xmlgen.raw object at 0x7f1e13c08860&gt;</skipped></testcase><testcase classname="src.pymortests.affine_grid" file="src/pymortests/affine_grid.py" line="288" name="test_bounding_box[&lt;lambda&gt;22]" time="0.0005002021789550781"><skipped message="Suite splitting in effect" type="pytest.skip">src/pymortests/affine_grid.py:288: &lt;py._xmlgen.raw object at 0x7f1dd4c3d9e8&gt;</skipped></testcase><testcase classname="src.pymortests.affine_grid" file="src/pymortests/affine_grid.py" line="288" name="test_bounding_box[&lt;lambda&gt;23]" time="0.0005006790161132812"><skipped message="Suite splitting in effect" type="pytest.skip">src/pymortests/affine_grid.py:288: &lt;py._xmlgen.raw object at 0x7f1dd4c4aa58&gt;</skipped></testcase><testcase classname="src.pymortests.affine_grid" file="src/pymortests/affine_grid.py" line="288" name="test_bounding_box[&lt;lambda&gt;24]" time="0.00046062469482421875"><skipped message="Suite splitting in effect" type="pytest.skip">src/pymortests/affine_grid.py:288: &lt;py._xmlgen.raw object at 0x7f1dd4c4aba8&gt;</skipped></testcase><testcase classname="src.pymortests.affine_grid" file="src/pymortests/affine_grid.py" line="288" name="test_bounding_box[&lt;lambda&gt;25]" time="0.0004940032958984375"><skipped message="Suite splitting in effect" type="pytest.skip">src/pymortests/affine_grid.py:288: &lt;py._xmlgen.raw object at 0x7f1dd4c572e8&gt;</skipped></testcase><testcase classname="src.pymortests.affine_grid" file="src/pymortests/affine_grid.py" line="288" name="test_bounding_box[&lt;lambda&gt;26]" time="0.0007643699645996094"><skipped message="Suite splitting in effect" type="pytest.skip">src/pymortests/affine_grid.py:288: &lt;py._xmlgen.raw object at 0x7f1dd4c57c88&gt;</skipped></testcase><testcase classname="src.pymortests.affine_grid" file="src/pymortests/affine_grid.py" line="288" name="test_bounding_box[&lt;lambda&gt;27]" time="0.00046539306640625"><skipped message="Suite splitting in effect" type="pytest.skip">src/pymortests/affine_grid.py:288: &lt;py._xmlgen.raw object at 0x7f1dd4c4a4a8&gt;</skipped></testcase><testcase classname="src.pymortests.affine_grid" file="src/pymortests/affine_grid.py" line="288" name="test_bounding_box[&lt;lambda&gt;28]" time="0.0005125999450683594"><skipped message="Suite splitting in effect" type="pytest.skip">src/pymortests/affine_grid.py:288: &lt;py._xmlgen.raw object at 0x7f1e13c08ef0&gt;</skipped></testcase><testcase classname="src.pymortests.affine_grid" file="src/pymortests/affine_grid.py" line="288" name="test_bounding_box[&lt;lambda&gt;29]" time="0.00046062469482421875"><skipped message="Suite splitting in effect" type="pytest.skip">src/pymortests/affine_grid.py:288: &lt;py._xmlgen.raw object at 0x7f1e13c3f588&gt;</skipped></testcase><testcase classname="src.pymortests.affine_grid" file="src/pymortests/affine_grid.py" line="288" name="test_bounding_box[&lt;lambda&gt;30]" time="0.000514984130859375"><skipped message="Suite splitting in effect" type="pytest.skip">src/pymortests/affine_grid.py:288: &lt;py._xmlgen.raw object at 0x7f1e13c64358&gt;</skipped></testcase><testcase classname="src.pymortests.affine_grid" file="src/pymortests/affine_grid.py" line="288" name="test_bounding_box[&lt;lambda&gt;31]" time="0.0004937648773193359"><skipped message="Suite splitting in effect" type="pytest.skip">src/pymortests/affine_grid.py:288: &lt;py._xmlgen.raw object at 0x7f1dd5232828&gt;</skipped></testcase><testcase classname="src.pymortests.affine_grid" file="src/pymortests/affine_grid.py" line="288" name="test_bounding_box[&lt;lambda&gt;32]" time="0.0004677772521972656"><skipped message="Suite splitting in effect" type="pytest.skip">src/pymortests/affine_grid.py:288: &lt;py._xmlgen.raw object at 0x7f1dd4c57198&gt;</skipped></testcase><testcase classname="src.pymortests.affine_grid" file="src/pymortests/affine_grid.py" line="288" name="test_bounding_box[&lt;lambda&gt;33]" time="0.0005371570587158203"><skipped message="Suite splitting in effect" type="pytest.skip">src/pymortests/affine_grid.py:288: &lt;py._xmlgen.raw object at 0x7f1dd4c574e0&gt;</skipped></testcase><testcase classname="src.pymortests.affine_grid" file="src/pymortests/affine_grid.py" line="288" name="test_bounding_box[&lt;lambda&gt;34]" time="0.0008699893951416016"><skipped message="Suite splitting in effect" type="pytest.skip">src/pymortests/affine_grid.py:288: &lt;py._xmlgen.raw object at 0x7f1dd4c602e8&gt;</skipped></testcase><testcase classname="src.pymortests.affine_grid" file="src/pymortests/affine_grid.py" line="288" name="test_bounding_box[&lt;lambda&gt;35]" time="0.0005106925964355469"><skipped message="Suite splitting in effect" type="pytest.skip">src/pymortests/affine_grid.py:288: &lt;py._xmlgen.raw object at 0x7f1dd4c57a58&gt;</skipped></testcase><testcase classname="src.pymortests.affine_grid" file="src/pymortests/affine_grid.py" line="288" name="test_bounding_box[&lt;lambda&gt;36]" time="0.00047016143798828125"><skipped message="Suite splitting in effect" type="pytest.skip">src/pymortests/affine_grid.py:288: &lt;py._xmlgen.raw object at 0x7f1dd521bba8&gt;</skipped></testcase><testcase classname="src.pymortests.affine_grid" file="src/pymortests/affine_grid.py" line="288" name="test_bounding_box[&lt;lambda&gt;37]" time="0.0005033016204833984"><skipped message="Suite splitting in effect" type="pytest.skip">src/pymortests/affine_grid.py:288: &lt;py._xmlgen.raw object at 0x7f1e13c64f28&gt;</skipped></testcase><testcase classname="src.pymortests.affine_grid" file="src/pymortests/affine_grid.py" line="288" name="test_bounding_box[&lt;lambda&gt;38]" time="0.0005362033843994141"><skipped message="Suite splitting in effect" type="pytest.skip">src/pymortests/affine_grid.py:288: &lt;py._xmlgen.raw object at 0x7f1e13c2e390&gt;</skipped></testcase><testcase classname="src.pymortests.affine_grid" file="src/pymortests/affine_grid.py" line="288" name="test_bounding_box[&lt;lambda&gt;39]" time="0.00048351287841796875"><skipped message="Suite splitting in effect" type="pytest.skip">src/pymortests/affine_grid.py:288: &lt;py._xmlgen.raw object at 0x7f1dd4c3d8d0&gt;</skipped></testcase><testcase classname="src.pymortests.affine_grid" file="src/pymortests/affine_grid.py" line="288" name="test_bounding_box[&lt;lambda&gt;40]" time="0.0006723403930664062"><skipped message="Suite splitting in effect" type="pytest.skip">src/pymortests/affine_grid.py:288: &lt;py._xmlgen.raw object at 0x7f1dd4c4ad30&gt;</skipped></testcase><testcase classname="src.pymortests.affine_grid" file="src/pymortests/affine_grid.py" line="288" name="test_bounding_box[&lt;lambda&gt;41]" time="0.0005068778991699219"><skipped message="Suite splitting in effect" type="pytest.skip">src/pymortests/affine_grid.py:288: &lt;py._xmlgen.raw object at 0x7f1dd4c60160&gt;</skipped></testcase><testcase classname="src.pymortests.affine_grid" file="src/pymortests/affine_grid.py" line="288" name="test_bounding_box[&lt;lambda&gt;42]" time="0.0007762908935546875"><skipped message="Suite splitting in effect" type="pytest.skip">src/pymortests/affine_grid.py:288: &lt;py._xmlgen.raw object at 0x7f1dd4c60908&gt;</skipped></testcase><testcase classname="src.pymortests.affine_grid" file="src/pymortests/affine_grid.py" line="297" name="test_orthogonal_centers[&lt;lambda&gt;0]" time="0.00043964385986328125"><skipped message="Suite splitting in effect" type="pytest.skip">src/pymortests/affine_grid.py:297: &lt;py._xmlgen.raw object at 0x7f1dd4c3d320&gt;</skipped></testcase><testcase classname="src.pymortests.affine_grid" file="src/pymortests/affine_grid.py" line="297" name="test_orthogonal_centers[&lt;lambda&gt;1]" time="0.0004899501800537109"><skipped message="Suite splitting in effect" type="pytest.skip">src/pymortests/affine_grid.py:297: &lt;py._xmlgen.raw object at 0x7f1e13c2e978&gt;</skipped></testcase><testcase classname="src.pymortests.affine_grid" file="src/pymortests/affine_grid.py" line="297" name="test_orthogonal_centers[&lt;lambda&gt;2]" time="0.000583648681640625"><skipped message="Suite splitting in effect" type="pytest.skip">src/pymortests/affine_grid.py:297: &lt;py._xmlgen.raw object at 0x7f1dd52321d0&gt;</skipped></testcase><testcase classname="src.pymortests.affine_grid" file="src/pymortests/affine_grid.py" line="297" name="test_orthogonal_centers[&lt;lambda&gt;3]" time="0.0005893707275390625"><skipped message="Suite splitting in effect" type="pytest.skip">src/pymortests/affine_grid.py:297: &lt;py._xmlgen.raw object at 0x7f1dd52292b0&gt;</skipped></testcase><testcase classname="src.pymortests.affine_grid" file="src/pymortests/affine_grid.py" line="297" name="test_orthogonal_centers[&lt;lambda&gt;4]" time="0.0005135536193847656"><skipped message="Suite splitting in effect" type="pytest.skip">src/pymortests/affine_grid.py:297: &lt;py._xmlgen.raw object at 0x7f1dd4c57940&gt;</skipped></testcase><testcase classname="src.pymortests.affine_grid" file="src/pymortests/affine_grid.py" line="297" name="test_orthogonal_centers[&lt;lambda&gt;5]" time="0.0004949569702148438"><skipped message="Suite splitting in effect" type="pytest.skip">src/pymortests/affine_grid.py:297: &lt;py._xmlgen.raw object at 0x7f1dd4c60a20&gt;</skipped></testcase><testcase classname="src.pymortests.affine_grid" file="src/pymortests/affine_grid.py" line="297" name="test_orthogonal_centers[&lt;lambda&gt;6]" time="0.0004918575286865234"><skipped message="Suite splitting in effect" type="pytest.skip">src/pymortests/affine_grid.py:297: &lt;py._xmlgen.raw object at 0x7f1dd4c60438&gt;</skipped></testcase><testcase classname="src.pymortests.affine_grid" file="src/pymortests/affine_grid.py" line="297" name="test_orthogonal_centers[&lt;lambda&gt;7]" time="0.0009911060333251953"><skipped message="Suite splitting in effect" type="pytest.skip">src/pymortests/affine_grid.py:297: &lt;py._xmlgen.raw object at 0x7f1dd4c60f28&gt;</skipped></testcase><testcase classname="src.pymortests.affine_grid" file="src/pymortests/affine_grid.py" line="297" name="test_orthogonal_centers[&lt;lambda&gt;8]" time="0.0004773139953613281"><skipped message="Suite splitting in effect" type="pytest.skip">src/pymortests/affine_grid.py:297: &lt;py._xmlgen.raw object at 0x7f1dd4c60a90&gt;</skipped></testcase><testcase classname="src.pymortests.affine_grid" file="src/pymortests/affine_grid.py" line="297" name="test_orthogonal_centers[&lt;lambda&gt;9]" time="0.0004851818084716797"><skipped message="Suite splitting in effect" type="pytest.skip">src/pymortests/affine_grid.py:297: &lt;py._xmlgen.raw object at 0x7f1dd4c57828&gt;</skipped></testcase><testcase classname="src.pymortests.affine_grid" file="src/pymortests/affine_grid.py" line="297" name="test_orthogonal_centers[&lt;lambda&gt;10]" time="0.0004887580871582031"><skipped message="Suite splitting in effect" type="pytest.skip">src/pymortests/affine_grid.py:297: &lt;py._xmlgen.raw object at 0x7f1dd4c57390&gt;</skipped></testcase><testcase classname="src.pymortests.affine_grid" file="src/pymortests/affine_grid.py" line="297" name="test_orthogonal_centers[&lt;lambda&gt;11]" time="0.0004849433898925781"><skipped message="Suite splitting in effect" type="pytest.skip">src/pymortests/affine_grid.py:297: &lt;py._xmlgen.raw object at 0x7f1dd5232c18&gt;</skipped></testcase><testcase classname="src.pymortests.affine_grid" file="src/pymortests/affine_grid.py" line="297" name="test_orthogonal_centers[&lt;lambda&gt;12]" time="0.00044417381286621094"><skipped message="Suite splitting in effect" type="pytest.skip">src/pymortests/affine_grid.py:297: &lt;py._xmlgen.raw object at 0x7f1e13baa0f0&gt;</skipped></testcase><testcase classname="src.pymortests.affine_grid" file="src/pymortests/affine_grid.py" line="297" name="test_orthogonal_centers[&lt;lambda&gt;13]" time="0.00047969818115234375"><skipped message="Suite splitting in effect" type="pytest.skip">src/pymortests/affine_grid.py:297: &lt;py._xmlgen.raw object at 0x7f1dd4c3dba8&gt;</skipped></testcase><testcase classname="src.pymortests.affine_grid" file="src/pymortests/affine_grid.py" line="297" name="test_orthogonal_centers[&lt;lambda&gt;14]" time="0.00044727325439453125"><skipped message="Suite splitting in effect" type="pytest.skip">src/pymortests/affine_grid.py:297: &lt;py._xmlgen.raw object at 0x7f1dd4c6d048&gt;</skipped></testcase><testcase classname="src.pymortests.affine_grid" file="src/pymortests/affine_grid.py" line="297" name="test_orthogonal_centers[&lt;lambda&gt;15]" time="0.0010385513305664062"><skipped message="Suite splitting in effect" type="pytest.skip">src/pymortests/affine_grid.py:297: &lt;py._xmlgen.raw object at 0x7f1dd4c6d588&gt;</skipped></testcase><testcase classname="src.pymortests.affine_grid" file="src/pymortests/affine_grid.py" line="297" name="test_orthogonal_centers[&lt;lambda&gt;16]" time="0.0004494190216064453"><skipped message="Suite splitting in effect" type="pytest.skip">src/pymortests/affine_grid.py:297: &lt;py._xmlgen.raw object at 0x7f1e13baa0f0&gt;</skipped></testcase><testcase classname="src.pymortests.affine_grid" file="src/pymortests/affine_grid.py" line="297" name="test_orthogonal_centers[&lt;lambda&gt;17]" time="0.0004944801330566406"><skipped message="Suite splitting in effect" type="pytest.skip">src/pymortests/affine_grid.py:297: &lt;py._xmlgen.raw object at 0x7f1e13c19710&gt;</skipped></testcase><testcase classname="src.pymortests.analyticalproblem" file="src/pymortests/analyticalproblem.py" line="8" name="test_pickle[analytical_problem0]" time="0.0005235671997070312"><skipped message="Suite splitting in effect" type="pytest.skip">src/pymortests/analyticalproblem.py:8: &lt;py._xmlgen.raw object at 0x7f1dd4c604e0&gt;</skipped></testcase><testcase classname="src.pymortests.analyticalproblem" file="src/pymortests/analyticalproblem.py" line="8" name="test_pickle[analytical_problem1]" time="0.00045418739318847656"><skipped message="Suite splitting in effect" type="pytest.skip">src/pymortests/analyticalproblem.py:8: &lt;py._xmlgen.raw object at 0x7f1dd4c60400&gt;</skipped></testcase><testcase classname="src.pymortests.analyticalproblem" file="src/pymortests/analyticalproblem.py" line="8" name="test_pickle[analytical_problem2]" time="0.0004680156707763672"><skipped message="Suite splitting in effect" type="pytest.skip">src/pymortests/analyticalproblem.py:8: &lt;py._xmlgen.raw object at 0x7f1dd4c57da0&gt;</skipped></testcase><testcase classname="src.pymortests.analyticalproblem" file="src/pymortests/analyticalproblem.py" line="8" name="test_pickle[analytical_problem3]" time="0.00043392181396484375"><skipped message="Suite splitting in effect" type="pytest.skip">src/pymortests/analyticalproblem.py:8: &lt;py._xmlgen.raw object at 0x7f1dd4c576a0&gt;</skipped></testcase><testcase classname="src.pymortests.analyticalproblem" file="src/pymortests/analyticalproblem.py" line="8" name="test_pickle[analytical_problem4]" time="0.0005252361297607422"><skipped message="Suite splitting in effect" type="pytest.skip">src/pymortests/analyticalproblem.py:8: &lt;py._xmlgen.raw object at 0x7f1dd4c4a9b0&gt;</skipped></testcase><testcase classname="src.pymortests.analyticalproblem" file="src/pymortests/analyticalproblem.py" line="8" name="test_pickle[analytical_problem5]" time="0.0004532337188720703"><skipped message="Suite splitting in effect" type="pytest.skip">src/pymortests/analyticalproblem.py:8: &lt;py._xmlgen.raw object at 0x7f1dd4c3d128&gt;</skipped></testcase><testcase classname="src.pymortests.analyticalproblem" file="src/pymortests/analyticalproblem.py" line="8" name="test_pickle[analytical_problem6]" time="0.0007674694061279297"><skipped message="Suite splitting in effect" type="pytest.skip">src/pymortests/analyticalproblem.py:8: &lt;py._xmlgen.raw object at 0x7f1dd4c3d550&gt;</skipped></testcase><testcase classname="src.pymortests.analyticalproblem" file="src/pymortests/analyticalproblem.py" line="8" name="test_pickle[analytical_problem7]" time="0.0004584789276123047"><skipped message="Suite splitting in effect" type="pytest.skip">src/pymortests/analyticalproblem.py:8: &lt;py._xmlgen.raw object at 0x7f1dd4c57eb8&gt;</skipped></testcase><testcase classname="src.pymortests.analyticalproblem" file="src/pymortests/analyticalproblem.py" line="8" name="test_pickle[analytical_problem8]" time="0.0004246234893798828"><skipped message="Suite splitting in effect" type="pytest.skip">src/pymortests/analyticalproblem.py:8: &lt;py._xmlgen.raw object at 0x7f1e0c332898&gt;</skipped></testcase><testcase classname="src.pymortests.analyticalproblem" file="src/pymortests/analyticalproblem.py" line="8" name="test_pickle[analytical_problem9]" time="0.00044846534729003906"><skipped message="Suite splitting in effect" type="pytest.skip">src/pymortests/analyticalproblem.py:8: &lt;py._xmlgen.raw object at 0x7f1dd4c602e8&gt;</skipped></testcase><testcase classname="src.pymortests.analyticalproblem" file="src/pymortests/analyticalproblem.py" line="8" name="test_pickle[analytical_problem10]" time="0.0004711151123046875"><skipped message="Suite splitting in effect" type="pytest.skip">src/pymortests/analyticalproblem.py:8: &lt;py._xmlgen.raw object at 0x7f1dd4c60b38&gt;</skipped></testcase><testcase classname="src.pymortests.analyticalproblem" file="src/pymortests/analyticalproblem.py" line="8" name="test_pickle[analytical_problem11]" time="0.0006043910980224609"><skipped message="Suite splitting in effect" type="pytest.skip">src/pymortests/analyticalproblem.py:8: &lt;py._xmlgen.raw object at 0x7f1e13c19b70&gt;</skipped></testcase><testcase classname="src.pymortests.analyticalproblem" file="src/pymortests/analyticalproblem.py" line="8" name="test_pickle[analytical_problem12]" time="0.00048041343688964844"><skipped message="Suite splitting in effect" type="pytest.skip">src/pymortests/analyticalproblem.py:8: &lt;py._xmlgen.raw object at 0x7f1e13c08cf8&gt;</skipped></testcase><testcase classname="src.pymortests.analyticalproblem" file="src/pymortests/analyticalproblem.py" line="8" name="test_pickle[analytical_problem13]" time="0.0004794597625732422"><skipped message="Suite splitting in effect" type="pytest.skip">src/pymortests/analyticalproblem.py:8: &lt;py._xmlgen.raw object at 0x7f1dd4c6d2b0&gt;</skipped></testcase><testcase classname="src.pymortests.analyticalproblem" file="src/pymortests/analyticalproblem.py" line="8" name="test_pickle[analytical_problem14]" time="0.0008037090301513672"><skipped message="Suite splitting in effect" type="pytest.skip">src/pymortests/analyticalproblem.py:8: &lt;py._xmlgen.raw object at 0x7f1dd520fcc0&gt;</skipped></testcase><testcase classname="src.pymortests.analyticalproblem" file="src/pymortests/analyticalproblem.py" line="8" name="test_pickle[analytical_problem15]" time="0.0004825592041015625"><skipped message="Suite splitting in effect" type="pytest.skip">src/pymortests/analyticalproblem.py:8: &lt;py._xmlgen.raw object at 0x7f1e13c51c88&gt;</skipped></testcase><testcase classname="src.pymortests.analyticalproblem" file="src/pymortests/analyticalproblem.py" line="12" name="test_pickle_without_dumps_function[picklable_analytical_problem0]" time="0.00043845176696777344"><skipped message="Suite splitting in effect" type="pytest.skip">src/pymortests/analyticalproblem.py:12: &lt;py._xmlgen.raw object at 0x7f1dd4c60470&gt;</skipped></testcase><testcase classname="src.pymortests.analyticalproblem" file="src/pymortests/analyticalproblem.py" line="12" name="test_pickle_without_dumps_function[picklable_analytical_problem1]" time="0.0004951953887939453"><skipped message="Suite splitting in effect" type="pytest.skip">src/pymortests/analyticalproblem.py:12: &lt;py._xmlgen.raw object at 0x7f1dd4c60710&gt;</skipped></testcase><testcase classname="src.pymortests.analyticalproblem" file="src/pymortests/analyticalproblem.py" line="12" name="test_pickle_without_dumps_function[picklable_analytical_problem2]" time="0.00048828125"><skipped message="Suite splitting in effect" type="pytest.skip">src/pymortests/analyticalproblem.py:12: &lt;py._xmlgen.raw object at 0x7f1dd4c57ba8&gt;</skipped></testcase><testcase classname="src.pymortests.analyticalproblem" file="src/pymortests/analyticalproblem.py" line="12" name="test_pickle_without_dumps_function[picklable_analytical_problem3]" time="0.0005092620849609375"><skipped message="Suite splitting in effect" type="pytest.skip">src/pymortests/analyticalproblem.py:12: &lt;py._xmlgen.raw object at 0x7f1dd4c4a400&gt;</skipped></testcase><testcase classname="src.pymortests.analyticalproblem" file="src/pymortests/analyticalproblem.py" line="12" name="test_pickle_without_dumps_function[picklable_analytical_problem4]" time="0.0004999637603759766"><skipped message="Suite splitting in effect" type="pytest.skip">src/pymortests/analyticalproblem.py:12: &lt;py._xmlgen.raw object at 0x7f1dd4c6d2b0&gt;</skipped></testcase><testcase classname="src.pymortests.analyticalproblem" file="src/pymortests/analyticalproblem.py" line="12" name="test_pickle_without_dumps_function[picklable_analytical_problem5]" time="0.00043129920959472656"><skipped message="Suite splitting in effect" type="pytest.skip">src/pymortests/analyticalproblem.py:12: &lt;py._xmlgen.raw object at 0x7f1dd4c6dac8&gt;</skipped></testcase><testcase classname="src.pymortests.analyticalproblem" file="src/pymortests/analyticalproblem.py" line="12" name="test_pickle_without_dumps_function[picklable_analytical_problem6]" time="0.0004725456237792969"><skipped message="Suite splitting in effect" type="pytest.skip">src/pymortests/analyticalproblem.py:12: &lt;py._xmlgen.raw object at 0x7f1dd4c78048&gt;</skipped></testcase><testcase classname="src.pymortests.analyticalproblem" file="src/pymortests/analyticalproblem.py" line="12" name="test_pickle_without_dumps_function[picklable_analytical_problem7]" time="0.0004813671112060547"><skipped message="Suite splitting in effect" type="pytest.skip">src/pymortests/analyticalproblem.py:12: &lt;py._xmlgen.raw object at 0x7f1dd4c6d438&gt;</skipped></testcase><testcase classname="src.pymortests.analyticalproblem" file="src/pymortests/analyticalproblem.py" line="12" name="test_pickle_without_dumps_function[picklable_analytical_problem8]" time="0.0005769729614257812"><skipped message="Suite splitting in effect" type="pytest.skip">src/pymortests/analyticalproblem.py:12: &lt;py._xmlgen.raw object at 0x7f1dd4c57940&gt;</skipped></testcase><testcase classname="src.pymortests.analyticalproblem" file="src/pymortests/analyticalproblem.py" line="12" name="test_pickle_without_dumps_function[picklable_analytical_problem9]" time="0.0004892349243164062"><skipped message="Suite splitting in effect" type="pytest.skip">src/pymortests/analyticalproblem.py:12: &lt;py._xmlgen.raw object at 0x7f1e0c332940&gt;</skipped></testcase><testcase classname="src.pymortests.analyticalproblem" file="src/pymortests/analyticalproblem.py" line="12" name="test_pickle_without_dumps_function[picklable_analytical_problem10]" time="0.0006201267242431641"><skipped message="Suite splitting in effect" type="pytest.skip">src/pymortests/analyticalproblem.py:12: &lt;py._xmlgen.raw object at 0x7f1dd4c604a8&gt;</skipped></testcase><testcase classname="src.pymortests.analyticalproblem" file="src/pymortests/analyticalproblem.py" line="12" name="test_pickle_without_dumps_function[picklable_analytical_problem11]" time="0.00045371055603027344"><skipped message="Suite splitting in effect" type="pytest.skip">src/pymortests/analyticalproblem.py:12: &lt;py._xmlgen.raw object at 0x7f1dd521b518&gt;</skipped></testcase><testcase classname="src.pymortests.basic" file="src/pymortests/basic.py" line="6" name="test_importable" time="0.0005838871002197266"><skipped message="Suite splitting in effect" type="pytest.skip">src/pymortests/basic.py:6: &lt;py._xmlgen.raw object at 0x7f1e13c083c8&gt;</skipped></testcase><testcase classname="src.pymortests.block" file="src/pymortests/block.py" line="13" name="test_apply" time="0.0006091594696044922"><skipped message="Suite splitting in effect" type="pytest.skip">src/pymortests/block.py:13: &lt;py._xmlgen.raw object at 0x7f1dd4c78438&gt;</skipped></testcase><testcase classname="src.pymortests.block" file="src/pymortests/block.py" line="39" name="test_apply_adjoint" time="0.0007922649383544922"><skipped message="Suite splitting in effect" type="pytest.skip">src/pymortests/block.py:39: &lt;py._xmlgen.raw object at 0x7f1dd4c78978&gt;</skipped></testcase><testcase classname="src.pymortests.block" file="src/pymortests/block.py" line="65" name="test_block_diagonal" time="0.0005059242248535156"><skipped message="Suite splitting in effect" type="pytest.skip">src/pymortests/block.py:65: &lt;py._xmlgen.raw object at 0x7f1e13c08710&gt;</skipped></testcase><testcase classname="src.pymortests.block" file="src/pymortests/block.py" line="76" name="test_blk_diag_apply_inverse" time="0.0004680156707763672"><skipped message="Suite splitting in effect" type="pytest.skip">src/pymortests/block.py:76: &lt;py._xmlgen.raw object at 0x7f1e0c3443c8&gt;</skipped></testcase><testcase classname="src.pymortests.block" file="src/pymortests/block.py" line="98" name="test_blk_diag_apply_inverse_adjoint" time="0.00043702125549316406"><skipped message="Suite splitting in effect" type="pytest.skip">src/pymortests/block.py:98: &lt;py._xmlgen.raw object at 0x7f1e0c332550&gt;</skipped></testcase><testcase classname="src.pymortests.cache.TestCache" file="src/pymortests/cache.py" line="57" name="test_runtime" time="0.0005631446838378906"><skipped message="Suite splitting in effect" type="pytest.skip">src/pymortests/cache.py:57: &lt;py._xmlgen.raw object at 0x7f1dd5229b38&gt;</skipped></testcase><testcase classname="src.pymortests.cache.TestCache" file="src/pymortests/cache.py" line="83" name="test_region_api" time="0.0006151199340820312"><skipped message="Suite splitting in effect" type="pytest.skip">src/pymortests/cache.py:83: &lt;py._xmlgen.raw object at 0x7f1dd4c6dac8&gt;</skipped></testcase><testcase classname="src.pymortests.complex_values" file="src/pymortests/complex_values.py" line="11" name="test_complex" time="0.0005445480346679688"><skipped message="Suite splitting in effect" type="pytest.skip">src/pymortests/complex_values.py:11: &lt;py._xmlgen.raw object at 0x7f1dd4c78748&gt;</skipped></testcase><testcase classname="src.pymortests.complex_values" file="src/pymortests/complex_values.py" line="65" name="test_real_imag" time="0.00045561790466308594"><skipped message="Suite splitting in effect" type="pytest.skip">src/pymortests/complex_values.py:65: &lt;py._xmlgen.raw object at 0x7f1dd4c78ac8&gt;</skipped></testcase><testcase classname="src.pymortests.complex_values" file="src/pymortests/complex_values.py" line="82" name="test_scal" time="0.0007421970367431641"><skipped message="Suite splitting in effect" type="pytest.skip">src/pymortests/complex_values.py:82: &lt;py._xmlgen.raw object at 0x7f1dd4c01048&gt;</skipped></testcase><testcase classname="src.pymortests.complex_values" file="src/pymortests/complex_values.py" line="95" name="test_axpy" time="0.0004572868347167969"><skipped message="Suite splitting in effect" type="pytest.skip">src/pymortests/complex_values.py:95: &lt;py._xmlgen.raw object at 0x7f1dd4c78470&gt;</skipped></testcase><testcase classname="src.pymortests.complex_values" file="src/pymortests/complex_values.py" line="107" name="test_dot" time="0.00044846534729003906"><skipped message="Suite splitting in effect" type="pytest.skip">src/pymortests/complex_values.py:107: &lt;py._xmlgen.raw object at 0x7f1dd4c78668&gt;</skipped></testcase><testcase classname="src.pymortests.complex_values" file="src/pymortests/complex_values.py" line="114" name="test_pairwise_dot" time="0.0005023479461669922"><skipped message="Suite splitting in effect" type="pytest.skip">src/pymortests/complex_values.py:114: &lt;py._xmlgen.raw object at 0x7f1e0c49ef60&gt;</skipped></testcase><testcase classname="src.pymortests.demos" file="src/pymortests/demos.py" line="159" name="test_demos[elliptic:&apos;0 0 0 0&apos;]" time="0.0005908012390136719"><skipped message="Suite splitting in effect" type="pytest.skip">src/pymortests/demos.py:159: &lt;py._xmlgen.raw object at 0x7f1e0c332be0&gt;</skipped></testcase><testcase classname="src.pymortests.demos" file="src/pymortests/demos.py" line="159" name="test_demos[elliptic:&apos;1 2 0 3&apos;]" time="0.0004432201385498047"><skipped message="Suite splitting in effect" type="pytest.skip">src/pymortests/demos.py:159: &lt;py._xmlgen.raw object at 0x7f1dd4c60588&gt;</skipped></testcase><testcase classname="src.pymortests.demos" file="src/pymortests/demos.py" line="159" name="test_demos[elliptic:&apos;--rect 1 2 0 3&apos;]" time="0.00045418739318847656"><skipped message="Suite splitting in effect" type="pytest.skip">src/pymortests/demos.py:159: &lt;py._xmlgen.raw object at 0x7f1e0c37efd0&gt;</skipped></testcase><testcase classname="src.pymortests.demos" file="src/pymortests/demos.py" line="159" name="test_demos[elliptic:&apos;0 0 2 1&apos;]" time="0.000530242919921875"><skipped message="Suite splitting in effect" type="pytest.skip">src/pymortests/demos.py:159: &lt;py._xmlgen.raw object at 0x7f1dd4c01198&gt;</skipped></testcase><testcase classname="src.pymortests.demos" file="src/pymortests/demos.py" line="159" name="test_demos[elliptic:&apos;--fv 0 0 0 0&apos;]" time="0.000993490219116211"><skipped message="Suite splitting in effect" type="pytest.skip">src/pymortests/demos.py:159: &lt;py._xmlgen.raw object at 0x7f1dd4c016a0&gt;</skipped></testcase><testcase classname="src.pymortests.demos" file="src/pymortests/demos.py" line="159" name="test_demos[elliptic:&apos;--fv 1 2 0 3&apos;]" time="0.0004649162292480469"><skipped message="Suite splitting in effect" type="pytest.skip">src/pymortests/demos.py:159: &lt;py._xmlgen.raw object at 0x7f1e0c344908&gt;</skipped></testcase><testcase classname="src.pymortests.demos" file="src/pymortests/demos.py" line="159" name="test_demos[elliptic:&apos;--fv --rect 1 2 0 3&apos;]" time="0.0004611015319824219"><skipped message="Suite splitting in effect" type="pytest.skip">src/pymortests/demos.py:159: &lt;py._xmlgen.raw object at 0x7f1dd4c60c88&gt;</skipped></testcase><testcase classname="src.pymortests.demos" file="src/pymortests/demos.py" line="159" name="test_demos[elliptic:&apos;--fv 0 0 2 1&apos;]" time="0.0004394054412841797"><skipped message="Suite splitting in effect" type="pytest.skip">src/pymortests/demos.py:159: &lt;py._xmlgen.raw object at 0x7f1dd4c57198&gt;</skipped></testcase><testcase classname="src.pymortests.demos" file="src/pymortests/demos.py" line="159" name="test_demos[elliptic2:&apos;1 20&apos;]" time="0.0004398822784423828"><skipped message="Suite splitting in effect" type="pytest.skip">src/pymortests/demos.py:159: &lt;py._xmlgen.raw object at 0x7f1dd4c6d080&gt;</skipped></testcase><testcase classname="src.pymortests.demos" file="src/pymortests/demos.py" line="159" name="test_demos[elliptic2:&apos;--fv 1 20&apos;]" time="0.0005195140838623047"><skipped message="Suite splitting in effect" type="pytest.skip">src/pymortests/demos.py:159: &lt;py._xmlgen.raw object at 0x7f1dd4c780b8&gt;</skipped></testcase><testcase classname="src.pymortests.demos" file="src/pymortests/demos.py" line="159" name="test_demos[elliptic_oned:&apos;1 20&apos;]" time="0.0004913806915283203"><skipped message="Suite splitting in effect" type="pytest.skip">src/pymortests/demos.py:159: &lt;py._xmlgen.raw object at 0x7f1dd4c78ba8&gt;</skipped></testcase><testcase classname="src.pymortests.demos" file="src/pymortests/demos.py" line="159" name="test_demos[elliptic_oned:&apos;--fv 1 20&apos;]" time="0.0004496574401855469"><skipped message="Suite splitting in effect" type="pytest.skip">src/pymortests/demos.py:159: &lt;py._xmlgen.raw object at 0x7f1dd4c01160&gt;</skipped></testcase><testcase classname="src.pymortests.demos" file="src/pymortests/demos.py" line="159" name="test_demos[burgers:&apos;--num-flux=lax_friedrichs 0.1&apos;]" time="0.0008149147033691406"><skipped message="Suite splitting in effect" type="pytest.skip">src/pymortests/demos.py:159: &lt;py._xmlgen.raw object at 0x7f1dd4c01cc0&gt;</skipped></testcase><testcase classname="src.pymortests.demos" file="src/pymortests/demos.py" line="159" name="test_demos[burgers:&apos;--num-flux=engquist_osher 0.1&apos;]" time="0.0005044937133789062"><skipped message="Suite splitting in effect" type="pytest.skip">src/pymortests/demos.py:159: &lt;py._xmlgen.raw object at 0x7f1dd4c78240&gt;</skipped></testcase><testcase classname="src.pymortests.demos" file="src/pymortests/demos.py" line="159" name="test_demos[burgers:&apos;--num-flux=simplified_engquist_osher 0.1&apos;]" time="0.0005030632019042969"><skipped message="Suite splitting in effect" type="pytest.skip">src/pymortests/demos.py:159: &lt;py._xmlgen.raw object at 0x7f1dd4c6d940&gt;</skipped></testcase><testcase classname="src.pymortests.demos" file="src/pymortests/demos.py" line="159" name="test_demos[parabolic:&apos;heat 1&apos;]" time="0.0004639625549316406"><skipped message="Suite splitting in effect" type="pytest.skip">src/pymortests/demos.py:159: &lt;py._xmlgen.raw object at 0x7f1dd4c57518&gt;</skipped></testcase><testcase classname="src.pymortests.demos" file="src/pymortests/demos.py" line="159" name="test_demos[parabolic:&apos;heat --rect 1&apos;]" time="0.00046539306640625"><skipped message="Suite splitting in effect" type="pytest.skip">src/pymortests/demos.py:159: &lt;py._xmlgen.raw object at 0x7f1dd4c60ef0&gt;</skipped></testcase><testcase classname="src.pymortests.demos" file="src/pymortests/demos.py" line="159" name="test_demos[parabolic:&apos;heat --fv 1&apos;]" time="0.00046253204345703125"><skipped message="Suite splitting in effect" type="pytest.skip">src/pymortests/demos.py:159: &lt;py._xmlgen.raw object at 0x7f1e0c3449b0&gt;</skipped></testcase><testcase classname="src.pymortests.demos" file="src/pymortests/demos.py" line="159" name="test_demos[parabolic:&apos;heat --rect --fv 1&apos;]" time="0.0004968643188476562"><skipped message="Suite splitting in effect" type="pytest.skip">src/pymortests/demos.py:159: &lt;py._xmlgen.raw object at 0x7f1dd4c01978&gt;</skipped></testcase><testcase classname="src.pymortests.demos" file="src/pymortests/demos.py" line="159" name="test_demos[parabolic:&apos;dar 1&apos;]" time="0.0004994869232177734"><skipped message="Suite splitting in effect" type="pytest.skip">src/pymortests/demos.py:159: &lt;py._xmlgen.raw object at 0x7f1dd4c01588&gt;</skipped></testcase><testcase classname="src.pymortests.demos" file="src/pymortests/demos.py" line="159" name="test_demos[parabolic:&apos;dar --rect 1&apos;]" time="0.0008797645568847656"><skipped message="Suite splitting in effect" type="pytest.skip">src/pymortests/demos.py:159: &lt;py._xmlgen.raw object at 0x7f1dd4c0b320&gt;</skipped></testcase><testcase classname="src.pymortests.demos" file="src/pymortests/demos.py" line="159" name="test_demos[elliptic_unstructured:&apos;6.0 16 0.1&apos;]" time="0.00044155120849609375"><skipped message="Suite splitting in effect" type="pytest.skip">src/pymortests/demos.py:159: &lt;py._xmlgen.raw object at 0x7f1dd4c01240&gt;</skipped></testcase><testcase classname="src.pymortests.demos" file="src/pymortests/demos.py" line="159" name="test_demos[thermalblock:&apos;--plot-solutions --plot-err --plot-error-sequence 2 2 3 5&apos;]" time="0.0004305839538574219"><skipped message="Suite splitting in effect" type="pytest.skip">src/pymortests/demos.py:159: &lt;py._xmlgen.raw object at 0x7f1e13c19b70&gt;</skipped></testcase><testcase classname="src.pymortests.demos" file="src/pymortests/demos.py" line="159" name="test_demos[thermalblock:&apos;--fenics 2 2 3 5&apos;]" time="0.00042819976806640625"><skipped message="Suite splitting in effect" type="pytest.skip">src/pymortests/demos.py:159: &lt;py._xmlgen.raw object at 0x7f1e0c369c18&gt;</skipped></testcase><testcase classname="src.pymortests.demos" file="src/pymortests/demos.py" line="159" name="test_demos[thermalblock:&apos;--greedy-without-estimator 3 1 2 5&apos;]" time="0.0004947185516357422"><skipped message="Suite splitting in effect" type="pytest.skip">src/pymortests/demos.py:159: &lt;py._xmlgen.raw object at 0x7f1e0c332c88&gt;</skipped></testcase><testcase classname="src.pymortests.demos" file="src/pymortests/demos.py" line="159" name="test_demos[thermalblock:&apos;--alg=pod 2 2 3 5&apos;]" time="0.00043964385986328125"><skipped message="Suite splitting in effect" type="pytest.skip">src/pymortests/demos.py:159: &lt;py._xmlgen.raw object at 0x7f1dd4c6dbe0&gt;</skipped></testcase><testcase classname="src.pymortests.demos" file="src/pymortests/demos.py" line="159" name="test_demos[thermalblock:&apos;--alg=adaptive_greedy 2 2 10 30&apos;]" time="0.00046253204345703125"><skipped message="Suite splitting in effect" type="pytest.skip">src/pymortests/demos.py:159: &lt;py._xmlgen.raw object at 0x7f1dd4c78ba8&gt;</skipped></testcase><testcase classname="src.pymortests.demos" file="src/pymortests/demos.py" line="159" name="test_demos[thermalblock:&apos;--alg=naive --reductor=traditional 2 2 10 5&apos;]" time="0.0004420280456542969"><skipped message="Suite splitting in effect" type="pytest.skip">src/pymortests/demos.py:159: &lt;py._xmlgen.raw object at 0x7f1dd4c0b198&gt;</skipped></testcase><testcase classname="src.pymortests.demos" file="src/pymortests/demos.py" line="159" name="test_demos[thermalblock_adaptive:&apos;10&apos;]" time="0.0008873939514160156"><skipped message="Suite splitting in effect" type="pytest.skip">src/pymortests/demos.py:159: &lt;py._xmlgen.raw object at 0x7f1dd4c0b940&gt;</skipped></testcase><testcase classname="src.pymortests.demos" file="src/pymortests/demos.py" line="159" name="test_demos[thermalblock_adaptive:&apos;--visualize-refinement 10&apos;]" time="0.0004284381866455078"><skipped message="Suite splitting in effect" type="pytest.skip">src/pymortests/demos.py:159: &lt;py._xmlgen.raw object at 0x7f1dd5229b38&gt;</skipped></testcase><testcase classname="src.pymortests.demos" file="src/pymortests/demos.py" line="159" name="test_demos[thermalblock_simple:&apos;pymor naive 2 10 10&apos;]" time="0.0004284381866455078"><skipped message="Suite splitting in effect" type="pytest.skip">src/pymortests/demos.py:159: &lt;py._xmlgen.raw object at 0x7f1e0c332dd8&gt;</skipped></testcase><testcase classname="src.pymortests.demos" file="src/pymortests/demos.py" line="159" name="test_demos[thermalblock_simple:&apos;fenics greedy 2 10 10&apos;]" time="0.0004665851593017578"><skipped message="Suite splitting in effect" type="pytest.skip">src/pymortests/demos.py:159: &lt;py._xmlgen.raw object at 0x7f1dfea38630&gt;</skipped></testcase><testcase classname="src.pymortests.demos" file="src/pymortests/demos.py" line="159" name="test_demos[thermalblock_simple:&apos;ngsolve greedy 2 10 10&apos;]" time="0.00047707557678222656"><skipped message="Suite splitting in effect" type="pytest.skip">src/pymortests/demos.py:159: &lt;py._xmlgen.raw object at 0x7f1e13c789b0&gt;</skipped></testcase><testcase classname="src.pymortests.demos" file="src/pymortests/demos.py" line="159" name="test_demos[thermalblock_simple:&apos;pymor-text adaptive_greedy -1 3 3&apos;]" time="0.0004918575286865234"><skipped message="Suite splitting in effect" type="pytest.skip">src/pymortests/demos.py:159: &lt;py._xmlgen.raw object at 0x7f1dd4c014a8&gt;</skipped></testcase><testcase classname="src.pymortests.demos" file="src/pymortests/demos.py" line="159" name="test_demos[thermalblock_gui:&apos;--testing 2 2 3 5&apos;]" time="0.0004322528839111328"><skipped message="Suite splitting in effect" type="pytest.skip">src/pymortests/demos.py:159: &lt;py._xmlgen.raw object at 0x7f1dd4c0ba58&gt;</skipped></testcase><testcase classname="src.pymortests.demos" file="src/pymortests/demos.py" line="159" name="test_demos[burgers_ei:&apos;1 2 2 5 2 5 --plot-ei-err&apos;]" time="0.0005714893341064453"><skipped message="Suite splitting in effect" type="pytest.skip">src/pymortests/demos.py:159: &lt;py._xmlgen.raw object at 0x7f1dd4c0b390&gt;</skipped></testcase><testcase classname="src.pymortests.demos" file="src/pymortests/demos.py" line="159" name="test_demos[burgers_ei:&apos;1 2 2 5 2 5 --ei-alg=deim&apos;]" time="0.0008721351623535156"><skipped message="Suite splitting in effect" type="pytest.skip">src/pymortests/demos.py:159: &lt;py._xmlgen.raw object at 0x7f1dd4c0bf60&gt;</skipped></testcase><testcase classname="src.pymortests.demos" file="src/pymortests/demos.py" line="159" name="test_demos[parabolic_mor:&apos;pymor greedy 2 3 1&apos;]" time="0.00047516822814941406"><skipped message="Suite splitting in effect" type="pytest.skip">src/pymortests/demos.py:159: &lt;py._xmlgen.raw object at 0x7f1dd4c0b390&gt;</skipped></testcase><testcase classname="src.pymortests.demos" file="src/pymortests/demos.py" line="159" name="test_demos[parabolic_mor:&apos;pymor pod 2 3 1&apos;]" time="0.0004622936248779297"><skipped message="Suite splitting in effect" type="pytest.skip">src/pymortests/demos.py:159: &lt;py._xmlgen.raw object at 0x7f1dd4c013c8&gt;</skipped></testcase><testcase classname="src.pymortests.demos" file="src/pymortests/demos.py" line="159" name="test_demos[parabolic_mor:&apos;fenics adaptive_greedy 2 3 1&apos;]" time="0.0004687309265136719"><skipped message="Suite splitting in effect" type="pytest.skip">src/pymortests/demos.py:159: &lt;py._xmlgen.raw object at 0x7f1e13c197b8&gt;</skipped></testcase><testcase classname="src.pymortests.demos" file="src/pymortests/demos.py" line="159" name="test_demos[heat:&apos;&apos;]" time="0.0004394054412841797"><skipped message="Suite splitting in effect" type="pytest.skip">src/pymortests/demos.py:159: &lt;py._xmlgen.raw object at 0x7f1dfea47588&gt;</skipped></testcase><testcase classname="src.pymortests.demos" file="src/pymortests/demos.py" line="159" name="test_demos[delay:&apos;&apos;]" time="0.0004761219024658203"><skipped message="Suite splitting in effect" type="pytest.skip">src/pymortests/demos.py:159: &lt;py._xmlgen.raw object at 0x7f1dfea38240&gt;</skipped></testcase><testcase classname="src.pymortests.demos" file="src/pymortests/demos.py" line="159" name="test_demos[string_equation:&apos;&apos;]" time="0.0005340576171875"><skipped message="Suite splitting in effect" type="pytest.skip">src/pymortests/demos.py:159: &lt;py._xmlgen.raw object at 0x7f1dd4c57c50&gt;</skipped></testcase><testcase classname="src.pymortests.demos" file="src/pymortests/demos.py" line="165" name="test_analyze_pickle1" time="0.0004711151123046875"><skipped message="Suite splitting in effect" type="pytest.skip">src/pymortests/demos.py:165: &lt;py._xmlgen.raw object at 0x7f1dd4c17080&gt;</skipped></testcase><testcase classname="src.pymortests.demos" file="src/pymortests/demos.py" line="175" name="test_analyze_pickle2" time="0.0008089542388916016"><skipped message="Suite splitting in effect" type="pytest.skip">src/pymortests/demos.py:175: &lt;py._xmlgen.raw object at 0x7f1dd4c175c0&gt;</skipped></testcase><testcase classname="src.pymortests.demos" file="src/pymortests/demos.py" line="186" name="test_analyze_pickle3" time="0.0004909038543701172"><skipped message="Suite splitting in effect" type="pytest.skip">src/pymortests/demos.py:186: &lt;py._xmlgen.raw object at 0x7f1dd4c6d6d8&gt;</skipped></testcase><testcase classname="src.pymortests.demos" file="src/pymortests/demos.py" line="197" name="test_analyze_pickle4" time="0.00047779083251953125"><skipped message="Suite splitting in effect" type="pytest.skip">src/pymortests/demos.py:197: &lt;py._xmlgen.raw object at 0x7f1dfea384e0&gt;</skipped></testcase><testcase classname="src.pymortests.demos" file="src/pymortests/demos.py" line="207" name="test_thermalblock_ipython[elliptic:&apos;0 0 0 0&apos;]" time="0.000553131103515625"><skipped message="Suite splitting in effect" type="pytest.skip">src/pymortests/demos.py:207: &lt;py._xmlgen.raw object at 0x7f1dd4c606d8&gt;</skipped></testcase><testcase classname="src.pymortests.demos" file="src/pymortests/demos.py" line="207" name="test_thermalblock_ipython[elliptic:&apos;1 2 0 3&apos;]" time="0.00046825408935546875"><skipped message="Suite splitting in effect" type="pytest.skip">src/pymortests/demos.py:207: &lt;py._xmlgen.raw object at 0x7f1dd4c01ef0&gt;</skipped></testcase><testcase classname="src.pymortests.demos" file="src/pymortests/demos.py" line="207" name="test_thermalblock_ipython[elliptic:&apos;--rect 1 2 0 3&apos;]" time="0.0004937648773193359"><skipped message="Suite splitting in effect" type="pytest.skip">src/pymortests/demos.py:207: &lt;py._xmlgen.raw object at 0x7f1dd4c0b9b0&gt;</skipped></testcase><testcase classname="src.pymortests.demos" file="src/pymortests/demos.py" line="207" name="test_thermalblock_ipython[elliptic:&apos;0 0 2 1&apos;]" time="0.00044035911560058594"><skipped message="Suite splitting in effect" type="pytest.skip">src/pymortests/demos.py:207: &lt;py._xmlgen.raw object at 0x7f1dd4c0be80&gt;</skipped></testcase><testcase classname="src.pymortests.demos" file="src/pymortests/demos.py" line="207" name="test_thermalblock_ipython[elliptic:&apos;--fv 0 0 0 0&apos;]" time="0.0004887580871582031"><skipped message="Suite splitting in effect" type="pytest.skip">src/pymortests/demos.py:207: &lt;py._xmlgen.raw object at 0x7f1dd4c17240&gt;</skipped></testcase><testcase classname="src.pymortests.demos" file="src/pymortests/demos.py" line="207" name="test_thermalblock_ipython[elliptic:&apos;--fv 1 2 0 3&apos;]" time="0.0011184215545654297"><skipped message="Suite splitting in effect" type="pytest.skip">src/pymortests/demos.py:207: &lt;py._xmlgen.raw object at 0x7f1dd4c17be0&gt;</skipped></testcase><testcase classname="src.pymortests.demos" file="src/pymortests/demos.py" line="207" name="test_thermalblock_ipython[elliptic:&apos;--fv --rect 1 2 0 3&apos;]" time="0.0004439353942871094"><skipped message="Suite splitting in effect" type="pytest.skip">src/pymortests/demos.py:207: &lt;py._xmlgen.raw object at 0x7f1dfea479b0&gt;</skipped></testcase><testcase classname="src.pymortests.demos" file="src/pymortests/demos.py" line="207" name="test_thermalblock_ipython[elliptic:&apos;--fv 0 0 2 1&apos;]" time="0.00044035911560058594"><skipped message="Suite splitting in effect" type="pytest.skip">src/pymortests/demos.py:207: &lt;py._xmlgen.raw object at 0x7f1dd5232c18&gt;</skipped></testcase><testcase classname="src.pymortests.demos" file="src/pymortests/demos.py" line="207" name="test_thermalblock_ipython[elliptic2:&apos;1 20&apos;]" time="0.0005316734313964844"><skipped message="Suite splitting in effect" type="pytest.skip">src/pymortests/demos.py:207: &lt;py._xmlgen.raw object at 0x7f1dd4c0b160&gt;</skipped></testcase><testcase classname="src.pymortests.demos" file="src/pymortests/demos.py" line="207" name="test_thermalblock_ipython[elliptic2:&apos;--fv 1 20&apos;]" time="0.0004928112030029297"><skipped message="Suite splitting in effect" type="pytest.skip">src/pymortests/demos.py:207: &lt;py._xmlgen.raw object at 0x7f1dd4c01da0&gt;</skipped></testcase><testcase classname="src.pymortests.demos" file="src/pymortests/demos.py" line="207" name="test_thermalblock_ipython[elliptic_oned:&apos;1 20&apos;]" time="0.0005207061767578125"><skipped message="Suite splitting in effect" type="pytest.skip">src/pymortests/demos.py:207: &lt;py._xmlgen.raw object at 0x7f1dd4c016d8&gt;</skipped></testcase><testcase classname="src.pymortests.demos" file="src/pymortests/demos.py" line="207" name="test_thermalblock_ipython[elliptic_oned:&apos;--fv 1 20&apos;]" time="0.0004787445068359375"><skipped message="Suite splitting in effect" type="pytest.skip">src/pymortests/demos.py:207: &lt;py._xmlgen.raw object at 0x7f1dd4c78438&gt;</skipped></testcase><testcase classname="src.pymortests.demos" file="src/pymortests/demos.py" line="207" name="test_thermalblock_ipython[burgers:&apos;--num-flux=lax_friedrichs 0.1&apos;]" time="0.0004456043243408203"><skipped message="Suite splitting in effect" type="pytest.skip">src/pymortests/demos.py:207: &lt;py._xmlgen.raw object at 0x7f1dd4c6dcf8&gt;</skipped></testcase><testcase classname="src.pymortests.demos" file="src/pymortests/demos.py" line="207" name="test_thermalblock_ipython[burgers:&apos;--num-flux=engquist_osher 0.1&apos;]" time="0.0004889965057373047"><skipped message="Suite splitting in effect" type="pytest.skip">src/pymortests/demos.py:207: &lt;py._xmlgen.raw object at 0x7f1e13c789b0&gt;</skipped></testcase><testcase classname="src.pymortests.demos" file="src/pymortests/demos.py" line="207" name="test_thermalblock_ipython[burgers:&apos;--num-flux=simplified_engquist_osher 0.1&apos;]" time="0.00083160400390625"><skipped message="Suite splitting in effect" type="pytest.skip">src/pymortests/demos.py:207: &lt;py._xmlgen.raw object at 0x7f1dd4c6de80&gt;</skipped></testcase><testcase classname="src.pymortests.demos" file="src/pymortests/demos.py" line="207" name="test_thermalblock_ipython[parabolic:&apos;heat 1&apos;]" time="0.00045108795166015625"><skipped message="Suite splitting in effect" type="pytest.skip">src/pymortests/demos.py:207: &lt;py._xmlgen.raw object at 0x7f1dd4c78940&gt;</skipped></testcase><testcase classname="src.pymortests.demos" file="src/pymortests/demos.py" line="207" name="test_thermalblock_ipython[parabolic:&apos;heat --rect 1&apos;]" time="0.0004763603210449219"><skipped message="Suite splitting in effect" type="pytest.skip">src/pymortests/demos.py:207: &lt;py._xmlgen.raw object at 0x7f1dd4c01668&gt;</skipped></testcase><testcase classname="src.pymortests.demos" file="src/pymortests/demos.py" line="207" name="test_thermalblock_ipython[parabolic:&apos;heat --fv 1&apos;]" time="0.0004870891571044922"><skipped message="Suite splitting in effect" type="pytest.skip">src/pymortests/demos.py:207: &lt;py._xmlgen.raw object at 0x7f1dd4c0ba58&gt;</skipped></testcase><testcase classname="src.pymortests.demos" file="src/pymortests/demos.py" line="207" name="test_thermalblock_ipython[parabolic:&apos;heat --rect --fv 1&apos;]" time="0.0006067752838134766"><skipped message="Suite splitting in effect" type="pytest.skip">src/pymortests/demos.py:207: &lt;py._xmlgen.raw object at 0x7f1dd4c0b4a8&gt;</skipped></testcase><testcase classname="src.pymortests.demos" file="src/pymortests/demos.py" line="207" name="test_thermalblock_ipython[parabolic:&apos;dar 1&apos;]" time="0.0005657672882080078"><skipped message="Suite splitting in effect" type="pytest.skip">src/pymortests/demos.py:207: &lt;py._xmlgen.raw object at 0x7f1dfea38630&gt;</skipped></testcase><testcase classname="src.pymortests.demos" file="src/pymortests/demos.py" line="207" name="test_thermalblock_ipython[parabolic:&apos;dar --rect 1&apos;]" time="0.0005314350128173828"><skipped message="Suite splitting in effect" type="pytest.skip">src/pymortests/demos.py:207: &lt;py._xmlgen.raw object at 0x7f1dfea47b00&gt;</skipped></testcase><testcase classname="src.pymortests.demos" file="src/pymortests/demos.py" line="207" name="test_thermalblock_ipython[elliptic_unstructured:&apos;6.0 16 0.1&apos;]" time="0.0004889965057373047"><skipped message="Suite splitting in effect" type="pytest.skip">src/pymortests/demos.py:207: &lt;py._xmlgen.raw object at 0x7f1dd4c17c88&gt;</skipped></testcase><testcase classname="src.pymortests.demos" file="src/pymortests/demos.py" line="207" name="test_thermalblock_ipython[thermalblock:&apos;--plot-solutions --plot-err --plot-error-sequence 2 2 3 5&apos;]" time="0.0007615089416503906"><skipped message="Suite splitting in effect" type="pytest.skip">src/pymortests/demos.py:207: &lt;py._xmlgen.raw object at 0x7f1dd4c3d0b8&gt;</skipped></testcase><testcase classname="src.pymortests.demos" file="src/pymortests/demos.py" line="207" name="test_thermalblock_ipython[thermalblock:&apos;--fenics 2 2 3 5&apos;]" time="0.0004832744598388672"><skipped message="Suite splitting in effect" type="pytest.skip">src/pymortests/demos.py:207: &lt;py._xmlgen.raw object at 0x7f1dfea25fd0&gt;</skipped></testcase><testcase classname="src.pymortests.demos" file="src/pymortests/demos.py" line="207" name="test_thermalblock_ipython[thermalblock:&apos;--greedy-without-estimator 3 1 2 5&apos;]" time="0.0005137920379638672"><skipped message="Suite splitting in effect" type="pytest.skip">src/pymortests/demos.py:207: &lt;py._xmlgen.raw object at 0x7f1dd4c0bb00&gt;</skipped></testcase><testcase classname="src.pymortests.demos" file="src/pymortests/demos.py" line="207" name="test_thermalblock_ipython[thermalblock:&apos;--alg=pod 2 2 3 5&apos;]" time="0.0004887580871582031"><skipped message="Suite splitting in effect" type="pytest.skip">src/pymortests/demos.py:207: &lt;py._xmlgen.raw object at 0x7f1dd4c01860&gt;</skipped></testcase><testcase classname="src.pymortests.demos" file="src/pymortests/demos.py" line="207" name="test_thermalblock_ipython[thermalblock:&apos;--alg=adaptive_greedy 2 2 10 30&apos;]" time="0.00046753883361816406"><skipped message="Suite splitting in effect" type="pytest.skip">src/pymortests/demos.py:207: &lt;py._xmlgen.raw object at 0x7f1dd4c78b70&gt;</skipped></testcase><testcase classname="src.pymortests.demos" file="src/pymortests/demos.py" line="207" name="test_thermalblock_ipython[thermalblock:&apos;--alg=naive --reductor=traditional 2 2 10 5&apos;]" time="0.0004324913024902344"><skipped message="Suite splitting in effect" type="pytest.skip">src/pymortests/demos.py:207: &lt;py._xmlgen.raw object at 0x7f1dfe9ed160&gt;</skipped></testcase><testcase classname="src.pymortests.demos" file="src/pymortests/demos.py" line="207" name="test_thermalblock_ipython[thermalblock_adaptive:&apos;10&apos;]" time="0.00047850608825683594"><skipped message="Suite splitting in effect" type="pytest.skip">src/pymortests/demos.py:207: &lt;py._xmlgen.raw object at 0x7f1dd4c17748&gt;</skipped></testcase><testcase classname="src.pymortests.demos" file="src/pymortests/demos.py" line="207" name="test_thermalblock_ipython[thermalblock_adaptive:&apos;--visualize-refinement 10&apos;]" time="0.0004608631134033203"><skipped message="Suite splitting in effect" type="pytest.skip">src/pymortests/demos.py:207: &lt;py._xmlgen.raw object at 0x7f1dd4c175c0&gt;</skipped></testcase><testcase classname="src.pymortests.demos" file="src/pymortests/demos.py" line="207" name="test_thermalblock_ipython[thermalblock_simple:&apos;pymor naive 2 10 10&apos;]" time="0.0011799335479736328"><skipped message="Suite splitting in effect" type="pytest.skip">src/pymortests/demos.py:207: &lt;py._xmlgen.raw object at 0x7f1dd4c252e8&gt;</skipped></testcase><testcase classname="src.pymortests.demos" file="src/pymortests/demos.py" line="207" name="test_thermalblock_ipython[thermalblock_simple:&apos;fenics greedy 2 10 10&apos;]" time="0.0004482269287109375"><skipped message="Suite splitting in effect" type="pytest.skip">src/pymortests/demos.py:207: &lt;py._xmlgen.raw object at 0x7f1dd4c17cc0&gt;</skipped></testcase><testcase classname="src.pymortests.demos" file="src/pymortests/demos.py" line="207" name="test_thermalblock_ipython[thermalblock_simple:&apos;ngsolve greedy 2 10 10&apos;]" time="0.000545501708984375"><skipped message="Suite splitting in effect" type="pytest.skip">src/pymortests/demos.py:207: &lt;py._xmlgen.raw object at 0x7f1dfe9edbe0&gt;</skipped></testcase><testcase classname="src.pymortests.demos" file="src/pymortests/demos.py" line="207" name="test_thermalblock_ipython[thermalblock_simple:&apos;pymor-text adaptive_greedy -1 3 3&apos;]" time="0.0005078315734863281"><skipped message="Suite splitting in effect" type="pytest.skip">src/pymortests/demos.py:207: &lt;py._xmlgen.raw object at 0x7f1dd4c78b38&gt;</skipped></testcase><testcase classname="src.pymortests.demos" file="src/pymortests/demos.py" line="207" name="test_thermalblock_ipython[thermalblock_gui:&apos;--testing 2 2 3 5&apos;]" time="0.00048732757568359375"><skipped message="Suite splitting in effect" type="pytest.skip">src/pymortests/demos.py:207: &lt;py._xmlgen.raw object at 0x7f1dd4c01550&gt;</skipped></testcase><testcase classname="src.pymortests.demos" file="src/pymortests/demos.py" line="207" name="test_thermalblock_ipython[burgers_ei:&apos;1 2 2 5 2 5 --plot-ei-err&apos;]" time="0.0006022453308105469"><skipped message="Suite splitting in effect" type="pytest.skip">src/pymortests/demos.py:207: &lt;py._xmlgen.raw object at 0x7f1dd4c0ba58&gt;</skipped></testcase><testcase classname="src.pymortests.demos" file="src/pymortests/demos.py" line="207" name="test_thermalblock_ipython[burgers_ei:&apos;1 2 2 5 2 5 --ei-alg=deim&apos;]" time="0.0004942417144775391"><skipped message="Suite splitting in effect" type="pytest.skip">src/pymortests/demos.py:207: &lt;py._xmlgen.raw object at 0x7f1dfe9d9b38&gt;</skipped></testcase><testcase classname="src.pymortests.demos" file="src/pymortests/demos.py" line="207" name="test_thermalblock_ipython[parabolic_mor:&apos;pymor greedy 2 3 1&apos;]" time="0.0005354881286621094"><skipped message="Suite splitting in effect" type="pytest.skip">src/pymortests/demos.py:207: &lt;py._xmlgen.raw object at 0x7f1dd4c251d0&gt;</skipped></testcase><testcase classname="src.pymortests.demos" file="src/pymortests/demos.py" line="207" name="test_thermalblock_ipython[parabolic_mor:&apos;pymor pod 2 3 1&apos;]" time="0.0007588863372802734"><skipped message="Suite splitting in effect" type="pytest.skip">src/pymortests/demos.py:207: &lt;py._xmlgen.raw object at 0x7f1dd4c25828&gt;</skipped></testcase><testcase classname="src.pymortests.demos" file="src/pymortests/demos.py" line="207" name="test_thermalblock_ipython[parabolic_mor:&apos;fenics adaptive_greedy 2 3 1&apos;]" time="0.0004661083221435547"><skipped message="Suite splitting in effect" type="pytest.skip">src/pymortests/demos.py:207: &lt;py._xmlgen.raw object at 0x7f1dfe9d9b38&gt;</skipped></testcase><testcase classname="src.pymortests.demos" file="src/pymortests/demos.py" line="207" name="test_thermalblock_ipython[heat:&apos;&apos;]" time="0.0005056858062744141"><skipped message="Suite splitting in effect" type="pytest.skip">src/pymortests/demos.py:207: &lt;py._xmlgen.raw object at 0x7f1dfea384e0&gt;</skipped></testcase><testcase classname="src.pymortests.demos" file="src/pymortests/demos.py" line="207" name="test_thermalblock_ipython[delay:&apos;&apos;]" time="0.00046324729919433594"><skipped message="Suite splitting in effect" type="pytest.skip">src/pymortests/demos.py:207: &lt;py._xmlgen.raw object at 0x7f1dd4c4acf8&gt;</skipped></testcase><testcase classname="src.pymortests.demos" file="src/pymortests/demos.py" line="207" name="test_thermalblock_ipython[string_equation:&apos;&apos;]" time="0.0005047321319580078"><skipped message="Suite splitting in effect" type="pytest.skip">src/pymortests/demos.py:207: &lt;py._xmlgen.raw object at 0x7f1dfe9ed4a8&gt;</skipped></testcase><testcase classname="src.pymortests.demos" file="src/pymortests/demos.py" line="221" name="test_thermalblock_results[thermalblock:&apos;--plot-solutions --plot-err --plot-error-sequence 2 2 3 5&apos;]" time="0.00047898292541503906"><skipped message="Suite splitting in effect" type="pytest.skip">src/pymortests/demos.py:221: &lt;py._xmlgen.raw object at 0x7f1dd4c17f60&gt;</skipped></testcase><testcase classname="src.pymortests.demos" file="src/pymortests/demos.py" line="221" name="test_thermalblock_results[thermalblock:&apos;--fenics 2 2 3 5&apos;]" time="0.0006132125854492188"><skipped message="Suite splitting in effect" type="pytest.skip">src/pymortests/demos.py:221: &lt;py._xmlgen.raw object at 0x7f1dd4c25550&gt;</skipped></testcase><testcase classname="src.pymortests.demos" file="src/pymortests/demos.py" line="221" name="test_thermalblock_results[thermalblock:&apos;--greedy-without-estimator 3 1 2 5&apos;]" time="0.0005924701690673828"><skipped message="Suite splitting in effect" type="pytest.skip">src/pymortests/demos.py:221: &lt;py._xmlgen.raw object at 0x7f1dd4c25048&gt;</skipped></testcase><testcase classname="src.pymortests.demos" file="src/pymortests/demos.py" line="221" name="test_thermalblock_results[thermalblock:&apos;--alg=pod 2 2 3 5&apos;]" time="0.0008695125579833984"><skipped message="Suite splitting in effect" type="pytest.skip">src/pymortests/demos.py:221: &lt;py._xmlgen.raw object at 0x7f1dd4c25e48&gt;</skipped></testcase><testcase classname="src.pymortests.demos" file="src/pymortests/demos.py" line="221" name="test_thermalblock_results[thermalblock:&apos;--alg=adaptive_greedy 2 2 10 30&apos;]" time="0.0004870891571044922"><skipped message="Suite splitting in effect" type="pytest.skip">src/pymortests/demos.py:221: &lt;py._xmlgen.raw object at 0x7f1dd4c6d7b8&gt;</skipped></testcase><testcase classname="src.pymortests.demos" file="src/pymortests/demos.py" line="221" name="test_thermalblock_results[thermalblock:&apos;--alg=naive --reductor=traditional 2 2 10 5&apos;]" time="0.00048089027404785156"><skipped message="Suite splitting in effect" type="pytest.skip">src/pymortests/demos.py:221: &lt;py._xmlgen.raw object at 0x7f1dd4c78dd8&gt;</skipped></testcase><testcase classname="src.pymortests.demos" file="src/pymortests/demos.py" line="234" name="test_burgers_ei_results" time="0.0004949569702148438"><skipped message="Suite splitting in effect" type="pytest.skip">src/pymortests/demos.py:234: &lt;py._xmlgen.raw object at 0x7f1e13c3f390&gt;</skipped></testcase><testcase classname="src.pymortests.demos" file="src/pymortests/demos.py" line="243" name="test_parabolic_mor_results" time="0.0004379749298095703"><skipped message="Suite splitting in effect" type="pytest.skip">src/pymortests/demos.py:243: &lt;py._xmlgen.raw object at 0x7f1dfe9d9f28&gt;</skipped></testcase><testcase classname="src.pymortests.discretization" file="src/pymortests/discretization.py" line="13" name="test_pickle[&lt;lambda&gt;0]" time="0.0005795955657958984"><skipped message="Suite splitting in effect" type="pytest.skip">src/pymortests/discretization.py:13: &lt;py._xmlgen.raw object at 0x7f1dfe9fe2b0&gt;</skipped></testcase><testcase classname="src.pymortests.discretization" file="src/pymortests/discretization.py" line="13" name="test_pickle[&lt;lambda&gt;1]" time="0.00047516822814941406"><skipped message="Suite splitting in effect" type="pytest.skip">src/pymortests/discretization.py:13: &lt;py._xmlgen.raw object at 0x7f1dd4c25c50&gt;</skipped></testcase><testcase classname="src.pymortests.discretization" file="src/pymortests/discretization.py" line="13" name="test_pickle[&lt;lambda&gt;2]" time="0.00043511390686035156"><skipped message="Suite splitting in effect" type="pytest.skip">src/pymortests/discretization.py:13: &lt;py._xmlgen.raw object at 0x7f1dd4c25438&gt;</skipped></testcase><testcase classname="src.pymortests.discretization" file="src/pymortests/discretization.py" line="13" name="test_pickle[&lt;lambda&gt;3]" time="0.0007646083831787109"><skipped message="Suite splitting in effect" type="pytest.skip">src/pymortests/discretization.py:13: &lt;py._xmlgen.raw object at 0x7f1dd4c314e0&gt;</skipped></testcase><testcase classname="src.pymortests.discretization" file="src/pymortests/discretization.py" line="13" name="test_pickle[&lt;lambda&gt;4]" time="0.0004489421844482422"><skipped message="Suite splitting in effect" type="pytest.skip">src/pymortests/discretization.py:13: &lt;py._xmlgen.raw object at 0x7f1dd4c25a58&gt;</skipped></testcase><testcase classname="src.pymortests.discretization" file="src/pymortests/discretization.py" line="13" name="test_pickle[&lt;lambda&gt;5]" time="0.0004849433898925781"><skipped message="Suite splitting in effect" type="pytest.skip">src/pymortests/discretization.py:13: &lt;py._xmlgen.raw object at 0x7f1dfe9febe0&gt;</skipped></testcase><testcase classname="src.pymortests.discretization" file="src/pymortests/discretization.py" line="13" name="test_pickle[&lt;lambda&gt;6]" time="0.0005655288696289062"><skipped message="Suite splitting in effect" type="pytest.skip">src/pymortests/discretization.py:13: &lt;py._xmlgen.raw object at 0x7f1dd4c0b9b0&gt;</skipped></testcase><testcase classname="src.pymortests.discretization" file="src/pymortests/discretization.py" line="13" name="test_pickle[&lt;lambda&gt;7]" time="0.0005021095275878906"><skipped message="Suite splitting in effect" type="pytest.skip">src/pymortests/discretization.py:13: &lt;py._xmlgen.raw object at 0x7f1dd4c01c88&gt;</skipped></testcase><testcase classname="src.pymortests.discretization" file="src/pymortests/discretization.py" line="13" name="test_pickle[&lt;lambda&gt;8]" time="0.00044846534729003906"><skipped message="Suite splitting in effect" type="pytest.skip">src/pymortests/discretization.py:13: &lt;py._xmlgen.raw object at 0x7f1dfe9edf28&gt;</skipped></testcase><testcase classname="src.pymortests.discretization" file="src/pymortests/discretization.py" line="13" name="test_pickle[&lt;lambda&gt;9]" time="0.0004909038543701172"><skipped message="Suite splitting in effect" type="pytest.skip">src/pymortests/discretization.py:13: &lt;py._xmlgen.raw object at 0x7f1dd4c17128&gt;</skipped></testcase><testcase classname="src.pymortests.discretization" file="src/pymortests/discretization.py" line="13" name="test_pickle[&lt;lambda&gt;10]" time="0.0004975795745849609"><skipped message="Suite splitting in effect" type="pytest.skip">src/pymortests/discretization.py:13: &lt;py._xmlgen.raw object at 0x7f1dd4c31400&gt;</skipped></testcase><testcase classname="src.pymortests.discretization" file="src/pymortests/discretization.py" line="13" name="test_pickle[&lt;lambda&gt;11]" time="0.0007958412170410156"><skipped message="Suite splitting in effect" type="pytest.skip">src/pymortests/discretization.py:13: &lt;py._xmlgen.raw object at 0x7f1dd4c31b00&gt;</skipped></testcase><testcase classname="src.pymortests.discretization" file="src/pymortests/discretization.py" line="13" name="test_pickle[&lt;lambda&gt;12]" time="0.00048542022705078125"><skipped message="Suite splitting in effect" type="pytest.skip">src/pymortests/discretization.py:13: &lt;py._xmlgen.raw object at 0x7f1dd4c78400&gt;</skipped></testcase><testcase classname="src.pymortests.discretization" file="src/pymortests/discretization.py" line="13" name="test_pickle[&lt;lambda&gt;13]" time="0.0004825592041015625"><skipped message="Suite splitting in effect" type="pytest.skip">src/pymortests/discretization.py:13: &lt;py._xmlgen.raw object at 0x7f1dd4c01e80&gt;</skipped></testcase><testcase classname="src.pymortests.discretization" file="src/pymortests/discretization.py" line="13" name="test_pickle[&lt;lambda&gt;14]" time="0.0004935264587402344"><skipped message="Suite splitting in effect" type="pytest.skip">src/pymortests/discretization.py:13: &lt;py._xmlgen.raw object at 0x7f1dd4c0bcc0&gt;</skipped></testcase><testcase classname="src.pymortests.discretization" file="src/pymortests/discretization.py" line="13" name="test_pickle[&lt;lambda&gt;15]" time="0.0004949569702148438"><skipped message="Suite splitting in effect" type="pytest.skip">src/pymortests/discretization.py:13: &lt;py._xmlgen.raw object at 0x7f1dfe9fed30&gt;</skipped></testcase><testcase classname="src.pymortests.discretization" file="src/pymortests/discretization.py" line="13" name="test_pickle[&lt;lambda&gt;16]" time="0.00046706199645996094"><skipped message="Suite splitting in effect" type="pytest.skip">src/pymortests/discretization.py:13: &lt;py._xmlgen.raw object at 0x7f1dd4c25d30&gt;</skipped></testcase><testcase classname="src.pymortests.discretization" file="src/pymortests/discretization.py" line="13" name="test_pickle[&lt;lambda&gt;17]" time="0.0004572868347167969"><skipped message="Suite splitting in effect" type="pytest.skip">src/pymortests/discretization.py:13: &lt;py._xmlgen.raw object at 0x7f1dd4c317f0&gt;</skipped></testcase><testcase classname="src.pymortests.discretization" file="src/pymortests/discretization.py" line="13" name="test_pickle[&lt;lambda&gt;18]" time="0.0004410743713378906"><skipped message="Suite splitting in effect" type="pytest.skip">src/pymortests/discretization.py:13: &lt;py._xmlgen.raw object at 0x7f1dd4c31240&gt;</skipped></testcase><testcase classname="src.pymortests.discretization" file="src/pymortests/discretization.py" line="13" name="test_pickle[&lt;lambda&gt;19]" time="0.0008003711700439453"><skipped message="Suite splitting in effect" type="pytest.skip">src/pymortests/discretization.py:13: &lt;py._xmlgen.raw object at 0x7f1dd4bbb160&gt;</skipped></testcase><testcase classname="src.pymortests.discretization" file="src/pymortests/discretization.py" line="13" name="test_pickle[&lt;lambda&gt;20]" time="0.00046753883361816406"><skipped message="Suite splitting in effect" type="pytest.skip">src/pymortests/discretization.py:13: &lt;py._xmlgen.raw object at 0x7f1dd4c31080&gt;</skipped></testcase><testcase classname="src.pymortests.discretization" file="src/pymortests/discretization.py" line="13" name="test_pickle[&lt;lambda&gt;21]" time="0.00042891502380371094"><skipped message="Suite splitting in effect" type="pytest.skip">src/pymortests/discretization.py:13: &lt;py._xmlgen.raw object at 0x7f1dd4c250b8&gt;</skipped></testcase><testcase classname="src.pymortests.discretization" file="src/pymortests/discretization.py" line="13" name="test_pickle[&lt;lambda&gt;22]" time="0.0004858970642089844"><skipped message="Suite splitting in effect" type="pytest.skip">src/pymortests/discretization.py:13: &lt;py._xmlgen.raw object at 0x7f1dfe9febe0&gt;</skipped></testcase><testcase classname="src.pymortests.discretization" file="src/pymortests/discretization.py" line="13" name="test_pickle[&lt;lambda&gt;23]" time="0.0004684925079345703"><skipped message="Suite splitting in effect" type="pytest.skip">src/pymortests/discretization.py:13: &lt;py._xmlgen.raw object at 0x7f1dfe9d9f28&gt;</skipped></testcase><testcase classname="src.pymortests.discretization" file="src/pymortests/discretization.py" line="17" name="test_pickle_without_dumps_function[&lt;lambda&gt;0]" time="0.000518798828125"><skipped message="Suite splitting in effect" type="pytest.skip">src/pymortests/discretization.py:17: &lt;py._xmlgen.raw object at 0x7f1dfe9ed208&gt;</skipped></testcase><testcase classname="src.pymortests.discretization" file="src/pymortests/discretization.py" line="17" name="test_pickle_without_dumps_function[&lt;lambda&gt;1]" time="0.00046062469482421875"><skipped message="Suite splitting in effect" type="pytest.skip">src/pymortests/discretization.py:17: &lt;py._xmlgen.raw object at 0x7f1dfe765710&gt;</skipped></testcase><testcase classname="src.pymortests.discretization" file="src/pymortests/discretization.py" line="17" name="test_pickle_without_dumps_function[&lt;lambda&gt;2]" time="0.0004532337188720703"><skipped message="Suite splitting in effect" type="pytest.skip">src/pymortests/discretization.py:17: &lt;py._xmlgen.raw object at 0x7f1dd4bbb1d0&gt;</skipped></testcase><testcase classname="src.pymortests.discretization" file="src/pymortests/discretization.py" line="17" name="test_pickle_without_dumps_function[&lt;lambda&gt;3]" time="0.0007693767547607422"><skipped message="Suite splitting in effect" type="pytest.skip">src/pymortests/discretization.py:17: &lt;py._xmlgen.raw object at 0x7f1dd4bbb780&gt;</skipped></testcase><testcase classname="src.pymortests.discretization" file="src/pymortests/discretization.py" line="17" name="test_pickle_without_dumps_function[&lt;lambda&gt;4]" time="0.00048279762268066406"><skipped message="Suite splitting in effect" type="pytest.skip">src/pymortests/discretization.py:17: &lt;py._xmlgen.raw object at 0x7f1dfe765710&gt;</skipped></testcase><testcase classname="src.pymortests.discretization" file="src/pymortests/discretization.py" line="17" name="test_pickle_without_dumps_function[&lt;lambda&gt;5]" time="0.00047659873962402344"><skipped message="Suite splitting in effect" type="pytest.skip">src/pymortests/discretization.py:17: &lt;py._xmlgen.raw object at 0x7f1dd4c01e80&gt;</skipped></testcase><testcase classname="src.pymortests.discretization" file="src/pymortests/discretization.py" line="17" name="test_pickle_without_dumps_function[&lt;lambda&gt;6]" time="0.0004858970642089844"><skipped message="Suite splitting in effect" type="pytest.skip">src/pymortests/discretization.py:17: &lt;py._xmlgen.raw object at 0x7f1dfe844f98&gt;</skipped></testcase><testcase classname="src.pymortests.discretization" file="src/pymortests/discretization.py" line="17" name="test_pickle_without_dumps_function[&lt;lambda&gt;7]" time="0.00045228004455566406"><skipped message="Suite splitting in effect" type="pytest.skip">src/pymortests/discretization.py:17: &lt;py._xmlgen.raw object at 0x7f1dd4c25518&gt;</skipped></testcase><testcase classname="src.pymortests.discretization" file="src/pymortests/discretization.py" line="17" name="test_pickle_without_dumps_function[&lt;lambda&gt;8]" time="0.00046563148498535156"><skipped message="Suite splitting in effect" type="pytest.skip">src/pymortests/discretization.py:17: &lt;py._xmlgen.raw object at 0x7f1dd4c31ba8&gt;</skipped></testcase><testcase classname="src.pymortests.discretization" file="src/pymortests/discretization.py" line="17" name="test_pickle_without_dumps_function[&lt;lambda&gt;9]" time="0.0004773139953613281"><skipped message="Suite splitting in effect" type="pytest.skip">src/pymortests/discretization.py:17: &lt;py._xmlgen.raw object at 0x7f1dd4c31cf8&gt;</skipped></testcase><testcase classname="src.pymortests.discretization" file="src/pymortests/discretization.py" line="17" name="test_pickle_without_dumps_function[&lt;lambda&gt;10]" time="0.0004935264587402344"><skipped message="Suite splitting in effect" type="pytest.skip">src/pymortests/discretization.py:17: &lt;py._xmlgen.raw object at 0x7f1dd4bbb2b0&gt;</skipped></testcase><testcase classname="src.pymortests.discretization" file="src/pymortests/discretization.py" line="17" name="test_pickle_without_dumps_function[&lt;lambda&gt;11]" time="0.0008027553558349609"><skipped message="Suite splitting in effect" type="pytest.skip">src/pymortests/discretization.py:17: &lt;py._xmlgen.raw object at 0x7f1dd4bbbda0&gt;</skipped></testcase><testcase classname="src.pymortests.discretization" file="src/pymortests/discretization.py" line="17" name="test_pickle_without_dumps_function[&lt;lambda&gt;12]" time="0.00048279762268066406"><skipped message="Suite splitting in effect" type="pytest.skip">src/pymortests/discretization.py:17: &lt;py._xmlgen.raw object at 0x7f1dd4c317f0&gt;</skipped></testcase><testcase classname="src.pymortests.discretization" file="src/pymortests/discretization.py" line="17" name="test_pickle_without_dumps_function[&lt;lambda&gt;13]" time="0.00046133995056152344"><skipped message="Suite splitting in effect" type="pytest.skip">src/pymortests/discretization.py:17: &lt;py._xmlgen.raw object at 0x7f1dd4c25940&gt;</skipped></testcase><testcase classname="src.pymortests.discretization" file="src/pymortests/discretization.py" line="17" name="test_pickle_without_dumps_function[&lt;lambda&gt;14]" time="0.0004715919494628906"><skipped message="Suite splitting in effect" type="pytest.skip">src/pymortests/discretization.py:17: &lt;py._xmlgen.raw object at 0x7f1e0c49e240&gt;</skipped></testcase><testcase classname="src.pymortests.discretization" file="src/pymortests/discretization.py" line="17" name="test_pickle_without_dumps_function[&lt;lambda&gt;15]" time="0.00044226646423339844"><skipped message="Suite splitting in effect" type="pytest.skip">src/pymortests/discretization.py:17: &lt;py._xmlgen.raw object at 0x7f1dfe7767b8&gt;</skipped></testcase><testcase classname="src.pymortests.discretization" file="src/pymortests/discretization.py" line="17" name="test_pickle_without_dumps_function[&lt;lambda&gt;16]" time="0.0004918575286865234"><skipped message="Suite splitting in effect" type="pytest.skip">src/pymortests/discretization.py:17: &lt;py._xmlgen.raw object at 0x7f1dd4c78048&gt;</skipped></testcase><testcase classname="src.pymortests.discretization" file="src/pymortests/discretization.py" line="17" name="test_pickle_without_dumps_function[&lt;lambda&gt;17]" time="0.0005114078521728516"><skipped message="Suite splitting in effect" type="pytest.skip">src/pymortests/discretization.py:17: &lt;py._xmlgen.raw object at 0x7f1dd4bbb1d0&gt;</skipped></testcase><testcase classname="src.pymortests.discretization" file="src/pymortests/discretization.py" line="17" name="test_pickle_without_dumps_function[&lt;lambda&gt;18]" time="0.00042891502380371094"><skipped message="Suite splitting in effect" type="pytest.skip">src/pymortests/discretization.py:17: &lt;py._xmlgen.raw object at 0x7f1dd4bbb630&gt;</skipped></testcase><testcase classname="src.pymortests.discretization" file="src/pymortests/discretization.py" line="17" name="test_pickle_without_dumps_function[&lt;lambda&gt;19]" time="0.0007441043853759766"><skipped message="Suite splitting in effect" type="pytest.skip">src/pymortests/discretization.py:17: &lt;py._xmlgen.raw object at 0x7f1dd4bc6400&gt;</skipped></testcase><testcase classname="src.pymortests.discretization" file="src/pymortests/discretization.py" line="17" name="test_pickle_without_dumps_function[&lt;lambda&gt;20]" time="0.00048279762268066406"><skipped message="Suite splitting in effect" type="pytest.skip">src/pymortests/discretization.py:17: &lt;py._xmlgen.raw object at 0x7f1dd4bbb1d0&gt;</skipped></testcase><testcase classname="src.pymortests.discretization" file="src/pymortests/discretization.py" line="17" name="test_pickle_without_dumps_function[&lt;lambda&gt;21]" time="0.00043773651123046875"><skipped message="Suite splitting in effect" type="pytest.skip">src/pymortests/discretization.py:17: &lt;py._xmlgen.raw object at 0x7f1dd4c6dd30&gt;</skipped></testcase><testcase classname="src.pymortests.discretization" file="src/pymortests/discretization.py" line="21" name="test_pickle_by_solving[&lt;lambda&gt;0]" time="0.0004658699035644531"><skipped message="Suite splitting in effect" type="pytest.skip">src/pymortests/discretization.py:21: &lt;py._xmlgen.raw object at 0x7f1dfe9edbe0&gt;</skipped></testcase><testcase classname="src.pymortests.discretization" file="src/pymortests/discretization.py" line="21" name="test_pickle_by_solving[&lt;lambda&gt;1]" time="0.0005583763122558594"><skipped message="Suite splitting in effect" type="pytest.skip">src/pymortests/discretization.py:21: &lt;py._xmlgen.raw object at 0x7f1dd4c0bf28&gt;</skipped></testcase><testcase classname="src.pymortests.discretization" file="src/pymortests/discretization.py" line="21" name="test_pickle_by_solving[&lt;lambda&gt;2]" time="0.00047326087951660156"><skipped message="Suite splitting in effect" type="pytest.skip">src/pymortests/discretization.py:21: &lt;py._xmlgen.raw object at 0x7f1dd4c25748&gt;</skipped></testcase><testcase classname="src.pymortests.discretization" file="src/pymortests/discretization.py" line="21" name="test_pickle_by_solving[&lt;lambda&gt;3]" time="0.0005052089691162109"><skipped message="Suite splitting in effect" type="pytest.skip">src/pymortests/discretization.py:21: &lt;py._xmlgen.raw object at 0x7f1dd4c31320&gt;</skipped></testcase><testcase classname="src.pymortests.discretization" file="src/pymortests/discretization.py" line="21" name="test_pickle_by_solving[&lt;lambda&gt;4]" time="0.0006074905395507812"><skipped message="Suite splitting in effect" type="pytest.skip">src/pymortests/discretization.py:21: &lt;py._xmlgen.raw object at 0x7f1dd4bc6278&gt;</skipped></testcase><testcase classname="src.pymortests.discretization" file="src/pymortests/discretization.py" line="21" name="test_pickle_by_solving[&lt;lambda&gt;5]" time="0.0012638568878173828"><skipped message="Suite splitting in effect" type="pytest.skip">src/pymortests/discretization.py:21: &lt;py._xmlgen.raw object at 0x7f1dd4bc6a20&gt;</skipped></testcase><testcase classname="src.pymortests.discretization" file="src/pymortests/discretization.py" line="21" name="test_pickle_by_solving[&lt;lambda&gt;6]" time="0.000446319580078125"><skipped message="Suite splitting in effect" type="pytest.skip">src/pymortests/discretization.py:21: &lt;py._xmlgen.raw object at 0x7f1dfe784a90&gt;</skipped></testcase><testcase classname="src.pymortests.discretization" file="src/pymortests/discretization.py" line="21" name="test_pickle_by_solving[&lt;lambda&gt;7]" time="0.0005443096160888672"><skipped message="Suite splitting in effect" type="pytest.skip">src/pymortests/discretization.py:21: &lt;py._xmlgen.raw object at 0x7f1dd4c78438&gt;</skipped></testcase><testcase classname="src.pymortests.discretization" file="src/pymortests/discretization.py" line="21" name="test_pickle_by_solving[&lt;lambda&gt;8]" time="0.000583648681640625"><skipped message="Suite splitting in effect" type="pytest.skip">src/pymortests/discretization.py:21: &lt;py._xmlgen.raw object at 0x7f1dd4bbbcc0&gt;</skipped></testcase><testcase classname="src.pymortests.discretization" file="src/pymortests/discretization.py" line="21" name="test_pickle_by_solving[&lt;lambda&gt;9]" time="0.0005083084106445312"><skipped message="Suite splitting in effect" type="pytest.skip">src/pymortests/discretization.py:21: &lt;py._xmlgen.raw object at 0x7f1dd4bbb780&gt;</skipped></testcase><testcase classname="src.pymortests.discretization" file="src/pymortests/discretization.py" line="21" name="test_pickle_by_solving[&lt;lambda&gt;10]" time="0.0004570484161376953"><skipped message="Suite splitting in effect" type="pytest.skip">src/pymortests/discretization.py:21: &lt;py._xmlgen.raw object at 0x7f1dd4c31dd8&gt;</skipped></testcase><testcase classname="src.pymortests.discretization" file="src/pymortests/discretization.py" line="21" name="test_pickle_by_solving[&lt;lambda&gt;11]" time="0.00044226646423339844"><skipped message="Suite splitting in effect" type="pytest.skip">src/pymortests/discretization.py:21: &lt;py._xmlgen.raw object at 0x7f1dd4c25e80&gt;</skipped></testcase><testcase classname="src.pymortests.discretization" file="src/pymortests/discretization.py" line="21" name="test_pickle_by_solving[&lt;lambda&gt;12]" time="0.00043463706970214844"><skipped message="Suite splitting in effect" type="pytest.skip">src/pymortests/discretization.py:21: &lt;py._xmlgen.raw object at 0x7f1dd4c17080&gt;</skipped></testcase><testcase classname="src.pymortests.discretization" file="src/pymortests/discretization.py" line="21" name="test_pickle_by_solving[&lt;lambda&gt;13]" time="0.0005066394805908203"><skipped message="Suite splitting in effect" type="pytest.skip">src/pymortests/discretization.py:21: &lt;py._xmlgen.raw object at 0x7f1e13baa6d8&gt;</skipped></testcase><testcase classname="src.pymortests.discretization" file="src/pymortests/discretization.py" line="21" name="test_pickle_by_solving[&lt;lambda&gt;14]" time="0.0008611679077148438"><skipped message="Suite splitting in effect" type="pytest.skip">src/pymortests/discretization.py:21: &lt;py._xmlgen.raw object at 0x7f1dd4c17ac8&gt;</skipped></testcase><testcase classname="src.pymortests.discretization" file="src/pymortests/discretization.py" line="21" name="test_pickle_by_solving[&lt;lambda&gt;15]" time="0.0005445480346679688"><skipped message="Suite splitting in effect" type="pytest.skip">src/pymortests/discretization.py:21: &lt;py._xmlgen.raw object at 0x7f1dd4c25c50&gt;</skipped></testcase><testcase classname="src.pymortests.discretization" file="src/pymortests/discretization.py" line="21" name="test_pickle_by_solving[&lt;lambda&gt;16]" time="0.0004968643188476562"><skipped message="Suite splitting in effect" type="pytest.skip">src/pymortests/discretization.py:21: &lt;py._xmlgen.raw object at 0x7f1dd4c31198&gt;</skipped></testcase><testcase classname="src.pymortests.discretization" file="src/pymortests/discretization.py" line="21" name="test_pickle_by_solving[&lt;lambda&gt;17]" time="0.0005047321319580078"><skipped message="Suite splitting in effect" type="pytest.skip">src/pymortests/discretization.py:21: &lt;py._xmlgen.raw object at 0x7f1dd4bbbfd0&gt;</skipped></testcase><testcase classname="src.pymortests.discretization" file="src/pymortests/discretization.py" line="21" name="test_pickle_by_solving[&lt;lambda&gt;18]" time="0.0004470348358154297"><skipped message="Suite splitting in effect" type="pytest.skip">src/pymortests/discretization.py:21: &lt;py._xmlgen.raw object at 0x7f1dfe7653c8&gt;</skipped></testcase><testcase classname="src.pymortests.discretization" file="src/pymortests/discretization.py" line="21" name="test_pickle_by_solving[&lt;lambda&gt;19]" time="0.0004532337188720703"><skipped message="Suite splitting in effect" type="pytest.skip">src/pymortests/discretization.py:21: &lt;py._xmlgen.raw object at 0x7f1dfe784d30&gt;</skipped></testcase><testcase classname="src.pymortests.discretization" file="src/pymortests/discretization.py" line="21" name="test_pickle_by_solving[&lt;lambda&gt;20]" time="0.0004506111145019531"><skipped message="Suite splitting in effect" type="pytest.skip">src/pymortests/discretization.py:21: &lt;py._xmlgen.raw object at 0x7f1dfea38d68&gt;</skipped></testcase><testcase classname="src.pymortests.discretization" file="src/pymortests/discretization.py" line="21" name="test_pickle_by_solving[&lt;lambda&gt;21]" time="0.00051116943359375"><skipped message="Suite splitting in effect" type="pytest.skip">src/pymortests/discretization.py:21: &lt;py._xmlgen.raw object at 0x7f1dd4bc67f0&gt;</skipped></testcase><testcase classname="src.pymortests.discretization" file="src/pymortests/discretization.py" line="21" name="test_pickle_by_solving[&lt;lambda&gt;22]" time="0.0008180141448974609"><skipped message="Suite splitting in effect" type="pytest.skip">src/pymortests/discretization.py:21: &lt;py._xmlgen.raw object at 0x7f1dfea38d68&gt;</skipped></testcase><testcase classname="src.pymortests.discretization" file="src/pymortests/discretization.py" line="21" name="test_pickle_by_solving[&lt;lambda&gt;23]" time="0.00044274330139160156"><skipped message="Suite splitting in effect" type="pytest.skip">src/pymortests/discretization.py:21: &lt;py._xmlgen.raw object at 0x7f1e0c332c88&gt;</skipped></testcase><testcase classname="src.pymortests.function" file="src/pymortests/function.py" line="26" name="test_evaluate[function0]" time="0.0005819797515869141"><skipped message="Suite splitting in effect" type="pytest.skip">src/pymortests/function.py:26: &lt;py._xmlgen.raw object at 0x7f1dd4bbbe80&gt;</skipped></testcase><testcase classname="src.pymortests.function" file="src/pymortests/function.py" line="26" name="test_evaluate[function1]" time="0.00047016143798828125"><skipped message="Suite splitting in effect" type="pytest.skip">src/pymortests/function.py:26: &lt;py._xmlgen.raw object at 0x7f1dd4c315f8&gt;</skipped></testcase><testcase classname="src.pymortests.function" file="src/pymortests/function.py" line="26" name="test_evaluate[function2]" time="0.000476837158203125"><skipped message="Suite splitting in effect" type="pytest.skip">src/pymortests/function.py:26: &lt;py._xmlgen.raw object at 0x7f1dd4c25f98&gt;</skipped></testcase><testcase classname="src.pymortests.function" file="src/pymortests/function.py" line="26" name="test_evaluate[function3]" time="0.00042438507080078125"><skipped message="Suite splitting in effect" type="pytest.skip">src/pymortests/function.py:26: &lt;py._xmlgen.raw object at 0x7f1dd4c17a20&gt;</skipped></testcase><testcase classname="src.pymortests.function" file="src/pymortests/function.py" line="26" name="test_evaluate[function4]" time="0.00048279762268066406"><skipped message="Suite splitting in effect" type="pytest.skip">src/pymortests/function.py:26: &lt;py._xmlgen.raw object at 0x7f1dd4bc6ba8&gt;</skipped></testcase><testcase classname="src.pymortests.function" file="src/pymortests/function.py" line="26" name="test_evaluate[function5]" time="0.00046944618225097656"><skipped message="Suite splitting in effect" type="pytest.skip">src/pymortests/function.py:26: &lt;py._xmlgen.raw object at 0x7f1dd4bc6f60&gt;</skipped></testcase><testcase classname="src.pymortests.function" file="src/pymortests/function.py" line="26" name="test_evaluate[function6]" time="0.0004315376281738281"><skipped message="Suite splitting in effect" type="pytest.skip">src/pymortests/function.py:26: &lt;py._xmlgen.raw object at 0x7f1dd4bd24e0&gt;</skipped></testcase><testcase classname="src.pymortests.function" file="src/pymortests/function.py" line="26" name="test_evaluate[function7]" time="0.0004563331604003906"><skipped message="Suite splitting in effect" type="pytest.skip">src/pymortests/function.py:26: &lt;py._xmlgen.raw object at 0x7f1dd4bc67f0&gt;</skipped></testcase><testcase classname="src.pymortests.function" file="src/pymortests/function.py" line="26" name="test_evaluate[function8]" time="0.0004825592041015625"><skipped message="Suite splitting in effect" type="pytest.skip">src/pymortests/function.py:26: &lt;py._xmlgen.raw object at 0x7f1dd4c252b0&gt;</skipped></testcase><testcase classname="src.pymortests.function" file="src/pymortests/function.py" line="26" name="test_evaluate[function9]" time="0.0005407333374023438"><skipped message="Suite splitting in effect" type="pytest.skip">src/pymortests/function.py:26: &lt;py._xmlgen.raw object at 0x7f1dd4c31400&gt;</skipped></testcase><testcase classname="src.pymortests.function" file="src/pymortests/function.py" line="26" name="test_evaluate[function10]" time="0.0005366802215576172"><skipped message="Suite splitting in effect" type="pytest.skip">src/pymortests/function.py:26: &lt;py._xmlgen.raw object at 0x7f1dd4bbb198&gt;</skipped></testcase><testcase classname="src.pymortests.function" file="src/pymortests/function.py" line="26" name="test_evaluate[function11]" time="0.0004417896270751953"><skipped message="Suite splitting in effect" type="pytest.skip">src/pymortests/function.py:26: &lt;py._xmlgen.raw object at 0x7f1dfe784dd8&gt;</skipped></testcase><testcase classname="src.pymortests.function" file="src/pymortests/function.py" line="35" name="test_lincomb_function" time="0.0005285739898681641"><skipped message="Suite splitting in effect" type="pytest.skip">src/pymortests/function.py:35: &lt;py._xmlgen.raw object at 0x7f1dfe844320&gt;</skipped></testcase><testcase classname="src.pymortests.function" file="src/pymortests/function.py" line="60" name="test_pickle[function0]" time="0.000484466552734375"><skipped message="Suite splitting in effect" type="pytest.skip">src/pymortests/function.py:60: &lt;py._xmlgen.raw object at 0x7f1dd4bd2860&gt;</skipped></testcase><testcase classname="src.pymortests.function" file="src/pymortests/function.py" line="60" name="test_pickle[function1]" time="0.0008308887481689453"><skipped message="Suite splitting in effect" type="pytest.skip">src/pymortests/function.py:60: &lt;py._xmlgen.raw object at 0x7f1dd4bd2da0&gt;</skipped></testcase><testcase classname="src.pymortests.function" file="src/pymortests/function.py" line="60" name="test_pickle[function2]" time="0.00060272216796875"><skipped message="Suite splitting in effect" type="pytest.skip">src/pymortests/function.py:60: &lt;py._xmlgen.raw object at 0x7f1dfe784dd8&gt;</skipped></testcase><testcase classname="src.pymortests.function" file="src/pymortests/function.py" line="60" name="test_pickle[function3]" time="0.0004723072052001953"><skipped message="Suite splitting in effect" type="pytest.skip">src/pymortests/function.py:60: &lt;py._xmlgen.raw object at 0x7f1dfe83ba90&gt;</skipped></testcase><testcase classname="src.pymortests.function" file="src/pymortests/function.py" line="60" name="test_pickle[function4]" time="0.0005803108215332031"><skipped message="Suite splitting in effect" type="pytest.skip">src/pymortests/function.py:60: &lt;py._xmlgen.raw object at 0x7f1dd4c31e80&gt;</skipped></testcase><testcase classname="src.pymortests.function" file="src/pymortests/function.py" line="60" name="test_pickle[function5]" time="0.00048232078552246094"><skipped message="Suite splitting in effect" type="pytest.skip">src/pymortests/function.py:60: &lt;py._xmlgen.raw object at 0x7f1dd4c17748&gt;</skipped></testcase><testcase classname="src.pymortests.function" file="src/pymortests/function.py" line="60" name="test_pickle[function6]" time="0.000484466552734375"><skipped message="Suite splitting in effect" type="pytest.skip">src/pymortests/function.py:60: &lt;py._xmlgen.raw object at 0x7f1dd4bc6e80&gt;</skipped></testcase><testcase classname="src.pymortests.function" file="src/pymortests/function.py" line="60" name="test_pickle[function7]" time="0.0005145072937011719"><skipped message="Suite splitting in effect" type="pytest.skip">src/pymortests/function.py:60: &lt;py._xmlgen.raw object at 0x7f1dd4bd28d0&gt;</skipped></testcase><testcase classname="src.pymortests.function" file="src/pymortests/function.py" line="60" name="test_pickle[function8]" time="0.0005235671997070312"><skipped message="Suite splitting in effect" type="pytest.skip">src/pymortests/function.py:60: &lt;py._xmlgen.raw object at 0x7f1dd4bd2748&gt;</skipped></testcase><testcase classname="src.pymortests.function" file="src/pymortests/function.py" line="60" name="test_pickle[function9]" time="0.0007524490356445312"><skipped message="Suite splitting in effect" type="pytest.skip">src/pymortests/function.py:60: &lt;py._xmlgen.raw object at 0x7f1dd4bdd400&gt;</skipped></testcase><testcase classname="src.pymortests.function" file="src/pymortests/function.py" line="60" name="test_pickle[function10]" time="0.0004889965057373047"><skipped message="Suite splitting in effect" type="pytest.skip">src/pymortests/function.py:60: &lt;py._xmlgen.raw object at 0x7f1dd4bd28d0&gt;</skipped></testcase><testcase classname="src.pymortests.function" file="src/pymortests/function.py" line="60" name="test_pickle[function11]" time="0.00048232078552246094"><skipped message="Suite splitting in effect" type="pytest.skip">src/pymortests/function.py:60: &lt;py._xmlgen.raw object at 0x7f1dd4bc6c18&gt;</skipped></testcase><testcase classname="src.pymortests.function" file="src/pymortests/function.py" line="64" name="test_pickle_without_dumps_function[picklable_function0]" time="0.0004477500915527344"><skipped message="Suite splitting in effect" type="pytest.skip">src/pymortests/function.py:64: &lt;py._xmlgen.raw object at 0x7f1dd4c25320&gt;</skipped></testcase><testcase classname="src.pymortests.function" file="src/pymortests/function.py" line="64" name="test_pickle_without_dumps_function[picklable_function1]" time="0.00045108795166015625"><skipped message="Suite splitting in effect" type="pytest.skip">src/pymortests/function.py:64: &lt;py._xmlgen.raw object at 0x7f1dfe83ba58&gt;</skipped></testcase><testcase classname="src.pymortests.function" file="src/pymortests/function.py" line="64" name="test_pickle_without_dumps_function[picklable_function2]" time="0.0004508495330810547"><skipped message="Suite splitting in effect" type="pytest.skip">src/pymortests/function.py:64: &lt;py._xmlgen.raw object at 0x7f1dd4bbb908&gt;</skipped></testcase><testcase classname="src.pymortests.function" file="src/pymortests/function.py" line="64" name="test_pickle_without_dumps_function[picklable_function3]" time="0.0005156993865966797"><skipped message="Suite splitting in effect" type="pytest.skip">src/pymortests/function.py:64: &lt;py._xmlgen.raw object at 0x7f1dfe8278d0&gt;</skipped></testcase><testcase classname="src.pymortests.function" file="src/pymortests/function.py" line="64" name="test_pickle_without_dumps_function[picklable_function4]" time="0.00048613548278808594"><skipped message="Suite splitting in effect" type="pytest.skip">src/pymortests/function.py:64: &lt;py._xmlgen.raw object at 0x7f1dd4bdd2b0&gt;</skipped></testcase><testcase classname="src.pymortests.function" file="src/pymortests/function.py" line="64" name="test_pickle_without_dumps_function[picklable_function5]" time="0.0008633136749267578"><skipped message="Suite splitting in effect" type="pytest.skip">src/pymortests/function.py:64: &lt;py._xmlgen.raw object at 0x7f1dd4bdda20&gt;</skipped></testcase><testcase classname="src.pymortests.function" file="src/pymortests/function.py" line="64" name="test_pickle_without_dumps_function[picklable_function6]" time="0.0004508495330810547"><skipped message="Suite splitting in effect" type="pytest.skip">src/pymortests/function.py:64: &lt;py._xmlgen.raw object at 0x7f1dfe844f98&gt;</skipped></testcase><testcase classname="src.pymortests.function" file="src/pymortests/function.py" line="64" name="test_pickle_without_dumps_function[picklable_function7]" time="0.0005252361297607422"><skipped message="Suite splitting in effect" type="pytest.skip">src/pymortests/function.py:64: &lt;py._xmlgen.raw object at 0x7f1dfe83b4a8&gt;</skipped></testcase><testcase classname="src.pymortests.function" file="src/pymortests/function.py" line="68" name="test_pickle_by_evaluation[function0]" time="0.0005137920379638672"><skipped message="Suite splitting in effect" type="pytest.skip">src/pymortests/function.py:68: &lt;py._xmlgen.raw object at 0x7f1dfe812748&gt;</skipped></testcase><testcase classname="src.pymortests.function" file="src/pymortests/function.py" line="68" name="test_pickle_by_evaluation[function1]" time="0.00046324729919433594"><skipped message="Suite splitting in effect" type="pytest.skip">src/pymortests/function.py:68: &lt;py._xmlgen.raw object at 0x7f1dd4bc6c18&gt;</skipped></testcase><testcase classname="src.pymortests.function" file="src/pymortests/function.py" line="68" name="test_pickle_by_evaluation[function2]" time="0.00048089027404785156"><skipped message="Suite splitting in effect" type="pytest.skip">src/pymortests/function.py:68: &lt;py._xmlgen.raw object at 0x7f1dd4bd28d0&gt;</skipped></testcase><testcase classname="src.pymortests.function" file="src/pymortests/function.py" line="68" name="test_pickle_by_evaluation[function3]" time="0.0004515647888183594"><skipped message="Suite splitting in effect" type="pytest.skip">src/pymortests/function.py:68: &lt;py._xmlgen.raw object at 0x7f1dd4bdda90&gt;</skipped></testcase><testcase classname="src.pymortests.function" file="src/pymortests/function.py" line="68" name="test_pickle_by_evaluation[function4]" time="0.0004909038543701172"><skipped message="Suite splitting in effect" type="pytest.skip">src/pymortests/function.py:68: &lt;py._xmlgen.raw object at 0x7f1dd4bdd128&gt;</skipped></testcase><testcase classname="src.pymortests.function" file="src/pymortests/function.py" line="68" name="test_pickle_by_evaluation[function5]" time="0.0008573532104492188"><skipped message="Suite splitting in effect" type="pytest.skip">src/pymortests/function.py:68: &lt;py._xmlgen.raw object at 0x7f1dd4be8080&gt;</skipped></testcase><testcase classname="src.pymortests.function" file="src/pymortests/function.py" line="68" name="test_pickle_by_evaluation[function6]" time="0.0004563331604003906"><skipped message="Suite splitting in effect" type="pytest.skip">src/pymortests/function.py:68: &lt;py._xmlgen.raw object at 0x7f1dd4bdd940&gt;</skipped></testcase><testcase classname="src.pymortests.function" file="src/pymortests/function.py" line="68" name="test_pickle_by_evaluation[function7]" time="0.00048804283142089844"><skipped message="Suite splitting in effect" type="pytest.skip">src/pymortests/function.py:68: &lt;py._xmlgen.raw object at 0x7f1dd4bd2630&gt;</skipped></testcase><testcase classname="src.pymortests.function" file="src/pymortests/function.py" line="68" name="test_pickle_by_evaluation[function8]" time="0.0005066394805908203"><skipped message="Suite splitting in effect" type="pytest.skip">src/pymortests/function.py:68: &lt;py._xmlgen.raw object at 0x7f1dd4c25320&gt;</skipped></testcase><testcase classname="src.pymortests.function" file="src/pymortests/function.py" line="68" name="test_pickle_by_evaluation[function9]" time="0.0006310939788818359"><skipped message="Suite splitting in effect" type="pytest.skip">src/pymortests/function.py:68: &lt;py._xmlgen.raw object at 0x7f1dfe812748&gt;</skipped></testcase><testcase classname="src.pymortests.function" file="src/pymortests/function.py" line="68" name="test_pickle_by_evaluation[function10]" time="0.0006110668182373047"><skipped message="Suite splitting in effect" type="pytest.skip">src/pymortests/function.py:68: &lt;py._xmlgen.raw object at 0x7f1dfe820f60&gt;</skipped></testcase><testcase classname="src.pymortests.function" file="src/pymortests/function.py" line="68" name="test_pickle_by_evaluation[function11]" time="0.000537872314453125"><skipped message="Suite splitting in effect" type="pytest.skip">src/pymortests/function.py:68: &lt;py._xmlgen.raw object at 0x7f1dfe844320&gt;</skipped></testcase><testcase classname="src.pymortests.grid" file="src/pymortests/grid.py" line="28" name="test_dim[&lt;lambda&gt;0]" time="0.0005657672882080078"><skipped message="Suite splitting in effect" type="pytest.skip">src/pymortests/grid.py:28: &lt;py._xmlgen.raw object at 0x7f1dd4be8198&gt;</skipped></testcase><testcase classname="src.pymortests.grid" file="src/pymortests/grid.py" line="28" name="test_dim[&lt;lambda&gt;1]" time="0.000812530517578125"><skipped message="Suite splitting in effect" type="pytest.skip">src/pymortests/grid.py:28: &lt;py._xmlgen.raw object at 0x7f1dd4be86a0&gt;</skipped></testcase><testcase classname="src.pymortests.grid" file="src/pymortests/grid.py" line="28" name="test_dim[&lt;lambda&gt;2]" time="0.0006132125854492188"><skipped message="Suite splitting in effect" type="pytest.skip">src/pymortests/grid.py:28: &lt;py._xmlgen.raw object at 0x7f1dd4bbbdd8&gt;</skipped></testcase><testcase classname="src.pymortests.grid" file="src/pymortests/grid.py" line="28" name="test_dim[&lt;lambda&gt;3]" time="0.0005431175231933594"><skipped message="Suite splitting in effect" type="pytest.skip">src/pymortests/grid.py:28: &lt;py._xmlgen.raw object at 0x7f1dfe820fd0&gt;</skipped></testcase><testcase classname="src.pymortests.grid" file="src/pymortests/grid.py" line="28" name="test_dim[&lt;lambda&gt;4]" time="0.0005028247833251953"><skipped message="Suite splitting in effect" type="pytest.skip">src/pymortests/grid.py:28: &lt;py._xmlgen.raw object at 0x7f1dd4bc6940&gt;</skipped></testcase><testcase classname="src.pymortests.grid" file="src/pymortests/grid.py" line="28" name="test_dim[&lt;lambda&gt;5]" time="0.0004551410675048828"><skipped message="Suite splitting in effect" type="pytest.skip">src/pymortests/grid.py:28: &lt;py._xmlgen.raw object at 0x7f1dd4bd2fd0&gt;</skipped></testcase><testcase classname="src.pymortests.grid" file="src/pymortests/grid.py" line="28" name="test_dim[&lt;lambda&gt;6]" time="0.0005631446838378906"><skipped message="Suite splitting in effect" type="pytest.skip">src/pymortests/grid.py:28: &lt;py._xmlgen.raw object at 0x7f1dd4bdd860&gt;</skipped></testcase><testcase classname="src.pymortests.grid" file="src/pymortests/grid.py" line="28" name="test_dim[&lt;lambda&gt;7]" time="0.00047016143798828125"><skipped message="Suite splitting in effect" type="pytest.skip">src/pymortests/grid.py:28: &lt;py._xmlgen.raw object at 0x7f1dd4bdd0b8&gt;</skipped></testcase><testcase classname="src.pymortests.grid" file="src/pymortests/grid.py" line="28" name="test_dim[&lt;lambda&gt;8]" time="0.00046706199645996094"><skipped message="Suite splitting in effect" type="pytest.skip">src/pymortests/grid.py:28: &lt;py._xmlgen.raw object at 0x7f1dd4be8358&gt;</skipped></testcase><testcase classname="src.pymortests.grid" file="src/pymortests/grid.py" line="28" name="test_dim[&lt;lambda&gt;9]" time="0.0008435249328613281"><skipped message="Suite splitting in effect" type="pytest.skip">src/pymortests/grid.py:28: &lt;py._xmlgen.raw object at 0x7f1dd4be8cc0&gt;</skipped></testcase><testcase classname="src.pymortests.grid" file="src/pymortests/grid.py" line="28" name="test_dim[&lt;lambda&gt;10]" time="0.0005035400390625"><skipped message="Suite splitting in effect" type="pytest.skip">src/pymortests/grid.py:28: &lt;py._xmlgen.raw object at 0x7f1dd4bdd048&gt;</skipped></testcase><testcase classname="src.pymortests.grid" file="src/pymortests/grid.py" line="28" name="test_dim[&lt;lambda&gt;11]" time="0.0005085468292236328"><skipped message="Suite splitting in effect" type="pytest.skip">src/pymortests/grid.py:28: &lt;py._xmlgen.raw object at 0x7f1dd4bd2748&gt;</skipped></testcase><testcase classname="src.pymortests.grid" file="src/pymortests/grid.py" line="28" name="test_dim[&lt;lambda&gt;12]" time="0.0004544258117675781"><skipped message="Suite splitting in effect" type="pytest.skip">src/pymortests/grid.py:28: &lt;py._xmlgen.raw object at 0x7f1dd4c31400&gt;</skipped></testcase><testcase classname="src.pymortests.grid" file="src/pymortests/grid.py" line="28" name="test_dim[&lt;lambda&gt;13]" time="0.0004897117614746094"><skipped message="Suite splitting in effect" type="pytest.skip">src/pymortests/grid.py:28: &lt;py._xmlgen.raw object at 0x7f1dfe820278&gt;</skipped></testcase><testcase classname="src.pymortests.grid" file="src/pymortests/grid.py" line="28" name="test_dim[&lt;lambda&gt;14]" time="0.0005180835723876953"><skipped message="Suite splitting in effect" type="pytest.skip">src/pymortests/grid.py:28: &lt;py._xmlgen.raw object at 0x7f1dfe7e0f60&gt;</skipped></testcase><testcase classname="src.pymortests.grid" file="src/pymortests/grid.py" line="28" name="test_dim[&lt;lambda&gt;15]" time="0.0005240440368652344"><skipped message="Suite splitting in effect" type="pytest.skip">src/pymortests/grid.py:28: &lt;py._xmlgen.raw object at 0x7f1dd4be8a20&gt;</skipped></testcase><testcase classname="src.pymortests.grid" file="src/pymortests/grid.py" line="28" name="test_dim[&lt;lambda&gt;16]" time="0.00048089027404785156"><skipped message="Suite splitting in effect" type="pytest.skip">src/pymortests/grid.py:28: &lt;py._xmlgen.raw object at 0x7f1dd4be8550&gt;</skipped></testcase><testcase classname="src.pymortests.grid" file="src/pymortests/grid.py" line="28" name="test_dim[&lt;lambda&gt;17]" time="0.0008118152618408203"><skipped message="Suite splitting in effect" type="pytest.skip">src/pymortests/grid.py:28: &lt;py._xmlgen.raw object at 0x7f1dd4bf2320&gt;</skipped></testcase><testcase classname="src.pymortests.grid" file="src/pymortests/grid.py" line="28" name="test_dim[&lt;lambda&gt;18]" time="0.0005092620849609375"><skipped message="Suite splitting in effect" type="pytest.skip">src/pymortests/grid.py:28: &lt;py._xmlgen.raw object at 0x7f1dd4be84a8&gt;</skipped></testcase><testcase classname="src.pymortests.grid" file="src/pymortests/grid.py" line="28" name="test_dim[&lt;lambda&gt;19]" time="0.0005216598510742188"><skipped message="Suite splitting in effect" type="pytest.skip">src/pymortests/grid.py:28: &lt;py._xmlgen.raw object at 0x7f1dd4c0bcc0&gt;</skipped></testcase><testcase classname="src.pymortests.grid" file="src/pymortests/grid.py" line="28" name="test_dim[&lt;lambda&gt;20]" time="0.0004470348358154297"><skipped message="Suite splitting in effect" type="pytest.skip">src/pymortests/grid.py:28: &lt;py._xmlgen.raw object at 0x7f1dfe820320&gt;</skipped></testcase><testcase classname="src.pymortests.grid" file="src/pymortests/grid.py" line="28" name="test_dim[&lt;lambda&gt;21]" time="0.0005035400390625"><skipped message="Suite splitting in effect" type="pytest.skip">src/pymortests/grid.py:28: &lt;py._xmlgen.raw object at 0x7f1dd4bc6828&gt;</skipped></testcase><testcase classname="src.pymortests.grid" file="src/pymortests/grid.py" line="28" name="test_dim[&lt;lambda&gt;22]" time="0.0004572868347167969"><skipped message="Suite splitting in effect" type="pytest.skip">src/pymortests/grid.py:28: &lt;py._xmlgen.raw object at 0x7f1dfe7e2a90&gt;</skipped></testcase><testcase classname="src.pymortests.grid" file="src/pymortests/grid.py" line="28" name="test_dim[&lt;lambda&gt;23]" time="0.0005004405975341797"><skipped message="Suite splitting in effect" type="pytest.skip">src/pymortests/grid.py:28: &lt;py._xmlgen.raw object at 0x7f1dd4bdd128&gt;</skipped></testcase><testcase classname="src.pymortests.grid" file="src/pymortests/grid.py" line="28" name="test_dim[&lt;lambda&gt;24]" time="0.00047135353088378906"><skipped message="Suite splitting in effect" type="pytest.skip">src/pymortests/grid.py:28: &lt;py._xmlgen.raw object at 0x7f1dd4bf2198&gt;</skipped></testcase><testcase classname="src.pymortests.grid" file="src/pymortests/grid.py" line="28" name="test_dim[&lt;lambda&gt;25]" time="0.0007576942443847656"><skipped message="Suite splitting in effect" type="pytest.skip">src/pymortests/grid.py:28: &lt;py._xmlgen.raw object at 0x7f1dd4bf2940&gt;</skipped></testcase><testcase classname="src.pymortests.grid" file="src/pymortests/grid.py" line="28" name="test_dim[&lt;lambda&gt;26]" time="0.00047135353088378906"><skipped message="Suite splitting in effect" type="pytest.skip">src/pymortests/grid.py:28: &lt;py._xmlgen.raw object at 0x7f1dfe7e2e10&gt;</skipped></testcase><testcase classname="src.pymortests.grid" file="src/pymortests/grid.py" line="28" name="test_dim[&lt;lambda&gt;27]" time="0.0005171298980712891"><skipped message="Suite splitting in effect" type="pytest.skip">src/pymortests/grid.py:28: &lt;py._xmlgen.raw object at 0x7f1dd4c25e80&gt;</skipped></testcase><testcase classname="src.pymortests.grid" file="src/pymortests/grid.py" line="28" name="test_dim[&lt;lambda&gt;28]" time="0.00044727325439453125"><skipped message="Suite splitting in effect" type="pytest.skip">src/pymortests/grid.py:28: &lt;py._xmlgen.raw object at 0x7f1dfe8200b8&gt;</skipped></testcase><testcase classname="src.pymortests.grid" file="src/pymortests/grid.py" line="28" name="test_dim[&lt;lambda&gt;29]" time="0.0004839897155761719"><skipped message="Suite splitting in effect" type="pytest.skip">src/pymortests/grid.py:28: &lt;py._xmlgen.raw object at 0x7f1dfe827400&gt;</skipped></testcase><testcase classname="src.pymortests.grid" file="src/pymortests/grid.py" line="28" name="test_dim[&lt;lambda&gt;30]" time="0.0004680156707763672"><skipped message="Suite splitting in effect" type="pytest.skip">src/pymortests/grid.py:28: &lt;py._xmlgen.raw object at 0x7f1dd4be8a20&gt;</skipped></testcase><testcase classname="src.pymortests.grid" file="src/pymortests/grid.py" line="28" name="test_dim[&lt;lambda&gt;31]" time="0.0005521774291992188"><skipped message="Suite splitting in effect" type="pytest.skip">src/pymortests/grid.py:28: &lt;py._xmlgen.raw object at 0x7f1dd4bf2a90&gt;</skipped></testcase><testcase classname="src.pymortests.grid" file="src/pymortests/grid.py" line="28" name="test_dim[&lt;lambda&gt;32]" time="0.0005109310150146484"><skipped message="Suite splitting in effect" type="pytest.skip">src/pymortests/grid.py:28: &lt;py._xmlgen.raw object at 0x7f1dd4bf23c8&gt;</skipped></testcase><testcase classname="src.pymortests.grid" file="src/pymortests/grid.py" line="28" name="test_dim[&lt;lambda&gt;33]" time="0.0011169910430908203"><skipped message="Suite splitting in effect" type="pytest.skip">src/pymortests/grid.py:28: &lt;py._xmlgen.raw object at 0x7f1dd4bf2f60&gt;</skipped></testcase><testcase classname="src.pymortests.grid" file="src/pymortests/grid.py" line="28" name="test_dim[&lt;lambda&gt;34]" time="0.0004489421844482422"><skipped message="Suite splitting in effect" type="pytest.skip">src/pymortests/grid.py:28: &lt;py._xmlgen.raw object at 0x7f1dd4c31e80&gt;</skipped></testcase><testcase classname="src.pymortests.grid" file="src/pymortests/grid.py" line="28" name="test_dim[&lt;lambda&gt;35]" time="0.00045013427734375"><skipped message="Suite splitting in effect" type="pytest.skip">src/pymortests/grid.py:28: &lt;py._xmlgen.raw object at 0x7f1dfe7e2da0&gt;</skipped></testcase><testcase classname="src.pymortests.grid" file="src/pymortests/grid.py" line="28" name="test_dim[&lt;lambda&gt;36]" time="0.00048542022705078125"><skipped message="Suite splitting in effect" type="pytest.skip">src/pymortests/grid.py:28: &lt;py._xmlgen.raw object at 0x7f1dd4bf2b38&gt;</skipped></testcase><testcase classname="src.pymortests.grid" file="src/pymortests/grid.py" line="28" name="test_dim[&lt;lambda&gt;37]" time="0.0004932880401611328"><skipped message="Suite splitting in effect" type="pytest.skip">src/pymortests/grid.py:28: &lt;py._xmlgen.raw object at 0x7f1dd4bf2588&gt;</skipped></testcase><testcase classname="src.pymortests.grid" file="src/pymortests/grid.py" line="28" name="test_dim[&lt;lambda&gt;38]" time="0.0004837512969970703"><skipped message="Suite splitting in effect" type="pytest.skip">src/pymortests/grid.py:28: &lt;py._xmlgen.raw object at 0x7f1dd4be8ef0&gt;</skipped></testcase><testcase classname="src.pymortests.grid" file="src/pymortests/grid.py" line="28" name="test_dim[&lt;lambda&gt;39]" time="0.00048804283142089844"><skipped message="Suite splitting in effect" type="pytest.skip">src/pymortests/grid.py:28: &lt;py._xmlgen.raw object at 0x7f1dfe827908&gt;</skipped></testcase><testcase classname="src.pymortests.grid" file="src/pymortests/grid.py" line="28" name="test_dim[&lt;lambda&gt;40]" time="0.0004482269287109375"><skipped message="Suite splitting in effect" type="pytest.skip">src/pymortests/grid.py:28: &lt;py._xmlgen.raw object at 0x7f1dd4bdde80&gt;</skipped></testcase><testcase classname="src.pymortests.grid" file="src/pymortests/grid.py" line="28" name="test_dim[&lt;lambda&gt;41]" time="0.0004782676696777344"><skipped message="Suite splitting in effect" type="pytest.skip">src/pymortests/grid.py:28: &lt;py._xmlgen.raw object at 0x7f1dd4bd2518&gt;</skipped></testcase><testcase classname="src.pymortests.grid" file="src/pymortests/grid.py" line="28" name="test_dim[&lt;lambda&gt;42]" time="0.0007998943328857422"><skipped message="Suite splitting in effect" type="pytest.skip">src/pymortests/grid.py:28: &lt;py._xmlgen.raw object at 0x7f1dd4bddd68&gt;</skipped></testcase><testcase classname="src.pymortests.grid" file="src/pymortests/grid.py" line="34" name="test_size[&lt;lambda&gt;0]" time="0.0004792213439941406"><skipped message="Suite splitting in effect" type="pytest.skip">src/pymortests/grid.py:34: &lt;py._xmlgen.raw object at 0x7f1dd4be8940&gt;</skipped></testcase><testcase classname="src.pymortests.grid" file="src/pymortests/grid.py" line="34" name="test_size[&lt;lambda&gt;1]" time="0.0004892349243164062"><skipped message="Suite splitting in effect" type="pytest.skip">src/pymortests/grid.py:34: &lt;py._xmlgen.raw object at 0x7f1dd4bf29b0&gt;</skipped></testcase><testcase classname="src.pymortests.grid" file="src/pymortests/grid.py" line="34" name="test_size[&lt;lambda&gt;2]" time="0.0005209445953369141"><skipped message="Suite splitting in effect" type="pytest.skip">src/pymortests/grid.py:34: &lt;py._xmlgen.raw object at 0x7f1dd4bf2cc0&gt;</skipped></testcase><testcase classname="src.pymortests.grid" file="src/pymortests/grid.py" line="34" name="test_size[&lt;lambda&gt;3]" time="0.000476837158203125"><skipped message="Suite splitting in effect" type="pytest.skip">src/pymortests/grid.py:34: &lt;py._xmlgen.raw object at 0x7f1dfe7e2898&gt;</skipped></testcase><testcase classname="src.pymortests.grid" file="src/pymortests/grid.py" line="34" name="test_size[&lt;lambda&gt;4]" time="0.00044536590576171875"><skipped message="Suite splitting in effect" type="pytest.skip">src/pymortests/grid.py:34: &lt;py._xmlgen.raw object at 0x7f1dd4bbbc18&gt;</skipped></testcase><testcase classname="src.pymortests.grid" file="src/pymortests/grid.py" line="34" name="test_size[&lt;lambda&gt;5]" time="0.0005271434783935547"><skipped message="Suite splitting in effect" type="pytest.skip">src/pymortests/grid.py:34: &lt;py._xmlgen.raw object at 0x7f1dd4bd2518&gt;</skipped></testcase><testcase classname="src.pymortests.grid" file="src/pymortests/grid.py" line="34" name="test_size[&lt;lambda&gt;6]" time="0.00046062469482421875"><skipped message="Suite splitting in effect" type="pytest.skip">src/pymortests/grid.py:34: &lt;py._xmlgen.raw object at 0x7f1dd4bc6f28&gt;</skipped></testcase><testcase classname="src.pymortests.grid" file="src/pymortests/grid.py" line="34" name="test_size[&lt;lambda&gt;7]" time="0.0007534027099609375"><skipped message="Suite splitting in effect" type="pytest.skip">src/pymortests/grid.py:34: &lt;py._xmlgen.raw object at 0x7f1dd4bc6048&gt;</skipped></testcase><testcase classname="src.pymortests.grid" file="src/pymortests/grid.py" line="34" name="test_size[&lt;lambda&gt;8]" time="0.0004889965057373047"><skipped message="Suite splitting in effect" type="pytest.skip">src/pymortests/grid.py:34: &lt;py._xmlgen.raw object at 0x7f1dd4bd2fd0&gt;</skipped></testcase><testcase classname="src.pymortests.grid" file="src/pymortests/grid.py" line="34" name="test_size[&lt;lambda&gt;9]" time="0.0005071163177490234"><skipped message="Suite splitting in effect" type="pytest.skip">src/pymortests/grid.py:34: &lt;py._xmlgen.raw object at 0x7f1dd4c31b38&gt;</skipped></testcase><testcase classname="src.pymortests.grid" file="src/pymortests/grid.py" line="34" name="test_size[&lt;lambda&gt;10]" time="0.0004863739013671875"><skipped message="Suite splitting in effect" type="pytest.skip">src/pymortests/grid.py:34: &lt;py._xmlgen.raw object at 0x7f1dd4bf2208&gt;</skipped></testcase><testcase classname="src.pymortests.grid" file="src/pymortests/grid.py" line="34" name="test_size[&lt;lambda&gt;11]" time="0.0005047321319580078"><skipped message="Suite splitting in effect" type="pytest.skip">src/pymortests/grid.py:34: &lt;py._xmlgen.raw object at 0x7f1dd4bf2588&gt;</skipped></testcase><testcase classname="src.pymortests.grid" file="src/pymortests/grid.py" line="34" name="test_size[&lt;lambda&gt;12]" time="0.00047469139099121094"><skipped message="Suite splitting in effect" type="pytest.skip">src/pymortests/grid.py:34: &lt;py._xmlgen.raw object at 0x7f1dd4be8358&gt;</skipped></testcase><testcase classname="src.pymortests.grid" file="src/pymortests/grid.py" line="34" name="test_size[&lt;lambda&gt;13]" time="0.0005173683166503906"><skipped message="Suite splitting in effect" type="pytest.skip">src/pymortests/grid.py:34: &lt;py._xmlgen.raw object at 0x7f1dd4bdda58&gt;</skipped></testcase><testcase classname="src.pymortests.grid" file="src/pymortests/grid.py" line="34" name="test_size[&lt;lambda&gt;14]" time="0.00047135353088378906"><skipped message="Suite splitting in effect" type="pytest.skip">src/pymortests/grid.py:34: &lt;py._xmlgen.raw object at 0x7f1dd4b84128&gt;</skipped></testcase><testcase classname="src.pymortests.grid" file="src/pymortests/grid.py" line="34" name="test_size[&lt;lambda&gt;15]" time="0.0007760524749755859"><skipped message="Suite splitting in effect" type="pytest.skip">src/pymortests/grid.py:34: &lt;py._xmlgen.raw object at 0x7f1dd4b84668&gt;</skipped></testcase><testcase classname="src.pymortests.grid" file="src/pymortests/grid.py" line="34" name="test_size[&lt;lambda&gt;16]" time="0.000492095947265625"><skipped message="Suite splitting in effect" type="pytest.skip">src/pymortests/grid.py:34: &lt;py._xmlgen.raw object at 0x7f1dfe8726d8&gt;</skipped></testcase><testcase classname="src.pymortests.grid" file="src/pymortests/grid.py" line="34" name="test_size[&lt;lambda&gt;17]" time="0.00043964385986328125"><skipped message="Suite splitting in effect" type="pytest.skip">src/pymortests/grid.py:34: &lt;py._xmlgen.raw object at 0x7f1dd4be8828&gt;</skipped></testcase><testcase classname="src.pymortests.grid" file="src/pymortests/grid.py" line="34" name="test_size[&lt;lambda&gt;18]" time="0.0005431175231933594"><skipped message="Suite splitting in effect" type="pytest.skip">src/pymortests/grid.py:34: &lt;py._xmlgen.raw object at 0x7f1dd4bf2518&gt;</skipped></testcase><testcase classname="src.pymortests.grid" file="src/pymortests/grid.py" line="34" name="test_size[&lt;lambda&gt;19]" time="0.0004603862762451172"><skipped message="Suite splitting in effect" type="pytest.skip">src/pymortests/grid.py:34: &lt;py._xmlgen.raw object at 0x7f1dfe7e2208&gt;</skipped></testcase><testcase classname="src.pymortests.grid" file="src/pymortests/grid.py" line="34" name="test_size[&lt;lambda&gt;20]" time="0.0004360675811767578"><skipped message="Suite splitting in effect" type="pytest.skip">src/pymortests/grid.py:34: &lt;py._xmlgen.raw object at 0x7f1dfe820e10&gt;</skipped></testcase><testcase classname="src.pymortests.grid" file="src/pymortests/grid.py" line="34" name="test_size[&lt;lambda&gt;21]" time="0.0004432201385498047"><skipped message="Suite splitting in effect" type="pytest.skip">src/pymortests/grid.py:34: &lt;py._xmlgen.raw object at 0x7f1dd4bc64e0&gt;</skipped></testcase><testcase classname="src.pymortests.grid" file="src/pymortests/grid.py" line="34" name="test_size[&lt;lambda&gt;22]" time="0.0004894733428955078"><skipped message="Suite splitting in effect" type="pytest.skip">src/pymortests/grid.py:34: &lt;py._xmlgen.raw object at 0x7f1dd4b84128&gt;</skipped></testcase><testcase classname="src.pymortests.grid" file="src/pymortests/grid.py" line="34" name="test_size[&lt;lambda&gt;23]" time="0.0007288455963134766"><skipped message="Suite splitting in effect" type="pytest.skip">src/pymortests/grid.py:34: &lt;py._xmlgen.raw object at 0x7f1dd4b84ba8&gt;</skipped></testcase><testcase classname="src.pymortests.grid" file="src/pymortests/grid.py" line="34" name="test_size[&lt;lambda&gt;24]" time="0.0004584789276123047"><skipped message="Suite splitting in effect" type="pytest.skip">src/pymortests/grid.py:34: &lt;py._xmlgen.raw object at 0x7f1dd4bd2b70&gt;</skipped></testcase><testcase classname="src.pymortests.grid" file="src/pymortests/grid.py" line="34" name="test_size[&lt;lambda&gt;25]" time="0.0004687309265136719"><skipped message="Suite splitting in effect" type="pytest.skip">src/pymortests/grid.py:34: &lt;py._xmlgen.raw object at 0x7f1dfe7e2ef0&gt;</skipped></testcase><testcase classname="src.pymortests.grid" file="src/pymortests/grid.py" line="34" name="test_size[&lt;lambda&gt;26]" time="0.0005602836608886719"><skipped message="Suite splitting in effect" type="pytest.skip">src/pymortests/grid.py:34: &lt;py._xmlgen.raw object at 0x7f1dd4bf2320&gt;</skipped></testcase><testcase classname="src.pymortests.grid" file="src/pymortests/grid.py" line="34" name="test_size[&lt;lambda&gt;27]" time="0.00048804283142089844"><skipped message="Suite splitting in effect" type="pytest.skip">src/pymortests/grid.py:34: &lt;py._xmlgen.raw object at 0x7f1dd4be8390&gt;</skipped></testcase><testcase classname="src.pymortests.grid" file="src/pymortests/grid.py" line="34" name="test_size[&lt;lambda&gt;28]" time="0.0004494190216064453"><skipped message="Suite splitting in effect" type="pytest.skip">src/pymortests/grid.py:34: &lt;py._xmlgen.raw object at 0x7f1dfe8725f8&gt;</skipped></testcase><testcase classname="src.pymortests.grid" file="src/pymortests/grid.py" line="34" name="test_size[&lt;lambda&gt;29]" time="0.00047969818115234375"><skipped message="Suite splitting in effect" type="pytest.skip">src/pymortests/grid.py:34: &lt;py._xmlgen.raw object at 0x7f1dd4b84710&gt;</skipped></testcase><testcase classname="src.pymortests.grid" file="src/pymortests/grid.py" line="34" name="test_size[&lt;lambda&gt;30]" time="0.0005140304565429688"><skipped message="Suite splitting in effect" type="pytest.skip">src/pymortests/grid.py:34: &lt;py._xmlgen.raw object at 0x7f1dd4b84588&gt;</skipped></testcase><testcase classname="src.pymortests.grid" file="src/pymortests/grid.py" line="34" name="test_size[&lt;lambda&gt;31]" time="0.001271963119506836"><skipped message="Suite splitting in effect" type="pytest.skip">src/pymortests/grid.py:34: &lt;py._xmlgen.raw object at 0x7f1dd4b8b208&gt;</skipped></testcase><testcase classname="src.pymortests.grid" file="src/pymortests/grid.py" line="34" name="test_size[&lt;lambda&gt;32]" time="0.00045371055603027344"><skipped message="Suite splitting in effect" type="pytest.skip">src/pymortests/grid.py:34: &lt;py._xmlgen.raw object at 0x7f1dd4b84128&gt;</skipped></testcase><testcase classname="src.pymortests.grid" file="src/pymortests/grid.py" line="34" name="test_size[&lt;lambda&gt;33]" time="0.0005826950073242188"><skipped message="Suite splitting in effect" type="pytest.skip">src/pymortests/grid.py:34: &lt;py._xmlgen.raw object at 0x7f1e13c98eb8&gt;</skipped></testcase><testcase classname="src.pymortests.grid" file="src/pymortests/grid.py" line="34" name="test_size[&lt;lambda&gt;34]" time="0.0004894733428955078"><skipped message="Suite splitting in effect" type="pytest.skip">src/pymortests/grid.py:34: &lt;py._xmlgen.raw object at 0x7f1dd4be8390&gt;</skipped></testcase><testcase classname="src.pymortests.grid" file="src/pymortests/grid.py" line="34" name="test_size[&lt;lambda&gt;35]" time="0.0004379749298095703"><skipped message="Suite splitting in effect" type="pytest.skip">src/pymortests/grid.py:34: &lt;py._xmlgen.raw object at 0x7f1dd4bf2cc0&gt;</skipped></testcase><testcase classname="src.pymortests.grid" file="src/pymortests/grid.py" line="34" name="test_size[&lt;lambda&gt;36]" time="0.0005125999450683594"><skipped message="Suite splitting in effect" type="pytest.skip">src/pymortests/grid.py:34: &lt;py._xmlgen.raw object at 0x7f1dfe78f0b8&gt;</skipped></testcase><testcase classname="src.pymortests.grid" file="src/pymortests/grid.py" line="34" name="test_size[&lt;lambda&gt;37]" time="0.0004715919494628906"><skipped message="Suite splitting in effect" type="pytest.skip">src/pymortests/grid.py:34: &lt;py._xmlgen.raw object at 0x7f1dfe861860&gt;</skipped></testcase><testcase classname="src.pymortests.grid" file="src/pymortests/grid.py" line="34" name="test_size[&lt;lambda&gt;38]" time="0.0004868507385253906"><skipped message="Suite splitting in effect" type="pytest.skip">src/pymortests/grid.py:34: &lt;py._xmlgen.raw object at 0x7f1dd4b8b0b8&gt;</skipped></testcase><testcase classname="src.pymortests.grid" file="src/pymortests/grid.py" line="34" name="test_size[&lt;lambda&gt;39]" time="0.0008690357208251953"><skipped message="Suite splitting in effect" type="pytest.skip">src/pymortests/grid.py:34: &lt;py._xmlgen.raw object at 0x7f1dd4b8b828&gt;</skipped></testcase><testcase classname="src.pymortests.grid" file="src/pymortests/grid.py" line="34" name="test_size[&lt;lambda&gt;40]" time="0.00047850608825683594"><skipped message="Suite splitting in effect" type="pytest.skip">src/pymortests/grid.py:34: &lt;py._xmlgen.raw object at 0x7f1dfe861160&gt;</skipped></testcase><testcase classname="src.pymortests.grid" file="src/pymortests/grid.py" line="34" name="test_size[&lt;lambda&gt;41]" time="0.00045800209045410156"><skipped message="Suite splitting in effect" type="pytest.skip">src/pymortests/grid.py:34: &lt;py._xmlgen.raw object at 0x7f1dfe7e24a8&gt;</skipped></testcase><testcase classname="src.pymortests.grid" file="src/pymortests/grid.py" line="34" name="test_size[&lt;lambda&gt;42]" time="0.000484466552734375"><skipped message="Suite splitting in effect" type="pytest.skip">src/pymortests/grid.py:34: &lt;py._xmlgen.raw object at 0x7f1dd4be8358&gt;</skipped></testcase><testcase classname="src.pymortests.grid" file="src/pymortests/grid.py" line="44" name="test_subentities_wrong_arguments[&lt;lambda&gt;0]" time="0.0005071163177490234"><skipped message="Suite splitting in effect" type="pytest.skip">src/pymortests/grid.py:44: &lt;py._xmlgen.raw object at 0x7f1dfe872fd0&gt;</skipped></testcase><testcase classname="src.pymortests.grid" file="src/pymortests/grid.py" line="44" name="test_subentities_wrong_arguments[&lt;lambda&gt;1]" time="0.0006136894226074219"><skipped message="Suite splitting in effect" type="pytest.skip">src/pymortests/grid.py:44: &lt;py._xmlgen.raw object at 0x7f1dd4b84cf8&gt;</skipped></testcase><testcase classname="src.pymortests.grid" file="src/pymortests/grid.py" line="44" name="test_subentities_wrong_arguments[&lt;lambda&gt;2]" time="0.000514984130859375"><skipped message="Suite splitting in effect" type="pytest.skip">src/pymortests/grid.py:44: &lt;py._xmlgen.raw object at 0x7f1dd4b8b470&gt;</skipped></testcase><testcase classname="src.pymortests.grid" file="src/pymortests/grid.py" line="44" name="test_subentities_wrong_arguments[&lt;lambda&gt;3]" time="0.0006258487701416016"><skipped message="Suite splitting in effect" type="pytest.skip">src/pymortests/grid.py:44: &lt;py._xmlgen.raw object at 0x7f1dd4b8b2e8&gt;</skipped></testcase><testcase classname="src.pymortests.grid" file="src/pymortests/grid.py" line="44" name="test_subentities_wrong_arguments[&lt;lambda&gt;4]" time="0.0008306503295898438"><skipped message="Suite splitting in effect" type="pytest.skip">src/pymortests/grid.py:44: &lt;py._xmlgen.raw object at 0x7f1dd4b8be48&gt;</skipped></testcase><testcase classname="src.pymortests.grid" file="src/pymortests/grid.py" line="44" name="test_subentities_wrong_arguments[&lt;lambda&gt;5]" time="0.0004909038543701172"><skipped message="Suite splitting in effect" type="pytest.skip">src/pymortests/grid.py:44: &lt;py._xmlgen.raw object at 0x7f1dd4b8b358&gt;</skipped></testcase><testcase classname="src.pymortests.grid" file="src/pymortests/grid.py" line="44" name="test_subentities_wrong_arguments[&lt;lambda&gt;6]" time="0.0005037784576416016"><skipped message="Suite splitting in effect" type="pytest.skip">src/pymortests/grid.py:44: &lt;py._xmlgen.raw object at 0x7f1dd4b84128&gt;</skipped></testcase><testcase classname="src.pymortests.grid" file="src/pymortests/grid.py" line="44" name="test_subentities_wrong_arguments[&lt;lambda&gt;7]" time="0.0006504058837890625"><skipped message="Suite splitting in effect" type="pytest.skip">src/pymortests/grid.py:44: &lt;py._xmlgen.raw object at 0x7f1dd4b84710&gt;</skipped></testcase><testcase classname="src.pymortests.grid" file="src/pymortests/grid.py" line="44" name="test_subentities_wrong_arguments[&lt;lambda&gt;8]" time="0.0004940032958984375"><skipped message="Suite splitting in effect" type="pytest.skip">src/pymortests/grid.py:44: &lt;py._xmlgen.raw object at 0x7f1dd4be8eb8&gt;</skipped></testcase><testcase classname="src.pymortests.grid" file="src/pymortests/grid.py" line="44" name="test_subentities_wrong_arguments[&lt;lambda&gt;9]" time="0.0005130767822265625"><skipped message="Suite splitting in effect" type="pytest.skip">src/pymortests/grid.py:44: &lt;py._xmlgen.raw object at 0x7f1dd4bf25f8&gt;</skipped></testcase><testcase classname="src.pymortests.grid" file="src/pymortests/grid.py" line="44" name="test_subentities_wrong_arguments[&lt;lambda&gt;10]" time="0.0004715919494628906"><skipped message="Suite splitting in effect" type="pytest.skip">src/pymortests/grid.py:44: &lt;py._xmlgen.raw object at 0x7f1dd4bc68d0&gt;</skipped></testcase><testcase classname="src.pymortests.grid" file="src/pymortests/grid.py" line="44" name="test_subentities_wrong_arguments[&lt;lambda&gt;11]" time="0.0005738735198974609"><skipped message="Suite splitting in effect" type="pytest.skip">src/pymortests/grid.py:44: &lt;py._xmlgen.raw object at 0x7f1dd4bd2390&gt;</skipped></testcase><testcase classname="src.pymortests.grid" file="src/pymortests/grid.py" line="44" name="test_subentities_wrong_arguments[&lt;lambda&gt;12]" time="0.0008451938629150391"><skipped message="Suite splitting in effect" type="pytest.skip">src/pymortests/grid.py:44: &lt;py._xmlgen.raw object at 0x7f1dd4b964a8&gt;</skipped></testcase><testcase classname="src.pymortests.grid" file="src/pymortests/grid.py" line="44" name="test_subentities_wrong_arguments[&lt;lambda&gt;13]" time="0.0004703998565673828"><skipped message="Suite splitting in effect" type="pytest.skip">src/pymortests/grid.py:44: &lt;py._xmlgen.raw object at 0x7f1dfe7e2ef0&gt;</skipped></testcase><testcase classname="src.pymortests.grid" file="src/pymortests/grid.py" line="44" name="test_subentities_wrong_arguments[&lt;lambda&gt;14]" time="0.0004909038543701172"><skipped message="Suite splitting in effect" type="pytest.skip">src/pymortests/grid.py:44: &lt;py._xmlgen.raw object at 0x7f1dfe838390&gt;</skipped></testcase><testcase classname="src.pymortests.grid" file="src/pymortests/grid.py" line="44" name="test_subentities_wrong_arguments[&lt;lambda&gt;15]" time="0.0004901885986328125"><skipped message="Suite splitting in effect" type="pytest.skip">src/pymortests/grid.py:44: &lt;py._xmlgen.raw object at 0x7f1dfe872fd0&gt;</skipped></testcase><testcase classname="src.pymortests.grid" file="src/pymortests/grid.py" line="44" name="test_subentities_wrong_arguments[&lt;lambda&gt;16]" time="0.0004870891571044922"><skipped message="Suite splitting in effect" type="pytest.skip">src/pymortests/grid.py:44: &lt;py._xmlgen.raw object at 0x7f1dd4b84fd0&gt;</skipped></testcase><testcase classname="src.pymortests.grid" file="src/pymortests/grid.py" line="44" name="test_subentities_wrong_arguments[&lt;lambda&gt;17]" time="0.0004508495330810547"><skipped message="Suite splitting in effect" type="pytest.skip">src/pymortests/grid.py:44: &lt;py._xmlgen.raw object at 0x7f1dd4b8b3c8&gt;</skipped></testcase><testcase classname="src.pymortests.grid" file="src/pymortests/grid.py" line="44" name="test_subentities_wrong_arguments[&lt;lambda&gt;18]" time="0.00043511390686035156"><skipped message="Suite splitting in effect" type="pytest.skip">src/pymortests/grid.py:44: &lt;py._xmlgen.raw object at 0x7f1dd4b8bcc0&gt;</skipped></testcase><testcase classname="src.pymortests.grid" file="src/pymortests/grid.py" line="44" name="test_subentities_wrong_arguments[&lt;lambda&gt;19]" time="0.00042939186096191406"><skipped message="Suite splitting in effect" type="pytest.skip">src/pymortests/grid.py:44: &lt;py._xmlgen.raw object at 0x7f1dd4b96390&gt;</skipped></testcase><testcase classname="src.pymortests.grid" file="src/pymortests/grid.py" line="44" name="test_subentities_wrong_arguments[&lt;lambda&gt;20]" time="0.0007848739624023438"><skipped message="Suite splitting in effect" type="pytest.skip">src/pymortests/grid.py:44: &lt;py._xmlgen.raw object at 0x7f1dd4b96ac8&gt;</skipped></testcase><testcase classname="src.pymortests.grid" file="src/pymortests/grid.py" line="44" name="test_subentities_wrong_arguments[&lt;lambda&gt;21]" time="0.0004794597625732422"><skipped message="Suite splitting in effect" type="pytest.skip">src/pymortests/grid.py:44: &lt;py._xmlgen.raw object at 0x7f1dd4b8bac8&gt;</skipped></testcase><testcase classname="src.pymortests.grid" file="src/pymortests/grid.py" line="44" name="test_subentities_wrong_arguments[&lt;lambda&gt;22]" time="0.00043129920959472656"><skipped message="Suite splitting in effect" type="pytest.skip">src/pymortests/grid.py:44: &lt;py._xmlgen.raw object at 0x7f1dd4b84780&gt;</skipped></testcase><testcase classname="src.pymortests.grid" file="src/pymortests/grid.py" line="44" name="test_subentities_wrong_arguments[&lt;lambda&gt;23]" time="0.0004813671112060547"><skipped message="Suite splitting in effect" type="pytest.skip">src/pymortests/grid.py:44: &lt;py._xmlgen.raw object at 0x7f1dd4be8828&gt;</skipped></testcase><testcase classname="src.pymortests.grid" file="src/pymortests/grid.py" line="44" name="test_subentities_wrong_arguments[&lt;lambda&gt;24]" time="0.0004432201385498047"><skipped message="Suite splitting in effect" type="pytest.skip">src/pymortests/grid.py:44: &lt;py._xmlgen.raw object at 0x7f1dd4bf2320&gt;</skipped></testcase><testcase classname="src.pymortests.grid" file="src/pymortests/grid.py" line="44" name="test_subentities_wrong_arguments[&lt;lambda&gt;25]" time="0.0004813671112060547"><skipped message="Suite splitting in effect" type="pytest.skip">src/pymortests/grid.py:44: &lt;py._xmlgen.raw object at 0x7f1dfe8616a0&gt;</skipped></testcase><testcase classname="src.pymortests.grid" file="src/pymortests/grid.py" line="44" name="test_subentities_wrong_arguments[&lt;lambda&gt;26]" time="0.00045371055603027344"><skipped message="Suite splitting in effect" type="pytest.skip">src/pymortests/grid.py:44: &lt;py._xmlgen.raw object at 0x7f1dd4b96c88&gt;</skipped></testcase><testcase classname="src.pymortests.grid" file="src/pymortests/grid.py" line="44" name="test_subentities_wrong_arguments[&lt;lambda&gt;27]" time="0.0006015300750732422"><skipped message="Suite splitting in effect" type="pytest.skip">src/pymortests/grid.py:44: &lt;py._xmlgen.raw object at 0x7f1dd4b960f0&gt;</skipped></testcase><testcase classname="src.pymortests.grid" file="src/pymortests/grid.py" line="44" name="test_subentities_wrong_arguments[&lt;lambda&gt;28]" time="0.0007872581481933594"><skipped message="Suite splitting in effect" type="pytest.skip">src/pymortests/grid.py:44: &lt;py._xmlgen.raw object at 0x7f1dd4b9f128&gt;</skipped></testcase><testcase classname="src.pymortests.grid" file="src/pymortests/grid.py" line="44" name="test_subentities_wrong_arguments[&lt;lambda&gt;29]" time="0.00045013427734375"><skipped message="Suite splitting in effect" type="pytest.skip">src/pymortests/grid.py:44: &lt;py._xmlgen.raw object at 0x7f1dd4b960f0&gt;</skipped></testcase><testcase classname="src.pymortests.grid" file="src/pymortests/grid.py" line="44" name="test_subentities_wrong_arguments[&lt;lambda&gt;30]" time="0.0004456043243408203"><skipped message="Suite splitting in effect" type="pytest.skip">src/pymortests/grid.py:44: &lt;py._xmlgen.raw object at 0x7f1dd4bbbeb8&gt;</skipped></testcase><testcase classname="src.pymortests.grid" file="src/pymortests/grid.py" line="44" name="test_subentities_wrong_arguments[&lt;lambda&gt;31]" time="0.00043845176696777344"><skipped message="Suite splitting in effect" type="pytest.skip">src/pymortests/grid.py:44: &lt;py._xmlgen.raw object at 0x7f1dd4bf25f8&gt;</skipped></testcase><testcase classname="src.pymortests.grid" file="src/pymortests/grid.py" line="44" name="test_subentities_wrong_arguments[&lt;lambda&gt;32]" time="0.0005538463592529297"><skipped message="Suite splitting in effect" type="pytest.skip">src/pymortests/grid.py:44: &lt;py._xmlgen.raw object at 0x7f1dfe872be0&gt;</skipped></testcase><testcase classname="src.pymortests.grid" file="src/pymortests/grid.py" line="44" name="test_subentities_wrong_arguments[&lt;lambda&gt;33]" time="0.0004875659942626953"><skipped message="Suite splitting in effect" type="pytest.skip">src/pymortests/grid.py:44: &lt;py._xmlgen.raw object at 0x7f1dd4b84eb8&gt;</skipped></testcase><testcase classname="src.pymortests.grid" file="src/pymortests/grid.py" line="44" name="test_subentities_wrong_arguments[&lt;lambda&gt;34]" time="0.0004279613494873047"><skipped message="Suite splitting in effect" type="pytest.skip">src/pymortests/grid.py:44: &lt;py._xmlgen.raw object at 0x7f1dd4b8b320&gt;</skipped></testcase><testcase classname="src.pymortests.grid" file="src/pymortests/grid.py" line="44" name="test_subentities_wrong_arguments[&lt;lambda&gt;35]" time="0.0004630088806152344"><skipped message="Suite splitting in effect" type="pytest.skip">src/pymortests/grid.py:44: &lt;py._xmlgen.raw object at 0x7f1dd4b9f2b0&gt;</skipped></testcase><testcase classname="src.pymortests.grid" file="src/pymortests/grid.py" line="44" name="test_subentities_wrong_arguments[&lt;lambda&gt;36]" time="0.0008449554443359375"><skipped message="Suite splitting in effect" type="pytest.skip">src/pymortests/grid.py:44: &lt;py._xmlgen.raw object at 0x7f1dd4b9f748&gt;</skipped></testcase><testcase classname="src.pymortests.grid" file="src/pymortests/grid.py" line="44" name="test_subentities_wrong_arguments[&lt;lambda&gt;37]" time="0.0004775524139404297"><skipped message="Suite splitting in effect" type="pytest.skip">src/pymortests/grid.py:44: &lt;py._xmlgen.raw object at 0x7f1dd4b8b4e0&gt;</skipped></testcase><testcase classname="src.pymortests.grid" file="src/pymortests/grid.py" line="44" name="test_subentities_wrong_arguments[&lt;lambda&gt;38]" time="0.0005385875701904297"><skipped message="Suite splitting in effect" type="pytest.skip">src/pymortests/grid.py:44: &lt;py._xmlgen.raw object at 0x7f1dd4b84a20&gt;</skipped></testcase><testcase classname="src.pymortests.grid" file="src/pymortests/grid.py" line="44" name="test_subentities_wrong_arguments[&lt;lambda&gt;39]" time="0.0004932880401611328"><skipped message="Suite splitting in effect" type="pytest.skip">src/pymortests/grid.py:44: &lt;py._xmlgen.raw object at 0x7f1dd4be8cf8&gt;</skipped></testcase><testcase classname="src.pymortests.grid" file="src/pymortests/grid.py" line="44" name="test_subentities_wrong_arguments[&lt;lambda&gt;40]" time="0.0005137920379638672"><skipped message="Suite splitting in effect" type="pytest.skip">src/pymortests/grid.py:44: &lt;py._xmlgen.raw object at 0x7f1dd4bf27f0&gt;</skipped></testcase><testcase classname="src.pymortests.grid" file="src/pymortests/grid.py" line="44" name="test_subentities_wrong_arguments[&lt;lambda&gt;41]" time="0.0004723072052001953"><skipped message="Suite splitting in effect" type="pytest.skip">src/pymortests/grid.py:44: &lt;py._xmlgen.raw object at 0x7f1dd4b96828&gt;</skipped></testcase><testcase classname="src.pymortests.grid" file="src/pymortests/grid.py" line="44" name="test_subentities_wrong_arguments[&lt;lambda&gt;42]" time="0.00045418739318847656"><skipped message="Suite splitting in effect" type="pytest.skip">src/pymortests/grid.py:44: &lt;py._xmlgen.raw object at 0x7f1dd4bc6be0&gt;</skipped></testcase><testcase classname="src.pymortests.grid" file="src/pymortests/grid.py" line="57" name="test_subentities_shape[&lt;lambda&gt;0]" time="0.0005095005035400391"><skipped message="Suite splitting in effect" type="pytest.skip">src/pymortests/grid.py:57: &lt;py._xmlgen.raw object at 0x7f1dd4b9f400&gt;</skipped></testcase><testcase classname="src.pymortests.grid" file="src/pymortests/grid.py" line="57" name="test_subentities_shape[&lt;lambda&gt;1]" time="0.0010807514190673828"><skipped message="Suite splitting in effect" type="pytest.skip">src/pymortests/grid.py:57: &lt;py._xmlgen.raw object at 0x7f1dd4b9fd68&gt;</skipped></testcase><testcase classname="src.pymortests.grid" file="src/pymortests/grid.py" line="57" name="test_subentities_shape[&lt;lambda&gt;2]" time="0.0004832744598388672"><skipped message="Suite splitting in effect" type="pytest.skip">src/pymortests/grid.py:57: &lt;py._xmlgen.raw object at 0x7f1dfe8380f0&gt;</skipped></testcase><testcase classname="src.pymortests.grid" file="src/pymortests/grid.py" line="57" name="test_subentities_shape[&lt;lambda&gt;3]" time="0.00042748451232910156"><skipped message="Suite splitting in effect" type="pytest.skip">src/pymortests/grid.py:57: &lt;py._xmlgen.raw object at 0x7f1dfe8e23c8&gt;</skipped></testcase><testcase classname="src.pymortests.grid" file="src/pymortests/grid.py" line="57" name="test_subentities_shape[&lt;lambda&gt;4]" time="0.00043272972106933594"><skipped message="Suite splitting in effect" type="pytest.skip">src/pymortests/grid.py:57: &lt;py._xmlgen.raw object at 0x7f1dd4b96400&gt;</skipped></testcase><testcase classname="src.pymortests.grid" file="src/pymortests/grid.py" line="57" name="test_subentities_shape[&lt;lambda&gt;5]" time="0.0005040168762207031"><skipped message="Suite splitting in effect" type="pytest.skip">src/pymortests/grid.py:57: &lt;py._xmlgen.raw object at 0x7f1dd4b96dd8&gt;</skipped></testcase><testcase classname="src.pymortests.grid" file="src/pymortests/grid.py" line="57" name="test_subentities_shape[&lt;lambda&gt;6]" time="0.0005066394805908203"><skipped message="Suite splitting in effect" type="pytest.skip">src/pymortests/grid.py:57: &lt;py._xmlgen.raw object at 0x7f1dd4b8b518&gt;</skipped></testcase><testcase classname="src.pymortests.grid" file="src/pymortests/grid.py" line="57" name="test_subentities_shape[&lt;lambda&gt;7]" time="0.0004904270172119141"><skipped message="Suite splitting in effect" type="pytest.skip">src/pymortests/grid.py:57: &lt;py._xmlgen.raw object at 0x7f1dd4b843c8&gt;</skipped></testcase><testcase classname="src.pymortests.grid" file="src/pymortests/grid.py" line="57" name="test_subentities_shape[&lt;lambda&gt;8]" time="0.00045013427734375"><skipped message="Suite splitting in effect" type="pytest.skip">src/pymortests/grid.py:57: &lt;py._xmlgen.raw object at 0x7f1dfe844ef0&gt;</skipped></testcase><testcase classname="src.pymortests.grid" file="src/pymortests/grid.py" line="57" name="test_subentities_shape[&lt;lambda&gt;9]" time="0.0004553794860839844"><skipped message="Suite splitting in effect" type="pytest.skip">src/pymortests/grid.py:57: &lt;py._xmlgen.raw object at 0x7f1dd4c0bf28&gt;</skipped></testcase><testcase classname="src.pymortests.grid" file="src/pymortests/grid.py" line="57" name="test_subentities_shape[&lt;lambda&gt;10]" time="0.0009362697601318359"><skipped message="Suite splitting in effect" type="pytest.skip">src/pymortests/grid.py:57: &lt;py._xmlgen.raw object at 0x7f1dd4c17940&gt;</skipped></testcase><testcase classname="src.pymortests.grid" file="src/pymortests/grid.py" line="57" name="test_subentities_shape[&lt;lambda&gt;11]" time="0.00043511390686035156"><skipped message="Suite splitting in effect" type="pytest.skip">src/pymortests/grid.py:57: &lt;py._xmlgen.raw object at 0x7f1dd4b8bef0&gt;</skipped></testcase><testcase classname="src.pymortests.grid" file="src/pymortests/grid.py" line="57" name="test_subentities_shape[&lt;lambda&gt;12]" time="0.00042748451232910156"><skipped message="Suite splitting in effect" type="pytest.skip">src/pymortests/grid.py:57: &lt;py._xmlgen.raw object at 0x7f1dd4b96860&gt;</skipped></testcase><testcase classname="src.pymortests.grid" file="src/pymortests/grid.py" line="57" name="test_subentities_shape[&lt;lambda&gt;13]" time="0.00048661231994628906"><skipped message="Suite splitting in effect" type="pytest.skip">src/pymortests/grid.py:57: &lt;py._xmlgen.raw object at 0x7f1dd4b96f98&gt;</skipped></testcase><testcase classname="src.pymortests.grid" file="src/pymortests/grid.py" line="57" name="test_subentities_shape[&lt;lambda&gt;14]" time="0.0004506111145019531"><skipped message="Suite splitting in effect" type="pytest.skip">src/pymortests/grid.py:57: &lt;py._xmlgen.raw object at 0x7f1dfe8e27f0&gt;</skipped></testcase><testcase classname="src.pymortests.grid" file="src/pymortests/grid.py" line="57" name="test_subentities_shape[&lt;lambda&gt;15]" time="0.0004932880401611328"><skipped message="Suite splitting in effect" type="pytest.skip">src/pymortests/grid.py:57: &lt;py._xmlgen.raw object at 0x7f1dfe838358&gt;</skipped></testcase><testcase classname="src.pymortests.grid" file="src/pymortests/grid.py" line="57" name="test_subentities_shape[&lt;lambda&gt;16]" time="0.0004980564117431641"><skipped message="Suite splitting in effect" type="pytest.skip">src/pymortests/grid.py:57: &lt;py._xmlgen.raw object at 0x7f1dfe517da0&gt;</skipped></testcase><testcase classname="src.pymortests.grid" file="src/pymortests/grid.py" line="57" name="test_subentities_shape[&lt;lambda&gt;17]" time="0.00046825408935546875"><skipped message="Suite splitting in effect" type="pytest.skip">src/pymortests/grid.py:57: &lt;py._xmlgen.raw object at 0x7f1dd4b9fc88&gt;</skipped></testcase><testcase classname="src.pymortests.grid" file="src/pymortests/grid.py" line="57" name="test_subentities_shape[&lt;lambda&gt;18]" time="0.0007958412170410156"><skipped message="Suite splitting in effect" type="pytest.skip">src/pymortests/grid.py:57: &lt;py._xmlgen.raw object at 0x7f1dfe861c50&gt;</skipped></testcase><testcase classname="src.pymortests.grid" file="src/pymortests/grid.py" line="57" name="test_subentities_shape[&lt;lambda&gt;19]" time="0.00047779083251953125"><skipped message="Suite splitting in effect" type="pytest.skip">src/pymortests/grid.py:57: &lt;py._xmlgen.raw object at 0x7f1dfe8380f0&gt;</skipped></testcase><testcase classname="src.pymortests.grid" file="src/pymortests/grid.py" line="57" name="test_subentities_shape[&lt;lambda&gt;20]" time="0.0004603862762451172"><skipped message="Suite splitting in effect" type="pytest.skip">src/pymortests/grid.py:57: &lt;py._xmlgen.raw object at 0x7f1dd4b964e0&gt;</skipped></testcase><testcase classname="src.pymortests.grid" file="src/pymortests/grid.py" line="57" name="test_subentities_shape[&lt;lambda&gt;21]" time="0.00047707557678222656"><skipped message="Suite splitting in effect" type="pytest.skip">src/pymortests/grid.py:57: &lt;py._xmlgen.raw object at 0x7f1dd4b8b9b0&gt;</skipped></testcase><testcase classname="src.pymortests.grid" file="src/pymortests/grid.py" line="57" name="test_subentities_shape[&lt;lambda&gt;22]" time="0.0005125999450683594"><skipped message="Suite splitting in effect" type="pytest.skip">src/pymortests/grid.py:57: &lt;py._xmlgen.raw object at 0x7f1dd4b84eb8&gt;</skipped></testcase><testcase classname="src.pymortests.grid" file="src/pymortests/grid.py" line="57" name="test_subentities_shape[&lt;lambda&gt;23]" time="0.0004494190216064453"><skipped message="Suite splitting in effect" type="pytest.skip">src/pymortests/grid.py:57: &lt;py._xmlgen.raw object at 0x7f1dd4bd2ba8&gt;</skipped></testcase><testcase classname="src.pymortests.grid" file="src/pymortests/grid.py" line="57" name="test_subentities_shape[&lt;lambda&gt;24]" time="0.0006089210510253906"><skipped message="Suite splitting in effect" type="pytest.skip">src/pymortests/grid.py:57: &lt;py._xmlgen.raw object at 0x7f1dd4b9fba8&gt;</skipped></testcase><testcase classname="src.pymortests.grid" file="src/pymortests/grid.py" line="57" name="test_subentities_shape[&lt;lambda&gt;25]" time="0.0004992485046386719"><skipped message="Suite splitting in effect" type="pytest.skip">src/pymortests/grid.py:57: &lt;py._xmlgen.raw object at 0x7f1dd4bb12b0&gt;</skipped></testcase><testcase classname="src.pymortests.grid" file="src/pymortests/grid.py" line="57" name="test_subentities_shape[&lt;lambda&gt;26]" time="0.0009918212890625"><skipped message="Suite splitting in effect" type="pytest.skip">src/pymortests/grid.py:57: &lt;py._xmlgen.raw object at 0x7f1dd4bb17f0&gt;</skipped></testcase><testcase classname="src.pymortests.grid" file="src/pymortests/grid.py" line="57" name="test_subentities_shape[&lt;lambda&gt;27]" time="0.0004992485046386719"><skipped message="Suite splitting in effect" type="pytest.skip">src/pymortests/grid.py:57: &lt;py._xmlgen.raw object at 0x7f1dd4b9f438&gt;</skipped></testcase><testcase classname="src.pymortests.grid" file="src/pymortests/grid.py" line="57" name="test_subentities_shape[&lt;lambda&gt;28]" time="0.00043702125549316406"><skipped message="Suite splitting in effect" type="pytest.skip">src/pymortests/grid.py:57: &lt;py._xmlgen.raw object at 0x7f1dd4b84d30&gt;</skipped></testcase><testcase classname="src.pymortests.grid" file="src/pymortests/grid.py" line="57" name="test_subentities_shape[&lt;lambda&gt;29]" time="0.0005617141723632812"><skipped message="Suite splitting in effect" type="pytest.skip">src/pymortests/grid.py:57: &lt;py._xmlgen.raw object at 0x7f1dd4b8bef0&gt;</skipped></testcase><testcase classname="src.pymortests.grid" file="src/pymortests/grid.py" line="57" name="test_subentities_shape[&lt;lambda&gt;30]" time="0.0004830360412597656"><skipped message="Suite splitting in effect" type="pytest.skip">src/pymortests/grid.py:57: &lt;py._xmlgen.raw object at 0x7f1dd4b968d0&gt;</skipped></testcase><testcase classname="src.pymortests.grid" file="src/pymortests/grid.py" line="57" name="test_subentities_shape[&lt;lambda&gt;31]" time="0.00045108795166015625"><skipped message="Suite splitting in effect" type="pytest.skip">src/pymortests/grid.py:57: &lt;py._xmlgen.raw object at 0x7f1dd4bf2dd8&gt;</skipped></testcase><testcase classname="src.pymortests.grid" file="src/pymortests/grid.py" line="57" name="test_subentities_shape[&lt;lambda&gt;32]" time="0.0004341602325439453"><skipped message="Suite splitting in effect" type="pytest.skip">src/pymortests/grid.py:57: &lt;py._xmlgen.raw object at 0x7f1dd4bb1550&gt;</skipped></testcase><testcase classname="src.pymortests.grid" file="src/pymortests/grid.py" line="57" name="test_subentities_shape[&lt;lambda&gt;33]" time="0.0005152225494384766"><skipped message="Suite splitting in effect" type="pytest.skip">src/pymortests/grid.py:57: &lt;py._xmlgen.raw object at 0x7f1dd4bb1198&gt;</skipped></testcase><testcase classname="src.pymortests.grid" file="src/pymortests/grid.py" line="57" name="test_subentities_shape[&lt;lambda&gt;34]" time="0.0008001327514648438"><skipped message="Suite splitting in effect" type="pytest.skip">src/pymortests/grid.py:57: &lt;py._xmlgen.raw object at 0x7f1dd4bb1d30&gt;</skipped></testcase><testcase classname="src.pymortests.grid" file="src/pymortests/grid.py" line="57" name="test_subentities_shape[&lt;lambda&gt;35]" time="0.00044083595275878906"><skipped message="Suite splitting in effect" type="pytest.skip">src/pymortests/grid.py:57: &lt;py._xmlgen.raw object at 0x7f1dfe8e2860&gt;</skipped></testcase><testcase classname="src.pymortests.grid" file="src/pymortests/grid.py" line="57" name="test_subentities_shape[&lt;lambda&gt;36]" time="0.000576019287109375"><skipped message="Suite splitting in effect" type="pytest.skip">src/pymortests/grid.py:57: &lt;py._xmlgen.raw object at 0x7f1dd4b965c0&gt;</skipped></testcase><testcase classname="src.pymortests.grid" file="src/pymortests/grid.py" line="57" name="test_subentities_shape[&lt;lambda&gt;37]" time="0.0004947185516357422"><skipped message="Suite splitting in effect" type="pytest.skip">src/pymortests/grid.py:57: &lt;py._xmlgen.raw object at 0x7f1dd4b8b3c8&gt;</skipped></testcase><testcase classname="src.pymortests.grid" file="src/pymortests/grid.py" line="57" name="test_subentities_shape[&lt;lambda&gt;38]" time="0.0004291534423828125"><skipped message="Suite splitting in effect" type="pytest.skip">src/pymortests/grid.py:57: &lt;py._xmlgen.raw object at 0x7f1dfe8fa630&gt;</skipped></testcase><testcase classname="src.pymortests.grid" file="src/pymortests/grid.py" line="57" name="test_subentities_shape[&lt;lambda&gt;39]" time="0.000438690185546875"><skipped message="Suite splitting in effect" type="pytest.skip">src/pymortests/grid.py:57: &lt;py._xmlgen.raw object at 0x7f1dd4b9fba8&gt;</skipped></testcase><testcase classname="src.pymortests.grid" file="src/pymortests/grid.py" line="57" name="test_subentities_shape[&lt;lambda&gt;40]" time="0.0004534721374511719"><skipped message="Suite splitting in effect" type="pytest.skip">src/pymortests/grid.py:57: &lt;py._xmlgen.raw object at 0x7f1dd4bb1b38&gt;</skipped></testcase><testcase classname="src.pymortests.grid" file="src/pymortests/grid.py" line="57" name="test_subentities_shape[&lt;lambda&gt;41]" time="0.0005457401275634766"><skipped message="Suite splitting in effect" type="pytest.skip">src/pymortests/grid.py:57: &lt;py._xmlgen.raw object at 0x7f1dd4bb1668&gt;</skipped></testcase><testcase classname="src.pymortests.grid" file="src/pymortests/grid.py" line="57" name="test_subentities_shape[&lt;lambda&gt;42]" time="0.0007679462432861328"><skipped message="Suite splitting in effect" type="pytest.skip">src/pymortests/grid.py:57: &lt;py._xmlgen.raw object at 0x7f1dd4b39390&gt;</skipped></testcase><testcase classname="src.pymortests.grid" file="src/pymortests/grid.py" line="65" name="test_subentities_dtype[&lt;lambda&gt;0]" time="0.00045108795166015625"><skipped message="Suite splitting in effect" type="pytest.skip">src/pymortests/grid.py:65: &lt;py._xmlgen.raw object at 0x7f1dd4bb1208&gt;</skipped></testcase><testcase classname="src.pymortests.grid" file="src/pymortests/grid.py" line="65" name="test_subentities_dtype[&lt;lambda&gt;1]" time="0.00042510032653808594"><skipped message="Suite splitting in effect" type="pytest.skip">src/pymortests/grid.py:65: &lt;py._xmlgen.raw object at 0x7f1dd4b9f2e8&gt;</skipped></testcase><testcase classname="src.pymortests.grid" file="src/pymortests/grid.py" line="65" name="test_subentities_dtype[&lt;lambda&gt;2]" time="0.0006165504455566406"><skipped message="Suite splitting in effect" type="pytest.skip">src/pymortests/grid.py:65: &lt;py._xmlgen.raw object at 0x7f1dfe8fa3c8&gt;</skipped></testcase><testcase classname="src.pymortests.grid" file="src/pymortests/grid.py" line="65" name="test_subentities_dtype[&lt;lambda&gt;3]" time="0.00048542022705078125"><skipped message="Suite splitting in effect" type="pytest.skip">src/pymortests/grid.py:65: &lt;py._xmlgen.raw object at 0x7f1dd4b8ba90&gt;</skipped></testcase><testcase classname="src.pymortests.grid" file="src/pymortests/grid.py" line="65" name="test_subentities_dtype[&lt;lambda&gt;4]" time="0.0005414485931396484"><skipped message="Suite splitting in effect" type="pytest.skip">src/pymortests/grid.py:65: &lt;py._xmlgen.raw object at 0x7f1dfe90afd0&gt;</skipped></testcase><testcase classname="src.pymortests.grid" file="src/pymortests/grid.py" line="65" name="test_subentities_dtype[&lt;lambda&gt;5]" time="0.00043082237243652344"><skipped message="Suite splitting in effect" type="pytest.skip">src/pymortests/grid.py:65: &lt;py._xmlgen.raw object at 0x7f1dfe8ea9b0&gt;</skipped></testcase><testcase classname="src.pymortests.grid" file="src/pymortests/grid.py" line="65" name="test_subentities_dtype[&lt;lambda&gt;6]" time="0.0004305839538574219"><skipped message="Suite splitting in effect" type="pytest.skip">src/pymortests/grid.py:65: &lt;py._xmlgen.raw object at 0x7f1dd4b39240&gt;</skipped></testcase><testcase classname="src.pymortests.grid" file="src/pymortests/grid.py" line="65" name="test_subentities_dtype[&lt;lambda&gt;7]" time="0.0007507801055908203"><skipped message="Suite splitting in effect" type="pytest.skip">src/pymortests/grid.py:65: &lt;py._xmlgen.raw object at 0x7f1dd4b399b0&gt;</skipped></testcase><testcase classname="src.pymortests.grid" file="src/pymortests/grid.py" line="65" name="test_subentities_dtype[&lt;lambda&gt;8]" time="0.00046825408935546875"><skipped message="Suite splitting in effect" type="pytest.skip">src/pymortests/grid.py:65: &lt;py._xmlgen.raw object at 0x7f1dfe90ae10&gt;</skipped></testcase><testcase classname="src.pymortests.grid" file="src/pymortests/grid.py" line="65" name="test_subentities_dtype[&lt;lambda&gt;9]" time="0.0005507469177246094"><skipped message="Suite splitting in effect" type="pytest.skip">src/pymortests/grid.py:65: &lt;py._xmlgen.raw object at 0x7f1dd4b84d68&gt;</skipped></testcase><testcase classname="src.pymortests.grid" file="src/pymortests/grid.py" line="65" name="test_subentities_dtype[&lt;lambda&gt;10]" time="0.0005009174346923828"><skipped message="Suite splitting in effect" type="pytest.skip">src/pymortests/grid.py:65: &lt;py._xmlgen.raw object at 0x7f1dfe8fa8d0&gt;</skipped></testcase><testcase classname="src.pymortests.grid" file="src/pymortests/grid.py" line="65" name="test_subentities_dtype[&lt;lambda&gt;11]" time="0.0005352497100830078"><skipped message="Suite splitting in effect" type="pytest.skip">src/pymortests/grid.py:65: &lt;py._xmlgen.raw object at 0x7f1dfe885940&gt;</skipped></testcase><testcase classname="src.pymortests.grid" file="src/pymortests/grid.py" line="65" name="test_subentities_dtype[&lt;lambda&gt;12]" time="0.0004773139953613281"><skipped message="Suite splitting in effect" type="pytest.skip">src/pymortests/grid.py:65: &lt;py._xmlgen.raw object at 0x7f1dd4bb15f8&gt;</skipped></testcase><testcase classname="src.pymortests.grid" file="src/pymortests/grid.py" line="65" name="test_subentities_dtype[&lt;lambda&gt;13]" time="0.0006055831909179688"><skipped message="Suite splitting in effect" type="pytest.skip">src/pymortests/grid.py:65: &lt;py._xmlgen.raw object at 0x7f1dd4b39588&gt;</skipped></testcase><testcase classname="src.pymortests.grid" file="src/pymortests/grid.py" line="65" name="test_subentities_dtype[&lt;lambda&gt;14]" time="0.0006425380706787109"><skipped message="Suite splitting in effect" type="pytest.skip">src/pymortests/grid.py:65: &lt;py._xmlgen.raw object at 0x7f1dd4b390b8&gt;</skipped></testcase><testcase classname="src.pymortests.grid" file="src/pymortests/grid.py" line="65" name="test_subentities_dtype[&lt;lambda&gt;15]" time="0.0012271404266357422"><skipped message="Suite splitting in effect" type="pytest.skip">src/pymortests/grid.py:65: &lt;py._xmlgen.raw object at 0x7f1dd4b43080&gt;</skipped></testcase><testcase classname="src.pymortests.grid" file="src/pymortests/grid.py" line="65" name="test_subentities_dtype[&lt;lambda&gt;16]" time="0.0004868507385253906"><skipped message="Suite splitting in effect" type="pytest.skip">src/pymortests/grid.py:65: &lt;py._xmlgen.raw object at 0x7f1dd4b397b8&gt;</skipped></testcase><testcase classname="src.pymortests.grid" file="src/pymortests/grid.py" line="65" name="test_subentities_dtype[&lt;lambda&gt;17]" time="0.0004940032958984375"><skipped message="Suite splitting in effect" type="pytest.skip">src/pymortests/grid.py:65: &lt;py._xmlgen.raw object at 0x7f1dd4bb12e8&gt;</skipped></testcase><testcase classname="src.pymortests.grid" file="src/pymortests/grid.py" line="65" name="test_subentities_dtype[&lt;lambda&gt;18]" time="0.0004885196685791016"><skipped message="Suite splitting in effect" type="pytest.skip">src/pymortests/grid.py:65: &lt;py._xmlgen.raw object at 0x7f1dfe885dd8&gt;</skipped></testcase><testcase classname="src.pymortests.grid" file="src/pymortests/grid.py" line="65" name="test_subentities_dtype[&lt;lambda&gt;19]" time="0.00046181678771972656"><skipped message="Suite splitting in effect" type="pytest.skip">src/pymortests/grid.py:65: &lt;py._xmlgen.raw object at 0x7f1dd4b9f2e8&gt;</skipped></testcase><testcase classname="src.pymortests.grid" file="src/pymortests/grid.py" line="65" name="test_subentities_dtype[&lt;lambda&gt;20]" time="0.0005221366882324219"><skipped message="Suite splitting in effect" type="pytest.skip">src/pymortests/grid.py:65: &lt;py._xmlgen.raw object at 0x7f1dd4b8b3c8&gt;</skipped></testcase><testcase classname="src.pymortests.grid" file="src/pymortests/grid.py" line="65" name="test_subentities_dtype[&lt;lambda&gt;21]" time="0.00046062469482421875"><skipped message="Suite splitting in effect" type="pytest.skip">src/pymortests/grid.py:65: &lt;py._xmlgen.raw object at 0x7f1dfe90a860&gt;</skipped></testcase><testcase classname="src.pymortests.grid" file="src/pymortests/grid.py" line="65" name="test_subentities_dtype[&lt;lambda&gt;22]" time="0.0004451274871826172"><skipped message="Suite splitting in effect" type="pytest.skip">src/pymortests/grid.py:65: &lt;py._xmlgen.raw object at 0x7f1dd4b43128&gt;</skipped></testcase><testcase classname="src.pymortests.grid" file="src/pymortests/grid.py" line="65" name="test_subentities_dtype[&lt;lambda&gt;23]" time="0.0007956027984619141"><skipped message="Suite splitting in effect" type="pytest.skip">src/pymortests/grid.py:65: &lt;py._xmlgen.raw object at 0x7f1dd4b43630&gt;</skipped></testcase><testcase classname="src.pymortests.grid" file="src/pymortests/grid.py" line="65" name="test_subentities_dtype[&lt;lambda&gt;24]" time="0.0004291534423828125"><skipped message="Suite splitting in effect" type="pytest.skip">src/pymortests/grid.py:65: &lt;py._xmlgen.raw object at 0x7f1dd4b96ac8&gt;</skipped></testcase><testcase classname="src.pymortests.grid" file="src/pymortests/grid.py" line="65" name="test_subentities_dtype[&lt;lambda&gt;25]" time="0.00041961669921875"><skipped message="Suite splitting in effect" type="pytest.skip">src/pymortests/grid.py:65: &lt;py._xmlgen.raw object at 0x7f1dd4b8ba90&gt;</skipped></testcase><testcase classname="src.pymortests.grid" file="src/pymortests/grid.py" line="65" name="test_subentities_dtype[&lt;lambda&gt;26]" time="0.0005888938903808594"><skipped message="Suite splitting in effect" type="pytest.skip">src/pymortests/grid.py:65: &lt;py._xmlgen.raw object at 0x7f1dfe885550&gt;</skipped></testcase><testcase classname="src.pymortests.grid" file="src/pymortests/grid.py" line="65" name="test_subentities_dtype[&lt;lambda&gt;27]" time="0.0004949569702148438"><skipped message="Suite splitting in effect" type="pytest.skip">src/pymortests/grid.py:65: &lt;py._xmlgen.raw object at 0x7f1dd4bb1908&gt;</skipped></testcase><testcase classname="src.pymortests.grid" file="src/pymortests/grid.py" line="65" name="test_subentities_dtype[&lt;lambda&gt;28]" time="0.000469207763671875"><skipped message="Suite splitting in effect" type="pytest.skip">src/pymortests/grid.py:65: &lt;py._xmlgen.raw object at 0x7f1dd4b39240&gt;</skipped></testcase><testcase classname="src.pymortests.grid" file="src/pymortests/grid.py" line="65" name="test_subentities_dtype[&lt;lambda&gt;29]" time="0.00043487548828125"><skipped message="Suite splitting in effect" type="pytest.skip">src/pymortests/grid.py:65: &lt;py._xmlgen.raw object at 0x7f1dd4b390f0&gt;</skipped></testcase><testcase classname="src.pymortests.grid" file="src/pymortests/grid.py" line="65" name="test_subentities_dtype[&lt;lambda&gt;30]" time="0.000431060791015625"><skipped message="Suite splitting in effect" type="pytest.skip">src/pymortests/grid.py:65: &lt;py._xmlgen.raw object at 0x7f1dd4b431d0&gt;</skipped></testcase><testcase classname="src.pymortests.grid" file="src/pymortests/grid.py" line="65" name="test_subentities_dtype[&lt;lambda&gt;31]" time="0.0007717609405517578"><skipped message="Suite splitting in effect" type="pytest.skip">src/pymortests/grid.py:65: &lt;py._xmlgen.raw object at 0x7f1dd4b43c50&gt;</skipped></testcase><testcase classname="src.pymortests.grid" file="src/pymortests/grid.py" line="65" name="test_subentities_dtype[&lt;lambda&gt;32]" time="0.00042319297790527344"><skipped message="Suite splitting in effect" type="pytest.skip">src/pymortests/grid.py:65: &lt;py._xmlgen.raw object at 0x7f1dd4b39c18&gt;</skipped></testcase><testcase classname="src.pymortests.grid" file="src/pymortests/grid.py" line="65" name="test_subentities_dtype[&lt;lambda&gt;33]" time="0.00042319297790527344"><skipped message="Suite splitting in effect" type="pytest.skip">src/pymortests/grid.py:65: &lt;py._xmlgen.raw object at 0x7f1dfe885898&gt;</skipped></testcase><testcase classname="src.pymortests.grid" file="src/pymortests/grid.py" line="65" name="test_subentities_dtype[&lt;lambda&gt;34]" time="0.0004324913024902344"><skipped message="Suite splitting in effect" type="pytest.skip">src/pymortests/grid.py:65: &lt;py._xmlgen.raw object at 0x7f1dd4b9f198&gt;</skipped></testcase><testcase classname="src.pymortests.grid" file="src/pymortests/grid.py" line="65" name="test_subentities_dtype[&lt;lambda&gt;35]" time="0.0004284381866455078"><skipped message="Suite splitting in effect" type="pytest.skip">src/pymortests/grid.py:65: &lt;py._xmlgen.raw object at 0x7f1dd4b84d68&gt;</skipped></testcase><testcase classname="src.pymortests.grid" file="src/pymortests/grid.py" line="65" name="test_subentities_dtype[&lt;lambda&gt;36]" time="0.00043320655822753906"><skipped message="Suite splitting in effect" type="pytest.skip">src/pymortests/grid.py:65: &lt;py._xmlgen.raw object at 0x7f1dd4b96e80&gt;</skipped></testcase><testcase classname="src.pymortests.grid" file="src/pymortests/grid.py" line="65" name="test_subentities_dtype[&lt;lambda&gt;37]" time="0.00044798851013183594"><skipped message="Suite splitting in effect" type="pytest.skip">src/pymortests/grid.py:65: &lt;py._xmlgen.raw object at 0x7f1dd4b439b0&gt;</skipped></testcase><testcase classname="src.pymortests.grid" file="src/pymortests/grid.py" line="65" name="test_subentities_dtype[&lt;lambda&gt;38]" time="0.0005652904510498047"><skipped message="Suite splitting in effect" type="pytest.skip">src/pymortests/grid.py:65: &lt;py._xmlgen.raw object at 0x7f1dd4b434a8&gt;</skipped></testcase><testcase classname="src.pymortests.grid" file="src/pymortests/grid.py" line="65" name="test_subentities_dtype[&lt;lambda&gt;39]" time="0.0008287429809570312"><skipped message="Suite splitting in effect" type="pytest.skip">src/pymortests/grid.py:65: &lt;py._xmlgen.raw object at 0x7f1dd4b4d2b0&gt;</skipped></testcase><testcase classname="src.pymortests.grid" file="src/pymortests/grid.py" line="65" name="test_subentities_dtype[&lt;lambda&gt;40]" time="0.00048613548278808594"><skipped message="Suite splitting in effect" type="pytest.skip">src/pymortests/grid.py:65: &lt;py._xmlgen.raw object at 0x7f1dd4b43780&gt;</skipped></testcase><testcase classname="src.pymortests.grid" file="src/pymortests/grid.py" line="65" name="test_subentities_dtype[&lt;lambda&gt;41]" time="0.0004336833953857422"><skipped message="Suite splitting in effect" type="pytest.skip">src/pymortests/grid.py:65: &lt;py._xmlgen.raw object at 0x7f1dd4b96828&gt;</skipped></testcase><testcase classname="src.pymortests.grid" file="src/pymortests/grid.py" line="65" name="test_subentities_dtype[&lt;lambda&gt;42]" time="0.0005557537078857422"><skipped message="Suite splitting in effect" type="pytest.skip">src/pymortests/grid.py:65: &lt;py._xmlgen.raw object at 0x7f1dfe874128&gt;</skipped></testcase><testcase classname="src.pymortests.grid" file="src/pymortests/grid.py" line="72" name="test_subentities_entry_value_range[&lt;lambda&gt;0]" time="0.0004897117614746094"><skipped message="Suite splitting in effect" type="pytest.skip">src/pymortests/grid.py:72: &lt;py._xmlgen.raw object at 0x7f1dd4b8bba8&gt;</skipped></testcase><testcase classname="src.pymortests.grid" file="src/pymortests/grid.py" line="72" name="test_subentities_entry_value_range[&lt;lambda&gt;1]" time="0.00044918060302734375"><skipped message="Suite splitting in effect" type="pytest.skip">src/pymortests/grid.py:72: &lt;py._xmlgen.raw object at 0x7f1dd4bb12b0&gt;</skipped></testcase><testcase classname="src.pymortests.grid" file="src/pymortests/grid.py" line="72" name="test_subentities_entry_value_range[&lt;lambda&gt;2]" time="0.0006368160247802734"><skipped message="Suite splitting in effect" type="pytest.skip">src/pymortests/grid.py:72: &lt;py._xmlgen.raw object at 0x7f1dd4b398d0&gt;</skipped></testcase><testcase classname="src.pymortests.grid" file="src/pymortests/grid.py" line="72" name="test_subentities_entry_value_range[&lt;lambda&gt;3]" time="0.00048232078552246094"><skipped message="Suite splitting in effect" type="pytest.skip">src/pymortests/grid.py:72: &lt;py._xmlgen.raw object at 0x7f1dd4b4d128&gt;</skipped></testcase><testcase classname="src.pymortests.grid" file="src/pymortests/grid.py" line="72" name="test_subentities_entry_value_range[&lt;lambda&gt;4]" time="0.0008916854858398438"><skipped message="Suite splitting in effect" type="pytest.skip">src/pymortests/grid.py:72: &lt;py._xmlgen.raw object at 0x7f1dd4b4d8d0&gt;</skipped></testcase><testcase classname="src.pymortests.grid" file="src/pymortests/grid.py" line="72" name="test_subentities_entry_value_range[&lt;lambda&gt;5]" time="0.0004987716674804688"><skipped message="Suite splitting in effect" type="pytest.skip">src/pymortests/grid.py:72: &lt;py._xmlgen.raw object at 0x7f1dd4bb1ef0&gt;</skipped></testcase><testcase classname="src.pymortests.grid" file="src/pymortests/grid.py" line="72" name="test_subentities_entry_value_range[&lt;lambda&gt;6]" time="0.0005221366882324219"><skipped message="Suite splitting in effect" type="pytest.skip">src/pymortests/grid.py:72: &lt;py._xmlgen.raw object at 0x7f1dfe844ef0&gt;</skipped></testcase><testcase classname="src.pymortests.grid" file="src/pymortests/grid.py" line="72" name="test_subentities_entry_value_range[&lt;lambda&gt;7]" time="0.0004742145538330078"><skipped message="Suite splitting in effect" type="pytest.skip">src/pymortests/grid.py:72: &lt;py._xmlgen.raw object at 0x7f1dd4b84d68&gt;</skipped></testcase><testcase classname="src.pymortests.grid" file="src/pymortests/grid.py" line="72" name="test_subentities_entry_value_range[&lt;lambda&gt;8]" time="0.00046253204345703125"><skipped message="Suite splitting in effect" type="pytest.skip">src/pymortests/grid.py:72: &lt;py._xmlgen.raw object at 0x7f1dfe8ea198&gt;</skipped></testcase><testcase classname="src.pymortests.grid" file="src/pymortests/grid.py" line="72" name="test_subentities_entry_value_range[&lt;lambda&gt;9]" time="0.0004906654357910156"><skipped message="Suite splitting in effect" type="pytest.skip">src/pymortests/grid.py:72: &lt;py._xmlgen.raw object at 0x7f1dd4b43e10&gt;</skipped></testcase><testcase classname="src.pymortests.grid" file="src/pymortests/grid.py" line="72" name="test_subentities_entry_value_range[&lt;lambda&gt;10]" time="0.0004937648773193359"><skipped message="Suite splitting in effect" type="pytest.skip">src/pymortests/grid.py:72: &lt;py._xmlgen.raw object at 0x7f1dd4b4d9e8&gt;</skipped></testcase><testcase classname="src.pymortests.grid" file="src/pymortests/grid.py" line="72" name="test_subentities_entry_value_range[&lt;lambda&gt;11]" time="0.0004928112030029297"><skipped message="Suite splitting in effect" type="pytest.skip">src/pymortests/grid.py:72: &lt;py._xmlgen.raw object at 0x7f1dd4b4d400&gt;</skipped></testcase><testcase classname="src.pymortests.grid" file="src/pymortests/grid.py" line="72" name="test_subentities_entry_value_range[&lt;lambda&gt;12]" time="0.001046895980834961"><skipped message="Suite splitting in effect" type="pytest.skip">src/pymortests/grid.py:72: &lt;py._xmlgen.raw object at 0x7f1dd4b4def0&gt;</skipped></testcase><testcase classname="src.pymortests.grid" file="src/pymortests/grid.py" line="72" name="test_subentities_entry_value_range[&lt;lambda&gt;13]" time="0.0005195140838623047"><skipped message="Suite splitting in effect" type="pytest.skip">src/pymortests/grid.py:72: &lt;py._xmlgen.raw object at 0x7f1dfe874048&gt;</skipped></testcase><testcase classname="src.pymortests.grid" file="src/pymortests/grid.py" line="72" name="test_subentities_entry_value_range[&lt;lambda&gt;14]" time="0.0004649162292480469"><skipped message="Suite splitting in effect" type="pytest.skip">src/pymortests/grid.py:72: &lt;py._xmlgen.raw object at 0x7f1dfe885d30&gt;</skipped></testcase><testcase classname="src.pymortests.grid" file="src/pymortests/grid.py" line="72" name="test_subentities_entry_value_range[&lt;lambda&gt;15]" time="0.0004458427429199219"><skipped message="Suite splitting in effect" type="pytest.skip">src/pymortests/grid.py:72: &lt;py._xmlgen.raw object at 0x7f1dd4b4db70&gt;</skipped></testcase><testcase classname="src.pymortests.grid" file="src/pymortests/grid.py" line="72" name="test_subentities_entry_value_range[&lt;lambda&gt;16]" time="0.0004413127899169922"><skipped message="Suite splitting in effect" type="pytest.skip">src/pymortests/grid.py:72: &lt;py._xmlgen.raw object at 0x7f1dd4b4d198&gt;</skipped></testcase><testcase classname="src.pymortests.grid" file="src/pymortests/grid.py" line="72" name="test_subentities_entry_value_range[&lt;lambda&gt;17]" time="0.0004475116729736328"><skipped message="Suite splitting in effect" type="pytest.skip">src/pymortests/grid.py:72: &lt;py._xmlgen.raw object at 0x7f1dd4b43e80&gt;</skipped></testcase><testcase classname="src.pymortests.grid" file="src/pymortests/grid.py" line="72" name="test_subentities_entry_value_range[&lt;lambda&gt;18]" time="0.00045609474182128906"><skipped message="Suite splitting in effect" type="pytest.skip">src/pymortests/grid.py:72: &lt;py._xmlgen.raw object at 0x7f1dd4b43cc0&gt;</skipped></testcase><testcase classname="src.pymortests.grid" file="src/pymortests/grid.py" line="72" name="test_subentities_entry_value_range[&lt;lambda&gt;19]" time="0.0006444454193115234"><skipped message="Suite splitting in effect" type="pytest.skip">src/pymortests/grid.py:72: &lt;py._xmlgen.raw object at 0x7f1dd4b395f8&gt;</skipped></testcase><testcase classname="src.pymortests.grid" file="src/pymortests/grid.py" line="72" name="test_subentities_entry_value_range[&lt;lambda&gt;20]" time="0.0004956722259521484"><skipped message="Suite splitting in effect" type="pytest.skip">src/pymortests/grid.py:72: &lt;py._xmlgen.raw object at 0x7f1dd4bb1d68&gt;</skipped></testcase><testcase classname="src.pymortests.grid" file="src/pymortests/grid.py" line="72" name="test_subentities_entry_value_range[&lt;lambda&gt;21]" time="0.0008194446563720703"><skipped message="Suite splitting in effect" type="pytest.skip">src/pymortests/grid.py:72: &lt;py._xmlgen.raw object at 0x7f1dd4b39390&gt;</skipped></testcase><testcase classname="src.pymortests.grid" file="src/pymortests/grid.py" line="72" name="test_subentities_entry_value_range[&lt;lambda&gt;22]" time="0.0004451274871826172"><skipped message="Suite splitting in effect" type="pytest.skip">src/pymortests/grid.py:72: &lt;py._xmlgen.raw object at 0x7f1dd4b43048&gt;</skipped></testcase><testcase classname="src.pymortests.grid" file="src/pymortests/grid.py" line="72" name="test_subentities_entry_value_range[&lt;lambda&gt;23]" time="0.0004954338073730469"><skipped message="Suite splitting in effect" type="pytest.skip">src/pymortests/grid.py:72: &lt;py._xmlgen.raw object at 0x7f1dd4b43780&gt;</skipped></testcase><testcase classname="src.pymortests.grid" file="src/pymortests/grid.py" line="72" name="test_subentities_entry_value_range[&lt;lambda&gt;24]" time="0.00043463706970214844"><skipped message="Suite splitting in effect" type="pytest.skip">src/pymortests/grid.py:72: &lt;py._xmlgen.raw object at 0x7f1dd4b4d438&gt;</skipped></testcase><testcase classname="src.pymortests.grid" file="src/pymortests/grid.py" line="72" name="test_subentities_entry_value_range[&lt;lambda&gt;25]" time="0.0005102157592773438"><skipped message="Suite splitting in effect" type="pytest.skip">src/pymortests/grid.py:72: &lt;py._xmlgen.raw object at 0x7f1dfe8854a8&gt;</skipped></testcase><testcase classname="src.pymortests.grid" file="src/pymortests/grid.py" line="72" name="test_subentities_entry_value_range[&lt;lambda&gt;26]" time="0.000507354736328125"><skipped message="Suite splitting in effect" type="pytest.skip">src/pymortests/grid.py:72: &lt;py._xmlgen.raw object at 0x7f1dfe84e940&gt;</skipped></testcase><testcase classname="src.pymortests.grid" file="src/pymortests/grid.py" line="72" name="test_subentities_entry_value_range[&lt;lambda&gt;27]" time="0.00044155120849609375"><skipped message="Suite splitting in effect" type="pytest.skip">src/pymortests/grid.py:72: &lt;py._xmlgen.raw object at 0x7f1dfe8745f8&gt;</skipped></testcase><testcase classname="src.pymortests.grid" file="src/pymortests/grid.py" line="72" name="test_subentities_entry_value_range[&lt;lambda&gt;28]" time="0.00047469139099121094"><skipped message="Suite splitting in effect" type="pytest.skip">src/pymortests/grid.py:72: &lt;py._xmlgen.raw object at 0x7f1dfe517cf8&gt;</skipped></testcase><testcase classname="src.pymortests.grid" file="src/pymortests/grid.py" line="72" name="test_subentities_entry_value_range[&lt;lambda&gt;29]" time="0.0006949901580810547"><skipped message="Suite splitting in effect" type="pytest.skip">src/pymortests/grid.py:72: &lt;py._xmlgen.raw object at 0x7f1dd4b9fef0&gt;</skipped></testcase><testcase classname="src.pymortests.grid" file="src/pymortests/grid.py" line="72" name="test_subentities_entry_value_range[&lt;lambda&gt;30]" time="0.0004787445068359375"><skipped message="Suite splitting in effect" type="pytest.skip">src/pymortests/grid.py:72: &lt;py._xmlgen.raw object at 0x7f1dfe84e9e8&gt;</skipped></testcase><testcase classname="src.pymortests.grid" file="src/pymortests/grid.py" line="72" name="test_subentities_entry_value_range[&lt;lambda&gt;31]" time="0.0005230903625488281"><skipped message="Suite splitting in effect" type="pytest.skip">src/pymortests/grid.py:72: &lt;py._xmlgen.raw object at 0x7f1dfe862fd0&gt;</skipped></testcase><testcase classname="src.pymortests.grid" file="src/pymortests/grid.py" line="72" name="test_subentities_entry_value_range[&lt;lambda&gt;32]" time="0.0005125999450683594"><skipped message="Suite splitting in effect" type="pytest.skip">src/pymortests/grid.py:72: &lt;py._xmlgen.raw object at 0x7f1dd4b4db00&gt;</skipped></testcase><testcase classname="src.pymortests.grid" file="src/pymortests/grid.py" line="72" name="test_subentities_entry_value_range[&lt;lambda&gt;33]" time="0.0005068778991699219"><skipped message="Suite splitting in effect" type="pytest.skip">src/pymortests/grid.py:72: &lt;py._xmlgen.raw object at 0x7f1dd4b4d160&gt;</skipped></testcase><testcase classname="src.pymortests.grid" file="src/pymortests/grid.py" line="72" name="test_subentities_entry_value_range[&lt;lambda&gt;34]" time="0.0004360675811767578"><skipped message="Suite splitting in effect" type="pytest.skip">src/pymortests/grid.py:72: &lt;py._xmlgen.raw object at 0x7f1dd4b43cc0&gt;</skipped></testcase><testcase classname="src.pymortests.grid" file="src/pymortests/grid.py" line="72" name="test_subentities_entry_value_range[&lt;lambda&gt;35]" time="0.0004432201385498047"><skipped message="Suite splitting in effect" type="pytest.skip">src/pymortests/grid.py:72: &lt;py._xmlgen.raw object at 0x7f1dd4b393c8&gt;</skipped></testcase><testcase classname="src.pymortests.grid" file="src/pymortests/grid.py" line="72" name="test_subentities_entry_value_range[&lt;lambda&gt;36]" time="0.0004971027374267578"><skipped message="Suite splitting in effect" type="pytest.skip">src/pymortests/grid.py:72: &lt;py._xmlgen.raw object at 0x7f1dd4b5f438&gt;</skipped></testcase><testcase classname="src.pymortests.grid" file="src/pymortests/grid.py" line="72" name="test_subentities_entry_value_range[&lt;lambda&gt;37]" time="0.0012023448944091797"><skipped message="Suite splitting in effect" type="pytest.skip">src/pymortests/grid.py:72: &lt;py._xmlgen.raw object at 0x7f1dd4b5f978&gt;</skipped></testcase><testcase classname="src.pymortests.grid" file="src/pymortests/grid.py" line="72" name="test_subentities_entry_value_range[&lt;lambda&gt;38]" time="0.0004589557647705078"><skipped message="Suite splitting in effect" type="pytest.skip">src/pymortests/grid.py:72: &lt;py._xmlgen.raw object at 0x7f1dd4b43668&gt;</skipped></testcase><testcase classname="src.pymortests.grid" file="src/pymortests/grid.py" line="72" name="test_subentities_entry_value_range[&lt;lambda&gt;39]" time="0.0004782676696777344"><skipped message="Suite splitting in effect" type="pytest.skip">src/pymortests/grid.py:72: &lt;py._xmlgen.raw object at 0x7f1dfe885748&gt;</skipped></testcase><testcase classname="src.pymortests.grid" file="src/pymortests/grid.py" line="72" name="test_subentities_entry_value_range[&lt;lambda&gt;40]" time="0.0004448890686035156"><skipped message="Suite splitting in effect" type="pytest.skip">src/pymortests/grid.py:72: &lt;py._xmlgen.raw object at 0x7f1dd4b4d5c0&gt;</skipped></testcase><testcase classname="src.pymortests.grid" file="src/pymortests/grid.py" line="72" name="test_subentities_entry_value_range[&lt;lambda&gt;41]" time="0.0005035400390625"><skipped message="Suite splitting in effect" type="pytest.skip">src/pymortests/grid.py:72: &lt;py._xmlgen.raw object at 0x7f1dfe862fd0&gt;</skipped></testcase><testcase classname="src.pymortests.grid" file="src/pymortests/grid.py" line="72" name="test_subentities_entry_value_range[&lt;lambda&gt;42]" time="0.0005190372467041016"><skipped message="Suite splitting in effect" type="pytest.skip">src/pymortests/grid.py:72: &lt;py._xmlgen.raw object at 0x7f1dfe84e940&gt;</skipped></testcase><testcase classname="src.pymortests.grid" file="src/pymortests/grid.py" line="80" name="test_subentities_entry_values_unique[&lt;lambda&gt;0]" time="0.00043702125549316406"><skipped message="Suite splitting in effect" type="pytest.skip">src/pymortests/grid.py:80: &lt;py._xmlgen.raw object at 0x7f1dd4b5f6d8&gt;</skipped></testcase><testcase classname="src.pymortests.grid" file="src/pymortests/grid.py" line="80" name="test_subentities_entry_values_unique[&lt;lambda&gt;1]" time="0.0004265308380126953"><skipped message="Suite splitting in effect" type="pytest.skip">src/pymortests/grid.py:80: &lt;py._xmlgen.raw object at 0x7f1dd4b5f320&gt;</skipped></testcase><testcase classname="src.pymortests.grid" file="src/pymortests/grid.py" line="80" name="test_subentities_entry_values_unique[&lt;lambda&gt;2]" time="0.0007891654968261719"><skipped message="Suite splitting in effect" type="pytest.skip">src/pymortests/grid.py:80: &lt;py._xmlgen.raw object at 0x7f1dd4b5feb8&gt;</skipped></testcase><testcase classname="src.pymortests.grid" file="src/pymortests/grid.py" line="80" name="test_subentities_entry_values_unique[&lt;lambda&gt;3]" time="0.000492095947265625"><skipped message="Suite splitting in effect" type="pytest.skip">src/pymortests/grid.py:80: &lt;py._xmlgen.raw object at 0x7f1dd4b5fcf8&gt;</skipped></testcase><testcase classname="src.pymortests.grid" file="src/pymortests/grid.py" line="80" name="test_subentities_entry_values_unique[&lt;lambda&gt;4]" time="0.0004925727844238281"><skipped message="Suite splitting in effect" type="pytest.skip">src/pymortests/grid.py:80: &lt;py._xmlgen.raw object at 0x7f1dd4b5f780&gt;</skipped></testcase><testcase classname="src.pymortests.grid" file="src/pymortests/grid.py" line="80" name="test_subentities_entry_values_unique[&lt;lambda&gt;5]" time="0.0004935264587402344"><skipped message="Suite splitting in effect" type="pytest.skip">src/pymortests/grid.py:80: &lt;py._xmlgen.raw object at 0x7f1dfe84e940&gt;</skipped></testcase><testcase classname="src.pymortests.grid" file="src/pymortests/grid.py" line="80" name="test_subentities_entry_values_unique[&lt;lambda&gt;6]" time="0.0004608631134033203"><skipped message="Suite splitting in effect" type="pytest.skip">src/pymortests/grid.py:80: &lt;py._xmlgen.raw object at 0x7f1dfe7bb0f0&gt;</skipped></testcase><testcase classname="src.pymortests.grid" file="src/pymortests/grid.py" line="80" name="test_subentities_entry_values_unique[&lt;lambda&gt;7]" time="0.0007359981536865234"><skipped message="Suite splitting in effect" type="pytest.skip">src/pymortests/grid.py:80: &lt;py._xmlgen.raw object at 0x7f1dd4b4d2e8&gt;</skipped></testcase><testcase classname="src.pymortests.grid" file="src/pymortests/grid.py" line="80" name="test_subentities_entry_values_unique[&lt;lambda&gt;8]" time="0.0005941390991210938"><skipped message="Suite splitting in effect" type="pytest.skip">src/pymortests/grid.py:80: &lt;py._xmlgen.raw object at 0x7f1dd4b43e48&gt;</skipped></testcase><testcase classname="src.pymortests.grid" file="src/pymortests/grid.py" line="80" name="test_subentities_entry_values_unique[&lt;lambda&gt;9]" time="0.0005204677581787109"><skipped message="Suite splitting in effect" type="pytest.skip">src/pymortests/grid.py:80: &lt;py._xmlgen.raw object at 0x7f1dd4b39390&gt;</skipped></testcase><testcase classname="src.pymortests.grid" file="src/pymortests/grid.py" line="80" name="test_subentities_entry_values_unique[&lt;lambda&gt;10]" time="0.0009374618530273438"><skipped message="Suite splitting in effect" type="pytest.skip">src/pymortests/grid.py:80: &lt;py._xmlgen.raw object at 0x7f1dd4b66518&gt;</skipped></testcase><testcase classname="src.pymortests.grid" file="src/pymortests/grid.py" line="80" name="test_subentities_entry_values_unique[&lt;lambda&gt;11]" time="0.0004527568817138672"><skipped message="Suite splitting in effect" type="pytest.skip">src/pymortests/grid.py:80: &lt;py._xmlgen.raw object at 0x7f1dd4b437f0&gt;</skipped></testcase><testcase classname="src.pymortests.grid" file="src/pymortests/grid.py" line="80" name="test_subentities_entry_values_unique[&lt;lambda&gt;12]" time="0.0005280971527099609"><skipped message="Suite splitting in effect" type="pytest.skip">src/pymortests/grid.py:80: &lt;py._xmlgen.raw object at 0x7f1dd4b4df98&gt;</skipped></testcase><testcase classname="src.pymortests.grid" file="src/pymortests/grid.py" line="80" name="test_subentities_entry_values_unique[&lt;lambda&gt;13]" time="0.0005466938018798828"><skipped message="Suite splitting in effect" type="pytest.skip">src/pymortests/grid.py:80: &lt;py._xmlgen.raw object at 0x7f1dfe874cc0&gt;</skipped></testcase><testcase classname="src.pymortests.grid" file="src/pymortests/grid.py" line="80" name="test_subentities_entry_values_unique[&lt;lambda&gt;14]" time="0.0005640983581542969"><skipped message="Suite splitting in effect" type="pytest.skip">src/pymortests/grid.py:80: &lt;py._xmlgen.raw object at 0x7f1dd4b5f198&gt;</skipped></testcase><testcase classname="src.pymortests.grid" file="src/pymortests/grid.py" line="80" name="test_subentities_entry_values_unique[&lt;lambda&gt;15]" time="0.0004622936248779297"><skipped message="Suite splitting in effect" type="pytest.skip">src/pymortests/grid.py:80: &lt;py._xmlgen.raw object at 0x7f1dd4b5f828&gt;</skipped></testcase><testcase classname="src.pymortests.grid" file="src/pymortests/grid.py" line="80" name="test_subentities_entry_values_unique[&lt;lambda&gt;16]" time="0.0004661083221435547"><skipped message="Suite splitting in effect" type="pytest.skip">src/pymortests/grid.py:80: &lt;py._xmlgen.raw object at 0x7f1dd4b9f358&gt;</skipped></testcase><testcase classname="src.pymortests.grid" file="src/pymortests/grid.py" line="80" name="test_subentities_entry_values_unique[&lt;lambda&gt;17]" time="0.0005099773406982422"><skipped message="Suite splitting in effect" type="pytest.skip">src/pymortests/grid.py:80: &lt;py._xmlgen.raw object at 0x7f1dd4b66470&gt;</skipped></testcase><testcase classname="src.pymortests.grid" file="src/pymortests/grid.py" line="80" name="test_subentities_entry_values_unique[&lt;lambda&gt;18]" time="0.0007741451263427734"><skipped message="Suite splitting in effect" type="pytest.skip">src/pymortests/grid.py:80: &lt;py._xmlgen.raw object at 0x7f1dd4b66b38&gt;</skipped></testcase><testcase classname="src.pymortests.grid" file="src/pymortests/grid.py" line="80" name="test_subentities_entry_values_unique[&lt;lambda&gt;19]" time="0.00048470497131347656"><skipped message="Suite splitting in effect" type="pytest.skip">src/pymortests/grid.py:80: &lt;py._xmlgen.raw object at 0x7f1dfe84edd8&gt;</skipped></testcase><testcase classname="src.pymortests.grid" file="src/pymortests/grid.py" line="80" name="test_subentities_entry_values_unique[&lt;lambda&gt;20]" time="0.00043082237243652344"><skipped message="Suite splitting in effect" type="pytest.skip">src/pymortests/grid.py:80: &lt;py._xmlgen.raw object at 0x7f1dd4b5f898&gt;</skipped></testcase><testcase classname="src.pymortests.grid" file="src/pymortests/grid.py" line="80" name="test_subentities_entry_values_unique[&lt;lambda&gt;21]" time="0.0004267692565917969"><skipped message="Suite splitting in effect" type="pytest.skip">src/pymortests/grid.py:80: &lt;py._xmlgen.raw object at 0x7f1dfe862cc0&gt;</skipped></testcase><testcase classname="src.pymortests.grid" file="src/pymortests/grid.py" line="80" name="test_subentities_entry_values_unique[&lt;lambda&gt;22]" time="0.0004334449768066406"><skipped message="Suite splitting in effect" type="pytest.skip">src/pymortests/grid.py:80: &lt;py._xmlgen.raw object at 0x7f1dd4b4d828&gt;</skipped></testcase><testcase classname="src.pymortests.grid" file="src/pymortests/grid.py" line="80" name="test_subentities_entry_values_unique[&lt;lambda&gt;23]" time="0.0004425048828125"><skipped message="Suite splitting in effect" type="pytest.skip">src/pymortests/grid.py:80: &lt;py._xmlgen.raw object at 0x7f1dd4b43518&gt;</skipped></testcase><testcase classname="src.pymortests.grid" file="src/pymortests/grid.py" line="80" name="test_subentities_entry_values_unique[&lt;lambda&gt;24]" time="0.0004813671112060547"><skipped message="Suite splitting in effect" type="pytest.skip">src/pymortests/grid.py:80: &lt;py._xmlgen.raw object at 0x7f1dd4b66828&gt;</skipped></testcase><testcase classname="src.pymortests.grid" file="src/pymortests/grid.py" line="80" name="test_subentities_entry_values_unique[&lt;lambda&gt;25]" time="0.0005092620849609375"><skipped message="Suite splitting in effect" type="pytest.skip">src/pymortests/grid.py:80: &lt;py._xmlgen.raw object at 0x7f1dd4b662b0&gt;</skipped></testcase><testcase classname="src.pymortests.grid" file="src/pymortests/grid.py" line="80" name="test_subentities_entry_values_unique[&lt;lambda&gt;26]" time="0.0007367134094238281"><skipped message="Suite splitting in effect" type="pytest.skip">src/pymortests/grid.py:80: &lt;py._xmlgen.raw object at 0x7f1dd4b73198&gt;</skipped></testcase><testcase classname="src.pymortests.grid" file="src/pymortests/grid.py" line="80" name="test_subentities_entry_values_unique[&lt;lambda&gt;27]" time="0.00048279762268066406"><skipped message="Suite splitting in effect" type="pytest.skip">src/pymortests/grid.py:80: &lt;py._xmlgen.raw object at 0x7f1dd4b662b0&gt;</skipped></testcase><testcase classname="src.pymortests.grid" file="src/pymortests/grid.py" line="80" name="test_subentities_entry_values_unique[&lt;lambda&gt;28]" time="0.0004780292510986328"><skipped message="Suite splitting in effect" type="pytest.skip">src/pymortests/grid.py:80: &lt;py._xmlgen.raw object at 0x7f1dd4b66cc0&gt;</skipped></testcase><testcase classname="src.pymortests.grid" file="src/pymortests/grid.py" line="80" name="test_subentities_entry_values_unique[&lt;lambda&gt;29]" time="0.0005025863647460938"><skipped message="Suite splitting in effect" type="pytest.skip">src/pymortests/grid.py:80: &lt;py._xmlgen.raw object at 0x7f1dd4b4d978&gt;</skipped></testcase><testcase classname="src.pymortests.grid" file="src/pymortests/grid.py" line="80" name="test_subentities_entry_values_unique[&lt;lambda&gt;30]" time="0.0004673004150390625"><skipped message="Suite splitting in effect" type="pytest.skip">src/pymortests/grid.py:80: &lt;py._xmlgen.raw object at 0x7f1dd4b8b3c8&gt;</skipped></testcase><testcase classname="src.pymortests.grid" file="src/pymortests/grid.py" line="80" name="test_subentities_entry_values_unique[&lt;lambda&gt;31]" time="0.00045871734619140625"><skipped message="Suite splitting in effect" type="pytest.skip">src/pymortests/grid.py:80: &lt;py._xmlgen.raw object at 0x7f1dd4b5ff60&gt;</skipped></testcase><testcase classname="src.pymortests.grid" file="src/pymortests/grid.py" line="80" name="test_subentities_entry_values_unique[&lt;lambda&gt;32]" time="0.0004858970642089844"><skipped message="Suite splitting in effect" type="pytest.skip">src/pymortests/grid.py:80: &lt;py._xmlgen.raw object at 0x7f1dfe7a97b8&gt;</skipped></testcase><testcase classname="src.pymortests.grid" file="src/pymortests/grid.py" line="80" name="test_subentities_entry_values_unique[&lt;lambda&gt;33]" time="0.0004482269287109375"><skipped message="Suite splitting in effect" type="pytest.skip">src/pymortests/grid.py:80: &lt;py._xmlgen.raw object at 0x7f1dd4b73358&gt;</skipped></testcase><testcase classname="src.pymortests.grid" file="src/pymortests/grid.py" line="80" name="test_subentities_entry_values_unique[&lt;lambda&gt;34]" time="0.0007901191711425781"><skipped message="Suite splitting in effect" type="pytest.skip">src/pymortests/grid.py:80: &lt;py._xmlgen.raw object at 0x7f1dd4b737b8&gt;</skipped></testcase><testcase classname="src.pymortests.grid" file="src/pymortests/grid.py" line="80" name="test_subentities_entry_values_unique[&lt;lambda&gt;35]" time="0.0004944801330566406"><skipped message="Suite splitting in effect" type="pytest.skip">src/pymortests/grid.py:80: &lt;py._xmlgen.raw object at 0x7f1dfe799898&gt;</skipped></testcase><testcase classname="src.pymortests.grid" file="src/pymortests/grid.py" line="80" name="test_subentities_entry_values_unique[&lt;lambda&gt;36]" time="0.0005249977111816406"><skipped message="Suite splitting in effect" type="pytest.skip">src/pymortests/grid.py:80: &lt;py._xmlgen.raw object at 0x7f1dd4b5f4a8&gt;</skipped></testcase><testcase classname="src.pymortests.grid" file="src/pymortests/grid.py" line="80" name="test_subentities_entry_values_unique[&lt;lambda&gt;37]" time="0.0004715919494628906"><skipped message="Suite splitting in effect" type="pytest.skip">src/pymortests/grid.py:80: &lt;py._xmlgen.raw object at 0x7f1dd4b4d828&gt;</skipped></testcase><testcase classname="src.pymortests.grid" file="src/pymortests/grid.py" line="80" name="test_subentities_entry_values_unique[&lt;lambda&gt;38]" time="0.0005271434783935547"><skipped message="Suite splitting in effect" type="pytest.skip">src/pymortests/grid.py:80: &lt;py._xmlgen.raw object at 0x7f1dfe874eb8&gt;</skipped></testcase><testcase classname="src.pymortests.grid" file="src/pymortests/grid.py" line="80" name="test_subentities_entry_values_unique[&lt;lambda&gt;39]" time="0.0004405975341796875"><skipped message="Suite splitting in effect" type="pytest.skip">src/pymortests/grid.py:80: &lt;py._xmlgen.raw object at 0x7f1dd4b66780&gt;</skipped></testcase><testcase classname="src.pymortests.grid" file="src/pymortests/grid.py" line="80" name="test_subentities_entry_values_unique[&lt;lambda&gt;40]" time="0.0004363059997558594"><skipped message="Suite splitting in effect" type="pytest.skip">src/pymortests/grid.py:80: &lt;py._xmlgen.raw object at 0x7f1dd4b73400&gt;</skipped></testcase><testcase classname="src.pymortests.grid" file="src/pymortests/grid.py" line="80" name="test_subentities_entry_values_unique[&lt;lambda&gt;41]" time="0.000446319580078125"><skipped message="Suite splitting in effect" type="pytest.skip">src/pymortests/grid.py:80: &lt;py._xmlgen.raw object at 0x7f1dd4b73048&gt;</skipped></testcase><testcase classname="src.pymortests.grid" file="src/pymortests/grid.py" line="80" name="test_subentities_entry_values_unique[&lt;lambda&gt;42]" time="0.0008020401000976562"><skipped message="Suite splitting in effect" type="pytest.skip">src/pymortests/grid.py:80: &lt;py._xmlgen.raw object at 0x7f1dd4b73dd8&gt;</skipped></testcase><testcase classname="src.pymortests.grid" file="src/pymortests/grid.py" line="89" name="test_subentities_codim_d_codim_d[&lt;lambda&gt;0]" time="0.0004317760467529297"><skipped message="Suite splitting in effect" type="pytest.skip">src/pymortests/grid.py:89: &lt;py._xmlgen.raw object at 0x7f1dd4b66668&gt;</skipped></testcase><testcase classname="src.pymortests.grid" file="src/pymortests/grid.py" line="89" name="test_subentities_codim_d_codim_d[&lt;lambda&gt;1]" time="0.0004286766052246094"><skipped message="Suite splitting in effect" type="pytest.skip">src/pymortests/grid.py:89: &lt;py._xmlgen.raw object at 0x7f1dd4b4df98&gt;</skipped></testcase><testcase classname="src.pymortests.grid" file="src/pymortests/grid.py" line="89" name="test_subentities_codim_d_codim_d[&lt;lambda&gt;2]" time="0.0004687309265136719"><skipped message="Suite splitting in effect" type="pytest.skip">src/pymortests/grid.py:89: &lt;py._xmlgen.raw object at 0x7f1dd4b9f358&gt;</skipped></testcase><testcase classname="src.pymortests.grid" file="src/pymortests/grid.py" line="89" name="test_subentities_codim_d_codim_d[&lt;lambda&gt;3]" time="0.0004534721374511719"><skipped message="Suite splitting in effect" type="pytest.skip">src/pymortests/grid.py:89: &lt;py._xmlgen.raw object at 0x7f1dfe7a9518&gt;</skipped></testcase><testcase classname="src.pymortests.grid" file="src/pymortests/grid.py" line="89" name="test_subentities_codim_d_codim_d[&lt;lambda&gt;4]" time="0.00044226646423339844"><skipped message="Suite splitting in effect" type="pytest.skip">src/pymortests/grid.py:89: &lt;py._xmlgen.raw object at 0x7f1dfe799940&gt;</skipped></testcase><testcase classname="src.pymortests.grid" file="src/pymortests/grid.py" line="89" name="test_subentities_codim_d_codim_d[&lt;lambda&gt;5]" time="0.0005054473876953125"><skipped message="Suite splitting in effect" type="pytest.skip">src/pymortests/grid.py:89: &lt;py._xmlgen.raw object at 0x7f1dd4b73a58&gt;</skipped></testcase><testcase classname="src.pymortests.grid" file="src/pymortests/grid.py" line="89" name="test_subentities_codim_d_codim_d[&lt;lambda&gt;6]" time="0.0004956722259521484"><skipped message="Suite splitting in effect" type="pytest.skip">src/pymortests/grid.py:89: &lt;py._xmlgen.raw object at 0x7f1dd4b730f0&gt;</skipped></testcase><testcase classname="src.pymortests.grid" file="src/pymortests/grid.py" line="89" name="test_subentities_codim_d_codim_d[&lt;lambda&gt;7]" time="0.0007774829864501953"><skipped message="Suite splitting in effect" type="pytest.skip">src/pymortests/grid.py:89: &lt;py._xmlgen.raw object at 0x7f1dd4afb438&gt;</skipped></testcase><testcase classname="src.pymortests.grid" file="src/pymortests/grid.py" line="89" name="test_subentities_codim_d_codim_d[&lt;lambda&gt;8]" time="0.0004391670227050781"><skipped message="Suite splitting in effect" type="pytest.skip">src/pymortests/grid.py:89: &lt;py._xmlgen.raw object at 0x7f1dd4b73a58&gt;</skipped></testcase><testcase classname="src.pymortests.grid" file="src/pymortests/grid.py" line="89" name="test_subentities_codim_d_codim_d[&lt;lambda&gt;9]" time="0.0005028247833251953"><skipped message="Suite splitting in effect" type="pytest.skip">src/pymortests/grid.py:89: &lt;py._xmlgen.raw object at 0x7f1dfe799fd0&gt;</skipped></testcase><testcase classname="src.pymortests.grid" file="src/pymortests/grid.py" line="89" name="test_subentities_codim_d_codim_d[&lt;lambda&gt;10]" time="0.0004458427429199219"><skipped message="Suite splitting in effect" type="pytest.skip">src/pymortests/grid.py:89: &lt;py._xmlgen.raw object at 0x7f1dd4b5fac8&gt;</skipped></testcase><testcase classname="src.pymortests.grid" file="src/pymortests/grid.py" line="89" name="test_subentities_codim_d_codim_d[&lt;lambda&gt;11]" time="0.0005853176116943359"><skipped message="Suite splitting in effect" type="pytest.skip">src/pymortests/grid.py:89: &lt;py._xmlgen.raw object at 0x7f1dd4b4d908&gt;</skipped></testcase><testcase classname="src.pymortests.grid" file="src/pymortests/grid.py" line="89" name="test_subentities_codim_d_codim_d[&lt;lambda&gt;12]" time="0.0004792213439941406"><skipped message="Suite splitting in effect" type="pytest.skip">src/pymortests/grid.py:89: &lt;py._xmlgen.raw object at 0x7f1dfe8c4e48&gt;</skipped></testcase><testcase classname="src.pymortests.grid" file="src/pymortests/grid.py" line="89" name="test_subentities_codim_d_codim_d[&lt;lambda&gt;13]" time="0.0005128383636474609"><skipped message="Suite splitting in effect" type="pytest.skip">src/pymortests/grid.py:89: &lt;py._xmlgen.raw object at 0x7f1dd4b66fd0&gt;</skipped></testcase><testcase classname="src.pymortests.grid" file="src/pymortests/grid.py" line="89" name="test_subentities_codim_d_codim_d[&lt;lambda&gt;14]" time="0.0004444122314453125"><skipped message="Suite splitting in effect" type="pytest.skip">src/pymortests/grid.py:89: &lt;py._xmlgen.raw object at 0x7f1dd4afb2b0&gt;</skipped></testcase><testcase classname="src.pymortests.grid" file="src/pymortests/grid.py" line="89" name="test_subentities_codim_d_codim_d[&lt;lambda&gt;15]" time="0.0008497238159179688"><skipped message="Suite splitting in effect" type="pytest.skip">src/pymortests/grid.py:89: &lt;py._xmlgen.raw object at 0x7f1dd4afba58&gt;</skipped></testcase><testcase classname="src.pymortests.grid" file="src/pymortests/grid.py" line="89" name="test_subentities_codim_d_codim_d[&lt;lambda&gt;16]" time="0.0004987716674804688"><skipped message="Suite splitting in effect" type="pytest.skip">src/pymortests/grid.py:89: &lt;py._xmlgen.raw object at 0x7f1dfe8e2be0&gt;</skipped></testcase><testcase classname="src.pymortests.grid" file="src/pymortests/grid.py" line="89" name="test_subentities_codim_d_codim_d[&lt;lambda&gt;17]" time="0.0005044937133789062"><skipped message="Suite splitting in effect" type="pytest.skip">src/pymortests/grid.py:89: &lt;py._xmlgen.raw object at 0x7f1dd4b9f5f8&gt;</skipped></testcase><testcase classname="src.pymortests.grid" file="src/pymortests/grid.py" line="89" name="test_subentities_codim_d_codim_d[&lt;lambda&gt;18]" time="0.0005047321319580078"><skipped message="Suite splitting in effect" type="pytest.skip">src/pymortests/grid.py:89: &lt;py._xmlgen.raw object at 0x7f1dd4b5f1d0&gt;</skipped></testcase><testcase classname="src.pymortests.grid" file="src/pymortests/grid.py" line="89" name="test_subentities_codim_d_codim_d[&lt;lambda&gt;19]" time="0.0004887580871582031"><skipped message="Suite splitting in effect" type="pytest.skip">src/pymortests/grid.py:89: &lt;py._xmlgen.raw object at 0x7f1dfe8aa7b8&gt;</skipped></testcase><testcase classname="src.pymortests.grid" file="src/pymortests/grid.py" line="89" name="test_subentities_codim_d_codim_d[&lt;lambda&gt;20]" time="0.0007007122039794922"><skipped message="Suite splitting in effect" type="pytest.skip">src/pymortests/grid.py:89: &lt;py._xmlgen.raw object at 0x7f1dd4b739e8&gt;</skipped></testcase><testcase classname="src.pymortests.grid" file="src/pymortests/grid.py" line="89" name="test_subentities_codim_d_codim_d[&lt;lambda&gt;21]" time="0.0005090236663818359"><skipped message="Suite splitting in effect" type="pytest.skip">src/pymortests/grid.py:89: &lt;py._xmlgen.raw object at 0x7f1dd4afbb00&gt;</skipped></testcase><testcase classname="src.pymortests.grid" file="src/pymortests/grid.py" line="89" name="test_subentities_codim_d_codim_d[&lt;lambda&gt;22]" time="0.0005035400390625"><skipped message="Suite splitting in effect" type="pytest.skip">src/pymortests/grid.py:89: &lt;py._xmlgen.raw object at 0x7f1dd4afb5f8&gt;</skipped></testcase><testcase classname="src.pymortests.grid" file="src/pymortests/grid.py" line="89" name="test_subentities_codim_d_codim_d[&lt;lambda&gt;23]" time="0.0012154579162597656"><skipped message="Suite splitting in effect" type="pytest.skip">src/pymortests/grid.py:89: &lt;py._xmlgen.raw object at 0x7f1dd4b070b8&gt;</skipped></testcase><testcase classname="src.pymortests.grid" file="src/pymortests/grid.py" line="89" name="test_subentities_codim_d_codim_d[&lt;lambda&gt;24]" time="0.0004642009735107422"><skipped message="Suite splitting in effect" type="pytest.skip">src/pymortests/grid.py:89: &lt;py._xmlgen.raw object at 0x7f1dfe799550&gt;</skipped></testcase><testcase classname="src.pymortests.grid" file="src/pymortests/grid.py" line="89" name="test_subentities_codim_d_codim_d[&lt;lambda&gt;25]" time="0.0004284381866455078"><skipped message="Suite splitting in effect" type="pytest.skip">src/pymortests/grid.py:89: &lt;py._xmlgen.raw object at 0x7f1dd4b4d8d0&gt;</skipped></testcase><testcase classname="src.pymortests.grid" file="src/pymortests/grid.py" line="89" name="test_subentities_codim_d_codim_d[&lt;lambda&gt;26]" time="0.0004904270172119141"><skipped message="Suite splitting in effect" type="pytest.skip">src/pymortests/grid.py:89: &lt;py._xmlgen.raw object at 0x7f1dd4afbe80&gt;</skipped></testcase><testcase classname="src.pymortests.grid" file="src/pymortests/grid.py" line="89" name="test_subentities_codim_d_codim_d[&lt;lambda&gt;27]" time="0.00044536590576171875"><skipped message="Suite splitting in effect" type="pytest.skip">src/pymortests/grid.py:89: &lt;py._xmlgen.raw object at 0x7f1dd4afb588&gt;</skipped></testcase><testcase classname="src.pymortests.grid" file="src/pymortests/grid.py" line="89" name="test_subentities_codim_d_codim_d[&lt;lambda&gt;28]" time="0.00046372413635253906"><skipped message="Suite splitting in effect" type="pytest.skip">src/pymortests/grid.py:89: &lt;py._xmlgen.raw object at 0x7f1dd4b736a0&gt;</skipped></testcase><testcase classname="src.pymortests.grid" file="src/pymortests/grid.py" line="89" name="test_subentities_codim_d_codim_d[&lt;lambda&gt;29]" time="0.0004775524139404297"><skipped message="Suite splitting in effect" type="pytest.skip">src/pymortests/grid.py:89: &lt;py._xmlgen.raw object at 0x7f1dd4b737f0&gt;</skipped></testcase><testcase classname="src.pymortests.grid" file="src/pymortests/grid.py" line="89" name="test_subentities_codim_d_codim_d[&lt;lambda&gt;30]" time="0.0005526542663574219"><skipped message="Suite splitting in effect" type="pytest.skip">src/pymortests/grid.py:89: &lt;py._xmlgen.raw object at 0x7f1dd4b66b70&gt;</skipped></testcase><testcase classname="src.pymortests.grid" file="src/pymortests/grid.py" line="89" name="test_subentities_codim_d_codim_d[&lt;lambda&gt;31]" time="0.0005924701690673828"><skipped message="Suite splitting in effect" type="pytest.skip">src/pymortests/grid.py:89: &lt;py._xmlgen.raw object at 0x7f1dd4b5ff28&gt;</skipped></testcase><testcase classname="src.pymortests.grid" file="src/pymortests/grid.py" line="89" name="test_subentities_codim_d_codim_d[&lt;lambda&gt;32]" time="0.0007350444793701172"><skipped message="Suite splitting in effect" type="pytest.skip">src/pymortests/grid.py:89: &lt;py._xmlgen.raw object at 0x7f1dd4b9f8d0&gt;</skipped></testcase><testcase classname="src.pymortests.grid" file="src/pymortests/grid.py" line="89" name="test_subentities_codim_d_codim_d[&lt;lambda&gt;33]" time="0.0004801750183105469"><skipped message="Suite splitting in effect" type="pytest.skip">src/pymortests/grid.py:89: &lt;py._xmlgen.raw object at 0x7f1dd4b73a58&gt;</skipped></testcase><testcase classname="src.pymortests.grid" file="src/pymortests/grid.py" line="89" name="test_subentities_codim_d_codim_d[&lt;lambda&gt;34]" time="0.0004324913024902344"><skipped message="Suite splitting in effect" type="pytest.skip">src/pymortests/grid.py:89: &lt;py._xmlgen.raw object at 0x7f1dd4b736a0&gt;</skipped></testcase><testcase classname="src.pymortests.grid" file="src/pymortests/grid.py" line="89" name="test_subentities_codim_d_codim_d[&lt;lambda&gt;35]" time="0.0004723072052001953"><skipped message="Suite splitting in effect" type="pytest.skip">src/pymortests/grid.py:89: &lt;py._xmlgen.raw object at 0x7f1dd4afbb00&gt;</skipped></testcase><testcase classname="src.pymortests.grid" file="src/pymortests/grid.py" line="89" name="test_subentities_codim_d_codim_d[&lt;lambda&gt;36]" time="0.0004839897155761719"><skipped message="Suite splitting in effect" type="pytest.skip">src/pymortests/grid.py:89: &lt;py._xmlgen.raw object at 0x7f1dd4afb7f0&gt;</skipped></testcase><testcase classname="src.pymortests.grid" file="src/pymortests/grid.py" line="89" name="test_subentities_codim_d_codim_d[&lt;lambda&gt;37]" time="0.00048732757568359375"><skipped message="Suite splitting in effect" type="pytest.skip">src/pymortests/grid.py:89: &lt;py._xmlgen.raw object at 0x7f1dfe7a9c18&gt;</skipped></testcase><testcase classname="src.pymortests.grid" file="src/pymortests/grid.py" line="89" name="test_subentities_codim_d_codim_d[&lt;lambda&gt;38]" time="0.0004930496215820312"><skipped message="Suite splitting in effect" type="pytest.skip">src/pymortests/grid.py:89: &lt;py._xmlgen.raw object at 0x7f1dfe8aa518&gt;</skipped></testcase><testcase classname="src.pymortests.grid" file="src/pymortests/grid.py" line="89" name="test_subentities_codim_d_codim_d[&lt;lambda&gt;39]" time="0.0004932880401611328"><skipped message="Suite splitting in effect" type="pytest.skip">src/pymortests/grid.py:89: &lt;py._xmlgen.raw object at 0x7f1dfe8fa8d0&gt;</skipped></testcase><testcase classname="src.pymortests.grid" file="src/pymortests/grid.py" line="89" name="test_subentities_codim_d_codim_d[&lt;lambda&gt;40]" time="0.0009264945983886719"><skipped message="Suite splitting in effect" type="pytest.skip">src/pymortests/grid.py:89: &lt;py._xmlgen.raw object at 0x7f1dfe84edd8&gt;</skipped></testcase><testcase classname="src.pymortests.grid" file="src/pymortests/grid.py" line="89" name="test_subentities_codim_d_codim_d[&lt;lambda&gt;41]" time="0.0004680156707763672"><skipped message="Suite splitting in effect" type="pytest.skip">src/pymortests/grid.py:89: &lt;py._xmlgen.raw object at 0x7f1dfe799748&gt;</skipped></testcase><testcase classname="src.pymortests.grid" file="src/pymortests/grid.py" line="89" name="test_subentities_codim_d_codim_d[&lt;lambda&gt;42]" time="0.000537872314453125"><skipped message="Suite splitting in effect" type="pytest.skip">src/pymortests/grid.py:89: &lt;py._xmlgen.raw object at 0x7f1dd4b437f0&gt;</skipped></testcase><testcase classname="src.pymortests.grid" file="src/pymortests/grid.py" line="96" name="test_subentities_transitivity[&lt;lambda&gt;0]" time="0.0004563331604003906"><skipped message="Suite splitting in effect" type="pytest.skip">src/pymortests/grid.py:96: &lt;py._xmlgen.raw object at 0x7f1dd4afbc88&gt;</skipped></testcase><testcase classname="src.pymortests.grid" file="src/pymortests/grid.py" line="96" name="test_subentities_transitivity[&lt;lambda&gt;1]" time="0.0004887580871582031"><skipped message="Suite splitting in effect" type="pytest.skip">src/pymortests/grid.py:96: &lt;py._xmlgen.raw object at 0x7f1dd4b73048&gt;</skipped></testcase><testcase classname="src.pymortests.grid" file="src/pymortests/grid.py" line="96" name="test_subentities_transitivity[&lt;lambda&gt;2]" time="0.0026519298553466797"><skipped message="Suite splitting in effect" type="pytest.skip">src/pymortests/grid.py:96: &lt;py._xmlgen.raw object at 0x7f1dfe89e160&gt;</skipped></testcase><testcase classname="src.pymortests.grid" file="src/pymortests/grid.py" line="96" name="test_subentities_transitivity[&lt;lambda&gt;3]" time="0.0006122589111328125"><skipped message="Suite splitting in effect" type="pytest.skip">src/pymortests/grid.py:96: &lt;py._xmlgen.raw object at 0x7f1dd4b9f7f0&gt;</skipped></testcase><testcase classname="src.pymortests.grid" file="src/pymortests/grid.py" line="96" name="test_subentities_transitivity[&lt;lambda&gt;4]" time="0.0004928112030029297"><skipped message="Suite splitting in effect" type="pytest.skip">src/pymortests/grid.py:96: &lt;py._xmlgen.raw object at 0x7f1dd4b075c0&gt;</skipped></testcase><testcase classname="src.pymortests.grid" file="src/pymortests/grid.py" line="96" name="test_subentities_transitivity[&lt;lambda&gt;5]" time="0.0008454322814941406"><skipped message="Suite splitting in effect" type="pytest.skip">src/pymortests/grid.py:96: &lt;py._xmlgen.raw object at 0x7f1dd4b07b00&gt;</skipped></testcase><testcase classname="src.pymortests.grid" file="src/pymortests/grid.py" line="96" name="test_subentities_transitivity[&lt;lambda&gt;6]" time="0.0004673004150390625"><skipped message="Suite splitting in effect" type="pytest.skip">src/pymortests/grid.py:96: &lt;py._xmlgen.raw object at 0x7f1dfe89e7f0&gt;</skipped></testcase><testcase classname="src.pymortests.grid" file="src/pymortests/grid.py" line="96" name="test_subentities_transitivity[&lt;lambda&gt;7]" time="0.0006005764007568359"><skipped message="Suite splitting in effect" type="pytest.skip">src/pymortests/grid.py:96: &lt;py._xmlgen.raw object at 0x7f1dd4b736a0&gt;</skipped></testcase><testcase classname="src.pymortests.grid" file="src/pymortests/grid.py" line="96" name="test_subentities_transitivity[&lt;lambda&gt;8]" time="0.0005552768707275391"><skipped message="Suite splitting in effect" type="pytest.skip">src/pymortests/grid.py:96: &lt;py._xmlgen.raw object at 0x7f1dd4afb860&gt;</skipped></testcase><testcase classname="src.pymortests.grid" file="src/pymortests/grid.py" line="96" name="test_subentities_transitivity[&lt;lambda&gt;9]" time="0.0004992485046386719"><skipped message="Suite splitting in effect" type="pytest.skip">src/pymortests/grid.py:96: &lt;py._xmlgen.raw object at 0x7f1dfe8c42e8&gt;</skipped></testcase><testcase classname="src.pymortests.grid" file="src/pymortests/grid.py" line="96" name="test_subentities_transitivity[&lt;lambda&gt;10]" time="0.0005354881286621094"><skipped message="Suite splitting in effect" type="pytest.skip">src/pymortests/grid.py:96: &lt;py._xmlgen.raw object at 0x7f1dfe8aa518&gt;</skipped></testcase><testcase classname="src.pymortests.grid" file="src/pymortests/grid.py" line="96" name="test_subentities_transitivity[&lt;lambda&gt;11]" time="0.0004425048828125"><skipped message="Suite splitting in effect" type="pytest.skip">src/pymortests/grid.py:96: &lt;py._xmlgen.raw object at 0x7f1dd4b07780&gt;</skipped></testcase><testcase classname="src.pymortests.grid" file="src/pymortests/grid.py" line="96" name="test_subentities_transitivity[&lt;lambda&gt;12]" time="0.0004904270172119141"><skipped message="Suite splitting in effect" type="pytest.skip">src/pymortests/grid.py:96: &lt;py._xmlgen.raw object at 0x7f1dd4b07518&gt;</skipped></testcase><testcase classname="src.pymortests.grid" file="src/pymortests/grid.py" line="96" name="test_subentities_transitivity[&lt;lambda&gt;13]" time="0.0007157325744628906"><skipped message="Suite splitting in effect" type="pytest.skip">src/pymortests/grid.py:96: &lt;py._xmlgen.raw object at 0x7f1dd4b11080&gt;</skipped></testcase><testcase classname="src.pymortests.grid" file="src/pymortests/grid.py" line="96" name="test_subentities_transitivity[&lt;lambda&gt;14]" time="0.0006577968597412109"><skipped message="Suite splitting in effect" type="pytest.skip">src/pymortests/grid.py:96: &lt;py._xmlgen.raw object at 0x7f1dd4b07f98&gt;</skipped></testcase><testcase classname="src.pymortests.grid" file="src/pymortests/grid.py" line="96" name="test_subentities_transitivity[&lt;lambda&gt;15]" time="0.0004756450653076172"><skipped message="Suite splitting in effect" type="pytest.skip">src/pymortests/grid.py:96: &lt;py._xmlgen.raw object at 0x7f1dd4b07240&gt;</skipped></testcase><testcase classname="src.pymortests.grid" file="src/pymortests/grid.py" line="96" name="test_subentities_transitivity[&lt;lambda&gt;16]" time="0.00048661231994628906"><skipped message="Suite splitting in effect" type="pytest.skip">src/pymortests/grid.py:96: &lt;py._xmlgen.raw object at 0x7f1dd4b4d6d8&gt;</skipped></testcase><testcase classname="src.pymortests.grid" file="src/pymortests/grid.py" line="96" name="test_subentities_transitivity[&lt;lambda&gt;17]" time="0.00047397613525390625"><skipped message="Suite splitting in effect" type="pytest.skip">src/pymortests/grid.py:96: &lt;py._xmlgen.raw object at 0x7f1dd4afb940&gt;</skipped></testcase><testcase classname="src.pymortests.grid" file="src/pymortests/grid.py" line="96" name="test_subentities_transitivity[&lt;lambda&gt;18]" time="0.0004792213439941406"><skipped message="Suite splitting in effect" type="pytest.skip">src/pymortests/grid.py:96: &lt;py._xmlgen.raw object at 0x7f1dd4b732b0&gt;</skipped></testcase><testcase classname="src.pymortests.grid" file="src/pymortests/grid.py" line="96" name="test_subentities_transitivity[&lt;lambda&gt;19]" time="0.0004830360412597656"><skipped message="Suite splitting in effect" type="pytest.skip">src/pymortests/grid.py:96: &lt;py._xmlgen.raw object at 0x7f1dd4b66a90&gt;</skipped></testcase><testcase classname="src.pymortests.grid" file="src/pymortests/grid.py" line="96" name="test_subentities_transitivity[&lt;lambda&gt;20]" time="0.0004756450653076172"><skipped message="Suite splitting in effect" type="pytest.skip">src/pymortests/grid.py:96: &lt;py._xmlgen.raw object at 0x7f1dd4b11198&gt;</skipped></testcase><testcase classname="src.pymortests.grid" file="src/pymortests/grid.py" line="96" name="test_subentities_transitivity[&lt;lambda&gt;21]" time="0.0009555816650390625"><skipped message="Suite splitting in effect" type="pytest.skip">src/pymortests/grid.py:96: &lt;py._xmlgen.raw object at 0x7f1dd4b116a0&gt;</skipped></testcase><testcase classname="src.pymortests.grid" file="src/pymortests/grid.py" line="96" name="test_subentities_transitivity[&lt;lambda&gt;22]" time="0.00046324729919433594"><skipped message="Suite splitting in effect" type="pytest.skip">src/pymortests/grid.py:96: &lt;py._xmlgen.raw object at 0x7f1dfe911b70&gt;</skipped></testcase><testcase classname="src.pymortests.grid" file="src/pymortests/grid.py" line="96" name="test_subentities_transitivity[&lt;lambda&gt;23]" time="0.00047326087951660156"><skipped message="Suite splitting in effect" type="pytest.skip">src/pymortests/grid.py:96: &lt;py._xmlgen.raw object at 0x7f1dfe9232e8&gt;</skipped></testcase><testcase classname="src.pymortests.grid" file="src/pymortests/grid.py" line="96" name="test_subentities_transitivity[&lt;lambda&gt;24]" time="0.00043272972106933594"><skipped message="Suite splitting in effect" type="pytest.skip">src/pymortests/grid.py:96: &lt;py._xmlgen.raw object at 0x7f1dd4afbdd8&gt;</skipped></testcase><testcase classname="src.pymortests.grid" file="src/pymortests/grid.py" line="96" name="test_subentities_transitivity[&lt;lambda&gt;25]" time="0.0005388259887695312"><skipped message="Suite splitting in effect" type="pytest.skip">src/pymortests/grid.py:96: &lt;py._xmlgen.raw object at 0x7f1dfe8aafd0&gt;</skipped></testcase><testcase classname="src.pymortests.grid" file="src/pymortests/grid.py" line="96" name="test_subentities_transitivity[&lt;lambda&gt;26]" time="0.0005128383636474609"><skipped message="Suite splitting in effect" type="pytest.skip">src/pymortests/grid.py:96: &lt;py._xmlgen.raw object at 0x7f1dd4b073c8&gt;</skipped></testcase><testcase classname="src.pymortests.grid" file="src/pymortests/grid.py" line="96" name="test_subentities_transitivity[&lt;lambda&gt;27]" time="0.0005936622619628906"><skipped message="Suite splitting in effect" type="pytest.skip">src/pymortests/grid.py:96: &lt;py._xmlgen.raw object at 0x7f1dd4bdde80&gt;</skipped></testcase><testcase classname="src.pymortests.grid" file="src/pymortests/grid.py" line="96" name="test_subentities_transitivity[&lt;lambda&gt;28]" time="0.0004508495330810547"><skipped message="Suite splitting in effect" type="pytest.skip">src/pymortests/grid.py:96: &lt;py._xmlgen.raw object at 0x7f1dd4b11358&gt;</skipped></testcase><testcase classname="src.pymortests.grid" file="src/pymortests/grid.py" line="96" name="test_subentities_transitivity[&lt;lambda&gt;29]" time="0.0008211135864257812"><skipped message="Suite splitting in effect" type="pytest.skip">src/pymortests/grid.py:96: &lt;py._xmlgen.raw object at 0x7f1dd4b11cc0&gt;</skipped></testcase><testcase classname="src.pymortests.grid" file="src/pymortests/grid.py" line="96" name="test_subentities_transitivity[&lt;lambda&gt;30]" time="0.00048828125"><skipped message="Suite splitting in effect" type="pytest.skip">src/pymortests/grid.py:96: &lt;py._xmlgen.raw object at 0x7f1dd4b079e8&gt;</skipped></testcase><testcase classname="src.pymortests.grid" file="src/pymortests/grid.py" line="96" name="test_subentities_transitivity[&lt;lambda&gt;31]" time="0.0004673004150390625"><skipped message="Suite splitting in effect" type="pytest.skip">src/pymortests/grid.py:96: &lt;py._xmlgen.raw object at 0x7f1dfe799c88&gt;</skipped></testcase><testcase classname="src.pymortests.grid" file="src/pymortests/grid.py" line="96" name="test_subentities_transitivity[&lt;lambda&gt;32]" time="0.00045871734619140625"><skipped message="Suite splitting in effect" type="pytest.skip">src/pymortests/grid.py:96: &lt;py._xmlgen.raw object at 0x7f1dd4afb940&gt;</skipped></testcase><testcase classname="src.pymortests.grid" file="src/pymortests/grid.py" line="96" name="test_subentities_transitivity[&lt;lambda&gt;33]" time="0.0004715919494628906"><skipped message="Suite splitting in effect" type="pytest.skip">src/pymortests/grid.py:96: &lt;py._xmlgen.raw object at 0x7f1dd4b73ac8&gt;</skipped></testcase><testcase classname="src.pymortests.grid" file="src/pymortests/grid.py" line="96" name="test_subentities_transitivity[&lt;lambda&gt;34]" time="0.0004832744598388672"><skipped message="Suite splitting in effect" type="pytest.skip">src/pymortests/grid.py:96: &lt;py._xmlgen.raw object at 0x7f1dfe911a20&gt;</skipped></testcase><testcase classname="src.pymortests.grid" file="src/pymortests/grid.py" line="96" name="test_subentities_transitivity[&lt;lambda&gt;35]" time="0.0006086826324462891"><skipped message="Suite splitting in effect" type="pytest.skip">src/pymortests/grid.py:96: &lt;py._xmlgen.raw object at 0x7f1dd4b11a20&gt;</skipped></testcase><testcase classname="src.pymortests.grid" file="src/pymortests/grid.py" line="96" name="test_subentities_transitivity[&lt;lambda&gt;36]" time="0.0004792213439941406"><skipped message="Suite splitting in effect" type="pytest.skip">src/pymortests/grid.py:96: &lt;py._xmlgen.raw object at 0x7f1dd4b11550&gt;</skipped></testcase><testcase classname="src.pymortests.grid" file="src/pymortests/grid.py" line="96" name="test_subentities_transitivity[&lt;lambda&gt;37]" time="0.0008311271667480469"><skipped message="Suite splitting in effect" type="pytest.skip">src/pymortests/grid.py:96: &lt;py._xmlgen.raw object at 0x7f1dd4b1f320&gt;</skipped></testcase><testcase classname="src.pymortests.grid" file="src/pymortests/grid.py" line="96" name="test_subentities_transitivity[&lt;lambda&gt;38]" time="0.0005571842193603516"><skipped message="Suite splitting in effect" type="pytest.skip">src/pymortests/grid.py:96: &lt;py._xmlgen.raw object at 0x7f1dd4b112b0&gt;</skipped></testcase><testcase classname="src.pymortests.grid" file="src/pymortests/grid.py" line="96" name="test_subentities_transitivity[&lt;lambda&gt;39]" time="0.0004374980926513672"><skipped message="Suite splitting in effect" type="pytest.skip">src/pymortests/grid.py:96: &lt;py._xmlgen.raw object at 0x7f1dd4b66e48&gt;</skipped></testcase><testcase classname="src.pymortests.grid" file="src/pymortests/grid.py" line="96" name="test_subentities_transitivity[&lt;lambda&gt;40]" time="0.0004684925079345703"><skipped message="Suite splitting in effect" type="pytest.skip">src/pymortests/grid.py:96: &lt;py._xmlgen.raw object at 0x7f1dfe923d68&gt;</skipped></testcase><testcase classname="src.pymortests.grid" file="src/pymortests/grid.py" line="96" name="test_subentities_transitivity[&lt;lambda&gt;41]" time="0.00043511390686035156"><skipped message="Suite splitting in effect" type="pytest.skip">src/pymortests/grid.py:96: &lt;py._xmlgen.raw object at 0x7f1dd4afba58&gt;</skipped></testcase><testcase classname="src.pymortests.grid" file="src/pymortests/grid.py" line="96" name="test_subentities_transitivity[&lt;lambda&gt;42]" time="0.0005817413330078125"><skipped message="Suite splitting in effect" type="pytest.skip">src/pymortests/grid.py:96: &lt;py._xmlgen.raw object at 0x7f1dfe8c4da0&gt;</skipped></testcase><testcase classname="src.pymortests.grid" file="src/pymortests/grid.py" line="110" name="test_superentities_wrong_arguments[&lt;lambda&gt;0]" time="0.0004987716674804688"><skipped message="Suite splitting in effect" type="pytest.skip">src/pymortests/grid.py:110: &lt;py._xmlgen.raw object at 0x7f1dd4b07898&gt;</skipped></testcase><testcase classname="src.pymortests.grid" file="src/pymortests/grid.py" line="110" name="test_superentities_wrong_arguments[&lt;lambda&gt;1]" time="0.0004639625549316406"><skipped message="Suite splitting in effect" type="pytest.skip">src/pymortests/grid.py:110: &lt;py._xmlgen.raw object at 0x7f1dd4b1f198&gt;</skipped></testcase><testcase classname="src.pymortests.grid" file="src/pymortests/grid.py" line="110" name="test_superentities_wrong_arguments[&lt;lambda&gt;2]" time="0.0008606910705566406"><skipped message="Suite splitting in effect" type="pytest.skip">src/pymortests/grid.py:110: &lt;py._xmlgen.raw object at 0x7f1dd4b1f940&gt;</skipped></testcase><testcase classname="src.pymortests.grid" file="src/pymortests/grid.py" line="110" name="test_superentities_wrong_arguments[&lt;lambda&gt;3]" time="0.0004999637603759766"><skipped message="Suite splitting in effect" type="pytest.skip">src/pymortests/grid.py:110: &lt;py._xmlgen.raw object at 0x7f1dfe799c88&gt;</skipped></testcase><testcase classname="src.pymortests.grid" file="src/pymortests/grid.py" line="110" name="test_superentities_wrong_arguments[&lt;lambda&gt;4]" time="0.0004761219024658203"><skipped message="Suite splitting in effect" type="pytest.skip">src/pymortests/grid.py:110: &lt;py._xmlgen.raw object at 0x7f1dd4afbba8&gt;</skipped></testcase><testcase classname="src.pymortests.grid" file="src/pymortests/grid.py" line="110" name="test_superentities_wrong_arguments[&lt;lambda&gt;5]" time="0.0004458427429199219"><skipped message="Suite splitting in effect" type="pytest.skip">src/pymortests/grid.py:110: &lt;py._xmlgen.raw object at 0x7f1dfe9236d8&gt;</skipped></testcase><testcase classname="src.pymortests.grid" file="src/pymortests/grid.py" line="110" name="test_superentities_wrong_arguments[&lt;lambda&gt;6]" time="0.0004360675811767578"><skipped message="Suite splitting in effect" type="pytest.skip">src/pymortests/grid.py:110: &lt;py._xmlgen.raw object at 0x7f1dfe8e2be0&gt;</skipped></testcase><testcase classname="src.pymortests.grid" file="src/pymortests/grid.py" line="110" name="test_superentities_wrong_arguments[&lt;lambda&gt;7]" time="0.0006036758422851562"><skipped message="Suite splitting in effect" type="pytest.skip">src/pymortests/grid.py:110: &lt;py._xmlgen.raw object at 0x7f1dd4b11be0&gt;</skipped></testcase><testcase classname="src.pymortests.grid" file="src/pymortests/grid.py" line="110" name="test_superentities_wrong_arguments[&lt;lambda&gt;8]" time="0.0004825592041015625"><skipped message="Suite splitting in effect" type="pytest.skip">src/pymortests/grid.py:110: &lt;py._xmlgen.raw object at 0x7f1dd4b1fa90&gt;</skipped></testcase><testcase classname="src.pymortests.grid" file="src/pymortests/grid.py" line="110" name="test_superentities_wrong_arguments[&lt;lambda&gt;9]" time="0.0004935264587402344"><skipped message="Suite splitting in effect" type="pytest.skip">src/pymortests/grid.py:110: &lt;py._xmlgen.raw object at 0x7f1dd4b1f3c8&gt;</skipped></testcase><testcase classname="src.pymortests.grid" file="src/pymortests/grid.py" line="110" name="test_superentities_wrong_arguments[&lt;lambda&gt;10]" time="0.0008101463317871094"><skipped message="Suite splitting in effect" type="pytest.skip">src/pymortests/grid.py:110: &lt;py._xmlgen.raw object at 0x7f1dd4b1ff60&gt;</skipped></testcase><testcase classname="src.pymortests.grid" file="src/pymortests/grid.py" line="110" name="test_superentities_wrong_arguments[&lt;lambda&gt;11]" time="0.0004820823669433594"><skipped message="Suite splitting in effect" type="pytest.skip">src/pymortests/grid.py:110: &lt;py._xmlgen.raw object at 0x7f1dd4b1f780&gt;</skipped></testcase><testcase classname="src.pymortests.grid" file="src/pymortests/grid.py" line="110" name="test_superentities_wrong_arguments[&lt;lambda&gt;12]" time="0.0004429817199707031"><skipped message="Suite splitting in effect" type="pytest.skip">src/pymortests/grid.py:110: &lt;py._xmlgen.raw object at 0x7f1dd4b11b00&gt;</skipped></testcase><testcase classname="src.pymortests.grid" file="src/pymortests/grid.py" line="110" name="test_superentities_wrong_arguments[&lt;lambda&gt;13]" time="0.0004878044128417969"><skipped message="Suite splitting in effect" type="pytest.skip">src/pymortests/grid.py:110: &lt;py._xmlgen.raw object at 0x7f1dd4b66978&gt;</skipped></testcase><testcase classname="src.pymortests.grid" file="src/pymortests/grid.py" line="110" name="test_superentities_wrong_arguments[&lt;lambda&gt;14]" time="0.0005130767822265625"><skipped message="Suite splitting in effect" type="pytest.skip">src/pymortests/grid.py:110: &lt;py._xmlgen.raw object at 0x7f1dd4b73f60&gt;</skipped></testcase><testcase classname="src.pymortests.grid" file="src/pymortests/grid.py" line="110" name="test_superentities_wrong_arguments[&lt;lambda&gt;15]" time="0.0004620552062988281"><skipped message="Suite splitting in effect" type="pytest.skip">src/pymortests/grid.py:110: &lt;py._xmlgen.raw object at 0x7f1dd4afb5f8&gt;</skipped></testcase><testcase classname="src.pymortests.grid" file="src/pymortests/grid.py" line="110" name="test_superentities_wrong_arguments[&lt;lambda&gt;16]" time="0.0004799365997314453"><skipped message="Suite splitting in effect" type="pytest.skip">src/pymortests/grid.py:110: &lt;py._xmlgen.raw object at 0x7f1dfe7995f8&gt;</skipped></testcase><testcase classname="src.pymortests.grid" file="src/pymortests/grid.py" line="110" name="test_superentities_wrong_arguments[&lt;lambda&gt;17]" time="0.0004286766052246094"><skipped message="Suite splitting in effect" type="pytest.skip">src/pymortests/grid.py:110: &lt;py._xmlgen.raw object at 0x7f1dd4b2b080&gt;</skipped></testcase><testcase classname="src.pymortests.grid" file="src/pymortests/grid.py" line="110" name="test_superentities_wrong_arguments[&lt;lambda&gt;18]" time="0.0007936954498291016"><skipped message="Suite splitting in effect" type="pytest.skip">src/pymortests/grid.py:110: &lt;py._xmlgen.raw object at 0x7f1dd4b2b5c0&gt;</skipped></testcase><testcase classname="src.pymortests.grid" file="src/pymortests/grid.py" line="110" name="test_superentities_wrong_arguments[&lt;lambda&gt;19]" time="0.0004963874816894531"><skipped message="Suite splitting in effect" type="pytest.skip">src/pymortests/grid.py:110: &lt;py._xmlgen.raw object at 0x7f1dd4b438d0&gt;</skipped></testcase><testcase classname="src.pymortests.grid" file="src/pymortests/grid.py" line="110" name="test_superentities_wrong_arguments[&lt;lambda&gt;20]" time="0.00047469139099121094"><skipped message="Suite splitting in effect" type="pytest.skip">src/pymortests/grid.py:110: &lt;py._xmlgen.raw object at 0x7f1dfe923fd0&gt;</skipped></testcase><testcase classname="src.pymortests.grid" file="src/pymortests/grid.py" line="110" name="test_superentities_wrong_arguments[&lt;lambda&gt;21]" time="0.0004267692565917969"><skipped message="Suite splitting in effect" type="pytest.skip">src/pymortests/grid.py:110: &lt;py._xmlgen.raw object at 0x7f1dd4b73a58&gt;</skipped></testcase><testcase classname="src.pymortests.grid" file="src/pymortests/grid.py" line="110" name="test_superentities_wrong_arguments[&lt;lambda&gt;22]" time="0.0004999637603759766"><skipped message="Suite splitting in effect" type="pytest.skip">src/pymortests/grid.py:110: &lt;py._xmlgen.raw object at 0x7f1dd4b11dd8&gt;</skipped></testcase><testcase classname="src.pymortests.grid" file="src/pymortests/grid.py" line="110" name="test_superentities_wrong_arguments[&lt;lambda&gt;23]" time="0.00048732757568359375"><skipped message="Suite splitting in effect" type="pytest.skip">src/pymortests/grid.py:110: &lt;py._xmlgen.raw object at 0x7f1dd4b1f5f8&gt;</skipped></testcase><testcase classname="src.pymortests.grid" file="src/pymortests/grid.py" line="110" name="test_superentities_wrong_arguments[&lt;lambda&gt;24]" time="0.0004897117614746094"><skipped message="Suite splitting in effect" type="pytest.skip">src/pymortests/grid.py:110: &lt;py._xmlgen.raw object at 0x7f1dd4b1fb38&gt;</skipped></testcase><testcase classname="src.pymortests.grid" file="src/pymortests/grid.py" line="110" name="test_superentities_wrong_arguments[&lt;lambda&gt;25]" time="0.0005595684051513672"><skipped message="Suite splitting in effect" type="pytest.skip">src/pymortests/grid.py:110: &lt;py._xmlgen.raw object at 0x7f1dd4b2b160&gt;</skipped></testcase><testcase classname="src.pymortests.grid" file="src/pymortests/grid.py" line="110" name="test_superentities_wrong_arguments[&lt;lambda&gt;26]" time="0.0007565021514892578"><skipped message="Suite splitting in effect" type="pytest.skip">src/pymortests/grid.py:110: &lt;py._xmlgen.raw object at 0x7f1dd4b2bbe0&gt;</skipped></testcase><testcase classname="src.pymortests.grid" file="src/pymortests/grid.py" line="110" name="test_superentities_wrong_arguments[&lt;lambda&gt;27]" time="0.0004303455352783203"><skipped message="Suite splitting in effect" type="pytest.skip">src/pymortests/grid.py:110: &lt;py._xmlgen.raw object at 0x7f1dd4b1f208&gt;</skipped></testcase><testcase classname="src.pymortests.grid" file="src/pymortests/grid.py" line="110" name="test_superentities_wrong_arguments[&lt;lambda&gt;28]" time="0.0004715919494628906"><skipped message="Suite splitting in effect" type="pytest.skip">src/pymortests/grid.py:110: &lt;py._xmlgen.raw object at 0x7f1dd4b11a20&gt;</skipped></testcase><testcase classname="src.pymortests.grid" file="src/pymortests/grid.py" line="110" name="test_superentities_wrong_arguments[&lt;lambda&gt;29]" time="0.0005033016204833984"><skipped message="Suite splitting in effect" type="pytest.skip">src/pymortests/grid.py:110: &lt;py._xmlgen.raw object at 0x7f1dfe9469e8&gt;</skipped></testcase><testcase classname="src.pymortests.grid" file="src/pymortests/grid.py" line="110" name="test_superentities_wrong_arguments[&lt;lambda&gt;30]" time="0.0004520416259765625"><skipped message="Suite splitting in effect" type="pytest.skip">src/pymortests/grid.py:110: &lt;py._xmlgen.raw object at 0x7f1dfe923a20&gt;</skipped></testcase><testcase classname="src.pymortests.grid" file="src/pymortests/grid.py" line="110" name="test_superentities_wrong_arguments[&lt;lambda&gt;31]" time="0.0004715919494628906"><skipped message="Suite splitting in effect" type="pytest.skip">src/pymortests/grid.py:110: &lt;py._xmlgen.raw object at 0x7f1dd4b07208&gt;</skipped></testcase><testcase classname="src.pymortests.grid" file="src/pymortests/grid.py" line="110" name="test_superentities_wrong_arguments[&lt;lambda&gt;32]" time="0.0004355907440185547"><skipped message="Suite splitting in effect" type="pytest.skip">src/pymortests/grid.py:110: &lt;py._xmlgen.raw object at 0x7f1dd4b2b940&gt;</skipped></testcase><testcase classname="src.pymortests.grid" file="src/pymortests/grid.py" line="110" name="test_superentities_wrong_arguments[&lt;lambda&gt;33]" time="0.000461578369140625"><skipped message="Suite splitting in effect" type="pytest.skip">src/pymortests/grid.py:110: &lt;py._xmlgen.raw object at 0x7f1dd4b2b438&gt;</skipped></testcase><testcase classname="src.pymortests.grid" file="src/pymortests/grid.py" line="110" name="test_superentities_wrong_arguments[&lt;lambda&gt;34]" time="0.0010688304901123047"><skipped message="Suite splitting in effect" type="pytest.skip">src/pymortests/grid.py:110: &lt;py._xmlgen.raw object at 0x7f1dd4b35240&gt;</skipped></testcase><testcase classname="src.pymortests.grid" file="src/pymortests/grid.py" line="110" name="test_superentities_wrong_arguments[&lt;lambda&gt;35]" time="0.0004947185516357422"><skipped message="Suite splitting in effect" type="pytest.skip">src/pymortests/grid.py:110: &lt;py._xmlgen.raw object at 0x7f1dfe4c9400&gt;</skipped></testcase><testcase classname="src.pymortests.grid" file="src/pymortests/grid.py" line="110" name="test_superentities_wrong_arguments[&lt;lambda&gt;36]" time="0.0005574226379394531"><skipped message="Suite splitting in effect" type="pytest.skip">src/pymortests/grid.py:110: &lt;py._xmlgen.raw object at 0x7f1dfe946e80&gt;</skipped></testcase><testcase classname="src.pymortests.grid" file="src/pymortests/grid.py" line="110" name="test_superentities_wrong_arguments[&lt;lambda&gt;37]" time="0.0004818439483642578"><skipped message="Suite splitting in effect" type="pytest.skip">src/pymortests/grid.py:110: &lt;py._xmlgen.raw object at 0x7f1dd4b2b320&gt;</skipped></testcase><testcase classname="src.pymortests.grid" file="src/pymortests/grid.py" line="110" name="test_superentities_wrong_arguments[&lt;lambda&gt;38]" time="0.00047898292541503906"><skipped message="Suite splitting in effect" type="pytest.skip">src/pymortests/grid.py:110: &lt;py._xmlgen.raw object at 0x7f1dd4b2bb00&gt;</skipped></testcase><testcase classname="src.pymortests.grid" file="src/pymortests/grid.py" line="110" name="test_superentities_wrong_arguments[&lt;lambda&gt;39]" time="0.00047278404235839844"><skipped message="Suite splitting in effect" type="pytest.skip">src/pymortests/grid.py:110: &lt;py._xmlgen.raw object at 0x7f1dd4b1f780&gt;</skipped></testcase><testcase classname="src.pymortests.grid" file="src/pymortests/grid.py" line="110" name="test_superentities_wrong_arguments[&lt;lambda&gt;40]" time="0.0004706382751464844"><skipped message="Suite splitting in effect" type="pytest.skip">src/pymortests/grid.py:110: &lt;py._xmlgen.raw object at 0x7f1dd4b1f9b0&gt;</skipped></testcase><testcase classname="src.pymortests.grid" file="src/pymortests/grid.py" line="110" name="test_superentities_wrong_arguments[&lt;lambda&gt;41]" time="0.0004334449768066406"><skipped message="Suite splitting in effect" type="pytest.skip">src/pymortests/grid.py:110: &lt;py._xmlgen.raw object at 0x7f1dd4b11dd8&gt;</skipped></testcase><testcase classname="src.pymortests.grid" file="src/pymortests/grid.py" line="110" name="test_superentities_wrong_arguments[&lt;lambda&gt;42]" time="0.0004391670227050781"><skipped message="Suite splitting in effect" type="pytest.skip">src/pymortests/grid.py:110: &lt;py._xmlgen.raw object at 0x7f1dfe799550&gt;</skipped></testcase><testcase classname="src.pymortests.grid" file="src/pymortests/grid.py" line="125" name="test_superentities_shape[&lt;lambda&gt;0]" time="0.0007853507995605469"><skipped message="Suite splitting in effect" type="pytest.skip">src/pymortests/grid.py:125: &lt;py._xmlgen.raw object at 0x7f1dd4b116d8&gt;</skipped></testcase><testcase classname="src.pymortests.grid" file="src/pymortests/grid.py" line="125" name="test_superentities_shape[&lt;lambda&gt;1]" time="0.0007166862487792969"><skipped message="Suite splitting in effect" type="pytest.skip">src/pymortests/grid.py:125: &lt;py._xmlgen.raw object at 0x7f1dd4b1f9b0&gt;</skipped></testcase><testcase classname="src.pymortests.grid" file="src/pymortests/grid.py" line="125" name="test_superentities_shape[&lt;lambda&gt;2]" time="0.00042128562927246094"><skipped message="Suite splitting in effect" type="pytest.skip">src/pymortests/grid.py:125: &lt;py._xmlgen.raw object at 0x7f1dd4b66390&gt;</skipped></testcase><testcase classname="src.pymortests.grid" file="src/pymortests/grid.py" line="125" name="test_superentities_shape[&lt;lambda&gt;3]" time="0.00042724609375"><skipped message="Suite splitting in effect" type="pytest.skip">src/pymortests/grid.py:125: &lt;py._xmlgen.raw object at 0x7f1dd4b2b5c0&gt;</skipped></testcase><testcase classname="src.pymortests.grid" file="src/pymortests/grid.py" line="125" name="test_superentities_shape[&lt;lambda&gt;4]" time="0.00043392181396484375"><skipped message="Suite splitting in effect" type="pytest.skip">src/pymortests/grid.py:125: &lt;py._xmlgen.raw object at 0x7f1dd4b438d0&gt;</skipped></testcase><testcase classname="src.pymortests.grid" file="src/pymortests/grid.py" line="125" name="test_superentities_shape[&lt;lambda&gt;5]" time="0.0004794597625732422"><skipped message="Suite splitting in effect" type="pytest.skip">src/pymortests/grid.py:125: &lt;py._xmlgen.raw object at 0x7f1dfe4c9898&gt;</skipped></testcase><testcase classname="src.pymortests.grid" file="src/pymortests/grid.py" line="125" name="test_superentities_shape[&lt;lambda&gt;6]" time="0.00044274330139160156"><skipped message="Suite splitting in effect" type="pytest.skip">src/pymortests/grid.py:125: &lt;py._xmlgen.raw object at 0x7f1dfe7a9400&gt;</skipped></testcase><testcase classname="src.pymortests.grid" file="src/pymortests/grid.py" line="125" name="test_superentities_shape[&lt;lambda&gt;7]" time="0.0005002021789550781"><skipped message="Suite splitting in effect" type="pytest.skip">src/pymortests/grid.py:125: &lt;py._xmlgen.raw object at 0x7f1dd4b5f978&gt;</skipped></testcase><testcase classname="src.pymortests.grid" file="src/pymortests/grid.py" line="125" name="test_superentities_shape[&lt;lambda&gt;8]" time="0.0007402896881103516"><skipped message="Suite splitting in effect" type="pytest.skip">src/pymortests/grid.py:125: &lt;py._xmlgen.raw object at 0x7f1dd4bb1828&gt;</skipped></testcase><testcase classname="src.pymortests.grid" file="src/pymortests/grid.py" line="125" name="test_superentities_shape[&lt;lambda&gt;9]" time="0.0004563331604003906"><skipped message="Suite splitting in effect" type="pytest.skip">src/pymortests/grid.py:125: &lt;py._xmlgen.raw object at 0x7f1dfe923630&gt;</skipped></testcase><testcase classname="src.pymortests.grid" file="src/pymortests/grid.py" line="125" name="test_superentities_shape[&lt;lambda&gt;10]" time="0.0004298686981201172"><skipped message="Suite splitting in effect" type="pytest.skip">src/pymortests/grid.py:125: &lt;py._xmlgen.raw object at 0x7f1dfe946940&gt;</skipped></testcase><testcase classname="src.pymortests.grid" file="src/pymortests/grid.py" line="125" name="test_superentities_shape[&lt;lambda&gt;11]" time="0.0005757808685302734"><skipped message="Suite splitting in effect" type="pytest.skip">src/pymortests/grid.py:125: &lt;py._xmlgen.raw object at 0x7f1dd4b2b860&gt;</skipped></testcase><testcase classname="src.pymortests.grid" file="src/pymortests/grid.py" line="125" name="test_superentities_shape[&lt;lambda&gt;12]" time="0.00047278404235839844"><skipped message="Suite splitting in effect" type="pytest.skip">src/pymortests/grid.py:125: &lt;py._xmlgen.raw object at 0x7f1dd4b1f898&gt;</skipped></testcase><testcase classname="src.pymortests.grid" file="src/pymortests/grid.py" line="125" name="test_superentities_shape[&lt;lambda&gt;13]" time="0.00044035911560058594"><skipped message="Suite splitting in effect" type="pytest.skip">src/pymortests/grid.py:125: &lt;py._xmlgen.raw object at 0x7f1dfe4d9ba8&gt;</skipped></testcase><testcase classname="src.pymortests.grid" file="src/pymortests/grid.py" line="125" name="test_superentities_shape[&lt;lambda&gt;14]" time="0.00046753883361816406"><skipped message="Suite splitting in effect" type="pytest.skip">src/pymortests/grid.py:125: &lt;py._xmlgen.raw object at 0x7f1dd4b11cf8&gt;</skipped></testcase><testcase classname="src.pymortests.grid" file="src/pymortests/grid.py" line="125" name="test_superentities_shape[&lt;lambda&gt;15]" time="0.0004372596740722656"><skipped message="Suite splitting in effect" type="pytest.skip">src/pymortests/grid.py:125: &lt;py._xmlgen.raw object at 0x7f1dd4b35748&gt;</skipped></testcase><testcase classname="src.pymortests.grid" file="src/pymortests/grid.py" line="125" name="test_superentities_shape[&lt;lambda&gt;16]" time="0.0009770393371582031"><skipped message="Suite splitting in effect" type="pytest.skip">src/pymortests/grid.py:125: &lt;py._xmlgen.raw object at 0x7f1dd4b35c88&gt;</skipped></testcase><testcase classname="src.pymortests.grid" file="src/pymortests/grid.py" line="125" name="test_superentities_shape[&lt;lambda&gt;17]" time="0.00043773651123046875"><skipped message="Suite splitting in effect" type="pytest.skip">src/pymortests/grid.py:125: &lt;py._xmlgen.raw object at 0x7f1dfe4d9b00&gt;</skipped></testcase><testcase classname="src.pymortests.grid" file="src/pymortests/grid.py" line="125" name="test_superentities_shape[&lt;lambda&gt;18]" time="0.0004425048828125"><skipped message="Suite splitting in effect" type="pytest.skip">src/pymortests/grid.py:125: &lt;py._xmlgen.raw object at 0x7f1dfe8aaef0&gt;</skipped></testcase><testcase classname="src.pymortests.grid" file="src/pymortests/grid.py" line="125" name="test_superentities_shape[&lt;lambda&gt;19]" time="0.0004570484161376953"><skipped message="Suite splitting in effect" type="pytest.skip">src/pymortests/grid.py:125: &lt;py._xmlgen.raw object at 0x7f1dd4b2b860&gt;</skipped></testcase><testcase classname="src.pymortests.grid" file="src/pymortests/grid.py" line="125" name="test_superentities_shape[&lt;lambda&gt;20]" time="0.0004291534423828125"><skipped message="Suite splitting in effect" type="pytest.skip">src/pymortests/grid.py:125: &lt;py._xmlgen.raw object at 0x7f1dfe9464a8&gt;</skipped></testcase><testcase classname="src.pymortests.grid" file="src/pymortests/grid.py" line="125" name="test_superentities_shape[&lt;lambda&gt;21]" time="0.0004298686981201172"><skipped message="Suite splitting in effect" type="pytest.skip">src/pymortests/grid.py:125: &lt;py._xmlgen.raw object at 0x7f1dd4afb908&gt;</skipped></testcase><testcase classname="src.pymortests.grid" file="src/pymortests/grid.py" line="125" name="test_superentities_shape[&lt;lambda&gt;22]" time="0.0004239082336425781"><skipped message="Suite splitting in effect" type="pytest.skip">src/pymortests/grid.py:125: &lt;py._xmlgen.raw object at 0x7f1dd4b35908&gt;</skipped></testcase><testcase classname="src.pymortests.grid" file="src/pymortests/grid.py" line="125" name="test_superentities_shape[&lt;lambda&gt;23]" time="0.00047206878662109375"><skipped message="Suite splitting in effect" type="pytest.skip">src/pymortests/grid.py:125: &lt;py._xmlgen.raw object at 0x7f1dd4b356a0&gt;</skipped></testcase><testcase classname="src.pymortests.grid" file="src/pymortests/grid.py" line="125" name="test_superentities_shape[&lt;lambda&gt;24]" time="0.0007445812225341797"><skipped message="Suite splitting in effect" type="pytest.skip">src/pymortests/grid.py:125: &lt;py._xmlgen.raw object at 0x7f1dd4ac1208&gt;</skipped></testcase><testcase classname="src.pymortests.grid" file="src/pymortests/grid.py" line="125" name="test_superentities_shape[&lt;lambda&gt;25]" time="0.0004246234893798828"><skipped message="Suite splitting in effect" type="pytest.skip">src/pymortests/grid.py:125: &lt;py._xmlgen.raw object at 0x7f1dd4b35828&gt;</skipped></testcase><testcase classname="src.pymortests.grid" file="src/pymortests/grid.py" line="125" name="test_superentities_shape[&lt;lambda&gt;26]" time="0.0004794597625732422"><skipped message="Suite splitting in effect" type="pytest.skip">src/pymortests/grid.py:125: &lt;py._xmlgen.raw object at 0x7f1dfe923978&gt;</skipped></testcase><testcase classname="src.pymortests.grid" file="src/pymortests/grid.py" line="125" name="test_superentities_shape[&lt;lambda&gt;27]" time="0.0005214214324951172"><skipped message="Suite splitting in effect" type="pytest.skip">src/pymortests/grid.py:125: &lt;py._xmlgen.raw object at 0x7f1dfe946550&gt;</skipped></testcase><testcase classname="src.pymortests.grid" file="src/pymortests/grid.py" line="125" name="test_superentities_shape[&lt;lambda&gt;28]" time="0.000438690185546875"><skipped message="Suite splitting in effect" type="pytest.skip">src/pymortests/grid.py:125: &lt;py._xmlgen.raw object at 0x7f1dd4b2b940&gt;</skipped></testcase><testcase classname="src.pymortests.grid" file="src/pymortests/grid.py" line="125" name="test_superentities_shape[&lt;lambda&gt;29]" time="0.0006196498870849609"><skipped message="Suite splitting in effect" type="pytest.skip">src/pymortests/grid.py:125: &lt;py._xmlgen.raw object at 0x7f1dd4b1ffd0&gt;</skipped></testcase><testcase classname="src.pymortests.grid" file="src/pymortests/grid.py" line="125" name="test_superentities_shape[&lt;lambda&gt;30]" time="0.00047588348388671875"><skipped message="Suite splitting in effect" type="pytest.skip">src/pymortests/grid.py:125: &lt;py._xmlgen.raw object at 0x7f1dfe4eb3c8&gt;</skipped></testcase><testcase classname="src.pymortests.grid" file="src/pymortests/grid.py" line="125" name="test_superentities_shape[&lt;lambda&gt;31]" time="0.0005853176116943359"><skipped message="Suite splitting in effect" type="pytest.skip">src/pymortests/grid.py:125: &lt;py._xmlgen.raw object at 0x7f1dd4ac10b8&gt;</skipped></testcase><testcase classname="src.pymortests.grid" file="src/pymortests/grid.py" line="125" name="test_superentities_shape[&lt;lambda&gt;32]" time="0.0007879734039306641"><skipped message="Suite splitting in effect" type="pytest.skip">src/pymortests/grid.py:125: &lt;py._xmlgen.raw object at 0x7f1dd4ac1828&gt;</skipped></testcase><testcase classname="src.pymortests.grid" file="src/pymortests/grid.py" line="125" name="test_superentities_shape[&lt;lambda&gt;33]" time="0.0004734992980957031"><skipped message="Suite splitting in effect" type="pytest.skip">src/pymortests/grid.py:125: &lt;py._xmlgen.raw object at 0x7f1dfe4eb3c8&gt;</skipped></testcase><testcase classname="src.pymortests.grid" file="src/pymortests/grid.py" line="125" name="test_superentities_shape[&lt;lambda&gt;34]" time="0.0004603862762451172"><skipped message="Suite splitting in effect" type="pytest.skip">src/pymortests/grid.py:125: &lt;py._xmlgen.raw object at 0x7f1dd4b1fe10&gt;</skipped></testcase><testcase classname="src.pymortests.grid" file="src/pymortests/grid.py" line="125" name="test_superentities_shape[&lt;lambda&gt;35]" time="0.0004687309265136719"><skipped message="Suite splitting in effect" type="pytest.skip">src/pymortests/grid.py:125: &lt;py._xmlgen.raw object at 0x7f1dd4b2b748&gt;</skipped></testcase><testcase classname="src.pymortests.grid" file="src/pymortests/grid.py" line="125" name="test_superentities_shape[&lt;lambda&gt;36]" time="0.0004942417144775391"><skipped message="Suite splitting in effect" type="pytest.skip">src/pymortests/grid.py:125: &lt;py._xmlgen.raw object at 0x7f1dfe4c9748&gt;</skipped></testcase><testcase classname="src.pymortests.grid" file="src/pymortests/grid.py" line="125" name="test_superentities_shape[&lt;lambda&gt;37]" time="0.0004451274871826172"><skipped message="Suite splitting in effect" type="pytest.skip">src/pymortests/grid.py:125: &lt;py._xmlgen.raw object at 0x7f1dd4b350b8&gt;</skipped></testcase><testcase classname="src.pymortests.grid" file="src/pymortests/grid.py" line="125" name="test_superentities_shape[&lt;lambda&gt;38]" time="0.0004928112030029297"><skipped message="Suite splitting in effect" type="pytest.skip">src/pymortests/grid.py:125: &lt;py._xmlgen.raw object at 0x7f1dd4ac1470&gt;</skipped></testcase><testcase classname="src.pymortests.grid" file="src/pymortests/grid.py" line="125" name="test_superentities_shape[&lt;lambda&gt;39]" time="0.0005955696105957031"><skipped message="Suite splitting in effect" type="pytest.skip">src/pymortests/grid.py:125: &lt;py._xmlgen.raw object at 0x7f1dd4ac1320&gt;</skipped></testcase><testcase classname="src.pymortests.grid" file="src/pymortests/grid.py" line="125" name="test_superentities_shape[&lt;lambda&gt;40]" time="0.0007898807525634766"><skipped message="Suite splitting in effect" type="pytest.skip">src/pymortests/grid.py:125: &lt;py._xmlgen.raw object at 0x7f1dd4ac1e48&gt;</skipped></testcase><testcase classname="src.pymortests.grid" file="src/pymortests/grid.py" line="125" name="test_superentities_shape[&lt;lambda&gt;41]" time="0.00047016143798828125"><skipped message="Suite splitting in effect" type="pytest.skip">src/pymortests/grid.py:125: &lt;py._xmlgen.raw object at 0x7f1dd4ac1390&gt;</skipped></testcase><testcase classname="src.pymortests.grid" file="src/pymortests/grid.py" line="125" name="test_superentities_shape[&lt;lambda&gt;42]" time="0.0005092620849609375"><skipped message="Suite splitting in effect" type="pytest.skip">src/pymortests/grid.py:125: &lt;py._xmlgen.raw object at 0x7f1dd4bb1d30&gt;</skipped></testcase><testcase classname="src.pymortests.grid" file="src/pymortests/grid.py" line="135" name="test_superentities_dtype[&lt;lambda&gt;0]" time="0.00047469139099121094"><skipped message="Suite splitting in effect" type="pytest.skip">src/pymortests/grid.py:135: &lt;py._xmlgen.raw object at 0x7f1dd4b354e0&gt;</skipped></testcase><testcase classname="src.pymortests.grid" file="src/pymortests/grid.py" line="135" name="test_superentities_dtype[&lt;lambda&gt;1]" time="0.00048279762268066406"><skipped message="Suite splitting in effect" type="pytest.skip">src/pymortests/grid.py:135: &lt;py._xmlgen.raw object at 0x7f1dd4b438d0&gt;</skipped></testcase><testcase classname="src.pymortests.grid" file="src/pymortests/grid.py" line="135" name="test_superentities_dtype[&lt;lambda&gt;2]" time="0.0004336833953857422"><skipped message="Suite splitting in effect" type="pytest.skip">src/pymortests/grid.py:135: &lt;py._xmlgen.raw object at 0x7f1dd4b2ba58&gt;</skipped></testcase><testcase classname="src.pymortests.grid" file="src/pymortests/grid.py" line="135" name="test_superentities_dtype[&lt;lambda&gt;3]" time="0.00046133995056152344"><skipped message="Suite splitting in effect" type="pytest.skip">src/pymortests/grid.py:135: &lt;py._xmlgen.raw object at 0x7f1dfe4ebc50&gt;</skipped></testcase><testcase classname="src.pymortests.grid" file="src/pymortests/grid.py" line="135" name="test_superentities_dtype[&lt;lambda&gt;4]" time="0.00043320655822753906"><skipped message="Suite splitting in effect" type="pytest.skip">src/pymortests/grid.py:135: &lt;py._xmlgen.raw object at 0x7f1dd4b11400&gt;</skipped></testcase><testcase classname="src.pymortests.grid" file="src/pymortests/grid.py" line="135" name="test_superentities_dtype[&lt;lambda&gt;5]" time="0.0007729530334472656"><skipped message="Suite splitting in effect" type="pytest.skip">src/pymortests/grid.py:135: &lt;py._xmlgen.raw object at 0x7f1dd4acd4a8&gt;</skipped></testcase><testcase classname="src.pymortests.grid" file="src/pymortests/grid.py" line="135" name="test_superentities_dtype[&lt;lambda&gt;6]" time="0.00047850608825683594"><skipped message="Suite splitting in effect" type="pytest.skip">src/pymortests/grid.py:135: &lt;py._xmlgen.raw object at 0x7f1dd4b1f780&gt;</skipped></testcase><testcase classname="src.pymortests.grid" file="src/pymortests/grid.py" line="135" name="test_superentities_dtype[&lt;lambda&gt;7]" time="0.0004444122314453125"><skipped message="Suite splitting in effect" type="pytest.skip">src/pymortests/grid.py:135: &lt;py._xmlgen.raw object at 0x7f1dd4b2b2b0&gt;</skipped></testcase><testcase classname="src.pymortests.grid" file="src/pymortests/grid.py" line="135" name="test_superentities_dtype[&lt;lambda&gt;8]" time="0.0005166530609130859"><skipped message="Suite splitting in effect" type="pytest.skip">src/pymortests/grid.py:135: &lt;py._xmlgen.raw object at 0x7f1dd4c0bf28&gt;</skipped></testcase><testcase classname="src.pymortests.grid" file="src/pymortests/grid.py" line="135" name="test_superentities_dtype[&lt;lambda&gt;9]" time="0.0004355907440185547"><skipped message="Suite splitting in effect" type="pytest.skip">src/pymortests/grid.py:135: &lt;py._xmlgen.raw object at 0x7f1dd4b350f0&gt;</skipped></testcase><testcase classname="src.pymortests.grid" file="src/pymortests/grid.py" line="135" name="test_superentities_dtype[&lt;lambda&gt;10]" time="0.00046133995056152344"><skipped message="Suite splitting in effect" type="pytest.skip">src/pymortests/grid.py:135: &lt;py._xmlgen.raw object at 0x7f1dd4ac1b38&gt;</skipped></testcase><testcase classname="src.pymortests.grid" file="src/pymortests/grid.py" line="135" name="test_superentities_dtype[&lt;lambda&gt;11]" time="0.0005834102630615234"><skipped message="Suite splitting in effect" type="pytest.skip">src/pymortests/grid.py:135: &lt;py._xmlgen.raw object at 0x7f1dd4ac1c88&gt;</skipped></testcase><testcase classname="src.pymortests.grid" file="src/pymortests/grid.py" line="135" name="test_superentities_dtype[&lt;lambda&gt;12]" time="0.0004398822784423828"><skipped message="Suite splitting in effect" type="pytest.skip">src/pymortests/grid.py:135: &lt;py._xmlgen.raw object at 0x7f1dd4acd390&gt;</skipped></testcase><testcase classname="src.pymortests.grid" file="src/pymortests/grid.py" line="135" name="test_superentities_dtype[&lt;lambda&gt;13]" time="0.0007755756378173828"><skipped message="Suite splitting in effect" type="pytest.skip">src/pymortests/grid.py:135: &lt;py._xmlgen.raw object at 0x7f1dd4acdac8&gt;</skipped></testcase><testcase classname="src.pymortests.grid" file="src/pymortests/grid.py" line="135" name="test_superentities_dtype[&lt;lambda&gt;14]" time="0.00046181678771972656"><skipped message="Suite splitting in effect" type="pytest.skip">src/pymortests/grid.py:135: &lt;py._xmlgen.raw object at 0x7f1dd4ac1ef0&gt;</skipped></testcase><testcase classname="src.pymortests.grid" file="src/pymortests/grid.py" line="135" name="test_superentities_dtype[&lt;lambda&gt;15]" time="0.0004734992980957031"><skipped message="Suite splitting in effect" type="pytest.skip">src/pymortests/grid.py:135: &lt;py._xmlgen.raw object at 0x7f1dd4b35f28&gt;</skipped></testcase><testcase classname="src.pymortests.grid" file="src/pymortests/grid.py" line="135" name="test_superentities_dtype[&lt;lambda&gt;16]" time="0.0004930496215820312"><skipped message="Suite splitting in effect" type="pytest.skip">src/pymortests/grid.py:135: &lt;py._xmlgen.raw object at 0x7f1dfe4c95f8&gt;</skipped></testcase><testcase classname="src.pymortests.grid" file="src/pymortests/grid.py" line="135" name="test_superentities_dtype[&lt;lambda&gt;17]" time="0.00048470497131347656"><skipped message="Suite splitting in effect" type="pytest.skip">src/pymortests/grid.py:135: &lt;py._xmlgen.raw object at 0x7f1dfe4ebfd0&gt;</skipped></testcase><testcase classname="src.pymortests.grid" file="src/pymortests/grid.py" line="135" name="test_superentities_dtype[&lt;lambda&gt;18]" time="0.0004773139953613281"><skipped message="Suite splitting in effect" type="pytest.skip">src/pymortests/grid.py:135: &lt;py._xmlgen.raw object at 0x7f1dfe4906d8&gt;</skipped></testcase><testcase classname="src.pymortests.grid" file="src/pymortests/grid.py" line="135" name="test_superentities_dtype[&lt;lambda&gt;19]" time="0.00046706199645996094"><skipped message="Suite splitting in effect" type="pytest.skip">src/pymortests/grid.py:135: &lt;py._xmlgen.raw object at 0x7f1dd4acdc88&gt;</skipped></testcase><testcase classname="src.pymortests.grid" file="src/pymortests/grid.py" line="135" name="test_superentities_dtype[&lt;lambda&gt;20]" time="0.00045108795166015625"><skipped message="Suite splitting in effect" type="pytest.skip">src/pymortests/grid.py:135: &lt;py._xmlgen.raw object at 0x7f1dd4acd0f0&gt;</skipped></testcase><testcase classname="src.pymortests.grid" file="src/pymortests/grid.py" line="135" name="test_superentities_dtype[&lt;lambda&gt;21]" time="0.0007407665252685547"><skipped message="Suite splitting in effect" type="pytest.skip">src/pymortests/grid.py:135: &lt;py._xmlgen.raw object at 0x7f1dd4ad5128&gt;</skipped></testcase><testcase classname="src.pymortests.grid" file="src/pymortests/grid.py" line="135" name="test_superentities_dtype[&lt;lambda&gt;22]" time="0.0004608631134033203"><skipped message="Suite splitting in effect" type="pytest.skip">src/pymortests/grid.py:135: &lt;py._xmlgen.raw object at 0x7f1dd4acd9b0&gt;</skipped></testcase><testcase classname="src.pymortests.grid" file="src/pymortests/grid.py" line="135" name="test_superentities_dtype[&lt;lambda&gt;23]" time="0.0004286766052246094"><skipped message="Suite splitting in effect" type="pytest.skip">src/pymortests/grid.py:135: &lt;py._xmlgen.raw object at 0x7f1dd4b11fd0&gt;</skipped></testcase><testcase classname="src.pymortests.grid" file="src/pymortests/grid.py" line="135" name="test_superentities_dtype[&lt;lambda&gt;24]" time="0.00042724609375"><skipped message="Suite splitting in effect" type="pytest.skip">src/pymortests/grid.py:135: &lt;py._xmlgen.raw object at 0x7f1dfe490588&gt;</skipped></testcase><testcase classname="src.pymortests.grid" file="src/pymortests/grid.py" line="135" name="test_superentities_dtype[&lt;lambda&gt;25]" time="0.0004515647888183594"><skipped message="Suite splitting in effect" type="pytest.skip">src/pymortests/grid.py:135: &lt;py._xmlgen.raw object at 0x7f1dd4b2b6d8&gt;</skipped></testcase><testcase classname="src.pymortests.grid" file="src/pymortests/grid.py" line="135" name="test_superentities_dtype[&lt;lambda&gt;26]" time="0.0004858970642089844"><skipped message="Suite splitting in effect" type="pytest.skip">src/pymortests/grid.py:135: &lt;py._xmlgen.raw object at 0x7f1dd4b35748&gt;</skipped></testcase><testcase classname="src.pymortests.grid" file="src/pymortests/grid.py" line="135" name="test_superentities_dtype[&lt;lambda&gt;27]" time="0.00044035911560058594"><skipped message="Suite splitting in effect" type="pytest.skip">src/pymortests/grid.py:135: &lt;py._xmlgen.raw object at 0x7f1dd4ac1f98&gt;</skipped></testcase><testcase classname="src.pymortests.grid" file="src/pymortests/grid.py" line="135" name="test_superentities_dtype[&lt;lambda&gt;28]" time="0.00046706199645996094"><skipped message="Suite splitting in effect" type="pytest.skip">src/pymortests/grid.py:135: &lt;py._xmlgen.raw object at 0x7f1dd4ad52b0&gt;</skipped></testcase><testcase classname="src.pymortests.grid" file="src/pymortests/grid.py" line="135" name="test_superentities_dtype[&lt;lambda&gt;29]" time="0.0007340908050537109"><skipped message="Suite splitting in effect" type="pytest.skip">src/pymortests/grid.py:135: &lt;py._xmlgen.raw object at 0x7f1dd4ad5748&gt;</skipped></testcase><testcase classname="src.pymortests.grid" file="src/pymortests/grid.py" line="135" name="test_superentities_dtype[&lt;lambda&gt;30]" time="0.0004992485046386719"><skipped message="Suite splitting in effect" type="pytest.skip">src/pymortests/grid.py:135: &lt;py._xmlgen.raw object at 0x7f1dd4ac1fd0&gt;</skipped></testcase><testcase classname="src.pymortests.grid" file="src/pymortests/grid.py" line="135" name="test_superentities_dtype[&lt;lambda&gt;31]" time="0.0004909038543701172"><skipped message="Suite splitting in effect" type="pytest.skip">src/pymortests/grid.py:135: &lt;py._xmlgen.raw object at 0x7f1dd4b35f28&gt;</skipped></testcase><testcase classname="src.pymortests.grid" file="src/pymortests/grid.py" line="135" name="test_superentities_dtype[&lt;lambda&gt;32]" time="0.00048732757568359375"><skipped message="Suite splitting in effect" type="pytest.skip">src/pymortests/grid.py:135: &lt;py._xmlgen.raw object at 0x7f1dd4b2bf98&gt;</skipped></testcase><testcase classname="src.pymortests.grid" file="src/pymortests/grid.py" line="135" name="test_superentities_dtype[&lt;lambda&gt;33]" time="0.00044155120849609375"><skipped message="Suite splitting in effect" type="pytest.skip">src/pymortests/grid.py:135: &lt;py._xmlgen.raw object at 0x7f1dd4b1f630&gt;</skipped></testcase><testcase classname="src.pymortests.grid" file="src/pymortests/grid.py" line="135" name="test_superentities_dtype[&lt;lambda&gt;34]" time="0.00043582916259765625"><skipped message="Suite splitting in effect" type="pytest.skip">src/pymortests/grid.py:135: &lt;py._xmlgen.raw object at 0x7f1dd4acdc88&gt;</skipped></testcase><testcase classname="src.pymortests.grid" file="src/pymortests/grid.py" line="135" name="test_superentities_dtype[&lt;lambda&gt;35]" time="0.0004596710205078125"><skipped message="Suite splitting in effect" type="pytest.skip">src/pymortests/grid.py:135: &lt;py._xmlgen.raw object at 0x7f1dfe4d9ba8&gt;</skipped></testcase><testcase classname="src.pymortests.grid" file="src/pymortests/grid.py" line="135" name="test_superentities_dtype[&lt;lambda&gt;36]" time="0.0005636215209960938"><skipped message="Suite splitting in effect" type="pytest.skip">src/pymortests/grid.py:135: &lt;py._xmlgen.raw object at 0x7f1dd4ad5400&gt;</skipped></testcase><testcase classname="src.pymortests.grid" file="src/pymortests/grid.py" line="135" name="test_superentities_dtype[&lt;lambda&gt;37]" time="0.0007450580596923828"><skipped message="Suite splitting in effect" type="pytest.skip">src/pymortests/grid.py:135: &lt;py._xmlgen.raw object at 0x7f1dd4ad5d68&gt;</skipped></testcase><testcase classname="src.pymortests.grid" file="src/pymortests/grid.py" line="135" name="test_superentities_dtype[&lt;lambda&gt;38]" time="0.00043654441833496094"><skipped message="Suite splitting in effect" type="pytest.skip">src/pymortests/grid.py:135: &lt;py._xmlgen.raw object at 0x7f1dd4acdc88&gt;</skipped></testcase><testcase classname="src.pymortests.grid" file="src/pymortests/grid.py" line="135" name="test_superentities_dtype[&lt;lambda&gt;39]" time="0.000438690185546875"><skipped message="Suite splitting in effect" type="pytest.skip">src/pymortests/grid.py:135: &lt;py._xmlgen.raw object at 0x7f1dfe490588&gt;</skipped></testcase><testcase classname="src.pymortests.grid" file="src/pymortests/grid.py" line="135" name="test_superentities_dtype[&lt;lambda&gt;40]" time="0.0004374980926513672"><skipped message="Suite splitting in effect" type="pytest.skip">src/pymortests/grid.py:135: &lt;py._xmlgen.raw object at 0x7f1dd4b2b6d8&gt;</skipped></testcase><testcase classname="src.pymortests.grid" file="src/pymortests/grid.py" line="135" name="test_superentities_dtype[&lt;lambda&gt;41]" time="0.00046062469482421875"><skipped message="Suite splitting in effect" type="pytest.skip">src/pymortests/grid.py:135: &lt;py._xmlgen.raw object at 0x7f1dd4b5fac8&gt;</skipped></testcase><testcase classname="src.pymortests.grid" file="src/pymortests/grid.py" line="135" name="test_superentities_dtype[&lt;lambda&gt;42]" time="0.0004928112030029297"><skipped message="Suite splitting in effect" type="pytest.skip">src/pymortests/grid.py:135: &lt;py._xmlgen.raw object at 0x7f1dfe49f6d8&gt;</skipped></testcase><testcase classname="src.pymortests.grid" file="src/pymortests/grid.py" line="142" name="test_superentities_entry_value_range[&lt;lambda&gt;0]" time="0.00043511390686035156"><skipped message="Suite splitting in effect" type="pytest.skip">src/pymortests/grid.py:142: &lt;py._xmlgen.raw object at 0x7f1dd4ad5ac8&gt;</skipped></testcase><testcase classname="src.pymortests.grid" file="src/pymortests/grid.py" line="142" name="test_superentities_entry_value_range[&lt;lambda&gt;1]" time="0.0004277229309082031"><skipped message="Suite splitting in effect" type="pytest.skip">src/pymortests/grid.py:142: &lt;py._xmlgen.raw object at 0x7f1dd4ad55f8&gt;</skipped></testcase><testcase classname="src.pymortests.grid" file="src/pymortests/grid.py" line="142" name="test_superentities_entry_value_range[&lt;lambda&gt;2]" time="0.0010461807250976562"><skipped message="Suite splitting in effect" type="pytest.skip">src/pymortests/grid.py:142: &lt;py._xmlgen.raw object at 0x7f1dd4ae23c8&gt;</skipped></testcase><testcase classname="src.pymortests.grid" file="src/pymortests/grid.py" line="142" name="test_superentities_entry_value_range[&lt;lambda&gt;3]" time="0.00046825408935546875"><skipped message="Suite splitting in effect" type="pytest.skip">src/pymortests/grid.py:142: &lt;py._xmlgen.raw object at 0x7f1dfe4eb3c8&gt;</skipped></testcase><testcase classname="src.pymortests.grid" file="src/pymortests/grid.py" line="142" name="test_superentities_entry_value_range[&lt;lambda&gt;4]" time="0.0005469322204589844"><skipped message="Suite splitting in effect" type="pytest.skip">src/pymortests/grid.py:142: &lt;py._xmlgen.raw object at 0x7f1dfe490cc0&gt;</skipped></testcase><testcase classname="src.pymortests.grid" file="src/pymortests/grid.py" line="142" name="test_superentities_entry_value_range[&lt;lambda&gt;5]" time="0.0006237030029296875"><skipped message="Suite splitting in effect" type="pytest.skip">src/pymortests/grid.py:142: &lt;py._xmlgen.raw object at 0x7f1dd4ad5be0&gt;</skipped></testcase><testcase classname="src.pymortests.grid" file="src/pymortests/grid.py" line="142" name="test_superentities_entry_value_range[&lt;lambda&gt;6]" time="0.0005691051483154297"><skipped message="Suite splitting in effect" type="pytest.skip">src/pymortests/grid.py:142: &lt;py._xmlgen.raw object at 0x7f1dd4ad5e10&gt;</skipped></testcase><testcase classname="src.pymortests.grid" file="src/pymortests/grid.py" line="142" name="test_superentities_entry_value_range[&lt;lambda&gt;7]" time="0.0004742145538330078"><skipped message="Suite splitting in effect" type="pytest.skip">src/pymortests/grid.py:142: &lt;py._xmlgen.raw object at 0x7f1dd4acd748&gt;</skipped></testcase><testcase classname="src.pymortests.grid" file="src/pymortests/grid.py" line="142" name="test_superentities_entry_value_range[&lt;lambda&gt;8]" time="0.00048279762268066406"><skipped message="Suite splitting in effect" type="pytest.skip">src/pymortests/grid.py:142: &lt;py._xmlgen.raw object at 0x7f1dd4acd4a8&gt;</skipped></testcase><testcase classname="src.pymortests.grid" file="src/pymortests/grid.py" line="142" name="test_superentities_entry_value_range[&lt;lambda&gt;9]" time="0.0005164146423339844"><skipped message="Suite splitting in effect" type="pytest.skip">src/pymortests/grid.py:142: &lt;py._xmlgen.raw object at 0x7f1dd4ac1278&gt;</skipped></testcase><testcase classname="src.pymortests.grid" file="src/pymortests/grid.py" line="142" name="test_superentities_entry_value_range[&lt;lambda&gt;10]" time="0.0005083084106445312"><skipped message="Suite splitting in effect" type="pytest.skip">src/pymortests/grid.py:142: &lt;py._xmlgen.raw object at 0x7f1dd4b35978&gt;</skipped></testcase><testcase classname="src.pymortests.grid" file="src/pymortests/grid.py" line="142" name="test_superentities_entry_value_range[&lt;lambda&gt;11]" time="0.0008528232574462891"><skipped message="Suite splitting in effect" type="pytest.skip">src/pymortests/grid.py:142: &lt;py._xmlgen.raw object at 0x7f1dd4ac1f60&gt;</skipped></testcase><testcase classname="src.pymortests.grid" file="src/pymortests/grid.py" line="142" name="test_superentities_entry_value_range[&lt;lambda&gt;12]" time="0.00047206878662109375"><skipped message="Suite splitting in effect" type="pytest.skip">src/pymortests/grid.py:142: &lt;py._xmlgen.raw object at 0x7f1dd4acdf60&gt;</skipped></testcase><testcase classname="src.pymortests.grid" file="src/pymortests/grid.py" line="142" name="test_superentities_entry_value_range[&lt;lambda&gt;13]" time="0.0005476474761962891"><skipped message="Suite splitting in effect" type="pytest.skip">src/pymortests/grid.py:142: &lt;py._xmlgen.raw object at 0x7f1dd4ad5780&gt;</skipped></testcase><testcase classname="src.pymortests.grid" file="src/pymortests/grid.py" line="142" name="test_superentities_entry_value_range[&lt;lambda&gt;14]" time="0.00042724609375"><skipped message="Suite splitting in effect" type="pytest.skip">src/pymortests/grid.py:142: &lt;py._xmlgen.raw object at 0x7f1dd4ad51d0&gt;</skipped></testcase><testcase classname="src.pymortests.grid" file="src/pymortests/grid.py" line="142" name="test_superentities_entry_value_range[&lt;lambda&gt;15]" time="0.0004456043243408203"><skipped message="Suite splitting in effect" type="pytest.skip">src/pymortests/grid.py:142: &lt;py._xmlgen.raw object at 0x7f1dfe490978&gt;</skipped></testcase><testcase classname="src.pymortests.grid" file="src/pymortests/grid.py" line="142" name="test_superentities_entry_value_range[&lt;lambda&gt;16]" time="0.000431060791015625"><skipped message="Suite splitting in effect" type="pytest.skip">src/pymortests/grid.py:142: &lt;py._xmlgen.raw object at 0x7f1dfe4b0dd8&gt;</skipped></testcase><testcase classname="src.pymortests.grid" file="src/pymortests/grid.py" line="142" name="test_superentities_entry_value_range[&lt;lambda&gt;17]" time="0.0004978179931640625"><skipped message="Suite splitting in effect" type="pytest.skip">src/pymortests/grid.py:142: &lt;py._xmlgen.raw object at 0x7f1dd4b35320&gt;</skipped></testcase><testcase classname="src.pymortests.grid" file="src/pymortests/grid.py" line="142" name="test_superentities_entry_value_range[&lt;lambda&gt;18]" time="0.0004572868347167969"><skipped message="Suite splitting in effect" type="pytest.skip">src/pymortests/grid.py:142: &lt;py._xmlgen.raw object at 0x7f1dd4b07cc0&gt;</skipped></testcase><testcase classname="src.pymortests.grid" file="src/pymortests/grid.py" line="142" name="test_superentities_entry_value_range[&lt;lambda&gt;19]" time="0.000701904296875"><skipped message="Suite splitting in effect" type="pytest.skip">src/pymortests/grid.py:142: &lt;py._xmlgen.raw object at 0x7f1dfe7994a8&gt;</skipped></testcase><testcase classname="src.pymortests.grid" file="src/pymortests/grid.py" line="142" name="test_superentities_entry_value_range[&lt;lambda&gt;20]" time="0.0004177093505859375"><skipped message="Suite splitting in effect" type="pytest.skip">src/pymortests/grid.py:142: &lt;py._xmlgen.raw object at 0x7f1dd4b35048&gt;</skipped></testcase><testcase classname="src.pymortests.grid" file="src/pymortests/grid.py" line="142" name="test_superentities_entry_value_range[&lt;lambda&gt;21]" time="0.0005512237548828125"><skipped message="Suite splitting in effect" type="pytest.skip">src/pymortests/grid.py:142: &lt;py._xmlgen.raw object at 0x7f1dfe443400&gt;</skipped></testcase><testcase classname="src.pymortests.grid" file="src/pymortests/grid.py" line="142" name="test_superentities_entry_value_range[&lt;lambda&gt;22]" time="0.00044989585876464844"><skipped message="Suite splitting in effect" type="pytest.skip">src/pymortests/grid.py:142: &lt;py._xmlgen.raw object at 0x7f1dfe4fcfd0&gt;</skipped></testcase><testcase classname="src.pymortests.grid" file="src/pymortests/grid.py" line="142" name="test_superentities_entry_value_range[&lt;lambda&gt;23]" time="0.0004985332489013672"><skipped message="Suite splitting in effect" type="pytest.skip">src/pymortests/grid.py:142: &lt;py._xmlgen.raw object at 0x7f1dd4ad5978&gt;</skipped></testcase><testcase classname="src.pymortests.grid" file="src/pymortests/grid.py" line="142" name="test_superentities_entry_value_range[&lt;lambda&gt;24]" time="0.0004246234893798828"><skipped message="Suite splitting in effect" type="pytest.skip">src/pymortests/grid.py:142: &lt;py._xmlgen.raw object at 0x7f1dd4acd9b0&gt;</skipped></testcase><testcase classname="src.pymortests.grid" file="src/pymortests/grid.py" line="142" name="test_superentities_entry_value_range[&lt;lambda&gt;25]" time="0.0004432201385498047"><skipped message="Suite splitting in effect" type="pytest.skip">src/pymortests/grid.py:142: &lt;py._xmlgen.raw object at 0x7f1dd4ac13c8&gt;</skipped></testcase><testcase classname="src.pymortests.grid" file="src/pymortests/grid.py" line="142" name="test_superentities_entry_value_range[&lt;lambda&gt;26]" time="0.0004367828369140625"><skipped message="Suite splitting in effect" type="pytest.skip">src/pymortests/grid.py:142: &lt;py._xmlgen.raw object at 0x7f1dd4ae28d0&gt;</skipped></testcase><testcase classname="src.pymortests.grid" file="src/pymortests/grid.py" line="142" name="test_superentities_entry_value_range[&lt;lambda&gt;27]" time="0.0008161067962646484"><skipped message="Suite splitting in effect" type="pytest.skip">src/pymortests/grid.py:142: &lt;py._xmlgen.raw object at 0x7f1dd4ae2e10&gt;</skipped></testcase><testcase classname="src.pymortests.grid" file="src/pymortests/grid.py" line="142" name="test_superentities_entry_value_range[&lt;lambda&gt;28]" time="0.0005879402160644531"><skipped message="Suite splitting in effect" type="pytest.skip">src/pymortests/grid.py:142: &lt;py._xmlgen.raw object at 0x7f1dd4acd9b0&gt;</skipped></testcase><testcase classname="src.pymortests.grid" file="src/pymortests/grid.py" line="142" name="test_superentities_entry_value_range[&lt;lambda&gt;29]" time="0.00047588348388671875"><skipped message="Suite splitting in effect" type="pytest.skip">src/pymortests/grid.py:142: &lt;py._xmlgen.raw object at 0x7f1dd4ad5c18&gt;</skipped></testcase><testcase classname="src.pymortests.grid" file="src/pymortests/grid.py" line="142" name="test_superentities_entry_value_range[&lt;lambda&gt;30]" time="0.0004267692565917969"><skipped message="Suite splitting in effect" type="pytest.skip">src/pymortests/grid.py:142: &lt;py._xmlgen.raw object at 0x7f1dfe490c18&gt;</skipped></testcase><testcase classname="src.pymortests.grid" file="src/pymortests/grid.py" line="142" name="test_superentities_entry_value_range[&lt;lambda&gt;31]" time="0.00043487548828125"><skipped message="Suite splitting in effect" type="pytest.skip">src/pymortests/grid.py:142: &lt;py._xmlgen.raw object at 0x7f1dfe931dd8&gt;</skipped></testcase><testcase classname="src.pymortests.grid" file="src/pymortests/grid.py" line="142" name="test_superentities_entry_value_range[&lt;lambda&gt;32]" time="0.0004923343658447266"><skipped message="Suite splitting in effect" type="pytest.skip">src/pymortests/grid.py:142: &lt;py._xmlgen.raw object at 0x7f1dd4b35320&gt;</skipped></testcase><testcase classname="src.pymortests.grid" file="src/pymortests/grid.py" line="142" name="test_superentities_entry_value_range[&lt;lambda&gt;33]" time="0.00046896934509277344"><skipped message="Suite splitting in effect" type="pytest.skip">src/pymortests/grid.py:142: &lt;py._xmlgen.raw object at 0x7f1dd4ae2a90&gt;</skipped></testcase><testcase classname="src.pymortests.grid" file="src/pymortests/grid.py" line="142" name="test_superentities_entry_value_range[&lt;lambda&gt;34]" time="0.0004801750183105469"><skipped message="Suite splitting in effect" type="pytest.skip">src/pymortests/grid.py:142: &lt;py._xmlgen.raw object at 0x7f1dd4ae2828&gt;</skipped></testcase><testcase classname="src.pymortests.grid" file="src/pymortests/grid.py" line="142" name="test_superentities_entry_value_range[&lt;lambda&gt;35]" time="0.0007238388061523438"><skipped message="Suite splitting in effect" type="pytest.skip">src/pymortests/grid.py:142: &lt;py._xmlgen.raw object at 0x7f1dd4af0390&gt;</skipped></testcase><testcase classname="src.pymortests.grid" file="src/pymortests/grid.py" line="142" name="test_superentities_entry_value_range[&lt;lambda&gt;36]" time="0.00044083595275878906"><skipped message="Suite splitting in effect" type="pytest.skip">src/pymortests/grid.py:142: &lt;py._xmlgen.raw object at 0x7f1dd4ae22e8&gt;</skipped></testcase><testcase classname="src.pymortests.grid" file="src/pymortests/grid.py" line="142" name="test_superentities_entry_value_range[&lt;lambda&gt;37]" time="0.000431060791015625"><skipped message="Suite splitting in effect" type="pytest.skip">src/pymortests/grid.py:142: &lt;py._xmlgen.raw object at 0x7f1dfe4eb3c8&gt;</skipped></testcase><testcase classname="src.pymortests.grid" file="src/pymortests/grid.py" line="142" name="test_superentities_entry_value_range[&lt;lambda&gt;38]" time="0.0004277229309082031"><skipped message="Suite splitting in effect" type="pytest.skip">src/pymortests/grid.py:142: &lt;py._xmlgen.raw object at 0x7f1dfe443dd8&gt;</skipped></testcase><testcase classname="src.pymortests.grid" file="src/pymortests/grid.py" line="142" name="test_superentities_entry_value_range[&lt;lambda&gt;39]" time="0.0004291534423828125"><skipped message="Suite splitting in effect" type="pytest.skip">src/pymortests/grid.py:142: &lt;py._xmlgen.raw object at 0x7f1dfe4fc128&gt;</skipped></testcase><testcase classname="src.pymortests.grid" file="src/pymortests/grid.py" line="142" name="test_superentities_entry_value_range[&lt;lambda&gt;40]" time="0.0004372596740722656"><skipped message="Suite splitting in effect" type="pytest.skip">src/pymortests/grid.py:142: &lt;py._xmlgen.raw object at 0x7f1dd4ad5748&gt;</skipped></testcase><testcase classname="src.pymortests.grid" file="src/pymortests/grid.py" line="142" name="test_superentities_entry_value_range[&lt;lambda&gt;41]" time="0.0004680156707763672"><skipped message="Suite splitting in effect" type="pytest.skip">src/pymortests/grid.py:142: &lt;py._xmlgen.raw object at 0x7f1dd4acdc88&gt;</skipped></testcase><testcase classname="src.pymortests.grid" file="src/pymortests/grid.py" line="142" name="test_superentities_entry_value_range[&lt;lambda&gt;42]" time="0.0005030632019042969"><skipped message="Suite splitting in effect" type="pytest.skip">src/pymortests/grid.py:142: &lt;py._xmlgen.raw object at 0x7f1dd4af0240&gt;</skipped></testcase><testcase classname="src.pymortests.grid" file="src/pymortests/grid.py" line="150" name="test_superentities_entry_values_unique[&lt;lambda&gt;0]" time="0.0007696151733398438"><skipped message="Suite splitting in effect" type="pytest.skip">src/pymortests/grid.py:150: &lt;py._xmlgen.raw object at 0x7f1dd4af09b0&gt;</skipped></testcase><testcase classname="src.pymortests.grid" file="src/pymortests/grid.py" line="150" name="test_superentities_entry_values_unique[&lt;lambda&gt;1]" time="0.000469207763671875"><skipped message="Suite splitting in effect" type="pytest.skip">src/pymortests/grid.py:150: &lt;py._xmlgen.raw object at 0x7f1dd4ad5898&gt;</skipped></testcase><testcase classname="src.pymortests.grid" file="src/pymortests/grid.py" line="150" name="test_superentities_entry_values_unique[&lt;lambda&gt;2]" time="0.0004277229309082031"><skipped message="Suite splitting in effect" type="pytest.skip">src/pymortests/grid.py:150: &lt;py._xmlgen.raw object at 0x7f1dfe4fc128&gt;</skipped></testcase><testcase classname="src.pymortests.grid" file="src/pymortests/grid.py" line="150" name="test_superentities_entry_values_unique[&lt;lambda&gt;3]" time="0.0004940032958984375"><skipped message="Suite splitting in effect" type="pytest.skip">src/pymortests/grid.py:150: &lt;py._xmlgen.raw object at 0x7f1dfe443748&gt;</skipped></testcase><testcase classname="src.pymortests.grid" file="src/pymortests/grid.py" line="150" name="test_superentities_entry_values_unique[&lt;lambda&gt;4]" time="0.0004627704620361328"><skipped message="Suite splitting in effect" type="pytest.skip">src/pymortests/grid.py:150: &lt;py._xmlgen.raw object at 0x7f1dfe49f828&gt;</skipped></testcase><testcase classname="src.pymortests.grid" file="src/pymortests/grid.py" line="150" name="test_superentities_entry_values_unique[&lt;lambda&gt;5]" time="0.0005235671997070312"><skipped message="Suite splitting in effect" type="pytest.skip">src/pymortests/grid.py:150: &lt;py._xmlgen.raw object at 0x7f1dd4ae26d8&gt;</skipped></testcase><testcase classname="src.pymortests.grid" file="src/pymortests/grid.py" line="150" name="test_superentities_entry_values_unique[&lt;lambda&gt;6]" time="0.0004444122314453125"><skipped message="Suite splitting in effect" type="pytest.skip">src/pymortests/grid.py:150: &lt;py._xmlgen.raw object at 0x7f1dd4af0588&gt;</skipped></testcase><testcase classname="src.pymortests.grid" file="src/pymortests/grid.py" line="150" name="test_superentities_entry_values_unique[&lt;lambda&gt;7]" time="0.0004932880401611328"><skipped message="Suite splitting in effect" type="pytest.skip">src/pymortests/grid.py:150: &lt;py._xmlgen.raw object at 0x7f1dd4af00f0&gt;</skipped></testcase><testcase classname="src.pymortests.grid" file="src/pymortests/grid.py" line="150" name="test_superentities_entry_values_unique[&lt;lambda&gt;8]" time="0.001051187515258789"><skipped message="Suite splitting in effect" type="pytest.skip">src/pymortests/grid.py:150: &lt;py._xmlgen.raw object at 0x7f1dd4a7a080&gt;</skipped></testcase><testcase classname="src.pymortests.grid" file="src/pymortests/grid.py" line="150" name="test_superentities_entry_values_unique[&lt;lambda&gt;9]" time="0.0005035400390625"><skipped message="Suite splitting in effect" type="pytest.skip">src/pymortests/grid.py:150: &lt;py._xmlgen.raw object at 0x7f1dd4af0048&gt;</skipped></testcase><testcase classname="src.pymortests.grid" file="src/pymortests/grid.py" line="150" name="test_superentities_entry_values_unique[&lt;lambda&gt;10]" time="0.0005581378936767578"><skipped message="Suite splitting in effect" type="pytest.skip">src/pymortests/grid.py:150: &lt;py._xmlgen.raw object at 0x7f1dd4ae29b0&gt;</skipped></testcase><testcase classname="src.pymortests.grid" file="src/pymortests/grid.py" line="150" name="test_superentities_entry_values_unique[&lt;lambda&gt;11]" time="0.00046062469482421875"><skipped message="Suite splitting in effect" type="pytest.skip">src/pymortests/grid.py:150: &lt;py._xmlgen.raw object at 0x7f1dd4b35048&gt;</skipped></testcase><testcase classname="src.pymortests.grid" file="src/pymortests/grid.py" line="150" name="test_superentities_entry_values_unique[&lt;lambda&gt;12]" time="0.0005590915679931641"><skipped message="Suite splitting in effect" type="pytest.skip">src/pymortests/grid.py:150: &lt;py._xmlgen.raw object at 0x7f1dfe443fd0&gt;</skipped></testcase><testcase classname="src.pymortests.grid" file="src/pymortests/grid.py" line="150" name="test_superentities_entry_values_unique[&lt;lambda&gt;13]" time="0.0004525184631347656"><skipped message="Suite splitting in effect" type="pytest.skip">src/pymortests/grid.py:150: &lt;py._xmlgen.raw object at 0x7f1dfe452588&gt;</skipped></testcase><testcase classname="src.pymortests.grid" file="src/pymortests/grid.py" line="150" name="test_superentities_entry_values_unique[&lt;lambda&gt;14]" time="0.0004398822784423828"><skipped message="Suite splitting in effect" type="pytest.skip">src/pymortests/grid.py:150: &lt;py._xmlgen.raw object at 0x7f1dd4ad5c50&gt;</skipped></testcase><testcase classname="src.pymortests.grid" file="src/pymortests/grid.py" line="150" name="test_superentities_entry_values_unique[&lt;lambda&gt;15]" time="0.0005085468292236328"><skipped message="Suite splitting in effect" type="pytest.skip">src/pymortests/grid.py:150: &lt;py._xmlgen.raw object at 0x7f1dd4a7a128&gt;</skipped></testcase><testcase classname="src.pymortests.grid" file="src/pymortests/grid.py" line="150" name="test_superentities_entry_values_unique[&lt;lambda&gt;16]" time="0.0008213520050048828"><skipped message="Suite splitting in effect" type="pytest.skip">src/pymortests/grid.py:150: &lt;py._xmlgen.raw object at 0x7f1dd4a7a630&gt;</skipped></testcase><testcase classname="src.pymortests.grid" file="src/pymortests/grid.py" line="150" name="test_superentities_entry_values_unique[&lt;lambda&gt;17]" time="0.0005466938018798828"><skipped message="Suite splitting in effect" type="pytest.skip">src/pymortests/grid.py:150: &lt;py._xmlgen.raw object at 0x7f1dd4ad5c18&gt;</skipped></testcase><testcase classname="src.pymortests.grid" file="src/pymortests/grid.py" line="150" name="test_superentities_entry_values_unique[&lt;lambda&gt;18]" time="0.0005009174346923828"><skipped message="Suite splitting in effect" type="pytest.skip">src/pymortests/grid.py:150: &lt;py._xmlgen.raw object at 0x7f1dfe466518&gt;</skipped></testcase><testcase classname="src.pymortests.grid" file="src/pymortests/grid.py" line="150" name="test_superentities_entry_values_unique[&lt;lambda&gt;19]" time="0.0004787445068359375"><skipped message="Suite splitting in effect" type="pytest.skip">src/pymortests/grid.py:150: &lt;py._xmlgen.raw object at 0x7f1dfe443be0&gt;</skipped></testcase><testcase classname="src.pymortests.grid" file="src/pymortests/grid.py" line="150" name="test_superentities_entry_values_unique[&lt;lambda&gt;20]" time="0.0004420280456542969"><skipped message="Suite splitting in effect" type="pytest.skip">src/pymortests/grid.py:150: &lt;py._xmlgen.raw object at 0x7f1dd4ae2710&gt;</skipped></testcase><testcase classname="src.pymortests.grid" file="src/pymortests/grid.py" line="150" name="test_superentities_entry_values_unique[&lt;lambda&gt;21]" time="0.00044465065002441406"><skipped message="Suite splitting in effect" type="pytest.skip">src/pymortests/grid.py:150: &lt;py._xmlgen.raw object at 0x7f1dd4af0a58&gt;</skipped></testcase><testcase classname="src.pymortests.grid" file="src/pymortests/grid.py" line="150" name="test_superentities_entry_values_unique[&lt;lambda&gt;22]" time="0.0004963874816894531"><skipped message="Suite splitting in effect" type="pytest.skip">src/pymortests/grid.py:150: &lt;py._xmlgen.raw object at 0x7f1dd4af0f28&gt;</skipped></testcase><testcase classname="src.pymortests.grid" file="src/pymortests/grid.py" line="150" name="test_superentities_entry_values_unique[&lt;lambda&gt;23]" time="0.0004911422729492188"><skipped message="Suite splitting in effect" type="pytest.skip">src/pymortests/grid.py:150: &lt;py._xmlgen.raw object at 0x7f1dd4a7a1d0&gt;</skipped></testcase><testcase classname="src.pymortests.grid" file="src/pymortests/grid.py" line="150" name="test_superentities_entry_values_unique[&lt;lambda&gt;24]" time="0.0007901191711425781"><skipped message="Suite splitting in effect" type="pytest.skip">src/pymortests/grid.py:150: &lt;py._xmlgen.raw object at 0x7f1dd4a7ac50&gt;</skipped></testcase><testcase classname="src.pymortests.grid" file="src/pymortests/grid.py" line="150" name="test_superentities_entry_values_unique[&lt;lambda&gt;25]" time="0.0004730224609375"><skipped message="Suite splitting in effect" type="pytest.skip">src/pymortests/grid.py:150: &lt;py._xmlgen.raw object at 0x7f1dd4af0198&gt;</skipped></testcase><testcase classname="src.pymortests.grid" file="src/pymortests/grid.py" line="150" name="test_superentities_entry_values_unique[&lt;lambda&gt;26]" time="0.0005409717559814453"><skipped message="Suite splitting in effect" type="pytest.skip">src/pymortests/grid.py:150: &lt;py._xmlgen.raw object at 0x7f1dd4ae22e8&gt;</skipped></testcase><testcase classname="src.pymortests.grid" file="src/pymortests/grid.py" line="150" name="test_superentities_entry_values_unique[&lt;lambda&gt;27]" time="0.0004885196685791016"><skipped message="Suite splitting in effect" type="pytest.skip">src/pymortests/grid.py:150: &lt;py._xmlgen.raw object at 0x7f1dfe443fd0&gt;</skipped></testcase><testcase classname="src.pymortests.grid" file="src/pymortests/grid.py" line="150" name="test_superentities_entry_values_unique[&lt;lambda&gt;28]" time="0.00048613548278808594"><skipped message="Suite splitting in effect" type="pytest.skip">src/pymortests/grid.py:150: &lt;py._xmlgen.raw object at 0x7f1dfe4661d0&gt;</skipped></testcase><testcase classname="src.pymortests.grid" file="src/pymortests/grid.py" line="150" name="test_superentities_entry_values_unique[&lt;lambda&gt;29]" time="0.0004992485046386719"><skipped message="Suite splitting in effect" type="pytest.skip">src/pymortests/grid.py:150: &lt;py._xmlgen.raw object at 0x7f1dd4ac1470&gt;</skipped></testcase><testcase classname="src.pymortests.grid" file="src/pymortests/grid.py" line="150" name="test_superentities_entry_values_unique[&lt;lambda&gt;30]" time="0.0004780292510986328"><skipped message="Suite splitting in effect" type="pytest.skip">src/pymortests/grid.py:150: &lt;py._xmlgen.raw object at 0x7f1dd4a7a9b0&gt;</skipped></testcase><testcase classname="src.pymortests.grid" file="src/pymortests/grid.py" line="150" name="test_superentities_entry_values_unique[&lt;lambda&gt;31]" time="0.00046753883361816406"><skipped message="Suite splitting in effect" type="pytest.skip">src/pymortests/grid.py:150: &lt;py._xmlgen.raw object at 0x7f1dd4a7a4a8&gt;</skipped></testcase><testcase classname="src.pymortests.grid" file="src/pymortests/grid.py" line="150" name="test_superentities_entry_values_unique[&lt;lambda&gt;32]" time="0.0008785724639892578"><skipped message="Suite splitting in effect" type="pytest.skip">src/pymortests/grid.py:150: &lt;py._xmlgen.raw object at 0x7f1dd4a842b0&gt;</skipped></testcase><testcase classname="src.pymortests.grid" file="src/pymortests/grid.py" line="150" name="test_superentities_entry_values_unique[&lt;lambda&gt;33]" time="0.0005049705505371094"><skipped message="Suite splitting in effect" type="pytest.skip">src/pymortests/grid.py:150: &lt;py._xmlgen.raw object at 0x7f1dd4a7a3c8&gt;</skipped></testcase><testcase classname="src.pymortests.grid" file="src/pymortests/grid.py" line="150" name="test_superentities_entry_values_unique[&lt;lambda&gt;34]" time="0.00043964385986328125"><skipped message="Suite splitting in effect" type="pytest.skip">src/pymortests/grid.py:150: &lt;py._xmlgen.raw object at 0x7f1dd4ac1e48&gt;</skipped></testcase><testcase classname="src.pymortests.grid" file="src/pymortests/grid.py" line="150" name="test_superentities_entry_values_unique[&lt;lambda&gt;35]" time="0.0005075931549072266"><skipped message="Suite splitting in effect" type="pytest.skip">src/pymortests/grid.py:150: &lt;py._xmlgen.raw object at 0x7f1dfe4667b8&gt;</skipped></testcase><testcase classname="src.pymortests.grid" file="src/pymortests/grid.py" line="150" name="test_superentities_entry_values_unique[&lt;lambda&gt;36]" time="0.0005230903625488281"><skipped message="Suite splitting in effect" type="pytest.skip">src/pymortests/grid.py:150: &lt;py._xmlgen.raw object at 0x7f1dfe4b07f0&gt;</skipped></testcase><testcase classname="src.pymortests.grid" file="src/pymortests/grid.py" line="150" name="test_superentities_entry_values_unique[&lt;lambda&gt;37]" time="0.0005192756652832031"><skipped message="Suite splitting in effect" type="pytest.skip">src/pymortests/grid.py:150: &lt;py._xmlgen.raw object at 0x7f1dd4ae2668&gt;</skipped></testcase><testcase classname="src.pymortests.grid" file="src/pymortests/grid.py" line="150" name="test_superentities_entry_values_unique[&lt;lambda&gt;38]" time="0.00045800209045410156"><skipped message="Suite splitting in effect" type="pytest.skip">src/pymortests/grid.py:150: &lt;py._xmlgen.raw object at 0x7f1dd4af0630&gt;</skipped></testcase><testcase classname="src.pymortests.grid" file="src/pymortests/grid.py" line="150" name="test_superentities_entry_values_unique[&lt;lambda&gt;39]" time="0.0004470348358154297"><skipped message="Suite splitting in effect" type="pytest.skip">src/pymortests/grid.py:150: &lt;py._xmlgen.raw object at 0x7f1dd4a84128&gt;</skipped></testcase><testcase classname="src.pymortests.grid" file="src/pymortests/grid.py" line="150" name="test_superentities_entry_values_unique[&lt;lambda&gt;40]" time="0.0007989406585693359"><skipped message="Suite splitting in effect" type="pytest.skip">src/pymortests/grid.py:150: &lt;py._xmlgen.raw object at 0x7f1dd4a848d0&gt;</skipped></testcase><testcase classname="src.pymortests.grid" file="src/pymortests/grid.py" line="150" name="test_superentities_entry_values_unique[&lt;lambda&gt;41]" time="0.0005476474761962891"><skipped message="Suite splitting in effect" type="pytest.skip">src/pymortests/grid.py:150: &lt;py._xmlgen.raw object at 0x7f1dd4ae2208&gt;</skipped></testcase><testcase classname="src.pymortests.grid" file="src/pymortests/grid.py" line="150" name="test_superentities_entry_values_unique[&lt;lambda&gt;42]" time="0.00044989585876464844"><skipped message="Suite splitting in effect" type="pytest.skip">src/pymortests/grid.py:150: &lt;py._xmlgen.raw object at 0x7f1dfe4b0a90&gt;</skipped></testcase><testcase classname="src.pymortests.grid" file="src/pymortests/grid.py" line="159" name="test_superentities_entries_sorted[&lt;lambda&gt;0]" time="0.0005002021789550781"><skipped message="Suite splitting in effect" type="pytest.skip">src/pymortests/grid.py:159: &lt;py._xmlgen.raw object at 0x7f1dd4ad5c50&gt;</skipped></testcase><testcase classname="src.pymortests.grid" file="src/pymortests/grid.py" line="159" name="test_superentities_entries_sorted[&lt;lambda&gt;1]" time="0.0004839897155761719"><skipped message="Suite splitting in effect" type="pytest.skip">src/pymortests/grid.py:159: &lt;py._xmlgen.raw object at 0x7f1dd4ac1c88&gt;</skipped></testcase><testcase classname="src.pymortests.grid" file="src/pymortests/grid.py" line="159" name="test_superentities_entries_sorted[&lt;lambda&gt;2]" time="0.0004684925079345703"><skipped message="Suite splitting in effect" type="pytest.skip">src/pymortests/grid.py:159: &lt;py._xmlgen.raw object at 0x7f1dd4a7a9b0&gt;</skipped></testcase><testcase classname="src.pymortests.grid" file="src/pymortests/grid.py" line="159" name="test_superentities_entries_sorted[&lt;lambda&gt;3]" time="0.0005104541778564453"><skipped message="Suite splitting in effect" type="pytest.skip">src/pymortests/grid.py:159: &lt;py._xmlgen.raw object at 0x7f1dd4a849e8&gt;</skipped></testcase><testcase classname="src.pymortests.grid" file="src/pymortests/grid.py" line="159" name="test_superentities_entries_sorted[&lt;lambda&gt;4]" time="0.0005171298980712891"><skipped message="Suite splitting in effect" type="pytest.skip">src/pymortests/grid.py:159: &lt;py._xmlgen.raw object at 0x7f1dd4a84400&gt;</skipped></testcase><testcase classname="src.pymortests.grid" file="src/pymortests/grid.py" line="159" name="test_superentities_entries_sorted[&lt;lambda&gt;5]" time="0.0007193088531494141"><skipped message="Suite splitting in effect" type="pytest.skip">src/pymortests/grid.py:159: &lt;py._xmlgen.raw object at 0x7f1dd4a84ef0&gt;</skipped></testcase><testcase classname="src.pymortests.grid" file="src/pymortests/grid.py" line="159" name="test_superentities_entries_sorted[&lt;lambda&gt;6]" time="0.00048613548278808594"><skipped message="Suite splitting in effect" type="pytest.skip">src/pymortests/grid.py:159: &lt;py._xmlgen.raw object at 0x7f1dd4a846d8&gt;</skipped></testcase><testcase classname="src.pymortests.grid" file="src/pymortests/grid.py" line="159" name="test_superentities_entries_sorted[&lt;lambda&gt;7]" time="0.0004832744598388672"><skipped message="Suite splitting in effect" type="pytest.skip">src/pymortests/grid.py:159: &lt;py._xmlgen.raw object at 0x7f1dd4a7a4e0&gt;</skipped></testcase><testcase classname="src.pymortests.grid" file="src/pymortests/grid.py" line="159" name="test_superentities_entries_sorted[&lt;lambda&gt;8]" time="0.00047087669372558594"><skipped message="Suite splitting in effect" type="pytest.skip">src/pymortests/grid.py:159: &lt;py._xmlgen.raw object at 0x7f1dfe406c18&gt;</skipped></testcase><testcase classname="src.pymortests.grid" file="src/pymortests/grid.py" line="159" name="test_superentities_entries_sorted[&lt;lambda&gt;9]" time="0.00044155120849609375"><skipped message="Suite splitting in effect" type="pytest.skip">src/pymortests/grid.py:159: &lt;py._xmlgen.raw object at 0x7f1dfe466320&gt;</skipped></testcase><testcase classname="src.pymortests.grid" file="src/pymortests/grid.py" line="159" name="test_superentities_entries_sorted[&lt;lambda&gt;10]" time="0.0004661083221435547"><skipped message="Suite splitting in effect" type="pytest.skip">src/pymortests/grid.py:159: &lt;py._xmlgen.raw object at 0x7f1dfe475320&gt;</skipped></testcase><testcase classname="src.pymortests.grid" file="src/pymortests/grid.py" line="159" name="test_superentities_entries_sorted[&lt;lambda&gt;11]" time="0.00048041343688964844"><skipped message="Suite splitting in effect" type="pytest.skip">src/pymortests/grid.py:159: &lt;py._xmlgen.raw object at 0x7f1dd4ae2668&gt;</skipped></testcase><testcase classname="src.pymortests.grid" file="src/pymortests/grid.py" line="159" name="test_superentities_entries_sorted[&lt;lambda&gt;12]" time="0.0004425048828125"><skipped message="Suite splitting in effect" type="pytest.skip">src/pymortests/grid.py:159: &lt;py._xmlgen.raw object at 0x7f1dd4a90080&gt;</skipped></testcase><testcase classname="src.pymortests.grid" file="src/pymortests/grid.py" line="159" name="test_superentities_entries_sorted[&lt;lambda&gt;13]" time="0.001603841781616211"><skipped message="Suite splitting in effect" type="pytest.skip">src/pymortests/grid.py:159: &lt;py._xmlgen.raw object at 0x7f1dd4a90550&gt;</skipped></testcase><testcase classname="src.pymortests.grid" file="src/pymortests/grid.py" line="159" name="test_superentities_entries_sorted[&lt;lambda&gt;14]" time="0.00048732757568359375"><skipped message="Suite splitting in effect" type="pytest.skip">src/pymortests/grid.py:159: &lt;py._xmlgen.raw object at 0x7f1dfe4757b8&gt;</skipped></testcase><testcase classname="src.pymortests.grid" file="src/pymortests/grid.py" line="159" name="test_superentities_entries_sorted[&lt;lambda&gt;15]" time="0.0004546642303466797"><skipped message="Suite splitting in effect" type="pytest.skip">src/pymortests/grid.py:159: &lt;py._xmlgen.raw object at 0x7f1dfe406cc0&gt;</skipped></testcase><testcase classname="src.pymortests.grid" file="src/pymortests/grid.py" line="159" name="test_superentities_entries_sorted[&lt;lambda&gt;16]" time="0.0006184577941894531"><skipped message="Suite splitting in effect" type="pytest.skip">src/pymortests/grid.py:159: &lt;py._xmlgen.raw object at 0x7f1dd4a84b70&gt;</skipped></testcase><testcase classname="src.pymortests.grid" file="src/pymortests/grid.py" line="159" name="test_superentities_entries_sorted[&lt;lambda&gt;17]" time="0.00047016143798828125"><skipped message="Suite splitting in effect" type="pytest.skip">src/pymortests/grid.py:159: &lt;py._xmlgen.raw object at 0x7f1dd4a84fd0&gt;</skipped></testcase><testcase classname="src.pymortests.grid" file="src/pymortests/grid.py" line="159" name="test_superentities_entries_sorted[&lt;lambda&gt;18]" time="0.0004649162292480469"><skipped message="Suite splitting in effect" type="pytest.skip">src/pymortests/grid.py:159: &lt;py._xmlgen.raw object at 0x7f1dd4a7a9b0&gt;</skipped></testcase><testcase classname="src.pymortests.grid" file="src/pymortests/grid.py" line="159" name="test_superentities_entries_sorted[&lt;lambda&gt;19]" time="0.00047278404235839844"><skipped message="Suite splitting in effect" type="pytest.skip">src/pymortests/grid.py:159: &lt;py._xmlgen.raw object at 0x7f1dd4a7a080&gt;</skipped></testcase><testcase classname="src.pymortests.grid" file="src/pymortests/grid.py" line="159" name="test_superentities_entries_sorted[&lt;lambda&gt;20]" time="0.0005235671997070312"><skipped message="Suite splitting in effect" type="pytest.skip">src/pymortests/grid.py:159: &lt;py._xmlgen.raw object at 0x7f1dfe4b07f0&gt;</skipped></testcase><testcase classname="src.pymortests.grid" file="src/pymortests/grid.py" line="159" name="test_superentities_entries_sorted[&lt;lambda&gt;21]" time="0.000469207763671875"><skipped message="Suite splitting in effect" type="pytest.skip">src/pymortests/grid.py:159: &lt;py._xmlgen.raw object at 0x7f1dd4ae2160&gt;</skipped></testcase><testcase classname="src.pymortests.grid" file="src/pymortests/grid.py" line="159" name="test_superentities_entries_sorted[&lt;lambda&gt;22]" time="0.0007827281951904297"><skipped message="Suite splitting in effect" type="pytest.skip">src/pymortests/grid.py:159: &lt;py._xmlgen.raw object at 0x7f1dd4b07208&gt;</skipped></testcase><testcase classname="src.pymortests.grid" file="src/pymortests/grid.py" line="159" name="test_superentities_entries_sorted[&lt;lambda&gt;23]" time="0.0004298686981201172"><skipped message="Suite splitting in effect" type="pytest.skip">src/pymortests/grid.py:159: &lt;py._xmlgen.raw object at 0x7f1dd4acddd8&gt;</skipped></testcase><testcase classname="src.pymortests.grid" file="src/pymortests/grid.py" line="159" name="test_superentities_entries_sorted[&lt;lambda&gt;24]" time="0.0004284381866455078"><skipped message="Suite splitting in effect" type="pytest.skip">src/pymortests/grid.py:159: &lt;py._xmlgen.raw object at 0x7f1dd4a7a710&gt;</skipped></testcase><testcase classname="src.pymortests.grid" file="src/pymortests/grid.py" line="159" name="test_superentities_entries_sorted[&lt;lambda&gt;25]" time="0.000431060791015625"><skipped message="Suite splitting in effect" type="pytest.skip">src/pymortests/grid.py:159: &lt;py._xmlgen.raw object at 0x7f1dd4a84c88&gt;</skipped></testcase><testcase classname="src.pymortests.grid" file="src/pymortests/grid.py" line="159" name="test_superentities_entries_sorted[&lt;lambda&gt;26]" time="0.00042557716369628906"><skipped message="Suite splitting in effect" type="pytest.skip">src/pymortests/grid.py:159: &lt;py._xmlgen.raw object at 0x7f1dfe466cf8&gt;</skipped></testcase><testcase classname="src.pymortests.grid" file="src/pymortests/grid.py" line="159" name="test_superentities_entries_sorted[&lt;lambda&gt;27]" time="0.00043463706970214844"><skipped message="Suite splitting in effect" type="pytest.skip">src/pymortests/grid.py:159: &lt;py._xmlgen.raw object at 0x7f1dfe418630&gt;</skipped></testcase><testcase classname="src.pymortests.grid" file="src/pymortests/grid.py" line="159" name="test_superentities_entries_sorted[&lt;lambda&gt;28]" time="0.0004296302795410156"><skipped message="Suite splitting in effect" type="pytest.skip">src/pymortests/grid.py:159: &lt;py._xmlgen.raw object at 0x7f1dfe475908&gt;</skipped></testcase><testcase classname="src.pymortests.grid" file="src/pymortests/grid.py" line="159" name="test_superentities_entries_sorted[&lt;lambda&gt;29]" time="0.0005741119384765625"><skipped message="Suite splitting in effect" type="pytest.skip">src/pymortests/grid.py:159: &lt;py._xmlgen.raw object at 0x7f1dfe4c92b0&gt;</skipped></testcase><testcase classname="src.pymortests.grid" file="src/pymortests/grid.py" line="159" name="test_superentities_entries_sorted[&lt;lambda&gt;30]" time="0.0007994174957275391"><skipped message="Suite splitting in effect" type="pytest.skip">src/pymortests/grid.py:159: &lt;py._xmlgen.raw object at 0x7f1dd4b11fd0&gt;</skipped></testcase><testcase classname="src.pymortests.grid" file="src/pymortests/grid.py" line="159" name="test_superentities_entries_sorted[&lt;lambda&gt;31]" time="0.0004813671112060547"><skipped message="Suite splitting in effect" type="pytest.skip">src/pymortests/grid.py:159: &lt;py._xmlgen.raw object at 0x7f1dfe406b70&gt;</skipped></testcase><testcase classname="src.pymortests.grid" file="src/pymortests/grid.py" line="159" name="test_superentities_entries_sorted[&lt;lambda&gt;32]" time="0.0004699230194091797"><skipped message="Suite splitting in effect" type="pytest.skip">src/pymortests/grid.py:159: &lt;py._xmlgen.raw object at 0x7f1dfe466fd0&gt;</skipped></testcase><testcase classname="src.pymortests.grid" file="src/pymortests/grid.py" line="159" name="test_superentities_entries_sorted[&lt;lambda&gt;33]" time="0.00044155120849609375"><skipped message="Suite splitting in effect" type="pytest.skip">src/pymortests/grid.py:159: &lt;py._xmlgen.raw object at 0x7f1dd4a84e48&gt;</skipped></testcase><testcase classname="src.pymortests.grid" file="src/pymortests/grid.py" line="159" name="test_superentities_entries_sorted[&lt;lambda&gt;34]" time="0.0005512237548828125"><skipped message="Suite splitting in effect" type="pytest.skip">src/pymortests/grid.py:159: &lt;py._xmlgen.raw object at 0x7f1dd4a7afd0&gt;</skipped></testcase><testcase classname="src.pymortests.grid" file="src/pymortests/grid.py" line="159" name="test_superentities_entries_sorted[&lt;lambda&gt;35]" time="0.0004525184631347656"><skipped message="Suite splitting in effect" type="pytest.skip">src/pymortests/grid.py:159: &lt;py._xmlgen.raw object at 0x7f1dd4af0a58&gt;</skipped></testcase><testcase classname="src.pymortests.grid" file="src/pymortests/grid.py" line="159" name="test_superentities_entries_sorted[&lt;lambda&gt;36]" time="0.0004961490631103516"><skipped message="Suite splitting in effect" type="pytest.skip">src/pymortests/grid.py:159: &lt;py._xmlgen.raw object at 0x7f1dd4a90160&gt;</skipped></testcase><testcase classname="src.pymortests.grid" file="src/pymortests/grid.py" line="159" name="test_superentities_entries_sorted[&lt;lambda&gt;37]" time="0.00044846534729003906"><skipped message="Suite splitting in effect" type="pytest.skip">src/pymortests/grid.py:159: &lt;py._xmlgen.raw object at 0x7f1dd4a90a58&gt;</skipped></testcase><testcase classname="src.pymortests.grid" file="src/pymortests/grid.py" line="159" name="test_superentities_entries_sorted[&lt;lambda&gt;38]" time="0.0012974739074707031"><skipped message="Suite splitting in effect" type="pytest.skip">src/pymortests/grid.py:159: &lt;py._xmlgen.raw object at 0x7f1dd4a90fd0&gt;</skipped></testcase><testcase classname="src.pymortests.grid" file="src/pymortests/grid.py" line="159" name="test_superentities_entries_sorted[&lt;lambda&gt;39]" time="0.0004467964172363281"><skipped message="Suite splitting in effect" type="pytest.skip">src/pymortests/grid.py:159: &lt;py._xmlgen.raw object at 0x7f1dd4a900f0&gt;</skipped></testcase><testcase classname="src.pymortests.grid" file="src/pymortests/grid.py" line="159" name="test_superentities_entries_sorted[&lt;lambda&gt;40]" time="0.0005221366882324219"><skipped message="Suite splitting in effect" type="pytest.skip">src/pymortests/grid.py:159: &lt;py._xmlgen.raw object at 0x7f1dd4af0c50&gt;</skipped></testcase><testcase classname="src.pymortests.grid" file="src/pymortests/grid.py" line="159" name="test_superentities_entries_sorted[&lt;lambda&gt;41]" time="0.0005159378051757812"><skipped message="Suite splitting in effect" type="pytest.skip">src/pymortests/grid.py:159: &lt;py._xmlgen.raw object at 0x7f1dd4a7a128&gt;</skipped></testcase><testcase classname="src.pymortests.grid" file="src/pymortests/grid.py" line="159" name="test_superentities_entries_sorted[&lt;lambda&gt;42]" time="0.0004875659942626953"><skipped message="Suite splitting in effect" type="pytest.skip">src/pymortests/grid.py:159: &lt;py._xmlgen.raw object at 0x7f1dd4a842e8&gt;</skipped></testcase><testcase classname="src.pymortests.grid" file="src/pymortests/grid.py" line="172" name="test_superentities_codim_d_codim_d[&lt;lambda&gt;0]" time="0.0005700588226318359"><skipped message="Suite splitting in effect" type="pytest.skip">src/pymortests/grid.py:172: &lt;py._xmlgen.raw object at 0x7f1dfe418f60&gt;</skipped></testcase><testcase classname="src.pymortests.grid" file="src/pymortests/grid.py" line="172" name="test_superentities_codim_d_codim_d[&lt;lambda&gt;1]" time="0.0004425048828125"><skipped message="Suite splitting in effect" type="pytest.skip">src/pymortests/grid.py:172: &lt;py._xmlgen.raw object at 0x7f1dfe406eb8&gt;</skipped></testcase><testcase classname="src.pymortests.grid" file="src/pymortests/grid.py" line="172" name="test_superentities_codim_d_codim_d[&lt;lambda&gt;2]" time="0.00045680999755859375"><skipped message="Suite splitting in effect" type="pytest.skip">src/pymortests/grid.py:172: &lt;py._xmlgen.raw object at 0x7f1dd4b11fd0&gt;</skipped></testcase><testcase classname="src.pymortests.grid" file="src/pymortests/grid.py" line="172" name="test_superentities_codim_d_codim_d[&lt;lambda&gt;3]" time="0.000881195068359375"><skipped message="Suite splitting in effect" type="pytest.skip">src/pymortests/grid.py:172: &lt;py._xmlgen.raw object at 0x7f1dd4a9c518&gt;</skipped></testcase><testcase classname="src.pymortests.grid" file="src/pymortests/grid.py" line="172" name="test_superentities_codim_d_codim_d[&lt;lambda&gt;4]" time="0.0004992485046386719"><skipped message="Suite splitting in effect" type="pytest.skip">src/pymortests/grid.py:172: &lt;py._xmlgen.raw object at 0x7f1dfe406b70&gt;</skipped></testcase><testcase classname="src.pymortests.grid" file="src/pymortests/grid.py" line="172" name="test_superentities_codim_d_codim_d[&lt;lambda&gt;5]" time="0.0005085468292236328"><skipped message="Suite splitting in effect" type="pytest.skip">src/pymortests/grid.py:172: &lt;py._xmlgen.raw object at 0x7f1dd4a84dd8&gt;</skipped></testcase><testcase classname="src.pymortests.grid" file="src/pymortests/grid.py" line="172" name="test_superentities_codim_d_codim_d[&lt;lambda&gt;6]" time="0.0004932880401611328"><skipped message="Suite splitting in effect" type="pytest.skip">src/pymortests/grid.py:172: &lt;py._xmlgen.raw object at 0x7f1dd4a84d68&gt;</skipped></testcase><testcase classname="src.pymortests.grid" file="src/pymortests/grid.py" line="172" name="test_superentities_codim_d_codim_d[&lt;lambda&gt;7]" time="0.0005002021789550781"><skipped message="Suite splitting in effect" type="pytest.skip">src/pymortests/grid.py:172: &lt;py._xmlgen.raw object at 0x7f1dd4af0e48&gt;</skipped></testcase><testcase classname="src.pymortests.grid" file="src/pymortests/grid.py" line="172" name="test_superentities_codim_d_codim_d[&lt;lambda&gt;8]" time="0.0004725456237792969"><skipped message="Suite splitting in effect" type="pytest.skip">src/pymortests/grid.py:172: &lt;py._xmlgen.raw object at 0x7f1dd4a904a8&gt;</skipped></testcase><testcase classname="src.pymortests.grid" file="src/pymortests/grid.py" line="172" name="test_superentities_codim_d_codim_d[&lt;lambda&gt;9]" time="0.0004711151123046875"><skipped message="Suite splitting in effect" type="pytest.skip">src/pymortests/grid.py:172: &lt;py._xmlgen.raw object at 0x7f1dd4a90eb8&gt;</skipped></testcase><testcase classname="src.pymortests.grid" file="src/pymortests/grid.py" line="172" name="test_superentities_codim_d_codim_d[&lt;lambda&gt;10]" time="0.00045609474182128906"><skipped message="Suite splitting in effect" type="pytest.skip">src/pymortests/grid.py:172: &lt;py._xmlgen.raw object at 0x7f1dd4a9c438&gt;</skipped></testcase><testcase classname="src.pymortests.grid" file="src/pymortests/grid.py" line="172" name="test_superentities_codim_d_codim_d[&lt;lambda&gt;11]" time="0.0007686614990234375"><skipped message="Suite splitting in effect" type="pytest.skip">src/pymortests/grid.py:172: &lt;py._xmlgen.raw object at 0x7f1dd4a9cb38&gt;</skipped></testcase><testcase classname="src.pymortests.grid" file="src/pymortests/grid.py" line="172" name="test_superentities_codim_d_codim_d[&lt;lambda&gt;12]" time="0.0004520416259765625"><skipped message="Suite splitting in effect" type="pytest.skip">src/pymortests/grid.py:172: &lt;py._xmlgen.raw object at 0x7f1dfe4b07f0&gt;</skipped></testcase><testcase classname="src.pymortests.grid" file="src/pymortests/grid.py" line="172" name="test_superentities_codim_d_codim_d[&lt;lambda&gt;13]" time="0.0004794597625732422"><skipped message="Suite splitting in effect" type="pytest.skip">src/pymortests/grid.py:172: &lt;py._xmlgen.raw object at 0x7f1dd4a7ab38&gt;</skipped></testcase><testcase classname="src.pymortests.grid" file="src/pymortests/grid.py" line="172" name="test_superentities_codim_d_codim_d[&lt;lambda&gt;14]" time="0.00043964385986328125"><skipped message="Suite splitting in effect" type="pytest.skip">src/pymortests/grid.py:172: &lt;py._xmlgen.raw object at 0x7f1dd4a84a20&gt;</skipped></testcase><testcase classname="src.pymortests.grid" file="src/pymortests/grid.py" line="172" name="test_superentities_codim_d_codim_d[&lt;lambda&gt;15]" time="0.00048279762268066406"><skipped message="Suite splitting in effect" type="pytest.skip">src/pymortests/grid.py:172: &lt;py._xmlgen.raw object at 0x7f1dfe418c18&gt;</skipped></testcase><testcase classname="src.pymortests.grid" file="src/pymortests/grid.py" line="172" name="test_superentities_codim_d_codim_d[&lt;lambda&gt;16]" time="0.0004456043243408203"><skipped message="Suite splitting in effect" type="pytest.skip">src/pymortests/grid.py:172: &lt;py._xmlgen.raw object at 0x7f1dfe42d358&gt;</skipped></testcase><testcase classname="src.pymortests.grid" file="src/pymortests/grid.py" line="172" name="test_superentities_codim_d_codim_d[&lt;lambda&gt;17]" time="0.0005052089691162109"><skipped message="Suite splitting in effect" type="pytest.skip">src/pymortests/grid.py:172: &lt;py._xmlgen.raw object at 0x7f1dd4a9c828&gt;</skipped></testcase><testcase classname="src.pymortests.grid" file="src/pymortests/grid.py" line="172" name="test_superentities_codim_d_codim_d[&lt;lambda&gt;18]" time="0.0004949569702148438"><skipped message="Suite splitting in effect" type="pytest.skip">src/pymortests/grid.py:172: &lt;py._xmlgen.raw object at 0x7f1dd4a9c2b0&gt;</skipped></testcase><testcase classname="src.pymortests.grid" file="src/pymortests/grid.py" line="172" name="test_superentities_codim_d_codim_d[&lt;lambda&gt;19]" time="0.0007562637329101562"><skipped message="Suite splitting in effect" type="pytest.skip">src/pymortests/grid.py:172: &lt;py._xmlgen.raw object at 0x7f1dd4aa8198&gt;</skipped></testcase><testcase classname="src.pymortests.grid" file="src/pymortests/grid.py" line="172" name="test_superentities_codim_d_codim_d[&lt;lambda&gt;20]" time="0.0005095005035400391"><skipped message="Suite splitting in effect" type="pytest.skip">src/pymortests/grid.py:172: &lt;py._xmlgen.raw object at 0x7f1dd4a9c320&gt;</skipped></testcase><testcase classname="src.pymortests.grid" file="src/pymortests/grid.py" line="172" name="test_superentities_codim_d_codim_d[&lt;lambda&gt;21]" time="0.0005004405975341797"><skipped message="Suite splitting in effect" type="pytest.skip">src/pymortests/grid.py:172: &lt;py._xmlgen.raw object at 0x7f1dd4a9cc88&gt;</skipped></testcase><testcase classname="src.pymortests.grid" file="src/pymortests/grid.py" line="172" name="test_superentities_codim_d_codim_d[&lt;lambda&gt;22]" time="0.00045990943908691406"><skipped message="Suite splitting in effect" type="pytest.skip">src/pymortests/grid.py:172: &lt;py._xmlgen.raw object at 0x7f1dfe406eb8&gt;</skipped></testcase><testcase classname="src.pymortests.grid" file="src/pymortests/grid.py" line="172" name="test_superentities_codim_d_codim_d[&lt;lambda&gt;23]" time="0.00044536590576171875"><skipped message="Suite splitting in effect" type="pytest.skip">src/pymortests/grid.py:172: &lt;py._xmlgen.raw object at 0x7f1dd4a84128&gt;</skipped></testcase><testcase classname="src.pymortests.grid" file="src/pymortests/grid.py" line="172" name="test_superentities_codim_d_codim_d[&lt;lambda&gt;24]" time="0.0004355907440185547"><skipped message="Suite splitting in effect" type="pytest.skip">src/pymortests/grid.py:172: &lt;py._xmlgen.raw object at 0x7f1dd4a7a278&gt;</skipped></testcase><testcase classname="src.pymortests.grid" file="src/pymortests/grid.py" line="172" name="test_superentities_codim_d_codim_d[&lt;lambda&gt;25]" time="0.0004963874816894531"><skipped message="Suite splitting in effect" type="pytest.skip">src/pymortests/grid.py:172: &lt;py._xmlgen.raw object at 0x7f1dd4a90860&gt;</skipped></testcase><testcase classname="src.pymortests.grid" file="src/pymortests/grid.py" line="172" name="test_superentities_codim_d_codim_d[&lt;lambda&gt;26]" time="0.0004951953887939453"><skipped message="Suite splitting in effect" type="pytest.skip">src/pymortests/grid.py:172: &lt;py._xmlgen.raw object at 0x7f1dd4aa8358&gt;</skipped></testcase><testcase classname="src.pymortests.grid" file="src/pymortests/grid.py" line="172" name="test_superentities_codim_d_codim_d[&lt;lambda&gt;27]" time="0.0007503032684326172"><skipped message="Suite splitting in effect" type="pytest.skip">src/pymortests/grid.py:172: &lt;py._xmlgen.raw object at 0x7f1dd4aa87b8&gt;</skipped></testcase><testcase classname="src.pymortests.grid" file="src/pymortests/grid.py" line="172" name="test_superentities_codim_d_codim_d[&lt;lambda&gt;28]" time="0.00048804283142089844"><skipped message="Suite splitting in effect" type="pytest.skip">src/pymortests/grid.py:172: &lt;py._xmlgen.raw object at 0x7f1dfe3ca160&gt;</skipped></testcase><testcase classname="src.pymortests.grid" file="src/pymortests/grid.py" line="172" name="test_superentities_codim_d_codim_d[&lt;lambda&gt;29]" time="0.00048351287841796875"><skipped message="Suite splitting in effect" type="pytest.skip">src/pymortests/grid.py:172: &lt;py._xmlgen.raw object at 0x7f1dd4a846d8&gt;</skipped></testcase><testcase classname="src.pymortests.grid" file="src/pymortests/grid.py" line="172" name="test_superentities_codim_d_codim_d[&lt;lambda&gt;30]" time="0.00046944618225097656"><skipped message="Suite splitting in effect" type="pytest.skip">src/pymortests/grid.py:172: &lt;py._xmlgen.raw object at 0x7f1dfe418630&gt;</skipped></testcase><testcase classname="src.pymortests.grid" file="src/pymortests/grid.py" line="172" name="test_superentities_codim_d_codim_d[&lt;lambda&gt;31]" time="0.0004923343658447266"><skipped message="Suite splitting in effect" type="pytest.skip">src/pymortests/grid.py:172: &lt;py._xmlgen.raw object at 0x7f1dfe42d7f0&gt;</skipped></testcase><testcase classname="src.pymortests.grid" file="src/pymortests/grid.py" line="172" name="test_superentities_codim_d_codim_d[&lt;lambda&gt;32]" time="0.00042748451232910156"><skipped message="Suite splitting in effect" type="pytest.skip">src/pymortests/grid.py:172: &lt;py._xmlgen.raw object at 0x7f1dd4a9c710&gt;</skipped></testcase><testcase classname="src.pymortests.grid" file="src/pymortests/grid.py" line="172" name="test_superentities_codim_d_codim_d[&lt;lambda&gt;33]" time="0.0004317760467529297"><skipped message="Suite splitting in effect" type="pytest.skip">src/pymortests/grid.py:172: &lt;py._xmlgen.raw object at 0x7f1dd4aa8400&gt;</skipped></testcase><testcase classname="src.pymortests.grid" file="src/pymortests/grid.py" line="172" name="test_superentities_codim_d_codim_d[&lt;lambda&gt;34]" time="0.00042629241943359375"><skipped message="Suite splitting in effect" type="pytest.skip">src/pymortests/grid.py:172: &lt;py._xmlgen.raw object at 0x7f1dd4aa8048&gt;</skipped></testcase><testcase classname="src.pymortests.grid" file="src/pymortests/grid.py" line="172" name="test_superentities_codim_d_codim_d[&lt;lambda&gt;35]" time="0.0007884502410888672"><skipped message="Suite splitting in effect" type="pytest.skip">src/pymortests/grid.py:172: &lt;py._xmlgen.raw object at 0x7f1dd4aa8dd8&gt;</skipped></testcase><testcase classname="src.pymortests.grid" file="src/pymortests/grid.py" line="172" name="test_superentities_codim_d_codim_d[&lt;lambda&gt;36]" time="0.000461578369140625"><skipped message="Suite splitting in effect" type="pytest.skip">src/pymortests/grid.py:172: &lt;py._xmlgen.raw object at 0x7f1dd4a9cda0&gt;</skipped></testcase><testcase classname="src.pymortests.grid" file="src/pymortests/grid.py" line="172" name="test_superentities_codim_d_codim_d[&lt;lambda&gt;37]" time="0.0005052089691162109"><skipped message="Suite splitting in effect" type="pytest.skip">src/pymortests/grid.py:172: &lt;py._xmlgen.raw object at 0x7f1dfe42dc88&gt;</skipped></testcase><testcase classname="src.pymortests.grid" file="src/pymortests/grid.py" line="172" name="test_superentities_codim_d_codim_d[&lt;lambda&gt;38]" time="0.0004482269287109375"><skipped message="Suite splitting in effect" type="pytest.skip">src/pymortests/grid.py:172: &lt;py._xmlgen.raw object at 0x7f1dd4a7aa90&gt;</skipped></testcase><testcase classname="src.pymortests.grid" file="src/pymortests/grid.py" line="172" name="test_superentities_codim_d_codim_d[&lt;lambda&gt;39]" time="0.0004761219024658203"><skipped message="Suite splitting in effect" type="pytest.skip">src/pymortests/grid.py:172: &lt;py._xmlgen.raw object at 0x7f1dfe89eeb8&gt;</skipped></testcase><testcase classname="src.pymortests.grid" file="src/pymortests/grid.py" line="172" name="test_superentities_codim_d_codim_d[&lt;lambda&gt;40]" time="0.00057220458984375"><skipped message="Suite splitting in effect" type="pytest.skip">src/pymortests/grid.py:172: &lt;py._xmlgen.raw object at 0x7f1dd4a90ba8&gt;</skipped></testcase><testcase classname="src.pymortests.grid" file="src/pymortests/grid.py" line="172" name="test_superentities_codim_d_codim_d[&lt;lambda&gt;41]" time="0.00044536590576171875"><skipped message="Suite splitting in effect" type="pytest.skip">src/pymortests/grid.py:172: &lt;py._xmlgen.raw object at 0x7f1dd4aa8a58&gt;</skipped></testcase><testcase classname="src.pymortests.grid" file="src/pymortests/grid.py" line="172" name="test_superentities_codim_d_codim_d[&lt;lambda&gt;42]" time="0.0004763603210449219"><skipped message="Suite splitting in effect" type="pytest.skip">src/pymortests/grid.py:172: &lt;py._xmlgen.raw object at 0x7f1dd4aa80f0&gt;</skipped></testcase><testcase classname="src.pymortests.grid" file="src/pymortests/grid.py" line="179" name="test_superentities_each_entry_superentity[&lt;lambda&gt;0]" time="0.00078582763671875"><skipped message="Suite splitting in effect" type="pytest.skip">src/pymortests/grid.py:179: &lt;py._xmlgen.raw object at 0x7f1dd4ab2438&gt;</skipped></testcase><testcase classname="src.pymortests.grid" file="src/pymortests/grid.py" line="179" name="test_superentities_each_entry_superentity[&lt;lambda&gt;1]" time="0.00048661231994628906"><skipped message="Suite splitting in effect" type="pytest.skip">src/pymortests/grid.py:179: &lt;py._xmlgen.raw object at 0x7f1dd4aa89e8&gt;</skipped></testcase><testcase classname="src.pymortests.grid" file="src/pymortests/grid.py" line="179" name="test_superentities_each_entry_superentity[&lt;lambda&gt;2]" time="0.00047779083251953125"><skipped message="Suite splitting in effect" type="pytest.skip">src/pymortests/grid.py:179: &lt;py._xmlgen.raw object at 0x7f1dfe3ca400&gt;</skipped></testcase><testcase classname="src.pymortests.grid" file="src/pymortests/grid.py" line="179" name="test_superentities_each_entry_superentity[&lt;lambda&gt;3]" time="0.0004696846008300781"><skipped message="Suite splitting in effect" type="pytest.skip">src/pymortests/grid.py:179: &lt;py._xmlgen.raw object at 0x7f1dd4af0d30&gt;</skipped></testcase><testcase classname="src.pymortests.grid" file="src/pymortests/grid.py" line="179" name="test_superentities_each_entry_superentity[&lt;lambda&gt;4]" time="0.00046563148498535156"><skipped message="Suite splitting in effect" type="pytest.skip">src/pymortests/grid.py:179: &lt;py._xmlgen.raw object at 0x7f1dfe418c18&gt;</skipped></testcase><testcase classname="src.pymortests.grid" file="src/pymortests/grid.py" line="179" name="test_superentities_each_entry_superentity[&lt;lambda&gt;5]" time="0.00043129920959472656"><skipped message="Suite splitting in effect" type="pytest.skip">src/pymortests/grid.py:179: &lt;py._xmlgen.raw object at 0x7f1dfe42d7f0&gt;</skipped></testcase><testcase classname="src.pymortests.grid" file="src/pymortests/grid.py" line="179" name="test_superentities_each_entry_superentity[&lt;lambda&gt;6]" time="0.0005061626434326172"><skipped message="Suite splitting in effect" type="pytest.skip">src/pymortests/grid.py:179: &lt;py._xmlgen.raw object at 0x7f1dd4a9cf60&gt;</skipped></testcase><testcase classname="src.pymortests.grid" file="src/pymortests/grid.py" line="179" name="test_superentities_each_entry_superentity[&lt;lambda&gt;7]" time="0.0004630088806152344"><skipped message="Suite splitting in effect" type="pytest.skip">src/pymortests/grid.py:179: &lt;py._xmlgen.raw object at 0x7f1dd4ab22b0&gt;</skipped></testcase><testcase classname="src.pymortests.grid" file="src/pymortests/grid.py" line="179" name="test_superentities_each_entry_superentity[&lt;lambda&gt;8]" time="0.0007603168487548828"><skipped message="Suite splitting in effect" type="pytest.skip">src/pymortests/grid.py:179: &lt;py._xmlgen.raw object at 0x7f1dd4ab2a58&gt;</skipped></testcase><testcase classname="src.pymortests.grid" file="src/pymortests/grid.py" line="179" name="test_superentities_each_entry_superentity[&lt;lambda&gt;9]" time="0.0004787445068359375"><skipped message="Suite splitting in effect" type="pytest.skip">src/pymortests/grid.py:179: &lt;py._xmlgen.raw object at 0x7f1dd4a7aa90&gt;</skipped></testcase><testcase classname="src.pymortests.grid" file="src/pymortests/grid.py" line="179" name="test_superentities_each_entry_superentity[&lt;lambda&gt;10]" time="0.00045228004455566406"><skipped message="Suite splitting in effect" type="pytest.skip">src/pymortests/grid.py:179: &lt;py._xmlgen.raw object at 0x7f1dfe418c18&gt;</skipped></testcase><testcase classname="src.pymortests.grid" file="src/pymortests/grid.py" line="179" name="test_superentities_each_entry_superentity[&lt;lambda&gt;11]" time="0.0004444122314453125"><skipped message="Suite splitting in effect" type="pytest.skip">src/pymortests/grid.py:179: &lt;py._xmlgen.raw object at 0x7f1dd4a90e10&gt;</skipped></testcase><testcase classname="src.pymortests.grid" file="src/pymortests/grid.py" line="179" name="test_superentities_each_entry_superentity[&lt;lambda&gt;12]" time="0.00048041343688964844"><skipped message="Suite splitting in effect" type="pytest.skip">src/pymortests/grid.py:179: &lt;py._xmlgen.raw object at 0x7f1dfe3dbf98&gt;</skipped></testcase><testcase classname="src.pymortests.grid" file="src/pymortests/grid.py" line="179" name="test_superentities_each_entry_superentity[&lt;lambda&gt;13]" time="0.00042819976806640625"><skipped message="Suite splitting in effect" type="pytest.skip">src/pymortests/grid.py:179: &lt;py._xmlgen.raw object at 0x7f1dd4aa8a20&gt;</skipped></testcase><testcase classname="src.pymortests.grid" file="src/pymortests/grid.py" line="179" name="test_superentities_each_entry_superentity[&lt;lambda&gt;14]" time="0.00044465065002441406"><skipped message="Suite splitting in effect" type="pytest.skip">src/pymortests/grid.py:179: &lt;py._xmlgen.raw object at 0x7f1dd4ab2b00&gt;</skipped></testcase><testcase classname="src.pymortests.grid" file="src/pymortests/grid.py" line="179" name="test_superentities_each_entry_superentity[&lt;lambda&gt;15]" time="0.0004899501800537109"><skipped message="Suite splitting in effect" type="pytest.skip">src/pymortests/grid.py:179: &lt;py._xmlgen.raw object at 0x7f1dd4ab25f8&gt;</skipped></testcase><testcase classname="src.pymortests.grid" file="src/pymortests/grid.py" line="179" name="test_superentities_each_entry_superentity[&lt;lambda&gt;16]" time="0.0007774829864501953"><skipped message="Suite splitting in effect" type="pytest.skip">src/pymortests/grid.py:179: &lt;py._xmlgen.raw object at 0x7f1dd4a3c0b8&gt;</skipped></testcase><testcase classname="src.pymortests.grid" file="src/pymortests/grid.py" line="179" name="test_superentities_each_entry_superentity[&lt;lambda&gt;17]" time="0.0004305839538574219"><skipped message="Suite splitting in effect" type="pytest.skip">src/pymortests/grid.py:179: &lt;py._xmlgen.raw object at 0x7f1dd4ab28d0&gt;</skipped></testcase><testcase classname="src.pymortests.grid" file="src/pymortests/grid.py" line="179" name="test_superentities_each_entry_superentity[&lt;lambda&gt;18]" time="0.0004603862762451172"><skipped message="Suite splitting in effect" type="pytest.skip">src/pymortests/grid.py:179: &lt;py._xmlgen.raw object at 0x7f1dd4aa8390&gt;</skipped></testcase><testcase classname="src.pymortests.grid" file="src/pymortests/grid.py" line="179" name="test_superentities_each_entry_superentity[&lt;lambda&gt;19]" time="0.0004291534423828125"><skipped message="Suite splitting in effect" type="pytest.skip">src/pymortests/grid.py:179: &lt;py._xmlgen.raw object at 0x7f1dd4aa8cc0&gt;</skipped></testcase><testcase classname="src.pymortests.grid" file="src/pymortests/grid.py" line="179" name="test_superentities_each_entry_superentity[&lt;lambda&gt;20]" time="0.000446319580078125"><skipped message="Suite splitting in effect" type="pytest.skip">src/pymortests/grid.py:179: &lt;py._xmlgen.raw object at 0x7f1dfe3cabe0&gt;</skipped></testcase><testcase classname="src.pymortests.grid" file="src/pymortests/grid.py" line="179" name="test_superentities_each_entry_superentity[&lt;lambda&gt;21]" time="0.00044989585876464844"><skipped message="Suite splitting in effect" type="pytest.skip">src/pymortests/grid.py:179: &lt;py._xmlgen.raw object at 0x7f1dd4a84dd8&gt;</skipped></testcase><testcase classname="src.pymortests.grid" file="src/pymortests/grid.py" line="179" name="test_superentities_each_entry_superentity[&lt;lambda&gt;22]" time="0.000476837158203125"><skipped message="Suite splitting in effect" type="pytest.skip">src/pymortests/grid.py:179: &lt;py._xmlgen.raw object at 0x7f1dd4a7afd0&gt;</skipped></testcase><testcase classname="src.pymortests.grid" file="src/pymortests/grid.py" line="179" name="test_superentities_each_entry_superentity[&lt;lambda&gt;23]" time="0.00048804283142089844"><skipped message="Suite splitting in effect" type="pytest.skip">src/pymortests/grid.py:179: &lt;py._xmlgen.raw object at 0x7f1dd4a3c1d0&gt;</skipped></testcase><testcase classname="src.pymortests.grid" file="src/pymortests/grid.py" line="179" name="test_superentities_each_entry_superentity[&lt;lambda&gt;24]" time="0.0010123252868652344"><skipped message="Suite splitting in effect" type="pytest.skip">src/pymortests/grid.py:179: &lt;py._xmlgen.raw object at 0x7f1dd4a3c6d8&gt;</skipped></testcase><testcase classname="src.pymortests.grid" file="src/pymortests/grid.py" line="179" name="test_superentities_each_entry_superentity[&lt;lambda&gt;25]" time="0.00048065185546875"><skipped message="Suite splitting in effect" type="pytest.skip">src/pymortests/grid.py:179: &lt;py._xmlgen.raw object at 0x7f1dd4a84320&gt;</skipped></testcase><testcase classname="src.pymortests.grid" file="src/pymortests/grid.py" line="179" name="test_superentities_each_entry_superentity[&lt;lambda&gt;26]" time="0.0004773139953613281"><skipped message="Suite splitting in effect" type="pytest.skip">src/pymortests/grid.py:179: &lt;py._xmlgen.raw object at 0x7f1dfe3f17b8&gt;</skipped></testcase><testcase classname="src.pymortests.grid" file="src/pymortests/grid.py" line="179" name="test_superentities_each_entry_superentity[&lt;lambda&gt;27]" time="0.0004820823669433594"><skipped message="Suite splitting in effect" type="pytest.skip">src/pymortests/grid.py:179: &lt;py._xmlgen.raw object at 0x7f1dd4ab2c18&gt;</skipped></testcase><testcase classname="src.pymortests.grid" file="src/pymortests/grid.py" line="179" name="test_superentities_each_entry_superentity[&lt;lambda&gt;28]" time="0.0004911422729492188"><skipped message="Suite splitting in effect" type="pytest.skip">src/pymortests/grid.py:179: &lt;py._xmlgen.raw object at 0x7f1dd4ab21d0&gt;</skipped></testcase><testcase classname="src.pymortests.grid" file="src/pymortests/grid.py" line="179" name="test_superentities_each_entry_superentity[&lt;lambda&gt;29]" time="0.0005180835723876953"><skipped message="Suite splitting in effect" type="pytest.skip">src/pymortests/grid.py:179: &lt;py._xmlgen.raw object at 0x7f1dd4aa8550&gt;</skipped></testcase><testcase classname="src.pymortests.grid" file="src/pymortests/grid.py" line="179" name="test_superentities_each_entry_superentity[&lt;lambda&gt;30]" time="0.0004813671112060547"><skipped message="Suite splitting in effect" type="pytest.skip">src/pymortests/grid.py:179: &lt;py._xmlgen.raw object at 0x7f1dd4a9c2b0&gt;</skipped></testcase><testcase classname="src.pymortests.grid" file="src/pymortests/grid.py" line="179" name="test_superentities_each_entry_superentity[&lt;lambda&gt;31]" time="0.0004284381866455078"><skipped message="Suite splitting in effect" type="pytest.skip">src/pymortests/grid.py:179: &lt;py._xmlgen.raw object at 0x7f1dfe4188d0&gt;</skipped></testcase><testcase classname="src.pymortests.grid" file="src/pymortests/grid.py" line="179" name="test_superentities_each_entry_superentity[&lt;lambda&gt;32]" time="0.00044989585876464844"><skipped message="Suite splitting in effect" type="pytest.skip">src/pymortests/grid.py:179: &lt;py._xmlgen.raw object at 0x7f1dd4a903c8&gt;</skipped></testcase><testcase classname="src.pymortests.grid" file="src/pymortests/grid.py" line="179" name="test_superentities_each_entry_superentity[&lt;lambda&gt;33]" time="0.0007467269897460938"><skipped message="Suite splitting in effect" type="pytest.skip">src/pymortests/grid.py:179: &lt;py._xmlgen.raw object at 0x7f1dfe4180f0&gt;</skipped></testcase><testcase classname="src.pymortests.grid" file="src/pymortests/grid.py" line="179" name="test_superentities_each_entry_superentity[&lt;lambda&gt;34]" time="0.00049591064453125"><skipped message="Suite splitting in effect" type="pytest.skip">src/pymortests/grid.py:179: &lt;py._xmlgen.raw object at 0x7f1dd4a9c2b0&gt;</skipped></testcase><testcase classname="src.pymortests.grid" file="src/pymortests/grid.py" line="179" name="test_superentities_each_entry_superentity[&lt;lambda&gt;35]" time="0.0004482269287109375"><skipped message="Suite splitting in effect" type="pytest.skip">src/pymortests/grid.py:179: &lt;py._xmlgen.raw object at 0x7f1dd4aa8d30&gt;</skipped></testcase><testcase classname="src.pymortests.grid" file="src/pymortests/grid.py" line="179" name="test_superentities_each_entry_superentity[&lt;lambda&gt;36]" time="0.0005540847778320312"><skipped message="Suite splitting in effect" type="pytest.skip">src/pymortests/grid.py:179: &lt;py._xmlgen.raw object at 0x7f1dd4ab2cf8&gt;</skipped></testcase><testcase classname="src.pymortests.grid" file="src/pymortests/grid.py" line="179" name="test_superentities_each_entry_superentity[&lt;lambda&gt;37]" time="0.000431060791015625"><skipped message="Suite splitting in effect" type="pytest.skip">src/pymortests/grid.py:179: &lt;py._xmlgen.raw object at 0x7f1dfe3f1cf8&gt;</skipped></testcase><testcase classname="src.pymortests.grid" file="src/pymortests/grid.py" line="179" name="test_superentities_each_entry_superentity[&lt;lambda&gt;38]" time="0.0004513263702392578"><skipped message="Suite splitting in effect" type="pytest.skip">src/pymortests/grid.py:179: &lt;py._xmlgen.raw object at 0x7f1dfe3ca940&gt;</skipped></testcase><testcase classname="src.pymortests.grid" file="src/pymortests/grid.py" line="179" name="test_superentities_each_entry_superentity[&lt;lambda&gt;39]" time="0.0005171298980712891"><skipped message="Suite splitting in effect" type="pytest.skip">src/pymortests/grid.py:179: &lt;py._xmlgen.raw object at 0x7f1dd4a84ef0&gt;</skipped></testcase><testcase classname="src.pymortests.grid" file="src/pymortests/grid.py" line="179" name="test_superentities_each_entry_superentity[&lt;lambda&gt;40]" time="0.0004410743713378906"><skipped message="Suite splitting in effect" type="pytest.skip">src/pymortests/grid.py:179: &lt;py._xmlgen.raw object at 0x7f1dd4a3c7b8&gt;</skipped></testcase><testcase classname="src.pymortests.grid" file="src/pymortests/grid.py" line="179" name="test_superentities_each_entry_superentity[&lt;lambda&gt;41]" time="0.0007145404815673828"><skipped message="Suite splitting in effect" type="pytest.skip">src/pymortests/grid.py:179: &lt;py._xmlgen.raw object at 0x7f1dd4ae2668&gt;</skipped></testcase><testcase classname="src.pymortests.grid" file="src/pymortests/grid.py" line="179" name="test_superentities_each_entry_superentity[&lt;lambda&gt;42]" time="0.00043773651123046875"><skipped message="Suite splitting in effect" type="pytest.skip">src/pymortests/grid.py:179: &lt;py._xmlgen.raw object at 0x7f1dfe3ca940&gt;</skipped></testcase><testcase classname="src.pymortests.grid" file="src/pymortests/grid.py" line="191" name="test_superentities_each_superentity_has_entry[&lt;lambda&gt;0]" time="0.00044035911560058594"><skipped message="Suite splitting in effect" type="pytest.skip">src/pymortests/grid.py:191: &lt;py._xmlgen.raw object at 0x7f1dfe3f1b00&gt;</skipped></testcase><testcase classname="src.pymortests.grid" file="src/pymortests/grid.py" line="191" name="test_superentities_each_superentity_has_entry[&lt;lambda&gt;1]" time="0.0004749298095703125"><skipped message="Suite splitting in effect" type="pytest.skip">src/pymortests/grid.py:191: &lt;py._xmlgen.raw object at 0x7f1dd4ab22e8&gt;</skipped></testcase><testcase classname="src.pymortests.grid" file="src/pymortests/grid.py" line="191" name="test_superentities_each_superentity_has_entry[&lt;lambda&gt;2]" time="0.00047898292541503906"><skipped message="Suite splitting in effect" type="pytest.skip">src/pymortests/grid.py:191: &lt;py._xmlgen.raw object at 0x7f1dd4aa88d0&gt;</skipped></testcase><testcase classname="src.pymortests.grid" file="src/pymortests/grid.py" line="191" name="test_superentities_each_superentity_has_entry[&lt;lambda&gt;3]" time="0.0004565715789794922"><skipped message="Suite splitting in effect" type="pytest.skip">src/pymortests/grid.py:191: &lt;py._xmlgen.raw object at 0x7f1dd4a9c2b0&gt;</skipped></testcase><testcase classname="src.pymortests.grid" file="src/pymortests/grid.py" line="191" name="test_superentities_each_superentity_has_entry[&lt;lambda&gt;4]" time="0.00046324729919433594"><skipped message="Suite splitting in effect" type="pytest.skip">src/pymortests/grid.py:191: &lt;py._xmlgen.raw object at 0x7f1dd4a3c358&gt;</skipped></testcase><testcase classname="src.pymortests.grid" file="src/pymortests/grid.py" line="191" name="test_superentities_each_superentity_has_entry[&lt;lambda&gt;5]" time="0.0004303455352783203"><skipped message="Suite splitting in effect" type="pytest.skip">src/pymortests/grid.py:191: &lt;py._xmlgen.raw object at 0x7f1dd4a3cbe0&gt;</skipped></testcase><testcase classname="src.pymortests.grid" file="src/pymortests/grid.py" line="191" name="test_superentities_each_superentity_has_entry[&lt;lambda&gt;6]" time="0.0008983612060546875"><skipped message="Suite splitting in effect" type="pytest.skip">src/pymortests/grid.py:191: &lt;py._xmlgen.raw object at 0x7f1dd4a4a160&gt;</skipped></testcase><testcase classname="src.pymortests.grid" file="src/pymortests/grid.py" line="191" name="test_superentities_each_superentity_has_entry[&lt;lambda&gt;7]" time="0.0004706382751464844"><skipped message="Suite splitting in effect" type="pytest.skip">src/pymortests/grid.py:191: &lt;py._xmlgen.raw object at 0x7f1dd4a3cc18&gt;</skipped></testcase><testcase classname="src.pymortests.grid" file="src/pymortests/grid.py" line="191" name="test_superentities_each_superentity_has_entry[&lt;lambda&gt;8]" time="0.0004932880401611328"><skipped message="Suite splitting in effect" type="pytest.skip">src/pymortests/grid.py:191: &lt;py._xmlgen.raw object at 0x7f1dd4a9ce48&gt;</skipped></testcase><testcase classname="src.pymortests.grid" file="src/pymortests/grid.py" line="191" name="test_superentities_each_superentity_has_entry[&lt;lambda&gt;9]" time="0.0004627704620361328"><skipped message="Suite splitting in effect" type="pytest.skip">src/pymortests/grid.py:191: &lt;py._xmlgen.raw object at 0x7f1dd4aa8e48&gt;</skipped></testcase><testcase classname="src.pymortests.grid" file="src/pymortests/grid.py" line="191" name="test_superentities_each_superentity_has_entry[&lt;lambda&gt;10]" time="0.0004601478576660156"><skipped message="Suite splitting in effect" type="pytest.skip">src/pymortests/grid.py:191: &lt;py._xmlgen.raw object at 0x7f1dd4ab22b0&gt;</skipped></testcase><testcase classname="src.pymortests.grid" file="src/pymortests/grid.py" line="191" name="test_superentities_each_superentity_has_entry[&lt;lambda&gt;11]" time="0.0005402565002441406"><skipped message="Suite splitting in effect" type="pytest.skip">src/pymortests/grid.py:191: &lt;py._xmlgen.raw object at 0x7f1dfe3fe278&gt;</skipped></testcase><testcase classname="src.pymortests.grid" file="src/pymortests/grid.py" line="191" name="test_superentities_each_superentity_has_entry[&lt;lambda&gt;12]" time="0.0004611015319824219"><skipped message="Suite splitting in effect" type="pytest.skip">src/pymortests/grid.py:191: &lt;py._xmlgen.raw object at 0x7f1dd4b11fd0&gt;</skipped></testcase><testcase classname="src.pymortests.grid" file="src/pymortests/grid.py" line="191" name="test_superentities_each_superentity_has_entry[&lt;lambda&gt;13]" time="0.00047969818115234375"><skipped message="Suite splitting in effect" type="pytest.skip">src/pymortests/grid.py:191: &lt;py._xmlgen.raw object at 0x7f1dd4a4a048&gt;</skipped></testcase><testcase classname="src.pymortests.grid" file="src/pymortests/grid.py" line="191" name="test_superentities_each_superentity_has_entry[&lt;lambda&gt;14]" time="0.0008573532104492188"><skipped message="Suite splitting in effect" type="pytest.skip">src/pymortests/grid.py:191: &lt;py._xmlgen.raw object at 0x7f1dd4a4a6a0&gt;</skipped></testcase><testcase classname="src.pymortests.grid" file="src/pymortests/grid.py" line="191" name="test_superentities_each_superentity_has_entry[&lt;lambda&gt;15]" time="0.0004379749298095703"><skipped message="Suite splitting in effect" type="pytest.skip">src/pymortests/grid.py:191: &lt;py._xmlgen.raw object at 0x7f1dfe3ca5f8&gt;</skipped></testcase><testcase classname="src.pymortests.grid" file="src/pymortests/grid.py" line="191" name="test_superentities_each_superentity_has_entry[&lt;lambda&gt;16]" time="0.0005156993865966797"><skipped message="Suite splitting in effect" type="pytest.skip">src/pymortests/grid.py:191: &lt;py._xmlgen.raw object at 0x7f1dd4ab29b0&gt;</skipped></testcase><testcase classname="src.pymortests.grid" file="src/pymortests/grid.py" line="191" name="test_superentities_each_superentity_has_entry[&lt;lambda&gt;17]" time="0.0005156993865966797"><skipped message="Suite splitting in effect" type="pytest.skip">src/pymortests/grid.py:191: &lt;py._xmlgen.raw object at 0x7f1dfe393828&gt;</skipped></testcase><testcase classname="src.pymortests.grid" file="src/pymortests/grid.py" line="191" name="test_superentities_each_superentity_has_entry[&lt;lambda&gt;18]" time="0.0004799365997314453"><skipped message="Suite splitting in effect" type="pytest.skip">src/pymortests/grid.py:191: &lt;py._xmlgen.raw object at 0x7f1dd4aa8390&gt;</skipped></testcase><testcase classname="src.pymortests.grid" file="src/pymortests/grid.py" line="191" name="test_superentities_each_superentity_has_entry[&lt;lambda&gt;19]" time="0.0004892349243164062"><skipped message="Suite splitting in effect" type="pytest.skip">src/pymortests/grid.py:191: &lt;py._xmlgen.raw object at 0x7f1dd4a3c7f0&gt;</skipped></testcase><testcase classname="src.pymortests.grid" file="src/pymortests/grid.py" line="191" name="test_superentities_each_superentity_has_entry[&lt;lambda&gt;20]" time="0.00043892860412597656"><skipped message="Suite splitting in effect" type="pytest.skip">src/pymortests/grid.py:191: &lt;py._xmlgen.raw object at 0x7f1dfe418a20&gt;</skipped></testcase><testcase classname="src.pymortests.grid" file="src/pymortests/grid.py" line="191" name="test_superentities_each_superentity_has_entry[&lt;lambda&gt;21]" time="0.0004737377166748047"><skipped message="Suite splitting in effect" type="pytest.skip">src/pymortests/grid.py:191: &lt;py._xmlgen.raw object at 0x7f1dd4a4a358&gt;</skipped></testcase><testcase classname="src.pymortests.grid" file="src/pymortests/grid.py" line="191" name="test_superentities_each_superentity_has_entry[&lt;lambda&gt;22]" time="0.0007586479187011719"><skipped message="Suite splitting in effect" type="pytest.skip">src/pymortests/grid.py:191: &lt;py._xmlgen.raw object at 0x7f1dd4a4acc0&gt;</skipped></testcase><testcase classname="src.pymortests.grid" file="src/pymortests/grid.py" line="191" name="test_superentities_each_superentity_has_entry[&lt;lambda&gt;23]" time="0.00047278404235839844"><skipped message="Suite splitting in effect" type="pytest.skip">src/pymortests/grid.py:191: &lt;py._xmlgen.raw object at 0x7f1dd4a3cd68&gt;</skipped></testcase><testcase classname="src.pymortests.grid" file="src/pymortests/grid.py" line="191" name="test_superentities_each_superentity_has_entry[&lt;lambda&gt;24]" time="0.0004954338073730469"><skipped message="Suite splitting in effect" type="pytest.skip">src/pymortests/grid.py:191: &lt;py._xmlgen.raw object at 0x7f1dd4aa8048&gt;</skipped></testcase><testcase classname="src.pymortests.grid" file="src/pymortests/grid.py" line="191" name="test_superentities_each_superentity_has_entry[&lt;lambda&gt;25]" time="0.0004525184631347656"><skipped message="Suite splitting in effect" type="pytest.skip">src/pymortests/grid.py:191: &lt;py._xmlgen.raw object at 0x7f1dd4af0390&gt;</skipped></testcase><testcase classname="src.pymortests.grid" file="src/pymortests/grid.py" line="191" name="test_superentities_each_superentity_has_entry[&lt;lambda&gt;26]" time="0.0004763603210449219"><skipped message="Suite splitting in effect" type="pytest.skip">src/pymortests/grid.py:191: &lt;py._xmlgen.raw object at 0x7f1dd4ab2b00&gt;</skipped></testcase><testcase classname="src.pymortests.grid" file="src/pymortests/grid.py" line="191" name="test_superentities_each_superentity_has_entry[&lt;lambda&gt;27]" time="0.0004596710205078125"><skipped message="Suite splitting in effect" type="pytest.skip">src/pymortests/grid.py:191: &lt;py._xmlgen.raw object at 0x7f1dd4a84cf8&gt;</skipped></testcase><testcase classname="src.pymortests.grid" file="src/pymortests/grid.py" line="191" name="test_superentities_each_superentity_has_entry[&lt;lambda&gt;28]" time="0.00043082237243652344"><skipped message="Suite splitting in effect" type="pytest.skip">src/pymortests/grid.py:191: &lt;py._xmlgen.raw object at 0x7f1dd4a4a390&gt;</skipped></testcase><testcase classname="src.pymortests.grid" file="src/pymortests/grid.py" line="191" name="test_superentities_each_superentity_has_entry[&lt;lambda&gt;29]" time="0.0004980564117431641"><skipped message="Suite splitting in effect" type="pytest.skip">src/pymortests/grid.py:191: &lt;py._xmlgen.raw object at 0x7f1dd4a4a588&gt;</skipped></testcase><testcase classname="src.pymortests.grid" file="src/pymortests/grid.py" line="191" name="test_superentities_each_superentity_has_entry[&lt;lambda&gt;30]" time="0.0008165836334228516"><skipped message="Suite splitting in effect" type="pytest.skip">src/pymortests/grid.py:191: &lt;py._xmlgen.raw object at 0x7f1dd4a58320&gt;</skipped></testcase><testcase classname="src.pymortests.grid" file="src/pymortests/grid.py" line="191" name="test_superentities_each_superentity_has_entry[&lt;lambda&gt;31]" time="0.0005402565002441406"><skipped message="Suite splitting in effect" type="pytest.skip">src/pymortests/grid.py:191: &lt;py._xmlgen.raw object at 0x7f1dd4a4a2b0&gt;</skipped></testcase><testcase classname="src.pymortests.grid" file="src/pymortests/grid.py" line="191" name="test_superentities_each_superentity_has_entry[&lt;lambda&gt;32]" time="0.00048160552978515625"><skipped message="Suite splitting in effect" type="pytest.skip">src/pymortests/grid.py:191: &lt;py._xmlgen.raw object at 0x7f1dfe3f1278&gt;</skipped></testcase><testcase classname="src.pymortests.grid" file="src/pymortests/grid.py" line="191" name="test_superentities_each_superentity_has_entry[&lt;lambda&gt;33]" time="0.00044465065002441406"><skipped message="Suite splitting in effect" type="pytest.skip">src/pymortests/grid.py:191: &lt;py._xmlgen.raw object at 0x7f1dd4ab2b38&gt;</skipped></testcase><testcase classname="src.pymortests.grid" file="src/pymortests/grid.py" line="191" name="test_superentities_each_superentity_has_entry[&lt;lambda&gt;34]" time="0.0005252361297607422"><skipped message="Suite splitting in effect" type="pytest.skip">src/pymortests/grid.py:191: &lt;py._xmlgen.raw object at 0x7f1dfe393cc0&gt;</skipped></testcase><testcase classname="src.pymortests.grid" file="src/pymortests/grid.py" line="191" name="test_superentities_each_superentity_has_entry[&lt;lambda&gt;35]" time="0.000492095947265625"><skipped message="Suite splitting in effect" type="pytest.skip">src/pymortests/grid.py:191: &lt;py._xmlgen.raw object at 0x7f1dfe3a3780&gt;</skipped></testcase><testcase classname="src.pymortests.grid" file="src/pymortests/grid.py" line="191" name="test_superentities_each_superentity_has_entry[&lt;lambda&gt;36]" time="0.0005156993865966797"><skipped message="Suite splitting in effect" type="pytest.skip">src/pymortests/grid.py:191: &lt;py._xmlgen.raw object at 0x7f1dd4a3cda0&gt;</skipped></testcase><testcase classname="src.pymortests.grid" file="src/pymortests/grid.py" line="191" name="test_superentities_each_superentity_has_entry[&lt;lambda&gt;37]" time="0.0005092620849609375"><skipped message="Suite splitting in effect" type="pytest.skip">src/pymortests/grid.py:191: &lt;py._xmlgen.raw object at 0x7f1dd4a58198&gt;</skipped></testcase><testcase classname="src.pymortests.grid" file="src/pymortests/grid.py" line="191" name="test_superentities_each_superentity_has_entry[&lt;lambda&gt;38]" time="0.0008296966552734375"><skipped message="Suite splitting in effect" type="pytest.skip">src/pymortests/grid.py:191: &lt;py._xmlgen.raw object at 0x7f1dd4a58940&gt;</skipped></testcase><testcase classname="src.pymortests.grid" file="src/pymortests/grid.py" line="191" name="test_superentities_each_superentity_has_entry[&lt;lambda&gt;39]" time="0.000469207763671875"><skipped message="Suite splitting in effect" type="pytest.skip">src/pymortests/grid.py:191: &lt;py._xmlgen.raw object at 0x7f1dfe3a3390&gt;</skipped></testcase><testcase classname="src.pymortests.grid" file="src/pymortests/grid.py" line="191" name="test_superentities_each_superentity_has_entry[&lt;lambda&gt;40]" time="0.0004973411560058594"><skipped message="Suite splitting in effect" type="pytest.skip">src/pymortests/grid.py:191: &lt;py._xmlgen.raw object at 0x7f1dd4af0390&gt;</skipped></testcase><testcase classname="src.pymortests.grid" file="src/pymortests/grid.py" line="191" name="test_superentities_each_superentity_has_entry[&lt;lambda&gt;41]" time="0.0005273818969726562"><skipped message="Suite splitting in effect" type="pytest.skip">src/pymortests/grid.py:191: &lt;py._xmlgen.raw object at 0x7f1dd4a84cf8&gt;</skipped></testcase><testcase classname="src.pymortests.grid" file="src/pymortests/grid.py" line="191" name="test_superentities_each_superentity_has_entry[&lt;lambda&gt;42]" time="0.000469207763671875"><skipped message="Suite splitting in effect" type="pytest.skip">src/pymortests/grid.py:191: &lt;py._xmlgen.raw object at 0x7f1dfe3ca5f8&gt;</skipped></testcase><testcase classname="src.pymortests.grid" file="src/pymortests/grid.py" line="203" name="test_superentity_indices_wrong_arguments[&lt;lambda&gt;0]" time="0.0004477500915527344"><skipped message="Suite splitting in effect" type="pytest.skip">src/pymortests/grid.py:203: &lt;py._xmlgen.raw object at 0x7f1dd4a4ab00&gt;</skipped></testcase><testcase classname="src.pymortests.grid" file="src/pymortests/grid.py" line="203" name="test_superentity_indices_wrong_arguments[&lt;lambda&gt;1]" time="0.0004405975341796875"><skipped message="Suite splitting in effect" type="pytest.skip">src/pymortests/grid.py:203: &lt;py._xmlgen.raw object at 0x7f1dd4a58a90&gt;</skipped></testcase><testcase classname="src.pymortests.grid" file="src/pymortests/grid.py" line="203" name="test_superentity_indices_wrong_arguments[&lt;lambda&gt;2]" time="0.0004851818084716797"><skipped message="Suite splitting in effect" type="pytest.skip">src/pymortests/grid.py:203: &lt;py._xmlgen.raw object at 0x7f1dd4a583c8&gt;</skipped></testcase><testcase classname="src.pymortests.grid" file="src/pymortests/grid.py" line="203" name="test_superentity_indices_wrong_arguments[&lt;lambda&gt;3]" time="0.0007910728454589844"><skipped message="Suite splitting in effect" type="pytest.skip">src/pymortests/grid.py:203: &lt;py._xmlgen.raw object at 0x7f1dd4a58f60&gt;</skipped></testcase><testcase classname="src.pymortests.grid" file="src/pymortests/grid.py" line="203" name="test_superentity_indices_wrong_arguments[&lt;lambda&gt;4]" time="0.0004317760467529297"><skipped message="Suite splitting in effect" type="pytest.skip">src/pymortests/grid.py:203: &lt;py._xmlgen.raw object at 0x7f1dd4a580b8&gt;</skipped></testcase><testcase classname="src.pymortests.grid" file="src/pymortests/grid.py" line="203" name="test_superentity_indices_wrong_arguments[&lt;lambda&gt;5]" time="0.0005009174346923828"><skipped message="Suite splitting in effect" type="pytest.skip">src/pymortests/grid.py:203: &lt;py._xmlgen.raw object at 0x7f1dd4a4a080&gt;</skipped></testcase><testcase classname="src.pymortests.grid" file="src/pymortests/grid.py" line="203" name="test_superentity_indices_wrong_arguments[&lt;lambda&gt;6]" time="0.0005259513854980469"><skipped message="Suite splitting in effect" type="pytest.skip">src/pymortests/grid.py:203: &lt;py._xmlgen.raw object at 0x7f1dd4a4add8&gt;</skipped></testcase><testcase classname="src.pymortests.grid" file="src/pymortests/grid.py" line="203" name="test_superentity_indices_wrong_arguments[&lt;lambda&gt;7]" time="0.0005197525024414062"><skipped message="Suite splitting in effect" type="pytest.skip">src/pymortests/grid.py:203: &lt;py._xmlgen.raw object at 0x7f1dd4ab2f60&gt;</skipped></testcase><testcase classname="src.pymortests.grid" file="src/pymortests/grid.py" line="203" name="test_superentity_indices_wrong_arguments[&lt;lambda&gt;8]" time="0.0005054473876953125"><skipped message="Suite splitting in effect" type="pytest.skip">src/pymortests/grid.py:203: &lt;py._xmlgen.raw object at 0x7f1dd4af0390&gt;</skipped></testcase><testcase classname="src.pymortests.grid" file="src/pymortests/grid.py" line="203" name="test_superentity_indices_wrong_arguments[&lt;lambda&gt;9]" time="0.00045800209045410156"><skipped message="Suite splitting in effect" type="pytest.skip">src/pymortests/grid.py:203: &lt;py._xmlgen.raw object at 0x7f1dfe3a30f0&gt;</skipped></testcase><testcase classname="src.pymortests.grid" file="src/pymortests/grid.py" line="203" name="test_superentity_indices_wrong_arguments[&lt;lambda&gt;10]" time="0.0004961490631103516"><skipped message="Suite splitting in effect" type="pytest.skip">src/pymortests/grid.py:203: &lt;py._xmlgen.raw object at 0x7f1dd4a62080&gt;</skipped></testcase><testcase classname="src.pymortests.grid" file="src/pymortests/grid.py" line="203" name="test_superentity_indices_wrong_arguments[&lt;lambda&gt;11]" time="0.0009393692016601562"><skipped message="Suite splitting in effect" type="pytest.skip">src/pymortests/grid.py:203: &lt;py._xmlgen.raw object at 0x7f1dd4a625c0&gt;</skipped></testcase><testcase classname="src.pymortests.grid" file="src/pymortests/grid.py" line="203" name="test_superentity_indices_wrong_arguments[&lt;lambda&gt;12]" time="0.0005090236663818359"><skipped message="Suite splitting in effect" type="pytest.skip">src/pymortests/grid.py:203: &lt;py._xmlgen.raw object at 0x7f1dfe3a3f98&gt;</skipped></testcase><testcase classname="src.pymortests.grid" file="src/pymortests/grid.py" line="203" name="test_superentity_indices_wrong_arguments[&lt;lambda&gt;13]" time="0.0004475116729736328"><skipped message="Suite splitting in effect" type="pytest.skip">src/pymortests/grid.py:203: &lt;py._xmlgen.raw object at 0x7f1dfe393a20&gt;</skipped></testcase><testcase classname="src.pymortests.grid" file="src/pymortests/grid.py" line="203" name="test_superentity_indices_wrong_arguments[&lt;lambda&gt;14]" time="0.0004942417144775391"><skipped message="Suite splitting in effect" type="pytest.skip">src/pymortests/grid.py:203: &lt;py._xmlgen.raw object at 0x7f1dd4ab2438&gt;</skipped></testcase><testcase classname="src.pymortests.grid" file="src/pymortests/grid.py" line="203" name="test_superentity_indices_wrong_arguments[&lt;lambda&gt;15]" time="0.0005533695220947266"><skipped message="Suite splitting in effect" type="pytest.skip">src/pymortests/grid.py:203: &lt;py._xmlgen.raw object at 0x7f1dd4a4aef0&gt;</skipped></testcase><testcase classname="src.pymortests.grid" file="src/pymortests/grid.py" line="203" name="test_superentity_indices_wrong_arguments[&lt;lambda&gt;16]" time="0.0005857944488525391"><skipped message="Suite splitting in effect" type="pytest.skip">src/pymortests/grid.py:203: &lt;py._xmlgen.raw object at 0x7f1dd4a58a90&gt;</skipped></testcase><testcase classname="src.pymortests.grid" file="src/pymortests/grid.py" line="203" name="test_superentity_indices_wrong_arguments[&lt;lambda&gt;17]" time="0.0004825592041015625"><skipped message="Suite splitting in effect" type="pytest.skip">src/pymortests/grid.py:203: &lt;py._xmlgen.raw object at 0x7f1dfe3b1be0&gt;</skipped></testcase><testcase classname="src.pymortests.grid" file="src/pymortests/grid.py" line="203" name="test_superentity_indices_wrong_arguments[&lt;lambda&gt;18]" time="0.0004982948303222656"><skipped message="Suite splitting in effect" type="pytest.skip">src/pymortests/grid.py:203: &lt;py._xmlgen.raw object at 0x7f1dd4a62160&gt;</skipped></testcase><testcase classname="src.pymortests.grid" file="src/pymortests/grid.py" line="203" name="test_superentity_indices_wrong_arguments[&lt;lambda&gt;19]" time="0.0008025169372558594"><skipped message="Suite splitting in effect" type="pytest.skip">src/pymortests/grid.py:203: &lt;py._xmlgen.raw object at 0x7f1dd4a62be0&gt;</skipped></testcase><testcase classname="src.pymortests.grid" file="src/pymortests/grid.py" line="203" name="test_superentity_indices_wrong_arguments[&lt;lambda&gt;20]" time="0.0005462169647216797"><skipped message="Suite splitting in effect" type="pytest.skip">src/pymortests/grid.py:203: &lt;py._xmlgen.raw object at 0x7f1dd4a58a90&gt;</skipped></testcase><testcase classname="src.pymortests.grid" file="src/pymortests/grid.py" line="203" name="test_superentity_indices_wrong_arguments[&lt;lambda&gt;21]" time="0.000469207763671875"><skipped message="Suite splitting in effect" type="pytest.skip">src/pymortests/grid.py:203: &lt;py._xmlgen.raw object at 0x7f1dd4a4ab70&gt;</skipped></testcase><testcase classname="src.pymortests.grid" file="src/pymortests/grid.py" line="203" name="test_superentity_indices_wrong_arguments[&lt;lambda&gt;22]" time="0.0005440711975097656"><skipped message="Suite splitting in effect" type="pytest.skip">src/pymortests/grid.py:203: &lt;py._xmlgen.raw object at 0x7f1dd4ab2dd8&gt;</skipped></testcase><testcase classname="src.pymortests.grid" file="src/pymortests/grid.py" line="203" name="test_superentity_indices_wrong_arguments[&lt;lambda&gt;23]" time="0.0005030632019042969"><skipped message="Suite splitting in effect" type="pytest.skip">src/pymortests/grid.py:203: &lt;py._xmlgen.raw object at 0x7f1dd4aa88d0&gt;</skipped></testcase><testcase classname="src.pymortests.grid" file="src/pymortests/grid.py" line="203" name="test_superentity_indices_wrong_arguments[&lt;lambda&gt;24]" time="0.0004706382751464844"><skipped message="Suite splitting in effect" type="pytest.skip">src/pymortests/grid.py:203: &lt;py._xmlgen.raw object at 0x7f1dd4a3ceb8&gt;</skipped></testcase><testcase classname="src.pymortests.grid" file="src/pymortests/grid.py" line="203" name="test_superentity_indices_wrong_arguments[&lt;lambda&gt;25]" time="0.00046443939208984375"><skipped message="Suite splitting in effect" type="pytest.skip">src/pymortests/grid.py:203: &lt;py._xmlgen.raw object at 0x7f1dd4a62940&gt;</skipped></testcase><testcase classname="src.pymortests.grid" file="src/pymortests/grid.py" line="203" name="test_superentity_indices_wrong_arguments[&lt;lambda&gt;26]" time="0.0004742145538330078"><skipped message="Suite splitting in effect" type="pytest.skip">src/pymortests/grid.py:203: &lt;py._xmlgen.raw object at 0x7f1dd4a62438&gt;</skipped></testcase><testcase classname="src.pymortests.grid" file="src/pymortests/grid.py" line="203" name="test_superentity_indices_wrong_arguments[&lt;lambda&gt;27]" time="0.0009112358093261719"><skipped message="Suite splitting in effect" type="pytest.skip">src/pymortests/grid.py:203: &lt;py._xmlgen.raw object at 0x7f1dd4a6c240&gt;</skipped></testcase><testcase classname="src.pymortests.grid" file="src/pymortests/grid.py" line="203" name="test_superentity_indices_wrong_arguments[&lt;lambda&gt;28]" time="0.0004944801330566406"><skipped message="Suite splitting in effect" type="pytest.skip">src/pymortests/grid.py:203: &lt;py._xmlgen.raw object at 0x7f1dd4a62240&gt;</skipped></testcase><testcase classname="src.pymortests.grid" file="src/pymortests/grid.py" line="203" name="test_superentity_indices_wrong_arguments[&lt;lambda&gt;29]" time="0.0005254745483398438"><skipped message="Suite splitting in effect" type="pytest.skip">src/pymortests/grid.py:203: &lt;py._xmlgen.raw object at 0x7f1dd4a3cb38&gt;</skipped></testcase><testcase classname="src.pymortests.grid" file="src/pymortests/grid.py" line="203" name="test_superentity_indices_wrong_arguments[&lt;lambda&gt;30]" time="0.0004763603210449219"><skipped message="Suite splitting in effect" type="pytest.skip">src/pymortests/grid.py:203: &lt;py._xmlgen.raw object at 0x7f1dfe3a3198&gt;</skipped></testcase><testcase classname="src.pymortests.grid" file="src/pymortests/grid.py" line="203" name="test_superentity_indices_wrong_arguments[&lt;lambda&gt;31]" time="0.0005300045013427734"><skipped message="Suite splitting in effect" type="pytest.skip">src/pymortests/grid.py:203: &lt;py._xmlgen.raw object at 0x7f1dd4a84cf8&gt;</skipped></testcase><testcase classname="src.pymortests.grid" file="src/pymortests/grid.py" line="203" name="test_superentity_indices_wrong_arguments[&lt;lambda&gt;32]" time="0.0005550384521484375"><skipped message="Suite splitting in effect" type="pytest.skip">src/pymortests/grid.py:203: &lt;py._xmlgen.raw object at 0x7f1dd4a4a828&gt;</skipped></testcase><testcase classname="src.pymortests.grid" file="src/pymortests/grid.py" line="203" name="test_superentity_indices_wrong_arguments[&lt;lambda&gt;33]" time="0.0004734992980957031"><skipped message="Suite splitting in effect" type="pytest.skip">src/pymortests/grid.py:203: &lt;py._xmlgen.raw object at 0x7f1dd4a58828&gt;</skipped></testcase><testcase classname="src.pymortests.grid" file="src/pymortests/grid.py" line="203" name="test_superentity_indices_wrong_arguments[&lt;lambda&gt;34]" time="0.0005826950073242188"><skipped message="Suite splitting in effect" type="pytest.skip">src/pymortests/grid.py:203: &lt;py._xmlgen.raw object at 0x7f1dd4a6c0b8&gt;</skipped></testcase><testcase classname="src.pymortests.grid" file="src/pymortests/grid.py" line="203" name="test_superentity_indices_wrong_arguments[&lt;lambda&gt;35]" time="0.0012922286987304688"><skipped message="Suite splitting in effect" type="pytest.skip">src/pymortests/grid.py:203: &lt;py._xmlgen.raw object at 0x7f1dd4a6c860&gt;</skipped></testcase><testcase classname="src.pymortests.grid" file="src/pymortests/grid.py" line="203" name="test_superentity_indices_wrong_arguments[&lt;lambda&gt;36]" time="0.0004887580871582031"><skipped message="Suite splitting in effect" type="pytest.skip">src/pymortests/grid.py:203: &lt;py._xmlgen.raw object at 0x7f1dd4a9c630&gt;</skipped></testcase><testcase classname="src.pymortests.grid" file="src/pymortests/grid.py" line="203" name="test_superentity_indices_wrong_arguments[&lt;lambda&gt;37]" time="0.0005099773406982422"><skipped message="Suite splitting in effect" type="pytest.skip">src/pymortests/grid.py:203: &lt;py._xmlgen.raw object at 0x7f1dfe346358&gt;</skipped></testcase><testcase classname="src.pymortests.grid" file="src/pymortests/grid.py" line="203" name="test_superentity_indices_wrong_arguments[&lt;lambda&gt;38]" time="0.0005171298980712891"><skipped message="Suite splitting in effect" type="pytest.skip">src/pymortests/grid.py:203: &lt;py._xmlgen.raw object at 0x7f1dd4a62d68&gt;</skipped></testcase><testcase classname="src.pymortests.grid" file="src/pymortests/grid.py" line="203" name="test_superentity_indices_wrong_arguments[&lt;lambda&gt;39]" time="0.0004432201385498047"><skipped message="Suite splitting in effect" type="pytest.skip">src/pymortests/grid.py:203: &lt;py._xmlgen.raw object at 0x7f1dd4a626a0&gt;</skipped></testcase><testcase classname="src.pymortests.grid" file="src/pymortests/grid.py" line="203" name="test_superentity_indices_wrong_arguments[&lt;lambda&gt;40]" time="0.0004813671112060547"><skipped message="Suite splitting in effect" type="pytest.skip">src/pymortests/grid.py:203: &lt;py._xmlgen.raw object at 0x7f1dd4a58748&gt;</skipped></testcase><testcase classname="src.pymortests.grid" file="src/pymortests/grid.py" line="203" name="test_superentity_indices_wrong_arguments[&lt;lambda&gt;41]" time="0.00045108795166015625"><skipped message="Suite splitting in effect" type="pytest.skip">src/pymortests/grid.py:203: &lt;py._xmlgen.raw object at 0x7f1dd4a4a5c0&gt;</skipped></testcase><testcase classname="src.pymortests.grid" file="src/pymortests/grid.py" line="203" name="test_superentity_indices_wrong_arguments[&lt;lambda&gt;42]" time="0.0004937648773193359"><skipped message="Suite splitting in effect" type="pytest.skip">src/pymortests/grid.py:203: &lt;py._xmlgen.raw object at 0x7f1dfe3dbef0&gt;</skipped></testcase><testcase classname="src.pymortests.grid" file="src/pymortests/grid.py" line="218" name="test_superentity_indices_shape[&lt;lambda&gt;0]" time="0.0004582405090332031"><skipped message="Suite splitting in effect" type="pytest.skip">src/pymortests/grid.py:218: &lt;py._xmlgen.raw object at 0x7f1dd4ae2160&gt;</skipped></testcase><testcase classname="src.pymortests.grid" file="src/pymortests/grid.py" line="218" name="test_superentity_indices_shape[&lt;lambda&gt;1]" time="0.0007455348968505859"><skipped message="Suite splitting in effect" type="pytest.skip">src/pymortests/grid.py:218: &lt;py._xmlgen.raw object at 0x7f1dd4a3ceb8&gt;</skipped></testcase><testcase classname="src.pymortests.grid" file="src/pymortests/grid.py" line="218" name="test_superentity_indices_shape[&lt;lambda&gt;2]" time="0.00045418739318847656"><skipped message="Suite splitting in effect" type="pytest.skip">src/pymortests/grid.py:218: &lt;py._xmlgen.raw object at 0x7f1dfe42dfd0&gt;</skipped></testcase><testcase classname="src.pymortests.grid" file="src/pymortests/grid.py" line="218" name="test_superentity_indices_shape[&lt;lambda&gt;3]" time="0.0005290508270263672"><skipped message="Suite splitting in effect" type="pytest.skip">src/pymortests/grid.py:218: &lt;py._xmlgen.raw object at 0x7f1dd4a587f0&gt;</skipped></testcase><testcase classname="src.pymortests.grid" file="src/pymortests/grid.py" line="218" name="test_superentity_indices_shape[&lt;lambda&gt;4]" time="0.0004818439483642578"><skipped message="Suite splitting in effect" type="pytest.skip">src/pymortests/grid.py:218: &lt;py._xmlgen.raw object at 0x7f1dd4a62240&gt;</skipped></testcase><testcase classname="src.pymortests.grid" file="src/pymortests/grid.py" line="218" name="test_superentity_indices_shape[&lt;lambda&gt;5]" time="0.00045228004455566406"><skipped message="Suite splitting in effect" type="pytest.skip">src/pymortests/grid.py:218: &lt;py._xmlgen.raw object at 0x7f1dfe3467f0&gt;</skipped></testcase><testcase classname="src.pymortests.grid" file="src/pymortests/grid.py" line="218" name="test_superentity_indices_shape[&lt;lambda&gt;6]" time="0.0004508495330810547"><skipped message="Suite splitting in effect" type="pytest.skip">src/pymortests/grid.py:218: &lt;py._xmlgen.raw object at 0x7f1dd4a9c630&gt;</skipped></testcase><testcase classname="src.pymortests.grid" file="src/pymortests/grid.py" line="218" name="test_superentity_indices_shape[&lt;lambda&gt;7]" time="0.00044918060302734375"><skipped message="Suite splitting in effect" type="pytest.skip">src/pymortests/grid.py:218: &lt;py._xmlgen.raw object at 0x7f1dfe3570b8&gt;</skipped></testcase><testcase classname="src.pymortests.grid" file="src/pymortests/grid.py" line="218" name="test_superentity_indices_shape[&lt;lambda&gt;8]" time="0.00044226646423339844"><skipped message="Suite splitting in effect" type="pytest.skip">src/pymortests/grid.py:218: &lt;py._xmlgen.raw object at 0x7f1dd4a6ca20&gt;</skipped></testcase><testcase classname="src.pymortests.grid" file="src/pymortests/grid.py" line="218" name="test_superentity_indices_shape[&lt;lambda&gt;9]" time="0.0007109642028808594"><skipped message="Suite splitting in effect" type="pytest.skip">src/pymortests/grid.py:218: &lt;py._xmlgen.raw object at 0x7f1dd4ab2ac8&gt;</skipped></testcase><testcase classname="src.pymortests.grid" file="src/pymortests/grid.py" line="218" name="test_superentity_indices_shape[&lt;lambda&gt;10]" time="0.0005125999450683594"><skipped message="Suite splitting in effect" type="pytest.skip">src/pymortests/grid.py:218: &lt;py._xmlgen.raw object at 0x7f1dd4aa88d0&gt;</skipped></testcase><testcase classname="src.pymortests.grid" file="src/pymortests/grid.py" line="218" name="test_superentity_indices_shape[&lt;lambda&gt;11]" time="0.0004444122314453125"><skipped message="Suite splitting in effect" type="pytest.skip">src/pymortests/grid.py:218: &lt;py._xmlgen.raw object at 0x7f1dd4a62d68&gt;</skipped></testcase><testcase classname="src.pymortests.grid" file="src/pymortests/grid.py" line="218" name="test_superentity_indices_shape[&lt;lambda&gt;12]" time="0.000438690185546875"><skipped message="Suite splitting in effect" type="pytest.skip">src/pymortests/grid.py:218: &lt;py._xmlgen.raw object at 0x7f1dfe3b1e80&gt;</skipped></testcase><testcase classname="src.pymortests.grid" file="src/pymortests/grid.py" line="218" name="test_superentity_indices_shape[&lt;lambda&gt;13]" time="0.0004391670227050781"><skipped message="Suite splitting in effect" type="pytest.skip">src/pymortests/grid.py:218: &lt;py._xmlgen.raw object at 0x7f1dd4a58978&gt;</skipped></testcase><testcase classname="src.pymortests.grid" file="src/pymortests/grid.py" line="218" name="test_superentity_indices_shape[&lt;lambda&gt;14]" time="0.0004887580871582031"><skipped message="Suite splitting in effect" type="pytest.skip">src/pymortests/grid.py:218: &lt;py._xmlgen.raw object at 0x7f1dd4a4a160&gt;</skipped></testcase><testcase classname="src.pymortests.grid" file="src/pymortests/grid.py" line="218" name="test_superentity_indices_shape[&lt;lambda&gt;15]" time="0.0005023479461669922"><skipped message="Suite splitting in effect" type="pytest.skip">src/pymortests/grid.py:218: &lt;py._xmlgen.raw object at 0x7f1dd4a6c940&gt;</skipped></testcase><testcase classname="src.pymortests.grid" file="src/pymortests/grid.py" line="218" name="test_superentity_indices_shape[&lt;lambda&gt;16]" time="0.0004515647888183594"><skipped message="Suite splitting in effect" type="pytest.skip">src/pymortests/grid.py:218: &lt;py._xmlgen.raw object at 0x7f1dd4a6cd68&gt;</skipped></testcase><testcase classname="src.pymortests.grid" file="src/pymortests/grid.py" line="218" name="test_superentity_indices_shape[&lt;lambda&gt;17]" time="0.0007567405700683594"><skipped message="Suite splitting in effect" type="pytest.skip">src/pymortests/grid.py:218: &lt;py._xmlgen.raw object at 0x7f1dd49fc2e8&gt;</skipped></testcase><testcase classname="src.pymortests.grid" file="src/pymortests/grid.py" line="218" name="test_superentity_indices_shape[&lt;lambda&gt;18]" time="0.0004665851593017578"><skipped message="Suite splitting in effect" type="pytest.skip">src/pymortests/grid.py:218: &lt;py._xmlgen.raw object at 0x7f1dd4a6cba8&gt;</skipped></testcase><testcase classname="src.pymortests.grid" file="src/pymortests/grid.py" line="218" name="test_superentity_indices_shape[&lt;lambda&gt;19]" time="0.0004420280456542969"><skipped message="Suite splitting in effect" type="pytest.skip">src/pymortests/grid.py:218: &lt;py._xmlgen.raw object at 0x7f1dd4a4ae10&gt;</skipped></testcase><testcase classname="src.pymortests.grid" file="src/pymortests/grid.py" line="218" name="test_superentity_indices_shape[&lt;lambda&gt;20]" time="0.0004851818084716797"><skipped message="Suite splitting in effect" type="pytest.skip">src/pymortests/grid.py:218: &lt;py._xmlgen.raw object at 0x7f1dd4a58b70&gt;</skipped></testcase><testcase classname="src.pymortests.grid" file="src/pymortests/grid.py" line="218" name="test_superentity_indices_shape[&lt;lambda&gt;21]" time="0.00045180320739746094"><skipped message="Suite splitting in effect" type="pytest.skip">src/pymortests/grid.py:218: &lt;py._xmlgen.raw object at 0x7f1dfe3b1e80&gt;</skipped></testcase><testcase classname="src.pymortests.grid" file="src/pymortests/grid.py" line="218" name="test_superentity_indices_shape[&lt;lambda&gt;22]" time="0.0004737377166748047"><skipped message="Suite splitting in effect" type="pytest.skip">src/pymortests/grid.py:218: &lt;py._xmlgen.raw object at 0x7f1dd4a62198&gt;</skipped></testcase><testcase classname="src.pymortests.grid" file="src/pymortests/grid.py" line="218" name="test_superentity_indices_shape[&lt;lambda&gt;23]" time="0.0004553794860839844"><skipped message="Suite splitting in effect" type="pytest.skip">src/pymortests/grid.py:218: &lt;py._xmlgen.raw object at 0x7f1dd4a84320&gt;</skipped></testcase><testcase classname="src.pymortests.grid" file="src/pymortests/grid.py" line="218" name="test_superentity_indices_shape[&lt;lambda&gt;24]" time="0.0004839897155761719"><skipped message="Suite splitting in effect" type="pytest.skip">src/pymortests/grid.py:218: &lt;py._xmlgen.raw object at 0x7f1dd49fc1d0&gt;</skipped></testcase><testcase classname="src.pymortests.grid" file="src/pymortests/grid.py" line="218" name="test_superentity_indices_shape[&lt;lambda&gt;25]" time="0.0007371902465820312"><skipped message="Suite splitting in effect" type="pytest.skip">src/pymortests/grid.py:218: &lt;py._xmlgen.raw object at 0x7f1dd49fc828&gt;</skipped></testcase><testcase classname="src.pymortests.grid" file="src/pymortests/grid.py" line="218" name="test_superentity_indices_shape[&lt;lambda&gt;26]" time="0.00044226646423339844"><skipped message="Suite splitting in effect" type="pytest.skip">src/pymortests/grid.py:218: &lt;py._xmlgen.raw object at 0x7f1dfe346358&gt;</skipped></testcase><testcase classname="src.pymortests.grid" file="src/pymortests/grid.py" line="218" name="test_superentity_indices_shape[&lt;lambda&gt;27]" time="0.00044798851013183594"><skipped message="Suite splitting in effect" type="pytest.skip">src/pymortests/grid.py:218: &lt;py._xmlgen.raw object at 0x7f1dd4a62320&gt;</skipped></testcase><testcase classname="src.pymortests.grid" file="src/pymortests/grid.py" line="218" name="test_superentity_indices_shape[&lt;lambda&gt;28]" time="0.00044608116149902344"><skipped message="Suite splitting in effect" type="pytest.skip">src/pymortests/grid.py:218: &lt;py._xmlgen.raw object at 0x7f1dfe36b518&gt;</skipped></testcase><testcase classname="src.pymortests.grid" file="src/pymortests/grid.py" line="218" name="test_superentity_indices_shape[&lt;lambda&gt;29]" time="0.00043702125549316406"><skipped message="Suite splitting in effect" type="pytest.skip">src/pymortests/grid.py:218: &lt;py._xmlgen.raw object at 0x7f1dd4a4a6a0&gt;</skipped></testcase><testcase classname="src.pymortests.grid" file="src/pymortests/grid.py" line="218" name="test_superentity_indices_shape[&lt;lambda&gt;30]" time="0.00045680999755859375"><skipped message="Suite splitting in effect" type="pytest.skip">src/pymortests/grid.py:218: &lt;py._xmlgen.raw object at 0x7f1dd4a6c550&gt;</skipped></testcase><testcase classname="src.pymortests.grid" file="src/pymortests/grid.py" line="218" name="test_superentity_indices_shape[&lt;lambda&gt;31]" time="0.0004673004150390625"><skipped message="Suite splitting in effect" type="pytest.skip">src/pymortests/grid.py:218: &lt;py._xmlgen.raw object at 0x7f1dd49fc588&gt;</skipped></testcase><testcase classname="src.pymortests.grid" file="src/pymortests/grid.py" line="218" name="test_superentity_indices_shape[&lt;lambda&gt;32]" time="0.0004456043243408203"><skipped message="Suite splitting in effect" type="pytest.skip">src/pymortests/grid.py:218: &lt;py._xmlgen.raw object at 0x7f1dd49fc048&gt;</skipped></testcase><testcase classname="src.pymortests.grid" file="src/pymortests/grid.py" line="218" name="test_superentity_indices_shape[&lt;lambda&gt;33]" time="0.0007665157318115234"><skipped message="Suite splitting in effect" type="pytest.skip">src/pymortests/grid.py:218: &lt;py._xmlgen.raw object at 0x7f1dd49fce48&gt;</skipped></testcase><testcase classname="src.pymortests.grid" file="src/pymortests/grid.py" line="218" name="test_superentity_indices_shape[&lt;lambda&gt;34]" time="0.00045299530029296875"><skipped message="Suite splitting in effect" type="pytest.skip">src/pymortests/grid.py:218: &lt;py._xmlgen.raw object at 0x7f1dd49fc0f0&gt;</skipped></testcase><testcase classname="src.pymortests.grid" file="src/pymortests/grid.py" line="218" name="test_superentity_indices_shape[&lt;lambda&gt;35]" time="0.0004584789276123047"><skipped message="Suite splitting in effect" type="pytest.skip">src/pymortests/grid.py:218: &lt;py._xmlgen.raw object at 0x7f1dd4a6ce80&gt;</skipped></testcase><testcase classname="src.pymortests.grid" file="src/pymortests/grid.py" line="218" name="test_superentity_indices_shape[&lt;lambda&gt;36]" time="0.0004620552062988281"><skipped message="Suite splitting in effect" type="pytest.skip">src/pymortests/grid.py:218: &lt;py._xmlgen.raw object at 0x7f1dd4a6c198&gt;</skipped></testcase><testcase classname="src.pymortests.grid" file="src/pymortests/grid.py" line="218" name="test_superentity_indices_shape[&lt;lambda&gt;37]" time="0.000431060791015625"><skipped message="Suite splitting in effect" type="pytest.skip">src/pymortests/grid.py:218: &lt;py._xmlgen.raw object at 0x7f1dfe3b1be0&gt;</skipped></testcase><testcase classname="src.pymortests.grid" file="src/pymortests/grid.py" line="218" name="test_superentity_indices_shape[&lt;lambda&gt;38]" time="0.00043487548828125"><skipped message="Suite splitting in effect" type="pytest.skip">src/pymortests/grid.py:218: &lt;py._xmlgen.raw object at 0x7f1dd4a627f0&gt;</skipped></testcase><testcase classname="src.pymortests.grid" file="src/pymortests/grid.py" line="218" name="test_superentity_indices_shape[&lt;lambda&gt;39]" time="0.0004367828369140625"><skipped message="Suite splitting in effect" type="pytest.skip">src/pymortests/grid.py:218: &lt;py._xmlgen.raw object at 0x7f1dd4a9ceb8&gt;</skipped></testcase><testcase classname="src.pymortests.grid" file="src/pymortests/grid.py" line="218" name="test_superentity_indices_shape[&lt;lambda&gt;40]" time="0.00047087669372558594"><skipped message="Suite splitting in effect" type="pytest.skip">src/pymortests/grid.py:218: &lt;py._xmlgen.raw object at 0x7f1dfe378320&gt;</skipped></testcase><testcase classname="src.pymortests.grid" file="src/pymortests/grid.py" line="218" name="test_superentity_indices_shape[&lt;lambda&gt;41]" time="0.0007300376892089844"><skipped message="Suite splitting in effect" type="pytest.skip">src/pymortests/grid.py:218: &lt;py._xmlgen.raw object at 0x7f1dd4a054a8&gt;</skipped></testcase><testcase classname="src.pymortests.grid" file="src/pymortests/grid.py" line="218" name="test_superentity_indices_shape[&lt;lambda&gt;42]" time="0.00044083595275878906"><skipped message="Suite splitting in effect" type="pytest.skip">src/pymortests/grid.py:218: &lt;py._xmlgen.raw object at 0x7f1dfe346208&gt;</skipped></testcase><testcase classname="src.pymortests.grid" file="src/pymortests/grid.py" line="225" name="test_superentity_indices_dtype[&lt;lambda&gt;0]" time="0.0004265308380126953"><skipped message="Suite splitting in effect" type="pytest.skip">src/pymortests/grid.py:225: &lt;py._xmlgen.raw object at 0x7f1dd4a627f0&gt;</skipped></testcase><testcase classname="src.pymortests.grid" file="src/pymortests/grid.py" line="225" name="test_superentity_indices_dtype[&lt;lambda&gt;1]" time="0.00044727325439453125"><skipped message="Suite splitting in effect" type="pytest.skip">src/pymortests/grid.py:225: &lt;py._xmlgen.raw object at 0x7f1dd4a58b70&gt;</skipped></testcase><testcase classname="src.pymortests.grid" file="src/pymortests/grid.py" line="225" name="test_superentity_indices_dtype[&lt;lambda&gt;2]" time="0.00042748451232910156"><skipped message="Suite splitting in effect" type="pytest.skip">src/pymortests/grid.py:225: &lt;py._xmlgen.raw object at 0x7f1dd4a6cac8&gt;</skipped></testcase><testcase classname="src.pymortests.grid" file="src/pymortests/grid.py" line="225" name="test_superentity_indices_dtype[&lt;lambda&gt;3]" time="0.00047779083251953125"><skipped message="Suite splitting in effect" type="pytest.skip">src/pymortests/grid.py:225: &lt;py._xmlgen.raw object at 0x7f1dd49fc3c8&gt;</skipped></testcase><testcase classname="src.pymortests.grid" file="src/pymortests/grid.py" line="225" name="test_superentity_indices_dtype[&lt;lambda&gt;4]" time="0.0004258155822753906"><skipped message="Suite splitting in effect" type="pytest.skip">src/pymortests/grid.py:225: &lt;py._xmlgen.raw object at 0x7f1dd49fccc0&gt;</skipped></testcase><testcase classname="src.pymortests.grid" file="src/pymortests/grid.py" line="225" name="test_superentity_indices_dtype[&lt;lambda&gt;5]" time="0.00044274330139160156"><skipped message="Suite splitting in effect" type="pytest.skip">src/pymortests/grid.py:225: &lt;py._xmlgen.raw object at 0x7f1dd4a05390&gt;</skipped></testcase><testcase classname="src.pymortests.grid" file="src/pymortests/grid.py" line="225" name="test_superentity_indices_dtype[&lt;lambda&gt;6]" time="0.0007355213165283203"><skipped message="Suite splitting in effect" type="pytest.skip">src/pymortests/grid.py:225: &lt;py._xmlgen.raw object at 0x7f1dd4a05ac8&gt;</skipped></testcase><testcase classname="src.pymortests.grid" file="src/pymortests/grid.py" line="225" name="test_superentity_indices_dtype[&lt;lambda&gt;7]" time="0.0004467964172363281"><skipped message="Suite splitting in effect" type="pytest.skip">src/pymortests/grid.py:225: &lt;py._xmlgen.raw object at 0x7f1dd49fc4e0&gt;</skipped></testcase><testcase classname="src.pymortests.grid" file="src/pymortests/grid.py" line="225" name="test_superentity_indices_dtype[&lt;lambda&gt;8]" time="0.0004413127899169922"><skipped message="Suite splitting in effect" type="pytest.skip">src/pymortests/grid.py:225: &lt;py._xmlgen.raw object at 0x7f1dd4a6cda0&gt;</skipped></testcase><testcase classname="src.pymortests.grid" file="src/pymortests/grid.py" line="225" name="test_superentity_indices_dtype[&lt;lambda&gt;9]" time="0.0004291534423828125"><skipped message="Suite splitting in effect" type="pytest.skip">src/pymortests/grid.py:225: &lt;py._xmlgen.raw object at 0x7f1dd4a58198&gt;</skipped></testcase><testcase classname="src.pymortests.grid" file="src/pymortests/grid.py" line="225" name="test_superentity_indices_dtype[&lt;lambda&gt;10]" time="0.0004558563232421875"><skipped message="Suite splitting in effect" type="pytest.skip">src/pymortests/grid.py:225: &lt;py._xmlgen.raw object at 0x7f1dd4a62080&gt;</skipped></testcase><testcase classname="src.pymortests.grid" file="src/pymortests/grid.py" line="225" name="test_superentity_indices_dtype[&lt;lambda&gt;11]" time="0.0004725456237792969"><skipped message="Suite splitting in effect" type="pytest.skip">src/pymortests/grid.py:225: &lt;py._xmlgen.raw object at 0x7f1dfe378a58&gt;</skipped></testcase><testcase classname="src.pymortests.grid" file="src/pymortests/grid.py" line="225" name="test_superentity_indices_dtype[&lt;lambda&gt;12]" time="0.00045561790466308594"><skipped message="Suite splitting in effect" type="pytest.skip">src/pymortests/grid.py:225: &lt;py._xmlgen.raw object at 0x7f1dd4a05c88&gt;</skipped></testcase><testcase classname="src.pymortests.grid" file="src/pymortests/grid.py" line="225" name="test_superentity_indices_dtype[&lt;lambda&gt;13]" time="0.0004506111145019531"><skipped message="Suite splitting in effect" type="pytest.skip">src/pymortests/grid.py:225: &lt;py._xmlgen.raw object at 0x7f1dd4a050f0&gt;</skipped></testcase><testcase classname="src.pymortests.grid" file="src/pymortests/grid.py" line="225" name="test_superentity_indices_dtype[&lt;lambda&gt;14]" time="0.0007808208465576172"><skipped message="Suite splitting in effect" type="pytest.skip">src/pymortests/grid.py:225: &lt;py._xmlgen.raw object at 0x7f1dd4a0c128&gt;</skipped></testcase><testcase classname="src.pymortests.grid" file="src/pymortests/grid.py" line="225" name="test_superentity_indices_dtype[&lt;lambda&gt;15]" time="0.0004169940948486328"><skipped message="Suite splitting in effect" type="pytest.skip">src/pymortests/grid.py:225: &lt;py._xmlgen.raw object at 0x7f1dd4a05400&gt;</skipped></testcase><testcase classname="src.pymortests.grid" file="src/pymortests/grid.py" line="225" name="test_superentity_indices_dtype[&lt;lambda&gt;16]" time="0.00043392181396484375"><skipped message="Suite splitting in effect" type="pytest.skip">src/pymortests/grid.py:225: &lt;py._xmlgen.raw object at 0x7f1dfe378860&gt;</skipped></testcase><testcase classname="src.pymortests.grid" file="src/pymortests/grid.py" line="225" name="test_superentity_indices_dtype[&lt;lambda&gt;17]" time="0.0004146099090576172"><skipped message="Suite splitting in effect" type="pytest.skip">src/pymortests/grid.py:225: &lt;py._xmlgen.raw object at 0x7f1dfe31c0f0&gt;</skipped></testcase><testcase classname="src.pymortests.grid" file="src/pymortests/grid.py" line="225" name="test_superentity_indices_dtype[&lt;lambda&gt;18]" time="0.0004191398620605469"><skipped message="Suite splitting in effect" type="pytest.skip">src/pymortests/grid.py:225: &lt;py._xmlgen.raw object at 0x7f1dfe36bfd0&gt;</skipped></testcase><testcase classname="src.pymortests.grid" file="src/pymortests/grid.py" line="225" name="test_superentity_indices_dtype[&lt;lambda&gt;19]" time="0.00041747093200683594"><skipped message="Suite splitting in effect" type="pytest.skip">src/pymortests/grid.py:225: &lt;py._xmlgen.raw object at 0x7f1dd4a6c400&gt;</skipped></testcase><testcase classname="src.pymortests.grid" file="src/pymortests/grid.py" line="225" name="test_superentity_indices_dtype[&lt;lambda&gt;20]" time="0.0004258155822753906"><skipped message="Suite splitting in effect" type="pytest.skip">src/pymortests/grid.py:225: &lt;py._xmlgen.raw object at 0x7f1dd49fca58&gt;</skipped></testcase><testcase classname="src.pymortests.grid" file="src/pymortests/grid.py" line="225" name="test_superentity_indices_dtype[&lt;lambda&gt;21]" time="0.00042724609375"><skipped message="Suite splitting in effect" type="pytest.skip">src/pymortests/grid.py:225: &lt;py._xmlgen.raw object at 0x7f1dd4a0c2b0&gt;</skipped></testcase><testcase classname="src.pymortests.grid" file="src/pymortests/grid.py" line="225" name="test_superentity_indices_dtype[&lt;lambda&gt;22]" time="0.0007495880126953125"><skipped message="Suite splitting in effect" type="pytest.skip">src/pymortests/grid.py:225: &lt;py._xmlgen.raw object at 0x7f1dd4a0c748&gt;</skipped></testcase><testcase classname="src.pymortests.grid" file="src/pymortests/grid.py" line="225" name="test_superentity_indices_dtype[&lt;lambda&gt;23]" time="0.0004322528839111328"><skipped message="Suite splitting in effect" type="pytest.skip">src/pymortests/grid.py:225: &lt;py._xmlgen.raw object at 0x7f1dd49fca58&gt;</skipped></testcase><testcase classname="src.pymortests.grid" file="src/pymortests/grid.py" line="225" name="test_superentity_indices_dtype[&lt;lambda&gt;24]" time="0.00044226646423339844"><skipped message="Suite splitting in effect" type="pytest.skip">src/pymortests/grid.py:225: &lt;py._xmlgen.raw object at 0x7f1dfe309ac8&gt;</skipped></testcase><testcase classname="src.pymortests.grid" file="src/pymortests/grid.py" line="225" name="test_superentity_indices_dtype[&lt;lambda&gt;25]" time="0.00045752525329589844"><skipped message="Suite splitting in effect" type="pytest.skip">src/pymortests/grid.py:225: &lt;py._xmlgen.raw object at 0x7f1dd4a62a90&gt;</skipped></testcase><testcase classname="src.pymortests.grid" file="src/pymortests/grid.py" line="225" name="test_superentity_indices_dtype[&lt;lambda&gt;26]" time="0.0004467964172363281"><skipped message="Suite splitting in effect" type="pytest.skip">src/pymortests/grid.py:225: &lt;py._xmlgen.raw object at 0x7f1dfe31c0f0&gt;</skipped></testcase><testcase classname="src.pymortests.grid" file="src/pymortests/grid.py" line="225" name="test_superentity_indices_dtype[&lt;lambda&gt;27]" time="0.0004820823669433594"><skipped message="Suite splitting in effect" type="pytest.skip">src/pymortests/grid.py:225: &lt;py._xmlgen.raw object at 0x7f1dd4a05208&gt;</skipped></testcase><testcase classname="src.pymortests.grid" file="src/pymortests/grid.py" line="225" name="test_superentity_indices_dtype[&lt;lambda&gt;28]" time="0.0004508495330810547"><skipped message="Suite splitting in effect" type="pytest.skip">src/pymortests/grid.py:225: &lt;py._xmlgen.raw object at 0x7f1dd4a058d0&gt;</skipped></testcase><testcase classname="src.pymortests.grid" file="src/pymortests/grid.py" line="225" name="test_superentity_indices_dtype[&lt;lambda&gt;29]" time="0.00044846534729003906"><skipped message="Suite splitting in effect" type="pytest.skip">src/pymortests/grid.py:225: &lt;py._xmlgen.raw object at 0x7f1dd4a0c400&gt;</skipped></testcase><testcase classname="src.pymortests.grid" file="src/pymortests/grid.py" line="225" name="test_superentity_indices_dtype[&lt;lambda&gt;30]" time="0.0007126331329345703"><skipped message="Suite splitting in effect" type="pytest.skip">src/pymortests/grid.py:225: &lt;py._xmlgen.raw object at 0x7f1dd4a0cd68&gt;</skipped></testcase><testcase classname="src.pymortests.grid" file="src/pymortests/grid.py" line="225" name="test_superentity_indices_dtype[&lt;lambda&gt;31]" time="0.0004248619079589844"><skipped message="Suite splitting in effect" type="pytest.skip">src/pymortests/grid.py:225: &lt;py._xmlgen.raw object at 0x7f1dd4a05e80&gt;</skipped></testcase><testcase classname="src.pymortests.grid" file="src/pymortests/grid.py" line="225" name="test_superentity_indices_dtype[&lt;lambda&gt;32]" time="0.00040531158447265625"><skipped message="Suite splitting in effect" type="pytest.skip">src/pymortests/grid.py:225: &lt;py._xmlgen.raw object at 0x7f1dfe31c2e8&gt;</skipped></testcase><testcase classname="src.pymortests.grid" file="src/pymortests/grid.py" line="225" name="test_superentity_indices_dtype[&lt;lambda&gt;33]" time="0.0004258155822753906"><skipped message="Suite splitting in effect" type="pytest.skip">src/pymortests/grid.py:225: &lt;py._xmlgen.raw object at 0x7f1dfe36bfd0&gt;</skipped></testcase><testcase classname="src.pymortests.grid" file="src/pymortests/grid.py" line="225" name="test_superentity_indices_dtype[&lt;lambda&gt;34]" time="0.00042128562927246094"><skipped message="Suite splitting in effect" type="pytest.skip">src/pymortests/grid.py:225: &lt;py._xmlgen.raw object at 0x7f1dd4a6cc50&gt;</skipped></testcase><testcase classname="src.pymortests.grid" file="src/pymortests/grid.py" line="225" name="test_superentity_indices_dtype[&lt;lambda&gt;35]" time="0.00047087669372558594"><skipped message="Suite splitting in effect" type="pytest.skip">src/pymortests/grid.py:225: &lt;py._xmlgen.raw object at 0x7f1dd49fcef0&gt;</skipped></testcase><testcase classname="src.pymortests.grid" file="src/pymortests/grid.py" line="225" name="test_superentity_indices_dtype[&lt;lambda&gt;36]" time="0.00040841102600097656"><skipped message="Suite splitting in effect" type="pytest.skip">src/pymortests/grid.py:225: &lt;py._xmlgen.raw object at 0x7f1dd4a0cac8&gt;</skipped></testcase><testcase classname="src.pymortests.grid" file="src/pymortests/grid.py" line="225" name="test_superentity_indices_dtype[&lt;lambda&gt;37]" time="0.00040984153747558594"><skipped message="Suite splitting in effect" type="pytest.skip">src/pymortests/grid.py:225: &lt;py._xmlgen.raw object at 0x7f1dd4a0c5f8&gt;</skipped></testcase><testcase classname="src.pymortests.grid" file="src/pymortests/grid.py" line="225" name="test_superentity_indices_dtype[&lt;lambda&gt;38]" time="0.0006835460662841797"><skipped message="Suite splitting in effect" type="pytest.skip">src/pymortests/grid.py:225: &lt;py._xmlgen.raw object at 0x7f1dd4a1c3c8&gt;</skipped></testcase><testcase classname="src.pymortests.grid" file="src/pymortests/grid.py" line="225" name="test_superentity_indices_dtype[&lt;lambda&gt;39]" time="0.0004546642303466797"><skipped message="Suite splitting in effect" type="pytest.skip">src/pymortests/grid.py:225: &lt;py._xmlgen.raw object at 0x7f1dd4a0cb70&gt;</skipped></testcase><testcase classname="src.pymortests.grid" file="src/pymortests/grid.py" line="225" name="test_superentity_indices_dtype[&lt;lambda&gt;40]" time="0.0004813671112060547"><skipped message="Suite splitting in effect" type="pytest.skip">src/pymortests/grid.py:225: &lt;py._xmlgen.raw object at 0x7f1dd49fcf98&gt;</skipped></testcase><testcase classname="src.pymortests.grid" file="src/pymortests/grid.py" line="225" name="test_superentity_indices_dtype[&lt;lambda&gt;41]" time="0.00044727325439453125"><skipped message="Suite splitting in effect" type="pytest.skip">src/pymortests/grid.py:225: &lt;py._xmlgen.raw object at 0x7f1dfe309cc0&gt;</skipped></testcase><testcase classname="src.pymortests.grid" file="src/pymortests/grid.py" line="225" name="test_superentity_indices_dtype[&lt;lambda&gt;42]" time="0.00041985511779785156"><skipped message="Suite splitting in effect" type="pytest.skip">src/pymortests/grid.py:225: &lt;py._xmlgen.raw object at 0x7f1dfe36bef0&gt;</skipped></testcase><testcase classname="src.pymortests.grid" file="src/pymortests/grid.py" line="232" name="test_superentity_indices_valid_entries[&lt;lambda&gt;0]" time="0.0004467964172363281"><skipped message="Suite splitting in effect" type="pytest.skip">src/pymortests/grid.py:232: &lt;py._xmlgen.raw object at 0x7f1dfe31ce10&gt;</skipped></testcase><testcase classname="src.pymortests.grid" file="src/pymortests/grid.py" line="232" name="test_superentity_indices_valid_entries[&lt;lambda&gt;1]" time="0.00042366981506347656"><skipped message="Suite splitting in effect" type="pytest.skip">src/pymortests/grid.py:232: &lt;py._xmlgen.raw object at 0x7f1dd4a05cc0&gt;</skipped></testcase><testcase classname="src.pymortests.grid" file="src/pymortests/grid.py" line="232" name="test_superentity_indices_valid_entries[&lt;lambda&gt;2]" time="0.00043129920959472656"><skipped message="Suite splitting in effect" type="pytest.skip">src/pymortests/grid.py:232: &lt;py._xmlgen.raw object at 0x7f1dd4a1c240&gt;</skipped></testcase><testcase classname="src.pymortests.grid" file="src/pymortests/grid.py" line="232" name="test_superentity_indices_valid_entries[&lt;lambda&gt;3]" time="0.00098419189453125"><skipped message="Suite splitting in effect" type="pytest.skip">src/pymortests/grid.py:232: &lt;py._xmlgen.raw object at 0x7f1dd4a1c9e8&gt;</skipped></testcase><testcase classname="src.pymortests.grid" file="src/pymortests/grid.py" line="232" name="test_superentity_indices_valid_entries[&lt;lambda&gt;4]" time="0.00042366981506347656"><skipped message="Suite splitting in effect" type="pytest.skip">src/pymortests/grid.py:232: &lt;py._xmlgen.raw object at 0x7f1dfe309eb8&gt;</skipped></testcase><testcase classname="src.pymortests.grid" file="src/pymortests/grid.py" line="232" name="test_superentity_indices_valid_entries[&lt;lambda&gt;5]" time="0.0004057884216308594"><skipped message="Suite splitting in effect" type="pytest.skip">src/pymortests/grid.py:232: &lt;py._xmlgen.raw object at 0x7f1dd4a0ce80&gt;</skipped></testcase><testcase classname="src.pymortests.grid" file="src/pymortests/grid.py" line="232" name="test_superentity_indices_valid_entries[&lt;lambda&gt;6]" time="0.0004203319549560547"><skipped message="Suite splitting in effect" type="pytest.skip">src/pymortests/grid.py:232: &lt;py._xmlgen.raw object at 0x7f1dd4a0cba8&gt;</skipped></testcase><testcase classname="src.pymortests.grid" file="src/pymortests/grid.py" line="232" name="test_superentity_indices_valid_entries[&lt;lambda&gt;7]" time="0.0004246234893798828"><skipped message="Suite splitting in effect" type="pytest.skip">src/pymortests/grid.py:232: &lt;py._xmlgen.raw object at 0x7f1dfe378c50&gt;</skipped></testcase><testcase classname="src.pymortests.grid" file="src/pymortests/grid.py" line="232" name="test_superentity_indices_valid_entries[&lt;lambda&gt;8]" time="0.00042247772216796875"><skipped message="Suite splitting in effect" type="pytest.skip">src/pymortests/grid.py:232: &lt;py._xmlgen.raw object at 0x7f1dd4a05f98&gt;</skipped></testcase><testcase classname="src.pymortests.grid" file="src/pymortests/grid.py" line="232" name="test_superentity_indices_valid_entries[&lt;lambda&gt;9]" time="0.00043463706970214844"><skipped message="Suite splitting in effect" type="pytest.skip">src/pymortests/grid.py:232: &lt;py._xmlgen.raw object at 0x7f1dd49fcf28&gt;</skipped></testcase><testcase classname="src.pymortests.grid" file="src/pymortests/grid.py" line="232" name="test_superentity_indices_valid_entries[&lt;lambda&gt;10]" time="0.0004336833953857422"><skipped message="Suite splitting in effect" type="pytest.skip">src/pymortests/grid.py:232: &lt;py._xmlgen.raw object at 0x7f1dd4a6c518&gt;</skipped></testcase><testcase classname="src.pymortests.grid" file="src/pymortests/grid.py" line="232" name="test_superentity_indices_valid_entries[&lt;lambda&gt;11]" time="0.00044226646423339844"><skipped message="Suite splitting in effect" type="pytest.skip">src/pymortests/grid.py:232: &lt;py._xmlgen.raw object at 0x7f1dd4a3c2e8&gt;</skipped></testcase><testcase classname="src.pymortests.grid" file="src/pymortests/grid.py" line="232" name="test_superentity_indices_valid_entries[&lt;lambda&gt;12]" time="0.0006899833679199219"><skipped message="Suite splitting in effect" type="pytest.skip">src/pymortests/grid.py:232: &lt;py._xmlgen.raw object at 0x7f1dfe4c9898&gt;</skipped></testcase><testcase classname="src.pymortests.grid" file="src/pymortests/grid.py" line="232" name="test_superentity_indices_valid_entries[&lt;lambda&gt;13]" time="0.00040912628173828125"><skipped message="Suite splitting in effect" type="pytest.skip">src/pymortests/grid.py:232: &lt;py._xmlgen.raw object at 0x7f1dd49fca58&gt;</skipped></testcase><testcase classname="src.pymortests.grid" file="src/pymortests/grid.py" line="232" name="test_superentity_indices_valid_entries[&lt;lambda&gt;14]" time="0.0004303455352783203"><skipped message="Suite splitting in effect" type="pytest.skip">src/pymortests/grid.py:232: &lt;py._xmlgen.raw object at 0x7f1dd4a052e8&gt;</skipped></testcase><testcase classname="src.pymortests.grid" file="src/pymortests/grid.py" line="232" name="test_superentity_indices_valid_entries[&lt;lambda&gt;15]" time="0.0004489421844482422"><skipped message="Suite splitting in effect" type="pytest.skip">src/pymortests/grid.py:232: &lt;py._xmlgen.raw object at 0x7f1dd4a0cd68&gt;</skipped></testcase><testcase classname="src.pymortests.grid" file="src/pymortests/grid.py" line="232" name="test_superentity_indices_valid_entries[&lt;lambda&gt;16]" time="0.0005152225494384766"><skipped message="Suite splitting in effect" type="pytest.skip">src/pymortests/grid.py:232: &lt;py._xmlgen.raw object at 0x7f1dd4a0ce80&gt;</skipped></testcase><testcase classname="src.pymortests.grid" file="src/pymortests/grid.py" line="232" name="test_superentity_indices_valid_entries[&lt;lambda&gt;17]" time="0.0004467964172363281"><skipped message="Suite splitting in effect" type="pytest.skip">src/pymortests/grid.py:232: &lt;py._xmlgen.raw object at 0x7f1dfe346358&gt;</skipped></testcase><testcase classname="src.pymortests.grid" file="src/pymortests/grid.py" line="232" name="test_superentity_indices_valid_entries[&lt;lambda&gt;18]" time="0.00044035911560058594"><skipped message="Suite splitting in effect" type="pytest.skip">src/pymortests/grid.py:232: &lt;py._xmlgen.raw object at 0x7f1dfe31c630&gt;</skipped></testcase><testcase classname="src.pymortests.grid" file="src/pymortests/grid.py" line="232" name="test_superentity_indices_valid_entries[&lt;lambda&gt;19]" time="0.00043654441833496094"><skipped message="Suite splitting in effect" type="pytest.skip">src/pymortests/grid.py:232: &lt;py._xmlgen.raw object at 0x7f1dd4a1c780&gt;</skipped></testcase><testcase classname="src.pymortests.grid" file="src/pymortests/grid.py" line="232" name="test_superentity_indices_valid_entries[&lt;lambda&gt;20]" time="0.0006787776947021484"><skipped message="Suite splitting in effect" type="pytest.skip">src/pymortests/grid.py:232: &lt;py._xmlgen.raw object at 0x7f1dfe31c8d0&gt;</skipped></testcase><testcase classname="src.pymortests.grid" file="src/pymortests/grid.py" line="232" name="test_superentity_indices_valid_entries[&lt;lambda&gt;21]" time="0.000408172607421875"><skipped message="Suite splitting in effect" type="pytest.skip">src/pymortests/grid.py:232: &lt;py._xmlgen.raw object at 0x7f1dd4a62a90&gt;</skipped></testcase><testcase classname="src.pymortests.grid" file="src/pymortests/grid.py" line="232" name="test_superentity_indices_valid_entries[&lt;lambda&gt;22]" time="0.00043129920959472656"><skipped message="Suite splitting in effect" type="pytest.skip">src/pymortests/grid.py:232: &lt;py._xmlgen.raw object at 0x7f1dd4a0cc18&gt;</skipped></testcase><testcase classname="src.pymortests.grid" file="src/pymortests/grid.py" line="232" name="test_superentity_indices_valid_entries[&lt;lambda&gt;23]" time="0.0004305839538574219"><skipped message="Suite splitting in effect" type="pytest.skip">src/pymortests/grid.py:232: &lt;py._xmlgen.raw object at 0x7f1dd4a0ce10&gt;</skipped></testcase><testcase classname="src.pymortests.grid" file="src/pymortests/grid.py" line="232" name="test_superentity_indices_valid_entries[&lt;lambda&gt;24]" time="0.00045418739318847656"><skipped message="Suite splitting in effect" type="pytest.skip">src/pymortests/grid.py:232: &lt;py._xmlgen.raw object at 0x7f1dd4a05cf8&gt;</skipped></testcase><testcase classname="src.pymortests.grid" file="src/pymortests/grid.py" line="232" name="test_superentity_indices_valid_entries[&lt;lambda&gt;25]" time="0.0004420280456542969"><skipped message="Suite splitting in effect" type="pytest.skip">src/pymortests/grid.py:232: &lt;py._xmlgen.raw object at 0x7f1dd4a6cda0&gt;</skipped></testcase><testcase classname="src.pymortests.grid" file="src/pymortests/grid.py" line="232" name="test_superentity_indices_valid_entries[&lt;lambda&gt;26]" time="0.00042128562927246094"><skipped message="Suite splitting in effect" type="pytest.skip">src/pymortests/grid.py:232: &lt;py._xmlgen.raw object at 0x7f1dd4a1cb70&gt;</skipped></testcase><testcase classname="src.pymortests.grid" file="src/pymortests/grid.py" line="232" name="test_superentity_indices_valid_entries[&lt;lambda&gt;27]" time="0.0004382133483886719"><skipped message="Suite splitting in effect" type="pytest.skip">src/pymortests/grid.py:232: &lt;py._xmlgen.raw object at 0x7f1dd4a1cef0&gt;</skipped></testcase><testcase classname="src.pymortests.grid" file="src/pymortests/grid.py" line="232" name="test_superentity_indices_valid_entries[&lt;lambda&gt;28]" time="0.0007150173187255859"><skipped message="Suite splitting in effect" type="pytest.skip">src/pymortests/grid.py:232: &lt;py._xmlgen.raw object at 0x7f1dd4a29470&gt;</skipped></testcase><testcase classname="src.pymortests.grid" file="src/pymortests/grid.py" line="232" name="test_superentity_indices_valid_entries[&lt;lambda&gt;29]" time="0.0004088878631591797"><skipped message="Suite splitting in effect" type="pytest.skip">src/pymortests/grid.py:232: &lt;py._xmlgen.raw object at 0x7f1dd4a1c940&gt;</skipped></testcase><testcase classname="src.pymortests.grid" file="src/pymortests/grid.py" line="232" name="test_superentity_indices_valid_entries[&lt;lambda&gt;30]" time="0.0004096031188964844"><skipped message="Suite splitting in effect" type="pytest.skip">src/pymortests/grid.py:232: &lt;py._xmlgen.raw object at 0x7f1dd49fc668&gt;</skipped></testcase><testcase classname="src.pymortests.grid" file="src/pymortests/grid.py" line="232" name="test_superentity_indices_valid_entries[&lt;lambda&gt;31]" time="0.0004172325134277344"><skipped message="Suite splitting in effect" type="pytest.skip">src/pymortests/grid.py:232: &lt;py._xmlgen.raw object at 0x7f1dd4a05710&gt;</skipped></testcase><testcase classname="src.pymortests.grid" file="src/pymortests/grid.py" line="232" name="test_superentity_indices_valid_entries[&lt;lambda&gt;32]" time="0.0004527568817138672"><skipped message="Suite splitting in effect" type="pytest.skip">src/pymortests/grid.py:232: &lt;py._xmlgen.raw object at 0x7f1dfe32b4e0&gt;</skipped></testcase><testcase classname="src.pymortests.grid" file="src/pymortests/grid.py" line="232" name="test_superentity_indices_valid_entries[&lt;lambda&gt;33]" time="0.0004286766052246094"><skipped message="Suite splitting in effect" type="pytest.skip">src/pymortests/grid.py:232: &lt;py._xmlgen.raw object at 0x7f1dd4a0c160&gt;</skipped></testcase><testcase classname="src.pymortests.grid" file="src/pymortests/grid.py" line="232" name="test_superentity_indices_valid_entries[&lt;lambda&gt;34]" time="0.000438690185546875"><skipped message="Suite splitting in effect" type="pytest.skip">src/pymortests/grid.py:232: &lt;py._xmlgen.raw object at 0x7f1dfe2c0cc0&gt;</skipped></testcase><testcase classname="src.pymortests.grid" file="src/pymortests/grid.py" line="232" name="test_superentity_indices_valid_entries[&lt;lambda&gt;35]" time="0.00044608116149902344"><skipped message="Suite splitting in effect" type="pytest.skip">src/pymortests/grid.py:232: &lt;py._xmlgen.raw object at 0x7f1dd4a29390&gt;</skipped></testcase><testcase classname="src.pymortests.grid" file="src/pymortests/grid.py" line="232" name="test_superentity_indices_valid_entries[&lt;lambda&gt;36]" time="0.0006897449493408203"><skipped message="Suite splitting in effect" type="pytest.skip">src/pymortests/grid.py:232: &lt;py._xmlgen.raw object at 0x7f1dd4a299b0&gt;</skipped></testcase><testcase classname="src.pymortests.grid" file="src/pymortests/grid.py" line="232" name="test_superentity_indices_valid_entries[&lt;lambda&gt;37]" time="0.00041365623474121094"><skipped message="Suite splitting in effect" type="pytest.skip">src/pymortests/grid.py:232: &lt;py._xmlgen.raw object at 0x7f1dfe309ac8&gt;</skipped></testcase><testcase classname="src.pymortests.grid" file="src/pymortests/grid.py" line="232" name="test_superentity_indices_valid_entries[&lt;lambda&gt;38]" time="0.00042939186096191406"><skipped message="Suite splitting in effect" type="pytest.skip">src/pymortests/grid.py:232: &lt;py._xmlgen.raw object at 0x7f1dfe2d0588&gt;</skipped></testcase><testcase classname="src.pymortests.grid" file="src/pymortests/grid.py" line="232" name="test_superentity_indices_valid_entries[&lt;lambda&gt;39]" time="0.00042724609375"><skipped message="Suite splitting in effect" type="pytest.skip">src/pymortests/grid.py:232: &lt;py._xmlgen.raw object at 0x7f1dd4a054a8&gt;</skipped></testcase><testcase classname="src.pymortests.grid" file="src/pymortests/grid.py" line="232" name="test_superentity_indices_valid_entries[&lt;lambda&gt;40]" time="0.0004448890686035156"><skipped message="Suite splitting in effect" type="pytest.skip">src/pymortests/grid.py:232: &lt;py._xmlgen.raw object at 0x7f1dd49fcf60&gt;</skipped></testcase><testcase classname="src.pymortests.grid" file="src/pymortests/grid.py" line="232" name="test_superentity_indices_valid_entries[&lt;lambda&gt;41]" time="0.00043964385986328125"><skipped message="Suite splitting in effect" type="pytest.skip">src/pymortests/grid.py:232: &lt;py._xmlgen.raw object at 0x7f1dd4a1c828&gt;</skipped></testcase><testcase classname="src.pymortests.grid" file="src/pymortests/grid.py" line="232" name="test_superentity_indices_valid_entries[&lt;lambda&gt;42]" time="0.00045609474182128906"><skipped message="Suite splitting in effect" type="pytest.skip">src/pymortests/grid.py:232: &lt;py._xmlgen.raw object at 0x7f1dd4a29588&gt;</skipped></testcase><testcase classname="src.pymortests.grid" file="src/pymortests/grid.py" line="244" name="test_neighbours_wrong_arguments[&lt;lambda&gt;0]" time="0.0004601478576660156"><skipped message="Suite splitting in effect" type="pytest.skip">src/pymortests/grid.py:244: &lt;py._xmlgen.raw object at 0x7f1dd4a29208&gt;</skipped></testcase><testcase classname="src.pymortests.grid" file="src/pymortests/grid.py" line="244" name="test_neighbours_wrong_arguments[&lt;lambda&gt;1]" time="0.0007233619689941406"><skipped message="Suite splitting in effect" type="pytest.skip">src/pymortests/grid.py:244: &lt;py._xmlgen.raw object at 0x7f1dd4a34048&gt;</skipped></testcase><testcase classname="src.pymortests.grid" file="src/pymortests/grid.py" line="244" name="test_neighbours_wrong_arguments[&lt;lambda&gt;2]" time="0.00043320655822753906"><skipped message="Suite splitting in effect" type="pytest.skip">src/pymortests/grid.py:244: &lt;py._xmlgen.raw object at 0x7f1dd4a29860&gt;</skipped></testcase><testcase classname="src.pymortests.grid" file="src/pymortests/grid.py" line="244" name="test_neighbours_wrong_arguments[&lt;lambda&gt;3]" time="0.0004210472106933594"><skipped message="Suite splitting in effect" type="pytest.skip">src/pymortests/grid.py:244: &lt;py._xmlgen.raw object at 0x7f1dd4a6c320&gt;</skipped></testcase><testcase classname="src.pymortests.grid" file="src/pymortests/grid.py" line="244" name="test_neighbours_wrong_arguments[&lt;lambda&gt;4]" time="0.000553131103515625"><skipped message="Suite splitting in effect" type="pytest.skip">src/pymortests/grid.py:244: &lt;py._xmlgen.raw object at 0x7f1dd4a1cbe0&gt;</skipped></testcase><testcase classname="src.pymortests.grid" file="src/pymortests/grid.py" line="244" name="test_neighbours_wrong_arguments[&lt;lambda&gt;5]" time="0.0004329681396484375"><skipped message="Suite splitting in effect" type="pytest.skip">src/pymortests/grid.py:244: &lt;py._xmlgen.raw object at 0x7f1dd4a05400&gt;</skipped></testcase><testcase classname="src.pymortests.grid" file="src/pymortests/grid.py" line="244" name="test_neighbours_wrong_arguments[&lt;lambda&gt;6]" time="0.0004267692565917969"><skipped message="Suite splitting in effect" type="pytest.skip">src/pymortests/grid.py:244: &lt;py._xmlgen.raw object at 0x7f1dfe2d00f0&gt;</skipped></testcase><testcase classname="src.pymortests.grid" file="src/pymortests/grid.py" line="244" name="test_neighbours_wrong_arguments[&lt;lambda&gt;7]" time="0.000431060791015625"><skipped message="Suite splitting in effect" type="pytest.skip">src/pymortests/grid.py:244: &lt;py._xmlgen.raw object at 0x7f1dd4a0c1d0&gt;</skipped></testcase><testcase classname="src.pymortests.grid" file="src/pymortests/grid.py" line="244" name="test_neighbours_wrong_arguments[&lt;lambda&gt;8]" time="0.0004429817199707031"><skipped message="Suite splitting in effect" type="pytest.skip">src/pymortests/grid.py:244: &lt;py._xmlgen.raw object at 0x7f1dd4a34128&gt;</skipped></testcase><testcase classname="src.pymortests.grid" file="src/pymortests/grid.py" line="244" name="test_neighbours_wrong_arguments[&lt;lambda&gt;9]" time="0.0006999969482421875"><skipped message="Suite splitting in effect" type="pytest.skip">src/pymortests/grid.py:244: &lt;py._xmlgen.raw object at 0x7f1dd4a34630&gt;</skipped></testcase><testcase classname="src.pymortests.grid" file="src/pymortests/grid.py" line="244" name="test_neighbours_wrong_arguments[&lt;lambda&gt;10]" time="0.0004355907440185547"><skipped message="Suite splitting in effect" type="pytest.skip">src/pymortests/grid.py:244: &lt;py._xmlgen.raw object at 0x7f1dd4a0c198&gt;</skipped></testcase><testcase classname="src.pymortests.grid" file="src/pymortests/grid.py" line="244" name="test_neighbours_wrong_arguments[&lt;lambda&gt;11]" time="0.0004143714904785156"><skipped message="Suite splitting in effect" type="pytest.skip">src/pymortests/grid.py:244: &lt;py._xmlgen.raw object at 0x7f1dfe2d0cc0&gt;</skipped></testcase><testcase classname="src.pymortests.grid" file="src/pymortests/grid.py" line="244" name="test_neighbours_wrong_arguments[&lt;lambda&gt;12]" time="0.0004570484161376953"><skipped message="Suite splitting in effect" type="pytest.skip">src/pymortests/grid.py:244: &lt;py._xmlgen.raw object at 0x7f1dd4a05128&gt;</skipped></testcase><testcase classname="src.pymortests.grid" file="src/pymortests/grid.py" line="244" name="test_neighbours_wrong_arguments[&lt;lambda&gt;13]" time="0.0004076957702636719"><skipped message="Suite splitting in effect" type="pytest.skip">src/pymortests/grid.py:244: &lt;py._xmlgen.raw object at 0x7f1dd4a1c828&gt;</skipped></testcase><testcase classname="src.pymortests.grid" file="src/pymortests/grid.py" line="244" name="test_neighbours_wrong_arguments[&lt;lambda&gt;14]" time="0.0004305839538574219"><skipped message="Suite splitting in effect" type="pytest.skip">src/pymortests/grid.py:244: &lt;py._xmlgen.raw object at 0x7f1dd4a29908&gt;</skipped></testcase><testcase classname="src.pymortests.grid" file="src/pymortests/grid.py" line="244" name="test_neighbours_wrong_arguments[&lt;lambda&gt;15]" time="0.00040841102600097656"><skipped message="Suite splitting in effect" type="pytest.skip">src/pymortests/grid.py:244: &lt;py._xmlgen.raw object at 0x7f1dd4a29ba8&gt;</skipped></testcase><testcase classname="src.pymortests.grid" file="src/pymortests/grid.py" line="244" name="test_neighbours_wrong_arguments[&lt;lambda&gt;16]" time="0.0004355907440185547"><skipped message="Suite splitting in effect" type="pytest.skip">src/pymortests/grid.py:244: &lt;py._xmlgen.raw object at 0x7f1dd4a341d0&gt;</skipped></testcase><testcase classname="src.pymortests.grid" file="src/pymortests/grid.py" line="244" name="test_neighbours_wrong_arguments[&lt;lambda&gt;17]" time="0.0007255077362060547"><skipped message="Suite splitting in effect" type="pytest.skip">src/pymortests/grid.py:244: &lt;py._xmlgen.raw object at 0x7f1dd4a34c50&gt;</skipped></testcase><testcase classname="src.pymortests.grid" file="src/pymortests/grid.py" line="244" name="test_neighbours_wrong_arguments[&lt;lambda&gt;18]" time="0.00041747093200683594"><skipped message="Suite splitting in effect" type="pytest.skip">src/pymortests/grid.py:244: &lt;py._xmlgen.raw object at 0x7f1dd4a29b38&gt;</skipped></testcase><testcase classname="src.pymortests.grid" file="src/pymortests/grid.py" line="244" name="test_neighbours_wrong_arguments[&lt;lambda&gt;19]" time="0.0004520416259765625"><skipped message="Suite splitting in effect" type="pytest.skip">src/pymortests/grid.py:244: &lt;py._xmlgen.raw object at 0x7f1dd4a1c080&gt;</skipped></testcase><testcase classname="src.pymortests.grid" file="src/pymortests/grid.py" line="244" name="test_neighbours_wrong_arguments[&lt;lambda&gt;20]" time="0.00042510032653808594"><skipped message="Suite splitting in effect" type="pytest.skip">src/pymortests/grid.py:244: &lt;py._xmlgen.raw object at 0x7f1dd4a05710&gt;</skipped></testcase><testcase classname="src.pymortests.grid" file="src/pymortests/grid.py" line="244" name="test_neighbours_wrong_arguments[&lt;lambda&gt;21]" time="0.0004489421844482422"><skipped message="Suite splitting in effect" type="pytest.skip">src/pymortests/grid.py:244: &lt;py._xmlgen.raw object at 0x7f1dd4a58198&gt;</skipped></testcase><testcase classname="src.pymortests.grid" file="src/pymortests/grid.py" line="244" name="test_neighbours_wrong_arguments[&lt;lambda&gt;22]" time="0.0004279613494873047"><skipped message="Suite splitting in effect" type="pytest.skip">src/pymortests/grid.py:244: &lt;py._xmlgen.raw object at 0x7f1dfe2f2400&gt;</skipped></testcase><testcase classname="src.pymortests.grid" file="src/pymortests/grid.py" line="244" name="test_neighbours_wrong_arguments[&lt;lambda&gt;23]" time="0.0004909038543701172"><skipped message="Suite splitting in effect" type="pytest.skip">src/pymortests/grid.py:244: &lt;py._xmlgen.raw object at 0x7f1dd4a349b0&gt;</skipped></testcase><testcase classname="src.pymortests.grid" file="src/pymortests/grid.py" line="244" name="test_neighbours_wrong_arguments[&lt;lambda&gt;24]" time="0.0004265308380126953"><skipped message="Suite splitting in effect" type="pytest.skip">src/pymortests/grid.py:244: &lt;py._xmlgen.raw object at 0x7f1dd4a344a8&gt;</skipped></testcase><testcase classname="src.pymortests.grid" file="src/pymortests/grid.py" line="244" name="test_neighbours_wrong_arguments[&lt;lambda&gt;25]" time="0.0007452964782714844"><skipped message="Suite splitting in effect" type="pytest.skip">src/pymortests/grid.py:244: &lt;py._xmlgen.raw object at 0x7f1dd49bd2b0&gt;</skipped></testcase><testcase classname="src.pymortests.grid" file="src/pymortests/grid.py" line="244" name="test_neighbours_wrong_arguments[&lt;lambda&gt;26]" time="0.00041294097900390625"><skipped message="Suite splitting in effect" type="pytest.skip">src/pymortests/grid.py:244: &lt;py._xmlgen.raw object at 0x7f1dd4a347b8&gt;</skipped></testcase><testcase classname="src.pymortests.grid" file="src/pymortests/grid.py" line="244" name="test_neighbours_wrong_arguments[&lt;lambda&gt;27]" time="0.0004220008850097656"><skipped message="Suite splitting in effect" type="pytest.skip">src/pymortests/grid.py:244: &lt;py._xmlgen.raw object at 0x7f1dd4a0c780&gt;</skipped></testcase><testcase classname="src.pymortests.grid" file="src/pymortests/grid.py" line="244" name="test_neighbours_wrong_arguments[&lt;lambda&gt;28]" time="0.00042700767517089844"><skipped message="Suite splitting in effect" type="pytest.skip">src/pymortests/grid.py:244: &lt;py._xmlgen.raw object at 0x7f1dfe346a90&gt;</skipped></testcase><testcase classname="src.pymortests.grid" file="src/pymortests/grid.py" line="244" name="test_neighbours_wrong_arguments[&lt;lambda&gt;29]" time="0.0004405975341796875"><skipped message="Suite splitting in effect" type="pytest.skip">src/pymortests/grid.py:244: &lt;py._xmlgen.raw object at 0x7f1dd49fcf60&gt;</skipped></testcase><testcase classname="src.pymortests.grid" file="src/pymortests/grid.py" line="244" name="test_neighbours_wrong_arguments[&lt;lambda&gt;30]" time="0.0004363059997558594"><skipped message="Suite splitting in effect" type="pytest.skip">src/pymortests/grid.py:244: &lt;py._xmlgen.raw object at 0x7f1dd4a1c128&gt;</skipped></testcase><testcase classname="src.pymortests.grid" file="src/pymortests/grid.py" line="244" name="test_neighbours_wrong_arguments[&lt;lambda&gt;31]" time="0.0004718303680419922"><skipped message="Suite splitting in effect" type="pytest.skip">src/pymortests/grid.py:244: &lt;py._xmlgen.raw object at 0x7f1dd4a29748&gt;</skipped></testcase><testcase classname="src.pymortests.grid" file="src/pymortests/grid.py" line="244" name="test_neighbours_wrong_arguments[&lt;lambda&gt;32]" time="0.0004477500915527344"><skipped message="Suite splitting in effect" type="pytest.skip">src/pymortests/grid.py:244: &lt;py._xmlgen.raw object at 0x7f1dd49bd128&gt;</skipped></testcase><testcase classname="src.pymortests.grid" file="src/pymortests/grid.py" line="244" name="test_neighbours_wrong_arguments[&lt;lambda&gt;33]" time="0.00086212158203125"><skipped message="Suite splitting in effect" type="pytest.skip">src/pymortests/grid.py:244: &lt;py._xmlgen.raw object at 0x7f1dd49bd8d0&gt;</skipped></testcase><testcase classname="src.pymortests.grid" file="src/pymortests/grid.py" line="244" name="test_neighbours_wrong_arguments[&lt;lambda&gt;34]" time="0.00043201446533203125"><skipped message="Suite splitting in effect" type="pytest.skip">src/pymortests/grid.py:244: &lt;py._xmlgen.raw object at 0x7f1dd4a054a8&gt;</skipped></testcase><testcase classname="src.pymortests.grid" file="src/pymortests/grid.py" line="244" name="test_neighbours_wrong_arguments[&lt;lambda&gt;35]" time="0.00041103363037109375"><skipped message="Suite splitting in effect" type="pytest.skip">src/pymortests/grid.py:244: &lt;py._xmlgen.raw object at 0x7f1dfe32b4e0&gt;</skipped></testcase><testcase classname="src.pymortests.grid" file="src/pymortests/grid.py" line="244" name="test_neighbours_wrong_arguments[&lt;lambda&gt;36]" time="0.0004150867462158203"><skipped message="Suite splitting in effect" type="pytest.skip">src/pymortests/grid.py:244: &lt;py._xmlgen.raw object at 0x7f1dfe346a90&gt;</skipped></testcase><testcase classname="src.pymortests.grid" file="src/pymortests/grid.py" line="244" name="test_neighbours_wrong_arguments[&lt;lambda&gt;37]" time="0.00041604042053222656"><skipped message="Suite splitting in effect" type="pytest.skip">src/pymortests/grid.py:244: &lt;py._xmlgen.raw object at 0x7f1dd4a0c1d0&gt;</skipped></testcase><testcase classname="src.pymortests.grid" file="src/pymortests/grid.py" line="244" name="test_neighbours_wrong_arguments[&lt;lambda&gt;38]" time="0.00041365623474121094"><skipped message="Suite splitting in effect" type="pytest.skip">src/pymortests/grid.py:244: &lt;py._xmlgen.raw object at 0x7f1dd4a343c8&gt;</skipped></testcase><testcase classname="src.pymortests.grid" file="src/pymortests/grid.py" line="244" name="test_neighbours_wrong_arguments[&lt;lambda&gt;39]" time="0.0004191398620605469"><skipped message="Suite splitting in effect" type="pytest.skip">src/pymortests/grid.py:244: &lt;py._xmlgen.raw object at 0x7f1dd49bd9e8&gt;</skipped></testcase><testcase classname="src.pymortests.grid" file="src/pymortests/grid.py" line="244" name="test_neighbours_wrong_arguments[&lt;lambda&gt;40]" time="0.0004246234893798828"><skipped message="Suite splitting in effect" type="pytest.skip">src/pymortests/grid.py:244: &lt;py._xmlgen.raw object at 0x7f1dd49bd400&gt;</skipped></testcase><testcase classname="src.pymortests.grid" file="src/pymortests/grid.py" line="244" name="test_neighbours_wrong_arguments[&lt;lambda&gt;41]" time="0.0009038448333740234"><skipped message="Suite splitting in effect" type="pytest.skip">src/pymortests/grid.py:244: &lt;py._xmlgen.raw object at 0x7f1dd49bdef0&gt;</skipped></testcase><testcase classname="src.pymortests.grid" file="src/pymortests/grid.py" line="244" name="test_neighbours_wrong_arguments[&lt;lambda&gt;42]" time="0.00043892860412597656"><skipped message="Suite splitting in effect" type="pytest.skip">src/pymortests/grid.py:244: &lt;py._xmlgen.raw object at 0x7f1dd49bd358&gt;</skipped></testcase><testcase classname="src.pymortests.grid" file="src/pymortests/grid.py" line="266" name="test_neighbours_shape[&lt;lambda&gt;0]" time="0.0004189014434814453"><skipped message="Suite splitting in effect" type="pytest.skip">src/pymortests/grid.py:266: &lt;py._xmlgen.raw object at 0x7f1dd4a34a90&gt;</skipped></testcase><testcase classname="src.pymortests.grid" file="src/pymortests/grid.py" line="266" name="test_neighbours_shape[&lt;lambda&gt;1]" time="0.000415802001953125"><skipped message="Suite splitting in effect" type="pytest.skip">src/pymortests/grid.py:266: &lt;py._xmlgen.raw object at 0x7f1dd4a34da0&gt;</skipped></testcase><testcase classname="src.pymortests.grid" file="src/pymortests/grid.py" line="266" name="test_neighbours_shape[&lt;lambda&gt;2]" time="0.00041961669921875"><skipped message="Suite splitting in effect" type="pytest.skip">src/pymortests/grid.py:266: &lt;py._xmlgen.raw object at 0x7f1dfe2f2748&gt;</skipped></testcase><testcase classname="src.pymortests.grid" file="src/pymortests/grid.py" line="266" name="test_neighbours_shape[&lt;lambda&gt;3]" time="0.00044655799865722656"><skipped message="Suite splitting in effect" type="pytest.skip">src/pymortests/grid.py:266: &lt;py._xmlgen.raw object at 0x7f1dd4a6c0f0&gt;</skipped></testcase><testcase classname="src.pymortests.grid" file="src/pymortests/grid.py" line="266" name="test_neighbours_shape[&lt;lambda&gt;4]" time="0.0004634857177734375"><skipped message="Suite splitting in effect" type="pytest.skip">src/pymortests/grid.py:266: &lt;py._xmlgen.raw object at 0x7f1dd4a29dd8&gt;</skipped></testcase><testcase classname="src.pymortests.grid" file="src/pymortests/grid.py" line="266" name="test_neighbours_shape[&lt;lambda&gt;5]" time="0.00041866302490234375"><skipped message="Suite splitting in effect" type="pytest.skip">src/pymortests/grid.py:266: &lt;py._xmlgen.raw object at 0x7f1dd49c9080&gt;</skipped></testcase><testcase classname="src.pymortests.grid" file="src/pymortests/grid.py" line="266" name="test_neighbours_shape[&lt;lambda&gt;6]" time="0.0007195472717285156"><skipped message="Suite splitting in effect" type="pytest.skip">src/pymortests/grid.py:266: &lt;py._xmlgen.raw object at 0x7f1dd49c9550&gt;</skipped></testcase><testcase classname="src.pymortests.grid" file="src/pymortests/grid.py" line="266" name="test_neighbours_shape[&lt;lambda&gt;7]" time="0.0004260540008544922"><skipped message="Suite splitting in effect" type="pytest.skip">src/pymortests/grid.py:266: &lt;py._xmlgen.raw object at 0x7f1dd4a29860&gt;</skipped></testcase><testcase classname="src.pymortests.grid" file="src/pymortests/grid.py" line="266" name="test_neighbours_shape[&lt;lambda&gt;8]" time="0.0004405975341796875"><skipped message="Suite splitting in effect" type="pytest.skip">src/pymortests/grid.py:266: &lt;py._xmlgen.raw object at 0x7f1dfe2d0828&gt;</skipped></testcase><testcase classname="src.pymortests.grid" file="src/pymortests/grid.py" line="266" name="test_neighbours_shape[&lt;lambda&gt;9]" time="0.00047326087951660156"><skipped message="Suite splitting in effect" type="pytest.skip">src/pymortests/grid.py:266: &lt;py._xmlgen.raw object at 0x7f1dd4a0c1d0&gt;</skipped></testcase><testcase classname="src.pymortests.grid" file="src/pymortests/grid.py" line="266" name="test_neighbours_shape[&lt;lambda&gt;10]" time="0.0004661083221435547"><skipped message="Suite splitting in effect" type="pytest.skip">src/pymortests/grid.py:266: &lt;py._xmlgen.raw object at 0x7f1dd4a342b0&gt;</skipped></testcase><testcase classname="src.pymortests.grid" file="src/pymortests/grid.py" line="266" name="test_neighbours_shape[&lt;lambda&gt;11]" time="0.00044226646423339844"><skipped message="Suite splitting in effect" type="pytest.skip">src/pymortests/grid.py:266: &lt;py._xmlgen.raw object at 0x7f1dd49bd160&gt;</skipped></testcase><testcase classname="src.pymortests.grid" file="src/pymortests/grid.py" line="266" name="test_neighbours_shape[&lt;lambda&gt;12]" time="0.0004642009735107422"><skipped message="Suite splitting in effect" type="pytest.skip">src/pymortests/grid.py:266: &lt;py._xmlgen.raw object at 0x7f1dd49bdda0&gt;</skipped></testcase><testcase classname="src.pymortests.grid" file="src/pymortests/grid.py" line="266" name="test_neighbours_shape[&lt;lambda&gt;13]" time="0.0004646778106689453"><skipped message="Suite splitting in effect" type="pytest.skip">src/pymortests/grid.py:266: &lt;py._xmlgen.raw object at 0x7f1dd49c94a8&gt;</skipped></testcase><testcase classname="src.pymortests.grid" file="src/pymortests/grid.py" line="266" name="test_neighbours_shape[&lt;lambda&gt;14]" time="0.0010442733764648438"><skipped message="Suite splitting in effect" type="pytest.skip">src/pymortests/grid.py:266: &lt;py._xmlgen.raw object at 0x7f1dd49c9b70&gt;</skipped></testcase><testcase classname="src.pymortests.grid" file="src/pymortests/grid.py" line="266" name="test_neighbours_shape[&lt;lambda&gt;15]" time="0.0004315376281738281"><skipped message="Suite splitting in effect" type="pytest.skip">src/pymortests/grid.py:266: &lt;py._xmlgen.raw object at 0x7f1dfe2f2c88&gt;</skipped></testcase><testcase classname="src.pymortests.grid" file="src/pymortests/grid.py" line="266" name="test_neighbours_shape[&lt;lambda&gt;16]" time="0.0004551410675048828"><skipped message="Suite splitting in effect" type="pytest.skip">src/pymortests/grid.py:266: &lt;py._xmlgen.raw object at 0x7f1dd4a05b00&gt;</skipped></testcase><testcase classname="src.pymortests.grid" file="src/pymortests/grid.py" line="266" name="test_neighbours_shape[&lt;lambda&gt;17]" time="0.0004315376281738281"><skipped message="Suite splitting in effect" type="pytest.skip">src/pymortests/grid.py:266: &lt;py._xmlgen.raw object at 0x7f1dd49bd358&gt;</skipped></testcase><testcase classname="src.pymortests.grid" file="src/pymortests/grid.py" line="266" name="test_neighbours_shape[&lt;lambda&gt;18]" time="0.0004496574401855469"><skipped message="Suite splitting in effect" type="pytest.skip">src/pymortests/grid.py:266: &lt;py._xmlgen.raw object at 0x7f1dd49bdef0&gt;</skipped></testcase><testcase classname="src.pymortests.grid" file="src/pymortests/grid.py" line="266" name="test_neighbours_shape[&lt;lambda&gt;19]" time="0.00045418739318847656"><skipped message="Suite splitting in effect" type="pytest.skip">src/pymortests/grid.py:266: &lt;py._xmlgen.raw object at 0x7f1dd4a34ba8&gt;</skipped></testcase><testcase classname="src.pymortests.grid" file="src/pymortests/grid.py" line="266" name="test_neighbours_shape[&lt;lambda&gt;20]" time="0.0004265308380126953"><skipped message="Suite splitting in effect" type="pytest.skip">src/pymortests/grid.py:266: &lt;py._xmlgen.raw object at 0x7f1dd4a29390&gt;</skipped></testcase><testcase classname="src.pymortests.grid" file="src/pymortests/grid.py" line="266" name="test_neighbours_shape[&lt;lambda&gt;21]" time="0.0004489421844482422"><skipped message="Suite splitting in effect" type="pytest.skip">src/pymortests/grid.py:266: &lt;py._xmlgen.raw object at 0x7f1dd4a1cf98&gt;</skipped></testcase><testcase classname="src.pymortests.grid" file="src/pymortests/grid.py" line="266" name="test_neighbours_shape[&lt;lambda&gt;22]" time="0.00041675567626953125"><skipped message="Suite splitting in effect" type="pytest.skip">src/pymortests/grid.py:266: &lt;py._xmlgen.raw object at 0x7f1dd4a3c2e8&gt;</skipped></testcase><testcase classname="src.pymortests.grid" file="src/pymortests/grid.py" line="266" name="test_neighbours_shape[&lt;lambda&gt;23]" time="0.0009074211120605469"><skipped message="Suite splitting in effect" type="pytest.skip">src/pymortests/grid.py:266: &lt;py._xmlgen.raw object at 0x7f1dfe2c0cc0&gt;</skipped></testcase><testcase classname="src.pymortests.grid" file="src/pymortests/grid.py" line="266" name="test_neighbours_shape[&lt;lambda&gt;24]" time="0.0004336833953857422"><skipped message="Suite splitting in effect" type="pytest.skip">src/pymortests/grid.py:266: &lt;py._xmlgen.raw object at 0x7f1dd4a292e8&gt;</skipped></testcase><testcase classname="src.pymortests.grid" file="src/pymortests/grid.py" line="266" name="test_neighbours_shape[&lt;lambda&gt;25]" time="0.0004088878631591797"><skipped message="Suite splitting in effect" type="pytest.skip">src/pymortests/grid.py:266: &lt;py._xmlgen.raw object at 0x7f1dd4a34e80&gt;</skipped></testcase><testcase classname="src.pymortests.grid" file="src/pymortests/grid.py" line="266" name="test_neighbours_shape[&lt;lambda&gt;26]" time="0.0004239082336425781"><skipped message="Suite splitting in effect" type="pytest.skip">src/pymortests/grid.py:266: &lt;py._xmlgen.raw object at 0x7f1dd49bdc88&gt;</skipped></testcase><testcase classname="src.pymortests.grid" file="src/pymortests/grid.py" line="266" name="test_neighbours_shape[&lt;lambda&gt;27]" time="0.0004458427429199219"><skipped message="Suite splitting in effect" type="pytest.skip">src/pymortests/grid.py:266: &lt;py._xmlgen.raw object at 0x7f1dfe281208&gt;</skipped></testcase><testcase classname="src.pymortests.grid" file="src/pymortests/grid.py" line="266" name="test_neighbours_shape[&lt;lambda&gt;28]" time="0.0004322528839111328"><skipped message="Suite splitting in effect" type="pytest.skip">src/pymortests/grid.py:266: &lt;py._xmlgen.raw object at 0x7f1dd4a0c198&gt;</skipped></testcase><testcase classname="src.pymortests.grid" file="src/pymortests/grid.py" line="266" name="test_neighbours_shape[&lt;lambda&gt;29]" time="0.00043702125549316406"><skipped message="Suite splitting in effect" type="pytest.skip">src/pymortests/grid.py:266: &lt;py._xmlgen.raw object at 0x7f1dfe2953c8&gt;</skipped></testcase><testcase classname="src.pymortests.grid" file="src/pymortests/grid.py" line="266" name="test_neighbours_shape[&lt;lambda&gt;30]" time="0.0004742145538330078"><skipped message="Suite splitting in effect" type="pytest.skip">src/pymortests/grid.py:266: &lt;py._xmlgen.raw object at 0x7f1dd49c99b0&gt;</skipped></testcase><testcase classname="src.pymortests.grid" file="src/pymortests/grid.py" line="266" name="test_neighbours_shape[&lt;lambda&gt;31]" time="0.0006930828094482422"><skipped message="Suite splitting in effect" type="pytest.skip">src/pymortests/grid.py:266: &lt;py._xmlgen.raw object at 0x7f1dfe2953c8&gt;</skipped></testcase><testcase classname="src.pymortests.grid" file="src/pymortests/grid.py" line="266" name="test_neighbours_shape[&lt;lambda&gt;32]" time="0.00041747093200683594"><skipped message="Suite splitting in effect" type="pytest.skip">src/pymortests/grid.py:266: &lt;py._xmlgen.raw object at 0x7f1dfe2d0438&gt;</skipped></testcase><testcase classname="src.pymortests.grid" file="src/pymortests/grid.py" line="266" name="test_neighbours_shape[&lt;lambda&gt;33]" time="0.00041413307189941406"><skipped message="Suite splitting in effect" type="pytest.skip">src/pymortests/grid.py:266: &lt;py._xmlgen.raw object at 0x7f1dd49bdda0&gt;</skipped></testcase><testcase classname="src.pymortests.grid" file="src/pymortests/grid.py" line="266" name="test_neighbours_shape[&lt;lambda&gt;34]" time="0.00042891502380371094"><skipped message="Suite splitting in effect" type="pytest.skip">src/pymortests/grid.py:266: &lt;py._xmlgen.raw object at 0x7f1dd4a34710&gt;</skipped></testcase><testcase classname="src.pymortests.grid" file="src/pymortests/grid.py" line="266" name="test_neighbours_shape[&lt;lambda&gt;35]" time="0.0004248619079589844"><skipped message="Suite splitting in effect" type="pytest.skip">src/pymortests/grid.py:266: &lt;py._xmlgen.raw object at 0x7f1dd4a29a20&gt;</skipped></testcase><testcase classname="src.pymortests.grid" file="src/pymortests/grid.py" line="266" name="test_neighbours_shape[&lt;lambda&gt;36]" time="0.00043463706970214844"><skipped message="Suite splitting in effect" type="pytest.skip">src/pymortests/grid.py:266: &lt;py._xmlgen.raw object at 0x7f1dd4a1c438&gt;</skipped></testcase><testcase classname="src.pymortests.grid" file="src/pymortests/grid.py" line="266" name="test_neighbours_shape[&lt;lambda&gt;37]" time="0.00045871734619140625"><skipped message="Suite splitting in effect" type="pytest.skip">src/pymortests/grid.py:266: &lt;py._xmlgen.raw object at 0x7f1dd49c9048&gt;</skipped></testcase><testcase classname="src.pymortests.grid" file="src/pymortests/grid.py" line="266" name="test_neighbours_shape[&lt;lambda&gt;38]" time="0.0004596710205078125"><skipped message="Suite splitting in effect" type="pytest.skip">src/pymortests/grid.py:266: &lt;py._xmlgen.raw object at 0x7f1dd49d80b8&gt;</skipped></testcase><testcase classname="src.pymortests.grid" file="src/pymortests/grid.py" line="266" name="test_neighbours_shape[&lt;lambda&gt;39]" time="0.0007143020629882812"><skipped message="Suite splitting in effect" type="pytest.skip">src/pymortests/grid.py:266: &lt;py._xmlgen.raw object at 0x7f1dd49d85f8&gt;</skipped></testcase><testcase classname="src.pymortests.grid" file="src/pymortests/grid.py" line="266" name="test_neighbours_shape[&lt;lambda&gt;40]" time="0.00042438507080078125"><skipped message="Suite splitting in effect" type="pytest.skip">src/pymortests/grid.py:266: &lt;py._xmlgen.raw object at 0x7f1dd49c99e8&gt;</skipped></testcase><testcase classname="src.pymortests.grid" file="src/pymortests/grid.py" line="266" name="test_neighbours_shape[&lt;lambda&gt;41]" time="0.0004322528839111328"><skipped message="Suite splitting in effect" type="pytest.skip">src/pymortests/grid.py:266: &lt;py._xmlgen.raw object at 0x7f1dfe2a5c50&gt;</skipped></testcase><testcase classname="src.pymortests.grid" file="src/pymortests/grid.py" line="266" name="test_neighbours_shape[&lt;lambda&gt;42]" time="0.00042629241943359375"><skipped message="Suite splitting in effect" type="pytest.skip">src/pymortests/grid.py:266: &lt;py._xmlgen.raw object at 0x7f1dd4a292e8&gt;</skipped></testcase><testcase classname="src.pymortests.grid" file="src/pymortests/grid.py" line="274" name="test_neighbours_dtype[&lt;lambda&gt;0]" time="0.0004611015319824219"><skipped message="Suite splitting in effect" type="pytest.skip">src/pymortests/grid.py:274: &lt;py._xmlgen.raw object at 0x7f1dd49bdb70&gt;</skipped></testcase><testcase classname="src.pymortests.grid" file="src/pymortests/grid.py" line="274" name="test_neighbours_dtype[&lt;lambda&gt;1]" time="0.0004296302795410156"><skipped message="Suite splitting in effect" type="pytest.skip">src/pymortests/grid.py:274: &lt;py._xmlgen.raw object at 0x7f1dfe2814a8&gt;</skipped></testcase><testcase classname="src.pymortests.grid" file="src/pymortests/grid.py" line="274" name="test_neighbours_dtype[&lt;lambda&gt;2]" time="0.00043845176696777344"><skipped message="Suite splitting in effect" type="pytest.skip">src/pymortests/grid.py:274: &lt;py._xmlgen.raw object at 0x7f1dfe295e48&gt;</skipped></testcase><testcase classname="src.pymortests.grid" file="src/pymortests/grid.py" line="274" name="test_neighbours_dtype[&lt;lambda&gt;3]" time="0.0004572868347167969"><skipped message="Suite splitting in effect" type="pytest.skip">src/pymortests/grid.py:274: &lt;py._xmlgen.raw object at 0x7f1dd49d8128&gt;</skipped></testcase><testcase classname="src.pymortests.grid" file="src/pymortests/grid.py" line="274" name="test_neighbours_dtype[&lt;lambda&gt;4]" time="0.0007278919219970703"><skipped message="Suite splitting in effect" type="pytest.skip">src/pymortests/grid.py:274: &lt;py._xmlgen.raw object at 0x7f1dd49d8b38&gt;</skipped></testcase><testcase classname="src.pymortests.grid" file="src/pymortests/grid.py" line="274" name="test_neighbours_dtype[&lt;lambda&gt;5]" time="0.0005135536193847656"><skipped message="Suite splitting in effect" type="pytest.skip">src/pymortests/grid.py:274: &lt;py._xmlgen.raw object at 0x7f1dfe2814a8&gt;</skipped></testcase><testcase classname="src.pymortests.grid" file="src/pymortests/grid.py" line="274" name="test_neighbours_dtype[&lt;lambda&gt;6]" time="0.0004036426544189453"><skipped message="Suite splitting in effect" type="pytest.skip">src/pymortests/grid.py:274: &lt;py._xmlgen.raw object at 0x7f1dfe2b4e10&gt;</skipped></testcase><testcase classname="src.pymortests.grid" file="src/pymortests/grid.py" line="274" name="test_neighbours_dtype[&lt;lambda&gt;7]" time="0.0004448890686035156"><skipped message="Suite splitting in effect" type="pytest.skip">src/pymortests/grid.py:274: &lt;py._xmlgen.raw object at 0x7f1dd4a29390&gt;</skipped></testcase><testcase classname="src.pymortests.grid" file="src/pymortests/grid.py" line="274" name="test_neighbours_dtype[&lt;lambda&gt;8]" time="0.00043272972106933594"><skipped message="Suite splitting in effect" type="pytest.skip">src/pymortests/grid.py:274: &lt;py._xmlgen.raw object at 0x7f1dd4a1c550&gt;</skipped></testcase><testcase classname="src.pymortests.grid" file="src/pymortests/grid.py" line="274" name="test_neighbours_dtype[&lt;lambda&gt;9]" time="0.00042319297790527344"><skipped message="Suite splitting in effect" type="pytest.skip">src/pymortests/grid.py:274: &lt;py._xmlgen.raw object at 0x7f1dd49c9f28&gt;</skipped></testcase><testcase classname="src.pymortests.grid" file="src/pymortests/grid.py" line="274" name="test_neighbours_dtype[&lt;lambda&gt;10]" time="0.00043654441833496094"><skipped message="Suite splitting in effect" type="pytest.skip">src/pymortests/grid.py:274: &lt;py._xmlgen.raw object at 0x7f1dd49d8be0&gt;</skipped></testcase><testcase classname="src.pymortests.grid" file="src/pymortests/grid.py" line="274" name="test_neighbours_dtype[&lt;lambda&gt;11]" time="0.0004508495330810547"><skipped message="Suite splitting in effect" type="pytest.skip">src/pymortests/grid.py:274: &lt;py._xmlgen.raw object at 0x7f1dd49d84a8&gt;</skipped></testcase><testcase classname="src.pymortests.grid" file="src/pymortests/grid.py" line="274" name="test_neighbours_dtype[&lt;lambda&gt;12]" time="0.0010273456573486328"><skipped message="Suite splitting in effect" type="pytest.skip">src/pymortests/grid.py:274: &lt;py._xmlgen.raw object at 0x7f1dd49e3198&gt;</skipped></testcase><testcase classname="src.pymortests.grid" file="src/pymortests/grid.py" line="274" name="test_neighbours_dtype[&lt;lambda&gt;13]" time="0.0004394054412841797"><skipped message="Suite splitting in effect" type="pytest.skip">src/pymortests/grid.py:274: &lt;py._xmlgen.raw object at 0x7f1dd49d81d0&gt;</skipped></testcase><testcase classname="src.pymortests.grid" file="src/pymortests/grid.py" line="274" name="test_neighbours_dtype[&lt;lambda&gt;14]" time="0.00042438507080078125"><skipped message="Suite splitting in effect" type="pytest.skip">src/pymortests/grid.py:274: &lt;py._xmlgen.raw object at 0x7f1dd49c98d0&gt;</skipped></testcase><testcase classname="src.pymortests.grid" file="src/pymortests/grid.py" line="274" name="test_neighbours_dtype[&lt;lambda&gt;15]" time="0.0004169940948486328"><skipped message="Suite splitting in effect" type="pytest.skip">src/pymortests/grid.py:274: &lt;py._xmlgen.raw object at 0x7f1dd4a1c470&gt;</skipped></testcase><testcase classname="src.pymortests.grid" file="src/pymortests/grid.py" line="274" name="test_neighbours_dtype[&lt;lambda&gt;16]" time="0.00044608116149902344"><skipped message="Suite splitting in effect" type="pytest.skip">src/pymortests/grid.py:274: &lt;py._xmlgen.raw object at 0x7f1dd4a29a20&gt;</skipped></testcase><testcase classname="src.pymortests.grid" file="src/pymortests/grid.py" line="274" name="test_neighbours_dtype[&lt;lambda&gt;17]" time="0.00042247772216796875"><skipped message="Suite splitting in effect" type="pytest.skip">src/pymortests/grid.py:274: &lt;py._xmlgen.raw object at 0x7f1dfe2b4fd0&gt;</skipped></testcase><testcase classname="src.pymortests.grid" file="src/pymortests/grid.py" line="274" name="test_neighbours_dtype[&lt;lambda&gt;18]" time="0.00040411949157714844"><skipped message="Suite splitting in effect" type="pytest.skip">src/pymortests/grid.py:274: &lt;py._xmlgen.raw object at 0x7f1dfe2f2748&gt;</skipped></testcase><testcase classname="src.pymortests.grid" file="src/pymortests/grid.py" line="274" name="test_neighbours_dtype[&lt;lambda&gt;19]" time="0.000408172607421875"><skipped message="Suite splitting in effect" type="pytest.skip">src/pymortests/grid.py:274: &lt;py._xmlgen.raw object at 0x7f1dd49e3048&gt;</skipped></testcase><testcase classname="src.pymortests.grid" file="src/pymortests/grid.py" line="274" name="test_neighbours_dtype[&lt;lambda&gt;20]" time="0.0006771087646484375"><skipped message="Suite splitting in effect" type="pytest.skip">src/pymortests/grid.py:274: &lt;py._xmlgen.raw object at 0x7f1dd49e37b8&gt;</skipped></testcase><testcase classname="src.pymortests.grid" file="src/pymortests/grid.py" line="274" name="test_neighbours_dtype[&lt;lambda&gt;21]" time="0.0005614757537841797"><skipped message="Suite splitting in effect" type="pytest.skip">src/pymortests/grid.py:274: &lt;py._xmlgen.raw object at 0x7f1dd49bd2e8&gt;</skipped></testcase><testcase classname="src.pymortests.grid" file="src/pymortests/grid.py" line="274" name="test_neighbours_dtype[&lt;lambda&gt;22]" time="0.0003991127014160156"><skipped message="Suite splitting in effect" type="pytest.skip">src/pymortests/grid.py:274: &lt;py._xmlgen.raw object at 0x7f1dd4a34da0&gt;</skipped></testcase><testcase classname="src.pymortests.grid" file="src/pymortests/grid.py" line="274" name="test_neighbours_dtype[&lt;lambda&gt;23]" time="0.0004096031188964844"><skipped message="Suite splitting in effect" type="pytest.skip">src/pymortests/grid.py:274: &lt;py._xmlgen.raw object at 0x7f1dd4a1c550&gt;</skipped></testcase><testcase classname="src.pymortests.grid" file="src/pymortests/grid.py" line="274" name="test_neighbours_dtype[&lt;lambda&gt;24]" time="0.00043272972106933594"><skipped message="Suite splitting in effect" type="pytest.skip">src/pymortests/grid.py:274: &lt;py._xmlgen.raw object at 0x7f1dd49c95c0&gt;</skipped></testcase><testcase classname="src.pymortests.grid" file="src/pymortests/grid.py" line="274" name="test_neighbours_dtype[&lt;lambda&gt;25]" time="0.0004115104675292969"><skipped message="Suite splitting in effect" type="pytest.skip">src/pymortests/grid.py:274: &lt;py._xmlgen.raw object at 0x7f1dd49d8c18&gt;</skipped></testcase><testcase classname="src.pymortests.grid" file="src/pymortests/grid.py" line="274" name="test_neighbours_dtype[&lt;lambda&gt;26]" time="0.00043201446533203125"><skipped message="Suite splitting in effect" type="pytest.skip">src/pymortests/grid.py:274: &lt;py._xmlgen.raw object at 0x7f1dd49e3400&gt;</skipped></testcase><testcase classname="src.pymortests.grid" file="src/pymortests/grid.py" line="274" name="test_neighbours_dtype[&lt;lambda&gt;27]" time="0.0004184246063232422"><skipped message="Suite splitting in effect" type="pytest.skip">src/pymortests/grid.py:274: &lt;py._xmlgen.raw object at 0x7f1dd49e3080&gt;</skipped></testcase><testcase classname="src.pymortests.grid" file="src/pymortests/grid.py" line="274" name="test_neighbours_dtype[&lt;lambda&gt;28]" time="0.0006697177886962891"><skipped message="Suite splitting in effect" type="pytest.skip">src/pymortests/grid.py:274: &lt;py._xmlgen.raw object at 0x7f1dd49e3dd8&gt;</skipped></testcase><testcase classname="src.pymortests.grid" file="src/pymortests/grid.py" line="274" name="test_neighbours_dtype[&lt;lambda&gt;29]" time="0.0004031658172607422"><skipped message="Suite splitting in effect" type="pytest.skip">src/pymortests/grid.py:274: &lt;py._xmlgen.raw object at 0x7f1dd49d89b0&gt;</skipped></testcase><testcase classname="src.pymortests.grid" file="src/pymortests/grid.py" line="274" name="test_neighbours_dtype[&lt;lambda&gt;30]" time="0.00039887428283691406"><skipped message="Suite splitting in effect" type="pytest.skip">src/pymortests/grid.py:274: &lt;py._xmlgen.raw object at 0x7f1dfe249c18&gt;</skipped></testcase><testcase classname="src.pymortests.grid" file="src/pymortests/grid.py" line="274" name="test_neighbours_dtype[&lt;lambda&gt;31]" time="0.00040459632873535156"><skipped message="Suite splitting in effect" type="pytest.skip">src/pymortests/grid.py:274: &lt;py._xmlgen.raw object at 0x7f1dfe2a5518&gt;</skipped></testcase><testcase classname="src.pymortests.grid" file="src/pymortests/grid.py" line="274" name="test_neighbours_dtype[&lt;lambda&gt;32]" time="0.00042176246643066406"><skipped message="Suite splitting in effect" type="pytest.skip">src/pymortests/grid.py:274: &lt;py._xmlgen.raw object at 0x7f1dd4a34710&gt;</skipped></testcase><testcase classname="src.pymortests.grid" file="src/pymortests/grid.py" line="274" name="test_neighbours_dtype[&lt;lambda&gt;33]" time="0.0004334449768066406"><skipped message="Suite splitting in effect" type="pytest.skip">src/pymortests/grid.py:274: &lt;py._xmlgen.raw object at 0x7f1dd49bd2e8&gt;</skipped></testcase><testcase classname="src.pymortests.grid" file="src/pymortests/grid.py" line="274" name="test_neighbours_dtype[&lt;lambda&gt;34]" time="0.00043845176696777344"><skipped message="Suite splitting in effect" type="pytest.skip">src/pymortests/grid.py:274: &lt;py._xmlgen.raw object at 0x7f1dd49e3a58&gt;</skipped></testcase><testcase classname="src.pymortests.grid" file="src/pymortests/grid.py" line="274" name="test_neighbours_dtype[&lt;lambda&gt;35]" time="0.0004367828369140625"><skipped message="Suite splitting in effect" type="pytest.skip">src/pymortests/grid.py:274: &lt;py._xmlgen.raw object at 0x7f1dd49e3358&gt;</skipped></testcase><testcase classname="src.pymortests.grid" file="src/pymortests/grid.py" line="274" name="test_neighbours_dtype[&lt;lambda&gt;36]" time="0.0006937980651855469"><skipped message="Suite splitting in effect" type="pytest.skip">src/pymortests/grid.py:274: &lt;py._xmlgen.raw object at 0x7f1dd49ee438&gt;</skipped></testcase><testcase classname="src.pymortests.grid" file="src/pymortests/grid.py" line="274" name="test_neighbours_dtype[&lt;lambda&gt;37]" time="0.00043582916259765625"><skipped message="Suite splitting in effect" type="pytest.skip">src/pymortests/grid.py:274: &lt;py._xmlgen.raw object at 0x7f1dd49e39b0&gt;</skipped></testcase><testcase classname="src.pymortests.grid" file="src/pymortests/grid.py" line="274" name="test_neighbours_dtype[&lt;lambda&gt;38]" time="0.00042748451232910156"><skipped message="Suite splitting in effect" type="pytest.skip">src/pymortests/grid.py:274: &lt;py._xmlgen.raw object at 0x7f1dd49bda20&gt;</skipped></testcase><testcase classname="src.pymortests.grid" file="src/pymortests/grid.py" line="274" name="test_neighbours_dtype[&lt;lambda&gt;39]" time="0.00045371055603027344"><skipped message="Suite splitting in effect" type="pytest.skip">src/pymortests/grid.py:274: &lt;py._xmlgen.raw object at 0x7f1dd4a347b8&gt;</skipped></testcase><testcase classname="src.pymortests.grid" file="src/pymortests/grid.py" line="274" name="test_neighbours_dtype[&lt;lambda&gt;40]" time="0.0004725456237792969"><skipped message="Suite splitting in effect" type="pytest.skip">src/pymortests/grid.py:274: &lt;py._xmlgen.raw object at 0x7f1dfe2a5b00&gt;</skipped></testcase><testcase classname="src.pymortests.grid" file="src/pymortests/grid.py" line="274" name="test_neighbours_dtype[&lt;lambda&gt;41]" time="0.000438690185546875"><skipped message="Suite splitting in effect" type="pytest.skip">src/pymortests/grid.py:274: &lt;py._xmlgen.raw object at 0x7f1dd49c9cc0&gt;</skipped></testcase><testcase classname="src.pymortests.grid" file="src/pymortests/grid.py" line="274" name="test_neighbours_dtype[&lt;lambda&gt;42]" time="0.0004124641418457031"><skipped message="Suite splitting in effect" type="pytest.skip">src/pymortests/grid.py:274: &lt;py._xmlgen.raw object at 0x7f1dd49d88d0&gt;</skipped></testcase><testcase classname="src.pymortests.grid" file="src/pymortests/grid.py" line="281" name="test_neighbours_entry_value_range[&lt;lambda&gt;0]" time="0.0004222393035888672"><skipped message="Suite splitting in effect" type="pytest.skip">src/pymortests/grid.py:281: &lt;py._xmlgen.raw object at 0x7f1dd49ee2b0&gt;</skipped></testcase><testcase classname="src.pymortests.grid" file="src/pymortests/grid.py" line="281" name="test_neighbours_entry_value_range[&lt;lambda&gt;1]" time="0.0006921291351318359"><skipped message="Suite splitting in effect" type="pytest.skip">src/pymortests/grid.py:281: &lt;py._xmlgen.raw object at 0x7f1dd49eea58&gt;</skipped></testcase><testcase classname="src.pymortests.grid" file="src/pymortests/grid.py" line="281" name="test_neighbours_entry_value_range[&lt;lambda&gt;2]" time="0.00041484832763671875"><skipped message="Suite splitting in effect" type="pytest.skip">src/pymortests/grid.py:281: &lt;py._xmlgen.raw object at 0x7f1dd49c9fd0&gt;</skipped></testcase><testcase classname="src.pymortests.grid" file="src/pymortests/grid.py" line="281" name="test_neighbours_entry_value_range[&lt;lambda&gt;3]" time="0.00044083595275878906"><skipped message="Suite splitting in effect" type="pytest.skip">src/pymortests/grid.py:281: &lt;py._xmlgen.raw object at 0x7f1dd4a1c908&gt;</skipped></testcase><testcase classname="src.pymortests.grid" file="src/pymortests/grid.py" line="281" name="test_neighbours_entry_value_range[&lt;lambda&gt;4]" time="0.0004363059997558594"><skipped message="Suite splitting in effect" type="pytest.skip">src/pymortests/grid.py:281: &lt;py._xmlgen.raw object at 0x7f1dfe2b4cc0&gt;</skipped></testcase><testcase classname="src.pymortests.grid" file="src/pymortests/grid.py" line="281" name="test_neighbours_entry_value_range[&lt;lambda&gt;5]" time="0.00043845176696777344"><skipped message="Suite splitting in effect" type="pytest.skip">src/pymortests/grid.py:281: &lt;py._xmlgen.raw object at 0x7f1dd49bdb00&gt;</skipped></testcase><testcase classname="src.pymortests.grid" file="src/pymortests/grid.py" line="281" name="test_neighbours_entry_value_range[&lt;lambda&gt;6]" time="0.00042700767517089844"><skipped message="Suite splitting in effect" type="pytest.skip">src/pymortests/grid.py:281: &lt;py._xmlgen.raw object at 0x7f1dd49e39b0&gt;</skipped></testcase><testcase classname="src.pymortests.grid" file="src/pymortests/grid.py" line="281" name="test_neighbours_entry_value_range[&lt;lambda&gt;7]" time="0.0004088878631591797"><skipped message="Suite splitting in effect" type="pytest.skip">src/pymortests/grid.py:281: &lt;py._xmlgen.raw object at 0x7f1dd49eeb00&gt;</skipped></testcase><testcase classname="src.pymortests.grid" file="src/pymortests/grid.py" line="281" name="test_neighbours_entry_value_range[&lt;lambda&gt;8]" time="0.00043129920959472656"><skipped message="Suite splitting in effect" type="pytest.skip">src/pymortests/grid.py:281: &lt;py._xmlgen.raw object at 0x7f1dd49ee5f8&gt;</skipped></testcase><testcase classname="src.pymortests.grid" file="src/pymortests/grid.py" line="281" name="test_neighbours_entry_value_range[&lt;lambda&gt;9]" time="0.0006947517395019531"><skipped message="Suite splitting in effect" type="pytest.skip">src/pymortests/grid.py:281: &lt;py._xmlgen.raw object at 0x7f1dd49f60b8&gt;</skipped></testcase><testcase classname="src.pymortests.grid" file="src/pymortests/grid.py" line="281" name="test_neighbours_entry_value_range[&lt;lambda&gt;10]" time="0.0004496574401855469"><skipped message="Suite splitting in effect" type="pytest.skip">src/pymortests/grid.py:281: &lt;py._xmlgen.raw object at 0x7f1dd49ee940&gt;</skipped></testcase><testcase classname="src.pymortests.grid" file="src/pymortests/grid.py" line="281" name="test_neighbours_entry_value_range[&lt;lambda&gt;11]" time="0.0004298686981201172"><skipped message="Suite splitting in effect" type="pytest.skip">src/pymortests/grid.py:281: &lt;py._xmlgen.raw object at 0x7f1dd49e3cc0&gt;</skipped></testcase><testcase classname="src.pymortests.grid" file="src/pymortests/grid.py" line="281" name="test_neighbours_entry_value_range[&lt;lambda&gt;12]" time="0.00040221214294433594"><skipped message="Suite splitting in effect" type="pytest.skip">src/pymortests/grid.py:281: &lt;py._xmlgen.raw object at 0x7f1dd49bd438&gt;</skipped></testcase><testcase classname="src.pymortests.grid" file="src/pymortests/grid.py" line="281" name="test_neighbours_entry_value_range[&lt;lambda&gt;13]" time="0.00040221214294433594"><skipped message="Suite splitting in effect" type="pytest.skip">src/pymortests/grid.py:281: &lt;py._xmlgen.raw object at 0x7f1dfe2b4cc0&gt;</skipped></testcase><testcase classname="src.pymortests.grid" file="src/pymortests/grid.py" line="281" name="test_neighbours_entry_value_range[&lt;lambda&gt;14]" time="0.00040650367736816406"><skipped message="Suite splitting in effect" type="pytest.skip">src/pymortests/grid.py:281: &lt;py._xmlgen.raw object at 0x7f1dfe249fd0&gt;</skipped></testcase><testcase classname="src.pymortests.grid" file="src/pymortests/grid.py" line="281" name="test_neighbours_entry_value_range[&lt;lambda&gt;15]" time="0.0004143714904785156"><skipped message="Suite splitting in effect" type="pytest.skip">src/pymortests/grid.py:281: &lt;py._xmlgen.raw object at 0x7f1dfe26b898&gt;</skipped></testcase><testcase classname="src.pymortests.grid" file="src/pymortests/grid.py" line="281" name="test_neighbours_entry_value_range[&lt;lambda&gt;16]" time="0.00043129920959472656"><skipped message="Suite splitting in effect" type="pytest.skip">src/pymortests/grid.py:281: &lt;py._xmlgen.raw object at 0x7f1dd49f61d0&gt;</skipped></testcase><testcase classname="src.pymortests.grid" file="src/pymortests/grid.py" line="281" name="test_neighbours_entry_value_range[&lt;lambda&gt;17]" time="0.0007622241973876953"><skipped message="Suite splitting in effect" type="pytest.skip">src/pymortests/grid.py:281: &lt;py._xmlgen.raw object at 0x7f1dd49f66d8&gt;</skipped></testcase><testcase classname="src.pymortests.grid" file="src/pymortests/grid.py" line="281" name="test_neighbours_entry_value_range[&lt;lambda&gt;18]" time="0.0004563331604003906"><skipped message="Suite splitting in effect" type="pytest.skip">src/pymortests/grid.py:281: &lt;py._xmlgen.raw object at 0x7f1dfe26b748&gt;</skipped></testcase><testcase classname="src.pymortests.grid" file="src/pymortests/grid.py" line="281" name="test_neighbours_entry_value_range[&lt;lambda&gt;19]" time="0.00043082237243652344"><skipped message="Suite splitting in effect" type="pytest.skip">src/pymortests/grid.py:281: &lt;py._xmlgen.raw object at 0x7f1dfe2a5518&gt;</skipped></testcase><testcase classname="src.pymortests.grid" file="src/pymortests/grid.py" line="281" name="test_neighbours_entry_value_range[&lt;lambda&gt;20]" time="0.00042724609375"><skipped message="Suite splitting in effect" type="pytest.skip">src/pymortests/grid.py:281: &lt;py._xmlgen.raw object at 0x7f1dd4a34cc0&gt;</skipped></testcase><testcase classname="src.pymortests.grid" file="src/pymortests/grid.py" line="281" name="test_neighbours_entry_value_range[&lt;lambda&gt;21]" time="0.00040793418884277344"><skipped message="Suite splitting in effect" type="pytest.skip">src/pymortests/grid.py:281: &lt;py._xmlgen.raw object at 0x7f1dd49e3978&gt;</skipped></testcase><testcase classname="src.pymortests.grid" file="src/pymortests/grid.py" line="281" name="test_neighbours_entry_value_range[&lt;lambda&gt;22]" time="0.0004100799560546875"><skipped message="Suite splitting in effect" type="pytest.skip">src/pymortests/grid.py:281: &lt;py._xmlgen.raw object at 0x7f1dd49eec18&gt;</skipped></testcase><testcase classname="src.pymortests.grid" file="src/pymortests/grid.py" line="281" name="test_neighbours_entry_value_range[&lt;lambda&gt;23]" time="0.00041222572326660156"><skipped message="Suite splitting in effect" type="pytest.skip">src/pymortests/grid.py:281: &lt;py._xmlgen.raw object at 0x7f1dd49eec50&gt;</skipped></testcase><testcase classname="src.pymortests.grid" file="src/pymortests/grid.py" line="281" name="test_neighbours_entry_value_range[&lt;lambda&gt;24]" time="0.00044536590576171875"><skipped message="Suite splitting in effect" type="pytest.skip">src/pymortests/grid.py:281: &lt;py._xmlgen.raw object at 0x7f1dd49f6278&gt;</skipped></testcase><testcase classname="src.pymortests.grid" file="src/pymortests/grid.py" line="281" name="test_neighbours_entry_value_range[&lt;lambda&gt;25]" time="0.0010530948638916016"><skipped message="Suite splitting in effect" type="pytest.skip">src/pymortests/grid.py:281: &lt;py._xmlgen.raw object at 0x7f1dd49f6cf8&gt;</skipped></testcase><testcase classname="src.pymortests.grid" file="src/pymortests/grid.py" line="281" name="test_neighbours_entry_value_range[&lt;lambda&gt;26]" time="0.00043892860412597656"><skipped message="Suite splitting in effect" type="pytest.skip">src/pymortests/grid.py:281: &lt;py._xmlgen.raw object at 0x7f1dd4a34128&gt;</skipped></testcase><testcase classname="src.pymortests.grid" file="src/pymortests/grid.py" line="281" name="test_neighbours_entry_value_range[&lt;lambda&gt;27]" time="0.00040841102600097656"><skipped message="Suite splitting in effect" type="pytest.skip">src/pymortests/grid.py:281: &lt;py._xmlgen.raw object at 0x7f1dfe26bb38&gt;</skipped></testcase><testcase classname="src.pymortests.grid" file="src/pymortests/grid.py" line="281" name="test_neighbours_entry_value_range[&lt;lambda&gt;28]" time="0.00041961669921875"><skipped message="Suite splitting in effect" type="pytest.skip">src/pymortests/grid.py:281: &lt;py._xmlgen.raw object at 0x7f1dd49eee10&gt;</skipped></testcase><testcase classname="src.pymortests.grid" file="src/pymortests/grid.py" line="281" name="test_neighbours_entry_value_range[&lt;lambda&gt;29]" time="0.0004558563232421875"><skipped message="Suite splitting in effect" type="pytest.skip">src/pymortests/grid.py:281: &lt;py._xmlgen.raw object at 0x7f1dd49eeac8&gt;</skipped></testcase><testcase classname="src.pymortests.grid" file="src/pymortests/grid.py" line="281" name="test_neighbours_entry_value_range[&lt;lambda&gt;30]" time="0.00043463706970214844"><skipped message="Suite splitting in effect" type="pytest.skip">src/pymortests/grid.py:281: &lt;py._xmlgen.raw object at 0x7f1dd49e3630&gt;</skipped></testcase><testcase classname="src.pymortests.grid" file="src/pymortests/grid.py" line="281" name="test_neighbours_entry_value_range[&lt;lambda&gt;31]" time="0.0004601478576660156"><skipped message="Suite splitting in effect" type="pytest.skip">src/pymortests/grid.py:281: &lt;py._xmlgen.raw object at 0x7f1dd49d8eb8&gt;</skipped></testcase><testcase classname="src.pymortests.grid" file="src/pymortests/grid.py" line="281" name="test_neighbours_entry_value_range[&lt;lambda&gt;32]" time="0.0005497932434082031"><skipped message="Suite splitting in effect" type="pytest.skip">src/pymortests/grid.py:281: &lt;py._xmlgen.raw object at 0x7f1dd49c9390&gt;</skipped></testcase><testcase classname="src.pymortests.grid" file="src/pymortests/grid.py" line="281" name="test_neighbours_entry_value_range[&lt;lambda&gt;33]" time="0.0004131793975830078"><skipped message="Suite splitting in effect" type="pytest.skip">src/pymortests/grid.py:281: &lt;py._xmlgen.raw object at 0x7f1dfe2a51d0&gt;</skipped></testcase><testcase classname="src.pymortests.grid" file="src/pymortests/grid.py" line="281" name="test_neighbours_entry_value_range[&lt;lambda&gt;34]" time="0.0007433891296386719"><skipped message="Suite splitting in effect" type="pytest.skip">src/pymortests/grid.py:281: &lt;py._xmlgen.raw object at 0x7f1dfe295ef0&gt;</skipped></testcase><testcase classname="src.pymortests.grid" file="src/pymortests/grid.py" line="281" name="test_neighbours_entry_value_range[&lt;lambda&gt;35]" time="0.0004496574401855469"><skipped message="Suite splitting in effect" type="pytest.skip">src/pymortests/grid.py:281: &lt;py._xmlgen.raw object at 0x7f1dd49d8358&gt;</skipped></testcase><testcase classname="src.pymortests.grid" file="src/pymortests/grid.py" line="281" name="test_neighbours_entry_value_range[&lt;lambda&gt;36]" time="0.00042700767517089844"><skipped message="Suite splitting in effect" type="pytest.skip">src/pymortests/grid.py:281: &lt;py._xmlgen.raw object at 0x7f1dd49e3860&gt;</skipped></testcase><testcase classname="src.pymortests.grid" file="src/pymortests/grid.py" line="281" name="test_neighbours_entry_value_range[&lt;lambda&gt;37]" time="0.00045990943908691406"><skipped message="Suite splitting in effect" type="pytest.skip">src/pymortests/grid.py:281: &lt;py._xmlgen.raw object at 0x7f1dd49ee390&gt;</skipped></testcase><testcase classname="src.pymortests.grid" file="src/pymortests/grid.py" line="281" name="test_neighbours_entry_value_range[&lt;lambda&gt;38]" time="0.00045609474182128906"><skipped message="Suite splitting in effect" type="pytest.skip">src/pymortests/grid.py:281: &lt;py._xmlgen.raw object at 0x7f1dd4a1c470&gt;</skipped></testcase><testcase classname="src.pymortests.grid" file="src/pymortests/grid.py" line="281" name="test_neighbours_entry_value_range[&lt;lambda&gt;39]" time="0.0004475116729736328"><skipped message="Suite splitting in effect" type="pytest.skip">src/pymortests/grid.py:281: &lt;py._xmlgen.raw object at 0x7f1dfe27c748&gt;</skipped></testcase><testcase classname="src.pymortests.grid" file="src/pymortests/grid.py" line="281" name="test_neighbours_entry_value_range[&lt;lambda&gt;40]" time="0.00042057037353515625"><skipped message="Suite splitting in effect" type="pytest.skip">src/pymortests/grid.py:281: &lt;py._xmlgen.raw object at 0x7f1dd49bd2e8&gt;</skipped></testcase><testcase classname="src.pymortests.grid" file="src/pymortests/grid.py" line="281" name="test_neighbours_entry_value_range[&lt;lambda&gt;41]" time="0.00042748451232910156"><skipped message="Suite splitting in effect" type="pytest.skip">src/pymortests/grid.py:281: &lt;py._xmlgen.raw object at 0x7f1dd49f6c18&gt;</skipped></testcase><testcase classname="src.pymortests.grid" file="src/pymortests/grid.py" line="281" name="test_neighbours_entry_value_range[&lt;lambda&gt;42]" time="0.0008108615875244141"><skipped message="Suite splitting in effect" type="pytest.skip">src/pymortests/grid.py:281: &lt;py._xmlgen.raw object at 0x7f1dfe2572e8&gt;</skipped></testcase><testcase classname="src.pymortests.grid" file="src/pymortests/grid.py" line="289" name="test_neighbours_entry_values_unique[&lt;lambda&gt;0]" time="0.00040435791015625"><skipped message="Suite splitting in effect" type="pytest.skip">src/pymortests/grid.py:289: &lt;py._xmlgen.raw object at 0x7f1dfe27c898&gt;</skipped></testcase><testcase classname="src.pymortests.grid" file="src/pymortests/grid.py" line="289" name="test_neighbours_entry_values_unique[&lt;lambda&gt;1]" time="0.00041294097900390625"><skipped message="Suite splitting in effect" type="pytest.skip">src/pymortests/grid.py:289: &lt;py._xmlgen.raw object at 0x7f1dd49eecf8&gt;</skipped></testcase><testcase classname="src.pymortests.grid" file="src/pymortests/grid.py" line="289" name="test_neighbours_entry_values_unique[&lt;lambda&gt;2]" time="0.0004487037658691406"><skipped message="Suite splitting in effect" type="pytest.skip">src/pymortests/grid.py:289: &lt;py._xmlgen.raw object at 0x7f1dd49eec18&gt;</skipped></testcase><testcase classname="src.pymortests.grid" file="src/pymortests/grid.py" line="289" name="test_neighbours_entry_values_unique[&lt;lambda&gt;3]" time="0.0004258155822753906"><skipped message="Suite splitting in effect" type="pytest.skip">src/pymortests/grid.py:289: &lt;py._xmlgen.raw object at 0x7f1dd49d8518&gt;</skipped></testcase><testcase classname="src.pymortests.grid" file="src/pymortests/grid.py" line="289" name="test_neighbours_entry_values_unique[&lt;lambda&gt;4]" time="0.000438690185546875"><skipped message="Suite splitting in effect" type="pytest.skip">src/pymortests/grid.py:289: &lt;py._xmlgen.raw object at 0x7f1dd49c9668&gt;</skipped></testcase><testcase classname="src.pymortests.grid" file="src/pymortests/grid.py" line="289" name="test_neighbours_entry_values_unique[&lt;lambda&gt;5]" time="0.0004630088806152344"><skipped message="Suite splitting in effect" type="pytest.skip">src/pymortests/grid.py:289: &lt;py._xmlgen.raw object at 0x7f1dd49f6b38&gt;</skipped></testcase><testcase classname="src.pymortests.grid" file="src/pymortests/grid.py" line="289" name="test_neighbours_entry_values_unique[&lt;lambda&gt;6]" time="0.0004367828369140625"><skipped message="Suite splitting in effect" type="pytest.skip">src/pymortests/grid.py:289: &lt;py._xmlgen.raw object at 0x7f1dd4987240&gt;</skipped></testcase><testcase classname="src.pymortests.grid" file="src/pymortests/grid.py" line="289" name="test_neighbours_entry_values_unique[&lt;lambda&gt;7]" time="0.0007417201995849609"><skipped message="Suite splitting in effect" type="pytest.skip">src/pymortests/grid.py:289: &lt;py._xmlgen.raw object at 0x7f1dd4987780&gt;</skipped></testcase><testcase classname="src.pymortests.grid" file="src/pymortests/grid.py" line="289" name="test_neighbours_entry_values_unique[&lt;lambda&gt;8]" time="0.0004069805145263672"><skipped message="Suite splitting in effect" type="pytest.skip">src/pymortests/grid.py:289: &lt;py._xmlgen.raw object at 0x7f1dd49f6a58&gt;</skipped></testcase><testcase classname="src.pymortests.grid" file="src/pymortests/grid.py" line="289" name="test_neighbours_entry_values_unique[&lt;lambda&gt;9]" time="0.0004069805145263672"><skipped message="Suite splitting in effect" type="pytest.skip">src/pymortests/grid.py:289: &lt;py._xmlgen.raw object at 0x7f1dd49d88d0&gt;</skipped></testcase><testcase classname="src.pymortests.grid" file="src/pymortests/grid.py" line="289" name="test_neighbours_entry_values_unique[&lt;lambda&gt;10]" time="0.0004112720489501953"><skipped message="Suite splitting in effect" type="pytest.skip">src/pymortests/grid.py:289: &lt;py._xmlgen.raw object at 0x7f1dd49eeef0&gt;</skipped></testcase><testcase classname="src.pymortests.grid" file="src/pymortests/grid.py" line="289" name="test_neighbours_entry_values_unique[&lt;lambda&gt;11]" time="0.00041103363037109375"><skipped message="Suite splitting in effect" type="pytest.skip">src/pymortests/grid.py:289: &lt;py._xmlgen.raw object at 0x7f1dd4a1c908&gt;</skipped></testcase><testcase classname="src.pymortests.grid" file="src/pymortests/grid.py" line="289" name="test_neighbours_entry_values_unique[&lt;lambda&gt;12]" time="0.00041103363037109375"><skipped message="Suite splitting in effect" type="pytest.skip">src/pymortests/grid.py:289: &lt;py._xmlgen.raw object at 0x7f1dfe27cfd0&gt;</skipped></testcase><testcase classname="src.pymortests.grid" file="src/pymortests/grid.py" line="289" name="test_neighbours_entry_values_unique[&lt;lambda&gt;13]" time="0.00041866302490234375"><skipped message="Suite splitting in effect" type="pytest.skip">src/pymortests/grid.py:289: &lt;py._xmlgen.raw object at 0x7f1dd49873c8&gt;</skipped></testcase><testcase classname="src.pymortests.grid" file="src/pymortests/grid.py" line="289" name="test_neighbours_entry_values_unique[&lt;lambda&gt;14]" time="0.00045371055603027344"><skipped message="Suite splitting in effect" type="pytest.skip">src/pymortests/grid.py:289: &lt;py._xmlgen.raw object at 0x7f1dd4987128&gt;</skipped></testcase><testcase classname="src.pymortests.grid" file="src/pymortests/grid.py" line="289" name="test_neighbours_entry_values_unique[&lt;lambda&gt;15]" time="0.0007543563842773438"><skipped message="Suite splitting in effect" type="pytest.skip">src/pymortests/grid.py:289: &lt;py._xmlgen.raw object at 0x7f1dd4987cc0&gt;</skipped></testcase><testcase classname="src.pymortests.grid" file="src/pymortests/grid.py" line="289" name="test_neighbours_entry_values_unique[&lt;lambda&gt;16]" time="0.0004398822784423828"><skipped message="Suite splitting in effect" type="pytest.skip">src/pymortests/grid.py:289: &lt;py._xmlgen.raw object at 0x7f1dfe20b2e8&gt;</skipped></testcase><testcase classname="src.pymortests.grid" file="src/pymortests/grid.py" line="289" name="test_neighbours_entry_values_unique[&lt;lambda&gt;17]" time="0.00044035911560058594"><skipped message="Suite splitting in effect" type="pytest.skip">src/pymortests/grid.py:289: &lt;py._xmlgen.raw object at 0x7f1dd49eeac8&gt;</skipped></testcase><testcase classname="src.pymortests.grid" file="src/pymortests/grid.py" line="289" name="test_neighbours_entry_values_unique[&lt;lambda&gt;18]" time="0.00040459632873535156"><skipped message="Suite splitting in effect" type="pytest.skip">src/pymortests/grid.py:289: &lt;py._xmlgen.raw object at 0x7f1dd49e3c88&gt;</skipped></testcase><testcase classname="src.pymortests.grid" file="src/pymortests/grid.py" line="289" name="test_neighbours_entry_values_unique[&lt;lambda&gt;19]" time="0.0004029273986816406"><skipped message="Suite splitting in effect" type="pytest.skip">src/pymortests/grid.py:289: &lt;py._xmlgen.raw object at 0x7f1dfe21f860&gt;</skipped></testcase><testcase classname="src.pymortests.grid" file="src/pymortests/grid.py" line="289" name="test_neighbours_entry_values_unique[&lt;lambda&gt;20]" time="0.0004315376281738281"><skipped message="Suite splitting in effect" type="pytest.skip">src/pymortests/grid.py:289: &lt;py._xmlgen.raw object at 0x7f1dd49f6e48&gt;</skipped></testcase><testcase classname="src.pymortests.grid" file="src/pymortests/grid.py" line="289" name="test_neighbours_entry_values_unique[&lt;lambda&gt;21]" time="0.000423431396484375"><skipped message="Suite splitting in effect" type="pytest.skip">src/pymortests/grid.py:289: &lt;py._xmlgen.raw object at 0x7f1dd4987a58&gt;</skipped></testcase><testcase classname="src.pymortests.grid" file="src/pymortests/grid.py" line="289" name="test_neighbours_entry_values_unique[&lt;lambda&gt;22]" time="0.0005731582641601562"><skipped message="Suite splitting in effect" type="pytest.skip">src/pymortests/grid.py:289: &lt;py._xmlgen.raw object at 0x7f1dd4987470&gt;</skipped></testcase><testcase classname="src.pymortests.grid" file="src/pymortests/grid.py" line="289" name="test_neighbours_entry_values_unique[&lt;lambda&gt;23]" time="0.0007033348083496094"><skipped message="Suite splitting in effect" type="pytest.skip">src/pymortests/grid.py:289: &lt;py._xmlgen.raw object at 0x7f1dd4990320&gt;</skipped></testcase><testcase classname="src.pymortests.grid" file="src/pymortests/grid.py" line="289" name="test_neighbours_entry_values_unique[&lt;lambda&gt;24]" time="0.00042057037353515625"><skipped message="Suite splitting in effect" type="pytest.skip">src/pymortests/grid.py:289: &lt;py._xmlgen.raw object at 0x7f1dd4987860&gt;</skipped></testcase><testcase classname="src.pymortests.grid" file="src/pymortests/grid.py" line="289" name="test_neighbours_entry_values_unique[&lt;lambda&gt;25]" time="0.0004563331604003906"><skipped message="Suite splitting in effect" type="pytest.skip">src/pymortests/grid.py:289: &lt;py._xmlgen.raw object at 0x7f1dd49f6f60&gt;</skipped></testcase><testcase classname="src.pymortests.grid" file="src/pymortests/grid.py" line="289" name="test_neighbours_entry_values_unique[&lt;lambda&gt;26]" time="0.0004305839538574219"><skipped message="Suite splitting in effect" type="pytest.skip">src/pymortests/grid.py:289: &lt;py._xmlgen.raw object at 0x7f1dfe21f710&gt;</skipped></testcase><testcase classname="src.pymortests.grid" file="src/pymortests/grid.py" line="289" name="test_neighbours_entry_values_unique[&lt;lambda&gt;27]" time="0.00043082237243652344"><skipped message="Suite splitting in effect" type="pytest.skip">src/pymortests/grid.py:289: &lt;py._xmlgen.raw object at 0x7f1dd49e3630&gt;</skipped></testcase><testcase classname="src.pymortests.grid" file="src/pymortests/grid.py" line="289" name="test_neighbours_entry_values_unique[&lt;lambda&gt;28]" time="0.00043129920959472656"><skipped message="Suite splitting in effect" type="pytest.skip">src/pymortests/grid.py:289: &lt;py._xmlgen.raw object at 0x7f1dd49eec18&gt;</skipped></testcase><testcase classname="src.pymortests.grid" file="src/pymortests/grid.py" line="289" name="test_neighbours_entry_values_unique[&lt;lambda&gt;29]" time="0.0004074573516845703"><skipped message="Suite splitting in effect" type="pytest.skip">src/pymortests/grid.py:289: &lt;py._xmlgen.raw object at 0x7f1dfe27cb38&gt;</skipped></testcase><testcase classname="src.pymortests.grid" file="src/pymortests/grid.py" line="289" name="test_neighbours_entry_values_unique[&lt;lambda&gt;30]" time="0.00040841102600097656"><skipped message="Suite splitting in effect" type="pytest.skip">src/pymortests/grid.py:289: &lt;py._xmlgen.raw object at 0x7f1dd49901d0&gt;</skipped></testcase><testcase classname="src.pymortests.grid" file="src/pymortests/grid.py" line="289" name="test_neighbours_entry_values_unique[&lt;lambda&gt;31]" time="0.0006983280181884766"><skipped message="Suite splitting in effect" type="pytest.skip">src/pymortests/grid.py:289: &lt;py._xmlgen.raw object at 0x7f1dd4990940&gt;</skipped></testcase><testcase classname="src.pymortests.grid" file="src/pymortests/grid.py" line="289" name="test_neighbours_entry_values_unique[&lt;lambda&gt;32]" time="0.0004172325134277344"><skipped message="Suite splitting in effect" type="pytest.skip">src/pymortests/grid.py:289: &lt;py._xmlgen.raw object at 0x7f1dfe26b898&gt;</skipped></testcase><testcase classname="src.pymortests.grid" file="src/pymortests/grid.py" line="289" name="test_neighbours_entry_values_unique[&lt;lambda&gt;33]" time="0.00043964385986328125"><skipped message="Suite splitting in effect" type="pytest.skip">src/pymortests/grid.py:289: &lt;py._xmlgen.raw object at 0x7f1dd49e3828&gt;</skipped></testcase><testcase classname="src.pymortests.grid" file="src/pymortests/grid.py" line="289" name="test_neighbours_entry_values_unique[&lt;lambda&gt;34]" time="0.0004220008850097656"><skipped message="Suite splitting in effect" type="pytest.skip">src/pymortests/grid.py:289: &lt;py._xmlgen.raw object at 0x7f1dfe21fe48&gt;</skipped></testcase><testcase classname="src.pymortests.grid" file="src/pymortests/grid.py" line="289" name="test_neighbours_entry_values_unique[&lt;lambda&gt;35]" time="0.00041174888610839844"><skipped message="Suite splitting in effect" type="pytest.skip">src/pymortests/grid.py:289: &lt;py._xmlgen.raw object at 0x7f1dd49f6128&gt;</skipped></testcase><testcase classname="src.pymortests.grid" file="src/pymortests/grid.py" line="289" name="test_neighbours_entry_values_unique[&lt;lambda&gt;36]" time="0.0004107952117919922"><skipped message="Suite splitting in effect" type="pytest.skip">src/pymortests/grid.py:289: &lt;py._xmlgen.raw object at 0x7f1dd49878d0&gt;</skipped></testcase><testcase classname="src.pymortests.grid" file="src/pymortests/grid.py" line="289" name="test_neighbours_entry_values_unique[&lt;lambda&gt;37]" time="0.00042700767517089844"><skipped message="Suite splitting in effect" type="pytest.skip">src/pymortests/grid.py:289: &lt;py._xmlgen.raw object at 0x7f1dd4990a90&gt;</skipped></testcase><testcase classname="src.pymortests.grid" file="src/pymortests/grid.py" line="289" name="test_neighbours_entry_values_unique[&lt;lambda&gt;38]" time="0.0004222393035888672"><skipped message="Suite splitting in effect" type="pytest.skip">src/pymortests/grid.py:289: &lt;py._xmlgen.raw object at 0x7f1dd49903c8&gt;</skipped></testcase><testcase classname="src.pymortests.grid" file="src/pymortests/grid.py" line="289" name="test_neighbours_entry_values_unique[&lt;lambda&gt;39]" time="0.0007138252258300781"><skipped message="Suite splitting in effect" type="pytest.skip">src/pymortests/grid.py:289: &lt;py._xmlgen.raw object at 0x7f1dd4990f60&gt;</skipped></testcase><testcase classname="src.pymortests.grid" file="src/pymortests/grid.py" line="289" name="test_neighbours_entry_values_unique[&lt;lambda&gt;40]" time="0.00040435791015625"><skipped message="Suite splitting in effect" type="pytest.skip">src/pymortests/grid.py:289: &lt;py._xmlgen.raw object at 0x7f1dd49906d8&gt;</skipped></testcase><testcase classname="src.pymortests.grid" file="src/pymortests/grid.py" line="289" name="test_neighbours_entry_values_unique[&lt;lambda&gt;41]" time="0.00041294097900390625"><skipped message="Suite splitting in effect" type="pytest.skip">src/pymortests/grid.py:289: &lt;py._xmlgen.raw object at 0x7f1dd4987438&gt;</skipped></testcase><testcase classname="src.pymortests.grid" file="src/pymortests/grid.py" line="289" name="test_neighbours_entry_values_unique[&lt;lambda&gt;42]" time="0.0004374980926513672"><skipped message="Suite splitting in effect" type="pytest.skip">src/pymortests/grid.py:289: &lt;py._xmlgen.raw object at 0x7f1dd49f6940&gt;</skipped></testcase><testcase classname="src.pymortests.grid" file="src/pymortests/grid.py" line="298" name="test_neighbours_each_entry_neighbour[&lt;lambda&gt;0]" time="0.00042819976806640625"><skipped message="Suite splitting in effect" type="pytest.skip">src/pymortests/grid.py:298: &lt;py._xmlgen.raw object at 0x7f1dfe21fe48&gt;</skipped></testcase><testcase classname="src.pymortests.grid" file="src/pymortests/grid.py" line="298" name="test_neighbours_each_entry_neighbour[&lt;lambda&gt;1]" time="0.0005164146423339844"><skipped message="Suite splitting in effect" type="pytest.skip">src/pymortests/grid.py:298: &lt;py._xmlgen.raw object at 0x7f1dd49eed68&gt;</skipped></testcase><testcase classname="src.pymortests.grid" file="src/pymortests/grid.py" line="298" name="test_neighbours_each_entry_neighbour[&lt;lambda&gt;2]" time="0.00041747093200683594"><skipped message="Suite splitting in effect" type="pytest.skip">src/pymortests/grid.py:298: &lt;py._xmlgen.raw object at 0x7f1dfe27c9e8&gt;</skipped></testcase><testcase classname="src.pymortests.grid" file="src/pymortests/grid.py" line="298" name="test_neighbours_each_entry_neighbour[&lt;lambda&gt;3]" time="0.0004260540008544922"><skipped message="Suite splitting in effect" type="pytest.skip">src/pymortests/grid.py:298: &lt;py._xmlgen.raw object at 0x7f1dd499b080&gt;</skipped></testcase><testcase classname="src.pymortests.grid" file="src/pymortests/grid.py" line="298" name="test_neighbours_each_entry_neighbour[&lt;lambda&gt;4]" time="0.0007655620574951172"><skipped message="Suite splitting in effect" type="pytest.skip">src/pymortests/grid.py:298: &lt;py._xmlgen.raw object at 0x7f1dd499b5c0&gt;</skipped></testcase><testcase classname="src.pymortests.grid" file="src/pymortests/grid.py" line="298" name="test_neighbours_each_entry_neighbour[&lt;lambda&gt;5]" time="0.0004520416259765625"><skipped message="Suite splitting in effect" type="pytest.skip">src/pymortests/grid.py:298: &lt;py._xmlgen.raw object at 0x7f1dfe27c4a8&gt;</skipped></testcase><testcase classname="src.pymortests.grid" file="src/pymortests/grid.py" line="298" name="test_neighbours_each_entry_neighbour[&lt;lambda&gt;6]" time="0.0004718303680419922"><skipped message="Suite splitting in effect" type="pytest.skip">src/pymortests/grid.py:298: &lt;py._xmlgen.raw object at 0x7f1dd49eea58&gt;</skipped></testcase><testcase classname="src.pymortests.grid" file="src/pymortests/grid.py" line="298" name="test_neighbours_each_entry_neighbour[&lt;lambda&gt;7]" time="0.00042128562927246094"><skipped message="Suite splitting in effect" type="pytest.skip">src/pymortests/grid.py:298: &lt;py._xmlgen.raw object at 0x7f1dfe21fb00&gt;</skipped></testcase><testcase classname="src.pymortests.grid" file="src/pymortests/grid.py" line="298" name="test_neighbours_each_entry_neighbour[&lt;lambda&gt;8]" time="0.00041222572326660156"><skipped message="Suite splitting in effect" type="pytest.skip">src/pymortests/grid.py:298: &lt;py._xmlgen.raw object at 0x7f1dd4987e48&gt;</skipped></testcase><testcase classname="src.pymortests.grid" file="src/pymortests/grid.py" line="298" name="test_neighbours_each_entry_neighbour[&lt;lambda&gt;9]" time="0.00041484832763671875"><skipped message="Suite splitting in effect" type="pytest.skip">src/pymortests/grid.py:298: &lt;py._xmlgen.raw object at 0x7f1dd4990ac8&gt;</skipped></testcase><testcase classname="src.pymortests.grid" file="src/pymortests/grid.py" line="298" name="test_neighbours_each_entry_neighbour[&lt;lambda&gt;10]" time="0.0004382133483886719"><skipped message="Suite splitting in effect" type="pytest.skip">src/pymortests/grid.py:298: &lt;py._xmlgen.raw object at 0x7f1dd4990048&gt;</skipped></testcase><testcase classname="src.pymortests.grid" file="src/pymortests/grid.py" line="298" name="test_neighbours_each_entry_neighbour[&lt;lambda&gt;11]" time="0.0004601478576660156"><skipped message="Suite splitting in effect" type="pytest.skip">src/pymortests/grid.py:298: &lt;py._xmlgen.raw object at 0x7f1dd499b160&gt;</skipped></testcase><testcase classname="src.pymortests.grid" file="src/pymortests/grid.py" line="298" name="test_neighbours_each_entry_neighbour[&lt;lambda&gt;12]" time="0.0008661746978759766"><skipped message="Suite splitting in effect" type="pytest.skip">src/pymortests/grid.py:298: &lt;py._xmlgen.raw object at 0x7f1dd499bbe0&gt;</skipped></testcase><testcase classname="src.pymortests.grid" file="src/pymortests/grid.py" line="298" name="test_neighbours_each_entry_neighbour[&lt;lambda&gt;13]" time="0.00043845176696777344"><skipped message="Suite splitting in effect" type="pytest.skip">src/pymortests/grid.py:298: &lt;py._xmlgen.raw object at 0x7f1dd4990cf8&gt;</skipped></testcase><testcase classname="src.pymortests.grid" file="src/pymortests/grid.py" line="298" name="test_neighbours_each_entry_neighbour[&lt;lambda&gt;14]" time="0.00044798851013183594"><skipped message="Suite splitting in effect" type="pytest.skip">src/pymortests/grid.py:298: &lt;py._xmlgen.raw object at 0x7f1dd4987e48&gt;</skipped></testcase><testcase classname="src.pymortests.grid" file="src/pymortests/grid.py" line="298" name="test_neighbours_each_entry_neighbour[&lt;lambda&gt;15]" time="0.0004494190216064453"><skipped message="Suite splitting in effect" type="pytest.skip">src/pymortests/grid.py:298: &lt;py._xmlgen.raw object at 0x7f1dfe21fc50&gt;</skipped></testcase><testcase classname="src.pymortests.grid" file="src/pymortests/grid.py" line="298" name="test_neighbours_each_entry_neighbour[&lt;lambda&gt;16]" time="0.0004417896270751953"><skipped message="Suite splitting in effect" type="pytest.skip">src/pymortests/grid.py:298: &lt;py._xmlgen.raw object at 0x7f1dd49ee438&gt;</skipped></testcase><testcase classname="src.pymortests.grid" file="src/pymortests/grid.py" line="298" name="test_neighbours_each_entry_neighbour[&lt;lambda&gt;17]" time="0.0004405975341796875"><skipped message="Suite splitting in effect" type="pytest.skip">src/pymortests/grid.py:298: &lt;py._xmlgen.raw object at 0x7f1dfe27c4a8&gt;</skipped></testcase><testcase classname="src.pymortests.grid" file="src/pymortests/grid.py" line="298" name="test_neighbours_each_entry_neighbour[&lt;lambda&gt;18]" time="0.0004322528839111328"><skipped message="Suite splitting in effect" type="pytest.skip">src/pymortests/grid.py:298: &lt;py._xmlgen.raw object at 0x7f1dd499b940&gt;</skipped></testcase><testcase classname="src.pymortests.grid" file="src/pymortests/grid.py" line="298" name="test_neighbours_each_entry_neighbour[&lt;lambda&gt;19]" time="0.0004646778106689453"><skipped message="Suite splitting in effect" type="pytest.skip">src/pymortests/grid.py:298: &lt;py._xmlgen.raw object at 0x7f1dd499b438&gt;</skipped></testcase><testcase classname="src.pymortests.grid" file="src/pymortests/grid.py" line="298" name="test_neighbours_each_entry_neighbour[&lt;lambda&gt;20]" time="0.0007319450378417969"><skipped message="Suite splitting in effect" type="pytest.skip">src/pymortests/grid.py:298: &lt;py._xmlgen.raw object at 0x7f1dd49a6240&gt;</skipped></testcase><testcase classname="src.pymortests.grid" file="src/pymortests/grid.py" line="298" name="test_neighbours_each_entry_neighbour[&lt;lambda&gt;21]" time="0.0004112720489501953"><skipped message="Suite splitting in effect" type="pytest.skip">src/pymortests/grid.py:298: &lt;py._xmlgen.raw object at 0x7f1dd499b240&gt;</skipped></testcase><testcase classname="src.pymortests.grid" file="src/pymortests/grid.py" line="298" name="test_neighbours_each_entry_neighbour[&lt;lambda&gt;22]" time="0.00042939186096191406"><skipped message="Suite splitting in effect" type="pytest.skip">src/pymortests/grid.py:298: &lt;py._xmlgen.raw object at 0x7f1dfe22f3c8&gt;</skipped></testcase><testcase classname="src.pymortests.grid" file="src/pymortests/grid.py" line="298" name="test_neighbours_each_entry_neighbour[&lt;lambda&gt;23]" time="0.0004353523254394531"><skipped message="Suite splitting in effect" type="pytest.skip">src/pymortests/grid.py:298: &lt;py._xmlgen.raw object at 0x7f1dd49eed68&gt;</skipped></testcase><testcase classname="src.pymortests.grid" file="src/pymortests/grid.py" line="298" name="test_neighbours_each_entry_neighbour[&lt;lambda&gt;24]" time="0.0004341602325439453"><skipped message="Suite splitting in effect" type="pytest.skip">src/pymortests/grid.py:298: &lt;py._xmlgen.raw object at 0x7f1dfe1c0e10&gt;</skipped></testcase><testcase classname="src.pymortests.grid" file="src/pymortests/grid.py" line="298" name="test_neighbours_each_entry_neighbour[&lt;lambda&gt;25]" time="0.00045371055603027344"><skipped message="Suite splitting in effect" type="pytest.skip">src/pymortests/grid.py:298: &lt;py._xmlgen.raw object at 0x7f1dd49879b0&gt;</skipped></testcase><testcase classname="src.pymortests.grid" file="src/pymortests/grid.py" line="298" name="test_neighbours_each_entry_neighbour[&lt;lambda&gt;26]" time="0.0004329681396484375"><skipped message="Suite splitting in effect" type="pytest.skip">src/pymortests/grid.py:298: &lt;py._xmlgen.raw object at 0x7f1dd49907f0&gt;</skipped></testcase><testcase classname="src.pymortests.grid" file="src/pymortests/grid.py" line="298" name="test_neighbours_each_entry_neighbour[&lt;lambda&gt;27]" time="0.0004444122314453125"><skipped message="Suite splitting in effect" type="pytest.skip">src/pymortests/grid.py:298: &lt;py._xmlgen.raw object at 0x7f1dd49a60b8&gt;</skipped></testcase><testcase classname="src.pymortests.grid" file="src/pymortests/grid.py" line="298" name="test_neighbours_each_entry_neighbour[&lt;lambda&gt;28]" time="0.0006935596466064453"><skipped message="Suite splitting in effect" type="pytest.skip">src/pymortests/grid.py:298: &lt;py._xmlgen.raw object at 0x7f1dd49a6860&gt;</skipped></testcase><testcase classname="src.pymortests.grid" file="src/pymortests/grid.py" line="298" name="test_neighbours_each_entry_neighbour[&lt;lambda&gt;29]" time="0.00043272972106933594"><skipped message="Suite splitting in effect" type="pytest.skip">src/pymortests/grid.py:298: &lt;py._xmlgen.raw object at 0x7f1dd49c9358&gt;</skipped></testcase><testcase classname="src.pymortests.grid" file="src/pymortests/grid.py" line="298" name="test_neighbours_each_entry_neighbour[&lt;lambda&gt;30]" time="0.00045561790466308594"><skipped message="Suite splitting in effect" type="pytest.skip">src/pymortests/grid.py:298: &lt;py._xmlgen.raw object at 0x7f1dfe21fa58&gt;</skipped></testcase><testcase classname="src.pymortests.grid" file="src/pymortests/grid.py" line="298" name="test_neighbours_each_entry_neighbour[&lt;lambda&gt;31]" time="0.0004413127899169922"><skipped message="Suite splitting in effect" type="pytest.skip">src/pymortests/grid.py:298: &lt;py._xmlgen.raw object at 0x7f1dd4a1c470&gt;</skipped></testcase><testcase classname="src.pymortests.grid" file="src/pymortests/grid.py" line="298" name="test_neighbours_each_entry_neighbour[&lt;lambda&gt;32]" time="0.0004317760467529297"><skipped message="Suite splitting in effect" type="pytest.skip">src/pymortests/grid.py:298: &lt;py._xmlgen.raw object at 0x7f1dfe1d1828&gt;</skipped></testcase><testcase classname="src.pymortests.grid" file="src/pymortests/grid.py" line="298" name="test_neighbours_each_entry_neighbour[&lt;lambda&gt;33]" time="0.00043654441833496094"><skipped message="Suite splitting in effect" type="pytest.skip">src/pymortests/grid.py:298: &lt;py._xmlgen.raw object at 0x7f1dd499bda0&gt;</skipped></testcase><testcase classname="src.pymortests.grid" file="src/pymortests/grid.py" line="298" name="test_neighbours_each_entry_neighbour[&lt;lambda&gt;34]" time="0.0004069805145263672"><skipped message="Suite splitting in effect" type="pytest.skip">src/pymortests/grid.py:298: &lt;py._xmlgen.raw object at 0x7f1dd49a6940&gt;</skipped></testcase><testcase classname="src.pymortests.grid" file="src/pymortests/grid.py" line="298" name="test_neighbours_each_entry_neighbour[&lt;lambda&gt;35]" time="0.00043463706970214844"><skipped message="Suite splitting in effect" type="pytest.skip">src/pymortests/grid.py:298: &lt;py._xmlgen.raw object at 0x7f1dd49a6358&gt;</skipped></testcase><testcase classname="src.pymortests.grid" file="src/pymortests/grid.py" line="298" name="test_neighbours_each_entry_neighbour[&lt;lambda&gt;36]" time="0.0010066032409667969"><skipped message="Suite splitting in effect" type="pytest.skip">src/pymortests/grid.py:298: &lt;py._xmlgen.raw object at 0x7f1dd49a6e80&gt;</skipped></testcase><testcase classname="src.pymortests.grid" file="src/pymortests/grid.py" line="298" name="test_neighbours_each_entry_neighbour[&lt;lambda&gt;37]" time="0.00043392181396484375"><skipped message="Suite splitting in effect" type="pytest.skip">src/pymortests/grid.py:298: &lt;py._xmlgen.raw object at 0x7f1dfe26b7f0&gt;</skipped></testcase><testcase classname="src.pymortests.grid" file="src/pymortests/grid.py" line="298" name="test_neighbours_each_entry_neighbour[&lt;lambda&gt;38]" time="0.00046133995056152344"><skipped message="Suite splitting in effect" type="pytest.skip">src/pymortests/grid.py:298: &lt;py._xmlgen.raw object at 0x7f1dfe21fa58&gt;</skipped></testcase><testcase classname="src.pymortests.grid" file="src/pymortests/grid.py" line="298" name="test_neighbours_each_entry_neighbour[&lt;lambda&gt;39]" time="0.0004169940948486328"><skipped message="Suite splitting in effect" type="pytest.skip">src/pymortests/grid.py:298: &lt;py._xmlgen.raw object at 0x7f1dd49a66a0&gt;</skipped></testcase><testcase classname="src.pymortests.grid" file="src/pymortests/grid.py" line="298" name="test_neighbours_each_entry_neighbour[&lt;lambda&gt;40]" time="0.0004482269287109375"><skipped message="Suite splitting in effect" type="pytest.skip">src/pymortests/grid.py:298: &lt;py._xmlgen.raw object at 0x7f1dd49a6198&gt;</skipped></testcase><testcase classname="src.pymortests.grid" file="src/pymortests/grid.py" line="298" name="test_neighbours_each_entry_neighbour[&lt;lambda&gt;41]" time="0.00042247772216796875"><skipped message="Suite splitting in effect" type="pytest.skip">src/pymortests/grid.py:298: &lt;py._xmlgen.raw object at 0x7f1dd499be80&gt;</skipped></testcase><testcase classname="src.pymortests.grid" file="src/pymortests/grid.py" line="298" name="test_neighbours_each_entry_neighbour[&lt;lambda&gt;42]" time="0.0004069805145263672"><skipped message="Suite splitting in effect" type="pytest.skip">src/pymortests/grid.py:298: &lt;py._xmlgen.raw object at 0x7f1dd499bd30&gt;</skipped></testcase><testcase classname="src.pymortests.grid" file="src/pymortests/grid.py" line="314" name="test_neighbours_each_neighbour_has_entry[&lt;lambda&gt;0]" time="0.00041174888610839844"><skipped message="Suite splitting in effect" type="pytest.skip">src/pymortests/grid.py:314: &lt;py._xmlgen.raw object at 0x7f1dd4990dd8&gt;</skipped></testcase><testcase classname="src.pymortests.grid" file="src/pymortests/grid.py" line="314" name="test_neighbours_each_neighbour_has_entry[&lt;lambda&gt;1]" time="0.00042366981506347656"><skipped message="Suite splitting in effect" type="pytest.skip">src/pymortests/grid.py:314: &lt;py._xmlgen.raw object at 0x7f1dd4987e10&gt;</skipped></testcase><testcase classname="src.pymortests.grid" file="src/pymortests/grid.py" line="314" name="test_neighbours_each_neighbour_has_entry[&lt;lambda&gt;2]" time="0.0007462501525878906"><skipped message="Suite splitting in effect" type="pytest.skip">src/pymortests/grid.py:314: &lt;py._xmlgen.raw object at 0x7f1dd4990eb8&gt;</skipped></testcase><testcase classname="src.pymortests.grid" file="src/pymortests/grid.py" line="314" name="test_neighbours_each_neighbour_has_entry[&lt;lambda&gt;3]" time="0.0004343986511230469"><skipped message="Suite splitting in effect" type="pytest.skip">src/pymortests/grid.py:314: &lt;py._xmlgen.raw object at 0x7f1dd499b780&gt;</skipped></testcase><testcase classname="src.pymortests.grid" file="src/pymortests/grid.py" line="314" name="test_neighbours_each_neighbour_has_entry[&lt;lambda&gt;4]" time="0.0004367828369140625"><skipped message="Suite splitting in effect" type="pytest.skip">src/pymortests/grid.py:314: &lt;py._xmlgen.raw object at 0x7f1dd49a6cf8&gt;</skipped></testcase><testcase classname="src.pymortests.grid" file="src/pymortests/grid.py" line="314" name="test_neighbours_each_neighbour_has_entry[&lt;lambda&gt;5]" time="0.00043964385986328125"><skipped message="Suite splitting in effect" type="pytest.skip">src/pymortests/grid.py:314: &lt;py._xmlgen.raw object at 0x7f1dd49a6a20&gt;</skipped></testcase><testcase classname="src.pymortests.grid" file="src/pymortests/grid.py" line="314" name="test_neighbours_each_neighbour_has_entry[&lt;lambda&gt;6]" time="0.00041604042053222656"><skipped message="Suite splitting in effect" type="pytest.skip">src/pymortests/grid.py:314: &lt;py._xmlgen.raw object at 0x7f1dfe1c0b70&gt;</skipped></testcase><testcase classname="src.pymortests.grid" file="src/pymortests/grid.py" line="314" name="test_neighbours_each_neighbour_has_entry[&lt;lambda&gt;7]" time="0.00044536590576171875"><skipped message="Suite splitting in effect" type="pytest.skip">src/pymortests/grid.py:314: &lt;py._xmlgen.raw object at 0x7f1dfe1d1438&gt;</skipped></testcase><testcase classname="src.pymortests.grid" file="src/pymortests/grid.py" line="314" name="test_neighbours_each_neighbour_has_entry[&lt;lambda&gt;8]" time="0.0004267692565917969"><skipped message="Suite splitting in effect" type="pytest.skip">src/pymortests/grid.py:314: &lt;py._xmlgen.raw object at 0x7f1dd49877f0&gt;</skipped></testcase><testcase classname="src.pymortests.grid" file="src/pymortests/grid.py" line="314" name="test_neighbours_each_neighbour_has_entry[&lt;lambda&gt;9]" time="0.00043082237243652344"><skipped message="Suite splitting in effect" type="pytest.skip">src/pymortests/grid.py:314: &lt;py._xmlgen.raw object at 0x7f1dd49f67b8&gt;</skipped></testcase><testcase classname="src.pymortests.grid" file="src/pymortests/grid.py" line="314" name="test_neighbours_each_neighbour_has_entry[&lt;lambda&gt;10]" time="0.0007102489471435547"><skipped message="Suite splitting in effect" type="pytest.skip">src/pymortests/grid.py:314: &lt;py._xmlgen.raw object at 0x7f1dd49f67b8&gt;</skipped></testcase><testcase classname="src.pymortests.grid" file="src/pymortests/grid.py" line="314" name="test_neighbours_each_neighbour_has_entry[&lt;lambda&gt;11]" time="0.00046634674072265625"><skipped message="Suite splitting in effect" type="pytest.skip">src/pymortests/grid.py:314: &lt;py._xmlgen.raw object at 0x7f1dfe1d1d68&gt;</skipped></testcase><testcase classname="src.pymortests.grid" file="src/pymortests/grid.py" line="314" name="test_neighbours_each_neighbour_has_entry[&lt;lambda&gt;12]" time="0.00042128562927246094"><skipped message="Suite splitting in effect" type="pytest.skip">src/pymortests/grid.py:314: &lt;py._xmlgen.raw object at 0x7f1dfe1c0588&gt;</skipped></testcase><testcase classname="src.pymortests.grid" file="src/pymortests/grid.py" line="314" name="test_neighbours_each_neighbour_has_entry[&lt;lambda&gt;13]" time="0.0004322528839111328"><skipped message="Suite splitting in effect" type="pytest.skip">src/pymortests/grid.py:314: &lt;py._xmlgen.raw object at 0x7f1dd49a6550&gt;</skipped></testcase><testcase classname="src.pymortests.grid" file="src/pymortests/grid.py" line="314" name="test_neighbours_each_neighbour_has_entry[&lt;lambda&gt;14]" time="0.0004305839538574219"><skipped message="Suite splitting in effect" type="pytest.skip">src/pymortests/grid.py:314: &lt;py._xmlgen.raw object at 0x7f1dd49a63c8&gt;</skipped></testcase><testcase classname="src.pymortests.grid" file="src/pymortests/grid.py" line="314" name="test_neighbours_each_neighbour_has_entry[&lt;lambda&gt;15]" time="0.0004558563232421875"><skipped message="Suite splitting in effect" type="pytest.skip">src/pymortests/grid.py:314: &lt;py._xmlgen.raw object at 0x7f1dd499b080&gt;</skipped></testcase><testcase classname="src.pymortests.grid" file="src/pymortests/grid.py" line="314" name="test_neighbours_each_neighbour_has_entry[&lt;lambda&gt;16]" time="0.0004456043243408203"><skipped message="Suite splitting in effect" type="pytest.skip">src/pymortests/grid.py:314: &lt;py._xmlgen.raw object at 0x7f1dd49903c8&gt;</skipped></testcase><testcase classname="src.pymortests.grid" file="src/pymortests/grid.py" line="314" name="test_neighbours_each_neighbour_has_entry[&lt;lambda&gt;17]" time="0.00040984153747558594"><skipped message="Suite splitting in effect" type="pytest.skip">src/pymortests/grid.py:314: &lt;py._xmlgen.raw object at 0x7f1dd49b63c8&gt;</skipped></testcase><testcase classname="src.pymortests.grid" file="src/pymortests/grid.py" line="314" name="test_neighbours_each_neighbour_has_entry[&lt;lambda&gt;18]" time="0.0006740093231201172"><skipped message="Suite splitting in effect" type="pytest.skip">src/pymortests/grid.py:314: &lt;py._xmlgen.raw object at 0x7f1dd49b6908&gt;</skipped></testcase><testcase classname="src.pymortests.grid" file="src/pymortests/grid.py" line="314" name="test_neighbours_each_neighbour_has_entry[&lt;lambda&gt;19]" time="0.0004279613494873047"><skipped message="Suite splitting in effect" type="pytest.skip">src/pymortests/grid.py:314: &lt;py._xmlgen.raw object at 0x7f1dd499b940&gt;</skipped></testcase><testcase classname="src.pymortests.grid" file="src/pymortests/grid.py" line="314" name="test_neighbours_each_neighbour_has_entry[&lt;lambda&gt;20]" time="0.0004291534423828125"><skipped message="Suite splitting in effect" type="pytest.skip">src/pymortests/grid.py:314: &lt;py._xmlgen.raw object at 0x7f1dd49a6cf8&gt;</skipped></testcase><testcase classname="src.pymortests.grid" file="src/pymortests/grid.py" line="314" name="test_neighbours_each_neighbour_has_entry[&lt;lambda&gt;21]" time="0.00044536590576171875"><skipped message="Suite splitting in effect" type="pytest.skip">src/pymortests/grid.py:314: &lt;py._xmlgen.raw object at 0x7f1dfe1f6a90&gt;</skipped></testcase><testcase classname="src.pymortests.grid" file="src/pymortests/grid.py" line="314" name="test_neighbours_each_neighbour_has_entry[&lt;lambda&gt;22]" time="0.0004429817199707031"><skipped message="Suite splitting in effect" type="pytest.skip">src/pymortests/grid.py:314: &lt;py._xmlgen.raw object at 0x7f1dd4a1c470&gt;</skipped></testcase><testcase classname="src.pymortests.grid" file="src/pymortests/grid.py" line="314" name="test_neighbours_each_neighbour_has_entry[&lt;lambda&gt;23]" time="0.00043320655822753906"><skipped message="Suite splitting in effect" type="pytest.skip">src/pymortests/grid.py:314: &lt;py._xmlgen.raw object at 0x7f1dfe1d12e8&gt;</skipped></testcase><testcase classname="src.pymortests.grid" file="src/pymortests/grid.py" line="314" name="test_neighbours_each_neighbour_has_entry[&lt;lambda&gt;24]" time="0.00040841102600097656"><skipped message="Suite splitting in effect" type="pytest.skip">src/pymortests/grid.py:314: &lt;py._xmlgen.raw object at 0x7f1dd49b65f8&gt;</skipped></testcase><testcase classname="src.pymortests.grid" file="src/pymortests/grid.py" line="314" name="test_neighbours_each_neighbour_has_entry[&lt;lambda&gt;25]" time="0.0004367828369140625"><skipped message="Suite splitting in effect" type="pytest.skip">src/pymortests/grid.py:314: &lt;py._xmlgen.raw object at 0x7f1dd49b62b0&gt;</skipped></testcase><testcase classname="src.pymortests.grid" file="src/pymortests/grid.py" line="314" name="test_neighbours_each_neighbour_has_entry[&lt;lambda&gt;26]" time="0.0007021427154541016"><skipped message="Suite splitting in effect" type="pytest.skip">src/pymortests/grid.py:314: &lt;py._xmlgen.raw object at 0x7f1dd49b6e48&gt;</skipped></testcase><testcase classname="src.pymortests.grid" file="src/pymortests/grid.py" line="314" name="test_neighbours_each_neighbour_has_entry[&lt;lambda&gt;27]" time="0.00041937828063964844"><skipped message="Suite splitting in effect" type="pytest.skip">src/pymortests/grid.py:314: &lt;py._xmlgen.raw object at 0x7f1dd49b6cf8&gt;</skipped></testcase><testcase classname="src.pymortests.grid" file="src/pymortests/grid.py" line="314" name="test_neighbours_each_neighbour_has_entry[&lt;lambda&gt;28]" time="0.0004336833953857422"><skipped message="Suite splitting in effect" type="pytest.skip">src/pymortests/grid.py:314: &lt;py._xmlgen.raw object at 0x7f1dd49b6518&gt;</skipped></testcase><testcase classname="src.pymortests.grid" file="src/pymortests/grid.py" line="314" name="test_neighbours_each_neighbour_has_entry[&lt;lambda&gt;29]" time="0.00040602684020996094"><skipped message="Suite splitting in effect" type="pytest.skip">src/pymortests/grid.py:314: &lt;py._xmlgen.raw object at 0x7f1dd4987470&gt;</skipped></testcase><testcase classname="src.pymortests.grid" file="src/pymortests/grid.py" line="314" name="test_neighbours_each_neighbour_has_entry[&lt;lambda&gt;30]" time="0.00041413307189941406"><skipped message="Suite splitting in effect" type="pytest.skip">src/pymortests/grid.py:314: &lt;py._xmlgen.raw object at 0x7f1dfe1f6d30&gt;</skipped></testcase><testcase classname="src.pymortests.grid" file="src/pymortests/grid.py" line="314" name="test_neighbours_each_neighbour_has_entry[&lt;lambda&gt;31]" time="0.0004096031188964844"><skipped message="Suite splitting in effect" type="pytest.skip">src/pymortests/grid.py:314: &lt;py._xmlgen.raw object at 0x7f1dd49a6908&gt;</skipped></testcase><testcase classname="src.pymortests.grid" file="src/pymortests/grid.py" line="314" name="test_neighbours_each_neighbour_has_entry[&lt;lambda&gt;32]" time="0.0004420280456542969"><skipped message="Suite splitting in effect" type="pytest.skip">src/pymortests/grid.py:314: &lt;py._xmlgen.raw object at 0x7f1dfe22f470&gt;</skipped></testcase><testcase classname="src.pymortests.grid" file="src/pymortests/grid.py" line="314" name="test_neighbours_each_neighbour_has_entry[&lt;lambda&gt;33]" time="0.00045037269592285156"><skipped message="Suite splitting in effect" type="pytest.skip">src/pymortests/grid.py:314: &lt;py._xmlgen.raw object at 0x7f1dfe1e1e80&gt;</skipped></testcase><testcase classname="src.pymortests.grid" file="src/pymortests/grid.py" line="314" name="test_neighbours_each_neighbour_has_entry[&lt;lambda&gt;34]" time="0.000698089599609375"><skipped message="Suite splitting in effect" type="pytest.skip">src/pymortests/grid.py:314: &lt;py._xmlgen.raw object at 0x7f1dd493e4a8&gt;</skipped></testcase><testcase classname="src.pymortests.grid" file="src/pymortests/grid.py" line="314" name="test_neighbours_each_neighbour_has_entry[&lt;lambda&gt;35]" time="0.0004303455352783203"><skipped message="Suite splitting in effect" type="pytest.skip">src/pymortests/grid.py:314: &lt;py._xmlgen.raw object at 0x7f1dd4990eb8&gt;</skipped></testcase><testcase classname="src.pymortests.grid" file="src/pymortests/grid.py" line="314" name="test_neighbours_each_neighbour_has_entry[&lt;lambda&gt;36]" time="0.0004432201385498047"><skipped message="Suite splitting in effect" type="pytest.skip">src/pymortests/grid.py:314: &lt;py._xmlgen.raw object at 0x7f1dd4a1c470&gt;</skipped></testcase><testcase classname="src.pymortests.grid" file="src/pymortests/grid.py" line="314" name="test_neighbours_each_neighbour_has_entry[&lt;lambda&gt;37]" time="0.0004425048828125"><skipped message="Suite splitting in effect" type="pytest.skip">src/pymortests/grid.py:314: &lt;py._xmlgen.raw object at 0x7f1dfe1f64a8&gt;</skipped></testcase><testcase classname="src.pymortests.grid" file="src/pymortests/grid.py" line="314" name="test_neighbours_each_neighbour_has_entry[&lt;lambda&gt;38]" time="0.0004134178161621094"><skipped message="Suite splitting in effect" type="pytest.skip">src/pymortests/grid.py:314: &lt;py._xmlgen.raw object at 0x7f1dfe1840b8&gt;</skipped></testcase><testcase classname="src.pymortests.grid" file="src/pymortests/grid.py" line="314" name="test_neighbours_each_neighbour_has_entry[&lt;lambda&gt;39]" time="0.0004096031188964844"><skipped message="Suite splitting in effect" type="pytest.skip">src/pymortests/grid.py:314: &lt;py._xmlgen.raw object at 0x7f1dd49b6320&gt;</skipped></testcase><testcase classname="src.pymortests.grid" file="src/pymortests/grid.py" line="314" name="test_neighbours_each_neighbour_has_entry[&lt;lambda&gt;40]" time="0.00041103363037109375"><skipped message="Suite splitting in effect" type="pytest.skip">src/pymortests/grid.py:314: &lt;py._xmlgen.raw object at 0x7f1dd49b6ac8&gt;</skipped></testcase><testcase classname="src.pymortests.grid" file="src/pymortests/grid.py" line="314" name="test_neighbours_each_neighbour_has_entry[&lt;lambda&gt;41]" time="0.0004382133483886719"><skipped message="Suite splitting in effect" type="pytest.skip">src/pymortests/grid.py:314: &lt;py._xmlgen.raw object at 0x7f1dd493e3c8&gt;</skipped></testcase><testcase classname="src.pymortests.grid" file="src/pymortests/grid.py" line="314" name="test_neighbours_each_neighbour_has_entry[&lt;lambda&gt;42]" time="0.0007090568542480469"><skipped message="Suite splitting in effect" type="pytest.skip">src/pymortests/grid.py:314: &lt;py._xmlgen.raw object at 0x7f1dd493eac8&gt;</skipped></testcase><testcase classname="src.pymortests.grid" file="src/pymortests/grid.py" line="335" name="test_neighbours_not_neighbour_of_itself[&lt;lambda&gt;0]" time="0.0004839897155761719"><skipped message="Suite splitting in effect" type="pytest.skip">src/pymortests/grid.py:335: &lt;py._xmlgen.raw object at 0x7f1dd49b63c8&gt;</skipped></testcase><testcase classname="src.pymortests.grid" file="src/pymortests/grid.py" line="335" name="test_neighbours_not_neighbour_of_itself[&lt;lambda&gt;1]" time="0.0004062652587890625"><skipped message="Suite splitting in effect" type="pytest.skip">src/pymortests/grid.py:335: &lt;py._xmlgen.raw object at 0x7f1dd49872b0&gt;</skipped></testcase><testcase classname="src.pymortests.grid" file="src/pymortests/grid.py" line="335" name="test_neighbours_not_neighbour_of_itself[&lt;lambda&gt;2]" time="0.0004208087921142578"><skipped message="Suite splitting in effect" type="pytest.skip">src/pymortests/grid.py:335: &lt;py._xmlgen.raw object at 0x7f1dfe1f6358&gt;</skipped></testcase><testcase classname="src.pymortests.grid" file="src/pymortests/grid.py" line="335" name="test_neighbours_not_neighbour_of_itself[&lt;lambda&gt;3]" time="0.00041604042053222656"><skipped message="Suite splitting in effect" type="pytest.skip">src/pymortests/grid.py:335: &lt;py._xmlgen.raw object at 0x7f1dd49a6b70&gt;</skipped></testcase><testcase classname="src.pymortests.grid" file="src/pymortests/grid.py" line="335" name="test_neighbours_not_neighbour_of_itself[&lt;lambda&gt;4]" time="0.0004248619079589844"><skipped message="Suite splitting in effect" type="pytest.skip">src/pymortests/grid.py:335: &lt;py._xmlgen.raw object at 0x7f1dd499b208&gt;</skipped></testcase><testcase classname="src.pymortests.grid" file="src/pymortests/grid.py" line="335" name="test_neighbours_not_neighbour_of_itself[&lt;lambda&gt;5]" time="0.00041604042053222656"><skipped message="Suite splitting in effect" type="pytest.skip">src/pymortests/grid.py:335: &lt;py._xmlgen.raw object at 0x7f1dd493ec88&gt;</skipped></testcase><testcase classname="src.pymortests.grid" file="src/pymortests/grid.py" line="335" name="test_neighbours_not_neighbour_of_itself[&lt;lambda&gt;6]" time="0.0004401206970214844"><skipped message="Suite splitting in effect" type="pytest.skip">src/pymortests/grid.py:335: &lt;py._xmlgen.raw object at 0x7f1dd493e160&gt;</skipped></testcase><testcase classname="src.pymortests.grid" file="src/pymortests/grid.py" line="335" name="test_neighbours_not_neighbour_of_itself[&lt;lambda&gt;7]" time="0.0006766319274902344"><skipped message="Suite splitting in effect" type="pytest.skip">src/pymortests/grid.py:335: &lt;py._xmlgen.raw object at 0x7f1dd4948128&gt;</skipped></testcase><testcase classname="src.pymortests.grid" file="src/pymortests/grid.py" line="335" name="test_neighbours_not_neighbour_of_itself[&lt;lambda&gt;8]" time="0.0004248619079589844"><skipped message="Suite splitting in effect" type="pytest.skip">src/pymortests/grid.py:335: &lt;py._xmlgen.raw object at 0x7f1dd493e160&gt;</skipped></testcase><testcase classname="src.pymortests.grid" file="src/pymortests/grid.py" line="335" name="test_neighbours_not_neighbour_of_itself[&lt;lambda&gt;9]" time="0.0004010200500488281"><skipped message="Suite splitting in effect" type="pytest.skip">src/pymortests/grid.py:335: &lt;py._xmlgen.raw object at 0x7f1dfe21f9b0&gt;</skipped></testcase><testcase classname="src.pymortests.grid" file="src/pymortests/grid.py" line="335" name="test_neighbours_not_neighbour_of_itself[&lt;lambda&gt;10]" time="0.0004074573516845703"><skipped message="Suite splitting in effect" type="pytest.skip">src/pymortests/grid.py:335: &lt;py._xmlgen.raw object at 0x7f1dd49a6550&gt;</skipped></testcase><testcase classname="src.pymortests.grid" file="src/pymortests/grid.py" line="335" name="test_neighbours_not_neighbour_of_itself[&lt;lambda&gt;11]" time="0.0004169940948486328"><skipped message="Suite splitting in effect" type="pytest.skip">src/pymortests/grid.py:335: &lt;py._xmlgen.raw object at 0x7f1dfe1c0cc0&gt;</skipped></testcase><testcase classname="src.pymortests.grid" file="src/pymortests/grid.py" line="335" name="test_neighbours_not_neighbour_of_itself[&lt;lambda&gt;12]" time="0.0005514621734619141"><skipped message="Suite splitting in effect" type="pytest.skip">src/pymortests/grid.py:335: &lt;py._xmlgen.raw object at 0x7f1dd49878d0&gt;</skipped></testcase><testcase classname="src.pymortests.grid" file="src/pymortests/grid.py" line="335" name="test_neighbours_not_neighbour_of_itself[&lt;lambda&gt;13]" time="0.00043511390686035156"><skipped message="Suite splitting in effect" type="pytest.skip">src/pymortests/grid.py:335: &lt;py._xmlgen.raw object at 0x7f1dd49b6780&gt;</skipped></testcase><testcase classname="src.pymortests.grid" file="src/pymortests/grid.py" line="335" name="test_neighbours_not_neighbour_of_itself[&lt;lambda&gt;14]" time="0.00042366981506347656"><skipped message="Suite splitting in effect" type="pytest.skip">src/pymortests/grid.py:335: &lt;py._xmlgen.raw object at 0x7f1dd49482b0&gt;</skipped></testcase><testcase classname="src.pymortests.grid" file="src/pymortests/grid.py" line="335" name="test_neighbours_not_neighbour_of_itself[&lt;lambda&gt;15]" time="0.0006875991821289062"><skipped message="Suite splitting in effect" type="pytest.skip">src/pymortests/grid.py:335: &lt;py._xmlgen.raw object at 0x7f1dd4948748&gt;</skipped></testcase><testcase classname="src.pymortests.grid" file="src/pymortests/grid.py" line="335" name="test_neighbours_not_neighbour_of_itself[&lt;lambda&gt;16]" time="0.00043511390686035156"><skipped message="Suite splitting in effect" type="pytest.skip">src/pymortests/grid.py:335: &lt;py._xmlgen.raw object at 0x7f1dd49b6ac8&gt;</skipped></testcase><testcase classname="src.pymortests.grid" file="src/pymortests/grid.py" line="335" name="test_neighbours_not_neighbour_of_itself[&lt;lambda&gt;17]" time="0.00041556358337402344"><skipped message="Suite splitting in effect" type="pytest.skip">src/pymortests/grid.py:335: &lt;py._xmlgen.raw object at 0x7f1dfe1d1f60&gt;</skipped></testcase><testcase classname="src.pymortests.grid" file="src/pymortests/grid.py" line="335" name="test_neighbours_not_neighbour_of_itself[&lt;lambda&gt;18]" time="0.00040435791015625"><skipped message="Suite splitting in effect" type="pytest.skip">src/pymortests/grid.py:335: &lt;py._xmlgen.raw object at 0x7f1dfe1f66a0&gt;</skipped></testcase><testcase classname="src.pymortests.grid" file="src/pymortests/grid.py" line="335" name="test_neighbours_not_neighbour_of_itself[&lt;lambda&gt;19]" time="0.0004093647003173828"><skipped message="Suite splitting in effect" type="pytest.skip">src/pymortests/grid.py:335: &lt;py._xmlgen.raw object at 0x7f1dd49a6f98&gt;</skipped></testcase><testcase classname="src.pymortests.grid" file="src/pymortests/grid.py" line="335" name="test_neighbours_not_neighbour_of_itself[&lt;lambda&gt;20]" time="0.0004112720489501953"><skipped message="Suite splitting in effect" type="pytest.skip">src/pymortests/grid.py:335: &lt;py._xmlgen.raw object at 0x7f1dd493e828&gt;</skipped></testcase><testcase classname="src.pymortests.grid" file="src/pymortests/grid.py" line="335" name="test_neighbours_not_neighbour_of_itself[&lt;lambda&gt;21]" time="0.00041103363037109375"><skipped message="Suite splitting in effect" type="pytest.skip">src/pymortests/grid.py:335: &lt;py._xmlgen.raw object at 0x7f1dd493e320&gt;</skipped></testcase><testcase classname="src.pymortests.grid" file="src/pymortests/grid.py" line="335" name="test_neighbours_not_neighbour_of_itself[&lt;lambda&gt;22]" time="0.0004324913024902344"><skipped message="Suite splitting in effect" type="pytest.skip">src/pymortests/grid.py:335: &lt;py._xmlgen.raw object at 0x7f1dd4948400&gt;</skipped></testcase><testcase classname="src.pymortests.grid" file="src/pymortests/grid.py" line="335" name="test_neighbours_not_neighbour_of_itself[&lt;lambda&gt;23]" time="0.0007166862487792969"><skipped message="Suite splitting in effect" type="pytest.skip">src/pymortests/grid.py:335: &lt;py._xmlgen.raw object at 0x7f1dd4948d68&gt;</skipped></testcase><testcase classname="src.pymortests.grid" file="src/pymortests/grid.py" line="335" name="test_neighbours_not_neighbour_of_itself[&lt;lambda&gt;24]" time="0.0004048347473144531"><skipped message="Suite splitting in effect" type="pytest.skip">src/pymortests/grid.py:335: &lt;py._xmlgen.raw object at 0x7f1dd493e7b8&gt;</skipped></testcase><testcase classname="src.pymortests.grid" file="src/pymortests/grid.py" line="335" name="test_neighbours_not_neighbour_of_itself[&lt;lambda&gt;25]" time="0.0004031658172607422"><skipped message="Suite splitting in effect" type="pytest.skip">src/pymortests/grid.py:335: &lt;py._xmlgen.raw object at 0x7f1dd49a6518&gt;</skipped></testcase><testcase classname="src.pymortests.grid" file="src/pymortests/grid.py" line="335" name="test_neighbours_not_neighbour_of_itself[&lt;lambda&gt;26]" time="0.0004482269287109375"><skipped message="Suite splitting in effect" type="pytest.skip">src/pymortests/grid.py:335: &lt;py._xmlgen.raw object at 0x7f1dfe184748&gt;</skipped></testcase><testcase classname="src.pymortests.grid" file="src/pymortests/grid.py" line="335" name="test_neighbours_not_neighbour_of_itself[&lt;lambda&gt;27]" time="0.0004291534423828125"><skipped message="Suite splitting in effect" type="pytest.skip">src/pymortests/grid.py:335: &lt;py._xmlgen.raw object at 0x7f1dfe1a9128&gt;</skipped></testcase><testcase classname="src.pymortests.grid" file="src/pymortests/grid.py" line="335" name="test_neighbours_not_neighbour_of_itself[&lt;lambda&gt;28]" time="0.0004100799560546875"><skipped message="Suite splitting in effect" type="pytest.skip">src/pymortests/grid.py:335: &lt;py._xmlgen.raw object at 0x7f1dd49b6208&gt;</skipped></testcase><testcase classname="src.pymortests.grid" file="src/pymortests/grid.py" line="335" name="test_neighbours_not_neighbour_of_itself[&lt;lambda&gt;29]" time="0.00040984153747558594"><skipped message="Suite splitting in effect" type="pytest.skip">src/pymortests/grid.py:335: &lt;py._xmlgen.raw object at 0x7f1dd4948ac8&gt;</skipped></testcase><testcase classname="src.pymortests.grid" file="src/pymortests/grid.py" line="335" name="test_neighbours_not_neighbour_of_itself[&lt;lambda&gt;30]" time="0.0004239082336425781"><skipped message="Suite splitting in effect" type="pytest.skip">src/pymortests/grid.py:335: &lt;py._xmlgen.raw object at 0x7f1dd49485f8&gt;</skipped></testcase><testcase classname="src.pymortests.grid" file="src/pymortests/grid.py" line="335" name="test_neighbours_not_neighbour_of_itself[&lt;lambda&gt;31]" time="0.0007109642028808594"><skipped message="Suite splitting in effect" type="pytest.skip">src/pymortests/grid.py:335: &lt;py._xmlgen.raw object at 0x7f1dd49563c8&gt;</skipped></testcase><testcase classname="src.pymortests.grid" file="src/pymortests/grid.py" line="335" name="test_neighbours_not_neighbour_of_itself[&lt;lambda&gt;32]" time="0.0004687309265136719"><skipped message="Suite splitting in effect" type="pytest.skip">src/pymortests/grid.py:335: &lt;py._xmlgen.raw object at 0x7f1dd4948c88&gt;</skipped></testcase><testcase classname="src.pymortests.grid" file="src/pymortests/grid.py" line="335" name="test_neighbours_not_neighbour_of_itself[&lt;lambda&gt;33]" time="0.00041675567626953125"><skipped message="Suite splitting in effect" type="pytest.skip">src/pymortests/grid.py:335: &lt;py._xmlgen.raw object at 0x7f1dd49b6748&gt;</skipped></testcase><testcase classname="src.pymortests.grid" file="src/pymortests/grid.py" line="335" name="test_neighbours_not_neighbour_of_itself[&lt;lambda&gt;34]" time="0.00046062469482421875"><skipped message="Suite splitting in effect" type="pytest.skip">src/pymortests/grid.py:335: &lt;py._xmlgen.raw object at 0x7f1dfe1a9b00&gt;</skipped></testcase><testcase classname="src.pymortests.grid" file="src/pymortests/grid.py" line="335" name="test_neighbours_not_neighbour_of_itself[&lt;lambda&gt;35]" time="0.00043129920959472656"><skipped message="Suite splitting in effect" type="pytest.skip">src/pymortests/grid.py:335: &lt;py._xmlgen.raw object at 0x7f1dfe1f6d30&gt;</skipped></testcase><testcase classname="src.pymortests.grid" file="src/pymortests/grid.py" line="335" name="test_neighbours_not_neighbour_of_itself[&lt;lambda&gt;36]" time="0.0004150867462158203"><skipped message="Suite splitting in effect" type="pytest.skip">src/pymortests/grid.py:335: &lt;py._xmlgen.raw object at 0x7f1dd49a6908&gt;</skipped></testcase><testcase classname="src.pymortests.grid" file="src/pymortests/grid.py" line="335" name="test_neighbours_not_neighbour_of_itself[&lt;lambda&gt;37]" time="0.00040984153747558594"><skipped message="Suite splitting in effect" type="pytest.skip">src/pymortests/grid.py:335: &lt;py._xmlgen.raw object at 0x7f1dd493e860&gt;</skipped></testcase><testcase classname="src.pymortests.grid" file="src/pymortests/grid.py" line="335" name="test_neighbours_not_neighbour_of_itself[&lt;lambda&gt;38]" time="0.0004100799560546875"><skipped message="Suite splitting in effect" type="pytest.skip">src/pymortests/grid.py:335: &lt;py._xmlgen.raw object at 0x7f1dd4956240&gt;</skipped></testcase><testcase classname="src.pymortests.grid" file="src/pymortests/grid.py" line="335" name="test_neighbours_not_neighbour_of_itself[&lt;lambda&gt;39]" time="0.0007407665252685547"><skipped message="Suite splitting in effect" type="pytest.skip">src/pymortests/grid.py:335: &lt;py._xmlgen.raw object at 0x7f1dd49569e8&gt;</skipped></testcase><testcase classname="src.pymortests.grid" file="src/pymortests/grid.py" line="335" name="test_neighbours_not_neighbour_of_itself[&lt;lambda&gt;40]" time="0.00042891502380371094"><skipped message="Suite splitting in effect" type="pytest.skip">src/pymortests/grid.py:335: &lt;py._xmlgen.raw object at 0x7f1dd49a6cf8&gt;</skipped></testcase><testcase classname="src.pymortests.grid" file="src/pymortests/grid.py" line="335" name="test_neighbours_not_neighbour_of_itself[&lt;lambda&gt;41]" time="0.00042247772216796875"><skipped message="Suite splitting in effect" type="pytest.skip">src/pymortests/grid.py:335: &lt;py._xmlgen.raw object at 0x7f1dfe1f65f8&gt;</skipped></testcase><testcase classname="src.pymortests.grid" file="src/pymortests/grid.py" line="335" name="test_neighbours_not_neighbour_of_itself[&lt;lambda&gt;42]" time="0.000461578369140625"><skipped message="Suite splitting in effect" type="pytest.skip">src/pymortests/grid.py:335: &lt;py._xmlgen.raw object at 0x7f1dfe1a9710&gt;</skipped></testcase><testcase classname="src.pymortests.grid" file="src/pymortests/grid.py" line="345" name="test_boundary_mask_wrong_arguments[&lt;lambda&gt;0]" time="0.0004096031188964844"><skipped message="Suite splitting in effect" type="pytest.skip">src/pymortests/grid.py:345: &lt;py._xmlgen.raw object at 0x7f1dd49b6748&gt;</skipped></testcase><testcase classname="src.pymortests.grid" file="src/pymortests/grid.py" line="345" name="test_boundary_mask_wrong_arguments[&lt;lambda&gt;1]" time="0.0004107952117919922"><skipped message="Suite splitting in effect" type="pytest.skip">src/pymortests/grid.py:345: &lt;py._xmlgen.raw object at 0x7f1dd4948438&gt;</skipped></testcase><testcase classname="src.pymortests.grid" file="src/pymortests/grid.py" line="345" name="test_boundary_mask_wrong_arguments[&lt;lambda&gt;2]" time="0.00041413307189941406"><skipped message="Suite splitting in effect" type="pytest.skip">src/pymortests/grid.py:345: &lt;py._xmlgen.raw object at 0x7f1dd4956b70&gt;</skipped></testcase><testcase classname="src.pymortests.grid" file="src/pymortests/grid.py" line="345" name="test_boundary_mask_wrong_arguments[&lt;lambda&gt;3]" time="0.00043702125549316406"><skipped message="Suite splitting in effect" type="pytest.skip">src/pymortests/grid.py:345: &lt;py._xmlgen.raw object at 0x7f1dd4956588&gt;</skipped></testcase><testcase classname="src.pymortests.grid" file="src/pymortests/grid.py" line="345" name="test_boundary_mask_wrong_arguments[&lt;lambda&gt;4]" time="0.0010182857513427734"><skipped message="Suite splitting in effect" type="pytest.skip">src/pymortests/grid.py:345: &lt;py._xmlgen.raw object at 0x7f1dd495d080&gt;</skipped></testcase><testcase classname="src.pymortests.grid" file="src/pymortests/grid.py" line="345" name="test_boundary_mask_wrong_arguments[&lt;lambda&gt;5]" time="0.0004143714904785156"><skipped message="Suite splitting in effect" type="pytest.skip">src/pymortests/grid.py:345: &lt;py._xmlgen.raw object at 0x7f1dfe1a9b00&gt;</skipped></testcase><testcase classname="src.pymortests.grid" file="src/pymortests/grid.py" line="345" name="test_boundary_mask_wrong_arguments[&lt;lambda&gt;6]" time="0.0004100799560546875"><skipped message="Suite splitting in effect" type="pytest.skip">src/pymortests/grid.py:345: &lt;py._xmlgen.raw object at 0x7f1dfe184748&gt;</skipped></testcase><testcase classname="src.pymortests.grid" file="src/pymortests/grid.py" line="345" name="test_boundary_mask_wrong_arguments[&lt;lambda&gt;7]" time="0.00042176246643066406"><skipped message="Suite splitting in effect" type="pytest.skip">src/pymortests/grid.py:345: &lt;py._xmlgen.raw object at 0x7f1dd4956e48&gt;</skipped></testcase><testcase classname="src.pymortests.grid" file="src/pymortests/grid.py" line="345" name="test_boundary_mask_wrong_arguments[&lt;lambda&gt;8]" time="0.00044798851013183594"><skipped message="Suite splitting in effect" type="pytest.skip">src/pymortests/grid.py:345: &lt;py._xmlgen.raw object at 0x7f1dd49565f8&gt;</skipped></testcase><testcase classname="src.pymortests.grid" file="src/pymortests/grid.py" line="345" name="test_boundary_mask_wrong_arguments[&lt;lambda&gt;9]" time="0.00044083595275878906"><skipped message="Suite splitting in effect" type="pytest.skip">src/pymortests/grid.py:345: &lt;py._xmlgen.raw object at 0x7f1dd49481d0&gt;</skipped></testcase><testcase classname="src.pymortests.grid" file="src/pymortests/grid.py" line="345" name="test_boundary_mask_wrong_arguments[&lt;lambda&gt;10]" time="0.0005011558532714844"><skipped message="Suite splitting in effect" type="pytest.skip">src/pymortests/grid.py:345: &lt;py._xmlgen.raw object at 0x7f1dd4948da0&gt;</skipped></testcase><testcase classname="src.pymortests.grid" file="src/pymortests/grid.py" line="345" name="test_boundary_mask_wrong_arguments[&lt;lambda&gt;11]" time="0.0004451274871826172"><skipped message="Suite splitting in effect" type="pytest.skip">src/pymortests/grid.py:345: &lt;py._xmlgen.raw object at 0x7f1dd493e7b8&gt;</skipped></testcase><testcase classname="src.pymortests.grid" file="src/pymortests/grid.py" line="345" name="test_boundary_mask_wrong_arguments[&lt;lambda&gt;12]" time="0.0004398822784423828"><skipped message="Suite splitting in effect" type="pytest.skip">src/pymortests/grid.py:345: &lt;py._xmlgen.raw object at 0x7f1dfe1d12e8&gt;</skipped></testcase><testcase classname="src.pymortests.grid" file="src/pymortests/grid.py" line="345" name="test_boundary_mask_wrong_arguments[&lt;lambda&gt;13]" time="0.0007381439208984375"><skipped message="Suite splitting in effect" type="pytest.skip">src/pymortests/grid.py:345: &lt;py._xmlgen.raw object at 0x7f1dd493eb00&gt;</skipped></testcase><testcase classname="src.pymortests.grid" file="src/pymortests/grid.py" line="345" name="test_boundary_mask_wrong_arguments[&lt;lambda&gt;14]" time="0.0004248619079589844"><skipped message="Suite splitting in effect" type="pytest.skip">src/pymortests/grid.py:345: &lt;py._xmlgen.raw object at 0x7f1dd4948780&gt;</skipped></testcase><testcase classname="src.pymortests.grid" file="src/pymortests/grid.py" line="345" name="test_boundary_mask_wrong_arguments[&lt;lambda&gt;15]" time="0.0004210472106933594"><skipped message="Suite splitting in effect" type="pytest.skip">src/pymortests/grid.py:345: &lt;py._xmlgen.raw object at 0x7f1dd4948208&gt;</skipped></testcase><testcase classname="src.pymortests.grid" file="src/pymortests/grid.py" line="345" name="test_boundary_mask_wrong_arguments[&lt;lambda&gt;16]" time="0.0004470348358154297"><skipped message="Suite splitting in effect" type="pytest.skip">src/pymortests/grid.py:345: &lt;py._xmlgen.raw object at 0x7f1dd4956128&gt;</skipped></testcase><testcase classname="src.pymortests.grid" file="src/pymortests/grid.py" line="345" name="test_boundary_mask_wrong_arguments[&lt;lambda&gt;17]" time="0.0004608631134033203"><skipped message="Suite splitting in effect" type="pytest.skip">src/pymortests/grid.py:345: &lt;py._xmlgen.raw object at 0x7f1dfe1c0cc0&gt;</skipped></testcase><testcase classname="src.pymortests.grid" file="src/pymortests/grid.py" line="345" name="test_boundary_mask_wrong_arguments[&lt;lambda&gt;18]" time="0.0004432201385498047"><skipped message="Suite splitting in effect" type="pytest.skip">src/pymortests/grid.py:345: &lt;py._xmlgen.raw object at 0x7f1dfe1a9518&gt;</skipped></testcase><testcase classname="src.pymortests.grid" file="src/pymortests/grid.py" line="345" name="test_boundary_mask_wrong_arguments[&lt;lambda&gt;19]" time="0.0004329681396484375"><skipped message="Suite splitting in effect" type="pytest.skip">src/pymortests/grid.py:345: &lt;py._xmlgen.raw object at 0x7f1dfe196cf8&gt;</skipped></testcase><testcase classname="src.pymortests.grid" file="src/pymortests/grid.py" line="345" name="test_boundary_mask_wrong_arguments[&lt;lambda&gt;20]" time="0.0004374980926513672"><skipped message="Suite splitting in effect" type="pytest.skip">src/pymortests/grid.py:345: &lt;py._xmlgen.raw object at 0x7f1dd499b6a0&gt;</skipped></testcase><testcase classname="src.pymortests.grid" file="src/pymortests/grid.py" line="345" name="test_boundary_mask_wrong_arguments[&lt;lambda&gt;21]" time="0.00072479248046875"><skipped message="Suite splitting in effect" type="pytest.skip">src/pymortests/grid.py:345: &lt;py._xmlgen.raw object at 0x7f1dd4a4a6d8&gt;</skipped></testcase><testcase classname="src.pymortests.grid" file="src/pymortests/grid.py" line="345" name="test_boundary_mask_wrong_arguments[&lt;lambda&gt;22]" time="0.0004317760467529297"><skipped message="Suite splitting in effect" type="pytest.skip">src/pymortests/grid.py:345: &lt;py._xmlgen.raw object at 0x7f1dfe14e630&gt;</skipped></testcase><testcase classname="src.pymortests.grid" file="src/pymortests/grid.py" line="345" name="test_boundary_mask_wrong_arguments[&lt;lambda&gt;23]" time="0.00044798851013183594"><skipped message="Suite splitting in effect" type="pytest.skip">src/pymortests/grid.py:345: &lt;py._xmlgen.raw object at 0x7f1dfe1a9da0&gt;</skipped></testcase><testcase classname="src.pymortests.grid" file="src/pymortests/grid.py" line="345" name="test_boundary_mask_wrong_arguments[&lt;lambda&gt;24]" time="0.0004477500915527344"><skipped message="Suite splitting in effect" type="pytest.skip">src/pymortests/grid.py:345: &lt;py._xmlgen.raw object at 0x7f1dd4956048&gt;</skipped></testcase><testcase classname="src.pymortests.grid" file="src/pymortests/grid.py" line="345" name="test_boundary_mask_wrong_arguments[&lt;lambda&gt;25]" time="0.00045180320739746094"><skipped message="Suite splitting in effect" type="pytest.skip">src/pymortests/grid.py:345: &lt;py._xmlgen.raw object at 0x7f1dd4956748&gt;</skipped></testcase><testcase classname="src.pymortests.grid" file="src/pymortests/grid.py" line="345" name="test_boundary_mask_wrong_arguments[&lt;lambda&gt;26]" time="0.0004761219024658203"><skipped message="Suite splitting in effect" type="pytest.skip">src/pymortests/grid.py:345: &lt;py._xmlgen.raw object at 0x7f1dd4948390&gt;</skipped></testcase><testcase classname="src.pymortests.grid" file="src/pymortests/grid.py" line="345" name="test_boundary_mask_wrong_arguments[&lt;lambda&gt;27]" time="0.00043773651123046875"><skipped message="Suite splitting in effect" type="pytest.skip">src/pymortests/grid.py:345: &lt;py._xmlgen.raw object at 0x7f1dd493e128&gt;</skipped></testcase><testcase classname="src.pymortests.grid" file="src/pymortests/grid.py" line="345" name="test_boundary_mask_wrong_arguments[&lt;lambda&gt;28]" time="0.0004525184631347656"><skipped message="Suite splitting in effect" type="pytest.skip">src/pymortests/grid.py:345: &lt;py._xmlgen.raw object at 0x7f1dd495d550&gt;</skipped></testcase><testcase classname="src.pymortests.grid" file="src/pymortests/grid.py" line="345" name="test_boundary_mask_wrong_arguments[&lt;lambda&gt;29]" time="0.00075531005859375"><skipped message="Suite splitting in effect" type="pytest.skip">src/pymortests/grid.py:345: &lt;py._xmlgen.raw object at 0x7f1dd495da90&gt;</skipped></testcase><testcase classname="src.pymortests.grid" file="src/pymortests/grid.py" line="345" name="test_boundary_mask_wrong_arguments[&lt;lambda&gt;30]" time="0.0004138946533203125"><skipped message="Suite splitting in effect" type="pytest.skip">src/pymortests/grid.py:345: &lt;py._xmlgen.raw object at 0x7f1dd49484e0&gt;</skipped></testcase><testcase classname="src.pymortests.grid" file="src/pymortests/grid.py" line="345" name="test_boundary_mask_wrong_arguments[&lt;lambda&gt;31]" time="0.00040793418884277344"><skipped message="Suite splitting in effect" type="pytest.skip">src/pymortests/grid.py:345: &lt;py._xmlgen.raw object at 0x7f1dd4956828&gt;</skipped></testcase><testcase classname="src.pymortests.grid" file="src/pymortests/grid.py" line="345" name="test_boundary_mask_wrong_arguments[&lt;lambda&gt;32]" time="0.00044155120849609375"><skipped message="Suite splitting in effect" type="pytest.skip">src/pymortests/grid.py:345: &lt;py._xmlgen.raw object at 0x7f1dd4956278&gt;</skipped></testcase><testcase classname="src.pymortests.grid" file="src/pymortests/grid.py" line="345" name="test_boundary_mask_wrong_arguments[&lt;lambda&gt;33]" time="0.0004668235778808594"><skipped message="Suite splitting in effect" type="pytest.skip">src/pymortests/grid.py:345: &lt;py._xmlgen.raw object at 0x7f1dfe1a97b8&gt;</skipped></testcase><testcase classname="src.pymortests.grid" file="src/pymortests/grid.py" line="345" name="test_boundary_mask_wrong_arguments[&lt;lambda&gt;34]" time="0.0004363059997558594"><skipped message="Suite splitting in effect" type="pytest.skip">src/pymortests/grid.py:345: &lt;py._xmlgen.raw object at 0x7f1dfe14e390&gt;</skipped></testcase><testcase classname="src.pymortests.grid" file="src/pymortests/grid.py" line="345" name="test_boundary_mask_wrong_arguments[&lt;lambda&gt;35]" time="0.00046253204345703125"><skipped message="Suite splitting in effect" type="pytest.skip">src/pymortests/grid.py:345: &lt;py._xmlgen.raw object at 0x7f1dd495d710&gt;</skipped></testcase><testcase classname="src.pymortests.grid" file="src/pymortests/grid.py" line="345" name="test_boundary_mask_wrong_arguments[&lt;lambda&gt;36]" time="0.000438690185546875"><skipped message="Suite splitting in effect" type="pytest.skip">src/pymortests/grid.py:345: &lt;py._xmlgen.raw object at 0x7f1dd495d4a8&gt;</skipped></testcase><testcase classname="src.pymortests.grid" file="src/pymortests/grid.py" line="345" name="test_boundary_mask_wrong_arguments[&lt;lambda&gt;37]" time="0.0007071495056152344"><skipped message="Suite splitting in effect" type="pytest.skip">src/pymortests/grid.py:345: &lt;py._xmlgen.raw object at 0x7f1dd496c080&gt;</skipped></testcase><testcase classname="src.pymortests.grid" file="src/pymortests/grid.py" line="345" name="test_boundary_mask_wrong_arguments[&lt;lambda&gt;38]" time="0.0004303455352783203"><skipped message="Suite splitting in effect" type="pytest.skip">src/pymortests/grid.py:345: &lt;py._xmlgen.raw object at 0x7f1dd495d208&gt;</skipped></testcase><testcase classname="src.pymortests.grid" file="src/pymortests/grid.py" line="345" name="test_boundary_mask_wrong_arguments[&lt;lambda&gt;39]" time="0.00042819976806640625"><skipped message="Suite splitting in effect" type="pytest.skip">src/pymortests/grid.py:345: &lt;py._xmlgen.raw object at 0x7f1dd495d5f8&gt;</skipped></testcase><testcase classname="src.pymortests.grid" file="src/pymortests/grid.py" line="345" name="test_boundary_mask_wrong_arguments[&lt;lambda&gt;40]" time="0.0004360675811767578"><skipped message="Suite splitting in effect" type="pytest.skip">src/pymortests/grid.py:345: &lt;py._xmlgen.raw object at 0x7f1dd49f61d0&gt;</skipped></testcase><testcase classname="src.pymortests.grid" file="src/pymortests/grid.py" line="345" name="test_boundary_mask_wrong_arguments[&lt;lambda&gt;41]" time="0.000446319580078125"><skipped message="Suite splitting in effect" type="pytest.skip">src/pymortests/grid.py:345: &lt;py._xmlgen.raw object at 0x7f1dd4956630&gt;</skipped></testcase><testcase classname="src.pymortests.grid" file="src/pymortests/grid.py" line="345" name="test_boundary_mask_wrong_arguments[&lt;lambda&gt;42]" time="0.0004477500915527344"><skipped message="Suite splitting in effect" type="pytest.skip">src/pymortests/grid.py:345: &lt;py._xmlgen.raw object at 0x7f1dfe1845f8&gt;</skipped></testcase><testcase classname="src.pymortests.grid" file="src/pymortests/grid.py" line="353" name="test_boundary_mask_shape[&lt;lambda&gt;0]" time="0.0004391670227050781"><skipped message="Suite splitting in effect" type="pytest.skip">src/pymortests/grid.py:353: &lt;py._xmlgen.raw object at 0x7f1dfe15c6d8&gt;</skipped></testcase><testcase classname="src.pymortests.grid" file="src/pymortests/grid.py" line="353" name="test_boundary_mask_shape[&lt;lambda&gt;1]" time="0.0004096031188964844"><skipped message="Suite splitting in effect" type="pytest.skip">src/pymortests/grid.py:353: &lt;py._xmlgen.raw object at 0x7f1dd496c128&gt;</skipped></testcase><testcase classname="src.pymortests.grid" file="src/pymortests/grid.py" line="353" name="test_boundary_mask_shape[&lt;lambda&gt;2]" time="0.0006916522979736328"><skipped message="Suite splitting in effect" type="pytest.skip">src/pymortests/grid.py:353: &lt;py._xmlgen.raw object at 0x7f1dd496c630&gt;</skipped></testcase><testcase classname="src.pymortests.grid" file="src/pymortests/grid.py" line="353" name="test_boundary_mask_shape[&lt;lambda&gt;3]" time="0.0004391670227050781"><skipped message="Suite splitting in effect" type="pytest.skip">src/pymortests/grid.py:353: &lt;py._xmlgen.raw object at 0x7f1dfe15c978&gt;</skipped></testcase><testcase classname="src.pymortests.grid" file="src/pymortests/grid.py" line="353" name="test_boundary_mask_shape[&lt;lambda&gt;4]" time="0.00041103363037109375"><skipped message="Suite splitting in effect" type="pytest.skip">src/pymortests/grid.py:353: &lt;py._xmlgen.raw object at 0x7f1dfe1b6eb8&gt;</skipped></testcase><testcase classname="src.pymortests.grid" file="src/pymortests/grid.py" line="353" name="test_boundary_mask_shape[&lt;lambda&gt;5]" time="0.0004162788391113281"><skipped message="Suite splitting in effect" type="pytest.skip">src/pymortests/grid.py:353: &lt;py._xmlgen.raw object at 0x7f1dd4956ba8&gt;</skipped></testcase><testcase classname="src.pymortests.grid" file="src/pymortests/grid.py" line="353" name="test_boundary_mask_shape[&lt;lambda&gt;6]" time="0.0004093647003173828"><skipped message="Suite splitting in effect" type="pytest.skip">src/pymortests/grid.py:353: &lt;py._xmlgen.raw object at 0x7f1dfe14ef60&gt;</skipped></testcase><testcase classname="src.pymortests.grid" file="src/pymortests/grid.py" line="353" name="test_boundary_mask_shape[&lt;lambda&gt;7]" time="0.0004115104675292969"><skipped message="Suite splitting in effect" type="pytest.skip">src/pymortests/grid.py:353: &lt;py._xmlgen.raw object at 0x7f1dd495d400&gt;</skipped></testcase><testcase classname="src.pymortests.grid" file="src/pymortests/grid.py" line="353" name="test_boundary_mask_shape[&lt;lambda&gt;8]" time="0.00042557716369628906"><skipped message="Suite splitting in effect" type="pytest.skip">src/pymortests/grid.py:353: &lt;py._xmlgen.raw object at 0x7f1dd495def0&gt;</skipped></testcase><testcase classname="src.pymortests.grid" file="src/pymortests/grid.py" line="353" name="test_boundary_mask_shape[&lt;lambda&gt;9]" time="0.0004401206970214844"><skipped message="Suite splitting in effect" type="pytest.skip">src/pymortests/grid.py:353: &lt;py._xmlgen.raw object at 0x7f1dd496c2e8&gt;</skipped></testcase><testcase classname="src.pymortests.grid" file="src/pymortests/grid.py" line="353" name="test_boundary_mask_shape[&lt;lambda&gt;10]" time="0.0007681846618652344"><skipped message="Suite splitting in effect" type="pytest.skip">src/pymortests/grid.py:353: &lt;py._xmlgen.raw object at 0x7f1dd496cc50&gt;</skipped></testcase><testcase classname="src.pymortests.grid" file="src/pymortests/grid.py" line="353" name="test_boundary_mask_shape[&lt;lambda&gt;11]" time="0.0004749298095703125"><skipped message="Suite splitting in effect" type="pytest.skip">src/pymortests/grid.py:353: &lt;py._xmlgen.raw object at 0x7f1dd495d908&gt;</skipped></testcase><testcase classname="src.pymortests.grid" file="src/pymortests/grid.py" line="353" name="test_boundary_mask_shape[&lt;lambda&gt;12]" time="0.00046944618225097656"><skipped message="Suite splitting in effect" type="pytest.skip">src/pymortests/grid.py:353: &lt;py._xmlgen.raw object at 0x7f1dfe14eb70&gt;</skipped></testcase><testcase classname="src.pymortests.grid" file="src/pymortests/grid.py" line="353" name="test_boundary_mask_shape[&lt;lambda&gt;13]" time="0.0004260540008544922"><skipped message="Suite splitting in effect" type="pytest.skip">src/pymortests/grid.py:353: &lt;py._xmlgen.raw object at 0x7f1dd4956940&gt;</skipped></testcase><testcase classname="src.pymortests.grid" file="src/pymortests/grid.py" line="353" name="test_boundary_mask_shape[&lt;lambda&gt;14]" time="0.0004642009735107422"><skipped message="Suite splitting in effect" type="pytest.skip">src/pymortests/grid.py:353: &lt;py._xmlgen.raw object at 0x7f1dd4948ac8&gt;</skipped></testcase><testcase classname="src.pymortests.grid" file="src/pymortests/grid.py" line="353" name="test_boundary_mask_shape[&lt;lambda&gt;15]" time="0.0004355907440185547"><skipped message="Suite splitting in effect" type="pytest.skip">src/pymortests/grid.py:353: &lt;py._xmlgen.raw object at 0x7f1dfe16c7f0&gt;</skipped></testcase><testcase classname="src.pymortests.grid" file="src/pymortests/grid.py" line="353" name="test_boundary_mask_shape[&lt;lambda&gt;16]" time="0.000415802001953125"><skipped message="Suite splitting in effect" type="pytest.skip">src/pymortests/grid.py:353: &lt;py._xmlgen.raw object at 0x7f1dd496c9b0&gt;</skipped></testcase><testcase classname="src.pymortests.grid" file="src/pymortests/grid.py" line="353" name="test_boundary_mask_shape[&lt;lambda&gt;17]" time="0.000431060791015625"><skipped message="Suite splitting in effect" type="pytest.skip">src/pymortests/grid.py:353: &lt;py._xmlgen.raw object at 0x7f1dd496c4e0&gt;</skipped></testcase><testcase classname="src.pymortests.grid" file="src/pymortests/grid.py" line="353" name="test_boundary_mask_shape[&lt;lambda&gt;18]" time="0.0007512569427490234"><skipped message="Suite splitting in effect" type="pytest.skip">src/pymortests/grid.py:353: &lt;py._xmlgen.raw object at 0x7f1dd49762b0&gt;</skipped></testcase><testcase classname="src.pymortests.grid" file="src/pymortests/grid.py" line="353" name="test_boundary_mask_shape[&lt;lambda&gt;19]" time="0.0004425048828125"><skipped message="Suite splitting in effect" type="pytest.skip">src/pymortests/grid.py:353: &lt;py._xmlgen.raw object at 0x7f1dd496c438&gt;</skipped></testcase><testcase classname="src.pymortests.grid" file="src/pymortests/grid.py" line="353" name="test_boundary_mask_shape[&lt;lambda&gt;20]" time="0.0004456043243408203"><skipped message="Suite splitting in effect" type="pytest.skip">src/pymortests/grid.py:353: &lt;py._xmlgen.raw object at 0x7f1dfe16c748&gt;</skipped></testcase><testcase classname="src.pymortests.grid" file="src/pymortests/grid.py" line="353" name="test_boundary_mask_shape[&lt;lambda&gt;21]" time="0.00044417381286621094"><skipped message="Suite splitting in effect" type="pytest.skip">src/pymortests/grid.py:353: &lt;py._xmlgen.raw object at 0x7f1dfe15c8d0&gt;</skipped></testcase><testcase classname="src.pymortests.grid" file="src/pymortests/grid.py" line="353" name="test_boundary_mask_shape[&lt;lambda&gt;22]" time="0.0004546642303466797"><skipped message="Suite splitting in effect" type="pytest.skip">src/pymortests/grid.py:353: &lt;py._xmlgen.raw object at 0x7f1dd49569e8&gt;</skipped></testcase><testcase classname="src.pymortests.grid" file="src/pymortests/grid.py" line="353" name="test_boundary_mask_shape[&lt;lambda&gt;23]" time="0.0004329681396484375"><skipped message="Suite splitting in effect" type="pytest.skip">src/pymortests/grid.py:353: &lt;py._xmlgen.raw object at 0x7f1dfe14ec18&gt;</skipped></testcase><testcase classname="src.pymortests.grid" file="src/pymortests/grid.py" line="353" name="test_boundary_mask_shape[&lt;lambda&gt;24]" time="0.0004239082336425781"><skipped message="Suite splitting in effect" type="pytest.skip">src/pymortests/grid.py:353: &lt;py._xmlgen.raw object at 0x7f1dd495d6a0&gt;</skipped></testcase><testcase classname="src.pymortests.grid" file="src/pymortests/grid.py" line="353" name="test_boundary_mask_shape[&lt;lambda&gt;25]" time="0.0004303455352783203"><skipped message="Suite splitting in effect" type="pytest.skip">src/pymortests/grid.py:353: &lt;py._xmlgen.raw object at 0x7f1dd4976128&gt;</skipped></testcase><testcase classname="src.pymortests.grid" file="src/pymortests/grid.py" line="353" name="test_boundary_mask_shape[&lt;lambda&gt;26]" time="0.0007119178771972656"><skipped message="Suite splitting in effect" type="pytest.skip">src/pymortests/grid.py:353: &lt;py._xmlgen.raw object at 0x7f1dd49768d0&gt;</skipped></testcase><testcase classname="src.pymortests.grid" file="src/pymortests/grid.py" line="353" name="test_boundary_mask_shape[&lt;lambda&gt;27]" time="0.0004513263702392578"><skipped message="Suite splitting in effect" type="pytest.skip">src/pymortests/grid.py:353: &lt;py._xmlgen.raw object at 0x7f1dfe14e588&gt;</skipped></testcase><testcase classname="src.pymortests.grid" file="src/pymortests/grid.py" line="353" name="test_boundary_mask_shape[&lt;lambda&gt;28]" time="0.0004241466522216797"><skipped message="Suite splitting in effect" type="pytest.skip">src/pymortests/grid.py:353: &lt;py._xmlgen.raw object at 0x7f1dd4956940&gt;</skipped></testcase><testcase classname="src.pymortests.grid" file="src/pymortests/grid.py" line="353" name="test_boundary_mask_shape[&lt;lambda&gt;29]" time="0.00055694580078125"><skipped message="Suite splitting in effect" type="pytest.skip">src/pymortests/grid.py:353: &lt;py._xmlgen.raw object at 0x7f1dfe15c978&gt;</skipped></testcase><testcase classname="src.pymortests.grid" file="src/pymortests/grid.py" line="353" name="test_boundary_mask_shape[&lt;lambda&gt;30]" time="0.0004258155822753906"><skipped message="Suite splitting in effect" type="pytest.skip">src/pymortests/grid.py:353: &lt;py._xmlgen.raw object at 0x7f1dfe16cdd8&gt;</skipped></testcase><testcase classname="src.pymortests.grid" file="src/pymortests/grid.py" line="353" name="test_boundary_mask_shape[&lt;lambda&gt;31]" time="0.00041794776916503906"><skipped message="Suite splitting in effect" type="pytest.skip">src/pymortests/grid.py:353: &lt;py._xmlgen.raw object at 0x7f1dd496c9b0&gt;</skipped></testcase><testcase classname="src.pymortests.grid" file="src/pymortests/grid.py" line="353" name="test_boundary_mask_shape[&lt;lambda&gt;32]" time="0.0004532337188720703"><skipped message="Suite splitting in effect" type="pytest.skip">src/pymortests/grid.py:353: &lt;py._xmlgen.raw object at 0x7f1dd49769e8&gt;</skipped></testcase><testcase classname="src.pymortests.grid" file="src/pymortests/grid.py" line="353" name="test_boundary_mask_shape[&lt;lambda&gt;33]" time="0.00042891502380371094"><skipped message="Suite splitting in effect" type="pytest.skip">src/pymortests/grid.py:353: &lt;py._xmlgen.raw object at 0x7f1dd4976400&gt;</skipped></testcase><testcase classname="src.pymortests.grid" file="src/pymortests/grid.py" line="353" name="test_boundary_mask_shape[&lt;lambda&gt;34]" time="0.0007150173187255859"><skipped message="Suite splitting in effect" type="pytest.skip">src/pymortests/grid.py:353: &lt;py._xmlgen.raw object at 0x7f1dd4976ef0&gt;</skipped></testcase><testcase classname="src.pymortests.grid" file="src/pymortests/grid.py" line="353" name="test_boundary_mask_shape[&lt;lambda&gt;35]" time="0.0004487037658691406"><skipped message="Suite splitting in effect" type="pytest.skip">src/pymortests/grid.py:353: &lt;py._xmlgen.raw object at 0x7f1dd49766d8&gt;</skipped></testcase><testcase classname="src.pymortests.grid" file="src/pymortests/grid.py" line="353" name="test_boundary_mask_shape[&lt;lambda&gt;36]" time="0.0004341602325439453"><skipped message="Suite splitting in effect" type="pytest.skip">src/pymortests/grid.py:353: &lt;py._xmlgen.raw object at 0x7f1dd496cb38&gt;</skipped></testcase><testcase classname="src.pymortests.grid" file="src/pymortests/grid.py" line="353" name="test_boundary_mask_shape[&lt;lambda&gt;37]" time="0.0004222393035888672"><skipped message="Suite splitting in effect" type="pytest.skip">src/pymortests/grid.py:353: &lt;py._xmlgen.raw object at 0x7f1dd493e6d8&gt;</skipped></testcase><testcase classname="src.pymortests.grid" file="src/pymortests/grid.py" line="353" name="test_boundary_mask_shape[&lt;lambda&gt;38]" time="0.00043201446533203125"><skipped message="Suite splitting in effect" type="pytest.skip">src/pymortests/grid.py:353: &lt;py._xmlgen.raw object at 0x7f1dfe17e898&gt;</skipped></testcase><testcase classname="src.pymortests.grid" file="src/pymortests/grid.py" line="353" name="test_boundary_mask_shape[&lt;lambda&gt;39]" time="0.00041294097900390625"><skipped message="Suite splitting in effect" type="pytest.skip">src/pymortests/grid.py:353: &lt;py._xmlgen.raw object at 0x7f1dd4948668&gt;</skipped></testcase><testcase classname="src.pymortests.grid" file="src/pymortests/grid.py" line="353" name="test_boundary_mask_shape[&lt;lambda&gt;40]" time="0.0004153251647949219"><skipped message="Suite splitting in effect" type="pytest.skip">src/pymortests/grid.py:353: &lt;py._xmlgen.raw object at 0x7f1dfe14eb70&gt;</skipped></testcase><testcase classname="src.pymortests.grid" file="src/pymortests/grid.py" line="353" name="test_boundary_mask_shape[&lt;lambda&gt;41]" time="0.00041604042053222656"><skipped message="Suite splitting in effect" type="pytest.skip">src/pymortests/grid.py:353: &lt;py._xmlgen.raw object at 0x7f1dd4902080&gt;</skipped></testcase><testcase classname="src.pymortests.grid" file="src/pymortests/grid.py" line="353" name="test_boundary_mask_shape[&lt;lambda&gt;42]" time="0.0007252693176269531"><skipped message="Suite splitting in effect" type="pytest.skip">src/pymortests/grid.py:353: &lt;py._xmlgen.raw object at 0x7f1dd4902550&gt;</skipped></testcase><testcase classname="src.pymortests.grid" file="src/pymortests/grid.py" line="359" name="test_boundary_mask_dtype[&lt;lambda&gt;0]" time="0.00041794776916503906"><skipped message="Suite splitting in effect" type="pytest.skip">src/pymortests/grid.py:359: &lt;py._xmlgen.raw object at 0x7f1dfe1a9860&gt;</skipped></testcase><testcase classname="src.pymortests.grid" file="src/pymortests/grid.py" line="359" name="test_boundary_mask_dtype[&lt;lambda&gt;1]" time="0.00043845176696777344"><skipped message="Suite splitting in effect" type="pytest.skip">src/pymortests/grid.py:359: &lt;py._xmlgen.raw object at 0x7f1dd4948da0&gt;</skipped></testcase><testcase classname="src.pymortests.grid" file="src/pymortests/grid.py" line="359" name="test_boundary_mask_dtype[&lt;lambda&gt;2]" time="0.0004115104675292969"><skipped message="Suite splitting in effect" type="pytest.skip">src/pymortests/grid.py:359: &lt;py._xmlgen.raw object at 0x7f1dfe17e7f0&gt;</skipped></testcase><testcase classname="src.pymortests.grid" file="src/pymortests/grid.py" line="359" name="test_boundary_mask_dtype[&lt;lambda&gt;3]" time="0.00043892860412597656"><skipped message="Suite splitting in effect" type="pytest.skip">src/pymortests/grid.py:359: &lt;py._xmlgen.raw object at 0x7f1dd496ceb8&gt;</skipped></testcase><testcase classname="src.pymortests.grid" file="src/pymortests/grid.py" line="359" name="test_boundary_mask_dtype[&lt;lambda&gt;4]" time="0.0004165172576904297"><skipped message="Suite splitting in effect" type="pytest.skip">src/pymortests/grid.py:359: &lt;py._xmlgen.raw object at 0x7f1dd4976978&gt;</skipped></testcase><testcase classname="src.pymortests.grid" file="src/pymortests/grid.py" line="359" name="test_boundary_mask_dtype[&lt;lambda&gt;5]" time="0.0004131793975830078"><skipped message="Suite splitting in effect" type="pytest.skip">src/pymortests/grid.py:359: &lt;py._xmlgen.raw object at 0x7f1dd4976ac8&gt;</skipped></testcase><testcase classname="src.pymortests.grid" file="src/pymortests/grid.py" line="359" name="test_boundary_mask_dtype[&lt;lambda&gt;6]" time="0.00044274330139160156"><skipped message="Suite splitting in effect" type="pytest.skip">src/pymortests/grid.py:359: &lt;py._xmlgen.raw object at 0x7f1dd49024a8&gt;</skipped></testcase><testcase classname="src.pymortests.grid" file="src/pymortests/grid.py" line="359" name="test_boundary_mask_dtype[&lt;lambda&gt;7]" time="0.0007526874542236328"><skipped message="Suite splitting in effect" type="pytest.skip">src/pymortests/grid.py:359: &lt;py._xmlgen.raw object at 0x7f1dd4902b70&gt;</skipped></testcase><testcase classname="src.pymortests.grid" file="src/pymortests/grid.py" line="359" name="test_boundary_mask_dtype[&lt;lambda&gt;8]" time="0.0004680156707763672"><skipped message="Suite splitting in effect" type="pytest.skip">src/pymortests/grid.py:359: &lt;py._xmlgen.raw object at 0x7f1dd4976588&gt;</skipped></testcase><testcase classname="src.pymortests.grid" file="src/pymortests/grid.py" line="359" name="test_boundary_mask_dtype[&lt;lambda&gt;9]" time="0.00043487548828125"><skipped message="Suite splitting in effect" type="pytest.skip">src/pymortests/grid.py:359: &lt;py._xmlgen.raw object at 0x7f1dd496c7b8&gt;</skipped></testcase><testcase classname="src.pymortests.grid" file="src/pymortests/grid.py" line="359" name="test_boundary_mask_dtype[&lt;lambda&gt;10]" time="0.00040841102600097656"><skipped message="Suite splitting in effect" type="pytest.skip">src/pymortests/grid.py:359: &lt;py._xmlgen.raw object at 0x7f1dfe17e0b8&gt;</skipped></testcase><testcase classname="src.pymortests.grid" file="src/pymortests/grid.py" line="359" name="test_boundary_mask_dtype[&lt;lambda&gt;11]" time="0.00041174888610839844"><skipped message="Suite splitting in effect" type="pytest.skip">src/pymortests/grid.py:359: &lt;py._xmlgen.raw object at 0x7f1dfe15ccf8&gt;</skipped></testcase><testcase classname="src.pymortests.grid" file="src/pymortests/grid.py" line="359" name="test_boundary_mask_dtype[&lt;lambda&gt;12]" time="0.0004143714904785156"><skipped message="Suite splitting in effect" type="pytest.skip">src/pymortests/grid.py:359: &lt;py._xmlgen.raw object at 0x7f1dd495d6a0&gt;</skipped></testcase><testcase classname="src.pymortests.grid" file="src/pymortests/grid.py" line="359" name="test_boundary_mask_dtype[&lt;lambda&gt;13]" time="0.0004181861877441406"><skipped message="Suite splitting in effect" type="pytest.skip">src/pymortests/grid.py:359: &lt;py._xmlgen.raw object at 0x7f1dd4902048&gt;</skipped></testcase><testcase classname="src.pymortests.grid" file="src/pymortests/grid.py" line="359" name="test_boundary_mask_dtype[&lt;lambda&gt;14]" time="0.0004401206970214844"><skipped message="Suite splitting in effect" type="pytest.skip">src/pymortests/grid.py:359: &lt;py._xmlgen.raw object at 0x7f1dd4902358&gt;</skipped></testcase><testcase classname="src.pymortests.grid" file="src/pymortests/grid.py" line="359" name="test_boundary_mask_dtype[&lt;lambda&gt;15]" time="0.001016855239868164"><skipped message="Suite splitting in effect" type="pytest.skip">src/pymortests/grid.py:359: &lt;py._xmlgen.raw object at 0x7f1dd490d1d0&gt;</skipped></testcase><testcase classname="src.pymortests.grid" file="src/pymortests/grid.py" line="359" name="test_boundary_mask_dtype[&lt;lambda&gt;16]" time="0.00041413307189941406"><skipped message="Suite splitting in effect" type="pytest.skip">src/pymortests/grid.py:359: &lt;py._xmlgen.raw object at 0x7f1dd49a6908&gt;</skipped></testcase><testcase classname="src.pymortests.grid" file="src/pymortests/grid.py" line="359" name="test_boundary_mask_dtype[&lt;lambda&gt;17]" time="0.00045800209045410156"><skipped message="Suite splitting in effect" type="pytest.skip">src/pymortests/grid.py:359: &lt;py._xmlgen.raw object at 0x7f1dfe1229b0&gt;</skipped></testcase><testcase classname="src.pymortests.grid" file="src/pymortests/grid.py" line="359" name="test_boundary_mask_dtype[&lt;lambda&gt;18]" time="0.00043511390686035156"><skipped message="Suite splitting in effect" type="pytest.skip">src/pymortests/grid.py:359: &lt;py._xmlgen.raw object at 0x7f1dd4902e10&gt;</skipped></testcase><testcase classname="src.pymortests.grid" file="src/pymortests/grid.py" line="359" name="test_boundary_mask_dtype[&lt;lambda&gt;19]" time="0.0004405975341796875"><skipped message="Suite splitting in effect" type="pytest.skip">src/pymortests/grid.py:359: &lt;py._xmlgen.raw object at 0x7f1dd49025f8&gt;</skipped></testcase><testcase classname="src.pymortests.grid" file="src/pymortests/grid.py" line="359" name="test_boundary_mask_dtype[&lt;lambda&gt;20]" time="0.0004391670227050781"><skipped message="Suite splitting in effect" type="pytest.skip">src/pymortests/grid.py:359: &lt;py._xmlgen.raw object at 0x7f1dd4976748&gt;</skipped></testcase><testcase classname="src.pymortests.grid" file="src/pymortests/grid.py" line="359" name="test_boundary_mask_dtype[&lt;lambda&gt;21]" time="0.00043964385986328125"><skipped message="Suite splitting in effect" type="pytest.skip">src/pymortests/grid.py:359: &lt;py._xmlgen.raw object at 0x7f1dd4976908&gt;</skipped></testcase><testcase classname="src.pymortests.grid" file="src/pymortests/grid.py" line="359" name="test_boundary_mask_dtype[&lt;lambda&gt;22]" time="0.0004093647003173828"><skipped message="Suite splitting in effect" type="pytest.skip">src/pymortests/grid.py:359: &lt;py._xmlgen.raw object at 0x7f1dd496cc88&gt;</skipped></testcase><testcase classname="src.pymortests.grid" file="src/pymortests/grid.py" line="359" name="test_boundary_mask_dtype[&lt;lambda&gt;23]" time="0.0004119873046875"><skipped message="Suite splitting in effect" type="pytest.skip">src/pymortests/grid.py:359: &lt;py._xmlgen.raw object at 0x7f1dd495d828&gt;</skipped></testcase><testcase classname="src.pymortests.grid" file="src/pymortests/grid.py" line="359" name="test_boundary_mask_dtype[&lt;lambda&gt;24]" time="0.0007798671722412109"><skipped message="Suite splitting in effect" type="pytest.skip">src/pymortests/grid.py:359: &lt;py._xmlgen.raw object at 0x7f1dfe196f98&gt;</skipped></testcase><testcase classname="src.pymortests.grid" file="src/pymortests/grid.py" line="359" name="test_boundary_mask_dtype[&lt;lambda&gt;25]" time="0.0004165172576904297"><skipped message="Suite splitting in effect" type="pytest.skip">src/pymortests/grid.py:359: &lt;py._xmlgen.raw object at 0x7f1dd49762e8&gt;</skipped></testcase><testcase classname="src.pymortests.grid" file="src/pymortests/grid.py" line="359" name="test_boundary_mask_dtype[&lt;lambda&gt;26]" time="0.00045037269592285156"><skipped message="Suite splitting in effect" type="pytest.skip">src/pymortests/grid.py:359: &lt;py._xmlgen.raw object at 0x7f1dd4902cc0&gt;</skipped></testcase><testcase classname="src.pymortests.grid" file="src/pymortests/grid.py" line="359" name="test_boundary_mask_dtype[&lt;lambda&gt;27]" time="0.00043272972106933594"><skipped message="Suite splitting in effect" type="pytest.skip">src/pymortests/grid.py:359: &lt;py._xmlgen.raw object at 0x7f1dd49020f0&gt;</skipped></testcase><testcase classname="src.pymortests.grid" file="src/pymortests/grid.py" line="359" name="test_boundary_mask_dtype[&lt;lambda&gt;28]" time="0.0004627704620361328"><skipped message="Suite splitting in effect" type="pytest.skip">src/pymortests/grid.py:359: &lt;py._xmlgen.raw object at 0x7f1dfe122c50&gt;</skipped></testcase><testcase classname="src.pymortests.grid" file="src/pymortests/grid.py" line="359" name="test_boundary_mask_dtype[&lt;lambda&gt;29]" time="0.0004527568817138672"><skipped message="Suite splitting in effect" type="pytest.skip">src/pymortests/grid.py:359: &lt;py._xmlgen.raw object at 0x7f1dfe17e940&gt;</skipped></testcase><testcase classname="src.pymortests.grid" file="src/pymortests/grid.py" line="359" name="test_boundary_mask_dtype[&lt;lambda&gt;30]" time="0.0004291534423828125"><skipped message="Suite splitting in effect" type="pytest.skip">src/pymortests/grid.py:359: &lt;py._xmlgen.raw object at 0x7f1dfe15ccf8&gt;</skipped></testcase><testcase classname="src.pymortests.grid" file="src/pymortests/grid.py" line="359" name="test_boundary_mask_dtype[&lt;lambda&gt;31]" time="0.0004343986511230469"><skipped message="Suite splitting in effect" type="pytest.skip">src/pymortests/grid.py:359: &lt;py._xmlgen.raw object at 0x7f1dd4990208&gt;</skipped></testcase><testcase classname="src.pymortests.grid" file="src/pymortests/grid.py" line="359" name="test_boundary_mask_dtype[&lt;lambda&gt;32]" time="0.0007333755493164062"><skipped message="Suite splitting in effect" type="pytest.skip">src/pymortests/grid.py:359: &lt;py._xmlgen.raw object at 0x7f1dfe1a9710&gt;</skipped></testcase><testcase classname="src.pymortests.grid" file="src/pymortests/grid.py" line="359" name="test_boundary_mask_dtype[&lt;lambda&gt;33]" time="0.0004146099090576172"><skipped message="Suite splitting in effect" type="pytest.skip">src/pymortests/grid.py:359: &lt;py._xmlgen.raw object at 0x7f1dd49489e8&gt;</skipped></testcase><testcase classname="src.pymortests.grid" file="src/pymortests/grid.py" line="359" name="test_boundary_mask_dtype[&lt;lambda&gt;34]" time="0.0004451274871826172"><skipped message="Suite splitting in effect" type="pytest.skip">src/pymortests/grid.py:359: &lt;py._xmlgen.raw object at 0x7f1dfe122860&gt;</skipped></testcase><testcase classname="src.pymortests.grid" file="src/pymortests/grid.py" line="359" name="test_boundary_mask_dtype[&lt;lambda&gt;35]" time="0.0004329681396484375"><skipped message="Suite splitting in effect" type="pytest.skip">src/pymortests/grid.py:359: &lt;py._xmlgen.raw object at 0x7f1dd4902f28&gt;</skipped></testcase><testcase classname="src.pymortests.grid" file="src/pymortests/grid.py" line="359" name="test_boundary_mask_dtype[&lt;lambda&gt;36]" time="0.0004699230194091797"><skipped message="Suite splitting in effect" type="pytest.skip">src/pymortests/grid.py:359: &lt;py._xmlgen.raw object at 0x7f1dd49025f8&gt;</skipped></testcase><testcase classname="src.pymortests.grid" file="src/pymortests/grid.py" line="359" name="test_boundary_mask_dtype[&lt;lambda&gt;37]" time="0.00043129920959472656"><skipped message="Suite splitting in effect" type="pytest.skip">src/pymortests/grid.py:359: &lt;py._xmlgen.raw object at 0x7f1dd4976d68&gt;</skipped></testcase><testcase classname="src.pymortests.grid" file="src/pymortests/grid.py" line="359" name="test_boundary_mask_dtype[&lt;lambda&gt;38]" time="0.0004329681396484375"><skipped message="Suite splitting in effect" type="pytest.skip">src/pymortests/grid.py:359: &lt;py._xmlgen.raw object at 0x7f1dd496c668&gt;</skipped></testcase><testcase classname="src.pymortests.grid" file="src/pymortests/grid.py" line="359" name="test_boundary_mask_dtype[&lt;lambda&gt;39]" time="0.00043773651123046875"><skipped message="Suite splitting in effect" type="pytest.skip">src/pymortests/grid.py:359: &lt;py._xmlgen.raw object at 0x7f1dd490d6d8&gt;</skipped></testcase><testcase classname="src.pymortests.grid" file="src/pymortests/grid.py" line="359" name="test_boundary_mask_dtype[&lt;lambda&gt;40]" time="0.0007424354553222656"><skipped message="Suite splitting in effect" type="pytest.skip">src/pymortests/grid.py:359: &lt;py._xmlgen.raw object at 0x7f1dd490dc18&gt;</skipped></testcase><testcase classname="src.pymortests.grid" file="src/pymortests/grid.py" line="359" name="test_boundary_mask_dtype[&lt;lambda&gt;41]" time="0.00042128562927246094"><skipped message="Suite splitting in effect" type="pytest.skip">src/pymortests/grid.py:359: &lt;py._xmlgen.raw object at 0x7f1dd49766d8&gt;</skipped></testcase><testcase classname="src.pymortests.grid" file="src/pymortests/grid.py" line="359" name="test_boundary_mask_dtype[&lt;lambda&gt;42]" time="0.0004076957702636719"><skipped message="Suite splitting in effect" type="pytest.skip">src/pymortests/grid.py:359: &lt;py._xmlgen.raw object at 0x7f1dd4902128&gt;</skipped></testcase><testcase classname="src.pymortests.grid" file="src/pymortests/grid.py" line="365" name="test_boundary_mask_entries_codim1[&lt;lambda&gt;0]" time="0.00040912628173828125"><skipped message="Suite splitting in effect" type="pytest.skip">src/pymortests/grid.py:365: &lt;py._xmlgen.raw object at 0x7f1dfe131518&gt;</skipped></testcase><testcase classname="src.pymortests.grid" file="src/pymortests/grid.py" line="365" name="test_boundary_mask_entries_codim1[&lt;lambda&gt;1]" time="0.00041604042053222656"><skipped message="Suite splitting in effect" type="pytest.skip">src/pymortests/grid.py:365: &lt;py._xmlgen.raw object at 0x7f1dfe17ea90&gt;</skipped></testcase><testcase classname="src.pymortests.grid" file="src/pymortests/grid.py" line="365" name="test_boundary_mask_entries_codim1[&lt;lambda&gt;2]" time="0.0004191398620605469"><skipped message="Suite splitting in effect" type="pytest.skip">src/pymortests/grid.py:365: &lt;py._xmlgen.raw object at 0x7f1dfe10efd0&gt;</skipped></testcase><testcase classname="src.pymortests.grid" file="src/pymortests/grid.py" line="365" name="test_boundary_mask_entries_codim1[&lt;lambda&gt;3]" time="0.00043964385986328125"><skipped message="Suite splitting in effect" type="pytest.skip">src/pymortests/grid.py:365: &lt;py._xmlgen.raw object at 0x7f1dd490d898&gt;</skipped></testcase><testcase classname="src.pymortests.grid" file="src/pymortests/grid.py" line="365" name="test_boundary_mask_entries_codim1[&lt;lambda&gt;4]" time="0.0004372596740722656"><skipped message="Suite splitting in effect" type="pytest.skip">src/pymortests/grid.py:365: &lt;py._xmlgen.raw object at 0x7f1dd490d630&gt;</skipped></testcase><testcase classname="src.pymortests.grid" file="src/pymortests/grid.py" line="365" name="test_boundary_mask_entries_codim1[&lt;lambda&gt;5]" time="0.0007212162017822266"><skipped message="Suite splitting in effect" type="pytest.skip">src/pymortests/grid.py:365: &lt;py._xmlgen.raw object at 0x7f1dd491c198&gt;</skipped></testcase><testcase classname="src.pymortests.grid" file="src/pymortests/grid.py" line="365" name="test_boundary_mask_entries_codim1[&lt;lambda&gt;6]" time="0.00040841102600097656"><skipped message="Suite splitting in effect" type="pytest.skip">src/pymortests/grid.py:365: &lt;py._xmlgen.raw object at 0x7f1dd490d630&gt;</skipped></testcase><testcase classname="src.pymortests.grid" file="src/pymortests/grid.py" line="365" name="test_boundary_mask_entries_codim1[&lt;lambda&gt;7]" time="0.00043487548828125"><skipped message="Suite splitting in effect" type="pytest.skip">src/pymortests/grid.py:365: &lt;py._xmlgen.raw object at 0x7f1dfe1b64a8&gt;</skipped></testcase><testcase classname="src.pymortests.grid" file="src/pymortests/grid.py" line="365" name="test_boundary_mask_entries_codim1[&lt;lambda&gt;8]" time="0.00046515464782714844"><skipped message="Suite splitting in effect" type="pytest.skip">src/pymortests/grid.py:365: &lt;py._xmlgen.raw object at 0x7f1dfe17ea90&gt;</skipped></testcase><testcase classname="src.pymortests.grid" file="src/pymortests/grid.py" line="365" name="test_boundary_mask_entries_codim1[&lt;lambda&gt;9]" time="0.0004436969757080078"><skipped message="Suite splitting in effect" type="pytest.skip">src/pymortests/grid.py:365: &lt;py._xmlgen.raw object at 0x7f1dfe131dd8&gt;</skipped></testcase><testcase classname="src.pymortests.grid" file="src/pymortests/grid.py" line="365" name="test_boundary_mask_entries_codim1[&lt;lambda&gt;10]" time="0.00044989585876464844"><skipped message="Suite splitting in effect" type="pytest.skip">src/pymortests/grid.py:365: &lt;py._xmlgen.raw object at 0x7f1dd4902a90&gt;</skipped></testcase><testcase classname="src.pymortests.grid" file="src/pymortests/grid.py" line="365" name="test_boundary_mask_entries_codim1[&lt;lambda&gt;11]" time="0.00043702125549316406"><skipped message="Suite splitting in effect" type="pytest.skip">src/pymortests/grid.py:365: &lt;py._xmlgen.raw object at 0x7f1dd4976358&gt;</skipped></testcase><testcase classname="src.pymortests.grid" file="src/pymortests/grid.py" line="365" name="test_boundary_mask_entries_codim1[&lt;lambda&gt;12]" time="0.0004322528839111328"><skipped message="Suite splitting in effect" type="pytest.skip">src/pymortests/grid.py:365: &lt;py._xmlgen.raw object at 0x7f1dd491c048&gt;</skipped></testcase><testcase classname="src.pymortests.grid" file="src/pymortests/grid.py" line="365" name="test_boundary_mask_entries_codim1[&lt;lambda&gt;13]" time="0.0007166862487792969"><skipped message="Suite splitting in effect" type="pytest.skip">src/pymortests/grid.py:365: &lt;py._xmlgen.raw object at 0x7f1dd491c7b8&gt;</skipped></testcase><testcase classname="src.pymortests.grid" file="src/pymortests/grid.py" line="365" name="test_boundary_mask_entries_codim1[&lt;lambda&gt;14]" time="0.0004391670227050781"><skipped message="Suite splitting in effect" type="pytest.skip">src/pymortests/grid.py:365: &lt;py._xmlgen.raw object at 0x7f1dd4902668&gt;</skipped></testcase><testcase classname="src.pymortests.grid" file="src/pymortests/grid.py" line="365" name="test_boundary_mask_entries_codim1[&lt;lambda&gt;15]" time="0.00042819976806640625"><skipped message="Suite splitting in effect" type="pytest.skip">src/pymortests/grid.py:365: &lt;py._xmlgen.raw object at 0x7f1dfe1319b0&gt;</skipped></testcase><testcase classname="src.pymortests.grid" file="src/pymortests/grid.py" line="365" name="test_boundary_mask_entries_codim1[&lt;lambda&gt;16]" time="0.0004336833953857422"><skipped message="Suite splitting in effect" type="pytest.skip">src/pymortests/grid.py:365: &lt;py._xmlgen.raw object at 0x7f1dfe122ef0&gt;</skipped></testcase><testcase classname="src.pymortests.grid" file="src/pymortests/grid.py" line="365" name="test_boundary_mask_entries_codim1[&lt;lambda&gt;17]" time="0.00044345855712890625"><skipped message="Suite splitting in effect" type="pytest.skip">src/pymortests/grid.py:365: &lt;py._xmlgen.raw object at 0x7f1dfe16ca90&gt;</skipped></testcase><testcase classname="src.pymortests.grid" file="src/pymortests/grid.py" line="365" name="test_boundary_mask_entries_codim1[&lt;lambda&gt;18]" time="0.0004417896270751953"><skipped message="Suite splitting in effect" type="pytest.skip">src/pymortests/grid.py:365: &lt;py._xmlgen.raw object at 0x7f1dd490d898&gt;</skipped></testcase><testcase classname="src.pymortests.grid" file="src/pymortests/grid.py" line="365" name="test_boundary_mask_entries_codim1[&lt;lambda&gt;19]" time="0.00041961669921875"><skipped message="Suite splitting in effect" type="pytest.skip">src/pymortests/grid.py:365: &lt;py._xmlgen.raw object at 0x7f1dd491c400&gt;</skipped></testcase><testcase classname="src.pymortests.grid" file="src/pymortests/grid.py" line="365" name="test_boundary_mask_entries_codim1[&lt;lambda&gt;20]" time="0.0004100799560546875"><skipped message="Suite splitting in effect" type="pytest.skip">src/pymortests/grid.py:365: &lt;py._xmlgen.raw object at 0x7f1dd491c048&gt;</skipped></testcase><testcase classname="src.pymortests.grid" file="src/pymortests/grid.py" line="365" name="test_boundary_mask_entries_codim1[&lt;lambda&gt;21]" time="0.0007097721099853516"><skipped message="Suite splitting in effect" type="pytest.skip">src/pymortests/grid.py:365: &lt;py._xmlgen.raw object at 0x7f1dd491cdd8&gt;</skipped></testcase><testcase classname="src.pymortests.grid" file="src/pymortests/grid.py" line="365" name="test_boundary_mask_entries_codim1[&lt;lambda&gt;22]" time="0.0004184246063232422"><skipped message="Suite splitting in effect" type="pytest.skip">src/pymortests/grid.py:365: &lt;py._xmlgen.raw object at 0x7f1dd490d898&gt;</skipped></testcase><testcase classname="src.pymortests.grid" file="src/pymortests/grid.py" line="365" name="test_boundary_mask_entries_codim1[&lt;lambda&gt;23]" time="0.00042939186096191406"><skipped message="Suite splitting in effect" type="pytest.skip">src/pymortests/grid.py:365: &lt;py._xmlgen.raw object at 0x7f1dfe17e940&gt;</skipped></testcase><testcase classname="src.pymortests.grid" file="src/pymortests/grid.py" line="365" name="test_boundary_mask_entries_codim1[&lt;lambda&gt;24]" time="0.0004222393035888672"><skipped message="Suite splitting in effect" type="pytest.skip">src/pymortests/grid.py:365: &lt;py._xmlgen.raw object at 0x7f1dfe131dd8&gt;</skipped></testcase><testcase classname="src.pymortests.grid" file="src/pymortests/grid.py" line="365" name="test_boundary_mask_entries_codim1[&lt;lambda&gt;25]" time="0.0004239082336425781"><skipped message="Suite splitting in effect" type="pytest.skip">src/pymortests/grid.py:365: &lt;py._xmlgen.raw object at 0x7f1dd49024a8&gt;</skipped></testcase><testcase classname="src.pymortests.grid" file="src/pymortests/grid.py" line="365" name="test_boundary_mask_entries_codim1[&lt;lambda&gt;26]" time="0.00040912628173828125"><skipped message="Suite splitting in effect" type="pytest.skip">src/pymortests/grid.py:365: &lt;py._xmlgen.raw object at 0x7f1dd496c780&gt;</skipped></testcase><testcase classname="src.pymortests.grid" file="src/pymortests/grid.py" line="365" name="test_boundary_mask_entries_codim1[&lt;lambda&gt;27]" time="0.0004286766052246094"><skipped message="Suite splitting in effect" type="pytest.skip">src/pymortests/grid.py:365: &lt;py._xmlgen.raw object at 0x7f1dd491ca58&gt;</skipped></testcase><testcase classname="src.pymortests.grid" file="src/pymortests/grid.py" line="365" name="test_boundary_mask_entries_codim1[&lt;lambda&gt;28]" time="0.0004105567932128906"><skipped message="Suite splitting in effect" type="pytest.skip">src/pymortests/grid.py:365: &lt;py._xmlgen.raw object at 0x7f1dd491c470&gt;</skipped></testcase><testcase classname="src.pymortests.grid" file="src/pymortests/grid.py" line="365" name="test_boundary_mask_entries_codim1[&lt;lambda&gt;29]" time="0.0007250308990478516"><skipped message="Suite splitting in effect" type="pytest.skip">src/pymortests/grid.py:365: &lt;py._xmlgen.raw object at 0x7f1dd4929438&gt;</skipped></testcase><testcase classname="src.pymortests.grid" file="src/pymortests/grid.py" line="365" name="test_boundary_mask_entries_codim1[&lt;lambda&gt;30]" time="0.00043773651123046875"><skipped message="Suite splitting in effect" type="pytest.skip">src/pymortests/grid.py:365: &lt;py._xmlgen.raw object at 0x7f1dd491c9e8&gt;</skipped></testcase><testcase classname="src.pymortests.grid" file="src/pymortests/grid.py" line="365" name="test_boundary_mask_entries_codim1[&lt;lambda&gt;31]" time="0.00040602684020996094"><skipped message="Suite splitting in effect" type="pytest.skip">src/pymortests/grid.py:365: &lt;py._xmlgen.raw object at 0x7f1dfe0d5828&gt;</skipped></testcase><testcase classname="src.pymortests.grid" file="src/pymortests/grid.py" line="365" name="test_boundary_mask_entries_codim1[&lt;lambda&gt;32]" time="0.00040531158447265625"><skipped message="Suite splitting in effect" type="pytest.skip">src/pymortests/grid.py:365: &lt;py._xmlgen.raw object at 0x7f1dd4902cc0&gt;</skipped></testcase><testcase classname="src.pymortests.grid" file="src/pymortests/grid.py" line="365" name="test_boundary_mask_entries_codim1[&lt;lambda&gt;33]" time="0.0004260540008544922"><skipped message="Suite splitting in effect" type="pytest.skip">src/pymortests/grid.py:365: &lt;py._xmlgen.raw object at 0x7f1dfe0c3e10&gt;</skipped></testcase><testcase classname="src.pymortests.grid" file="src/pymortests/grid.py" line="365" name="test_boundary_mask_entries_codim1[&lt;lambda&gt;34]" time="0.0004260540008544922"><skipped message="Suite splitting in effect" type="pytest.skip">src/pymortests/grid.py:365: &lt;py._xmlgen.raw object at 0x7f1dd49909b0&gt;</skipped></testcase><testcase classname="src.pymortests.grid" file="src/pymortests/grid.py" line="365" name="test_boundary_mask_entries_codim1[&lt;lambda&gt;35]" time="0.00045228004455566406"><skipped message="Suite splitting in effect" type="pytest.skip">src/pymortests/grid.py:365: &lt;py._xmlgen.raw object at 0x7f1dd490df60&gt;</skipped></testcase><testcase classname="src.pymortests.grid" file="src/pymortests/grid.py" line="365" name="test_boundary_mask_entries_codim1[&lt;lambda&gt;36]" time="0.00042557716369628906"><skipped message="Suite splitting in effect" type="pytest.skip">src/pymortests/grid.py:365: &lt;py._xmlgen.raw object at 0x7f1dd49292b0&gt;</skipped></testcase><testcase classname="src.pymortests.grid" file="src/pymortests/grid.py" line="365" name="test_boundary_mask_entries_codim1[&lt;lambda&gt;37]" time="0.0007259845733642578"><skipped message="Suite splitting in effect" type="pytest.skip">src/pymortests/grid.py:365: &lt;py._xmlgen.raw object at 0x7f1dd4929a58&gt;</skipped></testcase><testcase classname="src.pymortests.grid" file="src/pymortests/grid.py" line="365" name="test_boundary_mask_entries_codim1[&lt;lambda&gt;38]" time="0.00040459632873535156"><skipped message="Suite splitting in effect" type="pytest.skip">src/pymortests/grid.py:365: &lt;py._xmlgen.raw object at 0x7f1dd4990f98&gt;</skipped></testcase><testcase classname="src.pymortests.grid" file="src/pymortests/grid.py" line="365" name="test_boundary_mask_entries_codim1[&lt;lambda&gt;39]" time="0.00040602684020996094"><skipped message="Suite splitting in effect" type="pytest.skip">src/pymortests/grid.py:365: &lt;py._xmlgen.raw object at 0x7f1dfe0c3c18&gt;</skipped></testcase><testcase classname="src.pymortests.grid" file="src/pymortests/grid.py" line="365" name="test_boundary_mask_entries_codim1[&lt;lambda&gt;40]" time="0.00041174888610839844"><skipped message="Suite splitting in effect" type="pytest.skip">src/pymortests/grid.py:365: &lt;py._xmlgen.raw object at 0x7f1dd4902198&gt;</skipped></testcase><testcase classname="src.pymortests.grid" file="src/pymortests/grid.py" line="365" name="test_boundary_mask_entries_codim1[&lt;lambda&gt;41]" time="0.0004343986511230469"><skipped message="Suite splitting in effect" type="pytest.skip">src/pymortests/grid.py:365: &lt;py._xmlgen.raw object at 0x7f1dfe0d5390&gt;</skipped></testcase><testcase classname="src.pymortests.grid" file="src/pymortests/grid.py" line="365" name="test_boundary_mask_entries_codim1[&lt;lambda&gt;42]" time="0.0004303455352783203"><skipped message="Suite splitting in effect" type="pytest.skip">src/pymortests/grid.py:365: &lt;py._xmlgen.raw object at 0x7f1dd491c9e8&gt;</skipped></testcase><testcase classname="src.pymortests.grid" file="src/pymortests/grid.py" line="374" name="test_boundary_mask_entries_codim0[&lt;lambda&gt;0]" time="0.00042438507080078125"><skipped message="Suite splitting in effect" type="pytest.skip">src/pymortests/grid.py:374: &lt;py._xmlgen.raw object at 0x7f1dd4929b00&gt;</skipped></testcase><testcase classname="src.pymortests.grid" file="src/pymortests/grid.py" line="374" name="test_boundary_mask_entries_codim0[&lt;lambda&gt;1]" time="0.00043702125549316406"><skipped message="Suite splitting in effect" type="pytest.skip">src/pymortests/grid.py:374: &lt;py._xmlgen.raw object at 0x7f1dd49295f8&gt;</skipped></testcase><testcase classname="src.pymortests.grid" file="src/pymortests/grid.py" line="374" name="test_boundary_mask_entries_codim0[&lt;lambda&gt;2]" time="0.0007481575012207031"><skipped message="Suite splitting in effect" type="pytest.skip">src/pymortests/grid.py:374: &lt;py._xmlgen.raw object at 0x7f1dd49310b8&gt;</skipped></testcase><testcase classname="src.pymortests.grid" file="src/pymortests/grid.py" line="374" name="test_boundary_mask_entries_codim0[&lt;lambda&gt;3]" time="0.0004086494445800781"><skipped message="Suite splitting in effect" type="pytest.skip">src/pymortests/grid.py:374: &lt;py._xmlgen.raw object at 0x7f1dd4929940&gt;</skipped></testcase><testcase classname="src.pymortests.grid" file="src/pymortests/grid.py" line="374" name="test_boundary_mask_entries_codim0[&lt;lambda&gt;4]" time="0.00043201446533203125"><skipped message="Suite splitting in effect" type="pytest.skip">src/pymortests/grid.py:374: &lt;py._xmlgen.raw object at 0x7f1dd491c8d0&gt;</skipped></testcase><testcase classname="src.pymortests.grid" file="src/pymortests/grid.py" line="374" name="test_boundary_mask_entries_codim0[&lt;lambda&gt;5]" time="0.0004658699035644531"><skipped message="Suite splitting in effect" type="pytest.skip">src/pymortests/grid.py:374: &lt;py._xmlgen.raw object at 0x7f1dd496cc50&gt;</skipped></testcase><testcase classname="src.pymortests.grid" file="src/pymortests/grid.py" line="374" name="test_boundary_mask_entries_codim0[&lt;lambda&gt;6]" time="0.0004241466522216797"><skipped message="Suite splitting in effect" type="pytest.skip">src/pymortests/grid.py:374: &lt;py._xmlgen.raw object at 0x7f1dd4976358&gt;</skipped></testcase><testcase classname="src.pymortests.grid" file="src/pymortests/grid.py" line="374" name="test_boundary_mask_entries_codim0[&lt;lambda&gt;7]" time="0.0004413127899169922"><skipped message="Suite splitting in effect" type="pytest.skip">src/pymortests/grid.py:374: &lt;py._xmlgen.raw object at 0x7f1dfe0c3c18&gt;</skipped></testcase><testcase classname="src.pymortests.grid" file="src/pymortests/grid.py" line="374" name="test_boundary_mask_entries_codim0[&lt;lambda&gt;8]" time="0.00047969818115234375"><skipped message="Suite splitting in effect" type="pytest.skip">src/pymortests/grid.py:374: &lt;py._xmlgen.raw object at 0x7f1dd49909b0&gt;</skipped></testcase><testcase classname="src.pymortests.grid" file="src/pymortests/grid.py" line="374" name="test_boundary_mask_entries_codim0[&lt;lambda&gt;9]" time="0.0004405975341796875"><skipped message="Suite splitting in effect" type="pytest.skip">src/pymortests/grid.py:374: &lt;py._xmlgen.raw object at 0x7f1dd49311d0&gt;</skipped></testcase><testcase classname="src.pymortests.grid" file="src/pymortests/grid.py" line="374" name="test_boundary_mask_entries_codim0[&lt;lambda&gt;10]" time="0.0007534027099609375"><skipped message="Suite splitting in effect" type="pytest.skip">src/pymortests/grid.py:374: &lt;py._xmlgen.raw object at 0x7f1dd49316d8&gt;</skipped></testcase><testcase classname="src.pymortests.grid" file="src/pymortests/grid.py" line="374" name="test_boundary_mask_entries_codim0[&lt;lambda&gt;11]" time="0.000423431396484375"><skipped message="Suite splitting in effect" type="pytest.skip">src/pymortests/grid.py:374: &lt;py._xmlgen.raw object at 0x7f1dfe0e3668&gt;</skipped></testcase><testcase classname="src.pymortests.grid" file="src/pymortests/grid.py" line="374" name="test_boundary_mask_entries_codim0[&lt;lambda&gt;12]" time="0.0004317760467529297"><skipped message="Suite splitting in effect" type="pytest.skip">src/pymortests/grid.py:374: &lt;py._xmlgen.raw object at 0x7f1dfe0c3fd0&gt;</skipped></testcase><testcase classname="src.pymortests.grid" file="src/pymortests/grid.py" line="374" name="test_boundary_mask_entries_codim0[&lt;lambda&gt;13]" time="0.00045990943908691406"><skipped message="Suite splitting in effect" type="pytest.skip">src/pymortests/grid.py:374: &lt;py._xmlgen.raw object at 0x7f1dd496c780&gt;</skipped></testcase><testcase classname="src.pymortests.grid" file="src/pymortests/grid.py" line="374" name="test_boundary_mask_entries_codim0[&lt;lambda&gt;14]" time="0.0004353523254394531"><skipped message="Suite splitting in effect" type="pytest.skip">src/pymortests/grid.py:374: &lt;py._xmlgen.raw object at 0x7f1dd491c8d0&gt;</skipped></testcase><testcase classname="src.pymortests.grid" file="src/pymortests/grid.py" line="374" name="test_boundary_mask_entries_codim0[&lt;lambda&gt;15]" time="0.0004508495330810547"><skipped message="Suite splitting in effect" type="pytest.skip">src/pymortests/grid.py:374: &lt;py._xmlgen.raw object at 0x7f1dd49296d8&gt;</skipped></testcase><testcase classname="src.pymortests.grid" file="src/pymortests/grid.py" line="374" name="test_boundary_mask_entries_codim0[&lt;lambda&gt;16]" time="0.00043272972106933594"><skipped message="Suite splitting in effect" type="pytest.skip">src/pymortests/grid.py:374: &lt;py._xmlgen.raw object at 0x7f1dd4929c50&gt;</skipped></testcase><testcase classname="src.pymortests.grid" file="src/pymortests/grid.py" line="374" name="test_boundary_mask_entries_codim0[&lt;lambda&gt;17]" time="0.0004265308380126953"><skipped message="Suite splitting in effect" type="pytest.skip">src/pymortests/grid.py:374: &lt;py._xmlgen.raw object at 0x7f1dd4931278&gt;</skipped></testcase><testcase classname="src.pymortests.grid" file="src/pymortests/grid.py" line="374" name="test_boundary_mask_entries_codim0[&lt;lambda&gt;18]" time="0.0007388591766357422"><skipped message="Suite splitting in effect" type="pytest.skip">src/pymortests/grid.py:374: &lt;py._xmlgen.raw object at 0x7f1dd4931cf8&gt;</skipped></testcase><testcase classname="src.pymortests.grid" file="src/pymortests/grid.py" line="374" name="test_boundary_mask_entries_codim0[&lt;lambda&gt;19]" time="0.0004146099090576172"><skipped message="Suite splitting in effect" type="pytest.skip">src/pymortests/grid.py:374: &lt;py._xmlgen.raw object at 0x7f1dd49299b0&gt;</skipped></testcase><testcase classname="src.pymortests.grid" file="src/pymortests/grid.py" line="374" name="test_boundary_mask_entries_codim0[&lt;lambda&gt;20]" time="0.00042247772216796875"><skipped message="Suite splitting in effect" type="pytest.skip">src/pymortests/grid.py:374: &lt;py._xmlgen.raw object at 0x7f1dd491cf28&gt;</skipped></testcase><testcase classname="src.pymortests.grid" file="src/pymortests/grid.py" line="374" name="test_boundary_mask_entries_codim0[&lt;lambda&gt;21]" time="0.0004506111145019531"><skipped message="Suite splitting in effect" type="pytest.skip">src/pymortests/grid.py:374: &lt;py._xmlgen.raw object at 0x7f1dfe0d5828&gt;</skipped></testcase><testcase classname="src.pymortests.grid" file="src/pymortests/grid.py" line="374" name="test_boundary_mask_entries_codim0[&lt;lambda&gt;22]" time="0.0004591941833496094"><skipped message="Suite splitting in effect" type="pytest.skip">src/pymortests/grid.py:374: &lt;py._xmlgen.raw object at 0x7f1dfe17e748&gt;</skipped></testcase><testcase classname="src.pymortests.grid" file="src/pymortests/grid.py" line="374" name="test_boundary_mask_entries_codim0[&lt;lambda&gt;23]" time="0.0004215240478515625"><skipped message="Suite splitting in effect" type="pytest.skip">src/pymortests/grid.py:374: &lt;py._xmlgen.raw object at 0x7f1dd490d470&gt;</skipped></testcase><testcase classname="src.pymortests.grid" file="src/pymortests/grid.py" line="374" name="test_boundary_mask_entries_codim0[&lt;lambda&gt;24]" time="0.0004248619079589844"><skipped message="Suite splitting in effect" type="pytest.skip">src/pymortests/grid.py:374: &lt;py._xmlgen.raw object at 0x7f1dd4931a58&gt;</skipped></testcase><testcase classname="src.pymortests.grid" file="src/pymortests/grid.py" line="374" name="test_boundary_mask_entries_codim0[&lt;lambda&gt;25]" time="0.0004482269287109375"><skipped message="Suite splitting in effect" type="pytest.skip">src/pymortests/grid.py:374: &lt;py._xmlgen.raw object at 0x7f1dd4931550&gt;</skipped></testcase><testcase classname="src.pymortests.grid" file="src/pymortests/grid.py" line="374" name="test_boundary_mask_entries_codim0[&lt;lambda&gt;26]" time="0.000990152359008789"><skipped message="Suite splitting in effect" type="pytest.skip">src/pymortests/grid.py:374: &lt;py._xmlgen.raw object at 0x7f1dd48bf358&gt;</skipped></testcase><testcase classname="src.pymortests.grid" file="src/pymortests/grid.py" line="374" name="test_boundary_mask_entries_codim0[&lt;lambda&gt;27]" time="0.00043511390686035156"><skipped message="Suite splitting in effect" type="pytest.skip">src/pymortests/grid.py:374: &lt;py._xmlgen.raw object at 0x7f1dd49768d0&gt;</skipped></testcase><testcase classname="src.pymortests.grid" file="src/pymortests/grid.py" line="374" name="test_boundary_mask_entries_codim0[&lt;lambda&gt;28]" time="0.0004138946533203125"><skipped message="Suite splitting in effect" type="pytest.skip">src/pymortests/grid.py:374: &lt;py._xmlgen.raw object at 0x7f1dfe0e86a0&gt;</skipped></testcase><testcase classname="src.pymortests.grid" file="src/pymortests/grid.py" line="374" name="test_boundary_mask_entries_codim0[&lt;lambda&gt;29]" time="0.00040030479431152344"><skipped message="Suite splitting in effect" type="pytest.skip">src/pymortests/grid.py:374: &lt;py._xmlgen.raw object at 0x7f1dd4931588&gt;</skipped></testcase><testcase classname="src.pymortests.grid" file="src/pymortests/grid.py" line="374" name="test_boundary_mask_entries_codim0[&lt;lambda&gt;30]" time="0.0004448890686035156"><skipped message="Suite splitting in effect" type="pytest.skip">src/pymortests/grid.py:374: &lt;py._xmlgen.raw object at 0x7f1dd4931e48&gt;</skipped></testcase><testcase classname="src.pymortests.grid" file="src/pymortests/grid.py" line="374" name="test_boundary_mask_entries_codim0[&lt;lambda&gt;31]" time="0.0004999637603759766"><skipped message="Suite splitting in effect" type="pytest.skip">src/pymortests/grid.py:374: &lt;py._xmlgen.raw object at 0x7f1dd4929c88&gt;</skipped></testcase><testcase classname="src.pymortests.grid" file="src/pymortests/grid.py" line="374" name="test_boundary_mask_entries_codim0[&lt;lambda&gt;32]" time="0.00042557716369628906"><skipped message="Suite splitting in effect" type="pytest.skip">src/pymortests/grid.py:374: &lt;py._xmlgen.raw object at 0x7f1dd496cc88&gt;</skipped></testcase><testcase classname="src.pymortests.grid" file="src/pymortests/grid.py" line="374" name="test_boundary_mask_entries_codim0[&lt;lambda&gt;33]" time="0.0004069805145263672"><skipped message="Suite splitting in effect" type="pytest.skip">src/pymortests/grid.py:374: &lt;py._xmlgen.raw object at 0x7f1dd491ce10&gt;</skipped></testcase><testcase classname="src.pymortests.grid" file="src/pymortests/grid.py" line="374" name="test_boundary_mask_entries_codim0[&lt;lambda&gt;34]" time="0.00040841102600097656"><skipped message="Suite splitting in effect" type="pytest.skip">src/pymortests/grid.py:374: &lt;py._xmlgen.raw object at 0x7f1dd490d470&gt;</skipped></testcase><testcase classname="src.pymortests.grid" file="src/pymortests/grid.py" line="374" name="test_boundary_mask_entries_codim0[&lt;lambda&gt;35]" time="0.0007212162017822266"><skipped message="Suite splitting in effect" type="pytest.skip">src/pymortests/grid.py:374: &lt;py._xmlgen.raw object at 0x7f1dd491c390&gt;</skipped></testcase><testcase classname="src.pymortests.grid" file="src/pymortests/grid.py" line="374" name="test_boundary_mask_entries_codim0[&lt;lambda&gt;36]" time="0.00041556358337402344"><skipped message="Suite splitting in effect" type="pytest.skip">src/pymortests/grid.py:374: &lt;py._xmlgen.raw object at 0x7f1dd49294a8&gt;</skipped></testcase><testcase classname="src.pymortests.grid" file="src/pymortests/grid.py" line="374" name="test_boundary_mask_entries_codim0[&lt;lambda&gt;37]" time="0.00040268898010253906"><skipped message="Suite splitting in effect" type="pytest.skip">src/pymortests/grid.py:374: &lt;py._xmlgen.raw object at 0x7f1dd4931d68&gt;</skipped></testcase><testcase classname="src.pymortests.grid" file="src/pymortests/grid.py" line="374" name="test_boundary_mask_entries_codim0[&lt;lambda&gt;38]" time="0.0004038810729980469"><skipped message="Suite splitting in effect" type="pytest.skip">src/pymortests/grid.py:374: &lt;py._xmlgen.raw object at 0x7f1dd4931f60&gt;</skipped></testcase><testcase classname="src.pymortests.grid" file="src/pymortests/grid.py" line="374" name="test_boundary_mask_entries_codim0[&lt;lambda&gt;39]" time="0.0005626678466796875"><skipped message="Suite splitting in effect" type="pytest.skip">src/pymortests/grid.py:374: &lt;py._xmlgen.raw object at 0x7f1dfe0e8fd0&gt;</skipped></testcase><testcase classname="src.pymortests.grid" file="src/pymortests/grid.py" line="374" name="test_boundary_mask_entries_codim0[&lt;lambda&gt;40]" time="0.0004239082336425781"><skipped message="Suite splitting in effect" type="pytest.skip">src/pymortests/grid.py:374: &lt;py._xmlgen.raw object at 0x7f1dd4976208&gt;</skipped></testcase><testcase classname="src.pymortests.grid" file="src/pymortests/grid.py" line="374" name="test_boundary_mask_entries_codim0[&lt;lambda&gt;41]" time="0.0004184246063232422"><skipped message="Suite splitting in effect" type="pytest.skip">src/pymortests/grid.py:374: &lt;py._xmlgen.raw object at 0x7f1dd490db00&gt;</skipped></testcase><testcase classname="src.pymortests.grid" file="src/pymortests/grid.py" line="374" name="test_boundary_mask_entries_codim0[&lt;lambda&gt;42]" time="0.0004372596740722656"><skipped message="Suite splitting in effect" type="pytest.skip">src/pymortests/grid.py:374: &lt;py._xmlgen.raw object at 0x7f1dd495dfd0&gt;</skipped></testcase><testcase classname="src.pymortests.grid" file="src/pymortests/grid.py" line="384" name="test_boundary_mask_entries_codim_d[&lt;lambda&gt;0]" time="0.0007255077362060547"><skipped message="Suite splitting in effect" type="pytest.skip">src/pymortests/grid.py:384: &lt;py._xmlgen.raw object at 0x7f1dd493e6d8&gt;</skipped></testcase><testcase classname="src.pymortests.grid" file="src/pymortests/grid.py" line="384" name="test_boundary_mask_entries_codim_d[&lt;lambda&gt;1]" time="0.00042438507080078125"><skipped message="Suite splitting in effect" type="pytest.skip">src/pymortests/grid.py:384: &lt;py._xmlgen.raw object at 0x7f1dfe0887f0&gt;</skipped></testcase><testcase classname="src.pymortests.grid" file="src/pymortests/grid.py" line="384" name="test_boundary_mask_entries_codim_d[&lt;lambda&gt;2]" time="0.0004398822784423828"><skipped message="Suite splitting in effect" type="pytest.skip">src/pymortests/grid.py:384: &lt;py._xmlgen.raw object at 0x7f1dd49027b8&gt;</skipped></testcase><testcase classname="src.pymortests.grid" file="src/pymortests/grid.py" line="384" name="test_boundary_mask_entries_codim_d[&lt;lambda&gt;3]" time="0.0004134178161621094"><skipped message="Suite splitting in effect" type="pytest.skip">src/pymortests/grid.py:384: &lt;py._xmlgen.raw object at 0x7f1dfe0d5390&gt;</skipped></testcase><testcase classname="src.pymortests.grid" file="src/pymortests/grid.py" line="384" name="test_boundary_mask_entries_codim_d[&lt;lambda&gt;4]" time="0.00040793418884277344"><skipped message="Suite splitting in effect" type="pytest.skip">src/pymortests/grid.py:384: &lt;py._xmlgen.raw object at 0x7f1dd49317f0&gt;</skipped></testcase><testcase classname="src.pymortests.grid" file="src/pymortests/grid.py" line="384" name="test_boundary_mask_entries_codim_d[&lt;lambda&gt;5]" time="0.00040793418884277344"><skipped message="Suite splitting in effect" type="pytest.skip">src/pymortests/grid.py:384: &lt;py._xmlgen.raw object at 0x7f1dd49290f0&gt;</skipped></testcase><testcase classname="src.pymortests.grid" file="src/pymortests/grid.py" line="384" name="test_boundary_mask_entries_codim_d[&lt;lambda&gt;6]" time="0.0004336833953857422"><skipped message="Suite splitting in effect" type="pytest.skip">src/pymortests/grid.py:384: &lt;py._xmlgen.raw object at 0x7f1dd491c8d0&gt;</skipped></testcase><testcase classname="src.pymortests.grid" file="src/pymortests/grid.py" line="384" name="test_boundary_mask_entries_codim_d[&lt;lambda&gt;7]" time="0.0004467964172363281"><skipped message="Suite splitting in effect" type="pytest.skip">src/pymortests/grid.py:384: &lt;py._xmlgen.raw object at 0x7f1dd48bf860&gt;</skipped></testcase><testcase classname="src.pymortests.grid" file="src/pymortests/grid.py" line="384" name="test_boundary_mask_entries_codim_d[&lt;lambda&gt;8]" time="0.0006966590881347656"><skipped message="Suite splitting in effect" type="pytest.skip">src/pymortests/grid.py:384: &lt;py._xmlgen.raw object at 0x7f1dd48bfda0&gt;</skipped></testcase><testcase classname="src.pymortests.grid" file="src/pymortests/grid.py" line="384" name="test_boundary_mask_entries_codim_d[&lt;lambda&gt;9]" time="0.0004241466522216797"><skipped message="Suite splitting in effect" type="pytest.skip">src/pymortests/grid.py:384: &lt;py._xmlgen.raw object at 0x7f1dd496c6a0&gt;</skipped></testcase><testcase classname="src.pymortests.grid" file="src/pymortests/grid.py" line="384" name="test_boundary_mask_entries_codim_d[&lt;lambda&gt;10]" time="0.0004177093505859375"><skipped message="Suite splitting in effect" type="pytest.skip">src/pymortests/grid.py:384: &lt;py._xmlgen.raw object at 0x7f1dd4931438&gt;</skipped></testcase><testcase classname="src.pymortests.grid" file="src/pymortests/grid.py" line="384" name="test_boundary_mask_entries_codim_d[&lt;lambda&gt;11]" time="0.000408172607421875"><skipped message="Suite splitting in effect" type="pytest.skip">src/pymortests/grid.py:384: &lt;py._xmlgen.raw object at 0x7f1dfe0e8b38&gt;</skipped></testcase><testcase classname="src.pymortests.grid" file="src/pymortests/grid.py" line="384" name="test_boundary_mask_entries_codim_d[&lt;lambda&gt;12]" time="0.0004062652587890625"><skipped message="Suite splitting in effect" type="pytest.skip">src/pymortests/grid.py:384: &lt;py._xmlgen.raw object at 0x7f1dfe097ba8&gt;</skipped></testcase><testcase classname="src.pymortests.grid" file="src/pymortests/grid.py" line="384" name="test_boundary_mask_entries_codim_d[&lt;lambda&gt;13]" time="0.00043320655822753906"><skipped message="Suite splitting in effect" type="pytest.skip">src/pymortests/grid.py:384: &lt;py._xmlgen.raw object at 0x7f1dfe088898&gt;</skipped></testcase><testcase classname="src.pymortests.grid" file="src/pymortests/grid.py" line="384" name="test_boundary_mask_entries_codim_d[&lt;lambda&gt;14]" time="0.00045752525329589844"><skipped message="Suite splitting in effect" type="pytest.skip">src/pymortests/grid.py:384: &lt;py._xmlgen.raw object at 0x7f1dd48bfa20&gt;</skipped></testcase><testcase classname="src.pymortests.grid" file="src/pymortests/grid.py" line="384" name="test_boundary_mask_entries_codim_d[&lt;lambda&gt;15]" time="0.00043582916259765625"><skipped message="Suite splitting in effect" type="pytest.skip">src/pymortests/grid.py:384: &lt;py._xmlgen.raw object at 0x7f1dd48bf7b8&gt;</skipped></testcase><testcase classname="src.pymortests.grid" file="src/pymortests/grid.py" line="384" name="test_boundary_mask_entries_codim_d[&lt;lambda&gt;16]" time="0.0007565021514892578"><skipped message="Suite splitting in effect" type="pytest.skip">src/pymortests/grid.py:384: &lt;py._xmlgen.raw object at 0x7f1dd48cd320&gt;</skipped></testcase><testcase classname="src.pymortests.grid" file="src/pymortests/grid.py" line="384" name="test_boundary_mask_entries_codim_d[&lt;lambda&gt;17]" time="0.00042700767517089844"><skipped message="Suite splitting in effect" type="pytest.skip">src/pymortests/grid.py:384: &lt;py._xmlgen.raw object at 0x7f1dd48bf278&gt;</skipped></testcase><testcase classname="src.pymortests.grid" file="src/pymortests/grid.py" line="384" name="test_boundary_mask_entries_codim_d[&lt;lambda&gt;18]" time="0.0004165172576904297"><skipped message="Suite splitting in effect" type="pytest.skip">src/pymortests/grid.py:384: &lt;py._xmlgen.raw object at 0x7f1dd490df60&gt;</skipped></testcase><testcase classname="src.pymortests.grid" file="src/pymortests/grid.py" line="384" name="test_boundary_mask_entries_codim_d[&lt;lambda&gt;19]" time="0.0004291534423828125"><skipped message="Suite splitting in effect" type="pytest.skip">src/pymortests/grid.py:384: &lt;py._xmlgen.raw object at 0x7f1dfe0c3d68&gt;</skipped></testcase><testcase classname="src.pymortests.grid" file="src/pymortests/grid.py" line="384" name="test_boundary_mask_entries_codim_d[&lt;lambda&gt;20]" time="0.0004069805145263672"><skipped message="Suite splitting in effect" type="pytest.skip">src/pymortests/grid.py:384: &lt;py._xmlgen.raw object at 0x7f1dfe0d5630&gt;</skipped></testcase><testcase classname="src.pymortests.grid" file="src/pymortests/grid.py" line="384" name="test_boundary_mask_entries_codim_d[&lt;lambda&gt;21]" time="0.00041174888610839844"><skipped message="Suite splitting in effect" type="pytest.skip">src/pymortests/grid.py:384: &lt;py._xmlgen.raw object at 0x7f1dd4931748&gt;</skipped></testcase><testcase classname="src.pymortests.grid" file="src/pymortests/grid.py" line="384" name="test_boundary_mask_entries_codim_d[&lt;lambda&gt;22]" time="0.00043511390686035156"><skipped message="Suite splitting in effect" type="pytest.skip">src/pymortests/grid.py:384: &lt;py._xmlgen.raw object at 0x7f1dd49296d8&gt;</skipped></testcase><testcase classname="src.pymortests.grid" file="src/pymortests/grid.py" line="384" name="test_boundary_mask_entries_codim_d[&lt;lambda&gt;23]" time="0.0004630088806152344"><skipped message="Suite splitting in effect" type="pytest.skip">src/pymortests/grid.py:384: &lt;py._xmlgen.raw object at 0x7f1dd48cd1d0&gt;</skipped></testcase><testcase classname="src.pymortests.grid" file="src/pymortests/grid.py" line="384" name="test_boundary_mask_entries_codim_d[&lt;lambda&gt;24]" time="0.0007255077362060547"><skipped message="Suite splitting in effect" type="pytest.skip">src/pymortests/grid.py:384: &lt;py._xmlgen.raw object at 0x7f1dd48cd940&gt;</skipped></testcase><testcase classname="src.pymortests.grid" file="src/pymortests/grid.py" line="384" name="test_boundary_mask_entries_codim_d[&lt;lambda&gt;25]" time="0.00040340423583984375"><skipped message="Suite splitting in effect" type="pytest.skip">src/pymortests/grid.py:384: &lt;py._xmlgen.raw object at 0x7f1dd4931860&gt;</skipped></testcase><testcase classname="src.pymortests.grid" file="src/pymortests/grid.py" line="384" name="test_boundary_mask_entries_codim_d[&lt;lambda&gt;26]" time="0.00040721893310546875"><skipped message="Suite splitting in effect" type="pytest.skip">src/pymortests/grid.py:384: &lt;py._xmlgen.raw object at 0x7f1dfe0d5f60&gt;</skipped></testcase><testcase classname="src.pymortests.grid" file="src/pymortests/grid.py" line="384" name="test_boundary_mask_entries_codim_d[&lt;lambda&gt;27]" time="0.00045013427734375"><skipped message="Suite splitting in effect" type="pytest.skip">src/pymortests/grid.py:384: &lt;py._xmlgen.raw object at 0x7f1dfe088550&gt;</skipped></testcase><testcase classname="src.pymortests.grid" file="src/pymortests/grid.py" line="384" name="test_boundary_mask_entries_codim_d[&lt;lambda&gt;28]" time="0.0004267692565917969"><skipped message="Suite splitting in effect" type="pytest.skip">src/pymortests/grid.py:384: &lt;py._xmlgen.raw object at 0x7f1dfe0ad668&gt;</skipped></testcase><testcase classname="src.pymortests.grid" file="src/pymortests/grid.py" line="384" name="test_boundary_mask_entries_codim_d[&lt;lambda&gt;29]" time="0.00043702125549316406"><skipped message="Suite splitting in effect" type="pytest.skip">src/pymortests/grid.py:384: &lt;py._xmlgen.raw object at 0x7f1dd48bf710&gt;</skipped></testcase><testcase classname="src.pymortests.grid" file="src/pymortests/grid.py" line="384" name="test_boundary_mask_entries_codim_d[&lt;lambda&gt;30]" time="0.0004153251647949219"><skipped message="Suite splitting in effect" type="pytest.skip">src/pymortests/grid.py:384: &lt;py._xmlgen.raw object at 0x7f1dd48cda90&gt;</skipped></testcase><testcase classname="src.pymortests.grid" file="src/pymortests/grid.py" line="384" name="test_boundary_mask_entries_codim_d[&lt;lambda&gt;31]" time="0.00042366981506347656"><skipped message="Suite splitting in effect" type="pytest.skip">src/pymortests/grid.py:384: &lt;py._xmlgen.raw object at 0x7f1dd48cd048&gt;</skipped></testcase><testcase classname="src.pymortests.grid" file="src/pymortests/grid.py" line="384" name="test_boundary_mask_entries_codim_d[&lt;lambda&gt;32]" time="0.0007281303405761719"><skipped message="Suite splitting in effect" type="pytest.skip">src/pymortests/grid.py:384: &lt;py._xmlgen.raw object at 0x7f1dd48cdf60&gt;</skipped></testcase><testcase classname="src.pymortests.grid" file="src/pymortests/grid.py" line="384" name="test_boundary_mask_entries_codim_d[&lt;lambda&gt;33]" time="0.00041365623474121094"><skipped message="Suite splitting in effect" type="pytest.skip">src/pymortests/grid.py:384: &lt;py._xmlgen.raw object at 0x7f1dd48cd080&gt;</skipped></testcase><testcase classname="src.pymortests.grid" file="src/pymortests/grid.py" line="384" name="test_boundary_mask_entries_codim_d[&lt;lambda&gt;34]" time="0.0004017353057861328"><skipped message="Suite splitting in effect" type="pytest.skip">src/pymortests/grid.py:384: &lt;py._xmlgen.raw object at 0x7f1dd48bf198&gt;</skipped></testcase><testcase classname="src.pymortests.grid" file="src/pymortests/grid.py" line="384" name="test_boundary_mask_entries_codim_d[&lt;lambda&gt;35]" time="0.00040602684020996094"><skipped message="Suite splitting in effect" type="pytest.skip">src/pymortests/grid.py:384: &lt;py._xmlgen.raw object at 0x7f1dd490d7f0&gt;</skipped></testcase><testcase classname="src.pymortests.grid" file="src/pymortests/grid.py" line="384" name="test_boundary_mask_entries_codim_d[&lt;lambda&gt;36]" time="0.00042939186096191406"><skipped message="Suite splitting in effect" type="pytest.skip">src/pymortests/grid.py:384: &lt;py._xmlgen.raw object at 0x7f1dfe0ad668&gt;</skipped></testcase><testcase classname="src.pymortests.grid" file="src/pymortests/grid.py" line="384" name="test_boundary_mask_entries_codim_d[&lt;lambda&gt;37]" time="0.00043654441833496094"><skipped message="Suite splitting in effect" type="pytest.skip">src/pymortests/grid.py:384: &lt;py._xmlgen.raw object at 0x7f1dfe097cf8&gt;</skipped></testcase><testcase classname="src.pymortests.grid" file="src/pymortests/grid.py" line="384" name="test_boundary_mask_entries_codim_d[&lt;lambda&gt;38]" time="0.0004284381866455078"><skipped message="Suite splitting in effect" type="pytest.skip">src/pymortests/grid.py:384: &lt;py._xmlgen.raw object at 0x7f1dd4929550&gt;</skipped></testcase><testcase classname="src.pymortests.grid" file="src/pymortests/grid.py" line="384" name="test_boundary_mask_entries_codim_d[&lt;lambda&gt;39]" time="0.00045943260192871094"><skipped message="Suite splitting in effect" type="pytest.skip">src/pymortests/grid.py:384: &lt;py._xmlgen.raw object at 0x7f1dd48d9080&gt;</skipped></testcase><testcase classname="src.pymortests.grid" file="src/pymortests/grid.py" line="384" name="test_boundary_mask_entries_codim_d[&lt;lambda&gt;40]" time="0.0006992816925048828"><skipped message="Suite splitting in effect" type="pytest.skip">src/pymortests/grid.py:384: &lt;py._xmlgen.raw object at 0x7f1dd48d95c0&gt;</skipped></testcase><testcase classname="src.pymortests.grid" file="src/pymortests/grid.py" line="384" name="test_boundary_mask_entries_codim_d[&lt;lambda&gt;41]" time="0.0004093647003173828"><skipped message="Suite splitting in effect" type="pytest.skip">src/pymortests/grid.py:384: &lt;py._xmlgen.raw object at 0x7f1dd49296d8&gt;</skipped></testcase><testcase classname="src.pymortests.grid" file="src/pymortests/grid.py" line="384" name="test_boundary_mask_entries_codim_d[&lt;lambda&gt;42]" time="0.00043511390686035156"><skipped message="Suite splitting in effect" type="pytest.skip">src/pymortests/grid.py:384: &lt;py._xmlgen.raw object at 0x7f1dfe097e48&gt;</skipped></testcase><testcase classname="src.pymortests.grid" file="src/pymortests/grid.py" line="395" name="test_boundaries_wrong_arguments[&lt;lambda&gt;0]" time="0.0004258155822753906"><skipped message="Suite splitting in effect" type="pytest.skip">src/pymortests/grid.py:395: &lt;py._xmlgen.raw object at 0x7f1dfe0ad470&gt;</skipped></testcase><testcase classname="src.pymortests.grid" file="src/pymortests/grid.py" line="395" name="test_boundaries_wrong_arguments[&lt;lambda&gt;1]" time="0.0004367828369140625"><skipped message="Suite splitting in effect" type="pytest.skip">src/pymortests/grid.py:395: &lt;py._xmlgen.raw object at 0x7f1dd48bf898&gt;</skipped></testcase><testcase classname="src.pymortests.grid" file="src/pymortests/grid.py" line="395" name="test_boundaries_wrong_arguments[&lt;lambda&gt;2]" time="0.00043511390686035156"><skipped message="Suite splitting in effect" type="pytest.skip">src/pymortests/grid.py:395: &lt;py._xmlgen.raw object at 0x7f1dd48cd780&gt;</skipped></testcase><testcase classname="src.pymortests.grid" file="src/pymortests/grid.py" line="395" name="test_boundaries_wrong_arguments[&lt;lambda&gt;3]" time="0.00041675567626953125"><skipped message="Suite splitting in effect" type="pytest.skip">src/pymortests/grid.py:395: &lt;py._xmlgen.raw object at 0x7f1dd48cdeb8&gt;</skipped></testcase><testcase classname="src.pymortests.grid" file="src/pymortests/grid.py" line="395" name="test_boundaries_wrong_arguments[&lt;lambda&gt;4]" time="0.0004062652587890625"><skipped message="Suite splitting in effect" type="pytest.skip">src/pymortests/grid.py:395: &lt;py._xmlgen.raw object at 0x7f1dd48d9160&gt;</skipped></testcase><testcase classname="src.pymortests.grid" file="src/pymortests/grid.py" line="395" name="test_boundaries_wrong_arguments[&lt;lambda&gt;5]" time="0.0006661415100097656"><skipped message="Suite splitting in effect" type="pytest.skip">src/pymortests/grid.py:395: &lt;py._xmlgen.raw object at 0x7f1dd48d9be0&gt;</skipped></testcase><testcase classname="src.pymortests.grid" file="src/pymortests/grid.py" line="395" name="test_boundaries_wrong_arguments[&lt;lambda&gt;6]" time="0.0004208087921142578"><skipped message="Suite splitting in effect" type="pytest.skip">src/pymortests/grid.py:395: &lt;py._xmlgen.raw object at 0x7f1dd48cd128&gt;</skipped></testcase><testcase classname="src.pymortests.grid" file="src/pymortests/grid.py" line="395" name="test_boundaries_wrong_arguments[&lt;lambda&gt;7]" time="0.0004897117614746094"><skipped message="Suite splitting in effect" type="pytest.skip">src/pymortests/grid.py:395: &lt;py._xmlgen.raw object at 0x7f1dd48bfe80&gt;</skipped></testcase><testcase classname="src.pymortests.grid" file="src/pymortests/grid.py" line="395" name="test_boundaries_wrong_arguments[&lt;lambda&gt;8]" time="0.0004355907440185547"><skipped message="Suite splitting in effect" type="pytest.skip">src/pymortests/grid.py:395: &lt;py._xmlgen.raw object at 0x7f1dfe0ad9b0&gt;</skipped></testcase><testcase classname="src.pymortests.grid" file="src/pymortests/grid.py" line="395" name="test_boundaries_wrong_arguments[&lt;lambda&gt;9]" time="0.0004241466522216797"><skipped message="Suite splitting in effect" type="pytest.skip">src/pymortests/grid.py:395: &lt;py._xmlgen.raw object at 0x7f1dd49027b8&gt;</skipped></testcase><testcase classname="src.pymortests.grid" file="src/pymortests/grid.py" line="395" name="test_boundaries_wrong_arguments[&lt;lambda&gt;10]" time="0.00044035911560058594"><skipped message="Suite splitting in effect" type="pytest.skip">src/pymortests/grid.py:395: &lt;py._xmlgen.raw object at 0x7f1dd4931eb8&gt;</skipped></testcase><testcase classname="src.pymortests.grid" file="src/pymortests/grid.py" line="395" name="test_boundaries_wrong_arguments[&lt;lambda&gt;11]" time="0.00041031837463378906"><skipped message="Suite splitting in effect" type="pytest.skip">src/pymortests/grid.py:395: &lt;py._xmlgen.raw object at 0x7f1dd48d9940&gt;</skipped></testcase><testcase classname="src.pymortests.grid" file="src/pymortests/grid.py" line="395" name="test_boundaries_wrong_arguments[&lt;lambda&gt;12]" time="0.0004119873046875"><skipped message="Suite splitting in effect" type="pytest.skip">src/pymortests/grid.py:395: &lt;py._xmlgen.raw object at 0x7f1dd48d9438&gt;</skipped></testcase><testcase classname="src.pymortests.grid" file="src/pymortests/grid.py" line="395" name="test_boundaries_wrong_arguments[&lt;lambda&gt;13]" time="0.0007469654083251953"><skipped message="Suite splitting in effect" type="pytest.skip">src/pymortests/grid.py:395: &lt;py._xmlgen.raw object at 0x7f1dd48e1240&gt;</skipped></testcase><testcase classname="src.pymortests.grid" file="src/pymortests/grid.py" line="395" name="test_boundaries_wrong_arguments[&lt;lambda&gt;14]" time="0.00041413307189941406"><skipped message="Suite splitting in effect" type="pytest.skip">src/pymortests/grid.py:395: &lt;py._xmlgen.raw object at 0x7f1dd48d9240&gt;</skipped></testcase><testcase classname="src.pymortests.grid" file="src/pymortests/grid.py" line="395" name="test_boundaries_wrong_arguments[&lt;lambda&gt;15]" time="0.00045299530029296875"><skipped message="Suite splitting in effect" type="pytest.skip">src/pymortests/grid.py:395: &lt;py._xmlgen.raw object at 0x7f1dd49313c8&gt;</skipped></testcase><testcase classname="src.pymortests.grid" file="src/pymortests/grid.py" line="395" name="test_boundaries_wrong_arguments[&lt;lambda&gt;16]" time="0.0004379749298095703"><skipped message="Suite splitting in effect" type="pytest.skip">src/pymortests/grid.py:395: &lt;py._xmlgen.raw object at 0x7f1dfe0880b8&gt;</skipped></testcase><testcase classname="src.pymortests.grid" file="src/pymortests/grid.py" line="395" name="test_boundaries_wrong_arguments[&lt;lambda&gt;17]" time="0.0004839897155761719"><skipped message="Suite splitting in effect" type="pytest.skip">src/pymortests/grid.py:395: &lt;py._xmlgen.raw object at 0x7f1dd48bfc50&gt;</skipped></testcase><testcase classname="src.pymortests.grid" file="src/pymortests/grid.py" line="395" name="test_boundaries_wrong_arguments[&lt;lambda&gt;18]" time="0.0004208087921142578"><skipped message="Suite splitting in effect" type="pytest.skip">src/pymortests/grid.py:395: &lt;py._xmlgen.raw object at 0x7f1dfe04ea20&gt;</skipped></testcase><testcase classname="src.pymortests.grid" file="src/pymortests/grid.py" line="395" name="test_boundaries_wrong_arguments[&lt;lambda&gt;19]" time="0.0004334449768066406"><skipped message="Suite splitting in effect" type="pytest.skip">src/pymortests/grid.py:395: &lt;py._xmlgen.raw object at 0x7f1dd48cd128&gt;</skipped></testcase><testcase classname="src.pymortests.grid" file="src/pymortests/grid.py" line="395" name="test_boundaries_wrong_arguments[&lt;lambda&gt;20]" time="0.00049591064453125"><skipped message="Suite splitting in effect" type="pytest.skip">src/pymortests/grid.py:395: &lt;py._xmlgen.raw object at 0x7f1dd48e10b8&gt;</skipped></testcase><testcase classname="src.pymortests.grid" file="src/pymortests/grid.py" line="395" name="test_boundaries_wrong_arguments[&lt;lambda&gt;21]" time="0.00069427490234375"><skipped message="Suite splitting in effect" type="pytest.skip">src/pymortests/grid.py:395: &lt;py._xmlgen.raw object at 0x7f1dd48e1860&gt;</skipped></testcase><testcase classname="src.pymortests.grid" file="src/pymortests/grid.py" line="395" name="test_boundaries_wrong_arguments[&lt;lambda&gt;22]" time="0.00041794776916503906"><skipped message="Suite splitting in effect" type="pytest.skip">src/pymortests/grid.py:395: &lt;py._xmlgen.raw object at 0x7f1dd490d7b8&gt;</skipped></testcase><testcase classname="src.pymortests.grid" file="src/pymortests/grid.py" line="395" name="test_boundaries_wrong_arguments[&lt;lambda&gt;23]" time="0.0004439353942871094"><skipped message="Suite splitting in effect" type="pytest.skip">src/pymortests/grid.py:395: &lt;py._xmlgen.raw object at 0x7f1dd48bfeb8&gt;</skipped></testcase><testcase classname="src.pymortests.grid" file="src/pymortests/grid.py" line="395" name="test_boundaries_wrong_arguments[&lt;lambda&gt;24]" time="0.0004181861877441406"><skipped message="Suite splitting in effect" type="pytest.skip">src/pymortests/grid.py:395: &lt;py._xmlgen.raw object at 0x7f1dfe0ad1d0&gt;</skipped></testcase><testcase classname="src.pymortests.grid" file="src/pymortests/grid.py" line="395" name="test_boundaries_wrong_arguments[&lt;lambda&gt;25]" time="0.0004010200500488281"><skipped message="Suite splitting in effect" type="pytest.skip">src/pymortests/grid.py:395: &lt;py._xmlgen.raw object at 0x7f1dfe0e8b38&gt;</skipped></testcase><testcase classname="src.pymortests.grid" file="src/pymortests/grid.py" line="395" name="test_boundaries_wrong_arguments[&lt;lambda&gt;26]" time="0.0004162788391113281"><skipped message="Suite splitting in effect" type="pytest.skip">src/pymortests/grid.py:395: &lt;py._xmlgen.raw object at 0x7f1dd48d9da0&gt;</skipped></testcase><testcase classname="src.pymortests.grid" file="src/pymortests/grid.py" line="395" name="test_boundaries_wrong_arguments[&lt;lambda&gt;27]" time="0.00043082237243652344"><skipped message="Suite splitting in effect" type="pytest.skip">src/pymortests/grid.py:395: &lt;py._xmlgen.raw object at 0x7f1dd48e1940&gt;</skipped></testcase><testcase classname="src.pymortests.grid" file="src/pymortests/grid.py" line="395" name="test_boundaries_wrong_arguments[&lt;lambda&gt;28]" time="0.0004050731658935547"><skipped message="Suite splitting in effect" type="pytest.skip">src/pymortests/grid.py:395: &lt;py._xmlgen.raw object at 0x7f1dd48e1358&gt;</skipped></testcase><testcase classname="src.pymortests.grid" file="src/pymortests/grid.py" line="395" name="test_boundaries_wrong_arguments[&lt;lambda&gt;29]" time="0.0007255077362060547"><skipped message="Suite splitting in effect" type="pytest.skip">src/pymortests/grid.py:395: &lt;py._xmlgen.raw object at 0x7f1dd48e1e80&gt;</skipped></testcase><testcase classname="src.pymortests.grid" file="src/pymortests/grid.py" line="395" name="test_boundaries_wrong_arguments[&lt;lambda&gt;30]" time="0.00042557716369628906"><skipped message="Suite splitting in effect" type="pytest.skip">src/pymortests/grid.py:395: &lt;py._xmlgen.raw object at 0x7f1dd48e1390&gt;</skipped></testcase><testcase classname="src.pymortests.grid" file="src/pymortests/grid.py" line="395" name="test_boundaries_wrong_arguments[&lt;lambda&gt;31]" time="0.0003981590270996094"><skipped message="Suite splitting in effect" type="pytest.skip">src/pymortests/grid.py:395: &lt;py._xmlgen.raw object at 0x7f1dd48d9198&gt;</skipped></testcase><testcase classname="src.pymortests.grid" file="src/pymortests/grid.py" line="395" name="test_boundaries_wrong_arguments[&lt;lambda&gt;32]" time="0.0004019737243652344"><skipped message="Suite splitting in effect" type="pytest.skip">src/pymortests/grid.py:395: &lt;py._xmlgen.raw object at 0x7f1dd4931588&gt;</skipped></testcase><testcase classname="src.pymortests.grid" file="src/pymortests/grid.py" line="395" name="test_boundaries_wrong_arguments[&lt;lambda&gt;33]" time="0.00040650367736816406"><skipped message="Suite splitting in effect" type="pytest.skip">src/pymortests/grid.py:395: &lt;py._xmlgen.raw object at 0x7f1dfe088748&gt;</skipped></testcase><testcase classname="src.pymortests.grid" file="src/pymortests/grid.py" line="395" name="test_boundaries_wrong_arguments[&lt;lambda&gt;34]" time="0.0004394054412841797"><skipped message="Suite splitting in effect" type="pytest.skip">src/pymortests/grid.py:395: &lt;py._xmlgen.raw object at 0x7f1dd48bf6d8&gt;</skipped></testcase><testcase classname="src.pymortests.grid" file="src/pymortests/grid.py" line="395" name="test_boundaries_wrong_arguments[&lt;lambda&gt;35]" time="0.0004127025604248047"><skipped message="Suite splitting in effect" type="pytest.skip">src/pymortests/grid.py:395: &lt;py._xmlgen.raw object at 0x7f1dfe04efd0&gt;</skipped></testcase><testcase classname="src.pymortests.grid" file="src/pymortests/grid.py" line="395" name="test_boundaries_wrong_arguments[&lt;lambda&gt;36]" time="0.0004398822784423828"><skipped message="Suite splitting in effect" type="pytest.skip">src/pymortests/grid.py:395: &lt;py._xmlgen.raw object at 0x7f1dd48cd4e0&gt;</skipped></testcase><testcase classname="src.pymortests.grid" file="src/pymortests/grid.py" line="395" name="test_boundaries_wrong_arguments[&lt;lambda&gt;37]" time="0.0009491443634033203"><skipped message="Suite splitting in effect" type="pytest.skip">src/pymortests/grid.py:395: &lt;py._xmlgen.raw object at 0x7f1dd48ee4e0&gt;</skipped></testcase><testcase classname="src.pymortests.grid" file="src/pymortests/grid.py" line="395" name="test_boundaries_wrong_arguments[&lt;lambda&gt;38]" time="0.0004467964172363281"><skipped message="Suite splitting in effect" type="pytest.skip">src/pymortests/grid.py:395: &lt;py._xmlgen.raw object at 0x7f1dfe0ad908&gt;</skipped></testcase><testcase classname="src.pymortests.grid" file="src/pymortests/grid.py" line="395" name="test_boundaries_wrong_arguments[&lt;lambda&gt;39]" time="0.00044226646423339844"><skipped message="Suite splitting in effect" type="pytest.skip">src/pymortests/grid.py:395: &lt;py._xmlgen.raw object at 0x7f1dfe0bb3c8&gt;</skipped></testcase><testcase classname="src.pymortests.grid" file="src/pymortests/grid.py" line="395" name="test_boundaries_wrong_arguments[&lt;lambda&gt;40]" time="0.0004317760467529297"><skipped message="Suite splitting in effect" type="pytest.skip">src/pymortests/grid.py:395: &lt;py._xmlgen.raw object at 0x7f1dd48e1978&gt;</skipped></testcase><testcase classname="src.pymortests.grid" file="src/pymortests/grid.py" line="395" name="test_boundaries_wrong_arguments[&lt;lambda&gt;41]" time="0.00040721893310546875"><skipped message="Suite splitting in effect" type="pytest.skip">src/pymortests/grid.py:395: &lt;py._xmlgen.raw object at 0x7f1dd48e1a90&gt;</skipped></testcase><testcase classname="src.pymortests.grid" file="src/pymortests/grid.py" line="395" name="test_boundaries_wrong_arguments[&lt;lambda&gt;42]" time="0.0004265308380126953"><skipped message="Suite splitting in effect" type="pytest.skip">src/pymortests/grid.py:395: &lt;py._xmlgen.raw object at 0x7f1dd48d9358&gt;</skipped></testcase><testcase classname="src.pymortests.grid" file="src/pymortests/grid.py" line="403" name="test_boundaries_shape[&lt;lambda&gt;0]" time="0.000408172607421875"><skipped message="Suite splitting in effect" type="pytest.skip">src/pymortests/grid.py:403: &lt;py._xmlgen.raw object at 0x7f1dd48d95f8&gt;</skipped></testcase><testcase classname="src.pymortests.grid" file="src/pymortests/grid.py" line="403" name="test_boundaries_shape[&lt;lambda&gt;1]" time="0.00041484832763671875"><skipped message="Suite splitting in effect" type="pytest.skip">src/pymortests/grid.py:403: &lt;py._xmlgen.raw object at 0x7f1dd48cd940&gt;</skipped></testcase><testcase classname="src.pymortests.grid" file="src/pymortests/grid.py" line="403" name="test_boundaries_shape[&lt;lambda&gt;2]" time="0.0004210472106933594"><skipped message="Suite splitting in effect" type="pytest.skip">src/pymortests/grid.py:403: &lt;py._xmlgen.raw object at 0x7f1dd48bfda0&gt;</skipped></testcase><testcase classname="src.pymortests.grid" file="src/pymortests/grid.py" line="403" name="test_boundaries_shape[&lt;lambda&gt;3]" time="0.0007097721099853516"><skipped message="Suite splitting in effect" type="pytest.skip">src/pymortests/grid.py:403: &lt;py._xmlgen.raw object at 0x7f1dd48cd550&gt;</skipped></testcase><testcase classname="src.pymortests.grid" file="src/pymortests/grid.py" line="403" name="test_boundaries_shape[&lt;lambda&gt;4]" time="0.00043487548828125"><skipped message="Suite splitting in effect" type="pytest.skip">src/pymortests/grid.py:403: &lt;py._xmlgen.raw object at 0x7f1dd48d97f0&gt;</skipped></testcase><testcase classname="src.pymortests.grid" file="src/pymortests/grid.py" line="403" name="test_boundaries_shape[&lt;lambda&gt;5]" time="0.000423431396484375"><skipped message="Suite splitting in effect" type="pytest.skip">src/pymortests/grid.py:403: &lt;py._xmlgen.raw object at 0x7f1dd48e18d0&gt;</skipped></testcase><testcase classname="src.pymortests.grid" file="src/pymortests/grid.py" line="403" name="test_boundaries_shape[&lt;lambda&gt;6]" time="0.0004017353057861328"><skipped message="Suite splitting in effect" type="pytest.skip">src/pymortests/grid.py:403: &lt;py._xmlgen.raw object at 0x7f1dd48e1470&gt;</skipped></testcase><testcase classname="src.pymortests.grid" file="src/pymortests/grid.py" line="403" name="test_boundaries_shape[&lt;lambda&gt;7]" time="0.0004062652587890625"><skipped message="Suite splitting in effect" type="pytest.skip">src/pymortests/grid.py:403: &lt;py._xmlgen.raw object at 0x7f1dd49297f0&gt;</skipped></testcase><testcase classname="src.pymortests.grid" file="src/pymortests/grid.py" line="403" name="test_boundaries_shape[&lt;lambda&gt;8]" time="0.0004246234893798828"><skipped message="Suite splitting in effect" type="pytest.skip">src/pymortests/grid.py:403: &lt;py._xmlgen.raw object at 0x7f1dfe04e8d0&gt;</skipped></testcase><testcase classname="src.pymortests.grid" file="src/pymortests/grid.py" line="403" name="test_boundaries_shape[&lt;lambda&gt;9]" time="0.00042557716369628906"><skipped message="Suite splitting in effect" type="pytest.skip">src/pymortests/grid.py:403: &lt;py._xmlgen.raw object at 0x7f1dd48bf4e0&gt;</skipped></testcase><testcase classname="src.pymortests.grid" file="src/pymortests/grid.py" line="403" name="test_boundaries_shape[&lt;lambda&gt;10]" time="0.0004353523254394531"><skipped message="Suite splitting in effect" type="pytest.skip">src/pymortests/grid.py:403: &lt;py._xmlgen.raw object at 0x7f1dd491ce10&gt;</skipped></testcase><testcase classname="src.pymortests.grid" file="src/pymortests/grid.py" line="403" name="test_boundaries_shape[&lt;lambda&gt;11]" time="0.0006935596466064453"><skipped message="Suite splitting in effect" type="pytest.skip">src/pymortests/grid.py:403: &lt;py._xmlgen.raw object at 0x7f1dd491ce10&gt;</skipped></testcase><testcase classname="src.pymortests.grid" file="src/pymortests/grid.py" line="403" name="test_boundaries_shape[&lt;lambda&gt;12]" time="0.00041937828063964844"><skipped message="Suite splitting in effect" type="pytest.skip">src/pymortests/grid.py:403: &lt;py._xmlgen.raw object at 0x7f1dfe04e588&gt;</skipped></testcase><testcase classname="src.pymortests.grid" file="src/pymortests/grid.py" line="403" name="test_boundaries_shape[&lt;lambda&gt;13]" time="0.0004248619079589844"><skipped message="Suite splitting in effect" type="pytest.skip">src/pymortests/grid.py:403: &lt;py._xmlgen.raw object at 0x7f1dfe05df98&gt;</skipped></testcase><testcase classname="src.pymortests.grid" file="src/pymortests/grid.py" line="403" name="test_boundaries_shape[&lt;lambda&gt;14]" time="0.0004353523254394531"><skipped message="Suite splitting in effect" type="pytest.skip">src/pymortests/grid.py:403: &lt;py._xmlgen.raw object at 0x7f1dd48e1b70&gt;</skipped></testcase><testcase classname="src.pymortests.grid" file="src/pymortests/grid.py" line="403" name="test_boundaries_shape[&lt;lambda&gt;15]" time="0.0004107952117919922"><skipped message="Suite splitting in effect" type="pytest.skip">src/pymortests/grid.py:403: &lt;py._xmlgen.raw object at 0x7f1dd48e1898&gt;</skipped></testcase><testcase classname="src.pymortests.grid" file="src/pymortests/grid.py" line="403" name="test_boundaries_shape[&lt;lambda&gt;16]" time="0.0004303455352783203"><skipped message="Suite splitting in effect" type="pytest.skip">src/pymortests/grid.py:403: &lt;py._xmlgen.raw object at 0x7f1dd48d96d8&gt;</skipped></testcase><testcase classname="src.pymortests.grid" file="src/pymortests/grid.py" line="403" name="test_boundaries_shape[&lt;lambda&gt;17]" time="0.0004265308380126953"><skipped message="Suite splitting in effect" type="pytest.skip">src/pymortests/grid.py:403: &lt;py._xmlgen.raw object at 0x7f1dd48ee160&gt;</skipped></testcase><testcase classname="src.pymortests.grid" file="src/pymortests/grid.py" line="403" name="test_boundaries_shape[&lt;lambda&gt;18]" time="0.00048279762268066406"><skipped message="Suite splitting in effect" type="pytest.skip">src/pymortests/grid.py:403: &lt;py._xmlgen.raw object at 0x7f1dd48ee9e8&gt;</skipped></testcase><testcase classname="src.pymortests.grid" file="src/pymortests/grid.py" line="403" name="test_boundaries_shape[&lt;lambda&gt;19]" time="0.0007529258728027344"><skipped message="Suite splitting in effect" type="pytest.skip">src/pymortests/grid.py:403: &lt;py._xmlgen.raw object at 0x7f1dd48eef28&gt;</skipped></testcase><testcase classname="src.pymortests.grid" file="src/pymortests/grid.py" line="403" name="test_boundaries_shape[&lt;lambda&gt;20]" time="0.0004482269287109375"><skipped message="Suite splitting in effect" type="pytest.skip">src/pymortests/grid.py:403: &lt;py._xmlgen.raw object at 0x7f1dd48d94a8&gt;</skipped></testcase><testcase classname="src.pymortests.grid" file="src/pymortests/grid.py" line="403" name="test_boundaries_shape[&lt;lambda&gt;21]" time="0.0004305839538574219"><skipped message="Suite splitting in effect" type="pytest.skip">src/pymortests/grid.py:403: &lt;py._xmlgen.raw object at 0x7f1dd48e18d0&gt;</skipped></testcase><testcase classname="src.pymortests.grid" file="src/pymortests/grid.py" line="403" name="test_boundaries_shape[&lt;lambda&gt;22]" time="0.0004239082336425781"><skipped message="Suite splitting in effect" type="pytest.skip">src/pymortests/grid.py:403: &lt;py._xmlgen.raw object at 0x7f1dfe16c7f0&gt;</skipped></testcase><testcase classname="src.pymortests.grid" file="src/pymortests/grid.py" line="403" name="test_boundaries_shape[&lt;lambda&gt;23]" time="0.0004119873046875"><skipped message="Suite splitting in effect" type="pytest.skip">src/pymortests/grid.py:403: &lt;py._xmlgen.raw object at 0x7f1dfe001550&gt;</skipped></testcase><testcase classname="src.pymortests.grid" file="src/pymortests/grid.py" line="403" name="test_boundaries_shape[&lt;lambda&gt;24]" time="0.0004286766052246094"><skipped message="Suite splitting in effect" type="pytest.skip">src/pymortests/grid.py:403: &lt;py._xmlgen.raw object at 0x7f1dd48bf470&gt;</skipped></testcase><testcase classname="src.pymortests.grid" file="src/pymortests/grid.py" line="403" name="test_boundaries_shape[&lt;lambda&gt;25]" time="0.00044035911560058594"><skipped message="Suite splitting in effect" type="pytest.skip">src/pymortests/grid.py:403: &lt;py._xmlgen.raw object at 0x7f1dd48eed68&gt;</skipped></testcase><testcase classname="src.pymortests.grid" file="src/pymortests/grid.py" line="403" name="test_boundaries_shape[&lt;lambda&gt;26]" time="0.0004093647003173828"><skipped message="Suite splitting in effect" type="pytest.skip">src/pymortests/grid.py:403: &lt;py._xmlgen.raw object at 0x7f1dd48ee240&gt;</skipped></testcase><testcase classname="src.pymortests.grid" file="src/pymortests/grid.py" line="403" name="test_boundaries_shape[&lt;lambda&gt;27]" time="0.0007140636444091797"><skipped message="Suite splitting in effect" type="pytest.skip">src/pymortests/grid.py:403: &lt;py._xmlgen.raw object at 0x7f1dd487c4a8&gt;</skipped></testcase><testcase classname="src.pymortests.grid" file="src/pymortests/grid.py" line="403" name="test_boundaries_shape[&lt;lambda&gt;28]" time="0.0004513263702392578"><skipped message="Suite splitting in effect" type="pytest.skip">src/pymortests/grid.py:403: &lt;py._xmlgen.raw object at 0x7f1dd48eea20&gt;</skipped></testcase><testcase classname="src.pymortests.grid" file="src/pymortests/grid.py" line="403" name="test_boundaries_shape[&lt;lambda&gt;29]" time="0.0004417896270751953"><skipped message="Suite splitting in effect" type="pytest.skip">src/pymortests/grid.py:403: &lt;py._xmlgen.raw object at 0x7f1dd48bf4e0&gt;</skipped></testcase><testcase classname="src.pymortests.grid" file="src/pymortests/grid.py" line="403" name="test_boundaries_shape[&lt;lambda&gt;30]" time="0.00043487548828125"><skipped message="Suite splitting in effect" type="pytest.skip">src/pymortests/grid.py:403: &lt;py._xmlgen.raw object at 0x7f1dfe05d6d8&gt;</skipped></testcase><testcase classname="src.pymortests.grid" file="src/pymortests/grid.py" line="403" name="test_boundaries_shape[&lt;lambda&gt;31]" time="0.000431060791015625"><skipped message="Suite splitting in effect" type="pytest.skip">src/pymortests/grid.py:403: &lt;py._xmlgen.raw object at 0x7f1dfe0bb1d0&gt;</skipped></testcase><testcase classname="src.pymortests.grid" file="src/pymortests/grid.py" line="403" name="test_boundaries_shape[&lt;lambda&gt;32]" time="0.0004150867462158203"><skipped message="Suite splitting in effect" type="pytest.skip">src/pymortests/grid.py:403: &lt;py._xmlgen.raw object at 0x7f1dd48e1cf8&gt;</skipped></testcase><testcase classname="src.pymortests.grid" file="src/pymortests/grid.py" line="403" name="test_boundaries_shape[&lt;lambda&gt;33]" time="0.0004127025604248047"><skipped message="Suite splitting in effect" type="pytest.skip">src/pymortests/grid.py:403: &lt;py._xmlgen.raw object at 0x7f1dd48cd828&gt;</skipped></testcase><testcase classname="src.pymortests.grid" file="src/pymortests/grid.py" line="403" name="test_boundaries_shape[&lt;lambda&gt;34]" time="0.00041747093200683594"><skipped message="Suite splitting in effect" type="pytest.skip">src/pymortests/grid.py:403: &lt;py._xmlgen.raw object at 0x7f1dd487c3c8&gt;</skipped></testcase><testcase classname="src.pymortests.grid" file="src/pymortests/grid.py" line="403" name="test_boundaries_shape[&lt;lambda&gt;35]" time="0.0007126331329345703"><skipped message="Suite splitting in effect" type="pytest.skip">src/pymortests/grid.py:403: &lt;py._xmlgen.raw object at 0x7f1dd487cac8&gt;</skipped></testcase><testcase classname="src.pymortests.grid" file="src/pymortests/grid.py" line="403" name="test_boundaries_shape[&lt;lambda&gt;36]" time="0.0003998279571533203"><skipped message="Suite splitting in effect" type="pytest.skip">src/pymortests/grid.py:403: &lt;py._xmlgen.raw object at 0x7f1dd48e18d0&gt;</skipped></testcase><testcase classname="src.pymortests.grid" file="src/pymortests/grid.py" line="403" name="test_boundaries_shape[&lt;lambda&gt;37]" time="0.0004017353057861328"><skipped message="Suite splitting in effect" type="pytest.skip">src/pymortests/grid.py:403: &lt;py._xmlgen.raw object at 0x7f1dd49317f0&gt;</skipped></testcase><testcase classname="src.pymortests.grid" file="src/pymortests/grid.py" line="403" name="test_boundaries_shape[&lt;lambda&gt;38]" time="0.0004298686981201172"><skipped message="Suite splitting in effect" type="pytest.skip">src/pymortests/grid.py:403: &lt;py._xmlgen.raw object at 0x7f1dfe001a90&gt;</skipped></testcase><testcase classname="src.pymortests.grid" file="src/pymortests/grid.py" line="403" name="test_boundaries_shape[&lt;lambda&gt;39]" time="0.0004410743713378906"><skipped message="Suite splitting in effect" type="pytest.skip">src/pymortests/grid.py:403: &lt;py._xmlgen.raw object at 0x7f1dd490d2b0&gt;</skipped></testcase><testcase classname="src.pymortests.grid" file="src/pymortests/grid.py" line="403" name="test_boundaries_shape[&lt;lambda&gt;40]" time="0.0004336833953857422"><skipped message="Suite splitting in effect" type="pytest.skip">src/pymortests/grid.py:403: &lt;py._xmlgen.raw object at 0x7f1dd48ee9e8&gt;</skipped></testcase><testcase classname="src.pymortests.grid" file="src/pymortests/grid.py" line="403" name="test_boundaries_shape[&lt;lambda&gt;41]" time="0.0004456043243408203"><skipped message="Suite splitting in effect" type="pytest.skip">src/pymortests/grid.py:403: &lt;py._xmlgen.raw object at 0x7f1dd487c7b8&gt;</skipped></testcase><testcase classname="src.pymortests.grid" file="src/pymortests/grid.py" line="403" name="test_boundaries_shape[&lt;lambda&gt;42]" time="0.00043010711669921875"><skipped message="Suite splitting in effect" type="pytest.skip">src/pymortests/grid.py:403: &lt;py._xmlgen.raw object at 0x7f1dd487c240&gt;</skipped></testcase><testcase classname="src.pymortests.grid" file="src/pymortests/grid.py" line="409" name="test_boundaries_dtype[&lt;lambda&gt;0]" time="0.00070953369140625"><skipped message="Suite splitting in effect" type="pytest.skip">src/pymortests/grid.py:409: &lt;py._xmlgen.raw object at 0x7f1dd4884128&gt;</skipped></testcase><testcase classname="src.pymortests.grid" file="src/pymortests/grid.py" line="409" name="test_boundaries_dtype[&lt;lambda&gt;1]" time="0.0004382133483886719"><skipped message="Suite splitting in effect" type="pytest.skip">src/pymortests/grid.py:409: &lt;py._xmlgen.raw object at 0x7f1dd487c908&gt;</skipped></testcase><testcase classname="src.pymortests.grid" file="src/pymortests/grid.py" line="409" name="test_boundaries_dtype[&lt;lambda&gt;2]" time="0.00040841102600097656"><skipped message="Suite splitting in effect" type="pytest.skip">src/pymortests/grid.py:409: &lt;py._xmlgen.raw object at 0x7f1dd48ee860&gt;</skipped></testcase><testcase classname="src.pymortests.grid" file="src/pymortests/grid.py" line="409" name="test_boundaries_dtype[&lt;lambda&gt;3]" time="0.0004379749298095703"><skipped message="Suite splitting in effect" type="pytest.skip">src/pymortests/grid.py:409: &lt;py._xmlgen.raw object at 0x7f1dd48bfba8&gt;</skipped></testcase><testcase classname="src.pymortests.grid" file="src/pymortests/grid.py" line="409" name="test_boundaries_dtype[&lt;lambda&gt;4]" time="0.00045371055603027344"><skipped message="Suite splitting in effect" type="pytest.skip">src/pymortests/grid.py:409: &lt;py._xmlgen.raw object at 0x7f1dfe001358&gt;</skipped></testcase><testcase classname="src.pymortests.grid" file="src/pymortests/grid.py" line="409" name="test_boundaries_dtype[&lt;lambda&gt;5]" time="0.0004458427429199219"><skipped message="Suite splitting in effect" type="pytest.skip">src/pymortests/grid.py:409: &lt;py._xmlgen.raw object at 0x7f1dfe0adef0&gt;</skipped></testcase><testcase classname="src.pymortests.grid" file="src/pymortests/grid.py" line="409" name="test_boundaries_dtype[&lt;lambda&gt;6]" time="0.0004360675811767578"><skipped message="Suite splitting in effect" type="pytest.skip">src/pymortests/grid.py:409: &lt;py._xmlgen.raw object at 0x7f1dd48d90f0&gt;</skipped></testcase><testcase classname="src.pymortests.grid" file="src/pymortests/grid.py" line="409" name="test_boundaries_dtype[&lt;lambda&gt;7]" time="0.0004787445068359375"><skipped message="Suite splitting in effect" type="pytest.skip">src/pymortests/grid.py:409: &lt;py._xmlgen.raw object at 0x7f1dd48842b0&gt;</skipped></testcase><testcase classname="src.pymortests.grid" file="src/pymortests/grid.py" line="409" name="test_boundaries_dtype[&lt;lambda&gt;8]" time="0.0008521080017089844"><skipped message="Suite splitting in effect" type="pytest.skip">src/pymortests/grid.py:409: &lt;py._xmlgen.raw object at 0x7f1dd4884748&gt;</skipped></testcase><testcase classname="src.pymortests.grid" file="src/pymortests/grid.py" line="409" name="test_boundaries_dtype[&lt;lambda&gt;9]" time="0.00045680999755859375"><skipped message="Suite splitting in effect" type="pytest.skip">src/pymortests/grid.py:409: &lt;py._xmlgen.raw object at 0x7f1dd48e1cc0&gt;</skipped></testcase><testcase classname="src.pymortests.grid" file="src/pymortests/grid.py" line="409" name="test_boundaries_dtype[&lt;lambda&gt;10]" time="0.00042724609375"><skipped message="Suite splitting in effect" type="pytest.skip">src/pymortests/grid.py:409: &lt;py._xmlgen.raw object at 0x7f1dfe001be0&gt;</skipped></testcase><testcase classname="src.pymortests.grid" file="src/pymortests/grid.py" line="409" name="test_boundaries_dtype[&lt;lambda&gt;11]" time="0.00042057037353515625"><skipped message="Suite splitting in effect" type="pytest.skip">src/pymortests/grid.py:409: &lt;py._xmlgen.raw object at 0x7f1dd490d2b0&gt;</skipped></testcase><testcase classname="src.pymortests.grid" file="src/pymortests/grid.py" line="409" name="test_boundaries_dtype[&lt;lambda&gt;12]" time="0.0004146099090576172"><skipped message="Suite splitting in effect" type="pytest.skip">src/pymortests/grid.py:409: &lt;py._xmlgen.raw object at 0x7f1dfe025860&gt;</skipped></testcase><testcase classname="src.pymortests.grid" file="src/pymortests/grid.py" line="409" name="test_boundaries_dtype[&lt;lambda&gt;13]" time="0.0004401206970214844"><skipped message="Suite splitting in effect" type="pytest.skip">src/pymortests/grid.py:409: &lt;py._xmlgen.raw object at 0x7f1dd487c828&gt;</skipped></testcase><testcase classname="src.pymortests.grid" file="src/pymortests/grid.py" line="409" name="test_boundaries_dtype[&lt;lambda&gt;14]" time="0.0004203319549560547"><skipped message="Suite splitting in effect" type="pytest.skip">src/pymortests/grid.py:409: &lt;py._xmlgen.raw object at 0x7f1dd487c2e8&gt;</skipped></testcase><testcase classname="src.pymortests.grid" file="src/pymortests/grid.py" line="409" name="test_boundaries_dtype[&lt;lambda&gt;15]" time="0.0004322528839111328"><skipped message="Suite splitting in effect" type="pytest.skip">src/pymortests/grid.py:409: &lt;py._xmlgen.raw object at 0x7f1dd4884400&gt;</skipped></testcase><testcase classname="src.pymortests.grid" file="src/pymortests/grid.py" line="409" name="test_boundaries_dtype[&lt;lambda&gt;16]" time="0.0007138252258300781"><skipped message="Suite splitting in effect" type="pytest.skip">src/pymortests/grid.py:409: &lt;py._xmlgen.raw object at 0x7f1dd4884d68&gt;</skipped></testcase><testcase classname="src.pymortests.grid" file="src/pymortests/grid.py" line="409" name="test_boundaries_dtype[&lt;lambda&gt;17]" time="0.0004172325134277344"><skipped message="Suite splitting in effect" type="pytest.skip">src/pymortests/grid.py:409: &lt;py._xmlgen.raw object at 0x7f1dd487c940&gt;</skipped></testcase><testcase classname="src.pymortests.grid" file="src/pymortests/grid.py" line="409" name="test_boundaries_dtype[&lt;lambda&gt;18]" time="0.00040340423583984375"><skipped message="Suite splitting in effect" type="pytest.skip">src/pymortests/grid.py:409: &lt;py._xmlgen.raw object at 0x7f1dd48eeb00&gt;</skipped></testcase><testcase classname="src.pymortests.grid" file="src/pymortests/grid.py" line="409" name="test_boundaries_dtype[&lt;lambda&gt;19]" time="0.0004138946533203125"><skipped message="Suite splitting in effect" type="pytest.skip">src/pymortests/grid.py:409: &lt;py._xmlgen.raw object at 0x7f1dfe05d240&gt;</skipped></testcase><testcase classname="src.pymortests.grid" file="src/pymortests/grid.py" line="409" name="test_boundaries_dtype[&lt;lambda&gt;20]" time="0.00041413307189941406"><skipped message="Suite splitting in effect" type="pytest.skip">src/pymortests/grid.py:409: &lt;py._xmlgen.raw object at 0x7f1dfe0012b0&gt;</skipped></testcase><testcase classname="src.pymortests.grid" file="src/pymortests/grid.py" line="409" name="test_boundaries_dtype[&lt;lambda&gt;21]" time="0.00044274330139160156"><skipped message="Suite splitting in effect" type="pytest.skip">src/pymortests/grid.py:409: &lt;py._xmlgen.raw object at 0x7f1dd48d96d8&gt;</skipped></testcase><testcase classname="src.pymortests.grid" file="src/pymortests/grid.py" line="409" name="test_boundaries_dtype[&lt;lambda&gt;22]" time="0.00043010711669921875"><skipped message="Suite splitting in effect" type="pytest.skip">src/pymortests/grid.py:409: &lt;py._xmlgen.raw object at 0x7f1dd4884ac8&gt;</skipped></testcase><testcase classname="src.pymortests.grid" file="src/pymortests/grid.py" line="409" name="test_boundaries_dtype[&lt;lambda&gt;23]" time="0.0004417896270751953"><skipped message="Suite splitting in effect" type="pytest.skip">src/pymortests/grid.py:409: &lt;py._xmlgen.raw object at 0x7f1dd48845f8&gt;</skipped></testcase><testcase classname="src.pymortests.grid" file="src/pymortests/grid.py" line="409" name="test_boundaries_dtype[&lt;lambda&gt;24]" time="0.0007195472717285156"><skipped message="Suite splitting in effect" type="pytest.skip">src/pymortests/grid.py:409: &lt;py._xmlgen.raw object at 0x7f1dd48913c8&gt;</skipped></testcase><testcase classname="src.pymortests.grid" file="src/pymortests/grid.py" line="409" name="test_boundaries_dtype[&lt;lambda&gt;25]" time="0.00040841102600097656"><skipped message="Suite splitting in effect" type="pytest.skip">src/pymortests/grid.py:409: &lt;py._xmlgen.raw object at 0x7f1dd4884358&gt;</skipped></testcase><testcase classname="src.pymortests.grid" file="src/pymortests/grid.py" line="409" name="test_boundaries_dtype[&lt;lambda&gt;26]" time="0.00041222572326660156"><skipped message="Suite splitting in effect" type="pytest.skip">src/pymortests/grid.py:409: &lt;py._xmlgen.raw object at 0x7f1dd48e1b70&gt;</skipped></testcase><testcase classname="src.pymortests.grid" file="src/pymortests/grid.py" line="409" name="test_boundaries_dtype[&lt;lambda&gt;27]" time="0.0004210472106933594"><skipped message="Suite splitting in effect" type="pytest.skip">src/pymortests/grid.py:409: &lt;py._xmlgen.raw object at 0x7f1dfe0bb470&gt;</skipped></testcase><testcase classname="src.pymortests.grid" file="src/pymortests/grid.py" line="409" name="test_boundaries_dtype[&lt;lambda&gt;28]" time="0.0004885196685791016"><skipped message="Suite splitting in effect" type="pytest.skip">src/pymortests/grid.py:409: &lt;py._xmlgen.raw object at 0x7f1dd48ee0b8&gt;</skipped></testcase><testcase classname="src.pymortests.grid" file="src/pymortests/grid.py" line="409" name="test_boundaries_dtype[&lt;lambda&gt;29]" time="0.00046539306640625"><skipped message="Suite splitting in effect" type="pytest.skip">src/pymortests/grid.py:409: &lt;py._xmlgen.raw object at 0x7f1dfe0255c0&gt;</skipped></testcase><testcase classname="src.pymortests.grid" file="src/pymortests/grid.py" line="409" name="test_boundaries_dtype[&lt;lambda&gt;30]" time="0.00044846534729003906"><skipped message="Suite splitting in effect" type="pytest.skip">src/pymortests/grid.py:409: &lt;py._xmlgen.raw object at 0x7f1dd487c2e8&gt;</skipped></testcase><testcase classname="src.pymortests.grid" file="src/pymortests/grid.py" line="409" name="test_boundaries_dtype[&lt;lambda&gt;31]" time="0.0004322528839111328"><skipped message="Suite splitting in effect" type="pytest.skip">src/pymortests/grid.py:409: &lt;py._xmlgen.raw object at 0x7f1dd4891240&gt;</skipped></testcase><testcase classname="src.pymortests.grid" file="src/pymortests/grid.py" line="409" name="test_boundaries_dtype[&lt;lambda&gt;32]" time="0.0007326602935791016"><skipped message="Suite splitting in effect" type="pytest.skip">src/pymortests/grid.py:409: &lt;py._xmlgen.raw object at 0x7f1dd48919e8&gt;</skipped></testcase><testcase classname="src.pymortests.grid" file="src/pymortests/grid.py" line="409" name="test_boundaries_dtype[&lt;lambda&gt;33]" time="0.0004057884216308594"><skipped message="Suite splitting in effect" type="pytest.skip">src/pymortests/grid.py:409: &lt;py._xmlgen.raw object at 0x7f1dfe025a58&gt;</skipped></testcase><testcase classname="src.pymortests.grid" file="src/pymortests/grid.py" line="409" name="test_boundaries_dtype[&lt;lambda&gt;34]" time="0.0004048347473144531"><skipped message="Suite splitting in effect" type="pytest.skip">src/pymortests/grid.py:409: &lt;py._xmlgen.raw object at 0x7f1dd49317f0&gt;</skipped></testcase><testcase classname="src.pymortests.grid" file="src/pymortests/grid.py" line="409" name="test_boundaries_dtype[&lt;lambda&gt;35]" time="0.0004324913024902344"><skipped message="Suite splitting in effect" type="pytest.skip">src/pymortests/grid.py:409: &lt;py._xmlgen.raw object at 0x7f1dfe06ff28&gt;</skipped></testcase><testcase classname="src.pymortests.grid" file="src/pymortests/grid.py" line="409" name="test_boundaries_dtype[&lt;lambda&gt;36]" time="0.00041103363037109375"><skipped message="Suite splitting in effect" type="pytest.skip">src/pymortests/grid.py:409: &lt;py._xmlgen.raw object at 0x7f1dd4884438&gt;</skipped></testcase><testcase classname="src.pymortests.grid" file="src/pymortests/grid.py" line="409" name="test_boundaries_dtype[&lt;lambda&gt;37]" time="0.00041985511779785156"><skipped message="Suite splitting in effect" type="pytest.skip">src/pymortests/grid.py:409: &lt;py._xmlgen.raw object at 0x7f1dd48847f0&gt;</skipped></testcase><testcase classname="src.pymortests.grid" file="src/pymortests/grid.py" line="409" name="test_boundaries_dtype[&lt;lambda&gt;38]" time="0.0004382133483886719"><skipped message="Suite splitting in effect" type="pytest.skip">src/pymortests/grid.py:409: &lt;py._xmlgen.raw object at 0x7f1dd4891b70&gt;</skipped></testcase><testcase classname="src.pymortests.grid" file="src/pymortests/grid.py" line="409" name="test_boundaries_dtype[&lt;lambda&gt;39]" time="0.00043392181396484375"><skipped message="Suite splitting in effect" type="pytest.skip">src/pymortests/grid.py:409: &lt;py._xmlgen.raw object at 0x7f1dd4891588&gt;</skipped></testcase><testcase classname="src.pymortests.grid" file="src/pymortests/grid.py" line="409" name="test_boundaries_dtype[&lt;lambda&gt;40]" time="0.0006957054138183594"><skipped message="Suite splitting in effect" type="pytest.skip">src/pymortests/grid.py:409: &lt;py._xmlgen.raw object at 0x7f1dd489c048&gt;</skipped></testcase><testcase classname="src.pymortests.grid" file="src/pymortests/grid.py" line="409" name="test_boundaries_dtype[&lt;lambda&gt;41]" time="0.0004336833953857422"><skipped message="Suite splitting in effect" type="pytest.skip">src/pymortests/grid.py:409: &lt;py._xmlgen.raw object at 0x7f1dd4891898&gt;</skipped></testcase><testcase classname="src.pymortests.grid" file="src/pymortests/grid.py" line="409" name="test_boundaries_dtype[&lt;lambda&gt;42]" time="0.0004317760467529297"><skipped message="Suite splitting in effect" type="pytest.skip">src/pymortests/grid.py:409: &lt;py._xmlgen.raw object at 0x7f1dfe034710&gt;</skipped></testcase><testcase classname="src.pymortests.grid" file="src/pymortests/grid.py" line="415" name="test_boundaries_entry_value_range[&lt;lambda&gt;0]" time="0.0004329681396484375"><skipped message="Suite splitting in effect" type="pytest.skip">src/pymortests/grid.py:415: &lt;py._xmlgen.raw object at 0x7f1dd4884e10&gt;</skipped></testcase><testcase classname="src.pymortests.grid" file="src/pymortests/grid.py" line="415" name="test_boundaries_entry_value_range[&lt;lambda&gt;1]" time="0.0004489421844482422"><skipped message="Suite splitting in effect" type="pytest.skip">src/pymortests/grid.py:415: &lt;py._xmlgen.raw object at 0x7f1dd4884438&gt;</skipped></testcase><testcase classname="src.pymortests.grid" file="src/pymortests/grid.py" line="415" name="test_boundaries_entry_value_range[&lt;lambda&gt;2]" time="0.00042247772216796875"><skipped message="Suite splitting in effect" type="pytest.skip">src/pymortests/grid.py:415: &lt;py._xmlgen.raw object at 0x7f1dfe05d588&gt;</skipped></testcase><testcase classname="src.pymortests.grid" file="src/pymortests/grid.py" line="415" name="test_boundaries_entry_value_range[&lt;lambda&gt;3]" time="0.0003991127014160156"><skipped message="Suite splitting in effect" type="pytest.skip">src/pymortests/grid.py:415: &lt;py._xmlgen.raw object at 0x7f1dfe025710&gt;</skipped></testcase><testcase classname="src.pymortests.grid" file="src/pymortests/grid.py" line="415" name="test_boundaries_entry_value_range[&lt;lambda&gt;4]" time="0.0004074573516845703"><skipped message="Suite splitting in effect" type="pytest.skip">src/pymortests/grid.py:415: &lt;py._xmlgen.raw object at 0x7f1dd489c160&gt;</skipped></testcase><testcase classname="src.pymortests.grid" file="src/pymortests/grid.py" line="415" name="test_boundaries_entry_value_range[&lt;lambda&gt;5]" time="0.0009622573852539062"><skipped message="Suite splitting in effect" type="pytest.skip">src/pymortests/grid.py:415: &lt;py._xmlgen.raw object at 0x7f1dd489c668&gt;</skipped></testcase><testcase classname="src.pymortests.grid" file="src/pymortests/grid.py" line="415" name="test_boundaries_entry_value_range[&lt;lambda&gt;6]" time="0.00043487548828125"><skipped message="Suite splitting in effect" type="pytest.skip">src/pymortests/grid.py:415: &lt;py._xmlgen.raw object at 0x7f1dfdfc3d68&gt;</skipped></testcase><testcase classname="src.pymortests.grid" file="src/pymortests/grid.py" line="415" name="test_boundaries_entry_value_range[&lt;lambda&gt;7]" time="0.0004031658172607422"><skipped message="Suite splitting in effect" type="pytest.skip">src/pymortests/grid.py:415: &lt;py._xmlgen.raw object at 0x7f1dfe034b00&gt;</skipped></testcase><testcase classname="src.pymortests.grid" file="src/pymortests/grid.py" line="415" name="test_boundaries_entry_value_range[&lt;lambda&gt;8]" time="0.00043082237243652344"><skipped message="Suite splitting in effect" type="pytest.skip">src/pymortests/grid.py:415: &lt;py._xmlgen.raw object at 0x7f1dd4891c88&gt;</skipped></testcase><testcase classname="src.pymortests.grid" file="src/pymortests/grid.py" line="415" name="test_boundaries_entry_value_range[&lt;lambda&gt;9]" time="0.0004420280456542969"><skipped message="Suite splitting in effect" type="pytest.skip">src/pymortests/grid.py:415: &lt;py._xmlgen.raw object at 0x7f1dd4891a58&gt;</skipped></testcase><testcase classname="src.pymortests.grid" file="src/pymortests/grid.py" line="415" name="test_boundaries_entry_value_range[&lt;lambda&gt;10]" time="0.0004329681396484375"><skipped message="Suite splitting in effect" type="pytest.skip">src/pymortests/grid.py:415: &lt;py._xmlgen.raw object at 0x7f1dd4884be0&gt;</skipped></testcase><testcase classname="src.pymortests.grid" file="src/pymortests/grid.py" line="415" name="test_boundaries_entry_value_range[&lt;lambda&gt;11]" time="0.0004203319549560547"><skipped message="Suite splitting in effect" type="pytest.skip">src/pymortests/grid.py:415: &lt;py._xmlgen.raw object at 0x7f1dd487cf28&gt;</skipped></testcase><testcase classname="src.pymortests.grid" file="src/pymortests/grid.py" line="415" name="test_boundaries_entry_value_range[&lt;lambda&gt;12]" time="0.0004451274871826172"><skipped message="Suite splitting in effect" type="pytest.skip">src/pymortests/grid.py:415: &lt;py._xmlgen.raw object at 0x7f1dd48ee6a0&gt;</skipped></testcase><testcase classname="src.pymortests.grid" file="src/pymortests/grid.py" line="415" name="test_boundaries_entry_value_range[&lt;lambda&gt;13]" time="0.0004324913024902344"><skipped message="Suite splitting in effect" type="pytest.skip">src/pymortests/grid.py:415: &lt;py._xmlgen.raw object at 0x7f1dfe088748&gt;</skipped></testcase><testcase classname="src.pymortests.grid" file="src/pymortests/grid.py" line="415" name="test_boundaries_entry_value_range[&lt;lambda&gt;14]" time="0.0006890296936035156"><skipped message="Suite splitting in effect" type="pytest.skip">src/pymortests/grid.py:415: &lt;py._xmlgen.raw object at 0x7f1dd48eef28&gt;</skipped></testcase><testcase classname="src.pymortests.grid" file="src/pymortests/grid.py" line="415" name="test_boundaries_entry_value_range[&lt;lambda&gt;15]" time="0.000431060791015625"><skipped message="Suite splitting in effect" type="pytest.skip">src/pymortests/grid.py:415: &lt;py._xmlgen.raw object at 0x7f1dd487c7b8&gt;</skipped></testcase><testcase classname="src.pymortests.grid" file="src/pymortests/grid.py" line="415" name="test_boundaries_entry_value_range[&lt;lambda&gt;16]" time="0.000415802001953125"><skipped message="Suite splitting in effect" type="pytest.skip">src/pymortests/grid.py:415: &lt;py._xmlgen.raw object at 0x7f1dd48847f0&gt;</skipped></testcase><testcase classname="src.pymortests.grid" file="src/pymortests/grid.py" line="415" name="test_boundaries_entry_value_range[&lt;lambda&gt;17]" time="0.00040793418884277344"><skipped message="Suite splitting in effect" type="pytest.skip">src/pymortests/grid.py:415: &lt;py._xmlgen.raw object at 0x7f1dd48919e8&gt;</skipped></testcase><testcase classname="src.pymortests.grid" file="src/pymortests/grid.py" line="415" name="test_boundaries_entry_value_range[&lt;lambda&gt;18]" time="0.00040149688720703125"><skipped message="Suite splitting in effect" type="pytest.skip">src/pymortests/grid.py:415: &lt;py._xmlgen.raw object at 0x7f1dd48915f8&gt;</skipped></testcase><testcase classname="src.pymortests.grid" file="src/pymortests/grid.py" line="415" name="test_boundaries_entry_value_range[&lt;lambda&gt;19]" time="0.00041604042053222656"><skipped message="Suite splitting in effect" type="pytest.skip">src/pymortests/grid.py:415: &lt;py._xmlgen.raw object at 0x7f1dd48e1cc0&gt;</skipped></testcase><testcase classname="src.pymortests.grid" file="src/pymortests/grid.py" line="415" name="test_boundaries_entry_value_range[&lt;lambda&gt;20]" time="0.00042176246643066406"><skipped message="Suite splitting in effect" type="pytest.skip">src/pymortests/grid.py:415: &lt;py._xmlgen.raw object at 0x7f1dfe025a58&gt;</skipped></testcase><testcase classname="src.pymortests.grid" file="src/pymortests/grid.py" line="415" name="test_boundaries_entry_value_range[&lt;lambda&gt;21]" time="0.0004229545593261719"><skipped message="Suite splitting in effect" type="pytest.skip">src/pymortests/grid.py:415: &lt;py._xmlgen.raw object at 0x7f1dd489c748&gt;</skipped></testcase><testcase classname="src.pymortests.grid" file="src/pymortests/grid.py" line="415" name="test_boundaries_entry_value_range[&lt;lambda&gt;22]" time="0.0007236003875732422"><skipped message="Suite splitting in effect" type="pytest.skip">src/pymortests/grid.py:415: &lt;py._xmlgen.raw object at 0x7f1dd48cd358&gt;</skipped></testcase><testcase classname="src.pymortests.grid" file="src/pymortests/grid.py" line="415" name="test_boundaries_entry_value_range[&lt;lambda&gt;23]" time="0.0004062652587890625"><skipped message="Suite splitting in effect" type="pytest.skip">src/pymortests/grid.py:415: &lt;py._xmlgen.raw object at 0x7f1dd48e18d0&gt;</skipped></testcase><testcase classname="src.pymortests.grid" file="src/pymortests/grid.py" line="415" name="test_boundaries_entry_value_range[&lt;lambda&gt;24]" time="0.0004055500030517578"><skipped message="Suite splitting in effect" type="pytest.skip">src/pymortests/grid.py:415: &lt;py._xmlgen.raw object at 0x7f1dd4891278&gt;</skipped></testcase><testcase classname="src.pymortests.grid" file="src/pymortests/grid.py" line="415" name="test_boundaries_entry_value_range[&lt;lambda&gt;25]" time="0.000423431396484375"><skipped message="Suite splitting in effect" type="pytest.skip">src/pymortests/grid.py:415: &lt;py._xmlgen.raw object at 0x7f1dfe00f208&gt;</skipped></testcase><testcase classname="src.pymortests.grid" file="src/pymortests/grid.py" line="415" name="test_boundaries_entry_value_range[&lt;lambda&gt;26]" time="0.0004177093505859375"><skipped message="Suite splitting in effect" type="pytest.skip">src/pymortests/grid.py:415: &lt;py._xmlgen.raw object at 0x7f1dfdfd8ac8&gt;</skipped></testcase><testcase classname="src.pymortests.grid" file="src/pymortests/grid.py" line="415" name="test_boundaries_entry_value_range[&lt;lambda&gt;27]" time="0.00043773651123046875"><skipped message="Suite splitting in effect" type="pytest.skip">src/pymortests/grid.py:415: &lt;py._xmlgen.raw object at 0x7f1dd487c940&gt;</skipped></testcase><testcase classname="src.pymortests.grid" file="src/pymortests/grid.py" line="415" name="test_boundaries_entry_value_range[&lt;lambda&gt;28]" time="0.0004413127899169922"><skipped message="Suite splitting in effect" type="pytest.skip">src/pymortests/grid.py:415: &lt;py._xmlgen.raw object at 0x7f1dd489c2e8&gt;</skipped></testcase><testcase classname="src.pymortests.grid" file="src/pymortests/grid.py" line="415" name="test_boundaries_entry_value_range[&lt;lambda&gt;29]" time="0.0004227161407470703"><skipped message="Suite splitting in effect" type="pytest.skip">src/pymortests/grid.py:415: &lt;py._xmlgen.raw object at 0x7f1dd489cb70&gt;</skipped></testcase><testcase classname="src.pymortests.grid" file="src/pymortests/grid.py" line="415" name="test_boundaries_entry_value_range[&lt;lambda&gt;30]" time="0.0007128715515136719"><skipped message="Suite splitting in effect" type="pytest.skip">src/pymortests/grid.py:415: &lt;py._xmlgen.raw object at 0x7f1dd48a80f0&gt;</skipped></testcase><testcase classname="src.pymortests.grid" file="src/pymortests/grid.py" line="415" name="test_boundaries_entry_value_range[&lt;lambda&gt;31]" time="0.0004458427429199219"><skipped message="Suite splitting in effect" type="pytest.skip">src/pymortests/grid.py:415: &lt;py._xmlgen.raw object at 0x7f1dd489cfd0&gt;</skipped></testcase><testcase classname="src.pymortests.grid" file="src/pymortests/grid.py" line="415" name="test_boundaries_entry_value_range[&lt;lambda&gt;32]" time="0.0004220008850097656"><skipped message="Suite splitting in effect" type="pytest.skip">src/pymortests/grid.py:415: &lt;py._xmlgen.raw object at 0x7f1dd491ce10&gt;</skipped></testcase><testcase classname="src.pymortests.grid" file="src/pymortests/grid.py" line="415" name="test_boundaries_entry_value_range[&lt;lambda&gt;33]" time="0.00041294097900390625"><skipped message="Suite splitting in effect" type="pytest.skip">src/pymortests/grid.py:415: &lt;py._xmlgen.raw object at 0x7f1dfdfd8c18&gt;</skipped></testcase><testcase classname="src.pymortests.grid" file="src/pymortests/grid.py" line="415" name="test_boundaries_entry_value_range[&lt;lambda&gt;34]" time="0.0004069805145263672"><skipped message="Suite splitting in effect" type="pytest.skip">src/pymortests/grid.py:415: &lt;py._xmlgen.raw object at 0x7f1dd4884358&gt;</skipped></testcase><testcase classname="src.pymortests.grid" file="src/pymortests/grid.py" line="415" name="test_boundaries_entry_value_range[&lt;lambda&gt;35]" time="0.00040721893310546875"><skipped message="Suite splitting in effect" type="pytest.skip">src/pymortests/grid.py:415: &lt;py._xmlgen.raw object at 0x7f1dd4891128&gt;</skipped></testcase><testcase classname="src.pymortests.grid" file="src/pymortests/grid.py" line="415" name="test_boundaries_entry_value_range[&lt;lambda&gt;36]" time="0.00041294097900390625"><skipped message="Suite splitting in effect" type="pytest.skip">src/pymortests/grid.py:415: &lt;py._xmlgen.raw object at 0x7f1dd48e18d0&gt;</skipped></testcase><testcase classname="src.pymortests.grid" file="src/pymortests/grid.py" line="415" name="test_boundaries_entry_value_range[&lt;lambda&gt;37]" time="0.0004551410675048828"><skipped message="Suite splitting in effect" type="pytest.skip">src/pymortests/grid.py:415: &lt;py._xmlgen.raw object at 0x7f1dd48cd358&gt;</skipped></testcase><testcase classname="src.pymortests.grid" file="src/pymortests/grid.py" line="415" name="test_boundaries_entry_value_range[&lt;lambda&gt;38]" time="0.0007371902465820312"><skipped message="Suite splitting in effect" type="pytest.skip">src/pymortests/grid.py:415: &lt;py._xmlgen.raw object at 0x7f1dd48a8630&gt;</skipped></testcase><testcase classname="src.pymortests.grid" file="src/pymortests/grid.py" line="415" name="test_boundaries_entry_value_range[&lt;lambda&gt;39]" time="0.0004382133483886719"><skipped message="Suite splitting in effect" type="pytest.skip">src/pymortests/grid.py:415: &lt;py._xmlgen.raw object at 0x7f1dfe034a58&gt;</skipped></testcase><testcase classname="src.pymortests.grid" file="src/pymortests/grid.py" line="415" name="test_boundaries_entry_value_range[&lt;lambda&gt;40]" time="0.0004146099090576172"><skipped message="Suite splitting in effect" type="pytest.skip">src/pymortests/grid.py:415: &lt;py._xmlgen.raw object at 0x7f1dd4891828&gt;</skipped></testcase><testcase classname="src.pymortests.grid" file="src/pymortests/grid.py" line="415" name="test_boundaries_entry_value_range[&lt;lambda&gt;41]" time="0.0004210472106933594"><skipped message="Suite splitting in effect" type="pytest.skip">src/pymortests/grid.py:415: &lt;py._xmlgen.raw object at 0x7f1dfdfe8390&gt;</skipped></testcase><testcase classname="src.pymortests.grid" file="src/pymortests/grid.py" line="415" name="test_boundaries_entry_value_range[&lt;lambda&gt;42]" time="0.00041222572326660156"><skipped message="Suite splitting in effect" type="pytest.skip">src/pymortests/grid.py:415: &lt;py._xmlgen.raw object at 0x7f1dd487cbe0&gt;</skipped></testcase><testcase classname="src.pymortests.grid" file="src/pymortests/grid.py" line="422" name="test_boundaries_entries[&lt;lambda&gt;0]" time="0.0004470348358154297"><skipped message="Suite splitting in effect" type="pytest.skip">src/pymortests/grid.py:422: &lt;py._xmlgen.raw object at 0x7f1dd489ca90&gt;</skipped></testcase><testcase classname="src.pymortests.grid" file="src/pymortests/grid.py" line="422" name="test_boundaries_entries[&lt;lambda&gt;1]" time="0.0004429817199707031"><skipped message="Suite splitting in effect" type="pytest.skip">src/pymortests/grid.py:422: &lt;py._xmlgen.raw object at 0x7f1dd48eef98&gt;</skipped></testcase><testcase classname="src.pymortests.grid" file="src/pymortests/grid.py" line="422" name="test_boundaries_entries[&lt;lambda&gt;2]" time="0.00044417381286621094"><skipped message="Suite splitting in effect" type="pytest.skip">src/pymortests/grid.py:422: &lt;py._xmlgen.raw object at 0x7f1dd48a8588&gt;</skipped></testcase><testcase classname="src.pymortests.grid" file="src/pymortests/grid.py" line="422" name="test_boundaries_entries[&lt;lambda&gt;3]" time="0.0007507801055908203"><skipped message="Suite splitting in effect" type="pytest.skip">src/pymortests/grid.py:422: &lt;py._xmlgen.raw object at 0x7f1dd48a8c50&gt;</skipped></testcase><testcase classname="src.pymortests.grid" file="src/pymortests/grid.py" line="422" name="test_boundaries_entries[&lt;lambda&gt;4]" time="0.00041031837463378906"><skipped message="Suite splitting in effect" type="pytest.skip">src/pymortests/grid.py:422: &lt;py._xmlgen.raw object at 0x7f1dd489c780&gt;</skipped></testcase><testcase classname="src.pymortests.grid" file="src/pymortests/grid.py" line="422" name="test_boundaries_entries[&lt;lambda&gt;5]" time="0.0004019737243652344"><skipped message="Suite splitting in effect" type="pytest.skip">src/pymortests/grid.py:422: &lt;py._xmlgen.raw object at 0x7f1dfdfd84e0&gt;</skipped></testcase><testcase classname="src.pymortests.grid" file="src/pymortests/grid.py" line="422" name="test_boundaries_entries[&lt;lambda&gt;6]" time="0.00040268898010253906"><skipped message="Suite splitting in effect" type="pytest.skip">src/pymortests/grid.py:422: &lt;py._xmlgen.raw object at 0x7f1dfdfe84e0&gt;</skipped></testcase><testcase classname="src.pymortests.grid" file="src/pymortests/grid.py" line="422" name="test_boundaries_entries[&lt;lambda&gt;7]" time="0.0004112720489501953"><skipped message="Suite splitting in effect" type="pytest.skip">src/pymortests/grid.py:422: &lt;py._xmlgen.raw object at 0x7f1dd4891a20&gt;</skipped></testcase><testcase classname="src.pymortests.grid" file="src/pymortests/grid.py" line="422" name="test_boundaries_entries[&lt;lambda&gt;8]" time="0.00043487548828125"><skipped message="Suite splitting in effect" type="pytest.skip">src/pymortests/grid.py:422: &lt;py._xmlgen.raw object at 0x7f1dd48cd358&gt;</skipped></testcase><testcase classname="src.pymortests.grid" file="src/pymortests/grid.py" line="422" name="test_boundaries_entries[&lt;lambda&gt;9]" time="0.00045680999755859375"><skipped message="Suite splitting in effect" type="pytest.skip">src/pymortests/grid.py:422: &lt;py._xmlgen.raw object at 0x7f1dd48a8048&gt;</skipped></testcase><testcase classname="src.pymortests.grid" file="src/pymortests/grid.py" line="422" name="test_boundaries_entries[&lt;lambda&gt;10]" time="0.0004429817199707031"><skipped message="Suite splitting in effect" type="pytest.skip">src/pymortests/grid.py:422: &lt;py._xmlgen.raw object at 0x7f1dd48a8438&gt;</skipped></testcase><testcase classname="src.pymortests.grid" file="src/pymortests/grid.py" line="422" name="test_boundaries_entries[&lt;lambda&gt;11]" time="0.0007228851318359375"><skipped message="Suite splitting in effect" type="pytest.skip">src/pymortests/grid.py:422: &lt;py._xmlgen.raw object at 0x7f1dd48b22b0&gt;</skipped></testcase><testcase classname="src.pymortests.grid" file="src/pymortests/grid.py" line="422" name="test_boundaries_entries[&lt;lambda&gt;12]" time="0.00040793418884277344"><skipped message="Suite splitting in effect" type="pytest.skip">src/pymortests/grid.py:422: &lt;py._xmlgen.raw object at 0x7f1dd48a87f0&gt;</skipped></testcase><testcase classname="src.pymortests.grid" file="src/pymortests/grid.py" line="422" name="test_boundaries_entries[&lt;lambda&gt;13]" time="0.00040268898010253906"><skipped message="Suite splitting in effect" type="pytest.skip">src/pymortests/grid.py:422: &lt;py._xmlgen.raw object at 0x7f1dd48cd358&gt;</skipped></testcase><testcase classname="src.pymortests.grid" file="src/pymortests/grid.py" line="422" name="test_boundaries_entries[&lt;lambda&gt;14]" time="0.0004487037658691406"><skipped message="Suite splitting in effect" type="pytest.skip">src/pymortests/grid.py:422: &lt;py._xmlgen.raw object at 0x7f1dd4891128&gt;</skipped></testcase><testcase classname="src.pymortests.grid" file="src/pymortests/grid.py" line="422" name="test_boundaries_entries[&lt;lambda&gt;15]" time="0.00043201446533203125"><skipped message="Suite splitting in effect" type="pytest.skip">src/pymortests/grid.py:422: &lt;py._xmlgen.raw object at 0x7f1dfdfd8f60&gt;</skipped></testcase><testcase classname="src.pymortests.grid" file="src/pymortests/grid.py" line="422" name="test_boundaries_entries[&lt;lambda&gt;16]" time="0.0004780292510986328"><skipped message="Suite splitting in effect" type="pytest.skip">src/pymortests/grid.py:422: &lt;py._xmlgen.raw object at 0x7f1dd489c860&gt;</skipped></testcase><testcase classname="src.pymortests.grid" file="src/pymortests/grid.py" line="422" name="test_boundaries_entries[&lt;lambda&gt;17]" time="0.00047707557678222656"><skipped message="Suite splitting in effect" type="pytest.skip">src/pymortests/grid.py:422: &lt;py._xmlgen.raw object at 0x7f1dfdff9a90&gt;</skipped></testcase><testcase classname="src.pymortests.grid" file="src/pymortests/grid.py" line="422" name="test_boundaries_entries[&lt;lambda&gt;18]" time="0.0004222393035888672"><skipped message="Suite splitting in effect" type="pytest.skip">src/pymortests/grid.py:422: &lt;py._xmlgen.raw object at 0x7f1dd48b2128&gt;</skipped></testcase><testcase classname="src.pymortests.grid" file="src/pymortests/grid.py" line="422" name="test_boundaries_entries[&lt;lambda&gt;19]" time="0.0007183551788330078"><skipped message="Suite splitting in effect" type="pytest.skip">src/pymortests/grid.py:422: &lt;py._xmlgen.raw object at 0x7f1dd48b28d0&gt;</skipped></testcase><testcase classname="src.pymortests.grid" file="src/pymortests/grid.py" line="422" name="test_boundaries_entries[&lt;lambda&gt;20]" time="0.0004105567932128906"><skipped message="Suite splitting in effect" type="pytest.skip">src/pymortests/grid.py:422: &lt;py._xmlgen.raw object at 0x7f1dd489cc50&gt;</skipped></testcase><testcase classname="src.pymortests.grid" file="src/pymortests/grid.py" line="422" name="test_boundaries_entries[&lt;lambda&gt;21]" time="0.0004360675811767578"><skipped message="Suite splitting in effect" type="pytest.skip">src/pymortests/grid.py:422: &lt;py._xmlgen.raw object at 0x7f1dfdfd8ac8&gt;</skipped></testcase><testcase classname="src.pymortests.grid" file="src/pymortests/grid.py" line="422" name="test_boundaries_entries[&lt;lambda&gt;22]" time="0.0004203319549560547"><skipped message="Suite splitting in effect" type="pytest.skip">src/pymortests/grid.py:422: &lt;py._xmlgen.raw object at 0x7f1dd4884438&gt;</skipped></testcase><testcase classname="src.pymortests.grid" file="src/pymortests/grid.py" line="422" name="test_boundaries_entries[&lt;lambda&gt;23]" time="0.0004374980926513672"><skipped message="Suite splitting in effect" type="pytest.skip">src/pymortests/grid.py:422: &lt;py._xmlgen.raw object at 0x7f1dfe034278&gt;</skipped></testcase><testcase classname="src.pymortests.grid" file="src/pymortests/grid.py" line="422" name="test_boundaries_entries[&lt;lambda&gt;24]" time="0.0004620552062988281"><skipped message="Suite splitting in effect" type="pytest.skip">src/pymortests/grid.py:422: &lt;py._xmlgen.raw object at 0x7f1dd48a8748&gt;</skipped></testcase><testcase classname="src.pymortests.grid" file="src/pymortests/grid.py" line="422" name="test_boundaries_entries[&lt;lambda&gt;25]" time="0.00045490264892578125"><skipped message="Suite splitting in effect" type="pytest.skip">src/pymortests/grid.py:422: &lt;py._xmlgen.raw object at 0x7f1dd48b29e8&gt;</skipped></testcase><testcase classname="src.pymortests.grid" file="src/pymortests/grid.py" line="422" name="test_boundaries_entries[&lt;lambda&gt;26]" time="0.00043582916259765625"><skipped message="Suite splitting in effect" type="pytest.skip">src/pymortests/grid.py:422: &lt;py._xmlgen.raw object at 0x7f1dd48b2400&gt;</skipped></testcase><testcase classname="src.pymortests.grid" file="src/pymortests/grid.py" line="422" name="test_boundaries_entries[&lt;lambda&gt;27]" time="0.0007183551788330078"><skipped message="Suite splitting in effect" type="pytest.skip">src/pymortests/grid.py:422: &lt;py._xmlgen.raw object at 0x7f1dd48b2ef0&gt;</skipped></testcase><testcase classname="src.pymortests.grid" file="src/pymortests/grid.py" line="422" name="test_boundaries_entries[&lt;lambda&gt;28]" time="0.00040459632873535156"><skipped message="Suite splitting in effect" type="pytest.skip">src/pymortests/grid.py:422: &lt;py._xmlgen.raw object at 0x7f1dd48b2ac8&gt;</skipped></testcase><testcase classname="src.pymortests.grid" file="src/pymortests/grid.py" line="422" name="test_boundaries_entries[&lt;lambda&gt;29]" time="0.0004050731658935547"><skipped message="Suite splitting in effect" type="pytest.skip">src/pymortests/grid.py:422: &lt;py._xmlgen.raw object at 0x7f1dd48a8f60&gt;</skipped></testcase><testcase classname="src.pymortests.grid" file="src/pymortests/grid.py" line="422" name="test_boundaries_entries[&lt;lambda&gt;30]" time="0.000438690185546875"><skipped message="Suite splitting in effect" type="pytest.skip">src/pymortests/grid.py:422: &lt;py._xmlgen.raw object at 0x7f1dd48a8048&gt;</skipped></testcase><testcase classname="src.pymortests.grid" file="src/pymortests/grid.py" line="422" name="test_boundaries_entries[&lt;lambda&gt;31]" time="0.0004239082336425781"><skipped message="Suite splitting in effect" type="pytest.skip">src/pymortests/grid.py:422: &lt;py._xmlgen.raw object at 0x7f1dfdfe8390&gt;</skipped></testcase><testcase classname="src.pymortests.grid" file="src/pymortests/grid.py" line="422" name="test_boundaries_entries[&lt;lambda&gt;32]" time="0.0004343986511230469"><skipped message="Suite splitting in effect" type="pytest.skip">src/pymortests/grid.py:422: &lt;py._xmlgen.raw object at 0x7f1dfdf8a5f8&gt;</skipped></testcase><testcase classname="src.pymortests.grid" file="src/pymortests/grid.py" line="422" name="test_boundaries_entries[&lt;lambda&gt;33]" time="0.00044846534729003906"><skipped message="Suite splitting in effect" type="pytest.skip">src/pymortests/grid.py:422: &lt;py._xmlgen.raw object at 0x7f1dd489ce10&gt;</skipped></testcase><testcase classname="src.pymortests.grid" file="src/pymortests/grid.py" line="422" name="test_boundaries_entries[&lt;lambda&gt;34]" time="0.0004329681396484375"><skipped message="Suite splitting in effect" type="pytest.skip">src/pymortests/grid.py:422: &lt;py._xmlgen.raw object at 0x7f1dd483d080&gt;</skipped></testcase><testcase classname="src.pymortests.grid" file="src/pymortests/grid.py" line="422" name="test_boundaries_entries[&lt;lambda&gt;35]" time="0.0006990432739257812"><skipped message="Suite splitting in effect" type="pytest.skip">src/pymortests/grid.py:422: &lt;py._xmlgen.raw object at 0x7f1dd483d550&gt;</skipped></testcase><testcase classname="src.pymortests.grid" file="src/pymortests/grid.py" line="422" name="test_boundaries_entries[&lt;lambda&gt;36]" time="0.0004162788391113281"><skipped message="Suite splitting in effect" type="pytest.skip">src/pymortests/grid.py:422: &lt;py._xmlgen.raw object at 0x7f1dd489ce48&gt;</skipped></testcase><testcase classname="src.pymortests.grid" file="src/pymortests/grid.py" line="422" name="test_boundaries_entries[&lt;lambda&gt;37]" time="0.0004622936248779297"><skipped message="Suite splitting in effect" type="pytest.skip">src/pymortests/grid.py:422: &lt;py._xmlgen.raw object at 0x7f1dfdfd8f60&gt;</skipped></testcase><testcase classname="src.pymortests.grid" file="src/pymortests/grid.py" line="422" name="test_boundaries_entries[&lt;lambda&gt;38]" time="0.0004563331604003906"><skipped message="Suite splitting in effect" type="pytest.skip">src/pymortests/grid.py:422: &lt;py._xmlgen.raw object at 0x7f1dd4891748&gt;</skipped></testcase><testcase classname="src.pymortests.grid" file="src/pymortests/grid.py" line="422" name="test_boundaries_entries[&lt;lambda&gt;39]" time="0.0004394054412841797"><skipped message="Suite splitting in effect" type="pytest.skip">src/pymortests/grid.py:422: &lt;py._xmlgen.raw object at 0x7f1dd48a8dd8&gt;</skipped></testcase><testcase classname="src.pymortests.grid" file="src/pymortests/grid.py" line="422" name="test_boundaries_entries[&lt;lambda&gt;40]" time="0.0004525184631347656"><skipped message="Suite splitting in effect" type="pytest.skip">src/pymortests/grid.py:422: &lt;py._xmlgen.raw object at 0x7f1dd48b2198&gt;</skipped></testcase><testcase classname="src.pymortests.grid" file="src/pymortests/grid.py" line="422" name="test_boundaries_entries[&lt;lambda&gt;41]" time="0.0004298686981201172"><skipped message="Suite splitting in effect" type="pytest.skip">src/pymortests/grid.py:422: &lt;py._xmlgen.raw object at 0x7f1dd48b2d68&gt;</skipped></testcase><testcase classname="src.pymortests.grid" file="src/pymortests/grid.py" line="422" name="test_boundaries_entries[&lt;lambda&gt;42]" time="0.0004248619079589844"><skipped message="Suite splitting in effect" type="pytest.skip">src/pymortests/grid.py:422: &lt;py._xmlgen.raw object at 0x7f1dd483d4a8&gt;</skipped></testcase><testcase classname="src.pymortests.grid" file="src/pymortests/grid.py" line="428" name="test_pickle[&lt;lambda&gt;0]" time="0.0007381439208984375"><skipped message="Suite splitting in effect" type="pytest.skip">src/pymortests/grid.py:428: &lt;py._xmlgen.raw object at 0x7f1dd483db70&gt;</skipped></testcase><testcase classname="src.pymortests.grid" file="src/pymortests/grid.py" line="428" name="test_pickle[&lt;lambda&gt;1]" time="0.00041794776916503906"><skipped message="Suite splitting in effect" type="pytest.skip">src/pymortests/grid.py:428: &lt;py._xmlgen.raw object at 0x7f1dd48b2198&gt;</skipped></testcase><testcase classname="src.pymortests.grid" file="src/pymortests/grid.py" line="428" name="test_pickle[&lt;lambda&gt;2]" time="0.0004394054412841797"><skipped message="Suite splitting in effect" type="pytest.skip">src/pymortests/grid.py:428: &lt;py._xmlgen.raw object at 0x7f1dd48a84a8&gt;</skipped></testcase><testcase classname="src.pymortests.grid" file="src/pymortests/grid.py" line="428" name="test_pickle[&lt;lambda&gt;3]" time="0.0004506111145019531"><skipped message="Suite splitting in effect" type="pytest.skip">src/pymortests/grid.py:428: &lt;py._xmlgen.raw object at 0x7f1dfe0259b0&gt;</skipped></testcase><testcase classname="src.pymortests.grid" file="src/pymortests/grid.py" line="428" name="test_pickle[&lt;lambda&gt;4]" time="0.00043272972106933594"><skipped message="Suite splitting in effect" type="pytest.skip">src/pymortests/grid.py:428: &lt;py._xmlgen.raw object at 0x7f1dfdf8a898&gt;</skipped></testcase><testcase classname="src.pymortests.grid" file="src/pymortests/grid.py" line="428" name="test_pickle[&lt;lambda&gt;5]" time="0.0004112720489501953"><skipped message="Suite splitting in effect" type="pytest.skip">src/pymortests/grid.py:428: &lt;py._xmlgen.raw object at 0x7f1dd48eef28&gt;</skipped></testcase><testcase classname="src.pymortests.grid" file="src/pymortests/grid.py" line="428" name="test_pickle[&lt;lambda&gt;6]" time="0.0004107952117919922"><skipped message="Suite splitting in effect" type="pytest.skip">src/pymortests/grid.py:428: &lt;py._xmlgen.raw object at 0x7f1dd483d048&gt;</skipped></testcase><testcase classname="src.pymortests.grid" file="src/pymortests/grid.py" line="428" name="test_pickle[&lt;lambda&gt;7]" time="0.0004115104675292969"><skipped message="Suite splitting in effect" type="pytest.skip">src/pymortests/grid.py:428: &lt;py._xmlgen.raw object at 0x7f1dd483d358&gt;</skipped></testcase><testcase classname="src.pymortests.grid" file="src/pymortests/grid.py" line="428" name="test_pickle[&lt;lambda&gt;8]" time="0.0007073879241943359"><skipped message="Suite splitting in effect" type="pytest.skip">src/pymortests/grid.py:428: &lt;py._xmlgen.raw object at 0x7f1dd48491d0&gt;</skipped></testcase><testcase classname="src.pymortests.grid" file="src/pymortests/grid.py" line="428" name="test_pickle[&lt;lambda&gt;9]" time="0.00044465065002441406"><skipped message="Suite splitting in effect" type="pytest.skip">src/pymortests/grid.py:428: &lt;py._xmlgen.raw object at 0x7f1dd483d198&gt;</skipped></testcase><testcase classname="src.pymortests.grid" file="src/pymortests/grid.py" line="428" name="test_pickle[&lt;lambda&gt;10]" time="0.0004165172576904297"><skipped message="Suite splitting in effect" type="pytest.skip">src/pymortests/grid.py:428: &lt;py._xmlgen.raw object at 0x7f1dfdff9dd8&gt;</skipped></testcase><testcase classname="src.pymortests.grid" file="src/pymortests/grid.py" line="428" name="test_pickle[&lt;lambda&gt;11]" time="0.00043272972106933594"><skipped message="Suite splitting in effect" type="pytest.skip">src/pymortests/grid.py:428: &lt;py._xmlgen.raw object at 0x7f1dfdf8a0b8&gt;</skipped></testcase><testcase classname="src.pymortests.grid" file="src/pymortests/grid.py" line="428" name="test_pickle[&lt;lambda&gt;12]" time="0.0004088878631591797"><skipped message="Suite splitting in effect" type="pytest.skip">src/pymortests/grid.py:428: &lt;py._xmlgen.raw object at 0x7f1dd4891ef0&gt;</skipped></testcase><testcase classname="src.pymortests.grid" file="src/pymortests/grid.py" line="428" name="test_pickle[&lt;lambda&gt;13]" time="0.00040984153747558594"><skipped message="Suite splitting in effect" type="pytest.skip">src/pymortests/grid.py:428: &lt;py._xmlgen.raw object at 0x7f1dd48a8f60&gt;</skipped></testcase><testcase classname="src.pymortests.grid" file="src/pymortests/grid.py" line="428" name="test_pickle[&lt;lambda&gt;14]" time="0.0004191398620605469"><skipped message="Suite splitting in effect" type="pytest.skip">src/pymortests/grid.py:428: &lt;py._xmlgen.raw object at 0x7f1dd48b2f98&gt;</skipped></testcase><testcase classname="src.pymortests.grid" file="src/pymortests/grid.py" line="428" name="test_pickle[&lt;lambda&gt;15]" time="0.0004153251647949219"><skipped message="Suite splitting in effect" type="pytest.skip">src/pymortests/grid.py:428: &lt;py._xmlgen.raw object at 0x7f1dd4849048&gt;</skipped></testcase><testcase classname="src.pymortests.grid" file="src/pymortests/grid.py" line="428" name="test_pickle[&lt;lambda&gt;16]" time="0.0009617805480957031"><skipped message="Suite splitting in effect" type="pytest.skip">src/pymortests/grid.py:428: &lt;py._xmlgen.raw object at 0x7f1dd48497f0&gt;</skipped></testcase><testcase classname="src.pymortests.grid" file="src/pymortests/grid.py" line="428" name="test_pickle[&lt;lambda&gt;17]" time="0.00041174888610839844"><skipped message="Suite splitting in effect" type="pytest.skip">src/pymortests/grid.py:428: &lt;py._xmlgen.raw object at 0x7f1dfdf8a9e8&gt;</skipped></testcase><testcase classname="src.pymortests.grid" file="src/pymortests/grid.py" line="428" name="test_pickle[&lt;lambda&gt;18]" time="0.00040841102600097656"><skipped message="Suite splitting in effect" type="pytest.skip">src/pymortests/grid.py:428: &lt;py._xmlgen.raw object at 0x7f1dd483dda0&gt;</skipped></testcase><testcase classname="src.pymortests.grid" file="src/pymortests/grid.py" line="428" name="test_pickle[&lt;lambda&gt;19]" time="0.0004336833953857422"><skipped message="Suite splitting in effect" type="pytest.skip">src/pymortests/grid.py:428: &lt;py._xmlgen.raw object at 0x7f1dd483dfd0&gt;</skipped></testcase><testcase classname="src.pymortests.grid" file="src/pymortests/grid.py" line="428" name="test_pickle[&lt;lambda&gt;20]" time="0.00043320655822753906"><skipped message="Suite splitting in effect" type="pytest.skip">src/pymortests/grid.py:428: &lt;py._xmlgen.raw object at 0x7f1dfdff9748&gt;</skipped></testcase><testcase classname="src.pymortests.grid" file="src/pymortests/grid.py" line="428" name="test_pickle[&lt;lambda&gt;21]" time="0.00046515464782714844"><skipped message="Suite splitting in effect" type="pytest.skip">src/pymortests/grid.py:428: &lt;py._xmlgen.raw object at 0x7f1dd48b2780&gt;</skipped></testcase><testcase classname="src.pymortests.grid" file="src/pymortests/grid.py" line="428" name="test_pickle[&lt;lambda&gt;22]" time="0.000423431396484375"><skipped message="Suite splitting in effect" type="pytest.skip">src/pymortests/grid.py:428: &lt;py._xmlgen.raw object at 0x7f1dd48a8438&gt;</skipped></testcase><testcase classname="src.pymortests.grid" file="src/pymortests/grid.py" line="428" name="test_pickle[&lt;lambda&gt;23]" time="0.00044536590576171875"><skipped message="Suite splitting in effect" type="pytest.skip">src/pymortests/grid.py:428: &lt;py._xmlgen.raw object at 0x7f1dd4891d68&gt;</skipped></testcase><testcase classname="src.pymortests.grid" file="src/pymortests/grid.py" line="428" name="test_pickle[&lt;lambda&gt;24]" time="0.0004096031188964844"><skipped message="Suite splitting in effect" type="pytest.skip">src/pymortests/grid.py:428: &lt;py._xmlgen.raw object at 0x7f1dd48cdf98&gt;</skipped></testcase><testcase classname="src.pymortests.grid" file="src/pymortests/grid.py" line="428" name="test_pickle[&lt;lambda&gt;25]" time="0.0007119178771972656"><skipped message="Suite splitting in effect" type="pytest.skip">src/pymortests/grid.py:428: &lt;py._xmlgen.raw object at 0x7f1dd49317f0&gt;</skipped></testcase><testcase classname="src.pymortests.grid" file="src/pymortests/grid.py" line="428" name="test_pickle[&lt;lambda&gt;26]" time="0.0004291534423828125"><skipped message="Suite splitting in effect" type="pytest.skip">src/pymortests/grid.py:428: &lt;py._xmlgen.raw object at 0x7f1dfdfc3ac8&gt;</skipped></testcase><testcase classname="src.pymortests.grid" file="src/pymortests/grid.py" line="428" name="test_pickle[&lt;lambda&gt;27]" time="0.0004646778106689453"><skipped message="Suite splitting in effect" type="pytest.skip">src/pymortests/grid.py:428: &lt;py._xmlgen.raw object at 0x7f1dd48b2b00&gt;</skipped></testcase><testcase classname="src.pymortests.grid" file="src/pymortests/grid.py" line="428" name="test_pickle[&lt;lambda&gt;28]" time="0.0004105567932128906"><skipped message="Suite splitting in effect" type="pytest.skip">src/pymortests/grid.py:428: &lt;py._xmlgen.raw object at 0x7f1dd483da20&gt;</skipped></testcase><testcase classname="src.pymortests.grid" file="src/pymortests/grid.py" line="428" name="test_pickle[&lt;lambda&gt;29]" time="0.00041604042053222656"><skipped message="Suite splitting in effect" type="pytest.skip">src/pymortests/grid.py:428: &lt;py._xmlgen.raw object at 0x7f1dd483df28&gt;</skipped></testcase><testcase classname="src.pymortests.grid" file="src/pymortests/grid.py" line="428" name="test_pickle[&lt;lambda&gt;30]" time="0.0004024505615234375"><skipped message="Suite splitting in effect" type="pytest.skip">src/pymortests/grid.py:428: &lt;py._xmlgen.raw object at 0x7f1dfdfaf4e0&gt;</skipped></testcase><testcase classname="src.pymortests.grid" file="src/pymortests/grid.py" line="428" name="test_pickle[&lt;lambda&gt;31]" time="0.00041747093200683594"><skipped message="Suite splitting in effect" type="pytest.skip">src/pymortests/grid.py:428: &lt;py._xmlgen.raw object at 0x7f1dfdf8ab38&gt;</skipped></testcase><testcase classname="src.pymortests.grid" file="src/pymortests/grid.py" line="428" name="test_pickle[&lt;lambda&gt;32]" time="0.00042748451232910156"><skipped message="Suite splitting in effect" type="pytest.skip">src/pymortests/grid.py:428: &lt;py._xmlgen.raw object at 0x7f1dd4849978&gt;</skipped></testcase><testcase classname="src.pymortests.grid" file="src/pymortests/grid.py" line="428" name="test_pickle[&lt;lambda&gt;33]" time="0.0006966590881347656"><skipped message="Suite splitting in effect" type="pytest.skip">src/pymortests/grid.py:428: &lt;py._xmlgen.raw object at 0x7f1dfe0880b8&gt;</skipped></testcase><testcase classname="src.pymortests.grid" file="src/pymortests/grid.py" line="428" name="test_pickle[&lt;lambda&gt;34]" time="0.0004029273986816406"><skipped message="Suite splitting in effect" type="pytest.skip">src/pymortests/grid.py:428: &lt;py._xmlgen.raw object at 0x7f1dfdfaf390&gt;</skipped></testcase><testcase classname="src.pymortests.grid" file="src/pymortests/grid.py" line="428" name="test_pickle[&lt;lambda&gt;35]" time="0.00041365623474121094"><skipped message="Suite splitting in effect" type="pytest.skip">src/pymortests/grid.py:428: &lt;py._xmlgen.raw object at 0x7f1dd483d8d0&gt;</skipped></testcase><testcase classname="src.pymortests.grid" file="src/pymortests/grid.py" line="428" name="test_pickle[&lt;lambda&gt;36]" time="0.00041675567626953125"><skipped message="Suite splitting in effect" type="pytest.skip">src/pymortests/grid.py:428: &lt;py._xmlgen.raw object at 0x7f1dd483d5f8&gt;</skipped></testcase><testcase classname="src.pymortests.grid" file="src/pymortests/grid.py" line="428" name="test_pickle[&lt;lambda&gt;37]" time="0.00043654441833496094"><skipped message="Suite splitting in effect" type="pytest.skip">src/pymortests/grid.py:428: &lt;py._xmlgen.raw object at 0x7f1dd48b2908&gt;</skipped></testcase><testcase classname="src.pymortests.grid" file="src/pymortests/grid.py" line="428" name="test_pickle[&lt;lambda&gt;38]" time="0.0004525184631347656"><skipped message="Suite splitting in effect" type="pytest.skip">src/pymortests/grid.py:428: &lt;py._xmlgen.raw object at 0x7f1dd48a8630&gt;</skipped></testcase><testcase classname="src.pymortests.grid" file="src/pymortests/grid.py" line="428" name="test_pickle[&lt;lambda&gt;39]" time="0.00041794776916503906"><skipped message="Suite splitting in effect" type="pytest.skip">src/pymortests/grid.py:428: &lt;py._xmlgen.raw object at 0x7f1dd4849550&gt;</skipped></testcase><testcase classname="src.pymortests.grid" file="src/pymortests/grid.py" line="428" name="test_pickle[&lt;lambda&gt;40]" time="0.0004291534423828125"><skipped message="Suite splitting in effect" type="pytest.skip">src/pymortests/grid.py:428: &lt;py._xmlgen.raw object at 0x7f1dd4849cf8&gt;</skipped></testcase><testcase classname="src.pymortests.grid" file="src/pymortests/grid.py" line="428" name="test_pickle[&lt;lambda&gt;41]" time="0.0006830692291259766"><skipped message="Suite splitting in effect" type="pytest.skip">src/pymortests/grid.py:428: &lt;py._xmlgen.raw object at 0x7f1dd4857278&gt;</skipped></testcase><testcase classname="src.pymortests.grid" file="src/pymortests/grid.py" line="428" name="test_pickle[&lt;lambda&gt;42]" time="0.0004355907440185547"><skipped message="Suite splitting in effect" type="pytest.skip">src/pymortests/grid.py:428: &lt;py._xmlgen.raw object at 0x7f1dd4849208&gt;</skipped></testcase><testcase classname="src.pymortests.grid" file="src/pymortests/grid.py" line="432" name="test_visualize[&lt;lambda&gt;0]" time="0.00043272972106933594"><skipped message="Suite splitting in effect" type="pytest.skip">src/pymortests/grid.py:432: &lt;py._xmlgen.raw object at 0x7f1dd48a80f0&gt;</skipped></testcase><testcase classname="src.pymortests.grid" file="src/pymortests/grid.py" line="432" name="test_visualize[&lt;lambda&gt;1]" time="0.00041961669921875"><skipped message="Suite splitting in effect" type="pytest.skip">src/pymortests/grid.py:432: &lt;py._xmlgen.raw object at 0x7f1dd48b2f28&gt;</skipped></testcase><testcase classname="src.pymortests.grid" file="src/pymortests/grid.py" line="432" name="test_visualize[&lt;lambda&gt;2]" time="0.00041294097900390625"><skipped message="Suite splitting in effect" type="pytest.skip">src/pymortests/grid.py:432: &lt;py._xmlgen.raw object at 0x7f1dd483d748&gt;</skipped></testcase><testcase classname="src.pymortests.grid" file="src/pymortests/grid.py" line="432" name="test_visualize[&lt;lambda&gt;3]" time="0.00042057037353515625"><skipped message="Suite splitting in effect" type="pytest.skip">src/pymortests/grid.py:432: &lt;py._xmlgen.raw object at 0x7f1dfdfbe4e0&gt;</skipped></testcase><testcase classname="src.pymortests.grid" file="src/pymortests/grid.py" line="432" name="test_visualize[&lt;lambda&gt;4]" time="0.0004119873046875"><skipped message="Suite splitting in effect" type="pytest.skip">src/pymortests/grid.py:432: &lt;py._xmlgen.raw object at 0x7f1dfdf8ad30&gt;</skipped></testcase><testcase classname="src.pymortests.grid" file="src/pymortests/grid.py" line="432" name="test_visualize[&lt;lambda&gt;5]" time="0.00042724609375"><skipped message="Suite splitting in effect" type="pytest.skip">src/pymortests/grid.py:432: &lt;py._xmlgen.raw object at 0x7f1dd4857160&gt;</skipped></testcase><testcase classname="src.pymortests.grid" file="src/pymortests/grid.py" line="432" name="test_visualize[&lt;lambda&gt;6]" time="0.0007669925689697266"><skipped message="Suite splitting in effect" type="pytest.skip">src/pymortests/grid.py:432: &lt;py._xmlgen.raw object at 0x7f1dd48577b8&gt;</skipped></testcase><testcase classname="src.pymortests.grid" file="src/pymortests/grid.py" line="432" name="test_visualize[&lt;lambda&gt;7]" time="0.00043392181396484375"><skipped message="Suite splitting in effect" type="pytest.skip">src/pymortests/grid.py:432: &lt;py._xmlgen.raw object at 0x7f1dfdf8ae80&gt;</skipped></testcase><testcase classname="src.pymortests.grid" file="src/pymortests/grid.py" line="432" name="test_visualize[&lt;lambda&gt;8]" time="0.0004096031188964844"><skipped message="Suite splitting in effect" type="pytest.skip">src/pymortests/grid.py:432: &lt;py._xmlgen.raw object at 0x7f1dfdff97f0&gt;</skipped></testcase><testcase classname="src.pymortests.grid" file="src/pymortests/grid.py" line="432" name="test_visualize[&lt;lambda&gt;9]" time="0.00041604042053222656"><skipped message="Suite splitting in effect" type="pytest.skip">src/pymortests/grid.py:432: &lt;py._xmlgen.raw object at 0x7f1dd48b2ac8&gt;</skipped></testcase><testcase classname="src.pymortests.grid" file="src/pymortests/grid.py" line="432" name="test_visualize[&lt;lambda&gt;10]" time="0.0004010200500488281"><skipped message="Suite splitting in effect" type="pytest.skip">src/pymortests/grid.py:432: &lt;py._xmlgen.raw object at 0x7f1dd48a8c88&gt;</skipped></testcase><testcase classname="src.pymortests.grid" file="src/pymortests/grid.py" line="432" name="test_visualize[&lt;lambda&gt;11]" time="0.0004036426544189453"><skipped message="Suite splitting in effect" type="pytest.skip">src/pymortests/grid.py:432: &lt;py._xmlgen.raw object at 0x7f1dd4849400&gt;</skipped></testcase><testcase classname="src.pymortests.grid" file="src/pymortests/grid.py" line="432" name="test_visualize[&lt;lambda&gt;12]" time="0.00041675567626953125"><skipped message="Suite splitting in effect" type="pytest.skip">src/pymortests/grid.py:432: &lt;py._xmlgen.raw object at 0x7f1dd4891b70&gt;</skipped></testcase><testcase classname="src.pymortests.grid" file="src/pymortests/grid.py" line="432" name="test_visualize[&lt;lambda&gt;13]" time="0.0004494190216064453"><skipped message="Suite splitting in effect" type="pytest.skip">src/pymortests/grid.py:432: &lt;py._xmlgen.raw object at 0x7f1dd4857198&gt;</skipped></testcase><testcase classname="src.pymortests.grid" file="src/pymortests/grid.py" line="432" name="test_visualize[&lt;lambda&gt;14]" time="0.0007085800170898438"><skipped message="Suite splitting in effect" type="pytest.skip">src/pymortests/grid.py:432: &lt;py._xmlgen.raw object at 0x7f1dd4857dd8&gt;</skipped></testcase><testcase classname="src.pymortests.grid" file="src/pymortests/grid.py" line="432" name="test_visualize[&lt;lambda&gt;15]" time="0.0004036426544189453"><skipped message="Suite splitting in effect" type="pytest.skip">src/pymortests/grid.py:432: &lt;py._xmlgen.raw object at 0x7f1dd4849e80&gt;</skipped></testcase><testcase classname="src.pymortests.grid" file="src/pymortests/grid.py" line="432" name="test_visualize[&lt;lambda&gt;16]" time="0.0004222393035888672"><skipped message="Suite splitting in effect" type="pytest.skip">src/pymortests/grid.py:432: &lt;py._xmlgen.raw object at 0x7f1dfdf4f4e0&gt;</skipped></testcase><testcase classname="src.pymortests.grid" file="src/pymortests/grid.py" line="432" name="test_visualize[&lt;lambda&gt;17]" time="0.000461578369140625"><skipped message="Suite splitting in effect" type="pytest.skip">src/pymortests/grid.py:432: &lt;py._xmlgen.raw object at 0x7f1dd483d7b8&gt;</skipped></testcase><testcase classname="src.pymortests.grid" file="src/pymortests/grid.py" line="432" name="test_visualize[&lt;lambda&gt;18]" time="0.0004496574401855469"><skipped message="Suite splitting in effect" type="pytest.skip">src/pymortests/grid.py:432: &lt;py._xmlgen.raw object at 0x7f1dfdfbe2e8&gt;</skipped></testcase><testcase classname="src.pymortests.grid" file="src/pymortests/grid.py" line="432" name="test_visualize[&lt;lambda&gt;19]" time="0.0004467964172363281"><skipped message="Suite splitting in effect" type="pytest.skip">src/pymortests/grid.py:432: &lt;py._xmlgen.raw object at 0x7f1dfdfafcc0&gt;</skipped></testcase><testcase classname="src.pymortests.grid" file="src/pymortests/grid.py" line="432" name="test_visualize[&lt;lambda&gt;20]" time="0.00042891502380371094"><skipped message="Suite splitting in effect" type="pytest.skip">src/pymortests/grid.py:432: &lt;py._xmlgen.raw object at 0x7f1dd4857a58&gt;</skipped></testcase><testcase classname="src.pymortests.grid" file="src/pymortests/grid.py" line="432" name="test_visualize[&lt;lambda&gt;21]" time="0.0004119873046875"><skipped message="Suite splitting in effect" type="pytest.skip">src/pymortests/grid.py:432: &lt;py._xmlgen.raw object at 0x7f1dd4857358&gt;</skipped></testcase><testcase classname="src.pymortests.grid" file="src/pymortests/grid.py" line="432" name="test_visualize[&lt;lambda&gt;22]" time="0.0008611679077148438"><skipped message="Suite splitting in effect" type="pytest.skip">src/pymortests/grid.py:432: &lt;py._xmlgen.raw object at 0x7f1dd4863438&gt;</skipped></testcase><testcase classname="src.pymortests.grid" file="src/pymortests/grid.py" line="432" name="test_visualize[&lt;lambda&gt;23]" time="0.0004069805145263672"><skipped message="Suite splitting in effect" type="pytest.skip">src/pymortests/grid.py:432: &lt;py._xmlgen.raw object at 0x7f1dd4857be0&gt;</skipped></testcase><testcase classname="src.pymortests.grid" file="src/pymortests/grid.py" line="432" name="test_visualize[&lt;lambda&gt;24]" time="0.00041961669921875"><skipped message="Suite splitting in effect" type="pytest.skip">src/pymortests/grid.py:432: &lt;py._xmlgen.raw object at 0x7f1dfdfafb70&gt;</skipped></testcase><testcase classname="src.pymortests.grid" file="src/pymortests/grid.py" line="432" name="test_visualize[&lt;lambda&gt;25]" time="0.0004487037658691406"><skipped message="Suite splitting in effect" type="pytest.skip">src/pymortests/grid.py:432: &lt;py._xmlgen.raw object at 0x7f1dd48b2780&gt;</skipped></testcase><testcase classname="src.pymortests.grid" file="src/pymortests/grid.py" line="432" name="test_visualize[&lt;lambda&gt;26]" time="0.00043511390686035156"><skipped message="Suite splitting in effect" type="pytest.skip">src/pymortests/grid.py:432: &lt;py._xmlgen.raw object at 0x7f1dd483dbe0&gt;</skipped></testcase><testcase classname="src.pymortests.grid" file="src/pymortests/grid.py" line="432" name="test_visualize[&lt;lambda&gt;27]" time="0.0004374980926513672"><skipped message="Suite splitting in effect" type="pytest.skip">src/pymortests/grid.py:432: &lt;py._xmlgen.raw object at 0x7f1dd48a8470&gt;</skipped></testcase><testcase classname="src.pymortests.grid" file="src/pymortests/grid.py" line="432" name="test_visualize[&lt;lambda&gt;28]" time="0.0004534721374511719"><skipped message="Suite splitting in effect" type="pytest.skip">src/pymortests/grid.py:432: &lt;py._xmlgen.raw object at 0x7f1dd4849d30&gt;</skipped></testcase><testcase classname="src.pymortests.grid" file="src/pymortests/grid.py" line="432" name="test_visualize[&lt;lambda&gt;29]" time="0.0004229545593261719"><skipped message="Suite splitting in effect" type="pytest.skip">src/pymortests/grid.py:432: &lt;py._xmlgen.raw object at 0x7f1dd48632b0&gt;</skipped></testcase><testcase classname="src.pymortests.grid" file="src/pymortests/grid.py" line="432" name="test_visualize[&lt;lambda&gt;30]" time="0.0007224082946777344"><skipped message="Suite splitting in effect" type="pytest.skip">src/pymortests/grid.py:432: &lt;py._xmlgen.raw object at 0x7f1dd4863a58&gt;</skipped></testcase><testcase classname="src.pymortests.gui" file="src/pymortests/gui.py" line="26" name="test_visualize_patch[backend_gridtype0]" time="0.0005173683166503906"><skipped message="Suite splitting in effect" type="pytest.skip">src/pymortests/gui.py:26: &lt;py._xmlgen.raw object at 0x7f1dd48a8470&gt;</skipped></testcase><testcase classname="src.pymortests.gui" file="src/pymortests/gui.py" line="26" name="test_visualize_patch[backend_gridtype1]" time="0.0004169940948486328"><skipped message="Suite splitting in effect" type="pytest.skip">src/pymortests/gui.py:26: &lt;py._xmlgen.raw object at 0x7f1dd483d358&gt;</skipped></testcase><testcase classname="src.pymortests.gui" file="src/pymortests/gui.py" line="26" name="test_visualize_patch[backend_gridtype2]" time="0.0004398822784423828"><skipped message="Suite splitting in effect" type="pytest.skip">src/pymortests/gui.py:26: &lt;py._xmlgen.raw object at 0x7f1dd48b2780&gt;</skipped></testcase><testcase classname="src.pymortests.la" file="src/pymortests/la.py" line="13" name="test_induced" time="0.0005385875701904297"><skipped message="Suite splitting in effect" type="pytest.skip">src/pymortests/la.py:13: &lt;py._xmlgen.raw object at 0x7f1dfdfaf390&gt;</skipped></testcase><testcase classname="src.pymortests.lyapunov" file="src/pymortests/lyapunov.py" line="72" name="test_cgf_dense[scipy-1-200]" time="0.00051116943359375"><skipped message="Suite splitting in effect" type="pytest.skip">src/pymortests/lyapunov.py:72: &lt;py._xmlgen.raw object at 0x7f1dd4857160&gt;</skipped></testcase><testcase classname="src.pymortests.lyapunov" file="src/pymortests/lyapunov.py" line="72" name="test_cgf_dense[scipy-1-300]" time="0.00043320655822753906"><skipped message="Suite splitting in effect" type="pytest.skip">src/pymortests/lyapunov.py:72: &lt;py._xmlgen.raw object at 0x7f1dd48636d8&gt;</skipped></testcase><testcase classname="src.pymortests.lyapunov" file="src/pymortests/lyapunov.py" line="72" name="test_cgf_dense[scipy-2-200]" time="0.0004191398620605469"><skipped message="Suite splitting in effect" type="pytest.skip">src/pymortests/lyapunov.py:72: &lt;py._xmlgen.raw object at 0x7f1dd48631d0&gt;</skipped></testcase><testcase classname="src.pymortests.lyapunov" file="src/pymortests/lyapunov.py" line="72" name="test_cgf_dense[scipy-2-300]" time="0.000732421875"><skipped message="Suite splitting in effect" type="pytest.skip">src/pymortests/lyapunov.py:72: &lt;py._xmlgen.raw object at 0x7f1dd4869198&gt;</skipped></testcase><testcase classname="src.pymortests.lyapunov" file="src/pymortests/lyapunov.py" line="72" name="test_cgf_dense[slycot-1-200]" time="0.0004432201385498047"><skipped message="Suite splitting in effect" type="pytest.skip">src/pymortests/lyapunov.py:72: &lt;py._xmlgen.raw object at 0x7f1dd4863198&gt;</skipped></testcase><testcase classname="src.pymortests.lyapunov" file="src/pymortests/lyapunov.py" line="72" name="test_cgf_dense[slycot-1-300]" time="0.000415802001953125"><skipped message="Suite splitting in effect" type="pytest.skip">src/pymortests/lyapunov.py:72: &lt;py._xmlgen.raw object at 0x7f1dd48576a0&gt;</skipped></testcase><testcase classname="src.pymortests.lyapunov" file="src/pymortests/lyapunov.py" line="72" name="test_cgf_dense[slycot-2-200]" time="0.0004069805145263672"><skipped message="Suite splitting in effect" type="pytest.skip">src/pymortests/lyapunov.py:72: &lt;py._xmlgen.raw object at 0x7f1dd4857b70&gt;</skipped></testcase><testcase classname="src.pymortests.lyapunov" file="src/pymortests/lyapunov.py" line="72" name="test_cgf_dense[slycot-2-300]" time="0.00040984153747558594"><skipped message="Suite splitting in effect" type="pytest.skip">src/pymortests/lyapunov.py:72: &lt;py._xmlgen.raw object at 0x7f1dfdfbe438&gt;</skipped></testcase><testcase classname="src.pymortests.lyapunov" file="src/pymortests/lyapunov.py" line="72" name="test_cgf_dense[pymess_lyap-1-200]" time="0.0004138946533203125"><skipped message="Suite splitting in effect" type="pytest.skip">src/pymortests/lyapunov.py:72: &lt;py._xmlgen.raw object at 0x7f1dd483d358&gt;</skipped></testcase><testcase classname="src.pymortests.lyapunov" file="src/pymortests/lyapunov.py" line="72" name="test_cgf_dense[pymess_lyap-1-300]" time="0.000438690185546875"><skipped message="Suite splitting in effect" type="pytest.skip">src/pymortests/lyapunov.py:72: &lt;py._xmlgen.raw object at 0x7f1dd48a8048&gt;</skipped></testcase><testcase classname="src.pymortests.lyapunov" file="src/pymortests/lyapunov.py" line="72" name="test_cgf_dense[pymess_lyap-2-200]" time="0.000431060791015625"><skipped message="Suite splitting in effect" type="pytest.skip">src/pymortests/lyapunov.py:72: &lt;py._xmlgen.raw object at 0x7f1dd4869048&gt;</skipped></testcase><testcase classname="src.pymortests.lyapunov" file="src/pymortests/lyapunov.py" line="72" name="test_cgf_dense[pymess_lyap-2-300]" time="0.0007030963897705078"><skipped message="Suite splitting in effect" type="pytest.skip">src/pymortests/lyapunov.py:72: &lt;py._xmlgen.raw object at 0x7f1dd48697b8&gt;</skipped></testcase><testcase classname="src.pymortests.lyapunov" file="src/pymortests/lyapunov.py" line="72" name="test_cgf_dense[pymess_lradi-1-200]" time="0.000408172607421875"><skipped message="Suite splitting in effect" type="pytest.skip">src/pymortests/lyapunov.py:72: &lt;py._xmlgen.raw object at 0x7f1dfdf4fe10&gt;</skipped></testcase><testcase classname="src.pymortests.lyapunov" file="src/pymortests/lyapunov.py" line="72" name="test_cgf_dense[pymess_lradi-1-300]" time="0.00042438507080078125"><skipped message="Suite splitting in effect" type="pytest.skip">src/pymortests/lyapunov.py:72: &lt;py._xmlgen.raw object at 0x7f1dd48b2f60&gt;</skipped></testcase><testcase classname="src.pymortests.lyapunov" file="src/pymortests/lyapunov.py" line="72" name="test_cgf_dense[pymess_lradi-2-200]" time="0.0004076957702636719"><skipped message="Suite splitting in effect" type="pytest.skip">src/pymortests/lyapunov.py:72: &lt;py._xmlgen.raw object at 0x7f1dfdfafb70&gt;</skipped></testcase><testcase classname="src.pymortests.lyapunov" file="src/pymortests/lyapunov.py" line="72" name="test_cgf_dense[pymess_lradi-2-300]" time="0.00041866302490234375"><skipped message="Suite splitting in effect" type="pytest.skip">src/pymortests/lyapunov.py:72: &lt;py._xmlgen.raw object at 0x7f1dfaa57f60&gt;</skipped></testcase><testcase classname="src.pymortests.lyapunov" file="src/pymortests/lyapunov.py" line="72" name="test_cgf_dense[lradi-1-200]" time="0.0004711151123046875"><skipped message="Suite splitting in effect" type="pytest.skip">src/pymortests/lyapunov.py:72: &lt;py._xmlgen.raw object at 0x7f1dd4863b70&gt;</skipped></testcase><testcase classname="src.pymortests.lyapunov" file="src/pymortests/lyapunov.py" line="72" name="test_cgf_dense[lradi-1-300]" time="0.0004467964172363281"><skipped message="Suite splitting in effect" type="pytest.skip">src/pymortests/lyapunov.py:72: &lt;py._xmlgen.raw object at 0x7f1dd4863e48&gt;</skipped></testcase><testcase classname="src.pymortests.lyapunov" file="src/pymortests/lyapunov.py" line="72" name="test_cgf_dense[lradi-2-200]" time="0.0004329681396484375"><skipped message="Suite splitting in effect" type="pytest.skip">src/pymortests/lyapunov.py:72: &lt;py._xmlgen.raw object at 0x7f1dd4869048&gt;</skipped></testcase><testcase classname="src.pymortests.lyapunov" file="src/pymortests/lyapunov.py" line="72" name="test_cgf_dense[lradi-2-300]" time="0.0006914138793945312"><skipped message="Suite splitting in effect" type="pytest.skip">src/pymortests/lyapunov.py:72: &lt;py._xmlgen.raw object at 0x7f1dd4869dd8&gt;</skipped></testcase><testcase classname="src.pymortests.lyapunov" file="src/pymortests/lyapunov.py" line="92" name="test_cgf_dense_E[slycot-1-200]" time="0.00043582916259765625"><skipped message="Suite splitting in effect" type="pytest.skip">src/pymortests/lyapunov.py:92: &lt;py._xmlgen.raw object at 0x7f1dd4863d68&gt;</skipped></testcase><testcase classname="src.pymortests.lyapunov" file="src/pymortests/lyapunov.py" line="92" name="test_cgf_dense_E[slycot-1-300]" time="0.0004513263702392578"><skipped message="Suite splitting in effect" type="pytest.skip">src/pymortests/lyapunov.py:92: &lt;py._xmlgen.raw object at 0x7f1dd48576a0&gt;</skipped></testcase><testcase classname="src.pymortests.lyapunov" file="src/pymortests/lyapunov.py" line="92" name="test_cgf_dense_E[slycot-2-200]" time="0.00042748451232910156"><skipped message="Suite splitting in effect" type="pytest.skip">src/pymortests/lyapunov.py:92: &lt;py._xmlgen.raw object at 0x7f1dfe0880b8&gt;</skipped></testcase><testcase classname="src.pymortests.lyapunov" file="src/pymortests/lyapunov.py" line="92" name="test_cgf_dense_E[slycot-2-300]" time="0.0004093647003173828"><skipped message="Suite splitting in effect" type="pytest.skip">src/pymortests/lyapunov.py:92: &lt;py._xmlgen.raw object at 0x7f1dfdf5f0f0&gt;</skipped></testcase><testcase classname="src.pymortests.lyapunov" file="src/pymortests/lyapunov.py" line="92" name="test_cgf_dense_E[pymess_lyap-1-200]" time="0.0004124641418457031"><skipped message="Suite splitting in effect" type="pytest.skip">src/pymortests/lyapunov.py:92: &lt;py._xmlgen.raw object at 0x7f1dd4849b70&gt;</skipped></testcase><testcase classname="src.pymortests.lyapunov" file="src/pymortests/lyapunov.py" line="92" name="test_cgf_dense_E[pymess_lyap-1-300]" time="0.0004093647003173828"><skipped message="Suite splitting in effect" type="pytest.skip">src/pymortests/lyapunov.py:92: &lt;py._xmlgen.raw object at 0x7f1dd4869a90&gt;</skipped></testcase><testcase classname="src.pymortests.lyapunov" file="src/pymortests/lyapunov.py" line="92" name="test_cgf_dense_E[pymess_lyap-2-200]" time="0.00044846534729003906"><skipped message="Suite splitting in effect" type="pytest.skip">src/pymortests/lyapunov.py:92: &lt;py._xmlgen.raw object at 0x7f1dd4869320&gt;</skipped></testcase><testcase classname="src.pymortests.lyapunov" file="src/pymortests/lyapunov.py" line="92" name="test_cgf_dense_E[pymess_lyap-2-300]" time="0.0007226467132568359"><skipped message="Suite splitting in effect" type="pytest.skip">src/pymortests/lyapunov.py:92: &lt;py._xmlgen.raw object at 0x7f1dd4876438&gt;</skipped></testcase><testcase classname="src.pymortests.lyapunov" file="src/pymortests/lyapunov.py" line="92" name="test_cgf_dense_E[pymess_lradi-1-200]" time="0.00040340423583984375"><skipped message="Suite splitting in effect" type="pytest.skip">src/pymortests/lyapunov.py:92: &lt;py._xmlgen.raw object at 0x7f1dd48699b0&gt;</skipped></testcase><testcase classname="src.pymortests.lyapunov" file="src/pymortests/lyapunov.py" line="92" name="test_cgf_dense_E[pymess_lradi-1-300]" time="0.00042366981506347656"><skipped message="Suite splitting in effect" type="pytest.skip">src/pymortests/lyapunov.py:92: &lt;py._xmlgen.raw object at 0x7f1dfdf4f390&gt;</skipped></testcase><testcase classname="src.pymortests.lyapunov" file="src/pymortests/lyapunov.py" line="92" name="test_cgf_dense_E[pymess_lradi-2-200]" time="0.0004253387451171875"><skipped message="Suite splitting in effect" type="pytest.skip">src/pymortests/lyapunov.py:92: &lt;py._xmlgen.raw object at 0x7f1dfdf5f9b0&gt;</skipped></testcase><testcase classname="src.pymortests.lyapunov" file="src/pymortests/lyapunov.py" line="92" name="test_cgf_dense_E[pymess_lradi-2-300]" time="0.00043320655822753906"><skipped message="Suite splitting in effect" type="pytest.skip">src/pymortests/lyapunov.py:92: &lt;py._xmlgen.raw object at 0x7f1dfaa74550&gt;</skipped></testcase><testcase classname="src.pymortests.lyapunov" file="src/pymortests/lyapunov.py" line="92" name="test_cgf_dense_E[lradi-1-200]" time="0.0004439353942871094"><skipped message="Suite splitting in effect" type="pytest.skip">src/pymortests/lyapunov.py:92: &lt;py._xmlgen.raw object at 0x7f1dfaa67a20&gt;</skipped></testcase><testcase classname="src.pymortests.lyapunov" file="src/pymortests/lyapunov.py" line="92" name="test_cgf_dense_E[lradi-1-300]" time="0.0004367828369140625"><skipped message="Suite splitting in effect" type="pytest.skip">src/pymortests/lyapunov.py:92: &lt;py._xmlgen.raw object at 0x7f1dd4863f28&gt;</skipped></testcase><testcase classname="src.pymortests.lyapunov" file="src/pymortests/lyapunov.py" line="92" name="test_cgf_dense_E[lradi-2-200]" time="0.0004379749298095703"><skipped message="Suite splitting in effect" type="pytest.skip">src/pymortests/lyapunov.py:92: &lt;py._xmlgen.raw object at 0x7f1dd48762b0&gt;</skipped></testcase><testcase classname="src.pymortests.lyapunov" file="src/pymortests/lyapunov.py" line="92" name="test_cgf_dense_E[lradi-2-300]" time="0.0009613037109375"><skipped message="Suite splitting in effect" type="pytest.skip">src/pymortests/lyapunov.py:92: &lt;py._xmlgen.raw object at 0x7f1dd4876a58&gt;</skipped></testcase><testcase classname="src.pymortests.lyapunov" file="src/pymortests/lyapunov.py" line="120" name="test_cgf_sparse[scipy-1-200]" time="0.00043392181396484375"><skipped message="Suite splitting in effect" type="pytest.skip">src/pymortests/lyapunov.py:120: &lt;py._xmlgen.raw object at 0x7f1dfaa74be0&gt;</skipped></testcase><testcase classname="src.pymortests.lyapunov" file="src/pymortests/lyapunov.py" line="120" name="test_cgf_sparse[scipy-1-300]" time="0.0004265308380126953"><skipped message="Suite splitting in effect" type="pytest.skip">src/pymortests/lyapunov.py:120: &lt;py._xmlgen.raw object at 0x7f1dd48b2ac8&gt;</skipped></testcase><testcase classname="src.pymortests.lyapunov" file="src/pymortests/lyapunov.py" line="120" name="test_cgf_sparse[scipy-2-200]" time="0.0004038810729980469"><skipped message="Suite splitting in effect" type="pytest.skip">src/pymortests/lyapunov.py:120: &lt;py._xmlgen.raw object at 0x7f1dd4869a90&gt;</skipped></testcase><testcase classname="src.pymortests.lyapunov" file="src/pymortests/lyapunov.py" line="120" name="test_cgf_sparse[scipy-2-300]" time="0.00043654441833496094"><skipped message="Suite splitting in effect" type="pytest.skip">src/pymortests/lyapunov.py:120: &lt;py._xmlgen.raw object at 0x7f1dd4869dd8&gt;</skipped></testcase><testcase classname="src.pymortests.lyapunov" file="src/pymortests/lyapunov.py" line="120" name="test_cgf_sparse[slycot-1-200]" time="0.00042247772216796875"><skipped message="Suite splitting in effect" type="pytest.skip">src/pymortests/lyapunov.py:120: &lt;py._xmlgen.raw object at 0x7f1dd4863f60&gt;</skipped></testcase><testcase classname="src.pymortests.lyapunov" file="src/pymortests/lyapunov.py" line="120" name="test_cgf_sparse[slycot-1-300]" time="0.00044274330139160156"><skipped message="Suite splitting in effect" type="pytest.skip">src/pymortests/lyapunov.py:120: &lt;py._xmlgen.raw object at 0x7f1dd48570b8&gt;</skipped></testcase><testcase classname="src.pymortests.lyapunov" file="src/pymortests/lyapunov.py" line="120" name="test_cgf_sparse[slycot-2-200]" time="0.0004355907440185547"><skipped message="Suite splitting in effect" type="pytest.skip">src/pymortests/lyapunov.py:120: &lt;py._xmlgen.raw object at 0x7f1dd4849b70&gt;</skipped></testcase><testcase classname="src.pymortests.lyapunov" file="src/pymortests/lyapunov.py" line="120" name="test_cgf_sparse[slycot-2-300]" time="0.00043320655822753906"><skipped message="Suite splitting in effect" type="pytest.skip">src/pymortests/lyapunov.py:120: &lt;py._xmlgen.raw object at 0x7f1dd489cc18&gt;</skipped></testcase><testcase classname="src.pymortests.lyapunov" file="src/pymortests/lyapunov.py" line="120" name="test_cgf_sparse[pymess_lyap-1-200]" time="0.0006959438323974609"><skipped message="Suite splitting in effect" type="pytest.skip">src/pymortests/lyapunov.py:120: &lt;py._xmlgen.raw object at 0x7f1dfdf99d68&gt;</skipped></testcase><testcase classname="src.pymortests.lyapunov" file="src/pymortests/lyapunov.py" line="120" name="test_cgf_sparse[pymess_lyap-1-300]" time="0.00041365623474121094"><skipped message="Suite splitting in effect" type="pytest.skip">src/pymortests/lyapunov.py:120: &lt;py._xmlgen.raw object at 0x7f1dd4857668&gt;</skipped></testcase><testcase classname="src.pymortests.lyapunov" file="src/pymortests/lyapunov.py" line="120" name="test_cgf_sparse[pymess_lyap-2-200]" time="0.00040650367736816406"><skipped message="Suite splitting in effect" type="pytest.skip">src/pymortests/lyapunov.py:120: &lt;py._xmlgen.raw object at 0x7f1dd4863f98&gt;</skipped></testcase><testcase classname="src.pymortests.lyapunov" file="src/pymortests/lyapunov.py" line="120" name="test_cgf_sparse[pymess_lyap-2-300]" time="0.0004210472106933594"><skipped message="Suite splitting in effect" type="pytest.skip">src/pymortests/lyapunov.py:120: &lt;py._xmlgen.raw object at 0x7f1dd48695c0&gt;</skipped></testcase><testcase classname="src.pymortests.lyapunov" file="src/pymortests/lyapunov.py" line="120" name="test_cgf_sparse[pymess_lradi-1-200]" time="0.0004665851593017578"><skipped message="Suite splitting in effect" type="pytest.skip">src/pymortests/lyapunov.py:120: &lt;py._xmlgen.raw object at 0x7f1dfdf4fa20&gt;</skipped></testcase><testcase classname="src.pymortests.lyapunov" file="src/pymortests/lyapunov.py" line="120" name="test_cgf_sparse[pymess_lradi-1-300]" time="0.0004363059997558594"><skipped message="Suite splitting in effect" type="pytest.skip">src/pymortests/lyapunov.py:120: &lt;py._xmlgen.raw object at 0x7f1dfaa83240&gt;</skipped></testcase><testcase classname="src.pymortests.lyapunov" file="src/pymortests/lyapunov.py" line="120" name="test_cgf_sparse[pymess_lradi-2-200]" time="0.0004467964172363281"><skipped message="Suite splitting in effect" type="pytest.skip">src/pymortests/lyapunov.py:120: &lt;py._xmlgen.raw object at 0x7f1dfaa67630&gt;</skipped></testcase><testcase classname="src.pymortests.lyapunov" file="src/pymortests/lyapunov.py" line="120" name="test_cgf_sparse[pymess_lradi-2-300]" time="0.00044798851013183594"><skipped message="Suite splitting in effect" type="pytest.skip">src/pymortests/lyapunov.py:120: &lt;py._xmlgen.raw object at 0x7f1dd4876860&gt;</skipped></testcase><testcase classname="src.pymortests.lyapunov" file="src/pymortests/lyapunov.py" line="120" name="test_cgf_sparse[lradi-1-200]" time="0.0006959438323974609"><skipped message="Suite splitting in effect" type="pytest.skip">src/pymortests/lyapunov.py:120: &lt;py._xmlgen.raw object at 0x7f1dfaa67ac8&gt;</skipped></testcase><testcase classname="src.pymortests.lyapunov" file="src/pymortests/lyapunov.py" line="120" name="test_cgf_sparse[lradi-1-300]" time="0.00044846534729003906"><skipped message="Suite splitting in effect" type="pytest.skip">src/pymortests/lyapunov.py:120: &lt;py._xmlgen.raw object at 0x7f1dfaa83198&gt;</skipped></testcase><testcase classname="src.pymortests.lyapunov" file="src/pymortests/lyapunov.py" line="120" name="test_cgf_sparse[lradi-2-200]" time="0.00043654441833496094"><skipped message="Suite splitting in effect" type="pytest.skip">src/pymortests/lyapunov.py:120: &lt;py._xmlgen.raw object at 0x7f1dd4869f28&gt;</skipped></testcase><testcase classname="src.pymortests.lyapunov" file="src/pymortests/lyapunov.py" line="120" name="test_cgf_sparse[lradi-2-300]" time="0.00043773651123046875"><skipped message="Suite splitting in effect" type="pytest.skip">src/pymortests/lyapunov.py:120: &lt;py._xmlgen.raw object at 0x7f1dd4869780&gt;</skipped></testcase><testcase classname="src.pymortests.lyapunov" file="src/pymortests/lyapunov.py" line="141" name="test_cgf_sparse_E[slycot-1-200]" time="0.0004608631134033203"><skipped message="Suite splitting in effect" type="pytest.skip">src/pymortests/lyapunov.py:141: &lt;py._xmlgen.raw object at 0x7f1dd4863f60&gt;</skipped></testcase><testcase classname="src.pymortests.lyapunov" file="src/pymortests/lyapunov.py" line="141" name="test_cgf_sparse_E[slycot-1-300]" time="0.00042724609375"><skipped message="Suite splitting in effect" type="pytest.skip">src/pymortests/lyapunov.py:141: &lt;py._xmlgen.raw object at 0x7f1dd4849668&gt;</skipped></testcase><testcase classname="src.pymortests.lyapunov" file="src/pymortests/lyapunov.py" line="141" name="test_cgf_sparse_E[slycot-2-200]" time="0.0004291534423828125"><skipped message="Suite splitting in effect" type="pytest.skip">src/pymortests/lyapunov.py:141: &lt;py._xmlgen.raw object at 0x7f1dd4876be0&gt;</skipped></testcase><testcase classname="src.pymortests.lyapunov" file="src/pymortests/lyapunov.py" line="141" name="test_cgf_sparse_E[slycot-2-300]" time="0.0004107952117919922"><skipped message="Suite splitting in effect" type="pytest.skip">src/pymortests/lyapunov.py:141: &lt;py._xmlgen.raw object at 0x7f1dd4876f60&gt;</skipped></testcase><testcase classname="src.pymortests.lyapunov" file="src/pymortests/lyapunov.py" line="141" name="test_cgf_sparse_E[pymess_lyap-1-200]" time="0.000736236572265625"><skipped message="Suite splitting in effect" type="pytest.skip">src/pymortests/lyapunov.py:141: &lt;py._xmlgen.raw object at 0x7f1dd48034e0&gt;</skipped></testcase><testcase classname="src.pymortests.lyapunov" file="src/pymortests/lyapunov.py" line="141" name="test_cgf_sparse_E[pymess_lyap-1-300]" time="0.0004169940948486328"><skipped message="Suite splitting in effect" type="pytest.skip">src/pymortests/lyapunov.py:141: &lt;py._xmlgen.raw object at 0x7f1dd4876358&gt;</skipped></testcase><testcase classname="src.pymortests.lyapunov" file="src/pymortests/lyapunov.py" line="141" name="test_cgf_sparse_E[pymess_lyap-2-200]" time="0.0004248619079589844"><skipped message="Suite splitting in effect" type="pytest.skip">src/pymortests/lyapunov.py:141: &lt;py._xmlgen.raw object at 0x7f1dd4857d30&gt;</skipped></testcase><testcase classname="src.pymortests.lyapunov" file="src/pymortests/lyapunov.py" line="141" name="test_cgf_sparse_E[pymess_lyap-2-300]" time="0.00040602684020996094"><skipped message="Suite splitting in effect" type="pytest.skip">src/pymortests/lyapunov.py:141: &lt;py._xmlgen.raw object at 0x7f1dd4863438&gt;</skipped></testcase><testcase classname="src.pymortests.lyapunov" file="src/pymortests/lyapunov.py" line="141" name="test_cgf_sparse_E[pymess_lradi-1-200]" time="0.00040984153747558594"><skipped message="Suite splitting in effect" type="pytest.skip">src/pymortests/lyapunov.py:141: &lt;py._xmlgen.raw object at 0x7f1dd48699e8&gt;</skipped></testcase><testcase classname="src.pymortests.lyapunov" file="src/pymortests/lyapunov.py" line="141" name="test_cgf_sparse_E[pymess_lradi-1-300]" time="0.0004405975341796875"><skipped message="Suite splitting in effect" type="pytest.skip">src/pymortests/lyapunov.py:141: &lt;py._xmlgen.raw object at 0x7f1dfaa94198&gt;</skipped></testcase><testcase classname="src.pymortests.lyapunov" file="src/pymortests/lyapunov.py" line="141" name="test_cgf_sparse_E[pymess_lradi-2-200]" time="0.0004456043243408203"><skipped message="Suite splitting in effect" type="pytest.skip">src/pymortests/lyapunov.py:141: &lt;py._xmlgen.raw object at 0x7f1dfaa83fd0&gt;</skipped></testcase><testcase classname="src.pymortests.lyapunov" file="src/pymortests/lyapunov.py" line="141" name="test_cgf_sparse_E[pymess_lradi-2-300]" time="0.0004761219024658203"><skipped message="Suite splitting in effect" type="pytest.skip">src/pymortests/lyapunov.py:141: &lt;py._xmlgen.raw object at 0x7f1dd4803080&gt;</skipped></testcase><testcase classname="src.pymortests.lyapunov" file="src/pymortests/lyapunov.py" line="141" name="test_cgf_sparse_E[lradi-1-200]" time="0.0007348060607910156"><skipped message="Suite splitting in effect" type="pytest.skip">src/pymortests/lyapunov.py:141: &lt;py._xmlgen.raw object at 0x7f1dd4803a20&gt;</skipped></testcase><testcase classname="src.pymortests.lyapunov" file="src/pymortests/lyapunov.py" line="141" name="test_cgf_sparse_E[lradi-1-300]" time="0.0004124641418457031"><skipped message="Suite splitting in effect" type="pytest.skip">src/pymortests/lyapunov.py:141: &lt;py._xmlgen.raw object at 0x7f1dfaa74a90&gt;</skipped></testcase><testcase classname="src.pymortests.lyapunov" file="src/pymortests/lyapunov.py" line="141" name="test_cgf_sparse_E[lradi-2-200]" time="0.0004260540008544922"><skipped message="Suite splitting in effect" type="pytest.skip">src/pymortests/lyapunov.py:141: &lt;py._xmlgen.raw object at 0x7f1dfdf4f8d0&gt;</skipped></testcase><testcase classname="src.pymortests.lyapunov" file="src/pymortests/lyapunov.py" line="141" name="test_cgf_sparse_E[lradi-2-300]" time="0.00042247772216796875"><skipped message="Suite splitting in effect" type="pytest.skip">src/pymortests/lyapunov.py:141: &lt;py._xmlgen.raw object at 0x7f1dd4863470&gt;</skipped></testcase><testcase classname="src.pymortests.lyapunov" file="src/pymortests/lyapunov.py" line="169" name="test_ogf_dense[scipy-1-200]" time="0.00044655799865722656"><skipped message="Suite splitting in effect" type="pytest.skip">src/pymortests/lyapunov.py:169: &lt;py._xmlgen.raw object at 0x7f1dd489c550&gt;</skipped></testcase><testcase classname="src.pymortests.lyapunov" file="src/pymortests/lyapunov.py" line="169" name="test_ogf_dense[scipy-1-300]" time="0.0004425048828125"><skipped message="Suite splitting in effect" type="pytest.skip">src/pymortests/lyapunov.py:169: &lt;py._xmlgen.raw object at 0x7f1dd4876908&gt;</skipped></testcase><testcase classname="src.pymortests.lyapunov" file="src/pymortests/lyapunov.py" line="169" name="test_ogf_dense[scipy-2-200]" time="0.000423431396484375"><skipped message="Suite splitting in effect" type="pytest.skip">src/pymortests/lyapunov.py:169: &lt;py._xmlgen.raw object at 0x7f1dd4803a90&gt;</skipped></testcase><testcase classname="src.pymortests.lyapunov" file="src/pymortests/lyapunov.py" line="169" name="test_ogf_dense[scipy-2-300]" time="0.0004265308380126953"><skipped message="Suite splitting in effect" type="pytest.skip">src/pymortests/lyapunov.py:169: &lt;py._xmlgen.raw object at 0x7f1dd48032e8&gt;</skipped></testcase><testcase classname="src.pymortests.lyapunov" file="src/pymortests/lyapunov.py" line="169" name="test_ogf_dense[slycot-1-200]" time="0.0007047653198242188"><skipped message="Suite splitting in effect" type="pytest.skip">src/pymortests/lyapunov.py:169: &lt;py._xmlgen.raw object at 0x7f1dd480e080&gt;</skipped></testcase><testcase classname="src.pymortests.lyapunov" file="src/pymortests/lyapunov.py" line="169" name="test_ogf_dense[slycot-1-300]" time="0.0004372596740722656"><skipped message="Suite splitting in effect" type="pytest.skip">src/pymortests/lyapunov.py:169: &lt;py._xmlgen.raw object at 0x7f1dd4803588&gt;</skipped></testcase><testcase classname="src.pymortests.lyapunov" file="src/pymortests/lyapunov.py" line="169" name="test_ogf_dense[slycot-2-200]" time="0.000461578369140625"><skipped message="Suite splitting in effect" type="pytest.skip">src/pymortests/lyapunov.py:169: &lt;py._xmlgen.raw object at 0x7f1dd4876e10&gt;</skipped></testcase><testcase classname="src.pymortests.lyapunov" file="src/pymortests/lyapunov.py" line="169" name="test_ogf_dense[slycot-2-300]" time="0.0004277229309082031"><skipped message="Suite splitting in effect" type="pytest.skip">src/pymortests/lyapunov.py:169: &lt;py._xmlgen.raw object at 0x7f1dd4849668&gt;</skipped></testcase><testcase classname="src.pymortests.lyapunov" file="src/pymortests/lyapunov.py" line="169" name="test_ogf_dense[pymess_lyap-1-200]" time="0.0004181861877441406"><skipped message="Suite splitting in effect" type="pytest.skip">src/pymortests/lyapunov.py:169: &lt;py._xmlgen.raw object at 0x7f1dd4863f60&gt;</skipped></testcase><testcase classname="src.pymortests.lyapunov" file="src/pymortests/lyapunov.py" line="169" name="test_ogf_dense[pymess_lyap-1-300]" time="0.00041222572326660156"><skipped message="Suite splitting in effect" type="pytest.skip">src/pymortests/lyapunov.py:169: &lt;py._xmlgen.raw object at 0x7f1dd48b2ac8&gt;</skipped></testcase><testcase classname="src.pymortests.lyapunov" file="src/pymortests/lyapunov.py" line="169" name="test_ogf_dense[pymess_lyap-2-200]" time="0.0004112720489501953"><skipped message="Suite splitting in effect" type="pytest.skip">src/pymortests/lyapunov.py:169: &lt;py._xmlgen.raw object at 0x7f1dfdf5f9b0&gt;</skipped></testcase><testcase classname="src.pymortests.lyapunov" file="src/pymortests/lyapunov.py" line="169" name="test_ogf_dense[pymess_lyap-2-300]" time="0.00042700767517089844"><skipped message="Suite splitting in effect" type="pytest.skip">src/pymortests/lyapunov.py:169: &lt;py._xmlgen.raw object at 0x7f1dd480e198&gt;</skipped></testcase><testcase classname="src.pymortests.lyapunov" file="src/pymortests/lyapunov.py" line="169" name="test_ogf_dense[pymess_lradi-1-200]" time="0.0007369518280029297"><skipped message="Suite splitting in effect" type="pytest.skip">src/pymortests/lyapunov.py:169: &lt;py._xmlgen.raw object at 0x7f1dd480e6a0&gt;</skipped></testcase><testcase classname="src.pymortests.lyapunov" file="src/pymortests/lyapunov.py" line="169" name="test_ogf_dense[pymess_lradi-1-300]" time="0.000431060791015625"><skipped message="Suite splitting in effect" type="pytest.skip">src/pymortests/lyapunov.py:169: &lt;py._xmlgen.raw object at 0x7f1dfaa94c88&gt;</skipped></testcase><testcase classname="src.pymortests.lyapunov" file="src/pymortests/lyapunov.py" line="169" name="test_ogf_dense[pymess_lradi-2-200]" time="0.0004067420959472656"><skipped message="Suite splitting in effect" type="pytest.skip">src/pymortests/lyapunov.py:169: &lt;py._xmlgen.raw object at 0x7f1dd48696d8&gt;</skipped></testcase><testcase classname="src.pymortests.lyapunov" file="src/pymortests/lyapunov.py" line="169" name="test_ogf_dense[pymess_lradi-2-300]" time="0.0004086494445800781"><skipped message="Suite splitting in effect" type="pytest.skip">src/pymortests/lyapunov.py:169: &lt;py._xmlgen.raw object at 0x7f1dd489c550&gt;</skipped></testcase><testcase classname="src.pymortests.lyapunov" file="src/pymortests/lyapunov.py" line="169" name="test_ogf_dense[lradi-1-200]" time="0.0004401206970214844"><skipped message="Suite splitting in effect" type="pytest.skip">src/pymortests/lyapunov.py:169: &lt;py._xmlgen.raw object at 0x7f1dd4876048&gt;</skipped></testcase><testcase classname="src.pymortests.lyapunov" file="src/pymortests/lyapunov.py" line="169" name="test_ogf_dense[lradi-1-300]" time="0.0004532337188720703"><skipped message="Suite splitting in effect" type="pytest.skip">src/pymortests/lyapunov.py:169: &lt;py._xmlgen.raw object at 0x7f1dd4803898&gt;</skipped></testcase><testcase classname="src.pymortests.lyapunov" file="src/pymortests/lyapunov.py" line="169" name="test_ogf_dense[lradi-2-200]" time="0.00043845176696777344"><skipped message="Suite splitting in effect" type="pytest.skip">src/pymortests/lyapunov.py:169: &lt;py._xmlgen.raw object at 0x7f1dd48032e8&gt;</skipped></testcase><testcase classname="src.pymortests.lyapunov" file="src/pymortests/lyapunov.py" line="169" name="test_ogf_dense[lradi-2-300]" time="0.0004379749298095703"><skipped message="Suite splitting in effect" type="pytest.skip">src/pymortests/lyapunov.py:169: &lt;py._xmlgen.raw object at 0x7f1dd480e320&gt;</skipped></testcase><testcase classname="src.pymortests.lyapunov" file="src/pymortests/lyapunov.py" line="189" name="test_ogf_dense_E[slycot-1-200]" time="0.0007374286651611328"><skipped message="Suite splitting in effect" type="pytest.skip">src/pymortests/lyapunov.py:189: &lt;py._xmlgen.raw object at 0x7f1dd480ecc0&gt;</skipped></testcase><testcase classname="src.pymortests.lyapunov" file="src/pymortests/lyapunov.py" line="189" name="test_ogf_dense_E[slycot-1-300]" time="0.0004088878631591797"><skipped message="Suite splitting in effect" type="pytest.skip">src/pymortests/lyapunov.py:189: &lt;py._xmlgen.raw object at 0x7f1dd4803128&gt;</skipped></testcase><testcase classname="src.pymortests.lyapunov" file="src/pymortests/lyapunov.py" line="189" name="test_ogf_dense_E[slycot-2-200]" time="0.00043392181396484375"><skipped message="Suite splitting in effect" type="pytest.skip">src/pymortests/lyapunov.py:189: &lt;py._xmlgen.raw object at 0x7f1dd4876cc0&gt;</skipped></testcase><testcase classname="src.pymortests.lyapunov" file="src/pymortests/lyapunov.py" line="189" name="test_ogf_dense_E[slycot-2-300]" time="0.0004496574401855469"><skipped message="Suite splitting in effect" type="pytest.skip">src/pymortests/lyapunov.py:189: &lt;py._xmlgen.raw object at 0x7f1dd48576a0&gt;</skipped></testcase><testcase classname="src.pymortests.lyapunov" file="src/pymortests/lyapunov.py" line="189" name="test_ogf_dense_E[pymess_lyap-1-200]" time="0.0004343986511230469"><skipped message="Suite splitting in effect" type="pytest.skip">src/pymortests/lyapunov.py:189: &lt;py._xmlgen.raw object at 0x7f1dd4869f28&gt;</skipped></testcase><testcase classname="src.pymortests.lyapunov" file="src/pymortests/lyapunov.py" line="189" name="test_ogf_dense_E[pymess_lyap-1-300]" time="0.00041866302490234375"><skipped message="Suite splitting in effect" type="pytest.skip">src/pymortests/lyapunov.py:189: &lt;py._xmlgen.raw object at 0x7f1dfaa83fd0&gt;</skipped></testcase><testcase classname="src.pymortests.lyapunov" file="src/pymortests/lyapunov.py" line="189" name="test_ogf_dense_E[pymess_lyap-2-200]" time="0.00041174888610839844"><skipped message="Suite splitting in effect" type="pytest.skip">src/pymortests/lyapunov.py:189: &lt;py._xmlgen.raw object at 0x7f1dd480e1d0&gt;</skipped></testcase><testcase classname="src.pymortests.lyapunov" file="src/pymortests/lyapunov.py" line="189" name="test_ogf_dense_E[pymess_lyap-2-300]" time="0.00043010711669921875"><skipped message="Suite splitting in effect" type="pytest.skip">src/pymortests/lyapunov.py:189: &lt;py._xmlgen.raw object at 0x7f1dd480e518&gt;</skipped></testcase><testcase classname="src.pymortests.lyapunov" file="src/pymortests/lyapunov.py" line="189" name="test_ogf_dense_E[pymess_lradi-1-200]" time="0.0007350444793701172"><skipped message="Suite splitting in effect" type="pytest.skip">src/pymortests/lyapunov.py:189: &lt;py._xmlgen.raw object at 0x7f1dd4818320&gt;</skipped></testcase><testcase classname="src.pymortests.lyapunov" file="src/pymortests/lyapunov.py" line="189" name="test_ogf_dense_E[pymess_lradi-1-300]" time="0.0004374980926513672"><skipped message="Suite splitting in effect" type="pytest.skip">src/pymortests/lyapunov.py:189: &lt;py._xmlgen.raw object at 0x7f1dd480eba8&gt;</skipped></testcase><testcase classname="src.pymortests.lyapunov" file="src/pymortests/lyapunov.py" line="189" name="test_ogf_dense_E[pymess_lradi-2-200]" time="0.00044155120849609375"><skipped message="Suite splitting in effect" type="pytest.skip">src/pymortests/lyapunov.py:189: &lt;py._xmlgen.raw object at 0x7f1dfaa83fd0&gt;</skipped></testcase><testcase classname="src.pymortests.lyapunov" file="src/pymortests/lyapunov.py" line="189" name="test_ogf_dense_E[pymess_lradi-2-300]" time="0.0004153251647949219"><skipped message="Suite splitting in effect" type="pytest.skip">src/pymortests/lyapunov.py:189: &lt;py._xmlgen.raw object at 0x7f1dd4869a90&gt;</skipped></testcase><testcase classname="src.pymortests.lyapunov" file="src/pymortests/lyapunov.py" line="189" name="test_ogf_dense_E[lradi-1-200]" time="0.0004315376281738281"><skipped message="Suite splitting in effect" type="pytest.skip">src/pymortests/lyapunov.py:189: &lt;py._xmlgen.raw object at 0x7f1dd489c550&gt;</skipped></testcase><testcase classname="src.pymortests.lyapunov" file="src/pymortests/lyapunov.py" line="189" name="test_ogf_dense_E[lradi-1-300]" time="0.0004334449768066406"><skipped message="Suite splitting in effect" type="pytest.skip">src/pymortests/lyapunov.py:189: &lt;py._xmlgen.raw object at 0x7f1dfaa358d0&gt;</skipped></testcase><testcase classname="src.pymortests.lyapunov" file="src/pymortests/lyapunov.py" line="189" name="test_ogf_dense_E[lradi-2-200]" time="0.0004985332489013672"><skipped message="Suite splitting in effect" type="pytest.skip">src/pymortests/lyapunov.py:189: &lt;py._xmlgen.raw object at 0x7f1dd4803f28&gt;</skipped></testcase><testcase classname="src.pymortests.lyapunov" file="src/pymortests/lyapunov.py" line="189" name="test_ogf_dense_E[lradi-2-300]" time="0.00044989585876464844"><skipped message="Suite splitting in effect" type="pytest.skip">src/pymortests/lyapunov.py:189: &lt;py._xmlgen.raw object at 0x7f1dd4818198&gt;</skipped></testcase><testcase classname="src.pymortests.lyapunov" file="src/pymortests/lyapunov.py" line="217" name="test_ogf_sparse[scipy-1-200]" time="0.0007472038269042969"><skipped message="Suite splitting in effect" type="pytest.skip">src/pymortests/lyapunov.py:217: &lt;py._xmlgen.raw object at 0x7f1dd4818940&gt;</skipped></testcase><testcase classname="src.pymortests.lyapunov" file="src/pymortests/lyapunov.py" line="217" name="test_ogf_sparse[scipy-1-300]" time="0.00044274330139160156"><skipped message="Suite splitting in effect" type="pytest.skip">src/pymortests/lyapunov.py:217: &lt;py._xmlgen.raw object at 0x7f1dfaa35978&gt;</skipped></testcase><testcase classname="src.pymortests.lyapunov" file="src/pymortests/lyapunov.py" line="217" name="test_ogf_sparse[scipy-2-200]" time="0.00045299530029296875"><skipped message="Suite splitting in effect" type="pytest.skip">src/pymortests/lyapunov.py:217: &lt;py._xmlgen.raw object at 0x7f1dd4876400&gt;</skipped></testcase><testcase classname="src.pymortests.lyapunov" file="src/pymortests/lyapunov.py" line="217" name="test_ogf_sparse[scipy-2-300]" time="0.0004401206970214844"><skipped message="Suite splitting in effect" type="pytest.skip">src/pymortests/lyapunov.py:217: &lt;py._xmlgen.raw object at 0x7f1dfaa94d30&gt;</skipped></testcase><testcase classname="src.pymortests.lyapunov" file="src/pymortests/lyapunov.py" line="217" name="test_ogf_sparse[slycot-1-200]" time="0.00044226646423339844"><skipped message="Suite splitting in effect" type="pytest.skip">src/pymortests/lyapunov.py:217: &lt;py._xmlgen.raw object at 0x7f1dfaa83978&gt;</skipped></testcase><testcase classname="src.pymortests.lyapunov" file="src/pymortests/lyapunov.py" line="217" name="test_ogf_sparse[slycot-1-300]" time="0.0004420280456542969"><skipped message="Suite splitting in effect" type="pytest.skip">src/pymortests/lyapunov.py:217: &lt;py._xmlgen.raw object at 0x7f1dd480e1d0&gt;</skipped></testcase><testcase classname="src.pymortests.lyapunov" file="src/pymortests/lyapunov.py" line="217" name="test_ogf_sparse[slycot-2-200]" time="0.00043487548828125"><skipped message="Suite splitting in effect" type="pytest.skip">src/pymortests/lyapunov.py:217: &lt;py._xmlgen.raw object at 0x7f1dd4818a58&gt;</skipped></testcase><testcase classname="src.pymortests.lyapunov" file="src/pymortests/lyapunov.py" line="217" name="test_ogf_sparse[slycot-2-300]" time="0.00042319297790527344"><skipped message="Suite splitting in effect" type="pytest.skip">src/pymortests/lyapunov.py:217: &lt;py._xmlgen.raw object at 0x7f1dd4818390&gt;</skipped></testcase><testcase classname="src.pymortests.lyapunov" file="src/pymortests/lyapunov.py" line="217" name="test_ogf_sparse[pymess_lyap-1-200]" time="0.0007388591766357422"><skipped message="Suite splitting in effect" type="pytest.skip">src/pymortests/lyapunov.py:217: &lt;py._xmlgen.raw object at 0x7f1dd4818f60&gt;</skipped></testcase><testcase classname="src.pymortests.lyapunov" file="src/pymortests/lyapunov.py" line="217" name="test_ogf_sparse[pymess_lyap-1-300]" time="0.00041866302490234375"><skipped message="Suite splitting in effect" type="pytest.skip">src/pymortests/lyapunov.py:217: &lt;py._xmlgen.raw object at 0x7f1dd4818710&gt;</skipped></testcase><testcase classname="src.pymortests.lyapunov" file="src/pymortests/lyapunov.py" line="217" name="test_ogf_sparse[pymess_lyap-2-200]" time="0.0004334449768066406"><skipped message="Suite splitting in effect" type="pytest.skip">src/pymortests/lyapunov.py:217: &lt;py._xmlgen.raw object at 0x7f1dd480e208&gt;</skipped></testcase><testcase classname="src.pymortests.lyapunov" file="src/pymortests/lyapunov.py" line="217" name="test_ogf_sparse[pymess_lyap-2-300]" time="0.0005116462707519531"><skipped message="Suite splitting in effect" type="pytest.skip">src/pymortests/lyapunov.py:217: &lt;py._xmlgen.raw object at 0x7f1dfaa256a0&gt;</skipped></testcase><testcase classname="src.pymortests.lyapunov" file="src/pymortests/lyapunov.py" line="217" name="test_ogf_sparse[pymess_lradi-1-200]" time="0.00042700767517089844"><skipped message="Suite splitting in effect" type="pytest.skip">src/pymortests/lyapunov.py:217: &lt;py._xmlgen.raw object at 0x7f1dfaa94d30&gt;</skipped></testcase><testcase classname="src.pymortests.lyapunov" file="src/pymortests/lyapunov.py" line="217" name="test_ogf_sparse[pymess_lradi-1-300]" time="0.000457763671875"><skipped message="Suite splitting in effect" type="pytest.skip">src/pymortests/lyapunov.py:217: &lt;py._xmlgen.raw object at 0x7f1dfaa444a8&gt;</skipped></testcase><testcase classname="src.pymortests.lyapunov" file="src/pymortests/lyapunov.py" line="217" name="test_ogf_sparse[pymess_lradi-2-200]" time="0.0004475116729736328"><skipped message="Suite splitting in effect" type="pytest.skip">src/pymortests/lyapunov.py:217: &lt;py._xmlgen.raw object at 0x7f1dfaa53828&gt;</skipped></testcase><testcase classname="src.pymortests.lyapunov" file="src/pymortests/lyapunov.py" line="217" name="test_ogf_sparse[pymess_lradi-2-300]" time="0.00043201446533203125"><skipped message="Suite splitting in effect" type="pytest.skip">src/pymortests/lyapunov.py:217: &lt;py._xmlgen.raw object at 0x7f1dd4825080&gt;</skipped></testcase><testcase classname="src.pymortests.lyapunov" file="src/pymortests/lyapunov.py" line="217" name="test_ogf_sparse[lradi-1-200]" time="0.0007779598236083984"><skipped message="Suite splitting in effect" type="pytest.skip">src/pymortests/lyapunov.py:217: &lt;py._xmlgen.raw object at 0x7f1dd48255c0&gt;</skipped></testcase><testcase classname="src.pymortests.lyapunov" file="src/pymortests/lyapunov.py" line="217" name="test_ogf_sparse[lradi-1-300]" time="0.00043845176696777344"><skipped message="Suite splitting in effect" type="pytest.skip">src/pymortests/lyapunov.py:217: &lt;py._xmlgen.raw object at 0x7f1dfaa53588&gt;</skipped></testcase><testcase classname="src.pymortests.lyapunov" file="src/pymortests/lyapunov.py" line="217" name="test_ogf_sparse[lradi-2-200]" time="0.00042366981506347656"><skipped message="Suite splitting in effect" type="pytest.skip">src/pymortests/lyapunov.py:217: &lt;py._xmlgen.raw object at 0x7f1dfaa449e8&gt;</skipped></testcase><testcase classname="src.pymortests.lyapunov" file="src/pymortests/lyapunov.py" line="217" name="test_ogf_sparse[lradi-2-300]" time="0.0004608631134033203"><skipped message="Suite splitting in effect" type="pytest.skip">src/pymortests/lyapunov.py:217: &lt;py._xmlgen.raw object at 0x7f1dd4869518&gt;</skipped></testcase><testcase classname="src.pymortests.lyapunov" file="src/pymortests/lyapunov.py" line="238" name="test_ogf_sparse_E[slycot-1-200]" time="0.0004341602325439453"><skipped message="Suite splitting in effect" type="pytest.skip">src/pymortests/lyapunov.py:238: &lt;py._xmlgen.raw object at 0x7f1dd480eb38&gt;</skipped></testcase><testcase classname="src.pymortests.lyapunov" file="src/pymortests/lyapunov.py" line="238" name="test_ogf_sparse_E[slycot-1-300]" time="0.0004532337188720703"><skipped message="Suite splitting in effect" type="pytest.skip">src/pymortests/lyapunov.py:238: &lt;py._xmlgen.raw object at 0x7f1dd4818c88&gt;</skipped></testcase><testcase classname="src.pymortests.lyapunov" file="src/pymortests/lyapunov.py" line="238" name="test_ogf_sparse_E[slycot-2-200]" time="0.00041675567626953125"><skipped message="Suite splitting in effect" type="pytest.skip">src/pymortests/lyapunov.py:238: &lt;py._xmlgen.raw object at 0x7f1dd48184a8&gt;</skipped></testcase><testcase classname="src.pymortests.lyapunov" file="src/pymortests/lyapunov.py" line="238" name="test_ogf_sparse_E[slycot-2-300]" time="0.0004189014434814453"><skipped message="Suite splitting in effect" type="pytest.skip">src/pymortests/lyapunov.py:238: &lt;py._xmlgen.raw object at 0x7f1dd4825240&gt;</skipped></testcase><testcase classname="src.pymortests.lyapunov" file="src/pymortests/lyapunov.py" line="238" name="test_ogf_sparse_E[pymess_lyap-1-200]" time="0.0010268688201904297"><skipped message="Suite splitting in effect" type="pytest.skip">src/pymortests/lyapunov.py:238: &lt;py._xmlgen.raw object at 0x7f1dd4825be0&gt;</skipped></testcase><testcase classname="src.pymortests.lyapunov" file="src/pymortests/lyapunov.py" line="238" name="test_ogf_sparse_E[pymess_lyap-1-300]" time="0.0004258155822753906"><skipped message="Suite splitting in effect" type="pytest.skip">src/pymortests/lyapunov.py:238: &lt;py._xmlgen.raw object at 0x7f1dfaa44e10&gt;</skipped></testcase><testcase classname="src.pymortests.lyapunov" file="src/pymortests/lyapunov.py" line="238" name="test_ogf_sparse_E[pymess_lyap-2-200]" time="0.0004115104675292969"><skipped message="Suite splitting in effect" type="pytest.skip">src/pymortests/lyapunov.py:238: &lt;py._xmlgen.raw object at 0x7f1dfaa53828&gt;</skipped></testcase><testcase classname="src.pymortests.lyapunov" file="src/pymortests/lyapunov.py" line="238" name="test_ogf_sparse_E[pymess_lyap-2-300]" time="0.0004432201385498047"><skipped message="Suite splitting in effect" type="pytest.skip">src/pymortests/lyapunov.py:238: &lt;py._xmlgen.raw object at 0x7f1dd4818e10&gt;</skipped></testcase><testcase classname="src.pymortests.lyapunov" file="src/pymortests/lyapunov.py" line="238" name="test_ogf_sparse_E[pymess_lradi-1-200]" time="0.0004596710205078125"><skipped message="Suite splitting in effect" type="pytest.skip">src/pymortests/lyapunov.py:238: &lt;py._xmlgen.raw object at 0x7f1dd4818320&gt;</skipped></testcase><testcase classname="src.pymortests.lyapunov" file="src/pymortests/lyapunov.py" line="238" name="test_ogf_sparse_E[pymess_lradi-1-300]" time="0.0004391670227050781"><skipped message="Suite splitting in effect" type="pytest.skip">src/pymortests/lyapunov.py:238: &lt;py._xmlgen.raw object at 0x7f1dd480eba8&gt;</skipped></testcase><testcase classname="src.pymortests.lyapunov" file="src/pymortests/lyapunov.py" line="238" name="test_ogf_sparse_E[pymess_lradi-2-200]" time="0.0004391670227050781"><skipped message="Suite splitting in effect" type="pytest.skip">src/pymortests/lyapunov.py:238: &lt;py._xmlgen.raw object at 0x7f1dd4803be0&gt;</skipped></testcase><testcase classname="src.pymortests.lyapunov" file="src/pymortests/lyapunov.py" line="238" name="test_ogf_sparse_E[pymess_lradi-2-300]" time="0.00046634674072265625"><skipped message="Suite splitting in effect" type="pytest.skip">src/pymortests/lyapunov.py:238: &lt;py._xmlgen.raw object at 0x7f1dd48764e0&gt;</skipped></testcase><testcase classname="src.pymortests.lyapunov" file="src/pymortests/lyapunov.py" line="238" name="test_ogf_sparse_E[lradi-1-200]" time="0.00042819976806640625"><skipped message="Suite splitting in effect" type="pytest.skip">src/pymortests/lyapunov.py:238: &lt;py._xmlgen.raw object at 0x7f1dd489c9b0&gt;</skipped></testcase><testcase classname="src.pymortests.lyapunov" file="src/pymortests/lyapunov.py" line="238" name="test_ogf_sparse_E[lradi-1-300]" time="0.0007238388061523438"><skipped message="Suite splitting in effect" type="pytest.skip">src/pymortests/lyapunov.py:238: &lt;py._xmlgen.raw object at 0x7f1dfaa74c88&gt;</skipped></testcase><testcase classname="src.pymortests.lyapunov" file="src/pymortests/lyapunov.py" line="238" name="test_ogf_sparse_E[lradi-2-200]" time="0.0004639625549316406"><skipped message="Suite splitting in effect" type="pytest.skip">src/pymortests/lyapunov.py:238: &lt;py._xmlgen.raw object at 0x7f1dd4803b70&gt;</skipped></testcase><testcase classname="src.pymortests.lyapunov" file="src/pymortests/lyapunov.py" line="238" name="test_ogf_sparse_E[lradi-2-300]" time="0.00043010711669921875"><skipped message="Suite splitting in effect" type="pytest.skip">src/pymortests/lyapunov.py:238: &lt;py._xmlgen.raw object at 0x7f1dd480e710&gt;</skipped></testcase><testcase classname="src.pymortests.operators" file="src/pymortests/operators.py" line="21" name="test_selection_op" time="0.0005512237548828125"><skipped message="Suite splitting in effect" type="pytest.skip">src/pymortests/operators.py:21: &lt;py._xmlgen.raw object at 0x7f1dd4818780&gt;</skipped></testcase><testcase classname="src.pymortests.operators" file="src/pymortests/operators.py" line="53" name="test_lincomb_op" time="0.00044608116149902344"><skipped message="Suite splitting in effect" type="pytest.skip">src/pymortests/operators.py:53: &lt;py._xmlgen.raw object at 0x7f1dd4869a90&gt;</skipped></testcase><testcase classname="src.pymortests.operators" file="src/pymortests/operators.py" line="77" name="test_pickle[&lt;lambda&gt;0]" time="0.0004630088806152344"><skipped message="Suite splitting in effect" type="pytest.skip">src/pymortests/operators.py:77: &lt;py._xmlgen.raw object at 0x7f1dfaa449e8&gt;</skipped></testcase><testcase classname="src.pymortests.operators" file="src/pymortests/operators.py" line="77" name="test_pickle[&lt;lambda&gt;1]" time="0.0004425048828125"><skipped message="Suite splitting in effect" type="pytest.skip">src/pymortests/operators.py:77: &lt;py._xmlgen.raw object at 0x7f1dfaa83978&gt;</skipped></testcase><testcase classname="src.pymortests.operators" file="src/pymortests/operators.py" line="77" name="test_pickle[&lt;lambda&gt;2]" time="0.00043010711669921875"><skipped message="Suite splitting in effect" type="pytest.skip">src/pymortests/operators.py:77: &lt;py._xmlgen.raw object at 0x7f1dd4825a90&gt;</skipped></testcase><testcase classname="src.pymortests.operators" file="src/pymortests/operators.py" line="77" name="test_pickle[&lt;lambda&gt;3]" time="0.000705718994140625"><skipped message="Suite splitting in effect" type="pytest.skip">src/pymortests/operators.py:77: &lt;py._xmlgen.raw object at 0x7f1dfa9e30f0&gt;</skipped></testcase><testcase classname="src.pymortests.operators" file="src/pymortests/operators.py" line="77" name="test_pickle[&lt;lambda&gt;4]" time="0.00042724609375"><skipped message="Suite splitting in effect" type="pytest.skip">src/pymortests/operators.py:77: &lt;py._xmlgen.raw object at 0x7f1dfaa53978&gt;</skipped></testcase><testcase classname="src.pymortests.operators" file="src/pymortests/operators.py" line="77" name="test_pickle[&lt;lambda&gt;5]" time="0.00043582916259765625"><skipped message="Suite splitting in effect" type="pytest.skip">src/pymortests/operators.py:77: &lt;py._xmlgen.raw object at 0x7f1dd4818908&gt;</skipped></testcase><testcase classname="src.pymortests.operators" file="src/pymortests/operators.py" line="77" name="test_pickle[&lt;lambda&gt;6]" time="0.0004723072052001953"><skipped message="Suite splitting in effect" type="pytest.skip">src/pymortests/operators.py:77: &lt;py._xmlgen.raw object at 0x7f1dd480e7f0&gt;</skipped></testcase><testcase classname="src.pymortests.operators" file="src/pymortests/operators.py" line="77" name="test_pickle[&lt;lambda&gt;7]" time="0.0004241466522216797"><skipped message="Suite splitting in effect" type="pytest.skip">src/pymortests/operators.py:77: &lt;py._xmlgen.raw object at 0x7f1dd4803630&gt;</skipped></testcase><testcase classname="src.pymortests.operators" file="src/pymortests/operators.py" line="77" name="test_pickle[&lt;lambda&gt;8]" time="0.0004286766052246094"><skipped message="Suite splitting in effect" type="pytest.skip">src/pymortests/operators.py:77: &lt;py._xmlgen.raw object at 0x7f1dd48765c0&gt;</skipped></testcase><testcase classname="src.pymortests.operators" file="src/pymortests/operators.py" line="77" name="test_pickle[&lt;lambda&gt;9]" time="0.00041985511779785156"><skipped message="Suite splitting in effect" type="pytest.skip">src/pymortests/operators.py:77: &lt;py._xmlgen.raw object at 0x7f1dd48259b0&gt;</skipped></testcase><testcase classname="src.pymortests.operators" file="src/pymortests/operators.py" line="77" name="test_pickle[&lt;lambda&gt;10]" time="0.0004448890686035156"><skipped message="Suite splitting in effect" type="pytest.skip">src/pymortests/operators.py:77: &lt;py._xmlgen.raw object at 0x7f1dd4835160&gt;</skipped></testcase><testcase classname="src.pymortests.operators" file="src/pymortests/operators.py" line="77" name="test_pickle[&lt;lambda&gt;11]" time="0.0007147789001464844"><skipped message="Suite splitting in effect" type="pytest.skip">src/pymortests/operators.py:77: &lt;py._xmlgen.raw object at 0x7f1dd48356a0&gt;</skipped></testcase><testcase classname="src.pymortests.operators" file="src/pymortests/operators.py" line="77" name="test_pickle[&lt;lambda&gt;12]" time="0.00044226646423339844"><skipped message="Suite splitting in effect" type="pytest.skip">src/pymortests/operators.py:77: &lt;py._xmlgen.raw object at 0x7f1dd48257f0&gt;</skipped></testcase><testcase classname="src.pymortests.operators" file="src/pymortests/operators.py" line="77" name="test_pickle[&lt;lambda&gt;13]" time="0.00045299530029296875"><skipped message="Suite splitting in effect" type="pytest.skip">src/pymortests/operators.py:77: &lt;py._xmlgen.raw object at 0x7f1dd4803f60&gt;</skipped></testcase><testcase classname="src.pymortests.operators" file="src/pymortests/operators.py" line="77" name="test_pickle[&lt;lambda&gt;14]" time="0.0004572868347167969"><skipped message="Suite splitting in effect" type="pytest.skip">src/pymortests/operators.py:77: &lt;py._xmlgen.raw object at 0x7f1dd480ecc0&gt;</skipped></testcase><testcase classname="src.pymortests.operators" file="src/pymortests/operators.py" line="77" name="test_pickle[&lt;lambda&gt;15]" time="0.00042557716369628906"><skipped message="Suite splitting in effect" type="pytest.skip">src/pymortests/operators.py:77: &lt;py._xmlgen.raw object at 0x7f1dd48186a0&gt;</skipped></testcase><testcase classname="src.pymortests.operators" file="src/pymortests/operators.py" line="77" name="test_pickle[&lt;lambda&gt;16]" time="0.00043654441833496094"><skipped message="Suite splitting in effect" type="pytest.skip">src/pymortests/operators.py:77: &lt;py._xmlgen.raw object at 0x7f1dfaa44550&gt;</skipped></testcase><testcase classname="src.pymortests.operators" file="src/pymortests/operators.py" line="77" name="test_pickle[&lt;lambda&gt;17]" time="0.0004487037658691406"><skipped message="Suite splitting in effect" type="pytest.skip">src/pymortests/operators.py:77: &lt;py._xmlgen.raw object at 0x7f1dfa9e3be0&gt;</skipped></testcase><testcase classname="src.pymortests.operators" file="src/pymortests/operators.py" line="77" name="test_pickle[&lt;lambda&gt;18]" time="0.00043702125549316406"><skipped message="Suite splitting in effect" type="pytest.skip">src/pymortests/operators.py:77: &lt;py._xmlgen.raw object at 0x7f1dd4835160&gt;</skipped></testcase><testcase classname="src.pymortests.operators" file="src/pymortests/operators.py" line="77" name="test_pickle[&lt;lambda&gt;19]" time="0.0007355213165283203"><skipped message="Suite splitting in effect" type="pytest.skip">src/pymortests/operators.py:77: &lt;py._xmlgen.raw object at 0x7f1dd4835be0&gt;</skipped></testcase><testcase classname="src.pymortests.operators" file="src/pymortests/operators.py" line="77" name="test_pickle[&lt;lambda&gt;20]" time="0.0004076957702636719"><skipped message="Suite splitting in effect" type="pytest.skip">src/pymortests/operators.py:77: &lt;py._xmlgen.raw object at 0x7f1dfaa352e8&gt;</skipped></testcase><testcase classname="src.pymortests.operators" file="src/pymortests/operators.py" line="77" name="test_pickle[&lt;lambda&gt;21]" time="0.0004229545593261719"><skipped message="Suite splitting in effect" type="pytest.skip">src/pymortests/operators.py:77: &lt;py._xmlgen.raw object at 0x7f1dd4818470&gt;</skipped></testcase><testcase classname="src.pymortests.operators" file="src/pymortests/operators.py" line="77" name="test_pickle[&lt;lambda&gt;22]" time="0.0004258155822753906"><skipped message="Suite splitting in effect" type="pytest.skip">src/pymortests/operators.py:77: &lt;py._xmlgen.raw object at 0x7f1dd480ecc0&gt;</skipped></testcase><testcase classname="src.pymortests.operators" file="src/pymortests/operators.py" line="77" name="test_pickle[&lt;lambda&gt;23]" time="0.0004317760467529297"><skipped message="Suite splitting in effect" type="pytest.skip">src/pymortests/operators.py:77: &lt;py._xmlgen.raw object at 0x7f1dd4803e10&gt;</skipped></testcase><testcase classname="src.pymortests.operators" file="src/pymortests/operators.py" line="77" name="test_pickle[&lt;lambda&gt;24]" time="0.00044035911560058594"><skipped message="Suite splitting in effect" type="pytest.skip">src/pymortests/operators.py:77: &lt;py._xmlgen.raw object at 0x7f1dd4825e10&gt;</skipped></testcase><testcase classname="src.pymortests.operators" file="src/pymortests/operators.py" line="77" name="test_pickle[&lt;lambda&gt;25]" time="0.0004870891571044922"><skipped message="Suite splitting in effect" type="pytest.skip">src/pymortests/operators.py:77: &lt;py._xmlgen.raw object at 0x7f1dd4835908&gt;</skipped></testcase><testcase classname="src.pymortests.operators" file="src/pymortests/operators.py" line="77" name="test_pickle[&lt;lambda&gt;26]" time="0.000453948974609375"><skipped message="Suite splitting in effect" type="pytest.skip">src/pymortests/operators.py:77: &lt;py._xmlgen.raw object at 0x7f1dd4835588&gt;</skipped></testcase><testcase classname="src.pymortests.operators" file="src/pymortests/operators.py" line="77" name="test_pickle[&lt;lambda&gt;27]" time="0.0007719993591308594"><skipped message="Suite splitting in effect" type="pytest.skip">src/pymortests/operators.py:77: &lt;py._xmlgen.raw object at 0x7f1dd47bc240&gt;</skipped></testcase><testcase classname="src.pymortests.operators" file="src/pymortests/operators.py" line="77" name="test_pickle[&lt;lambda&gt;28]" time="0.0004146099090576172"><skipped message="Suite splitting in effect" type="pytest.skip">src/pymortests/operators.py:77: &lt;py._xmlgen.raw object at 0x7f1dd4835390&gt;</skipped></testcase><testcase classname="src.pymortests.operators" file="src/pymortests/operators.py" line="77" name="test_pickle[&lt;lambda&gt;29]" time="0.0004055500030517578"><skipped message="Suite splitting in effect" type="pytest.skip">src/pymortests/operators.py:77: &lt;py._xmlgen.raw object at 0x7f1dd4825048&gt;</skipped></testcase><testcase classname="src.pymortests.operators" file="src/pymortests/operators.py" line="77" name="test_pickle[&lt;lambda&gt;30]" time="0.0004177093505859375"><skipped message="Suite splitting in effect" type="pytest.skip">src/pymortests/operators.py:77: &lt;py._xmlgen.raw object at 0x7f1dd4876128&gt;</skipped></testcase><testcase classname="src.pymortests.operators" file="src/pymortests/operators.py" line="77" name="test_pickle[&lt;lambda&gt;31]" time="0.00043463706970214844"><skipped message="Suite splitting in effect" type="pytest.skip">src/pymortests/operators.py:77: &lt;py._xmlgen.raw object at 0x7f1dd480e978&gt;</skipped></testcase><testcase classname="src.pymortests.operators" file="src/pymortests/operators.py" line="77" name="test_pickle[&lt;lambda&gt;32]" time="0.0004420280456542969"><skipped message="Suite splitting in effect" type="pytest.skip">src/pymortests/operators.py:77: &lt;py._xmlgen.raw object at 0x7f1dd4818cc0&gt;</skipped></testcase><testcase classname="src.pymortests.operators" file="src/pymortests/operators.py" line="77" name="test_pickle[&lt;lambda&gt;33]" time="0.00045228004455566406"><skipped message="Suite splitting in effect" type="pytest.skip">src/pymortests/operators.py:77: &lt;py._xmlgen.raw object at 0x7f1dfaa352e8&gt;</skipped></testcase><testcase classname="src.pymortests.operators" file="src/pymortests/operators.py" line="77" name="test_pickle[&lt;lambda&gt;34]" time="0.0004343986511230469"><skipped message="Suite splitting in effect" type="pytest.skip">src/pymortests/operators.py:77: &lt;py._xmlgen.raw object at 0x7f1dd47bc0f0&gt;</skipped></testcase><testcase classname="src.pymortests.operators" file="src/pymortests/operators.py" line="77" name="test_pickle[&lt;lambda&gt;35]" time="0.0007150173187255859"><skipped message="Suite splitting in effect" type="pytest.skip">src/pymortests/operators.py:77: &lt;py._xmlgen.raw object at 0x7f1dd47bc860&gt;</skipped></testcase><testcase classname="src.pymortests.operators" file="src/pymortests/operators.py" line="77" name="test_pickle[&lt;lambda&gt;36]" time="0.00041675567626953125"><skipped message="Suite splitting in effect" type="pytest.skip">src/pymortests/operators.py:77: &lt;py._xmlgen.raw object at 0x7f1dd4818358&gt;</skipped></testcase><testcase classname="src.pymortests.operators" file="src/pymortests/operators.py" line="77" name="test_pickle[&lt;lambda&gt;37]" time="0.000431060791015625"><skipped message="Suite splitting in effect" type="pytest.skip">src/pymortests/operators.py:77: &lt;py._xmlgen.raw object at 0x7f1dd480e7f0&gt;</skipped></testcase><testcase classname="src.pymortests.operators" file="src/pymortests/operators.py" line="77" name="test_pickle[&lt;lambda&gt;38]" time="0.0004622936248779297"><skipped message="Suite splitting in effect" type="pytest.skip">src/pymortests/operators.py:77: &lt;py._xmlgen.raw object at 0x7f1ddfc7b0f0&gt;</skipped></testcase><testcase classname="src.pymortests.operators" file="src/pymortests/operators.py" line="77" name="test_pickle[&lt;lambda&gt;39]" time="0.00046133995056152344"><skipped message="Suite splitting in effect" type="pytest.skip">src/pymortests/operators.py:77: &lt;py._xmlgen.raw object at 0x7f1dd4825668&gt;</skipped></testcase><testcase classname="src.pymortests.operators" file="src/pymortests/operators.py" line="77" name="test_pickle[&lt;lambda&gt;40]" time="0.0004611015319824219"><skipped message="Suite splitting in effect" type="pytest.skip">src/pymortests/operators.py:77: &lt;py._xmlgen.raw object at 0x7f1dd4835d30&gt;</skipped></testcase><testcase classname="src.pymortests.operators" file="src/pymortests/operators.py" line="81" name="test_pickle_without_dumps_function[&lt;lambda&gt;0]" time="0.0004603862762451172"><skipped message="Suite splitting in effect" type="pytest.skip">src/pymortests/operators.py:81: &lt;py._xmlgen.raw object at 0x7f1dd47bc908&gt;</skipped></testcase><testcase classname="src.pymortests.operators" file="src/pymortests/operators.py" line="81" name="test_pickle_without_dumps_function[&lt;lambda&gt;1]" time="0.0004532337188720703"><skipped message="Suite splitting in effect" type="pytest.skip">src/pymortests/operators.py:81: &lt;py._xmlgen.raw object at 0x7f1dd47bc320&gt;</skipped></testcase><testcase classname="src.pymortests.operators" file="src/pymortests/operators.py" line="81" name="test_pickle_without_dumps_function[&lt;lambda&gt;2]" time="0.0007808208465576172"><skipped message="Suite splitting in effect" type="pytest.skip">src/pymortests/operators.py:81: &lt;py._xmlgen.raw object at 0x7f1dd47bce80&gt;</skipped></testcase><testcase classname="src.pymortests.operators" file="src/pymortests/operators.py" line="81" name="test_pickle_without_dumps_function[&lt;lambda&gt;3]" time="0.0004153251647949219"><skipped message="Suite splitting in effect" type="pytest.skip">src/pymortests/operators.py:81: &lt;py._xmlgen.raw object at 0x7f1dd47bc2b0&gt;</skipped></testcase><testcase classname="src.pymortests.operators" file="src/pymortests/operators.py" line="81" name="test_pickle_without_dumps_function[&lt;lambda&gt;4]" time="0.00043320655822753906"><skipped message="Suite splitting in effect" type="pytest.skip">src/pymortests/operators.py:81: &lt;py._xmlgen.raw object at 0x7f1dd4835208&gt;</skipped></testcase><testcase classname="src.pymortests.operators" file="src/pymortests/operators.py" line="81" name="test_pickle_without_dumps_function[&lt;lambda&gt;5]" time="0.0004086494445800781"><skipped message="Suite splitting in effect" type="pytest.skip">src/pymortests/operators.py:81: &lt;py._xmlgen.raw object at 0x7f1dd4835908&gt;</skipped></testcase><testcase classname="src.pymortests.operators" file="src/pymortests/operators.py" line="81" name="test_pickle_without_dumps_function[&lt;lambda&gt;6]" time="0.0004191398620605469"><skipped message="Suite splitting in effect" type="pytest.skip">src/pymortests/operators.py:81: &lt;py._xmlgen.raw object at 0x7f1dd4825588&gt;</skipped></testcase><testcase classname="src.pymortests.operators" file="src/pymortests/operators.py" line="81" name="test_pickle_without_dumps_function[&lt;lambda&gt;7]" time="0.00042366981506347656"><skipped message="Suite splitting in effect" type="pytest.skip">src/pymortests/operators.py:81: &lt;py._xmlgen.raw object at 0x7f1ddfc7b630&gt;</skipped></testcase><testcase classname="src.pymortests.operators" file="src/pymortests/operators.py" line="81" name="test_pickle_without_dumps_function[&lt;lambda&gt;8]" time="0.00045180320739746094"><skipped message="Suite splitting in effect" type="pytest.skip">src/pymortests/operators.py:81: &lt;py._xmlgen.raw object at 0x7f1dd4818a20&gt;</skipped></testcase><testcase classname="src.pymortests.operators" file="src/pymortests/operators.py" line="81" name="test_pickle_without_dumps_function[&lt;lambda&gt;9]" time="0.0004315376281738281"><skipped message="Suite splitting in effect" type="pytest.skip">src/pymortests/operators.py:81: &lt;py._xmlgen.raw object at 0x7f1ddfcec780&gt;</skipped></testcase><testcase classname="src.pymortests.operators" file="src/pymortests/operators.py" line="81" name="test_pickle_without_dumps_function[&lt;lambda&gt;10]" time="0.0007295608520507812"><skipped message="Suite splitting in effect" type="pytest.skip">src/pymortests/operators.py:81: &lt;py._xmlgen.raw object at 0x7f1dd47c74e0&gt;</skipped></testcase><testcase classname="src.pymortests.operators" file="src/pymortests/operators.py" line="81" name="test_pickle_without_dumps_function[&lt;lambda&gt;11]" time="0.00041866302490234375"><skipped message="Suite splitting in effect" type="pytest.skip">src/pymortests/operators.py:81: &lt;py._xmlgen.raw object at 0x7f1dfaa25358&gt;</skipped></testcase><testcase classname="src.pymortests.operators" file="src/pymortests/operators.py" line="81" name="test_pickle_without_dumps_function[&lt;lambda&gt;12]" time="0.0004296302795410156"><skipped message="Suite splitting in effect" type="pytest.skip">src/pymortests/operators.py:81: &lt;py._xmlgen.raw object at 0x7f1ddfc7b8d0&gt;</skipped></testcase><testcase classname="src.pymortests.operators" file="src/pymortests/operators.py" line="81" name="test_pickle_without_dumps_function[&lt;lambda&gt;13]" time="0.0004258155822753906"><skipped message="Suite splitting in effect" type="pytest.skip">src/pymortests/operators.py:81: &lt;py._xmlgen.raw object at 0x7f1dd4876c88&gt;</skipped></testcase><testcase classname="src.pymortests.operators" file="src/pymortests/operators.py" line="81" name="test_pickle_without_dumps_function[&lt;lambda&gt;14]" time="0.0004165172576904297"><skipped message="Suite splitting in effect" type="pytest.skip">src/pymortests/operators.py:81: &lt;py._xmlgen.raw object at 0x7f1dd4835710&gt;</skipped></testcase><testcase classname="src.pymortests.operators" file="src/pymortests/operators.py" line="81" name="test_pickle_without_dumps_function[&lt;lambda&gt;15]" time="0.0004220008850097656"><skipped message="Suite splitting in effect" type="pytest.skip">src/pymortests/operators.py:81: &lt;py._xmlgen.raw object at 0x7f1dd47bc748&gt;</skipped></testcase><testcase classname="src.pymortests.operators" file="src/pymortests/operators.py" line="81" name="test_pickle_without_dumps_function[&lt;lambda&gt;16]" time="0.0004665851593017578"><skipped message="Suite splitting in effect" type="pytest.skip">src/pymortests/operators.py:81: &lt;py._xmlgen.raw object at 0x7f1dd47bcc50&gt;</skipped></testcase><testcase classname="src.pymortests.operators" file="src/pymortests/operators.py" line="81" name="test_pickle_without_dumps_function[&lt;lambda&gt;17]" time="0.00042557716369628906"><skipped message="Suite splitting in effect" type="pytest.skip">src/pymortests/operators.py:81: &lt;py._xmlgen.raw object at 0x7f1dd47c73c8&gt;</skipped></testcase><testcase classname="src.pymortests.operators" file="src/pymortests/operators.py" line="81" name="test_pickle_without_dumps_function[&lt;lambda&gt;18]" time="0.0007371902465820312"><skipped message="Suite splitting in effect" type="pytest.skip">src/pymortests/operators.py:81: &lt;py._xmlgen.raw object at 0x7f1dd47c7b00&gt;</skipped></testcase><testcase classname="src.pymortests.operators" file="src/pymortests/operators.py" line="81" name="test_pickle_without_dumps_function[&lt;lambda&gt;19]" time="0.0004239082336425781"><skipped message="Suite splitting in effect" type="pytest.skip">src/pymortests/operators.py:81: &lt;py._xmlgen.raw object at 0x7f1dd47bcb70&gt;</skipped></testcase><testcase classname="src.pymortests.operators" file="src/pymortests/operators.py" line="81" name="test_pickle_without_dumps_function[&lt;lambda&gt;20]" time="0.00041174888610839844"><skipped message="Suite splitting in effect" type="pytest.skip">src/pymortests/operators.py:81: &lt;py._xmlgen.raw object at 0x7f1dd48355c0&gt;</skipped></testcase><testcase classname="src.pymortests.operators" file="src/pymortests/operators.py" line="81" name="test_pickle_without_dumps_function[&lt;lambda&gt;21]" time="0.00041484832763671875"><skipped message="Suite splitting in effect" type="pytest.skip">src/pymortests/operators.py:81: &lt;py._xmlgen.raw object at 0x7f1dd4825198&gt;</skipped></testcase><testcase classname="src.pymortests.operators" file="src/pymortests/operators.py" line="81" name="test_pickle_without_dumps_function[&lt;lambda&gt;22]" time="0.0004112720489501953"><skipped message="Suite splitting in effect" type="pytest.skip">src/pymortests/operators.py:81: &lt;py._xmlgen.raw object at 0x7f1ddfc7b2e8&gt;</skipped></testcase><testcase classname="src.pymortests.operators" file="src/pymortests/operators.py" line="81" name="test_pickle_without_dumps_function[&lt;lambda&gt;23]" time="0.0004355907440185547"><skipped message="Suite splitting in effect" type="pytest.skip">src/pymortests/operators.py:81: &lt;py._xmlgen.raw object at 0x7f1ddfcec6d8&gt;</skipped></testcase><testcase classname="src.pymortests.operators" file="src/pymortests/operators.py" line="81" name="test_pickle_without_dumps_function[&lt;lambda&gt;24]" time="0.00047779083251953125"><skipped message="Suite splitting in effect" type="pytest.skip">src/pymortests/operators.py:81: &lt;py._xmlgen.raw object at 0x7f1dd47c77f0&gt;</skipped></testcase><testcase classname="src.pymortests.operators" file="src/pymortests/operators.py" line="81" name="test_pickle_without_dumps_function[&lt;lambda&gt;25]" time="0.00042510032653808594"><skipped message="Suite splitting in effect" type="pytest.skip">src/pymortests/operators.py:81: &lt;py._xmlgen.raw object at 0x7f1dd47c7198&gt;</skipped></testcase><testcase classname="src.pymortests.operators" file="src/pymortests/operators.py" line="81" name="test_pickle_without_dumps_function[&lt;lambda&gt;26]" time="0.0007650852203369141"><skipped message="Suite splitting in effect" type="pytest.skip">src/pymortests/operators.py:81: &lt;py._xmlgen.raw object at 0x7f1dd47cf160&gt;</skipped></testcase><testcase classname="src.pymortests.operators" file="src/pymortests/operators.py" line="81" name="test_pickle_without_dumps_function[&lt;lambda&gt;27]" time="0.0004162788391113281"><skipped message="Suite splitting in effect" type="pytest.skip">src/pymortests/operators.py:81: &lt;py._xmlgen.raw object at 0x7f1dd47c7240&gt;</skipped></testcase><testcase classname="src.pymortests.operators" file="src/pymortests/operators.py" line="81" name="test_pickle_without_dumps_function[&lt;lambda&gt;28]" time="0.00043511390686035156"><skipped message="Suite splitting in effect" type="pytest.skip">src/pymortests/operators.py:81: &lt;py._xmlgen.raw object at 0x7f1dd47c7c18&gt;</skipped></testcase><testcase classname="src.pymortests.operators" file="src/pymortests/operators.py" line="81" name="test_pickle_without_dumps_function[&lt;lambda&gt;29]" time="0.0004322528839111328"><skipped message="Suite splitting in effect" type="pytest.skip">src/pymortests/operators.py:81: &lt;py._xmlgen.raw object at 0x7f1ddfc7bac8&gt;</skipped></testcase><testcase classname="src.pymortests.operators" file="src/pymortests/operators.py" line="81" name="test_pickle_without_dumps_function[&lt;lambda&gt;30]" time="0.0004112720489501953"><skipped message="Suite splitting in effect" type="pytest.skip">src/pymortests/operators.py:81: &lt;py._xmlgen.raw object at 0x7f1ddfc9f668&gt;</skipped></testcase><testcase classname="src.pymortests.operators" file="src/pymortests/operators.py" line="81" name="test_pickle_without_dumps_function[&lt;lambda&gt;31]" time="0.0004260540008544922"><skipped message="Suite splitting in effect" type="pytest.skip">src/pymortests/operators.py:81: &lt;py._xmlgen.raw object at 0x7f1dd4835f60&gt;</skipped></testcase><testcase classname="src.pymortests.operators" file="src/pymortests/operators.py" line="81" name="test_pickle_without_dumps_function[&lt;lambda&gt;32]" time="0.00046443939208984375"><skipped message="Suite splitting in effect" type="pytest.skip">src/pymortests/operators.py:81: &lt;py._xmlgen.raw object at 0x7f1dd47bcb70&gt;</skipped></testcase><testcase classname="src.pymortests.operators" file="src/pymortests/operators.py" line="81" name="test_pickle_without_dumps_function[&lt;lambda&gt;33]" time="0.0004596710205078125"><skipped message="Suite splitting in effect" type="pytest.skip">src/pymortests/operators.py:81: &lt;py._xmlgen.raw object at 0x7f1dd47cf1d0&gt;</skipped></testcase><testcase classname="src.pymortests.operators" file="src/pymortests/operators.py" line="81" name="test_pickle_without_dumps_function[&lt;lambda&gt;34]" time="0.0007476806640625"><skipped message="Suite splitting in effect" type="pytest.skip">src/pymortests/operators.py:81: &lt;py._xmlgen.raw object at 0x7f1dd47cf780&gt;</skipped></testcase><testcase classname="src.pymortests.operators" file="src/pymortests/operators.py" line="81" name="test_pickle_without_dumps_function[&lt;lambda&gt;35]" time="0.00042057037353515625"><skipped message="Suite splitting in effect" type="pytest.skip">src/pymortests/operators.py:81: &lt;py._xmlgen.raw object at 0x7f1dd47bcfd0&gt;</skipped></testcase><testcase classname="src.pymortests.operators" file="src/pymortests/operators.py" line="81" name="test_pickle_without_dumps_function[&lt;lambda&gt;36]" time="0.0004100799560546875"><skipped message="Suite splitting in effect" type="pytest.skip">src/pymortests/operators.py:81: &lt;py._xmlgen.raw object at 0x7f1dd4876f98&gt;</skipped></testcase><testcase classname="src.pymortests.operators" file="src/pymortests/operators.py" line="81" name="test_pickle_without_dumps_function[&lt;lambda&gt;37]" time="0.0004494190216064453"><skipped message="Suite splitting in effect" type="pytest.skip">src/pymortests/operators.py:81: &lt;py._xmlgen.raw object at 0x7f1ddfc9f860&gt;</skipped></testcase><testcase classname="src.pymortests.operators" file="src/pymortests/operators.py" line="81" name="test_pickle_without_dumps_function[&lt;lambda&gt;38]" time="0.0004582405090332031"><skipped message="Suite splitting in effect" type="pytest.skip">src/pymortests/operators.py:81: &lt;py._xmlgen.raw object at 0x7f1dd480ebe0&gt;</skipped></testcase><testcase classname="src.pymortests.operators" file="src/pymortests/operators.py" line="81" name="test_pickle_without_dumps_function[&lt;lambda&gt;39]" time="0.000423431396484375"><skipped message="Suite splitting in effect" type="pytest.skip">src/pymortests/operators.py:81: &lt;py._xmlgen.raw object at 0x7f1dd47c7c88&gt;</skipped></testcase><testcase classname="src.pymortests.operators" file="src/pymortests/operators.py" line="85" name="test_apply[&lt;lambda&gt;0]" time="0.0004849433898925781"><skipped message="Suite splitting in effect" type="pytest.skip">src/pymortests/operators.py:85: &lt;py._xmlgen.raw object at 0x7f1dd4818a20&gt;</skipped></testcase><testcase classname="src.pymortests.operators" file="src/pymortests/operators.py" line="85" name="test_apply[&lt;lambda&gt;1]" time="0.0004203319549560547"><skipped message="Suite splitting in effect" type="pytest.skip">src/pymortests/operators.py:85: &lt;py._xmlgen.raw object at 0x7f1dd47cf2b0&gt;</skipped></testcase><testcase classname="src.pymortests.operators" file="src/pymortests/operators.py" line="85" name="test_apply[&lt;lambda&gt;2]" time="0.0010800361633300781"><skipped message="Suite splitting in effect" type="pytest.skip">src/pymortests/operators.py:85: &lt;py._xmlgen.raw object at 0x7f1dd47cfda0&gt;</skipped></testcase><testcase classname="src.pymortests.operators" file="src/pymortests/operators.py" line="85" name="test_apply[&lt;lambda&gt;3]" time="0.0004429817199707031"><skipped message="Suite splitting in effect" type="pytest.skip">src/pymortests/operators.py:85: &lt;py._xmlgen.raw object at 0x7f1ddfc9f860&gt;</skipped></testcase><testcase classname="src.pymortests.operators" file="src/pymortests/operators.py" line="85" name="test_apply[&lt;lambda&gt;4]" time="0.00048470497131347656"><skipped message="Suite splitting in effect" type="pytest.skip">src/pymortests/operators.py:85: &lt;py._xmlgen.raw object at 0x7f1dd48764e0&gt;</skipped></testcase><testcase classname="src.pymortests.operators" file="src/pymortests/operators.py" line="85" name="test_apply[&lt;lambda&gt;5]" time="0.000457763671875"><skipped message="Suite splitting in effect" type="pytest.skip">src/pymortests/operators.py:85: &lt;py._xmlgen.raw object at 0x7f1dd47c72b0&gt;</skipped></testcase><testcase classname="src.pymortests.operators" file="src/pymortests/operators.py" line="85" name="test_apply[&lt;lambda&gt;6]" time="0.000446319580078125"><skipped message="Suite splitting in effect" type="pytest.skip">src/pymortests/operators.py:85: &lt;py._xmlgen.raw object at 0x7f1dd47c75f8&gt;</skipped></testcase><testcase classname="src.pymortests.operators" file="src/pymortests/operators.py" line="85" name="test_apply[&lt;lambda&gt;7]" time="0.0004515647888183594"><skipped message="Suite splitting in effect" type="pytest.skip">src/pymortests/operators.py:85: &lt;py._xmlgen.raw object at 0x7f1dd47bc400&gt;</skipped></testcase><testcase classname="src.pymortests.operators" file="src/pymortests/operators.py" line="85" name="test_apply[&lt;lambda&gt;8]" time="0.00042819976806640625"><skipped message="Suite splitting in effect" type="pytest.skip">src/pymortests/operators.py:85: &lt;py._xmlgen.raw object at 0x7f1dd4835780&gt;</skipped></testcase><testcase classname="src.pymortests.operators" file="src/pymortests/operators.py" line="85" name="test_apply[&lt;lambda&gt;9]" time="0.0004382133483886719"><skipped message="Suite splitting in effect" type="pytest.skip">src/pymortests/operators.py:85: &lt;py._xmlgen.raw object at 0x7f1dd4825438&gt;</skipped></testcase><testcase classname="src.pymortests.operators" file="src/pymortests/operators.py" line="85" name="test_apply[&lt;lambda&gt;10]" time="0.0004611015319824219"><skipped message="Suite splitting in effect" type="pytest.skip">src/pymortests/operators.py:85: &lt;py._xmlgen.raw object at 0x7f1dfa9f40b8&gt;</skipped></testcase><testcase classname="src.pymortests.operators" file="src/pymortests/operators.py" line="85" name="test_apply[&lt;lambda&gt;11]" time="0.0007803440093994141"><skipped message="Suite splitting in effect" type="pytest.skip">src/pymortests/operators.py:85: &lt;py._xmlgen.raw object at 0x7f1dfaa94d30&gt;</skipped></testcase><testcase classname="src.pymortests.operators" file="src/pymortests/operators.py" line="85" name="test_apply[&lt;lambda&gt;12]" time="0.00042438507080078125"><skipped message="Suite splitting in effect" type="pytest.skip">src/pymortests/operators.py:85: &lt;py._xmlgen.raw object at 0x7f1dd4835e10&gt;</skipped></testcase><testcase classname="src.pymortests.operators" file="src/pymortests/operators.py" line="85" name="test_apply[&lt;lambda&gt;13]" time="0.000423431396484375"><skipped message="Suite splitting in effect" type="pytest.skip">src/pymortests/operators.py:85: &lt;py._xmlgen.raw object at 0x7f1dd47bcf60&gt;</skipped></testcase><testcase classname="src.pymortests.operators" file="src/pymortests/operators.py" line="85" name="test_apply[&lt;lambda&gt;14]" time="0.0004315376281738281"><skipped message="Suite splitting in effect" type="pytest.skip">src/pymortests/operators.py:85: &lt;py._xmlgen.raw object at 0x7f1dd47c7f28&gt;</skipped></testcase><testcase classname="src.pymortests.operators" file="src/pymortests/operators.py" line="85" name="test_apply[&lt;lambda&gt;15]" time="0.00043463706970214844"><skipped message="Suite splitting in effect" type="pytest.skip">src/pymortests/operators.py:85: &lt;py._xmlgen.raw object at 0x7f1dd48764e0&gt;</skipped></testcase><testcase classname="src.pymortests.operators" file="src/pymortests/operators.py" line="85" name="test_apply[&lt;lambda&gt;16]" time="0.0004379749298095703"><skipped message="Suite splitting in effect" type="pytest.skip">src/pymortests/operators.py:85: &lt;py._xmlgen.raw object at 0x7f1dd4803a58&gt;</skipped></testcase><testcase classname="src.pymortests.operators" file="src/pymortests/operators.py" line="85" name="test_apply[&lt;lambda&gt;17]" time="0.0004177093505859375"><skipped message="Suite splitting in effect" type="pytest.skip">src/pymortests/operators.py:85: &lt;py._xmlgen.raw object at 0x7f1dd4849668&gt;</skipped></testcase><testcase classname="src.pymortests.operators" file="src/pymortests/operators.py" line="85" name="test_apply[&lt;lambda&gt;18]" time="0.00042366981506347656"><skipped message="Suite splitting in effect" type="pytest.skip">src/pymortests/operators.py:85: &lt;py._xmlgen.raw object at 0x7f1dd47cfcc0&gt;</skipped></testcase><testcase classname="src.pymortests.operators" file="src/pymortests/operators.py" line="85" name="test_apply[&lt;lambda&gt;19]" time="0.0008015632629394531"><skipped message="Suite splitting in effect" type="pytest.skip">src/pymortests/operators.py:85: &lt;py._xmlgen.raw object at 0x7f1ddfc9f7b8&gt;</skipped></testcase><testcase classname="src.pymortests.operators" file="src/pymortests/operators.py" line="85" name="test_apply[&lt;lambda&gt;20]" time="0.00043272972106933594"><skipped message="Suite splitting in effect" type="pytest.skip">src/pymortests/operators.py:85: &lt;py._xmlgen.raw object at 0x7f1ddfc3e390&gt;</skipped></testcase><testcase classname="src.pymortests.operators" file="src/pymortests/operators.py" line="85" name="test_apply[&lt;lambda&gt;21]" time="0.0004584789276123047"><skipped message="Suite splitting in effect" type="pytest.skip">src/pymortests/operators.py:85: &lt;py._xmlgen.raw object at 0x7f1dd47c7ef0&gt;</skipped></testcase><testcase classname="src.pymortests.operators" file="src/pymortests/operators.py" line="85" name="test_apply[&lt;lambda&gt;22]" time="0.00045943260192871094"><skipped message="Suite splitting in effect" type="pytest.skip">src/pymortests/operators.py:85: &lt;py._xmlgen.raw object at 0x7f1ddfc8afd0&gt;</skipped></testcase><testcase classname="src.pymortests.operators" file="src/pymortests/operators.py" line="85" name="test_apply[&lt;lambda&gt;23]" time="0.00045418739318847656"><skipped message="Suite splitting in effect" type="pytest.skip">src/pymortests/operators.py:85: &lt;py._xmlgen.raw object at 0x7f1dd47bc860&gt;</skipped></testcase><testcase classname="src.pymortests.operators" file="src/pymortests/operators.py" line="85" name="test_apply[&lt;lambda&gt;24]" time="0.00042819976806640625"><skipped message="Suite splitting in effect" type="pytest.skip">src/pymortests/operators.py:85: &lt;py._xmlgen.raw object at 0x7f1dd48259b0&gt;</skipped></testcase><testcase classname="src.pymortests.operators" file="src/pymortests/operators.py" line="85" name="test_apply[&lt;lambda&gt;25]" time="0.0004401206970214844"><skipped message="Suite splitting in effect" type="pytest.skip">src/pymortests/operators.py:85: &lt;py._xmlgen.raw object at 0x7f1dd47cfbe0&gt;</skipped></testcase><testcase classname="src.pymortests.operators" file="src/pymortests/operators.py" line="85" name="test_apply[&lt;lambda&gt;26]" time="0.0004563331604003906"><skipped message="Suite splitting in effect" type="pytest.skip">src/pymortests/operators.py:85: &lt;py._xmlgen.raw object at 0x7f1dd47e32e8&gt;</skipped></testcase><testcase classname="src.pymortests.operators" file="src/pymortests/operators.py" line="85" name="test_apply[&lt;lambda&gt;27]" time="0.0007801055908203125"><skipped message="Suite splitting in effect" type="pytest.skip">src/pymortests/operators.py:85: &lt;py._xmlgen.raw object at 0x7f1dd47e3828&gt;</skipped></testcase><testcase classname="src.pymortests.operators" file="src/pymortests/operators.py" line="85" name="test_apply[&lt;lambda&gt;28]" time="0.0004730224609375"><skipped message="Suite splitting in effect" type="pytest.skip">src/pymortests/operators.py:85: &lt;py._xmlgen.raw object at 0x7f1dd47cf1d0&gt;</skipped></testcase><testcase classname="src.pymortests.operators" file="src/pymortests/operators.py" line="85" name="test_apply[&lt;lambda&gt;29]" time="0.00043702125549316406"><skipped message="Suite splitting in effect" type="pytest.skip">src/pymortests/operators.py:85: &lt;py._xmlgen.raw object at 0x7f1dd4835208&gt;</skipped></testcase><testcase classname="src.pymortests.operators" file="src/pymortests/operators.py" line="85" name="test_apply[&lt;lambda&gt;30]" time="0.0004487037658691406"><skipped message="Suite splitting in effect" type="pytest.skip">src/pymortests/operators.py:85: &lt;py._xmlgen.raw object at 0x7f1dfa9e30f0&gt;</skipped></testcase><testcase classname="src.pymortests.operators" file="src/pymortests/operators.py" line="85" name="test_apply[&lt;lambda&gt;31]" time="0.0004496574401855469"><skipped message="Suite splitting in effect" type="pytest.skip">src/pymortests/operators.py:85: &lt;py._xmlgen.raw object at 0x7f1dd47c7b38&gt;</skipped></testcase><testcase classname="src.pymortests.operators" file="src/pymortests/operators.py" line="85" name="test_apply[&lt;lambda&gt;32]" time="0.00047278404235839844"><skipped message="Suite splitting in effect" type="pytest.skip">src/pymortests/operators.py:85: &lt;py._xmlgen.raw object at 0x7f1ddfc3ecc0&gt;</skipped></testcase><testcase classname="src.pymortests.operators" file="src/pymortests/operators.py" line="85" name="test_apply[&lt;lambda&gt;33]" time="0.0004544258117675781"><skipped message="Suite splitting in effect" type="pytest.skip">src/pymortests/operators.py:85: &lt;py._xmlgen.raw object at 0x7f1dd47e3438&gt;</skipped></testcase><testcase classname="src.pymortests.operators" file="src/pymortests/operators.py" line="85" name="test_apply[&lt;lambda&gt;34]" time="0.0004296302795410156"><skipped message="Suite splitting in effect" type="pytest.skip">src/pymortests/operators.py:85: &lt;py._xmlgen.raw object at 0x7f1dd47e31d0&gt;</skipped></testcase><testcase classname="src.pymortests.operators" file="src/pymortests/operators.py" line="85" name="test_apply[&lt;lambda&gt;35]" time="0.0007429122924804688"><skipped message="Suite splitting in effect" type="pytest.skip">src/pymortests/operators.py:85: &lt;py._xmlgen.raw object at 0x7f1dd47e3d68&gt;</skipped></testcase><testcase classname="src.pymortests.operators" file="src/pymortests/operators.py" line="85" name="test_apply[&lt;lambda&gt;36]" time="0.00043487548828125"><skipped message="Suite splitting in effect" type="pytest.skip">src/pymortests/operators.py:85: &lt;py._xmlgen.raw object at 0x7f1ddfc3eeb8&gt;</skipped></testcase><testcase classname="src.pymortests.operators" file="src/pymortests/operators.py" line="85" name="test_apply[&lt;lambda&gt;37]" time="0.0004961490631103516"><skipped message="Suite splitting in effect" type="pytest.skip">src/pymortests/operators.py:85: &lt;py._xmlgen.raw object at 0x7f1dd47c7978&gt;</skipped></testcase><testcase classname="src.pymortests.operators" file="src/pymortests/operators.py" line="85" name="test_apply[&lt;lambda&gt;38]" time="0.0004856586456298828"><skipped message="Suite splitting in effect" type="pytest.skip">src/pymortests/operators.py:85: &lt;py._xmlgen.raw object at 0x7f1dd47bce48&gt;</skipped></testcase><testcase classname="src.pymortests.operators" file="src/pymortests/operators.py" line="85" name="test_apply[&lt;lambda&gt;39]" time="0.0004611015319824219"><skipped message="Suite splitting in effect" type="pytest.skip">src/pymortests/operators.py:85: &lt;py._xmlgen.raw object at 0x7f1ddfc50828&gt;</skipped></testcase><testcase classname="src.pymortests.operators" file="src/pymortests/operators.py" line="85" name="test_apply[&lt;lambda&gt;40]" time="0.00043010711669921875"><skipped message="Suite splitting in effect" type="pytest.skip">src/pymortests/operators.py:85: &lt;py._xmlgen.raw object at 0x7f1dd47cfbe0&gt;</skipped></testcase><testcase classname="src.pymortests.operators" file="src/pymortests/operators.py" line="96" name="test_mul[&lt;lambda&gt;0]" time="0.0004949569702148438"><skipped message="Suite splitting in effect" type="pytest.skip">src/pymortests/operators.py:96: &lt;py._xmlgen.raw object at 0x7f1dd47e3b70&gt;</skipped></testcase><testcase classname="src.pymortests.operators" file="src/pymortests/operators.py" line="96" name="test_mul[&lt;lambda&gt;1]" time="0.0004305839538574219"><skipped message="Suite splitting in effect" type="pytest.skip">src/pymortests/operators.py:96: &lt;py._xmlgen.raw object at 0x7f1dd47e3550&gt;</skipped></testcase><testcase classname="src.pymortests.operators" file="src/pymortests/operators.py" line="96" name="test_mul[&lt;lambda&gt;2]" time="0.0008065700531005859"><skipped message="Suite splitting in effect" type="pytest.skip">src/pymortests/operators.py:96: &lt;py._xmlgen.raw object at 0x7f1dd47e83c8&gt;</skipped></testcase><testcase classname="src.pymortests.operators" file="src/pymortests/operators.py" line="96" name="test_mul[&lt;lambda&gt;3]" time="0.00044989585876464844"><skipped message="Suite splitting in effect" type="pytest.skip">src/pymortests/operators.py:96: &lt;py._xmlgen.raw object at 0x7f1dd47e3198&gt;</skipped></testcase><testcase classname="src.pymortests.operators" file="src/pymortests/operators.py" line="96" name="test_mul[&lt;lambda&gt;4]" time="0.00048065185546875"><skipped message="Suite splitting in effect" type="pytest.skip">src/pymortests/operators.py:96: &lt;py._xmlgen.raw object at 0x7f1dd47cfbe0&gt;</skipped></testcase><testcase classname="src.pymortests.operators" file="src/pymortests/operators.py" line="96" name="test_mul[&lt;lambda&gt;5]" time="0.0004475116729736328"><skipped message="Suite splitting in effect" type="pytest.skip">src/pymortests/operators.py:96: &lt;py._xmlgen.raw object at 0x7f1ddfc50828&gt;</skipped></testcase><testcase classname="src.pymortests.operators" file="src/pymortests/operators.py" line="96" name="test_mul[&lt;lambda&gt;6]" time="0.0004475116729736328"><skipped message="Suite splitting in effect" type="pytest.skip">src/pymortests/operators.py:96: &lt;py._xmlgen.raw object at 0x7f1ddfc8afd0&gt;</skipped></testcase><testcase classname="src.pymortests.operators" file="src/pymortests/operators.py" line="96" name="test_mul[&lt;lambda&gt;7]" time="0.0004470348358154297"><skipped message="Suite splitting in effect" type="pytest.skip">src/pymortests/operators.py:96: &lt;py._xmlgen.raw object at 0x7f1dd47c7be0&gt;</skipped></testcase><testcase classname="src.pymortests.operators" file="src/pymortests/operators.py" line="96" name="test_mul[&lt;lambda&gt;8]" time="0.0004608631134033203"><skipped message="Suite splitting in effect" type="pytest.skip">src/pymortests/operators.py:96: &lt;py._xmlgen.raw object at 0x7f1ddfc3e588&gt;</skipped></testcase><testcase classname="src.pymortests.operators" file="src/pymortests/operators.py" line="96" name="test_mul[&lt;lambda&gt;9]" time="0.00045609474182128906"><skipped message="Suite splitting in effect" type="pytest.skip">src/pymortests/operators.py:96: &lt;py._xmlgen.raw object at 0x7f1dd47e8278&gt;</skipped></testcase><testcase classname="src.pymortests.operators" file="src/pymortests/operators.py" line="96" name="test_mul[&lt;lambda&gt;10]" time="0.0007367134094238281"><skipped message="Suite splitting in effect" type="pytest.skip">src/pymortests/operators.py:96: &lt;py._xmlgen.raw object at 0x7f1dd47e89e8&gt;</skipped></testcase><testcase classname="src.pymortests.operators" file="src/pymortests/operators.py" line="96" name="test_mul[&lt;lambda&gt;11]" time="0.00043582916259765625"><skipped message="Suite splitting in effect" type="pytest.skip">src/pymortests/operators.py:96: &lt;py._xmlgen.raw object at 0x7f1dd47c7f60&gt;</skipped></testcase><testcase classname="src.pymortests.operators" file="src/pymortests/operators.py" line="96" name="test_mul[&lt;lambda&gt;12]" time="0.0004246234893798828"><skipped message="Suite splitting in effect" type="pytest.skip">src/pymortests/operators.py:96: &lt;py._xmlgen.raw object at 0x7f1ddfc8afd0&gt;</skipped></testcase><testcase classname="src.pymortests.operators" file="src/pymortests/operators.py" line="96" name="test_mul[&lt;lambda&gt;13]" time="0.0004620552062988281"><skipped message="Suite splitting in effect" type="pytest.skip">src/pymortests/operators.py:96: &lt;py._xmlgen.raw object at 0x7f1ddfc50630&gt;</skipped></testcase><testcase classname="src.pymortests.operators" file="src/pymortests/operators.py" line="96" name="test_mul[&lt;lambda&gt;14]" time="0.0004343986511230469"><skipped message="Suite splitting in effect" type="pytest.skip">src/pymortests/operators.py:96: &lt;py._xmlgen.raw object at 0x7f1ddfc5fc18&gt;</skipped></testcase><testcase classname="src.pymortests.operators" file="src/pymortests/operators.py" line="96" name="test_mul[&lt;lambda&gt;15]" time="0.0004870891571044922"><skipped message="Suite splitting in effect" type="pytest.skip">src/pymortests/operators.py:96: &lt;py._xmlgen.raw object at 0x7f1dd47e3b70&gt;</skipped></testcase><testcase classname="src.pymortests.operators" file="src/pymortests/operators.py" line="96" name="test_mul[&lt;lambda&gt;16]" time="0.0004329681396484375"><skipped message="Suite splitting in effect" type="pytest.skip">src/pymortests/operators.py:96: &lt;py._xmlgen.raw object at 0x7f1dd47e8b38&gt;</skipped></testcase><testcase classname="src.pymortests.operators" file="src/pymortests/operators.py" line="96" name="test_mul[&lt;lambda&gt;17]" time="0.00043773651123046875"><skipped message="Suite splitting in effect" type="pytest.skip">src/pymortests/operators.py:96: &lt;py._xmlgen.raw object at 0x7f1dd47e80f0&gt;</skipped></testcase><testcase classname="src.pymortests.operators" file="src/pymortests/operators.py" line="96" name="test_mul[&lt;lambda&gt;18]" time="0.0007333755493164062"><skipped message="Suite splitting in effect" type="pytest.skip">src/pymortests/operators.py:96: &lt;py._xmlgen.raw object at 0x7f1dd47f3048&gt;</skipped></testcase><testcase classname="src.pymortests.operators" file="src/pymortests/operators.py" line="96" name="test_mul[&lt;lambda&gt;19]" time="0.0004534721374511719"><skipped message="Suite splitting in effect" type="pytest.skip">src/pymortests/operators.py:96: &lt;py._xmlgen.raw object at 0x7f1dd47e8588&gt;</skipped></testcase><testcase classname="src.pymortests.operators" file="src/pymortests/operators.py" line="96" name="test_mul[&lt;lambda&gt;20]" time="0.00041174888610839844"><skipped message="Suite splitting in effect" type="pytest.skip">src/pymortests/operators.py:96: &lt;py._xmlgen.raw object at 0x7f1dd47e3c50&gt;</skipped></testcase><testcase classname="src.pymortests.operators" file="src/pymortests/operators.py" line="96" name="test_mul[&lt;lambda&gt;21]" time="0.00044035911560058594"><skipped message="Suite splitting in effect" type="pytest.skip">src/pymortests/operators.py:96: &lt;py._xmlgen.raw object at 0x7f1dd47e3588&gt;</skipped></testcase><testcase classname="src.pymortests.operators" file="src/pymortests/operators.py" line="96" name="test_mul[&lt;lambda&gt;22]" time="0.00043082237243652344"><skipped message="Suite splitting in effect" type="pytest.skip">src/pymortests/operators.py:96: &lt;py._xmlgen.raw object at 0x7f1dd47cfe10&gt;</skipped></testcase><testcase classname="src.pymortests.operators" file="src/pymortests/operators.py" line="96" name="test_mul[&lt;lambda&gt;23]" time="0.00044918060302734375"><skipped message="Suite splitting in effect" type="pytest.skip">src/pymortests/operators.py:96: &lt;py._xmlgen.raw object at 0x7f1ddfc500f0&gt;</skipped></testcase><testcase classname="src.pymortests.operators" file="src/pymortests/operators.py" line="96" name="test_mul[&lt;lambda&gt;24]" time="0.0004968643188476562"><skipped message="Suite splitting in effect" type="pytest.skip">src/pymortests/operators.py:96: &lt;py._xmlgen.raw object at 0x7f1ddfc9fb00&gt;</skipped></testcase><testcase classname="src.pymortests.operators" file="src/pymortests/operators.py" line="96" name="test_mul[&lt;lambda&gt;25]" time="0.0004279613494873047"><skipped message="Suite splitting in effect" type="pytest.skip">src/pymortests/operators.py:96: &lt;py._xmlgen.raw object at 0x7f1dd47f3160&gt;</skipped></testcase><testcase classname="src.pymortests.operators" file="src/pymortests/operators.py" line="96" name="test_mul[&lt;lambda&gt;26]" time="0.0007946491241455078"><skipped message="Suite splitting in effect" type="pytest.skip">src/pymortests/operators.py:96: &lt;py._xmlgen.raw object at 0x7f1dd47f3668&gt;</skipped></testcase><testcase classname="src.pymortests.operators" file="src/pymortests/operators.py" line="96" name="test_mul[&lt;lambda&gt;27]" time="0.0004534721374511719"><skipped message="Suite splitting in effect" type="pytest.skip">src/pymortests/operators.py:96: &lt;py._xmlgen.raw object at 0x7f1dd47bc860&gt;</skipped></testcase><testcase classname="src.pymortests.operators" file="src/pymortests/operators.py" line="96" name="test_mul[&lt;lambda&gt;28]" time="0.0004382133483886719"><skipped message="Suite splitting in effect" type="pytest.skip">src/pymortests/operators.py:96: &lt;py._xmlgen.raw object at 0x7f1ddfc500f0&gt;</skipped></testcase><testcase classname="src.pymortests.operators" file="src/pymortests/operators.py" line="96" name="test_mul[&lt;lambda&gt;29]" time="0.00043773651123046875"><skipped message="Suite splitting in effect" type="pytest.skip">src/pymortests/operators.py:96: &lt;py._xmlgen.raw object at 0x7f1ddfc5f780&gt;</skipped></testcase><testcase classname="src.pymortests.operators" file="src/pymortests/operators.py" line="96" name="test_mul[&lt;lambda&gt;30]" time="0.0004508495330810547"><skipped message="Suite splitting in effect" type="pytest.skip">src/pymortests/operators.py:96: &lt;py._xmlgen.raw object at 0x7f1dd47e3c50&gt;</skipped></testcase><testcase classname="src.pymortests.operators" file="src/pymortests/operators.py" line="96" name="test_mul[&lt;lambda&gt;31]" time="0.00043463706970214844"><skipped message="Suite splitting in effect" type="pytest.skip">src/pymortests/operators.py:96: &lt;py._xmlgen.raw object at 0x7f1dd47e8278&gt;</skipped></testcase><testcase classname="src.pymortests.operators" file="src/pymortests/operators.py" line="96" name="test_mul[&lt;lambda&gt;32]" time="0.0004210472106933594"><skipped message="Suite splitting in effect" type="pytest.skip">src/pymortests/operators.py:96: &lt;py._xmlgen.raw object at 0x7f1dd47e8198&gt;</skipped></testcase><testcase classname="src.pymortests.operators" file="src/pymortests/operators.py" line="96" name="test_mul[&lt;lambda&gt;33]" time="0.0004248619079589844"><skipped message="Suite splitting in effect" type="pytest.skip">src/pymortests/operators.py:96: &lt;py._xmlgen.raw object at 0x7f1dd47f32e8&gt;</skipped></testcase><testcase classname="src.pymortests.operators" file="src/pymortests/operators.py" line="96" name="test_mul[&lt;lambda&gt;34]" time="0.0007238388061523438"><skipped message="Suite splitting in effect" type="pytest.skip">src/pymortests/operators.py:96: &lt;py._xmlgen.raw object at 0x7f1dd47f3c88&gt;</skipped></testcase><testcase classname="src.pymortests.operators" file="src/pymortests/operators.py" line="96" name="test_mul[&lt;lambda&gt;35]" time="0.00040841102600097656"><skipped message="Suite splitting in effect" type="pytest.skip">src/pymortests/operators.py:96: &lt;py._xmlgen.raw object at 0x7f1dd47e8cc0&gt;</skipped></testcase><testcase classname="src.pymortests.operators" file="src/pymortests/operators.py" line="96" name="test_mul[&lt;lambda&gt;36]" time="0.0004153251647949219"><skipped message="Suite splitting in effect" type="pytest.skip">src/pymortests/operators.py:96: &lt;py._xmlgen.raw object at 0x7f1dd47e3c50&gt;</skipped></testcase><testcase classname="src.pymortests.operators" file="src/pymortests/operators.py" line="96" name="test_mul[&lt;lambda&gt;37]" time="0.0004315376281738281"><skipped message="Suite splitting in effect" type="pytest.skip">src/pymortests/operators.py:96: &lt;py._xmlgen.raw object at 0x7f1dd47cfe10&gt;</skipped></testcase><testcase classname="src.pymortests.operators" file="src/pymortests/operators.py" line="96" name="test_mul[&lt;lambda&gt;38]" time="0.0004374980926513672"><skipped message="Suite splitting in effect" type="pytest.skip">src/pymortests/operators.py:96: &lt;py._xmlgen.raw object at 0x7f1dd4825e10&gt;</skipped></testcase><testcase classname="src.pymortests.operators" file="src/pymortests/operators.py" line="96" name="test_mul[&lt;lambda&gt;39]" time="0.0004169940948486328"><skipped message="Suite splitting in effect" type="pytest.skip">src/pymortests/operators.py:96: &lt;py._xmlgen.raw object at 0x7f1ddfc3ee10&gt;</skipped></testcase><testcase classname="src.pymortests.operators" file="src/pymortests/operators.py" line="96" name="test_mul[&lt;lambda&gt;40]" time="0.0004284381866455078"><skipped message="Suite splitting in effect" type="pytest.skip">src/pymortests/operators.py:96: &lt;py._xmlgen.raw object at 0x7f1dd47f3198&gt;</skipped></testcase><testcase classname="src.pymortests.operators" file="src/pymortests/operators.py" line="103" name="test_rmul[&lt;lambda&gt;0]" time="0.0004127025604248047"><skipped message="Suite splitting in effect" type="pytest.skip">src/pymortests/operators.py:103: &lt;py._xmlgen.raw object at 0x7f1dd47f34e0&gt;</skipped></testcase><testcase classname="src.pymortests.operators" file="src/pymortests/operators.py" line="103" name="test_rmul[&lt;lambda&gt;1]" time="0.0007138252258300781"><skipped message="Suite splitting in effect" type="pytest.skip">src/pymortests/operators.py:103: &lt;py._xmlgen.raw object at 0x7f1dd477f2e8&gt;</skipped></testcase><testcase classname="src.pymortests.operators" file="src/pymortests/operators.py" line="103" name="test_rmul[&lt;lambda&gt;2]" time="0.0004451274871826172"><skipped message="Suite splitting in effect" type="pytest.skip">src/pymortests/operators.py:103: &lt;py._xmlgen.raw object at 0x7f1dd47f3278&gt;</skipped></testcase><testcase classname="src.pymortests.operators" file="src/pymortests/operators.py" line="103" name="test_rmul[&lt;lambda&gt;3]" time="0.0004544258117675781"><skipped message="Suite splitting in effect" type="pytest.skip">src/pymortests/operators.py:103: &lt;py._xmlgen.raw object at 0x7f1ddfc9fb00&gt;</skipped></testcase><testcase classname="src.pymortests.operators" file="src/pymortests/operators.py" line="103" name="test_rmul[&lt;lambda&gt;4]" time="0.00043272972106933594"><skipped message="Suite splitting in effect" type="pytest.skip">src/pymortests/operators.py:103: &lt;py._xmlgen.raw object at 0x7f1dd48252b0&gt;</skipped></testcase><testcase classname="src.pymortests.operators" file="src/pymortests/operators.py" line="103" name="test_rmul[&lt;lambda&gt;5]" time="0.0004298686981201172"><skipped message="Suite splitting in effect" type="pytest.skip">src/pymortests/operators.py:103: &lt;py._xmlgen.raw object at 0x7f1dd47cf940&gt;</skipped></testcase><testcase classname="src.pymortests.operators" file="src/pymortests/operators.py" line="103" name="test_rmul[&lt;lambda&gt;6]" time="0.0004267692565917969"><skipped message="Suite splitting in effect" type="pytest.skip">src/pymortests/operators.py:103: &lt;py._xmlgen.raw object at 0x7f1ddfbf3630&gt;</skipped></testcase><testcase classname="src.pymortests.operators" file="src/pymortests/operators.py" line="103" name="test_rmul[&lt;lambda&gt;7]" time="0.0004146099090576172"><skipped message="Suite splitting in effect" type="pytest.skip">src/pymortests/operators.py:103: &lt;py._xmlgen.raw object at 0x7f1dd47e8e10&gt;</skipped></testcase><testcase classname="src.pymortests.operators" file="src/pymortests/operators.py" line="103" name="test_rmul[&lt;lambda&gt;8]" time="0.0004353523254394531"><skipped message="Suite splitting in effect" type="pytest.skip">src/pymortests/operators.py:103: &lt;py._xmlgen.raw object at 0x7f1dd477f160&gt;</skipped></testcase><testcase classname="src.pymortests.operators" file="src/pymortests/operators.py" line="103" name="test_rmul[&lt;lambda&gt;9]" time="0.0007123947143554688"><skipped message="Suite splitting in effect" type="pytest.skip">src/pymortests/operators.py:103: &lt;py._xmlgen.raw object at 0x7f1dd477f908&gt;</skipped></testcase><testcase classname="src.pymortests.operators" file="src/pymortests/operators.py" line="103" name="test_rmul[&lt;lambda&gt;10]" time="0.00042629241943359375"><skipped message="Suite splitting in effect" type="pytest.skip">src/pymortests/operators.py:103: &lt;py._xmlgen.raw object at 0x7f1ddfbf3b70&gt;</skipped></testcase><testcase classname="src.pymortests.operators" file="src/pymortests/operators.py" line="103" name="test_rmul[&lt;lambda&gt;11]" time="0.0004627704620361328"><skipped message="Suite splitting in effect" type="pytest.skip">src/pymortests/operators.py:103: &lt;py._xmlgen.raw object at 0x7f1dd47e3f28&gt;</skipped></testcase><testcase classname="src.pymortests.operators" file="src/pymortests/operators.py" line="103" name="test_rmul[&lt;lambda&gt;12]" time="0.0004413127899169922"><skipped message="Suite splitting in effect" type="pytest.skip">src/pymortests/operators.py:103: &lt;py._xmlgen.raw object at 0x7f1dd4825dd8&gt;</skipped></testcase><testcase classname="src.pymortests.operators" file="src/pymortests/operators.py" line="103" name="test_rmul[&lt;lambda&gt;13]" time="0.00042247772216796875"><skipped message="Suite splitting in effect" type="pytest.skip">src/pymortests/operators.py:103: &lt;py._xmlgen.raw object at 0x7f1ddfc9fb00&gt;</skipped></testcase><testcase classname="src.pymortests.operators" file="src/pymortests/operators.py" line="103" name="test_rmul[&lt;lambda&gt;14]" time="0.0004515647888183594"><skipped message="Suite splitting in effect" type="pytest.skip">src/pymortests/operators.py:103: &lt;py._xmlgen.raw object at 0x7f1dd47f3cf8&gt;</skipped></testcase><testcase classname="src.pymortests.operators" file="src/pymortests/operators.py" line="103" name="test_rmul[&lt;lambda&gt;15]" time="0.0004749298095703125"><skipped message="Suite splitting in effect" type="pytest.skip">src/pymortests/operators.py:103: &lt;py._xmlgen.raw object at 0x7f1dd477fa20&gt;</skipped></testcase><testcase classname="src.pymortests.operators" file="src/pymortests/operators.py" line="103" name="test_rmul[&lt;lambda&gt;16]" time="0.0004482269287109375"><skipped message="Suite splitting in effect" type="pytest.skip">src/pymortests/operators.py:103: &lt;py._xmlgen.raw object at 0x7f1dd477f438&gt;</skipped></testcase><testcase classname="src.pymortests.operators" file="src/pymortests/operators.py" line="103" name="test_rmul[&lt;lambda&gt;17]" time="0.0010209083557128906"><skipped message="Suite splitting in effect" type="pytest.skip">src/pymortests/operators.py:103: &lt;py._xmlgen.raw object at 0x7f1dd477ff28&gt;</skipped></testcase><testcase classname="src.pymortests.operators" file="src/pymortests/operators.py" line="103" name="test_rmul[&lt;lambda&gt;18]" time="0.00043845176696777344"><skipped message="Suite splitting in effect" type="pytest.skip">src/pymortests/operators.py:103: &lt;py._xmlgen.raw object at 0x7f1ddfc5fb70&gt;</skipped></testcase><testcase classname="src.pymortests.operators" file="src/pymortests/operators.py" line="103" name="test_rmul[&lt;lambda&gt;19]" time="0.0004496574401855469"><skipped message="Suite splitting in effect" type="pytest.skip">src/pymortests/operators.py:103: &lt;py._xmlgen.raw object at 0x7f1ddfc14828&gt;</skipped></testcase><testcase classname="src.pymortests.operators" file="src/pymortests/operators.py" line="103" name="test_rmul[&lt;lambda&gt;20]" time="0.0004589557647705078"><skipped message="Suite splitting in effect" type="pytest.skip">src/pymortests/operators.py:103: &lt;py._xmlgen.raw object at 0x7f1dd477fbe0&gt;</skipped></testcase><testcase classname="src.pymortests.operators" file="src/pymortests/operators.py" line="103" name="test_rmul[&lt;lambda&gt;21]" time="0.00041747093200683594"><skipped message="Suite splitting in effect" type="pytest.skip">src/pymortests/operators.py:103: &lt;py._xmlgen.raw object at 0x7f1dd477f128&gt;</skipped></testcase><testcase classname="src.pymortests.operators" file="src/pymortests/operators.py" line="103" name="test_rmul[&lt;lambda&gt;22]" time="0.0004429817199707031"><skipped message="Suite splitting in effect" type="pytest.skip">src/pymortests/operators.py:103: &lt;py._xmlgen.raw object at 0x7f1dd47f36d8&gt;</skipped></testcase><testcase classname="src.pymortests.operators" file="src/pymortests/operators.py" line="103" name="test_rmul[&lt;lambda&gt;23]" time="0.0004253387451171875"><skipped message="Suite splitting in effect" type="pytest.skip">src/pymortests/operators.py:103: &lt;py._xmlgen.raw object at 0x7f1dd47f3d68&gt;</skipped></testcase><testcase classname="src.pymortests.operators" file="src/pymortests/operators.py" line="103" name="test_rmul[&lt;lambda&gt;24]" time="0.0004248619079589844"><skipped message="Suite splitting in effect" type="pytest.skip">src/pymortests/operators.py:103: &lt;py._xmlgen.raw object at 0x7f1dd47e87f0&gt;</skipped></testcase><testcase classname="src.pymortests.operators" file="src/pymortests/operators.py" line="103" name="test_rmul[&lt;lambda&gt;25]" time="0.0004265308380126953"><skipped message="Suite splitting in effect" type="pytest.skip">src/pymortests/operators.py:103: &lt;py._xmlgen.raw object at 0x7f1dd47e34e0&gt;</skipped></testcase><testcase classname="src.pymortests.operators" file="src/pymortests/operators.py" line="103" name="test_rmul[&lt;lambda&gt;26]" time="0.0007262229919433594"><skipped message="Suite splitting in effect" type="pytest.skip">src/pymortests/operators.py:103: &lt;py._xmlgen.raw object at 0x7f1dd47e8668&gt;</skipped></testcase><testcase classname="src.pymortests.operators" file="src/pymortests/operators.py" line="103" name="test_rmul[&lt;lambda&gt;27]" time="0.0004305839538574219"><skipped message="Suite splitting in effect" type="pytest.skip">src/pymortests/operators.py:103: &lt;py._xmlgen.raw object at 0x7f1dd47f3198&gt;</skipped></testcase><testcase classname="src.pymortests.operators" file="src/pymortests/operators.py" line="103" name="test_rmul[&lt;lambda&gt;28]" time="0.0004444122314453125"><skipped message="Suite splitting in effect" type="pytest.skip">src/pymortests/operators.py:103: &lt;py._xmlgen.raw object at 0x7f1dd477f668&gt;</skipped></testcase><testcase classname="src.pymortests.operators" file="src/pymortests/operators.py" line="103" name="test_rmul[&lt;lambda&gt;29]" time="0.0004191398620605469"><skipped message="Suite splitting in effect" type="pytest.skip">src/pymortests/operators.py:103: &lt;py._xmlgen.raw object at 0x7f1dd477fb38&gt;</skipped></testcase><testcase classname="src.pymortests.operators" file="src/pymortests/operators.py" line="103" name="test_rmul[&lt;lambda&gt;30]" time="0.00043129920959472656"><skipped message="Suite splitting in effect" type="pytest.skip">src/pymortests/operators.py:103: &lt;py._xmlgen.raw object at 0x7f1ddfc146d8&gt;</skipped></testcase><testcase classname="src.pymortests.operators" file="src/pymortests/operators.py" line="103" name="test_rmul[&lt;lambda&gt;31]" time="0.00041031837463378906"><skipped message="Suite splitting in effect" type="pytest.skip">src/pymortests/operators.py:103: &lt;py._xmlgen.raw object at 0x7f1dd4835208&gt;</skipped></testcase><testcase classname="src.pymortests.operators" file="src/pymortests/operators.py" line="103" name="test_rmul[&lt;lambda&gt;32]" time="0.00041174888610839844"><skipped message="Suite splitting in effect" type="pytest.skip">src/pymortests/operators.py:103: &lt;py._xmlgen.raw object at 0x7f1dd47e32e8&gt;</skipped></testcase><testcase classname="src.pymortests.operators" file="src/pymortests/operators.py" line="103" name="test_rmul[&lt;lambda&gt;33]" time="0.0004343986511230469"><skipped message="Suite splitting in effect" type="pytest.skip">src/pymortests/operators.py:103: &lt;py._xmlgen.raw object at 0x7f1dd47cf630&gt;</skipped></testcase><testcase classname="src.pymortests.operators" file="src/pymortests/operators.py" line="103" name="test_rmul[&lt;lambda&gt;34]" time="0.0007355213165283203"><skipped message="Suite splitting in effect" type="pytest.skip">src/pymortests/operators.py:103: &lt;py._xmlgen.raw object at 0x7f1dd47cf668&gt;</skipped></testcase><testcase classname="src.pymortests.operators" file="src/pymortests/operators.py" line="103" name="test_rmul[&lt;lambda&gt;35]" time="0.0004336833953857422"><skipped message="Suite splitting in effect" type="pytest.skip">src/pymortests/operators.py:103: &lt;py._xmlgen.raw object at 0x7f1dd47e3c18&gt;</skipped></testcase><testcase classname="src.pymortests.operators" file="src/pymortests/operators.py" line="103" name="test_rmul[&lt;lambda&gt;36]" time="0.0004322528839111328"><skipped message="Suite splitting in effect" type="pytest.skip">src/pymortests/operators.py:103: &lt;py._xmlgen.raw object at 0x7f1ddfc1e390&gt;</skipped></testcase><testcase classname="src.pymortests.operators" file="src/pymortests/operators.py" line="103" name="test_rmul[&lt;lambda&gt;37]" time="0.0004057884216308594"><skipped message="Suite splitting in effect" type="pytest.skip">src/pymortests/operators.py:103: &lt;py._xmlgen.raw object at 0x7f1ddfc14240&gt;</skipped></testcase><testcase classname="src.pymortests.operators" file="src/pymortests/operators.py" line="103" name="test_rmul[&lt;lambda&gt;38]" time="0.0004203319549560547"><skipped message="Suite splitting in effect" type="pytest.skip">src/pymortests/operators.py:103: &lt;py._xmlgen.raw object at 0x7f1dd477fc88&gt;</skipped></testcase><testcase classname="src.pymortests.operators" file="src/pymortests/operators.py" line="103" name="test_rmul[&lt;lambda&gt;39]" time="0.00042939186096191406"><skipped message="Suite splitting in effect" type="pytest.skip">src/pymortests/operators.py:103: &lt;py._xmlgen.raw object at 0x7f1dd47f3278&gt;</skipped></testcase><testcase classname="src.pymortests.operators" file="src/pymortests/operators.py" line="103" name="test_rmul[&lt;lambda&gt;40]" time="0.0004525184631347656"><skipped message="Suite splitting in effect" type="pytest.skip">src/pymortests/operators.py:103: &lt;py._xmlgen.raw object at 0x7f1dd47e8e80&gt;</skipped></testcase><testcase classname="src.pymortests.operators" file="src/pymortests/operators.py" line="110" name="test_neg[&lt;lambda&gt;0]" time="0.0004246234893798828"><skipped message="Suite splitting in effect" type="pytest.skip">src/pymortests/operators.py:110: &lt;py._xmlgen.raw object at 0x7f1dd478e470&gt;</skipped></testcase><testcase classname="src.pymortests.operators" file="src/pymortests/operators.py" line="110" name="test_neg[&lt;lambda&gt;1]" time="0.0008356571197509766"><skipped message="Suite splitting in effect" type="pytest.skip">src/pymortests/operators.py:110: &lt;py._xmlgen.raw object at 0x7f1dd478e9b0&gt;</skipped></testcase><testcase classname="src.pymortests.operators" file="src/pymortests/operators.py" line="110" name="test_neg[&lt;lambda&gt;2]" time="0.00041222572326660156"><skipped message="Suite splitting in effect" type="pytest.skip">src/pymortests/operators.py:110: &lt;py._xmlgen.raw object at 0x7f1dd47f3a90&gt;</skipped></testcase><testcase classname="src.pymortests.operators" file="src/pymortests/operators.py" line="110" name="test_neg[&lt;lambda&gt;3]" time="0.0004086494445800781"><skipped message="Suite splitting in effect" type="pytest.skip">src/pymortests/operators.py:110: &lt;py._xmlgen.raw object at 0x7f1dd477fc18&gt;</skipped></testcase><testcase classname="src.pymortests.operators" file="src/pymortests/operators.py" line="110" name="test_neg[&lt;lambda&gt;4]" time="0.0004253387451171875"><skipped message="Suite splitting in effect" type="pytest.skip">src/pymortests/operators.py:110: &lt;py._xmlgen.raw object at 0x7f1ddfc14d68&gt;</skipped></testcase><testcase classname="src.pymortests.operators" file="src/pymortests/operators.py" line="110" name="test_neg[&lt;lambda&gt;5]" time="0.00040841102600097656"><skipped message="Suite splitting in effect" type="pytest.skip">src/pymortests/operators.py:110: &lt;py._xmlgen.raw object at 0x7f1dd4835048&gt;</skipped></testcase><testcase classname="src.pymortests.operators" file="src/pymortests/operators.py" line="110" name="test_neg[&lt;lambda&gt;6]" time="0.0004534721374511719"><skipped message="Suite splitting in effect" type="pytest.skip">src/pymortests/operators.py:110: &lt;py._xmlgen.raw object at 0x7f1dd47e3828&gt;</skipped></testcase><testcase classname="src.pymortests.operators" file="src/pymortests/operators.py" line="110" name="test_neg[&lt;lambda&gt;7]" time="0.00043201446533203125"><skipped message="Suite splitting in effect" type="pytest.skip">src/pymortests/operators.py:110: &lt;py._xmlgen.raw object at 0x7f1dd478e4e0&gt;</skipped></testcase><testcase classname="src.pymortests.operators" file="src/pymortests/operators.py" line="110" name="test_neg[&lt;lambda&gt;8]" time="0.00044345855712890625"><skipped message="Suite splitting in effect" type="pytest.skip">src/pymortests/operators.py:110: &lt;py._xmlgen.raw object at 0x7f1dd478e358&gt;</skipped></testcase><testcase classname="src.pymortests.operators" file="src/pymortests/operators.py" line="110" name="test_neg[&lt;lambda&gt;9]" time="0.0007266998291015625"><skipped message="Suite splitting in effect" type="pytest.skip">src/pymortests/operators.py:110: &lt;py._xmlgen.raw object at 0x7f1dd478eef0&gt;</skipped></testcase><testcase classname="src.pymortests.operators" file="src/pymortests/operators.py" line="110" name="test_neg[&lt;lambda&gt;10]" time="0.0004076957702636719"><skipped message="Suite splitting in effect" type="pytest.skip">src/pymortests/operators.py:110: &lt;py._xmlgen.raw object at 0x7f1dd478ed68&gt;</skipped></testcase><testcase classname="src.pymortests.operators" file="src/pymortests/operators.py" line="110" name="test_neg[&lt;lambda&gt;11]" time="0.0004057884216308594"><skipped message="Suite splitting in effect" type="pytest.skip">src/pymortests/operators.py:110: &lt;py._xmlgen.raw object at 0x7f1dd478e668&gt;</skipped></testcase><testcase classname="src.pymortests.operators" file="src/pymortests/operators.py" line="110" name="test_neg[&lt;lambda&gt;12]" time="0.0004203319549560547"><skipped message="Suite splitting in effect" type="pytest.skip">src/pymortests/operators.py:110: &lt;py._xmlgen.raw object at 0x7f1ddfbf3f60&gt;</skipped></testcase><testcase classname="src.pymortests.operators" file="src/pymortests/operators.py" line="110" name="test_neg[&lt;lambda&gt;13]" time="0.0004303455352783203"><skipped message="Suite splitting in effect" type="pytest.skip">src/pymortests/operators.py:110: &lt;py._xmlgen.raw object at 0x7f1ddfc14f60&gt;</skipped></testcase><testcase classname="src.pymortests.operators" file="src/pymortests/operators.py" line="110" name="test_neg[&lt;lambda&gt;14]" time="0.0004584789276123047"><skipped message="Suite splitting in effect" type="pytest.skip">src/pymortests/operators.py:110: &lt;py._xmlgen.raw object at 0x7f1dd477fc18&gt;</skipped></testcase><testcase classname="src.pymortests.operators" file="src/pymortests/operators.py" line="110" name="test_neg[&lt;lambda&gt;15]" time="0.0004820823669433594"><skipped message="Suite splitting in effect" type="pytest.skip">src/pymortests/operators.py:110: &lt;py._xmlgen.raw object at 0x7f1dd47f3f60&gt;</skipped></testcase><testcase classname="src.pymortests.operators" file="src/pymortests/operators.py" line="110" name="test_neg[&lt;lambda&gt;16]" time="0.000438690185546875"><skipped message="Suite splitting in effect" type="pytest.skip">src/pymortests/operators.py:110: &lt;py._xmlgen.raw object at 0x7f1dd47e8e80&gt;</skipped></testcase><testcase classname="src.pymortests.operators" file="src/pymortests/operators.py" line="110" name="test_neg[&lt;lambda&gt;17]" time="0.0006968975067138672"><skipped message="Suite splitting in effect" type="pytest.skip">src/pymortests/operators.py:110: &lt;py._xmlgen.raw object at 0x7f1dd4798550&gt;</skipped></testcase><testcase classname="src.pymortests.operators" file="src/pymortests/operators.py" line="110" name="test_neg[&lt;lambda&gt;18]" time="0.00042128562927246094"><skipped message="Suite splitting in effect" type="pytest.skip">src/pymortests/operators.py:110: &lt;py._xmlgen.raw object at 0x7f1dd47f3d30&gt;</skipped></testcase><testcase classname="src.pymortests.operators" file="src/pymortests/operators.py" line="110" name="test_neg[&lt;lambda&gt;19]" time="0.0004296302795410156"><skipped message="Suite splitting in effect" type="pytest.skip">src/pymortests/operators.py:110: &lt;py._xmlgen.raw object at 0x7f1dd477f978&gt;</skipped></testcase><testcase classname="src.pymortests.operators" file="src/pymortests/operators.py" line="110" name="test_neg[&lt;lambda&gt;20]" time="0.0004343986511230469"><skipped message="Suite splitting in effect" type="pytest.skip">src/pymortests/operators.py:110: &lt;py._xmlgen.raw object at 0x7f1ddfc1e2e8&gt;</skipped></testcase><testcase classname="src.pymortests.operators" file="src/pymortests/operators.py" line="110" name="test_neg[&lt;lambda&gt;21]" time="0.0004565715789794922"><skipped message="Suite splitting in effect" type="pytest.skip">src/pymortests/operators.py:110: &lt;py._xmlgen.raw object at 0x7f1dd47bce80&gt;</skipped></testcase><testcase classname="src.pymortests.operators" file="src/pymortests/operators.py" line="110" name="test_neg[&lt;lambda&gt;22]" time="0.0004544258117675781"><skipped message="Suite splitting in effect" type="pytest.skip">src/pymortests/operators.py:110: &lt;py._xmlgen.raw object at 0x7f1dd478e048&gt;</skipped></testcase><testcase classname="src.pymortests.operators" file="src/pymortests/operators.py" line="110" name="test_neg[&lt;lambda&gt;23]" time="0.0004177093505859375"><skipped message="Suite splitting in effect" type="pytest.skip">src/pymortests/operators.py:110: &lt;py._xmlgen.raw object at 0x7f1dd47cf5f8&gt;</skipped></testcase><testcase classname="src.pymortests.operators" file="src/pymortests/operators.py" line="110" name="test_neg[&lt;lambda&gt;24]" time="0.0004382133483886719"><skipped message="Suite splitting in effect" type="pytest.skip">src/pymortests/operators.py:110: &lt;py._xmlgen.raw object at 0x7f1dd47980b8&gt;</skipped></testcase><testcase classname="src.pymortests.operators" file="src/pymortests/operators.py" line="110" name="test_neg[&lt;lambda&gt;25]" time="0.0006933212280273438"><skipped message="Suite splitting in effect" type="pytest.skip">src/pymortests/operators.py:110: &lt;py._xmlgen.raw object at 0x7f1dd4798b70&gt;</skipped></testcase><testcase classname="src.pymortests.operators" file="src/pymortests/operators.py" line="110" name="test_neg[&lt;lambda&gt;26]" time="0.00045371055603027344"><skipped message="Suite splitting in effect" type="pytest.skip">src/pymortests/operators.py:110: &lt;py._xmlgen.raw object at 0x7f1dd478e048&gt;</skipped></testcase><testcase classname="src.pymortests.operators" file="src/pymortests/operators.py" line="110" name="test_neg[&lt;lambda&gt;27]" time="0.00043582916259765625"><skipped message="Suite splitting in effect" type="pytest.skip">src/pymortests/operators.py:110: &lt;py._xmlgen.raw object at 0x7f1dd47bce80&gt;</skipped></testcase><testcase classname="src.pymortests.operators" file="src/pymortests/operators.py" line="110" name="test_neg[&lt;lambda&gt;28]" time="0.0004506111145019531"><skipped message="Suite splitting in effect" type="pytest.skip">src/pymortests/operators.py:110: &lt;py._xmlgen.raw object at 0x7f1ddfc1e9b0&gt;</skipped></testcase><testcase classname="src.pymortests.operators" file="src/pymortests/operators.py" line="110" name="test_neg[&lt;lambda&gt;29]" time="0.00042247772216796875"><skipped message="Suite splitting in effect" type="pytest.skip">src/pymortests/operators.py:110: &lt;py._xmlgen.raw object at 0x7f1dd477f048&gt;</skipped></testcase><testcase classname="src.pymortests.operators" file="src/pymortests/operators.py" line="110" name="test_neg[&lt;lambda&gt;30]" time="0.00043272972106933594"><skipped message="Suite splitting in effect" type="pytest.skip">src/pymortests/operators.py:110: &lt;py._xmlgen.raw object at 0x7f1ddfbb68d0&gt;</skipped></testcase><testcase classname="src.pymortests.operators" file="src/pymortests/operators.py" line="110" name="test_neg[&lt;lambda&gt;31]" time="0.0004239082336425781"><skipped message="Suite splitting in effect" type="pytest.skip">src/pymortests/operators.py:110: &lt;py._xmlgen.raw object at 0x7f1dd4798278&gt;</skipped></testcase><testcase classname="src.pymortests.operators" file="src/pymortests/operators.py" line="110" name="test_neg[&lt;lambda&gt;32]" time="0.0004184246063232422"><skipped message="Suite splitting in effect" type="pytest.skip">src/pymortests/operators.py:110: &lt;py._xmlgen.raw object at 0x7f1dd4798320&gt;</skipped></testcase><testcase classname="src.pymortests.operators" file="src/pymortests/operators.py" line="110" name="test_neg[&lt;lambda&gt;33]" time="0.0007274150848388672"><skipped message="Suite splitting in effect" type="pytest.skip">src/pymortests/operators.py:110: &lt;py._xmlgen.raw object at 0x7f1dd47a21d0&gt;</skipped></testcase><testcase classname="src.pymortests.operators" file="src/pymortests/operators.py" line="110" name="test_neg[&lt;lambda&gt;34]" time="0.0004315376281738281"><skipped message="Suite splitting in effect" type="pytest.skip">src/pymortests/operators.py:110: &lt;py._xmlgen.raw object at 0x7f1dd4798128&gt;</skipped></testcase><testcase classname="src.pymortests.operators" file="src/pymortests/operators.py" line="110" name="test_neg[&lt;lambda&gt;35]" time="0.0004451274871826172"><skipped message="Suite splitting in effect" type="pytest.skip">src/pymortests/operators.py:110: &lt;py._xmlgen.raw object at 0x7f1dd47f3a58&gt;</skipped></testcase><testcase classname="src.pymortests.operators" file="src/pymortests/operators.py" line="110" name="test_neg[&lt;lambda&gt;36]" time="0.00043463706970214844"><skipped message="Suite splitting in effect" type="pytest.skip">src/pymortests/operators.py:110: &lt;py._xmlgen.raw object at 0x7f1dd477f9e8&gt;</skipped></testcase><testcase classname="src.pymortests.operators" file="src/pymortests/operators.py" line="110" name="test_neg[&lt;lambda&gt;37]" time="0.00044798851013183594"><skipped message="Suite splitting in effect" type="pytest.skip">src/pymortests/operators.py:110: &lt;py._xmlgen.raw object at 0x7f1ddfc500f0&gt;</skipped></testcase><testcase classname="src.pymortests.operators" file="src/pymortests/operators.py" line="110" name="test_neg[&lt;lambda&gt;38]" time="0.0004894733428955078"><skipped message="Suite splitting in effect" type="pytest.skip">src/pymortests/operators.py:110: &lt;py._xmlgen.raw object at 0x7f1ddfbc26d8&gt;</skipped></testcase><testcase classname="src.pymortests.operators" file="src/pymortests/operators.py" line="110" name="test_neg[&lt;lambda&gt;39]" time="0.00045800209045410156"><skipped message="Suite splitting in effect" type="pytest.skip">src/pymortests/operators.py:110: &lt;py._xmlgen.raw object at 0x7f1dd478e128&gt;</skipped></testcase><testcase classname="src.pymortests.operators" file="src/pymortests/operators.py" line="110" name="test_neg[&lt;lambda&gt;40]" time="0.0005297660827636719"><skipped message="Suite splitting in effect" type="pytest.skip">src/pymortests/operators.py:110: &lt;py._xmlgen.raw object at 0x7f1dd47a2048&gt;</skipped></testcase><testcase classname="src.pymortests.operators" file="src/pymortests/operators.py" line="116" name="test_apply2[&lt;lambda&gt;0]" time="0.0007894039154052734"><skipped message="Suite splitting in effect" type="pytest.skip">src/pymortests/operators.py:116: &lt;py._xmlgen.raw object at 0x7f1dd47a27f0&gt;</skipped></testcase><testcase classname="src.pymortests.operators" file="src/pymortests/operators.py" line="116" name="test_apply2[&lt;lambda&gt;1]" time="0.0004229545593261719"><skipped message="Suite splitting in effect" type="pytest.skip">src/pymortests/operators.py:116: &lt;py._xmlgen.raw object at 0x7f1dd478e828&gt;</skipped></testcase><testcase classname="src.pymortests.operators" file="src/pymortests/operators.py" line="116" name="test_apply2[&lt;lambda&gt;2]" time="0.0004296302795410156"><skipped message="Suite splitting in effect" type="pytest.skip">src/pymortests/operators.py:116: &lt;py._xmlgen.raw object at 0x7f1ddfbc26d8&gt;</skipped></testcase><testcase classname="src.pymortests.operators" file="src/pymortests/operators.py" line="116" name="test_apply2[&lt;lambda&gt;3]" time="0.00042557716369628906"><skipped message="Suite splitting in effect" type="pytest.skip">src/pymortests/operators.py:116: &lt;py._xmlgen.raw object at 0x7f1dd47e3828&gt;</skipped></testcase><testcase classname="src.pymortests.operators" file="src/pymortests/operators.py" line="116" name="test_apply2[&lt;lambda&gt;4]" time="0.0004734992980957031"><skipped message="Suite splitting in effect" type="pytest.skip">src/pymortests/operators.py:116: &lt;py._xmlgen.raw object at 0x7f1ddfbb68d0&gt;</skipped></testcase><testcase classname="src.pymortests.operators" file="src/pymortests/operators.py" line="116" name="test_apply2[&lt;lambda&gt;5]" time="0.0004711151123046875"><skipped message="Suite splitting in effect" type="pytest.skip">src/pymortests/operators.py:116: &lt;py._xmlgen.raw object at 0x7f1dd4798c88&gt;</skipped></testcase><testcase classname="src.pymortests.operators" file="src/pymortests/operators.py" line="116" name="test_apply2[&lt;lambda&gt;6]" time="0.00043320655822753906"><skipped message="Suite splitting in effect" type="pytest.skip">src/pymortests/operators.py:116: &lt;py._xmlgen.raw object at 0x7f1dd47a2518&gt;</skipped></testcase><testcase classname="src.pymortests.operators" file="src/pymortests/operators.py" line="116" name="test_apply2[&lt;lambda&gt;7]" time="0.0004417896270751953"><skipped message="Suite splitting in effect" type="pytest.skip">src/pymortests/operators.py:116: &lt;py._xmlgen.raw object at 0x7f1dd47a2048&gt;</skipped></testcase><testcase classname="src.pymortests.operators" file="src/pymortests/operators.py" line="116" name="test_apply2[&lt;lambda&gt;8]" time="0.0007612705230712891"><skipped message="Suite splitting in effect" type="pytest.skip">src/pymortests/operators.py:116: &lt;py._xmlgen.raw object at 0x7f1dd47a2e10&gt;</skipped></testcase><testcase classname="src.pymortests.operators" file="src/pymortests/operators.py" line="116" name="test_apply2[&lt;lambda&gt;9]" time="0.00042724609375"><skipped message="Suite splitting in effect" type="pytest.skip">src/pymortests/operators.py:116: &lt;py._xmlgen.raw object at 0x7f1dd4798c88&gt;</skipped></testcase><testcase classname="src.pymortests.operators" file="src/pymortests/operators.py" line="116" name="test_apply2[&lt;lambda&gt;10]" time="0.0004405975341796875"><skipped message="Suite splitting in effect" type="pytest.skip">src/pymortests/operators.py:116: &lt;py._xmlgen.raw object at 0x7f1dd477f9e8&gt;</skipped></testcase><testcase classname="src.pymortests.operators" file="src/pymortests/operators.py" line="116" name="test_apply2[&lt;lambda&gt;11]" time="0.00042557716369628906"><skipped message="Suite splitting in effect" type="pytest.skip">src/pymortests/operators.py:116: &lt;py._xmlgen.raw object at 0x7f1ddfc140f0&gt;</skipped></testcase><testcase classname="src.pymortests.operators" file="src/pymortests/operators.py" line="116" name="test_apply2[&lt;lambda&gt;12]" time="0.0004372596740722656"><skipped message="Suite splitting in effect" type="pytest.skip">src/pymortests/operators.py:116: &lt;py._xmlgen.raw object at 0x7f1ddfbd6e10&gt;</skipped></testcase><testcase classname="src.pymortests.operators" file="src/pymortests/operators.py" line="116" name="test_apply2[&lt;lambda&gt;13]" time="0.0004448890686035156"><skipped message="Suite splitting in effect" type="pytest.skip">src/pymortests/operators.py:116: &lt;py._xmlgen.raw object at 0x7f1dd478e198&gt;</skipped></testcase><testcase classname="src.pymortests.operators" file="src/pymortests/operators.py" line="116" name="test_apply2[&lt;lambda&gt;14]" time="0.00043702125549316406"><skipped message="Suite splitting in effect" type="pytest.skip">src/pymortests/operators.py:116: &lt;py._xmlgen.raw object at 0x7f1dd47a2b70&gt;</skipped></testcase><testcase classname="src.pymortests.operators" file="src/pymortests/operators.py" line="116" name="test_apply2[&lt;lambda&gt;15]" time="0.0004277229309082031"><skipped message="Suite splitting in effect" type="pytest.skip">src/pymortests/operators.py:116: &lt;py._xmlgen.raw object at 0x7f1dd47a28d0&gt;</skipped></testcase><testcase classname="src.pymortests.operators" file="src/pymortests/operators.py" line="116" name="test_apply2[&lt;lambda&gt;16]" time="0.0007038116455078125"><skipped message="Suite splitting in effect" type="pytest.skip">src/pymortests/operators.py:116: &lt;py._xmlgen.raw object at 0x7f1dd47ad470&gt;</skipped></testcase><testcase classname="src.pymortests.operators" file="src/pymortests/operators.py" line="116" name="test_apply2[&lt;lambda&gt;17]" time="0.000446319580078125"><skipped message="Suite splitting in effect" type="pytest.skip">src/pymortests/operators.py:116: &lt;py._xmlgen.raw object at 0x7f1dd47a2940&gt;</skipped></testcase><testcase classname="src.pymortests.operators" file="src/pymortests/operators.py" line="116" name="test_apply2[&lt;lambda&gt;18]" time="0.00045418739318847656"><skipped message="Suite splitting in effect" type="pytest.skip">src/pymortests/operators.py:116: &lt;py._xmlgen.raw object at 0x7f1dd478ea20&gt;</skipped></testcase><testcase classname="src.pymortests.operators" file="src/pymortests/operators.py" line="116" name="test_apply2[&lt;lambda&gt;19]" time="0.0004353523254394531"><skipped message="Suite splitting in effect" type="pytest.skip">src/pymortests/operators.py:116: &lt;py._xmlgen.raw object at 0x7f1ddfbc2240&gt;</skipped></testcase><testcase classname="src.pymortests.operators" file="src/pymortests/operators.py" line="116" name="test_apply2[&lt;lambda&gt;20]" time="0.00048065185546875"><skipped message="Suite splitting in effect" type="pytest.skip">src/pymortests/operators.py:116: &lt;py._xmlgen.raw object at 0x7f1ddfc1e0f0&gt;</skipped></testcase><testcase classname="src.pymortests.operators" file="src/pymortests/operators.py" line="116" name="test_apply2[&lt;lambda&gt;21]" time="0.00045609474182128906"><skipped message="Suite splitting in effect" type="pytest.skip">src/pymortests/operators.py:116: &lt;py._xmlgen.raw object at 0x7f1ddfbb6cc0&gt;</skipped></testcase><testcase classname="src.pymortests.operators" file="src/pymortests/operators.py" line="116" name="test_apply2[&lt;lambda&gt;22]" time="0.000476837158203125"><skipped message="Suite splitting in effect" type="pytest.skip">src/pymortests/operators.py:116: &lt;py._xmlgen.raw object at 0x7f1dd4798320&gt;</skipped></testcase><testcase classname="src.pymortests.operators" file="src/pymortests/operators.py" line="116" name="test_apply2[&lt;lambda&gt;23]" time="0.0004706382751464844"><skipped message="Suite splitting in effect" type="pytest.skip">src/pymortests/operators.py:116: &lt;py._xmlgen.raw object at 0x7f1dd47ad2e8&gt;</skipped></testcase><testcase classname="src.pymortests.operators" file="src/pymortests/operators.py" line="116" name="test_apply2[&lt;lambda&gt;24]" time="0.0007119178771972656"><skipped message="Suite splitting in effect" type="pytest.skip">src/pymortests/operators.py:116: &lt;py._xmlgen.raw object at 0x7f1dd47ada90&gt;</skipped></testcase><testcase classname="src.pymortests.operators" file="src/pymortests/operators.py" line="116" name="test_apply2[&lt;lambda&gt;25]" time="0.0004260540008544922"><skipped message="Suite splitting in effect" type="pytest.skip">src/pymortests/operators.py:116: &lt;py._xmlgen.raw object at 0x7f1dd477f048&gt;</skipped></testcase><testcase classname="src.pymortests.operators" file="src/pymortests/operators.py" line="116" name="test_apply2[&lt;lambda&gt;26]" time="0.00047397613525390625"><skipped message="Suite splitting in effect" type="pytest.skip">src/pymortests/operators.py:116: &lt;py._xmlgen.raw object at 0x7f1dd4835668&gt;</skipped></testcase><testcase classname="src.pymortests.operators" file="src/pymortests/operators.py" line="116" name="test_apply2[&lt;lambda&gt;27]" time="0.0004639625549316406"><skipped message="Suite splitting in effect" type="pytest.skip">src/pymortests/operators.py:116: &lt;py._xmlgen.raw object at 0x7f1ddfbd6ac8&gt;</skipped></testcase><testcase classname="src.pymortests.operators" file="src/pymortests/operators.py" line="116" name="test_apply2[&lt;lambda&gt;28]" time="0.0004429817199707031"><skipped message="Suite splitting in effect" type="pytest.skip">src/pymortests/operators.py:116: &lt;py._xmlgen.raw object at 0x7f1dd478ea20&gt;</skipped></testcase><testcase classname="src.pymortests.operators" file="src/pymortests/operators.py" line="116" name="test_apply2[&lt;lambda&gt;29]" time="0.0004210472106933594"><skipped message="Suite splitting in effect" type="pytest.skip">src/pymortests/operators.py:116: &lt;py._xmlgen.raw object at 0x7f1dd47a2940&gt;</skipped></testcase><testcase classname="src.pymortests.operators" file="src/pymortests/operators.py" line="116" name="test_apply2[&lt;lambda&gt;30]" time="0.00042319297790527344"><skipped message="Suite splitting in effect" type="pytest.skip">src/pymortests/operators.py:116: &lt;py._xmlgen.raw object at 0x7f1dd47adc18&gt;</skipped></testcase><testcase classname="src.pymortests.operators" file="src/pymortests/operators.py" line="116" name="test_apply2[&lt;lambda&gt;31]" time="0.0004253387451171875"><skipped message="Suite splitting in effect" type="pytest.skip">src/pymortests/operators.py:116: &lt;py._xmlgen.raw object at 0x7f1dd47ad160&gt;</skipped></testcase><testcase classname="src.pymortests.operators" file="src/pymortests/operators.py" line="116" name="test_apply2[&lt;lambda&gt;32]" time="0.0010721683502197266"><skipped message="Suite splitting in effect" type="pytest.skip">src/pymortests/operators.py:116: &lt;py._xmlgen.raw object at 0x7f1dd47b60f0&gt;</skipped></testcase><testcase classname="src.pymortests.operators" file="src/pymortests/operators.py" line="116" name="test_apply2[&lt;lambda&gt;33]" time="0.0004837512969970703"><skipped message="Suite splitting in effect" type="pytest.skip">src/pymortests/operators.py:116: &lt;py._xmlgen.raw object at 0x7f1ddfbe9588&gt;</skipped></testcase><testcase classname="src.pymortests.operators" file="src/pymortests/operators.py" line="116" name="test_apply2[&lt;lambda&gt;34]" time="0.0004642009735107422"><skipped message="Suite splitting in effect" type="pytest.skip">src/pymortests/operators.py:116: &lt;py._xmlgen.raw object at 0x7f1ddfbb6cc0&gt;</skipped></testcase><testcase classname="src.pymortests.operators" file="src/pymortests/operators.py" line="116" name="test_apply2[&lt;lambda&gt;35]" time="0.00043129920959472656"><skipped message="Suite splitting in effect" type="pytest.skip">src/pymortests/operators.py:116: &lt;py._xmlgen.raw object at 0x7f1dd47ade10&gt;</skipped></testcase><testcase classname="src.pymortests.operators" file="src/pymortests/operators.py" line="116" name="test_apply2[&lt;lambda&gt;36]" time="0.0004417896270751953"><skipped message="Suite splitting in effect" type="pytest.skip">src/pymortests/operators.py:116: &lt;py._xmlgen.raw object at 0x7f1dd47ad0b8&gt;</skipped></testcase><testcase classname="src.pymortests.operators" file="src/pymortests/operators.py" line="116" name="test_apply2[&lt;lambda&gt;37]" time="0.00042557716369628906"><skipped message="Suite splitting in effect" type="pytest.skip">src/pymortests/operators.py:116: &lt;py._xmlgen.raw object at 0x7f1dd47a22e8&gt;</skipped></testcase><testcase classname="src.pymortests.operators" file="src/pymortests/operators.py" line="116" name="test_apply2[&lt;lambda&gt;38]" time="0.0004336833953857422"><skipped message="Suite splitting in effect" type="pytest.skip">src/pymortests/operators.py:116: &lt;py._xmlgen.raw object at 0x7f1dd47a2dd8&gt;</skipped></testcase><testcase classname="src.pymortests.operators" file="src/pymortests/operators.py" line="116" name="test_apply2[&lt;lambda&gt;39]" time="0.0004367828369140625"><skipped message="Suite splitting in effect" type="pytest.skip">src/pymortests/operators.py:116: &lt;py._xmlgen.raw object at 0x7f1dd47980b8&gt;</skipped></testcase><testcase classname="src.pymortests.operators" file="src/pymortests/operators.py" line="116" name="test_apply2[&lt;lambda&gt;40]" time="0.0004456043243408203"><skipped message="Suite splitting in effect" type="pytest.skip">src/pymortests/operators.py:116: &lt;py._xmlgen.raw object at 0x7f1dd478eeb8&gt;</skipped></testcase><testcase classname="src.pymortests.operators" file="src/pymortests/operators.py" line="126" name="test_pairwise_apply2[&lt;lambda&gt;0]" time="0.0007524490356445312"><skipped message="Suite splitting in effect" type="pytest.skip">src/pymortests/operators.py:126: &lt;py._xmlgen.raw object at 0x7f1dd4798588&gt;</skipped></testcase><testcase classname="src.pymortests.operators" file="src/pymortests/operators.py" line="126" name="test_pairwise_apply2[&lt;lambda&gt;1]" time="0.00041937828063964844"><skipped message="Suite splitting in effect" type="pytest.skip">src/pymortests/operators.py:126: &lt;py._xmlgen.raw object at 0x7f1dd47a27b8&gt;</skipped></testcase><testcase classname="src.pymortests.operators" file="src/pymortests/operators.py" line="126" name="test_pairwise_apply2[&lt;lambda&gt;2]" time="0.00043272972106933594"><skipped message="Suite splitting in effect" type="pytest.skip">src/pymortests/operators.py:126: &lt;py._xmlgen.raw object at 0x7f1dd477f8d0&gt;</skipped></testcase><testcase classname="src.pymortests.operators" file="src/pymortests/operators.py" line="126" name="test_pairwise_apply2[&lt;lambda&gt;3]" time="0.000484466552734375"><skipped message="Suite splitting in effect" type="pytest.skip">src/pymortests/operators.py:126: &lt;py._xmlgen.raw object at 0x7f1dd47ad588&gt;</skipped></testcase><testcase classname="src.pymortests.operators" file="src/pymortests/operators.py" line="126" name="test_pairwise_apply2[&lt;lambda&gt;4]" time="0.0004448890686035156"><skipped message="Suite splitting in effect" type="pytest.skip">src/pymortests/operators.py:126: &lt;py._xmlgen.raw object at 0x7f1ddfb7a438&gt;</skipped></testcase><testcase classname="src.pymortests.operators" file="src/pymortests/operators.py" line="126" name="test_pairwise_apply2[&lt;lambda&gt;5]" time="0.0004432201385498047"><skipped message="Suite splitting in effect" type="pytest.skip">src/pymortests/operators.py:126: &lt;py._xmlgen.raw object at 0x7f1ddfbd6a20&gt;</skipped></testcase><testcase classname="src.pymortests.operators" file="src/pymortests/operators.py" line="126" name="test_pairwise_apply2[&lt;lambda&gt;6]" time="0.0004248619079589844"><skipped message="Suite splitting in effect" type="pytest.skip">src/pymortests/operators.py:126: &lt;py._xmlgen.raw object at 0x7f1ddfc5f8d0&gt;</skipped></testcase><testcase classname="src.pymortests.operators" file="src/pymortests/operators.py" line="126" name="test_pairwise_apply2[&lt;lambda&gt;7]" time="0.0004706382751464844"><skipped message="Suite splitting in effect" type="pytest.skip">src/pymortests/operators.py:126: &lt;py._xmlgen.raw object at 0x7f1dd480e6a0&gt;</skipped></testcase><testcase classname="src.pymortests.operators" file="src/pymortests/operators.py" line="126" name="test_pairwise_apply2[&lt;lambda&gt;8]" time="0.0008320808410644531"><skipped message="Suite splitting in effect" type="pytest.skip">src/pymortests/operators.py:126: &lt;py._xmlgen.raw object at 0x7f1ddfbf36d8&gt;</skipped></testcase><testcase classname="src.pymortests.operators" file="src/pymortests/operators.py" line="126" name="test_pairwise_apply2[&lt;lambda&gt;9]" time="0.0004944801330566406"><skipped message="Suite splitting in effect" type="pytest.skip">src/pymortests/operators.py:126: &lt;py._xmlgen.raw object at 0x7f1ddfbe9828&gt;</skipped></testcase><testcase classname="src.pymortests.operators" file="src/pymortests/operators.py" line="126" name="test_pairwise_apply2[&lt;lambda&gt;10]" time="0.00043392181396484375"><skipped message="Suite splitting in effect" type="pytest.skip">src/pymortests/operators.py:126: &lt;py._xmlgen.raw object at 0x7f1ddfb7a240&gt;</skipped></testcase><testcase classname="src.pymortests.operators" file="src/pymortests/operators.py" line="126" name="test_pairwise_apply2[&lt;lambda&gt;11]" time="0.00045418739318847656"><skipped message="Suite splitting in effect" type="pytest.skip">src/pymortests/operators.py:126: &lt;py._xmlgen.raw object at 0x7f1dd47adfd0&gt;</skipped></testcase><testcase classname="src.pymortests.operators" file="src/pymortests/operators.py" line="126" name="test_pairwise_apply2[&lt;lambda&gt;12]" time="0.0004744529724121094"><skipped message="Suite splitting in effect" type="pytest.skip">src/pymortests/operators.py:126: &lt;py._xmlgen.raw object at 0x7f1dd47a20f0&gt;</skipped></testcase><testcase classname="src.pymortests.operators" file="src/pymortests/operators.py" line="126" name="test_pairwise_apply2[&lt;lambda&gt;13]" time="0.0004818439483642578"><skipped message="Suite splitting in effect" type="pytest.skip">src/pymortests/operators.py:126: &lt;py._xmlgen.raw object at 0x7f1ddfb8d4e0&gt;</skipped></testcase><testcase classname="src.pymortests.operators" file="src/pymortests/operators.py" line="126" name="test_pairwise_apply2[&lt;lambda&gt;14]" time="0.0004811286926269531"><skipped message="Suite splitting in effect" type="pytest.skip">src/pymortests/operators.py:126: &lt;py._xmlgen.raw object at 0x7f1dd4798550&gt;</skipped></testcase><testcase classname="src.pymortests.operators" file="src/pymortests/operators.py" line="126" name="test_pairwise_apply2[&lt;lambda&gt;15]" time="0.00046372413635253906"><skipped message="Suite splitting in effect" type="pytest.skip">src/pymortests/operators.py:126: &lt;py._xmlgen.raw object at 0x7f1dd47b65f8&gt;</skipped></testcase><testcase classname="src.pymortests.operators" file="src/pymortests/operators.py" line="126" name="test_pairwise_apply2[&lt;lambda&gt;16]" time="0.0008151531219482422"><skipped message="Suite splitting in effect" type="pytest.skip">src/pymortests/operators.py:126: &lt;py._xmlgen.raw object at 0x7f1dd47b6b38&gt;</skipped></testcase><testcase classname="src.pymortests.operators" file="src/pymortests/operators.py" line="126" name="test_pairwise_apply2[&lt;lambda&gt;17]" time="0.0004534721374511719"><skipped message="Suite splitting in effect" type="pytest.skip">src/pymortests/operators.py:126: &lt;py._xmlgen.raw object at 0x7f1ddfb8d588&gt;</skipped></testcase><testcase classname="src.pymortests.operators" file="src/pymortests/operators.py" line="126" name="test_pairwise_apply2[&lt;lambda&gt;18]" time="0.0004208087921142578"><skipped message="Suite splitting in effect" type="pytest.skip">src/pymortests/operators.py:126: &lt;py._xmlgen.raw object at 0x7f1dd477f048&gt;</skipped></testcase><testcase classname="src.pymortests.operators" file="src/pymortests/operators.py" line="126" name="test_pairwise_apply2[&lt;lambda&gt;19]" time="0.0004405975341796875"><skipped message="Suite splitting in effect" type="pytest.skip">src/pymortests/operators.py:126: &lt;py._xmlgen.raw object at 0x7f1dd47ad390&gt;</skipped></testcase><testcase classname="src.pymortests.operators" file="src/pymortests/operators.py" line="126" name="test_pairwise_apply2[&lt;lambda&gt;20]" time="0.00041675567626953125"><skipped message="Suite splitting in effect" type="pytest.skip">src/pymortests/operators.py:126: &lt;py._xmlgen.raw object at 0x7f1ddfbb6d68&gt;</skipped></testcase><testcase classname="src.pymortests.operators" file="src/pymortests/operators.py" line="126" name="test_pairwise_apply2[&lt;lambda&gt;21]" time="0.0004379749298095703"><skipped message="Suite splitting in effect" type="pytest.skip">src/pymortests/operators.py:126: &lt;py._xmlgen.raw object at 0x7f1ddfbe9240&gt;</skipped></testcase><testcase classname="src.pymortests.operators" file="src/pymortests/operators.py" line="126" name="test_pairwise_apply2[&lt;lambda&gt;22]" time="0.000415802001953125"><skipped message="Suite splitting in effect" type="pytest.skip">src/pymortests/operators.py:126: &lt;py._xmlgen.raw object at 0x7f1dd47b6898&gt;</skipped></testcase><testcase classname="src.pymortests.operators" file="src/pymortests/operators.py" line="126" name="test_pairwise_apply2[&lt;lambda&gt;23]" time="0.0004220008850097656"><skipped message="Suite splitting in effect" type="pytest.skip">src/pymortests/operators.py:126: &lt;py._xmlgen.raw object at 0x7f1dd47b6198&gt;</skipped></testcase><testcase classname="src.pymortests.operators" file="src/pymortests/operators.py" line="126" name="test_pairwise_apply2[&lt;lambda&gt;24]" time="0.0007421970367431641"><skipped message="Suite splitting in effect" type="pytest.skip">src/pymortests/operators.py:126: &lt;py._xmlgen.raw object at 0x7f1dd47440b8&gt;</skipped></testcase><testcase classname="src.pymortests.operators" file="src/pymortests/operators.py" line="126" name="test_pairwise_apply2[&lt;lambda&gt;25]" time="0.0004286766052246094"><skipped message="Suite splitting in effect" type="pytest.skip">src/pymortests/operators.py:126: &lt;py._xmlgen.raw object at 0x7f1dd47b6f98&gt;</skipped></testcase><testcase classname="src.pymortests.operators" file="src/pymortests/operators.py" line="126" name="test_pairwise_apply2[&lt;lambda&gt;26]" time="0.00047326087951660156"><skipped message="Suite splitting in effect" type="pytest.skip">src/pymortests/operators.py:126: &lt;py._xmlgen.raw object at 0x7f1dd47b6710&gt;</skipped></testcase><testcase classname="src.pymortests.operators" file="src/pymortests/operators.py" line="126" name="test_pairwise_apply2[&lt;lambda&gt;27]" time="0.0004439353942871094"><skipped message="Suite splitting in effect" type="pytest.skip">src/pymortests/operators.py:126: &lt;py._xmlgen.raw object at 0x7f1ddfbe9390&gt;</skipped></testcase><testcase classname="src.pymortests.operators" file="src/pymortests/operators.py" line="126" name="test_pairwise_apply2[&lt;lambda&gt;28]" time="0.000461578369140625"><skipped message="Suite splitting in effect" type="pytest.skip">src/pymortests/operators.py:126: &lt;py._xmlgen.raw object at 0x7f1dd47ad860&gt;</skipped></testcase><testcase classname="src.pymortests.operators" file="src/pymortests/operators.py" line="126" name="test_pairwise_apply2[&lt;lambda&gt;29]" time="0.0004558563232421875"><skipped message="Suite splitting in effect" type="pytest.skip">src/pymortests/operators.py:126: &lt;py._xmlgen.raw object at 0x7f1dd47a2400&gt;</skipped></testcase><testcase classname="src.pymortests.operators" file="src/pymortests/operators.py" line="126" name="test_pairwise_apply2[&lt;lambda&gt;30]" time="0.00044798851013183594"><skipped message="Suite splitting in effect" type="pytest.skip">src/pymortests/operators.py:126: &lt;py._xmlgen.raw object at 0x7f1ddfb8d4e0&gt;</skipped></testcase><testcase classname="src.pymortests.operators" file="src/pymortests/operators.py" line="126" name="test_pairwise_apply2[&lt;lambda&gt;31]" time="0.00047898292541503906"><skipped message="Suite splitting in effect" type="pytest.skip">src/pymortests/operators.py:126: &lt;py._xmlgen.raw object at 0x7f1dd47441d0&gt;</skipped></testcase><testcase classname="src.pymortests.operators" file="src/pymortests/operators.py" line="126" name="test_pairwise_apply2[&lt;lambda&gt;32]" time="0.0007612705230712891"><skipped message="Suite splitting in effect" type="pytest.skip">src/pymortests/operators.py:126: &lt;py._xmlgen.raw object at 0x7f1dd47446d8&gt;</skipped></testcase><testcase classname="src.pymortests.operators" file="src/pymortests/operators.py" line="126" name="test_pairwise_apply2[&lt;lambda&gt;33]" time="0.0004069805145263672"><skipped message="Suite splitting in effect" type="pytest.skip">src/pymortests/operators.py:126: &lt;py._xmlgen.raw object at 0x7f1dd47a2198&gt;</skipped></testcase><testcase classname="src.pymortests.operators" file="src/pymortests/operators.py" line="126" name="test_pairwise_apply2[&lt;lambda&gt;34]" time="0.000423431396484375"><skipped message="Suite splitting in effect" type="pytest.skip">src/pymortests/operators.py:126: &lt;py._xmlgen.raw object at 0x7f1dd47ad390&gt;</skipped></testcase><testcase classname="src.pymortests.operators" file="src/pymortests/operators.py" line="126" name="test_pairwise_apply2[&lt;lambda&gt;35]" time="0.0004200935363769531"><skipped message="Suite splitting in effect" type="pytest.skip">src/pymortests/operators.py:126: &lt;py._xmlgen.raw object at 0x7f1ddfbb6d68&gt;</skipped></testcase><testcase classname="src.pymortests.operators" file="src/pymortests/operators.py" line="126" name="test_pairwise_apply2[&lt;lambda&gt;36]" time="0.0004811286926269531"><skipped message="Suite splitting in effect" type="pytest.skip">src/pymortests/operators.py:126: &lt;py._xmlgen.raw object at 0x7f1ddfb9d438&gt;</skipped></testcase><testcase classname="src.pymortests.operators" file="src/pymortests/operators.py" line="126" name="test_pairwise_apply2[&lt;lambda&gt;37]" time="0.0004436969757080078"><skipped message="Suite splitting in effect" type="pytest.skip">src/pymortests/operators.py:126: &lt;py._xmlgen.raw object at 0x7f1dd47b63c8&gt;</skipped></testcase><testcase classname="src.pymortests.operators" file="src/pymortests/operators.py" line="126" name="test_pairwise_apply2[&lt;lambda&gt;38]" time="0.00041413307189941406"><skipped message="Suite splitting in effect" type="pytest.skip">src/pymortests/operators.py:126: &lt;py._xmlgen.raw object at 0x7f1ddfbc2d68&gt;</skipped></testcase><testcase classname="src.pymortests.operators" file="src/pymortests/operators.py" line="126" name="test_pairwise_apply2[&lt;lambda&gt;39]" time="0.0004353523254394531"><skipped message="Suite splitting in effect" type="pytest.skip">src/pymortests/operators.py:126: &lt;py._xmlgen.raw object at 0x7f1dd4744198&gt;</skipped></testcase><testcase classname="src.pymortests.operators" file="src/pymortests/operators.py" line="126" name="test_pairwise_apply2[&lt;lambda&gt;40]" time="0.0007307529449462891"><skipped message="Suite splitting in effect" type="pytest.skip">src/pymortests/operators.py:126: &lt;py._xmlgen.raw object at 0x7f1dd4744cf8&gt;</skipped></testcase><testcase classname="src.pymortests.operators" file="src/pymortests/operators.py" line="135" name="test_apply_adjoint[&lt;lambda&gt;0]" time="0.0004131793975830078"><skipped message="Suite splitting in effect" type="pytest.skip">src/pymortests/operators.py:135: &lt;py._xmlgen.raw object at 0x7f1dd47b6d68&gt;</skipped></testcase><testcase classname="src.pymortests.operators" file="src/pymortests/operators.py" line="135" name="test_apply_adjoint[&lt;lambda&gt;1]" time="0.0004267692565917969"><skipped message="Suite splitting in effect" type="pytest.skip">src/pymortests/operators.py:135: &lt;py._xmlgen.raw object at 0x7f1ddfb9dda0&gt;</skipped></testcase><testcase classname="src.pymortests.operators" file="src/pymortests/operators.py" line="135" name="test_apply_adjoint[&lt;lambda&gt;2]" time="0.0004076957702636719"><skipped message="Suite splitting in effect" type="pytest.skip">src/pymortests/operators.py:135: &lt;py._xmlgen.raw object at 0x7f1dd47ad0b8&gt;</skipped></testcase><testcase classname="src.pymortests.operators" file="src/pymortests/operators.py" line="135" name="test_apply_adjoint[&lt;lambda&gt;3]" time="0.00043582916259765625"><skipped message="Suite splitting in effect" type="pytest.skip">src/pymortests/operators.py:135: &lt;py._xmlgen.raw object at 0x7f1ddfb7a438&gt;</skipped></testcase><testcase classname="src.pymortests.operators" file="src/pymortests/operators.py" line="135" name="test_apply_adjoint[&lt;lambda&gt;4]" time="0.00043082237243652344"><skipped message="Suite splitting in effect" type="pytest.skip">src/pymortests/operators.py:135: &lt;py._xmlgen.raw object at 0x7f1ddfb8dfd0&gt;</skipped></testcase><testcase classname="src.pymortests.operators" file="src/pymortests/operators.py" line="135" name="test_apply_adjoint[&lt;lambda&gt;5]" time="0.0004069805145263672"><skipped message="Suite splitting in effect" type="pytest.skip">src/pymortests/operators.py:135: &lt;py._xmlgen.raw object at 0x7f1dd47441d0&gt;</skipped></testcase><testcase classname="src.pymortests.operators" file="src/pymortests/operators.py" line="135" name="test_apply_adjoint[&lt;lambda&gt;6]" time="0.00044608116149902344"><skipped message="Suite splitting in effect" type="pytest.skip">src/pymortests/operators.py:135: &lt;py._xmlgen.raw object at 0x7f1dd4744588&gt;</skipped></testcase><testcase classname="src.pymortests.operators" file="src/pymortests/operators.py" line="135" name="test_apply_adjoint[&lt;lambda&gt;7]" time="0.0007002353668212891"><skipped message="Suite splitting in effect" type="pytest.skip">src/pymortests/operators.py:135: &lt;py._xmlgen.raw object at 0x7f1dd474f358&gt;</skipped></testcase><testcase classname="src.pymortests.operators" file="src/pymortests/operators.py" line="135" name="test_apply_adjoint[&lt;lambda&gt;8]" time="0.0004019737243652344"><skipped message="Suite splitting in effect" type="pytest.skip">src/pymortests/operators.py:135: &lt;py._xmlgen.raw object at 0x7f1dd4744a20&gt;</skipped></testcase><testcase classname="src.pymortests.operators" file="src/pymortests/operators.py" line="135" name="test_apply_adjoint[&lt;lambda&gt;9]" time="0.0004050731658935547"><skipped message="Suite splitting in effect" type="pytest.skip">src/pymortests/operators.py:135: &lt;py._xmlgen.raw object at 0x7f1ddfb8dcc0&gt;</skipped></testcase><testcase classname="src.pymortests.operators" file="src/pymortests/operators.py" line="135" name="test_apply_adjoint[&lt;lambda&gt;10]" time="0.00045228004455566406"><skipped message="Suite splitting in effect" type="pytest.skip">src/pymortests/operators.py:135: &lt;py._xmlgen.raw object at 0x7f1dd47ad860&gt;</skipped></testcase><testcase classname="src.pymortests.operators" file="src/pymortests/operators.py" line="135" name="test_apply_adjoint[&lt;lambda&gt;11]" time="0.0004391670227050781"><skipped message="Suite splitting in effect" type="pytest.skip">src/pymortests/operators.py:135: &lt;py._xmlgen.raw object at 0x7f1ddfb9d2e8&gt;</skipped></testcase><testcase classname="src.pymortests.operators" file="src/pymortests/operators.py" line="135" name="test_apply_adjoint[&lt;lambda&gt;12]" time="0.0004360675811767578"><skipped message="Suite splitting in effect" type="pytest.skip">src/pymortests/operators.py:135: &lt;py._xmlgen.raw object at 0x7f1ddfbadac8&gt;</skipped></testcase><testcase classname="src.pymortests.operators" file="src/pymortests/operators.py" line="135" name="test_apply_adjoint[&lt;lambda&gt;13]" time="0.0004379749298095703"><skipped message="Suite splitting in effect" type="pytest.skip">src/pymortests/operators.py:135: &lt;py._xmlgen.raw object at 0x7f1dd47b6f98&gt;</skipped></testcase><testcase classname="src.pymortests.operators" file="src/pymortests/operators.py" line="135" name="test_apply_adjoint[&lt;lambda&gt;14]" time="0.00048279762268066406"><skipped message="Suite splitting in effect" type="pytest.skip">src/pymortests/operators.py:135: &lt;py._xmlgen.raw object at 0x7f1dd474f1d0&gt;</skipped></testcase><testcase classname="src.pymortests.operators" file="src/pymortests/operators.py" line="135" name="test_apply_adjoint[&lt;lambda&gt;15]" time="0.0007047653198242188"><skipped message="Suite splitting in effect" type="pytest.skip">src/pymortests/operators.py:135: &lt;py._xmlgen.raw object at 0x7f1dd474f978&gt;</skipped></testcase><testcase classname="src.pymortests.operators" file="src/pymortests/operators.py" line="135" name="test_apply_adjoint[&lt;lambda&gt;16]" time="0.0004062652587890625"><skipped message="Suite splitting in effect" type="pytest.skip">src/pymortests/operators.py:135: &lt;py._xmlgen.raw object at 0x7f1dd47e8e10&gt;</skipped></testcase><testcase classname="src.pymortests.operators" file="src/pymortests/operators.py" line="135" name="test_apply_adjoint[&lt;lambda&gt;17]" time="0.0004248619079589844"><skipped message="Suite splitting in effect" type="pytest.skip">src/pymortests/operators.py:135: &lt;py._xmlgen.raw object at 0x7f1ddfbb64e0&gt;</skipped></testcase><testcase classname="src.pymortests.operators" file="src/pymortests/operators.py" line="135" name="test_apply_adjoint[&lt;lambda&gt;18]" time="0.0004177093505859375"><skipped message="Suite splitting in effect" type="pytest.skip">src/pymortests/operators.py:135: &lt;py._xmlgen.raw object at 0x7f1dd47ad940&gt;</skipped></testcase><testcase classname="src.pymortests.operators" file="src/pymortests/operators.py" line="135" name="test_apply_adjoint[&lt;lambda&gt;19]" time="0.0004401206970214844"><skipped message="Suite splitting in effect" type="pytest.skip">src/pymortests/operators.py:135: &lt;py._xmlgen.raw object at 0x7f1dd4798550&gt;</skipped></testcase><testcase classname="src.pymortests.operators" file="src/pymortests/operators.py" line="135" name="test_apply_adjoint[&lt;lambda&gt;20]" time="0.00043010711669921875"><skipped message="Suite splitting in effect" type="pytest.skip">src/pymortests/operators.py:135: &lt;py._xmlgen.raw object at 0x7f1dd4744be0&gt;</skipped></testcase><testcase classname="src.pymortests.operators" file="src/pymortests/operators.py" line="135" name="test_apply_adjoint[&lt;lambda&gt;21]" time="0.00043582916259765625"><skipped message="Suite splitting in effect" type="pytest.skip">src/pymortests/operators.py:135: &lt;py._xmlgen.raw object at 0x7f1dd474f550&gt;</skipped></testcase><testcase classname="src.pymortests.operators" file="src/pymortests/operators.py" line="135" name="test_apply_adjoint[&lt;lambda&gt;22]" time="0.0004551410675048828"><skipped message="Suite splitting in effect" type="pytest.skip">src/pymortests/operators.py:135: &lt;py._xmlgen.raw object at 0x7f1dd474f4e0&gt;</skipped></testcase><testcase classname="src.pymortests.operators" file="src/pymortests/operators.py" line="135" name="test_apply_adjoint[&lt;lambda&gt;23]" time="0.0006690025329589844"><skipped message="Suite splitting in effect" type="pytest.skip">src/pymortests/operators.py:135: &lt;py._xmlgen.raw object at 0x7f1dd474ff98&gt;</skipped></testcase><testcase classname="src.pymortests.operators" file="src/pymortests/operators.py" line="135" name="test_apply_adjoint[&lt;lambda&gt;24]" time="0.0004305839538574219"><skipped message="Suite splitting in effect" type="pytest.skip">src/pymortests/operators.py:135: &lt;py._xmlgen.raw object at 0x7f1dd474f828&gt;</skipped></testcase><testcase classname="src.pymortests.operators" file="src/pymortests/operators.py" line="135" name="test_apply_adjoint[&lt;lambda&gt;25]" time="0.00045752525329589844"><skipped message="Suite splitting in effect" type="pytest.skip">src/pymortests/operators.py:135: &lt;py._xmlgen.raw object at 0x7f1dd4744278&gt;</skipped></testcase><testcase classname="src.pymortests.operators" file="src/pymortests/operators.py" line="135" name="test_apply_adjoint[&lt;lambda&gt;26]" time="0.00043582916259765625"><skipped message="Suite splitting in effect" type="pytest.skip">src/pymortests/operators.py:135: &lt;py._xmlgen.raw object at 0x7f1ddfb8d630&gt;</skipped></testcase><testcase classname="src.pymortests.operators" file="src/pymortests/operators.py" line="135" name="test_apply_adjoint[&lt;lambda&gt;27]" time="0.00043511390686035156"><skipped message="Suite splitting in effect" type="pytest.skip">src/pymortests/operators.py:135: &lt;py._xmlgen.raw object at 0x7f1dd47ad940&gt;</skipped></testcase><testcase classname="src.pymortests.operators" file="src/pymortests/operators.py" line="135" name="test_apply_adjoint[&lt;lambda&gt;28]" time="0.0004215240478515625"><skipped message="Suite splitting in effect" type="pytest.skip">src/pymortests/operators.py:135: &lt;py._xmlgen.raw object at 0x7f1ddfbad780&gt;</skipped></testcase><testcase classname="src.pymortests.operators" file="src/pymortests/operators.py" line="135" name="test_apply_adjoint[&lt;lambda&gt;29]" time="0.00041794776916503906"><skipped message="Suite splitting in effect" type="pytest.skip">src/pymortests/operators.py:135: &lt;py._xmlgen.raw object at 0x7f1ddfb3e390&gt;</skipped></testcase><testcase classname="src.pymortests.operators" file="src/pymortests/operators.py" line="135" name="test_apply_adjoint[&lt;lambda&gt;30]" time="0.0004124641418457031"><skipped message="Suite splitting in effect" type="pytest.skip">src/pymortests/operators.py:135: &lt;py._xmlgen.raw object at 0x7f1dd475b0b8&gt;</skipped></testcase><testcase classname="src.pymortests.operators" file="src/pymortests/operators.py" line="135" name="test_apply_adjoint[&lt;lambda&gt;31]" time="0.0007107257843017578"><skipped message="Suite splitting in effect" type="pytest.skip">src/pymortests/operators.py:135: &lt;py._xmlgen.raw object at 0x7f1dd475b5f8&gt;</skipped></testcase><testcase classname="src.pymortests.operators" file="src/pymortests/operators.py" line="135" name="test_apply_adjoint[&lt;lambda&gt;32]" time="0.0004241466522216797"><skipped message="Suite splitting in effect" type="pytest.skip">src/pymortests/operators.py:135: &lt;py._xmlgen.raw object at 0x7f1ddfb3e0f0&gt;</skipped></testcase><testcase classname="src.pymortests.operators" file="src/pymortests/operators.py" line="135" name="test_apply_adjoint[&lt;lambda&gt;33]" time="0.0004353523254394531"><skipped message="Suite splitting in effect" type="pytest.skip">src/pymortests/operators.py:135: &lt;py._xmlgen.raw object at 0x7f1ddfbadd68&gt;</skipped></testcase><testcase classname="src.pymortests.operators" file="src/pymortests/operators.py" line="135" name="test_apply_adjoint[&lt;lambda&gt;34]" time="0.00043320655822753906"><skipped message="Suite splitting in effect" type="pytest.skip">src/pymortests/operators.py:135: &lt;py._xmlgen.raw object at 0x7f1dd47ad390&gt;</skipped></testcase><testcase classname="src.pymortests.operators" file="src/pymortests/operators.py" line="135" name="test_apply_adjoint[&lt;lambda&gt;35]" time="0.0004706382751464844"><skipped message="Suite splitting in effect" type="pytest.skip">src/pymortests/operators.py:135: &lt;py._xmlgen.raw object at 0x7f1dd4744d68&gt;</skipped></testcase><testcase classname="src.pymortests.operators" file="src/pymortests/operators.py" line="135" name="test_apply_adjoint[&lt;lambda&gt;36]" time="0.00044083595275878906"><skipped message="Suite splitting in effect" type="pytest.skip">src/pymortests/operators.py:135: &lt;py._xmlgen.raw object at 0x7f1dd474f080&gt;</skipped></testcase><testcase classname="src.pymortests.operators" file="src/pymortests/operators.py" line="135" name="test_apply_adjoint[&lt;lambda&gt;37]" time="0.0004444122314453125"><skipped message="Suite splitting in effect" type="pytest.skip">src/pymortests/operators.py:135: &lt;py._xmlgen.raw object at 0x7f1dd474f4e0&gt;</skipped></testcase><testcase classname="src.pymortests.operators" file="src/pymortests/operators.py" line="135" name="test_apply_adjoint[&lt;lambda&gt;38]" time="0.0004291534423828125"><skipped message="Suite splitting in effect" type="pytest.skip">src/pymortests/operators.py:135: &lt;py._xmlgen.raw object at 0x7f1dd475b278&gt;</skipped></testcase><testcase classname="src.pymortests.operators" file="src/pymortests/operators.py" line="135" name="test_apply_adjoint[&lt;lambda&gt;39]" time="0.0006804466247558594"><skipped message="Suite splitting in effect" type="pytest.skip">src/pymortests/operators.py:135: &lt;py._xmlgen.raw object at 0x7f1dd475bc18&gt;</skipped></testcase><testcase classname="src.pymortests.operators" file="src/pymortests/operators.py" line="135" name="test_apply_adjoint[&lt;lambda&gt;40]" time="0.00042128562927246094"><skipped message="Suite splitting in effect" type="pytest.skip">src/pymortests/operators.py:135: &lt;py._xmlgen.raw object at 0x7f1dd474f208&gt;</skipped></testcase><testcase classname="src.pymortests.operators" file="src/pymortests/operators.py" line="151" name="test_apply_adjoint_2[&lt;lambda&gt;0]" time="0.0004374980926513672"><skipped message="Suite splitting in effect" type="pytest.skip">src/pymortests/operators.py:151: &lt;py._xmlgen.raw object at 0x7f1dd47448d0&gt;</skipped></testcase><testcase classname="src.pymortests.operators" file="src/pymortests/operators.py" line="151" name="test_apply_adjoint_2[&lt;lambda&gt;1]" time="0.0004572868347167969"><skipped message="Suite splitting in effect" type="pytest.skip">src/pymortests/operators.py:151: &lt;py._xmlgen.raw object at 0x7f1dd4798550&gt;</skipped></testcase><testcase classname="src.pymortests.operators" file="src/pymortests/operators.py" line="151" name="test_apply_adjoint_2[&lt;lambda&gt;2]" time="0.0004315376281738281"><skipped message="Suite splitting in effect" type="pytest.skip">src/pymortests/operators.py:151: &lt;py._xmlgen.raw object at 0x7f1ddfbe9e10&gt;</skipped></testcase><testcase classname="src.pymortests.operators" file="src/pymortests/operators.py" line="151" name="test_apply_adjoint_2[&lt;lambda&gt;3]" time="0.0004482269287109375"><skipped message="Suite splitting in effect" type="pytest.skip">src/pymortests/operators.py:151: &lt;py._xmlgen.raw object at 0x7f1dd47b6278&gt;</skipped></testcase><testcase classname="src.pymortests.operators" file="src/pymortests/operators.py" line="151" name="test_apply_adjoint_2[&lt;lambda&gt;4]" time="0.0004131793975830078"><skipped message="Suite splitting in effect" type="pytest.skip">src/pymortests/operators.py:151: &lt;py._xmlgen.raw object at 0x7f1dd475b0f0&gt;</skipped></testcase><testcase classname="src.pymortests.operators" file="src/pymortests/operators.py" line="151" name="test_apply_adjoint_2[&lt;lambda&gt;5]" time="0.0004162788391113281"><skipped message="Suite splitting in effect" type="pytest.skip">src/pymortests/operators.py:151: &lt;py._xmlgen.raw object at 0x7f1dd475b470&gt;</skipped></testcase><testcase classname="src.pymortests.operators" file="src/pymortests/operators.py" line="151" name="test_apply_adjoint_2[&lt;lambda&gt;6]" time="0.0009739398956298828"><skipped message="Suite splitting in effect" type="pytest.skip">src/pymortests/operators.py:151: &lt;py._xmlgen.raw object at 0x7f1dd4764278&gt;</skipped></testcase><testcase classname="src.pymortests.operators" file="src/pymortests/operators.py" line="151" name="test_apply_adjoint_2[&lt;lambda&gt;7]" time="0.0005147457122802734"><skipped message="Suite splitting in effect" type="pytest.skip">src/pymortests/operators.py:151: &lt;py._xmlgen.raw object at 0x7f1ddfbb64e0&gt;</skipped></testcase><testcase classname="src.pymortests.operators" file="src/pymortests/operators.py" line="151" name="test_apply_adjoint_2[&lt;lambda&gt;8]" time="0.00042724609375"><skipped message="Suite splitting in effect" type="pytest.skip">src/pymortests/operators.py:151: &lt;py._xmlgen.raw object at 0x7f1dd47a29b0&gt;</skipped></testcase><testcase classname="src.pymortests.operators" file="src/pymortests/operators.py" line="151" name="test_apply_adjoint_2[&lt;lambda&gt;9]" time="0.0004169940948486328"><skipped message="Suite splitting in effect" type="pytest.skip">src/pymortests/operators.py:151: &lt;py._xmlgen.raw object at 0x7f1dd475bf98&gt;</skipped></testcase><testcase classname="src.pymortests.operators" file="src/pymortests/operators.py" line="151" name="test_apply_adjoint_2[&lt;lambda&gt;10]" time="0.0004050731658935547"><skipped message="Suite splitting in effect" type="pytest.skip">src/pymortests/operators.py:151: &lt;py._xmlgen.raw object at 0x7f1dd475b7f0&gt;</skipped></testcase><testcase classname="src.pymortests.operators" file="src/pymortests/operators.py" line="151" name="test_apply_adjoint_2[&lt;lambda&gt;11]" time="0.00040459632873535156"><skipped message="Suite splitting in effect" type="pytest.skip">src/pymortests/operators.py:151: &lt;py._xmlgen.raw object at 0x7f1dd474fc50&gt;</skipped></testcase><testcase classname="src.pymortests.operators" file="src/pymortests/operators.py" line="151" name="test_apply_adjoint_2[&lt;lambda&gt;12]" time="0.0004279613494873047"><skipped message="Suite splitting in effect" type="pytest.skip">src/pymortests/operators.py:151: &lt;py._xmlgen.raw object at 0x7f1dd474f390&gt;</skipped></testcase><testcase classname="src.pymortests.operators" file="src/pymortests/operators.py" line="151" name="test_apply_adjoint_2[&lt;lambda&gt;13]" time="0.00046253204345703125"><skipped message="Suite splitting in effect" type="pytest.skip">src/pymortests/operators.py:151: &lt;py._xmlgen.raw object at 0x7f1dd47446d8&gt;</skipped></testcase><testcase classname="src.pymortests.operators" file="src/pymortests/operators.py" line="151" name="test_apply_adjoint_2[&lt;lambda&gt;14]" time="0.0004792213439941406"><skipped message="Suite splitting in effect" type="pytest.skip">src/pymortests/operators.py:151: &lt;py._xmlgen.raw object at 0x7f1ddfbc2d68&gt;</skipped></testcase><testcase classname="src.pymortests.operators" file="src/pymortests/operators.py" line="151" name="test_apply_adjoint_2[&lt;lambda&gt;15]" time="0.0008893013000488281"><skipped message="Suite splitting in effect" type="pytest.skip">src/pymortests/operators.py:151: &lt;py._xmlgen.raw object at 0x7f1dd4798588&gt;</skipped></testcase><testcase classname="src.pymortests.operators" file="src/pymortests/operators.py" line="151" name="test_apply_adjoint_2[&lt;lambda&gt;16]" time="0.0004699230194091797"><skipped message="Suite splitting in effect" type="pytest.skip">src/pymortests/operators.py:151: &lt;py._xmlgen.raw object at 0x7f1dd474f320&gt;</skipped></testcase><testcase classname="src.pymortests.operators" file="src/pymortests/operators.py" line="151" name="test_apply_adjoint_2[&lt;lambda&gt;17]" time="0.00043702125549316406"><skipped message="Suite splitting in effect" type="pytest.skip">src/pymortests/operators.py:151: &lt;py._xmlgen.raw object at 0x7f1ddfb4cfd0&gt;</skipped></testcase><testcase classname="src.pymortests.operators" file="src/pymortests/operators.py" line="151" name="test_apply_adjoint_2[&lt;lambda&gt;18]" time="0.00043773651123046875"><skipped message="Suite splitting in effect" type="pytest.skip">src/pymortests/operators.py:151: &lt;py._xmlgen.raw object at 0x7f1dd475b6d8&gt;</skipped></testcase><testcase classname="src.pymortests.operators" file="src/pymortests/operators.py" line="151" name="test_apply_adjoint_2[&lt;lambda&gt;19]" time="0.0004172325134277344"><skipped message="Suite splitting in effect" type="pytest.skip">src/pymortests/operators.py:151: &lt;py._xmlgen.raw object at 0x7f1ddfb8dac8&gt;</skipped></testcase><testcase classname="src.pymortests.operators" file="src/pymortests/operators.py" line="151" name="test_apply_adjoint_2[&lt;lambda&gt;20]" time="0.00040984153747558594"><skipped message="Suite splitting in effect" type="pytest.skip">src/pymortests/operators.py:151: &lt;py._xmlgen.raw object at 0x7f1ddfb9d780&gt;</skipped></testcase><testcase classname="src.pymortests.operators" file="src/pymortests/operators.py" line="151" name="test_apply_adjoint_2[&lt;lambda&gt;21]" time="0.0004355907440185547"><skipped message="Suite splitting in effect" type="pytest.skip">src/pymortests/operators.py:151: &lt;py._xmlgen.raw object at 0x7f1ddfb3e390&gt;</skipped></testcase><testcase classname="src.pymortests.operators" file="src/pymortests/operators.py" line="151" name="test_apply_adjoint_2[&lt;lambda&gt;22]" time="0.00043320655822753906"><skipped message="Suite splitting in effect" type="pytest.skip">src/pymortests/operators.py:151: &lt;py._xmlgen.raw object at 0x7f1dd478e9e8&gt;</skipped></testcase><testcase classname="src.pymortests.operators" file="src/pymortests/operators.py" line="151" name="test_apply_adjoint_2[&lt;lambda&gt;23]" time="0.0008034706115722656"><skipped message="Suite splitting in effect" type="pytest.skip">src/pymortests/operators.py:151: &lt;py._xmlgen.raw object at 0x7f1dd47e8eb8&gt;</skipped></testcase><testcase classname="src.pymortests.operators" file="src/pymortests/operators.py" line="151" name="test_apply_adjoint_2[&lt;lambda&gt;24]" time="0.0004131793975830078"><skipped message="Suite splitting in effect" type="pytest.skip">src/pymortests/operators.py:151: &lt;py._xmlgen.raw object at 0x7f1ddfb3ea20&gt;</skipped></testcase><testcase classname="src.pymortests.operators" file="src/pymortests/operators.py" line="151" name="test_apply_adjoint_2[&lt;lambda&gt;25]" time="0.0004138946533203125"><skipped message="Suite splitting in effect" type="pytest.skip">src/pymortests/operators.py:151: &lt;py._xmlgen.raw object at 0x7f1ddfbadf60&gt;</skipped></testcase><testcase classname="src.pymortests.operators" file="src/pymortests/operators.py" line="151" name="test_apply_adjoint_2[&lt;lambda&gt;26]" time="0.00046372413635253906"><skipped message="Suite splitting in effect" type="pytest.skip">src/pymortests/operators.py:151: &lt;py._xmlgen.raw object at 0x7f1dd475bef0&gt;</skipped></testcase><testcase classname="src.pymortests.operators" file="src/pymortests/operators.py" line="151" name="test_apply_adjoint_2[&lt;lambda&gt;27]" time="0.00044465065002441406"><skipped message="Suite splitting in effect" type="pytest.skip">src/pymortests/operators.py:151: &lt;py._xmlgen.raw object at 0x7f1ddfb4c0f0&gt;</skipped></testcase><testcase classname="src.pymortests.operators" file="src/pymortests/operators.py" line="151" name="test_apply_adjoint_2[&lt;lambda&gt;28]" time="0.0004525184631347656"><skipped message="Suite splitting in effect" type="pytest.skip">src/pymortests/operators.py:151: &lt;py._xmlgen.raw object at 0x7f1dd474f780&gt;</skipped></testcase><testcase classname="src.pymortests.operators" file="src/pymortests/operators.py" line="151" name="test_apply_adjoint_2[&lt;lambda&gt;29]" time="0.00043320655822753906"><skipped message="Suite splitting in effect" type="pytest.skip">src/pymortests/operators.py:151: &lt;py._xmlgen.raw object at 0x7f1dd4798550&gt;</skipped></testcase><testcase classname="src.pymortests.operators" file="src/pymortests/operators.py" line="151" name="test_apply_adjoint_2[&lt;lambda&gt;30]" time="0.000431060791015625"><skipped message="Suite splitting in effect" type="pytest.skip">src/pymortests/operators.py:151: &lt;py._xmlgen.raw object at 0x7f1dd4764780&gt;</skipped></testcase><testcase classname="src.pymortests.operators" file="src/pymortests/operators.py" line="151" name="test_apply_adjoint_2[&lt;lambda&gt;31]" time="0.0006778240203857422"><skipped message="Suite splitting in effect" type="pytest.skip">src/pymortests/operators.py:151: &lt;py._xmlgen.raw object at 0x7f1dd4764cc0&gt;</skipped></testcase><testcase classname="src.pymortests.operators" file="src/pymortests/operators.py" line="151" name="test_apply_adjoint_2[&lt;lambda&gt;32]" time="0.00041794776916503906"><skipped message="Suite splitting in effect" type="pytest.skip">src/pymortests/operators.py:151: &lt;py._xmlgen.raw object at 0x7f1dd474f358&gt;</skipped></testcase><testcase classname="src.pymortests.operators" file="src/pymortests/operators.py" line="151" name="test_apply_adjoint_2[&lt;lambda&gt;33]" time="0.0004215240478515625"><skipped message="Suite splitting in effect" type="pytest.skip">src/pymortests/operators.py:151: &lt;py._xmlgen.raw object at 0x7f1dd475b0b8&gt;</skipped></testcase><testcase classname="src.pymortests.operators" file="src/pymortests/operators.py" line="151" name="test_apply_adjoint_2[&lt;lambda&gt;34]" time="0.00042819976806640625"><skipped message="Suite splitting in effect" type="pytest.skip">src/pymortests/operators.py:151: &lt;py._xmlgen.raw object at 0x7f1dd475b780&gt;</skipped></testcase><testcase classname="src.pymortests.operators" file="src/pymortests/operators.py" line="151" name="test_apply_adjoint_2[&lt;lambda&gt;35]" time="0.0004069805145263672"><skipped message="Suite splitting in effect" type="pytest.skip">src/pymortests/operators.py:151: &lt;py._xmlgen.raw object at 0x7f1dd47a2400&gt;</skipped></testcase><testcase classname="src.pymortests.operators" file="src/pymortests/operators.py" line="151" name="test_apply_adjoint_2[&lt;lambda&gt;36]" time="0.00042510032653808594"><skipped message="Suite splitting in effect" type="pytest.skip">src/pymortests/operators.py:151: &lt;py._xmlgen.raw object at 0x7f1ddfb60630&gt;</skipped></testcase><testcase classname="src.pymortests.operators" file="src/pymortests/operators.py" line="151" name="test_apply_adjoint_2[&lt;lambda&gt;37]" time="0.00044536590576171875"><skipped message="Suite splitting in effect" type="pytest.skip">src/pymortests/operators.py:151: &lt;py._xmlgen.raw object at 0x7f1dd4764a20&gt;</skipped></testcase><testcase classname="src.pymortests.operators" file="src/pymortests/operators.py" line="151" name="test_apply_adjoint_2[&lt;lambda&gt;38]" time="0.0004115104675292969"><skipped message="Suite splitting in effect" type="pytest.skip">src/pymortests/operators.py:151: &lt;py._xmlgen.raw object at 0x7f1dd4764080&gt;</skipped></testcase><testcase classname="src.pymortests.operators" file="src/pymortests/operators.py" line="151" name="test_apply_adjoint_2[&lt;lambda&gt;39]" time="0.0007250308990478516"><skipped message="Suite splitting in effect" type="pytest.skip">src/pymortests/operators.py:151: &lt;py._xmlgen.raw object at 0x7f1dd4774240&gt;</skipped></testcase><testcase classname="src.pymortests.operators" file="src/pymortests/operators.py" line="151" name="test_apply_adjoint_2[&lt;lambda&gt;40]" time="0.0004048347473144531"><skipped message="Suite splitting in effect" type="pytest.skip">src/pymortests/operators.py:151: &lt;py._xmlgen.raw object at 0x7f1dd4764780&gt;</skipped></testcase><testcase classname="src.pymortests.operators" file="src/pymortests/operators.py" line="162" name="test_H[&lt;lambda&gt;0]" time="0.0004010200500488281"><skipped message="Suite splitting in effect" type="pytest.skip">src/pymortests/operators.py:162: &lt;py._xmlgen.raw object at 0x7f1ddfb602e8&gt;</skipped></testcase><testcase classname="src.pymortests.operators" file="src/pymortests/operators.py" line="162" name="test_H[&lt;lambda&gt;1]" time="0.0004115104675292969"><skipped message="Suite splitting in effect" type="pytest.skip">src/pymortests/operators.py:162: &lt;py._xmlgen.raw object at 0x7f1dd47adc50&gt;</skipped></testcase><testcase classname="src.pymortests.operators" file="src/pymortests/operators.py" line="162" name="test_H[&lt;lambda&gt;2]" time="0.00040650367736816406"><skipped message="Suite splitting in effect" type="pytest.skip">src/pymortests/operators.py:162: &lt;py._xmlgen.raw object at 0x7f1dd475b0f0&gt;</skipped></testcase><testcase classname="src.pymortests.operators" file="src/pymortests/operators.py" line="162" name="test_H[&lt;lambda&gt;3]" time="0.00043702125549316406"><skipped message="Suite splitting in effect" type="pytest.skip">src/pymortests/operators.py:162: &lt;py._xmlgen.raw object at 0x7f1dd4744438&gt;</skipped></testcase><testcase classname="src.pymortests.operators" file="src/pymortests/operators.py" line="162" name="test_H[&lt;lambda&gt;4]" time="0.0004413127899169922"><skipped message="Suite splitting in effect" type="pytest.skip">src/pymortests/operators.py:162: &lt;py._xmlgen.raw object at 0x7f1dd474fac8&gt;</skipped></testcase><testcase classname="src.pymortests.operators" file="src/pymortests/operators.py" line="162" name="test_H[&lt;lambda&gt;5]" time="0.00043201446533203125"><skipped message="Suite splitting in effect" type="pytest.skip">src/pymortests/operators.py:162: &lt;py._xmlgen.raw object at 0x7f1dd47740f0&gt;</skipped></testcase><testcase classname="src.pymortests.operators" file="src/pymortests/operators.py" line="162" name="test_H[&lt;lambda&gt;6]" time="0.0007071495056152344"><skipped message="Suite splitting in effect" type="pytest.skip">src/pymortests/operators.py:162: &lt;py._xmlgen.raw object at 0x7f1dd4774860&gt;</skipped></testcase><testcase classname="src.pymortests.operators" file="src/pymortests/operators.py" line="162" name="test_H[&lt;lambda&gt;7]" time="0.00041413307189941406"><skipped message="Suite splitting in effect" type="pytest.skip">src/pymortests/operators.py:162: &lt;py._xmlgen.raw object at 0x7f1dd4744828&gt;</skipped></testcase><testcase classname="src.pymortests.operators" file="src/pymortests/operators.py" line="162" name="test_H[&lt;lambda&gt;8]" time="0.00040078163146972656"><skipped message="Suite splitting in effect" type="pytest.skip">src/pymortests/operators.py:162: &lt;py._xmlgen.raw object at 0x7f1dd475b5f8&gt;</skipped></testcase><testcase classname="src.pymortests.operators" file="src/pymortests/operators.py" line="162" name="test_H[&lt;lambda&gt;9]" time="0.000408172607421875"><skipped message="Suite splitting in effect" type="pytest.skip">src/pymortests/operators.py:162: &lt;py._xmlgen.raw object at 0x7f1ddfb3ee10&gt;</skipped></testcase><testcase classname="src.pymortests.operators" file="src/pymortests/operators.py" line="162" name="test_H[&lt;lambda&gt;10]" time="0.0004210472106933594"><skipped message="Suite splitting in effect" type="pytest.skip">src/pymortests/operators.py:162: &lt;py._xmlgen.raw object at 0x7f1ddfb60828&gt;</skipped></testcase><testcase classname="src.pymortests.operators" file="src/pymortests/operators.py" line="162" name="test_H[&lt;lambda&gt;11]" time="0.0004718303680419922"><skipped message="Suite splitting in effect" type="pytest.skip">src/pymortests/operators.py:162: &lt;py._xmlgen.raw object at 0x7f1dd4764ef0&gt;</skipped></testcase><testcase classname="src.pymortests.operators" file="src/pymortests/operators.py" line="162" name="test_H[&lt;lambda&gt;12]" time="0.0004391670227050781"><skipped message="Suite splitting in effect" type="pytest.skip">src/pymortests/operators.py:162: &lt;py._xmlgen.raw object at 0x7f1dd4774908&gt;</skipped></testcase><testcase classname="src.pymortests.operators" file="src/pymortests/operators.py" line="162" name="test_H[&lt;lambda&gt;13]" time="0.0004696846008300781"><skipped message="Suite splitting in effect" type="pytest.skip">src/pymortests/operators.py:162: &lt;py._xmlgen.raw object at 0x7f1dd4774358&gt;</skipped></testcase><testcase classname="src.pymortests.operators" file="src/pymortests/operators.py" line="162" name="test_H[&lt;lambda&gt;14]" time="0.0007042884826660156"><skipped message="Suite splitting in effect" type="pytest.skip">src/pymortests/operators.py:162: &lt;py._xmlgen.raw object at 0x7f1dd4774e80&gt;</skipped></testcase><testcase classname="src.pymortests.operators" file="src/pymortests/operators.py" line="162" name="test_H[&lt;lambda&gt;15]" time="0.00042510032653808594"><skipped message="Suite splitting in effect" type="pytest.skip">src/pymortests/operators.py:162: &lt;py._xmlgen.raw object at 0x7f1dd4774390&gt;</skipped></testcase><testcase classname="src.pymortests.operators" file="src/pymortests/operators.py" line="162" name="test_H[&lt;lambda&gt;16]" time="0.0005383491516113281"><skipped message="Suite splitting in effect" type="pytest.skip">src/pymortests/operators.py:162: &lt;py._xmlgen.raw object at 0x7f1dd4764f60&gt;</skipped></testcase><testcase classname="src.pymortests.operators" file="src/pymortests/operators.py" line="162" name="test_H[&lt;lambda&gt;17]" time="0.0004093647003173828"><skipped message="Suite splitting in effect" type="pytest.skip">src/pymortests/operators.py:162: &lt;py._xmlgen.raw object at 0x7f1dd4764a20&gt;</skipped></testcase><testcase classname="src.pymortests.operators" file="src/pymortests/operators.py" line="162" name="test_H[&lt;lambda&gt;18]" time="0.00042819976806640625"><skipped message="Suite splitting in effect" type="pytest.skip">src/pymortests/operators.py:162: &lt;py._xmlgen.raw object at 0x7f1ddfb602e8&gt;</skipped></testcase><testcase classname="src.pymortests.operators" file="src/pymortests/operators.py" line="162" name="test_H[&lt;lambda&gt;19]" time="0.0004482269287109375"><skipped message="Suite splitting in effect" type="pytest.skip">src/pymortests/operators.py:162: &lt;py._xmlgen.raw object at 0x7f1dd475b9e8&gt;</skipped></testcase><testcase classname="src.pymortests.operators" file="src/pymortests/operators.py" line="162" name="test_H[&lt;lambda&gt;20]" time="0.00046253204345703125"><skipped message="Suite splitting in effect" type="pytest.skip">src/pymortests/operators.py:162: &lt;py._xmlgen.raw object at 0x7f1dd47446d8&gt;</skipped></testcase><testcase classname="src.pymortests.operators" file="src/pymortests/operators.py" line="162" name="test_H[&lt;lambda&gt;21]" time="0.0004601478576660156"><skipped message="Suite splitting in effect" type="pytest.skip">src/pymortests/operators.py:162: &lt;py._xmlgen.raw object at 0x7f1ddfaf26d8&gt;</skipped></testcase><testcase classname="src.pymortests.operators" file="src/pymortests/operators.py" line="162" name="test_H[&lt;lambda&gt;22]" time="0.0007796287536621094"><skipped message="Suite splitting in effect" type="pytest.skip">src/pymortests/operators.py:162: &lt;py._xmlgen.raw object at 0x7f1dd46fe4e0&gt;</skipped></testcase><testcase classname="src.pymortests.operators" file="src/pymortests/operators.py" line="162" name="test_H[&lt;lambda&gt;23]" time="0.0004525184631347656"><skipped message="Suite splitting in effect" type="pytest.skip">src/pymortests/operators.py:162: &lt;py._xmlgen.raw object at 0x7f1ddfb4cfd0&gt;</skipped></testcase><testcase classname="src.pymortests.operators" file="src/pymortests/operators.py" line="162" name="test_H[&lt;lambda&gt;24]" time="0.0004267692565917969"><skipped message="Suite splitting in effect" type="pytest.skip">src/pymortests/operators.py:162: &lt;py._xmlgen.raw object at 0x7f1dd475bc18&gt;</skipped></testcase><testcase classname="src.pymortests.operators" file="src/pymortests/operators.py" line="162" name="test_H[&lt;lambda&gt;25]" time="0.0004189014434814453"><skipped message="Suite splitting in effect" type="pytest.skip">src/pymortests/operators.py:162: &lt;py._xmlgen.raw object at 0x7f1ddfb05b70&gt;</skipped></testcase><testcase classname="src.pymortests.operators" file="src/pymortests/operators.py" line="162" name="test_H[&lt;lambda&gt;26]" time="0.00041937828063964844"><skipped message="Suite splitting in effect" type="pytest.skip">src/pymortests/operators.py:162: &lt;py._xmlgen.raw object at 0x7f1dd4764dd8&gt;</skipped></testcase><testcase classname="src.pymortests.operators" file="src/pymortests/operators.py" line="162" name="test_H[&lt;lambda&gt;27]" time="0.0004096031188964844"><skipped message="Suite splitting in effect" type="pytest.skip">src/pymortests/operators.py:162: &lt;py._xmlgen.raw object at 0x7f1dd4774f98&gt;</skipped></testcase><testcase classname="src.pymortests.operators" file="src/pymortests/operators.py" line="162" name="test_H[&lt;lambda&gt;28]" time="0.00041031837463378906"><skipped message="Suite splitting in effect" type="pytest.skip">src/pymortests/operators.py:162: &lt;py._xmlgen.raw object at 0x7f1dd4774cf8&gt;</skipped></testcase><testcase classname="src.pymortests.operators" file="src/pymortests/operators.py" line="162" name="test_H[&lt;lambda&gt;29]" time="0.000415802001953125"><skipped message="Suite splitting in effect" type="pytest.skip">src/pymortests/operators.py:162: &lt;py._xmlgen.raw object at 0x7f1dd46fe3c8&gt;</skipped></testcase><testcase classname="src.pymortests.operators" file="src/pymortests/operators.py" line="162" name="test_H[&lt;lambda&gt;30]" time="0.0007328987121582031"><skipped message="Suite splitting in effect" type="pytest.skip">src/pymortests/operators.py:162: &lt;py._xmlgen.raw object at 0x7f1dd46feb00&gt;</skipped></testcase><testcase classname="src.pymortests.operators" file="src/pymortests/operators.py" line="162" name="test_H[&lt;lambda&gt;31]" time="0.0004513263702392578"><skipped message="Suite splitting in effect" type="pytest.skip">src/pymortests/operators.py:162: &lt;py._xmlgen.raw object at 0x7f1dd47743c8&gt;</skipped></testcase><testcase classname="src.pymortests.operators" file="src/pymortests/operators.py" line="162" name="test_H[&lt;lambda&gt;32]" time="0.00046825408935546875"><skipped message="Suite splitting in effect" type="pytest.skip">src/pymortests/operators.py:162: &lt;py._xmlgen.raw object at 0x7f1dd4764860&gt;</skipped></testcase><testcase classname="src.pymortests.operators" file="src/pymortests/operators.py" line="162" name="test_H[&lt;lambda&gt;33]" time="0.00045299530029296875"><skipped message="Suite splitting in effect" type="pytest.skip">src/pymortests/operators.py:162: &lt;py._xmlgen.raw object at 0x7f1ddfb05e10&gt;</skipped></testcase><testcase classname="src.pymortests.operators" file="src/pymortests/operators.py" line="162" name="test_H[&lt;lambda&gt;34]" time="0.0004515647888183594"><skipped message="Suite splitting in effect" type="pytest.skip">src/pymortests/operators.py:162: &lt;py._xmlgen.raw object at 0x7f1ddfbadb70&gt;</skipped></testcase><testcase classname="src.pymortests.operators" file="src/pymortests/operators.py" line="162" name="test_H[&lt;lambda&gt;35]" time="0.0004935264587402344"><skipped message="Suite splitting in effect" type="pytest.skip">src/pymortests/operators.py:162: &lt;py._xmlgen.raw object at 0x7f1ddfaf2390&gt;</skipped></testcase><testcase classname="src.pymortests.operators" file="src/pymortests/operators.py" line="162" name="test_H[&lt;lambda&gt;36]" time="0.00045990943908691406"><skipped message="Suite splitting in effect" type="pytest.skip">src/pymortests/operators.py:162: &lt;py._xmlgen.raw object at 0x7f1dd46fe7f0&gt;</skipped></testcase><testcase classname="src.pymortests.operators" file="src/pymortests/operators.py" line="162" name="test_H[&lt;lambda&gt;37]" time="0.0004420280456542969"><skipped message="Suite splitting in effect" type="pytest.skip">src/pymortests/operators.py:162: &lt;py._xmlgen.raw object at 0x7f1dd46fe198&gt;</skipped></testcase><testcase classname="src.pymortests.operators" file="src/pymortests/operators.py" line="162" name="test_H[&lt;lambda&gt;38]" time="0.0007328987121582031"><skipped message="Suite splitting in effect" type="pytest.skip">src/pymortests/operators.py:162: &lt;py._xmlgen.raw object at 0x7f1dd4706160&gt;</skipped></testcase><testcase classname="src.pymortests.operators" file="src/pymortests/operators.py" line="162" name="test_H[&lt;lambda&gt;39]" time="0.0004093647003173828"><skipped message="Suite splitting in effect" type="pytest.skip">src/pymortests/operators.py:162: &lt;py._xmlgen.raw object at 0x7f1dd46fe860&gt;</skipped></testcase><testcase classname="src.pymortests.operators" file="src/pymortests/operators.py" line="162" name="test_H[&lt;lambda&gt;40]" time="0.00045680999755859375"><skipped message="Suite splitting in effect" type="pytest.skip">src/pymortests/operators.py:162: &lt;py._xmlgen.raw object at 0x7f1dd4744e80&gt;</skipped></testcase><testcase classname="src.pymortests.operators" file="src/pymortests/operators.py" line="173" name="test_apply_inverse[&lt;lambda&gt;0]" time="0.0004837512969970703"><skipped message="Suite splitting in effect" type="pytest.skip">src/pymortests/operators.py:173: &lt;py._xmlgen.raw object at 0x7f1ddfbadf60&gt;</skipped></testcase><testcase classname="src.pymortests.operators" file="src/pymortests/operators.py" line="173" name="test_apply_inverse[&lt;lambda&gt;1]" time="0.00041747093200683594"><skipped message="Suite splitting in effect" type="pytest.skip">src/pymortests/operators.py:173: &lt;py._xmlgen.raw object at 0x7f1ddfb14240&gt;</skipped></testcase><testcase classname="src.pymortests.operators" file="src/pymortests/operators.py" line="173" name="test_apply_inverse[&lt;lambda&gt;2]" time="0.000415802001953125"><skipped message="Suite splitting in effect" type="pytest.skip">src/pymortests/operators.py:173: &lt;py._xmlgen.raw object at 0x7f1dd4764a20&gt;</skipped></testcase><testcase classname="src.pymortests.operators" file="src/pymortests/operators.py" line="173" name="test_apply_inverse[&lt;lambda&gt;3]" time="0.0004181861877441406"><skipped message="Suite splitting in effect" type="pytest.skip">src/pymortests/operators.py:173: &lt;py._xmlgen.raw object at 0x7f1dd47746a0&gt;</skipped></testcase><testcase classname="src.pymortests.operators" file="src/pymortests/operators.py" line="173" name="test_apply_inverse[&lt;lambda&gt;4]" time="0.00044465065002441406"><skipped message="Suite splitting in effect" type="pytest.skip">src/pymortests/operators.py:173: &lt;py._xmlgen.raw object at 0x7f1dd47061d0&gt;</skipped></testcase><testcase classname="src.pymortests.operators" file="src/pymortests/operators.py" line="173" name="test_apply_inverse[&lt;lambda&gt;5]" time="0.0007543563842773438"><skipped message="Suite splitting in effect" type="pytest.skip">src/pymortests/operators.py:173: &lt;py._xmlgen.raw object at 0x7f1dd4706780&gt;</skipped></testcase><testcase classname="src.pymortests.operators" file="src/pymortests/operators.py" line="173" name="test_apply_inverse[&lt;lambda&gt;6]" time="0.00043201446533203125"><skipped message="Suite splitting in effect" type="pytest.skip">src/pymortests/operators.py:173: &lt;py._xmlgen.raw object at 0x7f1dd4764978&gt;</skipped></testcase><testcase classname="src.pymortests.operators" file="src/pymortests/operators.py" line="173" name="test_apply_inverse[&lt;lambda&gt;7]" time="0.0004265308380126953"><skipped message="Suite splitting in effect" type="pytest.skip">src/pymortests/operators.py:173: &lt;py._xmlgen.raw object at 0x7f1ddfb60eb8&gt;</skipped></testcase><testcase classname="src.pymortests.operators" file="src/pymortests/operators.py" line="173" name="test_apply_inverse[&lt;lambda&gt;8]" time="0.00045680999755859375"><skipped message="Suite splitting in effect" type="pytest.skip">src/pymortests/operators.py:173: &lt;py._xmlgen.raw object at 0x7f1ddfb4cfd0&gt;</skipped></testcase><testcase classname="src.pymortests.operators" file="src/pymortests/operators.py" line="173" name="test_apply_inverse[&lt;lambda&gt;9]" time="0.0004210472106933594"><skipped message="Suite splitting in effect" type="pytest.skip">src/pymortests/operators.py:173: &lt;py._xmlgen.raw object at 0x7f1ddfb22cc0&gt;</skipped></testcase><testcase classname="src.pymortests.operators" file="src/pymortests/operators.py" line="173" name="test_apply_inverse[&lt;lambda&gt;10]" time="0.0004215240478515625"><skipped message="Suite splitting in effect" type="pytest.skip">src/pymortests/operators.py:173: &lt;py._xmlgen.raw object at 0x7f1dd46fe6d8&gt;</skipped></testcase><testcase classname="src.pymortests.operators" file="src/pymortests/operators.py" line="173" name="test_apply_inverse[&lt;lambda&gt;11]" time="0.00041174888610839844"><skipped message="Suite splitting in effect" type="pytest.skip">src/pymortests/operators.py:173: &lt;py._xmlgen.raw object at 0x7f1dd474fac8&gt;</skipped></testcase><testcase classname="src.pymortests.operators" file="src/pymortests/operators.py" line="173" name="test_apply_inverse[&lt;lambda&gt;12]" time="0.0004181861877441406"><skipped message="Suite splitting in effect" type="pytest.skip">src/pymortests/operators.py:173: &lt;py._xmlgen.raw object at 0x7f1dd47062b0&gt;</skipped></testcase><testcase classname="src.pymortests.operators" file="src/pymortests/operators.py" line="173" name="test_apply_inverse[&lt;lambda&gt;13]" time="0.0007755756378173828"><skipped message="Suite splitting in effect" type="pytest.skip">src/pymortests/operators.py:173: &lt;py._xmlgen.raw object at 0x7f1dd4706da0&gt;</skipped></testcase><testcase classname="src.pymortests.operators" file="src/pymortests/operators.py" line="173" name="test_apply_inverse[&lt;lambda&gt;14]" time="0.0004417896270751953"><skipped message="Suite splitting in effect" type="pytest.skip">src/pymortests/operators.py:173: &lt;py._xmlgen.raw object at 0x7f1dd46fe5f8&gt;</skipped></testcase><testcase classname="src.pymortests.operators" file="src/pymortests/operators.py" line="173" name="test_apply_inverse[&lt;lambda&gt;15]" time="0.0004191398620605469"><skipped message="Suite splitting in effect" type="pytest.skip">src/pymortests/operators.py:173: &lt;py._xmlgen.raw object at 0x7f1dd475b668&gt;</skipped></testcase><testcase classname="src.pymortests.operators" file="src/pymortests/operators.py" line="173" name="test_apply_inverse[&lt;lambda&gt;16]" time="0.00043702125549316406"><skipped message="Suite splitting in effect" type="pytest.skip">src/pymortests/operators.py:173: &lt;py._xmlgen.raw object at 0x7f1ddfb142e8&gt;</skipped></testcase><testcase classname="src.pymortests.operators" file="src/pymortests/operators.py" line="173" name="test_apply_inverse[&lt;lambda&gt;17]" time="0.0004093647003173828"><skipped message="Suite splitting in effect" type="pytest.skip">src/pymortests/operators.py:173: &lt;py._xmlgen.raw object at 0x7f1ddfb05a20&gt;</skipped></testcase><testcase classname="src.pymortests.operators" file="src/pymortests/operators.py" line="173" name="test_apply_inverse[&lt;lambda&gt;18]" time="0.00043201446533203125"><skipped message="Suite splitting in effect" type="pytest.skip">src/pymortests/operators.py:173: &lt;py._xmlgen.raw object at 0x7f1dd4774cf8&gt;</skipped></testcase><testcase classname="src.pymortests.operators" file="src/pymortests/operators.py" line="173" name="test_apply_inverse[&lt;lambda&gt;19]" time="0.0004558563232421875"><skipped message="Suite splitting in effect" type="pytest.skip">src/pymortests/operators.py:173: &lt;py._xmlgen.raw object at 0x7f1dd47061d0&gt;</skipped></testcase><testcase classname="src.pymortests.operators" file="src/pymortests/operators.py" line="173" name="test_apply_inverse[&lt;lambda&gt;20]" time="0.000431060791015625"><skipped message="Suite splitting in effect" type="pytest.skip">src/pymortests/operators.py:173: &lt;py._xmlgen.raw object at 0x7f1dd4706630&gt;</skipped></testcase><testcase classname="src.pymortests.operators" file="src/pymortests/operators.py" line="173" name="test_apply_inverse[&lt;lambda&gt;21]" time="0.001140594482421875"><skipped message="Suite splitting in effect" type="pytest.skip">src/pymortests/operators.py:173: &lt;py._xmlgen.raw object at 0x7f1dd4713400&gt;</skipped></testcase><testcase classname="src.pymortests.operators" file="src/pymortests/operators.py" line="173" name="test_apply_inverse[&lt;lambda&gt;22]" time="0.00041866302490234375"><skipped message="Suite splitting in effect" type="pytest.skip">src/pymortests/operators.py:173: &lt;py._xmlgen.raw object at 0x7f1ddfab6588&gt;</skipped></testcase><testcase classname="src.pymortests.operators" file="src/pymortests/operators.py" line="173" name="test_apply_inverse[&lt;lambda&gt;23]" time="0.0004277229309082031"><skipped message="Suite splitting in effect" type="pytest.skip">src/pymortests/operators.py:173: &lt;py._xmlgen.raw object at 0x7f1ddfb22f60&gt;</skipped></testcase><testcase classname="src.pymortests.operators" file="src/pymortests/operators.py" line="173" name="test_apply_inverse[&lt;lambda&gt;24]" time="0.00043463706970214844"><skipped message="Suite splitting in effect" type="pytest.skip">src/pymortests/operators.py:173: &lt;py._xmlgen.raw object at 0x7f1dd47062b0&gt;</skipped></testcase><testcase classname="src.pymortests.operators" file="src/pymortests/operators.py" line="173" name="test_apply_inverse[&lt;lambda&gt;25]" time="0.0009317398071289062"><skipped message="Suite splitting in effect" type="pytest.skip">src/pymortests/operators.py:173: &lt;py._xmlgen.raw object at 0x7f1dd4706dd8&gt;</skipped></testcase><testcase classname="src.pymortests.operators" file="src/pymortests/operators.py" line="173" name="test_apply_inverse[&lt;lambda&gt;26]" time="0.0005855560302734375"><skipped message="Suite splitting in effect" type="pytest.skip">src/pymortests/operators.py:173: &lt;py._xmlgen.raw object at 0x7f1dd46fe6d8&gt;</skipped></testcase><testcase classname="src.pymortests.operators" file="src/pymortests/operators.py" line="173" name="test_apply_inverse[&lt;lambda&gt;27]" time="0.00045490264892578125"><skipped message="Suite splitting in effect" type="pytest.skip">src/pymortests/operators.py:173: &lt;py._xmlgen.raw object at 0x7f1ddfaf2780&gt;</skipped></testcase><testcase classname="src.pymortests.operators" file="src/pymortests/operators.py" line="173" name="test_apply_inverse[&lt;lambda&gt;28]" time="0.0004508495330810547"><skipped message="Suite splitting in effect" type="pytest.skip">src/pymortests/operators.py:173: &lt;py._xmlgen.raw object at 0x7f1dd4774eb8&gt;</skipped></testcase><testcase classname="src.pymortests.operators" file="src/pymortests/operators.py" line="173" name="test_apply_inverse[&lt;lambda&gt;29]" time="0.0004372596740722656"><skipped message="Suite splitting in effect" type="pytest.skip">src/pymortests/operators.py:173: &lt;py._xmlgen.raw object at 0x7f1dd47646a0&gt;</skipped></testcase><testcase classname="src.pymortests.operators" file="src/pymortests/operators.py" line="173" name="test_apply_inverse[&lt;lambda&gt;30]" time="0.0007238388061523438"><skipped message="Suite splitting in effect" type="pytest.skip">src/pymortests/operators.py:173: &lt;py._xmlgen.raw object at 0x7f1dd4774f60&gt;</skipped></testcase><testcase classname="src.pymortests.operators" file="src/pymortests/operators.py" line="173" name="test_apply_inverse[&lt;lambda&gt;31]" time="0.0004253387451171875"><skipped message="Suite splitting in effect" type="pytest.skip">src/pymortests/operators.py:173: &lt;py._xmlgen.raw object at 0x7f1dd46feac8&gt;</skipped></testcase><testcase classname="src.pymortests.operators" file="src/pymortests/operators.py" line="173" name="test_apply_inverse[&lt;lambda&gt;32]" time="0.0004329681396484375"><skipped message="Suite splitting in effect" type="pytest.skip">src/pymortests/operators.py:173: &lt;py._xmlgen.raw object at 0x7f1dd4706128&gt;</skipped></testcase><testcase classname="src.pymortests.operators" file="src/pymortests/operators.py" line="173" name="test_apply_inverse[&lt;lambda&gt;33]" time="0.0005936622619628906"><skipped message="Suite splitting in effect" type="pytest.skip">src/pymortests/operators.py:173: &lt;py._xmlgen.raw object at 0x7f1dd4706390&gt;</skipped></testcase><testcase classname="src.pymortests.operators" file="src/pymortests/operators.py" line="173" name="test_apply_inverse[&lt;lambda&gt;34]" time="0.0004241466522216797"><skipped message="Suite splitting in effect" type="pytest.skip">src/pymortests/operators.py:173: &lt;py._xmlgen.raw object at 0x7f1ddfb9d588&gt;</skipped></testcase><testcase classname="src.pymortests.operators" file="src/pymortests/operators.py" line="173" name="test_apply_inverse[&lt;lambda&gt;35]" time="0.0004143714904785156"><skipped message="Suite splitting in effect" type="pytest.skip">src/pymortests/operators.py:173: &lt;py._xmlgen.raw object at 0x7f1ddfab6c18&gt;</skipped></testcase><testcase classname="src.pymortests.operators" file="src/pymortests/operators.py" line="173" name="test_apply_inverse[&lt;lambda&gt;36]" time="0.0004329681396484375"><skipped message="Suite splitting in effect" type="pytest.skip">src/pymortests/operators.py:173: &lt;py._xmlgen.raw object at 0x7f1dd4764400&gt;</skipped></testcase><testcase classname="src.pymortests.operators" file="src/pymortests/operators.py" line="173" name="test_apply_inverse[&lt;lambda&gt;37]" time="0.0004241466522216797"><skipped message="Suite splitting in effect" type="pytest.skip">src/pymortests/operators.py:173: &lt;py._xmlgen.raw object at 0x7f1dd47b6898&gt;</skipped></testcase><testcase classname="src.pymortests.operators" file="src/pymortests/operators.py" line="173" name="test_apply_inverse[&lt;lambda&gt;38]" time="0.0007462501525878906"><skipped message="Suite splitting in effect" type="pytest.skip">src/pymortests/operators.py:173: &lt;py._xmlgen.raw object at 0x7f1ddfbc2630&gt;</skipped></testcase><testcase classname="src.pymortests.operators" file="src/pymortests/operators.py" line="173" name="test_apply_inverse[&lt;lambda&gt;39]" time="0.0004248619079589844"><skipped message="Suite splitting in effect" type="pytest.skip">src/pymortests/operators.py:173: &lt;py._xmlgen.raw object at 0x7f1ddfab60f0&gt;</skipped></testcase><testcase classname="src.pymortests.operators" file="src/pymortests/operators.py" line="173" name="test_apply_inverse[&lt;lambda&gt;40]" time="0.00043654441833496094"><skipped message="Suite splitting in effect" type="pytest.skip">src/pymortests/operators.py:173: &lt;py._xmlgen.raw object at 0x7f1ddfb142e8&gt;</skipped></testcase><testcase classname="src.pymortests.operators" file="src/pymortests/operators.py" line="186" name="test_apply_inverse_adjoint[&lt;lambda&gt;0]" time="0.00043272972106933594"><skipped message="Suite splitting in effect" type="pytest.skip">src/pymortests/operators.py:186: &lt;py._xmlgen.raw object at 0x7f1dd47c7dd8&gt;</skipped></testcase><testcase classname="src.pymortests.operators" file="src/pymortests/operators.py" line="186" name="test_apply_inverse_adjoint[&lt;lambda&gt;1]" time="0.00041174888610839844"><skipped message="Suite splitting in effect" type="pytest.skip">src/pymortests/operators.py:186: &lt;py._xmlgen.raw object at 0x7f1dd4706c88&gt;</skipped></testcase><testcase classname="src.pymortests.operators" file="src/pymortests/operators.py" line="186" name="test_apply_inverse_adjoint[&lt;lambda&gt;2]" time="0.0004165172576904297"><skipped message="Suite splitting in effect" type="pytest.skip">src/pymortests/operators.py:186: &lt;py._xmlgen.raw object at 0x7f1dd46fee48&gt;</skipped></testcase><testcase classname="src.pymortests.operators" file="src/pymortests/operators.py" line="186" name="test_apply_inverse_adjoint[&lt;lambda&gt;3]" time="0.0004456043243408203"><skipped message="Suite splitting in effect" type="pytest.skip">src/pymortests/operators.py:186: &lt;py._xmlgen.raw object at 0x7f1dd4774be0&gt;</skipped></testcase><testcase classname="src.pymortests.operators" file="src/pymortests/operators.py" line="186" name="test_apply_inverse_adjoint[&lt;lambda&gt;4]" time="0.00042939186096191406"><skipped message="Suite splitting in effect" type="pytest.skip">src/pymortests/operators.py:186: &lt;py._xmlgen.raw object at 0x7f1dd4713908&gt;</skipped></testcase><testcase classname="src.pymortests.operators" file="src/pymortests/operators.py" line="186" name="test_apply_inverse_adjoint[&lt;lambda&gt;5]" time="0.0007221698760986328"><skipped message="Suite splitting in effect" type="pytest.skip">src/pymortests/operators.py:186: &lt;py._xmlgen.raw object at 0x7f1dd4713e48&gt;</skipped></testcase><testcase classname="src.pymortests.operators" file="src/pymortests/operators.py" line="186" name="test_apply_inverse_adjoint[&lt;lambda&gt;6]" time="0.0004563331604003906"><skipped message="Suite splitting in effect" type="pytest.skip">src/pymortests/operators.py:186: &lt;py._xmlgen.raw object at 0x7f1dd46fedd8&gt;</skipped></testcase><testcase classname="src.pymortests.operators" file="src/pymortests/operators.py" line="186" name="test_apply_inverse_adjoint[&lt;lambda&gt;7]" time="0.00042438507080078125"><skipped message="Suite splitting in effect" type="pytest.skip">src/pymortests/operators.py:186: &lt;py._xmlgen.raw object at 0x7f1dd4706400&gt;</skipped></testcase><testcase classname="src.pymortests.operators" file="src/pymortests/operators.py" line="186" name="test_apply_inverse_adjoint[&lt;lambda&gt;8]" time="0.00048804283142089844"><skipped message="Suite splitting in effect" type="pytest.skip">src/pymortests/operators.py:186: &lt;py._xmlgen.raw object at 0x7f1ddfb22f60&gt;</skipped></testcase><testcase classname="src.pymortests.operators" file="src/pymortests/operators.py" line="186" name="test_apply_inverse_adjoint[&lt;lambda&gt;9]" time="0.00043487548828125"><skipped message="Suite splitting in effect" type="pytest.skip">src/pymortests/operators.py:186: &lt;py._xmlgen.raw object at 0x7f1ddfb14d68&gt;</skipped></testcase><testcase classname="src.pymortests.operators" file="src/pymortests/operators.py" line="186" name="test_apply_inverse_adjoint[&lt;lambda&gt;10]" time="0.0004894733428955078"><skipped message="Suite splitting in effect" type="pytest.skip">src/pymortests/operators.py:186: &lt;py._xmlgen.raw object at 0x7f1dd4764dd8&gt;</skipped></testcase><testcase classname="src.pymortests.operators" file="src/pymortests/operators.py" line="186" name="test_apply_inverse_adjoint[&lt;lambda&gt;11]" time="0.0004839897155761719"><skipped message="Suite splitting in effect" type="pytest.skip">src/pymortests/operators.py:186: &lt;py._xmlgen.raw object at 0x7f1dd4713ba8&gt;</skipped></testcase><testcase classname="src.pymortests.operators" file="src/pymortests/operators.py" line="186" name="test_apply_inverse_adjoint[&lt;lambda&gt;12]" time="0.0004391670227050781"><skipped message="Suite splitting in effect" type="pytest.skip">src/pymortests/operators.py:186: &lt;py._xmlgen.raw object at 0x7f1dd4713208&gt;</skipped></testcase><testcase classname="src.pymortests.operators" file="src/pymortests/operators.py" line="186" name="test_apply_inverse_adjoint[&lt;lambda&gt;13]" time="0.0008008480072021484"><skipped message="Suite splitting in effect" type="pytest.skip">src/pymortests/operators.py:186: &lt;py._xmlgen.raw object at 0x7f1dd47233c8&gt;</skipped></testcase><testcase classname="src.pymortests.operators" file="src/pymortests/operators.py" line="186" name="test_apply_inverse_adjoint[&lt;lambda&gt;14]" time="0.0004665851593017578"><skipped message="Suite splitting in effect" type="pytest.skip">src/pymortests/operators.py:186: &lt;py._xmlgen.raw object at 0x7f1dd4713668&gt;</skipped></testcase><testcase classname="src.pymortests.operators" file="src/pymortests/operators.py" line="186" name="test_apply_inverse_adjoint[&lt;lambda&gt;15]" time="0.00045609474182128906"><skipped message="Suite splitting in effect" type="pytest.skip">src/pymortests/operators.py:186: &lt;py._xmlgen.raw object at 0x7f1dd4764cc0&gt;</skipped></testcase><testcase classname="src.pymortests.operators" file="src/pymortests/operators.py" line="186" name="test_apply_inverse_adjoint[&lt;lambda&gt;16]" time="0.0004360675811767578"><skipped message="Suite splitting in effect" type="pytest.skip">src/pymortests/operators.py:186: &lt;py._xmlgen.raw object at 0x7f1ddfb14c18&gt;</skipped></testcase><testcase classname="src.pymortests.operators" file="src/pymortests/operators.py" line="186" name="test_apply_inverse_adjoint[&lt;lambda&gt;17]" time="0.0004451274871826172"><skipped message="Suite splitting in effect" type="pytest.skip">src/pymortests/operators.py:186: &lt;py._xmlgen.raw object at 0x7f1dd4706eb8&gt;</skipped></testcase><testcase classname="src.pymortests.operators" file="src/pymortests/operators.py" line="186" name="test_apply_inverse_adjoint[&lt;lambda&gt;18]" time="0.00047016143798828125"><skipped message="Suite splitting in effect" type="pytest.skip">src/pymortests/operators.py:186: &lt;py._xmlgen.raw object at 0x7f1ddfad8390&gt;</skipped></testcase><testcase classname="src.pymortests.operators" file="src/pymortests/operators.py" line="186" name="test_apply_inverse_adjoint[&lt;lambda&gt;19]" time="0.00045943260192871094"><skipped message="Suite splitting in effect" type="pytest.skip">src/pymortests/operators.py:186: &lt;py._xmlgen.raw object at 0x7f1dd46fe0b8&gt;</skipped></testcase><testcase classname="src.pymortests.operators" file="src/pymortests/operators.py" line="186" name="test_apply_inverse_adjoint[&lt;lambda&gt;20]" time="0.0004742145538330078"><skipped message="Suite splitting in effect" type="pytest.skip">src/pymortests/operators.py:186: &lt;py._xmlgen.raw object at 0x7f1dd4723278&gt;</skipped></testcase><testcase classname="src.pymortests.operators" file="src/pymortests/operators.py" line="186" name="test_apply_inverse_adjoint[&lt;lambda&gt;21]" time="0.0007381439208984375"><skipped message="Suite splitting in effect" type="pytest.skip">src/pymortests/operators.py:186: &lt;py._xmlgen.raw object at 0x7f1dd47239e8&gt;</skipped></testcase><testcase classname="src.pymortests.operators" file="src/pymortests/operators.py" line="186" name="test_apply_inverse_adjoint[&lt;lambda&gt;22]" time="0.000423431396484375"><skipped message="Suite splitting in effect" type="pytest.skip">src/pymortests/operators.py:186: &lt;py._xmlgen.raw object at 0x7f1ddfad8d68&gt;</skipped></testcase><testcase classname="src.pymortests.operators" file="src/pymortests/operators.py" line="186" name="test_apply_inverse_adjoint[&lt;lambda&gt;23]" time="0.0004591941833496094"><skipped message="Suite splitting in effect" type="pytest.skip">src/pymortests/operators.py:186: &lt;py._xmlgen.raw object at 0x7f1ddfb8dac8&gt;</skipped></testcase><testcase classname="src.pymortests.operators" file="src/pymortests/operators.py" line="186" name="test_apply_inverse_adjoint[&lt;lambda&gt;24]" time="0.0004532337188720703"><skipped message="Suite splitting in effect" type="pytest.skip">src/pymortests/operators.py:186: &lt;py._xmlgen.raw object at 0x7f1ddfb14630&gt;</skipped></testcase><testcase classname="src.pymortests.operators" file="src/pymortests/operators.py" line="186" name="test_apply_inverse_adjoint[&lt;lambda&gt;25]" time="0.00041747093200683594"><skipped message="Suite splitting in effect" type="pytest.skip">src/pymortests/operators.py:186: &lt;py._xmlgen.raw object at 0x7f1dd47640f0&gt;</skipped></testcase><testcase classname="src.pymortests.operators" file="src/pymortests/operators.py" line="186" name="test_apply_inverse_adjoint[&lt;lambda&gt;26]" time="0.00041103363037109375"><skipped message="Suite splitting in effect" type="pytest.skip">src/pymortests/operators.py:186: &lt;py._xmlgen.raw object at 0x7f1dd47136d8&gt;</skipped></testcase><testcase classname="src.pymortests.operators" file="src/pymortests/operators.py" line="186" name="test_apply_inverse_adjoint[&lt;lambda&gt;27]" time="0.0004153251647949219"><skipped message="Suite splitting in effect" type="pytest.skip">src/pymortests/operators.py:186: &lt;py._xmlgen.raw object at 0x7f1dd4723b38&gt;</skipped></testcase><testcase classname="src.pymortests.operators" file="src/pymortests/operators.py" line="186" name="test_apply_inverse_adjoint[&lt;lambda&gt;28]" time="0.00044274330139160156"><skipped message="Suite splitting in effect" type="pytest.skip">src/pymortests/operators.py:186: &lt;py._xmlgen.raw object at 0x7f1dd4723080&gt;</skipped></testcase><testcase classname="src.pymortests.operators" file="src/pymortests/operators.py" line="186" name="test_apply_inverse_adjoint[&lt;lambda&gt;29]" time="0.0007433891296386719"><skipped message="Suite splitting in effect" type="pytest.skip">src/pymortests/operators.py:186: &lt;py._xmlgen.raw object at 0x7f1dd472a048&gt;</skipped></testcase><testcase classname="src.pymortests.operators" file="src/pymortests/operators.py" line="186" name="test_apply_inverse_adjoint[&lt;lambda&gt;30]" time="0.00044035911560058594"><skipped message="Suite splitting in effect" type="pytest.skip">src/pymortests/operators.py:186: &lt;py._xmlgen.raw object at 0x7f1dd4723080&gt;</skipped></testcase><testcase classname="src.pymortests.operators" file="src/pymortests/operators.py" line="186" name="test_apply_inverse_adjoint[&lt;lambda&gt;31]" time="0.0004467964172363281"><skipped message="Suite splitting in effect" type="pytest.skip">src/pymortests/operators.py:186: &lt;py._xmlgen.raw object at 0x7f1dd4713208&gt;</skipped></testcase><testcase classname="src.pymortests.operators" file="src/pymortests/operators.py" line="186" name="test_apply_inverse_adjoint[&lt;lambda&gt;32]" time="0.0004482269287109375"><skipped message="Suite splitting in effect" type="pytest.skip">src/pymortests/operators.py:186: &lt;py._xmlgen.raw object at 0x7f1ddfb058d0&gt;</skipped></testcase><testcase classname="src.pymortests.operators" file="src/pymortests/operators.py" line="186" name="test_apply_inverse_adjoint[&lt;lambda&gt;33]" time="0.0004630088806152344"><skipped message="Suite splitting in effect" type="pytest.skip">src/pymortests/operators.py:186: &lt;py._xmlgen.raw object at 0x7f1ddfb14630&gt;</skipped></testcase><testcase classname="src.pymortests.operators" file="src/pymortests/operators.py" line="186" name="test_apply_inverse_adjoint[&lt;lambda&gt;34]" time="0.0004074573516845703"><skipped message="Suite splitting in effect" type="pytest.skip">src/pymortests/operators.py:186: &lt;py._xmlgen.raw object at 0x7f1dd47061d0&gt;</skipped></testcase><testcase classname="src.pymortests.operators" file="src/pymortests/operators.py" line="186" name="test_apply_inverse_adjoint[&lt;lambda&gt;35]" time="0.00040984153747558594"><skipped message="Suite splitting in effect" type="pytest.skip">src/pymortests/operators.py:186: &lt;py._xmlgen.raw object at 0x7f1ddfad8240&gt;</skipped></testcase><testcase classname="src.pymortests.operators" file="src/pymortests/operators.py" line="186" name="test_apply_inverse_adjoint[&lt;lambda&gt;36]" time="0.0004432201385498047"><skipped message="Suite splitting in effect" type="pytest.skip">src/pymortests/operators.py:186: &lt;py._xmlgen.raw object at 0x7f1dd472a160&gt;</skipped></testcase><testcase classname="src.pymortests.operators" file="src/pymortests/operators.py" line="186" name="test_apply_inverse_adjoint[&lt;lambda&gt;37]" time="0.0007081031799316406"><skipped message="Suite splitting in effect" type="pytest.skip">src/pymortests/operators.py:186: &lt;py._xmlgen.raw object at 0x7f1dd472a668&gt;</skipped></testcase><testcase classname="src.pymortests.operators" file="src/pymortests/operators.py" line="186" name="test_apply_inverse_adjoint[&lt;lambda&gt;38]" time="0.0004055500030517578"><skipped message="Suite splitting in effect" type="pytest.skip">src/pymortests/operators.py:186: &lt;py._xmlgen.raw object at 0x7f1ddfad8b70&gt;</skipped></testcase><testcase classname="src.pymortests.operators" file="src/pymortests/operators.py" line="186" name="test_apply_inverse_adjoint[&lt;lambda&gt;39]" time="0.00040221214294433594"><skipped message="Suite splitting in effect" type="pytest.skip">src/pymortests/operators.py:186: &lt;py._xmlgen.raw object at 0x7f1ddfae8978&gt;</skipped></testcase><testcase classname="src.pymortests.operators" file="src/pymortests/operators.py" line="186" name="test_apply_inverse_adjoint[&lt;lambda&gt;40]" time="0.0004277229309082031"><skipped message="Suite splitting in effect" type="pytest.skip">src/pymortests/operators.py:186: &lt;py._xmlgen.raw object at 0x7f1ddfab6e10&gt;</skipped></testcase><testcase classname="src.pymortests.operators" file="src/pymortests/operators.py" line="204" name="test_project[&lt;lambda&gt;0]" time="0.0004558563232421875"><skipped message="Suite splitting in effect" type="pytest.skip">src/pymortests/operators.py:204: &lt;py._xmlgen.raw object at 0x7f1dd4713a58&gt;</skipped></testcase><testcase classname="src.pymortests.operators" file="src/pymortests/operators.py" line="204" name="test_project[&lt;lambda&gt;1]" time="0.0004305839538574219"><skipped message="Suite splitting in effect" type="pytest.skip">src/pymortests/operators.py:204: &lt;py._xmlgen.raw object at 0x7f1dd4723a58&gt;</skipped></testcase><testcase classname="src.pymortests.operators" file="src/pymortests/operators.py" line="204" name="test_project[&lt;lambda&gt;2]" time="0.0004627704620361328"><skipped message="Suite splitting in effect" type="pytest.skip">src/pymortests/operators.py:204: &lt;py._xmlgen.raw object at 0x7f1dd4723ba8&gt;</skipped></testcase><testcase classname="src.pymortests.operators" file="src/pymortests/operators.py" line="204" name="test_project[&lt;lambda&gt;3]" time="0.00041961669921875"><skipped message="Suite splitting in effect" type="pytest.skip">src/pymortests/operators.py:204: &lt;py._xmlgen.raw object at 0x7f1dd472a2e8&gt;</skipped></testcase><testcase classname="src.pymortests.operators" file="src/pymortests/operators.py" line="204" name="test_project[&lt;lambda&gt;4]" time="0.0006949901580810547"><skipped message="Suite splitting in effect" type="pytest.skip">src/pymortests/operators.py:204: &lt;py._xmlgen.raw object at 0x7f1dd472ac88&gt;</skipped></testcase><testcase classname="src.pymortests.operators" file="src/pymortests/operators.py" line="204" name="test_project[&lt;lambda&gt;5]" time="0.00047779083251953125"><skipped message="Suite splitting in effect" type="pytest.skip">src/pymortests/operators.py:204: &lt;py._xmlgen.raw object at 0x7f1dd47234a8&gt;</skipped></testcase><testcase classname="src.pymortests.operators" file="src/pymortests/operators.py" line="204" name="test_project[&lt;lambda&gt;6]" time="0.00041294097900390625"><skipped message="Suite splitting in effect" type="pytest.skip">src/pymortests/operators.py:204: &lt;py._xmlgen.raw object at 0x7f1dd4713630&gt;</skipped></testcase><testcase classname="src.pymortests.operators" file="src/pymortests/operators.py" line="204" name="test_project[&lt;lambda&gt;7]" time="0.0004279613494873047"><skipped message="Suite splitting in effect" type="pytest.skip">src/pymortests/operators.py:204: &lt;py._xmlgen.raw object at 0x7f1ddfab6630&gt;</skipped></testcase><testcase classname="src.pymortests.operators" file="src/pymortests/operators.py" line="204" name="test_project[&lt;lambda&gt;8]" time="0.0005176067352294922"><skipped message="Suite splitting in effect" type="pytest.skip">src/pymortests/operators.py:204: &lt;py._xmlgen.raw object at 0x7f1dd4706f60&gt;</skipped></testcase><testcase classname="src.pymortests.operators" file="src/pymortests/operators.py" line="204" name="test_project[&lt;lambda&gt;9]" time="0.0004558563232421875"><skipped message="Suite splitting in effect" type="pytest.skip">src/pymortests/operators.py:204: &lt;py._xmlgen.raw object at 0x7f1ddfad8ac8&gt;</skipped></testcase><testcase classname="src.pymortests.operators" file="src/pymortests/operators.py" line="204" name="test_project[&lt;lambda&gt;10]" time="0.00045228004455566406"><skipped message="Suite splitting in effect" type="pytest.skip">src/pymortests/operators.py:204: &lt;py._xmlgen.raw object at 0x7f1dd472a198&gt;</skipped></testcase><testcase classname="src.pymortests.operators" file="src/pymortests/operators.py" line="204" name="test_project[&lt;lambda&gt;11]" time="0.0004680156707763672"><skipped message="Suite splitting in effect" type="pytest.skip">src/pymortests/operators.py:204: &lt;py._xmlgen.raw object at 0x7f1dd472a4e0&gt;</skipped></testcase><testcase classname="src.pymortests.operators" file="src/pymortests/operators.py" line="204" name="test_project[&lt;lambda&gt;12]" time="0.0007166862487792969"><skipped message="Suite splitting in effect" type="pytest.skip">src/pymortests/operators.py:204: &lt;py._xmlgen.raw object at 0x7f1dd47352e8&gt;</skipped></testcase><testcase classname="src.pymortests.operators" file="src/pymortests/operators.py" line="204" name="test_project[&lt;lambda&gt;13]" time="0.00041365623474121094"><skipped message="Suite splitting in effect" type="pytest.skip">src/pymortests/operators.py:204: &lt;py._xmlgen.raw object at 0x7f1dd472a358&gt;</skipped></testcase><testcase classname="src.pymortests.operators" file="src/pymortests/operators.py" line="204" name="test_project[&lt;lambda&gt;14]" time="0.000415802001953125"><skipped message="Suite splitting in effect" type="pytest.skip">src/pymortests/operators.py:204: &lt;py._xmlgen.raw object at 0x7f1ddfad8978&gt;</skipped></testcase><testcase classname="src.pymortests.operators" file="src/pymortests/operators.py" line="204" name="test_project[&lt;lambda&gt;15]" time="0.0004229545593261719"><skipped message="Suite splitting in effect" type="pytest.skip">src/pymortests/operators.py:204: &lt;py._xmlgen.raw object at 0x7f1dd4706f60&gt;</skipped></testcase><testcase classname="src.pymortests.operators" file="src/pymortests/operators.py" line="204" name="test_project[&lt;lambda&gt;16]" time="0.00041604042053222656"><skipped message="Suite splitting in effect" type="pytest.skip">src/pymortests/operators.py:204: &lt;py._xmlgen.raw object at 0x7f1ddfbc2d68&gt;</skipped></testcase><testcase classname="src.pymortests.operators" file="src/pymortests/operators.py" line="204" name="test_project[&lt;lambda&gt;17]" time="0.00044345855712890625"><skipped message="Suite splitting in effect" type="pytest.skip">src/pymortests/operators.py:204: &lt;py._xmlgen.raw object at 0x7f1ddfa78f60&gt;</skipped></testcase><testcase classname="src.pymortests.operators" file="src/pymortests/operators.py" line="204" name="test_project[&lt;lambda&gt;18]" time="0.00044035911560058594"><skipped message="Suite splitting in effect" type="pytest.skip">src/pymortests/operators.py:204: &lt;py._xmlgen.raw object at 0x7f1dd4723d30&gt;</skipped></testcase><testcase classname="src.pymortests.operators" file="src/pymortests/operators.py" line="204" name="test_project[&lt;lambda&gt;19]" time="0.00048232078552246094"><skipped message="Suite splitting in effect" type="pytest.skip">src/pymortests/operators.py:204: &lt;py._xmlgen.raw object at 0x7f1dd4735160&gt;</skipped></testcase><testcase classname="src.pymortests.operators" file="src/pymortests/operators.py" line="204" name="test_project[&lt;lambda&gt;20]" time="0.0007226467132568359"><skipped message="Suite splitting in effect" type="pytest.skip">src/pymortests/operators.py:204: &lt;py._xmlgen.raw object at 0x7f1dd4735908&gt;</skipped></testcase><testcase classname="src.pymortests.operators" file="src/pymortests/operators.py" line="204" name="test_project[&lt;lambda&gt;21]" time="0.0004601478576660156"><skipped message="Suite splitting in effect" type="pytest.skip">src/pymortests/operators.py:204: &lt;py._xmlgen.raw object at 0x7f1ddfa78d68&gt;</skipped></testcase><testcase classname="src.pymortests.operators" file="src/pymortests/operators.py" line="204" name="test_project[&lt;lambda&gt;22]" time="0.0004279613494873047"><skipped message="Suite splitting in effect" type="pytest.skip">src/pymortests/operators.py:204: &lt;py._xmlgen.raw object at 0x7f1ddfb14438&gt;</skipped></testcase><testcase classname="src.pymortests.operators" file="src/pymortests/operators.py" line="204" name="test_project[&lt;lambda&gt;23]" time="0.0004241466522216797"><skipped message="Suite splitting in effect" type="pytest.skip">src/pymortests/operators.py:204: &lt;py._xmlgen.raw object at 0x7f1dd4706c88&gt;</skipped></testcase><testcase classname="src.pymortests.operators" file="src/pymortests/operators.py" line="204" name="test_project[&lt;lambda&gt;24]" time="0.00043463706970214844"><skipped message="Suite splitting in effect" type="pytest.skip">src/pymortests/operators.py:204: &lt;py._xmlgen.raw object at 0x7f1ddfa8d588&gt;</skipped></testcase><testcase classname="src.pymortests.operators" file="src/pymortests/operators.py" line="204" name="test_project[&lt;lambda&gt;25]" time="0.0004508495330810547"><skipped message="Suite splitting in effect" type="pytest.skip">src/pymortests/operators.py:204: &lt;py._xmlgen.raw object at 0x7f1dd472ab70&gt;</skipped></testcase><testcase classname="src.pymortests.operators" file="src/pymortests/operators.py" line="204" name="test_project[&lt;lambda&gt;26]" time="0.00044155120849609375"><skipped message="Suite splitting in effect" type="pytest.skip">src/pymortests/operators.py:204: &lt;py._xmlgen.raw object at 0x7f1dd4735a20&gt;</skipped></testcase><testcase classname="src.pymortests.operators" file="src/pymortests/operators.py" line="204" name="test_project[&lt;lambda&gt;27]" time="0.0004324913024902344"><skipped message="Suite splitting in effect" type="pytest.skip">src/pymortests/operators.py:204: &lt;py._xmlgen.raw object at 0x7f1dd4735438&gt;</skipped></testcase><testcase classname="src.pymortests.operators" file="src/pymortests/operators.py" line="204" name="test_project[&lt;lambda&gt;28]" time="0.0007262229919433594"><skipped message="Suite splitting in effect" type="pytest.skip">src/pymortests/operators.py:204: &lt;py._xmlgen.raw object at 0x7f1dd4735f28&gt;</skipped></testcase><testcase classname="src.pymortests.operators" file="src/pymortests/operators.py" line="204" name="test_project[&lt;lambda&gt;29]" time="0.0004494190216064453"><skipped message="Suite splitting in effect" type="pytest.skip">src/pymortests/operators.py:204: &lt;py._xmlgen.raw object at 0x7f1dd4735a90&gt;</skipped></testcase><testcase classname="src.pymortests.operators" file="src/pymortests/operators.py" line="204" name="test_project[&lt;lambda&gt;30]" time="0.0004429817199707031"><skipped message="Suite splitting in effect" type="pytest.skip">src/pymortests/operators.py:204: &lt;py._xmlgen.raw object at 0x7f1dd472aa90&gt;</skipped></testcase><testcase classname="src.pymortests.operators" file="src/pymortests/operators.py" line="204" name="test_project[&lt;lambda&gt;31]" time="0.0004851818084716797"><skipped message="Suite splitting in effect" type="pytest.skip">src/pymortests/operators.py:204: &lt;py._xmlgen.raw object at 0x7f1ddfad8ac8&gt;</skipped></testcase><testcase classname="src.pymortests.operators" file="src/pymortests/operators.py" line="204" name="test_project[&lt;lambda&gt;32]" time="0.0004343986511230469"><skipped message="Suite splitting in effect" type="pytest.skip">src/pymortests/operators.py:204: &lt;py._xmlgen.raw object at 0x7f1dd46feac8&gt;</skipped></testcase><testcase classname="src.pymortests.operators" file="src/pymortests/operators.py" line="204" name="test_project[&lt;lambda&gt;33]" time="0.00043272972106933594"><skipped message="Suite splitting in effect" type="pytest.skip">src/pymortests/operators.py:204: &lt;py._xmlgen.raw object at 0x7f1ddfaf20f0&gt;</skipped></testcase><testcase classname="src.pymortests.operators" file="src/pymortests/operators.py" line="204" name="test_project[&lt;lambda&gt;34]" time="0.00042510032653808594"><skipped message="Suite splitting in effect" type="pytest.skip">src/pymortests/operators.py:204: &lt;py._xmlgen.raw object at 0x7f1ddfa78f60&gt;</skipped></testcase><testcase classname="src.pymortests.operators" file="src/pymortests/operators.py" line="204" name="test_project[&lt;lambda&gt;35]" time="0.0004646778106689453"><skipped message="Suite splitting in effect" type="pytest.skip">src/pymortests/operators.py:204: &lt;py._xmlgen.raw object at 0x7f1dd46c0048&gt;</skipped></testcase><testcase classname="src.pymortests.operators" file="src/pymortests/operators.py" line="204" name="test_project[&lt;lambda&gt;36]" time="0.0009641647338867188"><skipped message="Suite splitting in effect" type="pytest.skip">src/pymortests/operators.py:204: &lt;py._xmlgen.raw object at 0x7f1dd46c0588&gt;</skipped></testcase><testcase classname="src.pymortests.operators" file="src/pymortests/operators.py" line="204" name="test_project[&lt;lambda&gt;37]" time="0.00043964385986328125"><skipped message="Suite splitting in effect" type="pytest.skip">src/pymortests/operators.py:204: &lt;py._xmlgen.raw object at 0x7f1ddfae8a20&gt;</skipped></testcase><testcase classname="src.pymortests.operators" file="src/pymortests/operators.py" line="204" name="test_project[&lt;lambda&gt;38]" time="0.0004305839538574219"><skipped message="Suite splitting in effect" type="pytest.skip">src/pymortests/operators.py:204: &lt;py._xmlgen.raw object at 0x7f1ddfa8d2e8&gt;</skipped></testcase><testcase classname="src.pymortests.operators" file="src/pymortests/operators.py" line="204" name="test_project[&lt;lambda&gt;39]" time="0.0004265308380126953"><skipped message="Suite splitting in effect" type="pytest.skip">src/pymortests/operators.py:204: &lt;py._xmlgen.raw object at 0x7f1dd4735c18&gt;</skipped></testcase><testcase classname="src.pymortests.operators" file="src/pymortests/operators.py" line="204" name="test_project[&lt;lambda&gt;40]" time="0.00042438507080078125"><skipped message="Suite splitting in effect" type="pytest.skip">src/pymortests/operators.py:204: &lt;py._xmlgen.raw object at 0x7f1dd4735e48&gt;</skipped></testcase><testcase classname="src.pymortests.operators" file="src/pymortests/operators.py" line="214" name="test_project_2[&lt;lambda&gt;0]" time="0.000431060791015625"><skipped message="Suite splitting in effect" type="pytest.skip">src/pymortests/operators.py:214: &lt;py._xmlgen.raw object at 0x7f1dd472a160&gt;</skipped></testcase><testcase classname="src.pymortests.operators" file="src/pymortests/operators.py" line="214" name="test_project_2[&lt;lambda&gt;1]" time="0.0004372596740722656"><skipped message="Suite splitting in effect" type="pytest.skip">src/pymortests/operators.py:214: &lt;py._xmlgen.raw object at 0x7f1dd472a668&gt;</skipped></testcase><testcase classname="src.pymortests.operators" file="src/pymortests/operators.py" line="214" name="test_project_2[&lt;lambda&gt;2]" time="0.00041604042053222656"><skipped message="Suite splitting in effect" type="pytest.skip">src/pymortests/operators.py:214: &lt;py._xmlgen.raw object at 0x7f1dd47233c8&gt;</skipped></testcase><testcase classname="src.pymortests.operators" file="src/pymortests/operators.py" line="214" name="test_project_2[&lt;lambda&gt;3]" time="0.0004870891571044922"><skipped message="Suite splitting in effect" type="pytest.skip">src/pymortests/operators.py:214: &lt;py._xmlgen.raw object at 0x7f1dd47130b8&gt;</skipped></testcase><testcase classname="src.pymortests.operators" file="src/pymortests/operators.py" line="214" name="test_project_2[&lt;lambda&gt;4]" time="0.0007426738739013672"><skipped message="Suite splitting in effect" type="pytest.skip">src/pymortests/operators.py:214: &lt;py._xmlgen.raw object at 0x7f1dd47134e0&gt;</skipped></testcase><testcase classname="src.pymortests.operators" file="src/pymortests/operators.py" line="214" name="test_project_2[&lt;lambda&gt;5]" time="0.00044035911560058594"><skipped message="Suite splitting in effect" type="pytest.skip">src/pymortests/operators.py:214: &lt;py._xmlgen.raw object at 0x7f1dd472ad30&gt;</skipped></testcase><testcase classname="src.pymortests.operators" file="src/pymortests/operators.py" line="214" name="test_project_2[&lt;lambda&gt;6]" time="0.0004131793975830078"><skipped message="Suite splitting in effect" type="pytest.skip">src/pymortests/operators.py:214: &lt;py._xmlgen.raw object at 0x7f1dd472a240&gt;</skipped></testcase><testcase classname="src.pymortests.operators" file="src/pymortests/operators.py" line="214" name="test_project_2[&lt;lambda&gt;7]" time="0.00042939186096191406"><skipped message="Suite splitting in effect" type="pytest.skip">src/pymortests/operators.py:214: &lt;py._xmlgen.raw object at 0x7f1dd4735b00&gt;</skipped></testcase><testcase classname="src.pymortests.operators" file="src/pymortests/operators.py" line="214" name="test_project_2[&lt;lambda&gt;8]" time="0.00043201446533203125"><skipped message="Suite splitting in effect" type="pytest.skip">src/pymortests/operators.py:214: &lt;py._xmlgen.raw object at 0x7f1dd4735470&gt;</skipped></testcase><testcase classname="src.pymortests.operators" file="src/pymortests/operators.py" line="214" name="test_project_2[&lt;lambda&gt;9]" time="0.00041413307189941406"><skipped message="Suite splitting in effect" type="pytest.skip">src/pymortests/operators.py:214: &lt;py._xmlgen.raw object at 0x7f1ddfa9bfd0&gt;</skipped></testcase><testcase classname="src.pymortests.operators" file="src/pymortests/operators.py" line="214" name="test_project_2[&lt;lambda&gt;10]" time="0.00043773651123046875"><skipped message="Suite splitting in effect" type="pytest.skip">src/pymortests/operators.py:214: &lt;py._xmlgen.raw object at 0x7f1ddfae8a20&gt;</skipped></testcase><testcase classname="src.pymortests.operators" file="src/pymortests/operators.py" line="214" name="test_project_2[&lt;lambda&gt;11]" time="0.00041937828063964844"><skipped message="Suite splitting in effect" type="pytest.skip">src/pymortests/operators.py:214: &lt;py._xmlgen.raw object at 0x7f1ddfb60780&gt;</skipped></testcase><testcase classname="src.pymortests.operators" file="src/pymortests/operators.py" line="214" name="test_project_2[&lt;lambda&gt;12]" time="0.0007274150848388672"><skipped message="Suite splitting in effect" type="pytest.skip">src/pymortests/operators.py:214: &lt;py._xmlgen.raw object at 0x7f1dd4774f60&gt;</skipped></testcase><testcase classname="src.pymortests.operators" file="src/pymortests/operators.py" line="214" name="test_project_2[&lt;lambda&gt;13]" time="0.00042128562927246094"><skipped message="Suite splitting in effect" type="pytest.skip">src/pymortests/operators.py:214: &lt;py._xmlgen.raw object at 0x7f1ddfa9b2e8&gt;</skipped></testcase><testcase classname="src.pymortests.operators" file="src/pymortests/operators.py" line="214" name="test_project_2[&lt;lambda&gt;14]" time="0.00043129920959472656"><skipped message="Suite splitting in effect" type="pytest.skip">src/pymortests/operators.py:214: &lt;py._xmlgen.raw object at 0x7f1dd4735f98&gt;</skipped></testcase><testcase classname="src.pymortests.operators" file="src/pymortests/operators.py" line="214" name="test_project_2[&lt;lambda&gt;15]" time="0.0004508495330810547"><skipped message="Suite splitting in effect" type="pytest.skip">src/pymortests/operators.py:214: &lt;py._xmlgen.raw object at 0x7f1dd47354a8&gt;</skipped></testcase><testcase classname="src.pymortests.operators" file="src/pymortests/operators.py" line="214" name="test_project_2[&lt;lambda&gt;16]" time="0.0004265308380126953"><skipped message="Suite splitting in effect" type="pytest.skip">src/pymortests/operators.py:214: &lt;py._xmlgen.raw object at 0x7f1dd472af60&gt;</skipped></testcase><testcase classname="src.pymortests.operators" file="src/pymortests/operators.py" line="214" name="test_project_2[&lt;lambda&gt;17]" time="0.00043487548828125"><skipped message="Suite splitting in effect" type="pytest.skip">src/pymortests/operators.py:214: &lt;py._xmlgen.raw object at 0x7f1dd4723cc0&gt;</skipped></testcase><testcase classname="src.pymortests.operators" file="src/pymortests/operators.py" line="214" name="test_project_2[&lt;lambda&gt;18]" time="0.0004165172576904297"><skipped message="Suite splitting in effect" type="pytest.skip">src/pymortests/operators.py:214: &lt;py._xmlgen.raw object at 0x7f1dd46c0630&gt;</skipped></testcase><testcase classname="src.pymortests.operators" file="src/pymortests/operators.py" line="214" name="test_project_2[&lt;lambda&gt;19]" time="0.0004260540008544922"><skipped message="Suite splitting in effect" type="pytest.skip">src/pymortests/operators.py:214: &lt;py._xmlgen.raw object at 0x7f1dd46c0a90&gt;</skipped></testcase><testcase classname="src.pymortests.operators" file="src/pymortests/operators.py" line="214" name="test_project_2[&lt;lambda&gt;20]" time="0.0007426738739013672"><skipped message="Suite splitting in effect" type="pytest.skip">src/pymortests/operators.py:214: &lt;py._xmlgen.raw object at 0x7f1dd46c0fd0&gt;</skipped></testcase><testcase classname="src.pymortests.operators" file="src/pymortests/operators.py" line="214" name="test_project_2[&lt;lambda&gt;21]" time="0.00044226646423339844"><skipped message="Suite splitting in effect" type="pytest.skip">src/pymortests/operators.py:214: &lt;py._xmlgen.raw object at 0x7f1dd46c07f0&gt;</skipped></testcase><testcase classname="src.pymortests.operators" file="src/pymortests/operators.py" line="214" name="test_project_2[&lt;lambda&gt;22]" time="0.0004780292510986328"><skipped message="Suite splitting in effect" type="pytest.skip">src/pymortests/operators.py:214: &lt;py._xmlgen.raw object at 0x7f1dd4723470&gt;</skipped></testcase><testcase classname="src.pymortests.operators" file="src/pymortests/operators.py" line="214" name="test_project_2[&lt;lambda&gt;23]" time="0.0004374980926513672"><skipped message="Suite splitting in effect" type="pytest.skip">src/pymortests/operators.py:214: &lt;py._xmlgen.raw object at 0x7f1ddfaad4e0&gt;</skipped></testcase><testcase classname="src.pymortests.operators" file="src/pymortests/operators.py" line="214" name="test_project_2[&lt;lambda&gt;24]" time="0.00042629241943359375"><skipped message="Suite splitting in effect" type="pytest.skip">src/pymortests/operators.py:214: &lt;py._xmlgen.raw object at 0x7f1dd472a828&gt;</skipped></testcase><testcase classname="src.pymortests.operators" file="src/pymortests/operators.py" line="214" name="test_project_2[&lt;lambda&gt;25]" time="0.00047135353088378906"><skipped message="Suite splitting in effect" type="pytest.skip">src/pymortests/operators.py:214: &lt;py._xmlgen.raw object at 0x7f1dd4735b00&gt;</skipped></testcase><testcase classname="src.pymortests.operators" file="src/pymortests/operators.py" line="214" name="test_project_2[&lt;lambda&gt;26]" time="0.00044083595275878906"><skipped message="Suite splitting in effect" type="pytest.skip">src/pymortests/operators.py:214: &lt;py._xmlgen.raw object at 0x7f1ddfa8df60&gt;</skipped></testcase><testcase classname="src.pymortests.operators" file="src/pymortests/operators.py" line="214" name="test_project_2[&lt;lambda&gt;27]" time="0.00045037269592285156"><skipped message="Suite splitting in effect" type="pytest.skip">src/pymortests/operators.py:214: &lt;py._xmlgen.raw object at 0x7f1dd47745c0&gt;</skipped></testcase><testcase classname="src.pymortests.operators" file="src/pymortests/operators.py" line="214" name="test_project_2[&lt;lambda&gt;28]" time="0.0007522106170654297"><skipped message="Suite splitting in effect" type="pytest.skip">src/pymortests/operators.py:214: &lt;py._xmlgen.raw object at 0x7f1dd46cd550&gt;</skipped></testcase><testcase classname="src.pymortests.operators" file="src/pymortests/operators.py" line="214" name="test_project_2[&lt;lambda&gt;29]" time="0.00042557716369628906"><skipped message="Suite splitting in effect" type="pytest.skip">src/pymortests/operators.py:214: &lt;py._xmlgen.raw object at 0x7f1dd46fe390&gt;</skipped></testcase><testcase classname="src.pymortests.operators" file="src/pymortests/operators.py" line="214" name="test_project_2[&lt;lambda&gt;30]" time="0.0004055500030517578"><skipped message="Suite splitting in effect" type="pytest.skip">src/pymortests/operators.py:214: &lt;py._xmlgen.raw object at 0x7f1dd4735cf8&gt;</skipped></testcase><testcase classname="src.pymortests.operators" file="src/pymortests/operators.py" line="214" name="test_project_2[&lt;lambda&gt;31]" time="0.0004162788391113281"><skipped message="Suite splitting in effect" type="pytest.skip">src/pymortests/operators.py:214: &lt;py._xmlgen.raw object at 0x7f1dd472a358&gt;</skipped></testcase><testcase classname="src.pymortests.operators" file="src/pymortests/operators.py" line="214" name="test_project_2[&lt;lambda&gt;32]" time="0.00040984153747558594"><skipped message="Suite splitting in effect" type="pytest.skip">src/pymortests/operators.py:214: &lt;py._xmlgen.raw object at 0x7f1ddfaadac8&gt;</skipped></testcase><testcase classname="src.pymortests.operators" file="src/pymortests/operators.py" line="214" name="test_project_2[&lt;lambda&gt;33]" time="0.0004515647888183594"><skipped message="Suite splitting in effect" type="pytest.skip">src/pymortests/operators.py:214: &lt;py._xmlgen.raw object at 0x7f1dd46c0be0&gt;</skipped></testcase><testcase classname="src.pymortests.operators" file="src/pymortests/operators.py" line="214" name="test_project_2[&lt;lambda&gt;34]" time="0.00043129920959472656"><skipped message="Suite splitting in effect" type="pytest.skip">src/pymortests/operators.py:214: &lt;py._xmlgen.raw object at 0x7f1dd46c0b38&gt;</skipped></testcase><testcase classname="src.pymortests.operators" file="src/pymortests/operators.py" line="214" name="test_project_2[&lt;lambda&gt;35]" time="0.0004277229309082031"><skipped message="Suite splitting in effect" type="pytest.skip">src/pymortests/operators.py:214: &lt;py._xmlgen.raw object at 0x7f1dd46cd470&gt;</skipped></testcase><testcase classname="src.pymortests.operators" file="src/pymortests/operators.py" line="214" name="test_project_2[&lt;lambda&gt;36]" time="0.0007259845733642578"><skipped message="Suite splitting in effect" type="pytest.skip">src/pymortests/operators.py:214: &lt;py._xmlgen.raw object at 0x7f1dd46cdb70&gt;</skipped></testcase><testcase classname="src.pymortests.operators" file="src/pymortests/operators.py" line="214" name="test_project_2[&lt;lambda&gt;37]" time="0.0004088878631591797"><skipped message="Suite splitting in effect" type="pytest.skip">src/pymortests/operators.py:214: &lt;py._xmlgen.raw object at 0x7f1dd46c0be0&gt;</skipped></testcase><testcase classname="src.pymortests.operators" file="src/pymortests/operators.py" line="214" name="test_project_2[&lt;lambda&gt;38]" time="0.000431060791015625"><skipped message="Suite splitting in effect" type="pytest.skip">src/pymortests/operators.py:214: &lt;py._xmlgen.raw object at 0x7f1ddfaad390&gt;</skipped></testcase><testcase classname="src.pymortests.operators" file="src/pymortests/operators.py" line="214" name="test_project_2[&lt;lambda&gt;39]" time="0.00044465065002441406"><skipped message="Suite splitting in effect" type="pytest.skip">src/pymortests/operators.py:214: &lt;py._xmlgen.raw object at 0x7f1ddfac5588&gt;</skipped></testcase><testcase classname="src.pymortests.operators" file="src/pymortests/operators.py" line="214" name="test_project_2[&lt;lambda&gt;40]" time="0.0004744529724121094"><skipped message="Suite splitting in effect" type="pytest.skip">src/pymortests/operators.py:214: &lt;py._xmlgen.raw object at 0x7f1ddfa8d978&gt;</skipped></testcase><testcase classname="src.pymortests.operators" file="src/pymortests/operators.py" line="230" name="test_project_with_product[&lt;lambda&gt;0]" time="0.0004417896270751953"><skipped message="Suite splitting in effect" type="pytest.skip">src/pymortests/operators.py:230: &lt;py._xmlgen.raw object at 0x7f1ddfa3f8d0&gt;</skipped></testcase><testcase classname="src.pymortests.operators" file="src/pymortests/operators.py" line="230" name="test_project_with_product[&lt;lambda&gt;1]" time="0.0004277229309082031"><skipped message="Suite splitting in effect" type="pytest.skip">src/pymortests/operators.py:230: &lt;py._xmlgen.raw object at 0x7f1dd46cd898&gt;</skipped></testcase><testcase classname="src.pymortests.operators" file="src/pymortests/operators.py" line="230" name="test_project_with_product[&lt;lambda&gt;2]" time="0.00042939186096191406"><skipped message="Suite splitting in effect" type="pytest.skip">src/pymortests/operators.py:230: &lt;py._xmlgen.raw object at 0x7f1dd46cd320&gt;</skipped></testcase><testcase classname="src.pymortests.operators" file="src/pymortests/operators.py" line="230" name="test_project_with_product[&lt;lambda&gt;3]" time="0.0007624626159667969"><skipped message="Suite splitting in effect" type="pytest.skip">src/pymortests/operators.py:230: &lt;py._xmlgen.raw object at 0x7f1dd46d71d0&gt;</skipped></testcase><testcase classname="src.pymortests.operators" file="src/pymortests/operators.py" line="230" name="test_project_with_product[&lt;lambda&gt;4]" time="0.0004146099090576172"><skipped message="Suite splitting in effect" type="pytest.skip">src/pymortests/operators.py:230: &lt;py._xmlgen.raw object at 0x7f1dd46cd5f8&gt;</skipped></testcase><testcase classname="src.pymortests.operators" file="src/pymortests/operators.py" line="230" name="test_project_with_product[&lt;lambda&gt;5]" time="0.00046062469482421875"><skipped message="Suite splitting in effect" type="pytest.skip">src/pymortests/operators.py:230: &lt;py._xmlgen.raw object at 0x7f1ddfa3f240&gt;</skipped></testcase><testcase classname="src.pymortests.operators" file="src/pymortests/operators.py" line="230" name="test_project_with_product[&lt;lambda&gt;6]" time="0.00045490264892578125"><skipped message="Suite splitting in effect" type="pytest.skip">src/pymortests/operators.py:230: &lt;py._xmlgen.raw object at 0x7f1ddfa8dc18&gt;</skipped></testcase><testcase classname="src.pymortests.operators" file="src/pymortests/operators.py" line="230" name="test_project_with_product[&lt;lambda&gt;7]" time="0.0004360675811767578"><skipped message="Suite splitting in effect" type="pytest.skip">src/pymortests/operators.py:230: &lt;py._xmlgen.raw object at 0x7f1dd4735f98&gt;</skipped></testcase><testcase classname="src.pymortests.operators" file="src/pymortests/operators.py" line="230" name="test_project_with_product[&lt;lambda&gt;8]" time="0.000431060791015625"><skipped message="Suite splitting in effect" type="pytest.skip">src/pymortests/operators.py:230: &lt;py._xmlgen.raw object at 0x7f1ddfaadeb8&gt;</skipped></testcase><testcase classname="src.pymortests.operators" file="src/pymortests/operators.py" line="230" name="test_project_with_product[&lt;lambda&gt;9]" time="0.00043320655822753906"><skipped message="Suite splitting in effect" type="pytest.skip">src/pymortests/operators.py:230: &lt;py._xmlgen.raw object at 0x7f1dd46c0cf8&gt;</skipped></testcase><testcase classname="src.pymortests.operators" file="src/pymortests/operators.py" line="230" name="test_project_with_product[&lt;lambda&gt;10]" time="0.0004203319549560547"><skipped message="Suite splitting in effect" type="pytest.skip">src/pymortests/operators.py:230: &lt;py._xmlgen.raw object at 0x7f1dd46d7048&gt;</skipped></testcase><testcase classname="src.pymortests.operators" file="src/pymortests/operators.py" line="230" name="test_project_with_product[&lt;lambda&gt;11]" time="0.0007224082946777344"><skipped message="Suite splitting in effect" type="pytest.skip">src/pymortests/operators.py:230: &lt;py._xmlgen.raw object at 0x7f1dd46d77f0&gt;</skipped></testcase><testcase classname="src.pymortests.operators" file="src/pymortests/operators.py" line="230" name="test_project_with_product[&lt;lambda&gt;12]" time="0.0004189014434814453"><skipped message="Suite splitting in effect" type="pytest.skip">src/pymortests/operators.py:230: &lt;py._xmlgen.raw object at 0x7f1dd4764a20&gt;</skipped></testcase><testcase classname="src.pymortests.operators" file="src/pymortests/operators.py" line="230" name="test_project_with_product[&lt;lambda&gt;13]" time="0.0004417896270751953"><skipped message="Suite splitting in effect" type="pytest.skip">src/pymortests/operators.py:230: &lt;py._xmlgen.raw object at 0x7f1ddfbe9630&gt;</skipped></testcase><testcase classname="src.pymortests.operators" file="src/pymortests/operators.py" line="230" name="test_project_with_product[&lt;lambda&gt;14]" time="0.00043487548828125"><skipped message="Suite splitting in effect" type="pytest.skip">src/pymortests/operators.py:230: &lt;py._xmlgen.raw object at 0x7f1ddfa8dc18&gt;</skipped></testcase><testcase classname="src.pymortests.operators" file="src/pymortests/operators.py" line="230" name="test_project_with_product[&lt;lambda&gt;15]" time="0.0004303455352783203"><skipped message="Suite splitting in effect" type="pytest.skip">src/pymortests/operators.py:230: &lt;py._xmlgen.raw object at 0x7f1ddfa50c18&gt;</skipped></testcase><testcase classname="src.pymortests.operators" file="src/pymortests/operators.py" line="230" name="test_project_with_product[&lt;lambda&gt;16]" time="0.0004622936248779297"><skipped message="Suite splitting in effect" type="pytest.skip">src/pymortests/operators.py:230: &lt;py._xmlgen.raw object at 0x7f1dd46cdc50&gt;</skipped></testcase><testcase classname="src.pymortests.operators" file="src/pymortests/operators.py" line="230" name="test_project_with_product[&lt;lambda&gt;17]" time="0.0004355907440185547"><skipped message="Suite splitting in effect" type="pytest.skip">src/pymortests/operators.py:230: &lt;py._xmlgen.raw object at 0x7f1dd46d7518&gt;</skipped></testcase><testcase classname="src.pymortests.operators" file="src/pymortests/operators.py" line="230" name="test_project_with_product[&lt;lambda&gt;18]" time="0.00044918060302734375"><skipped message="Suite splitting in effect" type="pytest.skip">src/pymortests/operators.py:230: &lt;py._xmlgen.raw object at 0x7f1dd46d7048&gt;</skipped></testcase><testcase classname="src.pymortests.operators" file="src/pymortests/operators.py" line="230" name="test_project_with_product[&lt;lambda&gt;19]" time="0.0008132457733154297"><skipped message="Suite splitting in effect" type="pytest.skip">src/pymortests/operators.py:230: &lt;py._xmlgen.raw object at 0x7f1dd46d7e10&gt;</skipped></testcase><testcase classname="src.pymortests.operators" file="src/pymortests/operators.py" line="230" name="test_project_with_product[&lt;lambda&gt;20]" time="0.0004086494445800781"><skipped message="Suite splitting in effect" type="pytest.skip">src/pymortests/operators.py:230: &lt;py._xmlgen.raw object at 0x7f1dd46cdda0&gt;</skipped></testcase><testcase classname="src.pymortests.operators" file="src/pymortests/operators.py" line="230" name="test_project_with_product[&lt;lambda&gt;21]" time="0.00042438507080078125"><skipped message="Suite splitting in effect" type="pytest.skip">src/pymortests/operators.py:230: &lt;py._xmlgen.raw object at 0x7f1dd4774f60&gt;</skipped></testcase><testcase classname="src.pymortests.operators" file="src/pymortests/operators.py" line="230" name="test_project_with_product[&lt;lambda&gt;22]" time="0.00042629241943359375"><skipped message="Suite splitting in effect" type="pytest.skip">src/pymortests/operators.py:230: &lt;py._xmlgen.raw object at 0x7f1dd4735f98&gt;</skipped></testcase><testcase classname="src.pymortests.operators" file="src/pymortests/operators.py" line="230" name="test_project_with_product[&lt;lambda&gt;23]" time="0.00044035911560058594"><skipped message="Suite splitting in effect" type="pytest.skip">src/pymortests/operators.py:230: &lt;py._xmlgen.raw object at 0x7f1dd472a358&gt;</skipped></testcase><testcase classname="src.pymortests.operators" file="src/pymortests/operators.py" line="230" name="test_project_with_product[&lt;lambda&gt;24]" time="0.00046372413635253906"><skipped message="Suite splitting in effect" type="pytest.skip">src/pymortests/operators.py:230: &lt;py._xmlgen.raw object at 0x7f1dd46c0748&gt;</skipped></testcase><testcase classname="src.pymortests.operators" file="src/pymortests/operators.py" line="230" name="test_project_with_product[&lt;lambda&gt;25]" time="0.00042438507080078125"><skipped message="Suite splitting in effect" type="pytest.skip">src/pymortests/operators.py:230: &lt;py._xmlgen.raw object at 0x7f1dd46d7b70&gt;</skipped></testcase><testcase classname="src.pymortests.operators" file="src/pymortests/operators.py" line="230" name="test_project_with_product[&lt;lambda&gt;26]" time="0.00043964385986328125"><skipped message="Suite splitting in effect" type="pytest.skip">src/pymortests/operators.py:230: &lt;py._xmlgen.raw object at 0x7f1dd46d78d0&gt;</skipped></testcase><testcase classname="src.pymortests.operators" file="src/pymortests/operators.py" line="230" name="test_project_with_product[&lt;lambda&gt;27]" time="0.0007426738739013672"><skipped message="Suite splitting in effect" type="pytest.skip">src/pymortests/operators.py:230: &lt;py._xmlgen.raw object at 0x7f1dd46e5470&gt;</skipped></testcase><testcase classname="src.pymortests.operators" file="src/pymortests/operators.py" line="230" name="test_project_with_product[&lt;lambda&gt;28]" time="0.0004341602325439453"><skipped message="Suite splitting in effect" type="pytest.skip">src/pymortests/operators.py:230: &lt;py._xmlgen.raw object at 0x7f1dd46d7be0&gt;</skipped></testcase><testcase classname="src.pymortests.operators" file="src/pymortests/operators.py" line="230" name="test_project_with_product[&lt;lambda&gt;29]" time="0.000423431396484375"><skipped message="Suite splitting in effect" type="pytest.skip">src/pymortests/operators.py:230: &lt;py._xmlgen.raw object at 0x7f1dd46c0cf8&gt;</skipped></testcase><testcase classname="src.pymortests.operators" file="src/pymortests/operators.py" line="230" name="test_project_with_product[&lt;lambda&gt;30]" time="0.0004329681396484375"><skipped message="Suite splitting in effect" type="pytest.skip">src/pymortests/operators.py:230: &lt;py._xmlgen.raw object at 0x7f1ddfbe9630&gt;</skipped></testcase><testcase classname="src.pymortests.operators" file="src/pymortests/operators.py" line="230" name="test_project_with_product[&lt;lambda&gt;31]" time="0.0004131793975830078"><skipped message="Suite splitting in effect" type="pytest.skip">src/pymortests/operators.py:230: &lt;py._xmlgen.raw object at 0x7f1ddfa8dc18&gt;</skipped></testcase><testcase classname="src.pymortests.operators" file="src/pymortests/operators.py" line="230" name="test_project_with_product[&lt;lambda&gt;32]" time="0.0005373954772949219"><skipped message="Suite splitting in effect" type="pytest.skip">src/pymortests/operators.py:230: &lt;py._xmlgen.raw object at 0x7f1ddfa50588&gt;</skipped></testcase><testcase classname="src.pymortests.operators" file="src/pymortests/operators.py" line="230" name="test_project_with_product[&lt;lambda&gt;33]" time="0.00044918060302734375"><skipped message="Suite splitting in effect" type="pytest.skip">src/pymortests/operators.py:230: &lt;py._xmlgen.raw object at 0x7f1dd46cd940&gt;</skipped></testcase><testcase classname="src.pymortests.operators" file="src/pymortests/operators.py" line="230" name="test_project_with_product[&lt;lambda&gt;34]" time="0.0004582405090332031"><skipped message="Suite splitting in effect" type="pytest.skip">src/pymortests/operators.py:230: &lt;py._xmlgen.raw object at 0x7f1dd46e52e8&gt;</skipped></testcase><testcase classname="src.pymortests.operators" file="src/pymortests/operators.py" line="230" name="test_project_with_product[&lt;lambda&gt;35]" time="0.0007386207580566406"><skipped message="Suite splitting in effect" type="pytest.skip">src/pymortests/operators.py:230: &lt;py._xmlgen.raw object at 0x7f1dd46e5a90&gt;</skipped></testcase><testcase classname="src.pymortests.operators" file="src/pymortests/operators.py" line="230" name="test_project_with_product[&lt;lambda&gt;36]" time="0.0004119873046875"><skipped message="Suite splitting in effect" type="pytest.skip">src/pymortests/operators.py:230: &lt;py._xmlgen.raw object at 0x7f1dd4774898&gt;</skipped></testcase><testcase classname="src.pymortests.operators" file="src/pymortests/operators.py" line="240" name="test_project_with_product_2[&lt;lambda&gt;0]" time="0.0004329681396484375"><skipped message="Suite splitting in effect" type="pytest.skip">src/pymortests/operators.py:240: &lt;py._xmlgen.raw object at 0x7f1ddfa8dd68&gt;</skipped></testcase><testcase classname="src.pymortests.operators" file="src/pymortests/operators.py" line="240" name="test_project_with_product_2[&lt;lambda&gt;1]" time="0.0004107952117919922"><skipped message="Suite splitting in effect" type="pytest.skip">src/pymortests/operators.py:240: &lt;py._xmlgen.raw object at 0x7f1ddfac5588&gt;</skipped></testcase><testcase classname="src.pymortests.operators" file="src/pymortests/operators.py" line="240" name="test_project_with_product_2[&lt;lambda&gt;2]" time="0.0004215240478515625"><skipped message="Suite splitting in effect" type="pytest.skip">src/pymortests/operators.py:240: &lt;py._xmlgen.raw object at 0x7f1ddfab6390&gt;</skipped></testcase><testcase classname="src.pymortests.operators" file="src/pymortests/operators.py" line="240" name="test_project_with_product_2[&lt;lambda&gt;3]" time="0.00043487548828125"><skipped message="Suite splitting in effect" type="pytest.skip">src/pymortests/operators.py:240: &lt;py._xmlgen.raw object at 0x7f1dd46d7ac8&gt;</skipped></testcase><testcase classname="src.pymortests.operators" file="src/pymortests/operators.py" line="240" name="test_project_with_product_2[&lt;lambda&gt;4]" time="0.00045752525329589844"><skipped message="Suite splitting in effect" type="pytest.skip">src/pymortests/operators.py:240: &lt;py._xmlgen.raw object at 0x7f1dd46e5c18&gt;</skipped></testcase><testcase classname="src.pymortests.operators" file="src/pymortests/operators.py" line="240" name="test_project_with_product_2[&lt;lambda&gt;5]" time="0.0004429817199707031"><skipped message="Suite splitting in effect" type="pytest.skip">src/pymortests/operators.py:240: &lt;py._xmlgen.raw object at 0x7f1dd46e5160&gt;</skipped></testcase><testcase classname="src.pymortests.operators" file="src/pymortests/operators.py" line="240" name="test_project_with_product_2[&lt;lambda&gt;6]" time="0.0007274150848388672"><skipped message="Suite splitting in effect" type="pytest.skip">src/pymortests/operators.py:240: &lt;py._xmlgen.raw object at 0x7f1dd46ec0f0&gt;</skipped></testcase><testcase classname="src.pymortests.operators" file="src/pymortests/operators.py" line="240" name="test_project_with_product_2[&lt;lambda&gt;7]" time="0.0004050731658935547"><skipped message="Suite splitting in effect" type="pytest.skip">src/pymortests/operators.py:240: &lt;py._xmlgen.raw object at 0x7f1dd46e5940&gt;</skipped></testcase><testcase classname="src.pymortests.operators" file="src/pymortests/operators.py" line="240" name="test_project_with_product_2[&lt;lambda&gt;8]" time="0.00040984153747558594"><skipped message="Suite splitting in effect" type="pytest.skip">src/pymortests/operators.py:240: &lt;py._xmlgen.raw object at 0x7f1dd46d7fd0&gt;</skipped></testcase><testcase classname="src.pymortests.operators" file="src/pymortests/operators.py" line="240" name="test_project_with_product_2[&lt;lambda&gt;9]" time="0.00042247772216796875"><skipped message="Suite splitting in effect" type="pytest.skip">src/pymortests/operators.py:240: &lt;py._xmlgen.raw object at 0x7f1dd47233c8&gt;</skipped></testcase><testcase classname="src.pymortests.operators" file="src/pymortests/operators.py" line="240" name="test_project_with_product_2[&lt;lambda&gt;10]" time="0.0004172325134277344"><skipped message="Suite splitting in effect" type="pytest.skip">src/pymortests/operators.py:240: &lt;py._xmlgen.raw object at 0x7f1ddfa6e828&gt;</skipped></testcase><testcase classname="src.pymortests.operators" file="src/pymortests/operators.py" line="240" name="test_project_with_product_2[&lt;lambda&gt;11]" time="0.00043845176696777344"><skipped message="Suite splitting in effect" type="pytest.skip">src/pymortests/operators.py:240: &lt;py._xmlgen.raw object at 0x7f1ddfa9b470&gt;</skipped></testcase><testcase classname="src.pymortests.operators" file="src/pymortests/operators.py" line="240" name="test_project_with_product_2[&lt;lambda&gt;12]" time="0.0004582405090332031"><skipped message="Suite splitting in effect" type="pytest.skip">src/pymortests/operators.py:240: &lt;py._xmlgen.raw object at 0x7f1ddfa5fe80&gt;</skipped></testcase><testcase classname="src.pymortests.operators" file="src/pymortests/operators.py" line="240" name="test_project_with_product_2[&lt;lambda&gt;13]" time="0.0004239082336425781"><skipped message="Suite splitting in effect" type="pytest.skip">src/pymortests/operators.py:240: &lt;py._xmlgen.raw object at 0x7f1dd46ec208&gt;</skipped></testcase><testcase classname="src.pymortests.operators" file="src/pymortests/operators.py" line="240" name="test_project_with_product_2[&lt;lambda&gt;14]" time="0.000980377197265625"><skipped message="Suite splitting in effect" type="pytest.skip">src/pymortests/operators.py:240: &lt;py._xmlgen.raw object at 0x7f1dd46ec710&gt;</skipped></testcase><testcase classname="src.pymortests.operators" file="src/pymortests/operators.py" line="240" name="test_project_with_product_2[&lt;lambda&gt;15]" time="0.0004718303680419922"><skipped message="Suite splitting in effect" type="pytest.skip">src/pymortests/operators.py:240: &lt;py._xmlgen.raw object at 0x7f1dd4735fd0&gt;</skipped></testcase><testcase classname="src.pymortests.operators" file="src/pymortests/operators.py" line="240" name="test_project_with_product_2[&lt;lambda&gt;16]" time="0.0004131793975830078"><skipped message="Suite splitting in effect" type="pytest.skip">src/pymortests/operators.py:240: &lt;py._xmlgen.raw object at 0x7f1dd4723e48&gt;</skipped></testcase><testcase classname="src.pymortests.operators" file="src/pymortests/operators.py" line="240" name="test_project_with_product_2[&lt;lambda&gt;17]" time="0.0004570484161376953"><skipped message="Suite splitting in effect" type="pytest.skip">src/pymortests/operators.py:240: &lt;py._xmlgen.raw object at 0x7f1dd46e5b38&gt;</skipped></testcase><testcase classname="src.pymortests.operators" file="src/pymortests/operators.py" line="240" name="test_project_with_product_2[&lt;lambda&gt;18]" time="0.0004222393035888672"><skipped message="Suite splitting in effect" type="pytest.skip">src/pymortests/operators.py:240: &lt;py._xmlgen.raw object at 0x7f1dd46e5048&gt;</skipped></testcase><testcase classname="src.pymortests.operators" file="src/pymortests/operators.py" line="240" name="test_project_with_product_2[&lt;lambda&gt;19]" time="0.0004932880401611328"><skipped message="Suite splitting in effect" type="pytest.skip">src/pymortests/operators.py:240: &lt;py._xmlgen.raw object at 0x7f1dd46d7f98&gt;</skipped></testcase><testcase classname="src.pymortests.operators" file="src/pymortests/operators.py" line="240" name="test_project_with_product_2[&lt;lambda&gt;20]" time="0.0004439353942871094"><skipped message="Suite splitting in effect" type="pytest.skip">src/pymortests/operators.py:240: &lt;py._xmlgen.raw object at 0x7f1dd46cd940&gt;</skipped></testcase><testcase classname="src.pymortests.operators" file="src/pymortests/operators.py" line="240" name="test_project_with_product_2[&lt;lambda&gt;21]" time="0.0004317760467529297"><skipped message="Suite splitting in effect" type="pytest.skip">src/pymortests/operators.py:240: &lt;py._xmlgen.raw object at 0x7f1dd46c0e10&gt;</skipped></testcase><testcase classname="src.pymortests.operators" file="src/pymortests/operators.py" line="240" name="test_project_with_product_2[&lt;lambda&gt;22]" time="0.0004470348358154297"><skipped message="Suite splitting in effect" type="pytest.skip">src/pymortests/operators.py:240: &lt;py._xmlgen.raw object at 0x7f1dd4798588&gt;</skipped></testcase><testcase classname="src.pymortests.operators" file="src/pymortests/operators.py" line="240" name="test_project_with_product_2[&lt;lambda&gt;23]" time="0.0007069110870361328"><skipped message="Suite splitting in effect" type="pytest.skip">src/pymortests/operators.py:240: &lt;py._xmlgen.raw object at 0x7f1dd46c08d0&gt;</skipped></testcase><testcase classname="src.pymortests.operators" file="src/pymortests/operators.py" line="240" name="test_project_with_product_2[&lt;lambda&gt;24]" time="0.00046443939208984375"><skipped message="Suite splitting in effect" type="pytest.skip">src/pymortests/operators.py:240: &lt;py._xmlgen.raw object at 0x7f1dd46d77b8&gt;</skipped></testcase><testcase classname="src.pymortests.operators" file="src/pymortests/operators.py" line="240" name="test_project_with_product_2[&lt;lambda&gt;25]" time="0.0004744529724121094"><skipped message="Suite splitting in effect" type="pytest.skip">src/pymortests/operators.py:240: &lt;py._xmlgen.raw object at 0x7f1dd46d7940&gt;</skipped></testcase><testcase classname="src.pymortests.operators" file="src/pymortests/operators.py" line="240" name="test_project_with_product_2[&lt;lambda&gt;26]" time="0.00043320655822753906"><skipped message="Suite splitting in effect" type="pytest.skip">src/pymortests/operators.py:240: &lt;py._xmlgen.raw object at 0x7f1dd46e5f98&gt;</skipped></testcase><testcase classname="src.pymortests.operators" file="src/pymortests/operators.py" line="240" name="test_project_with_product_2[&lt;lambda&gt;27]" time="0.00043773651123046875"><skipped message="Suite splitting in effect" type="pytest.skip">src/pymortests/operators.py:240: &lt;py._xmlgen.raw object at 0x7f1ddfa6efd0&gt;</skipped></testcase><testcase classname="src.pymortests.operators" file="src/pymortests/operators.py" line="240" name="test_project_with_product_2[&lt;lambda&gt;28]" time="0.0004138946533203125"><skipped message="Suite splitting in effect" type="pytest.skip">src/pymortests/operators.py:240: &lt;py._xmlgen.raw object at 0x7f1dd4735c18&gt;</skipped></testcase><testcase classname="src.pymortests.operators" file="src/pymortests/operators.py" line="240" name="test_project_with_product_2[&lt;lambda&gt;29]" time="0.0004127025604248047"><skipped message="Suite splitting in effect" type="pytest.skip">src/pymortests/operators.py:240: &lt;py._xmlgen.raw object at 0x7f1ddfa3f198&gt;</skipped></testcase><testcase classname="src.pymortests.operators" file="src/pymortests/operators.py" line="240" name="test_project_with_product_2[&lt;lambda&gt;30]" time="0.0004074573516845703"><skipped message="Suite splitting in effect" type="pytest.skip">src/pymortests/operators.py:240: &lt;py._xmlgen.raw object at 0x7f1dd46ec7f0&gt;</skipped></testcase><testcase classname="src.pymortests.operators" file="src/pymortests/operators.py" line="240" name="test_project_with_product_2[&lt;lambda&gt;31]" time="0.0007572174072265625"><skipped message="Suite splitting in effect" type="pytest.skip">src/pymortests/operators.py:240: &lt;py._xmlgen.raw object at 0x7f1dd4713a20&gt;</skipped></testcase><testcase classname="src.pymortests.operators" file="src/pymortests/operators.py" line="240" name="test_project_with_product_2[&lt;lambda&gt;32]" time="0.0004298686981201172"><skipped message="Suite splitting in effect" type="pytest.skip">src/pymortests/operators.py:240: &lt;py._xmlgen.raw object at 0x7f1dd4735f98&gt;</skipped></testcase><testcase classname="src.pymortests.operators" file="src/pymortests/operators.py" line="240" name="test_project_with_product_2[&lt;lambda&gt;33]" time="0.0004296302795410156"><skipped message="Suite splitting in effect" type="pytest.skip">src/pymortests/operators.py:240: &lt;py._xmlgen.raw object at 0x7f1ddfa6ea20&gt;</skipped></testcase><testcase classname="src.pymortests.operators" file="src/pymortests/operators.py" line="240" name="test_project_with_product_2[&lt;lambda&gt;34]" time="0.0004165172576904297"><skipped message="Suite splitting in effect" type="pytest.skip">src/pymortests/operators.py:240: &lt;py._xmlgen.raw object at 0x7f1dd46e56a0&gt;</skipped></testcase><testcase classname="src.pymortests.operators" file="src/pymortests/operators.py" line="240" name="test_project_with_product_2[&lt;lambda&gt;35]" time="0.00044155120849609375"><skipped message="Suite splitting in effect" type="pytest.skip">src/pymortests/operators.py:240: &lt;py._xmlgen.raw object at 0x7f1dd46d7940&gt;</skipped></testcase><testcase classname="src.pymortests.operators" file="src/pymortests/operators.py" line="240" name="test_project_with_product_2[&lt;lambda&gt;36]" time="0.00042366981506347656"><skipped message="Suite splitting in effect" type="pytest.skip">src/pymortests/operators.py:240: &lt;py._xmlgen.raw object at 0x7f1dd46cd630&gt;</skipped></testcase><testcase classname="src.pymortests.operators" file="src/pymortests/operators.py" line="256" name="test_jacobian[&lt;lambda&gt;0]" time="0.00043201446533203125"><skipped message="Suite splitting in effect" type="pytest.skip">src/pymortests/operators.py:256: &lt;py._xmlgen.raw object at 0x7f1dd46ec7b8&gt;</skipped></testcase><testcase classname="src.pymortests.operators" file="src/pymortests/operators.py" line="256" name="test_jacobian[&lt;lambda&gt;1]" time="0.00041604042053222656"><skipped message="Suite splitting in effect" type="pytest.skip">src/pymortests/operators.py:256: &lt;py._xmlgen.raw object at 0x7f1dd46ecc18&gt;</skipped></testcase><testcase classname="src.pymortests.operators" file="src/pymortests/operators.py" line="256" name="test_jacobian[&lt;lambda&gt;2]" time="0.0006959438323974609"><skipped message="Suite splitting in effect" type="pytest.skip">src/pymortests/operators.py:256: &lt;py._xmlgen.raw object at 0x7f1dd467c198&gt;</skipped></testcase><testcase classname="src.pymortests.operators" file="src/pymortests/operators.py" line="256" name="test_jacobian[&lt;lambda&gt;3]" time="0.00044345855712890625"><skipped message="Suite splitting in effect" type="pytest.skip">src/pymortests/operators.py:256: &lt;py._xmlgen.raw object at 0x7f1dd46ec908&gt;</skipped></testcase><testcase classname="src.pymortests.operators" file="src/pymortests/operators.py" line="256" name="test_jacobian[&lt;lambda&gt;4]" time="0.00043892860412597656"><skipped message="Suite splitting in effect" type="pytest.skip">src/pymortests/operators.py:256: &lt;py._xmlgen.raw object at 0x7f1dd46cd860&gt;</skipped></testcase><testcase classname="src.pymortests.operators" file="src/pymortests/operators.py" line="256" name="test_jacobian[&lt;lambda&gt;5]" time="0.0004191398620605469"><skipped message="Suite splitting in effect" type="pytest.skip">src/pymortests/operators.py:256: &lt;py._xmlgen.raw object at 0x7f1dd46d7550&gt;</skipped></testcase><testcase classname="src.pymortests.operators" file="src/pymortests/operators.py" line="256" name="test_jacobian[&lt;lambda&gt;6]" time="0.00043320655822753906"><skipped message="Suite splitting in effect" type="pytest.skip">src/pymortests/operators.py:256: &lt;py._xmlgen.raw object at 0x7f1dd46e5ac8&gt;</skipped></testcase><testcase classname="src.pymortests.operators" file="src/pymortests/operators.py" line="256" name="test_jacobian[&lt;lambda&gt;7]" time="0.0004088878631591797"><skipped message="Suite splitting in effect" type="pytest.skip">src/pymortests/operators.py:256: &lt;py._xmlgen.raw object at 0x7f1ddfa6e8d0&gt;</skipped></testcase><testcase classname="src.pymortests.operators" file="src/pymortests/operators.py" line="256" name="test_jacobian[&lt;lambda&gt;8]" time="0.00041604042053222656"><skipped message="Suite splitting in effect" type="pytest.skip">src/pymortests/operators.py:256: &lt;py._xmlgen.raw object at 0x7f1ddfa50588&gt;</skipped></testcase><testcase classname="src.pymortests.operators" file="src/pymortests/operators.py" line="256" name="test_jacobian[&lt;lambda&gt;9]" time="0.0004143714904785156"><skipped message="Suite splitting in effect" type="pytest.skip">src/pymortests/operators.py:256: &lt;py._xmlgen.raw object at 0x7f1dd467c080&gt;</skipped></testcase><testcase classname="src.pymortests.operators" file="src/pymortests/operators.py" line="256" name="test_jacobian[&lt;lambda&gt;10]" time="0.0007381439208984375"><skipped message="Suite splitting in effect" type="pytest.skip">src/pymortests/operators.py:256: &lt;py._xmlgen.raw object at 0x7f1dd467c6d8&gt;</skipped></testcase><testcase classname="src.pymortests.operators" file="src/pymortests/operators.py" line="256" name="test_jacobian[&lt;lambda&gt;11]" time="0.00048232078552246094"><skipped message="Suite splitting in effect" type="pytest.skip">src/pymortests/operators.py:256: &lt;py._xmlgen.raw object at 0x7f1ddfa00c18&gt;</skipped></testcase><testcase classname="src.pymortests.operators" file="src/pymortests/operators.py" line="256" name="test_jacobian[&lt;lambda&gt;12]" time="0.0004513263702392578"><skipped message="Suite splitting in effect" type="pytest.skip">src/pymortests/operators.py:256: &lt;py._xmlgen.raw object at 0x7f1ddfa6efd0&gt;</skipped></testcase><testcase classname="src.pymortests.operators" file="src/pymortests/operators.py" line="256" name="test_jacobian[&lt;lambda&gt;13]" time="0.00041675567626953125"><skipped message="Suite splitting in effect" type="pytest.skip">src/pymortests/operators.py:256: &lt;py._xmlgen.raw object at 0x7f1dd46e5c88&gt;</skipped></testcase><testcase classname="src.pymortests.operators" file="src/pymortests/operators.py" line="256" name="test_jacobian[&lt;lambda&gt;14]" time="0.00046539306640625"><skipped message="Suite splitting in effect" type="pytest.skip">src/pymortests/operators.py:256: &lt;py._xmlgen.raw object at 0x7f1dd46cd518&gt;</skipped></testcase><testcase classname="src.pymortests.operators" file="src/pymortests/operators.py" line="256" name="test_jacobian[&lt;lambda&gt;15]" time="0.0004744529724121094"><skipped message="Suite splitting in effect" type="pytest.skip">src/pymortests/operators.py:256: &lt;py._xmlgen.raw object at 0x7f1dd46ec0f0&gt;</skipped></testcase><testcase classname="src.pymortests.operators" file="src/pymortests/operators.py" line="256" name="test_jacobian[&lt;lambda&gt;16]" time="0.0004303455352783203"><skipped message="Suite splitting in effect" type="pytest.skip">src/pymortests/operators.py:256: &lt;py._xmlgen.raw object at 0x7f1dd46c0b00&gt;</skipped></testcase><testcase classname="src.pymortests.operators" file="src/pymortests/operators.py" line="256" name="test_jacobian[&lt;lambda&gt;17]" time="0.000408172607421875"><skipped message="Suite splitting in effect" type="pytest.skip">src/pymortests/operators.py:256: &lt;py._xmlgen.raw object at 0x7f1dd467c048&gt;</skipped></testcase><testcase classname="src.pymortests.operators" file="src/pymortests/operators.py" line="256" name="test_jacobian[&lt;lambda&gt;18]" time="0.0007367134094238281"><skipped message="Suite splitting in effect" type="pytest.skip">src/pymortests/operators.py:256: &lt;py._xmlgen.raw object at 0x7f1dd467ccf8&gt;</skipped></testcase><testcase classname="src.pymortests.operators" file="src/pymortests/operators.py" line="256" name="test_jacobian[&lt;lambda&gt;19]" time="0.0004363059997558594"><skipped message="Suite splitting in effect" type="pytest.skip">src/pymortests/operators.py:256: &lt;py._xmlgen.raw object at 0x7f1dd46ec3c8&gt;</skipped></testcase><testcase classname="src.pymortests.operators" file="src/pymortests/operators.py" line="256" name="test_jacobian[&lt;lambda&gt;20]" time="0.00044083595275878906"><skipped message="Suite splitting in effect" type="pytest.skip">src/pymortests/operators.py:256: &lt;py._xmlgen.raw object at 0x7f1dd46d7ac8&gt;</skipped></testcase><testcase classname="src.pymortests.operators" file="src/pymortests/operators.py" line="256" name="test_jacobian[&lt;lambda&gt;21]" time="0.00043892860412597656"><skipped message="Suite splitting in effect" type="pytest.skip">src/pymortests/operators.py:256: &lt;py._xmlgen.raw object at 0x7f1dd46e5048&gt;</skipped></testcase><testcase classname="src.pymortests.operators" file="src/pymortests/operators.py" line="256" name="test_jacobian[&lt;lambda&gt;22]" time="0.0004458427429199219"><skipped message="Suite splitting in effect" type="pytest.skip">src/pymortests/operators.py:256: &lt;py._xmlgen.raw object at 0x7f1ddfa00588&gt;</skipped></testcase><testcase classname="src.pymortests.operators" file="src/pymortests/operators.py" line="256" name="test_jacobian[&lt;lambda&gt;23]" time="0.0004220008850097656"><skipped message="Suite splitting in effect" type="pytest.skip">src/pymortests/operators.py:256: &lt;py._xmlgen.raw object at 0x7f1ddfa23320&gt;</skipped></testcase><testcase classname="src.pymortests.operators" file="src/pymortests/operators.py" line="256" name="test_jacobian[&lt;lambda&gt;24]" time="0.00041031837463378906"><skipped message="Suite splitting in effect" type="pytest.skip">src/pymortests/operators.py:256: &lt;py._xmlgen.raw object at 0x7f1dd467c9b0&gt;</skipped></testcase><testcase classname="src.pymortests.operators" file="src/pymortests/operators.py" line="256" name="test_jacobian[&lt;lambda&gt;25]" time="0.0004343986511230469"><skipped message="Suite splitting in effect" type="pytest.skip">src/pymortests/operators.py:256: &lt;py._xmlgen.raw object at 0x7f1dd467c5c0&gt;</skipped></testcase><testcase classname="src.pymortests.operators" file="src/pymortests/operators.py" line="256" name="test_jacobian[&lt;lambda&gt;26]" time="0.0007302761077880859"><skipped message="Suite splitting in effect" type="pytest.skip">src/pymortests/operators.py:256: &lt;py._xmlgen.raw object at 0x7f1dd4685358&gt;</skipped></testcase><testcase classname="src.pymortests.operators" file="src/pymortests/operators.py" line="256" name="test_jacobian[&lt;lambda&gt;27]" time="0.0004565715789794922"><skipped message="Suite splitting in effect" type="pytest.skip">src/pymortests/operators.py:256: &lt;py._xmlgen.raw object at 0x7f1dd467c278&gt;</skipped></testcase><testcase classname="src.pymortests.operators" file="src/pymortests/operators.py" line="256" name="test_jacobian[&lt;lambda&gt;28]" time="0.0004260540008544922"><skipped message="Suite splitting in effect" type="pytest.skip">src/pymortests/operators.py:256: &lt;py._xmlgen.raw object at 0x7f1dd47134e0&gt;</skipped></testcase><testcase classname="src.pymortests.operators" file="src/pymortests/operators.py" line="256" name="test_jacobian[&lt;lambda&gt;29]" time="0.0004100799560546875"><skipped message="Suite splitting in effect" type="pytest.skip">src/pymortests/operators.py:256: &lt;py._xmlgen.raw object at 0x7f1ddfa5f0f0&gt;</skipped></testcase><testcase classname="src.pymortests.operators" file="src/pymortests/operators.py" line="256" name="test_jacobian[&lt;lambda&gt;30]" time="0.00042891502380371094"><skipped message="Suite splitting in effect" type="pytest.skip">src/pymortests/operators.py:256: &lt;py._xmlgen.raw object at 0x7f1dd46e5128&gt;</skipped></testcase><testcase classname="src.pymortests.operators" file="src/pymortests/operators.py" line="256" name="test_jacobian[&lt;lambda&gt;31]" time="0.0004131793975830078"><skipped message="Suite splitting in effect" type="pytest.skip">src/pymortests/operators.py:256: &lt;py._xmlgen.raw object at 0x7f1dd46d7fd0&gt;</skipped></testcase><testcase classname="src.pymortests.operators" file="src/pymortests/operators.py" line="256" name="test_jacobian[&lt;lambda&gt;32]" time="0.00042438507080078125"><skipped message="Suite splitting in effect" type="pytest.skip">src/pymortests/operators.py:256: &lt;py._xmlgen.raw object at 0x7f1dd46ec9e8&gt;</skipped></testcase><testcase classname="src.pymortests.operators" file="src/pymortests/operators.py" line="256" name="test_jacobian[&lt;lambda&gt;33]" time="0.0004134178161621094"><skipped message="Suite splitting in effect" type="pytest.skip">src/pymortests/operators.py:256: &lt;py._xmlgen.raw object at 0x7f1dd46851d0&gt;</skipped></testcase><testcase classname="src.pymortests.operators" file="src/pymortests/operators.py" line="256" name="test_jacobian[&lt;lambda&gt;34]" time="0.0007472038269042969"><skipped message="Suite splitting in effect" type="pytest.skip">src/pymortests/operators.py:256: &lt;py._xmlgen.raw object at 0x7f1dd4685978&gt;</skipped></testcase><testcase classname="src.pymortests.operators" file="src/pymortests/operators.py" line="256" name="test_jacobian[&lt;lambda&gt;35]" time="0.0004284381866455078"><skipped message="Suite splitting in effect" type="pytest.skip">src/pymortests/operators.py:256: &lt;py._xmlgen.raw object at 0x7f1ddf9b3128&gt;</skipped></testcase><testcase classname="src.pymortests.operators" file="src/pymortests/operators.py" line="256" name="test_jacobian[&lt;lambda&gt;36]" time="0.00042057037353515625"><skipped message="Suite splitting in effect" type="pytest.skip">src/pymortests/operators.py:256: &lt;py._xmlgen.raw object at 0x7f1ddfa00390&gt;</skipped></testcase><testcase classname="src.pymortests.operators" file="src/pymortests/operators.py" line="256" name="test_jacobian[&lt;lambda&gt;37]" time="0.0004074573516845703"><skipped message="Suite splitting in effect" type="pytest.skip">src/pymortests/operators.py:256: &lt;py._xmlgen.raw object at 0x7f1ddfa5f0f0&gt;</skipped></testcase><testcase classname="src.pymortests.operators" file="src/pymortests/operators.py" line="256" name="test_jacobian[&lt;lambda&gt;38]" time="0.0004189014434814453"><skipped message="Suite splitting in effect" type="pytest.skip">src/pymortests/operators.py:256: &lt;py._xmlgen.raw object at 0x7f1dd4735cf8&gt;</skipped></testcase><testcase classname="src.pymortests.operators" file="src/pymortests/operators.py" line="256" name="test_jacobian[&lt;lambda&gt;39]" time="0.0004439353942871094"><skipped message="Suite splitting in effect" type="pytest.skip">src/pymortests/operators.py:256: &lt;py._xmlgen.raw object at 0x7f1dd467cb00&gt;</skipped></testcase><testcase classname="src.pymortests.operators" file="src/pymortests/operators.py" line="256" name="test_jacobian[&lt;lambda&gt;40]" time="0.00042629241943359375"><skipped message="Suite splitting in effect" type="pytest.skip">src/pymortests/operators.py:256: &lt;py._xmlgen.raw object at 0x7f1dd4685550&gt;</skipped></testcase><testcase classname="src.pymortests.operators" file="src/pymortests/operators.py" line="269" name="test_assemble[&lt;lambda&gt;0]" time="0.0004546642303466797"><skipped message="Suite splitting in effect" type="pytest.skip">src/pymortests/operators.py:269: &lt;py._xmlgen.raw object at 0x7f1dd46854e0&gt;</skipped></testcase><testcase classname="src.pymortests.operators" file="src/pymortests/operators.py" line="269" name="test_assemble[&lt;lambda&gt;1]" time="0.0007784366607666016"><skipped message="Suite splitting in effect" type="pytest.skip">src/pymortests/operators.py:269: &lt;py._xmlgen.raw object at 0x7f1dd4685f98&gt;</skipped></testcase><testcase classname="src.pymortests.operators" file="src/pymortests/operators.py" line="269" name="test_assemble[&lt;lambda&gt;2]" time="0.0004086494445800781"><skipped message="Suite splitting in effect" type="pytest.skip">src/pymortests/operators.py:269: &lt;py._xmlgen.raw object at 0x7f1dd46854e0&gt;</skipped></testcase><testcase classname="src.pymortests.operators" file="src/pymortests/operators.py" line="269" name="test_assemble[&lt;lambda&gt;3]" time="0.00041174888610839844"><skipped message="Suite splitting in effect" type="pytest.skip">src/pymortests/operators.py:269: &lt;py._xmlgen.raw object at 0x7f1dd467cfd0&gt;</skipped></testcase><testcase classname="src.pymortests.operators" file="src/pymortests/operators.py" line="269" name="test_assemble[&lt;lambda&gt;4]" time="0.0004317760467529297"><skipped message="Suite splitting in effect" type="pytest.skip">src/pymortests/operators.py:269: &lt;py._xmlgen.raw object at 0x7f1dd467ce10&gt;</skipped></testcase><testcase classname="src.pymortests.operators" file="src/pymortests/operators.py" line="269" name="test_assemble[&lt;lambda&gt;5]" time="0.00042629241943359375"><skipped message="Suite splitting in effect" type="pytest.skip">src/pymortests/operators.py:269: &lt;py._xmlgen.raw object at 0x7f1ddfa23c50&gt;</skipped></testcase><testcase classname="src.pymortests.operators" file="src/pymortests/operators.py" line="269" name="test_assemble[&lt;lambda&gt;6]" time="0.0004589557647705078"><skipped message="Suite splitting in effect" type="pytest.skip">src/pymortests/operators.py:269: &lt;py._xmlgen.raw object at 0x7f1dd46d7e48&gt;</skipped></testcase><testcase classname="src.pymortests.operators" file="src/pymortests/operators.py" line="269" name="test_assemble[&lt;lambda&gt;7]" time="0.00043201446533203125"><skipped message="Suite splitting in effect" type="pytest.skip">src/pymortests/operators.py:269: &lt;py._xmlgen.raw object at 0x7f1ddf9b3278&gt;</skipped></testcase><testcase classname="src.pymortests.operators" file="src/pymortests/operators.py" line="269" name="test_assemble[&lt;lambda&gt;8]" time="0.00043892860412597656"><skipped message="Suite splitting in effect" type="pytest.skip">src/pymortests/operators.py:269: &lt;py._xmlgen.raw object at 0x7f1dd46920b8&gt;</skipped></testcase><testcase classname="src.pymortests.operators" file="src/pymortests/operators.py" line="269" name="test_assemble[&lt;lambda&gt;9]" time="0.0007293224334716797"><skipped message="Suite splitting in effect" type="pytest.skip">src/pymortests/operators.py:269: &lt;py._xmlgen.raw object at 0x7f1dd46925f8&gt;</skipped></testcase><testcase classname="src.pymortests.operators" file="src/pymortests/operators.py" line="269" name="test_assemble[&lt;lambda&gt;10]" time="0.0004334449768066406"><skipped message="Suite splitting in effect" type="pytest.skip">src/pymortests/operators.py:269: &lt;py._xmlgen.raw object at 0x7f1ddf9b3668&gt;</skipped></testcase><testcase classname="src.pymortests.operators" file="src/pymortests/operators.py" line="269" name="test_assemble[&lt;lambda&gt;11]" time="0.00043654441833496094"><skipped message="Suite splitting in effect" type="pytest.skip">src/pymortests/operators.py:269: &lt;py._xmlgen.raw object at 0x7f1dd46d7fd0&gt;</skipped></testcase><testcase classname="src.pymortests.operators" file="src/pymortests/operators.py" line="269" name="test_assemble[&lt;lambda&gt;12]" time="0.0004227161407470703"><skipped message="Suite splitting in effect" type="pytest.skip">src/pymortests/operators.py:269: &lt;py._xmlgen.raw object at 0x7f1dd4713ba8&gt;</skipped></testcase><testcase classname="src.pymortests.operators" file="src/pymortests/operators.py" line="269" name="test_assemble[&lt;lambda&gt;13]" time="0.00045609474182128906"><skipped message="Suite splitting in effect" type="pytest.skip">src/pymortests/operators.py:269: &lt;py._xmlgen.raw object at 0x7f1dd467cfd0&gt;</skipped></testcase><testcase classname="src.pymortests.operators" file="src/pymortests/operators.py" line="269" name="test_assemble[&lt;lambda&gt;14]" time="0.00043201446533203125"><skipped message="Suite splitting in effect" type="pytest.skip">src/pymortests/operators.py:269: &lt;py._xmlgen.raw object at 0x7f1dd4685400&gt;</skipped></testcase><testcase classname="src.pymortests.operators" file="src/pymortests/operators.py" line="269" name="test_assemble[&lt;lambda&gt;15]" time="0.0004265308380126953"><skipped message="Suite splitting in effect" type="pytest.skip">src/pymortests/operators.py:269: &lt;py._xmlgen.raw object at 0x7f1dd4685eb8&gt;</skipped></testcase><testcase classname="src.pymortests.operators" file="src/pymortests/operators.py" line="269" name="test_assemble[&lt;lambda&gt;16]" time="0.00041866302490234375"><skipped message="Suite splitting in effect" type="pytest.skip">src/pymortests/operators.py:269: &lt;py._xmlgen.raw object at 0x7f1dd4692278&gt;</skipped></testcase><testcase classname="src.pymortests.operators" file="src/pymortests/operators.py" line="269" name="test_assemble[&lt;lambda&gt;17]" time="0.0007913112640380859"><skipped message="Suite splitting in effect" type="pytest.skip">src/pymortests/operators.py:269: &lt;py._xmlgen.raw object at 0x7f1dd4692c18&gt;</skipped></testcase><testcase classname="src.pymortests.operators" file="src/pymortests/operators.py" line="269" name="test_assemble[&lt;lambda&gt;18]" time="0.000438690185546875"><skipped message="Suite splitting in effect" type="pytest.skip">src/pymortests/operators.py:269: &lt;py._xmlgen.raw object at 0x7f1dd4685cc0&gt;</skipped></testcase><testcase classname="src.pymortests.operators" file="src/pymortests/operators.py" line="269" name="test_assemble[&lt;lambda&gt;19]" time="0.0004711151123046875"><skipped message="Suite splitting in effect" type="pytest.skip">src/pymortests/operators.py:269: &lt;py._xmlgen.raw object at 0x7f1dd467c3c8&gt;</skipped></testcase><testcase classname="src.pymortests.operators" file="src/pymortests/operators.py" line="269" name="test_assemble[&lt;lambda&gt;20]" time="0.0004703998565673828"><skipped message="Suite splitting in effect" type="pytest.skip">src/pymortests/operators.py:269: &lt;py._xmlgen.raw object at 0x7f1ddfa233c8&gt;</skipped></testcase><testcase classname="src.pymortests.operators" file="src/pymortests/operators.py" line="269" name="test_assemble[&lt;lambda&gt;21]" time="0.00043010711669921875"><skipped message="Suite splitting in effect" type="pytest.skip">src/pymortests/operators.py:269: &lt;py._xmlgen.raw object at 0x7f1dd46e5c88&gt;</skipped></testcase><testcase classname="src.pymortests.operators" file="src/pymortests/operators.py" line="269" name="test_assemble[&lt;lambda&gt;22]" time="0.0004811286926269531"><skipped message="Suite splitting in effect" type="pytest.skip">src/pymortests/operators.py:269: &lt;py._xmlgen.raw object at 0x7f1dd46eca90&gt;</skipped></testcase><testcase classname="src.pymortests.operators" file="src/pymortests/operators.py" line="269" name="test_assemble[&lt;lambda&gt;23]" time="0.0004477500915527344"><skipped message="Suite splitting in effect" type="pytest.skip">src/pymortests/operators.py:269: &lt;py._xmlgen.raw object at 0x7f1dd46920f0&gt;</skipped></testcase><testcase classname="src.pymortests.operators" file="src/pymortests/operators.py" line="269" name="test_assemble[&lt;lambda&gt;24]" time="0.0004425048828125"><skipped message="Suite splitting in effect" type="pytest.skip">src/pymortests/operators.py:269: &lt;py._xmlgen.raw object at 0x7f1dd4692470&gt;</skipped></testcase><testcase classname="src.pymortests.operators" file="src/pymortests/operators.py" line="269" name="test_assemble[&lt;lambda&gt;25]" time="0.0008370876312255859"><skipped message="Suite splitting in effect" type="pytest.skip">src/pymortests/operators.py:269: &lt;py._xmlgen.raw object at 0x7f1dd469e278&gt;</skipped></testcase><testcase classname="src.pymortests.operators" file="src/pymortests/operators.py" line="269" name="test_assemble[&lt;lambda&gt;26]" time="0.0004029273986816406"><skipped message="Suite splitting in effect" type="pytest.skip">src/pymortests/operators.py:269: &lt;py._xmlgen.raw object at 0x7f1dd4692358&gt;</skipped></testcase><testcase classname="src.pymortests.operators" file="src/pymortests/operators.py" line="269" name="test_assemble[&lt;lambda&gt;27]" time="0.00041365623474121094"><skipped message="Suite splitting in effect" type="pytest.skip">src/pymortests/operators.py:269: &lt;py._xmlgen.raw object at 0x7f1dd46ecb38&gt;</skipped></testcase><testcase classname="src.pymortests.operators" file="src/pymortests/operators.py" line="269" name="test_assemble[&lt;lambda&gt;28]" time="0.0004520416259765625"><skipped message="Suite splitting in effect" type="pytest.skip">src/pymortests/operators.py:269: &lt;py._xmlgen.raw object at 0x7f1dd4735fd0&gt;</skipped></testcase><testcase classname="src.pymortests.operators" file="src/pymortests/operators.py" line="269" name="test_assemble[&lt;lambda&gt;29]" time="0.00043702125549316406"><skipped message="Suite splitting in effect" type="pytest.skip">src/pymortests/operators.py:269: &lt;py._xmlgen.raw object at 0x7f1ddfa233c8&gt;</skipped></testcase><testcase classname="src.pymortests.operators" file="src/pymortests/operators.py" line="269" name="test_assemble[&lt;lambda&gt;30]" time="0.0004673004150390625"><skipped message="Suite splitting in effect" type="pytest.skip">src/pymortests/operators.py:269: &lt;py._xmlgen.raw object at 0x7f1ddf9c6fd0&gt;</skipped></testcase><testcase classname="src.pymortests.operators" file="src/pymortests/operators.py" line="269" name="test_assemble[&lt;lambda&gt;31]" time="0.00041866302490234375"><skipped message="Suite splitting in effect" type="pytest.skip">src/pymortests/operators.py:269: &lt;py._xmlgen.raw object at 0x7f1dd4685630&gt;</skipped></testcase><testcase classname="src.pymortests.operators" file="src/pymortests/operators.py" line="269" name="test_assemble[&lt;lambda&gt;32]" time="0.00041365623474121094"><skipped message="Suite splitting in effect" type="pytest.skip">src/pymortests/operators.py:269: &lt;py._xmlgen.raw object at 0x7f1dd469e0f0&gt;</skipped></testcase><testcase classname="src.pymortests.operators" file="src/pymortests/operators.py" line="269" name="test_assemble[&lt;lambda&gt;33]" time="0.0010197162628173828"><skipped message="Suite splitting in effect" type="pytest.skip">src/pymortests/operators.py:269: &lt;py._xmlgen.raw object at 0x7f1dd469e898&gt;</skipped></testcase><testcase classname="src.pymortests.operators" file="src/pymortests/operators.py" line="269" name="test_assemble[&lt;lambda&gt;34]" time="0.00043964385986328125"><skipped message="Suite splitting in effect" type="pytest.skip">src/pymortests/operators.py:269: &lt;py._xmlgen.raw object at 0x7f1ddfa23b00&gt;</skipped></testcase><testcase classname="src.pymortests.operators" file="src/pymortests/operators.py" line="269" name="test_assemble[&lt;lambda&gt;35]" time="0.00043201446533203125"><skipped message="Suite splitting in effect" type="pytest.skip">src/pymortests/operators.py:269: &lt;py._xmlgen.raw object at 0x7f1ddf9d7860&gt;</skipped></testcase><testcase classname="src.pymortests.operators" file="src/pymortests/operators.py" line="269" name="test_assemble[&lt;lambda&gt;36]" time="0.00041747093200683594"><skipped message="Suite splitting in effect" type="pytest.skip">src/pymortests/operators.py:269: &lt;py._xmlgen.raw object at 0x7f1dd4692d68&gt;</skipped></testcase><testcase classname="src.pymortests.operators" file="src/pymortests/operators.py" line="269" name="test_assemble[&lt;lambda&gt;37]" time="0.0004248619079589844"><skipped message="Suite splitting in effect" type="pytest.skip">src/pymortests/operators.py:269: &lt;py._xmlgen.raw object at 0x7f1dd4692e10&gt;</skipped></testcase><testcase classname="src.pymortests.operators" file="src/pymortests/operators.py" line="269" name="test_assemble[&lt;lambda&gt;38]" time="0.0004220008850097656"><skipped message="Suite splitting in effect" type="pytest.skip">src/pymortests/operators.py:269: &lt;py._xmlgen.raw object at 0x7f1dd4685cf8&gt;</skipped></testcase><testcase classname="src.pymortests.operators" file="src/pymortests/operators.py" line="269" name="test_assemble[&lt;lambda&gt;39]" time="0.0004100799560546875"><skipped message="Suite splitting in effect" type="pytest.skip">src/pymortests/operators.py:269: &lt;py._xmlgen.raw object at 0x7f1dd467cf28&gt;</skipped></testcase><testcase classname="src.pymortests.operators" file="src/pymortests/operators.py" line="269" name="test_assemble[&lt;lambda&gt;40]" time="0.0004184246063232422"><skipped message="Suite splitting in effect" type="pytest.skip">src/pymortests/operators.py:269: &lt;py._xmlgen.raw object at 0x7f1dd4713128&gt;</skipped></testcase><testcase classname="src.pymortests.operators" file="src/pymortests/operators.py" line="298" name="test_restricted[&lt;lambda&gt;0]" time="0.0004429817199707031"><skipped message="Suite splitting in effect" type="pytest.skip">src/pymortests/operators.py:298: &lt;py._xmlgen.raw object at 0x7f1dd46c0e10&gt;</skipped></testcase><testcase classname="src.pymortests.operators" file="src/pymortests/operators.py" line="298" name="test_restricted[&lt;lambda&gt;1]" time="0.0007565021514892578"><skipped message="Suite splitting in effect" type="pytest.skip">src/pymortests/operators.py:298: &lt;py._xmlgen.raw object at 0x7f1dd4713128&gt;</skipped></testcase><testcase classname="src.pymortests.operators" file="src/pymortests/operators.py" line="298" name="test_restricted[&lt;lambda&gt;2]" time="0.0004608631134033203"><skipped message="Suite splitting in effect" type="pytest.skip">src/pymortests/operators.py:298: &lt;py._xmlgen.raw object at 0x7f1dd4685048&gt;</skipped></testcase><testcase classname="src.pymortests.operators" file="src/pymortests/operators.py" line="298" name="test_restricted[&lt;lambda&gt;3]" time="0.0004534721374511719"><skipped message="Suite splitting in effect" type="pytest.skip">src/pymortests/operators.py:298: &lt;py._xmlgen.raw object at 0x7f1dd4685400&gt;</skipped></testcase><testcase classname="src.pymortests.operators" file="src/pymortests/operators.py" line="298" name="test_restricted[&lt;lambda&gt;4]" time="0.00046634674072265625"><skipped message="Suite splitting in effect" type="pytest.skip">src/pymortests/operators.py:298: &lt;py._xmlgen.raw object at 0x7f1dd4692a20&gt;</skipped></testcase><testcase classname="src.pymortests.operators" file="src/pymortests/operators.py" line="298" name="test_restricted[&lt;lambda&gt;5]" time="0.00042748451232910156"><skipped message="Suite splitting in effect" type="pytest.skip">src/pymortests/operators.py:298: &lt;py._xmlgen.raw object at 0x7f1ddf9d7a58&gt;</skipped></testcase><testcase classname="src.pymortests.operators" file="src/pymortests/operators.py" line="298" name="test_restricted[&lt;lambda&gt;6]" time="0.00045418739318847656"><skipped message="Suite splitting in effect" type="pytest.skip">src/pymortests/operators.py:298: &lt;py._xmlgen.raw object at 0x7f1dd46d7fd0&gt;</skipped></testcase><testcase classname="src.pymortests.operators" file="src/pymortests/operators.py" line="298" name="test_restricted[&lt;lambda&gt;7]" time="0.00043964385986328125"><skipped message="Suite splitting in effect" type="pytest.skip">src/pymortests/operators.py:298: &lt;py._xmlgen.raw object at 0x7f1ddf9c6da0&gt;</skipped></testcase><testcase classname="src.pymortests.operators" file="src/pymortests/operators.py" line="298" name="test_restricted[&lt;lambda&gt;8]" time="0.0004520416259765625"><skipped message="Suite splitting in effect" type="pytest.skip">src/pymortests/operators.py:298: &lt;py._xmlgen.raw object at 0x7f1dd469e588&gt;</skipped></testcase><testcase classname="src.pymortests.operators" file="src/pymortests/operators.py" line="298" name="test_restricted[&lt;lambda&gt;9]" time="0.0007033348083496094"><skipped message="Suite splitting in effect" type="pytest.skip">src/pymortests/operators.py:298: &lt;py._xmlgen.raw object at 0x7f1dd46c0e10&gt;</skipped></testcase><testcase classname="src.pymortests.operators" file="src/pymortests/operators.py" line="298" name="test_restricted[&lt;lambda&gt;10]" time="0.00041961669921875"><skipped message="Suite splitting in effect" type="pytest.skip">src/pymortests/operators.py:298: &lt;py._xmlgen.raw object at 0x7f1ddfa00588&gt;</skipped></testcase><testcase classname="src.pymortests.operators" file="src/pymortests/operators.py" line="298" name="test_restricted[&lt;lambda&gt;11]" time="0.00042176246643066406"><skipped message="Suite splitting in effect" type="pytest.skip">src/pymortests/operators.py:298: &lt;py._xmlgen.raw object at 0x7f1dd4692be0&gt;</skipped></testcase><testcase classname="src.pymortests.operators" file="src/pymortests/operators.py" line="298" name="test_restricted[&lt;lambda&gt;12]" time="0.0004298686981201172"><skipped message="Suite splitting in effect" type="pytest.skip">src/pymortests/operators.py:298: &lt;py._xmlgen.raw object at 0x7f1dd46924a8&gt;</skipped></testcase><testcase classname="src.pymortests.operators" file="src/pymortests/operators.py" line="298" name="test_restricted[&lt;lambda&gt;13]" time="0.00041103363037109375"><skipped message="Suite splitting in effect" type="pytest.skip">src/pymortests/operators.py:298: &lt;py._xmlgen.raw object at 0x7f1dd4685978&gt;</skipped></testcase><testcase classname="src.pymortests.operators" file="src/pymortests/operators.py" line="298" name="test_restricted[&lt;lambda&gt;14]" time="0.0004856586456298828"><skipped message="Suite splitting in effect" type="pytest.skip">src/pymortests/operators.py:298: &lt;py._xmlgen.raw object at 0x7f1dd467c160&gt;</skipped></testcase><testcase classname="src.pymortests.operators" file="src/pymortests/operators.py" line="298" name="test_restricted[&lt;lambda&gt;15]" time="0.000457763671875"><skipped message="Suite splitting in effect" type="pytest.skip">src/pymortests/operators.py:298: &lt;py._xmlgen.raw object at 0x7f1dd469e978&gt;</skipped></testcase><testcase classname="src.pymortests.operators" file="src/pymortests/operators.py" line="298" name="test_restricted[&lt;lambda&gt;16]" time="0.0004220008850097656"><skipped message="Suite splitting in effect" type="pytest.skip">src/pymortests/operators.py:298: &lt;py._xmlgen.raw object at 0x7f1dd469eda0&gt;</skipped></testcase><testcase classname="src.pymortests.operators" file="src/pymortests/operators.py" line="298" name="test_restricted[&lt;lambda&gt;17]" time="0.0009260177612304688"><skipped message="Suite splitting in effect" type="pytest.skip">src/pymortests/operators.py:298: &lt;py._xmlgen.raw object at 0x7f1dd46ab320&gt;</skipped></testcase><testcase classname="src.pymortests.operators" file="src/pymortests/operators.py" line="298" name="test_restricted[&lt;lambda&gt;18]" time="0.00046062469482421875"><skipped message="Suite splitting in effect" type="pytest.skip">src/pymortests/operators.py:298: &lt;py._xmlgen.raw object at 0x7f1dd469ec88&gt;</skipped></testcase><testcase classname="src.pymortests.operators" file="src/pymortests/operators.py" line="298" name="test_restricted[&lt;lambda&gt;19]" time="0.00045180320739746094"><skipped message="Suite splitting in effect" type="pytest.skip">src/pymortests/operators.py:298: &lt;py._xmlgen.raw object at 0x7f1dd467c1d0&gt;</skipped></testcase><testcase classname="src.pymortests.operators" file="src/pymortests/operators.py" line="298" name="test_restricted[&lt;lambda&gt;20]" time="0.0004189014434814453"><skipped message="Suite splitting in effect" type="pytest.skip">src/pymortests/operators.py:298: &lt;py._xmlgen.raw object at 0x7f1dd4685828&gt;</skipped></testcase><testcase classname="src.pymortests.operators" file="src/pymortests/operators.py" line="298" name="test_restricted[&lt;lambda&gt;21]" time="0.0004830360412597656"><skipped message="Suite splitting in effect" type="pytest.skip">src/pymortests/operators.py:298: &lt;py._xmlgen.raw object at 0x7f1dd46927f0&gt;</skipped></testcase><testcase classname="src.pymortests.operators" file="src/pymortests/operators.py" line="298" name="test_restricted[&lt;lambda&gt;22]" time="0.00041222572326660156"><skipped message="Suite splitting in effect" type="pytest.skip">src/pymortests/operators.py:298: &lt;py._xmlgen.raw object at 0x7f1ddf9d79b0&gt;</skipped></testcase><testcase classname="src.pymortests.operators" file="src/pymortests/operators.py" line="298" name="test_restricted[&lt;lambda&gt;23]" time="0.0004284381866455078"><skipped message="Suite splitting in effect" type="pytest.skip">src/pymortests/operators.py:298: &lt;py._xmlgen.raw object at 0x7f1ddf9c6668&gt;</skipped></testcase><testcase classname="src.pymortests.operators" file="src/pymortests/operators.py" line="298" name="test_restricted[&lt;lambda&gt;24]" time="0.0004067420959472656"><skipped message="Suite splitting in effect" type="pytest.skip">src/pymortests/operators.py:298: &lt;py._xmlgen.raw object at 0x7f1dd46ab208&gt;</skipped></testcase><testcase classname="src.pymortests.operators" file="src/pymortests/operators.py" line="298" name="test_restricted[&lt;lambda&gt;25]" time="0.0007159709930419922"><skipped message="Suite splitting in effect" type="pytest.skip">src/pymortests/operators.py:298: &lt;py._xmlgen.raw object at 0x7f1dd46ab860&gt;</skipped></testcase><testcase classname="src.pymortests.operators" file="src/pymortests/operators.py" line="298" name="test_restricted[&lt;lambda&gt;26]" time="0.00043320655822753906"><skipped message="Suite splitting in effect" type="pytest.skip">src/pymortests/operators.py:298: &lt;py._xmlgen.raw object at 0x7f1ddf9d7fd0&gt;</skipped></testcase><testcase classname="src.pymortests.operators" file="src/pymortests/operators.py" line="298" name="test_restricted[&lt;lambda&gt;27]" time="0.0004391670227050781"><skipped message="Suite splitting in effect" type="pytest.skip">src/pymortests/operators.py:298: &lt;py._xmlgen.raw object at 0x7f1dd46924a8&gt;</skipped></testcase><testcase classname="src.pymortests.operators" file="src/pymortests/operators.py" line="298" name="test_restricted[&lt;lambda&gt;28]" time="0.0004162788391113281"><skipped message="Suite splitting in effect" type="pytest.skip">src/pymortests/operators.py:298: &lt;py._xmlgen.raw object at 0x7f1ddf9e4cf8&gt;</skipped></testcase><testcase classname="src.pymortests.operators" file="src/pymortests/operators.py" line="298" name="test_restricted[&lt;lambda&gt;29]" time="0.00045108795166015625"><skipped message="Suite splitting in effect" type="pytest.skip">src/pymortests/operators.py:298: &lt;py._xmlgen.raw object at 0x7f1ddfa8df60&gt;</skipped></testcase><testcase classname="src.pymortests.operators" file="src/pymortests/operators.py" line="298" name="test_restricted[&lt;lambda&gt;30]" time="0.00041031837463378906"><skipped message="Suite splitting in effect" type="pytest.skip">src/pymortests/operators.py:298: &lt;py._xmlgen.raw object at 0x7f1dd469e5f8&gt;</skipped></testcase><testcase classname="src.pymortests.operators" file="src/pymortests/operators.py" line="298" name="test_restricted[&lt;lambda&gt;31]" time="0.0004551410675048828"><skipped message="Suite splitting in effect" type="pytest.skip">src/pymortests/operators.py:298: &lt;py._xmlgen.raw object at 0x7f1dd46ab470&gt;</skipped></testcase><testcase classname="src.pymortests.operators" file="src/pymortests/operators.py" line="298" name="test_restricted[&lt;lambda&gt;32]" time="0.0004315376281738281"><skipped message="Suite splitting in effect" type="pytest.skip">src/pymortests/operators.py:298: &lt;py._xmlgen.raw object at 0x7f1dd46ab080&gt;</skipped></testcase><testcase classname="src.pymortests.operators" file="src/pymortests/operators.py" line="298" name="test_restricted[&lt;lambda&gt;33]" time="0.0008175373077392578"><skipped message="Suite splitting in effect" type="pytest.skip">src/pymortests/operators.py:298: &lt;py._xmlgen.raw object at 0x7f1dd46abe80&gt;</skipped></testcase><testcase classname="src.pymortests.operators" file="src/pymortests/operators.py" line="298" name="test_restricted[&lt;lambda&gt;34]" time="0.00043511390686035156"><skipped message="Suite splitting in effect" type="pytest.skip">src/pymortests/operators.py:298: &lt;py._xmlgen.raw object at 0x7f1dd46ab0f0&gt;</skipped></testcase><testcase classname="src.pymortests.operators" file="src/pymortests/operators.py" line="298" name="test_restricted[&lt;lambda&gt;35]" time="0.0004508495330810547"><skipped message="Suite splitting in effect" type="pytest.skip">src/pymortests/operators.py:298: &lt;py._xmlgen.raw object at 0x7f1dd469e278&gt;</skipped></testcase><testcase classname="src.pymortests.operators" file="src/pymortests/operators.py" line="298" name="test_restricted[&lt;lambda&gt;36]" time="0.0004458427429199219"><skipped message="Suite splitting in effect" type="pytest.skip">src/pymortests/operators.py:298: &lt;py._xmlgen.raw object at 0x7f1dd467c6a0&gt;</skipped></testcase><testcase classname="src.pymortests.operators" file="src/pymortests/operators.py" line="298" name="test_restricted[&lt;lambda&gt;37]" time="0.0004353523254394531"><skipped message="Suite splitting in effect" type="pytest.skip">src/pymortests/operators.py:298: &lt;py._xmlgen.raw object at 0x7f1dd4685ba8&gt;</skipped></testcase><testcase classname="src.pymortests.operators" file="src/pymortests/operators.py" line="298" name="test_restricted[&lt;lambda&gt;38]" time="0.00041103363037109375"><skipped message="Suite splitting in effect" type="pytest.skip">src/pymortests/operators.py:298: &lt;py._xmlgen.raw object at 0x7f1ddf9e4ba8&gt;</skipped></testcase><testcase classname="src.pymortests.operators" file="src/pymortests/operators.py" line="298" name="test_restricted[&lt;lambda&gt;39]" time="0.0004329681396484375"><skipped message="Suite splitting in effect" type="pytest.skip">src/pymortests/operators.py:298: &lt;py._xmlgen.raw object at 0x7f1ddf9d7518&gt;</skipped></testcase><testcase classname="src.pymortests.operators" file="src/pymortests/operators.py" line="298" name="test_restricted[&lt;lambda&gt;40]" time="0.0004565715789794922"><skipped message="Suite splitting in effect" type="pytest.skip">src/pymortests/operators.py:298: &lt;py._xmlgen.raw object at 0x7f1dd4735fd0&gt;</skipped></testcase><testcase classname="src.pymortests.operators" file="src/pymortests/operators.py" line="314" name="test_InverseOperator[&lt;lambda&gt;0]" time="0.0007791519165039062"><skipped message="Suite splitting in effect" type="pytest.skip">src/pymortests/operators.py:314: &lt;py._xmlgen.raw object at 0x7f1dd46b64e0&gt;</skipped></testcase><testcase classname="src.pymortests.operators" file="src/pymortests/operators.py" line="314" name="test_InverseOperator[&lt;lambda&gt;1]" time="0.0004444122314453125"><skipped message="Suite splitting in effect" type="pytest.skip">src/pymortests/operators.py:314: &lt;py._xmlgen.raw object at 0x7f1dd46924a8&gt;</skipped></testcase><testcase classname="src.pymortests.operators" file="src/pymortests/operators.py" line="314" name="test_InverseOperator[&lt;lambda&gt;2]" time="0.0004200935363769531"><skipped message="Suite splitting in effect" type="pytest.skip">src/pymortests/operators.py:314: &lt;py._xmlgen.raw object at 0x7f1ddf979b00&gt;</skipped></testcase><testcase classname="src.pymortests.operators" file="src/pymortests/operators.py" line="314" name="test_InverseOperator[&lt;lambda&gt;3]" time="0.00042366981506347656"><skipped message="Suite splitting in effect" type="pytest.skip">src/pymortests/operators.py:314: &lt;py._xmlgen.raw object at 0x7f1dd467ccc0&gt;</skipped></testcase><testcase classname="src.pymortests.operators" file="src/pymortests/operators.py" line="314" name="test_InverseOperator[&lt;lambda&gt;4]" time="0.00044655799865722656"><skipped message="Suite splitting in effect" type="pytest.skip">src/pymortests/operators.py:314: &lt;py._xmlgen.raw object at 0x7f1dd469eda0&gt;</skipped></testcase><testcase classname="src.pymortests.operators" file="src/pymortests/operators.py" line="314" name="test_InverseOperator[&lt;lambda&gt;5]" time="0.00044274330139160156"><skipped message="Suite splitting in effect" type="pytest.skip">src/pymortests/operators.py:314: &lt;py._xmlgen.raw object at 0x7f1dd46abf98&gt;</skipped></testcase><testcase classname="src.pymortests.operators" file="src/pymortests/operators.py" line="314" name="test_InverseOperator[&lt;lambda&gt;6]" time="0.0004112720489501953"><skipped message="Suite splitting in effect" type="pytest.skip">src/pymortests/operators.py:314: &lt;py._xmlgen.raw object at 0x7f1dd46abcf8&gt;</skipped></testcase><testcase classname="src.pymortests.operators" file="src/pymortests/operators.py" line="314" name="test_InverseOperator[&lt;lambda&gt;7]" time="0.0004088878631591797"><skipped message="Suite splitting in effect" type="pytest.skip">src/pymortests/operators.py:314: &lt;py._xmlgen.raw object at 0x7f1dd46b63c8&gt;</skipped></testcase><testcase classname="src.pymortests.operators" file="src/pymortests/operators.py" line="314" name="test_InverseOperator[&lt;lambda&gt;8]" time="0.0007190704345703125"><skipped message="Suite splitting in effect" type="pytest.skip">src/pymortests/operators.py:314: &lt;py._xmlgen.raw object at 0x7f1dd46b6b00&gt;</skipped></testcase><testcase classname="src.pymortests.operators" file="src/pymortests/operators.py" line="314" name="test_InverseOperator[&lt;lambda&gt;9]" time="0.00042247772216796875"><skipped message="Suite splitting in effect" type="pytest.skip">src/pymortests/operators.py:314: &lt;py._xmlgen.raw object at 0x7f1dd46aba90&gt;</skipped></testcase><testcase classname="src.pymortests.operators" file="src/pymortests/operators.py" line="314" name="test_InverseOperator[&lt;lambda&gt;10]" time="0.00042939186096191406"><skipped message="Suite splitting in effect" type="pytest.skip">src/pymortests/operators.py:314: &lt;py._xmlgen.raw object at 0x7f1dd469e400&gt;</skipped></testcase><testcase classname="src.pymortests.operators" file="src/pymortests/operators.py" line="314" name="test_InverseOperator[&lt;lambda&gt;11]" time="0.0004298686981201172"><skipped message="Suite splitting in effect" type="pytest.skip">src/pymortests/operators.py:314: &lt;py._xmlgen.raw object at 0x7f1dd4685f98&gt;</skipped></testcase><testcase classname="src.pymortests.operators" file="src/pymortests/operators.py" line="314" name="test_InverseOperator[&lt;lambda&gt;12]" time="0.00042819976806640625"><skipped message="Suite splitting in effect" type="pytest.skip">src/pymortests/operators.py:314: &lt;py._xmlgen.raw object at 0x7f1ddf9797b8&gt;</skipped></testcase><testcase classname="src.pymortests.operators" file="src/pymortests/operators.py" line="314" name="test_InverseOperator[&lt;lambda&gt;13]" time="0.0004146099090576172"><skipped message="Suite splitting in effect" type="pytest.skip">src/pymortests/operators.py:314: &lt;py._xmlgen.raw object at 0x7f1ddfa00588&gt;</skipped></testcase><testcase classname="src.pymortests.operators" file="src/pymortests/operators.py" line="314" name="test_InverseOperator[&lt;lambda&gt;14]" time="0.0004239082336425781"><skipped message="Suite splitting in effect" type="pytest.skip">src/pymortests/operators.py:314: &lt;py._xmlgen.raw object at 0x7f1dd46b67f0&gt;</skipped></testcase><testcase classname="src.pymortests.operators" file="src/pymortests/operators.py" line="314" name="test_InverseOperator[&lt;lambda&gt;15]" time="0.0004966259002685547"><skipped message="Suite splitting in effect" type="pytest.skip">src/pymortests/operators.py:314: &lt;py._xmlgen.raw object at 0x7f1dd46b6198&gt;</skipped></testcase><testcase classname="src.pymortests.operators" file="src/pymortests/operators.py" line="314" name="test_InverseOperator[&lt;lambda&gt;16]" time="0.0007674694061279297"><skipped message="Suite splitting in effect" type="pytest.skip">src/pymortests/operators.py:314: &lt;py._xmlgen.raw object at 0x7f1dd4640160&gt;</skipped></testcase><testcase classname="src.pymortests.operators" file="src/pymortests/operators.py" line="314" name="test_InverseOperator[&lt;lambda&gt;17]" time="0.0004286766052246094"><skipped message="Suite splitting in effect" type="pytest.skip">src/pymortests/operators.py:314: &lt;py._xmlgen.raw object at 0x7f1dd46b6048&gt;</skipped></testcase><testcase classname="src.pymortests.operators" file="src/pymortests/operators.py" line="314" name="test_InverseOperator[&lt;lambda&gt;18]" time="0.00044035911560058594"><skipped message="Suite splitting in effect" type="pytest.skip">src/pymortests/operators.py:314: &lt;py._xmlgen.raw object at 0x7f1ddf9d7128&gt;</skipped></testcase><testcase classname="src.pymortests.operators" file="src/pymortests/operators.py" line="314" name="test_InverseOperator[&lt;lambda&gt;19]" time="0.0004425048828125"><skipped message="Suite splitting in effect" type="pytest.skip">src/pymortests/operators.py:314: &lt;py._xmlgen.raw object at 0x7f1ddf9e4ba8&gt;</skipped></testcase><testcase classname="src.pymortests.operators" file="src/pymortests/operators.py" line="314" name="test_InverseOperator[&lt;lambda&gt;20]" time="0.0004405975341796875"><skipped message="Suite splitting in effect" type="pytest.skip">src/pymortests/operators.py:314: &lt;py._xmlgen.raw object at 0x7f1ddf99c3c8&gt;</skipped></testcase><testcase classname="src.pymortests.operators" file="src/pymortests/operators.py" line="314" name="test_InverseOperator[&lt;lambda&gt;21]" time="0.0005035400390625"><skipped message="Suite splitting in effect" type="pytest.skip">src/pymortests/operators.py:314: &lt;py._xmlgen.raw object at 0x7f1ddf989fd0&gt;</skipped></testcase><testcase classname="src.pymortests.operators" file="src/pymortests/operators.py" line="314" name="test_InverseOperator[&lt;lambda&gt;22]" time="0.00043702125549316406"><skipped message="Suite splitting in effect" type="pytest.skip">src/pymortests/operators.py:314: &lt;py._xmlgen.raw object at 0x7f1dd46ab3c8&gt;</skipped></testcase><testcase classname="src.pymortests.operators" file="src/pymortests/operators.py" line="314" name="test_InverseOperator[&lt;lambda&gt;23]" time="0.0004239082336425781"><skipped message="Suite splitting in effect" type="pytest.skip">src/pymortests/operators.py:314: &lt;py._xmlgen.raw object at 0x7f1dd46401d0&gt;</skipped></testcase><testcase classname="src.pymortests.operators" file="src/pymortests/operators.py" line="314" name="test_InverseOperator[&lt;lambda&gt;24]" time="0.0007574558258056641"><skipped message="Suite splitting in effect" type="pytest.skip">src/pymortests/operators.py:314: &lt;py._xmlgen.raw object at 0x7f1dd4640780&gt;</skipped></testcase><testcase classname="src.pymortests.operators" file="src/pymortests/operators.py" line="314" name="test_InverseOperator[&lt;lambda&gt;25]" time="0.0004360675811767578"><skipped message="Suite splitting in effect" type="pytest.skip">src/pymortests/operators.py:314: &lt;py._xmlgen.raw object at 0x7f1dd46abcf8&gt;</skipped></testcase><testcase classname="src.pymortests.operators" file="src/pymortests/operators.py" line="314" name="test_InverseOperator[&lt;lambda&gt;26]" time="0.0004563331604003906"><skipped message="Suite splitting in effect" type="pytest.skip">src/pymortests/operators.py:314: &lt;py._xmlgen.raw object at 0x7f1dd467ccc0&gt;</skipped></testcase><testcase classname="src.pymortests.operators" file="src/pymortests/operators.py" line="314" name="test_InverseOperator[&lt;lambda&gt;27]" time="0.0004334449768066406"><skipped message="Suite splitting in effect" type="pytest.skip">src/pymortests/operators.py:314: &lt;py._xmlgen.raw object at 0x7f1ddf9799b0&gt;</skipped></testcase><testcase classname="src.pymortests.operators" file="src/pymortests/operators.py" line="314" name="test_InverseOperator[&lt;lambda&gt;28]" time="0.00045037269592285156"><skipped message="Suite splitting in effect" type="pytest.skip">src/pymortests/operators.py:314: &lt;py._xmlgen.raw object at 0x7f1ddf9e4e48&gt;</skipped></testcase><testcase classname="src.pymortests.operators" file="src/pymortests/operators.py" line="314" name="test_InverseOperator[&lt;lambda&gt;29]" time="0.00043010711669921875"><skipped message="Suite splitting in effect" type="pytest.skip">src/pymortests/operators.py:314: &lt;py._xmlgen.raw object at 0x7f1dd46b6208&gt;</skipped></testcase><testcase classname="src.pymortests.operators" file="src/pymortests/operators.py" line="314" name="test_InverseOperator[&lt;lambda&gt;30]" time="0.0004267692565917969"><skipped message="Suite splitting in effect" type="pytest.skip">src/pymortests/operators.py:314: &lt;py._xmlgen.raw object at 0x7f1dd46b6198&gt;</skipped></testcase><testcase classname="src.pymortests.operators" file="src/pymortests/operators.py" line="314" name="test_InverseOperator[&lt;lambda&gt;31]" time="0.00041985511779785156"><skipped message="Suite splitting in effect" type="pytest.skip">src/pymortests/operators.py:314: &lt;py._xmlgen.raw object at 0x7f1dd46402b0&gt;</skipped></testcase><testcase classname="src.pymortests.operators" file="src/pymortests/operators.py" line="314" name="test_InverseOperator[&lt;lambda&gt;32]" time="0.0007159709930419922"><skipped message="Suite splitting in effect" type="pytest.skip">src/pymortests/operators.py:314: &lt;py._xmlgen.raw object at 0x7f1dd4640da0&gt;</skipped></testcase><testcase classname="src.pymortests.operators" file="src/pymortests/operators.py" line="314" name="test_InverseOperator[&lt;lambda&gt;33]" time="0.0004363059997558594"><skipped message="Suite splitting in effect" type="pytest.skip">src/pymortests/operators.py:314: &lt;py._xmlgen.raw object at 0x7f1dd46b6208&gt;</skipped></testcase><testcase classname="src.pymortests.operators" file="src/pymortests/operators.py" line="314" name="test_InverseOperator[&lt;lambda&gt;34]" time="0.00045990943908691406"><skipped message="Suite splitting in effect" type="pytest.skip">src/pymortests/operators.py:314: &lt;py._xmlgen.raw object at 0x7f1dd4692be0&gt;</skipped></testcase><testcase classname="src.pymortests.operators" file="src/pymortests/operators.py" line="314" name="test_InverseOperator[&lt;lambda&gt;35]" time="0.0004448890686035156"><skipped message="Suite splitting in effect" type="pytest.skip">src/pymortests/operators.py:314: &lt;py._xmlgen.raw object at 0x7f1ddf99cda0&gt;</skipped></testcase><testcase classname="src.pymortests.operators" file="src/pymortests/operators.py" line="314" name="test_InverseOperator[&lt;lambda&gt;36]" time="0.0004470348358154297"><skipped message="Suite splitting in effect" type="pytest.skip">src/pymortests/operators.py:314: &lt;py._xmlgen.raw object at 0x7f1dd4685ba8&gt;</skipped></testcase><testcase classname="src.pymortests.operators" file="src/pymortests/operators.py" line="314" name="test_InverseOperator[&lt;lambda&gt;37]" time="0.0004413127899169922"><skipped message="Suite splitting in effect" type="pytest.skip">src/pymortests/operators.py:314: &lt;py._xmlgen.raw object at 0x7f1dd46ab8d0&gt;</skipped></testcase><testcase classname="src.pymortests.operators" file="src/pymortests/operators.py" line="314" name="test_InverseOperator[&lt;lambda&gt;38]" time="0.00045180320739746094"><skipped message="Suite splitting in effect" type="pytest.skip">src/pymortests/operators.py:314: &lt;py._xmlgen.raw object at 0x7f1dd46401d0&gt;</skipped></testcase><testcase classname="src.pymortests.operators" file="src/pymortests/operators.py" line="314" name="test_InverseOperator[&lt;lambda&gt;39]" time="0.00042247772216796875"><skipped message="Suite splitting in effect" type="pytest.skip">src/pymortests/operators.py:314: &lt;py._xmlgen.raw object at 0x7f1dd4640630&gt;</skipped></testcase><testcase classname="src.pymortests.operators" file="src/pymortests/operators.py" line="314" name="test_InverseOperator[&lt;lambda&gt;40]" time="0.000701904296875"><skipped message="Suite splitting in effect" type="pytest.skip">src/pymortests/operators.py:314: &lt;py._xmlgen.raw object at 0x7f1dd464b400&gt;</skipped></testcase><testcase classname="src.pymortests.operators" file="src/pymortests/operators.py" line="339" name="test_InverseAdjointOperator[&lt;lambda&gt;0]" time="0.0004734992980957031"><skipped message="Suite splitting in effect" type="pytest.skip">src/pymortests/operators.py:339: &lt;py._xmlgen.raw object at 0x7f1dd46401d0&gt;</skipped></testcase><testcase classname="src.pymortests.operators" file="src/pymortests/operators.py" line="339" name="test_InverseAdjointOperator[&lt;lambda&gt;1]" time="0.0004334449768066406"><skipped message="Suite splitting in effect" type="pytest.skip">src/pymortests/operators.py:339: &lt;py._xmlgen.raw object at 0x7f1dd46aba58&gt;</skipped></testcase><testcase classname="src.pymortests.operators" file="src/pymortests/operators.py" line="339" name="test_InverseAdjointOperator[&lt;lambda&gt;2]" time="0.00043702125549316406"><skipped message="Suite splitting in effect" type="pytest.skip">src/pymortests/operators.py:339: &lt;py._xmlgen.raw object at 0x7f1ddf99c3c8&gt;</skipped></testcase><testcase classname="src.pymortests.operators" file="src/pymortests/operators.py" line="339" name="test_InverseAdjointOperator[&lt;lambda&gt;3]" time="0.00042247772216796875"><skipped message="Suite splitting in effect" type="pytest.skip">src/pymortests/operators.py:339: &lt;py._xmlgen.raw object at 0x7f1ddf9ad518&gt;</skipped></testcase><testcase classname="src.pymortests.operators" file="src/pymortests/operators.py" line="339" name="test_InverseAdjointOperator[&lt;lambda&gt;4]" time="0.00044274330139160156"><skipped message="Suite splitting in effect" type="pytest.skip">src/pymortests/operators.py:339: &lt;py._xmlgen.raw object at 0x7f1dd4692f98&gt;</skipped></testcase><testcase classname="src.pymortests.operators" file="src/pymortests/operators.py" line="339" name="test_InverseAdjointOperator[&lt;lambda&gt;5]" time="0.0004336833953857422"><skipped message="Suite splitting in effect" type="pytest.skip">src/pymortests/operators.py:339: &lt;py._xmlgen.raw object at 0x7f1dd46b6f28&gt;</skipped></testcase><testcase classname="src.pymortests.operators" file="src/pymortests/operators.py" line="339" name="test_InverseAdjointOperator[&lt;lambda&gt;6]" time="0.0004687309265136719"><skipped message="Suite splitting in effect" type="pytest.skip">src/pymortests/operators.py:339: &lt;py._xmlgen.raw object at 0x7f1dd464b278&gt;</skipped></testcase><testcase classname="src.pymortests.operators" file="src/pymortests/operators.py" line="339" name="test_InverseAdjointOperator[&lt;lambda&gt;7]" time="0.0010273456573486328"><skipped message="Suite splitting in effect" type="pytest.skip">src/pymortests/operators.py:339: &lt;py._xmlgen.raw object at 0x7f1dd464ba20&gt;</skipped></testcase><testcase classname="src.pymortests.operators" file="src/pymortests/operators.py" line="339" name="test_InverseAdjointOperator[&lt;lambda&gt;8]" time="0.0004773139953613281"><skipped message="Suite splitting in effect" type="pytest.skip">src/pymortests/operators.py:339: &lt;py._xmlgen.raw object at 0x7f1ddf9ad7b8&gt;</skipped></testcase><testcase classname="src.pymortests.operators" file="src/pymortests/operators.py" line="339" name="test_InverseAdjointOperator[&lt;lambda&gt;9]" time="0.0004684925079345703"><skipped message="Suite splitting in effect" type="pytest.skip">src/pymortests/operators.py:339: &lt;py._xmlgen.raw object at 0x7f1ddf989fd0&gt;</skipped></testcase><testcase classname="src.pymortests.operators" file="src/pymortests/operators.py" line="339" name="test_InverseAdjointOperator[&lt;lambda&gt;10]" time="0.00044655799865722656"><skipped message="Suite splitting in effect" type="pytest.skip">src/pymortests/operators.py:339: &lt;py._xmlgen.raw object at 0x7f1dd4640e48&gt;</skipped></testcase><testcase classname="src.pymortests.operators" file="src/pymortests/operators.py" line="339" name="test_InverseAdjointOperator[&lt;lambda&gt;11]" time="0.0004456043243408203"><skipped message="Suite splitting in effect" type="pytest.skip">src/pymortests/operators.py:339: &lt;py._xmlgen.raw object at 0x7f1dd4640dd8&gt;</skipped></testcase><testcase classname="src.pymortests.operators" file="src/pymortests/operators.py" line="339" name="test_InverseAdjointOperator[&lt;lambda&gt;12]" time="0.00045680999755859375"><skipped message="Suite splitting in effect" type="pytest.skip">src/pymortests/operators.py:339: &lt;py._xmlgen.raw object at 0x7f1dd46b68d0&gt;</skipped></testcase><testcase classname="src.pymortests.operators" file="src/pymortests/operators.py" line="339" name="test_InverseAdjointOperator[&lt;lambda&gt;13]" time="0.0004489421844482422"><skipped message="Suite splitting in effect" type="pytest.skip">src/pymortests/operators.py:339: &lt;py._xmlgen.raw object at 0x7f1dd46ab978&gt;</skipped></testcase><testcase classname="src.pymortests.operators" file="src/pymortests/operators.py" line="339" name="test_InverseAdjointOperator[&lt;lambda&gt;14]" time="0.00044608116149902344"><skipped message="Suite splitting in effect" type="pytest.skip">src/pymortests/operators.py:339: &lt;py._xmlgen.raw object at 0x7f1dd469e400&gt;</skipped></testcase><testcase classname="src.pymortests.operators" file="src/pymortests/operators.py" line="339" name="test_InverseAdjointOperator[&lt;lambda&gt;15]" time="0.0004475116729736328"><skipped message="Suite splitting in effect" type="pytest.skip">src/pymortests/operators.py:339: &lt;py._xmlgen.raw object at 0x7f1dd46ec5c0&gt;</skipped></testcase><testcase classname="src.pymortests.operators" file="src/pymortests/operators.py" line="339" name="test_InverseAdjointOperator[&lt;lambda&gt;16]" time="0.0007584095001220703"><skipped message="Suite splitting in effect" type="pytest.skip">src/pymortests/operators.py:339: &lt;py._xmlgen.raw object at 0x7f1dd46e5550&gt;</skipped></testcase><testcase classname="src.pymortests.operators" file="src/pymortests/operators.py" line="339" name="test_InverseAdjointOperator[&lt;lambda&gt;17]" time="0.0004138946533203125"><skipped message="Suite splitting in effect" type="pytest.skip">src/pymortests/operators.py:339: &lt;py._xmlgen.raw object at 0x7f1dd46ab978&gt;</skipped></testcase><testcase classname="src.pymortests.operators" file="src/pymortests/operators.py" line="339" name="test_InverseAdjointOperator[&lt;lambda&gt;18]" time="0.00040793418884277344"><skipped message="Suite splitting in effect" type="pytest.skip">src/pymortests/operators.py:339: &lt;py._xmlgen.raw object at 0x7f1dd46b6630&gt;</skipped></testcase><testcase classname="src.pymortests.operators" file="src/pymortests/operators.py" line="339" name="test_InverseAdjointOperator[&lt;lambda&gt;19]" time="0.00045752525329589844"><skipped message="Suite splitting in effect" type="pytest.skip">src/pymortests/operators.py:339: &lt;py._xmlgen.raw object at 0x7f1dd4640cc0&gt;</skipped></testcase><testcase classname="src.pymortests.operators" file="src/pymortests/operators.py" line="339" name="test_InverseAdjointOperator[&lt;lambda&gt;20]" time="0.00041365623474121094"><skipped message="Suite splitting in effect" type="pytest.skip">src/pymortests/operators.py:339: &lt;py._xmlgen.raw object at 0x7f1ddf93cef0&gt;</skipped></testcase><testcase classname="src.pymortests.operators" file="src/pymortests/operators.py" line="339" name="test_InverseAdjointOperator[&lt;lambda&gt;21]" time="0.0004284381866455078"><skipped message="Suite splitting in effect" type="pytest.skip">src/pymortests/operators.py:339: &lt;py._xmlgen.raw object at 0x7f1ddf99cc50&gt;</skipped></testcase><testcase classname="src.pymortests.operators" file="src/pymortests/operators.py" line="339" name="test_InverseAdjointOperator[&lt;lambda&gt;22]" time="0.0004546642303466797"><skipped message="Suite splitting in effect" type="pytest.skip">src/pymortests/operators.py:339: &lt;py._xmlgen.raw object at 0x7f1ddf9ad3c8&gt;</skipped></testcase><testcase classname="src.pymortests.operators" file="src/pymortests/operators.py" line="339" name="test_InverseAdjointOperator[&lt;lambda&gt;23]" time="0.0004317760467529297"><skipped message="Suite splitting in effect" type="pytest.skip">src/pymortests/operators.py:339: &lt;py._xmlgen.raw object at 0x7f1dd464b7f0&gt;</skipped></testcase><testcase classname="src.pymortests.operators" file="src/pymortests/operators.py" line="339" name="test_InverseAdjointOperator[&lt;lambda&gt;24]" time="0.0007436275482177734"><skipped message="Suite splitting in effect" type="pytest.skip">src/pymortests/operators.py:339: &lt;py._xmlgen.raw object at 0x7f1ddf979470&gt;</skipped></testcase><testcase classname="src.pymortests.operators" file="src/pymortests/operators.py" line="339" name="test_InverseAdjointOperator[&lt;lambda&gt;25]" time="0.0004429817199707031"><skipped message="Suite splitting in effect" type="pytest.skip">src/pymortests/operators.py:339: &lt;py._xmlgen.raw object at 0x7f1dd4685da0&gt;</skipped></testcase><testcase classname="src.pymortests.operators" file="src/pymortests/operators.py" line="339" name="test_InverseAdjointOperator[&lt;lambda&gt;26]" time="0.0004718303680419922"><skipped message="Suite splitting in effect" type="pytest.skip">src/pymortests/operators.py:339: &lt;py._xmlgen.raw object at 0x7f1dd4640f60&gt;</skipped></testcase><testcase classname="src.pymortests.operators" file="src/pymortests/operators.py" line="339" name="test_InverseAdjointOperator[&lt;lambda&gt;27]" time="0.000457763671875"><skipped message="Suite splitting in effect" type="pytest.skip">src/pymortests/operators.py:339: &lt;py._xmlgen.raw object at 0x7f1dd46b6048&gt;</skipped></testcase><testcase classname="src.pymortests.operators" file="src/pymortests/operators.py" line="339" name="test_InverseAdjointOperator[&lt;lambda&gt;28]" time="0.0004258155822753906"><skipped message="Suite splitting in effect" type="pytest.skip">src/pymortests/operators.py:339: &lt;py._xmlgen.raw object at 0x7f1ddf94d470&gt;</skipped></testcase><testcase classname="src.pymortests.operators" file="src/pymortests/operators.py" line="339" name="test_InverseAdjointOperator[&lt;lambda&gt;29]" time="0.0004336833953857422"><skipped message="Suite splitting in effect" type="pytest.skip">src/pymortests/operators.py:339: &lt;py._xmlgen.raw object at 0x7f1dd469e438&gt;</skipped></testcase><testcase classname="src.pymortests.operators" file="src/pymortests/operators.py" line="339" name="test_InverseAdjointOperator[&lt;lambda&gt;30]" time="0.0004372596740722656"><skipped message="Suite splitting in effect" type="pytest.skip">src/pymortests/operators.py:339: &lt;py._xmlgen.raw object at 0x7f1dd464ba90&gt;</skipped></testcase><testcase classname="src.pymortests.operators" file="src/pymortests/operators.py" line="339" name="test_InverseAdjointOperator[&lt;lambda&gt;31]" time="0.0004246234893798828"><skipped message="Suite splitting in effect" type="pytest.skip">src/pymortests/operators.py:339: &lt;py._xmlgen.raw object at 0x7f1dd464bf28&gt;</skipped></testcase><testcase classname="src.pymortests.operators" file="src/pymortests/operators.py" line="339" name="test_InverseAdjointOperator[&lt;lambda&gt;32]" time="0.0007202625274658203"><skipped message="Suite splitting in effect" type="pytest.skip">src/pymortests/operators.py:339: &lt;py._xmlgen.raw object at 0x7f1dd46594a8&gt;</skipped></testcase><testcase classname="src.pymortests.operators" file="src/pymortests/operators.py" line="339" name="test_InverseAdjointOperator[&lt;lambda&gt;33]" time="0.00045180320739746094"><skipped message="Suite splitting in effect" type="pytest.skip">src/pymortests/operators.py:339: &lt;py._xmlgen.raw object at 0x7f1dd464b908&gt;</skipped></testcase><testcase classname="src.pymortests.operators" file="src/pymortests/operators.py" line="339" name="test_InverseAdjointOperator[&lt;lambda&gt;34]" time="0.0004267692565917969"><skipped message="Suite splitting in effect" type="pytest.skip">src/pymortests/operators.py:339: &lt;py._xmlgen.raw object at 0x7f1dd46abe48&gt;</skipped></testcase><testcase classname="src.pymortests.operators" file="src/pymortests/operators.py" line="339" name="test_InverseAdjointOperator[&lt;lambda&gt;35]" time="0.0004215240478515625"><skipped message="Suite splitting in effect" type="pytest.skip">src/pymortests/operators.py:339: &lt;py._xmlgen.raw object at 0x7f1dd46b6198&gt;</skipped></testcase><testcase classname="src.pymortests.operators" file="src/pymortests/operators.py" line="339" name="test_InverseAdjointOperator[&lt;lambda&gt;36]" time="0.0004286766052246094"><skipped message="Suite splitting in effect" type="pytest.skip">src/pymortests/operators.py:339: &lt;py._xmlgen.raw object at 0x7f1dd4640cc0&gt;</skipped></testcase><testcase classname="src.pymortests.operators" file="src/pymortests/operators.py" line="339" name="test_InverseAdjointOperator[&lt;lambda&gt;37]" time="0.0004220008850097656"><skipped message="Suite splitting in effect" type="pytest.skip">src/pymortests/operators.py:339: &lt;py._xmlgen.raw object at 0x7f1ddf93ccf8&gt;</skipped></testcase><testcase classname="src.pymortests.operators" file="src/pymortests/operators.py" line="339" name="test_InverseAdjointOperator[&lt;lambda&gt;38]" time="0.0004508495330810547"><skipped message="Suite splitting in effect" type="pytest.skip">src/pymortests/operators.py:339: &lt;py._xmlgen.raw object at 0x7f1ddf9ad518&gt;</skipped></testcase><testcase classname="src.pymortests.operators" file="src/pymortests/operators.py" line="339" name="test_InverseAdjointOperator[&lt;lambda&gt;39]" time="0.00042438507080078125"><skipped message="Suite splitting in effect" type="pytest.skip">src/pymortests/operators.py:339: &lt;py._xmlgen.raw object at 0x7f1dd46593c8&gt;</skipped></testcase><testcase classname="src.pymortests.operators" file="src/pymortests/operators.py" line="339" name="test_InverseAdjointOperator[&lt;lambda&gt;40]" time="0.0007739067077636719"><skipped message="Suite splitting in effect" type="pytest.skip">src/pymortests/operators.py:339: &lt;py._xmlgen.raw object at 0x7f1dd46599e8&gt;</skipped></testcase><testcase classname="src.pymortests.parameters" file="src/pymortests/parameters.py" line="18" name="test_uniform" time="0.0004754066467285156"><skipped message="Suite splitting in effect" type="pytest.skip">src/pymortests/parameters.py:18: &lt;py._xmlgen.raw object at 0x7f1ddf93c710&gt;</skipped></testcase><testcase classname="src.pymortests.parameters" file="src/pymortests/parameters.py" line="25" name="test_randomly" time="0.0004718303680419922"><skipped message="Suite splitting in effect" type="pytest.skip">src/pymortests/parameters.py:25: &lt;py._xmlgen.raw object at 0x7f1dd4640198&gt;</skipped></testcase><testcase classname="src.pymortests.playground" file="src/pymortests/playground.py" line="12" name="test_eval" time="0.0005540847778320312"><skipped message="Suite splitting in effect" type="pytest.skip">src/pymortests/playground.py:12: &lt;py._xmlgen.raw object at 0x7f1ddf94de48&gt;</skipped></testcase><testcase classname="src.pymortests.riccati" file="src/pymortests/riccati.py" line="49" name="test_scipy[1-1-10]" time="0.0005357265472412109"><skipped message="Suite splitting in effect" type="pytest.skip">src/pymortests/riccati.py:49: &lt;py._xmlgen.raw object at 0x7f1dd46ab048&gt;</skipped></testcase><testcase classname="src.pymortests.riccati" file="src/pymortests/riccati.py" line="49" name="test_scipy[1-1-100]" time="0.0004639625549316406"><skipped message="Suite splitting in effect" type="pytest.skip">src/pymortests/riccati.py:49: &lt;py._xmlgen.raw object at 0x7f1dd464bcf8&gt;</skipped></testcase><testcase classname="src.pymortests.riccati" file="src/pymortests/riccati.py" line="49" name="test_scipy[1-2-10]" time="0.0004534721374511719"><skipped message="Suite splitting in effect" type="pytest.skip">src/pymortests/riccati.py:49: &lt;py._xmlgen.raw object at 0x7f1dd4659588&gt;</skipped></testcase><testcase classname="src.pymortests.riccati" file="src/pymortests/riccati.py" line="49" name="test_scipy[1-2-100]" time="0.00046181678771972656"><skipped message="Suite splitting in effect" type="pytest.skip">src/pymortests/riccati.py:49: &lt;py._xmlgen.raw object at 0x7f1dd4659b70&gt;</skipped></testcase><testcase classname="src.pymortests.riccati" file="src/pymortests/riccati.py" line="49" name="test_scipy[2-1-10]" time="0.0007727146148681641"><skipped message="Suite splitting in effect" type="pytest.skip">src/pymortests/riccati.py:49: &lt;py._xmlgen.raw object at 0x7f1dd46640f0&gt;</skipped></testcase><testcase classname="src.pymortests.riccati" file="src/pymortests/riccati.py" line="49" name="test_scipy[2-1-100]" time="0.0004086494445800781"><skipped message="Suite splitting in effect" type="pytest.skip">src/pymortests/riccati.py:49: &lt;py._xmlgen.raw object at 0x7f1dd4659390&gt;</skipped></testcase><testcase classname="src.pymortests.riccati" file="src/pymortests/riccati.py" line="49" name="test_scipy[2-2-10]" time="0.0004265308380126953"><skipped message="Suite splitting in effect" type="pytest.skip">src/pymortests/riccati.py:49: &lt;py._xmlgen.raw object at 0x7f1dd464b128&gt;</skipped></testcase><testcase classname="src.pymortests.riccati" file="src/pymortests/riccati.py" line="49" name="test_scipy[2-2-100]" time="0.0004208087921142578"><skipped message="Suite splitting in effect" type="pytest.skip">src/pymortests/riccati.py:49: &lt;py._xmlgen.raw object at 0x7f1ddf9178d0&gt;</skipped></testcase><testcase classname="src.pymortests.riccati" file="src/pymortests/riccati.py" line="78" name="test_scipy_trans[1-1-10]" time="0.00045228004455566406"><skipped message="Suite splitting in effect" type="pytest.skip">src/pymortests/riccati.py:78: &lt;py._xmlgen.raw object at 0x7f1ddf94da58&gt;</skipped></testcase><testcase classname="src.pymortests.riccati" file="src/pymortests/riccati.py" line="78" name="test_scipy_trans[1-1-100]" time="0.0004417896270751953"><skipped message="Suite splitting in effect" type="pytest.skip">src/pymortests/riccati.py:78: &lt;py._xmlgen.raw object at 0x7f1dd4640d68&gt;</skipped></testcase><testcase classname="src.pymortests.riccati" file="src/pymortests/riccati.py" line="78" name="test_scipy_trans[1-2-10]" time="0.00043082237243652344"><skipped message="Suite splitting in effect" type="pytest.skip">src/pymortests/riccati.py:78: &lt;py._xmlgen.raw object at 0x7f1ddf99c668&gt;</skipped></testcase><testcase classname="src.pymortests.riccati" file="src/pymortests/riccati.py" line="78" name="test_scipy_trans[1-2-100]" time="0.0004432201385498047"><skipped message="Suite splitting in effect" type="pytest.skip">src/pymortests/riccati.py:78: &lt;py._xmlgen.raw object at 0x7f1dd4664208&gt;</skipped></testcase><testcase classname="src.pymortests.riccati" file="src/pymortests/riccati.py" line="78" name="test_scipy_trans[2-1-10]" time="0.0007121562957763672"><skipped message="Suite splitting in effect" type="pytest.skip">src/pymortests/riccati.py:78: &lt;py._xmlgen.raw object at 0x7f1dd4664710&gt;</skipped></testcase><testcase classname="src.pymortests.riccati" file="src/pymortests/riccati.py" line="78" name="test_scipy_trans[2-1-100]" time="0.00041866302490234375"><skipped message="Suite splitting in effect" type="pytest.skip">src/pymortests/riccati.py:78: &lt;py._xmlgen.raw object at 0x7f1dd4640198&gt;</skipped></testcase><testcase classname="src.pymortests.riccati" file="src/pymortests/riccati.py" line="78" name="test_scipy_trans[2-2-10]" time="0.00043392181396484375"><skipped message="Suite splitting in effect" type="pytest.skip">src/pymortests/riccati.py:78: &lt;py._xmlgen.raw object at 0x7f1dd46b6a20&gt;</skipped></testcase><testcase classname="src.pymortests.riccati" file="src/pymortests/riccati.py" line="78" name="test_scipy_trans[2-2-100]" time="0.0004525184631347656"><skipped message="Suite splitting in effect" type="pytest.skip">src/pymortests/riccati.py:78: &lt;py._xmlgen.raw object at 0x7f1ddf94dcf8&gt;</skipped></testcase><testcase classname="src.pymortests.riccati" file="src/pymortests/riccati.py" line="107" name="test_pymess[pymess_care-1-1-1000]" time="0.00044608116149902344"><skipped message="Suite splitting in effect" type="pytest.skip">src/pymortests/riccati.py:107: &lt;py._xmlgen.raw object at 0x7f1dd464b630&gt;</skipped></testcase><testcase classname="src.pymortests.riccati" file="src/pymortests/riccati.py" line="107" name="test_pymess[pymess_care-1-2-1000]" time="0.00044035911560058594"><skipped message="Suite splitting in effect" type="pytest.skip">src/pymortests/riccati.py:107: &lt;py._xmlgen.raw object at 0x7f1dd46595f8&gt;</skipped></testcase><testcase classname="src.pymortests.riccati" file="src/pymortests/riccati.py" line="107" name="test_pymess[pymess_care-2-1-1000]" time="0.0004601478576660156"><skipped message="Suite splitting in effect" type="pytest.skip">src/pymortests/riccati.py:107: &lt;py._xmlgen.raw object at 0x7f1dd4659b70&gt;</skipped></testcase><testcase classname="src.pymortests.riccati" file="src/pymortests/riccati.py" line="107" name="test_pymess[pymess_care-2-2-1000]" time="0.00045299530029296875"><skipped message="Suite splitting in effect" type="pytest.skip">src/pymortests/riccati.py:107: &lt;py._xmlgen.raw object at 0x7f1dd46641d0&gt;</skipped></testcase><testcase classname="src.pymortests.riccati" file="src/pymortests/riccati.py" line="107" name="test_pymess[pymess_lrnm-1-1-1000]" time="0.0007004737854003906"><skipped message="Suite splitting in effect" type="pytest.skip">src/pymortests/riccati.py:107: &lt;py._xmlgen.raw object at 0x7f1dd4664d30&gt;</skipped></testcase><testcase classname="src.pymortests.riccati" file="src/pymortests/riccati.py" line="107" name="test_pymess[pymess_lrnm-1-2-1000]" time="0.0004458427429199219"><skipped message="Suite splitting in effect" type="pytest.skip">src/pymortests/riccati.py:107: &lt;py._xmlgen.raw object at 0x7f1dd4659e10&gt;</skipped></testcase><testcase classname="src.pymortests.riccati" file="src/pymortests/riccati.py" line="107" name="test_pymess[pymess_lrnm-2-1-1000]" time="0.00045013427734375"><skipped message="Suite splitting in effect" type="pytest.skip">src/pymortests/riccati.py:107: &lt;py._xmlgen.raw object at 0x7f1dd464bc88&gt;</skipped></testcase><testcase classname="src.pymortests.riccati" file="src/pymortests/riccati.py" line="107" name="test_pymess[pymess_lrnm-2-2-1000]" time="0.0004401206970214844"><skipped message="Suite splitting in effect" type="pytest.skip">src/pymortests/riccati.py:107: &lt;py._xmlgen.raw object at 0x7f1ddf94dc50&gt;</skipped></testcase><testcase classname="src.pymortests.riccati" file="src/pymortests/riccati.py" line="133" name="test_pymess_trans[pymess_care-1-1-1000]" time="0.00044918060302734375"><skipped message="Suite splitting in effect" type="pytest.skip">src/pymortests/riccati.py:133: &lt;py._xmlgen.raw object at 0x7f1dd46b6b00&gt;</skipped></testcase><testcase classname="src.pymortests.riccati" file="src/pymortests/riccati.py" line="133" name="test_pymess_trans[pymess_care-1-2-1000]" time="0.0004475116729736328"><skipped message="Suite splitting in effect" type="pytest.skip">src/pymortests/riccati.py:133: &lt;py._xmlgen.raw object at 0x7f1ddf99cc50&gt;</skipped></testcase><testcase classname="src.pymortests.riccati" file="src/pymortests/riccati.py" line="133" name="test_pymess_trans[pymess_care-2-1-1000]" time="0.00044655799865722656"><skipped message="Suite splitting in effect" type="pytest.skip">src/pymortests/riccati.py:133: &lt;py._xmlgen.raw object at 0x7f1dd4664208&gt;</skipped></testcase><testcase classname="src.pymortests.riccati" file="src/pymortests/riccati.py" line="133" name="test_pymess_trans[pymess_care-2-2-1000]" time="0.0005137920379638672"><skipped message="Suite splitting in effect" type="pytest.skip">src/pymortests/riccati.py:133: &lt;py._xmlgen.raw object at 0x7f1dd46645c0&gt;</skipped></testcase><testcase classname="src.pymortests.riccati" file="src/pymortests/riccati.py" line="133" name="test_pymess_trans[pymess_lrnm-1-1-1000]" time="0.0007498264312744141"><skipped message="Suite splitting in effect" type="pytest.skip">src/pymortests/riccati.py:133: &lt;py._xmlgen.raw object at 0x7f1dd4670390&gt;</skipped></testcase><testcase classname="src.pymortests.riccati" file="src/pymortests/riccati.py" line="133" name="test_pymess_trans[pymess_lrnm-1-2-1000]" time="0.00041484832763671875"><skipped message="Suite splitting in effect" type="pytest.skip">src/pymortests/riccati.py:133: &lt;py._xmlgen.raw object at 0x7f1dd4664470&gt;</skipped></testcase><testcase classname="src.pymortests.riccati" file="src/pymortests/riccati.py" line="133" name="test_pymess_trans[pymess_lrnm-2-1-1000]" time="0.0004343986511230469"><skipped message="Suite splitting in effect" type="pytest.skip">src/pymortests/riccati.py:133: &lt;py._xmlgen.raw object at 0x7f1ddf95d748&gt;</skipped></testcase><testcase classname="src.pymortests.riccati" file="src/pymortests/riccati.py" line="133" name="test_pymess_trans[pymess_lrnm-2-2-1000]" time="0.0004467964172363281"><skipped message="Suite splitting in effect" type="pytest.skip">src/pymortests/riccati.py:133: &lt;py._xmlgen.raw object at 0x7f1dd46b6208&gt;</skipped></testcase><testcase classname="src.pymortests.riccati" file="src/pymortests/riccati.py" line="159" name="test_pymess_E[pymess_care-1-1-1000]" time="0.00044655799865722656"><skipped message="Suite splitting in effect" type="pytest.skip">src/pymortests/riccati.py:159: &lt;py._xmlgen.raw object at 0x7f1dd469e358&gt;</skipped></testcase><testcase classname="src.pymortests.riccati" file="src/pymortests/riccati.py" line="159" name="test_pymess_E[pymess_care-1-2-1000]" time="0.0004527568817138672"><skipped message="Suite splitting in effect" type="pytest.skip">src/pymortests/riccati.py:159: &lt;py._xmlgen.raw object at 0x7f1ddf8fc320&gt;</skipped></testcase><testcase classname="src.pymortests.riccati" file="src/pymortests/riccati.py" line="159" name="test_pymess_E[pymess_care-2-1-1000]" time="0.0004451274871826172"><skipped message="Suite splitting in effect" type="pytest.skip">src/pymortests/riccati.py:159: &lt;py._xmlgen.raw object at 0x7f1dd46595c0&gt;</skipped></testcase><testcase classname="src.pymortests.riccati" file="src/pymortests/riccati.py" line="159" name="test_pymess_E[pymess_care-2-2-1000]" time="0.00046253204345703125"><skipped message="Suite splitting in effect" type="pytest.skip">src/pymortests/riccati.py:159: &lt;py._xmlgen.raw object at 0x7f1dd4670208&gt;</skipped></testcase><testcase classname="src.pymortests.riccati" file="src/pymortests/riccati.py" line="159" name="test_pymess_E[pymess_lrnm-1-1-1000]" time="0.0007107257843017578"><skipped message="Suite splitting in effect" type="pytest.skip">src/pymortests/riccati.py:159: &lt;py._xmlgen.raw object at 0x7f1dd46709b0&gt;</skipped></testcase><testcase classname="src.pymortests.riccati" file="src/pymortests/riccati.py" line="159" name="test_pymess_E[pymess_lrnm-1-2-1000]" time="0.00041294097900390625"><skipped message="Suite splitting in effect" type="pytest.skip">src/pymortests/riccati.py:159: &lt;py._xmlgen.raw object at 0x7f1dd464b630&gt;</skipped></testcase><testcase classname="src.pymortests.riccati" file="src/pymortests/riccati.py" line="159" name="test_pymess_E[pymess_lrnm-2-1-1000]" time="0.00046825408935546875"><skipped message="Suite splitting in effect" type="pytest.skip">src/pymortests/riccati.py:159: &lt;py._xmlgen.raw object at 0x7f1ddf94d710&gt;</skipped></testcase><testcase classname="src.pymortests.riccati" file="src/pymortests/riccati.py" line="159" name="test_pymess_E[pymess_lrnm-2-2-1000]" time="0.00046443939208984375"><skipped message="Suite splitting in effect" type="pytest.skip">src/pymortests/riccati.py:159: &lt;py._xmlgen.raw object at 0x7f1ddf9184a8&gt;</skipped></testcase><testcase classname="src.pymortests.riccati" file="src/pymortests/riccati.py" line="189" name="test_pymess_E_trans[pymess_care-1-1-1000]" time="0.00043845176696777344"><skipped message="Suite splitting in effect" type="pytest.skip">src/pymortests/riccati.py:189: &lt;py._xmlgen.raw object at 0x7f1ddf8f46d8&gt;</skipped></testcase><testcase classname="src.pymortests.riccati" file="src/pymortests/riccati.py" line="189" name="test_pymess_E_trans[pymess_care-1-2-1000]" time="0.00043892860412597656"><skipped message="Suite splitting in effect" type="pytest.skip">src/pymortests/riccati.py:189: &lt;py._xmlgen.raw object at 0x7f1dd46644e0&gt;</skipped></testcase><testcase classname="src.pymortests.riccati" file="src/pymortests/riccati.py" line="189" name="test_pymess_E_trans[pymess_care-2-1-1000]" time="0.0004591941833496094"><skipped message="Suite splitting in effect" type="pytest.skip">src/pymortests/riccati.py:189: &lt;py._xmlgen.raw object at 0x7f1dd4670b00&gt;</skipped></testcase><testcase classname="src.pymortests.riccati" file="src/pymortests/riccati.py" line="189" name="test_pymess_E_trans[pymess_care-2-2-1000]" time="0.0004146099090576172"><skipped message="Suite splitting in effect" type="pytest.skip">src/pymortests/riccati.py:189: &lt;py._xmlgen.raw object at 0x7f1dd4670080&gt;</skipped></testcase><testcase classname="src.pymortests.riccati" file="src/pymortests/riccati.py" line="189" name="test_pymess_E_trans[pymess_lrnm-1-1-1000]" time="0.0007536411285400391"><skipped message="Suite splitting in effect" type="pytest.skip">src/pymortests/riccati.py:189: &lt;py._xmlgen.raw object at 0x7f1dd4670fd0&gt;</skipped></testcase><testcase classname="src.pymortests.riccati" file="src/pymortests/riccati.py" line="189" name="test_pymess_E_trans[pymess_lrnm-1-2-1000]" time="0.0004398822784423828"><skipped message="Suite splitting in effect" type="pytest.skip">src/pymortests/riccati.py:189: &lt;py._xmlgen.raw object at 0x7f1dd4670828&gt;</skipped></testcase><testcase classname="src.pymortests.riccati" file="src/pymortests/riccati.py" line="189" name="test_pymess_E_trans[pymess_lrnm-2-1-1000]" time="0.0004448890686035156"><skipped message="Suite splitting in effect" type="pytest.skip">src/pymortests/riccati.py:189: &lt;py._xmlgen.raw object at 0x7f1dd4664b38&gt;</skipped></testcase><testcase classname="src.pymortests.riccati" file="src/pymortests/riccati.py" line="189" name="test_pymess_E_trans[pymess_lrnm-2-2-1000]" time="0.0004591941833496094"><skipped message="Suite splitting in effect" type="pytest.skip">src/pymortests/riccati.py:189: &lt;py._xmlgen.raw object at 0x7f1ddf8f15f8&gt;</skipped></testcase><testcase classname="src.pymortests.riccati" file="src/pymortests/riccati.py" line="219" name="test_slycot[False-1-1-10]" time="0.00047588348388671875"><skipped message="Suite splitting in effect" type="pytest.skip">src/pymortests/riccati.py:219: &lt;py._xmlgen.raw object at 0x7f1dd4640b70&gt;</skipped></testcase><testcase classname="src.pymortests.riccati" file="src/pymortests/riccati.py" line="219" name="test_slycot[False-1-1-100]" time="0.0004420280456542969"><skipped message="Suite splitting in effect" type="pytest.skip">src/pymortests/riccati.py:219: &lt;py._xmlgen.raw object at 0x7f1ddf94dcf8&gt;</skipped></testcase><testcase classname="src.pymortests.riccati" file="src/pymortests/riccati.py" line="219" name="test_slycot[False-1-2-10]" time="0.00042819976806640625"><skipped message="Suite splitting in effect" type="pytest.skip">src/pymortests/riccati.py:219: &lt;py._xmlgen.raw object at 0x7f1dd464b828&gt;</skipped></testcase><testcase classname="src.pymortests.riccati" file="src/pymortests/riccati.py" line="219" name="test_slycot[False-1-2-100]" time="0.0004429817199707031"><skipped message="Suite splitting in effect" type="pytest.skip">src/pymortests/riccati.py:219: &lt;py._xmlgen.raw object at 0x7f1dd45f9128&gt;</skipped></testcase><testcase classname="src.pymortests.riccati" file="src/pymortests/riccati.py" line="219" name="test_slycot[False-2-1-10]" time="0.0007803440093994141"><skipped message="Suite splitting in effect" type="pytest.skip">src/pymortests/riccati.py:219: &lt;py._xmlgen.raw object at 0x7f1dd45f9630&gt;</skipped></testcase><testcase classname="src.pymortests.riccati" file="src/pymortests/riccati.py" line="219" name="test_slycot[False-2-1-100]" time="0.00044918060302734375"><skipped message="Suite splitting in effect" type="pytest.skip">src/pymortests/riccati.py:219: &lt;py._xmlgen.raw object at 0x7f1ddf9178d0&gt;</skipped></testcase><testcase classname="src.pymortests.riccati" file="src/pymortests/riccati.py" line="219" name="test_slycot[False-2-2-10]" time="0.00044226646423339844"><skipped message="Suite splitting in effect" type="pytest.skip">src/pymortests/riccati.py:219: &lt;py._xmlgen.raw object at 0x7f1ddf9184a8&gt;</skipped></testcase><testcase classname="src.pymortests.riccati" file="src/pymortests/riccati.py" line="219" name="test_slycot[False-2-2-100]" time="0.0004439353942871094"><skipped message="Suite splitting in effect" type="pytest.skip">src/pymortests/riccati.py:219: &lt;py._xmlgen.raw object at 0x7f1ddf8f46a0&gt;</skipped></testcase><testcase classname="src.pymortests.riccati" file="src/pymortests/riccati.py" line="219" name="test_slycot[True-1-1-10]" time="0.00044083595275878906"><skipped message="Suite splitting in effect" type="pytest.skip">src/pymortests/riccati.py:219: &lt;py._xmlgen.raw object at 0x7f1dd4664908&gt;</skipped></testcase><testcase classname="src.pymortests.riccati" file="src/pymortests/riccati.py" line="219" name="test_slycot[True-1-1-100]" time="0.00047516822814941406"><skipped message="Suite splitting in effect" type="pytest.skip">src/pymortests/riccati.py:219: &lt;py._xmlgen.raw object at 0x7f1dd4670588&gt;</skipped></testcase><testcase classname="src.pymortests.riccati" file="src/pymortests/riccati.py" line="219" name="test_slycot[True-1-2-10]" time="0.0004305839538574219"><skipped message="Suite splitting in effect" type="pytest.skip">src/pymortests/riccati.py:219: &lt;py._xmlgen.raw object at 0x7f1dd4670b70&gt;</skipped></testcase><testcase classname="src.pymortests.riccati" file="src/pymortests/riccati.py" line="219" name="test_slycot[True-1-2-100]" time="0.0004506111145019531"><skipped message="Suite splitting in effect" type="pytest.skip">src/pymortests/riccati.py:219: &lt;py._xmlgen.raw object at 0x7f1dd45f92b0&gt;</skipped></testcase><testcase classname="src.pymortests.riccati" file="src/pymortests/riccati.py" line="219" name="test_slycot[True-2-1-10]" time="0.000993967056274414"><skipped message="Suite splitting in effect" type="pytest.skip">src/pymortests/riccati.py:219: &lt;py._xmlgen.raw object at 0x7f1dd45f9c50&gt;</skipped></testcase><testcase classname="src.pymortests.riccati" file="src/pymortests/riccati.py" line="219" name="test_slycot[True-2-1-100]" time="0.0004286766052246094"><skipped message="Suite splitting in effect" type="pytest.skip">src/pymortests/riccati.py:219: &lt;py._xmlgen.raw object at 0x7f1dd46abeb8&gt;</skipped></testcase><testcase classname="src.pymortests.riccati" file="src/pymortests/riccati.py" line="219" name="test_slycot[True-2-2-10]" time="0.00041484832763671875"><skipped message="Suite splitting in effect" type="pytest.skip">src/pymortests/riccati.py:219: &lt;py._xmlgen.raw object at 0x7f1ddf804390&gt;</skipped></testcase><testcase classname="src.pymortests.riccati" file="src/pymortests/riccati.py" line="219" name="test_slycot[True-2-2-100]" time="0.00041365623474121094"><skipped message="Suite splitting in effect" type="pytest.skip">src/pymortests/riccati.py:219: &lt;py._xmlgen.raw object at 0x7f1dd4670e48&gt;</skipped></testcase><testcase classname="src.pymortests.riccati" file="src/pymortests/riccati.py" line="252" name="test_slycot_trans[False-1-1-10]" time="0.00045013427734375"><skipped message="Suite splitting in effect" type="pytest.skip">src/pymortests/riccati.py:252: &lt;py._xmlgen.raw object at 0x7f1ddf93c710&gt;</skipped></testcase><testcase classname="src.pymortests.riccati" file="src/pymortests/riccati.py" line="252" name="test_slycot_trans[False-1-1-100]" time="0.0004227161407470703"><skipped message="Suite splitting in effect" type="pytest.skip">src/pymortests/riccati.py:252: &lt;py._xmlgen.raw object at 0x7f1dd4664748&gt;</skipped></testcase><testcase classname="src.pymortests.riccati" file="src/pymortests/riccati.py" line="252" name="test_slycot_trans[False-1-2-10]" time="0.0004265308380126953"><skipped message="Suite splitting in effect" type="pytest.skip">src/pymortests/riccati.py:252: &lt;py._xmlgen.raw object at 0x7f1dd4659a20&gt;</skipped></testcase><testcase classname="src.pymortests.riccati" file="src/pymortests/riccati.py" line="252" name="test_slycot_trans[False-1-2-100]" time="0.0004458427429199219"><skipped message="Suite splitting in effect" type="pytest.skip">src/pymortests/riccati.py:252: &lt;py._xmlgen.raw object at 0x7f1dd464b470&gt;</skipped></testcase><testcase classname="src.pymortests.riccati" file="src/pymortests/riccati.py" line="252" name="test_slycot_trans[False-2-1-10]" time="0.00047397613525390625"><skipped message="Suite splitting in effect" type="pytest.skip">src/pymortests/riccati.py:252: &lt;py._xmlgen.raw object at 0x7f1ddf94dc50&gt;</skipped></testcase><testcase classname="src.pymortests.riccati" file="src/pymortests/riccati.py" line="252" name="test_slycot_trans[False-2-1-100]" time="0.0007112026214599609"><skipped message="Suite splitting in effect" type="pytest.skip">src/pymortests/riccati.py:252: &lt;py._xmlgen.raw object at 0x7f1ddf9e49b0&gt;</skipped></testcase><testcase classname="src.pymortests.riccati" file="src/pymortests/riccati.py" line="252" name="test_slycot_trans[False-2-2-10]" time="0.00045990943908691406"><skipped message="Suite splitting in effect" type="pytest.skip">src/pymortests/riccati.py:252: &lt;py._xmlgen.raw object at 0x7f1dd46595c0&gt;</skipped></testcase><testcase classname="src.pymortests.riccati" file="src/pymortests/riccati.py" line="252" name="test_slycot_trans[False-2-2-100]" time="0.000423431396484375"><skipped message="Suite splitting in effect" type="pytest.skip">src/pymortests/riccati.py:252: &lt;py._xmlgen.raw object at 0x7f1dd4664748&gt;</skipped></testcase><testcase classname="src.pymortests.riccati" file="src/pymortests/riccati.py" line="252" name="test_slycot_trans[True-1-1-10]" time="0.0004382133483886719"><skipped message="Suite splitting in effect" type="pytest.skip">src/pymortests/riccati.py:252: &lt;py._xmlgen.raw object at 0x7f1dd4670240&gt;</skipped></testcase><testcase classname="src.pymortests.riccati" file="src/pymortests/riccati.py" line="252" name="test_slycot_trans[True-1-1-100]" time="0.0004265308380126953"><skipped message="Suite splitting in effect" type="pytest.skip">src/pymortests/riccati.py:252: &lt;py._xmlgen.raw object at 0x7f1dd4670ba8&gt;</skipped></testcase><testcase classname="src.pymortests.riccati" file="src/pymortests/riccati.py" line="252" name="test_slycot_trans[True-1-2-10]" time="0.0004279613494873047"><skipped message="Suite splitting in effect" type="pytest.skip">src/pymortests/riccati.py:252: &lt;py._xmlgen.raw object at 0x7f1ddf8046d8&gt;</skipped></testcase><testcase classname="src.pymortests.riccati" file="src/pymortests/riccati.py" line="252" name="test_slycot_trans[True-1-2-100]" time="0.00042629241943359375"><skipped message="Suite splitting in effect" type="pytest.skip">src/pymortests/riccati.py:252: &lt;py._xmlgen.raw object at 0x7f1ddf8f16a0&gt;</skipped></testcase><testcase classname="src.pymortests.riccati" file="src/pymortests/riccati.py" line="252" name="test_slycot_trans[True-2-1-10]" time="0.0004329681396484375"><skipped message="Suite splitting in effect" type="pytest.skip">src/pymortests/riccati.py:252: &lt;py._xmlgen.raw object at 0x7f1dd45f9b00&gt;</skipped></testcase><testcase classname="src.pymortests.riccati" file="src/pymortests/riccati.py" line="252" name="test_slycot_trans[True-2-1-100]" time="0.0007231235504150391"><skipped message="Suite splitting in effect" type="pytest.skip">src/pymortests/riccati.py:252: &lt;py._xmlgen.raw object at 0x7f1dd4640eb8&gt;</skipped></testcase><testcase classname="src.pymortests.riccati" file="src/pymortests/riccati.py" line="252" name="test_slycot_trans[True-2-2-10]" time="0.00041985511779785156"><skipped message="Suite splitting in effect" type="pytest.skip">src/pymortests/riccati.py:252: &lt;py._xmlgen.raw object at 0x7f1ddf804198&gt;</skipped></testcase><testcase classname="src.pymortests.riccati" file="src/pymortests/riccati.py" line="252" name="test_slycot_trans[True-2-2-100]" time="0.0004227161407470703"><skipped message="Suite splitting in effect" type="pytest.skip">src/pymortests/riccati.py:252: &lt;py._xmlgen.raw object at 0x7f1dd4670550&gt;</skipped></testcase><testcase classname="src.pymortests.riccati" file="src/pymortests/riccati.py" line="285" name="test_slycot_E[False-1-1-10]" time="0.00047326087951660156"><skipped message="Suite splitting in effect" type="pytest.skip">src/pymortests/riccati.py:285: &lt;py._xmlgen.raw object at 0x7f1dd4664c50&gt;</skipped></testcase><testcase classname="src.pymortests.riccati" file="src/pymortests/riccati.py" line="285" name="test_slycot_E[False-1-1-100]" time="0.0004410743713378906"><skipped message="Suite splitting in effect" type="pytest.skip">src/pymortests/riccati.py:285: &lt;py._xmlgen.raw object at 0x7f1dd4659d68&gt;</skipped></testcase><testcase classname="src.pymortests.riccati" file="src/pymortests/riccati.py" line="285" name="test_slycot_E[False-1-2-10]" time="0.0004951953887939453"><skipped message="Suite splitting in effect" type="pytest.skip">src/pymortests/riccati.py:285: &lt;py._xmlgen.raw object at 0x7f1dd464b0f0&gt;</skipped></testcase><testcase classname="src.pymortests.riccati" file="src/pymortests/riccati.py" line="285" name="test_slycot_E[False-1-2-100]" time="0.00043654441833496094"><skipped message="Suite splitting in effect" type="pytest.skip">src/pymortests/riccati.py:285: &lt;py._xmlgen.raw object at 0x7f1dd45f99b0&gt;</skipped></testcase><testcase classname="src.pymortests.riccati" file="src/pymortests/riccati.py" line="285" name="test_slycot_E[False-2-1-10]" time="0.0004489421844482422"><skipped message="Suite splitting in effect" type="pytest.skip">src/pymortests/riccati.py:285: &lt;py._xmlgen.raw object at 0x7f1dd4607198&gt;</skipped></testcase><testcase classname="src.pymortests.riccati" file="src/pymortests/riccati.py" line="285" name="test_slycot_E[False-2-1-100]" time="0.0007996559143066406"><skipped message="Suite splitting in effect" type="pytest.skip">src/pymortests/riccati.py:285: &lt;py._xmlgen.raw object at 0x7f1dd46076d8&gt;</skipped></testcase><testcase classname="src.pymortests.riccati" file="src/pymortests/riccati.py" line="285" name="test_slycot_E[False-2-2-10]" time="0.00046324729919433594"><skipped message="Suite splitting in effect" type="pytest.skip">src/pymortests/riccati.py:285: &lt;py._xmlgen.raw object at 0x7f1dd45f9cf8&gt;</skipped></testcase><testcase classname="src.pymortests.riccati" file="src/pymortests/riccati.py" line="285" name="test_slycot_E[False-2-2-100]" time="0.0004353523254394531"><skipped message="Suite splitting in effect" type="pytest.skip">src/pymortests/riccati.py:285: &lt;py._xmlgen.raw object at 0x7f1dd46599b0&gt;</skipped></testcase><testcase classname="src.pymortests.riccati" file="src/pymortests/riccati.py" line="285" name="test_slycot_E[True-1-1-10]" time="0.0004792213439941406"><skipped message="Suite splitting in effect" type="pytest.skip">src/pymortests/riccati.py:285: &lt;py._xmlgen.raw object at 0x7f1ddf8304e0&gt;</skipped></testcase><testcase classname="src.pymortests.riccati" file="src/pymortests/riccati.py" line="285" name="test_slycot_E[True-1-1-100]" time="0.0004413127899169922"><skipped message="Suite splitting in effect" type="pytest.skip">src/pymortests/riccati.py:285: &lt;py._xmlgen.raw object at 0x7f1dd46abeb8&gt;</skipped></testcase><testcase classname="src.pymortests.riccati" file="src/pymortests/riccati.py" line="285" name="test_slycot_E[True-1-2-10]" time="0.00043320655822753906"><skipped message="Suite splitting in effect" type="pytest.skip">src/pymortests/riccati.py:285: &lt;py._xmlgen.raw object at 0x7f1ddf9185c0&gt;</skipped></testcase><testcase classname="src.pymortests.riccati" file="src/pymortests/riccati.py" line="285" name="test_slycot_E[True-1-2-100]" time="0.0004379749298095703"><skipped message="Suite splitting in effect" type="pytest.skip">src/pymortests/riccati.py:285: &lt;py._xmlgen.raw object at 0x7f1dd4640b70&gt;</skipped></testcase><testcase classname="src.pymortests.riccati" file="src/pymortests/riccati.py" line="285" name="test_slycot_E[True-2-1-10]" time="0.0004394054412841797"><skipped message="Suite splitting in effect" type="pytest.skip">src/pymortests/riccati.py:285: &lt;py._xmlgen.raw object at 0x7f1dd4607080&gt;</skipped></testcase><testcase classname="src.pymortests.riccati" file="src/pymortests/riccati.py" line="285" name="test_slycot_E[True-2-1-100]" time="0.0007452964782714844"><skipped message="Suite splitting in effect" type="pytest.skip">src/pymortests/riccati.py:285: &lt;py._xmlgen.raw object at 0x7f1dd4607c18&gt;</skipped></testcase><testcase classname="src.pymortests.riccati" file="src/pymortests/riccati.py" line="285" name="test_slycot_E[True-2-2-10]" time="0.0004296302795410156"><skipped message="Suite splitting in effect" type="pytest.skip">src/pymortests/riccati.py:285: &lt;py._xmlgen.raw object at 0x7f1dd4670ef0&gt;</skipped></testcase><testcase classname="src.pymortests.riccati" file="src/pymortests/riccati.py" line="285" name="test_slycot_E[True-2-2-100]" time="0.0004379749298095703"><skipped message="Suite splitting in effect" type="pytest.skip">src/pymortests/riccati.py:285: &lt;py._xmlgen.raw object at 0x7f1dd4664f28&gt;</skipped></testcase><testcase classname="src.pymortests.riccati" file="src/pymortests/riccati.py" line="322" name="test_slycot_E_trans[False-1-1-10]" time="0.00043129920959472656"><skipped message="Suite splitting in effect" type="pytest.skip">src/pymortests/riccati.py:322: &lt;py._xmlgen.raw object at 0x7f1ddf8184a8&gt;</skipped></testcase><testcase classname="src.pymortests.riccati" file="src/pymortests/riccati.py" line="322" name="test_slycot_E_trans[False-1-1-100]" time="0.0004754066467285156"><skipped message="Suite splitting in effect" type="pytest.skip">src/pymortests/riccati.py:322: &lt;py._xmlgen.raw object at 0x7f1dd464bf98&gt;</skipped></testcase><testcase classname="src.pymortests.riccati" file="src/pymortests/riccati.py" line="322" name="test_slycot_E_trans[False-1-2-10]" time="0.00045013427734375"><skipped message="Suite splitting in effect" type="pytest.skip">src/pymortests/riccati.py:322: &lt;py._xmlgen.raw object at 0x7f1dd45f9fd0&gt;</skipped></testcase><testcase classname="src.pymortests.riccati" file="src/pymortests/riccati.py" line="322" name="test_slycot_E_trans[False-1-2-100]" time="0.00045299530029296875"><skipped message="Suite splitting in effect" type="pytest.skip">src/pymortests/riccati.py:322: &lt;py._xmlgen.raw object at 0x7f1dd4607748&gt;</skipped></testcase><testcase classname="src.pymortests.riccati" file="src/pymortests/riccati.py" line="322" name="test_slycot_E_trans[False-2-1-10]" time="0.0004420280456542969"><skipped message="Suite splitting in effect" type="pytest.skip">src/pymortests/riccati.py:322: &lt;py._xmlgen.raw object at 0x7f1dd4607358&gt;</skipped></testcase><testcase classname="src.pymortests.riccati" file="src/pymortests/riccati.py" line="322" name="test_slycot_E_trans[False-2-1-100]" time="0.0007281303405761719"><skipped message="Suite splitting in effect" type="pytest.skip">src/pymortests/riccati.py:322: &lt;py._xmlgen.raw object at 0x7f1dd4611278&gt;</skipped></testcase><testcase classname="src.pymortests.riccati" file="src/pymortests/riccati.py" line="322" name="test_slycot_E_trans[False-2-2-10]" time="0.00042939186096191406"><skipped message="Suite splitting in effect" type="pytest.skip">src/pymortests/riccati.py:322: &lt;py._xmlgen.raw object at 0x7f1dd4607588&gt;</skipped></testcase><testcase classname="src.pymortests.riccati" file="src/pymortests/riccati.py" line="322" name="test_slycot_E_trans[False-2-2-100]" time="0.0004425048828125"><skipped message="Suite splitting in effect" type="pytest.skip">src/pymortests/riccati.py:322: &lt;py._xmlgen.raw object at 0x7f1dd45f9358&gt;</skipped></testcase><testcase classname="src.pymortests.riccati" file="src/pymortests/riccati.py" line="322" name="test_slycot_E_trans[True-1-1-10]" time="0.00045371055603027344"><skipped message="Suite splitting in effect" type="pytest.skip">src/pymortests/riccati.py:322: &lt;py._xmlgen.raw object at 0x7f1dd464b588&gt;</skipped></testcase><testcase classname="src.pymortests.riccati" file="src/pymortests/riccati.py" line="322" name="test_slycot_E_trans[True-1-1-100]" time="0.00044465065002441406"><skipped message="Suite splitting in effect" type="pytest.skip">src/pymortests/riccati.py:322: &lt;py._xmlgen.raw object at 0x7f1ddf8186a0&gt;</skipped></testcase><testcase classname="src.pymortests.riccati" file="src/pymortests/riccati.py" line="322" name="test_slycot_E_trans[True-1-2-10]" time="0.00048613548278808594"><skipped message="Suite splitting in effect" type="pytest.skip">src/pymortests/riccati.py:322: &lt;py._xmlgen.raw object at 0x7f1dd4664f60&gt;</skipped></testcase><testcase classname="src.pymortests.riccati" file="src/pymortests/riccati.py" line="322" name="test_slycot_E_trans[True-1-2-100]" time="0.0004677772521972656"><skipped message="Suite splitting in effect" type="pytest.skip">src/pymortests/riccati.py:322: &lt;py._xmlgen.raw object at 0x7f1ddf804780&gt;</skipped></testcase><testcase classname="src.pymortests.riccati" file="src/pymortests/riccati.py" line="322" name="test_slycot_E_trans[True-2-1-10]" time="0.00044989585876464844"><skipped message="Suite splitting in effect" type="pytest.skip">src/pymortests/riccati.py:322: &lt;py._xmlgen.raw object at 0x7f1dd4611128&gt;</skipped></testcase><testcase classname="src.pymortests.riccati" file="src/pymortests/riccati.py" line="322" name="test_slycot_E_trans[True-2-1-100]" time="0.0009200572967529297"><skipped message="Suite splitting in effect" type="pytest.skip">src/pymortests/riccati.py:322: &lt;py._xmlgen.raw object at 0x7f1dd4611898&gt;</skipped></testcase><testcase classname="src.pymortests.riccati" file="src/pymortests/riccati.py" line="322" name="test_slycot_E_trans[True-2-2-10]" time="0.0004832744598388672"><skipped message="Suite splitting in effect" type="pytest.skip">src/pymortests/riccati.py:322: &lt;py._xmlgen.raw object at 0x7f1ddf8fcf98&gt;</skipped></testcase><testcase classname="src.pymortests.riccati" file="src/pymortests/riccati.py" line="322" name="test_slycot_E_trans[True-2-2-100]" time="0.0004343986511230469"><skipped message="Suite splitting in effect" type="pytest.skip">src/pymortests/riccati.py:322: &lt;py._xmlgen.raw object at 0x7f1dd4664ef0&gt;</skipped></testcase><testcase classname="src.pymortests.solver" file="src/pymortests/solver.py" line="48" name="test_generic_solvers[generic_lgmres]" time="0.0004985332489013672"><skipped message="Suite splitting in effect" type="pytest.skip">src/pymortests/solver.py:48: &lt;py._xmlgen.raw object at 0x7f1ddf830a20&gt;</skipped></testcase><testcase classname="src.pymortests.solver" file="src/pymortests/solver.py" line="48" name="test_generic_solvers[generic_least_squares_lsmr]" time="0.00043582916259765625"><skipped message="Suite splitting in effect" type="pytest.skip">src/pymortests/solver.py:48: &lt;py._xmlgen.raw object at 0x7f1dd45f97b8&gt;</skipped></testcase><testcase classname="src.pymortests.solver" file="src/pymortests/solver.py" line="48" name="test_generic_solvers[generic_least_squares_lsqr]" time="0.00047326087951660156"><skipped message="Suite splitting in effect" type="pytest.skip">src/pymortests/solver.py:48: &lt;py._xmlgen.raw object at 0x7f1dd4607940&gt;</skipped></testcase><testcase classname="src.pymortests.solver" file="src/pymortests/solver.py" line="55" name="test_numpy_dense_solvers" time="0.0004203319549560547"><skipped message="Suite splitting in effect" type="pytest.skip">src/pymortests/solver.py:55: &lt;py._xmlgen.raw object at 0x7f1dd46119b0&gt;</skipped></testcase><testcase classname="src.pymortests.solver" file="src/pymortests/solver.py" line="62" name="test_numpy_sparse_solvers[generic_least_squares_lsqr]" time="0.00041222572326660156"><skipped message="Suite splitting in effect" type="pytest.skip">src/pymortests/solver.py:62: &lt;py._xmlgen.raw object at 0x7f1dd46113c8&gt;</skipped></testcase><testcase classname="src.pymortests.solver" file="src/pymortests/solver.py" line="62" name="test_numpy_sparse_solvers[scipy_spsolve]" time="0.0007622241973876953"><skipped message="Suite splitting in effect" type="pytest.skip">src/pymortests/solver.py:62: &lt;py._xmlgen.raw object at 0x7f1dd4611ef0&gt;</skipped></testcase><testcase classname="src.pymortests.solver" file="src/pymortests/solver.py" line="62" name="test_numpy_sparse_solvers[scipy_lgmres]" time="0.00045299530029296875"><skipped message="Suite splitting in effect" type="pytest.skip">src/pymortests/solver.py:62: &lt;py._xmlgen.raw object at 0x7f1dd46116a0&gt;</skipped></testcase><testcase classname="src.pymortests.solver" file="src/pymortests/solver.py" line="62" name="test_numpy_sparse_solvers[scipy_least_squares_lsmr]" time="0.000423431396484375"><skipped message="Suite splitting in effect" type="pytest.skip">src/pymortests/solver.py:62: &lt;py._xmlgen.raw object at 0x7f1dd4607a20&gt;</skipped></testcase><testcase classname="src.pymortests.solver" file="src/pymortests/solver.py" line="62" name="test_numpy_sparse_solvers[scipy_bicgstab_spilu]" time="0.00042176246643066406"><skipped message="Suite splitting in effect" type="pytest.skip">src/pymortests/solver.py:62: &lt;py._xmlgen.raw object at 0x7f1dd464b550&gt;</skipped></testcase><testcase classname="src.pymortests.solver" file="src/pymortests/solver.py" line="62" name="test_numpy_sparse_solvers[scipy_least_squares_lsqr]" time="0.0004341602325439453"><skipped message="Suite splitting in effect" type="pytest.skip">src/pymortests/solver.py:62: &lt;py._xmlgen.raw object at 0x7f1dd4659b00&gt;</skipped></testcase><testcase classname="src.pymortests.solver" file="src/pymortests/solver.py" line="62" name="test_numpy_sparse_solvers[pyamg_rs]" time="0.00043487548828125"><skipped message="Suite splitting in effect" type="pytest.skip">src/pymortests/solver.py:62: &lt;py._xmlgen.raw object at 0x7f1ddf8186a0&gt;</skipped></testcase><testcase classname="src.pymortests.solver" file="src/pymortests/solver.py" line="62" name="test_numpy_sparse_solvers[pyamg_solve]" time="0.0004107952117919922"><skipped message="Suite splitting in effect" type="pytest.skip">src/pymortests/solver.py:62: &lt;py._xmlgen.raw object at 0x7f1ddf803fd0&gt;</skipped></testcase><testcase classname="src.pymortests.solver" file="src/pymortests/solver.py" line="62" name="test_numpy_sparse_solvers[generic_lgmres]" time="0.0004363059997558594"><skipped message="Suite splitting in effect" type="pytest.skip">src/pymortests/solver.py:62: &lt;py._xmlgen.raw object at 0x7f1ddf989278&gt;</skipped></testcase><testcase classname="src.pymortests.solver" file="src/pymortests/solver.py" line="62" name="test_numpy_sparse_solvers[generic_least_squares_lsmr]" time="0.0006918907165527344"><skipped message="Suite splitting in effect" type="pytest.skip">src/pymortests/solver.py:62: &lt;py._xmlgen.raw object at 0x7f1dd461e550&gt;</skipped></testcase><testcase classname="src.pymortests.solver" file="src/pymortests/solver.py" line="62" name="test_numpy_sparse_solvers[pyamg_sa]" time="0.0004420280456542969"><skipped message="Suite splitting in effect" type="pytest.skip">src/pymortests/solver.py:62: &lt;py._xmlgen.raw object at 0x7f1dd4664e48&gt;</skipped></testcase><testcase classname="src.pymortests.solver" file="src/pymortests/solver.py" line="62" name="test_numpy_sparse_solvers[scipy_bicgstab]" time="0.00041365623474121094"><skipped message="Suite splitting in effect" type="pytest.skip">src/pymortests/solver.py:62: &lt;py._xmlgen.raw object at 0x7f1ddf7f0e10&gt;</skipped></testcase><testcase classname="src.pymortests.sylvester" file="src/pymortests/sylvester.py" line="47" name="test_sylv_schur_V[1-1-100]" time="0.00048232078552246094"><skipped message="Suite splitting in effect" type="pytest.skip">src/pymortests/sylvester.py:47: &lt;py._xmlgen.raw object at 0x7f1dd45f9eb8&gt;</skipped></testcase><testcase classname="src.pymortests.sylvester" file="src/pymortests/sylvester.py" line="47" name="test_sylv_schur_V[1-1-1000]" time="0.00043511390686035156"><skipped message="Suite splitting in effect" type="pytest.skip">src/pymortests/sylvester.py:47: &lt;py._xmlgen.raw object at 0x7f1dd46077f0&gt;</skipped></testcase><testcase classname="src.pymortests.sylvester" file="src/pymortests/sylvester.py" line="47" name="test_sylv_schur_V[1-10-100]" time="0.0004527568817138672"><skipped message="Suite splitting in effect" type="pytest.skip">src/pymortests/sylvester.py:47: &lt;py._xmlgen.raw object at 0x7f1dd4611160&gt;</skipped></testcase><testcase classname="src.pymortests.sylvester" file="src/pymortests/sylvester.py" line="47" name="test_sylv_schur_V[1-10-1000]" time="0.0004088878631591797"><skipped message="Suite splitting in effect" type="pytest.skip">src/pymortests/sylvester.py:47: &lt;py._xmlgen.raw object at 0x7f1dd4611a90&gt;</skipped></testcase><testcase classname="src.pymortests.sylvester" file="src/pymortests/sylvester.py" line="47" name="test_sylv_schur_V[1-20-100]" time="0.00043892860412597656"><skipped message="Suite splitting in effect" type="pytest.skip">src/pymortests/sylvester.py:47: &lt;py._xmlgen.raw object at 0x7f1dd461e0b8&gt;</skipped></testcase><testcase classname="src.pymortests.sylvester" file="src/pymortests/sylvester.py" line="47" name="test_sylv_schur_V[1-20-1000]" time="0.0007119178771972656"><skipped message="Suite splitting in effect" type="pytest.skip">src/pymortests/sylvester.py:47: &lt;py._xmlgen.raw object at 0x7f1dd461eba8&gt;</skipped></testcase><testcase classname="src.pymortests.sylvester" file="src/pymortests/sylvester.py" line="47" name="test_sylv_schur_V[2-1-100]" time="0.00040912628173828125"><skipped message="Suite splitting in effect" type="pytest.skip">src/pymortests/sylvester.py:47: &lt;py._xmlgen.raw object at 0x7f1dd4611b00&gt;</skipped></testcase><testcase classname="src.pymortests.sylvester" file="src/pymortests/sylvester.py" line="47" name="test_sylv_schur_V[2-1-1000]" time="0.0004267692565917969"><skipped message="Suite splitting in effect" type="pytest.skip">src/pymortests/sylvester.py:47: &lt;py._xmlgen.raw object at 0x7f1dd4607f60&gt;</skipped></testcase><testcase classname="src.pymortests.sylvester" file="src/pymortests/sylvester.py" line="47" name="test_sylv_schur_V[2-10-100]" time="0.00041937828063964844"><skipped message="Suite splitting in effect" type="pytest.skip">src/pymortests/sylvester.py:47: &lt;py._xmlgen.raw object at 0x7f1ddf830588&gt;</skipped></testcase><testcase classname="src.pymortests.sylvester" file="src/pymortests/sylvester.py" line="47" name="test_sylv_schur_V[2-10-1000]" time="0.00045299530029296875"><skipped message="Suite splitting in effect" type="pytest.skip">src/pymortests/sylvester.py:47: &lt;py._xmlgen.raw object at 0x7f1ddf8189e8&gt;</skipped></testcase><testcase classname="src.pymortests.sylvester" file="src/pymortests/sylvester.py" line="47" name="test_sylv_schur_V[2-20-100]" time="0.0004279613494873047"><skipped message="Suite splitting in effect" type="pytest.skip">src/pymortests/sylvester.py:47: &lt;py._xmlgen.raw object at 0x7f1ddf8c70f0&gt;</skipped></testcase><testcase classname="src.pymortests.sylvester" file="src/pymortests/sylvester.py" line="47" name="test_sylv_schur_V[2-20-1000]" time="0.0004451274871826172"><skipped message="Suite splitting in effect" type="pytest.skip">src/pymortests/sylvester.py:47: &lt;py._xmlgen.raw object at 0x7f1dd461e048&gt;</skipped></testcase><testcase classname="src.pymortests.sylvester" file="src/pymortests/sylvester.py" line="75" name="test_sylv_schur_V_E[1-1-100]" time="0.0004448890686035156"><skipped message="Suite splitting in effect" type="pytest.skip">src/pymortests/sylvester.py:75: &lt;py._xmlgen.raw object at 0x7f1dd461e390&gt;</skipped></testcase><testcase classname="src.pymortests.sylvester" file="src/pymortests/sylvester.py" line="75" name="test_sylv_schur_V_E[1-1-1000]" time="0.0007259845733642578"><skipped message="Suite splitting in effect" type="pytest.skip">src/pymortests/sylvester.py:75: &lt;py._xmlgen.raw object at 0x7f1dd4627208&gt;</skipped></testcase><testcase classname="src.pymortests.sylvester" file="src/pymortests/sylvester.py" line="75" name="test_sylv_schur_V_E[1-10-100]" time="0.00040793418884277344"><skipped message="Suite splitting in effect" type="pytest.skip">src/pymortests/sylvester.py:75: &lt;py._xmlgen.raw object at 0x7f1dd461e748&gt;</skipped></testcase><testcase classname="src.pymortests.sylvester" file="src/pymortests/sylvester.py" line="75" name="test_sylv_schur_V_E[1-10-1000]" time="0.0004229545593261719"><skipped message="Suite splitting in effect" type="pytest.skip">src/pymortests/sylvester.py:75: &lt;py._xmlgen.raw object at 0x7f1dd461ecf8&gt;</skipped></testcase><testcase classname="src.pymortests.sylvester" file="src/pymortests/sylvester.py" line="75" name="test_sylv_schur_V_E[1-20-100]" time="0.00043702125549316406"><skipped message="Suite splitting in effect" type="pytest.skip">src/pymortests/sylvester.py:75: &lt;py._xmlgen.raw object at 0x7f1ddf8186a0&gt;</skipped></testcase><testcase classname="src.pymortests.sylvester" file="src/pymortests/sylvester.py" line="75" name="test_sylv_schur_V_E[1-20-1000]" time="0.0004143714904785156"><skipped message="Suite splitting in effect" type="pytest.skip">src/pymortests/sylvester.py:75: &lt;py._xmlgen.raw object at 0x7f1ddf8e9ba8&gt;</skipped></testcase><testcase classname="src.pymortests.sylvester" file="src/pymortests/sylvester.py" line="75" name="test_sylv_schur_V_E[2-1-100]" time="0.0004241466522216797"><skipped message="Suite splitting in effect" type="pytest.skip">src/pymortests/sylvester.py:75: &lt;py._xmlgen.raw object at 0x7f1dd4607f60&gt;</skipped></testcase><testcase classname="src.pymortests.sylvester" file="src/pymortests/sylvester.py" line="75" name="test_sylv_schur_V_E[2-1-1000]" time="0.0004057884216308594"><skipped message="Suite splitting in effect" type="pytest.skip">src/pymortests/sylvester.py:75: &lt;py._xmlgen.raw object at 0x7f1dd4611c18&gt;</skipped></testcase><testcase classname="src.pymortests.sylvester" file="src/pymortests/sylvester.py" line="75" name="test_sylv_schur_V_E[2-10-100]" time="0.0004324913024902344"><skipped message="Suite splitting in effect" type="pytest.skip">src/pymortests/sylvester.py:75: &lt;py._xmlgen.raw object at 0x7f1dd4627080&gt;</skipped></testcase><testcase classname="src.pymortests.sylvester" file="src/pymortests/sylvester.py" line="75" name="test_sylv_schur_V_E[2-10-1000]" time="0.0006890296936035156"><skipped message="Suite splitting in effect" type="pytest.skip">src/pymortests/sylvester.py:75: &lt;py._xmlgen.raw object at 0x7f1dd4627828&gt;</skipped></testcase><testcase classname="src.pymortests.sylvester" file="src/pymortests/sylvester.py" line="75" name="test_sylv_schur_V_E[2-20-100]" time="0.00046706199645996094"><skipped message="Suite splitting in effect" type="pytest.skip">src/pymortests/sylvester.py:75: &lt;py._xmlgen.raw object at 0x7f1dd46596d8&gt;</skipped></testcase><testcase classname="src.pymortests.sylvester" file="src/pymortests/sylvester.py" line="75" name="test_sylv_schur_V_E[2-20-1000]" time="0.0004374980926513672"><skipped message="Suite splitting in effect" type="pytest.skip">src/pymortests/sylvester.py:75: &lt;py._xmlgen.raw object at 0x7f1ddf8e9630&gt;</skipped></testcase><testcase classname="src.pymortests.sylvester" file="src/pymortests/sylvester.py" line="108" name="test_sylv_schur_W[1-1-100]" time="0.0004482269287109375"><skipped message="Suite splitting in effect" type="pytest.skip">src/pymortests/sylvester.py:108: &lt;py._xmlgen.raw object at 0x7f1ddf8186a0&gt;</skipped></testcase><testcase classname="src.pymortests.sylvester" file="src/pymortests/sylvester.py" line="108" name="test_sylv_schur_W[1-1-1000]" time="0.00043463706970214844"><skipped message="Suite splitting in effect" type="pytest.skip">src/pymortests/sylvester.py:108: &lt;py._xmlgen.raw object at 0x7f1dd461e5c0&gt;</skipped></testcase><testcase classname="src.pymortests.sylvester" file="src/pymortests/sylvester.py" line="108" name="test_sylv_schur_W[1-10-100]" time="0.0004343986511230469"><skipped message="Suite splitting in effect" type="pytest.skip">src/pymortests/sylvester.py:108: &lt;py._xmlgen.raw object at 0x7f1dd461eef0&gt;</skipped></testcase><testcase classname="src.pymortests.sylvester" file="src/pymortests/sylvester.py" line="108" name="test_sylv_schur_W[1-10-1000]" time="0.0004305839538574219"><skipped message="Suite splitting in effect" type="pytest.skip">src/pymortests/sylvester.py:108: &lt;py._xmlgen.raw object at 0x7f1dd4627438&gt;</skipped></testcase><testcase classname="src.pymortests.sylvester" file="src/pymortests/sylvester.py" line="108" name="test_sylv_schur_W[1-20-100]" time="0.0004143714904785156"><skipped message="Suite splitting in effect" type="pytest.skip">src/pymortests/sylvester.py:108: &lt;py._xmlgen.raw object at 0x7f1dd46272b0&gt;</skipped></testcase><testcase classname="src.pymortests.sylvester" file="src/pymortests/sylvester.py" line="108" name="test_sylv_schur_W[1-20-1000]" time="0.000993967056274414"><skipped message="Suite splitting in effect" type="pytest.skip">src/pymortests/sylvester.py:108: &lt;py._xmlgen.raw object at 0x7f1dd4627e48&gt;</skipped></testcase><testcase classname="src.pymortests.sylvester" file="src/pymortests/sylvester.py" line="108" name="test_sylv_schur_W[2-1-100]" time="0.0004246234893798828"><skipped message="Suite splitting in effect" type="pytest.skip">src/pymortests/sylvester.py:108: &lt;py._xmlgen.raw object at 0x7f1ddf818550&gt;</skipped></testcase><testcase classname="src.pymortests.sylvester" file="src/pymortests/sylvester.py" line="108" name="test_sylv_schur_W[2-1-1000]" time="0.00043320655822753906"><skipped message="Suite splitting in effect" type="pytest.skip">src/pymortests/sylvester.py:108: &lt;py._xmlgen.raw object at 0x7f1ddf8e9630&gt;</skipped></testcase><testcase classname="src.pymortests.sylvester" file="src/pymortests/sylvester.py" line="108" name="test_sylv_schur_W[2-10-100]" time="0.00043487548828125"><skipped message="Suite splitting in effect" type="pytest.skip">src/pymortests/sylvester.py:108: &lt;py._xmlgen.raw object at 0x7f1dd4627f98&gt;</skipped></testcase><testcase classname="src.pymortests.sylvester" file="src/pymortests/sylvester.py" line="108" name="test_sylv_schur_W[2-10-1000]" time="0.0004487037658691406"><skipped message="Suite splitting in effect" type="pytest.skip">src/pymortests/sylvester.py:108: &lt;py._xmlgen.raw object at 0x7f1dd4627400&gt;</skipped></testcase><testcase classname="src.pymortests.sylvester" file="src/pymortests/sylvester.py" line="108" name="test_sylv_schur_W[2-20-100]" time="0.00043582916259765625"><skipped message="Suite splitting in effect" type="pytest.skip">src/pymortests/sylvester.py:108: &lt;py._xmlgen.raw object at 0x7f1dd461e208&gt;</skipped></testcase><testcase classname="src.pymortests.sylvester" file="src/pymortests/sylvester.py" line="108" name="test_sylv_schur_W[2-20-1000]" time="0.00042247772216796875"><skipped message="Suite splitting in effect" type="pytest.skip">src/pymortests/sylvester.py:108: &lt;py._xmlgen.raw object at 0x7f1dd461ec18&gt;</skipped></testcase><testcase classname="src.pymortests.sylvester" file="src/pymortests/sylvester.py" line="136" name="test_sylv_schur_W_E[1-1-100]" time="0.0004563331604003906"><skipped message="Suite splitting in effect" type="pytest.skip">src/pymortests/sylvester.py:136: &lt;py._xmlgen.raw object at 0x7f1dd4611c18&gt;</skipped></testcase><testcase classname="src.pymortests.sylvester" file="src/pymortests/sylvester.py" line="136" name="test_sylv_schur_W_E[1-1-1000]" time="0.0004932880401611328"><skipped message="Suite splitting in effect" type="pytest.skip">src/pymortests/sylvester.py:136: &lt;py._xmlgen.raw object at 0x7f1dd4607f60&gt;</skipped></testcase><testcase classname="src.pymortests.sylvester" file="src/pymortests/sylvester.py" line="136" name="test_sylv_schur_W_E[1-10-100]" time="0.0007212162017822266"><skipped message="Suite splitting in effect" type="pytest.skip">src/pymortests/sylvester.py:136: &lt;py._xmlgen.raw object at 0x7f1dd4611470&gt;</skipped></testcase><testcase classname="src.pymortests.sylvester" file="src/pymortests/sylvester.py" line="136" name="test_sylv_schur_W_E[1-10-1000]" time="0.00043582916259765625"><skipped message="Suite splitting in effect" type="pytest.skip">src/pymortests/sylvester.py:136: &lt;py._xmlgen.raw object at 0x7f1dd461e6d8&gt;</skipped></testcase><testcase classname="src.pymortests.sylvester" file="src/pymortests/sylvester.py" line="136" name="test_sylv_schur_W_E[1-20-100]" time="0.0004284381866455078"><skipped message="Suite splitting in effect" type="pytest.skip">src/pymortests/sylvester.py:136: &lt;py._xmlgen.raw object at 0x7f1dd4627b70&gt;</skipped></testcase><testcase classname="src.pymortests.sylvester" file="src/pymortests/sylvester.py" line="136" name="test_sylv_schur_W_E[1-20-1000]" time="0.0004360675811767578"><skipped message="Suite splitting in effect" type="pytest.skip">src/pymortests/sylvester.py:136: &lt;py._xmlgen.raw object at 0x7f1dd4627cf8&gt;</skipped></testcase><testcase classname="src.pymortests.sylvester" file="src/pymortests/sylvester.py" line="136" name="test_sylv_schur_W_E[2-1-100]" time="0.0004260540008544922"><skipped message="Suite splitting in effect" type="pytest.skip">src/pymortests/sylvester.py:136: &lt;py._xmlgen.raw object at 0x7f1ddf8e9cc0&gt;</skipped></testcase><testcase classname="src.pymortests.sylvester" file="src/pymortests/sylvester.py" line="136" name="test_sylv_schur_W_E[2-1-1000]" time="0.0004658699035644531"><skipped message="Suite splitting in effect" type="pytest.skip">src/pymortests/sylvester.py:136: &lt;py._xmlgen.raw object at 0x7f1dd4670cf8&gt;</skipped></testcase><testcase classname="src.pymortests.sylvester" file="src/pymortests/sylvester.py" line="136" name="test_sylv_schur_W_E[2-10-100]" time="0.0004436969757080078"><skipped message="Suite splitting in effect" type="pytest.skip">src/pymortests/sylvester.py:136: &lt;py._xmlgen.raw object at 0x7f1dd4607a90&gt;</skipped></testcase><testcase classname="src.pymortests.sylvester" file="src/pymortests/sylvester.py" line="136" name="test_sylv_schur_W_E[2-10-1000]" time="0.0004265308380126953"><skipped message="Suite splitting in effect" type="pytest.skip">src/pymortests/sylvester.py:136: &lt;py._xmlgen.raw object at 0x7f1dd45f9438&gt;</skipped></testcase><testcase classname="src.pymortests.sylvester" file="src/pymortests/sylvester.py" line="136" name="test_sylv_schur_W_E[2-20-100]" time="0.0007262229919433594"><skipped message="Suite splitting in effect" type="pytest.skip">src/pymortests/sylvester.py:136: &lt;py._xmlgen.raw object at 0x7f1dd45f9470&gt;</skipped></testcase><testcase classname="src.pymortests.sylvester" file="src/pymortests/sylvester.py" line="136" name="test_sylv_schur_W_E[2-20-1000]" time="0.0004456043243408203"><skipped message="Suite splitting in effect" type="pytest.skip">src/pymortests/sylvester.py:136: &lt;py._xmlgen.raw object at 0x7f1dd46076d8&gt;</skipped></testcase><testcase classname="src.pymortests.to_matrix" file="src/pymortests/to_matrix.py" line="34" name="test_to_matrix_NumpyMatrixOperator" time="0.0005114078521728516"><skipped message="Suite splitting in effect" type="pytest.skip">src/pymortests/to_matrix.py:34: &lt;py._xmlgen.raw object at 0x7f1ddf8e2ba8&gt;</skipped></testcase><testcase classname="src.pymortests.to_matrix" file="src/pymortests/to_matrix.py" line="45" name="test_to_matrix_BlockOperator" time="0.0004317760467529297"><skipped message="Suite splitting in effect" type="pytest.skip">src/pymortests/to_matrix.py:45: &lt;py._xmlgen.raw object at 0x7f1dd46278d0&gt;</skipped></testcase><testcase classname="src.pymortests.to_matrix" file="src/pymortests/to_matrix.py" line="68" name="test_to_matrix_BlockDiagonalOperator" time="0.0004165172576904297"><skipped message="Suite splitting in effect" type="pytest.skip">src/pymortests/to_matrix.py:68: &lt;py._xmlgen.raw object at 0x7f1dd4627978&gt;</skipped></testcase><testcase classname="src.pymortests.to_matrix" file="src/pymortests/to_matrix.py" line="86" name="test_to_matrix_AdjointOperator" time="0.0004456043243408203"><skipped message="Suite splitting in effect" type="pytest.skip">src/pymortests/to_matrix.py:86: &lt;py._xmlgen.raw object at 0x7f1dd461eb70&gt;</skipped></testcase><testcase classname="src.pymortests.to_matrix" file="src/pymortests/to_matrix.py" line="127" name="test_to_matrix_ComponentProjection" time="0.0004467964172363281"><skipped message="Suite splitting in effect" type="pytest.skip">src/pymortests/to_matrix.py:127: &lt;py._xmlgen.raw object at 0x7f1dd4611d68&gt;</skipped></testcase><testcase classname="src.pymortests.to_matrix" file="src/pymortests/to_matrix.py" line="138" name="test_to_matrix_Concatenation" time="0.0004634857177734375"><skipped message="Suite splitting in effect" type="pytest.skip">src/pymortests/to_matrix.py:138: &lt;py._xmlgen.raw object at 0x7f1dd46353c8&gt;</skipped></testcase><testcase classname="src.pymortests.to_matrix" file="src/pymortests/to_matrix.py" line="165" name="test_to_matrix_IdentityOperator" time="0.0004425048828125"><skipped message="Suite splitting in effect" type="pytest.skip">src/pymortests/to_matrix.py:165: &lt;py._xmlgen.raw object at 0x7f1dd4635908&gt;</skipped></testcase><testcase classname="src.pymortests.to_matrix" file="src/pymortests/to_matrix.py" line="173" name="test_to_matrix_LincombOperator" time="0.0004715919494628906"><skipped message="Suite splitting in effect" type="pytest.skip">src/pymortests/to_matrix.py:173: &lt;py._xmlgen.raw object at 0x7f1dd461eb70&gt;</skipped></testcase><testcase classname="src.pymortests.to_matrix" file="src/pymortests/to_matrix.py" line="202" name="test_to_matrix_VectorArrayOperator" time="0.00044798851013183594"><skipped message="Suite splitting in effect" type="pytest.skip">src/pymortests/to_matrix.py:202: &lt;py._xmlgen.raw object at 0x7f1dd4627d30&gt;</skipped></testcase><testcase classname="src.pymortests.to_matrix" file="src/pymortests/to_matrix.py" line="214" name="test_to_matrix_ZeroOperator" time="0.0004436969757080078"><skipped message="Suite splitting in effect" type="pytest.skip">src/pymortests/to_matrix.py:214: &lt;py._xmlgen.raw object at 0x7f1dd4664e48&gt;</skipped></testcase><testcase classname="src.pymortests.tools.TestGaussQuadrature" file="src/pymortests/tools.py" line="27" name="test_polynomials" time="0.0005249977111816406"><skipped message="Suite splitting in effect" type="pytest.skip">src/pymortests/tools.py:27: &lt;py._xmlgen.raw object at 0x7f1ddf8186a0&gt;</skipped></testcase><testcase classname="src.pymortests.tools.TestGaussQuadrature" file="src/pymortests/tools.py" line="38" name="test_other_functions" time="0.0004515647888183594"><skipped message="Suite splitting in effect" type="pytest.skip">src/pymortests/tools.py:38: &lt;py._xmlgen.raw object at 0x7f1dd4607da0&gt;</skipped></testcase><testcase classname="src.pymortests.tools.TestGaussQuadrature" file="src/pymortests/tools.py" line="46" name="test_weights" time="0.00044274330139160156"><skipped message="Suite splitting in effect" type="pytest.skip">src/pymortests/tools.py:46: &lt;py._xmlgen.raw object at 0x7f1dd4635128&gt;</skipped></testcase><testcase classname="src.pymortests.tools.TestGaussQuadrature" file="src/pymortests/tools.py" line="51" name="test_points" time="0.00044155120849609375"><skipped message="Suite splitting in effect" type="pytest.skip">src/pymortests/tools.py:51: &lt;py._xmlgen.raw object at 0x7f1dd4635cf8&gt;</skipped></testcase><testcase classname="src.pymortests.tools.TestCmp" file="src/pymortests/tools.py" line="61" name="test_props" time="0.0007810592651367188"><skipped message="Suite splitting in effect" type="pytest.skip">src/pymortests/tools.py:61: &lt;py._xmlgen.raw object at 0x7f1dd45bf240&gt;</skipped></testcase><testcase classname="src.pymortests.tools" file="src/pymortests/tools.py" line="87" name="test_vtkio[&lt;lambda&gt;0]" time="0.0004649162292480469"><skipped message="Suite splitting in effect" type="pytest.skip">src/pymortests/tools.py:87: &lt;py._xmlgen.raw object at 0x7f1dd4635ba8&gt;</skipped></testcase><testcase classname="src.pymortests.tools" file="src/pymortests/tools.py" line="87" name="test_vtkio[&lt;lambda&gt;1]" time="0.0004265308380126953"><skipped message="Suite splitting in effect" type="pytest.skip">src/pymortests/tools.py:87: &lt;py._xmlgen.raw object at 0x7f1dd45f9908&gt;</skipped></testcase><testcase classname="src.pymortests.tools" file="src/pymortests/tools.py" line="87" name="test_vtkio[&lt;lambda&gt;2]" time="0.0004208087921142578"><skipped message="Suite splitting in effect" type="pytest.skip">src/pymortests/tools.py:87: &lt;py._xmlgen.raw object at 0x7f1ddf8e25f8&gt;</skipped></testcase><testcase classname="src.pymortests.tools" file="src/pymortests/tools.py" line="87" name="test_vtkio[&lt;lambda&gt;3]" time="0.0004401206970214844"><skipped message="Suite splitting in effect" type="pytest.skip">src/pymortests/tools.py:87: &lt;py._xmlgen.raw object at 0x7f1dde84e940&gt;</skipped></testcase><testcase classname="src.pymortests.tools" file="src/pymortests/tools.py" line="87" name="test_vtkio[&lt;lambda&gt;4]" time="0.00044608116149902344"><skipped message="Suite splitting in effect" type="pytest.skip">src/pymortests/tools.py:87: &lt;py._xmlgen.raw object at 0x7f1dd4627860&gt;</skipped></testcase><testcase classname="src.pymortests.tools" file="src/pymortests/tools.py" line="87" name="test_vtkio[&lt;lambda&gt;5]" time="0.0004405975341796875"><skipped message="Suite splitting in effect" type="pytest.skip">src/pymortests/tools.py:87: &lt;py._xmlgen.raw object at 0x7f1dd461e518&gt;</skipped></testcase><testcase classname="src.pymortests.tools" file="src/pymortests/tools.py" line="87" name="test_vtkio[&lt;lambda&gt;6]" time="0.00044846534729003906"><skipped message="Suite splitting in effect" type="pytest.skip">src/pymortests/tools.py:87: &lt;py._xmlgen.raw object at 0x7f1dd45bf128&gt;</skipped></testcase><testcase classname="src.pymortests.tools" file="src/pymortests/tools.py" line="87" name="test_vtkio[&lt;lambda&gt;7]" time="0.0007755756378173828"><skipped message="Suite splitting in effect" type="pytest.skip">src/pymortests/tools.py:87: &lt;py._xmlgen.raw object at 0x7f1dd45bf860&gt;</skipped></testcase><testcase classname="src.pymortests.tools" file="src/pymortests/tools.py" line="87" name="test_vtkio[&lt;lambda&gt;8]" time="0.0004229545593261719"><skipped message="Suite splitting in effect" type="pytest.skip">src/pymortests/tools.py:87: &lt;py._xmlgen.raw object at 0x7f1ddf8e9828&gt;</skipped></testcase><testcase classname="src.pymortests.tools" file="src/pymortests/tools.py" line="87" name="test_vtkio[&lt;lambda&gt;9]" time="0.00045871734619140625"><skipped message="Suite splitting in effect" type="pytest.skip">src/pymortests/tools.py:87: &lt;py._xmlgen.raw object at 0x7f1dd4664f28&gt;</skipped></testcase><testcase classname="src.pymortests.tools" file="src/pymortests/tools.py" line="87" name="test_vtkio[&lt;lambda&gt;10]" time="0.00044155120849609375"><skipped message="Suite splitting in effect" type="pytest.skip">src/pymortests/tools.py:87: &lt;py._xmlgen.raw object at 0x7f1ddf8e25f8&gt;</skipped></testcase><testcase classname="src.pymortests.tools" file="src/pymortests/tools.py" line="87" name="test_vtkio[&lt;lambda&gt;11]" time="0.0004258155822753906"><skipped message="Suite splitting in effect" type="pytest.skip">src/pymortests/tools.py:87: &lt;py._xmlgen.raw object at 0x7f1dd45f9908&gt;</skipped></testcase><testcase classname="src.pymortests.tools" file="src/pymortests/tools.py" line="87" name="test_vtkio[&lt;lambda&gt;12]" time="0.00044655799865722656"><skipped message="Suite splitting in effect" type="pytest.skip">src/pymortests/tools.py:87: &lt;py._xmlgen.raw object at 0x7f1dd4635588&gt;</skipped></testcase><testcase classname="src.pymortests.tools" file="src/pymortests/tools.py" line="87" name="test_vtkio[&lt;lambda&gt;13]" time="0.000446319580078125"><skipped message="Suite splitting in effect" type="pytest.skip">src/pymortests/tools.py:87: &lt;py._xmlgen.raw object at 0x7f1dd45bf470&gt;</skipped></testcase><testcase classname="src.pymortests.tools" file="src/pymortests/tools.py" line="87" name="test_vtkio[&lt;lambda&gt;14]" time="0.0004177093505859375"><skipped message="Suite splitting in effect" type="pytest.skip">src/pymortests/tools.py:87: &lt;py._xmlgen.raw object at 0x7f1dd45bf320&gt;</skipped></testcase><testcase classname="src.pymortests.tools" file="src/pymortests/tools.py" line="87" name="test_vtkio[&lt;lambda&gt;15]" time="0.0008018016815185547"><skipped message="Suite splitting in effect" type="pytest.skip">src/pymortests/tools.py:87: &lt;py._xmlgen.raw object at 0x7f1dd45bfe80&gt;</skipped></testcase><testcase classname="src.pymortests.tools" file="src/pymortests/tools.py" line="87" name="test_vtkio[&lt;lambda&gt;16]" time="0.00044608116149902344"><skipped message="Suite splitting in effect" type="pytest.skip">src/pymortests/tools.py:87: &lt;py._xmlgen.raw object at 0x7f1dd45bf358&gt;</skipped></testcase><testcase classname="src.pymortests.tools" file="src/pymortests/tools.py" line="87" name="test_vtkio[&lt;lambda&gt;17]" time="0.0004131793975830078"><skipped message="Suite splitting in effect" type="pytest.skip">src/pymortests/tools.py:87: &lt;py._xmlgen.raw object at 0x7f1dd4635fd0&gt;</skipped></testcase><testcase classname="src.pymortests.tools" file="src/pymortests/tools.py" line="87" name="test_vtkio[&lt;lambda&gt;18]" time="0.00047588348388671875"><skipped message="Suite splitting in effect" type="pytest.skip">src/pymortests/tools.py:87: &lt;py._xmlgen.raw object at 0x7f1dde7fc588&gt;</skipped></testcase><testcase classname="src.pymortests.tools" file="src/pymortests/tools.py" line="87" name="test_vtkio[&lt;lambda&gt;19]" time="0.0004088878631591797"><skipped message="Suite splitting in effect" type="pytest.skip">src/pymortests/tools.py:87: &lt;py._xmlgen.raw object at 0x7f1ddf8d15c0&gt;</skipped></testcase><testcase classname="src.pymortests.tools" file="src/pymortests/tools.py" line="87" name="test_vtkio[&lt;lambda&gt;20]" time="0.00040602684020996094"><skipped message="Suite splitting in effect" type="pytest.skip">src/pymortests/tools.py:87: &lt;py._xmlgen.raw object at 0x7f1ddf8186a0&gt;</skipped></testcase><testcase classname="src.pymortests.tools" file="src/pymortests/tools.py" line="87" name="test_vtkio[&lt;lambda&gt;21]" time="0.0004096031188964844"><skipped message="Suite splitting in effect" type="pytest.skip">src/pymortests/tools.py:87: &lt;py._xmlgen.raw object at 0x7f1dd4627358&gt;</skipped></testcase><testcase classname="src.pymortests.tools" file="src/pymortests/tools.py" line="87" name="test_vtkio[&lt;lambda&gt;22]" time="0.0004696846008300781"><skipped message="Suite splitting in effect" type="pytest.skip">src/pymortests/tools.py:87: &lt;py._xmlgen.raw object at 0x7f1dd461e668&gt;</skipped></testcase><testcase classname="src.pymortests.tools" file="src/pymortests/tools.py" line="87" name="test_vtkio[&lt;lambda&gt;23]" time="0.0007245540618896484"><skipped message="Suite splitting in effect" type="pytest.skip">src/pymortests/tools.py:87: &lt;py._xmlgen.raw object at 0x7f1dd45ca4e0&gt;</skipped></testcase><testcase classname="src.pymortests.tools.TestTiming" file="src/pymortests/tools.py" line="102" name="testTimingContext" time="0.0004544258117675781"><skipped message="Suite splitting in effect" type="pytest.skip">src/pymortests/tools.py:102: &lt;py._xmlgen.raw object at 0x7f1dd4664f28&gt;</skipped></testcase><testcase classname="src.pymortests.tools.TestTiming" file="src/pymortests/tools.py" line="112" name="testTimingDecorator" time="0.00043082237243652344"><skipped message="Suite splitting in effect" type="pytest.skip">src/pymortests/tools.py:112: &lt;py._xmlgen.raw object at 0x7f1dde7d4be0&gt;</skipped></testcase><testcase classname="src.pymortests.tools.TestTiming" file="src/pymortests/tools.py" line="115" name="testTiming" time="0.0004248619079589844"><skipped message="Suite splitting in effect" type="pytest.skip">src/pymortests/tools.py:115: &lt;py._xmlgen.raw object at 0x7f1ddf842ac8&gt;</skipped></testcase><testcase classname="src.pymortests.tools" file="src/pymortests/tools.py" line="123" name="testDeprecated" time="0.0004146099090576172"><skipped message="Suite splitting in effect" type="pytest.skip">src/pymortests/tools.py:123: &lt;py._xmlgen.raw object at 0x7f1dd4635080&gt;</skipped></testcase><testcase classname="src.pymortests.vectorarray" file="src/pymortests/vectorarray.py" line="152" name="test_empty[0-&lt;lambda&gt;0]" time="0.0004687309265136719"><skipped message="Suite splitting in effect" type="pytest.skip">src/pymortests/vectorarray.py:152: &lt;py._xmlgen.raw object at 0x7f1dd45bf748&gt;</skipped></testcase><testcase classname="src.pymortests.vectorarray" file="src/pymortests/vectorarray.py" line="152" name="test_empty[0-&lt;lambda&gt;1]" time="0.00041794776916503906"><skipped message="Suite splitting in effect" type="pytest.skip">src/pymortests/vectorarray.py:152: &lt;py._xmlgen.raw object at 0x7f1dd45bfd30&gt;</skipped></testcase><testcase classname="src.pymortests.vectorarray" file="src/pymortests/vectorarray.py" line="152" name="test_empty[0-&lt;lambda&gt;2]" time="0.0004305839538574219"><skipped message="Suite splitting in effect" type="pytest.skip">src/pymortests/vectorarray.py:152: &lt;py._xmlgen.raw object at 0x7f1dd45ca400&gt;</skipped></testcase><testcase classname="src.pymortests.vectorarray" file="src/pymortests/vectorarray.py" line="152" name="test_empty[0-&lt;lambda&gt;3]" time="0.00072479248046875"><skipped message="Suite splitting in effect" type="pytest.skip">src/pymortests/vectorarray.py:152: &lt;py._xmlgen.raw object at 0x7f1dd45cab38&gt;</skipped></testcase><testcase classname="src.pymortests.vectorarray" file="src/pymortests/vectorarray.py" line="152" name="test_empty[0-&lt;lambda&gt;4]" time="0.00043082237243652344"><skipped message="Suite splitting in effect" type="pytest.skip">src/pymortests/vectorarray.py:152: &lt;py._xmlgen.raw object at 0x7f1dd45bf748&gt;</skipped></testcase><testcase classname="src.pymortests.vectorarray" file="src/pymortests/vectorarray.py" line="152" name="test_empty[0-&lt;lambda&gt;5]" time="0.0004055500030517578"><skipped message="Suite splitting in effect" type="pytest.skip">src/pymortests/vectorarray.py:152: &lt;py._xmlgen.raw object at 0x7f1dd4635b70&gt;</skipped></testcase><testcase classname="src.pymortests.vectorarray" file="src/pymortests/vectorarray.py" line="152" name="test_empty[0-&lt;lambda&gt;6]" time="0.00040793418884277344"><skipped message="Suite splitting in effect" type="pytest.skip">src/pymortests/vectorarray.py:152: &lt;py._xmlgen.raw object at 0x7f1dde84e3c8&gt;</skipped></testcase><testcase classname="src.pymortests.vectorarray" file="src/pymortests/vectorarray.py" line="152" name="test_empty[0-&lt;lambda&gt;7]" time="0.0004723072052001953"><skipped message="Suite splitting in effect" type="pytest.skip">src/pymortests/vectorarray.py:152: &lt;py._xmlgen.raw object at 0x7f1dde7d45c0&gt;</skipped></testcase><testcase classname="src.pymortests.vectorarray" file="src/pymortests/vectorarray.py" line="152" name="test_empty[0-&lt;lambda&gt;8]" time="0.0004341602325439453"><skipped message="Suite splitting in effect" type="pytest.skip">src/pymortests/vectorarray.py:152: &lt;py._xmlgen.raw object at 0x7f1dd461e9b0&gt;</skipped></testcase><testcase classname="src.pymortests.vectorarray" file="src/pymortests/vectorarray.py" line="152" name="test_empty[0-&lt;lambda&gt;9]" time="0.00041985511779785156"><skipped message="Suite splitting in effect" type="pytest.skip">src/pymortests/vectorarray.py:152: &lt;py._xmlgen.raw object at 0x7f1dd45ca860&gt;</skipped></testcase><testcase classname="src.pymortests.vectorarray" file="src/pymortests/vectorarray.py" line="152" name="test_empty[0-&lt;lambda&gt;10]" time="0.0004398822784423828"><skipped message="Suite splitting in effect" type="pytest.skip">src/pymortests/vectorarray.py:152: &lt;py._xmlgen.raw object at 0x7f1dd45ca2b0&gt;</skipped></testcase><testcase classname="src.pymortests.vectorarray" file="src/pymortests/vectorarray.py" line="152" name="test_empty[0-&lt;lambda&gt;11]" time="0.0007014274597167969"><skipped message="Suite splitting in effect" type="pytest.skip">src/pymortests/vectorarray.py:152: &lt;py._xmlgen.raw object at 0x7f1dd45d2198&gt;</skipped></testcase><testcase classname="src.pymortests.vectorarray" file="src/pymortests/vectorarray.py" line="152" name="test_empty[0-&lt;lambda&gt;12]" time="0.0004107952117919922"><skipped message="Suite splitting in effect" type="pytest.skip">src/pymortests/vectorarray.py:152: &lt;py._xmlgen.raw object at 0x7f1dd45ca2e8&gt;</skipped></testcase><testcase classname="src.pymortests.vectorarray" file="src/pymortests/vectorarray.py" line="152" name="test_empty[0-&lt;lambda&gt;13]" time="0.0004665851593017578"><skipped message="Suite splitting in effect" type="pytest.skip">src/pymortests/vectorarray.py:152: &lt;py._xmlgen.raw object at 0x7f1dd45cac50&gt;</skipped></testcase><testcase classname="src.pymortests.vectorarray" file="src/pymortests/vectorarray.py" line="152" name="test_empty[0-&lt;lambda&gt;14]" time="0.0004267692565917969"><skipped message="Suite splitting in effect" type="pytest.skip">src/pymortests/vectorarray.py:152: &lt;py._xmlgen.raw object at 0x7f1dd461e9e8&gt;</skipped></testcase><testcase classname="src.pymortests.vectorarray" file="src/pymortests/vectorarray.py" line="152" name="test_empty[0-&lt;lambda&gt;15]" time="0.0004477500915527344"><skipped message="Suite splitting in effect" type="pytest.skip">src/pymortests/vectorarray.py:152: &lt;py._xmlgen.raw object at 0x7f1dde84ecf8&gt;</skipped></testcase><testcase classname="src.pymortests.vectorarray" file="src/pymortests/vectorarray.py" line="152" name="test_empty[0-&lt;lambda&gt;16]" time="0.0004410743713378906"><skipped message="Suite splitting in effect" type="pytest.skip">src/pymortests/vectorarray.py:152: &lt;py._xmlgen.raw object at 0x7f1dd45f9b70&gt;</skipped></testcase><testcase classname="src.pymortests.vectorarray" file="src/pymortests/vectorarray.py" line="152" name="test_empty[0-&lt;lambda&gt;17]" time="0.00044608116149902344"><skipped message="Suite splitting in effect" type="pytest.skip">src/pymortests/vectorarray.py:152: &lt;py._xmlgen.raw object at 0x7f1dd45bf630&gt;</skipped></testcase><testcase classname="src.pymortests.vectorarray" file="src/pymortests/vectorarray.py" line="152" name="test_empty[0-&lt;lambda&gt;18]" time="0.0004444122314453125"><skipped message="Suite splitting in effect" type="pytest.skip">src/pymortests/vectorarray.py:152: &lt;py._xmlgen.raw object at 0x7f1dd45d2320&gt;</skipped></testcase><testcase classname="src.pymortests.vectorarray" file="src/pymortests/vectorarray.py" line="152" name="test_empty[0-&lt;lambda&gt;19]" time="0.0007650852203369141"><skipped message="Suite splitting in effect" type="pytest.skip">src/pymortests/vectorarray.py:152: &lt;py._xmlgen.raw object at 0x7f1dd45d27b8&gt;</skipped></testcase><testcase classname="src.pymortests.vectorarray" file="src/pymortests/vectorarray.py" line="152" name="test_empty[0-&lt;lambda&gt;20]" time="0.0004115104675292969"><skipped message="Suite splitting in effect" type="pytest.skip">src/pymortests/vectorarray.py:152: &lt;py._xmlgen.raw object at 0x7f1dd45bf780&gt;</skipped></testcase><testcase classname="src.pymortests.vectorarray" file="src/pymortests/vectorarray.py" line="152" name="test_empty[0-&lt;lambda&gt;21]" time="0.0004439353942871094"><skipped message="Suite splitting in effect" type="pytest.skip">src/pymortests/vectorarray.py:152: &lt;py._xmlgen.raw object at 0x7f1ddf842278&gt;</skipped></testcase><testcase classname="src.pymortests.vectorarray" file="src/pymortests/vectorarray.py" line="152" name="test_empty[0-&lt;lambda&gt;22]" time="0.0004246234893798828"><skipped message="Suite splitting in effect" type="pytest.skip">src/pymortests/vectorarray.py:152: &lt;py._xmlgen.raw object at 0x7f1ddf803f60&gt;</skipped></testcase><testcase classname="src.pymortests.vectorarray" file="src/pymortests/vectorarray.py" line="152" name="test_empty[0-&lt;lambda&gt;23]" time="0.0004646778106689453"><skipped message="Suite splitting in effect" type="pytest.skip">src/pymortests/vectorarray.py:152: &lt;py._xmlgen.raw object at 0x7f1dd45cac88&gt;</skipped></testcase><testcase classname="src.pymortests.vectorarray" file="src/pymortests/vectorarray.py" line="152" name="test_empty[0-&lt;lambda&gt;24]" time="0.0004138946533203125"><skipped message="Suite splitting in effect" type="pytest.skip">src/pymortests/vectorarray.py:152: &lt;py._xmlgen.raw object at 0x7f1dd45cae80&gt;</skipped></testcase><testcase classname="src.pymortests.vectorarray" file="src/pymortests/vectorarray.py" line="152" name="test_empty[0-&lt;lambda&gt;25]" time="0.00043463706970214844"><skipped message="Suite splitting in effect" type="pytest.skip">src/pymortests/vectorarray.py:152: &lt;py._xmlgen.raw object at 0x7f1ddf8455f8&gt;</skipped></testcase><testcase classname="src.pymortests.vectorarray" file="src/pymortests/vectorarray.py" line="152" name="test_empty[0-&lt;lambda&gt;26]" time="0.00042819976806640625"><skipped message="Suite splitting in effect" type="pytest.skip">src/pymortests/vectorarray.py:152: &lt;py._xmlgen.raw object at 0x7f1dd45d2048&gt;</skipped></testcase><testcase classname="src.pymortests.vectorarray" file="src/pymortests/vectorarray.py" line="152" name="test_empty[1-&lt;lambda&gt;0]" time="0.00070953369140625"><skipped message="Suite splitting in effect" type="pytest.skip">src/pymortests/vectorarray.py:152: &lt;py._xmlgen.raw object at 0x7f1dd45d2dd8&gt;</skipped></testcase><testcase classname="src.pymortests.vectorarray" file="src/pymortests/vectorarray.py" line="152" name="test_empty[1-&lt;lambda&gt;1]" time="0.00041031837463378906"><skipped message="Suite splitting in effect" type="pytest.skip">src/pymortests/vectorarray.py:152: &lt;py._xmlgen.raw object at 0x7f1dd461e9e8&gt;</skipped></testcase><testcase classname="src.pymortests.vectorarray" file="src/pymortests/vectorarray.py" line="152" name="test_empty[1-&lt;lambda&gt;2]" time="0.00040411949157714844"><skipped message="Suite splitting in effect" type="pytest.skip">src/pymortests/vectorarray.py:152: &lt;py._xmlgen.raw object at 0x7f1dd45ca908&gt;</skipped></testcase><testcase classname="src.pymortests.vectorarray" file="src/pymortests/vectorarray.py" line="152" name="test_empty[1-&lt;lambda&gt;3]" time="0.00041675567626953125"><skipped message="Suite splitting in effect" type="pytest.skip">src/pymortests/vectorarray.py:152: &lt;py._xmlgen.raw object at 0x7f1dd4611eb8&gt;</skipped></testcase><testcase classname="src.pymortests.vectorarray" file="src/pymortests/vectorarray.py" line="152" name="test_empty[1-&lt;lambda&gt;4]" time="0.00045013427734375"><skipped message="Suite splitting in effect" type="pytest.skip">src/pymortests/vectorarray.py:152: &lt;py._xmlgen.raw object at 0x7f1dd46352e8&gt;</skipped></testcase><testcase classname="src.pymortests.vectorarray" file="src/pymortests/vectorarray.py" line="152" name="test_empty[1-&lt;lambda&gt;5]" time="0.0004417896270751953"><skipped message="Suite splitting in effect" type="pytest.skip">src/pymortests/vectorarray.py:152: &lt;py._xmlgen.raw object at 0x7f1dd45bf550&gt;</skipped></testcase><testcase classname="src.pymortests.vectorarray" file="src/pymortests/vectorarray.py" line="152" name="test_empty[1-&lt;lambda&gt;6]" time="0.0004391670227050781"><skipped message="Suite splitting in effect" type="pytest.skip">src/pymortests/vectorarray.py:152: &lt;py._xmlgen.raw object at 0x7f1dd45d2a90&gt;</skipped></testcase><testcase classname="src.pymortests.vectorarray" file="src/pymortests/vectorarray.py" line="152" name="test_empty[1-&lt;lambda&gt;7]" time="0.0004367828369140625"><skipped message="Suite splitting in effect" type="pytest.skip">src/pymortests/vectorarray.py:152: &lt;py._xmlgen.raw object at 0x7f1dd45d26d8&gt;</skipped></testcase><testcase classname="src.pymortests.vectorarray" file="src/pymortests/vectorarray.py" line="152" name="test_empty[1-&lt;lambda&gt;8]" time="0.001033782958984375"><skipped message="Suite splitting in effect" type="pytest.skip">src/pymortests/vectorarray.py:152: &lt;py._xmlgen.raw object at 0x7f1dd45dc438&gt;</skipped></testcase><testcase classname="src.pymortests.vectorarray" file="src/pymortests/vectorarray.py" line="152" name="test_empty[1-&lt;lambda&gt;9]" time="0.0004425048828125"><skipped message="Suite splitting in effect" type="pytest.skip">src/pymortests/vectorarray.py:152: &lt;py._xmlgen.raw object at 0x7f1dde84e390&gt;</skipped></testcase><testcase classname="src.pymortests.vectorarray" file="src/pymortests/vectorarray.py" line="152" name="test_empty[1-&lt;lambda&gt;10]" time="0.0004298686981201172"><skipped message="Suite splitting in effect" type="pytest.skip">src/pymortests/vectorarray.py:152: &lt;py._xmlgen.raw object at 0x7f1dde80f160&gt;</skipped></testcase><testcase classname="src.pymortests.vectorarray" file="src/pymortests/vectorarray.py" line="152" name="test_empty[1-&lt;lambda&gt;11]" time="0.0004258155822753906"><skipped message="Suite splitting in effect" type="pytest.skip">src/pymortests/vectorarray.py:152: &lt;py._xmlgen.raw object at 0x7f1dd45d2898&gt;</skipped></testcase><testcase classname="src.pymortests.vectorarray" file="src/pymortests/vectorarray.py" line="152" name="test_empty[1-&lt;lambda&gt;12]" time="0.0004899501800537109"><skipped message="Suite splitting in effect" type="pytest.skip">src/pymortests/vectorarray.py:152: &lt;py._xmlgen.raw object at 0x7f1dd45d2e10&gt;</skipped></testcase><testcase classname="src.pymortests.vectorarray" file="src/pymortests/vectorarray.py" line="152" name="test_empty[1-&lt;lambda&gt;13]" time="0.0004241466522216797"><skipped message="Suite splitting in effect" type="pytest.skip">src/pymortests/vectorarray.py:152: &lt;py._xmlgen.raw object at 0x7f1dd45caf60&gt;</skipped></testcase><testcase classname="src.pymortests.vectorarray" file="src/pymortests/vectorarray.py" line="152" name="test_empty[1-&lt;lambda&gt;14]" time="0.0004475116729736328"><skipped message="Suite splitting in effect" type="pytest.skip">src/pymortests/vectorarray.py:152: &lt;py._xmlgen.raw object at 0x7f1dd45bf438&gt;</skipped></testcase><testcase classname="src.pymortests.vectorarray" file="src/pymortests/vectorarray.py" line="152" name="test_empty[1-&lt;lambda&gt;15]" time="0.00043010711669921875"><skipped message="Suite splitting in effect" type="pytest.skip">src/pymortests/vectorarray.py:152: &lt;py._xmlgen.raw object at 0x7f1dd4627ef0&gt;</skipped></testcase><testcase classname="src.pymortests.vectorarray" file="src/pymortests/vectorarray.py" line="152" name="test_empty[1-&lt;lambda&gt;16]" time="0.0004184246063232422"><skipped message="Suite splitting in effect" type="pytest.skip">src/pymortests/vectorarray.py:152: &lt;py._xmlgen.raw object at 0x7f1dd46355c0&gt;</skipped></testcase><testcase classname="src.pymortests.vectorarray" file="src/pymortests/vectorarray.py" line="152" name="test_empty[1-&lt;lambda&gt;17]" time="0.0006964206695556641"><skipped message="Suite splitting in effect" type="pytest.skip">src/pymortests/vectorarray.py:152: &lt;py._xmlgen.raw object at 0x7f1dd46358d0&gt;</skipped></testcase><testcase classname="src.pymortests.vectorarray" file="src/pymortests/vectorarray.py" line="152" name="test_empty[1-&lt;lambda&gt;18]" time="0.00044727325439453125"><skipped message="Suite splitting in effect" type="pytest.skip">src/pymortests/vectorarray.py:152: &lt;py._xmlgen.raw object at 0x7f1dd45bf438&gt;</skipped></testcase><testcase classname="src.pymortests.vectorarray" file="src/pymortests/vectorarray.py" line="152" name="test_empty[1-&lt;lambda&gt;19]" time="0.0004279613494873047"><skipped message="Suite splitting in effect" type="pytest.skip">src/pymortests/vectorarray.py:152: &lt;py._xmlgen.raw object at 0x7f1dd45caf28&gt;</skipped></testcase><testcase classname="src.pymortests.vectorarray" file="src/pymortests/vectorarray.py" line="152" name="test_empty[1-&lt;lambda&gt;20]" time="0.0004322528839111328"><skipped message="Suite splitting in effect" type="pytest.skip">src/pymortests/vectorarray.py:152: &lt;py._xmlgen.raw object at 0x7f1dd45d2390&gt;</skipped></testcase><testcase classname="src.pymortests.vectorarray" file="src/pymortests/vectorarray.py" line="152" name="test_empty[1-&lt;lambda&gt;21]" time="0.0004291534423828125"><skipped message="Suite splitting in effect" type="pytest.skip">src/pymortests/vectorarray.py:152: &lt;py._xmlgen.raw object at 0x7f1dde7a2f28&gt;</skipped></testcase><testcase classname="src.pymortests.vectorarray" file="src/pymortests/vectorarray.py" line="152" name="test_empty[1-&lt;lambda&gt;22]" time="0.0004181861877441406"><skipped message="Suite splitting in effect" type="pytest.skip">src/pymortests/vectorarray.py:152: &lt;py._xmlgen.raw object at 0x7f1dde84e390&gt;</skipped></testcase><testcase classname="src.pymortests.vectorarray" file="src/pymortests/vectorarray.py" line="152" name="test_empty[1-&lt;lambda&gt;23]" time="0.000461578369140625"><skipped message="Suite splitting in effect" type="pytest.skip">src/pymortests/vectorarray.py:152: &lt;py._xmlgen.raw object at 0x7f1dde815550&gt;</skipped></testcase><testcase classname="src.pymortests.vectorarray" file="src/pymortests/vectorarray.py" line="152" name="test_empty[1-&lt;lambda&gt;24]" time="0.00044345855712890625"><skipped message="Suite splitting in effect" type="pytest.skip">src/pymortests/vectorarray.py:152: &lt;py._xmlgen.raw object at 0x7f1dd46ec550&gt;</skipped></testcase><testcase classname="src.pymortests.vectorarray" file="src/pymortests/vectorarray.py" line="152" name="test_empty[1-&lt;lambda&gt;25]" time="0.0007257461547851562"><skipped message="Suite splitting in effect" type="pytest.skip">src/pymortests/vectorarray.py:152: &lt;py._xmlgen.raw object at 0x7f1dd46ec550&gt;</skipped></testcase><testcase classname="src.pymortests.vectorarray" file="src/pymortests/vectorarray.py" line="152" name="test_empty[1-&lt;lambda&gt;26]" time="0.00044226646423339844"><skipped message="Suite splitting in effect" type="pytest.skip">src/pymortests/vectorarray.py:152: &lt;py._xmlgen.raw object at 0x7f1dde8150b8&gt;</skipped></testcase><testcase classname="src.pymortests.vectorarray" file="src/pymortests/vectorarray.py" line="152" name="test_empty[2-&lt;lambda&gt;0]" time="0.00045561790466308594"><skipped message="Suite splitting in effect" type="pytest.skip">src/pymortests/vectorarray.py:152: &lt;py._xmlgen.raw object at 0x7f1dde80fd30&gt;</skipped></testcase><testcase classname="src.pymortests.vectorarray" file="src/pymortests/vectorarray.py" line="152" name="test_empty[2-&lt;lambda&gt;1]" time="0.0004942417144775391"><skipped message="Suite splitting in effect" type="pytest.skip">src/pymortests/vectorarray.py:152: &lt;py._xmlgen.raw object at 0x7f1dd45d2c88&gt;</skipped></testcase><testcase classname="src.pymortests.vectorarray" file="src/pymortests/vectorarray.py" line="152" name="test_empty[2-&lt;lambda&gt;2]" time="0.0004374980926513672"><skipped message="Suite splitting in effect" type="pytest.skip">src/pymortests/vectorarray.py:152: &lt;py._xmlgen.raw object at 0x7f1dd45d2b38&gt;</skipped></testcase><testcase classname="src.pymortests.vectorarray" file="src/pymortests/vectorarray.py" line="152" name="test_empty[2-&lt;lambda&gt;3]" time="0.0004756450653076172"><skipped message="Suite splitting in effect" type="pytest.skip">src/pymortests/vectorarray.py:152: &lt;py._xmlgen.raw object at 0x7f1dd45cae80&gt;</skipped></testcase><testcase classname="src.pymortests.vectorarray" file="src/pymortests/vectorarray.py" line="152" name="test_empty[2-&lt;lambda&gt;4]" time="0.000431060791015625"><skipped message="Suite splitting in effect" type="pytest.skip">src/pymortests/vectorarray.py:152: &lt;py._xmlgen.raw object at 0x7f1dd4627978&gt;</skipped></testcase><testcase classname="src.pymortests.vectorarray" file="src/pymortests/vectorarray.py" line="152" name="test_empty[2-&lt;lambda&gt;5]" time="0.0004181861877441406"><skipped message="Suite splitting in effect" type="pytest.skip">src/pymortests/vectorarray.py:152: &lt;py._xmlgen.raw object at 0x7f1dd45dc358&gt;</skipped></testcase><testcase classname="src.pymortests.vectorarray" file="src/pymortests/vectorarray.py" line="152" name="test_empty[2-&lt;lambda&gt;6]" time="0.0007538795471191406"><skipped message="Suite splitting in effect" type="pytest.skip">src/pymortests/vectorarray.py:152: &lt;py._xmlgen.raw object at 0x7f1dd45dcb00&gt;</skipped></testcase><testcase classname="src.pymortests.vectorarray" file="src/pymortests/vectorarray.py" line="152" name="test_empty[2-&lt;lambda&gt;7]" time="0.0004432201385498047"><skipped message="Suite splitting in effect" type="pytest.skip">src/pymortests/vectorarray.py:152: &lt;py._xmlgen.raw object at 0x7f1dd45ca940&gt;</skipped></testcase><testcase classname="src.pymortests.vectorarray" file="src/pymortests/vectorarray.py" line="152" name="test_empty[2-&lt;lambda&gt;8]" time="0.0004525184631347656"><skipped message="Suite splitting in effect" type="pytest.skip">src/pymortests/vectorarray.py:152: &lt;py._xmlgen.raw object at 0x7f1dde7a2128&gt;</skipped></testcase><testcase classname="src.pymortests.vectorarray" file="src/pymortests/vectorarray.py" line="152" name="test_empty[2-&lt;lambda&gt;9]" time="0.000438690185546875"><skipped message="Suite splitting in effect" type="pytest.skip">src/pymortests/vectorarray.py:152: &lt;py._xmlgen.raw object at 0x7f1dd45d2c88&gt;</skipped></testcase><testcase classname="src.pymortests.vectorarray" file="src/pymortests/vectorarray.py" line="152" name="test_empty[2-&lt;lambda&gt;10]" time="0.0004324913024902344"><skipped message="Suite splitting in effect" type="pytest.skip">src/pymortests/vectorarray.py:152: &lt;py._xmlgen.raw object at 0x7f1dde80fd30&gt;</skipped></testcase><testcase classname="src.pymortests.vectorarray" file="src/pymortests/vectorarray.py" line="152" name="test_empty[2-&lt;lambda&gt;11]" time="0.00042176246643066406"><skipped message="Suite splitting in effect" type="pytest.skip">src/pymortests/vectorarray.py:152: &lt;py._xmlgen.raw object at 0x7f1dde815a90&gt;</skipped></testcase><testcase classname="src.pymortests.vectorarray" file="src/pymortests/vectorarray.py" line="152" name="test_empty[2-&lt;lambda&gt;12]" time="0.0004570484161376953"><skipped message="Suite splitting in effect" type="pytest.skip">src/pymortests/vectorarray.py:152: &lt;py._xmlgen.raw object at 0x7f1dd45dc588&gt;</skipped></testcase><testcase classname="src.pymortests.vectorarray" file="src/pymortests/vectorarray.py" line="152" name="test_empty[2-&lt;lambda&gt;13]" time="0.00042510032653808594"><skipped message="Suite splitting in effect" type="pytest.skip">src/pymortests/vectorarray.py:152: &lt;py._xmlgen.raw object at 0x7f1dd45dc240&gt;</skipped></testcase><testcase classname="src.pymortests.vectorarray" file="src/pymortests/vectorarray.py" line="152" name="test_empty[2-&lt;lambda&gt;14]" time="0.0007536411285400391"><skipped message="Suite splitting in effect" type="pytest.skip">src/pymortests/vectorarray.py:152: &lt;py._xmlgen.raw object at 0x7f1dd45ec080&gt;</skipped></testcase><testcase classname="src.pymortests.vectorarray" file="src/pymortests/vectorarray.py" line="152" name="test_empty[2-&lt;lambda&gt;15]" time="0.0004336833953857422"><skipped message="Suite splitting in effect" type="pytest.skip">src/pymortests/vectorarray.py:152: &lt;py._xmlgen.raw object at 0x7f1dd45dc208&gt;</skipped></testcase><testcase classname="src.pymortests.vectorarray" file="src/pymortests/vectorarray.py" line="152" name="test_empty[2-&lt;lambda&gt;16]" time="0.0004544258117675781"><skipped message="Suite splitting in effect" type="pytest.skip">src/pymortests/vectorarray.py:152: &lt;py._xmlgen.raw object at 0x7f1ddfa8df60&gt;</skipped></testcase><testcase classname="src.pymortests.vectorarray" file="src/pymortests/vectorarray.py" line="152" name="test_empty[2-&lt;lambda&gt;17]" time="0.00042748451232910156"><skipped message="Suite splitting in effect" type="pytest.skip">src/pymortests/vectorarray.py:152: &lt;py._xmlgen.raw object at 0x7f1dde815e80&gt;</skipped></testcase><testcase classname="src.pymortests.vectorarray" file="src/pymortests/vectorarray.py" line="152" name="test_empty[2-&lt;lambda&gt;18]" time="0.0004305839538574219"><skipped message="Suite splitting in effect" type="pytest.skip">src/pymortests/vectorarray.py:152: &lt;py._xmlgen.raw object at 0x7f1dd45d2588&gt;</skipped></testcase><testcase classname="src.pymortests.vectorarray" file="src/pymortests/vectorarray.py" line="152" name="test_empty[2-&lt;lambda&gt;19]" time="0.0004169940948486328"><skipped message="Suite splitting in effect" type="pytest.skip">src/pymortests/vectorarray.py:152: &lt;py._xmlgen.raw object at 0x7f1dd45ca978&gt;</skipped></testcase><testcase classname="src.pymortests.vectorarray" file="src/pymortests/vectorarray.py" line="152" name="test_empty[2-&lt;lambda&gt;20]" time="0.0004444122314453125"><skipped message="Suite splitting in effect" type="pytest.skip">src/pymortests/vectorarray.py:152: &lt;py._xmlgen.raw object at 0x7f1dde8402b0&gt;</skipped></testcase><testcase classname="src.pymortests.vectorarray" file="src/pymortests/vectorarray.py" line="152" name="test_empty[2-&lt;lambda&gt;21]" time="0.00041174888610839844"><skipped message="Suite splitting in effect" type="pytest.skip">src/pymortests/vectorarray.py:152: &lt;py._xmlgen.raw object at 0x7f1dd45ec198&gt;</skipped></testcase><testcase classname="src.pymortests.vectorarray" file="src/pymortests/vectorarray.py" line="152" name="test_empty[2-&lt;lambda&gt;22]" time="0.0007593631744384766"><skipped message="Suite splitting in effect" type="pytest.skip">src/pymortests/vectorarray.py:152: &lt;py._xmlgen.raw object at 0x7f1dd45ec6a0&gt;</skipped></testcase><testcase classname="src.pymortests.vectorarray" file="src/pymortests/vectorarray.py" line="152" name="test_empty[2-&lt;lambda&gt;23]" time="0.00044989585876464844"><skipped message="Suite splitting in effect" type="pytest.skip">src/pymortests/vectorarray.py:152: &lt;py._xmlgen.raw object at 0x7f1dde8407f0&gt;</skipped></testcase><testcase classname="src.pymortests.vectorarray" file="src/pymortests/vectorarray.py" line="152" name="test_empty[2-&lt;lambda&gt;24]" time="0.0004551410675048828"><skipped message="Suite splitting in effect" type="pytest.skip">src/pymortests/vectorarray.py:152: &lt;py._xmlgen.raw object at 0x7f1dde84ecf8&gt;</skipped></testcase><testcase classname="src.pymortests.vectorarray" file="src/pymortests/vectorarray.py" line="152" name="test_empty[2-&lt;lambda&gt;25]" time="0.0004239082336425781"><skipped message="Suite splitting in effect" type="pytest.skip">src/pymortests/vectorarray.py:152: &lt;py._xmlgen.raw object at 0x7f1dd45d2c88&gt;</skipped></testcase><testcase classname="src.pymortests.vectorarray" file="src/pymortests/vectorarray.py" line="152" name="test_empty[2-&lt;lambda&gt;26]" time="0.0005600452423095703"><skipped message="Suite splitting in effect" type="pytest.skip">src/pymortests/vectorarray.py:152: &lt;py._xmlgen.raw object at 0x7f1dde815550&gt;</skipped></testcase><testcase classname="src.pymortests.vectorarray" file="src/pymortests/vectorarray.py" line="165" name="test_zeros[0-&lt;lambda&gt;0]" time="0.00041103363037109375"><skipped message="Suite splitting in effect" type="pytest.skip">src/pymortests/vectorarray.py:165: &lt;py._xmlgen.raw object at 0x7f1dd45dc128&gt;</skipped></testcase><testcase classname="src.pymortests.vectorarray" file="src/pymortests/vectorarray.py" line="165" name="test_zeros[0-&lt;lambda&gt;1]" time="0.0004215240478515625"><skipped message="Suite splitting in effect" type="pytest.skip">src/pymortests/vectorarray.py:165: &lt;py._xmlgen.raw object at 0x7f1dd45dcf28&gt;</skipped></testcase><testcase classname="src.pymortests.vectorarray" file="src/pymortests/vectorarray.py" line="165" name="test_zeros[0-&lt;lambda&gt;2]" time="0.0004265308380126953"><skipped message="Suite splitting in effect" type="pytest.skip">src/pymortests/vectorarray.py:165: &lt;py._xmlgen.raw object at 0x7f1dd45ec160&gt;</skipped></testcase><testcase classname="src.pymortests.vectorarray" file="src/pymortests/vectorarray.py" line="165" name="test_zeros[0-&lt;lambda&gt;3]" time="0.0007646083831787109"><skipped message="Suite splitting in effect" type="pytest.skip">src/pymortests/vectorarray.py:165: &lt;py._xmlgen.raw object at 0x7f1dd45eccc0&gt;</skipped></testcase><testcase classname="src.pymortests.vectorarray" file="src/pymortests/vectorarray.py" line="165" name="test_zeros[0-&lt;lambda&gt;4]" time="0.00046253204345703125"><skipped message="Suite splitting in effect" type="pytest.skip">src/pymortests/vectorarray.py:165: &lt;py._xmlgen.raw object at 0x7f1dd45dcda0&gt;</skipped></testcase><testcase classname="src.pymortests.vectorarray" file="src/pymortests/vectorarray.py" line="165" name="test_zeros[0-&lt;lambda&gt;5]" time="0.00044226646423339844"><skipped message="Suite splitting in effect" type="pytest.skip">src/pymortests/vectorarray.py:165: &lt;py._xmlgen.raw object at 0x7f1dd4670550&gt;</skipped></testcase><testcase classname="src.pymortests.vectorarray" file="src/pymortests/vectorarray.py" line="165" name="test_zeros[0-&lt;lambda&gt;6]" time="0.0004227161407470703"><skipped message="Suite splitting in effect" type="pytest.skip">src/pymortests/vectorarray.py:165: &lt;py._xmlgen.raw object at 0x7f1dd45d2f28&gt;</skipped></testcase><testcase classname="src.pymortests.vectorarray" file="src/pymortests/vectorarray.py" line="165" name="test_zeros[0-&lt;lambda&gt;7]" time="0.00041961669921875"><skipped message="Suite splitting in effect" type="pytest.skip">src/pymortests/vectorarray.py:165: &lt;py._xmlgen.raw object at 0x7f1dd45ca400&gt;</skipped></testcase><testcase classname="src.pymortests.vectorarray" file="src/pymortests/vectorarray.py" line="165" name="test_zeros[0-&lt;lambda&gt;8]" time="0.00041961669921875"><skipped message="Suite splitting in effect" type="pytest.skip">src/pymortests/vectorarray.py:165: &lt;py._xmlgen.raw object at 0x7f1dd4627860&gt;</skipped></testcase><testcase classname="src.pymortests.vectorarray" file="src/pymortests/vectorarray.py" line="165" name="test_zeros[0-&lt;lambda&gt;9]" time="0.00043129920959472656"><skipped message="Suite splitting in effect" type="pytest.skip">src/pymortests/vectorarray.py:165: &lt;py._xmlgen.raw object at 0x7f1dd45ec198&gt;</skipped></testcase><testcase classname="src.pymortests.vectorarray" file="src/pymortests/vectorarray.py" line="165" name="test_zeros[0-&lt;lambda&gt;10]" time="0.00041031837463378906"><skipped message="Suite splitting in effect" type="pytest.skip">src/pymortests/vectorarray.py:165: &lt;py._xmlgen.raw object at 0x7f1dd45ec550&gt;</skipped></testcase><testcase classname="src.pymortests.vectorarray" file="src/pymortests/vectorarray.py" line="165" name="test_zeros[0-&lt;lambda&gt;11]" time="0.0007309913635253906"><skipped message="Suite splitting in effect" type="pytest.skip">src/pymortests/vectorarray.py:165: &lt;py._xmlgen.raw object at 0x7f1dd45f7320&gt;</skipped></testcase><testcase classname="src.pymortests.vectorarray" file="src/pymortests/vectorarray.py" line="165" name="test_zeros[0-&lt;lambda&gt;12]" time="0.00042057037353515625"><skipped message="Suite splitting in effect" type="pytest.skip">src/pymortests/vectorarray.py:165: &lt;py._xmlgen.raw object at 0x7f1dd45ecba8&gt;</skipped></testcase><testcase classname="src.pymortests.vectorarray" file="src/pymortests/vectorarray.py" line="165" name="test_zeros[0-&lt;lambda&gt;13]" time="0.00041747093200683594"><skipped message="Suite splitting in effect" type="pytest.skip">src/pymortests/vectorarray.py:165: &lt;py._xmlgen.raw object at 0x7f1ddf845550&gt;</skipped></testcase><testcase classname="src.pymortests.vectorarray" file="src/pymortests/vectorarray.py" line="165" name="test_zeros[0-&lt;lambda&gt;14]" time="0.00042819976806640625"><skipped message="Suite splitting in effect" type="pytest.skip">src/pymortests/vectorarray.py:165: &lt;py._xmlgen.raw object at 0x7f1dd45ca400&gt;</skipped></testcase><testcase classname="src.pymortests.vectorarray" file="src/pymortests/vectorarray.py" line="165" name="test_zeros[0-&lt;lambda&gt;15]" time="0.0004086494445800781"><skipped message="Suite splitting in effect" type="pytest.skip">src/pymortests/vectorarray.py:165: &lt;py._xmlgen.raw object at 0x7f1dd45d2240&gt;</skipped></testcase><testcase classname="src.pymortests.vectorarray" file="src/pymortests/vectorarray.py" line="165" name="test_zeros[0-&lt;lambda&gt;16]" time="0.00043702125549316406"><skipped message="Suite splitting in effect" type="pytest.skip">src/pymortests/vectorarray.py:165: &lt;py._xmlgen.raw object at 0x7f1dd45dc4e0&gt;</skipped></testcase><testcase classname="src.pymortests.vectorarray" file="src/pymortests/vectorarray.py" line="165" name="test_zeros[0-&lt;lambda&gt;17]" time="0.0004305839538574219"><skipped message="Suite splitting in effect" type="pytest.skip">src/pymortests/vectorarray.py:165: &lt;py._xmlgen.raw object at 0x7f1dde843cc0&gt;</skipped></testcase><testcase classname="src.pymortests.vectorarray" file="src/pymortests/vectorarray.py" line="165" name="test_zeros[0-&lt;lambda&gt;18]" time="0.0004584789276123047"><skipped message="Suite splitting in effect" type="pytest.skip">src/pymortests/vectorarray.py:165: &lt;py._xmlgen.raw object at 0x7f1dd45f7198&gt;</skipped></testcase><testcase classname="src.pymortests.vectorarray" file="src/pymortests/vectorarray.py" line="165" name="test_zeros[0-&lt;lambda&gt;19]" time="0.0007398128509521484"><skipped message="Suite splitting in effect" type="pytest.skip">src/pymortests/vectorarray.py:165: &lt;py._xmlgen.raw object at 0x7f1dd45f7940&gt;</skipped></testcase><testcase classname="src.pymortests.vectorarray" file="src/pymortests/vectorarray.py" line="165" name="test_zeros[0-&lt;lambda&gt;20]" time="0.00044417381286621094"><skipped message="Suite splitting in effect" type="pytest.skip">src/pymortests/vectorarray.py:165: &lt;py._xmlgen.raw object at 0x7f1dd45dc828&gt;</skipped></testcase><testcase classname="src.pymortests.vectorarray" file="src/pymortests/vectorarray.py" line="165" name="test_zeros[0-&lt;lambda&gt;21]" time="0.00045299530029296875"><skipped message="Suite splitting in effect" type="pytest.skip">src/pymortests/vectorarray.py:165: &lt;py._xmlgen.raw object at 0x7f1dde815e80&gt;</skipped></testcase><testcase classname="src.pymortests.vectorarray" file="src/pymortests/vectorarray.py" line="165" name="test_zeros[0-&lt;lambda&gt;22]" time="0.00045800209045410156"><skipped message="Suite splitting in effect" type="pytest.skip">src/pymortests/vectorarray.py:165: &lt;py._xmlgen.raw object at 0x7f1dde80f358&gt;</skipped></testcase><testcase classname="src.pymortests.vectorarray" file="src/pymortests/vectorarray.py" line="165" name="test_zeros[0-&lt;lambda&gt;23]" time="0.0004277229309082031"><skipped message="Suite splitting in effect" type="pytest.skip">src/pymortests/vectorarray.py:165: &lt;py._xmlgen.raw object at 0x7f1dde840d30&gt;</skipped></testcase><testcase classname="src.pymortests.vectorarray" file="src/pymortests/vectorarray.py" line="165" name="test_zeros[0-&lt;lambda&gt;24]" time="0.0004279613494873047"><skipped message="Suite splitting in effect" type="pytest.skip">src/pymortests/vectorarray.py:165: &lt;py._xmlgen.raw object at 0x7f1dd45ec198&gt;</skipped></testcase><testcase classname="src.pymortests.vectorarray" file="src/pymortests/vectorarray.py" line="165" name="test_zeros[0-&lt;lambda&gt;25]" time="0.00040531158447265625"><skipped message="Suite splitting in effect" type="pytest.skip">src/pymortests/vectorarray.py:165: &lt;py._xmlgen.raw object at 0x7f1dd45f7a58&gt;</skipped></testcase><testcase classname="src.pymortests.vectorarray" file="src/pymortests/vectorarray.py" line="165" name="test_zeros[0-&lt;lambda&gt;26]" time="0.00042366981506347656"><skipped message="Suite splitting in effect" type="pytest.skip">src/pymortests/vectorarray.py:165: &lt;py._xmlgen.raw object at 0x7f1dd45f7390&gt;</skipped></testcase><testcase classname="src.pymortests.vectorarray" file="src/pymortests/vectorarray.py" line="165" name="test_zeros[1-&lt;lambda&gt;0]" time="0.0007915496826171875"><skipped message="Suite splitting in effect" type="pytest.skip">src/pymortests/vectorarray.py:165: &lt;py._xmlgen.raw object at 0x7f1dd45f7f60&gt;</skipped></testcase><testcase classname="src.pymortests.vectorarray" file="src/pymortests/vectorarray.py" line="165" name="test_zeros[1-&lt;lambda&gt;1]" time="0.00044536590576171875"><skipped message="Suite splitting in effect" type="pytest.skip">src/pymortests/vectorarray.py:165: &lt;py._xmlgen.raw object at 0x7f1dd45f7710&gt;</skipped></testcase><testcase classname="src.pymortests.vectorarray" file="src/pymortests/vectorarray.py" line="165" name="test_zeros[1-&lt;lambda&gt;2]" time="0.00043082237243652344"><skipped message="Suite splitting in effect" type="pytest.skip">src/pymortests/vectorarray.py:165: &lt;py._xmlgen.raw object at 0x7f1dd45ec2b0&gt;</skipped></testcase><testcase classname="src.pymortests.vectorarray" file="src/pymortests/vectorarray.py" line="165" name="test_zeros[1-&lt;lambda&gt;3]" time="0.0004413127899169922"><skipped message="Suite splitting in effect" type="pytest.skip">src/pymortests/vectorarray.py:165: &lt;py._xmlgen.raw object at 0x7f1dd45bff28&gt;</skipped></testcase><testcase classname="src.pymortests.vectorarray" file="src/pymortests/vectorarray.py" line="165" name="test_zeros[1-&lt;lambda&gt;4]" time="0.00042724609375"><skipped message="Suite splitting in effect" type="pytest.skip">src/pymortests/vectorarray.py:165: &lt;py._xmlgen.raw object at 0x7f1dd45d27b8&gt;</skipped></testcase><testcase classname="src.pymortests.vectorarray" file="src/pymortests/vectorarray.py" line="165" name="test_zeros[1-&lt;lambda&gt;5]" time="0.0004324913024902344"><skipped message="Suite splitting in effect" type="pytest.skip">src/pymortests/vectorarray.py:165: &lt;py._xmlgen.raw object at 0x7f1dfa9f40b8&gt;</skipped></testcase><testcase classname="src.pymortests.vectorarray" file="src/pymortests/vectorarray.py" line="165" name="test_zeros[1-&lt;lambda&gt;6]" time="0.00044798851013183594"><skipped message="Suite splitting in effect" type="pytest.skip">src/pymortests/vectorarray.py:165: &lt;py._xmlgen.raw object at 0x7f1dde7b8828&gt;</skipped></testcase><testcase classname="src.pymortests.vectorarray" file="src/pymortests/vectorarray.py" line="165" name="test_zeros[1-&lt;lambda&gt;7]" time="0.00044035911560058594"><skipped message="Suite splitting in effect" type="pytest.skip">src/pymortests/vectorarray.py:165: &lt;py._xmlgen.raw object at 0x7f1dd4582080&gt;</skipped></testcase><testcase classname="src.pymortests.vectorarray" file="src/pymortests/vectorarray.py" line="165" name="test_zeros[1-&lt;lambda&gt;8]" time="0.0007007122039794922"><skipped message="Suite splitting in effect" type="pytest.skip">src/pymortests/vectorarray.py:165: &lt;py._xmlgen.raw object at 0x7f1dd45825c0&gt;</skipped></testcase><testcase classname="src.pymortests.vectorarray" file="src/pymortests/vectorarray.py" line="165" name="test_zeros[1-&lt;lambda&gt;9]" time="0.0004112720489501953"><skipped message="Suite splitting in effect" type="pytest.skip">src/pymortests/vectorarray.py:165: &lt;py._xmlgen.raw object at 0x7f1dd45dca20&gt;</skipped></testcase><testcase classname="src.pymortests.vectorarray" file="src/pymortests/vectorarray.py" line="165" name="test_zeros[1-&lt;lambda&gt;10]" time="0.0004456043243408203"><skipped message="Suite splitting in effect" type="pytest.skip">src/pymortests/vectorarray.py:165: &lt;py._xmlgen.raw object at 0x7f1dde815dd8&gt;</skipped></testcase><testcase classname="src.pymortests.vectorarray" file="src/pymortests/vectorarray.py" line="165" name="test_zeros[1-&lt;lambda&gt;11]" time="0.0004336833953857422"><skipped message="Suite splitting in effect" type="pytest.skip">src/pymortests/vectorarray.py:165: &lt;py._xmlgen.raw object at 0x7f1dde840358&gt;</skipped></testcase><testcase classname="src.pymortests.vectorarray" file="src/pymortests/vectorarray.py" line="165" name="test_zeros[1-&lt;lambda&gt;12]" time="0.0004391670227050781"><skipped message="Suite splitting in effect" type="pytest.skip">src/pymortests/vectorarray.py:165: &lt;py._xmlgen.raw object at 0x7f1dd45ecda0&gt;</skipped></testcase><testcase classname="src.pymortests.vectorarray" file="src/pymortests/vectorarray.py" line="165" name="test_zeros[1-&lt;lambda&gt;13]" time="0.00045418739318847656"><skipped message="Suite splitting in effect" type="pytest.skip">src/pymortests/vectorarray.py:165: &lt;py._xmlgen.raw object at 0x7f1dd45f7c88&gt;</skipped></testcase><testcase classname="src.pymortests.vectorarray" file="src/pymortests/vectorarray.py" line="165" name="test_zeros[1-&lt;lambda&gt;14]" time="0.0004239082336425781"><skipped message="Suite splitting in effect" type="pytest.skip">src/pymortests/vectorarray.py:165: &lt;py._xmlgen.raw object at 0x7f1dd45f74a8&gt;</skipped></testcase><testcase classname="src.pymortests.vectorarray" file="src/pymortests/vectorarray.py" line="165" name="test_zeros[1-&lt;lambda&gt;15]" time="0.0004134178161621094"><skipped message="Suite splitting in effect" type="pytest.skip">src/pymortests/vectorarray.py:165: &lt;py._xmlgen.raw object at 0x7f1dd4582240&gt;</skipped></testcase><testcase classname="src.pymortests.vectorarray" file="src/pymortests/vectorarray.py" line="165" name="test_zeros[1-&lt;lambda&gt;16]" time="0.0010776519775390625"><skipped message="Suite splitting in effect" type="pytest.skip">src/pymortests/vectorarray.py:165: &lt;py._xmlgen.raw object at 0x7f1dd4582be0&gt;</skipped></testcase><testcase classname="src.pymortests.vectorarray" file="src/pymortests/vectorarray.py" line="165" name="test_zeros[1-&lt;lambda&gt;17]" time="0.0004296302795410156"><skipped message="Suite splitting in effect" type="pytest.skip">src/pymortests/vectorarray.py:165: &lt;py._xmlgen.raw object at 0x7f1dd45f7160&gt;</skipped></testcase><testcase classname="src.pymortests.vectorarray" file="src/pymortests/vectorarray.py" line="165" name="test_zeros[1-&lt;lambda&gt;18]" time="0.0004296302795410156"><skipped message="Suite splitting in effect" type="pytest.skip">src/pymortests/vectorarray.py:165: &lt;py._xmlgen.raw object at 0x7f1dd45ec550&gt;</skipped></testcase><testcase classname="src.pymortests.vectorarray" file="src/pymortests/vectorarray.py" line="165" name="test_zeros[1-&lt;lambda&gt;19]" time="0.0004470348358154297"><skipped message="Suite splitting in effect" type="pytest.skip">src/pymortests/vectorarray.py:165: &lt;py._xmlgen.raw object at 0x7f1dde840550&gt;</skipped></testcase><testcase classname="src.pymortests.vectorarray" file="src/pymortests/vectorarray.py" line="165" name="test_zeros[1-&lt;lambda&gt;20]" time="0.0004200935363769531"><skipped message="Suite splitting in effect" type="pytest.skip">src/pymortests/vectorarray.py:165: &lt;py._xmlgen.raw object at 0x7f1dd45dcd30&gt;</skipped></testcase><testcase classname="src.pymortests.vectorarray" file="src/pymortests/vectorarray.py" line="165" name="test_zeros[1-&lt;lambda&gt;21]" time="0.0004420280456542969"><skipped message="Suite splitting in effect" type="pytest.skip">src/pymortests/vectorarray.py:165: &lt;py._xmlgen.raw object at 0x7f1dde7b82e8&gt;</skipped></testcase><testcase classname="src.pymortests.vectorarray" file="src/pymortests/vectorarray.py" line="165" name="test_zeros[1-&lt;lambda&gt;22]" time="0.00042319297790527344"><skipped message="Suite splitting in effect" type="pytest.skip">src/pymortests/vectorarray.py:165: &lt;py._xmlgen.raw object at 0x7f1dd45820b8&gt;</skipped></testcase><testcase classname="src.pymortests.vectorarray" file="src/pymortests/vectorarray.py" line="165" name="test_zeros[1-&lt;lambda&gt;23]" time="0.0004153251647949219"><skipped message="Suite splitting in effect" type="pytest.skip">src/pymortests/vectorarray.py:165: &lt;py._xmlgen.raw object at 0x7f1dd4582438&gt;</skipped></testcase><testcase classname="src.pymortests.vectorarray" file="src/pymortests/vectorarray.py" line="165" name="test_zeros[1-&lt;lambda&gt;24]" time="0.0009520053863525391"><skipped message="Suite splitting in effect" type="pytest.skip">src/pymortests/vectorarray.py:165: &lt;py._xmlgen.raw object at 0x7f1dd458b240&gt;</skipped></testcase><testcase classname="src.pymortests.vectorarray" file="src/pymortests/vectorarray.py" line="165" name="test_zeros[1-&lt;lambda&gt;25]" time="0.0004100799560546875"><skipped message="Suite splitting in effect" type="pytest.skip">src/pymortests/vectorarray.py:165: &lt;py._xmlgen.raw object at 0x7f1dde840dd8&gt;</skipped></testcase><testcase classname="src.pymortests.vectorarray" file="src/pymortests/vectorarray.py" line="165" name="test_zeros[1-&lt;lambda&gt;26]" time="0.0004341602325439453"><skipped message="Suite splitting in effect" type="pytest.skip">src/pymortests/vectorarray.py:165: &lt;py._xmlgen.raw object at 0x7f1dde7bb438&gt;</skipped></testcase><testcase classname="src.pymortests.vectorarray" file="src/pymortests/vectorarray.py" line="165" name="test_zeros[2-&lt;lambda&gt;0]" time="0.00043463706970214844"><skipped message="Suite splitting in effect" type="pytest.skip">src/pymortests/vectorarray.py:165: &lt;py._xmlgen.raw object at 0x7f1dd4582780&gt;</skipped></testcase><testcase classname="src.pymortests.vectorarray" file="src/pymortests/vectorarray.py" line="165" name="test_zeros[2-&lt;lambda&gt;1]" time="0.0004277229309082031"><skipped message="Suite splitting in effect" type="pytest.skip">src/pymortests/vectorarray.py:165: &lt;py._xmlgen.raw object at 0x7f1dd4582d30&gt;</skipped></testcase><testcase classname="src.pymortests.vectorarray" file="src/pymortests/vectorarray.py" line="165" name="test_zeros[2-&lt;lambda&gt;2]" time="0.00042128562927246094"><skipped message="Suite splitting in effect" type="pytest.skip">src/pymortests/vectorarray.py:165: &lt;py._xmlgen.raw object at 0x7f1dd45f75c0&gt;</skipped></testcase><testcase classname="src.pymortests.vectorarray" file="src/pymortests/vectorarray.py" line="165" name="test_zeros[2-&lt;lambda&gt;3]" time="0.0004391670227050781"><skipped message="Suite splitting in effect" type="pytest.skip">src/pymortests/vectorarray.py:165: &lt;py._xmlgen.raw object at 0x7f1dd45f72e8&gt;</skipped></testcase><testcase classname="src.pymortests.vectorarray" file="src/pymortests/vectorarray.py" line="165" name="test_zeros[2-&lt;lambda&gt;4]" time="0.00044465065002441406"><skipped message="Suite splitting in effect" type="pytest.skip">src/pymortests/vectorarray.py:165: &lt;py._xmlgen.raw object at 0x7f1dd45ec390&gt;</skipped></testcase><testcase classname="src.pymortests.vectorarray" file="src/pymortests/vectorarray.py" line="165" name="test_zeros[2-&lt;lambda&gt;5]" time="0.0004208087921142578"><skipped message="Suite splitting in effect" type="pytest.skip">src/pymortests/vectorarray.py:165: &lt;py._xmlgen.raw object at 0x7f1dde815550&gt;</skipped></testcase><testcase classname="src.pymortests.vectorarray" file="src/pymortests/vectorarray.py" line="165" name="test_zeros[2-&lt;lambda&gt;6]" time="0.0007176399230957031"><skipped message="Suite splitting in effect" type="pytest.skip">src/pymortests/vectorarray.py:165: &lt;py._xmlgen.raw object at 0x7f1dd45ec668&gt;</skipped></testcase><testcase classname="src.pymortests.vectorarray" file="src/pymortests/vectorarray.py" line="165" name="test_zeros[2-&lt;lambda&gt;7]" time="0.00042176246643066406"><skipped message="Suite splitting in effect" type="pytest.skip">src/pymortests/vectorarray.py:165: &lt;py._xmlgen.raw object at 0x7f1dde843198&gt;</skipped></testcase><testcase classname="src.pymortests.vectorarray" file="src/pymortests/vectorarray.py" line="165" name="test_zeros[2-&lt;lambda&gt;8]" time="0.0004563331604003906"><skipped message="Suite splitting in effect" type="pytest.skip">src/pymortests/vectorarray.py:165: &lt;py._xmlgen.raw object at 0x7f1dd45f7dd8&gt;</skipped></testcase><testcase classname="src.pymortests.vectorarray" file="src/pymortests/vectorarray.py" line="165" name="test_zeros[2-&lt;lambda&gt;9]" time="0.00044345855712890625"><skipped message="Suite splitting in effect" type="pytest.skip">src/pymortests/vectorarray.py:165: &lt;py._xmlgen.raw object at 0x7f1dd4582710&gt;</skipped></testcase><testcase classname="src.pymortests.vectorarray" file="src/pymortests/vectorarray.py" line="165" name="test_zeros[2-&lt;lambda&gt;10]" time="0.00042557716369628906"><skipped message="Suite splitting in effect" type="pytest.skip">src/pymortests/vectorarray.py:165: &lt;py._xmlgen.raw object at 0x7f1dd45ca1d0&gt;</skipped></testcase><testcase classname="src.pymortests.vectorarray" file="src/pymortests/vectorarray.py" line="165" name="test_zeros[2-&lt;lambda&gt;11]" time="0.00040793418884277344"><skipped message="Suite splitting in effect" type="pytest.skip">src/pymortests/vectorarray.py:165: &lt;py._xmlgen.raw object at 0x7f1dde7bb630&gt;</skipped></testcase><testcase classname="src.pymortests.vectorarray" file="src/pymortests/vectorarray.py" line="165" name="test_zeros[2-&lt;lambda&gt;12]" time="0.0004322528839111328"><skipped message="Suite splitting in effect" type="pytest.skip">src/pymortests/vectorarray.py:165: &lt;py._xmlgen.raw object at 0x7f1dde7b8198&gt;</skipped></testcase><testcase classname="src.pymortests.vectorarray" file="src/pymortests/vectorarray.py" line="165" name="test_zeros[2-&lt;lambda&gt;13]" time="0.0004153251647949219"><skipped message="Suite splitting in effect" type="pytest.skip">src/pymortests/vectorarray.py:165: &lt;py._xmlgen.raw object at 0x7f1dd461eef0&gt;</skipped></testcase><testcase classname="src.pymortests.vectorarray" file="src/pymortests/vectorarray.py" line="165" name="test_zeros[2-&lt;lambda&gt;14]" time="0.000698089599609375"><skipped message="Suite splitting in effect" type="pytest.skip">src/pymortests/vectorarray.py:165: &lt;py._xmlgen.raw object at 0x7f1dd4611ac8&gt;</skipped></testcase><testcase classname="src.pymortests.vectorarray" file="src/pymortests/vectorarray.py" line="165" name="test_zeros[2-&lt;lambda&gt;15]" time="0.00046563148498535156"><skipped message="Suite splitting in effect" type="pytest.skip">src/pymortests/vectorarray.py:165: &lt;py._xmlgen.raw object at 0x7f1dde7b8198&gt;</skipped></testcase><testcase classname="src.pymortests.vectorarray" file="src/pymortests/vectorarray.py" line="165" name="test_zeros[2-&lt;lambda&gt;16]" time="0.0004475116729736328"><skipped message="Suite splitting in effect" type="pytest.skip">src/pymortests/vectorarray.py:165: &lt;py._xmlgen.raw object at 0x7f1dde7bb8d0&gt;</skipped></testcase><testcase classname="src.pymortests.vectorarray" file="src/pymortests/vectorarray.py" line="165" name="test_zeros[2-&lt;lambda&gt;17]" time="0.00045943260192871094"><skipped message="Suite splitting in effect" type="pytest.skip">src/pymortests/vectorarray.py:165: &lt;py._xmlgen.raw object at 0x7f1dd4582e10&gt;</skipped></testcase><testcase classname="src.pymortests.vectorarray" file="src/pymortests/vectorarray.py" line="165" name="test_zeros[2-&lt;lambda&gt;18]" time="0.00044655799865722656"><skipped message="Suite splitting in effect" type="pytest.skip">src/pymortests/vectorarray.py:165: &lt;py._xmlgen.raw object at 0x7f1dde7d4a90&gt;</skipped></testcase><testcase classname="src.pymortests.vectorarray" file="src/pymortests/vectorarray.py" line="165" name="test_zeros[2-&lt;lambda&gt;19]" time="0.00044798851013183594"><skipped message="Suite splitting in effect" type="pytest.skip">src/pymortests/vectorarray.py:165: &lt;py._xmlgen.raw object at 0x7f1dde843cf8&gt;</skipped></testcase><testcase classname="src.pymortests.vectorarray" file="src/pymortests/vectorarray.py" line="165" name="test_zeros[2-&lt;lambda&gt;20]" time="0.0004372596740722656"><skipped message="Suite splitting in effect" type="pytest.skip">src/pymortests/vectorarray.py:165: &lt;py._xmlgen.raw object at 0x7f1dd45eccc0&gt;</skipped></testcase><testcase classname="src.pymortests.vectorarray" file="src/pymortests/vectorarray.py" line="165" name="test_zeros[2-&lt;lambda&gt;21]" time="0.0004322528839111328"><skipped message="Suite splitting in effect" type="pytest.skip">src/pymortests/vectorarray.py:165: &lt;py._xmlgen.raw object at 0x7f1dd458b748&gt;</skipped></testcase><testcase classname="src.pymortests.vectorarray" file="src/pymortests/vectorarray.py" line="165" name="test_zeros[2-&lt;lambda&gt;22]" time="0.0007328987121582031"><skipped message="Suite splitting in effect" type="pytest.skip">src/pymortests/vectorarray.py:165: &lt;py._xmlgen.raw object at 0x7f1dd458bc88&gt;</skipped></testcase><testcase classname="src.pymortests.vectorarray" file="src/pymortests/vectorarray.py" line="165" name="test_zeros[2-&lt;lambda&gt;23]" time="0.00044608116149902344"><skipped message="Suite splitting in effect" type="pytest.skip">src/pymortests/vectorarray.py:165: &lt;py._xmlgen.raw object at 0x7f1dd45f7b70&gt;</skipped></testcase><testcase classname="src.pymortests.vectorarray" file="src/pymortests/vectorarray.py" line="165" name="test_zeros[2-&lt;lambda&gt;24]" time="0.0004146099090576172"><skipped message="Suite splitting in effect" type="pytest.skip">src/pymortests/vectorarray.py:165: &lt;py._xmlgen.raw object at 0x7f1dd4582d30&gt;</skipped></testcase><testcase classname="src.pymortests.vectorarray" file="src/pymortests/vectorarray.py" line="165" name="test_zeros[2-&lt;lambda&gt;25]" time="0.0004398822784423828"><skipped message="Suite splitting in effect" type="pytest.skip">src/pymortests/vectorarray.py:165: &lt;py._xmlgen.raw object at 0x7f1dd45826a0&gt;</skipped></testcase><testcase classname="src.pymortests.vectorarray" file="src/pymortests/vectorarray.py" line="165" name="test_zeros[2-&lt;lambda&gt;26]" time="0.0004303455352783203"><skipped message="Suite splitting in effect" type="pytest.skip">src/pymortests/vectorarray.py:165: &lt;py._xmlgen.raw object at 0x7f1dd4635668&gt;</skipped></testcase><testcase classname="src.pymortests.vectorarray" file="src/pymortests/vectorarray.py" line="182" name="test_from_numpy[0-&lt;lambda&gt;0]" time="0.00041985511779785156"><skipped message="Suite splitting in effect" type="pytest.skip">src/pymortests/vectorarray.py:182: &lt;py._xmlgen.raw object at 0x7f1dde7cc6d8&gt;</skipped></testcase><testcase classname="src.pymortests.vectorarray" file="src/pymortests/vectorarray.py" line="182" name="test_from_numpy[0-&lt;lambda&gt;1]" time="0.00047397613525390625"><skipped message="Suite splitting in effect" type="pytest.skip">src/pymortests/vectorarray.py:182: &lt;py._xmlgen.raw object at 0x7f1dd458b9e8&gt;</skipped></testcase><testcase classname="src.pymortests.vectorarray" file="src/pymortests/vectorarray.py" line="182" name="test_from_numpy[0-&lt;lambda&gt;2]" time="0.0004131793975830078"><skipped message="Suite splitting in effect" type="pytest.skip">src/pymortests/vectorarray.py:182: &lt;py._xmlgen.raw object at 0x7f1dd458b048&gt;</skipped></testcase><testcase classname="src.pymortests.vectorarray" file="src/pymortests/vectorarray.py" line="182" name="test_from_numpy[0-&lt;lambda&gt;3]" time="0.0007576942443847656"><skipped message="Suite splitting in effect" type="pytest.skip">src/pymortests/vectorarray.py:182: &lt;py._xmlgen.raw object at 0x7f1dd459a208&gt;</skipped></testcase><testcase classname="src.pymortests.vectorarray" file="src/pymortests/vectorarray.py" line="182" name="test_from_numpy[0-&lt;lambda&gt;4]" time="0.0004258155822753906"><skipped message="Suite splitting in effect" type="pytest.skip">src/pymortests/vectorarray.py:182: &lt;py._xmlgen.raw object at 0x7f1dd458b7f0&gt;</skipped></testcase><testcase classname="src.pymortests.vectorarray" file="src/pymortests/vectorarray.py" line="182" name="test_from_numpy[0-&lt;lambda&gt;5]" time="0.00042438507080078125"><skipped message="Suite splitting in effect" type="pytest.skip">src/pymortests/vectorarray.py:182: &lt;py._xmlgen.raw object at 0x7f1dde840b38&gt;</skipped></testcase><testcase classname="src.pymortests.vectorarray" file="src/pymortests/vectorarray.py" line="182" name="test_from_numpy[0-&lt;lambda&gt;6]" time="0.00040984153747558594"><skipped message="Suite splitting in effect" type="pytest.skip">src/pymortests/vectorarray.py:182: &lt;py._xmlgen.raw object at 0x7f1ddf845470&gt;</skipped></testcase><testcase classname="src.pymortests.vectorarray" file="src/pymortests/vectorarray.py" line="182" name="test_from_numpy[0-&lt;lambda&gt;7]" time="0.0004191398620605469"><skipped message="Suite splitting in effect" type="pytest.skip">src/pymortests/vectorarray.py:182: &lt;py._xmlgen.raw object at 0x7f1dd45d2b38&gt;</skipped></testcase><testcase classname="src.pymortests.vectorarray" file="src/pymortests/vectorarray.py" line="182" name="test_from_numpy[0-&lt;lambda&gt;8]" time="0.00043702125549316406"><skipped message="Suite splitting in effect" type="pytest.skip">src/pymortests/vectorarray.py:182: &lt;py._xmlgen.raw object at 0x7f1dd4582d30&gt;</skipped></testcase><testcase classname="src.pymortests.vectorarray" file="src/pymortests/vectorarray.py" line="182" name="test_from_numpy[0-&lt;lambda&gt;9]" time="0.0004544258117675781"><skipped message="Suite splitting in effect" type="pytest.skip">src/pymortests/vectorarray.py:182: &lt;py._xmlgen.raw object at 0x7f1dd45f7b70&gt;</skipped></testcase><testcase classname="src.pymortests.vectorarray" file="src/pymortests/vectorarray.py" line="182" name="test_from_numpy[0-&lt;lambda&gt;10]" time="0.0004379749298095703"><skipped message="Suite splitting in effect" type="pytest.skip">src/pymortests/vectorarray.py:182: &lt;py._xmlgen.raw object at 0x7f1dd459a0b8&gt;</skipped></testcase><testcase classname="src.pymortests.vectorarray" file="src/pymortests/vectorarray.py" line="182" name="test_from_numpy[0-&lt;lambda&gt;11]" time="0.0007548332214355469"><skipped message="Suite splitting in effect" type="pytest.skip">src/pymortests/vectorarray.py:182: &lt;py._xmlgen.raw object at 0x7f1dd459a828&gt;</skipped></testcase><testcase classname="src.pymortests.vectorarray" file="src/pymortests/vectorarray.py" line="182" name="test_from_numpy[0-&lt;lambda&gt;12]" time="0.0004570484161376953"><skipped message="Suite splitting in effect" type="pytest.skip">src/pymortests/vectorarray.py:182: &lt;py._xmlgen.raw object at 0x7f1dd45f7e10&gt;</skipped></testcase><testcase classname="src.pymortests.vectorarray" file="src/pymortests/vectorarray.py" line="182" name="test_from_numpy[0-&lt;lambda&gt;13]" time="0.0004038810729980469"><skipped message="Suite splitting in effect" type="pytest.skip">src/pymortests/vectorarray.py:182: &lt;py._xmlgen.raw object at 0x7f1dd4582630&gt;</skipped></testcase><testcase classname="src.pymortests.vectorarray" file="src/pymortests/vectorarray.py" line="182" name="test_from_numpy[0-&lt;lambda&gt;14]" time="0.0004050731658935547"><skipped message="Suite splitting in effect" type="pytest.skip">src/pymortests/vectorarray.py:182: &lt;py._xmlgen.raw object at 0x7f1ddf845470&gt;</skipped></testcase><testcase classname="src.pymortests.vectorarray" file="src/pymortests/vectorarray.py" line="182" name="test_from_numpy[0-&lt;lambda&gt;15]" time="0.0004229545593261719"><skipped message="Suite splitting in effect" type="pytest.skip">src/pymortests/vectorarray.py:182: &lt;py._xmlgen.raw object at 0x7f1dd458b080&gt;</skipped></testcase><testcase classname="src.pymortests.vectorarray" file="src/pymortests/vectorarray.py" line="182" name="test_from_numpy[0-&lt;lambda&gt;16]" time="0.00042891502380371094"><skipped message="Suite splitting in effect" type="pytest.skip">src/pymortests/vectorarray.py:182: &lt;py._xmlgen.raw object at 0x7f1dd458be80&gt;</skipped></testcase><testcase classname="src.pymortests.vectorarray" file="src/pymortests/vectorarray.py" line="182" name="test_from_numpy[0-&lt;lambda&gt;17]" time="0.0004563331604003906"><skipped message="Suite splitting in effect" type="pytest.skip">src/pymortests/vectorarray.py:182: &lt;py._xmlgen.raw object at 0x7f1dd459a438&gt;</skipped></testcase><testcase classname="src.pymortests.vectorarray" file="src/pymortests/vectorarray.py" line="182" name="test_from_numpy[0-&lt;lambda&gt;18]" time="0.0004565715789794922"><skipped message="Suite splitting in effect" type="pytest.skip">src/pymortests/vectorarray.py:182: &lt;py._xmlgen.raw object at 0x7f1dd459a2e8&gt;</skipped></testcase><testcase classname="src.pymortests.vectorarray" file="src/pymortests/vectorarray.py" line="182" name="test_from_numpy[0-&lt;lambda&gt;19]" time="0.0007293224334716797"><skipped message="Suite splitting in effect" type="pytest.skip">src/pymortests/vectorarray.py:182: &lt;py._xmlgen.raw object at 0x7f1dd459ae48&gt;</skipped></testcase><testcase classname="src.pymortests.vectorarray" file="src/pymortests/vectorarray.py" line="182" name="test_from_numpy[0-&lt;lambda&gt;20]" time="0.0004482269287109375"><skipped message="Suite splitting in effect" type="pytest.skip">src/pymortests/vectorarray.py:182: &lt;py._xmlgen.raw object at 0x7f1dd459a2b0&gt;</skipped></testcase><testcase classname="src.pymortests.vectorarray" file="src/pymortests/vectorarray.py" line="182" name="test_from_numpy[0-&lt;lambda&gt;21]" time="0.00042247772216796875"><skipped message="Suite splitting in effect" type="pytest.skip">src/pymortests/vectorarray.py:182: &lt;py._xmlgen.raw object at 0x7f1dde773b00&gt;</skipped></testcase><testcase classname="src.pymortests.vectorarray" file="src/pymortests/vectorarray.py" line="182" name="test_from_numpy[0-&lt;lambda&gt;22]" time="0.0004074573516845703"><skipped message="Suite splitting in effect" type="pytest.skip">src/pymortests/vectorarray.py:182: &lt;py._xmlgen.raw object at 0x7f1dd458be80&gt;</skipped></testcase><testcase classname="src.pymortests.vectorarray" file="src/pymortests/vectorarray.py" line="182" name="test_from_numpy[0-&lt;lambda&gt;23]" time="0.0004324913024902344"><skipped message="Suite splitting in effect" type="pytest.skip">src/pymortests/vectorarray.py:182: &lt;py._xmlgen.raw object at 0x7f1dde7b8438&gt;</skipped></testcase><testcase classname="src.pymortests.vectorarray" file="src/pymortests/vectorarray.py" line="182" name="test_from_numpy[0-&lt;lambda&gt;24]" time="0.0004570484161376953"><skipped message="Suite splitting in effect" type="pytest.skip">src/pymortests/vectorarray.py:182: &lt;py._xmlgen.raw object at 0x7f1dde7bbb70&gt;</skipped></testcase><testcase classname="src.pymortests.vectorarray" file="src/pymortests/vectorarray.py" line="182" name="test_from_numpy[0-&lt;lambda&gt;25]" time="0.00042819976806640625"><skipped message="Suite splitting in effect" type="pytest.skip">src/pymortests/vectorarray.py:182: &lt;py._xmlgen.raw object at 0x7f1dd4582e10&gt;</skipped></testcase><testcase classname="src.pymortests.vectorarray" file="src/pymortests/vectorarray.py" line="182" name="test_from_numpy[0-&lt;lambda&gt;26]" time="0.0004448890686035156"><skipped message="Suite splitting in effect" type="pytest.skip">src/pymortests/vectorarray.py:182: &lt;py._xmlgen.raw object at 0x7f1dd45eccc0&gt;</skipped></testcase><testcase classname="src.pymortests.vectorarray" file="src/pymortests/vectorarray.py" line="182" name="test_from_numpy[1-&lt;lambda&gt;0]" time="0.0007107257843017578"><skipped message="Suite splitting in effect" type="pytest.skip">src/pymortests/vectorarray.py:182: &lt;py._xmlgen.raw object at 0x7f1dd45a54a8&gt;</skipped></testcase><testcase classname="src.pymortests.vectorarray" file="src/pymortests/vectorarray.py" line="182" name="test_from_numpy[1-&lt;lambda&gt;1]" time="0.0004341602325439453"><skipped message="Suite splitting in effect" type="pytest.skip">src/pymortests/vectorarray.py:182: &lt;py._xmlgen.raw object at 0x7f1dde7d4a90&gt;</skipped></testcase><testcase classname="src.pymortests.vectorarray" file="src/pymortests/vectorarray.py" line="182" name="test_from_numpy[1-&lt;lambda&gt;2]" time="0.0004303455352783203"><skipped message="Suite splitting in effect" type="pytest.skip">src/pymortests/vectorarray.py:182: &lt;py._xmlgen.raw object at 0x7f1dde7bb4e0&gt;</skipped></testcase><testcase classname="src.pymortests.vectorarray" file="src/pymortests/vectorarray.py" line="182" name="test_from_numpy[1-&lt;lambda&gt;3]" time="0.0004467964172363281"><skipped message="Suite splitting in effect" type="pytest.skip">src/pymortests/vectorarray.py:182: &lt;py._xmlgen.raw object at 0x7f1dd458b7f0&gt;</skipped></testcase><testcase classname="src.pymortests.vectorarray" file="src/pymortests/vectorarray.py" line="182" name="test_from_numpy[1-&lt;lambda&gt;4]" time="0.0004379749298095703"><skipped message="Suite splitting in effect" type="pytest.skip">src/pymortests/vectorarray.py:182: &lt;py._xmlgen.raw object at 0x7f1dde7735c0&gt;</skipped></testcase><testcase classname="src.pymortests.vectorarray" file="src/pymortests/vectorarray.py" line="182" name="test_from_numpy[1-&lt;lambda&gt;5]" time="0.0004467964172363281"><skipped message="Suite splitting in effect" type="pytest.skip">src/pymortests/vectorarray.py:182: &lt;py._xmlgen.raw object at 0x7f1dd459af60&gt;</skipped></testcase><testcase classname="src.pymortests.vectorarray" file="src/pymortests/vectorarray.py" line="182" name="test_from_numpy[1-&lt;lambda&gt;6]" time="0.0004229545593261719"><skipped message="Suite splitting in effect" type="pytest.skip">src/pymortests/vectorarray.py:182: &lt;py._xmlgen.raw object at 0x7f1dd459ac50&gt;</skipped></testcase><testcase classname="src.pymortests.vectorarray" file="src/pymortests/vectorarray.py" line="182" name="test_from_numpy[1-&lt;lambda&gt;7]" time="0.0004100799560546875"><skipped message="Suite splitting in effect" type="pytest.skip">src/pymortests/vectorarray.py:182: &lt;py._xmlgen.raw object at 0x7f1dd45a5358&gt;</skipped></testcase><testcase classname="src.pymortests.vectorarray" file="src/pymortests/vectorarray.py" line="182" name="test_from_numpy[1-&lt;lambda&gt;8]" time="0.0007359981536865234"><skipped message="Suite splitting in effect" type="pytest.skip">src/pymortests/vectorarray.py:182: &lt;py._xmlgen.raw object at 0x7f1dd45a5ac8&gt;</skipped></testcase><testcase classname="src.pymortests.vectorarray" file="src/pymortests/vectorarray.py" line="182" name="test_from_numpy[1-&lt;lambda&gt;9]" time="0.0004401206970214844"><skipped message="Suite splitting in effect" type="pytest.skip">src/pymortests/vectorarray.py:182: &lt;py._xmlgen.raw object at 0x7f1dd459af60&gt;</skipped></testcase><testcase classname="src.pymortests.vectorarray" file="src/pymortests/vectorarray.py" line="182" name="test_from_numpy[1-&lt;lambda&gt;10]" time="0.0004246234893798828"><skipped message="Suite splitting in effect" type="pytest.skip">src/pymortests/vectorarray.py:182: &lt;py._xmlgen.raw object at 0x7f1dde7b8438&gt;</skipped></testcase><testcase classname="src.pymortests.vectorarray" file="src/pymortests/vectorarray.py" line="182" name="test_from_numpy[1-&lt;lambda&gt;11]" time="0.0004360675811767578"><skipped message="Suite splitting in effect" type="pytest.skip">src/pymortests/vectorarray.py:182: &lt;py._xmlgen.raw object at 0x7f1dde7ccbe0&gt;</skipped></testcase><testcase classname="src.pymortests.vectorarray" file="src/pymortests/vectorarray.py" line="182" name="test_from_numpy[1-&lt;lambda&gt;12]" time="0.0004849433898925781"><skipped message="Suite splitting in effect" type="pytest.skip">src/pymortests/vectorarray.py:182: &lt;py._xmlgen.raw object at 0x7f1dd4582d30&gt;</skipped></testcase><testcase classname="src.pymortests.vectorarray" file="src/pymortests/vectorarray.py" line="182" name="test_from_numpy[1-&lt;lambda&gt;13]" time="0.0004506111145019531"><skipped message="Suite splitting in effect" type="pytest.skip">src/pymortests/vectorarray.py:182: &lt;py._xmlgen.raw object at 0x7f1dde7825c0&gt;</skipped></testcase><testcase classname="src.pymortests.vectorarray" file="src/pymortests/vectorarray.py" line="182" name="test_from_numpy[1-&lt;lambda&gt;14]" time="0.00045108795166015625"><skipped message="Suite splitting in effect" type="pytest.skip">src/pymortests/vectorarray.py:182: &lt;py._xmlgen.raw object at 0x7f1dd45a5c50&gt;</skipped></testcase><testcase classname="src.pymortests.vectorarray" file="src/pymortests/vectorarray.py" line="182" name="test_from_numpy[1-&lt;lambda&gt;15]" time="0.00045943260192871094"><skipped message="Suite splitting in effect" type="pytest.skip">src/pymortests/vectorarray.py:182: &lt;py._xmlgen.raw object at 0x7f1dd45a5080&gt;</skipped></testcase><testcase classname="src.pymortests.vectorarray" file="src/pymortests/vectorarray.py" line="182" name="test_from_numpy[1-&lt;lambda&gt;16]" time="0.0007348060607910156"><skipped message="Suite splitting in effect" type="pytest.skip">src/pymortests/vectorarray.py:182: &lt;py._xmlgen.raw object at 0x7f1dd45af128&gt;</skipped></testcase><testcase classname="src.pymortests.vectorarray" file="src/pymortests/vectorarray.py" line="182" name="test_from_numpy[1-&lt;lambda&gt;17]" time="0.0004382133483886719"><skipped message="Suite splitting in effect" type="pytest.skip">src/pymortests/vectorarray.py:182: &lt;py._xmlgen.raw object at 0x7f1dd45a5080&gt;</skipped></testcase><testcase classname="src.pymortests.vectorarray" file="src/pymortests/vectorarray.py" line="182" name="test_from_numpy[1-&lt;lambda&gt;18]" time="0.00042128562927246094"><skipped message="Suite splitting in effect" type="pytest.skip">src/pymortests/vectorarray.py:182: &lt;py._xmlgen.raw object at 0x7f1dde7d4a90&gt;</skipped></testcase><testcase classname="src.pymortests.vectorarray" file="src/pymortests/vectorarray.py" line="182" name="test_from_numpy[1-&lt;lambda&gt;19]" time="0.0004253387451171875"><skipped message="Suite splitting in effect" type="pytest.skip">src/pymortests/vectorarray.py:182: &lt;py._xmlgen.raw object at 0x7f1dde7825c0&gt;</skipped></testcase><testcase classname="src.pymortests.vectorarray" file="src/pymortests/vectorarray.py" line="182" name="test_from_numpy[1-&lt;lambda&gt;20]" time="0.0004246234893798828"><skipped message="Suite splitting in effect" type="pytest.skip">src/pymortests/vectorarray.py:182: &lt;py._xmlgen.raw object at 0x7f1dde843cf8&gt;</skipped></testcase><testcase classname="src.pymortests.vectorarray" file="src/pymortests/vectorarray.py" line="182" name="test_from_numpy[1-&lt;lambda&gt;21]" time="0.0004220008850097656"><skipped message="Suite splitting in effect" type="pytest.skip">src/pymortests/vectorarray.py:182: &lt;py._xmlgen.raw object at 0x7f1dd458bf28&gt;</skipped></testcase><testcase classname="src.pymortests.vectorarray" file="src/pymortests/vectorarray.py" line="182" name="test_from_numpy[1-&lt;lambda&gt;22]" time="0.0004496574401855469"><skipped message="Suite splitting in effect" type="pytest.skip">src/pymortests/vectorarray.py:182: &lt;py._xmlgen.raw object at 0x7f1dd459a748&gt;</skipped></testcase><testcase classname="src.pymortests.vectorarray" file="src/pymortests/vectorarray.py" line="182" name="test_from_numpy[1-&lt;lambda&gt;23]" time="0.00041961669921875"><skipped message="Suite splitting in effect" type="pytest.skip">src/pymortests/vectorarray.py:182: &lt;py._xmlgen.raw object at 0x7f1dd45af278&gt;</skipped></testcase><testcase classname="src.pymortests.vectorarray" file="src/pymortests/vectorarray.py" line="182" name="test_from_numpy[1-&lt;lambda&gt;24]" time="0.0007326602935791016"><skipped message="Suite splitting in effect" type="pytest.skip">src/pymortests/vectorarray.py:182: &lt;py._xmlgen.raw object at 0x7f1dd45af748&gt;</skipped></testcase><testcase classname="src.pymortests.vectorarray" file="src/pymortests/vectorarray.py" line="182" name="test_from_numpy[1-&lt;lambda&gt;25]" time="0.000446319580078125"><skipped message="Suite splitting in effect" type="pytest.skip">src/pymortests/vectorarray.py:182: &lt;py._xmlgen.raw object at 0x7f1dd459a080&gt;</skipped></testcase><testcase classname="src.pymortests.vectorarray" file="src/pymortests/vectorarray.py" line="182" name="test_from_numpy[1-&lt;lambda&gt;26]" time="0.0004391670227050781"><skipped message="Suite splitting in effect" type="pytest.skip">src/pymortests/vectorarray.py:182: &lt;py._xmlgen.raw object at 0x7f1dd458bf98&gt;</skipped></testcase><testcase classname="src.pymortests.vectorarray" file="src/pymortests/vectorarray.py" line="182" name="test_from_numpy[2-&lt;lambda&gt;0]" time="0.00042128562927246094"><skipped message="Suite splitting in effect" type="pytest.skip">src/pymortests/vectorarray.py:182: &lt;py._xmlgen.raw object at 0x7f1dd45825f8&gt;</skipped></testcase><testcase classname="src.pymortests.vectorarray" file="src/pymortests/vectorarray.py" line="182" name="test_from_numpy[2-&lt;lambda&gt;1]" time="0.00045108795166015625"><skipped message="Suite splitting in effect" type="pytest.skip">src/pymortests/vectorarray.py:182: &lt;py._xmlgen.raw object at 0x7f1ddf845ba8&gt;</skipped></testcase><testcase classname="src.pymortests.vectorarray" file="src/pymortests/vectorarray.py" line="182" name="test_from_numpy[2-&lt;lambda&gt;2]" time="0.0004341602325439453"><skipped message="Suite splitting in effect" type="pytest.skip">src/pymortests/vectorarray.py:182: &lt;py._xmlgen.raw object at 0x7f1dd45a5b38&gt;</skipped></testcase><testcase classname="src.pymortests.vectorarray" file="src/pymortests/vectorarray.py" line="182" name="test_from_numpy[2-&lt;lambda&gt;3]" time="0.0004432201385498047"><skipped message="Suite splitting in effect" type="pytest.skip">src/pymortests/vectorarray.py:182: &lt;py._xmlgen.raw object at 0x7f1dd45f7e10&gt;</skipped></testcase><testcase classname="src.pymortests.vectorarray" file="src/pymortests/vectorarray.py" line="182" name="test_from_numpy[2-&lt;lambda&gt;4]" time="0.00043010711669921875"><skipped message="Suite splitting in effect" type="pytest.skip">src/pymortests/vectorarray.py:182: &lt;py._xmlgen.raw object at 0x7f1dd45af3c8&gt;</skipped></testcase><testcase classname="src.pymortests.vectorarray" file="src/pymortests/vectorarray.py" line="182" name="test_from_numpy[2-&lt;lambda&gt;5]" time="0.0008199214935302734"><skipped message="Suite splitting in effect" type="pytest.skip">src/pymortests/vectorarray.py:182: &lt;py._xmlgen.raw object at 0x7f1dd45afd68&gt;</skipped></testcase><testcase classname="src.pymortests.vectorarray" file="src/pymortests/vectorarray.py" line="182" name="test_from_numpy[2-&lt;lambda&gt;6]" time="0.0004162788391113281"><skipped message="Suite splitting in effect" type="pytest.skip">src/pymortests/vectorarray.py:182: &lt;py._xmlgen.raw object at 0x7f1dd45a5390&gt;</skipped></testcase><testcase classname="src.pymortests.vectorarray" file="src/pymortests/vectorarray.py" line="182" name="test_from_numpy[2-&lt;lambda&gt;7]" time="0.00041937828063964844"><skipped message="Suite splitting in effect" type="pytest.skip">src/pymortests/vectorarray.py:182: &lt;py._xmlgen.raw object at 0x7f1dde782da0&gt;</skipped></testcase><testcase classname="src.pymortests.vectorarray" file="src/pymortests/vectorarray.py" line="182" name="test_from_numpy[2-&lt;lambda&gt;8]" time="0.00044727325439453125"><skipped message="Suite splitting in effect" type="pytest.skip">src/pymortests/vectorarray.py:182: &lt;py._xmlgen.raw object at 0x7f1dde7cc438&gt;</skipped></testcase><testcase classname="src.pymortests.vectorarray" file="src/pymortests/vectorarray.py" line="182" name="test_from_numpy[2-&lt;lambda&gt;9]" time="0.0004143714904785156"><skipped message="Suite splitting in effect" type="pytest.skip">src/pymortests/vectorarray.py:182: &lt;py._xmlgen.raw object at 0x7f1dd459ac50&gt;</skipped></testcase><testcase classname="src.pymortests.vectorarray" file="src/pymortests/vectorarray.py" line="182" name="test_from_numpy[2-&lt;lambda&gt;10]" time="0.0004184246063232422"><skipped message="Suite splitting in effect" type="pytest.skip">src/pymortests/vectorarray.py:182: &lt;py._xmlgen.raw object at 0x7f1dde712128&gt;</skipped></testcase><testcase classname="src.pymortests.vectorarray" file="src/pymortests/vectorarray.py" line="182" name="test_from_numpy[2-&lt;lambda&gt;11]" time="0.0004878044128417969"><skipped message="Suite splitting in effect" type="pytest.skip">src/pymortests/vectorarray.py:182: &lt;py._xmlgen.raw object at 0x7f1dd45af198&gt;</skipped></testcase><testcase classname="src.pymortests.vectorarray" file="src/pymortests/vectorarray.py" line="182" name="test_from_numpy[2-&lt;lambda&gt;12]" time="0.0004496574401855469"><skipped message="Suite splitting in effect" type="pytest.skip">src/pymortests/vectorarray.py:182: &lt;py._xmlgen.raw object at 0x7f1dd45af5c0&gt;</skipped></testcase><testcase classname="src.pymortests.vectorarray" file="src/pymortests/vectorarray.py" line="182" name="test_from_numpy[2-&lt;lambda&gt;13]" time="0.0010547637939453125"><skipped message="Suite splitting in effect" type="pytest.skip">src/pymortests/vectorarray.py:182: &lt;py._xmlgen.raw object at 0x7f1dd453b3c8&gt;</skipped></testcase><testcase classname="src.pymortests.vectorarray" file="src/pymortests/vectorarray.py" line="182" name="test_from_numpy[2-&lt;lambda&gt;14]" time="0.0004508495330810547"><skipped message="Suite splitting in effect" type="pytest.skip">src/pymortests/vectorarray.py:182: &lt;py._xmlgen.raw object at 0x7f1dd4582ba8&gt;</skipped></testcase><testcase classname="src.pymortests.vectorarray" file="src/pymortests/vectorarray.py" line="182" name="test_from_numpy[2-&lt;lambda&gt;15]" time="0.00043487548828125"><skipped message="Suite splitting in effect" type="pytest.skip">src/pymortests/vectorarray.py:182: &lt;py._xmlgen.raw object at 0x7f1dde7737b8&gt;</skipped></testcase><testcase classname="src.pymortests.vectorarray" file="src/pymortests/vectorarray.py" line="182" name="test_from_numpy[2-&lt;lambda&gt;16]" time="0.000423431396484375"><skipped message="Suite splitting in effect" type="pytest.skip">src/pymortests/vectorarray.py:182: &lt;py._xmlgen.raw object at 0x7f1dd45afc88&gt;</skipped></testcase><testcase classname="src.pymortests.vectorarray" file="src/pymortests/vectorarray.py" line="182" name="test_from_numpy[2-&lt;lambda&gt;17]" time="0.0004315376281738281"><skipped message="Suite splitting in effect" type="pytest.skip">src/pymortests/vectorarray.py:182: &lt;py._xmlgen.raw object at 0x7f1dd45afef0&gt;</skipped></testcase><testcase classname="src.pymortests.vectorarray" file="src/pymortests/vectorarray.py" line="182" name="test_from_numpy[2-&lt;lambda&gt;18]" time="0.00045013427734375"><skipped message="Suite splitting in effect" type="pytest.skip">src/pymortests/vectorarray.py:182: &lt;py._xmlgen.raw object at 0x7f1dd45a5dd8&gt;</skipped></testcase><testcase classname="src.pymortests.vectorarray" file="src/pymortests/vectorarray.py" line="182" name="test_from_numpy[2-&lt;lambda&gt;19]" time="0.00045299530029296875"><skipped message="Suite splitting in effect" type="pytest.skip">src/pymortests/vectorarray.py:182: &lt;py._xmlgen.raw object at 0x7f1dd459aeb8&gt;</skipped></testcase><testcase classname="src.pymortests.vectorarray" file="src/pymortests/vectorarray.py" line="182" name="test_from_numpy[2-&lt;lambda&gt;20]" time="0.0004558563232421875"><skipped message="Suite splitting in effect" type="pytest.skip">src/pymortests/vectorarray.py:182: &lt;py._xmlgen.raw object at 0x7f1dd45ec3c8&gt;</skipped></testcase><testcase classname="src.pymortests.vectorarray" file="src/pymortests/vectorarray.py" line="182" name="test_from_numpy[2-&lt;lambda&gt;21]" time="0.00047087669372558594"><skipped message="Suite splitting in effect" type="pytest.skip">src/pymortests/vectorarray.py:182: &lt;py._xmlgen.raw object at 0x7f1dd458b320&gt;</skipped></testcase><testcase classname="src.pymortests.vectorarray" file="src/pymortests/vectorarray.py" line="182" name="test_from_numpy[2-&lt;lambda&gt;22]" time="0.0007190704345703125"><skipped message="Suite splitting in effect" type="pytest.skip">src/pymortests/vectorarray.py:182: &lt;py._xmlgen.raw object at 0x7f1dde723128&gt;</skipped></testcase><testcase classname="src.pymortests.vectorarray" file="src/pymortests/vectorarray.py" line="182" name="test_from_numpy[2-&lt;lambda&gt;23]" time="0.0004417896270751953"><skipped message="Suite splitting in effect" type="pytest.skip">src/pymortests/vectorarray.py:182: &lt;py._xmlgen.raw object at 0x7f1dd459aeb8&gt;</skipped></testcase><testcase classname="src.pymortests.vectorarray" file="src/pymortests/vectorarray.py" line="182" name="test_from_numpy[2-&lt;lambda&gt;24]" time="0.0004608631134033203"><skipped message="Suite splitting in effect" type="pytest.skip">src/pymortests/vectorarray.py:182: &lt;py._xmlgen.raw object at 0x7f1dd45a5048&gt;</skipped></testcase><testcase classname="src.pymortests.vectorarray" file="src/pymortests/vectorarray.py" line="182" name="test_from_numpy[2-&lt;lambda&gt;25]" time="0.0004718303680419922"><skipped message="Suite splitting in effect" type="pytest.skip">src/pymortests/vectorarray.py:182: &lt;py._xmlgen.raw object at 0x7f1dd45af400&gt;</skipped></testcase><testcase classname="src.pymortests.vectorarray" file="src/pymortests/vectorarray.py" line="182" name="test_from_numpy[2-&lt;lambda&gt;26]" time="0.00046372413635253906"><skipped message="Suite splitting in effect" type="pytest.skip">src/pymortests/vectorarray.py:182: &lt;py._xmlgen.raw object at 0x7f1dd45f7c18&gt;</skipped></testcase><testcase classname="src.pymortests.vectorarray" file="src/pymortests/vectorarray.py" line="194" name="test_shape[0-&lt;lambda&gt;0]" time="0.00047850608825683594"><skipped message="Suite splitting in effect" type="pytest.skip">src/pymortests/vectorarray.py:194: &lt;py._xmlgen.raw object at 0x7f1dde7cc2e8&gt;</skipped></testcase><testcase classname="src.pymortests.vectorarray" file="src/pymortests/vectorarray.py" line="194" name="test_shape[0-&lt;lambda&gt;1]" time="0.0004553794860839844"><skipped message="Suite splitting in effect" type="pytest.skip">src/pymortests/vectorarray.py:194: &lt;py._xmlgen.raw object at 0x7f1dde712b00&gt;</skipped></testcase><testcase classname="src.pymortests.vectorarray" file="src/pymortests/vectorarray.py" line="194" name="test_shape[0-&lt;lambda&gt;2]" time="0.0004706382751464844"><skipped message="Suite splitting in effect" type="pytest.skip">src/pymortests/vectorarray.py:194: &lt;py._xmlgen.raw object at 0x7f1dd45dca20&gt;</skipped></testcase><testcase classname="src.pymortests.vectorarray" file="src/pymortests/vectorarray.py" line="194" name="test_shape[0-&lt;lambda&gt;3]" time="0.0007681846618652344"><skipped message="Suite splitting in effect" type="pytest.skip">src/pymortests/vectorarray.py:194: &lt;py._xmlgen.raw object at 0x7f1dd4635828&gt;</skipped></testcase><testcase classname="src.pymortests.vectorarray" file="src/pymortests/vectorarray.py" line="194" name="test_shape[0-&lt;lambda&gt;4]" time="0.0004825592041015625"><skipped message="Suite splitting in effect" type="pytest.skip">src/pymortests/vectorarray.py:194: &lt;py._xmlgen.raw object at 0x7f1dde7127b8&gt;</skipped></testcase><testcase classname="src.pymortests.vectorarray" file="src/pymortests/vectorarray.py" line="194" name="test_shape[0-&lt;lambda&gt;5]" time="0.00043702125549316406"><skipped message="Suite splitting in effect" type="pytest.skip">src/pymortests/vectorarray.py:194: &lt;py._xmlgen.raw object at 0x7f1dde782cf8&gt;</skipped></testcase><testcase classname="src.pymortests.vectorarray" file="src/pymortests/vectorarray.py" line="194" name="test_shape[0-&lt;lambda&gt;6]" time="0.0004315376281738281"><skipped message="Suite splitting in effect" type="pytest.skip">src/pymortests/vectorarray.py:194: &lt;py._xmlgen.raw object at 0x7f1dd45aff60&gt;</skipped></testcase><testcase classname="src.pymortests.vectorarray" file="src/pymortests/vectorarray.py" line="194" name="test_shape[0-&lt;lambda&gt;7]" time="0.00041484832763671875"><skipped message="Suite splitting in effect" type="pytest.skip">src/pymortests/vectorarray.py:194: &lt;py._xmlgen.raw object at 0x7f1dd45a5be0&gt;</skipped></testcase><testcase classname="src.pymortests.vectorarray" file="src/pymortests/vectorarray.py" line="194" name="test_shape[0-&lt;lambda&gt;8]" time="0.00041294097900390625"><skipped message="Suite splitting in effect" type="pytest.skip">src/pymortests/vectorarray.py:194: &lt;py._xmlgen.raw object at 0x7f1dd459a940&gt;</skipped></testcase><testcase classname="src.pymortests.vectorarray" file="src/pymortests/vectorarray.py" line="194" name="test_shape[0-&lt;lambda&gt;9]" time="0.0004763603210449219"><skipped message="Suite splitting in effect" type="pytest.skip">src/pymortests/vectorarray.py:194: &lt;py._xmlgen.raw object at 0x7f1dde723320&gt;</skipped></testcase><testcase classname="src.pymortests.vectorarray" file="src/pymortests/vectorarray.py" line="194" name="test_shape[0-&lt;lambda&gt;10]" time="0.00046062469482421875"><skipped message="Suite splitting in effect" type="pytest.skip">src/pymortests/vectorarray.py:194: &lt;py._xmlgen.raw object at 0x7f1dd453b8d0&gt;</skipped></testcase><testcase classname="src.pymortests.vectorarray" file="src/pymortests/vectorarray.py" line="194" name="test_shape[0-&lt;lambda&gt;11]" time="0.0007359981536865234"><skipped message="Suite splitting in effect" type="pytest.skip">src/pymortests/vectorarray.py:194: &lt;py._xmlgen.raw object at 0x7f1dd453be10&gt;</skipped></testcase><testcase classname="src.pymortests.vectorarray" file="src/pymortests/vectorarray.py" line="194" name="test_shape[0-&lt;lambda&gt;12]" time="0.00044274330139160156"><skipped message="Suite splitting in effect" type="pytest.skip">src/pymortests/vectorarray.py:194: &lt;py._xmlgen.raw object at 0x7f1dde843cf8&gt;</skipped></testcase><testcase classname="src.pymortests.vectorarray" file="src/pymortests/vectorarray.py" line="194" name="test_shape[0-&lt;lambda&gt;13]" time="0.0004253387451171875"><skipped message="Suite splitting in effect" type="pytest.skip">src/pymortests/vectorarray.py:194: &lt;py._xmlgen.raw object at 0x7f1dd45f7e10&gt;</skipped></testcase><testcase classname="src.pymortests.vectorarray" file="src/pymortests/vectorarray.py" line="194" name="test_shape[0-&lt;lambda&gt;14]" time="0.00042724609375"><skipped message="Suite splitting in effect" type="pytest.skip">src/pymortests/vectorarray.py:194: &lt;py._xmlgen.raw object at 0x7f1dd45af4a8&gt;</skipped></testcase><testcase classname="src.pymortests.vectorarray" file="src/pymortests/vectorarray.py" line="194" name="test_shape[0-&lt;lambda&gt;15]" time="0.00045943260192871094"><skipped message="Suite splitting in effect" type="pytest.skip">src/pymortests/vectorarray.py:194: &lt;py._xmlgen.raw object at 0x7f1dde7825c0&gt;</skipped></testcase><testcase classname="src.pymortests.vectorarray" file="src/pymortests/vectorarray.py" line="194" name="test_shape[0-&lt;lambda&gt;16]" time="0.00043892860412597656"><skipped message="Suite splitting in effect" type="pytest.skip">src/pymortests/vectorarray.py:194: &lt;py._xmlgen.raw object at 0x7f1dde733f60&gt;</skipped></testcase><testcase classname="src.pymortests.vectorarray" file="src/pymortests/vectorarray.py" line="194" name="test_shape[0-&lt;lambda&gt;17]" time="0.0004589557647705078"><skipped message="Suite splitting in effect" type="pytest.skip">src/pymortests/vectorarray.py:194: &lt;py._xmlgen.raw object at 0x7f1dd453bb70&gt;</skipped></testcase><testcase classname="src.pymortests.vectorarray" file="src/pymortests/vectorarray.py" line="194" name="test_shape[0-&lt;lambda&gt;18]" time="0.00047087669372558594"><skipped message="Suite splitting in effect" type="pytest.skip">src/pymortests/vectorarray.py:194: &lt;py._xmlgen.raw object at 0x7f1dd453b1d0&gt;</skipped></testcase><testcase classname="src.pymortests.vectorarray" file="src/pymortests/vectorarray.py" line="194" name="test_shape[0-&lt;lambda&gt;19]" time="0.0007586479187011719"><skipped message="Suite splitting in effect" type="pytest.skip">src/pymortests/vectorarray.py:194: &lt;py._xmlgen.raw object at 0x7f1dd4548390&gt;</skipped></testcase><testcase classname="src.pymortests.vectorarray" file="src/pymortests/vectorarray.py" line="194" name="test_shape[0-&lt;lambda&gt;20]" time="0.0004458427429199219"><skipped message="Suite splitting in effect" type="pytest.skip">src/pymortests/vectorarray.py:194: &lt;py._xmlgen.raw object at 0x7f1dd453b208&gt;</skipped></testcase><testcase classname="src.pymortests.vectorarray" file="src/pymortests/vectorarray.py" line="194" name="test_shape[0-&lt;lambda&gt;21]" time="0.0004284381866455078"><skipped message="Suite splitting in effect" type="pytest.skip">src/pymortests/vectorarray.py:194: &lt;py._xmlgen.raw object at 0x7f1ddf8f46a0&gt;</skipped></testcase><testcase classname="src.pymortests.vectorarray" file="src/pymortests/vectorarray.py" line="194" name="test_shape[0-&lt;lambda&gt;22]" time="0.00045490264892578125"><skipped message="Suite splitting in effect" type="pytest.skip">src/pymortests/vectorarray.py:194: &lt;py._xmlgen.raw object at 0x7f1dde7cc780&gt;</skipped></testcase><testcase classname="src.pymortests.vectorarray" file="src/pymortests/vectorarray.py" line="194" name="test_shape[0-&lt;lambda&gt;23]" time="0.0004303455352783203"><skipped message="Suite splitting in effect" type="pytest.skip">src/pymortests/vectorarray.py:194: &lt;py._xmlgen.raw object at 0x7f1dd45af470&gt;</skipped></testcase><testcase classname="src.pymortests.vectorarray" file="src/pymortests/vectorarray.py" line="194" name="test_shape[0-&lt;lambda&gt;24]" time="0.0004324913024902344"><skipped message="Suite splitting in effect" type="pytest.skip">src/pymortests/vectorarray.py:194: &lt;py._xmlgen.raw object at 0x7f1dde7b8c18&gt;</skipped></testcase><testcase classname="src.pymortests.vectorarray" file="src/pymortests/vectorarray.py" line="194" name="test_shape[0-&lt;lambda&gt;25]" time="0.0004382133483886719"><skipped message="Suite splitting in effect" type="pytest.skip">src/pymortests/vectorarray.py:194: &lt;py._xmlgen.raw object at 0x7f1dde74a6d8&gt;</skipped></testcase><testcase classname="src.pymortests.vectorarray" file="src/pymortests/vectorarray.py" line="194" name="test_shape[0-&lt;lambda&gt;26]" time="0.00043320655822753906"><skipped message="Suite splitting in effect" type="pytest.skip">src/pymortests/vectorarray.py:194: &lt;py._xmlgen.raw object at 0x7f1dd4548240&gt;</skipped></testcase><testcase classname="src.pymortests.vectorarray" file="src/pymortests/vectorarray.py" line="194" name="test_shape[1-&lt;lambda&gt;0]" time="0.0007371902465820312"><skipped message="Suite splitting in effect" type="pytest.skip">src/pymortests/vectorarray.py:194: &lt;py._xmlgen.raw object at 0x7f1dd45489b0&gt;</skipped></testcase><testcase classname="src.pymortests.vectorarray" file="src/pymortests/vectorarray.py" line="194" name="test_shape[1-&lt;lambda&gt;1]" time="0.0004558563232421875"><skipped message="Suite splitting in effect" type="pytest.skip">src/pymortests/vectorarray.py:194: &lt;py._xmlgen.raw object at 0x7f1dde7233c8&gt;</skipped></testcase><testcase classname="src.pymortests.vectorarray" file="src/pymortests/vectorarray.py" line="194" name="test_shape[1-&lt;lambda&gt;2]" time="0.00045871734619140625"><skipped message="Suite splitting in effect" type="pytest.skip">src/pymortests/vectorarray.py:194: &lt;py._xmlgen.raw object at 0x7f1dd45afd68&gt;</skipped></testcase><testcase classname="src.pymortests.vectorarray" file="src/pymortests/vectorarray.py" line="194" name="test_shape[1-&lt;lambda&gt;3]" time="0.0004603862762451172"><skipped message="Suite splitting in effect" type="pytest.skip">src/pymortests/vectorarray.py:194: &lt;py._xmlgen.raw object at 0x7f1dde7cc2e8&gt;</skipped></testcase><testcase classname="src.pymortests.vectorarray" file="src/pymortests/vectorarray.py" line="194" name="test_shape[1-&lt;lambda&gt;4]" time="0.00045943260192871094"><skipped message="Suite splitting in effect" type="pytest.skip">src/pymortests/vectorarray.py:194: &lt;py._xmlgen.raw object at 0x7f1dd45dc588&gt;</skipped></testcase><testcase classname="src.pymortests.vectorarray" file="src/pymortests/vectorarray.py" line="194" name="test_shape[1-&lt;lambda&gt;5]" time="0.00044465065002441406"><skipped message="Suite splitting in effect" type="pytest.skip">src/pymortests/vectorarray.py:194: &lt;py._xmlgen.raw object at 0x7f1dd453b6a0&gt;</skipped></testcase><testcase classname="src.pymortests.vectorarray" file="src/pymortests/vectorarray.py" line="194" name="test_shape[1-&lt;lambda&gt;6]" time="0.00045609474182128906"><skipped message="Suite splitting in effect" type="pytest.skip">src/pymortests/vectorarray.py:194: &lt;py._xmlgen.raw object at 0x7f1dd4548b00&gt;</skipped></testcase><testcase classname="src.pymortests.vectorarray" file="src/pymortests/vectorarray.py" line="194" name="test_shape[1-&lt;lambda&gt;7]" time="0.0004417896270751953"><skipped message="Suite splitting in effect" type="pytest.skip">src/pymortests/vectorarray.py:194: &lt;py._xmlgen.raw object at 0x7f1dd4548048&gt;</skipped></testcase><testcase classname="src.pymortests.vectorarray" file="src/pymortests/vectorarray.py" line="194" name="test_shape[1-&lt;lambda&gt;8]" time="0.0007541179656982422"><skipped message="Suite splitting in effect" type="pytest.skip">src/pymortests/vectorarray.py:194: &lt;py._xmlgen.raw object at 0x7f1dd4548fd0&gt;</skipped></testcase><testcase classname="src.pymortests.vectorarray" file="src/pymortests/vectorarray.py" line="194" name="test_shape[1-&lt;lambda&gt;9]" time="0.0004062652587890625"><skipped message="Suite splitting in effect" type="pytest.skip">src/pymortests/vectorarray.py:194: &lt;py._xmlgen.raw object at 0x7f1dd4548048&gt;</skipped></testcase><testcase classname="src.pymortests.vectorarray" file="src/pymortests/vectorarray.py" line="194" name="test_shape[1-&lt;lambda&gt;10]" time="0.00044417381286621094"><skipped message="Suite splitting in effect" type="pytest.skip">src/pymortests/vectorarray.py:194: &lt;py._xmlgen.raw object at 0x7f1dd4635828&gt;</skipped></testcase><testcase classname="src.pymortests.vectorarray" file="src/pymortests/vectorarray.py" line="194" name="test_shape[1-&lt;lambda&gt;11]" time="0.0004277229309082031"><skipped message="Suite splitting in effect" type="pytest.skip">src/pymortests/vectorarray.py:194: &lt;py._xmlgen.raw object at 0x7f1dd453b278&gt;</skipped></testcase><testcase classname="src.pymortests.vectorarray" file="src/pymortests/vectorarray.py" line="194" name="test_shape[1-&lt;lambda&gt;12]" time="0.0004494190216064453"><skipped message="Suite splitting in effect" type="pytest.skip">src/pymortests/vectorarray.py:194: &lt;py._xmlgen.raw object at 0x7f1dde782320&gt;</skipped></testcase><testcase classname="src.pymortests.vectorarray" file="src/pymortests/vectorarray.py" line="194" name="test_shape[1-&lt;lambda&gt;13]" time="0.00045943260192871094"><skipped message="Suite splitting in effect" type="pytest.skip">src/pymortests/vectorarray.py:194: &lt;py._xmlgen.raw object at 0x7f1dd45afd68&gt;</skipped></testcase><testcase classname="src.pymortests.vectorarray" file="src/pymortests/vectorarray.py" line="194" name="test_shape[1-&lt;lambda&gt;14]" time="0.00043392181396484375"><skipped message="Suite splitting in effect" type="pytest.skip">src/pymortests/vectorarray.py:194: &lt;py._xmlgen.raw object at 0x7f1dde74ad68&gt;</skipped></testcase><testcase classname="src.pymortests.vectorarray" file="src/pymortests/vectorarray.py" line="194" name="test_shape[1-&lt;lambda&gt;15]" time="0.00043272972106933594"><skipped message="Suite splitting in effect" type="pytest.skip">src/pymortests/vectorarray.py:194: &lt;py._xmlgen.raw object at 0x7f1dd4551128&gt;</skipped></testcase><testcase classname="src.pymortests.vectorarray" file="src/pymortests/vectorarray.py" line="194" name="test_shape[1-&lt;lambda&gt;16]" time="0.0009877681732177734"><skipped message="Suite splitting in effect" type="pytest.skip">src/pymortests/vectorarray.py:194: &lt;py._xmlgen.raw object at 0x7f1dd4551630&gt;</skipped></testcase><testcase classname="src.pymortests.vectorarray" file="src/pymortests/vectorarray.py" line="194" name="test_shape[1-&lt;lambda&gt;17]" time="0.00043010711669921875"><skipped message="Suite splitting in effect" type="pytest.skip">src/pymortests/vectorarray.py:194: &lt;py._xmlgen.raw object at 0x7f1dde74a390&gt;</skipped></testcase><testcase classname="src.pymortests.vectorarray" file="src/pymortests/vectorarray.py" line="194" name="test_shape[1-&lt;lambda&gt;18]" time="0.00048542022705078125"><skipped message="Suite splitting in effect" type="pytest.skip">src/pymortests/vectorarray.py:194: &lt;py._xmlgen.raw object at 0x7f1dd45af898&gt;</skipped></testcase><testcase classname="src.pymortests.vectorarray" file="src/pymortests/vectorarray.py" line="194" name="test_shape[1-&lt;lambda&gt;19]" time="0.0004699230194091797"><skipped message="Suite splitting in effect" type="pytest.skip">src/pymortests/vectorarray.py:194: &lt;py._xmlgen.raw object at 0x7f1dde733f60&gt;</skipped></testcase><testcase classname="src.pymortests.vectorarray" file="src/pymortests/vectorarray.py" line="194" name="test_shape[1-&lt;lambda&gt;20]" time="0.00044989585876464844"><skipped message="Suite splitting in effect" type="pytest.skip">src/pymortests/vectorarray.py:194: &lt;py._xmlgen.raw object at 0x7f1dd4635828&gt;</skipped></testcase><testcase classname="src.pymortests.vectorarray" file="src/pymortests/vectorarray.py" line="194" name="test_shape[1-&lt;lambda&gt;21]" time="0.0004642009735107422"><skipped message="Suite splitting in effect" type="pytest.skip">src/pymortests/vectorarray.py:194: &lt;py._xmlgen.raw object at 0x7f1dd4548278&gt;</skipped></testcase><testcase classname="src.pymortests.vectorarray" file="src/pymortests/vectorarray.py" line="194" name="test_shape[1-&lt;lambda&gt;22]" time="0.0004239082336425781"><skipped message="Suite splitting in effect" type="pytest.skip">src/pymortests/vectorarray.py:194: &lt;py._xmlgen.raw object at 0x7f1dd4548ef0&gt;</skipped></testcase><testcase classname="src.pymortests.vectorarray" file="src/pymortests/vectorarray.py" line="194" name="test_shape[1-&lt;lambda&gt;23]" time="0.0004372596740722656"><skipped message="Suite splitting in effect" type="pytest.skip">src/pymortests/vectorarray.py:194: &lt;py._xmlgen.raw object at 0x7f1dd45512b0&gt;</skipped></testcase><testcase classname="src.pymortests.vectorarray" file="src/pymortests/vectorarray.py" line="194" name="test_shape[1-&lt;lambda&gt;24]" time="0.0010709762573242188"><skipped message="Suite splitting in effect" type="pytest.skip">src/pymortests/vectorarray.py:194: &lt;py._xmlgen.raw object at 0x7f1dd4551c50&gt;</skipped></testcase><testcase classname="src.pymortests.vectorarray" file="src/pymortests/vectorarray.py" line="194" name="test_shape[1-&lt;lambda&gt;25]" time="0.00048041343688964844"><skipped message="Suite splitting in effect" type="pytest.skip">src/pymortests/vectorarray.py:194: &lt;py._xmlgen.raw object at 0x7f1dd4548160&gt;</skipped></testcase><testcase classname="src.pymortests.vectorarray" file="src/pymortests/vectorarray.py" line="194" name="test_shape[1-&lt;lambda&gt;26]" time="0.00044798851013183594"><skipped message="Suite splitting in effect" type="pytest.skip">src/pymortests/vectorarray.py:194: &lt;py._xmlgen.raw object at 0x7f1dd453ba20&gt;</skipped></testcase><testcase classname="src.pymortests.vectorarray" file="src/pymortests/vectorarray.py" line="194" name="test_shape[2-&lt;lambda&gt;0]" time="0.00045228004455566406"><skipped message="Suite splitting in effect" type="pytest.skip">src/pymortests/vectorarray.py:194: &lt;py._xmlgen.raw object at 0x7f1dde7821d0&gt;</skipped></testcase><testcase classname="src.pymortests.vectorarray" file="src/pymortests/vectorarray.py" line="194" name="test_shape[2-&lt;lambda&gt;1]" time="0.00044608116149902344"><skipped message="Suite splitting in effect" type="pytest.skip">src/pymortests/vectorarray.py:194: &lt;py._xmlgen.raw object at 0x7f1dd45afe10&gt;</skipped></testcase><testcase classname="src.pymortests.vectorarray" file="src/pymortests/vectorarray.py" line="194" name="test_shape[2-&lt;lambda&gt;2]" time="0.00043010711669921875"><skipped message="Suite splitting in effect" type="pytest.skip">src/pymortests/vectorarray.py:194: &lt;py._xmlgen.raw object at 0x7f1dde74a588&gt;</skipped></testcase><testcase classname="src.pymortests.vectorarray" file="src/pymortests/vectorarray.py" line="194" name="test_shape[2-&lt;lambda&gt;3]" time="0.00043320655822753906"><skipped message="Suite splitting in effect" type="pytest.skip">src/pymortests/vectorarray.py:194: &lt;py._xmlgen.raw object at 0x7f1dd4551160&gt;</skipped></testcase><testcase classname="src.pymortests.vectorarray" file="src/pymortests/vectorarray.py" line="194" name="test_shape[2-&lt;lambda&gt;4]" time="0.0004394054412841797"><skipped message="Suite splitting in effect" type="pytest.skip">src/pymortests/vectorarray.py:194: &lt;py._xmlgen.raw object at 0x7f1dd45514a8&gt;</skipped></testcase><testcase classname="src.pymortests.vectorarray" file="src/pymortests/vectorarray.py" line="194" name="test_shape[2-&lt;lambda&gt;5]" time="0.0007495880126953125"><skipped message="Suite splitting in effect" type="pytest.skip">src/pymortests/vectorarray.py:194: &lt;py._xmlgen.raw object at 0x7f1dd455d2b0&gt;</skipped></testcase><testcase classname="src.pymortests.vectorarray" file="src/pymortests/vectorarray.py" line="194" name="test_shape[2-&lt;lambda&gt;6]" time="0.0004184246063232422"><skipped message="Suite splitting in effect" type="pytest.skip">src/pymortests/vectorarray.py:194: &lt;py._xmlgen.raw object at 0x7f1dd45512b0&gt;</skipped></testcase><testcase classname="src.pymortests.vectorarray" file="src/pymortests/vectorarray.py" line="194" name="test_shape[2-&lt;lambda&gt;7]" time="0.00043201446533203125"><skipped message="Suite splitting in effect" type="pytest.skip">src/pymortests/vectorarray.py:194: &lt;py._xmlgen.raw object at 0x7f1dd45a5ef0&gt;</skipped></testcase><testcase classname="src.pymortests.vectorarray" file="src/pymortests/vectorarray.py" line="194" name="test_shape[2-&lt;lambda&gt;8]" time="0.0004115104675292969"><skipped message="Suite splitting in effect" type="pytest.skip">src/pymortests/vectorarray.py:194: &lt;py._xmlgen.raw object at 0x7f1dde7b8c18&gt;</skipped></testcase><testcase classname="src.pymortests.vectorarray" file="src/pymortests/vectorarray.py" line="194" name="test_shape[2-&lt;lambda&gt;9]" time="0.0004258155822753906"><skipped message="Suite splitting in effect" type="pytest.skip">src/pymortests/vectorarray.py:194: &lt;py._xmlgen.raw object at 0x7f1dde7bb198&gt;</skipped></testcase><testcase classname="src.pymortests.vectorarray" file="src/pymortests/vectorarray.py" line="194" name="test_shape[2-&lt;lambda&gt;10]" time="0.00042319297790527344"><skipped message="Suite splitting in effect" type="pytest.skip">src/pymortests/vectorarray.py:194: &lt;py._xmlgen.raw object at 0x7f1dde6d76d8&gt;</skipped></testcase><testcase classname="src.pymortests.vectorarray" file="src/pymortests/vectorarray.py" line="194" name="test_shape[2-&lt;lambda&gt;11]" time="0.0004363059997558594"><skipped message="Suite splitting in effect" type="pytest.skip">src/pymortests/vectorarray.py:194: &lt;py._xmlgen.raw object at 0x7f1dd4548c88&gt;</skipped></testcase><testcase classname="src.pymortests.vectorarray" file="src/pymortests/vectorarray.py" line="194" name="test_shape[2-&lt;lambda&gt;12]" time="0.00043582916259765625"><skipped message="Suite splitting in effect" type="pytest.skip">src/pymortests/vectorarray.py:194: &lt;py._xmlgen.raw object at 0x7f1dd455d128&gt;</skipped></testcase><testcase classname="src.pymortests.vectorarray" file="src/pymortests/vectorarray.py" line="194" name="test_shape[2-&lt;lambda&gt;13]" time="0.0007452964782714844"><skipped message="Suite splitting in effect" type="pytest.skip">src/pymortests/vectorarray.py:194: &lt;py._xmlgen.raw object at 0x7f1dd455d8d0&gt;</skipped></testcase><testcase classname="src.pymortests.vectorarray" file="src/pymortests/vectorarray.py" line="194" name="test_shape[2-&lt;lambda&gt;14]" time="0.0004367828369140625"><skipped message="Suite splitting in effect" type="pytest.skip">src/pymortests/vectorarray.py:194: &lt;py._xmlgen.raw object at 0x7f1dde6d74e0&gt;</skipped></testcase><testcase classname="src.pymortests.vectorarray" file="src/pymortests/vectorarray.py" line="194" name="test_shape[2-&lt;lambda&gt;15]" time="0.0004684925079345703"><skipped message="Suite splitting in effect" type="pytest.skip">src/pymortests/vectorarray.py:194: &lt;py._xmlgen.raw object at 0x7f1dd453beb8&gt;</skipped></testcase><testcase classname="src.pymortests.vectorarray" file="src/pymortests/vectorarray.py" line="194" name="test_shape[2-&lt;lambda&gt;16]" time="0.00047135353088378906"><skipped message="Suite splitting in effect" type="pytest.skip">src/pymortests/vectorarray.py:194: &lt;py._xmlgen.raw object at 0x7f1dde723278&gt;</skipped></testcase><testcase classname="src.pymortests.vectorarray" file="src/pymortests/vectorarray.py" line="194" name="test_shape[2-&lt;lambda&gt;17]" time="0.00045228004455566406"><skipped message="Suite splitting in effect" type="pytest.skip">src/pymortests/vectorarray.py:194: &lt;py._xmlgen.raw object at 0x7f1dd4551978&gt;</skipped></testcase><testcase classname="src.pymortests.vectorarray" file="src/pymortests/vectorarray.py" line="194" name="test_shape[2-&lt;lambda&gt;18]" time="0.0004482269287109375"><skipped message="Suite splitting in effect" type="pytest.skip">src/pymortests/vectorarray.py:194: &lt;py._xmlgen.raw object at 0x7f1dd4551e10&gt;</skipped></testcase><testcase classname="src.pymortests.vectorarray" file="src/pymortests/vectorarray.py" line="194" name="test_shape[2-&lt;lambda&gt;19]" time="0.0004680156707763672"><skipped message="Suite splitting in effect" type="pytest.skip">src/pymortests/vectorarray.py:194: &lt;py._xmlgen.raw object at 0x7f1dd455d9b0&gt;</skipped></testcase><testcase classname="src.pymortests.vectorarray" file="src/pymortests/vectorarray.py" line="194" name="test_shape[2-&lt;lambda&gt;20]" time="0.0004544258117675781"><skipped message="Suite splitting in effect" type="pytest.skip">src/pymortests/vectorarray.py:194: &lt;py._xmlgen.raw object at 0x7f1dd455d3c8&gt;</skipped></testcase><testcase classname="src.pymortests.vectorarray" file="src/pymortests/vectorarray.py" line="194" name="test_shape[2-&lt;lambda&gt;21]" time="0.0008127689361572266"><skipped message="Suite splitting in effect" type="pytest.skip">src/pymortests/vectorarray.py:194: &lt;py._xmlgen.raw object at 0x7f1dd455def0&gt;</skipped></testcase><testcase classname="src.pymortests.vectorarray" file="src/pymortests/vectorarray.py" line="194" name="test_shape[2-&lt;lambda&gt;22]" time="0.0005018711090087891"><skipped message="Suite splitting in effect" type="pytest.skip">src/pymortests/vectorarray.py:194: &lt;py._xmlgen.raw object at 0x7f1dd455d6a0&gt;</skipped></testcase><testcase classname="src.pymortests.vectorarray" file="src/pymortests/vectorarray.py" line="194" name="test_shape[2-&lt;lambda&gt;23]" time="0.00046634674072265625"><skipped message="Suite splitting in effect" type="pytest.skip">src/pymortests/vectorarray.py:194: &lt;py._xmlgen.raw object at 0x7f1dde6e7630&gt;</skipped></testcase><testcase classname="src.pymortests.vectorarray" file="src/pymortests/vectorarray.py" line="194" name="test_shape[2-&lt;lambda&gt;24]" time="0.000507354736328125"><skipped message="Suite splitting in effect" type="pytest.skip">src/pymortests/vectorarray.py:194: &lt;py._xmlgen.raw object at 0x7f1dd45517f0&gt;</skipped></testcase><testcase classname="src.pymortests.vectorarray" file="src/pymortests/vectorarray.py" line="194" name="test_shape[2-&lt;lambda&gt;25]" time="0.0004382133483886719"><skipped message="Suite splitting in effect" type="pytest.skip">src/pymortests/vectorarray.py:194: &lt;py._xmlgen.raw object at 0x7f1dd4551978&gt;</skipped></testcase><testcase classname="src.pymortests.vectorarray" file="src/pymortests/vectorarray.py" line="194" name="test_shape[2-&lt;lambda&gt;26]" time="0.00043773651123046875"><skipped message="Suite splitting in effect" type="pytest.skip">src/pymortests/vectorarray.py:194: &lt;py._xmlgen.raw object at 0x7f1dd45afdd8&gt;</skipped></testcase><testcase classname="src.pymortests.vectorarray" file="src/pymortests/vectorarray.py" line="204" name="test_space[0-&lt;lambda&gt;0]" time="0.0004322528839111328"><skipped message="Suite splitting in effect" type="pytest.skip">src/pymortests/vectorarray.py:204: &lt;py._xmlgen.raw object at 0x7f1dde6d7240&gt;</skipped></testcase><testcase classname="src.pymortests.vectorarray" file="src/pymortests/vectorarray.py" line="204" name="test_space[0-&lt;lambda&gt;1]" time="0.0004665851593017578"><skipped message="Suite splitting in effect" type="pytest.skip">src/pymortests/vectorarray.py:204: &lt;py._xmlgen.raw object at 0x7f1dd4548ba8&gt;</skipped></testcase><testcase classname="src.pymortests.vectorarray" file="src/pymortests/vectorarray.py" line="204" name="test_space[0-&lt;lambda&gt;2]" time="0.0010576248168945312"><skipped message="Suite splitting in effect" type="pytest.skip">src/pymortests/vectorarray.py:204: &lt;py._xmlgen.raw object at 0x7f1dd4569550&gt;</skipped></testcase><testcase classname="src.pymortests.vectorarray" file="src/pymortests/vectorarray.py" line="204" name="test_space[0-&lt;lambda&gt;3]" time="0.00046062469482421875"><skipped message="Suite splitting in effect" type="pytest.skip">src/pymortests/vectorarray.py:204: &lt;py._xmlgen.raw object at 0x7f1dde74afd0&gt;</skipped></testcase><testcase classname="src.pymortests.vectorarray" file="src/pymortests/vectorarray.py" line="204" name="test_space[0-&lt;lambda&gt;4]" time="0.00044727325439453125"><skipped message="Suite splitting in effect" type="pytest.skip">src/pymortests/vectorarray.py:204: &lt;py._xmlgen.raw object at 0x7f1dde6e7e10&gt;</skipped></testcase><testcase classname="src.pymortests.vectorarray" file="src/pymortests/vectorarray.py" line="204" name="test_space[0-&lt;lambda&gt;5]" time="0.0004398822784423828"><skipped message="Suite splitting in effect" type="pytest.skip">src/pymortests/vectorarray.py:204: &lt;py._xmlgen.raw object at 0x7f1dd455d9b0&gt;</skipped></testcase><testcase classname="src.pymortests.vectorarray" file="src/pymortests/vectorarray.py" line="204" name="test_space[0-&lt;lambda&gt;6]" time="0.00046563148498535156"><skipped message="Suite splitting in effect" type="pytest.skip">src/pymortests/vectorarray.py:204: &lt;py._xmlgen.raw object at 0x7f1dd455dfd0&gt;</skipped></testcase><testcase classname="src.pymortests.vectorarray" file="src/pymortests/vectorarray.py" line="204" name="test_space[0-&lt;lambda&gt;7]" time="0.00043129920959472656"><skipped message="Suite splitting in effect" type="pytest.skip">src/pymortests/vectorarray.py:204: &lt;py._xmlgen.raw object at 0x7f1dd4551f98&gt;</skipped></testcase><testcase classname="src.pymortests.vectorarray" file="src/pymortests/vectorarray.py" line="204" name="test_space[0-&lt;lambda&gt;8]" time="0.00045013427734375"><skipped message="Suite splitting in effect" type="pytest.skip">src/pymortests/vectorarray.py:204: &lt;py._xmlgen.raw object at 0x7f1dd4548ba8&gt;</skipped></testcase><testcase classname="src.pymortests.vectorarray" file="src/pymortests/vectorarray.py" line="204" name="test_space[0-&lt;lambda&gt;9]" time="0.0004353523254394531"><skipped message="Suite splitting in effect" type="pytest.skip">src/pymortests/vectorarray.py:204: &lt;py._xmlgen.raw object at 0x7f1dd45ec3c8&gt;</skipped></testcase><testcase classname="src.pymortests.vectorarray" file="src/pymortests/vectorarray.py" line="204" name="test_space[0-&lt;lambda&gt;10]" time="0.0004532337188720703"><skipped message="Suite splitting in effect" type="pytest.skip">src/pymortests/vectorarray.py:204: &lt;py._xmlgen.raw object at 0x7f1dd453b128&gt;</skipped></testcase><testcase classname="src.pymortests.vectorarray" file="src/pymortests/vectorarray.py" line="204" name="test_space[0-&lt;lambda&gt;11]" time="0.0007894039154052734"><skipped message="Suite splitting in effect" type="pytest.skip">src/pymortests/vectorarray.py:204: &lt;py._xmlgen.raw object at 0x7f1dd453b4a8&gt;</skipped></testcase><testcase classname="src.pymortests.vectorarray" file="src/pymortests/vectorarray.py" line="204" name="test_space[0-&lt;lambda&gt;12]" time="0.000453948974609375"><skipped message="Suite splitting in effect" type="pytest.skip">src/pymortests/vectorarray.py:204: &lt;py._xmlgen.raw object at 0x7f1dd4548ba8&gt;</skipped></testcase><testcase classname="src.pymortests.vectorarray" file="src/pymortests/vectorarray.py" line="204" name="test_space[0-&lt;lambda&gt;13]" time="0.0004658699035644531"><skipped message="Suite splitting in effect" type="pytest.skip">src/pymortests/vectorarray.py:204: &lt;py._xmlgen.raw object at 0x7f1dd4551240&gt;</skipped></testcase><testcase classname="src.pymortests.vectorarray" file="src/pymortests/vectorarray.py" line="204" name="test_space[0-&lt;lambda&gt;14]" time="0.0004715919494628906"><skipped message="Suite splitting in effect" type="pytest.skip">src/pymortests/vectorarray.py:204: &lt;py._xmlgen.raw object at 0x7f1dd455dbe0&gt;</skipped></testcase><testcase classname="src.pymortests.vectorarray" file="src/pymortests/vectorarray.py" line="204" name="test_space[0-&lt;lambda&gt;15]" time="0.00045990943908691406"><skipped message="Suite splitting in effect" type="pytest.skip">src/pymortests/vectorarray.py:204: &lt;py._xmlgen.raw object at 0x7f1dd45a5a90&gt;</skipped></testcase><testcase classname="src.pymortests.vectorarray" file="src/pymortests/vectorarray.py" line="204" name="test_space[0-&lt;lambda&gt;16]" time="0.00046181678771972656"><skipped message="Suite splitting in effect" type="pytest.skip">src/pymortests/vectorarray.py:204: &lt;py._xmlgen.raw object at 0x7f1dde70ee48&gt;</skipped></testcase><testcase classname="src.pymortests.vectorarray" file="src/pymortests/vectorarray.py" line="204" name="test_space[0-&lt;lambda&gt;17]" time="0.00042819976806640625"><skipped message="Suite splitting in effect" type="pytest.skip">src/pymortests/vectorarray.py:204: &lt;py._xmlgen.raw object at 0x7f1dde6f8240&gt;</skipped></testcase><testcase classname="src.pymortests.vectorarray" file="src/pymortests/vectorarray.py" line="204" name="test_space[0-&lt;lambda&gt;18]" time="0.00046825408935546875"><skipped message="Suite splitting in effect" type="pytest.skip">src/pymortests/vectorarray.py:204: &lt;py._xmlgen.raw object at 0x7f1dde7233c8&gt;</skipped></testcase><testcase classname="src.pymortests.vectorarray" file="src/pymortests/vectorarray.py" line="204" name="test_space[0-&lt;lambda&gt;19]" time="0.000751495361328125"><skipped message="Suite splitting in effect" type="pytest.skip">src/pymortests/vectorarray.py:204: &lt;py._xmlgen.raw object at 0x7f1dd458bc88&gt;</skipped></testcase><testcase classname="src.pymortests.vectorarray" file="src/pymortests/vectorarray.py" line="204" name="test_space[0-&lt;lambda&gt;20]" time="0.00046443939208984375"><skipped message="Suite splitting in effect" type="pytest.skip">src/pymortests/vectorarray.py:204: &lt;py._xmlgen.raw object at 0x7f1dde70ef98&gt;</skipped></testcase><testcase classname="src.pymortests.vectorarray" file="src/pymortests/vectorarray.py" line="204" name="test_space[0-&lt;lambda&gt;21]" time="0.000438690185546875"><skipped message="Suite splitting in effect" type="pytest.skip">src/pymortests/vectorarray.py:204: &lt;py._xmlgen.raw object at 0x7f1dde6e7438&gt;</skipped></testcase><testcase classname="src.pymortests.vectorarray" file="src/pymortests/vectorarray.py" line="204" name="test_space[0-&lt;lambda&gt;22]" time="0.0004336833953857422"><skipped message="Suite splitting in effect" type="pytest.skip">src/pymortests/vectorarray.py:204: &lt;py._xmlgen.raw object at 0x7f1dd455d630&gt;</skipped></testcase><testcase classname="src.pymortests.vectorarray" file="src/pymortests/vectorarray.py" line="204" name="test_space[0-&lt;lambda&gt;23]" time="0.0004420280456542969"><skipped message="Suite splitting in effect" type="pytest.skip">src/pymortests/vectorarray.py:204: &lt;py._xmlgen.raw object at 0x7f1dd45517f0&gt;</skipped></testcase><testcase classname="src.pymortests.vectorarray" file="src/pymortests/vectorarray.py" line="204" name="test_space[0-&lt;lambda&gt;24]" time="0.00042057037353515625"><skipped message="Suite splitting in effect" type="pytest.skip">src/pymortests/vectorarray.py:204: &lt;py._xmlgen.raw object at 0x7f1dd4548ef0&gt;</skipped></testcase><testcase classname="src.pymortests.vectorarray" file="src/pymortests/vectorarray.py" line="204" name="test_space[0-&lt;lambda&gt;25]" time="0.0004353523254394531"><skipped message="Suite splitting in effect" type="pytest.skip">src/pymortests/vectorarray.py:204: &lt;py._xmlgen.raw object at 0x7f1dd4569240&gt;</skipped></testcase><testcase classname="src.pymortests.vectorarray" file="src/pymortests/vectorarray.py" line="204" name="test_space[0-&lt;lambda&gt;26]" time="0.0004115104675292969"><skipped message="Suite splitting in effect" type="pytest.skip">src/pymortests/vectorarray.py:204: &lt;py._xmlgen.raw object at 0x7f1dd4569a58&gt;</skipped></testcase><testcase classname="src.pymortests.vectorarray" file="src/pymortests/vectorarray.py" line="204" name="test_space[1-&lt;lambda&gt;0]" time="0.0007255077362060547"><skipped message="Suite splitting in effect" type="pytest.skip">src/pymortests/vectorarray.py:204: &lt;py._xmlgen.raw object at 0x7f1dd4569f98&gt;</skipped></testcase><testcase classname="src.pymortests.vectorarray" file="src/pymortests/vectorarray.py" line="204" name="test_space[1-&lt;lambda&gt;1]" time="0.0004410743713378906"><skipped message="Suite splitting in effect" type="pytest.skip">src/pymortests/vectorarray.py:204: &lt;py._xmlgen.raw object at 0x7f1dd45697b8&gt;</skipped></testcase><testcase classname="src.pymortests.vectorarray" file="src/pymortests/vectorarray.py" line="204" name="test_space[1-&lt;lambda&gt;2]" time="0.00045180320739746094"><skipped message="Suite splitting in effect" type="pytest.skip">src/pymortests/vectorarray.py:204: &lt;py._xmlgen.raw object at 0x7f1dd45489e8&gt;</skipped></testcase><testcase classname="src.pymortests.vectorarray" file="src/pymortests/vectorarray.py" line="204" name="test_space[1-&lt;lambda&gt;3]" time="0.0004329681396484375"><skipped message="Suite splitting in effect" type="pytest.skip">src/pymortests/vectorarray.py:204: &lt;py._xmlgen.raw object at 0x7f1dd4551e80&gt;</skipped></testcase><testcase classname="src.pymortests.vectorarray" file="src/pymortests/vectorarray.py" line="204" name="test_space[1-&lt;lambda&gt;4]" time="0.0004284381866455078"><skipped message="Suite splitting in effect" type="pytest.skip">src/pymortests/vectorarray.py:204: &lt;py._xmlgen.raw object at 0x7f1dd455da20&gt;</skipped></testcase><testcase classname="src.pymortests.vectorarray" file="src/pymortests/vectorarray.py" line="204" name="test_space[1-&lt;lambda&gt;5]" time="0.0004093647003173828"><skipped message="Suite splitting in effect" type="pytest.skip">src/pymortests/vectorarray.py:204: &lt;py._xmlgen.raw object at 0x7f1dde6e7b70&gt;</skipped></testcase><testcase classname="src.pymortests.vectorarray" file="src/pymortests/vectorarray.py" line="204" name="test_space[1-&lt;lambda&gt;6]" time="0.0004119873046875"><skipped message="Suite splitting in effect" type="pytest.skip">src/pymortests/vectorarray.py:204: &lt;py._xmlgen.raw object at 0x7f1dde7825c0&gt;</skipped></testcase><testcase classname="src.pymortests.vectorarray" file="src/pymortests/vectorarray.py" line="204" name="test_space[1-&lt;lambda&gt;7]" time="0.0004489421844482422"><skipped message="Suite splitting in effect" type="pytest.skip">src/pymortests/vectorarray.py:204: &lt;py._xmlgen.raw object at 0x7f1dd458b320&gt;</skipped></testcase><testcase classname="src.pymortests.vectorarray" file="src/pymortests/vectorarray.py" line="204" name="test_space[1-&lt;lambda&gt;8]" time="0.0007605552673339844"><skipped message="Suite splitting in effect" type="pytest.skip">src/pymortests/vectorarray.py:204: &lt;py._xmlgen.raw object at 0x7f1dd4577518&gt;</skipped></testcase><testcase classname="src.pymortests.vectorarray" file="src/pymortests/vectorarray.py" line="204" name="test_space[1-&lt;lambda&gt;9]" time="0.0004482269287109375"><skipped message="Suite splitting in effect" type="pytest.skip">src/pymortests/vectorarray.py:204: &lt;py._xmlgen.raw object at 0x7f1dde7825c0&gt;</skipped></testcase><testcase classname="src.pymortests.vectorarray" file="src/pymortests/vectorarray.py" line="204" name="test_space[1-&lt;lambda&gt;10]" time="0.00044465065002441406"><skipped message="Suite splitting in effect" type="pytest.skip">src/pymortests/vectorarray.py:204: &lt;py._xmlgen.raw object at 0x7f1dde6e7cc0&gt;</skipped></testcase><testcase classname="src.pymortests.vectorarray" file="src/pymortests/vectorarray.py" line="204" name="test_space[1-&lt;lambda&gt;11]" time="0.00043845176696777344"><skipped message="Suite splitting in effect" type="pytest.skip">src/pymortests/vectorarray.py:204: &lt;py._xmlgen.raw object at 0x7f1dd455dc50&gt;</skipped></testcase><testcase classname="src.pymortests.vectorarray" file="src/pymortests/vectorarray.py" line="204" name="test_space[1-&lt;lambda&gt;12]" time="0.0004277229309082031"><skipped message="Suite splitting in effect" type="pytest.skip">src/pymortests/vectorarray.py:204: &lt;py._xmlgen.raw object at 0x7f1dd45514a8&gt;</skipped></testcase><testcase classname="src.pymortests.vectorarray" file="src/pymortests/vectorarray.py" line="204" name="test_space[1-&lt;lambda&gt;13]" time="0.00044798851013183594"><skipped message="Suite splitting in effect" type="pytest.skip">src/pymortests/vectorarray.py:204: &lt;py._xmlgen.raw object at 0x7f1dd4569c50&gt;</skipped></testcase><testcase classname="src.pymortests.vectorarray" file="src/pymortests/vectorarray.py" line="204" name="test_space[1-&lt;lambda&gt;14]" time="0.00043010711669921875"><skipped message="Suite splitting in effect" type="pytest.skip">src/pymortests/vectorarray.py:204: &lt;py._xmlgen.raw object at 0x7f1dd4569b00&gt;</skipped></testcase><testcase classname="src.pymortests.vectorarray" file="src/pymortests/vectorarray.py" line="204" name="test_space[1-&lt;lambda&gt;15]" time="0.0005078315734863281"><skipped message="Suite splitting in effect" type="pytest.skip">src/pymortests/vectorarray.py:204: &lt;py._xmlgen.raw object at 0x7f1dd4577438&gt;</skipped></testcase><testcase classname="src.pymortests.vectorarray" file="src/pymortests/vectorarray.py" line="204" name="test_space[1-&lt;lambda&gt;16]" time="0.0007343292236328125"><skipped message="Suite splitting in effect" type="pytest.skip">src/pymortests/vectorarray.py:204: &lt;py._xmlgen.raw object at 0x7f1dd4577b38&gt;</skipped></testcase><testcase classname="src.pymortests.vectorarray" file="src/pymortests/vectorarray.py" line="204" name="test_space[1-&lt;lambda&gt;17]" time="0.00041031837463378906"><skipped message="Suite splitting in effect" type="pytest.skip">src/pymortests/vectorarray.py:204: &lt;py._xmlgen.raw object at 0x7f1dd4569630&gt;</skipped></testcase><testcase classname="src.pymortests.vectorarray" file="src/pymortests/vectorarray.py" line="204" name="test_space[1-&lt;lambda&gt;18]" time="0.00043010711669921875"><skipped message="Suite splitting in effect" type="pytest.skip">src/pymortests/vectorarray.py:204: &lt;py._xmlgen.raw object at 0x7f1dd4551048&gt;</skipped></testcase><testcase classname="src.pymortests.vectorarray" file="src/pymortests/vectorarray.py" line="204" name="test_space[1-&lt;lambda&gt;19]" time="0.00040912628173828125"><skipped message="Suite splitting in effect" type="pytest.skip">src/pymortests/vectorarray.py:204: &lt;py._xmlgen.raw object at 0x7f1dd455d940&gt;</skipped></testcase><testcase classname="src.pymortests.vectorarray" file="src/pymortests/vectorarray.py" line="204" name="test_space[1-&lt;lambda&gt;20]" time="0.00043892860412597656"><skipped message="Suite splitting in effect" type="pytest.skip">src/pymortests/vectorarray.py:204: &lt;py._xmlgen.raw object at 0x7f1dd45a5ac8&gt;</skipped></testcase><testcase classname="src.pymortests.vectorarray" file="src/pymortests/vectorarray.py" line="204" name="test_space[1-&lt;lambda&gt;21]" time="0.0004124641418457031"><skipped message="Suite splitting in effect" type="pytest.skip">src/pymortests/vectorarray.py:204: &lt;py._xmlgen.raw object at 0x7f1dde6a15c0&gt;</skipped></testcase><testcase classname="src.pymortests.vectorarray" file="src/pymortests/vectorarray.py" line="204" name="test_space[1-&lt;lambda&gt;22]" time="0.0004744529724121094"><skipped message="Suite splitting in effect" type="pytest.skip">src/pymortests/vectorarray.py:204: &lt;py._xmlgen.raw object at 0x7f1dd4577860&gt;</skipped></testcase><testcase classname="src.pymortests.vectorarray" file="src/pymortests/vectorarray.py" line="204" name="test_space[1-&lt;lambda&gt;23]" time="0.0004284381866455078"><skipped message="Suite splitting in effect" type="pytest.skip">src/pymortests/vectorarray.py:204: &lt;py._xmlgen.raw object at 0x7f1dd45772e8&gt;</skipped></testcase><testcase classname="src.pymortests.vectorarray" file="src/pymortests/vectorarray.py" line="204" name="test_space[1-&lt;lambda&gt;24]" time="0.0007321834564208984"><skipped message="Suite splitting in effect" type="pytest.skip">src/pymortests/vectorarray.py:204: &lt;py._xmlgen.raw object at 0x7f1dd44ff198&gt;</skipped></testcase><testcase classname="src.pymortests.vectorarray" file="src/pymortests/vectorarray.py" line="204" name="test_space[1-&lt;lambda&gt;25]" time="0.00041365623474121094"><skipped message="Suite splitting in effect" type="pytest.skip">src/pymortests/vectorarray.py:204: &lt;py._xmlgen.raw object at 0x7f1dd4577a20&gt;</skipped></testcase><testcase classname="src.pymortests.vectorarray" file="src/pymortests/vectorarray.py" line="204" name="test_space[1-&lt;lambda&gt;26]" time="0.0004107952117919922"><skipped message="Suite splitting in effect" type="pytest.skip">src/pymortests/vectorarray.py:204: &lt;py._xmlgen.raw object at 0x7f1dde70efd0&gt;</skipped></testcase><testcase classname="src.pymortests.vectorarray" file="src/pymortests/vectorarray.py" line="204" name="test_space[2-&lt;lambda&gt;0]" time="0.000408172607421875"><skipped message="Suite splitting in effect" type="pytest.skip">src/pymortests/vectorarray.py:204: &lt;py._xmlgen.raw object at 0x7f1dd45a59b0&gt;</skipped></testcase><testcase classname="src.pymortests.vectorarray" file="src/pymortests/vectorarray.py" line="204" name="test_space[2-&lt;lambda&gt;1]" time="0.00045800209045410156"><skipped message="Suite splitting in effect" type="pytest.skip">src/pymortests/vectorarray.py:204: &lt;py._xmlgen.raw object at 0x7f1dd455df28&gt;</skipped></testcase><testcase classname="src.pymortests.vectorarray" file="src/pymortests/vectorarray.py" line="204" name="test_space[2-&lt;lambda&gt;2]" time="0.00043702125549316406"><skipped message="Suite splitting in effect" type="pytest.skip">src/pymortests/vectorarray.py:204: &lt;py._xmlgen.raw object at 0x7f1dd459ae48&gt;</skipped></testcase><testcase classname="src.pymortests.vectorarray" file="src/pymortests/vectorarray.py" line="204" name="test_space[2-&lt;lambda&gt;3]" time="0.0004611015319824219"><skipped message="Suite splitting in effect" type="pytest.skip">src/pymortests/vectorarray.py:204: &lt;py._xmlgen.raw object at 0x7f1dd4569b00&gt;</skipped></testcase><testcase classname="src.pymortests.vectorarray" file="src/pymortests/vectorarray.py" line="204" name="test_space[2-&lt;lambda&gt;4]" time="0.0004429817199707031"><skipped message="Suite splitting in effect" type="pytest.skip">src/pymortests/vectorarray.py:204: &lt;py._xmlgen.raw object at 0x7f1dd44ff320&gt;</skipped></testcase><testcase classname="src.pymortests.vectorarray" file="src/pymortests/vectorarray.py" line="204" name="test_space[2-&lt;lambda&gt;5]" time="0.0007238388061523438"><skipped message="Suite splitting in effect" type="pytest.skip">src/pymortests/vectorarray.py:204: &lt;py._xmlgen.raw object at 0x7f1dd44ff7b8&gt;</skipped></testcase><testcase classname="src.pymortests.vectorarray" file="src/pymortests/vectorarray.py" line="204" name="test_space[2-&lt;lambda&gt;6]" time="0.0004286766052246094"><skipped message="Suite splitting in effect" type="pytest.skip">src/pymortests/vectorarray.py:204: &lt;py._xmlgen.raw object at 0x7f1dde6b25c0&gt;</skipped></testcase><testcase classname="src.pymortests.vectorarray" file="src/pymortests/vectorarray.py" line="204" name="test_space[2-&lt;lambda&gt;7]" time="0.0004076957702636719"><skipped message="Suite splitting in effect" type="pytest.skip">src/pymortests/vectorarray.py:204: &lt;py._xmlgen.raw object at 0x7f1dd45ec3c8&gt;</skipped></testcase><testcase classname="src.pymortests.vectorarray" file="src/pymortests/vectorarray.py" line="204" name="test_space[2-&lt;lambda&gt;8]" time="0.0004253387451171875"><skipped message="Suite splitting in effect" type="pytest.skip">src/pymortests/vectorarray.py:204: &lt;py._xmlgen.raw object at 0x7f1dd455de10&gt;</skipped></testcase><testcase classname="src.pymortests.vectorarray" file="src/pymortests/vectorarray.py" line="204" name="test_space[2-&lt;lambda&gt;9]" time="0.0004382133483886719"><skipped message="Suite splitting in effect" type="pytest.skip">src/pymortests/vectorarray.py:204: &lt;py._xmlgen.raw object at 0x7f1dde6a1da0&gt;</skipped></testcase><testcase classname="src.pymortests.vectorarray" file="src/pymortests/vectorarray.py" line="204" name="test_space[2-&lt;lambda&gt;10]" time="0.00040984153747558594"><skipped message="Suite splitting in effect" type="pytest.skip">src/pymortests/vectorarray.py:204: &lt;py._xmlgen.raw object at 0x7f1dd4577748&gt;</skipped></testcase><testcase classname="src.pymortests.vectorarray" file="src/pymortests/vectorarray.py" line="204" name="test_space[2-&lt;lambda&gt;11]" time="0.00044083595275878906"><skipped message="Suite splitting in effect" type="pytest.skip">src/pymortests/vectorarray.py:204: &lt;py._xmlgen.raw object at 0x7f1dd458bf98&gt;</skipped></testcase><testcase classname="src.pymortests.vectorarray" file="src/pymortests/vectorarray.py" line="204" name="test_space[2-&lt;lambda&gt;12]" time="0.00045609474182128906"><skipped message="Suite splitting in effect" type="pytest.skip">src/pymortests/vectorarray.py:204: &lt;py._xmlgen.raw object at 0x7f1dd44ff048&gt;</skipped></testcase><testcase classname="src.pymortests.vectorarray" file="src/pymortests/vectorarray.py" line="204" name="test_space[2-&lt;lambda&gt;13]" time="0.0007586479187011719"><skipped message="Suite splitting in effect" type="pytest.skip">src/pymortests/vectorarray.py:204: &lt;py._xmlgen.raw object at 0x7f1dd44ffdd8&gt;</skipped></testcase><testcase classname="src.pymortests.vectorarray" file="src/pymortests/vectorarray.py" line="204" name="test_space[2-&lt;lambda&gt;14]" time="0.00043010711669921875"><skipped message="Suite splitting in effect" type="pytest.skip">src/pymortests/vectorarray.py:204: &lt;py._xmlgen.raw object at 0x7f1dd45775f8&gt;</skipped></testcase><testcase classname="src.pymortests.vectorarray" file="src/pymortests/vectorarray.py" line="204" name="test_space[2-&lt;lambda&gt;15]" time="0.0004410743713378906"><skipped message="Suite splitting in effect" type="pytest.skip">src/pymortests/vectorarray.py:204: &lt;py._xmlgen.raw object at 0x7f1dde6a1710&gt;</skipped></testcase><testcase classname="src.pymortests.vectorarray" file="src/pymortests/vectorarray.py" line="204" name="test_space[2-&lt;lambda&gt;16]" time="0.00044226646423339844"><skipped message="Suite splitting in effect" type="pytest.skip">src/pymortests/vectorarray.py:204: &lt;py._xmlgen.raw object at 0x7f1dd455df28&gt;</skipped></testcase><testcase classname="src.pymortests.vectorarray" file="src/pymortests/vectorarray.py" line="204" name="test_space[2-&lt;lambda&gt;17]" time="0.0004367828369140625"><skipped message="Suite splitting in effect" type="pytest.skip">src/pymortests/vectorarray.py:204: &lt;py._xmlgen.raw object at 0x7f1dd4551630&gt;</skipped></testcase><testcase classname="src.pymortests.vectorarray" file="src/pymortests/vectorarray.py" line="204" name="test_space[2-&lt;lambda&gt;18]" time="0.0004684925079345703"><skipped message="Suite splitting in effect" type="pytest.skip">src/pymortests/vectorarray.py:204: &lt;py._xmlgen.raw object at 0x7f1dd4569c50&gt;</skipped></testcase><testcase classname="src.pymortests.vectorarray" file="src/pymortests/vectorarray.py" line="204" name="test_space[2-&lt;lambda&gt;19]" time="0.0004894733428955078"><skipped message="Suite splitting in effect" type="pytest.skip">src/pymortests/vectorarray.py:204: &lt;py._xmlgen.raw object at 0x7f1dd44ffa90&gt;</skipped></testcase><testcase classname="src.pymortests.vectorarray" file="src/pymortests/vectorarray.py" line="204" name="test_space[2-&lt;lambda&gt;20]" time="0.00045013427734375"><skipped message="Suite splitting in effect" type="pytest.skip">src/pymortests/vectorarray.py:204: &lt;py._xmlgen.raw object at 0x7f1dd44ff6d8&gt;</skipped></testcase><testcase classname="src.pymortests.vectorarray" file="src/pymortests/vectorarray.py" line="204" name="test_space[2-&lt;lambda&gt;21]" time="0.0007379055023193359"><skipped message="Suite splitting in effect" type="pytest.skip">src/pymortests/vectorarray.py:204: &lt;py._xmlgen.raw object at 0x7f1dd450e438&gt;</skipped></testcase><testcase classname="src.pymortests.vectorarray" file="src/pymortests/vectorarray.py" line="204" name="test_space[2-&lt;lambda&gt;22]" time="0.0004134178161621094"><skipped message="Suite splitting in effect" type="pytest.skip">src/pymortests/vectorarray.py:204: &lt;py._xmlgen.raw object at 0x7f1dd44ff9b0&gt;</skipped></testcase><testcase classname="src.pymortests.vectorarray" file="src/pymortests/vectorarray.py" line="204" name="test_space[2-&lt;lambda&gt;23]" time="0.00040841102600097656"><skipped message="Suite splitting in effect" type="pytest.skip">src/pymortests/vectorarray.py:204: &lt;py._xmlgen.raw object at 0x7f1dde6b2da0&gt;</skipped></testcase><testcase classname="src.pymortests.vectorarray" file="src/pymortests/vectorarray.py" line="204" name="test_space[2-&lt;lambda&gt;24]" time="0.0004279613494873047"><skipped message="Suite splitting in effect" type="pytest.skip">src/pymortests/vectorarray.py:204: &lt;py._xmlgen.raw object at 0x7f1dde733f60&gt;</skipped></testcase><testcase classname="src.pymortests.vectorarray" file="src/pymortests/vectorarray.py" line="204" name="test_space[2-&lt;lambda&gt;25]" time="0.00041556358337402344"><skipped message="Suite splitting in effect" type="pytest.skip">src/pymortests/vectorarray.py:204: &lt;py._xmlgen.raw object at 0x7f1dd455dac8&gt;</skipped></testcase><testcase classname="src.pymortests.vectorarray" file="src/pymortests/vectorarray.py" line="204" name="test_space[2-&lt;lambda&gt;26]" time="0.00043392181396484375"><skipped message="Suite splitting in effect" type="pytest.skip">src/pymortests/vectorarray.py:204: &lt;py._xmlgen.raw object at 0x7f1dd4577828&gt;</skipped></testcase><testcase classname="src.pymortests.vectorarray" file="src/pymortests/vectorarray.py" line="210" name="test_getitem_repeated[0-&lt;lambda&gt;0]" time="0.0005018711090087891"><skipped message="Suite splitting in effect" type="pytest.skip">src/pymortests/vectorarray.py:210: &lt;py._xmlgen.raw object at 0x7f1dde6c15c0&gt;</skipped></testcase><testcase classname="src.pymortests.vectorarray" file="src/pymortests/vectorarray.py" line="210" name="test_getitem_repeated[0-&lt;lambda&gt;1]" time="0.0004138946533203125"><skipped message="Suite splitting in effect" type="pytest.skip">src/pymortests/vectorarray.py:210: &lt;py._xmlgen.raw object at 0x7f1dd450e2b0&gt;</skipped></testcase><testcase classname="src.pymortests.vectorarray" file="src/pymortests/vectorarray.py" line="210" name="test_getitem_repeated[0-&lt;lambda&gt;2]" time="0.0007748603820800781"><skipped message="Suite splitting in effect" type="pytest.skip">src/pymortests/vectorarray.py:210: &lt;py._xmlgen.raw object at 0x7f1dd450ea58&gt;</skipped></testcase><testcase classname="src.pymortests.vectorarray" file="src/pymortests/vectorarray.py" line="210" name="test_getitem_repeated[0-&lt;lambda&gt;3]" time="0.0004341602325439453"><skipped message="Suite splitting in effect" type="pytest.skip">src/pymortests/vectorarray.py:210: &lt;py._xmlgen.raw object at 0x7f1dd4577a20&gt;</skipped></testcase><testcase classname="src.pymortests.vectorarray" file="src/pymortests/vectorarray.py" line="210" name="test_getitem_repeated[0-&lt;lambda&gt;4]" time="0.0004448890686035156"><skipped message="Suite splitting in effect" type="pytest.skip">src/pymortests/vectorarray.py:210: &lt;py._xmlgen.raw object at 0x7f1dd45a50b8&gt;</skipped></testcase><testcase classname="src.pymortests.vectorarray" file="src/pymortests/vectorarray.py" line="210" name="test_getitem_repeated[0-&lt;lambda&gt;5]" time="0.0004296302795410156"><skipped message="Suite splitting in effect" type="pytest.skip">src/pymortests/vectorarray.py:210: &lt;py._xmlgen.raw object at 0x7f1dd459a080&gt;</skipped></testcase><testcase classname="src.pymortests.vectorarray" file="src/pymortests/vectorarray.py" line="210" name="test_getitem_repeated[0-&lt;lambda&gt;6]" time="0.0004363059997558594"><skipped message="Suite splitting in effect" type="pytest.skip">src/pymortests/vectorarray.py:210: &lt;py._xmlgen.raw object at 0x7f1dd4569a20&gt;</skipped></testcase><testcase classname="src.pymortests.vectorarray" file="src/pymortests/vectorarray.py" line="210" name="test_getitem_repeated[0-&lt;lambda&gt;7]" time="0.0004456043243408203"><skipped message="Suite splitting in effect" type="pytest.skip">src/pymortests/vectorarray.py:210: &lt;py._xmlgen.raw object at 0x7f1dd44ff320&gt;</skipped></testcase><testcase classname="src.pymortests.vectorarray" file="src/pymortests/vectorarray.py" line="210" name="test_getitem_repeated[0-&lt;lambda&gt;8]" time="0.00043773651123046875"><skipped message="Suite splitting in effect" type="pytest.skip">src/pymortests/vectorarray.py:210: &lt;py._xmlgen.raw object at 0x7f1dd450ebe0&gt;</skipped></testcase><testcase classname="src.pymortests.vectorarray" file="src/pymortests/vectorarray.py" line="210" name="test_getitem_repeated[0-&lt;lambda&gt;9]" time="0.000415802001953125"><skipped message="Suite splitting in effect" type="pytest.skip">src/pymortests/vectorarray.py:210: &lt;py._xmlgen.raw object at 0x7f1dd450e128&gt;</skipped></testcase><testcase classname="src.pymortests.vectorarray" file="src/pymortests/vectorarray.py" line="210" name="test_getitem_repeated[0-&lt;lambda&gt;10]" time="0.0007522106170654297"><skipped message="Suite splitting in effect" type="pytest.skip">src/pymortests/vectorarray.py:210: &lt;py._xmlgen.raw object at 0x7f1dd45150b8&gt;</skipped></testcase><testcase classname="src.pymortests.vectorarray" file="src/pymortests/vectorarray.py" line="210" name="test_getitem_repeated[0-&lt;lambda&gt;11]" time="0.000461578369140625"><skipped message="Suite splitting in effect" type="pytest.skip">src/pymortests/vectorarray.py:210: &lt;py._xmlgen.raw object at 0x7f1dd450e358&gt;</skipped></testcase><testcase classname="src.pymortests.vectorarray" file="src/pymortests/vectorarray.py" line="210" name="test_getitem_repeated[0-&lt;lambda&gt;12]" time="0.0004405975341796875"><skipped message="Suite splitting in effect" type="pytest.skip">src/pymortests/vectorarray.py:210: &lt;py._xmlgen.raw object at 0x7f1dd44ff5c0&gt;</skipped></testcase><testcase classname="src.pymortests.vectorarray" file="src/pymortests/vectorarray.py" line="210" name="test_getitem_repeated[0-&lt;lambda&gt;13]" time="0.0004467964172363281"><skipped message="Suite splitting in effect" type="pytest.skip">src/pymortests/vectorarray.py:210: &lt;py._xmlgen.raw object at 0x7f1dd4569b00&gt;</skipped></testcase><testcase classname="src.pymortests.vectorarray" file="src/pymortests/vectorarray.py" line="210" name="test_getitem_repeated[0-&lt;lambda&gt;14]" time="0.00044417381286621094"><skipped message="Suite splitting in effect" type="pytest.skip">src/pymortests/vectorarray.py:210: &lt;py._xmlgen.raw object at 0x7f1dd459a080&gt;</skipped></testcase><testcase classname="src.pymortests.vectorarray" file="src/pymortests/vectorarray.py" line="210" name="test_getitem_repeated[0-&lt;lambda&gt;15]" time="0.00043201446533203125"><skipped message="Suite splitting in effect" type="pytest.skip">src/pymortests/vectorarray.py:210: &lt;py._xmlgen.raw object at 0x7f1dde6a1710&gt;</skipped></testcase><testcase classname="src.pymortests.vectorarray" file="src/pymortests/vectorarray.py" line="210" name="test_getitem_repeated[0-&lt;lambda&gt;16]" time="0.0004379749298095703"><skipped message="Suite splitting in effect" type="pytest.skip">src/pymortests/vectorarray.py:210: &lt;py._xmlgen.raw object at 0x7f1dde668748&gt;</skipped></testcase><testcase classname="src.pymortests.vectorarray" file="src/pymortests/vectorarray.py" line="210" name="test_getitem_repeated[0-&lt;lambda&gt;17]" time="0.00045680999755859375"><skipped message="Suite splitting in effect" type="pytest.skip">src/pymortests/vectorarray.py:210: &lt;py._xmlgen.raw object at 0x7f1dd45151d0&gt;</skipped></testcase><testcase classname="src.pymortests.vectorarray" file="src/pymortests/vectorarray.py" line="210" name="test_getitem_repeated[0-&lt;lambda&gt;18]" time="0.0010442733764648438"><skipped message="Suite splitting in effect" type="pytest.skip">src/pymortests/vectorarray.py:210: &lt;py._xmlgen.raw object at 0x7f1dd45156d8&gt;</skipped></testcase><testcase classname="src.pymortests.vectorarray" file="src/pymortests/vectorarray.py" line="210" name="test_getitem_repeated[0-&lt;lambda&gt;19]" time="0.00043511390686035156"><skipped message="Suite splitting in effect" type="pytest.skip">src/pymortests/vectorarray.py:210: &lt;py._xmlgen.raw object at 0x7f1dd455d898&gt;</skipped></testcase><testcase classname="src.pymortests.vectorarray" file="src/pymortests/vectorarray.py" line="210" name="test_getitem_repeated[0-&lt;lambda&gt;20]" time="0.0004622936248779297"><skipped message="Suite splitting in effect" type="pytest.skip">src/pymortests/vectorarray.py:210: &lt;py._xmlgen.raw object at 0x7f1dde6c1cf8&gt;</skipped></testcase><testcase classname="src.pymortests.vectorarray" file="src/pymortests/vectorarray.py" line="210" name="test_getitem_repeated[0-&lt;lambda&gt;21]" time="0.0004260540008544922"><skipped message="Suite splitting in effect" type="pytest.skip">src/pymortests/vectorarray.py:210: &lt;py._xmlgen.raw object at 0x7f1dd450e668&gt;</skipped></testcase><testcase classname="src.pymortests.vectorarray" file="src/pymortests/vectorarray.py" line="210" name="test_getitem_repeated[0-&lt;lambda&gt;22]" time="0.0004401206970214844"><skipped message="Suite splitting in effect" type="pytest.skip">src/pymortests/vectorarray.py:210: &lt;py._xmlgen.raw object at 0x7f1dd450e048&gt;</skipped></testcase><testcase classname="src.pymortests.vectorarray" file="src/pymortests/vectorarray.py" line="210" name="test_getitem_repeated[0-&lt;lambda&gt;23]" time="0.0005004405975341797"><skipped message="Suite splitting in effect" type="pytest.skip">src/pymortests/vectorarray.py:210: &lt;py._xmlgen.raw object at 0x7f1dd44ff6d8&gt;</skipped></testcase><testcase classname="src.pymortests.vectorarray" file="src/pymortests/vectorarray.py" line="210" name="test_getitem_repeated[0-&lt;lambda&gt;24]" time="0.0004315376281738281"><skipped message="Suite splitting in effect" type="pytest.skip">src/pymortests/vectorarray.py:210: &lt;py._xmlgen.raw object at 0x7f1dd4577630&gt;</skipped></testcase><testcase classname="src.pymortests.vectorarray" file="src/pymortests/vectorarray.py" line="210" name="test_getitem_repeated[0-&lt;lambda&gt;25]" time="0.000461578369140625"><skipped message="Suite splitting in effect" type="pytest.skip">src/pymortests/vectorarray.py:210: &lt;py._xmlgen.raw object at 0x7f1dde70ee48&gt;</skipped></testcase><testcase classname="src.pymortests.vectorarray" file="src/pymortests/vectorarray.py" line="210" name="test_getitem_repeated[0-&lt;lambda&gt;26]" time="0.0004382133483886719"><skipped message="Suite splitting in effect" type="pytest.skip">src/pymortests/vectorarray.py:210: &lt;py._xmlgen.raw object at 0x7f1dd45693c8&gt;</skipped></testcase><testcase classname="src.pymortests.vectorarray" file="src/pymortests/vectorarray.py" line="210" name="test_getitem_repeated[1-&lt;lambda&gt;0]" time="0.0007457733154296875"><skipped message="Suite splitting in effect" type="pytest.skip">src/pymortests/vectorarray.py:210: &lt;py._xmlgen.raw object at 0x7f1dd45692b0&gt;</skipped></testcase><testcase classname="src.pymortests.vectorarray" file="src/pymortests/vectorarray.py" line="210" name="test_getitem_repeated[1-&lt;lambda&gt;1]" time="0.0004603862762451172"><skipped message="Suite splitting in effect" type="pytest.skip">src/pymortests/vectorarray.py:210: &lt;py._xmlgen.raw object at 0x7f1dd4577630&gt;</skipped></testcase><testcase classname="src.pymortests.vectorarray" file="src/pymortests/vectorarray.py" line="210" name="test_getitem_repeated[1-&lt;lambda&gt;2]" time="0.00041985511779785156"><skipped message="Suite splitting in effect" type="pytest.skip">src/pymortests/vectorarray.py:210: &lt;py._xmlgen.raw object at 0x7f1dd44fffd0&gt;</skipped></testcase><testcase classname="src.pymortests.vectorarray" file="src/pymortests/vectorarray.py" line="210" name="test_getitem_repeated[1-&lt;lambda&gt;3]" time="0.0004210472106933594"><skipped message="Suite splitting in effect" type="pytest.skip">src/pymortests/vectorarray.py:210: &lt;py._xmlgen.raw object at 0x7f1dd450e908&gt;</skipped></testcase><testcase classname="src.pymortests.vectorarray" file="src/pymortests/vectorarray.py" line="210" name="test_getitem_repeated[1-&lt;lambda&gt;4]" time="0.0004055500030517578"><skipped message="Suite splitting in effect" type="pytest.skip">src/pymortests/vectorarray.py:210: &lt;py._xmlgen.raw object at 0x7f1dde6c19b0&gt;</skipped></testcase><testcase classname="src.pymortests.vectorarray" file="src/pymortests/vectorarray.py" line="210" name="test_getitem_repeated[1-&lt;lambda&gt;5]" time="0.0004258155822753906"><skipped message="Suite splitting in effect" type="pytest.skip">src/pymortests/vectorarray.py:210: &lt;py._xmlgen.raw object at 0x7f1dde6e7e10&gt;</skipped></testcase><testcase classname="src.pymortests.vectorarray" file="src/pymortests/vectorarray.py" line="210" name="test_getitem_repeated[1-&lt;lambda&gt;6]" time="0.0004611015319824219"><skipped message="Suite splitting in effect" type="pytest.skip">src/pymortests/vectorarray.py:210: &lt;py._xmlgen.raw object at 0x7f1dde6689e8&gt;</skipped></testcase><testcase classname="src.pymortests.vectorarray" file="src/pymortests/vectorarray.py" line="210" name="test_getitem_repeated[1-&lt;lambda&gt;7]" time="0.0004513263702392578"><skipped message="Suite splitting in effect" type="pytest.skip">src/pymortests/vectorarray.py:210: &lt;py._xmlgen.raw object at 0x7f1dd45157b8&gt;</skipped></testcase><testcase classname="src.pymortests.vectorarray" file="src/pymortests/vectorarray.py" line="210" name="test_getitem_repeated[1-&lt;lambda&gt;8]" time="0.0007600784301757812"><skipped message="Suite splitting in effect" type="pytest.skip">src/pymortests/vectorarray.py:210: &lt;py._xmlgen.raw object at 0x7f1dd453b6a0&gt;</skipped></testcase><testcase classname="src.pymortests.vectorarray" file="src/pymortests/vectorarray.py" line="210" name="test_getitem_repeated[1-&lt;lambda&gt;9]" time="0.0004563331604003906"><skipped message="Suite splitting in effect" type="pytest.skip">src/pymortests/vectorarray.py:210: &lt;py._xmlgen.raw object at 0x7f1dde6e7b70&gt;</skipped></testcase><testcase classname="src.pymortests.vectorarray" file="src/pymortests/vectorarray.py" line="210" name="test_getitem_repeated[1-&lt;lambda&gt;10]" time="0.0004246234893798828"><skipped message="Suite splitting in effect" type="pytest.skip">src/pymortests/vectorarray.py:210: &lt;py._xmlgen.raw object at 0x7f1dd450ed30&gt;</skipped></testcase><testcase classname="src.pymortests.vectorarray" file="src/pymortests/vectorarray.py" line="210" name="test_getitem_repeated[1-&lt;lambda&gt;11]" time="0.0004265308380126953"><skipped message="Suite splitting in effect" type="pytest.skip">src/pymortests/vectorarray.py:210: &lt;py._xmlgen.raw object at 0x7f1dd450e438&gt;</skipped></testcase><testcase classname="src.pymortests.vectorarray" file="src/pymortests/vectorarray.py" line="210" name="test_getitem_repeated[1-&lt;lambda&gt;12]" time="0.00042819976806640625"><skipped message="Suite splitting in effect" type="pytest.skip">src/pymortests/vectorarray.py:210: &lt;py._xmlgen.raw object at 0x7f1dd44ff5c0&gt;</skipped></testcase><testcase classname="src.pymortests.vectorarray" file="src/pymortests/vectorarray.py" line="210" name="test_getitem_repeated[1-&lt;lambda&gt;13]" time="0.0004067420959472656"><skipped message="Suite splitting in effect" type="pytest.skip">src/pymortests/vectorarray.py:210: &lt;py._xmlgen.raw object at 0x7f1dde6789e8&gt;</skipped></testcase><testcase classname="src.pymortests.vectorarray" file="src/pymortests/vectorarray.py" line="210" name="test_getitem_repeated[1-&lt;lambda&gt;14]" time="0.00044608116149902344"><skipped message="Suite splitting in effect" type="pytest.skip">src/pymortests/vectorarray.py:210: &lt;py._xmlgen.raw object at 0x7f1dd4515780&gt;</skipped></testcase><testcase classname="src.pymortests.vectorarray" file="src/pymortests/vectorarray.py" line="210" name="test_getitem_repeated[1-&lt;lambda&gt;15]" time="0.0004508495330810547"><skipped message="Suite splitting in effect" type="pytest.skip">src/pymortests/vectorarray.py:210: &lt;py._xmlgen.raw object at 0x7f1dd4515be0&gt;</skipped></testcase><testcase classname="src.pymortests.vectorarray" file="src/pymortests/vectorarray.py" line="210" name="test_getitem_repeated[1-&lt;lambda&gt;16]" time="0.0007295608520507812"><skipped message="Suite splitting in effect" type="pytest.skip">src/pymortests/vectorarray.py:210: &lt;py._xmlgen.raw object at 0x7f1dd4523160&gt;</skipped></testcase><testcase classname="src.pymortests.vectorarray" file="src/pymortests/vectorarray.py" line="210" name="test_getitem_repeated[1-&lt;lambda&gt;17]" time="0.000461578369140625"><skipped message="Suite splitting in effect" type="pytest.skip">src/pymortests/vectorarray.py:210: &lt;py._xmlgen.raw object at 0x7f1dd45158d0&gt;</skipped></testcase><testcase classname="src.pymortests.vectorarray" file="src/pymortests/vectorarray.py" line="210" name="test_getitem_repeated[1-&lt;lambda&gt;18]" time="0.00041747093200683594"><skipped message="Suite splitting in effect" type="pytest.skip">src/pymortests/vectorarray.py:210: &lt;py._xmlgen.raw object at 0x7f1dde6786a0&gt;</skipped></testcase><testcase classname="src.pymortests.vectorarray" file="src/pymortests/vectorarray.py" line="210" name="test_getitem_repeated[1-&lt;lambda&gt;19]" time="0.0004894733428955078"><skipped message="Suite splitting in effect" type="pytest.skip">src/pymortests/vectorarray.py:210: &lt;py._xmlgen.raw object at 0x7f1dd4577828&gt;</skipped></testcase><testcase classname="src.pymortests.vectorarray" file="src/pymortests/vectorarray.py" line="210" name="test_getitem_repeated[1-&lt;lambda&gt;20]" time="0.0004391670227050781"><skipped message="Suite splitting in effect" type="pytest.skip">src/pymortests/vectorarray.py:210: &lt;py._xmlgen.raw object at 0x7f1dd44ff160&gt;</skipped></testcase><testcase classname="src.pymortests.vectorarray" file="src/pymortests/vectorarray.py" line="210" name="test_getitem_repeated[1-&lt;lambda&gt;21]" time="0.00046539306640625"><skipped message="Suite splitting in effect" type="pytest.skip">src/pymortests/vectorarray.py:210: &lt;py._xmlgen.raw object at 0x7f1dd450ec88&gt;</skipped></testcase><testcase classname="src.pymortests.vectorarray" file="src/pymortests/vectorarray.py" line="210" name="test_getitem_repeated[1-&lt;lambda&gt;22]" time="0.00043845176696777344"><skipped message="Suite splitting in effect" type="pytest.skip">src/pymortests/vectorarray.py:210: &lt;py._xmlgen.raw object at 0x7f1dd455d2b0&gt;</skipped></testcase><testcase classname="src.pymortests.vectorarray" file="src/pymortests/vectorarray.py" line="210" name="test_getitem_repeated[1-&lt;lambda&gt;23]" time="0.0004258155822753906"><skipped message="Suite splitting in effect" type="pytest.skip">src/pymortests/vectorarray.py:210: &lt;py._xmlgen.raw object at 0x7f1dd4523048&gt;</skipped></testcase><testcase classname="src.pymortests.vectorarray" file="src/pymortests/vectorarray.py" line="210" name="test_getitem_repeated[1-&lt;lambda&gt;24]" time="0.0008089542388916016"><skipped message="Suite splitting in effect" type="pytest.skip">src/pymortests/vectorarray.py:210: &lt;py._xmlgen.raw object at 0x7f1dd45236a0&gt;</skipped></testcase><testcase classname="src.pymortests.vectorarray" file="src/pymortests/vectorarray.py" line="210" name="test_getitem_repeated[1-&lt;lambda&gt;25]" time="0.00042057037353515625"><skipped message="Suite splitting in effect" type="pytest.skip">src/pymortests/vectorarray.py:210: &lt;py._xmlgen.raw object at 0x7f1dde6c15c0&gt;</skipped></testcase><testcase classname="src.pymortests.vectorarray" file="src/pymortests/vectorarray.py" line="210" name="test_getitem_repeated[1-&lt;lambda&gt;26]" time="0.00040602684020996094"><skipped message="Suite splitting in effect" type="pytest.skip">src/pymortests/vectorarray.py:210: &lt;py._xmlgen.raw object at 0x7f1dd450ec50&gt;</skipped></testcase><testcase classname="src.pymortests.vectorarray" file="src/pymortests/vectorarray.py" line="210" name="test_getitem_repeated[2-&lt;lambda&gt;0]" time="0.00045752525329589844"><skipped message="Suite splitting in effect" type="pytest.skip">src/pymortests/vectorarray.py:210: &lt;py._xmlgen.raw object at 0x7f1dd44ff7f0&gt;</skipped></testcase><testcase classname="src.pymortests.vectorarray" file="src/pymortests/vectorarray.py" line="210" name="test_getitem_repeated[2-&lt;lambda&gt;1]" time="0.00041222572326660156"><skipped message="Suite splitting in effect" type="pytest.skip">src/pymortests/vectorarray.py:210: &lt;py._xmlgen.raw object at 0x7f1dde678fd0&gt;</skipped></testcase><testcase classname="src.pymortests.vectorarray" file="src/pymortests/vectorarray.py" line="210" name="test_getitem_repeated[2-&lt;lambda&gt;2]" time="0.00041604042053222656"><skipped message="Suite splitting in effect" type="pytest.skip">src/pymortests/vectorarray.py:210: &lt;py._xmlgen.raw object at 0x7f1dd45150b8&gt;</skipped></testcase><testcase classname="src.pymortests.vectorarray" file="src/pymortests/vectorarray.py" line="210" name="test_getitem_repeated[2-&lt;lambda&gt;3]" time="0.00043845176696777344"><skipped message="Suite splitting in effect" type="pytest.skip">src/pymortests/vectorarray.py:210: &lt;py._xmlgen.raw object at 0x7f1dd4515c88&gt;</skipped></testcase><testcase classname="src.pymortests.vectorarray" file="src/pymortests/vectorarray.py" line="210" name="test_getitem_repeated[2-&lt;lambda&gt;4]" time="0.00044417381286621094"><skipped message="Suite splitting in effect" type="pytest.skip">src/pymortests/vectorarray.py:210: &lt;py._xmlgen.raw object at 0x7f1dd4523320&gt;</skipped></testcase><testcase classname="src.pymortests.vectorarray" file="src/pymortests/vectorarray.py" line="210" name="test_getitem_repeated[2-&lt;lambda&gt;5]" time="0.000759124755859375"><skipped message="Suite splitting in effect" type="pytest.skip">src/pymortests/vectorarray.py:210: &lt;py._xmlgen.raw object at 0x7f1dd4523cc0&gt;</skipped></testcase><testcase classname="src.pymortests.vectorarray" file="src/pymortests/vectorarray.py" line="210" name="test_getitem_repeated[2-&lt;lambda&gt;6]" time="0.00044345855712890625"><skipped message="Suite splitting in effect" type="pytest.skip">src/pymortests/vectorarray.py:210: &lt;py._xmlgen.raw object at 0x7f1dd45159e8&gt;</skipped></testcase><testcase classname="src.pymortests.vectorarray" file="src/pymortests/vectorarray.py" line="210" name="test_getitem_repeated[2-&lt;lambda&gt;7]" time="0.0004246234893798828"><skipped message="Suite splitting in effect" type="pytest.skip">src/pymortests/vectorarray.py:210: &lt;py._xmlgen.raw object at 0x7f1dd4577d68&gt;</skipped></testcase><testcase classname="src.pymortests.vectorarray" file="src/pymortests/vectorarray.py" line="210" name="test_getitem_repeated[2-&lt;lambda&gt;8]" time="0.00044465065002441406"><skipped message="Suite splitting in effect" type="pytest.skip">src/pymortests/vectorarray.py:210: &lt;py._xmlgen.raw object at 0x7f1dde6b2320&gt;</skipped></testcase><testcase classname="src.pymortests.vectorarray" file="src/pymortests/vectorarray.py" line="210" name="test_getitem_repeated[2-&lt;lambda&gt;9]" time="0.0004489421844482422"><skipped message="Suite splitting in effect" type="pytest.skip">src/pymortests/vectorarray.py:210: &lt;py._xmlgen.raw object at 0x7f1dde689898&gt;</skipped></testcase><testcase classname="src.pymortests.vectorarray" file="src/pymortests/vectorarray.py" line="210" name="test_getitem_repeated[2-&lt;lambda&gt;10]" time="0.0004284381866455078"><skipped message="Suite splitting in effect" type="pytest.skip">src/pymortests/vectorarray.py:210: &lt;py._xmlgen.raw object at 0x7f1dd455d1d0&gt;</skipped></testcase><testcase classname="src.pymortests.vectorarray" file="src/pymortests/vectorarray.py" line="210" name="test_getitem_repeated[2-&lt;lambda&gt;11]" time="0.0004279613494873047"><skipped message="Suite splitting in effect" type="pytest.skip">src/pymortests/vectorarray.py:210: &lt;py._xmlgen.raw object at 0x7f1dd4523048&gt;</skipped></testcase><testcase classname="src.pymortests.vectorarray" file="src/pymortests/vectorarray.py" line="210" name="test_getitem_repeated[2-&lt;lambda&gt;12]" time="0.0004057884216308594"><skipped message="Suite splitting in effect" type="pytest.skip">src/pymortests/vectorarray.py:210: &lt;py._xmlgen.raw object at 0x7f1dd4523518&gt;</skipped></testcase><testcase classname="src.pymortests.vectorarray" file="src/pymortests/vectorarray.py" line="210" name="test_getitem_repeated[2-&lt;lambda&gt;13]" time="0.0007255077362060547"><skipped message="Suite splitting in effect" type="pytest.skip">src/pymortests/vectorarray.py:210: &lt;py._xmlgen.raw object at 0x7f1dd452f320&gt;</skipped></testcase><testcase classname="src.pymortests.vectorarray" file="src/pymortests/vectorarray.py" line="210" name="test_getitem_repeated[2-&lt;lambda&gt;14]" time="0.0004508495330810547"><skipped message="Suite splitting in effect" type="pytest.skip">src/pymortests/vectorarray.py:210: &lt;py._xmlgen.raw object at 0x7f1dd4523358&gt;</skipped></testcase><testcase classname="src.pymortests.vectorarray" file="src/pymortests/vectorarray.py" line="210" name="test_getitem_repeated[2-&lt;lambda&gt;15]" time="0.0004265308380126953"><skipped message="Suite splitting in effect" type="pytest.skip">src/pymortests/vectorarray.py:210: &lt;py._xmlgen.raw object at 0x7f1dde668748&gt;</skipped></testcase><testcase classname="src.pymortests.vectorarray" file="src/pymortests/vectorarray.py" line="210" name="test_getitem_repeated[2-&lt;lambda&gt;16]" time="0.0004634857177734375"><skipped message="Suite splitting in effect" type="pytest.skip">src/pymortests/vectorarray.py:210: &lt;py._xmlgen.raw object at 0x7f1dde689940&gt;</skipped></testcase><testcase classname="src.pymortests.vectorarray" file="src/pymortests/vectorarray.py" line="210" name="test_getitem_repeated[2-&lt;lambda&gt;17]" time="0.00042366981506347656"><skipped message="Suite splitting in effect" type="pytest.skip">src/pymortests/vectorarray.py:210: &lt;py._xmlgen.raw object at 0x7f1dde6b25c0&gt;</skipped></testcase><testcase classname="src.pymortests.vectorarray" file="src/pymortests/vectorarray.py" line="210" name="test_getitem_repeated[2-&lt;lambda&gt;18]" time="0.00044274330139160156"><skipped message="Suite splitting in effect" type="pytest.skip">src/pymortests/vectorarray.py:210: &lt;py._xmlgen.raw object at 0x7f1dde678748&gt;</skipped></testcase><testcase classname="src.pymortests.vectorarray" file="src/pymortests/vectorarray.py" line="210" name="test_getitem_repeated[2-&lt;lambda&gt;19]" time="0.0004429817199707031"><skipped message="Suite splitting in effect" type="pytest.skip">src/pymortests/vectorarray.py:210: &lt;py._xmlgen.raw object at 0x7f1dd4515860&gt;</skipped></testcase><testcase classname="src.pymortests.vectorarray" file="src/pymortests/vectorarray.py" line="210" name="test_getitem_repeated[2-&lt;lambda&gt;20]" time="0.00045037269592285156"><skipped message="Suite splitting in effect" type="pytest.skip">src/pymortests/vectorarray.py:210: &lt;py._xmlgen.raw object at 0x7f1dd452f198&gt;</skipped></testcase><testcase classname="src.pymortests.vectorarray" file="src/pymortests/vectorarray.py" line="210" name="test_getitem_repeated[2-&lt;lambda&gt;21]" time="0.0007317066192626953"><skipped message="Suite splitting in effect" type="pytest.skip">src/pymortests/vectorarray.py:210: &lt;py._xmlgen.raw object at 0x7f1dd452f940&gt;</skipped></testcase><testcase classname="src.pymortests.vectorarray" file="src/pymortests/vectorarray.py" line="210" name="test_getitem_repeated[2-&lt;lambda&gt;22]" time="0.0004279613494873047"><skipped message="Suite splitting in effect" type="pytest.skip">src/pymortests/vectorarray.py:210: &lt;py._xmlgen.raw object at 0x7f1dde6180b8&gt;</skipped></testcase><testcase classname="src.pymortests.vectorarray" file="src/pymortests/vectorarray.py" line="210" name="test_getitem_repeated[2-&lt;lambda&gt;23]" time="0.000431060791015625"><skipped message="Suite splitting in effect" type="pytest.skip">src/pymortests/vectorarray.py:210: &lt;py._xmlgen.raw object at 0x7f1dd44ffc50&gt;</skipped></testcase><testcase classname="src.pymortests.vectorarray" file="src/pymortests/vectorarray.py" line="210" name="test_getitem_repeated[2-&lt;lambda&gt;24]" time="0.00040912628173828125"><skipped message="Suite splitting in effect" type="pytest.skip">src/pymortests/vectorarray.py:210: &lt;py._xmlgen.raw object at 0x7f1dde689e80&gt;</skipped></testcase><testcase classname="src.pymortests.vectorarray" file="src/pymortests/vectorarray.py" line="210" name="test_getitem_repeated[2-&lt;lambda&gt;25]" time="0.00043582916259765625"><skipped message="Suite splitting in effect" type="pytest.skip">src/pymortests/vectorarray.py:210: &lt;py._xmlgen.raw object at 0x7f1dde6c15c0&gt;</skipped></testcase><testcase classname="src.pymortests.vectorarray" file="src/pymortests/vectorarray.py" line="210" name="test_getitem_repeated[2-&lt;lambda&gt;26]" time="0.00043201446533203125"><skipped message="Suite splitting in effect" type="pytest.skip">src/pymortests/vectorarray.py:210: &lt;py._xmlgen.raw object at 0x7f1dd45239e8&gt;</skipped></testcase><testcase classname="src.pymortests.vectorarray" file="src/pymortests/vectorarray.py" line="221" name="test_copy[0-&lt;lambda&gt;0]" time="0.0004353523254394531"><skipped message="Suite splitting in effect" type="pytest.skip">src/pymortests/vectorarray.py:221: &lt;py._xmlgen.raw object at 0x7f1dd452fa58&gt;</skipped></testcase><testcase classname="src.pymortests.vectorarray" file="src/pymortests/vectorarray.py" line="221" name="test_copy[0-&lt;lambda&gt;1]" time="0.00045037269592285156"><skipped message="Suite splitting in effect" type="pytest.skip">src/pymortests/vectorarray.py:221: &lt;py._xmlgen.raw object at 0x7f1dd452f390&gt;</skipped></testcase><testcase classname="src.pymortests.vectorarray" file="src/pymortests/vectorarray.py" line="221" name="test_copy[0-&lt;lambda&gt;2]" time="0.0007686614990234375"><skipped message="Suite splitting in effect" type="pytest.skip">src/pymortests/vectorarray.py:221: &lt;py._xmlgen.raw object at 0x7f1dd452ff60&gt;</skipped></testcase><testcase classname="src.pymortests.vectorarray" file="src/pymortests/vectorarray.py" line="221" name="test_copy[0-&lt;lambda&gt;3]" time="0.0004184246063232422"><skipped message="Suite splitting in effect" type="pytest.skip">src/pymortests/vectorarray.py:221: &lt;py._xmlgen.raw object at 0x7f1dd452fac8&gt;</skipped></testcase><testcase classname="src.pymortests.vectorarray" file="src/pymortests/vectorarray.py" line="221" name="test_copy[0-&lt;lambda&gt;4]" time="0.00040459632873535156"><skipped message="Suite splitting in effect" type="pytest.skip">src/pymortests/vectorarray.py:221: &lt;py._xmlgen.raw object at 0x7f1dd4523358&gt;</skipped></testcase><testcase classname="src.pymortests.vectorarray" file="src/pymortests/vectorarray.py" line="221" name="test_copy[0-&lt;lambda&gt;5]" time="0.0004315376281738281"><skipped message="Suite splitting in effect" type="pytest.skip">src/pymortests/vectorarray.py:221: &lt;py._xmlgen.raw object at 0x7f1dd4523d68&gt;</skipped></testcase><testcase classname="src.pymortests.vectorarray" file="src/pymortests/vectorarray.py" line="221" name="test_copy[0-&lt;lambda&gt;6]" time="0.00041365623474121094"><skipped message="Suite splitting in effect" type="pytest.skip">src/pymortests/vectorarray.py:221: &lt;py._xmlgen.raw object at 0x7f1dde6892b0&gt;</skipped></testcase><testcase classname="src.pymortests.vectorarray" file="src/pymortests/vectorarray.py" line="221" name="test_copy[0-&lt;lambda&gt;7]" time="0.00042939186096191406"><skipped message="Suite splitting in effect" type="pytest.skip">src/pymortests/vectorarray.py:221: &lt;py._xmlgen.raw object at 0x7f1dd45774e0&gt;</skipped></testcase><testcase classname="src.pymortests.vectorarray" file="src/pymortests/vectorarray.py" line="221" name="test_copy[0-&lt;lambda&gt;8]" time="0.0007941722869873047"><skipped message="Suite splitting in effect" type="pytest.skip">src/pymortests/vectorarray.py:221: &lt;py._xmlgen.raw object at 0x7f1dde6182b0&gt;</skipped></testcase><testcase classname="src.pymortests.vectorarray" file="src/pymortests/vectorarray.py" line="221" name="test_copy[0-&lt;lambda&gt;9]" time="0.00045013427734375"><skipped message="Suite splitting in effect" type="pytest.skip">src/pymortests/vectorarray.py:221: &lt;py._xmlgen.raw object at 0x7f1dd44bb080&gt;</skipped></testcase><testcase classname="src.pymortests.vectorarray" file="src/pymortests/vectorarray.py" line="221" name="test_copy[0-&lt;lambda&gt;10]" time="0.0007433891296386719"><skipped message="Suite splitting in effect" type="pytest.skip">src/pymortests/vectorarray.py:221: &lt;py._xmlgen.raw object at 0x7f1dd44bb5c0&gt;</skipped></testcase><testcase classname="src.pymortests.vectorarray" file="src/pymortests/vectorarray.py" line="221" name="test_copy[0-&lt;lambda&gt;11]" time="0.00041961669921875"><skipped message="Suite splitting in effect" type="pytest.skip">src/pymortests/vectorarray.py:221: &lt;py._xmlgen.raw object at 0x7f1dde618358&gt;</skipped></testcase><testcase classname="src.pymortests.vectorarray" file="src/pymortests/vectorarray.py" line="221" name="test_copy[0-&lt;lambda&gt;12]" time="0.00045013427734375"><skipped message="Suite splitting in effect" type="pytest.skip">src/pymortests/vectorarray.py:221: &lt;py._xmlgen.raw object at 0x7f1dd450ea90&gt;</skipped></testcase><testcase classname="src.pymortests.vectorarray" file="src/pymortests/vectorarray.py" line="221" name="test_copy[0-&lt;lambda&gt;13]" time="0.0004181861877441406"><skipped message="Suite splitting in effect" type="pytest.skip">src/pymortests/vectorarray.py:221: &lt;py._xmlgen.raw object at 0x7f1dde6894a8&gt;</skipped></testcase><testcase classname="src.pymortests.vectorarray" file="src/pymortests/vectorarray.py" line="221" name="test_copy[0-&lt;lambda&gt;14]" time="0.00045418739318847656"><skipped message="Suite splitting in effect" type="pytest.skip">src/pymortests/vectorarray.py:221: &lt;py._xmlgen.raw object at 0x7f1dd4523ef0&gt;</skipped></testcase><testcase classname="src.pymortests.vectorarray" file="src/pymortests/vectorarray.py" line="221" name="test_copy[0-&lt;lambda&gt;15]" time="0.00043964385986328125"><skipped message="Suite splitting in effect" type="pytest.skip">src/pymortests/vectorarray.py:221: &lt;py._xmlgen.raw object at 0x7f1dd452f240&gt;</skipped></testcase><testcase classname="src.pymortests.vectorarray" file="src/pymortests/vectorarray.py" line="221" name="test_copy[0-&lt;lambda&gt;16]" time="0.0004439353942871094"><skipped message="Suite splitting in effect" type="pytest.skip">src/pymortests/vectorarray.py:221: &lt;py._xmlgen.raw object at 0x7f1dd452f080&gt;</skipped></testcase><testcase classname="src.pymortests.vectorarray" file="src/pymortests/vectorarray.py" line="221" name="test_copy[0-&lt;lambda&gt;17]" time="0.0004222393035888672"><skipped message="Suite splitting in effect" type="pytest.skip">src/pymortests/vectorarray.py:221: &lt;py._xmlgen.raw object at 0x7f1dd44bb240&gt;</skipped></testcase><testcase classname="src.pymortests.vectorarray" file="src/pymortests/vectorarray.py" line="221" name="test_copy[0-&lt;lambda&gt;18]" time="0.0007505416870117188"><skipped message="Suite splitting in effect" type="pytest.skip">src/pymortests/vectorarray.py:221: &lt;py._xmlgen.raw object at 0x7f1dd44bbbe0&gt;</skipped></testcase><testcase classname="src.pymortests.vectorarray" file="src/pymortests/vectorarray.py" line="221" name="test_copy[0-&lt;lambda&gt;19]" time="0.0004394054412841797"><skipped message="Suite splitting in effect" type="pytest.skip">src/pymortests/vectorarray.py:221: &lt;py._xmlgen.raw object at 0x7f1dd452f9b0&gt;</skipped></testcase><testcase classname="src.pymortests.vectorarray" file="src/pymortests/vectorarray.py" line="221" name="test_copy[0-&lt;lambda&gt;20]" time="0.0004315376281738281"><skipped message="Suite splitting in effect" type="pytest.skip">src/pymortests/vectorarray.py:221: &lt;py._xmlgen.raw object at 0x7f1dd4523be0&gt;</skipped></testcase><testcase classname="src.pymortests.vectorarray" file="src/pymortests/vectorarray.py" line="221" name="test_copy[0-&lt;lambda&gt;21]" time="0.0004363059997558594"><skipped message="Suite splitting in effect" type="pytest.skip">src/pymortests/vectorarray.py:221: &lt;py._xmlgen.raw object at 0x7f1dde689dd8&gt;</skipped></testcase><testcase classname="src.pymortests.vectorarray" file="src/pymortests/vectorarray.py" line="221" name="test_copy[0-&lt;lambda&gt;22]" time="0.00045943260192871094"><skipped message="Suite splitting in effect" type="pytest.skip">src/pymortests/vectorarray.py:221: &lt;py._xmlgen.raw object at 0x7f1dde618710&gt;</skipped></testcase><testcase classname="src.pymortests.vectorarray" file="src/pymortests/vectorarray.py" line="221" name="test_copy[0-&lt;lambda&gt;23]" time="0.0004191398620605469"><skipped message="Suite splitting in effect" type="pytest.skip">src/pymortests/vectorarray.py:221: &lt;py._xmlgen.raw object at 0x7f1dd4515e80&gt;</skipped></testcase><testcase classname="src.pymortests.vectorarray" file="src/pymortests/vectorarray.py" line="221" name="test_copy[0-&lt;lambda&gt;24]" time="0.0004253387451171875"><skipped message="Suite splitting in effect" type="pytest.skip">src/pymortests/vectorarray.py:221: &lt;py._xmlgen.raw object at 0x7f1dd44bb0b8&gt;</skipped></testcase><testcase classname="src.pymortests.vectorarray" file="src/pymortests/vectorarray.py" line="221" name="test_copy[0-&lt;lambda&gt;25]" time="0.0004420280456542969"><skipped message="Suite splitting in effect" type="pytest.skip">src/pymortests/vectorarray.py:221: &lt;py._xmlgen.raw object at 0x7f1dd44bb438&gt;</skipped></testcase><testcase classname="src.pymortests.vectorarray" file="src/pymortests/vectorarray.py" line="221" name="test_copy[0-&lt;lambda&gt;26]" time="0.0007424354553222656"><skipped message="Suite splitting in effect" type="pytest.skip">src/pymortests/vectorarray.py:221: &lt;py._xmlgen.raw object at 0x7f1dd44c2240&gt;</skipped></testcase><testcase classname="src.pymortests.vectorarray" file="src/pymortests/vectorarray.py" line="221" name="test_copy[1-&lt;lambda&gt;0]" time="0.0004601478576660156"><skipped message="Suite splitting in effect" type="pytest.skip">src/pymortests/vectorarray.py:221: &lt;py._xmlgen.raw object at 0x7f1dd44bb278&gt;</skipped></testcase><testcase classname="src.pymortests.vectorarray" file="src/pymortests/vectorarray.py" line="221" name="test_copy[1-&lt;lambda&gt;1]" time="0.00046539306640625"><skipped message="Suite splitting in effect" type="pytest.skip">src/pymortests/vectorarray.py:221: &lt;py._xmlgen.raw object at 0x7f1dd4515b00&gt;</skipped></testcase><testcase classname="src.pymortests.vectorarray" file="src/pymortests/vectorarray.py" line="221" name="test_copy[1-&lt;lambda&gt;2]" time="0.00043082237243652344"><skipped message="Suite splitting in effect" type="pytest.skip">src/pymortests/vectorarray.py:221: &lt;py._xmlgen.raw object at 0x7f1dde678fd0&gt;</skipped></testcase><testcase classname="src.pymortests.vectorarray" file="src/pymortests/vectorarray.py" line="221" name="test_copy[1-&lt;lambda&gt;3]" time="0.00044655799865722656"><skipped message="Suite splitting in effect" type="pytest.skip">src/pymortests/vectorarray.py:221: &lt;py._xmlgen.raw object at 0x7f1dd44ffdd8&gt;</skipped></testcase><testcase classname="src.pymortests.vectorarray" file="src/pymortests/vectorarray.py" line="221" name="test_copy[1-&lt;lambda&gt;4]" time="0.0004467964172363281"><skipped message="Suite splitting in effect" type="pytest.skip">src/pymortests/vectorarray.py:221: &lt;py._xmlgen.raw object at 0x7f1dd4523be0&gt;</skipped></testcase><testcase classname="src.pymortests.vectorarray" file="src/pymortests/vectorarray.py" line="221" name="test_copy[1-&lt;lambda&gt;5]" time="0.0004761219024658203"><skipped message="Suite splitting in effect" type="pytest.skip">src/pymortests/vectorarray.py:221: &lt;py._xmlgen.raw object at 0x7f1dd452f710&gt;</skipped></testcase><testcase classname="src.pymortests.vectorarray" file="src/pymortests/vectorarray.py" line="221" name="test_copy[1-&lt;lambda&gt;6]" time="0.0004177093505859375"><skipped message="Suite splitting in effect" type="pytest.skip">src/pymortests/vectorarray.py:221: &lt;py._xmlgen.raw object at 0x7f1dd44c20b8&gt;</skipped></testcase><testcase classname="src.pymortests.vectorarray" file="src/pymortests/vectorarray.py" line="221" name="test_copy[1-&lt;lambda&gt;7]" time="0.0015113353729248047"><skipped message="Suite splitting in effect" type="pytest.skip">src/pymortests/vectorarray.py:221: &lt;py._xmlgen.raw object at 0x7f1dd44c2860&gt;</skipped></testcase><testcase classname="src.pymortests.vectorarray" file="src/pymortests/vectorarray.py" line="221" name="test_copy[1-&lt;lambda&gt;8]" time="0.0004355907440185547"><skipped message="Suite splitting in effect" type="pytest.skip">src/pymortests/vectorarray.py:221: &lt;py._xmlgen.raw object at 0x7f1dd450edd8&gt;</skipped></testcase><testcase classname="src.pymortests.vectorarray" file="src/pymortests/vectorarray.py" line="221" name="test_copy[1-&lt;lambda&gt;9]" time="0.0004756450653076172"><skipped message="Suite splitting in effect" type="pytest.skip">src/pymortests/vectorarray.py:221: &lt;py._xmlgen.raw object at 0x7f1dde63e630&gt;</skipped></testcase><testcase classname="src.pymortests.vectorarray" file="src/pymortests/vectorarray.py" line="221" name="test_copy[1-&lt;lambda&gt;10]" time="0.00045180320739746094"><skipped message="Suite splitting in effect" type="pytest.skip">src/pymortests/vectorarray.py:221: &lt;py._xmlgen.raw object at 0x7f1dd44bbcf8&gt;</skipped></testcase><testcase classname="src.pymortests.vectorarray" file="src/pymortests/vectorarray.py" line="221" name="test_copy[1-&lt;lambda&gt;11]" time="0.0004813671112060547"><skipped message="Suite splitting in effect" type="pytest.skip">src/pymortests/vectorarray.py:221: &lt;py._xmlgen.raw object at 0x7f1dd44bbb00&gt;</skipped></testcase><testcase classname="src.pymortests.vectorarray" file="src/pymortests/vectorarray.py" line="221" name="test_copy[1-&lt;lambda&gt;12]" time="0.00043773651123046875"><skipped message="Suite splitting in effect" type="pytest.skip">src/pymortests/vectorarray.py:221: &lt;py._xmlgen.raw object at 0x7f1dd452f9b0&gt;</skipped></testcase><testcase classname="src.pymortests.vectorarray" file="src/pymortests/vectorarray.py" line="221" name="test_copy[1-&lt;lambda&gt;13]" time="0.0004291534423828125"><skipped message="Suite splitting in effect" type="pytest.skip">src/pymortests/vectorarray.py:221: &lt;py._xmlgen.raw object at 0x7f1dd4523ac8&gt;</skipped></testcase><testcase classname="src.pymortests.vectorarray" file="src/pymortests/vectorarray.py" line="221" name="test_copy[1-&lt;lambda&gt;14]" time="0.0004203319549560547"><skipped message="Suite splitting in effect" type="pytest.skip">src/pymortests/vectorarray.py:221: &lt;py._xmlgen.raw object at 0x7f1dd4515e80&gt;</skipped></testcase><testcase classname="src.pymortests.vectorarray" file="src/pymortests/vectorarray.py" line="221" name="test_copy[1-&lt;lambda&gt;15]" time="0.0004448890686035156"><skipped message="Suite splitting in effect" type="pytest.skip">src/pymortests/vectorarray.py:221: &lt;py._xmlgen.raw object at 0x7f1dd4569b70&gt;</skipped></testcase><testcase classname="src.pymortests.vectorarray" file="src/pymortests/vectorarray.py" line="221" name="test_copy[1-&lt;lambda&gt;16]" time="0.0007231235504150391"><skipped message="Suite splitting in effect" type="pytest.skip">src/pymortests/vectorarray.py:221: &lt;py._xmlgen.raw object at 0x7f1dd4515e80&gt;</skipped></testcase><testcase classname="src.pymortests.vectorarray" file="src/pymortests/vectorarray.py" line="221" name="test_copy[1-&lt;lambda&gt;17]" time="0.0004241466522216797"><skipped message="Suite splitting in effect" type="pytest.skip">src/pymortests/vectorarray.py:221: &lt;py._xmlgen.raw object at 0x7f1dd452f5c0&gt;</skipped></testcase><testcase classname="src.pymortests.vectorarray" file="src/pymortests/vectorarray.py" line="221" name="test_copy[1-&lt;lambda&gt;18]" time="0.00044846534729003906"><skipped message="Suite splitting in effect" type="pytest.skip">src/pymortests/vectorarray.py:221: &lt;py._xmlgen.raw object at 0x7f1dd44bbf28&gt;</skipped></testcase><testcase classname="src.pymortests.vectorarray" file="src/pymortests/vectorarray.py" line="221" name="test_copy[1-&lt;lambda&gt;19]" time="0.0004382133483886719"><skipped message="Suite splitting in effect" type="pytest.skip">src/pymortests/vectorarray.py:221: &lt;py._xmlgen.raw object at 0x7f1dd44bbeb8&gt;</skipped></testcase><testcase classname="src.pymortests.vectorarray" file="src/pymortests/vectorarray.py" line="221" name="test_copy[1-&lt;lambda&gt;20]" time="0.0004363059997558594"><skipped message="Suite splitting in effect" type="pytest.skip">src/pymortests/vectorarray.py:221: &lt;py._xmlgen.raw object at 0x7f1dde63e438&gt;</skipped></testcase><testcase classname="src.pymortests.vectorarray" file="src/pymortests/vectorarray.py" line="221" name="test_copy[1-&lt;lambda&gt;21]" time="0.0004303455352783203"><skipped message="Suite splitting in effect" type="pytest.skip">src/pymortests/vectorarray.py:221: &lt;py._xmlgen.raw object at 0x7f1dde689d30&gt;</skipped></testcase><testcase classname="src.pymortests.vectorarray" file="src/pymortests/vectorarray.py" line="221" name="test_copy[1-&lt;lambda&gt;22]" time="0.000446319580078125"><skipped message="Suite splitting in effect" type="pytest.skip">src/pymortests/vectorarray.py:221: &lt;py._xmlgen.raw object at 0x7f1dde6689e8&gt;</skipped></testcase><testcase classname="src.pymortests.vectorarray" file="src/pymortests/vectorarray.py" line="221" name="test_copy[1-&lt;lambda&gt;23]" time="0.00042819976806640625"><skipped message="Suite splitting in effect" type="pytest.skip">src/pymortests/vectorarray.py:221: &lt;py._xmlgen.raw object at 0x7f1dd44c29e8&gt;</skipped></testcase><testcase classname="src.pymortests.vectorarray" file="src/pymortests/vectorarray.py" line="221" name="test_copy[1-&lt;lambda&gt;24]" time="0.0007364749908447266"><skipped message="Suite splitting in effect" type="pytest.skip">src/pymortests/vectorarray.py:221: &lt;py._xmlgen.raw object at 0x7f1dd4569a20&gt;</skipped></testcase><testcase classname="src.pymortests.vectorarray" file="src/pymortests/vectorarray.py" line="221" name="test_copy[1-&lt;lambda&gt;25]" time="0.00043272972106933594"><skipped message="Suite splitting in effect" type="pytest.skip">src/pymortests/vectorarray.py:221: &lt;py._xmlgen.raw object at 0x7f1dd450ec50&gt;</skipped></testcase><testcase classname="src.pymortests.vectorarray" file="src/pymortests/vectorarray.py" line="221" name="test_copy[1-&lt;lambda&gt;26]" time="0.00045180320739746094"><skipped message="Suite splitting in effect" type="pytest.skip">src/pymortests/vectorarray.py:221: &lt;py._xmlgen.raw object at 0x7f1dde63e6d8&gt;</skipped></testcase><testcase classname="src.pymortests.vectorarray" file="src/pymortests/vectorarray.py" line="221" name="test_copy[2-&lt;lambda&gt;0]" time="0.0004858970642089844"><skipped message="Suite splitting in effect" type="pytest.skip">src/pymortests/vectorarray.py:221: &lt;py._xmlgen.raw object at 0x7f1dd44bbdd8&gt;</skipped></testcase><testcase classname="src.pymortests.vectorarray" file="src/pymortests/vectorarray.py" line="221" name="test_copy[2-&lt;lambda&gt;1]" time="0.00043392181396484375"><skipped message="Suite splitting in effect" type="pytest.skip">src/pymortests/vectorarray.py:221: &lt;py._xmlgen.raw object at 0x7f1dd452f518&gt;</skipped></testcase><testcase classname="src.pymortests.vectorarray" file="src/pymortests/vectorarray.py" line="221" name="test_copy[2-&lt;lambda&gt;2]" time="0.00043010711669921875"><skipped message="Suite splitting in effect" type="pytest.skip">src/pymortests/vectorarray.py:221: &lt;py._xmlgen.raw object at 0x7f1dd4523cc0&gt;</skipped></testcase><testcase classname="src.pymortests.vectorarray" file="src/pymortests/vectorarray.py" line="221" name="test_copy[2-&lt;lambda&gt;3]" time="0.0004298686981201172"><skipped message="Suite splitting in effect" type="pytest.skip">src/pymortests/vectorarray.py:221: &lt;py._xmlgen.raw object at 0x7f1dd44c2908&gt;</skipped></testcase><testcase classname="src.pymortests.vectorarray" file="src/pymortests/vectorarray.py" line="221" name="test_copy[2-&lt;lambda&gt;4]" time="0.0004394054412841797"><skipped message="Suite splitting in effect" type="pytest.skip">src/pymortests/vectorarray.py:221: &lt;py._xmlgen.raw object at 0x7f1dd44c2d68&gt;</skipped></testcase><testcase classname="src.pymortests.vectorarray" file="src/pymortests/vectorarray.py" line="221" name="test_copy[2-&lt;lambda&gt;5]" time="0.0007009506225585938"><skipped message="Suite splitting in effect" type="pytest.skip">src/pymortests/vectorarray.py:221: &lt;py._xmlgen.raw object at 0x7f1dd44d02e8&gt;</skipped></testcase><testcase classname="src.pymortests.vectorarray" file="src/pymortests/vectorarray.py" line="221" name="test_copy[2-&lt;lambda&gt;6]" time="0.0004220008850097656"><skipped message="Suite splitting in effect" type="pytest.skip">src/pymortests/vectorarray.py:221: &lt;py._xmlgen.raw object at 0x7f1dd44c2b38&gt;</skipped></testcase><testcase classname="src.pymortests.vectorarray" file="src/pymortests/vectorarray.py" line="221" name="test_copy[2-&lt;lambda&gt;7]" time="0.0004343986511230469"><skipped message="Suite splitting in effect" type="pytest.skip">src/pymortests/vectorarray.py:221: &lt;py._xmlgen.raw object at 0x7f1dd4523208&gt;</skipped></testcase><testcase classname="src.pymortests.vectorarray" file="src/pymortests/vectorarray.py" line="221" name="test_copy[2-&lt;lambda&gt;8]" time="0.0004379749298095703"><skipped message="Suite splitting in effect" type="pytest.skip">src/pymortests/vectorarray.py:221: &lt;py._xmlgen.raw object at 0x7f1dd452f940&gt;</skipped></testcase><testcase classname="src.pymortests.vectorarray" file="src/pymortests/vectorarray.py" line="221" name="test_copy[2-&lt;lambda&gt;9]" time="0.0004143714904785156"><skipped message="Suite splitting in effect" type="pytest.skip">src/pymortests/vectorarray.py:221: &lt;py._xmlgen.raw object at 0x7f1dd44bb470&gt;</skipped></testcase><testcase classname="src.pymortests.vectorarray" file="src/pymortests/vectorarray.py" line="221" name="test_copy[2-&lt;lambda&gt;10]" time="0.0004277229309082031"><skipped message="Suite splitting in effect" type="pytest.skip">src/pymortests/vectorarray.py:221: &lt;py._xmlgen.raw object at 0x7f1dde63eb70&gt;</skipped></testcase><testcase classname="src.pymortests.vectorarray" file="src/pymortests/vectorarray.py" line="221" name="test_copy[2-&lt;lambda&gt;11]" time="0.0004582405090332031"><skipped message="Suite splitting in effect" type="pytest.skip">src/pymortests/vectorarray.py:221: &lt;py._xmlgen.raw object at 0x7f1dde64fcc0&gt;</skipped></testcase><testcase classname="src.pymortests.vectorarray" file="src/pymortests/vectorarray.py" line="221" name="test_copy[2-&lt;lambda&gt;12]" time="0.0004298686981201172"><skipped message="Suite splitting in effect" type="pytest.skip">src/pymortests/vectorarray.py:221: &lt;py._xmlgen.raw object at 0x7f1dd44d01d0&gt;</skipped></testcase><testcase classname="src.pymortests.vectorarray" file="src/pymortests/vectorarray.py" line="221" name="test_copy[2-&lt;lambda&gt;13]" time="0.0007269382476806641"><skipped message="Suite splitting in effect" type="pytest.skip">src/pymortests/vectorarray.py:221: &lt;py._xmlgen.raw object at 0x7f1dd44d0828&gt;</skipped></testcase><testcase classname="src.pymortests.vectorarray" file="src/pymortests/vectorarray.py" line="221" name="test_copy[2-&lt;lambda&gt;14]" time="0.0004363059997558594"><skipped message="Suite splitting in effect" type="pytest.skip">src/pymortests/vectorarray.py:221: &lt;py._xmlgen.raw object at 0x7f1dde64fb70&gt;</skipped></testcase><testcase classname="src.pymortests.vectorarray" file="src/pymortests/vectorarray.py" line="221" name="test_copy[2-&lt;lambda&gt;15]" time="0.0004482269287109375"><skipped message="Suite splitting in effect" type="pytest.skip">src/pymortests/vectorarray.py:221: &lt;py._xmlgen.raw object at 0x7f1dd44bb240&gt;</skipped></testcase><testcase classname="src.pymortests.vectorarray" file="src/pymortests/vectorarray.py" line="221" name="test_copy[2-&lt;lambda&gt;16]" time="0.0004379749298095703"><skipped message="Suite splitting in effect" type="pytest.skip">src/pymortests/vectorarray.py:221: &lt;py._xmlgen.raw object at 0x7f1dd452f518&gt;</skipped></testcase><testcase classname="src.pymortests.vectorarray" file="src/pymortests/vectorarray.py" line="221" name="test_copy[2-&lt;lambda&gt;17]" time="0.00043129920959472656"><skipped message="Suite splitting in effect" type="pytest.skip">src/pymortests/vectorarray.py:221: &lt;py._xmlgen.raw object at 0x7f1dd44c2ba8&gt;</skipped></testcase><testcase classname="src.pymortests.vectorarray" file="src/pymortests/vectorarray.py" line="221" name="test_copy[2-&lt;lambda&gt;18]" time="0.0004363059997558594"><skipped message="Suite splitting in effect" type="pytest.skip">src/pymortests/vectorarray.py:221: &lt;py._xmlgen.raw object at 0x7f1dd44c2f60&gt;</skipped></testcase><testcase classname="src.pymortests.vectorarray" file="src/pymortests/vectorarray.py" line="221" name="test_copy[2-&lt;lambda&gt;19]" time="0.00042438507080078125"><skipped message="Suite splitting in effect" type="pytest.skip">src/pymortests/vectorarray.py:221: &lt;py._xmlgen.raw object at 0x7f1dd44d0550&gt;</skipped></testcase><testcase classname="src.pymortests.vectorarray" file="src/pymortests/vectorarray.py" line="221" name="test_copy[2-&lt;lambda&gt;20]" time="0.000423431396484375"><skipped message="Suite splitting in effect" type="pytest.skip">src/pymortests/vectorarray.py:221: &lt;py._xmlgen.raw object at 0x7f1dd44d0048&gt;</skipped></testcase><testcase classname="src.pymortests.vectorarray" file="src/pymortests/vectorarray.py" line="221" name="test_copy[2-&lt;lambda&gt;21]" time="0.0006937980651855469"><skipped message="Suite splitting in effect" type="pytest.skip">src/pymortests/vectorarray.py:221: &lt;py._xmlgen.raw object at 0x7f1dd44d0e48&gt;</skipped></testcase><testcase classname="src.pymortests.vectorarray" file="src/pymortests/vectorarray.py" line="221" name="test_copy[2-&lt;lambda&gt;22]" time="0.00041556358337402344"><skipped message="Suite splitting in effect" type="pytest.skip">src/pymortests/vectorarray.py:221: &lt;py._xmlgen.raw object at 0x7f1dd44c2e48&gt;</skipped></testcase><testcase classname="src.pymortests.vectorarray" file="src/pymortests/vectorarray.py" line="221" name="test_copy[2-&lt;lambda&gt;23]" time="0.0004677772521972656"><skipped message="Suite splitting in effect" type="pytest.skip">src/pymortests/vectorarray.py:221: &lt;py._xmlgen.raw object at 0x7f1dd4523be0&gt;</skipped></testcase><testcase classname="src.pymortests.vectorarray" file="src/pymortests/vectorarray.py" line="221" name="test_copy[2-&lt;lambda&gt;24]" time="0.0004818439483642578"><skipped message="Suite splitting in effect" type="pytest.skip">src/pymortests/vectorarray.py:221: &lt;py._xmlgen.raw object at 0x7f1dd44bb748&gt;</skipped></testcase><testcase classname="src.pymortests.vectorarray" file="src/pymortests/vectorarray.py" line="221" name="test_copy[2-&lt;lambda&gt;25]" time="0.00044035911560058594"><skipped message="Suite splitting in effect" type="pytest.skip">src/pymortests/vectorarray.py:221: &lt;py._xmlgen.raw object at 0x7f1dde63efd0&gt;</skipped></testcase><testcase classname="src.pymortests.vectorarray" file="src/pymortests/vectorarray.py" line="221" name="test_copy[2-&lt;lambda&gt;26]" time="0.0004544258117675781"><skipped message="Suite splitting in effect" type="pytest.skip">src/pymortests/vectorarray.py:221: &lt;py._xmlgen.raw object at 0x7f1dde64f240&gt;</skipped></testcase><testcase classname="src.pymortests.vectorarray" file="src/pymortests/vectorarray.py" line="242" name="test_copy_repeated_index[0-&lt;lambda&gt;0]" time="0.0004265308380126953"><skipped message="Suite splitting in effect" type="pytest.skip">src/pymortests/vectorarray.py:242: &lt;py._xmlgen.raw object at 0x7f1dd44d0c18&gt;</skipped></testcase><testcase classname="src.pymortests.vectorarray" file="src/pymortests/vectorarray.py" line="242" name="test_copy_repeated_index[0-&lt;lambda&gt;1]" time="0.00040721893310546875"><skipped message="Suite splitting in effect" type="pytest.skip">src/pymortests/vectorarray.py:242: &lt;py._xmlgen.raw object at 0x7f1dd44d0518&gt;</skipped></testcase><testcase classname="src.pymortests.vectorarray" file="src/pymortests/vectorarray.py" line="242" name="test_copy_repeated_index[0-&lt;lambda&gt;2]" time="0.0007426738739013672"><skipped message="Suite splitting in effect" type="pytest.skip">src/pymortests/vectorarray.py:242: &lt;py._xmlgen.raw object at 0x7f1dd44dd4a8&gt;</skipped></testcase><testcase classname="src.pymortests.vectorarray" file="src/pymortests/vectorarray.py" line="242" name="test_copy_repeated_index[0-&lt;lambda&gt;3]" time="0.00042319297790527344"><skipped message="Suite splitting in effect" type="pytest.skip">src/pymortests/vectorarray.py:242: &lt;py._xmlgen.raw object at 0x7f1dd44d0c50&gt;</skipped></testcase><testcase classname="src.pymortests.vectorarray" file="src/pymortests/vectorarray.py" line="242" name="test_copy_repeated_index[0-&lt;lambda&gt;4]" time="0.0004951953887939453"><skipped message="Suite splitting in effect" type="pytest.skip">src/pymortests/vectorarray.py:242: &lt;py._xmlgen.raw object at 0x7f1dd450eb70&gt;</skipped></testcase><testcase classname="src.pymortests.vectorarray" file="src/pymortests/vectorarray.py" line="242" name="test_copy_repeated_index[0-&lt;lambda&gt;5]" time="0.0004248619079589844"><skipped message="Suite splitting in effect" type="pytest.skip">src/pymortests/vectorarray.py:242: &lt;py._xmlgen.raw object at 0x7f1dd452f978&gt;</skipped></testcase><testcase classname="src.pymortests.vectorarray" file="src/pymortests/vectorarray.py" line="242" name="test_copy_repeated_index[0-&lt;lambda&gt;6]" time="0.0004444122314453125"><skipped message="Suite splitting in effect" type="pytest.skip">src/pymortests/vectorarray.py:242: &lt;py._xmlgen.raw object at 0x7f1dd44bb5c0&gt;</skipped></testcase><testcase classname="src.pymortests.vectorarray" file="src/pymortests/vectorarray.py" line="242" name="test_copy_repeated_index[0-&lt;lambda&gt;7]" time="0.00043487548828125"><skipped message="Suite splitting in effect" type="pytest.skip">src/pymortests/vectorarray.py:242: &lt;py._xmlgen.raw object at 0x7f1dd44c2ac8&gt;</skipped></testcase><testcase classname="src.pymortests.vectorarray" file="src/pymortests/vectorarray.py" line="242" name="test_copy_repeated_index[0-&lt;lambda&gt;8]" time="0.00045108795166015625"><skipped message="Suite splitting in effect" type="pytest.skip">src/pymortests/vectorarray.py:242: &lt;py._xmlgen.raw object at 0x7f1dde5dd390&gt;</skipped></testcase><testcase classname="src.pymortests.vectorarray" file="src/pymortests/vectorarray.py" line="242" name="test_copy_repeated_index[0-&lt;lambda&gt;9]" time="0.00043773651123046875"><skipped message="Suite splitting in effect" type="pytest.skip">src/pymortests/vectorarray.py:242: &lt;py._xmlgen.raw object at 0x7f1dd44dd358&gt;</skipped></testcase><testcase classname="src.pymortests.vectorarray" file="src/pymortests/vectorarray.py" line="242" name="test_copy_repeated_index[0-&lt;lambda&gt;10]" time="0.0007297992706298828"><skipped message="Suite splitting in effect" type="pytest.skip">src/pymortests/vectorarray.py:242: &lt;py._xmlgen.raw object at 0x7f1dd44ddac8&gt;</skipped></testcase><testcase classname="src.pymortests.vectorarray" file="src/pymortests/vectorarray.py" line="242" name="test_copy_repeated_index[0-&lt;lambda&gt;11]" time="0.00042366981506347656"><skipped message="Suite splitting in effect" type="pytest.skip">src/pymortests/vectorarray.py:242: &lt;py._xmlgen.raw object at 0x7f1dd44c2dd8&gt;</skipped></testcase><testcase classname="src.pymortests.vectorarray" file="src/pymortests/vectorarray.py" line="242" name="test_copy_repeated_index[0-&lt;lambda&gt;12]" time="0.0004417896270751953"><skipped message="Suite splitting in effect" type="pytest.skip">src/pymortests/vectorarray.py:242: &lt;py._xmlgen.raw object at 0x7f1dd44bb5f8&gt;</skipped></testcase><testcase classname="src.pymortests.vectorarray" file="src/pymortests/vectorarray.py" line="242" name="test_copy_repeated_index[0-&lt;lambda&gt;13]" time="0.0004425048828125"><skipped message="Suite splitting in effect" type="pytest.skip">src/pymortests/vectorarray.py:242: &lt;py._xmlgen.raw object at 0x7f1dde64f588&gt;</skipped></testcase><testcase classname="src.pymortests.vectorarray" file="src/pymortests/vectorarray.py" line="242" name="test_copy_repeated_index[0-&lt;lambda&gt;14]" time="0.0004277229309082031"><skipped message="Suite splitting in effect" type="pytest.skip">src/pymortests/vectorarray.py:242: &lt;py._xmlgen.raw object at 0x7f1dde605b00&gt;</skipped></testcase><testcase classname="src.pymortests.vectorarray" file="src/pymortests/vectorarray.py" line="242" name="test_copy_repeated_index[0-&lt;lambda&gt;15]" time="0.00043320655822753906"><skipped message="Suite splitting in effect" type="pytest.skip">src/pymortests/vectorarray.py:242: &lt;py._xmlgen.raw object at 0x7f1dd44d0c18&gt;</skipped></testcase><testcase classname="src.pymortests.vectorarray" file="src/pymortests/vectorarray.py" line="242" name="test_copy_repeated_index[0-&lt;lambda&gt;16]" time="0.0004181861877441406"><skipped message="Suite splitting in effect" type="pytest.skip">src/pymortests/vectorarray.py:242: &lt;py._xmlgen.raw object at 0x7f1dd44ddc50&gt;</skipped></testcase><testcase classname="src.pymortests.vectorarray" file="src/pymortests/vectorarray.py" line="242" name="test_copy_repeated_index[0-&lt;lambda&gt;17]" time="0.0004241466522216797"><skipped message="Suite splitting in effect" type="pytest.skip">src/pymortests/vectorarray.py:242: &lt;py._xmlgen.raw object at 0x7f1dd44dd080&gt;</skipped></testcase><testcase classname="src.pymortests.vectorarray" file="src/pymortests/vectorarray.py" line="242" name="test_copy_repeated_index[0-&lt;lambda&gt;18]" time="0.0007398128509521484"><skipped message="Suite splitting in effect" type="pytest.skip">src/pymortests/vectorarray.py:242: &lt;py._xmlgen.raw object at 0x7f1dd44e6128&gt;</skipped></testcase><testcase classname="src.pymortests.vectorarray" file="src/pymortests/vectorarray.py" line="242" name="test_copy_repeated_index[0-&lt;lambda&gt;19]" time="0.0004200935363769531"><skipped message="Suite splitting in effect" type="pytest.skip">src/pymortests/vectorarray.py:242: &lt;py._xmlgen.raw object at 0x7f1dd44dd978&gt;</skipped></testcase><testcase classname="src.pymortests.vectorarray" file="src/pymortests/vectorarray.py" line="242" name="test_copy_repeated_index[0-&lt;lambda&gt;20]" time="0.000415802001953125"><skipped message="Suite splitting in effect" type="pytest.skip">src/pymortests/vectorarray.py:242: &lt;py._xmlgen.raw object at 0x7f1dd44d06a0&gt;</skipped></testcase><testcase classname="src.pymortests.vectorarray" file="src/pymortests/vectorarray.py" line="242" name="test_copy_repeated_index[0-&lt;lambda&gt;21]" time="0.00045490264892578125"><skipped message="Suite splitting in effect" type="pytest.skip">src/pymortests/vectorarray.py:242: &lt;py._xmlgen.raw object at 0x7f1dde5f02e8&gt;</skipped></testcase><testcase classname="src.pymortests.vectorarray" file="src/pymortests/vectorarray.py" line="242" name="test_copy_repeated_index[0-&lt;lambda&gt;22]" time="0.0004334449768066406"><skipped message="Suite splitting in effect" type="pytest.skip">src/pymortests/vectorarray.py:242: &lt;py._xmlgen.raw object at 0x7f1dde6180b8&gt;</skipped></testcase><testcase classname="src.pymortests.vectorarray" file="src/pymortests/vectorarray.py" line="242" name="test_copy_repeated_index[0-&lt;lambda&gt;23]" time="0.0004146099090576172"><skipped message="Suite splitting in effect" type="pytest.skip">src/pymortests/vectorarray.py:242: &lt;py._xmlgen.raw object at 0x7f1dd44ffdd8&gt;</skipped></testcase><testcase classname="src.pymortests.vectorarray" file="src/pymortests/vectorarray.py" line="242" name="test_copy_repeated_index[0-&lt;lambda&gt;24]" time="0.0004100799560546875"><skipped message="Suite splitting in effect" type="pytest.skip">src/pymortests/vectorarray.py:242: &lt;py._xmlgen.raw object at 0x7f1dd44c2518&gt;</skipped></testcase><testcase classname="src.pymortests.vectorarray" file="src/pymortests/vectorarray.py" line="242" name="test_copy_repeated_index[0-&lt;lambda&gt;25]" time="0.0004208087921142578"><skipped message="Suite splitting in effect" type="pytest.skip">src/pymortests/vectorarray.py:242: &lt;py._xmlgen.raw object at 0x7f1dd44e6278&gt;</skipped></testcase><testcase classname="src.pymortests.vectorarray" file="src/pymortests/vectorarray.py" line="242" name="test_copy_repeated_index[0-&lt;lambda&gt;26]" time="0.0007431507110595703"><skipped message="Suite splitting in effect" type="pytest.skip">src/pymortests/vectorarray.py:242: &lt;py._xmlgen.raw object at 0x7f1dd44e6748&gt;</skipped></testcase><testcase classname="src.pymortests.vectorarray" file="src/pymortests/vectorarray.py" line="242" name="test_copy_repeated_index[1-&lt;lambda&gt;0]" time="0.0004248619079589844"><skipped message="Suite splitting in effect" type="pytest.skip">src/pymortests/vectorarray.py:242: &lt;py._xmlgen.raw object at 0x7f1dd44c2b38&gt;</skipped></testcase><testcase classname="src.pymortests.vectorarray" file="src/pymortests/vectorarray.py" line="242" name="test_copy_repeated_index[1-&lt;lambda&gt;1]" time="0.0004379749298095703"><skipped message="Suite splitting in effect" type="pytest.skip">src/pymortests/vectorarray.py:242: &lt;py._xmlgen.raw object at 0x7f1dde63e780&gt;</skipped></testcase><testcase classname="src.pymortests.vectorarray" file="src/pymortests/vectorarray.py" line="242" name="test_copy_repeated_index[1-&lt;lambda&gt;2]" time="0.0004374980926513672"><skipped message="Suite splitting in effect" type="pytest.skip">src/pymortests/vectorarray.py:242: &lt;py._xmlgen.raw object at 0x7f1dde689be0&gt;</skipped></testcase><testcase classname="src.pymortests.vectorarray" file="src/pymortests/vectorarray.py" line="242" name="test_copy_repeated_index[1-&lt;lambda&gt;3]" time="0.0004112720489501953"><skipped message="Suite splitting in effect" type="pytest.skip">src/pymortests/vectorarray.py:242: &lt;py._xmlgen.raw object at 0x7f1dd44d06a0&gt;</skipped></testcase><testcase classname="src.pymortests.vectorarray" file="src/pymortests/vectorarray.py" line="242" name="test_copy_repeated_index[1-&lt;lambda&gt;4]" time="0.0004169940948486328"><skipped message="Suite splitting in effect" type="pytest.skip">src/pymortests/vectorarray.py:242: &lt;py._xmlgen.raw object at 0x7f1dd44ddb38&gt;</skipped></testcase><testcase classname="src.pymortests.vectorarray" file="src/pymortests/vectorarray.py" line="242" name="test_copy_repeated_index[1-&lt;lambda&gt;5]" time="0.0004343986511230469"><skipped message="Suite splitting in effect" type="pytest.skip">src/pymortests/vectorarray.py:242: &lt;py._xmlgen.raw object at 0x7f1dd44dd198&gt;</skipped></testcase><testcase classname="src.pymortests.vectorarray" file="src/pymortests/vectorarray.py" line="242" name="test_copy_repeated_index[1-&lt;lambda&gt;6]" time="0.0004374980926513672"><skipped message="Suite splitting in effect" type="pytest.skip">src/pymortests/vectorarray.py:242: &lt;py._xmlgen.raw object at 0x7f1dd44e63c8&gt;</skipped></testcase><testcase classname="src.pymortests.vectorarray" file="src/pymortests/vectorarray.py" line="242" name="test_copy_repeated_index[1-&lt;lambda&gt;7]" time="0.0007214546203613281"><skipped message="Suite splitting in effect" type="pytest.skip">src/pymortests/vectorarray.py:242: &lt;py._xmlgen.raw object at 0x7f1dd44e6d68&gt;</skipped></testcase><testcase classname="src.pymortests.vectorarray" file="src/pymortests/vectorarray.py" line="242" name="test_copy_repeated_index[1-&lt;lambda&gt;8]" time="0.0004532337188720703"><skipped message="Suite splitting in effect" type="pytest.skip">src/pymortests/vectorarray.py:242: &lt;py._xmlgen.raw object at 0x7f1dd44ddda0&gt;</skipped></testcase><testcase classname="src.pymortests.vectorarray" file="src/pymortests/vectorarray.py" line="242" name="test_copy_repeated_index[1-&lt;lambda&gt;9]" time="0.00042247772216796875"><skipped message="Suite splitting in effect" type="pytest.skip">src/pymortests/vectorarray.py:242: &lt;py._xmlgen.raw object at 0x7f1dd44d0d30&gt;</skipped></testcase><testcase classname="src.pymortests.vectorarray" file="src/pymortests/vectorarray.py" line="242" name="test_copy_repeated_index[1-&lt;lambda&gt;10]" time="0.00046253204345703125"><skipped message="Suite splitting in effect" type="pytest.skip">src/pymortests/vectorarray.py:242: &lt;py._xmlgen.raw object at 0x7f1dde605fd0&gt;</skipped></testcase><testcase classname="src.pymortests.vectorarray" file="src/pymortests/vectorarray.py" line="242" name="test_copy_repeated_index[1-&lt;lambda&gt;11]" time="0.0004267692565917969"><skipped message="Suite splitting in effect" type="pytest.skip">src/pymortests/vectorarray.py:242: &lt;py._xmlgen.raw object at 0x7f1dd452fdd8&gt;</skipped></testcase><testcase classname="src.pymortests.vectorarray" file="src/pymortests/vectorarray.py" line="242" name="test_copy_repeated_index[1-&lt;lambda&gt;12]" time="0.00042438507080078125"><skipped message="Suite splitting in effect" type="pytest.skip">src/pymortests/vectorarray.py:242: &lt;py._xmlgen.raw object at 0x7f1dd44c2550&gt;</skipped></testcase><testcase classname="src.pymortests.vectorarray" file="src/pymortests/vectorarray.py" line="242" name="test_copy_repeated_index[1-&lt;lambda&gt;13]" time="0.0004520416259765625"><skipped message="Suite splitting in effect" type="pytest.skip">src/pymortests/vectorarray.py:242: &lt;py._xmlgen.raw object at 0x7f1dd44e6198&gt;</skipped></testcase><testcase classname="src.pymortests.vectorarray" file="src/pymortests/vectorarray.py" line="242" name="test_copy_repeated_index[1-&lt;lambda&gt;14]" time="0.000408172607421875"><skipped message="Suite splitting in effect" type="pytest.skip">src/pymortests/vectorarray.py:242: &lt;py._xmlgen.raw object at 0x7f1dd44e65c0&gt;</skipped></testcase><testcase classname="src.pymortests.vectorarray" file="src/pymortests/vectorarray.py" line="242" name="test_copy_repeated_index[1-&lt;lambda&gt;15]" time="0.0007388591766357422"><skipped message="Suite splitting in effect" type="pytest.skip">src/pymortests/vectorarray.py:242: &lt;py._xmlgen.raw object at 0x7f1dd44f03c8&gt;</skipped></testcase><testcase classname="src.pymortests.vectorarray" file="src/pymortests/vectorarray.py" line="242" name="test_copy_repeated_index[1-&lt;lambda&gt;16]" time="0.0004391670227050781"><skipped message="Suite splitting in effect" type="pytest.skip">src/pymortests/vectorarray.py:242: &lt;py._xmlgen.raw object at 0x7f1dd44e6c50&gt;</skipped></testcase><testcase classname="src.pymortests.vectorarray" file="src/pymortests/vectorarray.py" line="242" name="test_copy_repeated_index[1-&lt;lambda&gt;17]" time="0.0004429817199707031"><skipped message="Suite splitting in effect" type="pytest.skip">src/pymortests/vectorarray.py:242: &lt;py._xmlgen.raw object at 0x7f1dd44bbf60&gt;</skipped></testcase><testcase classname="src.pymortests.vectorarray" file="src/pymortests/vectorarray.py" line="242" name="test_copy_repeated_index[1-&lt;lambda&gt;18]" time="0.0004253387451171875"><skipped message="Suite splitting in effect" type="pytest.skip">src/pymortests/vectorarray.py:242: &lt;py._xmlgen.raw object at 0x7f1dde64f438&gt;</skipped></testcase><testcase classname="src.pymortests.vectorarray" file="src/pymortests/vectorarray.py" line="242" name="test_copy_repeated_index[1-&lt;lambda&gt;19]" time="0.0004253387451171875"><skipped message="Suite splitting in effect" type="pytest.skip">src/pymortests/vectorarray.py:242: &lt;py._xmlgen.raw object at 0x7f1dd44d0550&gt;</skipped></testcase><testcase classname="src.pymortests.vectorarray" file="src/pymortests/vectorarray.py" line="242" name="test_copy_repeated_index[1-&lt;lambda&gt;20]" time="0.0005056858062744141"><skipped message="Suite splitting in effect" type="pytest.skip">src/pymortests/vectorarray.py:242: &lt;py._xmlgen.raw object at 0x7f1dde5975c0&gt;</skipped></testcase><testcase classname="src.pymortests.vectorarray" file="src/pymortests/vectorarray.py" line="242" name="test_copy_repeated_index[1-&lt;lambda&gt;21]" time="0.00044417381286621094"><skipped message="Suite splitting in effect" type="pytest.skip">src/pymortests/vectorarray.py:242: &lt;py._xmlgen.raw object at 0x7f1dd44dde10&gt;</skipped></testcase><testcase classname="src.pymortests.vectorarray" file="src/pymortests/vectorarray.py" line="242" name="test_copy_repeated_index[1-&lt;lambda&gt;22]" time="0.00045371055603027344"><skipped message="Suite splitting in effect" type="pytest.skip">src/pymortests/vectorarray.py:242: &lt;py._xmlgen.raw object at 0x7f1dd44f0240&gt;</skipped></testcase><testcase classname="src.pymortests.vectorarray" file="src/pymortests/vectorarray.py" line="242" name="test_copy_repeated_index[1-&lt;lambda&gt;23]" time="0.0010230541229248047"><skipped message="Suite splitting in effect" type="pytest.skip">src/pymortests/vectorarray.py:242: &lt;py._xmlgen.raw object at 0x7f1dd44f09e8&gt;</skipped></testcase><testcase classname="src.pymortests.vectorarray" file="src/pymortests/vectorarray.py" line="242" name="test_copy_repeated_index[1-&lt;lambda&gt;24]" time="0.0004177093505859375"><skipped message="Suite splitting in effect" type="pytest.skip">src/pymortests/vectorarray.py:242: &lt;py._xmlgen.raw object at 0x7f1dde605c50&gt;</skipped></testcase><testcase classname="src.pymortests.vectorarray" file="src/pymortests/vectorarray.py" line="242" name="test_copy_repeated_index[1-&lt;lambda&gt;25]" time="0.0004363059997558594"><skipped message="Suite splitting in effect" type="pytest.skip">src/pymortests/vectorarray.py:242: &lt;py._xmlgen.raw object at 0x7f1dde5a6710&gt;</skipped></testcase><testcase classname="src.pymortests.vectorarray" file="src/pymortests/vectorarray.py" line="242" name="test_copy_repeated_index[1-&lt;lambda&gt;26]" time="0.0004425048828125"><skipped message="Suite splitting in effect" type="pytest.skip">src/pymortests/vectorarray.py:242: &lt;py._xmlgen.raw object at 0x7f1dd44e6198&gt;</skipped></testcase><testcase classname="src.pymortests.vectorarray" file="src/pymortests/vectorarray.py" line="242" name="test_copy_repeated_index[2-&lt;lambda&gt;0]" time="0.00044155120849609375"><skipped message="Suite splitting in effect" type="pytest.skip">src/pymortests/vectorarray.py:242: &lt;py._xmlgen.raw object at 0x7f1dd44e6710&gt;</skipped></testcase><testcase classname="src.pymortests.vectorarray" file="src/pymortests/vectorarray.py" line="242" name="test_copy_repeated_index[2-&lt;lambda&gt;1]" time="0.0004420280456542969"><skipped message="Suite splitting in effect" type="pytest.skip">src/pymortests/vectorarray.py:242: &lt;py._xmlgen.raw object at 0x7f1dd44ddda0&gt;</skipped></testcase><testcase classname="src.pymortests.vectorarray" file="src/pymortests/vectorarray.py" line="242" name="test_copy_repeated_index[2-&lt;lambda&gt;2]" time="0.00043654441833496094"><skipped message="Suite splitting in effect" type="pytest.skip">src/pymortests/vectorarray.py:242: &lt;py._xmlgen.raw object at 0x7f1dd44d0438&gt;</skipped></testcase><testcase classname="src.pymortests.vectorarray" file="src/pymortests/vectorarray.py" line="242" name="test_copy_repeated_index[2-&lt;lambda&gt;3]" time="0.0004413127899169922"><skipped message="Suite splitting in effect" type="pytest.skip">src/pymortests/vectorarray.py:242: &lt;py._xmlgen.raw object at 0x7f1dd44c26d8&gt;</skipped></testcase><testcase classname="src.pymortests.vectorarray" file="src/pymortests/vectorarray.py" line="242" name="test_copy_repeated_index[2-&lt;lambda&gt;4]" time="0.0004277229309082031"><skipped message="Suite splitting in effect" type="pytest.skip">src/pymortests/vectorarray.py:242: &lt;py._xmlgen.raw object at 0x7f1dd4515438&gt;</skipped></testcase><testcase classname="src.pymortests.vectorarray" file="src/pymortests/vectorarray.py" line="242" name="test_copy_repeated_index[2-&lt;lambda&gt;5]" time="0.0007297992706298828"><skipped message="Suite splitting in effect" type="pytest.skip">src/pymortests/vectorarray.py:242: &lt;py._xmlgen.raw object at 0x7f1dd44c2b38&gt;</skipped></testcase><testcase classname="src.pymortests.vectorarray" file="src/pymortests/vectorarray.py" line="242" name="test_copy_repeated_index[2-&lt;lambda&gt;6]" time="0.0004241466522216797"><skipped message="Suite splitting in effect" type="pytest.skip">src/pymortests/vectorarray.py:242: &lt;py._xmlgen.raw object at 0x7f1dde5ddfd0&gt;</skipped></testcase><testcase classname="src.pymortests.vectorarray" file="src/pymortests/vectorarray.py" line="242" name="test_copy_repeated_index[2-&lt;lambda&gt;7]" time="0.0004367828369140625"><skipped message="Suite splitting in effect" type="pytest.skip">src/pymortests/vectorarray.py:242: &lt;py._xmlgen.raw object at 0x7f1dd44dd048&gt;</skipped></testcase><testcase classname="src.pymortests.vectorarray" file="src/pymortests/vectorarray.py" line="242" name="test_copy_repeated_index[2-&lt;lambda&gt;8]" time="0.0004401206970214844"><skipped message="Suite splitting in effect" type="pytest.skip">src/pymortests/vectorarray.py:242: &lt;py._xmlgen.raw object at 0x7f1dd44e6898&gt;</skipped></testcase><testcase classname="src.pymortests.vectorarray" file="src/pymortests/vectorarray.py" line="242" name="test_copy_repeated_index[2-&lt;lambda&gt;9]" time="0.00044155120849609375"><skipped message="Suite splitting in effect" type="pytest.skip">src/pymortests/vectorarray.py:242: &lt;py._xmlgen.raw object at 0x7f1dde5a6ba8&gt;</skipped></testcase><testcase classname="src.pymortests.vectorarray" file="src/pymortests/vectorarray.py" line="242" name="test_copy_repeated_index[2-&lt;lambda&gt;10]" time="0.00046253204345703125"><skipped message="Suite splitting in effect" type="pytest.skip">src/pymortests/vectorarray.py:242: &lt;py._xmlgen.raw object at 0x7f1dde64ff60&gt;</skipped></testcase><testcase classname="src.pymortests.vectorarray" file="src/pymortests/vectorarray.py" line="242" name="test_copy_repeated_index[2-&lt;lambda&gt;11]" time="0.0004324913024902344"><skipped message="Suite splitting in effect" type="pytest.skip">src/pymortests/vectorarray.py:242: &lt;py._xmlgen.raw object at 0x7f1dde597710&gt;</skipped></testcase><testcase classname="src.pymortests.vectorarray" file="src/pymortests/vectorarray.py" line="242" name="test_copy_repeated_index[2-&lt;lambda&gt;12]" time="0.00043201446533203125"><skipped message="Suite splitting in effect" type="pytest.skip">src/pymortests/vectorarray.py:242: &lt;py._xmlgen.raw object at 0x7f1dd44f0748&gt;</skipped></testcase><testcase classname="src.pymortests.vectorarray" file="src/pymortests/vectorarray.py" line="242" name="test_copy_repeated_index[2-&lt;lambda&gt;13]" time="0.000701904296875"><skipped message="Suite splitting in effect" type="pytest.skip">src/pymortests/vectorarray.py:242: &lt;py._xmlgen.raw object at 0x7f1dde605ef0&gt;</skipped></testcase><testcase classname="src.pymortests.vectorarray" file="src/pymortests/vectorarray.py" line="242" name="test_copy_repeated_index[2-&lt;lambda&gt;14]" time="0.0004138946533203125"><skipped message="Suite splitting in effect" type="pytest.skip">src/pymortests/vectorarray.py:242: &lt;py._xmlgen.raw object at 0x7f1dd45236d8&gt;</skipped></testcase><testcase classname="src.pymortests.vectorarray" file="src/pymortests/vectorarray.py" line="242" name="test_copy_repeated_index[2-&lt;lambda&gt;15]" time="0.00040340423583984375"><skipped message="Suite splitting in effect" type="pytest.skip">src/pymortests/vectorarray.py:242: &lt;py._xmlgen.raw object at 0x7f1dd44e6e10&gt;</skipped></testcase><testcase classname="src.pymortests.vectorarray" file="src/pymortests/vectorarray.py" line="242" name="test_copy_repeated_index[2-&lt;lambda&gt;16]" time="0.00042128562927246094"><skipped message="Suite splitting in effect" type="pytest.skip">src/pymortests/vectorarray.py:242: &lt;py._xmlgen.raw object at 0x7f1dd44e6780&gt;</skipped></testcase><testcase classname="src.pymortests.vectorarray" file="src/pymortests/vectorarray.py" line="242" name="test_copy_repeated_index[2-&lt;lambda&gt;17]" time="0.0004680156707763672"><skipped message="Suite splitting in effect" type="pytest.skip">src/pymortests/vectorarray.py:242: &lt;py._xmlgen.raw object at 0x7f1dd44dd780&gt;</skipped></testcase><testcase classname="src.pymortests.vectorarray" file="src/pymortests/vectorarray.py" line="242" name="test_copy_repeated_index[2-&lt;lambda&gt;18]" time="0.00043082237243652344"><skipped message="Suite splitting in effect" type="pytest.skip">src/pymortests/vectorarray.py:242: &lt;py._xmlgen.raw object at 0x7f1dd44d0b38&gt;</skipped></testcase><testcase classname="src.pymortests.vectorarray" file="src/pymortests/vectorarray.py" line="242" name="test_copy_repeated_index[2-&lt;lambda&gt;19]" time="0.0004487037658691406"><skipped message="Suite splitting in effect" type="pytest.skip">src/pymortests/vectorarray.py:242: &lt;py._xmlgen.raw object at 0x7f1dd44f0b38&gt;</skipped></testcase><testcase classname="src.pymortests.vectorarray" file="src/pymortests/vectorarray.py" line="242" name="test_copy_repeated_index[2-&lt;lambda&gt;20]" time="0.0004589557647705078"><skipped message="Suite splitting in effect" type="pytest.skip">src/pymortests/vectorarray.py:242: &lt;py._xmlgen.raw object at 0x7f1dd44f0ef0&gt;</skipped></testcase><testcase classname="src.pymortests.vectorarray" file="src/pymortests/vectorarray.py" line="242" name="test_copy_repeated_index[2-&lt;lambda&gt;21]" time="0.0007147789001464844"><skipped message="Suite splitting in effect" type="pytest.skip">src/pymortests/vectorarray.py:242: &lt;py._xmlgen.raw object at 0x7f1dd447f470&gt;</skipped></testcase><testcase classname="src.pymortests.vectorarray" file="src/pymortests/vectorarray.py" line="242" name="test_copy_repeated_index[2-&lt;lambda&gt;22]" time="0.00042319297790527344"><skipped message="Suite splitting in effect" type="pytest.skip">src/pymortests/vectorarray.py:242: &lt;py._xmlgen.raw object at 0x7f1dd44f0898&gt;</skipped></testcase><testcase classname="src.pymortests.vectorarray" file="src/pymortests/vectorarray.py" line="242" name="test_copy_repeated_index[2-&lt;lambda&gt;23]" time="0.0004153251647949219"><skipped message="Suite splitting in effect" type="pytest.skip">src/pymortests/vectorarray.py:242: &lt;py._xmlgen.raw object at 0x7f1dd44d0828&gt;</skipped></testcase><testcase classname="src.pymortests.vectorarray" file="src/pymortests/vectorarray.py" line="242" name="test_copy_repeated_index[2-&lt;lambda&gt;24]" time="0.0004496574401855469"><skipped message="Suite splitting in effect" type="pytest.skip">src/pymortests/vectorarray.py:242: &lt;py._xmlgen.raw object at 0x7f1dd44ddb00&gt;</skipped></testcase><testcase classname="src.pymortests.vectorarray" file="src/pymortests/vectorarray.py" line="242" name="test_copy_repeated_index[2-&lt;lambda&gt;25]" time="0.00042819976806640625"><skipped message="Suite splitting in effect" type="pytest.skip">src/pymortests/vectorarray.py:242: &lt;py._xmlgen.raw object at 0x7f1dd44e6748&gt;</skipped></testcase><testcase classname="src.pymortests.vectorarray" file="src/pymortests/vectorarray.py" line="242" name="test_copy_repeated_index[2-&lt;lambda&gt;26]" time="0.0004112720489501953"><skipped message="Suite splitting in effect" type="pytest.skip">src/pymortests/vectorarray.py:242: &lt;py._xmlgen.raw object at 0x7f1dd453be48&gt;</skipped></testcase><testcase classname="src.pymortests.vectorarray" file="src/pymortests/vectorarray.py" line="264" name="test_append[compatible_vector_array_pair0-&lt;lambda&gt;0]" time="0.0004215240478515625"><skipped message="Suite splitting in effect" type="pytest.skip">src/pymortests/vectorarray.py:264: &lt;py._xmlgen.raw object at 0x7f1dde5973c8&gt;</skipped></testcase><testcase classname="src.pymortests.vectorarray" file="src/pymortests/vectorarray.py" line="264" name="test_append[compatible_vector_array_pair0-&lt;lambda&gt;1]" time="0.0004329681396484375"><skipped message="Suite splitting in effect" type="pytest.skip">src/pymortests/vectorarray.py:264: &lt;py._xmlgen.raw object at 0x7f1dd447f358&gt;</skipped></testcase><testcase classname="src.pymortests.vectorarray" file="src/pymortests/vectorarray.py" line="264" name="test_append[compatible_vector_array_pair0-&lt;lambda&gt;2]" time="0.0007238388061523438"><skipped message="Suite splitting in effect" type="pytest.skip">src/pymortests/vectorarray.py:264: &lt;py._xmlgen.raw object at 0x7f1dd447f9b0&gt;</skipped></testcase><testcase classname="src.pymortests.vectorarray" file="src/pymortests/vectorarray.py" line="264" name="test_append[compatible_vector_array_pair0-&lt;lambda&gt;3]" time="0.0004475116729736328"><skipped message="Suite splitting in effect" type="pytest.skip">src/pymortests/vectorarray.py:264: &lt;py._xmlgen.raw object at 0x7f1dde5b6470&gt;</skipped></testcase><testcase classname="src.pymortests.vectorarray" file="src/pymortests/vectorarray.py" line="264" name="test_append[compatible_vector_array_pair0-&lt;lambda&gt;4]" time="0.0004191398620605469"><skipped message="Suite splitting in effect" type="pytest.skip">src/pymortests/vectorarray.py:264: &lt;py._xmlgen.raw object at 0x7f1dde5a63c8&gt;</skipped></testcase><testcase classname="src.pymortests.vectorarray" file="src/pymortests/vectorarray.py" line="264" name="test_append[compatible_vector_array_pair0-&lt;lambda&gt;5]" time="0.00045299530029296875"><skipped message="Suite splitting in effect" type="pytest.skip">src/pymortests/vectorarray.py:264: &lt;py._xmlgen.raw object at 0x7f1dd44e6048&gt;</skipped></testcase><testcase classname="src.pymortests.vectorarray" file="src/pymortests/vectorarray.py" line="264" name="test_append[compatible_vector_array_pair0-&lt;lambda&gt;6]" time="0.0004248619079589844"><skipped message="Suite splitting in effect" type="pytest.skip">src/pymortests/vectorarray.py:264: &lt;py._xmlgen.raw object at 0x7f1dd4569a20&gt;</skipped></testcase><testcase classname="src.pymortests.vectorarray" file="src/pymortests/vectorarray.py" line="264" name="test_append[compatible_vector_array_pair0-&lt;lambda&gt;7]" time="0.0004303455352783203"><skipped message="Suite splitting in effect" type="pytest.skip">src/pymortests/vectorarray.py:264: &lt;py._xmlgen.raw object at 0x7f1dd44f08d0&gt;</skipped></testcase><testcase classname="src.pymortests.vectorarray" file="src/pymortests/vectorarray.py" line="264" name="test_append[compatible_vector_array_pair0-&lt;lambda&gt;8]" time="0.0004343986511230469"><skipped message="Suite splitting in effect" type="pytest.skip">src/pymortests/vectorarray.py:264: &lt;py._xmlgen.raw object at 0x7f1dd447f588&gt;</skipped></testcase><testcase classname="src.pymortests.vectorarray" file="src/pymortests/vectorarray.py" line="264" name="test_append[compatible_vector_array_pair0-&lt;lambda&gt;9]" time="0.0004127025604248047"><skipped message="Suite splitting in effect" type="pytest.skip">src/pymortests/vectorarray.py:264: &lt;py._xmlgen.raw object at 0x7f1dd447f1d0&gt;</skipped></testcase><testcase classname="src.pymortests.vectorarray" file="src/pymortests/vectorarray.py" line="264" name="test_append[compatible_vector_array_pair0-&lt;lambda&gt;10]" time="0.0006916522979736328"><skipped message="Suite splitting in effect" type="pytest.skip">src/pymortests/vectorarray.py:264: &lt;py._xmlgen.raw object at 0x7f1dd447ffd0&gt;</skipped></testcase><testcase classname="src.pymortests.vectorarray" file="src/pymortests/vectorarray.py" line="264" name="test_append[compatible_vector_array_pair0-&lt;lambda&gt;11]" time="0.0004444122314453125"><skipped message="Suite splitting in effect" type="pytest.skip">src/pymortests/vectorarray.py:264: &lt;py._xmlgen.raw object at 0x7f1dd447f7f0&gt;</skipped></testcase><testcase classname="src.pymortests.vectorarray" file="src/pymortests/vectorarray.py" line="264" name="test_append[compatible_vector_array_pair0-&lt;lambda&gt;12]" time="0.0004134178161621094"><skipped message="Suite splitting in effect" type="pytest.skip">src/pymortests/vectorarray.py:264: &lt;py._xmlgen.raw object at 0x7f1dd44f0da0&gt;</skipped></testcase><testcase classname="src.pymortests.vectorarray" file="src/pymortests/vectorarray.py" line="264" name="test_append[compatible_vector_array_pair0-&lt;lambda&gt;13]" time="0.00045561790466308594"><skipped message="Suite splitting in effect" type="pytest.skip">src/pymortests/vectorarray.py:264: &lt;py._xmlgen.raw object at 0x7f1dd44d02b0&gt;</skipped></testcase><testcase classname="src.pymortests.vectorarray" file="src/pymortests/vectorarray.py" line="264" name="test_append[compatible_vector_array_pair0-&lt;lambda&gt;14]" time="0.0004189014434814453"><skipped message="Suite splitting in effect" type="pytest.skip">src/pymortests/vectorarray.py:264: &lt;py._xmlgen.raw object at 0x7f1dd44dd978&gt;</skipped></testcase><testcase classname="src.pymortests.vectorarray" file="src/pymortests/vectorarray.py" line="264" name="test_append[compatible_vector_array_pair0-&lt;lambda&gt;15]" time="0.00040984153747558594"><skipped message="Suite splitting in effect" type="pytest.skip">src/pymortests/vectorarray.py:264: &lt;py._xmlgen.raw object at 0x7f1dd44e6588&gt;</skipped></testcase><testcase classname="src.pymortests.vectorarray" file="src/pymortests/vectorarray.py" line="264" name="test_append[compatible_vector_array_pair0-&lt;lambda&gt;16]" time="0.0004372596740722656"><skipped message="Suite splitting in effect" type="pytest.skip">src/pymortests/vectorarray.py:264: &lt;py._xmlgen.raw object at 0x7f1dde5975c0&gt;</skipped></testcase><testcase classname="src.pymortests.vectorarray" file="src/pymortests/vectorarray.py" line="264" name="test_append[compatible_vector_array_pair0-&lt;lambda&gt;17]" time="0.00043392181396484375"><skipped message="Suite splitting in effect" type="pytest.skip">src/pymortests/vectorarray.py:264: &lt;py._xmlgen.raw object at 0x7f1dd4487128&gt;</skipped></testcase><testcase classname="src.pymortests.vectorarray" file="src/pymortests/vectorarray.py" line="264" name="test_append[compatible_vector_array_pair0-&lt;lambda&gt;18]" time="0.0006957054138183594"><skipped message="Suite splitting in effect" type="pytest.skip">src/pymortests/vectorarray.py:264: &lt;py._xmlgen.raw object at 0x7f1dd4487630&gt;</skipped></testcase><testcase classname="src.pymortests.vectorarray" file="src/pymortests/vectorarray.py" line="264" name="test_append[compatible_vector_array_pair0-&lt;lambda&gt;19]" time="0.0004258155822753906"><skipped message="Suite splitting in effect" type="pytest.skip">src/pymortests/vectorarray.py:264: &lt;py._xmlgen.raw object at 0x7f1dde5a6a58&gt;</skipped></testcase><testcase classname="src.pymortests.vectorarray" file="src/pymortests/vectorarray.py" line="264" name="test_append[compatible_vector_array_pair0-&lt;lambda&gt;20]" time="0.0004851818084716797"><skipped message="Suite splitting in effect" type="pytest.skip">src/pymortests/vectorarray.py:264: &lt;py._xmlgen.raw object at 0x7f1dde58eef0&gt;</skipped></testcase><testcase classname="src.pymortests.vectorarray" file="src/pymortests/vectorarray.py" line="264" name="test_append[compatible_vector_array_pair0-&lt;lambda&gt;21]" time="0.00043511390686035156"><skipped message="Suite splitting in effect" type="pytest.skip">src/pymortests/vectorarray.py:264: &lt;py._xmlgen.raw object at 0x7f1dd44d0e10&gt;</skipped></testcase><testcase classname="src.pymortests.vectorarray" file="src/pymortests/vectorarray.py" line="264" name="test_append[compatible_vector_array_pair0-&lt;lambda&gt;22]" time="0.00044989585876464844"><skipped message="Suite splitting in effect" type="pytest.skip">src/pymortests/vectorarray.py:264: &lt;py._xmlgen.raw object at 0x7f1dd44f0da0&gt;</skipped></testcase><testcase classname="src.pymortests.vectorarray" file="src/pymortests/vectorarray.py" line="264" name="test_append[compatible_vector_array_pair0-&lt;lambda&gt;23]" time="0.0004584789276123047"><skipped message="Suite splitting in effect" type="pytest.skip">src/pymortests/vectorarray.py:264: &lt;py._xmlgen.raw object at 0x7f1dd447f390&gt;</skipped></testcase><testcase classname="src.pymortests.vectorarray" file="src/pymortests/vectorarray.py" line="264" name="test_append[compatible_vector_array_pair0-&lt;lambda&gt;24]" time="0.0004241466522216797"><skipped message="Suite splitting in effect" type="pytest.skip">src/pymortests/vectorarray.py:264: &lt;py._xmlgen.raw object at 0x7f1dd447f128&gt;</skipped></testcase><testcase classname="src.pymortests.vectorarray" file="src/pymortests/vectorarray.py" line="264" name="test_append[compatible_vector_array_pair0-&lt;lambda&gt;25]" time="0.0004324913024902344"><skipped message="Suite splitting in effect" type="pytest.skip">src/pymortests/vectorarray.py:264: &lt;py._xmlgen.raw object at 0x7f1dd44872b0&gt;</skipped></testcase><testcase classname="src.pymortests.vectorarray" file="src/pymortests/vectorarray.py" line="264" name="test_append[compatible_vector_array_pair0-&lt;lambda&gt;26]" time="0.0006864070892333984"><skipped message="Suite splitting in effect" type="pytest.skip">src/pymortests/vectorarray.py:264: &lt;py._xmlgen.raw object at 0x7f1dd4487c50&gt;</skipped></testcase><testcase classname="src.pymortests.vectorarray" file="src/pymortests/vectorarray.py" line="264" name="test_append[compatible_vector_array_pair0-&lt;lambda&gt;27]" time="0.000461578369140625"><skipped message="Suite splitting in effect" type="pytest.skip">src/pymortests/vectorarray.py:264: &lt;py._xmlgen.raw object at 0x7f1dd447fd30&gt;</skipped></testcase><testcase classname="src.pymortests.vectorarray" file="src/pymortests/vectorarray.py" line="264" name="test_append[compatible_vector_array_pair0-&lt;lambda&gt;28]" time="0.0004203319549560547"><skipped message="Suite splitting in effect" type="pytest.skip">src/pymortests/vectorarray.py:264: &lt;py._xmlgen.raw object at 0x7f1dd44f0fd0&gt;</skipped></testcase><testcase classname="src.pymortests.vectorarray" file="src/pymortests/vectorarray.py" line="264" name="test_append[compatible_vector_array_pair0-&lt;lambda&gt;29]" time="0.0004513263702392578"><skipped message="Suite splitting in effect" type="pytest.skip">src/pymortests/vectorarray.py:264: &lt;py._xmlgen.raw object at 0x7f1dde5dd828&gt;</skipped></testcase><testcase classname="src.pymortests.vectorarray" file="src/pymortests/vectorarray.py" line="264" name="test_append[compatible_vector_array_pair1-&lt;lambda&gt;0]" time="0.0004467964172363281"><skipped message="Suite splitting in effect" type="pytest.skip">src/pymortests/vectorarray.py:264: &lt;py._xmlgen.raw object at 0x7f1dd44e6e48&gt;</skipped></testcase><testcase classname="src.pymortests.vectorarray" file="src/pymortests/vectorarray.py" line="264" name="test_append[compatible_vector_array_pair1-&lt;lambda&gt;1]" time="0.00045013427734375"><skipped message="Suite splitting in effect" type="pytest.skip">src/pymortests/vectorarray.py:264: &lt;py._xmlgen.raw object at 0x7f1dde5a63c8&gt;</skipped></testcase><testcase classname="src.pymortests.vectorarray" file="src/pymortests/vectorarray.py" line="264" name="test_append[compatible_vector_array_pair1-&lt;lambda&gt;2]" time="0.0004355907440185547"><skipped message="Suite splitting in effect" type="pytest.skip">src/pymortests/vectorarray.py:264: &lt;py._xmlgen.raw object at 0x7f1dd4487160&gt;</skipped></testcase><testcase classname="src.pymortests.vectorarray" file="src/pymortests/vectorarray.py" line="264" name="test_append[compatible_vector_array_pair1-&lt;lambda&gt;3]" time="0.0004572868347167969"><skipped message="Suite splitting in effect" type="pytest.skip">src/pymortests/vectorarray.py:264: &lt;py._xmlgen.raw object at 0x7f1dd44874a8&gt;</skipped></testcase><testcase classname="src.pymortests.vectorarray" file="src/pymortests/vectorarray.py" line="264" name="test_append[compatible_vector_array_pair1-&lt;lambda&gt;4]" time="0.0006964206695556641"><skipped message="Suite splitting in effect" type="pytest.skip">src/pymortests/vectorarray.py:264: &lt;py._xmlgen.raw object at 0x7f1dd44942b0&gt;</skipped></testcase><testcase classname="src.pymortests.vectorarray" file="src/pymortests/vectorarray.py" line="264" name="test_append[compatible_vector_array_pair1-&lt;lambda&gt;5]" time="0.0004494190216064453"><skipped message="Suite splitting in effect" type="pytest.skip">src/pymortests/vectorarray.py:264: &lt;py._xmlgen.raw object at 0x7f1dd44872e8&gt;</skipped></testcase><testcase classname="src.pymortests.vectorarray" file="src/pymortests/vectorarray.py" line="264" name="test_append[compatible_vector_array_pair1-&lt;lambda&gt;6]" time="0.0004553794860839844"><skipped message="Suite splitting in effect" type="pytest.skip">src/pymortests/vectorarray.py:264: &lt;py._xmlgen.raw object at 0x7f1dde5b6b00&gt;</skipped></testcase><testcase classname="src.pymortests.vectorarray" file="src/pymortests/vectorarray.py" line="264" name="test_append[compatible_vector_array_pair1-&lt;lambda&gt;7]" time="0.0004367828369140625"><skipped message="Suite splitting in effect" type="pytest.skip">src/pymortests/vectorarray.py:264: &lt;py._xmlgen.raw object at 0x7f1dd44e6748&gt;</skipped></testcase><testcase classname="src.pymortests.vectorarray" file="src/pymortests/vectorarray.py" line="264" name="test_append[compatible_vector_array_pair1-&lt;lambda&gt;8]" time="0.0004336833953857422"><skipped message="Suite splitting in effect" type="pytest.skip">src/pymortests/vectorarray.py:264: &lt;py._xmlgen.raw object at 0x7f1dd44d02b0&gt;</skipped></testcase><testcase classname="src.pymortests.vectorarray" file="src/pymortests/vectorarray.py" line="264" name="test_append[compatible_vector_array_pair1-&lt;lambda&gt;9]" time="0.0004203319549560547"><skipped message="Suite splitting in effect" type="pytest.skip">src/pymortests/vectorarray.py:264: &lt;py._xmlgen.raw object at 0x7f1dde522da0&gt;</skipped></testcase><testcase classname="src.pymortests.vectorarray" file="src/pymortests/vectorarray.py" line="264" name="test_append[compatible_vector_array_pair1-&lt;lambda&gt;10]" time="0.00042366981506347656"><skipped message="Suite splitting in effect" type="pytest.skip">src/pymortests/vectorarray.py:264: &lt;py._xmlgen.raw object at 0x7f1dd447fba8&gt;</skipped></testcase><testcase classname="src.pymortests.vectorarray" file="src/pymortests/vectorarray.py" line="264" name="test_append[compatible_vector_array_pair1-&lt;lambda&gt;11]" time="0.00045037269592285156"><skipped message="Suite splitting in effect" type="pytest.skip">src/pymortests/vectorarray.py:264: &lt;py._xmlgen.raw object at 0x7f1dd4494128&gt;</skipped></testcase><testcase classname="src.pymortests.vectorarray" file="src/pymortests/vectorarray.py" line="264" name="test_append[compatible_vector_array_pair1-&lt;lambda&gt;12]" time="0.0006830692291259766"><skipped message="Suite splitting in effect" type="pytest.skip">src/pymortests/vectorarray.py:264: &lt;py._xmlgen.raw object at 0x7f1dd44948d0&gt;</skipped></testcase><testcase classname="src.pymortests.vectorarray" file="src/pymortests/vectorarray.py" line="264" name="test_append[compatible_vector_array_pair1-&lt;lambda&gt;13]" time="0.0004334449768066406"><skipped message="Suite splitting in effect" type="pytest.skip">src/pymortests/vectorarray.py:264: &lt;py._xmlgen.raw object at 0x7f1dde5221d0&gt;</skipped></testcase><testcase classname="src.pymortests.vectorarray" file="src/pymortests/vectorarray.py" line="264" name="test_append[compatible_vector_array_pair1-&lt;lambda&gt;14]" time="0.00041961669921875"><skipped message="Suite splitting in effect" type="pytest.skip">src/pymortests/vectorarray.py:264: &lt;py._xmlgen.raw object at 0x7f1dd44d0048&gt;</skipped></testcase><testcase classname="src.pymortests.vectorarray" file="src/pymortests/vectorarray.py" line="264" name="test_append[compatible_vector_array_pair1-&lt;lambda&gt;15]" time="0.00043320655822753906"><skipped message="Suite splitting in effect" type="pytest.skip">src/pymortests/vectorarray.py:264: &lt;py._xmlgen.raw object at 0x7f1dde597278&gt;</skipped></testcase><testcase classname="src.pymortests.vectorarray" file="src/pymortests/vectorarray.py" line="264" name="test_append[compatible_vector_array_pair1-&lt;lambda&gt;16]" time="0.0005125999450683594"><skipped message="Suite splitting in effect" type="pytest.skip">src/pymortests/vectorarray.py:264: &lt;py._xmlgen.raw object at 0x7f1dde533710&gt;</skipped></testcase><testcase classname="src.pymortests.vectorarray" file="src/pymortests/vectorarray.py" line="264" name="test_append[compatible_vector_array_pair1-&lt;lambda&gt;17]" time="0.00041556358337402344"><skipped message="Suite splitting in effect" type="pytest.skip">src/pymortests/vectorarray.py:264: &lt;py._xmlgen.raw object at 0x7f1dd4487dd8&gt;</skipped></testcase><testcase classname="src.pymortests.vectorarray" file="src/pymortests/vectorarray.py" line="264" name="test_append[compatible_vector_array_pair1-&lt;lambda&gt;18]" time="0.0004374980926513672"><skipped message="Suite splitting in effect" type="pytest.skip">src/pymortests/vectorarray.py:264: &lt;py._xmlgen.raw object at 0x7f1dd44949b0&gt;</skipped></testcase><testcase classname="src.pymortests.vectorarray" file="src/pymortests/vectorarray.py" line="264" name="test_append[compatible_vector_array_pair1-&lt;lambda&gt;19]" time="0.00043582916259765625"><skipped message="Suite splitting in effect" type="pytest.skip">src/pymortests/vectorarray.py:264: &lt;py._xmlgen.raw object at 0x7f1dd44943c8&gt;</skipped></testcase><testcase classname="src.pymortests.vectorarray" file="src/pymortests/vectorarray.py" line="264" name="test_append[compatible_vector_array_pair1-&lt;lambda&gt;20]" time="0.0007009506225585938"><skipped message="Suite splitting in effect" type="pytest.skip">src/pymortests/vectorarray.py:264: &lt;py._xmlgen.raw object at 0x7f1dd4494ef0&gt;</skipped></testcase><testcase classname="src.pymortests.vectorarray" file="src/pymortests/vectorarray.py" line="264" name="test_append[compatible_vector_array_pair1-&lt;lambda&gt;21]" time="0.00045561790466308594"><skipped message="Suite splitting in effect" type="pytest.skip">src/pymortests/vectorarray.py:264: &lt;py._xmlgen.raw object at 0x7f1dd44946a0&gt;</skipped></testcase><testcase classname="src.pymortests.vectorarray" file="src/pymortests/vectorarray.py" line="264" name="test_append[compatible_vector_array_pair1-&lt;lambda&gt;22]" time="0.0004227161407470703"><skipped message="Suite splitting in effect" type="pytest.skip">src/pymortests/vectorarray.py:264: &lt;py._xmlgen.raw object at 0x7f1dd4487a58&gt;</skipped></testcase><testcase classname="src.pymortests.vectorarray" file="src/pymortests/vectorarray.py" line="264" name="test_append[compatible_vector_array_pair1-&lt;lambda&gt;23]" time="0.0004506111145019531"><skipped message="Suite splitting in effect" type="pytest.skip">src/pymortests/vectorarray.py:264: &lt;py._xmlgen.raw object at 0x7f1dde533c50&gt;</skipped></testcase><testcase classname="src.pymortests.vectorarray" file="src/pymortests/vectorarray.py" line="264" name="test_append[compatible_vector_array_pair1-&lt;lambda&gt;24]" time="0.0004584789276123047"><skipped message="Suite splitting in effect" type="pytest.skip">src/pymortests/vectorarray.py:264: &lt;py._xmlgen.raw object at 0x7f1dde58efd0&gt;</skipped></testcase><testcase classname="src.pymortests.vectorarray" file="src/pymortests/vectorarray.py" line="264" name="test_append[compatible_vector_array_pair1-&lt;lambda&gt;25]" time="0.0004413127899169922"><skipped message="Suite splitting in effect" type="pytest.skip">src/pymortests/vectorarray.py:264: &lt;py._xmlgen.raw object at 0x7f1dd44dd390&gt;</skipped></testcase><testcase classname="src.pymortests.vectorarray" file="src/pymortests/vectorarray.py" line="264" name="test_append[compatible_vector_array_pair1-&lt;lambda&gt;26]" time="0.00044345855712890625"><skipped message="Suite splitting in effect" type="pytest.skip">src/pymortests/vectorarray.py:264: &lt;py._xmlgen.raw object at 0x7f1dde522fd0&gt;</skipped></testcase><testcase classname="src.pymortests.vectorarray" file="src/pymortests/vectorarray.py" line="264" name="test_append[compatible_vector_array_pair1-&lt;lambda&gt;27]" time="0.00046634674072265625"><skipped message="Suite splitting in effect" type="pytest.skip">src/pymortests/vectorarray.py:264: &lt;py._xmlgen.raw object at 0x7f1dd447f278&gt;</skipped></testcase><testcase classname="src.pymortests.vectorarray" file="src/pymortests/vectorarray.py" line="264" name="test_append[compatible_vector_array_pair1-&lt;lambda&gt;28]" time="0.0006706714630126953"><skipped message="Suite splitting in effect" type="pytest.skip">src/pymortests/vectorarray.py:264: &lt;py._xmlgen.raw object at 0x7f1dd449e550&gt;</skipped></testcase><testcase classname="src.pymortests.vectorarray" file="src/pymortests/vectorarray.py" line="264" name="test_append[compatible_vector_array_pair1-&lt;lambda&gt;29]" time="0.00041961669921875"><skipped message="Suite splitting in effect" type="pytest.skip">src/pymortests/vectorarray.py:264: &lt;py._xmlgen.raw object at 0x7f1dd44f0c18&gt;</skipped></testcase><testcase classname="src.pymortests.vectorarray" file="src/pymortests/vectorarray.py" line="264" name="test_append[compatible_vector_array_pair2-&lt;lambda&gt;0]" time="0.000431060791015625"><skipped message="Suite splitting in effect" type="pytest.skip">src/pymortests/vectorarray.py:264: &lt;py._xmlgen.raw object at 0x7f1dd44dd978&gt;</skipped></testcase><testcase classname="src.pymortests.vectorarray" file="src/pymortests/vectorarray.py" line="264" name="test_append[compatible_vector_array_pair2-&lt;lambda&gt;1]" time="0.0004444122314453125"><skipped message="Suite splitting in effect" type="pytest.skip">src/pymortests/vectorarray.py:264: &lt;py._xmlgen.raw object at 0x7f1dde533320&gt;</skipped></testcase><testcase classname="src.pymortests.vectorarray" file="src/pymortests/vectorarray.py" line="264" name="test_append[compatible_vector_array_pair2-&lt;lambda&gt;2]" time="0.0004961490631103516"><skipped message="Suite splitting in effect" type="pytest.skip">src/pymortests/vectorarray.py:264: &lt;py._xmlgen.raw object at 0x7f1dd4487a90&gt;</skipped></testcase><testcase classname="src.pymortests.vectorarray" file="src/pymortests/vectorarray.py" line="264" name="test_append[compatible_vector_array_pair2-&lt;lambda&gt;3]" time="0.0004715919494628906"><skipped message="Suite splitting in effect" type="pytest.skip">src/pymortests/vectorarray.py:264: &lt;py._xmlgen.raw object at 0x7f1dd4494a20&gt;</skipped></testcase><testcase classname="src.pymortests.vectorarray" file="src/pymortests/vectorarray.py" line="264" name="test_append[compatible_vector_array_pair2-&lt;lambda&gt;4]" time="0.0004572868347167969"><skipped message="Suite splitting in effect" type="pytest.skip">src/pymortests/vectorarray.py:264: &lt;py._xmlgen.raw object at 0x7f1dd4494e10&gt;</skipped></testcase><testcase classname="src.pymortests.vectorarray" file="src/pymortests/vectorarray.py" line="264" name="test_append[compatible_vector_array_pair2-&lt;lambda&gt;5]" time="0.00045800209045410156"><skipped message="Suite splitting in effect" type="pytest.skip">src/pymortests/vectorarray.py:264: &lt;py._xmlgen.raw object at 0x7f1dd449e470&gt;</skipped></testcase><testcase classname="src.pymortests.vectorarray" file="src/pymortests/vectorarray.py" line="264" name="test_append[compatible_vector_array_pair2-&lt;lambda&gt;6]" time="0.0010061264038085938"><skipped message="Suite splitting in effect" type="pytest.skip">src/pymortests/vectorarray.py:264: &lt;py._xmlgen.raw object at 0x7f1dd449eb70&gt;</skipped></testcase><testcase classname="src.pymortests.vectorarray" file="src/pymortests/vectorarray.py" line="264" name="test_append[compatible_vector_array_pair2-&lt;lambda&gt;7]" time="0.00044989585876464844"><skipped message="Suite splitting in effect" type="pytest.skip">src/pymortests/vectorarray.py:264: &lt;py._xmlgen.raw object at 0x7f1dd44dd470&gt;</skipped></testcase><testcase classname="src.pymortests.vectorarray" file="src/pymortests/vectorarray.py" line="264" name="test_append[compatible_vector_array_pair2-&lt;lambda&gt;8]" time="0.0004088878631591797"><skipped message="Suite splitting in effect" type="pytest.skip">src/pymortests/vectorarray.py:264: &lt;py._xmlgen.raw object at 0x7f1dde5443c8&gt;</skipped></testcase><testcase classname="src.pymortests.vectorarray" file="src/pymortests/vectorarray.py" line="264" name="test_append[compatible_vector_array_pair2-&lt;lambda&gt;9]" time="0.00045228004455566406"><skipped message="Suite splitting in effect" type="pytest.skip">src/pymortests/vectorarray.py:264: &lt;py._xmlgen.raw object at 0x7f1dd4494cf8&gt;</skipped></testcase><testcase classname="src.pymortests.vectorarray" file="src/pymortests/vectorarray.py" line="264" name="test_append[compatible_vector_array_pair2-&lt;lambda&gt;10]" time="0.0004322528839111328"><skipped message="Suite splitting in effect" type="pytest.skip">src/pymortests/vectorarray.py:264: &lt;py._xmlgen.raw object at 0x7f1dd4487b70&gt;</skipped></testcase><testcase classname="src.pymortests.vectorarray" file="src/pymortests/vectorarray.py" line="264" name="test_append[compatible_vector_array_pair2-&lt;lambda&gt;11]" time="0.0005431175231933594"><skipped message="Suite splitting in effect" type="pytest.skip">src/pymortests/vectorarray.py:264: &lt;py._xmlgen.raw object at 0x7f1dd44875f8&gt;</skipped></testcase><testcase classname="src.pymortests.vectorarray" file="src/pymortests/vectorarray.py" line="264" name="test_append[compatible_vector_array_pair2-&lt;lambda&gt;12]" time="0.0004277229309082031"><skipped message="Suite splitting in effect" type="pytest.skip">src/pymortests/vectorarray.py:264: &lt;py._xmlgen.raw object at 0x7f1dd447f9b0&gt;</skipped></testcase><testcase classname="src.pymortests.vectorarray" file="src/pymortests/vectorarray.py" line="264" name="test_append[compatible_vector_array_pair2-&lt;lambda&gt;13]" time="0.0004169940948486328"><skipped message="Suite splitting in effect" type="pytest.skip">src/pymortests/vectorarray.py:264: &lt;py._xmlgen.raw object at 0x7f1dd44f0518&gt;</skipped></testcase><testcase classname="src.pymortests.vectorarray" file="src/pymortests/vectorarray.py" line="264" name="test_append[compatible_vector_array_pair2-&lt;lambda&gt;14]" time="0.0004296302795410156"><skipped message="Suite splitting in effect" type="pytest.skip">src/pymortests/vectorarray.py:264: &lt;py._xmlgen.raw object at 0x7f1dd4515c50&gt;</skipped></testcase><testcase classname="src.pymortests.vectorarray" file="src/pymortests/vectorarray.py" line="264" name="test_append[compatible_vector_array_pair2-&lt;lambda&gt;15]" time="0.0007245540618896484"><skipped message="Suite splitting in effect" type="pytest.skip">src/pymortests/vectorarray.py:264: &lt;py._xmlgen.raw object at 0x7f1dd453be48&gt;</skipped></testcase><testcase classname="src.pymortests.vectorarray" file="src/pymortests/vectorarray.py" line="264" name="test_append[compatible_vector_array_pair2-&lt;lambda&gt;16]" time="0.00043463706970214844"><skipped message="Suite splitting in effect" type="pytest.skip">src/pymortests/vectorarray.py:264: &lt;py._xmlgen.raw object at 0x7f1dd447f9e8&gt;</skipped></testcase><testcase classname="src.pymortests.vectorarray" file="src/pymortests/vectorarray.py" line="264" name="test_append[compatible_vector_array_pair2-&lt;lambda&gt;17]" time="0.00045418739318847656"><skipped message="Suite splitting in effect" type="pytest.skip">src/pymortests/vectorarray.py:264: &lt;py._xmlgen.raw object at 0x7f1dd4487358&gt;</skipped></testcase><testcase classname="src.pymortests.vectorarray" file="src/pymortests/vectorarray.py" line="264" name="test_append[compatible_vector_array_pair2-&lt;lambda&gt;18]" time="0.0004489421844482422"><skipped message="Suite splitting in effect" type="pytest.skip">src/pymortests/vectorarray.py:264: &lt;py._xmlgen.raw object at 0x7f1dd4494f98&gt;</skipped></testcase><testcase classname="src.pymortests.vectorarray" file="src/pymortests/vectorarray.py" line="264" name="test_append[compatible_vector_array_pair2-&lt;lambda&gt;19]" time="0.00044083595275878906"><skipped message="Suite splitting in effect" type="pytest.skip">src/pymortests/vectorarray.py:264: &lt;py._xmlgen.raw object at 0x7f1dd44e6320&gt;</skipped></testcase><testcase classname="src.pymortests.vectorarray" file="src/pymortests/vectorarray.py" line="264" name="test_append[compatible_vector_array_pair2-&lt;lambda&gt;20]" time="0.0004456043243408203"><skipped message="Suite splitting in effect" type="pytest.skip">src/pymortests/vectorarray.py:264: &lt;py._xmlgen.raw object at 0x7f1dde544470&gt;</skipped></testcase><testcase classname="src.pymortests.vectorarray" file="src/pymortests/vectorarray.py" line="264" name="test_append[compatible_vector_array_pair2-&lt;lambda&gt;21]" time="0.0004367828369140625"><skipped message="Suite splitting in effect" type="pytest.skip">src/pymortests/vectorarray.py:264: &lt;py._xmlgen.raw object at 0x7f1dde533da0&gt;</skipped></testcase><testcase classname="src.pymortests.vectorarray" file="src/pymortests/vectorarray.py" line="264" name="test_append[compatible_vector_array_pair2-&lt;lambda&gt;22]" time="0.00042891502380371094"><skipped message="Suite splitting in effect" type="pytest.skip">src/pymortests/vectorarray.py:264: &lt;py._xmlgen.raw object at 0x7f1dd449e978&gt;</skipped></testcase><testcase classname="src.pymortests.vectorarray" file="src/pymortests/vectorarray.py" line="264" name="test_append[compatible_vector_array_pair2-&lt;lambda&gt;23]" time="0.0007495880126953125"><skipped message="Suite splitting in effect" type="pytest.skip">src/pymortests/vectorarray.py:264: &lt;py._xmlgen.raw object at 0x7f1dde533470&gt;</skipped></testcase><testcase classname="src.pymortests.vectorarray" file="src/pymortests/vectorarray.py" line="264" name="test_append[compatible_vector_array_pair2-&lt;lambda&gt;24]" time="0.0004718303680419922"><skipped message="Suite splitting in effect" type="pytest.skip">src/pymortests/vectorarray.py:264: &lt;py._xmlgen.raw object at 0x7f1dde544c50&gt;</skipped></testcase><testcase classname="src.pymortests.vectorarray" file="src/pymortests/vectorarray.py" line="264" name="test_append[compatible_vector_array_pair2-&lt;lambda&gt;25]" time="0.00044798851013183594"><skipped message="Suite splitting in effect" type="pytest.skip">src/pymortests/vectorarray.py:264: &lt;py._xmlgen.raw object at 0x7f1dd4494a90&gt;</skipped></testcase><testcase classname="src.pymortests.vectorarray" file="src/pymortests/vectorarray.py" line="264" name="test_append[compatible_vector_array_pair2-&lt;lambda&gt;26]" time="0.0004067420959472656"><skipped message="Suite splitting in effect" type="pytest.skip">src/pymortests/vectorarray.py:264: &lt;py._xmlgen.raw object at 0x7f1dd4487e10&gt;</skipped></testcase><testcase classname="src.pymortests.vectorarray" file="src/pymortests/vectorarray.py" line="264" name="test_append[compatible_vector_array_pair2-&lt;lambda&gt;27]" time="0.00045013427734375"><skipped message="Suite splitting in effect" type="pytest.skip">src/pymortests/vectorarray.py:264: &lt;py._xmlgen.raw object at 0x7f1dd447f550&gt;</skipped></testcase><testcase classname="src.pymortests.vectorarray" file="src/pymortests/vectorarray.py" line="264" name="test_append[compatible_vector_array_pair2-&lt;lambda&gt;28]" time="0.00046443939208984375"><skipped message="Suite splitting in effect" type="pytest.skip">src/pymortests/vectorarray.py:264: &lt;py._xmlgen.raw object at 0x7f1dd44f0860&gt;</skipped></testcase><testcase classname="src.pymortests.vectorarray" file="src/pymortests/vectorarray.py" line="264" name="test_append[compatible_vector_array_pair2-&lt;lambda&gt;29]" time="0.00044465065002441406"><skipped message="Suite splitting in effect" type="pytest.skip">src/pymortests/vectorarray.py:264: &lt;py._xmlgen.raw object at 0x7f1dd449e278&gt;</skipped></testcase><testcase classname="src.pymortests.vectorarray" file="src/pymortests/vectorarray.py" line="264" name="test_append[compatible_vector_array_pair3-&lt;lambda&gt;0]" time="0.00042319297790527344"><skipped message="Suite splitting in effect" type="pytest.skip">src/pymortests/vectorarray.py:264: &lt;py._xmlgen.raw object at 0x7f1dd44af0b8&gt;</skipped></testcase><testcase classname="src.pymortests.vectorarray" file="src/pymortests/vectorarray.py" line="264" name="test_append[compatible_vector_array_pair3-&lt;lambda&gt;1]" time="0.0007312297821044922"><skipped message="Suite splitting in effect" type="pytest.skip">src/pymortests/vectorarray.py:264: &lt;py._xmlgen.raw object at 0x7f1dd44af5f8&gt;</skipped></testcase><testcase classname="src.pymortests.vectorarray" file="src/pymortests/vectorarray.py" line="264" name="test_append[compatible_vector_array_pair3-&lt;lambda&gt;2]" time="0.000423431396484375"><skipped message="Suite splitting in effect" type="pytest.skip">src/pymortests/vectorarray.py:264: &lt;py._xmlgen.raw object at 0x7f1dd449e978&gt;</skipped></testcase><testcase classname="src.pymortests.vectorarray" file="src/pymortests/vectorarray.py" line="264" name="test_append[compatible_vector_array_pair3-&lt;lambda&gt;3]" time="0.0004601478576660156"><skipped message="Suite splitting in effect" type="pytest.skip">src/pymortests/vectorarray.py:264: &lt;py._xmlgen.raw object at 0x7f1dd447f390&gt;</skipped></testcase><testcase classname="src.pymortests.vectorarray" file="src/pymortests/vectorarray.py" line="264" name="test_append[compatible_vector_array_pair3-&lt;lambda&gt;4]" time="0.00044083595275878906"><skipped message="Suite splitting in effect" type="pytest.skip">src/pymortests/vectorarray.py:264: &lt;py._xmlgen.raw object at 0x7f1dd4487b70&gt;</skipped></testcase><testcase classname="src.pymortests.vectorarray" file="src/pymortests/vectorarray.py" line="264" name="test_append[compatible_vector_array_pair3-&lt;lambda&gt;5]" time="0.0004551410675048828"><skipped message="Suite splitting in effect" type="pytest.skip">src/pymortests/vectorarray.py:264: &lt;py._xmlgen.raw object at 0x7f1dd44946d8&gt;</skipped></testcase><testcase classname="src.pymortests.vectorarray" file="src/pymortests/vectorarray.py" line="264" name="test_append[compatible_vector_array_pair3-&lt;lambda&gt;6]" time="0.0004639625549316406"><skipped message="Suite splitting in effect" type="pytest.skip">src/pymortests/vectorarray.py:264: &lt;py._xmlgen.raw object at 0x7f1dde544f98&gt;</skipped></testcase><testcase classname="src.pymortests.vectorarray" file="src/pymortests/vectorarray.py" line="264" name="test_append[compatible_vector_array_pair3-&lt;lambda&gt;7]" time="0.0004436969757080078"><skipped message="Suite splitting in effect" type="pytest.skip">src/pymortests/vectorarray.py:264: &lt;py._xmlgen.raw object at 0x7f1dde533a58&gt;</skipped></testcase><testcase classname="src.pymortests.vectorarray" file="src/pymortests/vectorarray.py" line="264" name="test_append[compatible_vector_array_pair3-&lt;lambda&gt;8]" time="0.00047016143798828125"><skipped message="Suite splitting in effect" type="pytest.skip">src/pymortests/vectorarray.py:264: &lt;py._xmlgen.raw object at 0x7f1dd44af0f0&gt;</skipped></testcase><testcase classname="src.pymortests.vectorarray" file="src/pymortests/vectorarray.py" line="264" name="test_append[compatible_vector_array_pair3-&lt;lambda&gt;9]" time="0.0007836818695068359"><skipped message="Suite splitting in effect" type="pytest.skip">src/pymortests/vectorarray.py:264: &lt;py._xmlgen.raw object at 0x7f1dd44afb38&gt;</skipped></testcase><testcase classname="src.pymortests.vectorarray" file="src/pymortests/vectorarray.py" line="264" name="test_append[compatible_vector_array_pair3-&lt;lambda&gt;10]" time="0.00046324729919433594"><skipped message="Suite splitting in effect" type="pytest.skip">src/pymortests/vectorarray.py:264: &lt;py._xmlgen.raw object at 0x7f1dd44dd470&gt;</skipped></testcase><testcase classname="src.pymortests.vectorarray" file="src/pymortests/vectorarray.py" line="264" name="test_append[compatible_vector_array_pair3-&lt;lambda&gt;11]" time="0.0004496574401855469"><skipped message="Suite splitting in effect" type="pytest.skip">src/pymortests/vectorarray.py:264: &lt;py._xmlgen.raw object at 0x7f1dd4494438&gt;</skipped></testcase><testcase classname="src.pymortests.vectorarray" file="src/pymortests/vectorarray.py" line="264" name="test_append[compatible_vector_array_pair3-&lt;lambda&gt;12]" time="0.00041031837463378906"><skipped message="Suite splitting in effect" type="pytest.skip">src/pymortests/vectorarray.py:264: &lt;py._xmlgen.raw object at 0x7f1dd4487e10&gt;</skipped></testcase><testcase classname="src.pymortests.vectorarray" file="src/pymortests/vectorarray.py" line="264" name="test_append[compatible_vector_array_pair3-&lt;lambda&gt;13]" time="0.00042819976806640625"><skipped message="Suite splitting in effect" type="pytest.skip">src/pymortests/vectorarray.py:264: &lt;py._xmlgen.raw object at 0x7f1dd44f04a8&gt;</skipped></testcase><testcase classname="src.pymortests.vectorarray" file="src/pymortests/vectorarray.py" line="264" name="test_append[compatible_vector_array_pair3-&lt;lambda&gt;14]" time="0.0004200935363769531"><skipped message="Suite splitting in effect" type="pytest.skip">src/pymortests/vectorarray.py:264: &lt;py._xmlgen.raw object at 0x7f1dd449eeb8&gt;</skipped></testcase><testcase classname="src.pymortests.vectorarray" file="src/pymortests/vectorarray.py" line="264" name="test_append[compatible_vector_array_pair3-&lt;lambda&gt;15]" time="0.0005171298980712891"><skipped message="Suite splitting in effect" type="pytest.skip">src/pymortests/vectorarray.py:264: &lt;py._xmlgen.raw object at 0x7f1dd44af828&gt;</skipped></testcase><testcase classname="src.pymortests.vectorarray" file="src/pymortests/vectorarray.py" line="264" name="test_append[compatible_vector_array_pair3-&lt;lambda&gt;16]" time="0.00046634674072265625"><skipped message="Suite splitting in effect" type="pytest.skip">src/pymortests/vectorarray.py:264: &lt;py._xmlgen.raw object at 0x7f1dd44af4a8&gt;</skipped></testcase><testcase classname="src.pymortests.vectorarray" file="src/pymortests/vectorarray.py" line="264" name="test_append[compatible_vector_array_pair3-&lt;lambda&gt;17]" time="0.0007214546203613281"><skipped message="Suite splitting in effect" type="pytest.skip">src/pymortests/vectorarray.py:264: &lt;py._xmlgen.raw object at 0x7f1dd4439198&gt;</skipped></testcase><testcase classname="src.pymortests.vectorarray" file="src/pymortests/vectorarray.py" line="264" name="test_append[compatible_vector_array_pair3-&lt;lambda&gt;18]" time="0.0004355907440185547"><skipped message="Suite splitting in effect" type="pytest.skip">src/pymortests/vectorarray.py:264: &lt;py._xmlgen.raw object at 0x7f1dd44af0b8&gt;</skipped></testcase><testcase classname="src.pymortests.vectorarray" file="src/pymortests/vectorarray.py" line="264" name="test_append[compatible_vector_array_pair3-&lt;lambda&gt;19]" time="0.0004258155822753906"><skipped message="Suite splitting in effect" type="pytest.skip">src/pymortests/vectorarray.py:264: &lt;py._xmlgen.raw object at 0x7f1dd449e320&gt;</skipped></testcase><testcase classname="src.pymortests.vectorarray" file="src/pymortests/vectorarray.py" line="264" name="test_append[compatible_vector_array_pair3-&lt;lambda&gt;20]" time="0.00044226646423339844"><skipped message="Suite splitting in effect" type="pytest.skip">src/pymortests/vectorarray.py:264: &lt;py._xmlgen.raw object at 0x7f1dd44f0438&gt;</skipped></testcase><testcase classname="src.pymortests.vectorarray" file="src/pymortests/vectorarray.py" line="264" name="test_append[compatible_vector_array_pair3-&lt;lambda&gt;21]" time="0.00043582916259765625"><skipped message="Suite splitting in effect" type="pytest.skip">src/pymortests/vectorarray.py:264: &lt;py._xmlgen.raw object at 0x7f1dd4487f98&gt;</skipped></testcase><testcase classname="src.pymortests.vectorarray" file="src/pymortests/vectorarray.py" line="264" name="test_append[compatible_vector_array_pair3-&lt;lambda&gt;22]" time="0.00044918060302734375"><skipped message="Suite splitting in effect" type="pytest.skip">src/pymortests/vectorarray.py:264: &lt;py._xmlgen.raw object at 0x7f1dde522da0&gt;</skipped></testcase><testcase classname="src.pymortests.vectorarray" file="src/pymortests/vectorarray.py" line="264" name="test_append[compatible_vector_array_pair3-&lt;lambda&gt;23]" time="0.0004458427429199219"><skipped message="Suite splitting in effect" type="pytest.skip">src/pymortests/vectorarray.py:264: &lt;py._xmlgen.raw object at 0x7f1dde4d3cf8&gt;</skipped></testcase><testcase classname="src.pymortests.vectorarray" file="src/pymortests/vectorarray.py" line="264" name="test_append[compatible_vector_array_pair3-&lt;lambda&gt;24]" time="0.0004885196685791016"><skipped message="Suite splitting in effect" type="pytest.skip">src/pymortests/vectorarray.py:264: &lt;py._xmlgen.raw object at 0x7f1dd4439048&gt;</skipped></testcase><testcase classname="src.pymortests.vectorarray" file="src/pymortests/vectorarray.py" line="264" name="test_append[compatible_vector_array_pair3-&lt;lambda&gt;25]" time="0.0007386207580566406"><skipped message="Suite splitting in effect" type="pytest.skip">src/pymortests/vectorarray.py:264: &lt;py._xmlgen.raw object at 0x7f1dd44397b8&gt;</skipped></testcase><testcase classname="src.pymortests.vectorarray" file="src/pymortests/vectorarray.py" line="264" name="test_append[compatible_vector_array_pair3-&lt;lambda&gt;26]" time="0.00045371055603027344"><skipped message="Suite splitting in effect" type="pytest.skip">src/pymortests/vectorarray.py:264: &lt;py._xmlgen.raw object at 0x7f1dde544128&gt;</skipped></testcase><testcase classname="src.pymortests.vectorarray" file="src/pymortests/vectorarray.py" line="264" name="test_append[compatible_vector_array_pair3-&lt;lambda&gt;27]" time="0.0004515647888183594"><skipped message="Suite splitting in effect" type="pytest.skip">src/pymortests/vectorarray.py:264: &lt;py._xmlgen.raw object at 0x7f1dd4494630&gt;</skipped></testcase><testcase classname="src.pymortests.vectorarray" file="src/pymortests/vectorarray.py" line="264" name="test_append[compatible_vector_array_pair3-&lt;lambda&gt;28]" time="0.0004291534423828125"><skipped message="Suite splitting in effect" type="pytest.skip">src/pymortests/vectorarray.py:264: &lt;py._xmlgen.raw object at 0x7f1dd44f0dd8&gt;</skipped></testcase><testcase classname="src.pymortests.vectorarray" file="src/pymortests/vectorarray.py" line="264" name="test_append[compatible_vector_array_pair3-&lt;lambda&gt;29]" time="0.0004811286926269531"><skipped message="Suite splitting in effect" type="pytest.skip">src/pymortests/vectorarray.py:264: &lt;py._xmlgen.raw object at 0x7f1dde4e4908&gt;</skipped></testcase><testcase classname="src.pymortests.vectorarray" file="src/pymortests/vectorarray.py" line="264" name="test_append[compatible_vector_array_pair4-&lt;lambda&gt;0]" time="0.00044155120849609375"><skipped message="Suite splitting in effect" type="pytest.skip">src/pymortests/vectorarray.py:264: &lt;py._xmlgen.raw object at 0x7f1dd44af860&gt;</skipped></testcase><testcase classname="src.pymortests.vectorarray" file="src/pymortests/vectorarray.py" line="264" name="test_append[compatible_vector_array_pair4-&lt;lambda&gt;1]" time="0.00042700767517089844"><skipped message="Suite splitting in effect" type="pytest.skip">src/pymortests/vectorarray.py:264: &lt;py._xmlgen.raw object at 0x7f1dd44afe80&gt;</skipped></testcase><testcase classname="src.pymortests.vectorarray" file="src/pymortests/vectorarray.py" line="264" name="test_append[compatible_vector_array_pair4-&lt;lambda&gt;2]" time="0.0004417896270751953"><skipped message="Suite splitting in effect" type="pytest.skip">src/pymortests/vectorarray.py:264: &lt;py._xmlgen.raw object at 0x7f1dd4439080&gt;</skipped></testcase><testcase classname="src.pymortests.vectorarray" file="src/pymortests/vectorarray.py" line="264" name="test_append[compatible_vector_array_pair4-&lt;lambda&gt;3]" time="0.0007333755493164062"><skipped message="Suite splitting in effect" type="pytest.skip">src/pymortests/vectorarray.py:264: &lt;py._xmlgen.raw object at 0x7f1dd4439dd8&gt;</skipped></testcase><testcase classname="src.pymortests.vectorarray" file="src/pymortests/vectorarray.py" line="264" name="test_append[compatible_vector_array_pair4-&lt;lambda&gt;4]" time="0.00043892860412597656"><skipped message="Suite splitting in effect" type="pytest.skip">src/pymortests/vectorarray.py:264: &lt;py._xmlgen.raw object at 0x7f1dd44afd68&gt;</skipped></testcase><testcase classname="src.pymortests.vectorarray" file="src/pymortests/vectorarray.py" line="264" name="test_append[compatible_vector_array_pair4-&lt;lambda&gt;5]" time="0.0004074573516845703"><skipped message="Suite splitting in effect" type="pytest.skip">src/pymortests/vectorarray.py:264: &lt;py._xmlgen.raw object at 0x7f1dd449e898&gt;</skipped></testcase><testcase classname="src.pymortests.vectorarray" file="src/pymortests/vectorarray.py" line="264" name="test_append[compatible_vector_array_pair4-&lt;lambda&gt;6]" time="0.0004413127899169922"><skipped message="Suite splitting in effect" type="pytest.skip">src/pymortests/vectorarray.py:264: &lt;py._xmlgen.raw object at 0x7f1dd4487668&gt;</skipped></testcase><testcase classname="src.pymortests.vectorarray" file="src/pymortests/vectorarray.py" line="264" name="test_append[compatible_vector_array_pair4-&lt;lambda&gt;7]" time="0.0004379749298095703"><skipped message="Suite splitting in effect" type="pytest.skip">src/pymortests/vectorarray.py:264: &lt;py._xmlgen.raw object at 0x7f1dd4494dd8&gt;</skipped></testcase><testcase classname="src.pymortests.vectorarray" file="src/pymortests/vectorarray.py" line="264" name="test_append[compatible_vector_array_pair4-&lt;lambda&gt;8]" time="0.000438690185546875"><skipped message="Suite splitting in effect" type="pytest.skip">src/pymortests/vectorarray.py:264: &lt;py._xmlgen.raw object at 0x7f1dde4d3470&gt;</skipped></testcase><testcase classname="src.pymortests.vectorarray" file="src/pymortests/vectorarray.py" line="264" name="test_append[compatible_vector_array_pair4-&lt;lambda&gt;9]" time="0.00046062469482421875"><skipped message="Suite splitting in effect" type="pytest.skip">src/pymortests/vectorarray.py:264: &lt;py._xmlgen.raw object at 0x7f1dd4439a90&gt;</skipped></testcase><testcase classname="src.pymortests.vectorarray" file="src/pymortests/vectorarray.py" line="264" name="test_append[compatible_vector_array_pair4-&lt;lambda&gt;10]" time="0.0004355907440185547"><skipped message="Suite splitting in effect" type="pytest.skip">src/pymortests/vectorarray.py:264: &lt;py._xmlgen.raw object at 0x7f1dd44396d8&gt;</skipped></testcase><testcase classname="src.pymortests.vectorarray" file="src/pymortests/vectorarray.py" line="264" name="test_append[compatible_vector_array_pair4-&lt;lambda&gt;11]" time="0.00070953369140625"><skipped message="Suite splitting in effect" type="pytest.skip">src/pymortests/vectorarray.py:264: &lt;py._xmlgen.raw object at 0x7f1dd4442438&gt;</skipped></testcase><testcase classname="src.pymortests.vectorarray" file="src/pymortests/vectorarray.py" line="264" name="test_append[compatible_vector_array_pair4-&lt;lambda&gt;12]" time="0.0004673004150390625"><skipped message="Suite splitting in effect" type="pytest.skip">src/pymortests/vectorarray.py:264: &lt;py._xmlgen.raw object at 0x7f1dd4439be0&gt;</skipped></testcase><testcase classname="src.pymortests.vectorarray" file="src/pymortests/vectorarray.py" line="264" name="test_append[compatible_vector_array_pair4-&lt;lambda&gt;13]" time="0.00041103363037109375"><skipped message="Suite splitting in effect" type="pytest.skip">src/pymortests/vectorarray.py:264: &lt;py._xmlgen.raw object at 0x7f1dde4d39b0&gt;</skipped></testcase><testcase classname="src.pymortests.vectorarray" file="src/pymortests/vectorarray.py" line="264" name="test_append[compatible_vector_array_pair4-&lt;lambda&gt;14]" time="0.00044226646423339844"><skipped message="Suite splitting in effect" type="pytest.skip">src/pymortests/vectorarray.py:264: &lt;py._xmlgen.raw object at 0x7f1dd447f438&gt;</skipped></testcase><testcase classname="src.pymortests.vectorarray" file="src/pymortests/vectorarray.py" line="264" name="test_append[compatible_vector_array_pair4-&lt;lambda&gt;15]" time="0.0004341602325439453"><skipped message="Suite splitting in effect" type="pytest.skip">src/pymortests/vectorarray.py:264: &lt;py._xmlgen.raw object at 0x7f1dd449ecc0&gt;</skipped></testcase><testcase classname="src.pymortests.vectorarray" file="src/pymortests/vectorarray.py" line="264" name="test_append[compatible_vector_array_pair4-&lt;lambda&gt;16]" time="0.00044989585876464844"><skipped message="Suite splitting in effect" type="pytest.skip">src/pymortests/vectorarray.py:264: &lt;py._xmlgen.raw object at 0x7f1dde4e49b0&gt;</skipped></testcase><testcase classname="src.pymortests.vectorarray" file="src/pymortests/vectorarray.py" line="264" name="test_append[compatible_vector_array_pair4-&lt;lambda&gt;17]" time="0.0004596710205078125"><skipped message="Suite splitting in effect" type="pytest.skip">src/pymortests/vectorarray.py:264: &lt;py._xmlgen.raw object at 0x7f1dd44af470&gt;</skipped></testcase><testcase classname="src.pymortests.vectorarray" file="src/pymortests/vectorarray.py" line="264" name="test_append[compatible_vector_array_pair4-&lt;lambda&gt;18]" time="0.0004668235778808594"><skipped message="Suite splitting in effect" type="pytest.skip">src/pymortests/vectorarray.py:264: &lt;py._xmlgen.raw object at 0x7f1dd44422b0&gt;</skipped></testcase><testcase classname="src.pymortests.vectorarray" file="src/pymortests/vectorarray.py" line="264" name="test_append[compatible_vector_array_pair4-&lt;lambda&gt;19]" time="0.000682830810546875"><skipped message="Suite splitting in effect" type="pytest.skip">src/pymortests/vectorarray.py:264: &lt;py._xmlgen.raw object at 0x7f1dd4442a58&gt;</skipped></testcase><testcase classname="src.pymortests.vectorarray" file="src/pymortests/vectorarray.py" line="264" name="test_append[compatible_vector_array_pair4-&lt;lambda&gt;20]" time="0.0004534721374511719"><skipped message="Suite splitting in effect" type="pytest.skip">src/pymortests/vectorarray.py:264: &lt;py._xmlgen.raw object at 0x7f1dde4e4320&gt;</skipped></testcase><testcase classname="src.pymortests.vectorarray" file="src/pymortests/vectorarray.py" line="264" name="test_append[compatible_vector_array_pair4-&lt;lambda&gt;21]" time="0.0004317760467529297"><skipped message="Suite splitting in effect" type="pytest.skip">src/pymortests/vectorarray.py:264: &lt;py._xmlgen.raw object at 0x7f1dd44872b0&gt;</skipped></testcase><testcase classname="src.pymortests.vectorarray" file="src/pymortests/vectorarray.py" line="264" name="test_append[compatible_vector_array_pair4-&lt;lambda&gt;22]" time="0.000446319580078125"><skipped message="Suite splitting in effect" type="pytest.skip">src/pymortests/vectorarray.py:264: &lt;py._xmlgen.raw object at 0x7f1dd447f128&gt;</skipped></testcase><testcase classname="src.pymortests.vectorarray" file="src/pymortests/vectorarray.py" line="264" name="test_append[compatible_vector_array_pair4-&lt;lambda&gt;23]" time="0.0004534721374511719"><skipped message="Suite splitting in effect" type="pytest.skip">src/pymortests/vectorarray.py:264: &lt;py._xmlgen.raw object at 0x7f1dde4f55c0&gt;</skipped></testcase><testcase classname="src.pymortests.vectorarray" file="src/pymortests/vectorarray.py" line="264" name="test_append[compatible_vector_array_pair4-&lt;lambda&gt;24]" time="0.0004417896270751953"><skipped message="Suite splitting in effect" type="pytest.skip">src/pymortests/vectorarray.py:264: &lt;py._xmlgen.raw object at 0x7f1dd44395f8&gt;</skipped></testcase><testcase classname="src.pymortests.vectorarray" file="src/pymortests/vectorarray.py" line="264" name="test_append[compatible_vector_array_pair4-&lt;lambda&gt;25]" time="0.00043272972106933594"><skipped message="Suite splitting in effect" type="pytest.skip">src/pymortests/vectorarray.py:264: &lt;py._xmlgen.raw object at 0x7f1dd4442be0&gt;</skipped></testcase><testcase classname="src.pymortests.vectorarray" file="src/pymortests/vectorarray.py" line="264" name="test_append[compatible_vector_array_pair4-&lt;lambda&gt;26]" time="0.0004432201385498047"><skipped message="Suite splitting in effect" type="pytest.skip">src/pymortests/vectorarray.py:264: &lt;py._xmlgen.raw object at 0x7f1dd4442128&gt;</skipped></testcase><testcase classname="src.pymortests.vectorarray" file="src/pymortests/vectorarray.py" line="264" name="test_append[compatible_vector_array_pair4-&lt;lambda&gt;27]" time="0.0007269382476806641"><skipped message="Suite splitting in effect" type="pytest.skip">src/pymortests/vectorarray.py:264: &lt;py._xmlgen.raw object at 0x7f1dd444c0b8&gt;</skipped></testcase><testcase classname="src.pymortests.vectorarray" file="src/pymortests/vectorarray.py" line="264" name="test_append[compatible_vector_array_pair4-&lt;lambda&gt;28]" time="0.0004417896270751953"><skipped message="Suite splitting in effect" type="pytest.skip">src/pymortests/vectorarray.py:264: &lt;py._xmlgen.raw object at 0x7f1dd4442358&gt;</skipped></testcase><testcase classname="src.pymortests.vectorarray" file="src/pymortests/vectorarray.py" line="264" name="test_append[compatible_vector_array_pair4-&lt;lambda&gt;29]" time="0.00043702125549316406"><skipped message="Suite splitting in effect" type="pytest.skip">src/pymortests/vectorarray.py:264: &lt;py._xmlgen.raw object at 0x7f1dd4439898&gt;</skipped></testcase><testcase classname="src.pymortests.vectorarray" file="src/pymortests/vectorarray.py" line="264" name="test_append[compatible_vector_array_pair5-&lt;lambda&gt;0]" time="0.0004284381866455078"><skipped message="Suite splitting in effect" type="pytest.skip">src/pymortests/vectorarray.py:264: &lt;py._xmlgen.raw object at 0x7f1dde4d3320&gt;</skipped></testcase><testcase classname="src.pymortests.vectorarray" file="src/pymortests/vectorarray.py" line="264" name="test_append[compatible_vector_array_pair5-&lt;lambda&gt;1]" time="0.0004336833953857422"><skipped message="Suite splitting in effect" type="pytest.skip">src/pymortests/vectorarray.py:264: &lt;py._xmlgen.raw object at 0x7f1dde4f5710&gt;</skipped></testcase><testcase classname="src.pymortests.vectorarray" file="src/pymortests/vectorarray.py" line="264" name="test_append[compatible_vector_array_pair5-&lt;lambda&gt;2]" time="0.0004410743713378906"><skipped message="Suite splitting in effect" type="pytest.skip">src/pymortests/vectorarray.py:264: &lt;py._xmlgen.raw object at 0x7f1dd449ec88&gt;</skipped></testcase><testcase classname="src.pymortests.vectorarray" file="src/pymortests/vectorarray.py" line="264" name="test_append[compatible_vector_array_pair5-&lt;lambda&gt;3]" time="0.0004298686981201172"><skipped message="Suite splitting in effect" type="pytest.skip">src/pymortests/vectorarray.py:264: &lt;py._xmlgen.raw object at 0x7f1dde4e49b0&gt;</skipped></testcase><testcase classname="src.pymortests.vectorarray" file="src/pymortests/vectorarray.py" line="264" name="test_append[compatible_vector_array_pair5-&lt;lambda&gt;4]" time="0.0004265308380126953"><skipped message="Suite splitting in effect" type="pytest.skip">src/pymortests/vectorarray.py:264: &lt;py._xmlgen.raw object at 0x7f1dd444c1d0&gt;</skipped></testcase><testcase classname="src.pymortests.vectorarray" file="src/pymortests/vectorarray.py" line="264" name="test_append[compatible_vector_array_pair5-&lt;lambda&gt;5]" time="0.000743865966796875"><skipped message="Suite splitting in effect" type="pytest.skip">src/pymortests/vectorarray.py:264: &lt;py._xmlgen.raw object at 0x7f1dd444c6d8&gt;</skipped></testcase><testcase classname="src.pymortests.vectorarray" file="src/pymortests/vectorarray.py" line="264" name="test_append[compatible_vector_array_pair5-&lt;lambda&gt;6]" time="0.0004298686981201172"><skipped message="Suite splitting in effect" type="pytest.skip">src/pymortests/vectorarray.py:264: &lt;py._xmlgen.raw object at 0x7f1dde4e49b0&gt;</skipped></testcase><testcase classname="src.pymortests.vectorarray" file="src/pymortests/vectorarray.py" line="264" name="test_append[compatible_vector_array_pair5-&lt;lambda&gt;7]" time="0.00040602684020996094"><skipped message="Suite splitting in effect" type="pytest.skip">src/pymortests/vectorarray.py:264: &lt;py._xmlgen.raw object at 0x7f1dde522fd0&gt;</skipped></testcase><testcase classname="src.pymortests.vectorarray" file="src/pymortests/vectorarray.py" line="264" name="test_append[compatible_vector_array_pair5-&lt;lambda&gt;8]" time="0.0004112720489501953"><skipped message="Suite splitting in effect" type="pytest.skip">src/pymortests/vectorarray.py:264: &lt;py._xmlgen.raw object at 0x7f1dde4f5c50&gt;</skipped></testcase><testcase classname="src.pymortests.vectorarray" file="src/pymortests/vectorarray.py" line="264" name="test_append[compatible_vector_array_pair5-&lt;lambda&gt;9]" time="0.00040793418884277344"><skipped message="Suite splitting in effect" type="pytest.skip">src/pymortests/vectorarray.py:264: &lt;py._xmlgen.raw object at 0x7f1dd4439358&gt;</skipped></testcase><testcase classname="src.pymortests.vectorarray" file="src/pymortests/vectorarray.py" line="264" name="test_append[compatible_vector_array_pair5-&lt;lambda&gt;10]" time="0.0004131793975830078"><skipped message="Suite splitting in effect" type="pytest.skip">src/pymortests/vectorarray.py:264: &lt;py._xmlgen.raw object at 0x7f1dd4442780&gt;</skipped></testcase><testcase classname="src.pymortests.vectorarray" file="src/pymortests/vectorarray.py" line="264" name="test_append[compatible_vector_array_pair5-&lt;lambda&gt;11]" time="0.0004127025604248047"><skipped message="Suite splitting in effect" type="pytest.skip">src/pymortests/vectorarray.py:264: &lt;py._xmlgen.raw object at 0x7f1dd4442128&gt;</skipped></testcase><testcase classname="src.pymortests.vectorarray" file="src/pymortests/vectorarray.py" line="264" name="test_append[compatible_vector_array_pair5-&lt;lambda&gt;12]" time="0.0004603862762451172"><skipped message="Suite splitting in effect" type="pytest.skip">src/pymortests/vectorarray.py:264: &lt;py._xmlgen.raw object at 0x7f1dd444c358&gt;</skipped></testcase><testcase classname="src.pymortests.vectorarray" file="src/pymortests/vectorarray.py" line="264" name="test_append[compatible_vector_array_pair5-&lt;lambda&gt;13]" time="0.0009891986846923828"><skipped message="Suite splitting in effect" type="pytest.skip">src/pymortests/vectorarray.py:264: &lt;py._xmlgen.raw object at 0x7f1dd444ccf8&gt;</skipped></testcase><testcase classname="src.pymortests.vectorarray" file="src/pymortests/vectorarray.py" line="264" name="test_append[compatible_vector_array_pair5-&lt;lambda&gt;14]" time="0.0004246234893798828"><skipped message="Suite splitting in effect" type="pytest.skip">src/pymortests/vectorarray.py:264: &lt;py._xmlgen.raw object at 0x7f1dde544a58&gt;</skipped></testcase><testcase classname="src.pymortests.vectorarray" file="src/pymortests/vectorarray.py" line="264" name="test_append[compatible_vector_array_pair5-&lt;lambda&gt;15]" time="0.00041103363037109375"><skipped message="Suite splitting in effect" type="pytest.skip">src/pymortests/vectorarray.py:264: &lt;py._xmlgen.raw object at 0x7f1dde506470&gt;</skipped></testcase><testcase classname="src.pymortests.vectorarray" file="src/pymortests/vectorarray.py" line="264" name="test_append[compatible_vector_array_pair5-&lt;lambda&gt;16]" time="0.0004343986511230469"><skipped message="Suite splitting in effect" type="pytest.skip">src/pymortests/vectorarray.py:264: &lt;py._xmlgen.raw object at 0x7f1dd4442c18&gt;</skipped></testcase><testcase classname="src.pymortests.vectorarray" file="src/pymortests/vectorarray.py" line="264" name="test_append[compatible_vector_array_pair5-&lt;lambda&gt;17]" time="0.00042319297790527344"><skipped message="Suite splitting in effect" type="pytest.skip">src/pymortests/vectorarray.py:264: &lt;py._xmlgen.raw object at 0x7f1dd4439f60&gt;</skipped></testcase><testcase classname="src.pymortests.vectorarray" file="src/pymortests/vectorarray.py" line="264" name="test_append[compatible_vector_array_pair5-&lt;lambda&gt;18]" time="0.00044655799865722656"><skipped message="Suite splitting in effect" type="pytest.skip">src/pymortests/vectorarray.py:264: &lt;py._xmlgen.raw object at 0x7f1dd4439160&gt;</skipped></testcase><testcase classname="src.pymortests.vectorarray" file="src/pymortests/vectorarray.py" line="264" name="test_append[compatible_vector_array_pair5-&lt;lambda&gt;19]" time="0.0004589557647705078"><skipped message="Suite splitting in effect" type="pytest.skip">src/pymortests/vectorarray.py:264: &lt;py._xmlgen.raw object at 0x7f1dd44af630&gt;</skipped></testcase><testcase classname="src.pymortests.vectorarray" file="src/pymortests/vectorarray.py" line="264" name="test_append[compatible_vector_array_pair5-&lt;lambda&gt;20]" time="0.00043320655822753906"><skipped message="Suite splitting in effect" type="pytest.skip">src/pymortests/vectorarray.py:264: &lt;py._xmlgen.raw object at 0x7f1dd449e208&gt;</skipped></testcase><testcase classname="src.pymortests.vectorarray" file="src/pymortests/vectorarray.py" line="264" name="test_append[compatible_vector_array_pair5-&lt;lambda&gt;21]" time="0.0004317760467529297"><skipped message="Suite splitting in effect" type="pytest.skip">src/pymortests/vectorarray.py:264: &lt;py._xmlgen.raw object at 0x7f1dd45154a8&gt;</skipped></testcase><testcase classname="src.pymortests.vectorarray" file="src/pymortests/vectorarray.py" line="264" name="test_append[compatible_vector_array_pair5-&lt;lambda&gt;22]" time="0.0007131099700927734"><skipped message="Suite splitting in effect" type="pytest.skip">src/pymortests/vectorarray.py:264: &lt;py._xmlgen.raw object at 0x7f1dd44dd278&gt;</skipped></testcase><testcase classname="src.pymortests.vectorarray" file="src/pymortests/vectorarray.py" line="264" name="test_append[compatible_vector_array_pair5-&lt;lambda&gt;23]" time="0.0004425048828125"><skipped message="Suite splitting in effect" type="pytest.skip">src/pymortests/vectorarray.py:264: &lt;py._xmlgen.raw object at 0x7f1dd44af0b8&gt;</skipped></testcase><testcase classname="src.pymortests.vectorarray" file="src/pymortests/vectorarray.py" line="264" name="test_append[compatible_vector_array_pair5-&lt;lambda&gt;24]" time="0.00045299530029296875"><skipped message="Suite splitting in effect" type="pytest.skip">src/pymortests/vectorarray.py:264: &lt;py._xmlgen.raw object at 0x7f1dd4439c88&gt;</skipped></testcase><testcase classname="src.pymortests.vectorarray" file="src/pymortests/vectorarray.py" line="264" name="test_append[compatible_vector_array_pair5-&lt;lambda&gt;25]" time="0.0004360675811767578"><skipped message="Suite splitting in effect" type="pytest.skip">src/pymortests/vectorarray.py:264: &lt;py._xmlgen.raw object at 0x7f1dd4442a58&gt;</skipped></testcase><testcase classname="src.pymortests.vectorarray" file="src/pymortests/vectorarray.py" line="264" name="test_append[compatible_vector_array_pair5-&lt;lambda&gt;26]" time="0.0004248619079589844"><skipped message="Suite splitting in effect" type="pytest.skip">src/pymortests/vectorarray.py:264: &lt;py._xmlgen.raw object at 0x7f1dde4e4278&gt;</skipped></testcase><testcase classname="src.pymortests.vectorarray" file="src/pymortests/vectorarray.py" line="264" name="test_append[compatible_vector_array_pair5-&lt;lambda&gt;27]" time="0.0004749298095703125"><skipped message="Suite splitting in effect" type="pytest.skip">src/pymortests/vectorarray.py:264: &lt;py._xmlgen.raw object at 0x7f1dde506668&gt;</skipped></testcase><testcase classname="src.pymortests.vectorarray" file="src/pymortests/vectorarray.py" line="264" name="test_append[compatible_vector_array_pair5-&lt;lambda&gt;28]" time="0.0004444122314453125"><skipped message="Suite splitting in effect" type="pytest.skip">src/pymortests/vectorarray.py:264: &lt;py._xmlgen.raw object at 0x7f1dd4494b00&gt;</skipped></testcase><testcase classname="src.pymortests.vectorarray" file="src/pymortests/vectorarray.py" line="264" name="test_append[compatible_vector_array_pair5-&lt;lambda&gt;29]" time="0.00043654441833496094"><skipped message="Suite splitting in effect" type="pytest.skip">src/pymortests/vectorarray.py:264: &lt;py._xmlgen.raw object at 0x7f1dd444cc18&gt;</skipped></testcase><testcase classname="src.pymortests.vectorarray" file="src/pymortests/vectorarray.py" line="264" name="test_append[compatible_vector_array_pair6-&lt;lambda&gt;0]" time="0.0007147789001464844"><skipped message="Suite splitting in effect" type="pytest.skip">src/pymortests/vectorarray.py:264: &lt;py._xmlgen.raw object at 0x7f1dde4f5fd0&gt;</skipped></testcase><testcase classname="src.pymortests.vectorarray" file="src/pymortests/vectorarray.py" line="264" name="test_append[compatible_vector_array_pair6-&lt;lambda&gt;1]" time="0.0004558563232421875"><skipped message="Suite splitting in effect" type="pytest.skip">src/pymortests/vectorarray.py:264: &lt;py._xmlgen.raw object at 0x7f1dde506860&gt;</skipped></testcase><testcase classname="src.pymortests.vectorarray" file="src/pymortests/vectorarray.py" line="264" name="test_append[compatible_vector_array_pair6-&lt;lambda&gt;2]" time="0.0004513263702392578"><skipped message="Suite splitting in effect" type="pytest.skip">src/pymortests/vectorarray.py:264: &lt;py._xmlgen.raw object at 0x7f1dd4442b70&gt;</skipped></testcase><testcase classname="src.pymortests.vectorarray" file="src/pymortests/vectorarray.py" line="264" name="test_append[compatible_vector_array_pair6-&lt;lambda&gt;3]" time="0.00043654441833496094"><skipped message="Suite splitting in effect" type="pytest.skip">src/pymortests/vectorarray.py:264: &lt;py._xmlgen.raw object at 0x7f1dd4439dd8&gt;</skipped></testcase><testcase classname="src.pymortests.vectorarray" file="src/pymortests/vectorarray.py" line="264" name="test_append[compatible_vector_array_pair6-&lt;lambda&gt;4]" time="0.00042748451232910156"><skipped message="Suite splitting in effect" type="pytest.skip">src/pymortests/vectorarray.py:264: &lt;py._xmlgen.raw object at 0x7f1dd44af6a0&gt;</skipped></testcase><testcase classname="src.pymortests.vectorarray" file="src/pymortests/vectorarray.py" line="264" name="test_append[compatible_vector_array_pair6-&lt;lambda&gt;5]" time="0.0004634857177734375"><skipped message="Suite splitting in effect" type="pytest.skip">src/pymortests/vectorarray.py:264: &lt;py._xmlgen.raw object at 0x7f1dd449e710&gt;</skipped></testcase><testcase classname="src.pymortests.vectorarray" file="src/pymortests/vectorarray.py" line="264" name="test_append[compatible_vector_array_pair6-&lt;lambda&gt;6]" time="0.0004475116729736328"><skipped message="Suite splitting in effect" type="pytest.skip">src/pymortests/vectorarray.py:264: &lt;py._xmlgen.raw object at 0x7f1dd444cb38&gt;</skipped></testcase><testcase classname="src.pymortests.vectorarray" file="src/pymortests/vectorarray.py" line="264" name="test_append[compatible_vector_array_pair6-&lt;lambda&gt;7]" time="0.0004684925079345703"><skipped message="Suite splitting in effect" type="pytest.skip">src/pymortests/vectorarray.py:264: &lt;py._xmlgen.raw object at 0x7f1dd445d240&gt;</skipped></testcase><testcase classname="src.pymortests.vectorarray" file="src/pymortests/vectorarray.py" line="264" name="test_append[compatible_vector_array_pair6-&lt;lambda&gt;8]" time="0.0006885528564453125"><skipped message="Suite splitting in effect" type="pytest.skip">src/pymortests/vectorarray.py:264: &lt;py._xmlgen.raw object at 0x7f1dd445d780&gt;</skipped></testcase><testcase classname="src.pymortests.vectorarray" file="src/pymortests/vectorarray.py" line="264" name="test_append[compatible_vector_array_pair6-&lt;lambda&gt;9]" time="0.0004451274871826172"><skipped message="Suite splitting in effect" type="pytest.skip">src/pymortests/vectorarray.py:264: &lt;py._xmlgen.raw object at 0x7f1dd444c208&gt;</skipped></testcase><testcase classname="src.pymortests.vectorarray" file="src/pymortests/vectorarray.py" line="264" name="test_append[compatible_vector_array_pair6-&lt;lambda&gt;10]" time="0.0004291534423828125"><skipped message="Suite splitting in effect" type="pytest.skip">src/pymortests/vectorarray.py:264: &lt;py._xmlgen.raw object at 0x7f1dd44afc18&gt;</skipped></testcase><testcase classname="src.pymortests.vectorarray" file="src/pymortests/vectorarray.py" line="264" name="test_append[compatible_vector_array_pair6-&lt;lambda&gt;11]" time="0.0004305839538574219"><skipped message="Suite splitting in effect" type="pytest.skip">src/pymortests/vectorarray.py:264: &lt;py._xmlgen.raw object at 0x7f1dd4487e48&gt;</skipped></testcase><testcase classname="src.pymortests.vectorarray" file="src/pymortests/vectorarray.py" line="264" name="test_append[compatible_vector_array_pair6-&lt;lambda&gt;12]" time="0.00043487548828125"><skipped message="Suite splitting in effect" type="pytest.skip">src/pymortests/vectorarray.py:264: &lt;py._xmlgen.raw object at 0x7f1dd4442400&gt;</skipped></testcase><testcase classname="src.pymortests.vectorarray" file="src/pymortests/vectorarray.py" line="264" name="test_append[compatible_vector_array_pair6-&lt;lambda&gt;13]" time="0.00047206878662109375"><skipped message="Suite splitting in effect" type="pytest.skip">src/pymortests/vectorarray.py:264: &lt;py._xmlgen.raw object at 0x7f1dde506c50&gt;</skipped></testcase><testcase classname="src.pymortests.vectorarray" file="src/pymortests/vectorarray.py" line="264" name="test_append[compatible_vector_array_pair6-&lt;lambda&gt;14]" time="0.0004096031188964844"><skipped message="Suite splitting in effect" type="pytest.skip">src/pymortests/vectorarray.py:264: &lt;py._xmlgen.raw object at 0x7f1dde4f5fd0&gt;</skipped></testcase><testcase classname="src.pymortests.vectorarray" file="src/pymortests/vectorarray.py" line="264" name="test_append[compatible_vector_array_pair6-&lt;lambda&gt;15]" time="0.0004134178161621094"><skipped message="Suite splitting in effect" type="pytest.skip">src/pymortests/vectorarray.py:264: &lt;py._xmlgen.raw object at 0x7f1dd445d128&gt;</skipped></testcase><testcase classname="src.pymortests.vectorarray" file="src/pymortests/vectorarray.py" line="264" name="test_append[compatible_vector_array_pair6-&lt;lambda&gt;16]" time="0.0007181167602539062"><skipped message="Suite splitting in effect" type="pytest.skip">src/pymortests/vectorarray.py:264: &lt;py._xmlgen.raw object at 0x7f1dd445dcc0&gt;</skipped></testcase><testcase classname="src.pymortests.vectorarray" file="src/pymortests/vectorarray.py" line="264" name="test_append[compatible_vector_array_pair6-&lt;lambda&gt;17]" time="0.0004429817199707031"><skipped message="Suite splitting in effect" type="pytest.skip">src/pymortests/vectorarray.py:264: &lt;py._xmlgen.raw object at 0x7f1dde605ef0&gt;</skipped></testcase><testcase classname="src.pymortests.vectorarray" file="src/pymortests/vectorarray.py" line="264" name="test_append[compatible_vector_array_pair6-&lt;lambda&gt;18]" time="0.0004611015319824219"><skipped message="Suite splitting in effect" type="pytest.skip">src/pymortests/vectorarray.py:264: &lt;py._xmlgen.raw object at 0x7f1dd4442be0&gt;</skipped></testcase><testcase classname="src.pymortests.vectorarray" file="src/pymortests/vectorarray.py" line="264" name="test_append[compatible_vector_array_pair6-&lt;lambda&gt;19]" time="0.0004391670227050781"><skipped message="Suite splitting in effect" type="pytest.skip">src/pymortests/vectorarray.py:264: &lt;py._xmlgen.raw object at 0x7f1dd4439198&gt;</skipped></testcase><testcase classname="src.pymortests.vectorarray" file="src/pymortests/vectorarray.py" line="264" name="test_append[compatible_vector_array_pair6-&lt;lambda&gt;20]" time="0.0017118453979492188"><skipped message="Suite splitting in effect" type="pytest.skip">src/pymortests/vectorarray.py:264: &lt;py._xmlgen.raw object at 0x7f1dd449e710&gt;</skipped></testcase><testcase classname="src.pymortests.vectorarray" file="src/pymortests/vectorarray.py" line="264" name="test_append[compatible_vector_array_pair6-&lt;lambda&gt;21]" time="0.00044155120849609375"><skipped message="Suite splitting in effect" type="pytest.skip">src/pymortests/vectorarray.py:264: &lt;py._xmlgen.raw object at 0x7f1dd444c710&gt;</skipped></testcase><testcase classname="src.pymortests.vectorarray" file="src/pymortests/vectorarray.py" line="264" name="test_append[compatible_vector_array_pair6-&lt;lambda&gt;22]" time="0.0004487037658691406"><skipped message="Suite splitting in effect" type="pytest.skip">src/pymortests/vectorarray.py:264: &lt;py._xmlgen.raw object at 0x7f1dd445da20&gt;</skipped></testcase><testcase classname="src.pymortests.vectorarray" file="src/pymortests/vectorarray.py" line="264" name="test_append[compatible_vector_array_pair6-&lt;lambda&gt;23]" time="0.00048732757568359375"><skipped message="Suite splitting in effect" type="pytest.skip">src/pymortests/vectorarray.py:264: &lt;py._xmlgen.raw object at 0x7f1dd445d358&gt;</skipped></testcase><testcase classname="src.pymortests.vectorarray" file="src/pymortests/vectorarray.py" line="264" name="test_append[compatible_vector_array_pair6-&lt;lambda&gt;24]" time="0.0007128715515136719"><skipped message="Suite splitting in effect" type="pytest.skip">src/pymortests/vectorarray.py:264: &lt;py._xmlgen.raw object at 0x7f1dd4469320&gt;</skipped></testcase><testcase classname="src.pymortests.vectorarray" file="src/pymortests/vectorarray.py" line="264" name="test_append[compatible_vector_array_pair6-&lt;lambda&gt;25]" time="0.0004279613494873047"><skipped message="Suite splitting in effect" type="pytest.skip">src/pymortests/vectorarray.py:264: &lt;py._xmlgen.raw object at 0x7f1dd445d400&gt;</skipped></testcase><testcase classname="src.pymortests.vectorarray" file="src/pymortests/vectorarray.py" line="264" name="test_append[compatible_vector_array_pair6-&lt;lambda&gt;26]" time="0.00043320655822753906"><skipped message="Suite splitting in effect" type="pytest.skip">src/pymortests/vectorarray.py:264: &lt;py._xmlgen.raw object at 0x7f1dd444c240&gt;</skipped></testcase><testcase classname="src.pymortests.vectorarray" file="src/pymortests/vectorarray.py" line="264" name="test_append[compatible_vector_array_pair6-&lt;lambda&gt;27]" time="0.000461578369140625"><skipped message="Suite splitting in effect" type="pytest.skip">src/pymortests/vectorarray.py:264: &lt;py._xmlgen.raw object at 0x7f1dde522668&gt;</skipped></testcase><testcase classname="src.pymortests.vectorarray" file="src/pymortests/vectorarray.py" line="264" name="test_append[compatible_vector_array_pair6-&lt;lambda&gt;28]" time="0.00043129920959472656"><skipped message="Suite splitting in effect" type="pytest.skip">src/pymortests/vectorarray.py:264: &lt;py._xmlgen.raw object at 0x7f1dd44397b8&gt;</skipped></testcase><testcase classname="src.pymortests.vectorarray" file="src/pymortests/vectorarray.py" line="264" name="test_append[compatible_vector_array_pair6-&lt;lambda&gt;29]" time="0.0004267692565917969"><skipped message="Suite splitting in effect" type="pytest.skip">src/pymortests/vectorarray.py:264: &lt;py._xmlgen.raw object at 0x7f1dd4442e48&gt;</skipped></testcase><testcase classname="src.pymortests.vectorarray" file="src/pymortests/vectorarray.py" line="264" name="test_append[compatible_vector_array_pair7-&lt;lambda&gt;0]" time="0.00042748451232910156"><skipped message="Suite splitting in effect" type="pytest.skip">src/pymortests/vectorarray.py:264: &lt;py._xmlgen.raw object at 0x7f1dde496518&gt;</skipped></testcase><testcase classname="src.pymortests.vectorarray" file="src/pymortests/vectorarray.py" line="264" name="test_append[compatible_vector_array_pair7-&lt;lambda&gt;1]" time="0.00044345855712890625"><skipped message="Suite splitting in effect" type="pytest.skip">src/pymortests/vectorarray.py:264: &lt;py._xmlgen.raw object at 0x7f1dd44691d0&gt;</skipped></testcase><testcase classname="src.pymortests.vectorarray" file="src/pymortests/vectorarray.py" line="264" name="test_append[compatible_vector_array_pair7-&lt;lambda&gt;2]" time="0.0007007122039794922"><skipped message="Suite splitting in effect" type="pytest.skip">src/pymortests/vectorarray.py:264: &lt;py._xmlgen.raw object at 0x7f1dd4469940&gt;</skipped></testcase><testcase classname="src.pymortests.vectorarray" file="src/pymortests/vectorarray.py" line="264" name="test_append[compatible_vector_array_pair7-&lt;lambda&gt;3]" time="0.0004341602325439453"><skipped message="Suite splitting in effect" type="pytest.skip">src/pymortests/vectorarray.py:264: &lt;py._xmlgen.raw object at 0x7f1dde506fd0&gt;</skipped></testcase><testcase classname="src.pymortests.vectorarray" file="src/pymortests/vectorarray.py" line="264" name="test_append[compatible_vector_array_pair7-&lt;lambda&gt;4]" time="0.0004253387451171875"><skipped message="Suite splitting in effect" type="pytest.skip">src/pymortests/vectorarray.py:264: &lt;py._xmlgen.raw object at 0x7f1dd4487f98&gt;</skipped></testcase><testcase classname="src.pymortests.vectorarray" file="src/pymortests/vectorarray.py" line="264" name="test_append[compatible_vector_array_pair7-&lt;lambda&gt;5]" time="0.00044727325439453125"><skipped message="Suite splitting in effect" type="pytest.skip">src/pymortests/vectorarray.py:264: &lt;py._xmlgen.raw object at 0x7f1dd449e278&gt;</skipped></testcase><testcase classname="src.pymortests.vectorarray" file="src/pymortests/vectorarray.py" line="264" name="test_append[compatible_vector_array_pair7-&lt;lambda&gt;6]" time="0.00043129920959472656"><skipped message="Suite splitting in effect" type="pytest.skip">src/pymortests/vectorarray.py:264: &lt;py._xmlgen.raw object at 0x7f1dde4a67b8&gt;</skipped></testcase><testcase classname="src.pymortests.vectorarray" file="src/pymortests/vectorarray.py" line="264" name="test_append[compatible_vector_array_pair7-&lt;lambda&gt;7]" time="0.0004096031188964844"><skipped message="Suite splitting in effect" type="pytest.skip">src/pymortests/vectorarray.py:264: &lt;py._xmlgen.raw object at 0x7f1dd445d9b0&gt;</skipped></testcase><testcase classname="src.pymortests.vectorarray" file="src/pymortests/vectorarray.py" line="264" name="test_append[compatible_vector_array_pair7-&lt;lambda&gt;8]" time="0.000408172607421875"><skipped message="Suite splitting in effect" type="pytest.skip">src/pymortests/vectorarray.py:264: &lt;py._xmlgen.raw object at 0x7f1dd4469a58&gt;</skipped></testcase><testcase classname="src.pymortests.vectorarray" file="src/pymortests/vectorarray.py" line="264" name="test_append[compatible_vector_array_pair7-&lt;lambda&gt;9]" time="0.00043392181396484375"><skipped message="Suite splitting in effect" type="pytest.skip">src/pymortests/vectorarray.py:264: &lt;py._xmlgen.raw object at 0x7f1dd4469390&gt;</skipped></testcase><testcase classname="src.pymortests.vectorarray" file="src/pymortests/vectorarray.py" line="264" name="test_append[compatible_vector_array_pair7-&lt;lambda&gt;10]" time="0.0007224082946777344"><skipped message="Suite splitting in effect" type="pytest.skip">src/pymortests/vectorarray.py:264: &lt;py._xmlgen.raw object at 0x7f1dd4469f60&gt;</skipped></testcase><testcase classname="src.pymortests.vectorarray" file="src/pymortests/vectorarray.py" line="264" name="test_append[compatible_vector_array_pair7-&lt;lambda&gt;11]" time="0.0004329681396484375"><skipped message="Suite splitting in effect" type="pytest.skip">src/pymortests/vectorarray.py:264: &lt;py._xmlgen.raw object at 0x7f1dd4469710&gt;</skipped></testcase><testcase classname="src.pymortests.vectorarray" file="src/pymortests/vectorarray.py" line="264" name="test_append[compatible_vector_array_pair7-&lt;lambda&gt;12]" time="0.00041484832763671875"><skipped message="Suite splitting in effect" type="pytest.skip">src/pymortests/vectorarray.py:264: &lt;py._xmlgen.raw object at 0x7f1dd445d128&gt;</skipped></testcase><testcase classname="src.pymortests.vectorarray" file="src/pymortests/vectorarray.py" line="264" name="test_append[compatible_vector_array_pair7-&lt;lambda&gt;13]" time="0.0004203319549560547"><skipped message="Suite splitting in effect" type="pytest.skip">src/pymortests/vectorarray.py:264: &lt;py._xmlgen.raw object at 0x7f1dd444ceb8&gt;</skipped></testcase><testcase classname="src.pymortests.vectorarray" file="src/pymortests/vectorarray.py" line="264" name="test_append[compatible_vector_array_pair7-&lt;lambda&gt;14]" time="0.0004482269287109375"><skipped message="Suite splitting in effect" type="pytest.skip">src/pymortests/vectorarray.py:264: &lt;py._xmlgen.raw object at 0x7f1dde4a6518&gt;</skipped></testcase><testcase classname="src.pymortests.vectorarray" file="src/pymortests/vectorarray.py" line="264" name="test_append[compatible_vector_array_pair7-&lt;lambda&gt;15]" time="0.0004215240478515625"><skipped message="Suite splitting in effect" type="pytest.skip">src/pymortests/vectorarray.py:264: &lt;py._xmlgen.raw object at 0x7f1dd4439208&gt;</skipped></testcase><testcase classname="src.pymortests.vectorarray" file="src/pymortests/vectorarray.py" line="264" name="test_append[compatible_vector_array_pair7-&lt;lambda&gt;16]" time="0.00040984153747558594"><skipped message="Suite splitting in effect" type="pytest.skip">src/pymortests/vectorarray.py:264: &lt;py._xmlgen.raw object at 0x7f1dde496fd0&gt;</skipped></testcase><testcase classname="src.pymortests.vectorarray" file="src/pymortests/vectorarray.py" line="264" name="test_append[compatible_vector_array_pair7-&lt;lambda&gt;17]" time="0.00043272972106933594"><skipped message="Suite splitting in effect" type="pytest.skip">src/pymortests/vectorarray.py:264: &lt;py._xmlgen.raw object at 0x7f1dd4474080&gt;</skipped></testcase><testcase classname="src.pymortests.vectorarray" file="src/pymortests/vectorarray.py" line="264" name="test_append[compatible_vector_array_pair7-&lt;lambda&gt;18]" time="0.0007493495941162109"><skipped message="Suite splitting in effect" type="pytest.skip">src/pymortests/vectorarray.py:264: &lt;py._xmlgen.raw object at 0x7f1dd44745c0&gt;</skipped></testcase><testcase classname="src.pymortests.vectorarray" file="src/pymortests/vectorarray.py" line="264" name="test_append[compatible_vector_array_pair7-&lt;lambda&gt;19]" time="0.0004305839538574219"><skipped message="Suite splitting in effect" type="pytest.skip">src/pymortests/vectorarray.py:264: &lt;py._xmlgen.raw object at 0x7f1dd4442780&gt;</skipped></testcase><testcase classname="src.pymortests.vectorarray" file="src/pymortests/vectorarray.py" line="264" name="test_append[compatible_vector_array_pair7-&lt;lambda&gt;20]" time="0.00044465065002441406"><skipped message="Suite splitting in effect" type="pytest.skip">src/pymortests/vectorarray.py:264: &lt;py._xmlgen.raw object at 0x7f1dd4439358&gt;</skipped></testcase><testcase classname="src.pymortests.vectorarray" file="src/pymortests/vectorarray.py" line="264" name="test_append[compatible_vector_array_pair7-&lt;lambda&gt;21]" time="0.00043463706970214844"><skipped message="Suite splitting in effect" type="pytest.skip">src/pymortests/vectorarray.py:264: &lt;py._xmlgen.raw object at 0x7f1dde4a6470&gt;</skipped></testcase><testcase classname="src.pymortests.vectorarray" file="src/pymortests/vectorarray.py" line="264" name="test_append[compatible_vector_array_pair7-&lt;lambda&gt;22]" time="0.00045561790466308594"><skipped message="Suite splitting in effect" type="pytest.skip">src/pymortests/vectorarray.py:264: &lt;py._xmlgen.raw object at 0x7f1dd445deb8&gt;</skipped></testcase><testcase classname="src.pymortests.vectorarray" file="src/pymortests/vectorarray.py" line="264" name="test_append[compatible_vector_array_pair7-&lt;lambda&gt;23]" time="0.00040912628173828125"><skipped message="Suite splitting in effect" type="pytest.skip">src/pymortests/vectorarray.py:264: &lt;py._xmlgen.raw object at 0x7f1dd4469c88&gt;</skipped></testcase><testcase classname="src.pymortests.vectorarray" file="src/pymortests/vectorarray.py" line="264" name="test_append[compatible_vector_array_pair7-&lt;lambda&gt;24]" time="0.0004143714904785156"><skipped message="Suite splitting in effect" type="pytest.skip">src/pymortests/vectorarray.py:264: &lt;py._xmlgen.raw object at 0x7f1dd4469048&gt;</skipped></testcase><testcase classname="src.pymortests.vectorarray" file="src/pymortests/vectorarray.py" line="264" name="test_append[compatible_vector_array_pair7-&lt;lambda&gt;25]" time="0.00048804283142089844"><skipped message="Suite splitting in effect" type="pytest.skip">src/pymortests/vectorarray.py:264: &lt;py._xmlgen.raw object at 0x7f1dd4474240&gt;</skipped></testcase><testcase classname="src.pymortests.vectorarray" file="src/pymortests/vectorarray.py" line="264" name="test_append[compatible_vector_array_pair7-&lt;lambda&gt;26]" time="0.0007231235504150391"><skipped message="Suite splitting in effect" type="pytest.skip">src/pymortests/vectorarray.py:264: &lt;py._xmlgen.raw object at 0x7f1dd4474be0&gt;</skipped></testcase><testcase classname="src.pymortests.vectorarray" file="src/pymortests/vectorarray.py" line="264" name="test_append[compatible_vector_array_pair7-&lt;lambda&gt;27]" time="0.00043463706970214844"><skipped message="Suite splitting in effect" type="pytest.skip">src/pymortests/vectorarray.py:264: &lt;py._xmlgen.raw object at 0x7f1dd4469c18&gt;</skipped></testcase><testcase classname="src.pymortests.vectorarray" file="src/pymortests/vectorarray.py" line="264" name="test_append[compatible_vector_array_pair7-&lt;lambda&gt;28]" time="0.00045299530029296875"><skipped message="Suite splitting in effect" type="pytest.skip">src/pymortests/vectorarray.py:264: &lt;py._xmlgen.raw object at 0x7f1dd444cf60&gt;</skipped></testcase><testcase classname="src.pymortests.vectorarray" file="src/pymortests/vectorarray.py" line="264" name="test_append[compatible_vector_array_pair7-&lt;lambda&gt;29]" time="0.0004620552062988281"><skipped message="Suite splitting in effect" type="pytest.skip">src/pymortests/vectorarray.py:264: &lt;py._xmlgen.raw object at 0x7f1dde4a6da0&gt;</skipped></testcase><testcase classname="src.pymortests.vectorarray" file="src/pymortests/vectorarray.py" line="264" name="test_append[compatible_vector_array_pair8-&lt;lambda&gt;0]" time="0.0004968643188476562"><skipped message="Suite splitting in effect" type="pytest.skip">src/pymortests/vectorarray.py:264: &lt;py._xmlgen.raw object at 0x7f1dd4442a58&gt;</skipped></testcase><testcase classname="src.pymortests.vectorarray" file="src/pymortests/vectorarray.py" line="264" name="test_append[compatible_vector_array_pair8-&lt;lambda&gt;1]" time="0.0004334449768066406"><skipped message="Suite splitting in effect" type="pytest.skip">src/pymortests/vectorarray.py:264: &lt;py._xmlgen.raw object at 0x7f1dde4965c0&gt;</skipped></testcase><testcase classname="src.pymortests.vectorarray" file="src/pymortests/vectorarray.py" line="264" name="test_append[compatible_vector_array_pair8-&lt;lambda&gt;2]" time="0.00043201446533203125"><skipped message="Suite splitting in effect" type="pytest.skip">src/pymortests/vectorarray.py:264: &lt;py._xmlgen.raw object at 0x7f1dd44740b8&gt;</skipped></testcase><testcase classname="src.pymortests.vectorarray" file="src/pymortests/vectorarray.py" line="264" name="test_append[compatible_vector_array_pair8-&lt;lambda&gt;3]" time="0.00045299530029296875"><skipped message="Suite splitting in effect" type="pytest.skip">src/pymortests/vectorarray.py:264: &lt;py._xmlgen.raw object at 0x7f1dd4474438&gt;</skipped></testcase><testcase classname="src.pymortests.vectorarray" file="src/pymortests/vectorarray.py" line="264" name="test_append[compatible_vector_array_pair8-&lt;lambda&gt;4]" time="0.0006983280181884766"><skipped message="Suite splitting in effect" type="pytest.skip">src/pymortests/vectorarray.py:264: &lt;py._xmlgen.raw object at 0x7f1dd43ff240&gt;</skipped></testcase><testcase classname="src.pymortests.vectorarray" file="src/pymortests/vectorarray.py" line="264" name="test_append[compatible_vector_array_pair8-&lt;lambda&gt;5]" time="0.00045108795166015625"><skipped message="Suite splitting in effect" type="pytest.skip">src/pymortests/vectorarray.py:264: &lt;py._xmlgen.raw object at 0x7f1dd4474710&gt;</skipped></testcase><testcase classname="src.pymortests.vectorarray" file="src/pymortests/vectorarray.py" line="264" name="test_append[compatible_vector_array_pair8-&lt;lambda&gt;6]" time="0.00042128562927246094"><skipped message="Suite splitting in effect" type="pytest.skip">src/pymortests/vectorarray.py:264: &lt;py._xmlgen.raw object at 0x7f1dde496c50&gt;</skipped></testcase><testcase classname="src.pymortests.vectorarray" file="src/pymortests/vectorarray.py" line="264" name="test_append[compatible_vector_array_pair8-&lt;lambda&gt;7]" time="0.0004413127899169922"><skipped message="Suite splitting in effect" type="pytest.skip">src/pymortests/vectorarray.py:264: &lt;py._xmlgen.raw object at 0x7f1dd4442400&gt;</skipped></testcase><testcase classname="src.pymortests.vectorarray" file="src/pymortests/vectorarray.py" line="264" name="test_append[compatible_vector_array_pair8-&lt;lambda&gt;8]" time="0.0004744529724121094"><skipped message="Suite splitting in effect" type="pytest.skip">src/pymortests/vectorarray.py:264: &lt;py._xmlgen.raw object at 0x7f1dd4439358&gt;</skipped></testcase><testcase classname="src.pymortests.vectorarray" file="src/pymortests/vectorarray.py" line="264" name="test_append[compatible_vector_array_pair8-&lt;lambda&gt;9]" time="0.0004489421844482422"><skipped message="Suite splitting in effect" type="pytest.skip">src/pymortests/vectorarray.py:264: &lt;py._xmlgen.raw object at 0x7f1dd445d128&gt;</skipped></testcase><testcase classname="src.pymortests.vectorarray" file="src/pymortests/vectorarray.py" line="264" name="test_append[compatible_vector_array_pair8-&lt;lambda&gt;10]" time="0.00044035911560058594"><skipped message="Suite splitting in effect" type="pytest.skip">src/pymortests/vectorarray.py:264: &lt;py._xmlgen.raw object at 0x7f1dd4469d30&gt;</skipped></testcase><testcase classname="src.pymortests.vectorarray" file="src/pymortests/vectorarray.py" line="264" name="test_append[compatible_vector_array_pair8-&lt;lambda&gt;11]" time="0.00045108795166015625"><skipped message="Suite splitting in effect" type="pytest.skip">src/pymortests/vectorarray.py:264: &lt;py._xmlgen.raw object at 0x7f1dd43ff0b8&gt;</skipped></testcase><testcase classname="src.pymortests.vectorarray" file="src/pymortests/vectorarray.py" line="264" name="test_append[compatible_vector_array_pair8-&lt;lambda&gt;12]" time="0.0007064342498779297"><skipped message="Suite splitting in effect" type="pytest.skip">src/pymortests/vectorarray.py:264: &lt;py._xmlgen.raw object at 0x7f1dd43ff860&gt;</skipped></testcase><testcase classname="src.pymortests.vectorarray" file="src/pymortests/vectorarray.py" line="264" name="test_append[compatible_vector_array_pair8-&lt;lambda&gt;13]" time="0.0004482269287109375"><skipped message="Suite splitting in effect" type="pytest.skip">src/pymortests/vectorarray.py:264: &lt;py._xmlgen.raw object at 0x7f1dd445dd30&gt;</skipped></testcase><testcase classname="src.pymortests.vectorarray" file="src/pymortests/vectorarray.py" line="264" name="test_append[compatible_vector_array_pair8-&lt;lambda&gt;14]" time="0.00040721893310546875"><skipped message="Suite splitting in effect" type="pytest.skip">src/pymortests/vectorarray.py:264: &lt;py._xmlgen.raw object at 0x7f1dde4a6c50&gt;</skipped></testcase><testcase classname="src.pymortests.vectorarray" file="src/pymortests/vectorarray.py" line="264" name="test_append[compatible_vector_array_pair8-&lt;lambda&gt;15]" time="0.0004341602325439453"><skipped message="Suite splitting in effect" type="pytest.skip">src/pymortests/vectorarray.py:264: &lt;py._xmlgen.raw object at 0x7f1dde605ef0&gt;</skipped></testcase><testcase classname="src.pymortests.vectorarray" file="src/pymortests/vectorarray.py" line="264" name="test_append[compatible_vector_array_pair8-&lt;lambda&gt;16]" time="0.00042819976806640625"><skipped message="Suite splitting in effect" type="pytest.skip">src/pymortests/vectorarray.py:264: &lt;py._xmlgen.raw object at 0x7f1dde4b8320&gt;</skipped></testcase><testcase classname="src.pymortests.vectorarray" file="src/pymortests/vectorarray.py" line="264" name="test_append[compatible_vector_array_pair8-&lt;lambda&gt;17]" time="0.0004401206970214844"><skipped message="Suite splitting in effect" type="pytest.skip">src/pymortests/vectorarray.py:264: &lt;py._xmlgen.raw object at 0x7f1dd4474c50&gt;</skipped></testcase><testcase classname="src.pymortests.vectorarray" file="src/pymortests/vectorarray.py" line="264" name="test_append[compatible_vector_array_pair8-&lt;lambda&gt;18]" time="0.0004355907440185547"><skipped message="Suite splitting in effect" type="pytest.skip">src/pymortests/vectorarray.py:264: &lt;py._xmlgen.raw object at 0x7f1dd43ff908&gt;</skipped></testcase><testcase classname="src.pymortests.vectorarray" file="src/pymortests/vectorarray.py" line="264" name="test_append[compatible_vector_array_pair8-&lt;lambda&gt;19]" time="0.00043511390686035156"><skipped message="Suite splitting in effect" type="pytest.skip">src/pymortests/vectorarray.py:264: &lt;py._xmlgen.raw object at 0x7f1dd43ff320&gt;</skipped></testcase><testcase classname="src.pymortests.vectorarray" file="src/pymortests/vectorarray.py" line="264" name="test_append[compatible_vector_array_pair8-&lt;lambda&gt;20]" time="0.0010094642639160156"><skipped message="Suite splitting in effect" type="pytest.skip">src/pymortests/vectorarray.py:264: &lt;py._xmlgen.raw object at 0x7f1dd43ffe80&gt;</skipped></testcase><testcase classname="src.pymortests.vectorarray" file="src/pymortests/vectorarray.py" line="264" name="test_append[compatible_vector_array_pair8-&lt;lambda&gt;21]" time="0.0004520416259765625"><skipped message="Suite splitting in effect" type="pytest.skip">src/pymortests/vectorarray.py:264: &lt;py._xmlgen.raw object at 0x7f1dd449ec88&gt;</skipped></testcase><testcase classname="src.pymortests.vectorarray" file="src/pymortests/vectorarray.py" line="264" name="test_append[compatible_vector_array_pair8-&lt;lambda&gt;22]" time="0.0004391670227050781"><skipped message="Suite splitting in effect" type="pytest.skip">src/pymortests/vectorarray.py:264: &lt;py._xmlgen.raw object at 0x7f1dde4c85c0&gt;</skipped></testcase><testcase classname="src.pymortests.vectorarray" file="src/pymortests/vectorarray.py" line="264" name="test_append[compatible_vector_array_pair8-&lt;lambda&gt;23]" time="0.00041985511779785156"><skipped message="Suite splitting in effect" type="pytest.skip">src/pymortests/vectorarray.py:264: &lt;py._xmlgen.raw object at 0x7f1dd43ffbe0&gt;</skipped></testcase><testcase classname="src.pymortests.vectorarray" file="src/pymortests/vectorarray.py" line="264" name="test_append[compatible_vector_array_pair8-&lt;lambda&gt;24]" time="0.00047278404235839844"><skipped message="Suite splitting in effect" type="pytest.skip">src/pymortests/vectorarray.py:264: &lt;py._xmlgen.raw object at 0x7f1dd43ff4e0&gt;</skipped></testcase><testcase classname="src.pymortests.vectorarray" file="src/pymortests/vectorarray.py" line="264" name="test_append[compatible_vector_array_pair8-&lt;lambda&gt;25]" time="0.00043702125549316406"><skipped message="Suite splitting in effect" type="pytest.skip">src/pymortests/vectorarray.py:264: &lt;py._xmlgen.raw object at 0x7f1dd4474400&gt;</skipped></testcase><testcase classname="src.pymortests.vectorarray" file="src/pymortests/vectorarray.py" line="264" name="test_append[compatible_vector_array_pair8-&lt;lambda&gt;26]" time="0.0004315376281738281"><skipped message="Suite splitting in effect" type="pytest.skip">src/pymortests/vectorarray.py:264: &lt;py._xmlgen.raw object at 0x7f1dd4474c18&gt;</skipped></testcase><testcase classname="src.pymortests.vectorarray" file="src/pymortests/vectorarray.py" line="264" name="test_append[compatible_vector_array_pair8-&lt;lambda&gt;27]" time="0.0004165172576904297"><skipped message="Suite splitting in effect" type="pytest.skip">src/pymortests/vectorarray.py:264: &lt;py._xmlgen.raw object at 0x7f1dd4469f98&gt;</skipped></testcase><testcase classname="src.pymortests.vectorarray" file="src/pymortests/vectorarray.py" line="264" name="test_append[compatible_vector_array_pair8-&lt;lambda&gt;28]" time="0.0004508495330810547"><skipped message="Suite splitting in effect" type="pytest.skip">src/pymortests/vectorarray.py:264: &lt;py._xmlgen.raw object at 0x7f1dd445d7b8&gt;</skipped></testcase><testcase classname="src.pymortests.vectorarray" file="src/pymortests/vectorarray.py" line="264" name="test_append[compatible_vector_array_pair8-&lt;lambda&gt;29]" time="0.0007183551788330078"><skipped message="Suite splitting in effect" type="pytest.skip">src/pymortests/vectorarray.py:264: &lt;py._xmlgen.raw object at 0x7f1dd4469470&gt;</skipped></testcase><testcase classname="src.pymortests.vectorarray" file="src/pymortests/vectorarray.py" line="290" name="test_append_self[0-&lt;lambda&gt;0]" time="0.0004487037658691406"><skipped message="Suite splitting in effect" type="pytest.skip">src/pymortests/vectorarray.py:290: &lt;py._xmlgen.raw object at 0x7f1dd44745c0&gt;</skipped></testcase><testcase classname="src.pymortests.vectorarray" file="src/pymortests/vectorarray.py" line="290" name="test_append_self[0-&lt;lambda&gt;1]" time="0.0004189014434814453"><skipped message="Suite splitting in effect" type="pytest.skip">src/pymortests/vectorarray.py:290: &lt;py._xmlgen.raw object at 0x7f1dd44742b0&gt;</skipped></testcase><testcase classname="src.pymortests.vectorarray" file="src/pymortests/vectorarray.py" line="290" name="test_append_self[0-&lt;lambda&gt;2]" time="0.0004737377166748047"><skipped message="Suite splitting in effect" type="pytest.skip">src/pymortests/vectorarray.py:290: &lt;py._xmlgen.raw object at 0x7f1dd43ff320&gt;</skipped></testcase><testcase classname="src.pymortests.vectorarray" file="src/pymortests/vectorarray.py" line="290" name="test_append_self[0-&lt;lambda&gt;3]" time="0.000438690185546875"><skipped message="Suite splitting in effect" type="pytest.skip">src/pymortests/vectorarray.py:290: &lt;py._xmlgen.raw object at 0x7f1dd4439860&gt;</skipped></testcase><testcase classname="src.pymortests.vectorarray" file="src/pymortests/vectorarray.py" line="290" name="test_append_self[0-&lt;lambda&gt;4]" time="0.0004153251647949219"><skipped message="Suite splitting in effect" type="pytest.skip">src/pymortests/vectorarray.py:290: &lt;py._xmlgen.raw object at 0x7f1dde4c8518&gt;</skipped></testcase><testcase classname="src.pymortests.vectorarray" file="src/pymortests/vectorarray.py" line="290" name="test_append_self[0-&lt;lambda&gt;5]" time="0.0004112720489501953"><skipped message="Suite splitting in effect" type="pytest.skip">src/pymortests/vectorarray.py:290: &lt;py._xmlgen.raw object at 0x7f1dde4b87b8&gt;</skipped></testcase><testcase classname="src.pymortests.vectorarray" file="src/pymortests/vectorarray.py" line="290" name="test_append_self[0-&lt;lambda&gt;6]" time="0.0004088878631591797"><skipped message="Suite splitting in effect" type="pytest.skip">src/pymortests/vectorarray.py:290: &lt;py._xmlgen.raw object at 0x7f1dd444c2b0&gt;</skipped></testcase><testcase classname="src.pymortests.vectorarray" file="src/pymortests/vectorarray.py" line="290" name="test_append_self[0-&lt;lambda&gt;7]" time="0.0006978511810302734"><skipped message="Suite splitting in effect" type="pytest.skip">src/pymortests/vectorarray.py:290: &lt;py._xmlgen.raw object at 0x7f1dd444c240&gt;</skipped></testcase><testcase classname="src.pymortests.vectorarray" file="src/pymortests/vectorarray.py" line="290" name="test_append_self[0-&lt;lambda&gt;8]" time="0.00041484832763671875"><skipped message="Suite splitting in effect" type="pytest.skip">src/pymortests/vectorarray.py:290: &lt;py._xmlgen.raw object at 0x7f1dde4b8b00&gt;</skipped></testcase><testcase classname="src.pymortests.vectorarray" file="src/pymortests/vectorarray.py" line="290" name="test_append_self[0-&lt;lambda&gt;9]" time="0.00040602684020996094"><skipped message="Suite splitting in effect" type="pytest.skip">src/pymortests/vectorarray.py:290: &lt;py._xmlgen.raw object at 0x7f1dde4a6da0&gt;</skipped></testcase><testcase classname="src.pymortests.vectorarray" file="src/pymortests/vectorarray.py" line="290" name="test_append_self[0-&lt;lambda&gt;10]" time="0.00040602684020996094"><skipped message="Suite splitting in effect" type="pytest.skip">src/pymortests/vectorarray.py:290: &lt;py._xmlgen.raw object at 0x7f1dd43ff9e8&gt;</skipped></testcase><testcase classname="src.pymortests.vectorarray" file="src/pymortests/vectorarray.py" line="290" name="test_append_self[0-&lt;lambda&gt;11]" time="0.00040721893310546875"><skipped message="Suite splitting in effect" type="pytest.skip">src/pymortests/vectorarray.py:290: &lt;py._xmlgen.raw object at 0x7f1dd43ff2b0&gt;</skipped></testcase><testcase classname="src.pymortests.vectorarray" file="src/pymortests/vectorarray.py" line="290" name="test_append_self[0-&lt;lambda&gt;12]" time="0.0004589557647705078"><skipped message="Suite splitting in effect" type="pytest.skip">src/pymortests/vectorarray.py:290: &lt;py._xmlgen.raw object at 0x7f1dd4474b00&gt;</skipped></testcase><testcase classname="src.pymortests.vectorarray" file="src/pymortests/vectorarray.py" line="290" name="test_append_self[0-&lt;lambda&gt;13]" time="0.0004265308380126953"><skipped message="Suite splitting in effect" type="pytest.skip">src/pymortests/vectorarray.py:290: &lt;py._xmlgen.raw object at 0x7f1dd44692e8&gt;</skipped></testcase><testcase classname="src.pymortests.vectorarray" file="src/pymortests/vectorarray.py" line="290" name="test_append_self[0-&lt;lambda&gt;14]" time="0.0004286766052246094"><skipped message="Suite splitting in effect" type="pytest.skip">src/pymortests/vectorarray.py:290: &lt;py._xmlgen.raw object at 0x7f1dd440f3c8&gt;</skipped></testcase><testcase classname="src.pymortests.vectorarray" file="src/pymortests/vectorarray.py" line="290" name="test_append_self[0-&lt;lambda&gt;15]" time="0.0007679462432861328"><skipped message="Suite splitting in effect" type="pytest.skip">src/pymortests/vectorarray.py:290: &lt;py._xmlgen.raw object at 0x7f1dd440f908&gt;</skipped></testcase><testcase classname="src.pymortests.vectorarray" file="src/pymortests/vectorarray.py" line="290" name="test_append_self[0-&lt;lambda&gt;16]" time="0.0004220008850097656"><skipped message="Suite splitting in effect" type="pytest.skip">src/pymortests/vectorarray.py:290: &lt;py._xmlgen.raw object at 0x7f1dd4474128&gt;</skipped></testcase><testcase classname="src.pymortests.vectorarray" file="src/pymortests/vectorarray.py" line="290" name="test_append_self[0-&lt;lambda&gt;17]" time="0.0004069805145263672"><skipped message="Suite splitting in effect" type="pytest.skip">src/pymortests/vectorarray.py:290: &lt;py._xmlgen.raw object at 0x7f1dd43ff518&gt;</skipped></testcase><testcase classname="src.pymortests.vectorarray" file="src/pymortests/vectorarray.py" line="290" name="test_append_self[0-&lt;lambda&gt;18]" time="0.0004458427429199219"><skipped message="Suite splitting in effect" type="pytest.skip">src/pymortests/vectorarray.py:290: &lt;py._xmlgen.raw object at 0x7f1dde46fe80&gt;</skipped></testcase><testcase classname="src.pymortests.vectorarray" file="src/pymortests/vectorarray.py" line="290" name="test_append_self[0-&lt;lambda&gt;19]" time="0.00042748451232910156"><skipped message="Suite splitting in effect" type="pytest.skip">src/pymortests/vectorarray.py:290: &lt;py._xmlgen.raw object at 0x7f1dde4c8668&gt;</skipped></testcase><testcase classname="src.pymortests.vectorarray" file="src/pymortests/vectorarray.py" line="290" name="test_append_self[0-&lt;lambda&gt;20]" time="0.00040984153747558594"><skipped message="Suite splitting in effect" type="pytest.skip">src/pymortests/vectorarray.py:290: &lt;py._xmlgen.raw object at 0x7f1dde4b8ef0&gt;</skipped></testcase><testcase classname="src.pymortests.vectorarray" file="src/pymortests/vectorarray.py" line="290" name="test_append_self[0-&lt;lambda&gt;21]" time="0.0004489421844482422"><skipped message="Suite splitting in effect" type="pytest.skip">src/pymortests/vectorarray.py:290: &lt;py._xmlgen.raw object at 0x7f1dd440f4a8&gt;</skipped></testcase><testcase classname="src.pymortests.vectorarray" file="src/pymortests/vectorarray.py" line="290" name="test_append_self[0-&lt;lambda&gt;22]" time="0.0004596710205078125"><skipped message="Suite splitting in effect" type="pytest.skip">src/pymortests/vectorarray.py:290: &lt;py._xmlgen.raw object at 0x7f1dd440f2b0&gt;</skipped></testcase><testcase classname="src.pymortests.vectorarray" file="src/pymortests/vectorarray.py" line="290" name="test_append_self[0-&lt;lambda&gt;23]" time="0.0007376670837402344"><skipped message="Suite splitting in effect" type="pytest.skip">src/pymortests/vectorarray.py:290: &lt;py._xmlgen.raw object at 0x7f1dd440fe48&gt;</skipped></testcase><testcase classname="src.pymortests.vectorarray" file="src/pymortests/vectorarray.py" line="290" name="test_append_self[0-&lt;lambda&gt;24]" time="0.0004284381866455078"><skipped message="Suite splitting in effect" type="pytest.skip">src/pymortests/vectorarray.py:290: &lt;py._xmlgen.raw object at 0x7f1dd4442a90&gt;</skipped></testcase><testcase classname="src.pymortests.vectorarray" file="src/pymortests/vectorarray.py" line="290" name="test_append_self[0-&lt;lambda&gt;25]" time="0.0004813671112060547"><skipped message="Suite splitting in effect" type="pytest.skip">src/pymortests/vectorarray.py:290: &lt;py._xmlgen.raw object at 0x7f1dde46f7f0&gt;</skipped></testcase><testcase classname="src.pymortests.vectorarray" file="src/pymortests/vectorarray.py" line="290" name="test_append_self[0-&lt;lambda&gt;26]" time="0.0004241466522216797"><skipped message="Suite splitting in effect" type="pytest.skip">src/pymortests/vectorarray.py:290: &lt;py._xmlgen.raw object at 0x7f1dd43fff60&gt;</skipped></testcase><testcase classname="src.pymortests.vectorarray" file="src/pymortests/vectorarray.py" line="290" name="test_append_self[1-&lt;lambda&gt;0]" time="0.00043487548828125"><skipped message="Suite splitting in effect" type="pytest.skip">src/pymortests/vectorarray.py:290: &lt;py._xmlgen.raw object at 0x7f1dd4474278&gt;</skipped></testcase><testcase classname="src.pymortests.vectorarray" file="src/pymortests/vectorarray.py" line="290" name="test_append_self[1-&lt;lambda&gt;1]" time="0.000461578369140625"><skipped message="Suite splitting in effect" type="pytest.skip">src/pymortests/vectorarray.py:290: &lt;py._xmlgen.raw object at 0x7f1dd4469710&gt;</skipped></testcase><testcase classname="src.pymortests.vectorarray" file="src/pymortests/vectorarray.py" line="290" name="test_append_self[1-&lt;lambda&gt;2]" time="0.0004367828369140625"><skipped message="Suite splitting in effect" type="pytest.skip">src/pymortests/vectorarray.py:290: &lt;py._xmlgen.raw object at 0x7f1dd440fc88&gt;</skipped></testcase><testcase classname="src.pymortests.vectorarray" file="src/pymortests/vectorarray.py" line="290" name="test_append_self[1-&lt;lambda&gt;3]" time="0.00044035911560058594"><skipped message="Suite splitting in effect" type="pytest.skip">src/pymortests/vectorarray.py:290: &lt;py._xmlgen.raw object at 0x7f1dd440f5c0&gt;</skipped></testcase><testcase classname="src.pymortests.vectorarray" file="src/pymortests/vectorarray.py" line="290" name="test_append_self[1-&lt;lambda&gt;4]" time="0.0007717609405517578"><skipped message="Suite splitting in effect" type="pytest.skip">src/pymortests/vectorarray.py:290: &lt;py._xmlgen.raw object at 0x7f1dd441a4a8&gt;</skipped></testcase><testcase classname="src.pymortests.vectorarray" file="src/pymortests/vectorarray.py" line="290" name="test_append_self[1-&lt;lambda&gt;5]" time="0.0004353523254394531"><skipped message="Suite splitting in effect" type="pytest.skip">src/pymortests/vectorarray.py:290: &lt;py._xmlgen.raw object at 0x7f1dd440fef0&gt;</skipped></testcase><testcase classname="src.pymortests.vectorarray" file="src/pymortests/vectorarray.py" line="290" name="test_append_self[1-&lt;lambda&gt;6]" time="0.000431060791015625"><skipped message="Suite splitting in effect" type="pytest.skip">src/pymortests/vectorarray.py:290: &lt;py._xmlgen.raw object at 0x7f1dd4469358&gt;</skipped></testcase><testcase classname="src.pymortests.vectorarray" file="src/pymortests/vectorarray.py" line="290" name="test_append_self[1-&lt;lambda&gt;7]" time="0.00041365623474121094"><skipped message="Suite splitting in effect" type="pytest.skip">src/pymortests/vectorarray.py:290: &lt;py._xmlgen.raw object at 0x7f1dd43fff98&gt;</skipped></testcase><testcase classname="src.pymortests.vectorarray" file="src/pymortests/vectorarray.py" line="290" name="test_append_self[1-&lt;lambda&gt;8]" time="0.00043201446533203125"><skipped message="Suite splitting in effect" type="pytest.skip">src/pymortests/vectorarray.py:290: &lt;py._xmlgen.raw object at 0x7f1dde46fa90&gt;</skipped></testcase><testcase classname="src.pymortests.vectorarray" file="src/pymortests/vectorarray.py" line="290" name="test_append_self[1-&lt;lambda&gt;9]" time="0.0004525184631347656"><skipped message="Suite splitting in effect" type="pytest.skip">src/pymortests/vectorarray.py:290: &lt;py._xmlgen.raw object at 0x7f1dde4b8710&gt;</skipped></testcase><testcase classname="src.pymortests.vectorarray" file="src/pymortests/vectorarray.py" line="290" name="test_append_self[1-&lt;lambda&gt;10]" time="0.000415802001953125"><skipped message="Suite splitting in effect" type="pytest.skip">src/pymortests/vectorarray.py:290: &lt;py._xmlgen.raw object at 0x7f1dd444c4a8&gt;</skipped></testcase><testcase classname="src.pymortests.vectorarray" file="src/pymortests/vectorarray.py" line="290" name="test_append_self[1-&lt;lambda&gt;11]" time="0.0004177093505859375"><skipped message="Suite splitting in effect" type="pytest.skip">src/pymortests/vectorarray.py:290: &lt;py._xmlgen.raw object at 0x7f1dd441a390&gt;</skipped></testcase><testcase classname="src.pymortests.vectorarray" file="src/pymortests/vectorarray.py" line="290" name="test_append_self[1-&lt;lambda&gt;12]" time="0.0007259845733642578"><skipped message="Suite splitting in effect" type="pytest.skip">src/pymortests/vectorarray.py:290: &lt;py._xmlgen.raw object at 0x7f1dd441aac8&gt;</skipped></testcase><testcase classname="src.pymortests.vectorarray" file="src/pymortests/vectorarray.py" line="290" name="test_append_self[1-&lt;lambda&gt;13]" time="0.0004520416259765625"><skipped message="Suite splitting in effect" type="pytest.skip">src/pymortests/vectorarray.py:290: &lt;py._xmlgen.raw object at 0x7f1dde480be0&gt;</skipped></testcase><testcase classname="src.pymortests.vectorarray" file="src/pymortests/vectorarray.py" line="290" name="test_append_self[1-&lt;lambda&gt;14]" time="0.00042700767517089844"><skipped message="Suite splitting in effect" type="pytest.skip">src/pymortests/vectorarray.py:290: &lt;py._xmlgen.raw object at 0x7f1dde46fe80&gt;</skipped></testcase><testcase classname="src.pymortests.vectorarray" file="src/pymortests/vectorarray.py" line="290" name="test_append_self[1-&lt;lambda&gt;15]" time="0.00043654441833496094"><skipped message="Suite splitting in effect" type="pytest.skip">src/pymortests/vectorarray.py:290: &lt;py._xmlgen.raw object at 0x7f1dd43ff518&gt;</skipped></testcase><testcase classname="src.pymortests.vectorarray" file="src/pymortests/vectorarray.py" line="290" name="test_append_self[1-&lt;lambda&gt;16]" time="0.000415802001953125"><skipped message="Suite splitting in effect" type="pytest.skip">src/pymortests/vectorarray.py:290: &lt;py._xmlgen.raw object at 0x7f1dd4469358&gt;</skipped></testcase><testcase classname="src.pymortests.vectorarray" file="src/pymortests/vectorarray.py" line="290" name="test_append_self[1-&lt;lambda&gt;17]" time="0.0004451274871826172"><skipped message="Suite splitting in effect" type="pytest.skip">src/pymortests/vectorarray.py:290: &lt;py._xmlgen.raw object at 0x7f1dd440f828&gt;</skipped></testcase><testcase classname="src.pymortests.vectorarray" file="src/pymortests/vectorarray.py" line="290" name="test_append_self[1-&lt;lambda&gt;18]" time="0.0005238056182861328"><skipped message="Suite splitting in effect" type="pytest.skip">src/pymortests/vectorarray.py:290: &lt;py._xmlgen.raw object at 0x7f1dd441ac50&gt;</skipped></testcase><testcase classname="src.pymortests.vectorarray" file="src/pymortests/vectorarray.py" line="290" name="test_append_self[1-&lt;lambda&gt;19]" time="0.0004286766052246094"><skipped message="Suite splitting in effect" type="pytest.skip">src/pymortests/vectorarray.py:290: &lt;py._xmlgen.raw object at 0x7f1dd441a160&gt;</skipped></testcase><testcase classname="src.pymortests.vectorarray" file="src/pymortests/vectorarray.py" line="290" name="test_append_self[1-&lt;lambda&gt;20]" time="0.0009210109710693359"><skipped message="Suite splitting in effect" type="pytest.skip">src/pymortests/vectorarray.py:290: &lt;py._xmlgen.raw object at 0x7f1dd4422128&gt;</skipped></testcase><testcase classname="src.pymortests.vectorarray" file="src/pymortests/vectorarray.py" line="290" name="test_append_self[1-&lt;lambda&gt;21]" time="0.000415802001953125"><skipped message="Suite splitting in effect" type="pytest.skip">src/pymortests/vectorarray.py:290: &lt;py._xmlgen.raw object at 0x7f1dd441a358&gt;</skipped></testcase><testcase classname="src.pymortests.vectorarray" file="src/pymortests/vectorarray.py" line="290" name="test_append_self[1-&lt;lambda&gt;22]" time="0.0004787445068359375"><skipped message="Suite splitting in effect" type="pytest.skip">src/pymortests/vectorarray.py:290: &lt;py._xmlgen.raw object at 0x7f1dde456080&gt;</skipped></testcase><testcase classname="src.pymortests.vectorarray" file="src/pymortests/vectorarray.py" line="290" name="test_append_self[1-&lt;lambda&gt;23]" time="0.0004107952117919922"><skipped message="Suite splitting in effect" type="pytest.skip">src/pymortests/vectorarray.py:290: &lt;py._xmlgen.raw object at 0x7f1dd440ff98&gt;</skipped></testcase><testcase classname="src.pymortests.vectorarray" file="src/pymortests/vectorarray.py" line="290" name="test_append_self[1-&lt;lambda&gt;24]" time="0.00047516822814941406"><skipped message="Suite splitting in effect" type="pytest.skip">src/pymortests/vectorarray.py:290: &lt;py._xmlgen.raw object at 0x7f1dde4d3f98&gt;</skipped></testcase><testcase classname="src.pymortests.vectorarray" file="src/pymortests/vectorarray.py" line="290" name="test_append_self[1-&lt;lambda&gt;25]" time="0.0004742145538330078"><skipped message="Suite splitting in effect" type="pytest.skip">src/pymortests/vectorarray.py:290: &lt;py._xmlgen.raw object at 0x7f1dde46f9e8&gt;</skipped></testcase><testcase classname="src.pymortests.vectorarray" file="src/pymortests/vectorarray.py" line="290" name="test_append_self[1-&lt;lambda&gt;26]" time="0.000423431396484375"><skipped message="Suite splitting in effect" type="pytest.skip">src/pymortests/vectorarray.py:290: &lt;py._xmlgen.raw object at 0x7f1dde480f28&gt;</skipped></testcase><testcase classname="src.pymortests.vectorarray" file="src/pymortests/vectorarray.py" line="290" name="test_append_self[2-&lt;lambda&gt;0]" time="0.0004189014434814453"><skipped message="Suite splitting in effect" type="pytest.skip">src/pymortests/vectorarray.py:290: &lt;py._xmlgen.raw object at 0x7f1dd4422278&gt;</skipped></testcase><testcase classname="src.pymortests.vectorarray" file="src/pymortests/vectorarray.py" line="290" name="test_append_self[2-&lt;lambda&gt;1]" time="0.0007357597351074219"><skipped message="Suite splitting in effect" type="pytest.skip">src/pymortests/vectorarray.py:290: &lt;py._xmlgen.raw object at 0x7f1dd4422748&gt;</skipped></testcase><testcase classname="src.pymortests.vectorarray" file="src/pymortests/vectorarray.py" line="290" name="test_append_self[2-&lt;lambda&gt;2]" time="0.00042366981506347656"><skipped message="Suite splitting in effect" type="pytest.skip">src/pymortests/vectorarray.py:290: &lt;py._xmlgen.raw object at 0x7f1dde4b8710&gt;</skipped></testcase><testcase classname="src.pymortests.vectorarray" file="src/pymortests/vectorarray.py" line="290" name="test_append_self[2-&lt;lambda&gt;3]" time="0.0004317760467529297"><skipped message="Suite splitting in effect" type="pytest.skip">src/pymortests/vectorarray.py:290: &lt;py._xmlgen.raw object at 0x7f1dd43ff208&gt;</skipped></testcase><testcase classname="src.pymortests.vectorarray" file="src/pymortests/vectorarray.py" line="290" name="test_append_self[2-&lt;lambda&gt;4]" time="0.0004458427429199219"><skipped message="Suite splitting in effect" type="pytest.skip">src/pymortests/vectorarray.py:290: &lt;py._xmlgen.raw object at 0x7f1dd4469710&gt;</skipped></testcase><testcase classname="src.pymortests.vectorarray" file="src/pymortests/vectorarray.py" line="290" name="test_append_self[2-&lt;lambda&gt;5]" time="0.0004451274871826172"><skipped message="Suite splitting in effect" type="pytest.skip">src/pymortests/vectorarray.py:290: &lt;py._xmlgen.raw object at 0x7f1dde4909e8&gt;</skipped></testcase><testcase classname="src.pymortests.vectorarray" file="src/pymortests/vectorarray.py" line="290" name="test_append_self[2-&lt;lambda&gt;6]" time="0.0004875659942626953"><skipped message="Suite splitting in effect" type="pytest.skip">src/pymortests/vectorarray.py:290: &lt;py._xmlgen.raw object at 0x7f1dd441a7f0&gt;</skipped></testcase><testcase classname="src.pymortests.vectorarray" file="src/pymortests/vectorarray.py" line="290" name="test_append_self[2-&lt;lambda&gt;7]" time="0.0004405975341796875"><skipped message="Suite splitting in effect" type="pytest.skip">src/pymortests/vectorarray.py:290: &lt;py._xmlgen.raw object at 0x7f1dd441a9b0&gt;</skipped></testcase><testcase classname="src.pymortests.vectorarray" file="src/pymortests/vectorarray.py" line="290" name="test_append_self[2-&lt;lambda&gt;8]" time="0.00043487548828125"><skipped message="Suite splitting in effect" type="pytest.skip">src/pymortests/vectorarray.py:290: &lt;py._xmlgen.raw object at 0x7f1dd44223c8&gt;</skipped></testcase><testcase classname="src.pymortests.vectorarray" file="src/pymortests/vectorarray.py" line="290" name="test_append_self[2-&lt;lambda&gt;9]" time="0.0007565021514892578"><skipped message="Suite splitting in effect" type="pytest.skip">src/pymortests/vectorarray.py:290: &lt;py._xmlgen.raw object at 0x7f1dd4422d68&gt;</skipped></testcase><testcase classname="src.pymortests.vectorarray" file="src/pymortests/vectorarray.py" line="290" name="test_append_self[2-&lt;lambda&gt;10]" time="0.0004203319549560547"><skipped message="Suite splitting in effect" type="pytest.skip">src/pymortests/vectorarray.py:290: &lt;py._xmlgen.raw object at 0x7f1dd441a550&gt;</skipped></testcase><testcase classname="src.pymortests.vectorarray" file="src/pymortests/vectorarray.py" line="290" name="test_append_self[2-&lt;lambda&gt;11]" time="0.00044536590576171875"><skipped message="Suite splitting in effect" type="pytest.skip">src/pymortests/vectorarray.py:290: &lt;py._xmlgen.raw object at 0x7f1dd440ff98&gt;</skipped></testcase><testcase classname="src.pymortests.vectorarray" file="src/pymortests/vectorarray.py" line="290" name="test_append_self[2-&lt;lambda&gt;12]" time="0.00042629241943359375"><skipped message="Suite splitting in effect" type="pytest.skip">src/pymortests/vectorarray.py:290: &lt;py._xmlgen.raw object at 0x7f1dd4474128&gt;</skipped></testcase><testcase classname="src.pymortests.vectorarray" file="src/pymortests/vectorarray.py" line="290" name="test_append_self[2-&lt;lambda&gt;13]" time="0.00040912628173828125"><skipped message="Suite splitting in effect" type="pytest.skip">src/pymortests/vectorarray.py:290: &lt;py._xmlgen.raw object at 0x7f1dd43ffd68&gt;</skipped></testcase><testcase classname="src.pymortests.vectorarray" file="src/pymortests/vectorarray.py" line="290" name="test_append_self[2-&lt;lambda&gt;14]" time="0.00042366981506347656"><skipped message="Suite splitting in effect" type="pytest.skip">src/pymortests/vectorarray.py:290: &lt;py._xmlgen.raw object at 0x7f1dde4800b8&gt;</skipped></testcase><testcase classname="src.pymortests.vectorarray" file="src/pymortests/vectorarray.py" line="290" name="test_append_self[2-&lt;lambda&gt;15]" time="0.0004317760467529297"><skipped message="Suite splitting in effect" type="pytest.skip">src/pymortests/vectorarray.py:290: &lt;py._xmlgen.raw object at 0x7f1dd4422198&gt;</skipped></testcase><testcase classname="src.pymortests.vectorarray" file="src/pymortests/vectorarray.py" line="290" name="test_append_self[2-&lt;lambda&gt;16]" time="0.0004723072052001953"><skipped message="Suite splitting in effect" type="pytest.skip">src/pymortests/vectorarray.py:290: &lt;py._xmlgen.raw object at 0x7f1dd44225c0&gt;</skipped></testcase><testcase classname="src.pymortests.vectorarray" file="src/pymortests/vectorarray.py" line="290" name="test_append_self[2-&lt;lambda&gt;17]" time="0.0007433891296386719"><skipped message="Suite splitting in effect" type="pytest.skip">src/pymortests/vectorarray.py:290: &lt;py._xmlgen.raw object at 0x7f1dd44303c8&gt;</skipped></testcase><testcase classname="src.pymortests.vectorarray" file="src/pymortests/vectorarray.py" line="290" name="test_append_self[2-&lt;lambda&gt;18]" time="0.00044655799865722656"><skipped message="Suite splitting in effect" type="pytest.skip">src/pymortests/vectorarray.py:290: &lt;py._xmlgen.raw object at 0x7f1dd4422400&gt;</skipped></testcase><testcase classname="src.pymortests.vectorarray" file="src/pymortests/vectorarray.py" line="290" name="test_append_self[2-&lt;lambda&gt;19]" time="0.00048613548278808594"><skipped message="Suite splitting in effect" type="pytest.skip">src/pymortests/vectorarray.py:290: &lt;py._xmlgen.raw object at 0x7f1dde4c8860&gt;</skipped></testcase><testcase classname="src.pymortests.vectorarray" file="src/pymortests/vectorarray.py" line="290" name="test_append_self[2-&lt;lambda&gt;20]" time="0.00042557716369628906"><skipped message="Suite splitting in effect" type="pytest.skip">src/pymortests/vectorarray.py:290: &lt;py._xmlgen.raw object at 0x7f1dd4469e80&gt;</skipped></testcase><testcase classname="src.pymortests.vectorarray" file="src/pymortests/vectorarray.py" line="290" name="test_append_self[2-&lt;lambda&gt;21]" time="0.0004818439483642578"><skipped message="Suite splitting in effect" type="pytest.skip">src/pymortests/vectorarray.py:290: &lt;py._xmlgen.raw object at 0x7f1dd440f9b0&gt;</skipped></testcase><testcase classname="src.pymortests.vectorarray" file="src/pymortests/vectorarray.py" line="290" name="test_append_self[2-&lt;lambda&gt;22]" time="0.0004591941833496094"><skipped message="Suite splitting in effect" type="pytest.skip">src/pymortests/vectorarray.py:290: &lt;py._xmlgen.raw object at 0x7f1dde4906a0&gt;</skipped></testcase><testcase classname="src.pymortests.vectorarray" file="src/pymortests/vectorarray.py" line="290" name="test_append_self[2-&lt;lambda&gt;23]" time="0.00043845176696777344"><skipped message="Suite splitting in effect" type="pytest.skip">src/pymortests/vectorarray.py:290: &lt;py._xmlgen.raw object at 0x7f1dd441a358&gt;</skipped></testcase><testcase classname="src.pymortests.vectorarray" file="src/pymortests/vectorarray.py" line="290" name="test_append_self[2-&lt;lambda&gt;24]" time="0.0004181861877441406"><skipped message="Suite splitting in effect" type="pytest.skip">src/pymortests/vectorarray.py:290: &lt;py._xmlgen.raw object at 0x7f1dd4430240&gt;</skipped></testcase><testcase classname="src.pymortests.vectorarray" file="src/pymortests/vectorarray.py" line="290" name="test_append_self[2-&lt;lambda&gt;25]" time="0.00075531005859375"><skipped message="Suite splitting in effect" type="pytest.skip">src/pymortests/vectorarray.py:290: &lt;py._xmlgen.raw object at 0x7f1dd44309e8&gt;</skipped></testcase><testcase classname="src.pymortests.vectorarray" file="src/pymortests/vectorarray.py" line="290" name="test_append_self[2-&lt;lambda&gt;26]" time="0.0004112720489501953"><skipped message="Suite splitting in effect" type="pytest.skip">src/pymortests/vectorarray.py:290: &lt;py._xmlgen.raw object at 0x7f1dde4907f0&gt;</skipped></testcase><testcase classname="src.pymortests.vectorarray" file="src/pymortests/vectorarray.py" line="306" name="test_del[0-&lt;lambda&gt;0]" time="0.0004165172576904297"><skipped message="Suite splitting in effect" type="pytest.skip">src/pymortests/vectorarray.py:306: &lt;py._xmlgen.raw object at 0x7f1dd43ffd30&gt;</skipped></testcase><testcase classname="src.pymortests.vectorarray" file="src/pymortests/vectorarray.py" line="306" name="test_del[0-&lt;lambda&gt;1]" time="0.0004363059997558594"><skipped message="Suite splitting in effect" type="pytest.skip">src/pymortests/vectorarray.py:306: &lt;py._xmlgen.raw object at 0x7f1dde480940&gt;</skipped></testcase><testcase classname="src.pymortests.vectorarray" file="src/pymortests/vectorarray.py" line="306" name="test_del[0-&lt;lambda&gt;2]" time="0.0004458427429199219"><skipped message="Suite splitting in effect" type="pytest.skip">src/pymortests/vectorarray.py:306: &lt;py._xmlgen.raw object at 0x7f1dde4214a8&gt;</skipped></testcase><testcase classname="src.pymortests.vectorarray" file="src/pymortests/vectorarray.py" line="306" name="test_del[0-&lt;lambda&gt;3]" time="0.00043082237243652344"><skipped message="Suite splitting in effect" type="pytest.skip">src/pymortests/vectorarray.py:306: &lt;py._xmlgen.raw object at 0x7f1dd44224a8&gt;</skipped></testcase><testcase classname="src.pymortests.vectorarray" file="src/pymortests/vectorarray.py" line="306" name="test_del[0-&lt;lambda&gt;4]" time="0.00043010711669921875"><skipped message="Suite splitting in effect" type="pytest.skip">src/pymortests/vectorarray.py:306: &lt;py._xmlgen.raw object at 0x7f1dd4430b38&gt;</skipped></testcase><testcase classname="src.pymortests.vectorarray" file="src/pymortests/vectorarray.py" line="306" name="test_del[0-&lt;lambda&gt;5]" time="0.0004630088806152344"><skipped message="Suite splitting in effect" type="pytest.skip">src/pymortests/vectorarray.py:306: &lt;py._xmlgen.raw object at 0x7f1dd44300b8&gt;</skipped></testcase><testcase classname="src.pymortests.vectorarray" file="src/pymortests/vectorarray.py" line="306" name="test_del[0-&lt;lambda&gt;6]" time="0.0010614395141601562"><skipped message="Suite splitting in effect" type="pytest.skip">src/pymortests/vectorarray.py:306: &lt;py._xmlgen.raw object at 0x7f1dd4438048&gt;</skipped></testcase><testcase classname="src.pymortests.vectorarray" file="src/pymortests/vectorarray.py" line="306" name="test_del[0-&lt;lambda&gt;7]" time="0.00045108795166015625"><skipped message="Suite splitting in effect" type="pytest.skip">src/pymortests/vectorarray.py:306: &lt;py._xmlgen.raw object at 0x7f1dde480748&gt;</skipped></testcase><testcase classname="src.pymortests.vectorarray" file="src/pymortests/vectorarray.py" line="306" name="test_del[0-&lt;lambda&gt;8]" time="0.0004436969757080078"><skipped message="Suite splitting in effect" type="pytest.skip">src/pymortests/vectorarray.py:306: &lt;py._xmlgen.raw object at 0x7f1dd43ffa58&gt;</skipped></testcase><testcase classname="src.pymortests.vectorarray" file="src/pymortests/vectorarray.py" line="306" name="test_del[0-&lt;lambda&gt;9]" time="0.0004134178161621094"><skipped message="Suite splitting in effect" type="pytest.skip">src/pymortests/vectorarray.py:306: &lt;py._xmlgen.raw object at 0x7f1dd4430cc0&gt;</skipped></testcase><testcase classname="src.pymortests.vectorarray" file="src/pymortests/vectorarray.py" line="306" name="test_del[0-&lt;lambda&gt;10]" time="0.0004680156707763672"><skipped message="Suite splitting in effect" type="pytest.skip">src/pymortests/vectorarray.py:306: &lt;py._xmlgen.raw object at 0x7f1dd4430240&gt;</skipped></testcase><testcase classname="src.pymortests.vectorarray" file="src/pymortests/vectorarray.py" line="306" name="test_del[0-&lt;lambda&gt;11]" time="0.00043272972106933594"><skipped message="Suite splitting in effect" type="pytest.skip">src/pymortests/vectorarray.py:306: &lt;py._xmlgen.raw object at 0x7f1dd4422c88&gt;</skipped></testcase><testcase classname="src.pymortests.vectorarray" file="src/pymortests/vectorarray.py" line="306" name="test_del[0-&lt;lambda&gt;12]" time="0.0004184246063232422"><skipped message="Suite splitting in effect" type="pytest.skip">src/pymortests/vectorarray.py:306: &lt;py._xmlgen.raw object at 0x7f1dd4422710&gt;</skipped></testcase><testcase classname="src.pymortests.vectorarray" file="src/pymortests/vectorarray.py" line="306" name="test_del[0-&lt;lambda&gt;13]" time="0.0004150867462158203"><skipped message="Suite splitting in effect" type="pytest.skip">src/pymortests/vectorarray.py:306: &lt;py._xmlgen.raw object at 0x7f1dd441a2b0&gt;</skipped></testcase><testcase classname="src.pymortests.vectorarray" file="src/pymortests/vectorarray.py" line="306" name="test_del[0-&lt;lambda&gt;14]" time="0.000461578369140625"><skipped message="Suite splitting in effect" type="pytest.skip">src/pymortests/vectorarray.py:306: &lt;py._xmlgen.raw object at 0x7f1dd440f128&gt;</skipped></testcase><testcase classname="src.pymortests.vectorarray" file="src/pymortests/vectorarray.py" line="306" name="test_del[0-&lt;lambda&gt;15]" time="0.0007534027099609375"><skipped message="Suite splitting in effect" type="pytest.skip">src/pymortests/vectorarray.py:306: &lt;py._xmlgen.raw object at 0x7f1dd441af98&gt;</skipped></testcase><testcase classname="src.pymortests.vectorarray" file="src/pymortests/vectorarray.py" line="306" name="test_del[0-&lt;lambda&gt;16]" time="0.00042057037353515625"><skipped message="Suite splitting in effect" type="pytest.skip">src/pymortests/vectorarray.py:306: &lt;py._xmlgen.raw object at 0x7f1dd4422160&gt;</skipped></testcase><testcase classname="src.pymortests.vectorarray" file="src/pymortests/vectorarray.py" line="306" name="test_del[0-&lt;lambda&gt;17]" time="0.00041794776916503906"><skipped message="Suite splitting in effect" type="pytest.skip">src/pymortests/vectorarray.py:306: &lt;py._xmlgen.raw object at 0x7f1dd4430a58&gt;</skipped></testcase><testcase classname="src.pymortests.vectorarray" file="src/pymortests/vectorarray.py" line="306" name="test_del[0-&lt;lambda&gt;18]" time="0.0004544258117675781"><skipped message="Suite splitting in effect" type="pytest.skip">src/pymortests/vectorarray.py:306: &lt;py._xmlgen.raw object at 0x7f1dd4430550&gt;</skipped></testcase><testcase classname="src.pymortests.vectorarray" file="src/pymortests/vectorarray.py" line="306" name="test_del[0-&lt;lambda&gt;19]" time="0.0004105567932128906"><skipped message="Suite splitting in effect" type="pytest.skip">src/pymortests/vectorarray.py:306: &lt;py._xmlgen.raw object at 0x7f1dde490400&gt;</skipped></testcase><testcase classname="src.pymortests.vectorarray" file="src/pymortests/vectorarray.py" line="306" name="test_del[0-&lt;lambda&gt;20]" time="0.0004124641418457031"><skipped message="Suite splitting in effect" type="pytest.skip">src/pymortests/vectorarray.py:306: &lt;py._xmlgen.raw object at 0x7f1dde4a69b0&gt;</skipped></testcase><testcase classname="src.pymortests.vectorarray" file="src/pymortests/vectorarray.py" line="306" name="test_del[0-&lt;lambda&gt;21]" time="0.00042128562927246094"><skipped message="Suite splitting in effect" type="pytest.skip">src/pymortests/vectorarray.py:306: &lt;py._xmlgen.raw object at 0x7f1dde4463c8&gt;</skipped></testcase><testcase classname="src.pymortests.vectorarray" file="src/pymortests/vectorarray.py" line="306" name="test_del[0-&lt;lambda&gt;22]" time="0.00042366981506347656"><skipped message="Suite splitting in effect" type="pytest.skip">src/pymortests/vectorarray.py:306: &lt;py._xmlgen.raw object at 0x7f1dde496860&gt;</skipped></testcase><testcase classname="src.pymortests.vectorarray" file="src/pymortests/vectorarray.py" line="306" name="test_del[0-&lt;lambda&gt;23]" time="0.0007600784301757812"><skipped message="Suite splitting in effect" type="pytest.skip">src/pymortests/vectorarray.py:306: &lt;py._xmlgen.raw object at 0x7f1dde4b81d0&gt;</skipped></testcase><testcase classname="src.pymortests.vectorarray" file="src/pymortests/vectorarray.py" line="306" name="test_del[0-&lt;lambda&gt;24]" time="0.00042438507080078125"><skipped message="Suite splitting in effect" type="pytest.skip">src/pymortests/vectorarray.py:306: &lt;py._xmlgen.raw object at 0x7f1dde446a58&gt;</skipped></testcase><testcase classname="src.pymortests.vectorarray" file="src/pymortests/vectorarray.py" line="306" name="test_del[0-&lt;lambda&gt;25]" time="0.00045609474182128906"><skipped message="Suite splitting in effect" type="pytest.skip">src/pymortests/vectorarray.py:306: &lt;py._xmlgen.raw object at 0x7f1dd4469710&gt;</skipped></testcase><testcase classname="src.pymortests.vectorarray" file="src/pymortests/vectorarray.py" line="306" name="test_del[0-&lt;lambda&gt;26]" time="0.00042724609375"><skipped message="Suite splitting in effect" type="pytest.skip">src/pymortests/vectorarray.py:306: &lt;py._xmlgen.raw object at 0x7f1dd44302e8&gt;</skipped></testcase><testcase classname="src.pymortests.vectorarray" file="src/pymortests/vectorarray.py" line="306" name="test_del[1-&lt;lambda&gt;0]" time="0.0004405975341796875"><skipped message="Suite splitting in effect" type="pytest.skip">src/pymortests/vectorarray.py:306: &lt;py._xmlgen.raw object at 0x7f1dd4430278&gt;</skipped></testcase><testcase classname="src.pymortests.vectorarray" file="src/pymortests/vectorarray.py" line="306" name="test_del[1-&lt;lambda&gt;1]" time="0.00043773651123046875"><skipped message="Suite splitting in effect" type="pytest.skip">src/pymortests/vectorarray.py:306: &lt;py._xmlgen.raw object at 0x7f1dd4422128&gt;</skipped></testcase><testcase classname="src.pymortests.vectorarray" file="src/pymortests/vectorarray.py" line="306" name="test_del[1-&lt;lambda&gt;2]" time="0.00043892860412597656"><skipped message="Suite splitting in effect" type="pytest.skip">src/pymortests/vectorarray.py:306: &lt;py._xmlgen.raw object at 0x7f1dd441aa90&gt;</skipped></testcase><testcase classname="src.pymortests.vectorarray" file="src/pymortests/vectorarray.py" line="306" name="test_del[1-&lt;lambda&gt;3]" time="0.00048279762268066406"><skipped message="Suite splitting in effect" type="pytest.skip">src/pymortests/vectorarray.py:306: &lt;py._xmlgen.raw object at 0x7f1dd4438550&gt;</skipped></testcase><testcase classname="src.pymortests.vectorarray" file="src/pymortests/vectorarray.py" line="306" name="test_del[1-&lt;lambda&gt;4]" time="0.0007460117340087891"><skipped message="Suite splitting in effect" type="pytest.skip">src/pymortests/vectorarray.py:306: &lt;py._xmlgen.raw object at 0x7f1dd4438a90&gt;</skipped></testcase><testcase classname="src.pymortests.vectorarray" file="src/pymortests/vectorarray.py" line="306" name="test_del[1-&lt;lambda&gt;5]" time="0.0004093647003173828"><skipped message="Suite splitting in effect" type="pytest.skip">src/pymortests/vectorarray.py:306: &lt;py._xmlgen.raw object at 0x7f1dd4422e80&gt;</skipped></testcase><testcase classname="src.pymortests.vectorarray" file="src/pymortests/vectorarray.py" line="306" name="test_del[1-&lt;lambda&gt;6]" time="0.0004467964172363281"><skipped message="Suite splitting in effect" type="pytest.skip">src/pymortests/vectorarray.py:306: &lt;py._xmlgen.raw object at 0x7f1dde490dd8&gt;</skipped></testcase><testcase classname="src.pymortests.vectorarray" file="src/pymortests/vectorarray.py" line="306" name="test_del[1-&lt;lambda&gt;7]" time="0.0004260540008544922"><skipped message="Suite splitting in effect" type="pytest.skip">src/pymortests/vectorarray.py:306: &lt;py._xmlgen.raw object at 0x7f1dd4430390&gt;</skipped></testcase><testcase classname="src.pymortests.vectorarray" file="src/pymortests/vectorarray.py" line="306" name="test_del[1-&lt;lambda&gt;8]" time="0.00044536590576171875"><skipped message="Suite splitting in effect" type="pytest.skip">src/pymortests/vectorarray.py:306: &lt;py._xmlgen.raw object at 0x7f1dde421208&gt;</skipped></testcase><testcase classname="src.pymortests.vectorarray" file="src/pymortests/vectorarray.py" line="306" name="test_del[1-&lt;lambda&gt;9]" time="0.0004475116729736328"><skipped message="Suite splitting in effect" type="pytest.skip">src/pymortests/vectorarray.py:306: &lt;py._xmlgen.raw object at 0x7f1dde446ba8&gt;</skipped></testcase><testcase classname="src.pymortests.vectorarray" file="src/pymortests/vectorarray.py" line="306" name="test_del[1-&lt;lambda&gt;10]" time="0.0004436969757080078"><skipped message="Suite splitting in effect" type="pytest.skip">src/pymortests/vectorarray.py:306: &lt;py._xmlgen.raw object at 0x7f1dd44387f0&gt;</skipped></testcase><testcase classname="src.pymortests.vectorarray" file="src/pymortests/vectorarray.py" line="306" name="test_del[1-&lt;lambda&gt;11]" time="0.00044155120849609375"><skipped message="Suite splitting in effect" type="pytest.skip">src/pymortests/vectorarray.py:306: &lt;py._xmlgen.raw object at 0x7f1dd44380f0&gt;</skipped></testcase><testcase classname="src.pymortests.vectorarray" file="src/pymortests/vectorarray.py" line="306" name="test_del[1-&lt;lambda&gt;12]" time="0.0007436275482177734"><skipped message="Suite splitting in effect" type="pytest.skip">src/pymortests/vectorarray.py:306: &lt;py._xmlgen.raw object at 0x7f1dd4438fd0&gt;</skipped></testcase><testcase classname="src.pymortests.vectorarray" file="src/pymortests/vectorarray.py" line="306" name="test_del[1-&lt;lambda&gt;13]" time="0.00042057037353515625"><skipped message="Suite splitting in effect" type="pytest.skip">src/pymortests/vectorarray.py:306: &lt;py._xmlgen.raw object at 0x7f1dd4438b38&gt;</skipped></testcase><testcase classname="src.pymortests.vectorarray" file="src/pymortests/vectorarray.py" line="306" name="test_del[1-&lt;lambda&gt;14]" time="0.00044083595275878906"><skipped message="Suite splitting in effect" type="pytest.skip">src/pymortests/vectorarray.py:306: &lt;py._xmlgen.raw object at 0x7f1dd4438278&gt;</skipped></testcase><testcase classname="src.pymortests.vectorarray" file="src/pymortests/vectorarray.py" line="306" name="test_del[1-&lt;lambda&gt;15]" time="0.00041866302490234375"><skipped message="Suite splitting in effect" type="pytest.skip">src/pymortests/vectorarray.py:306: &lt;py._xmlgen.raw object at 0x7f1dde46ffd0&gt;</skipped></testcase><testcase classname="src.pymortests.vectorarray" file="src/pymortests/vectorarray.py" line="306" name="test_del[1-&lt;lambda&gt;16]" time="0.0004634857177734375"><skipped message="Suite splitting in effect" type="pytest.skip">src/pymortests/vectorarray.py:306: &lt;py._xmlgen.raw object at 0x7f1dd4430cf8&gt;</skipped></testcase><testcase classname="src.pymortests.vectorarray" file="src/pymortests/vectorarray.py" line="306" name="test_del[1-&lt;lambda&gt;17]" time="0.00044274330139160156"><skipped message="Suite splitting in effect" type="pytest.skip">src/pymortests/vectorarray.py:306: &lt;py._xmlgen.raw object at 0x7f1dd4422f60&gt;</skipped></testcase><testcase classname="src.pymortests.vectorarray" file="src/pymortests/vectorarray.py" line="306" name="test_del[1-&lt;lambda&gt;18]" time="0.0004391670227050781"><skipped message="Suite splitting in effect" type="pytest.skip">src/pymortests/vectorarray.py:306: &lt;py._xmlgen.raw object at 0x7f1dde3d5470&gt;</skipped></testcase><testcase classname="src.pymortests.vectorarray" file="src/pymortests/vectorarray.py" line="306" name="test_del[1-&lt;lambda&gt;19]" time="0.0004363059997558594"><skipped message="Suite splitting in effect" type="pytest.skip">src/pymortests/vectorarray.py:306: &lt;py._xmlgen.raw object at 0x7f1dd43c5128&gt;</skipped></testcase><testcase classname="src.pymortests.vectorarray" file="src/pymortests/vectorarray.py" line="306" name="test_del[1-&lt;lambda&gt;20]" time="0.0007412433624267578"><skipped message="Suite splitting in effect" type="pytest.skip">src/pymortests/vectorarray.py:306: &lt;py._xmlgen.raw object at 0x7f1dd43c5630&gt;</skipped></testcase><testcase classname="src.pymortests.vectorarray" file="src/pymortests/vectorarray.py" line="306" name="test_del[1-&lt;lambda&gt;21]" time="0.0004372596740722656"><skipped message="Suite splitting in effect" type="pytest.skip">src/pymortests/vectorarray.py:306: &lt;py._xmlgen.raw object at 0x7f1dde3d57b8&gt;</skipped></testcase><testcase classname="src.pymortests.vectorarray" file="src/pymortests/vectorarray.py" line="306" name="test_del[1-&lt;lambda&gt;22]" time="0.0004379749298095703"><skipped message="Suite splitting in effect" type="pytest.skip">src/pymortests/vectorarray.py:306: &lt;py._xmlgen.raw object at 0x7f1dde490be0&gt;</skipped></testcase><testcase classname="src.pymortests.vectorarray" file="src/pymortests/vectorarray.py" line="306" name="test_del[1-&lt;lambda&gt;23]" time="0.0004172325134277344"><skipped message="Suite splitting in effect" type="pytest.skip">src/pymortests/vectorarray.py:306: &lt;py._xmlgen.raw object at 0x7f1dd44309b0&gt;</skipped></testcase><testcase classname="src.pymortests.vectorarray" file="src/pymortests/vectorarray.py" line="306" name="test_del[1-&lt;lambda&gt;24]" time="0.00043320655822753906"><skipped message="Suite splitting in effect" type="pytest.skip">src/pymortests/vectorarray.py:306: &lt;py._xmlgen.raw object at 0x7f1dde446ba8&gt;</skipped></testcase><testcase classname="src.pymortests.vectorarray" file="src/pymortests/vectorarray.py" line="306" name="test_del[1-&lt;lambda&gt;25]" time="0.0004286766052246094"><skipped message="Suite splitting in effect" type="pytest.skip">src/pymortests/vectorarray.py:306: &lt;py._xmlgen.raw object at 0x7f1dd4438390&gt;</skipped></testcase><testcase classname="src.pymortests.vectorarray" file="src/pymortests/vectorarray.py" line="306" name="test_del[1-&lt;lambda&gt;26]" time="0.00043845176696777344"><skipped message="Suite splitting in effect" type="pytest.skip">src/pymortests/vectorarray.py:306: &lt;py._xmlgen.raw object at 0x7f1dde6a1710&gt;</skipped></testcase><testcase classname="src.pymortests.vectorarray" file="src/pymortests/vectorarray.py" line="306" name="test_del[2-&lt;lambda&gt;0]" time="0.00043702125549316406"><skipped message="Suite splitting in effect" type="pytest.skip">src/pymortests/vectorarray.py:306: &lt;py._xmlgen.raw object at 0x7f1dd43c50f0&gt;</skipped></testcase><testcase classname="src.pymortests.vectorarray" file="src/pymortests/vectorarray.py" line="306" name="test_del[2-&lt;lambda&gt;1]" time="0.0007748603820800781"><skipped message="Suite splitting in effect" type="pytest.skip">src/pymortests/vectorarray.py:306: &lt;py._xmlgen.raw object at 0x7f1dd43c5c50&gt;</skipped></testcase><testcase classname="src.pymortests.vectorarray" file="src/pymortests/vectorarray.py" line="306" name="test_del[2-&lt;lambda&gt;2]" time="0.00040650367736816406"><skipped message="Suite splitting in effect" type="pytest.skip">src/pymortests/vectorarray.py:306: &lt;py._xmlgen.raw object at 0x7f1dd4438358&gt;</skipped></testcase><testcase classname="src.pymortests.vectorarray" file="src/pymortests/vectorarray.py" line="306" name="test_del[2-&lt;lambda&gt;3]" time="0.0004382133483886719"><skipped message="Suite splitting in effect" type="pytest.skip">src/pymortests/vectorarray.py:306: &lt;py._xmlgen.raw object at 0x7f1dde46ffd0&gt;</skipped></testcase><testcase classname="src.pymortests.vectorarray" file="src/pymortests/vectorarray.py" line="306" name="test_del[2-&lt;lambda&gt;4]" time="0.0004124641418457031"><skipped message="Suite splitting in effect" type="pytest.skip">src/pymortests/vectorarray.py:306: &lt;py._xmlgen.raw object at 0x7f1dd4430b38&gt;</skipped></testcase><testcase classname="src.pymortests.vectorarray" file="src/pymortests/vectorarray.py" line="306" name="test_del[2-&lt;lambda&gt;5]" time="0.000415802001953125"><skipped message="Suite splitting in effect" type="pytest.skip">src/pymortests/vectorarray.py:306: &lt;py._xmlgen.raw object at 0x7f1dd44225c0&gt;</skipped></testcase><testcase classname="src.pymortests.vectorarray" file="src/pymortests/vectorarray.py" line="306" name="test_del[2-&lt;lambda&gt;6]" time="0.0004506111145019531"><skipped message="Suite splitting in effect" type="pytest.skip">src/pymortests/vectorarray.py:306: &lt;py._xmlgen.raw object at 0x7f1dde3d5e48&gt;</skipped></testcase><testcase classname="src.pymortests.vectorarray" file="src/pymortests/vectorarray.py" line="306" name="test_del[2-&lt;lambda&gt;7]" time="0.0004150867462158203"><skipped message="Suite splitting in effect" type="pytest.skip">src/pymortests/vectorarray.py:306: &lt;py._xmlgen.raw object at 0x7f1dd43c5128&gt;</skipped></testcase><testcase classname="src.pymortests.vectorarray" file="src/pymortests/vectorarray.py" line="306" name="test_del[2-&lt;lambda&gt;8]" time="0.00043129920959472656"><skipped message="Suite splitting in effect" type="pytest.skip">src/pymortests/vectorarray.py:306: &lt;py._xmlgen.raw object at 0x7f1dd43c54e0&gt;</skipped></testcase><testcase classname="src.pymortests.vectorarray" file="src/pymortests/vectorarray.py" line="306" name="test_del[2-&lt;lambda&gt;9]" time="0.0008096694946289062"><skipped message="Suite splitting in effect" type="pytest.skip">src/pymortests/vectorarray.py:306: &lt;py._xmlgen.raw object at 0x7f1dd43d32b0&gt;</skipped></testcase><testcase classname="src.pymortests.vectorarray" file="src/pymortests/vectorarray.py" line="306" name="test_del[2-&lt;lambda&gt;10]" time="0.0004584789276123047"><skipped message="Suite splitting in effect" type="pytest.skip">src/pymortests/vectorarray.py:306: &lt;py._xmlgen.raw object at 0x7f1dd43c5400&gt;</skipped></testcase><testcase classname="src.pymortests.vectorarray" file="src/pymortests/vectorarray.py" line="306" name="test_del[2-&lt;lambda&gt;11]" time="0.00041937828063964844"><skipped message="Suite splitting in effect" type="pytest.skip">src/pymortests/vectorarray.py:306: &lt;py._xmlgen.raw object at 0x7f1dde3d5f98&gt;</skipped></testcase><testcase classname="src.pymortests.vectorarray" file="src/pymortests/vectorarray.py" line="306" name="test_del[2-&lt;lambda&gt;12]" time="0.0004115104675292969"><skipped message="Suite splitting in effect" type="pytest.skip">src/pymortests/vectorarray.py:306: &lt;py._xmlgen.raw object at 0x7f1dd4422400&gt;</skipped></testcase><testcase classname="src.pymortests.vectorarray" file="src/pymortests/vectorarray.py" line="306" name="test_del[2-&lt;lambda&gt;13]" time="0.00040650367736816406"><skipped message="Suite splitting in effect" type="pytest.skip">src/pymortests/vectorarray.py:306: &lt;py._xmlgen.raw object at 0x7f1dd44309b0&gt;</skipped></testcase><testcase classname="src.pymortests.vectorarray" file="src/pymortests/vectorarray.py" line="306" name="test_del[2-&lt;lambda&gt;14]" time="0.00048279762268066406"><skipped message="Suite splitting in effect" type="pytest.skip">src/pymortests/vectorarray.py:306: &lt;py._xmlgen.raw object at 0x7f1dde3e5860&gt;</skipped></testcase><testcase classname="src.pymortests.vectorarray" file="src/pymortests/vectorarray.py" line="306" name="test_del[2-&lt;lambda&gt;15]" time="0.0004291534423828125"><skipped message="Suite splitting in effect" type="pytest.skip">src/pymortests/vectorarray.py:306: &lt;py._xmlgen.raw object at 0x7f1dd44383c8&gt;</skipped></testcase><testcase classname="src.pymortests.vectorarray" file="src/pymortests/vectorarray.py" line="306" name="test_del[2-&lt;lambda&gt;16]" time="0.0004582405090332031"><skipped message="Suite splitting in effect" type="pytest.skip">src/pymortests/vectorarray.py:306: &lt;py._xmlgen.raw object at 0x7f1dd43d3128&gt;</skipped></testcase><testcase classname="src.pymortests.vectorarray" file="src/pymortests/vectorarray.py" line="306" name="test_del[2-&lt;lambda&gt;17]" time="0.0007193088531494141"><skipped message="Suite splitting in effect" type="pytest.skip">src/pymortests/vectorarray.py:306: &lt;py._xmlgen.raw object at 0x7f1dd43d38d0&gt;</skipped></testcase><testcase classname="src.pymortests.vectorarray" file="src/pymortests/vectorarray.py" line="306" name="test_del[2-&lt;lambda&gt;18]" time="0.00040984153747558594"><skipped message="Suite splitting in effect" type="pytest.skip">src/pymortests/vectorarray.py:306: &lt;py._xmlgen.raw object at 0x7f1dde4c8860&gt;</skipped></testcase><testcase classname="src.pymortests.vectorarray" file="src/pymortests/vectorarray.py" line="306" name="test_del[2-&lt;lambda&gt;19]" time="0.00042510032653808594"><skipped message="Suite splitting in effect" type="pytest.skip">src/pymortests/vectorarray.py:306: &lt;py._xmlgen.raw object at 0x7f1dde446c50&gt;</skipped></testcase><testcase classname="src.pymortests.vectorarray" file="src/pymortests/vectorarray.py" line="306" name="test_del[2-&lt;lambda&gt;20]" time="0.0004181861877441406"><skipped message="Suite splitting in effect" type="pytest.skip">src/pymortests/vectorarray.py:306: &lt;py._xmlgen.raw object at 0x7f1dd4430240&gt;</skipped></testcase><testcase classname="src.pymortests.vectorarray" file="src/pymortests/vectorarray.py" line="306" name="test_del[2-&lt;lambda&gt;21]" time="0.0004622936248779297"><skipped message="Suite splitting in effect" type="pytest.skip">src/pymortests/vectorarray.py:306: &lt;py._xmlgen.raw object at 0x7f1dde3d5710&gt;</skipped></testcase><testcase classname="src.pymortests.vectorarray" file="src/pymortests/vectorarray.py" line="306" name="test_del[2-&lt;lambda&gt;22]" time="0.0004246234893798828"><skipped message="Suite splitting in effect" type="pytest.skip">src/pymortests/vectorarray.py:306: &lt;py._xmlgen.raw object at 0x7f1dd43c5908&gt;</skipped></testcase><testcase classname="src.pymortests.vectorarray" file="src/pymortests/vectorarray.py" line="306" name="test_del[2-&lt;lambda&gt;23]" time="0.0004477500915527344"><skipped message="Suite splitting in effect" type="pytest.skip">src/pymortests/vectorarray.py:306: &lt;py._xmlgen.raw object at 0x7f1dd43d39b0&gt;</skipped></testcase><testcase classname="src.pymortests.vectorarray" file="src/pymortests/vectorarray.py" line="306" name="test_del[2-&lt;lambda&gt;24]" time="0.00044655799865722656"><skipped message="Suite splitting in effect" type="pytest.skip">src/pymortests/vectorarray.py:306: &lt;py._xmlgen.raw object at 0x7f1dd43d33c8&gt;</skipped></testcase><testcase classname="src.pymortests.vectorarray" file="src/pymortests/vectorarray.py" line="306" name="test_del[2-&lt;lambda&gt;25]" time="0.0007374286651611328"><skipped message="Suite splitting in effect" type="pytest.skip">src/pymortests/vectorarray.py:306: &lt;py._xmlgen.raw object at 0x7f1dd43d3ef0&gt;</skipped></testcase><testcase classname="src.pymortests.vectorarray" file="src/pymortests/vectorarray.py" line="306" name="test_del[2-&lt;lambda&gt;26]" time="0.0004100799560546875"><skipped message="Suite splitting in effect" type="pytest.skip">src/pymortests/vectorarray.py:306: &lt;py._xmlgen.raw object at 0x7f1dd43d36a0&gt;</skipped></testcase><testcase classname="src.pymortests.vectorarray" file="src/pymortests/vectorarray.py" line="323" name="test_scal[0-&lt;lambda&gt;0]" time="0.0004711151123046875"><skipped message="Suite splitting in effect" type="pytest.skip">src/pymortests/vectorarray.py:323: &lt;py._xmlgen.raw object at 0x7f1dd43c54a8&gt;</skipped></testcase><testcase classname="src.pymortests.vectorarray" file="src/pymortests/vectorarray.py" line="323" name="test_scal[0-&lt;lambda&gt;1]" time="0.0006453990936279297"><skipped message="Suite splitting in effect" type="pytest.skip">src/pymortests/vectorarray.py:323: &lt;py._xmlgen.raw object at 0x7f1dd43c5b38&gt;</skipped></testcase><testcase classname="src.pymortests.vectorarray" file="src/pymortests/vectorarray.py" line="323" name="test_scal[0-&lt;lambda&gt;2]" time="0.0004410743713378906"><skipped message="Suite splitting in effect" type="pytest.skip">src/pymortests/vectorarray.py:323: &lt;py._xmlgen.raw object at 0x7f1dde3d5ef0&gt;</skipped></testcase><testcase classname="src.pymortests.vectorarray" file="src/pymortests/vectorarray.py" line="323" name="test_scal[0-&lt;lambda&gt;3]" time="0.0004608631134033203"><skipped message="Suite splitting in effect" type="pytest.skip">src/pymortests/vectorarray.py:323: &lt;py._xmlgen.raw object at 0x7f1dde446278&gt;</skipped></testcase><testcase classname="src.pymortests.vectorarray" file="src/pymortests/vectorarray.py" line="323" name="test_scal[0-&lt;lambda&gt;4]" time="0.0004374980926513672"><skipped message="Suite splitting in effect" type="pytest.skip">src/pymortests/vectorarray.py:323: &lt;py._xmlgen.raw object at 0x7f1dd445d7b8&gt;</skipped></testcase><testcase classname="src.pymortests.vectorarray" file="src/pymortests/vectorarray.py" line="323" name="test_scal[0-&lt;lambda&gt;5]" time="0.00043964385986328125"><skipped message="Suite splitting in effect" type="pytest.skip">src/pymortests/vectorarray.py:323: &lt;py._xmlgen.raw object at 0x7f1dd4438b00&gt;</skipped></testcase><testcase classname="src.pymortests.vectorarray" file="src/pymortests/vectorarray.py" line="323" name="test_scal[0-&lt;lambda&gt;6]" time="0.0007946491241455078"><skipped message="Suite splitting in effect" type="pytest.skip">src/pymortests/vectorarray.py:323: &lt;py._xmlgen.raw object at 0x7f1dd43de550&gt;</skipped></testcase><testcase classname="src.pymortests.vectorarray" file="src/pymortests/vectorarray.py" line="323" name="test_scal[0-&lt;lambda&gt;7]" time="0.0004086494445800781"><skipped message="Suite splitting in effect" type="pytest.skip">src/pymortests/vectorarray.py:323: &lt;py._xmlgen.raw object at 0x7f1dde3e5fd0&gt;</skipped></testcase><testcase classname="src.pymortests.vectorarray" file="src/pymortests/vectorarray.py" line="323" name="test_scal[0-&lt;lambda&gt;8]" time="0.0005018711090087891"><skipped message="Suite splitting in effect" type="pytest.skip">src/pymortests/vectorarray.py:323: &lt;py._xmlgen.raw object at 0x7f1dd4430a58&gt;</skipped></testcase><testcase classname="src.pymortests.vectorarray" file="src/pymortests/vectorarray.py" line="323" name="test_scal[0-&lt;lambda&gt;9]" time="0.00044846534729003906"><skipped message="Suite splitting in effect" type="pytest.skip">src/pymortests/vectorarray.py:323: &lt;py._xmlgen.raw object at 0x7f1dde3d5518&gt;</skipped></testcase><testcase classname="src.pymortests.vectorarray" file="src/pymortests/vectorarray.py" line="323" name="test_scal[0-&lt;lambda&gt;10]" time="0.0004215240478515625"><skipped message="Suite splitting in effect" type="pytest.skip">src/pymortests/vectorarray.py:323: &lt;py._xmlgen.raw object at 0x7f1dd43c5518&gt;</skipped></testcase><testcase classname="src.pymortests.vectorarray" file="src/pymortests/vectorarray.py" line="323" name="test_scal[0-&lt;lambda&gt;11]" time="0.0004112720489501953"><skipped message="Suite splitting in effect" type="pytest.skip">src/pymortests/vectorarray.py:323: &lt;py._xmlgen.raw object at 0x7f1dd43d3630&gt;</skipped></testcase><testcase classname="src.pymortests.vectorarray" file="src/pymortests/vectorarray.py" line="323" name="test_scal[0-&lt;lambda&gt;12]" time="0.00042176246643066406"><skipped message="Suite splitting in effect" type="pytest.skip">src/pymortests/vectorarray.py:323: &lt;py._xmlgen.raw object at 0x7f1dd43d3e10&gt;</skipped></testcase><testcase classname="src.pymortests.vectorarray" file="src/pymortests/vectorarray.py" line="323" name="test_scal[0-&lt;lambda&gt;13]" time="0.0004169940948486328"><skipped message="Suite splitting in effect" type="pytest.skip">src/pymortests/vectorarray.py:323: &lt;py._xmlgen.raw object at 0x7f1dd43de470&gt;</skipped></testcase><testcase classname="src.pymortests.vectorarray" file="src/pymortests/vectorarray.py" line="323" name="test_scal[0-&lt;lambda&gt;14]" time="0.0007178783416748047"><skipped message="Suite splitting in effect" type="pytest.skip">src/pymortests/vectorarray.py:323: &lt;py._xmlgen.raw object at 0x7f1dd43deb70&gt;</skipped></testcase><testcase classname="src.pymortests.vectorarray" file="src/pymortests/vectorarray.py" line="323" name="test_scal[0-&lt;lambda&gt;15]" time="0.00043320655822753906"><skipped message="Suite splitting in effect" type="pytest.skip">src/pymortests/vectorarray.py:323: &lt;py._xmlgen.raw object at 0x7f1dd43d3780&gt;</skipped></testcase><testcase classname="src.pymortests.vectorarray" file="src/pymortests/vectorarray.py" line="323" name="test_scal[0-&lt;lambda&gt;16]" time="0.00044226646423339844"><skipped message="Suite splitting in effect" type="pytest.skip">src/pymortests/vectorarray.py:323: &lt;py._xmlgen.raw object at 0x7f1dd43c5e48&gt;</skipped></testcase><testcase classname="src.pymortests.vectorarray" file="src/pymortests/vectorarray.py" line="323" name="test_scal[0-&lt;lambda&gt;17]" time="0.0004105567932128906"><skipped message="Suite splitting in effect" type="pytest.skip">src/pymortests/vectorarray.py:323: &lt;py._xmlgen.raw object at 0x7f1dd441a3c8&gt;</skipped></testcase><testcase classname="src.pymortests.vectorarray" file="src/pymortests/vectorarray.py" line="323" name="test_scal[0-&lt;lambda&gt;18]" time="0.0004267692565917969"><skipped message="Suite splitting in effect" type="pytest.skip">src/pymortests/vectorarray.py:323: &lt;py._xmlgen.raw object at 0x7f1dde446ba8&gt;</skipped></testcase><testcase classname="src.pymortests.vectorarray" file="src/pymortests/vectorarray.py" line="323" name="test_scal[0-&lt;lambda&gt;19]" time="0.0004115104675292969"><skipped message="Suite splitting in effect" type="pytest.skip">src/pymortests/vectorarray.py:323: &lt;py._xmlgen.raw object at 0x7f1dd4438da0&gt;</skipped></testcase><testcase classname="src.pymortests.vectorarray" file="src/pymortests/vectorarray.py" line="323" name="test_scal[0-&lt;lambda&gt;20]" time="0.0004172325134277344"><skipped message="Suite splitting in effect" type="pytest.skip">src/pymortests/vectorarray.py:323: &lt;py._xmlgen.raw object at 0x7f1dd43de278&gt;</skipped></testcase><testcase classname="src.pymortests.vectorarray" file="src/pymortests/vectorarray.py" line="323" name="test_scal[0-&lt;lambda&gt;21]" time="0.0004324913024902344"><skipped message="Suite splitting in effect" type="pytest.skip">src/pymortests/vectorarray.py:323: &lt;py._xmlgen.raw object at 0x7f1dd43de2b0&gt;</skipped></testcase><testcase classname="src.pymortests.vectorarray" file="src/pymortests/vectorarray.py" line="323" name="test_scal[0-&lt;lambda&gt;22]" time="0.0010540485382080078"><skipped message="Suite splitting in effect" type="pytest.skip">src/pymortests/vectorarray.py:323: &lt;py._xmlgen.raw object at 0x7f1dd43e71d0&gt;</skipped></testcase><testcase classname="src.pymortests.vectorarray" file="src/pymortests/vectorarray.py" line="323" name="test_scal[0-&lt;lambda&gt;23]" time="0.00040912628173828125"><skipped message="Suite splitting in effect" type="pytest.skip">src/pymortests/vectorarray.py:323: &lt;py._xmlgen.raw object at 0x7f1dd4430240&gt;</skipped></testcase><testcase classname="src.pymortests.vectorarray" file="src/pymortests/vectorarray.py" line="323" name="test_scal[0-&lt;lambda&gt;24]" time="0.0004451274871826172"><skipped message="Suite splitting in effect" type="pytest.skip">src/pymortests/vectorarray.py:323: &lt;py._xmlgen.raw object at 0x7f1dde39c3c8&gt;</skipped></testcase><testcase classname="src.pymortests.vectorarray" file="src/pymortests/vectorarray.py" line="323" name="test_scal[0-&lt;lambda&gt;25]" time="0.00041604042053222656"><skipped message="Suite splitting in effect" type="pytest.skip">src/pymortests/vectorarray.py:323: &lt;py._xmlgen.raw object at 0x7f1dd43de390&gt;</skipped></testcase><testcase classname="src.pymortests.vectorarray" file="src/pymortests/vectorarray.py" line="323" name="test_scal[0-&lt;lambda&gt;26]" time="0.000461578369140625"><skipped message="Suite splitting in effect" type="pytest.skip">src/pymortests/vectorarray.py:323: &lt;py._xmlgen.raw object at 0x7f1dd43dec18&gt;</skipped></testcase><testcase classname="src.pymortests.vectorarray" file="src/pymortests/vectorarray.py" line="323" name="test_scal[1-&lt;lambda&gt;0]" time="0.0004334449768066406"><skipped message="Suite splitting in effect" type="pytest.skip">src/pymortests/vectorarray.py:323: &lt;py._xmlgen.raw object at 0x7f1dd43d3780&gt;</skipped></testcase><testcase classname="src.pymortests.vectorarray" file="src/pymortests/vectorarray.py" line="323" name="test_scal[1-&lt;lambda&gt;1]" time="0.000415802001953125"><skipped message="Suite splitting in effect" type="pytest.skip">src/pymortests/vectorarray.py:323: &lt;py._xmlgen.raw object at 0x7f1dde5b63c8&gt;</skipped></testcase><testcase classname="src.pymortests.vectorarray" file="src/pymortests/vectorarray.py" line="323" name="test_scal[1-&lt;lambda&gt;2]" time="0.00043392181396484375"><skipped message="Suite splitting in effect" type="pytest.skip">src/pymortests/vectorarray.py:323: &lt;py._xmlgen.raw object at 0x7f1dd43c5668&gt;</skipped></testcase><testcase classname="src.pymortests.vectorarray" file="src/pymortests/vectorarray.py" line="323" name="test_scal[1-&lt;lambda&gt;3]" time="0.0004100799560546875"><skipped message="Suite splitting in effect" type="pytest.skip">src/pymortests/vectorarray.py:323: &lt;py._xmlgen.raw object at 0x7f1dd4438ac8&gt;</skipped></testcase><testcase classname="src.pymortests.vectorarray" file="src/pymortests/vectorarray.py" line="323" name="test_scal[1-&lt;lambda&gt;4]" time="0.0007090568542480469"><skipped message="Suite splitting in effect" type="pytest.skip">src/pymortests/vectorarray.py:323: &lt;py._xmlgen.raw object at 0x7f1dd441a3c8&gt;</skipped></testcase><testcase classname="src.pymortests.vectorarray" file="src/pymortests/vectorarray.py" line="323" name="test_scal[1-&lt;lambda&gt;5]" time="0.00042366981506347656"><skipped message="Suite splitting in effect" type="pytest.skip">src/pymortests/vectorarray.py:323: &lt;py._xmlgen.raw object at 0x7f1dd43d3588&gt;</skipped></testcase><testcase classname="src.pymortests.vectorarray" file="src/pymortests/vectorarray.py" line="323" name="test_scal[1-&lt;lambda&gt;6]" time="0.0004420280456542969"><skipped message="Suite splitting in effect" type="pytest.skip">src/pymortests/vectorarray.py:323: &lt;py._xmlgen.raw object at 0x7f1dd43d3438&gt;</skipped></testcase><testcase classname="src.pymortests.vectorarray" file="src/pymortests/vectorarray.py" line="323" name="test_scal[1-&lt;lambda&gt;7]" time="0.0004439353942871094"><skipped message="Suite splitting in effect" type="pytest.skip">src/pymortests/vectorarray.py:323: &lt;py._xmlgen.raw object at 0x7f1dd43de630&gt;</skipped></testcase><testcase classname="src.pymortests.vectorarray" file="src/pymortests/vectorarray.py" line="323" name="test_scal[1-&lt;lambda&gt;8]" time="0.00045752525329589844"><skipped message="Suite splitting in effect" type="pytest.skip">src/pymortests/vectorarray.py:323: &lt;py._xmlgen.raw object at 0x7f1dde3f63c8&gt;</skipped></testcase><testcase classname="src.pymortests.vectorarray" file="src/pymortests/vectorarray.py" line="323" name="test_scal[1-&lt;lambda&gt;9]" time="0.0004515647888183594"><skipped message="Suite splitting in effect" type="pytest.skip">src/pymortests/vectorarray.py:323: &lt;py._xmlgen.raw object at 0x7f1dde39c320&gt;</skipped></testcase><testcase classname="src.pymortests.vectorarray" file="src/pymortests/vectorarray.py" line="323" name="test_scal[1-&lt;lambda&gt;10]" time="0.0004413127899169922"><skipped message="Suite splitting in effect" type="pytest.skip">src/pymortests/vectorarray.py:323: &lt;py._xmlgen.raw object at 0x7f1dd4422c88&gt;</skipped></testcase><testcase classname="src.pymortests.vectorarray" file="src/pymortests/vectorarray.py" line="323" name="test_scal[1-&lt;lambda&gt;11]" time="0.0004394054412841797"><skipped message="Suite splitting in effect" type="pytest.skip">src/pymortests/vectorarray.py:323: &lt;py._xmlgen.raw object at 0x7f1dd440f8d0&gt;</skipped></testcase><testcase classname="src.pymortests.vectorarray" file="src/pymortests/vectorarray.py" line="323" name="test_scal[1-&lt;lambda&gt;12]" time="0.0008571147918701172"><skipped message="Suite splitting in effect" type="pytest.skip">src/pymortests/vectorarray.py:323: &lt;py._xmlgen.raw object at 0x7f1dde4c81d0&gt;</skipped></testcase><testcase classname="src.pymortests.vectorarray" file="src/pymortests/vectorarray.py" line="323" name="test_scal[1-&lt;lambda&gt;13]" time="0.00046825408935546875"><skipped message="Suite splitting in effect" type="pytest.skip">src/pymortests/vectorarray.py:323: &lt;py._xmlgen.raw object at 0x7f1dde3d5da0&gt;</skipped></testcase><testcase classname="src.pymortests.vectorarray" file="src/pymortests/vectorarray.py" line="323" name="test_scal[1-&lt;lambda&gt;14]" time="0.0004343986511230469"><skipped message="Suite splitting in effect" type="pytest.skip">src/pymortests/vectorarray.py:323: &lt;py._xmlgen.raw object at 0x7f1dde3ac278&gt;</skipped></testcase><testcase classname="src.pymortests.vectorarray" file="src/pymortests/vectorarray.py" line="323" name="test_scal[1-&lt;lambda&gt;15]" time="0.0004298686981201172"><skipped message="Suite splitting in effect" type="pytest.skip">src/pymortests/vectorarray.py:323: &lt;py._xmlgen.raw object at 0x7f1dd43deda0&gt;</skipped></testcase><testcase classname="src.pymortests.vectorarray" file="src/pymortests/vectorarray.py" line="323" name="test_scal[1-&lt;lambda&gt;16]" time="0.00044226646423339844"><skipped message="Suite splitting in effect" type="pytest.skip">src/pymortests/vectorarray.py:323: &lt;py._xmlgen.raw object at 0x7f1dd43dec18&gt;</skipped></testcase><testcase classname="src.pymortests.vectorarray" file="src/pymortests/vectorarray.py" line="323" name="test_scal[1-&lt;lambda&gt;17]" time="0.0004372596740722656"><skipped message="Suite splitting in effect" type="pytest.skip">src/pymortests/vectorarray.py:323: &lt;py._xmlgen.raw object at 0x7f1dd43d32b0&gt;</skipped></testcase><testcase classname="src.pymortests.vectorarray" file="src/pymortests/vectorarray.py" line="323" name="test_scal[1-&lt;lambda&gt;18]" time="0.000438690185546875"><skipped message="Suite splitting in effect" type="pytest.skip">src/pymortests/vectorarray.py:323: &lt;py._xmlgen.raw object at 0x7f1dd441aa90&gt;</skipped></testcase><testcase classname="src.pymortests.vectorarray" file="src/pymortests/vectorarray.py" line="323" name="test_scal[1-&lt;lambda&gt;19]" time="0.00044655799865722656"><skipped message="Suite splitting in effect" type="pytest.skip">src/pymortests/vectorarray.py:323: &lt;py._xmlgen.raw object at 0x7f1dd43e76d8&gt;</skipped></testcase><testcase classname="src.pymortests.vectorarray" file="src/pymortests/vectorarray.py" line="323" name="test_scal[1-&lt;lambda&gt;20]" time="0.0006976127624511719"><skipped message="Suite splitting in effect" type="pytest.skip">src/pymortests/vectorarray.py:323: &lt;py._xmlgen.raw object at 0x7f1dd43e7c18&gt;</skipped></testcase><testcase classname="src.pymortests.vectorarray" file="src/pymortests/vectorarray.py" line="323" name="test_scal[1-&lt;lambda&gt;21]" time="0.00042247772216796875"><skipped message="Suite splitting in effect" type="pytest.skip">src/pymortests/vectorarray.py:323: &lt;py._xmlgen.raw object at 0x7f1dd43d32b0&gt;</skipped></testcase><testcase classname="src.pymortests.vectorarray" file="src/pymortests/vectorarray.py" line="323" name="test_scal[1-&lt;lambda&gt;22]" time="0.00043773651123046875"><skipped message="Suite splitting in effect" type="pytest.skip">src/pymortests/vectorarray.py:323: &lt;py._xmlgen.raw object at 0x7f1dd43deeb8&gt;</skipped></testcase><testcase classname="src.pymortests.vectorarray" file="src/pymortests/vectorarray.py" line="323" name="test_scal[1-&lt;lambda&gt;23]" time="0.0006437301635742188"><skipped message="Suite splitting in effect" type="pytest.skip">src/pymortests/vectorarray.py:323: &lt;py._xmlgen.raw object at 0x7f1dde409f98&gt;</skipped></testcase><testcase classname="src.pymortests.vectorarray" file="src/pymortests/vectorarray.py" line="323" name="test_scal[1-&lt;lambda&gt;24]" time="0.00043654441833496094"><skipped message="Suite splitting in effect" type="pytest.skip">src/pymortests/vectorarray.py:323: &lt;py._xmlgen.raw object at 0x7f1dde39c860&gt;</skipped></testcase><testcase classname="src.pymortests.vectorarray" file="src/pymortests/vectorarray.py" line="323" name="test_scal[1-&lt;lambda&gt;25]" time="0.0004260540008544922"><skipped message="Suite splitting in effect" type="pytest.skip">src/pymortests/vectorarray.py:323: &lt;py._xmlgen.raw object at 0x7f1dd4430240&gt;</skipped></testcase><testcase classname="src.pymortests.vectorarray" file="src/pymortests/vectorarray.py" line="323" name="test_scal[1-&lt;lambda&gt;26]" time="0.0004444122314453125"><skipped message="Suite splitting in effect" type="pytest.skip">src/pymortests/vectorarray.py:323: &lt;py._xmlgen.raw object at 0x7f1dd43e7978&gt;</skipped></testcase><testcase classname="src.pymortests.vectorarray" file="src/pymortests/vectorarray.py" line="323" name="test_scal[2-&lt;lambda&gt;0]" time="0.0004222393035888672"><skipped message="Suite splitting in effect" type="pytest.skip">src/pymortests/vectorarray.py:323: &lt;py._xmlgen.raw object at 0x7f1dd43e7240&gt;</skipped></testcase><testcase classname="src.pymortests.vectorarray" file="src/pymortests/vectorarray.py" line="323" name="test_scal[2-&lt;lambda&gt;1]" time="0.0008096694946289062"><skipped message="Suite splitting in effect" type="pytest.skip">src/pymortests/vectorarray.py:323: &lt;py._xmlgen.raw object at 0x7f1dd43f6198&gt;</skipped></testcase><testcase classname="src.pymortests.vectorarray" file="src/pymortests/vectorarray.py" line="323" name="test_scal[2-&lt;lambda&gt;2]" time="0.00040841102600097656"><skipped message="Suite splitting in effect" type="pytest.skip">src/pymortests/vectorarray.py:323: &lt;py._xmlgen.raw object at 0x7f1dd43e7780&gt;</skipped></testcase><testcase classname="src.pymortests.vectorarray" file="src/pymortests/vectorarray.py" line="323" name="test_scal[2-&lt;lambda&gt;3]" time="0.0004096031188964844"><skipped message="Suite splitting in effect" type="pytest.skip">src/pymortests/vectorarray.py:323: &lt;py._xmlgen.raw object at 0x7f1dd445dd30&gt;</skipped></testcase><testcase classname="src.pymortests.vectorarray" file="src/pymortests/vectorarray.py" line="323" name="test_scal[2-&lt;lambda&gt;4]" time="0.0004367828369140625"><skipped message="Suite splitting in effect" type="pytest.skip">src/pymortests/vectorarray.py:323: &lt;py._xmlgen.raw object at 0x7f1dde3aca58&gt;</skipped></testcase><testcase classname="src.pymortests.vectorarray" file="src/pymortests/vectorarray.py" line="323" name="test_scal[2-&lt;lambda&gt;5]" time="0.0004138946533203125"><skipped message="Suite splitting in effect" type="pytest.skip">src/pymortests/vectorarray.py:323: &lt;py._xmlgen.raw object at 0x7f1dde39c860&gt;</skipped></testcase><testcase classname="src.pymortests.vectorarray" file="src/pymortests/vectorarray.py" line="323" name="test_scal[2-&lt;lambda&gt;6]" time="0.0004150867462158203"><skipped message="Suite splitting in effect" type="pytest.skip">src/pymortests/vectorarray.py:323: &lt;py._xmlgen.raw object at 0x7f1dd43dec88&gt;</skipped></testcase><testcase classname="src.pymortests.vectorarray" file="src/pymortests/vectorarray.py" line="323" name="test_scal[2-&lt;lambda&gt;7]" time="0.0004448890686035156"><skipped message="Suite splitting in effect" type="pytest.skip">src/pymortests/vectorarray.py:323: &lt;py._xmlgen.raw object at 0x7f1dde4214a8&gt;</skipped></testcase><testcase classname="src.pymortests.vectorarray" file="src/pymortests/vectorarray.py" line="323" name="test_scal[2-&lt;lambda&gt;8]" time="0.0004405975341796875"><skipped message="Suite splitting in effect" type="pytest.skip">src/pymortests/vectorarray.py:323: &lt;py._xmlgen.raw object at 0x7f1dd43f6048&gt;</skipped></testcase><testcase classname="src.pymortests.vectorarray" file="src/pymortests/vectorarray.py" line="323" name="test_scal[2-&lt;lambda&gt;9]" time="0.0007321834564208984"><skipped message="Suite splitting in effect" type="pytest.skip">src/pymortests/vectorarray.py:323: &lt;py._xmlgen.raw object at 0x7f1dd43f67b8&gt;</skipped></testcase><testcase classname="src.pymortests.vectorarray" file="src/pymortests/vectorarray.py" line="323" name="test_scal[2-&lt;lambda&gt;10]" time="0.00040459632873535156"><skipped message="Suite splitting in effect" type="pytest.skip">src/pymortests/vectorarray.py:323: &lt;py._xmlgen.raw object at 0x7f1dd43c5908&gt;</skipped></testcase><testcase classname="src.pymortests.vectorarray" file="src/pymortests/vectorarray.py" line="323" name="test_scal[2-&lt;lambda&gt;11]" time="0.00040411949157714844"><skipped message="Suite splitting in effect" type="pytest.skip">src/pymortests/vectorarray.py:323: &lt;py._xmlgen.raw object at 0x7f1dde3bd470&gt;</skipped></testcase><testcase classname="src.pymortests.vectorarray" file="src/pymortests/vectorarray.py" line="323" name="test_scal[2-&lt;lambda&gt;12]" time="0.00044345855712890625"><skipped message="Suite splitting in effect" type="pytest.skip">src/pymortests/vectorarray.py:323: &lt;py._xmlgen.raw object at 0x7f1dde3e5470&gt;</skipped></testcase><testcase classname="src.pymortests.vectorarray" file="src/pymortests/vectorarray.py" line="323" name="test_scal[2-&lt;lambda&gt;13]" time="0.0004112720489501953"><skipped message="Suite splitting in effect" type="pytest.skip">src/pymortests/vectorarray.py:323: &lt;py._xmlgen.raw object at 0x7f1dde3acda0&gt;</skipped></testcase><testcase classname="src.pymortests.vectorarray" file="src/pymortests/vectorarray.py" line="323" name="test_scal[2-&lt;lambda&gt;14]" time="0.0004329681396484375"><skipped message="Suite splitting in effect" type="pytest.skip">src/pymortests/vectorarray.py:323: &lt;py._xmlgen.raw object at 0x7f1dd43e7828&gt;</skipped></testcase><testcase classname="src.pymortests.vectorarray" file="src/pymortests/vectorarray.py" line="323" name="test_scal[2-&lt;lambda&gt;15]" time="0.0004668235778808594"><skipped message="Suite splitting in effect" type="pytest.skip">src/pymortests/vectorarray.py:323: &lt;py._xmlgen.raw object at 0x7f1dde4c81d0&gt;</skipped></testcase><testcase classname="src.pymortests.vectorarray" file="src/pymortests/vectorarray.py" line="323" name="test_scal[2-&lt;lambda&gt;16]" time="0.00044655799865722656"><skipped message="Suite splitting in effect" type="pytest.skip">src/pymortests/vectorarray.py:323: &lt;py._xmlgen.raw object at 0x7f1dd43f6048&gt;</skipped></testcase><testcase classname="src.pymortests.vectorarray" file="src/pymortests/vectorarray.py" line="323" name="test_scal[2-&lt;lambda&gt;17]" time="0.0007479190826416016"><skipped message="Suite splitting in effect" type="pytest.skip">src/pymortests/vectorarray.py:323: &lt;py._xmlgen.raw object at 0x7f1dd43f6dd8&gt;</skipped></testcase><testcase classname="src.pymortests.vectorarray" file="src/pymortests/vectorarray.py" line="323" name="test_scal[2-&lt;lambda&gt;18]" time="0.00042128562927246094"><skipped message="Suite splitting in effect" type="pytest.skip">src/pymortests/vectorarray.py:323: &lt;py._xmlgen.raw object at 0x7f1dd43e74e0&gt;</skipped></testcase><testcase classname="src.pymortests.vectorarray" file="src/pymortests/vectorarray.py" line="323" name="test_scal[2-&lt;lambda&gt;19]" time="0.0004181861877441406"><skipped message="Suite splitting in effect" type="pytest.skip">src/pymortests/vectorarray.py:323: &lt;py._xmlgen.raw object at 0x7f1dde3ac1d0&gt;</skipped></testcase><testcase classname="src.pymortests.vectorarray" file="src/pymortests/vectorarray.py" line="323" name="test_scal[2-&lt;lambda&gt;20]" time="0.0004150867462158203"><skipped message="Suite splitting in effect" type="pytest.skip">src/pymortests/vectorarray.py:323: &lt;py._xmlgen.raw object at 0x7f1dde39cda0&gt;</skipped></testcase><testcase classname="src.pymortests.vectorarray" file="src/pymortests/vectorarray.py" line="323" name="test_scal[2-&lt;lambda&gt;21]" time="0.0006031990051269531"><skipped message="Suite splitting in effect" type="pytest.skip">src/pymortests/vectorarray.py:323: &lt;py._xmlgen.raw object at 0x7f1dd43de128&gt;</skipped></testcase><testcase classname="src.pymortests.vectorarray" file="src/pymortests/vectorarray.py" line="323" name="test_scal[2-&lt;lambda&gt;22]" time="0.0004200935363769531"><skipped message="Suite splitting in effect" type="pytest.skip">src/pymortests/vectorarray.py:323: &lt;py._xmlgen.raw object at 0x7f1dd43d3438&gt;</skipped></testcase><testcase classname="src.pymortests.vectorarray" file="src/pymortests/vectorarray.py" line="323" name="test_scal[2-&lt;lambda&gt;23]" time="0.0004258155822753906"><skipped message="Suite splitting in effect" type="pytest.skip">src/pymortests/vectorarray.py:323: &lt;py._xmlgen.raw object at 0x7f1dd43f6a90&gt;</skipped></testcase><testcase classname="src.pymortests.vectorarray" file="src/pymortests/vectorarray.py" line="323" name="test_scal[2-&lt;lambda&gt;24]" time="0.0004048347473144531"><skipped message="Suite splitting in effect" type="pytest.skip">src/pymortests/vectorarray.py:323: &lt;py._xmlgen.raw object at 0x7f1dd43f6320&gt;</skipped></testcase><testcase classname="src.pymortests.vectorarray" file="src/pymortests/vectorarray.py" line="323" name="test_scal[2-&lt;lambda&gt;25]" time="0.0007116794586181641"><skipped message="Suite splitting in effect" type="pytest.skip">src/pymortests/vectorarray.py:323: &lt;py._xmlgen.raw object at 0x7f1dd4383438&gt;</skipped></testcase><testcase classname="src.pymortests.vectorarray" file="src/pymortests/vectorarray.py" line="323" name="test_scal[2-&lt;lambda&gt;26]" time="0.0004372596740722656"><skipped message="Suite splitting in effect" type="pytest.skip">src/pymortests/vectorarray.py:323: &lt;py._xmlgen.raw object at 0x7f1dd43f69b0&gt;</skipped></testcase><testcase classname="src.pymortests.vectorarray" file="src/pymortests/vectorarray.py" line="361" name="test_axpy[compatible_vector_array_pair0-&lt;lambda&gt;0]" time="0.0004220008850097656"><skipped message="Suite splitting in effect" type="pytest.skip">src/pymortests/vectorarray.py:361: &lt;py._xmlgen.raw object at 0x7f1dd43c5da0&gt;</skipped></testcase><testcase classname="src.pymortests.vectorarray" file="src/pymortests/vectorarray.py" line="361" name="test_axpy[compatible_vector_array_pair0-&lt;lambda&gt;1]" time="0.00043010711669921875"><skipped message="Suite splitting in effect" type="pytest.skip">src/pymortests/vectorarray.py:361: &lt;py._xmlgen.raw object at 0x7f1dde3bdba8&gt;</skipped></testcase><testcase classname="src.pymortests.vectorarray" file="src/pymortests/vectorarray.py" line="361" name="test_axpy[compatible_vector_array_pair0-&lt;lambda&gt;2]" time="0.00040984153747558594"><skipped message="Suite splitting in effect" type="pytest.skip">src/pymortests/vectorarray.py:361: &lt;py._xmlgen.raw object at 0x7f1dde409fd0&gt;</skipped></testcase><testcase classname="src.pymortests.vectorarray" file="src/pymortests/vectorarray.py" line="361" name="test_axpy[compatible_vector_array_pair0-&lt;lambda&gt;3]" time="0.00043463706970214844"><skipped message="Suite splitting in effect" type="pytest.skip">src/pymortests/vectorarray.py:361: &lt;py._xmlgen.raw object at 0x7f1dde3acda0&gt;</skipped></testcase><testcase classname="src.pymortests.vectorarray" file="src/pymortests/vectorarray.py" line="361" name="test_axpy[compatible_vector_array_pair0-&lt;lambda&gt;4]" time="0.000453948974609375"><skipped message="Suite splitting in effect" type="pytest.skip">src/pymortests/vectorarray.py:361: &lt;py._xmlgen.raw object at 0x7f1dd43e7f98&gt;</skipped></testcase><testcase classname="src.pymortests.vectorarray" file="src/pymortests/vectorarray.py" line="361" name="test_axpy[compatible_vector_array_pair0-&lt;lambda&gt;5]" time="0.0004410743713378906"><skipped message="Suite splitting in effect" type="pytest.skip">src/pymortests/vectorarray.py:361: &lt;py._xmlgen.raw object at 0x7f1dd43832b0&gt;</skipped></testcase><testcase classname="src.pymortests.vectorarray" file="src/pymortests/vectorarray.py" line="361" name="test_axpy[compatible_vector_array_pair0-&lt;lambda&gt;6]" time="0.0007646083831787109"><skipped message="Suite splitting in effect" type="pytest.skip">src/pymortests/vectorarray.py:361: &lt;py._xmlgen.raw object at 0x7f1dd4383a58&gt;</skipped></testcase><testcase classname="src.pymortests.vectorarray" file="src/pymortests/vectorarray.py" line="361" name="test_axpy[compatible_vector_array_pair0-&lt;lambda&gt;7]" time="0.00041365623474121094"><skipped message="Suite splitting in effect" type="pytest.skip">src/pymortests/vectorarray.py:361: &lt;py._xmlgen.raw object at 0x7f1dd43e7390&gt;</skipped></testcase><testcase classname="src.pymortests.vectorarray" file="src/pymortests/vectorarray.py" line="361" name="test_axpy[compatible_vector_array_pair0-&lt;lambda&gt;8]" time="0.00044274330139160156"><skipped message="Suite splitting in effect" type="pytest.skip">src/pymortests/vectorarray.py:361: &lt;py._xmlgen.raw object at 0x7f1dde409f98&gt;</skipped></testcase><testcase classname="src.pymortests.vectorarray" file="src/pymortests/vectorarray.py" line="361" name="test_axpy[compatible_vector_array_pair0-&lt;lambda&gt;9]" time="0.00042891502380371094"><skipped message="Suite splitting in effect" type="pytest.skip">src/pymortests/vectorarray.py:361: &lt;py._xmlgen.raw object at 0x7f1dd43dea90&gt;</skipped></testcase><testcase classname="src.pymortests.vectorarray" file="src/pymortests/vectorarray.py" line="361" name="test_axpy[compatible_vector_array_pair0-&lt;lambda&gt;10]" time="0.00041174888610839844"><skipped message="Suite splitting in effect" type="pytest.skip">src/pymortests/vectorarray.py:361: &lt;py._xmlgen.raw object at 0x7f1dd43d39e8&gt;</skipped></testcase><testcase classname="src.pymortests.vectorarray" file="src/pymortests/vectorarray.py" line="361" name="test_axpy[compatible_vector_array_pair0-&lt;lambda&gt;11]" time="0.00043654441833496094"><skipped message="Suite splitting in effect" type="pytest.skip">src/pymortests/vectorarray.py:361: &lt;py._xmlgen.raw object at 0x7f1dd43f6240&gt;</skipped></testcase><testcase classname="src.pymortests.vectorarray" file="src/pymortests/vectorarray.py" line="361" name="test_axpy[compatible_vector_array_pair0-&lt;lambda&gt;12]" time="0.00043511390686035156"><skipped message="Suite splitting in effect" type="pytest.skip">src/pymortests/vectorarray.py:361: &lt;py._xmlgen.raw object at 0x7f1dd4383be0&gt;</skipped></testcase><testcase classname="src.pymortests.vectorarray" file="src/pymortests/vectorarray.py" line="361" name="test_axpy[compatible_vector_array_pair0-&lt;lambda&gt;13]" time="0.0004279613494873047"><skipped message="Suite splitting in effect" type="pytest.skip">src/pymortests/vectorarray.py:361: &lt;py._xmlgen.raw object at 0x7f1dd4383128&gt;</skipped></testcase><testcase classname="src.pymortests.vectorarray" file="src/pymortests/vectorarray.py" line="361" name="test_axpy[compatible_vector_array_pair0-&lt;lambda&gt;14]" time="0.0007226467132568359"><skipped message="Suite splitting in effect" type="pytest.skip">src/pymortests/vectorarray.py:361: &lt;py._xmlgen.raw object at 0x7f1dd438c0b8&gt;</skipped></testcase><testcase classname="src.pymortests.vectorarray" file="src/pymortests/vectorarray.py" line="361" name="test_axpy[compatible_vector_array_pair0-&lt;lambda&gt;15]" time="0.00040602684020996094"><skipped message="Suite splitting in effect" type="pytest.skip">src/pymortests/vectorarray.py:361: &lt;py._xmlgen.raw object at 0x7f1dd4383358&gt;</skipped></testcase><testcase classname="src.pymortests.vectorarray" file="src/pymortests/vectorarray.py" line="361" name="test_axpy[compatible_vector_array_pair0-&lt;lambda&gt;16]" time="0.0004057884216308594"><skipped message="Suite splitting in effect" type="pytest.skip">src/pymortests/vectorarray.py:361: &lt;py._xmlgen.raw object at 0x7f1dd43f6978&gt;</skipped></testcase><testcase classname="src.pymortests.vectorarray" file="src/pymortests/vectorarray.py" line="361" name="test_axpy[compatible_vector_array_pair0-&lt;lambda&gt;17]" time="0.00044083595275878906"><skipped message="Suite splitting in effect" type="pytest.skip">src/pymortests/vectorarray.py:361: &lt;py._xmlgen.raw object at 0x7f1dde3f6320&gt;</skipped></testcase><testcase classname="src.pymortests.vectorarray" file="src/pymortests/vectorarray.py" line="361" name="test_axpy[compatible_vector_array_pair0-&lt;lambda&gt;18]" time="0.00047469139099121094"><skipped message="Suite splitting in effect" type="pytest.skip">src/pymortests/vectorarray.py:361: &lt;py._xmlgen.raw object at 0x7f1dd43dea90&gt;</skipped></testcase><testcase classname="src.pymortests.vectorarray" file="src/pymortests/vectorarray.py" line="361" name="test_axpy[compatible_vector_array_pair0-&lt;lambda&gt;19]" time="0.0004360675811767578"><skipped message="Suite splitting in effect" type="pytest.skip">src/pymortests/vectorarray.py:361: &lt;py._xmlgen.raw object at 0x7f1dde3ac710&gt;</skipped></testcase><testcase classname="src.pymortests.vectorarray" file="src/pymortests/vectorarray.py" line="361" name="test_axpy[compatible_vector_array_pair0-&lt;lambda&gt;20]" time="0.00045037269592285156"><skipped message="Suite splitting in effect" type="pytest.skip">src/pymortests/vectorarray.py:361: &lt;py._xmlgen.raw object at 0x7f1dde328320&gt;</skipped></testcase><testcase classname="src.pymortests.vectorarray" file="src/pymortests/vectorarray.py" line="361" name="test_axpy[compatible_vector_array_pair0-&lt;lambda&gt;21]" time="0.0004475116729736328"><skipped message="Suite splitting in effect" type="pytest.skip">src/pymortests/vectorarray.py:361: &lt;py._xmlgen.raw object at 0x7f1dd438c1d0&gt;</skipped></testcase><testcase classname="src.pymortests.vectorarray" file="src/pymortests/vectorarray.py" line="361" name="test_axpy[compatible_vector_array_pair0-&lt;lambda&gt;22]" time="0.0007510185241699219"><skipped message="Suite splitting in effect" type="pytest.skip">src/pymortests/vectorarray.py:361: &lt;py._xmlgen.raw object at 0x7f1dd438c6d8&gt;</skipped></testcase><testcase classname="src.pymortests.vectorarray" file="src/pymortests/vectorarray.py" line="361" name="test_axpy[compatible_vector_array_pair0-&lt;lambda&gt;23]" time="0.0004773139953613281"><skipped message="Suite splitting in effect" type="pytest.skip">src/pymortests/vectorarray.py:361: &lt;py._xmlgen.raw object at 0x7f1dde328b00&gt;</skipped></testcase><testcase classname="src.pymortests.vectorarray" file="src/pymortests/vectorarray.py" line="361" name="test_axpy[compatible_vector_array_pair0-&lt;lambda&gt;24]" time="0.0004496574401855469"><skipped message="Suite splitting in effect" type="pytest.skip">src/pymortests/vectorarray.py:361: &lt;py._xmlgen.raw object at 0x7f1dde3bd3c8&gt;</skipped></testcase><testcase classname="src.pymortests.vectorarray" file="src/pymortests/vectorarray.py" line="361" name="test_axpy[compatible_vector_array_pair0-&lt;lambda&gt;25]" time="0.0005652904510498047"><skipped message="Suite splitting in effect" type="pytest.skip">src/pymortests/vectorarray.py:361: &lt;py._xmlgen.raw object at 0x7f1dd43de550&gt;</skipped></testcase><testcase classname="src.pymortests.vectorarray" file="src/pymortests/vectorarray.py" line="361" name="test_axpy[compatible_vector_array_pair0-&lt;lambda&gt;26]" time="0.0006256103515625"><skipped message="Suite splitting in effect" type="pytest.skip">src/pymortests/vectorarray.py:361: &lt;py._xmlgen.raw object at 0x7f1dd43f6940&gt;</skipped></testcase><testcase classname="src.pymortests.vectorarray" file="src/pymortests/vectorarray.py" line="361" name="test_axpy[compatible_vector_array_pair0-&lt;lambda&gt;27]" time="0.0005142688751220703"><skipped message="Suite splitting in effect" type="pytest.skip">src/pymortests/vectorarray.py:361: &lt;py._xmlgen.raw object at 0x7f1dd4383780&gt;</skipped></testcase><testcase classname="src.pymortests.vectorarray" file="src/pymortests/vectorarray.py" line="361" name="test_axpy[compatible_vector_array_pair0-&lt;lambda&gt;28]" time="0.0004382133483886719"><skipped message="Suite splitting in effect" type="pytest.skip">src/pymortests/vectorarray.py:361: &lt;py._xmlgen.raw object at 0x7f1dd4383128&gt;</skipped></testcase><testcase classname="src.pymortests.vectorarray" file="src/pymortests/vectorarray.py" line="361" name="test_axpy[compatible_vector_array_pair0-&lt;lambda&gt;29]" time="0.00043702125549316406"><skipped message="Suite splitting in effect" type="pytest.skip">src/pymortests/vectorarray.py:361: &lt;py._xmlgen.raw object at 0x7f1dd438c358&gt;</skipped></testcase><testcase classname="src.pymortests.vectorarray" file="src/pymortests/vectorarray.py" line="361" name="test_axpy[compatible_vector_array_pair1-&lt;lambda&gt;0]" time="0.0007345676422119141"><skipped message="Suite splitting in effect" type="pytest.skip">src/pymortests/vectorarray.py:361: &lt;py._xmlgen.raw object at 0x7f1dd438ccf8&gt;</skipped></testcase><testcase classname="src.pymortests.vectorarray" file="src/pymortests/vectorarray.py" line="361" name="test_axpy[compatible_vector_array_pair1-&lt;lambda&gt;1]" time="0.0004222393035888672"><skipped message="Suite splitting in effect" type="pytest.skip">src/pymortests/vectorarray.py:361: &lt;py._xmlgen.raw object at 0x7f1dd4383be0&gt;</skipped></testcase><testcase classname="src.pymortests.vectorarray" file="src/pymortests/vectorarray.py" line="361" name="test_axpy[compatible_vector_array_pair1-&lt;lambda&gt;2]" time="0.00044274330139160156"><skipped message="Suite splitting in effect" type="pytest.skip">src/pymortests/vectorarray.py:361: &lt;py._xmlgen.raw object at 0x7f1dd43f6f28&gt;</skipped></testcase><testcase classname="src.pymortests.vectorarray" file="src/pymortests/vectorarray.py" line="361" name="test_axpy[compatible_vector_array_pair1-&lt;lambda&gt;3]" time="0.00042629241943359375"><skipped message="Suite splitting in effect" type="pytest.skip">src/pymortests/vectorarray.py:361: &lt;py._xmlgen.raw object at 0x7f1dd43de8d0&gt;</skipped></testcase><testcase classname="src.pymortests.vectorarray" file="src/pymortests/vectorarray.py" line="361" name="test_axpy[compatible_vector_array_pair1-&lt;lambda&gt;4]" time="0.00044226646423339844"><skipped message="Suite splitting in effect" type="pytest.skip">src/pymortests/vectorarray.py:361: &lt;py._xmlgen.raw object at 0x7f1dde3ac710&gt;</skipped></testcase><testcase classname="src.pymortests.vectorarray" file="src/pymortests/vectorarray.py" line="361" name="test_axpy[compatible_vector_array_pair1-&lt;lambda&gt;5]" time="0.0004444122314453125"><skipped message="Suite splitting in effect" type="pytest.skip">src/pymortests/vectorarray.py:361: &lt;py._xmlgen.raw object at 0x7f1dd43e7d30&gt;</skipped></testcase><testcase classname="src.pymortests.vectorarray" file="src/pymortests/vectorarray.py" line="361" name="test_axpy[compatible_vector_array_pair1-&lt;lambda&gt;6]" time="0.00042724609375"><skipped message="Suite splitting in effect" type="pytest.skip">src/pymortests/vectorarray.py:361: &lt;py._xmlgen.raw object at 0x7f1dd438c208&gt;</skipped></testcase><testcase classname="src.pymortests.vectorarray" file="src/pymortests/vectorarray.py" line="361" name="test_axpy[compatible_vector_array_pair1-&lt;lambda&gt;7]" time="0.00045228004455566406"><skipped message="Suite splitting in effect" type="pytest.skip">src/pymortests/vectorarray.py:361: &lt;py._xmlgen.raw object at 0x7f1dd438c550&gt;</skipped></testcase><testcase classname="src.pymortests.vectorarray" file="src/pymortests/vectorarray.py" line="361" name="test_axpy[compatible_vector_array_pair1-&lt;lambda&gt;8]" time="0.0009951591491699219"><skipped message="Suite splitting in effect" type="pytest.skip">src/pymortests/vectorarray.py:361: &lt;py._xmlgen.raw object at 0x7f1dd4398358&gt;</skipped></testcase><testcase classname="src.pymortests.vectorarray" file="src/pymortests/vectorarray.py" line="361" name="test_axpy[compatible_vector_array_pair1-&lt;lambda&gt;9]" time="0.0004246234893798828"><skipped message="Suite splitting in effect" type="pytest.skip">src/pymortests/vectorarray.py:361: &lt;py._xmlgen.raw object at 0x7f1dde3bda58&gt;</skipped></testcase><testcase classname="src.pymortests.vectorarray" file="src/pymortests/vectorarray.py" line="361" name="test_axpy[compatible_vector_array_pair1-&lt;lambda&gt;10]" time="0.00043082237243652344"><skipped message="Suite splitting in effect" type="pytest.skip">src/pymortests/vectorarray.py:361: &lt;py._xmlgen.raw object at 0x7f1dde33a710&gt;</skipped></testcase><testcase classname="src.pymortests.vectorarray" file="src/pymortests/vectorarray.py" line="361" name="test_axpy[compatible_vector_array_pair1-&lt;lambda&gt;11]" time="0.0004229545593261719"><skipped message="Suite splitting in effect" type="pytest.skip">src/pymortests/vectorarray.py:361: &lt;py._xmlgen.raw object at 0x7f1dd438c550&gt;</skipped></testcase><testcase classname="src.pymortests.vectorarray" file="src/pymortests/vectorarray.py" line="361" name="test_axpy[compatible_vector_array_pair1-&lt;lambda&gt;12]" time="0.0004138946533203125"><skipped message="Suite splitting in effect" type="pytest.skip">src/pymortests/vectorarray.py:361: &lt;py._xmlgen.raw object at 0x7f1dd438c860&gt;</skipped></testcase><testcase classname="src.pymortests.vectorarray" file="src/pymortests/vectorarray.py" line="361" name="test_axpy[compatible_vector_array_pair1-&lt;lambda&gt;13]" time="0.0004088878631591797"><skipped message="Suite splitting in effect" type="pytest.skip">src/pymortests/vectorarray.py:361: &lt;py._xmlgen.raw object at 0x7f1dd4383518&gt;</skipped></testcase><testcase classname="src.pymortests.vectorarray" file="src/pymortests/vectorarray.py" line="361" name="test_axpy[compatible_vector_array_pair1-&lt;lambda&gt;14]" time="0.0004227161407470703"><skipped message="Suite splitting in effect" type="pytest.skip">src/pymortests/vectorarray.py:361: &lt;py._xmlgen.raw object at 0x7f1dd4383438&gt;</skipped></testcase><testcase classname="src.pymortests.vectorarray" file="src/pymortests/vectorarray.py" line="361" name="test_axpy[compatible_vector_array_pair1-&lt;lambda&gt;15]" time="0.0004374980926513672"><skipped message="Suite splitting in effect" type="pytest.skip">src/pymortests/vectorarray.py:361: &lt;py._xmlgen.raw object at 0x7f1dd43f6e10&gt;</skipped></testcase><testcase classname="src.pymortests.vectorarray" file="src/pymortests/vectorarray.py" line="361" name="test_axpy[compatible_vector_array_pair1-&lt;lambda&gt;16]" time="0.0004565715789794922"><skipped message="Suite splitting in effect" type="pytest.skip">src/pymortests/vectorarray.py:361: &lt;py._xmlgen.raw object at 0x7f1dd43e7780&gt;</skipped></testcase><testcase classname="src.pymortests.vectorarray" file="src/pymortests/vectorarray.py" line="361" name="test_axpy[compatible_vector_array_pair1-&lt;lambda&gt;17]" time="0.0007076263427734375"><skipped message="Suite splitting in effect" type="pytest.skip">src/pymortests/vectorarray.py:361: &lt;py._xmlgen.raw object at 0x7f1dd43f6be0&gt;</skipped></testcase><testcase classname="src.pymortests.vectorarray" file="src/pymortests/vectorarray.py" line="361" name="test_axpy[compatible_vector_array_pair1-&lt;lambda&gt;18]" time="0.00046944618225097656"><skipped message="Suite splitting in effect" type="pytest.skip">src/pymortests/vectorarray.py:361: &lt;py._xmlgen.raw object at 0x7f1dd4383978&gt;</skipped></testcase><testcase classname="src.pymortests.vectorarray" file="src/pymortests/vectorarray.py" line="361" name="test_axpy[compatible_vector_array_pair1-&lt;lambda&gt;19]" time="0.00041675567626953125"><skipped message="Suite splitting in effect" type="pytest.skip">src/pymortests/vectorarray.py:361: &lt;py._xmlgen.raw object at 0x7f1dd438c6a0&gt;</skipped></testcase><testcase classname="src.pymortests.vectorarray" file="src/pymortests/vectorarray.py" line="361" name="test_axpy[compatible_vector_array_pair1-&lt;lambda&gt;20]" time="0.00042176246643066406"><skipped message="Suite splitting in effect" type="pytest.skip">src/pymortests/vectorarray.py:361: &lt;py._xmlgen.raw object at 0x7f1dd438c550&gt;</skipped></testcase><testcase classname="src.pymortests.vectorarray" file="src/pymortests/vectorarray.py" line="361" name="test_axpy[compatible_vector_array_pair1-&lt;lambda&gt;21]" time="0.0004363059997558594"><skipped message="Suite splitting in effect" type="pytest.skip">src/pymortests/vectorarray.py:361: &lt;py._xmlgen.raw object at 0x7f1dde33a278&gt;</skipped></testcase><testcase classname="src.pymortests.vectorarray" file="src/pymortests/vectorarray.py" line="361" name="test_axpy[compatible_vector_array_pair1-&lt;lambda&gt;22]" time="0.0004553794860839844"><skipped message="Suite splitting in effect" type="pytest.skip">src/pymortests/vectorarray.py:361: &lt;py._xmlgen.raw object at 0x7f1dde409fd0&gt;</skipped></testcase><testcase classname="src.pymortests.vectorarray" file="src/pymortests/vectorarray.py" line="361" name="test_axpy[compatible_vector_array_pair1-&lt;lambda&gt;23]" time="0.00045609474182128906"><skipped message="Suite splitting in effect" type="pytest.skip">src/pymortests/vectorarray.py:361: &lt;py._xmlgen.raw object at 0x7f1dd43e72e8&gt;</skipped></testcase><testcase classname="src.pymortests.vectorarray" file="src/pymortests/vectorarray.py" line="361" name="test_axpy[compatible_vector_array_pair1-&lt;lambda&gt;24]" time="0.0004715919494628906"><skipped message="Suite splitting in effect" type="pytest.skip">src/pymortests/vectorarray.py:361: &lt;py._xmlgen.raw object at 0x7f1dd44387f0&gt;</skipped></testcase><testcase classname="src.pymortests.vectorarray" file="src/pymortests/vectorarray.py" line="361" name="test_axpy[compatible_vector_array_pair1-&lt;lambda&gt;25]" time="0.0009171962738037109"><skipped message="Suite splitting in effect" type="pytest.skip">src/pymortests/vectorarray.py:361: &lt;py._xmlgen.raw object at 0x7f1dde4961d0&gt;</skipped></testcase><testcase classname="src.pymortests.vectorarray" file="src/pymortests/vectorarray.py" line="361" name="test_axpy[compatible_vector_array_pair1-&lt;lambda&gt;26]" time="0.00044226646423339844"><skipped message="Suite splitting in effect" type="pytest.skip">src/pymortests/vectorarray.py:361: &lt;py._xmlgen.raw object at 0x7f1dd43e7be0&gt;</skipped></testcase><testcase classname="src.pymortests.vectorarray" file="src/pymortests/vectorarray.py" line="361" name="test_axpy[compatible_vector_array_pair1-&lt;lambda&gt;27]" time="0.0004487037658691406"><skipped message="Suite splitting in effect" type="pytest.skip">src/pymortests/vectorarray.py:361: &lt;py._xmlgen.raw object at 0x7f1dde3bd320&gt;</skipped></testcase><testcase classname="src.pymortests.vectorarray" file="src/pymortests/vectorarray.py" line="361" name="test_axpy[compatible_vector_array_pair1-&lt;lambda&gt;28]" time="0.00041937828063964844"><skipped message="Suite splitting in effect" type="pytest.skip">src/pymortests/vectorarray.py:361: &lt;py._xmlgen.raw object at 0x7f1dde33a9b0&gt;</skipped></testcase><testcase classname="src.pymortests.vectorarray" file="src/pymortests/vectorarray.py" line="361" name="test_axpy[compatible_vector_array_pair1-&lt;lambda&gt;29]" time="0.00040721893310546875"><skipped message="Suite splitting in effect" type="pytest.skip">src/pymortests/vectorarray.py:361: &lt;py._xmlgen.raw object at 0x7f1dd438cac8&gt;</skipped></testcase><testcase classname="src.pymortests.vectorarray" file="src/pymortests/vectorarray.py" line="361" name="test_axpy[compatible_vector_array_pair2-&lt;lambda&gt;0]" time="0.0004115104675292969"><skipped message="Suite splitting in effect" type="pytest.skip">src/pymortests/vectorarray.py:361: &lt;py._xmlgen.raw object at 0x7f1dd4383080&gt;</skipped></testcase><testcase classname="src.pymortests.vectorarray" file="src/pymortests/vectorarray.py" line="361" name="test_axpy[compatible_vector_array_pair2-&lt;lambda&gt;1]" time="0.0004291534423828125"><skipped message="Suite splitting in effect" type="pytest.skip">src/pymortests/vectorarray.py:361: &lt;py._xmlgen.raw object at 0x7f1dd43f6240&gt;</skipped></testcase><testcase classname="src.pymortests.vectorarray" file="src/pymortests/vectorarray.py" line="361" name="test_axpy[compatible_vector_array_pair2-&lt;lambda&gt;2]" time="0.0004298686981201172"><skipped message="Suite splitting in effect" type="pytest.skip">src/pymortests/vectorarray.py:361: &lt;py._xmlgen.raw object at 0x7f1dd4398860&gt;</skipped></testcase><testcase classname="src.pymortests.vectorarray" file="src/pymortests/vectorarray.py" line="361" name="test_axpy[compatible_vector_array_pair2-&lt;lambda&gt;3]" time="0.0007183551788330078"><skipped message="Suite splitting in effect" type="pytest.skip">src/pymortests/vectorarray.py:361: &lt;py._xmlgen.raw object at 0x7f1dd4398da0&gt;</skipped></testcase><testcase classname="src.pymortests.vectorarray" file="src/pymortests/vectorarray.py" line="361" name="test_axpy[compatible_vector_array_pair2-&lt;lambda&gt;4]" time="0.0004477500915527344"><skipped message="Suite splitting in effect" type="pytest.skip">src/pymortests/vectorarray.py:361: &lt;py._xmlgen.raw object at 0x7f1dd438c7b8&gt;</skipped></testcase><testcase classname="src.pymortests.vectorarray" file="src/pymortests/vectorarray.py" line="361" name="test_axpy[compatible_vector_array_pair2-&lt;lambda&gt;5]" time="0.0004227161407470703"><skipped message="Suite splitting in effect" type="pytest.skip">src/pymortests/vectorarray.py:361: &lt;py._xmlgen.raw object at 0x7f1dd438cf28&gt;</skipped></testcase><testcase classname="src.pymortests.vectorarray" file="src/pymortests/vectorarray.py" line="361" name="test_axpy[compatible_vector_array_pair2-&lt;lambda&gt;6]" time="0.0004570484161376953"><skipped message="Suite splitting in effect" type="pytest.skip">src/pymortests/vectorarray.py:361: &lt;py._xmlgen.raw object at 0x7f1dde33a320&gt;</skipped></testcase><testcase classname="src.pymortests.vectorarray" file="src/pymortests/vectorarray.py" line="361" name="test_axpy[compatible_vector_array_pair2-&lt;lambda&gt;7]" time="0.00041294097900390625"><skipped message="Suite splitting in effect" type="pytest.skip">src/pymortests/vectorarray.py:361: &lt;py._xmlgen.raw object at 0x7f1dd43c5da0&gt;</skipped></testcase><testcase classname="src.pymortests.vectorarray" file="src/pymortests/vectorarray.py" line="361" name="test_axpy[compatible_vector_array_pair2-&lt;lambda&gt;8]" time="0.0004146099090576172"><skipped message="Suite splitting in effect" type="pytest.skip">src/pymortests/vectorarray.py:361: &lt;py._xmlgen.raw object at 0x7f1dde3283c8&gt;</skipped></testcase><testcase classname="src.pymortests.vectorarray" file="src/pymortests/vectorarray.py" line="361" name="test_axpy[compatible_vector_array_pair2-&lt;lambda&gt;9]" time="0.00044846534729003906"><skipped message="Suite splitting in effect" type="pytest.skip">src/pymortests/vectorarray.py:361: &lt;py._xmlgen.raw object at 0x7f1dd4398b00&gt;</skipped></testcase><testcase classname="src.pymortests.vectorarray" file="src/pymortests/vectorarray.py" line="361" name="test_axpy[compatible_vector_array_pair2-&lt;lambda&gt;10]" time="0.00041103363037109375"><skipped message="Suite splitting in effect" type="pytest.skip">src/pymortests/vectorarray.py:361: &lt;py._xmlgen.raw object at 0x7f1dd4398160&gt;</skipped></testcase><testcase classname="src.pymortests.vectorarray" file="src/pymortests/vectorarray.py" line="361" name="test_axpy[compatible_vector_array_pair2-&lt;lambda&gt;11]" time="0.0007164478302001953"><skipped message="Suite splitting in effect" type="pytest.skip">src/pymortests/vectorarray.py:361: &lt;py._xmlgen.raw object at 0x7f1dd43a9320&gt;</skipped></testcase><testcase classname="src.pymortests.vectorarray" file="src/pymortests/vectorarray.py" line="361" name="test_axpy[compatible_vector_array_pair2-&lt;lambda&gt;12]" time="0.0004584789276123047"><skipped message="Suite splitting in effect" type="pytest.skip">src/pymortests/vectorarray.py:361: &lt;py._xmlgen.raw object at 0x7f1dd4398630&gt;</skipped></testcase><testcase classname="src.pymortests.vectorarray" file="src/pymortests/vectorarray.py" line="361" name="test_axpy[compatible_vector_array_pair2-&lt;lambda&gt;13]" time="0.0004391670227050781"><skipped message="Suite splitting in effect" type="pytest.skip">src/pymortests/vectorarray.py:361: &lt;py._xmlgen.raw object at 0x7f1dde3283c8&gt;</skipped></testcase><testcase classname="src.pymortests.vectorarray" file="src/pymortests/vectorarray.py" line="361" name="test_axpy[compatible_vector_array_pair2-&lt;lambda&gt;14]" time="0.000438690185546875"><skipped message="Suite splitting in effect" type="pytest.skip">src/pymortests/vectorarray.py:361: &lt;py._xmlgen.raw object at 0x7f1dd43deeb8&gt;</skipped></testcase><testcase classname="src.pymortests.vectorarray" file="src/pymortests/vectorarray.py" line="361" name="test_axpy[compatible_vector_array_pair2-&lt;lambda&gt;15]" time="0.00042128562927246094"><skipped message="Suite splitting in effect" type="pytest.skip">src/pymortests/vectorarray.py:361: &lt;py._xmlgen.raw object at 0x7f1dde3f6320&gt;</skipped></testcase><testcase classname="src.pymortests.vectorarray" file="src/pymortests/vectorarray.py" line="361" name="test_axpy[compatible_vector_array_pair2-&lt;lambda&gt;16]" time="0.000408172607421875"><skipped message="Suite splitting in effect" type="pytest.skip">src/pymortests/vectorarray.py:361: &lt;py._xmlgen.raw object at 0x7f1dd438cf28&gt;</skipped></testcase><testcase classname="src.pymortests.vectorarray" file="src/pymortests/vectorarray.py" line="361" name="test_axpy[compatible_vector_array_pair2-&lt;lambda&gt;17]" time="0.0004363059997558594"><skipped message="Suite splitting in effect" type="pytest.skip">src/pymortests/vectorarray.py:361: &lt;py._xmlgen.raw object at 0x7f1dd4383278&gt;</skipped></testcase><testcase classname="src.pymortests.vectorarray" file="src/pymortests/vectorarray.py" line="361" name="test_axpy[compatible_vector_array_pair2-&lt;lambda&gt;18]" time="0.0004177093505859375"><skipped message="Suite splitting in effect" type="pytest.skip">src/pymortests/vectorarray.py:361: &lt;py._xmlgen.raw object at 0x7f1dd43a91d0&gt;</skipped></testcase><testcase classname="src.pymortests.vectorarray" file="src/pymortests/vectorarray.py" line="361" name="test_axpy[compatible_vector_array_pair2-&lt;lambda&gt;19]" time="0.0007092952728271484"><skipped message="Suite splitting in effect" type="pytest.skip">src/pymortests/vectorarray.py:361: &lt;py._xmlgen.raw object at 0x7f1dd43a9940&gt;</skipped></testcase><testcase classname="src.pymortests.vectorarray" file="src/pymortests/vectorarray.py" line="361" name="test_axpy[compatible_vector_array_pair2-&lt;lambda&gt;20]" time="0.0004630088806152344"><skipped message="Suite splitting in effect" type="pytest.skip">src/pymortests/vectorarray.py:361: &lt;py._xmlgen.raw object at 0x7f1dde33af98&gt;</skipped></testcase><testcase classname="src.pymortests.vectorarray" file="src/pymortests/vectorarray.py" line="361" name="test_axpy[compatible_vector_array_pair2-&lt;lambda&gt;21]" time="0.00045180320739746094"><skipped message="Suite splitting in effect" type="pytest.skip">src/pymortests/vectorarray.py:361: &lt;py._xmlgen.raw object at 0x7f1dde3f6320&gt;</skipped></testcase><testcase classname="src.pymortests.vectorarray" file="src/pymortests/vectorarray.py" line="361" name="test_axpy[compatible_vector_array_pair2-&lt;lambda&gt;22]" time="0.00042629241943359375"><skipped message="Suite splitting in effect" type="pytest.skip">src/pymortests/vectorarray.py:361: &lt;py._xmlgen.raw object at 0x7f1dde34aba8&gt;</skipped></testcase><testcase classname="src.pymortests.vectorarray" file="src/pymortests/vectorarray.py" line="361" name="test_axpy[compatible_vector_array_pair2-&lt;lambda&gt;23]" time="0.000453948974609375"><skipped message="Suite splitting in effect" type="pytest.skip">src/pymortests/vectorarray.py:361: &lt;py._xmlgen.raw object at 0x7f1dd440fd68&gt;</skipped></testcase><testcase classname="src.pymortests.vectorarray" file="src/pymortests/vectorarray.py" line="361" name="test_axpy[compatible_vector_array_pair2-&lt;lambda&gt;24]" time="0.00044155120849609375"><skipped message="Suite splitting in effect" type="pytest.skip">src/pymortests/vectorarray.py:361: &lt;py._xmlgen.raw object at 0x7f1dd4398be0&gt;</skipped></testcase><testcase classname="src.pymortests.vectorarray" file="src/pymortests/vectorarray.py" line="361" name="test_axpy[compatible_vector_array_pair2-&lt;lambda&gt;25]" time="0.0004532337188720703"><skipped message="Suite splitting in effect" type="pytest.skip">src/pymortests/vectorarray.py:361: &lt;py._xmlgen.raw object at 0x7f1dd43a9a58&gt;</skipped></testcase><testcase classname="src.pymortests.vectorarray" file="src/pymortests/vectorarray.py" line="361" name="test_axpy[compatible_vector_array_pair2-&lt;lambda&gt;26]" time="0.0004088878631591797"><skipped message="Suite splitting in effect" type="pytest.skip">src/pymortests/vectorarray.py:361: &lt;py._xmlgen.raw object at 0x7f1dd43a9048&gt;</skipped></testcase><testcase classname="src.pymortests.vectorarray" file="src/pymortests/vectorarray.py" line="361" name="test_axpy[compatible_vector_array_pair2-&lt;lambda&gt;27]" time="0.0007162094116210938"><skipped message="Suite splitting in effect" type="pytest.skip">src/pymortests/vectorarray.py:361: &lt;py._xmlgen.raw object at 0x7f1dd43a9f60&gt;</skipped></testcase><testcase classname="src.pymortests.vectorarray" file="src/pymortests/vectorarray.py" line="361" name="test_axpy[compatible_vector_array_pair2-&lt;lambda&gt;28]" time="0.0004322528839111328"><skipped message="Suite splitting in effect" type="pytest.skip">src/pymortests/vectorarray.py:361: &lt;py._xmlgen.raw object at 0x7f1dd43a9048&gt;</skipped></testcase><testcase classname="src.pymortests.vectorarray" file="src/pymortests/vectorarray.py" line="361" name="test_axpy[compatible_vector_array_pair2-&lt;lambda&gt;29]" time="0.00043201446533203125"><skipped message="Suite splitting in effect" type="pytest.skip">src/pymortests/vectorarray.py:361: &lt;py._xmlgen.raw object at 0x7f1dd4398630&gt;</skipped></testcase><testcase classname="src.pymortests.vectorarray" file="src/pymortests/vectorarray.py" line="361" name="test_axpy[compatible_vector_array_pair3-&lt;lambda&gt;0]" time="0.00044608116149902344"><skipped message="Suite splitting in effect" type="pytest.skip">src/pymortests/vectorarray.py:361: &lt;py._xmlgen.raw object at 0x7f1dde3287b8&gt;</skipped></testcase><testcase classname="src.pymortests.vectorarray" file="src/pymortests/vectorarray.py" line="361" name="test_axpy[compatible_vector_array_pair3-&lt;lambda&gt;1]" time="0.0004105567932128906"><skipped message="Suite splitting in effect" type="pytest.skip">src/pymortests/vectorarray.py:361: &lt;py._xmlgen.raw object at 0x7f1dde34a470&gt;</skipped></testcase><testcase classname="src.pymortests.vectorarray" file="src/pymortests/vectorarray.py" line="361" name="test_axpy[compatible_vector_array_pair3-&lt;lambda&gt;2]" time="0.000522613525390625"><skipped message="Suite splitting in effect" type="pytest.skip">src/pymortests/vectorarray.py:361: &lt;py._xmlgen.raw object at 0x7f1dde2db518&gt;</skipped></testcase><testcase classname="src.pymortests.vectorarray" file="src/pymortests/vectorarray.py" line="361" name="test_axpy[compatible_vector_array_pair3-&lt;lambda&gt;3]" time="0.0004279613494873047"><skipped message="Suite splitting in effect" type="pytest.skip">src/pymortests/vectorarray.py:361: &lt;py._xmlgen.raw object at 0x7f1dd4422c88&gt;</skipped></testcase><testcase classname="src.pymortests.vectorarray" file="src/pymortests/vectorarray.py" line="361" name="test_axpy[compatible_vector_array_pair3-&lt;lambda&gt;4]" time="0.0004146099090576172"><skipped message="Suite splitting in effect" type="pytest.skip">src/pymortests/vectorarray.py:361: &lt;py._xmlgen.raw object at 0x7f1dd43b3080&gt;</skipped></testcase><testcase classname="src.pymortests.vectorarray" file="src/pymortests/vectorarray.py" line="361" name="test_axpy[compatible_vector_array_pair3-&lt;lambda&gt;5]" time="0.0006730556488037109"><skipped message="Suite splitting in effect" type="pytest.skip">src/pymortests/vectorarray.py:361: &lt;py._xmlgen.raw object at 0x7f1dd43b35c0&gt;</skipped></testcase><testcase classname="src.pymortests.vectorarray" file="src/pymortests/vectorarray.py" line="361" name="test_axpy[compatible_vector_array_pair3-&lt;lambda&gt;6]" time="0.0004425048828125"><skipped message="Suite splitting in effect" type="pytest.skip">src/pymortests/vectorarray.py:361: &lt;py._xmlgen.raw object at 0x7f1dd438c748&gt;</skipped></testcase><testcase classname="src.pymortests.vectorarray" file="src/pymortests/vectorarray.py" line="361" name="test_axpy[compatible_vector_array_pair3-&lt;lambda&gt;7]" time="0.0004165172576904297"><skipped message="Suite splitting in effect" type="pytest.skip">src/pymortests/vectorarray.py:361: &lt;py._xmlgen.raw object at 0x7f1dde2db7b8&gt;</skipped></testcase><testcase classname="src.pymortests.vectorarray" file="src/pymortests/vectorarray.py" line="361" name="test_axpy[compatible_vector_array_pair3-&lt;lambda&gt;8]" time="0.00041103363037109375"><skipped message="Suite splitting in effect" type="pytest.skip">src/pymortests/vectorarray.py:361: &lt;py._xmlgen.raw object at 0x7f1dd43e74a8&gt;</skipped></testcase><testcase classname="src.pymortests.vectorarray" file="src/pymortests/vectorarray.py" line="361" name="test_axpy[compatible_vector_array_pair3-&lt;lambda&gt;9]" time="0.00042939186096191406"><skipped message="Suite splitting in effect" type="pytest.skip">src/pymortests/vectorarray.py:361: &lt;py._xmlgen.raw object at 0x7f1dd4398a58&gt;</skipped></testcase><testcase classname="src.pymortests.vectorarray" file="src/pymortests/vectorarray.py" line="361" name="test_axpy[compatible_vector_array_pair3-&lt;lambda&gt;10]" time="0.00040650367736816406"><skipped message="Suite splitting in effect" type="pytest.skip">src/pymortests/vectorarray.py:361: &lt;py._xmlgen.raw object at 0x7f1dd43a99b0&gt;</skipped></testcase><testcase classname="src.pymortests.vectorarray" file="src/pymortests/vectorarray.py" line="361" name="test_axpy[compatible_vector_array_pair3-&lt;lambda&gt;11]" time="0.0004401206970214844"><skipped message="Suite splitting in effect" type="pytest.skip">src/pymortests/vectorarray.py:361: &lt;py._xmlgen.raw object at 0x7f1dd43a9e80&gt;</skipped></testcase><testcase classname="src.pymortests.vectorarray" file="src/pymortests/vectorarray.py" line="361" name="test_axpy[compatible_vector_array_pair3-&lt;lambda&gt;12]" time="0.0004374980926513672"><skipped message="Suite splitting in effect" type="pytest.skip">src/pymortests/vectorarray.py:361: &lt;py._xmlgen.raw object at 0x7f1dd43b3240&gt;</skipped></testcase><testcase classname="src.pymortests.vectorarray" file="src/pymortests/vectorarray.py" line="361" name="test_axpy[compatible_vector_array_pair3-&lt;lambda&gt;13]" time="0.0006892681121826172"><skipped message="Suite splitting in effect" type="pytest.skip">src/pymortests/vectorarray.py:361: &lt;py._xmlgen.raw object at 0x7f1dd43b3be0&gt;</skipped></testcase><testcase classname="src.pymortests.vectorarray" file="src/pymortests/vectorarray.py" line="361" name="test_axpy[compatible_vector_array_pair3-&lt;lambda&gt;14]" time="0.0004074573516845703"><skipped message="Suite splitting in effect" type="pytest.skip">src/pymortests/vectorarray.py:361: &lt;py._xmlgen.raw object at 0x7f1dd43a94e0&gt;</skipped></testcase><testcase classname="src.pymortests.vectorarray" file="src/pymortests/vectorarray.py" line="361" name="test_axpy[compatible_vector_array_pair3-&lt;lambda&gt;15]" time="0.0004067420959472656"><skipped message="Suite splitting in effect" type="pytest.skip">src/pymortests/vectorarray.py:361: &lt;py._xmlgen.raw object at 0x7f1dd4398208&gt;</skipped></testcase><testcase classname="src.pymortests.vectorarray" file="src/pymortests/vectorarray.py" line="361" name="test_axpy[compatible_vector_array_pair3-&lt;lambda&gt;16]" time="0.00041103363037109375"><skipped message="Suite splitting in effect" type="pytest.skip">src/pymortests/vectorarray.py:361: &lt;py._xmlgen.raw object at 0x7f1dd43e74a8&gt;</skipped></testcase><testcase classname="src.pymortests.vectorarray" file="src/pymortests/vectorarray.py" line="361" name="test_axpy[compatible_vector_array_pair3-&lt;lambda&gt;17]" time="0.00041937828063964844"><skipped message="Suite splitting in effect" type="pytest.skip">src/pymortests/vectorarray.py:361: &lt;py._xmlgen.raw object at 0x7f1dde2dbef0&gt;</skipped></testcase><testcase classname="src.pymortests.vectorarray" file="src/pymortests/vectorarray.py" line="361" name="test_axpy[compatible_vector_array_pair3-&lt;lambda&gt;18]" time="0.00040984153747558594"><skipped message="Suite splitting in effect" type="pytest.skip">src/pymortests/vectorarray.py:361: &lt;py._xmlgen.raw object at 0x7f1dd438c898&gt;</skipped></testcase><testcase classname="src.pymortests.vectorarray" file="src/pymortests/vectorarray.py" line="361" name="test_axpy[compatible_vector_array_pair3-&lt;lambda&gt;19]" time="0.00041961669921875"><skipped message="Suite splitting in effect" type="pytest.skip">src/pymortests/vectorarray.py:361: &lt;py._xmlgen.raw object at 0x7f1dd43b30b8&gt;</skipped></testcase><testcase classname="src.pymortests.vectorarray" file="src/pymortests/vectorarray.py" line="361" name="test_axpy[compatible_vector_array_pair3-&lt;lambda&gt;20]" time="0.00043082237243652344"><skipped message="Suite splitting in effect" type="pytest.skip">src/pymortests/vectorarray.py:361: &lt;py._xmlgen.raw object at 0x7f1dd43b3438&gt;</skipped></testcase><testcase classname="src.pymortests.vectorarray" file="src/pymortests/vectorarray.py" line="361" name="test_axpy[compatible_vector_array_pair3-&lt;lambda&gt;21]" time="0.0006613731384277344"><skipped message="Suite splitting in effect" type="pytest.skip">src/pymortests/vectorarray.py:361: &lt;py._xmlgen.raw object at 0x7f1dd433b240&gt;</skipped></testcase><testcase classname="src.pymortests.vectorarray" file="src/pymortests/vectorarray.py" line="361" name="test_axpy[compatible_vector_array_pair3-&lt;lambda&gt;22]" time="0.00045299530029296875"><skipped message="Suite splitting in effect" type="pytest.skip">src/pymortests/vectorarray.py:361: &lt;py._xmlgen.raw object at 0x7f1dd43b31d0&gt;</skipped></testcase><testcase classname="src.pymortests.vectorarray" file="src/pymortests/vectorarray.py" line="361" name="test_axpy[compatible_vector_array_pair3-&lt;lambda&gt;23]" time="0.00042724609375"><skipped message="Suite splitting in effect" type="pytest.skip">src/pymortests/vectorarray.py:361: &lt;py._xmlgen.raw object at 0x7f1dd438c400&gt;</skipped></testcase><testcase classname="src.pymortests.vectorarray" file="src/pymortests/vectorarray.py" line="361" name="test_axpy[compatible_vector_array_pair3-&lt;lambda&gt;24]" time="0.0004360675811767578"><skipped message="Suite splitting in effect" type="pytest.skip">src/pymortests/vectorarray.py:361: &lt;py._xmlgen.raw object at 0x7f1dde2dbfd0&gt;</skipped></testcase><testcase classname="src.pymortests.vectorarray" file="src/pymortests/vectorarray.py" line="361" name="test_axpy[compatible_vector_array_pair3-&lt;lambda&gt;25]" time="0.00040984153747558594"><skipped message="Suite splitting in effect" type="pytest.skip">src/pymortests/vectorarray.py:361: &lt;py._xmlgen.raw object at 0x7f1dde3bd518&gt;</skipped></testcase><testcase classname="src.pymortests.vectorarray" file="src/pymortests/vectorarray.py" line="361" name="test_axpy[compatible_vector_array_pair3-&lt;lambda&gt;26]" time="0.00040650367736816406"><skipped message="Suite splitting in effect" type="pytest.skip">src/pymortests/vectorarray.py:361: &lt;py._xmlgen.raw object at 0x7f1dde2ebb00&gt;</skipped></testcase><testcase classname="src.pymortests.vectorarray" file="src/pymortests/vectorarray.py" line="361" name="test_axpy[compatible_vector_array_pair3-&lt;lambda&gt;27]" time="0.00047016143798828125"><skipped message="Suite splitting in effect" type="pytest.skip">src/pymortests/vectorarray.py:361: &lt;py._xmlgen.raw object at 0x7f1dd43a9c50&gt;</skipped></testcase><testcase classname="src.pymortests.vectorarray" file="src/pymortests/vectorarray.py" line="361" name="test_axpy[compatible_vector_array_pair3-&lt;lambda&gt;28]" time="0.00041031837463378906"><skipped message="Suite splitting in effect" type="pytest.skip">src/pymortests/vectorarray.py:361: &lt;py._xmlgen.raw object at 0x7f1dd433b0b8&gt;</skipped></testcase><testcase classname="src.pymortests.vectorarray" file="src/pymortests/vectorarray.py" line="361" name="test_axpy[compatible_vector_array_pair3-&lt;lambda&gt;29]" time="0.09427666664123535"><system-out> set global mesh
 set global mesh
 Update mesh topology
 Update edges 
 Update faces 
 Update clusters
</system-out></testcase><testcase classname="src.pymortests.vectorarray" file="src/pymortests/vectorarray.py" line="361" name="test_axpy[compatible_vector_array_pair4-&lt;lambda&gt;0]" time="0.01859450340270996"></testcase><testcase classname="src.pymortests.vectorarray" file="src/pymortests/vectorarray.py" line="361" name="test_axpy[compatible_vector_array_pair4-&lt;lambda&gt;1]" time="0.005117893218994141"></testcase><testcase classname="src.pymortests.vectorarray" file="src/pymortests/vectorarray.py" line="361" name="test_axpy[compatible_vector_array_pair4-&lt;lambda&gt;2]" time="0.027302980422973633"></testcase><testcase classname="src.pymortests.vectorarray" file="src/pymortests/vectorarray.py" line="361" name="test_axpy[compatible_vector_array_pair4-&lt;lambda&gt;3]" time="0.02975773811340332"></testcase><testcase classname="src.pymortests.vectorarray" file="src/pymortests/vectorarray.py" line="361" name="test_axpy[compatible_vector_array_pair4-&lt;lambda&gt;4]" time="0.031025409698486328"></testcase><testcase classname="src.pymortests.vectorarray" file="src/pymortests/vectorarray.py" line="361" name="test_axpy[compatible_vector_array_pair4-&lt;lambda&gt;5]" time="0.04217076301574707"></testcase><testcase classname="src.pymortests.vectorarray" file="src/pymortests/vectorarray.py" line="361" name="test_axpy[compatible_vector_array_pair4-&lt;lambda&gt;6]" time="0.015045881271362305"></testcase><testcase classname="src.pymortests.vectorarray" file="src/pymortests/vectorarray.py" line="361" name="test_axpy[compatible_vector_array_pair4-&lt;lambda&gt;7]" time="0.004726409912109375"></testcase><testcase classname="src.pymortests.vectorarray" file="src/pymortests/vectorarray.py" line="361" name="test_axpy[compatible_vector_array_pair4-&lt;lambda&gt;8]" time="0.06563496589660645"></testcase><testcase classname="src.pymortests.vectorarray" file="src/pymortests/vectorarray.py" line="361" name="test_axpy[compatible_vector_array_pair4-&lt;lambda&gt;9]" time="0.11206674575805664"></testcase><testcase classname="src.pymortests.vectorarray" file="src/pymortests/vectorarray.py" line="361" name="test_axpy[compatible_vector_array_pair4-&lt;lambda&gt;10]" time="0.28236913681030273"></testcase><testcase classname="src.pymortests.vectorarray" file="src/pymortests/vectorarray.py" line="361" name="test_axpy[compatible_vector_array_pair4-&lt;lambda&gt;11]" time="0.049596548080444336"></testcase><testcase classname="src.pymortests.vectorarray" file="src/pymortests/vectorarray.py" line="361" name="test_axpy[compatible_vector_array_pair4-&lt;lambda&gt;12]" time="0.034865379333496094"></testcase><testcase classname="src.pymortests.vectorarray" file="src/pymortests/vectorarray.py" line="361" name="test_axpy[compatible_vector_array_pair4-&lt;lambda&gt;13]" time="0.009453296661376953"></testcase><testcase classname="src.pymortests.vectorarray" file="src/pymortests/vectorarray.py" line="361" name="test_axpy[compatible_vector_array_pair4-&lt;lambda&gt;14]" time="0.040792226791381836"></testcase><testcase classname="src.pymortests.vectorarray" file="src/pymortests/vectorarray.py" line="361" name="test_axpy[compatible_vector_array_pair4-&lt;lambda&gt;15]" time="0.0712282657623291"></testcase><testcase classname="src.pymortests.vectorarray" file="src/pymortests/vectorarray.py" line="361" name="test_axpy[compatible_vector_array_pair4-&lt;lambda&gt;16]" time="0.07590174674987793"></testcase><testcase classname="src.pymortests.vectorarray" file="src/pymortests/vectorarray.py" line="361" name="test_axpy[compatible_vector_array_pair4-&lt;lambda&gt;17]" time="0.07917094230651855"></testcase><testcase classname="src.pymortests.vectorarray" file="src/pymortests/vectorarray.py" line="361" name="test_axpy[compatible_vector_array_pair4-&lt;lambda&gt;18]" time="0.04587435722351074"></testcase><testcase classname="src.pymortests.vectorarray" file="src/pymortests/vectorarray.py" line="361" name="test_axpy[compatible_vector_array_pair4-&lt;lambda&gt;19]" time="0.008347749710083008"></testcase><testcase classname="src.pymortests.vectorarray" file="src/pymortests/vectorarray.py" line="361" name="test_axpy[compatible_vector_array_pair4-&lt;lambda&gt;20]" time="0.24755311012268066"></testcase><testcase classname="src.pymortests.vectorarray" file="src/pymortests/vectorarray.py" line="361" name="test_axpy[compatible_vector_array_pair4-&lt;lambda&gt;21]" time="0.20246577262878418"></testcase><testcase classname="src.pymortests.vectorarray" file="src/pymortests/vectorarray.py" line="361" name="test_axpy[compatible_vector_array_pair4-&lt;lambda&gt;22]" time="0.49658918380737305"></testcase><testcase classname="src.pymortests.vectorarray" file="src/pymortests/vectorarray.py" line="361" name="test_axpy[compatible_vector_array_pair4-&lt;lambda&gt;23]" time="0.09914135932922363"></testcase><testcase classname="src.pymortests.vectorarray" file="src/pymortests/vectorarray.py" line="361" name="test_axpy[compatible_vector_array_pair4-&lt;lambda&gt;24]" time="0.01686263084411621"><system-out> set global mesh
 set global mesh
 Update mesh topology
 Update edges 
 Update faces 
 Update clusters
</system-out></testcase><testcase classname="src.pymortests.vectorarray" file="src/pymortests/vectorarray.py" line="361" name="test_axpy[compatible_vector_array_pair4-&lt;lambda&gt;25]" time="0.00617671012878418"><system-out> set global mesh
 set global mesh
 Update mesh topology
 Update edges 
 Update faces 
 Update clusters
</system-out></testcase><testcase classname="src.pymortests.vectorarray" file="src/pymortests/vectorarray.py" line="361" name="test_axpy[compatible_vector_array_pair4-&lt;lambda&gt;26]" time="0.19365310668945312"><system-out> set global mesh
 set global mesh
 Update mesh topology
 Update edges 
 Update faces 
 Update clusters
</system-out></testcase><testcase classname="src.pymortests.vectorarray" file="src/pymortests/vectorarray.py" line="361" name="test_axpy[compatible_vector_array_pair4-&lt;lambda&gt;27]" time="0.3343966007232666"><system-out> set global mesh
 set global mesh
 Update mesh topology
 Update edges 
 Update faces 
 Update clusters
</system-out></testcase><testcase classname="src.pymortests.vectorarray" file="src/pymortests/vectorarray.py" line="361" name="test_axpy[compatible_vector_array_pair4-&lt;lambda&gt;28]" time="1.0172364711761475"><system-out> set global mesh
 set global mesh
 Update mesh topology
 Update edges 
 Update faces 
 Update clusters
</system-out></testcase><testcase classname="src.pymortests.vectorarray" file="src/pymortests/vectorarray.py" line="361" name="test_axpy[compatible_vector_array_pair4-&lt;lambda&gt;29]" time="0.09810304641723633"></testcase><testcase classname="src.pymortests.vectorarray" file="src/pymortests/vectorarray.py" line="361" name="test_axpy[compatible_vector_array_pair5-&lt;lambda&gt;0]" time="0.018576383590698242"></testcase><testcase classname="src.pymortests.vectorarray" file="src/pymortests/vectorarray.py" line="361" name="test_axpy[compatible_vector_array_pair5-&lt;lambda&gt;1]" time="0.005052328109741211"></testcase><testcase classname="src.pymortests.vectorarray" file="src/pymortests/vectorarray.py" line="361" name="test_axpy[compatible_vector_array_pair5-&lt;lambda&gt;2]" time="0.02698540687561035"></testcase><testcase classname="src.pymortests.vectorarray" file="src/pymortests/vectorarray.py" line="361" name="test_axpy[compatible_vector_array_pair5-&lt;lambda&gt;3]" time="0.029865264892578125"></testcase><testcase classname="src.pymortests.vectorarray" file="src/pymortests/vectorarray.py" line="361" name="test_axpy[compatible_vector_array_pair5-&lt;lambda&gt;4]" time="0.03049921989440918"></testcase><testcase classname="src.pymortests.vectorarray" file="src/pymortests/vectorarray.py" line="361" name="test_axpy[compatible_vector_array_pair5-&lt;lambda&gt;5]" time="0.04208660125732422"></testcase><testcase classname="src.pymortests.vectorarray" file="src/pymortests/vectorarray.py" line="361" name="test_axpy[compatible_vector_array_pair5-&lt;lambda&gt;6]" time="0.014862537384033203"></testcase><testcase classname="src.pymortests.vectorarray" file="src/pymortests/vectorarray.py" line="361" name="test_axpy[compatible_vector_array_pair5-&lt;lambda&gt;7]" time="0.004645347595214844"></testcase><testcase classname="src.pymortests.vectorarray" file="src/pymortests/vectorarray.py" line="361" name="test_axpy[compatible_vector_array_pair5-&lt;lambda&gt;8]" time="0.06568789482116699"></testcase><testcase classname="src.pymortests.vectorarray" file="src/pymortests/vectorarray.py" line="361" name="test_axpy[compatible_vector_array_pair5-&lt;lambda&gt;9]" time="0.11201357841491699"></testcase><testcase classname="src.pymortests.vectorarray" file="src/pymortests/vectorarray.py" line="361" name="test_axpy[compatible_vector_array_pair5-&lt;lambda&gt;10]" time="0.28433990478515625"></testcase><testcase classname="src.pymortests.vectorarray" file="src/pymortests/vectorarray.py" line="361" name="test_axpy[compatible_vector_array_pair5-&lt;lambda&gt;11]" time="0.04932665824890137"></testcase><testcase classname="src.pymortests.vectorarray" file="src/pymortests/vectorarray.py" line="361" name="test_axpy[compatible_vector_array_pair5-&lt;lambda&gt;12]" time="0.03438735008239746"></testcase><testcase classname="src.pymortests.vectorarray" file="src/pymortests/vectorarray.py" line="361" name="test_axpy[compatible_vector_array_pair5-&lt;lambda&gt;13]" time="0.00932455062866211"></testcase><testcase classname="src.pymortests.vectorarray" file="src/pymortests/vectorarray.py" line="361" name="test_axpy[compatible_vector_array_pair5-&lt;lambda&gt;14]" time="0.04011225700378418"></testcase><testcase classname="src.pymortests.vectorarray" file="src/pymortests/vectorarray.py" line="361" name="test_axpy[compatible_vector_array_pair5-&lt;lambda&gt;15]" time="0.0712733268737793"></testcase><testcase classname="src.pymortests.vectorarray" file="src/pymortests/vectorarray.py" line="361" name="test_axpy[compatible_vector_array_pair5-&lt;lambda&gt;16]" time="0.07677483558654785"></testcase><testcase classname="src.pymortests.vectorarray" file="src/pymortests/vectorarray.py" line="361" name="test_axpy[compatible_vector_array_pair5-&lt;lambda&gt;17]" time="0.07950854301452637"></testcase><testcase classname="src.pymortests.vectorarray" file="src/pymortests/vectorarray.py" line="361" name="test_axpy[compatible_vector_array_pair5-&lt;lambda&gt;18]" time="0.04570746421813965"></testcase><testcase classname="src.pymortests.vectorarray" file="src/pymortests/vectorarray.py" line="361" name="test_axpy[compatible_vector_array_pair5-&lt;lambda&gt;19]" time="0.008400678634643555"></testcase><testcase classname="src.pymortests.vectorarray" file="src/pymortests/vectorarray.py" line="361" name="test_axpy[compatible_vector_array_pair5-&lt;lambda&gt;20]" time="0.24427485466003418"></testcase><testcase classname="src.pymortests.vectorarray" file="src/pymortests/vectorarray.py" line="361" name="test_axpy[compatible_vector_array_pair5-&lt;lambda&gt;21]" time="0.20946764945983887"></testcase><testcase classname="src.pymortests.vectorarray" file="src/pymortests/vectorarray.py" line="361" name="test_axpy[compatible_vector_array_pair5-&lt;lambda&gt;22]" time="0.5272796154022217"></testcase><testcase classname="src.pymortests.vectorarray" file="src/pymortests/vectorarray.py" line="361" name="test_axpy[compatible_vector_array_pair5-&lt;lambda&gt;23]" time="0.09917545318603516"></testcase><testcase classname="src.pymortests.vectorarray" file="src/pymortests/vectorarray.py" line="361" name="test_axpy[compatible_vector_array_pair5-&lt;lambda&gt;24]" time="0.01655435562133789"></testcase><testcase classname="src.pymortests.vectorarray" file="src/pymortests/vectorarray.py" line="361" name="test_axpy[compatible_vector_array_pair5-&lt;lambda&gt;25]" time="0.0061495304107666016"></testcase><testcase classname="src.pymortests.vectorarray" file="src/pymortests/vectorarray.py" line="361" name="test_axpy[compatible_vector_array_pair5-&lt;lambda&gt;26]" time="0.2197589874267578"></testcase><testcase classname="src.pymortests.vectorarray" file="src/pymortests/vectorarray.py" line="361" name="test_axpy[compatible_vector_array_pair5-&lt;lambda&gt;27]" time="0.38366079330444336"></testcase><testcase classname="src.pymortests.vectorarray" file="src/pymortests/vectorarray.py" line="361" name="test_axpy[compatible_vector_array_pair5-&lt;lambda&gt;28]" time="1.1559016704559326"></testcase><testcase classname="src.pymortests.vectorarray" file="src/pymortests/vectorarray.py" line="361" name="test_axpy[compatible_vector_array_pair5-&lt;lambda&gt;29]" time="0.10504293441772461"></testcase><testcase classname="src.pymortests.vectorarray" file="src/pymortests/vectorarray.py" line="361" name="test_axpy[compatible_vector_array_pair6-&lt;lambda&gt;0]" time="0.01837754249572754"></testcase><testcase classname="src.pymortests.vectorarray" file="src/pymortests/vectorarray.py" line="361" name="test_axpy[compatible_vector_array_pair6-&lt;lambda&gt;1]" time="0.005146503448486328"></testcase><testcase classname="src.pymortests.vectorarray" file="src/pymortests/vectorarray.py" line="361" name="test_axpy[compatible_vector_array_pair6-&lt;lambda&gt;2]" time="0.027098655700683594"></testcase><testcase classname="src.pymortests.vectorarray" file="src/pymortests/vectorarray.py" line="361" name="test_axpy[compatible_vector_array_pair6-&lt;lambda&gt;3]" time="0.029750585556030273"></testcase><testcase classname="src.pymortests.vectorarray" file="src/pymortests/vectorarray.py" line="361" name="test_axpy[compatible_vector_array_pair6-&lt;lambda&gt;4]" time="0.030620813369750977"></testcase><testcase classname="src.pymortests.vectorarray" file="src/pymortests/vectorarray.py" line="361" name="test_axpy[compatible_vector_array_pair6-&lt;lambda&gt;5]" time="0.042374372482299805"></testcase><testcase classname="src.pymortests.vectorarray" file="src/pymortests/vectorarray.py" line="361" name="test_axpy[compatible_vector_array_pair6-&lt;lambda&gt;6]" time="0.015233516693115234"></testcase><testcase classname="src.pymortests.vectorarray" file="src/pymortests/vectorarray.py" line="361" name="test_axpy[compatible_vector_array_pair6-&lt;lambda&gt;7]" time="0.0046939849853515625"></testcase><testcase classname="src.pymortests.vectorarray" file="src/pymortests/vectorarray.py" line="361" name="test_axpy[compatible_vector_array_pair6-&lt;lambda&gt;8]" time="0.06624102592468262"></testcase><testcase classname="src.pymortests.vectorarray" file="src/pymortests/vectorarray.py" line="361" name="test_axpy[compatible_vector_array_pair6-&lt;lambda&gt;9]" time="0.11133551597595215"></testcase><testcase classname="src.pymortests.vectorarray" file="src/pymortests/vectorarray.py" line="361" name="test_axpy[compatible_vector_array_pair6-&lt;lambda&gt;10]" time="0.28222012519836426"></testcase><testcase classname="src.pymortests.vectorarray" file="src/pymortests/vectorarray.py" line="361" name="test_axpy[compatible_vector_array_pair6-&lt;lambda&gt;11]" time="0.04962873458862305"></testcase><testcase classname="src.pymortests.vectorarray" file="src/pymortests/vectorarray.py" line="361" name="test_axpy[compatible_vector_array_pair6-&lt;lambda&gt;12]" time="0.03461503982543945"></testcase><testcase classname="src.pymortests.vectorarray" file="src/pymortests/vectorarray.py" line="361" name="test_axpy[compatible_vector_array_pair6-&lt;lambda&gt;13]" time="0.009210586547851562"></testcase><testcase classname="src.pymortests.vectorarray" file="src/pymortests/vectorarray.py" line="361" name="test_axpy[compatible_vector_array_pair6-&lt;lambda&gt;14]" time="0.040743112564086914"></testcase><testcase classname="src.pymortests.vectorarray" file="src/pymortests/vectorarray.py" line="361" name="test_axpy[compatible_vector_array_pair6-&lt;lambda&gt;15]" time="0.07215523719787598"></testcase><testcase classname="src.pymortests.vectorarray" file="src/pymortests/vectorarray.py" line="361" name="test_axpy[compatible_vector_array_pair6-&lt;lambda&gt;16]" time="0.07561898231506348"></testcase><testcase classname="src.pymortests.vectorarray" file="src/pymortests/vectorarray.py" line="361" name="test_axpy[compatible_vector_array_pair6-&lt;lambda&gt;17]" time="0.07899045944213867"></testcase><testcase classname="src.pymortests.vectorarray" file="src/pymortests/vectorarray.py" line="361" name="test_axpy[compatible_vector_array_pair6-&lt;lambda&gt;18]" time="0.048325538635253906"></testcase><testcase classname="src.pymortests.vectorarray" file="src/pymortests/vectorarray.py" line="361" name="test_axpy[compatible_vector_array_pair6-&lt;lambda&gt;19]" time="0.008716344833374023"></testcase><testcase classname="src.pymortests.vectorarray" file="src/pymortests/vectorarray.py" line="361" name="test_axpy[compatible_vector_array_pair6-&lt;lambda&gt;20]" time="0.23830938339233398"></testcase><testcase classname="src.pymortests.vectorarray" file="src/pymortests/vectorarray.py" line="361" name="test_axpy[compatible_vector_array_pair6-&lt;lambda&gt;21]" time="0.2087111473083496"></testcase><testcase classname="src.pymortests.vectorarray" file="src/pymortests/vectorarray.py" line="361" name="test_axpy[compatible_vector_array_pair6-&lt;lambda&gt;22]" time="0.5191028118133545"></testcase><testcase classname="src.pymortests.vectorarray" file="src/pymortests/vectorarray.py" line="361" name="test_axpy[compatible_vector_array_pair6-&lt;lambda&gt;23]" time="0.09832930564880371"></testcase><testcase classname="src.pymortests.vectorarray" file="src/pymortests/vectorarray.py" line="361" name="test_axpy[compatible_vector_array_pair6-&lt;lambda&gt;24]" time="0.0180051326751709"></testcase><testcase classname="src.pymortests.vectorarray" file="src/pymortests/vectorarray.py" line="361" name="test_axpy[compatible_vector_array_pair6-&lt;lambda&gt;25]" time="0.005895376205444336"></testcase><testcase classname="src.pymortests.vectorarray" file="src/pymortests/vectorarray.py" line="361" name="test_axpy[compatible_vector_array_pair6-&lt;lambda&gt;26]" time="0.24423480033874512"></testcase><testcase classname="src.pymortests.vectorarray" file="src/pymortests/vectorarray.py" line="361" name="test_axpy[compatible_vector_array_pair6-&lt;lambda&gt;27]" time="0.42316675186157227"></testcase><testcase classname="src.pymortests.vectorarray" file="src/pymortests/vectorarray.py" line="361" name="test_axpy[compatible_vector_array_pair6-&lt;lambda&gt;28]" time="1.293933629989624"></testcase><testcase classname="src.pymortests.vectorarray" file="src/pymortests/vectorarray.py" line="361" name="test_axpy[compatible_vector_array_pair6-&lt;lambda&gt;29]" time="0.10837745666503906"></testcase><testcase classname="src.pymortests.vectorarray" file="src/pymortests/vectorarray.py" line="361" name="test_axpy[compatible_vector_array_pair7-&lt;lambda&gt;0]" time="0.018091678619384766"></testcase><testcase classname="src.pymortests.vectorarray" file="src/pymortests/vectorarray.py" line="361" name="test_axpy[compatible_vector_array_pair7-&lt;lambda&gt;1]" time="0.0051631927490234375"></testcase><testcase classname="src.pymortests.vectorarray" file="src/pymortests/vectorarray.py" line="361" name="test_axpy[compatible_vector_array_pair7-&lt;lambda&gt;2]" time="0.026864051818847656"></testcase><testcase classname="src.pymortests.vectorarray" file="src/pymortests/vectorarray.py" line="361" name="test_axpy[compatible_vector_array_pair7-&lt;lambda&gt;3]" time="0.029546499252319336"></testcase><testcase classname="src.pymortests.vectorarray" file="src/pymortests/vectorarray.py" line="361" name="test_axpy[compatible_vector_array_pair7-&lt;lambda&gt;4]" time="0.030243396759033203"></testcase><testcase classname="src.pymortests.vectorarray" file="src/pymortests/vectorarray.py" line="361" name="test_axpy[compatible_vector_array_pair7-&lt;lambda&gt;5]" time="0.042257070541381836"></testcase><testcase classname="src.pymortests.vectorarray" file="src/pymortests/vectorarray.py" line="361" name="test_axpy[compatible_vector_array_pair7-&lt;lambda&gt;6]" time="0.015121698379516602"></testcase><testcase classname="src.pymortests.vectorarray" file="src/pymortests/vectorarray.py" line="361" name="test_axpy[compatible_vector_array_pair7-&lt;lambda&gt;7]" time="0.004754066467285156"></testcase><testcase classname="src.pymortests.vectorarray" file="src/pymortests/vectorarray.py" line="361" name="test_axpy[compatible_vector_array_pair7-&lt;lambda&gt;8]" time="0.06805944442749023"></testcase><testcase classname="src.pymortests.vectorarray" file="src/pymortests/vectorarray.py" line="361" name="test_axpy[compatible_vector_array_pair7-&lt;lambda&gt;9]" time="0.11356329917907715"></testcase><testcase classname="src.pymortests.vectorarray" file="src/pymortests/vectorarray.py" line="361" name="test_axpy[compatible_vector_array_pair7-&lt;lambda&gt;10]" time="0.27890586853027344"></testcase><testcase classname="src.pymortests.vectorarray" file="src/pymortests/vectorarray.py" line="361" name="test_axpy[compatible_vector_array_pair7-&lt;lambda&gt;11]" time="0.04883432388305664"></testcase><testcase classname="src.pymortests.vectorarray" file="src/pymortests/vectorarray.py" line="361" name="test_axpy[compatible_vector_array_pair7-&lt;lambda&gt;12]" time="0.034294843673706055"></testcase><testcase classname="src.pymortests.vectorarray" file="src/pymortests/vectorarray.py" line="361" name="test_axpy[compatible_vector_array_pair7-&lt;lambda&gt;13]" time="0.009303569793701172"></testcase><testcase classname="src.pymortests.vectorarray" file="src/pymortests/vectorarray.py" line="361" name="test_axpy[compatible_vector_array_pair7-&lt;lambda&gt;14]" time="0.03972744941711426"></testcase><testcase classname="src.pymortests.vectorarray" file="src/pymortests/vectorarray.py" line="361" name="test_axpy[compatible_vector_array_pair7-&lt;lambda&gt;15]" time="0.07033443450927734"></testcase><testcase classname="src.pymortests.vectorarray" file="src/pymortests/vectorarray.py" line="361" name="test_axpy[compatible_vector_array_pair7-&lt;lambda&gt;16]" time="0.07470560073852539"></testcase><testcase classname="src.pymortests.vectorarray" file="src/pymortests/vectorarray.py" line="361" name="test_axpy[compatible_vector_array_pair7-&lt;lambda&gt;17]" time="0.07857728004455566"></testcase><testcase classname="src.pymortests.vectorarray" file="src/pymortests/vectorarray.py" line="361" name="test_axpy[compatible_vector_array_pair7-&lt;lambda&gt;18]" time="0.04505205154418945"></testcase><testcase classname="src.pymortests.vectorarray" file="src/pymortests/vectorarray.py" line="361" name="test_axpy[compatible_vector_array_pair7-&lt;lambda&gt;19]" time="0.008255720138549805"></testcase><testcase classname="src.pymortests.vectorarray" file="src/pymortests/vectorarray.py" line="361" name="test_axpy[compatible_vector_array_pair7-&lt;lambda&gt;20]" time="0.23821163177490234"></testcase><testcase classname="src.pymortests.vectorarray" file="src/pymortests/vectorarray.py" line="361" name="test_axpy[compatible_vector_array_pair7-&lt;lambda&gt;21]" time="0.20248794555664062"></testcase><testcase classname="src.pymortests.vectorarray" file="src/pymortests/vectorarray.py" line="361" name="test_axpy[compatible_vector_array_pair7-&lt;lambda&gt;22]" time="0.5161905288696289"></testcase><testcase classname="src.pymortests.vectorarray" file="src/pymortests/vectorarray.py" line="361" name="test_axpy[compatible_vector_array_pair7-&lt;lambda&gt;23]" time="0.09850001335144043"></testcase><testcase classname="src.pymortests.vectorarray" file="src/pymortests/vectorarray.py" line="361" name="test_axpy[compatible_vector_array_pair7-&lt;lambda&gt;24]" time="0.0165250301361084"></testcase><testcase classname="src.pymortests.vectorarray" file="src/pymortests/vectorarray.py" line="361" name="test_axpy[compatible_vector_array_pair7-&lt;lambda&gt;25]" time="0.0060253143310546875"></testcase><testcase classname="src.pymortests.vectorarray" file="src/pymortests/vectorarray.py" line="361" name="test_axpy[compatible_vector_array_pair7-&lt;lambda&gt;26]" time="0.27047276496887207"></testcase><testcase classname="src.pymortests.vectorarray" file="src/pymortests/vectorarray.py" line="361" name="test_axpy[compatible_vector_array_pair7-&lt;lambda&gt;27]" time="0.4592409133911133"></testcase><testcase classname="src.pymortests.vectorarray" file="src/pymortests/vectorarray.py" line="361" name="test_axpy[compatible_vector_array_pair7-&lt;lambda&gt;28]" time="1.4246399402618408"></testcase><testcase classname="src.pymortests.vectorarray" file="src/pymortests/vectorarray.py" line="361" name="test_axpy[compatible_vector_array_pair7-&lt;lambda&gt;29]" time="0.11659908294677734"></testcase><testcase classname="src.pymortests.vectorarray" file="src/pymortests/vectorarray.py" line="361" name="test_axpy[compatible_vector_array_pair8-&lt;lambda&gt;0]" time="0.01851201057434082"></testcase><testcase classname="src.pymortests.vectorarray" file="src/pymortests/vectorarray.py" line="361" name="test_axpy[compatible_vector_array_pair8-&lt;lambda&gt;1]" time="0.0052564144134521484"></testcase><testcase classname="src.pymortests.vectorarray" file="src/pymortests/vectorarray.py" line="361" name="test_axpy[compatible_vector_array_pair8-&lt;lambda&gt;2]" time="0.027498245239257812"></testcase><testcase classname="src.pymortests.vectorarray" file="src/pymortests/vectorarray.py" line="361" name="test_axpy[compatible_vector_array_pair8-&lt;lambda&gt;3]" time="0.029796123504638672"></testcase><testcase classname="src.pymortests.vectorarray" file="src/pymortests/vectorarray.py" line="361" name="test_axpy[compatible_vector_array_pair8-&lt;lambda&gt;4]" time="0.030208587646484375"></testcase><testcase classname="src.pymortests.vectorarray" file="src/pymortests/vectorarray.py" line="361" name="test_axpy[compatible_vector_array_pair8-&lt;lambda&gt;5]" time="0.042298316955566406"></testcase><testcase classname="src.pymortests.vectorarray" file="src/pymortests/vectorarray.py" line="361" name="test_axpy[compatible_vector_array_pair8-&lt;lambda&gt;6]" time="0.015072345733642578"></testcase><testcase classname="src.pymortests.vectorarray" file="src/pymortests/vectorarray.py" line="361" name="test_axpy[compatible_vector_array_pair8-&lt;lambda&gt;7]" time="0.005283355712890625"></testcase><testcase classname="src.pymortests.vectorarray" file="src/pymortests/vectorarray.py" line="361" name="test_axpy[compatible_vector_array_pair8-&lt;lambda&gt;8]" time="0.06576085090637207"></testcase><testcase classname="src.pymortests.vectorarray" file="src/pymortests/vectorarray.py" line="361" name="test_axpy[compatible_vector_array_pair8-&lt;lambda&gt;9]" time="0.11405062675476074"></testcase><testcase classname="src.pymortests.vectorarray" file="src/pymortests/vectorarray.py" line="361" name="test_axpy[compatible_vector_array_pair8-&lt;lambda&gt;10]" time="0.2851521968841553"></testcase><testcase classname="src.pymortests.vectorarray" file="src/pymortests/vectorarray.py" line="361" name="test_axpy[compatible_vector_array_pair8-&lt;lambda&gt;11]" time="0.04842877388000488"></testcase><testcase classname="src.pymortests.vectorarray" file="src/pymortests/vectorarray.py" line="361" name="test_axpy[compatible_vector_array_pair8-&lt;lambda&gt;12]" time="0.034226417541503906"></testcase><testcase classname="src.pymortests.vectorarray" file="src/pymortests/vectorarray.py" line="361" name="test_axpy[compatible_vector_array_pair8-&lt;lambda&gt;13]" time="0.009139299392700195"></testcase><testcase classname="src.pymortests.vectorarray" file="src/pymortests/vectorarray.py" line="361" name="test_axpy[compatible_vector_array_pair8-&lt;lambda&gt;14]" time="0.03976607322692871"></testcase><testcase classname="src.pymortests.vectorarray" file="src/pymortests/vectorarray.py" line="361" name="test_axpy[compatible_vector_array_pair8-&lt;lambda&gt;15]" time="0.07027268409729004"></testcase><testcase classname="src.pymortests.vectorarray" file="src/pymortests/vectorarray.py" line="361" name="test_axpy[compatible_vector_array_pair8-&lt;lambda&gt;16]" time="0.0761876106262207"></testcase><testcase classname="src.pymortests.vectorarray" file="src/pymortests/vectorarray.py" line="361" name="test_axpy[compatible_vector_array_pair8-&lt;lambda&gt;17]" time="0.07864642143249512"></testcase><testcase classname="src.pymortests.vectorarray" file="src/pymortests/vectorarray.py" line="361" name="test_axpy[compatible_vector_array_pair8-&lt;lambda&gt;18]" time="0.0461423397064209"></testcase><testcase classname="src.pymortests.vectorarray" file="src/pymortests/vectorarray.py" line="361" name="test_axpy[compatible_vector_array_pair8-&lt;lambda&gt;19]" time="0.008550643920898438"></testcase><testcase classname="src.pymortests.vectorarray" file="src/pymortests/vectorarray.py" line="361" name="test_axpy[compatible_vector_array_pair8-&lt;lambda&gt;20]" time="0.2383570671081543"></testcase><testcase classname="src.pymortests.vectorarray" file="src/pymortests/vectorarray.py" line="361" name="test_axpy[compatible_vector_array_pair8-&lt;lambda&gt;21]" time="0.20094609260559082"></testcase><testcase classname="src.pymortests.vectorarray" file="src/pymortests/vectorarray.py" line="361" name="test_axpy[compatible_vector_array_pair8-&lt;lambda&gt;22]" time="0.51546311378479"></testcase><testcase classname="src.pymortests.vectorarray" file="src/pymortests/vectorarray.py" line="361" name="test_axpy[compatible_vector_array_pair8-&lt;lambda&gt;23]" time="0.09944820404052734"></testcase><testcase classname="src.pymortests.vectorarray" file="src/pymortests/vectorarray.py" line="361" name="test_axpy[compatible_vector_array_pair8-&lt;lambda&gt;24]" time="0.016646623611450195"></testcase><testcase classname="src.pymortests.vectorarray" file="src/pymortests/vectorarray.py" line="361" name="test_axpy[compatible_vector_array_pair8-&lt;lambda&gt;25]" time="0.006400108337402344"></testcase><testcase classname="src.pymortests.vectorarray" file="src/pymortests/vectorarray.py" line="361" name="test_axpy[compatible_vector_array_pair8-&lt;lambda&gt;26]" time="0.30324506759643555"></testcase><testcase classname="src.pymortests.vectorarray" file="src/pymortests/vectorarray.py" line="361" name="test_axpy[compatible_vector_array_pair8-&lt;lambda&gt;27]" time="0.5115838050842285"></testcase><testcase classname="src.pymortests.vectorarray" file="src/pymortests/vectorarray.py" line="361" name="test_axpy[compatible_vector_array_pair8-&lt;lambda&gt;28]" time="1.5631487369537354"></testcase><testcase classname="src.pymortests.vectorarray" file="src/pymortests/vectorarray.py" line="361" name="test_axpy[compatible_vector_array_pair8-&lt;lambda&gt;29]" time="0.12409567832946777"></testcase><testcase classname="src.pymortests.vectorarray" file="src/pymortests/vectorarray.py" line="409" name="test_axpy_one_x[compatible_vector_array_pair0-&lt;lambda&gt;0]" time="0.050475120544433594"></testcase><testcase classname="src.pymortests.vectorarray" file="src/pymortests/vectorarray.py" line="409" name="test_axpy_one_x[compatible_vector_array_pair0-&lt;lambda&gt;1]" time="0.13501930236816406"></testcase><testcase classname="src.pymortests.vectorarray" file="src/pymortests/vectorarray.py" line="409" name="test_axpy_one_x[compatible_vector_array_pair0-&lt;lambda&gt;2]" time="0.10291576385498047"></testcase><testcase classname="src.pymortests.vectorarray" file="src/pymortests/vectorarray.py" line="409" name="test_axpy_one_x[compatible_vector_array_pair0-&lt;lambda&gt;3]" time="0.11781072616577148"></testcase><testcase classname="src.pymortests.vectorarray" file="src/pymortests/vectorarray.py" line="409" name="test_axpy_one_x[compatible_vector_array_pair0-&lt;lambda&gt;4]" time="0.12679648399353027"></testcase><testcase classname="src.pymortests.vectorarray" file="src/pymortests/vectorarray.py" line="409" name="test_axpy_one_x[compatible_vector_array_pair0-&lt;lambda&gt;5]" time="0.10327935218811035"></testcase><testcase classname="src.pymortests.vectorarray" file="src/pymortests/vectorarray.py" line="409" name="test_axpy_one_x[compatible_vector_array_pair0-&lt;lambda&gt;6]" time="0.04147624969482422"></testcase><testcase classname="src.pymortests.vectorarray" file="src/pymortests/vectorarray.py" line="409" name="test_axpy_one_x[compatible_vector_array_pair0-&lt;lambda&gt;7]" time="0.12198257446289062"></testcase><testcase classname="src.pymortests.vectorarray" file="src/pymortests/vectorarray.py" line="409" name="test_axpy_one_x[compatible_vector_array_pair0-&lt;lambda&gt;8]" time="0.2752523422241211"></testcase><testcase classname="src.pymortests.vectorarray" file="src/pymortests/vectorarray.py" line="409" name="test_axpy_one_x[compatible_vector_array_pair0-&lt;lambda&gt;9]" time="0.5399074554443359"></testcase><testcase classname="src.pymortests.vectorarray" file="src/pymortests/vectorarray.py" line="409" name="test_axpy_one_x[compatible_vector_array_pair0-&lt;lambda&gt;10]" time="1.5247018337249756"></testcase><testcase classname="src.pymortests.vectorarray" file="src/pymortests/vectorarray.py" line="409" name="test_axpy_one_x[compatible_vector_array_pair0-&lt;lambda&gt;11]" time="0.12057685852050781"></testcase><testcase classname="src.pymortests.vectorarray" file="src/pymortests/vectorarray.py" line="409" name="test_axpy_one_x[compatible_vector_array_pair0-&lt;lambda&gt;12]" time="0.09948539733886719"></testcase><testcase classname="src.pymortests.vectorarray" file="src/pymortests/vectorarray.py" line="409" name="test_axpy_one_x[compatible_vector_array_pair0-&lt;lambda&gt;13]" time="0.29346585273742676"></testcase><testcase classname="src.pymortests.vectorarray" file="src/pymortests/vectorarray.py" line="409" name="test_axpy_one_x[compatible_vector_array_pair0-&lt;lambda&gt;14]" time="0.1588764190673828"></testcase><testcase classname="src.pymortests.vectorarray" file="src/pymortests/vectorarray.py" line="409" name="test_axpy_one_x[compatible_vector_array_pair0-&lt;lambda&gt;15]" time="0.289731502532959"></testcase><testcase classname="src.pymortests.vectorarray" file="src/pymortests/vectorarray.py" line="409" name="test_axpy_one_x[compatible_vector_array_pair0-&lt;lambda&gt;16]" time="0.32395315170288086"></testcase><testcase classname="src.pymortests.vectorarray" file="src/pymortests/vectorarray.py" line="409" name="test_axpy_one_x[compatible_vector_array_pair0-&lt;lambda&gt;17]" time="0.3552873134613037"></testcase><testcase classname="src.pymortests.vectorarray" file="src/pymortests/vectorarray.py" line="409" name="test_axpy_one_x[compatible_vector_array_pair0-&lt;lambda&gt;18]" time="0.13091683387756348"></testcase><testcase classname="src.pymortests.vectorarray" file="src/pymortests/vectorarray.py" line="409" name="test_axpy_one_x[compatible_vector_array_pair0-&lt;lambda&gt;19]" time="0.29876184463500977"></testcase><testcase classname="src.pymortests.vectorarray" file="src/pymortests/vectorarray.py" line="409" name="test_axpy_one_x[compatible_vector_array_pair0-&lt;lambda&gt;20]" time="0.9388446807861328"></testcase><testcase classname="src.pymortests.vectorarray" file="src/pymortests/vectorarray.py" line="409" name="test_axpy_one_x[compatible_vector_array_pair0-&lt;lambda&gt;21]" time="0.9381973743438721"></testcase><testcase classname="src.pymortests.vectorarray" file="src/pymortests/vectorarray.py" line="409" name="test_axpy_one_x[compatible_vector_array_pair0-&lt;lambda&gt;22]" time="2.6957602500915527"></testcase><testcase classname="src.pymortests.vectorarray" file="src/pymortests/vectorarray.py" line="409" name="test_axpy_one_x[compatible_vector_array_pair0-&lt;lambda&gt;23]" time="0.25054001808166504"></testcase><testcase classname="src.pymortests.vectorarray" file="src/pymortests/vectorarray.py" line="409" name="test_axpy_one_x[compatible_vector_array_pair0-&lt;lambda&gt;24]" time="0.045739173889160156"></testcase><testcase classname="src.pymortests.vectorarray" file="src/pymortests/vectorarray.py" line="409" name="test_axpy_one_x[compatible_vector_array_pair0-&lt;lambda&gt;25]" time="0.207733154296875"></testcase><testcase classname="src.pymortests.vectorarray" file="src/pymortests/vectorarray.py" line="409" name="test_axpy_one_x[compatible_vector_array_pair0-&lt;lambda&gt;26]" time="1.466679573059082"></testcase><testcase classname="src.pymortests.vectorarray" file="src/pymortests/vectorarray.py" line="409" name="test_axpy_one_x[compatible_vector_array_pair0-&lt;lambda&gt;27]" time="2.819444417953491"></testcase><testcase classname="src.pymortests.vectorarray" file="src/pymortests/vectorarray.py" line="409" name="test_axpy_one_x[compatible_vector_array_pair0-&lt;lambda&gt;28]" time="11.691692352294922"></testcase><testcase classname="src.pymortests.vectorarray" file="src/pymortests/vectorarray.py" line="409" name="test_axpy_one_x[compatible_vector_array_pair0-&lt;lambda&gt;29]" time="0.42565464973449707"></testcase><testcase classname="src.pymortests.vectorarray" file="src/pymortests/vectorarray.py" line="409" name="test_axpy_one_x[compatible_vector_array_pair1-&lt;lambda&gt;0]" time="0.05378389358520508"></testcase><testcase classname="src.pymortests.vectorarray" file="src/pymortests/vectorarray.py" line="409" name="test_axpy_one_x[compatible_vector_array_pair1-&lt;lambda&gt;1]" time="0.1421670913696289"></testcase><testcase classname="src.pymortests.vectorarray" file="src/pymortests/vectorarray.py" line="409" name="test_axpy_one_x[compatible_vector_array_pair1-&lt;lambda&gt;2]" time="0.10442996025085449"></testcase><testcase classname="src.pymortests.vectorarray" file="src/pymortests/vectorarray.py" line="409" name="test_axpy_one_x[compatible_vector_array_pair1-&lt;lambda&gt;3]" time="0.12597870826721191"></testcase><testcase classname="src.pymortests.vectorarray" file="src/pymortests/vectorarray.py" line="409" name="test_axpy_one_x[compatible_vector_array_pair1-&lt;lambda&gt;4]" time="0.13905835151672363"></testcase><testcase classname="src.pymortests.vectorarray" file="src/pymortests/vectorarray.py" line="409" name="test_axpy_one_x[compatible_vector_array_pair1-&lt;lambda&gt;5]" time="0.11246323585510254"></testcase><testcase classname="src.pymortests.vectorarray" file="src/pymortests/vectorarray.py" line="409" name="test_axpy_one_x[compatible_vector_array_pair1-&lt;lambda&gt;6]" time="0.042615413665771484"></testcase><testcase classname="src.pymortests.vectorarray" file="src/pymortests/vectorarray.py" line="409" name="test_axpy_one_x[compatible_vector_array_pair1-&lt;lambda&gt;7]" time="0.12575459480285645"></testcase><testcase classname="src.pymortests.vectorarray" file="src/pymortests/vectorarray.py" line="409" name="test_axpy_one_x[compatible_vector_array_pair1-&lt;lambda&gt;8]" time="0.29302358627319336"></testcase><testcase classname="src.pymortests.vectorarray" file="src/pymortests/vectorarray.py" line="409" name="test_axpy_one_x[compatible_vector_array_pair1-&lt;lambda&gt;9]" time="0.5445432662963867"></testcase><testcase classname="src.pymortests.vectorarray" file="src/pymortests/vectorarray.py" line="409" name="test_axpy_one_x[compatible_vector_array_pair1-&lt;lambda&gt;10]" time="1.5372490882873535"></testcase><testcase classname="src.pymortests.vectorarray" file="src/pymortests/vectorarray.py" line="409" name="test_axpy_one_x[compatible_vector_array_pair1-&lt;lambda&gt;11]" time="0.12155961990356445"></testcase><testcase classname="src.pymortests.vectorarray" file="src/pymortests/vectorarray.py" line="409" name="test_axpy_one_x[compatible_vector_array_pair1-&lt;lambda&gt;12]" time="0.10004663467407227"></testcase><testcase classname="src.pymortests.vectorarray" file="src/pymortests/vectorarray.py" line="409" name="test_axpy_one_x[compatible_vector_array_pair1-&lt;lambda&gt;13]" time="0.29827189445495605"></testcase><testcase classname="src.pymortests.vectorarray" file="src/pymortests/vectorarray.py" line="409" name="test_axpy_one_x[compatible_vector_array_pair1-&lt;lambda&gt;14]" time="0.16613054275512695"></testcase><testcase classname="src.pymortests.vectorarray" file="src/pymortests/vectorarray.py" line="409" name="test_axpy_one_x[compatible_vector_array_pair1-&lt;lambda&gt;15]" time="0.29511117935180664"></testcase><testcase classname="src.pymortests.vectorarray" file="src/pymortests/vectorarray.py" line="409" name="test_axpy_one_x[compatible_vector_array_pair1-&lt;lambda&gt;16]" time="0.3365039825439453"></testcase><testcase classname="src.pymortests.vectorarray" file="src/pymortests/vectorarray.py" line="409" name="test_axpy_one_x[compatible_vector_array_pair1-&lt;lambda&gt;17]" time="0.35694384574890137"></testcase><testcase classname="src.pymortests.vectorarray" file="src/pymortests/vectorarray.py" line="409" name="test_axpy_one_x[compatible_vector_array_pair1-&lt;lambda&gt;18]" time="0.13127946853637695"></testcase><testcase classname="src.pymortests.vectorarray" file="src/pymortests/vectorarray.py" line="409" name="test_axpy_one_x[compatible_vector_array_pair1-&lt;lambda&gt;19]" time="0.29848480224609375"></testcase><testcase classname="src.pymortests.vectorarray" file="src/pymortests/vectorarray.py" line="409" name="test_axpy_one_x[compatible_vector_array_pair1-&lt;lambda&gt;20]" time="0.9505646228790283"></testcase><testcase classname="src.pymortests.vectorarray" file="src/pymortests/vectorarray.py" line="409" name="test_axpy_one_x[compatible_vector_array_pair1-&lt;lambda&gt;21]" time="0.9771952629089355"></testcase><testcase classname="src.pymortests.vectorarray" file="src/pymortests/vectorarray.py" line="409" name="test_axpy_one_x[compatible_vector_array_pair1-&lt;lambda&gt;22]" time="2.726834774017334"></testcase><testcase classname="src.pymortests.vectorarray" file="src/pymortests/vectorarray.py" line="409" name="test_axpy_one_x[compatible_vector_array_pair1-&lt;lambda&gt;23]" time="0.2516601085662842"></testcase><testcase classname="src.pymortests.vectorarray" file="src/pymortests/vectorarray.py" line="409" name="test_axpy_one_x[compatible_vector_array_pair1-&lt;lambda&gt;24]" time="0.0455782413482666"></testcase><testcase classname="src.pymortests.vectorarray" file="src/pymortests/vectorarray.py" line="409" name="test_axpy_one_x[compatible_vector_array_pair1-&lt;lambda&gt;25]" time="0.23874807357788086"></testcase><testcase classname="src.pymortests.vectorarray" file="src/pymortests/vectorarray.py" line="409" name="test_axpy_one_x[compatible_vector_array_pair1-&lt;lambda&gt;26]" time="2.191391944885254"></testcase><testcase classname="src.pymortests.vectorarray" file="src/pymortests/vectorarray.py" line="409" name="test_axpy_one_x[compatible_vector_array_pair1-&lt;lambda&gt;27]" time="4.010989665985107"></testcase><testcase classname="src.pymortests.vectorarray" file="src/pymortests/vectorarray.py" line="409" name="test_axpy_one_x[compatible_vector_array_pair1-&lt;lambda&gt;28]" time="15.414300441741943"></testcase><testcase classname="src.pymortests.vectorarray" file="src/pymortests/vectorarray.py" line="409" name="test_axpy_one_x[compatible_vector_array_pair1-&lt;lambda&gt;29]" time="0.47572922706604004"></testcase><testcase classname="src.pymortests.vectorarray" file="src/pymortests/vectorarray.py" line="409" name="test_axpy_one_x[compatible_vector_array_pair2-&lt;lambda&gt;0]" time="0.053228139877319336"></testcase><testcase classname="src.pymortests.vectorarray" file="src/pymortests/vectorarray.py" line="409" name="test_axpy_one_x[compatible_vector_array_pair2-&lt;lambda&gt;1]" time="0.1428062915802002"></testcase><testcase classname="src.pymortests.vectorarray" file="src/pymortests/vectorarray.py" line="409" name="test_axpy_one_x[compatible_vector_array_pair2-&lt;lambda&gt;2]" time="0.10735917091369629"></testcase><testcase classname="src.pymortests.vectorarray" file="src/pymortests/vectorarray.py" line="409" name="test_axpy_one_x[compatible_vector_array_pair2-&lt;lambda&gt;3]" time="0.12124443054199219"></testcase><testcase classname="src.pymortests.vectorarray" file="src/pymortests/vectorarray.py" line="409" name="test_axpy_one_x[compatible_vector_array_pair2-&lt;lambda&gt;4]" time="0.12772440910339355"></testcase><testcase classname="src.pymortests.vectorarray" file="src/pymortests/vectorarray.py" line="409" name="test_axpy_one_x[compatible_vector_array_pair2-&lt;lambda&gt;5]" time="0.10539078712463379"></testcase><testcase classname="src.pymortests.vectorarray" file="src/pymortests/vectorarray.py" line="409" name="test_axpy_one_x[compatible_vector_array_pair2-&lt;lambda&gt;6]" time="0.041013479232788086"></testcase><testcase classname="src.pymortests.vectorarray" file="src/pymortests/vectorarray.py" line="409" name="test_axpy_one_x[compatible_vector_array_pair2-&lt;lambda&gt;7]" time="0.12197017669677734"></testcase><testcase classname="src.pymortests.vectorarray" file="src/pymortests/vectorarray.py" line="409" name="test_axpy_one_x[compatible_vector_array_pair2-&lt;lambda&gt;8]" time="0.27723050117492676"></testcase><testcase classname="src.pymortests.vectorarray" file="src/pymortests/vectorarray.py" line="409" name="test_axpy_one_x[compatible_vector_array_pair2-&lt;lambda&gt;9]" time="0.5401453971862793"></testcase><testcase classname="src.pymortests.vectorarray" file="src/pymortests/vectorarray.py" line="409" name="test_axpy_one_x[compatible_vector_array_pair2-&lt;lambda&gt;10]" time="1.5243761539459229"></testcase><testcase classname="src.pymortests.vectorarray" file="src/pymortests/vectorarray.py" line="409" name="test_axpy_one_x[compatible_vector_array_pair2-&lt;lambda&gt;11]" time="0.12217307090759277"></testcase><testcase classname="src.pymortests.vectorarray" file="src/pymortests/vectorarray.py" line="409" name="test_axpy_one_x[compatible_vector_array_pair2-&lt;lambda&gt;12]" time="0.09950017929077148"></testcase><testcase classname="src.pymortests.vectorarray" file="src/pymortests/vectorarray.py" line="409" name="test_axpy_one_x[compatible_vector_array_pair2-&lt;lambda&gt;13]" time="0.29428935050964355"></testcase><testcase classname="src.pymortests.vectorarray" file="src/pymortests/vectorarray.py" line="409" name="test_axpy_one_x[compatible_vector_array_pair2-&lt;lambda&gt;14]" time="0.15946292877197266"></testcase><testcase classname="src.pymortests.vectorarray" file="src/pymortests/vectorarray.py" line="409" name="test_axpy_one_x[compatible_vector_array_pair2-&lt;lambda&gt;15]" time="0.28853559494018555"></testcase><testcase classname="src.pymortests.vectorarray" file="src/pymortests/vectorarray.py" line="409" name="test_axpy_one_x[compatible_vector_array_pair2-&lt;lambda&gt;16]" time="0.3294188976287842"></testcase><testcase classname="src.pymortests.vectorarray" file="src/pymortests/vectorarray.py" line="409" name="test_axpy_one_x[compatible_vector_array_pair2-&lt;lambda&gt;17]" time="0.3581225872039795"></testcase><testcase classname="src.pymortests.vectorarray" file="src/pymortests/vectorarray.py" line="409" name="test_axpy_one_x[compatible_vector_array_pair2-&lt;lambda&gt;18]" time="0.1317288875579834"></testcase><testcase classname="src.pymortests.vectorarray" file="src/pymortests/vectorarray.py" line="409" name="test_axpy_one_x[compatible_vector_array_pair2-&lt;lambda&gt;19]" time="0.29626941680908203"></testcase><testcase classname="src.pymortests.vectorarray" file="src/pymortests/vectorarray.py" line="409" name="test_axpy_one_x[compatible_vector_array_pair2-&lt;lambda&gt;20]" time="0.9277036190032959"></testcase><testcase classname="src.pymortests.vectorarray" file="src/pymortests/vectorarray.py" line="409" name="test_axpy_one_x[compatible_vector_array_pair2-&lt;lambda&gt;21]" time="0.9538891315460205"></testcase><testcase classname="src.pymortests.vectorarray" file="src/pymortests/vectorarray.py" line="409" name="test_axpy_one_x[compatible_vector_array_pair2-&lt;lambda&gt;22]" time="2.6840147972106934"></testcase><testcase classname="src.pymortests.vectorarray" file="src/pymortests/vectorarray.py" line="409" name="test_axpy_one_x[compatible_vector_array_pair2-&lt;lambda&gt;23]" time="0.2502303123474121"></testcase><testcase classname="src.pymortests.vectorarray" file="src/pymortests/vectorarray.py" line="409" name="test_axpy_one_x[compatible_vector_array_pair2-&lt;lambda&gt;24]" time="0.04625296592712402"></testcase><testcase classname="src.pymortests.vectorarray" file="src/pymortests/vectorarray.py" line="409" name="test_axpy_one_x[compatible_vector_array_pair2-&lt;lambda&gt;25]" time="0.2581970691680908"></testcase><testcase classname="src.pymortests.vectorarray" file="src/pymortests/vectorarray.py" line="409" name="test_axpy_one_x[compatible_vector_array_pair2-&lt;lambda&gt;26]" time="2.8282065391540527"></testcase><testcase classname="src.pymortests.vectorarray" file="src/pymortests/vectorarray.py" line="409" name="test_axpy_one_x[compatible_vector_array_pair2-&lt;lambda&gt;27]" time="5.034854412078857"></testcase><testcase classname="src.pymortests.vectorarray" file="src/pymortests/vectorarray.py" line="409" name="test_axpy_one_x[compatible_vector_array_pair2-&lt;lambda&gt;28]" time="18.88477325439453"></testcase><testcase classname="src.pymortests.vectorarray" file="src/pymortests/vectorarray.py" line="409" name="test_axpy_one_x[compatible_vector_array_pair2-&lt;lambda&gt;29]" time="0.521848201751709"></testcase><testcase classname="src.pymortests.vectorarray" file="src/pymortests/vectorarray.py" line="409" name="test_axpy_one_x[compatible_vector_array_pair3-&lt;lambda&gt;0]" time="0.05001473426818848"></testcase><testcase classname="src.pymortests.vectorarray" file="src/pymortests/vectorarray.py" line="409" name="test_axpy_one_x[compatible_vector_array_pair3-&lt;lambda&gt;1]" time="0.13296794891357422"></testcase><testcase classname="src.pymortests.vectorarray" file="src/pymortests/vectorarray.py" line="409" name="test_axpy_one_x[compatible_vector_array_pair3-&lt;lambda&gt;2]" time="0.10107946395874023"></testcase><testcase classname="src.pymortests.vectorarray" file="src/pymortests/vectorarray.py" line="409" name="test_axpy_one_x[compatible_vector_array_pair3-&lt;lambda&gt;3]" time="0.11764836311340332"></testcase><testcase classname="src.pymortests.vectorarray" file="src/pymortests/vectorarray.py" line="409" name="test_axpy_one_x[compatible_vector_array_pair3-&lt;lambda&gt;4]" time="0.12384653091430664"></testcase><testcase classname="src.pymortests.vectorarray" file="src/pymortests/vectorarray.py" line="409" name="test_axpy_one_x[compatible_vector_array_pair3-&lt;lambda&gt;5]" time="0.10121703147888184"></testcase><testcase classname="src.pymortests.vectorarray" file="src/pymortests/vectorarray.py" line="409" name="test_axpy_one_x[compatible_vector_array_pair3-&lt;lambda&gt;6]" time="0.03934979438781738"></testcase><testcase classname="src.pymortests.vectorarray" file="src/pymortests/vectorarray.py" line="409" name="test_axpy_one_x[compatible_vector_array_pair3-&lt;lambda&gt;7]" time="0.1201627254486084"></testcase><testcase classname="src.pymortests.vectorarray" file="src/pymortests/vectorarray.py" line="409" name="test_axpy_one_x[compatible_vector_array_pair3-&lt;lambda&gt;8]" time="0.27820515632629395"></testcase><testcase classname="src.pymortests.vectorarray" file="src/pymortests/vectorarray.py" line="409" name="test_axpy_one_x[compatible_vector_array_pair3-&lt;lambda&gt;9]" time="0.535564661026001"></testcase><testcase classname="src.pymortests.vectorarray" file="src/pymortests/vectorarray.py" line="409" name="test_axpy_one_x[compatible_vector_array_pair3-&lt;lambda&gt;10]" time="1.5104000568389893"></testcase><testcase classname="src.pymortests.vectorarray" file="src/pymortests/vectorarray.py" line="409" name="test_axpy_one_x[compatible_vector_array_pair3-&lt;lambda&gt;11]" time="0.12147235870361328"></testcase><testcase classname="src.pymortests.vectorarray" file="src/pymortests/vectorarray.py" line="409" name="test_axpy_one_x[compatible_vector_array_pair3-&lt;lambda&gt;12]" time="0.10299253463745117"></testcase><testcase classname="src.pymortests.vectorarray" file="src/pymortests/vectorarray.py" line="409" name="test_axpy_one_x[compatible_vector_array_pair3-&lt;lambda&gt;13]" time="0.2962679862976074"></testcase><testcase classname="src.pymortests.vectorarray" file="src/pymortests/vectorarray.py" line="409" name="test_axpy_one_x[compatible_vector_array_pair3-&lt;lambda&gt;14]" time="0.15987086296081543"></testcase><testcase classname="src.pymortests.vectorarray" file="src/pymortests/vectorarray.py" line="409" name="test_axpy_one_x[compatible_vector_array_pair3-&lt;lambda&gt;15]" time="0.2860569953918457"></testcase><testcase classname="src.pymortests.vectorarray" file="src/pymortests/vectorarray.py" line="409" name="test_axpy_one_x[compatible_vector_array_pair3-&lt;lambda&gt;16]" time="0.3307507038116455"></testcase><testcase classname="src.pymortests.vectorarray" file="src/pymortests/vectorarray.py" line="409" name="test_axpy_one_x[compatible_vector_array_pair3-&lt;lambda&gt;17]" time="0.3528561592102051"></testcase><testcase classname="src.pymortests.vectorarray" file="src/pymortests/vectorarray.py" line="409" name="test_axpy_one_x[compatible_vector_array_pair3-&lt;lambda&gt;18]" time="0.1311197280883789"></testcase><testcase classname="src.pymortests.vectorarray" file="src/pymortests/vectorarray.py" line="409" name="test_axpy_one_x[compatible_vector_array_pair3-&lt;lambda&gt;19]" time="0.29295825958251953"></testcase><testcase classname="src.pymortests.vectorarray" file="src/pymortests/vectorarray.py" line="409" name="test_axpy_one_x[compatible_vector_array_pair3-&lt;lambda&gt;20]" time="0.9371027946472168"></testcase><testcase classname="src.pymortests.vectorarray" file="src/pymortests/vectorarray.py" line="409" name="test_axpy_one_x[compatible_vector_array_pair3-&lt;lambda&gt;21]" time="0.9493312835693359"></testcase><testcase classname="src.pymortests.vectorarray" file="src/pymortests/vectorarray.py" line="409" name="test_axpy_one_x[compatible_vector_array_pair3-&lt;lambda&gt;22]" time="2.6691343784332275"></testcase><testcase classname="src.pymortests.vectorarray" file="src/pymortests/vectorarray.py" line="409" name="test_axpy_one_x[compatible_vector_array_pair3-&lt;lambda&gt;23]" time="0.2502002716064453"></testcase><testcase classname="src.pymortests.vectorarray" file="src/pymortests/vectorarray.py" line="409" name="test_axpy_one_x[compatible_vector_array_pair3-&lt;lambda&gt;24]" time="0.04543900489807129"></testcase><testcase classname="src.pymortests.vectorarray" file="src/pymortests/vectorarray.py" line="409" name="test_axpy_one_x[compatible_vector_array_pair3-&lt;lambda&gt;25]" time="0.2763097286224365"></testcase><testcase classname="src.pymortests.vectorarray" file="src/pymortests/vectorarray.py" line="409" name="test_axpy_one_x[compatible_vector_array_pair3-&lt;lambda&gt;26]" time="3.354088306427002"></testcase><testcase classname="src.pymortests.vectorarray" file="src/pymortests/vectorarray.py" line="409" name="test_axpy_one_x[compatible_vector_array_pair3-&lt;lambda&gt;27]" time="5.879556179046631"></testcase><testcase classname="src.pymortests.vectorarray" file="src/pymortests/vectorarray.py" line="409" name="test_axpy_one_x[compatible_vector_array_pair3-&lt;lambda&gt;28]" time="21.81763243675232"></testcase><testcase classname="src.pymortests.vectorarray" file="src/pymortests/vectorarray.py" line="409" name="test_axpy_one_x[compatible_vector_array_pair3-&lt;lambda&gt;29]" time="0.5892782211303711"></testcase><testcase classname="src.pymortests.vectorarray" file="src/pymortests/vectorarray.py" line="409" name="test_axpy_one_x[compatible_vector_array_pair4-&lt;lambda&gt;0]" time="0.051015615463256836"></testcase><testcase classname="src.pymortests.vectorarray" file="src/pymortests/vectorarray.py" line="409" name="test_axpy_one_x[compatible_vector_array_pair4-&lt;lambda&gt;1]" time="0.1347813606262207"></testcase><testcase classname="src.pymortests.vectorarray" file="src/pymortests/vectorarray.py" line="409" name="test_axpy_one_x[compatible_vector_array_pair4-&lt;lambda&gt;2]" time="0.10395240783691406"></testcase><testcase classname="src.pymortests.vectorarray" file="src/pymortests/vectorarray.py" line="409" name="test_axpy_one_x[compatible_vector_array_pair4-&lt;lambda&gt;3]" time="0.11830353736877441"></testcase><testcase classname="src.pymortests.vectorarray" file="src/pymortests/vectorarray.py" line="409" name="test_axpy_one_x[compatible_vector_array_pair4-&lt;lambda&gt;4]" time="0.12660551071166992"></testcase><testcase classname="src.pymortests.vectorarray" file="src/pymortests/vectorarray.py" line="409" name="test_axpy_one_x[compatible_vector_array_pair4-&lt;lambda&gt;5]" time="0.10212182998657227"></testcase><testcase classname="src.pymortests.vectorarray" file="src/pymortests/vectorarray.py" line="409" name="test_axpy_one_x[compatible_vector_array_pair4-&lt;lambda&gt;6]" time="0.041027069091796875"></testcase><testcase classname="src.pymortests.vectorarray" file="src/pymortests/vectorarray.py" line="409" name="test_axpy_one_x[compatible_vector_array_pair4-&lt;lambda&gt;7]" time="0.12087535858154297"></testcase><testcase classname="src.pymortests.vectorarray" file="src/pymortests/vectorarray.py" line="409" name="test_axpy_one_x[compatible_vector_array_pair4-&lt;lambda&gt;8]" time="0.2724626064300537"></testcase><testcase classname="src.pymortests.vectorarray" file="src/pymortests/vectorarray.py" line="409" name="test_axpy_one_x[compatible_vector_array_pair4-&lt;lambda&gt;9]" time="0.5291333198547363"></testcase><testcase classname="src.pymortests.vectorarray" file="src/pymortests/vectorarray.py" line="409" name="test_axpy_one_x[compatible_vector_array_pair4-&lt;lambda&gt;10]" time="1.4864082336425781"></testcase><testcase classname="src.pymortests.vectorarray" file="src/pymortests/vectorarray.py" line="409" name="test_axpy_one_x[compatible_vector_array_pair4-&lt;lambda&gt;11]" time="0.11868429183959961"></testcase><testcase classname="src.pymortests.vectorarray" file="src/pymortests/vectorarray.py" line="409" name="test_axpy_one_x[compatible_vector_array_pair4-&lt;lambda&gt;12]" time="0.10309243202209473"></testcase><testcase classname="src.pymortests.vectorarray" file="src/pymortests/vectorarray.py" line="409" name="test_axpy_one_x[compatible_vector_array_pair4-&lt;lambda&gt;13]" time="0.2920982837677002"></testcase><testcase classname="src.pymortests.vectorarray" file="src/pymortests/vectorarray.py" line="409" name="test_axpy_one_x[compatible_vector_array_pair4-&lt;lambda&gt;14]" time="0.15696334838867188"></testcase><testcase classname="src.pymortests.vectorarray" file="src/pymortests/vectorarray.py" line="409" name="test_axpy_one_x[compatible_vector_array_pair4-&lt;lambda&gt;15]" time="0.28421807289123535"></testcase><testcase classname="src.pymortests.vectorarray" file="src/pymortests/vectorarray.py" line="409" name="test_axpy_one_x[compatible_vector_array_pair4-&lt;lambda&gt;16]" time="0.3245728015899658"></testcase><testcase classname="src.pymortests.vectorarray" file="src/pymortests/vectorarray.py" line="409" name="test_axpy_one_x[compatible_vector_array_pair4-&lt;lambda&gt;17]" time="0.34746718406677246"></testcase><testcase classname="src.pymortests.vectorarray" file="src/pymortests/vectorarray.py" line="409" name="test_axpy_one_x[compatible_vector_array_pair4-&lt;lambda&gt;18]" time="0.12514734268188477"></testcase><testcase classname="src.pymortests.vectorarray" file="src/pymortests/vectorarray.py" line="409" name="test_axpy_one_x[compatible_vector_array_pair4-&lt;lambda&gt;19]" time="0.2825510501861572"></testcase><testcase classname="src.pymortests.vectorarray" file="src/pymortests/vectorarray.py" line="409" name="test_axpy_one_x[compatible_vector_array_pair4-&lt;lambda&gt;20]" time="0.9125502109527588"></testcase><testcase classname="src.pymortests.vectorarray" file="src/pymortests/vectorarray.py" line="409" name="test_axpy_one_x[compatible_vector_array_pair4-&lt;lambda&gt;21]" time="0.911017656326294"></testcase><testcase classname="src.pymortests.vectorarray" file="src/pymortests/vectorarray.py" line="409" name="test_axpy_one_x[compatible_vector_array_pair4-&lt;lambda&gt;22]" time="2.5214858055114746"></testcase><testcase classname="src.pymortests.vectorarray" file="src/pymortests/vectorarray.py" line="409" name="test_axpy_one_x[compatible_vector_array_pair4-&lt;lambda&gt;23]" time="0.2395951747894287"></testcase><testcase classname="src.pymortests.vectorarray" file="src/pymortests/vectorarray.py" line="409" name="test_axpy_one_x[compatible_vector_array_pair4-&lt;lambda&gt;24]" time="0.04512643814086914"></testcase><testcase classname="src.pymortests.vectorarray" file="src/pymortests/vectorarray.py" line="409" name="test_axpy_one_x[compatible_vector_array_pair4-&lt;lambda&gt;25]" time="0.2851846218109131"></testcase><testcase classname="src.pymortests.vectorarray" file="src/pymortests/vectorarray.py" line="409" name="test_axpy_one_x[compatible_vector_array_pair4-&lt;lambda&gt;26]" time="3.798754930496216"></testcase><testcase classname="src.pymortests.vectorarray" file="src/pymortests/vectorarray.py" line="409" name="test_axpy_one_x[compatible_vector_array_pair4-&lt;lambda&gt;27]" time="6.760016441345215"></testcase><testcase classname="src.pymortests.vectorarray" file="src/pymortests/vectorarray.py" line="409" name="test_axpy_one_x[compatible_vector_array_pair4-&lt;lambda&gt;28]" time="24.988444328308105"></testcase><testcase classname="src.pymortests.vectorarray" file="src/pymortests/vectorarray.py" line="409" name="test_axpy_one_x[compatible_vector_array_pair4-&lt;lambda&gt;29]" time="0.6449747085571289"></testcase><testcase classname="src.pymortests.vectorarray" file="src/pymortests/vectorarray.py" line="409" name="test_axpy_one_x[compatible_vector_array_pair5-&lt;lambda&gt;0]" time="0.04921317100524902"></testcase><testcase classname="src.pymortests.vectorarray" file="src/pymortests/vectorarray.py" line="409" name="test_axpy_one_x[compatible_vector_array_pair5-&lt;lambda&gt;1]" time="0.13118934631347656"></testcase><testcase classname="src.pymortests.vectorarray" file="src/pymortests/vectorarray.py" line="409" name="test_axpy_one_x[compatible_vector_array_pair5-&lt;lambda&gt;2]" time="0.10015273094177246"></testcase><testcase classname="src.pymortests.vectorarray" file="src/pymortests/vectorarray.py" line="409" name="test_axpy_one_x[compatible_vector_array_pair5-&lt;lambda&gt;3]" time="0.11699533462524414"></testcase><testcase classname="src.pymortests.vectorarray" file="src/pymortests/vectorarray.py" line="409" name="test_axpy_one_x[compatible_vector_array_pair5-&lt;lambda&gt;4]" time="0.12339210510253906"></testcase><testcase classname="src.pymortests.vectorarray" file="src/pymortests/vectorarray.py" line="409" name="test_axpy_one_x[compatible_vector_array_pair5-&lt;lambda&gt;5]" time="0.09930944442749023"></testcase><testcase classname="src.pymortests.vectorarray" file="src/pymortests/vectorarray.py" line="409" name="test_axpy_one_x[compatible_vector_array_pair5-&lt;lambda&gt;6]" time="0.03904867172241211"></testcase><testcase classname="src.pymortests.vectorarray" file="src/pymortests/vectorarray.py" line="409" name="test_axpy_one_x[compatible_vector_array_pair5-&lt;lambda&gt;7]" time="0.11821126937866211"></testcase><testcase classname="src.pymortests.vectorarray" file="src/pymortests/vectorarray.py" line="409" name="test_axpy_one_x[compatible_vector_array_pair5-&lt;lambda&gt;8]" time="0.27133846282958984"></testcase><testcase classname="src.pymortests.vectorarray" file="src/pymortests/vectorarray.py" line="409" name="test_axpy_one_x[compatible_vector_array_pair5-&lt;lambda&gt;9]" time="0.5323553085327148"></testcase><testcase classname="src.pymortests.vectorarray" file="src/pymortests/vectorarray.py" line="409" name="test_axpy_one_x[compatible_vector_array_pair5-&lt;lambda&gt;10]" time="1.4759929180145264"></testcase><testcase classname="src.pymortests.vectorarray" file="src/pymortests/vectorarray.py" line="409" name="test_axpy_one_x[compatible_vector_array_pair5-&lt;lambda&gt;11]" time="0.11788153648376465"></testcase><testcase classname="src.pymortests.vectorarray" file="src/pymortests/vectorarray.py" line="409" name="test_axpy_one_x[compatible_vector_array_pair5-&lt;lambda&gt;12]" time="0.09788107872009277"></testcase><testcase classname="src.pymortests.vectorarray" file="src/pymortests/vectorarray.py" line="409" name="test_axpy_one_x[compatible_vector_array_pair5-&lt;lambda&gt;13]" time="0.29764890670776367"></testcase><testcase classname="src.pymortests.vectorarray" file="src/pymortests/vectorarray.py" line="409" name="test_axpy_one_x[compatible_vector_array_pair5-&lt;lambda&gt;14]" time="0.1578986644744873"></testcase><testcase classname="src.pymortests.vectorarray" file="src/pymortests/vectorarray.py" line="409" name="test_axpy_one_x[compatible_vector_array_pair5-&lt;lambda&gt;15]" time="0.27897214889526367"></testcase><testcase classname="src.pymortests.vectorarray" file="src/pymortests/vectorarray.py" line="409" name="test_axpy_one_x[compatible_vector_array_pair5-&lt;lambda&gt;16]" time="0.32173776626586914"></testcase><testcase classname="src.pymortests.vectorarray" file="src/pymortests/vectorarray.py" line="409" name="test_axpy_one_x[compatible_vector_array_pair5-&lt;lambda&gt;17]" time="0.346005916595459"></testcase><testcase classname="src.pymortests.vectorarray" file="src/pymortests/vectorarray.py" line="409" name="test_axpy_one_x[compatible_vector_array_pair5-&lt;lambda&gt;18]" time="0.12370634078979492"></testcase><testcase classname="src.pymortests.vectorarray" file="src/pymortests/vectorarray.py" line="409" name="test_axpy_one_x[compatible_vector_array_pair5-&lt;lambda&gt;19]" time="0.27754688262939453"></testcase><testcase classname="src.pymortests.vectorarray" file="src/pymortests/vectorarray.py" line="409" name="test_axpy_one_x[compatible_vector_array_pair5-&lt;lambda&gt;20]" time="0.8762586116790771"></testcase><testcase classname="src.pymortests.vectorarray" file="src/pymortests/vectorarray.py" line="409" name="test_axpy_one_x[compatible_vector_array_pair5-&lt;lambda&gt;21]" time="0.9028787612915039"></testcase><testcase classname="src.pymortests.vectorarray" file="src/pymortests/vectorarray.py" line="409" name="test_axpy_one_x[compatible_vector_array_pair5-&lt;lambda&gt;22]" time="2.4458017349243164"></testcase><testcase classname="src.pymortests.vectorarray" file="src/pymortests/vectorarray.py" line="409" name="test_axpy_one_x[compatible_vector_array_pair5-&lt;lambda&gt;23]" time="0.24324727058410645"></testcase><testcase classname="src.pymortests.vectorarray" file="src/pymortests/vectorarray.py" line="409" name="test_axpy_one_x[compatible_vector_array_pair5-&lt;lambda&gt;24]" time="0.045789241790771484"></testcase><testcase classname="src.pymortests.vectorarray" file="src/pymortests/vectorarray.py" line="409" name="test_axpy_one_x[compatible_vector_array_pair5-&lt;lambda&gt;25]" time="0.3019235134124756"></testcase><testcase classname="src.pymortests.vectorarray" file="src/pymortests/vectorarray.py" line="409" name="test_axpy_one_x[compatible_vector_array_pair5-&lt;lambda&gt;26]" time="4.324870347976685"></testcase><testcase classname="src.pymortests.vectorarray" file="src/pymortests/vectorarray.py" line="409" name="test_axpy_one_x[compatible_vector_array_pair5-&lt;lambda&gt;27]" time="7.403679847717285"></testcase><testcase classname="src.pymortests.vectorarray" file="src/pymortests/vectorarray.py" line="409" name="test_axpy_one_x[compatible_vector_array_pair5-&lt;lambda&gt;28]" time="28.83122444152832"></testcase><testcase classname="src.pymortests.vectorarray" file="src/pymortests/vectorarray.py" line="409" name="test_axpy_one_x[compatible_vector_array_pair5-&lt;lambda&gt;29]" time="0.7156174182891846"></testcase><testcase classname="src.pymortests.vectorarray" file="src/pymortests/vectorarray.py" line="409" name="test_axpy_one_x[compatible_vector_array_pair6-&lt;lambda&gt;0]" time="0.04910850524902344"></testcase><testcase classname="src.pymortests.vectorarray" file="src/pymortests/vectorarray.py" line="409" name="test_axpy_one_x[compatible_vector_array_pair6-&lt;lambda&gt;1]" time="0.13152575492858887"></testcase><testcase classname="src.pymortests.vectorarray" file="src/pymortests/vectorarray.py" line="409" name="test_axpy_one_x[compatible_vector_array_pair6-&lt;lambda&gt;2]" time="0.10132050514221191"></testcase><testcase classname="src.pymortests.vectorarray" file="src/pymortests/vectorarray.py" line="409" name="test_axpy_one_x[compatible_vector_array_pair6-&lt;lambda&gt;3]" time="0.11728262901306152"></testcase><testcase classname="src.pymortests.vectorarray" file="src/pymortests/vectorarray.py" line="409" name="test_axpy_one_x[compatible_vector_array_pair6-&lt;lambda&gt;4]" time="0.12385964393615723"></testcase><testcase classname="src.pymortests.vectorarray" file="src/pymortests/vectorarray.py" line="409" name="test_axpy_one_x[compatible_vector_array_pair6-&lt;lambda&gt;5]" time="0.10057282447814941"></testcase><testcase classname="src.pymortests.vectorarray" file="src/pymortests/vectorarray.py" line="409" name="test_axpy_one_x[compatible_vector_array_pair6-&lt;lambda&gt;6]" time="0.038931846618652344"></testcase><testcase classname="src.pymortests.vectorarray" file="src/pymortests/vectorarray.py" line="409" name="test_axpy_one_x[compatible_vector_array_pair6-&lt;lambda&gt;7]" time="0.11968231201171875"></testcase><testcase classname="src.pymortests.vectorarray" file="src/pymortests/vectorarray.py" line="409" name="test_axpy_one_x[compatible_vector_array_pair6-&lt;lambda&gt;8]" time="0.27229952812194824"></testcase><testcase classname="src.pymortests.vectorarray" file="src/pymortests/vectorarray.py" line="409" name="test_axpy_one_x[compatible_vector_array_pair6-&lt;lambda&gt;9]" time="0.5278117656707764"></testcase><testcase classname="src.pymortests.vectorarray" file="src/pymortests/vectorarray.py" line="409" name="test_axpy_one_x[compatible_vector_array_pair6-&lt;lambda&gt;10]" time="1.4779882431030273"></testcase><testcase classname="src.pymortests.vectorarray" file="src/pymortests/vectorarray.py" line="409" name="test_axpy_one_x[compatible_vector_array_pair6-&lt;lambda&gt;11]" time="0.11764335632324219"></testcase><testcase classname="src.pymortests.vectorarray" file="src/pymortests/vectorarray.py" line="409" name="test_axpy_one_x[compatible_vector_array_pair6-&lt;lambda&gt;12]" time="0.09775495529174805"></testcase><testcase classname="src.pymortests.vectorarray" file="src/pymortests/vectorarray.py" line="409" name="test_axpy_one_x[compatible_vector_array_pair6-&lt;lambda&gt;13]" time="0.2885444164276123"></testcase><testcase classname="src.pymortests.vectorarray" file="src/pymortests/vectorarray.py" line="409" name="test_axpy_one_x[compatible_vector_array_pair6-&lt;lambda&gt;14]" time="0.1565532684326172"></testcase><testcase classname="src.pymortests.vectorarray" file="src/pymortests/vectorarray.py" line="409" name="test_axpy_one_x[compatible_vector_array_pair6-&lt;lambda&gt;15]" time="0.2818717956542969"></testcase><testcase classname="src.pymortests.vectorarray" file="src/pymortests/vectorarray.py" line="409" name="test_axpy_one_x[compatible_vector_array_pair6-&lt;lambda&gt;16]" time="0.3225853443145752"></testcase><testcase classname="src.pymortests.vectorarray" file="src/pymortests/vectorarray.py" line="409" name="test_axpy_one_x[compatible_vector_array_pair6-&lt;lambda&gt;17]" time="0.3515968322753906"></testcase><testcase classname="src.pymortests.vectorarray" file="src/pymortests/vectorarray.py" line="409" name="test_axpy_one_x[compatible_vector_array_pair6-&lt;lambda&gt;18]" time="0.12682080268859863"></testcase><testcase classname="src.pymortests.vectorarray" file="src/pymortests/vectorarray.py" line="409" name="test_axpy_one_x[compatible_vector_array_pair6-&lt;lambda&gt;19]" time="0.28351426124572754"></testcase><testcase classname="src.pymortests.vectorarray" file="src/pymortests/vectorarray.py" line="409" name="test_axpy_one_x[compatible_vector_array_pair6-&lt;lambda&gt;20]" time="0.9056034088134766"></testcase><testcase classname="src.pymortests.vectorarray" file="src/pymortests/vectorarray.py" line="409" name="test_axpy_one_x[compatible_vector_array_pair6-&lt;lambda&gt;21]" time="0.9014654159545898"></testcase><testcase classname="src.pymortests.vectorarray" file="src/pymortests/vectorarray.py" line="409" name="test_axpy_one_x[compatible_vector_array_pair6-&lt;lambda&gt;22]" time="2.587371587753296"></testcase><testcase classname="src.pymortests.vectorarray" file="src/pymortests/vectorarray.py" line="409" name="test_axpy_one_x[compatible_vector_array_pair6-&lt;lambda&gt;23]" time="0.24360036849975586"></testcase><testcase classname="src.pymortests.vectorarray" file="src/pymortests/vectorarray.py" line="409" name="test_axpy_one_x[compatible_vector_array_pair6-&lt;lambda&gt;24]" time="0.0443727970123291"></testcase><testcase classname="src.pymortests.vectorarray" file="src/pymortests/vectorarray.py" line="409" name="test_axpy_one_x[compatible_vector_array_pair6-&lt;lambda&gt;25]" time="0.32709503173828125"></testcase><testcase classname="src.pymortests.vectorarray" file="src/pymortests/vectorarray.py" line="409" name="test_axpy_one_x[compatible_vector_array_pair6-&lt;lambda&gt;26]" time="4.9869067668914795"></testcase><testcase classname="src.pymortests.vectorarray" file="src/pymortests/vectorarray.py" line="409" name="test_axpy_one_x[compatible_vector_array_pair6-&lt;lambda&gt;27]" time="8.489436388015747"></testcase><testcase classname="src.pymortests.vectorarray" file="src/pymortests/vectorarray.py" line="409" name="test_axpy_one_x[compatible_vector_array_pair6-&lt;lambda&gt;28]" time="31.98851203918457"></testcase><testcase classname="src.pymortests.vectorarray" file="src/pymortests/vectorarray.py" line="409" name="test_axpy_one_x[compatible_vector_array_pair6-&lt;lambda&gt;29]" time="0.7565968036651611"></testcase><testcase classname="src.pymortests.vectorarray" file="src/pymortests/vectorarray.py" line="409" name="test_axpy_one_x[compatible_vector_array_pair7-&lt;lambda&gt;0]" time="0.05046248435974121"></testcase><testcase classname="src.pymortests.vectorarray" file="src/pymortests/vectorarray.py" line="409" name="test_axpy_one_x[compatible_vector_array_pair7-&lt;lambda&gt;1]" time="0.13335251808166504"></testcase><testcase classname="src.pymortests.vectorarray" file="src/pymortests/vectorarray.py" line="409" name="test_axpy_one_x[compatible_vector_array_pair7-&lt;lambda&gt;2]" time="0.10118508338928223"></testcase><testcase classname="src.pymortests.vectorarray" file="src/pymortests/vectorarray.py" line="409" name="test_axpy_one_x[compatible_vector_array_pair7-&lt;lambda&gt;3]" time="0.11539649963378906"></testcase><testcase classname="src.pymortests.vectorarray" file="src/pymortests/vectorarray.py" line="409" name="test_axpy_one_x[compatible_vector_array_pair7-&lt;lambda&gt;4]" time="0.12273359298706055"></testcase><testcase classname="src.pymortests.vectorarray" file="src/pymortests/vectorarray.py" line="409" name="test_axpy_one_x[compatible_vector_array_pair7-&lt;lambda&gt;5]" time="0.09892010688781738"></testcase><testcase classname="src.pymortests.vectorarray" file="src/pymortests/vectorarray.py" line="409" name="test_axpy_one_x[compatible_vector_array_pair7-&lt;lambda&gt;6]" time="0.03785085678100586"></testcase><testcase classname="src.pymortests.vectorarray" file="src/pymortests/vectorarray.py" line="409" name="test_axpy_one_x[compatible_vector_array_pair7-&lt;lambda&gt;7]" time="0.11620092391967773"></testcase><testcase classname="src.pymortests.vectorarray" file="src/pymortests/vectorarray.py" line="409" name="test_axpy_one_x[compatible_vector_array_pair7-&lt;lambda&gt;8]" time="0.27121734619140625"></testcase><testcase classname="src.pymortests.vectorarray" file="src/pymortests/vectorarray.py" line="409" name="test_axpy_one_x[compatible_vector_array_pair7-&lt;lambda&gt;9]" time="0.5215363502502441"></testcase><testcase classname="src.pymortests.vectorarray" file="src/pymortests/vectorarray.py" line="409" name="test_axpy_one_x[compatible_vector_array_pair7-&lt;lambda&gt;10]" time="1.460205078125"></testcase><testcase classname="src.pymortests.vectorarray" file="src/pymortests/vectorarray.py" line="409" name="test_axpy_one_x[compatible_vector_array_pair7-&lt;lambda&gt;11]" time="0.11980295181274414"></testcase><testcase classname="src.pymortests.vectorarray" file="src/pymortests/vectorarray.py" line="409" name="test_axpy_one_x[compatible_vector_array_pair7-&lt;lambda&gt;12]" time="0.09964919090270996"></testcase><testcase classname="src.pymortests.vectorarray" file="src/pymortests/vectorarray.py" line="409" name="test_axpy_one_x[compatible_vector_array_pair7-&lt;lambda&gt;13]" time="0.2931210994720459"></testcase><testcase classname="src.pymortests.vectorarray" file="src/pymortests/vectorarray.py" line="409" name="test_axpy_one_x[compatible_vector_array_pair7-&lt;lambda&gt;14]" time="0.15820717811584473"></testcase><testcase classname="src.pymortests.vectorarray" file="src/pymortests/vectorarray.py" line="409" name="test_axpy_one_x[compatible_vector_array_pair7-&lt;lambda&gt;15]" time="0.2850942611694336"></testcase><testcase classname="src.pymortests.vectorarray" file="src/pymortests/vectorarray.py" line="409" name="test_axpy_one_x[compatible_vector_array_pair7-&lt;lambda&gt;16]" time="0.3193960189819336"></testcase><testcase classname="src.pymortests.vectorarray" file="src/pymortests/vectorarray.py" line="409" name="test_axpy_one_x[compatible_vector_array_pair7-&lt;lambda&gt;17]" time="0.34575390815734863"></testcase><testcase classname="src.pymortests.vectorarray" file="src/pymortests/vectorarray.py" line="409" name="test_axpy_one_x[compatible_vector_array_pair7-&lt;lambda&gt;18]" time="0.1231989860534668"></testcase><testcase classname="src.pymortests.vectorarray" file="src/pymortests/vectorarray.py" line="409" name="test_axpy_one_x[compatible_vector_array_pair7-&lt;lambda&gt;19]" time="0.2785985469818115"></testcase><testcase classname="src.pymortests.vectorarray" file="src/pymortests/vectorarray.py" line="409" name="test_axpy_one_x[compatible_vector_array_pair7-&lt;lambda&gt;20]" time="0.8726105690002441"></testcase><testcase classname="src.pymortests.vectorarray" file="src/pymortests/vectorarray.py" line="409" name="test_axpy_one_x[compatible_vector_array_pair7-&lt;lambda&gt;21]" time="0.8870890140533447"></testcase><testcase classname="src.pymortests.vectorarray" file="src/pymortests/vectorarray.py" line="409" name="test_axpy_one_x[compatible_vector_array_pair7-&lt;lambda&gt;22]" time="2.4613685607910156"></testcase><testcase classname="src.pymortests.vectorarray" file="src/pymortests/vectorarray.py" line="409" name="test_axpy_one_x[compatible_vector_array_pair7-&lt;lambda&gt;23]" time="0.2376728057861328"></testcase><testcase classname="src.pymortests.vectorarray" file="src/pymortests/vectorarray.py" line="409" name="test_axpy_one_x[compatible_vector_array_pair7-&lt;lambda&gt;24]" time="0.04419875144958496"></testcase><testcase classname="src.pymortests.vectorarray" file="src/pymortests/vectorarray.py" line="409" name="test_axpy_one_x[compatible_vector_array_pair7-&lt;lambda&gt;25]" time="0.3378787040710449"></testcase><testcase classname="src.pymortests.vectorarray" file="src/pymortests/vectorarray.py" line="409" name="test_axpy_one_x[compatible_vector_array_pair7-&lt;lambda&gt;26]" time="5.399369955062866"></testcase><testcase classname="src.pymortests.vectorarray" file="src/pymortests/vectorarray.py" line="409" name="test_axpy_one_x[compatible_vector_array_pair7-&lt;lambda&gt;27]" time="9.285231113433838"></testcase><testcase classname="src.pymortests.vectorarray" file="src/pymortests/vectorarray.py" line="409" name="test_axpy_one_x[compatible_vector_array_pair7-&lt;lambda&gt;28]" time="34.48657488822937"></testcase><testcase classname="src.pymortests.vectorarray" file="src/pymortests/vectorarray.py" line="409" name="test_axpy_one_x[compatible_vector_array_pair7-&lt;lambda&gt;29]" time="0.850377082824707"></testcase><testcase classname="src.pymortests.vectorarray" file="src/pymortests/vectorarray.py" line="409" name="test_axpy_one_x[compatible_vector_array_pair8-&lt;lambda&gt;0]" time="0.05135679244995117"></testcase><testcase classname="src.pymortests.vectorarray" file="src/pymortests/vectorarray.py" line="409" name="test_axpy_one_x[compatible_vector_array_pair8-&lt;lambda&gt;1]" time="0.13723182678222656"></testcase><testcase classname="src.pymortests.vectorarray" file="src/pymortests/vectorarray.py" line="409" name="test_axpy_one_x[compatible_vector_array_pair8-&lt;lambda&gt;2]" time="0.10412335395812988"></testcase><testcase classname="src.pymortests.vectorarray" file="src/pymortests/vectorarray.py" line="409" name="test_axpy_one_x[compatible_vector_array_pair8-&lt;lambda&gt;3]" time="0.11813712120056152"></testcase><testcase classname="src.pymortests.vectorarray" file="src/pymortests/vectorarray.py" line="409" name="test_axpy_one_x[compatible_vector_array_pair8-&lt;lambda&gt;4]" time="0.1259171962738037"></testcase><testcase classname="src.pymortests.vectorarray" file="src/pymortests/vectorarray.py" line="409" name="test_axpy_one_x[compatible_vector_array_pair8-&lt;lambda&gt;5]" time="0.10150480270385742"></testcase><testcase classname="src.pymortests.vectorarray" file="src/pymortests/vectorarray.py" line="409" name="test_axpy_one_x[compatible_vector_array_pair8-&lt;lambda&gt;6]" time="0.03817033767700195"></testcase><testcase classname="src.pymortests.vectorarray" file="src/pymortests/vectorarray.py" line="409" name="test_axpy_one_x[compatible_vector_array_pair8-&lt;lambda&gt;7]" time="0.11702084541320801"></testcase><testcase classname="src.pymortests.vectorarray" file="src/pymortests/vectorarray.py" line="409" name="test_axpy_one_x[compatible_vector_array_pair8-&lt;lambda&gt;8]" time="0.26792263984680176"></testcase><testcase classname="src.pymortests.vectorarray" file="src/pymortests/vectorarray.py" line="409" name="test_axpy_one_x[compatible_vector_array_pair8-&lt;lambda&gt;9]" time="0.5196764469146729"></testcase><testcase classname="src.pymortests.vectorarray" file="src/pymortests/vectorarray.py" line="409" name="test_axpy_one_x[compatible_vector_array_pair8-&lt;lambda&gt;10]" time="1.4670398235321045"></testcase><testcase classname="src.pymortests.vectorarray" file="src/pymortests/vectorarray.py" line="409" name="test_axpy_one_x[compatible_vector_array_pair8-&lt;lambda&gt;11]" time="0.11856555938720703"></testcase><testcase classname="src.pymortests.vectorarray" file="src/pymortests/vectorarray.py" line="409" name="test_axpy_one_x[compatible_vector_array_pair8-&lt;lambda&gt;12]" time="0.09773850440979004"></testcase><testcase classname="src.pymortests.vectorarray" file="src/pymortests/vectorarray.py" line="409" name="test_axpy_one_x[compatible_vector_array_pair8-&lt;lambda&gt;13]" time="0.29220104217529297"></testcase><testcase classname="src.pymortests.vectorarray" file="src/pymortests/vectorarray.py" line="409" name="test_axpy_one_x[compatible_vector_array_pair8-&lt;lambda&gt;14]" time="0.15560054779052734"></testcase><testcase classname="src.pymortests.vectorarray" file="src/pymortests/vectorarray.py" line="409" name="test_axpy_one_x[compatible_vector_array_pair8-&lt;lambda&gt;15]" time="0.28275132179260254"></testcase><testcase classname="src.pymortests.vectorarray" file="src/pymortests/vectorarray.py" line="409" name="test_axpy_one_x[compatible_vector_array_pair8-&lt;lambda&gt;16]" time="0.31783485412597656"></testcase><testcase classname="src.pymortests.vectorarray" file="src/pymortests/vectorarray.py" line="409" name="test_axpy_one_x[compatible_vector_array_pair8-&lt;lambda&gt;17]" time="0.3463425636291504"></testcase><testcase classname="src.pymortests.vectorarray" file="src/pymortests/vectorarray.py" line="409" name="test_axpy_one_x[compatible_vector_array_pair8-&lt;lambda&gt;18]" time="0.12385058403015137"></testcase><testcase classname="src.pymortests.vectorarray" file="src/pymortests/vectorarray.py" line="409" name="test_axpy_one_x[compatible_vector_array_pair8-&lt;lambda&gt;19]" time="0.2790558338165283"></testcase><testcase classname="src.pymortests.vectorarray" file="src/pymortests/vectorarray.py" line="409" name="test_axpy_one_x[compatible_vector_array_pair8-&lt;lambda&gt;20]" time="0.8687400817871094"></testcase><testcase classname="src.pymortests.vectorarray" file="src/pymortests/vectorarray.py" line="409" name="test_axpy_one_x[compatible_vector_array_pair8-&lt;lambda&gt;21]" time="0.8773527145385742"></testcase><testcase classname="src.pymortests.vectorarray" file="src/pymortests/vectorarray.py" line="409" name="test_axpy_one_x[compatible_vector_array_pair8-&lt;lambda&gt;22]" time="2.5134990215301514"></testcase><testcase classname="src.pymortests.vectorarray" file="src/pymortests/vectorarray.py" line="409" name="test_axpy_one_x[compatible_vector_array_pair8-&lt;lambda&gt;23]" time="0.23843145370483398"></testcase><testcase classname="src.pymortests.vectorarray" file="src/pymortests/vectorarray.py" line="409" name="test_axpy_one_x[compatible_vector_array_pair8-&lt;lambda&gt;24]" time="0.04397010803222656"></testcase><testcase classname="src.pymortests.vectorarray" file="src/pymortests/vectorarray.py" line="409" name="test_axpy_one_x[compatible_vector_array_pair8-&lt;lambda&gt;25]" time="0.37288713455200195"></testcase><testcase classname="src.pymortests.vectorarray" file="src/pymortests/vectorarray.py" line="409" name="test_axpy_one_x[compatible_vector_array_pair8-&lt;lambda&gt;26]" time="5.937560319900513"></testcase><testcase classname="src.pymortests.vectorarray" file="src/pymortests/vectorarray.py" line="409" name="test_axpy_one_x[compatible_vector_array_pair8-&lt;lambda&gt;27]" time="10.324977159500122"></testcase><testcase classname="src.pymortests.vectorarray" file="src/pymortests/vectorarray.py" line="409" name="test_axpy_one_x[compatible_vector_array_pair8-&lt;lambda&gt;28]" time="38.35888743400574"><system-err>no more timer available, reusing last one
</system-err></testcase><testcase classname="src.pymortests.vectorarray" file="src/pymortests/vectorarray.py" line="409" name="test_axpy_one_x[compatible_vector_array_pair8-&lt;lambda&gt;29]" time="0.9392552375793457"></testcase><testcase classname="src.pymortests.vectorarray" file="src/pymortests/vectorarray.py" line="457" name="test_axpy_self[0-&lt;lambda&gt;0]" time="0.019412517547607422"></testcase><testcase classname="src.pymortests.vectorarray" file="src/pymortests/vectorarray.py" line="457" name="test_axpy_self[0-&lt;lambda&gt;1]" time="0.020473957061767578"></testcase><testcase classname="src.pymortests.vectorarray" file="src/pymortests/vectorarray.py" line="457" name="test_axpy_self[0-&lt;lambda&gt;2]" time="0.03862738609313965"></testcase><testcase classname="src.pymortests.vectorarray" file="src/pymortests/vectorarray.py" line="457" name="test_axpy_self[0-&lt;lambda&gt;3]" time="0.041944265365600586"></testcase><testcase classname="src.pymortests.vectorarray" file="src/pymortests/vectorarray.py" line="457" name="test_axpy_self[0-&lt;lambda&gt;4]" time="0.042200326919555664"></testcase><testcase classname="src.pymortests.vectorarray" file="src/pymortests/vectorarray.py" line="457" name="test_axpy_self[0-&lt;lambda&gt;5]" time="0.016593456268310547"></testcase><testcase classname="src.pymortests.vectorarray" file="src/pymortests/vectorarray.py" line="457" name="test_axpy_self[0-&lt;lambda&gt;6]" time="0.016626358032226562"></testcase><testcase classname="src.pymortests.vectorarray" file="src/pymortests/vectorarray.py" line="457" name="test_axpy_self[0-&lt;lambda&gt;7]" time="0.0412440299987793"></testcase><testcase classname="src.pymortests.vectorarray" file="src/pymortests/vectorarray.py" line="457" name="test_axpy_self[0-&lt;lambda&gt;8]" time="0.22141408920288086"></testcase><testcase classname="src.pymortests.vectorarray" file="src/pymortests/vectorarray.py" line="457" name="test_axpy_self[0-&lt;lambda&gt;9]" time="0.42601799964904785"></testcase><testcase classname="src.pymortests.vectorarray" file="src/pymortests/vectorarray.py" line="457" name="test_axpy_self[0-&lt;lambda&gt;10]" time="0.03537154197692871"></testcase><testcase classname="src.pymortests.vectorarray" file="src/pymortests/vectorarray.py" line="457" name="test_axpy_self[0-&lt;lambda&gt;11]" time="0.0694432258605957"></testcase><testcase classname="src.pymortests.vectorarray" file="src/pymortests/vectorarray.py" line="457" name="test_axpy_self[0-&lt;lambda&gt;12]" time="0.06932806968688965"></testcase><testcase classname="src.pymortests.vectorarray" file="src/pymortests/vectorarray.py" line="457" name="test_axpy_self[0-&lt;lambda&gt;13]" time="0.056380510330200195"></testcase><testcase classname="src.pymortests.vectorarray" file="src/pymortests/vectorarray.py" line="457" name="test_axpy_self[0-&lt;lambda&gt;14]" time="0.07724213600158691"></testcase><testcase classname="src.pymortests.vectorarray" file="src/pymortests/vectorarray.py" line="457" name="test_axpy_self[0-&lt;lambda&gt;15]" time="0.10967493057250977"></testcase><testcase classname="src.pymortests.vectorarray" file="src/pymortests/vectorarray.py" line="457" name="test_axpy_self[0-&lt;lambda&gt;16]" time="0.11519742012023926"></testcase><testcase classname="src.pymortests.vectorarray" file="src/pymortests/vectorarray.py" line="457" name="test_axpy_self[0-&lt;lambda&gt;17]" time="0.04421710968017578"></testcase><testcase classname="src.pymortests.vectorarray" file="src/pymortests/vectorarray.py" line="457" name="test_axpy_self[0-&lt;lambda&gt;18]" time="0.04762578010559082"></testcase><testcase classname="src.pymortests.vectorarray" file="src/pymortests/vectorarray.py" line="457" name="test_axpy_self[0-&lt;lambda&gt;19]" time="0.1370851993560791"></testcase><testcase classname="src.pymortests.vectorarray" file="src/pymortests/vectorarray.py" line="457" name="test_axpy_self[0-&lt;lambda&gt;20]" time="0.3770427703857422"></testcase><testcase classname="src.pymortests.vectorarray" file="src/pymortests/vectorarray.py" line="457" name="test_axpy_self[0-&lt;lambda&gt;21]" time="0.8051393032073975"></testcase><testcase classname="src.pymortests.vectorarray" file="src/pymortests/vectorarray.py" line="457" name="test_axpy_self[0-&lt;lambda&gt;22]" time="0.017064571380615234"></testcase><testcase classname="src.pymortests.vectorarray" file="src/pymortests/vectorarray.py" line="457" name="test_axpy_self[0-&lt;lambda&gt;23]" time="0.017399072647094727"></testcase><testcase classname="src.pymortests.vectorarray" file="src/pymortests/vectorarray.py" line="457" name="test_axpy_self[0-&lt;lambda&gt;24]" time="0.17197155952453613"></testcase><testcase classname="src.pymortests.vectorarray" file="src/pymortests/vectorarray.py" line="457" name="test_axpy_self[0-&lt;lambda&gt;25]" time="4.510497808456421"></testcase><testcase classname="src.pymortests.vectorarray" file="src/pymortests/vectorarray.py" line="457" name="test_axpy_self[0-&lt;lambda&gt;26]" time="10.499303817749023"></testcase><testcase classname="src.pymortests.vectorarray" file="src/pymortests/vectorarray.py" line="457" name="test_axpy_self[1-&lt;lambda&gt;0]" time="0.01883697509765625"></testcase><testcase classname="src.pymortests.vectorarray" file="src/pymortests/vectorarray.py" line="457" name="test_axpy_self[1-&lt;lambda&gt;1]" time="0.01995849609375"></testcase><testcase classname="src.pymortests.vectorarray" file="src/pymortests/vectorarray.py" line="457" name="test_axpy_self[1-&lt;lambda&gt;2]" time="0.03801918029785156"></testcase><testcase classname="src.pymortests.vectorarray" file="src/pymortests/vectorarray.py" line="457" name="test_axpy_self[1-&lt;lambda&gt;3]" time="0.04032301902770996"></testcase><testcase classname="src.pymortests.vectorarray" file="src/pymortests/vectorarray.py" line="457" name="test_axpy_self[1-&lt;lambda&gt;4]" time="0.040094614028930664"></testcase><testcase classname="src.pymortests.vectorarray" file="src/pymortests/vectorarray.py" line="457" name="test_axpy_self[1-&lt;lambda&gt;5]" time="0.015845775604248047"></testcase><testcase classname="src.pymortests.vectorarray" file="src/pymortests/vectorarray.py" line="457" name="test_axpy_self[1-&lt;lambda&gt;6]" time="0.015971899032592773"></testcase><testcase classname="src.pymortests.vectorarray" file="src/pymortests/vectorarray.py" line="457" name="test_axpy_self[1-&lt;lambda&gt;7]" time="0.03900265693664551"></testcase><testcase classname="src.pymortests.vectorarray" file="src/pymortests/vectorarray.py" line="457" name="test_axpy_self[1-&lt;lambda&gt;8]" time="0.21503114700317383"></testcase><testcase classname="src.pymortests.vectorarray" file="src/pymortests/vectorarray.py" line="457" name="test_axpy_self[1-&lt;lambda&gt;9]" time="0.4188706874847412"></testcase><testcase classname="src.pymortests.vectorarray" file="src/pymortests/vectorarray.py" line="457" name="test_axpy_self[1-&lt;lambda&gt;10]" time="0.03441905975341797"></testcase><testcase classname="src.pymortests.vectorarray" file="src/pymortests/vectorarray.py" line="457" name="test_axpy_self[1-&lt;lambda&gt;11]" time="0.06815171241760254"></testcase><testcase classname="src.pymortests.vectorarray" file="src/pymortests/vectorarray.py" line="457" name="test_axpy_self[1-&lt;lambda&gt;12]" time="0.06830310821533203"></testcase><testcase classname="src.pymortests.vectorarray" file="src/pymortests/vectorarray.py" line="457" name="test_axpy_self[1-&lt;lambda&gt;13]" time="0.055312395095825195"></testcase><testcase classname="src.pymortests.vectorarray" file="src/pymortests/vectorarray.py" line="457" name="test_axpy_self[1-&lt;lambda&gt;14]" time="0.07368659973144531"></testcase><testcase classname="src.pymortests.vectorarray" file="src/pymortests/vectorarray.py" line="457" name="test_axpy_self[1-&lt;lambda&gt;15]" time="0.1043860912322998"></testcase><testcase classname="src.pymortests.vectorarray" file="src/pymortests/vectorarray.py" line="457" name="test_axpy_self[1-&lt;lambda&gt;16]" time="0.11382675170898438"></testcase><testcase classname="src.pymortests.vectorarray" file="src/pymortests/vectorarray.py" line="457" name="test_axpy_self[1-&lt;lambda&gt;17]" time="0.045369625091552734"></testcase><testcase classname="src.pymortests.vectorarray" file="src/pymortests/vectorarray.py" line="457" name="test_axpy_self[1-&lt;lambda&gt;18]" time="0.0446927547454834"></testcase><testcase classname="src.pymortests.vectorarray" file="src/pymortests/vectorarray.py" line="457" name="test_axpy_self[1-&lt;lambda&gt;19]" time="0.13815522193908691"></testcase><testcase classname="src.pymortests.vectorarray" file="src/pymortests/vectorarray.py" line="457" name="test_axpy_self[1-&lt;lambda&gt;20]" time="0.37407970428466797"></testcase><testcase classname="src.pymortests.vectorarray" file="src/pymortests/vectorarray.py" line="457" name="test_axpy_self[1-&lt;lambda&gt;21]" time="0.8129897117614746"></testcase><testcase classname="src.pymortests.vectorarray" file="src/pymortests/vectorarray.py" line="457" name="test_axpy_self[1-&lt;lambda&gt;22]" time="0.01720595359802246"></testcase><testcase classname="src.pymortests.vectorarray" file="src/pymortests/vectorarray.py" line="457" name="test_axpy_self[1-&lt;lambda&gt;23]" time="0.017610549926757812"></testcase><testcase classname="src.pymortests.vectorarray" file="src/pymortests/vectorarray.py" line="457" name="test_axpy_self[1-&lt;lambda&gt;24]" time="0.1689896583557129"></testcase><testcase classname="src.pymortests.vectorarray" file="src/pymortests/vectorarray.py" line="457" name="test_axpy_self[1-&lt;lambda&gt;25]" time="4.5338544845581055"></testcase><testcase classname="src.pymortests.vectorarray" file="src/pymortests/vectorarray.py" line="457" name="test_axpy_self[1-&lt;lambda&gt;26]" time="10.57173776626587"></testcase><testcase classname="src.pymortests.vectorarray" file="src/pymortests/vectorarray.py" line="457" name="test_axpy_self[2-&lt;lambda&gt;0]" time="0.018599271774291992"></testcase><testcase classname="src.pymortests.vectorarray" file="src/pymortests/vectorarray.py" line="457" name="test_axpy_self[2-&lt;lambda&gt;1]" time="0.019022226333618164"></testcase><testcase classname="src.pymortests.vectorarray" file="src/pymortests/vectorarray.py" line="457" name="test_axpy_self[2-&lt;lambda&gt;2]" time="0.03759455680847168"></testcase><testcase classname="src.pymortests.vectorarray" file="src/pymortests/vectorarray.py" line="457" name="test_axpy_self[2-&lt;lambda&gt;3]" time="0.04015827178955078"></testcase><testcase classname="src.pymortests.vectorarray" file="src/pymortests/vectorarray.py" line="457" name="test_axpy_self[2-&lt;lambda&gt;4]" time="0.04122185707092285"></testcase><testcase classname="src.pymortests.vectorarray" file="src/pymortests/vectorarray.py" line="457" name="test_axpy_self[2-&lt;lambda&gt;5]" time="0.015156030654907227"></testcase><testcase classname="src.pymortests.vectorarray" file="src/pymortests/vectorarray.py" line="457" name="test_axpy_self[2-&lt;lambda&gt;6]" time="0.014913082122802734"></testcase><testcase classname="src.pymortests.vectorarray" file="src/pymortests/vectorarray.py" line="457" name="test_axpy_self[2-&lt;lambda&gt;7]" time="0.03800630569458008"></testcase><testcase classname="src.pymortests.vectorarray" file="src/pymortests/vectorarray.py" line="457" name="test_axpy_self[2-&lt;lambda&gt;8]" time="0.21469736099243164"></testcase><testcase classname="src.pymortests.vectorarray" file="src/pymortests/vectorarray.py" line="457" name="test_axpy_self[2-&lt;lambda&gt;9]" time="0.4187631607055664"></testcase><testcase classname="src.pymortests.vectorarray" file="src/pymortests/vectorarray.py" line="457" name="test_axpy_self[2-&lt;lambda&gt;10]" time="0.03402376174926758"></testcase><testcase classname="src.pymortests.vectorarray" file="src/pymortests/vectorarray.py" line="457" name="test_axpy_self[2-&lt;lambda&gt;11]" time="0.07047891616821289"></testcase><testcase classname="src.pymortests.vectorarray" file="src/pymortests/vectorarray.py" line="457" name="test_axpy_self[2-&lt;lambda&gt;12]" time="0.06909584999084473"></testcase><testcase classname="src.pymortests.vectorarray" file="src/pymortests/vectorarray.py" line="457" name="test_axpy_self[2-&lt;lambda&gt;13]" time="0.056729793548583984"></testcase><testcase classname="src.pymortests.vectorarray" file="src/pymortests/vectorarray.py" line="457" name="test_axpy_self[2-&lt;lambda&gt;14]" time="0.07538628578186035"></testcase><testcase classname="src.pymortests.vectorarray" file="src/pymortests/vectorarray.py" line="457" name="test_axpy_self[2-&lt;lambda&gt;15]" time="0.11131548881530762"></testcase><testcase classname="src.pymortests.vectorarray" file="src/pymortests/vectorarray.py" line="457" name="test_axpy_self[2-&lt;lambda&gt;16]" time="0.11556220054626465"></testcase><testcase classname="src.pymortests.vectorarray" file="src/pymortests/vectorarray.py" line="457" name="test_axpy_self[2-&lt;lambda&gt;17]" time="0.0451350212097168"></testcase><testcase classname="src.pymortests.vectorarray" file="src/pymortests/vectorarray.py" line="457" name="test_axpy_self[2-&lt;lambda&gt;18]" time="0.045156240463256836"></testcase><testcase classname="src.pymortests.vectorarray" file="src/pymortests/vectorarray.py" line="457" name="test_axpy_self[2-&lt;lambda&gt;19]" time="0.14455080032348633"></testcase><testcase classname="src.pymortests.vectorarray" file="src/pymortests/vectorarray.py" line="457" name="test_axpy_self[2-&lt;lambda&gt;20]" time="0.37994933128356934"></testcase><testcase classname="src.pymortests.vectorarray" file="src/pymortests/vectorarray.py" line="457" name="test_axpy_self[2-&lt;lambda&gt;21]" time="0.8245680332183838"></testcase><testcase classname="src.pymortests.vectorarray" file="src/pymortests/vectorarray.py" line="457" name="test_axpy_self[2-&lt;lambda&gt;22]" time="0.0171205997467041"></testcase><testcase classname="src.pymortests.vectorarray" file="src/pymortests/vectorarray.py" line="457" name="test_axpy_self[2-&lt;lambda&gt;23]" time="0.01777935028076172"></testcase><testcase classname="src.pymortests.vectorarray" file="src/pymortests/vectorarray.py" line="457" name="test_axpy_self[2-&lt;lambda&gt;24]" time="0.17581558227539062"></testcase><testcase classname="src.pymortests.vectorarray" file="src/pymortests/vectorarray.py" line="457" name="test_axpy_self[2-&lt;lambda&gt;25]" time="4.581613063812256"></testcase><testcase classname="src.pymortests.vectorarray" file="src/pymortests/vectorarray.py" line="457" name="test_axpy_self[2-&lt;lambda&gt;26]" time="10.629215478897095"></testcase><testcase classname="src.pymortests.vectorarray" file="src/pymortests/vectorarray.py" line="513" name="test_pairwise_dot[compatible_vector_array_pair0-&lt;lambda&gt;0]" time="0.0029964447021484375"></testcase><testcase classname="src.pymortests.vectorarray" file="src/pymortests/vectorarray.py" line="513" name="test_pairwise_dot[compatible_vector_array_pair0-&lt;lambda&gt;1]" time="0.0014963150024414062"></testcase><testcase classname="src.pymortests.vectorarray" file="src/pymortests/vectorarray.py" line="513" name="test_pairwise_dot[compatible_vector_array_pair0-&lt;lambda&gt;2]" time="0.004033803939819336"></testcase><testcase classname="src.pymortests.vectorarray" file="src/pymortests/vectorarray.py" line="513" name="test_pairwise_dot[compatible_vector_array_pair0-&lt;lambda&gt;3]" time="0.004216909408569336"></testcase><testcase classname="src.pymortests.vectorarray" file="src/pymortests/vectorarray.py" line="513" name="test_pairwise_dot[compatible_vector_array_pair0-&lt;lambda&gt;4]" time="0.006078004837036133"></testcase><testcase classname="src.pymortests.vectorarray" file="src/pymortests/vectorarray.py" line="513" name="test_pairwise_dot[compatible_vector_array_pair0-&lt;lambda&gt;5]" time="0.0050754547119140625"></testcase><testcase classname="src.pymortests.vectorarray" file="src/pymortests/vectorarray.py" line="513" name="test_pairwise_dot[compatible_vector_array_pair0-&lt;lambda&gt;6]" time="0.0023560523986816406"></testcase><testcase classname="src.pymortests.vectorarray" file="src/pymortests/vectorarray.py" line="513" name="test_pairwise_dot[compatible_vector_array_pair0-&lt;lambda&gt;7]" time="0.0014052391052246094"></testcase><testcase classname="src.pymortests.vectorarray" file="src/pymortests/vectorarray.py" line="513" name="test_pairwise_dot[compatible_vector_array_pair0-&lt;lambda&gt;8]" time="0.005643129348754883"></testcase><testcase classname="src.pymortests.vectorarray" file="src/pymortests/vectorarray.py" line="513" name="test_pairwise_dot[compatible_vector_array_pair0-&lt;lambda&gt;9]" time="0.0071392059326171875"></testcase><testcase classname="src.pymortests.vectorarray" file="src/pymortests/vectorarray.py" line="513" name="test_pairwise_dot[compatible_vector_array_pair0-&lt;lambda&gt;10]" time="0.02141737937927246"></testcase><testcase classname="src.pymortests.vectorarray" file="src/pymortests/vectorarray.py" line="513" name="test_pairwise_dot[compatible_vector_array_pair0-&lt;lambda&gt;11]" time="0.0056858062744140625"></testcase><testcase classname="src.pymortests.vectorarray" file="src/pymortests/vectorarray.py" line="513" name="test_pairwise_dot[compatible_vector_array_pair0-&lt;lambda&gt;12]" time="0.004752159118652344"></testcase><testcase classname="src.pymortests.vectorarray" file="src/pymortests/vectorarray.py" line="513" name="test_pairwise_dot[compatible_vector_array_pair0-&lt;lambda&gt;13]" time="0.0022344589233398438"></testcase><testcase classname="src.pymortests.vectorarray" file="src/pymortests/vectorarray.py" line="513" name="test_pairwise_dot[compatible_vector_array_pair0-&lt;lambda&gt;14]" time="0.005254983901977539"></testcase><testcase classname="src.pymortests.vectorarray" file="src/pymortests/vectorarray.py" line="513" name="test_pairwise_dot[compatible_vector_array_pair0-&lt;lambda&gt;15]" time="0.008732080459594727"></testcase><testcase classname="src.pymortests.vectorarray" file="src/pymortests/vectorarray.py" line="513" name="test_pairwise_dot[compatible_vector_array_pair0-&lt;lambda&gt;16]" time="0.009586334228515625"></testcase><testcase classname="src.pymortests.vectorarray" file="src/pymortests/vectorarray.py" line="513" name="test_pairwise_dot[compatible_vector_array_pair0-&lt;lambda&gt;17]" time="0.014807939529418945"></testcase><testcase classname="src.pymortests.vectorarray" file="src/pymortests/vectorarray.py" line="513" name="test_pairwise_dot[compatible_vector_array_pair0-&lt;lambda&gt;18]" time="0.007297515869140625"></testcase><testcase classname="src.pymortests.vectorarray" file="src/pymortests/vectorarray.py" line="513" name="test_pairwise_dot[compatible_vector_array_pair0-&lt;lambda&gt;19]" time="0.002599000930786133"></testcase><testcase classname="src.pymortests.vectorarray" file="src/pymortests/vectorarray.py" line="513" name="test_pairwise_dot[compatible_vector_array_pair0-&lt;lambda&gt;20]" time="0.05447554588317871"></testcase><testcase classname="src.pymortests.vectorarray" file="src/pymortests/vectorarray.py" line="513" name="test_pairwise_dot[compatible_vector_array_pair0-&lt;lambda&gt;21]" time="0.021218061447143555"></testcase><testcase classname="src.pymortests.vectorarray" file="src/pymortests/vectorarray.py" line="513" name="test_pairwise_dot[compatible_vector_array_pair0-&lt;lambda&gt;22]" time="0.07024812698364258"></testcase><testcase classname="src.pymortests.vectorarray" file="src/pymortests/vectorarray.py" line="513" name="test_pairwise_dot[compatible_vector_array_pair0-&lt;lambda&gt;23]" time="0.008508443832397461"></testcase><testcase classname="src.pymortests.vectorarray" file="src/pymortests/vectorarray.py" line="513" name="test_pairwise_dot[compatible_vector_array_pair0-&lt;lambda&gt;24]" time="0.0026192665100097656"></testcase><testcase classname="src.pymortests.vectorarray" file="src/pymortests/vectorarray.py" line="513" name="test_pairwise_dot[compatible_vector_array_pair0-&lt;lambda&gt;25]" time="0.0028569698333740234"></testcase><testcase classname="src.pymortests.vectorarray" file="src/pymortests/vectorarray.py" line="513" name="test_pairwise_dot[compatible_vector_array_pair0-&lt;lambda&gt;26]" time="0.029028892517089844"></testcase><testcase classname="src.pymortests.vectorarray" file="src/pymortests/vectorarray.py" line="513" name="test_pairwise_dot[compatible_vector_array_pair0-&lt;lambda&gt;27]" time="0.03702902793884277"></testcase><testcase classname="src.pymortests.vectorarray" file="src/pymortests/vectorarray.py" line="513" name="test_pairwise_dot[compatible_vector_array_pair0-&lt;lambda&gt;28]" time="0.12987756729125977"></testcase><testcase classname="src.pymortests.vectorarray" file="src/pymortests/vectorarray.py" line="513" name="test_pairwise_dot[compatible_vector_array_pair0-&lt;lambda&gt;29]" time="0.009364843368530273"></testcase><testcase classname="src.pymortests.vectorarray" file="src/pymortests/vectorarray.py" line="513" name="test_pairwise_dot[compatible_vector_array_pair1-&lt;lambda&gt;0]" time="0.002950906753540039"></testcase><testcase classname="src.pymortests.vectorarray" file="src/pymortests/vectorarray.py" line="513" name="test_pairwise_dot[compatible_vector_array_pair1-&lt;lambda&gt;1]" time="0.001590728759765625"></testcase><testcase classname="src.pymortests.vectorarray" file="src/pymortests/vectorarray.py" line="513" name="test_pairwise_dot[compatible_vector_array_pair1-&lt;lambda&gt;2]" time="0.004120826721191406"></testcase><testcase classname="src.pymortests.vectorarray" file="src/pymortests/vectorarray.py" line="513" name="test_pairwise_dot[compatible_vector_array_pair1-&lt;lambda&gt;3]" time="0.004355907440185547"></testcase><testcase classname="src.pymortests.vectorarray" file="src/pymortests/vectorarray.py" line="513" name="test_pairwise_dot[compatible_vector_array_pair1-&lt;lambda&gt;4]" time="0.0061893463134765625"></testcase><testcase classname="src.pymortests.vectorarray" file="src/pymortests/vectorarray.py" line="513" name="test_pairwise_dot[compatible_vector_array_pair1-&lt;lambda&gt;5]" time="0.0051801204681396484"></testcase><testcase classname="src.pymortests.vectorarray" file="src/pymortests/vectorarray.py" line="513" name="test_pairwise_dot[compatible_vector_array_pair1-&lt;lambda&gt;6]" time="0.0024023056030273438"></testcase><testcase classname="src.pymortests.vectorarray" file="src/pymortests/vectorarray.py" line="513" name="test_pairwise_dot[compatible_vector_array_pair1-&lt;lambda&gt;7]" time="0.0017211437225341797"></testcase><testcase classname="src.pymortests.vectorarray" file="src/pymortests/vectorarray.py" line="513" name="test_pairwise_dot[compatible_vector_array_pair1-&lt;lambda&gt;8]" time="0.0058422088623046875"></testcase><testcase classname="src.pymortests.vectorarray" file="src/pymortests/vectorarray.py" line="513" name="test_pairwise_dot[compatible_vector_array_pair1-&lt;lambda&gt;9]" time="0.007271528244018555"></testcase><testcase classname="src.pymortests.vectorarray" file="src/pymortests/vectorarray.py" line="513" name="test_pairwise_dot[compatible_vector_array_pair1-&lt;lambda&gt;10]" time="0.021944761276245117"></testcase><testcase classname="src.pymortests.vectorarray" file="src/pymortests/vectorarray.py" line="513" name="test_pairwise_dot[compatible_vector_array_pair1-&lt;lambda&gt;11]" time="0.005685567855834961"></testcase><testcase classname="src.pymortests.vectorarray" file="src/pymortests/vectorarray.py" line="513" name="test_pairwise_dot[compatible_vector_array_pair1-&lt;lambda&gt;12]" time="0.0046863555908203125"></testcase><testcase classname="src.pymortests.vectorarray" file="src/pymortests/vectorarray.py" line="513" name="test_pairwise_dot[compatible_vector_array_pair1-&lt;lambda&gt;13]" time="0.0023267269134521484"></testcase><testcase classname="src.pymortests.vectorarray" file="src/pymortests/vectorarray.py" line="513" name="test_pairwise_dot[compatible_vector_array_pair1-&lt;lambda&gt;14]" time="0.005247354507446289"></testcase><testcase classname="src.pymortests.vectorarray" file="src/pymortests/vectorarray.py" line="513" name="test_pairwise_dot[compatible_vector_array_pair1-&lt;lambda&gt;15]" time="0.008832454681396484"></testcase><testcase classname="src.pymortests.vectorarray" file="src/pymortests/vectorarray.py" line="513" name="test_pairwise_dot[compatible_vector_array_pair1-&lt;lambda&gt;16]" time="0.01131296157836914"></testcase><testcase classname="src.pymortests.vectorarray" file="src/pymortests/vectorarray.py" line="513" name="test_pairwise_dot[compatible_vector_array_pair1-&lt;lambda&gt;17]" time="0.014935731887817383"></testcase><testcase classname="src.pymortests.vectorarray" file="src/pymortests/vectorarray.py" line="513" name="test_pairwise_dot[compatible_vector_array_pair1-&lt;lambda&gt;18]" time="0.007200717926025391"></testcase><testcase classname="src.pymortests.vectorarray" file="src/pymortests/vectorarray.py" line="513" name="test_pairwise_dot[compatible_vector_array_pair1-&lt;lambda&gt;19]" time="0.002593994140625"></testcase><testcase classname="src.pymortests.vectorarray" file="src/pymortests/vectorarray.py" line="513" name="test_pairwise_dot[compatible_vector_array_pair1-&lt;lambda&gt;20]" time="0.053472280502319336"></testcase><testcase classname="src.pymortests.vectorarray" file="src/pymortests/vectorarray.py" line="513" name="test_pairwise_dot[compatible_vector_array_pair1-&lt;lambda&gt;21]" time="0.02237868309020996"></testcase><testcase classname="src.pymortests.vectorarray" file="src/pymortests/vectorarray.py" line="513" name="test_pairwise_dot[compatible_vector_array_pair1-&lt;lambda&gt;22]" time="0.0732567310333252"></testcase><testcase classname="src.pymortests.vectorarray" file="src/pymortests/vectorarray.py" line="513" name="test_pairwise_dot[compatible_vector_array_pair1-&lt;lambda&gt;23]" time="0.011412858963012695"></testcase><testcase classname="src.pymortests.vectorarray" file="src/pymortests/vectorarray.py" line="513" name="test_pairwise_dot[compatible_vector_array_pair1-&lt;lambda&gt;24]" time="0.0037069320678710938"></testcase><testcase classname="src.pymortests.vectorarray" file="src/pymortests/vectorarray.py" line="513" name="test_pairwise_dot[compatible_vector_array_pair1-&lt;lambda&gt;25]" time="0.0038411617279052734"></testcase><testcase classname="src.pymortests.vectorarray" file="src/pymortests/vectorarray.py" line="513" name="test_pairwise_dot[compatible_vector_array_pair1-&lt;lambda&gt;26]" time="0.049404144287109375"></testcase><testcase classname="src.pymortests.vectorarray" file="src/pymortests/vectorarray.py" line="513" name="test_pairwise_dot[compatible_vector_array_pair1-&lt;lambda&gt;27]" time="0.04668855667114258"></testcase><testcase classname="src.pymortests.vectorarray" file="src/pymortests/vectorarray.py" line="513" name="test_pairwise_dot[compatible_vector_array_pair1-&lt;lambda&gt;28]" time="0.19101309776306152"></testcase><testcase classname="src.pymortests.vectorarray" file="src/pymortests/vectorarray.py" line="513" name="test_pairwise_dot[compatible_vector_array_pair1-&lt;lambda&gt;29]" time="0.011914491653442383"></testcase><testcase classname="src.pymortests.vectorarray" file="src/pymortests/vectorarray.py" line="513" name="test_pairwise_dot[compatible_vector_array_pair2-&lt;lambda&gt;0]" time="0.003915071487426758"></testcase><testcase classname="src.pymortests.vectorarray" file="src/pymortests/vectorarray.py" line="513" name="test_pairwise_dot[compatible_vector_array_pair2-&lt;lambda&gt;1]" time="0.0016028881072998047"></testcase><testcase classname="src.pymortests.vectorarray" file="src/pymortests/vectorarray.py" line="513" name="test_pairwise_dot[compatible_vector_array_pair2-&lt;lambda&gt;2]" time="0.004838466644287109"></testcase><testcase classname="src.pymortests.vectorarray" file="src/pymortests/vectorarray.py" line="513" name="test_pairwise_dot[compatible_vector_array_pair2-&lt;lambda&gt;3]" time="0.005356311798095703"></testcase><testcase classname="src.pymortests.vectorarray" file="src/pymortests/vectorarray.py" line="513" name="test_pairwise_dot[compatible_vector_array_pair2-&lt;lambda&gt;4]" time="0.006158590316772461"></testcase><testcase classname="src.pymortests.vectorarray" file="src/pymortests/vectorarray.py" line="513" name="test_pairwise_dot[compatible_vector_array_pair2-&lt;lambda&gt;5]" time="0.0052013397216796875"></testcase><testcase classname="src.pymortests.vectorarray" file="src/pymortests/vectorarray.py" line="513" name="test_pairwise_dot[compatible_vector_array_pair2-&lt;lambda&gt;6]" time="0.0024645328521728516"></testcase><testcase classname="src.pymortests.vectorarray" file="src/pymortests/vectorarray.py" line="513" name="test_pairwise_dot[compatible_vector_array_pair2-&lt;lambda&gt;7]" time="0.0015206336975097656"></testcase><testcase classname="src.pymortests.vectorarray" file="src/pymortests/vectorarray.py" line="513" name="test_pairwise_dot[compatible_vector_array_pair2-&lt;lambda&gt;8]" time="0.00599360466003418"></testcase><testcase classname="src.pymortests.vectorarray" file="src/pymortests/vectorarray.py" line="513" name="test_pairwise_dot[compatible_vector_array_pair2-&lt;lambda&gt;9]" time="0.007639884948730469"></testcase><testcase classname="src.pymortests.vectorarray" file="src/pymortests/vectorarray.py" line="513" name="test_pairwise_dot[compatible_vector_array_pair2-&lt;lambda&gt;10]" time="0.023657798767089844"></testcase><testcase classname="src.pymortests.vectorarray" file="src/pymortests/vectorarray.py" line="513" name="test_pairwise_dot[compatible_vector_array_pair2-&lt;lambda&gt;11]" time="0.006542205810546875"></testcase><testcase classname="src.pymortests.vectorarray" file="src/pymortests/vectorarray.py" line="513" name="test_pairwise_dot[compatible_vector_array_pair2-&lt;lambda&gt;12]" time="0.0047724246978759766"></testcase><testcase classname="src.pymortests.vectorarray" file="src/pymortests/vectorarray.py" line="513" name="test_pairwise_dot[compatible_vector_array_pair2-&lt;lambda&gt;13]" time="0.0023643970489501953"></testcase><testcase classname="src.pymortests.vectorarray" file="src/pymortests/vectorarray.py" line="513" name="test_pairwise_dot[compatible_vector_array_pair2-&lt;lambda&gt;14]" time="0.0054051876068115234"></testcase><testcase classname="src.pymortests.vectorarray" file="src/pymortests/vectorarray.py" line="513" name="test_pairwise_dot[compatible_vector_array_pair2-&lt;lambda&gt;15]" time="0.009068965911865234"></testcase><testcase classname="src.pymortests.vectorarray" file="src/pymortests/vectorarray.py" line="513" name="test_pairwise_dot[compatible_vector_array_pair2-&lt;lambda&gt;16]" time="0.010286092758178711"></testcase><testcase classname="src.pymortests.vectorarray" file="src/pymortests/vectorarray.py" line="513" name="test_pairwise_dot[compatible_vector_array_pair2-&lt;lambda&gt;17]" time="0.01465749740600586"></testcase><testcase classname="src.pymortests.vectorarray" file="src/pymortests/vectorarray.py" line="513" name="test_pairwise_dot[compatible_vector_array_pair2-&lt;lambda&gt;18]" time="0.007848739624023438"></testcase><testcase classname="src.pymortests.vectorarray" file="src/pymortests/vectorarray.py" line="513" name="test_pairwise_dot[compatible_vector_array_pair2-&lt;lambda&gt;19]" time="0.002560853958129883"></testcase><testcase classname="src.pymortests.vectorarray" file="src/pymortests/vectorarray.py" line="513" name="test_pairwise_dot[compatible_vector_array_pair2-&lt;lambda&gt;20]" time="0.050340890884399414"></testcase><testcase classname="src.pymortests.vectorarray" file="src/pymortests/vectorarray.py" line="513" name="test_pairwise_dot[compatible_vector_array_pair2-&lt;lambda&gt;21]" time="0.022790908813476562"></testcase><testcase classname="src.pymortests.vectorarray" file="src/pymortests/vectorarray.py" line="513" name="test_pairwise_dot[compatible_vector_array_pair2-&lt;lambda&gt;22]" time="0.0737144947052002"></testcase><testcase classname="src.pymortests.vectorarray" file="src/pymortests/vectorarray.py" line="513" name="test_pairwise_dot[compatible_vector_array_pair2-&lt;lambda&gt;23]" time="0.009539127349853516"></testcase><testcase classname="src.pymortests.vectorarray" file="src/pymortests/vectorarray.py" line="513" name="test_pairwise_dot[compatible_vector_array_pair2-&lt;lambda&gt;24]" time="0.003069162368774414"></testcase><testcase classname="src.pymortests.vectorarray" file="src/pymortests/vectorarray.py" line="513" name="test_pairwise_dot[compatible_vector_array_pair2-&lt;lambda&gt;25]" time="0.0035614967346191406"></testcase><testcase classname="src.pymortests.vectorarray" file="src/pymortests/vectorarray.py" line="513" name="test_pairwise_dot[compatible_vector_array_pair2-&lt;lambda&gt;26]" time="0.050971031188964844"></testcase><testcase classname="src.pymortests.vectorarray" file="src/pymortests/vectorarray.py" line="513" name="test_pairwise_dot[compatible_vector_array_pair2-&lt;lambda&gt;27]" time="0.04558444023132324"></testcase><testcase classname="src.pymortests.vectorarray" file="src/pymortests/vectorarray.py" line="513" name="test_pairwise_dot[compatible_vector_array_pair2-&lt;lambda&gt;28]" time="0.20254254341125488"></testcase><testcase classname="src.pymortests.vectorarray" file="src/pymortests/vectorarray.py" line="513" name="test_pairwise_dot[compatible_vector_array_pair2-&lt;lambda&gt;29]" time="0.010361671447753906"></testcase><testcase classname="src.pymortests.vectorarray" file="src/pymortests/vectorarray.py" line="513" name="test_pairwise_dot[compatible_vector_array_pair3-&lt;lambda&gt;0]" time="0.002773761749267578"></testcase><testcase classname="src.pymortests.vectorarray" file="src/pymortests/vectorarray.py" line="513" name="test_pairwise_dot[compatible_vector_array_pair3-&lt;lambda&gt;1]" time="0.0014994144439697266"></testcase><testcase classname="src.pymortests.vectorarray" file="src/pymortests/vectorarray.py" line="513" name="test_pairwise_dot[compatible_vector_array_pair3-&lt;lambda&gt;2]" time="0.004012346267700195"></testcase><testcase classname="src.pymortests.vectorarray" file="src/pymortests/vectorarray.py" line="513" name="test_pairwise_dot[compatible_vector_array_pair3-&lt;lambda&gt;3]" time="0.004278659820556641"></testcase><testcase classname="src.pymortests.vectorarray" file="src/pymortests/vectorarray.py" line="513" name="test_pairwise_dot[compatible_vector_array_pair3-&lt;lambda&gt;4]" time="0.006107330322265625"></testcase><testcase classname="src.pymortests.vectorarray" file="src/pymortests/vectorarray.py" line="513" name="test_pairwise_dot[compatible_vector_array_pair3-&lt;lambda&gt;5]" time="0.0052490234375"></testcase><testcase classname="src.pymortests.vectorarray" file="src/pymortests/vectorarray.py" line="513" name="test_pairwise_dot[compatible_vector_array_pair3-&lt;lambda&gt;6]" time="0.002471446990966797"></testcase><testcase classname="src.pymortests.vectorarray" file="src/pymortests/vectorarray.py" line="513" name="test_pairwise_dot[compatible_vector_array_pair3-&lt;lambda&gt;7]" time="0.0015251636505126953"></testcase><testcase classname="src.pymortests.vectorarray" file="src/pymortests/vectorarray.py" line="513" name="test_pairwise_dot[compatible_vector_array_pair3-&lt;lambda&gt;8]" time="0.005724430084228516"></testcase><testcase classname="src.pymortests.vectorarray" file="src/pymortests/vectorarray.py" line="513" name="test_pairwise_dot[compatible_vector_array_pair3-&lt;lambda&gt;9]" time="0.007584571838378906"></testcase><testcase classname="src.pymortests.vectorarray" file="src/pymortests/vectorarray.py" line="513" name="test_pairwise_dot[compatible_vector_array_pair3-&lt;lambda&gt;10]" time="0.02173161506652832"></testcase><testcase classname="src.pymortests.vectorarray" file="src/pymortests/vectorarray.py" line="513" name="test_pairwise_dot[compatible_vector_array_pair3-&lt;lambda&gt;11]" time="0.006375312805175781"></testcase><testcase classname="src.pymortests.vectorarray" file="src/pymortests/vectorarray.py" line="513" name="test_pairwise_dot[compatible_vector_array_pair3-&lt;lambda&gt;12]" time="0.004525899887084961"></testcase><testcase classname="src.pymortests.vectorarray" file="src/pymortests/vectorarray.py" line="513" name="test_pairwise_dot[compatible_vector_array_pair3-&lt;lambda&gt;13]" time="0.002326488494873047"></testcase><testcase classname="src.pymortests.vectorarray" file="src/pymortests/vectorarray.py" line="513" name="test_pairwise_dot[compatible_vector_array_pair3-&lt;lambda&gt;14]" time="0.00525975227355957"></testcase><testcase classname="src.pymortests.vectorarray" file="src/pymortests/vectorarray.py" line="513" name="test_pairwise_dot[compatible_vector_array_pair3-&lt;lambda&gt;15]" time="0.008599996566772461"></testcase><testcase classname="src.pymortests.vectorarray" file="src/pymortests/vectorarray.py" line="513" name="test_pairwise_dot[compatible_vector_array_pair3-&lt;lambda&gt;16]" time="0.009334087371826172"></testcase><testcase classname="src.pymortests.vectorarray" file="src/pymortests/vectorarray.py" line="513" name="test_pairwise_dot[compatible_vector_array_pair3-&lt;lambda&gt;17]" time="0.014559745788574219"></testcase><testcase classname="src.pymortests.vectorarray" file="src/pymortests/vectorarray.py" line="513" name="test_pairwise_dot[compatible_vector_array_pair3-&lt;lambda&gt;18]" time="0.0076138973236083984"></testcase><testcase classname="src.pymortests.vectorarray" file="src/pymortests/vectorarray.py" line="513" name="test_pairwise_dot[compatible_vector_array_pair3-&lt;lambda&gt;19]" time="0.002450704574584961"></testcase><testcase classname="src.pymortests.vectorarray" file="src/pymortests/vectorarray.py" line="513" name="test_pairwise_dot[compatible_vector_array_pair3-&lt;lambda&gt;20]" time="0.04574251174926758"></testcase><testcase classname="src.pymortests.vectorarray" file="src/pymortests/vectorarray.py" line="513" name="test_pairwise_dot[compatible_vector_array_pair3-&lt;lambda&gt;21]" time="0.02134108543395996"></testcase><testcase classname="src.pymortests.vectorarray" file="src/pymortests/vectorarray.py" line="513" name="test_pairwise_dot[compatible_vector_array_pair3-&lt;lambda&gt;22]" time="0.06797623634338379"></testcase><testcase classname="src.pymortests.vectorarray" file="src/pymortests/vectorarray.py" line="513" name="test_pairwise_dot[compatible_vector_array_pair3-&lt;lambda&gt;23]" time="0.008764505386352539"></testcase><testcase classname="src.pymortests.vectorarray" file="src/pymortests/vectorarray.py" line="513" name="test_pairwise_dot[compatible_vector_array_pair3-&lt;lambda&gt;24]" time="0.002619028091430664"></testcase><testcase classname="src.pymortests.vectorarray" file="src/pymortests/vectorarray.py" line="513" name="test_pairwise_dot[compatible_vector_array_pair3-&lt;lambda&gt;25]" time="0.0025615692138671875"></testcase><testcase classname="src.pymortests.vectorarray" file="src/pymortests/vectorarray.py" line="513" name="test_pairwise_dot[compatible_vector_array_pair3-&lt;lambda&gt;26]" time="0.027750253677368164"></testcase><testcase classname="src.pymortests.vectorarray" file="src/pymortests/vectorarray.py" line="513" name="test_pairwise_dot[compatible_vector_array_pair3-&lt;lambda&gt;27]" time="0.058925628662109375"></testcase><testcase classname="src.pymortests.vectorarray" file="src/pymortests/vectorarray.py" line="513" name="test_pairwise_dot[compatible_vector_array_pair3-&lt;lambda&gt;28]" time="0.18497371673583984"></testcase><testcase classname="src.pymortests.vectorarray" file="src/pymortests/vectorarray.py" line="513" name="test_pairwise_dot[compatible_vector_array_pair3-&lt;lambda&gt;29]" time="0.010667562484741211"></testcase><testcase classname="src.pymortests.vectorarray" file="src/pymortests/vectorarray.py" line="513" name="test_pairwise_dot[compatible_vector_array_pair4-&lt;lambda&gt;0]" time="0.003954648971557617"></testcase><testcase classname="src.pymortests.vectorarray" file="src/pymortests/vectorarray.py" line="513" name="test_pairwise_dot[compatible_vector_array_pair4-&lt;lambda&gt;1]" time="0.001592874526977539"></testcase><testcase classname="src.pymortests.vectorarray" file="src/pymortests/vectorarray.py" line="513" name="test_pairwise_dot[compatible_vector_array_pair4-&lt;lambda&gt;2]" time="0.0041751861572265625"></testcase><testcase classname="src.pymortests.vectorarray" file="src/pymortests/vectorarray.py" line="513" name="test_pairwise_dot[compatible_vector_array_pair4-&lt;lambda&gt;3]" time="0.0044367313385009766"></testcase><testcase classname="src.pymortests.vectorarray" file="src/pymortests/vectorarray.py" line="513" name="test_pairwise_dot[compatible_vector_array_pair4-&lt;lambda&gt;4]" time="0.006398677825927734"></testcase><testcase classname="src.pymortests.vectorarray" file="src/pymortests/vectorarray.py" line="513" name="test_pairwise_dot[compatible_vector_array_pair4-&lt;lambda&gt;5]" time="0.005195140838623047"></testcase><testcase classname="src.pymortests.vectorarray" file="src/pymortests/vectorarray.py" line="513" name="test_pairwise_dot[compatible_vector_array_pair4-&lt;lambda&gt;6]" time="0.0025060176849365234"></testcase><testcase classname="src.pymortests.vectorarray" file="src/pymortests/vectorarray.py" line="513" name="test_pairwise_dot[compatible_vector_array_pair4-&lt;lambda&gt;7]" time="0.0014858245849609375"></testcase><testcase classname="src.pymortests.vectorarray" file="src/pymortests/vectorarray.py" line="513" name="test_pairwise_dot[compatible_vector_array_pair4-&lt;lambda&gt;8]" time="0.005820751190185547"></testcase><testcase classname="src.pymortests.vectorarray" file="src/pymortests/vectorarray.py" line="513" name="test_pairwise_dot[compatible_vector_array_pair4-&lt;lambda&gt;9]" time="0.0072095394134521484"></testcase><testcase classname="src.pymortests.vectorarray" file="src/pymortests/vectorarray.py" line="513" name="test_pairwise_dot[compatible_vector_array_pair4-&lt;lambda&gt;10]" time="0.022480010986328125"></testcase><testcase classname="src.pymortests.vectorarray" file="src/pymortests/vectorarray.py" line="513" name="test_pairwise_dot[compatible_vector_array_pair4-&lt;lambda&gt;11]" time="0.006316184997558594"></testcase><testcase classname="src.pymortests.vectorarray" file="src/pymortests/vectorarray.py" line="513" name="test_pairwise_dot[compatible_vector_array_pair4-&lt;lambda&gt;12]" time="0.0044825077056884766"></testcase><testcase classname="src.pymortests.vectorarray" file="src/pymortests/vectorarray.py" line="513" name="test_pairwise_dot[compatible_vector_array_pair4-&lt;lambda&gt;13]" time="0.0022640228271484375"></testcase><testcase classname="src.pymortests.vectorarray" file="src/pymortests/vectorarray.py" line="513" name="test_pairwise_dot[compatible_vector_array_pair4-&lt;lambda&gt;14]" time="0.005340099334716797"></testcase><testcase classname="src.pymortests.vectorarray" file="src/pymortests/vectorarray.py" line="513" name="test_pairwise_dot[compatible_vector_array_pair4-&lt;lambda&gt;15]" time="0.008472919464111328"></testcase><testcase classname="src.pymortests.vectorarray" file="src/pymortests/vectorarray.py" line="513" name="test_pairwise_dot[compatible_vector_array_pair4-&lt;lambda&gt;16]" time="0.009070873260498047"></testcase><testcase classname="src.pymortests.vectorarray" file="src/pymortests/vectorarray.py" line="513" name="test_pairwise_dot[compatible_vector_array_pair4-&lt;lambda&gt;17]" time="0.014386892318725586"></testcase><testcase classname="src.pymortests.vectorarray" file="src/pymortests/vectorarray.py" line="513" name="test_pairwise_dot[compatible_vector_array_pair4-&lt;lambda&gt;18]" time="0.0074138641357421875"></testcase><testcase classname="src.pymortests.vectorarray" file="src/pymortests/vectorarray.py" line="513" name="test_pairwise_dot[compatible_vector_array_pair4-&lt;lambda&gt;19]" time="0.0023245811462402344"></testcase><testcase classname="src.pymortests.vectorarray" file="src/pymortests/vectorarray.py" line="513" name="test_pairwise_dot[compatible_vector_array_pair4-&lt;lambda&gt;20]" time="0.042890310287475586"></testcase><testcase classname="src.pymortests.vectorarray" file="src/pymortests/vectorarray.py" line="513" name="test_pairwise_dot[compatible_vector_array_pair4-&lt;lambda&gt;21]" time="0.02094435691833496"></testcase><testcase classname="src.pymortests.vectorarray" file="src/pymortests/vectorarray.py" line="513" name="test_pairwise_dot[compatible_vector_array_pair4-&lt;lambda&gt;22]" time="0.06812620162963867"></testcase><testcase classname="src.pymortests.vectorarray" file="src/pymortests/vectorarray.py" line="513" name="test_pairwise_dot[compatible_vector_array_pair4-&lt;lambda&gt;23]" time="0.00895833969116211"></testcase><testcase classname="src.pymortests.vectorarray" file="src/pymortests/vectorarray.py" line="513" name="test_pairwise_dot[compatible_vector_array_pair4-&lt;lambda&gt;24]" time="0.002696514129638672"></testcase><testcase classname="src.pymortests.vectorarray" file="src/pymortests/vectorarray.py" line="513" name="test_pairwise_dot[compatible_vector_array_pair4-&lt;lambda&gt;25]" time="0.0035026073455810547"></testcase><testcase classname="src.pymortests.vectorarray" file="src/pymortests/vectorarray.py" line="513" name="test_pairwise_dot[compatible_vector_array_pair4-&lt;lambda&gt;26]" time="0.04758095741271973"></testcase><testcase classname="src.pymortests.vectorarray" file="src/pymortests/vectorarray.py" line="513" name="test_pairwise_dot[compatible_vector_array_pair4-&lt;lambda&gt;27]" time="0.06518697738647461"></testcase><testcase classname="src.pymortests.vectorarray" file="src/pymortests/vectorarray.py" line="513" name="test_pairwise_dot[compatible_vector_array_pair4-&lt;lambda&gt;28]" time="0.2355365753173828"></testcase><testcase classname="src.pymortests.vectorarray" file="src/pymortests/vectorarray.py" line="513" name="test_pairwise_dot[compatible_vector_array_pair4-&lt;lambda&gt;29]" time="0.011577606201171875"></testcase><testcase classname="src.pymortests.vectorarray" file="src/pymortests/vectorarray.py" line="513" name="test_pairwise_dot[compatible_vector_array_pair5-&lt;lambda&gt;0]" time="0.002722024917602539"></testcase><testcase classname="src.pymortests.vectorarray" file="src/pymortests/vectorarray.py" line="513" name="test_pairwise_dot[compatible_vector_array_pair5-&lt;lambda&gt;1]" time="0.0014591217041015625"></testcase><testcase classname="src.pymortests.vectorarray" file="src/pymortests/vectorarray.py" line="513" name="test_pairwise_dot[compatible_vector_array_pair5-&lt;lambda&gt;2]" time="0.00403594970703125"></testcase><testcase classname="src.pymortests.vectorarray" file="src/pymortests/vectorarray.py" line="513" name="test_pairwise_dot[compatible_vector_array_pair5-&lt;lambda&gt;3]" time="0.004193544387817383"></testcase><testcase classname="src.pymortests.vectorarray" file="src/pymortests/vectorarray.py" line="513" name="test_pairwise_dot[compatible_vector_array_pair5-&lt;lambda&gt;4]" time="0.006003141403198242"></testcase><testcase classname="src.pymortests.vectorarray" file="src/pymortests/vectorarray.py" line="513" name="test_pairwise_dot[compatible_vector_array_pair5-&lt;lambda&gt;5]" time="0.0051500797271728516"></testcase><testcase classname="src.pymortests.vectorarray" file="src/pymortests/vectorarray.py" line="513" name="test_pairwise_dot[compatible_vector_array_pair5-&lt;lambda&gt;6]" time="0.0024166107177734375"></testcase><testcase classname="src.pymortests.vectorarray" file="src/pymortests/vectorarray.py" line="513" name="test_pairwise_dot[compatible_vector_array_pair5-&lt;lambda&gt;7]" time="0.0014417171478271484"></testcase><testcase classname="src.pymortests.vectorarray" file="src/pymortests/vectorarray.py" line="513" name="test_pairwise_dot[compatible_vector_array_pair5-&lt;lambda&gt;8]" time="0.005754232406616211"></testcase><testcase classname="src.pymortests.vectorarray" file="src/pymortests/vectorarray.py" line="513" name="test_pairwise_dot[compatible_vector_array_pair5-&lt;lambda&gt;9]" time="0.007193565368652344"></testcase><testcase classname="src.pymortests.vectorarray" file="src/pymortests/vectorarray.py" line="513" name="test_pairwise_dot[compatible_vector_array_pair5-&lt;lambda&gt;10]" time="0.02195119857788086"></testcase><testcase classname="src.pymortests.vectorarray" file="src/pymortests/vectorarray.py" line="513" name="test_pairwise_dot[compatible_vector_array_pair5-&lt;lambda&gt;11]" time="0.006253719329833984"></testcase><testcase classname="src.pymortests.vectorarray" file="src/pymortests/vectorarray.py" line="513" name="test_pairwise_dot[compatible_vector_array_pair5-&lt;lambda&gt;12]" time="0.004633903503417969"></testcase><testcase classname="src.pymortests.vectorarray" file="src/pymortests/vectorarray.py" line="513" name="test_pairwise_dot[compatible_vector_array_pair5-&lt;lambda&gt;13]" time="0.0022735595703125"></testcase><testcase classname="src.pymortests.vectorarray" file="src/pymortests/vectorarray.py" line="513" name="test_pairwise_dot[compatible_vector_array_pair5-&lt;lambda&gt;14]" time="0.005188703536987305"></testcase><testcase classname="src.pymortests.vectorarray" file="src/pymortests/vectorarray.py" line="513" name="test_pairwise_dot[compatible_vector_array_pair5-&lt;lambda&gt;15]" time="0.008791208267211914"></testcase><testcase classname="src.pymortests.vectorarray" file="src/pymortests/vectorarray.py" line="513" name="test_pairwise_dot[compatible_vector_array_pair5-&lt;lambda&gt;16]" time="0.009409904479980469"></testcase><testcase classname="src.pymortests.vectorarray" file="src/pymortests/vectorarray.py" line="513" name="test_pairwise_dot[compatible_vector_array_pair5-&lt;lambda&gt;17]" time="0.014482498168945312"></testcase><testcase classname="src.pymortests.vectorarray" file="src/pymortests/vectorarray.py" line="513" name="test_pairwise_dot[compatible_vector_array_pair5-&lt;lambda&gt;18]" time="0.0075225830078125"></testcase><testcase classname="src.pymortests.vectorarray" file="src/pymortests/vectorarray.py" line="513" name="test_pairwise_dot[compatible_vector_array_pair5-&lt;lambda&gt;19]" time="0.0024230480194091797"></testcase><testcase classname="src.pymortests.vectorarray" file="src/pymortests/vectorarray.py" line="513" name="test_pairwise_dot[compatible_vector_array_pair5-&lt;lambda&gt;20]" time="0.04816246032714844"></testcase><testcase classname="src.pymortests.vectorarray" file="src/pymortests/vectorarray.py" line="513" name="test_pairwise_dot[compatible_vector_array_pair5-&lt;lambda&gt;21]" time="0.023440122604370117"></testcase><testcase classname="src.pymortests.vectorarray" file="src/pymortests/vectorarray.py" line="513" name="test_pairwise_dot[compatible_vector_array_pair5-&lt;lambda&gt;22]" time="0.0683739185333252"></testcase><testcase classname="src.pymortests.vectorarray" file="src/pymortests/vectorarray.py" line="513" name="test_pairwise_dot[compatible_vector_array_pair5-&lt;lambda&gt;23]" time="0.008402347564697266"></testcase><testcase classname="src.pymortests.vectorarray" file="src/pymortests/vectorarray.py" line="513" name="test_pairwise_dot[compatible_vector_array_pair5-&lt;lambda&gt;24]" time="0.0026721954345703125"></testcase><testcase classname="src.pymortests.vectorarray" file="src/pymortests/vectorarray.py" line="513" name="test_pairwise_dot[compatible_vector_array_pair5-&lt;lambda&gt;25]" time="0.003357410430908203"></testcase><testcase classname="src.pymortests.vectorarray" file="src/pymortests/vectorarray.py" line="513" name="test_pairwise_dot[compatible_vector_array_pair5-&lt;lambda&gt;26]" time="0.04649090766906738"></testcase><testcase classname="src.pymortests.vectorarray" file="src/pymortests/vectorarray.py" line="513" name="test_pairwise_dot[compatible_vector_array_pair5-&lt;lambda&gt;27]" time="0.06305265426635742"></testcase><testcase classname="src.pymortests.vectorarray" file="src/pymortests/vectorarray.py" line="513" name="test_pairwise_dot[compatible_vector_array_pair5-&lt;lambda&gt;28]" time="0.2367551326751709"></testcase><testcase classname="src.pymortests.vectorarray" file="src/pymortests/vectorarray.py" line="513" name="test_pairwise_dot[compatible_vector_array_pair5-&lt;lambda&gt;29]" time="0.011391162872314453"></testcase><testcase classname="src.pymortests.vectorarray" file="src/pymortests/vectorarray.py" line="513" name="test_pairwise_dot[compatible_vector_array_pair6-&lt;lambda&gt;0]" time="0.002825021743774414"></testcase><testcase classname="src.pymortests.vectorarray" file="src/pymortests/vectorarray.py" line="513" name="test_pairwise_dot[compatible_vector_array_pair6-&lt;lambda&gt;1]" time="0.0015363693237304688"></testcase><testcase classname="src.pymortests.vectorarray" file="src/pymortests/vectorarray.py" line="513" name="test_pairwise_dot[compatible_vector_array_pair6-&lt;lambda&gt;2]" time="0.004379987716674805"></testcase><testcase classname="src.pymortests.vectorarray" file="src/pymortests/vectorarray.py" line="513" name="test_pairwise_dot[compatible_vector_array_pair6-&lt;lambda&gt;3]" time="0.005743980407714844"></testcase><testcase classname="src.pymortests.vectorarray" file="src/pymortests/vectorarray.py" line="513" name="test_pairwise_dot[compatible_vector_array_pair6-&lt;lambda&gt;4]" time="0.00670623779296875"></testcase><testcase classname="src.pymortests.vectorarray" file="src/pymortests/vectorarray.py" line="513" name="test_pairwise_dot[compatible_vector_array_pair6-&lt;lambda&gt;5]" time="0.00540924072265625"></testcase><testcase classname="src.pymortests.vectorarray" file="src/pymortests/vectorarray.py" line="513" name="test_pairwise_dot[compatible_vector_array_pair6-&lt;lambda&gt;6]" time="0.002367258071899414"></testcase><testcase classname="src.pymortests.vectorarray" file="src/pymortests/vectorarray.py" line="513" name="test_pairwise_dot[compatible_vector_array_pair6-&lt;lambda&gt;7]" time="0.0014955997467041016"></testcase><testcase classname="src.pymortests.vectorarray" file="src/pymortests/vectorarray.py" line="513" name="test_pairwise_dot[compatible_vector_array_pair6-&lt;lambda&gt;8]" time="0.0056836605072021484"></testcase><testcase classname="src.pymortests.vectorarray" file="src/pymortests/vectorarray.py" line="513" name="test_pairwise_dot[compatible_vector_array_pair6-&lt;lambda&gt;9]" time="0.007364988327026367"></testcase><testcase classname="src.pymortests.vectorarray" file="src/pymortests/vectorarray.py" line="513" name="test_pairwise_dot[compatible_vector_array_pair6-&lt;lambda&gt;10]" time="0.021765708923339844"></testcase><testcase classname="src.pymortests.vectorarray" file="src/pymortests/vectorarray.py" line="513" name="test_pairwise_dot[compatible_vector_array_pair6-&lt;lambda&gt;11]" time="0.0063610076904296875"></testcase><testcase classname="src.pymortests.vectorarray" file="src/pymortests/vectorarray.py" line="513" name="test_pairwise_dot[compatible_vector_array_pair6-&lt;lambda&gt;12]" time="0.00455474853515625"></testcase><testcase classname="src.pymortests.vectorarray" file="src/pymortests/vectorarray.py" line="513" name="test_pairwise_dot[compatible_vector_array_pair6-&lt;lambda&gt;13]" time="0.002268075942993164"></testcase><testcase classname="src.pymortests.vectorarray" file="src/pymortests/vectorarray.py" line="513" name="test_pairwise_dot[compatible_vector_array_pair6-&lt;lambda&gt;14]" time="0.005269289016723633"></testcase><testcase classname="src.pymortests.vectorarray" file="src/pymortests/vectorarray.py" line="513" name="test_pairwise_dot[compatible_vector_array_pair6-&lt;lambda&gt;15]" time="0.008802413940429688"></testcase><testcase classname="src.pymortests.vectorarray" file="src/pymortests/vectorarray.py" line="513" name="test_pairwise_dot[compatible_vector_array_pair6-&lt;lambda&gt;16]" time="0.009458541870117188"></testcase><testcase classname="src.pymortests.vectorarray" file="src/pymortests/vectorarray.py" line="513" name="test_pairwise_dot[compatible_vector_array_pair6-&lt;lambda&gt;17]" time="0.01455998420715332"></testcase><testcase classname="src.pymortests.vectorarray" file="src/pymortests/vectorarray.py" line="513" name="test_pairwise_dot[compatible_vector_array_pair6-&lt;lambda&gt;18]" time="0.007634162902832031"></testcase><testcase classname="src.pymortests.vectorarray" file="src/pymortests/vectorarray.py" line="513" name="test_pairwise_dot[compatible_vector_array_pair6-&lt;lambda&gt;19]" time="0.0024390220642089844"></testcase><testcase classname="src.pymortests.vectorarray" file="src/pymortests/vectorarray.py" line="513" name="test_pairwise_dot[compatible_vector_array_pair6-&lt;lambda&gt;20]" time="0.046518564224243164"></testcase><testcase classname="src.pymortests.vectorarray" file="src/pymortests/vectorarray.py" line="513" name="test_pairwise_dot[compatible_vector_array_pair6-&lt;lambda&gt;21]" time="0.021084070205688477"></testcase><testcase classname="src.pymortests.vectorarray" file="src/pymortests/vectorarray.py" line="513" name="test_pairwise_dot[compatible_vector_array_pair6-&lt;lambda&gt;22]" time="0.06868386268615723"></testcase><testcase classname="src.pymortests.vectorarray" file="src/pymortests/vectorarray.py" line="513" name="test_pairwise_dot[compatible_vector_array_pair6-&lt;lambda&gt;23]" time="0.008620500564575195"></testcase><testcase classname="src.pymortests.vectorarray" file="src/pymortests/vectorarray.py" line="513" name="test_pairwise_dot[compatible_vector_array_pair6-&lt;lambda&gt;24]" time="0.0026998519897460938"></testcase><testcase classname="src.pymortests.vectorarray" file="src/pymortests/vectorarray.py" line="513" name="test_pairwise_dot[compatible_vector_array_pair6-&lt;lambda&gt;25]" time="0.0026922225952148438"></testcase><testcase classname="src.pymortests.vectorarray" file="src/pymortests/vectorarray.py" line="513" name="test_pairwise_dot[compatible_vector_array_pair6-&lt;lambda&gt;26]" time="0.03007030487060547"></testcase><testcase classname="src.pymortests.vectorarray" file="src/pymortests/vectorarray.py" line="513" name="test_pairwise_dot[compatible_vector_array_pair6-&lt;lambda&gt;27]" time="0.0606997013092041"></testcase><testcase classname="src.pymortests.vectorarray" file="src/pymortests/vectorarray.py" line="513" name="test_pairwise_dot[compatible_vector_array_pair6-&lt;lambda&gt;28]" time="0.1882920265197754"></testcase><testcase classname="src.pymortests.vectorarray" file="src/pymortests/vectorarray.py" line="513" name="test_pairwise_dot[compatible_vector_array_pair6-&lt;lambda&gt;29]" time="0.01049184799194336"></testcase><testcase classname="src.pymortests.vectorarray" file="src/pymortests/vectorarray.py" line="513" name="test_pairwise_dot[compatible_vector_array_pair7-&lt;lambda&gt;0]" time="0.002917766571044922"></testcase><testcase classname="src.pymortests.vectorarray" file="src/pymortests/vectorarray.py" line="513" name="test_pairwise_dot[compatible_vector_array_pair7-&lt;lambda&gt;1]" time="0.001584768295288086"></testcase><testcase classname="src.pymortests.vectorarray" file="src/pymortests/vectorarray.py" line="513" name="test_pairwise_dot[compatible_vector_array_pair7-&lt;lambda&gt;2]" time="0.004061222076416016"></testcase><testcase classname="src.pymortests.vectorarray" file="src/pymortests/vectorarray.py" line="513" name="test_pairwise_dot[compatible_vector_array_pair7-&lt;lambda&gt;3]" time="0.004416942596435547"></testcase><testcase classname="src.pymortests.vectorarray" file="src/pymortests/vectorarray.py" line="513" name="test_pairwise_dot[compatible_vector_array_pair7-&lt;lambda&gt;4]" time="0.006390094757080078"></testcase><testcase classname="src.pymortests.vectorarray" file="src/pymortests/vectorarray.py" line="513" name="test_pairwise_dot[compatible_vector_array_pair7-&lt;lambda&gt;5]" time="0.005185127258300781"></testcase><testcase classname="src.pymortests.vectorarray" file="src/pymortests/vectorarray.py" line="513" name="test_pairwise_dot[compatible_vector_array_pair7-&lt;lambda&gt;6]" time="0.0024709701538085938"></testcase><testcase classname="src.pymortests.vectorarray" file="src/pymortests/vectorarray.py" line="513" name="test_pairwise_dot[compatible_vector_array_pair7-&lt;lambda&gt;7]" time="0.0014691352844238281"></testcase><testcase classname="src.pymortests.vectorarray" file="src/pymortests/vectorarray.py" line="513" name="test_pairwise_dot[compatible_vector_array_pair7-&lt;lambda&gt;8]" time="0.005914211273193359"></testcase><testcase classname="src.pymortests.vectorarray" file="src/pymortests/vectorarray.py" line="513" name="test_pairwise_dot[compatible_vector_array_pair7-&lt;lambda&gt;9]" time="0.007282733917236328"></testcase><testcase classname="src.pymortests.vectorarray" file="src/pymortests/vectorarray.py" line="513" name="test_pairwise_dot[compatible_vector_array_pair7-&lt;lambda&gt;10]" time="0.0221407413482666"></testcase><testcase classname="src.pymortests.vectorarray" file="src/pymortests/vectorarray.py" line="513" name="test_pairwise_dot[compatible_vector_array_pair7-&lt;lambda&gt;11]" time="0.0064907073974609375"></testcase><testcase classname="src.pymortests.vectorarray" file="src/pymortests/vectorarray.py" line="513" name="test_pairwise_dot[compatible_vector_array_pair7-&lt;lambda&gt;12]" time="0.004578113555908203"></testcase><testcase classname="src.pymortests.vectorarray" file="src/pymortests/vectorarray.py" line="513" name="test_pairwise_dot[compatible_vector_array_pair7-&lt;lambda&gt;13]" time="0.0023267269134521484"></testcase><testcase classname="src.pymortests.vectorarray" file="src/pymortests/vectorarray.py" line="513" name="test_pairwise_dot[compatible_vector_array_pair7-&lt;lambda&gt;14]" time="0.0051937103271484375"></testcase><testcase classname="src.pymortests.vectorarray" file="src/pymortests/vectorarray.py" line="513" name="test_pairwise_dot[compatible_vector_array_pair7-&lt;lambda&gt;15]" time="0.008574962615966797"></testcase><testcase classname="src.pymortests.vectorarray" file="src/pymortests/vectorarray.py" line="513" name="test_pairwise_dot[compatible_vector_array_pair7-&lt;lambda&gt;16]" time="0.009350776672363281"></testcase><testcase classname="src.pymortests.vectorarray" file="src/pymortests/vectorarray.py" line="513" name="test_pairwise_dot[compatible_vector_array_pair7-&lt;lambda&gt;17]" time="0.014630317687988281"></testcase><testcase classname="src.pymortests.vectorarray" file="src/pymortests/vectorarray.py" line="513" name="test_pairwise_dot[compatible_vector_array_pair7-&lt;lambda&gt;18]" time="0.007950305938720703"></testcase><testcase classname="src.pymortests.vectorarray" file="src/pymortests/vectorarray.py" line="513" name="test_pairwise_dot[compatible_vector_array_pair7-&lt;lambda&gt;19]" time="0.0023431777954101562"></testcase><testcase classname="src.pymortests.vectorarray" file="src/pymortests/vectorarray.py" line="513" name="test_pairwise_dot[compatible_vector_array_pair7-&lt;lambda&gt;20]" time="0.04250669479370117"></testcase><testcase classname="src.pymortests.vectorarray" file="src/pymortests/vectorarray.py" line="513" name="test_pairwise_dot[compatible_vector_array_pair7-&lt;lambda&gt;21]" time="0.021407604217529297"></testcase><testcase classname="src.pymortests.vectorarray" file="src/pymortests/vectorarray.py" line="513" name="test_pairwise_dot[compatible_vector_array_pair7-&lt;lambda&gt;22]" time="0.06904149055480957"></testcase><testcase classname="src.pymortests.vectorarray" file="src/pymortests/vectorarray.py" line="513" name="test_pairwise_dot[compatible_vector_array_pair7-&lt;lambda&gt;23]" time="0.008520841598510742"></testcase><testcase classname="src.pymortests.vectorarray" file="src/pymortests/vectorarray.py" line="513" name="test_pairwise_dot[compatible_vector_array_pair7-&lt;lambda&gt;24]" time="0.002660036087036133"></testcase><testcase classname="src.pymortests.vectorarray" file="src/pymortests/vectorarray.py" line="513" name="test_pairwise_dot[compatible_vector_array_pair7-&lt;lambda&gt;25]" time="0.0034842491149902344"></testcase><testcase classname="src.pymortests.vectorarray" file="src/pymortests/vectorarray.py" line="513" name="test_pairwise_dot[compatible_vector_array_pair7-&lt;lambda&gt;26]" time="0.047197580337524414"></testcase><testcase classname="src.pymortests.vectorarray" file="src/pymortests/vectorarray.py" line="513" name="test_pairwise_dot[compatible_vector_array_pair7-&lt;lambda&gt;27]" time="0.06502246856689453"></testcase><testcase classname="src.pymortests.vectorarray" file="src/pymortests/vectorarray.py" line="513" name="test_pairwise_dot[compatible_vector_array_pair7-&lt;lambda&gt;28]" time="0.23607969284057617"></testcase><testcase classname="src.pymortests.vectorarray" file="src/pymortests/vectorarray.py" line="513" name="test_pairwise_dot[compatible_vector_array_pair7-&lt;lambda&gt;29]" time="0.011054754257202148"></testcase><testcase classname="src.pymortests.vectorarray" file="src/pymortests/vectorarray.py" line="513" name="test_pairwise_dot[compatible_vector_array_pair8-&lt;lambda&gt;0]" time="0.002750396728515625"></testcase><testcase classname="src.pymortests.vectorarray" file="src/pymortests/vectorarray.py" line="513" name="test_pairwise_dot[compatible_vector_array_pair8-&lt;lambda&gt;1]" time="0.0014872550964355469"></testcase><testcase classname="src.pymortests.vectorarray" file="src/pymortests/vectorarray.py" line="513" name="test_pairwise_dot[compatible_vector_array_pair8-&lt;lambda&gt;2]" time="0.003989219665527344"></testcase><testcase classname="src.pymortests.vectorarray" file="src/pymortests/vectorarray.py" line="513" name="test_pairwise_dot[compatible_vector_array_pair8-&lt;lambda&gt;3]" time="0.00429081916809082"></testcase><testcase classname="src.pymortests.vectorarray" file="src/pymortests/vectorarray.py" line="513" name="test_pairwise_dot[compatible_vector_array_pair8-&lt;lambda&gt;4]" time="0.006302833557128906"></testcase><testcase classname="src.pymortests.vectorarray" file="src/pymortests/vectorarray.py" line="513" name="test_pairwise_dot[compatible_vector_array_pair8-&lt;lambda&gt;5]" time="0.004933357238769531"></testcase><testcase classname="src.pymortests.vectorarray" file="src/pymortests/vectorarray.py" line="513" name="test_pairwise_dot[compatible_vector_array_pair8-&lt;lambda&gt;6]" time="0.002296924591064453"></testcase><testcase classname="src.pymortests.vectorarray" file="src/pymortests/vectorarray.py" line="513" name="test_pairwise_dot[compatible_vector_array_pair8-&lt;lambda&gt;7]" time="0.0014033317565917969"></testcase><testcase classname="src.pymortests.vectorarray" file="src/pymortests/vectorarray.py" line="513" name="test_pairwise_dot[compatible_vector_array_pair8-&lt;lambda&gt;8]" time="0.00572967529296875"></testcase><testcase classname="src.pymortests.vectorarray" file="src/pymortests/vectorarray.py" line="513" name="test_pairwise_dot[compatible_vector_array_pair8-&lt;lambda&gt;9]" time="0.0071065425872802734"></testcase><testcase classname="src.pymortests.vectorarray" file="src/pymortests/vectorarray.py" line="513" name="test_pairwise_dot[compatible_vector_array_pair8-&lt;lambda&gt;10]" time="0.02215719223022461"></testcase><testcase classname="src.pymortests.vectorarray" file="src/pymortests/vectorarray.py" line="513" name="test_pairwise_dot[compatible_vector_array_pair8-&lt;lambda&gt;11]" time="0.0066776275634765625"></testcase><testcase classname="src.pymortests.vectorarray" file="src/pymortests/vectorarray.py" line="513" name="test_pairwise_dot[compatible_vector_array_pair8-&lt;lambda&gt;12]" time="0.0045719146728515625"></testcase><testcase classname="src.pymortests.vectorarray" file="src/pymortests/vectorarray.py" line="513" name="test_pairwise_dot[compatible_vector_array_pair8-&lt;lambda&gt;13]" time="0.0022819042205810547"></testcase><testcase classname="src.pymortests.vectorarray" file="src/pymortests/vectorarray.py" line="513" name="test_pairwise_dot[compatible_vector_array_pair8-&lt;lambda&gt;14]" time="0.005301237106323242"></testcase><testcase classname="src.pymortests.vectorarray" file="src/pymortests/vectorarray.py" line="513" name="test_pairwise_dot[compatible_vector_array_pair8-&lt;lambda&gt;15]" time="0.008642435073852539"></testcase><testcase classname="src.pymortests.vectorarray" file="src/pymortests/vectorarray.py" line="513" name="test_pairwise_dot[compatible_vector_array_pair8-&lt;lambda&gt;16]" time="0.0094451904296875"></testcase><testcase classname="src.pymortests.vectorarray" file="src/pymortests/vectorarray.py" line="513" name="test_pairwise_dot[compatible_vector_array_pair8-&lt;lambda&gt;17]" time="0.015002965927124023"></testcase><testcase classname="src.pymortests.vectorarray" file="src/pymortests/vectorarray.py" line="513" name="test_pairwise_dot[compatible_vector_array_pair8-&lt;lambda&gt;18]" time="0.007703542709350586"></testcase><testcase classname="src.pymortests.vectorarray" file="src/pymortests/vectorarray.py" line="513" name="test_pairwise_dot[compatible_vector_array_pair8-&lt;lambda&gt;19]" time="0.002511262893676758"></testcase><testcase classname="src.pymortests.vectorarray" file="src/pymortests/vectorarray.py" line="513" name="test_pairwise_dot[compatible_vector_array_pair8-&lt;lambda&gt;20]" time="0.04589247703552246"></testcase><testcase classname="src.pymortests.vectorarray" file="src/pymortests/vectorarray.py" line="513" name="test_pairwise_dot[compatible_vector_array_pair8-&lt;lambda&gt;21]" time="0.022153854370117188"></testcase><testcase classname="src.pymortests.vectorarray" file="src/pymortests/vectorarray.py" line="513" name="test_pairwise_dot[compatible_vector_array_pair8-&lt;lambda&gt;22]" time="0.06763553619384766"></testcase><testcase classname="src.pymortests.vectorarray" file="src/pymortests/vectorarray.py" line="513" name="test_pairwise_dot[compatible_vector_array_pair8-&lt;lambda&gt;23]" time="0.008598566055297852"></testcase><testcase classname="src.pymortests.vectorarray" file="src/pymortests/vectorarray.py" line="513" name="test_pairwise_dot[compatible_vector_array_pair8-&lt;lambda&gt;24]" time="0.0027077198028564453"></testcase><testcase classname="src.pymortests.vectorarray" file="src/pymortests/vectorarray.py" line="513" name="test_pairwise_dot[compatible_vector_array_pair8-&lt;lambda&gt;25]" time="0.0034236907958984375"></testcase><testcase classname="src.pymortests.vectorarray" file="src/pymortests/vectorarray.py" line="513" name="test_pairwise_dot[compatible_vector_array_pair8-&lt;lambda&gt;26]" time="0.04707598686218262"></testcase><testcase classname="src.pymortests.vectorarray" file="src/pymortests/vectorarray.py" line="513" name="test_pairwise_dot[compatible_vector_array_pair8-&lt;lambda&gt;27]" time="0.062288761138916016"></testcase><testcase classname="src.pymortests.vectorarray" file="src/pymortests/vectorarray.py" line="513" name="test_pairwise_dot[compatible_vector_array_pair8-&lt;lambda&gt;28]" time="0.23153400421142578"></testcase><testcase classname="src.pymortests.vectorarray" file="src/pymortests/vectorarray.py" line="513" name="test_pairwise_dot[compatible_vector_array_pair8-&lt;lambda&gt;29]" time="0.011369466781616211"></testcase><testcase classname="src.pymortests.vectorarray" file="src/pymortests/vectorarray.py" line="528" name="test_pairwise_dot_self[0-&lt;lambda&gt;0]" time="0.0042531490325927734"></testcase><testcase classname="src.pymortests.vectorarray" file="src/pymortests/vectorarray.py" line="528" name="test_pairwise_dot_self[0-&lt;lambda&gt;1]" time="0.004315376281738281"></testcase><testcase classname="src.pymortests.vectorarray" file="src/pymortests/vectorarray.py" line="528" name="test_pairwise_dot_self[0-&lt;lambda&gt;2]" time="0.007795095443725586"></testcase><testcase classname="src.pymortests.vectorarray" file="src/pymortests/vectorarray.py" line="528" name="test_pairwise_dot_self[0-&lt;lambda&gt;3]" time="0.009366750717163086"></testcase><testcase classname="src.pymortests.vectorarray" file="src/pymortests/vectorarray.py" line="528" name="test_pairwise_dot_self[0-&lt;lambda&gt;4]" time="0.010812520980834961"></testcase><testcase classname="src.pymortests.vectorarray" file="src/pymortests/vectorarray.py" line="528" name="test_pairwise_dot_self[0-&lt;lambda&gt;5]" time="0.004410982131958008"></testcase><testcase classname="src.pymortests.vectorarray" file="src/pymortests/vectorarray.py" line="528" name="test_pairwise_dot_self[0-&lt;lambda&gt;6]" time="0.0036084651947021484"></testcase><testcase classname="src.pymortests.vectorarray" file="src/pymortests/vectorarray.py" line="528" name="test_pairwise_dot_self[0-&lt;lambda&gt;7]" time="0.007625579833984375"></testcase><testcase classname="src.pymortests.vectorarray" file="src/pymortests/vectorarray.py" line="528" name="test_pairwise_dot_self[0-&lt;lambda&gt;8]" time="0.026570558547973633"></testcase><testcase classname="src.pymortests.vectorarray" file="src/pymortests/vectorarray.py" line="528" name="test_pairwise_dot_self[0-&lt;lambda&gt;9]" time="0.05142974853515625"></testcase><testcase classname="src.pymortests.vectorarray" file="src/pymortests/vectorarray.py" line="528" name="test_pairwise_dot_self[0-&lt;lambda&gt;10]" time="0.008107185363769531"></testcase><testcase classname="src.pymortests.vectorarray" file="src/pymortests/vectorarray.py" line="528" name="test_pairwise_dot_self[0-&lt;lambda&gt;11]" time="0.013170719146728516"></testcase><testcase classname="src.pymortests.vectorarray" file="src/pymortests/vectorarray.py" line="528" name="test_pairwise_dot_self[0-&lt;lambda&gt;12]" time="0.012998819351196289"></testcase><testcase classname="src.pymortests.vectorarray" file="src/pymortests/vectorarray.py" line="528" name="test_pairwise_dot_self[0-&lt;lambda&gt;13]" time="0.011402606964111328"></testcase><testcase classname="src.pymortests.vectorarray" file="src/pymortests/vectorarray.py" line="528" name="test_pairwise_dot_self[0-&lt;lambda&gt;14]" time="0.014712095260620117"></testcase><testcase classname="src.pymortests.vectorarray" file="src/pymortests/vectorarray.py" line="528" name="test_pairwise_dot_self[0-&lt;lambda&gt;15]" time="0.02242588996887207"></testcase><testcase classname="src.pymortests.vectorarray" file="src/pymortests/vectorarray.py" line="528" name="test_pairwise_dot_self[0-&lt;lambda&gt;16]" time="0.027618885040283203"></testcase><testcase classname="src.pymortests.vectorarray" file="src/pymortests/vectorarray.py" line="528" name="test_pairwise_dot_self[0-&lt;lambda&gt;17]" time="0.009056568145751953"></testcase><testcase classname="src.pymortests.vectorarray" file="src/pymortests/vectorarray.py" line="528" name="test_pairwise_dot_self[0-&lt;lambda&gt;18]" time="0.00793147087097168"></testcase><testcase classname="src.pymortests.vectorarray" file="src/pymortests/vectorarray.py" line="528" name="test_pairwise_dot_self[0-&lt;lambda&gt;19]" time="0.011110544204711914"></testcase><testcase classname="src.pymortests.vectorarray" file="src/pymortests/vectorarray.py" line="528" name="test_pairwise_dot_self[0-&lt;lambda&gt;20]" time="0.0392916202545166"></testcase><testcase classname="src.pymortests.vectorarray" file="src/pymortests/vectorarray.py" line="528" name="test_pairwise_dot_self[0-&lt;lambda&gt;21]" time="0.08259749412536621"></testcase><testcase classname="src.pymortests.vectorarray" file="src/pymortests/vectorarray.py" line="528" name="test_pairwise_dot_self[0-&lt;lambda&gt;22]" time="0.004573345184326172"></testcase><testcase classname="src.pymortests.vectorarray" file="src/pymortests/vectorarray.py" line="528" name="test_pairwise_dot_self[0-&lt;lambda&gt;23]" time="0.003911733627319336"></testcase><testcase classname="src.pymortests.vectorarray" file="src/pymortests/vectorarray.py" line="528" name="test_pairwise_dot_self[0-&lt;lambda&gt;24]" time="0.008661746978759766"></testcase><testcase classname="src.pymortests.vectorarray" file="src/pymortests/vectorarray.py" line="528" name="test_pairwise_dot_self[0-&lt;lambda&gt;25]" time="0.048264265060424805"></testcase><testcase classname="src.pymortests.vectorarray" file="src/pymortests/vectorarray.py" line="528" name="test_pairwise_dot_self[0-&lt;lambda&gt;26]" time="0.10694360733032227"></testcase><testcase classname="src.pymortests.vectorarray" file="src/pymortests/vectorarray.py" line="528" name="test_pairwise_dot_self[1-&lt;lambda&gt;0]" time="0.0051958560943603516"></testcase><testcase classname="src.pymortests.vectorarray" file="src/pymortests/vectorarray.py" line="528" name="test_pairwise_dot_self[1-&lt;lambda&gt;1]" time="0.004207134246826172"></testcase><testcase classname="src.pymortests.vectorarray" file="src/pymortests/vectorarray.py" line="528" name="test_pairwise_dot_self[1-&lt;lambda&gt;2]" time="0.007654666900634766"></testcase><testcase classname="src.pymortests.vectorarray" file="src/pymortests/vectorarray.py" line="528" name="test_pairwise_dot_self[1-&lt;lambda&gt;3]" time="0.009308815002441406"></testcase><testcase classname="src.pymortests.vectorarray" file="src/pymortests/vectorarray.py" line="528" name="test_pairwise_dot_self[1-&lt;lambda&gt;4]" time="0.010637998580932617"></testcase><testcase classname="src.pymortests.vectorarray" file="src/pymortests/vectorarray.py" line="528" name="test_pairwise_dot_self[1-&lt;lambda&gt;5]" time="0.003661632537841797"></testcase><testcase classname="src.pymortests.vectorarray" file="src/pymortests/vectorarray.py" line="528" name="test_pairwise_dot_self[1-&lt;lambda&gt;6]" time="0.0035920143127441406"></testcase><testcase classname="src.pymortests.vectorarray" file="src/pymortests/vectorarray.py" line="528" name="test_pairwise_dot_self[1-&lt;lambda&gt;7]" time="0.007645845413208008"></testcase><testcase classname="src.pymortests.vectorarray" file="src/pymortests/vectorarray.py" line="528" name="test_pairwise_dot_self[1-&lt;lambda&gt;8]" time="0.02617049217224121"></testcase><testcase classname="src.pymortests.vectorarray" file="src/pymortests/vectorarray.py" line="528" name="test_pairwise_dot_self[1-&lt;lambda&gt;9]" time="0.0520167350769043"></testcase><testcase classname="src.pymortests.vectorarray" file="src/pymortests/vectorarray.py" line="528" name="test_pairwise_dot_self[1-&lt;lambda&gt;10]" time="0.008008480072021484"></testcase><testcase classname="src.pymortests.vectorarray" file="src/pymortests/vectorarray.py" line="528" name="test_pairwise_dot_self[1-&lt;lambda&gt;11]" time="0.013307809829711914"></testcase><testcase classname="src.pymortests.vectorarray" file="src/pymortests/vectorarray.py" line="528" name="test_pairwise_dot_self[1-&lt;lambda&gt;12]" time="0.013281583786010742"></testcase><testcase classname="src.pymortests.vectorarray" file="src/pymortests/vectorarray.py" line="528" name="test_pairwise_dot_self[1-&lt;lambda&gt;13]" time="0.011006593704223633"></testcase><testcase classname="src.pymortests.vectorarray" file="src/pymortests/vectorarray.py" line="528" name="test_pairwise_dot_self[1-&lt;lambda&gt;14]" time="0.013314962387084961"></testcase><testcase classname="src.pymortests.vectorarray" file="src/pymortests/vectorarray.py" line="528" name="test_pairwise_dot_self[1-&lt;lambda&gt;15]" time="0.022053241729736328"></testcase><testcase classname="src.pymortests.vectorarray" file="src/pymortests/vectorarray.py" line="528" name="test_pairwise_dot_self[1-&lt;lambda&gt;16]" time="0.02746868133544922"></testcase><testcase classname="src.pymortests.vectorarray" file="src/pymortests/vectorarray.py" line="528" name="test_pairwise_dot_self[1-&lt;lambda&gt;17]" time="0.008894205093383789"></testcase><testcase classname="src.pymortests.vectorarray" file="src/pymortests/vectorarray.py" line="528" name="test_pairwise_dot_self[1-&lt;lambda&gt;18]" time="0.007689476013183594"></testcase><testcase classname="src.pymortests.vectorarray" file="src/pymortests/vectorarray.py" line="528" name="test_pairwise_dot_self[1-&lt;lambda&gt;19]" time="0.01106119155883789"></testcase><testcase classname="src.pymortests.vectorarray" file="src/pymortests/vectorarray.py" line="528" name="test_pairwise_dot_self[1-&lt;lambda&gt;20]" time="0.03913283348083496"></testcase><testcase classname="src.pymortests.vectorarray" file="src/pymortests/vectorarray.py" line="528" name="test_pairwise_dot_self[1-&lt;lambda&gt;21]" time="0.08183884620666504"></testcase><testcase classname="src.pymortests.vectorarray" file="src/pymortests/vectorarray.py" line="528" name="test_pairwise_dot_self[1-&lt;lambda&gt;22]" time="0.004597663879394531"></testcase><testcase classname="src.pymortests.vectorarray" file="src/pymortests/vectorarray.py" line="528" name="test_pairwise_dot_self[1-&lt;lambda&gt;23]" time="0.003856182098388672"></testcase><testcase classname="src.pymortests.vectorarray" file="src/pymortests/vectorarray.py" line="528" name="test_pairwise_dot_self[1-&lt;lambda&gt;24]" time="0.010761737823486328"></testcase><testcase classname="src.pymortests.vectorarray" file="src/pymortests/vectorarray.py" line="528" name="test_pairwise_dot_self[1-&lt;lambda&gt;25]" time="0.07002830505371094"></testcase><testcase classname="src.pymortests.vectorarray" file="src/pymortests/vectorarray.py" line="528" name="test_pairwise_dot_self[1-&lt;lambda&gt;26]" time="0.15494918823242188"></testcase><testcase classname="src.pymortests.vectorarray" file="src/pymortests/vectorarray.py" line="528" name="test_pairwise_dot_self[2-&lt;lambda&gt;0]" time="0.0049402713775634766"></testcase><testcase classname="src.pymortests.vectorarray" file="src/pymortests/vectorarray.py" line="528" name="test_pairwise_dot_self[2-&lt;lambda&gt;1]" time="0.0042073726654052734"></testcase><testcase classname="src.pymortests.vectorarray" file="src/pymortests/vectorarray.py" line="528" name="test_pairwise_dot_self[2-&lt;lambda&gt;2]" time="0.007260560989379883"></testcase><testcase classname="src.pymortests.vectorarray" file="src/pymortests/vectorarray.py" line="528" name="test_pairwise_dot_self[2-&lt;lambda&gt;3]" time="0.009131431579589844"></testcase><testcase classname="src.pymortests.vectorarray" file="src/pymortests/vectorarray.py" line="528" name="test_pairwise_dot_self[2-&lt;lambda&gt;4]" time="0.010471105575561523"></testcase><testcase classname="src.pymortests.vectorarray" file="src/pymortests/vectorarray.py" line="528" name="test_pairwise_dot_self[2-&lt;lambda&gt;5]" time="0.003676891326904297"></testcase><testcase classname="src.pymortests.vectorarray" file="src/pymortests/vectorarray.py" line="528" name="test_pairwise_dot_self[2-&lt;lambda&gt;6]" time="0.0036020278930664062"></testcase><testcase classname="src.pymortests.vectorarray" file="src/pymortests/vectorarray.py" line="528" name="test_pairwise_dot_self[2-&lt;lambda&gt;7]" time="0.007487297058105469"></testcase><testcase classname="src.pymortests.vectorarray" file="src/pymortests/vectorarray.py" line="528" name="test_pairwise_dot_self[2-&lt;lambda&gt;8]" time="0.027039527893066406"></testcase><testcase classname="src.pymortests.vectorarray" file="src/pymortests/vectorarray.py" line="528" name="test_pairwise_dot_self[2-&lt;lambda&gt;9]" time="0.05119442939758301"></testcase><testcase classname="src.pymortests.vectorarray" file="src/pymortests/vectorarray.py" line="528" name="test_pairwise_dot_self[2-&lt;lambda&gt;10]" time="0.00830221176147461"></testcase><testcase classname="src.pymortests.vectorarray" file="src/pymortests/vectorarray.py" line="528" name="test_pairwise_dot_self[2-&lt;lambda&gt;11]" time="0.013025999069213867"></testcase><testcase classname="src.pymortests.vectorarray" file="src/pymortests/vectorarray.py" line="528" name="test_pairwise_dot_self[2-&lt;lambda&gt;12]" time="0.013092041015625"></testcase><testcase classname="src.pymortests.vectorarray" file="src/pymortests/vectorarray.py" line="528" name="test_pairwise_dot_self[2-&lt;lambda&gt;13]" time="0.011301040649414062"></testcase><testcase classname="src.pymortests.vectorarray" file="src/pymortests/vectorarray.py" line="528" name="test_pairwise_dot_self[2-&lt;lambda&gt;14]" time="0.013366937637329102"></testcase><testcase classname="src.pymortests.vectorarray" file="src/pymortests/vectorarray.py" line="528" name="test_pairwise_dot_self[2-&lt;lambda&gt;15]" time="0.023341894149780273"></testcase><testcase classname="src.pymortests.vectorarray" file="src/pymortests/vectorarray.py" line="528" name="test_pairwise_dot_self[2-&lt;lambda&gt;16]" time="0.028799057006835938"></testcase><testcase classname="src.pymortests.vectorarray" file="src/pymortests/vectorarray.py" line="528" name="test_pairwise_dot_self[2-&lt;lambda&gt;17]" time="0.008832931518554688"></testcase><testcase classname="src.pymortests.vectorarray" file="src/pymortests/vectorarray.py" line="528" name="test_pairwise_dot_self[2-&lt;lambda&gt;18]" time="0.007592678070068359"></testcase><testcase classname="src.pymortests.vectorarray" file="src/pymortests/vectorarray.py" line="528" name="test_pairwise_dot_self[2-&lt;lambda&gt;19]" time="0.010940790176391602"></testcase><testcase classname="src.pymortests.vectorarray" file="src/pymortests/vectorarray.py" line="528" name="test_pairwise_dot_self[2-&lt;lambda&gt;20]" time="0.0391387939453125"></testcase><testcase classname="src.pymortests.vectorarray" file="src/pymortests/vectorarray.py" line="528" name="test_pairwise_dot_self[2-&lt;lambda&gt;21]" time="0.08257055282592773"></testcase><testcase classname="src.pymortests.vectorarray" file="src/pymortests/vectorarray.py" line="528" name="test_pairwise_dot_self[2-&lt;lambda&gt;22]" time="0.004653215408325195"></testcase><testcase classname="src.pymortests.vectorarray" file="src/pymortests/vectorarray.py" line="528" name="test_pairwise_dot_self[2-&lt;lambda&gt;23]" time="0.003848552703857422"></testcase><testcase classname="src.pymortests.vectorarray" file="src/pymortests/vectorarray.py" line="528" name="test_pairwise_dot_self[2-&lt;lambda&gt;24]" time="0.009677886962890625"></testcase><testcase classname="src.pymortests.vectorarray" file="src/pymortests/vectorarray.py" line="528" name="test_pairwise_dot_self[2-&lt;lambda&gt;25]" time="0.06947779655456543"></testcase><testcase classname="src.pymortests.vectorarray" file="src/pymortests/vectorarray.py" line="528" name="test_pairwise_dot_self[2-&lt;lambda&gt;26]" time="0.1560356616973877"></testcase><testcase classname="src.pymortests.vectorarray" file="src/pymortests/vectorarray.py" line="546" name="test_dot[compatible_vector_array_pair0-&lt;lambda&gt;0]" time="0.004045963287353516"></testcase><testcase classname="src.pymortests.vectorarray" file="src/pymortests/vectorarray.py" line="546" name="test_dot[compatible_vector_array_pair0-&lt;lambda&gt;1]" time="0.002053499221801758"></testcase><testcase classname="src.pymortests.vectorarray" file="src/pymortests/vectorarray.py" line="546" name="test_dot[compatible_vector_array_pair0-&lt;lambda&gt;2]" time="0.006993293762207031"></testcase><testcase classname="src.pymortests.vectorarray" file="src/pymortests/vectorarray.py" line="546" name="test_dot[compatible_vector_array_pair0-&lt;lambda&gt;3]" time="0.009178876876831055"></testcase><testcase classname="src.pymortests.vectorarray" file="src/pymortests/vectorarray.py" line="546" name="test_dot[compatible_vector_array_pair0-&lt;lambda&gt;4]" time="0.013766050338745117"></testcase><testcase classname="src.pymortests.vectorarray" file="src/pymortests/vectorarray.py" line="546" name="test_dot[compatible_vector_array_pair0-&lt;lambda&gt;5]" time="0.008592367172241211"></testcase><testcase classname="src.pymortests.vectorarray" file="src/pymortests/vectorarray.py" line="546" name="test_dot[compatible_vector_array_pair0-&lt;lambda&gt;6]" time="0.0027976036071777344"></testcase><testcase classname="src.pymortests.vectorarray" file="src/pymortests/vectorarray.py" line="546" name="test_dot[compatible_vector_array_pair0-&lt;lambda&gt;7]" time="0.002019166946411133"></testcase><testcase classname="src.pymortests.vectorarray" file="src/pymortests/vectorarray.py" line="546" name="test_dot[compatible_vector_array_pair0-&lt;lambda&gt;8]" time="0.03203630447387695"></testcase><testcase classname="src.pymortests.vectorarray" file="src/pymortests/vectorarray.py" line="546" name="test_dot[compatible_vector_array_pair0-&lt;lambda&gt;9]" time="0.06303143501281738"></testcase><testcase classname="src.pymortests.vectorarray" file="src/pymortests/vectorarray.py" line="546" name="test_dot[compatible_vector_array_pair0-&lt;lambda&gt;10]" time="0.9267570972442627"></testcase><testcase classname="src.pymortests.vectorarray" file="src/pymortests/vectorarray.py" line="546" name="test_dot[compatible_vector_array_pair0-&lt;lambda&gt;11]" time="0.010712146759033203"></testcase><testcase classname="src.pymortests.vectorarray" file="src/pymortests/vectorarray.py" line="546" name="test_dot[compatible_vector_array_pair0-&lt;lambda&gt;12]" time="0.0055730342864990234"></testcase><testcase classname="src.pymortests.vectorarray" file="src/pymortests/vectorarray.py" line="546" name="test_dot[compatible_vector_array_pair0-&lt;lambda&gt;13]" time="0.0033295154571533203"></testcase><testcase classname="src.pymortests.vectorarray" file="src/pymortests/vectorarray.py" line="546" name="test_dot[compatible_vector_array_pair0-&lt;lambda&gt;14]" time="0.00976705551147461"></testcase><testcase classname="src.pymortests.vectorarray" file="src/pymortests/vectorarray.py" line="546" name="test_dot[compatible_vector_array_pair0-&lt;lambda&gt;15]" time="0.014512777328491211"></testcase><testcase classname="src.pymortests.vectorarray" file="src/pymortests/vectorarray.py" line="546" name="test_dot[compatible_vector_array_pair0-&lt;lambda&gt;16]" time="0.021194934844970703"></testcase><testcase classname="src.pymortests.vectorarray" file="src/pymortests/vectorarray.py" line="546" name="test_dot[compatible_vector_array_pair0-&lt;lambda&gt;17]" time="0.03164982795715332"></testcase><testcase classname="src.pymortests.vectorarray" file="src/pymortests/vectorarray.py" line="546" name="test_dot[compatible_vector_array_pair0-&lt;lambda&gt;18]" time="0.008275747299194336"></testcase><testcase classname="src.pymortests.vectorarray" file="src/pymortests/vectorarray.py" line="546" name="test_dot[compatible_vector_array_pair0-&lt;lambda&gt;19]" time="0.003325223922729492"></testcase><testcase classname="src.pymortests.vectorarray" file="src/pymortests/vectorarray.py" line="546" name="test_dot[compatible_vector_array_pair0-&lt;lambda&gt;20]" time="0.08955883979797363"></testcase><testcase classname="src.pymortests.vectorarray" file="src/pymortests/vectorarray.py" line="546" name="test_dot[compatible_vector_array_pair0-&lt;lambda&gt;21]" time="0.06831884384155273"></testcase><testcase classname="src.pymortests.vectorarray" file="src/pymortests/vectorarray.py" line="546" name="test_dot[compatible_vector_array_pair0-&lt;lambda&gt;22]" time="0.8079409599304199"></testcase><testcase classname="src.pymortests.vectorarray" file="src/pymortests/vectorarray.py" line="546" name="test_dot[compatible_vector_array_pair0-&lt;lambda&gt;23]" time="0.013449430465698242"></testcase><testcase classname="src.pymortests.vectorarray" file="src/pymortests/vectorarray.py" line="546" name="test_dot[compatible_vector_array_pair0-&lt;lambda&gt;24]" time="0.004023551940917969"></testcase><testcase classname="src.pymortests.vectorarray" file="src/pymortests/vectorarray.py" line="546" name="test_dot[compatible_vector_array_pair0-&lt;lambda&gt;25]" time="0.0030341148376464844"></testcase><testcase classname="src.pymortests.vectorarray" file="src/pymortests/vectorarray.py" line="546" name="test_dot[compatible_vector_array_pair0-&lt;lambda&gt;26]" time="0.04359841346740723"></testcase><testcase classname="src.pymortests.vectorarray" file="src/pymortests/vectorarray.py" line="546" name="test_dot[compatible_vector_array_pair0-&lt;lambda&gt;27]" time="0.07203030586242676"></testcase><testcase classname="src.pymortests.vectorarray" file="src/pymortests/vectorarray.py" line="546" name="test_dot[compatible_vector_array_pair0-&lt;lambda&gt;28]" time="0.6458268165588379"></testcase><testcase classname="src.pymortests.vectorarray" file="src/pymortests/vectorarray.py" line="546" name="test_dot[compatible_vector_array_pair0-&lt;lambda&gt;29]" time="0.014070272445678711"></testcase><testcase classname="src.pymortests.vectorarray" file="src/pymortests/vectorarray.py" line="546" name="test_dot[compatible_vector_array_pair1-&lt;lambda&gt;0]" time="0.004126787185668945"></testcase><testcase classname="src.pymortests.vectorarray" file="src/pymortests/vectorarray.py" line="546" name="test_dot[compatible_vector_array_pair1-&lt;lambda&gt;1]" time="0.002160787582397461"></testcase><testcase classname="src.pymortests.vectorarray" file="src/pymortests/vectorarray.py" line="546" name="test_dot[compatible_vector_array_pair1-&lt;lambda&gt;2]" time="0.007216930389404297"></testcase><testcase classname="src.pymortests.vectorarray" file="src/pymortests/vectorarray.py" line="546" name="test_dot[compatible_vector_array_pair1-&lt;lambda&gt;3]" time="0.009334087371826172"></testcase><testcase classname="src.pymortests.vectorarray" file="src/pymortests/vectorarray.py" line="546" name="test_dot[compatible_vector_array_pair1-&lt;lambda&gt;4]" time="0.014078617095947266"></testcase><testcase classname="src.pymortests.vectorarray" file="src/pymortests/vectorarray.py" line="546" name="test_dot[compatible_vector_array_pair1-&lt;lambda&gt;5]" time="0.008457422256469727"></testcase><testcase classname="src.pymortests.vectorarray" file="src/pymortests/vectorarray.py" line="546" name="test_dot[compatible_vector_array_pair1-&lt;lambda&gt;6]" time="0.002861499786376953"></testcase><testcase classname="src.pymortests.vectorarray" file="src/pymortests/vectorarray.py" line="546" name="test_dot[compatible_vector_array_pair1-&lt;lambda&gt;7]" time="0.0020716190338134766"></testcase><testcase classname="src.pymortests.vectorarray" file="src/pymortests/vectorarray.py" line="546" name="test_dot[compatible_vector_array_pair1-&lt;lambda&gt;8]" time="0.03226876258850098"></testcase><testcase classname="src.pymortests.vectorarray" file="src/pymortests/vectorarray.py" line="546" name="test_dot[compatible_vector_array_pair1-&lt;lambda&gt;9]" time="0.06361246109008789"></testcase><testcase classname="src.pymortests.vectorarray" file="src/pymortests/vectorarray.py" line="546" name="test_dot[compatible_vector_array_pair1-&lt;lambda&gt;10]" time="0.9291303157806396"></testcase><testcase classname="src.pymortests.vectorarray" file="src/pymortests/vectorarray.py" line="546" name="test_dot[compatible_vector_array_pair1-&lt;lambda&gt;11]" time="0.010527610778808594"></testcase><testcase classname="src.pymortests.vectorarray" file="src/pymortests/vectorarray.py" line="546" name="test_dot[compatible_vector_array_pair1-&lt;lambda&gt;12]" time="0.004760026931762695"></testcase><testcase classname="src.pymortests.vectorarray" file="src/pymortests/vectorarray.py" line="546" name="test_dot[compatible_vector_array_pair1-&lt;lambda&gt;13]" time="0.0034532546997070312"></testcase><testcase classname="src.pymortests.vectorarray" file="src/pymortests/vectorarray.py" line="546" name="test_dot[compatible_vector_array_pair1-&lt;lambda&gt;14]" time="0.009948253631591797"></testcase><testcase classname="src.pymortests.vectorarray" file="src/pymortests/vectorarray.py" line="546" name="test_dot[compatible_vector_array_pair1-&lt;lambda&gt;15]" time="0.014915227890014648"></testcase><testcase classname="src.pymortests.vectorarray" file="src/pymortests/vectorarray.py" line="546" name="test_dot[compatible_vector_array_pair1-&lt;lambda&gt;16]" time="0.02061319351196289"></testcase><testcase classname="src.pymortests.vectorarray" file="src/pymortests/vectorarray.py" line="546" name="test_dot[compatible_vector_array_pair1-&lt;lambda&gt;17]" time="0.031339168548583984"></testcase><testcase classname="src.pymortests.vectorarray" file="src/pymortests/vectorarray.py" line="546" name="test_dot[compatible_vector_array_pair1-&lt;lambda&gt;18]" time="0.007911920547485352"></testcase><testcase classname="src.pymortests.vectorarray" file="src/pymortests/vectorarray.py" line="546" name="test_dot[compatible_vector_array_pair1-&lt;lambda&gt;19]" time="0.0034034252166748047"></testcase><testcase classname="src.pymortests.vectorarray" file="src/pymortests/vectorarray.py" line="546" name="test_dot[compatible_vector_array_pair1-&lt;lambda&gt;20]" time="0.08998799324035645"></testcase><testcase classname="src.pymortests.vectorarray" file="src/pymortests/vectorarray.py" line="546" name="test_dot[compatible_vector_array_pair1-&lt;lambda&gt;21]" time="0.0716712474822998"></testcase><testcase classname="src.pymortests.vectorarray" file="src/pymortests/vectorarray.py" line="546" name="test_dot[compatible_vector_array_pair1-&lt;lambda&gt;22]" time="0.8134219646453857"></testcase><testcase classname="src.pymortests.vectorarray" file="src/pymortests/vectorarray.py" line="546" name="test_dot[compatible_vector_array_pair1-&lt;lambda&gt;23]" time="0.01374959945678711"></testcase><testcase classname="src.pymortests.vectorarray" file="src/pymortests/vectorarray.py" line="546" name="test_dot[compatible_vector_array_pair1-&lt;lambda&gt;24]" time="0.004094839096069336"></testcase><testcase classname="src.pymortests.vectorarray" file="src/pymortests/vectorarray.py" line="546" name="test_dot[compatible_vector_array_pair1-&lt;lambda&gt;25]" time="0.004709720611572266"></testcase><testcase classname="src.pymortests.vectorarray" file="src/pymortests/vectorarray.py" line="546" name="test_dot[compatible_vector_array_pair1-&lt;lambda&gt;26]" time="0.06569743156433105"></testcase><testcase classname="src.pymortests.vectorarray" file="src/pymortests/vectorarray.py" line="546" name="test_dot[compatible_vector_array_pair1-&lt;lambda&gt;27]" time="0.0784444808959961"></testcase><testcase classname="src.pymortests.vectorarray" file="src/pymortests/vectorarray.py" line="546" name="test_dot[compatible_vector_array_pair1-&lt;lambda&gt;28]" time="0.7033562660217285"></testcase><testcase classname="src.pymortests.vectorarray" file="src/pymortests/vectorarray.py" line="546" name="test_dot[compatible_vector_array_pair1-&lt;lambda&gt;29]" time="0.015115499496459961"></testcase><testcase classname="src.pymortests.vectorarray" file="src/pymortests/vectorarray.py" line="546" name="test_dot[compatible_vector_array_pair2-&lt;lambda&gt;0]" time="0.004067897796630859"></testcase><testcase classname="src.pymortests.vectorarray" file="src/pymortests/vectorarray.py" line="546" name="test_dot[compatible_vector_array_pair2-&lt;lambda&gt;1]" time="0.0022499561309814453"></testcase><testcase classname="src.pymortests.vectorarray" file="src/pymortests/vectorarray.py" line="546" name="test_dot[compatible_vector_array_pair2-&lt;lambda&gt;2]" time="0.0072021484375"></testcase><testcase classname="src.pymortests.vectorarray" file="src/pymortests/vectorarray.py" line="546" name="test_dot[compatible_vector_array_pair2-&lt;lambda&gt;3]" time="0.009577035903930664"></testcase><testcase classname="src.pymortests.vectorarray" file="src/pymortests/vectorarray.py" line="546" name="test_dot[compatible_vector_array_pair2-&lt;lambda&gt;4]" time="0.01396036148071289"></testcase><testcase classname="src.pymortests.vectorarray" file="src/pymortests/vectorarray.py" line="546" name="test_dot[compatible_vector_array_pair2-&lt;lambda&gt;5]" time="0.008493185043334961"></testcase><testcase classname="src.pymortests.vectorarray" file="src/pymortests/vectorarray.py" line="546" name="test_dot[compatible_vector_array_pair2-&lt;lambda&gt;6]" time="0.0027997493743896484"></testcase><testcase classname="src.pymortests.vectorarray" file="src/pymortests/vectorarray.py" line="546" name="test_dot[compatible_vector_array_pair2-&lt;lambda&gt;7]" time="0.002061605453491211"></testcase><testcase classname="src.pymortests.vectorarray" file="src/pymortests/vectorarray.py" line="546" name="test_dot[compatible_vector_array_pair2-&lt;lambda&gt;8]" time="0.03254365921020508"></testcase><testcase classname="src.pymortests.vectorarray" file="src/pymortests/vectorarray.py" line="546" name="test_dot[compatible_vector_array_pair2-&lt;lambda&gt;9]" time="0.06385207176208496"></testcase><testcase classname="src.pymortests.vectorarray" file="src/pymortests/vectorarray.py" line="546" name="test_dot[compatible_vector_array_pair2-&lt;lambda&gt;10]" time="0.9316370487213135"></testcase><testcase classname="src.pymortests.vectorarray" file="src/pymortests/vectorarray.py" line="546" name="test_dot[compatible_vector_array_pair2-&lt;lambda&gt;11]" time="0.010705947875976562"></testcase><testcase classname="src.pymortests.vectorarray" file="src/pymortests/vectorarray.py" line="546" name="test_dot[compatible_vector_array_pair2-&lt;lambda&gt;12]" time="0.00576019287109375"></testcase><testcase classname="src.pymortests.vectorarray" file="src/pymortests/vectorarray.py" line="546" name="test_dot[compatible_vector_array_pair2-&lt;lambda&gt;13]" time="0.003514528274536133"></testcase><testcase classname="src.pymortests.vectorarray" file="src/pymortests/vectorarray.py" line="546" name="test_dot[compatible_vector_array_pair2-&lt;lambda&gt;14]" time="0.010343313217163086"></testcase><testcase classname="src.pymortests.vectorarray" file="src/pymortests/vectorarray.py" line="546" name="test_dot[compatible_vector_array_pair2-&lt;lambda&gt;15]" time="0.01602935791015625"></testcase><testcase classname="src.pymortests.vectorarray" file="src/pymortests/vectorarray.py" line="546" name="test_dot[compatible_vector_array_pair2-&lt;lambda&gt;16]" time="0.02076554298400879"></testcase><testcase classname="src.pymortests.vectorarray" file="src/pymortests/vectorarray.py" line="546" name="test_dot[compatible_vector_array_pair2-&lt;lambda&gt;17]" time="0.033289432525634766"></testcase><testcase classname="src.pymortests.vectorarray" file="src/pymortests/vectorarray.py" line="546" name="test_dot[compatible_vector_array_pair2-&lt;lambda&gt;18]" time="0.008157491683959961"></testcase><testcase classname="src.pymortests.vectorarray" file="src/pymortests/vectorarray.py" line="546" name="test_dot[compatible_vector_array_pair2-&lt;lambda&gt;19]" time="0.0035555362701416016"></testcase><testcase classname="src.pymortests.vectorarray" file="src/pymortests/vectorarray.py" line="546" name="test_dot[compatible_vector_array_pair2-&lt;lambda&gt;20]" time="0.09342551231384277"></testcase><testcase classname="src.pymortests.vectorarray" file="src/pymortests/vectorarray.py" line="546" name="test_dot[compatible_vector_array_pair2-&lt;lambda&gt;21]" time="0.06973385810852051"></testcase><testcase classname="src.pymortests.vectorarray" file="src/pymortests/vectorarray.py" line="546" name="test_dot[compatible_vector_array_pair2-&lt;lambda&gt;22]" time="0.8173832893371582"></testcase><testcase classname="src.pymortests.vectorarray" file="src/pymortests/vectorarray.py" line="546" name="test_dot[compatible_vector_array_pair2-&lt;lambda&gt;23]" time="0.013692617416381836"></testcase><testcase classname="src.pymortests.vectorarray" file="src/pymortests/vectorarray.py" line="546" name="test_dot[compatible_vector_array_pair2-&lt;lambda&gt;24]" time="0.004038572311401367"></testcase><testcase classname="src.pymortests.vectorarray" file="src/pymortests/vectorarray.py" line="546" name="test_dot[compatible_vector_array_pair2-&lt;lambda&gt;25]" time="0.004243612289428711"></testcase><testcase classname="src.pymortests.vectorarray" file="src/pymortests/vectorarray.py" line="546" name="test_dot[compatible_vector_array_pair2-&lt;lambda&gt;26]" time="0.06430268287658691"></testcase><testcase classname="src.pymortests.vectorarray" file="src/pymortests/vectorarray.py" line="546" name="test_dot[compatible_vector_array_pair2-&lt;lambda&gt;27]" time="0.07960176467895508"></testcase><testcase classname="src.pymortests.vectorarray" file="src/pymortests/vectorarray.py" line="546" name="test_dot[compatible_vector_array_pair2-&lt;lambda&gt;28]" time="0.7003436088562012"></testcase><testcase classname="src.pymortests.vectorarray" file="src/pymortests/vectorarray.py" line="546" name="test_dot[compatible_vector_array_pair2-&lt;lambda&gt;29]" time="0.01491546630859375"></testcase><testcase classname="src.pymortests.vectorarray" file="src/pymortests/vectorarray.py" line="546" name="test_dot[compatible_vector_array_pair3-&lt;lambda&gt;0]" time="0.004168987274169922"></testcase><testcase classname="src.pymortests.vectorarray" file="src/pymortests/vectorarray.py" line="546" name="test_dot[compatible_vector_array_pair3-&lt;lambda&gt;1]" time="0.0022335052490234375"></testcase><testcase classname="src.pymortests.vectorarray" file="src/pymortests/vectorarray.py" line="546" name="test_dot[compatible_vector_array_pair3-&lt;lambda&gt;2]" time="0.007193803787231445"></testcase><testcase classname="src.pymortests.vectorarray" file="src/pymortests/vectorarray.py" line="546" name="test_dot[compatible_vector_array_pair3-&lt;lambda&gt;3]" time="0.009941816329956055"></testcase><testcase classname="src.pymortests.vectorarray" file="src/pymortests/vectorarray.py" line="546" name="test_dot[compatible_vector_array_pair3-&lt;lambda&gt;4]" time="0.01398777961730957"></testcase><testcase classname="src.pymortests.vectorarray" file="src/pymortests/vectorarray.py" line="546" name="test_dot[compatible_vector_array_pair3-&lt;lambda&gt;5]" time="0.008594512939453125"></testcase><testcase classname="src.pymortests.vectorarray" file="src/pymortests/vectorarray.py" line="546" name="test_dot[compatible_vector_array_pair3-&lt;lambda&gt;6]" time="0.0029282569885253906"></testcase><testcase classname="src.pymortests.vectorarray" file="src/pymortests/vectorarray.py" line="546" name="test_dot[compatible_vector_array_pair3-&lt;lambda&gt;7]" time="0.002160787582397461"></testcase><testcase classname="src.pymortests.vectorarray" file="src/pymortests/vectorarray.py" line="546" name="test_dot[compatible_vector_array_pair3-&lt;lambda&gt;8]" time="0.032027244567871094"></testcase><testcase classname="src.pymortests.vectorarray" file="src/pymortests/vectorarray.py" line="546" name="test_dot[compatible_vector_array_pair3-&lt;lambda&gt;9]" time="0.06337356567382812"></testcase><testcase classname="src.pymortests.vectorarray" file="src/pymortests/vectorarray.py" line="546" name="test_dot[compatible_vector_array_pair3-&lt;lambda&gt;10]" time="0.9290440082550049"></testcase><testcase classname="src.pymortests.vectorarray" file="src/pymortests/vectorarray.py" line="546" name="test_dot[compatible_vector_array_pair3-&lt;lambda&gt;11]" time="0.010542631149291992"></testcase><testcase classname="src.pymortests.vectorarray" file="src/pymortests/vectorarray.py" line="546" name="test_dot[compatible_vector_array_pair3-&lt;lambda&gt;12]" time="0.005979776382446289"></testcase><testcase classname="src.pymortests.vectorarray" file="src/pymortests/vectorarray.py" line="546" name="test_dot[compatible_vector_array_pair3-&lt;lambda&gt;13]" time="0.0034837722778320312"></testcase><testcase classname="src.pymortests.vectorarray" file="src/pymortests/vectorarray.py" line="546" name="test_dot[compatible_vector_array_pair3-&lt;lambda&gt;14]" time="0.010080814361572266"></testcase><testcase classname="src.pymortests.vectorarray" file="src/pymortests/vectorarray.py" line="546" name="test_dot[compatible_vector_array_pair3-&lt;lambda&gt;15]" time="0.014819145202636719"></testcase><testcase classname="src.pymortests.vectorarray" file="src/pymortests/vectorarray.py" line="546" name="test_dot[compatible_vector_array_pair3-&lt;lambda&gt;16]" time="0.020772218704223633"></testcase><testcase classname="src.pymortests.vectorarray" file="src/pymortests/vectorarray.py" line="546" name="test_dot[compatible_vector_array_pair3-&lt;lambda&gt;17]" time="0.03142046928405762"></testcase><testcase classname="src.pymortests.vectorarray" file="src/pymortests/vectorarray.py" line="546" name="test_dot[compatible_vector_array_pair3-&lt;lambda&gt;18]" time="0.007939577102661133"></testcase><testcase classname="src.pymortests.vectorarray" file="src/pymortests/vectorarray.py" line="546" name="test_dot[compatible_vector_array_pair3-&lt;lambda&gt;19]" time="0.0034182071685791016"></testcase><testcase classname="src.pymortests.vectorarray" file="src/pymortests/vectorarray.py" line="546" name="test_dot[compatible_vector_array_pair3-&lt;lambda&gt;20]" time="0.0854339599609375"></testcase><testcase classname="src.pymortests.vectorarray" file="src/pymortests/vectorarray.py" line="546" name="test_dot[compatible_vector_array_pair3-&lt;lambda&gt;21]" time="0.06847596168518066"></testcase><testcase classname="src.pymortests.vectorarray" file="src/pymortests/vectorarray.py" line="546" name="test_dot[compatible_vector_array_pair3-&lt;lambda&gt;22]" time="0.8194429874420166"></testcase><testcase classname="src.pymortests.vectorarray" file="src/pymortests/vectorarray.py" line="546" name="test_dot[compatible_vector_array_pair3-&lt;lambda&gt;23]" time="0.013801336288452148"></testcase><testcase classname="src.pymortests.vectorarray" file="src/pymortests/vectorarray.py" line="546" name="test_dot[compatible_vector_array_pair3-&lt;lambda&gt;24]" time="0.004109382629394531"></testcase><testcase classname="src.pymortests.vectorarray" file="src/pymortests/vectorarray.py" line="546" name="test_dot[compatible_vector_array_pair3-&lt;lambda&gt;25]" time="0.003174304962158203"></testcase><testcase classname="src.pymortests.vectorarray" file="src/pymortests/vectorarray.py" line="546" name="test_dot[compatible_vector_array_pair3-&lt;lambda&gt;26]" time="0.04502415657043457"></testcase><testcase classname="src.pymortests.vectorarray" file="src/pymortests/vectorarray.py" line="546" name="test_dot[compatible_vector_array_pair3-&lt;lambda&gt;27]" time="0.09482789039611816"></testcase><testcase classname="src.pymortests.vectorarray" file="src/pymortests/vectorarray.py" line="546" name="test_dot[compatible_vector_array_pair3-&lt;lambda&gt;28]" time="0.6996755599975586"></testcase><testcase classname="src.pymortests.vectorarray" file="src/pymortests/vectorarray.py" line="546" name="test_dot[compatible_vector_array_pair3-&lt;lambda&gt;29]" time="0.014829635620117188"></testcase><testcase classname="src.pymortests.vectorarray" file="src/pymortests/vectorarray.py" line="546" name="test_dot[compatible_vector_array_pair4-&lt;lambda&gt;0]" time="0.004111051559448242"></testcase><testcase classname="src.pymortests.vectorarray" file="src/pymortests/vectorarray.py" line="546" name="test_dot[compatible_vector_array_pair4-&lt;lambda&gt;1]" time="0.002085447311401367"></testcase><testcase classname="src.pymortests.vectorarray" file="src/pymortests/vectorarray.py" line="546" name="test_dot[compatible_vector_array_pair4-&lt;lambda&gt;2]" time="0.007047414779663086"></testcase><testcase classname="src.pymortests.vectorarray" file="src/pymortests/vectorarray.py" line="546" name="test_dot[compatible_vector_array_pair4-&lt;lambda&gt;3]" time="0.009273529052734375"></testcase><testcase classname="src.pymortests.vectorarray" file="src/pymortests/vectorarray.py" line="546" name="test_dot[compatible_vector_array_pair4-&lt;lambda&gt;4]" time="0.013387441635131836"></testcase><testcase classname="src.pymortests.vectorarray" file="src/pymortests/vectorarray.py" line="546" name="test_dot[compatible_vector_array_pair4-&lt;lambda&gt;5]" time="0.00841522216796875"></testcase><testcase classname="src.pymortests.vectorarray" file="src/pymortests/vectorarray.py" line="546" name="test_dot[compatible_vector_array_pair4-&lt;lambda&gt;6]" time="0.0027322769165039062"></testcase><testcase classname="src.pymortests.vectorarray" file="src/pymortests/vectorarray.py" line="546" name="test_dot[compatible_vector_array_pair4-&lt;lambda&gt;7]" time="0.002012014389038086"></testcase><testcase classname="src.pymortests.vectorarray" file="src/pymortests/vectorarray.py" line="546" name="test_dot[compatible_vector_array_pair4-&lt;lambda&gt;8]" time="0.0322260856628418"></testcase><testcase classname="src.pymortests.vectorarray" file="src/pymortests/vectorarray.py" line="546" name="test_dot[compatible_vector_array_pair4-&lt;lambda&gt;9]" time="0.06315159797668457"></testcase><testcase classname="src.pymortests.vectorarray" file="src/pymortests/vectorarray.py" line="546" name="test_dot[compatible_vector_array_pair4-&lt;lambda&gt;10]" time="0.9286630153656006"></testcase><testcase classname="src.pymortests.vectorarray" file="src/pymortests/vectorarray.py" line="546" name="test_dot[compatible_vector_array_pair4-&lt;lambda&gt;11]" time="0.010549545288085938"></testcase><testcase classname="src.pymortests.vectorarray" file="src/pymortests/vectorarray.py" line="546" name="test_dot[compatible_vector_array_pair4-&lt;lambda&gt;12]" time="0.004794120788574219"></testcase><testcase classname="src.pymortests.vectorarray" file="src/pymortests/vectorarray.py" line="546" name="test_dot[compatible_vector_array_pair4-&lt;lambda&gt;13]" time="0.003442525863647461"></testcase><testcase classname="src.pymortests.vectorarray" file="src/pymortests/vectorarray.py" line="546" name="test_dot[compatible_vector_array_pair4-&lt;lambda&gt;14]" time="0.009960651397705078"></testcase><testcase classname="src.pymortests.vectorarray" file="src/pymortests/vectorarray.py" line="546" name="test_dot[compatible_vector_array_pair4-&lt;lambda&gt;15]" time="0.015038490295410156"></testcase><testcase classname="src.pymortests.vectorarray" file="src/pymortests/vectorarray.py" line="546" name="test_dot[compatible_vector_array_pair4-&lt;lambda&gt;16]" time="0.021483898162841797"></testcase><testcase classname="src.pymortests.vectorarray" file="src/pymortests/vectorarray.py" line="546" name="test_dot[compatible_vector_array_pair4-&lt;lambda&gt;17]" time="0.03126645088195801"></testcase><testcase classname="src.pymortests.vectorarray" file="src/pymortests/vectorarray.py" line="546" name="test_dot[compatible_vector_array_pair4-&lt;lambda&gt;18]" time="0.007831573486328125"></testcase><testcase classname="src.pymortests.vectorarray" file="src/pymortests/vectorarray.py" line="546" name="test_dot[compatible_vector_array_pair4-&lt;lambda&gt;19]" time="0.0033347606658935547"></testcase><testcase classname="src.pymortests.vectorarray" file="src/pymortests/vectorarray.py" line="546" name="test_dot[compatible_vector_array_pair4-&lt;lambda&gt;20]" time="0.08558368682861328"></testcase><testcase classname="src.pymortests.vectorarray" file="src/pymortests/vectorarray.py" line="546" name="test_dot[compatible_vector_array_pair4-&lt;lambda&gt;21]" time="0.07028841972351074"></testcase><testcase classname="src.pymortests.vectorarray" file="src/pymortests/vectorarray.py" line="546" name="test_dot[compatible_vector_array_pair4-&lt;lambda&gt;22]" time="0.8157029151916504"></testcase><testcase classname="src.pymortests.vectorarray" file="src/pymortests/vectorarray.py" line="546" name="test_dot[compatible_vector_array_pair4-&lt;lambda&gt;23]" time="0.01333475112915039"></testcase><testcase classname="src.pymortests.vectorarray" file="src/pymortests/vectorarray.py" line="546" name="test_dot[compatible_vector_array_pair4-&lt;lambda&gt;24]" time="0.004245758056640625"></testcase><testcase classname="src.pymortests.vectorarray" file="src/pymortests/vectorarray.py" line="546" name="test_dot[compatible_vector_array_pair4-&lt;lambda&gt;25]" time="0.003990888595581055"></testcase><testcase classname="src.pymortests.vectorarray" file="src/pymortests/vectorarray.py" line="546" name="test_dot[compatible_vector_array_pair4-&lt;lambda&gt;26]" time="0.06315946578979492"></testcase><testcase classname="src.pymortests.vectorarray" file="src/pymortests/vectorarray.py" line="546" name="test_dot[compatible_vector_array_pair4-&lt;lambda&gt;27]" time="0.1023101806640625"></testcase><testcase classname="src.pymortests.vectorarray" file="src/pymortests/vectorarray.py" line="546" name="test_dot[compatible_vector_array_pair4-&lt;lambda&gt;28]" time="0.7453916072845459"></testcase><testcase classname="src.pymortests.vectorarray" file="src/pymortests/vectorarray.py" line="546" name="test_dot[compatible_vector_array_pair4-&lt;lambda&gt;29]" time="0.016140222549438477"></testcase><testcase classname="src.pymortests.vectorarray" file="src/pymortests/vectorarray.py" line="546" name="test_dot[compatible_vector_array_pair5-&lt;lambda&gt;0]" time="0.004176139831542969"></testcase><testcase classname="src.pymortests.vectorarray" file="src/pymortests/vectorarray.py" line="546" name="test_dot[compatible_vector_array_pair5-&lt;lambda&gt;1]" time="0.002089262008666992"></testcase><testcase classname="src.pymortests.vectorarray" file="src/pymortests/vectorarray.py" line="546" name="test_dot[compatible_vector_array_pair5-&lt;lambda&gt;2]" time="0.006974220275878906"></testcase><testcase classname="src.pymortests.vectorarray" file="src/pymortests/vectorarray.py" line="546" name="test_dot[compatible_vector_array_pair5-&lt;lambda&gt;3]" time="0.009204626083374023"></testcase><testcase classname="src.pymortests.vectorarray" file="src/pymortests/vectorarray.py" line="546" name="test_dot[compatible_vector_array_pair5-&lt;lambda&gt;4]" time="0.013494491577148438"></testcase><testcase classname="src.pymortests.vectorarray" file="src/pymortests/vectorarray.py" line="546" name="test_dot[compatible_vector_array_pair5-&lt;lambda&gt;5]" time="0.008488655090332031"></testcase><testcase classname="src.pymortests.vectorarray" file="src/pymortests/vectorarray.py" line="546" name="test_dot[compatible_vector_array_pair5-&lt;lambda&gt;6]" time="0.002803802490234375"></testcase><testcase classname="src.pymortests.vectorarray" file="src/pymortests/vectorarray.py" line="546" name="test_dot[compatible_vector_array_pair5-&lt;lambda&gt;7]" time="0.0020661354064941406"></testcase><testcase classname="src.pymortests.vectorarray" file="src/pymortests/vectorarray.py" line="546" name="test_dot[compatible_vector_array_pair5-&lt;lambda&gt;8]" time="0.03217029571533203"></testcase><testcase classname="src.pymortests.vectorarray" file="src/pymortests/vectorarray.py" line="546" name="test_dot[compatible_vector_array_pair5-&lt;lambda&gt;9]" time="0.06435513496398926"></testcase><testcase classname="src.pymortests.vectorarray" file="src/pymortests/vectorarray.py" line="546" name="test_dot[compatible_vector_array_pair5-&lt;lambda&gt;10]" time="0.9270734786987305"></testcase><testcase classname="src.pymortests.vectorarray" file="src/pymortests/vectorarray.py" line="546" name="test_dot[compatible_vector_array_pair5-&lt;lambda&gt;11]" time="0.010364055633544922"></testcase><testcase classname="src.pymortests.vectorarray" file="src/pymortests/vectorarray.py" line="546" name="test_dot[compatible_vector_array_pair5-&lt;lambda&gt;12]" time="0.004723310470581055"></testcase><testcase classname="src.pymortests.vectorarray" file="src/pymortests/vectorarray.py" line="546" name="test_dot[compatible_vector_array_pair5-&lt;lambda&gt;13]" time="0.003356456756591797"></testcase><testcase classname="src.pymortests.vectorarray" file="src/pymortests/vectorarray.py" line="546" name="test_dot[compatible_vector_array_pair5-&lt;lambda&gt;14]" time="0.0098419189453125"></testcase><testcase classname="src.pymortests.vectorarray" file="src/pymortests/vectorarray.py" line="546" name="test_dot[compatible_vector_array_pair5-&lt;lambda&gt;15]" time="0.016007661819458008"></testcase><testcase classname="src.pymortests.vectorarray" file="src/pymortests/vectorarray.py" line="546" name="test_dot[compatible_vector_array_pair5-&lt;lambda&gt;16]" time="0.0211641788482666"></testcase><testcase classname="src.pymortests.vectorarray" file="src/pymortests/vectorarray.py" line="546" name="test_dot[compatible_vector_array_pair5-&lt;lambda&gt;17]" time="0.03342175483703613"></testcase><testcase classname="src.pymortests.vectorarray" file="src/pymortests/vectorarray.py" line="546" name="test_dot[compatible_vector_array_pair5-&lt;lambda&gt;18]" time="0.00787663459777832"></testcase><testcase classname="src.pymortests.vectorarray" file="src/pymortests/vectorarray.py" line="546" name="test_dot[compatible_vector_array_pair5-&lt;lambda&gt;19]" time="0.003358602523803711"></testcase><testcase classname="src.pymortests.vectorarray" file="src/pymortests/vectorarray.py" line="546" name="test_dot[compatible_vector_array_pair5-&lt;lambda&gt;20]" time="0.0840919017791748"></testcase><testcase classname="src.pymortests.vectorarray" file="src/pymortests/vectorarray.py" line="546" name="test_dot[compatible_vector_array_pair5-&lt;lambda&gt;21]" time="0.07044410705566406"></testcase><testcase classname="src.pymortests.vectorarray" file="src/pymortests/vectorarray.py" line="546" name="test_dot[compatible_vector_array_pair5-&lt;lambda&gt;22]" time="0.8248510360717773"></testcase><testcase classname="src.pymortests.vectorarray" file="src/pymortests/vectorarray.py" line="546" name="test_dot[compatible_vector_array_pair5-&lt;lambda&gt;23]" time="0.013489484786987305"></testcase><testcase classname="src.pymortests.vectorarray" file="src/pymortests/vectorarray.py" line="546" name="test_dot[compatible_vector_array_pair5-&lt;lambda&gt;24]" time="0.0040547847747802734"></testcase><testcase classname="src.pymortests.vectorarray" file="src/pymortests/vectorarray.py" line="546" name="test_dot[compatible_vector_array_pair5-&lt;lambda&gt;25]" time="0.004010915756225586"></testcase><testcase classname="src.pymortests.vectorarray" file="src/pymortests/vectorarray.py" line="546" name="test_dot[compatible_vector_array_pair5-&lt;lambda&gt;26]" time="0.06303977966308594"></testcase><testcase classname="src.pymortests.vectorarray" file="src/pymortests/vectorarray.py" line="546" name="test_dot[compatible_vector_array_pair5-&lt;lambda&gt;27]" time="0.10148167610168457"></testcase><testcase classname="src.pymortests.vectorarray" file="src/pymortests/vectorarray.py" line="546" name="test_dot[compatible_vector_array_pair5-&lt;lambda&gt;28]" time="0.7530641555786133"></testcase><testcase classname="src.pymortests.vectorarray" file="src/pymortests/vectorarray.py" line="546" name="test_dot[compatible_vector_array_pair5-&lt;lambda&gt;29]" time="0.017066240310668945"></testcase><testcase classname="src.pymortests.vectorarray" file="src/pymortests/vectorarray.py" line="546" name="test_dot[compatible_vector_array_pair6-&lt;lambda&gt;0]" time="0.004100799560546875"></testcase><testcase classname="src.pymortests.vectorarray" file="src/pymortests/vectorarray.py" line="546" name="test_dot[compatible_vector_array_pair6-&lt;lambda&gt;1]" time="0.0021255016326904297"></testcase><testcase classname="src.pymortests.vectorarray" file="src/pymortests/vectorarray.py" line="546" name="test_dot[compatible_vector_array_pair6-&lt;lambda&gt;2]" time="0.007020473480224609"></testcase><testcase classname="src.pymortests.vectorarray" file="src/pymortests/vectorarray.py" line="546" name="test_dot[compatible_vector_array_pair6-&lt;lambda&gt;3]" time="0.00921940803527832"></testcase><testcase classname="src.pymortests.vectorarray" file="src/pymortests/vectorarray.py" line="546" name="test_dot[compatible_vector_array_pair6-&lt;lambda&gt;4]" time="0.01333928108215332"></testcase><testcase classname="src.pymortests.vectorarray" file="src/pymortests/vectorarray.py" line="546" name="test_dot[compatible_vector_array_pair6-&lt;lambda&gt;5]" time="0.008494377136230469"></testcase><testcase classname="src.pymortests.vectorarray" file="src/pymortests/vectorarray.py" line="546" name="test_dot[compatible_vector_array_pair6-&lt;lambda&gt;6]" time="0.0028274059295654297"></testcase><testcase classname="src.pymortests.vectorarray" file="src/pymortests/vectorarray.py" line="546" name="test_dot[compatible_vector_array_pair6-&lt;lambda&gt;7]" time="0.0020761489868164062"></testcase><testcase classname="src.pymortests.vectorarray" file="src/pymortests/vectorarray.py" line="546" name="test_dot[compatible_vector_array_pair6-&lt;lambda&gt;8]" time="0.0324101448059082"></testcase><testcase classname="src.pymortests.vectorarray" file="src/pymortests/vectorarray.py" line="546" name="test_dot[compatible_vector_array_pair6-&lt;lambda&gt;9]" time="0.06329011917114258"></testcase><testcase classname="src.pymortests.vectorarray" file="src/pymortests/vectorarray.py" line="546" name="test_dot[compatible_vector_array_pair6-&lt;lambda&gt;10]" time="0.9376847743988037"></testcase><testcase classname="src.pymortests.vectorarray" file="src/pymortests/vectorarray.py" line="546" name="test_dot[compatible_vector_array_pair6-&lt;lambda&gt;11]" time="0.01047825813293457"></testcase><testcase classname="src.pymortests.vectorarray" file="src/pymortests/vectorarray.py" line="546" name="test_dot[compatible_vector_array_pair6-&lt;lambda&gt;12]" time="0.004769563674926758"></testcase><testcase classname="src.pymortests.vectorarray" file="src/pymortests/vectorarray.py" line="546" name="test_dot[compatible_vector_array_pair6-&lt;lambda&gt;13]" time="0.003421783447265625"></testcase><testcase classname="src.pymortests.vectorarray" file="src/pymortests/vectorarray.py" line="546" name="test_dot[compatible_vector_array_pair6-&lt;lambda&gt;14]" time="0.009965181350708008"></testcase><testcase classname="src.pymortests.vectorarray" file="src/pymortests/vectorarray.py" line="546" name="test_dot[compatible_vector_array_pair6-&lt;lambda&gt;15]" time="0.014677286148071289"></testcase><testcase classname="src.pymortests.vectorarray" file="src/pymortests/vectorarray.py" line="546" name="test_dot[compatible_vector_array_pair6-&lt;lambda&gt;16]" time="0.020405054092407227"></testcase><testcase classname="src.pymortests.vectorarray" file="src/pymortests/vectorarray.py" line="546" name="test_dot[compatible_vector_array_pair6-&lt;lambda&gt;17]" time="0.03133964538574219"></testcase><testcase classname="src.pymortests.vectorarray" file="src/pymortests/vectorarray.py" line="546" name="test_dot[compatible_vector_array_pair6-&lt;lambda&gt;18]" time="0.00788259506225586"></testcase><testcase classname="src.pymortests.vectorarray" file="src/pymortests/vectorarray.py" line="546" name="test_dot[compatible_vector_array_pair6-&lt;lambda&gt;19]" time="0.0032525062561035156"></testcase><testcase classname="src.pymortests.vectorarray" file="src/pymortests/vectorarray.py" line="546" name="test_dot[compatible_vector_array_pair6-&lt;lambda&gt;20]" time="0.08662605285644531"></testcase><testcase classname="src.pymortests.vectorarray" file="src/pymortests/vectorarray.py" line="546" name="test_dot[compatible_vector_array_pair6-&lt;lambda&gt;21]" time="0.06959295272827148"></testcase><testcase classname="src.pymortests.vectorarray" file="src/pymortests/vectorarray.py" line="546" name="test_dot[compatible_vector_array_pair6-&lt;lambda&gt;22]" time="0.8254694938659668"></testcase><testcase classname="src.pymortests.vectorarray" file="src/pymortests/vectorarray.py" line="546" name="test_dot[compatible_vector_array_pair6-&lt;lambda&gt;23]" time="0.013824462890625"></testcase><testcase classname="src.pymortests.vectorarray" file="src/pymortests/vectorarray.py" line="546" name="test_dot[compatible_vector_array_pair6-&lt;lambda&gt;24]" time="0.003930330276489258"></testcase><testcase classname="src.pymortests.vectorarray" file="src/pymortests/vectorarray.py" line="546" name="test_dot[compatible_vector_array_pair6-&lt;lambda&gt;25]" time="0.003304004669189453"></testcase><testcase classname="src.pymortests.vectorarray" file="src/pymortests/vectorarray.py" line="546" name="test_dot[compatible_vector_array_pair6-&lt;lambda&gt;26]" time="0.04589033126831055"></testcase><testcase classname="src.pymortests.vectorarray" file="src/pymortests/vectorarray.py" line="546" name="test_dot[compatible_vector_array_pair6-&lt;lambda&gt;27]" time="0.09730076789855957"></testcase><testcase classname="src.pymortests.vectorarray" file="src/pymortests/vectorarray.py" line="546" name="test_dot[compatible_vector_array_pair6-&lt;lambda&gt;28]" time="0.7084028720855713"></testcase><testcase classname="src.pymortests.vectorarray" file="src/pymortests/vectorarray.py" line="546" name="test_dot[compatible_vector_array_pair6-&lt;lambda&gt;29]" time="0.01490163803100586"></testcase><testcase classname="src.pymortests.vectorarray" file="src/pymortests/vectorarray.py" line="546" name="test_dot[compatible_vector_array_pair7-&lt;lambda&gt;0]" time="0.00412440299987793"></testcase><testcase classname="src.pymortests.vectorarray" file="src/pymortests/vectorarray.py" line="546" name="test_dot[compatible_vector_array_pair7-&lt;lambda&gt;1]" time="0.002153158187866211"></testcase><testcase classname="src.pymortests.vectorarray" file="src/pymortests/vectorarray.py" line="546" name="test_dot[compatible_vector_array_pair7-&lt;lambda&gt;2]" time="0.007210493087768555"></testcase><testcase classname="src.pymortests.vectorarray" file="src/pymortests/vectorarray.py" line="546" name="test_dot[compatible_vector_array_pair7-&lt;lambda&gt;3]" time="0.009354352951049805"></testcase><testcase classname="src.pymortests.vectorarray" file="src/pymortests/vectorarray.py" line="546" name="test_dot[compatible_vector_array_pair7-&lt;lambda&gt;4]" time="0.013613700866699219"></testcase><testcase classname="src.pymortests.vectorarray" file="src/pymortests/vectorarray.py" line="546" name="test_dot[compatible_vector_array_pair7-&lt;lambda&gt;5]" time="0.0085296630859375"></testcase><testcase classname="src.pymortests.vectorarray" file="src/pymortests/vectorarray.py" line="546" name="test_dot[compatible_vector_array_pair7-&lt;lambda&gt;6]" time="0.002919912338256836"></testcase><testcase classname="src.pymortests.vectorarray" file="src/pymortests/vectorarray.py" line="546" name="test_dot[compatible_vector_array_pair7-&lt;lambda&gt;7]" time="0.0020592212677001953"></testcase><testcase classname="src.pymortests.vectorarray" file="src/pymortests/vectorarray.py" line="546" name="test_dot[compatible_vector_array_pair7-&lt;lambda&gt;8]" time="0.03250288963317871"></testcase><testcase classname="src.pymortests.vectorarray" file="src/pymortests/vectorarray.py" line="546" name="test_dot[compatible_vector_array_pair7-&lt;lambda&gt;9]" time="0.06273794174194336"></testcase><testcase classname="src.pymortests.vectorarray" file="src/pymortests/vectorarray.py" line="546" name="test_dot[compatible_vector_array_pair7-&lt;lambda&gt;10]" time="0.9259433746337891"></testcase><testcase classname="src.pymortests.vectorarray" file="src/pymortests/vectorarray.py" line="546" name="test_dot[compatible_vector_array_pair7-&lt;lambda&gt;11]" time="0.010518312454223633"></testcase><testcase classname="src.pymortests.vectorarray" file="src/pymortests/vectorarray.py" line="546" name="test_dot[compatible_vector_array_pair7-&lt;lambda&gt;12]" time="0.004883766174316406"></testcase><testcase classname="src.pymortests.vectorarray" file="src/pymortests/vectorarray.py" line="546" name="test_dot[compatible_vector_array_pair7-&lt;lambda&gt;13]" time="0.0034863948822021484"></testcase><testcase classname="src.pymortests.vectorarray" file="src/pymortests/vectorarray.py" line="546" name="test_dot[compatible_vector_array_pair7-&lt;lambda&gt;14]" time="0.010198831558227539"></testcase><testcase classname="src.pymortests.vectorarray" file="src/pymortests/vectorarray.py" line="546" name="test_dot[compatible_vector_array_pair7-&lt;lambda&gt;15]" time="0.014678001403808594"></testcase><testcase classname="src.pymortests.vectorarray" file="src/pymortests/vectorarray.py" line="546" name="test_dot[compatible_vector_array_pair7-&lt;lambda&gt;16]" time="0.020966768264770508"></testcase><testcase classname="src.pymortests.vectorarray" file="src/pymortests/vectorarray.py" line="546" name="test_dot[compatible_vector_array_pair7-&lt;lambda&gt;17]" time="0.031435251235961914"></testcase><testcase classname="src.pymortests.vectorarray" file="src/pymortests/vectorarray.py" line="546" name="test_dot[compatible_vector_array_pair7-&lt;lambda&gt;18]" time="0.008287429809570312"></testcase><testcase classname="src.pymortests.vectorarray" file="src/pymortests/vectorarray.py" line="546" name="test_dot[compatible_vector_array_pair7-&lt;lambda&gt;19]" time="0.0034847259521484375"></testcase><testcase classname="src.pymortests.vectorarray" file="src/pymortests/vectorarray.py" line="546" name="test_dot[compatible_vector_array_pair7-&lt;lambda&gt;20]" time="0.08494973182678223"></testcase><testcase classname="src.pymortests.vectorarray" file="src/pymortests/vectorarray.py" line="546" name="test_dot[compatible_vector_array_pair7-&lt;lambda&gt;21]" time="0.07003664970397949"></testcase><testcase classname="src.pymortests.vectorarray" file="src/pymortests/vectorarray.py" line="546" name="test_dot[compatible_vector_array_pair7-&lt;lambda&gt;22]" time="0.8267812728881836"></testcase><testcase classname="src.pymortests.vectorarray" file="src/pymortests/vectorarray.py" line="546" name="test_dot[compatible_vector_array_pair7-&lt;lambda&gt;23]" time="0.013484716415405273"></testcase><testcase classname="src.pymortests.vectorarray" file="src/pymortests/vectorarray.py" line="546" name="test_dot[compatible_vector_array_pair7-&lt;lambda&gt;24]" time="0.004040956497192383"></testcase><testcase classname="src.pymortests.vectorarray" file="src/pymortests/vectorarray.py" line="546" name="test_dot[compatible_vector_array_pair7-&lt;lambda&gt;25]" time="0.004309177398681641"></testcase><testcase classname="src.pymortests.vectorarray" file="src/pymortests/vectorarray.py" line="546" name="test_dot[compatible_vector_array_pair7-&lt;lambda&gt;26]" time="0.06457757949829102"></testcase><testcase classname="src.pymortests.vectorarray" file="src/pymortests/vectorarray.py" line="546" name="test_dot[compatible_vector_array_pair7-&lt;lambda&gt;27]" time="0.10027003288269043"></testcase><testcase classname="src.pymortests.vectorarray" file="src/pymortests/vectorarray.py" line="546" name="test_dot[compatible_vector_array_pair7-&lt;lambda&gt;28]" time="0.7480580806732178"></testcase><testcase classname="src.pymortests.vectorarray" file="src/pymortests/vectorarray.py" line="546" name="test_dot[compatible_vector_array_pair7-&lt;lambda&gt;29]" time="0.015913009643554688"></testcase><testcase classname="src.pymortests.vectorarray" file="src/pymortests/vectorarray.py" line="546" name="test_dot[compatible_vector_array_pair8-&lt;lambda&gt;0]" time="0.004124164581298828"></testcase><testcase classname="src.pymortests.vectorarray" file="src/pymortests/vectorarray.py" line="546" name="test_dot[compatible_vector_array_pair8-&lt;lambda&gt;1]" time="0.002150297164916992"></testcase><testcase classname="src.pymortests.vectorarray" file="src/pymortests/vectorarray.py" line="546" name="test_dot[compatible_vector_array_pair8-&lt;lambda&gt;2]" time="0.007138967514038086"></testcase><testcase classname="src.pymortests.vectorarray" file="src/pymortests/vectorarray.py" line="546" name="test_dot[compatible_vector_array_pair8-&lt;lambda&gt;3]" time="0.009315252304077148"></testcase><testcase classname="src.pymortests.vectorarray" file="src/pymortests/vectorarray.py" line="546" name="test_dot[compatible_vector_array_pair8-&lt;lambda&gt;4]" time="0.013843536376953125"></testcase><testcase classname="src.pymortests.vectorarray" file="src/pymortests/vectorarray.py" line="546" name="test_dot[compatible_vector_array_pair8-&lt;lambda&gt;5]" time="0.008486032485961914"></testcase><testcase classname="src.pymortests.vectorarray" file="src/pymortests/vectorarray.py" line="546" name="test_dot[compatible_vector_array_pair8-&lt;lambda&gt;6]" time="0.0028486251831054688"></testcase><testcase classname="src.pymortests.vectorarray" file="src/pymortests/vectorarray.py" line="546" name="test_dot[compatible_vector_array_pair8-&lt;lambda&gt;7]" time="0.002028226852416992"></testcase><testcase classname="src.pymortests.vectorarray" file="src/pymortests/vectorarray.py" line="546" name="test_dot[compatible_vector_array_pair8-&lt;lambda&gt;8]" time="0.03217029571533203"></testcase><testcase classname="src.pymortests.vectorarray" file="src/pymortests/vectorarray.py" line="546" name="test_dot[compatible_vector_array_pair8-&lt;lambda&gt;9]" time="0.06299185752868652"></testcase><testcase classname="src.pymortests.vectorarray" file="src/pymortests/vectorarray.py" line="546" name="test_dot[compatible_vector_array_pair8-&lt;lambda&gt;10]" time="0.9301154613494873"></testcase><testcase classname="src.pymortests.vectorarray" file="src/pymortests/vectorarray.py" line="546" name="test_dot[compatible_vector_array_pair8-&lt;lambda&gt;11]" time="0.010596275329589844"></testcase><testcase classname="src.pymortests.vectorarray" file="src/pymortests/vectorarray.py" line="546" name="test_dot[compatible_vector_array_pair8-&lt;lambda&gt;12]" time="0.005776166915893555"></testcase><testcase classname="src.pymortests.vectorarray" file="src/pymortests/vectorarray.py" line="546" name="test_dot[compatible_vector_array_pair8-&lt;lambda&gt;13]" time="0.0034868717193603516"></testcase><testcase classname="src.pymortests.vectorarray" file="src/pymortests/vectorarray.py" line="546" name="test_dot[compatible_vector_array_pair8-&lt;lambda&gt;14]" time="0.010066032409667969"></testcase><testcase classname="src.pymortests.vectorarray" file="src/pymortests/vectorarray.py" line="546" name="test_dot[compatible_vector_array_pair8-&lt;lambda&gt;15]" time="0.01580953598022461"></testcase><testcase classname="src.pymortests.vectorarray" file="src/pymortests/vectorarray.py" line="546" name="test_dot[compatible_vector_array_pair8-&lt;lambda&gt;16]" time="0.0207216739654541"></testcase><testcase classname="src.pymortests.vectorarray" file="src/pymortests/vectorarray.py" line="546" name="test_dot[compatible_vector_array_pair8-&lt;lambda&gt;17]" time="0.03132152557373047"></testcase><testcase classname="src.pymortests.vectorarray" file="src/pymortests/vectorarray.py" line="546" name="test_dot[compatible_vector_array_pair8-&lt;lambda&gt;18]" time="0.007915258407592773"></testcase><testcase classname="src.pymortests.vectorarray" file="src/pymortests/vectorarray.py" line="546" name="test_dot[compatible_vector_array_pair8-&lt;lambda&gt;19]" time="0.0033283233642578125"></testcase><testcase classname="src.pymortests.vectorarray" file="src/pymortests/vectorarray.py" line="546" name="test_dot[compatible_vector_array_pair8-&lt;lambda&gt;20]" time="0.08728575706481934"></testcase><testcase classname="src.pymortests.vectorarray" file="src/pymortests/vectorarray.py" line="546" name="test_dot[compatible_vector_array_pair8-&lt;lambda&gt;21]" time="0.0696401596069336"></testcase><testcase classname="src.pymortests.vectorarray" file="src/pymortests/vectorarray.py" line="546" name="test_dot[compatible_vector_array_pair8-&lt;lambda&gt;22]" time="0.8203401565551758"></testcase><testcase classname="src.pymortests.vectorarray" file="src/pymortests/vectorarray.py" line="546" name="test_dot[compatible_vector_array_pair8-&lt;lambda&gt;23]" time="0.013680219650268555"></testcase><testcase classname="src.pymortests.vectorarray" file="src/pymortests/vectorarray.py" line="546" name="test_dot[compatible_vector_array_pair8-&lt;lambda&gt;24]" time="0.004152774810791016"></testcase><testcase classname="src.pymortests.vectorarray" file="src/pymortests/vectorarray.py" line="546" name="test_dot[compatible_vector_array_pair8-&lt;lambda&gt;25]" time="0.004339694976806641"></testcase><testcase classname="src.pymortests.vectorarray" file="src/pymortests/vectorarray.py" line="546" name="test_dot[compatible_vector_array_pair8-&lt;lambda&gt;26]" time="0.06695961952209473"></testcase><testcase classname="src.pymortests.vectorarray" file="src/pymortests/vectorarray.py" line="546" name="test_dot[compatible_vector_array_pair8-&lt;lambda&gt;27]" time="0.0986182689666748"></testcase><testcase classname="src.pymortests.vectorarray" file="src/pymortests/vectorarray.py" line="546" name="test_dot[compatible_vector_array_pair8-&lt;lambda&gt;28]" time="0.7493417263031006"></testcase><testcase classname="src.pymortests.vectorarray" file="src/pymortests/vectorarray.py" line="546" name="test_dot[compatible_vector_array_pair8-&lt;lambda&gt;29]" time="0.01583242416381836"></testcase><testcase classname="src.pymortests.vectorarray" file="src/pymortests/vectorarray.py" line="561" name="test_dot_self[0-&lt;lambda&gt;0]" time="0.004656314849853516"></testcase><testcase classname="src.pymortests.vectorarray" file="src/pymortests/vectorarray.py" line="561" name="test_dot_self[0-&lt;lambda&gt;1]" time="0.0038602352142333984"></testcase><testcase classname="src.pymortests.vectorarray" file="src/pymortests/vectorarray.py" line="561" name="test_dot_self[0-&lt;lambda&gt;2]" time="0.0072743892669677734"></testcase><testcase classname="src.pymortests.vectorarray" file="src/pymortests/vectorarray.py" line="561" name="test_dot_self[0-&lt;lambda&gt;3]" time="0.014304637908935547"></testcase><testcase classname="src.pymortests.vectorarray" file="src/pymortests/vectorarray.py" line="561" name="test_dot_self[0-&lt;lambda&gt;4]" time="0.01616811752319336"></testcase><testcase classname="src.pymortests.vectorarray" file="src/pymortests/vectorarray.py" line="561" name="test_dot_self[0-&lt;lambda&gt;5]" time="0.004809856414794922"></testcase><testcase classname="src.pymortests.vectorarray" file="src/pymortests/vectorarray.py" line="561" name="test_dot_self[0-&lt;lambda&gt;6]" time="0.003607034683227539"></testcase><testcase classname="src.pymortests.vectorarray" file="src/pymortests/vectorarray.py" line="561" name="test_dot_self[0-&lt;lambda&gt;7]" time="0.015416860580444336"></testcase><testcase classname="src.pymortests.vectorarray" file="src/pymortests/vectorarray.py" line="561" name="test_dot_self[0-&lt;lambda&gt;8]" time="0.41498875617980957"></testcase><testcase classname="src.pymortests.vectorarray" file="src/pymortests/vectorarray.py" line="561" name="test_dot_self[0-&lt;lambda&gt;9]" time="2.1638588905334473"></testcase><testcase classname="src.pymortests.vectorarray" file="src/pymortests/vectorarray.py" line="561" name="test_dot_self[0-&lt;lambda&gt;10]" time="0.007259368896484375"></testcase><testcase classname="src.pymortests.vectorarray" file="src/pymortests/vectorarray.py" line="561" name="test_dot_self[0-&lt;lambda&gt;11]" time="0.01723313331604004"></testcase><testcase classname="src.pymortests.vectorarray" file="src/pymortests/vectorarray.py" line="561" name="test_dot_self[0-&lt;lambda&gt;12]" time="0.01769423484802246"></testcase><testcase classname="src.pymortests.vectorarray" file="src/pymortests/vectorarray.py" line="561" name="test_dot_self[0-&lt;lambda&gt;13]" time="0.010803937911987305"></testcase><testcase classname="src.pymortests.vectorarray" file="src/pymortests/vectorarray.py" line="561" name="test_dot_self[0-&lt;lambda&gt;14]" time="0.019003629684448242"></testcase><testcase classname="src.pymortests.vectorarray" file="src/pymortests/vectorarray.py" line="561" name="test_dot_self[0-&lt;lambda&gt;15]" time="0.031174421310424805"></testcase><testcase classname="src.pymortests.vectorarray" file="src/pymortests/vectorarray.py" line="561" name="test_dot_self[0-&lt;lambda&gt;16]" time="0.03997492790222168"></testcase><testcase classname="src.pymortests.vectorarray" file="src/pymortests/vectorarray.py" line="561" name="test_dot_self[0-&lt;lambda&gt;17]" time="0.00890493392944336"></testcase><testcase classname="src.pymortests.vectorarray" file="src/pymortests/vectorarray.py" line="561" name="test_dot_self[0-&lt;lambda&gt;18]" time="0.008418798446655273"></testcase><testcase classname="src.pymortests.vectorarray" file="src/pymortests/vectorarray.py" line="561" name="test_dot_self[0-&lt;lambda&gt;19]" time="0.019344568252563477"></testcase><testcase classname="src.pymortests.vectorarray" file="src/pymortests/vectorarray.py" line="561" name="test_dot_self[0-&lt;lambda&gt;20]" time="0.35515308380126953"></testcase><testcase classname="src.pymortests.vectorarray" file="src/pymortests/vectorarray.py" line="561" name="test_dot_self[0-&lt;lambda&gt;21]" time="1.8342249393463135"></testcase><testcase classname="src.pymortests.vectorarray" file="src/pymortests/vectorarray.py" line="561" name="test_dot_self[0-&lt;lambda&gt;22]" time="0.0045871734619140625"></testcase><testcase classname="src.pymortests.vectorarray" file="src/pymortests/vectorarray.py" line="561" name="test_dot_self[0-&lt;lambda&gt;23]" time="0.003756999969482422"></testcase><testcase classname="src.pymortests.vectorarray" file="src/pymortests/vectorarray.py" line="561" name="test_dot_self[0-&lt;lambda&gt;24]" time="0.01408076286315918"></testcase><testcase classname="src.pymortests.vectorarray" file="src/pymortests/vectorarray.py" line="561" name="test_dot_self[0-&lt;lambda&gt;25]" time="0.2702209949493408"></testcase><testcase classname="src.pymortests.vectorarray" file="src/pymortests/vectorarray.py" line="561" name="test_dot_self[0-&lt;lambda&gt;26]" time="1.2837283611297607"></testcase><testcase classname="src.pymortests.vectorarray" file="src/pymortests/vectorarray.py" line="561" name="test_dot_self[1-&lt;lambda&gt;0]" time="0.004765748977661133"></testcase><testcase classname="src.pymortests.vectorarray" file="src/pymortests/vectorarray.py" line="561" name="test_dot_self[1-&lt;lambda&gt;1]" time="0.003931760787963867"></testcase><testcase classname="src.pymortests.vectorarray" file="src/pymortests/vectorarray.py" line="561" name="test_dot_self[1-&lt;lambda&gt;2]" time="0.007450580596923828"></testcase><testcase classname="src.pymortests.vectorarray" file="src/pymortests/vectorarray.py" line="561" name="test_dot_self[1-&lt;lambda&gt;3]" time="0.014214038848876953"></testcase><testcase classname="src.pymortests.vectorarray" file="src/pymortests/vectorarray.py" line="561" name="test_dot_self[1-&lt;lambda&gt;4]" time="0.017258644104003906"></testcase><testcase classname="src.pymortests.vectorarray" file="src/pymortests/vectorarray.py" line="561" name="test_dot_self[1-&lt;lambda&gt;5]" time="0.0043315887451171875"></testcase><testcase classname="src.pymortests.vectorarray" file="src/pymortests/vectorarray.py" line="561" name="test_dot_self[1-&lt;lambda&gt;6]" time="0.0035011768341064453"></testcase><testcase classname="src.pymortests.vectorarray" file="src/pymortests/vectorarray.py" line="561" name="test_dot_self[1-&lt;lambda&gt;7]" time="0.015845298767089844"></testcase><testcase classname="src.pymortests.vectorarray" file="src/pymortests/vectorarray.py" line="561" name="test_dot_self[1-&lt;lambda&gt;8]" time="0.41642165184020996"></testcase><testcase classname="src.pymortests.vectorarray" file="src/pymortests/vectorarray.py" line="561" name="test_dot_self[1-&lt;lambda&gt;9]" time="2.1752781867980957"></testcase><testcase classname="src.pymortests.vectorarray" file="src/pymortests/vectorarray.py" line="561" name="test_dot_self[1-&lt;lambda&gt;10]" time="0.00700688362121582"></testcase><testcase classname="src.pymortests.vectorarray" file="src/pymortests/vectorarray.py" line="561" name="test_dot_self[1-&lt;lambda&gt;11]" time="0.017117977142333984"></testcase><testcase classname="src.pymortests.vectorarray" file="src/pymortests/vectorarray.py" line="561" name="test_dot_self[1-&lt;lambda&gt;12]" time="0.017722129821777344"></testcase><testcase classname="src.pymortests.vectorarray" file="src/pymortests/vectorarray.py" line="561" name="test_dot_self[1-&lt;lambda&gt;13]" time="0.011232137680053711"></testcase><testcase classname="src.pymortests.vectorarray" file="src/pymortests/vectorarray.py" line="561" name="test_dot_self[1-&lt;lambda&gt;14]" time="0.019317150115966797"></testcase><testcase classname="src.pymortests.vectorarray" file="src/pymortests/vectorarray.py" line="561" name="test_dot_self[1-&lt;lambda&gt;15]" time="0.03125762939453125"></testcase><testcase classname="src.pymortests.vectorarray" file="src/pymortests/vectorarray.py" line="561" name="test_dot_self[1-&lt;lambda&gt;16]" time="0.0400693416595459"></testcase><testcase classname="src.pymortests.vectorarray" file="src/pymortests/vectorarray.py" line="561" name="test_dot_self[1-&lt;lambda&gt;17]" time="0.008721113204956055"></testcase><testcase classname="src.pymortests.vectorarray" file="src/pymortests/vectorarray.py" line="561" name="test_dot_self[1-&lt;lambda&gt;18]" time="0.0074388980865478516"></testcase><testcase classname="src.pymortests.vectorarray" file="src/pymortests/vectorarray.py" line="561" name="test_dot_self[1-&lt;lambda&gt;19]" time="0.01968860626220703"></testcase><testcase classname="src.pymortests.vectorarray" file="src/pymortests/vectorarray.py" line="561" name="test_dot_self[1-&lt;lambda&gt;20]" time="0.3569607734680176"></testcase><testcase classname="src.pymortests.vectorarray" file="src/pymortests/vectorarray.py" line="561" name="test_dot_self[1-&lt;lambda&gt;21]" time="1.823918104171753"></testcase><testcase classname="src.pymortests.vectorarray" file="src/pymortests/vectorarray.py" line="561" name="test_dot_self[1-&lt;lambda&gt;22]" time="0.004507541656494141"></testcase><testcase classname="src.pymortests.vectorarray" file="src/pymortests/vectorarray.py" line="561" name="test_dot_self[1-&lt;lambda&gt;23]" time="0.00371551513671875"></testcase><testcase classname="src.pymortests.vectorarray" file="src/pymortests/vectorarray.py" line="561" name="test_dot_self[1-&lt;lambda&gt;24]" time="0.013457298278808594"></testcase><testcase classname="src.pymortests.vectorarray" file="src/pymortests/vectorarray.py" line="561" name="test_dot_self[1-&lt;lambda&gt;25]" time="0.2888946533203125"></testcase><testcase classname="src.pymortests.vectorarray" file="src/pymortests/vectorarray.py" line="561" name="test_dot_self[1-&lt;lambda&gt;26]" time="1.3388566970825195"></testcase><testcase classname="src.pymortests.vectorarray" file="src/pymortests/vectorarray.py" line="561" name="test_dot_self[2-&lt;lambda&gt;0]" time="0.004685640335083008"></testcase><testcase classname="src.pymortests.vectorarray" file="src/pymortests/vectorarray.py" line="561" name="test_dot_self[2-&lt;lambda&gt;1]" time="0.003814220428466797"></testcase><testcase classname="src.pymortests.vectorarray" file="src/pymortests/vectorarray.py" line="561" name="test_dot_self[2-&lt;lambda&gt;2]" time="0.0074617862701416016"></testcase><testcase classname="src.pymortests.vectorarray" file="src/pymortests/vectorarray.py" line="561" name="test_dot_self[2-&lt;lambda&gt;3]" time="0.014069318771362305"></testcase><testcase classname="src.pymortests.vectorarray" file="src/pymortests/vectorarray.py" line="561" name="test_dot_self[2-&lt;lambda&gt;4]" time="0.017848968505859375"></testcase><testcase classname="src.pymortests.vectorarray" file="src/pymortests/vectorarray.py" line="561" name="test_dot_self[2-&lt;lambda&gt;5]" time="0.00467681884765625"></testcase><testcase classname="src.pymortests.vectorarray" file="src/pymortests/vectorarray.py" line="561" name="test_dot_self[2-&lt;lambda&gt;6]" time="0.0035076141357421875"></testcase><testcase classname="src.pymortests.vectorarray" file="src/pymortests/vectorarray.py" line="561" name="test_dot_self[2-&lt;lambda&gt;7]" time="0.015227079391479492"></testcase><testcase classname="src.pymortests.vectorarray" file="src/pymortests/vectorarray.py" line="561" name="test_dot_self[2-&lt;lambda&gt;8]" time="0.41841983795166016"></testcase><testcase classname="src.pymortests.vectorarray" file="src/pymortests/vectorarray.py" line="561" name="test_dot_self[2-&lt;lambda&gt;9]" time="2.168755531311035"></testcase><testcase classname="src.pymortests.vectorarray" file="src/pymortests/vectorarray.py" line="561" name="test_dot_self[2-&lt;lambda&gt;10]" time="0.007572174072265625"></testcase><testcase classname="src.pymortests.vectorarray" file="src/pymortests/vectorarray.py" line="561" name="test_dot_self[2-&lt;lambda&gt;11]" time="0.017189502716064453"></testcase><testcase classname="src.pymortests.vectorarray" file="src/pymortests/vectorarray.py" line="561" name="test_dot_self[2-&lt;lambda&gt;12]" time="0.01752758026123047"></testcase><testcase classname="src.pymortests.vectorarray" file="src/pymortests/vectorarray.py" line="561" name="test_dot_self[2-&lt;lambda&gt;13]" time="0.010863542556762695"></testcase><testcase classname="src.pymortests.vectorarray" file="src/pymortests/vectorarray.py" line="561" name="test_dot_self[2-&lt;lambda&gt;14]" time="0.017615556716918945"></testcase><testcase classname="src.pymortests.vectorarray" file="src/pymortests/vectorarray.py" line="561" name="test_dot_self[2-&lt;lambda&gt;15]" time="0.030597925186157227"></testcase><testcase classname="src.pymortests.vectorarray" file="src/pymortests/vectorarray.py" line="561" name="test_dot_self[2-&lt;lambda&gt;16]" time="0.041126251220703125"></testcase><testcase classname="src.pymortests.vectorarray" file="src/pymortests/vectorarray.py" line="561" name="test_dot_self[2-&lt;lambda&gt;17]" time="0.00876760482788086"></testcase><testcase classname="src.pymortests.vectorarray" file="src/pymortests/vectorarray.py" line="561" name="test_dot_self[2-&lt;lambda&gt;18]" time="0.0075283050537109375"></testcase><testcase classname="src.pymortests.vectorarray" file="src/pymortests/vectorarray.py" line="561" name="test_dot_self[2-&lt;lambda&gt;19]" time="0.019802093505859375"></testcase><testcase classname="src.pymortests.vectorarray" file="src/pymortests/vectorarray.py" line="561" name="test_dot_self[2-&lt;lambda&gt;20]" time="0.3565661907196045"></testcase><testcase classname="src.pymortests.vectorarray" file="src/pymortests/vectorarray.py" line="561" name="test_dot_self[2-&lt;lambda&gt;21]" time="1.821418285369873"></testcase><testcase classname="src.pymortests.vectorarray" file="src/pymortests/vectorarray.py" line="561" name="test_dot_self[2-&lt;lambda&gt;22]" time="0.00463557243347168"></testcase><testcase classname="src.pymortests.vectorarray" file="src/pymortests/vectorarray.py" line="561" name="test_dot_self[2-&lt;lambda&gt;23]" time="0.0038144588470458984"></testcase><testcase classname="src.pymortests.vectorarray" file="src/pymortests/vectorarray.py" line="561" name="test_dot_self[2-&lt;lambda&gt;24]" time="0.013846874237060547"></testcase><testcase classname="src.pymortests.vectorarray" file="src/pymortests/vectorarray.py" line="561" name="test_dot_self[2-&lt;lambda&gt;25]" time="0.29608893394470215"></testcase><testcase classname="src.pymortests.vectorarray" file="src/pymortests/vectorarray.py" line="561" name="test_dot_self[2-&lt;lambda&gt;26]" time="1.3421335220336914"></testcase><testcase classname="src.pymortests.vectorarray" file="src/pymortests/vectorarray.py" line="579" name="test_lincomb_1d[0-&lt;lambda&gt;0]" time="0.003270387649536133"></testcase><testcase classname="src.pymortests.vectorarray" file="src/pymortests/vectorarray.py" line="579" name="test_lincomb_1d[0-&lt;lambda&gt;1]" time="0.0025327205657958984"></testcase><testcase classname="src.pymortests.vectorarray" file="src/pymortests/vectorarray.py" line="579" name="test_lincomb_1d[0-&lt;lambda&gt;2]" time="0.003981351852416992"></testcase><testcase classname="src.pymortests.vectorarray" file="src/pymortests/vectorarray.py" line="579" name="test_lincomb_1d[0-&lt;lambda&gt;3]" time="0.011107921600341797"></testcase><testcase classname="src.pymortests.vectorarray" file="src/pymortests/vectorarray.py" line="579" name="test_lincomb_1d[0-&lt;lambda&gt;4]" time="0.02108907699584961"></testcase><testcase classname="src.pymortests.vectorarray" file="src/pymortests/vectorarray.py" line="579" name="test_lincomb_1d[0-&lt;lambda&gt;5]" time="0.0040891170501708984"></testcase><testcase classname="src.pymortests.vectorarray" file="src/pymortests/vectorarray.py" line="579" name="test_lincomb_1d[0-&lt;lambda&gt;6]" time="0.0029480457305908203"></testcase><testcase classname="src.pymortests.vectorarray" file="src/pymortests/vectorarray.py" line="579" name="test_lincomb_1d[0-&lt;lambda&gt;7]" time="0.005115509033203125"></testcase><testcase classname="src.pymortests.vectorarray" file="src/pymortests/vectorarray.py" line="579" name="test_lincomb_1d[0-&lt;lambda&gt;8]" time="0.019533634185791016"></testcase><testcase classname="src.pymortests.vectorarray" file="src/pymortests/vectorarray.py" line="579" name="test_lincomb_1d[0-&lt;lambda&gt;9]" time="0.0377044677734375"></testcase><testcase classname="src.pymortests.vectorarray" file="src/pymortests/vectorarray.py" line="579" name="test_lincomb_1d[0-&lt;lambda&gt;10]" time="0.005645275115966797"></testcase><testcase classname="src.pymortests.vectorarray" file="src/pymortests/vectorarray.py" line="579" name="test_lincomb_1d[0-&lt;lambda&gt;11]" time="0.00896000862121582"></testcase><testcase classname="src.pymortests.vectorarray" file="src/pymortests/vectorarray.py" line="579" name="test_lincomb_1d[0-&lt;lambda&gt;12]" time="0.008283376693725586"></testcase><testcase classname="src.pymortests.vectorarray" file="src/pymortests/vectorarray.py" line="579" name="test_lincomb_1d[0-&lt;lambda&gt;13]" time="0.00554347038269043"></testcase><testcase classname="src.pymortests.vectorarray" file="src/pymortests/vectorarray.py" line="579" name="test_lincomb_1d[0-&lt;lambda&gt;14]" time="0.008504867553710938"></testcase><testcase classname="src.pymortests.vectorarray" file="src/pymortests/vectorarray.py" line="579" name="test_lincomb_1d[0-&lt;lambda&gt;15]" time="0.037509918212890625"></testcase><testcase classname="src.pymortests.vectorarray" file="src/pymortests/vectorarray.py" line="579" name="test_lincomb_1d[0-&lt;lambda&gt;16]" time="0.07666563987731934"></testcase><testcase classname="src.pymortests.vectorarray" file="src/pymortests/vectorarray.py" line="579" name="test_lincomb_1d[0-&lt;lambda&gt;17]" time="0.009067058563232422"></testcase><testcase classname="src.pymortests.vectorarray" file="src/pymortests/vectorarray.py" line="579" name="test_lincomb_1d[0-&lt;lambda&gt;18]" time="0.008465290069580078"></testcase><testcase classname="src.pymortests.vectorarray" file="src/pymortests/vectorarray.py" line="579" name="test_lincomb_1d[0-&lt;lambda&gt;19]" time="0.023953676223754883"></testcase><testcase classname="src.pymortests.vectorarray" file="src/pymortests/vectorarray.py" line="579" name="test_lincomb_1d[0-&lt;lambda&gt;20]" time="0.039391517639160156"></testcase><testcase classname="src.pymortests.vectorarray" file="src/pymortests/vectorarray.py" line="579" name="test_lincomb_1d[0-&lt;lambda&gt;21]" time="0.07625412940979004"></testcase><testcase classname="src.pymortests.vectorarray" file="src/pymortests/vectorarray.py" line="579" name="test_lincomb_1d[0-&lt;lambda&gt;22]" time="0.02597975730895996"></testcase><testcase classname="src.pymortests.vectorarray" file="src/pymortests/vectorarray.py" line="579" name="test_lincomb_1d[0-&lt;lambda&gt;23]" time="0.025067567825317383"></testcase><testcase classname="src.pymortests.vectorarray" file="src/pymortests/vectorarray.py" line="579" name="test_lincomb_1d[0-&lt;lambda&gt;24]" time="0.031095504760742188"></testcase><testcase classname="src.pymortests.vectorarray" file="src/pymortests/vectorarray.py" line="579" name="test_lincomb_1d[0-&lt;lambda&gt;25]" time="0.0750882625579834"></testcase><testcase classname="src.pymortests.vectorarray" file="src/pymortests/vectorarray.py" line="579" name="test_lincomb_1d[0-&lt;lambda&gt;26]" time="0.13505148887634277"></testcase><testcase classname="src.pymortests.vectorarray" file="src/pymortests/vectorarray.py" line="579" name="test_lincomb_1d[1-&lt;lambda&gt;0]" time="0.003472566604614258"></testcase><testcase classname="src.pymortests.vectorarray" file="src/pymortests/vectorarray.py" line="579" name="test_lincomb_1d[1-&lt;lambda&gt;1]" time="0.002605438232421875"></testcase><testcase classname="src.pymortests.vectorarray" file="src/pymortests/vectorarray.py" line="579" name="test_lincomb_1d[1-&lt;lambda&gt;2]" time="0.0039293766021728516"></testcase><testcase classname="src.pymortests.vectorarray" file="src/pymortests/vectorarray.py" line="579" name="test_lincomb_1d[1-&lt;lambda&gt;3]" time="0.011356115341186523"></testcase><testcase classname="src.pymortests.vectorarray" file="src/pymortests/vectorarray.py" line="579" name="test_lincomb_1d[1-&lt;lambda&gt;4]" time="0.021564722061157227"></testcase><testcase classname="src.pymortests.vectorarray" file="src/pymortests/vectorarray.py" line="579" name="test_lincomb_1d[1-&lt;lambda&gt;5]" time="0.0037415027618408203"></testcase><testcase classname="src.pymortests.vectorarray" file="src/pymortests/vectorarray.py" line="579" name="test_lincomb_1d[1-&lt;lambda&gt;6]" time="0.0029239654541015625"></testcase><testcase classname="src.pymortests.vectorarray" file="src/pymortests/vectorarray.py" line="579" name="test_lincomb_1d[1-&lt;lambda&gt;7]" time="0.005042076110839844"></testcase><testcase classname="src.pymortests.vectorarray" file="src/pymortests/vectorarray.py" line="579" name="test_lincomb_1d[1-&lt;lambda&gt;8]" time="0.0198667049407959"></testcase><testcase classname="src.pymortests.vectorarray" file="src/pymortests/vectorarray.py" line="579" name="test_lincomb_1d[1-&lt;lambda&gt;9]" time="0.038393497467041016"></testcase><testcase classname="src.pymortests.vectorarray" file="src/pymortests/vectorarray.py" line="579" name="test_lincomb_1d[1-&lt;lambda&gt;10]" time="0.005843639373779297"></testcase><testcase classname="src.pymortests.vectorarray" file="src/pymortests/vectorarray.py" line="579" name="test_lincomb_1d[1-&lt;lambda&gt;11]" time="0.009205818176269531"></testcase><testcase classname="src.pymortests.vectorarray" file="src/pymortests/vectorarray.py" line="579" name="test_lincomb_1d[1-&lt;lambda&gt;12]" time="0.008447647094726562"></testcase><testcase classname="src.pymortests.vectorarray" file="src/pymortests/vectorarray.py" line="579" name="test_lincomb_1d[1-&lt;lambda&gt;13]" time="0.005844831466674805"></testcase><testcase classname="src.pymortests.vectorarray" file="src/pymortests/vectorarray.py" line="579" name="test_lincomb_1d[1-&lt;lambda&gt;14]" time="0.008753776550292969"></testcase><testcase classname="src.pymortests.vectorarray" file="src/pymortests/vectorarray.py" line="579" name="test_lincomb_1d[1-&lt;lambda&gt;15]" time="0.03890562057495117"></testcase><testcase classname="src.pymortests.vectorarray" file="src/pymortests/vectorarray.py" line="579" name="test_lincomb_1d[1-&lt;lambda&gt;16]" time="0.07892084121704102"></testcase><testcase classname="src.pymortests.vectorarray" file="src/pymortests/vectorarray.py" line="579" name="test_lincomb_1d[1-&lt;lambda&gt;17]" time="0.008645772933959961"></testcase><testcase classname="src.pymortests.vectorarray" file="src/pymortests/vectorarray.py" line="579" name="test_lincomb_1d[1-&lt;lambda&gt;18]" time="0.008186817169189453"></testcase><testcase classname="src.pymortests.vectorarray" file="src/pymortests/vectorarray.py" line="579" name="test_lincomb_1d[1-&lt;lambda&gt;19]" time="0.023458003997802734"></testcase><testcase classname="src.pymortests.vectorarray" file="src/pymortests/vectorarray.py" line="579" name="test_lincomb_1d[1-&lt;lambda&gt;20]" time="0.040006399154663086"></testcase><testcase classname="src.pymortests.vectorarray" file="src/pymortests/vectorarray.py" line="579" name="test_lincomb_1d[1-&lt;lambda&gt;21]" time="0.07720017433166504"></testcase><testcase classname="src.pymortests.vectorarray" file="src/pymortests/vectorarray.py" line="579" name="test_lincomb_1d[1-&lt;lambda&gt;22]" time="0.024164438247680664"></testcase><testcase classname="src.pymortests.vectorarray" file="src/pymortests/vectorarray.py" line="579" name="test_lincomb_1d[1-&lt;lambda&gt;23]" time="0.024487972259521484"></testcase><testcase classname="src.pymortests.vectorarray" file="src/pymortests/vectorarray.py" line="579" name="test_lincomb_1d[1-&lt;lambda&gt;24]" time="0.03328537940979004"></testcase><testcase classname="src.pymortests.vectorarray" file="src/pymortests/vectorarray.py" line="579" name="test_lincomb_1d[1-&lt;lambda&gt;25]" time="0.07472610473632812"></testcase><testcase classname="src.pymortests.vectorarray" file="src/pymortests/vectorarray.py" line="579" name="test_lincomb_1d[1-&lt;lambda&gt;26]" time="0.13753938674926758"></testcase><testcase classname="src.pymortests.vectorarray" file="src/pymortests/vectorarray.py" line="579" name="test_lincomb_1d[2-&lt;lambda&gt;0]" time="0.003383159637451172"></testcase><testcase classname="src.pymortests.vectorarray" file="src/pymortests/vectorarray.py" line="579" name="test_lincomb_1d[2-&lt;lambda&gt;1]" time="0.0025212764739990234"></testcase><testcase classname="src.pymortests.vectorarray" file="src/pymortests/vectorarray.py" line="579" name="test_lincomb_1d[2-&lt;lambda&gt;2]" time="0.0037384033203125"></testcase><testcase classname="src.pymortests.vectorarray" file="src/pymortests/vectorarray.py" line="579" name="test_lincomb_1d[2-&lt;lambda&gt;3]" time="0.010947465896606445"></testcase><testcase classname="src.pymortests.vectorarray" file="src/pymortests/vectorarray.py" line="579" name="test_lincomb_1d[2-&lt;lambda&gt;4]" time="0.021561145782470703"></testcase><testcase classname="src.pymortests.vectorarray" file="src/pymortests/vectorarray.py" line="579" name="test_lincomb_1d[2-&lt;lambda&gt;5]" time="0.004062652587890625"></testcase><testcase classname="src.pymortests.vectorarray" file="src/pymortests/vectorarray.py" line="579" name="test_lincomb_1d[2-&lt;lambda&gt;6]" time="0.002914905548095703"></testcase><testcase classname="src.pymortests.vectorarray" file="src/pymortests/vectorarray.py" line="579" name="test_lincomb_1d[2-&lt;lambda&gt;7]" time="0.005145549774169922"></testcase><testcase classname="src.pymortests.vectorarray" file="src/pymortests/vectorarray.py" line="579" name="test_lincomb_1d[2-&lt;lambda&gt;8]" time="0.019199609756469727"></testcase><testcase classname="src.pymortests.vectorarray" file="src/pymortests/vectorarray.py" line="579" name="test_lincomb_1d[2-&lt;lambda&gt;9]" time="0.03870677947998047"></testcase><testcase classname="src.pymortests.vectorarray" file="src/pymortests/vectorarray.py" line="579" name="test_lincomb_1d[2-&lt;lambda&gt;10]" time="0.00556635856628418"></testcase><testcase classname="src.pymortests.vectorarray" file="src/pymortests/vectorarray.py" line="579" name="test_lincomb_1d[2-&lt;lambda&gt;11]" time="0.009171724319458008"></testcase><testcase classname="src.pymortests.vectorarray" file="src/pymortests/vectorarray.py" line="579" name="test_lincomb_1d[2-&lt;lambda&gt;12]" time="0.008402585983276367"></testcase><testcase classname="src.pymortests.vectorarray" file="src/pymortests/vectorarray.py" line="579" name="test_lincomb_1d[2-&lt;lambda&gt;13]" time="0.0057489871978759766"></testcase><testcase classname="src.pymortests.vectorarray" file="src/pymortests/vectorarray.py" line="579" name="test_lincomb_1d[2-&lt;lambda&gt;14]" time="0.008900880813598633"></testcase><testcase classname="src.pymortests.vectorarray" file="src/pymortests/vectorarray.py" line="579" name="test_lincomb_1d[2-&lt;lambda&gt;15]" time="0.03717470169067383"></testcase><testcase classname="src.pymortests.vectorarray" file="src/pymortests/vectorarray.py" line="579" name="test_lincomb_1d[2-&lt;lambda&gt;16]" time="0.07791352272033691"></testcase><testcase classname="src.pymortests.vectorarray" file="src/pymortests/vectorarray.py" line="579" name="test_lincomb_1d[2-&lt;lambda&gt;17]" time="0.008907556533813477"></testcase><testcase classname="src.pymortests.vectorarray" file="src/pymortests/vectorarray.py" line="579" name="test_lincomb_1d[2-&lt;lambda&gt;18]" time="0.008377313613891602"></testcase><testcase classname="src.pymortests.vectorarray" file="src/pymortests/vectorarray.py" line="579" name="test_lincomb_1d[2-&lt;lambda&gt;19]" time="0.023316621780395508"></testcase><testcase classname="src.pymortests.vectorarray" file="src/pymortests/vectorarray.py" line="579" name="test_lincomb_1d[2-&lt;lambda&gt;20]" time="0.041208505630493164"></testcase><testcase classname="src.pymortests.vectorarray" file="src/pymortests/vectorarray.py" line="579" name="test_lincomb_1d[2-&lt;lambda&gt;21]" time="0.076202392578125"></testcase><testcase classname="src.pymortests.vectorarray" file="src/pymortests/vectorarray.py" line="579" name="test_lincomb_1d[2-&lt;lambda&gt;22]" time="0.02492666244506836"></testcase><testcase classname="src.pymortests.vectorarray" file="src/pymortests/vectorarray.py" line="579" name="test_lincomb_1d[2-&lt;lambda&gt;23]" time="0.025113821029663086"></testcase><testcase classname="src.pymortests.vectorarray" file="src/pymortests/vectorarray.py" line="579" name="test_lincomb_1d[2-&lt;lambda&gt;24]" time="0.03262662887573242"></testcase><testcase classname="src.pymortests.vectorarray" file="src/pymortests/vectorarray.py" line="579" name="test_lincomb_1d[2-&lt;lambda&gt;25]" time="0.07742786407470703"></testcase><testcase classname="src.pymortests.vectorarray" file="src/pymortests/vectorarray.py" line="579" name="test_lincomb_1d[2-&lt;lambda&gt;26]" time="0.1404421329498291"></testcase><testcase classname="src.pymortests.vectorarray" file="src/pymortests/vectorarray.py" line="593" name="test_lincomb_2d[0-&lt;lambda&gt;0]" time="0.007927179336547852"></testcase><testcase classname="src.pymortests.vectorarray" file="src/pymortests/vectorarray.py" line="593" name="test_lincomb_2d[0-&lt;lambda&gt;1]" time="0.008278846740722656"></testcase><testcase classname="src.pymortests.vectorarray" file="src/pymortests/vectorarray.py" line="593" name="test_lincomb_2d[0-&lt;lambda&gt;2]" time="0.008834123611450195"></testcase><testcase classname="src.pymortests.vectorarray" file="src/pymortests/vectorarray.py" line="593" name="test_lincomb_2d[0-&lt;lambda&gt;3]" time="0.010406494140625"></testcase><testcase classname="src.pymortests.vectorarray" file="src/pymortests/vectorarray.py" line="593" name="test_lincomb_2d[0-&lt;lambda&gt;4]" time="0.010844230651855469"></testcase><testcase classname="src.pymortests.vectorarray" file="src/pymortests/vectorarray.py" line="593" name="test_lincomb_2d[0-&lt;lambda&gt;5]" time="0.009239912033081055"></testcase><testcase classname="src.pymortests.vectorarray" file="src/pymortests/vectorarray.py" line="593" name="test_lincomb_2d[0-&lt;lambda&gt;6]" time="0.008833885192871094"></testcase><testcase classname="src.pymortests.vectorarray" file="src/pymortests/vectorarray.py" line="593" name="test_lincomb_2d[0-&lt;lambda&gt;7]" time="0.014995098114013672"></testcase><testcase classname="src.pymortests.vectorarray" file="src/pymortests/vectorarray.py" line="593" name="test_lincomb_2d[0-&lt;lambda&gt;8]" time="0.048111915588378906"></testcase><testcase classname="src.pymortests.vectorarray" file="src/pymortests/vectorarray.py" line="593" name="test_lincomb_2d[0-&lt;lambda&gt;9]" time="0.0872488021850586"></testcase><testcase classname="src.pymortests.vectorarray" file="src/pymortests/vectorarray.py" line="593" name="test_lincomb_2d[0-&lt;lambda&gt;10]" time="0.017085552215576172"></testcase><testcase classname="src.pymortests.vectorarray" file="src/pymortests/vectorarray.py" line="593" name="test_lincomb_2d[0-&lt;lambda&gt;11]" time="0.020647048950195312"></testcase><testcase classname="src.pymortests.vectorarray" file="src/pymortests/vectorarray.py" line="593" name="test_lincomb_2d[0-&lt;lambda&gt;12]" time="0.020498991012573242"></testcase><testcase classname="src.pymortests.vectorarray" file="src/pymortests/vectorarray.py" line="593" name="test_lincomb_2d[0-&lt;lambda&gt;13]" time="0.014913558959960938"></testcase><testcase classname="src.pymortests.vectorarray" file="src/pymortests/vectorarray.py" line="593" name="test_lincomb_2d[0-&lt;lambda&gt;14]" time="0.022820234298706055"></testcase><testcase classname="src.pymortests.vectorarray" file="src/pymortests/vectorarray.py" line="593" name="test_lincomb_2d[0-&lt;lambda&gt;15]" time="0.029918670654296875"></testcase><testcase classname="src.pymortests.vectorarray" file="src/pymortests/vectorarray.py" line="593" name="test_lincomb_2d[0-&lt;lambda&gt;16]" time="0.032867431640625"></testcase><testcase classname="src.pymortests.vectorarray" file="src/pymortests/vectorarray.py" line="593" name="test_lincomb_2d[0-&lt;lambda&gt;17]" time="0.03229999542236328"></testcase><testcase classname="src.pymortests.vectorarray" file="src/pymortests/vectorarray.py" line="593" name="test_lincomb_2d[0-&lt;lambda&gt;18]" time="0.036309003829956055"></testcase><testcase classname="src.pymortests.vectorarray" file="src/pymortests/vectorarray.py" line="593" name="test_lincomb_2d[0-&lt;lambda&gt;19]" time="0.11303496360778809"></testcase><testcase classname="src.pymortests.vectorarray" file="src/pymortests/vectorarray.py" line="593" name="test_lincomb_2d[0-&lt;lambda&gt;20]" time="0.09814691543579102"></testcase><testcase classname="src.pymortests.vectorarray" file="src/pymortests/vectorarray.py" line="593" name="test_lincomb_2d[0-&lt;lambda&gt;21]" time="0.16613316535949707"></testcase><testcase classname="src.pymortests.vectorarray" file="src/pymortests/vectorarray.py" line="593" name="test_lincomb_2d[0-&lt;lambda&gt;22]" time="0.14706659317016602"></testcase><testcase classname="src.pymortests.vectorarray" file="src/pymortests/vectorarray.py" line="593" name="test_lincomb_2d[0-&lt;lambda&gt;23]" time="0.13880515098571777"></testcase><testcase classname="src.pymortests.vectorarray" file="src/pymortests/vectorarray.py" line="593" name="test_lincomb_2d[0-&lt;lambda&gt;24]" time="0.17962217330932617"></testcase><testcase classname="src.pymortests.vectorarray" file="src/pymortests/vectorarray.py" line="593" name="test_lincomb_2d[0-&lt;lambda&gt;25]" time="0.2856755256652832"></testcase><testcase classname="src.pymortests.vectorarray" file="src/pymortests/vectorarray.py" line="593" name="test_lincomb_2d[0-&lt;lambda&gt;26]" time="0.44318604469299316"></testcase><testcase classname="src.pymortests.vectorarray" file="src/pymortests/vectorarray.py" line="593" name="test_lincomb_2d[1-&lt;lambda&gt;0]" time="0.008429288864135742"></testcase><testcase classname="src.pymortests.vectorarray" file="src/pymortests/vectorarray.py" line="593" name="test_lincomb_2d[1-&lt;lambda&gt;1]" time="0.006995439529418945"></testcase><testcase classname="src.pymortests.vectorarray" file="src/pymortests/vectorarray.py" line="593" name="test_lincomb_2d[1-&lt;lambda&gt;2]" time="0.0096893310546875"></testcase><testcase classname="src.pymortests.vectorarray" file="src/pymortests/vectorarray.py" line="593" name="test_lincomb_2d[1-&lt;lambda&gt;3]" time="0.011024713516235352"></testcase><testcase classname="src.pymortests.vectorarray" file="src/pymortests/vectorarray.py" line="593" name="test_lincomb_2d[1-&lt;lambda&gt;4]" time="0.010764598846435547"></testcase><testcase classname="src.pymortests.vectorarray" file="src/pymortests/vectorarray.py" line="593" name="test_lincomb_2d[1-&lt;lambda&gt;5]" time="0.009426116943359375"></testcase><testcase classname="src.pymortests.vectorarray" file="src/pymortests/vectorarray.py" line="593" name="test_lincomb_2d[1-&lt;lambda&gt;6]" time="0.009488105773925781"></testcase><testcase classname="src.pymortests.vectorarray" file="src/pymortests/vectorarray.py" line="593" name="test_lincomb_2d[1-&lt;lambda&gt;7]" time="0.015757322311401367"></testcase><testcase classname="src.pymortests.vectorarray" file="src/pymortests/vectorarray.py" line="593" name="test_lincomb_2d[1-&lt;lambda&gt;8]" time="0.05087780952453613"></testcase><testcase classname="src.pymortests.vectorarray" file="src/pymortests/vectorarray.py" line="593" name="test_lincomb_2d[1-&lt;lambda&gt;9]" time="0.08791685104370117"></testcase><testcase classname="src.pymortests.vectorarray" file="src/pymortests/vectorarray.py" line="593" name="test_lincomb_2d[1-&lt;lambda&gt;10]" time="0.019042491912841797"></testcase><testcase classname="src.pymortests.vectorarray" file="src/pymortests/vectorarray.py" line="593" name="test_lincomb_2d[1-&lt;lambda&gt;11]" time="0.020802021026611328"></testcase><testcase classname="src.pymortests.vectorarray" file="src/pymortests/vectorarray.py" line="593" name="test_lincomb_2d[1-&lt;lambda&gt;12]" time="0.0205380916595459"></testcase><testcase classname="src.pymortests.vectorarray" file="src/pymortests/vectorarray.py" line="593" name="test_lincomb_2d[1-&lt;lambda&gt;13]" time="0.016703367233276367"></testcase><testcase classname="src.pymortests.vectorarray" file="src/pymortests/vectorarray.py" line="593" name="test_lincomb_2d[1-&lt;lambda&gt;14]" time="0.02158212661743164"></testcase><testcase classname="src.pymortests.vectorarray" file="src/pymortests/vectorarray.py" line="593" name="test_lincomb_2d[1-&lt;lambda&gt;15]" time="0.03116917610168457"></testcase><testcase classname="src.pymortests.vectorarray" file="src/pymortests/vectorarray.py" line="593" name="test_lincomb_2d[1-&lt;lambda&gt;16]" time="0.03394794464111328"></testcase><testcase classname="src.pymortests.vectorarray" file="src/pymortests/vectorarray.py" line="593" name="test_lincomb_2d[1-&lt;lambda&gt;17]" time="0.03334832191467285"></testcase><testcase classname="src.pymortests.vectorarray" file="src/pymortests/vectorarray.py" line="593" name="test_lincomb_2d[1-&lt;lambda&gt;18]" time="0.037000179290771484"></testcase><testcase classname="src.pymortests.vectorarray" file="src/pymortests/vectorarray.py" line="593" name="test_lincomb_2d[1-&lt;lambda&gt;19]" time="0.11065363883972168"></testcase><testcase classname="src.pymortests.vectorarray" file="src/pymortests/vectorarray.py" line="593" name="test_lincomb_2d[1-&lt;lambda&gt;20]" time="0.10325956344604492"></testcase><testcase classname="src.pymortests.vectorarray" file="src/pymortests/vectorarray.py" line="593" name="test_lincomb_2d[1-&lt;lambda&gt;21]" time="0.16128087043762207"></testcase><testcase classname="src.pymortests.vectorarray" file="src/pymortests/vectorarray.py" line="593" name="test_lincomb_2d[1-&lt;lambda&gt;22]" time="0.14805126190185547"></testcase><testcase classname="src.pymortests.vectorarray" file="src/pymortests/vectorarray.py" line="593" name="test_lincomb_2d[1-&lt;lambda&gt;23]" time="0.14282989501953125"></testcase><testcase classname="src.pymortests.vectorarray" file="src/pymortests/vectorarray.py" line="593" name="test_lincomb_2d[1-&lt;lambda&gt;24]" time="0.17975473403930664"></testcase><testcase classname="src.pymortests.vectorarray" file="src/pymortests/vectorarray.py" line="593" name="test_lincomb_2d[1-&lt;lambda&gt;25]" time="0.3138566017150879"></testcase><testcase classname="src.pymortests.vectorarray" file="src/pymortests/vectorarray.py" line="593" name="test_lincomb_2d[1-&lt;lambda&gt;26]" time="0.47019076347351074"></testcase><testcase classname="src.pymortests.vectorarray" file="src/pymortests/vectorarray.py" line="593" name="test_lincomb_2d[2-&lt;lambda&gt;0]" time="0.008510112762451172"></testcase><testcase classname="src.pymortests.vectorarray" file="src/pymortests/vectorarray.py" line="593" name="test_lincomb_2d[2-&lt;lambda&gt;1]" time="0.009308576583862305"></testcase><testcase classname="src.pymortests.vectorarray" file="src/pymortests/vectorarray.py" line="593" name="test_lincomb_2d[2-&lt;lambda&gt;2]" time="0.010497093200683594"></testcase><testcase classname="src.pymortests.vectorarray" file="src/pymortests/vectorarray.py" line="593" name="test_lincomb_2d[2-&lt;lambda&gt;3]" time="0.012735605239868164"></testcase><testcase classname="src.pymortests.vectorarray" file="src/pymortests/vectorarray.py" line="593" name="test_lincomb_2d[2-&lt;lambda&gt;4]" time="0.012346267700195312"></testcase><testcase classname="src.pymortests.vectorarray" file="src/pymortests/vectorarray.py" line="593" name="test_lincomb_2d[2-&lt;lambda&gt;5]" time="0.010541439056396484"></testcase><testcase classname="src.pymortests.vectorarray" file="src/pymortests/vectorarray.py" line="593" name="test_lincomb_2d[2-&lt;lambda&gt;6]" time="0.011860847473144531"></testcase><testcase classname="src.pymortests.vectorarray" file="src/pymortests/vectorarray.py" line="593" name="test_lincomb_2d[2-&lt;lambda&gt;7]" time="0.01796412467956543"></testcase><testcase classname="src.pymortests.vectorarray" file="src/pymortests/vectorarray.py" line="593" name="test_lincomb_2d[2-&lt;lambda&gt;8]" time="0.051301002502441406"></testcase><testcase classname="src.pymortests.vectorarray" file="src/pymortests/vectorarray.py" line="593" name="test_lincomb_2d[2-&lt;lambda&gt;9]" time="0.08948016166687012"></testcase><testcase classname="src.pymortests.vectorarray" file="src/pymortests/vectorarray.py" line="593" name="test_lincomb_2d[2-&lt;lambda&gt;10]" time="0.017768383026123047"></testcase><testcase classname="src.pymortests.vectorarray" file="src/pymortests/vectorarray.py" line="593" name="test_lincomb_2d[2-&lt;lambda&gt;11]" time="0.02117323875427246"></testcase><testcase classname="src.pymortests.vectorarray" file="src/pymortests/vectorarray.py" line="593" name="test_lincomb_2d[2-&lt;lambda&gt;12]" time="0.020414352416992188"></testcase><testcase classname="src.pymortests.vectorarray" file="src/pymortests/vectorarray.py" line="593" name="test_lincomb_2d[2-&lt;lambda&gt;13]" time="0.015976905822753906"></testcase><testcase classname="src.pymortests.vectorarray" file="src/pymortests/vectorarray.py" line="593" name="test_lincomb_2d[2-&lt;lambda&gt;14]" time="0.02353048324584961"></testcase><testcase classname="src.pymortests.vectorarray" file="src/pymortests/vectorarray.py" line="593" name="test_lincomb_2d[2-&lt;lambda&gt;15]" time="0.03058314323425293"></testcase><testcase classname="src.pymortests.vectorarray" file="src/pymortests/vectorarray.py" line="593" name="test_lincomb_2d[2-&lt;lambda&gt;16]" time="0.03547501564025879"></testcase><testcase classname="src.pymortests.vectorarray" file="src/pymortests/vectorarray.py" line="593" name="test_lincomb_2d[2-&lt;lambda&gt;17]" time="0.035874128341674805"></testcase><testcase classname="src.pymortests.vectorarray" file="src/pymortests/vectorarray.py" line="593" name="test_lincomb_2d[2-&lt;lambda&gt;18]" time="0.03686046600341797"></testcase><testcase classname="src.pymortests.vectorarray" file="src/pymortests/vectorarray.py" line="593" name="test_lincomb_2d[2-&lt;lambda&gt;19]" time="0.11342382431030273"></testcase><testcase classname="src.pymortests.vectorarray" file="src/pymortests/vectorarray.py" line="593" name="test_lincomb_2d[2-&lt;lambda&gt;20]" time="0.10377311706542969"></testcase><testcase classname="src.pymortests.vectorarray" file="src/pymortests/vectorarray.py" line="593" name="test_lincomb_2d[2-&lt;lambda&gt;21]" time="0.16745615005493164"></testcase><testcase classname="src.pymortests.vectorarray" file="src/pymortests/vectorarray.py" line="593" name="test_lincomb_2d[2-&lt;lambda&gt;22]" time="0.14493942260742188"></testcase><testcase classname="src.pymortests.vectorarray" file="src/pymortests/vectorarray.py" line="593" name="test_lincomb_2d[2-&lt;lambda&gt;23]" time="0.144866943359375"></testcase><testcase classname="src.pymortests.vectorarray" file="src/pymortests/vectorarray.py" line="593" name="test_lincomb_2d[2-&lt;lambda&gt;24]" time="0.1858506202697754"></testcase><testcase classname="src.pymortests.vectorarray" file="src/pymortests/vectorarray.py" line="593" name="test_lincomb_2d[2-&lt;lambda&gt;25]" time="0.2602086067199707"></testcase><testcase classname="src.pymortests.vectorarray" file="src/pymortests/vectorarray.py" line="593" name="test_lincomb_2d[2-&lt;lambda&gt;26]" time="0.40851783752441406"></testcase><testcase classname="src.pymortests.vectorarray" file="src/pymortests/vectorarray.py" line="608" name="test_lincomb_wrong_coefficients[0-&lt;lambda&gt;0]" time="0.003180980682373047"></testcase><testcase classname="src.pymortests.vectorarray" file="src/pymortests/vectorarray.py" line="608" name="test_lincomb_wrong_coefficients[0-&lt;lambda&gt;1]" time="0.002341747283935547"></testcase><testcase classname="src.pymortests.vectorarray" file="src/pymortests/vectorarray.py" line="608" name="test_lincomb_wrong_coefficients[0-&lt;lambda&gt;2]" time="0.0034151077270507812"></testcase><testcase classname="src.pymortests.vectorarray" file="src/pymortests/vectorarray.py" line="608" name="test_lincomb_wrong_coefficients[0-&lt;lambda&gt;3]" time="0.004190921783447266"></testcase><testcase classname="src.pymortests.vectorarray" file="src/pymortests/vectorarray.py" line="608" name="test_lincomb_wrong_coefficients[0-&lt;lambda&gt;4]" time="0.004691362380981445"></testcase><testcase classname="src.pymortests.vectorarray" file="src/pymortests/vectorarray.py" line="608" name="test_lincomb_wrong_coefficients[0-&lt;lambda&gt;5]" time="0.00209808349609375"></testcase><testcase classname="src.pymortests.vectorarray" file="src/pymortests/vectorarray.py" line="608" name="test_lincomb_wrong_coefficients[0-&lt;lambda&gt;6]" time="0.002065896987915039"></testcase><testcase classname="src.pymortests.vectorarray" file="src/pymortests/vectorarray.py" line="608" name="test_lincomb_wrong_coefficients[0-&lt;lambda&gt;7]" time="0.0030379295349121094"></testcase><testcase classname="src.pymortests.vectorarray" file="src/pymortests/vectorarray.py" line="608" name="test_lincomb_wrong_coefficients[0-&lt;lambda&gt;8]" time="0.00392460823059082"></testcase><testcase classname="src.pymortests.vectorarray" file="src/pymortests/vectorarray.py" line="608" name="test_lincomb_wrong_coefficients[0-&lt;lambda&gt;9]" time="0.004881858825683594"></testcase><testcase classname="src.pymortests.vectorarray" file="src/pymortests/vectorarray.py" line="608" name="test_lincomb_wrong_coefficients[0-&lt;lambda&gt;10]" time="0.0027697086334228516"></testcase><testcase classname="src.pymortests.vectorarray" file="src/pymortests/vectorarray.py" line="608" name="test_lincomb_wrong_coefficients[0-&lt;lambda&gt;11]" time="0.004967212677001953"></testcase><testcase classname="src.pymortests.vectorarray" file="src/pymortests/vectorarray.py" line="608" name="test_lincomb_wrong_coefficients[0-&lt;lambda&gt;12]" time="0.0046443939208984375"></testcase><testcase classname="src.pymortests.vectorarray" file="src/pymortests/vectorarray.py" line="608" name="test_lincomb_wrong_coefficients[0-&lt;lambda&gt;13]" time="0.0039825439453125"></testcase><testcase classname="src.pymortests.vectorarray" file="src/pymortests/vectorarray.py" line="608" name="test_lincomb_wrong_coefficients[0-&lt;lambda&gt;14]" time="0.0048639774322509766"></testcase><testcase classname="src.pymortests.vectorarray" file="src/pymortests/vectorarray.py" line="608" name="test_lincomb_wrong_coefficients[0-&lt;lambda&gt;15]" time="0.006788969039916992"></testcase><testcase classname="src.pymortests.vectorarray" file="src/pymortests/vectorarray.py" line="608" name="test_lincomb_wrong_coefficients[0-&lt;lambda&gt;16]" time="0.008500099182128906"></testcase><testcase classname="src.pymortests.vectorarray" file="src/pymortests/vectorarray.py" line="608" name="test_lincomb_wrong_coefficients[0-&lt;lambda&gt;17]" time="0.0028891563415527344"></testcase><testcase classname="src.pymortests.vectorarray" file="src/pymortests/vectorarray.py" line="608" name="test_lincomb_wrong_coefficients[0-&lt;lambda&gt;18]" time="0.0026023387908935547"></testcase><testcase classname="src.pymortests.vectorarray" file="src/pymortests/vectorarray.py" line="608" name="test_lincomb_wrong_coefficients[0-&lt;lambda&gt;19]" time="0.0047092437744140625"></testcase><testcase classname="src.pymortests.vectorarray" file="src/pymortests/vectorarray.py" line="608" name="test_lincomb_wrong_coefficients[0-&lt;lambda&gt;20]" time="0.012098312377929688"></testcase><testcase classname="src.pymortests.vectorarray" file="src/pymortests/vectorarray.py" line="608" name="test_lincomb_wrong_coefficients[0-&lt;lambda&gt;21]" time="0.02303934097290039"></testcase><testcase classname="src.pymortests.vectorarray" file="src/pymortests/vectorarray.py" line="608" name="test_lincomb_wrong_coefficients[0-&lt;lambda&gt;22]" time="0.0028219223022460938"></testcase><testcase classname="src.pymortests.vectorarray" file="src/pymortests/vectorarray.py" line="608" name="test_lincomb_wrong_coefficients[0-&lt;lambda&gt;23]" time="0.0021903514862060547"></testcase><testcase classname="src.pymortests.vectorarray" file="src/pymortests/vectorarray.py" line="608" name="test_lincomb_wrong_coefficients[0-&lt;lambda&gt;24]" time="0.0041925907135009766"></testcase><testcase classname="src.pymortests.vectorarray" file="src/pymortests/vectorarray.py" line="608" name="test_lincomb_wrong_coefficients[0-&lt;lambda&gt;25]" time="0.026362180709838867"></testcase><testcase classname="src.pymortests.vectorarray" file="src/pymortests/vectorarray.py" line="608" name="test_lincomb_wrong_coefficients[0-&lt;lambda&gt;26]" time="0.05692434310913086"></testcase><testcase classname="src.pymortests.vectorarray" file="src/pymortests/vectorarray.py" line="608" name="test_lincomb_wrong_coefficients[1-&lt;lambda&gt;0]" time="0.0033092498779296875"></testcase><testcase classname="src.pymortests.vectorarray" file="src/pymortests/vectorarray.py" line="608" name="test_lincomb_wrong_coefficients[1-&lt;lambda&gt;1]" time="0.002345561981201172"></testcase><testcase classname="src.pymortests.vectorarray" file="src/pymortests/vectorarray.py" line="608" name="test_lincomb_wrong_coefficients[1-&lt;lambda&gt;2]" time="0.0033752918243408203"></testcase><testcase classname="src.pymortests.vectorarray" file="src/pymortests/vectorarray.py" line="608" name="test_lincomb_wrong_coefficients[1-&lt;lambda&gt;3]" time="0.004395246505737305"></testcase><testcase classname="src.pymortests.vectorarray" file="src/pymortests/vectorarray.py" line="608" name="test_lincomb_wrong_coefficients[1-&lt;lambda&gt;4]" time="0.004667520523071289"></testcase><testcase classname="src.pymortests.vectorarray" file="src/pymortests/vectorarray.py" line="608" name="test_lincomb_wrong_coefficients[1-&lt;lambda&gt;5]" time="0.0020859241485595703"></testcase><testcase classname="src.pymortests.vectorarray" file="src/pymortests/vectorarray.py" line="608" name="test_lincomb_wrong_coefficients[1-&lt;lambda&gt;6]" time="0.002040386199951172"></testcase><testcase classname="src.pymortests.vectorarray" file="src/pymortests/vectorarray.py" line="608" name="test_lincomb_wrong_coefficients[1-&lt;lambda&gt;7]" time="0.0030183792114257812"></testcase><testcase classname="src.pymortests.vectorarray" file="src/pymortests/vectorarray.py" line="608" name="test_lincomb_wrong_coefficients[1-&lt;lambda&gt;8]" time="0.004252195358276367"></testcase><testcase classname="src.pymortests.vectorarray" file="src/pymortests/vectorarray.py" line="608" name="test_lincomb_wrong_coefficients[1-&lt;lambda&gt;9]" time="0.005405426025390625"></testcase><testcase classname="src.pymortests.vectorarray" file="src/pymortests/vectorarray.py" line="608" name="test_lincomb_wrong_coefficients[1-&lt;lambda&gt;10]" time="0.0029115676879882812"></testcase><testcase classname="src.pymortests.vectorarray" file="src/pymortests/vectorarray.py" line="608" name="test_lincomb_wrong_coefficients[1-&lt;lambda&gt;11]" time="0.004842281341552734"></testcase><testcase classname="src.pymortests.vectorarray" file="src/pymortests/vectorarray.py" line="608" name="test_lincomb_wrong_coefficients[1-&lt;lambda&gt;12]" time="0.004665851593017578"></testcase><testcase classname="src.pymortests.vectorarray" file="src/pymortests/vectorarray.py" line="608" name="test_lincomb_wrong_coefficients[1-&lt;lambda&gt;13]" time="0.004044294357299805"></testcase><testcase classname="src.pymortests.vectorarray" file="src/pymortests/vectorarray.py" line="608" name="test_lincomb_wrong_coefficients[1-&lt;lambda&gt;14]" time="0.004749774932861328"></testcase><testcase classname="src.pymortests.vectorarray" file="src/pymortests/vectorarray.py" line="608" name="test_lincomb_wrong_coefficients[1-&lt;lambda&gt;15]" time="0.006678104400634766"></testcase><testcase classname="src.pymortests.vectorarray" file="src/pymortests/vectorarray.py" line="608" name="test_lincomb_wrong_coefficients[1-&lt;lambda&gt;16]" time="0.008347511291503906"></testcase><testcase classname="src.pymortests.vectorarray" file="src/pymortests/vectorarray.py" line="608" name="test_lincomb_wrong_coefficients[1-&lt;lambda&gt;17]" time="0.0029151439666748047"></testcase><testcase classname="src.pymortests.vectorarray" file="src/pymortests/vectorarray.py" line="608" name="test_lincomb_wrong_coefficients[1-&lt;lambda&gt;18]" time="0.0026242733001708984"></testcase><testcase classname="src.pymortests.vectorarray" file="src/pymortests/vectorarray.py" line="608" name="test_lincomb_wrong_coefficients[1-&lt;lambda&gt;19]" time="0.004670143127441406"></testcase><testcase classname="src.pymortests.vectorarray" file="src/pymortests/vectorarray.py" line="608" name="test_lincomb_wrong_coefficients[1-&lt;lambda&gt;20]" time="0.012051105499267578"></testcase><testcase classname="src.pymortests.vectorarray" file="src/pymortests/vectorarray.py" line="608" name="test_lincomb_wrong_coefficients[1-&lt;lambda&gt;21]" time="0.02315831184387207"></testcase><testcase classname="src.pymortests.vectorarray" file="src/pymortests/vectorarray.py" line="608" name="test_lincomb_wrong_coefficients[1-&lt;lambda&gt;22]" time="0.0029947757720947266"></testcase><testcase classname="src.pymortests.vectorarray" file="src/pymortests/vectorarray.py" line="608" name="test_lincomb_wrong_coefficients[1-&lt;lambda&gt;23]" time="0.0022470951080322266"></testcase><testcase classname="src.pymortests.vectorarray" file="src/pymortests/vectorarray.py" line="608" name="test_lincomb_wrong_coefficients[1-&lt;lambda&gt;24]" time="0.004235506057739258"></testcase><testcase classname="src.pymortests.vectorarray" file="src/pymortests/vectorarray.py" line="608" name="test_lincomb_wrong_coefficients[1-&lt;lambda&gt;25]" time="0.026576519012451172"></testcase><testcase classname="src.pymortests.vectorarray" file="src/pymortests/vectorarray.py" line="608" name="test_lincomb_wrong_coefficients[1-&lt;lambda&gt;26]" time="0.0592498779296875"></testcase><testcase classname="src.pymortests.vectorarray" file="src/pymortests/vectorarray.py" line="608" name="test_lincomb_wrong_coefficients[2-&lt;lambda&gt;0]" time="0.0032203197479248047"></testcase><testcase classname="src.pymortests.vectorarray" file="src/pymortests/vectorarray.py" line="608" name="test_lincomb_wrong_coefficients[2-&lt;lambda&gt;1]" time="0.002302885055541992"></testcase><testcase classname="src.pymortests.vectorarray" file="src/pymortests/vectorarray.py" line="608" name="test_lincomb_wrong_coefficients[2-&lt;lambda&gt;2]" time="0.003401517868041992"></testcase><testcase classname="src.pymortests.vectorarray" file="src/pymortests/vectorarray.py" line="608" name="test_lincomb_wrong_coefficients[2-&lt;lambda&gt;3]" time="0.004124879837036133"></testcase><testcase classname="src.pymortests.vectorarray" file="src/pymortests/vectorarray.py" line="608" name="test_lincomb_wrong_coefficients[2-&lt;lambda&gt;4]" time="0.0046732425689697266"></testcase><testcase classname="src.pymortests.vectorarray" file="src/pymortests/vectorarray.py" line="608" name="test_lincomb_wrong_coefficients[2-&lt;lambda&gt;5]" time="0.002142190933227539"></testcase><testcase classname="src.pymortests.vectorarray" file="src/pymortests/vectorarray.py" line="608" name="test_lincomb_wrong_coefficients[2-&lt;lambda&gt;6]" time="0.0021066665649414062"></testcase><testcase classname="src.pymortests.vectorarray" file="src/pymortests/vectorarray.py" line="608" name="test_lincomb_wrong_coefficients[2-&lt;lambda&gt;7]" time="0.0030891895294189453"></testcase><testcase classname="src.pymortests.vectorarray" file="src/pymortests/vectorarray.py" line="608" name="test_lincomb_wrong_coefficients[2-&lt;lambda&gt;8]" time="0.0040743350982666016"></testcase><testcase classname="src.pymortests.vectorarray" file="src/pymortests/vectorarray.py" line="608" name="test_lincomb_wrong_coefficients[2-&lt;lambda&gt;9]" time="0.005453824996948242"></testcase><testcase classname="src.pymortests.vectorarray" file="src/pymortests/vectorarray.py" line="608" name="test_lincomb_wrong_coefficients[2-&lt;lambda&gt;10]" time="0.0029358863830566406"></testcase><testcase classname="src.pymortests.vectorarray" file="src/pymortests/vectorarray.py" line="608" name="test_lincomb_wrong_coefficients[2-&lt;lambda&gt;11]" time="0.0049097537994384766"></testcase><testcase classname="src.pymortests.vectorarray" file="src/pymortests/vectorarray.py" line="608" name="test_lincomb_wrong_coefficients[2-&lt;lambda&gt;12]" time="0.004792690277099609"></testcase><testcase classname="src.pymortests.vectorarray" file="src/pymortests/vectorarray.py" line="608" name="test_lincomb_wrong_coefficients[2-&lt;lambda&gt;13]" time="0.00401759147644043"></testcase><testcase classname="src.pymortests.vectorarray" file="src/pymortests/vectorarray.py" line="608" name="test_lincomb_wrong_coefficients[2-&lt;lambda&gt;14]" time="0.00486302375793457"></testcase><testcase classname="src.pymortests.vectorarray" file="src/pymortests/vectorarray.py" line="608" name="test_lincomb_wrong_coefficients[2-&lt;lambda&gt;15]" time="0.00713038444519043"></testcase><testcase classname="src.pymortests.vectorarray" file="src/pymortests/vectorarray.py" line="608" name="test_lincomb_wrong_coefficients[2-&lt;lambda&gt;16]" time="0.009337902069091797"></testcase><testcase classname="src.pymortests.vectorarray" file="src/pymortests/vectorarray.py" line="608" name="test_lincomb_wrong_coefficients[2-&lt;lambda&gt;17]" time="0.003108978271484375"></testcase><testcase classname="src.pymortests.vectorarray" file="src/pymortests/vectorarray.py" line="608" name="test_lincomb_wrong_coefficients[2-&lt;lambda&gt;18]" time="0.002789735794067383"></testcase><testcase classname="src.pymortests.vectorarray" file="src/pymortests/vectorarray.py" line="608" name="test_lincomb_wrong_coefficients[2-&lt;lambda&gt;19]" time="0.004987001419067383"></testcase><testcase classname="src.pymortests.vectorarray" file="src/pymortests/vectorarray.py" line="608" name="test_lincomb_wrong_coefficients[2-&lt;lambda&gt;20]" time="0.011717081069946289"></testcase><testcase classname="src.pymortests.vectorarray" file="src/pymortests/vectorarray.py" line="608" name="test_lincomb_wrong_coefficients[2-&lt;lambda&gt;21]" time="0.02393937110900879"></testcase><testcase classname="src.pymortests.vectorarray" file="src/pymortests/vectorarray.py" line="608" name="test_lincomb_wrong_coefficients[2-&lt;lambda&gt;22]" time="0.0029039382934570312"></testcase><testcase classname="src.pymortests.vectorarray" file="src/pymortests/vectorarray.py" line="608" name="test_lincomb_wrong_coefficients[2-&lt;lambda&gt;23]" time="0.0021927356719970703"></testcase><testcase classname="src.pymortests.vectorarray" file="src/pymortests/vectorarray.py" line="608" name="test_lincomb_wrong_coefficients[2-&lt;lambda&gt;24]" time="0.004223823547363281"></testcase><testcase classname="src.pymortests.vectorarray" file="src/pymortests/vectorarray.py" line="608" name="test_lincomb_wrong_coefficients[2-&lt;lambda&gt;25]" time="0.026323556900024414"></testcase><testcase classname="src.pymortests.vectorarray" file="src/pymortests/vectorarray.py" line="608" name="test_lincomb_wrong_coefficients[2-&lt;lambda&gt;26]" time="0.05755496025085449"></testcase><testcase classname="src.pymortests.vectorarray" file="src/pymortests/vectorarray.py" line="627" name="test_l1_norm[0-&lt;lambda&gt;0]" time="0.006548166275024414"></testcase><testcase classname="src.pymortests.vectorarray" file="src/pymortests/vectorarray.py" line="627" name="test_l1_norm[0-&lt;lambda&gt;1]" time="0.005431175231933594"></testcase><testcase classname="src.pymortests.vectorarray" file="src/pymortests/vectorarray.py" line="627" name="test_l1_norm[0-&lt;lambda&gt;2]" time="0.006871461868286133"></testcase><testcase classname="src.pymortests.vectorarray" file="src/pymortests/vectorarray.py" line="627" name="test_l1_norm[0-&lt;lambda&gt;3]" time="0.007490873336791992"></testcase><testcase classname="src.pymortests.vectorarray" file="src/pymortests/vectorarray.py" line="627" name="test_l1_norm[0-&lt;lambda&gt;4]" time="0.007783412933349609"></testcase><testcase classname="src.pymortests.vectorarray" file="src/pymortests/vectorarray.py" line="627" name="test_l1_norm[0-&lt;lambda&gt;5]" time="0.0047261714935302734"></testcase><testcase classname="src.pymortests.vectorarray" file="src/pymortests/vectorarray.py" line="627" name="test_l1_norm[0-&lt;lambda&gt;6]" time="0.0045239925384521484"></testcase><testcase classname="src.pymortests.vectorarray" file="src/pymortests/vectorarray.py" line="627" name="test_l1_norm[0-&lt;lambda&gt;7]" time="0.007071018218994141"></testcase><testcase classname="src.pymortests.vectorarray" file="src/pymortests/vectorarray.py" line="627" name="test_l1_norm[0-&lt;lambda&gt;8]" time="0.0265960693359375"></testcase><testcase classname="src.pymortests.vectorarray" file="src/pymortests/vectorarray.py" line="627" name="test_l1_norm[0-&lt;lambda&gt;9]" time="0.04947209358215332"></testcase><testcase classname="src.pymortests.vectorarray" file="src/pymortests/vectorarray.py" line="627" name="test_l1_norm[0-&lt;lambda&gt;10]" time="0.009412288665771484"></testcase><testcase classname="src.pymortests.vectorarray" file="src/pymortests/vectorarray.py" line="627" name="test_l1_norm[0-&lt;lambda&gt;11]" time="0.011008739471435547"></testcase><testcase classname="src.pymortests.vectorarray" file="src/pymortests/vectorarray.py" line="627" name="test_l1_norm[0-&lt;lambda&gt;12]" time="0.010374069213867188"></testcase><testcase classname="src.pymortests.vectorarray" file="src/pymortests/vectorarray.py" line="627" name="test_l1_norm[0-&lt;lambda&gt;13]" time="0.00934600830078125"></testcase><testcase classname="src.pymortests.vectorarray" file="src/pymortests/vectorarray.py" line="627" name="test_l1_norm[0-&lt;lambda&gt;14]" time="0.011183738708496094"></testcase><testcase classname="src.pymortests.vectorarray" file="src/pymortests/vectorarray.py" line="627" name="test_l1_norm[0-&lt;lambda&gt;15]" time="0.015307188034057617"></testcase><testcase classname="src.pymortests.vectorarray" file="src/pymortests/vectorarray.py" line="627" name="test_l1_norm[0-&lt;lambda&gt;16]" time="0.016422271728515625"></testcase><testcase classname="src.pymortests.vectorarray" file="src/pymortests/vectorarray.py" line="627" name="test_l1_norm[0-&lt;lambda&gt;17]" time="0.011036872863769531"></testcase><testcase classname="src.pymortests.vectorarray" file="src/pymortests/vectorarray.py" line="627" name="test_l1_norm[0-&lt;lambda&gt;18]" time="0.010953903198242188"></testcase><testcase classname="src.pymortests.vectorarray" file="src/pymortests/vectorarray.py" line="627" name="test_l1_norm[0-&lt;lambda&gt;19]" time="0.01852250099182129"></testcase><testcase classname="src.pymortests.vectorarray" file="src/pymortests/vectorarray.py" line="627" name="test_l1_norm[0-&lt;lambda&gt;20]" time="0.04744696617126465"></testcase><testcase classname="src.pymortests.vectorarray" file="src/pymortests/vectorarray.py" line="627" name="test_l1_norm[0-&lt;lambda&gt;21]" time="0.09891533851623535"></testcase><testcase classname="src.pymortests.vectorarray" file="src/pymortests/vectorarray.py" line="627" name="test_l1_norm[0-&lt;lambda&gt;22]" time="0.005700111389160156"></testcase><testcase classname="src.pymortests.vectorarray" file="src/pymortests/vectorarray.py" line="627" name="test_l1_norm[0-&lt;lambda&gt;23]" time="0.00475621223449707"></testcase><testcase classname="src.pymortests.vectorarray" file="src/pymortests/vectorarray.py" line="627" name="test_l1_norm[0-&lt;lambda&gt;24]" time="0.02021956443786621"></testcase><testcase classname="src.pymortests.vectorarray" file="src/pymortests/vectorarray.py" line="627" name="test_l1_norm[0-&lt;lambda&gt;25]" time="0.40137314796447754"></testcase><testcase classname="src.pymortests.vectorarray" file="src/pymortests/vectorarray.py" line="627" name="test_l1_norm[0-&lt;lambda&gt;26]" time="0.9287943840026855"></testcase><testcase classname="src.pymortests.vectorarray" file="src/pymortests/vectorarray.py" line="627" name="test_l1_norm[1-&lt;lambda&gt;0]" time="0.006987333297729492"></testcase><testcase classname="src.pymortests.vectorarray" file="src/pymortests/vectorarray.py" line="627" name="test_l1_norm[1-&lt;lambda&gt;1]" time="0.005694389343261719"></testcase><testcase classname="src.pymortests.vectorarray" file="src/pymortests/vectorarray.py" line="627" name="test_l1_norm[1-&lt;lambda&gt;2]" time="0.0067059993743896484"></testcase><testcase classname="src.pymortests.vectorarray" file="src/pymortests/vectorarray.py" line="627" name="test_l1_norm[1-&lt;lambda&gt;3]" time="0.00739741325378418"></testcase><testcase classname="src.pymortests.vectorarray" file="src/pymortests/vectorarray.py" line="627" name="test_l1_norm[1-&lt;lambda&gt;4]" time="0.007824420928955078"></testcase><testcase classname="src.pymortests.vectorarray" file="src/pymortests/vectorarray.py" line="627" name="test_l1_norm[1-&lt;lambda&gt;5]" time="0.004790306091308594"></testcase><testcase classname="src.pymortests.vectorarray" file="src/pymortests/vectorarray.py" line="627" name="test_l1_norm[1-&lt;lambda&gt;6]" time="0.004645586013793945"></testcase><testcase classname="src.pymortests.vectorarray" file="src/pymortests/vectorarray.py" line="627" name="test_l1_norm[1-&lt;lambda&gt;7]" time="0.007194042205810547"></testcase><testcase classname="src.pymortests.vectorarray" file="src/pymortests/vectorarray.py" line="627" name="test_l1_norm[1-&lt;lambda&gt;8]" time="0.02786397933959961"></testcase><testcase classname="src.pymortests.vectorarray" file="src/pymortests/vectorarray.py" line="627" name="test_l1_norm[1-&lt;lambda&gt;9]" time="0.050161123275756836"></testcase><testcase classname="src.pymortests.vectorarray" file="src/pymortests/vectorarray.py" line="627" name="test_l1_norm[1-&lt;lambda&gt;10]" time="0.009476900100708008"></testcase><testcase classname="src.pymortests.vectorarray" file="src/pymortests/vectorarray.py" line="627" name="test_l1_norm[1-&lt;lambda&gt;11]" time="0.010045289993286133"></testcase><testcase classname="src.pymortests.vectorarray" file="src/pymortests/vectorarray.py" line="627" name="test_l1_norm[1-&lt;lambda&gt;12]" time="0.009837627410888672"></testcase><testcase classname="src.pymortests.vectorarray" file="src/pymortests/vectorarray.py" line="627" name="test_l1_norm[1-&lt;lambda&gt;13]" time="0.00789642333984375"></testcase><testcase classname="src.pymortests.vectorarray" file="src/pymortests/vectorarray.py" line="627" name="test_l1_norm[1-&lt;lambda&gt;14]" time="0.009913444519042969"></testcase><testcase classname="src.pymortests.vectorarray" file="src/pymortests/vectorarray.py" line="627" name="test_l1_norm[1-&lt;lambda&gt;15]" time="0.013949394226074219"></testcase><testcase classname="src.pymortests.vectorarray" file="src/pymortests/vectorarray.py" line="627" name="test_l1_norm[1-&lt;lambda&gt;16]" time="0.01643657684326172"></testcase><testcase classname="src.pymortests.vectorarray" file="src/pymortests/vectorarray.py" line="627" name="test_l1_norm[1-&lt;lambda&gt;17]" time="0.010986566543579102"></testcase><testcase classname="src.pymortests.vectorarray" file="src/pymortests/vectorarray.py" line="627" name="test_l1_norm[1-&lt;lambda&gt;18]" time="0.010994911193847656"></testcase><testcase classname="src.pymortests.vectorarray" file="src/pymortests/vectorarray.py" line="627" name="test_l1_norm[1-&lt;lambda&gt;19]" time="0.01843714714050293"></testcase><testcase classname="src.pymortests.vectorarray" file="src/pymortests/vectorarray.py" line="627" name="test_l1_norm[1-&lt;lambda&gt;20]" time="0.04824948310852051"></testcase><testcase classname="src.pymortests.vectorarray" file="src/pymortests/vectorarray.py" line="627" name="test_l1_norm[1-&lt;lambda&gt;21]" time="0.10152959823608398"></testcase><testcase classname="src.pymortests.vectorarray" file="src/pymortests/vectorarray.py" line="627" name="test_l1_norm[1-&lt;lambda&gt;22]" time="0.005774497985839844"></testcase><testcase classname="src.pymortests.vectorarray" file="src/pymortests/vectorarray.py" line="627" name="test_l1_norm[1-&lt;lambda&gt;23]" time="0.004831790924072266"></testcase><testcase classname="src.pymortests.vectorarray" file="src/pymortests/vectorarray.py" line="627" name="test_l1_norm[1-&lt;lambda&gt;24]" time="0.020849943161010742"></testcase><testcase classname="src.pymortests.vectorarray" file="src/pymortests/vectorarray.py" line="627" name="test_l1_norm[1-&lt;lambda&gt;25]" time="0.42273402214050293"></testcase><testcase classname="src.pymortests.vectorarray" file="src/pymortests/vectorarray.py" line="627" name="test_l1_norm[1-&lt;lambda&gt;26]" time="0.9765090942382812"></testcase><testcase classname="src.pymortests.vectorarray" file="src/pymortests/vectorarray.py" line="627" name="test_l1_norm[2-&lt;lambda&gt;0]" time="0.006402254104614258"></testcase><testcase classname="src.pymortests.vectorarray" file="src/pymortests/vectorarray.py" line="627" name="test_l1_norm[2-&lt;lambda&gt;1]" time="0.005450725555419922"></testcase><testcase classname="src.pymortests.vectorarray" file="src/pymortests/vectorarray.py" line="627" name="test_l1_norm[2-&lt;lambda&gt;2]" time="0.006396770477294922"></testcase><testcase classname="src.pymortests.vectorarray" file="src/pymortests/vectorarray.py" line="627" name="test_l1_norm[2-&lt;lambda&gt;3]" time="0.007384300231933594"></testcase><testcase classname="src.pymortests.vectorarray" file="src/pymortests/vectorarray.py" line="627" name="test_l1_norm[2-&lt;lambda&gt;4]" time="0.008951187133789062"></testcase><testcase classname="src.pymortests.vectorarray" file="src/pymortests/vectorarray.py" line="627" name="test_l1_norm[2-&lt;lambda&gt;5]" time="0.00457310676574707"></testcase><testcase classname="src.pymortests.vectorarray" file="src/pymortests/vectorarray.py" line="627" name="test_l1_norm[2-&lt;lambda&gt;6]" time="0.004388332366943359"></testcase><testcase classname="src.pymortests.vectorarray" file="src/pymortests/vectorarray.py" line="627" name="test_l1_norm[2-&lt;lambda&gt;7]" time="0.00716710090637207"></testcase><testcase classname="src.pymortests.vectorarray" file="src/pymortests/vectorarray.py" line="627" name="test_l1_norm[2-&lt;lambda&gt;8]" time="0.02655649185180664"></testcase><testcase classname="src.pymortests.vectorarray" file="src/pymortests/vectorarray.py" line="627" name="test_l1_norm[2-&lt;lambda&gt;9]" time="0.049402475357055664"></testcase><testcase classname="src.pymortests.vectorarray" file="src/pymortests/vectorarray.py" line="627" name="test_l1_norm[2-&lt;lambda&gt;10]" time="0.00930643081665039"></testcase><testcase classname="src.pymortests.vectorarray" file="src/pymortests/vectorarray.py" line="627" name="test_l1_norm[2-&lt;lambda&gt;11]" time="0.011077642440795898"></testcase><testcase classname="src.pymortests.vectorarray" file="src/pymortests/vectorarray.py" line="627" name="test_l1_norm[2-&lt;lambda&gt;12]" time="0.00986170768737793"></testcase><testcase classname="src.pymortests.vectorarray" file="src/pymortests/vectorarray.py" line="627" name="test_l1_norm[2-&lt;lambda&gt;13]" time="0.008474588394165039"></testcase><testcase classname="src.pymortests.vectorarray" file="src/pymortests/vectorarray.py" line="627" name="test_l1_norm[2-&lt;lambda&gt;14]" time="0.010264158248901367"></testcase><testcase classname="src.pymortests.vectorarray" file="src/pymortests/vectorarray.py" line="627" name="test_l1_norm[2-&lt;lambda&gt;15]" time="0.015057563781738281"></testcase><testcase classname="src.pymortests.vectorarray" file="src/pymortests/vectorarray.py" line="627" name="test_l1_norm[2-&lt;lambda&gt;16]" time="0.01788163185119629"></testcase><testcase classname="src.pymortests.vectorarray" file="src/pymortests/vectorarray.py" line="627" name="test_l1_norm[2-&lt;lambda&gt;17]" time="0.011234283447265625"></testcase><testcase classname="src.pymortests.vectorarray" file="src/pymortests/vectorarray.py" line="627" name="test_l1_norm[2-&lt;lambda&gt;18]" time="0.011169910430908203"></testcase><testcase classname="src.pymortests.vectorarray" file="src/pymortests/vectorarray.py" line="627" name="test_l1_norm[2-&lt;lambda&gt;19]" time="0.018114566802978516"></testcase><testcase classname="src.pymortests.vectorarray" file="src/pymortests/vectorarray.py" line="627" name="test_l1_norm[2-&lt;lambda&gt;20]" time="0.04771590232849121"></testcase><testcase classname="src.pymortests.vectorarray" file="src/pymortests/vectorarray.py" line="627" name="test_l1_norm[2-&lt;lambda&gt;21]" time="0.09689021110534668"></testcase><testcase classname="src.pymortests.vectorarray" file="src/pymortests/vectorarray.py" line="627" name="test_l1_norm[2-&lt;lambda&gt;22]" time="0.005833148956298828"></testcase><testcase classname="src.pymortests.vectorarray" file="src/pymortests/vectorarray.py" line="627" name="test_l1_norm[2-&lt;lambda&gt;23]" time="0.0050928592681884766"></testcase><testcase classname="src.pymortests.vectorarray" file="src/pymortests/vectorarray.py" line="627" name="test_l1_norm[2-&lt;lambda&gt;24]" time="0.020840167999267578"></testcase><testcase classname="src.pymortests.vectorarray" file="src/pymortests/vectorarray.py" line="627" name="test_l1_norm[2-&lt;lambda&gt;25]" time="0.4220728874206543"></testcase><testcase classname="src.pymortests.vectorarray" file="src/pymortests/vectorarray.py" line="627" name="test_l1_norm[2-&lt;lambda&gt;26]" time="0.9762973785400391"></testcase><testcase classname="src.pymortests.vectorarray" file="src/pymortests/vectorarray.py" line="649" name="test_l2_norm[0-&lt;lambda&gt;0]" time="0.006476640701293945"></testcase><testcase classname="src.pymortests.vectorarray" file="src/pymortests/vectorarray.py" line="649" name="test_l2_norm[0-&lt;lambda&gt;1]" time="0.0055773258209228516"></testcase><testcase classname="src.pymortests.vectorarray" file="src/pymortests/vectorarray.py" line="649" name="test_l2_norm[0-&lt;lambda&gt;2]" time="0.006545305252075195"></testcase><testcase classname="src.pymortests.vectorarray" file="src/pymortests/vectorarray.py" line="649" name="test_l2_norm[0-&lt;lambda&gt;3]" time="0.0074918270111083984"></testcase><testcase classname="src.pymortests.vectorarray" file="src/pymortests/vectorarray.py" line="649" name="test_l2_norm[0-&lt;lambda&gt;4]" time="0.007903575897216797"></testcase><testcase classname="src.pymortests.vectorarray" file="src/pymortests/vectorarray.py" line="649" name="test_l2_norm[0-&lt;lambda&gt;5]" time="0.0045969486236572266"></testcase><testcase classname="src.pymortests.vectorarray" file="src/pymortests/vectorarray.py" line="649" name="test_l2_norm[0-&lt;lambda&gt;6]" time="0.004599094390869141"></testcase><testcase classname="src.pymortests.vectorarray" file="src/pymortests/vectorarray.py" line="649" name="test_l2_norm[0-&lt;lambda&gt;7]" time="0.007476329803466797"></testcase><testcase classname="src.pymortests.vectorarray" file="src/pymortests/vectorarray.py" line="649" name="test_l2_norm[0-&lt;lambda&gt;8]" time="0.025922536849975586"></testcase><testcase classname="src.pymortests.vectorarray" file="src/pymortests/vectorarray.py" line="649" name="test_l2_norm[0-&lt;lambda&gt;9]" time="0.04896998405456543"></testcase><testcase classname="src.pymortests.vectorarray" file="src/pymortests/vectorarray.py" line="649" name="test_l2_norm[0-&lt;lambda&gt;10]" time="0.009158611297607422"></testcase><testcase classname="src.pymortests.vectorarray" file="src/pymortests/vectorarray.py" line="649" name="test_l2_norm[0-&lt;lambda&gt;11]" time="0.010837554931640625"></testcase><testcase classname="src.pymortests.vectorarray" file="src/pymortests/vectorarray.py" line="649" name="test_l2_norm[0-&lt;lambda&gt;12]" time="0.011085748672485352"></testcase><testcase classname="src.pymortests.vectorarray" file="src/pymortests/vectorarray.py" line="649" name="test_l2_norm[0-&lt;lambda&gt;13]" time="0.009004592895507812"></testcase><testcase classname="src.pymortests.vectorarray" file="src/pymortests/vectorarray.py" line="649" name="test_l2_norm[0-&lt;lambda&gt;14]" time="0.010878324508666992"></testcase><testcase classname="src.pymortests.vectorarray" file="src/pymortests/vectorarray.py" line="649" name="test_l2_norm[0-&lt;lambda&gt;15]" time="0.013814210891723633"></testcase><testcase classname="src.pymortests.vectorarray" file="src/pymortests/vectorarray.py" line="649" name="test_l2_norm[0-&lt;lambda&gt;16]" time="0.016092538833618164"></testcase><testcase classname="src.pymortests.vectorarray" file="src/pymortests/vectorarray.py" line="649" name="test_l2_norm[0-&lt;lambda&gt;17]" time="0.011167287826538086"></testcase><testcase classname="src.pymortests.vectorarray" file="src/pymortests/vectorarray.py" line="649" name="test_l2_norm[0-&lt;lambda&gt;18]" time="0.009827613830566406"></testcase><testcase classname="src.pymortests.vectorarray" file="src/pymortests/vectorarray.py" line="649" name="test_l2_norm[0-&lt;lambda&gt;19]" time="0.02011561393737793"></testcase><testcase classname="src.pymortests.vectorarray" file="src/pymortests/vectorarray.py" line="649" name="test_l2_norm[0-&lt;lambda&gt;20]" time="0.05061626434326172"></testcase><testcase classname="src.pymortests.vectorarray" file="src/pymortests/vectorarray.py" line="649" name="test_l2_norm[0-&lt;lambda&gt;21]" time="0.10527348518371582"></testcase><testcase classname="src.pymortests.vectorarray" file="src/pymortests/vectorarray.py" line="649" name="test_l2_norm[0-&lt;lambda&gt;22]" time="0.005856513977050781"></testcase><testcase classname="src.pymortests.vectorarray" file="src/pymortests/vectorarray.py" line="649" name="test_l2_norm[0-&lt;lambda&gt;23]" time="0.00472569465637207"></testcase><testcase classname="src.pymortests.vectorarray" file="src/pymortests/vectorarray.py" line="649" name="test_l2_norm[0-&lt;lambda&gt;24]" time="0.01712965965270996"></testcase><testcase classname="src.pymortests.vectorarray" file="src/pymortests/vectorarray.py" line="649" name="test_l2_norm[0-&lt;lambda&gt;25]" time="0.37453532218933105"></testcase><testcase classname="src.pymortests.vectorarray" file="src/pymortests/vectorarray.py" line="649" name="test_l2_norm[0-&lt;lambda&gt;26]" time="0.8708972930908203"></testcase><testcase classname="src.pymortests.vectorarray" file="src/pymortests/vectorarray.py" line="649" name="test_l2_norm[1-&lt;lambda&gt;0]" time="0.006694793701171875"></testcase><testcase classname="src.pymortests.vectorarray" file="src/pymortests/vectorarray.py" line="649" name="test_l2_norm[1-&lt;lambda&gt;1]" time="0.005570888519287109"></testcase><testcase classname="src.pymortests.vectorarray" file="src/pymortests/vectorarray.py" line="649" name="test_l2_norm[1-&lt;lambda&gt;2]" time="0.006528615951538086"></testcase><testcase classname="src.pymortests.vectorarray" file="src/pymortests/vectorarray.py" line="649" name="test_l2_norm[1-&lt;lambda&gt;3]" time="0.007585763931274414"></testcase><testcase classname="src.pymortests.vectorarray" file="src/pymortests/vectorarray.py" line="649" name="test_l2_norm[1-&lt;lambda&gt;4]" time="0.007878541946411133"></testcase><testcase classname="src.pymortests.vectorarray" file="src/pymortests/vectorarray.py" line="649" name="test_l2_norm[1-&lt;lambda&gt;5]" time="0.0046575069427490234"></testcase><testcase classname="src.pymortests.vectorarray" file="src/pymortests/vectorarray.py" line="649" name="test_l2_norm[1-&lt;lambda&gt;6]" time="0.0062487125396728516"></testcase><testcase classname="src.pymortests.vectorarray" file="src/pymortests/vectorarray.py" line="649" name="test_l2_norm[1-&lt;lambda&gt;7]" time="0.007325410842895508"></testcase><testcase classname="src.pymortests.vectorarray" file="src/pymortests/vectorarray.py" line="649" name="test_l2_norm[1-&lt;lambda&gt;8]" time="0.0262906551361084"></testcase><testcase classname="src.pymortests.vectorarray" file="src/pymortests/vectorarray.py" line="649" name="test_l2_norm[1-&lt;lambda&gt;9]" time="0.04859638214111328"></testcase><testcase classname="src.pymortests.vectorarray" file="src/pymortests/vectorarray.py" line="649" name="test_l2_norm[1-&lt;lambda&gt;10]" time="0.009291648864746094"></testcase><testcase classname="src.pymortests.vectorarray" file="src/pymortests/vectorarray.py" line="649" name="test_l2_norm[1-&lt;lambda&gt;11]" time="0.01100611686706543"></testcase><testcase classname="src.pymortests.vectorarray" file="src/pymortests/vectorarray.py" line="649" name="test_l2_norm[1-&lt;lambda&gt;12]" time="0.009574174880981445"></testcase><testcase classname="src.pymortests.vectorarray" file="src/pymortests/vectorarray.py" line="649" name="test_l2_norm[1-&lt;lambda&gt;13]" time="0.007860660552978516"></testcase><testcase classname="src.pymortests.vectorarray" file="src/pymortests/vectorarray.py" line="649" name="test_l2_norm[1-&lt;lambda&gt;14]" time="0.010103940963745117"></testcase><testcase classname="src.pymortests.vectorarray" file="src/pymortests/vectorarray.py" line="649" name="test_l2_norm[1-&lt;lambda&gt;15]" time="0.013775825500488281"></testcase><testcase classname="src.pymortests.vectorarray" file="src/pymortests/vectorarray.py" line="649" name="test_l2_norm[1-&lt;lambda&gt;16]" time="0.016338109970092773"></testcase><testcase classname="src.pymortests.vectorarray" file="src/pymortests/vectorarray.py" line="649" name="test_l2_norm[1-&lt;lambda&gt;17]" time="0.011180639266967773"></testcase><testcase classname="src.pymortests.vectorarray" file="src/pymortests/vectorarray.py" line="649" name="test_l2_norm[1-&lt;lambda&gt;18]" time="0.011138677597045898"></testcase><testcase classname="src.pymortests.vectorarray" file="src/pymortests/vectorarray.py" line="649" name="test_l2_norm[1-&lt;lambda&gt;19]" time="0.021770477294921875"></testcase><testcase classname="src.pymortests.vectorarray" file="src/pymortests/vectorarray.py" line="649" name="test_l2_norm[1-&lt;lambda&gt;20]" time="0.05045485496520996"></testcase><testcase classname="src.pymortests.vectorarray" file="src/pymortests/vectorarray.py" line="649" name="test_l2_norm[1-&lt;lambda&gt;21]" time="0.11025047302246094"></testcase><testcase classname="src.pymortests.vectorarray" file="src/pymortests/vectorarray.py" line="649" name="test_l2_norm[1-&lt;lambda&gt;22]" time="0.005583047866821289"></testcase><testcase classname="src.pymortests.vectorarray" file="src/pymortests/vectorarray.py" line="649" name="test_l2_norm[1-&lt;lambda&gt;23]" time="0.004800558090209961"></testcase><testcase classname="src.pymortests.vectorarray" file="src/pymortests/vectorarray.py" line="649" name="test_l2_norm[1-&lt;lambda&gt;24]" time="0.017558574676513672"></testcase><testcase classname="src.pymortests.vectorarray" file="src/pymortests/vectorarray.py" line="649" name="test_l2_norm[1-&lt;lambda&gt;25]" time="0.3952803611755371"></testcase><testcase classname="src.pymortests.vectorarray" file="src/pymortests/vectorarray.py" line="649" name="test_l2_norm[1-&lt;lambda&gt;26]" time="0.9101853370666504"></testcase><testcase classname="src.pymortests.vectorarray" file="src/pymortests/vectorarray.py" line="649" name="test_l2_norm[2-&lt;lambda&gt;0]" time="0.006283760070800781"></testcase><testcase classname="src.pymortests.vectorarray" file="src/pymortests/vectorarray.py" line="649" name="test_l2_norm[2-&lt;lambda&gt;1]" time="0.005521059036254883"></testcase><testcase classname="src.pymortests.vectorarray" file="src/pymortests/vectorarray.py" line="649" name="test_l2_norm[2-&lt;lambda&gt;2]" time="0.006746768951416016"></testcase><testcase classname="src.pymortests.vectorarray" file="src/pymortests/vectorarray.py" line="649" name="test_l2_norm[2-&lt;lambda&gt;3]" time="0.008024930953979492"></testcase><testcase classname="src.pymortests.vectorarray" file="src/pymortests/vectorarray.py" line="649" name="test_l2_norm[2-&lt;lambda&gt;4]" time="0.007780551910400391"></testcase><testcase classname="src.pymortests.vectorarray" file="src/pymortests/vectorarray.py" line="649" name="test_l2_norm[2-&lt;lambda&gt;5]" time="0.004607200622558594"></testcase><testcase classname="src.pymortests.vectorarray" file="src/pymortests/vectorarray.py" line="649" name="test_l2_norm[2-&lt;lambda&gt;6]" time="0.004473686218261719"></testcase><testcase classname="src.pymortests.vectorarray" file="src/pymortests/vectorarray.py" line="649" name="test_l2_norm[2-&lt;lambda&gt;7]" time="0.007019996643066406"></testcase><testcase classname="src.pymortests.vectorarray" file="src/pymortests/vectorarray.py" line="649" name="test_l2_norm[2-&lt;lambda&gt;8]" time="0.026105880737304688"></testcase><testcase classname="src.pymortests.vectorarray" file="src/pymortests/vectorarray.py" line="649" name="test_l2_norm[2-&lt;lambda&gt;9]" time="0.04866528511047363"></testcase><testcase classname="src.pymortests.vectorarray" file="src/pymortests/vectorarray.py" line="649" name="test_l2_norm[2-&lt;lambda&gt;10]" time="0.009113073348999023"></testcase><testcase classname="src.pymortests.vectorarray" file="src/pymortests/vectorarray.py" line="649" name="test_l2_norm[2-&lt;lambda&gt;11]" time="0.011123180389404297"></testcase><testcase classname="src.pymortests.vectorarray" file="src/pymortests/vectorarray.py" line="649" name="test_l2_norm[2-&lt;lambda&gt;12]" time="0.01092219352722168"></testcase><testcase classname="src.pymortests.vectorarray" file="src/pymortests/vectorarray.py" line="649" name="test_l2_norm[2-&lt;lambda&gt;13]" time="0.009088277816772461"></testcase><testcase classname="src.pymortests.vectorarray" file="src/pymortests/vectorarray.py" line="649" name="test_l2_norm[2-&lt;lambda&gt;14]" time="0.011217355728149414"></testcase><testcase classname="src.pymortests.vectorarray" file="src/pymortests/vectorarray.py" line="649" name="test_l2_norm[2-&lt;lambda&gt;15]" time="0.015070915222167969"></testcase><testcase classname="src.pymortests.vectorarray" file="src/pymortests/vectorarray.py" line="649" name="test_l2_norm[2-&lt;lambda&gt;16]" time="0.01620626449584961"></testcase><testcase classname="src.pymortests.vectorarray" file="src/pymortests/vectorarray.py" line="649" name="test_l2_norm[2-&lt;lambda&gt;17]" time="0.011383771896362305"></testcase><testcase classname="src.pymortests.vectorarray" file="src/pymortests/vectorarray.py" line="649" name="test_l2_norm[2-&lt;lambda&gt;18]" time="0.011033058166503906"></testcase><testcase classname="src.pymortests.vectorarray" file="src/pymortests/vectorarray.py" line="649" name="test_l2_norm[2-&lt;lambda&gt;19]" time="0.02068185806274414"></testcase><testcase classname="src.pymortests.vectorarray" file="src/pymortests/vectorarray.py" line="649" name="test_l2_norm[2-&lt;lambda&gt;20]" time="0.04981541633605957"></testcase><testcase classname="src.pymortests.vectorarray" file="src/pymortests/vectorarray.py" line="649" name="test_l2_norm[2-&lt;lambda&gt;21]" time="0.10360431671142578"></testcase><testcase classname="src.pymortests.vectorarray" file="src/pymortests/vectorarray.py" line="649" name="test_l2_norm[2-&lt;lambda&gt;22]" time="0.005716085433959961"></testcase><testcase classname="src.pymortests.vectorarray" file="src/pymortests/vectorarray.py" line="649" name="test_l2_norm[2-&lt;lambda&gt;23]" time="0.0048542022705078125"></testcase><testcase classname="src.pymortests.vectorarray" file="src/pymortests/vectorarray.py" line="649" name="test_l2_norm[2-&lt;lambda&gt;24]" time="0.017746448516845703"></testcase><testcase classname="src.pymortests.vectorarray" file="src/pymortests/vectorarray.py" line="649" name="test_l2_norm[2-&lt;lambda&gt;25]" time="0.39261889457702637"></testcase><testcase classname="src.pymortests.vectorarray" file="src/pymortests/vectorarray.py" line="649" name="test_l2_norm[2-&lt;lambda&gt;26]" time="0.9120688438415527"></testcase><testcase classname="src.pymortests.vectorarray" file="src/pymortests/vectorarray.py" line="671" name="test_l2_norm2[0-&lt;lambda&gt;0]" time="0.0060727596282958984"></testcase><testcase classname="src.pymortests.vectorarray" file="src/pymortests/vectorarray.py" line="671" name="test_l2_norm2[0-&lt;lambda&gt;1]" time="0.005223274230957031"></testcase><testcase classname="src.pymortests.vectorarray" file="src/pymortests/vectorarray.py" line="671" name="test_l2_norm2[0-&lt;lambda&gt;2]" time="0.0062754154205322266"></testcase><testcase classname="src.pymortests.vectorarray" file="src/pymortests/vectorarray.py" line="671" name="test_l2_norm2[0-&lt;lambda&gt;3]" time="0.007322549819946289"></testcase><testcase classname="src.pymortests.vectorarray" file="src/pymortests/vectorarray.py" line="671" name="test_l2_norm2[0-&lt;lambda&gt;4]" time="0.007546663284301758"></testcase><testcase classname="src.pymortests.vectorarray" file="src/pymortests/vectorarray.py" line="671" name="test_l2_norm2[0-&lt;lambda&gt;5]" time="0.004555463790893555"></testcase><testcase classname="src.pymortests.vectorarray" file="src/pymortests/vectorarray.py" line="671" name="test_l2_norm2[0-&lt;lambda&gt;6]" time="0.0044574737548828125"></testcase><testcase classname="src.pymortests.vectorarray" file="src/pymortests/vectorarray.py" line="671" name="test_l2_norm2[0-&lt;lambda&gt;7]" time="0.0070819854736328125"></testcase><testcase classname="src.pymortests.vectorarray" file="src/pymortests/vectorarray.py" line="671" name="test_l2_norm2[0-&lt;lambda&gt;8]" time="0.026834726333618164"></testcase><testcase classname="src.pymortests.vectorarray" file="src/pymortests/vectorarray.py" line="671" name="test_l2_norm2[0-&lt;lambda&gt;9]" time="0.0499269962310791"></testcase><testcase classname="src.pymortests.vectorarray" file="src/pymortests/vectorarray.py" line="671" name="test_l2_norm2[0-&lt;lambda&gt;10]" time="0.00897359848022461"></testcase><testcase classname="src.pymortests.vectorarray" file="src/pymortests/vectorarray.py" line="671" name="test_l2_norm2[0-&lt;lambda&gt;11]" time="0.009577035903930664"></testcase><testcase classname="src.pymortests.vectorarray" file="src/pymortests/vectorarray.py" line="671" name="test_l2_norm2[0-&lt;lambda&gt;12]" time="0.009364843368530273"></testcase><testcase classname="src.pymortests.vectorarray" file="src/pymortests/vectorarray.py" line="671" name="test_l2_norm2[0-&lt;lambda&gt;13]" time="0.007606983184814453"></testcase><testcase classname="src.pymortests.vectorarray" file="src/pymortests/vectorarray.py" line="671" name="test_l2_norm2[0-&lt;lambda&gt;14]" time="0.009674072265625"></testcase><testcase classname="src.pymortests.vectorarray" file="src/pymortests/vectorarray.py" line="671" name="test_l2_norm2[0-&lt;lambda&gt;15]" time="0.013976812362670898"></testcase><testcase classname="src.pymortests.vectorarray" file="src/pymortests/vectorarray.py" line="671" name="test_l2_norm2[0-&lt;lambda&gt;16]" time="0.016054868698120117"></testcase><testcase classname="src.pymortests.vectorarray" file="src/pymortests/vectorarray.py" line="671" name="test_l2_norm2[0-&lt;lambda&gt;17]" time="0.011028051376342773"></testcase><testcase classname="src.pymortests.vectorarray" file="src/pymortests/vectorarray.py" line="671" name="test_l2_norm2[0-&lt;lambda&gt;18]" time="0.009933233261108398"></testcase><testcase classname="src.pymortests.vectorarray" file="src/pymortests/vectorarray.py" line="671" name="test_l2_norm2[0-&lt;lambda&gt;19]" time="0.020222187042236328"></testcase><testcase classname="src.pymortests.vectorarray" file="src/pymortests/vectorarray.py" line="671" name="test_l2_norm2[0-&lt;lambda&gt;20]" time="0.05044960975646973"></testcase><testcase classname="src.pymortests.vectorarray" file="src/pymortests/vectorarray.py" line="671" name="test_l2_norm2[0-&lt;lambda&gt;21]" time="0.10566139221191406"></testcase><testcase classname="src.pymortests.vectorarray" file="src/pymortests/vectorarray.py" line="671" name="test_l2_norm2[0-&lt;lambda&gt;22]" time="0.0057108402252197266"></testcase><testcase classname="src.pymortests.vectorarray" file="src/pymortests/vectorarray.py" line="671" name="test_l2_norm2[0-&lt;lambda&gt;23]" time="0.004683494567871094"></testcase><testcase classname="src.pymortests.vectorarray" file="src/pymortests/vectorarray.py" line="671" name="test_l2_norm2[0-&lt;lambda&gt;24]" time="0.018998146057128906"></testcase><testcase classname="src.pymortests.vectorarray" file="src/pymortests/vectorarray.py" line="671" name="test_l2_norm2[0-&lt;lambda&gt;25]" time="0.3700423240661621"></testcase><testcase classname="src.pymortests.vectorarray" file="src/pymortests/vectorarray.py" line="671" name="test_l2_norm2[0-&lt;lambda&gt;26]" time="0.8716592788696289"></testcase><testcase classname="src.pymortests.vectorarray" file="src/pymortests/vectorarray.py" line="671" name="test_l2_norm2[1-&lt;lambda&gt;0]" time="0.006244182586669922"></testcase><testcase classname="src.pymortests.vectorarray" file="src/pymortests/vectorarray.py" line="671" name="test_l2_norm2[1-&lt;lambda&gt;1]" time="0.005211830139160156"></testcase><testcase classname="src.pymortests.vectorarray" file="src/pymortests/vectorarray.py" line="671" name="test_l2_norm2[1-&lt;lambda&gt;2]" time="0.0063130855560302734"></testcase><testcase classname="src.pymortests.vectorarray" file="src/pymortests/vectorarray.py" line="671" name="test_l2_norm2[1-&lt;lambda&gt;3]" time="0.007241725921630859"></testcase><testcase classname="src.pymortests.vectorarray" file="src/pymortests/vectorarray.py" line="671" name="test_l2_norm2[1-&lt;lambda&gt;4]" time="0.007485389709472656"></testcase><testcase classname="src.pymortests.vectorarray" file="src/pymortests/vectorarray.py" line="671" name="test_l2_norm2[1-&lt;lambda&gt;5]" time="0.004593372344970703"></testcase><testcase classname="src.pymortests.vectorarray" file="src/pymortests/vectorarray.py" line="671" name="test_l2_norm2[1-&lt;lambda&gt;6]" time="0.004519939422607422"></testcase><testcase classname="src.pymortests.vectorarray" file="src/pymortests/vectorarray.py" line="671" name="test_l2_norm2[1-&lt;lambda&gt;7]" time="0.0071260929107666016"></testcase><testcase classname="src.pymortests.vectorarray" file="src/pymortests/vectorarray.py" line="671" name="test_l2_norm2[1-&lt;lambda&gt;8]" time="0.027266263961791992"></testcase><testcase classname="src.pymortests.vectorarray" file="src/pymortests/vectorarray.py" line="671" name="test_l2_norm2[1-&lt;lambda&gt;9]" time="0.050678253173828125"></testcase><testcase classname="src.pymortests.vectorarray" file="src/pymortests/vectorarray.py" line="671" name="test_l2_norm2[1-&lt;lambda&gt;10]" time="0.008814096450805664"></testcase><testcase classname="src.pymortests.vectorarray" file="src/pymortests/vectorarray.py" line="671" name="test_l2_norm2[1-&lt;lambda&gt;11]" time="0.009712457656860352"></testcase><testcase classname="src.pymortests.vectorarray" file="src/pymortests/vectorarray.py" line="671" name="test_l2_norm2[1-&lt;lambda&gt;12]" time="0.009413480758666992"></testcase><testcase classname="src.pymortests.vectorarray" file="src/pymortests/vectorarray.py" line="671" name="test_l2_norm2[1-&lt;lambda&gt;13]" time="0.007806539535522461"></testcase><testcase classname="src.pymortests.vectorarray" file="src/pymortests/vectorarray.py" line="671" name="test_l2_norm2[1-&lt;lambda&gt;14]" time="0.010583162307739258"></testcase><testcase classname="src.pymortests.vectorarray" file="src/pymortests/vectorarray.py" line="671" name="test_l2_norm2[1-&lt;lambda&gt;15]" time="0.013686895370483398"></testcase><testcase classname="src.pymortests.vectorarray" file="src/pymortests/vectorarray.py" line="671" name="test_l2_norm2[1-&lt;lambda&gt;16]" time="0.016394853591918945"></testcase><testcase classname="src.pymortests.vectorarray" file="src/pymortests/vectorarray.py" line="671" name="test_l2_norm2[1-&lt;lambda&gt;17]" time="0.011147737503051758"></testcase><testcase classname="src.pymortests.vectorarray" file="src/pymortests/vectorarray.py" line="671" name="test_l2_norm2[1-&lt;lambda&gt;18]" time="0.009999513626098633"></testcase><testcase classname="src.pymortests.vectorarray" file="src/pymortests/vectorarray.py" line="671" name="test_l2_norm2[1-&lt;lambda&gt;19]" time="0.020495891571044922"></testcase><testcase classname="src.pymortests.vectorarray" file="src/pymortests/vectorarray.py" line="671" name="test_l2_norm2[1-&lt;lambda&gt;20]" time="0.0518646240234375"></testcase><testcase classname="src.pymortests.vectorarray" file="src/pymortests/vectorarray.py" line="671" name="test_l2_norm2[1-&lt;lambda&gt;21]" time="0.10531163215637207"></testcase><testcase classname="src.pymortests.vectorarray" file="src/pymortests/vectorarray.py" line="671" name="test_l2_norm2[1-&lt;lambda&gt;22]" time="0.005640268325805664"></testcase><testcase classname="src.pymortests.vectorarray" file="src/pymortests/vectorarray.py" line="671" name="test_l2_norm2[1-&lt;lambda&gt;23]" time="0.0046274662017822266"></testcase><testcase classname="src.pymortests.vectorarray" file="src/pymortests/vectorarray.py" line="671" name="test_l2_norm2[1-&lt;lambda&gt;24]" time="0.01779770851135254"></testcase><testcase classname="src.pymortests.vectorarray" file="src/pymortests/vectorarray.py" line="671" name="test_l2_norm2[1-&lt;lambda&gt;25]" time="0.3965585231781006"></testcase><testcase classname="src.pymortests.vectorarray" file="src/pymortests/vectorarray.py" line="671" name="test_l2_norm2[1-&lt;lambda&gt;26]" time="0.936945915222168"></testcase><testcase classname="src.pymortests.vectorarray" file="src/pymortests/vectorarray.py" line="671" name="test_l2_norm2[2-&lt;lambda&gt;0]" time="0.006094217300415039"></testcase><testcase classname="src.pymortests.vectorarray" file="src/pymortests/vectorarray.py" line="671" name="test_l2_norm2[2-&lt;lambda&gt;1]" time="0.0051233768463134766"></testcase><testcase classname="src.pymortests.vectorarray" file="src/pymortests/vectorarray.py" line="671" name="test_l2_norm2[2-&lt;lambda&gt;2]" time="0.0062754154205322266"></testcase><testcase classname="src.pymortests.vectorarray" file="src/pymortests/vectorarray.py" line="671" name="test_l2_norm2[2-&lt;lambda&gt;3]" time="0.0071277618408203125"></testcase><testcase classname="src.pymortests.vectorarray" file="src/pymortests/vectorarray.py" line="671" name="test_l2_norm2[2-&lt;lambda&gt;4]" time="0.007287263870239258"></testcase><testcase classname="src.pymortests.vectorarray" file="src/pymortests/vectorarray.py" line="671" name="test_l2_norm2[2-&lt;lambda&gt;5]" time="0.004531383514404297"></testcase><testcase classname="src.pymortests.vectorarray" file="src/pymortests/vectorarray.py" line="671" name="test_l2_norm2[2-&lt;lambda&gt;6]" time="0.0044689178466796875"></testcase><testcase classname="src.pymortests.vectorarray" file="src/pymortests/vectorarray.py" line="671" name="test_l2_norm2[2-&lt;lambda&gt;7]" time="0.007451295852661133"></testcase><testcase classname="src.pymortests.vectorarray" file="src/pymortests/vectorarray.py" line="671" name="test_l2_norm2[2-&lt;lambda&gt;8]" time="0.026574134826660156"></testcase><testcase classname="src.pymortests.vectorarray" file="src/pymortests/vectorarray.py" line="671" name="test_l2_norm2[2-&lt;lambda&gt;9]" time="0.05041027069091797"></testcase><testcase classname="src.pymortests.vectorarray" file="src/pymortests/vectorarray.py" line="671" name="test_l2_norm2[2-&lt;lambda&gt;10]" time="0.009225130081176758"></testcase><testcase classname="src.pymortests.vectorarray" file="src/pymortests/vectorarray.py" line="671" name="test_l2_norm2[2-&lt;lambda&gt;11]" time="0.010713338851928711"></testcase><testcase classname="src.pymortests.vectorarray" file="src/pymortests/vectorarray.py" line="671" name="test_l2_norm2[2-&lt;lambda&gt;12]" time="0.009517908096313477"></testcase><testcase classname="src.pymortests.vectorarray" file="src/pymortests/vectorarray.py" line="671" name="test_l2_norm2[2-&lt;lambda&gt;13]" time="0.008070707321166992"></testcase><testcase classname="src.pymortests.vectorarray" file="src/pymortests/vectorarray.py" line="671" name="test_l2_norm2[2-&lt;lambda&gt;14]" time="0.01010274887084961"></testcase><testcase classname="src.pymortests.vectorarray" file="src/pymortests/vectorarray.py" line="671" name="test_l2_norm2[2-&lt;lambda&gt;15]" time="0.013519048690795898"></testcase><testcase classname="src.pymortests.vectorarray" file="src/pymortests/vectorarray.py" line="671" name="test_l2_norm2[2-&lt;lambda&gt;16]" time="0.01589512825012207"></testcase><testcase classname="src.pymortests.vectorarray" file="src/pymortests/vectorarray.py" line="671" name="test_l2_norm2[2-&lt;lambda&gt;17]" time="0.010931968688964844"></testcase><testcase classname="src.pymortests.vectorarray" file="src/pymortests/vectorarray.py" line="671" name="test_l2_norm2[2-&lt;lambda&gt;18]" time="0.009982109069824219"></testcase><testcase classname="src.pymortests.vectorarray" file="src/pymortests/vectorarray.py" line="671" name="test_l2_norm2[2-&lt;lambda&gt;19]" time="0.02036881446838379"></testcase><testcase classname="src.pymortests.vectorarray" file="src/pymortests/vectorarray.py" line="671" name="test_l2_norm2[2-&lt;lambda&gt;20]" time="0.05202746391296387"></testcase><testcase classname="src.pymortests.vectorarray" file="src/pymortests/vectorarray.py" line="671" name="test_l2_norm2[2-&lt;lambda&gt;21]" time="0.10647726058959961"></testcase><testcase classname="src.pymortests.vectorarray" file="src/pymortests/vectorarray.py" line="671" name="test_l2_norm2[2-&lt;lambda&gt;22]" time="0.005770206451416016"></testcase><testcase classname="src.pymortests.vectorarray" file="src/pymortests/vectorarray.py" line="671" name="test_l2_norm2[2-&lt;lambda&gt;23]" time="0.004798412322998047"></testcase><testcase classname="src.pymortests.vectorarray" file="src/pymortests/vectorarray.py" line="671" name="test_l2_norm2[2-&lt;lambda&gt;24]" time="0.019367218017578125"></testcase><testcase classname="src.pymortests.vectorarray" file="src/pymortests/vectorarray.py" line="671" name="test_l2_norm2[2-&lt;lambda&gt;25]" time="0.4008972644805908"></testcase><testcase classname="src.pymortests.vectorarray" file="src/pymortests/vectorarray.py" line="671" name="test_l2_norm2[2-&lt;lambda&gt;26]" time="0.9314937591552734"></testcase><testcase classname="src.pymortests.vectorarray" file="src/pymortests/vectorarray.py" line="693" name="test_sup_norm[0-&lt;lambda&gt;0]" time="0.0051441192626953125"></testcase><testcase classname="src.pymortests.vectorarray" file="src/pymortests/vectorarray.py" line="693" name="test_sup_norm[0-&lt;lambda&gt;1]" time="0.005553722381591797"></testcase><testcase classname="src.pymortests.vectorarray" file="src/pymortests/vectorarray.py" line="693" name="test_sup_norm[0-&lt;lambda&gt;2]" time="0.006819725036621094"></testcase><testcase classname="src.pymortests.vectorarray" file="src/pymortests/vectorarray.py" line="693" name="test_sup_norm[0-&lt;lambda&gt;3]" time="0.007679939270019531"></testcase><testcase classname="src.pymortests.vectorarray" file="src/pymortests/vectorarray.py" line="693" name="test_sup_norm[0-&lt;lambda&gt;4]" time="0.006101846694946289"></testcase><testcase classname="src.pymortests.vectorarray" file="src/pymortests/vectorarray.py" line="693" name="test_sup_norm[0-&lt;lambda&gt;5]" time="0.004088163375854492"></testcase><testcase classname="src.pymortests.vectorarray" file="src/pymortests/vectorarray.py" line="693" name="test_sup_norm[0-&lt;lambda&gt;6]" time="0.004624366760253906"></testcase><testcase classname="src.pymortests.vectorarray" file="src/pymortests/vectorarray.py" line="693" name="test_sup_norm[0-&lt;lambda&gt;7]" time="0.007028818130493164"></testcase><testcase classname="src.pymortests.vectorarray" file="src/pymortests/vectorarray.py" line="693" name="test_sup_norm[0-&lt;lambda&gt;8]" time="0.024305343627929688"></testcase><testcase classname="src.pymortests.vectorarray" file="src/pymortests/vectorarray.py" line="693" name="test_sup_norm[0-&lt;lambda&gt;9]" time="0.02606511116027832"></testcase><testcase classname="src.pymortests.vectorarray" file="src/pymortests/vectorarray.py" line="693" name="test_sup_norm[0-&lt;lambda&gt;10]" time="0.009467124938964844"></testcase><testcase classname="src.pymortests.vectorarray" file="src/pymortests/vectorarray.py" line="693" name="test_sup_norm[0-&lt;lambda&gt;11]" time="0.010983705520629883"></testcase><testcase classname="src.pymortests.vectorarray" file="src/pymortests/vectorarray.py" line="693" name="test_sup_norm[0-&lt;lambda&gt;12]" time="0.007752895355224609"></testcase><testcase classname="src.pymortests.vectorarray" file="src/pymortests/vectorarray.py" line="693" name="test_sup_norm[0-&lt;lambda&gt;13]" time="0.008212804794311523"></testcase><testcase classname="src.pymortests.vectorarray" file="src/pymortests/vectorarray.py" line="693" name="test_sup_norm[0-&lt;lambda&gt;14]" time="0.01033782958984375"></testcase><testcase classname="src.pymortests.vectorarray" file="src/pymortests/vectorarray.py" line="693" name="test_sup_norm[0-&lt;lambda&gt;15]" time="0.014276504516601562"></testcase><testcase classname="src.pymortests.vectorarray" file="src/pymortests/vectorarray.py" line="693" name="test_sup_norm[0-&lt;lambda&gt;16]" time="0.0169527530670166"></testcase><testcase classname="src.pymortests.vectorarray" file="src/pymortests/vectorarray.py" line="693" name="test_sup_norm[0-&lt;lambda&gt;17]" time="0.02191925048828125"></testcase><testcase classname="src.pymortests.vectorarray" file="src/pymortests/vectorarray.py" line="693" name="test_sup_norm[0-&lt;lambda&gt;18]" time="0.022269248962402344"></testcase><testcase classname="src.pymortests.vectorarray" file="src/pymortests/vectorarray.py" line="693" name="test_sup_norm[0-&lt;lambda&gt;19]" time="0.050057411193847656"></testcase><testcase classname="src.pymortests.vectorarray" file="src/pymortests/vectorarray.py" line="693" name="test_sup_norm[0-&lt;lambda&gt;20]" time="0.06046152114868164"></testcase><testcase classname="src.pymortests.vectorarray" file="src/pymortests/vectorarray.py" line="693" name="test_sup_norm[0-&lt;lambda&gt;21]" time="0.11541414260864258"></testcase><testcase classname="src.pymortests.vectorarray" file="src/pymortests/vectorarray.py" line="693" name="test_sup_norm[0-&lt;lambda&gt;22]" time="0.005631685256958008"></testcase><testcase classname="src.pymortests.vectorarray" file="src/pymortests/vectorarray.py" line="693" name="test_sup_norm[0-&lt;lambda&gt;23]" time="0.0053327083587646484"></testcase><testcase classname="src.pymortests.vectorarray" file="src/pymortests/vectorarray.py" line="693" name="test_sup_norm[0-&lt;lambda&gt;24]" time="0.022158384323120117"></testcase><testcase classname="src.pymortests.vectorarray" file="src/pymortests/vectorarray.py" line="693" name="test_sup_norm[0-&lt;lambda&gt;25]" time="0.4001328945159912"></testcase><testcase classname="src.pymortests.vectorarray" file="src/pymortests/vectorarray.py" line="693" name="test_sup_norm[0-&lt;lambda&gt;26]" time="0.8443396091461182"></testcase><testcase classname="src.pymortests.vectorarray" file="src/pymortests/vectorarray.py" line="693" name="test_sup_norm[1-&lt;lambda&gt;0]" time="0.005317211151123047"></testcase><testcase classname="src.pymortests.vectorarray" file="src/pymortests/vectorarray.py" line="693" name="test_sup_norm[1-&lt;lambda&gt;1]" time="0.0055332183837890625"></testcase><testcase classname="src.pymortests.vectorarray" file="src/pymortests/vectorarray.py" line="693" name="test_sup_norm[1-&lt;lambda&gt;2]" time="0.006653308868408203"></testcase><testcase classname="src.pymortests.vectorarray" file="src/pymortests/vectorarray.py" line="693" name="test_sup_norm[1-&lt;lambda&gt;3]" time="0.007551431655883789"></testcase><testcase classname="src.pymortests.vectorarray" file="src/pymortests/vectorarray.py" line="693" name="test_sup_norm[1-&lt;lambda&gt;4]" time="0.006083965301513672"></testcase><testcase classname="src.pymortests.vectorarray" file="src/pymortests/vectorarray.py" line="693" name="test_sup_norm[1-&lt;lambda&gt;5]" time="0.003965616226196289"></testcase><testcase classname="src.pymortests.vectorarray" file="src/pymortests/vectorarray.py" line="693" name="test_sup_norm[1-&lt;lambda&gt;6]" time="0.004502058029174805"></testcase><testcase classname="src.pymortests.vectorarray" file="src/pymortests/vectorarray.py" line="693" name="test_sup_norm[1-&lt;lambda&gt;7]" time="0.007172822952270508"></testcase><testcase classname="src.pymortests.vectorarray" file="src/pymortests/vectorarray.py" line="693" name="test_sup_norm[1-&lt;lambda&gt;8]" time="0.02309894561767578"></testcase><testcase classname="src.pymortests.vectorarray" file="src/pymortests/vectorarray.py" line="693" name="test_sup_norm[1-&lt;lambda&gt;9]" time="0.025994539260864258"></testcase><testcase classname="src.pymortests.vectorarray" file="src/pymortests/vectorarray.py" line="693" name="test_sup_norm[1-&lt;lambda&gt;10]" time="0.00986027717590332"></testcase><testcase classname="src.pymortests.vectorarray" file="src/pymortests/vectorarray.py" line="693" name="test_sup_norm[1-&lt;lambda&gt;11]" time="0.011024951934814453"></testcase><testcase classname="src.pymortests.vectorarray" file="src/pymortests/vectorarray.py" line="693" name="test_sup_norm[1-&lt;lambda&gt;12]" time="0.007661581039428711"></testcase><testcase classname="src.pymortests.vectorarray" file="src/pymortests/vectorarray.py" line="693" name="test_sup_norm[1-&lt;lambda&gt;13]" time="0.008104324340820312"></testcase><testcase classname="src.pymortests.vectorarray" file="src/pymortests/vectorarray.py" line="693" name="test_sup_norm[1-&lt;lambda&gt;14]" time="0.010451316833496094"></testcase><testcase classname="src.pymortests.vectorarray" file="src/pymortests/vectorarray.py" line="693" name="test_sup_norm[1-&lt;lambda&gt;15]" time="0.014577150344848633"></testcase><testcase classname="src.pymortests.vectorarray" file="src/pymortests/vectorarray.py" line="693" name="test_sup_norm[1-&lt;lambda&gt;16]" time="0.01677107810974121"></testcase><testcase classname="src.pymortests.vectorarray" file="src/pymortests/vectorarray.py" line="693" name="test_sup_norm[1-&lt;lambda&gt;17]" time="0.02193903923034668"></testcase><testcase classname="src.pymortests.vectorarray" file="src/pymortests/vectorarray.py" line="693" name="test_sup_norm[1-&lt;lambda&gt;18]" time="0.02257561683654785"></testcase><testcase classname="src.pymortests.vectorarray" file="src/pymortests/vectorarray.py" line="693" name="test_sup_norm[1-&lt;lambda&gt;19]" time="0.05020904541015625"></testcase><testcase classname="src.pymortests.vectorarray" file="src/pymortests/vectorarray.py" line="693" name="test_sup_norm[1-&lt;lambda&gt;20]" time="0.06198310852050781"></testcase><testcase classname="src.pymortests.vectorarray" file="src/pymortests/vectorarray.py" line="693" name="test_sup_norm[1-&lt;lambda&gt;21]" time="0.11072564125061035"></testcase><testcase classname="src.pymortests.vectorarray" file="src/pymortests/vectorarray.py" line="693" name="test_sup_norm[1-&lt;lambda&gt;22]" time="0.005514383316040039"></testcase><testcase classname="src.pymortests.vectorarray" file="src/pymortests/vectorarray.py" line="693" name="test_sup_norm[1-&lt;lambda&gt;23]" time="0.005326271057128906"></testcase><testcase classname="src.pymortests.vectorarray" file="src/pymortests/vectorarray.py" line="693" name="test_sup_norm[1-&lt;lambda&gt;24]" time="0.02089381217956543"></testcase><testcase classname="src.pymortests.vectorarray" file="src/pymortests/vectorarray.py" line="693" name="test_sup_norm[1-&lt;lambda&gt;25]" time="0.4140629768371582"></testcase><testcase classname="src.pymortests.vectorarray" file="src/pymortests/vectorarray.py" line="693" name="test_sup_norm[1-&lt;lambda&gt;26]" time="0.834707498550415"></testcase><testcase classname="src.pymortests.vectorarray" file="src/pymortests/vectorarray.py" line="693" name="test_sup_norm[2-&lt;lambda&gt;0]" time="0.005236625671386719"></testcase><testcase classname="src.pymortests.vectorarray" file="src/pymortests/vectorarray.py" line="693" name="test_sup_norm[2-&lt;lambda&gt;1]" time="0.005666494369506836"></testcase><testcase classname="src.pymortests.vectorarray" file="src/pymortests/vectorarray.py" line="693" name="test_sup_norm[2-&lt;lambda&gt;2]" time="0.006743669509887695"></testcase><testcase classname="src.pymortests.vectorarray" file="src/pymortests/vectorarray.py" line="693" name="test_sup_norm[2-&lt;lambda&gt;3]" time="0.007682085037231445"></testcase><testcase classname="src.pymortests.vectorarray" file="src/pymortests/vectorarray.py" line="693" name="test_sup_norm[2-&lt;lambda&gt;4]" time="0.0062198638916015625"></testcase><testcase classname="src.pymortests.vectorarray" file="src/pymortests/vectorarray.py" line="693" name="test_sup_norm[2-&lt;lambda&gt;5]" time="0.0039942264556884766"></testcase><testcase classname="src.pymortests.vectorarray" file="src/pymortests/vectorarray.py" line="693" name="test_sup_norm[2-&lt;lambda&gt;6]" time="0.0045812129974365234"></testcase><testcase classname="src.pymortests.vectorarray" file="src/pymortests/vectorarray.py" line="693" name="test_sup_norm[2-&lt;lambda&gt;7]" time="0.007173061370849609"></testcase><testcase classname="src.pymortests.vectorarray" file="src/pymortests/vectorarray.py" line="693" name="test_sup_norm[2-&lt;lambda&gt;8]" time="0.023392677307128906"></testcase><testcase classname="src.pymortests.vectorarray" file="src/pymortests/vectorarray.py" line="693" name="test_sup_norm[2-&lt;lambda&gt;9]" time="0.02592635154724121"></testcase><testcase classname="src.pymortests.vectorarray" file="src/pymortests/vectorarray.py" line="693" name="test_sup_norm[2-&lt;lambda&gt;10]" time="0.0097198486328125"></testcase><testcase classname="src.pymortests.vectorarray" file="src/pymortests/vectorarray.py" line="693" name="test_sup_norm[2-&lt;lambda&gt;11]" time="0.010941743850708008"></testcase><testcase classname="src.pymortests.vectorarray" file="src/pymortests/vectorarray.py" line="693" name="test_sup_norm[2-&lt;lambda&gt;12]" time="0.007766008377075195"></testcase><testcase classname="src.pymortests.vectorarray" file="src/pymortests/vectorarray.py" line="693" name="test_sup_norm[2-&lt;lambda&gt;13]" time="0.008323192596435547"></testcase><testcase classname="src.pymortests.vectorarray" file="src/pymortests/vectorarray.py" line="693" name="test_sup_norm[2-&lt;lambda&gt;14]" time="0.010457992553710938"></testcase><testcase classname="src.pymortests.vectorarray" file="src/pymortests/vectorarray.py" line="693" name="test_sup_norm[2-&lt;lambda&gt;15]" time="0.015140295028686523"></testcase><testcase classname="src.pymortests.vectorarray" file="src/pymortests/vectorarray.py" line="693" name="test_sup_norm[2-&lt;lambda&gt;16]" time="0.01710796356201172"></testcase><testcase classname="src.pymortests.vectorarray" file="src/pymortests/vectorarray.py" line="693" name="test_sup_norm[2-&lt;lambda&gt;17]" time="0.022435903549194336"></testcase><testcase classname="src.pymortests.vectorarray" file="src/pymortests/vectorarray.py" line="693" name="test_sup_norm[2-&lt;lambda&gt;18]" time="0.02246570587158203"></testcase><testcase classname="src.pymortests.vectorarray" file="src/pymortests/vectorarray.py" line="693" name="test_sup_norm[2-&lt;lambda&gt;19]" time="0.05011463165283203"></testcase><testcase classname="src.pymortests.vectorarray" file="src/pymortests/vectorarray.py" line="693" name="test_sup_norm[2-&lt;lambda&gt;20]" time="0.061937808990478516"></testcase><testcase classname="src.pymortests.vectorarray" file="src/pymortests/vectorarray.py" line="693" name="test_sup_norm[2-&lt;lambda&gt;21]" time="0.11372613906860352"></testcase><testcase classname="src.pymortests.vectorarray" file="src/pymortests/vectorarray.py" line="693" name="test_sup_norm[2-&lt;lambda&gt;22]" time="0.005552530288696289"></testcase><testcase classname="src.pymortests.vectorarray" file="src/pymortests/vectorarray.py" line="693" name="test_sup_norm[2-&lt;lambda&gt;23]" time="0.005422830581665039"></testcase><testcase classname="src.pymortests.vectorarray" file="src/pymortests/vectorarray.py" line="693" name="test_sup_norm[2-&lt;lambda&gt;24]" time="0.020841121673583984"></testcase><testcase classname="src.pymortests.vectorarray" file="src/pymortests/vectorarray.py" line="693" name="test_sup_norm[2-&lt;lambda&gt;25]" time="0.4150831699371338"></testcase><testcase classname="src.pymortests.vectorarray" file="src/pymortests/vectorarray.py" line="693" name="test_sup_norm[2-&lt;lambda&gt;26]" time="0.8353891372680664"></testcase><testcase classname="src.pymortests.vectorarray" file="src/pymortests/vectorarray.py" line="716" name="test_dofs[0-&lt;lambda&gt;0]" time="0.0026769638061523438"></testcase><testcase classname="src.pymortests.vectorarray" file="src/pymortests/vectorarray.py" line="716" name="test_dofs[0-&lt;lambda&gt;1]" time="0.011681556701660156"></testcase><testcase classname="src.pymortests.vectorarray" file="src/pymortests/vectorarray.py" line="716" name="test_dofs[0-&lt;lambda&gt;2]" time="0.013043880462646484"></testcase><testcase classname="src.pymortests.vectorarray" file="src/pymortests/vectorarray.py" line="716" name="test_dofs[0-&lt;lambda&gt;3]" time="0.016037464141845703"></testcase><testcase classname="src.pymortests.vectorarray" file="src/pymortests/vectorarray.py" line="716" name="test_dofs[0-&lt;lambda&gt;4]" time="0.003824949264526367"></testcase><testcase classname="src.pymortests.vectorarray" file="src/pymortests/vectorarray.py" line="716" name="test_dofs[0-&lt;lambda&gt;5]" time="0.0017240047454833984"></testcase><testcase classname="src.pymortests.vectorarray" file="src/pymortests/vectorarray.py" line="716" name="test_dofs[0-&lt;lambda&gt;6]" time="0.00968027114868164"></testcase><testcase classname="src.pymortests.vectorarray" file="src/pymortests/vectorarray.py" line="716" name="test_dofs[0-&lt;lambda&gt;7]" time="0.014904260635375977"></testcase><testcase classname="src.pymortests.vectorarray" file="src/pymortests/vectorarray.py" line="716" name="test_dofs[0-&lt;lambda&gt;8]" time="0.06210780143737793"></testcase><testcase classname="src.pymortests.vectorarray" file="src/pymortests/vectorarray.py" line="716" name="test_dofs[0-&lt;lambda&gt;9]" time="0.015332698822021484"></testcase><testcase classname="src.pymortests.vectorarray" file="src/pymortests/vectorarray.py" line="716" name="test_dofs[0-&lt;lambda&gt;10]" time="0.03185677528381348"></testcase><testcase classname="src.pymortests.vectorarray" file="src/pymortests/vectorarray.py" line="716" name="test_dofs[0-&lt;lambda&gt;11]" time="0.0376286506652832"></testcase><testcase classname="src.pymortests.vectorarray" file="src/pymortests/vectorarray.py" line="716" name="test_dofs[0-&lt;lambda&gt;12]" time="0.003973722457885742"></testcase><testcase classname="src.pymortests.vectorarray" file="src/pymortests/vectorarray.py" line="716" name="test_dofs[0-&lt;lambda&gt;13]" time="0.033254384994506836"></testcase><testcase classname="src.pymortests.vectorarray" file="src/pymortests/vectorarray.py" line="716" name="test_dofs[0-&lt;lambda&gt;14]" time="0.03741288185119629"></testcase><testcase classname="src.pymortests.vectorarray" file="src/pymortests/vectorarray.py" line="716" name="test_dofs[0-&lt;lambda&gt;15]" time="0.04691600799560547"></testcase><testcase classname="src.pymortests.vectorarray" file="src/pymortests/vectorarray.py" line="716" name="test_dofs[0-&lt;lambda&gt;16]" time="0.05342459678649902"></testcase><testcase classname="src.pymortests.vectorarray" file="src/pymortests/vectorarray.py" line="716" name="test_dofs[0-&lt;lambda&gt;17]" time="0.05551743507385254"></testcase><testcase classname="src.pymortests.vectorarray" file="src/pymortests/vectorarray.py" line="716" name="test_dofs[0-&lt;lambda&gt;18]" time="0.05483698844909668"></testcase><testcase classname="src.pymortests.vectorarray" file="src/pymortests/vectorarray.py" line="716" name="test_dofs[0-&lt;lambda&gt;19]" time="0.12116789817810059"></testcase><testcase classname="src.pymortests.vectorarray" file="src/pymortests/vectorarray.py" line="716" name="test_dofs[0-&lt;lambda&gt;20]" time="0.5314457416534424"></testcase><testcase classname="src.pymortests.vectorarray" file="src/pymortests/vectorarray.py" line="716" name="test_dofs[0-&lt;lambda&gt;21]" time="1.1572811603546143"></testcase><testcase classname="src.pymortests.vectorarray" file="src/pymortests/vectorarray.py" line="716" name="test_dofs[0-&lt;lambda&gt;22]" time="0.002607107162475586"></testcase><testcase classname="src.pymortests.vectorarray" file="src/pymortests/vectorarray.py" line="716" name="test_dofs[0-&lt;lambda&gt;23]" time="0.011725664138793945"></testcase><testcase classname="src.pymortests.vectorarray" file="src/pymortests/vectorarray.py" line="716" name="test_dofs[0-&lt;lambda&gt;24]" time="0.11122369766235352"></testcase><testcase classname="src.pymortests.vectorarray" file="src/pymortests/vectorarray.py" line="716" name="test_dofs[0-&lt;lambda&gt;25]" time="3.1764872074127197"></testcase><testcase classname="src.pymortests.vectorarray" file="src/pymortests/vectorarray.py" line="716" name="test_dofs[0-&lt;lambda&gt;26]" time="0.7462081909179688"></testcase><testcase classname="src.pymortests.vectorarray" file="src/pymortests/vectorarray.py" line="716" name="test_dofs[1-&lt;lambda&gt;0]" time="0.002844572067260742"></testcase><testcase classname="src.pymortests.vectorarray" file="src/pymortests/vectorarray.py" line="716" name="test_dofs[1-&lt;lambda&gt;1]" time="0.011678934097290039"></testcase><testcase classname="src.pymortests.vectorarray" file="src/pymortests/vectorarray.py" line="716" name="test_dofs[1-&lt;lambda&gt;2]" time="0.014913558959960938"></testcase><testcase classname="src.pymortests.vectorarray" file="src/pymortests/vectorarray.py" line="716" name="test_dofs[1-&lt;lambda&gt;3]" time="0.015913009643554688"></testcase><testcase classname="src.pymortests.vectorarray" file="src/pymortests/vectorarray.py" line="716" name="test_dofs[1-&lt;lambda&gt;4]" time="0.0038938522338867188"></testcase><testcase classname="src.pymortests.vectorarray" file="src/pymortests/vectorarray.py" line="716" name="test_dofs[1-&lt;lambda&gt;5]" time="0.0017282962799072266"></testcase><testcase classname="src.pymortests.vectorarray" file="src/pymortests/vectorarray.py" line="716" name="test_dofs[1-&lt;lambda&gt;6]" time="0.009688854217529297"></testcase><testcase classname="src.pymortests.vectorarray" file="src/pymortests/vectorarray.py" line="716" name="test_dofs[1-&lt;lambda&gt;7]" time="0.014536380767822266"></testcase><testcase classname="src.pymortests.vectorarray" file="src/pymortests/vectorarray.py" line="716" name="test_dofs[1-&lt;lambda&gt;8]" time="0.06199216842651367"></testcase><testcase classname="src.pymortests.vectorarray" file="src/pymortests/vectorarray.py" line="716" name="test_dofs[1-&lt;lambda&gt;9]" time="0.015735387802124023"></testcase><testcase classname="src.pymortests.vectorarray" file="src/pymortests/vectorarray.py" line="716" name="test_dofs[1-&lt;lambda&gt;10]" time="0.031975507736206055"></testcase><testcase classname="src.pymortests.vectorarray" file="src/pymortests/vectorarray.py" line="716" name="test_dofs[1-&lt;lambda&gt;11]" time="0.036984920501708984"></testcase><testcase classname="src.pymortests.vectorarray" file="src/pymortests/vectorarray.py" line="716" name="test_dofs[1-&lt;lambda&gt;12]" time="0.004047870635986328"></testcase><testcase classname="src.pymortests.vectorarray" file="src/pymortests/vectorarray.py" line="716" name="test_dofs[1-&lt;lambda&gt;13]" time="0.03193974494934082"></testcase><testcase classname="src.pymortests.vectorarray" file="src/pymortests/vectorarray.py" line="716" name="test_dofs[1-&lt;lambda&gt;14]" time="0.037024736404418945"></testcase><testcase classname="src.pymortests.vectorarray" file="src/pymortests/vectorarray.py" line="716" name="test_dofs[1-&lt;lambda&gt;15]" time="0.049768686294555664"></testcase><testcase classname="src.pymortests.vectorarray" file="src/pymortests/vectorarray.py" line="716" name="test_dofs[1-&lt;lambda&gt;16]" time="0.055425167083740234"></testcase><testcase classname="src.pymortests.vectorarray" file="src/pymortests/vectorarray.py" line="716" name="test_dofs[1-&lt;lambda&gt;17]" time="0.053731679916381836"></testcase><testcase classname="src.pymortests.vectorarray" file="src/pymortests/vectorarray.py" line="716" name="test_dofs[1-&lt;lambda&gt;18]" time="0.055108070373535156"></testcase><testcase classname="src.pymortests.vectorarray" file="src/pymortests/vectorarray.py" line="716" name="test_dofs[1-&lt;lambda&gt;19]" time="0.12057781219482422"></testcase><testcase classname="src.pymortests.vectorarray" file="src/pymortests/vectorarray.py" line="716" name="test_dofs[1-&lt;lambda&gt;20]" time="0.5268251895904541"></testcase><testcase classname="src.pymortests.vectorarray" file="src/pymortests/vectorarray.py" line="716" name="test_dofs[1-&lt;lambda&gt;21]" time="1.1564996242523193"></testcase><testcase classname="src.pymortests.vectorarray" file="src/pymortests/vectorarray.py" line="716" name="test_dofs[1-&lt;lambda&gt;22]" time="0.0026733875274658203"></testcase><testcase classname="src.pymortests.vectorarray" file="src/pymortests/vectorarray.py" line="716" name="test_dofs[1-&lt;lambda&gt;23]" time="0.013667821884155273"></testcase><testcase classname="src.pymortests.vectorarray" file="src/pymortests/vectorarray.py" line="716" name="test_dofs[1-&lt;lambda&gt;24]" time="0.10949087142944336"></testcase><testcase classname="src.pymortests.vectorarray" file="src/pymortests/vectorarray.py" line="716" name="test_dofs[1-&lt;lambda&gt;25]" time="3.183408737182617"></testcase><testcase classname="src.pymortests.vectorarray" file="src/pymortests/vectorarray.py" line="716" name="test_dofs[1-&lt;lambda&gt;26]" time="0.7571582794189453"></testcase><testcase classname="src.pymortests.vectorarray" file="src/pymortests/vectorarray.py" line="716" name="test_dofs[2-&lt;lambda&gt;0]" time="0.0029320716857910156"></testcase><testcase classname="src.pymortests.vectorarray" file="src/pymortests/vectorarray.py" line="716" name="test_dofs[2-&lt;lambda&gt;1]" time="0.011842966079711914"></testcase><testcase classname="src.pymortests.vectorarray" file="src/pymortests/vectorarray.py" line="716" name="test_dofs[2-&lt;lambda&gt;2]" time="0.013618946075439453"></testcase><testcase classname="src.pymortests.vectorarray" file="src/pymortests/vectorarray.py" line="716" name="test_dofs[2-&lt;lambda&gt;3]" time="0.016501903533935547"></testcase><testcase classname="src.pymortests.vectorarray" file="src/pymortests/vectorarray.py" line="716" name="test_dofs[2-&lt;lambda&gt;4]" time="0.0039212703704833984"></testcase><testcase classname="src.pymortests.vectorarray" file="src/pymortests/vectorarray.py" line="716" name="test_dofs[2-&lt;lambda&gt;5]" time="0.0018465518951416016"></testcase><testcase classname="src.pymortests.vectorarray" file="src/pymortests/vectorarray.py" line="716" name="test_dofs[2-&lt;lambda&gt;6]" time="0.009713411331176758"></testcase><testcase classname="src.pymortests.vectorarray" file="src/pymortests/vectorarray.py" line="716" name="test_dofs[2-&lt;lambda&gt;7]" time="0.014596700668334961"></testcase><testcase classname="src.pymortests.vectorarray" file="src/pymortests/vectorarray.py" line="716" name="test_dofs[2-&lt;lambda&gt;8]" time="0.061644792556762695"></testcase><testcase classname="src.pymortests.vectorarray" file="src/pymortests/vectorarray.py" line="716" name="test_dofs[2-&lt;lambda&gt;9]" time="0.016094446182250977"></testcase><testcase classname="src.pymortests.vectorarray" file="src/pymortests/vectorarray.py" line="716" name="test_dofs[2-&lt;lambda&gt;10]" time="0.032971858978271484"></testcase><testcase classname="src.pymortests.vectorarray" file="src/pymortests/vectorarray.py" line="716" name="test_dofs[2-&lt;lambda&gt;11]" time="0.0377194881439209"></testcase><testcase classname="src.pymortests.vectorarray" file="src/pymortests/vectorarray.py" line="716" name="test_dofs[2-&lt;lambda&gt;12]" time="0.004271984100341797"></testcase><testcase classname="src.pymortests.vectorarray" file="src/pymortests/vectorarray.py" line="716" name="test_dofs[2-&lt;lambda&gt;13]" time="0.03326916694641113"></testcase><testcase classname="src.pymortests.vectorarray" file="src/pymortests/vectorarray.py" line="716" name="test_dofs[2-&lt;lambda&gt;14]" time="0.03763175010681152"></testcase><testcase classname="src.pymortests.vectorarray" file="src/pymortests/vectorarray.py" line="716" name="test_dofs[2-&lt;lambda&gt;15]" time="0.04699969291687012"></testcase><testcase classname="src.pymortests.vectorarray" file="src/pymortests/vectorarray.py" line="716" name="test_dofs[2-&lt;lambda&gt;16]" time="0.05399894714355469"></testcase><testcase classname="src.pymortests.vectorarray" file="src/pymortests/vectorarray.py" line="716" name="test_dofs[2-&lt;lambda&gt;17]" time="0.054370880126953125"></testcase><testcase classname="src.pymortests.vectorarray" file="src/pymortests/vectorarray.py" line="716" name="test_dofs[2-&lt;lambda&gt;18]" time="0.056386709213256836"></testcase><testcase classname="src.pymortests.vectorarray" file="src/pymortests/vectorarray.py" line="716" name="test_dofs[2-&lt;lambda&gt;19]" time="0.12278127670288086"></testcase><testcase classname="src.pymortests.vectorarray" file="src/pymortests/vectorarray.py" line="716" name="test_dofs[2-&lt;lambda&gt;20]" time="0.5316348075866699"></testcase><testcase classname="src.pymortests.vectorarray" file="src/pymortests/vectorarray.py" line="716" name="test_dofs[2-&lt;lambda&gt;21]" time="1.1504030227661133"></testcase><testcase classname="src.pymortests.vectorarray" file="src/pymortests/vectorarray.py" line="716" name="test_dofs[2-&lt;lambda&gt;22]" time="0.002602100372314453"></testcase><testcase classname="src.pymortests.vectorarray" file="src/pymortests/vectorarray.py" line="716" name="test_dofs[2-&lt;lambda&gt;23]" time="0.01207280158996582"></testcase><testcase classname="src.pymortests.vectorarray" file="src/pymortests/vectorarray.py" line="716" name="test_dofs[2-&lt;lambda&gt;24]" time="0.10854029655456543"></testcase><testcase classname="src.pymortests.vectorarray" file="src/pymortests/vectorarray.py" line="716" name="test_dofs[2-&lt;lambda&gt;25]" time="3.1644668579101562"></testcase><testcase classname="src.pymortests.vectorarray" file="src/pymortests/vectorarray.py" line="716" name="test_dofs[2-&lt;lambda&gt;26]" time="0.7406418323516846"></testcase><testcase classname="src.pymortests.vectorarray" file="src/pymortests/vectorarray.py" line="752" name="test_components_wrong_dof_indices[0-&lt;lambda&gt;0]" time="0.003829479217529297"></testcase><testcase classname="src.pymortests.vectorarray" file="src/pymortests/vectorarray.py" line="752" name="test_components_wrong_dof_indices[0-&lt;lambda&gt;1]" time="0.002904176712036133"></testcase><testcase classname="src.pymortests.vectorarray" file="src/pymortests/vectorarray.py" line="752" name="test_components_wrong_dof_indices[0-&lt;lambda&gt;2]" time="0.003414630889892578"></testcase><testcase classname="src.pymortests.vectorarray" file="src/pymortests/vectorarray.py" line="752" name="test_components_wrong_dof_indices[0-&lt;lambda&gt;3]" time="0.0037946701049804688"></testcase><testcase classname="src.pymortests.vectorarray" file="src/pymortests/vectorarray.py" line="752" name="test_components_wrong_dof_indices[0-&lt;lambda&gt;4]" time="0.004383563995361328"></testcase><testcase classname="src.pymortests.vectorarray" file="src/pymortests/vectorarray.py" line="752" name="test_components_wrong_dof_indices[0-&lt;lambda&gt;5]" time="0.0028667449951171875"></testcase><testcase classname="src.pymortests.vectorarray" file="src/pymortests/vectorarray.py" line="752" name="test_components_wrong_dof_indices[0-&lt;lambda&gt;6]" time="0.002791881561279297"></testcase><testcase classname="src.pymortests.vectorarray" file="src/pymortests/vectorarray.py" line="752" name="test_components_wrong_dof_indices[0-&lt;lambda&gt;7]" time="0.003404855728149414"></testcase><testcase classname="src.pymortests.vectorarray" file="src/pymortests/vectorarray.py" line="752" name="test_components_wrong_dof_indices[0-&lt;lambda&gt;8]" time="0.003941535949707031"></testcase><testcase classname="src.pymortests.vectorarray" file="src/pymortests/vectorarray.py" line="752" name="test_components_wrong_dof_indices[0-&lt;lambda&gt;9]" time="0.00495600700378418"></testcase><testcase classname="src.pymortests.vectorarray" file="src/pymortests/vectorarray.py" line="752" name="test_components_wrong_dof_indices[0-&lt;lambda&gt;10]" time="0.004340171813964844"></testcase><testcase classname="src.pymortests.vectorarray" file="src/pymortests/vectorarray.py" line="752" name="test_components_wrong_dof_indices[0-&lt;lambda&gt;11]" time="0.005543947219848633"></testcase><testcase classname="src.pymortests.vectorarray" file="src/pymortests/vectorarray.py" line="752" name="test_components_wrong_dof_indices[0-&lt;lambda&gt;12]" time="0.005113840103149414"></testcase><testcase classname="src.pymortests.vectorarray" file="src/pymortests/vectorarray.py" line="752" name="test_components_wrong_dof_indices[0-&lt;lambda&gt;13]" time="0.004533529281616211"></testcase><testcase classname="src.pymortests.vectorarray" file="src/pymortests/vectorarray.py" line="752" name="test_components_wrong_dof_indices[0-&lt;lambda&gt;14]" time="0.005219221115112305"></testcase><testcase classname="src.pymortests.vectorarray" file="src/pymortests/vectorarray.py" line="752" name="test_components_wrong_dof_indices[0-&lt;lambda&gt;15]" time="0.0070569515228271484"></testcase><testcase classname="src.pymortests.vectorarray" file="src/pymortests/vectorarray.py" line="752" name="test_components_wrong_dof_indices[0-&lt;lambda&gt;16]" time="0.009276866912841797"></testcase><testcase classname="src.pymortests.vectorarray" file="src/pymortests/vectorarray.py" line="752" name="test_components_wrong_dof_indices[0-&lt;lambda&gt;17]" time="0.008391618728637695"></testcase><testcase classname="src.pymortests.vectorarray" file="src/pymortests/vectorarray.py" line="752" name="test_components_wrong_dof_indices[0-&lt;lambda&gt;18]" time="0.00819706916809082"></testcase><testcase classname="src.pymortests.vectorarray" file="src/pymortests/vectorarray.py" line="752" name="test_components_wrong_dof_indices[0-&lt;lambda&gt;19]" time="0.0142059326171875"></testcase><testcase classname="src.pymortests.vectorarray" file="src/pymortests/vectorarray.py" line="752" name="test_components_wrong_dof_indices[0-&lt;lambda&gt;20]" time="0.01599264144897461"></testcase><testcase classname="src.pymortests.vectorarray" file="src/pymortests/vectorarray.py" line="752" name="test_components_wrong_dof_indices[0-&lt;lambda&gt;21]" time="0.02664494514465332"></testcase><testcase classname="src.pymortests.vectorarray" file="src/pymortests/vectorarray.py" line="752" name="test_components_wrong_dof_indices[0-&lt;lambda&gt;22]" time="0.003889322280883789"></testcase><testcase classname="src.pymortests.vectorarray" file="src/pymortests/vectorarray.py" line="752" name="test_components_wrong_dof_indices[0-&lt;lambda&gt;23]" time="0.0031440258026123047"></testcase><testcase classname="src.pymortests.vectorarray" file="src/pymortests/vectorarray.py" line="752" name="test_components_wrong_dof_indices[0-&lt;lambda&gt;24]" time="0.0048296451568603516"></testcase><testcase classname="src.pymortests.vectorarray" file="src/pymortests/vectorarray.py" line="752" name="test_components_wrong_dof_indices[0-&lt;lambda&gt;25]" time="0.026354312896728516"></testcase><testcase classname="src.pymortests.vectorarray" file="src/pymortests/vectorarray.py" line="752" name="test_components_wrong_dof_indices[0-&lt;lambda&gt;26]" time="0.05642843246459961"></testcase><testcase classname="src.pymortests.vectorarray" file="src/pymortests/vectorarray.py" line="752" name="test_components_wrong_dof_indices[1-&lt;lambda&gt;0]" time="0.004052400588989258"></testcase><testcase classname="src.pymortests.vectorarray" file="src/pymortests/vectorarray.py" line="752" name="test_components_wrong_dof_indices[1-&lt;lambda&gt;1]" time="0.002978801727294922"></testcase><testcase classname="src.pymortests.vectorarray" file="src/pymortests/vectorarray.py" line="752" name="test_components_wrong_dof_indices[1-&lt;lambda&gt;2]" time="0.003423452377319336"></testcase><testcase classname="src.pymortests.vectorarray" file="src/pymortests/vectorarray.py" line="752" name="test_components_wrong_dof_indices[1-&lt;lambda&gt;3]" time="0.0037806034088134766"></testcase><testcase classname="src.pymortests.vectorarray" file="src/pymortests/vectorarray.py" line="752" name="test_components_wrong_dof_indices[1-&lt;lambda&gt;4]" time="0.0043027400970458984"></testcase><testcase classname="src.pymortests.vectorarray" file="src/pymortests/vectorarray.py" line="752" name="test_components_wrong_dof_indices[1-&lt;lambda&gt;5]" time="0.0028400421142578125"></testcase><testcase classname="src.pymortests.vectorarray" file="src/pymortests/vectorarray.py" line="752" name="test_components_wrong_dof_indices[1-&lt;lambda&gt;6]" time="0.0027990341186523438"></testcase><testcase classname="src.pymortests.vectorarray" file="src/pymortests/vectorarray.py" line="752" name="test_components_wrong_dof_indices[1-&lt;lambda&gt;7]" time="0.0033550262451171875"></testcase><testcase classname="src.pymortests.vectorarray" file="src/pymortests/vectorarray.py" line="752" name="test_components_wrong_dof_indices[1-&lt;lambda&gt;8]" time="0.0043125152587890625"></testcase><testcase classname="src.pymortests.vectorarray" file="src/pymortests/vectorarray.py" line="752" name="test_components_wrong_dof_indices[1-&lt;lambda&gt;9]" time="0.005417823791503906"></testcase><testcase classname="src.pymortests.vectorarray" file="src/pymortests/vectorarray.py" line="752" name="test_components_wrong_dof_indices[1-&lt;lambda&gt;10]" time="0.004461765289306641"></testcase><testcase classname="src.pymortests.vectorarray" file="src/pymortests/vectorarray.py" line="752" name="test_components_wrong_dof_indices[1-&lt;lambda&gt;11]" time="0.005305767059326172"></testcase><testcase classname="src.pymortests.vectorarray" file="src/pymortests/vectorarray.py" line="752" name="test_components_wrong_dof_indices[1-&lt;lambda&gt;12]" time="0.005157470703125"></testcase><testcase classname="src.pymortests.vectorarray" file="src/pymortests/vectorarray.py" line="752" name="test_components_wrong_dof_indices[1-&lt;lambda&gt;13]" time="0.004518985748291016"></testcase><testcase classname="src.pymortests.vectorarray" file="src/pymortests/vectorarray.py" line="752" name="test_components_wrong_dof_indices[1-&lt;lambda&gt;14]" time="0.0054874420166015625"></testcase><testcase classname="src.pymortests.vectorarray" file="src/pymortests/vectorarray.py" line="752" name="test_components_wrong_dof_indices[1-&lt;lambda&gt;15]" time="0.007191896438598633"></testcase><testcase classname="src.pymortests.vectorarray" file="src/pymortests/vectorarray.py" line="752" name="test_components_wrong_dof_indices[1-&lt;lambda&gt;16]" time="0.008819341659545898"></testcase><testcase classname="src.pymortests.vectorarray" file="src/pymortests/vectorarray.py" line="752" name="test_components_wrong_dof_indices[1-&lt;lambda&gt;17]" time="0.008515119552612305"></testcase><testcase classname="src.pymortests.vectorarray" file="src/pymortests/vectorarray.py" line="752" name="test_components_wrong_dof_indices[1-&lt;lambda&gt;18]" time="0.008353948593139648"></testcase><testcase classname="src.pymortests.vectorarray" file="src/pymortests/vectorarray.py" line="752" name="test_components_wrong_dof_indices[1-&lt;lambda&gt;19]" time="0.01413869857788086"></testcase><testcase classname="src.pymortests.vectorarray" file="src/pymortests/vectorarray.py" line="752" name="test_components_wrong_dof_indices[1-&lt;lambda&gt;20]" time="0.015610694885253906"></testcase><testcase classname="src.pymortests.vectorarray" file="src/pymortests/vectorarray.py" line="752" name="test_components_wrong_dof_indices[1-&lt;lambda&gt;21]" time="0.026843786239624023"></testcase><testcase classname="src.pymortests.vectorarray" file="src/pymortests/vectorarray.py" line="752" name="test_components_wrong_dof_indices[1-&lt;lambda&gt;22]" time="0.003931522369384766"></testcase><testcase classname="src.pymortests.vectorarray" file="src/pymortests/vectorarray.py" line="752" name="test_components_wrong_dof_indices[1-&lt;lambda&gt;23]" time="0.0031998157501220703"></testcase><testcase classname="src.pymortests.vectorarray" file="src/pymortests/vectorarray.py" line="752" name="test_components_wrong_dof_indices[1-&lt;lambda&gt;24]" time="0.005666494369506836"></testcase><testcase classname="src.pymortests.vectorarray" file="src/pymortests/vectorarray.py" line="752" name="test_components_wrong_dof_indices[1-&lt;lambda&gt;25]" time="0.029399633407592773"></testcase><testcase classname="src.pymortests.vectorarray" file="src/pymortests/vectorarray.py" line="752" name="test_components_wrong_dof_indices[1-&lt;lambda&gt;26]" time="0.05777692794799805"></testcase><testcase classname="src.pymortests.vectorarray" file="src/pymortests/vectorarray.py" line="752" name="test_components_wrong_dof_indices[2-&lt;lambda&gt;0]" time="0.0030748844146728516"></testcase><testcase classname="src.pymortests.vectorarray" file="src/pymortests/vectorarray.py" line="752" name="test_components_wrong_dof_indices[2-&lt;lambda&gt;1]" time="0.0028467178344726562"></testcase><testcase classname="src.pymortests.vectorarray" file="src/pymortests/vectorarray.py" line="752" name="test_components_wrong_dof_indices[2-&lt;lambda&gt;2]" time="0.003331899642944336"></testcase><testcase classname="src.pymortests.vectorarray" file="src/pymortests/vectorarray.py" line="752" name="test_components_wrong_dof_indices[2-&lt;lambda&gt;3]" time="0.0037560462951660156"></testcase><testcase classname="src.pymortests.vectorarray" file="src/pymortests/vectorarray.py" line="752" name="test_components_wrong_dof_indices[2-&lt;lambda&gt;4]" time="0.0042188167572021484"></testcase><testcase classname="src.pymortests.vectorarray" file="src/pymortests/vectorarray.py" line="752" name="test_components_wrong_dof_indices[2-&lt;lambda&gt;5]" time="0.0027577877044677734"></testcase><testcase classname="src.pymortests.vectorarray" file="src/pymortests/vectorarray.py" line="752" name="test_components_wrong_dof_indices[2-&lt;lambda&gt;6]" time="0.0028066635131835938"></testcase><testcase classname="src.pymortests.vectorarray" file="src/pymortests/vectorarray.py" line="752" name="test_components_wrong_dof_indices[2-&lt;lambda&gt;7]" time="0.0032854080200195312"></testcase><testcase classname="src.pymortests.vectorarray" file="src/pymortests/vectorarray.py" line="752" name="test_components_wrong_dof_indices[2-&lt;lambda&gt;8]" time="0.004157304763793945"></testcase><testcase classname="src.pymortests.vectorarray" file="src/pymortests/vectorarray.py" line="752" name="test_components_wrong_dof_indices[2-&lt;lambda&gt;9]" time="0.005300045013427734"></testcase><testcase classname="src.pymortests.vectorarray" file="src/pymortests/vectorarray.py" line="752" name="test_components_wrong_dof_indices[2-&lt;lambda&gt;10]" time="0.004363298416137695"></testcase><testcase classname="src.pymortests.vectorarray" file="src/pymortests/vectorarray.py" line="752" name="test_components_wrong_dof_indices[2-&lt;lambda&gt;11]" time="0.005187273025512695"></testcase><testcase classname="src.pymortests.vectorarray" file="src/pymortests/vectorarray.py" line="752" name="test_components_wrong_dof_indices[2-&lt;lambda&gt;12]" time="0.005001544952392578"></testcase><testcase classname="src.pymortests.vectorarray" file="src/pymortests/vectorarray.py" line="752" name="test_components_wrong_dof_indices[2-&lt;lambda&gt;13]" time="0.0044710636138916016"></testcase><testcase classname="src.pymortests.vectorarray" file="src/pymortests/vectorarray.py" line="752" name="test_components_wrong_dof_indices[2-&lt;lambda&gt;14]" time="0.005204677581787109"></testcase><testcase classname="src.pymortests.vectorarray" file="src/pymortests/vectorarray.py" line="752" name="test_components_wrong_dof_indices[2-&lt;lambda&gt;15]" time="0.006989955902099609"></testcase><testcase classname="src.pymortests.vectorarray" file="src/pymortests/vectorarray.py" line="752" name="test_components_wrong_dof_indices[2-&lt;lambda&gt;16]" time="0.008673667907714844"></testcase><testcase classname="src.pymortests.vectorarray" file="src/pymortests/vectorarray.py" line="752" name="test_components_wrong_dof_indices[2-&lt;lambda&gt;17]" time="0.008565187454223633"></testcase><testcase classname="src.pymortests.vectorarray" file="src/pymortests/vectorarray.py" line="752" name="test_components_wrong_dof_indices[2-&lt;lambda&gt;18]" time="0.008513927459716797"></testcase><testcase classname="src.pymortests.vectorarray" file="src/pymortests/vectorarray.py" line="752" name="test_components_wrong_dof_indices[2-&lt;lambda&gt;19]" time="0.015089035034179688"></testcase><testcase classname="src.pymortests.vectorarray" file="src/pymortests/vectorarray.py" line="752" name="test_components_wrong_dof_indices[2-&lt;lambda&gt;20]" time="0.01516580581665039"></testcase><testcase classname="src.pymortests.vectorarray" file="src/pymortests/vectorarray.py" line="752" name="test_components_wrong_dof_indices[2-&lt;lambda&gt;21]" time="0.025832414627075195"></testcase><testcase classname="src.pymortests.vectorarray" file="src/pymortests/vectorarray.py" line="752" name="test_components_wrong_dof_indices[2-&lt;lambda&gt;22]" time="0.0032083988189697266"></testcase><testcase classname="src.pymortests.vectorarray" file="src/pymortests/vectorarray.py" line="752" name="test_components_wrong_dof_indices[2-&lt;lambda&gt;23]" time="0.0030355453491210938"></testcase><testcase classname="src.pymortests.vectorarray" file="src/pymortests/vectorarray.py" line="752" name="test_components_wrong_dof_indices[2-&lt;lambda&gt;24]" time="0.0059506893157958984"></testcase><testcase classname="src.pymortests.vectorarray" file="src/pymortests/vectorarray.py" line="752" name="test_components_wrong_dof_indices[2-&lt;lambda&gt;25]" time="0.028422832489013672"></testcase><testcase classname="src.pymortests.vectorarray" file="src/pymortests/vectorarray.py" line="752" name="test_components_wrong_dof_indices[2-&lt;lambda&gt;26]" time="0.05753636360168457"></testcase><testcase classname="src.pymortests.vectorarray" file="src/pymortests/vectorarray.py" line="766" name="test_amax[0-&lt;lambda&gt;0]" time="0.0012819766998291016"></testcase><testcase classname="src.pymortests.vectorarray" file="src/pymortests/vectorarray.py" line="766" name="test_amax[0-&lt;lambda&gt;1]" time="0.0024209022521972656"></testcase><testcase classname="src.pymortests.vectorarray" file="src/pymortests/vectorarray.py" line="766" name="test_amax[0-&lt;lambda&gt;2]" time="0.005829572677612305"></testcase><testcase classname="src.pymortests.vectorarray" file="src/pymortests/vectorarray.py" line="766" name="test_amax[0-&lt;lambda&gt;3]" time="0.03262186050415039"></testcase><testcase classname="src.pymortests.vectorarray" file="src/pymortests/vectorarray.py" line="766" name="test_amax[0-&lt;lambda&gt;4]" time="0.001230478286743164"></testcase><testcase classname="src.pymortests.vectorarray" file="src/pymortests/vectorarray.py" line="766" name="test_amax[0-&lt;lambda&gt;5]" time="0.0010542869567871094"></testcase><testcase classname="src.pymortests.vectorarray" file="src/pymortests/vectorarray.py" line="766" name="test_amax[0-&lt;lambda&gt;6]" time="0.0020570755004882812"></testcase><testcase classname="src.pymortests.vectorarray" file="src/pymortests/vectorarray.py" line="766" name="test_amax[0-&lt;lambda&gt;7]" time="0.005819082260131836"></testcase><testcase classname="src.pymortests.vectorarray" file="src/pymortests/vectorarray.py" line="766" name="test_amax[0-&lt;lambda&gt;8]" time="0.03266716003417969"></testcase><testcase classname="src.pymortests.vectorarray" file="src/pymortests/vectorarray.py" line="766" name="test_amax[0-&lt;lambda&gt;9]" time="0.001546621322631836"></testcase><testcase classname="src.pymortests.vectorarray" file="src/pymortests/vectorarray.py" line="766" name="test_amax[0-&lt;lambda&gt;10]" time="0.004027605056762695"></testcase><testcase classname="src.pymortests.vectorarray" file="src/pymortests/vectorarray.py" line="766" name="test_amax[0-&lt;lambda&gt;11]" time="0.01379537582397461"></testcase><testcase classname="src.pymortests.vectorarray" file="src/pymortests/vectorarray.py" line="766" name="test_amax[0-&lt;lambda&gt;12]" time="0.0012340545654296875"></testcase><testcase classname="src.pymortests.vectorarray" file="src/pymortests/vectorarray.py" line="766" name="test_amax[0-&lt;lambda&gt;13]" time="0.009202241897583008"></testcase><testcase classname="src.pymortests.vectorarray" file="src/pymortests/vectorarray.py" line="766" name="test_amax[0-&lt;lambda&gt;14]" time="0.01281285285949707"></testcase><testcase classname="src.pymortests.vectorarray" file="src/pymortests/vectorarray.py" line="766" name="test_amax[0-&lt;lambda&gt;15]" time="0.06261944770812988"></testcase><testcase classname="src.pymortests.vectorarray" file="src/pymortests/vectorarray.py" line="766" name="test_amax[0-&lt;lambda&gt;16]" time="0.1321561336517334"></testcase><testcase classname="src.pymortests.vectorarray" file="src/pymortests/vectorarray.py" line="766" name="test_amax[0-&lt;lambda&gt;17]" time="0.007899761199951172"></testcase><testcase classname="src.pymortests.vectorarray" file="src/pymortests/vectorarray.py" line="766" name="test_amax[0-&lt;lambda&gt;18]" time="0.007497549057006836"></testcase><testcase classname="src.pymortests.vectorarray" file="src/pymortests/vectorarray.py" line="766" name="test_amax[0-&lt;lambda&gt;19]" time="0.02708125114440918"></testcase><testcase classname="src.pymortests.vectorarray" file="src/pymortests/vectorarray.py" line="766" name="test_amax[0-&lt;lambda&gt;20]" time="0.09429025650024414"></testcase><testcase classname="src.pymortests.vectorarray" file="src/pymortests/vectorarray.py" line="766" name="test_amax[0-&lt;lambda&gt;21]" time="0.20877480506896973"></testcase><testcase classname="src.pymortests.vectorarray" file="src/pymortests/vectorarray.py" line="766" name="test_amax[0-&lt;lambda&gt;22]" time="0.0014290809631347656"></testcase><testcase classname="src.pymortests.vectorarray" file="src/pymortests/vectorarray.py" line="766" name="test_amax[0-&lt;lambda&gt;23]" time="0.0024437904357910156"></testcase><testcase classname="src.pymortests.vectorarray" file="src/pymortests/vectorarray.py" line="766" name="test_amax[0-&lt;lambda&gt;24]" time="0.009201765060424805"></testcase><testcase classname="src.pymortests.vectorarray" file="src/pymortests/vectorarray.py" line="766" name="test_amax[0-&lt;lambda&gt;25]" time="0.06922030448913574"></testcase><testcase classname="src.pymortests.vectorarray" file="src/pymortests/vectorarray.py" line="766" name="test_amax[0-&lt;lambda&gt;26]" time="0.0532684326171875"></testcase><testcase classname="src.pymortests.vectorarray" file="src/pymortests/vectorarray.py" line="766" name="test_amax[1-&lt;lambda&gt;0]" time="0.0014095306396484375"></testcase><testcase classname="src.pymortests.vectorarray" file="src/pymortests/vectorarray.py" line="766" name="test_amax[1-&lt;lambda&gt;1]" time="0.0026960372924804688"></testcase><testcase classname="src.pymortests.vectorarray" file="src/pymortests/vectorarray.py" line="766" name="test_amax[1-&lt;lambda&gt;2]" time="0.0060231685638427734"></testcase><testcase classname="src.pymortests.vectorarray" file="src/pymortests/vectorarray.py" line="766" name="test_amax[1-&lt;lambda&gt;3]" time="0.031269073486328125"></testcase><testcase classname="src.pymortests.vectorarray" file="src/pymortests/vectorarray.py" line="766" name="test_amax[1-&lt;lambda&gt;4]" time="0.0013163089752197266"></testcase><testcase classname="src.pymortests.vectorarray" file="src/pymortests/vectorarray.py" line="766" name="test_amax[1-&lt;lambda&gt;5]" time="0.0011587142944335938"></testcase><testcase classname="src.pymortests.vectorarray" file="src/pymortests/vectorarray.py" line="766" name="test_amax[1-&lt;lambda&gt;6]" time="0.002153635025024414"></testcase><testcase classname="src.pymortests.vectorarray" file="src/pymortests/vectorarray.py" line="766" name="test_amax[1-&lt;lambda&gt;7]" time="0.0059452056884765625"></testcase><testcase classname="src.pymortests.vectorarray" file="src/pymortests/vectorarray.py" line="766" name="test_amax[1-&lt;lambda&gt;8]" time="0.033891916275024414"></testcase><testcase classname="src.pymortests.vectorarray" file="src/pymortests/vectorarray.py" line="766" name="test_amax[1-&lt;lambda&gt;9]" time="0.002005338668823242"></testcase><testcase classname="src.pymortests.vectorarray" file="src/pymortests/vectorarray.py" line="766" name="test_amax[1-&lt;lambda&gt;10]" time="0.00414276123046875"></testcase><testcase classname="src.pymortests.vectorarray" file="src/pymortests/vectorarray.py" line="766" name="test_amax[1-&lt;lambda&gt;11]" time="0.014346599578857422"></testcase><testcase classname="src.pymortests.vectorarray" file="src/pymortests/vectorarray.py" line="766" name="test_amax[1-&lt;lambda&gt;12]" time="0.001527547836303711"></testcase><testcase classname="src.pymortests.vectorarray" file="src/pymortests/vectorarray.py" line="766" name="test_amax[1-&lt;lambda&gt;13]" time="0.009778499603271484"></testcase><testcase classname="src.pymortests.vectorarray" file="src/pymortests/vectorarray.py" line="766" name="test_amax[1-&lt;lambda&gt;14]" time="0.01322317123413086"></testcase><testcase classname="src.pymortests.vectorarray" file="src/pymortests/vectorarray.py" line="766" name="test_amax[1-&lt;lambda&gt;15]" time="0.06395745277404785"></testcase><testcase classname="src.pymortests.vectorarray" file="src/pymortests/vectorarray.py" line="766" name="test_amax[1-&lt;lambda&gt;16]" time="0.1364274024963379"></testcase><testcase classname="src.pymortests.vectorarray" file="src/pymortests/vectorarray.py" line="766" name="test_amax[1-&lt;lambda&gt;17]" time="0.009840250015258789"></testcase><testcase classname="src.pymortests.vectorarray" file="src/pymortests/vectorarray.py" line="766" name="test_amax[1-&lt;lambda&gt;18]" time="0.008957624435424805"></testcase><testcase classname="src.pymortests.vectorarray" file="src/pymortests/vectorarray.py" line="766" name="test_amax[1-&lt;lambda&gt;19]" time="0.027155399322509766"></testcase><testcase classname="src.pymortests.vectorarray" file="src/pymortests/vectorarray.py" line="766" name="test_amax[1-&lt;lambda&gt;20]" time="0.09559226036071777"></testcase><testcase classname="src.pymortests.vectorarray" file="src/pymortests/vectorarray.py" line="766" name="test_amax[1-&lt;lambda&gt;21]" time="0.20278644561767578"></testcase><testcase classname="src.pymortests.vectorarray" file="src/pymortests/vectorarray.py" line="766" name="test_amax[1-&lt;lambda&gt;22]" time="0.00176239013671875"></testcase><testcase classname="src.pymortests.vectorarray" file="src/pymortests/vectorarray.py" line="766" name="test_amax[1-&lt;lambda&gt;23]" time="0.002521038055419922"></testcase><testcase classname="src.pymortests.vectorarray" file="src/pymortests/vectorarray.py" line="766" name="test_amax[1-&lt;lambda&gt;24]" time="0.00989985466003418"></testcase><testcase classname="src.pymortests.vectorarray" file="src/pymortests/vectorarray.py" line="766" name="test_amax[1-&lt;lambda&gt;25]" time="0.08884835243225098"></testcase><testcase classname="src.pymortests.vectorarray" file="src/pymortests/vectorarray.py" line="766" name="test_amax[1-&lt;lambda&gt;26]" time="0.05710911750793457"></testcase><testcase classname="src.pymortests.vectorarray" file="src/pymortests/vectorarray.py" line="766" name="test_amax[2-&lt;lambda&gt;0]" time="0.001739501953125"></testcase><testcase classname="src.pymortests.vectorarray" file="src/pymortests/vectorarray.py" line="766" name="test_amax[2-&lt;lambda&gt;1]" time="0.0026247501373291016"></testcase><testcase classname="src.pymortests.vectorarray" file="src/pymortests/vectorarray.py" line="766" name="test_amax[2-&lt;lambda&gt;2]" time="0.006071329116821289"></testcase><testcase classname="src.pymortests.vectorarray" file="src/pymortests/vectorarray.py" line="766" name="test_amax[2-&lt;lambda&gt;3]" time="0.031020641326904297"></testcase><testcase classname="src.pymortests.vectorarray" file="src/pymortests/vectorarray.py" line="766" name="test_amax[2-&lt;lambda&gt;4]" time="0.0017209053039550781"></testcase><testcase classname="src.pymortests.vectorarray" file="src/pymortests/vectorarray.py" line="766" name="test_amax[2-&lt;lambda&gt;5]" time="0.0012619495391845703"></testcase><testcase classname="src.pymortests.vectorarray" file="src/pymortests/vectorarray.py" line="766" name="test_amax[2-&lt;lambda&gt;6]" time="0.0022301673889160156"></testcase><testcase classname="src.pymortests.vectorarray" file="src/pymortests/vectorarray.py" line="766" name="test_amax[2-&lt;lambda&gt;7]" time="0.0063326358795166016"></testcase><testcase classname="src.pymortests.vectorarray" file="src/pymortests/vectorarray.py" line="766" name="test_amax[2-&lt;lambda&gt;8]" time="0.033245086669921875"></testcase><testcase classname="src.pymortests.vectorarray" file="src/pymortests/vectorarray.py" line="766" name="test_amax[2-&lt;lambda&gt;9]" time="0.003006458282470703"></testcase><testcase classname="src.pymortests.vectorarray" file="src/pymortests/vectorarray.py" line="766" name="test_amax[2-&lt;lambda&gt;10]" time="0.004415750503540039"></testcase><testcase classname="src.pymortests.vectorarray" file="src/pymortests/vectorarray.py" line="766" name="test_amax[2-&lt;lambda&gt;11]" time="0.014724254608154297"></testcase><testcase classname="src.pymortests.vectorarray" file="src/pymortests/vectorarray.py" line="766" name="test_amax[2-&lt;lambda&gt;12]" time="0.0019483566284179688"></testcase><testcase classname="src.pymortests.vectorarray" file="src/pymortests/vectorarray.py" line="766" name="test_amax[2-&lt;lambda&gt;13]" time="0.009954452514648438"></testcase><testcase classname="src.pymortests.vectorarray" file="src/pymortests/vectorarray.py" line="766" name="test_amax[2-&lt;lambda&gt;14]" time="0.013320684432983398"></testcase><testcase classname="src.pymortests.vectorarray" file="src/pymortests/vectorarray.py" line="766" name="test_amax[2-&lt;lambda&gt;15]" time="0.06579470634460449"></testcase><testcase classname="src.pymortests.vectorarray" file="src/pymortests/vectorarray.py" line="766" name="test_amax[2-&lt;lambda&gt;16]" time="0.1359724998474121"></testcase><testcase classname="src.pymortests.vectorarray" file="src/pymortests/vectorarray.py" line="766" name="test_amax[2-&lt;lambda&gt;17]" time="0.008943557739257812"></testcase><testcase classname="src.pymortests.vectorarray" file="src/pymortests/vectorarray.py" line="766" name="test_amax[2-&lt;lambda&gt;18]" time="0.008772134780883789"></testcase><testcase classname="src.pymortests.vectorarray" file="src/pymortests/vectorarray.py" line="766" name="test_amax[2-&lt;lambda&gt;19]" time="0.027725696563720703"></testcase><testcase classname="src.pymortests.vectorarray" file="src/pymortests/vectorarray.py" line="766" name="test_amax[2-&lt;lambda&gt;20]" time="0.09459185600280762"></testcase><testcase classname="src.pymortests.vectorarray" file="src/pymortests/vectorarray.py" line="766" name="test_amax[2-&lt;lambda&gt;21]" time="0.2027895450592041"></testcase><testcase classname="src.pymortests.vectorarray" file="src/pymortests/vectorarray.py" line="766" name="test_amax[2-&lt;lambda&gt;22]" time="0.0017926692962646484"></testcase><testcase classname="src.pymortests.vectorarray" file="src/pymortests/vectorarray.py" line="766" name="test_amax[2-&lt;lambda&gt;23]" time="0.0025784969329833984"></testcase><testcase classname="src.pymortests.vectorarray" file="src/pymortests/vectorarray.py" line="766" name="test_amax[2-&lt;lambda&gt;24]" time="0.009995460510253906"></testcase><testcase classname="src.pymortests.vectorarray" file="src/pymortests/vectorarray.py" line="766" name="test_amax[2-&lt;lambda&gt;25]" time="0.08913612365722656"></testcase><testcase classname="src.pymortests.vectorarray" file="src/pymortests/vectorarray.py" line="766" name="test_amax[2-&lt;lambda&gt;26]" time="0.05280590057373047"></testcase><testcase classname="src.pymortests.vectorarray" file="src/pymortests/vectorarray.py" line="785" name="test_gramian[0-&lt;lambda&gt;0]" time="0.0032083988189697266"></testcase><testcase classname="src.pymortests.vectorarray" file="src/pymortests/vectorarray.py" line="785" name="test_gramian[0-&lt;lambda&gt;1]" time="0.0023696422576904297"></testcase><testcase classname="src.pymortests.vectorarray" file="src/pymortests/vectorarray.py" line="785" name="test_gramian[0-&lt;lambda&gt;2]" time="0.002786874771118164"></testcase><testcase classname="src.pymortests.vectorarray" file="src/pymortests/vectorarray.py" line="785" name="test_gramian[0-&lt;lambda&gt;3]" time="0.004264116287231445"></testcase><testcase classname="src.pymortests.vectorarray" file="src/pymortests/vectorarray.py" line="785" name="test_gramian[0-&lt;lambda&gt;4]" time="0.0053479671478271484"></testcase><testcase classname="src.pymortests.vectorarray" file="src/pymortests/vectorarray.py" line="785" name="test_gramian[0-&lt;lambda&gt;5]" time="0.0026459693908691406"></testcase><testcase classname="src.pymortests.vectorarray" file="src/pymortests/vectorarray.py" line="785" name="test_gramian[0-&lt;lambda&gt;6]" time="0.0021414756774902344"></testcase><testcase classname="src.pymortests.vectorarray" file="src/pymortests/vectorarray.py" line="785" name="test_gramian[0-&lt;lambda&gt;7]" time="0.015188932418823242"></testcase><testcase classname="src.pymortests.vectorarray" file="src/pymortests/vectorarray.py" line="785" name="test_gramian[0-&lt;lambda&gt;8]" time="0.2628359794616699"></testcase><testcase classname="src.pymortests.vectorarray" file="src/pymortests/vectorarray.py" line="785" name="test_gramian[0-&lt;lambda&gt;9]" time="1.3716545104980469"></testcase><testcase classname="src.pymortests.vectorarray" file="src/pymortests/vectorarray.py" line="785" name="test_gramian[0-&lt;lambda&gt;10]" time="0.0048639774322509766"></testcase><testcase classname="src.pymortests.vectorarray" file="src/pymortests/vectorarray.py" line="785" name="test_gramian[0-&lt;lambda&gt;11]" time="0.004896402359008789"></testcase><testcase classname="src.pymortests.vectorarray" file="src/pymortests/vectorarray.py" line="785" name="test_gramian[0-&lt;lambda&gt;12]" time="0.004527568817138672"></testcase><testcase classname="src.pymortests.vectorarray" file="src/pymortests/vectorarray.py" line="785" name="test_gramian[0-&lt;lambda&gt;13]" time="0.0037086009979248047"></testcase><testcase classname="src.pymortests.vectorarray" file="src/pymortests/vectorarray.py" line="785" name="test_gramian[0-&lt;lambda&gt;14]" time="0.004918813705444336"></testcase><testcase classname="src.pymortests.vectorarray" file="src/pymortests/vectorarray.py" line="785" name="test_gramian[0-&lt;lambda&gt;15]" time="0.00824284553527832"></testcase><testcase classname="src.pymortests.vectorarray" file="src/pymortests/vectorarray.py" line="785" name="test_gramian[0-&lt;lambda&gt;16]" time="0.01156473159790039"></testcase><testcase classname="src.pymortests.vectorarray" file="src/pymortests/vectorarray.py" line="785" name="test_gramian[0-&lt;lambda&gt;17]" time="0.0029268264770507812"></testcase><testcase classname="src.pymortests.vectorarray" file="src/pymortests/vectorarray.py" line="785" name="test_gramian[0-&lt;lambda&gt;18]" time="0.0027153491973876953"></testcase><testcase classname="src.pymortests.vectorarray" file="src/pymortests/vectorarray.py" line="785" name="test_gramian[0-&lt;lambda&gt;19]" time="0.01759195327758789"></testcase><testcase classname="src.pymortests.vectorarray" file="src/pymortests/vectorarray.py" line="785" name="test_gramian[0-&lt;lambda&gt;20]" time="0.21445226669311523"></testcase><testcase classname="src.pymortests.vectorarray" file="src/pymortests/vectorarray.py" line="785" name="test_gramian[0-&lt;lambda&gt;21]" time="1.2156834602355957"></testcase><testcase classname="src.pymortests.vectorarray" file="src/pymortests/vectorarray.py" line="785" name="test_gramian[0-&lt;lambda&gt;22]" time="0.003131389617919922"></testcase><testcase classname="src.pymortests.vectorarray" file="src/pymortests/vectorarray.py" line="785" name="test_gramian[0-&lt;lambda&gt;23]" time="0.002753734588623047"></testcase><testcase classname="src.pymortests.vectorarray" file="src/pymortests/vectorarray.py" line="785" name="test_gramian[0-&lt;lambda&gt;24]" time="0.011135339736938477"></testcase><testcase classname="src.pymortests.vectorarray" file="src/pymortests/vectorarray.py" line="785" name="test_gramian[0-&lt;lambda&gt;25]" time="0.1751236915588379"></testcase><testcase classname="src.pymortests.vectorarray" file="src/pymortests/vectorarray.py" line="785" name="test_gramian[0-&lt;lambda&gt;26]" time="0.8631079196929932"></testcase><testcase classname="src.pymortests.vectorarray" file="src/pymortests/vectorarray.py" line="785" name="test_gramian[1-&lt;lambda&gt;0]" time="0.0036301612854003906"></testcase><testcase classname="src.pymortests.vectorarray" file="src/pymortests/vectorarray.py" line="785" name="test_gramian[1-&lt;lambda&gt;1]" time="0.0028870105743408203"></testcase><testcase classname="src.pymortests.vectorarray" file="src/pymortests/vectorarray.py" line="785" name="test_gramian[1-&lt;lambda&gt;2]" time="0.00299072265625"></testcase><testcase classname="src.pymortests.vectorarray" file="src/pymortests/vectorarray.py" line="785" name="test_gramian[1-&lt;lambda&gt;3]" time="0.004470348358154297"></testcase><testcase classname="src.pymortests.vectorarray" file="src/pymortests/vectorarray.py" line="785" name="test_gramian[1-&lt;lambda&gt;4]" time="0.005235910415649414"></testcase><testcase classname="src.pymortests.vectorarray" file="src/pymortests/vectorarray.py" line="785" name="test_gramian[1-&lt;lambda&gt;5]" time="0.0023767948150634766"></testcase><testcase classname="src.pymortests.vectorarray" file="src/pymortests/vectorarray.py" line="785" name="test_gramian[1-&lt;lambda&gt;6]" time="0.0024406909942626953"></testcase><testcase classname="src.pymortests.vectorarray" file="src/pymortests/vectorarray.py" line="785" name="test_gramian[1-&lt;lambda&gt;7]" time="0.016361474990844727"></testcase><testcase classname="src.pymortests.vectorarray" file="src/pymortests/vectorarray.py" line="785" name="test_gramian[1-&lt;lambda&gt;8]" time="0.27471113204956055"></testcase><testcase classname="src.pymortests.vectorarray" file="src/pymortests/vectorarray.py" line="785" name="test_gramian[1-&lt;lambda&gt;9]" time="1.4466540813446045"></testcase><testcase classname="src.pymortests.vectorarray" file="src/pymortests/vectorarray.py" line="785" name="test_gramian[1-&lt;lambda&gt;10]" time="0.005072832107543945"></testcase><testcase classname="src.pymortests.vectorarray" file="src/pymortests/vectorarray.py" line="785" name="test_gramian[1-&lt;lambda&gt;11]" time="0.004910469055175781"></testcase><testcase classname="src.pymortests.vectorarray" file="src/pymortests/vectorarray.py" line="785" name="test_gramian[1-&lt;lambda&gt;12]" time="0.0050067901611328125"></testcase><testcase classname="src.pymortests.vectorarray" file="src/pymortests/vectorarray.py" line="785" name="test_gramian[1-&lt;lambda&gt;13]" time="0.0042383670806884766"></testcase><testcase classname="src.pymortests.vectorarray" file="src/pymortests/vectorarray.py" line="785" name="test_gramian[1-&lt;lambda&gt;14]" time="0.005408048629760742"></testcase><testcase classname="src.pymortests.vectorarray" file="src/pymortests/vectorarray.py" line="785" name="test_gramian[1-&lt;lambda&gt;15]" time="0.008437395095825195"></testcase><testcase classname="src.pymortests.vectorarray" file="src/pymortests/vectorarray.py" line="785" name="test_gramian[1-&lt;lambda&gt;16]" time="0.014526605606079102"></testcase><testcase classname="src.pymortests.vectorarray" file="src/pymortests/vectorarray.py" line="785" name="test_gramian[1-&lt;lambda&gt;17]" time="0.00453948974609375"></testcase><testcase classname="src.pymortests.vectorarray" file="src/pymortests/vectorarray.py" line="785" name="test_gramian[1-&lt;lambda&gt;18]" time="0.0029528141021728516"></testcase><testcase classname="src.pymortests.vectorarray" file="src/pymortests/vectorarray.py" line="785" name="test_gramian[1-&lt;lambda&gt;19]" time="0.02090620994567871"></testcase><testcase classname="src.pymortests.vectorarray" file="src/pymortests/vectorarray.py" line="785" name="test_gramian[1-&lt;lambda&gt;20]" time="0.22588849067687988"></testcase><testcase classname="src.pymortests.vectorarray" file="src/pymortests/vectorarray.py" line="785" name="test_gramian[1-&lt;lambda&gt;21]" time="1.2102525234222412"></testcase><testcase classname="src.pymortests.vectorarray" file="src/pymortests/vectorarray.py" line="785" name="test_gramian[1-&lt;lambda&gt;22]" time="0.0034236907958984375"></testcase><testcase classname="src.pymortests.vectorarray" file="src/pymortests/vectorarray.py" line="785" name="test_gramian[1-&lt;lambda&gt;23]" time="0.0024776458740234375"></testcase><testcase classname="src.pymortests.vectorarray" file="src/pymortests/vectorarray.py" line="785" name="test_gramian[1-&lt;lambda&gt;24]" time="0.011178970336914062"></testcase><testcase classname="src.pymortests.vectorarray" file="src/pymortests/vectorarray.py" line="785" name="test_gramian[1-&lt;lambda&gt;25]" time="0.1788191795349121"></testcase><testcase classname="src.pymortests.vectorarray" file="src/pymortests/vectorarray.py" line="785" name="test_gramian[1-&lt;lambda&gt;26]" time="0.8595795631408691"></testcase><testcase classname="src.pymortests.vectorarray" file="src/pymortests/vectorarray.py" line="785" name="test_gramian[2-&lt;lambda&gt;0]" time="0.003496885299682617"></testcase><testcase classname="src.pymortests.vectorarray" file="src/pymortests/vectorarray.py" line="785" name="test_gramian[2-&lt;lambda&gt;1]" time="0.002570629119873047"></testcase><testcase classname="src.pymortests.vectorarray" file="src/pymortests/vectorarray.py" line="785" name="test_gramian[2-&lt;lambda&gt;2]" time="0.0029981136322021484"></testcase><testcase classname="src.pymortests.vectorarray" file="src/pymortests/vectorarray.py" line="785" name="test_gramian[2-&lt;lambda&gt;3]" time="0.004386186599731445"></testcase><testcase classname="src.pymortests.vectorarray" file="src/pymortests/vectorarray.py" line="785" name="test_gramian[2-&lt;lambda&gt;4]" time="0.004977226257324219"></testcase><testcase classname="src.pymortests.vectorarray" file="src/pymortests/vectorarray.py" line="785" name="test_gramian[2-&lt;lambda&gt;5]" time="0.0024085044860839844"></testcase><testcase classname="src.pymortests.vectorarray" file="src/pymortests/vectorarray.py" line="785" name="test_gramian[2-&lt;lambda&gt;6]" time="0.0025103092193603516"></testcase><testcase classname="src.pymortests.vectorarray" file="src/pymortests/vectorarray.py" line="785" name="test_gramian[2-&lt;lambda&gt;7]" time="0.01646566390991211"></testcase><testcase classname="src.pymortests.vectorarray" file="src/pymortests/vectorarray.py" line="785" name="test_gramian[2-&lt;lambda&gt;8]" time="0.2755706310272217"></testcase><testcase classname="src.pymortests.vectorarray" file="src/pymortests/vectorarray.py" line="785" name="test_gramian[2-&lt;lambda&gt;9]" time="1.4579670429229736"></testcase><testcase classname="src.pymortests.vectorarray" file="src/pymortests/vectorarray.py" line="785" name="test_gramian[2-&lt;lambda&gt;10]" time="0.0055980682373046875"></testcase><testcase classname="src.pymortests.vectorarray" file="src/pymortests/vectorarray.py" line="785" name="test_gramian[2-&lt;lambda&gt;11]" time="0.005101919174194336"></testcase><testcase classname="src.pymortests.vectorarray" file="src/pymortests/vectorarray.py" line="785" name="test_gramian[2-&lt;lambda&gt;12]" time="0.004785776138305664"></testcase><testcase classname="src.pymortests.vectorarray" file="src/pymortests/vectorarray.py" line="785" name="test_gramian[2-&lt;lambda&gt;13]" time="0.004157304763793945"></testcase><testcase classname="src.pymortests.vectorarray" file="src/pymortests/vectorarray.py" line="785" name="test_gramian[2-&lt;lambda&gt;14]" time="0.0049724578857421875"></testcase><testcase classname="src.pymortests.vectorarray" file="src/pymortests/vectorarray.py" line="785" name="test_gramian[2-&lt;lambda&gt;15]" time="0.008415699005126953"></testcase><testcase classname="src.pymortests.vectorarray" file="src/pymortests/vectorarray.py" line="785" name="test_gramian[2-&lt;lambda&gt;16]" time="0.013597488403320312"></testcase><testcase classname="src.pymortests.vectorarray" file="src/pymortests/vectorarray.py" line="785" name="test_gramian[2-&lt;lambda&gt;17]" time="0.004209756851196289"></testcase><testcase classname="src.pymortests.vectorarray" file="src/pymortests/vectorarray.py" line="785" name="test_gramian[2-&lt;lambda&gt;18]" time="0.0029754638671875"></testcase><testcase classname="src.pymortests.vectorarray" file="src/pymortests/vectorarray.py" line="785" name="test_gramian[2-&lt;lambda&gt;19]" time="0.018960952758789062"></testcase><testcase classname="src.pymortests.vectorarray" file="src/pymortests/vectorarray.py" line="785" name="test_gramian[2-&lt;lambda&gt;20]" time="0.22755885124206543"></testcase><testcase classname="src.pymortests.vectorarray" file="src/pymortests/vectorarray.py" line="785" name="test_gramian[2-&lt;lambda&gt;21]" time="1.1988060474395752"></testcase><testcase classname="src.pymortests.vectorarray" file="src/pymortests/vectorarray.py" line="785" name="test_gramian[2-&lt;lambda&gt;22]" time="0.003261566162109375"></testcase><testcase classname="src.pymortests.vectorarray" file="src/pymortests/vectorarray.py" line="785" name="test_gramian[2-&lt;lambda&gt;23]" time="0.002407073974609375"></testcase><testcase classname="src.pymortests.vectorarray" file="src/pymortests/vectorarray.py" line="785" name="test_gramian[2-&lt;lambda&gt;24]" time="0.010896444320678711"></testcase><testcase classname="src.pymortests.vectorarray" file="src/pymortests/vectorarray.py" line="785" name="test_gramian[2-&lt;lambda&gt;25]" time="0.17537474632263184"></testcase><testcase classname="src.pymortests.vectorarray" file="src/pymortests/vectorarray.py" line="785" name="test_gramian[2-&lt;lambda&gt;26]" time="0.8404650688171387"></testcase><testcase classname="src.pymortests.vectorarray" file="src/pymortests/vectorarray.py" line="791" name="test_add[compatible_vector_array_pair0-&lt;lambda&gt;0]" time="0.0023162364959716797"></testcase><testcase classname="src.pymortests.vectorarray" file="src/pymortests/vectorarray.py" line="791" name="test_add[compatible_vector_array_pair0-&lt;lambda&gt;1]" time="0.0015537738800048828"></testcase><testcase classname="src.pymortests.vectorarray" file="src/pymortests/vectorarray.py" line="791" name="test_add[compatible_vector_array_pair0-&lt;lambda&gt;2]" time="0.0014963150024414062"></testcase><testcase classname="src.pymortests.vectorarray" file="src/pymortests/vectorarray.py" line="791" name="test_add[compatible_vector_array_pair0-&lt;lambda&gt;3]" time="0.0016336441040039062"></testcase><testcase classname="src.pymortests.vectorarray" file="src/pymortests/vectorarray.py" line="791" name="test_add[compatible_vector_array_pair0-&lt;lambda&gt;4]" time="0.001491546630859375"></testcase><testcase classname="src.pymortests.vectorarray" file="src/pymortests/vectorarray.py" line="791" name="test_add[compatible_vector_array_pair0-&lt;lambda&gt;5]" time="0.0014064311981201172"></testcase><testcase classname="src.pymortests.vectorarray" file="src/pymortests/vectorarray.py" line="791" name="test_add[compatible_vector_array_pair0-&lt;lambda&gt;6]" time="0.0015287399291992188"></testcase><testcase classname="src.pymortests.vectorarray" file="src/pymortests/vectorarray.py" line="791" name="test_add[compatible_vector_array_pair0-&lt;lambda&gt;7]" time="0.0014162063598632812"></testcase><testcase classname="src.pymortests.vectorarray" file="src/pymortests/vectorarray.py" line="791" name="test_add[compatible_vector_array_pair0-&lt;lambda&gt;8]" time="0.0017595291137695312"></testcase><testcase classname="src.pymortests.vectorarray" file="src/pymortests/vectorarray.py" line="791" name="test_add[compatible_vector_array_pair0-&lt;lambda&gt;9]" time="0.004764556884765625"></testcase><testcase classname="src.pymortests.vectorarray" file="src/pymortests/vectorarray.py" line="791" name="test_add[compatible_vector_array_pair0-&lt;lambda&gt;10]" time="0.008962154388427734"></testcase><testcase classname="src.pymortests.vectorarray" file="src/pymortests/vectorarray.py" line="791" name="test_add[compatible_vector_array_pair0-&lt;lambda&gt;11]" time="0.0016705989837646484"></testcase><testcase classname="src.pymortests.vectorarray" file="src/pymortests/vectorarray.py" line="791" name="test_add[compatible_vector_array_pair0-&lt;lambda&gt;12]" time="0.0018310546875"></testcase><testcase classname="src.pymortests.vectorarray" file="src/pymortests/vectorarray.py" line="791" name="test_add[compatible_vector_array_pair0-&lt;lambda&gt;13]" time="0.0017688274383544922"></testcase><testcase classname="src.pymortests.vectorarray" file="src/pymortests/vectorarray.py" line="791" name="test_add[compatible_vector_array_pair0-&lt;lambda&gt;14]" time="0.0017766952514648438"></testcase><testcase classname="src.pymortests.vectorarray" file="src/pymortests/vectorarray.py" line="791" name="test_add[compatible_vector_array_pair0-&lt;lambda&gt;15]" time="0.0021538734436035156"></testcase><testcase classname="src.pymortests.vectorarray" file="src/pymortests/vectorarray.py" line="791" name="test_add[compatible_vector_array_pair0-&lt;lambda&gt;16]" time="0.0024237632751464844"></testcase><testcase classname="src.pymortests.vectorarray" file="src/pymortests/vectorarray.py" line="791" name="test_add[compatible_vector_array_pair0-&lt;lambda&gt;17]" time="0.0021915435791015625"></testcase><testcase classname="src.pymortests.vectorarray" file="src/pymortests/vectorarray.py" line="791" name="test_add[compatible_vector_array_pair0-&lt;lambda&gt;18]" time="0.0020513534545898438"></testcase><testcase classname="src.pymortests.vectorarray" file="src/pymortests/vectorarray.py" line="791" name="test_add[compatible_vector_array_pair0-&lt;lambda&gt;19]" time="0.0020351409912109375"></testcase><testcase classname="src.pymortests.vectorarray" file="src/pymortests/vectorarray.py" line="791" name="test_add[compatible_vector_array_pair0-&lt;lambda&gt;20]" time="0.027057886123657227"></testcase><testcase classname="src.pymortests.vectorarray" file="src/pymortests/vectorarray.py" line="791" name="test_add[compatible_vector_array_pair0-&lt;lambda&gt;21]" time="0.017727375030517578"></testcase><testcase classname="src.pymortests.vectorarray" file="src/pymortests/vectorarray.py" line="791" name="test_add[compatible_vector_array_pair0-&lt;lambda&gt;22]" time="0.04926133155822754"></testcase><testcase classname="src.pymortests.vectorarray" file="src/pymortests/vectorarray.py" line="791" name="test_add[compatible_vector_array_pair0-&lt;lambda&gt;23]" time="0.0036962032318115234"></testcase><testcase classname="src.pymortests.vectorarray" file="src/pymortests/vectorarray.py" line="791" name="test_add[compatible_vector_array_pair0-&lt;lambda&gt;24]" time="0.0013871192932128906"></testcase><testcase classname="src.pymortests.vectorarray" file="src/pymortests/vectorarray.py" line="791" name="test_add[compatible_vector_array_pair0-&lt;lambda&gt;25]" time="0.0024182796478271484"></testcase><testcase classname="src.pymortests.vectorarray" file="src/pymortests/vectorarray.py" line="791" name="test_add[compatible_vector_array_pair0-&lt;lambda&gt;26]" time="0.023856401443481445"></testcase><testcase classname="src.pymortests.vectorarray" file="src/pymortests/vectorarray.py" line="791" name="test_add[compatible_vector_array_pair0-&lt;lambda&gt;27]" time="0.1237950325012207"></testcase><testcase classname="src.pymortests.vectorarray" file="src/pymortests/vectorarray.py" line="791" name="test_add[compatible_vector_array_pair0-&lt;lambda&gt;28]" time="0.3229553699493408"></testcase><testcase classname="src.pymortests.vectorarray" file="src/pymortests/vectorarray.py" line="791" name="test_add[compatible_vector_array_pair0-&lt;lambda&gt;29]" time="0.010049819946289062"></testcase><testcase classname="src.pymortests.vectorarray" file="src/pymortests/vectorarray.py" line="791" name="test_add[compatible_vector_array_pair1-&lt;lambda&gt;0]" time="0.0016522407531738281"></testcase><testcase classname="src.pymortests.vectorarray" file="src/pymortests/vectorarray.py" line="791" name="test_add[compatible_vector_array_pair1-&lt;lambda&gt;1]" time="0.001508474349975586"></testcase><testcase classname="src.pymortests.vectorarray" file="src/pymortests/vectorarray.py" line="791" name="test_add[compatible_vector_array_pair1-&lt;lambda&gt;2]" time="0.0015826225280761719"></testcase><testcase classname="src.pymortests.vectorarray" file="src/pymortests/vectorarray.py" line="791" name="test_add[compatible_vector_array_pair1-&lt;lambda&gt;3]" time="0.0017261505126953125"></testcase><testcase classname="src.pymortests.vectorarray" file="src/pymortests/vectorarray.py" line="791" name="test_add[compatible_vector_array_pair1-&lt;lambda&gt;4]" time="0.0015606880187988281"></testcase><testcase classname="src.pymortests.vectorarray" file="src/pymortests/vectorarray.py" line="791" name="test_add[compatible_vector_array_pair1-&lt;lambda&gt;5]" time="0.0014061927795410156"></testcase><testcase classname="src.pymortests.vectorarray" file="src/pymortests/vectorarray.py" line="791" name="test_add[compatible_vector_array_pair1-&lt;lambda&gt;6]" time="0.001468658447265625"></testcase><testcase classname="src.pymortests.vectorarray" file="src/pymortests/vectorarray.py" line="791" name="test_add[compatible_vector_array_pair1-&lt;lambda&gt;7]" time="0.0014035701751708984"></testcase><testcase classname="src.pymortests.vectorarray" file="src/pymortests/vectorarray.py" line="791" name="test_add[compatible_vector_array_pair1-&lt;lambda&gt;8]" time="0.0018460750579833984"></testcase><testcase classname="src.pymortests.vectorarray" file="src/pymortests/vectorarray.py" line="791" name="test_add[compatible_vector_array_pair1-&lt;lambda&gt;9]" time="0.00484466552734375"></testcase><testcase classname="src.pymortests.vectorarray" file="src/pymortests/vectorarray.py" line="791" name="test_add[compatible_vector_array_pair1-&lt;lambda&gt;10]" time="0.00932002067565918"></testcase><testcase classname="src.pymortests.vectorarray" file="src/pymortests/vectorarray.py" line="791" name="test_add[compatible_vector_array_pair1-&lt;lambda&gt;11]" time="0.0018236637115478516"></testcase><testcase classname="src.pymortests.vectorarray" file="src/pymortests/vectorarray.py" line="791" name="test_add[compatible_vector_array_pair1-&lt;lambda&gt;12]" time="0.0018062591552734375"></testcase><testcase classname="src.pymortests.vectorarray" file="src/pymortests/vectorarray.py" line="791" name="test_add[compatible_vector_array_pair1-&lt;lambda&gt;13]" time="0.001947641372680664"></testcase><testcase classname="src.pymortests.vectorarray" file="src/pymortests/vectorarray.py" line="791" name="test_add[compatible_vector_array_pair1-&lt;lambda&gt;14]" time="0.0017778873443603516"></testcase><testcase classname="src.pymortests.vectorarray" file="src/pymortests/vectorarray.py" line="791" name="test_add[compatible_vector_array_pair1-&lt;lambda&gt;15]" time="0.002249002456665039"></testcase><testcase classname="src.pymortests.vectorarray" file="src/pymortests/vectorarray.py" line="791" name="test_add[compatible_vector_array_pair1-&lt;lambda&gt;16]" time="0.0025177001953125"></testcase><testcase classname="src.pymortests.vectorarray" file="src/pymortests/vectorarray.py" line="791" name="test_add[compatible_vector_array_pair1-&lt;lambda&gt;17]" time="0.0023708343505859375"></testcase><testcase classname="src.pymortests.vectorarray" file="src/pymortests/vectorarray.py" line="791" name="test_add[compatible_vector_array_pair1-&lt;lambda&gt;18]" time="0.0020880699157714844"></testcase><testcase classname="src.pymortests.vectorarray" file="src/pymortests/vectorarray.py" line="791" name="test_add[compatible_vector_array_pair1-&lt;lambda&gt;19]" time="0.002132892608642578"></testcase><testcase classname="src.pymortests.vectorarray" file="src/pymortests/vectorarray.py" line="791" name="test_add[compatible_vector_array_pair1-&lt;lambda&gt;20]" time="0.026311159133911133"></testcase><testcase classname="src.pymortests.vectorarray" file="src/pymortests/vectorarray.py" line="791" name="test_add[compatible_vector_array_pair1-&lt;lambda&gt;21]" time="0.019123315811157227"></testcase><testcase classname="src.pymortests.vectorarray" file="src/pymortests/vectorarray.py" line="791" name="test_add[compatible_vector_array_pair1-&lt;lambda&gt;22]" time="0.052091121673583984"></testcase><testcase classname="src.pymortests.vectorarray" file="src/pymortests/vectorarray.py" line="791" name="test_add[compatible_vector_array_pair1-&lt;lambda&gt;23]" time="0.003844022750854492"></testcase><testcase classname="src.pymortests.vectorarray" file="src/pymortests/vectorarray.py" line="791" name="test_add[compatible_vector_array_pair1-&lt;lambda&gt;24]" time="0.0016813278198242188"></testcase><testcase classname="src.pymortests.vectorarray" file="src/pymortests/vectorarray.py" line="791" name="test_add[compatible_vector_array_pair1-&lt;lambda&gt;25]" time="0.0024442672729492188"></testcase><testcase classname="src.pymortests.vectorarray" file="src/pymortests/vectorarray.py" line="791" name="test_add[compatible_vector_array_pair1-&lt;lambda&gt;26]" time="0.025066852569580078"></testcase><testcase classname="src.pymortests.vectorarray" file="src/pymortests/vectorarray.py" line="791" name="test_add[compatible_vector_array_pair1-&lt;lambda&gt;27]" time="0.12331748008728027"></testcase><testcase classname="src.pymortests.vectorarray" file="src/pymortests/vectorarray.py" line="791" name="test_add[compatible_vector_array_pair1-&lt;lambda&gt;28]" time="0.32894372940063477"></testcase><testcase classname="src.pymortests.vectorarray" file="src/pymortests/vectorarray.py" line="791" name="test_add[compatible_vector_array_pair1-&lt;lambda&gt;29]" time="0.010107755661010742"></testcase><testcase classname="src.pymortests.vectorarray" file="src/pymortests/vectorarray.py" line="791" name="test_add[compatible_vector_array_pair2-&lt;lambda&gt;0]" time="0.0021698474884033203"></testcase><testcase classname="src.pymortests.vectorarray" file="src/pymortests/vectorarray.py" line="791" name="test_add[compatible_vector_array_pair2-&lt;lambda&gt;1]" time="0.0014421939849853516"></testcase><testcase classname="src.pymortests.vectorarray" file="src/pymortests/vectorarray.py" line="791" name="test_add[compatible_vector_array_pair2-&lt;lambda&gt;2]" time="0.0014607906341552734"></testcase><testcase classname="src.pymortests.vectorarray" file="src/pymortests/vectorarray.py" line="791" name="test_add[compatible_vector_array_pair2-&lt;lambda&gt;3]" time="0.0015630722045898438"></testcase><testcase classname="src.pymortests.vectorarray" file="src/pymortests/vectorarray.py" line="791" name="test_add[compatible_vector_array_pair2-&lt;lambda&gt;4]" time="0.0014641284942626953"></testcase><testcase classname="src.pymortests.vectorarray" file="src/pymortests/vectorarray.py" line="791" name="test_add[compatible_vector_array_pair2-&lt;lambda&gt;5]" time="0.0014004707336425781"></testcase><testcase classname="src.pymortests.vectorarray" file="src/pymortests/vectorarray.py" line="791" name="test_add[compatible_vector_array_pair2-&lt;lambda&gt;6]" time="0.0013546943664550781"></testcase><testcase classname="src.pymortests.vectorarray" file="src/pymortests/vectorarray.py" line="791" name="test_add[compatible_vector_array_pair2-&lt;lambda&gt;7]" time="0.0013425350189208984"></testcase><testcase classname="src.pymortests.vectorarray" file="src/pymortests/vectorarray.py" line="791" name="test_add[compatible_vector_array_pair2-&lt;lambda&gt;8]" time="0.0017995834350585938"></testcase><testcase classname="src.pymortests.vectorarray" file="src/pymortests/vectorarray.py" line="791" name="test_add[compatible_vector_array_pair2-&lt;lambda&gt;9]" time="0.0049517154693603516"></testcase><testcase classname="src.pymortests.vectorarray" file="src/pymortests/vectorarray.py" line="791" name="test_add[compatible_vector_array_pair2-&lt;lambda&gt;10]" time="0.00963139533996582"></testcase><testcase classname="src.pymortests.vectorarray" file="src/pymortests/vectorarray.py" line="791" name="test_add[compatible_vector_array_pair2-&lt;lambda&gt;11]" time="0.0016510486602783203"></testcase><testcase classname="src.pymortests.vectorarray" file="src/pymortests/vectorarray.py" line="791" name="test_add[compatible_vector_array_pair2-&lt;lambda&gt;12]" time="0.0017862319946289062"></testcase><testcase classname="src.pymortests.vectorarray" file="src/pymortests/vectorarray.py" line="791" name="test_add[compatible_vector_array_pair2-&lt;lambda&gt;13]" time="0.0019445419311523438"></testcase><testcase classname="src.pymortests.vectorarray" file="src/pymortests/vectorarray.py" line="791" name="test_add[compatible_vector_array_pair2-&lt;lambda&gt;14]" time="0.0018551349639892578"></testcase><testcase classname="src.pymortests.vectorarray" file="src/pymortests/vectorarray.py" line="791" name="test_add[compatible_vector_array_pair2-&lt;lambda&gt;15]" time="0.0023124217987060547"></testcase><testcase classname="src.pymortests.vectorarray" file="src/pymortests/vectorarray.py" line="791" name="test_add[compatible_vector_array_pair2-&lt;lambda&gt;16]" time="0.0024840831756591797"></testcase><testcase classname="src.pymortests.vectorarray" file="src/pymortests/vectorarray.py" line="791" name="test_add[compatible_vector_array_pair2-&lt;lambda&gt;17]" time="0.002315998077392578"></testcase><testcase classname="src.pymortests.vectorarray" file="src/pymortests/vectorarray.py" line="791" name="test_add[compatible_vector_array_pair2-&lt;lambda&gt;18]" time="0.002303600311279297"></testcase><testcase classname="src.pymortests.vectorarray" file="src/pymortests/vectorarray.py" line="791" name="test_add[compatible_vector_array_pair2-&lt;lambda&gt;19]" time="0.0020983219146728516"></testcase><testcase classname="src.pymortests.vectorarray" file="src/pymortests/vectorarray.py" line="791" name="test_add[compatible_vector_array_pair2-&lt;lambda&gt;20]" time="0.026439428329467773"></testcase><testcase classname="src.pymortests.vectorarray" file="src/pymortests/vectorarray.py" line="791" name="test_add[compatible_vector_array_pair2-&lt;lambda&gt;21]" time="0.018692970275878906"></testcase><testcase classname="src.pymortests.vectorarray" file="src/pymortests/vectorarray.py" line="791" name="test_add[compatible_vector_array_pair2-&lt;lambda&gt;22]" time="0.050536155700683594"></testcase><testcase classname="src.pymortests.vectorarray" file="src/pymortests/vectorarray.py" line="791" name="test_add[compatible_vector_array_pair2-&lt;lambda&gt;23]" time="0.004291534423828125"></testcase><testcase classname="src.pymortests.vectorarray" file="src/pymortests/vectorarray.py" line="791" name="test_add[compatible_vector_array_pair2-&lt;lambda&gt;24]" time="0.001584768295288086"></testcase><testcase classname="src.pymortests.vectorarray" file="src/pymortests/vectorarray.py" line="791" name="test_add[compatible_vector_array_pair2-&lt;lambda&gt;25]" time="0.0026459693908691406"></testcase><testcase classname="src.pymortests.vectorarray" file="src/pymortests/vectorarray.py" line="791" name="test_add[compatible_vector_array_pair2-&lt;lambda&gt;26]" time="0.026124954223632812"></testcase><testcase classname="src.pymortests.vectorarray" file="src/pymortests/vectorarray.py" line="791" name="test_add[compatible_vector_array_pair2-&lt;lambda&gt;27]" time="0.12340593338012695"></testcase><testcase classname="src.pymortests.vectorarray" file="src/pymortests/vectorarray.py" line="791" name="test_add[compatible_vector_array_pair2-&lt;lambda&gt;28]" time="0.31879568099975586"></testcase><testcase classname="src.pymortests.vectorarray" file="src/pymortests/vectorarray.py" line="791" name="test_add[compatible_vector_array_pair2-&lt;lambda&gt;29]" time="0.010230541229248047"></testcase><testcase classname="src.pymortests.vectorarray" file="src/pymortests/vectorarray.py" line="791" name="test_add[compatible_vector_array_pair3-&lt;lambda&gt;0]" time="0.002169370651245117"></testcase><testcase classname="src.pymortests.vectorarray" file="src/pymortests/vectorarray.py" line="791" name="test_add[compatible_vector_array_pair3-&lt;lambda&gt;1]" time="0.0017139911651611328"></testcase><testcase classname="src.pymortests.vectorarray" file="src/pymortests/vectorarray.py" line="791" name="test_add[compatible_vector_array_pair3-&lt;lambda&gt;2]" time="0.001543283462524414"></testcase><testcase classname="src.pymortests.vectorarray" file="src/pymortests/vectorarray.py" line="791" name="test_add[compatible_vector_array_pair3-&lt;lambda&gt;3]" time="0.0016050338745117188"></testcase><testcase classname="src.pymortests.vectorarray" file="src/pymortests/vectorarray.py" line="791" name="test_add[compatible_vector_array_pair3-&lt;lambda&gt;4]" time="0.0014619827270507812"></testcase><testcase classname="src.pymortests.vectorarray" file="src/pymortests/vectorarray.py" line="791" name="test_add[compatible_vector_array_pair3-&lt;lambda&gt;5]" time="0.0013728141784667969"></testcase><testcase classname="src.pymortests.vectorarray" file="src/pymortests/vectorarray.py" line="791" name="test_add[compatible_vector_array_pair3-&lt;lambda&gt;6]" time="0.0013430118560791016"></testcase><testcase classname="src.pymortests.vectorarray" file="src/pymortests/vectorarray.py" line="791" name="test_add[compatible_vector_array_pair3-&lt;lambda&gt;7]" time="0.0013267993927001953"></testcase><testcase classname="src.pymortests.vectorarray" file="src/pymortests/vectorarray.py" line="791" name="test_add[compatible_vector_array_pair3-&lt;lambda&gt;8]" time="0.001644134521484375"></testcase><testcase classname="src.pymortests.vectorarray" file="src/pymortests/vectorarray.py" line="791" name="test_add[compatible_vector_array_pair3-&lt;lambda&gt;9]" time="0.00471186637878418"></testcase><testcase classname="src.pymortests.vectorarray" file="src/pymortests/vectorarray.py" line="791" name="test_add[compatible_vector_array_pair3-&lt;lambda&gt;10]" time="0.00892019271850586"></testcase><testcase classname="src.pymortests.vectorarray" file="src/pymortests/vectorarray.py" line="791" name="test_add[compatible_vector_array_pair3-&lt;lambda&gt;11]" time="0.0017287731170654297"></testcase><testcase classname="src.pymortests.vectorarray" file="src/pymortests/vectorarray.py" line="791" name="test_add[compatible_vector_array_pair3-&lt;lambda&gt;12]" time="0.0017673969268798828"></testcase><testcase classname="src.pymortests.vectorarray" file="src/pymortests/vectorarray.py" line="791" name="test_add[compatible_vector_array_pair3-&lt;lambda&gt;13]" time="0.0018582344055175781"></testcase><testcase classname="src.pymortests.vectorarray" file="src/pymortests/vectorarray.py" line="791" name="test_add[compatible_vector_array_pair3-&lt;lambda&gt;14]" time="0.0018343925476074219"></testcase><testcase classname="src.pymortests.vectorarray" file="src/pymortests/vectorarray.py" line="791" name="test_add[compatible_vector_array_pair3-&lt;lambda&gt;15]" time="0.002188444137573242"></testcase><testcase classname="src.pymortests.vectorarray" file="src/pymortests/vectorarray.py" line="791" name="test_add[compatible_vector_array_pair3-&lt;lambda&gt;16]" time="0.002449512481689453"></testcase><testcase classname="src.pymortests.vectorarray" file="src/pymortests/vectorarray.py" line="791" name="test_add[compatible_vector_array_pair3-&lt;lambda&gt;17]" time="0.002256631851196289"></testcase><testcase classname="src.pymortests.vectorarray" file="src/pymortests/vectorarray.py" line="791" name="test_add[compatible_vector_array_pair3-&lt;lambda&gt;18]" time="0.0020351409912109375"></testcase><testcase classname="src.pymortests.vectorarray" file="src/pymortests/vectorarray.py" line="791" name="test_add[compatible_vector_array_pair3-&lt;lambda&gt;19]" time="0.0021719932556152344"></testcase><testcase classname="src.pymortests.vectorarray" file="src/pymortests/vectorarray.py" line="791" name="test_add[compatible_vector_array_pair3-&lt;lambda&gt;20]" time="0.027879714965820312"></testcase><testcase classname="src.pymortests.vectorarray" file="src/pymortests/vectorarray.py" line="791" name="test_add[compatible_vector_array_pair3-&lt;lambda&gt;21]" time="0.01869034767150879"></testcase><testcase classname="src.pymortests.vectorarray" file="src/pymortests/vectorarray.py" line="791" name="test_add[compatible_vector_array_pair3-&lt;lambda&gt;22]" time="0.048952579498291016"></testcase><testcase classname="src.pymortests.vectorarray" file="src/pymortests/vectorarray.py" line="791" name="test_add[compatible_vector_array_pair3-&lt;lambda&gt;23]" time="0.003692626953125"></testcase><testcase classname="src.pymortests.vectorarray" file="src/pymortests/vectorarray.py" line="791" name="test_add[compatible_vector_array_pair3-&lt;lambda&gt;24]" time="0.0013837814331054688"></testcase><testcase classname="src.pymortests.vectorarray" file="src/pymortests/vectorarray.py" line="791" name="test_add[compatible_vector_array_pair3-&lt;lambda&gt;25]" time="0.0024271011352539062"></testcase><testcase classname="src.pymortests.vectorarray" file="src/pymortests/vectorarray.py" line="791" name="test_add[compatible_vector_array_pair3-&lt;lambda&gt;26]" time="0.024187088012695312"></testcase><testcase classname="src.pymortests.vectorarray" file="src/pymortests/vectorarray.py" line="791" name="test_add[compatible_vector_array_pair3-&lt;lambda&gt;27]" time="0.12175846099853516"></testcase><testcase classname="src.pymortests.vectorarray" file="src/pymortests/vectorarray.py" line="791" name="test_add[compatible_vector_array_pair3-&lt;lambda&gt;28]" time="0.320697546005249"></testcase><testcase classname="src.pymortests.vectorarray" file="src/pymortests/vectorarray.py" line="791" name="test_add[compatible_vector_array_pair3-&lt;lambda&gt;29]" time="0.00968313217163086"></testcase><testcase classname="src.pymortests.vectorarray" file="src/pymortests/vectorarray.py" line="791" name="test_add[compatible_vector_array_pair4-&lt;lambda&gt;0]" time="0.001569986343383789"></testcase><testcase classname="src.pymortests.vectorarray" file="src/pymortests/vectorarray.py" line="791" name="test_add[compatible_vector_array_pair4-&lt;lambda&gt;1]" time="0.0014770030975341797"></testcase><testcase classname="src.pymortests.vectorarray" file="src/pymortests/vectorarray.py" line="791" name="test_add[compatible_vector_array_pair4-&lt;lambda&gt;2]" time="0.001482248306274414"></testcase><testcase classname="src.pymortests.vectorarray" file="src/pymortests/vectorarray.py" line="791" name="test_add[compatible_vector_array_pair4-&lt;lambda&gt;3]" time="0.0016014575958251953"></testcase><testcase classname="src.pymortests.vectorarray" file="src/pymortests/vectorarray.py" line="791" name="test_add[compatible_vector_array_pair4-&lt;lambda&gt;4]" time="0.0015685558319091797"></testcase><testcase classname="src.pymortests.vectorarray" file="src/pymortests/vectorarray.py" line="791" name="test_add[compatible_vector_array_pair4-&lt;lambda&gt;5]" time="0.0014781951904296875"></testcase><testcase classname="src.pymortests.vectorarray" file="src/pymortests/vectorarray.py" line="791" name="test_add[compatible_vector_array_pair4-&lt;lambda&gt;6]" time="0.0014100074768066406"></testcase><testcase classname="src.pymortests.vectorarray" file="src/pymortests/vectorarray.py" line="791" name="test_add[compatible_vector_array_pair4-&lt;lambda&gt;7]" time="0.0014276504516601562"></testcase><testcase classname="src.pymortests.vectorarray" file="src/pymortests/vectorarray.py" line="791" name="test_add[compatible_vector_array_pair4-&lt;lambda&gt;8]" time="0.002188444137573242"></testcase><testcase classname="src.pymortests.vectorarray" file="src/pymortests/vectorarray.py" line="791" name="test_add[compatible_vector_array_pair4-&lt;lambda&gt;9]" time="0.0048444271087646484"></testcase><testcase classname="src.pymortests.vectorarray" file="src/pymortests/vectorarray.py" line="791" name="test_add[compatible_vector_array_pair4-&lt;lambda&gt;10]" time="0.009298324584960938"></testcase><testcase classname="src.pymortests.vectorarray" file="src/pymortests/vectorarray.py" line="791" name="test_add[compatible_vector_array_pair4-&lt;lambda&gt;11]" time="0.001753091812133789"></testcase><testcase classname="src.pymortests.vectorarray" file="src/pymortests/vectorarray.py" line="791" name="test_add[compatible_vector_array_pair4-&lt;lambda&gt;12]" time="0.0018548965454101562"></testcase><testcase classname="src.pymortests.vectorarray" file="src/pymortests/vectorarray.py" line="791" name="test_add[compatible_vector_array_pair4-&lt;lambda&gt;13]" time="0.0020368099212646484"></testcase><testcase classname="src.pymortests.vectorarray" file="src/pymortests/vectorarray.py" line="791" name="test_add[compatible_vector_array_pair4-&lt;lambda&gt;14]" time="0.001966238021850586"></testcase><testcase classname="src.pymortests.vectorarray" file="src/pymortests/vectorarray.py" line="791" name="test_add[compatible_vector_array_pair4-&lt;lambda&gt;15]" time="0.00237274169921875"></testcase><testcase classname="src.pymortests.vectorarray" file="src/pymortests/vectorarray.py" line="791" name="test_add[compatible_vector_array_pair4-&lt;lambda&gt;16]" time="0.002641439437866211"></testcase><testcase classname="src.pymortests.vectorarray" file="src/pymortests/vectorarray.py" line="791" name="test_add[compatible_vector_array_pair4-&lt;lambda&gt;17]" time="0.002496957778930664"></testcase><testcase classname="src.pymortests.vectorarray" file="src/pymortests/vectorarray.py" line="791" name="test_add[compatible_vector_array_pair4-&lt;lambda&gt;18]" time="0.0021238327026367188"></testcase><testcase classname="src.pymortests.vectorarray" file="src/pymortests/vectorarray.py" line="791" name="test_add[compatible_vector_array_pair4-&lt;lambda&gt;19]" time="0.0021407604217529297"></testcase><testcase classname="src.pymortests.vectorarray" file="src/pymortests/vectorarray.py" line="791" name="test_add[compatible_vector_array_pair4-&lt;lambda&gt;20]" time="0.02728891372680664"></testcase><testcase classname="src.pymortests.vectorarray" file="src/pymortests/vectorarray.py" line="791" name="test_add[compatible_vector_array_pair4-&lt;lambda&gt;21]" time="0.017398595809936523"></testcase><testcase classname="src.pymortests.vectorarray" file="src/pymortests/vectorarray.py" line="791" name="test_add[compatible_vector_array_pair4-&lt;lambda&gt;22]" time="0.049163818359375"></testcase><testcase classname="src.pymortests.vectorarray" file="src/pymortests/vectorarray.py" line="791" name="test_add[compatible_vector_array_pair4-&lt;lambda&gt;23]" time="0.003815174102783203"></testcase><testcase classname="src.pymortests.vectorarray" file="src/pymortests/vectorarray.py" line="791" name="test_add[compatible_vector_array_pair4-&lt;lambda&gt;24]" time="0.0013568401336669922"></testcase><testcase classname="src.pymortests.vectorarray" file="src/pymortests/vectorarray.py" line="791" name="test_add[compatible_vector_array_pair4-&lt;lambda&gt;25]" time="0.0023725032806396484"></testcase><testcase classname="src.pymortests.vectorarray" file="src/pymortests/vectorarray.py" line="791" name="test_add[compatible_vector_array_pair4-&lt;lambda&gt;26]" time="0.023664474487304688"></testcase><testcase classname="src.pymortests.vectorarray" file="src/pymortests/vectorarray.py" line="791" name="test_add[compatible_vector_array_pair4-&lt;lambda&gt;27]" time="0.12142825126647949"></testcase><testcase classname="src.pymortests.vectorarray" file="src/pymortests/vectorarray.py" line="791" name="test_add[compatible_vector_array_pair4-&lt;lambda&gt;28]" time="0.32245302200317383"></testcase><testcase classname="src.pymortests.vectorarray" file="src/pymortests/vectorarray.py" line="791" name="test_add[compatible_vector_array_pair4-&lt;lambda&gt;29]" time="0.009496688842773438"></testcase><testcase classname="src.pymortests.vectorarray" file="src/pymortests/vectorarray.py" line="791" name="test_add[compatible_vector_array_pair5-&lt;lambda&gt;0]" time="0.0021626949310302734"></testcase><testcase classname="src.pymortests.vectorarray" file="src/pymortests/vectorarray.py" line="791" name="test_add[compatible_vector_array_pair5-&lt;lambda&gt;1]" time="0.00151824951171875"></testcase><testcase classname="src.pymortests.vectorarray" file="src/pymortests/vectorarray.py" line="791" name="test_add[compatible_vector_array_pair5-&lt;lambda&gt;2]" time="0.0015413761138916016"></testcase><testcase classname="src.pymortests.vectorarray" file="src/pymortests/vectorarray.py" line="791" name="test_add[compatible_vector_array_pair5-&lt;lambda&gt;3]" time="0.0016329288482666016"></testcase><testcase classname="src.pymortests.vectorarray" file="src/pymortests/vectorarray.py" line="791" name="test_add[compatible_vector_array_pair5-&lt;lambda&gt;4]" time="0.0015149116516113281"></testcase><testcase classname="src.pymortests.vectorarray" file="src/pymortests/vectorarray.py" line="791" name="test_add[compatible_vector_array_pair5-&lt;lambda&gt;5]" time="0.0014271736145019531"></testcase><testcase classname="src.pymortests.vectorarray" file="src/pymortests/vectorarray.py" line="791" name="test_add[compatible_vector_array_pair5-&lt;lambda&gt;6]" time="0.0014002323150634766"></testcase><testcase classname="src.pymortests.vectorarray" file="src/pymortests/vectorarray.py" line="791" name="test_add[compatible_vector_array_pair5-&lt;lambda&gt;7]" time="0.0013899803161621094"></testcase><testcase classname="src.pymortests.vectorarray" file="src/pymortests/vectorarray.py" line="791" name="test_add[compatible_vector_array_pair5-&lt;lambda&gt;8]" time="0.0018298625946044922"></testcase><testcase classname="src.pymortests.vectorarray" file="src/pymortests/vectorarray.py" line="791" name="test_add[compatible_vector_array_pair5-&lt;lambda&gt;9]" time="0.004835367202758789"></testcase><testcase classname="src.pymortests.vectorarray" file="src/pymortests/vectorarray.py" line="791" name="test_add[compatible_vector_array_pair5-&lt;lambda&gt;10]" time="0.009447813034057617"></testcase><testcase classname="src.pymortests.vectorarray" file="src/pymortests/vectorarray.py" line="791" name="test_add[compatible_vector_array_pair5-&lt;lambda&gt;11]" time="0.0016913414001464844"></testcase><testcase classname="src.pymortests.vectorarray" file="src/pymortests/vectorarray.py" line="791" name="test_add[compatible_vector_array_pair5-&lt;lambda&gt;12]" time="0.0018322467803955078"></testcase><testcase classname="src.pymortests.vectorarray" file="src/pymortests/vectorarray.py" line="791" name="test_add[compatible_vector_array_pair5-&lt;lambda&gt;13]" time="0.001961946487426758"></testcase><testcase classname="src.pymortests.vectorarray" file="src/pymortests/vectorarray.py" line="791" name="test_add[compatible_vector_array_pair5-&lt;lambda&gt;14]" time="0.0018684864044189453"></testcase><testcase classname="src.pymortests.vectorarray" file="src/pymortests/vectorarray.py" line="791" name="test_add[compatible_vector_array_pair5-&lt;lambda&gt;15]" time="0.0023086071014404297"></testcase><testcase classname="src.pymortests.vectorarray" file="src/pymortests/vectorarray.py" line="791" name="test_add[compatible_vector_array_pair5-&lt;lambda&gt;16]" time="0.002541065216064453"></testcase><testcase classname="src.pymortests.vectorarray" file="src/pymortests/vectorarray.py" line="791" name="test_add[compatible_vector_array_pair5-&lt;lambda&gt;17]" time="0.0023860931396484375"></testcase><testcase classname="src.pymortests.vectorarray" file="src/pymortests/vectorarray.py" line="791" name="test_add[compatible_vector_array_pair5-&lt;lambda&gt;18]" time="0.0020499229431152344"></testcase><testcase classname="src.pymortests.vectorarray" file="src/pymortests/vectorarray.py" line="791" name="test_add[compatible_vector_array_pair5-&lt;lambda&gt;19]" time="0.002063751220703125"></testcase><testcase classname="src.pymortests.vectorarray" file="src/pymortests/vectorarray.py" line="791" name="test_add[compatible_vector_array_pair5-&lt;lambda&gt;20]" time="0.025490522384643555"></testcase><testcase classname="src.pymortests.vectorarray" file="src/pymortests/vectorarray.py" line="791" name="test_add[compatible_vector_array_pair5-&lt;lambda&gt;21]" time="0.017647981643676758"></testcase><testcase classname="src.pymortests.vectorarray" file="src/pymortests/vectorarray.py" line="791" name="test_add[compatible_vector_array_pair5-&lt;lambda&gt;22]" time="0.04838109016418457"></testcase><testcase classname="src.pymortests.vectorarray" file="src/pymortests/vectorarray.py" line="791" name="test_add[compatible_vector_array_pair5-&lt;lambda&gt;23]" time="0.0036439895629882812"></testcase><testcase classname="src.pymortests.vectorarray" file="src/pymortests/vectorarray.py" line="791" name="test_add[compatible_vector_array_pair5-&lt;lambda&gt;24]" time="0.0013883113861083984"></testcase><testcase classname="src.pymortests.vectorarray" file="src/pymortests/vectorarray.py" line="791" name="test_add[compatible_vector_array_pair5-&lt;lambda&gt;25]" time="0.0024039745330810547"></testcase><testcase classname="src.pymortests.vectorarray" file="src/pymortests/vectorarray.py" line="791" name="test_add[compatible_vector_array_pair5-&lt;lambda&gt;26]" time="0.024415016174316406"></testcase><testcase classname="src.pymortests.vectorarray" file="src/pymortests/vectorarray.py" line="791" name="test_add[compatible_vector_array_pair5-&lt;lambda&gt;27]" time="0.12123584747314453"></testcase><testcase classname="src.pymortests.vectorarray" file="src/pymortests/vectorarray.py" line="791" name="test_add[compatible_vector_array_pair5-&lt;lambda&gt;28]" time="0.3179206848144531"></testcase><testcase classname="src.pymortests.vectorarray" file="src/pymortests/vectorarray.py" line="791" name="test_add[compatible_vector_array_pair5-&lt;lambda&gt;29]" time="0.009650230407714844"></testcase><testcase classname="src.pymortests.vectorarray" file="src/pymortests/vectorarray.py" line="791" name="test_add[compatible_vector_array_pair6-&lt;lambda&gt;0]" time="0.0020978450775146484"></testcase><testcase classname="src.pymortests.vectorarray" file="src/pymortests/vectorarray.py" line="791" name="test_add[compatible_vector_array_pair6-&lt;lambda&gt;1]" time="0.0017347335815429688"></testcase><testcase classname="src.pymortests.vectorarray" file="src/pymortests/vectorarray.py" line="791" name="test_add[compatible_vector_array_pair6-&lt;lambda&gt;2]" time="0.0014162063598632812"></testcase><testcase classname="src.pymortests.vectorarray" file="src/pymortests/vectorarray.py" line="791" name="test_add[compatible_vector_array_pair6-&lt;lambda&gt;3]" time="0.001524209976196289"></testcase><testcase classname="src.pymortests.vectorarray" file="src/pymortests/vectorarray.py" line="791" name="test_add[compatible_vector_array_pair6-&lt;lambda&gt;4]" time="0.0014872550964355469"></testcase><testcase classname="src.pymortests.vectorarray" file="src/pymortests/vectorarray.py" line="791" name="test_add[compatible_vector_array_pair6-&lt;lambda&gt;5]" time="0.0013272762298583984"></testcase><testcase classname="src.pymortests.vectorarray" file="src/pymortests/vectorarray.py" line="791" name="test_add[compatible_vector_array_pair6-&lt;lambda&gt;6]" time="0.0013344287872314453"></testcase><testcase classname="src.pymortests.vectorarray" file="src/pymortests/vectorarray.py" line="791" name="test_add[compatible_vector_array_pair6-&lt;lambda&gt;7]" time="0.0013053417205810547"></testcase><testcase classname="src.pymortests.vectorarray" file="src/pymortests/vectorarray.py" line="791" name="test_add[compatible_vector_array_pair6-&lt;lambda&gt;8]" time="0.0016405582427978516"></testcase><testcase classname="src.pymortests.vectorarray" file="src/pymortests/vectorarray.py" line="791" name="test_add[compatible_vector_array_pair6-&lt;lambda&gt;9]" time="0.004845857620239258"></testcase><testcase classname="src.pymortests.vectorarray" file="src/pymortests/vectorarray.py" line="791" name="test_add[compatible_vector_array_pair6-&lt;lambda&gt;10]" time="0.009124040603637695"></testcase><testcase classname="src.pymortests.vectorarray" file="src/pymortests/vectorarray.py" line="791" name="test_add[compatible_vector_array_pair6-&lt;lambda&gt;11]" time="0.0016837120056152344"></testcase><testcase classname="src.pymortests.vectorarray" file="src/pymortests/vectorarray.py" line="791" name="test_add[compatible_vector_array_pair6-&lt;lambda&gt;12]" time="0.0018112659454345703"></testcase><testcase classname="src.pymortests.vectorarray" file="src/pymortests/vectorarray.py" line="791" name="test_add[compatible_vector_array_pair6-&lt;lambda&gt;13]" time="0.0018720626831054688"></testcase><testcase classname="src.pymortests.vectorarray" file="src/pymortests/vectorarray.py" line="791" name="test_add[compatible_vector_array_pair6-&lt;lambda&gt;14]" time="0.0018308162689208984"></testcase><testcase classname="src.pymortests.vectorarray" file="src/pymortests/vectorarray.py" line="791" name="test_add[compatible_vector_array_pair6-&lt;lambda&gt;15]" time="0.0022208690643310547"></testcase><testcase classname="src.pymortests.vectorarray" file="src/pymortests/vectorarray.py" line="791" name="test_add[compatible_vector_array_pair6-&lt;lambda&gt;16]" time="0.002527952194213867"></testcase><testcase classname="src.pymortests.vectorarray" file="src/pymortests/vectorarray.py" line="791" name="test_add[compatible_vector_array_pair6-&lt;lambda&gt;17]" time="0.0023043155670166016"></testcase><testcase classname="src.pymortests.vectorarray" file="src/pymortests/vectorarray.py" line="791" name="test_add[compatible_vector_array_pair6-&lt;lambda&gt;18]" time="0.00202178955078125"></testcase><testcase classname="src.pymortests.vectorarray" file="src/pymortests/vectorarray.py" line="791" name="test_add[compatible_vector_array_pair6-&lt;lambda&gt;19]" time="0.0020852088928222656"></testcase><testcase classname="src.pymortests.vectorarray" file="src/pymortests/vectorarray.py" line="791" name="test_add[compatible_vector_array_pair6-&lt;lambda&gt;20]" time="0.027741193771362305"></testcase><testcase classname="src.pymortests.vectorarray" file="src/pymortests/vectorarray.py" line="791" name="test_add[compatible_vector_array_pair6-&lt;lambda&gt;21]" time="0.01920914649963379"></testcase><testcase classname="src.pymortests.vectorarray" file="src/pymortests/vectorarray.py" line="791" name="test_add[compatible_vector_array_pair6-&lt;lambda&gt;22]" time="0.04879283905029297"></testcase><testcase classname="src.pymortests.vectorarray" file="src/pymortests/vectorarray.py" line="791" name="test_add[compatible_vector_array_pair6-&lt;lambda&gt;23]" time="0.0037403106689453125"></testcase><testcase classname="src.pymortests.vectorarray" file="src/pymortests/vectorarray.py" line="791" name="test_add[compatible_vector_array_pair6-&lt;lambda&gt;24]" time="0.0013294219970703125"></testcase><testcase classname="src.pymortests.vectorarray" file="src/pymortests/vectorarray.py" line="791" name="test_add[compatible_vector_array_pair6-&lt;lambda&gt;25]" time="0.0023756027221679688"></testcase><testcase classname="src.pymortests.vectorarray" file="src/pymortests/vectorarray.py" line="791" name="test_add[compatible_vector_array_pair6-&lt;lambda&gt;26]" time="0.023387908935546875"></testcase><testcase classname="src.pymortests.vectorarray" file="src/pymortests/vectorarray.py" line="791" name="test_add[compatible_vector_array_pair6-&lt;lambda&gt;27]" time="0.11934161186218262"></testcase><testcase classname="src.pymortests.vectorarray" file="src/pymortests/vectorarray.py" line="791" name="test_add[compatible_vector_array_pair6-&lt;lambda&gt;28]" time="0.32019829750061035"></testcase><testcase classname="src.pymortests.vectorarray" file="src/pymortests/vectorarray.py" line="791" name="test_add[compatible_vector_array_pair6-&lt;lambda&gt;29]" time="0.010135889053344727"></testcase><testcase classname="src.pymortests.vectorarray" file="src/pymortests/vectorarray.py" line="791" name="test_add[compatible_vector_array_pair7-&lt;lambda&gt;0]" time="0.0016143321990966797"></testcase><testcase classname="src.pymortests.vectorarray" file="src/pymortests/vectorarray.py" line="791" name="test_add[compatible_vector_array_pair7-&lt;lambda&gt;1]" time="0.001560211181640625"></testcase><testcase classname="src.pymortests.vectorarray" file="src/pymortests/vectorarray.py" line="791" name="test_add[compatible_vector_array_pair7-&lt;lambda&gt;2]" time="0.0014607906341552734"></testcase><testcase classname="src.pymortests.vectorarray" file="src/pymortests/vectorarray.py" line="791" name="test_add[compatible_vector_array_pair7-&lt;lambda&gt;3]" time="0.0015666484832763672"></testcase><testcase classname="src.pymortests.vectorarray" file="src/pymortests/vectorarray.py" line="791" name="test_add[compatible_vector_array_pair7-&lt;lambda&gt;4]" time="0.0014901161193847656"></testcase><testcase classname="src.pymortests.vectorarray" file="src/pymortests/vectorarray.py" line="791" name="test_add[compatible_vector_array_pair7-&lt;lambda&gt;5]" time="0.0013728141784667969"></testcase><testcase classname="src.pymortests.vectorarray" file="src/pymortests/vectorarray.py" line="791" name="test_add[compatible_vector_array_pair7-&lt;lambda&gt;6]" time="0.00138092041015625"></testcase><testcase classname="src.pymortests.vectorarray" file="src/pymortests/vectorarray.py" line="791" name="test_add[compatible_vector_array_pair7-&lt;lambda&gt;7]" time="0.0013568401336669922"></testcase><testcase classname="src.pymortests.vectorarray" file="src/pymortests/vectorarray.py" line="791" name="test_add[compatible_vector_array_pair7-&lt;lambda&gt;8]" time="0.0018224716186523438"></testcase><testcase classname="src.pymortests.vectorarray" file="src/pymortests/vectorarray.py" line="791" name="test_add[compatible_vector_array_pair7-&lt;lambda&gt;9]" time="0.0048868656158447266"></testcase><testcase classname="src.pymortests.vectorarray" file="src/pymortests/vectorarray.py" line="791" name="test_add[compatible_vector_array_pair7-&lt;lambda&gt;10]" time="0.009622335433959961"></testcase><testcase classname="src.pymortests.vectorarray" file="src/pymortests/vectorarray.py" line="791" name="test_add[compatible_vector_array_pair7-&lt;lambda&gt;11]" time="0.0017888545989990234"></testcase><testcase classname="src.pymortests.vectorarray" file="src/pymortests/vectorarray.py" line="791" name="test_add[compatible_vector_array_pair7-&lt;lambda&gt;12]" time="0.0018036365509033203"></testcase><testcase classname="src.pymortests.vectorarray" file="src/pymortests/vectorarray.py" line="791" name="test_add[compatible_vector_array_pair7-&lt;lambda&gt;13]" time="0.0019812583923339844"></testcase><testcase classname="src.pymortests.vectorarray" file="src/pymortests/vectorarray.py" line="791" name="test_add[compatible_vector_array_pair7-&lt;lambda&gt;14]" time="0.0019047260284423828"></testcase><testcase classname="src.pymortests.vectorarray" file="src/pymortests/vectorarray.py" line="791" name="test_add[compatible_vector_array_pair7-&lt;lambda&gt;15]" time="0.002335786819458008"></testcase><testcase classname="src.pymortests.vectorarray" file="src/pymortests/vectorarray.py" line="791" name="test_add[compatible_vector_array_pair7-&lt;lambda&gt;16]" time="0.0026099681854248047"></testcase><testcase classname="src.pymortests.vectorarray" file="src/pymortests/vectorarray.py" line="791" name="test_add[compatible_vector_array_pair7-&lt;lambda&gt;17]" time="0.0024690628051757812"></testcase><testcase classname="src.pymortests.vectorarray" file="src/pymortests/vectorarray.py" line="791" name="test_add[compatible_vector_array_pair7-&lt;lambda&gt;18]" time="0.0020880699157714844"></testcase><testcase classname="src.pymortests.vectorarray" file="src/pymortests/vectorarray.py" line="791" name="test_add[compatible_vector_array_pair7-&lt;lambda&gt;19]" time="0.0022149085998535156"></testcase><testcase classname="src.pymortests.vectorarray" file="src/pymortests/vectorarray.py" line="791" name="test_add[compatible_vector_array_pair7-&lt;lambda&gt;20]" time="0.0272216796875"></testcase><testcase classname="src.pymortests.vectorarray" file="src/pymortests/vectorarray.py" line="791" name="test_add[compatible_vector_array_pair7-&lt;lambda&gt;21]" time="0.018492460250854492"></testcase><testcase classname="src.pymortests.vectorarray" file="src/pymortests/vectorarray.py" line="791" name="test_add[compatible_vector_array_pair7-&lt;lambda&gt;22]" time="0.050061941146850586"></testcase><testcase classname="src.pymortests.vectorarray" file="src/pymortests/vectorarray.py" line="791" name="test_add[compatible_vector_array_pair7-&lt;lambda&gt;23]" time="0.0037384033203125"></testcase><testcase classname="src.pymortests.vectorarray" file="src/pymortests/vectorarray.py" line="791" name="test_add[compatible_vector_array_pair7-&lt;lambda&gt;24]" time="0.0013484954833984375"></testcase><testcase classname="src.pymortests.vectorarray" file="src/pymortests/vectorarray.py" line="791" name="test_add[compatible_vector_array_pair7-&lt;lambda&gt;25]" time="0.0023741722106933594"></testcase><testcase classname="src.pymortests.vectorarray" file="src/pymortests/vectorarray.py" line="791" name="test_add[compatible_vector_array_pair7-&lt;lambda&gt;26]" time="0.023757219314575195"></testcase><testcase classname="src.pymortests.vectorarray" file="src/pymortests/vectorarray.py" line="791" name="test_add[compatible_vector_array_pair7-&lt;lambda&gt;27]" time="0.12161421775817871"></testcase><testcase classname="src.pymortests.vectorarray" file="src/pymortests/vectorarray.py" line="791" name="test_add[compatible_vector_array_pair7-&lt;lambda&gt;28]" time="0.32587623596191406"></testcase><testcase classname="src.pymortests.vectorarray" file="src/pymortests/vectorarray.py" line="791" name="test_add[compatible_vector_array_pair7-&lt;lambda&gt;29]" time="0.009793281555175781"></testcase><testcase classname="src.pymortests.vectorarray" file="src/pymortests/vectorarray.py" line="791" name="test_add[compatible_vector_array_pair8-&lt;lambda&gt;0]" time="0.0015819072723388672"></testcase><testcase classname="src.pymortests.vectorarray" file="src/pymortests/vectorarray.py" line="791" name="test_add[compatible_vector_array_pair8-&lt;lambda&gt;1]" time="0.0014481544494628906"></testcase><testcase classname="src.pymortests.vectorarray" file="src/pymortests/vectorarray.py" line="791" name="test_add[compatible_vector_array_pair8-&lt;lambda&gt;2]" time="0.0014691352844238281"></testcase><testcase classname="src.pymortests.vectorarray" file="src/pymortests/vectorarray.py" line="791" name="test_add[compatible_vector_array_pair8-&lt;lambda&gt;3]" time="0.0015664100646972656"></testcase><testcase classname="src.pymortests.vectorarray" file="src/pymortests/vectorarray.py" line="791" name="test_add[compatible_vector_array_pair8-&lt;lambda&gt;4]" time="0.001500844955444336"></testcase><testcase classname="src.pymortests.vectorarray" file="src/pymortests/vectorarray.py" line="791" name="test_add[compatible_vector_array_pair8-&lt;lambda&gt;5]" time="0.0013852119445800781"></testcase><testcase classname="src.pymortests.vectorarray" file="src/pymortests/vectorarray.py" line="791" name="test_add[compatible_vector_array_pair8-&lt;lambda&gt;6]" time="0.001331329345703125"></testcase><testcase classname="src.pymortests.vectorarray" file="src/pymortests/vectorarray.py" line="791" name="test_add[compatible_vector_array_pair8-&lt;lambda&gt;7]" time="0.0014095306396484375"></testcase><testcase classname="src.pymortests.vectorarray" file="src/pymortests/vectorarray.py" line="791" name="test_add[compatible_vector_array_pair8-&lt;lambda&gt;8]" time="0.0018877983093261719"></testcase><testcase classname="src.pymortests.vectorarray" file="src/pymortests/vectorarray.py" line="791" name="test_add[compatible_vector_array_pair8-&lt;lambda&gt;9]" time="0.004910707473754883"></testcase><testcase classname="src.pymortests.vectorarray" file="src/pymortests/vectorarray.py" line="791" name="test_add[compatible_vector_array_pair8-&lt;lambda&gt;10]" time="0.009522199630737305"></testcase><testcase classname="src.pymortests.vectorarray" file="src/pymortests/vectorarray.py" line="791" name="test_add[compatible_vector_array_pair8-&lt;lambda&gt;11]" time="0.001743316650390625"></testcase><testcase classname="src.pymortests.vectorarray" file="src/pymortests/vectorarray.py" line="791" name="test_add[compatible_vector_array_pair8-&lt;lambda&gt;12]" time="0.0019016265869140625"></testcase><testcase classname="src.pymortests.vectorarray" file="src/pymortests/vectorarray.py" line="791" name="test_add[compatible_vector_array_pair8-&lt;lambda&gt;13]" time="0.0020248889923095703"></testcase><testcase classname="src.pymortests.vectorarray" file="src/pymortests/vectorarray.py" line="791" name="test_add[compatible_vector_array_pair8-&lt;lambda&gt;14]" time="0.001889944076538086"></testcase><testcase classname="src.pymortests.vectorarray" file="src/pymortests/vectorarray.py" line="791" name="test_add[compatible_vector_array_pair8-&lt;lambda&gt;15]" time="0.0022563934326171875"></testcase><testcase classname="src.pymortests.vectorarray" file="src/pymortests/vectorarray.py" line="791" name="test_add[compatible_vector_array_pair8-&lt;lambda&gt;16]" time="0.0025148391723632812"></testcase><testcase classname="src.pymortests.vectorarray" file="src/pymortests/vectorarray.py" line="791" name="test_add[compatible_vector_array_pair8-&lt;lambda&gt;17]" time="0.002364635467529297"></testcase><testcase classname="src.pymortests.vectorarray" file="src/pymortests/vectorarray.py" line="791" name="test_add[compatible_vector_array_pair8-&lt;lambda&gt;18]" time="0.0020880699157714844"></testcase><testcase classname="src.pymortests.vectorarray" file="src/pymortests/vectorarray.py" line="791" name="test_add[compatible_vector_array_pair8-&lt;lambda&gt;19]" time="0.0020813941955566406"></testcase><testcase classname="src.pymortests.vectorarray" file="src/pymortests/vectorarray.py" line="791" name="test_add[compatible_vector_array_pair8-&lt;lambda&gt;20]" time="0.025307893753051758"></testcase><testcase classname="src.pymortests.vectorarray" file="src/pymortests/vectorarray.py" line="791" name="test_add[compatible_vector_array_pair8-&lt;lambda&gt;21]" time="0.018318653106689453"></testcase><testcase classname="src.pymortests.vectorarray" file="src/pymortests/vectorarray.py" line="791" name="test_add[compatible_vector_array_pair8-&lt;lambda&gt;22]" time="0.049582719802856445"></testcase><testcase classname="src.pymortests.vectorarray" file="src/pymortests/vectorarray.py" line="791" name="test_add[compatible_vector_array_pair8-&lt;lambda&gt;23]" time="0.003900289535522461"></testcase><testcase classname="src.pymortests.vectorarray" file="src/pymortests/vectorarray.py" line="791" name="test_add[compatible_vector_array_pair8-&lt;lambda&gt;24]" time="0.0014431476593017578"></testcase><testcase classname="src.pymortests.vectorarray" file="src/pymortests/vectorarray.py" line="791" name="test_add[compatible_vector_array_pair8-&lt;lambda&gt;25]" time="0.0024232864379882812"></testcase><testcase classname="src.pymortests.vectorarray" file="src/pymortests/vectorarray.py" line="791" name="test_add[compatible_vector_array_pair8-&lt;lambda&gt;26]" time="0.023731470108032227"></testcase><testcase classname="src.pymortests.vectorarray" file="src/pymortests/vectorarray.py" line="791" name="test_add[compatible_vector_array_pair8-&lt;lambda&gt;27]" time="0.12202191352844238"></testcase><testcase classname="src.pymortests.vectorarray" file="src/pymortests/vectorarray.py" line="791" name="test_add[compatible_vector_array_pair8-&lt;lambda&gt;28]" time="0.3371083736419678"></testcase><testcase classname="src.pymortests.vectorarray" file="src/pymortests/vectorarray.py" line="791" name="test_add[compatible_vector_array_pair8-&lt;lambda&gt;29]" time="0.010439634323120117"></testcase><testcase classname="src.pymortests.vectorarray" file="src/pymortests/vectorarray.py" line="804" name="test_iadd[compatible_vector_array_pair0-&lt;lambda&gt;0]" time="0.0015659332275390625"></testcase><testcase classname="src.pymortests.vectorarray" file="src/pymortests/vectorarray.py" line="804" name="test_iadd[compatible_vector_array_pair0-&lt;lambda&gt;1]" time="0.0014052391052246094"></testcase><testcase classname="src.pymortests.vectorarray" file="src/pymortests/vectorarray.py" line="804" name="test_iadd[compatible_vector_array_pair0-&lt;lambda&gt;2]" time="0.0013878345489501953"></testcase><testcase classname="src.pymortests.vectorarray" file="src/pymortests/vectorarray.py" line="804" name="test_iadd[compatible_vector_array_pair0-&lt;lambda&gt;3]" time="0.0015263557434082031"></testcase><testcase classname="src.pymortests.vectorarray" file="src/pymortests/vectorarray.py" line="804" name="test_iadd[compatible_vector_array_pair0-&lt;lambda&gt;4]" time="0.0014133453369140625"></testcase><testcase classname="src.pymortests.vectorarray" file="src/pymortests/vectorarray.py" line="804" name="test_iadd[compatible_vector_array_pair0-&lt;lambda&gt;5]" time="0.0012905597686767578"></testcase><testcase classname="src.pymortests.vectorarray" file="src/pymortests/vectorarray.py" line="804" name="test_iadd[compatible_vector_array_pair0-&lt;lambda&gt;6]" time="0.0012979507446289062"></testcase><testcase classname="src.pymortests.vectorarray" file="src/pymortests/vectorarray.py" line="804" name="test_iadd[compatible_vector_array_pair0-&lt;lambda&gt;7]" time="0.001588582992553711"></testcase><testcase classname="src.pymortests.vectorarray" file="src/pymortests/vectorarray.py" line="804" name="test_iadd[compatible_vector_array_pair0-&lt;lambda&gt;8]" time="0.0016553401947021484"></testcase><testcase classname="src.pymortests.vectorarray" file="src/pymortests/vectorarray.py" line="804" name="test_iadd[compatible_vector_array_pair0-&lt;lambda&gt;9]" time="0.003237009048461914"></testcase><testcase classname="src.pymortests.vectorarray" file="src/pymortests/vectorarray.py" line="804" name="test_iadd[compatible_vector_array_pair0-&lt;lambda&gt;10]" time="0.005702972412109375"></testcase><testcase classname="src.pymortests.vectorarray" file="src/pymortests/vectorarray.py" line="804" name="test_iadd[compatible_vector_array_pair0-&lt;lambda&gt;11]" time="0.0014247894287109375"></testcase><testcase classname="src.pymortests.vectorarray" file="src/pymortests/vectorarray.py" line="804" name="test_iadd[compatible_vector_array_pair0-&lt;lambda&gt;12]" time="0.0015292167663574219"></testcase><testcase classname="src.pymortests.vectorarray" file="src/pymortests/vectorarray.py" line="804" name="test_iadd[compatible_vector_array_pair0-&lt;lambda&gt;13]" time="0.001653909683227539"></testcase><testcase classname="src.pymortests.vectorarray" file="src/pymortests/vectorarray.py" line="804" name="test_iadd[compatible_vector_array_pair0-&lt;lambda&gt;14]" time="0.001565694808959961"></testcase><testcase classname="src.pymortests.vectorarray" file="src/pymortests/vectorarray.py" line="804" name="test_iadd[compatible_vector_array_pair0-&lt;lambda&gt;15]" time="0.0018508434295654297"></testcase><testcase classname="src.pymortests.vectorarray" file="src/pymortests/vectorarray.py" line="804" name="test_iadd[compatible_vector_array_pair0-&lt;lambda&gt;16]" time="0.002191305160522461"></testcase><testcase classname="src.pymortests.vectorarray" file="src/pymortests/vectorarray.py" line="804" name="test_iadd[compatible_vector_array_pair0-&lt;lambda&gt;17]" time="0.0022437572479248047"></testcase><testcase classname="src.pymortests.vectorarray" file="src/pymortests/vectorarray.py" line="804" name="test_iadd[compatible_vector_array_pair0-&lt;lambda&gt;18]" time="0.0022284984588623047"></testcase><testcase classname="src.pymortests.vectorarray" file="src/pymortests/vectorarray.py" line="804" name="test_iadd[compatible_vector_array_pair0-&lt;lambda&gt;19]" time="0.002214670181274414"></testcase><testcase classname="src.pymortests.vectorarray" file="src/pymortests/vectorarray.py" line="804" name="test_iadd[compatible_vector_array_pair0-&lt;lambda&gt;20]" time="0.026918888092041016"></testcase><testcase classname="src.pymortests.vectorarray" file="src/pymortests/vectorarray.py" line="804" name="test_iadd[compatible_vector_array_pair0-&lt;lambda&gt;21]" time="0.015444278717041016"></testcase><testcase classname="src.pymortests.vectorarray" file="src/pymortests/vectorarray.py" line="804" name="test_iadd[compatible_vector_array_pair0-&lt;lambda&gt;22]" time="0.04362630844116211"></testcase><testcase classname="src.pymortests.vectorarray" file="src/pymortests/vectorarray.py" line="804" name="test_iadd[compatible_vector_array_pair0-&lt;lambda&gt;23]" time="0.003496885299682617"></testcase><testcase classname="src.pymortests.vectorarray" file="src/pymortests/vectorarray.py" line="804" name="test_iadd[compatible_vector_array_pair0-&lt;lambda&gt;24]" time="0.0013041496276855469"></testcase><testcase classname="src.pymortests.vectorarray" file="src/pymortests/vectorarray.py" line="804" name="test_iadd[compatible_vector_array_pair0-&lt;lambda&gt;25]" time="0.002320528030395508"></testcase><testcase classname="src.pymortests.vectorarray" file="src/pymortests/vectorarray.py" line="804" name="test_iadd[compatible_vector_array_pair0-&lt;lambda&gt;26]" time="0.023328542709350586"></testcase><testcase classname="src.pymortests.vectorarray" file="src/pymortests/vectorarray.py" line="804" name="test_iadd[compatible_vector_array_pair0-&lt;lambda&gt;27]" time="0.07768654823303223"></testcase><testcase classname="src.pymortests.vectorarray" file="src/pymortests/vectorarray.py" line="804" name="test_iadd[compatible_vector_array_pair0-&lt;lambda&gt;28]" time="0.218339204788208"></testcase><testcase classname="src.pymortests.vectorarray" file="src/pymortests/vectorarray.py" line="804" name="test_iadd[compatible_vector_array_pair0-&lt;lambda&gt;29]" time="0.00780487060546875"></testcase><testcase classname="src.pymortests.vectorarray" file="src/pymortests/vectorarray.py" line="804" name="test_iadd[compatible_vector_array_pair1-&lt;lambda&gt;0]" time="0.0015032291412353516"></testcase><testcase classname="src.pymortests.vectorarray" file="src/pymortests/vectorarray.py" line="804" name="test_iadd[compatible_vector_array_pair1-&lt;lambda&gt;1]" time="0.001522064208984375"></testcase><testcase classname="src.pymortests.vectorarray" file="src/pymortests/vectorarray.py" line="804" name="test_iadd[compatible_vector_array_pair1-&lt;lambda&gt;2]" time="0.001439809799194336"></testcase><testcase classname="src.pymortests.vectorarray" file="src/pymortests/vectorarray.py" line="804" name="test_iadd[compatible_vector_array_pair1-&lt;lambda&gt;3]" time="0.0015704631805419922"></testcase><testcase classname="src.pymortests.vectorarray" file="src/pymortests/vectorarray.py" line="804" name="test_iadd[compatible_vector_array_pair1-&lt;lambda&gt;4]" time="0.001481771469116211"></testcase><testcase classname="src.pymortests.vectorarray" file="src/pymortests/vectorarray.py" line="804" name="test_iadd[compatible_vector_array_pair1-&lt;lambda&gt;5]" time="0.0014271736145019531"></testcase><testcase classname="src.pymortests.vectorarray" file="src/pymortests/vectorarray.py" line="804" name="test_iadd[compatible_vector_array_pair1-&lt;lambda&gt;6]" time="0.0014045238494873047"></testcase><testcase classname="src.pymortests.vectorarray" file="src/pymortests/vectorarray.py" line="804" name="test_iadd[compatible_vector_array_pair1-&lt;lambda&gt;7]" time="0.001360177993774414"></testcase><testcase classname="src.pymortests.vectorarray" file="src/pymortests/vectorarray.py" line="804" name="test_iadd[compatible_vector_array_pair1-&lt;lambda&gt;8]" time="0.0017001628875732422"></testcase><testcase classname="src.pymortests.vectorarray" file="src/pymortests/vectorarray.py" line="804" name="test_iadd[compatible_vector_array_pair1-&lt;lambda&gt;9]" time="0.003389120101928711"></testcase><testcase classname="src.pymortests.vectorarray" file="src/pymortests/vectorarray.py" line="804" name="test_iadd[compatible_vector_array_pair1-&lt;lambda&gt;10]" time="0.0066835880279541016"></testcase><testcase classname="src.pymortests.vectorarray" file="src/pymortests/vectorarray.py" line="804" name="test_iadd[compatible_vector_array_pair1-&lt;lambda&gt;11]" time="0.0015861988067626953"></testcase><testcase classname="src.pymortests.vectorarray" file="src/pymortests/vectorarray.py" line="804" name="test_iadd[compatible_vector_array_pair1-&lt;lambda&gt;12]" time="0.0017001628875732422"></testcase><testcase classname="src.pymortests.vectorarray" file="src/pymortests/vectorarray.py" line="804" name="test_iadd[compatible_vector_array_pair1-&lt;lambda&gt;13]" time="0.0017464160919189453"></testcase><testcase classname="src.pymortests.vectorarray" file="src/pymortests/vectorarray.py" line="804" name="test_iadd[compatible_vector_array_pair1-&lt;lambda&gt;14]" time="0.0017557144165039062"></testcase><testcase classname="src.pymortests.vectorarray" file="src/pymortests/vectorarray.py" line="804" name="test_iadd[compatible_vector_array_pair1-&lt;lambda&gt;15]" time="0.002068758010864258"></testcase><testcase classname="src.pymortests.vectorarray" file="src/pymortests/vectorarray.py" line="804" name="test_iadd[compatible_vector_array_pair1-&lt;lambda&gt;16]" time="0.0022881031036376953"></testcase><testcase classname="src.pymortests.vectorarray" file="src/pymortests/vectorarray.py" line="804" name="test_iadd[compatible_vector_array_pair1-&lt;lambda&gt;17]" time="0.0021381378173828125"></testcase><testcase classname="src.pymortests.vectorarray" file="src/pymortests/vectorarray.py" line="804" name="test_iadd[compatible_vector_array_pair1-&lt;lambda&gt;18]" time="0.0020525455474853516"></testcase><testcase classname="src.pymortests.vectorarray" file="src/pymortests/vectorarray.py" line="804" name="test_iadd[compatible_vector_array_pair1-&lt;lambda&gt;19]" time="0.002098560333251953"></testcase><testcase classname="src.pymortests.vectorarray" file="src/pymortests/vectorarray.py" line="804" name="test_iadd[compatible_vector_array_pair1-&lt;lambda&gt;20]" time="0.025035619735717773"></testcase><testcase classname="src.pymortests.vectorarray" file="src/pymortests/vectorarray.py" line="804" name="test_iadd[compatible_vector_array_pair1-&lt;lambda&gt;21]" time="0.015624761581420898"></testcase><testcase classname="src.pymortests.vectorarray" file="src/pymortests/vectorarray.py" line="804" name="test_iadd[compatible_vector_array_pair1-&lt;lambda&gt;22]" time="0.04433393478393555"></testcase><testcase classname="src.pymortests.vectorarray" file="src/pymortests/vectorarray.py" line="804" name="test_iadd[compatible_vector_array_pair1-&lt;lambda&gt;23]" time="0.0037260055541992188"></testcase><testcase classname="src.pymortests.vectorarray" file="src/pymortests/vectorarray.py" line="804" name="test_iadd[compatible_vector_array_pair1-&lt;lambda&gt;24]" time="0.0014107227325439453"></testcase><testcase classname="src.pymortests.vectorarray" file="src/pymortests/vectorarray.py" line="804" name="test_iadd[compatible_vector_array_pair1-&lt;lambda&gt;25]" time="0.002480745315551758"></testcase><testcase classname="src.pymortests.vectorarray" file="src/pymortests/vectorarray.py" line="804" name="test_iadd[compatible_vector_array_pair1-&lt;lambda&gt;26]" time="0.023255109786987305"></testcase><testcase classname="src.pymortests.vectorarray" file="src/pymortests/vectorarray.py" line="804" name="test_iadd[compatible_vector_array_pair1-&lt;lambda&gt;27]" time="0.07958030700683594"></testcase><testcase classname="src.pymortests.vectorarray" file="src/pymortests/vectorarray.py" line="804" name="test_iadd[compatible_vector_array_pair1-&lt;lambda&gt;28]" time="0.21915912628173828"></testcase><testcase classname="src.pymortests.vectorarray" file="src/pymortests/vectorarray.py" line="804" name="test_iadd[compatible_vector_array_pair1-&lt;lambda&gt;29]" time="0.007574558258056641"></testcase><testcase classname="src.pymortests.vectorarray" file="src/pymortests/vectorarray.py" line="804" name="test_iadd[compatible_vector_array_pair2-&lt;lambda&gt;0]" time="0.0020999908447265625"></testcase><testcase classname="src.pymortests.vectorarray" file="src/pymortests/vectorarray.py" line="804" name="test_iadd[compatible_vector_array_pair2-&lt;lambda&gt;1]" time="0.0014965534210205078"></testcase><testcase classname="src.pymortests.vectorarray" file="src/pymortests/vectorarray.py" line="804" name="test_iadd[compatible_vector_array_pair2-&lt;lambda&gt;2]" time="0.00145721435546875"></testcase><testcase classname="src.pymortests.vectorarray" file="src/pymortests/vectorarray.py" line="804" name="test_iadd[compatible_vector_array_pair2-&lt;lambda&gt;3]" time="0.0016009807586669922"></testcase><testcase classname="src.pymortests.vectorarray" file="src/pymortests/vectorarray.py" line="804" name="test_iadd[compatible_vector_array_pair2-&lt;lambda&gt;4]" time="0.001443624496459961"></testcase><testcase classname="src.pymortests.vectorarray" file="src/pymortests/vectorarray.py" line="804" name="test_iadd[compatible_vector_array_pair2-&lt;lambda&gt;5]" time="0.0013835430145263672"></testcase><testcase classname="src.pymortests.vectorarray" file="src/pymortests/vectorarray.py" line="804" name="test_iadd[compatible_vector_array_pair2-&lt;lambda&gt;6]" time="0.0013072490692138672"></testcase><testcase classname="src.pymortests.vectorarray" file="src/pymortests/vectorarray.py" line="804" name="test_iadd[compatible_vector_array_pair2-&lt;lambda&gt;7]" time="0.0013129711151123047"></testcase><testcase classname="src.pymortests.vectorarray" file="src/pymortests/vectorarray.py" line="804" name="test_iadd[compatible_vector_array_pair2-&lt;lambda&gt;8]" time="0.0016586780548095703"></testcase><testcase classname="src.pymortests.vectorarray" file="src/pymortests/vectorarray.py" line="804" name="test_iadd[compatible_vector_array_pair2-&lt;lambda&gt;9]" time="0.0033371448516845703"></testcase><testcase classname="src.pymortests.vectorarray" file="src/pymortests/vectorarray.py" line="804" name="test_iadd[compatible_vector_array_pair2-&lt;lambda&gt;10]" time="0.19537115097045898"></testcase><testcase classname="src.pymortests.vectorarray" file="src/pymortests/vectorarray.py" line="804" name="test_iadd[compatible_vector_array_pair2-&lt;lambda&gt;11]" time="0.002504587173461914"></testcase><testcase classname="src.pymortests.vectorarray" file="src/pymortests/vectorarray.py" line="804" name="test_iadd[compatible_vector_array_pair2-&lt;lambda&gt;12]" time="0.0018851757049560547"></testcase><testcase classname="src.pymortests.vectorarray" file="src/pymortests/vectorarray.py" line="804" name="test_iadd[compatible_vector_array_pair2-&lt;lambda&gt;13]" time="0.0019516944885253906"></testcase><testcase classname="src.pymortests.vectorarray" file="src/pymortests/vectorarray.py" line="804" name="test_iadd[compatible_vector_array_pair2-&lt;lambda&gt;14]" time="0.002145051956176758"></testcase><testcase classname="src.pymortests.vectorarray" file="src/pymortests/vectorarray.py" line="804" name="test_iadd[compatible_vector_array_pair2-&lt;lambda&gt;15]" time="0.0021381378173828125"></testcase><testcase classname="src.pymortests.vectorarray" file="src/pymortests/vectorarray.py" line="804" name="test_iadd[compatible_vector_array_pair2-&lt;lambda&gt;16]" time="0.0023479461669921875"></testcase><testcase classname="src.pymortests.vectorarray" file="src/pymortests/vectorarray.py" line="804" name="test_iadd[compatible_vector_array_pair2-&lt;lambda&gt;17]" time="0.002141237258911133"></testcase><testcase classname="src.pymortests.vectorarray" file="src/pymortests/vectorarray.py" line="804" name="test_iadd[compatible_vector_array_pair2-&lt;lambda&gt;18]" time="0.002080202102661133"></testcase><testcase classname="src.pymortests.vectorarray" file="src/pymortests/vectorarray.py" line="804" name="test_iadd[compatible_vector_array_pair2-&lt;lambda&gt;19]" time="0.0020275115966796875"></testcase><testcase classname="src.pymortests.vectorarray" file="src/pymortests/vectorarray.py" line="804" name="test_iadd[compatible_vector_array_pair2-&lt;lambda&gt;20]" time="0.0252227783203125"></testcase><testcase classname="src.pymortests.vectorarray" file="src/pymortests/vectorarray.py" line="804" name="test_iadd[compatible_vector_array_pair2-&lt;lambda&gt;21]" time="0.015567302703857422"></testcase><testcase classname="src.pymortests.vectorarray" file="src/pymortests/vectorarray.py" line="804" name="test_iadd[compatible_vector_array_pair2-&lt;lambda&gt;22]" time="0.04435300827026367"></testcase><testcase classname="src.pymortests.vectorarray" file="src/pymortests/vectorarray.py" line="804" name="test_iadd[compatible_vector_array_pair2-&lt;lambda&gt;23]" time="0.003620147705078125"></testcase><testcase classname="src.pymortests.vectorarray" file="src/pymortests/vectorarray.py" line="804" name="test_iadd[compatible_vector_array_pair2-&lt;lambda&gt;24]" time="0.001354217529296875"></testcase><testcase classname="src.pymortests.vectorarray" file="src/pymortests/vectorarray.py" line="804" name="test_iadd[compatible_vector_array_pair2-&lt;lambda&gt;25]" time="0.0023970603942871094"></testcase><testcase classname="src.pymortests.vectorarray" file="src/pymortests/vectorarray.py" line="804" name="test_iadd[compatible_vector_array_pair2-&lt;lambda&gt;26]" time="0.02273106575012207"></testcase><testcase classname="src.pymortests.vectorarray" file="src/pymortests/vectorarray.py" line="804" name="test_iadd[compatible_vector_array_pair2-&lt;lambda&gt;27]" time="0.07670283317565918"></testcase><testcase classname="src.pymortests.vectorarray" file="src/pymortests/vectorarray.py" line="804" name="test_iadd[compatible_vector_array_pair2-&lt;lambda&gt;28]" time="0.2174527645111084"></testcase><testcase classname="src.pymortests.vectorarray" file="src/pymortests/vectorarray.py" line="804" name="test_iadd[compatible_vector_array_pair2-&lt;lambda&gt;29]" time="0.007820606231689453"></testcase><testcase classname="src.pymortests.vectorarray" file="src/pymortests/vectorarray.py" line="804" name="test_iadd[compatible_vector_array_pair3-&lt;lambda&gt;0]" time="0.0020618438720703125"></testcase><testcase classname="src.pymortests.vectorarray" file="src/pymortests/vectorarray.py" line="804" name="test_iadd[compatible_vector_array_pair3-&lt;lambda&gt;1]" time="0.0014910697937011719"></testcase><testcase classname="src.pymortests.vectorarray" file="src/pymortests/vectorarray.py" line="804" name="test_iadd[compatible_vector_array_pair3-&lt;lambda&gt;2]" time="0.0017371177673339844"></testcase><testcase classname="src.pymortests.vectorarray" file="src/pymortests/vectorarray.py" line="804" name="test_iadd[compatible_vector_array_pair3-&lt;lambda&gt;3]" time="0.0015108585357666016"></testcase><testcase classname="src.pymortests.vectorarray" file="src/pymortests/vectorarray.py" line="804" name="test_iadd[compatible_vector_array_pair3-&lt;lambda&gt;4]" time="0.0013918876647949219"></testcase><testcase classname="src.pymortests.vectorarray" file="src/pymortests/vectorarray.py" line="804" name="test_iadd[compatible_vector_array_pair3-&lt;lambda&gt;5]" time="0.0013189315795898438"></testcase><testcase classname="src.pymortests.vectorarray" file="src/pymortests/vectorarray.py" line="804" name="test_iadd[compatible_vector_array_pair3-&lt;lambda&gt;6]" time="0.0013303756713867188"></testcase><testcase classname="src.pymortests.vectorarray" file="src/pymortests/vectorarray.py" line="804" name="test_iadd[compatible_vector_array_pair3-&lt;lambda&gt;7]" time="0.0012784004211425781"></testcase><testcase classname="src.pymortests.vectorarray" file="src/pymortests/vectorarray.py" line="804" name="test_iadd[compatible_vector_array_pair3-&lt;lambda&gt;8]" time="0.0015785694122314453"></testcase><testcase classname="src.pymortests.vectorarray" file="src/pymortests/vectorarray.py" line="804" name="test_iadd[compatible_vector_array_pair3-&lt;lambda&gt;9]" time="0.003668069839477539"></testcase><testcase classname="src.pymortests.vectorarray" file="src/pymortests/vectorarray.py" line="804" name="test_iadd[compatible_vector_array_pair3-&lt;lambda&gt;10]" time="0.006208896636962891"></testcase><testcase classname="src.pymortests.vectorarray" file="src/pymortests/vectorarray.py" line="804" name="test_iadd[compatible_vector_array_pair3-&lt;lambda&gt;11]" time="0.0015561580657958984"></testcase><testcase classname="src.pymortests.vectorarray" file="src/pymortests/vectorarray.py" line="804" name="test_iadd[compatible_vector_array_pair3-&lt;lambda&gt;12]" time="0.001669168472290039"></testcase><testcase classname="src.pymortests.vectorarray" file="src/pymortests/vectorarray.py" line="804" name="test_iadd[compatible_vector_array_pair3-&lt;lambda&gt;13]" time="0.0018000602722167969"></testcase><testcase classname="src.pymortests.vectorarray" file="src/pymortests/vectorarray.py" line="804" name="test_iadd[compatible_vector_array_pair3-&lt;lambda&gt;14]" time="0.0017092227935791016"></testcase><testcase classname="src.pymortests.vectorarray" file="src/pymortests/vectorarray.py" line="804" name="test_iadd[compatible_vector_array_pair3-&lt;lambda&gt;15]" time="0.001950979232788086"></testcase><testcase classname="src.pymortests.vectorarray" file="src/pymortests/vectorarray.py" line="804" name="test_iadd[compatible_vector_array_pair3-&lt;lambda&gt;16]" time="0.002226114273071289"></testcase><testcase classname="src.pymortests.vectorarray" file="src/pymortests/vectorarray.py" line="804" name="test_iadd[compatible_vector_array_pair3-&lt;lambda&gt;17]" time="0.00217437744140625"></testcase><testcase classname="src.pymortests.vectorarray" file="src/pymortests/vectorarray.py" line="804" name="test_iadd[compatible_vector_array_pair3-&lt;lambda&gt;18]" time="0.002027750015258789"></testcase><testcase classname="src.pymortests.vectorarray" file="src/pymortests/vectorarray.py" line="804" name="test_iadd[compatible_vector_array_pair3-&lt;lambda&gt;19]" time="0.002008199691772461"></testcase><testcase classname="src.pymortests.vectorarray" file="src/pymortests/vectorarray.py" line="804" name="test_iadd[compatible_vector_array_pair3-&lt;lambda&gt;20]" time="0.024931669235229492"></testcase><testcase classname="src.pymortests.vectorarray" file="src/pymortests/vectorarray.py" line="804" name="test_iadd[compatible_vector_array_pair3-&lt;lambda&gt;21]" time="0.016675472259521484"></testcase><testcase classname="src.pymortests.vectorarray" file="src/pymortests/vectorarray.py" line="804" name="test_iadd[compatible_vector_array_pair3-&lt;lambda&gt;22]" time="0.044698476791381836"></testcase><testcase classname="src.pymortests.vectorarray" file="src/pymortests/vectorarray.py" line="804" name="test_iadd[compatible_vector_array_pair3-&lt;lambda&gt;23]" time="0.0034203529357910156"></testcase><testcase classname="src.pymortests.vectorarray" file="src/pymortests/vectorarray.py" line="804" name="test_iadd[compatible_vector_array_pair3-&lt;lambda&gt;24]" time="0.0013456344604492188"></testcase><testcase classname="src.pymortests.vectorarray" file="src/pymortests/vectorarray.py" line="804" name="test_iadd[compatible_vector_array_pair3-&lt;lambda&gt;25]" time="0.002360820770263672"></testcase><testcase classname="src.pymortests.vectorarray" file="src/pymortests/vectorarray.py" line="804" name="test_iadd[compatible_vector_array_pair3-&lt;lambda&gt;26]" time="0.023822546005249023"></testcase><testcase classname="src.pymortests.vectorarray" file="src/pymortests/vectorarray.py" line="804" name="test_iadd[compatible_vector_array_pair3-&lt;lambda&gt;27]" time="0.10394835472106934"></testcase><testcase classname="src.pymortests.vectorarray" file="src/pymortests/vectorarray.py" line="804" name="test_iadd[compatible_vector_array_pair3-&lt;lambda&gt;28]" time="0.2713766098022461"></testcase><testcase classname="src.pymortests.vectorarray" file="src/pymortests/vectorarray.py" line="804" name="test_iadd[compatible_vector_array_pair3-&lt;lambda&gt;29]" time="0.00872945785522461"></testcase><testcase classname="src.pymortests.vectorarray" file="src/pymortests/vectorarray.py" line="804" name="test_iadd[compatible_vector_array_pair4-&lt;lambda&gt;0]" time="0.0015096664428710938"></testcase><testcase classname="src.pymortests.vectorarray" file="src/pymortests/vectorarray.py" line="804" name="test_iadd[compatible_vector_array_pair4-&lt;lambda&gt;1]" time="0.0014395713806152344"></testcase><testcase classname="src.pymortests.vectorarray" file="src/pymortests/vectorarray.py" line="804" name="test_iadd[compatible_vector_array_pair4-&lt;lambda&gt;2]" time="0.0014998912811279297"></testcase><testcase classname="src.pymortests.vectorarray" file="src/pymortests/vectorarray.py" line="804" name="test_iadd[compatible_vector_array_pair4-&lt;lambda&gt;3]" time="0.0015387535095214844"></testcase><testcase classname="src.pymortests.vectorarray" file="src/pymortests/vectorarray.py" line="804" name="test_iadd[compatible_vector_array_pair4-&lt;lambda&gt;4]" time="0.0013904571533203125"></testcase><testcase classname="src.pymortests.vectorarray" file="src/pymortests/vectorarray.py" line="804" name="test_iadd[compatible_vector_array_pair4-&lt;lambda&gt;5]" time="0.0013811588287353516"></testcase><testcase classname="src.pymortests.vectorarray" file="src/pymortests/vectorarray.py" line="804" name="test_iadd[compatible_vector_array_pair4-&lt;lambda&gt;6]" time="0.0013017654418945312"></testcase><testcase classname="src.pymortests.vectorarray" file="src/pymortests/vectorarray.py" line="804" name="test_iadd[compatible_vector_array_pair4-&lt;lambda&gt;7]" time="0.001336812973022461"></testcase><testcase classname="src.pymortests.vectorarray" file="src/pymortests/vectorarray.py" line="804" name="test_iadd[compatible_vector_array_pair4-&lt;lambda&gt;8]" time="0.0017137527465820312"></testcase><testcase classname="src.pymortests.vectorarray" file="src/pymortests/vectorarray.py" line="804" name="test_iadd[compatible_vector_array_pair4-&lt;lambda&gt;9]" time="0.0039484500885009766"></testcase><testcase classname="src.pymortests.vectorarray" file="src/pymortests/vectorarray.py" line="804" name="test_iadd[compatible_vector_array_pair4-&lt;lambda&gt;10]" time="0.006853580474853516"></testcase><testcase classname="src.pymortests.vectorarray" file="src/pymortests/vectorarray.py" line="804" name="test_iadd[compatible_vector_array_pair4-&lt;lambda&gt;11]" time="0.0016024112701416016"></testcase><testcase classname="src.pymortests.vectorarray" file="src/pymortests/vectorarray.py" line="804" name="test_iadd[compatible_vector_array_pair4-&lt;lambda&gt;12]" time="0.0017731189727783203"></testcase><testcase classname="src.pymortests.vectorarray" file="src/pymortests/vectorarray.py" line="804" name="test_iadd[compatible_vector_array_pair4-&lt;lambda&gt;13]" time="0.0019230842590332031"></testcase><testcase classname="src.pymortests.vectorarray" file="src/pymortests/vectorarray.py" line="804" name="test_iadd[compatible_vector_array_pair4-&lt;lambda&gt;14]" time="0.0017788410186767578"></testcase><testcase classname="src.pymortests.vectorarray" file="src/pymortests/vectorarray.py" line="804" name="test_iadd[compatible_vector_array_pair4-&lt;lambda&gt;15]" time="0.0020186901092529297"></testcase><testcase classname="src.pymortests.vectorarray" file="src/pymortests/vectorarray.py" line="804" name="test_iadd[compatible_vector_array_pair4-&lt;lambda&gt;16]" time="0.0025348663330078125"></testcase><testcase classname="src.pymortests.vectorarray" file="src/pymortests/vectorarray.py" line="804" name="test_iadd[compatible_vector_array_pair4-&lt;lambda&gt;17]" time="0.002074003219604492"></testcase><testcase classname="src.pymortests.vectorarray" file="src/pymortests/vectorarray.py" line="804" name="test_iadd[compatible_vector_array_pair4-&lt;lambda&gt;18]" time="0.001981973648071289"></testcase><testcase classname="src.pymortests.vectorarray" file="src/pymortests/vectorarray.py" line="804" name="test_iadd[compatible_vector_array_pair4-&lt;lambda&gt;19]" time="0.0019605159759521484"></testcase><testcase classname="src.pymortests.vectorarray" file="src/pymortests/vectorarray.py" line="804" name="test_iadd[compatible_vector_array_pair4-&lt;lambda&gt;20]" time="0.02586841583251953"></testcase><testcase classname="src.pymortests.vectorarray" file="src/pymortests/vectorarray.py" line="804" name="test_iadd[compatible_vector_array_pair4-&lt;lambda&gt;21]" time="0.01648426055908203"></testcase><testcase classname="src.pymortests.vectorarray" file="src/pymortests/vectorarray.py" line="804" name="test_iadd[compatible_vector_array_pair4-&lt;lambda&gt;22]" time="0.04568147659301758"></testcase><testcase classname="src.pymortests.vectorarray" file="src/pymortests/vectorarray.py" line="804" name="test_iadd[compatible_vector_array_pair4-&lt;lambda&gt;23]" time="0.0035698413848876953"></testcase><testcase classname="src.pymortests.vectorarray" file="src/pymortests/vectorarray.py" line="804" name="test_iadd[compatible_vector_array_pair4-&lt;lambda&gt;24]" time="0.0013642311096191406"></testcase><testcase classname="src.pymortests.vectorarray" file="src/pymortests/vectorarray.py" line="804" name="test_iadd[compatible_vector_array_pair4-&lt;lambda&gt;25]" time="0.002368450164794922"></testcase><testcase classname="src.pymortests.vectorarray" file="src/pymortests/vectorarray.py" line="804" name="test_iadd[compatible_vector_array_pair4-&lt;lambda&gt;26]" time="0.02352738380432129"></testcase><testcase classname="src.pymortests.vectorarray" file="src/pymortests/vectorarray.py" line="804" name="test_iadd[compatible_vector_array_pair4-&lt;lambda&gt;27]" time="0.10238480567932129"></testcase><testcase classname="src.pymortests.vectorarray" file="src/pymortests/vectorarray.py" line="804" name="test_iadd[compatible_vector_array_pair4-&lt;lambda&gt;28]" time="0.27243518829345703"></testcase><testcase classname="src.pymortests.vectorarray" file="src/pymortests/vectorarray.py" line="804" name="test_iadd[compatible_vector_array_pair4-&lt;lambda&gt;29]" time="0.00818014144897461"></testcase><testcase classname="src.pymortests.vectorarray" file="src/pymortests/vectorarray.py" line="804" name="test_iadd[compatible_vector_array_pair5-&lt;lambda&gt;0]" time="0.0014293193817138672"></testcase><testcase classname="src.pymortests.vectorarray" file="src/pymortests/vectorarray.py" line="804" name="test_iadd[compatible_vector_array_pair5-&lt;lambda&gt;1]" time="0.0013740062713623047"></testcase><testcase classname="src.pymortests.vectorarray" file="src/pymortests/vectorarray.py" line="804" name="test_iadd[compatible_vector_array_pair5-&lt;lambda&gt;2]" time="0.0014204978942871094"></testcase><testcase classname="src.pymortests.vectorarray" file="src/pymortests/vectorarray.py" line="804" name="test_iadd[compatible_vector_array_pair5-&lt;lambda&gt;3]" time="0.0015263557434082031"></testcase><testcase classname="src.pymortests.vectorarray" file="src/pymortests/vectorarray.py" line="804" name="test_iadd[compatible_vector_array_pair5-&lt;lambda&gt;4]" time="0.0013988018035888672"></testcase><testcase classname="src.pymortests.vectorarray" file="src/pymortests/vectorarray.py" line="804" name="test_iadd[compatible_vector_array_pair5-&lt;lambda&gt;5]" time="0.0013015270233154297"></testcase><testcase classname="src.pymortests.vectorarray" file="src/pymortests/vectorarray.py" line="804" name="test_iadd[compatible_vector_array_pair5-&lt;lambda&gt;6]" time="0.0012955665588378906"></testcase><testcase classname="src.pymortests.vectorarray" file="src/pymortests/vectorarray.py" line="804" name="test_iadd[compatible_vector_array_pair5-&lt;lambda&gt;7]" time="0.0013883113861083984"></testcase><testcase classname="src.pymortests.vectorarray" file="src/pymortests/vectorarray.py" line="804" name="test_iadd[compatible_vector_array_pair5-&lt;lambda&gt;8]" time="0.0017404556274414062"></testcase><testcase classname="src.pymortests.vectorarray" file="src/pymortests/vectorarray.py" line="804" name="test_iadd[compatible_vector_array_pair5-&lt;lambda&gt;9]" time="0.0036232471466064453"></testcase><testcase classname="src.pymortests.vectorarray" file="src/pymortests/vectorarray.py" line="804" name="test_iadd[compatible_vector_array_pair5-&lt;lambda&gt;10]" time="0.006625652313232422"></testcase><testcase classname="src.pymortests.vectorarray" file="src/pymortests/vectorarray.py" line="804" name="test_iadd[compatible_vector_array_pair5-&lt;lambda&gt;11]" time="0.0014929771423339844"></testcase><testcase classname="src.pymortests.vectorarray" file="src/pymortests/vectorarray.py" line="804" name="test_iadd[compatible_vector_array_pair5-&lt;lambda&gt;12]" time="0.002336263656616211"></testcase><testcase classname="src.pymortests.vectorarray" file="src/pymortests/vectorarray.py" line="804" name="test_iadd[compatible_vector_array_pair5-&lt;lambda&gt;13]" time="0.0018496513366699219"></testcase><testcase classname="src.pymortests.vectorarray" file="src/pymortests/vectorarray.py" line="804" name="test_iadd[compatible_vector_array_pair5-&lt;lambda&gt;14]" time="0.0017197132110595703"></testcase><testcase classname="src.pymortests.vectorarray" file="src/pymortests/vectorarray.py" line="804" name="test_iadd[compatible_vector_array_pair5-&lt;lambda&gt;15]" time="0.002025604248046875"></testcase><testcase classname="src.pymortests.vectorarray" file="src/pymortests/vectorarray.py" line="804" name="test_iadd[compatible_vector_array_pair5-&lt;lambda&gt;16]" time="0.0022635459899902344"></testcase><testcase classname="src.pymortests.vectorarray" file="src/pymortests/vectorarray.py" line="804" name="test_iadd[compatible_vector_array_pair5-&lt;lambda&gt;17]" time="0.002107858657836914"></testcase><testcase classname="src.pymortests.vectorarray" file="src/pymortests/vectorarray.py" line="804" name="test_iadd[compatible_vector_array_pair5-&lt;lambda&gt;18]" time="0.0019669532775878906"></testcase><testcase classname="src.pymortests.vectorarray" file="src/pymortests/vectorarray.py" line="804" name="test_iadd[compatible_vector_array_pair5-&lt;lambda&gt;19]" time="0.0020241737365722656"></testcase><testcase classname="src.pymortests.vectorarray" file="src/pymortests/vectorarray.py" line="804" name="test_iadd[compatible_vector_array_pair5-&lt;lambda&gt;20]" time="0.025364398956298828"></testcase><testcase classname="src.pymortests.vectorarray" file="src/pymortests/vectorarray.py" line="804" name="test_iadd[compatible_vector_array_pair5-&lt;lambda&gt;21]" time="0.015842437744140625"></testcase><testcase classname="src.pymortests.vectorarray" file="src/pymortests/vectorarray.py" line="804" name="test_iadd[compatible_vector_array_pair5-&lt;lambda&gt;22]" time="0.04457974433898926"></testcase><testcase classname="src.pymortests.vectorarray" file="src/pymortests/vectorarray.py" line="804" name="test_iadd[compatible_vector_array_pair5-&lt;lambda&gt;23]" time="0.0034852027893066406"></testcase><testcase classname="src.pymortests.vectorarray" file="src/pymortests/vectorarray.py" line="804" name="test_iadd[compatible_vector_array_pair5-&lt;lambda&gt;24]" time="0.0013048648834228516"></testcase><testcase classname="src.pymortests.vectorarray" file="src/pymortests/vectorarray.py" line="804" name="test_iadd[compatible_vector_array_pair5-&lt;lambda&gt;25]" time="0.0025877952575683594"></testcase><testcase classname="src.pymortests.vectorarray" file="src/pymortests/vectorarray.py" line="804" name="test_iadd[compatible_vector_array_pair5-&lt;lambda&gt;26]" time="0.023905515670776367"></testcase><testcase classname="src.pymortests.vectorarray" file="src/pymortests/vectorarray.py" line="804" name="test_iadd[compatible_vector_array_pair5-&lt;lambda&gt;27]" time="0.10162711143493652"></testcase><testcase classname="src.pymortests.vectorarray" file="src/pymortests/vectorarray.py" line="804" name="test_iadd[compatible_vector_array_pair5-&lt;lambda&gt;28]" time="0.27030014991760254"></testcase><testcase classname="src.pymortests.vectorarray" file="src/pymortests/vectorarray.py" line="804" name="test_iadd[compatible_vector_array_pair5-&lt;lambda&gt;29]" time="0.00872659683227539"></testcase><testcase classname="src.pymortests.vectorarray" file="src/pymortests/vectorarray.py" line="804" name="test_iadd[compatible_vector_array_pair6-&lt;lambda&gt;0]" time="0.0019843578338623047"></testcase><testcase classname="src.pymortests.vectorarray" file="src/pymortests/vectorarray.py" line="804" name="test_iadd[compatible_vector_array_pair6-&lt;lambda&gt;1]" time="0.0014705657958984375"></testcase><testcase classname="src.pymortests.vectorarray" file="src/pymortests/vectorarray.py" line="804" name="test_iadd[compatible_vector_array_pair6-&lt;lambda&gt;2]" time="0.0014057159423828125"></testcase><testcase classname="src.pymortests.vectorarray" file="src/pymortests/vectorarray.py" line="804" name="test_iadd[compatible_vector_array_pair6-&lt;lambda&gt;3]" time="0.0015456676483154297"></testcase><testcase classname="src.pymortests.vectorarray" file="src/pymortests/vectorarray.py" line="804" name="test_iadd[compatible_vector_array_pair6-&lt;lambda&gt;4]" time="0.0014271736145019531"></testcase><testcase classname="src.pymortests.vectorarray" file="src/pymortests/vectorarray.py" line="804" name="test_iadd[compatible_vector_array_pair6-&lt;lambda&gt;5]" time="0.0013508796691894531"></testcase><testcase classname="src.pymortests.vectorarray" file="src/pymortests/vectorarray.py" line="804" name="test_iadd[compatible_vector_array_pair6-&lt;lambda&gt;6]" time="0.0013275146484375"></testcase><testcase classname="src.pymortests.vectorarray" file="src/pymortests/vectorarray.py" line="804" name="test_iadd[compatible_vector_array_pair6-&lt;lambda&gt;7]" time="0.001306772232055664"></testcase><testcase classname="src.pymortests.vectorarray" file="src/pymortests/vectorarray.py" line="804" name="test_iadd[compatible_vector_array_pair6-&lt;lambda&gt;8]" time="0.0016489028930664062"></testcase><testcase classname="src.pymortests.vectorarray" file="src/pymortests/vectorarray.py" line="804" name="test_iadd[compatible_vector_array_pair6-&lt;lambda&gt;9]" time="0.003656625747680664"></testcase><testcase classname="src.pymortests.vectorarray" file="src/pymortests/vectorarray.py" line="804" name="test_iadd[compatible_vector_array_pair6-&lt;lambda&gt;10]" time="0.006212472915649414"></testcase><testcase classname="src.pymortests.vectorarray" file="src/pymortests/vectorarray.py" line="804" name="test_iadd[compatible_vector_array_pair6-&lt;lambda&gt;11]" time="0.0014948844909667969"></testcase><testcase classname="src.pymortests.vectorarray" file="src/pymortests/vectorarray.py" line="804" name="test_iadd[compatible_vector_array_pair6-&lt;lambda&gt;12]" time="0.0015861988067626953"></testcase><testcase classname="src.pymortests.vectorarray" file="src/pymortests/vectorarray.py" line="804" name="test_iadd[compatible_vector_array_pair6-&lt;lambda&gt;13]" time="0.0017724037170410156"></testcase><testcase classname="src.pymortests.vectorarray" file="src/pymortests/vectorarray.py" line="804" name="test_iadd[compatible_vector_array_pair6-&lt;lambda&gt;14]" time="0.0017168521881103516"></testcase><testcase classname="src.pymortests.vectorarray" file="src/pymortests/vectorarray.py" line="804" name="test_iadd[compatible_vector_array_pair6-&lt;lambda&gt;15]" time="0.0019745826721191406"></testcase><testcase classname="src.pymortests.vectorarray" file="src/pymortests/vectorarray.py" line="804" name="test_iadd[compatible_vector_array_pair6-&lt;lambda&gt;16]" time="0.0022618770599365234"></testcase><testcase classname="src.pymortests.vectorarray" file="src/pymortests/vectorarray.py" line="804" name="test_iadd[compatible_vector_array_pair6-&lt;lambda&gt;17]" time="0.0021142959594726562"></testcase><testcase classname="src.pymortests.vectorarray" file="src/pymortests/vectorarray.py" line="804" name="test_iadd[compatible_vector_array_pair6-&lt;lambda&gt;18]" time="0.0019795894622802734"></testcase><testcase classname="src.pymortests.vectorarray" file="src/pymortests/vectorarray.py" line="804" name="test_iadd[compatible_vector_array_pair6-&lt;lambda&gt;19]" time="0.0020601749420166016"></testcase><testcase classname="src.pymortests.vectorarray" file="src/pymortests/vectorarray.py" line="804" name="test_iadd[compatible_vector_array_pair6-&lt;lambda&gt;20]" time="0.025445222854614258"></testcase><testcase classname="src.pymortests.vectorarray" file="src/pymortests/vectorarray.py" line="804" name="test_iadd[compatible_vector_array_pair6-&lt;lambda&gt;21]" time="0.016112565994262695"></testcase><testcase classname="src.pymortests.vectorarray" file="src/pymortests/vectorarray.py" line="804" name="test_iadd[compatible_vector_array_pair6-&lt;lambda&gt;22]" time="0.04479026794433594"></testcase><testcase classname="src.pymortests.vectorarray" file="src/pymortests/vectorarray.py" line="804" name="test_iadd[compatible_vector_array_pair6-&lt;lambda&gt;23]" time="0.0035843849182128906"></testcase><testcase classname="src.pymortests.vectorarray" file="src/pymortests/vectorarray.py" line="804" name="test_iadd[compatible_vector_array_pair6-&lt;lambda&gt;24]" time="0.0013275146484375"></testcase><testcase classname="src.pymortests.vectorarray" file="src/pymortests/vectorarray.py" line="804" name="test_iadd[compatible_vector_array_pair6-&lt;lambda&gt;25]" time="0.0024156570434570312"></testcase><testcase classname="src.pymortests.vectorarray" file="src/pymortests/vectorarray.py" line="804" name="test_iadd[compatible_vector_array_pair6-&lt;lambda&gt;26]" time="0.02425074577331543"></testcase><testcase classname="src.pymortests.vectorarray" file="src/pymortests/vectorarray.py" line="804" name="test_iadd[compatible_vector_array_pair6-&lt;lambda&gt;27]" time="0.09853911399841309"></testcase><testcase classname="src.pymortests.vectorarray" file="src/pymortests/vectorarray.py" line="804" name="test_iadd[compatible_vector_array_pair6-&lt;lambda&gt;28]" time="0.2698798179626465"></testcase><testcase classname="src.pymortests.vectorarray" file="src/pymortests/vectorarray.py" line="804" name="test_iadd[compatible_vector_array_pair6-&lt;lambda&gt;29]" time="0.008055686950683594"></testcase><testcase classname="src.pymortests.vectorarray" file="src/pymortests/vectorarray.py" line="804" name="test_iadd[compatible_vector_array_pair7-&lt;lambda&gt;0]" time="0.002043008804321289"></testcase><testcase classname="src.pymortests.vectorarray" file="src/pymortests/vectorarray.py" line="804" name="test_iadd[compatible_vector_array_pair7-&lt;lambda&gt;1]" time="0.0015163421630859375"></testcase><testcase classname="src.pymortests.vectorarray" file="src/pymortests/vectorarray.py" line="804" name="test_iadd[compatible_vector_array_pair7-&lt;lambda&gt;2]" time="0.0014355182647705078"></testcase><testcase classname="src.pymortests.vectorarray" file="src/pymortests/vectorarray.py" line="804" name="test_iadd[compatible_vector_array_pair7-&lt;lambda&gt;3]" time="0.001468658447265625"></testcase><testcase classname="src.pymortests.vectorarray" file="src/pymortests/vectorarray.py" line="804" name="test_iadd[compatible_vector_array_pair7-&lt;lambda&gt;4]" time="0.0013861656188964844"></testcase><testcase classname="src.pymortests.vectorarray" file="src/pymortests/vectorarray.py" line="804" name="test_iadd[compatible_vector_array_pair7-&lt;lambda&gt;5]" time="0.0013458728790283203"></testcase><testcase classname="src.pymortests.vectorarray" file="src/pymortests/vectorarray.py" line="804" name="test_iadd[compatible_vector_array_pair7-&lt;lambda&gt;6]" time="0.0012576580047607422"></testcase><testcase classname="src.pymortests.vectorarray" file="src/pymortests/vectorarray.py" line="804" name="test_iadd[compatible_vector_array_pair7-&lt;lambda&gt;7]" time="0.001359701156616211"></testcase><testcase classname="src.pymortests.vectorarray" file="src/pymortests/vectorarray.py" line="804" name="test_iadd[compatible_vector_array_pair7-&lt;lambda&gt;8]" time="0.0018346309661865234"></testcase><testcase classname="src.pymortests.vectorarray" file="src/pymortests/vectorarray.py" line="804" name="test_iadd[compatible_vector_array_pair7-&lt;lambda&gt;9]" time="0.004057645797729492"></testcase><testcase classname="src.pymortests.vectorarray" file="src/pymortests/vectorarray.py" line="804" name="test_iadd[compatible_vector_array_pair7-&lt;lambda&gt;10]" time="0.0073812007904052734"></testcase><testcase classname="src.pymortests.vectorarray" file="src/pymortests/vectorarray.py" line="804" name="test_iadd[compatible_vector_array_pair7-&lt;lambda&gt;11]" time="0.00168609619140625"></testcase><testcase classname="src.pymortests.vectorarray" file="src/pymortests/vectorarray.py" line="804" name="test_iadd[compatible_vector_array_pair7-&lt;lambda&gt;12]" time="0.0019202232360839844"></testcase><testcase classname="src.pymortests.vectorarray" file="src/pymortests/vectorarray.py" line="804" name="test_iadd[compatible_vector_array_pair7-&lt;lambda&gt;13]" time="0.001997232437133789"></testcase><testcase classname="src.pymortests.vectorarray" file="src/pymortests/vectorarray.py" line="804" name="test_iadd[compatible_vector_array_pair7-&lt;lambda&gt;14]" time="0.0018913745880126953"></testcase><testcase classname="src.pymortests.vectorarray" file="src/pymortests/vectorarray.py" line="804" name="test_iadd[compatible_vector_array_pair7-&lt;lambda&gt;15]" time="0.0023682117462158203"></testcase><testcase classname="src.pymortests.vectorarray" file="src/pymortests/vectorarray.py" line="804" name="test_iadd[compatible_vector_array_pair7-&lt;lambda&gt;16]" time="0.002560853958129883"></testcase><testcase classname="src.pymortests.vectorarray" file="src/pymortests/vectorarray.py" line="804" name="test_iadd[compatible_vector_array_pair7-&lt;lambda&gt;17]" time="0.002044200897216797"></testcase><testcase classname="src.pymortests.vectorarray" file="src/pymortests/vectorarray.py" line="804" name="test_iadd[compatible_vector_array_pair7-&lt;lambda&gt;18]" time="0.0019025802612304688"></testcase><testcase classname="src.pymortests.vectorarray" file="src/pymortests/vectorarray.py" line="804" name="test_iadd[compatible_vector_array_pair7-&lt;lambda&gt;19]" time="0.001979827880859375"></testcase><testcase classname="src.pymortests.vectorarray" file="src/pymortests/vectorarray.py" line="804" name="test_iadd[compatible_vector_array_pair7-&lt;lambda&gt;20]" time="0.025217771530151367"></testcase><testcase classname="src.pymortests.vectorarray" file="src/pymortests/vectorarray.py" line="804" name="test_iadd[compatible_vector_array_pair7-&lt;lambda&gt;21]" time="0.016364574432373047"></testcase><testcase classname="src.pymortests.vectorarray" file="src/pymortests/vectorarray.py" line="804" name="test_iadd[compatible_vector_array_pair7-&lt;lambda&gt;22]" time="0.045454978942871094"></testcase><testcase classname="src.pymortests.vectorarray" file="src/pymortests/vectorarray.py" line="804" name="test_iadd[compatible_vector_array_pair7-&lt;lambda&gt;23]" time="0.0036122798919677734"></testcase><testcase classname="src.pymortests.vectorarray" file="src/pymortests/vectorarray.py" line="804" name="test_iadd[compatible_vector_array_pair7-&lt;lambda&gt;24]" time="0.0013756752014160156"></testcase><testcase classname="src.pymortests.vectorarray" file="src/pymortests/vectorarray.py" line="804" name="test_iadd[compatible_vector_array_pair7-&lt;lambda&gt;25]" time="0.0024344921112060547"></testcase><testcase classname="src.pymortests.vectorarray" file="src/pymortests/vectorarray.py" line="804" name="test_iadd[compatible_vector_array_pair7-&lt;lambda&gt;26]" time="0.024271249771118164"></testcase><testcase classname="src.pymortests.vectorarray" file="src/pymortests/vectorarray.py" line="804" name="test_iadd[compatible_vector_array_pair7-&lt;lambda&gt;27]" time="0.09792494773864746"></testcase><testcase classname="src.pymortests.vectorarray" file="src/pymortests/vectorarray.py" line="804" name="test_iadd[compatible_vector_array_pair7-&lt;lambda&gt;28]" time="0.26734137535095215"></testcase><testcase classname="src.pymortests.vectorarray" file="src/pymortests/vectorarray.py" line="804" name="test_iadd[compatible_vector_array_pair7-&lt;lambda&gt;29]" time="0.008443593978881836"></testcase><testcase classname="src.pymortests.vectorarray" file="src/pymortests/vectorarray.py" line="804" name="test_iadd[compatible_vector_array_pair8-&lt;lambda&gt;0]" time="0.0020232200622558594"></testcase><testcase classname="src.pymortests.vectorarray" file="src/pymortests/vectorarray.py" line="804" name="test_iadd[compatible_vector_array_pair8-&lt;lambda&gt;1]" time="0.001451253890991211"></testcase><testcase classname="src.pymortests.vectorarray" file="src/pymortests/vectorarray.py" line="804" name="test_iadd[compatible_vector_array_pair8-&lt;lambda&gt;2]" time="0.0013964176177978516"></testcase><testcase classname="src.pymortests.vectorarray" file="src/pymortests/vectorarray.py" line="804" name="test_iadd[compatible_vector_array_pair8-&lt;lambda&gt;3]" time="0.0014903545379638672"></testcase><testcase classname="src.pymortests.vectorarray" file="src/pymortests/vectorarray.py" line="804" name="test_iadd[compatible_vector_array_pair8-&lt;lambda&gt;4]" time="0.0013742446899414062"></testcase><testcase classname="src.pymortests.vectorarray" file="src/pymortests/vectorarray.py" line="804" name="test_iadd[compatible_vector_array_pair8-&lt;lambda&gt;5]" time="0.0013442039489746094"></testcase><testcase classname="src.pymortests.vectorarray" file="src/pymortests/vectorarray.py" line="804" name="test_iadd[compatible_vector_array_pair8-&lt;lambda&gt;6]" time="0.0012967586517333984"></testcase><testcase classname="src.pymortests.vectorarray" file="src/pymortests/vectorarray.py" line="804" name="test_iadd[compatible_vector_array_pair8-&lt;lambda&gt;7]" time="0.0013124942779541016"></testcase><testcase classname="src.pymortests.vectorarray" file="src/pymortests/vectorarray.py" line="804" name="test_iadd[compatible_vector_array_pair8-&lt;lambda&gt;8]" time="0.0016727447509765625"></testcase><testcase classname="src.pymortests.vectorarray" file="src/pymortests/vectorarray.py" line="804" name="test_iadd[compatible_vector_array_pair8-&lt;lambda&gt;9]" time="0.0035851001739501953"></testcase><testcase classname="src.pymortests.vectorarray" file="src/pymortests/vectorarray.py" line="804" name="test_iadd[compatible_vector_array_pair8-&lt;lambda&gt;10]" time="0.0065937042236328125"></testcase><testcase classname="src.pymortests.vectorarray" file="src/pymortests/vectorarray.py" line="804" name="test_iadd[compatible_vector_array_pair8-&lt;lambda&gt;11]" time="0.0017323493957519531"></testcase><testcase classname="src.pymortests.vectorarray" file="src/pymortests/vectorarray.py" line="804" name="test_iadd[compatible_vector_array_pair8-&lt;lambda&gt;12]" time="0.0019130706787109375"></testcase><testcase classname="src.pymortests.vectorarray" file="src/pymortests/vectorarray.py" line="804" name="test_iadd[compatible_vector_array_pair8-&lt;lambda&gt;13]" time="0.0018112659454345703"></testcase><testcase classname="src.pymortests.vectorarray" file="src/pymortests/vectorarray.py" line="804" name="test_iadd[compatible_vector_array_pair8-&lt;lambda&gt;14]" time="0.0017910003662109375"></testcase><testcase classname="src.pymortests.vectorarray" file="src/pymortests/vectorarray.py" line="804" name="test_iadd[compatible_vector_array_pair8-&lt;lambda&gt;15]" time="0.0020363330841064453"></testcase><testcase classname="src.pymortests.vectorarray" file="src/pymortests/vectorarray.py" line="804" name="test_iadd[compatible_vector_array_pair8-&lt;lambda&gt;16]" time="0.002238750457763672"></testcase><testcase classname="src.pymortests.vectorarray" file="src/pymortests/vectorarray.py" line="804" name="test_iadd[compatible_vector_array_pair8-&lt;lambda&gt;17]" time="0.002096891403198242"></testcase><testcase classname="src.pymortests.vectorarray" file="src/pymortests/vectorarray.py" line="804" name="test_iadd[compatible_vector_array_pair8-&lt;lambda&gt;18]" time="0.002028226852416992"></testcase><testcase classname="src.pymortests.vectorarray" file="src/pymortests/vectorarray.py" line="804" name="test_iadd[compatible_vector_array_pair8-&lt;lambda&gt;19]" time="0.0020377635955810547"></testcase><testcase classname="src.pymortests.vectorarray" file="src/pymortests/vectorarray.py" line="804" name="test_iadd[compatible_vector_array_pair8-&lt;lambda&gt;20]" time="0.025452852249145508"></testcase><testcase classname="src.pymortests.vectorarray" file="src/pymortests/vectorarray.py" line="804" name="test_iadd[compatible_vector_array_pair8-&lt;lambda&gt;21]" time="0.01658177375793457"></testcase><testcase classname="src.pymortests.vectorarray" file="src/pymortests/vectorarray.py" line="804" name="test_iadd[compatible_vector_array_pair8-&lt;lambda&gt;22]" time="0.04659271240234375"></testcase><testcase classname="src.pymortests.vectorarray" file="src/pymortests/vectorarray.py" line="804" name="test_iadd[compatible_vector_array_pair8-&lt;lambda&gt;23]" time="0.0034461021423339844"></testcase><testcase classname="src.pymortests.vectorarray" file="src/pymortests/vectorarray.py" line="804" name="test_iadd[compatible_vector_array_pair8-&lt;lambda&gt;24]" time="0.0013079643249511719"></testcase><testcase classname="src.pymortests.vectorarray" file="src/pymortests/vectorarray.py" line="804" name="test_iadd[compatible_vector_array_pair8-&lt;lambda&gt;25]" time="0.0023479461669921875"></testcase><testcase classname="src.pymortests.vectorarray" file="src/pymortests/vectorarray.py" line="804" name="test_iadd[compatible_vector_array_pair8-&lt;lambda&gt;26]" time="0.02318286895751953"></testcase><testcase classname="src.pymortests.vectorarray" file="src/pymortests/vectorarray.py" line="804" name="test_iadd[compatible_vector_array_pair8-&lt;lambda&gt;27]" time="0.09803485870361328"></testcase><testcase classname="src.pymortests.vectorarray" file="src/pymortests/vectorarray.py" line="804" name="test_iadd[compatible_vector_array_pair8-&lt;lambda&gt;28]" time="0.27258729934692383"></testcase><testcase classname="src.pymortests.vectorarray" file="src/pymortests/vectorarray.py" line="804" name="test_iadd[compatible_vector_array_pair8-&lt;lambda&gt;29]" time="0.008191347122192383"></testcase><testcase classname="src.pymortests.vectorarray" file="src/pymortests/vectorarray.py" line="816" name="test_sub[compatible_vector_array_pair0-&lt;lambda&gt;0]" time="0.0014989376068115234"></testcase><testcase classname="src.pymortests.vectorarray" file="src/pymortests/vectorarray.py" line="816" name="test_sub[compatible_vector_array_pair0-&lt;lambda&gt;1]" time="0.0014281272888183594"></testcase><testcase classname="src.pymortests.vectorarray" file="src/pymortests/vectorarray.py" line="816" name="test_sub[compatible_vector_array_pair0-&lt;lambda&gt;2]" time="0.0014455318450927734"></testcase><testcase classname="src.pymortests.vectorarray" file="src/pymortests/vectorarray.py" line="816" name="test_sub[compatible_vector_array_pair0-&lt;lambda&gt;3]" time="0.0015308856964111328"></testcase><testcase classname="src.pymortests.vectorarray" file="src/pymortests/vectorarray.py" line="816" name="test_sub[compatible_vector_array_pair0-&lt;lambda&gt;4]" time="0.0014278888702392578"></testcase><testcase classname="src.pymortests.vectorarray" file="src/pymortests/vectorarray.py" line="816" name="test_sub[compatible_vector_array_pair0-&lt;lambda&gt;5]" time="0.0013136863708496094"></testcase><testcase classname="src.pymortests.vectorarray" file="src/pymortests/vectorarray.py" line="816" name="test_sub[compatible_vector_array_pair0-&lt;lambda&gt;6]" time="0.0013260841369628906"></testcase><testcase classname="src.pymortests.vectorarray" file="src/pymortests/vectorarray.py" line="816" name="test_sub[compatible_vector_array_pair0-&lt;lambda&gt;7]" time="0.001642465591430664"></testcase><testcase classname="src.pymortests.vectorarray" file="src/pymortests/vectorarray.py" line="816" name="test_sub[compatible_vector_array_pair0-&lt;lambda&gt;8]" time="0.0016846656799316406"></testcase><testcase classname="src.pymortests.vectorarray" file="src/pymortests/vectorarray.py" line="816" name="test_sub[compatible_vector_array_pair0-&lt;lambda&gt;9]" time="0.004654407501220703"></testcase><testcase classname="src.pymortests.vectorarray" file="src/pymortests/vectorarray.py" line="816" name="test_sub[compatible_vector_array_pair0-&lt;lambda&gt;10]" time="0.009035825729370117"></testcase><testcase classname="src.pymortests.vectorarray" file="src/pymortests/vectorarray.py" line="816" name="test_sub[compatible_vector_array_pair0-&lt;lambda&gt;11]" time="0.0017580986022949219"></testcase><testcase classname="src.pymortests.vectorarray" file="src/pymortests/vectorarray.py" line="816" name="test_sub[compatible_vector_array_pair0-&lt;lambda&gt;12]" time="0.0017926692962646484"></testcase><testcase classname="src.pymortests.vectorarray" file="src/pymortests/vectorarray.py" line="816" name="test_sub[compatible_vector_array_pair0-&lt;lambda&gt;13]" time="0.0018932819366455078"></testcase><testcase classname="src.pymortests.vectorarray" file="src/pymortests/vectorarray.py" line="816" name="test_sub[compatible_vector_array_pair0-&lt;lambda&gt;14]" time="0.0017693042755126953"></testcase><testcase classname="src.pymortests.vectorarray" file="src/pymortests/vectorarray.py" line="816" name="test_sub[compatible_vector_array_pair0-&lt;lambda&gt;15]" time="0.0022039413452148438"></testcase><testcase classname="src.pymortests.vectorarray" file="src/pymortests/vectorarray.py" line="816" name="test_sub[compatible_vector_array_pair0-&lt;lambda&gt;16]" time="0.0024580955505371094"></testcase><testcase classname="src.pymortests.vectorarray" file="src/pymortests/vectorarray.py" line="816" name="test_sub[compatible_vector_array_pair0-&lt;lambda&gt;17]" time="0.0022559165954589844"></testcase><testcase classname="src.pymortests.vectorarray" file="src/pymortests/vectorarray.py" line="816" name="test_sub[compatible_vector_array_pair0-&lt;lambda&gt;18]" time="0.001990079879760742"></testcase><testcase classname="src.pymortests.vectorarray" file="src/pymortests/vectorarray.py" line="816" name="test_sub[compatible_vector_array_pair0-&lt;lambda&gt;19]" time="0.002137422561645508"></testcase><testcase classname="src.pymortests.vectorarray" file="src/pymortests/vectorarray.py" line="816" name="test_sub[compatible_vector_array_pair0-&lt;lambda&gt;20]" time="0.025750160217285156"></testcase><testcase classname="src.pymortests.vectorarray" file="src/pymortests/vectorarray.py" line="816" name="test_sub[compatible_vector_array_pair0-&lt;lambda&gt;21]" time="0.01794266700744629"></testcase><testcase classname="src.pymortests.vectorarray" file="src/pymortests/vectorarray.py" line="816" name="test_sub[compatible_vector_array_pair0-&lt;lambda&gt;22]" time="0.05056405067443848"></testcase><testcase classname="src.pymortests.vectorarray" file="src/pymortests/vectorarray.py" line="816" name="test_sub[compatible_vector_array_pair0-&lt;lambda&gt;23]" time="0.003775358200073242"></testcase><testcase classname="src.pymortests.vectorarray" file="src/pymortests/vectorarray.py" line="816" name="test_sub[compatible_vector_array_pair0-&lt;lambda&gt;24]" time="0.001392364501953125"></testcase><testcase classname="src.pymortests.vectorarray" file="src/pymortests/vectorarray.py" line="816" name="test_sub[compatible_vector_array_pair0-&lt;lambda&gt;25]" time="0.002507448196411133"></testcase><testcase classname="src.pymortests.vectorarray" file="src/pymortests/vectorarray.py" line="816" name="test_sub[compatible_vector_array_pair0-&lt;lambda&gt;26]" time="0.024849414825439453"></testcase><testcase classname="src.pymortests.vectorarray" file="src/pymortests/vectorarray.py" line="816" name="test_sub[compatible_vector_array_pair0-&lt;lambda&gt;27]" time="0.1231379508972168"></testcase><testcase classname="src.pymortests.vectorarray" file="src/pymortests/vectorarray.py" line="816" name="test_sub[compatible_vector_array_pair0-&lt;lambda&gt;28]" time="0.3201422691345215"></testcase><testcase classname="src.pymortests.vectorarray" file="src/pymortests/vectorarray.py" line="816" name="test_sub[compatible_vector_array_pair0-&lt;lambda&gt;29]" time="0.00948333740234375"></testcase><testcase classname="src.pymortests.vectorarray" file="src/pymortests/vectorarray.py" line="816" name="test_sub[compatible_vector_array_pair1-&lt;lambda&gt;0]" time="0.0014872550964355469"></testcase><testcase classname="src.pymortests.vectorarray" file="src/pymortests/vectorarray.py" line="816" name="test_sub[compatible_vector_array_pair1-&lt;lambda&gt;1]" time="0.0014662742614746094"></testcase><testcase classname="src.pymortests.vectorarray" file="src/pymortests/vectorarray.py" line="816" name="test_sub[compatible_vector_array_pair1-&lt;lambda&gt;2]" time="0.0014450550079345703"></testcase><testcase classname="src.pymortests.vectorarray" file="src/pymortests/vectorarray.py" line="816" name="test_sub[compatible_vector_array_pair1-&lt;lambda&gt;3]" time="0.001538991928100586"></testcase><testcase classname="src.pymortests.vectorarray" file="src/pymortests/vectorarray.py" line="816" name="test_sub[compatible_vector_array_pair1-&lt;lambda&gt;4]" time="0.0014715194702148438"></testcase><testcase classname="src.pymortests.vectorarray" file="src/pymortests/vectorarray.py" line="816" name="test_sub[compatible_vector_array_pair1-&lt;lambda&gt;5]" time="0.0013370513916015625"></testcase><testcase classname="src.pymortests.vectorarray" file="src/pymortests/vectorarray.py" line="816" name="test_sub[compatible_vector_array_pair1-&lt;lambda&gt;6]" time="0.0013136863708496094"></testcase><testcase classname="src.pymortests.vectorarray" file="src/pymortests/vectorarray.py" line="816" name="test_sub[compatible_vector_array_pair1-&lt;lambda&gt;7]" time="0.0014028549194335938"></testcase><testcase classname="src.pymortests.vectorarray" file="src/pymortests/vectorarray.py" line="816" name="test_sub[compatible_vector_array_pair1-&lt;lambda&gt;8]" time="0.0018455982208251953"></testcase><testcase classname="src.pymortests.vectorarray" file="src/pymortests/vectorarray.py" line="816" name="test_sub[compatible_vector_array_pair1-&lt;lambda&gt;9]" time="0.004663705825805664"></testcase><testcase classname="src.pymortests.vectorarray" file="src/pymortests/vectorarray.py" line="816" name="test_sub[compatible_vector_array_pair1-&lt;lambda&gt;10]" time="0.009349822998046875"></testcase><testcase classname="src.pymortests.vectorarray" file="src/pymortests/vectorarray.py" line="816" name="test_sub[compatible_vector_array_pair1-&lt;lambda&gt;11]" time="0.0016601085662841797"></testcase><testcase classname="src.pymortests.vectorarray" file="src/pymortests/vectorarray.py" line="816" name="test_sub[compatible_vector_array_pair1-&lt;lambda&gt;12]" time="0.0017943382263183594"></testcase><testcase classname="src.pymortests.vectorarray" file="src/pymortests/vectorarray.py" line="816" name="test_sub[compatible_vector_array_pair1-&lt;lambda&gt;13]" time="0.001956939697265625"></testcase><testcase classname="src.pymortests.vectorarray" file="src/pymortests/vectorarray.py" line="816" name="test_sub[compatible_vector_array_pair1-&lt;lambda&gt;14]" time="0.0018117427825927734"></testcase><testcase classname="src.pymortests.vectorarray" file="src/pymortests/vectorarray.py" line="816" name="test_sub[compatible_vector_array_pair1-&lt;lambda&gt;15]" time="0.002384185791015625"></testcase><testcase classname="src.pymortests.vectorarray" file="src/pymortests/vectorarray.py" line="816" name="test_sub[compatible_vector_array_pair1-&lt;lambda&gt;16]" time="0.002538442611694336"></testcase><testcase classname="src.pymortests.vectorarray" file="src/pymortests/vectorarray.py" line="816" name="test_sub[compatible_vector_array_pair1-&lt;lambda&gt;17]" time="0.0023741722106933594"></testcase><testcase classname="src.pymortests.vectorarray" file="src/pymortests/vectorarray.py" line="816" name="test_sub[compatible_vector_array_pair1-&lt;lambda&gt;18]" time="0.0020973682403564453"></testcase><testcase classname="src.pymortests.vectorarray" file="src/pymortests/vectorarray.py" line="816" name="test_sub[compatible_vector_array_pair1-&lt;lambda&gt;19]" time="0.002022981643676758"></testcase><testcase classname="src.pymortests.vectorarray" file="src/pymortests/vectorarray.py" line="816" name="test_sub[compatible_vector_array_pair1-&lt;lambda&gt;20]" time="0.02536773681640625"></testcase><testcase classname="src.pymortests.vectorarray" file="src/pymortests/vectorarray.py" line="816" name="test_sub[compatible_vector_array_pair1-&lt;lambda&gt;21]" time="0.017804622650146484"></testcase><testcase classname="src.pymortests.vectorarray" file="src/pymortests/vectorarray.py" line="816" name="test_sub[compatible_vector_array_pair1-&lt;lambda&gt;22]" time="0.05021953582763672"></testcase><testcase classname="src.pymortests.vectorarray" file="src/pymortests/vectorarray.py" line="816" name="test_sub[compatible_vector_array_pair1-&lt;lambda&gt;23]" time="0.003805398941040039"></testcase><testcase classname="src.pymortests.vectorarray" file="src/pymortests/vectorarray.py" line="816" name="test_sub[compatible_vector_array_pair1-&lt;lambda&gt;24]" time="0.0014138221740722656"></testcase><testcase classname="src.pymortests.vectorarray" file="src/pymortests/vectorarray.py" line="816" name="test_sub[compatible_vector_array_pair1-&lt;lambda&gt;25]" time="0.002511262893676758"></testcase><testcase classname="src.pymortests.vectorarray" file="src/pymortests/vectorarray.py" line="816" name="test_sub[compatible_vector_array_pair1-&lt;lambda&gt;26]" time="0.025874614715576172"></testcase><testcase classname="src.pymortests.vectorarray" file="src/pymortests/vectorarray.py" line="816" name="test_sub[compatible_vector_array_pair1-&lt;lambda&gt;27]" time="0.1281909942626953"></testcase><testcase classname="src.pymortests.vectorarray" file="src/pymortests/vectorarray.py" line="816" name="test_sub[compatible_vector_array_pair1-&lt;lambda&gt;28]" time="0.3262770175933838"></testcase><testcase classname="src.pymortests.vectorarray" file="src/pymortests/vectorarray.py" line="816" name="test_sub[compatible_vector_array_pair1-&lt;lambda&gt;29]" time="0.00991201400756836"></testcase><testcase classname="src.pymortests.vectorarray" file="src/pymortests/vectorarray.py" line="816" name="test_sub[compatible_vector_array_pair2-&lt;lambda&gt;0]" time="0.0018916130065917969"></testcase><testcase classname="src.pymortests.vectorarray" file="src/pymortests/vectorarray.py" line="816" name="test_sub[compatible_vector_array_pair2-&lt;lambda&gt;1]" time="0.0016887187957763672"></testcase><testcase classname="src.pymortests.vectorarray" file="src/pymortests/vectorarray.py" line="816" name="test_sub[compatible_vector_array_pair2-&lt;lambda&gt;2]" time="0.0016376972198486328"></testcase><testcase classname="src.pymortests.vectorarray" file="src/pymortests/vectorarray.py" line="816" name="test_sub[compatible_vector_array_pair2-&lt;lambda&gt;3]" time="0.0016508102416992188"></testcase><testcase classname="src.pymortests.vectorarray" file="src/pymortests/vectorarray.py" line="816" name="test_sub[compatible_vector_array_pair2-&lt;lambda&gt;4]" time="0.0014927387237548828"></testcase><testcase classname="src.pymortests.vectorarray" file="src/pymortests/vectorarray.py" line="816" name="test_sub[compatible_vector_array_pair2-&lt;lambda&gt;5]" time="0.0014412403106689453"></testcase><testcase classname="src.pymortests.vectorarray" file="src/pymortests/vectorarray.py" line="816" name="test_sub[compatible_vector_array_pair2-&lt;lambda&gt;6]" time="0.0013518333435058594"></testcase><testcase classname="src.pymortests.vectorarray" file="src/pymortests/vectorarray.py" line="816" name="test_sub[compatible_vector_array_pair2-&lt;lambda&gt;7]" time="0.0014216899871826172"></testcase><testcase classname="src.pymortests.vectorarray" file="src/pymortests/vectorarray.py" line="816" name="test_sub[compatible_vector_array_pair2-&lt;lambda&gt;8]" time="0.0018548965454101562"></testcase><testcase classname="src.pymortests.vectorarray" file="src/pymortests/vectorarray.py" line="816" name="test_sub[compatible_vector_array_pair2-&lt;lambda&gt;9]" time="0.005415439605712891"></testcase><testcase classname="src.pymortests.vectorarray" file="src/pymortests/vectorarray.py" line="816" name="test_sub[compatible_vector_array_pair2-&lt;lambda&gt;10]" time="0.009429931640625"></testcase><testcase classname="src.pymortests.vectorarray" file="src/pymortests/vectorarray.py" line="816" name="test_sub[compatible_vector_array_pair2-&lt;lambda&gt;11]" time="0.001695394515991211"></testcase><testcase classname="src.pymortests.vectorarray" file="src/pymortests/vectorarray.py" line="816" name="test_sub[compatible_vector_array_pair2-&lt;lambda&gt;12]" time="0.0018820762634277344"></testcase><testcase classname="src.pymortests.vectorarray" file="src/pymortests/vectorarray.py" line="816" name="test_sub[compatible_vector_array_pair2-&lt;lambda&gt;13]" time="0.002002239227294922"></testcase><testcase classname="src.pymortests.vectorarray" file="src/pymortests/vectorarray.py" line="816" name="test_sub[compatible_vector_array_pair2-&lt;lambda&gt;14]" time="0.001809835433959961"></testcase><testcase classname="src.pymortests.vectorarray" file="src/pymortests/vectorarray.py" line="816" name="test_sub[compatible_vector_array_pair2-&lt;lambda&gt;15]" time="0.0023322105407714844"></testcase><testcase classname="src.pymortests.vectorarray" file="src/pymortests/vectorarray.py" line="816" name="test_sub[compatible_vector_array_pair2-&lt;lambda&gt;16]" time="0.002445697784423828"></testcase><testcase classname="src.pymortests.vectorarray" file="src/pymortests/vectorarray.py" line="816" name="test_sub[compatible_vector_array_pair2-&lt;lambda&gt;17]" time="0.0023348331451416016"></testcase><testcase classname="src.pymortests.vectorarray" file="src/pymortests/vectorarray.py" line="816" name="test_sub[compatible_vector_array_pair2-&lt;lambda&gt;18]" time="0.0020318031311035156"></testcase><testcase classname="src.pymortests.vectorarray" file="src/pymortests/vectorarray.py" line="816" name="test_sub[compatible_vector_array_pair2-&lt;lambda&gt;19]" time="0.0020589828491210938"></testcase><testcase classname="src.pymortests.vectorarray" file="src/pymortests/vectorarray.py" line="816" name="test_sub[compatible_vector_array_pair2-&lt;lambda&gt;20]" time="0.025033235549926758"></testcase><testcase classname="src.pymortests.vectorarray" file="src/pymortests/vectorarray.py" line="816" name="test_sub[compatible_vector_array_pair2-&lt;lambda&gt;21]" time="0.01821112632751465"></testcase><testcase classname="src.pymortests.vectorarray" file="src/pymortests/vectorarray.py" line="816" name="test_sub[compatible_vector_array_pair2-&lt;lambda&gt;22]" time="0.05080866813659668"></testcase><testcase classname="src.pymortests.vectorarray" file="src/pymortests/vectorarray.py" line="816" name="test_sub[compatible_vector_array_pair2-&lt;lambda&gt;23]" time="0.0037055015563964844"></testcase><testcase classname="src.pymortests.vectorarray" file="src/pymortests/vectorarray.py" line="816" name="test_sub[compatible_vector_array_pair2-&lt;lambda&gt;24]" time="0.0013878345489501953"></testcase><testcase classname="src.pymortests.vectorarray" file="src/pymortests/vectorarray.py" line="816" name="test_sub[compatible_vector_array_pair2-&lt;lambda&gt;25]" time="0.0024123191833496094"></testcase><testcase classname="src.pymortests.vectorarray" file="src/pymortests/vectorarray.py" line="816" name="test_sub[compatible_vector_array_pair2-&lt;lambda&gt;26]" time="0.025421857833862305"></testcase><testcase classname="src.pymortests.vectorarray" file="src/pymortests/vectorarray.py" line="816" name="test_sub[compatible_vector_array_pair2-&lt;lambda&gt;27]" time="0.12322854995727539"></testcase><testcase classname="src.pymortests.vectorarray" file="src/pymortests/vectorarray.py" line="816" name="test_sub[compatible_vector_array_pair2-&lt;lambda&gt;28]" time="0.3321495056152344"></testcase><testcase classname="src.pymortests.vectorarray" file="src/pymortests/vectorarray.py" line="816" name="test_sub[compatible_vector_array_pair2-&lt;lambda&gt;29]" time="0.009872198104858398"></testcase><testcase classname="src.pymortests.vectorarray" file="src/pymortests/vectorarray.py" line="816" name="test_sub[compatible_vector_array_pair3-&lt;lambda&gt;0]" time="0.0016133785247802734"></testcase><testcase classname="src.pymortests.vectorarray" file="src/pymortests/vectorarray.py" line="816" name="test_sub[compatible_vector_array_pair3-&lt;lambda&gt;1]" time="0.0015137195587158203"></testcase><testcase classname="src.pymortests.vectorarray" file="src/pymortests/vectorarray.py" line="816" name="test_sub[compatible_vector_array_pair3-&lt;lambda&gt;2]" time="0.001583099365234375"></testcase><testcase classname="src.pymortests.vectorarray" file="src/pymortests/vectorarray.py" line="816" name="test_sub[compatible_vector_array_pair3-&lt;lambda&gt;3]" time="0.001644134521484375"></testcase><testcase classname="src.pymortests.vectorarray" file="src/pymortests/vectorarray.py" line="816" name="test_sub[compatible_vector_array_pair3-&lt;lambda&gt;4]" time="0.0015497207641601562"></testcase><testcase classname="src.pymortests.vectorarray" file="src/pymortests/vectorarray.py" line="816" name="test_sub[compatible_vector_array_pair3-&lt;lambda&gt;5]" time="0.0013661384582519531"></testcase><testcase classname="src.pymortests.vectorarray" file="src/pymortests/vectorarray.py" line="816" name="test_sub[compatible_vector_array_pair3-&lt;lambda&gt;6]" time="0.0013644695281982422"></testcase><testcase classname="src.pymortests.vectorarray" file="src/pymortests/vectorarray.py" line="816" name="test_sub[compatible_vector_array_pair3-&lt;lambda&gt;7]" time="0.0013720989227294922"></testcase><testcase classname="src.pymortests.vectorarray" file="src/pymortests/vectorarray.py" line="816" name="test_sub[compatible_vector_array_pair3-&lt;lambda&gt;8]" time="0.0018134117126464844"></testcase><testcase classname="src.pymortests.vectorarray" file="src/pymortests/vectorarray.py" line="816" name="test_sub[compatible_vector_array_pair3-&lt;lambda&gt;9]" time="0.004780292510986328"></testcase><testcase classname="src.pymortests.vectorarray" file="src/pymortests/vectorarray.py" line="816" name="test_sub[compatible_vector_array_pair3-&lt;lambda&gt;10]" time="0.00912332534790039"></testcase><testcase classname="src.pymortests.vectorarray" file="src/pymortests/vectorarray.py" line="816" name="test_sub[compatible_vector_array_pair3-&lt;lambda&gt;11]" time="0.0017507076263427734"></testcase><testcase classname="src.pymortests.vectorarray" file="src/pymortests/vectorarray.py" line="816" name="test_sub[compatible_vector_array_pair3-&lt;lambda&gt;12]" time="0.0017857551574707031"></testcase><testcase classname="src.pymortests.vectorarray" file="src/pymortests/vectorarray.py" line="816" name="test_sub[compatible_vector_array_pair3-&lt;lambda&gt;13]" time="0.0019562244415283203"></testcase><testcase classname="src.pymortests.vectorarray" file="src/pymortests/vectorarray.py" line="816" name="test_sub[compatible_vector_array_pair3-&lt;lambda&gt;14]" time="0.0018551349639892578"></testcase><testcase classname="src.pymortests.vectorarray" file="src/pymortests/vectorarray.py" line="816" name="test_sub[compatible_vector_array_pair3-&lt;lambda&gt;15]" time="0.0023975372314453125"></testcase><testcase classname="src.pymortests.vectorarray" file="src/pymortests/vectorarray.py" line="816" name="test_sub[compatible_vector_array_pair3-&lt;lambda&gt;16]" time="0.0028200149536132812"></testcase><testcase classname="src.pymortests.vectorarray" file="src/pymortests/vectorarray.py" line="816" name="test_sub[compatible_vector_array_pair3-&lt;lambda&gt;17]" time="0.002418994903564453"></testcase><testcase classname="src.pymortests.vectorarray" file="src/pymortests/vectorarray.py" line="816" name="test_sub[compatible_vector_array_pair3-&lt;lambda&gt;18]" time="0.002112150192260742"></testcase><testcase classname="src.pymortests.vectorarray" file="src/pymortests/vectorarray.py" line="816" name="test_sub[compatible_vector_array_pair3-&lt;lambda&gt;19]" time="0.002141237258911133"></testcase><testcase classname="src.pymortests.vectorarray" file="src/pymortests/vectorarray.py" line="816" name="test_sub[compatible_vector_array_pair3-&lt;lambda&gt;20]" time="0.025735139846801758"></testcase><testcase classname="src.pymortests.vectorarray" file="src/pymortests/vectorarray.py" line="816" name="test_sub[compatible_vector_array_pair3-&lt;lambda&gt;21]" time="0.018320322036743164"></testcase><testcase classname="src.pymortests.vectorarray" file="src/pymortests/vectorarray.py" line="816" name="test_sub[compatible_vector_array_pair3-&lt;lambda&gt;22]" time="0.05043601989746094"></testcase><testcase classname="src.pymortests.vectorarray" file="src/pymortests/vectorarray.py" line="816" name="test_sub[compatible_vector_array_pair3-&lt;lambda&gt;23]" time="0.004141807556152344"></testcase><testcase classname="src.pymortests.vectorarray" file="src/pymortests/vectorarray.py" line="816" name="test_sub[compatible_vector_array_pair3-&lt;lambda&gt;24]" time="0.0015361309051513672"></testcase><testcase classname="src.pymortests.vectorarray" file="src/pymortests/vectorarray.py" line="816" name="test_sub[compatible_vector_array_pair3-&lt;lambda&gt;25]" time="0.002598285675048828"></testcase><testcase classname="src.pymortests.vectorarray" file="src/pymortests/vectorarray.py" line="816" name="test_sub[compatible_vector_array_pair3-&lt;lambda&gt;26]" time="0.024979352951049805"></testcase><testcase classname="src.pymortests.vectorarray" file="src/pymortests/vectorarray.py" line="816" name="test_sub[compatible_vector_array_pair3-&lt;lambda&gt;27]" time="0.12437009811401367"></testcase><testcase classname="src.pymortests.vectorarray" file="src/pymortests/vectorarray.py" line="816" name="test_sub[compatible_vector_array_pair3-&lt;lambda&gt;28]" time="0.3278975486755371"></testcase><testcase classname="src.pymortests.vectorarray" file="src/pymortests/vectorarray.py" line="816" name="test_sub[compatible_vector_array_pair3-&lt;lambda&gt;29]" time="0.009760141372680664"></testcase><testcase classname="src.pymortests.vectorarray" file="src/pymortests/vectorarray.py" line="816" name="test_sub[compatible_vector_array_pair4-&lt;lambda&gt;0]" time="0.0021593570709228516"></testcase><testcase classname="src.pymortests.vectorarray" file="src/pymortests/vectorarray.py" line="816" name="test_sub[compatible_vector_array_pair4-&lt;lambda&gt;1]" time="0.00164794921875"></testcase><testcase classname="src.pymortests.vectorarray" file="src/pymortests/vectorarray.py" line="816" name="test_sub[compatible_vector_array_pair4-&lt;lambda&gt;2]" time="0.0015752315521240234"></testcase><testcase classname="src.pymortests.vectorarray" file="src/pymortests/vectorarray.py" line="816" name="test_sub[compatible_vector_array_pair4-&lt;lambda&gt;3]" time="0.0016117095947265625"></testcase><testcase classname="src.pymortests.vectorarray" file="src/pymortests/vectorarray.py" line="816" name="test_sub[compatible_vector_array_pair4-&lt;lambda&gt;4]" time="0.0016217231750488281"></testcase><testcase classname="src.pymortests.vectorarray" file="src/pymortests/vectorarray.py" line="816" name="test_sub[compatible_vector_array_pair4-&lt;lambda&gt;5]" time="0.0014085769653320312"></testcase><testcase classname="src.pymortests.vectorarray" file="src/pymortests/vectorarray.py" line="816" name="test_sub[compatible_vector_array_pair4-&lt;lambda&gt;6]" time="0.0013496875762939453"></testcase><testcase classname="src.pymortests.vectorarray" file="src/pymortests/vectorarray.py" line="816" name="test_sub[compatible_vector_array_pair4-&lt;lambda&gt;7]" time="0.00141143798828125"></testcase><testcase classname="src.pymortests.vectorarray" file="src/pymortests/vectorarray.py" line="816" name="test_sub[compatible_vector_array_pair4-&lt;lambda&gt;8]" time="0.0019223690032958984"></testcase><testcase classname="src.pymortests.vectorarray" file="src/pymortests/vectorarray.py" line="816" name="test_sub[compatible_vector_array_pair4-&lt;lambda&gt;9]" time="0.004839897155761719"></testcase><testcase classname="src.pymortests.vectorarray" file="src/pymortests/vectorarray.py" line="816" name="test_sub[compatible_vector_array_pair4-&lt;lambda&gt;10]" time="0.009547710418701172"></testcase><testcase classname="src.pymortests.vectorarray" file="src/pymortests/vectorarray.py" line="816" name="test_sub[compatible_vector_array_pair4-&lt;lambda&gt;11]" time="0.0017304420471191406"></testcase><testcase classname="src.pymortests.vectorarray" file="src/pymortests/vectorarray.py" line="816" name="test_sub[compatible_vector_array_pair4-&lt;lambda&gt;12]" time="0.0018351078033447266"></testcase><testcase classname="src.pymortests.vectorarray" file="src/pymortests/vectorarray.py" line="816" name="test_sub[compatible_vector_array_pair4-&lt;lambda&gt;13]" time="0.001986980438232422"></testcase><testcase classname="src.pymortests.vectorarray" file="src/pymortests/vectorarray.py" line="816" name="test_sub[compatible_vector_array_pair4-&lt;lambda&gt;14]" time="0.0018384456634521484"></testcase><testcase classname="src.pymortests.vectorarray" file="src/pymortests/vectorarray.py" line="816" name="test_sub[compatible_vector_array_pair4-&lt;lambda&gt;15]" time="0.0023679733276367188"></testcase><testcase classname="src.pymortests.vectorarray" file="src/pymortests/vectorarray.py" line="816" name="test_sub[compatible_vector_array_pair4-&lt;lambda&gt;16]" time="0.002511262893676758"></testcase><testcase classname="src.pymortests.vectorarray" file="src/pymortests/vectorarray.py" line="816" name="test_sub[compatible_vector_array_pair4-&lt;lambda&gt;17]" time="0.002438783645629883"></testcase><testcase classname="src.pymortests.vectorarray" file="src/pymortests/vectorarray.py" line="816" name="test_sub[compatible_vector_array_pair4-&lt;lambda&gt;18]" time="0.0020437240600585938"></testcase><testcase classname="src.pymortests.vectorarray" file="src/pymortests/vectorarray.py" line="816" name="test_sub[compatible_vector_array_pair4-&lt;lambda&gt;19]" time="0.0020503997802734375"></testcase><testcase classname="src.pymortests.vectorarray" file="src/pymortests/vectorarray.py" line="816" name="test_sub[compatible_vector_array_pair4-&lt;lambda&gt;20]" time="0.025784969329833984"></testcase><testcase classname="src.pymortests.vectorarray" file="src/pymortests/vectorarray.py" line="816" name="test_sub[compatible_vector_array_pair4-&lt;lambda&gt;21]" time="0.017916440963745117"></testcase><testcase classname="src.pymortests.vectorarray" file="src/pymortests/vectorarray.py" line="816" name="test_sub[compatible_vector_array_pair4-&lt;lambda&gt;22]" time="0.05290508270263672"></testcase><testcase classname="src.pymortests.vectorarray" file="src/pymortests/vectorarray.py" line="816" name="test_sub[compatible_vector_array_pair4-&lt;lambda&gt;23]" time="0.004041433334350586"></testcase><testcase classname="src.pymortests.vectorarray" file="src/pymortests/vectorarray.py" line="816" name="test_sub[compatible_vector_array_pair4-&lt;lambda&gt;24]" time="0.0016095638275146484"></testcase><testcase classname="src.pymortests.vectorarray" file="src/pymortests/vectorarray.py" line="816" name="test_sub[compatible_vector_array_pair4-&lt;lambda&gt;25]" time="0.0026521682739257812"></testcase><testcase classname="src.pymortests.vectorarray" file="src/pymortests/vectorarray.py" line="816" name="test_sub[compatible_vector_array_pair4-&lt;lambda&gt;26]" time="0.02475571632385254"></testcase><testcase classname="src.pymortests.vectorarray" file="src/pymortests/vectorarray.py" line="816" name="test_sub[compatible_vector_array_pair4-&lt;lambda&gt;27]" time="0.12652230262756348"></testcase><testcase classname="src.pymortests.vectorarray" file="src/pymortests/vectorarray.py" line="816" name="test_sub[compatible_vector_array_pair4-&lt;lambda&gt;28]" time="0.3355884552001953"></testcase><testcase classname="src.pymortests.vectorarray" file="src/pymortests/vectorarray.py" line="816" name="test_sub[compatible_vector_array_pair4-&lt;lambda&gt;29]" time="0.009630680084228516"></testcase><testcase classname="src.pymortests.vectorarray" file="src/pymortests/vectorarray.py" line="816" name="test_sub[compatible_vector_array_pair5-&lt;lambda&gt;0]" time="0.0016071796417236328"></testcase><testcase classname="src.pymortests.vectorarray" file="src/pymortests/vectorarray.py" line="816" name="test_sub[compatible_vector_array_pair5-&lt;lambda&gt;1]" time="0.0014853477478027344"></testcase><testcase classname="src.pymortests.vectorarray" file="src/pymortests/vectorarray.py" line="816" name="test_sub[compatible_vector_array_pair5-&lt;lambda&gt;2]" time="0.0015358924865722656"></testcase><testcase classname="src.pymortests.vectorarray" file="src/pymortests/vectorarray.py" line="816" name="test_sub[compatible_vector_array_pair5-&lt;lambda&gt;3]" time="0.0015728473663330078"></testcase><testcase classname="src.pymortests.vectorarray" file="src/pymortests/vectorarray.py" line="816" name="test_sub[compatible_vector_array_pair5-&lt;lambda&gt;4]" time="0.001542806625366211"></testcase><testcase classname="src.pymortests.vectorarray" file="src/pymortests/vectorarray.py" line="816" name="test_sub[compatible_vector_array_pair5-&lt;lambda&gt;5]" time="0.0013728141784667969"></testcase><testcase classname="src.pymortests.vectorarray" file="src/pymortests/vectorarray.py" line="816" name="test_sub[compatible_vector_array_pair5-&lt;lambda&gt;6]" time="0.0013165473937988281"></testcase><testcase classname="src.pymortests.vectorarray" file="src/pymortests/vectorarray.py" line="816" name="test_sub[compatible_vector_array_pair5-&lt;lambda&gt;7]" time="0.001394033432006836"></testcase><testcase classname="src.pymortests.vectorarray" file="src/pymortests/vectorarray.py" line="816" name="test_sub[compatible_vector_array_pair5-&lt;lambda&gt;8]" time="0.0018987655639648438"></testcase><testcase classname="src.pymortests.vectorarray" file="src/pymortests/vectorarray.py" line="816" name="test_sub[compatible_vector_array_pair5-&lt;lambda&gt;9]" time="0.004859447479248047"></testcase><testcase classname="src.pymortests.vectorarray" file="src/pymortests/vectorarray.py" line="816" name="test_sub[compatible_vector_array_pair5-&lt;lambda&gt;10]" time="0.009752988815307617"></testcase><testcase classname="src.pymortests.vectorarray" file="src/pymortests/vectorarray.py" line="816" name="test_sub[compatible_vector_array_pair5-&lt;lambda&gt;11]" time="0.0017993450164794922"></testcase><testcase classname="src.pymortests.vectorarray" file="src/pymortests/vectorarray.py" line="816" name="test_sub[compatible_vector_array_pair5-&lt;lambda&gt;12]" time="0.0018715858459472656"></testcase><testcase classname="src.pymortests.vectorarray" file="src/pymortests/vectorarray.py" line="816" name="test_sub[compatible_vector_array_pair5-&lt;lambda&gt;13]" time="0.0020723342895507812"></testcase><testcase classname="src.pymortests.vectorarray" file="src/pymortests/vectorarray.py" line="816" name="test_sub[compatible_vector_array_pair5-&lt;lambda&gt;14]" time="0.001916646957397461"></testcase><testcase classname="src.pymortests.vectorarray" file="src/pymortests/vectorarray.py" line="816" name="test_sub[compatible_vector_array_pair5-&lt;lambda&gt;15]" time="0.0023970603942871094"></testcase><testcase classname="src.pymortests.vectorarray" file="src/pymortests/vectorarray.py" line="816" name="test_sub[compatible_vector_array_pair5-&lt;lambda&gt;16]" time="0.0026543140411376953"></testcase><testcase classname="src.pymortests.vectorarray" file="src/pymortests/vectorarray.py" line="816" name="test_sub[compatible_vector_array_pair5-&lt;lambda&gt;17]" time="0.002398252487182617"></testcase><testcase classname="src.pymortests.vectorarray" file="src/pymortests/vectorarray.py" line="816" name="test_sub[compatible_vector_array_pair5-&lt;lambda&gt;18]" time="0.0020668506622314453"></testcase><testcase classname="src.pymortests.vectorarray" file="src/pymortests/vectorarray.py" line="816" name="test_sub[compatible_vector_array_pair5-&lt;lambda&gt;19]" time="0.0026230812072753906"></testcase><testcase classname="src.pymortests.vectorarray" file="src/pymortests/vectorarray.py" line="816" name="test_sub[compatible_vector_array_pair5-&lt;lambda&gt;20]" time="0.026841402053833008"></testcase><testcase classname="src.pymortests.vectorarray" file="src/pymortests/vectorarray.py" line="816" name="test_sub[compatible_vector_array_pair5-&lt;lambda&gt;21]" time="0.018294572830200195"></testcase><testcase classname="src.pymortests.vectorarray" file="src/pymortests/vectorarray.py" line="816" name="test_sub[compatible_vector_array_pair5-&lt;lambda&gt;22]" time="0.05173611640930176"></testcase><testcase classname="src.pymortests.vectorarray" file="src/pymortests/vectorarray.py" line="816" name="test_sub[compatible_vector_array_pair5-&lt;lambda&gt;23]" time="0.0039212703704833984"></testcase><testcase classname="src.pymortests.vectorarray" file="src/pymortests/vectorarray.py" line="816" name="test_sub[compatible_vector_array_pair5-&lt;lambda&gt;24]" time="0.0013728141784667969"></testcase><testcase classname="src.pymortests.vectorarray" file="src/pymortests/vectorarray.py" line="816" name="test_sub[compatible_vector_array_pair5-&lt;lambda&gt;25]" time="0.0024788379669189453"></testcase><testcase classname="src.pymortests.vectorarray" file="src/pymortests/vectorarray.py" line="816" name="test_sub[compatible_vector_array_pair5-&lt;lambda&gt;26]" time="0.025021791458129883"></testcase><testcase classname="src.pymortests.vectorarray" file="src/pymortests/vectorarray.py" line="816" name="test_sub[compatible_vector_array_pair5-&lt;lambda&gt;27]" time="0.12193155288696289"></testcase><testcase classname="src.pymortests.vectorarray" file="src/pymortests/vectorarray.py" line="816" name="test_sub[compatible_vector_array_pair5-&lt;lambda&gt;28]" time="0.32817983627319336"></testcase><testcase classname="src.pymortests.vectorarray" file="src/pymortests/vectorarray.py" line="816" name="test_sub[compatible_vector_array_pair5-&lt;lambda&gt;29]" time="0.009826421737670898"></testcase><testcase classname="src.pymortests.vectorarray" file="src/pymortests/vectorarray.py" line="816" name="test_sub[compatible_vector_array_pair6-&lt;lambda&gt;0]" time="0.0021393299102783203"></testcase><testcase classname="src.pymortests.vectorarray" file="src/pymortests/vectorarray.py" line="816" name="test_sub[compatible_vector_array_pair6-&lt;lambda&gt;1]" time="0.0016028881072998047"></testcase><testcase classname="src.pymortests.vectorarray" file="src/pymortests/vectorarray.py" line="816" name="test_sub[compatible_vector_array_pair6-&lt;lambda&gt;2]" time="0.0015778541564941406"></testcase><testcase classname="src.pymortests.vectorarray" file="src/pymortests/vectorarray.py" line="816" name="test_sub[compatible_vector_array_pair6-&lt;lambda&gt;3]" time="0.0016322135925292969"></testcase><testcase classname="src.pymortests.vectorarray" file="src/pymortests/vectorarray.py" line="816" name="test_sub[compatible_vector_array_pair6-&lt;lambda&gt;4]" time="0.0014965534210205078"></testcase><testcase classname="src.pymortests.vectorarray" file="src/pymortests/vectorarray.py" line="816" name="test_sub[compatible_vector_array_pair6-&lt;lambda&gt;5]" time="0.0014128684997558594"></testcase><testcase classname="src.pymortests.vectorarray" file="src/pymortests/vectorarray.py" line="816" name="test_sub[compatible_vector_array_pair6-&lt;lambda&gt;6]" time="0.0013461112976074219"></testcase><testcase classname="src.pymortests.vectorarray" file="src/pymortests/vectorarray.py" line="816" name="test_sub[compatible_vector_array_pair6-&lt;lambda&gt;7]" time="0.0013420581817626953"></testcase><testcase classname="src.pymortests.vectorarray" file="src/pymortests/vectorarray.py" line="816" name="test_sub[compatible_vector_array_pair6-&lt;lambda&gt;8]" time="0.002022981643676758"></testcase><testcase classname="src.pymortests.vectorarray" file="src/pymortests/vectorarray.py" line="816" name="test_sub[compatible_vector_array_pair6-&lt;lambda&gt;9]" time="0.004739999771118164"></testcase><testcase classname="src.pymortests.vectorarray" file="src/pymortests/vectorarray.py" line="816" name="test_sub[compatible_vector_array_pair6-&lt;lambda&gt;10]" time="0.008992433547973633"></testcase><testcase classname="src.pymortests.vectorarray" file="src/pymortests/vectorarray.py" line="816" name="test_sub[compatible_vector_array_pair6-&lt;lambda&gt;11]" time="0.0017044544219970703"></testcase><testcase classname="src.pymortests.vectorarray" file="src/pymortests/vectorarray.py" line="816" name="test_sub[compatible_vector_array_pair6-&lt;lambda&gt;12]" time="0.0018091201782226562"></testcase><testcase classname="src.pymortests.vectorarray" file="src/pymortests/vectorarray.py" line="816" name="test_sub[compatible_vector_array_pair6-&lt;lambda&gt;13]" time="0.0018887519836425781"></testcase><testcase classname="src.pymortests.vectorarray" file="src/pymortests/vectorarray.py" line="816" name="test_sub[compatible_vector_array_pair6-&lt;lambda&gt;14]" time="0.0017480850219726562"></testcase><testcase classname="src.pymortests.vectorarray" file="src/pymortests/vectorarray.py" line="816" name="test_sub[compatible_vector_array_pair6-&lt;lambda&gt;15]" time="0.0022788047790527344"></testcase><testcase classname="src.pymortests.vectorarray" file="src/pymortests/vectorarray.py" line="816" name="test_sub[compatible_vector_array_pair6-&lt;lambda&gt;16]" time="0.0024404525756835938"></testcase><testcase classname="src.pymortests.vectorarray" file="src/pymortests/vectorarray.py" line="816" name="test_sub[compatible_vector_array_pair6-&lt;lambda&gt;17]" time="0.0023043155670166016"></testcase><testcase classname="src.pymortests.vectorarray" file="src/pymortests/vectorarray.py" line="816" name="test_sub[compatible_vector_array_pair6-&lt;lambda&gt;18]" time="0.0019910335540771484"></testcase><testcase classname="src.pymortests.vectorarray" file="src/pymortests/vectorarray.py" line="816" name="test_sub[compatible_vector_array_pair6-&lt;lambda&gt;19]" time="0.002036571502685547"></testcase><testcase classname="src.pymortests.vectorarray" file="src/pymortests/vectorarray.py" line="816" name="test_sub[compatible_vector_array_pair6-&lt;lambda&gt;20]" time="0.025394201278686523"></testcase><testcase classname="src.pymortests.vectorarray" file="src/pymortests/vectorarray.py" line="816" name="test_sub[compatible_vector_array_pair6-&lt;lambda&gt;21]" time="0.017848968505859375"></testcase><testcase classname="src.pymortests.vectorarray" file="src/pymortests/vectorarray.py" line="816" name="test_sub[compatible_vector_array_pair6-&lt;lambda&gt;22]" time="0.050215959548950195"></testcase><testcase classname="src.pymortests.vectorarray" file="src/pymortests/vectorarray.py" line="816" name="test_sub[compatible_vector_array_pair6-&lt;lambda&gt;23]" time="0.003751039505004883"></testcase><testcase classname="src.pymortests.vectorarray" file="src/pymortests/vectorarray.py" line="816" name="test_sub[compatible_vector_array_pair6-&lt;lambda&gt;24]" time="0.0013682842254638672"></testcase><testcase classname="src.pymortests.vectorarray" file="src/pymortests/vectorarray.py" line="816" name="test_sub[compatible_vector_array_pair6-&lt;lambda&gt;25]" time="0.0023615360260009766"></testcase><testcase classname="src.pymortests.vectorarray" file="src/pymortests/vectorarray.py" line="816" name="test_sub[compatible_vector_array_pair6-&lt;lambda&gt;26]" time="0.023782730102539062"></testcase><testcase classname="src.pymortests.vectorarray" file="src/pymortests/vectorarray.py" line="816" name="test_sub[compatible_vector_array_pair6-&lt;lambda&gt;27]" time="0.12042927742004395"></testcase><testcase classname="src.pymortests.vectorarray" file="src/pymortests/vectorarray.py" line="816" name="test_sub[compatible_vector_array_pair6-&lt;lambda&gt;28]" time="0.31897640228271484"></testcase><testcase classname="src.pymortests.vectorarray" file="src/pymortests/vectorarray.py" line="816" name="test_sub[compatible_vector_array_pair6-&lt;lambda&gt;29]" time="0.009500265121459961"></testcase><testcase classname="src.pymortests.vectorarray" file="src/pymortests/vectorarray.py" line="816" name="test_sub[compatible_vector_array_pair7-&lt;lambda&gt;0]" time="0.0020952224731445312"></testcase><testcase classname="src.pymortests.vectorarray" file="src/pymortests/vectorarray.py" line="816" name="test_sub[compatible_vector_array_pair7-&lt;lambda&gt;1]" time="0.0015904903411865234"></testcase><testcase classname="src.pymortests.vectorarray" file="src/pymortests/vectorarray.py" line="816" name="test_sub[compatible_vector_array_pair7-&lt;lambda&gt;2]" time="0.0015137195587158203"></testcase><testcase classname="src.pymortests.vectorarray" file="src/pymortests/vectorarray.py" line="816" name="test_sub[compatible_vector_array_pair7-&lt;lambda&gt;3]" time="0.0016088485717773438"></testcase><testcase classname="src.pymortests.vectorarray" file="src/pymortests/vectorarray.py" line="816" name="test_sub[compatible_vector_array_pair7-&lt;lambda&gt;4]" time="0.0014488697052001953"></testcase><testcase classname="src.pymortests.vectorarray" file="src/pymortests/vectorarray.py" line="816" name="test_sub[compatible_vector_array_pair7-&lt;lambda&gt;5]" time="0.0013699531555175781"></testcase><testcase classname="src.pymortests.vectorarray" file="src/pymortests/vectorarray.py" line="816" name="test_sub[compatible_vector_array_pair7-&lt;lambda&gt;6]" time="0.0013785362243652344"></testcase><testcase classname="src.pymortests.vectorarray" file="src/pymortests/vectorarray.py" line="816" name="test_sub[compatible_vector_array_pair7-&lt;lambda&gt;7]" time="0.0013418197631835938"></testcase><testcase classname="src.pymortests.vectorarray" file="src/pymortests/vectorarray.py" line="816" name="test_sub[compatible_vector_array_pair7-&lt;lambda&gt;8]" time="0.0017881393432617188"></testcase><testcase classname="src.pymortests.vectorarray" file="src/pymortests/vectorarray.py" line="816" name="test_sub[compatible_vector_array_pair7-&lt;lambda&gt;9]" time="0.004736661911010742"></testcase><testcase classname="src.pymortests.vectorarray" file="src/pymortests/vectorarray.py" line="816" name="test_sub[compatible_vector_array_pair7-&lt;lambda&gt;10]" time="0.009465932846069336"></testcase><testcase classname="src.pymortests.vectorarray" file="src/pymortests/vectorarray.py" line="816" name="test_sub[compatible_vector_array_pair7-&lt;lambda&gt;11]" time="0.001664876937866211"></testcase><testcase classname="src.pymortests.vectorarray" file="src/pymortests/vectorarray.py" line="816" name="test_sub[compatible_vector_array_pair7-&lt;lambda&gt;12]" time="0.001847982406616211"></testcase><testcase classname="src.pymortests.vectorarray" file="src/pymortests/vectorarray.py" line="816" name="test_sub[compatible_vector_array_pair7-&lt;lambda&gt;13]" time="0.001978635787963867"></testcase><testcase classname="src.pymortests.vectorarray" file="src/pymortests/vectorarray.py" line="816" name="test_sub[compatible_vector_array_pair7-&lt;lambda&gt;14]" time="0.001787424087524414"></testcase><testcase classname="src.pymortests.vectorarray" file="src/pymortests/vectorarray.py" line="816" name="test_sub[compatible_vector_array_pair7-&lt;lambda&gt;15]" time="0.002356290817260742"></testcase><testcase classname="src.pymortests.vectorarray" file="src/pymortests/vectorarray.py" line="816" name="test_sub[compatible_vector_array_pair7-&lt;lambda&gt;16]" time="0.0024743080139160156"></testcase><testcase classname="src.pymortests.vectorarray" file="src/pymortests/vectorarray.py" line="816" name="test_sub[compatible_vector_array_pair7-&lt;lambda&gt;17]" time="0.002369403839111328"></testcase><testcase classname="src.pymortests.vectorarray" file="src/pymortests/vectorarray.py" line="816" name="test_sub[compatible_vector_array_pair7-&lt;lambda&gt;18]" time="0.002216815948486328"></testcase><testcase classname="src.pymortests.vectorarray" file="src/pymortests/vectorarray.py" line="816" name="test_sub[compatible_vector_array_pair7-&lt;lambda&gt;19]" time="0.002019166946411133"></testcase><testcase classname="src.pymortests.vectorarray" file="src/pymortests/vectorarray.py" line="816" name="test_sub[compatible_vector_array_pair7-&lt;lambda&gt;20]" time="0.025253772735595703"></testcase><testcase classname="src.pymortests.vectorarray" file="src/pymortests/vectorarray.py" line="816" name="test_sub[compatible_vector_array_pair7-&lt;lambda&gt;21]" time="0.01768040657043457"></testcase><testcase classname="src.pymortests.vectorarray" file="src/pymortests/vectorarray.py" line="816" name="test_sub[compatible_vector_array_pair7-&lt;lambda&gt;22]" time="0.04908013343811035"></testcase><testcase classname="src.pymortests.vectorarray" file="src/pymortests/vectorarray.py" line="816" name="test_sub[compatible_vector_array_pair7-&lt;lambda&gt;23]" time="0.003610372543334961"></testcase><testcase classname="src.pymortests.vectorarray" file="src/pymortests/vectorarray.py" line="816" name="test_sub[compatible_vector_array_pair7-&lt;lambda&gt;24]" time="0.0013298988342285156"></testcase><testcase classname="src.pymortests.vectorarray" file="src/pymortests/vectorarray.py" line="816" name="test_sub[compatible_vector_array_pair7-&lt;lambda&gt;25]" time="0.0024216175079345703"></testcase><testcase classname="src.pymortests.vectorarray" file="src/pymortests/vectorarray.py" line="816" name="test_sub[compatible_vector_array_pair7-&lt;lambda&gt;26]" time="0.025949716567993164"></testcase><testcase classname="src.pymortests.vectorarray" file="src/pymortests/vectorarray.py" line="816" name="test_sub[compatible_vector_array_pair7-&lt;lambda&gt;27]" time="0.12177109718322754"></testcase><testcase classname="src.pymortests.vectorarray" file="src/pymortests/vectorarray.py" line="816" name="test_sub[compatible_vector_array_pair7-&lt;lambda&gt;28]" time="0.3208799362182617"></testcase><testcase classname="src.pymortests.vectorarray" file="src/pymortests/vectorarray.py" line="816" name="test_sub[compatible_vector_array_pair7-&lt;lambda&gt;29]" time="0.00961756706237793"></testcase><testcase classname="src.pymortests.vectorarray" file="src/pymortests/vectorarray.py" line="816" name="test_sub[compatible_vector_array_pair8-&lt;lambda&gt;0]" time="0.0016031265258789062"></testcase><testcase classname="src.pymortests.vectorarray" file="src/pymortests/vectorarray.py" line="816" name="test_sub[compatible_vector_array_pair8-&lt;lambda&gt;1]" time="0.0015463829040527344"></testcase><testcase classname="src.pymortests.vectorarray" file="src/pymortests/vectorarray.py" line="816" name="test_sub[compatible_vector_array_pair8-&lt;lambda&gt;2]" time="0.0015311241149902344"></testcase><testcase classname="src.pymortests.vectorarray" file="src/pymortests/vectorarray.py" line="816" name="test_sub[compatible_vector_array_pair8-&lt;lambda&gt;3]" time="0.0015759468078613281"></testcase><testcase classname="src.pymortests.vectorarray" file="src/pymortests/vectorarray.py" line="816" name="test_sub[compatible_vector_array_pair8-&lt;lambda&gt;4]" time="0.0014810562133789062"></testcase><testcase classname="src.pymortests.vectorarray" file="src/pymortests/vectorarray.py" line="816" name="test_sub[compatible_vector_array_pair8-&lt;lambda&gt;5]" time="0.0014448165893554688"></testcase><testcase classname="src.pymortests.vectorarray" file="src/pymortests/vectorarray.py" line="816" name="test_sub[compatible_vector_array_pair8-&lt;lambda&gt;6]" time="0.0013065338134765625"></testcase><testcase classname="src.pymortests.vectorarray" file="src/pymortests/vectorarray.py" line="816" name="test_sub[compatible_vector_array_pair8-&lt;lambda&gt;7]" time="0.0013537406921386719"></testcase><testcase classname="src.pymortests.vectorarray" file="src/pymortests/vectorarray.py" line="816" name="test_sub[compatible_vector_array_pair8-&lt;lambda&gt;8]" time="0.0018734931945800781"></testcase><testcase classname="src.pymortests.vectorarray" file="src/pymortests/vectorarray.py" line="816" name="test_sub[compatible_vector_array_pair8-&lt;lambda&gt;9]" time="0.004993915557861328"></testcase><testcase classname="src.pymortests.vectorarray" file="src/pymortests/vectorarray.py" line="816" name="test_sub[compatible_vector_array_pair8-&lt;lambda&gt;10]" time="0.009247303009033203"></testcase><testcase classname="src.pymortests.vectorarray" file="src/pymortests/vectorarray.py" line="816" name="test_sub[compatible_vector_array_pair8-&lt;lambda&gt;11]" time="0.0016715526580810547"></testcase><testcase classname="src.pymortests.vectorarray" file="src/pymortests/vectorarray.py" line="816" name="test_sub[compatible_vector_array_pair8-&lt;lambda&gt;12]" time="0.001802206039428711"></testcase><testcase classname="src.pymortests.vectorarray" file="src/pymortests/vectorarray.py" line="816" name="test_sub[compatible_vector_array_pair8-&lt;lambda&gt;13]" time="0.001978158950805664"></testcase><testcase classname="src.pymortests.vectorarray" file="src/pymortests/vectorarray.py" line="816" name="test_sub[compatible_vector_array_pair8-&lt;lambda&gt;14]" time="0.0017614364624023438"></testcase><testcase classname="src.pymortests.vectorarray" file="src/pymortests/vectorarray.py" line="816" name="test_sub[compatible_vector_array_pair8-&lt;lambda&gt;15]" time="0.002315521240234375"></testcase><testcase classname="src.pymortests.vectorarray" file="src/pymortests/vectorarray.py" line="816" name="test_sub[compatible_vector_array_pair8-&lt;lambda&gt;16]" time="0.0024433135986328125"></testcase><testcase classname="src.pymortests.vectorarray" file="src/pymortests/vectorarray.py" line="816" name="test_sub[compatible_vector_array_pair8-&lt;lambda&gt;17]" time="0.0023107528686523438"></testcase><testcase classname="src.pymortests.vectorarray" file="src/pymortests/vectorarray.py" line="816" name="test_sub[compatible_vector_array_pair8-&lt;lambda&gt;18]" time="0.002031564712524414"></testcase><testcase classname="src.pymortests.vectorarray" file="src/pymortests/vectorarray.py" line="816" name="test_sub[compatible_vector_array_pair8-&lt;lambda&gt;19]" time="0.001978158950805664"></testcase><testcase classname="src.pymortests.vectorarray" file="src/pymortests/vectorarray.py" line="816" name="test_sub[compatible_vector_array_pair8-&lt;lambda&gt;20]" time="0.024949312210083008"></testcase><testcase classname="src.pymortests.vectorarray" file="src/pymortests/vectorarray.py" line="816" name="test_sub[compatible_vector_array_pair8-&lt;lambda&gt;21]" time="0.017748117446899414"></testcase><testcase classname="src.pymortests.vectorarray" file="src/pymortests/vectorarray.py" line="816" name="test_sub[compatible_vector_array_pair8-&lt;lambda&gt;22]" time="0.0505528450012207"></testcase><testcase classname="src.pymortests.vectorarray" file="src/pymortests/vectorarray.py" line="816" name="test_sub[compatible_vector_array_pair8-&lt;lambda&gt;23]" time="0.0037186145782470703"></testcase><testcase classname="src.pymortests.vectorarray" file="src/pymortests/vectorarray.py" line="816" name="test_sub[compatible_vector_array_pair8-&lt;lambda&gt;24]" time="0.0013358592987060547"></testcase><testcase classname="src.pymortests.vectorarray" file="src/pymortests/vectorarray.py" line="816" name="test_sub[compatible_vector_array_pair8-&lt;lambda&gt;25]" time="0.0023267269134521484"></testcase><testcase classname="src.pymortests.vectorarray" file="src/pymortests/vectorarray.py" line="816" name="test_sub[compatible_vector_array_pair8-&lt;lambda&gt;26]" time="0.02345585823059082"></testcase><testcase classname="src.pymortests.vectorarray" file="src/pymortests/vectorarray.py" line="816" name="test_sub[compatible_vector_array_pair8-&lt;lambda&gt;27]" time="0.12060737609863281"></testcase><testcase classname="src.pymortests.vectorarray" file="src/pymortests/vectorarray.py" line="816" name="test_sub[compatible_vector_array_pair8-&lt;lambda&gt;28]" time="0.3220944404602051"></testcase><testcase classname="src.pymortests.vectorarray" file="src/pymortests/vectorarray.py" line="816" name="test_sub[compatible_vector_array_pair8-&lt;lambda&gt;29]" time="0.009740352630615234"></testcase><testcase classname="src.pymortests.vectorarray" file="src/pymortests/vectorarray.py" line="829" name="test_isub[compatible_vector_array_pair0-&lt;lambda&gt;0]" time="0.0019941329956054688"></testcase><testcase classname="src.pymortests.vectorarray" file="src/pymortests/vectorarray.py" line="829" name="test_isub[compatible_vector_array_pair0-&lt;lambda&gt;1]" time="0.0013933181762695312"></testcase><testcase classname="src.pymortests.vectorarray" file="src/pymortests/vectorarray.py" line="829" name="test_isub[compatible_vector_array_pair0-&lt;lambda&gt;2]" time="0.0013637542724609375"></testcase><testcase classname="src.pymortests.vectorarray" file="src/pymortests/vectorarray.py" line="829" name="test_isub[compatible_vector_array_pair0-&lt;lambda&gt;3]" time="0.001451253890991211"></testcase><testcase classname="src.pymortests.vectorarray" file="src/pymortests/vectorarray.py" line="829" name="test_isub[compatible_vector_array_pair0-&lt;lambda&gt;4]" time="0.0012831687927246094"></testcase><testcase classname="src.pymortests.vectorarray" file="src/pymortests/vectorarray.py" line="829" name="test_isub[compatible_vector_array_pair0-&lt;lambda&gt;5]" time="0.001291513442993164"></testcase><testcase classname="src.pymortests.vectorarray" file="src/pymortests/vectorarray.py" line="829" name="test_isub[compatible_vector_array_pair0-&lt;lambda&gt;6]" time="0.0012173652648925781"></testcase><testcase classname="src.pymortests.vectorarray" file="src/pymortests/vectorarray.py" line="829" name="test_isub[compatible_vector_array_pair0-&lt;lambda&gt;7]" time="0.0012340545654296875"></testcase><testcase classname="src.pymortests.vectorarray" file="src/pymortests/vectorarray.py" line="829" name="test_isub[compatible_vector_array_pair0-&lt;lambda&gt;8]" time="0.00148773193359375"></testcase><testcase classname="src.pymortests.vectorarray" file="src/pymortests/vectorarray.py" line="829" name="test_isub[compatible_vector_array_pair0-&lt;lambda&gt;9]" time="0.0032792091369628906"></testcase><testcase classname="src.pymortests.vectorarray" file="src/pymortests/vectorarray.py" line="829" name="test_isub[compatible_vector_array_pair0-&lt;lambda&gt;10]" time="0.005657672882080078"></testcase><testcase classname="src.pymortests.vectorarray" file="src/pymortests/vectorarray.py" line="829" name="test_isub[compatible_vector_array_pair0-&lt;lambda&gt;11]" time="0.0015408992767333984"></testcase><testcase classname="src.pymortests.vectorarray" file="src/pymortests/vectorarray.py" line="829" name="test_isub[compatible_vector_array_pair0-&lt;lambda&gt;12]" time="0.001546621322631836"></testcase><testcase classname="src.pymortests.vectorarray" file="src/pymortests/vectorarray.py" line="829" name="test_isub[compatible_vector_array_pair0-&lt;lambda&gt;13]" time="0.0016047954559326172"></testcase><testcase classname="src.pymortests.vectorarray" file="src/pymortests/vectorarray.py" line="829" name="test_isub[compatible_vector_array_pair0-&lt;lambda&gt;14]" time="0.0016121864318847656"></testcase><testcase classname="src.pymortests.vectorarray" file="src/pymortests/vectorarray.py" line="829" name="test_isub[compatible_vector_array_pair0-&lt;lambda&gt;15]" time="0.0018775463104248047"></testcase><testcase classname="src.pymortests.vectorarray" file="src/pymortests/vectorarray.py" line="829" name="test_isub[compatible_vector_array_pair0-&lt;lambda&gt;16]" time="0.0020711421966552734"></testcase><testcase classname="src.pymortests.vectorarray" file="src/pymortests/vectorarray.py" line="829" name="test_isub[compatible_vector_array_pair0-&lt;lambda&gt;17]" time="0.0019326210021972656"></testcase><testcase classname="src.pymortests.vectorarray" file="src/pymortests/vectorarray.py" line="829" name="test_isub[compatible_vector_array_pair0-&lt;lambda&gt;18]" time="0.0020279884338378906"></testcase><testcase classname="src.pymortests.vectorarray" file="src/pymortests/vectorarray.py" line="829" name="test_isub[compatible_vector_array_pair0-&lt;lambda&gt;19]" time="0.0018608570098876953"></testcase><testcase classname="src.pymortests.vectorarray" file="src/pymortests/vectorarray.py" line="829" name="test_isub[compatible_vector_array_pair0-&lt;lambda&gt;20]" time="0.024903297424316406"></testcase><testcase classname="src.pymortests.vectorarray" file="src/pymortests/vectorarray.py" line="829" name="test_isub[compatible_vector_array_pair0-&lt;lambda&gt;21]" time="0.01512455940246582"></testcase><testcase classname="src.pymortests.vectorarray" file="src/pymortests/vectorarray.py" line="829" name="test_isub[compatible_vector_array_pair0-&lt;lambda&gt;22]" time="0.04362678527832031"></testcase><testcase classname="src.pymortests.vectorarray" file="src/pymortests/vectorarray.py" line="829" name="test_isub[compatible_vector_array_pair0-&lt;lambda&gt;23]" time="0.003458738327026367"></testcase><testcase classname="src.pymortests.vectorarray" file="src/pymortests/vectorarray.py" line="829" name="test_isub[compatible_vector_array_pair0-&lt;lambda&gt;24]" time="0.0012934207916259766"></testcase><testcase classname="src.pymortests.vectorarray" file="src/pymortests/vectorarray.py" line="829" name="test_isub[compatible_vector_array_pair0-&lt;lambda&gt;25]" time="0.0023086071014404297"></testcase><testcase classname="src.pymortests.vectorarray" file="src/pymortests/vectorarray.py" line="829" name="test_isub[compatible_vector_array_pair0-&lt;lambda&gt;26]" time="0.02330780029296875"></testcase><testcase classname="src.pymortests.vectorarray" file="src/pymortests/vectorarray.py" line="829" name="test_isub[compatible_vector_array_pair0-&lt;lambda&gt;27]" time="0.07727742195129395"></testcase><testcase classname="src.pymortests.vectorarray" file="src/pymortests/vectorarray.py" line="829" name="test_isub[compatible_vector_array_pair0-&lt;lambda&gt;28]" time="0.21622586250305176"></testcase><testcase classname="src.pymortests.vectorarray" file="src/pymortests/vectorarray.py" line="829" name="test_isub[compatible_vector_array_pair0-&lt;lambda&gt;29]" time="0.007448673248291016"></testcase><testcase classname="src.pymortests.vectorarray" file="src/pymortests/vectorarray.py" line="829" name="test_isub[compatible_vector_array_pair1-&lt;lambda&gt;0]" time="0.0017926692962646484"></testcase><testcase classname="src.pymortests.vectorarray" file="src/pymortests/vectorarray.py" line="829" name="test_isub[compatible_vector_array_pair1-&lt;lambda&gt;1]" time="0.001611948013305664"></testcase><testcase classname="src.pymortests.vectorarray" file="src/pymortests/vectorarray.py" line="829" name="test_isub[compatible_vector_array_pair1-&lt;lambda&gt;2]" time="0.0016326904296875"></testcase><testcase classname="src.pymortests.vectorarray" file="src/pymortests/vectorarray.py" line="829" name="test_isub[compatible_vector_array_pair1-&lt;lambda&gt;3]" time="0.0016214847564697266"></testcase><testcase classname="src.pymortests.vectorarray" file="src/pymortests/vectorarray.py" line="829" name="test_isub[compatible_vector_array_pair1-&lt;lambda&gt;4]" time="0.0013470649719238281"></testcase><testcase classname="src.pymortests.vectorarray" file="src/pymortests/vectorarray.py" line="829" name="test_isub[compatible_vector_array_pair1-&lt;lambda&gt;5]" time="0.0013234615325927734"></testcase><testcase classname="src.pymortests.vectorarray" file="src/pymortests/vectorarray.py" line="829" name="test_isub[compatible_vector_array_pair1-&lt;lambda&gt;6]" time="0.0012629032135009766"></testcase><testcase classname="src.pymortests.vectorarray" file="src/pymortests/vectorarray.py" line="829" name="test_isub[compatible_vector_array_pair1-&lt;lambda&gt;7]" time="0.0012574195861816406"></testcase><testcase classname="src.pymortests.vectorarray" file="src/pymortests/vectorarray.py" line="829" name="test_isub[compatible_vector_array_pair1-&lt;lambda&gt;8]" time="0.0016150474548339844"></testcase><testcase classname="src.pymortests.vectorarray" file="src/pymortests/vectorarray.py" line="829" name="test_isub[compatible_vector_array_pair1-&lt;lambda&gt;9]" time="0.0032286643981933594"></testcase><testcase classname="src.pymortests.vectorarray" file="src/pymortests/vectorarray.py" line="829" name="test_isub[compatible_vector_array_pair1-&lt;lambda&gt;10]" time="0.006150722503662109"></testcase><testcase classname="src.pymortests.vectorarray" file="src/pymortests/vectorarray.py" line="829" name="test_isub[compatible_vector_array_pair1-&lt;lambda&gt;11]" time="0.001455068588256836"></testcase><testcase classname="src.pymortests.vectorarray" file="src/pymortests/vectorarray.py" line="829" name="test_isub[compatible_vector_array_pair1-&lt;lambda&gt;12]" time="0.0016014575958251953"></testcase><testcase classname="src.pymortests.vectorarray" file="src/pymortests/vectorarray.py" line="829" name="test_isub[compatible_vector_array_pair1-&lt;lambda&gt;13]" time="0.001756906509399414"></testcase><testcase classname="src.pymortests.vectorarray" file="src/pymortests/vectorarray.py" line="829" name="test_isub[compatible_vector_array_pair1-&lt;lambda&gt;14]" time="0.0016870498657226562"></testcase><testcase classname="src.pymortests.vectorarray" file="src/pymortests/vectorarray.py" line="829" name="test_isub[compatible_vector_array_pair1-&lt;lambda&gt;15]" time="0.0019481182098388672"></testcase><testcase classname="src.pymortests.vectorarray" file="src/pymortests/vectorarray.py" line="829" name="test_isub[compatible_vector_array_pair1-&lt;lambda&gt;16]" time="0.0022220611572265625"></testcase><testcase classname="src.pymortests.vectorarray" file="src/pymortests/vectorarray.py" line="829" name="test_isub[compatible_vector_array_pair1-&lt;lambda&gt;17]" time="0.002104043960571289"></testcase><testcase classname="src.pymortests.vectorarray" file="src/pymortests/vectorarray.py" line="829" name="test_isub[compatible_vector_array_pair1-&lt;lambda&gt;18]" time="0.0019617080688476562"></testcase><testcase classname="src.pymortests.vectorarray" file="src/pymortests/vectorarray.py" line="829" name="test_isub[compatible_vector_array_pair1-&lt;lambda&gt;19]" time="0.0020270347595214844"></testcase><testcase classname="src.pymortests.vectorarray" file="src/pymortests/vectorarray.py" line="829" name="test_isub[compatible_vector_array_pair1-&lt;lambda&gt;20]" time="0.02521991729736328"></testcase><testcase classname="src.pymortests.vectorarray" file="src/pymortests/vectorarray.py" line="829" name="test_isub[compatible_vector_array_pair1-&lt;lambda&gt;21]" time="0.015215635299682617"></testcase><testcase classname="src.pymortests.vectorarray" file="src/pymortests/vectorarray.py" line="829" name="test_isub[compatible_vector_array_pair1-&lt;lambda&gt;22]" time="0.04371190071105957"></testcase><testcase classname="src.pymortests.vectorarray" file="src/pymortests/vectorarray.py" line="829" name="test_isub[compatible_vector_array_pair1-&lt;lambda&gt;23]" time="0.003704547882080078"></testcase><testcase classname="src.pymortests.vectorarray" file="src/pymortests/vectorarray.py" line="829" name="test_isub[compatible_vector_array_pair1-&lt;lambda&gt;24]" time="0.0013005733489990234"></testcase><testcase classname="src.pymortests.vectorarray" file="src/pymortests/vectorarray.py" line="829" name="test_isub[compatible_vector_array_pair1-&lt;lambda&gt;25]" time="0.0023529529571533203"></testcase><testcase classname="src.pymortests.vectorarray" file="src/pymortests/vectorarray.py" line="829" name="test_isub[compatible_vector_array_pair1-&lt;lambda&gt;26]" time="0.02301788330078125"></testcase><testcase classname="src.pymortests.vectorarray" file="src/pymortests/vectorarray.py" line="829" name="test_isub[compatible_vector_array_pair1-&lt;lambda&gt;27]" time="0.07603025436401367"></testcase><testcase classname="src.pymortests.vectorarray" file="src/pymortests/vectorarray.py" line="829" name="test_isub[compatible_vector_array_pair1-&lt;lambda&gt;28]" time="0.21709632873535156"></testcase><testcase classname="src.pymortests.vectorarray" file="src/pymortests/vectorarray.py" line="829" name="test_isub[compatible_vector_array_pair1-&lt;lambda&gt;29]" time="0.0077097415924072266"></testcase><testcase classname="src.pymortests.vectorarray" file="src/pymortests/vectorarray.py" line="829" name="test_isub[compatible_vector_array_pair2-&lt;lambda&gt;0]" time="0.001999378204345703"></testcase><testcase classname="src.pymortests.vectorarray" file="src/pymortests/vectorarray.py" line="829" name="test_isub[compatible_vector_array_pair2-&lt;lambda&gt;1]" time="0.0015268325805664062"></testcase><testcase classname="src.pymortests.vectorarray" file="src/pymortests/vectorarray.py" line="829" name="test_isub[compatible_vector_array_pair2-&lt;lambda&gt;2]" time="0.001398324966430664"></testcase><testcase classname="src.pymortests.vectorarray" file="src/pymortests/vectorarray.py" line="829" name="test_isub[compatible_vector_array_pair2-&lt;lambda&gt;3]" time="0.0014865398406982422"></testcase><testcase classname="src.pymortests.vectorarray" file="src/pymortests/vectorarray.py" line="829" name="test_isub[compatible_vector_array_pair2-&lt;lambda&gt;4]" time="0.0013270378112792969"></testcase><testcase classname="src.pymortests.vectorarray" file="src/pymortests/vectorarray.py" line="829" name="test_isub[compatible_vector_array_pair2-&lt;lambda&gt;5]" time="0.0013318061828613281"></testcase><testcase classname="src.pymortests.vectorarray" file="src/pymortests/vectorarray.py" line="829" name="test_isub[compatible_vector_array_pair2-&lt;lambda&gt;6]" time="0.0013000965118408203"></testcase><testcase classname="src.pymortests.vectorarray" file="src/pymortests/vectorarray.py" line="829" name="test_isub[compatible_vector_array_pair2-&lt;lambda&gt;7]" time="0.0012850761413574219"></testcase><testcase classname="src.pymortests.vectorarray" file="src/pymortests/vectorarray.py" line="829" name="test_isub[compatible_vector_array_pair2-&lt;lambda&gt;8]" time="0.0016794204711914062"></testcase><testcase classname="src.pymortests.vectorarray" file="src/pymortests/vectorarray.py" line="829" name="test_isub[compatible_vector_array_pair2-&lt;lambda&gt;9]" time="0.003308534622192383"></testcase><testcase classname="src.pymortests.vectorarray" file="src/pymortests/vectorarray.py" line="829" name="test_isub[compatible_vector_array_pair2-&lt;lambda&gt;10]" time="0.0061643123626708984"></testcase><testcase classname="src.pymortests.vectorarray" file="src/pymortests/vectorarray.py" line="829" name="test_isub[compatible_vector_array_pair2-&lt;lambda&gt;11]" time="0.0015211105346679688"></testcase><testcase classname="src.pymortests.vectorarray" file="src/pymortests/vectorarray.py" line="829" name="test_isub[compatible_vector_array_pair2-&lt;lambda&gt;12]" time="0.0016591548919677734"></testcase><testcase classname="src.pymortests.vectorarray" file="src/pymortests/vectorarray.py" line="829" name="test_isub[compatible_vector_array_pair2-&lt;lambda&gt;13]" time="0.0017664432525634766"></testcase><testcase classname="src.pymortests.vectorarray" file="src/pymortests/vectorarray.py" line="829" name="test_isub[compatible_vector_array_pair2-&lt;lambda&gt;14]" time="0.0016834735870361328"></testcase><testcase classname="src.pymortests.vectorarray" file="src/pymortests/vectorarray.py" line="829" name="test_isub[compatible_vector_array_pair2-&lt;lambda&gt;15]" time="0.0019276142120361328"></testcase><testcase classname="src.pymortests.vectorarray" file="src/pymortests/vectorarray.py" line="829" name="test_isub[compatible_vector_array_pair2-&lt;lambda&gt;16]" time="0.002180814743041992"></testcase><testcase classname="src.pymortests.vectorarray" file="src/pymortests/vectorarray.py" line="829" name="test_isub[compatible_vector_array_pair2-&lt;lambda&gt;17]" time="0.001995563507080078"></testcase><testcase classname="src.pymortests.vectorarray" file="src/pymortests/vectorarray.py" line="829" name="test_isub[compatible_vector_array_pair2-&lt;lambda&gt;18]" time="0.0023033618927001953"></testcase><testcase classname="src.pymortests.vectorarray" file="src/pymortests/vectorarray.py" line="829" name="test_isub[compatible_vector_array_pair2-&lt;lambda&gt;19]" time="0.0019865036010742188"></testcase><testcase classname="src.pymortests.vectorarray" file="src/pymortests/vectorarray.py" line="829" name="test_isub[compatible_vector_array_pair2-&lt;lambda&gt;20]" time="0.02509021759033203"></testcase><testcase classname="src.pymortests.vectorarray" file="src/pymortests/vectorarray.py" line="829" name="test_isub[compatible_vector_array_pair2-&lt;lambda&gt;21]" time="0.015359163284301758"></testcase><testcase classname="src.pymortests.vectorarray" file="src/pymortests/vectorarray.py" line="829" name="test_isub[compatible_vector_array_pair2-&lt;lambda&gt;22]" time="0.044675350189208984"></testcase><testcase classname="src.pymortests.vectorarray" file="src/pymortests/vectorarray.py" line="829" name="test_isub[compatible_vector_array_pair2-&lt;lambda&gt;23]" time="0.003717660903930664"></testcase><testcase classname="src.pymortests.vectorarray" file="src/pymortests/vectorarray.py" line="829" name="test_isub[compatible_vector_array_pair2-&lt;lambda&gt;24]" time="0.0013866424560546875"></testcase><testcase classname="src.pymortests.vectorarray" file="src/pymortests/vectorarray.py" line="829" name="test_isub[compatible_vector_array_pair2-&lt;lambda&gt;25]" time="0.002411365509033203"></testcase><testcase classname="src.pymortests.vectorarray" file="src/pymortests/vectorarray.py" line="829" name="test_isub[compatible_vector_array_pair2-&lt;lambda&gt;26]" time="0.0230715274810791"></testcase><testcase classname="src.pymortests.vectorarray" file="src/pymortests/vectorarray.py" line="829" name="test_isub[compatible_vector_array_pair2-&lt;lambda&gt;27]" time="0.07711982727050781"></testcase><testcase classname="src.pymortests.vectorarray" file="src/pymortests/vectorarray.py" line="829" name="test_isub[compatible_vector_array_pair2-&lt;lambda&gt;28]" time="0.21904444694519043"></testcase><testcase classname="src.pymortests.vectorarray" file="src/pymortests/vectorarray.py" line="829" name="test_isub[compatible_vector_array_pair2-&lt;lambda&gt;29]" time="0.00771784782409668"></testcase><testcase classname="src.pymortests.vectorarray" file="src/pymortests/vectorarray.py" line="829" name="test_isub[compatible_vector_array_pair3-&lt;lambda&gt;0]" time="0.0021266937255859375"></testcase><testcase classname="src.pymortests.vectorarray" file="src/pymortests/vectorarray.py" line="829" name="test_isub[compatible_vector_array_pair3-&lt;lambda&gt;1]" time="0.001529693603515625"></testcase><testcase classname="src.pymortests.vectorarray" file="src/pymortests/vectorarray.py" line="829" name="test_isub[compatible_vector_array_pair3-&lt;lambda&gt;2]" time="0.0014426708221435547"></testcase><testcase classname="src.pymortests.vectorarray" file="src/pymortests/vectorarray.py" line="829" name="test_isub[compatible_vector_array_pair3-&lt;lambda&gt;3]" time="0.0015454292297363281"></testcase><testcase classname="src.pymortests.vectorarray" file="src/pymortests/vectorarray.py" line="829" name="test_isub[compatible_vector_array_pair3-&lt;lambda&gt;4]" time="0.0014681816101074219"></testcase><testcase classname="src.pymortests.vectorarray" file="src/pymortests/vectorarray.py" line="829" name="test_isub[compatible_vector_array_pair3-&lt;lambda&gt;5]" time="0.0013670921325683594"></testcase><testcase classname="src.pymortests.vectorarray" file="src/pymortests/vectorarray.py" line="829" name="test_isub[compatible_vector_array_pair3-&lt;lambda&gt;6]" time="0.001371145248413086"></testcase><testcase classname="src.pymortests.vectorarray" file="src/pymortests/vectorarray.py" line="829" name="test_isub[compatible_vector_array_pair3-&lt;lambda&gt;7]" time="0.0013647079467773438"></testcase><testcase classname="src.pymortests.vectorarray" file="src/pymortests/vectorarray.py" line="829" name="test_isub[compatible_vector_array_pair3-&lt;lambda&gt;8]" time="0.0016345977783203125"></testcase><testcase classname="src.pymortests.vectorarray" file="src/pymortests/vectorarray.py" line="829" name="test_isub[compatible_vector_array_pair3-&lt;lambda&gt;9]" time="0.003743886947631836"></testcase><testcase classname="src.pymortests.vectorarray" file="src/pymortests/vectorarray.py" line="829" name="test_isub[compatible_vector_array_pair3-&lt;lambda&gt;10]" time="0.0065081119537353516"></testcase><testcase classname="src.pymortests.vectorarray" file="src/pymortests/vectorarray.py" line="829" name="test_isub[compatible_vector_array_pair3-&lt;lambda&gt;11]" time="0.001622915267944336"></testcase><testcase classname="src.pymortests.vectorarray" file="src/pymortests/vectorarray.py" line="829" name="test_isub[compatible_vector_array_pair3-&lt;lambda&gt;12]" time="0.0016608238220214844"></testcase><testcase classname="src.pymortests.vectorarray" file="src/pymortests/vectorarray.py" line="829" name="test_isub[compatible_vector_array_pair3-&lt;lambda&gt;13]" time="0.0018384456634521484"></testcase><testcase classname="src.pymortests.vectorarray" file="src/pymortests/vectorarray.py" line="829" name="test_isub[compatible_vector_array_pair3-&lt;lambda&gt;14]" time="0.0017545223236083984"></testcase><testcase classname="src.pymortests.vectorarray" file="src/pymortests/vectorarray.py" line="829" name="test_isub[compatible_vector_array_pair3-&lt;lambda&gt;15]" time="0.0020284652709960938"></testcase><testcase classname="src.pymortests.vectorarray" file="src/pymortests/vectorarray.py" line="829" name="test_isub[compatible_vector_array_pair3-&lt;lambda&gt;16]" time="0.0022771358489990234"></testcase><testcase classname="src.pymortests.vectorarray" file="src/pymortests/vectorarray.py" line="829" name="test_isub[compatible_vector_array_pair3-&lt;lambda&gt;17]" time="0.002134561538696289"></testcase><testcase classname="src.pymortests.vectorarray" file="src/pymortests/vectorarray.py" line="829" name="test_isub[compatible_vector_array_pair3-&lt;lambda&gt;18]" time="0.002017974853515625"></testcase><testcase classname="src.pymortests.vectorarray" file="src/pymortests/vectorarray.py" line="829" name="test_isub[compatible_vector_array_pair3-&lt;lambda&gt;19]" time="0.002028942108154297"></testcase><testcase classname="src.pymortests.vectorarray" file="src/pymortests/vectorarray.py" line="829" name="test_isub[compatible_vector_array_pair3-&lt;lambda&gt;20]" time="0.026070356369018555"></testcase><testcase classname="src.pymortests.vectorarray" file="src/pymortests/vectorarray.py" line="829" name="test_isub[compatible_vector_array_pair3-&lt;lambda&gt;21]" time="0.016229867935180664"></testcase><testcase classname="src.pymortests.vectorarray" file="src/pymortests/vectorarray.py" line="829" name="test_isub[compatible_vector_array_pair3-&lt;lambda&gt;22]" time="0.04622673988342285"></testcase><testcase classname="src.pymortests.vectorarray" file="src/pymortests/vectorarray.py" line="829" name="test_isub[compatible_vector_array_pair3-&lt;lambda&gt;23]" time="0.003653287887573242"></testcase><testcase classname="src.pymortests.vectorarray" file="src/pymortests/vectorarray.py" line="829" name="test_isub[compatible_vector_array_pair3-&lt;lambda&gt;24]" time="0.0013928413391113281"></testcase><testcase classname="src.pymortests.vectorarray" file="src/pymortests/vectorarray.py" line="829" name="test_isub[compatible_vector_array_pair3-&lt;lambda&gt;25]" time="0.002439260482788086"></testcase><testcase classname="src.pymortests.vectorarray" file="src/pymortests/vectorarray.py" line="829" name="test_isub[compatible_vector_array_pair3-&lt;lambda&gt;26]" time="0.023534774780273438"></testcase><testcase classname="src.pymortests.vectorarray" file="src/pymortests/vectorarray.py" line="829" name="test_isub[compatible_vector_array_pair3-&lt;lambda&gt;27]" time="0.09908819198608398"></testcase><testcase classname="src.pymortests.vectorarray" file="src/pymortests/vectorarray.py" line="829" name="test_isub[compatible_vector_array_pair3-&lt;lambda&gt;28]" time="0.2677273750305176"></testcase><testcase classname="src.pymortests.vectorarray" file="src/pymortests/vectorarray.py" line="829" name="test_isub[compatible_vector_array_pair3-&lt;lambda&gt;29]" time="0.008832216262817383"></testcase><testcase classname="src.pymortests.vectorarray" file="src/pymortests/vectorarray.py" line="829" name="test_isub[compatible_vector_array_pair4-&lt;lambda&gt;0]" time="0.0015339851379394531"></testcase><testcase classname="src.pymortests.vectorarray" file="src/pymortests/vectorarray.py" line="829" name="test_isub[compatible_vector_array_pair4-&lt;lambda&gt;1]" time="0.0014383792877197266"></testcase><testcase classname="src.pymortests.vectorarray" file="src/pymortests/vectorarray.py" line="829" name="test_isub[compatible_vector_array_pair4-&lt;lambda&gt;2]" time="0.0014204978942871094"></testcase><testcase classname="src.pymortests.vectorarray" file="src/pymortests/vectorarray.py" line="829" name="test_isub[compatible_vector_array_pair4-&lt;lambda&gt;3]" time="0.0015110969543457031"></testcase><testcase classname="src.pymortests.vectorarray" file="src/pymortests/vectorarray.py" line="829" name="test_isub[compatible_vector_array_pair4-&lt;lambda&gt;4]" time="0.001499176025390625"></testcase><testcase classname="src.pymortests.vectorarray" file="src/pymortests/vectorarray.py" line="829" name="test_isub[compatible_vector_array_pair4-&lt;lambda&gt;5]" time="0.0013175010681152344"></testcase><testcase classname="src.pymortests.vectorarray" file="src/pymortests/vectorarray.py" line="829" name="test_isub[compatible_vector_array_pair4-&lt;lambda&gt;6]" time="0.0012865066528320312"></testcase><testcase classname="src.pymortests.vectorarray" file="src/pymortests/vectorarray.py" line="829" name="test_isub[compatible_vector_array_pair4-&lt;lambda&gt;7]" time="0.0012946128845214844"></testcase><testcase classname="src.pymortests.vectorarray" file="src/pymortests/vectorarray.py" line="829" name="test_isub[compatible_vector_array_pair4-&lt;lambda&gt;8]" time="0.0016803741455078125"></testcase><testcase classname="src.pymortests.vectorarray" file="src/pymortests/vectorarray.py" line="829" name="test_isub[compatible_vector_array_pair4-&lt;lambda&gt;9]" time="0.003576517105102539"></testcase><testcase classname="src.pymortests.vectorarray" file="src/pymortests/vectorarray.py" line="829" name="test_isub[compatible_vector_array_pair4-&lt;lambda&gt;10]" time="0.006712198257446289"></testcase><testcase classname="src.pymortests.vectorarray" file="src/pymortests/vectorarray.py" line="829" name="test_isub[compatible_vector_array_pair4-&lt;lambda&gt;11]" time="0.001565694808959961"></testcase><testcase classname="src.pymortests.vectorarray" file="src/pymortests/vectorarray.py" line="829" name="test_isub[compatible_vector_array_pair4-&lt;lambda&gt;12]" time="0.001687765121459961"></testcase><testcase classname="src.pymortests.vectorarray" file="src/pymortests/vectorarray.py" line="829" name="test_isub[compatible_vector_array_pair4-&lt;lambda&gt;13]" time="0.0018551349639892578"></testcase><testcase classname="src.pymortests.vectorarray" file="src/pymortests/vectorarray.py" line="829" name="test_isub[compatible_vector_array_pair4-&lt;lambda&gt;14]" time="0.0017576217651367188"></testcase><testcase classname="src.pymortests.vectorarray" file="src/pymortests/vectorarray.py" line="829" name="test_isub[compatible_vector_array_pair4-&lt;lambda&gt;15]" time="0.0020051002502441406"></testcase><testcase classname="src.pymortests.vectorarray" file="src/pymortests/vectorarray.py" line="829" name="test_isub[compatible_vector_array_pair4-&lt;lambda&gt;16]" time="0.002240419387817383"></testcase><testcase classname="src.pymortests.vectorarray" file="src/pymortests/vectorarray.py" line="829" name="test_isub[compatible_vector_array_pair4-&lt;lambda&gt;17]" time="0.002090930938720703"></testcase><testcase classname="src.pymortests.vectorarray" file="src/pymortests/vectorarray.py" line="829" name="test_isub[compatible_vector_array_pair4-&lt;lambda&gt;18]" time="0.002130270004272461"></testcase><testcase classname="src.pymortests.vectorarray" file="src/pymortests/vectorarray.py" line="829" name="test_isub[compatible_vector_array_pair4-&lt;lambda&gt;19]" time="0.0019936561584472656"></testcase><testcase classname="src.pymortests.vectorarray" file="src/pymortests/vectorarray.py" line="829" name="test_isub[compatible_vector_array_pair4-&lt;lambda&gt;20]" time="0.02561044692993164"></testcase><testcase classname="src.pymortests.vectorarray" file="src/pymortests/vectorarray.py" line="829" name="test_isub[compatible_vector_array_pair4-&lt;lambda&gt;21]" time="0.016144514083862305"></testcase><testcase classname="src.pymortests.vectorarray" file="src/pymortests/vectorarray.py" line="829" name="test_isub[compatible_vector_array_pair4-&lt;lambda&gt;22]" time="0.045484066009521484"></testcase><testcase classname="src.pymortests.vectorarray" file="src/pymortests/vectorarray.py" line="829" name="test_isub[compatible_vector_array_pair4-&lt;lambda&gt;23]" time="0.0036149024963378906"></testcase><testcase classname="src.pymortests.vectorarray" file="src/pymortests/vectorarray.py" line="829" name="test_isub[compatible_vector_array_pair4-&lt;lambda&gt;24]" time="0.0013499259948730469"></testcase><testcase classname="src.pymortests.vectorarray" file="src/pymortests/vectorarray.py" line="829" name="test_isub[compatible_vector_array_pair4-&lt;lambda&gt;25]" time="0.0022895336151123047"></testcase><testcase classname="src.pymortests.vectorarray" file="src/pymortests/vectorarray.py" line="829" name="test_isub[compatible_vector_array_pair4-&lt;lambda&gt;26]" time="0.02353644371032715"></testcase><testcase classname="src.pymortests.vectorarray" file="src/pymortests/vectorarray.py" line="829" name="test_isub[compatible_vector_array_pair4-&lt;lambda&gt;27]" time="0.09769034385681152"></testcase><testcase classname="src.pymortests.vectorarray" file="src/pymortests/vectorarray.py" line="829" name="test_isub[compatible_vector_array_pair4-&lt;lambda&gt;28]" time="0.26550960540771484"></testcase><testcase classname="src.pymortests.vectorarray" file="src/pymortests/vectorarray.py" line="829" name="test_isub[compatible_vector_array_pair4-&lt;lambda&gt;29]" time="0.008529424667358398"></testcase><testcase classname="src.pymortests.vectorarray" file="src/pymortests/vectorarray.py" line="829" name="test_isub[compatible_vector_array_pair5-&lt;lambda&gt;0]" time="0.0020339488983154297"></testcase><testcase classname="src.pymortests.vectorarray" file="src/pymortests/vectorarray.py" line="829" name="test_isub[compatible_vector_array_pair5-&lt;lambda&gt;1]" time="0.0015254020690917969"></testcase><testcase classname="src.pymortests.vectorarray" file="src/pymortests/vectorarray.py" line="829" name="test_isub[compatible_vector_array_pair5-&lt;lambda&gt;2]" time="0.0015106201171875"></testcase><testcase classname="src.pymortests.vectorarray" file="src/pymortests/vectorarray.py" line="829" name="test_isub[compatible_vector_array_pair5-&lt;lambda&gt;3]" time="0.0015435218811035156"></testcase><testcase classname="src.pymortests.vectorarray" file="src/pymortests/vectorarray.py" line="829" name="test_isub[compatible_vector_array_pair5-&lt;lambda&gt;4]" time="0.0014126300811767578"></testcase><testcase classname="src.pymortests.vectorarray" file="src/pymortests/vectorarray.py" line="829" name="test_isub[compatible_vector_array_pair5-&lt;lambda&gt;5]" time="0.0013456344604492188"></testcase><testcase classname="src.pymortests.vectorarray" file="src/pymortests/vectorarray.py" line="829" name="test_isub[compatible_vector_array_pair5-&lt;lambda&gt;6]" time="0.0013568401336669922"></testcase><testcase classname="src.pymortests.vectorarray" file="src/pymortests/vectorarray.py" line="829" name="test_isub[compatible_vector_array_pair5-&lt;lambda&gt;7]" time="0.001312255859375"></testcase><testcase classname="src.pymortests.vectorarray" file="src/pymortests/vectorarray.py" line="829" name="test_isub[compatible_vector_array_pair5-&lt;lambda&gt;8]" time="0.0016701221466064453"></testcase><testcase classname="src.pymortests.vectorarray" file="src/pymortests/vectorarray.py" line="829" name="test_isub[compatible_vector_array_pair5-&lt;lambda&gt;9]" time="0.0036246776580810547"></testcase><testcase classname="src.pymortests.vectorarray" file="src/pymortests/vectorarray.py" line="829" name="test_isub[compatible_vector_array_pair5-&lt;lambda&gt;10]" time="0.00665283203125"></testcase><testcase classname="src.pymortests.vectorarray" file="src/pymortests/vectorarray.py" line="829" name="test_isub[compatible_vector_array_pair5-&lt;lambda&gt;11]" time="0.0015859603881835938"></testcase><testcase classname="src.pymortests.vectorarray" file="src/pymortests/vectorarray.py" line="829" name="test_isub[compatible_vector_array_pair5-&lt;lambda&gt;12]" time="0.001714468002319336"></testcase><testcase classname="src.pymortests.vectorarray" file="src/pymortests/vectorarray.py" line="829" name="test_isub[compatible_vector_array_pair5-&lt;lambda&gt;13]" time="0.0018362998962402344"></testcase><testcase classname="src.pymortests.vectorarray" file="src/pymortests/vectorarray.py" line="829" name="test_isub[compatible_vector_array_pair5-&lt;lambda&gt;14]" time="0.001725912094116211"></testcase><testcase classname="src.pymortests.vectorarray" file="src/pymortests/vectorarray.py" line="829" name="test_isub[compatible_vector_array_pair5-&lt;lambda&gt;15]" time="0.0019881725311279297"></testcase><testcase classname="src.pymortests.vectorarray" file="src/pymortests/vectorarray.py" line="829" name="test_isub[compatible_vector_array_pair5-&lt;lambda&gt;16]" time="0.0022916793823242188"></testcase><testcase classname="src.pymortests.vectorarray" file="src/pymortests/vectorarray.py" line="829" name="test_isub[compatible_vector_array_pair5-&lt;lambda&gt;17]" time="0.0021440982818603516"></testcase><testcase classname="src.pymortests.vectorarray" file="src/pymortests/vectorarray.py" line="829" name="test_isub[compatible_vector_array_pair5-&lt;lambda&gt;18]" time="0.001985788345336914"></testcase><testcase classname="src.pymortests.vectorarray" file="src/pymortests/vectorarray.py" line="829" name="test_isub[compatible_vector_array_pair5-&lt;lambda&gt;19]" time="0.0019674301147460938"></testcase><testcase classname="src.pymortests.vectorarray" file="src/pymortests/vectorarray.py" line="829" name="test_isub[compatible_vector_array_pair5-&lt;lambda&gt;20]" time="0.02563953399658203"></testcase><testcase classname="src.pymortests.vectorarray" file="src/pymortests/vectorarray.py" line="829" name="test_isub[compatible_vector_array_pair5-&lt;lambda&gt;21]" time="0.015821218490600586"></testcase><testcase classname="src.pymortests.vectorarray" file="src/pymortests/vectorarray.py" line="829" name="test_isub[compatible_vector_array_pair5-&lt;lambda&gt;22]" time="0.044809579849243164"></testcase><testcase classname="src.pymortests.vectorarray" file="src/pymortests/vectorarray.py" line="829" name="test_isub[compatible_vector_array_pair5-&lt;lambda&gt;23]" time="0.0036911964416503906"></testcase><testcase classname="src.pymortests.vectorarray" file="src/pymortests/vectorarray.py" line="829" name="test_isub[compatible_vector_array_pair5-&lt;lambda&gt;24]" time="0.0014338493347167969"></testcase><testcase classname="src.pymortests.vectorarray" file="src/pymortests/vectorarray.py" line="829" name="test_isub[compatible_vector_array_pair5-&lt;lambda&gt;25]" time="0.002558469772338867"></testcase><testcase classname="src.pymortests.vectorarray" file="src/pymortests/vectorarray.py" line="829" name="test_isub[compatible_vector_array_pair5-&lt;lambda&gt;26]" time="0.024964332580566406"></testcase><testcase classname="src.pymortests.vectorarray" file="src/pymortests/vectorarray.py" line="829" name="test_isub[compatible_vector_array_pair5-&lt;lambda&gt;27]" time="0.10135602951049805"></testcase><testcase classname="src.pymortests.vectorarray" file="src/pymortests/vectorarray.py" line="829" name="test_isub[compatible_vector_array_pair5-&lt;lambda&gt;28]" time="0.26398563385009766"></testcase><testcase classname="src.pymortests.vectorarray" file="src/pymortests/vectorarray.py" line="829" name="test_isub[compatible_vector_array_pair5-&lt;lambda&gt;29]" time="0.008448362350463867"></testcase><testcase classname="src.pymortests.vectorarray" file="src/pymortests/vectorarray.py" line="829" name="test_isub[compatible_vector_array_pair6-&lt;lambda&gt;0]" time="0.0020334720611572266"></testcase><testcase classname="src.pymortests.vectorarray" file="src/pymortests/vectorarray.py" line="829" name="test_isub[compatible_vector_array_pair6-&lt;lambda&gt;1]" time="0.001455545425415039"></testcase><testcase classname="src.pymortests.vectorarray" file="src/pymortests/vectorarray.py" line="829" name="test_isub[compatible_vector_array_pair6-&lt;lambda&gt;2]" time="0.0013341903686523438"></testcase><testcase classname="src.pymortests.vectorarray" file="src/pymortests/vectorarray.py" line="829" name="test_isub[compatible_vector_array_pair6-&lt;lambda&gt;3]" time="0.0015025138854980469"></testcase><testcase classname="src.pymortests.vectorarray" file="src/pymortests/vectorarray.py" line="829" name="test_isub[compatible_vector_array_pair6-&lt;lambda&gt;4]" time="0.0013327598571777344"></testcase><testcase classname="src.pymortests.vectorarray" file="src/pymortests/vectorarray.py" line="829" name="test_isub[compatible_vector_array_pair6-&lt;lambda&gt;5]" time="0.0013480186462402344"></testcase><testcase classname="src.pymortests.vectorarray" file="src/pymortests/vectorarray.py" line="829" name="test_isub[compatible_vector_array_pair6-&lt;lambda&gt;6]" time="0.0012974739074707031"></testcase><testcase classname="src.pymortests.vectorarray" file="src/pymortests/vectorarray.py" line="829" name="test_isub[compatible_vector_array_pair6-&lt;lambda&gt;7]" time="0.0012772083282470703"></testcase><testcase classname="src.pymortests.vectorarray" file="src/pymortests/vectorarray.py" line="829" name="test_isub[compatible_vector_array_pair6-&lt;lambda&gt;8]" time="0.0015869140625"></testcase><testcase classname="src.pymortests.vectorarray" file="src/pymortests/vectorarray.py" line="829" name="test_isub[compatible_vector_array_pair6-&lt;lambda&gt;9]" time="0.003612518310546875"></testcase><testcase classname="src.pymortests.vectorarray" file="src/pymortests/vectorarray.py" line="829" name="test_isub[compatible_vector_array_pair6-&lt;lambda&gt;10]" time="0.006125450134277344"></testcase><testcase classname="src.pymortests.vectorarray" file="src/pymortests/vectorarray.py" line="829" name="test_isub[compatible_vector_array_pair6-&lt;lambda&gt;11]" time="0.0014829635620117188"></testcase><testcase classname="src.pymortests.vectorarray" file="src/pymortests/vectorarray.py" line="829" name="test_isub[compatible_vector_array_pair6-&lt;lambda&gt;12]" time="0.0016102790832519531"></testcase><testcase classname="src.pymortests.vectorarray" file="src/pymortests/vectorarray.py" line="829" name="test_isub[compatible_vector_array_pair6-&lt;lambda&gt;13]" time="0.0017364025115966797"></testcase><testcase classname="src.pymortests.vectorarray" file="src/pymortests/vectorarray.py" line="829" name="test_isub[compatible_vector_array_pair6-&lt;lambda&gt;14]" time="0.0017549991607666016"></testcase><testcase classname="src.pymortests.vectorarray" file="src/pymortests/vectorarray.py" line="829" name="test_isub[compatible_vector_array_pair6-&lt;lambda&gt;15]" time="0.0019648075103759766"></testcase><testcase classname="src.pymortests.vectorarray" file="src/pymortests/vectorarray.py" line="829" name="test_isub[compatible_vector_array_pair6-&lt;lambda&gt;16]" time="0.0021822452545166016"></testcase><testcase classname="src.pymortests.vectorarray" file="src/pymortests/vectorarray.py" line="829" name="test_isub[compatible_vector_array_pair6-&lt;lambda&gt;17]" time="0.002052783966064453"></testcase><testcase classname="src.pymortests.vectorarray" file="src/pymortests/vectorarray.py" line="829" name="test_isub[compatible_vector_array_pair6-&lt;lambda&gt;18]" time="0.0019440650939941406"></testcase><testcase classname="src.pymortests.vectorarray" file="src/pymortests/vectorarray.py" line="829" name="test_isub[compatible_vector_array_pair6-&lt;lambda&gt;19]" time="0.0019152164459228516"></testcase><testcase classname="src.pymortests.vectorarray" file="src/pymortests/vectorarray.py" line="829" name="test_isub[compatible_vector_array_pair6-&lt;lambda&gt;20]" time="0.024853229522705078"></testcase><testcase classname="src.pymortests.vectorarray" file="src/pymortests/vectorarray.py" line="829" name="test_isub[compatible_vector_array_pair6-&lt;lambda&gt;21]" time="0.01595306396484375"></testcase><testcase classname="src.pymortests.vectorarray" file="src/pymortests/vectorarray.py" line="829" name="test_isub[compatible_vector_array_pair6-&lt;lambda&gt;22]" time="0.04501199722290039"></testcase><testcase classname="src.pymortests.vectorarray" file="src/pymortests/vectorarray.py" line="829" name="test_isub[compatible_vector_array_pair6-&lt;lambda&gt;23]" time="0.0035762786865234375"></testcase><testcase classname="src.pymortests.vectorarray" file="src/pymortests/vectorarray.py" line="829" name="test_isub[compatible_vector_array_pair6-&lt;lambda&gt;24]" time="0.0013434886932373047"></testcase><testcase classname="src.pymortests.vectorarray" file="src/pymortests/vectorarray.py" line="829" name="test_isub[compatible_vector_array_pair6-&lt;lambda&gt;25]" time="0.0023810863494873047"></testcase><testcase classname="src.pymortests.vectorarray" file="src/pymortests/vectorarray.py" line="829" name="test_isub[compatible_vector_array_pair6-&lt;lambda&gt;26]" time="0.023329973220825195"></testcase><testcase classname="src.pymortests.vectorarray" file="src/pymortests/vectorarray.py" line="829" name="test_isub[compatible_vector_array_pair6-&lt;lambda&gt;27]" time="0.10065817832946777"></testcase><testcase classname="src.pymortests.vectorarray" file="src/pymortests/vectorarray.py" line="829" name="test_isub[compatible_vector_array_pair6-&lt;lambda&gt;28]" time="0.263120174407959"></testcase><testcase classname="src.pymortests.vectorarray" file="src/pymortests/vectorarray.py" line="829" name="test_isub[compatible_vector_array_pair6-&lt;lambda&gt;29]" time="0.008929252624511719"></testcase><testcase classname="src.pymortests.vectorarray" file="src/pymortests/vectorarray.py" line="829" name="test_isub[compatible_vector_array_pair7-&lt;lambda&gt;0]" time="0.0016782283782958984"></testcase><testcase classname="src.pymortests.vectorarray" file="src/pymortests/vectorarray.py" line="829" name="test_isub[compatible_vector_array_pair7-&lt;lambda&gt;1]" time="0.0016484260559082031"></testcase><testcase classname="src.pymortests.vectorarray" file="src/pymortests/vectorarray.py" line="829" name="test_isub[compatible_vector_array_pair7-&lt;lambda&gt;2]" time="0.0016255378723144531"></testcase><testcase classname="src.pymortests.vectorarray" file="src/pymortests/vectorarray.py" line="829" name="test_isub[compatible_vector_array_pair7-&lt;lambda&gt;3]" time="0.0016982555389404297"></testcase><testcase classname="src.pymortests.vectorarray" file="src/pymortests/vectorarray.py" line="829" name="test_isub[compatible_vector_array_pair7-&lt;lambda&gt;4]" time="0.0015909671783447266"></testcase><testcase classname="src.pymortests.vectorarray" file="src/pymortests/vectorarray.py" line="829" name="test_isub[compatible_vector_array_pair7-&lt;lambda&gt;5]" time="0.0014798641204833984"></testcase><testcase classname="src.pymortests.vectorarray" file="src/pymortests/vectorarray.py" line="829" name="test_isub[compatible_vector_array_pair7-&lt;lambda&gt;6]" time="0.001436471939086914"></testcase><testcase classname="src.pymortests.vectorarray" file="src/pymortests/vectorarray.py" line="829" name="test_isub[compatible_vector_array_pair7-&lt;lambda&gt;7]" time="0.001470327377319336"></testcase><testcase classname="src.pymortests.vectorarray" file="src/pymortests/vectorarray.py" line="829" name="test_isub[compatible_vector_array_pair7-&lt;lambda&gt;8]" time="0.002035379409790039"></testcase><testcase classname="src.pymortests.vectorarray" file="src/pymortests/vectorarray.py" line="829" name="test_isub[compatible_vector_array_pair7-&lt;lambda&gt;9]" time="0.004046916961669922"></testcase><testcase classname="src.pymortests.vectorarray" file="src/pymortests/vectorarray.py" line="829" name="test_isub[compatible_vector_array_pair7-&lt;lambda&gt;10]" time="0.007016420364379883"></testcase><testcase classname="src.pymortests.vectorarray" file="src/pymortests/vectorarray.py" line="829" name="test_isub[compatible_vector_array_pair7-&lt;lambda&gt;11]" time="0.0015711784362792969"></testcase><testcase classname="src.pymortests.vectorarray" file="src/pymortests/vectorarray.py" line="829" name="test_isub[compatible_vector_array_pair7-&lt;lambda&gt;12]" time="0.001983642578125"></testcase><testcase classname="src.pymortests.vectorarray" file="src/pymortests/vectorarray.py" line="829" name="test_isub[compatible_vector_array_pair7-&lt;lambda&gt;13]" time="0.0018603801727294922"></testcase><testcase classname="src.pymortests.vectorarray" file="src/pymortests/vectorarray.py" line="829" name="test_isub[compatible_vector_array_pair7-&lt;lambda&gt;14]" time="0.0017590522766113281"></testcase><testcase classname="src.pymortests.vectorarray" file="src/pymortests/vectorarray.py" line="829" name="test_isub[compatible_vector_array_pair7-&lt;lambda&gt;15]" time="0.0020656585693359375"></testcase><testcase classname="src.pymortests.vectorarray" file="src/pymortests/vectorarray.py" line="829" name="test_isub[compatible_vector_array_pair7-&lt;lambda&gt;16]" time="0.0023059844970703125"></testcase><testcase classname="src.pymortests.vectorarray" file="src/pymortests/vectorarray.py" line="829" name="test_isub[compatible_vector_array_pair7-&lt;lambda&gt;17]" time="0.0020999908447265625"></testcase><testcase classname="src.pymortests.vectorarray" file="src/pymortests/vectorarray.py" line="829" name="test_isub[compatible_vector_array_pair7-&lt;lambda&gt;18]" time="0.0020034313201904297"></testcase><testcase classname="src.pymortests.vectorarray" file="src/pymortests/vectorarray.py" line="829" name="test_isub[compatible_vector_array_pair7-&lt;lambda&gt;19]" time="0.002027273178100586"></testcase><testcase classname="src.pymortests.vectorarray" file="src/pymortests/vectorarray.py" line="829" name="test_isub[compatible_vector_array_pair7-&lt;lambda&gt;20]" time="0.02529168128967285"></testcase><testcase classname="src.pymortests.vectorarray" file="src/pymortests/vectorarray.py" line="829" name="test_isub[compatible_vector_array_pair7-&lt;lambda&gt;21]" time="0.015964031219482422"></testcase><testcase classname="src.pymortests.vectorarray" file="src/pymortests/vectorarray.py" line="829" name="test_isub[compatible_vector_array_pair7-&lt;lambda&gt;22]" time="0.0454409122467041"></testcase><testcase classname="src.pymortests.vectorarray" file="src/pymortests/vectorarray.py" line="829" name="test_isub[compatible_vector_array_pair7-&lt;lambda&gt;23]" time="0.0040013790130615234"></testcase><testcase classname="src.pymortests.vectorarray" file="src/pymortests/vectorarray.py" line="829" name="test_isub[compatible_vector_array_pair7-&lt;lambda&gt;24]" time="0.0014200210571289062"></testcase><testcase classname="src.pymortests.vectorarray" file="src/pymortests/vectorarray.py" line="829" name="test_isub[compatible_vector_array_pair7-&lt;lambda&gt;25]" time="0.002376556396484375"></testcase><testcase classname="src.pymortests.vectorarray" file="src/pymortests/vectorarray.py" line="829" name="test_isub[compatible_vector_array_pair7-&lt;lambda&gt;26]" time="0.023445606231689453"></testcase><testcase classname="src.pymortests.vectorarray" file="src/pymortests/vectorarray.py" line="829" name="test_isub[compatible_vector_array_pair7-&lt;lambda&gt;27]" time="0.09865522384643555"></testcase><testcase classname="src.pymortests.vectorarray" file="src/pymortests/vectorarray.py" line="829" name="test_isub[compatible_vector_array_pair7-&lt;lambda&gt;28]" time="0.2656736373901367"></testcase><testcase classname="src.pymortests.vectorarray" file="src/pymortests/vectorarray.py" line="829" name="test_isub[compatible_vector_array_pair7-&lt;lambda&gt;29]" time="0.009125471115112305"></testcase><testcase classname="src.pymortests.vectorarray" file="src/pymortests/vectorarray.py" line="829" name="test_isub[compatible_vector_array_pair8-&lt;lambda&gt;0]" time="0.0016121864318847656"></testcase><testcase classname="src.pymortests.vectorarray" file="src/pymortests/vectorarray.py" line="829" name="test_isub[compatible_vector_array_pair8-&lt;lambda&gt;1]" time="0.0014262199401855469"></testcase><testcase classname="src.pymortests.vectorarray" file="src/pymortests/vectorarray.py" line="829" name="test_isub[compatible_vector_array_pair8-&lt;lambda&gt;2]" time="0.0014188289642333984"></testcase><testcase classname="src.pymortests.vectorarray" file="src/pymortests/vectorarray.py" line="829" name="test_isub[compatible_vector_array_pair8-&lt;lambda&gt;3]" time="0.0015425682067871094"></testcase><testcase classname="src.pymortests.vectorarray" file="src/pymortests/vectorarray.py" line="829" name="test_isub[compatible_vector_array_pair8-&lt;lambda&gt;4]" time="0.0014226436614990234"></testcase><testcase classname="src.pymortests.vectorarray" file="src/pymortests/vectorarray.py" line="829" name="test_isub[compatible_vector_array_pair8-&lt;lambda&gt;5]" time="0.001302957534790039"></testcase><testcase classname="src.pymortests.vectorarray" file="src/pymortests/vectorarray.py" line="829" name="test_isub[compatible_vector_array_pair8-&lt;lambda&gt;6]" time="0.0012965202331542969"></testcase><testcase classname="src.pymortests.vectorarray" file="src/pymortests/vectorarray.py" line="829" name="test_isub[compatible_vector_array_pair8-&lt;lambda&gt;7]" time="0.0013108253479003906"></testcase><testcase classname="src.pymortests.vectorarray" file="src/pymortests/vectorarray.py" line="829" name="test_isub[compatible_vector_array_pair8-&lt;lambda&gt;8]" time="0.0018384456634521484"></testcase><testcase classname="src.pymortests.vectorarray" file="src/pymortests/vectorarray.py" line="829" name="test_isub[compatible_vector_array_pair8-&lt;lambda&gt;9]" time="0.003648996353149414"></testcase><testcase classname="src.pymortests.vectorarray" file="src/pymortests/vectorarray.py" line="829" name="test_isub[compatible_vector_array_pair8-&lt;lambda&gt;10]" time="0.006745815277099609"></testcase><testcase classname="src.pymortests.vectorarray" file="src/pymortests/vectorarray.py" line="829" name="test_isub[compatible_vector_array_pair8-&lt;lambda&gt;11]" time="0.0016107559204101562"></testcase><testcase classname="src.pymortests.vectorarray" file="src/pymortests/vectorarray.py" line="829" name="test_isub[compatible_vector_array_pair8-&lt;lambda&gt;12]" time="0.0017559528350830078"></testcase><testcase classname="src.pymortests.vectorarray" file="src/pymortests/vectorarray.py" line="829" name="test_isub[compatible_vector_array_pair8-&lt;lambda&gt;13]" time="0.0018537044525146484"></testcase><testcase classname="src.pymortests.vectorarray" file="src/pymortests/vectorarray.py" line="829" name="test_isub[compatible_vector_array_pair8-&lt;lambda&gt;14]" time="0.00171661376953125"></testcase><testcase classname="src.pymortests.vectorarray" file="src/pymortests/vectorarray.py" line="829" name="test_isub[compatible_vector_array_pair8-&lt;lambda&gt;15]" time="0.0020821094512939453"></testcase><testcase classname="src.pymortests.vectorarray" file="src/pymortests/vectorarray.py" line="829" name="test_isub[compatible_vector_array_pair8-&lt;lambda&gt;16]" time="0.0023224353790283203"></testcase><testcase classname="src.pymortests.vectorarray" file="src/pymortests/vectorarray.py" line="829" name="test_isub[compatible_vector_array_pair8-&lt;lambda&gt;17]" time="0.002164602279663086"></testcase><testcase classname="src.pymortests.vectorarray" file="src/pymortests/vectorarray.py" line="829" name="test_isub[compatible_vector_array_pair8-&lt;lambda&gt;18]" time="0.002066373825073242"></testcase><testcase classname="src.pymortests.vectorarray" file="src/pymortests/vectorarray.py" line="829" name="test_isub[compatible_vector_array_pair8-&lt;lambda&gt;19]" time="0.0020952224731445312"></testcase><testcase classname="src.pymortests.vectorarray" file="src/pymortests/vectorarray.py" line="829" name="test_isub[compatible_vector_array_pair8-&lt;lambda&gt;20]" time="0.02559041976928711"></testcase><testcase classname="src.pymortests.vectorarray" file="src/pymortests/vectorarray.py" line="829" name="test_isub[compatible_vector_array_pair8-&lt;lambda&gt;21]" time="0.016295671463012695"></testcase><testcase classname="src.pymortests.vectorarray" file="src/pymortests/vectorarray.py" line="829" name="test_isub[compatible_vector_array_pair8-&lt;lambda&gt;22]" time="0.04511141777038574"></testcase><testcase classname="src.pymortests.vectorarray" file="src/pymortests/vectorarray.py" line="829" name="test_isub[compatible_vector_array_pair8-&lt;lambda&gt;23]" time="0.0036537647247314453"></testcase><testcase classname="src.pymortests.vectorarray" file="src/pymortests/vectorarray.py" line="829" name="test_isub[compatible_vector_array_pair8-&lt;lambda&gt;24]" time="0.0013875961303710938"></testcase><testcase classname="src.pymortests.vectorarray" file="src/pymortests/vectorarray.py" line="829" name="test_isub[compatible_vector_array_pair8-&lt;lambda&gt;25]" time="0.0023581981658935547"></testcase><testcase classname="src.pymortests.vectorarray" file="src/pymortests/vectorarray.py" line="829" name="test_isub[compatible_vector_array_pair8-&lt;lambda&gt;26]" time="0.023984193801879883"></testcase><testcase classname="src.pymortests.vectorarray" file="src/pymortests/vectorarray.py" line="829" name="test_isub[compatible_vector_array_pair8-&lt;lambda&gt;27]" time="0.09904050827026367"></testcase><testcase classname="src.pymortests.vectorarray" file="src/pymortests/vectorarray.py" line="829" name="test_isub[compatible_vector_array_pair8-&lt;lambda&gt;28]" time="0.27155637741088867"></testcase><testcase classname="src.pymortests.vectorarray" file="src/pymortests/vectorarray.py" line="829" name="test_isub[compatible_vector_array_pair8-&lt;lambda&gt;29]" time="0.007977008819580078"></testcase><testcase classname="src.pymortests.vectorarray" file="src/pymortests/vectorarray.py" line="841" name="test_neg[0-&lt;lambda&gt;0]" time="0.0019631385803222656"></testcase><testcase classname="src.pymortests.vectorarray" file="src/pymortests/vectorarray.py" line="841" name="test_neg[0-&lt;lambda&gt;1]" time="0.0013992786407470703"></testcase><testcase classname="src.pymortests.vectorarray" file="src/pymortests/vectorarray.py" line="841" name="test_neg[0-&lt;lambda&gt;2]" time="0.0013267993927001953"></testcase><testcase classname="src.pymortests.vectorarray" file="src/pymortests/vectorarray.py" line="841" name="test_neg[0-&lt;lambda&gt;3]" time="0.0013339519500732422"></testcase><testcase classname="src.pymortests.vectorarray" file="src/pymortests/vectorarray.py" line="841" name="test_neg[0-&lt;lambda&gt;4]" time="0.0012748241424560547"></testcase><testcase classname="src.pymortests.vectorarray" file="src/pymortests/vectorarray.py" line="841" name="test_neg[0-&lt;lambda&gt;5]" time="0.001241922378540039"></testcase><testcase classname="src.pymortests.vectorarray" file="src/pymortests/vectorarray.py" line="841" name="test_neg[0-&lt;lambda&gt;6]" time="0.0012271404266357422"></testcase><testcase classname="src.pymortests.vectorarray" file="src/pymortests/vectorarray.py" line="841" name="test_neg[0-&lt;lambda&gt;7]" time="0.001392364501953125"></testcase><testcase classname="src.pymortests.vectorarray" file="src/pymortests/vectorarray.py" line="841" name="test_neg[0-&lt;lambda&gt;8]" time="0.004355907440185547"></testcase><testcase classname="src.pymortests.vectorarray" file="src/pymortests/vectorarray.py" line="841" name="test_neg[0-&lt;lambda&gt;9]" time="0.007737159729003906"></testcase><testcase classname="src.pymortests.vectorarray" file="src/pymortests/vectorarray.py" line="841" name="test_neg[0-&lt;lambda&gt;10]" time="0.0017194747924804688"></testcase><testcase classname="src.pymortests.vectorarray" file="src/pymortests/vectorarray.py" line="841" name="test_neg[0-&lt;lambda&gt;11]" time="0.0017352104187011719"></testcase><testcase classname="src.pymortests.vectorarray" file="src/pymortests/vectorarray.py" line="841" name="test_neg[0-&lt;lambda&gt;12]" time="0.0017056465148925781"></testcase><testcase classname="src.pymortests.vectorarray" file="src/pymortests/vectorarray.py" line="841" name="test_neg[0-&lt;lambda&gt;13]" time="0.0016074180603027344"></testcase><testcase classname="src.pymortests.vectorarray" file="src/pymortests/vectorarray.py" line="841" name="test_neg[0-&lt;lambda&gt;14]" time="0.0017576217651367188"></testcase><testcase classname="src.pymortests.vectorarray" file="src/pymortests/vectorarray.py" line="841" name="test_neg[0-&lt;lambda&gt;15]" time="0.0019180774688720703"></testcase><testcase classname="src.pymortests.vectorarray" file="src/pymortests/vectorarray.py" line="841" name="test_neg[0-&lt;lambda&gt;16]" time="0.0018165111541748047"></testcase><testcase classname="src.pymortests.vectorarray" file="src/pymortests/vectorarray.py" line="841" name="test_neg[0-&lt;lambda&gt;17]" time="0.0017895698547363281"></testcase><testcase classname="src.pymortests.vectorarray" file="src/pymortests/vectorarray.py" line="841" name="test_neg[0-&lt;lambda&gt;18]" time="0.0015981197357177734"></testcase><testcase classname="src.pymortests.vectorarray" file="src/pymortests/vectorarray.py" line="841" name="test_neg[0-&lt;lambda&gt;19]" time="0.002806425094604492"></testcase><testcase classname="src.pymortests.vectorarray" file="src/pymortests/vectorarray.py" line="841" name="test_neg[0-&lt;lambda&gt;20]" time="0.014780282974243164"></testcase><testcase classname="src.pymortests.vectorarray" file="src/pymortests/vectorarray.py" line="841" name="test_neg[0-&lt;lambda&gt;21]" time="0.03284144401550293"></testcase><testcase classname="src.pymortests.vectorarray" file="src/pymortests/vectorarray.py" line="841" name="test_neg[0-&lt;lambda&gt;22]" time="0.0020072460174560547"></testcase><testcase classname="src.pymortests.vectorarray" file="src/pymortests/vectorarray.py" line="841" name="test_neg[0-&lt;lambda&gt;23]" time="0.00148773193359375"></testcase><testcase classname="src.pymortests.vectorarray" file="src/pymortests/vectorarray.py" line="841" name="test_neg[0-&lt;lambda&gt;24]" time="0.0053708553314208984"></testcase><testcase classname="src.pymortests.vectorarray" file="src/pymortests/vectorarray.py" line="841" name="test_neg[0-&lt;lambda&gt;25]" time="0.11422514915466309"></testcase><testcase classname="src.pymortests.vectorarray" file="src/pymortests/vectorarray.py" line="841" name="test_neg[0-&lt;lambda&gt;26]" time="0.2685811519622803"></testcase><testcase classname="src.pymortests.vectorarray" file="src/pymortests/vectorarray.py" line="841" name="test_neg[1-&lt;lambda&gt;0]" time="0.0022003650665283203"></testcase><testcase classname="src.pymortests.vectorarray" file="src/pymortests/vectorarray.py" line="841" name="test_neg[1-&lt;lambda&gt;1]" time="0.0034012794494628906"></testcase><testcase classname="src.pymortests.vectorarray" file="src/pymortests/vectorarray.py" line="841" name="test_neg[1-&lt;lambda&gt;2]" time="0.0014858245849609375"></testcase><testcase classname="src.pymortests.vectorarray" file="src/pymortests/vectorarray.py" line="841" name="test_neg[1-&lt;lambda&gt;3]" time="0.0014684200286865234"></testcase><testcase classname="src.pymortests.vectorarray" file="src/pymortests/vectorarray.py" line="841" name="test_neg[1-&lt;lambda&gt;4]" time="0.0013527870178222656"></testcase><testcase classname="src.pymortests.vectorarray" file="src/pymortests/vectorarray.py" line="841" name="test_neg[1-&lt;lambda&gt;5]" time="0.0012922286987304688"></testcase><testcase classname="src.pymortests.vectorarray" file="src/pymortests/vectorarray.py" line="841" name="test_neg[1-&lt;lambda&gt;6]" time="0.0012288093566894531"></testcase><testcase classname="src.pymortests.vectorarray" file="src/pymortests/vectorarray.py" line="841" name="test_neg[1-&lt;lambda&gt;7]" time="0.0014064311981201172"></testcase><testcase classname="src.pymortests.vectorarray" file="src/pymortests/vectorarray.py" line="841" name="test_neg[1-&lt;lambda&gt;8]" time="0.004437446594238281"></testcase><testcase classname="src.pymortests.vectorarray" file="src/pymortests/vectorarray.py" line="841" name="test_neg[1-&lt;lambda&gt;9]" time="0.00809335708618164"></testcase><testcase classname="src.pymortests.vectorarray" file="src/pymortests/vectorarray.py" line="841" name="test_neg[1-&lt;lambda&gt;10]" time="0.0017647743225097656"></testcase><testcase classname="src.pymortests.vectorarray" file="src/pymortests/vectorarray.py" line="841" name="test_neg[1-&lt;lambda&gt;11]" time="0.0018341541290283203"></testcase><testcase classname="src.pymortests.vectorarray" file="src/pymortests/vectorarray.py" line="841" name="test_neg[1-&lt;lambda&gt;12]" time="0.0017490386962890625"></testcase><testcase classname="src.pymortests.vectorarray" file="src/pymortests/vectorarray.py" line="841" name="test_neg[1-&lt;lambda&gt;13]" time="0.0015711784362792969"></testcase><testcase classname="src.pymortests.vectorarray" file="src/pymortests/vectorarray.py" line="841" name="test_neg[1-&lt;lambda&gt;14]" time="0.0017521381378173828"></testcase><testcase classname="src.pymortests.vectorarray" file="src/pymortests/vectorarray.py" line="841" name="test_neg[1-&lt;lambda&gt;15]" time="0.0023348331451416016"></testcase><testcase classname="src.pymortests.vectorarray" file="src/pymortests/vectorarray.py" line="841" name="test_neg[1-&lt;lambda&gt;16]" time="0.0019872188568115234"></testcase><testcase classname="src.pymortests.vectorarray" file="src/pymortests/vectorarray.py" line="841" name="test_neg[1-&lt;lambda&gt;17]" time="0.0017781257629394531"></testcase><testcase classname="src.pymortests.vectorarray" file="src/pymortests/vectorarray.py" line="841" name="test_neg[1-&lt;lambda&gt;18]" time="0.0016596317291259766"></testcase><testcase classname="src.pymortests.vectorarray" file="src/pymortests/vectorarray.py" line="841" name="test_neg[1-&lt;lambda&gt;19]" time="0.002997875213623047"></testcase><testcase classname="src.pymortests.vectorarray" file="src/pymortests/vectorarray.py" line="841" name="test_neg[1-&lt;lambda&gt;20]" time="0.014460325241088867"></testcase><testcase classname="src.pymortests.vectorarray" file="src/pymortests/vectorarray.py" line="841" name="test_neg[1-&lt;lambda&gt;21]" time="0.03212285041809082"></testcase><testcase classname="src.pymortests.vectorarray" file="src/pymortests/vectorarray.py" line="841" name="test_neg[1-&lt;lambda&gt;22]" time="0.0019598007202148438"></testcase><testcase classname="src.pymortests.vectorarray" file="src/pymortests/vectorarray.py" line="841" name="test_neg[1-&lt;lambda&gt;23]" time="0.0013549327850341797"></testcase><testcase classname="src.pymortests.vectorarray" file="src/pymortests/vectorarray.py" line="841" name="test_neg[1-&lt;lambda&gt;24]" time="0.004902362823486328"></testcase><testcase classname="src.pymortests.vectorarray" file="src/pymortests/vectorarray.py" line="841" name="test_neg[1-&lt;lambda&gt;25]" time="0.11315488815307617"></testcase><testcase classname="src.pymortests.vectorarray" file="src/pymortests/vectorarray.py" line="841" name="test_neg[1-&lt;lambda&gt;26]" time="0.26825714111328125"></testcase><testcase classname="src.pymortests.vectorarray" file="src/pymortests/vectorarray.py" line="841" name="test_neg[2-&lt;lambda&gt;0]" time="0.002173185348510742"></testcase><testcase classname="src.pymortests.vectorarray" file="src/pymortests/vectorarray.py" line="841" name="test_neg[2-&lt;lambda&gt;1]" time="0.0015106201171875"></testcase><testcase classname="src.pymortests.vectorarray" file="src/pymortests/vectorarray.py" line="841" name="test_neg[2-&lt;lambda&gt;2]" time="0.001478433609008789"></testcase><testcase classname="src.pymortests.vectorarray" file="src/pymortests/vectorarray.py" line="841" name="test_neg[2-&lt;lambda&gt;3]" time="0.0014679431915283203"></testcase><testcase classname="src.pymortests.vectorarray" file="src/pymortests/vectorarray.py" line="841" name="test_neg[2-&lt;lambda&gt;4]" time="0.0014269351959228516"></testcase><testcase classname="src.pymortests.vectorarray" file="src/pymortests/vectorarray.py" line="841" name="test_neg[2-&lt;lambda&gt;5]" time="0.001453399658203125"></testcase><testcase classname="src.pymortests.vectorarray" file="src/pymortests/vectorarray.py" line="841" name="test_neg[2-&lt;lambda&gt;6]" time="0.0013470649719238281"></testcase><testcase classname="src.pymortests.vectorarray" file="src/pymortests/vectorarray.py" line="841" name="test_neg[2-&lt;lambda&gt;7]" time="0.0017805099487304688"></testcase><testcase classname="src.pymortests.vectorarray" file="src/pymortests/vectorarray.py" line="841" name="test_neg[2-&lt;lambda&gt;8]" time="0.0050258636474609375"></testcase><testcase classname="src.pymortests.vectorarray" file="src/pymortests/vectorarray.py" line="841" name="test_neg[2-&lt;lambda&gt;9]" time="0.00832986831665039"></testcase><testcase classname="src.pymortests.vectorarray" file="src/pymortests/vectorarray.py" line="841" name="test_neg[2-&lt;lambda&gt;10]" time="0.0018765926361083984"></testcase><testcase classname="src.pymortests.vectorarray" file="src/pymortests/vectorarray.py" line="841" name="test_neg[2-&lt;lambda&gt;11]" time="0.0018417835235595703"></testcase><testcase classname="src.pymortests.vectorarray" file="src/pymortests/vectorarray.py" line="841" name="test_neg[2-&lt;lambda&gt;12]" time="0.0018134117126464844"></testcase><testcase classname="src.pymortests.vectorarray" file="src/pymortests/vectorarray.py" line="841" name="test_neg[2-&lt;lambda&gt;13]" time="0.0016536712646484375"></testcase><testcase classname="src.pymortests.vectorarray" file="src/pymortests/vectorarray.py" line="841" name="test_neg[2-&lt;lambda&gt;14]" time="0.0018613338470458984"></testcase><testcase classname="src.pymortests.vectorarray" file="src/pymortests/vectorarray.py" line="841" name="test_neg[2-&lt;lambda&gt;15]" time="0.002126455307006836"></testcase><testcase classname="src.pymortests.vectorarray" file="src/pymortests/vectorarray.py" line="841" name="test_neg[2-&lt;lambda&gt;16]" time="0.0020096302032470703"></testcase><testcase classname="src.pymortests.vectorarray" file="src/pymortests/vectorarray.py" line="841" name="test_neg[2-&lt;lambda&gt;17]" time="0.001847982406616211"></testcase><testcase classname="src.pymortests.vectorarray" file="src/pymortests/vectorarray.py" line="841" name="test_neg[2-&lt;lambda&gt;18]" time="0.0017294883728027344"></testcase><testcase classname="src.pymortests.vectorarray" file="src/pymortests/vectorarray.py" line="841" name="test_neg[2-&lt;lambda&gt;19]" time="0.002981424331665039"></testcase><testcase classname="src.pymortests.vectorarray" file="src/pymortests/vectorarray.py" line="841" name="test_neg[2-&lt;lambda&gt;20]" time="0.015361547470092773"></testcase><testcase classname="src.pymortests.vectorarray" file="src/pymortests/vectorarray.py" line="841" name="test_neg[2-&lt;lambda&gt;21]" time="0.031798362731933594"></testcase><testcase classname="src.pymortests.vectorarray" file="src/pymortests/vectorarray.py" line="841" name="test_neg[2-&lt;lambda&gt;22]" time="0.0020105838775634766"></testcase><testcase classname="src.pymortests.vectorarray" file="src/pymortests/vectorarray.py" line="841" name="test_neg[2-&lt;lambda&gt;23]" time="0.001664876937866211"></testcase><testcase classname="src.pymortests.vectorarray" file="src/pymortests/vectorarray.py" line="841" name="test_neg[2-&lt;lambda&gt;24]" time="0.0052602291107177734"></testcase><testcase classname="src.pymortests.vectorarray" file="src/pymortests/vectorarray.py" line="841" name="test_neg[2-&lt;lambda&gt;25]" time="0.11483597755432129"></testcase><testcase classname="src.pymortests.vectorarray" file="src/pymortests/vectorarray.py" line="841" name="test_neg[2-&lt;lambda&gt;26]" time="0.2686288356781006"></testcase><testcase classname="src.pymortests.vectorarray" file="src/pymortests/vectorarray.py" line="850" name="test_mul[0-&lt;lambda&gt;0]" time="0.002870798110961914"></testcase><testcase classname="src.pymortests.vectorarray" file="src/pymortests/vectorarray.py" line="850" name="test_mul[0-&lt;lambda&gt;1]" time="0.002007722854614258"></testcase><testcase classname="src.pymortests.vectorarray" file="src/pymortests/vectorarray.py" line="850" name="test_mul[0-&lt;lambda&gt;2]" time="0.001985788345336914"></testcase><testcase classname="src.pymortests.vectorarray" file="src/pymortests/vectorarray.py" line="850" name="test_mul[0-&lt;lambda&gt;3]" time="0.0021181106567382812"></testcase><testcase classname="src.pymortests.vectorarray" file="src/pymortests/vectorarray.py" line="850" name="test_mul[0-&lt;lambda&gt;4]" time="0.0019724369049072266"></testcase><testcase classname="src.pymortests.vectorarray" file="src/pymortests/vectorarray.py" line="850" name="test_mul[0-&lt;lambda&gt;5]" time="0.0016732215881347656"></testcase><testcase classname="src.pymortests.vectorarray" file="src/pymortests/vectorarray.py" line="850" name="test_mul[0-&lt;lambda&gt;6]" time="0.0016798973083496094"></testcase><testcase classname="src.pymortests.vectorarray" file="src/pymortests/vectorarray.py" line="850" name="test_mul[0-&lt;lambda&gt;7]" time="0.002234220504760742"></testcase><testcase classname="src.pymortests.vectorarray" file="src/pymortests/vectorarray.py" line="850" name="test_mul[0-&lt;lambda&gt;8]" time="0.015167713165283203"></testcase><testcase classname="src.pymortests.vectorarray" file="src/pymortests/vectorarray.py" line="850" name="test_mul[0-&lt;lambda&gt;9]" time="0.031069517135620117"></testcase><testcase classname="src.pymortests.vectorarray" file="src/pymortests/vectorarray.py" line="850" name="test_mul[0-&lt;lambda&gt;10]" time="0.003957033157348633"></testcase><testcase classname="src.pymortests.vectorarray" file="src/pymortests/vectorarray.py" line="850" name="test_mul[0-&lt;lambda&gt;11]" time="0.0033197402954101562"></testcase><testcase classname="src.pymortests.vectorarray" file="src/pymortests/vectorarray.py" line="850" name="test_mul[0-&lt;lambda&gt;12]" time="0.003160715103149414"></testcase><testcase classname="src.pymortests.vectorarray" file="src/pymortests/vectorarray.py" line="850" name="test_mul[0-&lt;lambda&gt;13]" time="0.0026056766510009766"></testcase><testcase classname="src.pymortests.vectorarray" file="src/pymortests/vectorarray.py" line="850" name="test_mul[0-&lt;lambda&gt;14]" time="0.0033044815063476562"></testcase><testcase classname="src.pymortests.vectorarray" file="src/pymortests/vectorarray.py" line="850" name="test_mul[0-&lt;lambda&gt;15]" time="0.004286289215087891"></testcase><testcase classname="src.pymortests.vectorarray" file="src/pymortests/vectorarray.py" line="850" name="test_mul[0-&lt;lambda&gt;16]" time="0.003979682922363281"></testcase><testcase classname="src.pymortests.vectorarray" file="src/pymortests/vectorarray.py" line="850" name="test_mul[0-&lt;lambda&gt;17]" time="0.002353668212890625"></testcase><testcase classname="src.pymortests.vectorarray" file="src/pymortests/vectorarray.py" line="850" name="test_mul[0-&lt;lambda&gt;18]" time="0.002262592315673828"></testcase><testcase classname="src.pymortests.vectorarray" file="src/pymortests/vectorarray.py" line="850" name="test_mul[0-&lt;lambda&gt;19]" time="0.004443168640136719"></testcase><testcase classname="src.pymortests.vectorarray" file="src/pymortests/vectorarray.py" line="850" name="test_mul[0-&lt;lambda&gt;20]" time="0.03494691848754883"></testcase><testcase classname="src.pymortests.vectorarray" file="src/pymortests/vectorarray.py" line="850" name="test_mul[0-&lt;lambda&gt;21]" time="0.08111238479614258"></testcase><testcase classname="src.pymortests.vectorarray" file="src/pymortests/vectorarray.py" line="850" name="test_mul[0-&lt;lambda&gt;22]" time="0.002476215362548828"></testcase><testcase classname="src.pymortests.vectorarray" file="src/pymortests/vectorarray.py" line="850" name="test_mul[0-&lt;lambda&gt;23]" time="0.0016798973083496094"></testcase><testcase classname="src.pymortests.vectorarray" file="src/pymortests/vectorarray.py" line="850" name="test_mul[0-&lt;lambda&gt;24]" time="0.014458417892456055"></testcase><testcase classname="src.pymortests.vectorarray" file="src/pymortests/vectorarray.py" line="850" name="test_mul[0-&lt;lambda&gt;25]" time="0.4815855026245117"></testcase><testcase classname="src.pymortests.vectorarray" file="src/pymortests/vectorarray.py" line="850" name="test_mul[0-&lt;lambda&gt;26]" time="1.1282410621643066"></testcase><testcase classname="src.pymortests.vectorarray" file="src/pymortests/vectorarray.py" line="850" name="test_mul[1-&lt;lambda&gt;0]" time="0.0029375553131103516"></testcase><testcase classname="src.pymortests.vectorarray" file="src/pymortests/vectorarray.py" line="850" name="test_mul[1-&lt;lambda&gt;1]" time="0.0021059513092041016"></testcase><testcase classname="src.pymortests.vectorarray" file="src/pymortests/vectorarray.py" line="850" name="test_mul[1-&lt;lambda&gt;2]" time="0.0021042823791503906"></testcase><testcase classname="src.pymortests.vectorarray" file="src/pymortests/vectorarray.py" line="850" name="test_mul[1-&lt;lambda&gt;3]" time="0.0022890567779541016"></testcase><testcase classname="src.pymortests.vectorarray" file="src/pymortests/vectorarray.py" line="850" name="test_mul[1-&lt;lambda&gt;4]" time="0.0020270347595214844"></testcase><testcase classname="src.pymortests.vectorarray" file="src/pymortests/vectorarray.py" line="850" name="test_mul[1-&lt;lambda&gt;5]" time="0.0017447471618652344"></testcase><testcase classname="src.pymortests.vectorarray" file="src/pymortests/vectorarray.py" line="850" name="test_mul[1-&lt;lambda&gt;6]" time="0.0017278194427490234"></testcase><testcase classname="src.pymortests.vectorarray" file="src/pymortests/vectorarray.py" line="850" name="test_mul[1-&lt;lambda&gt;7]" time="0.0022733211517333984"></testcase><testcase classname="src.pymortests.vectorarray" file="src/pymortests/vectorarray.py" line="850" name="test_mul[1-&lt;lambda&gt;8]" time="0.01533818244934082"></testcase><testcase classname="src.pymortests.vectorarray" file="src/pymortests/vectorarray.py" line="850" name="test_mul[1-&lt;lambda&gt;9]" time="0.031003236770629883"></testcase><testcase classname="src.pymortests.vectorarray" file="src/pymortests/vectorarray.py" line="850" name="test_mul[1-&lt;lambda&gt;10]" time="0.004022836685180664"></testcase><testcase classname="src.pymortests.vectorarray" file="src/pymortests/vectorarray.py" line="850" name="test_mul[1-&lt;lambda&gt;11]" time="0.003492116928100586"></testcase><testcase classname="src.pymortests.vectorarray" file="src/pymortests/vectorarray.py" line="850" name="test_mul[1-&lt;lambda&gt;12]" time="0.003591775894165039"></testcase><testcase classname="src.pymortests.vectorarray" file="src/pymortests/vectorarray.py" line="850" name="test_mul[1-&lt;lambda&gt;13]" time="0.0027260780334472656"></testcase><testcase classname="src.pymortests.vectorarray" file="src/pymortests/vectorarray.py" line="850" name="test_mul[1-&lt;lambda&gt;14]" time="0.003284931182861328"></testcase><testcase classname="src.pymortests.vectorarray" file="src/pymortests/vectorarray.py" line="850" name="test_mul[1-&lt;lambda&gt;15]" time="0.004231691360473633"></testcase><testcase classname="src.pymortests.vectorarray" file="src/pymortests/vectorarray.py" line="850" name="test_mul[1-&lt;lambda&gt;16]" time="0.003968715667724609"></testcase><testcase classname="src.pymortests.vectorarray" file="src/pymortests/vectorarray.py" line="850" name="test_mul[1-&lt;lambda&gt;17]" time="0.0023462772369384766"></testcase><testcase classname="src.pymortests.vectorarray" file="src/pymortests/vectorarray.py" line="850" name="test_mul[1-&lt;lambda&gt;18]" time="0.002183198928833008"></testcase><testcase classname="src.pymortests.vectorarray" file="src/pymortests/vectorarray.py" line="850" name="test_mul[1-&lt;lambda&gt;19]" time="0.004537343978881836"></testcase><testcase classname="src.pymortests.vectorarray" file="src/pymortests/vectorarray.py" line="850" name="test_mul[1-&lt;lambda&gt;20]" time="0.03427910804748535"></testcase><testcase classname="src.pymortests.vectorarray" file="src/pymortests/vectorarray.py" line="850" name="test_mul[1-&lt;lambda&gt;21]" time="0.08021759986877441"></testcase><testcase classname="src.pymortests.vectorarray" file="src/pymortests/vectorarray.py" line="850" name="test_mul[1-&lt;lambda&gt;22]" time="0.002655506134033203"></testcase><testcase classname="src.pymortests.vectorarray" file="src/pymortests/vectorarray.py" line="850" name="test_mul[1-&lt;lambda&gt;23]" time="0.0017688274383544922"></testcase><testcase classname="src.pymortests.vectorarray" file="src/pymortests/vectorarray.py" line="850" name="test_mul[1-&lt;lambda&gt;24]" time="0.014495134353637695"></testcase><testcase classname="src.pymortests.vectorarray" file="src/pymortests/vectorarray.py" line="850" name="test_mul[1-&lt;lambda&gt;25]" time="0.4822063446044922"></testcase><testcase classname="src.pymortests.vectorarray" file="src/pymortests/vectorarray.py" line="850" name="test_mul[1-&lt;lambda&gt;26]" time="1.1236371994018555"></testcase><testcase classname="src.pymortests.vectorarray" file="src/pymortests/vectorarray.py" line="850" name="test_mul[2-&lt;lambda&gt;0]" time="0.002966642379760742"></testcase><testcase classname="src.pymortests.vectorarray" file="src/pymortests/vectorarray.py" line="850" name="test_mul[2-&lt;lambda&gt;1]" time="0.002012014389038086"></testcase><testcase classname="src.pymortests.vectorarray" file="src/pymortests/vectorarray.py" line="850" name="test_mul[2-&lt;lambda&gt;2]" time="0.002397775650024414"></testcase><testcase classname="src.pymortests.vectorarray" file="src/pymortests/vectorarray.py" line="850" name="test_mul[2-&lt;lambda&gt;3]" time="0.0021359920501708984"></testcase><testcase classname="src.pymortests.vectorarray" file="src/pymortests/vectorarray.py" line="850" name="test_mul[2-&lt;lambda&gt;4]" time="0.0019083023071289062"></testcase><testcase classname="src.pymortests.vectorarray" file="src/pymortests/vectorarray.py" line="850" name="test_mul[2-&lt;lambda&gt;5]" time="0.0016551017761230469"></testcase><testcase classname="src.pymortests.vectorarray" file="src/pymortests/vectorarray.py" line="850" name="test_mul[2-&lt;lambda&gt;6]" time="0.0016338825225830078"></testcase><testcase classname="src.pymortests.vectorarray" file="src/pymortests/vectorarray.py" line="850" name="test_mul[2-&lt;lambda&gt;7]" time="0.002202272415161133"></testcase><testcase classname="src.pymortests.vectorarray" file="src/pymortests/vectorarray.py" line="850" name="test_mul[2-&lt;lambda&gt;8]" time="0.015188932418823242"></testcase><testcase classname="src.pymortests.vectorarray" file="src/pymortests/vectorarray.py" line="850" name="test_mul[2-&lt;lambda&gt;9]" time="0.03073883056640625"></testcase><testcase classname="src.pymortests.vectorarray" file="src/pymortests/vectorarray.py" line="850" name="test_mul[2-&lt;lambda&gt;10]" time="0.0040667057037353516"></testcase><testcase classname="src.pymortests.vectorarray" file="src/pymortests/vectorarray.py" line="850" name="test_mul[2-&lt;lambda&gt;11]" time="0.0035400390625"></testcase><testcase classname="src.pymortests.vectorarray" file="src/pymortests/vectorarray.py" line="850" name="test_mul[2-&lt;lambda&gt;12]" time="0.0033621788024902344"></testcase><testcase classname="src.pymortests.vectorarray" file="src/pymortests/vectorarray.py" line="850" name="test_mul[2-&lt;lambda&gt;13]" time="0.002803802490234375"></testcase><testcase classname="src.pymortests.vectorarray" file="src/pymortests/vectorarray.py" line="850" name="test_mul[2-&lt;lambda&gt;14]" time="0.0034308433532714844"></testcase><testcase classname="src.pymortests.vectorarray" file="src/pymortests/vectorarray.py" line="850" name="test_mul[2-&lt;lambda&gt;15]" time="0.004302501678466797"></testcase><testcase classname="src.pymortests.vectorarray" file="src/pymortests/vectorarray.py" line="850" name="test_mul[2-&lt;lambda&gt;16]" time="0.004107475280761719"></testcase><testcase classname="src.pymortests.vectorarray" file="src/pymortests/vectorarray.py" line="850" name="test_mul[2-&lt;lambda&gt;17]" time="0.002382516860961914"></testcase><testcase classname="src.pymortests.vectorarray" file="src/pymortests/vectorarray.py" line="850" name="test_mul[2-&lt;lambda&gt;18]" time="0.002188444137573242"></testcase><testcase classname="src.pymortests.vectorarray" file="src/pymortests/vectorarray.py" line="850" name="test_mul[2-&lt;lambda&gt;19]" time="0.004462480545043945"></testcase><testcase classname="src.pymortests.vectorarray" file="src/pymortests/vectorarray.py" line="850" name="test_mul[2-&lt;lambda&gt;20]" time="0.035369157791137695"></testcase><testcase classname="src.pymortests.vectorarray" file="src/pymortests/vectorarray.py" line="850" name="test_mul[2-&lt;lambda&gt;21]" time="0.08098888397216797"></testcase><testcase classname="src.pymortests.vectorarray" file="src/pymortests/vectorarray.py" line="850" name="test_mul[2-&lt;lambda&gt;22]" time="0.002433300018310547"></testcase><testcase classname="src.pymortests.vectorarray" file="src/pymortests/vectorarray.py" line="850" name="test_mul[2-&lt;lambda&gt;23]" time="0.0017299652099609375"></testcase><testcase classname="src.pymortests.vectorarray" file="src/pymortests/vectorarray.py" line="850" name="test_mul[2-&lt;lambda&gt;24]" time="0.014905691146850586"></testcase><testcase classname="src.pymortests.vectorarray" file="src/pymortests/vectorarray.py" line="850" name="test_mul[2-&lt;lambda&gt;25]" time="0.48011302947998047"></testcase><testcase classname="src.pymortests.vectorarray" file="src/pymortests/vectorarray.py" line="850" name="test_mul[2-&lt;lambda&gt;26]" time="1.1251473426818848"></testcase><testcase classname="src.pymortests.vectorarray" file="src/pymortests/vectorarray.py" line="860" name="test_mul_wrong_factor[0-&lt;lambda&gt;0]" time="0.0017707347869873047"></testcase><testcase classname="src.pymortests.vectorarray" file="src/pymortests/vectorarray.py" line="860" name="test_mul_wrong_factor[0-&lt;lambda&gt;1]" time="0.0012106895446777344"></testcase><testcase classname="src.pymortests.vectorarray" file="src/pymortests/vectorarray.py" line="860" name="test_mul_wrong_factor[0-&lt;lambda&gt;2]" time="0.001165151596069336"></testcase><testcase classname="src.pymortests.vectorarray" file="src/pymortests/vectorarray.py" line="860" name="test_mul_wrong_factor[0-&lt;lambda&gt;3]" time="0.0012080669403076172"></testcase><testcase classname="src.pymortests.vectorarray" file="src/pymortests/vectorarray.py" line="860" name="test_mul_wrong_factor[0-&lt;lambda&gt;4]" time="0.0010979175567626953"></testcase><testcase classname="src.pymortests.vectorarray" file="src/pymortests/vectorarray.py" line="860" name="test_mul_wrong_factor[0-&lt;lambda&gt;5]" time="0.0011444091796875"></testcase><testcase classname="src.pymortests.vectorarray" file="src/pymortests/vectorarray.py" line="860" name="test_mul_wrong_factor[0-&lt;lambda&gt;6]" time="0.0011091232299804688"></testcase><testcase classname="src.pymortests.vectorarray" file="src/pymortests/vectorarray.py" line="860" name="test_mul_wrong_factor[0-&lt;lambda&gt;7]" time="0.001127004623413086"></testcase><testcase classname="src.pymortests.vectorarray" file="src/pymortests/vectorarray.py" line="860" name="test_mul_wrong_factor[0-&lt;lambda&gt;8]" time="0.0014598369598388672"></testcase><testcase classname="src.pymortests.vectorarray" file="src/pymortests/vectorarray.py" line="860" name="test_mul_wrong_factor[0-&lt;lambda&gt;9]" time="0.001837015151977539"></testcase><testcase classname="src.pymortests.vectorarray" file="src/pymortests/vectorarray.py" line="860" name="test_mul_wrong_factor[0-&lt;lambda&gt;10]" time="0.001291513442993164"></testcase><testcase classname="src.pymortests.vectorarray" file="src/pymortests/vectorarray.py" line="860" name="test_mul_wrong_factor[0-&lt;lambda&gt;11]" time="0.0012106895446777344"></testcase><testcase classname="src.pymortests.vectorarray" file="src/pymortests/vectorarray.py" line="860" name="test_mul_wrong_factor[0-&lt;lambda&gt;12]" time="0.0014045238494873047"></testcase><testcase classname="src.pymortests.vectorarray" file="src/pymortests/vectorarray.py" line="860" name="test_mul_wrong_factor[0-&lt;lambda&gt;13]" time="0.00119781494140625"></testcase><testcase classname="src.pymortests.vectorarray" file="src/pymortests/vectorarray.py" line="860" name="test_mul_wrong_factor[0-&lt;lambda&gt;14]" time="0.0012786388397216797"></testcase><testcase classname="src.pymortests.vectorarray" file="src/pymortests/vectorarray.py" line="860" name="test_mul_wrong_factor[0-&lt;lambda&gt;15]" time="0.0012371540069580078"></testcase><testcase classname="src.pymortests.vectorarray" file="src/pymortests/vectorarray.py" line="860" name="test_mul_wrong_factor[0-&lt;lambda&gt;16]" time="0.0012357234954833984"></testcase><testcase classname="src.pymortests.vectorarray" file="src/pymortests/vectorarray.py" line="860" name="test_mul_wrong_factor[0-&lt;lambda&gt;17]" time="0.001538991928100586"></testcase><testcase classname="src.pymortests.vectorarray" file="src/pymortests/vectorarray.py" line="860" name="test_mul_wrong_factor[0-&lt;lambda&gt;18]" time="0.001430511474609375"></testcase><testcase classname="src.pymortests.vectorarray" file="src/pymortests/vectorarray.py" line="860" name="test_mul_wrong_factor[0-&lt;lambda&gt;19]" time="0.0022840499877929688"></testcase><testcase classname="src.pymortests.vectorarray" file="src/pymortests/vectorarray.py" line="860" name="test_mul_wrong_factor[0-&lt;lambda&gt;20]" time="0.00859379768371582"></testcase><testcase classname="src.pymortests.vectorarray" file="src/pymortests/vectorarray.py" line="860" name="test_mul_wrong_factor[0-&lt;lambda&gt;21]" time="0.018481731414794922"></testcase><testcase classname="src.pymortests.vectorarray" file="src/pymortests/vectorarray.py" line="860" name="test_mul_wrong_factor[0-&lt;lambda&gt;22]" time="0.0016942024230957031"></testcase><testcase classname="src.pymortests.vectorarray" file="src/pymortests/vectorarray.py" line="860" name="test_mul_wrong_factor[0-&lt;lambda&gt;23]" time="0.001201629638671875"></testcase><testcase classname="src.pymortests.vectorarray" file="src/pymortests/vectorarray.py" line="860" name="test_mul_wrong_factor[0-&lt;lambda&gt;24]" time="0.0023233890533447266"></testcase><testcase classname="src.pymortests.vectorarray" file="src/pymortests/vectorarray.py" line="860" name="test_mul_wrong_factor[0-&lt;lambda&gt;25]" time="0.023587942123413086"></testcase><testcase classname="src.pymortests.vectorarray" file="src/pymortests/vectorarray.py" line="860" name="test_mul_wrong_factor[0-&lt;lambda&gt;26]" time="0.05287742614746094"></testcase><testcase classname="src.pymortests.vectorarray" file="src/pymortests/vectorarray.py" line="860" name="test_mul_wrong_factor[1-&lt;lambda&gt;0]" time="0.001764059066772461"></testcase><testcase classname="src.pymortests.vectorarray" file="src/pymortests/vectorarray.py" line="860" name="test_mul_wrong_factor[1-&lt;lambda&gt;1]" time="0.0011963844299316406"></testcase><testcase classname="src.pymortests.vectorarray" file="src/pymortests/vectorarray.py" line="860" name="test_mul_wrong_factor[1-&lt;lambda&gt;2]" time="0.0011327266693115234"></testcase><testcase classname="src.pymortests.vectorarray" file="src/pymortests/vectorarray.py" line="860" name="test_mul_wrong_factor[1-&lt;lambda&gt;3]" time="0.0012161731719970703"></testcase><testcase classname="src.pymortests.vectorarray" file="src/pymortests/vectorarray.py" line="860" name="test_mul_wrong_factor[1-&lt;lambda&gt;4]" time="0.0011577606201171875"></testcase><testcase classname="src.pymortests.vectorarray" file="src/pymortests/vectorarray.py" line="860" name="test_mul_wrong_factor[1-&lt;lambda&gt;5]" time="0.0011756420135498047"></testcase><testcase classname="src.pymortests.vectorarray" file="src/pymortests/vectorarray.py" line="860" name="test_mul_wrong_factor[1-&lt;lambda&gt;6]" time="0.0011341571807861328"></testcase><testcase classname="src.pymortests.vectorarray" file="src/pymortests/vectorarray.py" line="860" name="test_mul_wrong_factor[1-&lt;lambda&gt;7]" time="0.0011396408081054688"></testcase><testcase classname="src.pymortests.vectorarray" file="src/pymortests/vectorarray.py" line="860" name="test_mul_wrong_factor[1-&lt;lambda&gt;8]" time="0.0015232563018798828"></testcase><testcase classname="src.pymortests.vectorarray" file="src/pymortests/vectorarray.py" line="860" name="test_mul_wrong_factor[1-&lt;lambda&gt;9]" time="0.002129793167114258"></testcase><testcase classname="src.pymortests.vectorarray" file="src/pymortests/vectorarray.py" line="860" name="test_mul_wrong_factor[1-&lt;lambda&gt;10]" time="0.001337289810180664"></testcase><testcase classname="src.pymortests.vectorarray" file="src/pymortests/vectorarray.py" line="860" name="test_mul_wrong_factor[1-&lt;lambda&gt;11]" time="0.0013208389282226562"></testcase><testcase classname="src.pymortests.vectorarray" file="src/pymortests/vectorarray.py" line="860" name="test_mul_wrong_factor[1-&lt;lambda&gt;12]" time="0.001340627670288086"></testcase><testcase classname="src.pymortests.vectorarray" file="src/pymortests/vectorarray.py" line="860" name="test_mul_wrong_factor[1-&lt;lambda&gt;13]" time="0.0012125968933105469"></testcase><testcase classname="src.pymortests.vectorarray" file="src/pymortests/vectorarray.py" line="860" name="test_mul_wrong_factor[1-&lt;lambda&gt;14]" time="0.0012900829315185547"></testcase><testcase classname="src.pymortests.vectorarray" file="src/pymortests/vectorarray.py" line="860" name="test_mul_wrong_factor[1-&lt;lambda&gt;15]" time="0.001346588134765625"></testcase><testcase classname="src.pymortests.vectorarray" file="src/pymortests/vectorarray.py" line="860" name="test_mul_wrong_factor[1-&lt;lambda&gt;16]" time="0.0013015270233154297"></testcase><testcase classname="src.pymortests.vectorarray" file="src/pymortests/vectorarray.py" line="860" name="test_mul_wrong_factor[1-&lt;lambda&gt;17]" time="0.0015978813171386719"></testcase><testcase classname="src.pymortests.vectorarray" file="src/pymortests/vectorarray.py" line="860" name="test_mul_wrong_factor[1-&lt;lambda&gt;18]" time="0.0014696121215820312"></testcase><testcase classname="src.pymortests.vectorarray" file="src/pymortests/vectorarray.py" line="860" name="test_mul_wrong_factor[1-&lt;lambda&gt;19]" time="0.0023927688598632812"></testcase><testcase classname="src.pymortests.vectorarray" file="src/pymortests/vectorarray.py" line="860" name="test_mul_wrong_factor[1-&lt;lambda&gt;20]" time="0.008640289306640625"></testcase><testcase classname="src.pymortests.vectorarray" file="src/pymortests/vectorarray.py" line="860" name="test_mul_wrong_factor[1-&lt;lambda&gt;21]" time="0.019381284713745117"></testcase><testcase classname="src.pymortests.vectorarray" file="src/pymortests/vectorarray.py" line="860" name="test_mul_wrong_factor[1-&lt;lambda&gt;22]" time="0.0017392635345458984"></testcase><testcase classname="src.pymortests.vectorarray" file="src/pymortests/vectorarray.py" line="860" name="test_mul_wrong_factor[1-&lt;lambda&gt;23]" time="0.0012276172637939453"></testcase><testcase classname="src.pymortests.vectorarray" file="src/pymortests/vectorarray.py" line="860" name="test_mul_wrong_factor[1-&lt;lambda&gt;24]" time="0.002207517623901367"></testcase><testcase classname="src.pymortests.vectorarray" file="src/pymortests/vectorarray.py" line="860" name="test_mul_wrong_factor[1-&lt;lambda&gt;25]" time="0.023669004440307617"></testcase><testcase classname="src.pymortests.vectorarray" file="src/pymortests/vectorarray.py" line="860" name="test_mul_wrong_factor[1-&lt;lambda&gt;26]" time="0.05422234535217285"></testcase><testcase classname="src.pymortests.vectorarray" file="src/pymortests/vectorarray.py" line="860" name="test_mul_wrong_factor[2-&lt;lambda&gt;0]" time="0.0017583370208740234"></testcase><testcase classname="src.pymortests.vectorarray" file="src/pymortests/vectorarray.py" line="860" name="test_mul_wrong_factor[2-&lt;lambda&gt;1]" time="0.0012063980102539062"></testcase><testcase classname="src.pymortests.vectorarray" file="src/pymortests/vectorarray.py" line="860" name="test_mul_wrong_factor[2-&lt;lambda&gt;2]" time="0.0011637210845947266"></testcase><testcase classname="src.pymortests.vectorarray" file="src/pymortests/vectorarray.py" line="860" name="test_mul_wrong_factor[2-&lt;lambda&gt;3]" time="0.0011844635009765625"></testcase><testcase classname="src.pymortests.vectorarray" file="src/pymortests/vectorarray.py" line="860" name="test_mul_wrong_factor[2-&lt;lambda&gt;4]" time="0.00109100341796875"></testcase><testcase classname="src.pymortests.vectorarray" file="src/pymortests/vectorarray.py" line="860" name="test_mul_wrong_factor[2-&lt;lambda&gt;5]" time="0.0011518001556396484"></testcase><testcase classname="src.pymortests.vectorarray" file="src/pymortests/vectorarray.py" line="860" name="test_mul_wrong_factor[2-&lt;lambda&gt;6]" time="0.001130819320678711"></testcase><testcase classname="src.pymortests.vectorarray" file="src/pymortests/vectorarray.py" line="860" name="test_mul_wrong_factor[2-&lt;lambda&gt;7]" time="0.0011591911315917969"></testcase><testcase classname="src.pymortests.vectorarray" file="src/pymortests/vectorarray.py" line="860" name="test_mul_wrong_factor[2-&lt;lambda&gt;8]" time="0.0015423297882080078"></testcase><testcase classname="src.pymortests.vectorarray" file="src/pymortests/vectorarray.py" line="860" name="test_mul_wrong_factor[2-&lt;lambda&gt;9]" time="0.0022110939025878906"></testcase><testcase classname="src.pymortests.vectorarray" file="src/pymortests/vectorarray.py" line="860" name="test_mul_wrong_factor[2-&lt;lambda&gt;10]" time="0.0013651847839355469"></testcase><testcase classname="src.pymortests.vectorarray" file="src/pymortests/vectorarray.py" line="860" name="test_mul_wrong_factor[2-&lt;lambda&gt;11]" time="0.0013117790222167969"></testcase><testcase classname="src.pymortests.vectorarray" file="src/pymortests/vectorarray.py" line="860" name="test_mul_wrong_factor[2-&lt;lambda&gt;12]" time="0.001346588134765625"></testcase><testcase classname="src.pymortests.vectorarray" file="src/pymortests/vectorarray.py" line="860" name="test_mul_wrong_factor[2-&lt;lambda&gt;13]" time="0.0012612342834472656"></testcase><testcase classname="src.pymortests.vectorarray" file="src/pymortests/vectorarray.py" line="860" name="test_mul_wrong_factor[2-&lt;lambda&gt;14]" time="0.0013568401336669922"></testcase><testcase classname="src.pymortests.vectorarray" file="src/pymortests/vectorarray.py" line="860" name="test_mul_wrong_factor[2-&lt;lambda&gt;15]" time="0.0013947486877441406"></testcase><testcase classname="src.pymortests.vectorarray" file="src/pymortests/vectorarray.py" line="860" name="test_mul_wrong_factor[2-&lt;lambda&gt;16]" time="0.0013954639434814453"></testcase><testcase classname="src.pymortests.vectorarray" file="src/pymortests/vectorarray.py" line="860" name="test_mul_wrong_factor[2-&lt;lambda&gt;17]" time="0.0016138553619384766"></testcase><testcase classname="src.pymortests.vectorarray" file="src/pymortests/vectorarray.py" line="860" name="test_mul_wrong_factor[2-&lt;lambda&gt;18]" time="0.0015294551849365234"></testcase><testcase classname="src.pymortests.vectorarray" file="src/pymortests/vectorarray.py" line="860" name="test_mul_wrong_factor[2-&lt;lambda&gt;19]" time="0.0023849010467529297"></testcase><testcase classname="src.pymortests.vectorarray" file="src/pymortests/vectorarray.py" line="860" name="test_mul_wrong_factor[2-&lt;lambda&gt;20]" time="0.008780717849731445"></testcase><testcase classname="src.pymortests.vectorarray" file="src/pymortests/vectorarray.py" line="860" name="test_mul_wrong_factor[2-&lt;lambda&gt;21]" time="0.01854085922241211"></testcase><testcase classname="src.pymortests.vectorarray" file="src/pymortests/vectorarray.py" line="860" name="test_mul_wrong_factor[2-&lt;lambda&gt;22]" time="0.0016453266143798828"></testcase><testcase classname="src.pymortests.vectorarray" file="src/pymortests/vectorarray.py" line="860" name="test_mul_wrong_factor[2-&lt;lambda&gt;23]" time="0.0011587142944335938"></testcase><testcase classname="src.pymortests.vectorarray" file="src/pymortests/vectorarray.py" line="860" name="test_mul_wrong_factor[2-&lt;lambda&gt;24]" time="0.0022270679473876953"></testcase><testcase classname="src.pymortests.vectorarray" file="src/pymortests/vectorarray.py" line="860" name="test_mul_wrong_factor[2-&lt;lambda&gt;25]" time="0.023801565170288086"></testcase><testcase classname="src.pymortests.vectorarray" file="src/pymortests/vectorarray.py" line="860" name="test_mul_wrong_factor[2-&lt;lambda&gt;26]" time="0.05448627471923828"></testcase><testcase classname="src.pymortests.vectorarray" file="src/pymortests/vectorarray.py" line="866" name="test_rmul[0-&lt;lambda&gt;0]" time="0.003354787826538086"></testcase><testcase classname="src.pymortests.vectorarray" file="src/pymortests/vectorarray.py" line="866" name="test_rmul[0-&lt;lambda&gt;1]" time="0.0020682811737060547"></testcase><testcase classname="src.pymortests.vectorarray" file="src/pymortests/vectorarray.py" line="866" name="test_rmul[0-&lt;lambda&gt;2]" time="0.0020051002502441406"></testcase><testcase classname="src.pymortests.vectorarray" file="src/pymortests/vectorarray.py" line="866" name="test_rmul[0-&lt;lambda&gt;3]" time="0.002101421356201172"></testcase><testcase classname="src.pymortests.vectorarray" file="src/pymortests/vectorarray.py" line="866" name="test_rmul[0-&lt;lambda&gt;4]" time="0.0018954277038574219"></testcase><testcase classname="src.pymortests.vectorarray" file="src/pymortests/vectorarray.py" line="866" name="test_rmul[0-&lt;lambda&gt;5]" time="0.001697540283203125"></testcase><testcase classname="src.pymortests.vectorarray" file="src/pymortests/vectorarray.py" line="866" name="test_rmul[0-&lt;lambda&gt;6]" time="0.0016391277313232422"></testcase><testcase classname="src.pymortests.vectorarray" file="src/pymortests/vectorarray.py" line="866" name="test_rmul[0-&lt;lambda&gt;7]" time="0.0022611618041992188"></testcase><testcase classname="src.pymortests.vectorarray" file="src/pymortests/vectorarray.py" line="866" name="test_rmul[0-&lt;lambda&gt;8]" time="0.01510167121887207"></testcase><testcase classname="src.pymortests.vectorarray" file="src/pymortests/vectorarray.py" line="866" name="test_rmul[0-&lt;lambda&gt;9]" time="0.030725955963134766"></testcase><testcase classname="src.pymortests.vectorarray" file="src/pymortests/vectorarray.py" line="866" name="test_rmul[0-&lt;lambda&gt;10]" time="0.0039348602294921875"></testcase><testcase classname="src.pymortests.vectorarray" file="src/pymortests/vectorarray.py" line="866" name="test_rmul[0-&lt;lambda&gt;11]" time="0.00331878662109375"></testcase><testcase classname="src.pymortests.vectorarray" file="src/pymortests/vectorarray.py" line="866" name="test_rmul[0-&lt;lambda&gt;12]" time="0.003187417984008789"></testcase><testcase classname="src.pymortests.vectorarray" file="src/pymortests/vectorarray.py" line="866" name="test_rmul[0-&lt;lambda&gt;13]" time="0.0026361942291259766"></testcase><testcase classname="src.pymortests.vectorarray" file="src/pymortests/vectorarray.py" line="866" name="test_rmul[0-&lt;lambda&gt;14]" time="0.0033349990844726562"></testcase><testcase classname="src.pymortests.vectorarray" file="src/pymortests/vectorarray.py" line="866" name="test_rmul[0-&lt;lambda&gt;15]" time="0.004232168197631836"></testcase><testcase classname="src.pymortests.vectorarray" file="src/pymortests/vectorarray.py" line="866" name="test_rmul[0-&lt;lambda&gt;16]" time="0.003901958465576172"></testcase><testcase classname="src.pymortests.vectorarray" file="src/pymortests/vectorarray.py" line="866" name="test_rmul[0-&lt;lambda&gt;17]" time="0.0022678375244140625"></testcase><testcase classname="src.pymortests.vectorarray" file="src/pymortests/vectorarray.py" line="866" name="test_rmul[0-&lt;lambda&gt;18]" time="0.00215911865234375"></testcase><testcase classname="src.pymortests.vectorarray" file="src/pymortests/vectorarray.py" line="866" name="test_rmul[0-&lt;lambda&gt;19]" time="0.004415035247802734"></testcase><testcase classname="src.pymortests.vectorarray" file="src/pymortests/vectorarray.py" line="866" name="test_rmul[0-&lt;lambda&gt;20]" time="0.03441786766052246"></testcase><testcase classname="src.pymortests.vectorarray" file="src/pymortests/vectorarray.py" line="866" name="test_rmul[0-&lt;lambda&gt;21]" time="0.08300137519836426"></testcase><testcase classname="src.pymortests.vectorarray" file="src/pymortests/vectorarray.py" line="866" name="test_rmul[0-&lt;lambda&gt;22]" time="0.0025331974029541016"></testcase><testcase classname="src.pymortests.vectorarray" file="src/pymortests/vectorarray.py" line="866" name="test_rmul[0-&lt;lambda&gt;23]" time="0.0017871856689453125"></testcase><testcase classname="src.pymortests.vectorarray" file="src/pymortests/vectorarray.py" line="866" name="test_rmul[0-&lt;lambda&gt;24]" time="0.014592885971069336"></testcase><testcase classname="src.pymortests.vectorarray" file="src/pymortests/vectorarray.py" line="866" name="test_rmul[0-&lt;lambda&gt;25]" time="0.47595763206481934"></testcase><testcase classname="src.pymortests.vectorarray" file="src/pymortests/vectorarray.py" line="866" name="test_rmul[0-&lt;lambda&gt;26]" time="1.1528658866882324"></testcase><testcase classname="src.pymortests.vectorarray" file="src/pymortests/vectorarray.py" line="866" name="test_rmul[1-&lt;lambda&gt;0]" time="0.0030198097229003906"></testcase><testcase classname="src.pymortests.vectorarray" file="src/pymortests/vectorarray.py" line="866" name="test_rmul[1-&lt;lambda&gt;1]" time="0.0019936561584472656"></testcase><testcase classname="src.pymortests.vectorarray" file="src/pymortests/vectorarray.py" line="866" name="test_rmul[1-&lt;lambda&gt;2]" time="0.002040863037109375"></testcase><testcase classname="src.pymortests.vectorarray" file="src/pymortests/vectorarray.py" line="866" name="test_rmul[1-&lt;lambda&gt;3]" time="0.0021626949310302734"></testcase><testcase classname="src.pymortests.vectorarray" file="src/pymortests/vectorarray.py" line="866" name="test_rmul[1-&lt;lambda&gt;4]" time="0.001901865005493164"></testcase><testcase classname="src.pymortests.vectorarray" file="src/pymortests/vectorarray.py" line="866" name="test_rmul[1-&lt;lambda&gt;5]" time="0.0016624927520751953"></testcase><testcase classname="src.pymortests.vectorarray" file="src/pymortests/vectorarray.py" line="866" name="test_rmul[1-&lt;lambda&gt;6]" time="0.0016260147094726562"></testcase><testcase classname="src.pymortests.vectorarray" file="src/pymortests/vectorarray.py" line="866" name="test_rmul[1-&lt;lambda&gt;7]" time="0.002197265625"></testcase><testcase classname="src.pymortests.vectorarray" file="src/pymortests/vectorarray.py" line="866" name="test_rmul[1-&lt;lambda&gt;8]" time="0.01502847671508789"></testcase><testcase classname="src.pymortests.vectorarray" file="src/pymortests/vectorarray.py" line="866" name="test_rmul[1-&lt;lambda&gt;9]" time="0.030599117279052734"></testcase><testcase classname="src.pymortests.vectorarray" file="src/pymortests/vectorarray.py" line="866" name="test_rmul[1-&lt;lambda&gt;10]" time="0.0041730403900146484"></testcase><testcase classname="src.pymortests.vectorarray" file="src/pymortests/vectorarray.py" line="866" name="test_rmul[1-&lt;lambda&gt;11]" time="0.0034821033477783203"></testcase><testcase classname="src.pymortests.vectorarray" file="src/pymortests/vectorarray.py" line="866" name="test_rmul[1-&lt;lambda&gt;12]" time="0.003518819808959961"></testcase><testcase classname="src.pymortests.vectorarray" file="src/pymortests/vectorarray.py" line="866" name="test_rmul[1-&lt;lambda&gt;13]" time="0.002691984176635742"></testcase><testcase classname="src.pymortests.vectorarray" file="src/pymortests/vectorarray.py" line="866" name="test_rmul[1-&lt;lambda&gt;14]" time="0.0032896995544433594"></testcase><testcase classname="src.pymortests.vectorarray" file="src/pymortests/vectorarray.py" line="866" name="test_rmul[1-&lt;lambda&gt;15]" time="0.0042722225189208984"></testcase><testcase classname="src.pymortests.vectorarray" file="src/pymortests/vectorarray.py" line="866" name="test_rmul[1-&lt;lambda&gt;16]" time="0.003939390182495117"></testcase><testcase classname="src.pymortests.vectorarray" file="src/pymortests/vectorarray.py" line="866" name="test_rmul[1-&lt;lambda&gt;17]" time="0.0026493072509765625"></testcase><testcase classname="src.pymortests.vectorarray" file="src/pymortests/vectorarray.py" line="866" name="test_rmul[1-&lt;lambda&gt;18]" time="0.0021622180938720703"></testcase><testcase classname="src.pymortests.vectorarray" file="src/pymortests/vectorarray.py" line="866" name="test_rmul[1-&lt;lambda&gt;19]" time="0.004364728927612305"></testcase><testcase classname="src.pymortests.vectorarray" file="src/pymortests/vectorarray.py" line="866" name="test_rmul[1-&lt;lambda&gt;20]" time="0.03415656089782715"></testcase><testcase classname="src.pymortests.vectorarray" file="src/pymortests/vectorarray.py" line="866" name="test_rmul[1-&lt;lambda&gt;21]" time="0.07908201217651367"></testcase><testcase classname="src.pymortests.vectorarray" file="src/pymortests/vectorarray.py" line="866" name="test_rmul[1-&lt;lambda&gt;22]" time="0.0023910999298095703"></testcase><testcase classname="src.pymortests.vectorarray" file="src/pymortests/vectorarray.py" line="866" name="test_rmul[1-&lt;lambda&gt;23]" time="0.0017290115356445312"></testcase><testcase classname="src.pymortests.vectorarray" file="src/pymortests/vectorarray.py" line="866" name="test_rmul[1-&lt;lambda&gt;24]" time="0.015618324279785156"></testcase><testcase classname="src.pymortests.vectorarray" file="src/pymortests/vectorarray.py" line="866" name="test_rmul[1-&lt;lambda&gt;25]" time="0.48932337760925293"></testcase><testcase classname="src.pymortests.vectorarray" file="src/pymortests/vectorarray.py" line="866" name="test_rmul[1-&lt;lambda&gt;26]" time="1.123990535736084"></testcase><testcase classname="src.pymortests.vectorarray" file="src/pymortests/vectorarray.py" line="866" name="test_rmul[2-&lt;lambda&gt;0]" time="0.002984285354614258"></testcase><testcase classname="src.pymortests.vectorarray" file="src/pymortests/vectorarray.py" line="866" name="test_rmul[2-&lt;lambda&gt;1]" time="0.002020120620727539"></testcase><testcase classname="src.pymortests.vectorarray" file="src/pymortests/vectorarray.py" line="866" name="test_rmul[2-&lt;lambda&gt;2]" time="0.002061128616333008"></testcase><testcase classname="src.pymortests.vectorarray" file="src/pymortests/vectorarray.py" line="866" name="test_rmul[2-&lt;lambda&gt;3]" time="0.0021173954010009766"></testcase><testcase classname="src.pymortests.vectorarray" file="src/pymortests/vectorarray.py" line="866" name="test_rmul[2-&lt;lambda&gt;4]" time="0.001920461654663086"></testcase><testcase classname="src.pymortests.vectorarray" file="src/pymortests/vectorarray.py" line="866" name="test_rmul[2-&lt;lambda&gt;5]" time="0.001645803451538086"></testcase><testcase classname="src.pymortests.vectorarray" file="src/pymortests/vectorarray.py" line="866" name="test_rmul[2-&lt;lambda&gt;6]" time="0.0016248226165771484"></testcase><testcase classname="src.pymortests.vectorarray" file="src/pymortests/vectorarray.py" line="866" name="test_rmul[2-&lt;lambda&gt;7]" time="0.0022275447845458984"></testcase><testcase classname="src.pymortests.vectorarray" file="src/pymortests/vectorarray.py" line="866" name="test_rmul[2-&lt;lambda&gt;8]" time="0.015109539031982422"></testcase><testcase classname="src.pymortests.vectorarray" file="src/pymortests/vectorarray.py" line="866" name="test_rmul[2-&lt;lambda&gt;9]" time="0.030922889709472656"></testcase><testcase classname="src.pymortests.vectorarray" file="src/pymortests/vectorarray.py" line="866" name="test_rmul[2-&lt;lambda&gt;10]" time="0.0040857791900634766"></testcase><testcase classname="src.pymortests.vectorarray" file="src/pymortests/vectorarray.py" line="866" name="test_rmul[2-&lt;lambda&gt;11]" time="0.003451824188232422"></testcase><testcase classname="src.pymortests.vectorarray" file="src/pymortests/vectorarray.py" line="866" name="test_rmul[2-&lt;lambda&gt;12]" time="0.003215312957763672"></testcase><testcase classname="src.pymortests.vectorarray" file="src/pymortests/vectorarray.py" line="866" name="test_rmul[2-&lt;lambda&gt;13]" time="0.002603292465209961"></testcase><testcase classname="src.pymortests.vectorarray" file="src/pymortests/vectorarray.py" line="866" name="test_rmul[2-&lt;lambda&gt;14]" time="0.003272533416748047"></testcase><testcase classname="src.pymortests.vectorarray" file="src/pymortests/vectorarray.py" line="866" name="test_rmul[2-&lt;lambda&gt;15]" time="0.004131317138671875"></testcase><testcase classname="src.pymortests.vectorarray" file="src/pymortests/vectorarray.py" line="866" name="test_rmul[2-&lt;lambda&gt;16]" time="0.0037870407104492188"></testcase><testcase classname="src.pymortests.vectorarray" file="src/pymortests/vectorarray.py" line="866" name="test_rmul[2-&lt;lambda&gt;17]" time="0.002286195755004883"></testcase><testcase classname="src.pymortests.vectorarray" file="src/pymortests/vectorarray.py" line="866" name="test_rmul[2-&lt;lambda&gt;18]" time="0.002067089080810547"></testcase><testcase classname="src.pymortests.vectorarray" file="src/pymortests/vectorarray.py" line="866" name="test_rmul[2-&lt;lambda&gt;19]" time="0.004248380661010742"></testcase><testcase classname="src.pymortests.vectorarray" file="src/pymortests/vectorarray.py" line="866" name="test_rmul[2-&lt;lambda&gt;20]" time="0.03365659713745117"></testcase><testcase classname="src.pymortests.vectorarray" file="src/pymortests/vectorarray.py" line="866" name="test_rmul[2-&lt;lambda&gt;21]" time="0.07879376411437988"></testcase><testcase classname="src.pymortests.vectorarray" file="src/pymortests/vectorarray.py" line="866" name="test_rmul[2-&lt;lambda&gt;22]" time="0.0024309158325195312"></testcase><testcase classname="src.pymortests.vectorarray" file="src/pymortests/vectorarray.py" line="866" name="test_rmul[2-&lt;lambda&gt;23]" time="0.001734018325805664"></testcase><testcase classname="src.pymortests.vectorarray" file="src/pymortests/vectorarray.py" line="866" name="test_rmul[2-&lt;lambda&gt;24]" time="0.014447689056396484"></testcase><testcase classname="src.pymortests.vectorarray" file="src/pymortests/vectorarray.py" line="866" name="test_rmul[2-&lt;lambda&gt;25]" time="0.47655653953552246"></testcase><testcase classname="src.pymortests.vectorarray" file="src/pymortests/vectorarray.py" line="866" name="test_rmul[2-&lt;lambda&gt;26]" time="1.12127685546875"></testcase><testcase classname="src.pymortests.vectorarray" file="src/pymortests/vectorarray.py" line="876" name="test_imul[0-&lt;lambda&gt;0]" time="0.002563953399658203"></testcase><testcase classname="src.pymortests.vectorarray" file="src/pymortests/vectorarray.py" line="876" name="test_imul[0-&lt;lambda&gt;1]" time="0.0017380714416503906"></testcase><testcase classname="src.pymortests.vectorarray" file="src/pymortests/vectorarray.py" line="876" name="test_imul[0-&lt;lambda&gt;2]" time="0.0016469955444335938"></testcase><testcase classname="src.pymortests.vectorarray" file="src/pymortests/vectorarray.py" line="876" name="test_imul[0-&lt;lambda&gt;3]" time="0.0017361640930175781"></testcase><testcase classname="src.pymortests.vectorarray" file="src/pymortests/vectorarray.py" line="876" name="test_imul[0-&lt;lambda&gt;4]" time="0.0016319751739501953"></testcase><testcase classname="src.pymortests.vectorarray" file="src/pymortests/vectorarray.py" line="876" name="test_imul[0-&lt;lambda&gt;5]" time="0.0014095306396484375"></testcase><testcase classname="src.pymortests.vectorarray" file="src/pymortests/vectorarray.py" line="876" name="test_imul[0-&lt;lambda&gt;6]" time="0.0014219284057617188"></testcase><testcase classname="src.pymortests.vectorarray" file="src/pymortests/vectorarray.py" line="876" name="test_imul[0-&lt;lambda&gt;7]" time="0.0017559528350830078"></testcase><testcase classname="src.pymortests.vectorarray" file="src/pymortests/vectorarray.py" line="876" name="test_imul[0-&lt;lambda&gt;8]" time="0.009901285171508789"></testcase><testcase classname="src.pymortests.vectorarray" file="src/pymortests/vectorarray.py" line="876" name="test_imul[0-&lt;lambda&gt;9]" time="0.019892454147338867"></testcase><testcase classname="src.pymortests.vectorarray" file="src/pymortests/vectorarray.py" line="876" name="test_imul[0-&lt;lambda&gt;10]" time="0.0034105777740478516"></testcase><testcase classname="src.pymortests.vectorarray" file="src/pymortests/vectorarray.py" line="876" name="test_imul[0-&lt;lambda&gt;11]" time="0.0026826858520507812"></testcase><testcase classname="src.pymortests.vectorarray" file="src/pymortests/vectorarray.py" line="876" name="test_imul[0-&lt;lambda&gt;12]" time="0.002469778060913086"></testcase><testcase classname="src.pymortests.vectorarray" file="src/pymortests/vectorarray.py" line="876" name="test_imul[0-&lt;lambda&gt;13]" time="0.0021648406982421875"></testcase><testcase classname="src.pymortests.vectorarray" file="src/pymortests/vectorarray.py" line="876" name="test_imul[0-&lt;lambda&gt;14]" time="0.0025033950805664062"></testcase><testcase classname="src.pymortests.vectorarray" file="src/pymortests/vectorarray.py" line="876" name="test_imul[0-&lt;lambda&gt;15]" time="0.00302886962890625"></testcase><testcase classname="src.pymortests.vectorarray" file="src/pymortests/vectorarray.py" line="876" name="test_imul[0-&lt;lambda&gt;16]" time="0.0029222965240478516"></testcase><testcase classname="src.pymortests.vectorarray" file="src/pymortests/vectorarray.py" line="876" name="test_imul[0-&lt;lambda&gt;17]" time="0.001970529556274414"></testcase><testcase classname="src.pymortests.vectorarray" file="src/pymortests/vectorarray.py" line="876" name="test_imul[0-&lt;lambda&gt;18]" time="0.0018489360809326172"></testcase><testcase classname="src.pymortests.vectorarray" file="src/pymortests/vectorarray.py" line="876" name="test_imul[0-&lt;lambda&gt;19]" time="0.0038518905639648438"></testcase><testcase classname="src.pymortests.vectorarray" file="src/pymortests/vectorarray.py" line="876" name="test_imul[0-&lt;lambda&gt;20]" time="0.028095006942749023"></testcase><testcase classname="src.pymortests.vectorarray" file="src/pymortests/vectorarray.py" line="876" name="test_imul[0-&lt;lambda&gt;21]" time="0.0639498233795166"></testcase><testcase classname="src.pymortests.vectorarray" file="src/pymortests/vectorarray.py" line="876" name="test_imul[0-&lt;lambda&gt;22]" time="0.0021979808807373047"></testcase><testcase classname="src.pymortests.vectorarray" file="src/pymortests/vectorarray.py" line="876" name="test_imul[0-&lt;lambda&gt;23]" time="0.0015363693237304688"></testcase><testcase classname="src.pymortests.vectorarray" file="src/pymortests/vectorarray.py" line="876" name="test_imul[0-&lt;lambda&gt;24]" time="0.011584997177124023"></testcase><testcase classname="src.pymortests.vectorarray" file="src/pymortests/vectorarray.py" line="876" name="test_imul[0-&lt;lambda&gt;25]" time="0.36165690422058105"></testcase><testcase classname="src.pymortests.vectorarray" file="src/pymortests/vectorarray.py" line="876" name="test_imul[0-&lt;lambda&gt;26]" time="0.8562471866607666"></testcase><testcase classname="src.pymortests.vectorarray" file="src/pymortests/vectorarray.py" line="876" name="test_imul[1-&lt;lambda&gt;0]" time="0.002595663070678711"></testcase><testcase classname="src.pymortests.vectorarray" file="src/pymortests/vectorarray.py" line="876" name="test_imul[1-&lt;lambda&gt;1]" time="0.0018239021301269531"></testcase><testcase classname="src.pymortests.vectorarray" file="src/pymortests/vectorarray.py" line="876" name="test_imul[1-&lt;lambda&gt;2]" time="0.001798868179321289"></testcase><testcase classname="src.pymortests.vectorarray" file="src/pymortests/vectorarray.py" line="876" name="test_imul[1-&lt;lambda&gt;3]" time="0.0018677711486816406"></testcase><testcase classname="src.pymortests.vectorarray" file="src/pymortests/vectorarray.py" line="876" name="test_imul[1-&lt;lambda&gt;4]" time="0.0017442703247070312"></testcase><testcase classname="src.pymortests.vectorarray" file="src/pymortests/vectorarray.py" line="876" name="test_imul[1-&lt;lambda&gt;5]" time="0.0015337467193603516"></testcase><testcase classname="src.pymortests.vectorarray" file="src/pymortests/vectorarray.py" line="876" name="test_imul[1-&lt;lambda&gt;6]" time="0.0020067691802978516"></testcase><testcase classname="src.pymortests.vectorarray" file="src/pymortests/vectorarray.py" line="876" name="test_imul[1-&lt;lambda&gt;7]" time="0.002001523971557617"></testcase><testcase classname="src.pymortests.vectorarray" file="src/pymortests/vectorarray.py" line="876" name="test_imul[1-&lt;lambda&gt;8]" time="0.010458946228027344"></testcase><testcase classname="src.pymortests.vectorarray" file="src/pymortests/vectorarray.py" line="876" name="test_imul[1-&lt;lambda&gt;9]" time="0.020740985870361328"></testcase><testcase classname="src.pymortests.vectorarray" file="src/pymortests/vectorarray.py" line="876" name="test_imul[1-&lt;lambda&gt;10]" time="0.0034089088439941406"></testcase><testcase classname="src.pymortests.vectorarray" file="src/pymortests/vectorarray.py" line="876" name="test_imul[1-&lt;lambda&gt;11]" time="0.002694368362426758"></testcase><testcase classname="src.pymortests.vectorarray" file="src/pymortests/vectorarray.py" line="876" name="test_imul[1-&lt;lambda&gt;12]" time="0.002553701400756836"></testcase><testcase classname="src.pymortests.vectorarray" file="src/pymortests/vectorarray.py" line="876" name="test_imul[1-&lt;lambda&gt;13]" time="0.0022017955780029297"></testcase><testcase classname="src.pymortests.vectorarray" file="src/pymortests/vectorarray.py" line="876" name="test_imul[1-&lt;lambda&gt;14]" time="0.0028867721557617188"></testcase><testcase classname="src.pymortests.vectorarray" file="src/pymortests/vectorarray.py" line="876" name="test_imul[1-&lt;lambda&gt;15]" time="0.003451108932495117"></testcase><testcase classname="src.pymortests.vectorarray" file="src/pymortests/vectorarray.py" line="876" name="test_imul[1-&lt;lambda&gt;16]" time="0.0033135414123535156"></testcase><testcase classname="src.pymortests.vectorarray" file="src/pymortests/vectorarray.py" line="876" name="test_imul[1-&lt;lambda&gt;17]" time="0.0020453929901123047"></testcase><testcase classname="src.pymortests.vectorarray" file="src/pymortests/vectorarray.py" line="876" name="test_imul[1-&lt;lambda&gt;18]" time="0.002070188522338867"></testcase><testcase classname="src.pymortests.vectorarray" file="src/pymortests/vectorarray.py" line="876" name="test_imul[1-&lt;lambda&gt;19]" time="0.004342317581176758"></testcase><testcase classname="src.pymortests.vectorarray" file="src/pymortests/vectorarray.py" line="876" name="test_imul[1-&lt;lambda&gt;20]" time="0.029848337173461914"></testcase><testcase classname="src.pymortests.vectorarray" file="src/pymortests/vectorarray.py" line="876" name="test_imul[1-&lt;lambda&gt;21]" time="0.06446313858032227"></testcase><testcase classname="src.pymortests.vectorarray" file="src/pymortests/vectorarray.py" line="876" name="test_imul[1-&lt;lambda&gt;22]" time="0.002176523208618164"></testcase><testcase classname="src.pymortests.vectorarray" file="src/pymortests/vectorarray.py" line="876" name="test_imul[1-&lt;lambda&gt;23]" time="0.0015571117401123047"></testcase><testcase classname="src.pymortests.vectorarray" file="src/pymortests/vectorarray.py" line="876" name="test_imul[1-&lt;lambda&gt;24]" time="0.011599540710449219"></testcase><testcase classname="src.pymortests.vectorarray" file="src/pymortests/vectorarray.py" line="876" name="test_imul[1-&lt;lambda&gt;25]" time="0.3597869873046875"></testcase><testcase classname="src.pymortests.vectorarray" file="src/pymortests/vectorarray.py" line="876" name="test_imul[1-&lt;lambda&gt;26]" time="0.8753142356872559"></testcase><testcase classname="src.pymortests.vectorarray" file="src/pymortests/vectorarray.py" line="876" name="test_imul[2-&lt;lambda&gt;0]" time="0.0026082992553710938"></testcase><testcase classname="src.pymortests.vectorarray" file="src/pymortests/vectorarray.py" line="876" name="test_imul[2-&lt;lambda&gt;1]" time="0.00180816650390625"></testcase><testcase classname="src.pymortests.vectorarray" file="src/pymortests/vectorarray.py" line="876" name="test_imul[2-&lt;lambda&gt;2]" time="0.001811981201171875"></testcase><testcase classname="src.pymortests.vectorarray" file="src/pymortests/vectorarray.py" line="876" name="test_imul[2-&lt;lambda&gt;3]" time="0.001821756362915039"></testcase><testcase classname="src.pymortests.vectorarray" file="src/pymortests/vectorarray.py" line="876" name="test_imul[2-&lt;lambda&gt;4]" time="0.0016827583312988281"></testcase><testcase classname="src.pymortests.vectorarray" file="src/pymortests/vectorarray.py" line="876" name="test_imul[2-&lt;lambda&gt;5]" time="0.00153350830078125"></testcase><testcase classname="src.pymortests.vectorarray" file="src/pymortests/vectorarray.py" line="876" name="test_imul[2-&lt;lambda&gt;6]" time="0.001558542251586914"></testcase><testcase classname="src.pymortests.vectorarray" file="src/pymortests/vectorarray.py" line="876" name="test_imul[2-&lt;lambda&gt;7]" time="0.0018520355224609375"></testcase><testcase classname="src.pymortests.vectorarray" file="src/pymortests/vectorarray.py" line="876" name="test_imul[2-&lt;lambda&gt;8]" time="0.010549783706665039"></testcase><testcase classname="src.pymortests.vectorarray" file="src/pymortests/vectorarray.py" line="876" name="test_imul[2-&lt;lambda&gt;9]" time="0.021619558334350586"></testcase><testcase classname="src.pymortests.vectorarray" file="src/pymortests/vectorarray.py" line="876" name="test_imul[2-&lt;lambda&gt;10]" time="0.0034999847412109375"></testcase><testcase classname="src.pymortests.vectorarray" file="src/pymortests/vectorarray.py" line="876" name="test_imul[2-&lt;lambda&gt;11]" time="0.0030226707458496094"></testcase><testcase classname="src.pymortests.vectorarray" file="src/pymortests/vectorarray.py" line="876" name="test_imul[2-&lt;lambda&gt;12]" time="0.0025904178619384766"></testcase><testcase classname="src.pymortests.vectorarray" file="src/pymortests/vectorarray.py" line="876" name="test_imul[2-&lt;lambda&gt;13]" time="0.002239227294921875"></testcase><testcase classname="src.pymortests.vectorarray" file="src/pymortests/vectorarray.py" line="876" name="test_imul[2-&lt;lambda&gt;14]" time="0.0026285648345947266"></testcase><testcase classname="src.pymortests.vectorarray" file="src/pymortests/vectorarray.py" line="876" name="test_imul[2-&lt;lambda&gt;15]" time="0.0031473636627197266"></testcase><testcase classname="src.pymortests.vectorarray" file="src/pymortests/vectorarray.py" line="876" name="test_imul[2-&lt;lambda&gt;16]" time="0.0030107498168945312"></testcase><testcase classname="src.pymortests.vectorarray" file="src/pymortests/vectorarray.py" line="876" name="test_imul[2-&lt;lambda&gt;17]" time="0.002074718475341797"></testcase><testcase classname="src.pymortests.vectorarray" file="src/pymortests/vectorarray.py" line="876" name="test_imul[2-&lt;lambda&gt;18]" time="0.0019593238830566406"></testcase><testcase classname="src.pymortests.vectorarray" file="src/pymortests/vectorarray.py" line="876" name="test_imul[2-&lt;lambda&gt;19]" time="0.0038847923278808594"></testcase><testcase classname="src.pymortests.vectorarray" file="src/pymortests/vectorarray.py" line="876" name="test_imul[2-&lt;lambda&gt;20]" time="0.027649879455566406"></testcase><testcase classname="src.pymortests.vectorarray" file="src/pymortests/vectorarray.py" line="876" name="test_imul[2-&lt;lambda&gt;21]" time="0.06804037094116211"></testcase><testcase classname="src.pymortests.vectorarray" file="src/pymortests/vectorarray.py" line="876" name="test_imul[2-&lt;lambda&gt;22]" time="0.0022046566009521484"></testcase><testcase classname="src.pymortests.vectorarray" file="src/pymortests/vectorarray.py" line="876" name="test_imul[2-&lt;lambda&gt;23]" time="0.0015723705291748047"></testcase><testcase classname="src.pymortests.vectorarray" file="src/pymortests/vectorarray.py" line="876" name="test_imul[2-&lt;lambda&gt;24]" time="0.011799335479736328"></testcase><testcase classname="src.pymortests.vectorarray" file="src/pymortests/vectorarray.py" line="876" name="test_imul[2-&lt;lambda&gt;25]" time="0.36635541915893555"></testcase><testcase classname="src.pymortests.vectorarray" file="src/pymortests/vectorarray.py" line="876" name="test_imul[2-&lt;lambda&gt;26]" time="0.857774019241333"></testcase><testcase classname="src.pymortests.vectorarray" file="src/pymortests/vectorarray.py" line="886" name="test_imul_wrong_factor[0-&lt;lambda&gt;0]" time="0.0018532276153564453"></testcase><testcase classname="src.pymortests.vectorarray" file="src/pymortests/vectorarray.py" line="886" name="test_imul_wrong_factor[0-&lt;lambda&gt;1]" time="0.0013175010681152344"></testcase><testcase classname="src.pymortests.vectorarray" file="src/pymortests/vectorarray.py" line="886" name="test_imul_wrong_factor[0-&lt;lambda&gt;2]" time="0.0011281967163085938"></testcase><testcase classname="src.pymortests.vectorarray" file="src/pymortests/vectorarray.py" line="886" name="test_imul_wrong_factor[0-&lt;lambda&gt;3]" time="0.0012712478637695312"></testcase><testcase classname="src.pymortests.vectorarray" file="src/pymortests/vectorarray.py" line="886" name="test_imul_wrong_factor[0-&lt;lambda&gt;4]" time="0.0011076927185058594"></testcase><testcase classname="src.pymortests.vectorarray" file="src/pymortests/vectorarray.py" line="886" name="test_imul_wrong_factor[0-&lt;lambda&gt;5]" time="0.0012009143829345703"></testcase><testcase classname="src.pymortests.vectorarray" file="src/pymortests/vectorarray.py" line="886" name="test_imul_wrong_factor[0-&lt;lambda&gt;6]" time="0.0011188983917236328"></testcase><testcase classname="src.pymortests.vectorarray" file="src/pymortests/vectorarray.py" line="886" name="test_imul_wrong_factor[0-&lt;lambda&gt;7]" time="0.0011372566223144531"></testcase><testcase classname="src.pymortests.vectorarray" file="src/pymortests/vectorarray.py" line="886" name="test_imul_wrong_factor[0-&lt;lambda&gt;8]" time="0.0012464523315429688"></testcase><testcase classname="src.pymortests.vectorarray" file="src/pymortests/vectorarray.py" line="886" name="test_imul_wrong_factor[0-&lt;lambda&gt;9]" time="0.001416921615600586"></testcase><testcase classname="src.pymortests.vectorarray" file="src/pymortests/vectorarray.py" line="886" name="test_imul_wrong_factor[0-&lt;lambda&gt;10]" time="0.0013163089752197266"></testcase><testcase classname="src.pymortests.vectorarray" file="src/pymortests/vectorarray.py" line="886" name="test_imul_wrong_factor[0-&lt;lambda&gt;11]" time="0.001195669174194336"></testcase><testcase classname="src.pymortests.vectorarray" file="src/pymortests/vectorarray.py" line="886" name="test_imul_wrong_factor[0-&lt;lambda&gt;12]" time="0.0012142658233642578"></testcase><testcase classname="src.pymortests.vectorarray" file="src/pymortests/vectorarray.py" line="886" name="test_imul_wrong_factor[0-&lt;lambda&gt;13]" time="0.0011773109436035156"></testcase><testcase classname="src.pymortests.vectorarray" file="src/pymortests/vectorarray.py" line="886" name="test_imul_wrong_factor[0-&lt;lambda&gt;14]" time="0.0012400150299072266"></testcase><testcase classname="src.pymortests.vectorarray" file="src/pymortests/vectorarray.py" line="886" name="test_imul_wrong_factor[0-&lt;lambda&gt;15]" time="0.0012426376342773438"></testcase><testcase classname="src.pymortests.vectorarray" file="src/pymortests/vectorarray.py" line="886" name="test_imul_wrong_factor[0-&lt;lambda&gt;16]" time="0.0012309551239013672"></testcase><testcase classname="src.pymortests.vectorarray" file="src/pymortests/vectorarray.py" line="886" name="test_imul_wrong_factor[0-&lt;lambda&gt;17]" time="0.001569986343383789"></testcase><testcase classname="src.pymortests.vectorarray" file="src/pymortests/vectorarray.py" line="886" name="test_imul_wrong_factor[0-&lt;lambda&gt;18]" time="0.0015857219696044922"></testcase><testcase classname="src.pymortests.vectorarray" file="src/pymortests/vectorarray.py" line="886" name="test_imul_wrong_factor[0-&lt;lambda&gt;19]" time="0.0024204254150390625"></testcase><testcase classname="src.pymortests.vectorarray" file="src/pymortests/vectorarray.py" line="886" name="test_imul_wrong_factor[0-&lt;lambda&gt;20]" time="0.008714437484741211"></testcase><testcase classname="src.pymortests.vectorarray" file="src/pymortests/vectorarray.py" line="886" name="test_imul_wrong_factor[0-&lt;lambda&gt;21]" time="0.0179901123046875"></testcase><testcase classname="src.pymortests.vectorarray" file="src/pymortests/vectorarray.py" line="886" name="test_imul_wrong_factor[0-&lt;lambda&gt;22]" time="0.0016660690307617188"></testcase><testcase classname="src.pymortests.vectorarray" file="src/pymortests/vectorarray.py" line="886" name="test_imul_wrong_factor[0-&lt;lambda&gt;23]" time="0.0011057853698730469"></testcase><testcase classname="src.pymortests.vectorarray" file="src/pymortests/vectorarray.py" line="886" name="test_imul_wrong_factor[0-&lt;lambda&gt;24]" time="0.0021886825561523438"></testcase><testcase classname="src.pymortests.vectorarray" file="src/pymortests/vectorarray.py" line="886" name="test_imul_wrong_factor[0-&lt;lambda&gt;25]" time="0.024149656295776367"></testcase><testcase classname="src.pymortests.vectorarray" file="src/pymortests/vectorarray.py" line="886" name="test_imul_wrong_factor[0-&lt;lambda&gt;26]" time="0.053459882736206055"></testcase><testcase classname="src.pymortests.vectorarray" file="src/pymortests/vectorarray.py" line="886" name="test_imul_wrong_factor[1-&lt;lambda&gt;0]" time="0.001924753189086914"></testcase><testcase classname="src.pymortests.vectorarray" file="src/pymortests/vectorarray.py" line="886" name="test_imul_wrong_factor[1-&lt;lambda&gt;1]" time="0.0013675689697265625"></testcase><testcase classname="src.pymortests.vectorarray" file="src/pymortests/vectorarray.py" line="886" name="test_imul_wrong_factor[1-&lt;lambda&gt;2]" time="0.0013403892517089844"></testcase><testcase classname="src.pymortests.vectorarray" file="src/pymortests/vectorarray.py" line="886" name="test_imul_wrong_factor[1-&lt;lambda&gt;3]" time="0.0013432502746582031"></testcase><testcase classname="src.pymortests.vectorarray" file="src/pymortests/vectorarray.py" line="886" name="test_imul_wrong_factor[1-&lt;lambda&gt;4]" time="0.0013058185577392578"></testcase><testcase classname="src.pymortests.vectorarray" file="src/pymortests/vectorarray.py" line="886" name="test_imul_wrong_factor[1-&lt;lambda&gt;5]" time="0.0013346672058105469"></testcase><testcase classname="src.pymortests.vectorarray" file="src/pymortests/vectorarray.py" line="886" name="test_imul_wrong_factor[1-&lt;lambda&gt;6]" time="0.0013189315795898438"></testcase><testcase classname="src.pymortests.vectorarray" file="src/pymortests/vectorarray.py" line="886" name="test_imul_wrong_factor[1-&lt;lambda&gt;7]" time="0.0013272762298583984"></testcase><testcase classname="src.pymortests.vectorarray" file="src/pymortests/vectorarray.py" line="886" name="test_imul_wrong_factor[1-&lt;lambda&gt;8]" time="0.0015916824340820312"></testcase><testcase classname="src.pymortests.vectorarray" file="src/pymortests/vectorarray.py" line="886" name="test_imul_wrong_factor[1-&lt;lambda&gt;9]" time="0.0020682811737060547"></testcase><testcase classname="src.pymortests.vectorarray" file="src/pymortests/vectorarray.py" line="886" name="test_imul_wrong_factor[1-&lt;lambda&gt;10]" time="0.0014467239379882812"></testcase><testcase classname="src.pymortests.vectorarray" file="src/pymortests/vectorarray.py" line="886" name="test_imul_wrong_factor[1-&lt;lambda&gt;11]" time="0.0015130043029785156"></testcase><testcase classname="src.pymortests.vectorarray" file="src/pymortests/vectorarray.py" line="886" name="test_imul_wrong_factor[1-&lt;lambda&gt;12]" time="0.0015292167663574219"></testcase><testcase classname="src.pymortests.vectorarray" file="src/pymortests/vectorarray.py" line="886" name="test_imul_wrong_factor[1-&lt;lambda&gt;13]" time="0.0014214515686035156"></testcase><testcase classname="src.pymortests.vectorarray" file="src/pymortests/vectorarray.py" line="886" name="test_imul_wrong_factor[1-&lt;lambda&gt;14]" time="0.0014297962188720703"></testcase><testcase classname="src.pymortests.vectorarray" file="src/pymortests/vectorarray.py" line="886" name="test_imul_wrong_factor[1-&lt;lambda&gt;15]" time="0.0015358924865722656"></testcase><testcase classname="src.pymortests.vectorarray" file="src/pymortests/vectorarray.py" line="886" name="test_imul_wrong_factor[1-&lt;lambda&gt;16]" time="0.0015189647674560547"></testcase><testcase classname="src.pymortests.vectorarray" file="src/pymortests/vectorarray.py" line="886" name="test_imul_wrong_factor[1-&lt;lambda&gt;17]" time="0.0016040802001953125"></testcase><testcase classname="src.pymortests.vectorarray" file="src/pymortests/vectorarray.py" line="886" name="test_imul_wrong_factor[1-&lt;lambda&gt;18]" time="0.0014519691467285156"></testcase><testcase classname="src.pymortests.vectorarray" file="src/pymortests/vectorarray.py" line="886" name="test_imul_wrong_factor[1-&lt;lambda&gt;19]" time="0.002344846725463867"></testcase><testcase classname="src.pymortests.vectorarray" file="src/pymortests/vectorarray.py" line="886" name="test_imul_wrong_factor[1-&lt;lambda&gt;20]" time="0.008780479431152344"></testcase><testcase classname="src.pymortests.vectorarray" file="src/pymortests/vectorarray.py" line="886" name="test_imul_wrong_factor[1-&lt;lambda&gt;21]" time="0.018327951431274414"></testcase><testcase classname="src.pymortests.vectorarray" file="src/pymortests/vectorarray.py" line="886" name="test_imul_wrong_factor[1-&lt;lambda&gt;22]" time="0.001672983169555664"></testcase><testcase classname="src.pymortests.vectorarray" file="src/pymortests/vectorarray.py" line="886" name="test_imul_wrong_factor[1-&lt;lambda&gt;23]" time="0.0011725425720214844"></testcase><testcase classname="src.pymortests.vectorarray" file="src/pymortests/vectorarray.py" line="886" name="test_imul_wrong_factor[1-&lt;lambda&gt;24]" time="0.002177715301513672"></testcase><testcase classname="src.pymortests.vectorarray" file="src/pymortests/vectorarray.py" line="886" name="test_imul_wrong_factor[1-&lt;lambda&gt;25]" time="0.023314714431762695"></testcase><testcase classname="src.pymortests.vectorarray" file="src/pymortests/vectorarray.py" line="886" name="test_imul_wrong_factor[1-&lt;lambda&gt;26]" time="0.05361342430114746"></testcase><testcase classname="src.pymortests.vectorarray" file="src/pymortests/vectorarray.py" line="886" name="test_imul_wrong_factor[2-&lt;lambda&gt;0]" time="0.0018093585968017578"></testcase><testcase classname="src.pymortests.vectorarray" file="src/pymortests/vectorarray.py" line="886" name="test_imul_wrong_factor[2-&lt;lambda&gt;1]" time="0.0012540817260742188"></testcase><testcase classname="src.pymortests.vectorarray" file="src/pymortests/vectorarray.py" line="886" name="test_imul_wrong_factor[2-&lt;lambda&gt;2]" time="0.0012028217315673828"></testcase><testcase classname="src.pymortests.vectorarray" file="src/pymortests/vectorarray.py" line="886" name="test_imul_wrong_factor[2-&lt;lambda&gt;3]" time="0.001199483871459961"></testcase><testcase classname="src.pymortests.vectorarray" file="src/pymortests/vectorarray.py" line="886" name="test_imul_wrong_factor[2-&lt;lambda&gt;4]" time="0.0011546611785888672"></testcase><testcase classname="src.pymortests.vectorarray" file="src/pymortests/vectorarray.py" line="886" name="test_imul_wrong_factor[2-&lt;lambda&gt;5]" time="0.0012030601501464844"></testcase><testcase classname="src.pymortests.vectorarray" file="src/pymortests/vectorarray.py" line="886" name="test_imul_wrong_factor[2-&lt;lambda&gt;6]" time="0.0011048316955566406"></testcase><testcase classname="src.pymortests.vectorarray" file="src/pymortests/vectorarray.py" line="886" name="test_imul_wrong_factor[2-&lt;lambda&gt;7]" time="0.0011677742004394531"></testcase><testcase classname="src.pymortests.vectorarray" file="src/pymortests/vectorarray.py" line="886" name="test_imul_wrong_factor[2-&lt;lambda&gt;8]" time="0.001500844955444336"></testcase><testcase classname="src.pymortests.vectorarray" file="src/pymortests/vectorarray.py" line="886" name="test_imul_wrong_factor[2-&lt;lambda&gt;9]" time="0.0018529891967773438"></testcase><testcase classname="src.pymortests.vectorarray" file="src/pymortests/vectorarray.py" line="886" name="test_imul_wrong_factor[2-&lt;lambda&gt;10]" time="0.0012874603271484375"></testcase><testcase classname="src.pymortests.vectorarray" file="src/pymortests/vectorarray.py" line="886" name="test_imul_wrong_factor[2-&lt;lambda&gt;11]" time="0.0012929439544677734"></testcase><testcase classname="src.pymortests.vectorarray" file="src/pymortests/vectorarray.py" line="886" name="test_imul_wrong_factor[2-&lt;lambda&gt;12]" time="0.0012769699096679688"></testcase><testcase classname="src.pymortests.vectorarray" file="src/pymortests/vectorarray.py" line="886" name="test_imul_wrong_factor[2-&lt;lambda&gt;13]" time="0.0012216567993164062"></testcase><testcase classname="src.pymortests.vectorarray" file="src/pymortests/vectorarray.py" line="886" name="test_imul_wrong_factor[2-&lt;lambda&gt;14]" time="0.001295328140258789"></testcase><testcase classname="src.pymortests.vectorarray" file="src/pymortests/vectorarray.py" line="886" name="test_imul_wrong_factor[2-&lt;lambda&gt;15]" time="0.0013306140899658203"></testcase><testcase classname="src.pymortests.vectorarray" file="src/pymortests/vectorarray.py" line="886" name="test_imul_wrong_factor[2-&lt;lambda&gt;16]" time="0.0013148784637451172"></testcase><testcase classname="src.pymortests.vectorarray" file="src/pymortests/vectorarray.py" line="886" name="test_imul_wrong_factor[2-&lt;lambda&gt;17]" time="0.0016145706176757812"></testcase><testcase classname="src.pymortests.vectorarray" file="src/pymortests/vectorarray.py" line="886" name="test_imul_wrong_factor[2-&lt;lambda&gt;18]" time="0.001483917236328125"></testcase><testcase classname="src.pymortests.vectorarray" file="src/pymortests/vectorarray.py" line="886" name="test_imul_wrong_factor[2-&lt;lambda&gt;19]" time="0.002316713333129883"></testcase><testcase classname="src.pymortests.vectorarray" file="src/pymortests/vectorarray.py" line="886" name="test_imul_wrong_factor[2-&lt;lambda&gt;20]" time="0.008647918701171875"></testcase><testcase classname="src.pymortests.vectorarray" file="src/pymortests/vectorarray.py" line="886" name="test_imul_wrong_factor[2-&lt;lambda&gt;21]" time="0.01807546615600586"></testcase><testcase classname="src.pymortests.vectorarray" file="src/pymortests/vectorarray.py" line="886" name="test_imul_wrong_factor[2-&lt;lambda&gt;22]" time="0.0016317367553710938"></testcase><testcase classname="src.pymortests.vectorarray" file="src/pymortests/vectorarray.py" line="886" name="test_imul_wrong_factor[2-&lt;lambda&gt;23]" time="0.0011749267578125"></testcase><testcase classname="src.pymortests.vectorarray" file="src/pymortests/vectorarray.py" line="886" name="test_imul_wrong_factor[2-&lt;lambda&gt;24]" time="0.0022263526916503906"></testcase><testcase classname="src.pymortests.vectorarray" file="src/pymortests/vectorarray.py" line="886" name="test_imul_wrong_factor[2-&lt;lambda&gt;25]" time="0.02376842498779297"></testcase><testcase classname="src.pymortests.vectorarray" file="src/pymortests/vectorarray.py" line="886" name="test_imul_wrong_factor[2-&lt;lambda&gt;26]" time="0.055579423904418945"></testcase><testcase classname="src.pymortests.vectorarray" file="src/pymortests/vectorarray.py" line="895" name="test_append_incompatible[&lt;lambda&gt;0]" time="0.0016543865203857422"></testcase><testcase classname="src.pymortests.vectorarray" file="src/pymortests/vectorarray.py" line="895" name="test_append_incompatible[&lt;lambda&gt;1]" time="0.0011510848999023438"></testcase><testcase classname="src.pymortests.vectorarray" file="src/pymortests/vectorarray.py" line="895" name="test_append_incompatible[&lt;lambda&gt;2]" time="0.0010859966278076172"></testcase><testcase classname="src.pymortests.vectorarray" file="src/pymortests/vectorarray.py" line="895" name="test_append_incompatible[&lt;lambda&gt;3]" time="0.0011036396026611328"></testcase><testcase classname="src.pymortests.vectorarray" file="src/pymortests/vectorarray.py" line="895" name="test_append_incompatible[&lt;lambda&gt;4]" time="0.001062154769897461"></testcase><testcase classname="src.pymortests.vectorarray" file="src/pymortests/vectorarray.py" line="895" name="test_append_incompatible[&lt;lambda&gt;5]" time="0.0010609626770019531"></testcase><testcase classname="src.pymortests.vectorarray" file="src/pymortests/vectorarray.py" line="895" name="test_append_incompatible[&lt;lambda&gt;6]" time="0.0011017322540283203"></testcase><testcase classname="src.pymortests.vectorarray" file="src/pymortests/vectorarray.py" line="895" name="test_append_incompatible[&lt;lambda&gt;7]" time="0.0010988712310791016"></testcase><testcase classname="src.pymortests.vectorarray" file="src/pymortests/vectorarray.py" line="895" name="test_append_incompatible[&lt;lambda&gt;8]" time="0.0017573833465576172"></testcase><testcase classname="src.pymortests.vectorarray" file="src/pymortests/vectorarray.py" line="895" name="test_append_incompatible[&lt;lambda&gt;9]" time="0.002669095993041992"></testcase><testcase classname="src.pymortests.vectorarray" file="src/pymortests/vectorarray.py" line="895" name="test_append_incompatible[&lt;lambda&gt;10]" time="0.0013928413391113281"></testcase><testcase classname="src.pymortests.vectorarray" file="src/pymortests/vectorarray.py" line="895" name="test_append_incompatible[&lt;lambda&gt;11]" time="0.0013093948364257812"></testcase><testcase classname="src.pymortests.vectorarray" file="src/pymortests/vectorarray.py" line="895" name="test_append_incompatible[&lt;lambda&gt;12]" time="0.0013914108276367188"></testcase><testcase classname="src.pymortests.vectorarray" file="src/pymortests/vectorarray.py" line="895" name="test_append_incompatible[&lt;lambda&gt;13]" time="0.001447916030883789"></testcase><testcase classname="src.pymortests.vectorarray" file="src/pymortests/vectorarray.py" line="895" name="test_append_incompatible[&lt;lambda&gt;14]" time="0.0014157295227050781"></testcase><testcase classname="src.pymortests.vectorarray" file="src/pymortests/vectorarray.py" line="895" name="test_append_incompatible[&lt;lambda&gt;15]" time="0.0017037391662597656"></testcase><testcase classname="src.pymortests.vectorarray" file="src/pymortests/vectorarray.py" line="895" name="test_append_incompatible[&lt;lambda&gt;16]" time="0.0018463134765625"></testcase><testcase classname="src.pymortests.vectorarray" file="src/pymortests/vectorarray.py" line="895" name="test_append_incompatible[&lt;lambda&gt;17]" time="0.001947164535522461"></testcase><testcase classname="src.pymortests.vectorarray" file="src/pymortests/vectorarray.py" line="895" name="test_append_incompatible[&lt;lambda&gt;18]" time="0.03048419952392578"></testcase><testcase classname="src.pymortests.vectorarray" file="src/pymortests/vectorarray.py" line="895" name="test_append_incompatible[&lt;lambda&gt;19]" time="0.022034645080566406"></testcase><testcase classname="src.pymortests.vectorarray" file="src/pymortests/vectorarray.py" line="895" name="test_append_incompatible[&lt;lambda&gt;20]" time="0.0038306713104248047"><system-out> set global mesh
 set global mesh
 Update mesh topology
 Update edges 
 Update faces 
 Update clusters
</system-out></testcase><testcase classname="src.pymortests.vectorarray" file="src/pymortests/vectorarray.py" line="895" name="test_append_incompatible[&lt;lambda&gt;21]" time="0.003549814224243164"><system-out> set global mesh
 set global mesh
 Update mesh topology
 Update edges 
 Update faces 
 Update clusters
</system-out></testcase><testcase classname="src.pymortests.vectorarray" file="src/pymortests/vectorarray.py" line="895" name="test_append_incompatible[&lt;lambda&gt;22]" time="0.002547740936279297"></testcase><testcase classname="src.pymortests.vectorarray" file="src/pymortests/vectorarray.py" line="895" name="test_append_incompatible[&lt;lambda&gt;23]" time="0.030420780181884766"><system-out> set global mesh
 set global mesh
 Update mesh topology
 Update edges 
 Update faces 
 Update clusters
</system-out></testcase><testcase classname="src.pymortests.vectorarray" file="src/pymortests/vectorarray.py" line="895" name="test_append_incompatible[&lt;lambda&gt;24]" time="0.06225323677062988"><system-out> set global mesh
 set global mesh
 Update mesh topology
 Update edges 
 Update faces 
 Update clusters
</system-out></testcase><testcase classname="src.pymortests.vectorarray" file="src/pymortests/vectorarray.py" line="906" name="test_axpy_incompatible[&lt;lambda&gt;0]" time="0.003737211227416992"></testcase><testcase classname="src.pymortests.vectorarray" file="src/pymortests/vectorarray.py" line="906" name="test_axpy_incompatible[&lt;lambda&gt;1]" time="0.0013976097106933594"></testcase><testcase classname="src.pymortests.vectorarray" file="src/pymortests/vectorarray.py" line="906" name="test_axpy_incompatible[&lt;lambda&gt;2]" time="0.004845619201660156"></testcase><testcase classname="src.pymortests.vectorarray" file="src/pymortests/vectorarray.py" line="906" name="test_axpy_incompatible[&lt;lambda&gt;3]" time="0.004055500030517578"></testcase><testcase classname="src.pymortests.vectorarray" file="src/pymortests/vectorarray.py" line="906" name="test_axpy_incompatible[&lt;lambda&gt;4]" time="0.004340648651123047"></testcase><testcase classname="src.pymortests.vectorarray" file="src/pymortests/vectorarray.py" line="906" name="test_axpy_incompatible[&lt;lambda&gt;5]" time="0.0025491714477539062"></testcase><testcase classname="src.pymortests.vectorarray" file="src/pymortests/vectorarray.py" line="906" name="test_axpy_incompatible[&lt;lambda&gt;6]" time="0.0014393329620361328"></testcase><testcase classname="src.pymortests.vectorarray" file="src/pymortests/vectorarray.py" line="906" name="test_axpy_incompatible[&lt;lambda&gt;7]" time="0.005402565002441406"></testcase><testcase classname="src.pymortests.vectorarray" file="src/pymortests/vectorarray.py" line="906" name="test_axpy_incompatible[&lt;lambda&gt;8]" time="0.010560750961303711"></testcase><testcase classname="src.pymortests.vectorarray" file="src/pymortests/vectorarray.py" line="906" name="test_axpy_incompatible[&lt;lambda&gt;9]" time="0.018755435943603516"></testcase><testcase classname="src.pymortests.vectorarray" file="src/pymortests/vectorarray.py" line="906" name="test_axpy_incompatible[&lt;lambda&gt;10]" time="0.005152702331542969"></testcase><testcase classname="src.pymortests.vectorarray" file="src/pymortests/vectorarray.py" line="906" name="test_axpy_incompatible[&lt;lambda&gt;11]" time="0.001739501953125"></testcase><testcase classname="src.pymortests.vectorarray" file="src/pymortests/vectorarray.py" line="906" name="test_axpy_incompatible[&lt;lambda&gt;12]" time="0.010140419006347656"></testcase><testcase classname="src.pymortests.vectorarray" file="src/pymortests/vectorarray.py" line="906" name="test_axpy_incompatible[&lt;lambda&gt;13]" time="0.007245779037475586"></testcase><testcase classname="src.pymortests.vectorarray" file="src/pymortests/vectorarray.py" line="906" name="test_axpy_incompatible[&lt;lambda&gt;14]" time="0.009062528610229492"></testcase><testcase classname="src.pymortests.vectorarray" file="src/pymortests/vectorarray.py" line="906" name="test_axpy_incompatible[&lt;lambda&gt;15]" time="0.00354766845703125"></testcase><testcase classname="src.pymortests.vectorarray" file="src/pymortests/vectorarray.py" line="906" name="test_axpy_incompatible[&lt;lambda&gt;16]" time="0.0021886825561523438"></testcase><testcase classname="src.pymortests.vectorarray" file="src/pymortests/vectorarray.py" line="906" name="test_axpy_incompatible[&lt;lambda&gt;17]" time="0.00695037841796875"></testcase><testcase classname="src.pymortests.vectorarray" file="src/pymortests/vectorarray.py" line="906" name="test_axpy_incompatible[&lt;lambda&gt;18]" time="0.03967142105102539"></testcase><testcase classname="src.pymortests.vectorarray" file="src/pymortests/vectorarray.py" line="906" name="test_axpy_incompatible[&lt;lambda&gt;19]" time="0.037886619567871094"></testcase><testcase classname="src.pymortests.vectorarray" file="src/pymortests/vectorarray.py" line="906" name="test_axpy_incompatible[&lt;lambda&gt;20]" time="0.003275632858276367"></testcase><testcase classname="src.pymortests.vectorarray" file="src/pymortests/vectorarray.py" line="906" name="test_axpy_incompatible[&lt;lambda&gt;21]" time="0.0024750232696533203"></testcase><testcase classname="src.pymortests.vectorarray" file="src/pymortests/vectorarray.py" line="906" name="test_axpy_incompatible[&lt;lambda&gt;22]" time="0.007055997848510742"></testcase><testcase classname="src.pymortests.vectorarray" file="src/pymortests/vectorarray.py" line="906" name="test_axpy_incompatible[&lt;lambda&gt;23]" time="0.03976750373840332"></testcase><testcase classname="src.pymortests.vectorarray" file="src/pymortests/vectorarray.py" line="906" name="test_axpy_incompatible[&lt;lambda&gt;24]" time="0.07537674903869629"></testcase><testcase classname="src.pymortests.vectorarray" file="src/pymortests/vectorarray.py" line="923" name="test_dot_incompatible[&lt;lambda&gt;0]" time="0.002210378646850586"></testcase><testcase classname="src.pymortests.vectorarray" file="src/pymortests/vectorarray.py" line="923" name="test_dot_incompatible[&lt;lambda&gt;1]" time="0.001127481460571289"></testcase><testcase classname="src.pymortests.vectorarray" file="src/pymortests/vectorarray.py" line="923" name="test_dot_incompatible[&lt;lambda&gt;2]" time="0.0020732879638671875"></testcase><testcase classname="src.pymortests.vectorarray" file="src/pymortests/vectorarray.py" line="923" name="test_dot_incompatible[&lt;lambda&gt;3]" time="0.0018970966339111328"></testcase><testcase classname="src.pymortests.vectorarray" file="src/pymortests/vectorarray.py" line="923" name="test_dot_incompatible[&lt;lambda&gt;4]" time="0.0019505023956298828"></testcase><testcase classname="src.pymortests.vectorarray" file="src/pymortests/vectorarray.py" line="923" name="test_dot_incompatible[&lt;lambda&gt;5]" time="0.001363515853881836"></testcase><testcase classname="src.pymortests.vectorarray" file="src/pymortests/vectorarray.py" line="923" name="test_dot_incompatible[&lt;lambda&gt;6]" time="0.0010986328125"></testcase><testcase classname="src.pymortests.vectorarray" file="src/pymortests/vectorarray.py" line="923" name="test_dot_incompatible[&lt;lambda&gt;7]" time="0.0021276473999023438"></testcase><testcase classname="src.pymortests.vectorarray" file="src/pymortests/vectorarray.py" line="923" name="test_dot_incompatible[&lt;lambda&gt;8]" time="0.003609180450439453"></testcase><testcase classname="src.pymortests.vectorarray" file="src/pymortests/vectorarray.py" line="923" name="test_dot_incompatible[&lt;lambda&gt;9]" time="0.005752086639404297"></testcase><testcase classname="src.pymortests.vectorarray" file="src/pymortests/vectorarray.py" line="923" name="test_dot_incompatible[&lt;lambda&gt;10]" time="0.0022764205932617188"></testcase><testcase classname="src.pymortests.vectorarray" file="src/pymortests/vectorarray.py" line="923" name="test_dot_incompatible[&lt;lambda&gt;11]" time="0.0013239383697509766"></testcase><testcase classname="src.pymortests.vectorarray" file="src/pymortests/vectorarray.py" line="923" name="test_dot_incompatible[&lt;lambda&gt;12]" time="0.00373077392578125"></testcase><testcase classname="src.pymortests.vectorarray" file="src/pymortests/vectorarray.py" line="923" name="test_dot_incompatible[&lt;lambda&gt;13]" time="0.0028586387634277344"></testcase><testcase classname="src.pymortests.vectorarray" file="src/pymortests/vectorarray.py" line="923" name="test_dot_incompatible[&lt;lambda&gt;14]" time="0.0033721923828125"></testcase><testcase classname="src.pymortests.vectorarray" file="src/pymortests/vectorarray.py" line="923" name="test_dot_incompatible[&lt;lambda&gt;15]" time="0.002218961715698242"></testcase><testcase classname="src.pymortests.vectorarray" file="src/pymortests/vectorarray.py" line="923" name="test_dot_incompatible[&lt;lambda&gt;16]" time="0.0018210411071777344"></testcase><testcase classname="src.pymortests.vectorarray" file="src/pymortests/vectorarray.py" line="923" name="test_dot_incompatible[&lt;lambda&gt;17]" time="0.0031075477600097656"></testcase><testcase classname="src.pymortests.vectorarray" file="src/pymortests/vectorarray.py" line="923" name="test_dot_incompatible[&lt;lambda&gt;18]" time="0.030381441116333008"></testcase><testcase classname="src.pymortests.vectorarray" file="src/pymortests/vectorarray.py" line="923" name="test_dot_incompatible[&lt;lambda&gt;19]" time="0.02609395980834961"></testcase><testcase classname="src.pymortests.vectorarray" file="src/pymortests/vectorarray.py" line="923" name="test_dot_incompatible[&lt;lambda&gt;20]" time="0.002076864242553711"></testcase><testcase classname="src.pymortests.vectorarray" file="src/pymortests/vectorarray.py" line="923" name="test_dot_incompatible[&lt;lambda&gt;21]" time="0.002561330795288086"></testcase><testcase classname="src.pymortests.vectorarray" file="src/pymortests/vectorarray.py" line="923" name="test_dot_incompatible[&lt;lambda&gt;22]" time="0.004434823989868164"></testcase><testcase classname="src.pymortests.vectorarray" file="src/pymortests/vectorarray.py" line="923" name="test_dot_incompatible[&lt;lambda&gt;23]" time="0.03302931785583496"></testcase><testcase classname="src.pymortests.vectorarray" file="src/pymortests/vectorarray.py" line="923" name="test_dot_incompatible[&lt;lambda&gt;24]" time="0.064849853515625"></testcase><testcase classname="src.pymortests.vectorarray" file="src/pymortests/vectorarray.py" line="931" name="test_pairwise_dot_incompatible[&lt;lambda&gt;0]" time="0.0022935867309570312"></testcase><testcase classname="src.pymortests.vectorarray" file="src/pymortests/vectorarray.py" line="931" name="test_pairwise_dot_incompatible[&lt;lambda&gt;1]" time="0.0012552738189697266"></testcase><testcase classname="src.pymortests.vectorarray" file="src/pymortests/vectorarray.py" line="931" name="test_pairwise_dot_incompatible[&lt;lambda&gt;2]" time="0.0022253990173339844"></testcase><testcase classname="src.pymortests.vectorarray" file="src/pymortests/vectorarray.py" line="931" name="test_pairwise_dot_incompatible[&lt;lambda&gt;3]" time="0.002011537551879883"></testcase><testcase classname="src.pymortests.vectorarray" file="src/pymortests/vectorarray.py" line="931" name="test_pairwise_dot_incompatible[&lt;lambda&gt;4]" time="0.0020236968994140625"></testcase><testcase classname="src.pymortests.vectorarray" file="src/pymortests/vectorarray.py" line="931" name="test_pairwise_dot_incompatible[&lt;lambda&gt;5]" time="0.001409769058227539"></testcase><testcase classname="src.pymortests.vectorarray" file="src/pymortests/vectorarray.py" line="931" name="test_pairwise_dot_incompatible[&lt;lambda&gt;6]" time="0.0011682510375976562"></testcase><testcase classname="src.pymortests.vectorarray" file="src/pymortests/vectorarray.py" line="931" name="test_pairwise_dot_incompatible[&lt;lambda&gt;7]" time="0.00222015380859375"></testcase><testcase classname="src.pymortests.vectorarray" file="src/pymortests/vectorarray.py" line="931" name="test_pairwise_dot_incompatible[&lt;lambda&gt;8]" time="0.003709554672241211"></testcase><testcase classname="src.pymortests.vectorarray" file="src/pymortests/vectorarray.py" line="931" name="test_pairwise_dot_incompatible[&lt;lambda&gt;9]" time="0.005896806716918945"></testcase><testcase classname="src.pymortests.vectorarray" file="src/pymortests/vectorarray.py" line="931" name="test_pairwise_dot_incompatible[&lt;lambda&gt;10]" time="0.0023338794708251953"></testcase><testcase classname="src.pymortests.vectorarray" file="src/pymortests/vectorarray.py" line="931" name="test_pairwise_dot_incompatible[&lt;lambda&gt;11]" time="0.0013146400451660156"></testcase><testcase classname="src.pymortests.vectorarray" file="src/pymortests/vectorarray.py" line="931" name="test_pairwise_dot_incompatible[&lt;lambda&gt;12]" time="0.003612041473388672"></testcase><testcase classname="src.pymortests.vectorarray" file="src/pymortests/vectorarray.py" line="931" name="test_pairwise_dot_incompatible[&lt;lambda&gt;13]" time="0.002799510955810547"></testcase><testcase classname="src.pymortests.vectorarray" file="src/pymortests/vectorarray.py" line="931" name="test_pairwise_dot_incompatible[&lt;lambda&gt;14]" time="0.003352642059326172"></testcase><testcase classname="src.pymortests.vectorarray" file="src/pymortests/vectorarray.py" line="931" name="test_pairwise_dot_incompatible[&lt;lambda&gt;15]" time="0.0021326541900634766"></testcase><testcase classname="src.pymortests.vectorarray" file="src/pymortests/vectorarray.py" line="931" name="test_pairwise_dot_incompatible[&lt;lambda&gt;16]" time="0.001855611801147461"></testcase><testcase classname="src.pymortests.vectorarray" file="src/pymortests/vectorarray.py" line="931" name="test_pairwise_dot_incompatible[&lt;lambda&gt;17]" time="0.0031576156616210938"></testcase><testcase classname="src.pymortests.vectorarray" file="src/pymortests/vectorarray.py" line="931" name="test_pairwise_dot_incompatible[&lt;lambda&gt;18]" time="0.03131842613220215"></testcase><testcase classname="src.pymortests.vectorarray" file="src/pymortests/vectorarray.py" line="931" name="test_pairwise_dot_incompatible[&lt;lambda&gt;19]" time="0.025388717651367188"></testcase><testcase classname="src.pymortests.vectorarray" file="src/pymortests/vectorarray.py" line="931" name="test_pairwise_dot_incompatible[&lt;lambda&gt;20]" time="0.002057313919067383"></testcase><testcase classname="src.pymortests.vectorarray" file="src/pymortests/vectorarray.py" line="931" name="test_pairwise_dot_incompatible[&lt;lambda&gt;21]" time="0.002187490463256836"></testcase><testcase classname="src.pymortests.vectorarray" file="src/pymortests/vectorarray.py" line="931" name="test_pairwise_dot_incompatible[&lt;lambda&gt;22]" time="0.003789186477661133"></testcase><testcase classname="src.pymortests.vectorarray" file="src/pymortests/vectorarray.py" line="931" name="test_pairwise_dot_incompatible[&lt;lambda&gt;23]" time="0.030635833740234375"></testcase><testcase classname="src.pymortests.vectorarray" file="src/pymortests/vectorarray.py" line="931" name="test_pairwise_dot_incompatible[&lt;lambda&gt;24]" time="0.0624547004699707"></testcase><testcase classname="src.pymortests.vectorarray" file="src/pymortests/vectorarray.py" line="939" name="test_add_incompatible[&lt;lambda&gt;0]" time="0.0015785694122314453"></testcase><testcase classname="src.pymortests.vectorarray" file="src/pymortests/vectorarray.py" line="939" name="test_add_incompatible[&lt;lambda&gt;1]" time="0.0011582374572753906"></testcase><testcase classname="src.pymortests.vectorarray" file="src/pymortests/vectorarray.py" line="939" name="test_add_incompatible[&lt;lambda&gt;2]" time="0.0010223388671875"></testcase><testcase classname="src.pymortests.vectorarray" file="src/pymortests/vectorarray.py" line="939" name="test_add_incompatible[&lt;lambda&gt;3]" time="0.001024484634399414"></testcase><testcase classname="src.pymortests.vectorarray" file="src/pymortests/vectorarray.py" line="939" name="test_add_incompatible[&lt;lambda&gt;4]" time="0.0009717941284179688"></testcase><testcase classname="src.pymortests.vectorarray" file="src/pymortests/vectorarray.py" line="939" name="test_add_incompatible[&lt;lambda&gt;5]" time="0.0010266304016113281"></testcase><testcase classname="src.pymortests.vectorarray" file="src/pymortests/vectorarray.py" line="939" name="test_add_incompatible[&lt;lambda&gt;6]" time="0.0011048316955566406"></testcase><testcase classname="src.pymortests.vectorarray" file="src/pymortests/vectorarray.py" line="939" name="test_add_incompatible[&lt;lambda&gt;7]" time="0.001073598861694336"></testcase><testcase classname="src.pymortests.vectorarray" file="src/pymortests/vectorarray.py" line="939" name="test_add_incompatible[&lt;lambda&gt;8]" time="0.001379251480102539"></testcase><testcase classname="src.pymortests.vectorarray" file="src/pymortests/vectorarray.py" line="939" name="test_add_incompatible[&lt;lambda&gt;9]" time="0.0017518997192382812"></testcase><testcase classname="src.pymortests.vectorarray" file="src/pymortests/vectorarray.py" line="939" name="test_add_incompatible[&lt;lambda&gt;10]" time="0.0013852119445800781"></testcase><testcase classname="src.pymortests.vectorarray" file="src/pymortests/vectorarray.py" line="939" name="test_add_incompatible[&lt;lambda&gt;11]" time="0.001153707504272461"></testcase><testcase classname="src.pymortests.vectorarray" file="src/pymortests/vectorarray.py" line="939" name="test_add_incompatible[&lt;lambda&gt;12]" time="0.0012285709381103516"></testcase><testcase classname="src.pymortests.vectorarray" file="src/pymortests/vectorarray.py" line="939" name="test_add_incompatible[&lt;lambda&gt;13]" time="0.0012819766998291016"></testcase><testcase classname="src.pymortests.vectorarray" file="src/pymortests/vectorarray.py" line="939" name="test_add_incompatible[&lt;lambda&gt;14]" time="0.001253366470336914"></testcase><testcase classname="src.pymortests.vectorarray" file="src/pymortests/vectorarray.py" line="939" name="test_add_incompatible[&lt;lambda&gt;15]" time="0.0016732215881347656"></testcase><testcase classname="src.pymortests.vectorarray" file="src/pymortests/vectorarray.py" line="939" name="test_add_incompatible[&lt;lambda&gt;16]" time="0.001741170883178711"></testcase><testcase classname="src.pymortests.vectorarray" file="src/pymortests/vectorarray.py" line="939" name="test_add_incompatible[&lt;lambda&gt;17]" time="0.0021085739135742188"></testcase><testcase classname="src.pymortests.vectorarray" file="src/pymortests/vectorarray.py" line="939" name="test_add_incompatible[&lt;lambda&gt;18]" time="0.028581619262695312"></testcase><testcase classname="src.pymortests.vectorarray" file="src/pymortests/vectorarray.py" line="939" name="test_add_incompatible[&lt;lambda&gt;19]" time="0.022013425827026367"></testcase><testcase classname="src.pymortests.vectorarray" file="src/pymortests/vectorarray.py" line="939" name="test_add_incompatible[&lt;lambda&gt;20]" time="0.0015397071838378906"></testcase><testcase classname="src.pymortests.vectorarray" file="src/pymortests/vectorarray.py" line="939" name="test_add_incompatible[&lt;lambda&gt;21]" time="0.0021851062774658203"></testcase><testcase classname="src.pymortests.vectorarray" file="src/pymortests/vectorarray.py" line="939" name="test_add_incompatible[&lt;lambda&gt;22]" time="0.0026662349700927734"></testcase><testcase classname="src.pymortests.vectorarray" file="src/pymortests/vectorarray.py" line="939" name="test_add_incompatible[&lt;lambda&gt;23]" time="0.02781510353088379"></testcase><testcase classname="src.pymortests.vectorarray" file="src/pymortests/vectorarray.py" line="939" name="test_add_incompatible[&lt;lambda&gt;24]" time="0.05923295021057129"></testcase><testcase classname="src.pymortests.vectorarray" file="src/pymortests/vectorarray.py" line="945" name="test_iadd_incompatible[&lt;lambda&gt;0]" time="0.0016102790832519531"></testcase><testcase classname="src.pymortests.vectorarray" file="src/pymortests/vectorarray.py" line="945" name="test_iadd_incompatible[&lt;lambda&gt;1]" time="0.0011603832244873047"></testcase><testcase classname="src.pymortests.vectorarray" file="src/pymortests/vectorarray.py" line="945" name="test_iadd_incompatible[&lt;lambda&gt;2]" time="0.001005411148071289"></testcase><testcase classname="src.pymortests.vectorarray" file="src/pymortests/vectorarray.py" line="945" name="test_iadd_incompatible[&lt;lambda&gt;3]" time="0.0010712146759033203"></testcase><testcase classname="src.pymortests.vectorarray" file="src/pymortests/vectorarray.py" line="945" name="test_iadd_incompatible[&lt;lambda&gt;4]" time="0.0009937286376953125"></testcase><testcase classname="src.pymortests.vectorarray" file="src/pymortests/vectorarray.py" line="945" name="test_iadd_incompatible[&lt;lambda&gt;5]" time="0.0010809898376464844"></testcase><testcase classname="src.pymortests.vectorarray" file="src/pymortests/vectorarray.py" line="945" name="test_iadd_incompatible[&lt;lambda&gt;6]" time="0.0010704994201660156"></testcase><testcase classname="src.pymortests.vectorarray" file="src/pymortests/vectorarray.py" line="945" name="test_iadd_incompatible[&lt;lambda&gt;7]" time="0.0010790824890136719"></testcase><testcase classname="src.pymortests.vectorarray" file="src/pymortests/vectorarray.py" line="945" name="test_iadd_incompatible[&lt;lambda&gt;8]" time="0.0011904239654541016"></testcase><testcase classname="src.pymortests.vectorarray" file="src/pymortests/vectorarray.py" line="945" name="test_iadd_incompatible[&lt;lambda&gt;9]" time="0.0013604164123535156"></testcase><testcase classname="src.pymortests.vectorarray" file="src/pymortests/vectorarray.py" line="945" name="test_iadd_incompatible[&lt;lambda&gt;10]" time="0.0013153553009033203"></testcase><testcase classname="src.pymortests.vectorarray" file="src/pymortests/vectorarray.py" line="945" name="test_iadd_incompatible[&lt;lambda&gt;11]" time="0.0012750625610351562"></testcase><testcase classname="src.pymortests.vectorarray" file="src/pymortests/vectorarray.py" line="945" name="test_iadd_incompatible[&lt;lambda&gt;12]" time="0.0013041496276855469"></testcase><testcase classname="src.pymortests.vectorarray" file="src/pymortests/vectorarray.py" line="945" name="test_iadd_incompatible[&lt;lambda&gt;13]" time="0.0012736320495605469"></testcase><testcase classname="src.pymortests.vectorarray" file="src/pymortests/vectorarray.py" line="945" name="test_iadd_incompatible[&lt;lambda&gt;14]" time="0.001317739486694336"></testcase><testcase classname="src.pymortests.vectorarray" file="src/pymortests/vectorarray.py" line="945" name="test_iadd_incompatible[&lt;lambda&gt;15]" time="0.0016925334930419922"></testcase><testcase classname="src.pymortests.vectorarray" file="src/pymortests/vectorarray.py" line="945" name="test_iadd_incompatible[&lt;lambda&gt;16]" time="0.0017592906951904297"></testcase><testcase classname="src.pymortests.vectorarray" file="src/pymortests/vectorarray.py" line="945" name="test_iadd_incompatible[&lt;lambda&gt;17]" time="0.001844167709350586"></testcase><testcase classname="src.pymortests.vectorarray" file="src/pymortests/vectorarray.py" line="945" name="test_iadd_incompatible[&lt;lambda&gt;18]" time="0.02839040756225586"></testcase><testcase classname="src.pymortests.vectorarray" file="src/pymortests/vectorarray.py" line="945" name="test_iadd_incompatible[&lt;lambda&gt;19]" time="0.022022008895874023"></testcase><testcase classname="src.pymortests.vectorarray" file="src/pymortests/vectorarray.py" line="945" name="test_iadd_incompatible[&lt;lambda&gt;20]" time="0.0014719963073730469"></testcase><testcase classname="src.pymortests.vectorarray" file="src/pymortests/vectorarray.py" line="945" name="test_iadd_incompatible[&lt;lambda&gt;21]" time="0.0020411014556884766"></testcase><testcase classname="src.pymortests.vectorarray" file="src/pymortests/vectorarray.py" line="945" name="test_iadd_incompatible[&lt;lambda&gt;22]" time="0.00249481201171875"></testcase><testcase classname="src.pymortests.vectorarray" file="src/pymortests/vectorarray.py" line="945" name="test_iadd_incompatible[&lt;lambda&gt;23]" time="0.026964664459228516"></testcase><testcase classname="src.pymortests.vectorarray" file="src/pymortests/vectorarray.py" line="945" name="test_iadd_incompatible[&lt;lambda&gt;24]" time="0.058235883712768555"></testcase><testcase classname="src.pymortests.vectorarray" file="src/pymortests/vectorarray.py" line="951" name="test_sub_incompatible[&lt;lambda&gt;0]" time="0.0015404224395751953"></testcase><testcase classname="src.pymortests.vectorarray" file="src/pymortests/vectorarray.py" line="951" name="test_sub_incompatible[&lt;lambda&gt;1]" time="0.0010638236999511719"></testcase><testcase classname="src.pymortests.vectorarray" file="src/pymortests/vectorarray.py" line="951" name="test_sub_incompatible[&lt;lambda&gt;2]" time="0.000997304916381836"></testcase><testcase classname="src.pymortests.vectorarray" file="src/pymortests/vectorarray.py" line="951" name="test_sub_incompatible[&lt;lambda&gt;3]" time="0.0010833740234375"></testcase><testcase classname="src.pymortests.vectorarray" file="src/pymortests/vectorarray.py" line="951" name="test_sub_incompatible[&lt;lambda&gt;4]" time="0.0010149478912353516"></testcase><testcase classname="src.pymortests.vectorarray" file="src/pymortests/vectorarray.py" line="951" name="test_sub_incompatible[&lt;lambda&gt;5]" time="0.0010635852813720703"></testcase><testcase classname="src.pymortests.vectorarray" file="src/pymortests/vectorarray.py" line="951" name="test_sub_incompatible[&lt;lambda&gt;6]" time="0.0010781288146972656"></testcase><testcase classname="src.pymortests.vectorarray" file="src/pymortests/vectorarray.py" line="951" name="test_sub_incompatible[&lt;lambda&gt;7]" time="0.0010361671447753906"></testcase><testcase classname="src.pymortests.vectorarray" file="src/pymortests/vectorarray.py" line="951" name="test_sub_incompatible[&lt;lambda&gt;8]" time="0.0013775825500488281"></testcase><testcase classname="src.pymortests.vectorarray" file="src/pymortests/vectorarray.py" line="951" name="test_sub_incompatible[&lt;lambda&gt;9]" time="0.0019462108612060547"></testcase><testcase classname="src.pymortests.vectorarray" file="src/pymortests/vectorarray.py" line="951" name="test_sub_incompatible[&lt;lambda&gt;10]" time="0.0013282299041748047"></testcase><testcase classname="src.pymortests.vectorarray" file="src/pymortests/vectorarray.py" line="951" name="test_sub_incompatible[&lt;lambda&gt;11]" time="0.0012464523315429688"></testcase><testcase classname="src.pymortests.vectorarray" file="src/pymortests/vectorarray.py" line="951" name="test_sub_incompatible[&lt;lambda&gt;12]" time="0.001253366470336914"></testcase><testcase classname="src.pymortests.vectorarray" file="src/pymortests/vectorarray.py" line="951" name="test_sub_incompatible[&lt;lambda&gt;13]" time="0.0012843608856201172"></testcase><testcase classname="src.pymortests.vectorarray" file="src/pymortests/vectorarray.py" line="951" name="test_sub_incompatible[&lt;lambda&gt;14]" time="0.0012884140014648438"></testcase><testcase classname="src.pymortests.vectorarray" file="src/pymortests/vectorarray.py" line="951" name="test_sub_incompatible[&lt;lambda&gt;15]" time="0.0017158985137939453"></testcase><testcase classname="src.pymortests.vectorarray" file="src/pymortests/vectorarray.py" line="951" name="test_sub_incompatible[&lt;lambda&gt;16]" time="0.0018000602722167969"></testcase><testcase classname="src.pymortests.vectorarray" file="src/pymortests/vectorarray.py" line="951" name="test_sub_incompatible[&lt;lambda&gt;17]" time="0.0018420219421386719"></testcase><testcase classname="src.pymortests.vectorarray" file="src/pymortests/vectorarray.py" line="951" name="test_sub_incompatible[&lt;lambda&gt;18]" time="0.02895808219909668"></testcase><testcase classname="src.pymortests.vectorarray" file="src/pymortests/vectorarray.py" line="951" name="test_sub_incompatible[&lt;lambda&gt;19]" time="0.021879911422729492"></testcase><testcase classname="src.pymortests.vectorarray" file="src/pymortests/vectorarray.py" line="951" name="test_sub_incompatible[&lt;lambda&gt;20]" time="0.001481771469116211"></testcase><testcase classname="src.pymortests.vectorarray" file="src/pymortests/vectorarray.py" line="951" name="test_sub_incompatible[&lt;lambda&gt;21]" time="0.0021424293518066406"></testcase><testcase classname="src.pymortests.vectorarray" file="src/pymortests/vectorarray.py" line="951" name="test_sub_incompatible[&lt;lambda&gt;22]" time="0.0028014183044433594"></testcase><testcase classname="src.pymortests.vectorarray" file="src/pymortests/vectorarray.py" line="951" name="test_sub_incompatible[&lt;lambda&gt;23]" time="0.027917861938476562"></testcase><testcase classname="src.pymortests.vectorarray" file="src/pymortests/vectorarray.py" line="951" name="test_sub_incompatible[&lt;lambda&gt;24]" time="0.05801224708557129"></testcase><testcase classname="src.pymortests.vectorarray" file="src/pymortests/vectorarray.py" line="957" name="test_isub_incompatible[&lt;lambda&gt;0]" time="0.0015740394592285156"></testcase><testcase classname="src.pymortests.vectorarray" file="src/pymortests/vectorarray.py" line="957" name="test_isub_incompatible[&lt;lambda&gt;1]" time="0.0011126995086669922"></testcase><testcase classname="src.pymortests.vectorarray" file="src/pymortests/vectorarray.py" line="957" name="test_isub_incompatible[&lt;lambda&gt;2]" time="0.0010497570037841797"></testcase><testcase classname="src.pymortests.vectorarray" file="src/pymortests/vectorarray.py" line="957" name="test_isub_incompatible[&lt;lambda&gt;3]" time="0.0010716915130615234"></testcase><testcase classname="src.pymortests.vectorarray" file="src/pymortests/vectorarray.py" line="957" name="test_isub_incompatible[&lt;lambda&gt;4]" time="0.0009679794311523438"></testcase><testcase classname="src.pymortests.vectorarray" file="src/pymortests/vectorarray.py" line="957" name="test_isub_incompatible[&lt;lambda&gt;5]" time="0.0010068416595458984"></testcase><testcase classname="src.pymortests.vectorarray" file="src/pymortests/vectorarray.py" line="957" name="test_isub_incompatible[&lt;lambda&gt;6]" time="0.001051187515258789"></testcase><testcase classname="src.pymortests.vectorarray" file="src/pymortests/vectorarray.py" line="957" name="test_isub_incompatible[&lt;lambda&gt;7]" time="0.0010752677917480469"></testcase><testcase classname="src.pymortests.vectorarray" file="src/pymortests/vectorarray.py" line="957" name="test_isub_incompatible[&lt;lambda&gt;8]" time="0.0012128353118896484"></testcase><testcase classname="src.pymortests.vectorarray" file="src/pymortests/vectorarray.py" line="957" name="test_isub_incompatible[&lt;lambda&gt;9]" time="0.0013747215270996094"></testcase><testcase classname="src.pymortests.vectorarray" file="src/pymortests/vectorarray.py" line="957" name="test_isub_incompatible[&lt;lambda&gt;10]" time="0.0012755393981933594"></testcase><testcase classname="src.pymortests.vectorarray" file="src/pymortests/vectorarray.py" line="957" name="test_isub_incompatible[&lt;lambda&gt;11]" time="0.001207113265991211"></testcase><testcase classname="src.pymortests.vectorarray" file="src/pymortests/vectorarray.py" line="957" name="test_isub_incompatible[&lt;lambda&gt;12]" time="0.001271963119506836"></testcase><testcase classname="src.pymortests.vectorarray" file="src/pymortests/vectorarray.py" line="957" name="test_isub_incompatible[&lt;lambda&gt;13]" time="0.0011932849884033203"></testcase><testcase classname="src.pymortests.vectorarray" file="src/pymortests/vectorarray.py" line="957" name="test_isub_incompatible[&lt;lambda&gt;14]" time="0.0012865066528320312"></testcase><testcase classname="src.pymortests.vectorarray" file="src/pymortests/vectorarray.py" line="957" name="test_isub_incompatible[&lt;lambda&gt;15]" time="0.0017192363739013672"></testcase><testcase classname="src.pymortests.vectorarray" file="src/pymortests/vectorarray.py" line="957" name="test_isub_incompatible[&lt;lambda&gt;16]" time="0.0018286705017089844"></testcase><testcase classname="src.pymortests.vectorarray" file="src/pymortests/vectorarray.py" line="957" name="test_isub_incompatible[&lt;lambda&gt;17]" time="0.0018777847290039062"></testcase><testcase classname="src.pymortests.vectorarray" file="src/pymortests/vectorarray.py" line="957" name="test_isub_incompatible[&lt;lambda&gt;18]" time="0.02938103675842285"></testcase><testcase classname="src.pymortests.vectorarray" file="src/pymortests/vectorarray.py" line="957" name="test_isub_incompatible[&lt;lambda&gt;19]" time="0.021367788314819336"></testcase><testcase classname="src.pymortests.vectorarray" file="src/pymortests/vectorarray.py" line="957" name="test_isub_incompatible[&lt;lambda&gt;20]" time="0.0015211105346679688"></testcase><testcase classname="src.pymortests.vectorarray" file="src/pymortests/vectorarray.py" line="957" name="test_isub_incompatible[&lt;lambda&gt;21]" time="0.0021610260009765625"></testcase><testcase classname="src.pymortests.vectorarray" file="src/pymortests/vectorarray.py" line="957" name="test_isub_incompatible[&lt;lambda&gt;22]" time="0.002573728561401367"></testcase><testcase classname="src.pymortests.vectorarray" file="src/pymortests/vectorarray.py" line="957" name="test_isub_incompatible[&lt;lambda&gt;23]" time="0.029048442840576172"></testcase><testcase classname="src.pymortests.vectorarray" file="src/pymortests/vectorarray.py" line="957" name="test_isub_incompatible[&lt;lambda&gt;24]" time="0.05864119529724121"></testcase><testcase classname="src.pymortests.vectorarray" file="src/pymortests/vectorarray.py" line="966" name="test_copy_wrong_ind[0-&lt;lambda&gt;0]" time="0.002272367477416992"></testcase><testcase classname="src.pymortests.vectorarray" file="src/pymortests/vectorarray.py" line="966" name="test_copy_wrong_ind[0-&lt;lambda&gt;1]" time="0.001476287841796875"></testcase><testcase classname="src.pymortests.vectorarray" file="src/pymortests/vectorarray.py" line="966" name="test_copy_wrong_ind[0-&lt;lambda&gt;2]" time="0.0013706684112548828"></testcase><testcase classname="src.pymortests.vectorarray" file="src/pymortests/vectorarray.py" line="966" name="test_copy_wrong_ind[0-&lt;lambda&gt;3]" time="0.0013723373413085938"></testcase><testcase classname="src.pymortests.vectorarray" file="src/pymortests/vectorarray.py" line="966" name="test_copy_wrong_ind[0-&lt;lambda&gt;4]" time="0.0013365745544433594"></testcase><testcase classname="src.pymortests.vectorarray" file="src/pymortests/vectorarray.py" line="966" name="test_copy_wrong_ind[0-&lt;lambda&gt;5]" time="0.0013594627380371094"></testcase><testcase classname="src.pymortests.vectorarray" file="src/pymortests/vectorarray.py" line="966" name="test_copy_wrong_ind[0-&lt;lambda&gt;6]" time="0.0013740062713623047"></testcase><testcase classname="src.pymortests.vectorarray" file="src/pymortests/vectorarray.py" line="966" name="test_copy_wrong_ind[0-&lt;lambda&gt;7]" time="0.0013349056243896484"></testcase><testcase classname="src.pymortests.vectorarray" file="src/pymortests/vectorarray.py" line="966" name="test_copy_wrong_ind[0-&lt;lambda&gt;8]" time="0.0014960765838623047"></testcase><testcase classname="src.pymortests.vectorarray" file="src/pymortests/vectorarray.py" line="966" name="test_copy_wrong_ind[0-&lt;lambda&gt;9]" time="0.0017254352569580078"></testcase><testcase classname="src.pymortests.vectorarray" file="src/pymortests/vectorarray.py" line="966" name="test_copy_wrong_ind[0-&lt;lambda&gt;10]" time="0.0015037059783935547"></testcase><testcase classname="src.pymortests.vectorarray" file="src/pymortests/vectorarray.py" line="966" name="test_copy_wrong_ind[0-&lt;lambda&gt;11]" time="0.0015077590942382812"></testcase><testcase classname="src.pymortests.vectorarray" file="src/pymortests/vectorarray.py" line="966" name="test_copy_wrong_ind[0-&lt;lambda&gt;12]" time="0.0014636516571044922"></testcase><testcase classname="src.pymortests.vectorarray" file="src/pymortests/vectorarray.py" line="966" name="test_copy_wrong_ind[0-&lt;lambda&gt;13]" time="0.0015060901641845703"></testcase><testcase classname="src.pymortests.vectorarray" file="src/pymortests/vectorarray.py" line="966" name="test_copy_wrong_ind[0-&lt;lambda&gt;14]" time="0.00150299072265625"></testcase><testcase classname="src.pymortests.vectorarray" file="src/pymortests/vectorarray.py" line="966" name="test_copy_wrong_ind[0-&lt;lambda&gt;15]" time="0.0015358924865722656"></testcase><testcase classname="src.pymortests.vectorarray" file="src/pymortests/vectorarray.py" line="966" name="test_copy_wrong_ind[0-&lt;lambda&gt;16]" time="0.0015399456024169922"></testcase><testcase classname="src.pymortests.vectorarray" file="src/pymortests/vectorarray.py" line="966" name="test_copy_wrong_ind[0-&lt;lambda&gt;17]" time="0.0019140243530273438"></testcase><testcase classname="src.pymortests.vectorarray" file="src/pymortests/vectorarray.py" line="966" name="test_copy_wrong_ind[0-&lt;lambda&gt;18]" time="0.0016341209411621094"></testcase><testcase classname="src.pymortests.vectorarray" file="src/pymortests/vectorarray.py" line="966" name="test_copy_wrong_ind[0-&lt;lambda&gt;19]" time="0.0025322437286376953"></testcase><testcase classname="src.pymortests.vectorarray" file="src/pymortests/vectorarray.py" line="966" name="test_copy_wrong_ind[0-&lt;lambda&gt;20]" time="0.008548259735107422"></testcase><testcase classname="src.pymortests.vectorarray" file="src/pymortests/vectorarray.py" line="966" name="test_copy_wrong_ind[0-&lt;lambda&gt;21]" time="0.01838374137878418"></testcase><testcase classname="src.pymortests.vectorarray" file="src/pymortests/vectorarray.py" line="966" name="test_copy_wrong_ind[0-&lt;lambda&gt;22]" time="0.0019958019256591797"></testcase><testcase classname="src.pymortests.vectorarray" file="src/pymortests/vectorarray.py" line="966" name="test_copy_wrong_ind[0-&lt;lambda&gt;23]" time="0.0016520023345947266"></testcase><testcase classname="src.pymortests.vectorarray" file="src/pymortests/vectorarray.py" line="966" name="test_copy_wrong_ind[0-&lt;lambda&gt;24]" time="0.002355337142944336"></testcase><testcase classname="src.pymortests.vectorarray" file="src/pymortests/vectorarray.py" line="966" name="test_copy_wrong_ind[0-&lt;lambda&gt;25]" time="0.023356199264526367"></testcase><testcase classname="src.pymortests.vectorarray" file="src/pymortests/vectorarray.py" line="966" name="test_copy_wrong_ind[0-&lt;lambda&gt;26]" time="0.05330038070678711"></testcase><testcase classname="src.pymortests.vectorarray" file="src/pymortests/vectorarray.py" line="966" name="test_copy_wrong_ind[1-&lt;lambda&gt;0]" time="0.0020651817321777344"></testcase><testcase classname="src.pymortests.vectorarray" file="src/pymortests/vectorarray.py" line="966" name="test_copy_wrong_ind[1-&lt;lambda&gt;1]" time="0.0013966560363769531"></testcase><testcase classname="src.pymortests.vectorarray" file="src/pymortests/vectorarray.py" line="966" name="test_copy_wrong_ind[1-&lt;lambda&gt;2]" time="0.0013778209686279297"></testcase><testcase classname="src.pymortests.vectorarray" file="src/pymortests/vectorarray.py" line="966" name="test_copy_wrong_ind[1-&lt;lambda&gt;3]" time="0.0013833045959472656"></testcase><testcase classname="src.pymortests.vectorarray" file="src/pymortests/vectorarray.py" line="966" name="test_copy_wrong_ind[1-&lt;lambda&gt;4]" time="0.0014443397521972656"></testcase><testcase classname="src.pymortests.vectorarray" file="src/pymortests/vectorarray.py" line="966" name="test_copy_wrong_ind[1-&lt;lambda&gt;5]" time="0.001453399658203125"></testcase><testcase classname="src.pymortests.vectorarray" file="src/pymortests/vectorarray.py" line="966" name="test_copy_wrong_ind[1-&lt;lambda&gt;6]" time="0.0014286041259765625"></testcase><testcase classname="src.pymortests.vectorarray" file="src/pymortests/vectorarray.py" line="966" name="test_copy_wrong_ind[1-&lt;lambda&gt;7]" time="0.0013852119445800781"></testcase><testcase classname="src.pymortests.vectorarray" file="src/pymortests/vectorarray.py" line="966" name="test_copy_wrong_ind[1-&lt;lambda&gt;8]" time="0.0017006397247314453"></testcase><testcase classname="src.pymortests.vectorarray" file="src/pymortests/vectorarray.py" line="966" name="test_copy_wrong_ind[1-&lt;lambda&gt;9]" time="0.0022139549255371094"></testcase><testcase classname="src.pymortests.vectorarray" file="src/pymortests/vectorarray.py" line="966" name="test_copy_wrong_ind[1-&lt;lambda&gt;10]" time="0.0016560554504394531"></testcase><testcase classname="src.pymortests.vectorarray" file="src/pymortests/vectorarray.py" line="966" name="test_copy_wrong_ind[1-&lt;lambda&gt;11]" time="0.0016148090362548828"></testcase><testcase classname="src.pymortests.vectorarray" file="src/pymortests/vectorarray.py" line="966" name="test_copy_wrong_ind[1-&lt;lambda&gt;12]" time="0.001661062240600586"></testcase><testcase classname="src.pymortests.vectorarray" file="src/pymortests/vectorarray.py" line="966" name="test_copy_wrong_ind[1-&lt;lambda&gt;13]" time="0.0018804073333740234"></testcase><testcase classname="src.pymortests.vectorarray" file="src/pymortests/vectorarray.py" line="966" name="test_copy_wrong_ind[1-&lt;lambda&gt;14]" time="0.0016510486602783203"></testcase><testcase classname="src.pymortests.vectorarray" file="src/pymortests/vectorarray.py" line="966" name="test_copy_wrong_ind[1-&lt;lambda&gt;15]" time="0.0016808509826660156"></testcase><testcase classname="src.pymortests.vectorarray" file="src/pymortests/vectorarray.py" line="966" name="test_copy_wrong_ind[1-&lt;lambda&gt;16]" time="0.0017580986022949219"></testcase><testcase classname="src.pymortests.vectorarray" file="src/pymortests/vectorarray.py" line="966" name="test_copy_wrong_ind[1-&lt;lambda&gt;17]" time="0.0018849372863769531"></testcase><testcase classname="src.pymortests.vectorarray" file="src/pymortests/vectorarray.py" line="966" name="test_copy_wrong_ind[1-&lt;lambda&gt;18]" time="0.0017876625061035156"></testcase><testcase classname="src.pymortests.vectorarray" file="src/pymortests/vectorarray.py" line="966" name="test_copy_wrong_ind[1-&lt;lambda&gt;19]" time="0.002699136734008789"></testcase><testcase classname="src.pymortests.vectorarray" file="src/pymortests/vectorarray.py" line="966" name="test_copy_wrong_ind[1-&lt;lambda&gt;20]" time="0.009027719497680664"></testcase><testcase classname="src.pymortests.vectorarray" file="src/pymortests/vectorarray.py" line="966" name="test_copy_wrong_ind[1-&lt;lambda&gt;21]" time="0.01897740364074707"></testcase><testcase classname="src.pymortests.vectorarray" file="src/pymortests/vectorarray.py" line="966" name="test_copy_wrong_ind[1-&lt;lambda&gt;22]" time="0.0021898746490478516"></testcase><testcase classname="src.pymortests.vectorarray" file="src/pymortests/vectorarray.py" line="966" name="test_copy_wrong_ind[1-&lt;lambda&gt;23]" time="0.0014863014221191406"></testcase><testcase classname="src.pymortests.vectorarray" file="src/pymortests/vectorarray.py" line="966" name="test_copy_wrong_ind[1-&lt;lambda&gt;24]" time="0.0025758743286132812"></testcase><testcase classname="src.pymortests.vectorarray" file="src/pymortests/vectorarray.py" line="966" name="test_copy_wrong_ind[1-&lt;lambda&gt;25]" time="0.025683164596557617"></testcase><testcase classname="src.pymortests.vectorarray" file="src/pymortests/vectorarray.py" line="966" name="test_copy_wrong_ind[1-&lt;lambda&gt;26]" time="0.057618141174316406"></testcase><testcase classname="src.pymortests.vectorarray" file="src/pymortests/vectorarray.py" line="966" name="test_copy_wrong_ind[2-&lt;lambda&gt;0]" time="0.0021495819091796875"></testcase><testcase classname="src.pymortests.vectorarray" file="src/pymortests/vectorarray.py" line="966" name="test_copy_wrong_ind[2-&lt;lambda&gt;1]" time="0.0015065670013427734"></testcase><testcase classname="src.pymortests.vectorarray" file="src/pymortests/vectorarray.py" line="966" name="test_copy_wrong_ind[2-&lt;lambda&gt;2]" time="0.00148773193359375"></testcase><testcase classname="src.pymortests.vectorarray" file="src/pymortests/vectorarray.py" line="966" name="test_copy_wrong_ind[2-&lt;lambda&gt;3]" time="0.0013887882232666016"></testcase><testcase classname="src.pymortests.vectorarray" file="src/pymortests/vectorarray.py" line="966" name="test_copy_wrong_ind[2-&lt;lambda&gt;4]" time="0.0013759136199951172"></testcase><testcase classname="src.pymortests.vectorarray" file="src/pymortests/vectorarray.py" line="966" name="test_copy_wrong_ind[2-&lt;lambda&gt;5]" time="0.0013768672943115234"></testcase><testcase classname="src.pymortests.vectorarray" file="src/pymortests/vectorarray.py" line="966" name="test_copy_wrong_ind[2-&lt;lambda&gt;6]" time="0.0013353824615478516"></testcase><testcase classname="src.pymortests.vectorarray" file="src/pymortests/vectorarray.py" line="966" name="test_copy_wrong_ind[2-&lt;lambda&gt;7]" time="0.0013926029205322266"></testcase><testcase classname="src.pymortests.vectorarray" file="src/pymortests/vectorarray.py" line="966" name="test_copy_wrong_ind[2-&lt;lambda&gt;8]" time="0.0016622543334960938"></testcase><testcase classname="src.pymortests.vectorarray" file="src/pymortests/vectorarray.py" line="966" name="test_copy_wrong_ind[2-&lt;lambda&gt;9]" time="0.002233743667602539"></testcase><testcase classname="src.pymortests.vectorarray" file="src/pymortests/vectorarray.py" line="966" name="test_copy_wrong_ind[2-&lt;lambda&gt;10]" time="0.0016808509826660156"></testcase><testcase classname="src.pymortests.vectorarray" file="src/pymortests/vectorarray.py" line="966" name="test_copy_wrong_ind[2-&lt;lambda&gt;11]" time="0.001664876937866211"></testcase><testcase classname="src.pymortests.vectorarray" file="src/pymortests/vectorarray.py" line="966" name="test_copy_wrong_ind[2-&lt;lambda&gt;12]" time="0.0016922950744628906"></testcase><testcase classname="src.pymortests.vectorarray" file="src/pymortests/vectorarray.py" line="966" name="test_copy_wrong_ind[2-&lt;lambda&gt;13]" time="0.0016093254089355469"></testcase><testcase classname="src.pymortests.vectorarray" file="src/pymortests/vectorarray.py" line="966" name="test_copy_wrong_ind[2-&lt;lambda&gt;14]" time="0.0016176700592041016"></testcase><testcase classname="src.pymortests.vectorarray" file="src/pymortests/vectorarray.py" line="966" name="test_copy_wrong_ind[2-&lt;lambda&gt;15]" time="0.0016810894012451172"></testcase><testcase classname="src.pymortests.vectorarray" file="src/pymortests/vectorarray.py" line="966" name="test_copy_wrong_ind[2-&lt;lambda&gt;16]" time="0.0017275810241699219"></testcase><testcase classname="src.pymortests.vectorarray" file="src/pymortests/vectorarray.py" line="966" name="test_copy_wrong_ind[2-&lt;lambda&gt;17]" time="0.0019130706787109375"></testcase><testcase classname="src.pymortests.vectorarray" file="src/pymortests/vectorarray.py" line="966" name="test_copy_wrong_ind[2-&lt;lambda&gt;18]" time="0.0017960071563720703"></testcase><testcase classname="src.pymortests.vectorarray" file="src/pymortests/vectorarray.py" line="966" name="test_copy_wrong_ind[2-&lt;lambda&gt;19]" time="0.002696990966796875"></testcase><testcase classname="src.pymortests.vectorarray" file="src/pymortests/vectorarray.py" line="966" name="test_copy_wrong_ind[2-&lt;lambda&gt;20]" time="0.00913858413696289"></testcase><testcase classname="src.pymortests.vectorarray" file="src/pymortests/vectorarray.py" line="966" name="test_copy_wrong_ind[2-&lt;lambda&gt;21]" time="0.018781185150146484"></testcase><testcase classname="src.pymortests.vectorarray" file="src/pymortests/vectorarray.py" line="966" name="test_copy_wrong_ind[2-&lt;lambda&gt;22]" time="0.002129793167114258"></testcase><testcase classname="src.pymortests.vectorarray" file="src/pymortests/vectorarray.py" line="966" name="test_copy_wrong_ind[2-&lt;lambda&gt;23]" time="0.0015408992767333984"></testcase><testcase classname="src.pymortests.vectorarray" file="src/pymortests/vectorarray.py" line="966" name="test_copy_wrong_ind[2-&lt;lambda&gt;24]" time="0.0025844573974609375"></testcase><testcase classname="src.pymortests.vectorarray" file="src/pymortests/vectorarray.py" line="966" name="test_copy_wrong_ind[2-&lt;lambda&gt;25]" time="0.02532052993774414"></testcase><testcase classname="src.pymortests.vectorarray" file="src/pymortests/vectorarray.py" line="966" name="test_copy_wrong_ind[2-&lt;lambda&gt;26]" time="0.0601499080657959"></testcase><testcase classname="src.pymortests.vectorarray" file="src/pymortests/vectorarray.py" line="973" name="test_remove_wrong_ind[0-&lt;lambda&gt;0]" time="0.0021932125091552734"></testcase><testcase classname="src.pymortests.vectorarray" file="src/pymortests/vectorarray.py" line="973" name="test_remove_wrong_ind[0-&lt;lambda&gt;1]" time="0.0015730857849121094"></testcase><testcase classname="src.pymortests.vectorarray" file="src/pymortests/vectorarray.py" line="973" name="test_remove_wrong_ind[0-&lt;lambda&gt;2]" time="0.0017521381378173828"></testcase><testcase classname="src.pymortests.vectorarray" file="src/pymortests/vectorarray.py" line="973" name="test_remove_wrong_ind[0-&lt;lambda&gt;3]" time="0.0014147758483886719"></testcase><testcase classname="src.pymortests.vectorarray" file="src/pymortests/vectorarray.py" line="973" name="test_remove_wrong_ind[0-&lt;lambda&gt;4]" time="0.0014462471008300781"></testcase><testcase classname="src.pymortests.vectorarray" file="src/pymortests/vectorarray.py" line="973" name="test_remove_wrong_ind[0-&lt;lambda&gt;5]" time="0.0013713836669921875"></testcase><testcase classname="src.pymortests.vectorarray" file="src/pymortests/vectorarray.py" line="973" name="test_remove_wrong_ind[0-&lt;lambda&gt;6]" time="0.001340627670288086"></testcase><testcase classname="src.pymortests.vectorarray" file="src/pymortests/vectorarray.py" line="973" name="test_remove_wrong_ind[0-&lt;lambda&gt;7]" time="0.0014183521270751953"></testcase><testcase classname="src.pymortests.vectorarray" file="src/pymortests/vectorarray.py" line="973" name="test_remove_wrong_ind[0-&lt;lambda&gt;8]" time="0.0025360584259033203"></testcase><testcase classname="src.pymortests.vectorarray" file="src/pymortests/vectorarray.py" line="973" name="test_remove_wrong_ind[0-&lt;lambda&gt;9]" time="0.0041332244873046875"></testcase><testcase classname="src.pymortests.vectorarray" file="src/pymortests/vectorarray.py" line="973" name="test_remove_wrong_ind[0-&lt;lambda&gt;10]" time="0.0016722679138183594"></testcase><testcase classname="src.pymortests.vectorarray" file="src/pymortests/vectorarray.py" line="973" name="test_remove_wrong_ind[0-&lt;lambda&gt;11]" time="0.0016400814056396484"></testcase><testcase classname="src.pymortests.vectorarray" file="src/pymortests/vectorarray.py" line="973" name="test_remove_wrong_ind[0-&lt;lambda&gt;12]" time="0.0016105175018310547"></testcase><testcase classname="src.pymortests.vectorarray" file="src/pymortests/vectorarray.py" line="973" name="test_remove_wrong_ind[0-&lt;lambda&gt;13]" time="0.001598358154296875"></testcase><testcase classname="src.pymortests.vectorarray" file="src/pymortests/vectorarray.py" line="973" name="test_remove_wrong_ind[0-&lt;lambda&gt;14]" time="0.0016355514526367188"></testcase><testcase classname="src.pymortests.vectorarray" file="src/pymortests/vectorarray.py" line="973" name="test_remove_wrong_ind[0-&lt;lambda&gt;15]" time="0.0017354488372802734"></testcase><testcase classname="src.pymortests.vectorarray" file="src/pymortests/vectorarray.py" line="973" name="test_remove_wrong_ind[0-&lt;lambda&gt;16]" time="0.001714468002319336"></testcase><testcase classname="src.pymortests.vectorarray" file="src/pymortests/vectorarray.py" line="973" name="test_remove_wrong_ind[0-&lt;lambda&gt;17]" time="0.001901865005493164"></testcase><testcase classname="src.pymortests.vectorarray" file="src/pymortests/vectorarray.py" line="973" name="test_remove_wrong_ind[0-&lt;lambda&gt;18]" time="0.001886129379272461"></testcase><testcase classname="src.pymortests.vectorarray" file="src/pymortests/vectorarray.py" line="973" name="test_remove_wrong_ind[0-&lt;lambda&gt;19]" time="0.0027730464935302734"></testcase><testcase classname="src.pymortests.vectorarray" file="src/pymortests/vectorarray.py" line="973" name="test_remove_wrong_ind[0-&lt;lambda&gt;20]" time="0.009937524795532227"></testcase><testcase classname="src.pymortests.vectorarray" file="src/pymortests/vectorarray.py" line="973" name="test_remove_wrong_ind[0-&lt;lambda&gt;21]" time="0.02056717872619629"></testcase><testcase classname="src.pymortests.vectorarray" file="src/pymortests/vectorarray.py" line="973" name="test_remove_wrong_ind[0-&lt;lambda&gt;22]" time="0.00203704833984375"></testcase><testcase classname="src.pymortests.vectorarray" file="src/pymortests/vectorarray.py" line="973" name="test_remove_wrong_ind[0-&lt;lambda&gt;23]" time="0.001444101333618164"></testcase><testcase classname="src.pymortests.vectorarray" file="src/pymortests/vectorarray.py" line="973" name="test_remove_wrong_ind[0-&lt;lambda&gt;24]" time="0.0026276111602783203"></testcase><testcase classname="src.pymortests.vectorarray" file="src/pymortests/vectorarray.py" line="973" name="test_remove_wrong_ind[0-&lt;lambda&gt;25]" time="0.026606082916259766"></testcase><testcase classname="src.pymortests.vectorarray" file="src/pymortests/vectorarray.py" line="973" name="test_remove_wrong_ind[0-&lt;lambda&gt;26]" time="0.05958700180053711"></testcase><testcase classname="src.pymortests.vectorarray" file="src/pymortests/vectorarray.py" line="973" name="test_remove_wrong_ind[1-&lt;lambda&gt;0]" time="0.0021681785583496094"></testcase><testcase classname="src.pymortests.vectorarray" file="src/pymortests/vectorarray.py" line="973" name="test_remove_wrong_ind[1-&lt;lambda&gt;1]" time="0.0015439987182617188"></testcase><testcase classname="src.pymortests.vectorarray" file="src/pymortests/vectorarray.py" line="973" name="test_remove_wrong_ind[1-&lt;lambda&gt;2]" time="0.001500844955444336"></testcase><testcase classname="src.pymortests.vectorarray" file="src/pymortests/vectorarray.py" line="973" name="test_remove_wrong_ind[1-&lt;lambda&gt;3]" time="0.0015120506286621094"></testcase><testcase classname="src.pymortests.vectorarray" file="src/pymortests/vectorarray.py" line="973" name="test_remove_wrong_ind[1-&lt;lambda&gt;4]" time="0.0014424324035644531"></testcase><testcase classname="src.pymortests.vectorarray" file="src/pymortests/vectorarray.py" line="973" name="test_remove_wrong_ind[1-&lt;lambda&gt;5]" time="0.001428365707397461"></testcase><testcase classname="src.pymortests.vectorarray" file="src/pymortests/vectorarray.py" line="973" name="test_remove_wrong_ind[1-&lt;lambda&gt;6]" time="0.0013763904571533203"></testcase><testcase classname="src.pymortests.vectorarray" file="src/pymortests/vectorarray.py" line="973" name="test_remove_wrong_ind[1-&lt;lambda&gt;7]" time="0.0014300346374511719"></testcase><testcase classname="src.pymortests.vectorarray" file="src/pymortests/vectorarray.py" line="973" name="test_remove_wrong_ind[1-&lt;lambda&gt;8]" time="0.0026292800903320312"></testcase><testcase classname="src.pymortests.vectorarray" file="src/pymortests/vectorarray.py" line="973" name="test_remove_wrong_ind[1-&lt;lambda&gt;9]" time="0.00428462028503418"></testcase><testcase classname="src.pymortests.vectorarray" file="src/pymortests/vectorarray.py" line="973" name="test_remove_wrong_ind[1-&lt;lambda&gt;10]" time="0.0017096996307373047"></testcase><testcase classname="src.pymortests.vectorarray" file="src/pymortests/vectorarray.py" line="973" name="test_remove_wrong_ind[1-&lt;lambda&gt;11]" time="0.0017981529235839844"></testcase><testcase classname="src.pymortests.vectorarray" file="src/pymortests/vectorarray.py" line="973" name="test_remove_wrong_ind[1-&lt;lambda&gt;12]" time="0.0016717910766601562"></testcase><testcase classname="src.pymortests.vectorarray" file="src/pymortests/vectorarray.py" line="973" name="test_remove_wrong_ind[1-&lt;lambda&gt;13]" time="0.0015833377838134766"></testcase><testcase classname="src.pymortests.vectorarray" file="src/pymortests/vectorarray.py" line="973" name="test_remove_wrong_ind[1-&lt;lambda&gt;14]" time="0.0019288063049316406"></testcase><testcase classname="src.pymortests.vectorarray" file="src/pymortests/vectorarray.py" line="973" name="test_remove_wrong_ind[1-&lt;lambda&gt;15]" time="0.0018002986907958984"></testcase><testcase classname="src.pymortests.vectorarray" file="src/pymortests/vectorarray.py" line="973" name="test_remove_wrong_ind[1-&lt;lambda&gt;16]" time="0.0017254352569580078"></testcase><testcase classname="src.pymortests.vectorarray" file="src/pymortests/vectorarray.py" line="973" name="test_remove_wrong_ind[1-&lt;lambda&gt;17]" time="0.0018658638000488281"></testcase><testcase classname="src.pymortests.vectorarray" file="src/pymortests/vectorarray.py" line="973" name="test_remove_wrong_ind[1-&lt;lambda&gt;18]" time="0.0018107891082763672"></testcase><testcase classname="src.pymortests.vectorarray" file="src/pymortests/vectorarray.py" line="973" name="test_remove_wrong_ind[1-&lt;lambda&gt;19]" time="0.002682924270629883"></testcase><testcase classname="src.pymortests.vectorarray" file="src/pymortests/vectorarray.py" line="973" name="test_remove_wrong_ind[1-&lt;lambda&gt;20]" time="0.009830474853515625"></testcase><testcase classname="src.pymortests.vectorarray" file="src/pymortests/vectorarray.py" line="973" name="test_remove_wrong_ind[1-&lt;lambda&gt;21]" time="0.021237850189208984"></testcase><testcase classname="src.pymortests.vectorarray" file="src/pymortests/vectorarray.py" line="973" name="test_remove_wrong_ind[1-&lt;lambda&gt;22]" time="0.0022745132446289062"></testcase><testcase classname="src.pymortests.vectorarray" file="src/pymortests/vectorarray.py" line="973" name="test_remove_wrong_ind[1-&lt;lambda&gt;23]" time="0.0017242431640625"></testcase><testcase classname="src.pymortests.vectorarray" file="src/pymortests/vectorarray.py" line="973" name="test_remove_wrong_ind[1-&lt;lambda&gt;24]" time="0.002871990203857422"></testcase><testcase classname="src.pymortests.vectorarray" file="src/pymortests/vectorarray.py" line="973" name="test_remove_wrong_ind[1-&lt;lambda&gt;25]" time="0.028228282928466797"></testcase><testcase classname="src.pymortests.vectorarray" file="src/pymortests/vectorarray.py" line="973" name="test_remove_wrong_ind[1-&lt;lambda&gt;26]" time="0.05818629264831543"></testcase><testcase classname="src.pymortests.vectorarray" file="src/pymortests/vectorarray.py" line="973" name="test_remove_wrong_ind[2-&lt;lambda&gt;0]" time="0.0022487640380859375"></testcase><testcase classname="src.pymortests.vectorarray" file="src/pymortests/vectorarray.py" line="973" name="test_remove_wrong_ind[2-&lt;lambda&gt;1]" time="0.001561880111694336"></testcase><testcase classname="src.pymortests.vectorarray" file="src/pymortests/vectorarray.py" line="973" name="test_remove_wrong_ind[2-&lt;lambda&gt;2]" time="0.0013971328735351562"></testcase><testcase classname="src.pymortests.vectorarray" file="src/pymortests/vectorarray.py" line="973" name="test_remove_wrong_ind[2-&lt;lambda&gt;3]" time="0.001458883285522461"></testcase><testcase classname="src.pymortests.vectorarray" file="src/pymortests/vectorarray.py" line="973" name="test_remove_wrong_ind[2-&lt;lambda&gt;4]" time="0.0014066696166992188"></testcase><testcase classname="src.pymortests.vectorarray" file="src/pymortests/vectorarray.py" line="973" name="test_remove_wrong_ind[2-&lt;lambda&gt;5]" time="0.0014042854309082031"></testcase><testcase classname="src.pymortests.vectorarray" file="src/pymortests/vectorarray.py" line="973" name="test_remove_wrong_ind[2-&lt;lambda&gt;6]" time="0.001399993896484375"></testcase><testcase classname="src.pymortests.vectorarray" file="src/pymortests/vectorarray.py" line="973" name="test_remove_wrong_ind[2-&lt;lambda&gt;7]" time="0.0014607906341552734"></testcase><testcase classname="src.pymortests.vectorarray" file="src/pymortests/vectorarray.py" line="973" name="test_remove_wrong_ind[2-&lt;lambda&gt;8]" time="0.0026636123657226562"></testcase><testcase classname="src.pymortests.vectorarray" file="src/pymortests/vectorarray.py" line="973" name="test_remove_wrong_ind[2-&lt;lambda&gt;9]" time="0.0043010711669921875"></testcase><testcase classname="src.pymortests.vectorarray" file="src/pymortests/vectorarray.py" line="973" name="test_remove_wrong_ind[2-&lt;lambda&gt;10]" time="0.00170135498046875"></testcase><testcase classname="src.pymortests.vectorarray" file="src/pymortests/vectorarray.py" line="973" name="test_remove_wrong_ind[2-&lt;lambda&gt;11]" time="0.001752614974975586"></testcase><testcase classname="src.pymortests.vectorarray" file="src/pymortests/vectorarray.py" line="973" name="test_remove_wrong_ind[2-&lt;lambda&gt;12]" time="0.0017075538635253906"></testcase><testcase classname="src.pymortests.vectorarray" file="src/pymortests/vectorarray.py" line="973" name="test_remove_wrong_ind[2-&lt;lambda&gt;13]" time="0.001603841781616211"></testcase><testcase classname="src.pymortests.vectorarray" file="src/pymortests/vectorarray.py" line="973" name="test_remove_wrong_ind[2-&lt;lambda&gt;14]" time="0.0017228126525878906"></testcase><testcase classname="src.pymortests.vectorarray" file="src/pymortests/vectorarray.py" line="973" name="test_remove_wrong_ind[2-&lt;lambda&gt;15]" time="0.0018608570098876953"></testcase><testcase classname="src.pymortests.vectorarray" file="src/pymortests/vectorarray.py" line="973" name="test_remove_wrong_ind[2-&lt;lambda&gt;16]" time="0.0018455982208251953"></testcase><testcase classname="src.pymortests.vectorarray" file="src/pymortests/vectorarray.py" line="973" name="test_remove_wrong_ind[2-&lt;lambda&gt;17]" time="0.0019233226776123047"></testcase><testcase classname="src.pymortests.vectorarray" file="src/pymortests/vectorarray.py" line="973" name="test_remove_wrong_ind[2-&lt;lambda&gt;18]" time="0.0019497871398925781"></testcase><testcase classname="src.pymortests.vectorarray" file="src/pymortests/vectorarray.py" line="973" name="test_remove_wrong_ind[2-&lt;lambda&gt;19]" time="0.0029633045196533203"></testcase><testcase classname="src.pymortests.vectorarray" file="src/pymortests/vectorarray.py" line="973" name="test_remove_wrong_ind[2-&lt;lambda&gt;20]" time="0.010259866714477539"></testcase><testcase classname="src.pymortests.vectorarray" file="src/pymortests/vectorarray.py" line="973" name="test_remove_wrong_ind[2-&lt;lambda&gt;21]" time="0.021373987197875977"></testcase><testcase classname="src.pymortests.vectorarray" file="src/pymortests/vectorarray.py" line="973" name="test_remove_wrong_ind[2-&lt;lambda&gt;22]" time="0.002193927764892578"></testcase><testcase classname="src.pymortests.vectorarray" file="src/pymortests/vectorarray.py" line="973" name="test_remove_wrong_ind[2-&lt;lambda&gt;23]" time="0.0015730857849121094"></testcase><testcase classname="src.pymortests.vectorarray" file="src/pymortests/vectorarray.py" line="973" name="test_remove_wrong_ind[2-&lt;lambda&gt;24]" time="0.0026557445526123047"></testcase><testcase classname="src.pymortests.vectorarray" file="src/pymortests/vectorarray.py" line="973" name="test_remove_wrong_ind[2-&lt;lambda&gt;25]" time="0.02621006965637207"></testcase><testcase classname="src.pymortests.vectorarray" file="src/pymortests/vectorarray.py" line="973" name="test_remove_wrong_ind[2-&lt;lambda&gt;26]" time="0.05509138107299805"></testcase><testcase classname="src.pymortests.vectorarray" file="src/pymortests/vectorarray.py" line="981" name="test_scal_wrong_ind[0-&lt;lambda&gt;0]" time="0.0031011104583740234"></testcase><testcase classname="src.pymortests.vectorarray" file="src/pymortests/vectorarray.py" line="981" name="test_scal_wrong_ind[0-&lt;lambda&gt;1]" time="0.0021381378173828125"></testcase><testcase classname="src.pymortests.vectorarray" file="src/pymortests/vectorarray.py" line="981" name="test_scal_wrong_ind[0-&lt;lambda&gt;2]" time="0.0021245479583740234"></testcase><testcase classname="src.pymortests.vectorarray" file="src/pymortests/vectorarray.py" line="981" name="test_scal_wrong_ind[0-&lt;lambda&gt;3]" time="0.0021228790283203125"></testcase><testcase classname="src.pymortests.vectorarray" file="src/pymortests/vectorarray.py" line="981" name="test_scal_wrong_ind[0-&lt;lambda&gt;4]" time="0.00208282470703125"></testcase><testcase classname="src.pymortests.vectorarray" file="src/pymortests/vectorarray.py" line="981" name="test_scal_wrong_ind[0-&lt;lambda&gt;5]" time="0.0020399093627929688"></testcase><testcase classname="src.pymortests.vectorarray" file="src/pymortests/vectorarray.py" line="981" name="test_scal_wrong_ind[0-&lt;lambda&gt;6]" time="0.00202178955078125"></testcase><testcase classname="src.pymortests.vectorarray" file="src/pymortests/vectorarray.py" line="981" name="test_scal_wrong_ind[0-&lt;lambda&gt;7]" time="0.002197265625"></testcase><testcase classname="src.pymortests.vectorarray" file="src/pymortests/vectorarray.py" line="981" name="test_scal_wrong_ind[0-&lt;lambda&gt;8]" time="0.0058879852294921875"></testcase><testcase classname="src.pymortests.vectorarray" file="src/pymortests/vectorarray.py" line="981" name="test_scal_wrong_ind[0-&lt;lambda&gt;9]" time="0.012102365493774414"></testcase><testcase classname="src.pymortests.vectorarray" file="src/pymortests/vectorarray.py" line="981" name="test_scal_wrong_ind[0-&lt;lambda&gt;10]" time="0.004151105880737305"></testcase><testcase classname="src.pymortests.vectorarray" file="src/pymortests/vectorarray.py" line="981" name="test_scal_wrong_ind[0-&lt;lambda&gt;11]" time="0.0029070377349853516"></testcase><testcase classname="src.pymortests.vectorarray" file="src/pymortests/vectorarray.py" line="981" name="test_scal_wrong_ind[0-&lt;lambda&gt;12]" time="0.0027980804443359375"></testcase><testcase classname="src.pymortests.vectorarray" file="src/pymortests/vectorarray.py" line="981" name="test_scal_wrong_ind[0-&lt;lambda&gt;13]" time="0.002657651901245117"></testcase><testcase classname="src.pymortests.vectorarray" file="src/pymortests/vectorarray.py" line="981" name="test_scal_wrong_ind[0-&lt;lambda&gt;14]" time="0.0027294158935546875"></testcase><testcase classname="src.pymortests.vectorarray" file="src/pymortests/vectorarray.py" line="981" name="test_scal_wrong_ind[0-&lt;lambda&gt;15]" time="0.0029578208923339844"></testcase><testcase classname="src.pymortests.vectorarray" file="src/pymortests/vectorarray.py" line="981" name="test_scal_wrong_ind[0-&lt;lambda&gt;16]" time="0.0029201507568359375"></testcase><testcase classname="src.pymortests.vectorarray" file="src/pymortests/vectorarray.py" line="981" name="test_scal_wrong_ind[0-&lt;lambda&gt;17]" time="0.0024209022521972656"></testcase><testcase classname="src.pymortests.vectorarray" file="src/pymortests/vectorarray.py" line="981" name="test_scal_wrong_ind[0-&lt;lambda&gt;18]" time="0.0024979114532470703"></testcase><testcase classname="src.pymortests.vectorarray" file="src/pymortests/vectorarray.py" line="981" name="test_scal_wrong_ind[0-&lt;lambda&gt;19]" time="0.0033686161041259766"></testcase><testcase classname="src.pymortests.vectorarray" file="src/pymortests/vectorarray.py" line="981" name="test_scal_wrong_ind[0-&lt;lambda&gt;20]" time="0.013051986694335938"></testcase><testcase classname="src.pymortests.vectorarray" file="src/pymortests/vectorarray.py" line="981" name="test_scal_wrong_ind[0-&lt;lambda&gt;21]" time="0.027567386627197266"></testcase><testcase classname="src.pymortests.vectorarray" file="src/pymortests/vectorarray.py" line="981" name="test_scal_wrong_ind[0-&lt;lambda&gt;22]" time="0.0028553009033203125"></testcase><testcase classname="src.pymortests.vectorarray" file="src/pymortests/vectorarray.py" line="981" name="test_scal_wrong_ind[0-&lt;lambda&gt;23]" time="0.002027273178100586"></testcase><testcase classname="src.pymortests.vectorarray" file="src/pymortests/vectorarray.py" line="981" name="test_scal_wrong_ind[0-&lt;lambda&gt;24]" time="0.0032188892364501953"></testcase><testcase classname="src.pymortests.vectorarray" file="src/pymortests/vectorarray.py" line="981" name="test_scal_wrong_ind[0-&lt;lambda&gt;25]" time="0.02782416343688965"></testcase><testcase classname="src.pymortests.vectorarray" file="src/pymortests/vectorarray.py" line="981" name="test_scal_wrong_ind[0-&lt;lambda&gt;26]" time="0.06336259841918945"></testcase><testcase classname="src.pymortests.vectorarray" file="src/pymortests/vectorarray.py" line="981" name="test_scal_wrong_ind[1-&lt;lambda&gt;0]" time="0.003194570541381836"></testcase><testcase classname="src.pymortests.vectorarray" file="src/pymortests/vectorarray.py" line="981" name="test_scal_wrong_ind[1-&lt;lambda&gt;1]" time="0.0022745132446289062"></testcase><testcase classname="src.pymortests.vectorarray" file="src/pymortests/vectorarray.py" line="981" name="test_scal_wrong_ind[1-&lt;lambda&gt;2]" time="0.0022084712982177734"></testcase><testcase classname="src.pymortests.vectorarray" file="src/pymortests/vectorarray.py" line="981" name="test_scal_wrong_ind[1-&lt;lambda&gt;3]" time="0.002301454544067383"></testcase><testcase classname="src.pymortests.vectorarray" file="src/pymortests/vectorarray.py" line="981" name="test_scal_wrong_ind[1-&lt;lambda&gt;4]" time="0.0022001266479492188"></testcase><testcase classname="src.pymortests.vectorarray" file="src/pymortests/vectorarray.py" line="981" name="test_scal_wrong_ind[1-&lt;lambda&gt;5]" time="0.0026552677154541016"></testcase><testcase classname="src.pymortests.vectorarray" file="src/pymortests/vectorarray.py" line="981" name="test_scal_wrong_ind[1-&lt;lambda&gt;6]" time="0.0021562576293945312"></testcase><testcase classname="src.pymortests.vectorarray" file="src/pymortests/vectorarray.py" line="981" name="test_scal_wrong_ind[1-&lt;lambda&gt;7]" time="0.002549886703491211"></testcase><testcase classname="src.pymortests.vectorarray" file="src/pymortests/vectorarray.py" line="981" name="test_scal_wrong_ind[1-&lt;lambda&gt;8]" time="0.006079912185668945"></testcase><testcase classname="src.pymortests.vectorarray" file="src/pymortests/vectorarray.py" line="981" name="test_scal_wrong_ind[1-&lt;lambda&gt;9]" time="0.011467456817626953"></testcase><testcase classname="src.pymortests.vectorarray" file="src/pymortests/vectorarray.py" line="981" name="test_scal_wrong_ind[1-&lt;lambda&gt;10]" time="0.002948760986328125"></testcase><testcase classname="src.pymortests.vectorarray" file="src/pymortests/vectorarray.py" line="981" name="test_scal_wrong_ind[1-&lt;lambda&gt;11]" time="0.0029773712158203125"></testcase><testcase classname="src.pymortests.vectorarray" file="src/pymortests/vectorarray.py" line="981" name="test_scal_wrong_ind[1-&lt;lambda&gt;12]" time="0.002863645553588867"></testcase><testcase classname="src.pymortests.vectorarray" file="src/pymortests/vectorarray.py" line="981" name="test_scal_wrong_ind[1-&lt;lambda&gt;13]" time="0.002674102783203125"></testcase><testcase classname="src.pymortests.vectorarray" file="src/pymortests/vectorarray.py" line="981" name="test_scal_wrong_ind[1-&lt;lambda&gt;14]" time="0.002843618392944336"></testcase><testcase classname="src.pymortests.vectorarray" file="src/pymortests/vectorarray.py" line="981" name="test_scal_wrong_ind[1-&lt;lambda&gt;15]" time="0.0030982494354248047"></testcase><testcase classname="src.pymortests.vectorarray" file="src/pymortests/vectorarray.py" line="981" name="test_scal_wrong_ind[1-&lt;lambda&gt;16]" time="0.003119230270385742"></testcase><testcase classname="src.pymortests.vectorarray" file="src/pymortests/vectorarray.py" line="981" name="test_scal_wrong_ind[1-&lt;lambda&gt;17]" time="0.002534151077270508"></testcase><testcase classname="src.pymortests.vectorarray" file="src/pymortests/vectorarray.py" line="981" name="test_scal_wrong_ind[1-&lt;lambda&gt;18]" time="0.002419710159301758"></testcase><testcase classname="src.pymortests.vectorarray" file="src/pymortests/vectorarray.py" line="981" name="test_scal_wrong_ind[1-&lt;lambda&gt;19]" time="0.003446817398071289"></testcase><testcase classname="src.pymortests.vectorarray" file="src/pymortests/vectorarray.py" line="981" name="test_scal_wrong_ind[1-&lt;lambda&gt;20]" time="0.01317596435546875"></testcase><testcase classname="src.pymortests.vectorarray" file="src/pymortests/vectorarray.py" line="981" name="test_scal_wrong_ind[1-&lt;lambda&gt;21]" time="0.0279538631439209"></testcase><testcase classname="src.pymortests.vectorarray" file="src/pymortests/vectorarray.py" line="981" name="test_scal_wrong_ind[1-&lt;lambda&gt;22]" time="0.0029344558715820312"></testcase><testcase classname="src.pymortests.vectorarray" file="src/pymortests/vectorarray.py" line="981" name="test_scal_wrong_ind[1-&lt;lambda&gt;23]" time="0.002147674560546875"></testcase><testcase classname="src.pymortests.vectorarray" file="src/pymortests/vectorarray.py" line="981" name="test_scal_wrong_ind[1-&lt;lambda&gt;24]" time="0.0032732486724853516"></testcase><testcase classname="src.pymortests.vectorarray" file="src/pymortests/vectorarray.py" line="981" name="test_scal_wrong_ind[1-&lt;lambda&gt;25]" time="0.028465747833251953"></testcase><testcase classname="src.pymortests.vectorarray" file="src/pymortests/vectorarray.py" line="981" name="test_scal_wrong_ind[1-&lt;lambda&gt;26]" time="0.06445693969726562"></testcase><testcase classname="src.pymortests.vectorarray" file="src/pymortests/vectorarray.py" line="981" name="test_scal_wrong_ind[2-&lt;lambda&gt;0]" time="0.003047466278076172"></testcase><testcase classname="src.pymortests.vectorarray" file="src/pymortests/vectorarray.py" line="981" name="test_scal_wrong_ind[2-&lt;lambda&gt;1]" time="0.002196073532104492"></testcase><testcase classname="src.pymortests.vectorarray" file="src/pymortests/vectorarray.py" line="981" name="test_scal_wrong_ind[2-&lt;lambda&gt;2]" time="0.0021429061889648438"></testcase><testcase classname="src.pymortests.vectorarray" file="src/pymortests/vectorarray.py" line="981" name="test_scal_wrong_ind[2-&lt;lambda&gt;3]" time="0.0021746158599853516"></testcase><testcase classname="src.pymortests.vectorarray" file="src/pymortests/vectorarray.py" line="981" name="test_scal_wrong_ind[2-&lt;lambda&gt;4]" time="0.002188444137573242"></testcase><testcase classname="src.pymortests.vectorarray" file="src/pymortests/vectorarray.py" line="981" name="test_scal_wrong_ind[2-&lt;lambda&gt;5]" time="0.002089977264404297"></testcase><testcase classname="src.pymortests.vectorarray" file="src/pymortests/vectorarray.py" line="981" name="test_scal_wrong_ind[2-&lt;lambda&gt;6]" time="0.002095937728881836"></testcase><testcase classname="src.pymortests.vectorarray" file="src/pymortests/vectorarray.py" line="981" name="test_scal_wrong_ind[2-&lt;lambda&gt;7]" time="0.0025801658630371094"></testcase><testcase classname="src.pymortests.vectorarray" file="src/pymortests/vectorarray.py" line="981" name="test_scal_wrong_ind[2-&lt;lambda&gt;8]" time="0.006105899810791016"></testcase><testcase classname="src.pymortests.vectorarray" file="src/pymortests/vectorarray.py" line="981" name="test_scal_wrong_ind[2-&lt;lambda&gt;9]" time="0.011579751968383789"></testcase><testcase classname="src.pymortests.vectorarray" file="src/pymortests/vectorarray.py" line="981" name="test_scal_wrong_ind[2-&lt;lambda&gt;10]" time="0.0040204524993896484"></testcase><testcase classname="src.pymortests.vectorarray" file="src/pymortests/vectorarray.py" line="981" name="test_scal_wrong_ind[2-&lt;lambda&gt;11]" time="0.0029878616333007812"></testcase><testcase classname="src.pymortests.vectorarray" file="src/pymortests/vectorarray.py" line="981" name="test_scal_wrong_ind[2-&lt;lambda&gt;12]" time="0.0028412342071533203"></testcase><testcase classname="src.pymortests.vectorarray" file="src/pymortests/vectorarray.py" line="981" name="test_scal_wrong_ind[2-&lt;lambda&gt;13]" time="0.002727985382080078"></testcase><testcase classname="src.pymortests.vectorarray" file="src/pymortests/vectorarray.py" line="981" name="test_scal_wrong_ind[2-&lt;lambda&gt;14]" time="0.0028228759765625"></testcase><testcase classname="src.pymortests.vectorarray" file="src/pymortests/vectorarray.py" line="981" name="test_scal_wrong_ind[2-&lt;lambda&gt;15]" time="0.0031147003173828125"></testcase><testcase classname="src.pymortests.vectorarray" file="src/pymortests/vectorarray.py" line="981" name="test_scal_wrong_ind[2-&lt;lambda&gt;16]" time="0.0030219554901123047"></testcase><testcase classname="src.pymortests.vectorarray" file="src/pymortests/vectorarray.py" line="981" name="test_scal_wrong_ind[2-&lt;lambda&gt;17]" time="0.0025136470794677734"></testcase><testcase classname="src.pymortests.vectorarray" file="src/pymortests/vectorarray.py" line="981" name="test_scal_wrong_ind[2-&lt;lambda&gt;18]" time="0.0023937225341796875"></testcase><testcase classname="src.pymortests.vectorarray" file="src/pymortests/vectorarray.py" line="981" name="test_scal_wrong_ind[2-&lt;lambda&gt;19]" time="0.003340482711791992"></testcase><testcase classname="src.pymortests.vectorarray" file="src/pymortests/vectorarray.py" line="981" name="test_scal_wrong_ind[2-&lt;lambda&gt;20]" time="0.013299226760864258"></testcase><testcase classname="src.pymortests.vectorarray" file="src/pymortests/vectorarray.py" line="981" name="test_scal_wrong_ind[2-&lt;lambda&gt;21]" time="0.02881145477294922"></testcase><testcase classname="src.pymortests.vectorarray" file="src/pymortests/vectorarray.py" line="981" name="test_scal_wrong_ind[2-&lt;lambda&gt;22]" time="0.003003358840942383"></testcase><testcase classname="src.pymortests.vectorarray" file="src/pymortests/vectorarray.py" line="981" name="test_scal_wrong_ind[2-&lt;lambda&gt;23]" time="0.0022110939025878906"></testcase><testcase classname="src.pymortests.vectorarray" file="src/pymortests/vectorarray.py" line="981" name="test_scal_wrong_ind[2-&lt;lambda&gt;24]" time="0.00333404541015625"></testcase><testcase classname="src.pymortests.vectorarray" file="src/pymortests/vectorarray.py" line="981" name="test_scal_wrong_ind[2-&lt;lambda&gt;25]" time="0.028586149215698242"></testcase><testcase classname="src.pymortests.vectorarray" file="src/pymortests/vectorarray.py" line="981" name="test_scal_wrong_ind[2-&lt;lambda&gt;26]" time="0.06393814086914062"></testcase><testcase classname="src.pymortests.vectorarray" file="src/pymortests/vectorarray.py" line="998" name="test_scal_wrong_coefficients[0-&lt;lambda&gt;0]" time="0.0026090145111083984"></testcase><testcase classname="src.pymortests.vectorarray" file="src/pymortests/vectorarray.py" line="998" name="test_scal_wrong_coefficients[0-&lt;lambda&gt;1]" time="0.001956462860107422"></testcase><testcase classname="src.pymortests.vectorarray" file="src/pymortests/vectorarray.py" line="998" name="test_scal_wrong_coefficients[0-&lt;lambda&gt;2]" time="0.0031137466430664062"></testcase><testcase classname="src.pymortests.vectorarray" file="src/pymortests/vectorarray.py" line="998" name="test_scal_wrong_coefficients[0-&lt;lambda&gt;3]" time="0.003996133804321289"></testcase><testcase classname="src.pymortests.vectorarray" file="src/pymortests/vectorarray.py" line="998" name="test_scal_wrong_coefficients[0-&lt;lambda&gt;4]" time="0.004626274108886719"></testcase><testcase classname="src.pymortests.vectorarray" file="src/pymortests/vectorarray.py" line="998" name="test_scal_wrong_coefficients[0-&lt;lambda&gt;5]" time="0.0017559528350830078"></testcase><testcase classname="src.pymortests.vectorarray" file="src/pymortests/vectorarray.py" line="998" name="test_scal_wrong_coefficients[0-&lt;lambda&gt;6]" time="0.0017251968383789062"></testcase><testcase classname="src.pymortests.vectorarray" file="src/pymortests/vectorarray.py" line="998" name="test_scal_wrong_coefficients[0-&lt;lambda&gt;7]" time="0.0028886795043945312"></testcase><testcase classname="src.pymortests.vectorarray" file="src/pymortests/vectorarray.py" line="998" name="test_scal_wrong_coefficients[0-&lt;lambda&gt;8]" time="0.004770517349243164"></testcase><testcase classname="src.pymortests.vectorarray" file="src/pymortests/vectorarray.py" line="998" name="test_scal_wrong_coefficients[0-&lt;lambda&gt;9]" time="0.00507807731628418"></testcase><testcase classname="src.pymortests.vectorarray" file="src/pymortests/vectorarray.py" line="998" name="test_scal_wrong_coefficients[0-&lt;lambda&gt;10]" time="0.002030611038208008"></testcase><testcase classname="src.pymortests.vectorarray" file="src/pymortests/vectorarray.py" line="998" name="test_scal_wrong_coefficients[0-&lt;lambda&gt;11]" time="0.003827333450317383"></testcase><testcase classname="src.pymortests.vectorarray" file="src/pymortests/vectorarray.py" line="998" name="test_scal_wrong_coefficients[0-&lt;lambda&gt;12]" time="0.0037648677825927734"></testcase><testcase classname="src.pymortests.vectorarray" file="src/pymortests/vectorarray.py" line="998" name="test_scal_wrong_coefficients[0-&lt;lambda&gt;13]" time="0.003061056137084961"></testcase><testcase classname="src.pymortests.vectorarray" file="src/pymortests/vectorarray.py" line="998" name="test_scal_wrong_coefficients[0-&lt;lambda&gt;14]" time="0.003777742385864258"></testcase><testcase classname="src.pymortests.vectorarray" file="src/pymortests/vectorarray.py" line="998" name="test_scal_wrong_coefficients[0-&lt;lambda&gt;15]" time="0.005341768264770508"></testcase><testcase classname="src.pymortests.vectorarray" file="src/pymortests/vectorarray.py" line="998" name="test_scal_wrong_coefficients[0-&lt;lambda&gt;16]" time="0.007218122482299805"></testcase><testcase classname="src.pymortests.vectorarray" file="src/pymortests/vectorarray.py" line="998" name="test_scal_wrong_coefficients[0-&lt;lambda&gt;17]" time="0.002299070358276367"></testcase><testcase classname="src.pymortests.vectorarray" file="src/pymortests/vectorarray.py" line="998" name="test_scal_wrong_coefficients[0-&lt;lambda&gt;18]" time="0.0021698474884033203"></testcase><testcase classname="src.pymortests.vectorarray" file="src/pymortests/vectorarray.py" line="998" name="test_scal_wrong_coefficients[0-&lt;lambda&gt;19]" time="0.004074811935424805"></testcase><testcase classname="src.pymortests.vectorarray" file="src/pymortests/vectorarray.py" line="998" name="test_scal_wrong_coefficients[0-&lt;lambda&gt;20]" time="0.011386871337890625"></testcase><testcase classname="src.pymortests.vectorarray" file="src/pymortests/vectorarray.py" line="998" name="test_scal_wrong_coefficients[0-&lt;lambda&gt;21]" time="0.02199077606201172"></testcase><testcase classname="src.pymortests.vectorarray" file="src/pymortests/vectorarray.py" line="998" name="test_scal_wrong_coefficients[0-&lt;lambda&gt;22]" time="0.002859830856323242"></testcase><testcase classname="src.pymortests.vectorarray" file="src/pymortests/vectorarray.py" line="998" name="test_scal_wrong_coefficients[0-&lt;lambda&gt;23]" time="0.0017466545104980469"></testcase><testcase classname="src.pymortests.vectorarray" file="src/pymortests/vectorarray.py" line="998" name="test_scal_wrong_coefficients[0-&lt;lambda&gt;24]" time="0.003995656967163086"></testcase><testcase classname="src.pymortests.vectorarray" file="src/pymortests/vectorarray.py" line="998" name="test_scal_wrong_coefficients[0-&lt;lambda&gt;25]" time="0.025844573974609375"></testcase><testcase classname="src.pymortests.vectorarray" file="src/pymortests/vectorarray.py" line="998" name="test_scal_wrong_coefficients[0-&lt;lambda&gt;26]" time="0.05688905715942383"></testcase><testcase classname="src.pymortests.vectorarray" file="src/pymortests/vectorarray.py" line="998" name="test_scal_wrong_coefficients[1-&lt;lambda&gt;0]" time="0.002701997756958008"></testcase><testcase classname="src.pymortests.vectorarray" file="src/pymortests/vectorarray.py" line="998" name="test_scal_wrong_coefficients[1-&lt;lambda&gt;1]" time="0.0018911361694335938"></testcase><testcase classname="src.pymortests.vectorarray" file="src/pymortests/vectorarray.py" line="998" name="test_scal_wrong_coefficients[1-&lt;lambda&gt;2]" time="0.002900362014770508"></testcase><testcase classname="src.pymortests.vectorarray" file="src/pymortests/vectorarray.py" line="998" name="test_scal_wrong_coefficients[1-&lt;lambda&gt;3]" time="0.003764629364013672"></testcase><testcase classname="src.pymortests.vectorarray" file="src/pymortests/vectorarray.py" line="998" name="test_scal_wrong_coefficients[1-&lt;lambda&gt;4]" time="0.004558563232421875"></testcase><testcase classname="src.pymortests.vectorarray" file="src/pymortests/vectorarray.py" line="998" name="test_scal_wrong_coefficients[1-&lt;lambda&gt;5]" time="0.0020749568939208984"></testcase><testcase classname="src.pymortests.vectorarray" file="src/pymortests/vectorarray.py" line="998" name="test_scal_wrong_coefficients[1-&lt;lambda&gt;6]" time="0.0017971992492675781"></testcase><testcase classname="src.pymortests.vectorarray" file="src/pymortests/vectorarray.py" line="998" name="test_scal_wrong_coefficients[1-&lt;lambda&gt;7]" time="0.0029015541076660156"></testcase><testcase classname="src.pymortests.vectorarray" file="src/pymortests/vectorarray.py" line="998" name="test_scal_wrong_coefficients[1-&lt;lambda&gt;8]" time="0.004164218902587891"></testcase><testcase classname="src.pymortests.vectorarray" file="src/pymortests/vectorarray.py" line="998" name="test_scal_wrong_coefficients[1-&lt;lambda&gt;9]" time="0.005688905715942383"></testcase><testcase classname="src.pymortests.vectorarray" file="src/pymortests/vectorarray.py" line="998" name="test_scal_wrong_coefficients[1-&lt;lambda&gt;10]" time="0.0022025108337402344"></testcase><testcase classname="src.pymortests.vectorarray" file="src/pymortests/vectorarray.py" line="998" name="test_scal_wrong_coefficients[1-&lt;lambda&gt;11]" time="0.0039196014404296875"></testcase><testcase classname="src.pymortests.vectorarray" file="src/pymortests/vectorarray.py" line="998" name="test_scal_wrong_coefficients[1-&lt;lambda&gt;12]" time="0.0038499832153320312"></testcase><testcase classname="src.pymortests.vectorarray" file="src/pymortests/vectorarray.py" line="998" name="test_scal_wrong_coefficients[1-&lt;lambda&gt;13]" time="0.0031876564025878906"></testcase><testcase classname="src.pymortests.vectorarray" file="src/pymortests/vectorarray.py" line="998" name="test_scal_wrong_coefficients[1-&lt;lambda&gt;14]" time="0.0038840770721435547"></testcase><testcase classname="src.pymortests.vectorarray" file="src/pymortests/vectorarray.py" line="998" name="test_scal_wrong_coefficients[1-&lt;lambda&gt;15]" time="0.00554656982421875"></testcase><testcase classname="src.pymortests.vectorarray" file="src/pymortests/vectorarray.py" line="998" name="test_scal_wrong_coefficients[1-&lt;lambda&gt;16]" time="0.007249116897583008"></testcase><testcase classname="src.pymortests.vectorarray" file="src/pymortests/vectorarray.py" line="998" name="test_scal_wrong_coefficients[1-&lt;lambda&gt;17]" time="0.0022907257080078125"></testcase><testcase classname="src.pymortests.vectorarray" file="src/pymortests/vectorarray.py" line="998" name="test_scal_wrong_coefficients[1-&lt;lambda&gt;18]" time="0.002151966094970703"></testcase><testcase classname="src.pymortests.vectorarray" file="src/pymortests/vectorarray.py" line="998" name="test_scal_wrong_coefficients[1-&lt;lambda&gt;19]" time="0.00426483154296875"></testcase><testcase classname="src.pymortests.vectorarray" file="src/pymortests/vectorarray.py" line="998" name="test_scal_wrong_coefficients[1-&lt;lambda&gt;20]" time="0.011144638061523438"></testcase><testcase classname="src.pymortests.vectorarray" file="src/pymortests/vectorarray.py" line="998" name="test_scal_wrong_coefficients[1-&lt;lambda&gt;21]" time="0.021821260452270508"></testcase><testcase classname="src.pymortests.vectorarray" file="src/pymortests/vectorarray.py" line="998" name="test_scal_wrong_coefficients[1-&lt;lambda&gt;22]" time="0.002460479736328125"></testcase><testcase classname="src.pymortests.vectorarray" file="src/pymortests/vectorarray.py" line="998" name="test_scal_wrong_coefficients[1-&lt;lambda&gt;23]" time="0.001756906509399414"></testcase><testcase classname="src.pymortests.vectorarray" file="src/pymortests/vectorarray.py" line="998" name="test_scal_wrong_coefficients[1-&lt;lambda&gt;24]" time="0.003905773162841797"></testcase><testcase classname="src.pymortests.vectorarray" file="src/pymortests/vectorarray.py" line="998" name="test_scal_wrong_coefficients[1-&lt;lambda&gt;25]" time="0.027260780334472656"></testcase><testcase classname="src.pymortests.vectorarray" file="src/pymortests/vectorarray.py" line="998" name="test_scal_wrong_coefficients[1-&lt;lambda&gt;26]" time="0.05771589279174805"></testcase><testcase classname="src.pymortests.vectorarray" file="src/pymortests/vectorarray.py" line="998" name="test_scal_wrong_coefficients[2-&lt;lambda&gt;0]" time="0.0026502609252929688"></testcase><testcase classname="src.pymortests.vectorarray" file="src/pymortests/vectorarray.py" line="998" name="test_scal_wrong_coefficients[2-&lt;lambda&gt;1]" time="0.0019164085388183594"></testcase><testcase classname="src.pymortests.vectorarray" file="src/pymortests/vectorarray.py" line="998" name="test_scal_wrong_coefficients[2-&lt;lambda&gt;2]" time="0.002918720245361328"></testcase><testcase classname="src.pymortests.vectorarray" file="src/pymortests/vectorarray.py" line="998" name="test_scal_wrong_coefficients[2-&lt;lambda&gt;3]" time="0.0038444995880126953"></testcase><testcase classname="src.pymortests.vectorarray" file="src/pymortests/vectorarray.py" line="998" name="test_scal_wrong_coefficients[2-&lt;lambda&gt;4]" time="0.004549503326416016"></testcase><testcase classname="src.pymortests.vectorarray" file="src/pymortests/vectorarray.py" line="998" name="test_scal_wrong_coefficients[2-&lt;lambda&gt;5]" time="0.001851797103881836"></testcase><testcase classname="src.pymortests.vectorarray" file="src/pymortests/vectorarray.py" line="998" name="test_scal_wrong_coefficients[2-&lt;lambda&gt;6]" time="0.0017635822296142578"></testcase><testcase classname="src.pymortests.vectorarray" file="src/pymortests/vectorarray.py" line="998" name="test_scal_wrong_coefficients[2-&lt;lambda&gt;7]" time="0.002813100814819336"></testcase><testcase classname="src.pymortests.vectorarray" file="src/pymortests/vectorarray.py" line="998" name="test_scal_wrong_coefficients[2-&lt;lambda&gt;8]" time="0.004402637481689453"></testcase><testcase classname="src.pymortests.vectorarray" file="src/pymortests/vectorarray.py" line="998" name="test_scal_wrong_coefficients[2-&lt;lambda&gt;9]" time="0.005915403366088867"></testcase><testcase classname="src.pymortests.vectorarray" file="src/pymortests/vectorarray.py" line="998" name="test_scal_wrong_coefficients[2-&lt;lambda&gt;10]" time="0.002158641815185547"></testcase><testcase classname="src.pymortests.vectorarray" file="src/pymortests/vectorarray.py" line="998" name="test_scal_wrong_coefficients[2-&lt;lambda&gt;11]" time="0.003967761993408203"></testcase><testcase classname="src.pymortests.vectorarray" file="src/pymortests/vectorarray.py" line="998" name="test_scal_wrong_coefficients[2-&lt;lambda&gt;12]" time="0.0038890838623046875"></testcase><testcase classname="src.pymortests.vectorarray" file="src/pymortests/vectorarray.py" line="998" name="test_scal_wrong_coefficients[2-&lt;lambda&gt;13]" time="0.0031676292419433594"></testcase><testcase classname="src.pymortests.vectorarray" file="src/pymortests/vectorarray.py" line="998" name="test_scal_wrong_coefficients[2-&lt;lambda&gt;14]" time="0.0038552284240722656"></testcase><testcase classname="src.pymortests.vectorarray" file="src/pymortests/vectorarray.py" line="998" name="test_scal_wrong_coefficients[2-&lt;lambda&gt;15]" time="0.005601644515991211"></testcase><testcase classname="src.pymortests.vectorarray" file="src/pymortests/vectorarray.py" line="998" name="test_scal_wrong_coefficients[2-&lt;lambda&gt;16]" time="0.0072858333587646484"></testcase><testcase classname="src.pymortests.vectorarray" file="src/pymortests/vectorarray.py" line="998" name="test_scal_wrong_coefficients[2-&lt;lambda&gt;17]" time="0.002364635467529297"></testcase><testcase classname="src.pymortests.vectorarray" file="src/pymortests/vectorarray.py" line="998" name="test_scal_wrong_coefficients[2-&lt;lambda&gt;18]" time="0.002117633819580078"></testcase><testcase classname="src.pymortests.vectorarray" file="src/pymortests/vectorarray.py" line="998" name="test_scal_wrong_coefficients[2-&lt;lambda&gt;19]" time="0.004066944122314453"></testcase><testcase classname="src.pymortests.vectorarray" file="src/pymortests/vectorarray.py" line="998" name="test_scal_wrong_coefficients[2-&lt;lambda&gt;20]" time="0.011523962020874023"></testcase><testcase classname="src.pymortests.vectorarray" file="src/pymortests/vectorarray.py" line="998" name="test_scal_wrong_coefficients[2-&lt;lambda&gt;21]" time="0.02289438247680664"></testcase><testcase classname="src.pymortests.vectorarray" file="src/pymortests/vectorarray.py" line="998" name="test_scal_wrong_coefficients[2-&lt;lambda&gt;22]" time="0.0025141239166259766"></testcase><testcase classname="src.pymortests.vectorarray" file="src/pymortests/vectorarray.py" line="998" name="test_scal_wrong_coefficients[2-&lt;lambda&gt;23]" time="0.0017609596252441406"></testcase><testcase classname="src.pymortests.vectorarray" file="src/pymortests/vectorarray.py" line="998" name="test_scal_wrong_coefficients[2-&lt;lambda&gt;24]" time="0.003882169723510742"></testcase><testcase classname="src.pymortests.vectorarray" file="src/pymortests/vectorarray.py" line="998" name="test_scal_wrong_coefficients[2-&lt;lambda&gt;25]" time="0.02617788314819336"></testcase><testcase classname="src.pymortests.vectorarray" file="src/pymortests/vectorarray.py" line="998" name="test_scal_wrong_coefficients[2-&lt;lambda&gt;26]" time="0.05814671516418457"></testcase><testcase classname="src.pymortests.vectorarray" file="src/pymortests/vectorarray.py" line="1009" name="test_axpy_wrong_ind[compatible_vector_array_pair0-&lt;lambda&gt;0]" time="0.0037453174591064453"></testcase><testcase classname="src.pymortests.vectorarray" file="src/pymortests/vectorarray.py" line="1009" name="test_axpy_wrong_ind[compatible_vector_array_pair0-&lt;lambda&gt;1]" time="0.003348112106323242"></testcase><testcase classname="src.pymortests.vectorarray" file="src/pymortests/vectorarray.py" line="1009" name="test_axpy_wrong_ind[compatible_vector_array_pair0-&lt;lambda&gt;2]" time="0.009367704391479492"></testcase><testcase classname="src.pymortests.vectorarray" file="src/pymortests/vectorarray.py" line="1009" name="test_axpy_wrong_ind[compatible_vector_array_pair0-&lt;lambda&gt;3]" time="0.013018608093261719"></testcase><testcase classname="src.pymortests.vectorarray" file="src/pymortests/vectorarray.py" line="1009" name="test_axpy_wrong_ind[compatible_vector_array_pair0-&lt;lambda&gt;4]" time="0.017968177795410156"></testcase><testcase classname="src.pymortests.vectorarray" file="src/pymortests/vectorarray.py" line="1009" name="test_axpy_wrong_ind[compatible_vector_array_pair0-&lt;lambda&gt;5]" time="0.008585929870605469"></testcase><testcase classname="src.pymortests.vectorarray" file="src/pymortests/vectorarray.py" line="1009" name="test_axpy_wrong_ind[compatible_vector_array_pair0-&lt;lambda&gt;6]" time="0.002795696258544922"></testcase><testcase classname="src.pymortests.vectorarray" file="src/pymortests/vectorarray.py" line="1009" name="test_axpy_wrong_ind[compatible_vector_array_pair0-&lt;lambda&gt;7]" time="0.003674745559692383"></testcase><testcase classname="src.pymortests.vectorarray" file="src/pymortests/vectorarray.py" line="1009" name="test_axpy_wrong_ind[compatible_vector_array_pair0-&lt;lambda&gt;8]" time="0.025586605072021484"></testcase><testcase classname="src.pymortests.vectorarray" file="src/pymortests/vectorarray.py" line="1009" name="test_axpy_wrong_ind[compatible_vector_array_pair0-&lt;lambda&gt;9]" time="0.043973445892333984"></testcase><testcase classname="src.pymortests.vectorarray" file="src/pymortests/vectorarray.py" line="1009" name="test_axpy_wrong_ind[compatible_vector_array_pair0-&lt;lambda&gt;10]" time="0.13684320449829102"></testcase><testcase classname="src.pymortests.vectorarray" file="src/pymortests/vectorarray.py" line="1009" name="test_axpy_wrong_ind[compatible_vector_array_pair0-&lt;lambda&gt;11]" time="0.0100250244140625"></testcase><testcase classname="src.pymortests.vectorarray" file="src/pymortests/vectorarray.py" line="1009" name="test_axpy_wrong_ind[compatible_vector_array_pair0-&lt;lambda&gt;12]" time="0.0056455135345458984"></testcase><testcase classname="src.pymortests.vectorarray" file="src/pymortests/vectorarray.py" line="1009" name="test_axpy_wrong_ind[compatible_vector_array_pair0-&lt;lambda&gt;13]" time="0.011952638626098633"></testcase><testcase classname="src.pymortests.vectorarray" file="src/pymortests/vectorarray.py" line="1009" name="test_axpy_wrong_ind[compatible_vector_array_pair0-&lt;lambda&gt;14]" time="0.01255035400390625"></testcase><testcase classname="src.pymortests.vectorarray" file="src/pymortests/vectorarray.py" line="1009" name="test_axpy_wrong_ind[compatible_vector_array_pair0-&lt;lambda&gt;15]" time="0.02087116241455078"></testcase><testcase classname="src.pymortests.vectorarray" file="src/pymortests/vectorarray.py" line="1009" name="test_axpy_wrong_ind[compatible_vector_array_pair0-&lt;lambda&gt;16]" time="0.028894424438476562"></testcase><testcase classname="src.pymortests.vectorarray" file="src/pymortests/vectorarray.py" line="1009" name="test_axpy_wrong_ind[compatible_vector_array_pair0-&lt;lambda&gt;17]" time="0.03733420372009277"></testcase><testcase classname="src.pymortests.vectorarray" file="src/pymortests/vectorarray.py" line="1009" name="test_axpy_wrong_ind[compatible_vector_array_pair0-&lt;lambda&gt;18]" time="0.004643440246582031"></testcase><testcase classname="src.pymortests.vectorarray" file="src/pymortests/vectorarray.py" line="1009" name="test_axpy_wrong_ind[compatible_vector_array_pair0-&lt;lambda&gt;19]" time="0.0040285587310791016"></testcase><testcase classname="src.pymortests.vectorarray" file="src/pymortests/vectorarray.py" line="1009" name="test_axpy_wrong_ind[compatible_vector_array_pair0-&lt;lambda&gt;20]" time="0.05048012733459473"></testcase><testcase classname="src.pymortests.vectorarray" file="src/pymortests/vectorarray.py" line="1009" name="test_axpy_wrong_ind[compatible_vector_array_pair0-&lt;lambda&gt;21]" time="0.05298590660095215"></testcase><testcase classname="src.pymortests.vectorarray" file="src/pymortests/vectorarray.py" line="1009" name="test_axpy_wrong_ind[compatible_vector_array_pair0-&lt;lambda&gt;22]" time="0.16940760612487793"></testcase><testcase classname="src.pymortests.vectorarray" file="src/pymortests/vectorarray.py" line="1009" name="test_axpy_wrong_ind[compatible_vector_array_pair0-&lt;lambda&gt;23]" time="0.010881423950195312"></testcase><testcase classname="src.pymortests.vectorarray" file="src/pymortests/vectorarray.py" line="1009" name="test_axpy_wrong_ind[compatible_vector_array_pair0-&lt;lambda&gt;24]" time="0.004000186920166016"></testcase><testcase classname="src.pymortests.vectorarray" file="src/pymortests/vectorarray.py" line="1009" name="test_axpy_wrong_ind[compatible_vector_array_pair0-&lt;lambda&gt;25]" time="0.004533529281616211"></testcase><testcase classname="src.pymortests.vectorarray" file="src/pymortests/vectorarray.py" line="1009" name="test_axpy_wrong_ind[compatible_vector_array_pair0-&lt;lambda&gt;26]" time="0.04569888114929199"></testcase><testcase classname="src.pymortests.vectorarray" file="src/pymortests/vectorarray.py" line="1009" name="test_axpy_wrong_ind[compatible_vector_array_pair0-&lt;lambda&gt;27]" time="0.06896758079528809"></testcase><testcase classname="src.pymortests.vectorarray" file="src/pymortests/vectorarray.py" line="1009" name="test_axpy_wrong_ind[compatible_vector_array_pair0-&lt;lambda&gt;28]" time="0.2355632781982422"></testcase><testcase classname="src.pymortests.vectorarray" file="src/pymortests/vectorarray.py" line="1009" name="test_axpy_wrong_ind[compatible_vector_array_pair0-&lt;lambda&gt;29]" time="0.012501001358032227"></testcase><testcase classname="src.pymortests.vectorarray" file="src/pymortests/vectorarray.py" line="1009" name="test_axpy_wrong_ind[compatible_vector_array_pair1-&lt;lambda&gt;0]" time="0.004130840301513672"></testcase><testcase classname="src.pymortests.vectorarray" file="src/pymortests/vectorarray.py" line="1009" name="test_axpy_wrong_ind[compatible_vector_array_pair1-&lt;lambda&gt;1]" time="0.0034105777740478516"></testcase><testcase classname="src.pymortests.vectorarray" file="src/pymortests/vectorarray.py" line="1009" name="test_axpy_wrong_ind[compatible_vector_array_pair1-&lt;lambda&gt;2]" time="0.009952068328857422"></testcase><testcase classname="src.pymortests.vectorarray" file="src/pymortests/vectorarray.py" line="1009" name="test_axpy_wrong_ind[compatible_vector_array_pair1-&lt;lambda&gt;3]" time="0.013006925582885742"></testcase><testcase classname="src.pymortests.vectorarray" file="src/pymortests/vectorarray.py" line="1009" name="test_axpy_wrong_ind[compatible_vector_array_pair1-&lt;lambda&gt;4]" time="0.018693923950195312"></testcase><testcase classname="src.pymortests.vectorarray" file="src/pymortests/vectorarray.py" line="1009" name="test_axpy_wrong_ind[compatible_vector_array_pair1-&lt;lambda&gt;5]" time="0.008623600006103516"></testcase><testcase classname="src.pymortests.vectorarray" file="src/pymortests/vectorarray.py" line="1009" name="test_axpy_wrong_ind[compatible_vector_array_pair1-&lt;lambda&gt;6]" time="0.002803325653076172"></testcase><testcase classname="src.pymortests.vectorarray" file="src/pymortests/vectorarray.py" line="1009" name="test_axpy_wrong_ind[compatible_vector_array_pair1-&lt;lambda&gt;7]" time="0.003416299819946289"></testcase><testcase classname="src.pymortests.vectorarray" file="src/pymortests/vectorarray.py" line="1009" name="test_axpy_wrong_ind[compatible_vector_array_pair1-&lt;lambda&gt;8]" time="0.02559185028076172"></testcase><testcase classname="src.pymortests.vectorarray" file="src/pymortests/vectorarray.py" line="1009" name="test_axpy_wrong_ind[compatible_vector_array_pair1-&lt;lambda&gt;9]" time="0.043938398361206055"></testcase><testcase classname="src.pymortests.vectorarray" file="src/pymortests/vectorarray.py" line="1009" name="test_axpy_wrong_ind[compatible_vector_array_pair1-&lt;lambda&gt;10]" time="0.13998889923095703"></testcase><testcase classname="src.pymortests.vectorarray" file="src/pymortests/vectorarray.py" line="1009" name="test_axpy_wrong_ind[compatible_vector_array_pair1-&lt;lambda&gt;11]" time="0.009821891784667969"></testcase><testcase classname="src.pymortests.vectorarray" file="src/pymortests/vectorarray.py" line="1009" name="test_axpy_wrong_ind[compatible_vector_array_pair1-&lt;lambda&gt;12]" time="0.004521369934082031"></testcase><testcase classname="src.pymortests.vectorarray" file="src/pymortests/vectorarray.py" line="1009" name="test_axpy_wrong_ind[compatible_vector_array_pair1-&lt;lambda&gt;13]" time="0.010944128036499023"></testcase><testcase classname="src.pymortests.vectorarray" file="src/pymortests/vectorarray.py" line="1009" name="test_axpy_wrong_ind[compatible_vector_array_pair1-&lt;lambda&gt;14]" time="0.011697530746459961"></testcase><testcase classname="src.pymortests.vectorarray" file="src/pymortests/vectorarray.py" line="1009" name="test_axpy_wrong_ind[compatible_vector_array_pair1-&lt;lambda&gt;15]" time="0.019188642501831055"></testcase><testcase classname="src.pymortests.vectorarray" file="src/pymortests/vectorarray.py" line="1009" name="test_axpy_wrong_ind[compatible_vector_array_pair1-&lt;lambda&gt;16]" time="0.028681516647338867"></testcase><testcase classname="src.pymortests.vectorarray" file="src/pymortests/vectorarray.py" line="1009" name="test_axpy_wrong_ind[compatible_vector_array_pair1-&lt;lambda&gt;17]" time="0.03694009780883789"></testcase><testcase classname="src.pymortests.vectorarray" file="src/pymortests/vectorarray.py" line="1009" name="test_axpy_wrong_ind[compatible_vector_array_pair1-&lt;lambda&gt;18]" time="0.004500627517700195"></testcase><testcase classname="src.pymortests.vectorarray" file="src/pymortests/vectorarray.py" line="1009" name="test_axpy_wrong_ind[compatible_vector_array_pair1-&lt;lambda&gt;19]" time="0.004190683364868164"></testcase><testcase classname="src.pymortests.vectorarray" file="src/pymortests/vectorarray.py" line="1009" name="test_axpy_wrong_ind[compatible_vector_array_pair1-&lt;lambda&gt;20]" time="0.049111366271972656"></testcase><testcase classname="src.pymortests.vectorarray" file="src/pymortests/vectorarray.py" line="1009" name="test_axpy_wrong_ind[compatible_vector_array_pair1-&lt;lambda&gt;21]" time="0.05318951606750488"></testcase><testcase classname="src.pymortests.vectorarray" file="src/pymortests/vectorarray.py" line="1009" name="test_axpy_wrong_ind[compatible_vector_array_pair1-&lt;lambda&gt;22]" time="0.17050600051879883"></testcase><testcase classname="src.pymortests.vectorarray" file="src/pymortests/vectorarray.py" line="1009" name="test_axpy_wrong_ind[compatible_vector_array_pair1-&lt;lambda&gt;23]" time="0.010828971862792969"></testcase><testcase classname="src.pymortests.vectorarray" file="src/pymortests/vectorarray.py" line="1009" name="test_axpy_wrong_ind[compatible_vector_array_pair1-&lt;lambda&gt;24]" time="0.0027773380279541016"></testcase><testcase classname="src.pymortests.vectorarray" file="src/pymortests/vectorarray.py" line="1009" name="test_axpy_wrong_ind[compatible_vector_array_pair1-&lt;lambda&gt;25]" time="0.004675149917602539"></testcase><testcase classname="src.pymortests.vectorarray" file="src/pymortests/vectorarray.py" line="1009" name="test_axpy_wrong_ind[compatible_vector_array_pair1-&lt;lambda&gt;26]" time="0.04587602615356445"></testcase><testcase classname="src.pymortests.vectorarray" file="src/pymortests/vectorarray.py" line="1009" name="test_axpy_wrong_ind[compatible_vector_array_pair1-&lt;lambda&gt;27]" time="0.07066607475280762"></testcase><testcase classname="src.pymortests.vectorarray" file="src/pymortests/vectorarray.py" line="1009" name="test_axpy_wrong_ind[compatible_vector_array_pair1-&lt;lambda&gt;28]" time="0.2393476963043213"></testcase><testcase classname="src.pymortests.vectorarray" file="src/pymortests/vectorarray.py" line="1009" name="test_axpy_wrong_ind[compatible_vector_array_pair1-&lt;lambda&gt;29]" time="0.012500762939453125"></testcase><testcase classname="src.pymortests.vectorarray" file="src/pymortests/vectorarray.py" line="1009" name="test_axpy_wrong_ind[compatible_vector_array_pair2-&lt;lambda&gt;0]" time="0.004030466079711914"></testcase><testcase classname="src.pymortests.vectorarray" file="src/pymortests/vectorarray.py" line="1009" name="test_axpy_wrong_ind[compatible_vector_array_pair2-&lt;lambda&gt;1]" time="0.0034644603729248047"></testcase><testcase classname="src.pymortests.vectorarray" file="src/pymortests/vectorarray.py" line="1009" name="test_axpy_wrong_ind[compatible_vector_array_pair2-&lt;lambda&gt;2]" time="0.009685277938842773"></testcase><testcase classname="src.pymortests.vectorarray" file="src/pymortests/vectorarray.py" line="1009" name="test_axpy_wrong_ind[compatible_vector_array_pair2-&lt;lambda&gt;3]" time="0.013256549835205078"></testcase><testcase classname="src.pymortests.vectorarray" file="src/pymortests/vectorarray.py" line="1009" name="test_axpy_wrong_ind[compatible_vector_array_pair2-&lt;lambda&gt;4]" time="0.019036054611206055"></testcase><testcase classname="src.pymortests.vectorarray" file="src/pymortests/vectorarray.py" line="1009" name="test_axpy_wrong_ind[compatible_vector_array_pair2-&lt;lambda&gt;5]" time="0.008680582046508789"></testcase><testcase classname="src.pymortests.vectorarray" file="src/pymortests/vectorarray.py" line="1009" name="test_axpy_wrong_ind[compatible_vector_array_pair2-&lt;lambda&gt;6]" time="0.0028085708618164062"></testcase><testcase classname="src.pymortests.vectorarray" file="src/pymortests/vectorarray.py" line="1009" name="test_axpy_wrong_ind[compatible_vector_array_pair2-&lt;lambda&gt;7]" time="0.0038852691650390625"></testcase><testcase classname="src.pymortests.vectorarray" file="src/pymortests/vectorarray.py" line="1009" name="test_axpy_wrong_ind[compatible_vector_array_pair2-&lt;lambda&gt;8]" time="0.029028654098510742"></testcase><testcase classname="src.pymortests.vectorarray" file="src/pymortests/vectorarray.py" line="1009" name="test_axpy_wrong_ind[compatible_vector_array_pair2-&lt;lambda&gt;9]" time="0.04312562942504883"></testcase><testcase classname="src.pymortests.vectorarray" file="src/pymortests/vectorarray.py" line="1009" name="test_axpy_wrong_ind[compatible_vector_array_pair2-&lt;lambda&gt;10]" time="0.1363368034362793"></testcase><testcase classname="src.pymortests.vectorarray" file="src/pymortests/vectorarray.py" line="1009" name="test_axpy_wrong_ind[compatible_vector_array_pair2-&lt;lambda&gt;11]" time="0.009708881378173828"></testcase><testcase classname="src.pymortests.vectorarray" file="src/pymortests/vectorarray.py" line="1009" name="test_axpy_wrong_ind[compatible_vector_array_pair2-&lt;lambda&gt;12]" time="0.004507303237915039"></testcase><testcase classname="src.pymortests.vectorarray" file="src/pymortests/vectorarray.py" line="1009" name="test_axpy_wrong_ind[compatible_vector_array_pair2-&lt;lambda&gt;13]" time="0.010915279388427734"></testcase><testcase classname="src.pymortests.vectorarray" file="src/pymortests/vectorarray.py" line="1009" name="test_axpy_wrong_ind[compatible_vector_array_pair2-&lt;lambda&gt;14]" time="0.01149296760559082"></testcase><testcase classname="src.pymortests.vectorarray" file="src/pymortests/vectorarray.py" line="1009" name="test_axpy_wrong_ind[compatible_vector_array_pair2-&lt;lambda&gt;15]" time="0.01910090446472168"></testcase><testcase classname="src.pymortests.vectorarray" file="src/pymortests/vectorarray.py" line="1009" name="test_axpy_wrong_ind[compatible_vector_array_pair2-&lt;lambda&gt;16]" time="0.028279781341552734"></testcase><testcase classname="src.pymortests.vectorarray" file="src/pymortests/vectorarray.py" line="1009" name="test_axpy_wrong_ind[compatible_vector_array_pair2-&lt;lambda&gt;17]" time="0.03701019287109375"></testcase><testcase classname="src.pymortests.vectorarray" file="src/pymortests/vectorarray.py" line="1009" name="test_axpy_wrong_ind[compatible_vector_array_pair2-&lt;lambda&gt;18]" time="0.004585742950439453"></testcase><testcase classname="src.pymortests.vectorarray" file="src/pymortests/vectorarray.py" line="1009" name="test_axpy_wrong_ind[compatible_vector_array_pair2-&lt;lambda&gt;19]" time="0.0042209625244140625"></testcase><testcase classname="src.pymortests.vectorarray" file="src/pymortests/vectorarray.py" line="1009" name="test_axpy_wrong_ind[compatible_vector_array_pair2-&lt;lambda&gt;20]" time="0.04967808723449707"></testcase><testcase classname="src.pymortests.vectorarray" file="src/pymortests/vectorarray.py" line="1009" name="test_axpy_wrong_ind[compatible_vector_array_pair2-&lt;lambda&gt;21]" time="0.05289268493652344"></testcase><testcase classname="src.pymortests.vectorarray" file="src/pymortests/vectorarray.py" line="1009" name="test_axpy_wrong_ind[compatible_vector_array_pair2-&lt;lambda&gt;22]" time="0.16934967041015625"></testcase><testcase classname="src.pymortests.vectorarray" file="src/pymortests/vectorarray.py" line="1009" name="test_axpy_wrong_ind[compatible_vector_array_pair2-&lt;lambda&gt;23]" time="0.01078653335571289"></testcase><testcase classname="src.pymortests.vectorarray" file="src/pymortests/vectorarray.py" line="1009" name="test_axpy_wrong_ind[compatible_vector_array_pair2-&lt;lambda&gt;24]" time="0.0038259029388427734"></testcase><testcase classname="src.pymortests.vectorarray" file="src/pymortests/vectorarray.py" line="1009" name="test_axpy_wrong_ind[compatible_vector_array_pair2-&lt;lambda&gt;25]" time="0.004626035690307617"></testcase><testcase classname="src.pymortests.vectorarray" file="src/pymortests/vectorarray.py" line="1009" name="test_axpy_wrong_ind[compatible_vector_array_pair2-&lt;lambda&gt;26]" time="0.04556870460510254"></testcase><testcase classname="src.pymortests.vectorarray" file="src/pymortests/vectorarray.py" line="1009" name="test_axpy_wrong_ind[compatible_vector_array_pair2-&lt;lambda&gt;27]" time="0.06951642036437988"></testcase><testcase classname="src.pymortests.vectorarray" file="src/pymortests/vectorarray.py" line="1009" name="test_axpy_wrong_ind[compatible_vector_array_pair2-&lt;lambda&gt;28]" time="0.2393496036529541"></testcase><testcase classname="src.pymortests.vectorarray" file="src/pymortests/vectorarray.py" line="1009" name="test_axpy_wrong_ind[compatible_vector_array_pair2-&lt;lambda&gt;29]" time="0.0140838623046875"></testcase><testcase classname="src.pymortests.vectorarray" file="src/pymortests/vectorarray.py" line="1009" name="test_axpy_wrong_ind[compatible_vector_array_pair3-&lt;lambda&gt;0]" time="0.004215240478515625"></testcase><testcase classname="src.pymortests.vectorarray" file="src/pymortests/vectorarray.py" line="1009" name="test_axpy_wrong_ind[compatible_vector_array_pair3-&lt;lambda&gt;1]" time="0.0033566951751708984"></testcase><testcase classname="src.pymortests.vectorarray" file="src/pymortests/vectorarray.py" line="1009" name="test_axpy_wrong_ind[compatible_vector_array_pair3-&lt;lambda&gt;2]" time="0.009513139724731445"></testcase><testcase classname="src.pymortests.vectorarray" file="src/pymortests/vectorarray.py" line="1009" name="test_axpy_wrong_ind[compatible_vector_array_pair3-&lt;lambda&gt;3]" time="0.012968301773071289"></testcase><testcase classname="src.pymortests.vectorarray" file="src/pymortests/vectorarray.py" line="1009" name="test_axpy_wrong_ind[compatible_vector_array_pair3-&lt;lambda&gt;4]" time="0.017330169677734375"></testcase><testcase classname="src.pymortests.vectorarray" file="src/pymortests/vectorarray.py" line="1009" name="test_axpy_wrong_ind[compatible_vector_array_pair3-&lt;lambda&gt;5]" time="0.008639335632324219"></testcase><testcase classname="src.pymortests.vectorarray" file="src/pymortests/vectorarray.py" line="1009" name="test_axpy_wrong_ind[compatible_vector_array_pair3-&lt;lambda&gt;6]" time="0.004087209701538086"></testcase><testcase classname="src.pymortests.vectorarray" file="src/pymortests/vectorarray.py" line="1009" name="test_axpy_wrong_ind[compatible_vector_array_pair3-&lt;lambda&gt;7]" time="0.003867626190185547"></testcase><testcase classname="src.pymortests.vectorarray" file="src/pymortests/vectorarray.py" line="1009" name="test_axpy_wrong_ind[compatible_vector_array_pair3-&lt;lambda&gt;8]" time="0.0258481502532959"></testcase><testcase classname="src.pymortests.vectorarray" file="src/pymortests/vectorarray.py" line="1009" name="test_axpy_wrong_ind[compatible_vector_array_pair3-&lt;lambda&gt;9]" time="0.04417562484741211"></testcase><testcase classname="src.pymortests.vectorarray" file="src/pymortests/vectorarray.py" line="1009" name="test_axpy_wrong_ind[compatible_vector_array_pair3-&lt;lambda&gt;10]" time="0.1367475986480713"></testcase><testcase classname="src.pymortests.vectorarray" file="src/pymortests/vectorarray.py" line="1009" name="test_axpy_wrong_ind[compatible_vector_array_pair3-&lt;lambda&gt;11]" time="0.009909629821777344"></testcase><testcase classname="src.pymortests.vectorarray" file="src/pymortests/vectorarray.py" line="1009" name="test_axpy_wrong_ind[compatible_vector_array_pair3-&lt;lambda&gt;12]" time="0.005499362945556641"></testcase><testcase classname="src.pymortests.vectorarray" file="src/pymortests/vectorarray.py" line="1009" name="test_axpy_wrong_ind[compatible_vector_array_pair3-&lt;lambda&gt;13]" time="0.011158943176269531"></testcase><testcase classname="src.pymortests.vectorarray" file="src/pymortests/vectorarray.py" line="1009" name="test_axpy_wrong_ind[compatible_vector_array_pair3-&lt;lambda&gt;14]" time="0.01139211654663086"></testcase><testcase classname="src.pymortests.vectorarray" file="src/pymortests/vectorarray.py" line="1009" name="test_axpy_wrong_ind[compatible_vector_array_pair3-&lt;lambda&gt;15]" time="0.01930713653564453"></testcase><testcase classname="src.pymortests.vectorarray" file="src/pymortests/vectorarray.py" line="1009" name="test_axpy_wrong_ind[compatible_vector_array_pair3-&lt;lambda&gt;16]" time="0.028030872344970703"></testcase><testcase classname="src.pymortests.vectorarray" file="src/pymortests/vectorarray.py" line="1009" name="test_axpy_wrong_ind[compatible_vector_array_pair3-&lt;lambda&gt;17]" time="0.037039756774902344"></testcase><testcase classname="src.pymortests.vectorarray" file="src/pymortests/vectorarray.py" line="1009" name="test_axpy_wrong_ind[compatible_vector_array_pair3-&lt;lambda&gt;18]" time="0.004476308822631836"></testcase><testcase classname="src.pymortests.vectorarray" file="src/pymortests/vectorarray.py" line="1009" name="test_axpy_wrong_ind[compatible_vector_array_pair3-&lt;lambda&gt;19]" time="0.004195451736450195"></testcase><testcase classname="src.pymortests.vectorarray" file="src/pymortests/vectorarray.py" line="1009" name="test_axpy_wrong_ind[compatible_vector_array_pair3-&lt;lambda&gt;20]" time="0.0506899356842041"></testcase><testcase classname="src.pymortests.vectorarray" file="src/pymortests/vectorarray.py" line="1009" name="test_axpy_wrong_ind[compatible_vector_array_pair3-&lt;lambda&gt;21]" time="0.05215311050415039"></testcase><testcase classname="src.pymortests.vectorarray" file="src/pymortests/vectorarray.py" line="1009" name="test_axpy_wrong_ind[compatible_vector_array_pair3-&lt;lambda&gt;22]" time="0.17012500762939453"></testcase><testcase classname="src.pymortests.vectorarray" file="src/pymortests/vectorarray.py" line="1009" name="test_axpy_wrong_ind[compatible_vector_array_pair3-&lt;lambda&gt;23]" time="0.01044774055480957"></testcase><testcase classname="src.pymortests.vectorarray" file="src/pymortests/vectorarray.py" line="1009" name="test_axpy_wrong_ind[compatible_vector_array_pair3-&lt;lambda&gt;24]" time="0.0027272701263427734"></testcase><testcase classname="src.pymortests.vectorarray" file="src/pymortests/vectorarray.py" line="1009" name="test_axpy_wrong_ind[compatible_vector_array_pair3-&lt;lambda&gt;25]" time="0.0043261051177978516"></testcase><testcase classname="src.pymortests.vectorarray" file="src/pymortests/vectorarray.py" line="1009" name="test_axpy_wrong_ind[compatible_vector_array_pair3-&lt;lambda&gt;26]" time="0.04432082176208496"></testcase><testcase classname="src.pymortests.vectorarray" file="src/pymortests/vectorarray.py" line="1009" name="test_axpy_wrong_ind[compatible_vector_array_pair3-&lt;lambda&gt;27]" time="0.07007265090942383"></testcase><testcase classname="src.pymortests.vectorarray" file="src/pymortests/vectorarray.py" line="1009" name="test_axpy_wrong_ind[compatible_vector_array_pair3-&lt;lambda&gt;28]" time="0.24045014381408691"></testcase><testcase classname="src.pymortests.vectorarray" file="src/pymortests/vectorarray.py" line="1009" name="test_axpy_wrong_ind[compatible_vector_array_pair3-&lt;lambda&gt;29]" time="0.012479305267333984"></testcase><testcase classname="src.pymortests.vectorarray" file="src/pymortests/vectorarray.py" line="1009" name="test_axpy_wrong_ind[compatible_vector_array_pair4-&lt;lambda&gt;0]" time="0.00412297248840332"></testcase><testcase classname="src.pymortests.vectorarray" file="src/pymortests/vectorarray.py" line="1009" name="test_axpy_wrong_ind[compatible_vector_array_pair4-&lt;lambda&gt;1]" time="0.003470182418823242"></testcase><testcase classname="src.pymortests.vectorarray" file="src/pymortests/vectorarray.py" line="1009" name="test_axpy_wrong_ind[compatible_vector_array_pair4-&lt;lambda&gt;2]" time="0.009592533111572266"></testcase><testcase classname="src.pymortests.vectorarray" file="src/pymortests/vectorarray.py" line="1009" name="test_axpy_wrong_ind[compatible_vector_array_pair4-&lt;lambda&gt;3]" time="0.01322174072265625"></testcase><testcase classname="src.pymortests.vectorarray" file="src/pymortests/vectorarray.py" line="1009" name="test_axpy_wrong_ind[compatible_vector_array_pair4-&lt;lambda&gt;4]" time="0.01895284652709961"></testcase><testcase classname="src.pymortests.vectorarray" file="src/pymortests/vectorarray.py" line="1009" name="test_axpy_wrong_ind[compatible_vector_array_pair4-&lt;lambda&gt;5]" time="0.009026765823364258"></testcase><testcase classname="src.pymortests.vectorarray" file="src/pymortests/vectorarray.py" line="1009" name="test_axpy_wrong_ind[compatible_vector_array_pair4-&lt;lambda&gt;6]" time="0.004350423812866211"></testcase><testcase classname="src.pymortests.vectorarray" file="src/pymortests/vectorarray.py" line="1009" name="test_axpy_wrong_ind[compatible_vector_array_pair4-&lt;lambda&gt;7]" time="0.003649473190307617"></testcase><testcase classname="src.pymortests.vectorarray" file="src/pymortests/vectorarray.py" line="1009" name="test_axpy_wrong_ind[compatible_vector_array_pair4-&lt;lambda&gt;8]" time="0.02570319175720215"></testcase><testcase classname="src.pymortests.vectorarray" file="src/pymortests/vectorarray.py" line="1009" name="test_axpy_wrong_ind[compatible_vector_array_pair4-&lt;lambda&gt;9]" time="0.04324913024902344"></testcase><testcase classname="src.pymortests.vectorarray" file="src/pymortests/vectorarray.py" line="1009" name="test_axpy_wrong_ind[compatible_vector_array_pair4-&lt;lambda&gt;10]" time="0.13753151893615723"></testcase><testcase classname="src.pymortests.vectorarray" file="src/pymortests/vectorarray.py" line="1009" name="test_axpy_wrong_ind[compatible_vector_array_pair4-&lt;lambda&gt;11]" time="0.009741544723510742"></testcase><testcase classname="src.pymortests.vectorarray" file="src/pymortests/vectorarray.py" line="1009" name="test_axpy_wrong_ind[compatible_vector_array_pair4-&lt;lambda&gt;12]" time="0.004619598388671875"></testcase><testcase classname="src.pymortests.vectorarray" file="src/pymortests/vectorarray.py" line="1009" name="test_axpy_wrong_ind[compatible_vector_array_pair4-&lt;lambda&gt;13]" time="0.011345148086547852"></testcase><testcase classname="src.pymortests.vectorarray" file="src/pymortests/vectorarray.py" line="1009" name="test_axpy_wrong_ind[compatible_vector_array_pair4-&lt;lambda&gt;14]" time="0.011617422103881836"></testcase><testcase classname="src.pymortests.vectorarray" file="src/pymortests/vectorarray.py" line="1009" name="test_axpy_wrong_ind[compatible_vector_array_pair4-&lt;lambda&gt;15]" time="0.019191265106201172"></testcase><testcase classname="src.pymortests.vectorarray" file="src/pymortests/vectorarray.py" line="1009" name="test_axpy_wrong_ind[compatible_vector_array_pair4-&lt;lambda&gt;16]" time="0.028095006942749023"></testcase><testcase classname="src.pymortests.vectorarray" file="src/pymortests/vectorarray.py" line="1009" name="test_axpy_wrong_ind[compatible_vector_array_pair4-&lt;lambda&gt;17]" time="0.03736615180969238"></testcase><testcase classname="src.pymortests.vectorarray" file="src/pymortests/vectorarray.py" line="1009" name="test_axpy_wrong_ind[compatible_vector_array_pair4-&lt;lambda&gt;18]" time="0.004502296447753906"></testcase><testcase classname="src.pymortests.vectorarray" file="src/pymortests/vectorarray.py" line="1009" name="test_axpy_wrong_ind[compatible_vector_array_pair4-&lt;lambda&gt;19]" time="0.004455089569091797"></testcase><testcase classname="src.pymortests.vectorarray" file="src/pymortests/vectorarray.py" line="1009" name="test_axpy_wrong_ind[compatible_vector_array_pair4-&lt;lambda&gt;20]" time="0.04864692687988281"></testcase><testcase classname="src.pymortests.vectorarray" file="src/pymortests/vectorarray.py" line="1009" name="test_axpy_wrong_ind[compatible_vector_array_pair4-&lt;lambda&gt;21]" time="0.0524899959564209"></testcase><testcase classname="src.pymortests.vectorarray" file="src/pymortests/vectorarray.py" line="1009" name="test_axpy_wrong_ind[compatible_vector_array_pair4-&lt;lambda&gt;22]" time="0.17006397247314453"></testcase><testcase classname="src.pymortests.vectorarray" file="src/pymortests/vectorarray.py" line="1009" name="test_axpy_wrong_ind[compatible_vector_array_pair4-&lt;lambda&gt;23]" time="0.010745763778686523"></testcase><testcase classname="src.pymortests.vectorarray" file="src/pymortests/vectorarray.py" line="1009" name="test_axpy_wrong_ind[compatible_vector_array_pair4-&lt;lambda&gt;24]" time="0.0028634071350097656"></testcase><testcase classname="src.pymortests.vectorarray" file="src/pymortests/vectorarray.py" line="1009" name="test_axpy_wrong_ind[compatible_vector_array_pair4-&lt;lambda&gt;25]" time="0.004399299621582031"></testcase><testcase classname="src.pymortests.vectorarray" file="src/pymortests/vectorarray.py" line="1009" name="test_axpy_wrong_ind[compatible_vector_array_pair4-&lt;lambda&gt;26]" time="0.045140981674194336"></testcase><testcase classname="src.pymortests.vectorarray" file="src/pymortests/vectorarray.py" line="1009" name="test_axpy_wrong_ind[compatible_vector_array_pair4-&lt;lambda&gt;27]" time="0.06980752944946289"></testcase><testcase classname="src.pymortests.vectorarray" file="src/pymortests/vectorarray.py" line="1009" name="test_axpy_wrong_ind[compatible_vector_array_pair4-&lt;lambda&gt;28]" time="0.23916053771972656"></testcase><testcase classname="src.pymortests.vectorarray" file="src/pymortests/vectorarray.py" line="1009" name="test_axpy_wrong_ind[compatible_vector_array_pair4-&lt;lambda&gt;29]" time="0.012154340744018555"></testcase><testcase classname="src.pymortests.vectorarray" file="src/pymortests/vectorarray.py" line="1009" name="test_axpy_wrong_ind[compatible_vector_array_pair5-&lt;lambda&gt;0]" time="0.0029888153076171875"></testcase><testcase classname="src.pymortests.vectorarray" file="src/pymortests/vectorarray.py" line="1009" name="test_axpy_wrong_ind[compatible_vector_array_pair5-&lt;lambda&gt;1]" time="0.0032961368560791016"></testcase><testcase classname="src.pymortests.vectorarray" file="src/pymortests/vectorarray.py" line="1009" name="test_axpy_wrong_ind[compatible_vector_array_pair5-&lt;lambda&gt;2]" time="0.009482383728027344"></testcase><testcase classname="src.pymortests.vectorarray" file="src/pymortests/vectorarray.py" line="1009" name="test_axpy_wrong_ind[compatible_vector_array_pair5-&lt;lambda&gt;3]" time="0.013249635696411133"></testcase><testcase classname="src.pymortests.vectorarray" file="src/pymortests/vectorarray.py" line="1009" name="test_axpy_wrong_ind[compatible_vector_array_pair5-&lt;lambda&gt;4]" time="0.01909613609313965"></testcase><testcase classname="src.pymortests.vectorarray" file="src/pymortests/vectorarray.py" line="1009" name="test_axpy_wrong_ind[compatible_vector_array_pair5-&lt;lambda&gt;5]" time="0.008721113204956055"></testcase><testcase classname="src.pymortests.vectorarray" file="src/pymortests/vectorarray.py" line="1009" name="test_axpy_wrong_ind[compatible_vector_array_pair5-&lt;lambda&gt;6]" time="0.0028231143951416016"></testcase><testcase classname="src.pymortests.vectorarray" file="src/pymortests/vectorarray.py" line="1009" name="test_axpy_wrong_ind[compatible_vector_array_pair5-&lt;lambda&gt;7]" time="0.003466367721557617"></testcase><testcase classname="src.pymortests.vectorarray" file="src/pymortests/vectorarray.py" line="1009" name="test_axpy_wrong_ind[compatible_vector_array_pair5-&lt;lambda&gt;8]" time="0.025979280471801758"></testcase><testcase classname="src.pymortests.vectorarray" file="src/pymortests/vectorarray.py" line="1009" name="test_axpy_wrong_ind[compatible_vector_array_pair5-&lt;lambda&gt;9]" time="0.04393625259399414"></testcase><testcase classname="src.pymortests.vectorarray" file="src/pymortests/vectorarray.py" line="1009" name="test_axpy_wrong_ind[compatible_vector_array_pair5-&lt;lambda&gt;10]" time="0.1378636360168457"></testcase><testcase classname="src.pymortests.vectorarray" file="src/pymortests/vectorarray.py" line="1009" name="test_axpy_wrong_ind[compatible_vector_array_pair5-&lt;lambda&gt;11]" time="0.010187864303588867"></testcase><testcase classname="src.pymortests.vectorarray" file="src/pymortests/vectorarray.py" line="1009" name="test_axpy_wrong_ind[compatible_vector_array_pair5-&lt;lambda&gt;12]" time="0.005649566650390625"></testcase><testcase classname="src.pymortests.vectorarray" file="src/pymortests/vectorarray.py" line="1009" name="test_axpy_wrong_ind[compatible_vector_array_pair5-&lt;lambda&gt;13]" time="0.011080026626586914"></testcase><testcase classname="src.pymortests.vectorarray" file="src/pymortests/vectorarray.py" line="1009" name="test_axpy_wrong_ind[compatible_vector_array_pair5-&lt;lambda&gt;14]" time="0.01140284538269043"></testcase><testcase classname="src.pymortests.vectorarray" file="src/pymortests/vectorarray.py" line="1009" name="test_axpy_wrong_ind[compatible_vector_array_pair5-&lt;lambda&gt;15]" time="0.019300222396850586"></testcase><testcase classname="src.pymortests.vectorarray" file="src/pymortests/vectorarray.py" line="1009" name="test_axpy_wrong_ind[compatible_vector_array_pair5-&lt;lambda&gt;16]" time="0.028347253799438477"></testcase><testcase classname="src.pymortests.vectorarray" file="src/pymortests/vectorarray.py" line="1009" name="test_axpy_wrong_ind[compatible_vector_array_pair5-&lt;lambda&gt;17]" time="0.03693342208862305"></testcase><testcase classname="src.pymortests.vectorarray" file="src/pymortests/vectorarray.py" line="1009" name="test_axpy_wrong_ind[compatible_vector_array_pair5-&lt;lambda&gt;18]" time="0.006108999252319336"></testcase><testcase classname="src.pymortests.vectorarray" file="src/pymortests/vectorarray.py" line="1009" name="test_axpy_wrong_ind[compatible_vector_array_pair5-&lt;lambda&gt;19]" time="0.004327058792114258"></testcase><testcase classname="src.pymortests.vectorarray" file="src/pymortests/vectorarray.py" line="1009" name="test_axpy_wrong_ind[compatible_vector_array_pair5-&lt;lambda&gt;20]" time="0.04996061325073242"></testcase><testcase classname="src.pymortests.vectorarray" file="src/pymortests/vectorarray.py" line="1009" name="test_axpy_wrong_ind[compatible_vector_array_pair5-&lt;lambda&gt;21]" time="0.05261087417602539"></testcase><testcase classname="src.pymortests.vectorarray" file="src/pymortests/vectorarray.py" line="1009" name="test_axpy_wrong_ind[compatible_vector_array_pair5-&lt;lambda&gt;22]" time="0.17040467262268066"></testcase><testcase classname="src.pymortests.vectorarray" file="src/pymortests/vectorarray.py" line="1009" name="test_axpy_wrong_ind[compatible_vector_array_pair5-&lt;lambda&gt;23]" time="0.010888099670410156"></testcase><testcase classname="src.pymortests.vectorarray" file="src/pymortests/vectorarray.py" line="1009" name="test_axpy_wrong_ind[compatible_vector_array_pair5-&lt;lambda&gt;24]" time="0.0028564929962158203"></testcase><testcase classname="src.pymortests.vectorarray" file="src/pymortests/vectorarray.py" line="1009" name="test_axpy_wrong_ind[compatible_vector_array_pair5-&lt;lambda&gt;25]" time="0.0045583248138427734"></testcase><testcase classname="src.pymortests.vectorarray" file="src/pymortests/vectorarray.py" line="1009" name="test_axpy_wrong_ind[compatible_vector_array_pair5-&lt;lambda&gt;26]" time="0.04814577102661133"></testcase><testcase classname="src.pymortests.vectorarray" file="src/pymortests/vectorarray.py" line="1009" name="test_axpy_wrong_ind[compatible_vector_array_pair5-&lt;lambda&gt;27]" time="0.0717628002166748"></testcase><testcase classname="src.pymortests.vectorarray" file="src/pymortests/vectorarray.py" line="1009" name="test_axpy_wrong_ind[compatible_vector_array_pair5-&lt;lambda&gt;28]" time="0.23686480522155762"></testcase><testcase classname="src.pymortests.vectorarray" file="src/pymortests/vectorarray.py" line="1009" name="test_axpy_wrong_ind[compatible_vector_array_pair5-&lt;lambda&gt;29]" time="0.012223482131958008"></testcase><testcase classname="src.pymortests.vectorarray" file="src/pymortests/vectorarray.py" line="1009" name="test_axpy_wrong_ind[compatible_vector_array_pair6-&lt;lambda&gt;0]" time="0.0043485164642333984"></testcase><testcase classname="src.pymortests.vectorarray" file="src/pymortests/vectorarray.py" line="1009" name="test_axpy_wrong_ind[compatible_vector_array_pair6-&lt;lambda&gt;1]" time="0.0033638477325439453"></testcase><testcase classname="src.pymortests.vectorarray" file="src/pymortests/vectorarray.py" line="1009" name="test_axpy_wrong_ind[compatible_vector_array_pair6-&lt;lambda&gt;2]" time="0.009572744369506836"></testcase><testcase classname="src.pymortests.vectorarray" file="src/pymortests/vectorarray.py" line="1009" name="test_axpy_wrong_ind[compatible_vector_array_pair6-&lt;lambda&gt;3]" time="0.012919902801513672"></testcase><testcase classname="src.pymortests.vectorarray" file="src/pymortests/vectorarray.py" line="1009" name="test_axpy_wrong_ind[compatible_vector_array_pair6-&lt;lambda&gt;4]" time="0.01740264892578125"></testcase><testcase classname="src.pymortests.vectorarray" file="src/pymortests/vectorarray.py" line="1009" name="test_axpy_wrong_ind[compatible_vector_array_pair6-&lt;lambda&gt;5]" time="0.008748054504394531"></testcase><testcase classname="src.pymortests.vectorarray" file="src/pymortests/vectorarray.py" line="1009" name="test_axpy_wrong_ind[compatible_vector_array_pair6-&lt;lambda&gt;6]" time="0.002801656723022461"></testcase><testcase classname="src.pymortests.vectorarray" file="src/pymortests/vectorarray.py" line="1009" name="test_axpy_wrong_ind[compatible_vector_array_pair6-&lt;lambda&gt;7]" time="0.0034160614013671875"></testcase><testcase classname="src.pymortests.vectorarray" file="src/pymortests/vectorarray.py" line="1009" name="test_axpy_wrong_ind[compatible_vector_array_pair6-&lt;lambda&gt;8]" time="0.025726318359375"></testcase><testcase classname="src.pymortests.vectorarray" file="src/pymortests/vectorarray.py" line="1009" name="test_axpy_wrong_ind[compatible_vector_array_pair6-&lt;lambda&gt;9]" time="0.04402732849121094"></testcase><testcase classname="src.pymortests.vectorarray" file="src/pymortests/vectorarray.py" line="1009" name="test_axpy_wrong_ind[compatible_vector_array_pair6-&lt;lambda&gt;10]" time="0.1363389492034912"></testcase><testcase classname="src.pymortests.vectorarray" file="src/pymortests/vectorarray.py" line="1009" name="test_axpy_wrong_ind[compatible_vector_array_pair6-&lt;lambda&gt;11]" time="0.009701251983642578"></testcase><testcase classname="src.pymortests.vectorarray" file="src/pymortests/vectorarray.py" line="1009" name="test_axpy_wrong_ind[compatible_vector_array_pair6-&lt;lambda&gt;12]" time="0.005567789077758789"></testcase><testcase classname="src.pymortests.vectorarray" file="src/pymortests/vectorarray.py" line="1009" name="test_axpy_wrong_ind[compatible_vector_array_pair6-&lt;lambda&gt;13]" time="0.010963678359985352"></testcase><testcase classname="src.pymortests.vectorarray" file="src/pymortests/vectorarray.py" line="1009" name="test_axpy_wrong_ind[compatible_vector_array_pair6-&lt;lambda&gt;14]" time="0.01137089729309082"></testcase><testcase classname="src.pymortests.vectorarray" file="src/pymortests/vectorarray.py" line="1009" name="test_axpy_wrong_ind[compatible_vector_array_pair6-&lt;lambda&gt;15]" time="0.019347190856933594"></testcase><testcase classname="src.pymortests.vectorarray" file="src/pymortests/vectorarray.py" line="1009" name="test_axpy_wrong_ind[compatible_vector_array_pair6-&lt;lambda&gt;16]" time="0.028536081314086914"></testcase><testcase classname="src.pymortests.vectorarray" file="src/pymortests/vectorarray.py" line="1009" name="test_axpy_wrong_ind[compatible_vector_array_pair6-&lt;lambda&gt;17]" time="0.036765336990356445"></testcase><testcase classname="src.pymortests.vectorarray" file="src/pymortests/vectorarray.py" line="1009" name="test_axpy_wrong_ind[compatible_vector_array_pair6-&lt;lambda&gt;18]" time="0.004566669464111328"></testcase><testcase classname="src.pymortests.vectorarray" file="src/pymortests/vectorarray.py" line="1009" name="test_axpy_wrong_ind[compatible_vector_array_pair6-&lt;lambda&gt;19]" time="0.004179239273071289"></testcase><testcase classname="src.pymortests.vectorarray" file="src/pymortests/vectorarray.py" line="1009" name="test_axpy_wrong_ind[compatible_vector_array_pair6-&lt;lambda&gt;20]" time="0.048932552337646484"></testcase><testcase classname="src.pymortests.vectorarray" file="src/pymortests/vectorarray.py" line="1009" name="test_axpy_wrong_ind[compatible_vector_array_pair6-&lt;lambda&gt;21]" time="0.05283403396606445"></testcase><testcase classname="src.pymortests.vectorarray" file="src/pymortests/vectorarray.py" line="1009" name="test_axpy_wrong_ind[compatible_vector_array_pair6-&lt;lambda&gt;22]" time="0.1739490032196045"></testcase><testcase classname="src.pymortests.vectorarray" file="src/pymortests/vectorarray.py" line="1009" name="test_axpy_wrong_ind[compatible_vector_array_pair6-&lt;lambda&gt;23]" time="0.011216163635253906"></testcase><testcase classname="src.pymortests.vectorarray" file="src/pymortests/vectorarray.py" line="1009" name="test_axpy_wrong_ind[compatible_vector_array_pair6-&lt;lambda&gt;24]" time="0.004036903381347656"></testcase><testcase classname="src.pymortests.vectorarray" file="src/pymortests/vectorarray.py" line="1009" name="test_axpy_wrong_ind[compatible_vector_array_pair6-&lt;lambda&gt;25]" time="0.004582643508911133"></testcase><testcase classname="src.pymortests.vectorarray" file="src/pymortests/vectorarray.py" line="1009" name="test_axpy_wrong_ind[compatible_vector_array_pair6-&lt;lambda&gt;26]" time="0.045250892639160156"></testcase><testcase classname="src.pymortests.vectorarray" file="src/pymortests/vectorarray.py" line="1009" name="test_axpy_wrong_ind[compatible_vector_array_pair6-&lt;lambda&gt;27]" time="0.06964325904846191"></testcase><testcase classname="src.pymortests.vectorarray" file="src/pymortests/vectorarray.py" line="1009" name="test_axpy_wrong_ind[compatible_vector_array_pair6-&lt;lambda&gt;28]" time="0.23662734031677246"></testcase><testcase classname="src.pymortests.vectorarray" file="src/pymortests/vectorarray.py" line="1009" name="test_axpy_wrong_ind[compatible_vector_array_pair6-&lt;lambda&gt;29]" time="0.01266789436340332"></testcase><testcase classname="src.pymortests.vectorarray" file="src/pymortests/vectorarray.py" line="1009" name="test_axpy_wrong_ind[compatible_vector_array_pair7-&lt;lambda&gt;0]" time="0.0040094852447509766"></testcase><testcase classname="src.pymortests.vectorarray" file="src/pymortests/vectorarray.py" line="1009" name="test_axpy_wrong_ind[compatible_vector_array_pair7-&lt;lambda&gt;1]" time="0.0034072399139404297"></testcase><testcase classname="src.pymortests.vectorarray" file="src/pymortests/vectorarray.py" line="1009" name="test_axpy_wrong_ind[compatible_vector_array_pair7-&lt;lambda&gt;2]" time="0.00965571403503418"></testcase><testcase classname="src.pymortests.vectorarray" file="src/pymortests/vectorarray.py" line="1009" name="test_axpy_wrong_ind[compatible_vector_array_pair7-&lt;lambda&gt;3]" time="0.014427900314331055"></testcase><testcase classname="src.pymortests.vectorarray" file="src/pymortests/vectorarray.py" line="1009" name="test_axpy_wrong_ind[compatible_vector_array_pair7-&lt;lambda&gt;4]" time="0.01897597312927246"></testcase><testcase classname="src.pymortests.vectorarray" file="src/pymortests/vectorarray.py" line="1009" name="test_axpy_wrong_ind[compatible_vector_array_pair7-&lt;lambda&gt;5]" time="0.008878946304321289"></testcase><testcase classname="src.pymortests.vectorarray" file="src/pymortests/vectorarray.py" line="1009" name="test_axpy_wrong_ind[compatible_vector_array_pair7-&lt;lambda&gt;6]" time="0.0028786659240722656"></testcase><testcase classname="src.pymortests.vectorarray" file="src/pymortests/vectorarray.py" line="1009" name="test_axpy_wrong_ind[compatible_vector_array_pair7-&lt;lambda&gt;7]" time="0.003435850143432617"></testcase><testcase classname="src.pymortests.vectorarray" file="src/pymortests/vectorarray.py" line="1009" name="test_axpy_wrong_ind[compatible_vector_array_pair7-&lt;lambda&gt;8]" time="0.025942325592041016"></testcase><testcase classname="src.pymortests.vectorarray" file="src/pymortests/vectorarray.py" line="1009" name="test_axpy_wrong_ind[compatible_vector_array_pair7-&lt;lambda&gt;9]" time="0.043331146240234375"></testcase><testcase classname="src.pymortests.vectorarray" file="src/pymortests/vectorarray.py" line="1009" name="test_axpy_wrong_ind[compatible_vector_array_pair7-&lt;lambda&gt;10]" time="0.13840365409851074"></testcase><testcase classname="src.pymortests.vectorarray" file="src/pymortests/vectorarray.py" line="1009" name="test_axpy_wrong_ind[compatible_vector_array_pair7-&lt;lambda&gt;11]" time="0.009700298309326172"></testcase><testcase classname="src.pymortests.vectorarray" file="src/pymortests/vectorarray.py" line="1009" name="test_axpy_wrong_ind[compatible_vector_array_pair7-&lt;lambda&gt;12]" time="0.00569915771484375"></testcase><testcase classname="src.pymortests.vectorarray" file="src/pymortests/vectorarray.py" line="1009" name="test_axpy_wrong_ind[compatible_vector_array_pair7-&lt;lambda&gt;13]" time="0.01109623908996582"></testcase><testcase classname="src.pymortests.vectorarray" file="src/pymortests/vectorarray.py" line="1009" name="test_axpy_wrong_ind[compatible_vector_array_pair7-&lt;lambda&gt;14]" time="0.011450529098510742"></testcase><testcase classname="src.pymortests.vectorarray" file="src/pymortests/vectorarray.py" line="1009" name="test_axpy_wrong_ind[compatible_vector_array_pair7-&lt;lambda&gt;15]" time="0.019602537155151367"></testcase><testcase classname="src.pymortests.vectorarray" file="src/pymortests/vectorarray.py" line="1009" name="test_axpy_wrong_ind[compatible_vector_array_pair7-&lt;lambda&gt;16]" time="0.02838444709777832"></testcase><testcase classname="src.pymortests.vectorarray" file="src/pymortests/vectorarray.py" line="1009" name="test_axpy_wrong_ind[compatible_vector_array_pair7-&lt;lambda&gt;17]" time="0.0369257926940918"></testcase><testcase classname="src.pymortests.vectorarray" file="src/pymortests/vectorarray.py" line="1009" name="test_axpy_wrong_ind[compatible_vector_array_pair7-&lt;lambda&gt;18]" time="0.004534482955932617"></testcase><testcase classname="src.pymortests.vectorarray" file="src/pymortests/vectorarray.py" line="1009" name="test_axpy_wrong_ind[compatible_vector_array_pair7-&lt;lambda&gt;19]" time="0.004308223724365234"></testcase><testcase classname="src.pymortests.vectorarray" file="src/pymortests/vectorarray.py" line="1009" name="test_axpy_wrong_ind[compatible_vector_array_pair7-&lt;lambda&gt;20]" time="0.0494687557220459"></testcase><testcase classname="src.pymortests.vectorarray" file="src/pymortests/vectorarray.py" line="1009" name="test_axpy_wrong_ind[compatible_vector_array_pair7-&lt;lambda&gt;21]" time="0.05327200889587402"></testcase><testcase classname="src.pymortests.vectorarray" file="src/pymortests/vectorarray.py" line="1009" name="test_axpy_wrong_ind[compatible_vector_array_pair7-&lt;lambda&gt;22]" time="0.17152953147888184"></testcase><testcase classname="src.pymortests.vectorarray" file="src/pymortests/vectorarray.py" line="1009" name="test_axpy_wrong_ind[compatible_vector_array_pair7-&lt;lambda&gt;23]" time="0.010728597640991211"></testcase><testcase classname="src.pymortests.vectorarray" file="src/pymortests/vectorarray.py" line="1009" name="test_axpy_wrong_ind[compatible_vector_array_pair7-&lt;lambda&gt;24]" time="0.0038766860961914062"></testcase><testcase classname="src.pymortests.vectorarray" file="src/pymortests/vectorarray.py" line="1009" name="test_axpy_wrong_ind[compatible_vector_array_pair7-&lt;lambda&gt;25]" time="0.0045528411865234375"></testcase><testcase classname="src.pymortests.vectorarray" file="src/pymortests/vectorarray.py" line="1009" name="test_axpy_wrong_ind[compatible_vector_array_pair7-&lt;lambda&gt;26]" time="0.04504132270812988"></testcase><testcase classname="src.pymortests.vectorarray" file="src/pymortests/vectorarray.py" line="1009" name="test_axpy_wrong_ind[compatible_vector_array_pair7-&lt;lambda&gt;27]" time="0.07032012939453125"></testcase><testcase classname="src.pymortests.vectorarray" file="src/pymortests/vectorarray.py" line="1009" name="test_axpy_wrong_ind[compatible_vector_array_pair7-&lt;lambda&gt;28]" time="0.2361469268798828"></testcase><testcase classname="src.pymortests.vectorarray" file="src/pymortests/vectorarray.py" line="1009" name="test_axpy_wrong_ind[compatible_vector_array_pair7-&lt;lambda&gt;29]" time="0.012365341186523438"></testcase><testcase classname="src.pymortests.vectorarray" file="src/pymortests/vectorarray.py" line="1009" name="test_axpy_wrong_ind[compatible_vector_array_pair8-&lt;lambda&gt;0]" time="0.004130125045776367"></testcase><testcase classname="src.pymortests.vectorarray" file="src/pymortests/vectorarray.py" line="1009" name="test_axpy_wrong_ind[compatible_vector_array_pair8-&lt;lambda&gt;1]" time="0.003473043441772461"></testcase><testcase classname="src.pymortests.vectorarray" file="src/pymortests/vectorarray.py" line="1009" name="test_axpy_wrong_ind[compatible_vector_array_pair8-&lt;lambda&gt;2]" time="0.009526252746582031"></testcase><testcase classname="src.pymortests.vectorarray" file="src/pymortests/vectorarray.py" line="1009" name="test_axpy_wrong_ind[compatible_vector_array_pair8-&lt;lambda&gt;3]" time="0.013189315795898438"></testcase><testcase classname="src.pymortests.vectorarray" file="src/pymortests/vectorarray.py" line="1009" name="test_axpy_wrong_ind[compatible_vector_array_pair8-&lt;lambda&gt;4]" time="0.019240140914916992"></testcase><testcase classname="src.pymortests.vectorarray" file="src/pymortests/vectorarray.py" line="1009" name="test_axpy_wrong_ind[compatible_vector_array_pair8-&lt;lambda&gt;5]" time="0.008768320083618164"></testcase><testcase classname="src.pymortests.vectorarray" file="src/pymortests/vectorarray.py" line="1009" name="test_axpy_wrong_ind[compatible_vector_array_pair8-&lt;lambda&gt;6]" time="0.0028603076934814453"></testcase><testcase classname="src.pymortests.vectorarray" file="src/pymortests/vectorarray.py" line="1009" name="test_axpy_wrong_ind[compatible_vector_array_pair8-&lt;lambda&gt;7]" time="0.0034923553466796875"></testcase><testcase classname="src.pymortests.vectorarray" file="src/pymortests/vectorarray.py" line="1009" name="test_axpy_wrong_ind[compatible_vector_array_pair8-&lt;lambda&gt;8]" time="0.025806665420532227"></testcase><testcase classname="src.pymortests.vectorarray" file="src/pymortests/vectorarray.py" line="1009" name="test_axpy_wrong_ind[compatible_vector_array_pair8-&lt;lambda&gt;9]" time="0.04357266426086426"></testcase><testcase classname="src.pymortests.vectorarray" file="src/pymortests/vectorarray.py" line="1009" name="test_axpy_wrong_ind[compatible_vector_array_pair8-&lt;lambda&gt;10]" time="0.1363365650177002"></testcase><testcase classname="src.pymortests.vectorarray" file="src/pymortests/vectorarray.py" line="1009" name="test_axpy_wrong_ind[compatible_vector_array_pair8-&lt;lambda&gt;11]" time="0.00977468490600586"></testcase><testcase classname="src.pymortests.vectorarray" file="src/pymortests/vectorarray.py" line="1009" name="test_axpy_wrong_ind[compatible_vector_array_pair8-&lt;lambda&gt;12]" time="0.0046422481536865234"></testcase><testcase classname="src.pymortests.vectorarray" file="src/pymortests/vectorarray.py" line="1009" name="test_axpy_wrong_ind[compatible_vector_array_pair8-&lt;lambda&gt;13]" time="0.011115312576293945"></testcase><testcase classname="src.pymortests.vectorarray" file="src/pymortests/vectorarray.py" line="1009" name="test_axpy_wrong_ind[compatible_vector_array_pair8-&lt;lambda&gt;14]" time="0.01152348518371582"></testcase><testcase classname="src.pymortests.vectorarray" file="src/pymortests/vectorarray.py" line="1009" name="test_axpy_wrong_ind[compatible_vector_array_pair8-&lt;lambda&gt;15]" time="0.019542455673217773"></testcase><testcase classname="src.pymortests.vectorarray" file="src/pymortests/vectorarray.py" line="1009" name="test_axpy_wrong_ind[compatible_vector_array_pair8-&lt;lambda&gt;16]" time="0.02866077423095703"></testcase><testcase classname="src.pymortests.vectorarray" file="src/pymortests/vectorarray.py" line="1009" name="test_axpy_wrong_ind[compatible_vector_array_pair8-&lt;lambda&gt;17]" time="0.0380702018737793"></testcase><testcase classname="src.pymortests.vectorarray" file="src/pymortests/vectorarray.py" line="1009" name="test_axpy_wrong_ind[compatible_vector_array_pair8-&lt;lambda&gt;18]" time="0.004609107971191406"></testcase><testcase classname="src.pymortests.vectorarray" file="src/pymortests/vectorarray.py" line="1009" name="test_axpy_wrong_ind[compatible_vector_array_pair8-&lt;lambda&gt;19]" time="0.004241228103637695"></testcase><testcase classname="src.pymortests.vectorarray" file="src/pymortests/vectorarray.py" line="1009" name="test_axpy_wrong_ind[compatible_vector_array_pair8-&lt;lambda&gt;20]" time="0.05084395408630371"></testcase><testcase classname="src.pymortests.vectorarray" file="src/pymortests/vectorarray.py" line="1009" name="test_axpy_wrong_ind[compatible_vector_array_pair8-&lt;lambda&gt;21]" time="0.05266714096069336"></testcase><testcase classname="src.pymortests.vectorarray" file="src/pymortests/vectorarray.py" line="1009" name="test_axpy_wrong_ind[compatible_vector_array_pair8-&lt;lambda&gt;22]" time="0.1685047149658203"></testcase><testcase classname="src.pymortests.vectorarray" file="src/pymortests/vectorarray.py" line="1009" name="test_axpy_wrong_ind[compatible_vector_array_pair8-&lt;lambda&gt;23]" time="0.010533809661865234"></testcase><testcase classname="src.pymortests.vectorarray" file="src/pymortests/vectorarray.py" line="1009" name="test_axpy_wrong_ind[compatible_vector_array_pair8-&lt;lambda&gt;24]" time="0.003825664520263672"></testcase><testcase classname="src.pymortests.vectorarray" file="src/pymortests/vectorarray.py" line="1009" name="test_axpy_wrong_ind[compatible_vector_array_pair8-&lt;lambda&gt;25]" time="0.004467010498046875"></testcase><testcase classname="src.pymortests.vectorarray" file="src/pymortests/vectorarray.py" line="1009" name="test_axpy_wrong_ind[compatible_vector_array_pair8-&lt;lambda&gt;26]" time="0.04563117027282715"></testcase><testcase classname="src.pymortests.vectorarray" file="src/pymortests/vectorarray.py" line="1009" name="test_axpy_wrong_ind[compatible_vector_array_pair8-&lt;lambda&gt;27]" time="0.0697934627532959"></testcase><testcase classname="src.pymortests.vectorarray" file="src/pymortests/vectorarray.py" line="1009" name="test_axpy_wrong_ind[compatible_vector_array_pair8-&lt;lambda&gt;28]" time="0.23750972747802734"></testcase><testcase classname="src.pymortests.vectorarray" file="src/pymortests/vectorarray.py" line="1009" name="test_axpy_wrong_ind[compatible_vector_array_pair8-&lt;lambda&gt;29]" time="0.012049198150634766"></testcase><testcase classname="src.pymortests.vectorarray" file="src/pymortests/vectorarray.py" line="1028" name="test_axpy_wrong_coefficients[compatible_vector_array_pair0-&lt;lambda&gt;0]" time="0.0024919509887695312"></testcase><testcase classname="src.pymortests.vectorarray" file="src/pymortests/vectorarray.py" line="1028" name="test_axpy_wrong_coefficients[compatible_vector_array_pair0-&lt;lambda&gt;1]" time="0.0012831687927246094"></testcase><testcase classname="src.pymortests.vectorarray" file="src/pymortests/vectorarray.py" line="1028" name="test_axpy_wrong_coefficients[compatible_vector_array_pair0-&lt;lambda&gt;2]" time="0.003106832504272461"></testcase><testcase classname="src.pymortests.vectorarray" file="src/pymortests/vectorarray.py" line="1028" name="test_axpy_wrong_coefficients[compatible_vector_array_pair0-&lt;lambda&gt;3]" time="0.003379344940185547"></testcase><testcase classname="src.pymortests.vectorarray" file="src/pymortests/vectorarray.py" line="1028" name="test_axpy_wrong_coefficients[compatible_vector_array_pair0-&lt;lambda&gt;4]" time="0.005899190902709961"></testcase><testcase classname="src.pymortests.vectorarray" file="src/pymortests/vectorarray.py" line="1028" name="test_axpy_wrong_coefficients[compatible_vector_array_pair0-&lt;lambda&gt;5]" time="0.003930330276489258"></testcase><testcase classname="src.pymortests.vectorarray" file="src/pymortests/vectorarray.py" line="1028" name="test_axpy_wrong_coefficients[compatible_vector_array_pair0-&lt;lambda&gt;6]" time="0.0016150474548339844"></testcase><testcase classname="src.pymortests.vectorarray" file="src/pymortests/vectorarray.py" line="1028" name="test_axpy_wrong_coefficients[compatible_vector_array_pair0-&lt;lambda&gt;7]" time="0.0012791156768798828"></testcase><testcase classname="src.pymortests.vectorarray" file="src/pymortests/vectorarray.py" line="1028" name="test_axpy_wrong_coefficients[compatible_vector_array_pair0-&lt;lambda&gt;8]" time="0.003286600112915039"></testcase><testcase classname="src.pymortests.vectorarray" file="src/pymortests/vectorarray.py" line="1028" name="test_axpy_wrong_coefficients[compatible_vector_array_pair0-&lt;lambda&gt;9]" time="0.0037000179290771484"></testcase><testcase classname="src.pymortests.vectorarray" file="src/pymortests/vectorarray.py" line="1028" name="test_axpy_wrong_coefficients[compatible_vector_array_pair0-&lt;lambda&gt;10]" time="0.006701231002807617"></testcase><testcase classname="src.pymortests.vectorarray" file="src/pymortests/vectorarray.py" line="1028" name="test_axpy_wrong_coefficients[compatible_vector_array_pair0-&lt;lambda&gt;11]" time="0.004224300384521484"></testcase><testcase classname="src.pymortests.vectorarray" file="src/pymortests/vectorarray.py" line="1028" name="test_axpy_wrong_coefficients[compatible_vector_array_pair0-&lt;lambda&gt;12]" time="0.0020859241485595703"></testcase><testcase classname="src.pymortests.vectorarray" file="src/pymortests/vectorarray.py" line="1028" name="test_axpy_wrong_coefficients[compatible_vector_array_pair0-&lt;lambda&gt;13]" time="0.0015172958374023438"></testcase><testcase classname="src.pymortests.vectorarray" file="src/pymortests/vectorarray.py" line="1028" name="test_axpy_wrong_coefficients[compatible_vector_array_pair0-&lt;lambda&gt;14]" time="0.0034949779510498047"></testcase><testcase classname="src.pymortests.vectorarray" file="src/pymortests/vectorarray.py" line="1028" name="test_axpy_wrong_coefficients[compatible_vector_array_pair0-&lt;lambda&gt;15]" time="0.004717826843261719"></testcase><testcase classname="src.pymortests.vectorarray" file="src/pymortests/vectorarray.py" line="1028" name="test_axpy_wrong_coefficients[compatible_vector_array_pair0-&lt;lambda&gt;16]" time="0.0056226253509521484"></testcase><testcase classname="src.pymortests.vectorarray" file="src/pymortests/vectorarray.py" line="1028" name="test_axpy_wrong_coefficients[compatible_vector_array_pair0-&lt;lambda&gt;17]" time="0.010430335998535156"></testcase><testcase classname="src.pymortests.vectorarray" file="src/pymortests/vectorarray.py" line="1028" name="test_axpy_wrong_coefficients[compatible_vector_array_pair0-&lt;lambda&gt;18]" time="0.002602815628051758"></testcase><testcase classname="src.pymortests.vectorarray" file="src/pymortests/vectorarray.py" line="1028" name="test_axpy_wrong_coefficients[compatible_vector_array_pair0-&lt;lambda&gt;19]" time="0.0021066665649414062"></testcase><testcase classname="src.pymortests.vectorarray" file="src/pymortests/vectorarray.py" line="1028" name="test_axpy_wrong_coefficients[compatible_vector_array_pair0-&lt;lambda&gt;20]" time="0.026653289794921875"></testcase><testcase classname="src.pymortests.vectorarray" file="src/pymortests/vectorarray.py" line="1028" name="test_axpy_wrong_coefficients[compatible_vector_array_pair0-&lt;lambda&gt;21]" time="0.01536703109741211"></testcase><testcase classname="src.pymortests.vectorarray" file="src/pymortests/vectorarray.py" line="1028" name="test_axpy_wrong_coefficients[compatible_vector_array_pair0-&lt;lambda&gt;22]" time="0.0412750244140625"></testcase><testcase classname="src.pymortests.vectorarray" file="src/pymortests/vectorarray.py" line="1028" name="test_axpy_wrong_coefficients[compatible_vector_array_pair0-&lt;lambda&gt;23]" time="0.006493568420410156"></testcase><testcase classname="src.pymortests.vectorarray" file="src/pymortests/vectorarray.py" line="1028" name="test_axpy_wrong_coefficients[compatible_vector_array_pair0-&lt;lambda&gt;24]" time="0.002446889877319336"></testcase><testcase classname="src.pymortests.vectorarray" file="src/pymortests/vectorarray.py" line="1028" name="test_axpy_wrong_coefficients[compatible_vector_array_pair0-&lt;lambda&gt;25]" time="0.002421140670776367"></testcase><testcase classname="src.pymortests.vectorarray" file="src/pymortests/vectorarray.py" line="1028" name="test_axpy_wrong_coefficients[compatible_vector_array_pair0-&lt;lambda&gt;26]" time="0.023177146911621094"></testcase><testcase classname="src.pymortests.vectorarray" file="src/pymortests/vectorarray.py" line="1028" name="test_axpy_wrong_coefficients[compatible_vector_array_pair0-&lt;lambda&gt;27]" time="0.0321042537689209"></testcase><testcase classname="src.pymortests.vectorarray" file="src/pymortests/vectorarray.py" line="1028" name="test_axpy_wrong_coefficients[compatible_vector_array_pair0-&lt;lambda&gt;28]" time="0.1121821403503418"></testcase><testcase classname="src.pymortests.vectorarray" file="src/pymortests/vectorarray.py" line="1028" name="test_axpy_wrong_coefficients[compatible_vector_array_pair0-&lt;lambda&gt;29]" time="0.008602380752563477"></testcase><testcase classname="src.pymortests.vectorarray" file="src/pymortests/vectorarray.py" line="1028" name="test_axpy_wrong_coefficients[compatible_vector_array_pair1-&lt;lambda&gt;0]" time="0.002529144287109375"></testcase><testcase classname="src.pymortests.vectorarray" file="src/pymortests/vectorarray.py" line="1028" name="test_axpy_wrong_coefficients[compatible_vector_array_pair1-&lt;lambda&gt;1]" time="0.0013873577117919922"></testcase><testcase classname="src.pymortests.vectorarray" file="src/pymortests/vectorarray.py" line="1028" name="test_axpy_wrong_coefficients[compatible_vector_array_pair1-&lt;lambda&gt;2]" time="0.0032067298889160156"></testcase><testcase classname="src.pymortests.vectorarray" file="src/pymortests/vectorarray.py" line="1028" name="test_axpy_wrong_coefficients[compatible_vector_array_pair1-&lt;lambda&gt;3]" time="0.0034914016723632812"></testcase><testcase classname="src.pymortests.vectorarray" file="src/pymortests/vectorarray.py" line="1028" name="test_axpy_wrong_coefficients[compatible_vector_array_pair1-&lt;lambda&gt;4]" time="0.0056684017181396484"></testcase><testcase classname="src.pymortests.vectorarray" file="src/pymortests/vectorarray.py" line="1028" name="test_axpy_wrong_coefficients[compatible_vector_array_pair1-&lt;lambda&gt;5]" time="0.004004716873168945"></testcase><testcase classname="src.pymortests.vectorarray" file="src/pymortests/vectorarray.py" line="1028" name="test_axpy_wrong_coefficients[compatible_vector_array_pair1-&lt;lambda&gt;6]" time="0.0016884803771972656"></testcase><testcase classname="src.pymortests.vectorarray" file="src/pymortests/vectorarray.py" line="1028" name="test_axpy_wrong_coefficients[compatible_vector_array_pair1-&lt;lambda&gt;7]" time="0.001249074935913086"></testcase><testcase classname="src.pymortests.vectorarray" file="src/pymortests/vectorarray.py" line="1028" name="test_axpy_wrong_coefficients[compatible_vector_array_pair1-&lt;lambda&gt;8]" time="0.003483295440673828"></testcase><testcase classname="src.pymortests.vectorarray" file="src/pymortests/vectorarray.py" line="1028" name="test_axpy_wrong_coefficients[compatible_vector_array_pair1-&lt;lambda&gt;9]" time="0.003793001174926758"></testcase><testcase classname="src.pymortests.vectorarray" file="src/pymortests/vectorarray.py" line="1028" name="test_axpy_wrong_coefficients[compatible_vector_array_pair1-&lt;lambda&gt;10]" time="0.0072841644287109375"></testcase><testcase classname="src.pymortests.vectorarray" file="src/pymortests/vectorarray.py" line="1028" name="test_axpy_wrong_coefficients[compatible_vector_array_pair1-&lt;lambda&gt;11]" time="0.004175424575805664"></testcase><testcase classname="src.pymortests.vectorarray" file="src/pymortests/vectorarray.py" line="1028" name="test_axpy_wrong_coefficients[compatible_vector_array_pair1-&lt;lambda&gt;12]" time="0.0020723342895507812"></testcase><testcase classname="src.pymortests.vectorarray" file="src/pymortests/vectorarray.py" line="1028" name="test_axpy_wrong_coefficients[compatible_vector_array_pair1-&lt;lambda&gt;13]" time="0.0016236305236816406"></testcase><testcase classname="src.pymortests.vectorarray" file="src/pymortests/vectorarray.py" line="1028" name="test_axpy_wrong_coefficients[compatible_vector_array_pair1-&lt;lambda&gt;14]" time="0.003600597381591797"></testcase><testcase classname="src.pymortests.vectorarray" file="src/pymortests/vectorarray.py" line="1028" name="test_axpy_wrong_coefficients[compatible_vector_array_pair1-&lt;lambda&gt;15]" time="0.00469970703125"></testcase><testcase classname="src.pymortests.vectorarray" file="src/pymortests/vectorarray.py" line="1028" name="test_axpy_wrong_coefficients[compatible_vector_array_pair1-&lt;lambda&gt;16]" time="0.005657672882080078"></testcase><testcase classname="src.pymortests.vectorarray" file="src/pymortests/vectorarray.py" line="1028" name="test_axpy_wrong_coefficients[compatible_vector_array_pair1-&lt;lambda&gt;17]" time="0.010190010070800781"></testcase><testcase classname="src.pymortests.vectorarray" file="src/pymortests/vectorarray.py" line="1028" name="test_axpy_wrong_coefficients[compatible_vector_array_pair1-&lt;lambda&gt;18]" time="0.0025167465209960938"></testcase><testcase classname="src.pymortests.vectorarray" file="src/pymortests/vectorarray.py" line="1028" name="test_axpy_wrong_coefficients[compatible_vector_array_pair1-&lt;lambda&gt;19]" time="0.0019519329071044922"></testcase><testcase classname="src.pymortests.vectorarray" file="src/pymortests/vectorarray.py" line="1028" name="test_axpy_wrong_coefficients[compatible_vector_array_pair1-&lt;lambda&gt;20]" time="0.02723860740661621"></testcase><testcase classname="src.pymortests.vectorarray" file="src/pymortests/vectorarray.py" line="1028" name="test_axpy_wrong_coefficients[compatible_vector_array_pair1-&lt;lambda&gt;21]" time="0.014172792434692383"></testcase><testcase classname="src.pymortests.vectorarray" file="src/pymortests/vectorarray.py" line="1028" name="test_axpy_wrong_coefficients[compatible_vector_array_pair1-&lt;lambda&gt;22]" time="0.04124927520751953"></testcase><testcase classname="src.pymortests.vectorarray" file="src/pymortests/vectorarray.py" line="1028" name="test_axpy_wrong_coefficients[compatible_vector_array_pair1-&lt;lambda&gt;23]" time="0.006829977035522461"></testcase><testcase classname="src.pymortests.vectorarray" file="src/pymortests/vectorarray.py" line="1028" name="test_axpy_wrong_coefficients[compatible_vector_array_pair1-&lt;lambda&gt;24]" time="0.0025246143341064453"></testcase><testcase classname="src.pymortests.vectorarray" file="src/pymortests/vectorarray.py" line="1028" name="test_axpy_wrong_coefficients[compatible_vector_array_pair1-&lt;lambda&gt;25]" time="0.0024404525756835938"></testcase><testcase classname="src.pymortests.vectorarray" file="src/pymortests/vectorarray.py" line="1028" name="test_axpy_wrong_coefficients[compatible_vector_array_pair1-&lt;lambda&gt;26]" time="0.023677587509155273"></testcase><testcase classname="src.pymortests.vectorarray" file="src/pymortests/vectorarray.py" line="1028" name="test_axpy_wrong_coefficients[compatible_vector_array_pair1-&lt;lambda&gt;27]" time="0.032219648361206055"></testcase><testcase classname="src.pymortests.vectorarray" file="src/pymortests/vectorarray.py" line="1028" name="test_axpy_wrong_coefficients[compatible_vector_array_pair1-&lt;lambda&gt;28]" time="0.1088254451751709"></testcase><testcase classname="src.pymortests.vectorarray" file="src/pymortests/vectorarray.py" line="1028" name="test_axpy_wrong_coefficients[compatible_vector_array_pair1-&lt;lambda&gt;29]" time="0.008041620254516602"></testcase><testcase classname="src.pymortests.vectorarray" file="src/pymortests/vectorarray.py" line="1028" name="test_axpy_wrong_coefficients[compatible_vector_array_pair2-&lt;lambda&gt;0]" time="0.0017247200012207031"></testcase><testcase classname="src.pymortests.vectorarray" file="src/pymortests/vectorarray.py" line="1028" name="test_axpy_wrong_coefficients[compatible_vector_array_pair2-&lt;lambda&gt;1]" time="0.0013325214385986328"></testcase><testcase classname="src.pymortests.vectorarray" file="src/pymortests/vectorarray.py" line="1028" name="test_axpy_wrong_coefficients[compatible_vector_array_pair2-&lt;lambda&gt;2]" time="0.003172159194946289"></testcase><testcase classname="src.pymortests.vectorarray" file="src/pymortests/vectorarray.py" line="1028" name="test_axpy_wrong_coefficients[compatible_vector_array_pair2-&lt;lambda&gt;3]" time="0.0035817623138427734"></testcase><testcase classname="src.pymortests.vectorarray" file="src/pymortests/vectorarray.py" line="1028" name="test_axpy_wrong_coefficients[compatible_vector_array_pair2-&lt;lambda&gt;4]" time="0.005652427673339844"></testcase><testcase classname="src.pymortests.vectorarray" file="src/pymortests/vectorarray.py" line="1028" name="test_axpy_wrong_coefficients[compatible_vector_array_pair2-&lt;lambda&gt;5]" time="0.004069089889526367"></testcase><testcase classname="src.pymortests.vectorarray" file="src/pymortests/vectorarray.py" line="1028" name="test_axpy_wrong_coefficients[compatible_vector_array_pair2-&lt;lambda&gt;6]" time="0.001711130142211914"></testcase><testcase classname="src.pymortests.vectorarray" file="src/pymortests/vectorarray.py" line="1028" name="test_axpy_wrong_coefficients[compatible_vector_array_pair2-&lt;lambda&gt;7]" time="0.0012888908386230469"></testcase><testcase classname="src.pymortests.vectorarray" file="src/pymortests/vectorarray.py" line="1028" name="test_axpy_wrong_coefficients[compatible_vector_array_pair2-&lt;lambda&gt;8]" time="0.0034983158111572266"></testcase><testcase classname="src.pymortests.vectorarray" file="src/pymortests/vectorarray.py" line="1028" name="test_axpy_wrong_coefficients[compatible_vector_array_pair2-&lt;lambda&gt;9]" time="0.0037953853607177734"></testcase><testcase classname="src.pymortests.vectorarray" file="src/pymortests/vectorarray.py" line="1028" name="test_axpy_wrong_coefficients[compatible_vector_array_pair2-&lt;lambda&gt;10]" time="0.00732874870300293"></testcase><testcase classname="src.pymortests.vectorarray" file="src/pymortests/vectorarray.py" line="1028" name="test_axpy_wrong_coefficients[compatible_vector_array_pair2-&lt;lambda&gt;11]" time="0.004353523254394531"></testcase><testcase classname="src.pymortests.vectorarray" file="src/pymortests/vectorarray.py" line="1028" name="test_axpy_wrong_coefficients[compatible_vector_array_pair2-&lt;lambda&gt;12]" time="0.0022628307342529297"></testcase><testcase classname="src.pymortests.vectorarray" file="src/pymortests/vectorarray.py" line="1028" name="test_axpy_wrong_coefficients[compatible_vector_array_pair2-&lt;lambda&gt;13]" time="0.0016837120056152344"></testcase><testcase classname="src.pymortests.vectorarray" file="src/pymortests/vectorarray.py" line="1028" name="test_axpy_wrong_coefficients[compatible_vector_array_pair2-&lt;lambda&gt;14]" time="0.0036306381225585938"></testcase><testcase classname="src.pymortests.vectorarray" file="src/pymortests/vectorarray.py" line="1028" name="test_axpy_wrong_coefficients[compatible_vector_array_pair2-&lt;lambda&gt;15]" time="0.004826545715332031"></testcase><testcase classname="src.pymortests.vectorarray" file="src/pymortests/vectorarray.py" line="1028" name="test_axpy_wrong_coefficients[compatible_vector_array_pair2-&lt;lambda&gt;16]" time="0.005742073059082031"></testcase><testcase classname="src.pymortests.vectorarray" file="src/pymortests/vectorarray.py" line="1028" name="test_axpy_wrong_coefficients[compatible_vector_array_pair2-&lt;lambda&gt;17]" time="0.010754823684692383"></testcase><testcase classname="src.pymortests.vectorarray" file="src/pymortests/vectorarray.py" line="1028" name="test_axpy_wrong_coefficients[compatible_vector_array_pair2-&lt;lambda&gt;18]" time="0.002655029296875"></testcase><testcase classname="src.pymortests.vectorarray" file="src/pymortests/vectorarray.py" line="1028" name="test_axpy_wrong_coefficients[compatible_vector_array_pair2-&lt;lambda&gt;19]" time="0.002103567123413086"></testcase><testcase classname="src.pymortests.vectorarray" file="src/pymortests/vectorarray.py" line="1028" name="test_axpy_wrong_coefficients[compatible_vector_array_pair2-&lt;lambda&gt;20]" time="0.026974916458129883"></testcase><testcase classname="src.pymortests.vectorarray" file="src/pymortests/vectorarray.py" line="1028" name="test_axpy_wrong_coefficients[compatible_vector_array_pair2-&lt;lambda&gt;21]" time="0.014132022857666016"></testcase><testcase classname="src.pymortests.vectorarray" file="src/pymortests/vectorarray.py" line="1028" name="test_axpy_wrong_coefficients[compatible_vector_array_pair2-&lt;lambda&gt;22]" time="0.04069924354553223"></testcase><testcase classname="src.pymortests.vectorarray" file="src/pymortests/vectorarray.py" line="1028" name="test_axpy_wrong_coefficients[compatible_vector_array_pair2-&lt;lambda&gt;23]" time="0.006633758544921875"></testcase><testcase classname="src.pymortests.vectorarray" file="src/pymortests/vectorarray.py" line="1028" name="test_axpy_wrong_coefficients[compatible_vector_array_pair2-&lt;lambda&gt;24]" time="0.002531766891479492"></testcase><testcase classname="src.pymortests.vectorarray" file="src/pymortests/vectorarray.py" line="1028" name="test_axpy_wrong_coefficients[compatible_vector_array_pair2-&lt;lambda&gt;25]" time="0.002424478530883789"></testcase><testcase classname="src.pymortests.vectorarray" file="src/pymortests/vectorarray.py" line="1028" name="test_axpy_wrong_coefficients[compatible_vector_array_pair2-&lt;lambda&gt;26]" time="0.023531675338745117"></testcase><testcase classname="src.pymortests.vectorarray" file="src/pymortests/vectorarray.py" line="1028" name="test_axpy_wrong_coefficients[compatible_vector_array_pair2-&lt;lambda&gt;27]" time="0.031235456466674805"></testcase><testcase classname="src.pymortests.vectorarray" file="src/pymortests/vectorarray.py" line="1028" name="test_axpy_wrong_coefficients[compatible_vector_array_pair2-&lt;lambda&gt;28]" time="0.10865616798400879"></testcase><testcase classname="src.pymortests.vectorarray" file="src/pymortests/vectorarray.py" line="1028" name="test_axpy_wrong_coefficients[compatible_vector_array_pair2-&lt;lambda&gt;29]" time="0.007957220077514648"></testcase><testcase classname="src.pymortests.vectorarray" file="src/pymortests/vectorarray.py" line="1028" name="test_axpy_wrong_coefficients[compatible_vector_array_pair3-&lt;lambda&gt;0]" time="0.0017666816711425781"></testcase><testcase classname="src.pymortests.vectorarray" file="src/pymortests/vectorarray.py" line="1028" name="test_axpy_wrong_coefficients[compatible_vector_array_pair3-&lt;lambda&gt;1]" time="0.001298666000366211"></testcase><testcase classname="src.pymortests.vectorarray" file="src/pymortests/vectorarray.py" line="1028" name="test_axpy_wrong_coefficients[compatible_vector_array_pair3-&lt;lambda&gt;2]" time="0.0030879974365234375"></testcase><testcase classname="src.pymortests.vectorarray" file="src/pymortests/vectorarray.py" line="1028" name="test_axpy_wrong_coefficients[compatible_vector_array_pair3-&lt;lambda&gt;3]" time="0.003400564193725586"></testcase><testcase classname="src.pymortests.vectorarray" file="src/pymortests/vectorarray.py" line="1028" name="test_axpy_wrong_coefficients[compatible_vector_array_pair3-&lt;lambda&gt;4]" time="0.0056285858154296875"></testcase><testcase classname="src.pymortests.vectorarray" file="src/pymortests/vectorarray.py" line="1028" name="test_axpy_wrong_coefficients[compatible_vector_array_pair3-&lt;lambda&gt;5]" time="0.004040718078613281"></testcase><testcase classname="src.pymortests.vectorarray" file="src/pymortests/vectorarray.py" line="1028" name="test_axpy_wrong_coefficients[compatible_vector_array_pair3-&lt;lambda&gt;6]" time="0.0016870498657226562"></testcase><testcase classname="src.pymortests.vectorarray" file="src/pymortests/vectorarray.py" line="1028" name="test_axpy_wrong_coefficients[compatible_vector_array_pair3-&lt;lambda&gt;7]" time="0.0012607574462890625"></testcase><testcase classname="src.pymortests.vectorarray" file="src/pymortests/vectorarray.py" line="1028" name="test_axpy_wrong_coefficients[compatible_vector_array_pair3-&lt;lambda&gt;8]" time="0.0033562183380126953"></testcase><testcase classname="src.pymortests.vectorarray" file="src/pymortests/vectorarray.py" line="1028" name="test_axpy_wrong_coefficients[compatible_vector_array_pair3-&lt;lambda&gt;9]" time="0.003835439682006836"></testcase><testcase classname="src.pymortests.vectorarray" file="src/pymortests/vectorarray.py" line="1028" name="test_axpy_wrong_coefficients[compatible_vector_array_pair3-&lt;lambda&gt;10]" time="0.007194995880126953"></testcase><testcase classname="src.pymortests.vectorarray" file="src/pymortests/vectorarray.py" line="1028" name="test_axpy_wrong_coefficients[compatible_vector_array_pair3-&lt;lambda&gt;11]" time="0.00417327880859375"></testcase><testcase classname="src.pymortests.vectorarray" file="src/pymortests/vectorarray.py" line="1028" name="test_axpy_wrong_coefficients[compatible_vector_array_pair3-&lt;lambda&gt;12]" time="0.002132415771484375"></testcase><testcase classname="src.pymortests.vectorarray" file="src/pymortests/vectorarray.py" line="1028" name="test_axpy_wrong_coefficients[compatible_vector_array_pair3-&lt;lambda&gt;13]" time="0.0016024112701416016"></testcase><testcase classname="src.pymortests.vectorarray" file="src/pymortests/vectorarray.py" line="1028" name="test_axpy_wrong_coefficients[compatible_vector_array_pair3-&lt;lambda&gt;14]" time="0.003559112548828125"></testcase><testcase classname="src.pymortests.vectorarray" file="src/pymortests/vectorarray.py" line="1028" name="test_axpy_wrong_coefficients[compatible_vector_array_pair3-&lt;lambda&gt;15]" time="0.004739284515380859"></testcase><testcase classname="src.pymortests.vectorarray" file="src/pymortests/vectorarray.py" line="1028" name="test_axpy_wrong_coefficients[compatible_vector_array_pair3-&lt;lambda&gt;16]" time="0.005715847015380859"></testcase><testcase classname="src.pymortests.vectorarray" file="src/pymortests/vectorarray.py" line="1028" name="test_axpy_wrong_coefficients[compatible_vector_array_pair3-&lt;lambda&gt;17]" time="0.010424375534057617"></testcase><testcase classname="src.pymortests.vectorarray" file="src/pymortests/vectorarray.py" line="1028" name="test_axpy_wrong_coefficients[compatible_vector_array_pair3-&lt;lambda&gt;18]" time="0.002552509307861328"></testcase><testcase classname="src.pymortests.vectorarray" file="src/pymortests/vectorarray.py" line="1028" name="test_axpy_wrong_coefficients[compatible_vector_array_pair3-&lt;lambda&gt;19]" time="0.0020563602447509766"></testcase><testcase classname="src.pymortests.vectorarray" file="src/pymortests/vectorarray.py" line="1028" name="test_axpy_wrong_coefficients[compatible_vector_array_pair3-&lt;lambda&gt;20]" time="0.02702808380126953"></testcase><testcase classname="src.pymortests.vectorarray" file="src/pymortests/vectorarray.py" line="1028" name="test_axpy_wrong_coefficients[compatible_vector_array_pair3-&lt;lambda&gt;21]" time="0.014190435409545898"></testcase><testcase classname="src.pymortests.vectorarray" file="src/pymortests/vectorarray.py" line="1028" name="test_axpy_wrong_coefficients[compatible_vector_array_pair3-&lt;lambda&gt;22]" time="0.04329514503479004"></testcase><testcase classname="src.pymortests.vectorarray" file="src/pymortests/vectorarray.py" line="1028" name="test_axpy_wrong_coefficients[compatible_vector_array_pair3-&lt;lambda&gt;23]" time="0.006743669509887695"></testcase><testcase classname="src.pymortests.vectorarray" file="src/pymortests/vectorarray.py" line="1028" name="test_axpy_wrong_coefficients[compatible_vector_array_pair3-&lt;lambda&gt;24]" time="0.0017578601837158203"></testcase><testcase classname="src.pymortests.vectorarray" file="src/pymortests/vectorarray.py" line="1028" name="test_axpy_wrong_coefficients[compatible_vector_array_pair3-&lt;lambda&gt;25]" time="0.0023462772369384766"></testcase><testcase classname="src.pymortests.vectorarray" file="src/pymortests/vectorarray.py" line="1028" name="test_axpy_wrong_coefficients[compatible_vector_array_pair3-&lt;lambda&gt;26]" time="0.024003982543945312"></testcase><testcase classname="src.pymortests.vectorarray" file="src/pymortests/vectorarray.py" line="1028" name="test_axpy_wrong_coefficients[compatible_vector_array_pair3-&lt;lambda&gt;27]" time="0.03233981132507324"></testcase><testcase classname="src.pymortests.vectorarray" file="src/pymortests/vectorarray.py" line="1028" name="test_axpy_wrong_coefficients[compatible_vector_array_pair3-&lt;lambda&gt;28]" time="0.10828232765197754"></testcase><testcase classname="src.pymortests.vectorarray" file="src/pymortests/vectorarray.py" line="1028" name="test_axpy_wrong_coefficients[compatible_vector_array_pair3-&lt;lambda&gt;29]" time="0.008015155792236328"></testcase><testcase classname="src.pymortests.vectorarray" file="src/pymortests/vectorarray.py" line="1028" name="test_axpy_wrong_coefficients[compatible_vector_array_pair4-&lt;lambda&gt;0]" time="0.0017626285552978516"></testcase><testcase classname="src.pymortests.vectorarray" file="src/pymortests/vectorarray.py" line="1028" name="test_axpy_wrong_coefficients[compatible_vector_array_pair4-&lt;lambda&gt;1]" time="0.0014057159423828125"></testcase><testcase classname="src.pymortests.vectorarray" file="src/pymortests/vectorarray.py" line="1028" name="test_axpy_wrong_coefficients[compatible_vector_array_pair4-&lt;lambda&gt;2]" time="0.003062725067138672"></testcase><testcase classname="src.pymortests.vectorarray" file="src/pymortests/vectorarray.py" line="1028" name="test_axpy_wrong_coefficients[compatible_vector_array_pair4-&lt;lambda&gt;3]" time="0.003386259078979492"></testcase><testcase classname="src.pymortests.vectorarray" file="src/pymortests/vectorarray.py" line="1028" name="test_axpy_wrong_coefficients[compatible_vector_array_pair4-&lt;lambda&gt;4]" time="0.005702495574951172"></testcase><testcase classname="src.pymortests.vectorarray" file="src/pymortests/vectorarray.py" line="1028" name="test_axpy_wrong_coefficients[compatible_vector_array_pair4-&lt;lambda&gt;5]" time="0.004099369049072266"></testcase><testcase classname="src.pymortests.vectorarray" file="src/pymortests/vectorarray.py" line="1028" name="test_axpy_wrong_coefficients[compatible_vector_array_pair4-&lt;lambda&gt;6]" time="0.0017151832580566406"></testcase><testcase classname="src.pymortests.vectorarray" file="src/pymortests/vectorarray.py" line="1028" name="test_axpy_wrong_coefficients[compatible_vector_array_pair4-&lt;lambda&gt;7]" time="0.0013175010681152344"></testcase><testcase classname="src.pymortests.vectorarray" file="src/pymortests/vectorarray.py" line="1028" name="test_axpy_wrong_coefficients[compatible_vector_array_pair4-&lt;lambda&gt;8]" time="0.0034630298614501953"></testcase><testcase classname="src.pymortests.vectorarray" file="src/pymortests/vectorarray.py" line="1028" name="test_axpy_wrong_coefficients[compatible_vector_array_pair4-&lt;lambda&gt;9]" time="0.003983259201049805"></testcase><testcase classname="src.pymortests.vectorarray" file="src/pymortests/vectorarray.py" line="1028" name="test_axpy_wrong_coefficients[compatible_vector_array_pair4-&lt;lambda&gt;10]" time="0.007479667663574219"></testcase><testcase classname="src.pymortests.vectorarray" file="src/pymortests/vectorarray.py" line="1028" name="test_axpy_wrong_coefficients[compatible_vector_array_pair4-&lt;lambda&gt;11]" time="0.004252195358276367"></testcase><testcase classname="src.pymortests.vectorarray" file="src/pymortests/vectorarray.py" line="1028" name="test_axpy_wrong_coefficients[compatible_vector_array_pair4-&lt;lambda&gt;12]" time="0.00217437744140625"></testcase><testcase classname="src.pymortests.vectorarray" file="src/pymortests/vectorarray.py" line="1028" name="test_axpy_wrong_coefficients[compatible_vector_array_pair4-&lt;lambda&gt;13]" time="0.0016489028930664062"></testcase><testcase classname="src.pymortests.vectorarray" file="src/pymortests/vectorarray.py" line="1028" name="test_axpy_wrong_coefficients[compatible_vector_array_pair4-&lt;lambda&gt;14]" time="0.00362396240234375"></testcase><testcase classname="src.pymortests.vectorarray" file="src/pymortests/vectorarray.py" line="1028" name="test_axpy_wrong_coefficients[compatible_vector_array_pair4-&lt;lambda&gt;15]" time="0.004769325256347656"></testcase><testcase classname="src.pymortests.vectorarray" file="src/pymortests/vectorarray.py" line="1028" name="test_axpy_wrong_coefficients[compatible_vector_array_pair4-&lt;lambda&gt;16]" time="0.0057163238525390625"></testcase><testcase classname="src.pymortests.vectorarray" file="src/pymortests/vectorarray.py" line="1028" name="test_axpy_wrong_coefficients[compatible_vector_array_pair4-&lt;lambda&gt;17]" time="0.010522603988647461"></testcase><testcase classname="src.pymortests.vectorarray" file="src/pymortests/vectorarray.py" line="1028" name="test_axpy_wrong_coefficients[compatible_vector_array_pair4-&lt;lambda&gt;18]" time="0.002620697021484375"></testcase><testcase classname="src.pymortests.vectorarray" file="src/pymortests/vectorarray.py" line="1028" name="test_axpy_wrong_coefficients[compatible_vector_array_pair4-&lt;lambda&gt;19]" time="0.0020895004272460938"></testcase><testcase classname="src.pymortests.vectorarray" file="src/pymortests/vectorarray.py" line="1028" name="test_axpy_wrong_coefficients[compatible_vector_array_pair4-&lt;lambda&gt;20]" time="0.026819705963134766"></testcase><testcase classname="src.pymortests.vectorarray" file="src/pymortests/vectorarray.py" line="1028" name="test_axpy_wrong_coefficients[compatible_vector_array_pair4-&lt;lambda&gt;21]" time="0.014403343200683594"></testcase><testcase classname="src.pymortests.vectorarray" file="src/pymortests/vectorarray.py" line="1028" name="test_axpy_wrong_coefficients[compatible_vector_array_pair4-&lt;lambda&gt;22]" time="0.041559457778930664"></testcase><testcase classname="src.pymortests.vectorarray" file="src/pymortests/vectorarray.py" line="1028" name="test_axpy_wrong_coefficients[compatible_vector_array_pair4-&lt;lambda&gt;23]" time="0.0066144466400146484"></testcase><testcase classname="src.pymortests.vectorarray" file="src/pymortests/vectorarray.py" line="1028" name="test_axpy_wrong_coefficients[compatible_vector_array_pair4-&lt;lambda&gt;24]" time="0.0017800331115722656"></testcase><testcase classname="src.pymortests.vectorarray" file="src/pymortests/vectorarray.py" line="1028" name="test_axpy_wrong_coefficients[compatible_vector_array_pair4-&lt;lambda&gt;25]" time="0.002399444580078125"></testcase><testcase classname="src.pymortests.vectorarray" file="src/pymortests/vectorarray.py" line="1028" name="test_axpy_wrong_coefficients[compatible_vector_array_pair4-&lt;lambda&gt;26]" time="0.023733854293823242"></testcase><testcase classname="src.pymortests.vectorarray" file="src/pymortests/vectorarray.py" line="1028" name="test_axpy_wrong_coefficients[compatible_vector_array_pair4-&lt;lambda&gt;27]" time="0.031821489334106445"></testcase><testcase classname="src.pymortests.vectorarray" file="src/pymortests/vectorarray.py" line="1028" name="test_axpy_wrong_coefficients[compatible_vector_array_pair4-&lt;lambda&gt;28]" time="0.11040234565734863"></testcase><testcase classname="src.pymortests.vectorarray" file="src/pymortests/vectorarray.py" line="1028" name="test_axpy_wrong_coefficients[compatible_vector_array_pair4-&lt;lambda&gt;29]" time="0.008092403411865234"></testcase><testcase classname="src.pymortests.vectorarray" file="src/pymortests/vectorarray.py" line="1028" name="test_axpy_wrong_coefficients[compatible_vector_array_pair5-&lt;lambda&gt;0]" time="0.0024781227111816406"></testcase><testcase classname="src.pymortests.vectorarray" file="src/pymortests/vectorarray.py" line="1028" name="test_axpy_wrong_coefficients[compatible_vector_array_pair5-&lt;lambda&gt;1]" time="0.001348257064819336"></testcase><testcase classname="src.pymortests.vectorarray" file="src/pymortests/vectorarray.py" line="1028" name="test_axpy_wrong_coefficients[compatible_vector_array_pair5-&lt;lambda&gt;2]" time="0.003179311752319336"></testcase><testcase classname="src.pymortests.vectorarray" file="src/pymortests/vectorarray.py" line="1028" name="test_axpy_wrong_coefficients[compatible_vector_array_pair5-&lt;lambda&gt;3]" time="0.003529787063598633"></testcase><testcase classname="src.pymortests.vectorarray" file="src/pymortests/vectorarray.py" line="1028" name="test_axpy_wrong_coefficients[compatible_vector_array_pair5-&lt;lambda&gt;4]" time="0.006129741668701172"></testcase><testcase classname="src.pymortests.vectorarray" file="src/pymortests/vectorarray.py" line="1028" name="test_axpy_wrong_coefficients[compatible_vector_array_pair5-&lt;lambda&gt;5]" time="0.004143953323364258"></testcase><testcase classname="src.pymortests.vectorarray" file="src/pymortests/vectorarray.py" line="1028" name="test_axpy_wrong_coefficients[compatible_vector_array_pair5-&lt;lambda&gt;6]" time="0.0017809867858886719"></testcase><testcase classname="src.pymortests.vectorarray" file="src/pymortests/vectorarray.py" line="1028" name="test_axpy_wrong_coefficients[compatible_vector_array_pair5-&lt;lambda&gt;7]" time="0.0013766288757324219"></testcase><testcase classname="src.pymortests.vectorarray" file="src/pymortests/vectorarray.py" line="1028" name="test_axpy_wrong_coefficients[compatible_vector_array_pair5-&lt;lambda&gt;8]" time="0.003563404083251953"></testcase><testcase classname="src.pymortests.vectorarray" file="src/pymortests/vectorarray.py" line="1028" name="test_axpy_wrong_coefficients[compatible_vector_array_pair5-&lt;lambda&gt;9]" time="0.003965139389038086"></testcase><testcase classname="src.pymortests.vectorarray" file="src/pymortests/vectorarray.py" line="1028" name="test_axpy_wrong_coefficients[compatible_vector_array_pair5-&lt;lambda&gt;10]" time="0.007487297058105469"></testcase><testcase classname="src.pymortests.vectorarray" file="src/pymortests/vectorarray.py" line="1028" name="test_axpy_wrong_coefficients[compatible_vector_array_pair5-&lt;lambda&gt;11]" time="0.005812883377075195"></testcase><testcase classname="src.pymortests.vectorarray" file="src/pymortests/vectorarray.py" line="1028" name="test_axpy_wrong_coefficients[compatible_vector_array_pair5-&lt;lambda&gt;12]" time="0.0022957324981689453"></testcase><testcase classname="src.pymortests.vectorarray" file="src/pymortests/vectorarray.py" line="1028" name="test_axpy_wrong_coefficients[compatible_vector_array_pair5-&lt;lambda&gt;13]" time="0.0018002986907958984"></testcase><testcase classname="src.pymortests.vectorarray" file="src/pymortests/vectorarray.py" line="1028" name="test_axpy_wrong_coefficients[compatible_vector_array_pair5-&lt;lambda&gt;14]" time="0.0036165714263916016"></testcase><testcase classname="src.pymortests.vectorarray" file="src/pymortests/vectorarray.py" line="1028" name="test_axpy_wrong_coefficients[compatible_vector_array_pair5-&lt;lambda&gt;15]" time="0.004766702651977539"></testcase><testcase classname="src.pymortests.vectorarray" file="src/pymortests/vectorarray.py" line="1028" name="test_axpy_wrong_coefficients[compatible_vector_array_pair5-&lt;lambda&gt;16]" time="0.005700349807739258"></testcase><testcase classname="src.pymortests.vectorarray" file="src/pymortests/vectorarray.py" line="1028" name="test_axpy_wrong_coefficients[compatible_vector_array_pair5-&lt;lambda&gt;17]" time="0.010283470153808594"></testcase><testcase classname="src.pymortests.vectorarray" file="src/pymortests/vectorarray.py" line="1028" name="test_axpy_wrong_coefficients[compatible_vector_array_pair5-&lt;lambda&gt;18]" time="0.002561807632446289"></testcase><testcase classname="src.pymortests.vectorarray" file="src/pymortests/vectorarray.py" line="1028" name="test_axpy_wrong_coefficients[compatible_vector_array_pair5-&lt;lambda&gt;19]" time="0.0019724369049072266"></testcase><testcase classname="src.pymortests.vectorarray" file="src/pymortests/vectorarray.py" line="1028" name="test_axpy_wrong_coefficients[compatible_vector_array_pair5-&lt;lambda&gt;20]" time="0.02735424041748047"></testcase><testcase classname="src.pymortests.vectorarray" file="src/pymortests/vectorarray.py" line="1028" name="test_axpy_wrong_coefficients[compatible_vector_array_pair5-&lt;lambda&gt;21]" time="0.014850139617919922"></testcase><testcase classname="src.pymortests.vectorarray" file="src/pymortests/vectorarray.py" line="1028" name="test_axpy_wrong_coefficients[compatible_vector_array_pair5-&lt;lambda&gt;22]" time="0.04103660583496094"></testcase><testcase classname="src.pymortests.vectorarray" file="src/pymortests/vectorarray.py" line="1028" name="test_axpy_wrong_coefficients[compatible_vector_array_pair5-&lt;lambda&gt;23]" time="0.006648063659667969"></testcase><testcase classname="src.pymortests.vectorarray" file="src/pymortests/vectorarray.py" line="1028" name="test_axpy_wrong_coefficients[compatible_vector_array_pair5-&lt;lambda&gt;24]" time="0.001749277114868164"></testcase><testcase classname="src.pymortests.vectorarray" file="src/pymortests/vectorarray.py" line="1028" name="test_axpy_wrong_coefficients[compatible_vector_array_pair5-&lt;lambda&gt;25]" time="0.002370595932006836"></testcase><testcase classname="src.pymortests.vectorarray" file="src/pymortests/vectorarray.py" line="1028" name="test_axpy_wrong_coefficients[compatible_vector_array_pair5-&lt;lambda&gt;26]" time="0.023386001586914062"></testcase><testcase classname="src.pymortests.vectorarray" file="src/pymortests/vectorarray.py" line="1028" name="test_axpy_wrong_coefficients[compatible_vector_array_pair5-&lt;lambda&gt;27]" time="0.031856536865234375"></testcase><testcase classname="src.pymortests.vectorarray" file="src/pymortests/vectorarray.py" line="1028" name="test_axpy_wrong_coefficients[compatible_vector_array_pair5-&lt;lambda&gt;28]" time="0.10969829559326172"></testcase><testcase classname="src.pymortests.vectorarray" file="src/pymortests/vectorarray.py" line="1028" name="test_axpy_wrong_coefficients[compatible_vector_array_pair5-&lt;lambda&gt;29]" time="0.008522748947143555"></testcase><testcase classname="src.pymortests.vectorarray" file="src/pymortests/vectorarray.py" line="1028" name="test_axpy_wrong_coefficients[compatible_vector_array_pair6-&lt;lambda&gt;0]" time="0.002811908721923828"></testcase><testcase classname="src.pymortests.vectorarray" file="src/pymortests/vectorarray.py" line="1028" name="test_axpy_wrong_coefficients[compatible_vector_array_pair6-&lt;lambda&gt;1]" time="0.0015392303466796875"></testcase><testcase classname="src.pymortests.vectorarray" file="src/pymortests/vectorarray.py" line="1028" name="test_axpy_wrong_coefficients[compatible_vector_array_pair6-&lt;lambda&gt;2]" time="0.0033469200134277344"></testcase><testcase classname="src.pymortests.vectorarray" file="src/pymortests/vectorarray.py" line="1028" name="test_axpy_wrong_coefficients[compatible_vector_array_pair6-&lt;lambda&gt;3]" time="0.003670215606689453"></testcase><testcase classname="src.pymortests.vectorarray" file="src/pymortests/vectorarray.py" line="1028" name="test_axpy_wrong_coefficients[compatible_vector_array_pair6-&lt;lambda&gt;4]" time="0.005845069885253906"></testcase><testcase classname="src.pymortests.vectorarray" file="src/pymortests/vectorarray.py" line="1028" name="test_axpy_wrong_coefficients[compatible_vector_array_pair6-&lt;lambda&gt;5]" time="0.00465703010559082"></testcase><testcase classname="src.pymortests.vectorarray" file="src/pymortests/vectorarray.py" line="1028" name="test_axpy_wrong_coefficients[compatible_vector_array_pair6-&lt;lambda&gt;6]" time="0.0018897056579589844"></testcase><testcase classname="src.pymortests.vectorarray" file="src/pymortests/vectorarray.py" line="1028" name="test_axpy_wrong_coefficients[compatible_vector_array_pair6-&lt;lambda&gt;7]" time="0.0012845993041992188"></testcase><testcase classname="src.pymortests.vectorarray" file="src/pymortests/vectorarray.py" line="1028" name="test_axpy_wrong_coefficients[compatible_vector_array_pair6-&lt;lambda&gt;8]" time="0.0034339427947998047"></testcase><testcase classname="src.pymortests.vectorarray" file="src/pymortests/vectorarray.py" line="1028" name="test_axpy_wrong_coefficients[compatible_vector_array_pair6-&lt;lambda&gt;9]" time="0.0038328170776367188"></testcase><testcase classname="src.pymortests.vectorarray" file="src/pymortests/vectorarray.py" line="1028" name="test_axpy_wrong_coefficients[compatible_vector_array_pair6-&lt;lambda&gt;10]" time="0.0077075958251953125"></testcase><testcase classname="src.pymortests.vectorarray" file="src/pymortests/vectorarray.py" line="1028" name="test_axpy_wrong_coefficients[compatible_vector_array_pair6-&lt;lambda&gt;11]" time="0.004275798797607422"></testcase><testcase classname="src.pymortests.vectorarray" file="src/pymortests/vectorarray.py" line="1028" name="test_axpy_wrong_coefficients[compatible_vector_array_pair6-&lt;lambda&gt;12]" time="0.0021462440490722656"></testcase><testcase classname="src.pymortests.vectorarray" file="src/pymortests/vectorarray.py" line="1028" name="test_axpy_wrong_coefficients[compatible_vector_array_pair6-&lt;lambda&gt;13]" time="0.0016312599182128906"></testcase><testcase classname="src.pymortests.vectorarray" file="src/pymortests/vectorarray.py" line="1028" name="test_axpy_wrong_coefficients[compatible_vector_array_pair6-&lt;lambda&gt;14]" time="0.0035071372985839844"></testcase><testcase classname="src.pymortests.vectorarray" file="src/pymortests/vectorarray.py" line="1028" name="test_axpy_wrong_coefficients[compatible_vector_array_pair6-&lt;lambda&gt;15]" time="0.004637956619262695"></testcase><testcase classname="src.pymortests.vectorarray" file="src/pymortests/vectorarray.py" line="1028" name="test_axpy_wrong_coefficients[compatible_vector_array_pair6-&lt;lambda&gt;16]" time="0.0056192874908447266"></testcase><testcase classname="src.pymortests.vectorarray" file="src/pymortests/vectorarray.py" line="1028" name="test_axpy_wrong_coefficients[compatible_vector_array_pair6-&lt;lambda&gt;17]" time="0.010300397872924805"></testcase><testcase classname="src.pymortests.vectorarray" file="src/pymortests/vectorarray.py" line="1028" name="test_axpy_wrong_coefficients[compatible_vector_array_pair6-&lt;lambda&gt;18]" time="0.0026373863220214844"></testcase><testcase classname="src.pymortests.vectorarray" file="src/pymortests/vectorarray.py" line="1028" name="test_axpy_wrong_coefficients[compatible_vector_array_pair6-&lt;lambda&gt;19]" time="0.0019488334655761719"></testcase><testcase classname="src.pymortests.vectorarray" file="src/pymortests/vectorarray.py" line="1028" name="test_axpy_wrong_coefficients[compatible_vector_array_pair6-&lt;lambda&gt;20]" time="0.026801109313964844"></testcase><testcase classname="src.pymortests.vectorarray" file="src/pymortests/vectorarray.py" line="1028" name="test_axpy_wrong_coefficients[compatible_vector_array_pair6-&lt;lambda&gt;21]" time="0.014215946197509766"></testcase><testcase classname="src.pymortests.vectorarray" file="src/pymortests/vectorarray.py" line="1028" name="test_axpy_wrong_coefficients[compatible_vector_array_pair6-&lt;lambda&gt;22]" time="0.0405879020690918"></testcase><testcase classname="src.pymortests.vectorarray" file="src/pymortests/vectorarray.py" line="1028" name="test_axpy_wrong_coefficients[compatible_vector_array_pair6-&lt;lambda&gt;23]" time="0.006578207015991211"></testcase><testcase classname="src.pymortests.vectorarray" file="src/pymortests/vectorarray.py" line="1028" name="test_axpy_wrong_coefficients[compatible_vector_array_pair6-&lt;lambda&gt;24]" time="0.0025620460510253906"></testcase><testcase classname="src.pymortests.vectorarray" file="src/pymortests/vectorarray.py" line="1028" name="test_axpy_wrong_coefficients[compatible_vector_array_pair6-&lt;lambda&gt;25]" time="0.0023980140686035156"></testcase><testcase classname="src.pymortests.vectorarray" file="src/pymortests/vectorarray.py" line="1028" name="test_axpy_wrong_coefficients[compatible_vector_array_pair6-&lt;lambda&gt;26]" time="0.02399587631225586"></testcase><testcase classname="src.pymortests.vectorarray" file="src/pymortests/vectorarray.py" line="1028" name="test_axpy_wrong_coefficients[compatible_vector_array_pair6-&lt;lambda&gt;27]" time="0.031759023666381836"></testcase><testcase classname="src.pymortests.vectorarray" file="src/pymortests/vectorarray.py" line="1028" name="test_axpy_wrong_coefficients[compatible_vector_array_pair6-&lt;lambda&gt;28]" time="0.11207866668701172"></testcase><testcase classname="src.pymortests.vectorarray" file="src/pymortests/vectorarray.py" line="1028" name="test_axpy_wrong_coefficients[compatible_vector_array_pair6-&lt;lambda&gt;29]" time="0.00793147087097168"></testcase><testcase classname="src.pymortests.vectorarray" file="src/pymortests/vectorarray.py" line="1028" name="test_axpy_wrong_coefficients[compatible_vector_array_pair7-&lt;lambda&gt;0]" time="0.0018618106842041016"></testcase><testcase classname="src.pymortests.vectorarray" file="src/pymortests/vectorarray.py" line="1028" name="test_axpy_wrong_coefficients[compatible_vector_array_pair7-&lt;lambda&gt;1]" time="0.0013353824615478516"></testcase><testcase classname="src.pymortests.vectorarray" file="src/pymortests/vectorarray.py" line="1028" name="test_axpy_wrong_coefficients[compatible_vector_array_pair7-&lt;lambda&gt;2]" time="0.003210306167602539"></testcase><testcase classname="src.pymortests.vectorarray" file="src/pymortests/vectorarray.py" line="1028" name="test_axpy_wrong_coefficients[compatible_vector_array_pair7-&lt;lambda&gt;3]" time="0.0034837722778320312"></testcase><testcase classname="src.pymortests.vectorarray" file="src/pymortests/vectorarray.py" line="1028" name="test_axpy_wrong_coefficients[compatible_vector_array_pair7-&lt;lambda&gt;4]" time="0.005751609802246094"></testcase><testcase classname="src.pymortests.vectorarray" file="src/pymortests/vectorarray.py" line="1028" name="test_axpy_wrong_coefficients[compatible_vector_array_pair7-&lt;lambda&gt;5]" time="0.0041654109954833984"></testcase><testcase classname="src.pymortests.vectorarray" file="src/pymortests/vectorarray.py" line="1028" name="test_axpy_wrong_coefficients[compatible_vector_array_pair7-&lt;lambda&gt;6]" time="0.0018494129180908203"></testcase><testcase classname="src.pymortests.vectorarray" file="src/pymortests/vectorarray.py" line="1028" name="test_axpy_wrong_coefficients[compatible_vector_array_pair7-&lt;lambda&gt;7]" time="0.0013265609741210938"></testcase><testcase classname="src.pymortests.vectorarray" file="src/pymortests/vectorarray.py" line="1028" name="test_axpy_wrong_coefficients[compatible_vector_array_pair7-&lt;lambda&gt;8]" time="0.0035886764526367188"></testcase><testcase classname="src.pymortests.vectorarray" file="src/pymortests/vectorarray.py" line="1028" name="test_axpy_wrong_coefficients[compatible_vector_array_pair7-&lt;lambda&gt;9]" time="0.0039560794830322266"></testcase><testcase classname="src.pymortests.vectorarray" file="src/pymortests/vectorarray.py" line="1028" name="test_axpy_wrong_coefficients[compatible_vector_array_pair7-&lt;lambda&gt;10]" time="0.0077207088470458984"></testcase><testcase classname="src.pymortests.vectorarray" file="src/pymortests/vectorarray.py" line="1028" name="test_axpy_wrong_coefficients[compatible_vector_array_pair7-&lt;lambda&gt;11]" time="0.004420280456542969"></testcase><testcase classname="src.pymortests.vectorarray" file="src/pymortests/vectorarray.py" line="1028" name="test_axpy_wrong_coefficients[compatible_vector_array_pair7-&lt;lambda&gt;12]" time="0.0022554397583007812"></testcase><testcase classname="src.pymortests.vectorarray" file="src/pymortests/vectorarray.py" line="1028" name="test_axpy_wrong_coefficients[compatible_vector_array_pair7-&lt;lambda&gt;13]" time="0.0016922950744628906"></testcase><testcase classname="src.pymortests.vectorarray" file="src/pymortests/vectorarray.py" line="1028" name="test_axpy_wrong_coefficients[compatible_vector_array_pair7-&lt;lambda&gt;14]" time="0.0037779808044433594"></testcase><testcase classname="src.pymortests.vectorarray" file="src/pymortests/vectorarray.py" line="1028" name="test_axpy_wrong_coefficients[compatible_vector_array_pair7-&lt;lambda&gt;15]" time="0.004891872406005859"></testcase><testcase classname="src.pymortests.vectorarray" file="src/pymortests/vectorarray.py" line="1028" name="test_axpy_wrong_coefficients[compatible_vector_array_pair7-&lt;lambda&gt;16]" time="0.006026268005371094"></testcase><testcase classname="src.pymortests.vectorarray" file="src/pymortests/vectorarray.py" line="1028" name="test_axpy_wrong_coefficients[compatible_vector_array_pair7-&lt;lambda&gt;17]" time="0.010313749313354492"></testcase><testcase classname="src.pymortests.vectorarray" file="src/pymortests/vectorarray.py" line="1028" name="test_axpy_wrong_coefficients[compatible_vector_array_pair7-&lt;lambda&gt;18]" time="0.0026311874389648438"></testcase><testcase classname="src.pymortests.vectorarray" file="src/pymortests/vectorarray.py" line="1028" name="test_axpy_wrong_coefficients[compatible_vector_array_pair7-&lt;lambda&gt;19]" time="0.001987457275390625"></testcase><testcase classname="src.pymortests.vectorarray" file="src/pymortests/vectorarray.py" line="1028" name="test_axpy_wrong_coefficients[compatible_vector_array_pair7-&lt;lambda&gt;20]" time="0.027225255966186523"></testcase><testcase classname="src.pymortests.vectorarray" file="src/pymortests/vectorarray.py" line="1028" name="test_axpy_wrong_coefficients[compatible_vector_array_pair7-&lt;lambda&gt;21]" time="0.01455831527709961"></testcase><testcase classname="src.pymortests.vectorarray" file="src/pymortests/vectorarray.py" line="1028" name="test_axpy_wrong_coefficients[compatible_vector_array_pair7-&lt;lambda&gt;22]" time="0.04104256629943848"></testcase><testcase classname="src.pymortests.vectorarray" file="src/pymortests/vectorarray.py" line="1028" name="test_axpy_wrong_coefficients[compatible_vector_array_pair7-&lt;lambda&gt;23]" time="0.006675004959106445"></testcase><testcase classname="src.pymortests.vectorarray" file="src/pymortests/vectorarray.py" line="1028" name="test_axpy_wrong_coefficients[compatible_vector_array_pair7-&lt;lambda&gt;24]" time="0.0021276473999023438"></testcase><testcase classname="src.pymortests.vectorarray" file="src/pymortests/vectorarray.py" line="1028" name="test_axpy_wrong_coefficients[compatible_vector_array_pair7-&lt;lambda&gt;25]" time="0.0023963451385498047"></testcase><testcase classname="src.pymortests.vectorarray" file="src/pymortests/vectorarray.py" line="1028" name="test_axpy_wrong_coefficients[compatible_vector_array_pair7-&lt;lambda&gt;26]" time="0.02323126792907715"></testcase><testcase classname="src.pymortests.vectorarray" file="src/pymortests/vectorarray.py" line="1028" name="test_axpy_wrong_coefficients[compatible_vector_array_pair7-&lt;lambda&gt;27]" time="0.031615257263183594"></testcase><testcase classname="src.pymortests.vectorarray" file="src/pymortests/vectorarray.py" line="1028" name="test_axpy_wrong_coefficients[compatible_vector_array_pair7-&lt;lambda&gt;28]" time="0.10967803001403809"></testcase><testcase classname="src.pymortests.vectorarray" file="src/pymortests/vectorarray.py" line="1028" name="test_axpy_wrong_coefficients[compatible_vector_array_pair7-&lt;lambda&gt;29]" time="0.00807809829711914"></testcase><testcase classname="src.pymortests.vectorarray" file="src/pymortests/vectorarray.py" line="1028" name="test_axpy_wrong_coefficients[compatible_vector_array_pair8-&lt;lambda&gt;0]" time="0.002585887908935547"></testcase><testcase classname="src.pymortests.vectorarray" file="src/pymortests/vectorarray.py" line="1028" name="test_axpy_wrong_coefficients[compatible_vector_array_pair8-&lt;lambda&gt;1]" time="0.0013356208801269531"></testcase><testcase classname="src.pymortests.vectorarray" file="src/pymortests/vectorarray.py" line="1028" name="test_axpy_wrong_coefficients[compatible_vector_array_pair8-&lt;lambda&gt;2]" time="0.0031812191009521484"></testcase><testcase classname="src.pymortests.vectorarray" file="src/pymortests/vectorarray.py" line="1028" name="test_axpy_wrong_coefficients[compatible_vector_array_pair8-&lt;lambda&gt;3]" time="0.003525972366333008"></testcase><testcase classname="src.pymortests.vectorarray" file="src/pymortests/vectorarray.py" line="1028" name="test_axpy_wrong_coefficients[compatible_vector_array_pair8-&lt;lambda&gt;4]" time="0.005608558654785156"></testcase><testcase classname="src.pymortests.vectorarray" file="src/pymortests/vectorarray.py" line="1028" name="test_axpy_wrong_coefficients[compatible_vector_array_pair8-&lt;lambda&gt;5]" time="0.003960132598876953"></testcase><testcase classname="src.pymortests.vectorarray" file="src/pymortests/vectorarray.py" line="1028" name="test_axpy_wrong_coefficients[compatible_vector_array_pair8-&lt;lambda&gt;6]" time="0.0017080307006835938"></testcase><testcase classname="src.pymortests.vectorarray" file="src/pymortests/vectorarray.py" line="1028" name="test_axpy_wrong_coefficients[compatible_vector_array_pair8-&lt;lambda&gt;7]" time="0.0012667179107666016"></testcase><testcase classname="src.pymortests.vectorarray" file="src/pymortests/vectorarray.py" line="1028" name="test_axpy_wrong_coefficients[compatible_vector_array_pair8-&lt;lambda&gt;8]" time="0.0035681724548339844"></testcase><testcase classname="src.pymortests.vectorarray" file="src/pymortests/vectorarray.py" line="1028" name="test_axpy_wrong_coefficients[compatible_vector_array_pair8-&lt;lambda&gt;9]" time="0.003903627395629883"></testcase><testcase classname="src.pymortests.vectorarray" file="src/pymortests/vectorarray.py" line="1028" name="test_axpy_wrong_coefficients[compatible_vector_array_pair8-&lt;lambda&gt;10]" time="0.007872343063354492"></testcase><testcase classname="src.pymortests.vectorarray" file="src/pymortests/vectorarray.py" line="1028" name="test_axpy_wrong_coefficients[compatible_vector_array_pair8-&lt;lambda&gt;11]" time="0.004609346389770508"></testcase><testcase classname="src.pymortests.vectorarray" file="src/pymortests/vectorarray.py" line="1028" name="test_axpy_wrong_coefficients[compatible_vector_array_pair8-&lt;lambda&gt;12]" time="0.0021948814392089844"></testcase><testcase classname="src.pymortests.vectorarray" file="src/pymortests/vectorarray.py" line="1028" name="test_axpy_wrong_coefficients[compatible_vector_array_pair8-&lt;lambda&gt;13]" time="0.0016908645629882812"></testcase><testcase classname="src.pymortests.vectorarray" file="src/pymortests/vectorarray.py" line="1028" name="test_axpy_wrong_coefficients[compatible_vector_array_pair8-&lt;lambda&gt;14]" time="0.003699064254760742"></testcase><testcase classname="src.pymortests.vectorarray" file="src/pymortests/vectorarray.py" line="1028" name="test_axpy_wrong_coefficients[compatible_vector_array_pair8-&lt;lambda&gt;15]" time="0.004916191101074219"></testcase><testcase classname="src.pymortests.vectorarray" file="src/pymortests/vectorarray.py" line="1028" name="test_axpy_wrong_coefficients[compatible_vector_array_pair8-&lt;lambda&gt;16]" time="0.005743741989135742"></testcase><testcase classname="src.pymortests.vectorarray" file="src/pymortests/vectorarray.py" line="1028" name="test_axpy_wrong_coefficients[compatible_vector_array_pair8-&lt;lambda&gt;17]" time="0.010410785675048828"></testcase><testcase classname="src.pymortests.vectorarray" file="src/pymortests/vectorarray.py" line="1028" name="test_axpy_wrong_coefficients[compatible_vector_array_pair8-&lt;lambda&gt;18]" time="0.0026192665100097656"></testcase><testcase classname="src.pymortests.vectorarray" file="src/pymortests/vectorarray.py" line="1028" name="test_axpy_wrong_coefficients[compatible_vector_array_pair8-&lt;lambda&gt;19]" time="0.002039670944213867"></testcase><testcase classname="src.pymortests.vectorarray" file="src/pymortests/vectorarray.py" line="1028" name="test_axpy_wrong_coefficients[compatible_vector_array_pair8-&lt;lambda&gt;20]" time="0.02672290802001953"></testcase><testcase classname="src.pymortests.vectorarray" file="src/pymortests/vectorarray.py" line="1028" name="test_axpy_wrong_coefficients[compatible_vector_array_pair8-&lt;lambda&gt;21]" time="0.014282941818237305"></testcase><testcase classname="src.pymortests.vectorarray" file="src/pymortests/vectorarray.py" line="1028" name="test_axpy_wrong_coefficients[compatible_vector_array_pair8-&lt;lambda&gt;22]" time="0.04124021530151367"></testcase><testcase classname="src.pymortests.vectorarray" file="src/pymortests/vectorarray.py" line="1028" name="test_axpy_wrong_coefficients[compatible_vector_array_pair8-&lt;lambda&gt;23]" time="0.006811857223510742"></testcase><testcase classname="src.pymortests.vectorarray" file="src/pymortests/vectorarray.py" line="1028" name="test_axpy_wrong_coefficients[compatible_vector_array_pair8-&lt;lambda&gt;24]" time="0.0025513172149658203"></testcase><testcase classname="src.pymortests.vectorarray" file="src/pymortests/vectorarray.py" line="1028" name="test_axpy_wrong_coefficients[compatible_vector_array_pair8-&lt;lambda&gt;25]" time="0.0023674964904785156"></testcase><testcase classname="src.pymortests.vectorarray" file="src/pymortests/vectorarray.py" line="1028" name="test_axpy_wrong_coefficients[compatible_vector_array_pair8-&lt;lambda&gt;26]" time="0.024785757064819336"></testcase><testcase classname="src.pymortests.vectorarray" file="src/pymortests/vectorarray.py" line="1028" name="test_axpy_wrong_coefficients[compatible_vector_array_pair8-&lt;lambda&gt;27]" time="0.034015655517578125"></testcase><testcase classname="src.pymortests.vectorarray" file="src/pymortests/vectorarray.py" line="1028" name="test_axpy_wrong_coefficients[compatible_vector_array_pair8-&lt;lambda&gt;28]" time="0.11141610145568848"></testcase><testcase classname="src.pymortests.vectorarray" file="src/pymortests/vectorarray.py" line="1028" name="test_axpy_wrong_coefficients[compatible_vector_array_pair8-&lt;lambda&gt;29]" time="0.007800102233886719"></testcase><testcase classname="src.pymortests.vectorarray" file="src/pymortests/vectorarray.py" line="1039" name="test_pairwise_dot_wrong_ind[compatible_vector_array_pair0-&lt;lambda&gt;0]" time="0.0032913684844970703"></testcase><testcase classname="src.pymortests.vectorarray" file="src/pymortests/vectorarray.py" line="1039" name="test_pairwise_dot_wrong_ind[compatible_vector_array_pair0-&lt;lambda&gt;1]" time="0.0031278133392333984"></testcase><testcase classname="src.pymortests.vectorarray" file="src/pymortests/vectorarray.py" line="1039" name="test_pairwise_dot_wrong_ind[compatible_vector_array_pair0-&lt;lambda&gt;2]" time="0.004935503005981445"></testcase><testcase classname="src.pymortests.vectorarray" file="src/pymortests/vectorarray.py" line="1039" name="test_pairwise_dot_wrong_ind[compatible_vector_array_pair0-&lt;lambda&gt;3]" time="0.005738973617553711"></testcase><testcase classname="src.pymortests.vectorarray" file="src/pymortests/vectorarray.py" line="1039" name="test_pairwise_dot_wrong_ind[compatible_vector_array_pair0-&lt;lambda&gt;4]" time="0.007055759429931641"></testcase><testcase classname="src.pymortests.vectorarray" file="src/pymortests/vectorarray.py" line="1039" name="test_pairwise_dot_wrong_ind[compatible_vector_array_pair0-&lt;lambda&gt;5]" time="0.005080699920654297"></testcase><testcase classname="src.pymortests.vectorarray" file="src/pymortests/vectorarray.py" line="1039" name="test_pairwise_dot_wrong_ind[compatible_vector_array_pair0-&lt;lambda&gt;6]" time="0.0021681785583496094"></testcase><testcase classname="src.pymortests.vectorarray" file="src/pymortests/vectorarray.py" line="1039" name="test_pairwise_dot_wrong_ind[compatible_vector_array_pair0-&lt;lambda&gt;7]" time="0.0030786991119384766"></testcase><testcase classname="src.pymortests.vectorarray" file="src/pymortests/vectorarray.py" line="1039" name="test_pairwise_dot_wrong_ind[compatible_vector_array_pair0-&lt;lambda&gt;8]" time="0.012748003005981445"></testcase><testcase classname="src.pymortests.vectorarray" file="src/pymortests/vectorarray.py" line="1039" name="test_pairwise_dot_wrong_ind[compatible_vector_array_pair0-&lt;lambda&gt;9]" time="0.01938152313232422"></testcase><testcase classname="src.pymortests.vectorarray" file="src/pymortests/vectorarray.py" line="1039" name="test_pairwise_dot_wrong_ind[compatible_vector_array_pair0-&lt;lambda&gt;10]" time="0.05543851852416992"></testcase><testcase classname="src.pymortests.vectorarray" file="src/pymortests/vectorarray.py" line="1039" name="test_pairwise_dot_wrong_ind[compatible_vector_array_pair0-&lt;lambda&gt;11]" time="0.007143974304199219"></testcase><testcase classname="src.pymortests.vectorarray" file="src/pymortests/vectorarray.py" line="1039" name="test_pairwise_dot_wrong_ind[compatible_vector_array_pair0-&lt;lambda&gt;12]" time="0.0032548904418945312"></testcase><testcase classname="src.pymortests.vectorarray" file="src/pymortests/vectorarray.py" line="1039" name="test_pairwise_dot_wrong_ind[compatible_vector_array_pair0-&lt;lambda&gt;13]" time="0.005774497985839844"></testcase><testcase classname="src.pymortests.vectorarray" file="src/pymortests/vectorarray.py" line="1039" name="test_pairwise_dot_wrong_ind[compatible_vector_array_pair0-&lt;lambda&gt;14]" time="0.007354021072387695"></testcase><testcase classname="src.pymortests.vectorarray" file="src/pymortests/vectorarray.py" line="1039" name="test_pairwise_dot_wrong_ind[compatible_vector_array_pair0-&lt;lambda&gt;15]" time="0.009177207946777344"></testcase><testcase classname="src.pymortests.vectorarray" file="src/pymortests/vectorarray.py" line="1039" name="test_pairwise_dot_wrong_ind[compatible_vector_array_pair0-&lt;lambda&gt;16]" time="0.011451244354248047"></testcase><testcase classname="src.pymortests.vectorarray" file="src/pymortests/vectorarray.py" line="1039" name="test_pairwise_dot_wrong_ind[compatible_vector_array_pair0-&lt;lambda&gt;17]" time="0.014435052871704102"></testcase><testcase classname="src.pymortests.vectorarray" file="src/pymortests/vectorarray.py" line="1039" name="test_pairwise_dot_wrong_ind[compatible_vector_array_pair0-&lt;lambda&gt;18]" time="0.004345893859863281"></testcase><testcase classname="src.pymortests.vectorarray" file="src/pymortests/vectorarray.py" line="1039" name="test_pairwise_dot_wrong_ind[compatible_vector_array_pair0-&lt;lambda&gt;19]" time="0.003979206085205078"></testcase><testcase classname="src.pymortests.vectorarray" file="src/pymortests/vectorarray.py" line="1039" name="test_pairwise_dot_wrong_ind[compatible_vector_array_pair0-&lt;lambda&gt;20]" time="0.03574728965759277"></testcase><testcase classname="src.pymortests.vectorarray" file="src/pymortests/vectorarray.py" line="1039" name="test_pairwise_dot_wrong_ind[compatible_vector_array_pair0-&lt;lambda&gt;21]" time="0.028408527374267578"></testcase><testcase classname="src.pymortests.vectorarray" file="src/pymortests/vectorarray.py" line="1039" name="test_pairwise_dot_wrong_ind[compatible_vector_array_pair0-&lt;lambda&gt;22]" time="0.08849167823791504"></testcase><testcase classname="src.pymortests.vectorarray" file="src/pymortests/vectorarray.py" line="1039" name="test_pairwise_dot_wrong_ind[compatible_vector_array_pair0-&lt;lambda&gt;23]" time="0.008315563201904297"></testcase><testcase classname="src.pymortests.vectorarray" file="src/pymortests/vectorarray.py" line="1039" name="test_pairwise_dot_wrong_ind[compatible_vector_array_pair0-&lt;lambda&gt;24]" time="0.003110647201538086"></testcase><testcase classname="src.pymortests.vectorarray" file="src/pymortests/vectorarray.py" line="1039" name="test_pairwise_dot_wrong_ind[compatible_vector_array_pair0-&lt;lambda&gt;25]" time="0.004223823547363281"></testcase><testcase classname="src.pymortests.vectorarray" file="src/pymortests/vectorarray.py" line="1039" name="test_pairwise_dot_wrong_ind[compatible_vector_array_pair0-&lt;lambda&gt;26]" time="0.031966209411621094"></testcase><testcase classname="src.pymortests.vectorarray" file="src/pymortests/vectorarray.py" line="1039" name="test_pairwise_dot_wrong_ind[compatible_vector_array_pair0-&lt;lambda&gt;27]" time="0.04501199722290039"></testcase><testcase classname="src.pymortests.vectorarray" file="src/pymortests/vectorarray.py" line="1039" name="test_pairwise_dot_wrong_ind[compatible_vector_array_pair0-&lt;lambda&gt;28]" time="0.1569962501525879"></testcase><testcase classname="src.pymortests.vectorarray" file="src/pymortests/vectorarray.py" line="1039" name="test_pairwise_dot_wrong_ind[compatible_vector_array_pair0-&lt;lambda&gt;29]" time="0.009912967681884766"></testcase><testcase classname="src.pymortests.vectorarray" file="src/pymortests/vectorarray.py" line="1039" name="test_pairwise_dot_wrong_ind[compatible_vector_array_pair1-&lt;lambda&gt;0]" time="0.003350496292114258"></testcase><testcase classname="src.pymortests.vectorarray" file="src/pymortests/vectorarray.py" line="1039" name="test_pairwise_dot_wrong_ind[compatible_vector_array_pair1-&lt;lambda&gt;1]" time="0.0032126903533935547"></testcase><testcase classname="src.pymortests.vectorarray" file="src/pymortests/vectorarray.py" line="1039" name="test_pairwise_dot_wrong_ind[compatible_vector_array_pair1-&lt;lambda&gt;2]" time="0.005303144454956055"></testcase><testcase classname="src.pymortests.vectorarray" file="src/pymortests/vectorarray.py" line="1039" name="test_pairwise_dot_wrong_ind[compatible_vector_array_pair1-&lt;lambda&gt;3]" time="0.005938291549682617"></testcase><testcase classname="src.pymortests.vectorarray" file="src/pymortests/vectorarray.py" line="1039" name="test_pairwise_dot_wrong_ind[compatible_vector_array_pair1-&lt;lambda&gt;4]" time="0.0071544647216796875"></testcase><testcase classname="src.pymortests.vectorarray" file="src/pymortests/vectorarray.py" line="1039" name="test_pairwise_dot_wrong_ind[compatible_vector_array_pair1-&lt;lambda&gt;5]" time="0.005126953125"></testcase><testcase classname="src.pymortests.vectorarray" file="src/pymortests/vectorarray.py" line="1039" name="test_pairwise_dot_wrong_ind[compatible_vector_array_pair1-&lt;lambda&gt;6]" time="0.0021507740020751953"></testcase><testcase classname="src.pymortests.vectorarray" file="src/pymortests/vectorarray.py" line="1039" name="test_pairwise_dot_wrong_ind[compatible_vector_array_pair1-&lt;lambda&gt;7]" time="0.0031495094299316406"></testcase><testcase classname="src.pymortests.vectorarray" file="src/pymortests/vectorarray.py" line="1039" name="test_pairwise_dot_wrong_ind[compatible_vector_array_pair1-&lt;lambda&gt;8]" time="0.01270151138305664"></testcase><testcase classname="src.pymortests.vectorarray" file="src/pymortests/vectorarray.py" line="1039" name="test_pairwise_dot_wrong_ind[compatible_vector_array_pair1-&lt;lambda&gt;9]" time="0.019057273864746094"></testcase><testcase classname="src.pymortests.vectorarray" file="src/pymortests/vectorarray.py" line="1039" name="test_pairwise_dot_wrong_ind[compatible_vector_array_pair1-&lt;lambda&gt;10]" time="0.05641794204711914"></testcase><testcase classname="src.pymortests.vectorarray" file="src/pymortests/vectorarray.py" line="1039" name="test_pairwise_dot_wrong_ind[compatible_vector_array_pair1-&lt;lambda&gt;11]" time="0.0069887638092041016"></testcase><testcase classname="src.pymortests.vectorarray" file="src/pymortests/vectorarray.py" line="1039" name="test_pairwise_dot_wrong_ind[compatible_vector_array_pair1-&lt;lambda&gt;12]" time="0.0032927989959716797"></testcase><testcase classname="src.pymortests.vectorarray" file="src/pymortests/vectorarray.py" line="1039" name="test_pairwise_dot_wrong_ind[compatible_vector_array_pair1-&lt;lambda&gt;13]" time="0.005793333053588867"></testcase><testcase classname="src.pymortests.vectorarray" file="src/pymortests/vectorarray.py" line="1039" name="test_pairwise_dot_wrong_ind[compatible_vector_array_pair1-&lt;lambda&gt;14]" time="0.0072743892669677734"></testcase><testcase classname="src.pymortests.vectorarray" file="src/pymortests/vectorarray.py" line="1039" name="test_pairwise_dot_wrong_ind[compatible_vector_array_pair1-&lt;lambda&gt;15]" time="0.009542465209960938"></testcase><testcase classname="src.pymortests.vectorarray" file="src/pymortests/vectorarray.py" line="1039" name="test_pairwise_dot_wrong_ind[compatible_vector_array_pair1-&lt;lambda&gt;16]" time="0.013200521469116211"></testcase><testcase classname="src.pymortests.vectorarray" file="src/pymortests/vectorarray.py" line="1039" name="test_pairwise_dot_wrong_ind[compatible_vector_array_pair1-&lt;lambda&gt;17]" time="0.016565322875976562"></testcase><testcase classname="src.pymortests.vectorarray" file="src/pymortests/vectorarray.py" line="1039" name="test_pairwise_dot_wrong_ind[compatible_vector_array_pair1-&lt;lambda&gt;18]" time="0.00382232666015625"></testcase><testcase classname="src.pymortests.vectorarray" file="src/pymortests/vectorarray.py" line="1039" name="test_pairwise_dot_wrong_ind[compatible_vector_array_pair1-&lt;lambda&gt;19]" time="0.003942966461181641"></testcase><testcase classname="src.pymortests.vectorarray" file="src/pymortests/vectorarray.py" line="1039" name="test_pairwise_dot_wrong_ind[compatible_vector_array_pair1-&lt;lambda&gt;20]" time="0.035730600357055664"></testcase><testcase classname="src.pymortests.vectorarray" file="src/pymortests/vectorarray.py" line="1039" name="test_pairwise_dot_wrong_ind[compatible_vector_array_pair1-&lt;lambda&gt;21]" time="0.027681350708007812"></testcase><testcase classname="src.pymortests.vectorarray" file="src/pymortests/vectorarray.py" line="1039" name="test_pairwise_dot_wrong_ind[compatible_vector_array_pair1-&lt;lambda&gt;22]" time="0.08779263496398926"></testcase><testcase classname="src.pymortests.vectorarray" file="src/pymortests/vectorarray.py" line="1039" name="test_pairwise_dot_wrong_ind[compatible_vector_array_pair1-&lt;lambda&gt;23]" time="0.008185863494873047"></testcase><testcase classname="src.pymortests.vectorarray" file="src/pymortests/vectorarray.py" line="1039" name="test_pairwise_dot_wrong_ind[compatible_vector_array_pair1-&lt;lambda&gt;24]" time="0.0032012462615966797"></testcase><testcase classname="src.pymortests.vectorarray" file="src/pymortests/vectorarray.py" line="1039" name="test_pairwise_dot_wrong_ind[compatible_vector_array_pair1-&lt;lambda&gt;25]" time="0.004380464553833008"></testcase><testcase classname="src.pymortests.vectorarray" file="src/pymortests/vectorarray.py" line="1039" name="test_pairwise_dot_wrong_ind[compatible_vector_array_pair1-&lt;lambda&gt;26]" time="0.03241896629333496"></testcase><testcase classname="src.pymortests.vectorarray" file="src/pymortests/vectorarray.py" line="1039" name="test_pairwise_dot_wrong_ind[compatible_vector_array_pair1-&lt;lambda&gt;27]" time="0.04573845863342285"></testcase><testcase classname="src.pymortests.vectorarray" file="src/pymortests/vectorarray.py" line="1039" name="test_pairwise_dot_wrong_ind[compatible_vector_array_pair1-&lt;lambda&gt;28]" time="0.15797996520996094"></testcase><testcase classname="src.pymortests.vectorarray" file="src/pymortests/vectorarray.py" line="1039" name="test_pairwise_dot_wrong_ind[compatible_vector_array_pair1-&lt;lambda&gt;29]" time="0.00963449478149414"></testcase><testcase classname="src.pymortests.vectorarray" file="src/pymortests/vectorarray.py" line="1039" name="test_pairwise_dot_wrong_ind[compatible_vector_array_pair2-&lt;lambda&gt;0]" time="0.002357959747314453"></testcase><testcase classname="src.pymortests.vectorarray" file="src/pymortests/vectorarray.py" line="1039" name="test_pairwise_dot_wrong_ind[compatible_vector_array_pair2-&lt;lambda&gt;1]" time="0.0031707286834716797"></testcase><testcase classname="src.pymortests.vectorarray" file="src/pymortests/vectorarray.py" line="1039" name="test_pairwise_dot_wrong_ind[compatible_vector_array_pair2-&lt;lambda&gt;2]" time="0.005089521408081055"></testcase><testcase classname="src.pymortests.vectorarray" file="src/pymortests/vectorarray.py" line="1039" name="test_pairwise_dot_wrong_ind[compatible_vector_array_pair2-&lt;lambda&gt;3]" time="0.006045341491699219"></testcase><testcase classname="src.pymortests.vectorarray" file="src/pymortests/vectorarray.py" line="1039" name="test_pairwise_dot_wrong_ind[compatible_vector_array_pair2-&lt;lambda&gt;4]" time="0.007281780242919922"></testcase><testcase classname="src.pymortests.vectorarray" file="src/pymortests/vectorarray.py" line="1039" name="test_pairwise_dot_wrong_ind[compatible_vector_array_pair2-&lt;lambda&gt;5]" time="0.005513668060302734"></testcase><testcase classname="src.pymortests.vectorarray" file="src/pymortests/vectorarray.py" line="1039" name="test_pairwise_dot_wrong_ind[compatible_vector_array_pair2-&lt;lambda&gt;6]" time="0.0021848678588867188"></testcase><testcase classname="src.pymortests.vectorarray" file="src/pymortests/vectorarray.py" line="1039" name="test_pairwise_dot_wrong_ind[compatible_vector_array_pair2-&lt;lambda&gt;7]" time="0.003157377243041992"></testcase><testcase classname="src.pymortests.vectorarray" file="src/pymortests/vectorarray.py" line="1039" name="test_pairwise_dot_wrong_ind[compatible_vector_array_pair2-&lt;lambda&gt;8]" time="0.012842655181884766"></testcase><testcase classname="src.pymortests.vectorarray" file="src/pymortests/vectorarray.py" line="1039" name="test_pairwise_dot_wrong_ind[compatible_vector_array_pair2-&lt;lambda&gt;9]" time="0.017928123474121094"></testcase><testcase classname="src.pymortests.vectorarray" file="src/pymortests/vectorarray.py" line="1039" name="test_pairwise_dot_wrong_ind[compatible_vector_array_pair2-&lt;lambda&gt;10]" time="0.05603909492492676"></testcase><testcase classname="src.pymortests.vectorarray" file="src/pymortests/vectorarray.py" line="1039" name="test_pairwise_dot_wrong_ind[compatible_vector_array_pair2-&lt;lambda&gt;11]" time="0.006750583648681641"></testcase><testcase classname="src.pymortests.vectorarray" file="src/pymortests/vectorarray.py" line="1039" name="test_pairwise_dot_wrong_ind[compatible_vector_array_pair2-&lt;lambda&gt;12]" time="0.003900766372680664"></testcase><testcase classname="src.pymortests.vectorarray" file="src/pymortests/vectorarray.py" line="1039" name="test_pairwise_dot_wrong_ind[compatible_vector_array_pair2-&lt;lambda&gt;13]" time="0.006206989288330078"></testcase><testcase classname="src.pymortests.vectorarray" file="src/pymortests/vectorarray.py" line="1039" name="test_pairwise_dot_wrong_ind[compatible_vector_array_pair2-&lt;lambda&gt;14]" time="0.00732421875"></testcase><testcase classname="src.pymortests.vectorarray" file="src/pymortests/vectorarray.py" line="1039" name="test_pairwise_dot_wrong_ind[compatible_vector_array_pair2-&lt;lambda&gt;15]" time="0.009616613388061523"></testcase><testcase classname="src.pymortests.vectorarray" file="src/pymortests/vectorarray.py" line="1039" name="test_pairwise_dot_wrong_ind[compatible_vector_array_pair2-&lt;lambda&gt;16]" time="0.011780977249145508"></testcase><testcase classname="src.pymortests.vectorarray" file="src/pymortests/vectorarray.py" line="1039" name="test_pairwise_dot_wrong_ind[compatible_vector_array_pair2-&lt;lambda&gt;17]" time="0.014659643173217773"></testcase><testcase classname="src.pymortests.vectorarray" file="src/pymortests/vectorarray.py" line="1039" name="test_pairwise_dot_wrong_ind[compatible_vector_array_pair2-&lt;lambda&gt;18]" time="0.0040111541748046875"></testcase><testcase classname="src.pymortests.vectorarray" file="src/pymortests/vectorarray.py" line="1039" name="test_pairwise_dot_wrong_ind[compatible_vector_array_pair2-&lt;lambda&gt;19]" time="0.0040798187255859375"></testcase><testcase classname="src.pymortests.vectorarray" file="src/pymortests/vectorarray.py" line="1039" name="test_pairwise_dot_wrong_ind[compatible_vector_array_pair2-&lt;lambda&gt;20]" time="0.036009788513183594"></testcase><testcase classname="src.pymortests.vectorarray" file="src/pymortests/vectorarray.py" line="1039" name="test_pairwise_dot_wrong_ind[compatible_vector_array_pair2-&lt;lambda&gt;21]" time="0.02832794189453125"></testcase><testcase classname="src.pymortests.vectorarray" file="src/pymortests/vectorarray.py" line="1039" name="test_pairwise_dot_wrong_ind[compatible_vector_array_pair2-&lt;lambda&gt;22]" time="0.08817672729492188"></testcase><testcase classname="src.pymortests.vectorarray" file="src/pymortests/vectorarray.py" line="1039" name="test_pairwise_dot_wrong_ind[compatible_vector_array_pair2-&lt;lambda&gt;23]" time="0.008000850677490234"></testcase><testcase classname="src.pymortests.vectorarray" file="src/pymortests/vectorarray.py" line="1039" name="test_pairwise_dot_wrong_ind[compatible_vector_array_pair2-&lt;lambda&gt;24]" time="0.002812623977661133"></testcase><testcase classname="src.pymortests.vectorarray" file="src/pymortests/vectorarray.py" line="1039" name="test_pairwise_dot_wrong_ind[compatible_vector_array_pair2-&lt;lambda&gt;25]" time="0.00466465950012207"></testcase><testcase classname="src.pymortests.vectorarray" file="src/pymortests/vectorarray.py" line="1039" name="test_pairwise_dot_wrong_ind[compatible_vector_array_pair2-&lt;lambda&gt;26]" time="0.032563209533691406"></testcase><testcase classname="src.pymortests.vectorarray" file="src/pymortests/vectorarray.py" line="1039" name="test_pairwise_dot_wrong_ind[compatible_vector_array_pair2-&lt;lambda&gt;27]" time="0.04496312141418457"></testcase><testcase classname="src.pymortests.vectorarray" file="src/pymortests/vectorarray.py" line="1039" name="test_pairwise_dot_wrong_ind[compatible_vector_array_pair2-&lt;lambda&gt;28]" time="0.16092586517333984"></testcase><testcase classname="src.pymortests.vectorarray" file="src/pymortests/vectorarray.py" line="1039" name="test_pairwise_dot_wrong_ind[compatible_vector_array_pair2-&lt;lambda&gt;29]" time="0.009472131729125977"></testcase><testcase classname="src.pymortests.vectorarray" file="src/pymortests/vectorarray.py" line="1039" name="test_pairwise_dot_wrong_ind[compatible_vector_array_pair3-&lt;lambda&gt;0]" time="0.003301858901977539"></testcase><testcase classname="src.pymortests.vectorarray" file="src/pymortests/vectorarray.py" line="1039" name="test_pairwise_dot_wrong_ind[compatible_vector_array_pair3-&lt;lambda&gt;1]" time="0.0031752586364746094"></testcase><testcase classname="src.pymortests.vectorarray" file="src/pymortests/vectorarray.py" line="1039" name="test_pairwise_dot_wrong_ind[compatible_vector_array_pair3-&lt;lambda&gt;2]" time="0.004990100860595703"></testcase><testcase classname="src.pymortests.vectorarray" file="src/pymortests/vectorarray.py" line="1039" name="test_pairwise_dot_wrong_ind[compatible_vector_array_pair3-&lt;lambda&gt;3]" time="0.005911111831665039"></testcase><testcase classname="src.pymortests.vectorarray" file="src/pymortests/vectorarray.py" line="1039" name="test_pairwise_dot_wrong_ind[compatible_vector_array_pair3-&lt;lambda&gt;4]" time="0.0071375370025634766"></testcase><testcase classname="src.pymortests.vectorarray" file="src/pymortests/vectorarray.py" line="1039" name="test_pairwise_dot_wrong_ind[compatible_vector_array_pair3-&lt;lambda&gt;5]" time="0.005175590515136719"></testcase><testcase classname="src.pymortests.vectorarray" file="src/pymortests/vectorarray.py" line="1039" name="test_pairwise_dot_wrong_ind[compatible_vector_array_pair3-&lt;lambda&gt;6]" time="0.0021696090698242188"></testcase><testcase classname="src.pymortests.vectorarray" file="src/pymortests/vectorarray.py" line="1039" name="test_pairwise_dot_wrong_ind[compatible_vector_array_pair3-&lt;lambda&gt;7]" time="0.0030946731567382812"></testcase><testcase classname="src.pymortests.vectorarray" file="src/pymortests/vectorarray.py" line="1039" name="test_pairwise_dot_wrong_ind[compatible_vector_array_pair3-&lt;lambda&gt;8]" time="0.012748241424560547"></testcase><testcase classname="src.pymortests.vectorarray" file="src/pymortests/vectorarray.py" line="1039" name="test_pairwise_dot_wrong_ind[compatible_vector_array_pair3-&lt;lambda&gt;9]" time="0.019185781478881836"></testcase><testcase classname="src.pymortests.vectorarray" file="src/pymortests/vectorarray.py" line="1039" name="test_pairwise_dot_wrong_ind[compatible_vector_array_pair3-&lt;lambda&gt;10]" time="0.056299686431884766"></testcase><testcase classname="src.pymortests.vectorarray" file="src/pymortests/vectorarray.py" line="1039" name="test_pairwise_dot_wrong_ind[compatible_vector_array_pair3-&lt;lambda&gt;11]" time="0.00710749626159668"></testcase><testcase classname="src.pymortests.vectorarray" file="src/pymortests/vectorarray.py" line="1039" name="test_pairwise_dot_wrong_ind[compatible_vector_array_pair3-&lt;lambda&gt;12]" time="0.003377199172973633"></testcase><testcase classname="src.pymortests.vectorarray" file="src/pymortests/vectorarray.py" line="1039" name="test_pairwise_dot_wrong_ind[compatible_vector_array_pair3-&lt;lambda&gt;13]" time="0.005762338638305664"></testcase><testcase classname="src.pymortests.vectorarray" file="src/pymortests/vectorarray.py" line="1039" name="test_pairwise_dot_wrong_ind[compatible_vector_array_pair3-&lt;lambda&gt;14]" time="0.007277965545654297"></testcase><testcase classname="src.pymortests.vectorarray" file="src/pymortests/vectorarray.py" line="1039" name="test_pairwise_dot_wrong_ind[compatible_vector_array_pair3-&lt;lambda&gt;15]" time="0.009442329406738281"></testcase><testcase classname="src.pymortests.vectorarray" file="src/pymortests/vectorarray.py" line="1039" name="test_pairwise_dot_wrong_ind[compatible_vector_array_pair3-&lt;lambda&gt;16]" time="0.011667490005493164"></testcase><testcase classname="src.pymortests.vectorarray" file="src/pymortests/vectorarray.py" line="1039" name="test_pairwise_dot_wrong_ind[compatible_vector_array_pair3-&lt;lambda&gt;17]" time="0.014456510543823242"></testcase><testcase classname="src.pymortests.vectorarray" file="src/pymortests/vectorarray.py" line="1039" name="test_pairwise_dot_wrong_ind[compatible_vector_array_pair3-&lt;lambda&gt;18]" time="0.003935098648071289"></testcase><testcase classname="src.pymortests.vectorarray" file="src/pymortests/vectorarray.py" line="1039" name="test_pairwise_dot_wrong_ind[compatible_vector_array_pair3-&lt;lambda&gt;19]" time="0.004008293151855469"></testcase><testcase classname="src.pymortests.vectorarray" file="src/pymortests/vectorarray.py" line="1039" name="test_pairwise_dot_wrong_ind[compatible_vector_array_pair3-&lt;lambda&gt;20]" time="0.03626894950866699"></testcase><testcase classname="src.pymortests.vectorarray" file="src/pymortests/vectorarray.py" line="1039" name="test_pairwise_dot_wrong_ind[compatible_vector_array_pair3-&lt;lambda&gt;21]" time="0.028091907501220703"></testcase><testcase classname="src.pymortests.vectorarray" file="src/pymortests/vectorarray.py" line="1039" name="test_pairwise_dot_wrong_ind[compatible_vector_array_pair3-&lt;lambda&gt;22]" time="0.08870100975036621"></testcase><testcase classname="src.pymortests.vectorarray" file="src/pymortests/vectorarray.py" line="1039" name="test_pairwise_dot_wrong_ind[compatible_vector_array_pair3-&lt;lambda&gt;23]" time="0.00802469253540039"></testcase><testcase classname="src.pymortests.vectorarray" file="src/pymortests/vectorarray.py" line="1039" name="test_pairwise_dot_wrong_ind[compatible_vector_array_pair3-&lt;lambda&gt;24]" time="0.0026187896728515625"></testcase><testcase classname="src.pymortests.vectorarray" file="src/pymortests/vectorarray.py" line="1039" name="test_pairwise_dot_wrong_ind[compatible_vector_array_pair3-&lt;lambda&gt;25]" time="0.004261970520019531"></testcase><testcase classname="src.pymortests.vectorarray" file="src/pymortests/vectorarray.py" line="1039" name="test_pairwise_dot_wrong_ind[compatible_vector_array_pair3-&lt;lambda&gt;26]" time="0.03428316116333008"></testcase><testcase classname="src.pymortests.vectorarray" file="src/pymortests/vectorarray.py" line="1039" name="test_pairwise_dot_wrong_ind[compatible_vector_array_pair3-&lt;lambda&gt;27]" time="0.045584678649902344"></testcase><testcase classname="src.pymortests.vectorarray" file="src/pymortests/vectorarray.py" line="1039" name="test_pairwise_dot_wrong_ind[compatible_vector_array_pair3-&lt;lambda&gt;28]" time="0.15884137153625488"></testcase><testcase classname="src.pymortests.vectorarray" file="src/pymortests/vectorarray.py" line="1039" name="test_pairwise_dot_wrong_ind[compatible_vector_array_pair3-&lt;lambda&gt;29]" time="0.009650468826293945"></testcase><testcase classname="src.pymortests.vectorarray" file="src/pymortests/vectorarray.py" line="1039" name="test_pairwise_dot_wrong_ind[compatible_vector_array_pair4-&lt;lambda&gt;0]" time="0.002343893051147461"></testcase><testcase classname="src.pymortests.vectorarray" file="src/pymortests/vectorarray.py" line="1039" name="test_pairwise_dot_wrong_ind[compatible_vector_array_pair4-&lt;lambda&gt;1]" time="0.0031342506408691406"></testcase><testcase classname="src.pymortests.vectorarray" file="src/pymortests/vectorarray.py" line="1039" name="test_pairwise_dot_wrong_ind[compatible_vector_array_pair4-&lt;lambda&gt;2]" time="0.005028963088989258"></testcase><testcase classname="src.pymortests.vectorarray" file="src/pymortests/vectorarray.py" line="1039" name="test_pairwise_dot_wrong_ind[compatible_vector_array_pair4-&lt;lambda&gt;3]" time="0.005923748016357422"></testcase><testcase classname="src.pymortests.vectorarray" file="src/pymortests/vectorarray.py" line="1039" name="test_pairwise_dot_wrong_ind[compatible_vector_array_pair4-&lt;lambda&gt;4]" time="0.007164716720581055"></testcase><testcase classname="src.pymortests.vectorarray" file="src/pymortests/vectorarray.py" line="1039" name="test_pairwise_dot_wrong_ind[compatible_vector_array_pair4-&lt;lambda&gt;5]" time="0.005152702331542969"></testcase><testcase classname="src.pymortests.vectorarray" file="src/pymortests/vectorarray.py" line="1039" name="test_pairwise_dot_wrong_ind[compatible_vector_array_pair4-&lt;lambda&gt;6]" time="0.0022292137145996094"></testcase><testcase classname="src.pymortests.vectorarray" file="src/pymortests/vectorarray.py" line="1039" name="test_pairwise_dot_wrong_ind[compatible_vector_array_pair4-&lt;lambda&gt;7]" time="0.0032296180725097656"></testcase><testcase classname="src.pymortests.vectorarray" file="src/pymortests/vectorarray.py" line="1039" name="test_pairwise_dot_wrong_ind[compatible_vector_array_pair4-&lt;lambda&gt;8]" time="0.012954473495483398"></testcase><testcase classname="src.pymortests.vectorarray" file="src/pymortests/vectorarray.py" line="1039" name="test_pairwise_dot_wrong_ind[compatible_vector_array_pair4-&lt;lambda&gt;9]" time="0.01848316192626953"></testcase><testcase classname="src.pymortests.vectorarray" file="src/pymortests/vectorarray.py" line="1039" name="test_pairwise_dot_wrong_ind[compatible_vector_array_pair4-&lt;lambda&gt;10]" time="0.05629611015319824"></testcase><testcase classname="src.pymortests.vectorarray" file="src/pymortests/vectorarray.py" line="1039" name="test_pairwise_dot_wrong_ind[compatible_vector_array_pair4-&lt;lambda&gt;11]" time="0.006903648376464844"></testcase><testcase classname="src.pymortests.vectorarray" file="src/pymortests/vectorarray.py" line="1039" name="test_pairwise_dot_wrong_ind[compatible_vector_array_pair4-&lt;lambda&gt;12]" time="0.0034017562866210938"></testcase><testcase classname="src.pymortests.vectorarray" file="src/pymortests/vectorarray.py" line="1039" name="test_pairwise_dot_wrong_ind[compatible_vector_array_pair4-&lt;lambda&gt;13]" time="0.0058972835540771484"></testcase><testcase classname="src.pymortests.vectorarray" file="src/pymortests/vectorarray.py" line="1039" name="test_pairwise_dot_wrong_ind[compatible_vector_array_pair4-&lt;lambda&gt;14]" time="0.0074939727783203125"></testcase><testcase classname="src.pymortests.vectorarray" file="src/pymortests/vectorarray.py" line="1039" name="test_pairwise_dot_wrong_ind[compatible_vector_array_pair4-&lt;lambda&gt;15]" time="0.009693145751953125"></testcase><testcase classname="src.pymortests.vectorarray" file="src/pymortests/vectorarray.py" line="1039" name="test_pairwise_dot_wrong_ind[compatible_vector_array_pair4-&lt;lambda&gt;16]" time="0.011832475662231445"></testcase><testcase classname="src.pymortests.vectorarray" file="src/pymortests/vectorarray.py" line="1039" name="test_pairwise_dot_wrong_ind[compatible_vector_array_pair4-&lt;lambda&gt;17]" time="0.015391349792480469"></testcase><testcase classname="src.pymortests.vectorarray" file="src/pymortests/vectorarray.py" line="1039" name="test_pairwise_dot_wrong_ind[compatible_vector_array_pair4-&lt;lambda&gt;18]" time="0.003943443298339844"></testcase><testcase classname="src.pymortests.vectorarray" file="src/pymortests/vectorarray.py" line="1039" name="test_pairwise_dot_wrong_ind[compatible_vector_array_pair4-&lt;lambda&gt;19]" time="0.004069328308105469"></testcase><testcase classname="src.pymortests.vectorarray" file="src/pymortests/vectorarray.py" line="1039" name="test_pairwise_dot_wrong_ind[compatible_vector_array_pair4-&lt;lambda&gt;20]" time="0.038648366928100586"></testcase><testcase classname="src.pymortests.vectorarray" file="src/pymortests/vectorarray.py" line="1039" name="test_pairwise_dot_wrong_ind[compatible_vector_array_pair4-&lt;lambda&gt;21]" time="0.02923870086669922"></testcase><testcase classname="src.pymortests.vectorarray" file="src/pymortests/vectorarray.py" line="1039" name="test_pairwise_dot_wrong_ind[compatible_vector_array_pair4-&lt;lambda&gt;22]" time="0.08886957168579102"></testcase><testcase classname="src.pymortests.vectorarray" file="src/pymortests/vectorarray.py" line="1039" name="test_pairwise_dot_wrong_ind[compatible_vector_array_pair4-&lt;lambda&gt;23]" time="0.00789952278137207"></testcase><testcase classname="src.pymortests.vectorarray" file="src/pymortests/vectorarray.py" line="1039" name="test_pairwise_dot_wrong_ind[compatible_vector_array_pair4-&lt;lambda&gt;24]" time="0.0031273365020751953"></testcase><testcase classname="src.pymortests.vectorarray" file="src/pymortests/vectorarray.py" line="1039" name="test_pairwise_dot_wrong_ind[compatible_vector_array_pair4-&lt;lambda&gt;25]" time="0.004244804382324219"></testcase><testcase classname="src.pymortests.vectorarray" file="src/pymortests/vectorarray.py" line="1039" name="test_pairwise_dot_wrong_ind[compatible_vector_array_pair4-&lt;lambda&gt;26]" time="0.03260946273803711"></testcase><testcase classname="src.pymortests.vectorarray" file="src/pymortests/vectorarray.py" line="1039" name="test_pairwise_dot_wrong_ind[compatible_vector_array_pair4-&lt;lambda&gt;27]" time="0.045708417892456055"></testcase><testcase classname="src.pymortests.vectorarray" file="src/pymortests/vectorarray.py" line="1039" name="test_pairwise_dot_wrong_ind[compatible_vector_array_pair4-&lt;lambda&gt;28]" time="0.1564638614654541"></testcase><testcase classname="src.pymortests.vectorarray" file="src/pymortests/vectorarray.py" line="1039" name="test_pairwise_dot_wrong_ind[compatible_vector_array_pair4-&lt;lambda&gt;29]" time="0.009910821914672852"></testcase><testcase classname="src.pymortests.vectorarray" file="src/pymortests/vectorarray.py" line="1039" name="test_pairwise_dot_wrong_ind[compatible_vector_array_pair5-&lt;lambda&gt;0]" time="0.0032825469970703125"></testcase><testcase classname="src.pymortests.vectorarray" file="src/pymortests/vectorarray.py" line="1039" name="test_pairwise_dot_wrong_ind[compatible_vector_array_pair5-&lt;lambda&gt;1]" time="0.003221273422241211"></testcase><testcase classname="src.pymortests.vectorarray" file="src/pymortests/vectorarray.py" line="1039" name="test_pairwise_dot_wrong_ind[compatible_vector_array_pair5-&lt;lambda&gt;2]" time="0.00518488883972168"></testcase><testcase classname="src.pymortests.vectorarray" file="src/pymortests/vectorarray.py" line="1039" name="test_pairwise_dot_wrong_ind[compatible_vector_array_pair5-&lt;lambda&gt;3]" time="0.005958080291748047"></testcase><testcase classname="src.pymortests.vectorarray" file="src/pymortests/vectorarray.py" line="1039" name="test_pairwise_dot_wrong_ind[compatible_vector_array_pair5-&lt;lambda&gt;4]" time="0.007542610168457031"></testcase><testcase classname="src.pymortests.vectorarray" file="src/pymortests/vectorarray.py" line="1039" name="test_pairwise_dot_wrong_ind[compatible_vector_array_pair5-&lt;lambda&gt;5]" time="0.005208730697631836"></testcase><testcase classname="src.pymortests.vectorarray" file="src/pymortests/vectorarray.py" line="1039" name="test_pairwise_dot_wrong_ind[compatible_vector_array_pair5-&lt;lambda&gt;6]" time="0.0022318363189697266"></testcase><testcase classname="src.pymortests.vectorarray" file="src/pymortests/vectorarray.py" line="1039" name="test_pairwise_dot_wrong_ind[compatible_vector_array_pair5-&lt;lambda&gt;7]" time="0.00323486328125"></testcase><testcase classname="src.pymortests.vectorarray" file="src/pymortests/vectorarray.py" line="1039" name="test_pairwise_dot_wrong_ind[compatible_vector_array_pair5-&lt;lambda&gt;8]" time="0.012724876403808594"></testcase><testcase classname="src.pymortests.vectorarray" file="src/pymortests/vectorarray.py" line="1039" name="test_pairwise_dot_wrong_ind[compatible_vector_array_pair5-&lt;lambda&gt;9]" time="0.01813530921936035"></testcase><testcase classname="src.pymortests.vectorarray" file="src/pymortests/vectorarray.py" line="1039" name="test_pairwise_dot_wrong_ind[compatible_vector_array_pair5-&lt;lambda&gt;10]" time="0.056043386459350586"></testcase><testcase classname="src.pymortests.vectorarray" file="src/pymortests/vectorarray.py" line="1039" name="test_pairwise_dot_wrong_ind[compatible_vector_array_pair5-&lt;lambda&gt;11]" time="0.0068950653076171875"></testcase><testcase classname="src.pymortests.vectorarray" file="src/pymortests/vectorarray.py" line="1039" name="test_pairwise_dot_wrong_ind[compatible_vector_array_pair5-&lt;lambda&gt;12]" time="0.003334522247314453"></testcase><testcase classname="src.pymortests.vectorarray" file="src/pymortests/vectorarray.py" line="1039" name="test_pairwise_dot_wrong_ind[compatible_vector_array_pair5-&lt;lambda&gt;13]" time="0.005852699279785156"></testcase><testcase classname="src.pymortests.vectorarray" file="src/pymortests/vectorarray.py" line="1039" name="test_pairwise_dot_wrong_ind[compatible_vector_array_pair5-&lt;lambda&gt;14]" time="0.0074062347412109375"></testcase><testcase classname="src.pymortests.vectorarray" file="src/pymortests/vectorarray.py" line="1039" name="test_pairwise_dot_wrong_ind[compatible_vector_array_pair5-&lt;lambda&gt;15]" time="0.009620904922485352"></testcase><testcase classname="src.pymortests.vectorarray" file="src/pymortests/vectorarray.py" line="1039" name="test_pairwise_dot_wrong_ind[compatible_vector_array_pair5-&lt;lambda&gt;16]" time="0.012614727020263672"></testcase><testcase classname="src.pymortests.vectorarray" file="src/pymortests/vectorarray.py" line="1039" name="test_pairwise_dot_wrong_ind[compatible_vector_array_pair5-&lt;lambda&gt;17]" time="0.014551877975463867"></testcase><testcase classname="src.pymortests.vectorarray" file="src/pymortests/vectorarray.py" line="1039" name="test_pairwise_dot_wrong_ind[compatible_vector_array_pair5-&lt;lambda&gt;18]" time="0.004023075103759766"></testcase><testcase classname="src.pymortests.vectorarray" file="src/pymortests/vectorarray.py" line="1039" name="test_pairwise_dot_wrong_ind[compatible_vector_array_pair5-&lt;lambda&gt;19]" time="0.004121065139770508"></testcase><testcase classname="src.pymortests.vectorarray" file="src/pymortests/vectorarray.py" line="1039" name="test_pairwise_dot_wrong_ind[compatible_vector_array_pair5-&lt;lambda&gt;20]" time="0.03593897819519043"></testcase><testcase classname="src.pymortests.vectorarray" file="src/pymortests/vectorarray.py" line="1039" name="test_pairwise_dot_wrong_ind[compatible_vector_array_pair5-&lt;lambda&gt;21]" time="0.028582334518432617"></testcase><testcase classname="src.pymortests.vectorarray" file="src/pymortests/vectorarray.py" line="1039" name="test_pairwise_dot_wrong_ind[compatible_vector_array_pair5-&lt;lambda&gt;22]" time="0.08805346488952637"></testcase><testcase classname="src.pymortests.vectorarray" file="src/pymortests/vectorarray.py" line="1039" name="test_pairwise_dot_wrong_ind[compatible_vector_array_pair5-&lt;lambda&gt;23]" time="0.008492708206176758"></testcase><testcase classname="src.pymortests.vectorarray" file="src/pymortests/vectorarray.py" line="1039" name="test_pairwise_dot_wrong_ind[compatible_vector_array_pair5-&lt;lambda&gt;24]" time="0.0032346248626708984"></testcase><testcase classname="src.pymortests.vectorarray" file="src/pymortests/vectorarray.py" line="1039" name="test_pairwise_dot_wrong_ind[compatible_vector_array_pair5-&lt;lambda&gt;25]" time="0.004509687423706055"></testcase><testcase classname="src.pymortests.vectorarray" file="src/pymortests/vectorarray.py" line="1039" name="test_pairwise_dot_wrong_ind[compatible_vector_array_pair5-&lt;lambda&gt;26]" time="0.0331730842590332"></testcase><testcase classname="src.pymortests.vectorarray" file="src/pymortests/vectorarray.py" line="1039" name="test_pairwise_dot_wrong_ind[compatible_vector_array_pair5-&lt;lambda&gt;27]" time="0.0457921028137207"></testcase><testcase classname="src.pymortests.vectorarray" file="src/pymortests/vectorarray.py" line="1039" name="test_pairwise_dot_wrong_ind[compatible_vector_array_pair5-&lt;lambda&gt;28]" time="0.1604630947113037"></testcase><testcase classname="src.pymortests.vectorarray" file="src/pymortests/vectorarray.py" line="1039" name="test_pairwise_dot_wrong_ind[compatible_vector_array_pair5-&lt;lambda&gt;29]" time="0.009701251983642578"></testcase><testcase classname="src.pymortests.vectorarray" file="src/pymortests/vectorarray.py" line="1039" name="test_pairwise_dot_wrong_ind[compatible_vector_array_pair6-&lt;lambda&gt;0]" time="0.0033044815063476562"></testcase><testcase classname="src.pymortests.vectorarray" file="src/pymortests/vectorarray.py" line="1039" name="test_pairwise_dot_wrong_ind[compatible_vector_array_pair6-&lt;lambda&gt;1]" time="0.0031266212463378906"></testcase><testcase classname="src.pymortests.vectorarray" file="src/pymortests/vectorarray.py" line="1039" name="test_pairwise_dot_wrong_ind[compatible_vector_array_pair6-&lt;lambda&gt;2]" time="0.005063772201538086"></testcase><testcase classname="src.pymortests.vectorarray" file="src/pymortests/vectorarray.py" line="1039" name="test_pairwise_dot_wrong_ind[compatible_vector_array_pair6-&lt;lambda&gt;3]" time="0.006012916564941406"></testcase><testcase classname="src.pymortests.vectorarray" file="src/pymortests/vectorarray.py" line="1039" name="test_pairwise_dot_wrong_ind[compatible_vector_array_pair6-&lt;lambda&gt;4]" time="0.007081270217895508"></testcase><testcase classname="src.pymortests.vectorarray" file="src/pymortests/vectorarray.py" line="1039" name="test_pairwise_dot_wrong_ind[compatible_vector_array_pair6-&lt;lambda&gt;5]" time="0.0051822662353515625"></testcase><testcase classname="src.pymortests.vectorarray" file="src/pymortests/vectorarray.py" line="1039" name="test_pairwise_dot_wrong_ind[compatible_vector_array_pair6-&lt;lambda&gt;6]" time="0.0022466182708740234"></testcase><testcase classname="src.pymortests.vectorarray" file="src/pymortests/vectorarray.py" line="1039" name="test_pairwise_dot_wrong_ind[compatible_vector_array_pair6-&lt;lambda&gt;7]" time="0.003237485885620117"></testcase><testcase classname="src.pymortests.vectorarray" file="src/pymortests/vectorarray.py" line="1039" name="test_pairwise_dot_wrong_ind[compatible_vector_array_pair6-&lt;lambda&gt;8]" time="0.012935400009155273"></testcase><testcase classname="src.pymortests.vectorarray" file="src/pymortests/vectorarray.py" line="1039" name="test_pairwise_dot_wrong_ind[compatible_vector_array_pair6-&lt;lambda&gt;9]" time="0.019292354583740234"></testcase><testcase classname="src.pymortests.vectorarray" file="src/pymortests/vectorarray.py" line="1039" name="test_pairwise_dot_wrong_ind[compatible_vector_array_pair6-&lt;lambda&gt;10]" time="0.05638694763183594"></testcase><testcase classname="src.pymortests.vectorarray" file="src/pymortests/vectorarray.py" line="1039" name="test_pairwise_dot_wrong_ind[compatible_vector_array_pair6-&lt;lambda&gt;11]" time="0.00710606575012207"></testcase><testcase classname="src.pymortests.vectorarray" file="src/pymortests/vectorarray.py" line="1039" name="test_pairwise_dot_wrong_ind[compatible_vector_array_pair6-&lt;lambda&gt;12]" time="0.0033316612243652344"></testcase><testcase classname="src.pymortests.vectorarray" file="src/pymortests/vectorarray.py" line="1039" name="test_pairwise_dot_wrong_ind[compatible_vector_array_pair6-&lt;lambda&gt;13]" time="0.005741596221923828"></testcase><testcase classname="src.pymortests.vectorarray" file="src/pymortests/vectorarray.py" line="1039" name="test_pairwise_dot_wrong_ind[compatible_vector_array_pair6-&lt;lambda&gt;14]" time="0.00716853141784668"></testcase><testcase classname="src.pymortests.vectorarray" file="src/pymortests/vectorarray.py" line="1039" name="test_pairwise_dot_wrong_ind[compatible_vector_array_pair6-&lt;lambda&gt;15]" time="0.009270906448364258"></testcase><testcase classname="src.pymortests.vectorarray" file="src/pymortests/vectorarray.py" line="1039" name="test_pairwise_dot_wrong_ind[compatible_vector_array_pair6-&lt;lambda&gt;16]" time="0.011558294296264648"></testcase><testcase classname="src.pymortests.vectorarray" file="src/pymortests/vectorarray.py" line="1039" name="test_pairwise_dot_wrong_ind[compatible_vector_array_pair6-&lt;lambda&gt;17]" time="0.014368057250976562"></testcase><testcase classname="src.pymortests.vectorarray" file="src/pymortests/vectorarray.py" line="1039" name="test_pairwise_dot_wrong_ind[compatible_vector_array_pair6-&lt;lambda&gt;18]" time="0.004128694534301758"></testcase><testcase classname="src.pymortests.vectorarray" file="src/pymortests/vectorarray.py" line="1039" name="test_pairwise_dot_wrong_ind[compatible_vector_array_pair6-&lt;lambda&gt;19]" time="0.0040051937103271484"></testcase><testcase classname="src.pymortests.vectorarray" file="src/pymortests/vectorarray.py" line="1039" name="test_pairwise_dot_wrong_ind[compatible_vector_array_pair6-&lt;lambda&gt;20]" time="0.03596353530883789"></testcase><testcase classname="src.pymortests.vectorarray" file="src/pymortests/vectorarray.py" line="1039" name="test_pairwise_dot_wrong_ind[compatible_vector_array_pair6-&lt;lambda&gt;21]" time="0.02825641632080078"></testcase><testcase classname="src.pymortests.vectorarray" file="src/pymortests/vectorarray.py" line="1039" name="test_pairwise_dot_wrong_ind[compatible_vector_array_pair6-&lt;lambda&gt;22]" time="0.08872246742248535"></testcase><testcase classname="src.pymortests.vectorarray" file="src/pymortests/vectorarray.py" line="1039" name="test_pairwise_dot_wrong_ind[compatible_vector_array_pair6-&lt;lambda&gt;23]" time="0.008358955383300781"></testcase><testcase classname="src.pymortests.vectorarray" file="src/pymortests/vectorarray.py" line="1039" name="test_pairwise_dot_wrong_ind[compatible_vector_array_pair6-&lt;lambda&gt;24]" time="0.0023310184478759766"></testcase><testcase classname="src.pymortests.vectorarray" file="src/pymortests/vectorarray.py" line="1039" name="test_pairwise_dot_wrong_ind[compatible_vector_array_pair6-&lt;lambda&gt;25]" time="0.00436711311340332"></testcase><testcase classname="src.pymortests.vectorarray" file="src/pymortests/vectorarray.py" line="1039" name="test_pairwise_dot_wrong_ind[compatible_vector_array_pair6-&lt;lambda&gt;26]" time="0.035047292709350586"></testcase><testcase classname="src.pymortests.vectorarray" file="src/pymortests/vectorarray.py" line="1039" name="test_pairwise_dot_wrong_ind[compatible_vector_array_pair6-&lt;lambda&gt;27]" time="0.045354604721069336"></testcase><testcase classname="src.pymortests.vectorarray" file="src/pymortests/vectorarray.py" line="1039" name="test_pairwise_dot_wrong_ind[compatible_vector_array_pair6-&lt;lambda&gt;28]" time="0.15909147262573242"></testcase><testcase classname="src.pymortests.vectorarray" file="src/pymortests/vectorarray.py" line="1039" name="test_pairwise_dot_wrong_ind[compatible_vector_array_pair6-&lt;lambda&gt;29]" time="0.009943962097167969"></testcase><testcase classname="src.pymortests.vectorarray" file="src/pymortests/vectorarray.py" line="1039" name="test_pairwise_dot_wrong_ind[compatible_vector_array_pair7-&lt;lambda&gt;0]" time="0.0033960342407226562"></testcase><testcase classname="src.pymortests.vectorarray" file="src/pymortests/vectorarray.py" line="1039" name="test_pairwise_dot_wrong_ind[compatible_vector_array_pair7-&lt;lambda&gt;1]" time="0.0032150745391845703"></testcase><testcase classname="src.pymortests.vectorarray" file="src/pymortests/vectorarray.py" line="1039" name="test_pairwise_dot_wrong_ind[compatible_vector_array_pair7-&lt;lambda&gt;2]" time="0.005122661590576172"></testcase><testcase classname="src.pymortests.vectorarray" file="src/pymortests/vectorarray.py" line="1039" name="test_pairwise_dot_wrong_ind[compatible_vector_array_pair7-&lt;lambda&gt;3]" time="0.0058634281158447266"></testcase><testcase classname="src.pymortests.vectorarray" file="src/pymortests/vectorarray.py" line="1039" name="test_pairwise_dot_wrong_ind[compatible_vector_array_pair7-&lt;lambda&gt;4]" time="0.0074007511138916016"></testcase><testcase classname="src.pymortests.vectorarray" file="src/pymortests/vectorarray.py" line="1039" name="test_pairwise_dot_wrong_ind[compatible_vector_array_pair7-&lt;lambda&gt;5]" time="0.005179882049560547"></testcase><testcase classname="src.pymortests.vectorarray" file="src/pymortests/vectorarray.py" line="1039" name="test_pairwise_dot_wrong_ind[compatible_vector_array_pair7-&lt;lambda&gt;6]" time="0.0022270679473876953"></testcase><testcase classname="src.pymortests.vectorarray" file="src/pymortests/vectorarray.py" line="1039" name="test_pairwise_dot_wrong_ind[compatible_vector_array_pair7-&lt;lambda&gt;7]" time="0.0031349658966064453"></testcase><testcase classname="src.pymortests.vectorarray" file="src/pymortests/vectorarray.py" line="1039" name="test_pairwise_dot_wrong_ind[compatible_vector_array_pair7-&lt;lambda&gt;8]" time="0.012863397598266602"></testcase><testcase classname="src.pymortests.vectorarray" file="src/pymortests/vectorarray.py" line="1039" name="test_pairwise_dot_wrong_ind[compatible_vector_array_pair7-&lt;lambda&gt;9]" time="0.019338130950927734"></testcase><testcase classname="src.pymortests.vectorarray" file="src/pymortests/vectorarray.py" line="1039" name="test_pairwise_dot_wrong_ind[compatible_vector_array_pair7-&lt;lambda&gt;10]" time="0.05741000175476074"></testcase><testcase classname="src.pymortests.vectorarray" file="src/pymortests/vectorarray.py" line="1039" name="test_pairwise_dot_wrong_ind[compatible_vector_array_pair7-&lt;lambda&gt;11]" time="0.0069980621337890625"></testcase><testcase classname="src.pymortests.vectorarray" file="src/pymortests/vectorarray.py" line="1039" name="test_pairwise_dot_wrong_ind[compatible_vector_array_pair7-&lt;lambda&gt;12]" time="0.0037496089935302734"></testcase><testcase classname="src.pymortests.vectorarray" file="src/pymortests/vectorarray.py" line="1039" name="test_pairwise_dot_wrong_ind[compatible_vector_array_pair7-&lt;lambda&gt;13]" time="0.005982398986816406"></testcase><testcase classname="src.pymortests.vectorarray" file="src/pymortests/vectorarray.py" line="1039" name="test_pairwise_dot_wrong_ind[compatible_vector_array_pair7-&lt;lambda&gt;14]" time="0.007409095764160156"></testcase><testcase classname="src.pymortests.vectorarray" file="src/pymortests/vectorarray.py" line="1039" name="test_pairwise_dot_wrong_ind[compatible_vector_array_pair7-&lt;lambda&gt;15]" time="0.009708881378173828"></testcase><testcase classname="src.pymortests.vectorarray" file="src/pymortests/vectorarray.py" line="1039" name="test_pairwise_dot_wrong_ind[compatible_vector_array_pair7-&lt;lambda&gt;16]" time="0.011862754821777344"></testcase><testcase classname="src.pymortests.vectorarray" file="src/pymortests/vectorarray.py" line="1039" name="test_pairwise_dot_wrong_ind[compatible_vector_array_pair7-&lt;lambda&gt;17]" time="0.015082120895385742"></testcase><testcase classname="src.pymortests.vectorarray" file="src/pymortests/vectorarray.py" line="1039" name="test_pairwise_dot_wrong_ind[compatible_vector_array_pair7-&lt;lambda&gt;18]" time="0.003936290740966797"></testcase><testcase classname="src.pymortests.vectorarray" file="src/pymortests/vectorarray.py" line="1039" name="test_pairwise_dot_wrong_ind[compatible_vector_array_pair7-&lt;lambda&gt;19]" time="0.004135847091674805"></testcase><testcase classname="src.pymortests.vectorarray" file="src/pymortests/vectorarray.py" line="1039" name="test_pairwise_dot_wrong_ind[compatible_vector_array_pair7-&lt;lambda&gt;20]" time="0.036553144454956055"></testcase><testcase classname="src.pymortests.vectorarray" file="src/pymortests/vectorarray.py" line="1039" name="test_pairwise_dot_wrong_ind[compatible_vector_array_pair7-&lt;lambda&gt;21]" time="0.03132820129394531"></testcase><testcase classname="src.pymortests.vectorarray" file="src/pymortests/vectorarray.py" line="1039" name="test_pairwise_dot_wrong_ind[compatible_vector_array_pair7-&lt;lambda&gt;22]" time="0.08791279792785645"></testcase><testcase classname="src.pymortests.vectorarray" file="src/pymortests/vectorarray.py" line="1039" name="test_pairwise_dot_wrong_ind[compatible_vector_array_pair7-&lt;lambda&gt;23]" time="0.008367538452148438"></testcase><testcase classname="src.pymortests.vectorarray" file="src/pymortests/vectorarray.py" line="1039" name="test_pairwise_dot_wrong_ind[compatible_vector_array_pair7-&lt;lambda&gt;24]" time="0.0031609535217285156"></testcase><testcase classname="src.pymortests.vectorarray" file="src/pymortests/vectorarray.py" line="1039" name="test_pairwise_dot_wrong_ind[compatible_vector_array_pair7-&lt;lambda&gt;25]" time="0.004400968551635742"></testcase><testcase classname="src.pymortests.vectorarray" file="src/pymortests/vectorarray.py" line="1039" name="test_pairwise_dot_wrong_ind[compatible_vector_array_pair7-&lt;lambda&gt;26]" time="0.03289937973022461"></testcase><testcase classname="src.pymortests.vectorarray" file="src/pymortests/vectorarray.py" line="1039" name="test_pairwise_dot_wrong_ind[compatible_vector_array_pair7-&lt;lambda&gt;27]" time="0.045258283615112305"></testcase><testcase classname="src.pymortests.vectorarray" file="src/pymortests/vectorarray.py" line="1039" name="test_pairwise_dot_wrong_ind[compatible_vector_array_pair7-&lt;lambda&gt;28]" time="0.1566774845123291"></testcase><testcase classname="src.pymortests.vectorarray" file="src/pymortests/vectorarray.py" line="1039" name="test_pairwise_dot_wrong_ind[compatible_vector_array_pair7-&lt;lambda&gt;29]" time="0.009285688400268555"></testcase><testcase classname="src.pymortests.vectorarray" file="src/pymortests/vectorarray.py" line="1039" name="test_pairwise_dot_wrong_ind[compatible_vector_array_pair8-&lt;lambda&gt;0]" time="0.0023424625396728516"></testcase><testcase classname="src.pymortests.vectorarray" file="src/pymortests/vectorarray.py" line="1039" name="test_pairwise_dot_wrong_ind[compatible_vector_array_pair8-&lt;lambda&gt;1]" time="0.0031232833862304688"></testcase><testcase classname="src.pymortests.vectorarray" file="src/pymortests/vectorarray.py" line="1039" name="test_pairwise_dot_wrong_ind[compatible_vector_array_pair8-&lt;lambda&gt;2]" time="0.004974842071533203"></testcase><testcase classname="src.pymortests.vectorarray" file="src/pymortests/vectorarray.py" line="1039" name="test_pairwise_dot_wrong_ind[compatible_vector_array_pair8-&lt;lambda&gt;3]" time="0.005808591842651367"></testcase><testcase classname="src.pymortests.vectorarray" file="src/pymortests/vectorarray.py" line="1039" name="test_pairwise_dot_wrong_ind[compatible_vector_array_pair8-&lt;lambda&gt;4]" time="0.007086515426635742"></testcase><testcase classname="src.pymortests.vectorarray" file="src/pymortests/vectorarray.py" line="1039" name="test_pairwise_dot_wrong_ind[compatible_vector_array_pair8-&lt;lambda&gt;5]" time="0.005116939544677734"></testcase><testcase classname="src.pymortests.vectorarray" file="src/pymortests/vectorarray.py" line="1039" name="test_pairwise_dot_wrong_ind[compatible_vector_array_pair8-&lt;lambda&gt;6]" time="0.002196788787841797"></testcase><testcase classname="src.pymortests.vectorarray" file="src/pymortests/vectorarray.py" line="1039" name="test_pairwise_dot_wrong_ind[compatible_vector_array_pair8-&lt;lambda&gt;7]" time="0.003167867660522461"></testcase><testcase classname="src.pymortests.vectorarray" file="src/pymortests/vectorarray.py" line="1039" name="test_pairwise_dot_wrong_ind[compatible_vector_array_pair8-&lt;lambda&gt;8]" time="0.01285552978515625"></testcase><testcase classname="src.pymortests.vectorarray" file="src/pymortests/vectorarray.py" line="1039" name="test_pairwise_dot_wrong_ind[compatible_vector_array_pair8-&lt;lambda&gt;9]" time="0.019465208053588867"></testcase><testcase classname="src.pymortests.vectorarray" file="src/pymortests/vectorarray.py" line="1039" name="test_pairwise_dot_wrong_ind[compatible_vector_array_pair8-&lt;lambda&gt;10]" time="0.05679893493652344"></testcase><testcase classname="src.pymortests.vectorarray" file="src/pymortests/vectorarray.py" line="1039" name="test_pairwise_dot_wrong_ind[compatible_vector_array_pair8-&lt;lambda&gt;11]" time="0.0071239471435546875"></testcase><testcase classname="src.pymortests.vectorarray" file="src/pymortests/vectorarray.py" line="1039" name="test_pairwise_dot_wrong_ind[compatible_vector_array_pair8-&lt;lambda&gt;12]" time="0.0034008026123046875"></testcase><testcase classname="src.pymortests.vectorarray" file="src/pymortests/vectorarray.py" line="1039" name="test_pairwise_dot_wrong_ind[compatible_vector_array_pair8-&lt;lambda&gt;13]" time="0.005890607833862305"></testcase><testcase classname="src.pymortests.vectorarray" file="src/pymortests/vectorarray.py" line="1039" name="test_pairwise_dot_wrong_ind[compatible_vector_array_pair8-&lt;lambda&gt;14]" time="0.0072972774505615234"></testcase><testcase classname="src.pymortests.vectorarray" file="src/pymortests/vectorarray.py" line="1039" name="test_pairwise_dot_wrong_ind[compatible_vector_array_pair8-&lt;lambda&gt;15]" time="0.009528875350952148"></testcase><testcase classname="src.pymortests.vectorarray" file="src/pymortests/vectorarray.py" line="1039" name="test_pairwise_dot_wrong_ind[compatible_vector_array_pair8-&lt;lambda&gt;16]" time="0.011717081069946289"></testcase><testcase classname="src.pymortests.vectorarray" file="src/pymortests/vectorarray.py" line="1039" name="test_pairwise_dot_wrong_ind[compatible_vector_array_pair8-&lt;lambda&gt;17]" time="0.014525890350341797"></testcase><testcase classname="src.pymortests.vectorarray" file="src/pymortests/vectorarray.py" line="1039" name="test_pairwise_dot_wrong_ind[compatible_vector_array_pair8-&lt;lambda&gt;18]" time="0.0039823055267333984"></testcase><testcase classname="src.pymortests.vectorarray" file="src/pymortests/vectorarray.py" line="1039" name="test_pairwise_dot_wrong_ind[compatible_vector_array_pair8-&lt;lambda&gt;19]" time="0.004292488098144531"></testcase><testcase classname="src.pymortests.vectorarray" file="src/pymortests/vectorarray.py" line="1039" name="test_pairwise_dot_wrong_ind[compatible_vector_array_pair8-&lt;lambda&gt;20]" time="0.03618478775024414"></testcase><testcase classname="src.pymortests.vectorarray" file="src/pymortests/vectorarray.py" line="1039" name="test_pairwise_dot_wrong_ind[compatible_vector_array_pair8-&lt;lambda&gt;21]" time="0.028136014938354492"></testcase><testcase classname="src.pymortests.vectorarray" file="src/pymortests/vectorarray.py" line="1039" name="test_pairwise_dot_wrong_ind[compatible_vector_array_pair8-&lt;lambda&gt;22]" time="0.08812403678894043"></testcase><testcase classname="src.pymortests.vectorarray" file="src/pymortests/vectorarray.py" line="1039" name="test_pairwise_dot_wrong_ind[compatible_vector_array_pair8-&lt;lambda&gt;23]" time="0.008323192596435547"></testcase><testcase classname="src.pymortests.vectorarray" file="src/pymortests/vectorarray.py" line="1039" name="test_pairwise_dot_wrong_ind[compatible_vector_array_pair8-&lt;lambda&gt;24]" time="0.0031507015228271484"></testcase><testcase classname="src.pymortests.vectorarray" file="src/pymortests/vectorarray.py" line="1039" name="test_pairwise_dot_wrong_ind[compatible_vector_array_pair8-&lt;lambda&gt;25]" time="0.004256725311279297"></testcase><testcase classname="src.pymortests.vectorarray" file="src/pymortests/vectorarray.py" line="1039" name="test_pairwise_dot_wrong_ind[compatible_vector_array_pair8-&lt;lambda&gt;26]" time="0.032629966735839844"></testcase><testcase classname="src.pymortests.vectorarray" file="src/pymortests/vectorarray.py" line="1039" name="test_pairwise_dot_wrong_ind[compatible_vector_array_pair8-&lt;lambda&gt;27]" time="0.046150922775268555"></testcase><testcase classname="src.pymortests.vectorarray" file="src/pymortests/vectorarray.py" line="1039" name="test_pairwise_dot_wrong_ind[compatible_vector_array_pair8-&lt;lambda&gt;28]" time="0.1628572940826416"></testcase><testcase classname="src.pymortests.vectorarray" file="src/pymortests/vectorarray.py" line="1039" name="test_pairwise_dot_wrong_ind[compatible_vector_array_pair8-&lt;lambda&gt;29]" time="0.009561538696289062"></testcase><testcase classname="src.pymortests.vectorarray" file="src/pymortests/vectorarray.py" line="1047" name="test_pickle[0-&lt;lambda&gt;0]" time="0.012815713882446289"></testcase><testcase classname="src.pymortests.vectorarray" file="src/pymortests/vectorarray.py" line="1047" name="test_pickle[0-&lt;lambda&gt;1]" time="0.0021812915802001953"></testcase><testcase classname="src.pymortests.vectorarray" file="src/pymortests/vectorarray.py" line="1047" name="test_pickle[0-&lt;lambda&gt;2]" time="0.0015799999237060547"></testcase><testcase classname="src.pymortests.vectorarray" file="src/pymortests/vectorarray.py" line="1047" name="test_pickle[0-&lt;lambda&gt;3]" time="0.0014948844909667969"></testcase><testcase classname="src.pymortests.vectorarray" file="src/pymortests/vectorarray.py" line="1047" name="test_pickle[0-&lt;lambda&gt;4]" time="0.0014219284057617188"></testcase><testcase classname="src.pymortests.vectorarray" file="src/pymortests/vectorarray.py" line="1047" name="test_pickle[0-&lt;lambda&gt;5]" time="0.0016219615936279297"></testcase><testcase classname="src.pymortests.vectorarray" file="src/pymortests/vectorarray.py" line="1047" name="test_pickle[0-&lt;lambda&gt;6]" time="0.0012612342834472656"></testcase><testcase classname="src.pymortests.vectorarray" file="src/pymortests/vectorarray.py" line="1047" name="test_pickle[0-&lt;lambda&gt;7]" time="0.002248048782348633"></testcase><testcase classname="src.pymortests.vectorarray" file="src/pymortests/vectorarray.py" line="1047" name="test_pickle[0-&lt;lambda&gt;8]" time="0.004405975341796875"></testcase><testcase classname="src.pymortests.vectorarray" file="src/pymortests/vectorarray.py" line="1047" name="test_pickle[0-&lt;lambda&gt;9]" time="0.008608818054199219"></testcase><testcase classname="src.pymortests.vectorarray" file="src/pymortests/vectorarray.py" line="1047" name="test_pickle[0-&lt;lambda&gt;10]" time="0.004643678665161133"></testcase><testcase classname="src.pymortests.vectorarray" file="src/pymortests/vectorarray.py" line="1047" name="test_pickle[0-&lt;lambda&gt;11]" time="0.001852273941040039"></testcase><testcase classname="src.pymortests.vectorarray" file="src/pymortests/vectorarray.py" line="1047" name="test_pickle[0-&lt;lambda&gt;12]" time="0.0017542839050292969"></testcase><testcase classname="src.pymortests.vectorarray" file="src/pymortests/vectorarray.py" line="1047" name="test_pickle[0-&lt;lambda&gt;13]" time="0.0015687942504882812"></testcase><testcase classname="src.pymortests.vectorarray" file="src/pymortests/vectorarray.py" line="1047" name="test_pickle[0-&lt;lambda&gt;14]" time="0.0017490386962890625"></testcase><testcase classname="src.pymortests.vectorarray" file="src/pymortests/vectorarray.py" line="1047" name="test_pickle[0-&lt;lambda&gt;15]" time="0.0019190311431884766"></testcase><testcase classname="src.pymortests.vectorarray" file="src/pymortests/vectorarray.py" line="1047" name="test_pickle[0-&lt;lambda&gt;16]" time="0.0019021034240722656"></testcase><testcase classname="src.pymortests.vectorarray" file="src/pymortests/vectorarray.py" line="1047" name="test_pickle[1-&lt;lambda&gt;0]" time="0.0014069080352783203"></testcase><testcase classname="src.pymortests.vectorarray" file="src/pymortests/vectorarray.py" line="1047" name="test_pickle[1-&lt;lambda&gt;1]" time="0.0013773441314697266"></testcase><testcase classname="src.pymortests.vectorarray" file="src/pymortests/vectorarray.py" line="1047" name="test_pickle[1-&lt;lambda&gt;2]" time="0.001386404037475586"></testcase><testcase classname="src.pymortests.vectorarray" file="src/pymortests/vectorarray.py" line="1047" name="test_pickle[1-&lt;lambda&gt;3]" time="0.0015411376953125"></testcase><testcase classname="src.pymortests.vectorarray" file="src/pymortests/vectorarray.py" line="1047" name="test_pickle[1-&lt;lambda&gt;4]" time="0.0014383792877197266"></testcase><testcase classname="src.pymortests.vectorarray" file="src/pymortests/vectorarray.py" line="1047" name="test_pickle[1-&lt;lambda&gt;5]" time="0.0012881755828857422"></testcase><testcase classname="src.pymortests.vectorarray" file="src/pymortests/vectorarray.py" line="1047" name="test_pickle[1-&lt;lambda&gt;6]" time="0.0016372203826904297"></testcase><testcase classname="src.pymortests.vectorarray" file="src/pymortests/vectorarray.py" line="1047" name="test_pickle[1-&lt;lambda&gt;7]" time="0.0015349388122558594"></testcase><testcase classname="src.pymortests.vectorarray" file="src/pymortests/vectorarray.py" line="1047" name="test_pickle[1-&lt;lambda&gt;8]" time="0.005271196365356445"></testcase><testcase classname="src.pymortests.vectorarray" file="src/pymortests/vectorarray.py" line="1047" name="test_pickle[1-&lt;lambda&gt;9]" time="0.012644290924072266"></testcase><testcase classname="src.pymortests.vectorarray" file="src/pymortests/vectorarray.py" line="1047" name="test_pickle[1-&lt;lambda&gt;10]" time="0.002855539321899414"></testcase><testcase classname="src.pymortests.vectorarray" file="src/pymortests/vectorarray.py" line="1047" name="test_pickle[1-&lt;lambda&gt;11]" time="0.0020194053649902344"></testcase><testcase classname="src.pymortests.vectorarray" file="src/pymortests/vectorarray.py" line="1047" name="test_pickle[1-&lt;lambda&gt;12]" time="0.001865386962890625"></testcase><testcase classname="src.pymortests.vectorarray" file="src/pymortests/vectorarray.py" line="1047" name="test_pickle[1-&lt;lambda&gt;13]" time="0.0016324520111083984"></testcase><testcase classname="src.pymortests.vectorarray" file="src/pymortests/vectorarray.py" line="1047" name="test_pickle[1-&lt;lambda&gt;14]" time="0.0018270015716552734"></testcase><testcase classname="src.pymortests.vectorarray" file="src/pymortests/vectorarray.py" line="1047" name="test_pickle[1-&lt;lambda&gt;15]" time="0.0019888877868652344"></testcase><testcase classname="src.pymortests.vectorarray" file="src/pymortests/vectorarray.py" line="1047" name="test_pickle[1-&lt;lambda&gt;16]" time="0.001901388168334961"></testcase><testcase classname="src.pymortests.vectorarray" file="src/pymortests/vectorarray.py" line="1047" name="test_pickle[2-&lt;lambda&gt;0]" time="0.0013856887817382812"></testcase><testcase classname="src.pymortests.vectorarray" file="src/pymortests/vectorarray.py" line="1047" name="test_pickle[2-&lt;lambda&gt;1]" time="0.0014209747314453125"></testcase><testcase classname="src.pymortests.vectorarray" file="src/pymortests/vectorarray.py" line="1047" name="test_pickle[2-&lt;lambda&gt;2]" time="0.0014200210571289062"></testcase><testcase classname="src.pymortests.vectorarray" file="src/pymortests/vectorarray.py" line="1047" name="test_pickle[2-&lt;lambda&gt;3]" time="0.0013995170593261719"></testcase><testcase classname="src.pymortests.vectorarray" file="src/pymortests/vectorarray.py" line="1047" name="test_pickle[2-&lt;lambda&gt;4]" time="0.0013535022735595703"></testcase><testcase classname="src.pymortests.vectorarray" file="src/pymortests/vectorarray.py" line="1047" name="test_pickle[2-&lt;lambda&gt;5]" time="0.0012998580932617188"></testcase><testcase classname="src.pymortests.vectorarray" file="src/pymortests/vectorarray.py" line="1047" name="test_pickle[2-&lt;lambda&gt;6]" time="0.0012362003326416016"></testcase><testcase classname="src.pymortests.vectorarray" file="src/pymortests/vectorarray.py" line="1047" name="test_pickle[2-&lt;lambda&gt;7]" time="0.0014674663543701172"></testcase><testcase classname="src.pymortests.vectorarray" file="src/pymortests/vectorarray.py" line="1047" name="test_pickle[2-&lt;lambda&gt;8]" time="0.005844593048095703"></testcase><testcase classname="src.pymortests.vectorarray" file="src/pymortests/vectorarray.py" line="1047" name="test_pickle[2-&lt;lambda&gt;9]" time="0.012353181838989258"></testcase><testcase classname="src.pymortests.vectorarray" file="src/pymortests/vectorarray.py" line="1047" name="test_pickle[2-&lt;lambda&gt;10]" time="0.001970052719116211"></testcase><testcase classname="src.pymortests.vectorarray" file="src/pymortests/vectorarray.py" line="1047" name="test_pickle[2-&lt;lambda&gt;11]" time="0.001878499984741211"></testcase><testcase classname="src.pymortests.vectorarray" file="src/pymortests/vectorarray.py" line="1047" name="test_pickle[2-&lt;lambda&gt;12]" time="0.001753091812133789"></testcase><testcase classname="src.pymortests.vectorarray" file="src/pymortests/vectorarray.py" line="1047" name="test_pickle[2-&lt;lambda&gt;13]" time="0.0015532970428466797"></testcase><testcase classname="src.pymortests.vectorarray" file="src/pymortests/vectorarray.py" line="1047" name="test_pickle[2-&lt;lambda&gt;14]" time="0.001768350601196289"></testcase><testcase classname="src.pymortests.vectorarray" file="src/pymortests/vectorarray.py" line="1047" name="test_pickle[2-&lt;lambda&gt;15]" time="0.001979351043701172"></testcase><testcase classname="src.pymortests.vectorarray" file="src/pymortests/vectorarray.py" line="1047" name="test_pickle[2-&lt;lambda&gt;16]" time="0.0019063949584960938"></testcase><testcase classname="src.pymortests.algorithms.basic" file="src/pymortests/algorithms/basic.py" line="21" name="test_almost_equal[compatible_vector_array_pair0-&lt;lambda&gt;0]" time="0.007955074310302734"></testcase><testcase classname="src.pymortests.algorithms.basic" file="src/pymortests/algorithms/basic.py" line="21" name="test_almost_equal[compatible_vector_array_pair0-&lt;lambda&gt;1]" time="0.003042936325073242"></testcase><testcase classname="src.pymortests.algorithms.basic" file="src/pymortests/algorithms/basic.py" line="21" name="test_almost_equal[compatible_vector_array_pair0-&lt;lambda&gt;2]" time="0.021234989166259766"></testcase><testcase classname="src.pymortests.algorithms.basic" file="src/pymortests/algorithms/basic.py" line="21" name="test_almost_equal[compatible_vector_array_pair0-&lt;lambda&gt;3]" time="0.02383279800415039"></testcase><testcase classname="src.pymortests.algorithms.basic" file="src/pymortests/algorithms/basic.py" line="21" name="test_almost_equal[compatible_vector_array_pair0-&lt;lambda&gt;4]" time="0.03201651573181152"></testcase><testcase classname="src.pymortests.algorithms.basic" file="src/pymortests/algorithms/basic.py" line="21" name="test_almost_equal[compatible_vector_array_pair0-&lt;lambda&gt;5]" time="0.03130364418029785"></testcase><testcase classname="src.pymortests.algorithms.basic" file="src/pymortests/algorithms/basic.py" line="21" name="test_almost_equal[compatible_vector_array_pair0-&lt;lambda&gt;6]" time="0.008215665817260742"></testcase><testcase classname="src.pymortests.algorithms.basic" file="src/pymortests/algorithms/basic.py" line="21" name="test_almost_equal[compatible_vector_array_pair0-&lt;lambda&gt;7]" time="0.0029180049896240234"></testcase><testcase classname="src.pymortests.algorithms.basic" file="src/pymortests/algorithms/basic.py" line="21" name="test_almost_equal[compatible_vector_array_pair0-&lt;lambda&gt;8]" time="0.030423879623413086"></testcase><testcase classname="src.pymortests.algorithms.basic" file="src/pymortests/algorithms/basic.py" line="21" name="test_almost_equal[compatible_vector_array_pair0-&lt;lambda&gt;9]" time="0.04180479049682617"></testcase><testcase classname="src.pymortests.algorithms.basic" file="src/pymortests/algorithms/basic.py" line="21" name="test_almost_equal[compatible_vector_array_pair0-&lt;lambda&gt;10]" time="0.13112902641296387"></testcase><testcase classname="src.pymortests.algorithms.basic" file="src/pymortests/algorithms/basic.py" line="21" name="test_almost_equal[compatible_vector_array_pair0-&lt;lambda&gt;11]" time="0.03490781784057617"></testcase><testcase classname="src.pymortests.algorithms.basic" file="src/pymortests/algorithms/basic.py" line="21" name="test_almost_equal[compatible_vector_array_pair0-&lt;lambda&gt;12]" time="0.022306203842163086"></testcase><testcase classname="src.pymortests.algorithms.basic" file="src/pymortests/algorithms/basic.py" line="21" name="test_almost_equal[compatible_vector_array_pair0-&lt;lambda&gt;13]" time="0.006228923797607422"></testcase><testcase classname="src.pymortests.algorithms.basic" file="src/pymortests/algorithms/basic.py" line="21" name="test_almost_equal[compatible_vector_array_pair0-&lt;lambda&gt;14]" time="0.03125500679016113"></testcase><testcase classname="src.pymortests.algorithms.basic" file="src/pymortests/algorithms/basic.py" line="21" name="test_almost_equal[compatible_vector_array_pair0-&lt;lambda&gt;15]" time="0.04799771308898926"></testcase><testcase classname="src.pymortests.algorithms.basic" file="src/pymortests/algorithms/basic.py" line="21" name="test_almost_equal[compatible_vector_array_pair0-&lt;lambda&gt;16]" time="0.0528559684753418"></testcase><testcase classname="src.pymortests.algorithms.basic" file="src/pymortests/algorithms/basic.py" line="21" name="test_almost_equal[compatible_vector_array_pair0-&lt;lambda&gt;17]" time="0.07593846321105957"></testcase><testcase classname="src.pymortests.algorithms.basic" file="src/pymortests/algorithms/basic.py" line="21" name="test_almost_equal[compatible_vector_array_pair0-&lt;lambda&gt;18]" time="0.02857041358947754"></testcase><testcase classname="src.pymortests.algorithms.basic" file="src/pymortests/algorithms/basic.py" line="21" name="test_almost_equal[compatible_vector_array_pair0-&lt;lambda&gt;19]" time="0.006056547164916992"></testcase><testcase classname="src.pymortests.algorithms.basic" file="src/pymortests/algorithms/basic.py" line="21" name="test_almost_equal[compatible_vector_array_pair0-&lt;lambda&gt;20]" time="0.17773675918579102"></testcase><testcase classname="src.pymortests.algorithms.basic" file="src/pymortests/algorithms/basic.py" line="21" name="test_almost_equal[compatible_vector_array_pair0-&lt;lambda&gt;21]" time="0.0939476490020752"></testcase><testcase classname="src.pymortests.algorithms.basic" file="src/pymortests/algorithms/basic.py" line="21" name="test_almost_equal[compatible_vector_array_pair0-&lt;lambda&gt;22]" time="0.31048035621643066"></testcase><testcase classname="src.pymortests.algorithms.basic" file="src/pymortests/algorithms/basic.py" line="21" name="test_almost_equal[compatible_vector_array_pair0-&lt;lambda&gt;23]" time="0.0819547176361084"></testcase><testcase classname="src.pymortests.algorithms.basic" file="src/pymortests/algorithms/basic.py" line="21" name="test_almost_equal[compatible_vector_array_pair0-&lt;lambda&gt;24]" time="0.009325504302978516"></testcase><testcase classname="src.pymortests.algorithms.basic" file="src/pymortests/algorithms/basic.py" line="21" name="test_almost_equal[compatible_vector_array_pair0-&lt;lambda&gt;25]" time="0.004866361618041992"></testcase><testcase classname="src.pymortests.algorithms.basic" file="src/pymortests/algorithms/basic.py" line="21" name="test_almost_equal[compatible_vector_array_pair0-&lt;lambda&gt;26]" time="0.33655261993408203"></testcase><testcase classname="src.pymortests.algorithms.basic" file="src/pymortests/algorithms/basic.py" line="21" name="test_almost_equal[compatible_vector_array_pair0-&lt;lambda&gt;27]" time="0.5747020244598389"></testcase><testcase classname="src.pymortests.algorithms.basic" file="src/pymortests/algorithms/basic.py" line="21" name="test_almost_equal[compatible_vector_array_pair0-&lt;lambda&gt;28]" time="2.9158973693847656"></testcase><testcase classname="src.pymortests.algorithms.basic" file="src/pymortests/algorithms/basic.py" line="21" name="test_almost_equal[compatible_vector_array_pair0-&lt;lambda&gt;29]" time="0.1787400245666504"></testcase><testcase classname="src.pymortests.algorithms.basic" file="src/pymortests/algorithms/basic.py" line="21" name="test_almost_equal[compatible_vector_array_pair1-&lt;lambda&gt;0]" time="0.008958101272583008"></testcase><testcase classname="src.pymortests.algorithms.basic" file="src/pymortests/algorithms/basic.py" line="21" name="test_almost_equal[compatible_vector_array_pair1-&lt;lambda&gt;1]" time="0.003078937530517578"></testcase><testcase classname="src.pymortests.algorithms.basic" file="src/pymortests/algorithms/basic.py" line="21" name="test_almost_equal[compatible_vector_array_pair1-&lt;lambda&gt;2]" time="0.020889759063720703"></testcase><testcase classname="src.pymortests.algorithms.basic" file="src/pymortests/algorithms/basic.py" line="21" name="test_almost_equal[compatible_vector_array_pair1-&lt;lambda&gt;3]" time="0.02426004409790039"></testcase><testcase classname="src.pymortests.algorithms.basic" file="src/pymortests/algorithms/basic.py" line="21" name="test_almost_equal[compatible_vector_array_pair1-&lt;lambda&gt;4]" time="0.03119182586669922"></testcase><testcase classname="src.pymortests.algorithms.basic" file="src/pymortests/algorithms/basic.py" line="21" name="test_almost_equal[compatible_vector_array_pair1-&lt;lambda&gt;5]" time="0.033135414123535156"></testcase><testcase classname="src.pymortests.algorithms.basic" file="src/pymortests/algorithms/basic.py" line="21" name="test_almost_equal[compatible_vector_array_pair1-&lt;lambda&gt;6]" time="0.008187294006347656"></testcase><testcase classname="src.pymortests.algorithms.basic" file="src/pymortests/algorithms/basic.py" line="21" name="test_almost_equal[compatible_vector_array_pair1-&lt;lambda&gt;7]" time="0.0028891563415527344"></testcase><testcase classname="src.pymortests.algorithms.basic" file="src/pymortests/algorithms/basic.py" line="21" name="test_almost_equal[compatible_vector_array_pair1-&lt;lambda&gt;8]" time="0.030753374099731445"></testcase><testcase classname="src.pymortests.algorithms.basic" file="src/pymortests/algorithms/basic.py" line="21" name="test_almost_equal[compatible_vector_array_pair1-&lt;lambda&gt;9]" time="0.04177546501159668"></testcase><testcase classname="src.pymortests.algorithms.basic" file="src/pymortests/algorithms/basic.py" line="21" name="test_almost_equal[compatible_vector_array_pair1-&lt;lambda&gt;10]" time="0.13078951835632324"></testcase><testcase classname="src.pymortests.algorithms.basic" file="src/pymortests/algorithms/basic.py" line="21" name="test_almost_equal[compatible_vector_array_pair1-&lt;lambda&gt;11]" time="0.03628039360046387"></testcase><testcase classname="src.pymortests.algorithms.basic" file="src/pymortests/algorithms/basic.py" line="21" name="test_almost_equal[compatible_vector_array_pair1-&lt;lambda&gt;12]" time="0.023432254791259766"></testcase><testcase classname="src.pymortests.algorithms.basic" file="src/pymortests/algorithms/basic.py" line="21" name="test_almost_equal[compatible_vector_array_pair1-&lt;lambda&gt;13]" time="0.006885528564453125"></testcase><testcase classname="src.pymortests.algorithms.basic" file="src/pymortests/algorithms/basic.py" line="21" name="test_almost_equal[compatible_vector_array_pair1-&lt;lambda&gt;14]" time="0.03232979774475098"></testcase><testcase classname="src.pymortests.algorithms.basic" file="src/pymortests/algorithms/basic.py" line="21" name="test_almost_equal[compatible_vector_array_pair1-&lt;lambda&gt;15]" time="0.048928022384643555"></testcase><testcase classname="src.pymortests.algorithms.basic" file="src/pymortests/algorithms/basic.py" line="21" name="test_almost_equal[compatible_vector_array_pair1-&lt;lambda&gt;16]" time="0.05328106880187988"></testcase><testcase classname="src.pymortests.algorithms.basic" file="src/pymortests/algorithms/basic.py" line="21" name="test_almost_equal[compatible_vector_array_pair1-&lt;lambda&gt;17]" time="0.07394623756408691"></testcase><testcase classname="src.pymortests.algorithms.basic" file="src/pymortests/algorithms/basic.py" line="21" name="test_almost_equal[compatible_vector_array_pair1-&lt;lambda&gt;18]" time="0.028567790985107422"></testcase><testcase classname="src.pymortests.algorithms.basic" file="src/pymortests/algorithms/basic.py" line="21" name="test_almost_equal[compatible_vector_array_pair1-&lt;lambda&gt;19]" time="0.0061991214752197266"></testcase><testcase classname="src.pymortests.algorithms.basic" file="src/pymortests/algorithms/basic.py" line="21" name="test_almost_equal[compatible_vector_array_pair1-&lt;lambda&gt;20]" time="0.1661088466644287"></testcase><testcase classname="src.pymortests.algorithms.basic" file="src/pymortests/algorithms/basic.py" line="21" name="test_almost_equal[compatible_vector_array_pair1-&lt;lambda&gt;21]" time="0.10097527503967285"></testcase><testcase classname="src.pymortests.algorithms.basic" file="src/pymortests/algorithms/basic.py" line="21" name="test_almost_equal[compatible_vector_array_pair1-&lt;lambda&gt;22]" time="0.3047962188720703"></testcase><testcase classname="src.pymortests.algorithms.basic" file="src/pymortests/algorithms/basic.py" line="21" name="test_almost_equal[compatible_vector_array_pair1-&lt;lambda&gt;23]" time="0.08088421821594238"></testcase><testcase classname="src.pymortests.algorithms.basic" file="src/pymortests/algorithms/basic.py" line="21" name="test_almost_equal[compatible_vector_array_pair1-&lt;lambda&gt;24]" time="0.00888371467590332"></testcase><testcase classname="src.pymortests.algorithms.basic" file="src/pymortests/algorithms/basic.py" line="21" name="test_almost_equal[compatible_vector_array_pair1-&lt;lambda&gt;25]" time="0.005753993988037109"></testcase><testcase classname="src.pymortests.algorithms.basic" file="src/pymortests/algorithms/basic.py" line="21" name="test_almost_equal[compatible_vector_array_pair1-&lt;lambda&gt;26]" time="0.3661372661590576"></testcase><testcase classname="src.pymortests.algorithms.basic" file="src/pymortests/algorithms/basic.py" line="21" name="test_almost_equal[compatible_vector_array_pair1-&lt;lambda&gt;27]" time="0.5685908794403076"></testcase><testcase classname="src.pymortests.algorithms.basic" file="src/pymortests/algorithms/basic.py" line="21" name="test_almost_equal[compatible_vector_array_pair1-&lt;lambda&gt;28]" time="3.0048766136169434"></testcase><testcase classname="src.pymortests.algorithms.basic" file="src/pymortests/algorithms/basic.py" line="21" name="test_almost_equal[compatible_vector_array_pair1-&lt;lambda&gt;29]" time="0.1849672794342041"></testcase><testcase classname="src.pymortests.algorithms.basic" file="src/pymortests/algorithms/basic.py" line="21" name="test_almost_equal[compatible_vector_array_pair2-&lt;lambda&gt;0]" time="0.008747100830078125"></testcase><testcase classname="src.pymortests.algorithms.basic" file="src/pymortests/algorithms/basic.py" line="21" name="test_almost_equal[compatible_vector_array_pair2-&lt;lambda&gt;1]" time="0.0030138492584228516"></testcase><testcase classname="src.pymortests.algorithms.basic" file="src/pymortests/algorithms/basic.py" line="21" name="test_almost_equal[compatible_vector_array_pair2-&lt;lambda&gt;2]" time="0.021335840225219727"></testcase><testcase classname="src.pymortests.algorithms.basic" file="src/pymortests/algorithms/basic.py" line="21" name="test_almost_equal[compatible_vector_array_pair2-&lt;lambda&gt;3]" time="0.023377180099487305"></testcase><testcase classname="src.pymortests.algorithms.basic" file="src/pymortests/algorithms/basic.py" line="21" name="test_almost_equal[compatible_vector_array_pair2-&lt;lambda&gt;4]" time="0.031118392944335938"></testcase><testcase classname="src.pymortests.algorithms.basic" file="src/pymortests/algorithms/basic.py" line="21" name="test_almost_equal[compatible_vector_array_pair2-&lt;lambda&gt;5]" time="0.030951976776123047"></testcase><testcase classname="src.pymortests.algorithms.basic" file="src/pymortests/algorithms/basic.py" line="21" name="test_almost_equal[compatible_vector_array_pair2-&lt;lambda&gt;6]" time="0.008090496063232422"></testcase><testcase classname="src.pymortests.algorithms.basic" file="src/pymortests/algorithms/basic.py" line="21" name="test_almost_equal[compatible_vector_array_pair2-&lt;lambda&gt;7]" time="0.0028145313262939453"></testcase><testcase classname="src.pymortests.algorithms.basic" file="src/pymortests/algorithms/basic.py" line="21" name="test_almost_equal[compatible_vector_array_pair2-&lt;lambda&gt;8]" time="0.03113842010498047"></testcase><testcase classname="src.pymortests.algorithms.basic" file="src/pymortests/algorithms/basic.py" line="21" name="test_almost_equal[compatible_vector_array_pair2-&lt;lambda&gt;9]" time="0.04155874252319336"></testcase><testcase classname="src.pymortests.algorithms.basic" file="src/pymortests/algorithms/basic.py" line="21" name="test_almost_equal[compatible_vector_array_pair2-&lt;lambda&gt;10]" time="0.13092255592346191"></testcase><testcase classname="src.pymortests.algorithms.basic" file="src/pymortests/algorithms/basic.py" line="21" name="test_almost_equal[compatible_vector_array_pair2-&lt;lambda&gt;11]" time="0.0348820686340332"></testcase><testcase classname="src.pymortests.algorithms.basic" file="src/pymortests/algorithms/basic.py" line="21" name="test_almost_equal[compatible_vector_array_pair2-&lt;lambda&gt;12]" time="0.022043466567993164"></testcase><testcase classname="src.pymortests.algorithms.basic" file="src/pymortests/algorithms/basic.py" line="21" name="test_almost_equal[compatible_vector_array_pair2-&lt;lambda&gt;13]" time="0.006252765655517578"></testcase><testcase classname="src.pymortests.algorithms.basic" file="src/pymortests/algorithms/basic.py" line="21" name="test_almost_equal[compatible_vector_array_pair2-&lt;lambda&gt;14]" time="0.029522418975830078"></testcase><testcase classname="src.pymortests.algorithms.basic" file="src/pymortests/algorithms/basic.py" line="21" name="test_almost_equal[compatible_vector_array_pair2-&lt;lambda&gt;15]" time="0.048041343688964844"></testcase><testcase classname="src.pymortests.algorithms.basic" file="src/pymortests/algorithms/basic.py" line="21" name="test_almost_equal[compatible_vector_array_pair2-&lt;lambda&gt;16]" time="0.0530550479888916"></testcase><testcase classname="src.pymortests.algorithms.basic" file="src/pymortests/algorithms/basic.py" line="21" name="test_almost_equal[compatible_vector_array_pair2-&lt;lambda&gt;17]" time="0.07442259788513184"></testcase><testcase classname="src.pymortests.algorithms.basic" file="src/pymortests/algorithms/basic.py" line="21" name="test_almost_equal[compatible_vector_array_pair2-&lt;lambda&gt;18]" time="0.028364896774291992"></testcase><testcase classname="src.pymortests.algorithms.basic" file="src/pymortests/algorithms/basic.py" line="21" name="test_almost_equal[compatible_vector_array_pair2-&lt;lambda&gt;19]" time="0.006070137023925781"></testcase><testcase classname="src.pymortests.algorithms.basic" file="src/pymortests/algorithms/basic.py" line="21" name="test_almost_equal[compatible_vector_array_pair2-&lt;lambda&gt;20]" time="0.16795945167541504"></testcase><testcase classname="src.pymortests.algorithms.basic" file="src/pymortests/algorithms/basic.py" line="21" name="test_almost_equal[compatible_vector_array_pair2-&lt;lambda&gt;21]" time="0.09784221649169922"></testcase><testcase classname="src.pymortests.algorithms.basic" file="src/pymortests/algorithms/basic.py" line="21" name="test_almost_equal[compatible_vector_array_pair2-&lt;lambda&gt;22]" time="0.3142964839935303"></testcase><testcase classname="src.pymortests.algorithms.basic" file="src/pymortests/algorithms/basic.py" line="21" name="test_almost_equal[compatible_vector_array_pair2-&lt;lambda&gt;23]" time="0.0825042724609375"></testcase><testcase classname="src.pymortests.algorithms.basic" file="src/pymortests/algorithms/basic.py" line="21" name="test_almost_equal[compatible_vector_array_pair2-&lt;lambda&gt;24]" time="0.008902311325073242"></testcase><testcase classname="src.pymortests.algorithms.basic" file="src/pymortests/algorithms/basic.py" line="21" name="test_almost_equal[compatible_vector_array_pair2-&lt;lambda&gt;25]" time="0.004952192306518555"></testcase><testcase classname="src.pymortests.algorithms.basic" file="src/pymortests/algorithms/basic.py" line="21" name="test_almost_equal[compatible_vector_array_pair2-&lt;lambda&gt;26]" time="0.3561835289001465"></testcase><testcase classname="src.pymortests.algorithms.basic" file="src/pymortests/algorithms/basic.py" line="21" name="test_almost_equal[compatible_vector_array_pair2-&lt;lambda&gt;27]" time="0.5587048530578613"></testcase><testcase classname="src.pymortests.algorithms.basic" file="src/pymortests/algorithms/basic.py" line="21" name="test_almost_equal[compatible_vector_array_pair2-&lt;lambda&gt;28]" time="2.9763333797454834"></testcase><testcase classname="src.pymortests.algorithms.basic" file="src/pymortests/algorithms/basic.py" line="21" name="test_almost_equal[compatible_vector_array_pair2-&lt;lambda&gt;29]" time="0.18472003936767578"></testcase><testcase classname="src.pymortests.algorithms.basic" file="src/pymortests/algorithms/basic.py" line="21" name="test_almost_equal[compatible_vector_array_pair3-&lt;lambda&gt;0]" time="0.008805513381958008"></testcase><testcase classname="src.pymortests.algorithms.basic" file="src/pymortests/algorithms/basic.py" line="21" name="test_almost_equal[compatible_vector_array_pair3-&lt;lambda&gt;1]" time="0.0030820369720458984"></testcase><testcase classname="src.pymortests.algorithms.basic" file="src/pymortests/algorithms/basic.py" line="21" name="test_almost_equal[compatible_vector_array_pair3-&lt;lambda&gt;2]" time="0.02091360092163086"></testcase><testcase classname="src.pymortests.algorithms.basic" file="src/pymortests/algorithms/basic.py" line="21" name="test_almost_equal[compatible_vector_array_pair3-&lt;lambda&gt;3]" time="0.02380681037902832"></testcase><testcase classname="src.pymortests.algorithms.basic" file="src/pymortests/algorithms/basic.py" line="21" name="test_almost_equal[compatible_vector_array_pair3-&lt;lambda&gt;4]" time="0.03178119659423828"></testcase><testcase classname="src.pymortests.algorithms.basic" file="src/pymortests/algorithms/basic.py" line="21" name="test_almost_equal[compatible_vector_array_pair3-&lt;lambda&gt;5]" time="0.032651662826538086"></testcase><testcase classname="src.pymortests.algorithms.basic" file="src/pymortests/algorithms/basic.py" line="21" name="test_almost_equal[compatible_vector_array_pair3-&lt;lambda&gt;6]" time="0.008227825164794922"></testcase><testcase classname="src.pymortests.algorithms.basic" file="src/pymortests/algorithms/basic.py" line="21" name="test_almost_equal[compatible_vector_array_pair3-&lt;lambda&gt;7]" time="0.0028760433197021484"></testcase><testcase classname="src.pymortests.algorithms.basic" file="src/pymortests/algorithms/basic.py" line="21" name="test_almost_equal[compatible_vector_array_pair3-&lt;lambda&gt;8]" time="0.030289173126220703"></testcase><testcase classname="src.pymortests.algorithms.basic" file="src/pymortests/algorithms/basic.py" line="21" name="test_almost_equal[compatible_vector_array_pair3-&lt;lambda&gt;9]" time="0.0418245792388916"></testcase><testcase classname="src.pymortests.algorithms.basic" file="src/pymortests/algorithms/basic.py" line="21" name="test_almost_equal[compatible_vector_array_pair3-&lt;lambda&gt;10]" time="0.13107085227966309"></testcase><testcase classname="src.pymortests.algorithms.basic" file="src/pymortests/algorithms/basic.py" line="21" name="test_almost_equal[compatible_vector_array_pair3-&lt;lambda&gt;11]" time="0.03501558303833008"></testcase><testcase classname="src.pymortests.algorithms.basic" file="src/pymortests/algorithms/basic.py" line="21" name="test_almost_equal[compatible_vector_array_pair3-&lt;lambda&gt;12]" time="0.021984100341796875"></testcase><testcase classname="src.pymortests.algorithms.basic" file="src/pymortests/algorithms/basic.py" line="21" name="test_almost_equal[compatible_vector_array_pair3-&lt;lambda&gt;13]" time="0.006345033645629883"></testcase><testcase classname="src.pymortests.algorithms.basic" file="src/pymortests/algorithms/basic.py" line="21" name="test_almost_equal[compatible_vector_array_pair3-&lt;lambda&gt;14]" time="0.03104400634765625"></testcase><testcase classname="src.pymortests.algorithms.basic" file="src/pymortests/algorithms/basic.py" line="21" name="test_almost_equal[compatible_vector_array_pair3-&lt;lambda&gt;15]" time="0.05098366737365723"></testcase><testcase classname="src.pymortests.algorithms.basic" file="src/pymortests/algorithms/basic.py" line="21" name="test_almost_equal[compatible_vector_array_pair3-&lt;lambda&gt;16]" time="0.05326700210571289"></testcase><testcase classname="src.pymortests.algorithms.basic" file="src/pymortests/algorithms/basic.py" line="21" name="test_almost_equal[compatible_vector_array_pair3-&lt;lambda&gt;17]" time="0.07438397407531738"></testcase><testcase classname="src.pymortests.algorithms.basic" file="src/pymortests/algorithms/basic.py" line="21" name="test_almost_equal[compatible_vector_array_pair3-&lt;lambda&gt;18]" time="0.02798628807067871"></testcase><testcase classname="src.pymortests.algorithms.basic" file="src/pymortests/algorithms/basic.py" line="21" name="test_almost_equal[compatible_vector_array_pair3-&lt;lambda&gt;19]" time="0.006132364273071289"></testcase><testcase classname="src.pymortests.algorithms.basic" file="src/pymortests/algorithms/basic.py" line="21" name="test_almost_equal[compatible_vector_array_pair3-&lt;lambda&gt;20]" time="0.166473388671875"></testcase><testcase classname="src.pymortests.algorithms.basic" file="src/pymortests/algorithms/basic.py" line="21" name="test_almost_equal[compatible_vector_array_pair3-&lt;lambda&gt;21]" time="0.0928962230682373"></testcase><testcase classname="src.pymortests.algorithms.basic" file="src/pymortests/algorithms/basic.py" line="21" name="test_almost_equal[compatible_vector_array_pair3-&lt;lambda&gt;22]" time="0.30037379264831543"></testcase><testcase classname="src.pymortests.algorithms.basic" file="src/pymortests/algorithms/basic.py" line="21" name="test_almost_equal[compatible_vector_array_pair3-&lt;lambda&gt;23]" time="0.08249449729919434"></testcase><testcase classname="src.pymortests.algorithms.basic" file="src/pymortests/algorithms/basic.py" line="21" name="test_almost_equal[compatible_vector_array_pair3-&lt;lambda&gt;24]" time="0.008737802505493164"></testcase><testcase classname="src.pymortests.algorithms.basic" file="src/pymortests/algorithms/basic.py" line="21" name="test_almost_equal[compatible_vector_array_pair3-&lt;lambda&gt;25]" time="0.004037618637084961"></testcase><testcase classname="src.pymortests.algorithms.basic" file="src/pymortests/algorithms/basic.py" line="21" name="test_almost_equal[compatible_vector_array_pair3-&lt;lambda&gt;26]" time="0.33503270149230957"></testcase><testcase classname="src.pymortests.algorithms.basic" file="src/pymortests/algorithms/basic.py" line="21" name="test_almost_equal[compatible_vector_array_pair3-&lt;lambda&gt;27]" time="0.5725624561309814"></testcase><testcase classname="src.pymortests.algorithms.basic" file="src/pymortests/algorithms/basic.py" line="21" name="test_almost_equal[compatible_vector_array_pair3-&lt;lambda&gt;28]" time="2.9611594676971436"></testcase><testcase classname="src.pymortests.algorithms.basic" file="src/pymortests/algorithms/basic.py" line="21" name="test_almost_equal[compatible_vector_array_pair3-&lt;lambda&gt;29]" time="0.18343567848205566"></testcase><testcase classname="src.pymortests.algorithms.basic" file="src/pymortests/algorithms/basic.py" line="21" name="test_almost_equal[compatible_vector_array_pair4-&lt;lambda&gt;0]" time="0.008720874786376953"></testcase><testcase classname="src.pymortests.algorithms.basic" file="src/pymortests/algorithms/basic.py" line="21" name="test_almost_equal[compatible_vector_array_pair4-&lt;lambda&gt;1]" time="0.0030357837677001953"></testcase><testcase classname="src.pymortests.algorithms.basic" file="src/pymortests/algorithms/basic.py" line="21" name="test_almost_equal[compatible_vector_array_pair4-&lt;lambda&gt;2]" time="0.02112722396850586"></testcase><testcase classname="src.pymortests.algorithms.basic" file="src/pymortests/algorithms/basic.py" line="21" name="test_almost_equal[compatible_vector_array_pair4-&lt;lambda&gt;3]" time="0.026694536209106445"></testcase><testcase classname="src.pymortests.algorithms.basic" file="src/pymortests/algorithms/basic.py" line="21" name="test_almost_equal[compatible_vector_array_pair4-&lt;lambda&gt;4]" time="0.03159761428833008"></testcase><testcase classname="src.pymortests.algorithms.basic" file="src/pymortests/algorithms/basic.py" line="21" name="test_almost_equal[compatible_vector_array_pair4-&lt;lambda&gt;5]" time="0.030949831008911133"></testcase><testcase classname="src.pymortests.algorithms.basic" file="src/pymortests/algorithms/basic.py" line="21" name="test_almost_equal[compatible_vector_array_pair4-&lt;lambda&gt;6]" time="0.008089542388916016"></testcase><testcase classname="src.pymortests.algorithms.basic" file="src/pymortests/algorithms/basic.py" line="21" name="test_almost_equal[compatible_vector_array_pair4-&lt;lambda&gt;7]" time="0.0027892589569091797"></testcase><testcase classname="src.pymortests.algorithms.basic" file="src/pymortests/algorithms/basic.py" line="21" name="test_almost_equal[compatible_vector_array_pair4-&lt;lambda&gt;8]" time="0.03029465675354004"></testcase><testcase classname="src.pymortests.algorithms.basic" file="src/pymortests/algorithms/basic.py" line="21" name="test_almost_equal[compatible_vector_array_pair4-&lt;lambda&gt;9]" time="0.041229963302612305"></testcase><testcase classname="src.pymortests.algorithms.basic" file="src/pymortests/algorithms/basic.py" line="21" name="test_almost_equal[compatible_vector_array_pair4-&lt;lambda&gt;10]" time="0.13037323951721191"></testcase><testcase classname="src.pymortests.algorithms.basic" file="src/pymortests/algorithms/basic.py" line="21" name="test_almost_equal[compatible_vector_array_pair4-&lt;lambda&gt;11]" time="0.03509855270385742"></testcase><testcase classname="src.pymortests.algorithms.basic" file="src/pymortests/algorithms/basic.py" line="21" name="test_almost_equal[compatible_vector_array_pair4-&lt;lambda&gt;12]" time="0.021973609924316406"></testcase><testcase classname="src.pymortests.algorithms.basic" file="src/pymortests/algorithms/basic.py" line="21" name="test_almost_equal[compatible_vector_array_pair4-&lt;lambda&gt;13]" time="0.006196498870849609"></testcase><testcase classname="src.pymortests.algorithms.basic" file="src/pymortests/algorithms/basic.py" line="21" name="test_almost_equal[compatible_vector_array_pair4-&lt;lambda&gt;14]" time="0.02985215187072754"></testcase><testcase classname="src.pymortests.algorithms.basic" file="src/pymortests/algorithms/basic.py" line="21" name="test_almost_equal[compatible_vector_array_pair4-&lt;lambda&gt;15]" time="0.04803800582885742"></testcase><testcase classname="src.pymortests.algorithms.basic" file="src/pymortests/algorithms/basic.py" line="21" name="test_almost_equal[compatible_vector_array_pair4-&lt;lambda&gt;16]" time="0.054207801818847656"></testcase><testcase classname="src.pymortests.algorithms.basic" file="src/pymortests/algorithms/basic.py" line="21" name="test_almost_equal[compatible_vector_array_pair4-&lt;lambda&gt;17]" time="0.07417130470275879"></testcase><testcase classname="src.pymortests.algorithms.basic" file="src/pymortests/algorithms/basic.py" line="21" name="test_almost_equal[compatible_vector_array_pair4-&lt;lambda&gt;18]" time="0.028214454650878906"></testcase><testcase classname="src.pymortests.algorithms.basic" file="src/pymortests/algorithms/basic.py" line="21" name="test_almost_equal[compatible_vector_array_pair4-&lt;lambda&gt;19]" time="0.006119966506958008"></testcase><testcase classname="src.pymortests.algorithms.basic" file="src/pymortests/algorithms/basic.py" line="21" name="test_almost_equal[compatible_vector_array_pair4-&lt;lambda&gt;20]" time="0.1657276153564453"></testcase><testcase classname="src.pymortests.algorithms.basic" file="src/pymortests/algorithms/basic.py" line="21" name="test_almost_equal[compatible_vector_array_pair4-&lt;lambda&gt;21]" time="0.09434723854064941"></testcase><testcase classname="src.pymortests.algorithms.basic" file="src/pymortests/algorithms/basic.py" line="21" name="test_almost_equal[compatible_vector_array_pair4-&lt;lambda&gt;22]" time="0.3048884868621826"></testcase><testcase classname="src.pymortests.algorithms.basic" file="src/pymortests/algorithms/basic.py" line="21" name="test_almost_equal[compatible_vector_array_pair4-&lt;lambda&gt;23]" time="0.08080053329467773"></testcase><testcase classname="src.pymortests.algorithms.basic" file="src/pymortests/algorithms/basic.py" line="21" name="test_almost_equal[compatible_vector_array_pair4-&lt;lambda&gt;24]" time="0.008845090866088867"></testcase><testcase classname="src.pymortests.algorithms.basic" file="src/pymortests/algorithms/basic.py" line="21" name="test_almost_equal[compatible_vector_array_pair4-&lt;lambda&gt;25]" time="0.00490117073059082"></testcase><testcase classname="src.pymortests.algorithms.basic" file="src/pymortests/algorithms/basic.py" line="21" name="test_almost_equal[compatible_vector_array_pair4-&lt;lambda&gt;26]" time="0.3547205924987793"></testcase><testcase classname="src.pymortests.algorithms.basic" file="src/pymortests/algorithms/basic.py" line="21" name="test_almost_equal[compatible_vector_array_pair4-&lt;lambda&gt;27]" time="0.5774047374725342"></testcase><testcase classname="src.pymortests.algorithms.basic" file="src/pymortests/algorithms/basic.py" line="21" name="test_almost_equal[compatible_vector_array_pair4-&lt;lambda&gt;28]" time="3.0440526008605957"></testcase><testcase classname="src.pymortests.algorithms.basic" file="src/pymortests/algorithms/basic.py" line="21" name="test_almost_equal[compatible_vector_array_pair4-&lt;lambda&gt;29]" time="0.18563556671142578"></testcase><testcase classname="src.pymortests.algorithms.basic" file="src/pymortests/algorithms/basic.py" line="21" name="test_almost_equal[compatible_vector_array_pair5-&lt;lambda&gt;0]" time="0.008855342864990234"></testcase><testcase classname="src.pymortests.algorithms.basic" file="src/pymortests/algorithms/basic.py" line="21" name="test_almost_equal[compatible_vector_array_pair5-&lt;lambda&gt;1]" time="0.003095388412475586"></testcase><testcase classname="src.pymortests.algorithms.basic" file="src/pymortests/algorithms/basic.py" line="21" name="test_almost_equal[compatible_vector_array_pair5-&lt;lambda&gt;2]" time="0.02098393440246582"></testcase><testcase classname="src.pymortests.algorithms.basic" file="src/pymortests/algorithms/basic.py" line="21" name="test_almost_equal[compatible_vector_array_pair5-&lt;lambda&gt;3]" time="0.02404165267944336"></testcase><testcase classname="src.pymortests.algorithms.basic" file="src/pymortests/algorithms/basic.py" line="21" name="test_almost_equal[compatible_vector_array_pair5-&lt;lambda&gt;4]" time="0.031168222427368164"></testcase><testcase classname="src.pymortests.algorithms.basic" file="src/pymortests/algorithms/basic.py" line="21" name="test_almost_equal[compatible_vector_array_pair5-&lt;lambda&gt;5]" time="0.031533241271972656"></testcase><testcase classname="src.pymortests.algorithms.basic" file="src/pymortests/algorithms/basic.py" line="21" name="test_almost_equal[compatible_vector_array_pair5-&lt;lambda&gt;6]" time="0.008138418197631836"></testcase><testcase classname="src.pymortests.algorithms.basic" file="src/pymortests/algorithms/basic.py" line="21" name="test_almost_equal[compatible_vector_array_pair5-&lt;lambda&gt;7]" time="0.0028777122497558594"></testcase><testcase classname="src.pymortests.algorithms.basic" file="src/pymortests/algorithms/basic.py" line="21" name="test_almost_equal[compatible_vector_array_pair5-&lt;lambda&gt;8]" time="0.030675649642944336"></testcase><testcase classname="src.pymortests.algorithms.basic" file="src/pymortests/algorithms/basic.py" line="21" name="test_almost_equal[compatible_vector_array_pair5-&lt;lambda&gt;9]" time="0.04140067100524902"></testcase><testcase classname="src.pymortests.algorithms.basic" file="src/pymortests/algorithms/basic.py" line="21" name="test_almost_equal[compatible_vector_array_pair5-&lt;lambda&gt;10]" time="0.1318340301513672"></testcase><testcase classname="src.pymortests.algorithms.basic" file="src/pymortests/algorithms/basic.py" line="21" name="test_almost_equal[compatible_vector_array_pair5-&lt;lambda&gt;11]" time="0.03571915626525879"></testcase><testcase classname="src.pymortests.algorithms.basic" file="src/pymortests/algorithms/basic.py" line="21" name="test_almost_equal[compatible_vector_array_pair5-&lt;lambda&gt;12]" time="0.022495508193969727"></testcase><testcase classname="src.pymortests.algorithms.basic" file="src/pymortests/algorithms/basic.py" line="21" name="test_almost_equal[compatible_vector_array_pair5-&lt;lambda&gt;13]" time="0.0062334537506103516"></testcase><testcase classname="src.pymortests.algorithms.basic" file="src/pymortests/algorithms/basic.py" line="21" name="test_almost_equal[compatible_vector_array_pair5-&lt;lambda&gt;14]" time="0.029387950897216797"></testcase><testcase classname="src.pymortests.algorithms.basic" file="src/pymortests/algorithms/basic.py" line="21" name="test_almost_equal[compatible_vector_array_pair5-&lt;lambda&gt;15]" time="0.04850316047668457"></testcase><testcase classname="src.pymortests.algorithms.basic" file="src/pymortests/algorithms/basic.py" line="21" name="test_almost_equal[compatible_vector_array_pair5-&lt;lambda&gt;16]" time="0.05642867088317871"></testcase><testcase classname="src.pymortests.algorithms.basic" file="src/pymortests/algorithms/basic.py" line="21" name="test_almost_equal[compatible_vector_array_pair5-&lt;lambda&gt;17]" time="0.07571840286254883"></testcase><testcase classname="src.pymortests.algorithms.basic" file="src/pymortests/algorithms/basic.py" line="21" name="test_almost_equal[compatible_vector_array_pair5-&lt;lambda&gt;18]" time="0.02841472625732422"></testcase><testcase classname="src.pymortests.algorithms.basic" file="src/pymortests/algorithms/basic.py" line="21" name="test_almost_equal[compatible_vector_array_pair5-&lt;lambda&gt;19]" time="0.006214618682861328"></testcase><testcase classname="src.pymortests.algorithms.basic" file="src/pymortests/algorithms/basic.py" line="21" name="test_almost_equal[compatible_vector_array_pair5-&lt;lambda&gt;20]" time="0.1674807071685791"></testcase><testcase classname="src.pymortests.algorithms.basic" file="src/pymortests/algorithms/basic.py" line="21" name="test_almost_equal[compatible_vector_array_pair5-&lt;lambda&gt;21]" time="0.09407305717468262"></testcase><testcase classname="src.pymortests.algorithms.basic" file="src/pymortests/algorithms/basic.py" line="21" name="test_almost_equal[compatible_vector_array_pair5-&lt;lambda&gt;22]" time="0.3119785785675049"></testcase><testcase classname="src.pymortests.algorithms.basic" file="src/pymortests/algorithms/basic.py" line="21" name="test_almost_equal[compatible_vector_array_pair5-&lt;lambda&gt;23]" time="0.08188128471374512"></testcase><testcase classname="src.pymortests.algorithms.basic" file="src/pymortests/algorithms/basic.py" line="21" name="test_almost_equal[compatible_vector_array_pair5-&lt;lambda&gt;24]" time="0.008898735046386719"></testcase><testcase classname="src.pymortests.algorithms.basic" file="src/pymortests/algorithms/basic.py" line="21" name="test_almost_equal[compatible_vector_array_pair5-&lt;lambda&gt;25]" time="0.005331993103027344"></testcase><testcase classname="src.pymortests.algorithms.basic" file="src/pymortests/algorithms/basic.py" line="21" name="test_almost_equal[compatible_vector_array_pair5-&lt;lambda&gt;26]" time="0.3640716075897217"></testcase><testcase classname="src.pymortests.algorithms.basic" file="src/pymortests/algorithms/basic.py" line="21" name="test_almost_equal[compatible_vector_array_pair5-&lt;lambda&gt;27]" time="0.581139087677002"></testcase><testcase classname="src.pymortests.algorithms.basic" file="src/pymortests/algorithms/basic.py" line="21" name="test_almost_equal[compatible_vector_array_pair5-&lt;lambda&gt;28]" time="3.035998582839966"></testcase><testcase classname="src.pymortests.algorithms.basic" file="src/pymortests/algorithms/basic.py" line="21" name="test_almost_equal[compatible_vector_array_pair5-&lt;lambda&gt;29]" time="0.1843869686126709"></testcase><testcase classname="src.pymortests.algorithms.basic" file="src/pymortests/algorithms/basic.py" line="21" name="test_almost_equal[compatible_vector_array_pair6-&lt;lambda&gt;0]" time="0.009778261184692383"></testcase><testcase classname="src.pymortests.algorithms.basic" file="src/pymortests/algorithms/basic.py" line="21" name="test_almost_equal[compatible_vector_array_pair6-&lt;lambda&gt;1]" time="0.0032727718353271484"></testcase><testcase classname="src.pymortests.algorithms.basic" file="src/pymortests/algorithms/basic.py" line="21" name="test_almost_equal[compatible_vector_array_pair6-&lt;lambda&gt;2]" time="0.022192955017089844"></testcase><testcase classname="src.pymortests.algorithms.basic" file="src/pymortests/algorithms/basic.py" line="21" name="test_almost_equal[compatible_vector_array_pair6-&lt;lambda&gt;3]" time="0.02384352684020996"></testcase><testcase classname="src.pymortests.algorithms.basic" file="src/pymortests/algorithms/basic.py" line="21" name="test_almost_equal[compatible_vector_array_pair6-&lt;lambda&gt;4]" time="0.03101348876953125"></testcase><testcase classname="src.pymortests.algorithms.basic" file="src/pymortests/algorithms/basic.py" line="21" name="test_almost_equal[compatible_vector_array_pair6-&lt;lambda&gt;5]" time="0.031748294830322266"></testcase><testcase classname="src.pymortests.algorithms.basic" file="src/pymortests/algorithms/basic.py" line="21" name="test_almost_equal[compatible_vector_array_pair6-&lt;lambda&gt;6]" time="0.008312702178955078"></testcase><testcase classname="src.pymortests.algorithms.basic" file="src/pymortests/algorithms/basic.py" line="21" name="test_almost_equal[compatible_vector_array_pair6-&lt;lambda&gt;7]" time="0.002892017364501953"></testcase><testcase classname="src.pymortests.algorithms.basic" file="src/pymortests/algorithms/basic.py" line="21" name="test_almost_equal[compatible_vector_array_pair6-&lt;lambda&gt;8]" time="0.030149459838867188"></testcase><testcase classname="src.pymortests.algorithms.basic" file="src/pymortests/algorithms/basic.py" line="21" name="test_almost_equal[compatible_vector_array_pair6-&lt;lambda&gt;9]" time="0.04125571250915527"></testcase><testcase classname="src.pymortests.algorithms.basic" file="src/pymortests/algorithms/basic.py" line="21" name="test_almost_equal[compatible_vector_array_pair6-&lt;lambda&gt;10]" time="0.12954306602478027"></testcase><testcase classname="src.pymortests.algorithms.basic" file="src/pymortests/algorithms/basic.py" line="21" name="test_almost_equal[compatible_vector_array_pair6-&lt;lambda&gt;11]" time="0.03623032569885254"></testcase><testcase classname="src.pymortests.algorithms.basic" file="src/pymortests/algorithms/basic.py" line="21" name="test_almost_equal[compatible_vector_array_pair6-&lt;lambda&gt;12]" time="0.021743297576904297"></testcase><testcase classname="src.pymortests.algorithms.basic" file="src/pymortests/algorithms/basic.py" line="21" name="test_almost_equal[compatible_vector_array_pair6-&lt;lambda&gt;13]" time="0.006247997283935547"></testcase><testcase classname="src.pymortests.algorithms.basic" file="src/pymortests/algorithms/basic.py" line="21" name="test_almost_equal[compatible_vector_array_pair6-&lt;lambda&gt;14]" time="0.029748916625976562"></testcase><testcase classname="src.pymortests.algorithms.basic" file="src/pymortests/algorithms/basic.py" line="21" name="test_almost_equal[compatible_vector_array_pair6-&lt;lambda&gt;15]" time="0.04886627197265625"></testcase><testcase classname="src.pymortests.algorithms.basic" file="src/pymortests/algorithms/basic.py" line="21" name="test_almost_equal[compatible_vector_array_pair6-&lt;lambda&gt;16]" time="0.052594661712646484"></testcase><testcase classname="src.pymortests.algorithms.basic" file="src/pymortests/algorithms/basic.py" line="21" name="test_almost_equal[compatible_vector_array_pair6-&lt;lambda&gt;17]" time="0.07392334938049316"></testcase><testcase classname="src.pymortests.algorithms.basic" file="src/pymortests/algorithms/basic.py" line="21" name="test_almost_equal[compatible_vector_array_pair6-&lt;lambda&gt;18]" time="0.028392553329467773"></testcase><testcase classname="src.pymortests.algorithms.basic" file="src/pymortests/algorithms/basic.py" line="21" name="test_almost_equal[compatible_vector_array_pair6-&lt;lambda&gt;19]" time="0.006195545196533203"></testcase><testcase classname="src.pymortests.algorithms.basic" file="src/pymortests/algorithms/basic.py" line="21" name="test_almost_equal[compatible_vector_array_pair6-&lt;lambda&gt;20]" time="0.16560816764831543"></testcase><testcase classname="src.pymortests.algorithms.basic" file="src/pymortests/algorithms/basic.py" line="21" name="test_almost_equal[compatible_vector_array_pair6-&lt;lambda&gt;21]" time="0.09440183639526367"></testcase><testcase classname="src.pymortests.algorithms.basic" file="src/pymortests/algorithms/basic.py" line="21" name="test_almost_equal[compatible_vector_array_pair6-&lt;lambda&gt;22]" time="0.30986571311950684"></testcase><testcase classname="src.pymortests.algorithms.basic" file="src/pymortests/algorithms/basic.py" line="21" name="test_almost_equal[compatible_vector_array_pair6-&lt;lambda&gt;23]" time="0.08166384696960449"></testcase><testcase classname="src.pymortests.algorithms.basic" file="src/pymortests/algorithms/basic.py" line="21" name="test_almost_equal[compatible_vector_array_pair6-&lt;lambda&gt;24]" time="0.008980989456176758"></testcase><testcase classname="src.pymortests.algorithms.basic" file="src/pymortests/algorithms/basic.py" line="21" name="test_almost_equal[compatible_vector_array_pair6-&lt;lambda&gt;25]" time="0.004981279373168945"></testcase><testcase classname="src.pymortests.algorithms.basic" file="src/pymortests/algorithms/basic.py" line="21" name="test_almost_equal[compatible_vector_array_pair6-&lt;lambda&gt;26]" time="0.3394484519958496"></testcase><testcase classname="src.pymortests.algorithms.basic" file="src/pymortests/algorithms/basic.py" line="21" name="test_almost_equal[compatible_vector_array_pair6-&lt;lambda&gt;27]" time="0.5744049549102783"></testcase><testcase classname="src.pymortests.algorithms.basic" file="src/pymortests/algorithms/basic.py" line="21" name="test_almost_equal[compatible_vector_array_pair6-&lt;lambda&gt;28]" time="2.9675583839416504"></testcase><testcase classname="src.pymortests.algorithms.basic" file="src/pymortests/algorithms/basic.py" line="21" name="test_almost_equal[compatible_vector_array_pair6-&lt;lambda&gt;29]" time="0.18504071235656738"></testcase><testcase classname="src.pymortests.algorithms.basic" file="src/pymortests/algorithms/basic.py" line="21" name="test_almost_equal[compatible_vector_array_pair7-&lt;lambda&gt;0]" time="0.008819818496704102"></testcase><testcase classname="src.pymortests.algorithms.basic" file="src/pymortests/algorithms/basic.py" line="21" name="test_almost_equal[compatible_vector_array_pair7-&lt;lambda&gt;1]" time="0.0031654834747314453"></testcase><testcase classname="src.pymortests.algorithms.basic" file="src/pymortests/algorithms/basic.py" line="21" name="test_almost_equal[compatible_vector_array_pair7-&lt;lambda&gt;2]" time="0.0208740234375"></testcase><testcase classname="src.pymortests.algorithms.basic" file="src/pymortests/algorithms/basic.py" line="21" name="test_almost_equal[compatible_vector_array_pair7-&lt;lambda&gt;3]" time="0.023853778839111328"></testcase><testcase classname="src.pymortests.algorithms.basic" file="src/pymortests/algorithms/basic.py" line="21" name="test_almost_equal[compatible_vector_array_pair7-&lt;lambda&gt;4]" time="0.03139543533325195"></testcase><testcase classname="src.pymortests.algorithms.basic" file="src/pymortests/algorithms/basic.py" line="21" name="test_almost_equal[compatible_vector_array_pair7-&lt;lambda&gt;5]" time="0.03107905387878418"></testcase><testcase classname="src.pymortests.algorithms.basic" file="src/pymortests/algorithms/basic.py" line="21" name="test_almost_equal[compatible_vector_array_pair7-&lt;lambda&gt;6]" time="0.008165836334228516"></testcase><testcase classname="src.pymortests.algorithms.basic" file="src/pymortests/algorithms/basic.py" line="21" name="test_almost_equal[compatible_vector_array_pair7-&lt;lambda&gt;7]" time="0.0029282569885253906"></testcase><testcase classname="src.pymortests.algorithms.basic" file="src/pymortests/algorithms/basic.py" line="21" name="test_almost_equal[compatible_vector_array_pair7-&lt;lambda&gt;8]" time="0.03059530258178711"></testcase><testcase classname="src.pymortests.algorithms.basic" file="src/pymortests/algorithms/basic.py" line="21" name="test_almost_equal[compatible_vector_array_pair7-&lt;lambda&gt;9]" time="0.041525840759277344"></testcase><testcase classname="src.pymortests.algorithms.basic" file="src/pymortests/algorithms/basic.py" line="21" name="test_almost_equal[compatible_vector_array_pair7-&lt;lambda&gt;10]" time="0.13290119171142578"></testcase><testcase classname="src.pymortests.algorithms.basic" file="src/pymortests/algorithms/basic.py" line="21" name="test_almost_equal[compatible_vector_array_pair7-&lt;lambda&gt;11]" time="0.034676551818847656"></testcase><testcase classname="src.pymortests.algorithms.basic" file="src/pymortests/algorithms/basic.py" line="21" name="test_almost_equal[compatible_vector_array_pair7-&lt;lambda&gt;12]" time="0.02211475372314453"></testcase><testcase classname="src.pymortests.algorithms.basic" file="src/pymortests/algorithms/basic.py" line="21" name="test_almost_equal[compatible_vector_array_pair7-&lt;lambda&gt;13]" time="0.0064775943756103516"></testcase><testcase classname="src.pymortests.algorithms.basic" file="src/pymortests/algorithms/basic.py" line="21" name="test_almost_equal[compatible_vector_array_pair7-&lt;lambda&gt;14]" time="0.030424833297729492"></testcase><testcase classname="src.pymortests.algorithms.basic" file="src/pymortests/algorithms/basic.py" line="21" name="test_almost_equal[compatible_vector_array_pair7-&lt;lambda&gt;15]" time="0.04907369613647461"></testcase><testcase classname="src.pymortests.algorithms.basic" file="src/pymortests/algorithms/basic.py" line="21" name="test_almost_equal[compatible_vector_array_pair7-&lt;lambda&gt;16]" time="0.053276777267456055"></testcase><testcase classname="src.pymortests.algorithms.basic" file="src/pymortests/algorithms/basic.py" line="21" name="test_almost_equal[compatible_vector_array_pair7-&lt;lambda&gt;17]" time="0.07841134071350098"></testcase><testcase classname="src.pymortests.algorithms.basic" file="src/pymortests/algorithms/basic.py" line="21" name="test_almost_equal[compatible_vector_array_pair7-&lt;lambda&gt;18]" time="0.028550386428833008"></testcase><testcase classname="src.pymortests.algorithms.basic" file="src/pymortests/algorithms/basic.py" line="21" name="test_almost_equal[compatible_vector_array_pair7-&lt;lambda&gt;19]" time="0.006180286407470703"></testcase><testcase classname="src.pymortests.algorithms.basic" file="src/pymortests/algorithms/basic.py" line="21" name="test_almost_equal[compatible_vector_array_pair7-&lt;lambda&gt;20]" time="0.16684722900390625"></testcase><testcase classname="src.pymortests.algorithms.basic" file="src/pymortests/algorithms/basic.py" line="21" name="test_almost_equal[compatible_vector_array_pair7-&lt;lambda&gt;21]" time="0.09480619430541992"></testcase><testcase classname="src.pymortests.algorithms.basic" file="src/pymortests/algorithms/basic.py" line="21" name="test_almost_equal[compatible_vector_array_pair7-&lt;lambda&gt;22]" time="0.31161975860595703"></testcase><testcase classname="src.pymortests.algorithms.basic" file="src/pymortests/algorithms/basic.py" line="21" name="test_almost_equal[compatible_vector_array_pair7-&lt;lambda&gt;23]" time="0.08055710792541504"></testcase><testcase classname="src.pymortests.algorithms.basic" file="src/pymortests/algorithms/basic.py" line="21" name="test_almost_equal[compatible_vector_array_pair7-&lt;lambda&gt;24]" time="0.008804798126220703"></testcase><testcase classname="src.pymortests.algorithms.basic" file="src/pymortests/algorithms/basic.py" line="21" name="test_almost_equal[compatible_vector_array_pair7-&lt;lambda&gt;25]" time="0.0049686431884765625"></testcase><testcase classname="src.pymortests.algorithms.basic" file="src/pymortests/algorithms/basic.py" line="21" name="test_almost_equal[compatible_vector_array_pair7-&lt;lambda&gt;26]" time="0.3615989685058594"></testcase><testcase classname="src.pymortests.algorithms.basic" file="src/pymortests/algorithms/basic.py" line="21" name="test_almost_equal[compatible_vector_array_pair7-&lt;lambda&gt;27]" time="0.5872600078582764"></testcase><testcase classname="src.pymortests.algorithms.basic" file="src/pymortests/algorithms/basic.py" line="21" name="test_almost_equal[compatible_vector_array_pair7-&lt;lambda&gt;28]" time="3.0803306102752686"></testcase><testcase classname="src.pymortests.algorithms.basic" file="src/pymortests/algorithms/basic.py" line="21" name="test_almost_equal[compatible_vector_array_pair7-&lt;lambda&gt;29]" time="0.1891942024230957"></testcase><testcase classname="src.pymortests.algorithms.basic" file="src/pymortests/algorithms/basic.py" line="21" name="test_almost_equal[compatible_vector_array_pair8-&lt;lambda&gt;0]" time="0.009483575820922852"></testcase><testcase classname="src.pymortests.algorithms.basic" file="src/pymortests/algorithms/basic.py" line="21" name="test_almost_equal[compatible_vector_array_pair8-&lt;lambda&gt;1]" time="0.004318714141845703"></testcase><testcase classname="src.pymortests.algorithms.basic" file="src/pymortests/algorithms/basic.py" line="21" name="test_almost_equal[compatible_vector_array_pair8-&lt;lambda&gt;2]" time="0.022921323776245117"></testcase><testcase classname="src.pymortests.algorithms.basic" file="src/pymortests/algorithms/basic.py" line="21" name="test_almost_equal[compatible_vector_array_pair8-&lt;lambda&gt;3]" time="0.025405168533325195"></testcase><testcase classname="src.pymortests.algorithms.basic" file="src/pymortests/algorithms/basic.py" line="21" name="test_almost_equal[compatible_vector_array_pair8-&lt;lambda&gt;4]" time="0.031259775161743164"></testcase><testcase classname="src.pymortests.algorithms.basic" file="src/pymortests/algorithms/basic.py" line="21" name="test_almost_equal[compatible_vector_array_pair8-&lt;lambda&gt;5]" time="0.03171396255493164"></testcase><testcase classname="src.pymortests.algorithms.basic" file="src/pymortests/algorithms/basic.py" line="21" name="test_almost_equal[compatible_vector_array_pair8-&lt;lambda&gt;6]" time="0.008182287216186523"></testcase><testcase classname="src.pymortests.algorithms.basic" file="src/pymortests/algorithms/basic.py" line="21" name="test_almost_equal[compatible_vector_array_pair8-&lt;lambda&gt;7]" time="0.002919435501098633"></testcase><testcase classname="src.pymortests.algorithms.basic" file="src/pymortests/algorithms/basic.py" line="21" name="test_almost_equal[compatible_vector_array_pair8-&lt;lambda&gt;8]" time="0.030670881271362305"></testcase><testcase classname="src.pymortests.algorithms.basic" file="src/pymortests/algorithms/basic.py" line="21" name="test_almost_equal[compatible_vector_array_pair8-&lt;lambda&gt;9]" time="0.04117584228515625"></testcase><testcase classname="src.pymortests.algorithms.basic" file="src/pymortests/algorithms/basic.py" line="21" name="test_almost_equal[compatible_vector_array_pair8-&lt;lambda&gt;10]" time="0.13101696968078613"></testcase><testcase classname="src.pymortests.algorithms.basic" file="src/pymortests/algorithms/basic.py" line="21" name="test_almost_equal[compatible_vector_array_pair8-&lt;lambda&gt;11]" time="0.0353243350982666"></testcase><testcase classname="src.pymortests.algorithms.basic" file="src/pymortests/algorithms/basic.py" line="21" name="test_almost_equal[compatible_vector_array_pair8-&lt;lambda&gt;12]" time="0.022027969360351562"></testcase><testcase classname="src.pymortests.algorithms.basic" file="src/pymortests/algorithms/basic.py" line="21" name="test_almost_equal[compatible_vector_array_pair8-&lt;lambda&gt;13]" time="0.00639796257019043"></testcase><testcase classname="src.pymortests.algorithms.basic" file="src/pymortests/algorithms/basic.py" line="21" name="test_almost_equal[compatible_vector_array_pair8-&lt;lambda&gt;14]" time="0.030035734176635742"></testcase><testcase classname="src.pymortests.algorithms.basic" file="src/pymortests/algorithms/basic.py" line="21" name="test_almost_equal[compatible_vector_array_pair8-&lt;lambda&gt;15]" time="0.05046415328979492"></testcase><testcase classname="src.pymortests.algorithms.basic" file="src/pymortests/algorithms/basic.py" line="21" name="test_almost_equal[compatible_vector_array_pair8-&lt;lambda&gt;16]" time="0.05283951759338379"></testcase><testcase classname="src.pymortests.algorithms.basic" file="src/pymortests/algorithms/basic.py" line="21" name="test_almost_equal[compatible_vector_array_pair8-&lt;lambda&gt;17]" time="0.07535862922668457"></testcase><testcase classname="src.pymortests.algorithms.basic" file="src/pymortests/algorithms/basic.py" line="21" name="test_almost_equal[compatible_vector_array_pair8-&lt;lambda&gt;18]" time="0.030292987823486328"></testcase><testcase classname="src.pymortests.algorithms.basic" file="src/pymortests/algorithms/basic.py" line="21" name="test_almost_equal[compatible_vector_array_pair8-&lt;lambda&gt;19]" time="0.00630497932434082"></testcase><testcase classname="src.pymortests.algorithms.basic" file="src/pymortests/algorithms/basic.py" line="21" name="test_almost_equal[compatible_vector_array_pair8-&lt;lambda&gt;20]" time="0.1757047176361084"></testcase><testcase classname="src.pymortests.algorithms.basic" file="src/pymortests/algorithms/basic.py" line="21" name="test_almost_equal[compatible_vector_array_pair8-&lt;lambda&gt;21]" time="0.09620022773742676"></testcase><testcase classname="src.pymortests.algorithms.basic" file="src/pymortests/algorithms/basic.py" line="21" name="test_almost_equal[compatible_vector_array_pair8-&lt;lambda&gt;22]" time="0.3259694576263428"></testcase><testcase classname="src.pymortests.algorithms.basic" file="src/pymortests/algorithms/basic.py" line="21" name="test_almost_equal[compatible_vector_array_pair8-&lt;lambda&gt;23]" time="0.08258390426635742"></testcase><testcase classname="src.pymortests.algorithms.basic" file="src/pymortests/algorithms/basic.py" line="21" name="test_almost_equal[compatible_vector_array_pair8-&lt;lambda&gt;24]" time="0.009013652801513672"></testcase><testcase classname="src.pymortests.algorithms.basic" file="src/pymortests/algorithms/basic.py" line="21" name="test_almost_equal[compatible_vector_array_pair8-&lt;lambda&gt;25]" time="0.005149364471435547"></testcase><testcase classname="src.pymortests.algorithms.basic" file="src/pymortests/algorithms/basic.py" line="21" name="test_almost_equal[compatible_vector_array_pair8-&lt;lambda&gt;26]" time="0.3616816997528076"></testcase><testcase classname="src.pymortests.algorithms.basic" file="src/pymortests/algorithms/basic.py" line="21" name="test_almost_equal[compatible_vector_array_pair8-&lt;lambda&gt;27]" time="0.6008203029632568"></testcase><testcase classname="src.pymortests.algorithms.basic" file="src/pymortests/algorithms/basic.py" line="21" name="test_almost_equal[compatible_vector_array_pair8-&lt;lambda&gt;28]" time="3.080188274383545"></testcase><testcase classname="src.pymortests.algorithms.basic" file="src/pymortests/algorithms/basic.py" line="21" name="test_almost_equal[compatible_vector_array_pair8-&lt;lambda&gt;29]" time="0.1819760799407959"></testcase><testcase classname="src.pymortests.algorithms.basic" file="src/pymortests/algorithms/basic.py" line="41" name="test_almost_equal_product[&lt;lambda&gt;0]" time="0.09980559349060059"><system-err>12:28 DiffusionOperatorP1: Calulate gradients of shape functions transformed by reference map ...
12:28 DiffusionOperatorP1: Calculate all local scalar products beween gradients ...
12:28 DiffusionOperatorP1: Determine global dofs ...
12:28 DiffusionOperatorP1: Boundary treatment ...
12:28 DiffusionOperatorP1: Assemble system matrix ...
12:28 DiffusionOperatorP1: Calulate gradients of shape functions transformed by reference map ...
12:28 DiffusionOperatorP1: Calculate all local scalar products beween gradients ...
12:28 DiffusionOperatorP1: Determine global dofs ...
12:28 DiffusionOperatorP1: Boundary treatment ...
12:28 DiffusionOperatorP1: Assemble system matrix ...
12:28 DiffusionOperatorP1: Calulate gradients of shape functions transformed by reference map ...
12:28 DiffusionOperatorP1: Calculate all local scalar products beween gradients ...
12:28 DiffusionOperatorP1: Determine global dofs ...
12:28 DiffusionOperatorP1: Boundary treatment ...
12:28 DiffusionOperatorP1: Assemble system matrix ...
12:28 DiffusionOperatorP1: Calulate gradients of shape functions transformed by reference map ...
12:28 DiffusionOperatorP1: Calculate all local scalar products beween gradients ...
12:28 DiffusionOperatorP1: Determine global dofs ...
12:28 DiffusionOperatorP1: Boundary treatment ...
12:28 DiffusionOperatorP1: Assemble system matrix ...
12:28 DiffusionOperatorP1: Calulate gradients of shape functions transformed by reference map ...
12:28 DiffusionOperatorP1: Calculate all local scalar products beween gradients ...
12:28 DiffusionOperatorP1: Determine global dofs ...
12:28 DiffusionOperatorP1: Boundary treatment ...
12:28 DiffusionOperatorP1: Assemble system matrix ...
12:28 L2ProductP1: Integrate the products of the shape functions on each element
12:28 L2ProductP1: Determine global dofs ...
12:28 L2ProductP1: Boundary treatment ...
12:28 L2ProductP1: Assemble system matrix ...
12:28 DiffusionOperatorP1: Calulate gradients of shape functions transformed by reference map ...
12:28 DiffusionOperatorP1: Calculate all local scalar products beween gradients ...
12:28 DiffusionOperatorP1: Determine global dofs ...
12:28 DiffusionOperatorP1: Boundary treatment ...
12:28 DiffusionOperatorP1: Assemble system matrix ...
12:28 L2ProductP1: Integrate the products of the shape functions on each element
12:28 L2ProductP1: Determine global dofs ...
12:28 L2ProductP1: Boundary treatment ...
12:28 L2ProductP1: Assemble system matrix ...
12:28 DiffusionOperatorP1: Calulate gradients of shape functions transformed by reference map ...
12:28 DiffusionOperatorP1: Calculate all local scalar products beween gradients ...
12:28 DiffusionOperatorP1: Determine global dofs ...
12:28 DiffusionOperatorP1: Boundary treatment ...
12:28 DiffusionOperatorP1: Assemble system matrix ...
</system-err></testcase><testcase classname="src.pymortests.algorithms.basic" file="src/pymortests/algorithms/basic.py" line="41" name="test_almost_equal_product[&lt;lambda&gt;1]" time="0.06960439682006836"><system-err>12:28 DiffusionOperatorP1: Calulate gradients of shape functions transformed by reference map ...
12:28 DiffusionOperatorP1: Calculate all local scalar products beween gradients ...
12:28 DiffusionOperatorP1: Determine global dofs ...
12:28 DiffusionOperatorP1: Boundary treatment ...
12:28 DiffusionOperatorP1: Assemble system matrix ...
12:28 DiffusionOperatorP1: Calulate gradients of shape functions transformed by reference map ...
12:28 DiffusionOperatorP1: Calculate all local scalar products beween gradients ...
12:28 DiffusionOperatorP1: Determine global dofs ...
12:28 DiffusionOperatorP1: Boundary treatment ...
12:28 DiffusionOperatorP1: Assemble system matrix ...
12:28 L2ProductP1: Integrate the products of the shape functions on each element
12:28 L2ProductP1: Determine global dofs ...
12:28 L2ProductP1: Boundary treatment ...
12:28 L2ProductP1: Assemble system matrix ...
12:28 DiffusionOperatorP1: Calulate gradients of shape functions transformed by reference map ...
12:28 DiffusionOperatorP1: Calculate all local scalar products beween gradients ...
12:28 DiffusionOperatorP1: Determine global dofs ...
12:28 DiffusionOperatorP1: Boundary treatment ...
12:28 DiffusionOperatorP1: Assemble system matrix ...
12:28 L2ProductP1: Integrate the products of the shape functions on each element
12:28 L2ProductP1: Determine global dofs ...
12:28 L2ProductP1: Boundary treatment ...
12:28 L2ProductP1: Assemble system matrix ...
12:28 DiffusionOperatorP1: Calulate gradients of shape functions transformed by reference map ...
12:28 DiffusionOperatorP1: Calculate all local scalar products beween gradients ...
12:28 DiffusionOperatorP1: Determine global dofs ...
12:28 DiffusionOperatorP1: Boundary treatment ...
12:28 DiffusionOperatorP1: Assemble system matrix ...
</system-err></testcase><testcase classname="src.pymortests.algorithms.basic" file="src/pymortests/algorithms/basic.py" line="41" name="test_almost_equal_product[&lt;lambda&gt;2]" time="0.07535386085510254"><system-err>12:28 DiffusionOperatorP1: Calulate gradients of shape functions transformed by reference map ...
12:28 DiffusionOperatorP1: Calculate all local scalar products beween gradients ...
12:28 DiffusionOperatorP1: Determine global dofs ...
12:28 DiffusionOperatorP1: Boundary treatment ...
12:28 DiffusionOperatorP1: Assemble system matrix ...
12:28 DiffusionOperatorP1: Calulate gradients of shape functions transformed by reference map ...
12:28 DiffusionOperatorP1: Calculate all local scalar products beween gradients ...
12:28 DiffusionOperatorP1: Determine global dofs ...
12:28 DiffusionOperatorP1: Boundary treatment ...
12:28 DiffusionOperatorP1: Assemble system matrix ...
12:28 DiffusionOperatorP1: Calulate gradients of shape functions transformed by reference map ...
12:28 DiffusionOperatorP1: Calculate all local scalar products beween gradients ...
12:28 DiffusionOperatorP1: Determine global dofs ...
12:28 DiffusionOperatorP1: Boundary treatment ...
12:28 DiffusionOperatorP1: Assemble system matrix ...
12:28 DiffusionOperatorP1: Calulate gradients of shape functions transformed by reference map ...
12:28 DiffusionOperatorP1: Calculate all local scalar products beween gradients ...
12:28 DiffusionOperatorP1: Determine global dofs ...
12:28 DiffusionOperatorP1: Boundary treatment ...
12:28 DiffusionOperatorP1: Assemble system matrix ...
12:28 DiffusionOperatorP1: Calulate gradients of shape functions transformed by reference map ...
12:28 DiffusionOperatorP1: Calculate all local scalar products beween gradients ...
12:28 DiffusionOperatorP1: Determine global dofs ...
12:28 DiffusionOperatorP1: Boundary treatment ...
12:28 DiffusionOperatorP1: Assemble system matrix ...
12:28 L2ProductP1: Integrate the products of the shape functions on each element
12:28 L2ProductP1: Determine global dofs ...
12:28 L2ProductP1: Boundary treatment ...
12:28 L2ProductP1: Assemble system matrix ...
12:28 DiffusionOperatorP1: Calulate gradients of shape functions transformed by reference map ...
12:28 DiffusionOperatorP1: Calculate all local scalar products beween gradients ...
12:28 DiffusionOperatorP1: Determine global dofs ...
12:28 DiffusionOperatorP1: Boundary treatment ...
12:28 DiffusionOperatorP1: Assemble system matrix ...
12:28 L2ProductP1: Integrate the products of the shape functions on each element
12:28 L2ProductP1: Determine global dofs ...
12:28 L2ProductP1: Boundary treatment ...
12:28 L2ProductP1: Assemble system matrix ...
12:28 DiffusionOperatorP1: Calulate gradients of shape functions transformed by reference map ...
12:28 DiffusionOperatorP1: Calculate all local scalar products beween gradients ...
12:28 DiffusionOperatorP1: Determine global dofs ...
12:28 DiffusionOperatorP1: Boundary treatment ...
12:28 DiffusionOperatorP1: Assemble system matrix ...
</system-err></testcase><testcase classname="src.pymortests.algorithms.basic" file="src/pymortests/algorithms/basic.py" line="41" name="test_almost_equal_product[&lt;lambda&gt;3]" time="0.0703880786895752"><system-err>12:28 DiffusionOperatorP1: Calulate gradients of shape functions transformed by reference map ...
12:28 DiffusionOperatorP1: Calculate all local scalar products beween gradients ...
12:28 DiffusionOperatorP1: Determine global dofs ...
12:28 DiffusionOperatorP1: Boundary treatment ...
12:28 DiffusionOperatorP1: Assemble system matrix ...
12:28 DiffusionOperatorP1: Calulate gradients of shape functions transformed by reference map ...
12:28 DiffusionOperatorP1: Calculate all local scalar products beween gradients ...
12:28 DiffusionOperatorP1: Determine global dofs ...
12:28 DiffusionOperatorP1: Boundary treatment ...
12:28 DiffusionOperatorP1: Assemble system matrix ...
12:28 L2ProductP1: Integrate the products of the shape functions on each element
12:28 L2ProductP1: Determine global dofs ...
12:28 L2ProductP1: Boundary treatment ...
12:28 L2ProductP1: Assemble system matrix ...
12:28 DiffusionOperatorP1: Calulate gradients of shape functions transformed by reference map ...
12:28 DiffusionOperatorP1: Calculate all local scalar products beween gradients ...
12:28 DiffusionOperatorP1: Determine global dofs ...
12:28 DiffusionOperatorP1: Boundary treatment ...
12:28 DiffusionOperatorP1: Assemble system matrix ...
12:28 L2ProductP1: Integrate the products of the shape functions on each element
12:28 L2ProductP1: Determine global dofs ...
12:28 L2ProductP1: Boundary treatment ...
12:28 L2ProductP1: Assemble system matrix ...
12:28 DiffusionOperatorP1: Calulate gradients of shape functions transformed by reference map ...
12:28 DiffusionOperatorP1: Calculate all local scalar products beween gradients ...
12:28 DiffusionOperatorP1: Determine global dofs ...
12:28 DiffusionOperatorP1: Boundary treatment ...
12:28 DiffusionOperatorP1: Assemble system matrix ...
</system-err></testcase><testcase classname="src.pymortests.algorithms.basic" file="src/pymortests/algorithms/basic.py" line="41" name="test_almost_equal_product[&lt;lambda&gt;4]" time="0.07478761672973633"><system-err>12:28 DiffusionOperatorP1: Calulate gradients of shape functions transformed by reference map ...
12:28 DiffusionOperatorP1: Calculate all local scalar products beween gradients ...
12:28 DiffusionOperatorP1: Determine global dofs ...
12:28 DiffusionOperatorP1: Boundary treatment ...
12:28 DiffusionOperatorP1: Assemble system matrix ...
12:28 DiffusionOperatorP1: Calulate gradients of shape functions transformed by reference map ...
12:28 DiffusionOperatorP1: Calculate all local scalar products beween gradients ...
12:28 DiffusionOperatorP1: Determine global dofs ...
12:28 DiffusionOperatorP1: Boundary treatment ...
12:28 DiffusionOperatorP1: Assemble system matrix ...
12:28 DiffusionOperatorP1: Calulate gradients of shape functions transformed by reference map ...
12:28 DiffusionOperatorP1: Calculate all local scalar products beween gradients ...
12:28 DiffusionOperatorP1: Determine global dofs ...
12:28 DiffusionOperatorP1: Boundary treatment ...
12:28 DiffusionOperatorP1: Assemble system matrix ...
12:28 DiffusionOperatorP1: Calulate gradients of shape functions transformed by reference map ...
12:28 DiffusionOperatorP1: Calculate all local scalar products beween gradients ...
12:28 DiffusionOperatorP1: Determine global dofs ...
12:28 DiffusionOperatorP1: Boundary treatment ...
12:28 DiffusionOperatorP1: Assemble system matrix ...
12:28 DiffusionOperatorP1: Calulate gradients of shape functions transformed by reference map ...
12:28 DiffusionOperatorP1: Calculate all local scalar products beween gradients ...
12:28 DiffusionOperatorP1: Determine global dofs ...
12:28 DiffusionOperatorP1: Boundary treatment ...
12:28 DiffusionOperatorP1: Assemble system matrix ...
12:28 L2ProductP1: Integrate the products of the shape functions on each element
12:28 L2ProductP1: Determine global dofs ...
12:28 L2ProductP1: Boundary treatment ...
12:28 L2ProductP1: Assemble system matrix ...
12:28 DiffusionOperatorP1: Calulate gradients of shape functions transformed by reference map ...
12:28 DiffusionOperatorP1: Calculate all local scalar products beween gradients ...
12:28 DiffusionOperatorP1: Determine global dofs ...
12:28 DiffusionOperatorP1: Boundary treatment ...
12:28 DiffusionOperatorP1: Assemble system matrix ...
12:28 L2ProductP1: Integrate the products of the shape functions on each element
12:28 L2ProductP1: Determine global dofs ...
12:28 L2ProductP1: Boundary treatment ...
12:28 L2ProductP1: Assemble system matrix ...
12:28 DiffusionOperatorP1: Calulate gradients of shape functions transformed by reference map ...
12:28 DiffusionOperatorP1: Calculate all local scalar products beween gradients ...
12:28 DiffusionOperatorP1: Determine global dofs ...
12:28 DiffusionOperatorP1: Boundary treatment ...
12:28 DiffusionOperatorP1: Assemble system matrix ...
</system-err></testcase><testcase classname="src.pymortests.algorithms.basic" file="src/pymortests/algorithms/basic.py" line="41" name="test_almost_equal_product[&lt;lambda&gt;5]" time="0.06916451454162598"><system-err>12:28 DiffusionOperatorP1: Calulate gradients of shape functions transformed by reference map ...
12:28 DiffusionOperatorP1: Calculate all local scalar products beween gradients ...
12:28 DiffusionOperatorP1: Determine global dofs ...
12:28 DiffusionOperatorP1: Boundary treatment ...
12:28 DiffusionOperatorP1: Assemble system matrix ...
12:28 DiffusionOperatorP1: Calulate gradients of shape functions transformed by reference map ...
12:28 DiffusionOperatorP1: Calculate all local scalar products beween gradients ...
12:28 DiffusionOperatorP1: Determine global dofs ...
12:28 DiffusionOperatorP1: Boundary treatment ...
12:28 DiffusionOperatorP1: Assemble system matrix ...
12:28 L2ProductP1: Integrate the products of the shape functions on each element
12:28 L2ProductP1: Determine global dofs ...
12:28 L2ProductP1: Boundary treatment ...
12:28 L2ProductP1: Assemble system matrix ...
12:28 DiffusionOperatorP1: Calulate gradients of shape functions transformed by reference map ...
12:28 DiffusionOperatorP1: Calculate all local scalar products beween gradients ...
12:28 DiffusionOperatorP1: Determine global dofs ...
12:28 DiffusionOperatorP1: Boundary treatment ...
12:28 DiffusionOperatorP1: Assemble system matrix ...
12:28 L2ProductP1: Integrate the products of the shape functions on each element
12:28 L2ProductP1: Determine global dofs ...
12:28 L2ProductP1: Boundary treatment ...
12:28 L2ProductP1: Assemble system matrix ...
12:28 DiffusionOperatorP1: Calulate gradients of shape functions transformed by reference map ...
12:28 DiffusionOperatorP1: Calculate all local scalar products beween gradients ...
12:28 DiffusionOperatorP1: Determine global dofs ...
12:28 DiffusionOperatorP1: Boundary treatment ...
12:28 DiffusionOperatorP1: Assemble system matrix ...
</system-err></testcase><testcase classname="src.pymortests.algorithms.basic" file="src/pymortests/algorithms/basic.py" line="41" name="test_almost_equal_product[&lt;lambda&gt;6]" time="0.07353568077087402"><system-err>12:28 DiffusionOperatorP1: Calulate gradients of shape functions transformed by reference map ...
12:28 DiffusionOperatorP1: Calculate all local scalar products beween gradients ...
12:28 DiffusionOperatorP1: Determine global dofs ...
12:28 DiffusionOperatorP1: Boundary treatment ...
12:28 DiffusionOperatorP1: Assemble system matrix ...
12:28 DiffusionOperatorP1: Calulate gradients of shape functions transformed by reference map ...
12:28 DiffusionOperatorP1: Calculate all local scalar products beween gradients ...
12:28 DiffusionOperatorP1: Determine global dofs ...
12:28 DiffusionOperatorP1: Boundary treatment ...
12:28 DiffusionOperatorP1: Assemble system matrix ...
12:28 DiffusionOperatorP1: Calulate gradients of shape functions transformed by reference map ...
12:28 DiffusionOperatorP1: Calculate all local scalar products beween gradients ...
12:28 DiffusionOperatorP1: Determine global dofs ...
12:28 DiffusionOperatorP1: Boundary treatment ...
12:28 DiffusionOperatorP1: Assemble system matrix ...
12:28 DiffusionOperatorP1: Calulate gradients of shape functions transformed by reference map ...
12:28 DiffusionOperatorP1: Calculate all local scalar products beween gradients ...
12:28 DiffusionOperatorP1: Determine global dofs ...
12:28 DiffusionOperatorP1: Boundary treatment ...
12:28 DiffusionOperatorP1: Assemble system matrix ...
12:28 DiffusionOperatorP1: Calulate gradients of shape functions transformed by reference map ...
12:28 DiffusionOperatorP1: Calculate all local scalar products beween gradients ...
12:28 DiffusionOperatorP1: Determine global dofs ...
12:28 DiffusionOperatorP1: Boundary treatment ...
12:28 DiffusionOperatorP1: Assemble system matrix ...
12:28 L2ProductP1: Integrate the products of the shape functions on each element
12:28 L2ProductP1: Determine global dofs ...
12:28 L2ProductP1: Boundary treatment ...
12:28 L2ProductP1: Assemble system matrix ...
12:28 DiffusionOperatorP1: Calulate gradients of shape functions transformed by reference map ...
12:28 DiffusionOperatorP1: Calculate all local scalar products beween gradients ...
12:28 DiffusionOperatorP1: Determine global dofs ...
12:28 DiffusionOperatorP1: Boundary treatment ...
12:28 DiffusionOperatorP1: Assemble system matrix ...
12:28 L2ProductP1: Integrate the products of the shape functions on each element
12:28 L2ProductP1: Determine global dofs ...
12:28 L2ProductP1: Boundary treatment ...
12:28 L2ProductP1: Assemble system matrix ...
12:28 DiffusionOperatorP1: Calulate gradients of shape functions transformed by reference map ...
12:28 DiffusionOperatorP1: Calculate all local scalar products beween gradients ...
12:28 DiffusionOperatorP1: Determine global dofs ...
12:28 DiffusionOperatorP1: Boundary treatment ...
12:28 DiffusionOperatorP1: Assemble system matrix ...
</system-err></testcase><testcase classname="src.pymortests.algorithms.basic" file="src/pymortests/algorithms/basic.py" line="41" name="test_almost_equal_product[&lt;lambda&gt;7]" time="0.0690155029296875"><system-err>12:28 DiffusionOperatorP1: Calulate gradients of shape functions transformed by reference map ...
12:28 DiffusionOperatorP1: Calculate all local scalar products beween gradients ...
12:28 DiffusionOperatorP1: Determine global dofs ...
12:28 DiffusionOperatorP1: Boundary treatment ...
12:28 DiffusionOperatorP1: Assemble system matrix ...
12:28 DiffusionOperatorP1: Calulate gradients of shape functions transformed by reference map ...
12:28 DiffusionOperatorP1: Calculate all local scalar products beween gradients ...
12:28 DiffusionOperatorP1: Determine global dofs ...
12:28 DiffusionOperatorP1: Boundary treatment ...
12:28 DiffusionOperatorP1: Assemble system matrix ...
12:28 L2ProductP1: Integrate the products of the shape functions on each element
12:28 L2ProductP1: Determine global dofs ...
12:28 L2ProductP1: Boundary treatment ...
12:28 L2ProductP1: Assemble system matrix ...
12:28 DiffusionOperatorP1: Calulate gradients of shape functions transformed by reference map ...
12:28 DiffusionOperatorP1: Calculate all local scalar products beween gradients ...
12:28 DiffusionOperatorP1: Determine global dofs ...
12:28 DiffusionOperatorP1: Boundary treatment ...
12:28 DiffusionOperatorP1: Assemble system matrix ...
12:28 L2ProductP1: Integrate the products of the shape functions on each element
12:28 L2ProductP1: Determine global dofs ...
12:28 L2ProductP1: Boundary treatment ...
12:28 L2ProductP1: Assemble system matrix ...
12:28 DiffusionOperatorP1: Calulate gradients of shape functions transformed by reference map ...
12:28 DiffusionOperatorP1: Calculate all local scalar products beween gradients ...
12:28 DiffusionOperatorP1: Determine global dofs ...
12:28 DiffusionOperatorP1: Boundary treatment ...
12:28 DiffusionOperatorP1: Assemble system matrix ...
</system-err></testcase><testcase classname="src.pymortests.algorithms.basic" file="src/pymortests/algorithms/basic.py" line="41" name="test_almost_equal_product[&lt;lambda&gt;8]" time="0.07348465919494629"><system-err>12:29 DiffusionOperatorP1: Calulate gradients of shape functions transformed by reference map ...
12:29 DiffusionOperatorP1: Calculate all local scalar products beween gradients ...
12:29 DiffusionOperatorP1: Determine global dofs ...
12:29 DiffusionOperatorP1: Boundary treatment ...
12:29 DiffusionOperatorP1: Assemble system matrix ...
12:29 DiffusionOperatorP1: Calulate gradients of shape functions transformed by reference map ...
12:29 DiffusionOperatorP1: Calculate all local scalar products beween gradients ...
12:29 DiffusionOperatorP1: Determine global dofs ...
12:29 DiffusionOperatorP1: Boundary treatment ...
12:29 DiffusionOperatorP1: Assemble system matrix ...
12:29 DiffusionOperatorP1: Calulate gradients of shape functions transformed by reference map ...
12:29 DiffusionOperatorP1: Calculate all local scalar products beween gradients ...
12:29 DiffusionOperatorP1: Determine global dofs ...
12:29 DiffusionOperatorP1: Boundary treatment ...
12:29 DiffusionOperatorP1: Assemble system matrix ...
12:29 DiffusionOperatorP1: Calulate gradients of shape functions transformed by reference map ...
12:29 DiffusionOperatorP1: Calculate all local scalar products beween gradients ...
12:29 DiffusionOperatorP1: Determine global dofs ...
12:29 DiffusionOperatorP1: Boundary treatment ...
12:29 DiffusionOperatorP1: Assemble system matrix ...
12:29 DiffusionOperatorP1: Calulate gradients of shape functions transformed by reference map ...
12:29 DiffusionOperatorP1: Calculate all local scalar products beween gradients ...
12:29 DiffusionOperatorP1: Determine global dofs ...
12:29 DiffusionOperatorP1: Boundary treatment ...
12:29 DiffusionOperatorP1: Assemble system matrix ...
12:29 L2ProductP1: Integrate the products of the shape functions on each element
12:29 L2ProductP1: Determine global dofs ...
12:29 L2ProductP1: Boundary treatment ...
12:29 L2ProductP1: Assemble system matrix ...
12:29 DiffusionOperatorP1: Calulate gradients of shape functions transformed by reference map ...
12:29 DiffusionOperatorP1: Calculate all local scalar products beween gradients ...
12:29 DiffusionOperatorP1: Determine global dofs ...
12:29 DiffusionOperatorP1: Boundary treatment ...
12:29 DiffusionOperatorP1: Assemble system matrix ...
12:29 L2ProductP1: Integrate the products of the shape functions on each element
12:29 L2ProductP1: Determine global dofs ...
12:29 L2ProductP1: Boundary treatment ...
12:29 L2ProductP1: Assemble system matrix ...
12:29 DiffusionOperatorP1: Calulate gradients of shape functions transformed by reference map ...
12:29 DiffusionOperatorP1: Calculate all local scalar products beween gradients ...
12:29 DiffusionOperatorP1: Determine global dofs ...
12:29 DiffusionOperatorP1: Boundary treatment ...
12:29 DiffusionOperatorP1: Assemble system matrix ...
</system-err></testcase><testcase classname="src.pymortests.algorithms.basic" file="src/pymortests/algorithms/basic.py" line="41" name="test_almost_equal_product[&lt;lambda&gt;9]" time="0.06975722312927246"><system-err>12:29 DiffusionOperatorP1: Calulate gradients of shape functions transformed by reference map ...
12:29 DiffusionOperatorP1: Calculate all local scalar products beween gradients ...
12:29 DiffusionOperatorP1: Determine global dofs ...
12:29 DiffusionOperatorP1: Boundary treatment ...
12:29 DiffusionOperatorP1: Assemble system matrix ...
12:29 DiffusionOperatorP1: Calulate gradients of shape functions transformed by reference map ...
12:29 DiffusionOperatorP1: Calculate all local scalar products beween gradients ...
12:29 DiffusionOperatorP1: Determine global dofs ...
12:29 DiffusionOperatorP1: Boundary treatment ...
12:29 DiffusionOperatorP1: Assemble system matrix ...
12:29 L2ProductP1: Integrate the products of the shape functions on each element
12:29 L2ProductP1: Determine global dofs ...
12:29 L2ProductP1: Boundary treatment ...
12:29 L2ProductP1: Assemble system matrix ...
12:29 DiffusionOperatorP1: Calulate gradients of shape functions transformed by reference map ...
12:29 DiffusionOperatorP1: Calculate all local scalar products beween gradients ...
12:29 DiffusionOperatorP1: Determine global dofs ...
12:29 DiffusionOperatorP1: Boundary treatment ...
12:29 DiffusionOperatorP1: Assemble system matrix ...
12:29 L2ProductP1: Integrate the products of the shape functions on each element
12:29 L2ProductP1: Determine global dofs ...
12:29 L2ProductP1: Boundary treatment ...
12:29 L2ProductP1: Assemble system matrix ...
12:29 DiffusionOperatorP1: Calulate gradients of shape functions transformed by reference map ...
12:29 DiffusionOperatorP1: Calculate all local scalar products beween gradients ...
12:29 DiffusionOperatorP1: Determine global dofs ...
12:29 DiffusionOperatorP1: Boundary treatment ...
12:29 DiffusionOperatorP1: Assemble system matrix ...
</system-err></testcase><testcase classname="src.pymortests.algorithms.basic" file="src/pymortests/algorithms/basic.py" line="41" name="test_almost_equal_product[&lt;lambda&gt;10]" time="0.07363533973693848"><system-err>12:29 DiffusionOperatorP1: Calulate gradients of shape functions transformed by reference map ...
12:29 DiffusionOperatorP1: Calculate all local scalar products beween gradients ...
12:29 DiffusionOperatorP1: Determine global dofs ...
12:29 DiffusionOperatorP1: Boundary treatment ...
12:29 DiffusionOperatorP1: Assemble system matrix ...
12:29 DiffusionOperatorP1: Calulate gradients of shape functions transformed by reference map ...
12:29 DiffusionOperatorP1: Calculate all local scalar products beween gradients ...
12:29 DiffusionOperatorP1: Determine global dofs ...
12:29 DiffusionOperatorP1: Boundary treatment ...
12:29 DiffusionOperatorP1: Assemble system matrix ...
12:29 DiffusionOperatorP1: Calulate gradients of shape functions transformed by reference map ...
12:29 DiffusionOperatorP1: Calculate all local scalar products beween gradients ...
12:29 DiffusionOperatorP1: Determine global dofs ...
12:29 DiffusionOperatorP1: Boundary treatment ...
12:29 DiffusionOperatorP1: Assemble system matrix ...
12:29 DiffusionOperatorP1: Calulate gradients of shape functions transformed by reference map ...
12:29 DiffusionOperatorP1: Calculate all local scalar products beween gradients ...
12:29 DiffusionOperatorP1: Determine global dofs ...
12:29 DiffusionOperatorP1: Boundary treatment ...
12:29 DiffusionOperatorP1: Assemble system matrix ...
12:29 DiffusionOperatorP1: Calulate gradients of shape functions transformed by reference map ...
12:29 DiffusionOperatorP1: Calculate all local scalar products beween gradients ...
12:29 DiffusionOperatorP1: Determine global dofs ...
12:29 DiffusionOperatorP1: Boundary treatment ...
12:29 DiffusionOperatorP1: Assemble system matrix ...
12:29 L2ProductP1: Integrate the products of the shape functions on each element
12:29 L2ProductP1: Determine global dofs ...
12:29 L2ProductP1: Boundary treatment ...
12:29 L2ProductP1: Assemble system matrix ...
12:29 DiffusionOperatorP1: Calulate gradients of shape functions transformed by reference map ...
12:29 DiffusionOperatorP1: Calculate all local scalar products beween gradients ...
12:29 DiffusionOperatorP1: Determine global dofs ...
12:29 DiffusionOperatorP1: Boundary treatment ...
12:29 DiffusionOperatorP1: Assemble system matrix ...
12:29 L2ProductP1: Integrate the products of the shape functions on each element
12:29 L2ProductP1: Determine global dofs ...
12:29 L2ProductP1: Boundary treatment ...
12:29 L2ProductP1: Assemble system matrix ...
12:29 DiffusionOperatorP1: Calulate gradients of shape functions transformed by reference map ...
12:29 DiffusionOperatorP1: Calculate all local scalar products beween gradients ...
12:29 DiffusionOperatorP1: Determine global dofs ...
12:29 DiffusionOperatorP1: Boundary treatment ...
12:29 DiffusionOperatorP1: Assemble system matrix ...
</system-err></testcase><testcase classname="src.pymortests.algorithms.basic" file="src/pymortests/algorithms/basic.py" line="41" name="test_almost_equal_product[&lt;lambda&gt;11]" time="0.06924223899841309"><system-err>12:29 DiffusionOperatorP1: Calulate gradients of shape functions transformed by reference map ...
12:29 DiffusionOperatorP1: Calculate all local scalar products beween gradients ...
12:29 DiffusionOperatorP1: Determine global dofs ...
12:29 DiffusionOperatorP1: Boundary treatment ...
12:29 DiffusionOperatorP1: Assemble system matrix ...
12:29 DiffusionOperatorP1: Calulate gradients of shape functions transformed by reference map ...
12:29 DiffusionOperatorP1: Calculate all local scalar products beween gradients ...
12:29 DiffusionOperatorP1: Determine global dofs ...
12:29 DiffusionOperatorP1: Boundary treatment ...
12:29 DiffusionOperatorP1: Assemble system matrix ...
12:29 L2ProductP1: Integrate the products of the shape functions on each element
12:29 L2ProductP1: Determine global dofs ...
12:29 L2ProductP1: Boundary treatment ...
12:29 L2ProductP1: Assemble system matrix ...
12:29 DiffusionOperatorP1: Calulate gradients of shape functions transformed by reference map ...
12:29 DiffusionOperatorP1: Calculate all local scalar products beween gradients ...
12:29 DiffusionOperatorP1: Determine global dofs ...
12:29 DiffusionOperatorP1: Boundary treatment ...
12:29 DiffusionOperatorP1: Assemble system matrix ...
12:29 L2ProductP1: Integrate the products of the shape functions on each element
12:29 L2ProductP1: Determine global dofs ...
12:29 L2ProductP1: Boundary treatment ...
12:29 L2ProductP1: Assemble system matrix ...
12:29 DiffusionOperatorP1: Calulate gradients of shape functions transformed by reference map ...
12:29 DiffusionOperatorP1: Calculate all local scalar products beween gradients ...
12:29 DiffusionOperatorP1: Determine global dofs ...
12:29 DiffusionOperatorP1: Boundary treatment ...
12:29 DiffusionOperatorP1: Assemble system matrix ...
</system-err></testcase><testcase classname="src.pymortests.algorithms.basic" file="src/pymortests/algorithms/basic.py" line="41" name="test_almost_equal_product[&lt;lambda&gt;12]" time="0.06835532188415527"><system-err>12:29 DiffusionOperatorP1: Calulate gradients of shape functions transformed by reference map ...
12:29 DiffusionOperatorP1: Calculate all local scalar products beween gradients ...
12:29 DiffusionOperatorP1: Determine global dofs ...
12:29 DiffusionOperatorP1: Boundary treatment ...
12:29 DiffusionOperatorP1: Assemble system matrix ...
12:29 DiffusionOperatorP1: Calulate gradients of shape functions transformed by reference map ...
12:29 DiffusionOperatorP1: Calculate all local scalar products beween gradients ...
12:29 DiffusionOperatorP1: Determine global dofs ...
12:29 DiffusionOperatorP1: Boundary treatment ...
12:29 DiffusionOperatorP1: Assemble system matrix ...
12:29 DiffusionOperatorP1: Calulate gradients of shape functions transformed by reference map ...
12:29 DiffusionOperatorP1: Calculate all local scalar products beween gradients ...
12:29 DiffusionOperatorP1: Determine global dofs ...
12:29 DiffusionOperatorP1: Boundary treatment ...
12:29 DiffusionOperatorP1: Assemble system matrix ...
12:29 DiffusionOperatorP1: Calulate gradients of shape functions transformed by reference map ...
12:29 DiffusionOperatorP1: Calculate all local scalar products beween gradients ...
12:29 DiffusionOperatorP1: Determine global dofs ...
12:29 DiffusionOperatorP1: Boundary treatment ...
12:29 DiffusionOperatorP1: Assemble system matrix ...
12:29 DiffusionOperatorP1: Calulate gradients of shape functions transformed by reference map ...
12:29 DiffusionOperatorP1: Calculate all local scalar products beween gradients ...
12:29 DiffusionOperatorP1: Determine global dofs ...
12:29 DiffusionOperatorP1: Boundary treatment ...
12:29 DiffusionOperatorP1: Assemble system matrix ...
12:29 L2ProductP1: Integrate the products of the shape functions on each element
12:29 L2ProductP1: Determine global dofs ...
12:29 L2ProductP1: Boundary treatment ...
12:29 L2ProductP1: Assemble system matrix ...
12:29 DiffusionOperatorP1: Calulate gradients of shape functions transformed by reference map ...
12:29 DiffusionOperatorP1: Calculate all local scalar products beween gradients ...
12:29 DiffusionOperatorP1: Determine global dofs ...
12:29 DiffusionOperatorP1: Boundary treatment ...
12:29 DiffusionOperatorP1: Assemble system matrix ...
12:29 L2ProductP1: Integrate the products of the shape functions on each element
12:29 L2ProductP1: Determine global dofs ...
12:29 L2ProductP1: Boundary treatment ...
12:29 L2ProductP1: Assemble system matrix ...
12:29 DiffusionOperatorP1: Calulate gradients of shape functions transformed by reference map ...
12:29 DiffusionOperatorP1: Calculate all local scalar products beween gradients ...
12:29 DiffusionOperatorP1: Determine global dofs ...
12:29 DiffusionOperatorP1: Boundary treatment ...
12:29 DiffusionOperatorP1: Assemble system matrix ...
</system-err></testcase><testcase classname="src.pymortests.algorithms.basic" file="src/pymortests/algorithms/basic.py" line="41" name="test_almost_equal_product[&lt;lambda&gt;13]" time="0.06611871719360352"><system-err>12:29 DiffusionOperatorP1: Calulate gradients of shape functions transformed by reference map ...
12:29 DiffusionOperatorP1: Calculate all local scalar products beween gradients ...
12:29 DiffusionOperatorP1: Determine global dofs ...
12:29 DiffusionOperatorP1: Boundary treatment ...
12:29 DiffusionOperatorP1: Assemble system matrix ...
12:29 DiffusionOperatorP1: Calulate gradients of shape functions transformed by reference map ...
12:29 DiffusionOperatorP1: Calculate all local scalar products beween gradients ...
12:29 DiffusionOperatorP1: Determine global dofs ...
12:29 DiffusionOperatorP1: Boundary treatment ...
12:29 DiffusionOperatorP1: Assemble system matrix ...
12:29 L2ProductP1: Integrate the products of the shape functions on each element
12:29 L2ProductP1: Determine global dofs ...
12:29 L2ProductP1: Boundary treatment ...
12:29 L2ProductP1: Assemble system matrix ...
12:29 DiffusionOperatorP1: Calulate gradients of shape functions transformed by reference map ...
12:29 DiffusionOperatorP1: Calculate all local scalar products beween gradients ...
12:29 DiffusionOperatorP1: Determine global dofs ...
12:29 DiffusionOperatorP1: Boundary treatment ...
12:29 DiffusionOperatorP1: Assemble system matrix ...
12:29 L2ProductP1: Integrate the products of the shape functions on each element
12:29 L2ProductP1: Determine global dofs ...
12:29 L2ProductP1: Boundary treatment ...
12:29 L2ProductP1: Assemble system matrix ...
12:29 DiffusionOperatorP1: Calulate gradients of shape functions transformed by reference map ...
12:29 DiffusionOperatorP1: Calculate all local scalar products beween gradients ...
12:29 DiffusionOperatorP1: Determine global dofs ...
12:29 DiffusionOperatorP1: Boundary treatment ...
12:29 DiffusionOperatorP1: Assemble system matrix ...
</system-err></testcase><testcase classname="src.pymortests.algorithms.basic" file="src/pymortests/algorithms/basic.py" line="41" name="test_almost_equal_product[&lt;lambda&gt;14]" time="0.07356977462768555"><system-err>12:29 DiffusionOperatorP1: Calulate gradients of shape functions transformed by reference map ...
12:29 DiffusionOperatorP1: Calculate all local scalar products beween gradients ...
12:29 DiffusionOperatorP1: Determine global dofs ...
12:29 DiffusionOperatorP1: Boundary treatment ...
12:29 DiffusionOperatorP1: Assemble system matrix ...
12:29 DiffusionOperatorP1: Calulate gradients of shape functions transformed by reference map ...
12:29 DiffusionOperatorP1: Calculate all local scalar products beween gradients ...
12:29 DiffusionOperatorP1: Determine global dofs ...
12:29 DiffusionOperatorP1: Boundary treatment ...
12:29 DiffusionOperatorP1: Assemble system matrix ...
12:29 DiffusionOperatorP1: Calulate gradients of shape functions transformed by reference map ...
12:29 DiffusionOperatorP1: Calculate all local scalar products beween gradients ...
12:29 DiffusionOperatorP1: Determine global dofs ...
12:29 DiffusionOperatorP1: Boundary treatment ...
12:29 DiffusionOperatorP1: Assemble system matrix ...
12:29 DiffusionOperatorP1: Calulate gradients of shape functions transformed by reference map ...
12:29 DiffusionOperatorP1: Calculate all local scalar products beween gradients ...
12:29 DiffusionOperatorP1: Determine global dofs ...
12:29 DiffusionOperatorP1: Boundary treatment ...
12:29 DiffusionOperatorP1: Assemble system matrix ...
12:29 DiffusionOperatorP1: Calulate gradients of shape functions transformed by reference map ...
12:29 DiffusionOperatorP1: Calculate all local scalar products beween gradients ...
12:29 DiffusionOperatorP1: Determine global dofs ...
12:29 DiffusionOperatorP1: Boundary treatment ...
12:29 DiffusionOperatorP1: Assemble system matrix ...
12:29 L2ProductP1: Integrate the products of the shape functions on each element
12:29 L2ProductP1: Determine global dofs ...
12:29 L2ProductP1: Boundary treatment ...
12:29 L2ProductP1: Assemble system matrix ...
12:29 DiffusionOperatorP1: Calulate gradients of shape functions transformed by reference map ...
12:29 DiffusionOperatorP1: Calculate all local scalar products beween gradients ...
12:29 DiffusionOperatorP1: Determine global dofs ...
12:29 DiffusionOperatorP1: Boundary treatment ...
12:29 DiffusionOperatorP1: Assemble system matrix ...
12:29 L2ProductP1: Integrate the products of the shape functions on each element
12:29 L2ProductP1: Determine global dofs ...
12:29 L2ProductP1: Boundary treatment ...
12:29 L2ProductP1: Assemble system matrix ...
12:29 DiffusionOperatorP1: Calulate gradients of shape functions transformed by reference map ...
12:29 DiffusionOperatorP1: Calculate all local scalar products beween gradients ...
12:29 DiffusionOperatorP1: Determine global dofs ...
12:29 DiffusionOperatorP1: Boundary treatment ...
12:29 DiffusionOperatorP1: Assemble system matrix ...
</system-err></testcase><testcase classname="src.pymortests.algorithms.basic" file="src/pymortests/algorithms/basic.py" line="41" name="test_almost_equal_product[&lt;lambda&gt;15]" time="0.06998777389526367"><system-err>12:29 DiffusionOperatorP1: Calulate gradients of shape functions transformed by reference map ...
12:29 DiffusionOperatorP1: Calculate all local scalar products beween gradients ...
12:29 DiffusionOperatorP1: Determine global dofs ...
12:29 DiffusionOperatorP1: Boundary treatment ...
12:29 DiffusionOperatorP1: Assemble system matrix ...
12:29 DiffusionOperatorP1: Calulate gradients of shape functions transformed by reference map ...
12:29 DiffusionOperatorP1: Calculate all local scalar products beween gradients ...
12:29 DiffusionOperatorP1: Determine global dofs ...
12:29 DiffusionOperatorP1: Boundary treatment ...
12:29 DiffusionOperatorP1: Assemble system matrix ...
12:29 L2ProductP1: Integrate the products of the shape functions on each element
12:29 L2ProductP1: Determine global dofs ...
12:29 L2ProductP1: Boundary treatment ...
12:29 L2ProductP1: Assemble system matrix ...
12:29 DiffusionOperatorP1: Calulate gradients of shape functions transformed by reference map ...
12:29 DiffusionOperatorP1: Calculate all local scalar products beween gradients ...
12:29 DiffusionOperatorP1: Determine global dofs ...
12:29 DiffusionOperatorP1: Boundary treatment ...
12:29 DiffusionOperatorP1: Assemble system matrix ...
12:29 L2ProductP1: Integrate the products of the shape functions on each element
12:29 L2ProductP1: Determine global dofs ...
12:29 L2ProductP1: Boundary treatment ...
12:29 L2ProductP1: Assemble system matrix ...
12:29 DiffusionOperatorP1: Calulate gradients of shape functions transformed by reference map ...
12:29 DiffusionOperatorP1: Calculate all local scalar products beween gradients ...
12:29 DiffusionOperatorP1: Determine global dofs ...
12:29 DiffusionOperatorP1: Boundary treatment ...
12:29 DiffusionOperatorP1: Assemble system matrix ...
</system-err></testcase><testcase classname="src.pymortests.algorithms.basic" file="src/pymortests/algorithms/basic.py" line="41" name="test_almost_equal_product[&lt;lambda&gt;16]" time="0.06713008880615234"><system-err>12:29 DiffusionOperatorP1: Calulate gradients of shape functions transformed by reference map ...
12:29 DiffusionOperatorP1: Calculate all local scalar products beween gradients ...
12:29 DiffusionOperatorP1: Determine global dofs ...
12:29 DiffusionOperatorP1: Boundary treatment ...
12:29 DiffusionOperatorP1: Assemble system matrix ...
12:29 DiffusionOperatorP1: Calulate gradients of shape functions transformed by reference map ...
12:29 DiffusionOperatorP1: Calculate all local scalar products beween gradients ...
12:29 DiffusionOperatorP1: Determine global dofs ...
12:29 DiffusionOperatorP1: Boundary treatment ...
12:29 DiffusionOperatorP1: Assemble system matrix ...
12:29 DiffusionOperatorP1: Calulate gradients of shape functions transformed by reference map ...
12:29 DiffusionOperatorP1: Calculate all local scalar products beween gradients ...
12:29 DiffusionOperatorP1: Determine global dofs ...
12:29 DiffusionOperatorP1: Boundary treatment ...
12:29 DiffusionOperatorP1: Assemble system matrix ...
12:29 DiffusionOperatorP1: Calulate gradients of shape functions transformed by reference map ...
12:29 DiffusionOperatorP1: Calculate all local scalar products beween gradients ...
12:29 DiffusionOperatorP1: Determine global dofs ...
12:29 DiffusionOperatorP1: Boundary treatment ...
12:29 DiffusionOperatorP1: Assemble system matrix ...
12:29 DiffusionOperatorP1: Calulate gradients of shape functions transformed by reference map ...
12:29 DiffusionOperatorP1: Calculate all local scalar products beween gradients ...
12:29 DiffusionOperatorP1: Determine global dofs ...
12:29 DiffusionOperatorP1: Boundary treatment ...
12:29 DiffusionOperatorP1: Assemble system matrix ...
12:29 L2ProductP1: Integrate the products of the shape functions on each element
12:29 L2ProductP1: Determine global dofs ...
12:29 L2ProductP1: Boundary treatment ...
12:29 L2ProductP1: Assemble system matrix ...
12:29 DiffusionOperatorP1: Calulate gradients of shape functions transformed by reference map ...
12:29 DiffusionOperatorP1: Calculate all local scalar products beween gradients ...
12:29 DiffusionOperatorP1: Determine global dofs ...
12:29 DiffusionOperatorP1: Boundary treatment ...
12:29 DiffusionOperatorP1: Assemble system matrix ...
12:29 L2ProductP1: Integrate the products of the shape functions on each element
12:29 L2ProductP1: Determine global dofs ...
12:29 L2ProductP1: Boundary treatment ...
12:29 L2ProductP1: Assemble system matrix ...
12:29 DiffusionOperatorP1: Calulate gradients of shape functions transformed by reference map ...
12:29 DiffusionOperatorP1: Calculate all local scalar products beween gradients ...
12:29 DiffusionOperatorP1: Determine global dofs ...
12:29 DiffusionOperatorP1: Boundary treatment ...
12:29 DiffusionOperatorP1: Assemble system matrix ...
</system-err></testcase><testcase classname="src.pymortests.algorithms.basic" file="src/pymortests/algorithms/basic.py" line="41" name="test_almost_equal_product[&lt;lambda&gt;17]" time="0.0635519027709961"><system-err>12:29 DiffusionOperatorP1: Calulate gradients of shape functions transformed by reference map ...
12:29 DiffusionOperatorP1: Calculate all local scalar products beween gradients ...
12:29 DiffusionOperatorP1: Determine global dofs ...
12:29 DiffusionOperatorP1: Boundary treatment ...
12:29 DiffusionOperatorP1: Assemble system matrix ...
12:29 DiffusionOperatorP1: Calulate gradients of shape functions transformed by reference map ...
12:29 DiffusionOperatorP1: Calculate all local scalar products beween gradients ...
12:29 DiffusionOperatorP1: Determine global dofs ...
12:29 DiffusionOperatorP1: Boundary treatment ...
12:29 DiffusionOperatorP1: Assemble system matrix ...
12:29 L2ProductP1: Integrate the products of the shape functions on each element
12:29 L2ProductP1: Determine global dofs ...
12:29 L2ProductP1: Boundary treatment ...
12:29 L2ProductP1: Assemble system matrix ...
12:29 DiffusionOperatorP1: Calulate gradients of shape functions transformed by reference map ...
12:29 DiffusionOperatorP1: Calculate all local scalar products beween gradients ...
12:29 DiffusionOperatorP1: Determine global dofs ...
12:29 DiffusionOperatorP1: Boundary treatment ...
12:29 DiffusionOperatorP1: Assemble system matrix ...
12:29 L2ProductP1: Integrate the products of the shape functions on each element
12:29 L2ProductP1: Determine global dofs ...
12:29 L2ProductP1: Boundary treatment ...
12:29 L2ProductP1: Assemble system matrix ...
12:29 DiffusionOperatorP1: Calulate gradients of shape functions transformed by reference map ...
12:29 DiffusionOperatorP1: Calculate all local scalar products beween gradients ...
12:29 DiffusionOperatorP1: Determine global dofs ...
12:29 DiffusionOperatorP1: Boundary treatment ...
12:29 DiffusionOperatorP1: Assemble system matrix ...
</system-err></testcase><testcase classname="src.pymortests.algorithms.basic" file="src/pymortests/algorithms/basic.py" line="41" name="test_almost_equal_product[&lt;lambda&gt;18]" time="0.07529926300048828"><system-err>12:29 DiffusionOperatorP1: Calulate gradients of shape functions transformed by reference map ...
12:29 DiffusionOperatorP1: Calculate all local scalar products beween gradients ...
12:29 DiffusionOperatorP1: Determine global dofs ...
12:29 DiffusionOperatorP1: Boundary treatment ...
12:29 DiffusionOperatorP1: Assemble system matrix ...
12:29 DiffusionOperatorP1: Calulate gradients of shape functions transformed by reference map ...
12:29 DiffusionOperatorP1: Calculate all local scalar products beween gradients ...
12:29 DiffusionOperatorP1: Determine global dofs ...
12:29 DiffusionOperatorP1: Boundary treatment ...
12:29 DiffusionOperatorP1: Assemble system matrix ...
12:29 DiffusionOperatorP1: Calulate gradients of shape functions transformed by reference map ...
12:29 DiffusionOperatorP1: Calculate all local scalar products beween gradients ...
12:29 DiffusionOperatorP1: Determine global dofs ...
12:29 DiffusionOperatorP1: Boundary treatment ...
12:29 DiffusionOperatorP1: Assemble system matrix ...
12:29 DiffusionOperatorP1: Calulate gradients of shape functions transformed by reference map ...
12:29 DiffusionOperatorP1: Calculate all local scalar products beween gradients ...
12:29 DiffusionOperatorP1: Determine global dofs ...
12:29 DiffusionOperatorP1: Boundary treatment ...
12:29 DiffusionOperatorP1: Assemble system matrix ...
12:29 DiffusionOperatorP1: Calulate gradients of shape functions transformed by reference map ...
12:29 DiffusionOperatorP1: Calculate all local scalar products beween gradients ...
12:29 DiffusionOperatorP1: Determine global dofs ...
12:29 DiffusionOperatorP1: Boundary treatment ...
12:29 DiffusionOperatorP1: Assemble system matrix ...
12:29 L2ProductP1: Integrate the products of the shape functions on each element
12:29 L2ProductP1: Determine global dofs ...
12:29 L2ProductP1: Boundary treatment ...
12:29 L2ProductP1: Assemble system matrix ...
12:29 DiffusionOperatorP1: Calulate gradients of shape functions transformed by reference map ...
12:29 DiffusionOperatorP1: Calculate all local scalar products beween gradients ...
12:29 DiffusionOperatorP1: Determine global dofs ...
12:29 DiffusionOperatorP1: Boundary treatment ...
12:29 DiffusionOperatorP1: Assemble system matrix ...
12:29 L2ProductP1: Integrate the products of the shape functions on each element
12:29 L2ProductP1: Determine global dofs ...
12:29 L2ProductP1: Boundary treatment ...
12:29 L2ProductP1: Assemble system matrix ...
12:29 DiffusionOperatorP1: Calulate gradients of shape functions transformed by reference map ...
12:29 DiffusionOperatorP1: Calculate all local scalar products beween gradients ...
12:29 DiffusionOperatorP1: Determine global dofs ...
12:29 DiffusionOperatorP1: Boundary treatment ...
12:29 DiffusionOperatorP1: Assemble system matrix ...
</system-err></testcase><testcase classname="src.pymortests.algorithms.basic" file="src/pymortests/algorithms/basic.py" line="41" name="test_almost_equal_product[&lt;lambda&gt;19]" time="0.06918215751647949"><system-err>12:29 DiffusionOperatorP1: Calulate gradients of shape functions transformed by reference map ...
12:29 DiffusionOperatorP1: Calculate all local scalar products beween gradients ...
12:29 DiffusionOperatorP1: Determine global dofs ...
12:29 DiffusionOperatorP1: Boundary treatment ...
12:29 DiffusionOperatorP1: Assemble system matrix ...
12:29 DiffusionOperatorP1: Calulate gradients of shape functions transformed by reference map ...
12:29 DiffusionOperatorP1: Calculate all local scalar products beween gradients ...
12:29 DiffusionOperatorP1: Determine global dofs ...
12:29 DiffusionOperatorP1: Boundary treatment ...
12:29 DiffusionOperatorP1: Assemble system matrix ...
12:29 L2ProductP1: Integrate the products of the shape functions on each element
12:29 L2ProductP1: Determine global dofs ...
12:29 L2ProductP1: Boundary treatment ...
12:29 L2ProductP1: Assemble system matrix ...
12:29 DiffusionOperatorP1: Calulate gradients of shape functions transformed by reference map ...
12:29 DiffusionOperatorP1: Calculate all local scalar products beween gradients ...
12:29 DiffusionOperatorP1: Determine global dofs ...
12:29 DiffusionOperatorP1: Boundary treatment ...
12:29 DiffusionOperatorP1: Assemble system matrix ...
12:29 L2ProductP1: Integrate the products of the shape functions on each element
12:29 L2ProductP1: Determine global dofs ...
12:29 L2ProductP1: Boundary treatment ...
12:29 L2ProductP1: Assemble system matrix ...
12:29 DiffusionOperatorP1: Calulate gradients of shape functions transformed by reference map ...
12:29 DiffusionOperatorP1: Calculate all local scalar products beween gradients ...
12:29 DiffusionOperatorP1: Determine global dofs ...
12:29 DiffusionOperatorP1: Boundary treatment ...
12:29 DiffusionOperatorP1: Assemble system matrix ...
</system-err></testcase><testcase classname="src.pymortests.algorithms.basic" file="src/pymortests/algorithms/basic.py" line="41" name="test_almost_equal_product[&lt;lambda&gt;20]" time="0.07409858703613281"><system-err>12:29 DiffusionOperatorP1: Calulate gradients of shape functions transformed by reference map ...
12:29 DiffusionOperatorP1: Calculate all local scalar products beween gradients ...
12:29 DiffusionOperatorP1: Determine global dofs ...
12:29 DiffusionOperatorP1: Boundary treatment ...
12:29 DiffusionOperatorP1: Assemble system matrix ...
12:29 DiffusionOperatorP1: Calulate gradients of shape functions transformed by reference map ...
12:29 DiffusionOperatorP1: Calculate all local scalar products beween gradients ...
12:29 DiffusionOperatorP1: Determine global dofs ...
12:29 DiffusionOperatorP1: Boundary treatment ...
12:29 DiffusionOperatorP1: Assemble system matrix ...
12:29 DiffusionOperatorP1: Calulate gradients of shape functions transformed by reference map ...
12:29 DiffusionOperatorP1: Calculate all local scalar products beween gradients ...
12:29 DiffusionOperatorP1: Determine global dofs ...
12:29 DiffusionOperatorP1: Boundary treatment ...
12:29 DiffusionOperatorP1: Assemble system matrix ...
12:29 DiffusionOperatorP1: Calulate gradients of shape functions transformed by reference map ...
12:29 DiffusionOperatorP1: Calculate all local scalar products beween gradients ...
12:29 DiffusionOperatorP1: Determine global dofs ...
12:29 DiffusionOperatorP1: Boundary treatment ...
12:29 DiffusionOperatorP1: Assemble system matrix ...
12:29 DiffusionOperatorP1: Calulate gradients of shape functions transformed by reference map ...
12:29 DiffusionOperatorP1: Calculate all local scalar products beween gradients ...
12:29 DiffusionOperatorP1: Determine global dofs ...
12:29 DiffusionOperatorP1: Boundary treatment ...
12:29 DiffusionOperatorP1: Assemble system matrix ...
12:29 L2ProductP1: Integrate the products of the shape functions on each element
12:29 L2ProductP1: Determine global dofs ...
12:29 L2ProductP1: Boundary treatment ...
12:29 L2ProductP1: Assemble system matrix ...
12:29 DiffusionOperatorP1: Calulate gradients of shape functions transformed by reference map ...
12:29 DiffusionOperatorP1: Calculate all local scalar products beween gradients ...
12:29 DiffusionOperatorP1: Determine global dofs ...
12:29 DiffusionOperatorP1: Boundary treatment ...
12:29 DiffusionOperatorP1: Assemble system matrix ...
12:29 L2ProductP1: Integrate the products of the shape functions on each element
12:29 L2ProductP1: Determine global dofs ...
12:29 L2ProductP1: Boundary treatment ...
12:29 L2ProductP1: Assemble system matrix ...
12:29 DiffusionOperatorP1: Calulate gradients of shape functions transformed by reference map ...
12:29 DiffusionOperatorP1: Calculate all local scalar products beween gradients ...
12:29 DiffusionOperatorP1: Determine global dofs ...
12:29 DiffusionOperatorP1: Boundary treatment ...
12:29 DiffusionOperatorP1: Assemble system matrix ...
</system-err></testcase><testcase classname="src.pymortests.algorithms.basic" file="src/pymortests/algorithms/basic.py" line="41" name="test_almost_equal_product[&lt;lambda&gt;21]" time="0.07068443298339844"><system-err>12:29 DiffusionOperatorP1: Calulate gradients of shape functions transformed by reference map ...
12:29 DiffusionOperatorP1: Calculate all local scalar products beween gradients ...
12:29 DiffusionOperatorP1: Determine global dofs ...
12:29 DiffusionOperatorP1: Boundary treatment ...
12:29 DiffusionOperatorP1: Assemble system matrix ...
12:29 DiffusionOperatorP1: Calulate gradients of shape functions transformed by reference map ...
12:29 DiffusionOperatorP1: Calculate all local scalar products beween gradients ...
12:29 DiffusionOperatorP1: Determine global dofs ...
12:29 DiffusionOperatorP1: Boundary treatment ...
12:29 DiffusionOperatorP1: Assemble system matrix ...
12:29 L2ProductP1: Integrate the products of the shape functions on each element
12:29 L2ProductP1: Determine global dofs ...
12:29 L2ProductP1: Boundary treatment ...
12:29 L2ProductP1: Assemble system matrix ...
12:29 DiffusionOperatorP1: Calulate gradients of shape functions transformed by reference map ...
12:29 DiffusionOperatorP1: Calculate all local scalar products beween gradients ...
12:29 DiffusionOperatorP1: Determine global dofs ...
12:29 DiffusionOperatorP1: Boundary treatment ...
12:29 DiffusionOperatorP1: Assemble system matrix ...
12:29 L2ProductP1: Integrate the products of the shape functions on each element
12:29 L2ProductP1: Determine global dofs ...
12:29 L2ProductP1: Boundary treatment ...
12:29 L2ProductP1: Assemble system matrix ...
12:29 DiffusionOperatorP1: Calulate gradients of shape functions transformed by reference map ...
12:29 DiffusionOperatorP1: Calculate all local scalar products beween gradients ...
12:29 DiffusionOperatorP1: Determine global dofs ...
12:29 DiffusionOperatorP1: Boundary treatment ...
12:29 DiffusionOperatorP1: Assemble system matrix ...
</system-err></testcase><testcase classname="src.pymortests.algorithms.basic" file="src/pymortests/algorithms/basic.py" line="41" name="test_almost_equal_product[&lt;lambda&gt;22]" time="0.07322382926940918"><system-err>12:30 DiffusionOperatorP1: Calulate gradients of shape functions transformed by reference map ...
12:30 DiffusionOperatorP1: Calculate all local scalar products beween gradients ...
12:30 DiffusionOperatorP1: Determine global dofs ...
12:30 DiffusionOperatorP1: Boundary treatment ...
12:30 DiffusionOperatorP1: Assemble system matrix ...
12:30 DiffusionOperatorP1: Calulate gradients of shape functions transformed by reference map ...
12:30 DiffusionOperatorP1: Calculate all local scalar products beween gradients ...
12:30 DiffusionOperatorP1: Determine global dofs ...
12:30 DiffusionOperatorP1: Boundary treatment ...
12:30 DiffusionOperatorP1: Assemble system matrix ...
12:30 DiffusionOperatorP1: Calulate gradients of shape functions transformed by reference map ...
12:30 DiffusionOperatorP1: Calculate all local scalar products beween gradients ...
12:30 DiffusionOperatorP1: Determine global dofs ...
12:30 DiffusionOperatorP1: Boundary treatment ...
12:30 DiffusionOperatorP1: Assemble system matrix ...
12:30 DiffusionOperatorP1: Calulate gradients of shape functions transformed by reference map ...
12:30 DiffusionOperatorP1: Calculate all local scalar products beween gradients ...
12:30 DiffusionOperatorP1: Determine global dofs ...
12:30 DiffusionOperatorP1: Boundary treatment ...
12:30 DiffusionOperatorP1: Assemble system matrix ...
12:30 DiffusionOperatorP1: Calulate gradients of shape functions transformed by reference map ...
12:30 DiffusionOperatorP1: Calculate all local scalar products beween gradients ...
12:30 DiffusionOperatorP1: Determine global dofs ...
12:30 DiffusionOperatorP1: Boundary treatment ...
12:30 DiffusionOperatorP1: Assemble system matrix ...
12:30 L2ProductP1: Integrate the products of the shape functions on each element
12:30 L2ProductP1: Determine global dofs ...
12:30 L2ProductP1: Boundary treatment ...
12:30 L2ProductP1: Assemble system matrix ...
12:30 DiffusionOperatorP1: Calulate gradients of shape functions transformed by reference map ...
12:30 DiffusionOperatorP1: Calculate all local scalar products beween gradients ...
12:30 DiffusionOperatorP1: Determine global dofs ...
12:30 DiffusionOperatorP1: Boundary treatment ...
12:30 DiffusionOperatorP1: Assemble system matrix ...
12:30 L2ProductP1: Integrate the products of the shape functions on each element
12:30 L2ProductP1: Determine global dofs ...
12:30 L2ProductP1: Boundary treatment ...
12:30 L2ProductP1: Assemble system matrix ...
12:30 DiffusionOperatorP1: Calulate gradients of shape functions transformed by reference map ...
12:30 DiffusionOperatorP1: Calculate all local scalar products beween gradients ...
12:30 DiffusionOperatorP1: Determine global dofs ...
12:30 DiffusionOperatorP1: Boundary treatment ...
12:30 DiffusionOperatorP1: Assemble system matrix ...
</system-err></testcase><testcase classname="src.pymortests.algorithms.basic" file="src/pymortests/algorithms/basic.py" line="41" name="test_almost_equal_product[&lt;lambda&gt;23]" time="0.0699605941772461"><system-err>12:30 DiffusionOperatorP1: Calulate gradients of shape functions transformed by reference map ...
12:30 DiffusionOperatorP1: Calculate all local scalar products beween gradients ...
12:30 DiffusionOperatorP1: Determine global dofs ...
12:30 DiffusionOperatorP1: Boundary treatment ...
12:30 DiffusionOperatorP1: Assemble system matrix ...
12:30 DiffusionOperatorP1: Calulate gradients of shape functions transformed by reference map ...
12:30 DiffusionOperatorP1: Calculate all local scalar products beween gradients ...
12:30 DiffusionOperatorP1: Determine global dofs ...
12:30 DiffusionOperatorP1: Boundary treatment ...
12:30 DiffusionOperatorP1: Assemble system matrix ...
12:30 L2ProductP1: Integrate the products of the shape functions on each element
12:30 L2ProductP1: Determine global dofs ...
12:30 L2ProductP1: Boundary treatment ...
12:30 L2ProductP1: Assemble system matrix ...
12:30 DiffusionOperatorP1: Calulate gradients of shape functions transformed by reference map ...
12:30 DiffusionOperatorP1: Calculate all local scalar products beween gradients ...
12:30 DiffusionOperatorP1: Determine global dofs ...
12:30 DiffusionOperatorP1: Boundary treatment ...
12:30 DiffusionOperatorP1: Assemble system matrix ...
12:30 L2ProductP1: Integrate the products of the shape functions on each element
12:30 L2ProductP1: Determine global dofs ...
12:30 L2ProductP1: Boundary treatment ...
12:30 L2ProductP1: Assemble system matrix ...
12:30 DiffusionOperatorP1: Calulate gradients of shape functions transformed by reference map ...
12:30 DiffusionOperatorP1: Calculate all local scalar products beween gradients ...
12:30 DiffusionOperatorP1: Determine global dofs ...
12:30 DiffusionOperatorP1: Boundary treatment ...
12:30 DiffusionOperatorP1: Assemble system matrix ...
</system-err></testcase><testcase classname="src.pymortests.algorithms.basic" file="src/pymortests/algorithms/basic.py" line="41" name="test_almost_equal_product[&lt;lambda&gt;24]" time="0.04752612113952637"></testcase><testcase classname="src.pymortests.algorithms.basic" file="src/pymortests/algorithms/basic.py" line="41" name="test_almost_equal_product[&lt;lambda&gt;25]" time="0.0463404655456543"></testcase><testcase classname="src.pymortests.algorithms.basic" file="src/pymortests/algorithms/basic.py" line="41" name="test_almost_equal_product[&lt;lambda&gt;26]" time="0.04618716239929199"></testcase><testcase classname="src.pymortests.algorithms.basic" file="src/pymortests/algorithms/basic.py" line="41" name="test_almost_equal_product[&lt;lambda&gt;27]" time="0.043735504150390625"></testcase><testcase classname="src.pymortests.algorithms.basic" file="src/pymortests/algorithms/basic.py" line="41" name="test_almost_equal_product[&lt;lambda&gt;28]" time="0.04236483573913574"></testcase><testcase classname="src.pymortests.algorithms.basic" file="src/pymortests/algorithms/basic.py" line="41" name="test_almost_equal_product[&lt;lambda&gt;29]" time="0.041962623596191406"></testcase><testcase classname="src.pymortests.algorithms.basic" file="src/pymortests/algorithms/basic.py" line="41" name="test_almost_equal_product[&lt;lambda&gt;30]" time="0.042551279067993164"></testcase><testcase classname="src.pymortests.algorithms.basic" file="src/pymortests/algorithms/basic.py" line="41" name="test_almost_equal_product[&lt;lambda&gt;31]" time="0.04161357879638672"></testcase><testcase classname="src.pymortests.algorithms.basic" file="src/pymortests/algorithms/basic.py" line="41" name="test_almost_equal_product[&lt;lambda&gt;32]" time="0.14311528205871582"></testcase><testcase classname="src.pymortests.algorithms.basic" file="src/pymortests/algorithms/basic.py" line="41" name="test_almost_equal_product[&lt;lambda&gt;33]" time="0.11258482933044434"></testcase><testcase classname="src.pymortests.algorithms.basic" file="src/pymortests/algorithms/basic.py" line="41" name="test_almost_equal_product[&lt;lambda&gt;34]" time="0.04484105110168457"></testcase><testcase classname="src.pymortests.algorithms.basic" file="src/pymortests/algorithms/basic.py" line="41" name="test_almost_equal_product[&lt;lambda&gt;35]" time="0.11038947105407715"></testcase><testcase classname="src.pymortests.algorithms.basic" file="src/pymortests/algorithms/basic.py" line="41" name="test_almost_equal_product[&lt;lambda&gt;36]" time="0.04716801643371582"></testcase><testcase classname="src.pymortests.algorithms.basic" file="src/pymortests/algorithms/basic.py" line="64" name="test_almost_equal_self[0-&lt;lambda&gt;0]" time="0.01689934730529785"></testcase><testcase classname="src.pymortests.algorithms.basic" file="src/pymortests/algorithms/basic.py" line="64" name="test_almost_equal_self[0-&lt;lambda&gt;1]" time="0.01790165901184082"></testcase><testcase classname="src.pymortests.algorithms.basic" file="src/pymortests/algorithms/basic.py" line="64" name="test_almost_equal_self[0-&lt;lambda&gt;2]" time="0.13353943824768066"></testcase><testcase classname="src.pymortests.algorithms.basic" file="src/pymortests/algorithms/basic.py" line="64" name="test_almost_equal_self[0-&lt;lambda&gt;3]" time="0.2097311019897461"></testcase><testcase classname="src.pymortests.algorithms.basic" file="src/pymortests/algorithms/basic.py" line="64" name="test_almost_equal_self[0-&lt;lambda&gt;4]" time="0.03891491889953613"></testcase><testcase classname="src.pymortests.algorithms.basic" file="src/pymortests/algorithms/basic.py" line="64" name="test_almost_equal_self[0-&lt;lambda&gt;5]" time="0.014964580535888672"></testcase><testcase classname="src.pymortests.algorithms.basic" file="src/pymortests/algorithms/basic.py" line="64" name="test_almost_equal_self[0-&lt;lambda&gt;6]" time="0.01485753059387207"></testcase><testcase classname="src.pymortests.algorithms.basic" file="src/pymortests/algorithms/basic.py" line="64" name="test_almost_equal_self[0-&lt;lambda&gt;7]" time="0.22234034538269043"></testcase><testcase classname="src.pymortests.algorithms.basic" file="src/pymortests/algorithms/basic.py" line="64" name="test_almost_equal_self[0-&lt;lambda&gt;8]" time="1.5040912628173828"></testcase><testcase classname="src.pymortests.algorithms.basic" file="src/pymortests/algorithms/basic.py" line="64" name="test_almost_equal_self[0-&lt;lambda&gt;9]" time="0.2518806457519531"></testcase><testcase classname="src.pymortests.algorithms.basic" file="src/pymortests/algorithms/basic.py" line="64" name="test_almost_equal_self[0-&lt;lambda&gt;10]" time="0.03441500663757324"></testcase><testcase classname="src.pymortests.algorithms.basic" file="src/pymortests/algorithms/basic.py" line="64" name="test_almost_equal_self[0-&lt;lambda&gt;11]" time="0.39074110984802246"></testcase><testcase classname="src.pymortests.algorithms.basic" file="src/pymortests/algorithms/basic.py" line="64" name="test_almost_equal_self[0-&lt;lambda&gt;12]" time="0.057193756103515625"></testcase><testcase classname="src.pymortests.algorithms.basic" file="src/pymortests/algorithms/basic.py" line="64" name="test_almost_equal_self[0-&lt;lambda&gt;13]" time="0.2094879150390625"></testcase><testcase classname="src.pymortests.algorithms.basic" file="src/pymortests/algorithms/basic.py" line="64" name="test_almost_equal_self[0-&lt;lambda&gt;14]" time="0.37439846992492676"></testcase><testcase classname="src.pymortests.algorithms.basic" file="src/pymortests/algorithms/basic.py" line="64" name="test_almost_equal_self[0-&lt;lambda&gt;15]" time="0.6325926780700684"></testcase><testcase classname="src.pymortests.algorithms.basic" file="src/pymortests/algorithms/basic.py" line="64" name="test_almost_equal_self[0-&lt;lambda&gt;16]" time="0.7153353691101074"></testcase><testcase classname="src.pymortests.algorithms.basic" file="src/pymortests/algorithms/basic.py" line="64" name="test_almost_equal_self[0-&lt;lambda&gt;17]" time="0.0416257381439209"></testcase><testcase classname="src.pymortests.algorithms.basic" file="src/pymortests/algorithms/basic.py" line="64" name="test_almost_equal_self[0-&lt;lambda&gt;18]" time="0.04244804382324219"></testcase><testcase classname="src.pymortests.algorithms.basic" file="src/pymortests/algorithms/basic.py" line="64" name="test_almost_equal_self[0-&lt;lambda&gt;19]" time="1.349205732345581"></testcase><testcase classname="src.pymortests.algorithms.basic" file="src/pymortests/algorithms/basic.py" line="64" name="test_almost_equal_self[0-&lt;lambda&gt;20]" time="4.086036682128906"></testcase><testcase classname="src.pymortests.algorithms.basic" file="src/pymortests/algorithms/basic.py" line="64" name="test_almost_equal_self[0-&lt;lambda&gt;21]" time="9.42317795753479"></testcase><testcase classname="src.pymortests.algorithms.basic" file="src/pymortests/algorithms/basic.py" line="64" name="test_almost_equal_self[0-&lt;lambda&gt;22]" time="0.015515804290771484"></testcase><testcase classname="src.pymortests.algorithms.basic" file="src/pymortests/algorithms/basic.py" line="64" name="test_almost_equal_self[0-&lt;lambda&gt;23]" time="0.015151500701904297"></testcase><testcase classname="src.pymortests.algorithms.basic" file="src/pymortests/algorithms/basic.py" line="64" name="test_almost_equal_self[0-&lt;lambda&gt;24]" time="3.5378146171569824"></testcase><testcase classname="src.pymortests.algorithms.basic" file="src/pymortests/algorithms/basic.py" line="64" name="test_almost_equal_self[0-&lt;lambda&gt;25]" time="49.71456003189087"></testcase><testcase classname="src.pymortests.algorithms.basic" file="src/pymortests/algorithms/basic.py" line="64" name="test_almost_equal_self[0-&lt;lambda&gt;26]" time="7.226972579956055"></testcase><testcase classname="src.pymortests.algorithms.basic" file="src/pymortests/algorithms/basic.py" line="64" name="test_almost_equal_self[1-&lt;lambda&gt;0]" time="0.01682114601135254"></testcase><testcase classname="src.pymortests.algorithms.basic" file="src/pymortests/algorithms/basic.py" line="64" name="test_almost_equal_self[1-&lt;lambda&gt;1]" time="0.01784539222717285"></testcase><testcase classname="src.pymortests.algorithms.basic" file="src/pymortests/algorithms/basic.py" line="64" name="test_almost_equal_self[1-&lt;lambda&gt;2]" time="0.13241291046142578"></testcase><testcase classname="src.pymortests.algorithms.basic" file="src/pymortests/algorithms/basic.py" line="64" name="test_almost_equal_self[1-&lt;lambda&gt;3]" time="0.20992493629455566"></testcase><testcase classname="src.pymortests.algorithms.basic" file="src/pymortests/algorithms/basic.py" line="64" name="test_almost_equal_self[1-&lt;lambda&gt;4]" time="0.03827643394470215"></testcase><testcase classname="src.pymortests.algorithms.basic" file="src/pymortests/algorithms/basic.py" line="64" name="test_almost_equal_self[1-&lt;lambda&gt;5]" time="0.015342473983764648"></testcase><testcase classname="src.pymortests.algorithms.basic" file="src/pymortests/algorithms/basic.py" line="64" name="test_almost_equal_self[1-&lt;lambda&gt;6]" time="0.01542353630065918"></testcase><testcase classname="src.pymortests.algorithms.basic" file="src/pymortests/algorithms/basic.py" line="64" name="test_almost_equal_self[1-&lt;lambda&gt;7]" time="0.22329044342041016"></testcase><testcase classname="src.pymortests.algorithms.basic" file="src/pymortests/algorithms/basic.py" line="64" name="test_almost_equal_self[1-&lt;lambda&gt;8]" time="1.5152454376220703"></testcase><testcase classname="src.pymortests.algorithms.basic" file="src/pymortests/algorithms/basic.py" line="64" name="test_almost_equal_self[1-&lt;lambda&gt;9]" time="0.25200819969177246"></testcase><testcase classname="src.pymortests.algorithms.basic" file="src/pymortests/algorithms/basic.py" line="64" name="test_almost_equal_self[1-&lt;lambda&gt;10]" time="0.03453207015991211"></testcase><testcase classname="src.pymortests.algorithms.basic" file="src/pymortests/algorithms/basic.py" line="64" name="test_almost_equal_self[1-&lt;lambda&gt;11]" time="0.3918919563293457"></testcase><testcase classname="src.pymortests.algorithms.basic" file="src/pymortests/algorithms/basic.py" line="64" name="test_almost_equal_self[1-&lt;lambda&gt;12]" time="0.058585405349731445"></testcase><testcase classname="src.pymortests.algorithms.basic" file="src/pymortests/algorithms/basic.py" line="64" name="test_almost_equal_self[1-&lt;lambda&gt;13]" time="0.21435952186584473"></testcase><testcase classname="src.pymortests.algorithms.basic" file="src/pymortests/algorithms/basic.py" line="64" name="test_almost_equal_self[1-&lt;lambda&gt;14]" time="0.37293434143066406"></testcase><testcase classname="src.pymortests.algorithms.basic" file="src/pymortests/algorithms/basic.py" line="64" name="test_almost_equal_self[1-&lt;lambda&gt;15]" time="0.6344082355499268"></testcase><testcase classname="src.pymortests.algorithms.basic" file="src/pymortests/algorithms/basic.py" line="64" name="test_almost_equal_self[1-&lt;lambda&gt;16]" time="0.7136654853820801"></testcase><testcase classname="src.pymortests.algorithms.basic" file="src/pymortests/algorithms/basic.py" line="64" name="test_almost_equal_self[1-&lt;lambda&gt;17]" time="0.04214930534362793"></testcase><testcase classname="src.pymortests.algorithms.basic" file="src/pymortests/algorithms/basic.py" line="64" name="test_almost_equal_self[1-&lt;lambda&gt;18]" time="0.043028831481933594"></testcase><testcase classname="src.pymortests.algorithms.basic" file="src/pymortests/algorithms/basic.py" line="64" name="test_almost_equal_self[1-&lt;lambda&gt;19]" time="1.3751189708709717"></testcase><testcase classname="src.pymortests.algorithms.basic" file="src/pymortests/algorithms/basic.py" line="64" name="test_almost_equal_self[1-&lt;lambda&gt;20]" time="4.131097316741943"></testcase><testcase classname="src.pymortests.algorithms.basic" file="src/pymortests/algorithms/basic.py" line="64" name="test_almost_equal_self[1-&lt;lambda&gt;21]" time="9.139804363250732"></testcase><testcase classname="src.pymortests.algorithms.basic" file="src/pymortests/algorithms/basic.py" line="64" name="test_almost_equal_self[1-&lt;lambda&gt;22]" time="0.01591944694519043"></testcase><testcase classname="src.pymortests.algorithms.basic" file="src/pymortests/algorithms/basic.py" line="64" name="test_almost_equal_self[1-&lt;lambda&gt;23]" time="0.01640462875366211"></testcase><testcase classname="src.pymortests.algorithms.basic" file="src/pymortests/algorithms/basic.py" line="64" name="test_almost_equal_self[1-&lt;lambda&gt;24]" time="3.558326005935669"></testcase><testcase classname="src.pymortests.algorithms.basic" file="src/pymortests/algorithms/basic.py" line="64" name="test_almost_equal_self[1-&lt;lambda&gt;25]" time="50.4576358795166"></testcase><testcase classname="src.pymortests.algorithms.basic" file="src/pymortests/algorithms/basic.py" line="64" name="test_almost_equal_self[1-&lt;lambda&gt;26]" time="7.124347448348999"></testcase><testcase classname="src.pymortests.algorithms.basic" file="src/pymortests/algorithms/basic.py" line="64" name="test_almost_equal_self[2-&lt;lambda&gt;0]" time="0.015842199325561523"></testcase><testcase classname="src.pymortests.algorithms.basic" file="src/pymortests/algorithms/basic.py" line="64" name="test_almost_equal_self[2-&lt;lambda&gt;1]" time="0.017046689987182617"></testcase><testcase classname="src.pymortests.algorithms.basic" file="src/pymortests/algorithms/basic.py" line="64" name="test_almost_equal_self[2-&lt;lambda&gt;2]" time="0.13432598114013672"></testcase><testcase classname="src.pymortests.algorithms.basic" file="src/pymortests/algorithms/basic.py" line="64" name="test_almost_equal_self[2-&lt;lambda&gt;3]" time="0.2051994800567627"></testcase><testcase classname="src.pymortests.algorithms.basic" file="src/pymortests/algorithms/basic.py" line="64" name="test_almost_equal_self[2-&lt;lambda&gt;4]" time="0.03655290603637695"></testcase><testcase classname="src.pymortests.algorithms.basic" file="src/pymortests/algorithms/basic.py" line="64" name="test_almost_equal_self[2-&lt;lambda&gt;5]" time="0.013866424560546875"></testcase><testcase classname="src.pymortests.algorithms.basic" file="src/pymortests/algorithms/basic.py" line="64" name="test_almost_equal_self[2-&lt;lambda&gt;6]" time="0.013699054718017578"></testcase><testcase classname="src.pymortests.algorithms.basic" file="src/pymortests/algorithms/basic.py" line="64" name="test_almost_equal_self[2-&lt;lambda&gt;7]" time="0.21961498260498047"></testcase><testcase classname="src.pymortests.algorithms.basic" file="src/pymortests/algorithms/basic.py" line="64" name="test_almost_equal_self[2-&lt;lambda&gt;8]" time="1.508709192276001"></testcase><testcase classname="src.pymortests.algorithms.basic" file="src/pymortests/algorithms/basic.py" line="64" name="test_almost_equal_self[2-&lt;lambda&gt;9]" time="0.25283241271972656"></testcase><testcase classname="src.pymortests.algorithms.basic" file="src/pymortests/algorithms/basic.py" line="64" name="test_almost_equal_self[2-&lt;lambda&gt;10]" time="0.03388261795043945"></testcase><testcase classname="src.pymortests.algorithms.basic" file="src/pymortests/algorithms/basic.py" line="64" name="test_almost_equal_self[2-&lt;lambda&gt;11]" time="0.38852810859680176"></testcase><testcase classname="src.pymortests.algorithms.basic" file="src/pymortests/algorithms/basic.py" line="64" name="test_almost_equal_self[2-&lt;lambda&gt;12]" time="0.05644035339355469"></testcase><testcase classname="src.pymortests.algorithms.basic" file="src/pymortests/algorithms/basic.py" line="64" name="test_almost_equal_self[2-&lt;lambda&gt;13]" time="0.2089827060699463"></testcase><testcase classname="src.pymortests.algorithms.basic" file="src/pymortests/algorithms/basic.py" line="64" name="test_almost_equal_self[2-&lt;lambda&gt;14]" time="0.3779597282409668"></testcase><testcase classname="src.pymortests.algorithms.basic" file="src/pymortests/algorithms/basic.py" line="64" name="test_almost_equal_self[2-&lt;lambda&gt;15]" time="0.6264736652374268"></testcase><testcase classname="src.pymortests.algorithms.basic" file="src/pymortests/algorithms/basic.py" line="64" name="test_almost_equal_self[2-&lt;lambda&gt;16]" time="0.7105751037597656"></testcase><testcase classname="src.pymortests.algorithms.basic" file="src/pymortests/algorithms/basic.py" line="64" name="test_almost_equal_self[2-&lt;lambda&gt;17]" time="0.041829586029052734"></testcase><testcase classname="src.pymortests.algorithms.basic" file="src/pymortests/algorithms/basic.py" line="64" name="test_almost_equal_self[2-&lt;lambda&gt;18]" time="0.042261362075805664"></testcase><testcase classname="src.pymortests.algorithms.basic" file="src/pymortests/algorithms/basic.py" line="64" name="test_almost_equal_self[2-&lt;lambda&gt;19]" time="1.3703100681304932"></testcase><testcase classname="src.pymortests.algorithms.basic" file="src/pymortests/algorithms/basic.py" line="64" name="test_almost_equal_self[2-&lt;lambda&gt;20]" time="4.070321321487427"></testcase><testcase classname="src.pymortests.algorithms.basic" file="src/pymortests/algorithms/basic.py" line="64" name="test_almost_equal_self[2-&lt;lambda&gt;21]" time="9.1744863986969"></testcase><testcase classname="src.pymortests.algorithms.basic" file="src/pymortests/algorithms/basic.py" line="64" name="test_almost_equal_self[2-&lt;lambda&gt;22]" time="0.015181303024291992"></testcase><testcase classname="src.pymortests.algorithms.basic" file="src/pymortests/algorithms/basic.py" line="64" name="test_almost_equal_self[2-&lt;lambda&gt;23]" time="0.015131473541259766"></testcase><testcase classname="src.pymortests.algorithms.basic" file="src/pymortests/algorithms/basic.py" line="64" name="test_almost_equal_self[2-&lt;lambda&gt;24]" time="3.585258960723877"></testcase><testcase classname="src.pymortests.algorithms.basic" file="src/pymortests/algorithms/basic.py" line="64" name="test_almost_equal_self[2-&lt;lambda&gt;25]" time="49.820229291915894"></testcase><testcase classname="src.pymortests.algorithms.basic" file="src/pymortests/algorithms/basic.py" line="64" name="test_almost_equal_self[2-&lt;lambda&gt;26]" time="7.179723262786865"></testcase><testcase classname="src.pymortests.algorithms.basic" file="src/pymortests/algorithms/basic.py" line="104" name="test_almost_equal_self_product[&lt;lambda&gt;0]" time="0.27213335037231445"><system-err>16:32 DiffusionOperatorP1: Calulate gradients of shape functions transformed by reference map ...
16:32 DiffusionOperatorP1: Calculate all local scalar products beween gradients ...
16:32 DiffusionOperatorP1: Determine global dofs ...
16:32 DiffusionOperatorP1: Boundary treatment ...
16:32 DiffusionOperatorP1: Assemble system matrix ...
16:32 DiffusionOperatorP1: Calulate gradients of shape functions transformed by reference map ...
16:32 DiffusionOperatorP1: Calculate all local scalar products beween gradients ...
16:32 DiffusionOperatorP1: Determine global dofs ...
16:32 DiffusionOperatorP1: Boundary treatment ...
16:32 DiffusionOperatorP1: Assemble system matrix ...
16:32 DiffusionOperatorP1: Calulate gradients of shape functions transformed by reference map ...
16:32 DiffusionOperatorP1: Calculate all local scalar products beween gradients ...
16:32 DiffusionOperatorP1: Determine global dofs ...
16:32 DiffusionOperatorP1: Boundary treatment ...
16:32 DiffusionOperatorP1: Assemble system matrix ...
16:32 DiffusionOperatorP1: Calulate gradients of shape functions transformed by reference map ...
16:32 DiffusionOperatorP1: Calculate all local scalar products beween gradients ...
16:32 DiffusionOperatorP1: Determine global dofs ...
16:32 DiffusionOperatorP1: Boundary treatment ...
16:32 DiffusionOperatorP1: Assemble system matrix ...
16:32 DiffusionOperatorP1: Calulate gradients of shape functions transformed by reference map ...
16:32 DiffusionOperatorP1: Calculate all local scalar products beween gradients ...
16:32 DiffusionOperatorP1: Determine global dofs ...
16:32 DiffusionOperatorP1: Boundary treatment ...
16:32 DiffusionOperatorP1: Assemble system matrix ...
16:32 L2ProductP1: Integrate the products of the shape functions on each element
16:32 L2ProductP1: Determine global dofs ...
16:32 L2ProductP1: Boundary treatment ...
16:32 L2ProductP1: Assemble system matrix ...
16:32 DiffusionOperatorP1: Calulate gradients of shape functions transformed by reference map ...
16:32 DiffusionOperatorP1: Calculate all local scalar products beween gradients ...
16:32 DiffusionOperatorP1: Determine global dofs ...
16:32 DiffusionOperatorP1: Boundary treatment ...
16:32 DiffusionOperatorP1: Assemble system matrix ...
16:32 L2ProductP1: Integrate the products of the shape functions on each element
16:32 L2ProductP1: Determine global dofs ...
16:32 L2ProductP1: Boundary treatment ...
16:32 L2ProductP1: Assemble system matrix ...
16:32 DiffusionOperatorP1: Calulate gradients of shape functions transformed by reference map ...
16:32 DiffusionOperatorP1: Calculate all local scalar products beween gradients ...
16:32 DiffusionOperatorP1: Determine global dofs ...
16:32 DiffusionOperatorP1: Boundary treatment ...
16:32 DiffusionOperatorP1: Assemble system matrix ...
</system-err></testcase><testcase classname="src.pymortests.algorithms.basic" file="src/pymortests/algorithms/basic.py" line="104" name="test_almost_equal_self_product[&lt;lambda&gt;1]" time="0.2712681293487549"><system-err>16:32 DiffusionOperatorP1: Calulate gradients of shape functions transformed by reference map ...
16:32 DiffusionOperatorP1: Calculate all local scalar products beween gradients ...
16:32 DiffusionOperatorP1: Determine global dofs ...
16:32 DiffusionOperatorP1: Boundary treatment ...
16:32 DiffusionOperatorP1: Assemble system matrix ...
16:32 DiffusionOperatorP1: Calulate gradients of shape functions transformed by reference map ...
16:32 DiffusionOperatorP1: Calculate all local scalar products beween gradients ...
16:32 DiffusionOperatorP1: Determine global dofs ...
16:32 DiffusionOperatorP1: Boundary treatment ...
16:32 DiffusionOperatorP1: Assemble system matrix ...
16:32 L2ProductP1: Integrate the products of the shape functions on each element
16:32 L2ProductP1: Determine global dofs ...
16:32 L2ProductP1: Boundary treatment ...
16:32 L2ProductP1: Assemble system matrix ...
16:32 DiffusionOperatorP1: Calulate gradients of shape functions transformed by reference map ...
16:32 DiffusionOperatorP1: Calculate all local scalar products beween gradients ...
16:32 DiffusionOperatorP1: Determine global dofs ...
16:32 DiffusionOperatorP1: Boundary treatment ...
16:32 DiffusionOperatorP1: Assemble system matrix ...
16:32 L2ProductP1: Integrate the products of the shape functions on each element
16:32 L2ProductP1: Determine global dofs ...
16:32 L2ProductP1: Boundary treatment ...
16:32 L2ProductP1: Assemble system matrix ...
16:32 DiffusionOperatorP1: Calulate gradients of shape functions transformed by reference map ...
16:32 DiffusionOperatorP1: Calculate all local scalar products beween gradients ...
16:32 DiffusionOperatorP1: Determine global dofs ...
16:32 DiffusionOperatorP1: Boundary treatment ...
16:32 DiffusionOperatorP1: Assemble system matrix ...
</system-err></testcase><testcase classname="src.pymortests.algorithms.basic" file="src/pymortests/algorithms/basic.py" line="104" name="test_almost_equal_self_product[&lt;lambda&gt;2]" time="0.27389979362487793"><system-err>16:32 DiffusionOperatorP1: Calulate gradients of shape functions transformed by reference map ...
16:32 DiffusionOperatorP1: Calculate all local scalar products beween gradients ...
16:32 DiffusionOperatorP1: Determine global dofs ...
16:32 DiffusionOperatorP1: Boundary treatment ...
16:32 DiffusionOperatorP1: Assemble system matrix ...
16:32 DiffusionOperatorP1: Calulate gradients of shape functions transformed by reference map ...
16:32 DiffusionOperatorP1: Calculate all local scalar products beween gradients ...
16:32 DiffusionOperatorP1: Determine global dofs ...
16:32 DiffusionOperatorP1: Boundary treatment ...
16:32 DiffusionOperatorP1: Assemble system matrix ...
16:32 DiffusionOperatorP1: Calulate gradients of shape functions transformed by reference map ...
16:32 DiffusionOperatorP1: Calculate all local scalar products beween gradients ...
16:32 DiffusionOperatorP1: Determine global dofs ...
16:32 DiffusionOperatorP1: Boundary treatment ...
16:32 DiffusionOperatorP1: Assemble system matrix ...
16:32 DiffusionOperatorP1: Calulate gradients of shape functions transformed by reference map ...
16:32 DiffusionOperatorP1: Calculate all local scalar products beween gradients ...
16:32 DiffusionOperatorP1: Determine global dofs ...
16:32 DiffusionOperatorP1: Boundary treatment ...
16:32 DiffusionOperatorP1: Assemble system matrix ...
16:32 DiffusionOperatorP1: Calulate gradients of shape functions transformed by reference map ...
16:32 DiffusionOperatorP1: Calculate all local scalar products beween gradients ...
16:32 DiffusionOperatorP1: Determine global dofs ...
16:32 DiffusionOperatorP1: Boundary treatment ...
16:32 DiffusionOperatorP1: Assemble system matrix ...
16:32 L2ProductP1: Integrate the products of the shape functions on each element
16:32 L2ProductP1: Determine global dofs ...
16:32 L2ProductP1: Boundary treatment ...
16:32 L2ProductP1: Assemble system matrix ...
16:32 DiffusionOperatorP1: Calulate gradients of shape functions transformed by reference map ...
16:32 DiffusionOperatorP1: Calculate all local scalar products beween gradients ...
16:32 DiffusionOperatorP1: Determine global dofs ...
16:32 DiffusionOperatorP1: Boundary treatment ...
16:32 DiffusionOperatorP1: Assemble system matrix ...
16:32 L2ProductP1: Integrate the products of the shape functions on each element
16:32 L2ProductP1: Determine global dofs ...
16:32 L2ProductP1: Boundary treatment ...
16:32 L2ProductP1: Assemble system matrix ...
16:32 DiffusionOperatorP1: Calulate gradients of shape functions transformed by reference map ...
16:32 DiffusionOperatorP1: Calculate all local scalar products beween gradients ...
16:32 DiffusionOperatorP1: Determine global dofs ...
16:32 DiffusionOperatorP1: Boundary treatment ...
16:32 DiffusionOperatorP1: Assemble system matrix ...
</system-err></testcase><testcase classname="src.pymortests.algorithms.basic" file="src/pymortests/algorithms/basic.py" line="104" name="test_almost_equal_self_product[&lt;lambda&gt;3]" time="0.27196335792541504"><system-err>16:33 DiffusionOperatorP1: Calulate gradients of shape functions transformed by reference map ...
16:33 DiffusionOperatorP1: Calculate all local scalar products beween gradients ...
16:33 DiffusionOperatorP1: Determine global dofs ...
16:33 DiffusionOperatorP1: Boundary treatment ...
16:33 DiffusionOperatorP1: Assemble system matrix ...
16:33 DiffusionOperatorP1: Calulate gradients of shape functions transformed by reference map ...
16:33 DiffusionOperatorP1: Calculate all local scalar products beween gradients ...
16:33 DiffusionOperatorP1: Determine global dofs ...
16:33 DiffusionOperatorP1: Boundary treatment ...
16:33 DiffusionOperatorP1: Assemble system matrix ...
16:33 L2ProductP1: Integrate the products of the shape functions on each element
16:33 L2ProductP1: Determine global dofs ...
16:33 L2ProductP1: Boundary treatment ...
16:33 L2ProductP1: Assemble system matrix ...
16:33 DiffusionOperatorP1: Calulate gradients of shape functions transformed by reference map ...
16:33 DiffusionOperatorP1: Calculate all local scalar products beween gradients ...
16:33 DiffusionOperatorP1: Determine global dofs ...
16:33 DiffusionOperatorP1: Boundary treatment ...
16:33 DiffusionOperatorP1: Assemble system matrix ...
16:33 L2ProductP1: Integrate the products of the shape functions on each element
16:33 L2ProductP1: Determine global dofs ...
16:33 L2ProductP1: Boundary treatment ...
16:33 L2ProductP1: Assemble system matrix ...
16:33 DiffusionOperatorP1: Calulate gradients of shape functions transformed by reference map ...
16:33 DiffusionOperatorP1: Calculate all local scalar products beween gradients ...
16:33 DiffusionOperatorP1: Determine global dofs ...
16:33 DiffusionOperatorP1: Boundary treatment ...
16:33 DiffusionOperatorP1: Assemble system matrix ...
</system-err></testcase><testcase classname="src.pymortests.algorithms.basic" file="src/pymortests/algorithms/basic.py" line="104" name="test_almost_equal_self_product[&lt;lambda&gt;4]" time="0.270357608795166"><system-err>16:33 DiffusionOperatorP1: Calulate gradients of shape functions transformed by reference map ...
16:33 DiffusionOperatorP1: Calculate all local scalar products beween gradients ...
16:33 DiffusionOperatorP1: Determine global dofs ...
16:33 DiffusionOperatorP1: Boundary treatment ...
16:33 DiffusionOperatorP1: Assemble system matrix ...
16:33 DiffusionOperatorP1: Calulate gradients of shape functions transformed by reference map ...
16:33 DiffusionOperatorP1: Calculate all local scalar products beween gradients ...
16:33 DiffusionOperatorP1: Determine global dofs ...
16:33 DiffusionOperatorP1: Boundary treatment ...
16:33 DiffusionOperatorP1: Assemble system matrix ...
16:33 DiffusionOperatorP1: Calulate gradients of shape functions transformed by reference map ...
16:33 DiffusionOperatorP1: Calculate all local scalar products beween gradients ...
16:33 DiffusionOperatorP1: Determine global dofs ...
16:33 DiffusionOperatorP1: Boundary treatment ...
16:33 DiffusionOperatorP1: Assemble system matrix ...
16:33 DiffusionOperatorP1: Calulate gradients of shape functions transformed by reference map ...
16:33 DiffusionOperatorP1: Calculate all local scalar products beween gradients ...
16:33 DiffusionOperatorP1: Determine global dofs ...
16:33 DiffusionOperatorP1: Boundary treatment ...
16:33 DiffusionOperatorP1: Assemble system matrix ...
16:33 DiffusionOperatorP1: Calulate gradients of shape functions transformed by reference map ...
16:33 DiffusionOperatorP1: Calculate all local scalar products beween gradients ...
16:33 DiffusionOperatorP1: Determine global dofs ...
16:33 DiffusionOperatorP1: Boundary treatment ...
16:33 DiffusionOperatorP1: Assemble system matrix ...
16:33 L2ProductP1: Integrate the products of the shape functions on each element
16:33 L2ProductP1: Determine global dofs ...
16:33 L2ProductP1: Boundary treatment ...
16:33 L2ProductP1: Assemble system matrix ...
16:33 DiffusionOperatorP1: Calulate gradients of shape functions transformed by reference map ...
16:33 DiffusionOperatorP1: Calculate all local scalar products beween gradients ...
16:33 DiffusionOperatorP1: Determine global dofs ...
16:33 DiffusionOperatorP1: Boundary treatment ...
16:33 DiffusionOperatorP1: Assemble system matrix ...
16:33 L2ProductP1: Integrate the products of the shape functions on each element
16:33 L2ProductP1: Determine global dofs ...
16:33 L2ProductP1: Boundary treatment ...
16:33 L2ProductP1: Assemble system matrix ...
16:33 DiffusionOperatorP1: Calulate gradients of shape functions transformed by reference map ...
16:33 DiffusionOperatorP1: Calculate all local scalar products beween gradients ...
16:33 DiffusionOperatorP1: Determine global dofs ...
16:33 DiffusionOperatorP1: Boundary treatment ...
16:33 DiffusionOperatorP1: Assemble system matrix ...
</system-err></testcase><testcase classname="src.pymortests.algorithms.basic" file="src/pymortests/algorithms/basic.py" line="104" name="test_almost_equal_self_product[&lt;lambda&gt;5]" time="0.2712550163269043"><system-err>16:33 DiffusionOperatorP1: Calulate gradients of shape functions transformed by reference map ...
16:33 DiffusionOperatorP1: Calculate all local scalar products beween gradients ...
16:33 DiffusionOperatorP1: Determine global dofs ...
16:33 DiffusionOperatorP1: Boundary treatment ...
16:33 DiffusionOperatorP1: Assemble system matrix ...
16:33 DiffusionOperatorP1: Calulate gradients of shape functions transformed by reference map ...
16:33 DiffusionOperatorP1: Calculate all local scalar products beween gradients ...
16:33 DiffusionOperatorP1: Determine global dofs ...
16:33 DiffusionOperatorP1: Boundary treatment ...
16:33 DiffusionOperatorP1: Assemble system matrix ...
16:33 L2ProductP1: Integrate the products of the shape functions on each element
16:33 L2ProductP1: Determine global dofs ...
16:33 L2ProductP1: Boundary treatment ...
16:33 L2ProductP1: Assemble system matrix ...
16:33 DiffusionOperatorP1: Calulate gradients of shape functions transformed by reference map ...
16:33 DiffusionOperatorP1: Calculate all local scalar products beween gradients ...
16:33 DiffusionOperatorP1: Determine global dofs ...
16:33 DiffusionOperatorP1: Boundary treatment ...
16:33 DiffusionOperatorP1: Assemble system matrix ...
16:33 L2ProductP1: Integrate the products of the shape functions on each element
16:33 L2ProductP1: Determine global dofs ...
16:33 L2ProductP1: Boundary treatment ...
16:33 L2ProductP1: Assemble system matrix ...
16:33 DiffusionOperatorP1: Calulate gradients of shape functions transformed by reference map ...
16:33 DiffusionOperatorP1: Calculate all local scalar products beween gradients ...
16:33 DiffusionOperatorP1: Determine global dofs ...
16:33 DiffusionOperatorP1: Boundary treatment ...
16:33 DiffusionOperatorP1: Assemble system matrix ...
</system-err></testcase><testcase classname="src.pymortests.algorithms.basic" file="src/pymortests/algorithms/basic.py" line="104" name="test_almost_equal_self_product[&lt;lambda&gt;6]" time="0.271132230758667"><system-err>16:33 DiffusionOperatorP1: Calulate gradients of shape functions transformed by reference map ...
16:33 DiffusionOperatorP1: Calculate all local scalar products beween gradients ...
16:33 DiffusionOperatorP1: Determine global dofs ...
16:33 DiffusionOperatorP1: Boundary treatment ...
16:33 DiffusionOperatorP1: Assemble system matrix ...
16:33 DiffusionOperatorP1: Calulate gradients of shape functions transformed by reference map ...
16:33 DiffusionOperatorP1: Calculate all local scalar products beween gradients ...
16:33 DiffusionOperatorP1: Determine global dofs ...
16:33 DiffusionOperatorP1: Boundary treatment ...
16:33 DiffusionOperatorP1: Assemble system matrix ...
16:33 DiffusionOperatorP1: Calulate gradients of shape functions transformed by reference map ...
16:33 DiffusionOperatorP1: Calculate all local scalar products beween gradients ...
16:33 DiffusionOperatorP1: Determine global dofs ...
16:33 DiffusionOperatorP1: Boundary treatment ...
16:33 DiffusionOperatorP1: Assemble system matrix ...
16:33 DiffusionOperatorP1: Calulate gradients of shape functions transformed by reference map ...
16:33 DiffusionOperatorP1: Calculate all local scalar products beween gradients ...
16:33 DiffusionOperatorP1: Determine global dofs ...
16:33 DiffusionOperatorP1: Boundary treatment ...
16:33 DiffusionOperatorP1: Assemble system matrix ...
16:33 DiffusionOperatorP1: Calulate gradients of shape functions transformed by reference map ...
16:33 DiffusionOperatorP1: Calculate all local scalar products beween gradients ...
16:33 DiffusionOperatorP1: Determine global dofs ...
16:33 DiffusionOperatorP1: Boundary treatment ...
16:33 DiffusionOperatorP1: Assemble system matrix ...
16:33 L2ProductP1: Integrate the products of the shape functions on each element
16:33 L2ProductP1: Determine global dofs ...
16:33 L2ProductP1: Boundary treatment ...
16:33 L2ProductP1: Assemble system matrix ...
16:33 DiffusionOperatorP1: Calulate gradients of shape functions transformed by reference map ...
16:33 DiffusionOperatorP1: Calculate all local scalar products beween gradients ...
16:33 DiffusionOperatorP1: Determine global dofs ...
16:33 DiffusionOperatorP1: Boundary treatment ...
16:33 DiffusionOperatorP1: Assemble system matrix ...
16:33 L2ProductP1: Integrate the products of the shape functions on each element
16:33 L2ProductP1: Determine global dofs ...
16:33 L2ProductP1: Boundary treatment ...
16:33 L2ProductP1: Assemble system matrix ...
16:33 DiffusionOperatorP1: Calulate gradients of shape functions transformed by reference map ...
16:34 DiffusionOperatorP1: Calculate all local scalar products beween gradients ...
16:34 DiffusionOperatorP1: Determine global dofs ...
16:34 DiffusionOperatorP1: Boundary treatment ...
16:34 DiffusionOperatorP1: Assemble system matrix ...
</system-err></testcase><testcase classname="src.pymortests.algorithms.basic" file="src/pymortests/algorithms/basic.py" line="104" name="test_almost_equal_self_product[&lt;lambda&gt;7]" time="0.27747535705566406"><system-err>16:34 DiffusionOperatorP1: Calulate gradients of shape functions transformed by reference map ...
16:34 DiffusionOperatorP1: Calculate all local scalar products beween gradients ...
16:34 DiffusionOperatorP1: Determine global dofs ...
16:34 DiffusionOperatorP1: Boundary treatment ...
16:34 DiffusionOperatorP1: Assemble system matrix ...
16:34 DiffusionOperatorP1: Calulate gradients of shape functions transformed by reference map ...
16:34 DiffusionOperatorP1: Calculate all local scalar products beween gradients ...
16:34 DiffusionOperatorP1: Determine global dofs ...
16:34 DiffusionOperatorP1: Boundary treatment ...
16:34 DiffusionOperatorP1: Assemble system matrix ...
16:34 L2ProductP1: Integrate the products of the shape functions on each element
16:34 L2ProductP1: Determine global dofs ...
16:34 L2ProductP1: Boundary treatment ...
16:34 L2ProductP1: Assemble system matrix ...
16:34 DiffusionOperatorP1: Calulate gradients of shape functions transformed by reference map ...
16:34 DiffusionOperatorP1: Calculate all local scalar products beween gradients ...
16:34 DiffusionOperatorP1: Determine global dofs ...
16:34 DiffusionOperatorP1: Boundary treatment ...
16:34 DiffusionOperatorP1: Assemble system matrix ...
16:34 L2ProductP1: Integrate the products of the shape functions on each element
16:34 L2ProductP1: Determine global dofs ...
16:34 L2ProductP1: Boundary treatment ...
16:34 L2ProductP1: Assemble system matrix ...
16:34 DiffusionOperatorP1: Calulate gradients of shape functions transformed by reference map ...
16:34 DiffusionOperatorP1: Calculate all local scalar products beween gradients ...
16:34 DiffusionOperatorP1: Determine global dofs ...
16:34 DiffusionOperatorP1: Boundary treatment ...
16:34 DiffusionOperatorP1: Assemble system matrix ...
</system-err></testcase><testcase classname="src.pymortests.algorithms.basic" file="src/pymortests/algorithms/basic.py" line="104" name="test_almost_equal_self_product[&lt;lambda&gt;8]" time="0.2746546268463135"><system-err>16:34 DiffusionOperatorP1: Calulate gradients of shape functions transformed by reference map ...
16:34 DiffusionOperatorP1: Calculate all local scalar products beween gradients ...
16:34 DiffusionOperatorP1: Determine global dofs ...
16:34 DiffusionOperatorP1: Boundary treatment ...
16:34 DiffusionOperatorP1: Assemble system matrix ...
16:34 DiffusionOperatorP1: Calulate gradients of shape functions transformed by reference map ...
16:34 DiffusionOperatorP1: Calculate all local scalar products beween gradients ...
16:34 DiffusionOperatorP1: Determine global dofs ...
16:34 DiffusionOperatorP1: Boundary treatment ...
16:34 DiffusionOperatorP1: Assemble system matrix ...
16:34 DiffusionOperatorP1: Calulate gradients of shape functions transformed by reference map ...
16:34 DiffusionOperatorP1: Calculate all local scalar products beween gradients ...
16:34 DiffusionOperatorP1: Determine global dofs ...
16:34 DiffusionOperatorP1: Boundary treatment ...
16:34 DiffusionOperatorP1: Assemble system matrix ...
16:34 DiffusionOperatorP1: Calulate gradients of shape functions transformed by reference map ...
16:34 DiffusionOperatorP1: Calculate all local scalar products beween gradients ...
16:34 DiffusionOperatorP1: Determine global dofs ...
16:34 DiffusionOperatorP1: Boundary treatment ...
16:34 DiffusionOperatorP1: Assemble system matrix ...
16:34 DiffusionOperatorP1: Calulate gradients of shape functions transformed by reference map ...
16:34 DiffusionOperatorP1: Calculate all local scalar products beween gradients ...
16:34 DiffusionOperatorP1: Determine global dofs ...
16:34 DiffusionOperatorP1: Boundary treatment ...
16:34 DiffusionOperatorP1: Assemble system matrix ...
16:34 L2ProductP1: Integrate the products of the shape functions on each element
16:34 L2ProductP1: Determine global dofs ...
16:34 L2ProductP1: Boundary treatment ...
16:34 L2ProductP1: Assemble system matrix ...
16:34 DiffusionOperatorP1: Calulate gradients of shape functions transformed by reference map ...
16:34 DiffusionOperatorP1: Calculate all local scalar products beween gradients ...
16:34 DiffusionOperatorP1: Determine global dofs ...
16:34 DiffusionOperatorP1: Boundary treatment ...
16:34 DiffusionOperatorP1: Assemble system matrix ...
16:34 L2ProductP1: Integrate the products of the shape functions on each element
16:34 L2ProductP1: Determine global dofs ...
16:34 L2ProductP1: Boundary treatment ...
16:34 L2ProductP1: Assemble system matrix ...
16:34 DiffusionOperatorP1: Calulate gradients of shape functions transformed by reference map ...
16:34 DiffusionOperatorP1: Calculate all local scalar products beween gradients ...
16:34 DiffusionOperatorP1: Determine global dofs ...
16:34 DiffusionOperatorP1: Boundary treatment ...
16:34 DiffusionOperatorP1: Assemble system matrix ...
</system-err></testcase><testcase classname="src.pymortests.algorithms.basic" file="src/pymortests/algorithms/basic.py" line="104" name="test_almost_equal_self_product[&lt;lambda&gt;9]" time="0.2782402038574219"><system-err>16:34 DiffusionOperatorP1: Calulate gradients of shape functions transformed by reference map ...
16:34 DiffusionOperatorP1: Calculate all local scalar products beween gradients ...
16:34 DiffusionOperatorP1: Determine global dofs ...
16:34 DiffusionOperatorP1: Boundary treatment ...
16:34 DiffusionOperatorP1: Assemble system matrix ...
16:34 DiffusionOperatorP1: Calulate gradients of shape functions transformed by reference map ...
16:34 DiffusionOperatorP1: Calculate all local scalar products beween gradients ...
16:34 DiffusionOperatorP1: Determine global dofs ...
16:34 DiffusionOperatorP1: Boundary treatment ...
16:34 DiffusionOperatorP1: Assemble system matrix ...
16:34 L2ProductP1: Integrate the products of the shape functions on each element
16:34 L2ProductP1: Determine global dofs ...
16:34 L2ProductP1: Boundary treatment ...
16:34 L2ProductP1: Assemble system matrix ...
16:34 DiffusionOperatorP1: Calulate gradients of shape functions transformed by reference map ...
16:34 DiffusionOperatorP1: Calculate all local scalar products beween gradients ...
16:34 DiffusionOperatorP1: Determine global dofs ...
16:34 DiffusionOperatorP1: Boundary treatment ...
16:34 DiffusionOperatorP1: Assemble system matrix ...
16:34 L2ProductP1: Integrate the products of the shape functions on each element
16:34 L2ProductP1: Determine global dofs ...
16:34 L2ProductP1: Boundary treatment ...
16:34 L2ProductP1: Assemble system matrix ...
16:34 DiffusionOperatorP1: Calulate gradients of shape functions transformed by reference map ...
16:34 DiffusionOperatorP1: Calculate all local scalar products beween gradients ...
16:34 DiffusionOperatorP1: Determine global dofs ...
16:34 DiffusionOperatorP1: Boundary treatment ...
16:34 DiffusionOperatorP1: Assemble system matrix ...
</system-err></testcase><testcase classname="src.pymortests.algorithms.basic" file="src/pymortests/algorithms/basic.py" line="104" name="test_almost_equal_self_product[&lt;lambda&gt;10]" time="0.27260518074035645"><system-err>16:35 DiffusionOperatorP1: Calulate gradients of shape functions transformed by reference map ...
16:35 DiffusionOperatorP1: Calculate all local scalar products beween gradients ...
16:35 DiffusionOperatorP1: Determine global dofs ...
16:35 DiffusionOperatorP1: Boundary treatment ...
16:35 DiffusionOperatorP1: Assemble system matrix ...
16:35 DiffusionOperatorP1: Calulate gradients of shape functions transformed by reference map ...
16:35 DiffusionOperatorP1: Calculate all local scalar products beween gradients ...
16:35 DiffusionOperatorP1: Determine global dofs ...
16:35 DiffusionOperatorP1: Boundary treatment ...
16:35 DiffusionOperatorP1: Assemble system matrix ...
16:35 DiffusionOperatorP1: Calulate gradients of shape functions transformed by reference map ...
16:35 DiffusionOperatorP1: Calculate all local scalar products beween gradients ...
16:35 DiffusionOperatorP1: Determine global dofs ...
16:35 DiffusionOperatorP1: Boundary treatment ...
16:35 DiffusionOperatorP1: Assemble system matrix ...
16:35 DiffusionOperatorP1: Calulate gradients of shape functions transformed by reference map ...
16:35 DiffusionOperatorP1: Calculate all local scalar products beween gradients ...
16:35 DiffusionOperatorP1: Determine global dofs ...
16:35 DiffusionOperatorP1: Boundary treatment ...
16:35 DiffusionOperatorP1: Assemble system matrix ...
16:35 DiffusionOperatorP1: Calulate gradients of shape functions transformed by reference map ...
16:35 DiffusionOperatorP1: Calculate all local scalar products beween gradients ...
16:35 DiffusionOperatorP1: Determine global dofs ...
16:35 DiffusionOperatorP1: Boundary treatment ...
16:35 DiffusionOperatorP1: Assemble system matrix ...
16:35 L2ProductP1: Integrate the products of the shape functions on each element
16:35 L2ProductP1: Determine global dofs ...
16:35 L2ProductP1: Boundary treatment ...
16:35 L2ProductP1: Assemble system matrix ...
16:35 DiffusionOperatorP1: Calulate gradients of shape functions transformed by reference map ...
16:35 DiffusionOperatorP1: Calculate all local scalar products beween gradients ...
16:35 DiffusionOperatorP1: Determine global dofs ...
16:35 DiffusionOperatorP1: Boundary treatment ...
16:35 DiffusionOperatorP1: Assemble system matrix ...
16:35 L2ProductP1: Integrate the products of the shape functions on each element
16:35 L2ProductP1: Determine global dofs ...
16:35 L2ProductP1: Boundary treatment ...
16:35 L2ProductP1: Assemble system matrix ...
16:35 DiffusionOperatorP1: Calulate gradients of shape functions transformed by reference map ...
16:35 DiffusionOperatorP1: Calculate all local scalar products beween gradients ...
16:35 DiffusionOperatorP1: Determine global dofs ...
16:35 DiffusionOperatorP1: Boundary treatment ...
16:35 DiffusionOperatorP1: Assemble system matrix ...
</system-err></testcase><testcase classname="src.pymortests.algorithms.basic" file="src/pymortests/algorithms/basic.py" line="104" name="test_almost_equal_self_product[&lt;lambda&gt;11]" time="0.27304887771606445"><system-err>16:35 DiffusionOperatorP1: Calulate gradients of shape functions transformed by reference map ...
16:35 DiffusionOperatorP1: Calculate all local scalar products beween gradients ...
16:35 DiffusionOperatorP1: Determine global dofs ...
16:35 DiffusionOperatorP1: Boundary treatment ...
16:35 DiffusionOperatorP1: Assemble system matrix ...
16:35 DiffusionOperatorP1: Calulate gradients of shape functions transformed by reference map ...
16:35 DiffusionOperatorP1: Calculate all local scalar products beween gradients ...
16:35 DiffusionOperatorP1: Determine global dofs ...
16:35 DiffusionOperatorP1: Boundary treatment ...
16:35 DiffusionOperatorP1: Assemble system matrix ...
16:35 L2ProductP1: Integrate the products of the shape functions on each element
16:35 L2ProductP1: Determine global dofs ...
16:35 L2ProductP1: Boundary treatment ...
16:35 L2ProductP1: Assemble system matrix ...
16:35 DiffusionOperatorP1: Calulate gradients of shape functions transformed by reference map ...
16:35 DiffusionOperatorP1: Calculate all local scalar products beween gradients ...
16:35 DiffusionOperatorP1: Determine global dofs ...
16:35 DiffusionOperatorP1: Boundary treatment ...
16:35 DiffusionOperatorP1: Assemble system matrix ...
16:35 L2ProductP1: Integrate the products of the shape functions on each element
16:35 L2ProductP1: Determine global dofs ...
16:35 L2ProductP1: Boundary treatment ...
16:35 L2ProductP1: Assemble system matrix ...
16:35 DiffusionOperatorP1: Calulate gradients of shape functions transformed by reference map ...
16:35 DiffusionOperatorP1: Calculate all local scalar products beween gradients ...
16:35 DiffusionOperatorP1: Determine global dofs ...
16:35 DiffusionOperatorP1: Boundary treatment ...
16:35 DiffusionOperatorP1: Assemble system matrix ...
</system-err></testcase><testcase classname="src.pymortests.algorithms.basic" file="src/pymortests/algorithms/basic.py" line="104" name="test_almost_equal_self_product[&lt;lambda&gt;12]" time="0.25723934173583984"><system-err>16:35 DiffusionOperatorP1: Calulate gradients of shape functions transformed by reference map ...
16:35 DiffusionOperatorP1: Calculate all local scalar products beween gradients ...
16:35 DiffusionOperatorP1: Determine global dofs ...
16:35 DiffusionOperatorP1: Boundary treatment ...
16:35 DiffusionOperatorP1: Assemble system matrix ...
16:35 DiffusionOperatorP1: Calulate gradients of shape functions transformed by reference map ...
16:35 DiffusionOperatorP1: Calculate all local scalar products beween gradients ...
16:35 DiffusionOperatorP1: Determine global dofs ...
16:35 DiffusionOperatorP1: Boundary treatment ...
16:35 DiffusionOperatorP1: Assemble system matrix ...
16:35 DiffusionOperatorP1: Calulate gradients of shape functions transformed by reference map ...
16:35 DiffusionOperatorP1: Calculate all local scalar products beween gradients ...
16:35 DiffusionOperatorP1: Determine global dofs ...
16:35 DiffusionOperatorP1: Boundary treatment ...
16:35 DiffusionOperatorP1: Assemble system matrix ...
16:35 DiffusionOperatorP1: Calulate gradients of shape functions transformed by reference map ...
16:35 DiffusionOperatorP1: Calculate all local scalar products beween gradients ...
16:35 DiffusionOperatorP1: Determine global dofs ...
16:35 DiffusionOperatorP1: Boundary treatment ...
16:35 DiffusionOperatorP1: Assemble system matrix ...
16:35 DiffusionOperatorP1: Calulate gradients of shape functions transformed by reference map ...
16:35 DiffusionOperatorP1: Calculate all local scalar products beween gradients ...
16:35 DiffusionOperatorP1: Determine global dofs ...
16:35 DiffusionOperatorP1: Boundary treatment ...
16:35 DiffusionOperatorP1: Assemble system matrix ...
16:35 L2ProductP1: Integrate the products of the shape functions on each element
16:35 L2ProductP1: Determine global dofs ...
16:35 L2ProductP1: Boundary treatment ...
16:35 L2ProductP1: Assemble system matrix ...
16:35 DiffusionOperatorP1: Calulate gradients of shape functions transformed by reference map ...
16:35 DiffusionOperatorP1: Calculate all local scalar products beween gradients ...
16:35 DiffusionOperatorP1: Determine global dofs ...
16:35 DiffusionOperatorP1: Boundary treatment ...
16:35 DiffusionOperatorP1: Assemble system matrix ...
16:35 L2ProductP1: Integrate the products of the shape functions on each element
16:35 L2ProductP1: Determine global dofs ...
16:35 L2ProductP1: Boundary treatment ...
16:35 L2ProductP1: Assemble system matrix ...
16:35 DiffusionOperatorP1: Calulate gradients of shape functions transformed by reference map ...
16:35 DiffusionOperatorP1: Calculate all local scalar products beween gradients ...
16:35 DiffusionOperatorP1: Determine global dofs ...
16:35 DiffusionOperatorP1: Boundary treatment ...
16:35 DiffusionOperatorP1: Assemble system matrix ...
</system-err></testcase><testcase classname="src.pymortests.algorithms.basic" file="src/pymortests/algorithms/basic.py" line="104" name="test_almost_equal_self_product[&lt;lambda&gt;13]" time="0.2585906982421875"><system-err>16:35 DiffusionOperatorP1: Calulate gradients of shape functions transformed by reference map ...
16:35 DiffusionOperatorP1: Calculate all local scalar products beween gradients ...
16:35 DiffusionOperatorP1: Determine global dofs ...
16:35 DiffusionOperatorP1: Boundary treatment ...
16:35 DiffusionOperatorP1: Assemble system matrix ...
16:35 DiffusionOperatorP1: Calulate gradients of shape functions transformed by reference map ...
16:35 DiffusionOperatorP1: Calculate all local scalar products beween gradients ...
16:35 DiffusionOperatorP1: Determine global dofs ...
16:35 DiffusionOperatorP1: Boundary treatment ...
16:35 DiffusionOperatorP1: Assemble system matrix ...
16:35 L2ProductP1: Integrate the products of the shape functions on each element
16:35 L2ProductP1: Determine global dofs ...
16:35 L2ProductP1: Boundary treatment ...
16:35 L2ProductP1: Assemble system matrix ...
16:35 DiffusionOperatorP1: Calulate gradients of shape functions transformed by reference map ...
16:35 DiffusionOperatorP1: Calculate all local scalar products beween gradients ...
16:35 DiffusionOperatorP1: Determine global dofs ...
16:35 DiffusionOperatorP1: Boundary treatment ...
16:35 DiffusionOperatorP1: Assemble system matrix ...
16:35 L2ProductP1: Integrate the products of the shape functions on each element
16:35 L2ProductP1: Determine global dofs ...
16:35 L2ProductP1: Boundary treatment ...
16:35 L2ProductP1: Assemble system matrix ...
16:35 DiffusionOperatorP1: Calulate gradients of shape functions transformed by reference map ...
16:35 DiffusionOperatorP1: Calculate all local scalar products beween gradients ...
16:35 DiffusionOperatorP1: Determine global dofs ...
16:35 DiffusionOperatorP1: Boundary treatment ...
16:35 DiffusionOperatorP1: Assemble system matrix ...
</system-err></testcase><testcase classname="src.pymortests.algorithms.basic" file="src/pymortests/algorithms/basic.py" line="104" name="test_almost_equal_self_product[&lt;lambda&gt;14]" time="0.2727518081665039"><system-err>16:36 DiffusionOperatorP1: Calulate gradients of shape functions transformed by reference map ...
16:36 DiffusionOperatorP1: Calculate all local scalar products beween gradients ...
16:36 DiffusionOperatorP1: Determine global dofs ...
16:36 DiffusionOperatorP1: Boundary treatment ...
16:36 DiffusionOperatorP1: Assemble system matrix ...
16:36 DiffusionOperatorP1: Calulate gradients of shape functions transformed by reference map ...
16:36 DiffusionOperatorP1: Calculate all local scalar products beween gradients ...
16:36 DiffusionOperatorP1: Determine global dofs ...
16:36 DiffusionOperatorP1: Boundary treatment ...
16:36 DiffusionOperatorP1: Assemble system matrix ...
16:36 DiffusionOperatorP1: Calulate gradients of shape functions transformed by reference map ...
16:36 DiffusionOperatorP1: Calculate all local scalar products beween gradients ...
16:36 DiffusionOperatorP1: Determine global dofs ...
16:36 DiffusionOperatorP1: Boundary treatment ...
16:36 DiffusionOperatorP1: Assemble system matrix ...
16:36 DiffusionOperatorP1: Calulate gradients of shape functions transformed by reference map ...
16:36 DiffusionOperatorP1: Calculate all local scalar products beween gradients ...
16:36 DiffusionOperatorP1: Determine global dofs ...
16:36 DiffusionOperatorP1: Boundary treatment ...
16:36 DiffusionOperatorP1: Assemble system matrix ...
16:36 DiffusionOperatorP1: Calulate gradients of shape functions transformed by reference map ...
16:36 DiffusionOperatorP1: Calculate all local scalar products beween gradients ...
16:36 DiffusionOperatorP1: Determine global dofs ...
16:36 DiffusionOperatorP1: Boundary treatment ...
16:36 DiffusionOperatorP1: Assemble system matrix ...
16:36 L2ProductP1: Integrate the products of the shape functions on each element
16:36 L2ProductP1: Determine global dofs ...
16:36 L2ProductP1: Boundary treatment ...
16:36 L2ProductP1: Assemble system matrix ...
16:36 DiffusionOperatorP1: Calulate gradients of shape functions transformed by reference map ...
16:36 DiffusionOperatorP1: Calculate all local scalar products beween gradients ...
16:36 DiffusionOperatorP1: Determine global dofs ...
16:36 DiffusionOperatorP1: Boundary treatment ...
16:36 DiffusionOperatorP1: Assemble system matrix ...
16:36 L2ProductP1: Integrate the products of the shape functions on each element
16:36 L2ProductP1: Determine global dofs ...
16:36 L2ProductP1: Boundary treatment ...
16:36 L2ProductP1: Assemble system matrix ...
16:36 DiffusionOperatorP1: Calulate gradients of shape functions transformed by reference map ...
16:36 DiffusionOperatorP1: Calculate all local scalar products beween gradients ...
16:36 DiffusionOperatorP1: Determine global dofs ...
16:36 DiffusionOperatorP1: Boundary treatment ...
16:36 DiffusionOperatorP1: Assemble system matrix ...
</system-err></testcase><testcase classname="src.pymortests.algorithms.basic" file="src/pymortests/algorithms/basic.py" line="104" name="test_almost_equal_self_product[&lt;lambda&gt;15]" time="0.27837467193603516"><system-err>16:36 DiffusionOperatorP1: Calulate gradients of shape functions transformed by reference map ...
16:36 DiffusionOperatorP1: Calculate all local scalar products beween gradients ...
16:36 DiffusionOperatorP1: Determine global dofs ...
16:36 DiffusionOperatorP1: Boundary treatment ...
16:36 DiffusionOperatorP1: Assemble system matrix ...
16:36 DiffusionOperatorP1: Calulate gradients of shape functions transformed by reference map ...
16:36 DiffusionOperatorP1: Calculate all local scalar products beween gradients ...
16:36 DiffusionOperatorP1: Determine global dofs ...
16:36 DiffusionOperatorP1: Boundary treatment ...
16:36 DiffusionOperatorP1: Assemble system matrix ...
16:36 L2ProductP1: Integrate the products of the shape functions on each element
16:36 L2ProductP1: Determine global dofs ...
16:36 L2ProductP1: Boundary treatment ...
16:36 L2ProductP1: Assemble system matrix ...
16:36 DiffusionOperatorP1: Calulate gradients of shape functions transformed by reference map ...
16:36 DiffusionOperatorP1: Calculate all local scalar products beween gradients ...
16:36 DiffusionOperatorP1: Determine global dofs ...
16:36 DiffusionOperatorP1: Boundary treatment ...
16:36 DiffusionOperatorP1: Assemble system matrix ...
16:36 L2ProductP1: Integrate the products of the shape functions on each element
16:36 L2ProductP1: Determine global dofs ...
16:36 L2ProductP1: Boundary treatment ...
16:36 L2ProductP1: Assemble system matrix ...
16:36 DiffusionOperatorP1: Calulate gradients of shape functions transformed by reference map ...
16:36 DiffusionOperatorP1: Calculate all local scalar products beween gradients ...
16:36 DiffusionOperatorP1: Determine global dofs ...
16:36 DiffusionOperatorP1: Boundary treatment ...
16:36 DiffusionOperatorP1: Assemble system matrix ...
</system-err></testcase><testcase classname="src.pymortests.algorithms.basic" file="src/pymortests/algorithms/basic.py" line="104" name="test_almost_equal_self_product[&lt;lambda&gt;16]" time="0.2338390350341797"><system-err>16:36 DiffusionOperatorP1: Calulate gradients of shape functions transformed by reference map ...
16:36 DiffusionOperatorP1: Calculate all local scalar products beween gradients ...
16:36 DiffusionOperatorP1: Determine global dofs ...
16:36 DiffusionOperatorP1: Boundary treatment ...
16:36 DiffusionOperatorP1: Assemble system matrix ...
16:36 DiffusionOperatorP1: Calulate gradients of shape functions transformed by reference map ...
16:36 DiffusionOperatorP1: Calculate all local scalar products beween gradients ...
16:36 DiffusionOperatorP1: Determine global dofs ...
16:36 DiffusionOperatorP1: Boundary treatment ...
16:36 DiffusionOperatorP1: Assemble system matrix ...
16:36 DiffusionOperatorP1: Calulate gradients of shape functions transformed by reference map ...
16:36 DiffusionOperatorP1: Calculate all local scalar products beween gradients ...
16:36 DiffusionOperatorP1: Determine global dofs ...
16:36 DiffusionOperatorP1: Boundary treatment ...
16:36 DiffusionOperatorP1: Assemble system matrix ...
16:36 DiffusionOperatorP1: Calulate gradients of shape functions transformed by reference map ...
16:36 DiffusionOperatorP1: Calculate all local scalar products beween gradients ...
16:36 DiffusionOperatorP1: Determine global dofs ...
16:36 DiffusionOperatorP1: Boundary treatment ...
16:36 DiffusionOperatorP1: Assemble system matrix ...
16:36 DiffusionOperatorP1: Calulate gradients of shape functions transformed by reference map ...
16:36 DiffusionOperatorP1: Calculate all local scalar products beween gradients ...
16:36 DiffusionOperatorP1: Determine global dofs ...
16:36 DiffusionOperatorP1: Boundary treatment ...
16:36 DiffusionOperatorP1: Assemble system matrix ...
16:36 L2ProductP1: Integrate the products of the shape functions on each element
16:36 L2ProductP1: Determine global dofs ...
16:36 L2ProductP1: Boundary treatment ...
16:36 L2ProductP1: Assemble system matrix ...
16:36 DiffusionOperatorP1: Calulate gradients of shape functions transformed by reference map ...
16:36 DiffusionOperatorP1: Calculate all local scalar products beween gradients ...
16:36 DiffusionOperatorP1: Determine global dofs ...
16:36 DiffusionOperatorP1: Boundary treatment ...
16:36 DiffusionOperatorP1: Assemble system matrix ...
16:36 L2ProductP1: Integrate the products of the shape functions on each element
16:36 L2ProductP1: Determine global dofs ...
16:36 L2ProductP1: Boundary treatment ...
16:36 L2ProductP1: Assemble system matrix ...
16:36 DiffusionOperatorP1: Calulate gradients of shape functions transformed by reference map ...
16:36 DiffusionOperatorP1: Calculate all local scalar products beween gradients ...
16:36 DiffusionOperatorP1: Determine global dofs ...
16:36 DiffusionOperatorP1: Boundary treatment ...
16:36 DiffusionOperatorP1: Assemble system matrix ...
</system-err></testcase><testcase classname="src.pymortests.algorithms.basic" file="src/pymortests/algorithms/basic.py" line="104" name="test_almost_equal_self_product[&lt;lambda&gt;17]" time="0.23572540283203125"><system-err>16:36 DiffusionOperatorP1: Calulate gradients of shape functions transformed by reference map ...
16:36 DiffusionOperatorP1: Calculate all local scalar products beween gradients ...
16:36 DiffusionOperatorP1: Determine global dofs ...
16:36 DiffusionOperatorP1: Boundary treatment ...
16:36 DiffusionOperatorP1: Assemble system matrix ...
16:36 DiffusionOperatorP1: Calulate gradients of shape functions transformed by reference map ...
16:36 DiffusionOperatorP1: Calculate all local scalar products beween gradients ...
16:36 DiffusionOperatorP1: Determine global dofs ...
16:36 DiffusionOperatorP1: Boundary treatment ...
16:36 DiffusionOperatorP1: Assemble system matrix ...
16:36 L2ProductP1: Integrate the products of the shape functions on each element
16:36 L2ProductP1: Determine global dofs ...
16:36 L2ProductP1: Boundary treatment ...
16:36 L2ProductP1: Assemble system matrix ...
16:36 DiffusionOperatorP1: Calulate gradients of shape functions transformed by reference map ...
16:36 DiffusionOperatorP1: Calculate all local scalar products beween gradients ...
16:36 DiffusionOperatorP1: Determine global dofs ...
16:36 DiffusionOperatorP1: Boundary treatment ...
16:36 DiffusionOperatorP1: Assemble system matrix ...
16:36 L2ProductP1: Integrate the products of the shape functions on each element
16:36 L2ProductP1: Determine global dofs ...
16:36 L2ProductP1: Boundary treatment ...
16:36 L2ProductP1: Assemble system matrix ...
16:36 DiffusionOperatorP1: Calulate gradients of shape functions transformed by reference map ...
16:36 DiffusionOperatorP1: Calculate all local scalar products beween gradients ...
16:36 DiffusionOperatorP1: Determine global dofs ...
16:36 DiffusionOperatorP1: Boundary treatment ...
16:36 DiffusionOperatorP1: Assemble system matrix ...
</system-err></testcase><testcase classname="src.pymortests.algorithms.basic" file="src/pymortests/algorithms/basic.py" line="104" name="test_almost_equal_self_product[&lt;lambda&gt;18]" time="0.2763192653656006"><system-err>16:37 DiffusionOperatorP1: Calulate gradients of shape functions transformed by reference map ...
16:37 DiffusionOperatorP1: Calculate all local scalar products beween gradients ...
16:37 DiffusionOperatorP1: Determine global dofs ...
16:37 DiffusionOperatorP1: Boundary treatment ...
16:37 DiffusionOperatorP1: Assemble system matrix ...
16:37 DiffusionOperatorP1: Calulate gradients of shape functions transformed by reference map ...
16:37 DiffusionOperatorP1: Calculate all local scalar products beween gradients ...
16:37 DiffusionOperatorP1: Determine global dofs ...
16:37 DiffusionOperatorP1: Boundary treatment ...
16:37 DiffusionOperatorP1: Assemble system matrix ...
16:37 DiffusionOperatorP1: Calulate gradients of shape functions transformed by reference map ...
16:37 DiffusionOperatorP1: Calculate all local scalar products beween gradients ...
16:37 DiffusionOperatorP1: Determine global dofs ...
16:37 DiffusionOperatorP1: Boundary treatment ...
16:37 DiffusionOperatorP1: Assemble system matrix ...
16:37 DiffusionOperatorP1: Calulate gradients of shape functions transformed by reference map ...
16:37 DiffusionOperatorP1: Calculate all local scalar products beween gradients ...
16:37 DiffusionOperatorP1: Determine global dofs ...
16:37 DiffusionOperatorP1: Boundary treatment ...
16:37 DiffusionOperatorP1: Assemble system matrix ...
16:37 DiffusionOperatorP1: Calulate gradients of shape functions transformed by reference map ...
16:37 DiffusionOperatorP1: Calculate all local scalar products beween gradients ...
16:37 DiffusionOperatorP1: Determine global dofs ...
16:37 DiffusionOperatorP1: Boundary treatment ...
16:37 DiffusionOperatorP1: Assemble system matrix ...
16:37 L2ProductP1: Integrate the products of the shape functions on each element
16:37 L2ProductP1: Determine global dofs ...
16:37 L2ProductP1: Boundary treatment ...
16:37 L2ProductP1: Assemble system matrix ...
16:37 DiffusionOperatorP1: Calulate gradients of shape functions transformed by reference map ...
16:37 DiffusionOperatorP1: Calculate all local scalar products beween gradients ...
16:37 DiffusionOperatorP1: Determine global dofs ...
16:37 DiffusionOperatorP1: Boundary treatment ...
16:37 DiffusionOperatorP1: Assemble system matrix ...
16:37 L2ProductP1: Integrate the products of the shape functions on each element
16:37 L2ProductP1: Determine global dofs ...
16:37 L2ProductP1: Boundary treatment ...
16:37 L2ProductP1: Assemble system matrix ...
16:37 DiffusionOperatorP1: Calulate gradients of shape functions transformed by reference map ...
16:37 DiffusionOperatorP1: Calculate all local scalar products beween gradients ...
16:37 DiffusionOperatorP1: Determine global dofs ...
16:37 DiffusionOperatorP1: Boundary treatment ...
16:37 DiffusionOperatorP1: Assemble system matrix ...
</system-err></testcase><testcase classname="src.pymortests.algorithms.basic" file="src/pymortests/algorithms/basic.py" line="104" name="test_almost_equal_self_product[&lt;lambda&gt;19]" time="0.2754535675048828"><system-err>16:37 DiffusionOperatorP1: Calulate gradients of shape functions transformed by reference map ...
16:37 DiffusionOperatorP1: Calculate all local scalar products beween gradients ...
16:37 DiffusionOperatorP1: Determine global dofs ...
16:37 DiffusionOperatorP1: Boundary treatment ...
16:37 DiffusionOperatorP1: Assemble system matrix ...
16:37 DiffusionOperatorP1: Calulate gradients of shape functions transformed by reference map ...
16:37 DiffusionOperatorP1: Calculate all local scalar products beween gradients ...
16:37 DiffusionOperatorP1: Determine global dofs ...
16:37 DiffusionOperatorP1: Boundary treatment ...
16:37 DiffusionOperatorP1: Assemble system matrix ...
16:37 L2ProductP1: Integrate the products of the shape functions on each element
16:37 L2ProductP1: Determine global dofs ...
16:37 L2ProductP1: Boundary treatment ...
16:37 L2ProductP1: Assemble system matrix ...
16:37 DiffusionOperatorP1: Calulate gradients of shape functions transformed by reference map ...
16:37 DiffusionOperatorP1: Calculate all local scalar products beween gradients ...
16:37 DiffusionOperatorP1: Determine global dofs ...
16:37 DiffusionOperatorP1: Boundary treatment ...
16:37 DiffusionOperatorP1: Assemble system matrix ...
16:37 L2ProductP1: Integrate the products of the shape functions on each element
16:37 L2ProductP1: Determine global dofs ...
16:37 L2ProductP1: Boundary treatment ...
16:37 L2ProductP1: Assemble system matrix ...
16:37 DiffusionOperatorP1: Calulate gradients of shape functions transformed by reference map ...
16:37 DiffusionOperatorP1: Calculate all local scalar products beween gradients ...
16:37 DiffusionOperatorP1: Determine global dofs ...
16:37 DiffusionOperatorP1: Boundary treatment ...
16:37 DiffusionOperatorP1: Assemble system matrix ...
</system-err></testcase><testcase classname="src.pymortests.algorithms.basic" file="src/pymortests/algorithms/basic.py" line="104" name="test_almost_equal_self_product[&lt;lambda&gt;20]" time="0.2752687931060791"><system-err>16:37 DiffusionOperatorP1: Calulate gradients of shape functions transformed by reference map ...
16:37 DiffusionOperatorP1: Calculate all local scalar products beween gradients ...
16:37 DiffusionOperatorP1: Determine global dofs ...
16:37 DiffusionOperatorP1: Boundary treatment ...
16:37 DiffusionOperatorP1: Assemble system matrix ...
16:37 DiffusionOperatorP1: Calulate gradients of shape functions transformed by reference map ...
16:37 DiffusionOperatorP1: Calculate all local scalar products beween gradients ...
16:37 DiffusionOperatorP1: Determine global dofs ...
16:37 DiffusionOperatorP1: Boundary treatment ...
16:37 DiffusionOperatorP1: Assemble system matrix ...
16:37 DiffusionOperatorP1: Calulate gradients of shape functions transformed by reference map ...
16:37 DiffusionOperatorP1: Calculate all local scalar products beween gradients ...
16:37 DiffusionOperatorP1: Determine global dofs ...
16:37 DiffusionOperatorP1: Boundary treatment ...
16:37 DiffusionOperatorP1: Assemble system matrix ...
16:37 DiffusionOperatorP1: Calulate gradients of shape functions transformed by reference map ...
16:37 DiffusionOperatorP1: Calculate all local scalar products beween gradients ...
16:37 DiffusionOperatorP1: Determine global dofs ...
16:37 DiffusionOperatorP1: Boundary treatment ...
16:37 DiffusionOperatorP1: Assemble system matrix ...
16:37 DiffusionOperatorP1: Calulate gradients of shape functions transformed by reference map ...
16:37 DiffusionOperatorP1: Calculate all local scalar products beween gradients ...
16:37 DiffusionOperatorP1: Determine global dofs ...
16:37 DiffusionOperatorP1: Boundary treatment ...
16:37 DiffusionOperatorP1: Assemble system matrix ...
16:37 L2ProductP1: Integrate the products of the shape functions on each element
16:37 L2ProductP1: Determine global dofs ...
16:37 L2ProductP1: Boundary treatment ...
16:37 L2ProductP1: Assemble system matrix ...
16:37 DiffusionOperatorP1: Calulate gradients of shape functions transformed by reference map ...
16:37 DiffusionOperatorP1: Calculate all local scalar products beween gradients ...
16:37 DiffusionOperatorP1: Determine global dofs ...
16:37 DiffusionOperatorP1: Boundary treatment ...
16:37 DiffusionOperatorP1: Assemble system matrix ...
16:37 L2ProductP1: Integrate the products of the shape functions on each element
16:37 L2ProductP1: Determine global dofs ...
16:37 L2ProductP1: Boundary treatment ...
16:37 L2ProductP1: Assemble system matrix ...
16:37 DiffusionOperatorP1: Calulate gradients of shape functions transformed by reference map ...
16:37 DiffusionOperatorP1: Calculate all local scalar products beween gradients ...
16:37 DiffusionOperatorP1: Determine global dofs ...
16:37 DiffusionOperatorP1: Boundary treatment ...
16:37 DiffusionOperatorP1: Assemble system matrix ...
</system-err></testcase><testcase classname="src.pymortests.algorithms.basic" file="src/pymortests/algorithms/basic.py" line="104" name="test_almost_equal_self_product[&lt;lambda&gt;21]" time="0.28885555267333984"><system-err>16:38 DiffusionOperatorP1: Calulate gradients of shape functions transformed by reference map ...
16:38 DiffusionOperatorP1: Calculate all local scalar products beween gradients ...
16:38 DiffusionOperatorP1: Determine global dofs ...
16:38 DiffusionOperatorP1: Boundary treatment ...
16:38 DiffusionOperatorP1: Assemble system matrix ...
16:38 DiffusionOperatorP1: Calulate gradients of shape functions transformed by reference map ...
16:38 DiffusionOperatorP1: Calculate all local scalar products beween gradients ...
16:38 DiffusionOperatorP1: Determine global dofs ...
16:38 DiffusionOperatorP1: Boundary treatment ...
16:38 DiffusionOperatorP1: Assemble system matrix ...
16:38 L2ProductP1: Integrate the products of the shape functions on each element
16:38 L2ProductP1: Determine global dofs ...
16:38 L2ProductP1: Boundary treatment ...
16:38 L2ProductP1: Assemble system matrix ...
16:38 DiffusionOperatorP1: Calulate gradients of shape functions transformed by reference map ...
16:38 DiffusionOperatorP1: Calculate all local scalar products beween gradients ...
16:38 DiffusionOperatorP1: Determine global dofs ...
16:38 DiffusionOperatorP1: Boundary treatment ...
16:38 DiffusionOperatorP1: Assemble system matrix ...
16:38 L2ProductP1: Integrate the products of the shape functions on each element
16:38 L2ProductP1: Determine global dofs ...
16:38 L2ProductP1: Boundary treatment ...
16:38 L2ProductP1: Assemble system matrix ...
16:38 DiffusionOperatorP1: Calulate gradients of shape functions transformed by reference map ...
16:38 DiffusionOperatorP1: Calculate all local scalar products beween gradients ...
16:38 DiffusionOperatorP1: Determine global dofs ...
16:38 DiffusionOperatorP1: Boundary treatment ...
16:38 DiffusionOperatorP1: Assemble system matrix ...
</system-err></testcase><testcase classname="src.pymortests.algorithms.basic" file="src/pymortests/algorithms/basic.py" line="104" name="test_almost_equal_self_product[&lt;lambda&gt;22]" time="0.2744760513305664"><system-err>16:38 DiffusionOperatorP1: Calulate gradients of shape functions transformed by reference map ...
16:38 DiffusionOperatorP1: Calculate all local scalar products beween gradients ...
16:38 DiffusionOperatorP1: Determine global dofs ...
16:38 DiffusionOperatorP1: Boundary treatment ...
16:38 DiffusionOperatorP1: Assemble system matrix ...
16:38 DiffusionOperatorP1: Calulate gradients of shape functions transformed by reference map ...
16:38 DiffusionOperatorP1: Calculate all local scalar products beween gradients ...
16:38 DiffusionOperatorP1: Determine global dofs ...
16:38 DiffusionOperatorP1: Boundary treatment ...
16:38 DiffusionOperatorP1: Assemble system matrix ...
16:38 DiffusionOperatorP1: Calulate gradients of shape functions transformed by reference map ...
16:38 DiffusionOperatorP1: Calculate all local scalar products beween gradients ...
16:38 DiffusionOperatorP1: Determine global dofs ...
16:38 DiffusionOperatorP1: Boundary treatment ...
16:38 DiffusionOperatorP1: Assemble system matrix ...
16:38 DiffusionOperatorP1: Calulate gradients of shape functions transformed by reference map ...
16:38 DiffusionOperatorP1: Calculate all local scalar products beween gradients ...
16:38 DiffusionOperatorP1: Determine global dofs ...
16:38 DiffusionOperatorP1: Boundary treatment ...
16:38 DiffusionOperatorP1: Assemble system matrix ...
16:38 DiffusionOperatorP1: Calulate gradients of shape functions transformed by reference map ...
16:38 DiffusionOperatorP1: Calculate all local scalar products beween gradients ...
16:38 DiffusionOperatorP1: Determine global dofs ...
16:38 DiffusionOperatorP1: Boundary treatment ...
16:38 DiffusionOperatorP1: Assemble system matrix ...
16:38 L2ProductP1: Integrate the products of the shape functions on each element
16:38 L2ProductP1: Determine global dofs ...
16:38 L2ProductP1: Boundary treatment ...
16:38 L2ProductP1: Assemble system matrix ...
16:38 DiffusionOperatorP1: Calulate gradients of shape functions transformed by reference map ...
16:38 DiffusionOperatorP1: Calculate all local scalar products beween gradients ...
16:38 DiffusionOperatorP1: Determine global dofs ...
16:38 DiffusionOperatorP1: Boundary treatment ...
16:38 DiffusionOperatorP1: Assemble system matrix ...
16:38 L2ProductP1: Integrate the products of the shape functions on each element
16:38 L2ProductP1: Determine global dofs ...
16:38 L2ProductP1: Boundary treatment ...
16:38 L2ProductP1: Assemble system matrix ...
16:38 DiffusionOperatorP1: Calulate gradients of shape functions transformed by reference map ...
16:38 DiffusionOperatorP1: Calculate all local scalar products beween gradients ...
16:38 DiffusionOperatorP1: Determine global dofs ...
16:38 DiffusionOperatorP1: Boundary treatment ...
16:38 DiffusionOperatorP1: Assemble system matrix ...
</system-err></testcase><testcase classname="src.pymortests.algorithms.basic" file="src/pymortests/algorithms/basic.py" line="104" name="test_almost_equal_self_product[&lt;lambda&gt;23]" time="0.27744555473327637"><system-err>16:38 DiffusionOperatorP1: Calulate gradients of shape functions transformed by reference map ...
16:38 DiffusionOperatorP1: Calculate all local scalar products beween gradients ...
16:38 DiffusionOperatorP1: Determine global dofs ...
16:38 DiffusionOperatorP1: Boundary treatment ...
16:38 DiffusionOperatorP1: Assemble system matrix ...
16:38 DiffusionOperatorP1: Calulate gradients of shape functions transformed by reference map ...
16:38 DiffusionOperatorP1: Calculate all local scalar products beween gradients ...
16:38 DiffusionOperatorP1: Determine global dofs ...
16:38 DiffusionOperatorP1: Boundary treatment ...
16:38 DiffusionOperatorP1: Assemble system matrix ...
16:38 L2ProductP1: Integrate the products of the shape functions on each element
16:38 L2ProductP1: Determine global dofs ...
16:38 L2ProductP1: Boundary treatment ...
16:38 L2ProductP1: Assemble system matrix ...
16:38 DiffusionOperatorP1: Calulate gradients of shape functions transformed by reference map ...
16:38 DiffusionOperatorP1: Calculate all local scalar products beween gradients ...
16:38 DiffusionOperatorP1: Determine global dofs ...
16:38 DiffusionOperatorP1: Boundary treatment ...
16:38 DiffusionOperatorP1: Assemble system matrix ...
16:38 L2ProductP1: Integrate the products of the shape functions on each element
16:38 L2ProductP1: Determine global dofs ...
16:38 L2ProductP1: Boundary treatment ...
16:38 L2ProductP1: Assemble system matrix ...
16:38 DiffusionOperatorP1: Calulate gradients of shape functions transformed by reference map ...
16:38 DiffusionOperatorP1: Calculate all local scalar products beween gradients ...
16:38 DiffusionOperatorP1: Determine global dofs ...
16:38 DiffusionOperatorP1: Boundary treatment ...
16:38 DiffusionOperatorP1: Assemble system matrix ...
</system-err></testcase><testcase classname="src.pymortests.algorithms.basic" file="src/pymortests/algorithms/basic.py" line="104" name="test_almost_equal_self_product[&lt;lambda&gt;24]" time="0.26932787895202637"></testcase><testcase classname="src.pymortests.algorithms.basic" file="src/pymortests/algorithms/basic.py" line="104" name="test_almost_equal_self_product[&lt;lambda&gt;25]" time="0.27016139030456543"></testcase><testcase classname="src.pymortests.algorithms.basic" file="src/pymortests/algorithms/basic.py" line="104" name="test_almost_equal_self_product[&lt;lambda&gt;26]" time="0.27583837509155273"></testcase><testcase classname="src.pymortests.algorithms.basic" file="src/pymortests/algorithms/basic.py" line="104" name="test_almost_equal_self_product[&lt;lambda&gt;27]" time="0.21964788436889648"></testcase><testcase classname="src.pymortests.algorithms.basic" file="src/pymortests/algorithms/basic.py" line="104" name="test_almost_equal_self_product[&lt;lambda&gt;28]" time="0.217742919921875"></testcase><testcase classname="src.pymortests.algorithms.basic" file="src/pymortests/algorithms/basic.py" line="104" name="test_almost_equal_self_product[&lt;lambda&gt;29]" time="0.22270798683166504"></testcase><testcase classname="src.pymortests.algorithms.basic" file="src/pymortests/algorithms/basic.py" line="104" name="test_almost_equal_self_product[&lt;lambda&gt;30]" time="0.23263144493103027"></testcase><testcase classname="src.pymortests.algorithms.basic" file="src/pymortests/algorithms/basic.py" line="104" name="test_almost_equal_self_product[&lt;lambda&gt;31]" time="0.22150874137878418"></testcase><testcase classname="src.pymortests.algorithms.basic" file="src/pymortests/algorithms/basic.py" line="104" name="test_almost_equal_self_product[&lt;lambda&gt;32]" time="0.7844109535217285"></testcase><testcase classname="src.pymortests.algorithms.basic" file="src/pymortests/algorithms/basic.py" line="104" name="test_almost_equal_self_product[&lt;lambda&gt;33]" time="0.6107032299041748"></testcase><testcase classname="src.pymortests.algorithms.basic" file="src/pymortests/algorithms/basic.py" line="104" name="test_almost_equal_self_product[&lt;lambda&gt;34]" time="0.24338245391845703"></testcase><testcase classname="src.pymortests.algorithms.basic" file="src/pymortests/algorithms/basic.py" line="104" name="test_almost_equal_self_product[&lt;lambda&gt;35]" time="0.6209323406219482"></testcase><testcase classname="src.pymortests.algorithms.basic" file="src/pymortests/algorithms/basic.py" line="104" name="test_almost_equal_self_product[&lt;lambda&gt;36]" time="0.26765918731689453"></testcase><testcase classname="src.pymortests.algorithms.basic" file="src/pymortests/algorithms/basic.py" line="157" name="test_almost_equal_incompatible[&lt;lambda&gt;0]" time="0.004380226135253906"></testcase><testcase classname="src.pymortests.algorithms.basic" file="src/pymortests/algorithms/basic.py" line="157" name="test_almost_equal_incompatible[&lt;lambda&gt;1]" time="0.0015883445739746094"></testcase><testcase classname="src.pymortests.algorithms.basic" file="src/pymortests/algorithms/basic.py" line="157" name="test_almost_equal_incompatible[&lt;lambda&gt;2]" time="0.006147146224975586"></testcase><testcase classname="src.pymortests.algorithms.basic" file="src/pymortests/algorithms/basic.py" line="157" name="test_almost_equal_incompatible[&lt;lambda&gt;3]" time="0.0049402713775634766"></testcase><testcase classname="src.pymortests.algorithms.basic" file="src/pymortests/algorithms/basic.py" line="157" name="test_almost_equal_incompatible[&lt;lambda&gt;4]" time="0.005201816558837891"></testcase><testcase classname="src.pymortests.algorithms.basic" file="src/pymortests/algorithms/basic.py" line="157" name="test_almost_equal_incompatible[&lt;lambda&gt;5]" time="0.002704620361328125"></testcase><testcase classname="src.pymortests.algorithms.basic" file="src/pymortests/algorithms/basic.py" line="157" name="test_almost_equal_incompatible[&lt;lambda&gt;6]" time="0.0014185905456542969"></testcase><testcase classname="src.pymortests.algorithms.basic" file="src/pymortests/algorithms/basic.py" line="157" name="test_almost_equal_incompatible[&lt;lambda&gt;7]" time="0.005761861801147461"></testcase><testcase classname="src.pymortests.algorithms.basic" file="src/pymortests/algorithms/basic.py" line="157" name="test_almost_equal_incompatible[&lt;lambda&gt;8]" time="0.011382579803466797"></testcase><testcase classname="src.pymortests.algorithms.basic" file="src/pymortests/algorithms/basic.py" line="157" name="test_almost_equal_incompatible[&lt;lambda&gt;9]" time="0.020813465118408203"></testcase><testcase classname="src.pymortests.algorithms.basic" file="src/pymortests/algorithms/basic.py" line="157" name="test_almost_equal_incompatible[&lt;lambda&gt;10]" time="0.006630897521972656"></testcase><testcase classname="src.pymortests.algorithms.basic" file="src/pymortests/algorithms/basic.py" line="157" name="test_almost_equal_incompatible[&lt;lambda&gt;11]" time="0.001974821090698242"></testcase><testcase classname="src.pymortests.algorithms.basic" file="src/pymortests/algorithms/basic.py" line="157" name="test_almost_equal_incompatible[&lt;lambda&gt;12]" time="0.014387369155883789"></testcase><testcase classname="src.pymortests.algorithms.basic" file="src/pymortests/algorithms/basic.py" line="157" name="test_almost_equal_incompatible[&lt;lambda&gt;13]" time="0.010430097579956055"></testcase><testcase classname="src.pymortests.algorithms.basic" file="src/pymortests/algorithms/basic.py" line="157" name="test_almost_equal_incompatible[&lt;lambda&gt;14]" time="0.011326074600219727"></testcase><testcase classname="src.pymortests.algorithms.basic" file="src/pymortests/algorithms/basic.py" line="157" name="test_almost_equal_incompatible[&lt;lambda&gt;15]" time="0.005303621292114258"></testcase><testcase classname="src.pymortests.algorithms.basic" file="src/pymortests/algorithms/basic.py" line="157" name="test_almost_equal_incompatible[&lt;lambda&gt;16]" time="0.002301931381225586"></testcase><testcase classname="src.pymortests.algorithms.basic" file="src/pymortests/algorithms/basic.py" line="157" name="test_almost_equal_incompatible[&lt;lambda&gt;17]" time="0.010143518447875977"></testcase><testcase classname="src.pymortests.algorithms.basic" file="src/pymortests/algorithms/basic.py" line="157" name="test_almost_equal_incompatible[&lt;lambda&gt;18]" time="0.04378485679626465"></testcase><testcase classname="src.pymortests.algorithms.basic" file="src/pymortests/algorithms/basic.py" line="157" name="test_almost_equal_incompatible[&lt;lambda&gt;19]" time="0.04332542419433594"></testcase><testcase classname="src.pymortests.algorithms.basic" file="src/pymortests/algorithms/basic.py" line="157" name="test_almost_equal_incompatible[&lt;lambda&gt;20]" time="0.0038688182830810547"></testcase><testcase classname="src.pymortests.algorithms.basic" file="src/pymortests/algorithms/basic.py" line="157" name="test_almost_equal_incompatible[&lt;lambda&gt;21]" time="0.0025696754455566406"></testcase><testcase classname="src.pymortests.algorithms.basic" file="src/pymortests/algorithms/basic.py" line="157" name="test_almost_equal_incompatible[&lt;lambda&gt;22]" time="0.014889717102050781"></testcase><testcase classname="src.pymortests.algorithms.basic" file="src/pymortests/algorithms/basic.py" line="157" name="test_almost_equal_incompatible[&lt;lambda&gt;23]" time="0.11971402168273926"></testcase><testcase classname="src.pymortests.algorithms.basic" file="src/pymortests/algorithms/basic.py" line="157" name="test_almost_equal_incompatible[&lt;lambda&gt;24]" time="0.22393369674682617"></testcase><testcase classname="src.pymortests.algorithms.basic" file="src/pymortests/algorithms/basic.py" line="166" name="test_almost_equal_wrong_ind[compatible_vector_array_pair0-&lt;lambda&gt;0]" time="0.004511356353759766"></testcase><testcase classname="src.pymortests.algorithms.basic" file="src/pymortests/algorithms/basic.py" line="166" name="test_almost_equal_wrong_ind[compatible_vector_array_pair0-&lt;lambda&gt;1]" time="0.0033500194549560547"></testcase><testcase classname="src.pymortests.algorithms.basic" file="src/pymortests/algorithms/basic.py" line="166" name="test_almost_equal_wrong_ind[compatible_vector_array_pair0-&lt;lambda&gt;2]" time="0.005403041839599609"></testcase><testcase classname="src.pymortests.algorithms.basic" file="src/pymortests/algorithms/basic.py" line="166" name="test_almost_equal_wrong_ind[compatible_vector_array_pair0-&lt;lambda&gt;3]" time="0.0075588226318359375"></testcase><testcase classname="src.pymortests.algorithms.basic" file="src/pymortests/algorithms/basic.py" line="166" name="test_almost_equal_wrong_ind[compatible_vector_array_pair0-&lt;lambda&gt;4]" time="0.007546901702880859"></testcase><testcase classname="src.pymortests.algorithms.basic" file="src/pymortests/algorithms/basic.py" line="166" name="test_almost_equal_wrong_ind[compatible_vector_array_pair0-&lt;lambda&gt;5]" time="0.0056133270263671875"></testcase><testcase classname="src.pymortests.algorithms.basic" file="src/pymortests/algorithms/basic.py" line="166" name="test_almost_equal_wrong_ind[compatible_vector_array_pair0-&lt;lambda&gt;6]" time="0.0036313533782958984"></testcase><testcase classname="src.pymortests.algorithms.basic" file="src/pymortests/algorithms/basic.py" line="166" name="test_almost_equal_wrong_ind[compatible_vector_array_pair0-&lt;lambda&gt;7]" time="0.0033893585205078125"></testcase><testcase classname="src.pymortests.algorithms.basic" file="src/pymortests/algorithms/basic.py" line="166" name="test_almost_equal_wrong_ind[compatible_vector_array_pair0-&lt;lambda&gt;8]" time="0.017227649688720703"></testcase><testcase classname="src.pymortests.algorithms.basic" file="src/pymortests/algorithms/basic.py" line="166" name="test_almost_equal_wrong_ind[compatible_vector_array_pair0-&lt;lambda&gt;9]" time="0.0350193977355957"></testcase><testcase classname="src.pymortests.algorithms.basic" file="src/pymortests/algorithms/basic.py" line="166" name="test_almost_equal_wrong_ind[compatible_vector_array_pair0-&lt;lambda&gt;10]" time="0.1147465705871582"></testcase><testcase classname="src.pymortests.algorithms.basic" file="src/pymortests/algorithms/basic.py" line="166" name="test_almost_equal_wrong_ind[compatible_vector_array_pair0-&lt;lambda&gt;11]" time="0.008097648620605469"></testcase><testcase classname="src.pymortests.algorithms.basic" file="src/pymortests/algorithms/basic.py" line="166" name="test_almost_equal_wrong_ind[compatible_vector_array_pair0-&lt;lambda&gt;12]" time="0.0052759647369384766"></testcase><testcase classname="src.pymortests.algorithms.basic" file="src/pymortests/algorithms/basic.py" line="166" name="test_almost_equal_wrong_ind[compatible_vector_array_pair0-&lt;lambda&gt;13]" time="0.009249210357666016"></testcase><testcase classname="src.pymortests.algorithms.basic" file="src/pymortests/algorithms/basic.py" line="166" name="test_almost_equal_wrong_ind[compatible_vector_array_pair0-&lt;lambda&gt;14]" time="0.00771331787109375"></testcase><testcase classname="src.pymortests.algorithms.basic" file="src/pymortests/algorithms/basic.py" line="166" name="test_almost_equal_wrong_ind[compatible_vector_array_pair0-&lt;lambda&gt;15]" time="0.009028911590576172"></testcase><testcase classname="src.pymortests.algorithms.basic" file="src/pymortests/algorithms/basic.py" line="166" name="test_almost_equal_wrong_ind[compatible_vector_array_pair0-&lt;lambda&gt;16]" time="0.014709711074829102"></testcase><testcase classname="src.pymortests.algorithms.basic" file="src/pymortests/algorithms/basic.py" line="166" name="test_almost_equal_wrong_ind[compatible_vector_array_pair0-&lt;lambda&gt;17]" time="0.013580083847045898"></testcase><testcase classname="src.pymortests.algorithms.basic" file="src/pymortests/algorithms/basic.py" line="166" name="test_almost_equal_wrong_ind[compatible_vector_array_pair0-&lt;lambda&gt;18]" time="0.005074977874755859"></testcase><testcase classname="src.pymortests.algorithms.basic" file="src/pymortests/algorithms/basic.py" line="166" name="test_almost_equal_wrong_ind[compatible_vector_array_pair0-&lt;lambda&gt;19]" time="0.0042765140533447266"></testcase><testcase classname="src.pymortests.algorithms.basic" file="src/pymortests/algorithms/basic.py" line="166" name="test_almost_equal_wrong_ind[compatible_vector_array_pair0-&lt;lambda&gt;20]" time="0.04021763801574707"></testcase><testcase classname="src.pymortests.algorithms.basic" file="src/pymortests/algorithms/basic.py" line="166" name="test_almost_equal_wrong_ind[compatible_vector_array_pair0-&lt;lambda&gt;21]" time="0.044148921966552734"></testcase><testcase classname="src.pymortests.algorithms.basic" file="src/pymortests/algorithms/basic.py" line="166" name="test_almost_equal_wrong_ind[compatible_vector_array_pair0-&lt;lambda&gt;22]" time="0.14814519882202148"></testcase><testcase classname="src.pymortests.algorithms.basic" file="src/pymortests/algorithms/basic.py" line="166" name="test_almost_equal_wrong_ind[compatible_vector_array_pair0-&lt;lambda&gt;23]" time="0.009124040603637695"></testcase><testcase classname="src.pymortests.algorithms.basic" file="src/pymortests/algorithms/basic.py" line="166" name="test_almost_equal_wrong_ind[compatible_vector_array_pair0-&lt;lambda&gt;24]" time="0.003511190414428711"></testcase><testcase classname="src.pymortests.algorithms.basic" file="src/pymortests/algorithms/basic.py" line="166" name="test_almost_equal_wrong_ind[compatible_vector_array_pair0-&lt;lambda&gt;25]" time="0.004700183868408203"></testcase><testcase classname="src.pymortests.algorithms.basic" file="src/pymortests/algorithms/basic.py" line="166" name="test_almost_equal_wrong_ind[compatible_vector_array_pair0-&lt;lambda&gt;26]" time="0.037416696548461914"></testcase><testcase classname="src.pymortests.algorithms.basic" file="src/pymortests/algorithms/basic.py" line="166" name="test_almost_equal_wrong_ind[compatible_vector_array_pair0-&lt;lambda&gt;27]" time="0.06253886222839355"></testcase><testcase classname="src.pymortests.algorithms.basic" file="src/pymortests/algorithms/basic.py" line="166" name="test_almost_equal_wrong_ind[compatible_vector_array_pair0-&lt;lambda&gt;28]" time="0.21684575080871582"></testcase><testcase classname="src.pymortests.algorithms.basic" file="src/pymortests/algorithms/basic.py" line="166" name="test_almost_equal_wrong_ind[compatible_vector_array_pair0-&lt;lambda&gt;29]" time="0.010779380798339844"></testcase><testcase classname="src.pymortests.algorithms.basic" file="src/pymortests/algorithms/basic.py" line="166" name="test_almost_equal_wrong_ind[compatible_vector_array_pair1-&lt;lambda&gt;0]" time="0.0036163330078125"></testcase><testcase classname="src.pymortests.algorithms.basic" file="src/pymortests/algorithms/basic.py" line="166" name="test_almost_equal_wrong_ind[compatible_vector_array_pair1-&lt;lambda&gt;1]" time="0.0033996105194091797"></testcase><testcase classname="src.pymortests.algorithms.basic" file="src/pymortests/algorithms/basic.py" line="166" name="test_almost_equal_wrong_ind[compatible_vector_array_pair1-&lt;lambda&gt;2]" time="0.0053479671478271484"></testcase><testcase classname="src.pymortests.algorithms.basic" file="src/pymortests/algorithms/basic.py" line="166" name="test_almost_equal_wrong_ind[compatible_vector_array_pair1-&lt;lambda&gt;3]" time="0.007614612579345703"></testcase><testcase classname="src.pymortests.algorithms.basic" file="src/pymortests/algorithms/basic.py" line="166" name="test_almost_equal_wrong_ind[compatible_vector_array_pair1-&lt;lambda&gt;4]" time="0.0077686309814453125"></testcase><testcase classname="src.pymortests.algorithms.basic" file="src/pymortests/algorithms/basic.py" line="166" name="test_almost_equal_wrong_ind[compatible_vector_array_pair1-&lt;lambda&gt;5]" time="0.005785226821899414"></testcase><testcase classname="src.pymortests.algorithms.basic" file="src/pymortests/algorithms/basic.py" line="166" name="test_almost_equal_wrong_ind[compatible_vector_array_pair1-&lt;lambda&gt;6]" time="0.0033905506134033203"></testcase><testcase classname="src.pymortests.algorithms.basic" file="src/pymortests/algorithms/basic.py" line="166" name="test_almost_equal_wrong_ind[compatible_vector_array_pair1-&lt;lambda&gt;7]" time="0.0034759044647216797"></testcase><testcase classname="src.pymortests.algorithms.basic" file="src/pymortests/algorithms/basic.py" line="166" name="test_almost_equal_wrong_ind[compatible_vector_array_pair1-&lt;lambda&gt;8]" time="0.0169064998626709"></testcase><testcase classname="src.pymortests.algorithms.basic" file="src/pymortests/algorithms/basic.py" line="166" name="test_almost_equal_wrong_ind[compatible_vector_array_pair1-&lt;lambda&gt;9]" time="0.03635382652282715"></testcase><testcase classname="src.pymortests.algorithms.basic" file="src/pymortests/algorithms/basic.py" line="166" name="test_almost_equal_wrong_ind[compatible_vector_array_pair1-&lt;lambda&gt;10]" time="0.11528658866882324"></testcase><testcase classname="src.pymortests.algorithms.basic" file="src/pymortests/algorithms/basic.py" line="166" name="test_almost_equal_wrong_ind[compatible_vector_array_pair1-&lt;lambda&gt;11]" time="0.008458137512207031"></testcase><testcase classname="src.pymortests.algorithms.basic" file="src/pymortests/algorithms/basic.py" line="166" name="test_almost_equal_wrong_ind[compatible_vector_array_pair1-&lt;lambda&gt;12]" time="0.00537109375"></testcase><testcase classname="src.pymortests.algorithms.basic" file="src/pymortests/algorithms/basic.py" line="166" name="test_almost_equal_wrong_ind[compatible_vector_array_pair1-&lt;lambda&gt;13]" time="0.009653091430664062"></testcase><testcase classname="src.pymortests.algorithms.basic" file="src/pymortests/algorithms/basic.py" line="166" name="test_almost_equal_wrong_ind[compatible_vector_array_pair1-&lt;lambda&gt;14]" time="0.008012056350708008"></testcase><testcase classname="src.pymortests.algorithms.basic" file="src/pymortests/algorithms/basic.py" line="166" name="test_almost_equal_wrong_ind[compatible_vector_array_pair1-&lt;lambda&gt;15]" time="0.009114980697631836"></testcase><testcase classname="src.pymortests.algorithms.basic" file="src/pymortests/algorithms/basic.py" line="166" name="test_almost_equal_wrong_ind[compatible_vector_array_pair1-&lt;lambda&gt;16]" time="0.013327836990356445"></testcase><testcase classname="src.pymortests.algorithms.basic" file="src/pymortests/algorithms/basic.py" line="166" name="test_almost_equal_wrong_ind[compatible_vector_array_pair1-&lt;lambda&gt;17]" time="0.013618707656860352"></testcase><testcase classname="src.pymortests.algorithms.basic" file="src/pymortests/algorithms/basic.py" line="166" name="test_almost_equal_wrong_ind[compatible_vector_array_pair1-&lt;lambda&gt;18]" time="0.0052242279052734375"></testcase><testcase classname="src.pymortests.algorithms.basic" file="src/pymortests/algorithms/basic.py" line="166" name="test_almost_equal_wrong_ind[compatible_vector_array_pair1-&lt;lambda&gt;19]" time="0.004510402679443359"></testcase><testcase classname="src.pymortests.algorithms.basic" file="src/pymortests/algorithms/basic.py" line="166" name="test_almost_equal_wrong_ind[compatible_vector_array_pair1-&lt;lambda&gt;20]" time="0.04204058647155762"></testcase><testcase classname="src.pymortests.algorithms.basic" file="src/pymortests/algorithms/basic.py" line="166" name="test_almost_equal_wrong_ind[compatible_vector_array_pair1-&lt;lambda&gt;21]" time="0.043526649475097656"></testcase><testcase classname="src.pymortests.algorithms.basic" file="src/pymortests/algorithms/basic.py" line="166" name="test_almost_equal_wrong_ind[compatible_vector_array_pair1-&lt;lambda&gt;22]" time="0.14676904678344727"></testcase><testcase classname="src.pymortests.algorithms.basic" file="src/pymortests/algorithms/basic.py" line="166" name="test_almost_equal_wrong_ind[compatible_vector_array_pair1-&lt;lambda&gt;23]" time="0.008858680725097656"></testcase><testcase classname="src.pymortests.algorithms.basic" file="src/pymortests/algorithms/basic.py" line="166" name="test_almost_equal_wrong_ind[compatible_vector_array_pair1-&lt;lambda&gt;24]" time="0.003404855728149414"></testcase><testcase classname="src.pymortests.algorithms.basic" file="src/pymortests/algorithms/basic.py" line="166" name="test_almost_equal_wrong_ind[compatible_vector_array_pair1-&lt;lambda&gt;25]" time="0.004410266876220703"></testcase><testcase classname="src.pymortests.algorithms.basic" file="src/pymortests/algorithms/basic.py" line="166" name="test_almost_equal_wrong_ind[compatible_vector_array_pair1-&lt;lambda&gt;26]" time="0.03646278381347656"></testcase><testcase classname="src.pymortests.algorithms.basic" file="src/pymortests/algorithms/basic.py" line="166" name="test_almost_equal_wrong_ind[compatible_vector_array_pair1-&lt;lambda&gt;27]" time="0.06037545204162598"></testcase><testcase classname="src.pymortests.algorithms.basic" file="src/pymortests/algorithms/basic.py" line="166" name="test_almost_equal_wrong_ind[compatible_vector_array_pair1-&lt;lambda&gt;28]" time="0.21837806701660156"></testcase><testcase classname="src.pymortests.algorithms.basic" file="src/pymortests/algorithms/basic.py" line="166" name="test_almost_equal_wrong_ind[compatible_vector_array_pair1-&lt;lambda&gt;29]" time="0.010407209396362305"></testcase><testcase classname="src.pymortests.algorithms.basic" file="src/pymortests/algorithms/basic.py" line="166" name="test_almost_equal_wrong_ind[compatible_vector_array_pair2-&lt;lambda&gt;0]" time="0.0035843849182128906"></testcase><testcase classname="src.pymortests.algorithms.basic" file="src/pymortests/algorithms/basic.py" line="166" name="test_almost_equal_wrong_ind[compatible_vector_array_pair2-&lt;lambda&gt;1]" time="0.0034880638122558594"></testcase><testcase classname="src.pymortests.algorithms.basic" file="src/pymortests/algorithms/basic.py" line="166" name="test_almost_equal_wrong_ind[compatible_vector_array_pair2-&lt;lambda&gt;2]" time="0.005322456359863281"></testcase><testcase classname="src.pymortests.algorithms.basic" file="src/pymortests/algorithms/basic.py" line="166" name="test_almost_equal_wrong_ind[compatible_vector_array_pair2-&lt;lambda&gt;3]" time="0.007435798645019531"></testcase><testcase classname="src.pymortests.algorithms.basic" file="src/pymortests/algorithms/basic.py" line="166" name="test_almost_equal_wrong_ind[compatible_vector_array_pair2-&lt;lambda&gt;4]" time="0.007506132125854492"></testcase><testcase classname="src.pymortests.algorithms.basic" file="src/pymortests/algorithms/basic.py" line="166" name="test_almost_equal_wrong_ind[compatible_vector_array_pair2-&lt;lambda&gt;5]" time="0.005646228790283203"></testcase><testcase classname="src.pymortests.algorithms.basic" file="src/pymortests/algorithms/basic.py" line="166" name="test_almost_equal_wrong_ind[compatible_vector_array_pair2-&lt;lambda&gt;6]" time="0.003421306610107422"></testcase><testcase classname="src.pymortests.algorithms.basic" file="src/pymortests/algorithms/basic.py" line="166" name="test_almost_equal_wrong_ind[compatible_vector_array_pair2-&lt;lambda&gt;7]" time="0.0034148693084716797"></testcase><testcase classname="src.pymortests.algorithms.basic" file="src/pymortests/algorithms/basic.py" line="166" name="test_almost_equal_wrong_ind[compatible_vector_array_pair2-&lt;lambda&gt;8]" time="0.01688981056213379"></testcase><testcase classname="src.pymortests.algorithms.basic" file="src/pymortests/algorithms/basic.py" line="166" name="test_almost_equal_wrong_ind[compatible_vector_array_pair2-&lt;lambda&gt;9]" time="0.03464484214782715"></testcase><testcase classname="src.pymortests.algorithms.basic" file="src/pymortests/algorithms/basic.py" line="166" name="test_almost_equal_wrong_ind[compatible_vector_array_pair2-&lt;lambda&gt;10]" time="0.11257100105285645"></testcase><testcase classname="src.pymortests.algorithms.basic" file="src/pymortests/algorithms/basic.py" line="166" name="test_almost_equal_wrong_ind[compatible_vector_array_pair2-&lt;lambda&gt;11]" time="0.007915258407592773"></testcase><testcase classname="src.pymortests.algorithms.basic" file="src/pymortests/algorithms/basic.py" line="166" name="test_almost_equal_wrong_ind[compatible_vector_array_pair2-&lt;lambda&gt;12]" time="0.005275249481201172"></testcase><testcase classname="src.pymortests.algorithms.basic" file="src/pymortests/algorithms/basic.py" line="166" name="test_almost_equal_wrong_ind[compatible_vector_array_pair2-&lt;lambda&gt;13]" time="0.009308338165283203"></testcase><testcase classname="src.pymortests.algorithms.basic" file="src/pymortests/algorithms/basic.py" line="166" name="test_almost_equal_wrong_ind[compatible_vector_array_pair2-&lt;lambda&gt;14]" time="0.00784754753112793"></testcase><testcase classname="src.pymortests.algorithms.basic" file="src/pymortests/algorithms/basic.py" line="166" name="test_almost_equal_wrong_ind[compatible_vector_array_pair2-&lt;lambda&gt;15]" time="0.00911855697631836"></testcase><testcase classname="src.pymortests.algorithms.basic" file="src/pymortests/algorithms/basic.py" line="166" name="test_almost_equal_wrong_ind[compatible_vector_array_pair2-&lt;lambda&gt;16]" time="0.013439178466796875"></testcase><testcase classname="src.pymortests.algorithms.basic" file="src/pymortests/algorithms/basic.py" line="166" name="test_almost_equal_wrong_ind[compatible_vector_array_pair2-&lt;lambda&gt;17]" time="0.013603448867797852"></testcase><testcase classname="src.pymortests.algorithms.basic" file="src/pymortests/algorithms/basic.py" line="166" name="test_almost_equal_wrong_ind[compatible_vector_array_pair2-&lt;lambda&gt;18]" time="0.0052471160888671875"></testcase><testcase classname="src.pymortests.algorithms.basic" file="src/pymortests/algorithms/basic.py" line="166" name="test_almost_equal_wrong_ind[compatible_vector_array_pair2-&lt;lambda&gt;19]" time="0.004245281219482422"></testcase><testcase classname="src.pymortests.algorithms.basic" file="src/pymortests/algorithms/basic.py" line="166" name="test_almost_equal_wrong_ind[compatible_vector_array_pair2-&lt;lambda&gt;20]" time="0.04091215133666992"></testcase><testcase classname="src.pymortests.algorithms.basic" file="src/pymortests/algorithms/basic.py" line="166" name="test_almost_equal_wrong_ind[compatible_vector_array_pair2-&lt;lambda&gt;21]" time="0.044677019119262695"></testcase><testcase classname="src.pymortests.algorithms.basic" file="src/pymortests/algorithms/basic.py" line="166" name="test_almost_equal_wrong_ind[compatible_vector_array_pair2-&lt;lambda&gt;22]" time="0.14631438255310059"></testcase><testcase classname="src.pymortests.algorithms.basic" file="src/pymortests/algorithms/basic.py" line="166" name="test_almost_equal_wrong_ind[compatible_vector_array_pair2-&lt;lambda&gt;23]" time="0.00886845588684082"></testcase><testcase classname="src.pymortests.algorithms.basic" file="src/pymortests/algorithms/basic.py" line="166" name="test_almost_equal_wrong_ind[compatible_vector_array_pair2-&lt;lambda&gt;24]" time="0.0033702850341796875"></testcase><testcase classname="src.pymortests.algorithms.basic" file="src/pymortests/algorithms/basic.py" line="166" name="test_almost_equal_wrong_ind[compatible_vector_array_pair2-&lt;lambda&gt;25]" time="0.004514455795288086"></testcase><testcase classname="src.pymortests.algorithms.basic" file="src/pymortests/algorithms/basic.py" line="166" name="test_almost_equal_wrong_ind[compatible_vector_array_pair2-&lt;lambda&gt;26]" time="0.03649401664733887"></testcase><testcase classname="src.pymortests.algorithms.basic" file="src/pymortests/algorithms/basic.py" line="166" name="test_almost_equal_wrong_ind[compatible_vector_array_pair2-&lt;lambda&gt;27]" time="0.0631411075592041"></testcase><testcase classname="src.pymortests.algorithms.basic" file="src/pymortests/algorithms/basic.py" line="166" name="test_almost_equal_wrong_ind[compatible_vector_array_pair2-&lt;lambda&gt;28]" time="0.21859312057495117"></testcase><testcase classname="src.pymortests.algorithms.basic" file="src/pymortests/algorithms/basic.py" line="166" name="test_almost_equal_wrong_ind[compatible_vector_array_pair2-&lt;lambda&gt;29]" time="0.010826349258422852"></testcase><testcase classname="src.pymortests.algorithms.basic" file="src/pymortests/algorithms/basic.py" line="166" name="test_almost_equal_wrong_ind[compatible_vector_array_pair3-&lt;lambda&gt;0]" time="0.0036933422088623047"></testcase><testcase classname="src.pymortests.algorithms.basic" file="src/pymortests/algorithms/basic.py" line="166" name="test_almost_equal_wrong_ind[compatible_vector_array_pair3-&lt;lambda&gt;1]" time="0.0034329891204833984"></testcase><testcase classname="src.pymortests.algorithms.basic" file="src/pymortests/algorithms/basic.py" line="166" name="test_almost_equal_wrong_ind[compatible_vector_array_pair3-&lt;lambda&gt;2]" time="0.005385398864746094"></testcase><testcase classname="src.pymortests.algorithms.basic" file="src/pymortests/algorithms/basic.py" line="166" name="test_almost_equal_wrong_ind[compatible_vector_array_pair3-&lt;lambda&gt;3]" time="0.0075473785400390625"></testcase><testcase classname="src.pymortests.algorithms.basic" file="src/pymortests/algorithms/basic.py" line="166" name="test_almost_equal_wrong_ind[compatible_vector_array_pair3-&lt;lambda&gt;4]" time="0.007776021957397461"></testcase><testcase classname="src.pymortests.algorithms.basic" file="src/pymortests/algorithms/basic.py" line="166" name="test_almost_equal_wrong_ind[compatible_vector_array_pair3-&lt;lambda&gt;5]" time="0.005921125411987305"></testcase><testcase classname="src.pymortests.algorithms.basic" file="src/pymortests/algorithms/basic.py" line="166" name="test_almost_equal_wrong_ind[compatible_vector_array_pair3-&lt;lambda&gt;6]" time="0.003295421600341797"></testcase><testcase classname="src.pymortests.algorithms.basic" file="src/pymortests/algorithms/basic.py" line="166" name="test_almost_equal_wrong_ind[compatible_vector_array_pair3-&lt;lambda&gt;7]" time="0.0034019947052001953"></testcase><testcase classname="src.pymortests.algorithms.basic" file="src/pymortests/algorithms/basic.py" line="166" name="test_almost_equal_wrong_ind[compatible_vector_array_pair3-&lt;lambda&gt;8]" time="0.01722860336303711"></testcase><testcase classname="src.pymortests.algorithms.basic" file="src/pymortests/algorithms/basic.py" line="166" name="test_almost_equal_wrong_ind[compatible_vector_array_pair3-&lt;lambda&gt;9]" time="0.034734487533569336"></testcase><testcase classname="src.pymortests.algorithms.basic" file="src/pymortests/algorithms/basic.py" line="166" name="test_almost_equal_wrong_ind[compatible_vector_array_pair3-&lt;lambda&gt;10]" time="0.11278557777404785"></testcase><testcase classname="src.pymortests.algorithms.basic" file="src/pymortests/algorithms/basic.py" line="166" name="test_almost_equal_wrong_ind[compatible_vector_array_pair3-&lt;lambda&gt;11]" time="0.008201360702514648"></testcase><testcase classname="src.pymortests.algorithms.basic" file="src/pymortests/algorithms/basic.py" line="166" name="test_almost_equal_wrong_ind[compatible_vector_array_pair3-&lt;lambda&gt;12]" time="0.005299806594848633"></testcase><testcase classname="src.pymortests.algorithms.basic" file="src/pymortests/algorithms/basic.py" line="166" name="test_almost_equal_wrong_ind[compatible_vector_array_pair3-&lt;lambda&gt;13]" time="0.009232759475708008"></testcase><testcase classname="src.pymortests.algorithms.basic" file="src/pymortests/algorithms/basic.py" line="166" name="test_almost_equal_wrong_ind[compatible_vector_array_pair3-&lt;lambda&gt;14]" time="0.007794618606567383"></testcase><testcase classname="src.pymortests.algorithms.basic" file="src/pymortests/algorithms/basic.py" line="166" name="test_almost_equal_wrong_ind[compatible_vector_array_pair3-&lt;lambda&gt;15]" time="0.009143352508544922"></testcase><testcase classname="src.pymortests.algorithms.basic" file="src/pymortests/algorithms/basic.py" line="166" name="test_almost_equal_wrong_ind[compatible_vector_array_pair3-&lt;lambda&gt;16]" time="0.013168096542358398"></testcase><testcase classname="src.pymortests.algorithms.basic" file="src/pymortests/algorithms/basic.py" line="166" name="test_almost_equal_wrong_ind[compatible_vector_array_pair3-&lt;lambda&gt;17]" time="0.013555288314819336"></testcase><testcase classname="src.pymortests.algorithms.basic" file="src/pymortests/algorithms/basic.py" line="166" name="test_almost_equal_wrong_ind[compatible_vector_array_pair3-&lt;lambda&gt;18]" time="0.005011081695556641"></testcase><testcase classname="src.pymortests.algorithms.basic" file="src/pymortests/algorithms/basic.py" line="166" name="test_almost_equal_wrong_ind[compatible_vector_array_pair3-&lt;lambda&gt;19]" time="0.004280805587768555"></testcase><testcase classname="src.pymortests.algorithms.basic" file="src/pymortests/algorithms/basic.py" line="166" name="test_almost_equal_wrong_ind[compatible_vector_array_pair3-&lt;lambda&gt;20]" time="0.03946638107299805"></testcase><testcase classname="src.pymortests.algorithms.basic" file="src/pymortests/algorithms/basic.py" line="166" name="test_almost_equal_wrong_ind[compatible_vector_array_pair3-&lt;lambda&gt;21]" time="0.04480290412902832"></testcase><testcase classname="src.pymortests.algorithms.basic" file="src/pymortests/algorithms/basic.py" line="166" name="test_almost_equal_wrong_ind[compatible_vector_array_pair3-&lt;lambda&gt;22]" time="0.146806001663208"></testcase><testcase classname="src.pymortests.algorithms.basic" file="src/pymortests/algorithms/basic.py" line="166" name="test_almost_equal_wrong_ind[compatible_vector_array_pair3-&lt;lambda&gt;23]" time="0.008905410766601562"></testcase><testcase classname="src.pymortests.algorithms.basic" file="src/pymortests/algorithms/basic.py" line="166" name="test_almost_equal_wrong_ind[compatible_vector_array_pair3-&lt;lambda&gt;24]" time="0.0034711360931396484"></testcase><testcase classname="src.pymortests.algorithms.basic" file="src/pymortests/algorithms/basic.py" line="166" name="test_almost_equal_wrong_ind[compatible_vector_array_pair3-&lt;lambda&gt;25]" time="0.004523038864135742"></testcase><testcase classname="src.pymortests.algorithms.basic" file="src/pymortests/algorithms/basic.py" line="166" name="test_almost_equal_wrong_ind[compatible_vector_array_pair3-&lt;lambda&gt;26]" time="0.037397146224975586"></testcase><testcase classname="src.pymortests.algorithms.basic" file="src/pymortests/algorithms/basic.py" line="166" name="test_almost_equal_wrong_ind[compatible_vector_array_pair3-&lt;lambda&gt;27]" time="0.06144976615905762"></testcase><testcase classname="src.pymortests.algorithms.basic" file="src/pymortests/algorithms/basic.py" line="166" name="test_almost_equal_wrong_ind[compatible_vector_array_pair3-&lt;lambda&gt;28]" time="0.21432018280029297"></testcase><testcase classname="src.pymortests.algorithms.basic" file="src/pymortests/algorithms/basic.py" line="166" name="test_almost_equal_wrong_ind[compatible_vector_array_pair3-&lt;lambda&gt;29]" time="0.010968446731567383"></testcase><testcase classname="src.pymortests.algorithms.basic" file="src/pymortests/algorithms/basic.py" line="166" name="test_almost_equal_wrong_ind[compatible_vector_array_pair4-&lt;lambda&gt;0]" time="0.0036399364471435547"></testcase><testcase classname="src.pymortests.algorithms.basic" file="src/pymortests/algorithms/basic.py" line="166" name="test_almost_equal_wrong_ind[compatible_vector_array_pair4-&lt;lambda&gt;1]" time="0.0035085678100585938"></testcase><testcase classname="src.pymortests.algorithms.basic" file="src/pymortests/algorithms/basic.py" line="166" name="test_almost_equal_wrong_ind[compatible_vector_array_pair4-&lt;lambda&gt;2]" time="0.005576610565185547"></testcase><testcase classname="src.pymortests.algorithms.basic" file="src/pymortests/algorithms/basic.py" line="166" name="test_almost_equal_wrong_ind[compatible_vector_array_pair4-&lt;lambda&gt;3]" time="0.00798177719116211"></testcase><testcase classname="src.pymortests.algorithms.basic" file="src/pymortests/algorithms/basic.py" line="166" name="test_almost_equal_wrong_ind[compatible_vector_array_pair4-&lt;lambda&gt;4]" time="0.0077972412109375"></testcase><testcase classname="src.pymortests.algorithms.basic" file="src/pymortests/algorithms/basic.py" line="166" name="test_almost_equal_wrong_ind[compatible_vector_array_pair4-&lt;lambda&gt;5]" time="0.005853891372680664"></testcase><testcase classname="src.pymortests.algorithms.basic" file="src/pymortests/algorithms/basic.py" line="166" name="test_almost_equal_wrong_ind[compatible_vector_array_pair4-&lt;lambda&gt;6]" time="0.0034770965576171875"></testcase><testcase classname="src.pymortests.algorithms.basic" file="src/pymortests/algorithms/basic.py" line="166" name="test_almost_equal_wrong_ind[compatible_vector_array_pair4-&lt;lambda&gt;7]" time="0.0035734176635742188"></testcase><testcase classname="src.pymortests.algorithms.basic" file="src/pymortests/algorithms/basic.py" line="166" name="test_almost_equal_wrong_ind[compatible_vector_array_pair4-&lt;lambda&gt;8]" time="0.016998767852783203"></testcase><testcase classname="src.pymortests.algorithms.basic" file="src/pymortests/algorithms/basic.py" line="166" name="test_almost_equal_wrong_ind[compatible_vector_array_pair4-&lt;lambda&gt;9]" time="0.03497672080993652"></testcase><testcase classname="src.pymortests.algorithms.basic" file="src/pymortests/algorithms/basic.py" line="166" name="test_almost_equal_wrong_ind[compatible_vector_array_pair4-&lt;lambda&gt;10]" time="0.11223292350769043"></testcase><testcase classname="src.pymortests.algorithms.basic" file="src/pymortests/algorithms/basic.py" line="166" name="test_almost_equal_wrong_ind[compatible_vector_array_pair4-&lt;lambda&gt;11]" time="0.007927417755126953"></testcase><testcase classname="src.pymortests.algorithms.basic" file="src/pymortests/algorithms/basic.py" line="166" name="test_almost_equal_wrong_ind[compatible_vector_array_pair4-&lt;lambda&gt;12]" time="0.0053594112396240234"></testcase><testcase classname="src.pymortests.algorithms.basic" file="src/pymortests/algorithms/basic.py" line="166" name="test_almost_equal_wrong_ind[compatible_vector_array_pair4-&lt;lambda&gt;13]" time="0.009270668029785156"></testcase><testcase classname="src.pymortests.algorithms.basic" file="src/pymortests/algorithms/basic.py" line="166" name="test_almost_equal_wrong_ind[compatible_vector_array_pair4-&lt;lambda&gt;14]" time="0.007779121398925781"></testcase><testcase classname="src.pymortests.algorithms.basic" file="src/pymortests/algorithms/basic.py" line="166" name="test_almost_equal_wrong_ind[compatible_vector_array_pair4-&lt;lambda&gt;15]" time="0.009113073348999023"></testcase><testcase classname="src.pymortests.algorithms.basic" file="src/pymortests/algorithms/basic.py" line="166" name="test_almost_equal_wrong_ind[compatible_vector_array_pair4-&lt;lambda&gt;16]" time="0.013367176055908203"></testcase><testcase classname="src.pymortests.algorithms.basic" file="src/pymortests/algorithms/basic.py" line="166" name="test_almost_equal_wrong_ind[compatible_vector_array_pair4-&lt;lambda&gt;17]" time="0.014231443405151367"></testcase><testcase classname="src.pymortests.algorithms.basic" file="src/pymortests/algorithms/basic.py" line="166" name="test_almost_equal_wrong_ind[compatible_vector_array_pair4-&lt;lambda&gt;18]" time="0.005031108856201172"></testcase><testcase classname="src.pymortests.algorithms.basic" file="src/pymortests/algorithms/basic.py" line="166" name="test_almost_equal_wrong_ind[compatible_vector_array_pair4-&lt;lambda&gt;19]" time="0.004423856735229492"></testcase><testcase classname="src.pymortests.algorithms.basic" file="src/pymortests/algorithms/basic.py" line="166" name="test_almost_equal_wrong_ind[compatible_vector_array_pair4-&lt;lambda&gt;20]" time="0.0398709774017334"></testcase><testcase classname="src.pymortests.algorithms.basic" file="src/pymortests/algorithms/basic.py" line="166" name="test_almost_equal_wrong_ind[compatible_vector_array_pair4-&lt;lambda&gt;21]" time="0.04349517822265625"></testcase><testcase classname="src.pymortests.algorithms.basic" file="src/pymortests/algorithms/basic.py" line="166" name="test_almost_equal_wrong_ind[compatible_vector_array_pair4-&lt;lambda&gt;22]" time="0.14703965187072754"></testcase><testcase classname="src.pymortests.algorithms.basic" file="src/pymortests/algorithms/basic.py" line="166" name="test_almost_equal_wrong_ind[compatible_vector_array_pair4-&lt;lambda&gt;23]" time="0.00894784927368164"></testcase><testcase classname="src.pymortests.algorithms.basic" file="src/pymortests/algorithms/basic.py" line="166" name="test_almost_equal_wrong_ind[compatible_vector_array_pair4-&lt;lambda&gt;24]" time="0.0033812522888183594"></testcase><testcase classname="src.pymortests.algorithms.basic" file="src/pymortests/algorithms/basic.py" line="166" name="test_almost_equal_wrong_ind[compatible_vector_array_pair4-&lt;lambda&gt;25]" time="0.004571199417114258"></testcase><testcase classname="src.pymortests.algorithms.basic" file="src/pymortests/algorithms/basic.py" line="166" name="test_almost_equal_wrong_ind[compatible_vector_array_pair4-&lt;lambda&gt;26]" time="0.03732109069824219"></testcase><testcase classname="src.pymortests.algorithms.basic" file="src/pymortests/algorithms/basic.py" line="166" name="test_almost_equal_wrong_ind[compatible_vector_array_pair4-&lt;lambda&gt;27]" time="0.06642436981201172"></testcase><testcase classname="src.pymortests.algorithms.basic" file="src/pymortests/algorithms/basic.py" line="166" name="test_almost_equal_wrong_ind[compatible_vector_array_pair4-&lt;lambda&gt;28]" time="0.21742534637451172"></testcase><testcase classname="src.pymortests.algorithms.basic" file="src/pymortests/algorithms/basic.py" line="166" name="test_almost_equal_wrong_ind[compatible_vector_array_pair4-&lt;lambda&gt;29]" time="0.01068568229675293"></testcase><testcase classname="src.pymortests.algorithms.basic" file="src/pymortests/algorithms/basic.py" line="166" name="test_almost_equal_wrong_ind[compatible_vector_array_pair5-&lt;lambda&gt;0]" time="0.003534078598022461"></testcase><testcase classname="src.pymortests.algorithms.basic" file="src/pymortests/algorithms/basic.py" line="166" name="test_almost_equal_wrong_ind[compatible_vector_array_pair5-&lt;lambda&gt;1]" time="0.0033364295959472656"></testcase><testcase classname="src.pymortests.algorithms.basic" file="src/pymortests/algorithms/basic.py" line="166" name="test_almost_equal_wrong_ind[compatible_vector_array_pair5-&lt;lambda&gt;2]" time="0.005337715148925781"></testcase><testcase classname="src.pymortests.algorithms.basic" file="src/pymortests/algorithms/basic.py" line="166" name="test_almost_equal_wrong_ind[compatible_vector_array_pair5-&lt;lambda&gt;3]" time="0.0076062679290771484"></testcase><testcase classname="src.pymortests.algorithms.basic" file="src/pymortests/algorithms/basic.py" line="166" name="test_almost_equal_wrong_ind[compatible_vector_array_pair5-&lt;lambda&gt;4]" time="0.007651805877685547"></testcase><testcase classname="src.pymortests.algorithms.basic" file="src/pymortests/algorithms/basic.py" line="166" name="test_almost_equal_wrong_ind[compatible_vector_array_pair5-&lt;lambda&gt;5]" time="0.005800962448120117"></testcase><testcase classname="src.pymortests.algorithms.basic" file="src/pymortests/algorithms/basic.py" line="166" name="test_almost_equal_wrong_ind[compatible_vector_array_pair5-&lt;lambda&gt;6]" time="0.0034482479095458984"></testcase><testcase classname="src.pymortests.algorithms.basic" file="src/pymortests/algorithms/basic.py" line="166" name="test_almost_equal_wrong_ind[compatible_vector_array_pair5-&lt;lambda&gt;7]" time="0.0034570693969726562"></testcase><testcase classname="src.pymortests.algorithms.basic" file="src/pymortests/algorithms/basic.py" line="166" name="test_almost_equal_wrong_ind[compatible_vector_array_pair5-&lt;lambda&gt;8]" time="0.016835927963256836"></testcase><testcase classname="src.pymortests.algorithms.basic" file="src/pymortests/algorithms/basic.py" line="166" name="test_almost_equal_wrong_ind[compatible_vector_array_pair5-&lt;lambda&gt;9]" time="0.03499746322631836"></testcase><testcase classname="src.pymortests.algorithms.basic" file="src/pymortests/algorithms/basic.py" line="166" name="test_almost_equal_wrong_ind[compatible_vector_array_pair5-&lt;lambda&gt;10]" time="0.11454963684082031"></testcase><testcase classname="src.pymortests.algorithms.basic" file="src/pymortests/algorithms/basic.py" line="166" name="test_almost_equal_wrong_ind[compatible_vector_array_pair5-&lt;lambda&gt;11]" time="0.007937192916870117"></testcase><testcase classname="src.pymortests.algorithms.basic" file="src/pymortests/algorithms/basic.py" line="166" name="test_almost_equal_wrong_ind[compatible_vector_array_pair5-&lt;lambda&gt;12]" time="0.0056209564208984375"></testcase><testcase classname="src.pymortests.algorithms.basic" file="src/pymortests/algorithms/basic.py" line="166" name="test_almost_equal_wrong_ind[compatible_vector_array_pair5-&lt;lambda&gt;13]" time="0.009723663330078125"></testcase><testcase classname="src.pymortests.algorithms.basic" file="src/pymortests/algorithms/basic.py" line="166" name="test_almost_equal_wrong_ind[compatible_vector_array_pair5-&lt;lambda&gt;14]" time="0.007987737655639648"></testcase><testcase classname="src.pymortests.algorithms.basic" file="src/pymortests/algorithms/basic.py" line="166" name="test_almost_equal_wrong_ind[compatible_vector_array_pair5-&lt;lambda&gt;15]" time="0.010043144226074219"></testcase><testcase classname="src.pymortests.algorithms.basic" file="src/pymortests/algorithms/basic.py" line="166" name="test_almost_equal_wrong_ind[compatible_vector_array_pair5-&lt;lambda&gt;16]" time="0.013484001159667969"></testcase><testcase classname="src.pymortests.algorithms.basic" file="src/pymortests/algorithms/basic.py" line="166" name="test_almost_equal_wrong_ind[compatible_vector_array_pair5-&lt;lambda&gt;17]" time="0.014143943786621094"></testcase><testcase classname="src.pymortests.algorithms.basic" file="src/pymortests/algorithms/basic.py" line="166" name="test_almost_equal_wrong_ind[compatible_vector_array_pair5-&lt;lambda&gt;18]" time="0.005032062530517578"></testcase><testcase classname="src.pymortests.algorithms.basic" file="src/pymortests/algorithms/basic.py" line="166" name="test_almost_equal_wrong_ind[compatible_vector_array_pair5-&lt;lambda&gt;19]" time="0.004267454147338867"></testcase><testcase classname="src.pymortests.algorithms.basic" file="src/pymortests/algorithms/basic.py" line="166" name="test_almost_equal_wrong_ind[compatible_vector_array_pair5-&lt;lambda&gt;20]" time="0.04073452949523926"></testcase><testcase classname="src.pymortests.algorithms.basic" file="src/pymortests/algorithms/basic.py" line="166" name="test_almost_equal_wrong_ind[compatible_vector_array_pair5-&lt;lambda&gt;21]" time="0.044055938720703125"></testcase><testcase classname="src.pymortests.algorithms.basic" file="src/pymortests/algorithms/basic.py" line="166" name="test_almost_equal_wrong_ind[compatible_vector_array_pair5-&lt;lambda&gt;22]" time="0.14587092399597168"></testcase><testcase classname="src.pymortests.algorithms.basic" file="src/pymortests/algorithms/basic.py" line="166" name="test_almost_equal_wrong_ind[compatible_vector_array_pair5-&lt;lambda&gt;23]" time="0.008739948272705078"></testcase><testcase classname="src.pymortests.algorithms.basic" file="src/pymortests/algorithms/basic.py" line="166" name="test_almost_equal_wrong_ind[compatible_vector_array_pair5-&lt;lambda&gt;24]" time="0.003321409225463867"></testcase><testcase classname="src.pymortests.algorithms.basic" file="src/pymortests/algorithms/basic.py" line="166" name="test_almost_equal_wrong_ind[compatible_vector_array_pair5-&lt;lambda&gt;25]" time="0.004470109939575195"></testcase><testcase classname="src.pymortests.algorithms.basic" file="src/pymortests/algorithms/basic.py" line="166" name="test_almost_equal_wrong_ind[compatible_vector_array_pair5-&lt;lambda&gt;26]" time="0.03677487373352051"></testcase><testcase classname="src.pymortests.algorithms.basic" file="src/pymortests/algorithms/basic.py" line="166" name="test_almost_equal_wrong_ind[compatible_vector_array_pair5-&lt;lambda&gt;27]" time="0.06374955177307129"></testcase><testcase classname="src.pymortests.algorithms.basic" file="src/pymortests/algorithms/basic.py" line="166" name="test_almost_equal_wrong_ind[compatible_vector_array_pair5-&lt;lambda&gt;28]" time="0.21733760833740234"></testcase><testcase classname="src.pymortests.algorithms.basic" file="src/pymortests/algorithms/basic.py" line="166" name="test_almost_equal_wrong_ind[compatible_vector_array_pair5-&lt;lambda&gt;29]" time="0.010818004608154297"></testcase><testcase classname="src.pymortests.algorithms.basic" file="src/pymortests/algorithms/basic.py" line="166" name="test_almost_equal_wrong_ind[compatible_vector_array_pair6-&lt;lambda&gt;0]" time="0.00363922119140625"></testcase><testcase classname="src.pymortests.algorithms.basic" file="src/pymortests/algorithms/basic.py" line="166" name="test_almost_equal_wrong_ind[compatible_vector_array_pair6-&lt;lambda&gt;1]" time="0.0035676956176757812"></testcase><testcase classname="src.pymortests.algorithms.basic" file="src/pymortests/algorithms/basic.py" line="166" name="test_almost_equal_wrong_ind[compatible_vector_array_pair6-&lt;lambda&gt;2]" time="0.0054051876068115234"></testcase><testcase classname="src.pymortests.algorithms.basic" file="src/pymortests/algorithms/basic.py" line="166" name="test_almost_equal_wrong_ind[compatible_vector_array_pair6-&lt;lambda&gt;3]" time="0.007546663284301758"></testcase><testcase classname="src.pymortests.algorithms.basic" file="src/pymortests/algorithms/basic.py" line="166" name="test_almost_equal_wrong_ind[compatible_vector_array_pair6-&lt;lambda&gt;4]" time="0.00943136215209961"></testcase><testcase classname="src.pymortests.algorithms.basic" file="src/pymortests/algorithms/basic.py" line="166" name="test_almost_equal_wrong_ind[compatible_vector_array_pair6-&lt;lambda&gt;5]" time="0.0057256221771240234"></testcase><testcase classname="src.pymortests.algorithms.basic" file="src/pymortests/algorithms/basic.py" line="166" name="test_almost_equal_wrong_ind[compatible_vector_array_pair6-&lt;lambda&gt;6]" time="0.003328561782836914"></testcase><testcase classname="src.pymortests.algorithms.basic" file="src/pymortests/algorithms/basic.py" line="166" name="test_almost_equal_wrong_ind[compatible_vector_array_pair6-&lt;lambda&gt;7]" time="0.0034775733947753906"></testcase><testcase classname="src.pymortests.algorithms.basic" file="src/pymortests/algorithms/basic.py" line="166" name="test_almost_equal_wrong_ind[compatible_vector_array_pair6-&lt;lambda&gt;8]" time="0.01699376106262207"></testcase><testcase classname="src.pymortests.algorithms.basic" file="src/pymortests/algorithms/basic.py" line="166" name="test_almost_equal_wrong_ind[compatible_vector_array_pair6-&lt;lambda&gt;9]" time="0.03493952751159668"></testcase><testcase classname="src.pymortests.algorithms.basic" file="src/pymortests/algorithms/basic.py" line="166" name="test_almost_equal_wrong_ind[compatible_vector_array_pair6-&lt;lambda&gt;10]" time="0.11346173286437988"></testcase><testcase classname="src.pymortests.algorithms.basic" file="src/pymortests/algorithms/basic.py" line="166" name="test_almost_equal_wrong_ind[compatible_vector_array_pair6-&lt;lambda&gt;11]" time="0.007921457290649414"></testcase><testcase classname="src.pymortests.algorithms.basic" file="src/pymortests/algorithms/basic.py" line="166" name="test_almost_equal_wrong_ind[compatible_vector_array_pair6-&lt;lambda&gt;12]" time="0.005339622497558594"></testcase><testcase classname="src.pymortests.algorithms.basic" file="src/pymortests/algorithms/basic.py" line="166" name="test_almost_equal_wrong_ind[compatible_vector_array_pair6-&lt;lambda&gt;13]" time="0.009476900100708008"></testcase><testcase classname="src.pymortests.algorithms.basic" file="src/pymortests/algorithms/basic.py" line="166" name="test_almost_equal_wrong_ind[compatible_vector_array_pair6-&lt;lambda&gt;14]" time="0.007917404174804688"></testcase><testcase classname="src.pymortests.algorithms.basic" file="src/pymortests/algorithms/basic.py" line="166" name="test_almost_equal_wrong_ind[compatible_vector_array_pair6-&lt;lambda&gt;15]" time="0.009285211563110352"></testcase><testcase classname="src.pymortests.algorithms.basic" file="src/pymortests/algorithms/basic.py" line="166" name="test_almost_equal_wrong_ind[compatible_vector_array_pair6-&lt;lambda&gt;16]" time="0.013761758804321289"></testcase><testcase classname="src.pymortests.algorithms.basic" file="src/pymortests/algorithms/basic.py" line="166" name="test_almost_equal_wrong_ind[compatible_vector_array_pair6-&lt;lambda&gt;17]" time="0.013632535934448242"></testcase><testcase classname="src.pymortests.algorithms.basic" file="src/pymortests/algorithms/basic.py" line="166" name="test_almost_equal_wrong_ind[compatible_vector_array_pair6-&lt;lambda&gt;18]" time="0.0051555633544921875"></testcase><testcase classname="src.pymortests.algorithms.basic" file="src/pymortests/algorithms/basic.py" line="166" name="test_almost_equal_wrong_ind[compatible_vector_array_pair6-&lt;lambda&gt;19]" time="0.00446009635925293"></testcase><testcase classname="src.pymortests.algorithms.basic" file="src/pymortests/algorithms/basic.py" line="166" name="test_almost_equal_wrong_ind[compatible_vector_array_pair6-&lt;lambda&gt;20]" time="0.04070258140563965"></testcase><testcase classname="src.pymortests.algorithms.basic" file="src/pymortests/algorithms/basic.py" line="166" name="test_almost_equal_wrong_ind[compatible_vector_array_pair6-&lt;lambda&gt;21]" time="0.0447239875793457"></testcase><testcase classname="src.pymortests.algorithms.basic" file="src/pymortests/algorithms/basic.py" line="166" name="test_almost_equal_wrong_ind[compatible_vector_array_pair6-&lt;lambda&gt;22]" time="0.14598965644836426"></testcase><testcase classname="src.pymortests.algorithms.basic" file="src/pymortests/algorithms/basic.py" line="166" name="test_almost_equal_wrong_ind[compatible_vector_array_pair6-&lt;lambda&gt;23]" time="0.008951425552368164"></testcase><testcase classname="src.pymortests.algorithms.basic" file="src/pymortests/algorithms/basic.py" line="166" name="test_almost_equal_wrong_ind[compatible_vector_array_pair6-&lt;lambda&gt;24]" time="0.0034513473510742188"></testcase><testcase classname="src.pymortests.algorithms.basic" file="src/pymortests/algorithms/basic.py" line="166" name="test_almost_equal_wrong_ind[compatible_vector_array_pair6-&lt;lambda&gt;25]" time="0.005099773406982422"></testcase><testcase classname="src.pymortests.algorithms.basic" file="src/pymortests/algorithms/basic.py" line="166" name="test_almost_equal_wrong_ind[compatible_vector_array_pair6-&lt;lambda&gt;26]" time="0.0370182991027832"></testcase><testcase classname="src.pymortests.algorithms.basic" file="src/pymortests/algorithms/basic.py" line="166" name="test_almost_equal_wrong_ind[compatible_vector_array_pair6-&lt;lambda&gt;27]" time="0.06108593940734863"></testcase><testcase classname="src.pymortests.algorithms.basic" file="src/pymortests/algorithms/basic.py" line="166" name="test_almost_equal_wrong_ind[compatible_vector_array_pair6-&lt;lambda&gt;28]" time="0.21869897842407227"></testcase><testcase classname="src.pymortests.algorithms.basic" file="src/pymortests/algorithms/basic.py" line="166" name="test_almost_equal_wrong_ind[compatible_vector_array_pair6-&lt;lambda&gt;29]" time="0.010655641555786133"></testcase><testcase classname="src.pymortests.algorithms.basic" file="src/pymortests/algorithms/basic.py" line="166" name="test_almost_equal_wrong_ind[compatible_vector_array_pair7-&lt;lambda&gt;0]" time="0.0035965442657470703"></testcase><testcase classname="src.pymortests.algorithms.basic" file="src/pymortests/algorithms/basic.py" line="166" name="test_almost_equal_wrong_ind[compatible_vector_array_pair7-&lt;lambda&gt;1]" time="0.0034580230712890625"></testcase><testcase classname="src.pymortests.algorithms.basic" file="src/pymortests/algorithms/basic.py" line="166" name="test_almost_equal_wrong_ind[compatible_vector_array_pair7-&lt;lambda&gt;2]" time="0.005407571792602539"></testcase><testcase classname="src.pymortests.algorithms.basic" file="src/pymortests/algorithms/basic.py" line="166" name="test_almost_equal_wrong_ind[compatible_vector_array_pair7-&lt;lambda&gt;3]" time="0.007731199264526367"></testcase><testcase classname="src.pymortests.algorithms.basic" file="src/pymortests/algorithms/basic.py" line="166" name="test_almost_equal_wrong_ind[compatible_vector_array_pair7-&lt;lambda&gt;4]" time="0.0077288150787353516"></testcase><testcase classname="src.pymortests.algorithms.basic" file="src/pymortests/algorithms/basic.py" line="166" name="test_almost_equal_wrong_ind[compatible_vector_array_pair7-&lt;lambda&gt;5]" time="0.005801677703857422"></testcase><testcase classname="src.pymortests.algorithms.basic" file="src/pymortests/algorithms/basic.py" line="166" name="test_almost_equal_wrong_ind[compatible_vector_array_pair7-&lt;lambda&gt;6]" time="0.0034093856811523438"></testcase><testcase classname="src.pymortests.algorithms.basic" file="src/pymortests/algorithms/basic.py" line="166" name="test_almost_equal_wrong_ind[compatible_vector_array_pair7-&lt;lambda&gt;7]" time="0.003412485122680664"></testcase><testcase classname="src.pymortests.algorithms.basic" file="src/pymortests/algorithms/basic.py" line="166" name="test_almost_equal_wrong_ind[compatible_vector_array_pair7-&lt;lambda&gt;8]" time="0.016852140426635742"></testcase><testcase classname="src.pymortests.algorithms.basic" file="src/pymortests/algorithms/basic.py" line="166" name="test_almost_equal_wrong_ind[compatible_vector_array_pair7-&lt;lambda&gt;9]" time="0.03473663330078125"></testcase><testcase classname="src.pymortests.algorithms.basic" file="src/pymortests/algorithms/basic.py" line="166" name="test_almost_equal_wrong_ind[compatible_vector_array_pair7-&lt;lambda&gt;10]" time="0.11421537399291992"></testcase><testcase classname="src.pymortests.algorithms.basic" file="src/pymortests/algorithms/basic.py" line="166" name="test_almost_equal_wrong_ind[compatible_vector_array_pair7-&lt;lambda&gt;11]" time="0.00786733627319336"></testcase><testcase classname="src.pymortests.algorithms.basic" file="src/pymortests/algorithms/basic.py" line="166" name="test_almost_equal_wrong_ind[compatible_vector_array_pair7-&lt;lambda&gt;12]" time="0.005379915237426758"></testcase><testcase classname="src.pymortests.algorithms.basic" file="src/pymortests/algorithms/basic.py" line="166" name="test_almost_equal_wrong_ind[compatible_vector_array_pair7-&lt;lambda&gt;13]" time="0.009509086608886719"></testcase><testcase classname="src.pymortests.algorithms.basic" file="src/pymortests/algorithms/basic.py" line="166" name="test_almost_equal_wrong_ind[compatible_vector_array_pair7-&lt;lambda&gt;14]" time="0.008013248443603516"></testcase><testcase classname="src.pymortests.algorithms.basic" file="src/pymortests/algorithms/basic.py" line="166" name="test_almost_equal_wrong_ind[compatible_vector_array_pair7-&lt;lambda&gt;15]" time="0.009128093719482422"></testcase><testcase classname="src.pymortests.algorithms.basic" file="src/pymortests/algorithms/basic.py" line="166" name="test_almost_equal_wrong_ind[compatible_vector_array_pair7-&lt;lambda&gt;16]" time="0.014063835144042969"></testcase><testcase classname="src.pymortests.algorithms.basic" file="src/pymortests/algorithms/basic.py" line="166" name="test_almost_equal_wrong_ind[compatible_vector_array_pair7-&lt;lambda&gt;17]" time="0.013745546340942383"></testcase><testcase classname="src.pymortests.algorithms.basic" file="src/pymortests/algorithms/basic.py" line="166" name="test_almost_equal_wrong_ind[compatible_vector_array_pair7-&lt;lambda&gt;18]" time="0.005111217498779297"></testcase><testcase classname="src.pymortests.algorithms.basic" file="src/pymortests/algorithms/basic.py" line="166" name="test_almost_equal_wrong_ind[compatible_vector_array_pair7-&lt;lambda&gt;19]" time="0.004241466522216797"></testcase><testcase classname="src.pymortests.algorithms.basic" file="src/pymortests/algorithms/basic.py" line="166" name="test_almost_equal_wrong_ind[compatible_vector_array_pair7-&lt;lambda&gt;20]" time="0.040358781814575195"></testcase><testcase classname="src.pymortests.algorithms.basic" file="src/pymortests/algorithms/basic.py" line="166" name="test_almost_equal_wrong_ind[compatible_vector_array_pair7-&lt;lambda&gt;21]" time="0.044127464294433594"></testcase><testcase classname="src.pymortests.algorithms.basic" file="src/pymortests/algorithms/basic.py" line="166" name="test_almost_equal_wrong_ind[compatible_vector_array_pair7-&lt;lambda&gt;22]" time="0.14654064178466797"></testcase><testcase classname="src.pymortests.algorithms.basic" file="src/pymortests/algorithms/basic.py" line="166" name="test_almost_equal_wrong_ind[compatible_vector_array_pair7-&lt;lambda&gt;23]" time="0.008873701095581055"></testcase><testcase classname="src.pymortests.algorithms.basic" file="src/pymortests/algorithms/basic.py" line="166" name="test_almost_equal_wrong_ind[compatible_vector_array_pair7-&lt;lambda&gt;24]" time="0.003522634506225586"></testcase><testcase classname="src.pymortests.algorithms.basic" file="src/pymortests/algorithms/basic.py" line="166" name="test_almost_equal_wrong_ind[compatible_vector_array_pair7-&lt;lambda&gt;25]" time="0.004938364028930664"></testcase><testcase classname="src.pymortests.algorithms.basic" file="src/pymortests/algorithms/basic.py" line="166" name="test_almost_equal_wrong_ind[compatible_vector_array_pair7-&lt;lambda&gt;26]" time="0.036179304122924805"></testcase><testcase classname="src.pymortests.algorithms.basic" file="src/pymortests/algorithms/basic.py" line="166" name="test_almost_equal_wrong_ind[compatible_vector_array_pair7-&lt;lambda&gt;27]" time="0.061287641525268555"></testcase><testcase classname="src.pymortests.algorithms.basic" file="src/pymortests/algorithms/basic.py" line="166" name="test_almost_equal_wrong_ind[compatible_vector_array_pair7-&lt;lambda&gt;28]" time="0.21669220924377441"></testcase><testcase classname="src.pymortests.algorithms.basic" file="src/pymortests/algorithms/basic.py" line="166" name="test_almost_equal_wrong_ind[compatible_vector_array_pair7-&lt;lambda&gt;29]" time="0.010762453079223633"></testcase><testcase classname="src.pymortests.algorithms.basic" file="src/pymortests/algorithms/basic.py" line="166" name="test_almost_equal_wrong_ind[compatible_vector_array_pair8-&lt;lambda&gt;0]" time="0.0038971900939941406"></testcase><testcase classname="src.pymortests.algorithms.basic" file="src/pymortests/algorithms/basic.py" line="166" name="test_almost_equal_wrong_ind[compatible_vector_array_pair8-&lt;lambda&gt;1]" time="0.0035037994384765625"></testcase><testcase classname="src.pymortests.algorithms.basic" file="src/pymortests/algorithms/basic.py" line="166" name="test_almost_equal_wrong_ind[compatible_vector_array_pair8-&lt;lambda&gt;2]" time="0.0054891109466552734"></testcase><testcase classname="src.pymortests.algorithms.basic" file="src/pymortests/algorithms/basic.py" line="166" name="test_almost_equal_wrong_ind[compatible_vector_array_pair8-&lt;lambda&gt;3]" time="0.007840871810913086"></testcase><testcase classname="src.pymortests.algorithms.basic" file="src/pymortests/algorithms/basic.py" line="166" name="test_almost_equal_wrong_ind[compatible_vector_array_pair8-&lt;lambda&gt;4]" time="0.00789332389831543"></testcase><testcase classname="src.pymortests.algorithms.basic" file="src/pymortests/algorithms/basic.py" line="166" name="test_almost_equal_wrong_ind[compatible_vector_array_pair8-&lt;lambda&gt;5]" time="0.005754709243774414"></testcase><testcase classname="src.pymortests.algorithms.basic" file="src/pymortests/algorithms/basic.py" line="166" name="test_almost_equal_wrong_ind[compatible_vector_array_pair8-&lt;lambda&gt;6]" time="0.0034036636352539062"></testcase><testcase classname="src.pymortests.algorithms.basic" file="src/pymortests/algorithms/basic.py" line="166" name="test_almost_equal_wrong_ind[compatible_vector_array_pair8-&lt;lambda&gt;7]" time="0.003496885299682617"></testcase><testcase classname="src.pymortests.algorithms.basic" file="src/pymortests/algorithms/basic.py" line="166" name="test_almost_equal_wrong_ind[compatible_vector_array_pair8-&lt;lambda&gt;8]" time="0.016794204711914062"></testcase><testcase classname="src.pymortests.algorithms.basic" file="src/pymortests/algorithms/basic.py" line="166" name="test_almost_equal_wrong_ind[compatible_vector_array_pair8-&lt;lambda&gt;9]" time="0.03461027145385742"></testcase><testcase classname="src.pymortests.algorithms.basic" file="src/pymortests/algorithms/basic.py" line="166" name="test_almost_equal_wrong_ind[compatible_vector_array_pair8-&lt;lambda&gt;10]" time="0.11298918724060059"></testcase><testcase classname="src.pymortests.algorithms.basic" file="src/pymortests/algorithms/basic.py" line="166" name="test_almost_equal_wrong_ind[compatible_vector_array_pair8-&lt;lambda&gt;11]" time="0.007852554321289062"></testcase><testcase classname="src.pymortests.algorithms.basic" file="src/pymortests/algorithms/basic.py" line="166" name="test_almost_equal_wrong_ind[compatible_vector_array_pair8-&lt;lambda&gt;12]" time="0.005281686782836914"></testcase><testcase classname="src.pymortests.algorithms.basic" file="src/pymortests/algorithms/basic.py" line="166" name="test_almost_equal_wrong_ind[compatible_vector_array_pair8-&lt;lambda&gt;13]" time="0.009398698806762695"></testcase><testcase classname="src.pymortests.algorithms.basic" file="src/pymortests/algorithms/basic.py" line="166" name="test_almost_equal_wrong_ind[compatible_vector_array_pair8-&lt;lambda&gt;14]" time="0.007741212844848633"></testcase><testcase classname="src.pymortests.algorithms.basic" file="src/pymortests/algorithms/basic.py" line="166" name="test_almost_equal_wrong_ind[compatible_vector_array_pair8-&lt;lambda&gt;15]" time="0.008950948715209961"></testcase><testcase classname="src.pymortests.algorithms.basic" file="src/pymortests/algorithms/basic.py" line="166" name="test_almost_equal_wrong_ind[compatible_vector_array_pair8-&lt;lambda&gt;16]" time="0.01321554183959961"></testcase><testcase classname="src.pymortests.algorithms.basic" file="src/pymortests/algorithms/basic.py" line="166" name="test_almost_equal_wrong_ind[compatible_vector_array_pair8-&lt;lambda&gt;17]" time="0.013532876968383789"></testcase><testcase classname="src.pymortests.algorithms.basic" file="src/pymortests/algorithms/basic.py" line="166" name="test_almost_equal_wrong_ind[compatible_vector_array_pair8-&lt;lambda&gt;18]" time="0.004179716110229492"></testcase><testcase classname="src.pymortests.algorithms.basic" file="src/pymortests/algorithms/basic.py" line="166" name="test_almost_equal_wrong_ind[compatible_vector_array_pair8-&lt;lambda&gt;19]" time="0.004274606704711914"></testcase><testcase classname="src.pymortests.algorithms.basic" file="src/pymortests/algorithms/basic.py" line="166" name="test_almost_equal_wrong_ind[compatible_vector_array_pair8-&lt;lambda&gt;20]" time="0.03976106643676758"></testcase><testcase classname="src.pymortests.algorithms.basic" file="src/pymortests/algorithms/basic.py" line="166" name="test_almost_equal_wrong_ind[compatible_vector_array_pair8-&lt;lambda&gt;21]" time="0.04400181770324707"></testcase><testcase classname="src.pymortests.algorithms.basic" file="src/pymortests/algorithms/basic.py" line="166" name="test_almost_equal_wrong_ind[compatible_vector_array_pair8-&lt;lambda&gt;22]" time="0.14583492279052734"></testcase><testcase classname="src.pymortests.algorithms.basic" file="src/pymortests/algorithms/basic.py" line="166" name="test_almost_equal_wrong_ind[compatible_vector_array_pair8-&lt;lambda&gt;23]" time="0.008821725845336914"></testcase><testcase classname="src.pymortests.algorithms.basic" file="src/pymortests/algorithms/basic.py" line="166" name="test_almost_equal_wrong_ind[compatible_vector_array_pair8-&lt;lambda&gt;24]" time="0.0033698081970214844"></testcase><testcase classname="src.pymortests.algorithms.basic" file="src/pymortests/algorithms/basic.py" line="166" name="test_almost_equal_wrong_ind[compatible_vector_array_pair8-&lt;lambda&gt;25]" time="0.004459381103515625"></testcase><testcase classname="src.pymortests.algorithms.basic" file="src/pymortests/algorithms/basic.py" line="166" name="test_almost_equal_wrong_ind[compatible_vector_array_pair8-&lt;lambda&gt;26]" time="0.03653883934020996"></testcase><testcase classname="src.pymortests.algorithms.basic" file="src/pymortests/algorithms/basic.py" line="166" name="test_almost_equal_wrong_ind[compatible_vector_array_pair8-&lt;lambda&gt;27]" time="0.06084179878234863"></testcase><testcase classname="src.pymortests.algorithms.basic" file="src/pymortests/algorithms/basic.py" line="166" name="test_almost_equal_wrong_ind[compatible_vector_array_pair8-&lt;lambda&gt;28]" time="0.21356821060180664"></testcase><testcase classname="src.pymortests.algorithms.basic" file="src/pymortests/algorithms/basic.py" line="166" name="test_almost_equal_wrong_ind[compatible_vector_array_pair8-&lt;lambda&gt;29]" time="0.010271549224853516"></testcase><testcase classname="src.pymortests.algorithms.basic" file="src/pymortests/algorithms/basic.py" line="178" name="test_project_array" time="0.002130746841430664"></testcase><testcase classname="src.pymortests.algorithms.basic" file="src/pymortests/algorithms/basic.py" line="188" name="test_project_array_with_product" time="0.0025691986083984375"></testcase><testcase classname="src.pymortests.algorithms.gram_schmidt" file="src/pymortests/algorithms/gram_schmidt.py" line="12" name="test_gram_schmidt[0-&lt;lambda&gt;0]" time="0.0019392967224121094"></testcase><testcase classname="src.pymortests.algorithms.gram_schmidt" file="src/pymortests/algorithms/gram_schmidt.py" line="12" name="test_gram_schmidt[0-&lt;lambda&gt;1]" time="0.001819610595703125"></testcase><testcase classname="src.pymortests.algorithms.gram_schmidt" file="src/pymortests/algorithms/gram_schmidt.py" line="12" name="test_gram_schmidt[0-&lt;lambda&gt;2]" time="0.0019545555114746094"></testcase><testcase classname="src.pymortests.algorithms.gram_schmidt" file="src/pymortests/algorithms/gram_schmidt.py" line="12" name="test_gram_schmidt[0-&lt;lambda&gt;3]" time="0.11562085151672363"><system-err>16:52 gram_schmidt: Orthonormalizing vector 31 again
16:52 gram_schmidt: Removing linear dependent vector 32
16:52 gram_schmidt: Removing linear dependent vector 33
16:52 gram_schmidt: Removing linear dependent vector 34
16:52 gram_schmidt: Removing linear dependent vector 35
16:52 gram_schmidt: Removing linear dependent vector 36
16:52 gram_schmidt: Removing linear dependent vector 37
16:52 gram_schmidt: Removing linear dependent vector 38
16:52 gram_schmidt: Removing linear dependent vector 39
16:52 gram_schmidt: Removing linear dependent vector 40
16:52 gram_schmidt: Removing linear dependent vector 41
16:52 gram_schmidt: Removing linear dependent vector 42
16:52 gram_schmidt: Orthonormalizing vector 31 again
16:52 gram_schmidt: Removing linear dependent vector 32
16:52 gram_schmidt: Removing linear dependent vector 33
16:52 gram_schmidt: Removing linear dependent vector 34
16:52 gram_schmidt: Removing linear dependent vector 35
16:52 gram_schmidt: Removing linear dependent vector 36
16:52 gram_schmidt: Removing linear dependent vector 37
16:52 gram_schmidt: Removing linear dependent vector 38
16:52 gram_schmidt: Removing linear dependent vector 39
16:52 gram_schmidt: Removing linear dependent vector 40
16:52 gram_schmidt: Removing linear dependent vector 41
16:52 gram_schmidt: Removing linear dependent vector 42
</system-err></testcase><testcase classname="src.pymortests.algorithms.gram_schmidt" file="src/pymortests/algorithms/gram_schmidt.py" line="12" name="test_gram_schmidt[0-&lt;lambda&gt;4]" time="0.02226114273071289"><system-err>16:52 gram_schmidt: Removing vector 0 of norm 0.0
16:52 gram_schmidt: Removing vector 1 of norm 0.0
16:52 gram_schmidt: Removing vector 2 of norm 0.0
16:52 gram_schmidt: Removing vector 3 of norm 0.0
16:52 gram_schmidt: Removing vector 4 of norm 0.0
16:52 gram_schmidt: Removing vector 5 of norm 0.0
16:52 gram_schmidt: Removing vector 6 of norm 0.0
16:52 gram_schmidt: Removing vector 7 of norm 0.0
16:52 gram_schmidt: Removing vector 8 of norm 0.0
16:52 gram_schmidt: Removing vector 9 of norm 0.0
16:52 gram_schmidt: Removing vector 10 of norm 0.0
16:52 gram_schmidt: Removing vector 11 of norm 0.0
16:52 gram_schmidt: Removing vector 12 of norm 0.0
16:52 gram_schmidt: Removing vector 13 of norm 0.0
16:52 gram_schmidt: Removing vector 14 of norm 0.0
16:52 gram_schmidt: Removing vector 15 of norm 0.0
16:52 gram_schmidt: Removing vector 16 of norm 0.0
16:52 gram_schmidt: Removing vector 17 of norm 0.0
16:52 gram_schmidt: Removing vector 18 of norm 0.0
16:52 gram_schmidt: Removing vector 19 of norm 0.0
16:52 gram_schmidt: Removing vector 20 of norm 0.0
16:52 gram_schmidt: Removing vector 21 of norm 0.0
16:52 gram_schmidt: Removing vector 22 of norm 0.0
16:52 gram_schmidt: Removing vector 23 of norm 0.0
16:52 gram_schmidt: Removing vector 24 of norm 0.0
16:52 gram_schmidt: Removing vector 25 of norm 0.0
16:52 gram_schmidt: Removing vector 26 of norm 0.0
16:52 gram_schmidt: Removing vector 27 of norm 0.0
16:52 gram_schmidt: Removing vector 28 of norm 0.0
16:52 gram_schmidt: Removing vector 29 of norm 0.0
16:52 gram_schmidt: Removing vector 30 of norm 0.0
16:52 gram_schmidt: Removing vector 31 of norm 0.0
16:52 gram_schmidt: Removing vector 32 of norm 0.0
16:52 gram_schmidt: Removing vector 33 of norm 0.0
16:52 gram_schmidt: Removing vector 34 of norm 0.0
16:52 gram_schmidt: Removing vector 35 of norm 0.0
16:52 gram_schmidt: Removing vector 36 of norm 0.0
16:52 gram_schmidt: Removing vector 37 of norm 0.0
16:52 gram_schmidt: Removing vector 38 of norm 0.0
16:52 gram_schmidt: Removing vector 39 of norm 0.0
16:52 gram_schmidt: Removing vector 40 of norm 0.0
16:52 gram_schmidt: Removing vector 41 of norm 0.0
16:52 gram_schmidt: Removing vector 42 of norm 0.0
16:52 gram_schmidt: Removing vector 43 of norm 0.0
16:52 gram_schmidt: Removing vector 44 of norm 0.0
16:52 gram_schmidt: Removing vector 45 of norm 0.0
16:52 gram_schmidt: Removing vector 46 of norm 0.0
16:52 gram_schmidt: Removing vector 47 of norm 0.0
16:52 gram_schmidt: Removing vector 48 of norm 0.0
16:52 gram_schmidt: Removing vector 49 of norm 0.0
16:52 gram_schmidt: Removing vector 50 of norm 0.0
16:52 gram_schmidt: Removing vector 51 of norm 0.0
16:52 gram_schmidt: Removing vector 52 of norm 0.0
16:52 gram_schmidt: Removing vector 53 of norm 0.0
16:52 gram_schmidt: Removing vector 54 of norm 0.0
16:52 gram_schmidt: Removing vector 55 of norm 0.0
16:52 gram_schmidt: Removing vector 56 of norm 0.0
16:52 gram_schmidt: Removing vector 57 of norm 0.0
16:52 gram_schmidt: Removing vector 58 of norm 0.0
16:52 gram_schmidt: Removing vector 59 of norm 0.0
16:52 gram_schmidt: Removing vector 60 of norm 0.0
16:52 gram_schmidt: Removing vector 61 of norm 0.0
16:52 gram_schmidt: Removing vector 62 of norm 0.0
16:52 gram_schmidt: Removing vector 63 of norm 0.0
16:52 gram_schmidt: Removing vector 64 of norm 0.0
16:52 gram_schmidt: Removing vector 65 of norm 0.0
16:52 gram_schmidt: Removing vector 66 of norm 0.0
16:52 gram_schmidt: Removing vector 67 of norm 0.0
16:52 gram_schmidt: Removing vector 68 of norm 0.0
16:52 gram_schmidt: Removing vector 69 of norm 0.0
16:52 gram_schmidt: Removing vector 70 of norm 0.0
16:52 gram_schmidt: Removing vector 71 of norm 0.0
16:52 gram_schmidt: Removing vector 72 of norm 0.0
16:52 gram_schmidt: Removing vector 73 of norm 0.0
16:52 gram_schmidt: Removing vector 74 of norm 0.0
16:52 gram_schmidt: Removing vector 75 of norm 0.0
16:52 gram_schmidt: Removing vector 76 of norm 0.0
16:52 gram_schmidt: Removing vector 77 of norm 0.0
16:52 gram_schmidt: Removing vector 78 of norm 0.0
16:52 gram_schmidt: Removing vector 79 of norm 0.0
16:52 gram_schmidt: Removing vector 80 of norm 0.0
16:52 gram_schmidt: Removing vector 81 of norm 0.0
16:52 gram_schmidt: Removing vector 82 of norm 0.0
16:52 gram_schmidt: Removing vector 83 of norm 0.0
16:52 gram_schmidt: Removing vector 84 of norm 0.0
16:52 gram_schmidt: Removing vector 85 of norm 0.0
16:52 gram_schmidt: Removing vector 86 of norm 0.0
16:52 gram_schmidt: Removing vector 87 of norm 0.0
16:52 gram_schmidt: Removing vector 88 of norm 0.0
16:52 gram_schmidt: Removing vector 89 of norm 0.0
16:52 gram_schmidt: Removing vector 90 of norm 0.0
16:52 gram_schmidt: Removing vector 91 of norm 0.0
16:52 gram_schmidt: Removing vector 92 of norm 0.0
16:52 gram_schmidt: Removing vector 93 of norm 0.0
16:52 gram_schmidt: Removing vector 94 of norm 0.0
16:52 gram_schmidt: Removing vector 95 of norm 0.0
16:52 gram_schmidt: Removing vector 96 of norm 0.0
16:52 gram_schmidt: Removing vector 97 of norm 0.0
16:52 gram_schmidt: Removing vector 98 of norm 0.0
16:52 gram_schmidt: Removing vector 99 of norm 0.0
16:52 gram_schmidt: Removing vector 100 of norm 0.0
16:52 gram_schmidt: Removing vector 101 of norm 0.0
16:52 gram_schmidt: Removing vector 0 of norm 0.0
16:52 gram_schmidt: Removing vector 1 of norm 0.0
16:52 gram_schmidt: Removing vector 2 of norm 0.0
16:52 gram_schmidt: Removing vector 3 of norm 0.0
16:52 gram_schmidt: Removing vector 4 of norm 0.0
16:52 gram_schmidt: Removing vector 5 of norm 0.0
16:52 gram_schmidt: Removing vector 6 of norm 0.0
16:52 gram_schmidt: Removing vector 7 of norm 0.0
16:52 gram_schmidt: Removing vector 8 of norm 0.0
16:52 gram_schmidt: Removing vector 9 of norm 0.0
16:52 gram_schmidt: Removing vector 10 of norm 0.0
16:52 gram_schmidt: Removing vector 11 of norm 0.0
16:52 gram_schmidt: Removing vector 12 of norm 0.0
16:52 gram_schmidt: Removing vector 13 of norm 0.0
16:52 gram_schmidt: Removing vector 14 of norm 0.0
16:52 gram_schmidt: Removing vector 15 of norm 0.0
16:52 gram_schmidt: Removing vector 16 of norm 0.0
16:52 gram_schmidt: Removing vector 17 of norm 0.0
16:52 gram_schmidt: Removing vector 18 of norm 0.0
16:52 gram_schmidt: Removing vector 19 of norm 0.0
16:52 gram_schmidt: Removing vector 20 of norm 0.0
16:52 gram_schmidt: Removing vector 21 of norm 0.0
16:52 gram_schmidt: Removing vector 22 of norm 0.0
16:52 gram_schmidt: Removing vector 23 of norm 0.0
16:52 gram_schmidt: Removing vector 24 of norm 0.0
16:52 gram_schmidt: Removing vector 25 of norm 0.0
16:52 gram_schmidt: Removing vector 26 of norm 0.0
16:52 gram_schmidt: Removing vector 27 of norm 0.0
16:52 gram_schmidt: Removing vector 28 of norm 0.0
16:52 gram_schmidt: Removing vector 29 of norm 0.0
16:52 gram_schmidt: Removing vector 30 of norm 0.0
16:52 gram_schmidt: Removing vector 31 of norm 0.0
16:52 gram_schmidt: Removing vector 32 of norm 0.0
16:52 gram_schmidt: Removing vector 33 of norm 0.0
16:52 gram_schmidt: Removing vector 34 of norm 0.0
16:52 gram_schmidt: Removing vector 35 of norm 0.0
16:52 gram_schmidt: Removing vector 36 of norm 0.0
16:52 gram_schmidt: Removing vector 37 of norm 0.0
16:52 gram_schmidt: Removing vector 38 of norm 0.0
16:52 gram_schmidt: Removing vector 39 of norm 0.0
16:52 gram_schmidt: Removing vector 40 of norm 0.0
16:52 gram_schmidt: Removing vector 41 of norm 0.0
16:52 gram_schmidt: Removing vector 42 of norm 0.0
16:52 gram_schmidt: Removing vector 43 of norm 0.0
16:52 gram_schmidt: Removing vector 44 of norm 0.0
16:52 gram_schmidt: Removing vector 45 of norm 0.0
16:52 gram_schmidt: Removing vector 46 of norm 0.0
16:52 gram_schmidt: Removing vector 47 of norm 0.0
16:52 gram_schmidt: Removing vector 48 of norm 0.0
16:52 gram_schmidt: Removing vector 49 of norm 0.0
16:52 gram_schmidt: Removing vector 50 of norm 0.0
16:52 gram_schmidt: Removing vector 51 of norm 0.0
16:52 gram_schmidt: Removing vector 52 of norm 0.0
16:52 gram_schmidt: Removing vector 53 of norm 0.0
16:52 gram_schmidt: Removing vector 54 of norm 0.0
16:52 gram_schmidt: Removing vector 55 of norm 0.0
16:52 gram_schmidt: Removing vector 56 of norm 0.0
16:52 gram_schmidt: Removing vector 57 of norm 0.0
16:52 gram_schmidt: Removing vector 58 of norm 0.0
16:52 gram_schmidt: Removing vector 59 of norm 0.0
16:52 gram_schmidt: Removing vector 60 of norm 0.0
16:52 gram_schmidt: Removing vector 61 of norm 0.0
16:52 gram_schmidt: Removing vector 62 of norm 0.0
16:52 gram_schmidt: Removing vector 63 of norm 0.0
16:52 gram_schmidt: Removing vector 64 of norm 0.0
16:52 gram_schmidt: Removing vector 65 of norm 0.0
16:52 gram_schmidt: Removing vector 66 of norm 0.0
16:52 gram_schmidt: Removing vector 67 of norm 0.0
16:52 gram_schmidt: Removing vector 68 of norm 0.0
16:52 gram_schmidt: Removing vector 69 of norm 0.0
16:52 gram_schmidt: Removing vector 70 of norm 0.0
16:52 gram_schmidt: Removing vector 71 of norm 0.0
16:52 gram_schmidt: Removing vector 72 of norm 0.0
16:52 gram_schmidt: Removing vector 73 of norm 0.0
16:52 gram_schmidt: Removing vector 74 of norm 0.0
16:52 gram_schmidt: Removing vector 75 of norm 0.0
16:52 gram_schmidt: Removing vector 76 of norm 0.0
16:52 gram_schmidt: Removing vector 77 of norm 0.0
16:52 gram_schmidt: Removing vector 78 of norm 0.0
16:52 gram_schmidt: Removing vector 79 of norm 0.0
16:52 gram_schmidt: Removing vector 80 of norm 0.0
16:52 gram_schmidt: Removing vector 81 of norm 0.0
16:52 gram_schmidt: Removing vector 82 of norm 0.0
16:52 gram_schmidt: Removing vector 83 of norm 0.0
16:52 gram_schmidt: Removing vector 84 of norm 0.0
16:52 gram_schmidt: Removing vector 85 of norm 0.0
16:52 gram_schmidt: Removing vector 86 of norm 0.0
16:52 gram_schmidt: Removing vector 87 of norm 0.0
16:52 gram_schmidt: Removing vector 88 of norm 0.0
16:52 gram_schmidt: Removing vector 89 of norm 0.0
16:52 gram_schmidt: Removing vector 90 of norm 0.0
16:52 gram_schmidt: Removing vector 91 of norm 0.0
16:52 gram_schmidt: Removing vector 92 of norm 0.0
16:52 gram_schmidt: Removing vector 93 of norm 0.0
16:52 gram_schmidt: Removing vector 94 of norm 0.0
16:52 gram_schmidt: Removing vector 95 of norm 0.0
16:52 gram_schmidt: Removing vector 96 of norm 0.0
16:52 gram_schmidt: Removing vector 97 of norm 0.0
16:52 gram_schmidt: Removing vector 98 of norm 0.0
16:52 gram_schmidt: Removing vector 99 of norm 0.0
16:52 gram_schmidt: Removing vector 100 of norm 0.0
16:52 gram_schmidt: Removing vector 101 of norm 0.0
</system-err></testcase><testcase classname="src.pymortests.algorithms.gram_schmidt" file="src/pymortests/algorithms/gram_schmidt.py" line="12" name="test_gram_schmidt[0-&lt;lambda&gt;5]" time="0.0026361942291259766"></testcase><testcase classname="src.pymortests.algorithms.gram_schmidt" file="src/pymortests/algorithms/gram_schmidt.py" line="12" name="test_gram_schmidt[0-&lt;lambda&gt;6]" time="0.0019347667694091797"></testcase><testcase classname="src.pymortests.algorithms.gram_schmidt" file="src/pymortests/algorithms/gram_schmidt.py" line="12" name="test_gram_schmidt[0-&lt;lambda&gt;7]" time="0.0023071765899658203"></testcase><testcase classname="src.pymortests.algorithms.gram_schmidt" file="src/pymortests/algorithms/gram_schmidt.py" line="12" name="test_gram_schmidt[0-&lt;lambda&gt;8]" time="0.21207237243652344"><system-err>16:52 gram_schmidt: Orthonormalizing vector 31 again
16:52 gram_schmidt: Removing linear dependent vector 32
16:52 gram_schmidt: Removing linear dependent vector 33
16:52 gram_schmidt: Removing linear dependent vector 34
16:52 gram_schmidt: Removing linear dependent vector 35
16:52 gram_schmidt: Removing linear dependent vector 36
16:52 gram_schmidt: Removing linear dependent vector 37
16:52 gram_schmidt: Removing linear dependent vector 38
16:52 gram_schmidt: Removing linear dependent vector 39
16:52 gram_schmidt: Removing linear dependent vector 40
16:52 gram_schmidt: Removing linear dependent vector 41
16:52 gram_schmidt: Removing linear dependent vector 42
16:52 gram_schmidt: Orthonormalizing vector 31 again
16:52 gram_schmidt: Removing linear dependent vector 32
16:52 gram_schmidt: Removing linear dependent vector 33
16:52 gram_schmidt: Removing linear dependent vector 34
16:52 gram_schmidt: Removing linear dependent vector 35
16:52 gram_schmidt: Removing linear dependent vector 36
16:52 gram_schmidt: Removing linear dependent vector 37
16:52 gram_schmidt: Removing linear dependent vector 38
16:52 gram_schmidt: Removing linear dependent vector 39
16:52 gram_schmidt: Removing linear dependent vector 40
16:52 gram_schmidt: Removing linear dependent vector 41
16:52 gram_schmidt: Removing linear dependent vector 42
</system-err></testcase><testcase classname="src.pymortests.algorithms.gram_schmidt" file="src/pymortests/algorithms/gram_schmidt.py" line="12" name="test_gram_schmidt[0-&lt;lambda&gt;9]" time="0.027940750122070312"><system-err>16:52 gram_schmidt: Removing vector 0 of norm 0.0
16:52 gram_schmidt: Removing vector 1 of norm 0.0
16:52 gram_schmidt: Removing vector 2 of norm 0.0
16:52 gram_schmidt: Removing vector 3 of norm 0.0
16:52 gram_schmidt: Removing vector 4 of norm 0.0
16:52 gram_schmidt: Removing vector 5 of norm 0.0
16:52 gram_schmidt: Removing vector 6 of norm 0.0
16:52 gram_schmidt: Removing vector 7 of norm 0.0
16:52 gram_schmidt: Removing vector 8 of norm 0.0
16:52 gram_schmidt: Removing vector 9 of norm 0.0
16:52 gram_schmidt: Removing vector 10 of norm 0.0
16:52 gram_schmidt: Removing vector 11 of norm 0.0
16:52 gram_schmidt: Removing vector 12 of norm 0.0
16:52 gram_schmidt: Removing vector 13 of norm 0.0
16:52 gram_schmidt: Removing vector 14 of norm 0.0
16:52 gram_schmidt: Removing vector 15 of norm 0.0
16:52 gram_schmidt: Removing vector 16 of norm 0.0
16:52 gram_schmidt: Removing vector 17 of norm 0.0
16:52 gram_schmidt: Removing vector 18 of norm 0.0
16:52 gram_schmidt: Removing vector 19 of norm 0.0
16:52 gram_schmidt: Removing vector 20 of norm 0.0
16:52 gram_schmidt: Removing vector 21 of norm 0.0
16:52 gram_schmidt: Removing vector 22 of norm 0.0
16:52 gram_schmidt: Removing vector 23 of norm 0.0
16:52 gram_schmidt: Removing vector 24 of norm 0.0
16:52 gram_schmidt: Removing vector 25 of norm 0.0
16:52 gram_schmidt: Removing vector 26 of norm 0.0
16:52 gram_schmidt: Removing vector 27 of norm 0.0
16:52 gram_schmidt: Removing vector 28 of norm 0.0
16:52 gram_schmidt: Removing vector 29 of norm 0.0
16:52 gram_schmidt: Removing vector 30 of norm 0.0
16:52 gram_schmidt: Removing vector 31 of norm 0.0
16:52 gram_schmidt: Removing vector 32 of norm 0.0
16:52 gram_schmidt: Removing vector 33 of norm 0.0
16:52 gram_schmidt: Removing vector 34 of norm 0.0
16:52 gram_schmidt: Removing vector 35 of norm 0.0
16:52 gram_schmidt: Removing vector 36 of norm 0.0
16:52 gram_schmidt: Removing vector 37 of norm 0.0
16:52 gram_schmidt: Removing vector 38 of norm 0.0
16:52 gram_schmidt: Removing vector 39 of norm 0.0
16:52 gram_schmidt: Removing vector 40 of norm 0.0
16:52 gram_schmidt: Removing vector 41 of norm 0.0
16:52 gram_schmidt: Removing vector 42 of norm 0.0
16:52 gram_schmidt: Removing vector 43 of norm 0.0
16:52 gram_schmidt: Removing vector 44 of norm 0.0
16:52 gram_schmidt: Removing vector 45 of norm 0.0
16:52 gram_schmidt: Removing vector 46 of norm 0.0
16:52 gram_schmidt: Removing vector 47 of norm 0.0
16:52 gram_schmidt: Removing vector 48 of norm 0.0
16:52 gram_schmidt: Removing vector 49 of norm 0.0
16:52 gram_schmidt: Removing vector 50 of norm 0.0
16:52 gram_schmidt: Removing vector 51 of norm 0.0
16:52 gram_schmidt: Removing vector 52 of norm 0.0
16:52 gram_schmidt: Removing vector 53 of norm 0.0
16:52 gram_schmidt: Removing vector 54 of norm 0.0
16:52 gram_schmidt: Removing vector 55 of norm 0.0
16:52 gram_schmidt: Removing vector 56 of norm 0.0
16:52 gram_schmidt: Removing vector 57 of norm 0.0
16:52 gram_schmidt: Removing vector 58 of norm 0.0
16:52 gram_schmidt: Removing vector 59 of norm 0.0
16:52 gram_schmidt: Removing vector 60 of norm 0.0
16:52 gram_schmidt: Removing vector 61 of norm 0.0
16:52 gram_schmidt: Removing vector 62 of norm 0.0
16:52 gram_schmidt: Removing vector 63 of norm 0.0
16:52 gram_schmidt: Removing vector 64 of norm 0.0
16:52 gram_schmidt: Removing vector 65 of norm 0.0
16:52 gram_schmidt: Removing vector 66 of norm 0.0
16:52 gram_schmidt: Removing vector 67 of norm 0.0
16:52 gram_schmidt: Removing vector 68 of norm 0.0
16:52 gram_schmidt: Removing vector 69 of norm 0.0
16:52 gram_schmidt: Removing vector 70 of norm 0.0
16:52 gram_schmidt: Removing vector 71 of norm 0.0
16:52 gram_schmidt: Removing vector 72 of norm 0.0
16:52 gram_schmidt: Removing vector 73 of norm 0.0
16:52 gram_schmidt: Removing vector 74 of norm 0.0
16:52 gram_schmidt: Removing vector 75 of norm 0.0
16:52 gram_schmidt: Removing vector 76 of norm 0.0
16:52 gram_schmidt: Removing vector 77 of norm 0.0
16:52 gram_schmidt: Removing vector 78 of norm 0.0
16:52 gram_schmidt: Removing vector 79 of norm 0.0
16:52 gram_schmidt: Removing vector 80 of norm 0.0
16:52 gram_schmidt: Removing vector 81 of norm 0.0
16:52 gram_schmidt: Removing vector 82 of norm 0.0
16:52 gram_schmidt: Removing vector 83 of norm 0.0
16:52 gram_schmidt: Removing vector 84 of norm 0.0
16:52 gram_schmidt: Removing vector 85 of norm 0.0
16:52 gram_schmidt: Removing vector 86 of norm 0.0
16:52 gram_schmidt: Removing vector 87 of norm 0.0
16:52 gram_schmidt: Removing vector 88 of norm 0.0
16:52 gram_schmidt: Removing vector 89 of norm 0.0
16:52 gram_schmidt: Removing vector 90 of norm 0.0
16:52 gram_schmidt: Removing vector 91 of norm 0.0
16:52 gram_schmidt: Removing vector 92 of norm 0.0
16:52 gram_schmidt: Removing vector 93 of norm 0.0
16:52 gram_schmidt: Removing vector 94 of norm 0.0
16:52 gram_schmidt: Removing vector 95 of norm 0.0
16:52 gram_schmidt: Removing vector 96 of norm 0.0
16:52 gram_schmidt: Removing vector 97 of norm 0.0
16:52 gram_schmidt: Removing vector 98 of norm 0.0
16:52 gram_schmidt: Removing vector 99 of norm 0.0
16:52 gram_schmidt: Removing vector 100 of norm 0.0
16:52 gram_schmidt: Removing vector 101 of norm 0.0
16:52 gram_schmidt: Removing vector 0 of norm 0.0
16:52 gram_schmidt: Removing vector 1 of norm 0.0
16:52 gram_schmidt: Removing vector 2 of norm 0.0
16:52 gram_schmidt: Removing vector 3 of norm 0.0
16:52 gram_schmidt: Removing vector 4 of norm 0.0
16:52 gram_schmidt: Removing vector 5 of norm 0.0
16:52 gram_schmidt: Removing vector 6 of norm 0.0
16:52 gram_schmidt: Removing vector 7 of norm 0.0
16:52 gram_schmidt: Removing vector 8 of norm 0.0
16:52 gram_schmidt: Removing vector 9 of norm 0.0
16:52 gram_schmidt: Removing vector 10 of norm 0.0
16:52 gram_schmidt: Removing vector 11 of norm 0.0
16:52 gram_schmidt: Removing vector 12 of norm 0.0
16:52 gram_schmidt: Removing vector 13 of norm 0.0
16:52 gram_schmidt: Removing vector 14 of norm 0.0
16:52 gram_schmidt: Removing vector 15 of norm 0.0
16:52 gram_schmidt: Removing vector 16 of norm 0.0
16:52 gram_schmidt: Removing vector 17 of norm 0.0
16:52 gram_schmidt: Removing vector 18 of norm 0.0
16:52 gram_schmidt: Removing vector 19 of norm 0.0
16:52 gram_schmidt: Removing vector 20 of norm 0.0
16:52 gram_schmidt: Removing vector 21 of norm 0.0
16:52 gram_schmidt: Removing vector 22 of norm 0.0
16:52 gram_schmidt: Removing vector 23 of norm 0.0
16:52 gram_schmidt: Removing vector 24 of norm 0.0
16:52 gram_schmidt: Removing vector 25 of norm 0.0
16:52 gram_schmidt: Removing vector 26 of norm 0.0
16:52 gram_schmidt: Removing vector 27 of norm 0.0
16:52 gram_schmidt: Removing vector 28 of norm 0.0
16:52 gram_schmidt: Removing vector 29 of norm 0.0
16:52 gram_schmidt: Removing vector 30 of norm 0.0
16:52 gram_schmidt: Removing vector 31 of norm 0.0
16:52 gram_schmidt: Removing vector 32 of norm 0.0
16:52 gram_schmidt: Removing vector 33 of norm 0.0
16:52 gram_schmidt: Removing vector 34 of norm 0.0
16:52 gram_schmidt: Removing vector 35 of norm 0.0
16:52 gram_schmidt: Removing vector 36 of norm 0.0
16:52 gram_schmidt: Removing vector 37 of norm 0.0
16:52 gram_schmidt: Removing vector 38 of norm 0.0
16:52 gram_schmidt: Removing vector 39 of norm 0.0
16:52 gram_schmidt: Removing vector 40 of norm 0.0
16:52 gram_schmidt: Removing vector 41 of norm 0.0
16:52 gram_schmidt: Removing vector 42 of norm 0.0
16:52 gram_schmidt: Removing vector 43 of norm 0.0
16:52 gram_schmidt: Removing vector 44 of norm 0.0
16:52 gram_schmidt: Removing vector 45 of norm 0.0
16:52 gram_schmidt: Removing vector 46 of norm 0.0
16:52 gram_schmidt: Removing vector 47 of norm 0.0
16:52 gram_schmidt: Removing vector 48 of norm 0.0
16:52 gram_schmidt: Removing vector 49 of norm 0.0
16:52 gram_schmidt: Removing vector 50 of norm 0.0
16:52 gram_schmidt: Removing vector 51 of norm 0.0
16:52 gram_schmidt: Removing vector 52 of norm 0.0
16:52 gram_schmidt: Removing vector 53 of norm 0.0
16:52 gram_schmidt: Removing vector 54 of norm 0.0
16:52 gram_schmidt: Removing vector 55 of norm 0.0
16:52 gram_schmidt: Removing vector 56 of norm 0.0
16:52 gram_schmidt: Removing vector 57 of norm 0.0
16:52 gram_schmidt: Removing vector 58 of norm 0.0
16:52 gram_schmidt: Removing vector 59 of norm 0.0
16:52 gram_schmidt: Removing vector 60 of norm 0.0
16:52 gram_schmidt: Removing vector 61 of norm 0.0
16:52 gram_schmidt: Removing vector 62 of norm 0.0
16:52 gram_schmidt: Removing vector 63 of norm 0.0
16:52 gram_schmidt: Removing vector 64 of norm 0.0
16:52 gram_schmidt: Removing vector 65 of norm 0.0
16:52 gram_schmidt: Removing vector 66 of norm 0.0
16:52 gram_schmidt: Removing vector 67 of norm 0.0
16:52 gram_schmidt: Removing vector 68 of norm 0.0
16:52 gram_schmidt: Removing vector 69 of norm 0.0
16:52 gram_schmidt: Removing vector 70 of norm 0.0
16:52 gram_schmidt: Removing vector 71 of norm 0.0
16:52 gram_schmidt: Removing vector 72 of norm 0.0
16:52 gram_schmidt: Removing vector 73 of norm 0.0
16:52 gram_schmidt: Removing vector 74 of norm 0.0
16:52 gram_schmidt: Removing vector 75 of norm 0.0
16:52 gram_schmidt: Removing vector 76 of norm 0.0
16:52 gram_schmidt: Removing vector 77 of norm 0.0
16:52 gram_schmidt: Removing vector 78 of norm 0.0
16:52 gram_schmidt: Removing vector 79 of norm 0.0
16:52 gram_schmidt: Removing vector 80 of norm 0.0
16:52 gram_schmidt: Removing vector 81 of norm 0.0
16:52 gram_schmidt: Removing vector 82 of norm 0.0
16:52 gram_schmidt: Removing vector 83 of norm 0.0
16:52 gram_schmidt: Removing vector 84 of norm 0.0
16:52 gram_schmidt: Removing vector 85 of norm 0.0
16:52 gram_schmidt: Removing vector 86 of norm 0.0
16:52 gram_schmidt: Removing vector 87 of norm 0.0
16:52 gram_schmidt: Removing vector 88 of norm 0.0
16:52 gram_schmidt: Removing vector 89 of norm 0.0
16:52 gram_schmidt: Removing vector 90 of norm 0.0
16:52 gram_schmidt: Removing vector 91 of norm 0.0
16:52 gram_schmidt: Removing vector 92 of norm 0.0
16:52 gram_schmidt: Removing vector 93 of norm 0.0
16:52 gram_schmidt: Removing vector 94 of norm 0.0
16:52 gram_schmidt: Removing vector 95 of norm 0.0
16:52 gram_schmidt: Removing vector 96 of norm 0.0
16:52 gram_schmidt: Removing vector 97 of norm 0.0
16:52 gram_schmidt: Removing vector 98 of norm 0.0
16:52 gram_schmidt: Removing vector 99 of norm 0.0
16:52 gram_schmidt: Removing vector 100 of norm 0.0
16:52 gram_schmidt: Removing vector 101 of norm 0.0
</system-err></testcase><testcase classname="src.pymortests.algorithms.gram_schmidt" file="src/pymortests/algorithms/gram_schmidt.py" line="12" name="test_gram_schmidt[0-&lt;lambda&gt;10]" time="0.0032944679260253906"></testcase><testcase classname="src.pymortests.algorithms.gram_schmidt" file="src/pymortests/algorithms/gram_schmidt.py" line="12" name="test_gram_schmidt[0-&lt;lambda&gt;11]" time="0.006472349166870117"><system-err>16:52 gram_schmidt: Removing linear dependent vector 3
16:52 gram_schmidt: Removing linear dependent vector 3
</system-err></testcase><testcase classname="src.pymortests.algorithms.gram_schmidt" file="src/pymortests/algorithms/gram_schmidt.py" line="12" name="test_gram_schmidt[0-&lt;lambda&gt;12]" time="0.003771543502807617"><system-err>16:52 gram_schmidt: Removing vector 0 of norm 0.0
16:52 gram_schmidt: Removing vector 1 of norm 0.0
16:52 gram_schmidt: Removing vector 2 of norm 0.0
16:52 gram_schmidt: Removing vector 0 of norm 0.0
16:52 gram_schmidt: Removing vector 1 of norm 0.0
16:52 gram_schmidt: Removing vector 2 of norm 0.0
</system-err></testcase><testcase classname="src.pymortests.algorithms.gram_schmidt" file="src/pymortests/algorithms/gram_schmidt.py" line="12" name="test_gram_schmidt[0-&lt;lambda&gt;13]" time="0.0024983882904052734"></testcase><testcase classname="src.pymortests.algorithms.gram_schmidt" file="src/pymortests/algorithms/gram_schmidt.py" line="12" name="test_gram_schmidt[0-&lt;lambda&gt;14]" time="0.004774808883666992"></testcase><testcase classname="src.pymortests.algorithms.gram_schmidt" file="src/pymortests/algorithms/gram_schmidt.py" line="12" name="test_gram_schmidt[0-&lt;lambda&gt;15]" time="0.4217512607574463"><system-err>16:52 gram_schmidt: Removing linear dependent vector 36
16:52 gram_schmidt: Removing linear dependent vector 37
16:52 gram_schmidt: Removing linear dependent vector 38
16:52 gram_schmidt: Removing linear dependent vector 39
16:52 gram_schmidt: Removing linear dependent vector 40
16:52 gram_schmidt: Removing linear dependent vector 41
16:52 gram_schmidt: Removing linear dependent vector 42
16:52 gram_schmidt: Removing linear dependent vector 36
16:52 gram_schmidt: Removing linear dependent vector 37
16:52 gram_schmidt: Removing linear dependent vector 38
16:52 gram_schmidt: Removing linear dependent vector 39
16:52 gram_schmidt: Removing linear dependent vector 40
16:52 gram_schmidt: Removing linear dependent vector 41
16:52 gram_schmidt: Removing linear dependent vector 42
</system-err></testcase><testcase classname="src.pymortests.algorithms.gram_schmidt" file="src/pymortests/algorithms/gram_schmidt.py" line="12" name="test_gram_schmidt[0-&lt;lambda&gt;16]" time="0.21657991409301758"><system-err>16:52 gram_schmidt: Removing linear dependent vector 3
16:52 gram_schmidt: Removing linear dependent vector 4
16:52 gram_schmidt: Removing linear dependent vector 5
16:52 gram_schmidt: Removing linear dependent vector 6
16:52 gram_schmidt: Removing linear dependent vector 7
16:52 gram_schmidt: Removing linear dependent vector 8
16:52 gram_schmidt: Removing linear dependent vector 9
16:52 gram_schmidt: Removing linear dependent vector 10
16:52 gram_schmidt: Removing linear dependent vector 11
16:52 gram_schmidt: Removing linear dependent vector 12
16:52 gram_schmidt: Removing linear dependent vector 13
16:52 gram_schmidt: Removing linear dependent vector 14
16:52 gram_schmidt: Removing linear dependent vector 15
16:52 gram_schmidt: Removing linear dependent vector 16
16:52 gram_schmidt: Removing linear dependent vector 17
16:52 gram_schmidt: Removing linear dependent vector 18
16:52 gram_schmidt: Removing linear dependent vector 19
16:52 gram_schmidt: Removing linear dependent vector 20
16:52 gram_schmidt: Removing linear dependent vector 21
16:52 gram_schmidt: Removing linear dependent vector 22
16:52 gram_schmidt: Removing linear dependent vector 23
16:52 gram_schmidt: Removing linear dependent vector 24
16:52 gram_schmidt: Removing linear dependent vector 25
16:52 gram_schmidt: Removing linear dependent vector 26
16:52 gram_schmidt: Removing linear dependent vector 27
16:52 gram_schmidt: Removing linear dependent vector 28
16:52 gram_schmidt: Removing linear dependent vector 29
16:53 gram_schmidt: Removing linear dependent vector 30
16:53 gram_schmidt: Removing linear dependent vector 31
16:53 gram_schmidt: Removing linear dependent vector 32
16:53 gram_schmidt: Removing linear dependent vector 33
16:53 gram_schmidt: Removing linear dependent vector 34
16:53 gram_schmidt: Removing linear dependent vector 35
16:53 gram_schmidt: Removing linear dependent vector 36
16:53 gram_schmidt: Removing linear dependent vector 37
16:53 gram_schmidt: Removing linear dependent vector 38
16:53 gram_schmidt: Removing linear dependent vector 39
16:53 gram_schmidt: Removing linear dependent vector 40
16:53 gram_schmidt: Removing linear dependent vector 41
16:53 gram_schmidt: Removing linear dependent vector 42
16:53 gram_schmidt: Removing linear dependent vector 43
16:53 gram_schmidt: Removing linear dependent vector 44
16:53 gram_schmidt: Removing linear dependent vector 45
16:53 gram_schmidt: Removing linear dependent vector 46
16:53 gram_schmidt: Removing linear dependent vector 47
16:53 gram_schmidt: Removing linear dependent vector 48
16:53 gram_schmidt: Removing linear dependent vector 49
16:53 gram_schmidt: Removing linear dependent vector 50
16:53 gram_schmidt: Removing linear dependent vector 51
16:53 gram_schmidt: Removing linear dependent vector 52
16:53 gram_schmidt: Removing linear dependent vector 53
16:53 gram_schmidt: Removing linear dependent vector 54
16:53 gram_schmidt: Removing linear dependent vector 55
16:53 gram_schmidt: Removing linear dependent vector 56
16:53 gram_schmidt: Removing linear dependent vector 57
16:53 gram_schmidt: Removing linear dependent vector 58
16:53 gram_schmidt: Removing linear dependent vector 59
16:53 gram_schmidt: Removing linear dependent vector 60
16:53 gram_schmidt: Removing linear dependent vector 61
16:53 gram_schmidt: Removing linear dependent vector 62
16:53 gram_schmidt: Removing linear dependent vector 63
16:53 gram_schmidt: Removing linear dependent vector 64
16:53 gram_schmidt: Removing linear dependent vector 65
16:53 gram_schmidt: Removing linear dependent vector 66
16:53 gram_schmidt: Removing linear dependent vector 67
16:53 gram_schmidt: Removing linear dependent vector 68
16:53 gram_schmidt: Removing linear dependent vector 69
16:53 gram_schmidt: Removing linear dependent vector 70
16:53 gram_schmidt: Removing linear dependent vector 71
16:53 gram_schmidt: Removing linear dependent vector 72
16:53 gram_schmidt: Removing linear dependent vector 73
16:53 gram_schmidt: Removing linear dependent vector 74
16:53 gram_schmidt: Removing linear dependent vector 75
16:53 gram_schmidt: Removing linear dependent vector 76
16:53 gram_schmidt: Removing linear dependent vector 77
16:53 gram_schmidt: Removing linear dependent vector 78
16:53 gram_schmidt: Removing linear dependent vector 79
16:53 gram_schmidt: Removing linear dependent vector 80
16:53 gram_schmidt: Removing linear dependent vector 81
16:53 gram_schmidt: Removing linear dependent vector 82
16:53 gram_schmidt: Removing linear dependent vector 83
16:53 gram_schmidt: Removing linear dependent vector 84
16:53 gram_schmidt: Removing linear dependent vector 85
16:53 gram_schmidt: Removing linear dependent vector 86
16:53 gram_schmidt: Removing linear dependent vector 87
16:53 gram_schmidt: Removing linear dependent vector 88
16:53 gram_schmidt: Removing linear dependent vector 89
16:53 gram_schmidt: Removing linear dependent vector 90
16:53 gram_schmidt: Removing linear dependent vector 91
16:53 gram_schmidt: Removing linear dependent vector 92
16:53 gram_schmidt: Removing linear dependent vector 93
16:53 gram_schmidt: Removing linear dependent vector 94
16:53 gram_schmidt: Removing linear dependent vector 95
16:53 gram_schmidt: Removing linear dependent vector 96
16:53 gram_schmidt: Removing linear dependent vector 97
16:53 gram_schmidt: Removing linear dependent vector 98
16:53 gram_schmidt: Removing linear dependent vector 99
16:53 gram_schmidt: Removing linear dependent vector 100
16:53 gram_schmidt: Removing linear dependent vector 101
16:53 gram_schmidt: Removing linear dependent vector 3
16:53 gram_schmidt: Removing linear dependent vector 4
16:53 gram_schmidt: Removing linear dependent vector 5
16:53 gram_schmidt: Removing linear dependent vector 6
16:53 gram_schmidt: Removing linear dependent vector 7
16:53 gram_schmidt: Removing linear dependent vector 8
16:53 gram_schmidt: Removing linear dependent vector 9
16:53 gram_schmidt: Removing linear dependent vector 10
16:53 gram_schmidt: Removing linear dependent vector 11
16:53 gram_schmidt: Removing linear dependent vector 12
16:53 gram_schmidt: Removing linear dependent vector 13
16:53 gram_schmidt: Removing linear dependent vector 14
16:53 gram_schmidt: Removing linear dependent vector 15
16:53 gram_schmidt: Removing linear dependent vector 16
16:53 gram_schmidt: Removing linear dependent vector 17
16:53 gram_schmidt: Removing linear dependent vector 18
16:53 gram_schmidt: Removing linear dependent vector 19
16:53 gram_schmidt: Removing linear dependent vector 20
16:53 gram_schmidt: Removing linear dependent vector 21
16:53 gram_schmidt: Removing linear dependent vector 22
16:53 gram_schmidt: Removing linear dependent vector 23
16:53 gram_schmidt: Removing linear dependent vector 24
16:53 gram_schmidt: Removing linear dependent vector 25
16:53 gram_schmidt: Removing linear dependent vector 26
16:53 gram_schmidt: Removing linear dependent vector 27
16:53 gram_schmidt: Removing linear dependent vector 28
16:53 gram_schmidt: Removing linear dependent vector 29
16:53 gram_schmidt: Removing linear dependent vector 30
16:53 gram_schmidt: Removing linear dependent vector 31
16:53 gram_schmidt: Removing linear dependent vector 32
16:53 gram_schmidt: Removing linear dependent vector 33
16:53 gram_schmidt: Removing linear dependent vector 34
16:53 gram_schmidt: Removing linear dependent vector 35
16:53 gram_schmidt: Removing linear dependent vector 36
16:53 gram_schmidt: Removing linear dependent vector 37
16:53 gram_schmidt: Removing linear dependent vector 38
16:53 gram_schmidt: Removing linear dependent vector 39
16:53 gram_schmidt: Removing linear dependent vector 40
16:53 gram_schmidt: Removing linear dependent vector 41
16:53 gram_schmidt: Removing linear dependent vector 42
16:53 gram_schmidt: Removing linear dependent vector 43
16:53 gram_schmidt: Removing linear dependent vector 44
16:53 gram_schmidt: Removing linear dependent vector 45
16:53 gram_schmidt: Removing linear dependent vector 46
16:53 gram_schmidt: Removing linear dependent vector 47
16:53 gram_schmidt: Removing linear dependent vector 48
16:53 gram_schmidt: Removing linear dependent vector 49
16:53 gram_schmidt: Removing linear dependent vector 50
16:53 gram_schmidt: Removing linear dependent vector 51
16:53 gram_schmidt: Removing linear dependent vector 52
16:53 gram_schmidt: Removing linear dependent vector 53
16:53 gram_schmidt: Removing linear dependent vector 54
16:53 gram_schmidt: Removing linear dependent vector 55
16:53 gram_schmidt: Removing linear dependent vector 56
16:53 gram_schmidt: Removing linear dependent vector 57
16:53 gram_schmidt: Removing linear dependent vector 58
16:53 gram_schmidt: Removing linear dependent vector 59
16:53 gram_schmidt: Removing linear dependent vector 60
16:53 gram_schmidt: Removing linear dependent vector 61
16:53 gram_schmidt: Removing linear dependent vector 62
16:53 gram_schmidt: Removing linear dependent vector 63
16:53 gram_schmidt: Removing linear dependent vector 64
16:53 gram_schmidt: Removing linear dependent vector 65
16:53 gram_schmidt: Removing linear dependent vector 66
16:53 gram_schmidt: Removing linear dependent vector 67
16:53 gram_schmidt: Removing linear dependent vector 68
16:53 gram_schmidt: Removing linear dependent vector 69
16:53 gram_schmidt: Removing linear dependent vector 70
16:53 gram_schmidt: Removing linear dependent vector 71
16:53 gram_schmidt: Removing linear dependent vector 72
16:53 gram_schmidt: Removing linear dependent vector 73
16:53 gram_schmidt: Removing linear dependent vector 74
16:53 gram_schmidt: Removing linear dependent vector 75
16:53 gram_schmidt: Removing linear dependent vector 76
16:53 gram_schmidt: Removing linear dependent vector 77
16:53 gram_schmidt: Removing linear dependent vector 78
16:53 gram_schmidt: Removing linear dependent vector 79
16:53 gram_schmidt: Removing linear dependent vector 80
16:53 gram_schmidt: Removing linear dependent vector 81
16:53 gram_schmidt: Removing linear dependent vector 82
16:53 gram_schmidt: Removing linear dependent vector 83
16:53 gram_schmidt: Removing linear dependent vector 84
16:53 gram_schmidt: Removing linear dependent vector 85
16:53 gram_schmidt: Removing linear dependent vector 86
16:53 gram_schmidt: Removing linear dependent vector 87
16:53 gram_schmidt: Removing linear dependent vector 88
16:53 gram_schmidt: Removing linear dependent vector 89
16:53 gram_schmidt: Removing linear dependent vector 90
16:53 gram_schmidt: Removing linear dependent vector 91
16:53 gram_schmidt: Removing linear dependent vector 92
16:53 gram_schmidt: Removing linear dependent vector 93
16:53 gram_schmidt: Removing linear dependent vector 94
16:53 gram_schmidt: Removing linear dependent vector 95
16:53 gram_schmidt: Removing linear dependent vector 96
16:53 gram_schmidt: Removing linear dependent vector 97
16:53 gram_schmidt: Removing linear dependent vector 98
16:53 gram_schmidt: Removing linear dependent vector 99
16:53 gram_schmidt: Removing linear dependent vector 100
16:53 gram_schmidt: Removing linear dependent vector 101
</system-err></testcase><testcase classname="src.pymortests.algorithms.gram_schmidt" file="src/pymortests/algorithms/gram_schmidt.py" line="12" name="test_gram_schmidt[0-&lt;lambda&gt;17]" time="0.0031926631927490234"></testcase><testcase classname="src.pymortests.algorithms.gram_schmidt" file="src/pymortests/algorithms/gram_schmidt.py" line="12" name="test_gram_schmidt[0-&lt;lambda&gt;18]" time="0.0023555755615234375"></testcase><testcase classname="src.pymortests.algorithms.gram_schmidt" file="src/pymortests/algorithms/gram_schmidt.py" line="12" name="test_gram_schmidt[0-&lt;lambda&gt;19]" time="0.004663228988647461"></testcase><testcase classname="src.pymortests.algorithms.gram_schmidt" file="src/pymortests/algorithms/gram_schmidt.py" line="12" name="test_gram_schmidt[0-&lt;lambda&gt;20]" time="0.28981995582580566"></testcase><testcase classname="src.pymortests.algorithms.gram_schmidt" file="src/pymortests/algorithms/gram_schmidt.py" line="12" name="test_gram_schmidt[0-&lt;lambda&gt;21]" time="1.5339076519012451"></testcase><testcase classname="src.pymortests.algorithms.gram_schmidt" file="src/pymortests/algorithms/gram_schmidt.py" line="12" name="test_gram_schmidt[0-&lt;lambda&gt;22]" time="0.0026395320892333984"></testcase><testcase classname="src.pymortests.algorithms.gram_schmidt" file="src/pymortests/algorithms/gram_schmidt.py" line="12" name="test_gram_schmidt[0-&lt;lambda&gt;23]" time="0.0019483566284179688"></testcase><testcase classname="src.pymortests.algorithms.gram_schmidt" file="src/pymortests/algorithms/gram_schmidt.py" line="12" name="test_gram_schmidt[0-&lt;lambda&gt;24]" time="0.00766301155090332"></testcase><testcase classname="src.pymortests.algorithms.gram_schmidt" file="src/pymortests/algorithms/gram_schmidt.py" line="12" name="test_gram_schmidt[0-&lt;lambda&gt;25]" time="0.41942524909973145"><system-err>16:55 gram_schmidt: Orthonormalizing vector 31 again
16:55 gram_schmidt: Removing linear dependent vector 32
16:55 gram_schmidt: Removing linear dependent vector 33
16:55 gram_schmidt: Removing linear dependent vector 34
16:55 gram_schmidt: Removing linear dependent vector 35
16:55 gram_schmidt: Removing linear dependent vector 36
16:55 gram_schmidt: Removing linear dependent vector 37
16:55 gram_schmidt: Removing linear dependent vector 38
16:55 gram_schmidt: Removing linear dependent vector 39
16:55 gram_schmidt: Removing linear dependent vector 40
16:55 gram_schmidt: Removing linear dependent vector 41
16:55 gram_schmidt: Removing linear dependent vector 42
16:55 gram_schmidt: Orthonormalizing vector 31 again
16:55 gram_schmidt: Removing linear dependent vector 32
16:55 gram_schmidt: Removing linear dependent vector 33
16:55 gram_schmidt: Removing linear dependent vector 34
16:55 gram_schmidt: Removing linear dependent vector 35
16:55 gram_schmidt: Removing linear dependent vector 36
16:55 gram_schmidt: Removing linear dependent vector 37
16:55 gram_schmidt: Removing linear dependent vector 38
16:55 gram_schmidt: Removing linear dependent vector 39
16:55 gram_schmidt: Removing linear dependent vector 40
16:55 gram_schmidt: Removing linear dependent vector 41
16:55 gram_schmidt: Removing linear dependent vector 42
</system-err></testcase><testcase classname="src.pymortests.algorithms.gram_schmidt" file="src/pymortests/algorithms/gram_schmidt.py" line="12" name="test_gram_schmidt[0-&lt;lambda&gt;26]" time="0.23310494422912598"><system-err>16:55 gram_schmidt: Removing vector 0 of norm 0.0
16:55 gram_schmidt: Removing vector 1 of norm 0.0
16:55 gram_schmidt: Removing vector 2 of norm 0.0
16:55 gram_schmidt: Removing vector 3 of norm 0.0
16:55 gram_schmidt: Removing vector 4 of norm 0.0
16:55 gram_schmidt: Removing vector 5 of norm 0.0
16:55 gram_schmidt: Removing vector 6 of norm 0.0
16:55 gram_schmidt: Removing vector 7 of norm 0.0
16:55 gram_schmidt: Removing vector 8 of norm 0.0
16:55 gram_schmidt: Removing vector 9 of norm 0.0
16:55 gram_schmidt: Removing vector 10 of norm 0.0
16:55 gram_schmidt: Removing vector 11 of norm 0.0
16:55 gram_schmidt: Removing vector 12 of norm 0.0
16:55 gram_schmidt: Removing vector 13 of norm 0.0
16:55 gram_schmidt: Removing vector 14 of norm 0.0
16:55 gram_schmidt: Removing vector 15 of norm 0.0
16:55 gram_schmidt: Removing vector 16 of norm 0.0
16:55 gram_schmidt: Removing vector 17 of norm 0.0
16:55 gram_schmidt: Removing vector 18 of norm 0.0
16:55 gram_schmidt: Removing vector 19 of norm 0.0
16:55 gram_schmidt: Removing vector 20 of norm 0.0
16:55 gram_schmidt: Removing vector 21 of norm 0.0
16:55 gram_schmidt: Removing vector 22 of norm 0.0
16:55 gram_schmidt: Removing vector 23 of norm 0.0
16:55 gram_schmidt: Removing vector 24 of norm 0.0
16:55 gram_schmidt: Removing vector 25 of norm 0.0
16:55 gram_schmidt: Removing vector 26 of norm 0.0
16:55 gram_schmidt: Removing vector 27 of norm 0.0
16:55 gram_schmidt: Removing vector 28 of norm 0.0
16:55 gram_schmidt: Removing vector 29 of norm 0.0
16:55 gram_schmidt: Removing vector 30 of norm 0.0
16:55 gram_schmidt: Removing vector 31 of norm 0.0
16:55 gram_schmidt: Removing vector 32 of norm 0.0
16:55 gram_schmidt: Removing vector 33 of norm 0.0
16:55 gram_schmidt: Removing vector 34 of norm 0.0
16:55 gram_schmidt: Removing vector 35 of norm 0.0
16:55 gram_schmidt: Removing vector 36 of norm 0.0
16:55 gram_schmidt: Removing vector 37 of norm 0.0
16:55 gram_schmidt: Removing vector 38 of norm 0.0
16:55 gram_schmidt: Removing vector 39 of norm 0.0
16:55 gram_schmidt: Removing vector 40 of norm 0.0
16:55 gram_schmidt: Removing vector 41 of norm 0.0
16:55 gram_schmidt: Removing vector 42 of norm 0.0
16:55 gram_schmidt: Removing vector 43 of norm 0.0
16:55 gram_schmidt: Removing vector 44 of norm 0.0
16:55 gram_schmidt: Removing vector 45 of norm 0.0
16:55 gram_schmidt: Removing vector 46 of norm 0.0
16:55 gram_schmidt: Removing vector 47 of norm 0.0
16:55 gram_schmidt: Removing vector 48 of norm 0.0
16:55 gram_schmidt: Removing vector 49 of norm 0.0
16:55 gram_schmidt: Removing vector 50 of norm 0.0
16:55 gram_schmidt: Removing vector 51 of norm 0.0
16:55 gram_schmidt: Removing vector 52 of norm 0.0
16:55 gram_schmidt: Removing vector 53 of norm 0.0
16:55 gram_schmidt: Removing vector 54 of norm 0.0
16:55 gram_schmidt: Removing vector 55 of norm 0.0
16:55 gram_schmidt: Removing vector 56 of norm 0.0
16:55 gram_schmidt: Removing vector 57 of norm 0.0
16:55 gram_schmidt: Removing vector 58 of norm 0.0
16:55 gram_schmidt: Removing vector 59 of norm 0.0
16:55 gram_schmidt: Removing vector 60 of norm 0.0
16:55 gram_schmidt: Removing vector 61 of norm 0.0
16:55 gram_schmidt: Removing vector 62 of norm 0.0
16:55 gram_schmidt: Removing vector 63 of norm 0.0
16:55 gram_schmidt: Removing vector 64 of norm 0.0
16:55 gram_schmidt: Removing vector 65 of norm 0.0
16:55 gram_schmidt: Removing vector 66 of norm 0.0
16:55 gram_schmidt: Removing vector 67 of norm 0.0
16:55 gram_schmidt: Removing vector 68 of norm 0.0
16:55 gram_schmidt: Removing vector 69 of norm 0.0
16:55 gram_schmidt: Removing vector 70 of norm 0.0
16:55 gram_schmidt: Removing vector 71 of norm 0.0
16:55 gram_schmidt: Removing vector 72 of norm 0.0
16:55 gram_schmidt: Removing vector 73 of norm 0.0
16:55 gram_schmidt: Removing vector 74 of norm 0.0
16:55 gram_schmidt: Removing vector 75 of norm 0.0
16:55 gram_schmidt: Removing vector 76 of norm 0.0
16:55 gram_schmidt: Removing vector 77 of norm 0.0
16:55 gram_schmidt: Removing vector 78 of norm 0.0
16:55 gram_schmidt: Removing vector 79 of norm 0.0
16:55 gram_schmidt: Removing vector 80 of norm 0.0
16:55 gram_schmidt: Removing vector 81 of norm 0.0
16:55 gram_schmidt: Removing vector 82 of norm 0.0
16:55 gram_schmidt: Removing vector 83 of norm 0.0
16:55 gram_schmidt: Removing vector 84 of norm 0.0
16:55 gram_schmidt: Removing vector 85 of norm 0.0
16:55 gram_schmidt: Removing vector 86 of norm 0.0
16:55 gram_schmidt: Removing vector 87 of norm 0.0
16:55 gram_schmidt: Removing vector 88 of norm 0.0
16:55 gram_schmidt: Removing vector 89 of norm 0.0
16:55 gram_schmidt: Removing vector 90 of norm 0.0
16:55 gram_schmidt: Removing vector 91 of norm 0.0
16:55 gram_schmidt: Removing vector 92 of norm 0.0
16:55 gram_schmidt: Removing vector 93 of norm 0.0
16:55 gram_schmidt: Removing vector 94 of norm 0.0
16:55 gram_schmidt: Removing vector 95 of norm 0.0
16:55 gram_schmidt: Removing vector 96 of norm 0.0
16:55 gram_schmidt: Removing vector 97 of norm 0.0
16:55 gram_schmidt: Removing vector 98 of norm 0.0
16:55 gram_schmidt: Removing vector 99 of norm 0.0
16:55 gram_schmidt: Removing vector 100 of norm 0.0
16:55 gram_schmidt: Removing vector 101 of norm 0.0
16:55 gram_schmidt: Removing vector 0 of norm 0.0
16:55 gram_schmidt: Removing vector 1 of norm 0.0
16:55 gram_schmidt: Removing vector 2 of norm 0.0
16:55 gram_schmidt: Removing vector 3 of norm 0.0
16:55 gram_schmidt: Removing vector 4 of norm 0.0
16:55 gram_schmidt: Removing vector 5 of norm 0.0
16:55 gram_schmidt: Removing vector 6 of norm 0.0
16:55 gram_schmidt: Removing vector 7 of norm 0.0
16:55 gram_schmidt: Removing vector 8 of norm 0.0
16:55 gram_schmidt: Removing vector 9 of norm 0.0
16:55 gram_schmidt: Removing vector 10 of norm 0.0
16:55 gram_schmidt: Removing vector 11 of norm 0.0
16:55 gram_schmidt: Removing vector 12 of norm 0.0
16:55 gram_schmidt: Removing vector 13 of norm 0.0
16:55 gram_schmidt: Removing vector 14 of norm 0.0
16:55 gram_schmidt: Removing vector 15 of norm 0.0
16:55 gram_schmidt: Removing vector 16 of norm 0.0
16:55 gram_schmidt: Removing vector 17 of norm 0.0
16:55 gram_schmidt: Removing vector 18 of norm 0.0
16:55 gram_schmidt: Removing vector 19 of norm 0.0
16:55 gram_schmidt: Removing vector 20 of norm 0.0
16:55 gram_schmidt: Removing vector 21 of norm 0.0
16:55 gram_schmidt: Removing vector 22 of norm 0.0
16:55 gram_schmidt: Removing vector 23 of norm 0.0
16:55 gram_schmidt: Removing vector 24 of norm 0.0
16:55 gram_schmidt: Removing vector 25 of norm 0.0
16:55 gram_schmidt: Removing vector 26 of norm 0.0
16:55 gram_schmidt: Removing vector 27 of norm 0.0
16:55 gram_schmidt: Removing vector 28 of norm 0.0
16:55 gram_schmidt: Removing vector 29 of norm 0.0
16:55 gram_schmidt: Removing vector 30 of norm 0.0
16:55 gram_schmidt: Removing vector 31 of norm 0.0
16:55 gram_schmidt: Removing vector 32 of norm 0.0
16:55 gram_schmidt: Removing vector 33 of norm 0.0
16:55 gram_schmidt: Removing vector 34 of norm 0.0
16:55 gram_schmidt: Removing vector 35 of norm 0.0
16:55 gram_schmidt: Removing vector 36 of norm 0.0
16:55 gram_schmidt: Removing vector 37 of norm 0.0
16:55 gram_schmidt: Removing vector 38 of norm 0.0
16:55 gram_schmidt: Removing vector 39 of norm 0.0
16:55 gram_schmidt: Removing vector 40 of norm 0.0
16:55 gram_schmidt: Removing vector 41 of norm 0.0
16:55 gram_schmidt: Removing vector 42 of norm 0.0
16:55 gram_schmidt: Removing vector 43 of norm 0.0
16:55 gram_schmidt: Removing vector 44 of norm 0.0
16:55 gram_schmidt: Removing vector 45 of norm 0.0
16:55 gram_schmidt: Removing vector 46 of norm 0.0
16:55 gram_schmidt: Removing vector 47 of norm 0.0
16:55 gram_schmidt: Removing vector 48 of norm 0.0
16:55 gram_schmidt: Removing vector 49 of norm 0.0
16:55 gram_schmidt: Removing vector 50 of norm 0.0
16:55 gram_schmidt: Removing vector 51 of norm 0.0
16:55 gram_schmidt: Removing vector 52 of norm 0.0
16:55 gram_schmidt: Removing vector 53 of norm 0.0
16:55 gram_schmidt: Removing vector 54 of norm 0.0
16:55 gram_schmidt: Removing vector 55 of norm 0.0
16:55 gram_schmidt: Removing vector 56 of norm 0.0
16:55 gram_schmidt: Removing vector 57 of norm 0.0
16:55 gram_schmidt: Removing vector 58 of norm 0.0
16:55 gram_schmidt: Removing vector 59 of norm 0.0
16:55 gram_schmidt: Removing vector 60 of norm 0.0
16:55 gram_schmidt: Removing vector 61 of norm 0.0
16:55 gram_schmidt: Removing vector 62 of norm 0.0
16:55 gram_schmidt: Removing vector 63 of norm 0.0
16:55 gram_schmidt: Removing vector 64 of norm 0.0
16:55 gram_schmidt: Removing vector 65 of norm 0.0
16:55 gram_schmidt: Removing vector 66 of norm 0.0
16:55 gram_schmidt: Removing vector 67 of norm 0.0
16:55 gram_schmidt: Removing vector 68 of norm 0.0
16:55 gram_schmidt: Removing vector 69 of norm 0.0
16:55 gram_schmidt: Removing vector 70 of norm 0.0
16:55 gram_schmidt: Removing vector 71 of norm 0.0
16:55 gram_schmidt: Removing vector 72 of norm 0.0
16:55 gram_schmidt: Removing vector 73 of norm 0.0
16:55 gram_schmidt: Removing vector 74 of norm 0.0
16:55 gram_schmidt: Removing vector 75 of norm 0.0
16:55 gram_schmidt: Removing vector 76 of norm 0.0
16:55 gram_schmidt: Removing vector 77 of norm 0.0
16:55 gram_schmidt: Removing vector 78 of norm 0.0
16:55 gram_schmidt: Removing vector 79 of norm 0.0
16:55 gram_schmidt: Removing vector 80 of norm 0.0
16:55 gram_schmidt: Removing vector 81 of norm 0.0
16:55 gram_schmidt: Removing vector 82 of norm 0.0
16:55 gram_schmidt: Removing vector 83 of norm 0.0
16:55 gram_schmidt: Removing vector 84 of norm 0.0
16:55 gram_schmidt: Removing vector 85 of norm 0.0
16:55 gram_schmidt: Removing vector 86 of norm 0.0
16:55 gram_schmidt: Removing vector 87 of norm 0.0
16:55 gram_schmidt: Removing vector 88 of norm 0.0
16:55 gram_schmidt: Removing vector 89 of norm 0.0
16:55 gram_schmidt: Removing vector 90 of norm 0.0
16:55 gram_schmidt: Removing vector 91 of norm 0.0
16:55 gram_schmidt: Removing vector 92 of norm 0.0
16:55 gram_schmidt: Removing vector 93 of norm 0.0
16:55 gram_schmidt: Removing vector 94 of norm 0.0
16:55 gram_schmidt: Removing vector 95 of norm 0.0
16:55 gram_schmidt: Removing vector 96 of norm 0.0
16:55 gram_schmidt: Removing vector 97 of norm 0.0
16:55 gram_schmidt: Removing vector 98 of norm 0.0
16:55 gram_schmidt: Removing vector 99 of norm 0.0
16:55 gram_schmidt: Removing vector 100 of norm 0.0
16:55 gram_schmidt: Removing vector 101 of norm 0.0
</system-err></testcase><testcase classname="src.pymortests.algorithms.gram_schmidt" file="src/pymortests/algorithms/gram_schmidt.py" line="12" name="test_gram_schmidt[1-&lt;lambda&gt;0]" time="0.002825498580932617"></testcase><testcase classname="src.pymortests.algorithms.gram_schmidt" file="src/pymortests/algorithms/gram_schmidt.py" line="12" name="test_gram_schmidt[1-&lt;lambda&gt;1]" time="0.0018982887268066406"></testcase><testcase classname="src.pymortests.algorithms.gram_schmidt" file="src/pymortests/algorithms/gram_schmidt.py" line="12" name="test_gram_schmidt[1-&lt;lambda&gt;2]" time="0.002142190933227539"></testcase><testcase classname="src.pymortests.algorithms.gram_schmidt" file="src/pymortests/algorithms/gram_schmidt.py" line="12" name="test_gram_schmidt[1-&lt;lambda&gt;3]" time="0.11351799964904785"><system-err>16:55 gram_schmidt: Orthonormalizing vector 31 again
16:55 gram_schmidt: Removing linear dependent vector 32
16:55 gram_schmidt: Removing linear dependent vector 33
16:55 gram_schmidt: Removing linear dependent vector 34
16:55 gram_schmidt: Removing linear dependent vector 35
16:55 gram_schmidt: Removing linear dependent vector 36
16:55 gram_schmidt: Removing linear dependent vector 37
16:55 gram_schmidt: Removing linear dependent vector 38
16:55 gram_schmidt: Removing linear dependent vector 39
16:55 gram_schmidt: Removing linear dependent vector 40
16:55 gram_schmidt: Removing linear dependent vector 41
16:55 gram_schmidt: Removing linear dependent vector 42
16:55 gram_schmidt: Orthonormalizing vector 31 again
16:55 gram_schmidt: Removing linear dependent vector 32
16:55 gram_schmidt: Removing linear dependent vector 33
16:55 gram_schmidt: Removing linear dependent vector 34
16:55 gram_schmidt: Removing linear dependent vector 35
16:55 gram_schmidt: Removing linear dependent vector 36
16:55 gram_schmidt: Removing linear dependent vector 37
16:55 gram_schmidt: Removing linear dependent vector 38
16:55 gram_schmidt: Removing linear dependent vector 39
16:55 gram_schmidt: Removing linear dependent vector 40
16:55 gram_schmidt: Removing linear dependent vector 41
16:55 gram_schmidt: Removing linear dependent vector 42
</system-err></testcase><testcase classname="src.pymortests.algorithms.gram_schmidt" file="src/pymortests/algorithms/gram_schmidt.py" line="12" name="test_gram_schmidt[1-&lt;lambda&gt;4]" time="0.0220639705657959"><system-err>16:55 gram_schmidt: Removing vector 0 of norm 0.0
16:55 gram_schmidt: Removing vector 1 of norm 0.0
16:55 gram_schmidt: Removing vector 2 of norm 0.0
16:55 gram_schmidt: Removing vector 3 of norm 0.0
16:55 gram_schmidt: Removing vector 4 of norm 0.0
16:55 gram_schmidt: Removing vector 5 of norm 0.0
16:55 gram_schmidt: Removing vector 6 of norm 0.0
16:55 gram_schmidt: Removing vector 7 of norm 0.0
16:55 gram_schmidt: Removing vector 8 of norm 0.0
16:55 gram_schmidt: Removing vector 9 of norm 0.0
16:55 gram_schmidt: Removing vector 10 of norm 0.0
16:55 gram_schmidt: Removing vector 11 of norm 0.0
16:55 gram_schmidt: Removing vector 12 of norm 0.0
16:55 gram_schmidt: Removing vector 13 of norm 0.0
16:55 gram_schmidt: Removing vector 14 of norm 0.0
16:55 gram_schmidt: Removing vector 15 of norm 0.0
16:55 gram_schmidt: Removing vector 16 of norm 0.0
16:55 gram_schmidt: Removing vector 17 of norm 0.0
16:55 gram_schmidt: Removing vector 18 of norm 0.0
16:55 gram_schmidt: Removing vector 19 of norm 0.0
16:55 gram_schmidt: Removing vector 20 of norm 0.0
16:55 gram_schmidt: Removing vector 21 of norm 0.0
16:55 gram_schmidt: Removing vector 22 of norm 0.0
16:55 gram_schmidt: Removing vector 23 of norm 0.0
16:55 gram_schmidt: Removing vector 24 of norm 0.0
16:55 gram_schmidt: Removing vector 25 of norm 0.0
16:55 gram_schmidt: Removing vector 26 of norm 0.0
16:55 gram_schmidt: Removing vector 27 of norm 0.0
16:55 gram_schmidt: Removing vector 28 of norm 0.0
16:55 gram_schmidt: Removing vector 29 of norm 0.0
16:55 gram_schmidt: Removing vector 30 of norm 0.0
16:55 gram_schmidt: Removing vector 31 of norm 0.0
16:55 gram_schmidt: Removing vector 32 of norm 0.0
16:55 gram_schmidt: Removing vector 33 of norm 0.0
16:55 gram_schmidt: Removing vector 34 of norm 0.0
16:55 gram_schmidt: Removing vector 35 of norm 0.0
16:55 gram_schmidt: Removing vector 36 of norm 0.0
16:55 gram_schmidt: Removing vector 37 of norm 0.0
16:55 gram_schmidt: Removing vector 38 of norm 0.0
16:55 gram_schmidt: Removing vector 39 of norm 0.0
16:55 gram_schmidt: Removing vector 40 of norm 0.0
16:55 gram_schmidt: Removing vector 41 of norm 0.0
16:55 gram_schmidt: Removing vector 42 of norm 0.0
16:55 gram_schmidt: Removing vector 43 of norm 0.0
16:55 gram_schmidt: Removing vector 44 of norm 0.0
16:55 gram_schmidt: Removing vector 45 of norm 0.0
16:55 gram_schmidt: Removing vector 46 of norm 0.0
16:55 gram_schmidt: Removing vector 47 of norm 0.0
16:55 gram_schmidt: Removing vector 48 of norm 0.0
16:55 gram_schmidt: Removing vector 49 of norm 0.0
16:55 gram_schmidt: Removing vector 50 of norm 0.0
16:55 gram_schmidt: Removing vector 51 of norm 0.0
16:55 gram_schmidt: Removing vector 52 of norm 0.0
16:55 gram_schmidt: Removing vector 53 of norm 0.0
16:55 gram_schmidt: Removing vector 54 of norm 0.0
16:55 gram_schmidt: Removing vector 55 of norm 0.0
16:55 gram_schmidt: Removing vector 56 of norm 0.0
16:55 gram_schmidt: Removing vector 57 of norm 0.0
16:55 gram_schmidt: Removing vector 58 of norm 0.0
16:55 gram_schmidt: Removing vector 59 of norm 0.0
16:55 gram_schmidt: Removing vector 60 of norm 0.0
16:55 gram_schmidt: Removing vector 61 of norm 0.0
16:55 gram_schmidt: Removing vector 62 of norm 0.0
16:55 gram_schmidt: Removing vector 63 of norm 0.0
16:55 gram_schmidt: Removing vector 64 of norm 0.0
16:55 gram_schmidt: Removing vector 65 of norm 0.0
16:55 gram_schmidt: Removing vector 66 of norm 0.0
16:55 gram_schmidt: Removing vector 67 of norm 0.0
16:55 gram_schmidt: Removing vector 68 of norm 0.0
16:55 gram_schmidt: Removing vector 69 of norm 0.0
16:55 gram_schmidt: Removing vector 70 of norm 0.0
16:55 gram_schmidt: Removing vector 71 of norm 0.0
16:55 gram_schmidt: Removing vector 72 of norm 0.0
16:55 gram_schmidt: Removing vector 73 of norm 0.0
16:55 gram_schmidt: Removing vector 74 of norm 0.0
16:55 gram_schmidt: Removing vector 75 of norm 0.0
16:55 gram_schmidt: Removing vector 76 of norm 0.0
16:55 gram_schmidt: Removing vector 77 of norm 0.0
16:55 gram_schmidt: Removing vector 78 of norm 0.0
16:55 gram_schmidt: Removing vector 79 of norm 0.0
16:55 gram_schmidt: Removing vector 80 of norm 0.0
16:55 gram_schmidt: Removing vector 81 of norm 0.0
16:55 gram_schmidt: Removing vector 82 of norm 0.0
16:55 gram_schmidt: Removing vector 83 of norm 0.0
16:55 gram_schmidt: Removing vector 84 of norm 0.0
16:55 gram_schmidt: Removing vector 85 of norm 0.0
16:55 gram_schmidt: Removing vector 86 of norm 0.0
16:55 gram_schmidt: Removing vector 87 of norm 0.0
16:55 gram_schmidt: Removing vector 88 of norm 0.0
16:55 gram_schmidt: Removing vector 89 of norm 0.0
16:55 gram_schmidt: Removing vector 90 of norm 0.0
16:55 gram_schmidt: Removing vector 91 of norm 0.0
16:55 gram_schmidt: Removing vector 92 of norm 0.0
16:55 gram_schmidt: Removing vector 93 of norm 0.0
16:55 gram_schmidt: Removing vector 94 of norm 0.0
16:55 gram_schmidt: Removing vector 95 of norm 0.0
16:55 gram_schmidt: Removing vector 96 of norm 0.0
16:55 gram_schmidt: Removing vector 97 of norm 0.0
16:55 gram_schmidt: Removing vector 98 of norm 0.0
16:55 gram_schmidt: Removing vector 99 of norm 0.0
16:55 gram_schmidt: Removing vector 100 of norm 0.0
16:55 gram_schmidt: Removing vector 101 of norm 0.0
16:55 gram_schmidt: Removing vector 0 of norm 0.0
16:55 gram_schmidt: Removing vector 1 of norm 0.0
16:55 gram_schmidt: Removing vector 2 of norm 0.0
16:55 gram_schmidt: Removing vector 3 of norm 0.0
16:55 gram_schmidt: Removing vector 4 of norm 0.0
16:55 gram_schmidt: Removing vector 5 of norm 0.0
16:55 gram_schmidt: Removing vector 6 of norm 0.0
16:55 gram_schmidt: Removing vector 7 of norm 0.0
16:55 gram_schmidt: Removing vector 8 of norm 0.0
16:55 gram_schmidt: Removing vector 9 of norm 0.0
16:55 gram_schmidt: Removing vector 10 of norm 0.0
16:55 gram_schmidt: Removing vector 11 of norm 0.0
16:55 gram_schmidt: Removing vector 12 of norm 0.0
16:55 gram_schmidt: Removing vector 13 of norm 0.0
16:55 gram_schmidt: Removing vector 14 of norm 0.0
16:55 gram_schmidt: Removing vector 15 of norm 0.0
16:55 gram_schmidt: Removing vector 16 of norm 0.0
16:55 gram_schmidt: Removing vector 17 of norm 0.0
16:55 gram_schmidt: Removing vector 18 of norm 0.0
16:55 gram_schmidt: Removing vector 19 of norm 0.0
16:55 gram_schmidt: Removing vector 20 of norm 0.0
16:55 gram_schmidt: Removing vector 21 of norm 0.0
16:55 gram_schmidt: Removing vector 22 of norm 0.0
16:55 gram_schmidt: Removing vector 23 of norm 0.0
16:55 gram_schmidt: Removing vector 24 of norm 0.0
16:55 gram_schmidt: Removing vector 25 of norm 0.0
16:55 gram_schmidt: Removing vector 26 of norm 0.0
16:55 gram_schmidt: Removing vector 27 of norm 0.0
16:55 gram_schmidt: Removing vector 28 of norm 0.0
16:55 gram_schmidt: Removing vector 29 of norm 0.0
16:55 gram_schmidt: Removing vector 30 of norm 0.0
16:55 gram_schmidt: Removing vector 31 of norm 0.0
16:55 gram_schmidt: Removing vector 32 of norm 0.0
16:55 gram_schmidt: Removing vector 33 of norm 0.0
16:55 gram_schmidt: Removing vector 34 of norm 0.0
16:55 gram_schmidt: Removing vector 35 of norm 0.0
16:55 gram_schmidt: Removing vector 36 of norm 0.0
16:55 gram_schmidt: Removing vector 37 of norm 0.0
16:55 gram_schmidt: Removing vector 38 of norm 0.0
16:55 gram_schmidt: Removing vector 39 of norm 0.0
16:55 gram_schmidt: Removing vector 40 of norm 0.0
16:55 gram_schmidt: Removing vector 41 of norm 0.0
16:55 gram_schmidt: Removing vector 42 of norm 0.0
16:55 gram_schmidt: Removing vector 43 of norm 0.0
16:55 gram_schmidt: Removing vector 44 of norm 0.0
16:55 gram_schmidt: Removing vector 45 of norm 0.0
16:55 gram_schmidt: Removing vector 46 of norm 0.0
16:55 gram_schmidt: Removing vector 47 of norm 0.0
16:55 gram_schmidt: Removing vector 48 of norm 0.0
16:55 gram_schmidt: Removing vector 49 of norm 0.0
16:55 gram_schmidt: Removing vector 50 of norm 0.0
16:55 gram_schmidt: Removing vector 51 of norm 0.0
16:55 gram_schmidt: Removing vector 52 of norm 0.0
16:55 gram_schmidt: Removing vector 53 of norm 0.0
16:55 gram_schmidt: Removing vector 54 of norm 0.0
16:55 gram_schmidt: Removing vector 55 of norm 0.0
16:55 gram_schmidt: Removing vector 56 of norm 0.0
16:55 gram_schmidt: Removing vector 57 of norm 0.0
16:55 gram_schmidt: Removing vector 58 of norm 0.0
16:55 gram_schmidt: Removing vector 59 of norm 0.0
16:55 gram_schmidt: Removing vector 60 of norm 0.0
16:55 gram_schmidt: Removing vector 61 of norm 0.0
16:55 gram_schmidt: Removing vector 62 of norm 0.0
16:55 gram_schmidt: Removing vector 63 of norm 0.0
16:55 gram_schmidt: Removing vector 64 of norm 0.0
16:55 gram_schmidt: Removing vector 65 of norm 0.0
16:55 gram_schmidt: Removing vector 66 of norm 0.0
16:55 gram_schmidt: Removing vector 67 of norm 0.0
16:55 gram_schmidt: Removing vector 68 of norm 0.0
16:55 gram_schmidt: Removing vector 69 of norm 0.0
16:55 gram_schmidt: Removing vector 70 of norm 0.0
16:55 gram_schmidt: Removing vector 71 of norm 0.0
16:55 gram_schmidt: Removing vector 72 of norm 0.0
16:55 gram_schmidt: Removing vector 73 of norm 0.0
16:55 gram_schmidt: Removing vector 74 of norm 0.0
16:55 gram_schmidt: Removing vector 75 of norm 0.0
16:55 gram_schmidt: Removing vector 76 of norm 0.0
16:55 gram_schmidt: Removing vector 77 of norm 0.0
16:55 gram_schmidt: Removing vector 78 of norm 0.0
16:55 gram_schmidt: Removing vector 79 of norm 0.0
16:55 gram_schmidt: Removing vector 80 of norm 0.0
16:55 gram_schmidt: Removing vector 81 of norm 0.0
16:55 gram_schmidt: Removing vector 82 of norm 0.0
16:55 gram_schmidt: Removing vector 83 of norm 0.0
16:55 gram_schmidt: Removing vector 84 of norm 0.0
16:55 gram_schmidt: Removing vector 85 of norm 0.0
16:55 gram_schmidt: Removing vector 86 of norm 0.0
16:55 gram_schmidt: Removing vector 87 of norm 0.0
16:55 gram_schmidt: Removing vector 88 of norm 0.0
16:55 gram_schmidt: Removing vector 89 of norm 0.0
16:55 gram_schmidt: Removing vector 90 of norm 0.0
16:55 gram_schmidt: Removing vector 91 of norm 0.0
16:55 gram_schmidt: Removing vector 92 of norm 0.0
16:55 gram_schmidt: Removing vector 93 of norm 0.0
16:55 gram_schmidt: Removing vector 94 of norm 0.0
16:55 gram_schmidt: Removing vector 95 of norm 0.0
16:55 gram_schmidt: Removing vector 96 of norm 0.0
16:55 gram_schmidt: Removing vector 97 of norm 0.0
16:55 gram_schmidt: Removing vector 98 of norm 0.0
16:55 gram_schmidt: Removing vector 99 of norm 0.0
16:55 gram_schmidt: Removing vector 100 of norm 0.0
16:55 gram_schmidt: Removing vector 101 of norm 0.0
</system-err></testcase><testcase classname="src.pymortests.algorithms.gram_schmidt" file="src/pymortests/algorithms/gram_schmidt.py" line="12" name="test_gram_schmidt[1-&lt;lambda&gt;5]" time="0.002646923065185547"></testcase><testcase classname="src.pymortests.algorithms.gram_schmidt" file="src/pymortests/algorithms/gram_schmidt.py" line="12" name="test_gram_schmidt[1-&lt;lambda&gt;6]" time="0.001916646957397461"></testcase><testcase classname="src.pymortests.algorithms.gram_schmidt" file="src/pymortests/algorithms/gram_schmidt.py" line="12" name="test_gram_schmidt[1-&lt;lambda&gt;7]" time="0.002292156219482422"></testcase><testcase classname="src.pymortests.algorithms.gram_schmidt" file="src/pymortests/algorithms/gram_schmidt.py" line="12" name="test_gram_schmidt[1-&lt;lambda&gt;8]" time="0.21186161041259766"><system-err>16:55 gram_schmidt: Orthonormalizing vector 31 again
16:55 gram_schmidt: Removing linear dependent vector 32
16:55 gram_schmidt: Removing linear dependent vector 33
16:55 gram_schmidt: Removing linear dependent vector 34
16:55 gram_schmidt: Removing linear dependent vector 35
16:55 gram_schmidt: Removing linear dependent vector 36
16:55 gram_schmidt: Removing linear dependent vector 37
16:55 gram_schmidt: Removing linear dependent vector 38
16:55 gram_schmidt: Removing linear dependent vector 39
16:55 gram_schmidt: Removing linear dependent vector 40
16:55 gram_schmidt: Removing linear dependent vector 41
16:55 gram_schmidt: Removing linear dependent vector 42
16:56 gram_schmidt: Orthonormalizing vector 31 again
16:56 gram_schmidt: Removing linear dependent vector 32
16:56 gram_schmidt: Removing linear dependent vector 33
16:56 gram_schmidt: Removing linear dependent vector 34
16:56 gram_schmidt: Removing linear dependent vector 35
16:56 gram_schmidt: Removing linear dependent vector 36
16:56 gram_schmidt: Removing linear dependent vector 37
16:56 gram_schmidt: Removing linear dependent vector 38
16:56 gram_schmidt: Removing linear dependent vector 39
16:56 gram_schmidt: Removing linear dependent vector 40
16:56 gram_schmidt: Removing linear dependent vector 41
16:56 gram_schmidt: Removing linear dependent vector 42
</system-err></testcase><testcase classname="src.pymortests.algorithms.gram_schmidt" file="src/pymortests/algorithms/gram_schmidt.py" line="12" name="test_gram_schmidt[1-&lt;lambda&gt;9]" time="0.028136491775512695"><system-err>16:56 gram_schmidt: Removing vector 0 of norm 0.0
16:56 gram_schmidt: Removing vector 1 of norm 0.0
16:56 gram_schmidt: Removing vector 2 of norm 0.0
16:56 gram_schmidt: Removing vector 3 of norm 0.0
16:56 gram_schmidt: Removing vector 4 of norm 0.0
16:56 gram_schmidt: Removing vector 5 of norm 0.0
16:56 gram_schmidt: Removing vector 6 of norm 0.0
16:56 gram_schmidt: Removing vector 7 of norm 0.0
16:56 gram_schmidt: Removing vector 8 of norm 0.0
16:56 gram_schmidt: Removing vector 9 of norm 0.0
16:56 gram_schmidt: Removing vector 10 of norm 0.0
16:56 gram_schmidt: Removing vector 11 of norm 0.0
16:56 gram_schmidt: Removing vector 12 of norm 0.0
16:56 gram_schmidt: Removing vector 13 of norm 0.0
16:56 gram_schmidt: Removing vector 14 of norm 0.0
16:56 gram_schmidt: Removing vector 15 of norm 0.0
16:56 gram_schmidt: Removing vector 16 of norm 0.0
16:56 gram_schmidt: Removing vector 17 of norm 0.0
16:56 gram_schmidt: Removing vector 18 of norm 0.0
16:56 gram_schmidt: Removing vector 19 of norm 0.0
16:56 gram_schmidt: Removing vector 20 of norm 0.0
16:56 gram_schmidt: Removing vector 21 of norm 0.0
16:56 gram_schmidt: Removing vector 22 of norm 0.0
16:56 gram_schmidt: Removing vector 23 of norm 0.0
16:56 gram_schmidt: Removing vector 24 of norm 0.0
16:56 gram_schmidt: Removing vector 25 of norm 0.0
16:56 gram_schmidt: Removing vector 26 of norm 0.0
16:56 gram_schmidt: Removing vector 27 of norm 0.0
16:56 gram_schmidt: Removing vector 28 of norm 0.0
16:56 gram_schmidt: Removing vector 29 of norm 0.0
16:56 gram_schmidt: Removing vector 30 of norm 0.0
16:56 gram_schmidt: Removing vector 31 of norm 0.0
16:56 gram_schmidt: Removing vector 32 of norm 0.0
16:56 gram_schmidt: Removing vector 33 of norm 0.0
16:56 gram_schmidt: Removing vector 34 of norm 0.0
16:56 gram_schmidt: Removing vector 35 of norm 0.0
16:56 gram_schmidt: Removing vector 36 of norm 0.0
16:56 gram_schmidt: Removing vector 37 of norm 0.0
16:56 gram_schmidt: Removing vector 38 of norm 0.0
16:56 gram_schmidt: Removing vector 39 of norm 0.0
16:56 gram_schmidt: Removing vector 40 of norm 0.0
16:56 gram_schmidt: Removing vector 41 of norm 0.0
16:56 gram_schmidt: Removing vector 42 of norm 0.0
16:56 gram_schmidt: Removing vector 43 of norm 0.0
16:56 gram_schmidt: Removing vector 44 of norm 0.0
16:56 gram_schmidt: Removing vector 45 of norm 0.0
16:56 gram_schmidt: Removing vector 46 of norm 0.0
16:56 gram_schmidt: Removing vector 47 of norm 0.0
16:56 gram_schmidt: Removing vector 48 of norm 0.0
16:56 gram_schmidt: Removing vector 49 of norm 0.0
16:56 gram_schmidt: Removing vector 50 of norm 0.0
16:56 gram_schmidt: Removing vector 51 of norm 0.0
16:56 gram_schmidt: Removing vector 52 of norm 0.0
16:56 gram_schmidt: Removing vector 53 of norm 0.0
16:56 gram_schmidt: Removing vector 54 of norm 0.0
16:56 gram_schmidt: Removing vector 55 of norm 0.0
16:56 gram_schmidt: Removing vector 56 of norm 0.0
16:56 gram_schmidt: Removing vector 57 of norm 0.0
16:56 gram_schmidt: Removing vector 58 of norm 0.0
16:56 gram_schmidt: Removing vector 59 of norm 0.0
16:56 gram_schmidt: Removing vector 60 of norm 0.0
16:56 gram_schmidt: Removing vector 61 of norm 0.0
16:56 gram_schmidt: Removing vector 62 of norm 0.0
16:56 gram_schmidt: Removing vector 63 of norm 0.0
16:56 gram_schmidt: Removing vector 64 of norm 0.0
16:56 gram_schmidt: Removing vector 65 of norm 0.0
16:56 gram_schmidt: Removing vector 66 of norm 0.0
16:56 gram_schmidt: Removing vector 67 of norm 0.0
16:56 gram_schmidt: Removing vector 68 of norm 0.0
16:56 gram_schmidt: Removing vector 69 of norm 0.0
16:56 gram_schmidt: Removing vector 70 of norm 0.0
16:56 gram_schmidt: Removing vector 71 of norm 0.0
16:56 gram_schmidt: Removing vector 72 of norm 0.0
16:56 gram_schmidt: Removing vector 73 of norm 0.0
16:56 gram_schmidt: Removing vector 74 of norm 0.0
16:56 gram_schmidt: Removing vector 75 of norm 0.0
16:56 gram_schmidt: Removing vector 76 of norm 0.0
16:56 gram_schmidt: Removing vector 77 of norm 0.0
16:56 gram_schmidt: Removing vector 78 of norm 0.0
16:56 gram_schmidt: Removing vector 79 of norm 0.0
16:56 gram_schmidt: Removing vector 80 of norm 0.0
16:56 gram_schmidt: Removing vector 81 of norm 0.0
16:56 gram_schmidt: Removing vector 82 of norm 0.0
16:56 gram_schmidt: Removing vector 83 of norm 0.0
16:56 gram_schmidt: Removing vector 84 of norm 0.0
16:56 gram_schmidt: Removing vector 85 of norm 0.0
16:56 gram_schmidt: Removing vector 86 of norm 0.0
16:56 gram_schmidt: Removing vector 87 of norm 0.0
16:56 gram_schmidt: Removing vector 88 of norm 0.0
16:56 gram_schmidt: Removing vector 89 of norm 0.0
16:56 gram_schmidt: Removing vector 90 of norm 0.0
16:56 gram_schmidt: Removing vector 91 of norm 0.0
16:56 gram_schmidt: Removing vector 92 of norm 0.0
16:56 gram_schmidt: Removing vector 93 of norm 0.0
16:56 gram_schmidt: Removing vector 94 of norm 0.0
16:56 gram_schmidt: Removing vector 95 of norm 0.0
16:56 gram_schmidt: Removing vector 96 of norm 0.0
16:56 gram_schmidt: Removing vector 97 of norm 0.0
16:56 gram_schmidt: Removing vector 98 of norm 0.0
16:56 gram_schmidt: Removing vector 99 of norm 0.0
16:56 gram_schmidt: Removing vector 100 of norm 0.0
16:56 gram_schmidt: Removing vector 101 of norm 0.0
16:56 gram_schmidt: Removing vector 0 of norm 0.0
16:56 gram_schmidt: Removing vector 1 of norm 0.0
16:56 gram_schmidt: Removing vector 2 of norm 0.0
16:56 gram_schmidt: Removing vector 3 of norm 0.0
16:56 gram_schmidt: Removing vector 4 of norm 0.0
16:56 gram_schmidt: Removing vector 5 of norm 0.0
16:56 gram_schmidt: Removing vector 6 of norm 0.0
16:56 gram_schmidt: Removing vector 7 of norm 0.0
16:56 gram_schmidt: Removing vector 8 of norm 0.0
16:56 gram_schmidt: Removing vector 9 of norm 0.0
16:56 gram_schmidt: Removing vector 10 of norm 0.0
16:56 gram_schmidt: Removing vector 11 of norm 0.0
16:56 gram_schmidt: Removing vector 12 of norm 0.0
16:56 gram_schmidt: Removing vector 13 of norm 0.0
16:56 gram_schmidt: Removing vector 14 of norm 0.0
16:56 gram_schmidt: Removing vector 15 of norm 0.0
16:56 gram_schmidt: Removing vector 16 of norm 0.0
16:56 gram_schmidt: Removing vector 17 of norm 0.0
16:56 gram_schmidt: Removing vector 18 of norm 0.0
16:56 gram_schmidt: Removing vector 19 of norm 0.0
16:56 gram_schmidt: Removing vector 20 of norm 0.0
16:56 gram_schmidt: Removing vector 21 of norm 0.0
16:56 gram_schmidt: Removing vector 22 of norm 0.0
16:56 gram_schmidt: Removing vector 23 of norm 0.0
16:56 gram_schmidt: Removing vector 24 of norm 0.0
16:56 gram_schmidt: Removing vector 25 of norm 0.0
16:56 gram_schmidt: Removing vector 26 of norm 0.0
16:56 gram_schmidt: Removing vector 27 of norm 0.0
16:56 gram_schmidt: Removing vector 28 of norm 0.0
16:56 gram_schmidt: Removing vector 29 of norm 0.0
16:56 gram_schmidt: Removing vector 30 of norm 0.0
16:56 gram_schmidt: Removing vector 31 of norm 0.0
16:56 gram_schmidt: Removing vector 32 of norm 0.0
16:56 gram_schmidt: Removing vector 33 of norm 0.0
16:56 gram_schmidt: Removing vector 34 of norm 0.0
16:56 gram_schmidt: Removing vector 35 of norm 0.0
16:56 gram_schmidt: Removing vector 36 of norm 0.0
16:56 gram_schmidt: Removing vector 37 of norm 0.0
16:56 gram_schmidt: Removing vector 38 of norm 0.0
16:56 gram_schmidt: Removing vector 39 of norm 0.0
16:56 gram_schmidt: Removing vector 40 of norm 0.0
16:56 gram_schmidt: Removing vector 41 of norm 0.0
16:56 gram_schmidt: Removing vector 42 of norm 0.0
16:56 gram_schmidt: Removing vector 43 of norm 0.0
16:56 gram_schmidt: Removing vector 44 of norm 0.0
16:56 gram_schmidt: Removing vector 45 of norm 0.0
16:56 gram_schmidt: Removing vector 46 of norm 0.0
16:56 gram_schmidt: Removing vector 47 of norm 0.0
16:56 gram_schmidt: Removing vector 48 of norm 0.0
16:56 gram_schmidt: Removing vector 49 of norm 0.0
16:56 gram_schmidt: Removing vector 50 of norm 0.0
16:56 gram_schmidt: Removing vector 51 of norm 0.0
16:56 gram_schmidt: Removing vector 52 of norm 0.0
16:56 gram_schmidt: Removing vector 53 of norm 0.0
16:56 gram_schmidt: Removing vector 54 of norm 0.0
16:56 gram_schmidt: Removing vector 55 of norm 0.0
16:56 gram_schmidt: Removing vector 56 of norm 0.0
16:56 gram_schmidt: Removing vector 57 of norm 0.0
16:56 gram_schmidt: Removing vector 58 of norm 0.0
16:56 gram_schmidt: Removing vector 59 of norm 0.0
16:56 gram_schmidt: Removing vector 60 of norm 0.0
16:56 gram_schmidt: Removing vector 61 of norm 0.0
16:56 gram_schmidt: Removing vector 62 of norm 0.0
16:56 gram_schmidt: Removing vector 63 of norm 0.0
16:56 gram_schmidt: Removing vector 64 of norm 0.0
16:56 gram_schmidt: Removing vector 65 of norm 0.0
16:56 gram_schmidt: Removing vector 66 of norm 0.0
16:56 gram_schmidt: Removing vector 67 of norm 0.0
16:56 gram_schmidt: Removing vector 68 of norm 0.0
16:56 gram_schmidt: Removing vector 69 of norm 0.0
16:56 gram_schmidt: Removing vector 70 of norm 0.0
16:56 gram_schmidt: Removing vector 71 of norm 0.0
16:56 gram_schmidt: Removing vector 72 of norm 0.0
16:56 gram_schmidt: Removing vector 73 of norm 0.0
16:56 gram_schmidt: Removing vector 74 of norm 0.0
16:56 gram_schmidt: Removing vector 75 of norm 0.0
16:56 gram_schmidt: Removing vector 76 of norm 0.0
16:56 gram_schmidt: Removing vector 77 of norm 0.0
16:56 gram_schmidt: Removing vector 78 of norm 0.0
16:56 gram_schmidt: Removing vector 79 of norm 0.0
16:56 gram_schmidt: Removing vector 80 of norm 0.0
16:56 gram_schmidt: Removing vector 81 of norm 0.0
16:56 gram_schmidt: Removing vector 82 of norm 0.0
16:56 gram_schmidt: Removing vector 83 of norm 0.0
16:56 gram_schmidt: Removing vector 84 of norm 0.0
16:56 gram_schmidt: Removing vector 85 of norm 0.0
16:56 gram_schmidt: Removing vector 86 of norm 0.0
16:56 gram_schmidt: Removing vector 87 of norm 0.0
16:56 gram_schmidt: Removing vector 88 of norm 0.0
16:56 gram_schmidt: Removing vector 89 of norm 0.0
16:56 gram_schmidt: Removing vector 90 of norm 0.0
16:56 gram_schmidt: Removing vector 91 of norm 0.0
16:56 gram_schmidt: Removing vector 92 of norm 0.0
16:56 gram_schmidt: Removing vector 93 of norm 0.0
16:56 gram_schmidt: Removing vector 94 of norm 0.0
16:56 gram_schmidt: Removing vector 95 of norm 0.0
16:56 gram_schmidt: Removing vector 96 of norm 0.0
16:56 gram_schmidt: Removing vector 97 of norm 0.0
16:56 gram_schmidt: Removing vector 98 of norm 0.0
16:56 gram_schmidt: Removing vector 99 of norm 0.0
16:56 gram_schmidt: Removing vector 100 of norm 0.0
16:56 gram_schmidt: Removing vector 101 of norm 0.0
</system-err></testcase><testcase classname="src.pymortests.algorithms.gram_schmidt" file="src/pymortests/algorithms/gram_schmidt.py" line="12" name="test_gram_schmidt[1-&lt;lambda&gt;10]" time="0.003304719924926758"></testcase><testcase classname="src.pymortests.algorithms.gram_schmidt" file="src/pymortests/algorithms/gram_schmidt.py" line="12" name="test_gram_schmidt[1-&lt;lambda&gt;11]" time="0.0066585540771484375"><system-err>16:56 gram_schmidt: Removing linear dependent vector 3
16:56 gram_schmidt: Removing linear dependent vector 3
</system-err></testcase><testcase classname="src.pymortests.algorithms.gram_schmidt" file="src/pymortests/algorithms/gram_schmidt.py" line="12" name="test_gram_schmidt[1-&lt;lambda&gt;12]" time="0.0038328170776367188"><system-err>16:56 gram_schmidt: Removing vector 0 of norm 0.0
16:56 gram_schmidt: Removing vector 1 of norm 0.0
16:56 gram_schmidt: Removing vector 2 of norm 0.0
16:56 gram_schmidt: Removing vector 0 of norm 0.0
16:56 gram_schmidt: Removing vector 1 of norm 0.0
16:56 gram_schmidt: Removing vector 2 of norm 0.0
</system-err></testcase><testcase classname="src.pymortests.algorithms.gram_schmidt" file="src/pymortests/algorithms/gram_schmidt.py" line="12" name="test_gram_schmidt[1-&lt;lambda&gt;13]" time="0.002534627914428711"></testcase><testcase classname="src.pymortests.algorithms.gram_schmidt" file="src/pymortests/algorithms/gram_schmidt.py" line="12" name="test_gram_schmidt[1-&lt;lambda&gt;14]" time="0.004808902740478516"></testcase><testcase classname="src.pymortests.algorithms.gram_schmidt" file="src/pymortests/algorithms/gram_schmidt.py" line="12" name="test_gram_schmidt[1-&lt;lambda&gt;15]" time="0.4230046272277832"><system-err>16:56 gram_schmidt: Removing linear dependent vector 36
16:56 gram_schmidt: Removing linear dependent vector 37
16:56 gram_schmidt: Removing linear dependent vector 38
16:56 gram_schmidt: Removing linear dependent vector 39
16:56 gram_schmidt: Removing linear dependent vector 40
16:56 gram_schmidt: Removing linear dependent vector 41
16:56 gram_schmidt: Removing linear dependent vector 42
16:56 gram_schmidt: Removing linear dependent vector 36
16:56 gram_schmidt: Removing linear dependent vector 37
16:56 gram_schmidt: Removing linear dependent vector 38
16:56 gram_schmidt: Removing linear dependent vector 39
16:56 gram_schmidt: Removing linear dependent vector 40
16:56 gram_schmidt: Removing linear dependent vector 41
16:56 gram_schmidt: Removing linear dependent vector 42
</system-err></testcase><testcase classname="src.pymortests.algorithms.gram_schmidt" file="src/pymortests/algorithms/gram_schmidt.py" line="12" name="test_gram_schmidt[1-&lt;lambda&gt;16]" time="0.21518492698669434"><system-err>16:56 gram_schmidt: Removing linear dependent vector 3
16:56 gram_schmidt: Removing linear dependent vector 4
16:56 gram_schmidt: Removing linear dependent vector 5
16:56 gram_schmidt: Removing linear dependent vector 6
16:56 gram_schmidt: Removing linear dependent vector 7
16:56 gram_schmidt: Removing linear dependent vector 8
16:56 gram_schmidt: Removing linear dependent vector 9
16:56 gram_schmidt: Removing linear dependent vector 10
16:56 gram_schmidt: Removing linear dependent vector 11
16:56 gram_schmidt: Removing linear dependent vector 12
16:56 gram_schmidt: Removing linear dependent vector 13
16:56 gram_schmidt: Removing linear dependent vector 14
16:56 gram_schmidt: Removing linear dependent vector 15
16:56 gram_schmidt: Removing linear dependent vector 16
16:56 gram_schmidt: Removing linear dependent vector 17
16:56 gram_schmidt: Removing linear dependent vector 18
16:56 gram_schmidt: Removing linear dependent vector 19
16:56 gram_schmidt: Removing linear dependent vector 20
16:56 gram_schmidt: Removing linear dependent vector 21
16:56 gram_schmidt: Removing linear dependent vector 22
16:56 gram_schmidt: Removing linear dependent vector 23
16:56 gram_schmidt: Removing linear dependent vector 24
16:56 gram_schmidt: Removing linear dependent vector 25
16:56 gram_schmidt: Removing linear dependent vector 26
16:56 gram_schmidt: Removing linear dependent vector 27
16:56 gram_schmidt: Removing linear dependent vector 28
16:56 gram_schmidt: Removing linear dependent vector 29
16:56 gram_schmidt: Removing linear dependent vector 30
16:56 gram_schmidt: Removing linear dependent vector 31
16:56 gram_schmidt: Removing linear dependent vector 32
16:56 gram_schmidt: Removing linear dependent vector 33
16:56 gram_schmidt: Removing linear dependent vector 34
16:56 gram_schmidt: Removing linear dependent vector 35
16:56 gram_schmidt: Removing linear dependent vector 36
16:56 gram_schmidt: Removing linear dependent vector 37
16:56 gram_schmidt: Removing linear dependent vector 38
16:56 gram_schmidt: Removing linear dependent vector 39
16:56 gram_schmidt: Removing linear dependent vector 40
16:56 gram_schmidt: Removing linear dependent vector 41
16:56 gram_schmidt: Removing linear dependent vector 42
16:56 gram_schmidt: Removing linear dependent vector 43
16:56 gram_schmidt: Removing linear dependent vector 44
16:56 gram_schmidt: Removing linear dependent vector 45
16:56 gram_schmidt: Removing linear dependent vector 46
16:56 gram_schmidt: Removing linear dependent vector 47
16:56 gram_schmidt: Removing linear dependent vector 48
16:56 gram_schmidt: Removing linear dependent vector 49
16:56 gram_schmidt: Removing linear dependent vector 50
16:56 gram_schmidt: Removing linear dependent vector 51
16:56 gram_schmidt: Removing linear dependent vector 52
16:56 gram_schmidt: Removing linear dependent vector 53
16:56 gram_schmidt: Removing linear dependent vector 54
16:56 gram_schmidt: Removing linear dependent vector 55
16:56 gram_schmidt: Removing linear dependent vector 56
16:56 gram_schmidt: Removing linear dependent vector 57
16:56 gram_schmidt: Removing linear dependent vector 58
16:56 gram_schmidt: Removing linear dependent vector 59
16:56 gram_schmidt: Removing linear dependent vector 60
16:56 gram_schmidt: Removing linear dependent vector 61
16:56 gram_schmidt: Removing linear dependent vector 62
16:56 gram_schmidt: Removing linear dependent vector 63
16:56 gram_schmidt: Removing linear dependent vector 64
16:56 gram_schmidt: Removing linear dependent vector 65
16:56 gram_schmidt: Removing linear dependent vector 66
16:56 gram_schmidt: Removing linear dependent vector 67
16:56 gram_schmidt: Removing linear dependent vector 68
16:56 gram_schmidt: Removing linear dependent vector 69
16:56 gram_schmidt: Removing linear dependent vector 70
16:56 gram_schmidt: Removing linear dependent vector 71
16:56 gram_schmidt: Removing linear dependent vector 72
16:56 gram_schmidt: Removing linear dependent vector 73
16:56 gram_schmidt: Removing linear dependent vector 74
16:56 gram_schmidt: Removing linear dependent vector 75
16:56 gram_schmidt: Removing linear dependent vector 76
16:56 gram_schmidt: Removing linear dependent vector 77
16:56 gram_schmidt: Removing linear dependent vector 78
16:56 gram_schmidt: Removing linear dependent vector 79
16:56 gram_schmidt: Removing linear dependent vector 80
16:56 gram_schmidt: Removing linear dependent vector 81
16:56 gram_schmidt: Removing linear dependent vector 82
16:56 gram_schmidt: Removing linear dependent vector 83
16:56 gram_schmidt: Removing linear dependent vector 84
16:56 gram_schmidt: Removing linear dependent vector 85
16:56 gram_schmidt: Removing linear dependent vector 86
16:56 gram_schmidt: Removing linear dependent vector 87
16:56 gram_schmidt: Removing linear dependent vector 88
16:56 gram_schmidt: Removing linear dependent vector 89
16:56 gram_schmidt: Removing linear dependent vector 90
16:56 gram_schmidt: Removing linear dependent vector 91
16:56 gram_schmidt: Removing linear dependent vector 92
16:56 gram_schmidt: Removing linear dependent vector 93
16:56 gram_schmidt: Removing linear dependent vector 94
16:56 gram_schmidt: Removing linear dependent vector 95
16:56 gram_schmidt: Removing linear dependent vector 96
16:56 gram_schmidt: Removing linear dependent vector 97
16:56 gram_schmidt: Removing linear dependent vector 98
16:56 gram_schmidt: Removing linear dependent vector 99
16:56 gram_schmidt: Removing linear dependent vector 100
16:56 gram_schmidt: Removing linear dependent vector 101
16:56 gram_schmidt: Removing linear dependent vector 3
16:56 gram_schmidt: Removing linear dependent vector 4
16:56 gram_schmidt: Removing linear dependent vector 5
16:56 gram_schmidt: Removing linear dependent vector 6
16:56 gram_schmidt: Removing linear dependent vector 7
16:56 gram_schmidt: Removing linear dependent vector 8
16:56 gram_schmidt: Removing linear dependent vector 9
16:56 gram_schmidt: Removing linear dependent vector 10
16:56 gram_schmidt: Removing linear dependent vector 11
16:56 gram_schmidt: Removing linear dependent vector 12
16:56 gram_schmidt: Removing linear dependent vector 13
16:56 gram_schmidt: Removing linear dependent vector 14
16:56 gram_schmidt: Removing linear dependent vector 15
16:56 gram_schmidt: Removing linear dependent vector 16
16:56 gram_schmidt: Removing linear dependent vector 17
16:56 gram_schmidt: Removing linear dependent vector 18
16:56 gram_schmidt: Removing linear dependent vector 19
16:56 gram_schmidt: Removing linear dependent vector 20
16:56 gram_schmidt: Removing linear dependent vector 21
16:56 gram_schmidt: Removing linear dependent vector 22
16:56 gram_schmidt: Removing linear dependent vector 23
16:56 gram_schmidt: Removing linear dependent vector 24
16:56 gram_schmidt: Removing linear dependent vector 25
16:56 gram_schmidt: Removing linear dependent vector 26
16:56 gram_schmidt: Removing linear dependent vector 27
16:56 gram_schmidt: Removing linear dependent vector 28
16:56 gram_schmidt: Removing linear dependent vector 29
16:56 gram_schmidt: Removing linear dependent vector 30
16:56 gram_schmidt: Removing linear dependent vector 31
16:56 gram_schmidt: Removing linear dependent vector 32
16:56 gram_schmidt: Removing linear dependent vector 33
16:56 gram_schmidt: Removing linear dependent vector 34
16:56 gram_schmidt: Removing linear dependent vector 35
16:56 gram_schmidt: Removing linear dependent vector 36
16:56 gram_schmidt: Removing linear dependent vector 37
16:56 gram_schmidt: Removing linear dependent vector 38
16:56 gram_schmidt: Removing linear dependent vector 39
16:56 gram_schmidt: Removing linear dependent vector 40
16:56 gram_schmidt: Removing linear dependent vector 41
16:56 gram_schmidt: Removing linear dependent vector 42
16:56 gram_schmidt: Removing linear dependent vector 43
16:56 gram_schmidt: Removing linear dependent vector 44
16:56 gram_schmidt: Removing linear dependent vector 45
16:56 gram_schmidt: Removing linear dependent vector 46
16:56 gram_schmidt: Removing linear dependent vector 47
16:56 gram_schmidt: Removing linear dependent vector 48
16:56 gram_schmidt: Removing linear dependent vector 49
16:56 gram_schmidt: Removing linear dependent vector 50
16:56 gram_schmidt: Removing linear dependent vector 51
16:56 gram_schmidt: Removing linear dependent vector 52
16:56 gram_schmidt: Removing linear dependent vector 53
16:56 gram_schmidt: Removing linear dependent vector 54
16:56 gram_schmidt: Removing linear dependent vector 55
16:56 gram_schmidt: Removing linear dependent vector 56
16:56 gram_schmidt: Removing linear dependent vector 57
16:56 gram_schmidt: Removing linear dependent vector 58
16:56 gram_schmidt: Removing linear dependent vector 59
16:56 gram_schmidt: Removing linear dependent vector 60
16:56 gram_schmidt: Removing linear dependent vector 61
16:56 gram_schmidt: Removing linear dependent vector 62
16:56 gram_schmidt: Removing linear dependent vector 63
16:56 gram_schmidt: Removing linear dependent vector 64
16:56 gram_schmidt: Removing linear dependent vector 65
16:56 gram_schmidt: Removing linear dependent vector 66
16:56 gram_schmidt: Removing linear dependent vector 67
16:56 gram_schmidt: Removing linear dependent vector 68
16:56 gram_schmidt: Removing linear dependent vector 69
16:56 gram_schmidt: Removing linear dependent vector 70
16:56 gram_schmidt: Removing linear dependent vector 71
16:56 gram_schmidt: Removing linear dependent vector 72
16:56 gram_schmidt: Removing linear dependent vector 73
16:56 gram_schmidt: Removing linear dependent vector 74
16:56 gram_schmidt: Removing linear dependent vector 75
16:56 gram_schmidt: Removing linear dependent vector 76
16:56 gram_schmidt: Removing linear dependent vector 77
16:56 gram_schmidt: Removing linear dependent vector 78
16:56 gram_schmidt: Removing linear dependent vector 79
16:56 gram_schmidt: Removing linear dependent vector 80
16:56 gram_schmidt: Removing linear dependent vector 81
16:56 gram_schmidt: Removing linear dependent vector 82
16:56 gram_schmidt: Removing linear dependent vector 83
16:56 gram_schmidt: Removing linear dependent vector 84
16:56 gram_schmidt: Removing linear dependent vector 85
16:56 gram_schmidt: Removing linear dependent vector 86
16:56 gram_schmidt: Removing linear dependent vector 87
16:56 gram_schmidt: Removing linear dependent vector 88
16:56 gram_schmidt: Removing linear dependent vector 89
16:56 gram_schmidt: Removing linear dependent vector 90
16:56 gram_schmidt: Removing linear dependent vector 91
16:56 gram_schmidt: Removing linear dependent vector 92
16:56 gram_schmidt: Removing linear dependent vector 93
16:56 gram_schmidt: Removing linear dependent vector 94
16:56 gram_schmidt: Removing linear dependent vector 95
16:56 gram_schmidt: Removing linear dependent vector 96
16:56 gram_schmidt: Removing linear dependent vector 97
16:56 gram_schmidt: Removing linear dependent vector 98
16:56 gram_schmidt: Removing linear dependent vector 99
16:56 gram_schmidt: Removing linear dependent vector 100
16:56 gram_schmidt: Removing linear dependent vector 101
</system-err></testcase><testcase classname="src.pymortests.algorithms.gram_schmidt" file="src/pymortests/algorithms/gram_schmidt.py" line="12" name="test_gram_schmidt[1-&lt;lambda&gt;17]" time="0.0030939579010009766"></testcase><testcase classname="src.pymortests.algorithms.gram_schmidt" file="src/pymortests/algorithms/gram_schmidt.py" line="12" name="test_gram_schmidt[1-&lt;lambda&gt;18]" time="0.002288818359375"></testcase><testcase classname="src.pymortests.algorithms.gram_schmidt" file="src/pymortests/algorithms/gram_schmidt.py" line="12" name="test_gram_schmidt[1-&lt;lambda&gt;19]" time="0.004579782485961914"></testcase><testcase classname="src.pymortests.algorithms.gram_schmidt" file="src/pymortests/algorithms/gram_schmidt.py" line="12" name="test_gram_schmidt[1-&lt;lambda&gt;20]" time="0.28616881370544434"></testcase><testcase classname="src.pymortests.algorithms.gram_schmidt" file="src/pymortests/algorithms/gram_schmidt.py" line="12" name="test_gram_schmidt[1-&lt;lambda&gt;21]" time="1.5488505363464355"></testcase><testcase classname="src.pymortests.algorithms.gram_schmidt" file="src/pymortests/algorithms/gram_schmidt.py" line="12" name="test_gram_schmidt[1-&lt;lambda&gt;22]" time="0.002534627914428711"></testcase><testcase classname="src.pymortests.algorithms.gram_schmidt" file="src/pymortests/algorithms/gram_schmidt.py" line="12" name="test_gram_schmidt[1-&lt;lambda&gt;23]" time="0.001886606216430664"></testcase><testcase classname="src.pymortests.algorithms.gram_schmidt" file="src/pymortests/algorithms/gram_schmidt.py" line="12" name="test_gram_schmidt[1-&lt;lambda&gt;24]" time="0.008163690567016602"></testcase><testcase classname="src.pymortests.algorithms.gram_schmidt" file="src/pymortests/algorithms/gram_schmidt.py" line="12" name="test_gram_schmidt[1-&lt;lambda&gt;25]" time="0.41957712173461914"><system-err>16:58 gram_schmidt: Orthonormalizing vector 31 again
16:58 gram_schmidt: Removing linear dependent vector 32
16:58 gram_schmidt: Removing linear dependent vector 33
16:58 gram_schmidt: Removing linear dependent vector 34
16:58 gram_schmidt: Removing linear dependent vector 35
16:58 gram_schmidt: Removing linear dependent vector 36
16:58 gram_schmidt: Removing linear dependent vector 37
16:58 gram_schmidt: Removing linear dependent vector 38
16:58 gram_schmidt: Removing linear dependent vector 39
16:58 gram_schmidt: Removing linear dependent vector 40
16:58 gram_schmidt: Removing linear dependent vector 41
16:58 gram_schmidt: Removing linear dependent vector 42
16:58 gram_schmidt: Orthonormalizing vector 31 again
16:58 gram_schmidt: Removing linear dependent vector 32
16:58 gram_schmidt: Removing linear dependent vector 33
16:58 gram_schmidt: Removing linear dependent vector 34
16:58 gram_schmidt: Removing linear dependent vector 35
16:58 gram_schmidt: Removing linear dependent vector 36
16:59 gram_schmidt: Removing linear dependent vector 37
16:59 gram_schmidt: Removing linear dependent vector 38
16:59 gram_schmidt: Removing linear dependent vector 39
16:59 gram_schmidt: Removing linear dependent vector 40
16:59 gram_schmidt: Removing linear dependent vector 41
16:59 gram_schmidt: Removing linear dependent vector 42
</system-err></testcase><testcase classname="src.pymortests.algorithms.gram_schmidt" file="src/pymortests/algorithms/gram_schmidt.py" line="12" name="test_gram_schmidt[1-&lt;lambda&gt;26]" time="0.23553800582885742"><system-err>16:59 gram_schmidt: Removing vector 0 of norm 0.0
16:59 gram_schmidt: Removing vector 1 of norm 0.0
16:59 gram_schmidt: Removing vector 2 of norm 0.0
16:59 gram_schmidt: Removing vector 3 of norm 0.0
16:59 gram_schmidt: Removing vector 4 of norm 0.0
16:59 gram_schmidt: Removing vector 5 of norm 0.0
16:59 gram_schmidt: Removing vector 6 of norm 0.0
16:59 gram_schmidt: Removing vector 7 of norm 0.0
16:59 gram_schmidt: Removing vector 8 of norm 0.0
16:59 gram_schmidt: Removing vector 9 of norm 0.0
16:59 gram_schmidt: Removing vector 10 of norm 0.0
16:59 gram_schmidt: Removing vector 11 of norm 0.0
16:59 gram_schmidt: Removing vector 12 of norm 0.0
16:59 gram_schmidt: Removing vector 13 of norm 0.0
16:59 gram_schmidt: Removing vector 14 of norm 0.0
16:59 gram_schmidt: Removing vector 15 of norm 0.0
16:59 gram_schmidt: Removing vector 16 of norm 0.0
16:59 gram_schmidt: Removing vector 17 of norm 0.0
16:59 gram_schmidt: Removing vector 18 of norm 0.0
16:59 gram_schmidt: Removing vector 19 of norm 0.0
16:59 gram_schmidt: Removing vector 20 of norm 0.0
16:59 gram_schmidt: Removing vector 21 of norm 0.0
16:59 gram_schmidt: Removing vector 22 of norm 0.0
16:59 gram_schmidt: Removing vector 23 of norm 0.0
16:59 gram_schmidt: Removing vector 24 of norm 0.0
16:59 gram_schmidt: Removing vector 25 of norm 0.0
16:59 gram_schmidt: Removing vector 26 of norm 0.0
16:59 gram_schmidt: Removing vector 27 of norm 0.0
16:59 gram_schmidt: Removing vector 28 of norm 0.0
16:59 gram_schmidt: Removing vector 29 of norm 0.0
16:59 gram_schmidt: Removing vector 30 of norm 0.0
16:59 gram_schmidt: Removing vector 31 of norm 0.0
16:59 gram_schmidt: Removing vector 32 of norm 0.0
16:59 gram_schmidt: Removing vector 33 of norm 0.0
16:59 gram_schmidt: Removing vector 34 of norm 0.0
16:59 gram_schmidt: Removing vector 35 of norm 0.0
16:59 gram_schmidt: Removing vector 36 of norm 0.0
16:59 gram_schmidt: Removing vector 37 of norm 0.0
16:59 gram_schmidt: Removing vector 38 of norm 0.0
16:59 gram_schmidt: Removing vector 39 of norm 0.0
16:59 gram_schmidt: Removing vector 40 of norm 0.0
16:59 gram_schmidt: Removing vector 41 of norm 0.0
16:59 gram_schmidt: Removing vector 42 of norm 0.0
16:59 gram_schmidt: Removing vector 43 of norm 0.0
16:59 gram_schmidt: Removing vector 44 of norm 0.0
16:59 gram_schmidt: Removing vector 45 of norm 0.0
16:59 gram_schmidt: Removing vector 46 of norm 0.0
16:59 gram_schmidt: Removing vector 47 of norm 0.0
16:59 gram_schmidt: Removing vector 48 of norm 0.0
16:59 gram_schmidt: Removing vector 49 of norm 0.0
16:59 gram_schmidt: Removing vector 50 of norm 0.0
16:59 gram_schmidt: Removing vector 51 of norm 0.0
16:59 gram_schmidt: Removing vector 52 of norm 0.0
16:59 gram_schmidt: Removing vector 53 of norm 0.0
16:59 gram_schmidt: Removing vector 54 of norm 0.0
16:59 gram_schmidt: Removing vector 55 of norm 0.0
16:59 gram_schmidt: Removing vector 56 of norm 0.0
16:59 gram_schmidt: Removing vector 57 of norm 0.0
16:59 gram_schmidt: Removing vector 58 of norm 0.0
16:59 gram_schmidt: Removing vector 59 of norm 0.0
16:59 gram_schmidt: Removing vector 60 of norm 0.0
16:59 gram_schmidt: Removing vector 61 of norm 0.0
16:59 gram_schmidt: Removing vector 62 of norm 0.0
16:59 gram_schmidt: Removing vector 63 of norm 0.0
16:59 gram_schmidt: Removing vector 64 of norm 0.0
16:59 gram_schmidt: Removing vector 65 of norm 0.0
16:59 gram_schmidt: Removing vector 66 of norm 0.0
16:59 gram_schmidt: Removing vector 67 of norm 0.0
16:59 gram_schmidt: Removing vector 68 of norm 0.0
16:59 gram_schmidt: Removing vector 69 of norm 0.0
16:59 gram_schmidt: Removing vector 70 of norm 0.0
16:59 gram_schmidt: Removing vector 71 of norm 0.0
16:59 gram_schmidt: Removing vector 72 of norm 0.0
16:59 gram_schmidt: Removing vector 73 of norm 0.0
16:59 gram_schmidt: Removing vector 74 of norm 0.0
16:59 gram_schmidt: Removing vector 75 of norm 0.0
16:59 gram_schmidt: Removing vector 76 of norm 0.0
16:59 gram_schmidt: Removing vector 77 of norm 0.0
16:59 gram_schmidt: Removing vector 78 of norm 0.0
16:59 gram_schmidt: Removing vector 79 of norm 0.0
16:59 gram_schmidt: Removing vector 80 of norm 0.0
16:59 gram_schmidt: Removing vector 81 of norm 0.0
16:59 gram_schmidt: Removing vector 82 of norm 0.0
16:59 gram_schmidt: Removing vector 83 of norm 0.0
16:59 gram_schmidt: Removing vector 84 of norm 0.0
16:59 gram_schmidt: Removing vector 85 of norm 0.0
16:59 gram_schmidt: Removing vector 86 of norm 0.0
16:59 gram_schmidt: Removing vector 87 of norm 0.0
16:59 gram_schmidt: Removing vector 88 of norm 0.0
16:59 gram_schmidt: Removing vector 89 of norm 0.0
16:59 gram_schmidt: Removing vector 90 of norm 0.0
16:59 gram_schmidt: Removing vector 91 of norm 0.0
16:59 gram_schmidt: Removing vector 92 of norm 0.0
16:59 gram_schmidt: Removing vector 93 of norm 0.0
16:59 gram_schmidt: Removing vector 94 of norm 0.0
16:59 gram_schmidt: Removing vector 95 of norm 0.0
16:59 gram_schmidt: Removing vector 96 of norm 0.0
16:59 gram_schmidt: Removing vector 97 of norm 0.0
16:59 gram_schmidt: Removing vector 98 of norm 0.0
16:59 gram_schmidt: Removing vector 99 of norm 0.0
16:59 gram_schmidt: Removing vector 100 of norm 0.0
16:59 gram_schmidt: Removing vector 101 of norm 0.0
16:59 gram_schmidt: Removing vector 0 of norm 0.0
16:59 gram_schmidt: Removing vector 1 of norm 0.0
16:59 gram_schmidt: Removing vector 2 of norm 0.0
16:59 gram_schmidt: Removing vector 3 of norm 0.0
16:59 gram_schmidt: Removing vector 4 of norm 0.0
16:59 gram_schmidt: Removing vector 5 of norm 0.0
16:59 gram_schmidt: Removing vector 6 of norm 0.0
16:59 gram_schmidt: Removing vector 7 of norm 0.0
16:59 gram_schmidt: Removing vector 8 of norm 0.0
16:59 gram_schmidt: Removing vector 9 of norm 0.0
16:59 gram_schmidt: Removing vector 10 of norm 0.0
16:59 gram_schmidt: Removing vector 11 of norm 0.0
16:59 gram_schmidt: Removing vector 12 of norm 0.0
16:59 gram_schmidt: Removing vector 13 of norm 0.0
16:59 gram_schmidt: Removing vector 14 of norm 0.0
16:59 gram_schmidt: Removing vector 15 of norm 0.0
16:59 gram_schmidt: Removing vector 16 of norm 0.0
16:59 gram_schmidt: Removing vector 17 of norm 0.0
16:59 gram_schmidt: Removing vector 18 of norm 0.0
16:59 gram_schmidt: Removing vector 19 of norm 0.0
16:59 gram_schmidt: Removing vector 20 of norm 0.0
16:59 gram_schmidt: Removing vector 21 of norm 0.0
16:59 gram_schmidt: Removing vector 22 of norm 0.0
16:59 gram_schmidt: Removing vector 23 of norm 0.0
16:59 gram_schmidt: Removing vector 24 of norm 0.0
16:59 gram_schmidt: Removing vector 25 of norm 0.0
16:59 gram_schmidt: Removing vector 26 of norm 0.0
16:59 gram_schmidt: Removing vector 27 of norm 0.0
16:59 gram_schmidt: Removing vector 28 of norm 0.0
16:59 gram_schmidt: Removing vector 29 of norm 0.0
16:59 gram_schmidt: Removing vector 30 of norm 0.0
16:59 gram_schmidt: Removing vector 31 of norm 0.0
16:59 gram_schmidt: Removing vector 32 of norm 0.0
16:59 gram_schmidt: Removing vector 33 of norm 0.0
16:59 gram_schmidt: Removing vector 34 of norm 0.0
16:59 gram_schmidt: Removing vector 35 of norm 0.0
16:59 gram_schmidt: Removing vector 36 of norm 0.0
16:59 gram_schmidt: Removing vector 37 of norm 0.0
16:59 gram_schmidt: Removing vector 38 of norm 0.0
16:59 gram_schmidt: Removing vector 39 of norm 0.0
16:59 gram_schmidt: Removing vector 40 of norm 0.0
16:59 gram_schmidt: Removing vector 41 of norm 0.0
16:59 gram_schmidt: Removing vector 42 of norm 0.0
16:59 gram_schmidt: Removing vector 43 of norm 0.0
16:59 gram_schmidt: Removing vector 44 of norm 0.0
16:59 gram_schmidt: Removing vector 45 of norm 0.0
16:59 gram_schmidt: Removing vector 46 of norm 0.0
16:59 gram_schmidt: Removing vector 47 of norm 0.0
16:59 gram_schmidt: Removing vector 48 of norm 0.0
16:59 gram_schmidt: Removing vector 49 of norm 0.0
16:59 gram_schmidt: Removing vector 50 of norm 0.0
16:59 gram_schmidt: Removing vector 51 of norm 0.0
16:59 gram_schmidt: Removing vector 52 of norm 0.0
16:59 gram_schmidt: Removing vector 53 of norm 0.0
16:59 gram_schmidt: Removing vector 54 of norm 0.0
16:59 gram_schmidt: Removing vector 55 of norm 0.0
16:59 gram_schmidt: Removing vector 56 of norm 0.0
16:59 gram_schmidt: Removing vector 57 of norm 0.0
16:59 gram_schmidt: Removing vector 58 of norm 0.0
16:59 gram_schmidt: Removing vector 59 of norm 0.0
16:59 gram_schmidt: Removing vector 60 of norm 0.0
16:59 gram_schmidt: Removing vector 61 of norm 0.0
16:59 gram_schmidt: Removing vector 62 of norm 0.0
16:59 gram_schmidt: Removing vector 63 of norm 0.0
16:59 gram_schmidt: Removing vector 64 of norm 0.0
16:59 gram_schmidt: Removing vector 65 of norm 0.0
16:59 gram_schmidt: Removing vector 66 of norm 0.0
16:59 gram_schmidt: Removing vector 67 of norm 0.0
16:59 gram_schmidt: Removing vector 68 of norm 0.0
16:59 gram_schmidt: Removing vector 69 of norm 0.0
16:59 gram_schmidt: Removing vector 70 of norm 0.0
16:59 gram_schmidt: Removing vector 71 of norm 0.0
16:59 gram_schmidt: Removing vector 72 of norm 0.0
16:59 gram_schmidt: Removing vector 73 of norm 0.0
16:59 gram_schmidt: Removing vector 74 of norm 0.0
16:59 gram_schmidt: Removing vector 75 of norm 0.0
16:59 gram_schmidt: Removing vector 76 of norm 0.0
16:59 gram_schmidt: Removing vector 77 of norm 0.0
16:59 gram_schmidt: Removing vector 78 of norm 0.0
16:59 gram_schmidt: Removing vector 79 of norm 0.0
16:59 gram_schmidt: Removing vector 80 of norm 0.0
16:59 gram_schmidt: Removing vector 81 of norm 0.0
16:59 gram_schmidt: Removing vector 82 of norm 0.0
16:59 gram_schmidt: Removing vector 83 of norm 0.0
16:59 gram_schmidt: Removing vector 84 of norm 0.0
16:59 gram_schmidt: Removing vector 85 of norm 0.0
16:59 gram_schmidt: Removing vector 86 of norm 0.0
16:59 gram_schmidt: Removing vector 87 of norm 0.0
16:59 gram_schmidt: Removing vector 88 of norm 0.0
16:59 gram_schmidt: Removing vector 89 of norm 0.0
16:59 gram_schmidt: Removing vector 90 of norm 0.0
16:59 gram_schmidt: Removing vector 91 of norm 0.0
16:59 gram_schmidt: Removing vector 92 of norm 0.0
16:59 gram_schmidt: Removing vector 93 of norm 0.0
16:59 gram_schmidt: Removing vector 94 of norm 0.0
16:59 gram_schmidt: Removing vector 95 of norm 0.0
16:59 gram_schmidt: Removing vector 96 of norm 0.0
16:59 gram_schmidt: Removing vector 97 of norm 0.0
16:59 gram_schmidt: Removing vector 98 of norm 0.0
16:59 gram_schmidt: Removing vector 99 of norm 0.0
16:59 gram_schmidt: Removing vector 100 of norm 0.0
16:59 gram_schmidt: Removing vector 101 of norm 0.0
</system-err></testcase><testcase classname="src.pymortests.algorithms.gram_schmidt" file="src/pymortests/algorithms/gram_schmidt.py" line="12" name="test_gram_schmidt[2-&lt;lambda&gt;0]" time="0.0027053356170654297"></testcase><testcase classname="src.pymortests.algorithms.gram_schmidt" file="src/pymortests/algorithms/gram_schmidt.py" line="12" name="test_gram_schmidt[2-&lt;lambda&gt;1]" time="0.0019214153289794922"></testcase><testcase classname="src.pymortests.algorithms.gram_schmidt" file="src/pymortests/algorithms/gram_schmidt.py" line="12" name="test_gram_schmidt[2-&lt;lambda&gt;2]" time="0.0020339488983154297"></testcase><testcase classname="src.pymortests.algorithms.gram_schmidt" file="src/pymortests/algorithms/gram_schmidt.py" line="12" name="test_gram_schmidt[2-&lt;lambda&gt;3]" time="0.11606073379516602"><system-err>16:59 gram_schmidt: Orthonormalizing vector 31 again
16:59 gram_schmidt: Removing linear dependent vector 32
16:59 gram_schmidt: Removing linear dependent vector 33
16:59 gram_schmidt: Removing linear dependent vector 34
16:59 gram_schmidt: Removing linear dependent vector 35
16:59 gram_schmidt: Removing linear dependent vector 36
16:59 gram_schmidt: Removing linear dependent vector 37
16:59 gram_schmidt: Removing linear dependent vector 38
16:59 gram_schmidt: Removing linear dependent vector 39
16:59 gram_schmidt: Removing linear dependent vector 40
16:59 gram_schmidt: Removing linear dependent vector 41
16:59 gram_schmidt: Removing linear dependent vector 42
16:59 gram_schmidt: Orthonormalizing vector 31 again
16:59 gram_schmidt: Removing linear dependent vector 32
16:59 gram_schmidt: Removing linear dependent vector 33
16:59 gram_schmidt: Removing linear dependent vector 34
16:59 gram_schmidt: Removing linear dependent vector 35
16:59 gram_schmidt: Removing linear dependent vector 36
16:59 gram_schmidt: Removing linear dependent vector 37
16:59 gram_schmidt: Removing linear dependent vector 38
16:59 gram_schmidt: Removing linear dependent vector 39
16:59 gram_schmidt: Removing linear dependent vector 40
16:59 gram_schmidt: Removing linear dependent vector 41
16:59 gram_schmidt: Removing linear dependent vector 42
</system-err></testcase><testcase classname="src.pymortests.algorithms.gram_schmidt" file="src/pymortests/algorithms/gram_schmidt.py" line="12" name="test_gram_schmidt[2-&lt;lambda&gt;4]" time="0.0227506160736084"><system-err>16:59 gram_schmidt: Removing vector 0 of norm 0.0
16:59 gram_schmidt: Removing vector 1 of norm 0.0
16:59 gram_schmidt: Removing vector 2 of norm 0.0
16:59 gram_schmidt: Removing vector 3 of norm 0.0
16:59 gram_schmidt: Removing vector 4 of norm 0.0
16:59 gram_schmidt: Removing vector 5 of norm 0.0
16:59 gram_schmidt: Removing vector 6 of norm 0.0
16:59 gram_schmidt: Removing vector 7 of norm 0.0
16:59 gram_schmidt: Removing vector 8 of norm 0.0
16:59 gram_schmidt: Removing vector 9 of norm 0.0
16:59 gram_schmidt: Removing vector 10 of norm 0.0
16:59 gram_schmidt: Removing vector 11 of norm 0.0
16:59 gram_schmidt: Removing vector 12 of norm 0.0
16:59 gram_schmidt: Removing vector 13 of norm 0.0
16:59 gram_schmidt: Removing vector 14 of norm 0.0
16:59 gram_schmidt: Removing vector 15 of norm 0.0
16:59 gram_schmidt: Removing vector 16 of norm 0.0
16:59 gram_schmidt: Removing vector 17 of norm 0.0
16:59 gram_schmidt: Removing vector 18 of norm 0.0
16:59 gram_schmidt: Removing vector 19 of norm 0.0
16:59 gram_schmidt: Removing vector 20 of norm 0.0
16:59 gram_schmidt: Removing vector 21 of norm 0.0
16:59 gram_schmidt: Removing vector 22 of norm 0.0
16:59 gram_schmidt: Removing vector 23 of norm 0.0
16:59 gram_schmidt: Removing vector 24 of norm 0.0
16:59 gram_schmidt: Removing vector 25 of norm 0.0
16:59 gram_schmidt: Removing vector 26 of norm 0.0
16:59 gram_schmidt: Removing vector 27 of norm 0.0
16:59 gram_schmidt: Removing vector 28 of norm 0.0
16:59 gram_schmidt: Removing vector 29 of norm 0.0
16:59 gram_schmidt: Removing vector 30 of norm 0.0
16:59 gram_schmidt: Removing vector 31 of norm 0.0
16:59 gram_schmidt: Removing vector 32 of norm 0.0
16:59 gram_schmidt: Removing vector 33 of norm 0.0
16:59 gram_schmidt: Removing vector 34 of norm 0.0
16:59 gram_schmidt: Removing vector 35 of norm 0.0
16:59 gram_schmidt: Removing vector 36 of norm 0.0
16:59 gram_schmidt: Removing vector 37 of norm 0.0
16:59 gram_schmidt: Removing vector 38 of norm 0.0
16:59 gram_schmidt: Removing vector 39 of norm 0.0
16:59 gram_schmidt: Removing vector 40 of norm 0.0
16:59 gram_schmidt: Removing vector 41 of norm 0.0
16:59 gram_schmidt: Removing vector 42 of norm 0.0
16:59 gram_schmidt: Removing vector 43 of norm 0.0
16:59 gram_schmidt: Removing vector 44 of norm 0.0
16:59 gram_schmidt: Removing vector 45 of norm 0.0
16:59 gram_schmidt: Removing vector 46 of norm 0.0
16:59 gram_schmidt: Removing vector 47 of norm 0.0
16:59 gram_schmidt: Removing vector 48 of norm 0.0
16:59 gram_schmidt: Removing vector 49 of norm 0.0
16:59 gram_schmidt: Removing vector 50 of norm 0.0
16:59 gram_schmidt: Removing vector 51 of norm 0.0
16:59 gram_schmidt: Removing vector 52 of norm 0.0
16:59 gram_schmidt: Removing vector 53 of norm 0.0
16:59 gram_schmidt: Removing vector 54 of norm 0.0
16:59 gram_schmidt: Removing vector 55 of norm 0.0
16:59 gram_schmidt: Removing vector 56 of norm 0.0
16:59 gram_schmidt: Removing vector 57 of norm 0.0
16:59 gram_schmidt: Removing vector 58 of norm 0.0
16:59 gram_schmidt: Removing vector 59 of norm 0.0
16:59 gram_schmidt: Removing vector 60 of norm 0.0
16:59 gram_schmidt: Removing vector 61 of norm 0.0
16:59 gram_schmidt: Removing vector 62 of norm 0.0
16:59 gram_schmidt: Removing vector 63 of norm 0.0
16:59 gram_schmidt: Removing vector 64 of norm 0.0
16:59 gram_schmidt: Removing vector 65 of norm 0.0
16:59 gram_schmidt: Removing vector 66 of norm 0.0
16:59 gram_schmidt: Removing vector 67 of norm 0.0
16:59 gram_schmidt: Removing vector 68 of norm 0.0
16:59 gram_schmidt: Removing vector 69 of norm 0.0
16:59 gram_schmidt: Removing vector 70 of norm 0.0
16:59 gram_schmidt: Removing vector 71 of norm 0.0
16:59 gram_schmidt: Removing vector 72 of norm 0.0
16:59 gram_schmidt: Removing vector 73 of norm 0.0
16:59 gram_schmidt: Removing vector 74 of norm 0.0
16:59 gram_schmidt: Removing vector 75 of norm 0.0
16:59 gram_schmidt: Removing vector 76 of norm 0.0
16:59 gram_schmidt: Removing vector 77 of norm 0.0
16:59 gram_schmidt: Removing vector 78 of norm 0.0
16:59 gram_schmidt: Removing vector 79 of norm 0.0
16:59 gram_schmidt: Removing vector 80 of norm 0.0
16:59 gram_schmidt: Removing vector 81 of norm 0.0
16:59 gram_schmidt: Removing vector 82 of norm 0.0
16:59 gram_schmidt: Removing vector 83 of norm 0.0
16:59 gram_schmidt: Removing vector 84 of norm 0.0
16:59 gram_schmidt: Removing vector 85 of norm 0.0
16:59 gram_schmidt: Removing vector 86 of norm 0.0
16:59 gram_schmidt: Removing vector 87 of norm 0.0
16:59 gram_schmidt: Removing vector 88 of norm 0.0
16:59 gram_schmidt: Removing vector 89 of norm 0.0
16:59 gram_schmidt: Removing vector 90 of norm 0.0
16:59 gram_schmidt: Removing vector 91 of norm 0.0
16:59 gram_schmidt: Removing vector 92 of norm 0.0
16:59 gram_schmidt: Removing vector 93 of norm 0.0
16:59 gram_schmidt: Removing vector 94 of norm 0.0
16:59 gram_schmidt: Removing vector 95 of norm 0.0
16:59 gram_schmidt: Removing vector 96 of norm 0.0
16:59 gram_schmidt: Removing vector 97 of norm 0.0
16:59 gram_schmidt: Removing vector 98 of norm 0.0
16:59 gram_schmidt: Removing vector 99 of norm 0.0
16:59 gram_schmidt: Removing vector 100 of norm 0.0
16:59 gram_schmidt: Removing vector 101 of norm 0.0
16:59 gram_schmidt: Removing vector 0 of norm 0.0
16:59 gram_schmidt: Removing vector 1 of norm 0.0
16:59 gram_schmidt: Removing vector 2 of norm 0.0
16:59 gram_schmidt: Removing vector 3 of norm 0.0
16:59 gram_schmidt: Removing vector 4 of norm 0.0
16:59 gram_schmidt: Removing vector 5 of norm 0.0
16:59 gram_schmidt: Removing vector 6 of norm 0.0
16:59 gram_schmidt: Removing vector 7 of norm 0.0
16:59 gram_schmidt: Removing vector 8 of norm 0.0
16:59 gram_schmidt: Removing vector 9 of norm 0.0
16:59 gram_schmidt: Removing vector 10 of norm 0.0
16:59 gram_schmidt: Removing vector 11 of norm 0.0
16:59 gram_schmidt: Removing vector 12 of norm 0.0
16:59 gram_schmidt: Removing vector 13 of norm 0.0
16:59 gram_schmidt: Removing vector 14 of norm 0.0
16:59 gram_schmidt: Removing vector 15 of norm 0.0
16:59 gram_schmidt: Removing vector 16 of norm 0.0
16:59 gram_schmidt: Removing vector 17 of norm 0.0
16:59 gram_schmidt: Removing vector 18 of norm 0.0
16:59 gram_schmidt: Removing vector 19 of norm 0.0
16:59 gram_schmidt: Removing vector 20 of norm 0.0
16:59 gram_schmidt: Removing vector 21 of norm 0.0
16:59 gram_schmidt: Removing vector 22 of norm 0.0
16:59 gram_schmidt: Removing vector 23 of norm 0.0
16:59 gram_schmidt: Removing vector 24 of norm 0.0
16:59 gram_schmidt: Removing vector 25 of norm 0.0
16:59 gram_schmidt: Removing vector 26 of norm 0.0
16:59 gram_schmidt: Removing vector 27 of norm 0.0
16:59 gram_schmidt: Removing vector 28 of norm 0.0
16:59 gram_schmidt: Removing vector 29 of norm 0.0
16:59 gram_schmidt: Removing vector 30 of norm 0.0
16:59 gram_schmidt: Removing vector 31 of norm 0.0
16:59 gram_schmidt: Removing vector 32 of norm 0.0
16:59 gram_schmidt: Removing vector 33 of norm 0.0
16:59 gram_schmidt: Removing vector 34 of norm 0.0
16:59 gram_schmidt: Removing vector 35 of norm 0.0
16:59 gram_schmidt: Removing vector 36 of norm 0.0
16:59 gram_schmidt: Removing vector 37 of norm 0.0
16:59 gram_schmidt: Removing vector 38 of norm 0.0
16:59 gram_schmidt: Removing vector 39 of norm 0.0
16:59 gram_schmidt: Removing vector 40 of norm 0.0
16:59 gram_schmidt: Removing vector 41 of norm 0.0
16:59 gram_schmidt: Removing vector 42 of norm 0.0
16:59 gram_schmidt: Removing vector 43 of norm 0.0
16:59 gram_schmidt: Removing vector 44 of norm 0.0
16:59 gram_schmidt: Removing vector 45 of norm 0.0
16:59 gram_schmidt: Removing vector 46 of norm 0.0
16:59 gram_schmidt: Removing vector 47 of norm 0.0
16:59 gram_schmidt: Removing vector 48 of norm 0.0
16:59 gram_schmidt: Removing vector 49 of norm 0.0
16:59 gram_schmidt: Removing vector 50 of norm 0.0
16:59 gram_schmidt: Removing vector 51 of norm 0.0
16:59 gram_schmidt: Removing vector 52 of norm 0.0
16:59 gram_schmidt: Removing vector 53 of norm 0.0
16:59 gram_schmidt: Removing vector 54 of norm 0.0
16:59 gram_schmidt: Removing vector 55 of norm 0.0
16:59 gram_schmidt: Removing vector 56 of norm 0.0
16:59 gram_schmidt: Removing vector 57 of norm 0.0
16:59 gram_schmidt: Removing vector 58 of norm 0.0
16:59 gram_schmidt: Removing vector 59 of norm 0.0
16:59 gram_schmidt: Removing vector 60 of norm 0.0
16:59 gram_schmidt: Removing vector 61 of norm 0.0
16:59 gram_schmidt: Removing vector 62 of norm 0.0
16:59 gram_schmidt: Removing vector 63 of norm 0.0
16:59 gram_schmidt: Removing vector 64 of norm 0.0
16:59 gram_schmidt: Removing vector 65 of norm 0.0
16:59 gram_schmidt: Removing vector 66 of norm 0.0
16:59 gram_schmidt: Removing vector 67 of norm 0.0
16:59 gram_schmidt: Removing vector 68 of norm 0.0
16:59 gram_schmidt: Removing vector 69 of norm 0.0
16:59 gram_schmidt: Removing vector 70 of norm 0.0
16:59 gram_schmidt: Removing vector 71 of norm 0.0
16:59 gram_schmidt: Removing vector 72 of norm 0.0
16:59 gram_schmidt: Removing vector 73 of norm 0.0
16:59 gram_schmidt: Removing vector 74 of norm 0.0
16:59 gram_schmidt: Removing vector 75 of norm 0.0
16:59 gram_schmidt: Removing vector 76 of norm 0.0
16:59 gram_schmidt: Removing vector 77 of norm 0.0
16:59 gram_schmidt: Removing vector 78 of norm 0.0
16:59 gram_schmidt: Removing vector 79 of norm 0.0
16:59 gram_schmidt: Removing vector 80 of norm 0.0
16:59 gram_schmidt: Removing vector 81 of norm 0.0
16:59 gram_schmidt: Removing vector 82 of norm 0.0
16:59 gram_schmidt: Removing vector 83 of norm 0.0
16:59 gram_schmidt: Removing vector 84 of norm 0.0
16:59 gram_schmidt: Removing vector 85 of norm 0.0
16:59 gram_schmidt: Removing vector 86 of norm 0.0
16:59 gram_schmidt: Removing vector 87 of norm 0.0
16:59 gram_schmidt: Removing vector 88 of norm 0.0
16:59 gram_schmidt: Removing vector 89 of norm 0.0
16:59 gram_schmidt: Removing vector 90 of norm 0.0
16:59 gram_schmidt: Removing vector 91 of norm 0.0
16:59 gram_schmidt: Removing vector 92 of norm 0.0
16:59 gram_schmidt: Removing vector 93 of norm 0.0
16:59 gram_schmidt: Removing vector 94 of norm 0.0
16:59 gram_schmidt: Removing vector 95 of norm 0.0
16:59 gram_schmidt: Removing vector 96 of norm 0.0
16:59 gram_schmidt: Removing vector 97 of norm 0.0
16:59 gram_schmidt: Removing vector 98 of norm 0.0
16:59 gram_schmidt: Removing vector 99 of norm 0.0
16:59 gram_schmidt: Removing vector 100 of norm 0.0
16:59 gram_schmidt: Removing vector 101 of norm 0.0
</system-err></testcase><testcase classname="src.pymortests.algorithms.gram_schmidt" file="src/pymortests/algorithms/gram_schmidt.py" line="12" name="test_gram_schmidt[2-&lt;lambda&gt;5]" time="0.002651214599609375"></testcase><testcase classname="src.pymortests.algorithms.gram_schmidt" file="src/pymortests/algorithms/gram_schmidt.py" line="12" name="test_gram_schmidt[2-&lt;lambda&gt;6]" time="0.001935720443725586"></testcase><testcase classname="src.pymortests.algorithms.gram_schmidt" file="src/pymortests/algorithms/gram_schmidt.py" line="12" name="test_gram_schmidt[2-&lt;lambda&gt;7]" time="0.002351522445678711"></testcase><testcase classname="src.pymortests.algorithms.gram_schmidt" file="src/pymortests/algorithms/gram_schmidt.py" line="12" name="test_gram_schmidt[2-&lt;lambda&gt;8]" time="0.21396875381469727"><system-err>16:59 gram_schmidt: Orthonormalizing vector 31 again
16:59 gram_schmidt: Removing linear dependent vector 32
16:59 gram_schmidt: Removing linear dependent vector 33
16:59 gram_schmidt: Removing linear dependent vector 34
16:59 gram_schmidt: Removing linear dependent vector 35
16:59 gram_schmidt: Removing linear dependent vector 36
16:59 gram_schmidt: Removing linear dependent vector 37
16:59 gram_schmidt: Removing linear dependent vector 38
16:59 gram_schmidt: Removing linear dependent vector 39
16:59 gram_schmidt: Removing linear dependent vector 40
16:59 gram_schmidt: Removing linear dependent vector 41
16:59 gram_schmidt: Removing linear dependent vector 42
16:59 gram_schmidt: Orthonormalizing vector 31 again
16:59 gram_schmidt: Removing linear dependent vector 32
16:59 gram_schmidt: Removing linear dependent vector 33
16:59 gram_schmidt: Removing linear dependent vector 34
16:59 gram_schmidt: Removing linear dependent vector 35
16:59 gram_schmidt: Removing linear dependent vector 36
16:59 gram_schmidt: Removing linear dependent vector 37
16:59 gram_schmidt: Removing linear dependent vector 38
16:59 gram_schmidt: Removing linear dependent vector 39
16:59 gram_schmidt: Removing linear dependent vector 40
16:59 gram_schmidt: Removing linear dependent vector 41
16:59 gram_schmidt: Removing linear dependent vector 42
</system-err></testcase><testcase classname="src.pymortests.algorithms.gram_schmidt" file="src/pymortests/algorithms/gram_schmidt.py" line="12" name="test_gram_schmidt[2-&lt;lambda&gt;9]" time="0.027616500854492188"><system-err>16:59 gram_schmidt: Removing vector 0 of norm 0.0
16:59 gram_schmidt: Removing vector 1 of norm 0.0
16:59 gram_schmidt: Removing vector 2 of norm 0.0
16:59 gram_schmidt: Removing vector 3 of norm 0.0
16:59 gram_schmidt: Removing vector 4 of norm 0.0
16:59 gram_schmidt: Removing vector 5 of norm 0.0
16:59 gram_schmidt: Removing vector 6 of norm 0.0
16:59 gram_schmidt: Removing vector 7 of norm 0.0
16:59 gram_schmidt: Removing vector 8 of norm 0.0
16:59 gram_schmidt: Removing vector 9 of norm 0.0
16:59 gram_schmidt: Removing vector 10 of norm 0.0
16:59 gram_schmidt: Removing vector 11 of norm 0.0
16:59 gram_schmidt: Removing vector 12 of norm 0.0
16:59 gram_schmidt: Removing vector 13 of norm 0.0
16:59 gram_schmidt: Removing vector 14 of norm 0.0
16:59 gram_schmidt: Removing vector 15 of norm 0.0
16:59 gram_schmidt: Removing vector 16 of norm 0.0
16:59 gram_schmidt: Removing vector 17 of norm 0.0
16:59 gram_schmidt: Removing vector 18 of norm 0.0
16:59 gram_schmidt: Removing vector 19 of norm 0.0
16:59 gram_schmidt: Removing vector 20 of norm 0.0
16:59 gram_schmidt: Removing vector 21 of norm 0.0
16:59 gram_schmidt: Removing vector 22 of norm 0.0
16:59 gram_schmidt: Removing vector 23 of norm 0.0
16:59 gram_schmidt: Removing vector 24 of norm 0.0
16:59 gram_schmidt: Removing vector 25 of norm 0.0
16:59 gram_schmidt: Removing vector 26 of norm 0.0
16:59 gram_schmidt: Removing vector 27 of norm 0.0
16:59 gram_schmidt: Removing vector 28 of norm 0.0
16:59 gram_schmidt: Removing vector 29 of norm 0.0
16:59 gram_schmidt: Removing vector 30 of norm 0.0
16:59 gram_schmidt: Removing vector 31 of norm 0.0
16:59 gram_schmidt: Removing vector 32 of norm 0.0
16:59 gram_schmidt: Removing vector 33 of norm 0.0
16:59 gram_schmidt: Removing vector 34 of norm 0.0
16:59 gram_schmidt: Removing vector 35 of norm 0.0
16:59 gram_schmidt: Removing vector 36 of norm 0.0
16:59 gram_schmidt: Removing vector 37 of norm 0.0
16:59 gram_schmidt: Removing vector 38 of norm 0.0
16:59 gram_schmidt: Removing vector 39 of norm 0.0
16:59 gram_schmidt: Removing vector 40 of norm 0.0
16:59 gram_schmidt: Removing vector 41 of norm 0.0
16:59 gram_schmidt: Removing vector 42 of norm 0.0
16:59 gram_schmidt: Removing vector 43 of norm 0.0
16:59 gram_schmidt: Removing vector 44 of norm 0.0
16:59 gram_schmidt: Removing vector 45 of norm 0.0
16:59 gram_schmidt: Removing vector 46 of norm 0.0
16:59 gram_schmidt: Removing vector 47 of norm 0.0
16:59 gram_schmidt: Removing vector 48 of norm 0.0
16:59 gram_schmidt: Removing vector 49 of norm 0.0
16:59 gram_schmidt: Removing vector 50 of norm 0.0
16:59 gram_schmidt: Removing vector 51 of norm 0.0
16:59 gram_schmidt: Removing vector 52 of norm 0.0
16:59 gram_schmidt: Removing vector 53 of norm 0.0
16:59 gram_schmidt: Removing vector 54 of norm 0.0
16:59 gram_schmidt: Removing vector 55 of norm 0.0
16:59 gram_schmidt: Removing vector 56 of norm 0.0
16:59 gram_schmidt: Removing vector 57 of norm 0.0
16:59 gram_schmidt: Removing vector 58 of norm 0.0
16:59 gram_schmidt: Removing vector 59 of norm 0.0
16:59 gram_schmidt: Removing vector 60 of norm 0.0
16:59 gram_schmidt: Removing vector 61 of norm 0.0
16:59 gram_schmidt: Removing vector 62 of norm 0.0
16:59 gram_schmidt: Removing vector 63 of norm 0.0
16:59 gram_schmidt: Removing vector 64 of norm 0.0
16:59 gram_schmidt: Removing vector 65 of norm 0.0
16:59 gram_schmidt: Removing vector 66 of norm 0.0
16:59 gram_schmidt: Removing vector 67 of norm 0.0
16:59 gram_schmidt: Removing vector 68 of norm 0.0
16:59 gram_schmidt: Removing vector 69 of norm 0.0
16:59 gram_schmidt: Removing vector 70 of norm 0.0
16:59 gram_schmidt: Removing vector 71 of norm 0.0
16:59 gram_schmidt: Removing vector 72 of norm 0.0
16:59 gram_schmidt: Removing vector 73 of norm 0.0
16:59 gram_schmidt: Removing vector 74 of norm 0.0
16:59 gram_schmidt: Removing vector 75 of norm 0.0
16:59 gram_schmidt: Removing vector 76 of norm 0.0
16:59 gram_schmidt: Removing vector 77 of norm 0.0
16:59 gram_schmidt: Removing vector 78 of norm 0.0
16:59 gram_schmidt: Removing vector 79 of norm 0.0
16:59 gram_schmidt: Removing vector 80 of norm 0.0
16:59 gram_schmidt: Removing vector 81 of norm 0.0
16:59 gram_schmidt: Removing vector 82 of norm 0.0
16:59 gram_schmidt: Removing vector 83 of norm 0.0
16:59 gram_schmidt: Removing vector 84 of norm 0.0
16:59 gram_schmidt: Removing vector 85 of norm 0.0
16:59 gram_schmidt: Removing vector 86 of norm 0.0
16:59 gram_schmidt: Removing vector 87 of norm 0.0
16:59 gram_schmidt: Removing vector 88 of norm 0.0
16:59 gram_schmidt: Removing vector 89 of norm 0.0
16:59 gram_schmidt: Removing vector 90 of norm 0.0
16:59 gram_schmidt: Removing vector 91 of norm 0.0
16:59 gram_schmidt: Removing vector 92 of norm 0.0
16:59 gram_schmidt: Removing vector 93 of norm 0.0
16:59 gram_schmidt: Removing vector 94 of norm 0.0
16:59 gram_schmidt: Removing vector 95 of norm 0.0
16:59 gram_schmidt: Removing vector 96 of norm 0.0
16:59 gram_schmidt: Removing vector 97 of norm 0.0
16:59 gram_schmidt: Removing vector 98 of norm 0.0
16:59 gram_schmidt: Removing vector 99 of norm 0.0
16:59 gram_schmidt: Removing vector 100 of norm 0.0
16:59 gram_schmidt: Removing vector 101 of norm 0.0
16:59 gram_schmidt: Removing vector 0 of norm 0.0
16:59 gram_schmidt: Removing vector 1 of norm 0.0
16:59 gram_schmidt: Removing vector 2 of norm 0.0
16:59 gram_schmidt: Removing vector 3 of norm 0.0
16:59 gram_schmidt: Removing vector 4 of norm 0.0
16:59 gram_schmidt: Removing vector 5 of norm 0.0
16:59 gram_schmidt: Removing vector 6 of norm 0.0
16:59 gram_schmidt: Removing vector 7 of norm 0.0
16:59 gram_schmidt: Removing vector 8 of norm 0.0
16:59 gram_schmidt: Removing vector 9 of norm 0.0
16:59 gram_schmidt: Removing vector 10 of norm 0.0
16:59 gram_schmidt: Removing vector 11 of norm 0.0
16:59 gram_schmidt: Removing vector 12 of norm 0.0
16:59 gram_schmidt: Removing vector 13 of norm 0.0
16:59 gram_schmidt: Removing vector 14 of norm 0.0
16:59 gram_schmidt: Removing vector 15 of norm 0.0
16:59 gram_schmidt: Removing vector 16 of norm 0.0
16:59 gram_schmidt: Removing vector 17 of norm 0.0
16:59 gram_schmidt: Removing vector 18 of norm 0.0
16:59 gram_schmidt: Removing vector 19 of norm 0.0
16:59 gram_schmidt: Removing vector 20 of norm 0.0
16:59 gram_schmidt: Removing vector 21 of norm 0.0
16:59 gram_schmidt: Removing vector 22 of norm 0.0
16:59 gram_schmidt: Removing vector 23 of norm 0.0
16:59 gram_schmidt: Removing vector 24 of norm 0.0
16:59 gram_schmidt: Removing vector 25 of norm 0.0
16:59 gram_schmidt: Removing vector 26 of norm 0.0
16:59 gram_schmidt: Removing vector 27 of norm 0.0
16:59 gram_schmidt: Removing vector 28 of norm 0.0
16:59 gram_schmidt: Removing vector 29 of norm 0.0
16:59 gram_schmidt: Removing vector 30 of norm 0.0
16:59 gram_schmidt: Removing vector 31 of norm 0.0
16:59 gram_schmidt: Removing vector 32 of norm 0.0
16:59 gram_schmidt: Removing vector 33 of norm 0.0
16:59 gram_schmidt: Removing vector 34 of norm 0.0
16:59 gram_schmidt: Removing vector 35 of norm 0.0
16:59 gram_schmidt: Removing vector 36 of norm 0.0
16:59 gram_schmidt: Removing vector 37 of norm 0.0
16:59 gram_schmidt: Removing vector 38 of norm 0.0
16:59 gram_schmidt: Removing vector 39 of norm 0.0
16:59 gram_schmidt: Removing vector 40 of norm 0.0
16:59 gram_schmidt: Removing vector 41 of norm 0.0
16:59 gram_schmidt: Removing vector 42 of norm 0.0
16:59 gram_schmidt: Removing vector 43 of norm 0.0
16:59 gram_schmidt: Removing vector 44 of norm 0.0
16:59 gram_schmidt: Removing vector 45 of norm 0.0
16:59 gram_schmidt: Removing vector 46 of norm 0.0
16:59 gram_schmidt: Removing vector 47 of norm 0.0
16:59 gram_schmidt: Removing vector 48 of norm 0.0
16:59 gram_schmidt: Removing vector 49 of norm 0.0
16:59 gram_schmidt: Removing vector 50 of norm 0.0
16:59 gram_schmidt: Removing vector 51 of norm 0.0
16:59 gram_schmidt: Removing vector 52 of norm 0.0
16:59 gram_schmidt: Removing vector 53 of norm 0.0
16:59 gram_schmidt: Removing vector 54 of norm 0.0
16:59 gram_schmidt: Removing vector 55 of norm 0.0
16:59 gram_schmidt: Removing vector 56 of norm 0.0
16:59 gram_schmidt: Removing vector 57 of norm 0.0
16:59 gram_schmidt: Removing vector 58 of norm 0.0
16:59 gram_schmidt: Removing vector 59 of norm 0.0
16:59 gram_schmidt: Removing vector 60 of norm 0.0
16:59 gram_schmidt: Removing vector 61 of norm 0.0
16:59 gram_schmidt: Removing vector 62 of norm 0.0
16:59 gram_schmidt: Removing vector 63 of norm 0.0
16:59 gram_schmidt: Removing vector 64 of norm 0.0
16:59 gram_schmidt: Removing vector 65 of norm 0.0
16:59 gram_schmidt: Removing vector 66 of norm 0.0
16:59 gram_schmidt: Removing vector 67 of norm 0.0
16:59 gram_schmidt: Removing vector 68 of norm 0.0
16:59 gram_schmidt: Removing vector 69 of norm 0.0
16:59 gram_schmidt: Removing vector 70 of norm 0.0
16:59 gram_schmidt: Removing vector 71 of norm 0.0
16:59 gram_schmidt: Removing vector 72 of norm 0.0
16:59 gram_schmidt: Removing vector 73 of norm 0.0
16:59 gram_schmidt: Removing vector 74 of norm 0.0
16:59 gram_schmidt: Removing vector 75 of norm 0.0
16:59 gram_schmidt: Removing vector 76 of norm 0.0
16:59 gram_schmidt: Removing vector 77 of norm 0.0
16:59 gram_schmidt: Removing vector 78 of norm 0.0
16:59 gram_schmidt: Removing vector 79 of norm 0.0
16:59 gram_schmidt: Removing vector 80 of norm 0.0
16:59 gram_schmidt: Removing vector 81 of norm 0.0
16:59 gram_schmidt: Removing vector 82 of norm 0.0
16:59 gram_schmidt: Removing vector 83 of norm 0.0
16:59 gram_schmidt: Removing vector 84 of norm 0.0
16:59 gram_schmidt: Removing vector 85 of norm 0.0
16:59 gram_schmidt: Removing vector 86 of norm 0.0
16:59 gram_schmidt: Removing vector 87 of norm 0.0
16:59 gram_schmidt: Removing vector 88 of norm 0.0
16:59 gram_schmidt: Removing vector 89 of norm 0.0
16:59 gram_schmidt: Removing vector 90 of norm 0.0
16:59 gram_schmidt: Removing vector 91 of norm 0.0
16:59 gram_schmidt: Removing vector 92 of norm 0.0
16:59 gram_schmidt: Removing vector 93 of norm 0.0
16:59 gram_schmidt: Removing vector 94 of norm 0.0
16:59 gram_schmidt: Removing vector 95 of norm 0.0
16:59 gram_schmidt: Removing vector 96 of norm 0.0
16:59 gram_schmidt: Removing vector 97 of norm 0.0
16:59 gram_schmidt: Removing vector 98 of norm 0.0
16:59 gram_schmidt: Removing vector 99 of norm 0.0
16:59 gram_schmidt: Removing vector 100 of norm 0.0
16:59 gram_schmidt: Removing vector 101 of norm 0.0
</system-err></testcase><testcase classname="src.pymortests.algorithms.gram_schmidt" file="src/pymortests/algorithms/gram_schmidt.py" line="12" name="test_gram_schmidt[2-&lt;lambda&gt;10]" time="0.003345012664794922"></testcase><testcase classname="src.pymortests.algorithms.gram_schmidt" file="src/pymortests/algorithms/gram_schmidt.py" line="12" name="test_gram_schmidt[2-&lt;lambda&gt;11]" time="0.006485939025878906"><system-err>16:59 gram_schmidt: Removing linear dependent vector 3
16:59 gram_schmidt: Removing linear dependent vector 3
</system-err></testcase><testcase classname="src.pymortests.algorithms.gram_schmidt" file="src/pymortests/algorithms/gram_schmidt.py" line="12" name="test_gram_schmidt[2-&lt;lambda&gt;12]" time="0.003715991973876953"><system-err>16:59 gram_schmidt: Removing vector 0 of norm 0.0
16:59 gram_schmidt: Removing vector 1 of norm 0.0
16:59 gram_schmidt: Removing vector 2 of norm 0.0
16:59 gram_schmidt: Removing vector 0 of norm 0.0
16:59 gram_schmidt: Removing vector 1 of norm 0.0
16:59 gram_schmidt: Removing vector 2 of norm 0.0
</system-err></testcase><testcase classname="src.pymortests.algorithms.gram_schmidt" file="src/pymortests/algorithms/gram_schmidt.py" line="12" name="test_gram_schmidt[2-&lt;lambda&gt;13]" time="0.0024573802947998047"></testcase><testcase classname="src.pymortests.algorithms.gram_schmidt" file="src/pymortests/algorithms/gram_schmidt.py" line="12" name="test_gram_schmidt[2-&lt;lambda&gt;14]" time="0.004758119583129883"></testcase><testcase classname="src.pymortests.algorithms.gram_schmidt" file="src/pymortests/algorithms/gram_schmidt.py" line="12" name="test_gram_schmidt[2-&lt;lambda&gt;15]" time="0.4181234836578369"><system-err>16:59 gram_schmidt: Removing linear dependent vector 36
16:59 gram_schmidt: Removing linear dependent vector 37
16:59 gram_schmidt: Removing linear dependent vector 38
16:59 gram_schmidt: Removing linear dependent vector 39
16:59 gram_schmidt: Removing linear dependent vector 40
16:59 gram_schmidt: Removing linear dependent vector 41
16:59 gram_schmidt: Removing linear dependent vector 42
17:00 gram_schmidt: Removing linear dependent vector 36
17:00 gram_schmidt: Removing linear dependent vector 37
17:00 gram_schmidt: Removing linear dependent vector 38
17:00 gram_schmidt: Removing linear dependent vector 39
17:00 gram_schmidt: Removing linear dependent vector 40
17:00 gram_schmidt: Removing linear dependent vector 41
17:00 gram_schmidt: Removing linear dependent vector 42
</system-err></testcase><testcase classname="src.pymortests.algorithms.gram_schmidt" file="src/pymortests/algorithms/gram_schmidt.py" line="12" name="test_gram_schmidt[2-&lt;lambda&gt;16]" time="0.21401238441467285"><system-err>17:00 gram_schmidt: Removing linear dependent vector 3
17:00 gram_schmidt: Removing linear dependent vector 4
17:00 gram_schmidt: Removing linear dependent vector 5
17:00 gram_schmidt: Removing linear dependent vector 6
17:00 gram_schmidt: Removing linear dependent vector 7
17:00 gram_schmidt: Removing linear dependent vector 8
17:00 gram_schmidt: Removing linear dependent vector 9
17:00 gram_schmidt: Removing linear dependent vector 10
17:00 gram_schmidt: Removing linear dependent vector 11
17:00 gram_schmidt: Removing linear dependent vector 12
17:00 gram_schmidt: Removing linear dependent vector 13
17:00 gram_schmidt: Removing linear dependent vector 14
17:00 gram_schmidt: Removing linear dependent vector 15
17:00 gram_schmidt: Removing linear dependent vector 16
17:00 gram_schmidt: Removing linear dependent vector 17
17:00 gram_schmidt: Removing linear dependent vector 18
17:00 gram_schmidt: Removing linear dependent vector 19
17:00 gram_schmidt: Removing linear dependent vector 20
17:00 gram_schmidt: Removing linear dependent vector 21
17:00 gram_schmidt: Removing linear dependent vector 22
17:00 gram_schmidt: Removing linear dependent vector 23
17:00 gram_schmidt: Removing linear dependent vector 24
17:00 gram_schmidt: Removing linear dependent vector 25
17:00 gram_schmidt: Removing linear dependent vector 26
17:00 gram_schmidt: Removing linear dependent vector 27
17:00 gram_schmidt: Removing linear dependent vector 28
17:00 gram_schmidt: Removing linear dependent vector 29
17:00 gram_schmidt: Removing linear dependent vector 30
17:00 gram_schmidt: Removing linear dependent vector 31
17:00 gram_schmidt: Removing linear dependent vector 32
17:00 gram_schmidt: Removing linear dependent vector 33
17:00 gram_schmidt: Removing linear dependent vector 34
17:00 gram_schmidt: Removing linear dependent vector 35
17:00 gram_schmidt: Removing linear dependent vector 36
17:00 gram_schmidt: Removing linear dependent vector 37
17:00 gram_schmidt: Removing linear dependent vector 38
17:00 gram_schmidt: Removing linear dependent vector 39
17:00 gram_schmidt: Removing linear dependent vector 40
17:00 gram_schmidt: Removing linear dependent vector 41
17:00 gram_schmidt: Removing linear dependent vector 42
17:00 gram_schmidt: Removing linear dependent vector 43
17:00 gram_schmidt: Removing linear dependent vector 44
17:00 gram_schmidt: Removing linear dependent vector 45
17:00 gram_schmidt: Removing linear dependent vector 46
17:00 gram_schmidt: Removing linear dependent vector 47
17:00 gram_schmidt: Removing linear dependent vector 48
17:00 gram_schmidt: Removing linear dependent vector 49
17:00 gram_schmidt: Removing linear dependent vector 50
17:00 gram_schmidt: Removing linear dependent vector 51
17:00 gram_schmidt: Removing linear dependent vector 52
17:00 gram_schmidt: Removing linear dependent vector 53
17:00 gram_schmidt: Removing linear dependent vector 54
17:00 gram_schmidt: Removing linear dependent vector 55
17:00 gram_schmidt: Removing linear dependent vector 56
17:00 gram_schmidt: Removing linear dependent vector 57
17:00 gram_schmidt: Removing linear dependent vector 58
17:00 gram_schmidt: Removing linear dependent vector 59
17:00 gram_schmidt: Removing linear dependent vector 60
17:00 gram_schmidt: Removing linear dependent vector 61
17:00 gram_schmidt: Removing linear dependent vector 62
17:00 gram_schmidt: Removing linear dependent vector 63
17:00 gram_schmidt: Removing linear dependent vector 64
17:00 gram_schmidt: Removing linear dependent vector 65
17:00 gram_schmidt: Removing linear dependent vector 66
17:00 gram_schmidt: Removing linear dependent vector 67
17:00 gram_schmidt: Removing linear dependent vector 68
17:00 gram_schmidt: Removing linear dependent vector 69
17:00 gram_schmidt: Removing linear dependent vector 70
17:00 gram_schmidt: Removing linear dependent vector 71
17:00 gram_schmidt: Removing linear dependent vector 72
17:00 gram_schmidt: Removing linear dependent vector 73
17:00 gram_schmidt: Removing linear dependent vector 74
17:00 gram_schmidt: Removing linear dependent vector 75
17:00 gram_schmidt: Removing linear dependent vector 76
17:00 gram_schmidt: Removing linear dependent vector 77
17:00 gram_schmidt: Removing linear dependent vector 78
17:00 gram_schmidt: Removing linear dependent vector 79
17:00 gram_schmidt: Removing linear dependent vector 80
17:00 gram_schmidt: Removing linear dependent vector 81
17:00 gram_schmidt: Removing linear dependent vector 82
17:00 gram_schmidt: Removing linear dependent vector 83
17:00 gram_schmidt: Removing linear dependent vector 84
17:00 gram_schmidt: Removing linear dependent vector 85
17:00 gram_schmidt: Removing linear dependent vector 86
17:00 gram_schmidt: Removing linear dependent vector 87
17:00 gram_schmidt: Removing linear dependent vector 88
17:00 gram_schmidt: Removing linear dependent vector 89
17:00 gram_schmidt: Removing linear dependent vector 90
17:00 gram_schmidt: Removing linear dependent vector 91
17:00 gram_schmidt: Removing linear dependent vector 92
17:00 gram_schmidt: Removing linear dependent vector 93
17:00 gram_schmidt: Removing linear dependent vector 94
17:00 gram_schmidt: Removing linear dependent vector 95
17:00 gram_schmidt: Removing linear dependent vector 96
17:00 gram_schmidt: Removing linear dependent vector 97
17:00 gram_schmidt: Removing linear dependent vector 98
17:00 gram_schmidt: Removing linear dependent vector 99
17:00 gram_schmidt: Removing linear dependent vector 100
17:00 gram_schmidt: Removing linear dependent vector 101
17:00 gram_schmidt: Removing linear dependent vector 3
17:00 gram_schmidt: Removing linear dependent vector 4
17:00 gram_schmidt: Removing linear dependent vector 5
17:00 gram_schmidt: Removing linear dependent vector 6
17:00 gram_schmidt: Removing linear dependent vector 7
17:00 gram_schmidt: Removing linear dependent vector 8
17:00 gram_schmidt: Removing linear dependent vector 9
17:00 gram_schmidt: Removing linear dependent vector 10
17:00 gram_schmidt: Removing linear dependent vector 11
17:00 gram_schmidt: Removing linear dependent vector 12
17:00 gram_schmidt: Removing linear dependent vector 13
17:00 gram_schmidt: Removing linear dependent vector 14
17:00 gram_schmidt: Removing linear dependent vector 15
17:00 gram_schmidt: Removing linear dependent vector 16
17:00 gram_schmidt: Removing linear dependent vector 17
17:00 gram_schmidt: Removing linear dependent vector 18
17:00 gram_schmidt: Removing linear dependent vector 19
17:00 gram_schmidt: Removing linear dependent vector 20
17:00 gram_schmidt: Removing linear dependent vector 21
17:00 gram_schmidt: Removing linear dependent vector 22
17:00 gram_schmidt: Removing linear dependent vector 23
17:00 gram_schmidt: Removing linear dependent vector 24
17:00 gram_schmidt: Removing linear dependent vector 25
17:00 gram_schmidt: Removing linear dependent vector 26
17:00 gram_schmidt: Removing linear dependent vector 27
17:00 gram_schmidt: Removing linear dependent vector 28
17:00 gram_schmidt: Removing linear dependent vector 29
17:00 gram_schmidt: Removing linear dependent vector 30
17:00 gram_schmidt: Removing linear dependent vector 31
17:00 gram_schmidt: Removing linear dependent vector 32
17:00 gram_schmidt: Removing linear dependent vector 33
17:00 gram_schmidt: Removing linear dependent vector 34
17:00 gram_schmidt: Removing linear dependent vector 35
17:00 gram_schmidt: Removing linear dependent vector 36
17:00 gram_schmidt: Removing linear dependent vector 37
17:00 gram_schmidt: Removing linear dependent vector 38
17:00 gram_schmidt: Removing linear dependent vector 39
17:00 gram_schmidt: Removing linear dependent vector 40
17:00 gram_schmidt: Removing linear dependent vector 41
17:00 gram_schmidt: Removing linear dependent vector 42
17:00 gram_schmidt: Removing linear dependent vector 43
17:00 gram_schmidt: Removing linear dependent vector 44
17:00 gram_schmidt: Removing linear dependent vector 45
17:00 gram_schmidt: Removing linear dependent vector 46
17:00 gram_schmidt: Removing linear dependent vector 47
17:00 gram_schmidt: Removing linear dependent vector 48
17:00 gram_schmidt: Removing linear dependent vector 49
17:00 gram_schmidt: Removing linear dependent vector 50
17:00 gram_schmidt: Removing linear dependent vector 51
17:00 gram_schmidt: Removing linear dependent vector 52
17:00 gram_schmidt: Removing linear dependent vector 53
17:00 gram_schmidt: Removing linear dependent vector 54
17:00 gram_schmidt: Removing linear dependent vector 55
17:00 gram_schmidt: Removing linear dependent vector 56
17:00 gram_schmidt: Removing linear dependent vector 57
17:00 gram_schmidt: Removing linear dependent vector 58
17:00 gram_schmidt: Removing linear dependent vector 59
17:00 gram_schmidt: Removing linear dependent vector 60
17:00 gram_schmidt: Removing linear dependent vector 61
17:00 gram_schmidt: Removing linear dependent vector 62
17:00 gram_schmidt: Removing linear dependent vector 63
17:00 gram_schmidt: Removing linear dependent vector 64
17:00 gram_schmidt: Removing linear dependent vector 65
17:00 gram_schmidt: Removing linear dependent vector 66
17:00 gram_schmidt: Removing linear dependent vector 67
17:00 gram_schmidt: Removing linear dependent vector 68
17:00 gram_schmidt: Removing linear dependent vector 69
17:00 gram_schmidt: Removing linear dependent vector 70
17:00 gram_schmidt: Removing linear dependent vector 71
17:00 gram_schmidt: Removing linear dependent vector 72
17:00 gram_schmidt: Removing linear dependent vector 73
17:00 gram_schmidt: Removing linear dependent vector 74
17:00 gram_schmidt: Removing linear dependent vector 75
17:00 gram_schmidt: Removing linear dependent vector 76
17:00 gram_schmidt: Removing linear dependent vector 77
17:00 gram_schmidt: Removing linear dependent vector 78
17:00 gram_schmidt: Removing linear dependent vector 79
17:00 gram_schmidt: Removing linear dependent vector 80
17:00 gram_schmidt: Removing linear dependent vector 81
17:00 gram_schmidt: Removing linear dependent vector 82
17:00 gram_schmidt: Removing linear dependent vector 83
17:00 gram_schmidt: Removing linear dependent vector 84
17:00 gram_schmidt: Removing linear dependent vector 85
17:00 gram_schmidt: Removing linear dependent vector 86
17:00 gram_schmidt: Removing linear dependent vector 87
17:00 gram_schmidt: Removing linear dependent vector 88
17:00 gram_schmidt: Removing linear dependent vector 89
17:00 gram_schmidt: Removing linear dependent vector 90
17:00 gram_schmidt: Removing linear dependent vector 91
17:00 gram_schmidt: Removing linear dependent vector 92
17:00 gram_schmidt: Removing linear dependent vector 93
17:00 gram_schmidt: Removing linear dependent vector 94
17:00 gram_schmidt: Removing linear dependent vector 95
17:00 gram_schmidt: Removing linear dependent vector 96
17:00 gram_schmidt: Removing linear dependent vector 97
17:00 gram_schmidt: Removing linear dependent vector 98
17:00 gram_schmidt: Removing linear dependent vector 99
17:00 gram_schmidt: Removing linear dependent vector 100
17:00 gram_schmidt: Removing linear dependent vector 101
</system-err></testcase><testcase classname="src.pymortests.algorithms.gram_schmidt" file="src/pymortests/algorithms/gram_schmidt.py" line="12" name="test_gram_schmidt[2-&lt;lambda&gt;17]" time="0.0028772354125976562"></testcase><testcase classname="src.pymortests.algorithms.gram_schmidt" file="src/pymortests/algorithms/gram_schmidt.py" line="12" name="test_gram_schmidt[2-&lt;lambda&gt;18]" time="0.0021910667419433594"></testcase><testcase classname="src.pymortests.algorithms.gram_schmidt" file="src/pymortests/algorithms/gram_schmidt.py" line="12" name="test_gram_schmidt[2-&lt;lambda&gt;19]" time="0.004445314407348633"></testcase><testcase classname="src.pymortests.algorithms.gram_schmidt" file="src/pymortests/algorithms/gram_schmidt.py" line="12" name="test_gram_schmidt[2-&lt;lambda&gt;20]" time="0.2896890640258789"></testcase><testcase classname="src.pymortests.algorithms.gram_schmidt" file="src/pymortests/algorithms/gram_schmidt.py" line="12" name="test_gram_schmidt[2-&lt;lambda&gt;21]" time="1.5399551391601562"></testcase><testcase classname="src.pymortests.algorithms.gram_schmidt" file="src/pymortests/algorithms/gram_schmidt.py" line="12" name="test_gram_schmidt[2-&lt;lambda&gt;22]" time="0.002721548080444336"></testcase><testcase classname="src.pymortests.algorithms.gram_schmidt" file="src/pymortests/algorithms/gram_schmidt.py" line="12" name="test_gram_schmidt[2-&lt;lambda&gt;23]" time="0.003034353256225586"></testcase><testcase classname="src.pymortests.algorithms.gram_schmidt" file="src/pymortests/algorithms/gram_schmidt.py" line="12" name="test_gram_schmidt[2-&lt;lambda&gt;24]" time="0.007840871810913086"></testcase><testcase classname="src.pymortests.algorithms.gram_schmidt" file="src/pymortests/algorithms/gram_schmidt.py" line="12" name="test_gram_schmidt[2-&lt;lambda&gt;25]" time="0.40558481216430664"><system-err>17:02 gram_schmidt: Orthonormalizing vector 31 again
17:02 gram_schmidt: Removing linear dependent vector 32
17:02 gram_schmidt: Removing linear dependent vector 33
17:02 gram_schmidt: Removing linear dependent vector 34
17:02 gram_schmidt: Removing linear dependent vector 35
17:02 gram_schmidt: Removing linear dependent vector 36
17:02 gram_schmidt: Removing linear dependent vector 37
17:02 gram_schmidt: Removing linear dependent vector 38
17:02 gram_schmidt: Removing linear dependent vector 39
17:02 gram_schmidt: Removing linear dependent vector 40
17:02 gram_schmidt: Removing linear dependent vector 41
17:02 gram_schmidt: Removing linear dependent vector 42
17:02 gram_schmidt: Orthonormalizing vector 31 again
17:02 gram_schmidt: Removing linear dependent vector 32
17:02 gram_schmidt: Removing linear dependent vector 33
17:02 gram_schmidt: Removing linear dependent vector 34
17:02 gram_schmidt: Removing linear dependent vector 35
17:02 gram_schmidt: Removing linear dependent vector 36
17:02 gram_schmidt: Removing linear dependent vector 37
17:02 gram_schmidt: Removing linear dependent vector 38
17:02 gram_schmidt: Removing linear dependent vector 39
17:02 gram_schmidt: Removing linear dependent vector 40
17:02 gram_schmidt: Removing linear dependent vector 41
17:02 gram_schmidt: Removing linear dependent vector 42
</system-err></testcase><testcase classname="src.pymortests.algorithms.gram_schmidt" file="src/pymortests/algorithms/gram_schmidt.py" line="12" name="test_gram_schmidt[2-&lt;lambda&gt;26]" time="0.2310633659362793"><system-err>17:02 gram_schmidt: Removing vector 0 of norm 0.0
17:02 gram_schmidt: Removing vector 1 of norm 0.0
17:02 gram_schmidt: Removing vector 2 of norm 0.0
17:02 gram_schmidt: Removing vector 3 of norm 0.0
17:02 gram_schmidt: Removing vector 4 of norm 0.0
17:02 gram_schmidt: Removing vector 5 of norm 0.0
17:02 gram_schmidt: Removing vector 6 of norm 0.0
17:02 gram_schmidt: Removing vector 7 of norm 0.0
17:02 gram_schmidt: Removing vector 8 of norm 0.0
17:02 gram_schmidt: Removing vector 9 of norm 0.0
17:02 gram_schmidt: Removing vector 10 of norm 0.0
17:02 gram_schmidt: Removing vector 11 of norm 0.0
17:02 gram_schmidt: Removing vector 12 of norm 0.0
17:02 gram_schmidt: Removing vector 13 of norm 0.0
17:02 gram_schmidt: Removing vector 14 of norm 0.0
17:02 gram_schmidt: Removing vector 15 of norm 0.0
17:02 gram_schmidt: Removing vector 16 of norm 0.0
17:02 gram_schmidt: Removing vector 17 of norm 0.0
17:02 gram_schmidt: Removing vector 18 of norm 0.0
17:02 gram_schmidt: Removing vector 19 of norm 0.0
17:02 gram_schmidt: Removing vector 20 of norm 0.0
17:02 gram_schmidt: Removing vector 21 of norm 0.0
17:02 gram_schmidt: Removing vector 22 of norm 0.0
17:02 gram_schmidt: Removing vector 23 of norm 0.0
17:02 gram_schmidt: Removing vector 24 of norm 0.0
17:02 gram_schmidt: Removing vector 25 of norm 0.0
17:02 gram_schmidt: Removing vector 26 of norm 0.0
17:02 gram_schmidt: Removing vector 27 of norm 0.0
17:02 gram_schmidt: Removing vector 28 of norm 0.0
17:02 gram_schmidt: Removing vector 29 of norm 0.0
17:02 gram_schmidt: Removing vector 30 of norm 0.0
17:02 gram_schmidt: Removing vector 31 of norm 0.0
17:02 gram_schmidt: Removing vector 32 of norm 0.0
17:02 gram_schmidt: Removing vector 33 of norm 0.0
17:02 gram_schmidt: Removing vector 34 of norm 0.0
17:02 gram_schmidt: Removing vector 35 of norm 0.0
17:02 gram_schmidt: Removing vector 36 of norm 0.0
17:02 gram_schmidt: Removing vector 37 of norm 0.0
17:02 gram_schmidt: Removing vector 38 of norm 0.0
17:02 gram_schmidt: Removing vector 39 of norm 0.0
17:02 gram_schmidt: Removing vector 40 of norm 0.0
17:02 gram_schmidt: Removing vector 41 of norm 0.0
17:02 gram_schmidt: Removing vector 42 of norm 0.0
17:02 gram_schmidt: Removing vector 43 of norm 0.0
17:02 gram_schmidt: Removing vector 44 of norm 0.0
17:02 gram_schmidt: Removing vector 45 of norm 0.0
17:02 gram_schmidt: Removing vector 46 of norm 0.0
17:02 gram_schmidt: Removing vector 47 of norm 0.0
17:02 gram_schmidt: Removing vector 48 of norm 0.0
17:02 gram_schmidt: Removing vector 49 of norm 0.0
17:02 gram_schmidt: Removing vector 50 of norm 0.0
17:02 gram_schmidt: Removing vector 51 of norm 0.0
17:02 gram_schmidt: Removing vector 52 of norm 0.0
17:02 gram_schmidt: Removing vector 53 of norm 0.0
17:02 gram_schmidt: Removing vector 54 of norm 0.0
17:02 gram_schmidt: Removing vector 55 of norm 0.0
17:02 gram_schmidt: Removing vector 56 of norm 0.0
17:02 gram_schmidt: Removing vector 57 of norm 0.0
17:02 gram_schmidt: Removing vector 58 of norm 0.0
17:02 gram_schmidt: Removing vector 59 of norm 0.0
17:02 gram_schmidt: Removing vector 60 of norm 0.0
17:02 gram_schmidt: Removing vector 61 of norm 0.0
17:02 gram_schmidt: Removing vector 62 of norm 0.0
17:02 gram_schmidt: Removing vector 63 of norm 0.0
17:02 gram_schmidt: Removing vector 64 of norm 0.0
17:02 gram_schmidt: Removing vector 65 of norm 0.0
17:02 gram_schmidt: Removing vector 66 of norm 0.0
17:02 gram_schmidt: Removing vector 67 of norm 0.0
17:02 gram_schmidt: Removing vector 68 of norm 0.0
17:02 gram_schmidt: Removing vector 69 of norm 0.0
17:02 gram_schmidt: Removing vector 70 of norm 0.0
17:02 gram_schmidt: Removing vector 71 of norm 0.0
17:02 gram_schmidt: Removing vector 72 of norm 0.0
17:02 gram_schmidt: Removing vector 73 of norm 0.0
17:02 gram_schmidt: Removing vector 74 of norm 0.0
17:02 gram_schmidt: Removing vector 75 of norm 0.0
17:02 gram_schmidt: Removing vector 76 of norm 0.0
17:02 gram_schmidt: Removing vector 77 of norm 0.0
17:02 gram_schmidt: Removing vector 78 of norm 0.0
17:02 gram_schmidt: Removing vector 79 of norm 0.0
17:02 gram_schmidt: Removing vector 80 of norm 0.0
17:02 gram_schmidt: Removing vector 81 of norm 0.0
17:02 gram_schmidt: Removing vector 82 of norm 0.0
17:02 gram_schmidt: Removing vector 83 of norm 0.0
17:02 gram_schmidt: Removing vector 84 of norm 0.0
17:02 gram_schmidt: Removing vector 85 of norm 0.0
17:02 gram_schmidt: Removing vector 86 of norm 0.0
17:02 gram_schmidt: Removing vector 87 of norm 0.0
17:02 gram_schmidt: Removing vector 88 of norm 0.0
17:02 gram_schmidt: Removing vector 89 of norm 0.0
17:02 gram_schmidt: Removing vector 90 of norm 0.0
17:02 gram_schmidt: Removing vector 91 of norm 0.0
17:02 gram_schmidt: Removing vector 92 of norm 0.0
17:02 gram_schmidt: Removing vector 93 of norm 0.0
17:02 gram_schmidt: Removing vector 94 of norm 0.0
17:02 gram_schmidt: Removing vector 95 of norm 0.0
17:02 gram_schmidt: Removing vector 96 of norm 0.0
17:02 gram_schmidt: Removing vector 97 of norm 0.0
17:02 gram_schmidt: Removing vector 98 of norm 0.0
17:02 gram_schmidt: Removing vector 99 of norm 0.0
17:02 gram_schmidt: Removing vector 100 of norm 0.0
17:02 gram_schmidt: Removing vector 101 of norm 0.0
17:02 gram_schmidt: Removing vector 0 of norm 0.0
17:02 gram_schmidt: Removing vector 1 of norm 0.0
17:02 gram_schmidt: Removing vector 2 of norm 0.0
17:02 gram_schmidt: Removing vector 3 of norm 0.0
17:02 gram_schmidt: Removing vector 4 of norm 0.0
17:02 gram_schmidt: Removing vector 5 of norm 0.0
17:02 gram_schmidt: Removing vector 6 of norm 0.0
17:02 gram_schmidt: Removing vector 7 of norm 0.0
17:02 gram_schmidt: Removing vector 8 of norm 0.0
17:02 gram_schmidt: Removing vector 9 of norm 0.0
17:02 gram_schmidt: Removing vector 10 of norm 0.0
17:02 gram_schmidt: Removing vector 11 of norm 0.0
17:02 gram_schmidt: Removing vector 12 of norm 0.0
17:02 gram_schmidt: Removing vector 13 of norm 0.0
17:02 gram_schmidt: Removing vector 14 of norm 0.0
17:02 gram_schmidt: Removing vector 15 of norm 0.0
17:02 gram_schmidt: Removing vector 16 of norm 0.0
17:02 gram_schmidt: Removing vector 17 of norm 0.0
17:02 gram_schmidt: Removing vector 18 of norm 0.0
17:02 gram_schmidt: Removing vector 19 of norm 0.0
17:02 gram_schmidt: Removing vector 20 of norm 0.0
17:02 gram_schmidt: Removing vector 21 of norm 0.0
17:02 gram_schmidt: Removing vector 22 of norm 0.0
17:02 gram_schmidt: Removing vector 23 of norm 0.0
17:02 gram_schmidt: Removing vector 24 of norm 0.0
17:02 gram_schmidt: Removing vector 25 of norm 0.0
17:02 gram_schmidt: Removing vector 26 of norm 0.0
17:02 gram_schmidt: Removing vector 27 of norm 0.0
17:02 gram_schmidt: Removing vector 28 of norm 0.0
17:02 gram_schmidt: Removing vector 29 of norm 0.0
17:02 gram_schmidt: Removing vector 30 of norm 0.0
17:02 gram_schmidt: Removing vector 31 of norm 0.0
17:02 gram_schmidt: Removing vector 32 of norm 0.0
17:02 gram_schmidt: Removing vector 33 of norm 0.0
17:02 gram_schmidt: Removing vector 34 of norm 0.0
17:02 gram_schmidt: Removing vector 35 of norm 0.0
17:02 gram_schmidt: Removing vector 36 of norm 0.0
17:02 gram_schmidt: Removing vector 37 of norm 0.0
17:02 gram_schmidt: Removing vector 38 of norm 0.0
17:02 gram_schmidt: Removing vector 39 of norm 0.0
17:02 gram_schmidt: Removing vector 40 of norm 0.0
17:02 gram_schmidt: Removing vector 41 of norm 0.0
17:02 gram_schmidt: Removing vector 42 of norm 0.0
17:02 gram_schmidt: Removing vector 43 of norm 0.0
17:02 gram_schmidt: Removing vector 44 of norm 0.0
17:02 gram_schmidt: Removing vector 45 of norm 0.0
17:02 gram_schmidt: Removing vector 46 of norm 0.0
17:02 gram_schmidt: Removing vector 47 of norm 0.0
17:02 gram_schmidt: Removing vector 48 of norm 0.0
17:02 gram_schmidt: Removing vector 49 of norm 0.0
17:02 gram_schmidt: Removing vector 50 of norm 0.0
17:02 gram_schmidt: Removing vector 51 of norm 0.0
17:02 gram_schmidt: Removing vector 52 of norm 0.0
17:02 gram_schmidt: Removing vector 53 of norm 0.0
17:02 gram_schmidt: Removing vector 54 of norm 0.0
17:02 gram_schmidt: Removing vector 55 of norm 0.0
17:02 gram_schmidt: Removing vector 56 of norm 0.0
17:02 gram_schmidt: Removing vector 57 of norm 0.0
17:02 gram_schmidt: Removing vector 58 of norm 0.0
17:02 gram_schmidt: Removing vector 59 of norm 0.0
17:02 gram_schmidt: Removing vector 60 of norm 0.0
17:02 gram_schmidt: Removing vector 61 of norm 0.0
17:02 gram_schmidt: Removing vector 62 of norm 0.0
17:02 gram_schmidt: Removing vector 63 of norm 0.0
17:02 gram_schmidt: Removing vector 64 of norm 0.0
17:02 gram_schmidt: Removing vector 65 of norm 0.0
17:02 gram_schmidt: Removing vector 66 of norm 0.0
17:02 gram_schmidt: Removing vector 67 of norm 0.0
17:02 gram_schmidt: Removing vector 68 of norm 0.0
17:02 gram_schmidt: Removing vector 69 of norm 0.0
17:02 gram_schmidt: Removing vector 70 of norm 0.0
17:02 gram_schmidt: Removing vector 71 of norm 0.0
17:02 gram_schmidt: Removing vector 72 of norm 0.0
17:02 gram_schmidt: Removing vector 73 of norm 0.0
17:02 gram_schmidt: Removing vector 74 of norm 0.0
17:02 gram_schmidt: Removing vector 75 of norm 0.0
17:02 gram_schmidt: Removing vector 76 of norm 0.0
17:02 gram_schmidt: Removing vector 77 of norm 0.0
17:02 gram_schmidt: Removing vector 78 of norm 0.0
17:02 gram_schmidt: Removing vector 79 of norm 0.0
17:02 gram_schmidt: Removing vector 80 of norm 0.0
17:02 gram_schmidt: Removing vector 81 of norm 0.0
17:02 gram_schmidt: Removing vector 82 of norm 0.0
17:02 gram_schmidt: Removing vector 83 of norm 0.0
17:02 gram_schmidt: Removing vector 84 of norm 0.0
17:02 gram_schmidt: Removing vector 85 of norm 0.0
17:02 gram_schmidt: Removing vector 86 of norm 0.0
17:02 gram_schmidt: Removing vector 87 of norm 0.0
17:02 gram_schmidt: Removing vector 88 of norm 0.0
17:02 gram_schmidt: Removing vector 89 of norm 0.0
17:02 gram_schmidt: Removing vector 90 of norm 0.0
17:02 gram_schmidt: Removing vector 91 of norm 0.0
17:02 gram_schmidt: Removing vector 92 of norm 0.0
17:02 gram_schmidt: Removing vector 93 of norm 0.0
17:02 gram_schmidt: Removing vector 94 of norm 0.0
17:02 gram_schmidt: Removing vector 95 of norm 0.0
17:02 gram_schmidt: Removing vector 96 of norm 0.0
17:02 gram_schmidt: Removing vector 97 of norm 0.0
17:02 gram_schmidt: Removing vector 98 of norm 0.0
17:02 gram_schmidt: Removing vector 99 of norm 0.0
17:02 gram_schmidt: Removing vector 100 of norm 0.0
17:02 gram_schmidt: Removing vector 101 of norm 0.0
</system-err></testcase><testcase classname="src.pymortests.algorithms.gram_schmidt" file="src/pymortests/algorithms/gram_schmidt.py" line="26" name="test_gram_schmidt_with_product[&lt;lambda&gt;0]" time="0.03595566749572754"><system-err>17:02 DiffusionOperatorP1: Calulate gradients of shape functions transformed by reference map ...
17:02 DiffusionOperatorP1: Calculate all local scalar products beween gradients ...
17:02 DiffusionOperatorP1: Determine global dofs ...
17:02 DiffusionOperatorP1: Boundary treatment ...
17:02 DiffusionOperatorP1: Assemble system matrix ...
17:02 DiffusionOperatorP1: Calulate gradients of shape functions transformed by reference map ...
17:02 DiffusionOperatorP1: Calculate all local scalar products beween gradients ...
17:02 DiffusionOperatorP1: Determine global dofs ...
17:02 DiffusionOperatorP1: Boundary treatment ...
17:02 DiffusionOperatorP1: Assemble system matrix ...
17:02 DiffusionOperatorP1: Calulate gradients of shape functions transformed by reference map ...
17:02 DiffusionOperatorP1: Calculate all local scalar products beween gradients ...
17:02 DiffusionOperatorP1: Determine global dofs ...
17:02 DiffusionOperatorP1: Boundary treatment ...
17:02 DiffusionOperatorP1: Assemble system matrix ...
17:02 DiffusionOperatorP1: Calulate gradients of shape functions transformed by reference map ...
17:02 DiffusionOperatorP1: Calculate all local scalar products beween gradients ...
17:02 DiffusionOperatorP1: Determine global dofs ...
17:02 DiffusionOperatorP1: Boundary treatment ...
17:02 DiffusionOperatorP1: Assemble system matrix ...
17:02 DiffusionOperatorP1: Calulate gradients of shape functions transformed by reference map ...
17:02 DiffusionOperatorP1: Calculate all local scalar products beween gradients ...
17:02 DiffusionOperatorP1: Determine global dofs ...
17:02 DiffusionOperatorP1: Boundary treatment ...
17:02 DiffusionOperatorP1: Assemble system matrix ...
17:02 L2ProductP1: Integrate the products of the shape functions on each element
17:02 L2ProductP1: Determine global dofs ...
17:02 L2ProductP1: Boundary treatment ...
17:02 L2ProductP1: Assemble system matrix ...
17:02 DiffusionOperatorP1: Calulate gradients of shape functions transformed by reference map ...
17:02 DiffusionOperatorP1: Calculate all local scalar products beween gradients ...
17:02 DiffusionOperatorP1: Determine global dofs ...
17:02 DiffusionOperatorP1: Boundary treatment ...
17:02 DiffusionOperatorP1: Assemble system matrix ...
17:02 L2ProductP1: Integrate the products of the shape functions on each element
17:02 L2ProductP1: Determine global dofs ...
17:02 L2ProductP1: Boundary treatment ...
17:02 L2ProductP1: Assemble system matrix ...
17:02 DiffusionOperatorP1: Calulate gradients of shape functions transformed by reference map ...
17:02 DiffusionOperatorP1: Calculate all local scalar products beween gradients ...
17:02 DiffusionOperatorP1: Determine global dofs ...
17:02 DiffusionOperatorP1: Boundary treatment ...
17:02 DiffusionOperatorP1: Assemble system matrix ...
17:02 gram_schmidt: Orthonormalizing vector 3 again
17:02 gram_schmidt: Orthonormalizing vector 4 again
17:02 gram_schmidt: Orthonormalizing vector 3 again
17:02 gram_schmidt: Orthonormalizing vector 4 again
</system-err></testcase><testcase classname="src.pymortests.algorithms.gram_schmidt" file="src/pymortests/algorithms/gram_schmidt.py" line="26" name="test_gram_schmidt_with_product[&lt;lambda&gt;1]" time="0.03348350524902344"><system-err>17:02 DiffusionOperatorP1: Calulate gradients of shape functions transformed by reference map ...
17:02 DiffusionOperatorP1: Calculate all local scalar products beween gradients ...
17:02 DiffusionOperatorP1: Determine global dofs ...
17:02 DiffusionOperatorP1: Boundary treatment ...
17:02 DiffusionOperatorP1: Assemble system matrix ...
17:02 DiffusionOperatorP1: Calulate gradients of shape functions transformed by reference map ...
17:02 DiffusionOperatorP1: Calculate all local scalar products beween gradients ...
17:02 DiffusionOperatorP1: Determine global dofs ...
17:02 DiffusionOperatorP1: Boundary treatment ...
17:02 DiffusionOperatorP1: Assemble system matrix ...
17:02 L2ProductP1: Integrate the products of the shape functions on each element
17:02 L2ProductP1: Determine global dofs ...
17:02 L2ProductP1: Boundary treatment ...
17:02 L2ProductP1: Assemble system matrix ...
17:02 DiffusionOperatorP1: Calulate gradients of shape functions transformed by reference map ...
17:02 DiffusionOperatorP1: Calculate all local scalar products beween gradients ...
17:02 DiffusionOperatorP1: Determine global dofs ...
17:02 DiffusionOperatorP1: Boundary treatment ...
17:02 DiffusionOperatorP1: Assemble system matrix ...
17:02 L2ProductP1: Integrate the products of the shape functions on each element
17:02 L2ProductP1: Determine global dofs ...
17:02 L2ProductP1: Boundary treatment ...
17:02 L2ProductP1: Assemble system matrix ...
17:02 DiffusionOperatorP1: Calulate gradients of shape functions transformed by reference map ...
17:02 DiffusionOperatorP1: Calculate all local scalar products beween gradients ...
17:02 DiffusionOperatorP1: Determine global dofs ...
17:02 DiffusionOperatorP1: Boundary treatment ...
17:02 DiffusionOperatorP1: Assemble system matrix ...
17:02 gram_schmidt: Orthonormalizing vector 1 again
17:02 gram_schmidt: Orthonormalizing vector 2 again
17:02 gram_schmidt: Orthonormalizing vector 3 again
17:02 gram_schmidt: Orthonormalizing vector 4 again
17:02 gram_schmidt: Orthonormalizing vector 1 again
17:02 gram_schmidt: Orthonormalizing vector 2 again
17:02 gram_schmidt: Orthonormalizing vector 3 again
17:02 gram_schmidt: Orthonormalizing vector 4 again
</system-err></testcase><testcase classname="src.pymortests.algorithms.gram_schmidt" file="src/pymortests/algorithms/gram_schmidt.py" line="26" name="test_gram_schmidt_with_product[&lt;lambda&gt;2]" time="0.03717923164367676"><system-err>17:02 DiffusionOperatorP1: Calulate gradients of shape functions transformed by reference map ...
17:02 DiffusionOperatorP1: Calculate all local scalar products beween gradients ...
17:02 DiffusionOperatorP1: Determine global dofs ...
17:02 DiffusionOperatorP1: Boundary treatment ...
17:02 DiffusionOperatorP1: Assemble system matrix ...
17:02 DiffusionOperatorP1: Calulate gradients of shape functions transformed by reference map ...
17:02 DiffusionOperatorP1: Calculate all local scalar products beween gradients ...
17:02 DiffusionOperatorP1: Determine global dofs ...
17:02 DiffusionOperatorP1: Boundary treatment ...
17:02 DiffusionOperatorP1: Assemble system matrix ...
17:02 DiffusionOperatorP1: Calulate gradients of shape functions transformed by reference map ...
17:02 DiffusionOperatorP1: Calculate all local scalar products beween gradients ...
17:02 DiffusionOperatorP1: Determine global dofs ...
17:02 DiffusionOperatorP1: Boundary treatment ...
17:02 DiffusionOperatorP1: Assemble system matrix ...
17:02 DiffusionOperatorP1: Calulate gradients of shape functions transformed by reference map ...
17:02 DiffusionOperatorP1: Calculate all local scalar products beween gradients ...
17:02 DiffusionOperatorP1: Determine global dofs ...
17:02 DiffusionOperatorP1: Boundary treatment ...
17:02 DiffusionOperatorP1: Assemble system matrix ...
17:02 DiffusionOperatorP1: Calulate gradients of shape functions transformed by reference map ...
17:02 DiffusionOperatorP1: Calculate all local scalar products beween gradients ...
17:02 DiffusionOperatorP1: Determine global dofs ...
17:02 DiffusionOperatorP1: Boundary treatment ...
17:02 DiffusionOperatorP1: Assemble system matrix ...
17:02 L2ProductP1: Integrate the products of the shape functions on each element
17:02 L2ProductP1: Determine global dofs ...
17:02 L2ProductP1: Boundary treatment ...
17:02 L2ProductP1: Assemble system matrix ...
17:02 DiffusionOperatorP1: Calulate gradients of shape functions transformed by reference map ...
17:02 DiffusionOperatorP1: Calculate all local scalar products beween gradients ...
17:02 DiffusionOperatorP1: Determine global dofs ...
17:02 DiffusionOperatorP1: Boundary treatment ...
17:02 DiffusionOperatorP1: Assemble system matrix ...
17:02 L2ProductP1: Integrate the products of the shape functions on each element
17:02 L2ProductP1: Determine global dofs ...
17:02 L2ProductP1: Boundary treatment ...
17:02 L2ProductP1: Assemble system matrix ...
17:02 DiffusionOperatorP1: Calulate gradients of shape functions transformed by reference map ...
17:02 DiffusionOperatorP1: Calculate all local scalar products beween gradients ...
17:02 DiffusionOperatorP1: Determine global dofs ...
17:02 DiffusionOperatorP1: Boundary treatment ...
17:02 DiffusionOperatorP1: Assemble system matrix ...
17:02 gram_schmidt: Orthonormalizing vector 3 again
17:02 gram_schmidt: Orthonormalizing vector 4 again
17:02 gram_schmidt: Orthonormalizing vector 3 again
17:02 gram_schmidt: Orthonormalizing vector 4 again
</system-err></testcase><testcase classname="src.pymortests.algorithms.gram_schmidt" file="src/pymortests/algorithms/gram_schmidt.py" line="26" name="test_gram_schmidt_with_product[&lt;lambda&gt;3]" time="0.03409075736999512"><system-err>17:03 DiffusionOperatorP1: Calulate gradients of shape functions transformed by reference map ...
17:03 DiffusionOperatorP1: Calculate all local scalar products beween gradients ...
17:03 DiffusionOperatorP1: Determine global dofs ...
17:03 DiffusionOperatorP1: Boundary treatment ...
17:03 DiffusionOperatorP1: Assemble system matrix ...
17:03 DiffusionOperatorP1: Calulate gradients of shape functions transformed by reference map ...
17:03 DiffusionOperatorP1: Calculate all local scalar products beween gradients ...
17:03 DiffusionOperatorP1: Determine global dofs ...
17:03 DiffusionOperatorP1: Boundary treatment ...
17:03 DiffusionOperatorP1: Assemble system matrix ...
17:03 L2ProductP1: Integrate the products of the shape functions on each element
17:03 L2ProductP1: Determine global dofs ...
17:03 L2ProductP1: Boundary treatment ...
17:03 L2ProductP1: Assemble system matrix ...
17:03 DiffusionOperatorP1: Calulate gradients of shape functions transformed by reference map ...
17:03 DiffusionOperatorP1: Calculate all local scalar products beween gradients ...
17:03 DiffusionOperatorP1: Determine global dofs ...
17:03 DiffusionOperatorP1: Boundary treatment ...
17:03 DiffusionOperatorP1: Assemble system matrix ...
17:03 L2ProductP1: Integrate the products of the shape functions on each element
17:03 L2ProductP1: Determine global dofs ...
17:03 L2ProductP1: Boundary treatment ...
17:03 L2ProductP1: Assemble system matrix ...
17:03 DiffusionOperatorP1: Calulate gradients of shape functions transformed by reference map ...
17:03 DiffusionOperatorP1: Calculate all local scalar products beween gradients ...
17:03 DiffusionOperatorP1: Determine global dofs ...
17:03 DiffusionOperatorP1: Boundary treatment ...
17:03 DiffusionOperatorP1: Assemble system matrix ...
17:03 gram_schmidt: Orthonormalizing vector 1 again
17:03 gram_schmidt: Orthonormalizing vector 2 again
17:03 gram_schmidt: Orthonormalizing vector 3 again
17:03 gram_schmidt: Orthonormalizing vector 4 again
17:03 gram_schmidt: Orthonormalizing vector 1 again
17:03 gram_schmidt: Orthonormalizing vector 2 again
17:03 gram_schmidt: Orthonormalizing vector 3 again
17:03 gram_schmidt: Orthonormalizing vector 4 again
</system-err></testcase><testcase classname="src.pymortests.algorithms.gram_schmidt" file="src/pymortests/algorithms/gram_schmidt.py" line="26" name="test_gram_schmidt_with_product[&lt;lambda&gt;4]" time="0.03659534454345703"><system-err>17:03 DiffusionOperatorP1: Calulate gradients of shape functions transformed by reference map ...
17:03 DiffusionOperatorP1: Calculate all local scalar products beween gradients ...
17:03 DiffusionOperatorP1: Determine global dofs ...
17:03 DiffusionOperatorP1: Boundary treatment ...
17:03 DiffusionOperatorP1: Assemble system matrix ...
17:03 DiffusionOperatorP1: Calulate gradients of shape functions transformed by reference map ...
17:03 DiffusionOperatorP1: Calculate all local scalar products beween gradients ...
17:03 DiffusionOperatorP1: Determine global dofs ...
17:03 DiffusionOperatorP1: Boundary treatment ...
17:03 DiffusionOperatorP1: Assemble system matrix ...
17:03 DiffusionOperatorP1: Calulate gradients of shape functions transformed by reference map ...
17:03 DiffusionOperatorP1: Calculate all local scalar products beween gradients ...
17:03 DiffusionOperatorP1: Determine global dofs ...
17:03 DiffusionOperatorP1: Boundary treatment ...
17:03 DiffusionOperatorP1: Assemble system matrix ...
17:03 DiffusionOperatorP1: Calulate gradients of shape functions transformed by reference map ...
17:03 DiffusionOperatorP1: Calculate all local scalar products beween gradients ...
17:03 DiffusionOperatorP1: Determine global dofs ...
17:03 DiffusionOperatorP1: Boundary treatment ...
17:03 DiffusionOperatorP1: Assemble system matrix ...
17:03 DiffusionOperatorP1: Calulate gradients of shape functions transformed by reference map ...
17:03 DiffusionOperatorP1: Calculate all local scalar products beween gradients ...
17:03 DiffusionOperatorP1: Determine global dofs ...
17:03 DiffusionOperatorP1: Boundary treatment ...
17:03 DiffusionOperatorP1: Assemble system matrix ...
17:03 L2ProductP1: Integrate the products of the shape functions on each element
17:03 L2ProductP1: Determine global dofs ...
17:03 L2ProductP1: Boundary treatment ...
17:03 L2ProductP1: Assemble system matrix ...
17:03 DiffusionOperatorP1: Calulate gradients of shape functions transformed by reference map ...
17:03 DiffusionOperatorP1: Calculate all local scalar products beween gradients ...
17:03 DiffusionOperatorP1: Determine global dofs ...
17:03 DiffusionOperatorP1: Boundary treatment ...
17:03 DiffusionOperatorP1: Assemble system matrix ...
17:03 L2ProductP1: Integrate the products of the shape functions on each element
17:03 L2ProductP1: Determine global dofs ...
17:03 L2ProductP1: Boundary treatment ...
17:03 L2ProductP1: Assemble system matrix ...
17:03 DiffusionOperatorP1: Calulate gradients of shape functions transformed by reference map ...
17:03 DiffusionOperatorP1: Calculate all local scalar products beween gradients ...
17:03 DiffusionOperatorP1: Determine global dofs ...
17:03 DiffusionOperatorP1: Boundary treatment ...
17:03 DiffusionOperatorP1: Assemble system matrix ...
17:03 gram_schmidt: Orthonormalizing vector 3 again
17:03 gram_schmidt: Orthonormalizing vector 4 again
17:03 gram_schmidt: Orthonormalizing vector 3 again
17:03 gram_schmidt: Orthonormalizing vector 4 again
</system-err></testcase><testcase classname="src.pymortests.algorithms.gram_schmidt" file="src/pymortests/algorithms/gram_schmidt.py" line="26" name="test_gram_schmidt_with_product[&lt;lambda&gt;5]" time="0.03401803970336914"><system-err>17:03 DiffusionOperatorP1: Calulate gradients of shape functions transformed by reference map ...
17:03 DiffusionOperatorP1: Calculate all local scalar products beween gradients ...
17:03 DiffusionOperatorP1: Determine global dofs ...
17:03 DiffusionOperatorP1: Boundary treatment ...
17:03 DiffusionOperatorP1: Assemble system matrix ...
17:03 DiffusionOperatorP1: Calulate gradients of shape functions transformed by reference map ...
17:03 DiffusionOperatorP1: Calculate all local scalar products beween gradients ...
17:03 DiffusionOperatorP1: Determine global dofs ...
17:03 DiffusionOperatorP1: Boundary treatment ...
17:03 DiffusionOperatorP1: Assemble system matrix ...
17:03 L2ProductP1: Integrate the products of the shape functions on each element
17:03 L2ProductP1: Determine global dofs ...
17:03 L2ProductP1: Boundary treatment ...
17:03 L2ProductP1: Assemble system matrix ...
17:03 DiffusionOperatorP1: Calulate gradients of shape functions transformed by reference map ...
17:03 DiffusionOperatorP1: Calculate all local scalar products beween gradients ...
17:03 DiffusionOperatorP1: Determine global dofs ...
17:03 DiffusionOperatorP1: Boundary treatment ...
17:03 DiffusionOperatorP1: Assemble system matrix ...
17:03 L2ProductP1: Integrate the products of the shape functions on each element
17:03 L2ProductP1: Determine global dofs ...
17:03 L2ProductP1: Boundary treatment ...
17:03 L2ProductP1: Assemble system matrix ...
17:03 DiffusionOperatorP1: Calulate gradients of shape functions transformed by reference map ...
17:03 DiffusionOperatorP1: Calculate all local scalar products beween gradients ...
17:03 DiffusionOperatorP1: Determine global dofs ...
17:03 DiffusionOperatorP1: Boundary treatment ...
17:03 DiffusionOperatorP1: Assemble system matrix ...
17:03 gram_schmidt: Orthonormalizing vector 1 again
17:03 gram_schmidt: Orthonormalizing vector 2 again
17:03 gram_schmidt: Orthonormalizing vector 3 again
17:03 gram_schmidt: Orthonormalizing vector 4 again
17:03 gram_schmidt: Orthonormalizing vector 1 again
17:03 gram_schmidt: Orthonormalizing vector 2 again
17:03 gram_schmidt: Orthonormalizing vector 3 again
17:03 gram_schmidt: Orthonormalizing vector 4 again
</system-err></testcase><testcase classname="src.pymortests.algorithms.gram_schmidt" file="src/pymortests/algorithms/gram_schmidt.py" line="26" name="test_gram_schmidt_with_product[&lt;lambda&gt;6]" time="0.03652071952819824"><system-err>17:03 DiffusionOperatorP1: Calulate gradients of shape functions transformed by reference map ...
17:03 DiffusionOperatorP1: Calculate all local scalar products beween gradients ...
17:03 DiffusionOperatorP1: Determine global dofs ...
17:03 DiffusionOperatorP1: Boundary treatment ...
17:03 DiffusionOperatorP1: Assemble system matrix ...
17:03 DiffusionOperatorP1: Calulate gradients of shape functions transformed by reference map ...
17:03 DiffusionOperatorP1: Calculate all local scalar products beween gradients ...
17:03 DiffusionOperatorP1: Determine global dofs ...
17:03 DiffusionOperatorP1: Boundary treatment ...
17:03 DiffusionOperatorP1: Assemble system matrix ...
17:03 DiffusionOperatorP1: Calulate gradients of shape functions transformed by reference map ...
17:03 DiffusionOperatorP1: Calculate all local scalar products beween gradients ...
17:03 DiffusionOperatorP1: Determine global dofs ...
17:03 DiffusionOperatorP1: Boundary treatment ...
17:03 DiffusionOperatorP1: Assemble system matrix ...
17:03 DiffusionOperatorP1: Calulate gradients of shape functions transformed by reference map ...
17:03 DiffusionOperatorP1: Calculate all local scalar products beween gradients ...
17:03 DiffusionOperatorP1: Determine global dofs ...
17:03 DiffusionOperatorP1: Boundary treatment ...
17:03 DiffusionOperatorP1: Assemble system matrix ...
17:03 DiffusionOperatorP1: Calulate gradients of shape functions transformed by reference map ...
17:03 DiffusionOperatorP1: Calculate all local scalar products beween gradients ...
17:03 DiffusionOperatorP1: Determine global dofs ...
17:03 DiffusionOperatorP1: Boundary treatment ...
17:03 DiffusionOperatorP1: Assemble system matrix ...
17:03 L2ProductP1: Integrate the products of the shape functions on each element
17:03 L2ProductP1: Determine global dofs ...
17:03 L2ProductP1: Boundary treatment ...
17:03 L2ProductP1: Assemble system matrix ...
17:03 DiffusionOperatorP1: Calulate gradients of shape functions transformed by reference map ...
17:03 DiffusionOperatorP1: Calculate all local scalar products beween gradients ...
17:03 DiffusionOperatorP1: Determine global dofs ...
17:03 DiffusionOperatorP1: Boundary treatment ...
17:03 DiffusionOperatorP1: Assemble system matrix ...
17:03 L2ProductP1: Integrate the products of the shape functions on each element
17:03 L2ProductP1: Determine global dofs ...
17:03 L2ProductP1: Boundary treatment ...
17:03 L2ProductP1: Assemble system matrix ...
17:03 DiffusionOperatorP1: Calulate gradients of shape functions transformed by reference map ...
17:03 DiffusionOperatorP1: Calculate all local scalar products beween gradients ...
17:03 DiffusionOperatorP1: Determine global dofs ...
17:03 DiffusionOperatorP1: Boundary treatment ...
17:03 DiffusionOperatorP1: Assemble system matrix ...
17:03 gram_schmidt: Orthonormalizing vector 3 again
17:03 gram_schmidt: Orthonormalizing vector 4 again
17:03 gram_schmidt: Orthonormalizing vector 3 again
17:03 gram_schmidt: Orthonormalizing vector 4 again
</system-err></testcase><testcase classname="src.pymortests.algorithms.gram_schmidt" file="src/pymortests/algorithms/gram_schmidt.py" line="26" name="test_gram_schmidt_with_product[&lt;lambda&gt;7]" time="0.03485107421875"><system-err>17:03 DiffusionOperatorP1: Calulate gradients of shape functions transformed by reference map ...
17:03 DiffusionOperatorP1: Calculate all local scalar products beween gradients ...
17:03 DiffusionOperatorP1: Determine global dofs ...
17:03 DiffusionOperatorP1: Boundary treatment ...
17:03 DiffusionOperatorP1: Assemble system matrix ...
17:03 DiffusionOperatorP1: Calulate gradients of shape functions transformed by reference map ...
17:03 DiffusionOperatorP1: Calculate all local scalar products beween gradients ...
17:03 DiffusionOperatorP1: Determine global dofs ...
17:03 DiffusionOperatorP1: Boundary treatment ...
17:03 DiffusionOperatorP1: Assemble system matrix ...
17:03 L2ProductP1: Integrate the products of the shape functions on each element
17:03 L2ProductP1: Determine global dofs ...
17:03 L2ProductP1: Boundary treatment ...
17:03 L2ProductP1: Assemble system matrix ...
17:03 DiffusionOperatorP1: Calulate gradients of shape functions transformed by reference map ...
17:03 DiffusionOperatorP1: Calculate all local scalar products beween gradients ...
17:03 DiffusionOperatorP1: Determine global dofs ...
17:03 DiffusionOperatorP1: Boundary treatment ...
17:03 DiffusionOperatorP1: Assemble system matrix ...
17:03 L2ProductP1: Integrate the products of the shape functions on each element
17:03 L2ProductP1: Determine global dofs ...
17:03 L2ProductP1: Boundary treatment ...
17:03 L2ProductP1: Assemble system matrix ...
17:03 DiffusionOperatorP1: Calulate gradients of shape functions transformed by reference map ...
17:03 DiffusionOperatorP1: Calculate all local scalar products beween gradients ...
17:03 DiffusionOperatorP1: Determine global dofs ...
17:03 DiffusionOperatorP1: Boundary treatment ...
17:03 DiffusionOperatorP1: Assemble system matrix ...
17:03 gram_schmidt: Orthonormalizing vector 1 again
17:03 gram_schmidt: Orthonormalizing vector 2 again
17:03 gram_schmidt: Orthonormalizing vector 3 again
17:03 gram_schmidt: Orthonormalizing vector 4 again
17:03 gram_schmidt: Orthonormalizing vector 1 again
17:03 gram_schmidt: Orthonormalizing vector 2 again
17:03 gram_schmidt: Orthonormalizing vector 3 again
17:03 gram_schmidt: Orthonormalizing vector 4 again
</system-err></testcase><testcase classname="src.pymortests.algorithms.gram_schmidt" file="src/pymortests/algorithms/gram_schmidt.py" line="26" name="test_gram_schmidt_with_product[&lt;lambda&gt;8]" time="0.03659367561340332"><system-err>17:03 DiffusionOperatorP1: Calulate gradients of shape functions transformed by reference map ...
17:03 DiffusionOperatorP1: Calculate all local scalar products beween gradients ...
17:03 DiffusionOperatorP1: Determine global dofs ...
17:03 DiffusionOperatorP1: Boundary treatment ...
17:03 DiffusionOperatorP1: Assemble system matrix ...
17:03 DiffusionOperatorP1: Calulate gradients of shape functions transformed by reference map ...
17:03 DiffusionOperatorP1: Calculate all local scalar products beween gradients ...
17:03 DiffusionOperatorP1: Determine global dofs ...
17:03 DiffusionOperatorP1: Boundary treatment ...
17:03 DiffusionOperatorP1: Assemble system matrix ...
17:03 DiffusionOperatorP1: Calulate gradients of shape functions transformed by reference map ...
17:03 DiffusionOperatorP1: Calculate all local scalar products beween gradients ...
17:03 DiffusionOperatorP1: Determine global dofs ...
17:03 DiffusionOperatorP1: Boundary treatment ...
17:03 DiffusionOperatorP1: Assemble system matrix ...
17:03 DiffusionOperatorP1: Calulate gradients of shape functions transformed by reference map ...
17:03 DiffusionOperatorP1: Calculate all local scalar products beween gradients ...
17:03 DiffusionOperatorP1: Determine global dofs ...
17:03 DiffusionOperatorP1: Boundary treatment ...
17:03 DiffusionOperatorP1: Assemble system matrix ...
17:03 DiffusionOperatorP1: Calulate gradients of shape functions transformed by reference map ...
17:03 DiffusionOperatorP1: Calculate all local scalar products beween gradients ...
17:03 DiffusionOperatorP1: Determine global dofs ...
17:03 DiffusionOperatorP1: Boundary treatment ...
17:03 DiffusionOperatorP1: Assemble system matrix ...
17:03 L2ProductP1: Integrate the products of the shape functions on each element
17:03 L2ProductP1: Determine global dofs ...
17:03 L2ProductP1: Boundary treatment ...
17:03 L2ProductP1: Assemble system matrix ...
17:03 DiffusionOperatorP1: Calulate gradients of shape functions transformed by reference map ...
17:03 DiffusionOperatorP1: Calculate all local scalar products beween gradients ...
17:03 DiffusionOperatorP1: Determine global dofs ...
17:03 DiffusionOperatorP1: Boundary treatment ...
17:03 DiffusionOperatorP1: Assemble system matrix ...
17:03 L2ProductP1: Integrate the products of the shape functions on each element
17:03 L2ProductP1: Determine global dofs ...
17:03 L2ProductP1: Boundary treatment ...
17:03 L2ProductP1: Assemble system matrix ...
17:03 DiffusionOperatorP1: Calulate gradients of shape functions transformed by reference map ...
17:03 DiffusionOperatorP1: Calculate all local scalar products beween gradients ...
17:03 DiffusionOperatorP1: Determine global dofs ...
17:03 DiffusionOperatorP1: Boundary treatment ...
17:03 DiffusionOperatorP1: Assemble system matrix ...
17:03 gram_schmidt: Orthonormalizing vector 3 again
17:03 gram_schmidt: Orthonormalizing vector 4 again
17:03 gram_schmidt: Orthonormalizing vector 3 again
17:03 gram_schmidt: Orthonormalizing vector 4 again
</system-err></testcase><testcase classname="src.pymortests.algorithms.gram_schmidt" file="src/pymortests/algorithms/gram_schmidt.py" line="26" name="test_gram_schmidt_with_product[&lt;lambda&gt;9]" time="0.034230947494506836"><system-err>17:03 DiffusionOperatorP1: Calulate gradients of shape functions transformed by reference map ...
17:03 DiffusionOperatorP1: Calculate all local scalar products beween gradients ...
17:03 DiffusionOperatorP1: Determine global dofs ...
17:03 DiffusionOperatorP1: Boundary treatment ...
17:03 DiffusionOperatorP1: Assemble system matrix ...
17:03 DiffusionOperatorP1: Calulate gradients of shape functions transformed by reference map ...
17:03 DiffusionOperatorP1: Calculate all local scalar products beween gradients ...
17:03 DiffusionOperatorP1: Determine global dofs ...
17:03 DiffusionOperatorP1: Boundary treatment ...
17:03 DiffusionOperatorP1: Assemble system matrix ...
17:03 L2ProductP1: Integrate the products of the shape functions on each element
17:03 L2ProductP1: Determine global dofs ...
17:03 L2ProductP1: Boundary treatment ...
17:03 L2ProductP1: Assemble system matrix ...
17:03 DiffusionOperatorP1: Calulate gradients of shape functions transformed by reference map ...
17:03 DiffusionOperatorP1: Calculate all local scalar products beween gradients ...
17:03 DiffusionOperatorP1: Determine global dofs ...
17:03 DiffusionOperatorP1: Boundary treatment ...
17:03 DiffusionOperatorP1: Assemble system matrix ...
17:03 L2ProductP1: Integrate the products of the shape functions on each element
17:03 L2ProductP1: Determine global dofs ...
17:03 L2ProductP1: Boundary treatment ...
17:03 L2ProductP1: Assemble system matrix ...
17:03 DiffusionOperatorP1: Calulate gradients of shape functions transformed by reference map ...
17:03 DiffusionOperatorP1: Calculate all local scalar products beween gradients ...
17:03 DiffusionOperatorP1: Determine global dofs ...
17:03 DiffusionOperatorP1: Boundary treatment ...
17:03 DiffusionOperatorP1: Assemble system matrix ...
17:03 gram_schmidt: Orthonormalizing vector 1 again
17:03 gram_schmidt: Orthonormalizing vector 2 again
17:03 gram_schmidt: Orthonormalizing vector 3 again
17:03 gram_schmidt: Orthonormalizing vector 4 again
17:03 gram_schmidt: Orthonormalizing vector 1 again
17:03 gram_schmidt: Orthonormalizing vector 2 again
17:03 gram_schmidt: Orthonormalizing vector 3 again
17:03 gram_schmidt: Orthonormalizing vector 4 again
</system-err></testcase><testcase classname="src.pymortests.algorithms.gram_schmidt" file="src/pymortests/algorithms/gram_schmidt.py" line="26" name="test_gram_schmidt_with_product[&lt;lambda&gt;10]" time="0.039159536361694336"><system-err>17:03 DiffusionOperatorP1: Calulate gradients of shape functions transformed by reference map ...
17:03 DiffusionOperatorP1: Calculate all local scalar products beween gradients ...
17:03 DiffusionOperatorP1: Determine global dofs ...
17:03 DiffusionOperatorP1: Boundary treatment ...
17:03 DiffusionOperatorP1: Assemble system matrix ...
17:03 DiffusionOperatorP1: Calulate gradients of shape functions transformed by reference map ...
17:03 DiffusionOperatorP1: Calculate all local scalar products beween gradients ...
17:03 DiffusionOperatorP1: Determine global dofs ...
17:03 DiffusionOperatorP1: Boundary treatment ...
17:03 DiffusionOperatorP1: Assemble system matrix ...
17:03 DiffusionOperatorP1: Calulate gradients of shape functions transformed by reference map ...
17:03 DiffusionOperatorP1: Calculate all local scalar products beween gradients ...
17:03 DiffusionOperatorP1: Determine global dofs ...
17:03 DiffusionOperatorP1: Boundary treatment ...
17:03 DiffusionOperatorP1: Assemble system matrix ...
17:03 DiffusionOperatorP1: Calulate gradients of shape functions transformed by reference map ...
17:03 DiffusionOperatorP1: Calculate all local scalar products beween gradients ...
17:03 DiffusionOperatorP1: Determine global dofs ...
17:03 DiffusionOperatorP1: Boundary treatment ...
17:03 DiffusionOperatorP1: Assemble system matrix ...
17:03 DiffusionOperatorP1: Calulate gradients of shape functions transformed by reference map ...
17:03 DiffusionOperatorP1: Calculate all local scalar products beween gradients ...
17:03 DiffusionOperatorP1: Determine global dofs ...
17:03 DiffusionOperatorP1: Boundary treatment ...
17:03 DiffusionOperatorP1: Assemble system matrix ...
17:03 L2ProductP1: Integrate the products of the shape functions on each element
17:03 L2ProductP1: Determine global dofs ...
17:03 L2ProductP1: Boundary treatment ...
17:03 L2ProductP1: Assemble system matrix ...
17:03 DiffusionOperatorP1: Calulate gradients of shape functions transformed by reference map ...
17:03 DiffusionOperatorP1: Calculate all local scalar products beween gradients ...
17:03 DiffusionOperatorP1: Determine global dofs ...
17:03 DiffusionOperatorP1: Boundary treatment ...
17:03 DiffusionOperatorP1: Assemble system matrix ...
17:03 L2ProductP1: Integrate the products of the shape functions on each element
17:03 L2ProductP1: Determine global dofs ...
17:03 L2ProductP1: Boundary treatment ...
17:03 L2ProductP1: Assemble system matrix ...
17:03 DiffusionOperatorP1: Calulate gradients of shape functions transformed by reference map ...
17:03 DiffusionOperatorP1: Calculate all local scalar products beween gradients ...
17:03 DiffusionOperatorP1: Determine global dofs ...
17:03 DiffusionOperatorP1: Boundary treatment ...
17:03 DiffusionOperatorP1: Assemble system matrix ...
17:03 gram_schmidt: Orthonormalizing vector 3 again
17:03 gram_schmidt: Orthonormalizing vector 4 again
17:03 gram_schmidt: Orthonormalizing vector 3 again
17:03 gram_schmidt: Orthonormalizing vector 4 again
</system-err></testcase><testcase classname="src.pymortests.algorithms.gram_schmidt" file="src/pymortests/algorithms/gram_schmidt.py" line="26" name="test_gram_schmidt_with_product[&lt;lambda&gt;11]" time="0.03359866142272949"><system-err>17:03 DiffusionOperatorP1: Calulate gradients of shape functions transformed by reference map ...
17:03 DiffusionOperatorP1: Calculate all local scalar products beween gradients ...
17:03 DiffusionOperatorP1: Determine global dofs ...
17:03 DiffusionOperatorP1: Boundary treatment ...
17:03 DiffusionOperatorP1: Assemble system matrix ...
17:03 DiffusionOperatorP1: Calulate gradients of shape functions transformed by reference map ...
17:03 DiffusionOperatorP1: Calculate all local scalar products beween gradients ...
17:03 DiffusionOperatorP1: Determine global dofs ...
17:03 DiffusionOperatorP1: Boundary treatment ...
17:03 DiffusionOperatorP1: Assemble system matrix ...
17:03 L2ProductP1: Integrate the products of the shape functions on each element
17:03 L2ProductP1: Determine global dofs ...
17:03 L2ProductP1: Boundary treatment ...
17:03 L2ProductP1: Assemble system matrix ...
17:03 DiffusionOperatorP1: Calulate gradients of shape functions transformed by reference map ...
17:03 DiffusionOperatorP1: Calculate all local scalar products beween gradients ...
17:03 DiffusionOperatorP1: Determine global dofs ...
17:03 DiffusionOperatorP1: Boundary treatment ...
17:03 DiffusionOperatorP1: Assemble system matrix ...
17:03 L2ProductP1: Integrate the products of the shape functions on each element
17:03 L2ProductP1: Determine global dofs ...
17:03 L2ProductP1: Boundary treatment ...
17:03 L2ProductP1: Assemble system matrix ...
17:03 DiffusionOperatorP1: Calulate gradients of shape functions transformed by reference map ...
17:03 DiffusionOperatorP1: Calculate all local scalar products beween gradients ...
17:03 DiffusionOperatorP1: Determine global dofs ...
17:03 DiffusionOperatorP1: Boundary treatment ...
17:03 DiffusionOperatorP1: Assemble system matrix ...
17:03 gram_schmidt: Orthonormalizing vector 1 again
17:03 gram_schmidt: Orthonormalizing vector 2 again
17:03 gram_schmidt: Orthonormalizing vector 3 again
17:03 gram_schmidt: Orthonormalizing vector 4 again
17:03 gram_schmidt: Orthonormalizing vector 1 again
17:03 gram_schmidt: Orthonormalizing vector 2 again
17:03 gram_schmidt: Orthonormalizing vector 3 again
17:03 gram_schmidt: Orthonormalizing vector 4 again
</system-err></testcase><testcase classname="src.pymortests.algorithms.gram_schmidt" file="src/pymortests/algorithms/gram_schmidt.py" line="26" name="test_gram_schmidt_with_product[&lt;lambda&gt;12]" time="0.0363314151763916"><system-err>17:03 DiffusionOperatorP1: Calulate gradients of shape functions transformed by reference map ...
17:03 DiffusionOperatorP1: Calculate all local scalar products beween gradients ...
17:03 DiffusionOperatorP1: Determine global dofs ...
17:03 DiffusionOperatorP1: Boundary treatment ...
17:03 DiffusionOperatorP1: Assemble system matrix ...
17:03 DiffusionOperatorP1: Calulate gradients of shape functions transformed by reference map ...
17:03 DiffusionOperatorP1: Calculate all local scalar products beween gradients ...
17:03 DiffusionOperatorP1: Determine global dofs ...
17:03 DiffusionOperatorP1: Boundary treatment ...
17:03 DiffusionOperatorP1: Assemble system matrix ...
17:03 DiffusionOperatorP1: Calulate gradients of shape functions transformed by reference map ...
17:03 DiffusionOperatorP1: Calculate all local scalar products beween gradients ...
17:03 DiffusionOperatorP1: Determine global dofs ...
17:03 DiffusionOperatorP1: Boundary treatment ...
17:03 DiffusionOperatorP1: Assemble system matrix ...
17:03 DiffusionOperatorP1: Calulate gradients of shape functions transformed by reference map ...
17:03 DiffusionOperatorP1: Calculate all local scalar products beween gradients ...
17:03 DiffusionOperatorP1: Determine global dofs ...
17:03 DiffusionOperatorP1: Boundary treatment ...
17:03 DiffusionOperatorP1: Assemble system matrix ...
17:03 DiffusionOperatorP1: Calulate gradients of shape functions transformed by reference map ...
17:03 DiffusionOperatorP1: Calculate all local scalar products beween gradients ...
17:03 DiffusionOperatorP1: Determine global dofs ...
17:03 DiffusionOperatorP1: Boundary treatment ...
17:03 DiffusionOperatorP1: Assemble system matrix ...
17:03 L2ProductP1: Integrate the products of the shape functions on each element
17:03 L2ProductP1: Determine global dofs ...
17:03 L2ProductP1: Boundary treatment ...
17:03 L2ProductP1: Assemble system matrix ...
17:03 DiffusionOperatorP1: Calulate gradients of shape functions transformed by reference map ...
17:03 DiffusionOperatorP1: Calculate all local scalar products beween gradients ...
17:03 DiffusionOperatorP1: Determine global dofs ...
17:03 DiffusionOperatorP1: Boundary treatment ...
17:03 DiffusionOperatorP1: Assemble system matrix ...
17:03 L2ProductP1: Integrate the products of the shape functions on each element
17:03 L2ProductP1: Determine global dofs ...
17:03 L2ProductP1: Boundary treatment ...
17:03 L2ProductP1: Assemble system matrix ...
17:03 DiffusionOperatorP1: Calulate gradients of shape functions transformed by reference map ...
17:03 DiffusionOperatorP1: Calculate all local scalar products beween gradients ...
17:03 DiffusionOperatorP1: Determine global dofs ...
17:03 DiffusionOperatorP1: Boundary treatment ...
17:03 DiffusionOperatorP1: Assemble system matrix ...
17:03 gram_schmidt: Removing linear dependent vector 5
17:03 gram_schmidt: Removing linear dependent vector 6
17:03 gram_schmidt: Removing linear dependent vector 5
17:03 gram_schmidt: Removing linear dependent vector 6
</system-err></testcase><testcase classname="src.pymortests.algorithms.gram_schmidt" file="src/pymortests/algorithms/gram_schmidt.py" line="26" name="test_gram_schmidt_with_product[&lt;lambda&gt;13]" time="0.03497910499572754"><system-err>17:03 DiffusionOperatorP1: Calulate gradients of shape functions transformed by reference map ...
17:03 DiffusionOperatorP1: Calculate all local scalar products beween gradients ...
17:03 DiffusionOperatorP1: Determine global dofs ...
17:03 DiffusionOperatorP1: Boundary treatment ...
17:03 DiffusionOperatorP1: Assemble system matrix ...
17:03 DiffusionOperatorP1: Calulate gradients of shape functions transformed by reference map ...
17:03 DiffusionOperatorP1: Calculate all local scalar products beween gradients ...
17:03 DiffusionOperatorP1: Determine global dofs ...
17:03 DiffusionOperatorP1: Boundary treatment ...
17:03 DiffusionOperatorP1: Assemble system matrix ...
17:03 L2ProductP1: Integrate the products of the shape functions on each element
17:03 L2ProductP1: Determine global dofs ...
17:03 L2ProductP1: Boundary treatment ...
17:03 L2ProductP1: Assemble system matrix ...
17:03 DiffusionOperatorP1: Calulate gradients of shape functions transformed by reference map ...
17:03 DiffusionOperatorP1: Calculate all local scalar products beween gradients ...
17:03 DiffusionOperatorP1: Determine global dofs ...
17:03 DiffusionOperatorP1: Boundary treatment ...
17:03 DiffusionOperatorP1: Assemble system matrix ...
17:03 L2ProductP1: Integrate the products of the shape functions on each element
17:03 L2ProductP1: Determine global dofs ...
17:03 L2ProductP1: Boundary treatment ...
17:03 L2ProductP1: Assemble system matrix ...
17:03 DiffusionOperatorP1: Calulate gradients of shape functions transformed by reference map ...
17:03 DiffusionOperatorP1: Calculate all local scalar products beween gradients ...
17:03 DiffusionOperatorP1: Determine global dofs ...
17:03 DiffusionOperatorP1: Boundary treatment ...
17:03 DiffusionOperatorP1: Assemble system matrix ...
17:03 gram_schmidt: Orthonormalizing vector 3 again
17:03 gram_schmidt: Removing linear dependent vector 5
17:03 gram_schmidt: Removing linear dependent vector 6
17:03 gram_schmidt: Orthonormalizing vector 3 again
17:03 gram_schmidt: Removing linear dependent vector 5
17:03 gram_schmidt: Removing linear dependent vector 6
</system-err></testcase><testcase classname="src.pymortests.algorithms.gram_schmidt" file="src/pymortests/algorithms/gram_schmidt.py" line="26" name="test_gram_schmidt_with_product[&lt;lambda&gt;14]" time="0.04008793830871582"><system-err>17:03 DiffusionOperatorP1: Calulate gradients of shape functions transformed by reference map ...
17:03 DiffusionOperatorP1: Calculate all local scalar products beween gradients ...
17:03 DiffusionOperatorP1: Determine global dofs ...
17:03 DiffusionOperatorP1: Boundary treatment ...
17:03 DiffusionOperatorP1: Assemble system matrix ...
17:03 DiffusionOperatorP1: Calulate gradients of shape functions transformed by reference map ...
17:03 DiffusionOperatorP1: Calculate all local scalar products beween gradients ...
17:03 DiffusionOperatorP1: Determine global dofs ...
17:03 DiffusionOperatorP1: Boundary treatment ...
17:03 DiffusionOperatorP1: Assemble system matrix ...
17:03 DiffusionOperatorP1: Calulate gradients of shape functions transformed by reference map ...
17:03 DiffusionOperatorP1: Calculate all local scalar products beween gradients ...
17:03 DiffusionOperatorP1: Determine global dofs ...
17:03 DiffusionOperatorP1: Boundary treatment ...
17:03 DiffusionOperatorP1: Assemble system matrix ...
17:03 DiffusionOperatorP1: Calulate gradients of shape functions transformed by reference map ...
17:03 DiffusionOperatorP1: Calculate all local scalar products beween gradients ...
17:03 DiffusionOperatorP1: Determine global dofs ...
17:03 DiffusionOperatorP1: Boundary treatment ...
17:03 DiffusionOperatorP1: Assemble system matrix ...
17:03 DiffusionOperatorP1: Calulate gradients of shape functions transformed by reference map ...
17:03 DiffusionOperatorP1: Calculate all local scalar products beween gradients ...
17:03 DiffusionOperatorP1: Determine global dofs ...
17:03 DiffusionOperatorP1: Boundary treatment ...
17:03 DiffusionOperatorP1: Assemble system matrix ...
17:03 L2ProductP1: Integrate the products of the shape functions on each element
17:03 L2ProductP1: Determine global dofs ...
17:03 L2ProductP1: Boundary treatment ...
17:03 L2ProductP1: Assemble system matrix ...
17:03 DiffusionOperatorP1: Calulate gradients of shape functions transformed by reference map ...
17:03 DiffusionOperatorP1: Calculate all local scalar products beween gradients ...
17:03 DiffusionOperatorP1: Determine global dofs ...
17:03 DiffusionOperatorP1: Boundary treatment ...
17:03 DiffusionOperatorP1: Assemble system matrix ...
17:03 L2ProductP1: Integrate the products of the shape functions on each element
17:03 L2ProductP1: Determine global dofs ...
17:03 L2ProductP1: Boundary treatment ...
17:03 L2ProductP1: Assemble system matrix ...
17:03 DiffusionOperatorP1: Calulate gradients of shape functions transformed by reference map ...
17:03 DiffusionOperatorP1: Calculate all local scalar products beween gradients ...
17:03 DiffusionOperatorP1: Determine global dofs ...
17:03 DiffusionOperatorP1: Boundary treatment ...
17:03 DiffusionOperatorP1: Assemble system matrix ...
17:03 gram_schmidt: Orthonormalizing vector 1 again
17:03 gram_schmidt: Orthonormalizing vector 2 again
17:03 gram_schmidt: Orthonormalizing vector 3 again
17:03 gram_schmidt: Orthonormalizing vector 4 again
17:03 gram_schmidt: Removing linear dependent vector 5
17:03 gram_schmidt: Orthonormalizing vector 1 again
17:03 gram_schmidt: Orthonormalizing vector 2 again
17:03 gram_schmidt: Orthonormalizing vector 3 again
17:03 gram_schmidt: Orthonormalizing vector 4 again
17:03 gram_schmidt: Removing linear dependent vector 5
</system-err></testcase><testcase classname="src.pymortests.algorithms.gram_schmidt" file="src/pymortests/algorithms/gram_schmidt.py" line="26" name="test_gram_schmidt_with_product[&lt;lambda&gt;15]" time="0.03751206398010254"><system-err>17:03 DiffusionOperatorP1: Calulate gradients of shape functions transformed by reference map ...
17:03 DiffusionOperatorP1: Calculate all local scalar products beween gradients ...
17:03 DiffusionOperatorP1: Determine global dofs ...
17:03 DiffusionOperatorP1: Boundary treatment ...
17:03 DiffusionOperatorP1: Assemble system matrix ...
17:03 DiffusionOperatorP1: Calulate gradients of shape functions transformed by reference map ...
17:03 DiffusionOperatorP1: Calculate all local scalar products beween gradients ...
17:03 DiffusionOperatorP1: Determine global dofs ...
17:03 DiffusionOperatorP1: Boundary treatment ...
17:03 DiffusionOperatorP1: Assemble system matrix ...
17:03 L2ProductP1: Integrate the products of the shape functions on each element
17:03 L2ProductP1: Determine global dofs ...
17:03 L2ProductP1: Boundary treatment ...
17:03 L2ProductP1: Assemble system matrix ...
17:03 DiffusionOperatorP1: Calulate gradients of shape functions transformed by reference map ...
17:03 DiffusionOperatorP1: Calculate all local scalar products beween gradients ...
17:03 DiffusionOperatorP1: Determine global dofs ...
17:03 DiffusionOperatorP1: Boundary treatment ...
17:03 DiffusionOperatorP1: Assemble system matrix ...
17:03 L2ProductP1: Integrate the products of the shape functions on each element
17:03 L2ProductP1: Determine global dofs ...
17:03 L2ProductP1: Boundary treatment ...
17:03 L2ProductP1: Assemble system matrix ...
17:03 DiffusionOperatorP1: Calulate gradients of shape functions transformed by reference map ...
17:03 DiffusionOperatorP1: Calculate all local scalar products beween gradients ...
17:03 DiffusionOperatorP1: Determine global dofs ...
17:03 DiffusionOperatorP1: Boundary treatment ...
17:03 DiffusionOperatorP1: Assemble system matrix ...
17:03 gram_schmidt: Orthonormalizing vector 1 again
17:03 gram_schmidt: Orthonormalizing vector 2 again
17:03 gram_schmidt: Orthonormalizing vector 3 again
17:03 gram_schmidt: Orthonormalizing vector 4 again
17:03 gram_schmidt: Orthonormalizing vector 5 again
17:03 gram_schmidt: Orthonormalizing vector 1 again
17:03 gram_schmidt: Orthonormalizing vector 2 again
17:03 gram_schmidt: Orthonormalizing vector 3 again
17:03 gram_schmidt: Orthonormalizing vector 4 again
17:03 gram_schmidt: Orthonormalizing vector 5 again
</system-err></testcase><testcase classname="src.pymortests.algorithms.gram_schmidt" file="src/pymortests/algorithms/gram_schmidt.py" line="26" name="test_gram_schmidt_with_product[&lt;lambda&gt;16]" time="0.03542041778564453"><system-err>17:03 DiffusionOperatorP1: Calulate gradients of shape functions transformed by reference map ...
17:03 DiffusionOperatorP1: Calculate all local scalar products beween gradients ...
17:03 DiffusionOperatorP1: Determine global dofs ...
17:03 DiffusionOperatorP1: Boundary treatment ...
17:03 DiffusionOperatorP1: Assemble system matrix ...
17:03 DiffusionOperatorP1: Calulate gradients of shape functions transformed by reference map ...
17:03 DiffusionOperatorP1: Calculate all local scalar products beween gradients ...
17:03 DiffusionOperatorP1: Determine global dofs ...
17:03 DiffusionOperatorP1: Boundary treatment ...
17:03 DiffusionOperatorP1: Assemble system matrix ...
17:03 DiffusionOperatorP1: Calulate gradients of shape functions transformed by reference map ...
17:03 DiffusionOperatorP1: Calculate all local scalar products beween gradients ...
17:03 DiffusionOperatorP1: Determine global dofs ...
17:03 DiffusionOperatorP1: Boundary treatment ...
17:03 DiffusionOperatorP1: Assemble system matrix ...
17:03 DiffusionOperatorP1: Calulate gradients of shape functions transformed by reference map ...
17:03 DiffusionOperatorP1: Calculate all local scalar products beween gradients ...
17:03 DiffusionOperatorP1: Determine global dofs ...
17:03 DiffusionOperatorP1: Boundary treatment ...
17:03 DiffusionOperatorP1: Assemble system matrix ...
17:03 DiffusionOperatorP1: Calulate gradients of shape functions transformed by reference map ...
17:03 DiffusionOperatorP1: Calculate all local scalar products beween gradients ...
17:03 DiffusionOperatorP1: Determine global dofs ...
17:03 DiffusionOperatorP1: Boundary treatment ...
17:03 DiffusionOperatorP1: Assemble system matrix ...
17:03 L2ProductP1: Integrate the products of the shape functions on each element
17:03 L2ProductP1: Determine global dofs ...
17:03 L2ProductP1: Boundary treatment ...
17:03 L2ProductP1: Assemble system matrix ...
17:03 DiffusionOperatorP1: Calulate gradients of shape functions transformed by reference map ...
17:03 DiffusionOperatorP1: Calculate all local scalar products beween gradients ...
17:03 DiffusionOperatorP1: Determine global dofs ...
17:03 DiffusionOperatorP1: Boundary treatment ...
17:03 DiffusionOperatorP1: Assemble system matrix ...
17:03 L2ProductP1: Integrate the products of the shape functions on each element
17:03 L2ProductP1: Determine global dofs ...
17:03 L2ProductP1: Boundary treatment ...
17:03 L2ProductP1: Assemble system matrix ...
17:03 DiffusionOperatorP1: Calulate gradients of shape functions transformed by reference map ...
17:03 DiffusionOperatorP1: Calculate all local scalar products beween gradients ...
17:03 DiffusionOperatorP1: Determine global dofs ...
17:03 DiffusionOperatorP1: Boundary treatment ...
17:03 DiffusionOperatorP1: Assemble system matrix ...
17:03 gram_schmidt: Removing linear dependent vector 1
17:03 gram_schmidt: Removing linear dependent vector 2
17:03 gram_schmidt: Removing linear dependent vector 3
17:03 gram_schmidt: Removing linear dependent vector 4
17:03 gram_schmidt: Removing linear dependent vector 5
17:03 gram_schmidt: Removing linear dependent vector 6
17:03 gram_schmidt: Removing linear dependent vector 1
17:03 gram_schmidt: Removing linear dependent vector 2
17:03 gram_schmidt: Removing linear dependent vector 3
17:03 gram_schmidt: Removing linear dependent vector 4
17:03 gram_schmidt: Removing linear dependent vector 5
17:03 gram_schmidt: Removing linear dependent vector 6
</system-err></testcase><testcase classname="src.pymortests.algorithms.gram_schmidt" file="src/pymortests/algorithms/gram_schmidt.py" line="26" name="test_gram_schmidt_with_product[&lt;lambda&gt;17]" time="0.029897689819335938"><system-err>17:03 DiffusionOperatorP1: Calulate gradients of shape functions transformed by reference map ...
17:03 DiffusionOperatorP1: Calculate all local scalar products beween gradients ...
17:03 DiffusionOperatorP1: Determine global dofs ...
17:03 DiffusionOperatorP1: Boundary treatment ...
17:03 DiffusionOperatorP1: Assemble system matrix ...
17:03 DiffusionOperatorP1: Calulate gradients of shape functions transformed by reference map ...
17:03 DiffusionOperatorP1: Calculate all local scalar products beween gradients ...
17:03 DiffusionOperatorP1: Determine global dofs ...
17:03 DiffusionOperatorP1: Boundary treatment ...
17:03 DiffusionOperatorP1: Assemble system matrix ...
17:03 L2ProductP1: Integrate the products of the shape functions on each element
17:03 L2ProductP1: Determine global dofs ...
17:03 L2ProductP1: Boundary treatment ...
17:03 L2ProductP1: Assemble system matrix ...
17:03 DiffusionOperatorP1: Calulate gradients of shape functions transformed by reference map ...
17:03 DiffusionOperatorP1: Calculate all local scalar products beween gradients ...
17:03 DiffusionOperatorP1: Determine global dofs ...
17:03 DiffusionOperatorP1: Boundary treatment ...
17:03 DiffusionOperatorP1: Assemble system matrix ...
17:03 L2ProductP1: Integrate the products of the shape functions on each element
17:03 L2ProductP1: Determine global dofs ...
17:03 L2ProductP1: Boundary treatment ...
17:03 L2ProductP1: Assemble system matrix ...
17:03 DiffusionOperatorP1: Calulate gradients of shape functions transformed by reference map ...
17:03 DiffusionOperatorP1: Calculate all local scalar products beween gradients ...
17:03 DiffusionOperatorP1: Determine global dofs ...
17:03 DiffusionOperatorP1: Boundary treatment ...
17:03 DiffusionOperatorP1: Assemble system matrix ...
17:03 gram_schmidt: Removing linear dependent vector 1
17:03 gram_schmidt: Removing linear dependent vector 2
17:03 gram_schmidt: Removing linear dependent vector 3
17:03 gram_schmidt: Removing linear dependent vector 4
17:03 gram_schmidt: Removing linear dependent vector 5
17:03 gram_schmidt: Removing linear dependent vector 6
17:03 gram_schmidt: Removing linear dependent vector 1
17:03 gram_schmidt: Removing linear dependent vector 2
17:03 gram_schmidt: Removing linear dependent vector 3
17:03 gram_schmidt: Removing linear dependent vector 4
17:03 gram_schmidt: Removing linear dependent vector 5
17:03 gram_schmidt: Removing linear dependent vector 6
</system-err></testcase><testcase classname="src.pymortests.algorithms.gram_schmidt" file="src/pymortests/algorithms/gram_schmidt.py" line="26" name="test_gram_schmidt_with_product[&lt;lambda&gt;18]" time="0.04004311561584473"><system-err>17:03 DiffusionOperatorP1: Calulate gradients of shape functions transformed by reference map ...
17:03 DiffusionOperatorP1: Calculate all local scalar products beween gradients ...
17:03 DiffusionOperatorP1: Determine global dofs ...
17:03 DiffusionOperatorP1: Boundary treatment ...
17:03 DiffusionOperatorP1: Assemble system matrix ...
17:03 DiffusionOperatorP1: Calulate gradients of shape functions transformed by reference map ...
17:03 DiffusionOperatorP1: Calculate all local scalar products beween gradients ...
17:03 DiffusionOperatorP1: Determine global dofs ...
17:03 DiffusionOperatorP1: Boundary treatment ...
17:03 DiffusionOperatorP1: Assemble system matrix ...
17:03 DiffusionOperatorP1: Calulate gradients of shape functions transformed by reference map ...
17:03 DiffusionOperatorP1: Calculate all local scalar products beween gradients ...
17:03 DiffusionOperatorP1: Determine global dofs ...
17:03 DiffusionOperatorP1: Boundary treatment ...
17:03 DiffusionOperatorP1: Assemble system matrix ...
17:03 DiffusionOperatorP1: Calulate gradients of shape functions transformed by reference map ...
17:03 DiffusionOperatorP1: Calculate all local scalar products beween gradients ...
17:03 DiffusionOperatorP1: Determine global dofs ...
17:03 DiffusionOperatorP1: Boundary treatment ...
17:03 DiffusionOperatorP1: Assemble system matrix ...
17:03 DiffusionOperatorP1: Calulate gradients of shape functions transformed by reference map ...
17:03 DiffusionOperatorP1: Calculate all local scalar products beween gradients ...
17:03 DiffusionOperatorP1: Determine global dofs ...
17:03 DiffusionOperatorP1: Boundary treatment ...
17:03 DiffusionOperatorP1: Assemble system matrix ...
17:03 L2ProductP1: Integrate the products of the shape functions on each element
17:03 L2ProductP1: Determine global dofs ...
17:03 L2ProductP1: Boundary treatment ...
17:03 L2ProductP1: Assemble system matrix ...
17:03 DiffusionOperatorP1: Calulate gradients of shape functions transformed by reference map ...
17:03 DiffusionOperatorP1: Calculate all local scalar products beween gradients ...
17:03 DiffusionOperatorP1: Determine global dofs ...
17:03 DiffusionOperatorP1: Boundary treatment ...
17:03 DiffusionOperatorP1: Assemble system matrix ...
17:03 L2ProductP1: Integrate the products of the shape functions on each element
17:03 L2ProductP1: Determine global dofs ...
17:03 L2ProductP1: Boundary treatment ...
17:03 L2ProductP1: Assemble system matrix ...
17:03 DiffusionOperatorP1: Calulate gradients of shape functions transformed by reference map ...
17:03 DiffusionOperatorP1: Calculate all local scalar products beween gradients ...
17:03 DiffusionOperatorP1: Determine global dofs ...
17:03 DiffusionOperatorP1: Boundary treatment ...
17:03 DiffusionOperatorP1: Assemble system matrix ...
17:03 gram_schmidt: Orthonormalizing vector 1 again
17:03 gram_schmidt: Orthonormalizing vector 2 again
17:03 gram_schmidt: Orthonormalizing vector 3 again
17:03 gram_schmidt: Orthonormalizing vector 4 again
17:03 gram_schmidt: Removing linear dependent vector 5
17:03 gram_schmidt: Orthonormalizing vector 1 again
17:03 gram_schmidt: Orthonormalizing vector 2 again
17:03 gram_schmidt: Orthonormalizing vector 3 again
17:03 gram_schmidt: Orthonormalizing vector 4 again
17:03 gram_schmidt: Removing linear dependent vector 5
</system-err></testcase><testcase classname="src.pymortests.algorithms.gram_schmidt" file="src/pymortests/algorithms/gram_schmidt.py" line="26" name="test_gram_schmidt_with_product[&lt;lambda&gt;19]" time="0.037581682205200195"><system-err>17:03 DiffusionOperatorP1: Calulate gradients of shape functions transformed by reference map ...
17:03 DiffusionOperatorP1: Calculate all local scalar products beween gradients ...
17:03 DiffusionOperatorP1: Determine global dofs ...
17:03 DiffusionOperatorP1: Boundary treatment ...
17:03 DiffusionOperatorP1: Assemble system matrix ...
17:03 DiffusionOperatorP1: Calulate gradients of shape functions transformed by reference map ...
17:03 DiffusionOperatorP1: Calculate all local scalar products beween gradients ...
17:03 DiffusionOperatorP1: Determine global dofs ...
17:03 DiffusionOperatorP1: Boundary treatment ...
17:03 DiffusionOperatorP1: Assemble system matrix ...
17:03 L2ProductP1: Integrate the products of the shape functions on each element
17:03 L2ProductP1: Determine global dofs ...
17:03 L2ProductP1: Boundary treatment ...
17:03 L2ProductP1: Assemble system matrix ...
17:03 DiffusionOperatorP1: Calulate gradients of shape functions transformed by reference map ...
17:03 DiffusionOperatorP1: Calculate all local scalar products beween gradients ...
17:03 DiffusionOperatorP1: Determine global dofs ...
17:03 DiffusionOperatorP1: Boundary treatment ...
17:03 DiffusionOperatorP1: Assemble system matrix ...
17:03 L2ProductP1: Integrate the products of the shape functions on each element
17:03 L2ProductP1: Determine global dofs ...
17:03 L2ProductP1: Boundary treatment ...
17:03 L2ProductP1: Assemble system matrix ...
17:03 DiffusionOperatorP1: Calulate gradients of shape functions transformed by reference map ...
17:03 DiffusionOperatorP1: Calculate all local scalar products beween gradients ...
17:03 DiffusionOperatorP1: Determine global dofs ...
17:03 DiffusionOperatorP1: Boundary treatment ...
17:03 DiffusionOperatorP1: Assemble system matrix ...
17:03 gram_schmidt: Orthonormalizing vector 1 again
17:03 gram_schmidt: Orthonormalizing vector 2 again
17:03 gram_schmidt: Orthonormalizing vector 3 again
17:03 gram_schmidt: Orthonormalizing vector 4 again
17:03 gram_schmidt: Orthonormalizing vector 5 again
17:03 gram_schmidt: Orthonormalizing vector 1 again
17:03 gram_schmidt: Orthonormalizing vector 2 again
17:03 gram_schmidt: Orthonormalizing vector 3 again
17:03 gram_schmidt: Orthonormalizing vector 4 again
17:03 gram_schmidt: Orthonormalizing vector 5 again
</system-err></testcase><testcase classname="src.pymortests.algorithms.gram_schmidt" file="src/pymortests/algorithms/gram_schmidt.py" line="26" name="test_gram_schmidt_with_product[&lt;lambda&gt;20]" time="0.04058074951171875"><system-err>17:03 DiffusionOperatorP1: Calulate gradients of shape functions transformed by reference map ...
17:03 DiffusionOperatorP1: Calculate all local scalar products beween gradients ...
17:03 DiffusionOperatorP1: Determine global dofs ...
17:03 DiffusionOperatorP1: Boundary treatment ...
17:03 DiffusionOperatorP1: Assemble system matrix ...
17:03 DiffusionOperatorP1: Calulate gradients of shape functions transformed by reference map ...
17:03 DiffusionOperatorP1: Calculate all local scalar products beween gradients ...
17:03 DiffusionOperatorP1: Determine global dofs ...
17:03 DiffusionOperatorP1: Boundary treatment ...
17:03 DiffusionOperatorP1: Assemble system matrix ...
17:03 DiffusionOperatorP1: Calulate gradients of shape functions transformed by reference map ...
17:03 DiffusionOperatorP1: Calculate all local scalar products beween gradients ...
17:03 DiffusionOperatorP1: Determine global dofs ...
17:03 DiffusionOperatorP1: Boundary treatment ...
17:03 DiffusionOperatorP1: Assemble system matrix ...
17:03 DiffusionOperatorP1: Calulate gradients of shape functions transformed by reference map ...
17:03 DiffusionOperatorP1: Calculate all local scalar products beween gradients ...
17:03 DiffusionOperatorP1: Determine global dofs ...
17:03 DiffusionOperatorP1: Boundary treatment ...
17:03 DiffusionOperatorP1: Assemble system matrix ...
17:03 DiffusionOperatorP1: Calulate gradients of shape functions transformed by reference map ...
17:03 DiffusionOperatorP1: Calculate all local scalar products beween gradients ...
17:03 DiffusionOperatorP1: Determine global dofs ...
17:03 DiffusionOperatorP1: Boundary treatment ...
17:03 DiffusionOperatorP1: Assemble system matrix ...
17:03 L2ProductP1: Integrate the products of the shape functions on each element
17:03 L2ProductP1: Determine global dofs ...
17:03 L2ProductP1: Boundary treatment ...
17:03 L2ProductP1: Assemble system matrix ...
17:03 DiffusionOperatorP1: Calulate gradients of shape functions transformed by reference map ...
17:03 DiffusionOperatorP1: Calculate all local scalar products beween gradients ...
17:03 DiffusionOperatorP1: Determine global dofs ...
17:03 DiffusionOperatorP1: Boundary treatment ...
17:03 DiffusionOperatorP1: Assemble system matrix ...
17:03 L2ProductP1: Integrate the products of the shape functions on each element
17:03 L2ProductP1: Determine global dofs ...
17:03 L2ProductP1: Boundary treatment ...
17:03 L2ProductP1: Assemble system matrix ...
17:03 DiffusionOperatorP1: Calulate gradients of shape functions transformed by reference map ...
17:03 DiffusionOperatorP1: Calculate all local scalar products beween gradients ...
17:03 DiffusionOperatorP1: Determine global dofs ...
17:03 DiffusionOperatorP1: Boundary treatment ...
17:03 DiffusionOperatorP1: Assemble system matrix ...
17:03 gram_schmidt: Orthonormalizing vector 1 again
17:03 gram_schmidt: Orthonormalizing vector 2 again
17:03 gram_schmidt: Orthonormalizing vector 3 again
17:03 gram_schmidt: Orthonormalizing vector 4 again
17:03 gram_schmidt: Removing linear dependent vector 5
17:03 gram_schmidt: Orthonormalizing vector 1 again
17:03 gram_schmidt: Orthonormalizing vector 2 again
17:03 gram_schmidt: Orthonormalizing vector 3 again
17:03 gram_schmidt: Orthonormalizing vector 4 again
17:03 gram_schmidt: Removing linear dependent vector 5
</system-err></testcase><testcase classname="src.pymortests.algorithms.gram_schmidt" file="src/pymortests/algorithms/gram_schmidt.py" line="26" name="test_gram_schmidt_with_product[&lt;lambda&gt;21]" time="0.03670620918273926"><system-err>17:03 DiffusionOperatorP1: Calulate gradients of shape functions transformed by reference map ...
17:03 DiffusionOperatorP1: Calculate all local scalar products beween gradients ...
17:03 DiffusionOperatorP1: Determine global dofs ...
17:03 DiffusionOperatorP1: Boundary treatment ...
17:03 DiffusionOperatorP1: Assemble system matrix ...
17:03 DiffusionOperatorP1: Calulate gradients of shape functions transformed by reference map ...
17:03 DiffusionOperatorP1: Calculate all local scalar products beween gradients ...
17:03 DiffusionOperatorP1: Determine global dofs ...
17:03 DiffusionOperatorP1: Boundary treatment ...
17:03 DiffusionOperatorP1: Assemble system matrix ...
17:03 L2ProductP1: Integrate the products of the shape functions on each element
17:03 L2ProductP1: Determine global dofs ...
17:03 L2ProductP1: Boundary treatment ...
17:03 L2ProductP1: Assemble system matrix ...
17:03 DiffusionOperatorP1: Calulate gradients of shape functions transformed by reference map ...
17:03 DiffusionOperatorP1: Calculate all local scalar products beween gradients ...
17:03 DiffusionOperatorP1: Determine global dofs ...
17:03 DiffusionOperatorP1: Boundary treatment ...
17:03 DiffusionOperatorP1: Assemble system matrix ...
17:03 L2ProductP1: Integrate the products of the shape functions on each element
17:03 L2ProductP1: Determine global dofs ...
17:03 L2ProductP1: Boundary treatment ...
17:03 L2ProductP1: Assemble system matrix ...
17:03 DiffusionOperatorP1: Calulate gradients of shape functions transformed by reference map ...
17:03 DiffusionOperatorP1: Calculate all local scalar products beween gradients ...
17:03 DiffusionOperatorP1: Determine global dofs ...
17:03 DiffusionOperatorP1: Boundary treatment ...
17:03 DiffusionOperatorP1: Assemble system matrix ...
17:03 gram_schmidt: Orthonormalizing vector 1 again
17:03 gram_schmidt: Orthonormalizing vector 2 again
17:03 gram_schmidt: Orthonormalizing vector 3 again
17:03 gram_schmidt: Orthonormalizing vector 4 again
17:03 gram_schmidt: Orthonormalizing vector 5 again
17:03 gram_schmidt: Orthonormalizing vector 1 again
17:03 gram_schmidt: Orthonormalizing vector 2 again
17:03 gram_schmidt: Orthonormalizing vector 3 again
17:03 gram_schmidt: Orthonormalizing vector 4 again
17:03 gram_schmidt: Orthonormalizing vector 5 again
</system-err></testcase><testcase classname="src.pymortests.algorithms.gram_schmidt" file="src/pymortests/algorithms/gram_schmidt.py" line="26" name="test_gram_schmidt_with_product[&lt;lambda&gt;22]" time="0.03634238243103027"><system-err>17:03 DiffusionOperatorP1: Calulate gradients of shape functions transformed by reference map ...
17:03 DiffusionOperatorP1: Calculate all local scalar products beween gradients ...
17:03 DiffusionOperatorP1: Determine global dofs ...
17:03 DiffusionOperatorP1: Boundary treatment ...
17:03 DiffusionOperatorP1: Assemble system matrix ...
17:03 DiffusionOperatorP1: Calulate gradients of shape functions transformed by reference map ...
17:03 DiffusionOperatorP1: Calculate all local scalar products beween gradients ...
17:03 DiffusionOperatorP1: Determine global dofs ...
17:03 DiffusionOperatorP1: Boundary treatment ...
17:03 DiffusionOperatorP1: Assemble system matrix ...
17:03 DiffusionOperatorP1: Calulate gradients of shape functions transformed by reference map ...
17:03 DiffusionOperatorP1: Calculate all local scalar products beween gradients ...
17:03 DiffusionOperatorP1: Determine global dofs ...
17:03 DiffusionOperatorP1: Boundary treatment ...
17:03 DiffusionOperatorP1: Assemble system matrix ...
17:03 DiffusionOperatorP1: Calulate gradients of shape functions transformed by reference map ...
17:03 DiffusionOperatorP1: Calculate all local scalar products beween gradients ...
17:03 DiffusionOperatorP1: Determine global dofs ...
17:03 DiffusionOperatorP1: Boundary treatment ...
17:03 DiffusionOperatorP1: Assemble system matrix ...
17:03 DiffusionOperatorP1: Calulate gradients of shape functions transformed by reference map ...
17:03 DiffusionOperatorP1: Calculate all local scalar products beween gradients ...
17:03 DiffusionOperatorP1: Determine global dofs ...
17:03 DiffusionOperatorP1: Boundary treatment ...
17:03 DiffusionOperatorP1: Assemble system matrix ...
17:03 L2ProductP1: Integrate the products of the shape functions on each element
17:03 L2ProductP1: Determine global dofs ...
17:03 L2ProductP1: Boundary treatment ...
17:03 L2ProductP1: Assemble system matrix ...
17:03 DiffusionOperatorP1: Calulate gradients of shape functions transformed by reference map ...
17:03 DiffusionOperatorP1: Calculate all local scalar products beween gradients ...
17:03 DiffusionOperatorP1: Determine global dofs ...
17:03 DiffusionOperatorP1: Boundary treatment ...
17:03 DiffusionOperatorP1: Assemble system matrix ...
17:03 L2ProductP1: Integrate the products of the shape functions on each element
17:03 L2ProductP1: Determine global dofs ...
17:03 L2ProductP1: Boundary treatment ...
17:03 L2ProductP1: Assemble system matrix ...
17:03 DiffusionOperatorP1: Calulate gradients of shape functions transformed by reference map ...
17:03 DiffusionOperatorP1: Calculate all local scalar products beween gradients ...
17:03 DiffusionOperatorP1: Determine global dofs ...
17:03 DiffusionOperatorP1: Boundary treatment ...
17:03 DiffusionOperatorP1: Assemble system matrix ...
17:03 gram_schmidt: Orthonormalizing vector 3 again
17:03 gram_schmidt: Orthonormalizing vector 4 again
17:03 gram_schmidt: Orthonormalizing vector 3 again
17:03 gram_schmidt: Orthonormalizing vector 4 again
</system-err></testcase><testcase classname="src.pymortests.algorithms.gram_schmidt" file="src/pymortests/algorithms/gram_schmidt.py" line="26" name="test_gram_schmidt_with_product[&lt;lambda&gt;23]" time="0.03377032279968262"><system-err>17:03 DiffusionOperatorP1: Calulate gradients of shape functions transformed by reference map ...
17:03 DiffusionOperatorP1: Calculate all local scalar products beween gradients ...
17:03 DiffusionOperatorP1: Determine global dofs ...
17:03 DiffusionOperatorP1: Boundary treatment ...
17:03 DiffusionOperatorP1: Assemble system matrix ...
17:03 DiffusionOperatorP1: Calulate gradients of shape functions transformed by reference map ...
17:03 DiffusionOperatorP1: Calculate all local scalar products beween gradients ...
17:03 DiffusionOperatorP1: Determine global dofs ...
17:03 DiffusionOperatorP1: Boundary treatment ...
17:03 DiffusionOperatorP1: Assemble system matrix ...
17:03 L2ProductP1: Integrate the products of the shape functions on each element
17:03 L2ProductP1: Determine global dofs ...
17:03 L2ProductP1: Boundary treatment ...
17:03 L2ProductP1: Assemble system matrix ...
17:03 DiffusionOperatorP1: Calulate gradients of shape functions transformed by reference map ...
17:03 DiffusionOperatorP1: Calculate all local scalar products beween gradients ...
17:03 DiffusionOperatorP1: Determine global dofs ...
17:03 DiffusionOperatorP1: Boundary treatment ...
17:03 DiffusionOperatorP1: Assemble system matrix ...
17:03 L2ProductP1: Integrate the products of the shape functions on each element
17:03 L2ProductP1: Determine global dofs ...
17:03 L2ProductP1: Boundary treatment ...
17:03 L2ProductP1: Assemble system matrix ...
17:03 DiffusionOperatorP1: Calulate gradients of shape functions transformed by reference map ...
17:03 DiffusionOperatorP1: Calculate all local scalar products beween gradients ...
17:03 DiffusionOperatorP1: Determine global dofs ...
17:03 DiffusionOperatorP1: Boundary treatment ...
17:03 DiffusionOperatorP1: Assemble system matrix ...
17:03 gram_schmidt: Orthonormalizing vector 1 again
17:03 gram_schmidt: Orthonormalizing vector 2 again
17:03 gram_schmidt: Orthonormalizing vector 3 again
17:03 gram_schmidt: Orthonormalizing vector 4 again
17:03 gram_schmidt: Orthonormalizing vector 1 again
17:03 gram_schmidt: Orthonormalizing vector 2 again
17:03 gram_schmidt: Orthonormalizing vector 3 again
17:03 gram_schmidt: Orthonormalizing vector 4 again
</system-err></testcase><testcase classname="src.pymortests.algorithms.gram_schmidt" file="src/pymortests/algorithms/gram_schmidt.py" line="26" name="test_gram_schmidt_with_product[&lt;lambda&gt;24]" time="0.009840726852416992"><system-err>17:03 gram_schmidt: Orthonormalizing vector 1 again
17:03 gram_schmidt: Orthonormalizing vector 2 again
17:03 gram_schmidt: Orthonormalizing vector 3 again
17:03 gram_schmidt: Orthonormalizing vector 1 again
17:03 gram_schmidt: Orthonormalizing vector 2 again
17:03 gram_schmidt: Orthonormalizing vector 3 again
</system-err></testcase><testcase classname="src.pymortests.algorithms.gram_schmidt" file="src/pymortests/algorithms/gram_schmidt.py" line="26" name="test_gram_schmidt_with_product[&lt;lambda&gt;25]" time="0.009519338607788086"><system-err>17:03 gram_schmidt: Orthonormalizing vector 1 again
17:03 gram_schmidt: Orthonormalizing vector 2 again
17:03 gram_schmidt: Orthonormalizing vector 3 again
17:03 gram_schmidt: Orthonormalizing vector 1 again
17:03 gram_schmidt: Orthonormalizing vector 2 again
17:03 gram_schmidt: Orthonormalizing vector 3 again
</system-err></testcase><testcase classname="src.pymortests.algorithms.gram_schmidt" file="src/pymortests/algorithms/gram_schmidt.py" line="26" name="test_gram_schmidt_with_product[&lt;lambda&gt;26]" time="0.008948326110839844"><system-err>17:03 gram_schmidt: Orthonormalizing vector 1 again
17:03 gram_schmidt: Orthonormalizing vector 2 again
17:03 gram_schmidt: Orthonormalizing vector 3 again
17:03 gram_schmidt: Orthonormalizing vector 1 again
17:03 gram_schmidt: Orthonormalizing vector 2 again
17:03 gram_schmidt: Orthonormalizing vector 3 again
</system-err></testcase><testcase classname="src.pymortests.algorithms.gram_schmidt" file="src/pymortests/algorithms/gram_schmidt.py" line="26" name="test_gram_schmidt_with_product[&lt;lambda&gt;27]" time="0.005249977111816406"></testcase><testcase classname="src.pymortests.algorithms.gram_schmidt" file="src/pymortests/algorithms/gram_schmidt.py" line="26" name="test_gram_schmidt_with_product[&lt;lambda&gt;28]" time="0.006457090377807617"><system-err>17:03 gram_schmidt: Orthonormalizing vector 1 again
17:03 gram_schmidt: Orthonormalizing vector 2 again
17:03 gram_schmidt: Orthonormalizing vector 1 again
17:03 gram_schmidt: Orthonormalizing vector 2 again
</system-err></testcase><testcase classname="src.pymortests.algorithms.gram_schmidt" file="src/pymortests/algorithms/gram_schmidt.py" line="26" name="test_gram_schmidt_with_product[&lt;lambda&gt;29]" time="0.006033420562744141"><system-err>17:03 gram_schmidt: Orthonormalizing vector 1 again
17:03 gram_schmidt: Orthonormalizing vector 2 again
17:03 gram_schmidt: Orthonormalizing vector 1 again
17:03 gram_schmidt: Orthonormalizing vector 2 again
</system-err></testcase><testcase classname="src.pymortests.algorithms.gram_schmidt" file="src/pymortests/algorithms/gram_schmidt.py" line="26" name="test_gram_schmidt_with_product[&lt;lambda&gt;30]" time="0.005626201629638672"><system-err>17:03 gram_schmidt: Orthonormalizing vector 1 again
17:03 gram_schmidt: Orthonormalizing vector 2 again
17:03 gram_schmidt: Orthonormalizing vector 1 again
17:03 gram_schmidt: Orthonormalizing vector 2 again
</system-err></testcase><testcase classname="src.pymortests.algorithms.gram_schmidt" file="src/pymortests/algorithms/gram_schmidt.py" line="26" name="test_gram_schmidt_with_product[&lt;lambda&gt;31]" time="0.005952358245849609"><system-err>17:03 gram_schmidt: Orthonormalizing vector 1 again
17:03 gram_schmidt: Orthonormalizing vector 2 again
17:03 gram_schmidt: Orthonormalizing vector 1 again
17:03 gram_schmidt: Orthonormalizing vector 2 again
</system-err></testcase><testcase classname="src.pymortests.algorithms.gram_schmidt" file="src/pymortests/algorithms/gram_schmidt.py" line="26" name="test_gram_schmidt_with_product[&lt;lambda&gt;32]" time="0.020517349243164062"><system-err>17:03 gram_schmidt: Orthonormalizing vector 3 again
17:03 gram_schmidt: Orthonormalizing vector 3 again
</system-err></testcase><testcase classname="src.pymortests.algorithms.gram_schmidt" file="src/pymortests/algorithms/gram_schmidt.py" line="26" name="test_gram_schmidt_with_product[&lt;lambda&gt;33]" time="0.01667499542236328"><system-err>17:03 gram_schmidt: Orthonormalizing vector 3 again
17:03 gram_schmidt: Orthonormalizing vector 3 again
</system-err></testcase><testcase classname="src.pymortests.algorithms.gram_schmidt" file="src/pymortests/algorithms/gram_schmidt.py" line="26" name="test_gram_schmidt_with_product[&lt;lambda&gt;34]" time="0.009907245635986328"><system-err>17:03 gram_schmidt: Orthonormalizing vector 1 again
17:03 gram_schmidt: Orthonormalizing vector 2 again
17:03 gram_schmidt: Orthonormalizing vector 3 again
17:03 gram_schmidt: Orthonormalizing vector 1 again
17:03 gram_schmidt: Orthonormalizing vector 2 again
17:03 gram_schmidt: Orthonormalizing vector 3 again
</system-err></testcase><testcase classname="src.pymortests.algorithms.gram_schmidt" file="src/pymortests/algorithms/gram_schmidt.py" line="26" name="test_gram_schmidt_with_product[&lt;lambda&gt;35]" time="0.018355369567871094"><system-err>17:03 gram_schmidt: Orthonormalizing vector 2 again
17:03 gram_schmidt: Orthonormalizing vector 3 again
17:03 gram_schmidt: Orthonormalizing vector 2 again
17:03 gram_schmidt: Orthonormalizing vector 3 again
</system-err></testcase><testcase classname="src.pymortests.algorithms.gram_schmidt" file="src/pymortests/algorithms/gram_schmidt.py" line="26" name="test_gram_schmidt_with_product[&lt;lambda&gt;36]" time="0.009749650955200195"><system-err>17:03 gram_schmidt: Orthonormalizing vector 1 again
17:03 gram_schmidt: Orthonormalizing vector 2 again
17:03 gram_schmidt: Orthonormalizing vector 3 again
17:03 gram_schmidt: Orthonormalizing vector 1 again
17:03 gram_schmidt: Orthonormalizing vector 2 again
17:03 gram_schmidt: Orthonormalizing vector 3 again
</system-err></testcase><testcase classname="src.pymortests.algorithms.gram_schmidt" file="src/pymortests/algorithms/gram_schmidt.py" line="40" name="test_gram_schmidt_biorth[0-&lt;lambda&gt;0]" time="0.001638650894165039"></testcase><testcase classname="src.pymortests.algorithms.gram_schmidt" file="src/pymortests/algorithms/gram_schmidt.py" line="40" name="test_gram_schmidt_biorth[0-&lt;lambda&gt;1]" time="0.0012814998626708984"></testcase><testcase classname="src.pymortests.algorithms.gram_schmidt" file="src/pymortests/algorithms/gram_schmidt.py" line="40" name="test_gram_schmidt_biorth[0-&lt;lambda&gt;2]" time="0.0011348724365234375"></testcase><testcase classname="src.pymortests.algorithms.gram_schmidt" file="src/pymortests/algorithms/gram_schmidt.py" line="40" name="test_gram_schmidt_biorth[0-&lt;lambda&gt;3]" time="0.06056833267211914"></testcase><testcase classname="src.pymortests.algorithms.gram_schmidt" file="src/pymortests/algorithms/gram_schmidt.py" line="40" name="test_gram_schmidt_biorth[0-&lt;lambda&gt;4]" time="0.0016942024230957031"></testcase><testcase classname="src.pymortests.algorithms.gram_schmidt" file="src/pymortests/algorithms/gram_schmidt.py" line="40" name="test_gram_schmidt_biorth[0-&lt;lambda&gt;5]" time="0.0012867450714111328"></testcase><testcase classname="src.pymortests.algorithms.gram_schmidt" file="src/pymortests/algorithms/gram_schmidt.py" line="40" name="test_gram_schmidt_biorth[0-&lt;lambda&gt;6]" time="0.0012094974517822266"></testcase><testcase classname="src.pymortests.algorithms.gram_schmidt" file="src/pymortests/algorithms/gram_schmidt.py" line="40" name="test_gram_schmidt_biorth[0-&lt;lambda&gt;7]" time="0.0011858940124511719"></testcase><testcase classname="src.pymortests.algorithms.gram_schmidt" file="src/pymortests/algorithms/gram_schmidt.py" line="40" name="test_gram_schmidt_biorth[0-&lt;lambda&gt;8]" time="0.11220407485961914"></testcase><testcase classname="src.pymortests.algorithms.gram_schmidt" file="src/pymortests/algorithms/gram_schmidt.py" line="40" name="test_gram_schmidt_biorth[0-&lt;lambda&gt;9]" time="0.0023088455200195312"></testcase><testcase classname="src.pymortests.algorithms.gram_schmidt" file="src/pymortests/algorithms/gram_schmidt.py" line="40" name="test_gram_schmidt_biorth[0-&lt;lambda&gt;10]" time="0.0013289451599121094"></testcase><testcase classname="src.pymortests.algorithms.gram_schmidt" file="src/pymortests/algorithms/gram_schmidt.py" line="40" name="test_gram_schmidt_biorth[0-&lt;lambda&gt;11]" time="0.006207466125488281"></testcase><testcase classname="src.pymortests.algorithms.gram_schmidt" file="src/pymortests/algorithms/gram_schmidt.py" line="40" name="test_gram_schmidt_biorth[0-&lt;lambda&gt;12]" time="0.001344442367553711"></testcase><testcase classname="src.pymortests.algorithms.gram_schmidt" file="src/pymortests/algorithms/gram_schmidt.py" line="40" name="test_gram_schmidt_biorth[0-&lt;lambda&gt;13]" time="0.001230001449584961"></testcase><testcase classname="src.pymortests.algorithms.gram_schmidt" file="src/pymortests/algorithms/gram_schmidt.py" line="40" name="test_gram_schmidt_biorth[0-&lt;lambda&gt;14]" time="0.004471778869628906"></testcase><testcase classname="src.pymortests.algorithms.gram_schmidt" file="src/pymortests/algorithms/gram_schmidt.py" line="40" name="test_gram_schmidt_biorth[0-&lt;lambda&gt;15]" time="0.22177934646606445"></testcase><testcase classname="src.pymortests.algorithms.gram_schmidt" file="src/pymortests/algorithms/gram_schmidt.py" line="40" name="test_gram_schmidt_biorth[0-&lt;lambda&gt;16]" time="0.008507490158081055"></testcase><testcase classname="src.pymortests.algorithms.gram_schmidt" file="src/pymortests/algorithms/gram_schmidt.py" line="40" name="test_gram_schmidt_biorth[0-&lt;lambda&gt;17]" time="0.0021419525146484375"></testcase><testcase classname="src.pymortests.algorithms.gram_schmidt" file="src/pymortests/algorithms/gram_schmidt.py" line="40" name="test_gram_schmidt_biorth[0-&lt;lambda&gt;18]" time="0.0019173622131347656"></testcase><testcase classname="src.pymortests.algorithms.gram_schmidt" file="src/pymortests/algorithms/gram_schmidt.py" line="40" name="test_gram_schmidt_biorth[0-&lt;lambda&gt;19]" time="0.003272533416748047"></testcase><testcase classname="src.pymortests.algorithms.gram_schmidt" file="src/pymortests/algorithms/gram_schmidt.py" line="40" name="test_gram_schmidt_biorth[0-&lt;lambda&gt;20]" time="0.1515641212463379"></testcase><testcase classname="src.pymortests.algorithms.gram_schmidt" file="src/pymortests/algorithms/gram_schmidt.py" line="40" name="test_gram_schmidt_biorth[0-&lt;lambda&gt;21]" time="0.765857458114624"></testcase><testcase classname="src.pymortests.algorithms.gram_schmidt" file="src/pymortests/algorithms/gram_schmidt.py" line="40" name="test_gram_schmidt_biorth[0-&lt;lambda&gt;22]" time="0.0017287731170654297"></testcase><testcase classname="src.pymortests.algorithms.gram_schmidt" file="src/pymortests/algorithms/gram_schmidt.py" line="40" name="test_gram_schmidt_biorth[0-&lt;lambda&gt;23]" time="0.0012362003326416016"></testcase><testcase classname="src.pymortests.algorithms.gram_schmidt" file="src/pymortests/algorithms/gram_schmidt.py" line="40" name="test_gram_schmidt_biorth[0-&lt;lambda&gt;24]" time="0.002213001251220703"></testcase><testcase classname="src.pymortests.algorithms.gram_schmidt" file="src/pymortests/algorithms/gram_schmidt.py" line="40" name="test_gram_schmidt_biorth[0-&lt;lambda&gt;25]" time="0.3079829216003418"></testcase><testcase classname="src.pymortests.algorithms.gram_schmidt" file="src/pymortests/algorithms/gram_schmidt.py" line="40" name="test_gram_schmidt_biorth[0-&lt;lambda&gt;26]" time="0.056682586669921875"></testcase><testcase classname="src.pymortests.algorithms.gram_schmidt" file="src/pymortests/algorithms/gram_schmidt.py" line="40" name="test_gram_schmidt_biorth[1-&lt;lambda&gt;0]" time="0.0018939971923828125"></testcase><testcase classname="src.pymortests.algorithms.gram_schmidt" file="src/pymortests/algorithms/gram_schmidt.py" line="40" name="test_gram_schmidt_biorth[1-&lt;lambda&gt;1]" time="0.0013813972473144531"></testcase><testcase classname="src.pymortests.algorithms.gram_schmidt" file="src/pymortests/algorithms/gram_schmidt.py" line="40" name="test_gram_schmidt_biorth[1-&lt;lambda&gt;2]" time="0.0011603832244873047"></testcase><testcase classname="src.pymortests.algorithms.gram_schmidt" file="src/pymortests/algorithms/gram_schmidt.py" line="40" name="test_gram_schmidt_biorth[1-&lt;lambda&gt;3]" time="0.059030771255493164"></testcase><testcase classname="src.pymortests.algorithms.gram_schmidt" file="src/pymortests/algorithms/gram_schmidt.py" line="40" name="test_gram_schmidt_biorth[1-&lt;lambda&gt;4]" time="0.0017261505126953125"></testcase><testcase classname="src.pymortests.algorithms.gram_schmidt" file="src/pymortests/algorithms/gram_schmidt.py" line="40" name="test_gram_schmidt_biorth[1-&lt;lambda&gt;5]" time="0.0012345314025878906"></testcase><testcase classname="src.pymortests.algorithms.gram_schmidt" file="src/pymortests/algorithms/gram_schmidt.py" line="40" name="test_gram_schmidt_biorth[1-&lt;lambda&gt;6]" time="0.0011970996856689453"></testcase><testcase classname="src.pymortests.algorithms.gram_schmidt" file="src/pymortests/algorithms/gram_schmidt.py" line="40" name="test_gram_schmidt_biorth[1-&lt;lambda&gt;7]" time="0.0011174678802490234"></testcase><testcase classname="src.pymortests.algorithms.gram_schmidt" file="src/pymortests/algorithms/gram_schmidt.py" line="40" name="test_gram_schmidt_biorth[1-&lt;lambda&gt;8]" time="0.11050152778625488"></testcase><testcase classname="src.pymortests.algorithms.gram_schmidt" file="src/pymortests/algorithms/gram_schmidt.py" line="40" name="test_gram_schmidt_biorth[1-&lt;lambda&gt;9]" time="0.002803325653076172"></testcase><testcase classname="src.pymortests.algorithms.gram_schmidt" file="src/pymortests/algorithms/gram_schmidt.py" line="40" name="test_gram_schmidt_biorth[1-&lt;lambda&gt;10]" time="0.0013701915740966797"></testcase><testcase classname="src.pymortests.algorithms.gram_schmidt" file="src/pymortests/algorithms/gram_schmidt.py" line="40" name="test_gram_schmidt_biorth[1-&lt;lambda&gt;11]" time="0.006037235260009766"></testcase><testcase classname="src.pymortests.algorithms.gram_schmidt" file="src/pymortests/algorithms/gram_schmidt.py" line="40" name="test_gram_schmidt_biorth[1-&lt;lambda&gt;12]" time="0.0013079643249511719"></testcase><testcase classname="src.pymortests.algorithms.gram_schmidt" file="src/pymortests/algorithms/gram_schmidt.py" line="40" name="test_gram_schmidt_biorth[1-&lt;lambda&gt;13]" time="0.0012447834014892578"></testcase><testcase classname="src.pymortests.algorithms.gram_schmidt" file="src/pymortests/algorithms/gram_schmidt.py" line="40" name="test_gram_schmidt_biorth[1-&lt;lambda&gt;14]" time="0.004330635070800781"></testcase><testcase classname="src.pymortests.algorithms.gram_schmidt" file="src/pymortests/algorithms/gram_schmidt.py" line="40" name="test_gram_schmidt_biorth[1-&lt;lambda&gt;15]" time="0.21565890312194824"></testcase><testcase classname="src.pymortests.algorithms.gram_schmidt" file="src/pymortests/algorithms/gram_schmidt.py" line="40" name="test_gram_schmidt_biorth[1-&lt;lambda&gt;16]" time="0.008678197860717773"></testcase><testcase classname="src.pymortests.algorithms.gram_schmidt" file="src/pymortests/algorithms/gram_schmidt.py" line="40" name="test_gram_schmidt_biorth[1-&lt;lambda&gt;17]" time="0.002182483673095703"></testcase><testcase classname="src.pymortests.algorithms.gram_schmidt" file="src/pymortests/algorithms/gram_schmidt.py" line="40" name="test_gram_schmidt_biorth[1-&lt;lambda&gt;18]" time="0.0019378662109375"></testcase><testcase classname="src.pymortests.algorithms.gram_schmidt" file="src/pymortests/algorithms/gram_schmidt.py" line="40" name="test_gram_schmidt_biorth[1-&lt;lambda&gt;19]" time="0.0033669471740722656"></testcase><testcase classname="src.pymortests.algorithms.gram_schmidt" file="src/pymortests/algorithms/gram_schmidt.py" line="40" name="test_gram_schmidt_biorth[1-&lt;lambda&gt;20]" time="0.1500225067138672"></testcase><testcase classname="src.pymortests.algorithms.gram_schmidt" file="src/pymortests/algorithms/gram_schmidt.py" line="40" name="test_gram_schmidt_biorth[1-&lt;lambda&gt;21]" time="0.7517764568328857"></testcase><testcase classname="src.pymortests.algorithms.gram_schmidt" file="src/pymortests/algorithms/gram_schmidt.py" line="40" name="test_gram_schmidt_biorth[1-&lt;lambda&gt;22]" time="0.0017087459564208984"></testcase><testcase classname="src.pymortests.algorithms.gram_schmidt" file="src/pymortests/algorithms/gram_schmidt.py" line="40" name="test_gram_schmidt_biorth[1-&lt;lambda&gt;23]" time="0.0011637210845947266"></testcase><testcase classname="src.pymortests.algorithms.gram_schmidt" file="src/pymortests/algorithms/gram_schmidt.py" line="40" name="test_gram_schmidt_biorth[1-&lt;lambda&gt;24]" time="0.0021610260009765625"></testcase><testcase classname="src.pymortests.algorithms.gram_schmidt" file="src/pymortests/algorithms/gram_schmidt.py" line="40" name="test_gram_schmidt_biorth[1-&lt;lambda&gt;25]" time="0.29869508743286133"></testcase><testcase classname="src.pymortests.algorithms.gram_schmidt" file="src/pymortests/algorithms/gram_schmidt.py" line="40" name="test_gram_schmidt_biorth[1-&lt;lambda&gt;26]" time="0.05409741401672363"></testcase><testcase classname="src.pymortests.algorithms.gram_schmidt" file="src/pymortests/algorithms/gram_schmidt.py" line="40" name="test_gram_schmidt_biorth[2-&lt;lambda&gt;0]" time="0.001695871353149414"></testcase><testcase classname="src.pymortests.algorithms.gram_schmidt" file="src/pymortests/algorithms/gram_schmidt.py" line="40" name="test_gram_schmidt_biorth[2-&lt;lambda&gt;1]" time="0.0012526512145996094"></testcase><testcase classname="src.pymortests.algorithms.gram_schmidt" file="src/pymortests/algorithms/gram_schmidt.py" line="40" name="test_gram_schmidt_biorth[2-&lt;lambda&gt;2]" time="0.0011374950408935547"></testcase><testcase classname="src.pymortests.algorithms.gram_schmidt" file="src/pymortests/algorithms/gram_schmidt.py" line="40" name="test_gram_schmidt_biorth[2-&lt;lambda&gt;3]" time="0.05946707725524902"></testcase><testcase classname="src.pymortests.algorithms.gram_schmidt" file="src/pymortests/algorithms/gram_schmidt.py" line="40" name="test_gram_schmidt_biorth[2-&lt;lambda&gt;4]" time="0.0018172264099121094"></testcase><testcase classname="src.pymortests.algorithms.gram_schmidt" file="src/pymortests/algorithms/gram_schmidt.py" line="40" name="test_gram_schmidt_biorth[2-&lt;lambda&gt;5]" time="0.0012786388397216797"></testcase><testcase classname="src.pymortests.algorithms.gram_schmidt" file="src/pymortests/algorithms/gram_schmidt.py" line="40" name="test_gram_schmidt_biorth[2-&lt;lambda&gt;6]" time="0.0013303756713867188"></testcase><testcase classname="src.pymortests.algorithms.gram_schmidt" file="src/pymortests/algorithms/gram_schmidt.py" line="40" name="test_gram_schmidt_biorth[2-&lt;lambda&gt;7]" time="0.0012416839599609375"></testcase><testcase classname="src.pymortests.algorithms.gram_schmidt" file="src/pymortests/algorithms/gram_schmidt.py" line="40" name="test_gram_schmidt_biorth[2-&lt;lambda&gt;8]" time="0.11290907859802246"></testcase><testcase classname="src.pymortests.algorithms.gram_schmidt" file="src/pymortests/algorithms/gram_schmidt.py" line="40" name="test_gram_schmidt_biorth[2-&lt;lambda&gt;9]" time="0.0028333663940429688"></testcase><testcase classname="src.pymortests.algorithms.gram_schmidt" file="src/pymortests/algorithms/gram_schmidt.py" line="40" name="test_gram_schmidt_biorth[2-&lt;lambda&gt;10]" time="0.0014047622680664062"></testcase><testcase classname="src.pymortests.algorithms.gram_schmidt" file="src/pymortests/algorithms/gram_schmidt.py" line="40" name="test_gram_schmidt_biorth[2-&lt;lambda&gt;11]" time="0.006221294403076172"></testcase><testcase classname="src.pymortests.algorithms.gram_schmidt" file="src/pymortests/algorithms/gram_schmidt.py" line="40" name="test_gram_schmidt_biorth[2-&lt;lambda&gt;12]" time="0.001251220703125"></testcase><testcase classname="src.pymortests.algorithms.gram_schmidt" file="src/pymortests/algorithms/gram_schmidt.py" line="40" name="test_gram_schmidt_biorth[2-&lt;lambda&gt;13]" time="0.0012094974517822266"></testcase><testcase classname="src.pymortests.algorithms.gram_schmidt" file="src/pymortests/algorithms/gram_schmidt.py" line="40" name="test_gram_schmidt_biorth[2-&lt;lambda&gt;14]" time="0.0042994022369384766"></testcase><testcase classname="src.pymortests.algorithms.gram_schmidt" file="src/pymortests/algorithms/gram_schmidt.py" line="40" name="test_gram_schmidt_biorth[2-&lt;lambda&gt;15]" time="0.21824216842651367"></testcase><testcase classname="src.pymortests.algorithms.gram_schmidt" file="src/pymortests/algorithms/gram_schmidt.py" line="40" name="test_gram_schmidt_biorth[2-&lt;lambda&gt;16]" time="0.008512735366821289"></testcase><testcase classname="src.pymortests.algorithms.gram_schmidt" file="src/pymortests/algorithms/gram_schmidt.py" line="40" name="test_gram_schmidt_biorth[2-&lt;lambda&gt;17]" time="0.0021135807037353516"></testcase><testcase classname="src.pymortests.algorithms.gram_schmidt" file="src/pymortests/algorithms/gram_schmidt.py" line="40" name="test_gram_schmidt_biorth[2-&lt;lambda&gt;18]" time="0.0019233226776123047"></testcase><testcase classname="src.pymortests.algorithms.gram_schmidt" file="src/pymortests/algorithms/gram_schmidt.py" line="40" name="test_gram_schmidt_biorth[2-&lt;lambda&gt;19]" time="0.0038433074951171875"></testcase><testcase classname="src.pymortests.algorithms.gram_schmidt" file="src/pymortests/algorithms/gram_schmidt.py" line="40" name="test_gram_schmidt_biorth[2-&lt;lambda&gt;20]" time="0.14630722999572754"></testcase><testcase classname="src.pymortests.algorithms.gram_schmidt" file="src/pymortests/algorithms/gram_schmidt.py" line="40" name="test_gram_schmidt_biorth[2-&lt;lambda&gt;21]" time="0.7625634670257568"></testcase><testcase classname="src.pymortests.algorithms.gram_schmidt" file="src/pymortests/algorithms/gram_schmidt.py" line="40" name="test_gram_schmidt_biorth[2-&lt;lambda&gt;22]" time="0.0018417835235595703"></testcase><testcase classname="src.pymortests.algorithms.gram_schmidt" file="src/pymortests/algorithms/gram_schmidt.py" line="40" name="test_gram_schmidt_biorth[2-&lt;lambda&gt;23]" time="0.001173257827758789"></testcase><testcase classname="src.pymortests.algorithms.gram_schmidt" file="src/pymortests/algorithms/gram_schmidt.py" line="40" name="test_gram_schmidt_biorth[2-&lt;lambda&gt;24]" time="0.002174854278564453"></testcase><testcase classname="src.pymortests.algorithms.gram_schmidt" file="src/pymortests/algorithms/gram_schmidt.py" line="40" name="test_gram_schmidt_biorth[2-&lt;lambda&gt;25]" time="0.29921865463256836"></testcase><testcase classname="src.pymortests.algorithms.gram_schmidt" file="src/pymortests/algorithms/gram_schmidt.py" line="40" name="test_gram_schmidt_biorth[2-&lt;lambda&gt;26]" time="0.05363321304321289"></testcase><testcase classname="src.pymortests.algorithms.gram_schmidt" file="src/pymortests/algorithms/gram_schmidt.py" line="68" name="test_gram_schmidt_biorth_with_product[&lt;lambda&gt;0]" time="0.03383016586303711"><system-err>17:09 DiffusionOperatorP1: Calulate gradients of shape functions transformed by reference map ...
17:09 DiffusionOperatorP1: Calculate all local scalar products beween gradients ...
17:09 DiffusionOperatorP1: Determine global dofs ...
17:09 DiffusionOperatorP1: Boundary treatment ...
17:09 DiffusionOperatorP1: Assemble system matrix ...
17:09 DiffusionOperatorP1: Calulate gradients of shape functions transformed by reference map ...
17:09 DiffusionOperatorP1: Calculate all local scalar products beween gradients ...
17:09 DiffusionOperatorP1: Determine global dofs ...
17:09 DiffusionOperatorP1: Boundary treatment ...
17:09 DiffusionOperatorP1: Assemble system matrix ...
17:09 DiffusionOperatorP1: Calulate gradients of shape functions transformed by reference map ...
17:09 DiffusionOperatorP1: Calculate all local scalar products beween gradients ...
17:09 DiffusionOperatorP1: Determine global dofs ...
17:09 DiffusionOperatorP1: Boundary treatment ...
17:09 DiffusionOperatorP1: Assemble system matrix ...
17:09 DiffusionOperatorP1: Calulate gradients of shape functions transformed by reference map ...
17:09 DiffusionOperatorP1: Calculate all local scalar products beween gradients ...
17:09 DiffusionOperatorP1: Determine global dofs ...
17:09 DiffusionOperatorP1: Boundary treatment ...
17:09 DiffusionOperatorP1: Assemble system matrix ...
17:09 DiffusionOperatorP1: Calulate gradients of shape functions transformed by reference map ...
17:09 DiffusionOperatorP1: Calculate all local scalar products beween gradients ...
17:09 DiffusionOperatorP1: Determine global dofs ...
17:09 DiffusionOperatorP1: Boundary treatment ...
17:09 DiffusionOperatorP1: Assemble system matrix ...
17:09 L2ProductP1: Integrate the products of the shape functions on each element
17:09 L2ProductP1: Determine global dofs ...
17:09 L2ProductP1: Boundary treatment ...
17:09 L2ProductP1: Assemble system matrix ...
17:09 DiffusionOperatorP1: Calulate gradients of shape functions transformed by reference map ...
17:09 DiffusionOperatorP1: Calculate all local scalar products beween gradients ...
17:09 DiffusionOperatorP1: Determine global dofs ...
17:09 DiffusionOperatorP1: Boundary treatment ...
17:09 DiffusionOperatorP1: Assemble system matrix ...
17:09 L2ProductP1: Integrate the products of the shape functions on each element
17:09 L2ProductP1: Determine global dofs ...
17:09 L2ProductP1: Boundary treatment ...
17:09 L2ProductP1: Assemble system matrix ...
17:09 DiffusionOperatorP1: Calulate gradients of shape functions transformed by reference map ...
17:09 DiffusionOperatorP1: Calculate all local scalar products beween gradients ...
17:09 DiffusionOperatorP1: Determine global dofs ...
17:09 DiffusionOperatorP1: Boundary treatment ...
17:09 DiffusionOperatorP1: Assemble system matrix ...
</system-err></testcase><testcase classname="src.pymortests.algorithms.gram_schmidt" file="src/pymortests/algorithms/gram_schmidt.py" line="68" name="test_gram_schmidt_biorth_with_product[&lt;lambda&gt;1]" time="0.029682397842407227"><system-err>17:09 DiffusionOperatorP1: Calulate gradients of shape functions transformed by reference map ...
17:09 DiffusionOperatorP1: Calculate all local scalar products beween gradients ...
17:09 DiffusionOperatorP1: Determine global dofs ...
17:09 DiffusionOperatorP1: Boundary treatment ...
17:09 DiffusionOperatorP1: Assemble system matrix ...
17:09 DiffusionOperatorP1: Calulate gradients of shape functions transformed by reference map ...
17:09 DiffusionOperatorP1: Calculate all local scalar products beween gradients ...
17:09 DiffusionOperatorP1: Determine global dofs ...
17:09 DiffusionOperatorP1: Boundary treatment ...
17:09 DiffusionOperatorP1: Assemble system matrix ...
17:09 L2ProductP1: Integrate the products of the shape functions on each element
17:09 L2ProductP1: Determine global dofs ...
17:09 L2ProductP1: Boundary treatment ...
17:09 L2ProductP1: Assemble system matrix ...
17:09 DiffusionOperatorP1: Calulate gradients of shape functions transformed by reference map ...
17:09 DiffusionOperatorP1: Calculate all local scalar products beween gradients ...
17:09 DiffusionOperatorP1: Determine global dofs ...
17:09 DiffusionOperatorP1: Boundary treatment ...
17:09 DiffusionOperatorP1: Assemble system matrix ...
17:09 L2ProductP1: Integrate the products of the shape functions on each element
17:09 L2ProductP1: Determine global dofs ...
17:09 L2ProductP1: Boundary treatment ...
17:09 L2ProductP1: Assemble system matrix ...
17:09 DiffusionOperatorP1: Calulate gradients of shape functions transformed by reference map ...
17:09 DiffusionOperatorP1: Calculate all local scalar products beween gradients ...
17:09 DiffusionOperatorP1: Determine global dofs ...
17:09 DiffusionOperatorP1: Boundary treatment ...
17:09 DiffusionOperatorP1: Assemble system matrix ...
17:09 gram_schmidt_biorth: Projecting vector V[1] again
17:09 gram_schmidt_biorth: Projecting vector W[1] again
17:09 gram_schmidt_biorth: Projecting vector V[1] again
17:09 gram_schmidt_biorth: Projecting vector W[1] again
</system-err></testcase><testcase classname="src.pymortests.algorithms.gram_schmidt" file="src/pymortests/algorithms/gram_schmidt.py" line="68" name="test_gram_schmidt_biorth_with_product[&lt;lambda&gt;2]" time="0.034245967864990234"><system-err>17:09 DiffusionOperatorP1: Calulate gradients of shape functions transformed by reference map ...
17:09 DiffusionOperatorP1: Calculate all local scalar products beween gradients ...
17:09 DiffusionOperatorP1: Determine global dofs ...
17:09 DiffusionOperatorP1: Boundary treatment ...
17:09 DiffusionOperatorP1: Assemble system matrix ...
17:09 DiffusionOperatorP1: Calulate gradients of shape functions transformed by reference map ...
17:09 DiffusionOperatorP1: Calculate all local scalar products beween gradients ...
17:09 DiffusionOperatorP1: Determine global dofs ...
17:09 DiffusionOperatorP1: Boundary treatment ...
17:09 DiffusionOperatorP1: Assemble system matrix ...
17:09 DiffusionOperatorP1: Calulate gradients of shape functions transformed by reference map ...
17:09 DiffusionOperatorP1: Calculate all local scalar products beween gradients ...
17:09 DiffusionOperatorP1: Determine global dofs ...
17:09 DiffusionOperatorP1: Boundary treatment ...
17:09 DiffusionOperatorP1: Assemble system matrix ...
17:09 DiffusionOperatorP1: Calulate gradients of shape functions transformed by reference map ...
17:09 DiffusionOperatorP1: Calculate all local scalar products beween gradients ...
17:09 DiffusionOperatorP1: Determine global dofs ...
17:09 DiffusionOperatorP1: Boundary treatment ...
17:09 DiffusionOperatorP1: Assemble system matrix ...
17:09 DiffusionOperatorP1: Calulate gradients of shape functions transformed by reference map ...
17:09 DiffusionOperatorP1: Calculate all local scalar products beween gradients ...
17:09 DiffusionOperatorP1: Determine global dofs ...
17:09 DiffusionOperatorP1: Boundary treatment ...
17:09 DiffusionOperatorP1: Assemble system matrix ...
17:09 L2ProductP1: Integrate the products of the shape functions on each element
17:09 L2ProductP1: Determine global dofs ...
17:09 L2ProductP1: Boundary treatment ...
17:09 L2ProductP1: Assemble system matrix ...
17:09 DiffusionOperatorP1: Calulate gradients of shape functions transformed by reference map ...
17:09 DiffusionOperatorP1: Calculate all local scalar products beween gradients ...
17:09 DiffusionOperatorP1: Determine global dofs ...
17:09 DiffusionOperatorP1: Boundary treatment ...
17:09 DiffusionOperatorP1: Assemble system matrix ...
17:09 L2ProductP1: Integrate the products of the shape functions on each element
17:09 L2ProductP1: Determine global dofs ...
17:09 L2ProductP1: Boundary treatment ...
17:09 L2ProductP1: Assemble system matrix ...
17:09 DiffusionOperatorP1: Calulate gradients of shape functions transformed by reference map ...
17:09 DiffusionOperatorP1: Calculate all local scalar products beween gradients ...
17:09 DiffusionOperatorP1: Determine global dofs ...
17:09 DiffusionOperatorP1: Boundary treatment ...
17:09 DiffusionOperatorP1: Assemble system matrix ...
</system-err></testcase><testcase classname="src.pymortests.algorithms.gram_schmidt" file="src/pymortests/algorithms/gram_schmidt.py" line="68" name="test_gram_schmidt_biorth_with_product[&lt;lambda&gt;3]" time="0.030292510986328125"><system-err>17:09 DiffusionOperatorP1: Calulate gradients of shape functions transformed by reference map ...
17:09 DiffusionOperatorP1: Calculate all local scalar products beween gradients ...
17:09 DiffusionOperatorP1: Determine global dofs ...
17:09 DiffusionOperatorP1: Boundary treatment ...
17:09 DiffusionOperatorP1: Assemble system matrix ...
17:09 DiffusionOperatorP1: Calulate gradients of shape functions transformed by reference map ...
17:09 DiffusionOperatorP1: Calculate all local scalar products beween gradients ...
17:09 DiffusionOperatorP1: Determine global dofs ...
17:09 DiffusionOperatorP1: Boundary treatment ...
17:09 DiffusionOperatorP1: Assemble system matrix ...
17:09 L2ProductP1: Integrate the products of the shape functions on each element
17:09 L2ProductP1: Determine global dofs ...
17:09 L2ProductP1: Boundary treatment ...
17:09 L2ProductP1: Assemble system matrix ...
17:09 DiffusionOperatorP1: Calulate gradients of shape functions transformed by reference map ...
17:09 DiffusionOperatorP1: Calculate all local scalar products beween gradients ...
17:09 DiffusionOperatorP1: Determine global dofs ...
17:09 DiffusionOperatorP1: Boundary treatment ...
17:09 DiffusionOperatorP1: Assemble system matrix ...
17:09 L2ProductP1: Integrate the products of the shape functions on each element
17:09 L2ProductP1: Determine global dofs ...
17:09 L2ProductP1: Boundary treatment ...
17:09 L2ProductP1: Assemble system matrix ...
17:09 DiffusionOperatorP1: Calulate gradients of shape functions transformed by reference map ...
17:09 DiffusionOperatorP1: Calculate all local scalar products beween gradients ...
17:09 DiffusionOperatorP1: Determine global dofs ...
17:09 DiffusionOperatorP1: Boundary treatment ...
17:09 DiffusionOperatorP1: Assemble system matrix ...
17:09 gram_schmidt_biorth: Projecting vector V[1] again
17:09 gram_schmidt_biorth: Projecting vector W[1] again
17:09 gram_schmidt_biorth: Projecting vector V[1] again
17:09 gram_schmidt_biorth: Projecting vector W[1] again
</system-err></testcase><testcase classname="src.pymortests.algorithms.gram_schmidt" file="src/pymortests/algorithms/gram_schmidt.py" line="68" name="test_gram_schmidt_biorth_with_product[&lt;lambda&gt;4]" time="0.033948421478271484"><system-err>17:09 DiffusionOperatorP1: Calulate gradients of shape functions transformed by reference map ...
17:09 DiffusionOperatorP1: Calculate all local scalar products beween gradients ...
17:09 DiffusionOperatorP1: Determine global dofs ...
17:09 DiffusionOperatorP1: Boundary treatment ...
17:09 DiffusionOperatorP1: Assemble system matrix ...
17:09 DiffusionOperatorP1: Calulate gradients of shape functions transformed by reference map ...
17:09 DiffusionOperatorP1: Calculate all local scalar products beween gradients ...
17:09 DiffusionOperatorP1: Determine global dofs ...
17:09 DiffusionOperatorP1: Boundary treatment ...
17:09 DiffusionOperatorP1: Assemble system matrix ...
17:09 DiffusionOperatorP1: Calulate gradients of shape functions transformed by reference map ...
17:09 DiffusionOperatorP1: Calculate all local scalar products beween gradients ...
17:09 DiffusionOperatorP1: Determine global dofs ...
17:09 DiffusionOperatorP1: Boundary treatment ...
17:09 DiffusionOperatorP1: Assemble system matrix ...
17:09 DiffusionOperatorP1: Calulate gradients of shape functions transformed by reference map ...
17:09 DiffusionOperatorP1: Calculate all local scalar products beween gradients ...
17:09 DiffusionOperatorP1: Determine global dofs ...
17:09 DiffusionOperatorP1: Boundary treatment ...
17:09 DiffusionOperatorP1: Assemble system matrix ...
17:09 DiffusionOperatorP1: Calulate gradients of shape functions transformed by reference map ...
17:09 DiffusionOperatorP1: Calculate all local scalar products beween gradients ...
17:09 DiffusionOperatorP1: Determine global dofs ...
17:09 DiffusionOperatorP1: Boundary treatment ...
17:09 DiffusionOperatorP1: Assemble system matrix ...
17:09 L2ProductP1: Integrate the products of the shape functions on each element
17:09 L2ProductP1: Determine global dofs ...
17:09 L2ProductP1: Boundary treatment ...
17:09 L2ProductP1: Assemble system matrix ...
17:09 DiffusionOperatorP1: Calulate gradients of shape functions transformed by reference map ...
17:09 DiffusionOperatorP1: Calculate all local scalar products beween gradients ...
17:09 DiffusionOperatorP1: Determine global dofs ...
17:09 DiffusionOperatorP1: Boundary treatment ...
17:09 DiffusionOperatorP1: Assemble system matrix ...
17:09 L2ProductP1: Integrate the products of the shape functions on each element
17:09 L2ProductP1: Determine global dofs ...
17:09 L2ProductP1: Boundary treatment ...
17:09 L2ProductP1: Assemble system matrix ...
17:09 DiffusionOperatorP1: Calulate gradients of shape functions transformed by reference map ...
17:09 DiffusionOperatorP1: Calculate all local scalar products beween gradients ...
17:09 DiffusionOperatorP1: Determine global dofs ...
17:09 DiffusionOperatorP1: Boundary treatment ...
17:09 DiffusionOperatorP1: Assemble system matrix ...
</system-err></testcase><testcase classname="src.pymortests.algorithms.gram_schmidt" file="src/pymortests/algorithms/gram_schmidt.py" line="68" name="test_gram_schmidt_biorth_with_product[&lt;lambda&gt;5]" time="0.0297243595123291"><system-err>17:09 DiffusionOperatorP1: Calulate gradients of shape functions transformed by reference map ...
17:09 DiffusionOperatorP1: Calculate all local scalar products beween gradients ...
17:09 DiffusionOperatorP1: Determine global dofs ...
17:09 DiffusionOperatorP1: Boundary treatment ...
17:09 DiffusionOperatorP1: Assemble system matrix ...
17:09 DiffusionOperatorP1: Calulate gradients of shape functions transformed by reference map ...
17:09 DiffusionOperatorP1: Calculate all local scalar products beween gradients ...
17:09 DiffusionOperatorP1: Determine global dofs ...
17:09 DiffusionOperatorP1: Boundary treatment ...
17:09 DiffusionOperatorP1: Assemble system matrix ...
17:09 L2ProductP1: Integrate the products of the shape functions on each element
17:09 L2ProductP1: Determine global dofs ...
17:09 L2ProductP1: Boundary treatment ...
17:09 L2ProductP1: Assemble system matrix ...
17:09 DiffusionOperatorP1: Calulate gradients of shape functions transformed by reference map ...
17:09 DiffusionOperatorP1: Calculate all local scalar products beween gradients ...
17:09 DiffusionOperatorP1: Determine global dofs ...
17:09 DiffusionOperatorP1: Boundary treatment ...
17:09 DiffusionOperatorP1: Assemble system matrix ...
17:09 L2ProductP1: Integrate the products of the shape functions on each element
17:09 L2ProductP1: Determine global dofs ...
17:09 L2ProductP1: Boundary treatment ...
17:09 L2ProductP1: Assemble system matrix ...
17:09 DiffusionOperatorP1: Calulate gradients of shape functions transformed by reference map ...
17:09 DiffusionOperatorP1: Calculate all local scalar products beween gradients ...
17:09 DiffusionOperatorP1: Determine global dofs ...
17:09 DiffusionOperatorP1: Boundary treatment ...
17:09 DiffusionOperatorP1: Assemble system matrix ...
17:09 gram_schmidt_biorth: Projecting vector V[1] again
17:09 gram_schmidt_biorth: Projecting vector W[1] again
17:09 gram_schmidt_biorth: Projecting vector V[1] again
17:09 gram_schmidt_biorth: Projecting vector W[1] again
</system-err></testcase><testcase classname="src.pymortests.algorithms.gram_schmidt" file="src/pymortests/algorithms/gram_schmidt.py" line="68" name="test_gram_schmidt_biorth_with_product[&lt;lambda&gt;6]" time="0.03417611122131348"><system-err>17:09 DiffusionOperatorP1: Calulate gradients of shape functions transformed by reference map ...
17:09 DiffusionOperatorP1: Calculate all local scalar products beween gradients ...
17:09 DiffusionOperatorP1: Determine global dofs ...
17:09 DiffusionOperatorP1: Boundary treatment ...
17:09 DiffusionOperatorP1: Assemble system matrix ...
17:09 DiffusionOperatorP1: Calulate gradients of shape functions transformed by reference map ...
17:09 DiffusionOperatorP1: Calculate all local scalar products beween gradients ...
17:09 DiffusionOperatorP1: Determine global dofs ...
17:09 DiffusionOperatorP1: Boundary treatment ...
17:09 DiffusionOperatorP1: Assemble system matrix ...
17:09 DiffusionOperatorP1: Calulate gradients of shape functions transformed by reference map ...
17:09 DiffusionOperatorP1: Calculate all local scalar products beween gradients ...
17:09 DiffusionOperatorP1: Determine global dofs ...
17:09 DiffusionOperatorP1: Boundary treatment ...
17:09 DiffusionOperatorP1: Assemble system matrix ...
17:09 DiffusionOperatorP1: Calulate gradients of shape functions transformed by reference map ...
17:09 DiffusionOperatorP1: Calculate all local scalar products beween gradients ...
17:09 DiffusionOperatorP1: Determine global dofs ...
17:09 DiffusionOperatorP1: Boundary treatment ...
17:09 DiffusionOperatorP1: Assemble system matrix ...
17:09 DiffusionOperatorP1: Calulate gradients of shape functions transformed by reference map ...
17:09 DiffusionOperatorP1: Calculate all local scalar products beween gradients ...
17:09 DiffusionOperatorP1: Determine global dofs ...
17:09 DiffusionOperatorP1: Boundary treatment ...
17:09 DiffusionOperatorP1: Assemble system matrix ...
17:09 L2ProductP1: Integrate the products of the shape functions on each element
17:09 L2ProductP1: Determine global dofs ...
17:09 L2ProductP1: Boundary treatment ...
17:09 L2ProductP1: Assemble system matrix ...
17:09 DiffusionOperatorP1: Calulate gradients of shape functions transformed by reference map ...
17:09 DiffusionOperatorP1: Calculate all local scalar products beween gradients ...
17:09 DiffusionOperatorP1: Determine global dofs ...
17:09 DiffusionOperatorP1: Boundary treatment ...
17:09 DiffusionOperatorP1: Assemble system matrix ...
17:09 L2ProductP1: Integrate the products of the shape functions on each element
17:09 L2ProductP1: Determine global dofs ...
17:09 L2ProductP1: Boundary treatment ...
17:09 L2ProductP1: Assemble system matrix ...
17:09 DiffusionOperatorP1: Calulate gradients of shape functions transformed by reference map ...
17:09 DiffusionOperatorP1: Calculate all local scalar products beween gradients ...
17:09 DiffusionOperatorP1: Determine global dofs ...
17:09 DiffusionOperatorP1: Boundary treatment ...
17:09 DiffusionOperatorP1: Assemble system matrix ...
</system-err></testcase><testcase classname="src.pymortests.algorithms.gram_schmidt" file="src/pymortests/algorithms/gram_schmidt.py" line="68" name="test_gram_schmidt_biorth_with_product[&lt;lambda&gt;7]" time="0.029030323028564453"><system-err>17:09 DiffusionOperatorP1: Calulate gradients of shape functions transformed by reference map ...
17:09 DiffusionOperatorP1: Calculate all local scalar products beween gradients ...
17:09 DiffusionOperatorP1: Determine global dofs ...
17:09 DiffusionOperatorP1: Boundary treatment ...
17:09 DiffusionOperatorP1: Assemble system matrix ...
17:09 DiffusionOperatorP1: Calulate gradients of shape functions transformed by reference map ...
17:09 DiffusionOperatorP1: Calculate all local scalar products beween gradients ...
17:09 DiffusionOperatorP1: Determine global dofs ...
17:09 DiffusionOperatorP1: Boundary treatment ...
17:09 DiffusionOperatorP1: Assemble system matrix ...
17:09 L2ProductP1: Integrate the products of the shape functions on each element
17:09 L2ProductP1: Determine global dofs ...
17:09 L2ProductP1: Boundary treatment ...
17:09 L2ProductP1: Assemble system matrix ...
17:09 DiffusionOperatorP1: Calulate gradients of shape functions transformed by reference map ...
17:09 DiffusionOperatorP1: Calculate all local scalar products beween gradients ...
17:09 DiffusionOperatorP1: Determine global dofs ...
17:09 DiffusionOperatorP1: Boundary treatment ...
17:09 DiffusionOperatorP1: Assemble system matrix ...
17:09 L2ProductP1: Integrate the products of the shape functions on each element
17:09 L2ProductP1: Determine global dofs ...
17:09 L2ProductP1: Boundary treatment ...
17:09 L2ProductP1: Assemble system matrix ...
17:09 DiffusionOperatorP1: Calulate gradients of shape functions transformed by reference map ...
17:09 DiffusionOperatorP1: Calculate all local scalar products beween gradients ...
17:09 DiffusionOperatorP1: Determine global dofs ...
17:09 DiffusionOperatorP1: Boundary treatment ...
17:09 DiffusionOperatorP1: Assemble system matrix ...
17:09 gram_schmidt_biorth: Projecting vector V[1] again
17:09 gram_schmidt_biorth: Projecting vector W[1] again
17:09 gram_schmidt_biorth: Projecting vector V[1] again
17:09 gram_schmidt_biorth: Projecting vector W[1] again
</system-err></testcase><testcase classname="src.pymortests.algorithms.gram_schmidt" file="src/pymortests/algorithms/gram_schmidt.py" line="68" name="test_gram_schmidt_biorth_with_product[&lt;lambda&gt;8]" time="0.03264498710632324"><system-err>17:09 DiffusionOperatorP1: Calulate gradients of shape functions transformed by reference map ...
17:09 DiffusionOperatorP1: Calculate all local scalar products beween gradients ...
17:09 DiffusionOperatorP1: Determine global dofs ...
17:09 DiffusionOperatorP1: Boundary treatment ...
17:09 DiffusionOperatorP1: Assemble system matrix ...
17:09 DiffusionOperatorP1: Calulate gradients of shape functions transformed by reference map ...
17:09 DiffusionOperatorP1: Calculate all local scalar products beween gradients ...
17:09 DiffusionOperatorP1: Determine global dofs ...
17:09 DiffusionOperatorP1: Boundary treatment ...
17:09 DiffusionOperatorP1: Assemble system matrix ...
17:09 DiffusionOperatorP1: Calulate gradients of shape functions transformed by reference map ...
17:09 DiffusionOperatorP1: Calculate all local scalar products beween gradients ...
17:09 DiffusionOperatorP1: Determine global dofs ...
17:09 DiffusionOperatorP1: Boundary treatment ...
17:09 DiffusionOperatorP1: Assemble system matrix ...
17:09 DiffusionOperatorP1: Calulate gradients of shape functions transformed by reference map ...
17:09 DiffusionOperatorP1: Calculate all local scalar products beween gradients ...
17:09 DiffusionOperatorP1: Determine global dofs ...
17:09 DiffusionOperatorP1: Boundary treatment ...
17:09 DiffusionOperatorP1: Assemble system matrix ...
17:09 DiffusionOperatorP1: Calulate gradients of shape functions transformed by reference map ...
17:09 DiffusionOperatorP1: Calculate all local scalar products beween gradients ...
17:09 DiffusionOperatorP1: Determine global dofs ...
17:09 DiffusionOperatorP1: Boundary treatment ...
17:09 DiffusionOperatorP1: Assemble system matrix ...
17:09 L2ProductP1: Integrate the products of the shape functions on each element
17:09 L2ProductP1: Determine global dofs ...
17:09 L2ProductP1: Boundary treatment ...
17:09 L2ProductP1: Assemble system matrix ...
17:09 DiffusionOperatorP1: Calulate gradients of shape functions transformed by reference map ...
17:09 DiffusionOperatorP1: Calculate all local scalar products beween gradients ...
17:09 DiffusionOperatorP1: Determine global dofs ...
17:09 DiffusionOperatorP1: Boundary treatment ...
17:09 DiffusionOperatorP1: Assemble system matrix ...
17:09 L2ProductP1: Integrate the products of the shape functions on each element
17:09 L2ProductP1: Determine global dofs ...
17:09 L2ProductP1: Boundary treatment ...
17:09 L2ProductP1: Assemble system matrix ...
17:09 DiffusionOperatorP1: Calulate gradients of shape functions transformed by reference map ...
17:09 DiffusionOperatorP1: Calculate all local scalar products beween gradients ...
17:09 DiffusionOperatorP1: Determine global dofs ...
17:09 DiffusionOperatorP1: Boundary treatment ...
17:09 DiffusionOperatorP1: Assemble system matrix ...
</system-err></testcase><testcase classname="src.pymortests.algorithms.gram_schmidt" file="src/pymortests/algorithms/gram_schmidt.py" line="68" name="test_gram_schmidt_biorth_with_product[&lt;lambda&gt;9]" time="0.029229164123535156"><system-err>17:09 DiffusionOperatorP1: Calulate gradients of shape functions transformed by reference map ...
17:09 DiffusionOperatorP1: Calculate all local scalar products beween gradients ...
17:09 DiffusionOperatorP1: Determine global dofs ...
17:09 DiffusionOperatorP1: Boundary treatment ...
17:09 DiffusionOperatorP1: Assemble system matrix ...
17:09 DiffusionOperatorP1: Calulate gradients of shape functions transformed by reference map ...
17:09 DiffusionOperatorP1: Calculate all local scalar products beween gradients ...
17:09 DiffusionOperatorP1: Determine global dofs ...
17:09 DiffusionOperatorP1: Boundary treatment ...
17:09 DiffusionOperatorP1: Assemble system matrix ...
17:09 L2ProductP1: Integrate the products of the shape functions on each element
17:09 L2ProductP1: Determine global dofs ...
17:09 L2ProductP1: Boundary treatment ...
17:09 L2ProductP1: Assemble system matrix ...
17:09 DiffusionOperatorP1: Calulate gradients of shape functions transformed by reference map ...
17:09 DiffusionOperatorP1: Calculate all local scalar products beween gradients ...
17:09 DiffusionOperatorP1: Determine global dofs ...
17:09 DiffusionOperatorP1: Boundary treatment ...
17:09 DiffusionOperatorP1: Assemble system matrix ...
17:09 L2ProductP1: Integrate the products of the shape functions on each element
17:09 L2ProductP1: Determine global dofs ...
17:09 L2ProductP1: Boundary treatment ...
17:09 L2ProductP1: Assemble system matrix ...
17:09 DiffusionOperatorP1: Calulate gradients of shape functions transformed by reference map ...
17:09 DiffusionOperatorP1: Calculate all local scalar products beween gradients ...
17:09 DiffusionOperatorP1: Determine global dofs ...
17:09 DiffusionOperatorP1: Boundary treatment ...
17:09 DiffusionOperatorP1: Assemble system matrix ...
17:09 gram_schmidt_biorth: Projecting vector V[1] again
17:09 gram_schmidt_biorth: Projecting vector W[1] again
17:09 gram_schmidt_biorth: Projecting vector V[1] again
17:09 gram_schmidt_biorth: Projecting vector W[1] again
</system-err></testcase><testcase classname="src.pymortests.algorithms.gram_schmidt" file="src/pymortests/algorithms/gram_schmidt.py" line="68" name="test_gram_schmidt_biorth_with_product[&lt;lambda&gt;10]" time="0.03314924240112305"><system-err>17:09 DiffusionOperatorP1: Calulate gradients of shape functions transformed by reference map ...
17:09 DiffusionOperatorP1: Calculate all local scalar products beween gradients ...
17:09 DiffusionOperatorP1: Determine global dofs ...
17:09 DiffusionOperatorP1: Boundary treatment ...
17:09 DiffusionOperatorP1: Assemble system matrix ...
17:09 DiffusionOperatorP1: Calulate gradients of shape functions transformed by reference map ...
17:09 DiffusionOperatorP1: Calculate all local scalar products beween gradients ...
17:09 DiffusionOperatorP1: Determine global dofs ...
17:09 DiffusionOperatorP1: Boundary treatment ...
17:09 DiffusionOperatorP1: Assemble system matrix ...
17:09 DiffusionOperatorP1: Calulate gradients of shape functions transformed by reference map ...
17:09 DiffusionOperatorP1: Calculate all local scalar products beween gradients ...
17:09 DiffusionOperatorP1: Determine global dofs ...
17:09 DiffusionOperatorP1: Boundary treatment ...
17:09 DiffusionOperatorP1: Assemble system matrix ...
17:09 DiffusionOperatorP1: Calulate gradients of shape functions transformed by reference map ...
17:09 DiffusionOperatorP1: Calculate all local scalar products beween gradients ...
17:09 DiffusionOperatorP1: Determine global dofs ...
17:09 DiffusionOperatorP1: Boundary treatment ...
17:09 DiffusionOperatorP1: Assemble system matrix ...
17:09 DiffusionOperatorP1: Calulate gradients of shape functions transformed by reference map ...
17:09 DiffusionOperatorP1: Calculate all local scalar products beween gradients ...
17:09 DiffusionOperatorP1: Determine global dofs ...
17:09 DiffusionOperatorP1: Boundary treatment ...
17:09 DiffusionOperatorP1: Assemble system matrix ...
17:09 L2ProductP1: Integrate the products of the shape functions on each element
17:09 L2ProductP1: Determine global dofs ...
17:09 L2ProductP1: Boundary treatment ...
17:09 L2ProductP1: Assemble system matrix ...
17:09 DiffusionOperatorP1: Calulate gradients of shape functions transformed by reference map ...
17:09 DiffusionOperatorP1: Calculate all local scalar products beween gradients ...
17:09 DiffusionOperatorP1: Determine global dofs ...
17:09 DiffusionOperatorP1: Boundary treatment ...
17:09 DiffusionOperatorP1: Assemble system matrix ...
17:09 L2ProductP1: Integrate the products of the shape functions on each element
17:09 L2ProductP1: Determine global dofs ...
17:09 L2ProductP1: Boundary treatment ...
17:09 L2ProductP1: Assemble system matrix ...
17:09 DiffusionOperatorP1: Calulate gradients of shape functions transformed by reference map ...
17:09 DiffusionOperatorP1: Calculate all local scalar products beween gradients ...
17:09 DiffusionOperatorP1: Determine global dofs ...
17:09 DiffusionOperatorP1: Boundary treatment ...
17:09 DiffusionOperatorP1: Assemble system matrix ...
</system-err></testcase><testcase classname="src.pymortests.algorithms.gram_schmidt" file="src/pymortests/algorithms/gram_schmidt.py" line="68" name="test_gram_schmidt_biorth_with_product[&lt;lambda&gt;11]" time="0.031295061111450195"><system-err>17:09 DiffusionOperatorP1: Calulate gradients of shape functions transformed by reference map ...
17:09 DiffusionOperatorP1: Calculate all local scalar products beween gradients ...
17:09 DiffusionOperatorP1: Determine global dofs ...
17:09 DiffusionOperatorP1: Boundary treatment ...
17:09 DiffusionOperatorP1: Assemble system matrix ...
17:09 DiffusionOperatorP1: Calulate gradients of shape functions transformed by reference map ...
17:09 DiffusionOperatorP1: Calculate all local scalar products beween gradients ...
17:09 DiffusionOperatorP1: Determine global dofs ...
17:09 DiffusionOperatorP1: Boundary treatment ...
17:09 DiffusionOperatorP1: Assemble system matrix ...
17:09 L2ProductP1: Integrate the products of the shape functions on each element
17:09 L2ProductP1: Determine global dofs ...
17:09 L2ProductP1: Boundary treatment ...
17:09 L2ProductP1: Assemble system matrix ...
17:09 DiffusionOperatorP1: Calulate gradients of shape functions transformed by reference map ...
17:09 DiffusionOperatorP1: Calculate all local scalar products beween gradients ...
17:09 DiffusionOperatorP1: Determine global dofs ...
17:09 DiffusionOperatorP1: Boundary treatment ...
17:09 DiffusionOperatorP1: Assemble system matrix ...
17:09 L2ProductP1: Integrate the products of the shape functions on each element
17:09 L2ProductP1: Determine global dofs ...
17:09 L2ProductP1: Boundary treatment ...
17:09 L2ProductP1: Assemble system matrix ...
17:09 DiffusionOperatorP1: Calulate gradients of shape functions transformed by reference map ...
17:09 DiffusionOperatorP1: Calculate all local scalar products beween gradients ...
17:09 DiffusionOperatorP1: Determine global dofs ...
17:09 DiffusionOperatorP1: Boundary treatment ...
17:09 DiffusionOperatorP1: Assemble system matrix ...
17:09 gram_schmidt_biorth: Projecting vector V[1] again
17:09 gram_schmidt_biorth: Projecting vector W[1] again
17:09 gram_schmidt_biorth: Projecting vector V[1] again
17:09 gram_schmidt_biorth: Projecting vector W[1] again
</system-err></testcase><testcase classname="src.pymortests.algorithms.gram_schmidt" file="src/pymortests/algorithms/gram_schmidt.py" line="68" name="test_gram_schmidt_biorth_with_product[&lt;lambda&gt;12]" time="0.03342437744140625"><system-err>17:09 DiffusionOperatorP1: Calulate gradients of shape functions transformed by reference map ...
17:09 DiffusionOperatorP1: Calculate all local scalar products beween gradients ...
17:09 DiffusionOperatorP1: Determine global dofs ...
17:09 DiffusionOperatorP1: Boundary treatment ...
17:09 DiffusionOperatorP1: Assemble system matrix ...
17:09 DiffusionOperatorP1: Calulate gradients of shape functions transformed by reference map ...
17:09 DiffusionOperatorP1: Calculate all local scalar products beween gradients ...
17:09 DiffusionOperatorP1: Determine global dofs ...
17:09 DiffusionOperatorP1: Boundary treatment ...
17:09 DiffusionOperatorP1: Assemble system matrix ...
17:09 DiffusionOperatorP1: Calulate gradients of shape functions transformed by reference map ...
17:09 DiffusionOperatorP1: Calculate all local scalar products beween gradients ...
17:09 DiffusionOperatorP1: Determine global dofs ...
17:09 DiffusionOperatorP1: Boundary treatment ...
17:09 DiffusionOperatorP1: Assemble system matrix ...
17:09 DiffusionOperatorP1: Calulate gradients of shape functions transformed by reference map ...
17:09 DiffusionOperatorP1: Calculate all local scalar products beween gradients ...
17:09 DiffusionOperatorP1: Determine global dofs ...
17:09 DiffusionOperatorP1: Boundary treatment ...
17:09 DiffusionOperatorP1: Assemble system matrix ...
17:09 DiffusionOperatorP1: Calulate gradients of shape functions transformed by reference map ...
17:09 DiffusionOperatorP1: Calculate all local scalar products beween gradients ...
17:09 DiffusionOperatorP1: Determine global dofs ...
17:09 DiffusionOperatorP1: Boundary treatment ...
17:09 DiffusionOperatorP1: Assemble system matrix ...
17:09 L2ProductP1: Integrate the products of the shape functions on each element
17:09 L2ProductP1: Determine global dofs ...
17:09 L2ProductP1: Boundary treatment ...
17:09 L2ProductP1: Assemble system matrix ...
17:09 DiffusionOperatorP1: Calulate gradients of shape functions transformed by reference map ...
17:09 DiffusionOperatorP1: Calculate all local scalar products beween gradients ...
17:09 DiffusionOperatorP1: Determine global dofs ...
17:09 DiffusionOperatorP1: Boundary treatment ...
17:09 DiffusionOperatorP1: Assemble system matrix ...
17:09 L2ProductP1: Integrate the products of the shape functions on each element
17:09 L2ProductP1: Determine global dofs ...
17:09 L2ProductP1: Boundary treatment ...
17:09 L2ProductP1: Assemble system matrix ...
17:09 DiffusionOperatorP1: Calulate gradients of shape functions transformed by reference map ...
17:09 DiffusionOperatorP1: Calculate all local scalar products beween gradients ...
17:09 DiffusionOperatorP1: Determine global dofs ...
17:09 DiffusionOperatorP1: Boundary treatment ...
17:09 DiffusionOperatorP1: Assemble system matrix ...
</system-err></testcase><testcase classname="src.pymortests.algorithms.gram_schmidt" file="src/pymortests/algorithms/gram_schmidt.py" line="68" name="test_gram_schmidt_biorth_with_product[&lt;lambda&gt;13]" time="0.029338359832763672"><system-err>17:09 DiffusionOperatorP1: Calulate gradients of shape functions transformed by reference map ...
17:09 DiffusionOperatorP1: Calculate all local scalar products beween gradients ...
17:09 DiffusionOperatorP1: Determine global dofs ...
17:09 DiffusionOperatorP1: Boundary treatment ...
17:09 DiffusionOperatorP1: Assemble system matrix ...
17:09 DiffusionOperatorP1: Calulate gradients of shape functions transformed by reference map ...
17:09 DiffusionOperatorP1: Calculate all local scalar products beween gradients ...
17:09 DiffusionOperatorP1: Determine global dofs ...
17:09 DiffusionOperatorP1: Boundary treatment ...
17:09 DiffusionOperatorP1: Assemble system matrix ...
17:09 L2ProductP1: Integrate the products of the shape functions on each element
17:09 L2ProductP1: Determine global dofs ...
17:09 L2ProductP1: Boundary treatment ...
17:09 L2ProductP1: Assemble system matrix ...
17:09 DiffusionOperatorP1: Calulate gradients of shape functions transformed by reference map ...
17:09 DiffusionOperatorP1: Calculate all local scalar products beween gradients ...
17:09 DiffusionOperatorP1: Determine global dofs ...
17:09 DiffusionOperatorP1: Boundary treatment ...
17:09 DiffusionOperatorP1: Assemble system matrix ...
17:09 L2ProductP1: Integrate the products of the shape functions on each element
17:09 L2ProductP1: Determine global dofs ...
17:09 L2ProductP1: Boundary treatment ...
17:09 L2ProductP1: Assemble system matrix ...
17:09 DiffusionOperatorP1: Calulate gradients of shape functions transformed by reference map ...
17:09 DiffusionOperatorP1: Calculate all local scalar products beween gradients ...
17:09 DiffusionOperatorP1: Determine global dofs ...
17:09 DiffusionOperatorP1: Boundary treatment ...
17:09 DiffusionOperatorP1: Assemble system matrix ...
</system-err></testcase><testcase classname="src.pymortests.algorithms.gram_schmidt" file="src/pymortests/algorithms/gram_schmidt.py" line="68" name="test_gram_schmidt_biorth_with_product[&lt;lambda&gt;14]" time="0.03774523735046387"><system-err>17:09 DiffusionOperatorP1: Calulate gradients of shape functions transformed by reference map ...
17:09 DiffusionOperatorP1: Calculate all local scalar products beween gradients ...
17:09 DiffusionOperatorP1: Determine global dofs ...
17:09 DiffusionOperatorP1: Boundary treatment ...
17:09 DiffusionOperatorP1: Assemble system matrix ...
17:09 DiffusionOperatorP1: Calulate gradients of shape functions transformed by reference map ...
17:09 DiffusionOperatorP1: Calculate all local scalar products beween gradients ...
17:09 DiffusionOperatorP1: Determine global dofs ...
17:09 DiffusionOperatorP1: Boundary treatment ...
17:09 DiffusionOperatorP1: Assemble system matrix ...
17:09 DiffusionOperatorP1: Calulate gradients of shape functions transformed by reference map ...
17:09 DiffusionOperatorP1: Calculate all local scalar products beween gradients ...
17:09 DiffusionOperatorP1: Determine global dofs ...
17:09 DiffusionOperatorP1: Boundary treatment ...
17:09 DiffusionOperatorP1: Assemble system matrix ...
17:09 DiffusionOperatorP1: Calulate gradients of shape functions transformed by reference map ...
17:09 DiffusionOperatorP1: Calculate all local scalar products beween gradients ...
17:09 DiffusionOperatorP1: Determine global dofs ...
17:09 DiffusionOperatorP1: Boundary treatment ...
17:09 DiffusionOperatorP1: Assemble system matrix ...
17:09 DiffusionOperatorP1: Calulate gradients of shape functions transformed by reference map ...
17:09 DiffusionOperatorP1: Calculate all local scalar products beween gradients ...
17:09 DiffusionOperatorP1: Determine global dofs ...
17:09 DiffusionOperatorP1: Boundary treatment ...
17:09 DiffusionOperatorP1: Assemble system matrix ...
17:09 L2ProductP1: Integrate the products of the shape functions on each element
17:09 L2ProductP1: Determine global dofs ...
17:09 L2ProductP1: Boundary treatment ...
17:09 L2ProductP1: Assemble system matrix ...
17:09 DiffusionOperatorP1: Calulate gradients of shape functions transformed by reference map ...
17:09 DiffusionOperatorP1: Calculate all local scalar products beween gradients ...
17:09 DiffusionOperatorP1: Determine global dofs ...
17:09 DiffusionOperatorP1: Boundary treatment ...
17:09 DiffusionOperatorP1: Assemble system matrix ...
17:09 L2ProductP1: Integrate the products of the shape functions on each element
17:09 L2ProductP1: Determine global dofs ...
17:09 L2ProductP1: Boundary treatment ...
17:09 L2ProductP1: Assemble system matrix ...
17:09 DiffusionOperatorP1: Calulate gradients of shape functions transformed by reference map ...
17:09 DiffusionOperatorP1: Calculate all local scalar products beween gradients ...
17:09 DiffusionOperatorP1: Determine global dofs ...
17:09 DiffusionOperatorP1: Boundary treatment ...
17:09 DiffusionOperatorP1: Assemble system matrix ...
17:09 gram_schmidt_biorth: Projecting vector V[1] again
17:09 gram_schmidt_biorth: Projecting vector V[2] again
17:09 gram_schmidt_biorth: Projecting vector W[2] again
17:09 gram_schmidt_biorth: Projecting vector V[1] again
17:09 gram_schmidt_biorth: Projecting vector V[2] again
17:09 gram_schmidt_biorth: Projecting vector W[2] again
</system-err></testcase><testcase classname="src.pymortests.algorithms.gram_schmidt" file="src/pymortests/algorithms/gram_schmidt.py" line="68" name="test_gram_schmidt_biorth_with_product[&lt;lambda&gt;15]" time="0.03478407859802246"><system-err>17:09 DiffusionOperatorP1: Calulate gradients of shape functions transformed by reference map ...
17:09 DiffusionOperatorP1: Calculate all local scalar products beween gradients ...
17:09 DiffusionOperatorP1: Determine global dofs ...
17:09 DiffusionOperatorP1: Boundary treatment ...
17:09 DiffusionOperatorP1: Assemble system matrix ...
17:09 DiffusionOperatorP1: Calulate gradients of shape functions transformed by reference map ...
17:09 DiffusionOperatorP1: Calculate all local scalar products beween gradients ...
17:09 DiffusionOperatorP1: Determine global dofs ...
17:09 DiffusionOperatorP1: Boundary treatment ...
17:09 DiffusionOperatorP1: Assemble system matrix ...
17:09 L2ProductP1: Integrate the products of the shape functions on each element
17:09 L2ProductP1: Determine global dofs ...
17:09 L2ProductP1: Boundary treatment ...
17:09 L2ProductP1: Assemble system matrix ...
17:09 DiffusionOperatorP1: Calulate gradients of shape functions transformed by reference map ...
17:09 DiffusionOperatorP1: Calculate all local scalar products beween gradients ...
17:09 DiffusionOperatorP1: Determine global dofs ...
17:09 DiffusionOperatorP1: Boundary treatment ...
17:09 DiffusionOperatorP1: Assemble system matrix ...
17:09 L2ProductP1: Integrate the products of the shape functions on each element
17:09 L2ProductP1: Determine global dofs ...
17:09 L2ProductP1: Boundary treatment ...
17:09 L2ProductP1: Assemble system matrix ...
17:09 DiffusionOperatorP1: Calulate gradients of shape functions transformed by reference map ...
17:09 DiffusionOperatorP1: Calculate all local scalar products beween gradients ...
17:09 DiffusionOperatorP1: Determine global dofs ...
17:09 DiffusionOperatorP1: Boundary treatment ...
17:09 DiffusionOperatorP1: Assemble system matrix ...
17:09 gram_schmidt_biorth: Projecting vector V[1] again
17:09 gram_schmidt_biorth: Projecting vector W[1] again
17:09 gram_schmidt_biorth: Projecting vector V[2] again
17:09 gram_schmidt_biorth: Projecting vector W[2] again
17:09 gram_schmidt_biorth: Projecting vector V[1] again
17:09 gram_schmidt_biorth: Projecting vector W[1] again
17:09 gram_schmidt_biorth: Projecting vector V[2] again
17:09 gram_schmidt_biorth: Projecting vector W[2] again
</system-err></testcase><testcase classname="src.pymortests.algorithms.gram_schmidt" file="src/pymortests/algorithms/gram_schmidt.py" line="68" name="test_gram_schmidt_biorth_with_product[&lt;lambda&gt;16]" time="0.028569936752319336"><system-err>17:09 DiffusionOperatorP1: Calulate gradients of shape functions transformed by reference map ...
17:09 DiffusionOperatorP1: Calculate all local scalar products beween gradients ...
17:09 DiffusionOperatorP1: Determine global dofs ...
17:09 DiffusionOperatorP1: Boundary treatment ...
17:09 DiffusionOperatorP1: Assemble system matrix ...
17:09 DiffusionOperatorP1: Calulate gradients of shape functions transformed by reference map ...
17:09 DiffusionOperatorP1: Calculate all local scalar products beween gradients ...
17:09 DiffusionOperatorP1: Determine global dofs ...
17:09 DiffusionOperatorP1: Boundary treatment ...
17:09 DiffusionOperatorP1: Assemble system matrix ...
17:09 DiffusionOperatorP1: Calulate gradients of shape functions transformed by reference map ...
17:09 DiffusionOperatorP1: Calculate all local scalar products beween gradients ...
17:09 DiffusionOperatorP1: Determine global dofs ...
17:09 DiffusionOperatorP1: Boundary treatment ...
17:09 DiffusionOperatorP1: Assemble system matrix ...
17:09 DiffusionOperatorP1: Calulate gradients of shape functions transformed by reference map ...
17:09 DiffusionOperatorP1: Calculate all local scalar products beween gradients ...
17:09 DiffusionOperatorP1: Determine global dofs ...
17:09 DiffusionOperatorP1: Boundary treatment ...
17:09 DiffusionOperatorP1: Assemble system matrix ...
17:09 DiffusionOperatorP1: Calulate gradients of shape functions transformed by reference map ...
17:09 DiffusionOperatorP1: Calculate all local scalar products beween gradients ...
17:09 DiffusionOperatorP1: Determine global dofs ...
17:09 DiffusionOperatorP1: Boundary treatment ...
17:09 DiffusionOperatorP1: Assemble system matrix ...
17:09 L2ProductP1: Integrate the products of the shape functions on each element
17:09 L2ProductP1: Determine global dofs ...
17:09 L2ProductP1: Boundary treatment ...
17:09 L2ProductP1: Assemble system matrix ...
17:09 DiffusionOperatorP1: Calulate gradients of shape functions transformed by reference map ...
17:09 DiffusionOperatorP1: Calculate all local scalar products beween gradients ...
17:09 DiffusionOperatorP1: Determine global dofs ...
17:09 DiffusionOperatorP1: Boundary treatment ...
17:09 DiffusionOperatorP1: Assemble system matrix ...
17:09 L2ProductP1: Integrate the products of the shape functions on each element
17:09 L2ProductP1: Determine global dofs ...
17:09 L2ProductP1: Boundary treatment ...
17:09 L2ProductP1: Assemble system matrix ...
17:09 DiffusionOperatorP1: Calulate gradients of shape functions transformed by reference map ...
17:09 DiffusionOperatorP1: Calculate all local scalar products beween gradients ...
17:09 DiffusionOperatorP1: Determine global dofs ...
17:09 DiffusionOperatorP1: Boundary treatment ...
17:09 DiffusionOperatorP1: Assemble system matrix ...
</system-err></testcase><testcase classname="src.pymortests.algorithms.gram_schmidt" file="src/pymortests/algorithms/gram_schmidt.py" line="68" name="test_gram_schmidt_biorth_with_product[&lt;lambda&gt;17]" time="0.02437758445739746"><system-err>17:09 DiffusionOperatorP1: Calulate gradients of shape functions transformed by reference map ...
17:09 DiffusionOperatorP1: Calculate all local scalar products beween gradients ...
17:09 DiffusionOperatorP1: Determine global dofs ...
17:09 DiffusionOperatorP1: Boundary treatment ...
17:09 DiffusionOperatorP1: Assemble system matrix ...
17:09 DiffusionOperatorP1: Calulate gradients of shape functions transformed by reference map ...
17:09 DiffusionOperatorP1: Calculate all local scalar products beween gradients ...
17:09 DiffusionOperatorP1: Determine global dofs ...
17:09 DiffusionOperatorP1: Boundary treatment ...
17:09 DiffusionOperatorP1: Assemble system matrix ...
17:09 L2ProductP1: Integrate the products of the shape functions on each element
17:09 L2ProductP1: Determine global dofs ...
17:09 L2ProductP1: Boundary treatment ...
17:09 L2ProductP1: Assemble system matrix ...
17:09 DiffusionOperatorP1: Calulate gradients of shape functions transformed by reference map ...
17:09 DiffusionOperatorP1: Calculate all local scalar products beween gradients ...
17:09 DiffusionOperatorP1: Determine global dofs ...
17:09 DiffusionOperatorP1: Boundary treatment ...
17:09 DiffusionOperatorP1: Assemble system matrix ...
17:09 L2ProductP1: Integrate the products of the shape functions on each element
17:09 L2ProductP1: Determine global dofs ...
17:09 L2ProductP1: Boundary treatment ...
17:09 L2ProductP1: Assemble system matrix ...
17:09 DiffusionOperatorP1: Calulate gradients of shape functions transformed by reference map ...
17:09 DiffusionOperatorP1: Calculate all local scalar products beween gradients ...
17:09 DiffusionOperatorP1: Determine global dofs ...
17:09 DiffusionOperatorP1: Boundary treatment ...
17:09 DiffusionOperatorP1: Assemble system matrix ...
</system-err></testcase><testcase classname="src.pymortests.algorithms.gram_schmidt" file="src/pymortests/algorithms/gram_schmidt.py" line="68" name="test_gram_schmidt_biorth_with_product[&lt;lambda&gt;18]" time="0.036783456802368164"><system-err>17:09 DiffusionOperatorP1: Calulate gradients of shape functions transformed by reference map ...
17:09 DiffusionOperatorP1: Calculate all local scalar products beween gradients ...
17:09 DiffusionOperatorP1: Determine global dofs ...
17:09 DiffusionOperatorP1: Boundary treatment ...
17:09 DiffusionOperatorP1: Assemble system matrix ...
17:09 DiffusionOperatorP1: Calulate gradients of shape functions transformed by reference map ...
17:09 DiffusionOperatorP1: Calculate all local scalar products beween gradients ...
17:09 DiffusionOperatorP1: Determine global dofs ...
17:09 DiffusionOperatorP1: Boundary treatment ...
17:09 DiffusionOperatorP1: Assemble system matrix ...
17:09 DiffusionOperatorP1: Calulate gradients of shape functions transformed by reference map ...
17:09 DiffusionOperatorP1: Calculate all local scalar products beween gradients ...
17:09 DiffusionOperatorP1: Determine global dofs ...
17:09 DiffusionOperatorP1: Boundary treatment ...
17:09 DiffusionOperatorP1: Assemble system matrix ...
17:09 DiffusionOperatorP1: Calulate gradients of shape functions transformed by reference map ...
17:09 DiffusionOperatorP1: Calculate all local scalar products beween gradients ...
17:09 DiffusionOperatorP1: Determine global dofs ...
17:09 DiffusionOperatorP1: Boundary treatment ...
17:09 DiffusionOperatorP1: Assemble system matrix ...
17:09 DiffusionOperatorP1: Calulate gradients of shape functions transformed by reference map ...
17:09 DiffusionOperatorP1: Calculate all local scalar products beween gradients ...
17:09 DiffusionOperatorP1: Determine global dofs ...
17:09 DiffusionOperatorP1: Boundary treatment ...
17:09 DiffusionOperatorP1: Assemble system matrix ...
17:09 L2ProductP1: Integrate the products of the shape functions on each element
17:09 L2ProductP1: Determine global dofs ...
17:09 L2ProductP1: Boundary treatment ...
17:09 L2ProductP1: Assemble system matrix ...
17:09 DiffusionOperatorP1: Calulate gradients of shape functions transformed by reference map ...
17:09 DiffusionOperatorP1: Calculate all local scalar products beween gradients ...
17:09 DiffusionOperatorP1: Determine global dofs ...
17:09 DiffusionOperatorP1: Boundary treatment ...
17:09 DiffusionOperatorP1: Assemble system matrix ...
17:09 L2ProductP1: Integrate the products of the shape functions on each element
17:09 L2ProductP1: Determine global dofs ...
17:09 L2ProductP1: Boundary treatment ...
17:09 L2ProductP1: Assemble system matrix ...
17:09 DiffusionOperatorP1: Calulate gradients of shape functions transformed by reference map ...
17:09 DiffusionOperatorP1: Calculate all local scalar products beween gradients ...
17:09 DiffusionOperatorP1: Determine global dofs ...
17:09 DiffusionOperatorP1: Boundary treatment ...
17:09 DiffusionOperatorP1: Assemble system matrix ...
17:09 gram_schmidt_biorth: Projecting vector V[1] again
17:09 gram_schmidt_biorth: Projecting vector V[2] again
17:09 gram_schmidt_biorth: Projecting vector W[2] again
17:09 gram_schmidt_biorth: Projecting vector V[1] again
17:09 gram_schmidt_biorth: Projecting vector V[2] again
17:09 gram_schmidt_biorth: Projecting vector W[2] again
</system-err></testcase><testcase classname="src.pymortests.algorithms.gram_schmidt" file="src/pymortests/algorithms/gram_schmidt.py" line="68" name="test_gram_schmidt_biorth_with_product[&lt;lambda&gt;19]" time="0.033240318298339844"><system-err>17:09 DiffusionOperatorP1: Calulate gradients of shape functions transformed by reference map ...
17:09 DiffusionOperatorP1: Calculate all local scalar products beween gradients ...
17:09 DiffusionOperatorP1: Determine global dofs ...
17:09 DiffusionOperatorP1: Boundary treatment ...
17:09 DiffusionOperatorP1: Assemble system matrix ...
17:09 DiffusionOperatorP1: Calulate gradients of shape functions transformed by reference map ...
17:09 DiffusionOperatorP1: Calculate all local scalar products beween gradients ...
17:09 DiffusionOperatorP1: Determine global dofs ...
17:09 DiffusionOperatorP1: Boundary treatment ...
17:09 DiffusionOperatorP1: Assemble system matrix ...
17:09 L2ProductP1: Integrate the products of the shape functions on each element
17:09 L2ProductP1: Determine global dofs ...
17:09 L2ProductP1: Boundary treatment ...
17:09 L2ProductP1: Assemble system matrix ...
17:09 DiffusionOperatorP1: Calulate gradients of shape functions transformed by reference map ...
17:09 DiffusionOperatorP1: Calculate all local scalar products beween gradients ...
17:09 DiffusionOperatorP1: Determine global dofs ...
17:09 DiffusionOperatorP1: Boundary treatment ...
17:09 DiffusionOperatorP1: Assemble system matrix ...
17:09 L2ProductP1: Integrate the products of the shape functions on each element
17:09 L2ProductP1: Determine global dofs ...
17:09 L2ProductP1: Boundary treatment ...
17:09 L2ProductP1: Assemble system matrix ...
17:09 DiffusionOperatorP1: Calulate gradients of shape functions transformed by reference map ...
17:09 DiffusionOperatorP1: Calculate all local scalar products beween gradients ...
17:09 DiffusionOperatorP1: Determine global dofs ...
17:09 DiffusionOperatorP1: Boundary treatment ...
17:09 DiffusionOperatorP1: Assemble system matrix ...
17:09 gram_schmidt_biorth: Projecting vector V[1] again
17:09 gram_schmidt_biorth: Projecting vector W[1] again
17:09 gram_schmidt_biorth: Projecting vector V[2] again
17:09 gram_schmidt_biorth: Projecting vector W[2] again
17:09 gram_schmidt_biorth: Projecting vector V[1] again
17:09 gram_schmidt_biorth: Projecting vector W[1] again
17:09 gram_schmidt_biorth: Projecting vector V[2] again
17:09 gram_schmidt_biorth: Projecting vector W[2] again
</system-err></testcase><testcase classname="src.pymortests.algorithms.gram_schmidt" file="src/pymortests/algorithms/gram_schmidt.py" line="68" name="test_gram_schmidt_biorth_with_product[&lt;lambda&gt;20]" time="0.037431955337524414"><system-err>17:09 DiffusionOperatorP1: Calulate gradients of shape functions transformed by reference map ...
17:09 DiffusionOperatorP1: Calculate all local scalar products beween gradients ...
17:09 DiffusionOperatorP1: Determine global dofs ...
17:09 DiffusionOperatorP1: Boundary treatment ...
17:09 DiffusionOperatorP1: Assemble system matrix ...
17:09 DiffusionOperatorP1: Calulate gradients of shape functions transformed by reference map ...
17:09 DiffusionOperatorP1: Calculate all local scalar products beween gradients ...
17:09 DiffusionOperatorP1: Determine global dofs ...
17:09 DiffusionOperatorP1: Boundary treatment ...
17:09 DiffusionOperatorP1: Assemble system matrix ...
17:09 DiffusionOperatorP1: Calulate gradients of shape functions transformed by reference map ...
17:09 DiffusionOperatorP1: Calculate all local scalar products beween gradients ...
17:09 DiffusionOperatorP1: Determine global dofs ...
17:09 DiffusionOperatorP1: Boundary treatment ...
17:09 DiffusionOperatorP1: Assemble system matrix ...
17:09 DiffusionOperatorP1: Calulate gradients of shape functions transformed by reference map ...
17:09 DiffusionOperatorP1: Calculate all local scalar products beween gradients ...
17:09 DiffusionOperatorP1: Determine global dofs ...
17:09 DiffusionOperatorP1: Boundary treatment ...
17:09 DiffusionOperatorP1: Assemble system matrix ...
17:09 DiffusionOperatorP1: Calulate gradients of shape functions transformed by reference map ...
17:09 DiffusionOperatorP1: Calculate all local scalar products beween gradients ...
17:09 DiffusionOperatorP1: Determine global dofs ...
17:09 DiffusionOperatorP1: Boundary treatment ...
17:09 DiffusionOperatorP1: Assemble system matrix ...
17:09 L2ProductP1: Integrate the products of the shape functions on each element
17:09 L2ProductP1: Determine global dofs ...
17:09 L2ProductP1: Boundary treatment ...
17:09 L2ProductP1: Assemble system matrix ...
17:09 DiffusionOperatorP1: Calulate gradients of shape functions transformed by reference map ...
17:09 DiffusionOperatorP1: Calculate all local scalar products beween gradients ...
17:09 DiffusionOperatorP1: Determine global dofs ...
17:09 DiffusionOperatorP1: Boundary treatment ...
17:09 DiffusionOperatorP1: Assemble system matrix ...
17:09 L2ProductP1: Integrate the products of the shape functions on each element
17:09 L2ProductP1: Determine global dofs ...
17:09 L2ProductP1: Boundary treatment ...
17:09 L2ProductP1: Assemble system matrix ...
17:09 DiffusionOperatorP1: Calulate gradients of shape functions transformed by reference map ...
17:09 DiffusionOperatorP1: Calculate all local scalar products beween gradients ...
17:09 DiffusionOperatorP1: Determine global dofs ...
17:09 DiffusionOperatorP1: Boundary treatment ...
17:09 DiffusionOperatorP1: Assemble system matrix ...
17:09 gram_schmidt_biorth: Projecting vector V[1] again
17:09 gram_schmidt_biorth: Projecting vector V[2] again
17:09 gram_schmidt_biorth: Projecting vector W[2] again
17:09 gram_schmidt_biorth: Projecting vector V[1] again
17:09 gram_schmidt_biorth: Projecting vector V[2] again
17:09 gram_schmidt_biorth: Projecting vector W[2] again
</system-err></testcase><testcase classname="src.pymortests.algorithms.gram_schmidt" file="src/pymortests/algorithms/gram_schmidt.py" line="68" name="test_gram_schmidt_biorth_with_product[&lt;lambda&gt;21]" time="0.03309297561645508"><system-err>17:09 DiffusionOperatorP1: Calulate gradients of shape functions transformed by reference map ...
17:09 DiffusionOperatorP1: Calculate all local scalar products beween gradients ...
17:09 DiffusionOperatorP1: Determine global dofs ...
17:09 DiffusionOperatorP1: Boundary treatment ...
17:09 DiffusionOperatorP1: Assemble system matrix ...
17:09 DiffusionOperatorP1: Calulate gradients of shape functions transformed by reference map ...
17:09 DiffusionOperatorP1: Calculate all local scalar products beween gradients ...
17:09 DiffusionOperatorP1: Determine global dofs ...
17:09 DiffusionOperatorP1: Boundary treatment ...
17:09 DiffusionOperatorP1: Assemble system matrix ...
17:09 L2ProductP1: Integrate the products of the shape functions on each element
17:09 L2ProductP1: Determine global dofs ...
17:09 L2ProductP1: Boundary treatment ...
17:09 L2ProductP1: Assemble system matrix ...
17:09 DiffusionOperatorP1: Calulate gradients of shape functions transformed by reference map ...
17:09 DiffusionOperatorP1: Calculate all local scalar products beween gradients ...
17:09 DiffusionOperatorP1: Determine global dofs ...
17:09 DiffusionOperatorP1: Boundary treatment ...
17:09 DiffusionOperatorP1: Assemble system matrix ...
17:09 L2ProductP1: Integrate the products of the shape functions on each element
17:09 L2ProductP1: Determine global dofs ...
17:09 L2ProductP1: Boundary treatment ...
17:09 L2ProductP1: Assemble system matrix ...
17:09 DiffusionOperatorP1: Calulate gradients of shape functions transformed by reference map ...
17:09 DiffusionOperatorP1: Calculate all local scalar products beween gradients ...
17:09 DiffusionOperatorP1: Determine global dofs ...
17:09 DiffusionOperatorP1: Boundary treatment ...
17:09 DiffusionOperatorP1: Assemble system matrix ...
17:09 gram_schmidt_biorth: Projecting vector V[1] again
17:09 gram_schmidt_biorth: Projecting vector W[1] again
17:09 gram_schmidt_biorth: Projecting vector V[2] again
17:09 gram_schmidt_biorth: Projecting vector W[2] again
17:09 gram_schmidt_biorth: Projecting vector V[1] again
17:09 gram_schmidt_biorth: Projecting vector W[1] again
17:09 gram_schmidt_biorth: Projecting vector V[2] again
17:09 gram_schmidt_biorth: Projecting vector W[2] again
</system-err></testcase><testcase classname="src.pymortests.algorithms.gram_schmidt" file="src/pymortests/algorithms/gram_schmidt.py" line="68" name="test_gram_schmidt_biorth_with_product[&lt;lambda&gt;22]" time="0.03314971923828125"><system-err>17:09 DiffusionOperatorP1: Calulate gradients of shape functions transformed by reference map ...
17:09 DiffusionOperatorP1: Calculate all local scalar products beween gradients ...
17:09 DiffusionOperatorP1: Determine global dofs ...
17:09 DiffusionOperatorP1: Boundary treatment ...
17:09 DiffusionOperatorP1: Assemble system matrix ...
17:09 DiffusionOperatorP1: Calulate gradients of shape functions transformed by reference map ...
17:09 DiffusionOperatorP1: Calculate all local scalar products beween gradients ...
17:09 DiffusionOperatorP1: Determine global dofs ...
17:09 DiffusionOperatorP1: Boundary treatment ...
17:09 DiffusionOperatorP1: Assemble system matrix ...
17:09 DiffusionOperatorP1: Calulate gradients of shape functions transformed by reference map ...
17:09 DiffusionOperatorP1: Calculate all local scalar products beween gradients ...
17:09 DiffusionOperatorP1: Determine global dofs ...
17:09 DiffusionOperatorP1: Boundary treatment ...
17:09 DiffusionOperatorP1: Assemble system matrix ...
17:09 DiffusionOperatorP1: Calulate gradients of shape functions transformed by reference map ...
17:09 DiffusionOperatorP1: Calculate all local scalar products beween gradients ...
17:09 DiffusionOperatorP1: Determine global dofs ...
17:09 DiffusionOperatorP1: Boundary treatment ...
17:09 DiffusionOperatorP1: Assemble system matrix ...
17:09 DiffusionOperatorP1: Calulate gradients of shape functions transformed by reference map ...
17:09 DiffusionOperatorP1: Calculate all local scalar products beween gradients ...
17:09 DiffusionOperatorP1: Determine global dofs ...
17:09 DiffusionOperatorP1: Boundary treatment ...
17:09 DiffusionOperatorP1: Assemble system matrix ...
17:09 L2ProductP1: Integrate the products of the shape functions on each element
17:09 L2ProductP1: Determine global dofs ...
17:09 L2ProductP1: Boundary treatment ...
17:09 L2ProductP1: Assemble system matrix ...
17:09 DiffusionOperatorP1: Calulate gradients of shape functions transformed by reference map ...
17:09 DiffusionOperatorP1: Calculate all local scalar products beween gradients ...
17:09 DiffusionOperatorP1: Determine global dofs ...
17:09 DiffusionOperatorP1: Boundary treatment ...
17:09 DiffusionOperatorP1: Assemble system matrix ...
17:09 L2ProductP1: Integrate the products of the shape functions on each element
17:09 L2ProductP1: Determine global dofs ...
17:09 L2ProductP1: Boundary treatment ...
17:09 L2ProductP1: Assemble system matrix ...
17:09 DiffusionOperatorP1: Calulate gradients of shape functions transformed by reference map ...
17:09 DiffusionOperatorP1: Calculate all local scalar products beween gradients ...
17:09 DiffusionOperatorP1: Determine global dofs ...
17:09 DiffusionOperatorP1: Boundary treatment ...
17:09 DiffusionOperatorP1: Assemble system matrix ...
</system-err></testcase><testcase classname="src.pymortests.algorithms.gram_schmidt" file="src/pymortests/algorithms/gram_schmidt.py" line="68" name="test_gram_schmidt_biorth_with_product[&lt;lambda&gt;23]" time="0.030707836151123047"><system-err>17:09 DiffusionOperatorP1: Calulate gradients of shape functions transformed by reference map ...
17:09 DiffusionOperatorP1: Calculate all local scalar products beween gradients ...
17:09 DiffusionOperatorP1: Determine global dofs ...
17:09 DiffusionOperatorP1: Boundary treatment ...
17:09 DiffusionOperatorP1: Assemble system matrix ...
17:09 DiffusionOperatorP1: Calulate gradients of shape functions transformed by reference map ...
17:09 DiffusionOperatorP1: Calculate all local scalar products beween gradients ...
17:09 DiffusionOperatorP1: Determine global dofs ...
17:09 DiffusionOperatorP1: Boundary treatment ...
17:09 DiffusionOperatorP1: Assemble system matrix ...
17:09 L2ProductP1: Integrate the products of the shape functions on each element
17:09 L2ProductP1: Determine global dofs ...
17:09 L2ProductP1: Boundary treatment ...
17:09 L2ProductP1: Assemble system matrix ...
17:09 DiffusionOperatorP1: Calulate gradients of shape functions transformed by reference map ...
17:09 DiffusionOperatorP1: Calculate all local scalar products beween gradients ...
17:09 DiffusionOperatorP1: Determine global dofs ...
17:09 DiffusionOperatorP1: Boundary treatment ...
17:09 DiffusionOperatorP1: Assemble system matrix ...
17:09 L2ProductP1: Integrate the products of the shape functions on each element
17:09 L2ProductP1: Determine global dofs ...
17:09 L2ProductP1: Boundary treatment ...
17:09 L2ProductP1: Assemble system matrix ...
17:09 DiffusionOperatorP1: Calulate gradients of shape functions transformed by reference map ...
17:09 DiffusionOperatorP1: Calculate all local scalar products beween gradients ...
17:09 DiffusionOperatorP1: Determine global dofs ...
17:09 DiffusionOperatorP1: Boundary treatment ...
17:09 DiffusionOperatorP1: Assemble system matrix ...
17:09 gram_schmidt_biorth: Projecting vector V[1] again
17:09 gram_schmidt_biorth: Projecting vector W[1] again
17:09 gram_schmidt_biorth: Projecting vector V[1] again
17:09 gram_schmidt_biorth: Projecting vector W[1] again
</system-err></testcase><testcase classname="src.pymortests.algorithms.gram_schmidt" file="src/pymortests/algorithms/gram_schmidt.py" line="68" name="test_gram_schmidt_biorth_with_product[&lt;lambda&gt;24]" time="0.008881807327270508"><system-err>17:09 gram_schmidt_biorth: Projecting vector V[1] again
17:10 gram_schmidt_biorth: Projecting vector W[1] again
17:10 gram_schmidt_biorth: Projecting vector V[1] again
17:10 gram_schmidt_biorth: Projecting vector W[1] again
</system-err></testcase><testcase classname="src.pymortests.algorithms.gram_schmidt" file="src/pymortests/algorithms/gram_schmidt.py" line="68" name="test_gram_schmidt_biorth_with_product[&lt;lambda&gt;25]" time="0.007827281951904297"><system-err>17:10 gram_schmidt_biorth: Projecting vector V[1] again
17:10 gram_schmidt_biorth: Projecting vector W[1] again
17:10 gram_schmidt_biorth: Projecting vector V[1] again
17:10 gram_schmidt_biorth: Projecting vector W[1] again
</system-err></testcase><testcase classname="src.pymortests.algorithms.gram_schmidt" file="src/pymortests/algorithms/gram_schmidt.py" line="68" name="test_gram_schmidt_biorth_with_product[&lt;lambda&gt;26]" time="0.007867813110351562"><system-err>17:10 gram_schmidt_biorth: Projecting vector V[1] again
17:10 gram_schmidt_biorth: Projecting vector W[1] again
17:10 gram_schmidt_biorth: Projecting vector V[1] again
17:10 gram_schmidt_biorth: Projecting vector W[1] again
</system-err></testcase><testcase classname="src.pymortests.algorithms.gram_schmidt" file="src/pymortests/algorithms/gram_schmidt.py" line="68" name="test_gram_schmidt_biorth_with_product[&lt;lambda&gt;27]" time="0.0054779052734375"></testcase><testcase classname="src.pymortests.algorithms.gram_schmidt" file="src/pymortests/algorithms/gram_schmidt.py" line="68" name="test_gram_schmidt_biorth_with_product[&lt;lambda&gt;28]" time="0.004926204681396484"></testcase><testcase classname="src.pymortests.algorithms.gram_schmidt" file="src/pymortests/algorithms/gram_schmidt.py" line="68" name="test_gram_schmidt_biorth_with_product[&lt;lambda&gt;29]" time="0.004080533981323242"></testcase><testcase classname="src.pymortests.algorithms.gram_schmidt" file="src/pymortests/algorithms/gram_schmidt.py" line="68" name="test_gram_schmidt_biorth_with_product[&lt;lambda&gt;30]" time="0.004191160202026367"></testcase><testcase classname="src.pymortests.algorithms.gram_schmidt" file="src/pymortests/algorithms/gram_schmidt.py" line="68" name="test_gram_schmidt_biorth_with_product[&lt;lambda&gt;31]" time="0.004004240036010742"></testcase><testcase classname="src.pymortests.algorithms.gram_schmidt" file="src/pymortests/algorithms/gram_schmidt.py" line="68" name="test_gram_schmidt_biorth_with_product[&lt;lambda&gt;32]" time="0.016010046005249023"></testcase><testcase classname="src.pymortests.algorithms.gram_schmidt" file="src/pymortests/algorithms/gram_schmidt.py" line="68" name="test_gram_schmidt_biorth_with_product[&lt;lambda&gt;33]" time="0.012789487838745117"></testcase><testcase classname="src.pymortests.algorithms.gram_schmidt" file="src/pymortests/algorithms/gram_schmidt.py" line="68" name="test_gram_schmidt_biorth_with_product[&lt;lambda&gt;34]" time="0.008857011795043945"><system-err>17:10 gram_schmidt_biorth: Projecting vector V[1] again
17:10 gram_schmidt_biorth: Projecting vector W[1] again
17:10 gram_schmidt_biorth: Projecting vector V[1] again
17:10 gram_schmidt_biorth: Projecting vector W[1] again
</system-err></testcase><testcase classname="src.pymortests.algorithms.gram_schmidt" file="src/pymortests/algorithms/gram_schmidt.py" line="68" name="test_gram_schmidt_biorth_with_product[&lt;lambda&gt;35]" time="0.012089967727661133"></testcase><testcase classname="src.pymortests.algorithms.gram_schmidt" file="src/pymortests/algorithms/gram_schmidt.py" line="68" name="test_gram_schmidt_biorth_with_product[&lt;lambda&gt;36]" time="0.007881402969360352"><system-err>17:10 gram_schmidt_biorth: Projecting vector V[1] again
17:10 gram_schmidt_biorth: Projecting vector W[1] again
17:10 gram_schmidt_biorth: Projecting vector V[1] again
17:10 gram_schmidt_biorth: Projecting vector W[1] again
</system-err></testcase><testcase classname="src.pymortests.algorithms.stuff" file="src/pymortests/algorithms/stuff.py" line="20" name="test_newton[1]" time="0.002282857894897461"><system-err>17:10 newton:       Initial Residual: 1.000000e+00
17:10 newton: Iteration  1: Residual: 0.000000e+00,  Reduction: 0.000000e+00, Total Reduction: 0.000000e+00
17:10 newton: Absolute limit of 1e-15 reached. Stopping.
</system-err></testcase><testcase classname="src.pymortests.algorithms.stuff" file="src/pymortests/algorithms/stuff.py" line="20" name="test_newton[2]" time="0.0020008087158203125"><system-err>17:10 newton:       Initial Residual: 1.000000e+00
17:10 newton: Iteration  1: Residual: 0.000000e+00,  Reduction: 0.000000e+00, Total Reduction: 0.000000e+00
17:10 newton: Absolute limit of 1e-15 reached. Stopping.
</system-err></testcase><testcase classname="src.pymortests.algorithms.stuff" file="src/pymortests/algorithms/stuff.py" line="20" name="test_newton[3]" time="0.0019593238830566406"><system-err>17:10 newton:       Initial Residual: 1.000000e+00
17:10 newton: Iteration  1: Residual: 0.000000e+00,  Reduction: 0.000000e+00, Total Reduction: 0.000000e+00
17:10 newton: Absolute limit of 1e-15 reached. Stopping.
</system-err></testcase><testcase classname="src.pymortests.algorithms.stuff" file="src/pymortests/algorithms/stuff.py" line="20" name="test_newton[4]" time="0.0019245147705078125"><system-err>17:10 newton:       Initial Residual: 1.000000e+00
17:10 newton: Iteration  1: Residual: 0.000000e+00,  Reduction: 0.000000e+00, Total Reduction: 0.000000e+00
17:10 newton: Absolute limit of 1e-15 reached. Stopping.
</system-err></testcase><testcase classname="src.pymortests.algorithms.stuff" file="src/pymortests/algorithms/stuff.py" line="20" name="test_newton[5]" time="0.0022628307342529297"><system-err>17:10 newton:       Initial Residual: 1.000000e+00
17:10 newton: Iteration  1: Residual: 0.000000e+00,  Reduction: 0.000000e+00, Total Reduction: 0.000000e+00
17:10 newton: Absolute limit of 1e-15 reached. Stopping.
</system-err></testcase><testcase classname="src.pymortests.algorithms.stuff" file="src/pymortests/algorithms/stuff.py" line="20" name="test_newton[6]" time="0.0019290447235107422"><system-err>17:10 newton:       Initial Residual: 1.000000e+00
17:10 newton: Iteration  1: Residual: 0.000000e+00,  Reduction: 0.000000e+00, Total Reduction: 0.000000e+00
17:10 newton: Absolute limit of 1e-15 reached. Stopping.
</system-err></testcase><testcase classname="src.pymortests.algorithms.stuff" file="src/pymortests/algorithms/stuff.py" line="20" name="test_newton[7]" time="0.0019462108612060547"><system-err>17:10 newton:       Initial Residual: 1.000000e+00
17:10 newton: Iteration  1: Residual: 0.000000e+00,  Reduction: 0.000000e+00, Total Reduction: 0.000000e+00
17:10 newton: Absolute limit of 1e-15 reached. Stopping.
</system-err></testcase><testcase classname="src.pymortests.algorithms.stuff" file="src/pymortests/algorithms/stuff.py" line="26" name="test_newton_fail" time="0.004673480987548828"><system-err>17:10 newton:       Initial Residual: 1.000000e+00
17:10 newton: Iteration  1: Residual: 1.000000e+00,  Reduction: 1.000000e+00, Total Reduction: 1.000000e+00
17:10 newton: Iteration  2: Residual: 1.000000e+00,  Reduction: 1.000000e+00, Total Reduction: 1.000000e+00
17:10 newton: Iteration  3: Residual: 1.000000e+00,  Reduction: 1.000000e+00, Total Reduction: 1.000000e+00
17:10 newton: Iteration  4: Residual: 1.000000e+00,  Reduction: 1.000000e+00, Total Reduction: 1.000000e+00
17:10 newton: Iteration  5: Residual: 1.000000e+00,  Reduction: 1.000000e+00, Total Reduction: 1.000000e+00
17:10 newton: Iteration  6: Residual: 1.000000e+00,  Reduction: 1.000000e+00, Total Reduction: 1.000000e+00
17:10 newton: Iteration  7: Residual: 1.000000e+00,  Reduction: 1.000000e+00, Total Reduction: 1.000000e+00
17:10 newton: Iteration  8: Residual: 1.000000e+00,  Reduction: 1.000000e+00, Total Reduction: 1.000000e+00
17:10 newton: Iteration  9: Residual: 1.000000e+00,  Reduction: 1.000000e+00, Total Reduction: 1.000000e+00
17:10 newton: Iteration 10: Residual: 1.000000e+00,  Reduction: 1.000000e+00, Total Reduction: 1.000000e+00
</system-err></testcase><testcase classname="src.pymortests.core.config" file="src/pymortests/core/config.py" line="8" name="test_repr" time="0.02916264533996582"></testcase><testcase classname="src.pymortests.core.config" file="src/pymortests/core/config.py" line="12" name="test_entries" time="0.0012791156768798828"></testcase><testcase classname="src.pymortests.core.config" file="src/pymortests/core/config.py" line="19" name="test_dir" time="0.0010318756103515625"></testcase><testcase classname="src.pymortests.core.defaults" file="src/pymortests/core/defaults.py" line="14" name="test_defaults" time="0.0012240409851074219"></testcase><testcase classname="src.pymortests.core.defaults" file="src/pymortests/core/defaults.py" line="30" name="test_print_defaults" time="0.05028820037841797"><system-out>                                                       defaults affecting state id calcuation                                                       
                                                       ======================================                                                       

path (shortened)                                                       value                                                                  source
---------------------------------------------------------------------  ---------------------------------------------------------------------  ------
basic.almost_equal.atol                                                1e-14                                                                  code  
basic.almost_equal.rtol                                                1e-14                                                                  code  
genericsolvers.apply_inverse.check_finite                              True                                                                   code  
genericsolvers.apply_inverse.default_least_squares_solver              &apos;generic_least_squares_lsmr&apos;                                           code  
genericsolvers.apply_inverse.default_solver                            &apos;generic_lgmres&apos;                                                       code  
genericsolvers.solver_options.least_squares_lsmr_atol                  1e-06                                                                  code  
genericsolvers.solver_options.least_squares_lsmr_btol                  1e-06                                                                  code  
genericsolvers.solver_options.least_squares_lsmr_conlim                100000000.0                                                            code  
genericsolvers.solver_options.least_squares_lsmr_damp                  0.0                                                                    code  
genericsolvers.solver_options.least_squares_lsmr_maxiter               None                                                                   code  
genericsolvers.solver_options.least_squares_lsqr_atol                  1e-06                                                                  code  
genericsolvers.solver_options.least_squares_lsqr_btol                  1e-06                                                                  code  
genericsolvers.solver_options.least_squares_lsqr_conlim                100000000.0                                                            code  
genericsolvers.solver_options.least_squares_lsqr_iter_lim              None                                                                   code  
genericsolvers.solver_options.lgmres_inner_m                           39                                                                     code  
genericsolvers.solver_options.lgmres_maxiter                           1000                                                                   code  
genericsolvers.solver_options.lgmres_outer_k                           3                                                                      code  
genericsolvers.solver_options.lgmres_tol                               1e-05                                                                  code  
gram_schmidt.gram_schmidt.atol                                         1e-13                                                                  code  
gram_schmidt.gram_schmidt.check                                        True                                                                   code  
gram_schmidt.gram_schmidt.check_tol                                    0.001                                                                  code  
gram_schmidt.gram_schmidt.reiterate                                    True                                                                   code  
gram_schmidt.gram_schmidt.reiteration_threshold                        0.1                                                                    code  
gram_schmidt.gram_schmidt.rtol                                         1e-13                                                                  code  
newton.newton.atol                                                     -1.0                                                                   code  
newton.newton.maxiter                                                  100                                                                    code  
newton.newton.miniter                                                  0                                                                      code  
newton.newton.rtol                                                     -1.0                                                                   code  
newton.newton.stagnation_threshold                                     0.9                                                                    code  
newton.newton.stagnation_window                                        3                                                                      code  
pod.pod.atol                                                           0.0                                                                    code  
pod.pod.check                                                          True                                                                   code  
pod.pod.check_tol                                                      1e-10                                                                  code  
pod.pod.l2_err                                                         0.0                                                                    code  
pod.pod.orthonormalize                                                 True                                                                   code  
pod.pod.rtol                                                           4e-08                                                                  code  
pod.pod.symmetrize                                                     False                                                                  code  
text.text_problem.font_name                                            None                                                                   code  
fenics._solver_options.preconditioner                                  &apos;amg&apos;                                                                  code  
fenics._solver_options.solver                                          &apos;bicgstab&apos;                                                             code  
ngsolve.NGSolveMatrixOperator.apply_inverse.default_solver             &apos;&apos;                                                                     code  
pyamg.apply_inverse.check_finite                                       True                                                                   code  
pyamg.apply_inverse.default_solver                                     &apos;pyamg_solve&apos;                                                          code  
pyamg.solver_options.maxiter                                           400                                                                    code  
pyamg.solver_options.rs_CF                                             &apos;RS&apos;                                                                   code  
pyamg.solver_options.rs_accel                                          None                                                                   code  
pyamg.solver_options.rs_coarse_solver                                  &apos;pinv2&apos;                                                                code  
pyamg.solver_options.rs_cycle                                          &apos;V&apos;                                                                    code  
pyamg.solver_options.rs_max_coarse                                     500                                                                    code  
pyamg.solver_options.rs_max_levels                                     10                                                                     code  
pyamg.solver_options.rs_maxiter                                        100                                                                    code  
pyamg.solver_options.rs_postsmoother                                   (&apos;gauss_seidel&apos;, {&apos;sweep&apos;: &apos;symmetric&apos;})                               code  
pyamg.solver_options.rs_strength                                       (&apos;classical&apos;, {&apos;theta&apos;: 0.25})                                         code  
pyamg.solver_options.rs_tol                                            1e-05                                                                  code  
pyamg.solver_options.sa_accel                                          None                                                                   code  
pyamg.solver_options.sa_aggregate                                      &apos;standard&apos;                                                             code  
pyamg.solver_options.sa_coarse_solver                                  &apos;pinv2&apos;                                                                code  
pyamg.solver_options.sa_cycle                                          &apos;V&apos;                                                                    code  
pyamg.solver_options.sa_diagonal_dominance                             False                                                                  code  
pyamg.solver_options.sa_improve_candidates                             ((&apos;block_gauss_seidel&apos;, {&apos;sweep&apos;: &apos;symmetric&apos;, &apos;iterations&apos;: 4}),      code  
                                                                       None)                                                                        
pyamg.solver_options.sa_max_coarse                                     500                                                                    code  
pyamg.solver_options.sa_max_levels                                     10                                                                     code  
pyamg.solver_options.sa_maxiter                                        100                                                                    code  
pyamg.solver_options.sa_postsmoother                                   (&apos;block_gauss_seidel&apos;, {&apos;sweep&apos;: &apos;symmetric&apos;})                         code  
pyamg.solver_options.sa_presmoother                                    (&apos;block_gauss_seidel&apos;, {&apos;sweep&apos;: &apos;symmetric&apos;})                         code  
pyamg.solver_options.sa_smooth                                         (&apos;jacobi&apos;, {&apos;omega&apos;: 1.3333333333333333})                              code  
pyamg.solver_options.sa_strength                                       &apos;symmetric&apos;                                                            code  
pyamg.solver_options.sa_symmetry                                       &apos;hermitian&apos;                                                            code  
pyamg.solver_options.sa_tol                                            1e-05                                                                  code  
pyamg.solver_options.tol                                               1e-05                                                                  code  
pymess.solve_lyap.default_solver                                       &apos;pymess&apos;                                                               code  
pymess.solve_ricc.default_solver                                       &apos;pymess&apos;                                                               code  
scipy.apply_inverse.check_finite                                       True                                                                   code  
scipy.apply_inverse.default_least_squares_solver                       &apos;scipy_least_squares_lsmr&apos;                                             code  
scipy.apply_inverse.default_solver                                     &apos;scipy_spsolve&apos;                                                        code  
scipy.solver_options.bicgstab_maxiter                                  None                                                                   code  
scipy.solver_options.bicgstab_tol                                      1e-15                                                                  code  
scipy.solver_options.least_squares_lsmr_atol                           1e-06                                                                  code  
scipy.solver_options.least_squares_lsmr_btol                           1e-06                                                                  code  
scipy.solver_options.least_squares_lsmr_conlim                         100000000.0                                                            code  
scipy.solver_options.least_squares_lsmr_damp                           0.0                                                                    code  
scipy.solver_options.least_squares_lsmr_maxiter                        None                                                                   code  
scipy.solver_options.least_squares_lsqr_atol                           1e-06                                                                  code  
scipy.solver_options.least_squares_lsqr_btol                           1e-06                                                                  code  
scipy.solver_options.least_squares_lsqr_conlim                         100000000.0                                                            code  
scipy.solver_options.least_squares_lsqr_iter_lim                       None                                                                   code  
scipy.solver_options.lgmres_inner_m                                    39                                                                     code  
scipy.solver_options.lgmres_maxiter                                    1000                                                                   code  
scipy.solver_options.lgmres_outer_k                                    3                                                                      code  
scipy.solver_options.lgmres_tol                                        1e-05                                                                  code  
scipy.solver_options.spilu_drop_rule                                   None                                                                   code  
scipy.solver_options.spilu_drop_tol                                    0.0001                                                                 code  
scipy.solver_options.spilu_fill_factor                                 10                                                                     code  
scipy.solver_options.spilu_permc_spec                                  &apos;COLAMD&apos;                                                               code  
scipy.solver_options.spsolve_keep_factorization                        True                                                                   code  
scipy.solver_options.spsolve_permc_spec                                &apos;COLAMD&apos;                                                               code  
iosys.LTISystem._lyap_solver.default_solver_backend                    &apos;pymess&apos;                                                               code  
constructions.induced_norm.raise_negative                              True                                                                   code  
constructions.induced_norm.tol                                         1e-10                                                                  code  
fv.jacobian_options.delta                                              1e-07                                                                  code  
numpy.NumpyMatrixOperator.apply_inverse.check_finite                   True                                                                   code  
numpy.NumpyMatrixOperator.apply_inverse.default_sparse_solver_backend  &apos;scipy&apos;                                                                code  
default.new_parallel_pool.allow_mpi                                    True                                                                   code  
default.new_parallel_pool.ipython_num_engines                          None                                                                   code  
default.new_parallel_pool.ipython_profile                              None                                                                   code  
bt.BRBTReductor._ricc_solver.default_solver_backend                    &apos;slycot&apos;                                                               code  
bt.LQGBTReductor._ricc_solver.default_solver_backend                   &apos;pymess&apos;                                                               code  
floatcmp.float_cmp.atol                                                1e-14                                                                  code  
floatcmp.float_cmp.rtol                                                1e-14                                                                  code  
mpi.event_loop_settings.auto_launch                                    True                                                                   code  
random.new_random_state.seed                                           42                                                                     code  
defaults.func.c                                                        43                                                                     user  
defaults.func.d                                                        3                                                                      code  



                  defaults not affecting state id calculation                   
                  ===========================================                   

path (shortened)                     value                                source
-----------------------------------  -----------------------------------  ------
genericsolvers.solver_options.least  False                                code  
_squares_lsmr_show                                                              
genericsolvers.solver_options.least  False                                code  
_squares_lsqr_show                                                              
pyamg.solver_options.verb            False                                code  
scipy.solver_options.least_squares_  False                                code  
lsmr_show                                                                       
scipy.solver_options.least_squares_  False                                code  
lsqr_show                                                                       
cache.default_regions.disk_max_size  1073741824                           code  
cache.default_regions.disk_path      &apos;/tmp/pymor.cache.pymor&apos;             code  
cache.default_regions.memory_max_ke  1000                                 code  
ys                                                                              
cache.default_regions.persistent_ma  1073741824                           code  
x_size                                                                          
cache.default_regions.persistent_pa  &apos;/tmp/pymor.persistent.cache.pymor&apos;  code  
th                                                                              
logger.getLogger.filename            &apos;&apos;                                   code  
logger.set_log_format.block_timings  False                                code  
logger.set_log_format.indent_blocks  True                                 code  
logger.set_log_format.max_hierarchy  1                                    code  
_level                                                                          
logger.set_log_levels.levels         None                                 code  
gl.colormap_texture.name             &apos;viridis&apos;                            code  
qt.visualize_patch.backend           &apos;gl&apos;                                 code  
pprint.format_array.compact_print    False                                code  

</system-out></testcase><testcase classname="src.pymortests.core.defaults" file="src/pymortests/core/defaults.py" line="34" name="test_write_defaults_to_file" time="0.012462854385375977"><system-out>Written defaults to file /tmp/tmp2s3c3jdg/defaults.py
</system-out></testcase><testcase classname="src.pymortests.core.defaults" file="src/pymortests/core/defaults.py" line="39" name="test_load_defaults_from_file" time="0.01200246810913086"><system-out>Written defaults to file /tmp/tmpmvggr7o0/defaults.py
</system-out></testcase><testcase classname="src.pymortests.core.interface.Test_Interface" file="src/pymortests/core/interface.py" line="18" name="testImplementorlist" time="0.001264810562133789"></testcase><testcase classname="src.pymortests.core.interface.Test_Interface" file="src/pymortests/core/interface.py" line="24" name="testAbstractMethods" time="0.0030028820037841797"></testcase><testcase classname="src.pymortests.core.interface.Test_Interface" file="src/pymortests/core/interface.py" line="56" name="testVersion" time="0.0007789134979248047"></testcase><testcase classname="src.pymortests.core.interface" file="src/pymortests/core/interface.py" line="78" name="test_withcopy_implementors" time="0.008275508880615234"></testcase><testcase classname="src.pymortests.core.logger" file="src/pymortests/core/logger.py" line="20" name="test_logclass[RuleTable]" time="0.0013957023620605469"><system-err>17:10 |WARNING|RuleTable: warning -- logger &lt;Logger pymor.algorithms.rules.RuleTable (INFO)&gt;
17:10 |ERROR|RuleTable: error -- logger &lt;Logger pymor.algorithms.rules.RuleTable (INFO)&gt;
17:10 RuleTable: info -- logger &lt;Logger pymor.algorithms.rules.RuleTable (INFO)&gt;
</system-err></testcase><testcase classname="src.pymortests.core.logger" file="src/pymortests/core/logger.py" line="20" name="test_logclass[PatchVisualizer]" time="0.001157522201538086"><system-err>17:10 |WARNING|PatchVisualizer: warning -- logger &lt;Logger pymor.gui.visualizers.PatchVisualizer (INFO)&gt;
17:10 |ERROR|PatchVisualizer: error -- logger &lt;Logger pymor.gui.visualizers.PatchVisualizer (INFO)&gt;
17:10 PatchVisualizer: info -- logger &lt;Logger pymor.gui.visualizers.PatchVisualizer (INFO)&gt;
</system-err></testcase><testcase classname="src.pymortests.core.logger" file="src/pymortests/core/logger.py" line="20" name="test_logclass[OnedVisualizer]" time="0.0012021064758300781"><system-err>17:10 |WARNING|OnedVisualizer: warning -- logger &lt;Logger pymor.gui.visualizers.OnedVisualizer (INFO)&gt;
17:10 |ERROR|OnedVisualizer: error -- logger &lt;Logger pymor.gui.visualizers.OnedVisualizer (INFO)&gt;
17:10 OnedVisualizer: info -- logger &lt;Logger pymor.gui.visualizers.OnedVisualizer (INFO)&gt;
</system-err></testcase><testcase classname="src.pymortests.core.logger" file="src/pymortests/core/logger.py" line="20" name="test_logclass[FenicsVisualizer]" time="0.0014102458953857422"><system-err>17:10 |WARNING|FenicsVisualizer: warning -- logger &lt;Logger pymor.bindings.fenics.FenicsVisualizer (INFO)&gt;
17:10 |ERROR|FenicsVisualizer: error -- logger &lt;Logger pymor.bindings.fenics.FenicsVisualizer (INFO)&gt;
17:10 FenicsVisualizer: info -- logger &lt;Logger pymor.bindings.fenics.FenicsVisualizer (INFO)&gt;
</system-err></testcase><testcase classname="src.pymortests.core.logger" file="src/pymortests/core/logger.py" line="20" name="test_logclass[BoringTestClass]" time="0.001127004623413086"><system-err>17:10 |WARNING|BoringTestClass: warning -- logger &lt;Logger pymortests.core.dummies.BoringTestClass (INFO)&gt;
17:10 |ERROR|BoringTestClass: error -- logger &lt;Logger pymortests.core.dummies.BoringTestClass (INFO)&gt;
17:10 BoringTestClass: info -- logger &lt;Logger pymortests.core.dummies.BoringTestClass (INFO)&gt;
</system-err></testcase><testcase classname="src.pymortests.core.logger" file="src/pymortests/core/logger.py" line="20" name="test_logclass[RemoteObjectManager]" time="0.0012180805206298828"><system-err>17:10 |WARNING|RemoteObjectManager: warning -- logger &lt;Logger pymor.parallel.manager.RemoteObjectManager (INFO)&gt;
17:10 |ERROR|RemoteObjectManager: error -- logger &lt;Logger pymor.parallel.manager.RemoteObjectManager (INFO)&gt;
17:10 RemoteObjectManager: info -- logger &lt;Logger pymor.parallel.manager.RemoteObjectManager (INFO)&gt;
</system-err></testcase><testcase classname="src.pymortests.core.logger" file="src/pymortests/core/logger.py" line="20" name="test_logclass[AdaptiveSampleSet]" time="0.001171112060546875"><system-err>17:10 |WARNING|AdaptiveSampleSet: warning -- logger &lt;Logger pymor.algorithms.adaptivegreedy.AdaptiveSampleSet (INFO)&gt;
17:10 |ERROR|AdaptiveSampleSet: error -- logger &lt;Logger pymor.algorithms.adaptivegreedy.AdaptiveSampleSet (INFO)&gt;
17:10 AdaptiveSampleSet: info -- logger &lt;Logger pymor.algorithms.adaptivegreedy.AdaptiveSampleSet (INFO)&gt;
</system-err></testcase><testcase classname="src.pymortests.core.logger" file="src/pymortests/core/logger.py" line="20" name="test_logclass[GenericRBReductor]" time="0.0011973381042480469"><system-err>17:10 |WARNING|GenericRBReductor: warning -- logger &lt;Logger pymor.reductors.basic.GenericRBReductor (INFO)&gt;
17:10 |ERROR|GenericRBReductor: error -- logger &lt;Logger pymor.reductors.basic.GenericRBReductor (INFO)&gt;
17:10 GenericRBReductor: info -- logger &lt;Logger pymor.reductors.basic.GenericRBReductor (INFO)&gt;
</system-err></testcase><testcase classname="src.pymortests.core.logger" file="src/pymortests/core/logger.py" line="20" name="test_logclass[GenericPGReductor]" time="0.0011324882507324219"><system-err>17:10 |WARNING|GenericPGReductor: warning -- logger &lt;Logger pymor.reductors.basic.GenericPGReductor (INFO)&gt;
17:10 |ERROR|GenericPGReductor: error -- logger &lt;Logger pymor.reductors.basic.GenericPGReductor (INFO)&gt;
17:10 GenericPGReductor: info -- logger &lt;Logger pymor.reductors.basic.GenericPGReductor (INFO)&gt;
</system-err></testcase><testcase classname="src.pymortests.core.logger" file="src/pymortests/core/logger.py" line="20" name="test_logclass[ResidualReductor]" time="0.0011661052703857422"><system-err>17:10 |WARNING|ResidualReductor: warning -- logger &lt;Logger pymor.reductors.residual.ResidualReductor (INFO)&gt;
17:10 |ERROR|ResidualReductor: error -- logger &lt;Logger pymor.reductors.residual.ResidualReductor (INFO)&gt;
17:10 ResidualReductor: info -- logger &lt;Logger pymor.reductors.residual.ResidualReductor (INFO)&gt;
</system-err></testcase><testcase classname="src.pymortests.core.logger" file="src/pymortests/core/logger.py" line="20" name="test_logclass[ImplicitEulerResidualReductor]" time="0.0011022090911865234"><system-err>17:10 |WARNING|ImplicitEulerResidualReductor: warning -- logger &lt;Logger pymor.reductors.residual.ImplicitEulerResidualReductor (INFO)&gt;
17:10 |ERROR|ImplicitEulerResidualReductor: error -- logger &lt;Logger pymor.reductors.residual.ImplicitEulerResidualReductor (INFO)&gt;
17:10 ImplicitEulerResidualReductor: info -- logger &lt;Logger pymor.reductors.residual.ImplicitEulerResidualReductor (INFO)&gt;
</system-err></testcase><testcase classname="src.pymortests.core.logger" file="src/pymortests/core/logger.py" line="20" name="test_logclass[TFInterpReductor]" time="0.0011548995971679688"><system-err>17:10 |WARNING|TFInterpReductor: warning -- logger &lt;Logger pymor.reductors.interpolation.TFInterpReductor (INFO)&gt;
17:10 |ERROR|TFInterpReductor: error -- logger &lt;Logger pymor.reductors.interpolation.TFInterpReductor (INFO)&gt;
17:10 TFInterpReductor: info -- logger &lt;Logger pymor.reductors.interpolation.TFInterpReductor (INFO)&gt;
</system-err></testcase><testcase classname="src.pymortests.core.logger" file="src/pymortests/core/logger.py" line="20" name="test_logclass[TF_IRKAReductor]" time="0.001110076904296875"><system-err>17:10 |WARNING|TF_IRKAReductor: warning -- logger &lt;Logger pymor.reductors.h2.TF_IRKAReductor (INFO)&gt;
17:10 |ERROR|TF_IRKAReductor: error -- logger &lt;Logger pymor.reductors.h2.TF_IRKAReductor (INFO)&gt;
17:10 TF_IRKAReductor: info -- logger &lt;Logger pymor.reductors.h2.TF_IRKAReductor (INFO)&gt;
</system-err></testcase><testcase classname="src.pymortests.core.logger" file="src/pymortests/core/logger.py" line="20" name="test_logclass[SOBTReductor]" time="0.001116037368774414"><system-err>17:10 |WARNING|SOBTReductor: warning -- logger &lt;Logger pymor.reductors.sobt.SOBTReductor (INFO)&gt;
17:10 |ERROR|SOBTReductor: error -- logger &lt;Logger pymor.reductors.sobt.SOBTReductor (INFO)&gt;
17:10 SOBTReductor: info -- logger &lt;Logger pymor.reductors.sobt.SOBTReductor (INFO)&gt;
</system-err></testcase><testcase classname="src.pymortests.core.logger" file="src/pymortests/core/logger.py" line="20" name="test_logclass[new_ipcluster_pool]" time="0.0011219978332519531"><system-err>17:10 |WARNING|new_ipcluster_pool: warning -- logger &lt;Logger pymor.parallel.ipython.new_ipcluster_pool (INFO)&gt;
17:10 |ERROR|new_ipcluster_pool: error -- logger &lt;Logger pymor.parallel.ipython.new_ipcluster_pool (INFO)&gt;
17:10 new_ipcluster_pool: info -- logger &lt;Logger pymor.parallel.ipython.new_ipcluster_pool (INFO)&gt;
</system-err></testcase><testcase classname="src.pymortests.core.logger" file="src/pymortests/core/logger.py" line="20" name="test_logclass[StationaryProblem]" time="0.001112222671508789"><system-err>17:10 |WARNING|StationaryProblem: warning -- logger &lt;Logger pymor.analyticalproblems.elliptic.StationaryProblem (INFO)&gt;
17:10 |ERROR|StationaryProblem: error -- logger &lt;Logger pymor.analyticalproblems.elliptic.StationaryProblem (INFO)&gt;
17:10 StationaryProblem: info -- logger &lt;Logger pymor.analyticalproblems.elliptic.StationaryProblem (INFO)&gt;
</system-err></testcase><testcase classname="src.pymortests.core.logger" file="src/pymortests/core/logger.py" line="20" name="test_logclass[InstationaryProblem]" time="0.0011188983917236328"><system-err>17:10 |WARNING|InstationaryProblem: warning -- logger &lt;Logger pymor.analyticalproblems.instationary.InstationaryProblem (INFO)&gt;
17:10 |ERROR|InstationaryProblem: error -- logger &lt;Logger pymor.analyticalproblems.instationary.InstationaryProblem (INFO)&gt;
17:10 InstationaryProblem: info -- logger &lt;Logger pymor.analyticalproblems.instationary.InstationaryProblem (INFO)&gt;
</system-err></testcase><testcase classname="src.pymortests.core.logger" file="src/pymortests/core/logger.py" line="20" name="test_logclass[InducedNorm]" time="0.0011126995086669922"><system-err>17:10 |WARNING|InducedNorm: warning -- logger &lt;Logger pymor.operators.constructions.InducedNorm (INFO)&gt;
17:10 |ERROR|InducedNorm: error -- logger &lt;Logger pymor.operators.constructions.InducedNorm (INFO)&gt;
17:10 InducedNorm: info -- logger &lt;Logger pymor.operators.constructions.InducedNorm (INFO)&gt;
</system-err></testcase><testcase classname="src.pymortests.core.logger" file="src/pymortests/core/logger.py" line="20" name="test_logclass[NGSolveVisualizer]" time="0.0010995864868164062"><system-err>17:10 |WARNING|NGSolveVisualizer: warning -- logger &lt;Logger pymor.bindings.ngsolve.NGSolveVisualizer (INFO)&gt;
17:10 |ERROR|NGSolveVisualizer: error -- logger &lt;Logger pymor.bindings.ngsolve.NGSolveVisualizer (INFO)&gt;
17:10 NGSolveVisualizer: info -- logger &lt;Logger pymor.bindings.ngsolve.NGSolveVisualizer (INFO)&gt;
</system-err></testcase><testcase classname="src.pymortests.core.logger" file="src/pymortests/core/logger.py" line="20" name="test_logclass[CoerciveRBEstimator]" time="0.0011065006256103516"><system-err>17:10 |WARNING|CoerciveRBEstimator: warning -- logger &lt;Logger pymor.reductors.coercive.CoerciveRBEstimator (INFO)&gt;
17:10 |ERROR|CoerciveRBEstimator: error -- logger &lt;Logger pymor.reductors.coercive.CoerciveRBEstimator (INFO)&gt;
17:10 CoerciveRBEstimator: info -- logger &lt;Logger pymor.reductors.coercive.CoerciveRBEstimator (INFO)&gt;
</system-err></testcase><testcase classname="src.pymortests.core.logger" file="src/pymortests/core/logger.py" line="20" name="test_logclass[SimpleCoerciveRBEstimator]" time="0.0014002323150634766"><system-err>17:10 |WARNING|SimpleCoerciveRBEstimator: warning -- logger &lt;Logger pymor.reductors.coercive.SimpleCoerciveRBEstimator (INFO)&gt;
17:10 |ERROR|SimpleCoerciveRBEstimator: error -- logger &lt;Logger pymor.reductors.coercive.SimpleCoerciveRBEstimator (INFO)&gt;
17:10 SimpleCoerciveRBEstimator: info -- logger &lt;Logger pymor.reductors.coercive.SimpleCoerciveRBEstimator (INFO)&gt;
</system-err></testcase><testcase classname="src.pymortests.core.logger" file="src/pymortests/core/logger.py" line="20" name="test_logclass[ParabolicRBEstimator]" time="0.0011157989501953125"><system-err>17:10 |WARNING|ParabolicRBEstimator: warning -- logger &lt;Logger pymor.reductors.parabolic.ParabolicRBEstimator (INFO)&gt;
17:10 |ERROR|ParabolicRBEstimator: error -- logger &lt;Logger pymor.reductors.parabolic.ParabolicRBEstimator (INFO)&gt;
17:10 ParabolicRBEstimator: info -- logger &lt;Logger pymor.reductors.parabolic.ParabolicRBEstimator (INFO)&gt;
</system-err></testcase><testcase classname="src.pymortests.core.logger" file="src/pymortests/core/logger.py" line="20" name="test_logclass[MPIVisualizer]" time="0.0011348724365234375"><system-err>17:10 |WARNING|MPIVisualizer: warning -- logger &lt;Logger pymor.discretizations.mpi.MPIVisualizer (INFO)&gt;
17:10 |ERROR|MPIVisualizer: error -- logger &lt;Logger pymor.discretizations.mpi.MPIVisualizer (INFO)&gt;
17:10 MPIVisualizer: info -- logger &lt;Logger pymor.discretizations.mpi.MPIVisualizer (INFO)&gt;
</system-err></testcase><testcase classname="src.pymortests.core.logger" file="src/pymortests/core/logger.py" line="20" name="test_logclass[NumpyVectorArray]" time="0.0010986328125"><system-err>17:10 |WARNING|NumpyVectorArray: warning -- logger &lt;Logger pymor.vectorarrays.numpy.NumpyVectorArray (INFO)&gt;
17:10 |ERROR|NumpyVectorArray: error -- logger &lt;Logger pymor.vectorarrays.numpy.NumpyVectorArray (INFO)&gt;
17:10 NumpyVectorArray: info -- logger &lt;Logger pymor.vectorarrays.numpy.NumpyVectorArray (INFO)&gt;
</system-err></testcase><testcase classname="src.pymortests.core.logger" file="src/pymortests/core/logger.py" line="20" name="test_logclass[BlockVectorArray]" time="0.0011012554168701172"><system-err>17:10 |WARNING|BlockVectorArray: warning -- logger &lt;Logger pymor.vectorarrays.block.BlockVectorArray (INFO)&gt;
17:10 |ERROR|BlockVectorArray: error -- logger &lt;Logger pymor.vectorarrays.block.BlockVectorArray (INFO)&gt;
17:10 BlockVectorArray: info -- logger &lt;Logger pymor.vectorarrays.block.BlockVectorArray (INFO)&gt;
</system-err></testcase><testcase classname="src.pymortests.core.logger" file="src/pymortests/core/logger.py" line="20" name="test_logclass[ListVectorArray]" time="0.0011818408966064453"><system-err>17:10 |WARNING|ListVectorArray: warning -- logger &lt;Logger pymor.vectorarrays.list.ListVectorArray (INFO)&gt;
17:10 |ERROR|ListVectorArray: error -- logger &lt;Logger pymor.vectorarrays.list.ListVectorArray (INFO)&gt;
17:10 ListVectorArray: info -- logger &lt;Logger pymor.vectorarrays.list.ListVectorArray (INFO)&gt;
</system-err></testcase><testcase classname="src.pymortests.core.logger" file="src/pymortests/core/logger.py" line="20" name="test_logclass[MPIVectorArray]" time="0.0011200904846191406"><system-err>17:10 |WARNING|MPIVectorArray: warning -- logger &lt;Logger pymor.vectorarrays.mpi.MPIVectorArray (INFO)&gt;
17:10 |ERROR|MPIVectorArray: error -- logger &lt;Logger pymor.vectorarrays.mpi.MPIVectorArray (INFO)&gt;
17:10 MPIVectorArray: info -- logger &lt;Logger pymor.vectorarrays.mpi.MPIVectorArray (INFO)&gt;
</system-err></testcase><testcase classname="src.pymortests.core.logger" file="src/pymortests/core/logger.py" line="20" name="test_logclass[PreAssembleRules]" time="0.0011272430419921875"><system-err>17:10 |WARNING|PreAssembleRules: warning -- logger &lt;Logger pymor.algorithms.preassemble.PreAssembleRules (INFO)&gt;
17:10 |ERROR|PreAssembleRules: error -- logger &lt;Logger pymor.algorithms.preassemble.PreAssembleRules (INFO)&gt;
17:10 PreAssembleRules: info -- logger &lt;Logger pymor.algorithms.preassemble.PreAssembleRules (INFO)&gt;
</system-err></testcase><testcase classname="src.pymortests.core.logger" file="src/pymortests/core/logger.py" line="20" name="test_logclass[ProjectRules]" time="0.0011408329010009766"><system-err>17:10 |WARNING|ProjectRules: warning -- logger &lt;Logger pymor.algorithms.projection.ProjectRules (INFO)&gt;
17:10 |ERROR|ProjectRules: error -- logger &lt;Logger pymor.algorithms.projection.ProjectRules (INFO)&gt;
17:10 ProjectRules: info -- logger &lt;Logger pymor.algorithms.projection.ProjectRules (INFO)&gt;
</system-err></testcase><testcase classname="src.pymortests.core.logger" file="src/pymortests/core/logger.py" line="20" name="test_logclass[ProjectToSubbasisRules]" time="0.0011949539184570312"><system-err>17:10 |WARNING|ProjectToSubbasisRules: warning -- logger &lt;Logger pymor.algorithms.projection.ProjectToSubbasisRules (INFO)&gt;
17:10 |ERROR|ProjectToSubbasisRules: error -- logger &lt;Logger pymor.algorithms.projection.ProjectToSubbasisRules (INFO)&gt;
17:10 ProjectToSubbasisRules: info -- logger &lt;Logger pymor.algorithms.projection.ProjectToSubbasisRules (INFO)&gt;
</system-err></testcase><testcase classname="src.pymortests.core.logger" file="src/pymortests/core/logger.py" line="20" name="test_logclass[ToMatrixRules]" time="0.0011529922485351562"><system-err>17:10 |WARNING|ToMatrixRules: warning -- logger &lt;Logger pymor.algorithms.to_matrix.ToMatrixRules (INFO)&gt;
17:10 |ERROR|ToMatrixRules: error -- logger &lt;Logger pymor.algorithms.to_matrix.ToMatrixRules (INFO)&gt;
17:10 ToMatrixRules: info -- logger &lt;Logger pymor.algorithms.to_matrix.ToMatrixRules (INFO)&gt;
</system-err></testcase><testcase classname="src.pymortests.core.logger" file="src/pymortests/core/logger.py" line="20" name="test_logclass[CollectOperatorRangeRules]" time="0.0011506080627441406"><system-err>17:10 |WARNING|CollectOperatorRangeRules: warning -- logger &lt;Logger pymor.algorithms.image.CollectOperatorRangeRules (INFO)&gt;
17:10 |ERROR|CollectOperatorRangeRules: error -- logger &lt;Logger pymor.algorithms.image.CollectOperatorRangeRules (INFO)&gt;
17:10 CollectOperatorRangeRules: info -- logger &lt;Logger pymor.algorithms.image.CollectOperatorRangeRules (INFO)&gt;
</system-err></testcase><testcase classname="src.pymortests.core.logger" file="src/pymortests/core/logger.py" line="20" name="test_logclass[CollectVectorRangeRules]" time="0.001094818115234375"><system-err>17:10 |WARNING|CollectVectorRangeRules: warning -- logger &lt;Logger pymor.algorithms.image.CollectVectorRangeRules (INFO)&gt;
17:10 |ERROR|CollectVectorRangeRules: error -- logger &lt;Logger pymor.algorithms.image.CollectVectorRangeRules (INFO)&gt;
17:10 CollectVectorRangeRules: info -- logger &lt;Logger pymor.algorithms.image.CollectVectorRangeRules (INFO)&gt;
</system-err></testcase><testcase classname="src.pymortests.core.logger" file="src/pymortests/core/logger.py" line="20" name="test_logclass[CopyOnWriteVector]" time="0.001112222671508789"><system-err>17:10 |WARNING|CopyOnWriteVector: warning -- logger &lt;Logger pymor.vectorarrays.list.CopyOnWriteVector (INFO)&gt;
17:10 |ERROR|CopyOnWriteVector: error -- logger &lt;Logger pymor.vectorarrays.list.CopyOnWriteVector (INFO)&gt;
17:10 CopyOnWriteVector: info -- logger &lt;Logger pymor.vectorarrays.list.CopyOnWriteVector (INFO)&gt;
</system-err></testcase><testcase classname="src.pymortests.core.logger" file="src/pymortests/core/logger.py" line="20" name="test_logclass[AllDirichletBoundaryInfo]" time="0.0011510848999023438"><system-err>17:10 |WARNING|AllDirichletBoundaryInfo: warning -- logger &lt;Logger pymortests.core.dummies.AllDirichletBoundaryInfo (INFO)&gt;
17:10 |ERROR|AllDirichletBoundaryInfo: error -- logger &lt;Logger pymortests.core.dummies.AllDirichletBoundaryInfo (INFO)&gt;
17:10 AllDirichletBoundaryInfo: info -- logger &lt;Logger pymortests.core.dummies.AllDirichletBoundaryInfo (INFO)&gt;
</system-err></testcase><testcase classname="src.pymortests.core.logger" file="src/pymortests/core/logger.py" line="20" name="test_logclass[StupidImplementer]" time="0.0011301040649414062"><system-err>17:10 |WARNING|StupidImplementer: warning -- logger &lt;Logger pymortests.core.dummies.StupidImplementer (INFO)&gt;
17:10 |ERROR|StupidImplementer: error -- logger &lt;Logger pymortests.core.dummies.StupidImplementer (INFO)&gt;
17:10 StupidImplementer: info -- logger &lt;Logger pymortests.core.dummies.StupidImplementer (INFO)&gt;
</system-err></testcase><testcase classname="src.pymortests.core.logger" file="src/pymortests/core/logger.py" line="20" name="test_logclass[AverageImplementer0]" time="0.0011272430419921875"><system-err>17:10 |WARNING|AverageImplementer: warning -- logger &lt;Logger pymortests.core.dummies.AverageImplementer (INFO)&gt;
17:10 |ERROR|AverageImplementer: error -- logger &lt;Logger pymortests.core.dummies.AverageImplementer (INFO)&gt;
17:10 AverageImplementer: info -- logger &lt;Logger pymortests.core.dummies.AverageImplementer (INFO)&gt;
</system-err></testcase><testcase classname="src.pymortests.core.logger" file="src/pymortests/core/logger.py" line="20" name="test_logclass[FailImplementer]" time="0.0011188983917236328"><system-err>17:10 |WARNING|FailImplementer: warning -- logger &lt;Logger pymortests.core.dummies.FailImplementer (INFO)&gt;
17:10 |ERROR|FailImplementer: error -- logger &lt;Logger pymortests.core.dummies.FailImplementer (INFO)&gt;
17:10 FailImplementer: info -- logger &lt;Logger pymortests.core.dummies.FailImplementer (INFO)&gt;
</system-err></testcase><testcase classname="src.pymortests.core.logger" file="src/pymortests/core/logger.py" line="20" name="test_logclass[AverageImplementer1]" time="0.0011692047119140625"><system-err>17:10 |WARNING|AverageImplementer: warning -- logger &lt;Logger pymortests.core.dummies.AverageImplementer (INFO)&gt;
17:10 |ERROR|AverageImplementer: error -- logger &lt;Logger pymortests.core.dummies.AverageImplementer (INFO)&gt;
17:10 AverageImplementer: info -- logger &lt;Logger pymortests.core.dummies.AverageImplementer (INFO)&gt;
</system-err></testcase><testcase classname="src.pymortests.core.logger" file="src/pymortests/core/logger.py" line="20" name="test_logclass[DummyPool]" time="0.0011210441589355469"><system-err>17:10 |WARNING|DummyPool: warning -- logger &lt;Logger pymor.parallel.dummy.DummyPool (INFO)&gt;
17:10 |ERROR|DummyPool: error -- logger &lt;Logger pymor.parallel.dummy.DummyPool (INFO)&gt;
17:10 DummyPool: info -- logger &lt;Logger pymor.parallel.dummy.DummyPool (INFO)&gt;
</system-err></testcase><testcase classname="src.pymortests.core.logger" file="src/pymortests/core/logger.py" line="20" name="test_logclass[WorkerPoolBase]" time="0.0010988712310791016"><system-err>17:10 |WARNING|WorkerPoolBase: warning -- logger &lt;Logger pymor.parallel.basic.WorkerPoolBase (INFO)&gt;
17:10 |ERROR|WorkerPoolBase: error -- logger &lt;Logger pymor.parallel.basic.WorkerPoolBase (INFO)&gt;
17:10 WorkerPoolBase: info -- logger &lt;Logger pymor.parallel.basic.WorkerPoolBase (INFO)&gt;
</system-err></testcase><testcase classname="src.pymortests.core.logger" file="src/pymortests/core/logger.py" line="20" name="test_logclass[CoerciveRBReductor]" time="0.0010800361633300781"><system-err>17:10 |WARNING|CoerciveRBReductor: warning -- logger &lt;Logger pymor.reductors.coercive.CoerciveRBReductor (INFO)&gt;
17:10 |ERROR|CoerciveRBReductor: error -- logger &lt;Logger pymor.reductors.coercive.CoerciveRBReductor (INFO)&gt;
17:10 CoerciveRBReductor: info -- logger &lt;Logger pymor.reductors.coercive.CoerciveRBReductor (INFO)&gt;
</system-err></testcase><testcase classname="src.pymortests.core.logger" file="src/pymortests/core/logger.py" line="20" name="test_logclass[SimpleCoerciveRBReductor]" time="0.0011374950408935547"><system-err>17:10 |WARNING|SimpleCoerciveRBReductor: warning -- logger &lt;Logger pymor.reductors.coercive.SimpleCoerciveRBReductor (INFO)&gt;
17:10 |ERROR|SimpleCoerciveRBReductor: error -- logger &lt;Logger pymor.reductors.coercive.SimpleCoerciveRBReductor (INFO)&gt;
17:10 SimpleCoerciveRBReductor: info -- logger &lt;Logger pymor.reductors.coercive.SimpleCoerciveRBReductor (INFO)&gt;
</system-err></testcase><testcase classname="src.pymortests.core.logger" file="src/pymortests/core/logger.py" line="20" name="test_logclass[ParabolicRBReductor]" time="0.0011250972747802734"><system-err>17:10 |WARNING|ParabolicRBReductor: warning -- logger &lt;Logger pymor.reductors.parabolic.ParabolicRBReductor (INFO)&gt;
17:10 |ERROR|ParabolicRBReductor: error -- logger &lt;Logger pymor.reductors.parabolic.ParabolicRBReductor (INFO)&gt;
17:10 ParabolicRBReductor: info -- logger &lt;Logger pymor.reductors.parabolic.ParabolicRBReductor (INFO)&gt;
</system-err></testcase><testcase classname="src.pymortests.core.logger" file="src/pymortests/core/logger.py" line="20" name="test_logclass[GenericBTReductor]" time="0.0013415813446044922"><system-err>17:10 |WARNING|GenericBTReductor: warning -- logger &lt;Logger pymor.reductors.bt.GenericBTReductor (INFO)&gt;
17:10 |ERROR|GenericBTReductor: error -- logger &lt;Logger pymor.reductors.bt.GenericBTReductor (INFO)&gt;
17:10 GenericBTReductor: info -- logger &lt;Logger pymor.reductors.bt.GenericBTReductor (INFO)&gt;
</system-err></testcase><testcase classname="src.pymortests.core.logger" file="src/pymortests/core/logger.py" line="20" name="test_logclass[GenericBHIReductor]" time="0.0011374950408935547"><system-err>17:10 |WARNING|GenericBHIReductor: warning -- logger &lt;Logger pymor.reductors.interpolation.GenericBHIReductor (INFO)&gt;
17:10 |ERROR|GenericBHIReductor: error -- logger &lt;Logger pymor.reductors.interpolation.GenericBHIReductor (INFO)&gt;
17:10 GenericBHIReductor: info -- logger &lt;Logger pymor.reductors.interpolation.GenericBHIReductor (INFO)&gt;
</system-err></testcase><testcase classname="src.pymortests.core.logger" file="src/pymortests/core/logger.py" line="20" name="test_logclass[IRKAReductor]" time="0.001119375228881836"><system-err>17:10 |WARNING|IRKAReductor: warning -- logger &lt;Logger pymor.reductors.h2.IRKAReductor (INFO)&gt;
17:10 |ERROR|IRKAReductor: error -- logger &lt;Logger pymor.reductors.h2.IRKAReductor (INFO)&gt;
17:10 IRKAReductor: info -- logger &lt;Logger pymor.reductors.h2.IRKAReductor (INFO)&gt;
</system-err></testcase><testcase classname="src.pymortests.core.logger" file="src/pymortests/core/logger.py" line="20" name="test_logclass[TSIAReductor]" time="0.0011372566223144531"><system-err>17:10 |WARNING|TSIAReductor: warning -- logger &lt;Logger pymor.reductors.h2.TSIAReductor (INFO)&gt;
17:10 |ERROR|TSIAReductor: error -- logger &lt;Logger pymor.reductors.h2.TSIAReductor (INFO)&gt;
17:10 TSIAReductor: info -- logger &lt;Logger pymor.reductors.h2.TSIAReductor (INFO)&gt;
</system-err></testcase><testcase classname="src.pymortests.core.logger" file="src/pymortests/core/logger.py" line="20" name="test_logclass[GenericSOBTpvReductor]" time="0.0011527538299560547"><system-err>17:10 |WARNING|GenericSOBTpvReductor: warning -- logger &lt;Logger pymor.reductors.sobt.GenericSOBTpvReductor (INFO)&gt;
17:10 |ERROR|GenericSOBTpvReductor: error -- logger &lt;Logger pymor.reductors.sobt.GenericSOBTpvReductor (INFO)&gt;
17:10 GenericSOBTpvReductor: info -- logger &lt;Logger pymor.reductors.sobt.GenericSOBTpvReductor (INFO)&gt;
</system-err></testcase><testcase classname="src.pymortests.core.logger" file="src/pymortests/core/logger.py" line="20" name="test_logclass[SOBTfvReductor]" time="0.0011336803436279297"><system-err>17:10 |WARNING|SOBTfvReductor: warning -- logger &lt;Logger pymor.reductors.sobt.SOBTfvReductor (INFO)&gt;
17:10 |ERROR|SOBTfvReductor: error -- logger &lt;Logger pymor.reductors.sobt.SOBTfvReductor (INFO)&gt;
17:10 SOBTfvReductor: info -- logger &lt;Logger pymor.reductors.sobt.SOBTfvReductor (INFO)&gt;
</system-err></testcase><testcase classname="src.pymortests.core.logger" file="src/pymortests/core/logger.py" line="20" name="test_logclass[SOR_IRKAReductor]" time="0.0011456012725830078"><system-err>17:10 |WARNING|SOR_IRKAReductor: warning -- logger &lt;Logger pymor.reductors.sor_irka.SOR_IRKAReductor (INFO)&gt;
17:10 |ERROR|SOR_IRKAReductor: error -- logger &lt;Logger pymor.reductors.sor_irka.SOR_IRKAReductor (INFO)&gt;
17:10 SOR_IRKAReductor: info -- logger &lt;Logger pymor.reductors.sor_irka.SOR_IRKAReductor (INFO)&gt;
</system-err></testcase></testsuite>