<?xml version="1.0" encoding="utf-8"?><testsuite errors="1" failures="0" name="pytest" skips="0" tests="1" time="10.420"><testcase classname="" file="src/pymortests/demos.py" name="src.pymortests.demos" time="0"><error message="collection failure">/usr/local/lib/python3.5/site-packages/_pytest/python.py:450: in _importtestmodule
    mod = self.fspath.pyimport(ensuresyspath=importmode)
/usr/local/lib/python3.5/site-packages/py/_path/local.py:668: in pyimport
    __import__(modname)
E     File &quot;/src/src/pymortests/demos.py&quot;, line 168
E       pytest.xfail(f&apos;GMSH not intalled&apos;)
E                                       ^
E   SyntaxError: invalid syntax</error></testcase></testsuite>