<?xml version="1.0" encoding="utf-8"?><testsuite errors="5" failures="0" name="pytest" skips="0" tests="5" time="10.023"><testcase classname="" file="src/pymortests/demos.py" name="src.pymortests.demos" time="0"><error message="collection failure">/usr/local/lib/python3.7/site-packages/_pytest/python.py:450: in _importtestmodule
    mod = self.fspath.pyimport(ensuresyspath=importmode)
/usr/local/lib/python3.7/site-packages/py/_path/local.py:668: in pyimport
    __import__(modname)
&lt;frozen importlib._bootstrap&gt;:983: in _find_and_load
    ???
&lt;frozen importlib._bootstrap&gt;:967: in _find_and_load_unlocked
    ???
&lt;frozen importlib._bootstrap&gt;:668: in _load_unlocked
    ???
&lt;frozen importlib._bootstrap&gt;:638: in _load_backward_compatible
    ???
/usr/local/lib/python3.7/site-packages/_pytest/assertion/rewrite.py:295: in load_module
    six.exec_(co, mod.__dict__)
src/pymortests/demos.py:15: in &lt;module&gt;
    from pymor.gui.qt import stop_gui_processes
E     File &quot;/src/src/pymor/gui/qt.py&quot;, line 275
E       all(len(u) == len(U[0]) for u in U))
E         ^
E   SyntaxError: invalid syntax</error></testcase><testcase classname="" file="src/pymortests/grid.py" name="src.pymortests.grid" time="0"><error message="collection failure">/usr/local/lib/python3.7/site-packages/_pytest/python.py:450: in _importtestmodule
    mod = self.fspath.pyimport(ensuresyspath=importmode)
/usr/local/lib/python3.7/site-packages/py/_path/local.py:668: in pyimport
    __import__(modname)
&lt;frozen importlib._bootstrap&gt;:983: in _find_and_load
    ???
&lt;frozen importlib._bootstrap&gt;:967: in _find_and_load_unlocked
    ???
&lt;frozen importlib._bootstrap&gt;:668: in _load_unlocked
    ???
&lt;frozen importlib._bootstrap&gt;:638: in _load_backward_compatible
    ???
/usr/local/lib/python3.7/site-packages/_pytest/assertion/rewrite.py:295: in load_module
    six.exec_(co, mod.__dict__)
src/pymortests/grid.py:12: in &lt;module&gt;
    from pymor.gui.qt import stop_gui_processes
E     File &quot;/src/src/pymor/gui/qt.py&quot;, line 275
E       all(len(u) == len(U[0]) for u in U))
E         ^
E   SyntaxError: invalid syntax</error></testcase><testcase classname="" file="src/pymortests/gui.py" name="src.pymortests.gui" time="0"><error message="collection failure">/usr/local/lib/python3.7/site-packages/_pytest/python.py:450: in _importtestmodule
    mod = self.fspath.pyimport(ensuresyspath=importmode)
/usr/local/lib/python3.7/site-packages/py/_path/local.py:668: in pyimport
    __import__(modname)
&lt;frozen importlib._bootstrap&gt;:983: in _find_and_load
    ???
&lt;frozen importlib._bootstrap&gt;:967: in _find_and_load_unlocked
    ???
&lt;frozen importlib._bootstrap&gt;:668: in _load_unlocked
    ???
&lt;frozen importlib._bootstrap&gt;:638: in _load_backward_compatible
    ???
/usr/local/lib/python3.7/site-packages/_pytest/assertion/rewrite.py:295: in load_module
    six.exec_(co, mod.__dict__)
src/pymortests/gui.py:7: in &lt;module&gt;
    from pymor.gui.qt import visualize_patch, stop_gui_processes
E     File &quot;/src/src/pymor/gui/qt.py&quot;, line 275
E       all(len(u) == len(U[0]) for u in U))
E         ^
E   SyntaxError: invalid syntax</error></testcase><testcase classname="" file="src/pymortests/core/logger.py" name="src.pymortests.core.logger" time="0"><error message="collection failure">/usr/local/lib/python3.7/site-packages/_pytest/python.py:450: in _importtestmodule
    mod = self.fspath.pyimport(ensuresyspath=importmode)
/usr/local/lib/python3.7/site-packages/py/_path/local.py:668: in pyimport
    __import__(modname)
&lt;frozen importlib._bootstrap&gt;:983: in _find_and_load
    ???
&lt;frozen importlib._bootstrap&gt;:967: in _find_and_load_unlocked
    ???
&lt;frozen importlib._bootstrap&gt;:668: in _load_unlocked
    ???
&lt;frozen importlib._bootstrap&gt;:638: in _load_backward_compatible
    ???
/usr/local/lib/python3.7/site-packages/_pytest/assertion/rewrite.py:295: in load_module
    six.exec_(co, mod.__dict__)
src/pymortests/core/logger.py:10: in &lt;module&gt;
    from pymortests.fixtures.generic import basicinterface_subclass
&lt;frozen importlib._bootstrap&gt;:983: in _find_and_load
    ???
&lt;frozen importlib._bootstrap&gt;:967: in _find_and_load_unlocked
    ???
&lt;frozen importlib._bootstrap&gt;:668: in _load_unlocked
    ???
&lt;frozen importlib._bootstrap&gt;:638: in _load_backward_compatible
    ???
/usr/local/lib/python3.7/site-packages/_pytest/assertion/rewrite.py:295: in load_module
    six.exec_(co, mod.__dict__)
src/pymortests/fixtures/generic.py:24: in &lt;module&gt;
    @subclasses_of(BasicInterface)
src/pymortests/fixtures/generic.py:21: in subclasses_of
    return pytest.fixture(params=implementors(interface_type), **kwargs)
src/pymortests/fixtures/generic.py:13: in implementors
    _load_all()
src/pymortests/base.py:38: in _load_all
    __import__(module_name, level=0)
E     File &quot;/src/src/pymor/gui/qt.py&quot;, line 275
E       all(len(u) == len(U[0]) for u in U))
E         ^
E   SyntaxError: invalid syntax</error></testcase><testcase classname="" file="src/pymortests/fixtures/generic.py" name="src.pymortests.fixtures.generic" time="0"><error message="collection failure">/usr/local/lib/python3.7/site-packages/_pytest/python.py:450: in _importtestmodule
    mod = self.fspath.pyimport(ensuresyspath=importmode)
/usr/local/lib/python3.7/site-packages/py/_path/local.py:668: in pyimport
    __import__(modname)
&lt;frozen importlib._bootstrap&gt;:983: in _find_and_load
    ???
&lt;frozen importlib._bootstrap&gt;:967: in _find_and_load_unlocked
    ???
&lt;frozen importlib._bootstrap&gt;:668: in _load_unlocked
    ???
&lt;frozen importlib._bootstrap&gt;:638: in _load_backward_compatible
    ???
/usr/local/lib/python3.7/site-packages/_pytest/assertion/rewrite.py:295: in load_module
    six.exec_(co, mod.__dict__)
src/pymortests/fixtures/generic.py:24: in &lt;module&gt;
    @subclasses_of(BasicInterface)
src/pymortests/fixtures/generic.py:21: in subclasses_of
    return pytest.fixture(params=implementors(interface_type), **kwargs)
src/pymortests/fixtures/generic.py:13: in implementors
    _load_all()
src/pymortests/base.py:38: in _load_all
    __import__(module_name, level=0)
E     File &quot;/src/src/pymor/gui/qt.py&quot;, line 275
E       all(len(u) == len(U[0]) for u in U))
E         ^
E   SyntaxError: invalid syntax</error></testcase></testsuite>