<?xml version="1.0" encoding="utf-8"?><testsuite errors="0" failures="0" name="pytest" skips="6414" tests="12829" time="1154.700"><testcase classname="src.pymortests.affine_grid" file="src/pymortests/affine_grid.py" line="24" name="test_reference_element_wrong_arguments[&lt;lambda&gt;0]" time="0.0010590553283691406"><skipped message="Suite splitting in effect" type="pytest.skip">src/pymortests/affine_grid.py:24: Suite splitting in effect</skipped></testcase><testcase classname="src.pymortests.affine_grid" file="src/pymortests/affine_grid.py" line="24" name="test_reference_element_wrong_arguments[&lt;lambda&gt;1]" time="0.0005190372467041016"><skipped message="Suite splitting in effect" type="pytest.skip">src/pymortests/affine_grid.py:24: Suite splitting in effect</skipped></testcase><testcase classname="src.pymortests.affine_grid" file="src/pymortests/affine_grid.py" line="24" name="test_reference_element_wrong_arguments[&lt;lambda&gt;2]" time="0.0005328655242919922"><skipped message="Suite splitting in effect" type="pytest.skip">src/pymortests/affine_grid.py:24: Suite splitting in effect</skipped></testcase><testcase classname="src.pymortests.affine_grid" file="src/pymortests/affine_grid.py" line="24" name="test_reference_element_wrong_arguments[&lt;lambda&gt;3]" time="0.0004570484161376953"><skipped message="Suite splitting in effect" type="pytest.skip">src/pymortests/affine_grid.py:24: Suite splitting in effect</skipped></testcase><testcase classname="src.pymortests.affine_grid" file="src/pymortests/affine_grid.py" line="24" name="test_reference_element_wrong_arguments[&lt;lambda&gt;4]" time="0.0004448890686035156"><skipped message="Suite splitting in effect" type="pytest.skip">src/pymortests/affine_grid.py:24: Suite splitting in effect</skipped></testcase><testcase classname="src.pymortests.affine_grid" file="src/pymortests/affine_grid.py" line="24" name="test_reference_element_wrong_arguments[&lt;lambda&gt;5]" time="0.0004448890686035156"><skipped message="Suite splitting in effect" type="pytest.skip">src/pymortests/affine_grid.py:24: Suite splitting in effect</skipped></testcase><testcase classname="src.pymortests.affine_grid" file="src/pymortests/affine_grid.py" line="24" name="test_reference_element_wrong_arguments[&lt;lambda&gt;6]" time="0.0005817413330078125"><skipped message="Suite splitting in effect" type="pytest.skip">src/pymortests/affine_grid.py:24: Suite splitting in effect</skipped></testcase><testcase classname="src.pymortests.affine_grid" file="src/pymortests/affine_grid.py" line="24" name="test_reference_element_wrong_arguments[&lt;lambda&gt;7]" time="0.00043201446533203125"><skipped message="Suite splitting in effect" type="pytest.skip">src/pymortests/affine_grid.py:24: Suite splitting in effect</skipped></testcase><testcase classname="src.pymortests.affine_grid" file="src/pymortests/affine_grid.py" line="24" name="test_reference_element_wrong_arguments[&lt;lambda&gt;8]" time="0.0004627704620361328"><skipped message="Suite splitting in effect" type="pytest.skip">src/pymortests/affine_grid.py:24: Suite splitting in effect</skipped></testcase><testcase classname="src.pymortests.affine_grid" file="src/pymortests/affine_grid.py" line="24" name="test_reference_element_wrong_arguments[&lt;lambda&gt;9]" time="0.0004119873046875"><skipped message="Suite splitting in effect" type="pytest.skip">src/pymortests/affine_grid.py:24: Suite splitting in effect</skipped></testcase><testcase classname="src.pymortests.affine_grid" file="src/pymortests/affine_grid.py" line="24" name="test_reference_element_wrong_arguments[&lt;lambda&gt;10]" time="0.0004074573516845703"><skipped message="Suite splitting in effect" type="pytest.skip">src/pymortests/affine_grid.py:24: Suite splitting in effect</skipped></testcase><testcase classname="src.pymortests.affine_grid" file="src/pymortests/affine_grid.py" line="24" name="test_reference_element_wrong_arguments[&lt;lambda&gt;11]" time="0.00040793418884277344"><skipped message="Suite splitting in effect" type="pytest.skip">src/pymortests/affine_grid.py:24: Suite splitting in effect</skipped></testcase><testcase classname="src.pymortests.affine_grid" file="src/pymortests/affine_grid.py" line="24" name="test_reference_element_wrong_arguments[&lt;lambda&gt;12]" time="0.0004038810729980469"><skipped message="Suite splitting in effect" type="pytest.skip">src/pymortests/affine_grid.py:24: Suite splitting in effect</skipped></testcase><testcase classname="src.pymortests.affine_grid" file="src/pymortests/affine_grid.py" line="24" name="test_reference_element_wrong_arguments[&lt;lambda&gt;13]" time="0.0004031658172607422"><skipped message="Suite splitting in effect" type="pytest.skip">src/pymortests/affine_grid.py:24: Suite splitting in effect</skipped></testcase><testcase classname="src.pymortests.affine_grid" file="src/pymortests/affine_grid.py" line="24" name="test_reference_element_wrong_arguments[&lt;lambda&gt;14]" time="0.00043702125549316406"><skipped message="Suite splitting in effect" type="pytest.skip">src/pymortests/affine_grid.py:24: Suite splitting in effect</skipped></testcase><testcase classname="src.pymortests.affine_grid" file="src/pymortests/affine_grid.py" line="24" name="test_reference_element_wrong_arguments[&lt;lambda&gt;15]" time="0.0003998279571533203"><skipped message="Suite splitting in effect" type="pytest.skip">src/pymortests/affine_grid.py:24: Suite splitting in effect</skipped></testcase><testcase classname="src.pymortests.affine_grid" file="src/pymortests/affine_grid.py" line="24" name="test_reference_element_wrong_arguments[&lt;lambda&gt;16]" time="0.00040984153747558594"><skipped message="Suite splitting in effect" type="pytest.skip">src/pymortests/affine_grid.py:24: Suite splitting in effect</skipped></testcase><testcase classname="src.pymortests.affine_grid" file="src/pymortests/affine_grid.py" line="24" name="test_reference_element_wrong_arguments[&lt;lambda&gt;17]" time="0.0004019737243652344"><skipped message="Suite splitting in effect" type="pytest.skip">src/pymortests/affine_grid.py:24: Suite splitting in effect</skipped></testcase><testcase classname="src.pymortests.affine_grid" file="src/pymortests/affine_grid.py" line="24" name="test_reference_element_wrong_arguments[&lt;lambda&gt;18]" time="0.00039005279541015625"><skipped message="Suite splitting in effect" type="pytest.skip">src/pymortests/affine_grid.py:24: Suite splitting in effect</skipped></testcase><testcase classname="src.pymortests.affine_grid" file="src/pymortests/affine_grid.py" line="24" name="test_reference_element_wrong_arguments[&lt;lambda&gt;19]" time="0.0004143714904785156"><skipped message="Suite splitting in effect" type="pytest.skip">src/pymortests/affine_grid.py:24: Suite splitting in effect</skipped></testcase><testcase classname="src.pymortests.affine_grid" file="src/pymortests/affine_grid.py" line="24" name="test_reference_element_wrong_arguments[&lt;lambda&gt;20]" time="0.0004279613494873047"><skipped message="Suite splitting in effect" type="pytest.skip">src/pymortests/affine_grid.py:24: Suite splitting in effect</skipped></testcase><testcase classname="src.pymortests.affine_grid" file="src/pymortests/affine_grid.py" line="24" name="test_reference_element_wrong_arguments[&lt;lambda&gt;21]" time="0.0004000663757324219"><skipped message="Suite splitting in effect" type="pytest.skip">src/pymortests/affine_grid.py:24: Suite splitting in effect</skipped></testcase><testcase classname="src.pymortests.affine_grid" file="src/pymortests/affine_grid.py" line="24" name="test_reference_element_wrong_arguments[&lt;lambda&gt;22]" time="0.0003948211669921875"><skipped message="Suite splitting in effect" type="pytest.skip">src/pymortests/affine_grid.py:24: Suite splitting in effect</skipped></testcase><testcase classname="src.pymortests.affine_grid" file="src/pymortests/affine_grid.py" line="24" name="test_reference_element_wrong_arguments[&lt;lambda&gt;23]" time="0.0004220008850097656"><skipped message="Suite splitting in effect" type="pytest.skip">src/pymortests/affine_grid.py:24: Suite splitting in effect</skipped></testcase><testcase classname="src.pymortests.affine_grid" file="src/pymortests/affine_grid.py" line="24" name="test_reference_element_wrong_arguments[&lt;lambda&gt;24]" time="0.0004191398620605469"><skipped message="Suite splitting in effect" type="pytest.skip">src/pymortests/affine_grid.py:24: Suite splitting in effect</skipped></testcase><testcase classname="src.pymortests.affine_grid" file="src/pymortests/affine_grid.py" line="24" name="test_reference_element_wrong_arguments[&lt;lambda&gt;25]" time="0.0004074573516845703"><skipped message="Suite splitting in effect" type="pytest.skip">src/pymortests/affine_grid.py:24: Suite splitting in effect</skipped></testcase><testcase classname="src.pymortests.affine_grid" file="src/pymortests/affine_grid.py" line="24" name="test_reference_element_wrong_arguments[&lt;lambda&gt;26]" time="0.0004153251647949219"><skipped message="Suite splitting in effect" type="pytest.skip">src/pymortests/affine_grid.py:24: Suite splitting in effect</skipped></testcase><testcase classname="src.pymortests.affine_grid" file="src/pymortests/affine_grid.py" line="24" name="test_reference_element_wrong_arguments[&lt;lambda&gt;27]" time="0.0004050731658935547"><skipped message="Suite splitting in effect" type="pytest.skip">src/pymortests/affine_grid.py:24: Suite splitting in effect</skipped></testcase><testcase classname="src.pymortests.affine_grid" file="src/pymortests/affine_grid.py" line="24" name="test_reference_element_wrong_arguments[&lt;lambda&gt;28]" time="0.0004067420959472656"><skipped message="Suite splitting in effect" type="pytest.skip">src/pymortests/affine_grid.py:24: Suite splitting in effect</skipped></testcase><testcase classname="src.pymortests.affine_grid" file="src/pymortests/affine_grid.py" line="24" name="test_reference_element_wrong_arguments[&lt;lambda&gt;29]" time="0.0005123615264892578"><skipped message="Suite splitting in effect" type="pytest.skip">src/pymortests/affine_grid.py:24: Suite splitting in effect</skipped></testcase><testcase classname="src.pymortests.affine_grid" file="src/pymortests/affine_grid.py" line="24" name="test_reference_element_wrong_arguments[&lt;lambda&gt;30]" time="0.0004787445068359375"><skipped message="Suite splitting in effect" type="pytest.skip">src/pymortests/affine_grid.py:24: Suite splitting in effect</skipped></testcase><testcase classname="src.pymortests.affine_grid" file="src/pymortests/affine_grid.py" line="24" name="test_reference_element_wrong_arguments[&lt;lambda&gt;31]" time="0.00042819976806640625"><skipped message="Suite splitting in effect" type="pytest.skip">src/pymortests/affine_grid.py:24: Suite splitting in effect</skipped></testcase><testcase classname="src.pymortests.affine_grid" file="src/pymortests/affine_grid.py" line="24" name="test_reference_element_wrong_arguments[&lt;lambda&gt;32]" time="0.0004298686981201172"><skipped message="Suite splitting in effect" type="pytest.skip">src/pymortests/affine_grid.py:24: Suite splitting in effect</skipped></testcase><testcase classname="src.pymortests.affine_grid" file="src/pymortests/affine_grid.py" line="24" name="test_reference_element_wrong_arguments[&lt;lambda&gt;33]" time="0.0004105567932128906"><skipped message="Suite splitting in effect" type="pytest.skip">src/pymortests/affine_grid.py:24: Suite splitting in effect</skipped></testcase><testcase classname="src.pymortests.affine_grid" file="src/pymortests/affine_grid.py" line="24" name="test_reference_element_wrong_arguments[&lt;lambda&gt;34]" time="0.0004329681396484375"><skipped message="Suite splitting in effect" type="pytest.skip">src/pymortests/affine_grid.py:24: Suite splitting in effect</skipped></testcase><testcase classname="src.pymortests.affine_grid" file="src/pymortests/affine_grid.py" line="24" name="test_reference_element_wrong_arguments[&lt;lambda&gt;35]" time="0.0004134178161621094"><skipped message="Suite splitting in effect" type="pytest.skip">src/pymortests/affine_grid.py:24: Suite splitting in effect</skipped></testcase><testcase classname="src.pymortests.affine_grid" file="src/pymortests/affine_grid.py" line="24" name="test_reference_element_wrong_arguments[&lt;lambda&gt;36]" time="0.0003941059112548828"><skipped message="Suite splitting in effect" type="pytest.skip">src/pymortests/affine_grid.py:24: Suite splitting in effect</skipped></testcase><testcase classname="src.pymortests.affine_grid" file="src/pymortests/affine_grid.py" line="24" name="test_reference_element_wrong_arguments[&lt;lambda&gt;37]" time="0.0006923675537109375"><skipped message="Suite splitting in effect" type="pytest.skip">src/pymortests/affine_grid.py:24: Suite splitting in effect</skipped></testcase><testcase classname="src.pymortests.affine_grid" file="src/pymortests/affine_grid.py" line="24" name="test_reference_element_wrong_arguments[&lt;lambda&gt;38]" time="0.0006387233734130859"><skipped message="Suite splitting in effect" type="pytest.skip">src/pymortests/affine_grid.py:24: Suite splitting in effect</skipped></testcase><testcase classname="src.pymortests.affine_grid" file="src/pymortests/affine_grid.py" line="24" name="test_reference_element_wrong_arguments[&lt;lambda&gt;39]" time="0.0005390644073486328"><skipped message="Suite splitting in effect" type="pytest.skip">src/pymortests/affine_grid.py:24: Suite splitting in effect</skipped></testcase><testcase classname="src.pymortests.affine_grid" file="src/pymortests/affine_grid.py" line="24" name="test_reference_element_wrong_arguments[&lt;lambda&gt;40]" time="0.0004420280456542969"><skipped message="Suite splitting in effect" type="pytest.skip">src/pymortests/affine_grid.py:24: Suite splitting in effect</skipped></testcase><testcase classname="src.pymortests.affine_grid" file="src/pymortests/affine_grid.py" line="24" name="test_reference_element_wrong_arguments[&lt;lambda&gt;41]" time="0.00043892860412597656"><skipped message="Suite splitting in effect" type="pytest.skip">src/pymortests/affine_grid.py:24: Suite splitting in effect</skipped></testcase><testcase classname="src.pymortests.affine_grid" file="src/pymortests/affine_grid.py" line="24" name="test_reference_element_wrong_arguments[&lt;lambda&gt;42]" time="0.0004286766052246094"><skipped message="Suite splitting in effect" type="pytest.skip">src/pymortests/affine_grid.py:24: Suite splitting in effect</skipped></testcase><testcase classname="src.pymortests.affine_grid" file="src/pymortests/affine_grid.py" line="32" name="test_reference_element_type[&lt;lambda&gt;0]" time="0.0004451274871826172"><skipped message="Suite splitting in effect" type="pytest.skip">src/pymortests/affine_grid.py:32: Suite splitting in effect</skipped></testcase><testcase classname="src.pymortests.affine_grid" file="src/pymortests/affine_grid.py" line="32" name="test_reference_element_type[&lt;lambda&gt;1]" time="0.0004184246063232422"><skipped message="Suite splitting in effect" type="pytest.skip">src/pymortests/affine_grid.py:32: Suite splitting in effect</skipped></testcase><testcase classname="src.pymortests.affine_grid" file="src/pymortests/affine_grid.py" line="32" name="test_reference_element_type[&lt;lambda&gt;2]" time="0.0004749298095703125"><skipped message="Suite splitting in effect" type="pytest.skip">src/pymortests/affine_grid.py:32: Suite splitting in effect</skipped></testcase><testcase classname="src.pymortests.affine_grid" file="src/pymortests/affine_grid.py" line="32" name="test_reference_element_type[&lt;lambda&gt;3]" time="0.0004649162292480469"><skipped message="Suite splitting in effect" type="pytest.skip">src/pymortests/affine_grid.py:32: Suite splitting in effect</skipped></testcase><testcase classname="src.pymortests.affine_grid" file="src/pymortests/affine_grid.py" line="32" name="test_reference_element_type[&lt;lambda&gt;4]" time="0.00042057037353515625"><skipped message="Suite splitting in effect" type="pytest.skip">src/pymortests/affine_grid.py:32: Suite splitting in effect</skipped></testcase><testcase classname="src.pymortests.affine_grid" file="src/pymortests/affine_grid.py" line="32" name="test_reference_element_type[&lt;lambda&gt;5]" time="0.00044083595275878906"><skipped message="Suite splitting in effect" type="pytest.skip">src/pymortests/affine_grid.py:32: Suite splitting in effect</skipped></testcase><testcase classname="src.pymortests.affine_grid" file="src/pymortests/affine_grid.py" line="32" name="test_reference_element_type[&lt;lambda&gt;6]" time="0.0004055500030517578"><skipped message="Suite splitting in effect" type="pytest.skip">src/pymortests/affine_grid.py:32: Suite splitting in effect</skipped></testcase><testcase classname="src.pymortests.affine_grid" file="src/pymortests/affine_grid.py" line="32" name="test_reference_element_type[&lt;lambda&gt;7]" time="0.0004112720489501953"><skipped message="Suite splitting in effect" type="pytest.skip">src/pymortests/affine_grid.py:32: Suite splitting in effect</skipped></testcase><testcase classname="src.pymortests.affine_grid" file="src/pymortests/affine_grid.py" line="32" name="test_reference_element_type[&lt;lambda&gt;8]" time="0.0003991127014160156"><skipped message="Suite splitting in effect" type="pytest.skip">src/pymortests/affine_grid.py:32: Suite splitting in effect</skipped></testcase><testcase classname="src.pymortests.affine_grid" file="src/pymortests/affine_grid.py" line="32" name="test_reference_element_type[&lt;lambda&gt;9]" time="0.0004119873046875"><skipped message="Suite splitting in effect" type="pytest.skip">src/pymortests/affine_grid.py:32: Suite splitting in effect</skipped></testcase><testcase classname="src.pymortests.affine_grid" file="src/pymortests/affine_grid.py" line="32" name="test_reference_element_type[&lt;lambda&gt;10]" time="0.0004017353057861328"><skipped message="Suite splitting in effect" type="pytest.skip">src/pymortests/affine_grid.py:32: Suite splitting in effect</skipped></testcase><testcase classname="src.pymortests.affine_grid" file="src/pymortests/affine_grid.py" line="32" name="test_reference_element_type[&lt;lambda&gt;11]" time="0.00041866302490234375"><skipped message="Suite splitting in effect" type="pytest.skip">src/pymortests/affine_grid.py:32: Suite splitting in effect</skipped></testcase><testcase classname="src.pymortests.affine_grid" file="src/pymortests/affine_grid.py" line="32" name="test_reference_element_type[&lt;lambda&gt;12]" time="0.00044846534729003906"><skipped message="Suite splitting in effect" type="pytest.skip">src/pymortests/affine_grid.py:32: Suite splitting in effect</skipped></testcase><testcase classname="src.pymortests.affine_grid" file="src/pymortests/affine_grid.py" line="32" name="test_reference_element_type[&lt;lambda&gt;13]" time="0.0004134178161621094"><skipped message="Suite splitting in effect" type="pytest.skip">src/pymortests/affine_grid.py:32: Suite splitting in effect</skipped></testcase><testcase classname="src.pymortests.affine_grid" file="src/pymortests/affine_grid.py" line="32" name="test_reference_element_type[&lt;lambda&gt;14]" time="0.0003933906555175781"><skipped message="Suite splitting in effect" type="pytest.skip">src/pymortests/affine_grid.py:32: Suite splitting in effect</skipped></testcase><testcase classname="src.pymortests.affine_grid" file="src/pymortests/affine_grid.py" line="32" name="test_reference_element_type[&lt;lambda&gt;15]" time="0.00043582916259765625"><skipped message="Suite splitting in effect" type="pytest.skip">src/pymortests/affine_grid.py:32: Suite splitting in effect</skipped></testcase><testcase classname="src.pymortests.affine_grid" file="src/pymortests/affine_grid.py" line="32" name="test_reference_element_type[&lt;lambda&gt;16]" time="0.0004367828369140625"><skipped message="Suite splitting in effect" type="pytest.skip">src/pymortests/affine_grid.py:32: Suite splitting in effect</skipped></testcase><testcase classname="src.pymortests.affine_grid" file="src/pymortests/affine_grid.py" line="32" name="test_reference_element_type[&lt;lambda&gt;17]" time="0.00042748451232910156"><skipped message="Suite splitting in effect" type="pytest.skip">src/pymortests/affine_grid.py:32: Suite splitting in effect</skipped></testcase><testcase classname="src.pymortests.affine_grid" file="src/pymortests/affine_grid.py" line="32" name="test_reference_element_type[&lt;lambda&gt;18]" time="0.00041866302490234375"><skipped message="Suite splitting in effect" type="pytest.skip">src/pymortests/affine_grid.py:32: Suite splitting in effect</skipped></testcase><testcase classname="src.pymortests.affine_grid" file="src/pymortests/affine_grid.py" line="32" name="test_reference_element_type[&lt;lambda&gt;19]" time="0.00042819976806640625"><skipped message="Suite splitting in effect" type="pytest.skip">src/pymortests/affine_grid.py:32: Suite splitting in effect</skipped></testcase><testcase classname="src.pymortests.affine_grid" file="src/pymortests/affine_grid.py" line="32" name="test_reference_element_type[&lt;lambda&gt;20]" time="0.0003936290740966797"><skipped message="Suite splitting in effect" type="pytest.skip">src/pymortests/affine_grid.py:32: Suite splitting in effect</skipped></testcase><testcase classname="src.pymortests.affine_grid" file="src/pymortests/affine_grid.py" line="32" name="test_reference_element_type[&lt;lambda&gt;21]" time="0.0004203319549560547"><skipped message="Suite splitting in effect" type="pytest.skip">src/pymortests/affine_grid.py:32: Suite splitting in effect</skipped></testcase><testcase classname="src.pymortests.affine_grid" file="src/pymortests/affine_grid.py" line="32" name="test_reference_element_type[&lt;lambda&gt;22]" time="0.0006971359252929688"><skipped message="Suite splitting in effect" type="pytest.skip">src/pymortests/affine_grid.py:32: Suite splitting in effect</skipped></testcase><testcase classname="src.pymortests.affine_grid" file="src/pymortests/affine_grid.py" line="32" name="test_reference_element_type[&lt;lambda&gt;23]" time="0.0003917217254638672"><skipped message="Suite splitting in effect" type="pytest.skip">src/pymortests/affine_grid.py:32: Suite splitting in effect</skipped></testcase><testcase classname="src.pymortests.affine_grid" file="src/pymortests/affine_grid.py" line="32" name="test_reference_element_type[&lt;lambda&gt;24]" time="0.00040721893310546875"><skipped message="Suite splitting in effect" type="pytest.skip">src/pymortests/affine_grid.py:32: Suite splitting in effect</skipped></testcase><testcase classname="src.pymortests.affine_grid" file="src/pymortests/affine_grid.py" line="32" name="test_reference_element_type[&lt;lambda&gt;25]" time="0.0004076957702636719"><skipped message="Suite splitting in effect" type="pytest.skip">src/pymortests/affine_grid.py:32: Suite splitting in effect</skipped></testcase><testcase classname="src.pymortests.affine_grid" file="src/pymortests/affine_grid.py" line="32" name="test_reference_element_type[&lt;lambda&gt;26]" time="0.00041413307189941406"><skipped message="Suite splitting in effect" type="pytest.skip">src/pymortests/affine_grid.py:32: Suite splitting in effect</skipped></testcase><testcase classname="src.pymortests.affine_grid" file="src/pymortests/affine_grid.py" line="32" name="test_reference_element_type[&lt;lambda&gt;27]" time="0.0004067420959472656"><skipped message="Suite splitting in effect" type="pytest.skip">src/pymortests/affine_grid.py:32: Suite splitting in effect</skipped></testcase><testcase classname="src.pymortests.affine_grid" file="src/pymortests/affine_grid.py" line="32" name="test_reference_element_type[&lt;lambda&gt;28]" time="0.0004074573516845703"><skipped message="Suite splitting in effect" type="pytest.skip">src/pymortests/affine_grid.py:32: Suite splitting in effect</skipped></testcase><testcase classname="src.pymortests.affine_grid" file="src/pymortests/affine_grid.py" line="32" name="test_reference_element_type[&lt;lambda&gt;29]" time="0.0004475116729736328"><skipped message="Suite splitting in effect" type="pytest.skip">src/pymortests/affine_grid.py:32: Suite splitting in effect</skipped></testcase><testcase classname="src.pymortests.affine_grid" file="src/pymortests/affine_grid.py" line="32" name="test_reference_element_type[&lt;lambda&gt;30]" time="0.00042557716369628906"><skipped message="Suite splitting in effect" type="pytest.skip">src/pymortests/affine_grid.py:32: Suite splitting in effect</skipped></testcase><testcase classname="src.pymortests.affine_grid" file="src/pymortests/affine_grid.py" line="32" name="test_reference_element_type[&lt;lambda&gt;31]" time="0.000408172607421875"><skipped message="Suite splitting in effect" type="pytest.skip">src/pymortests/affine_grid.py:32: Suite splitting in effect</skipped></testcase><testcase classname="src.pymortests.affine_grid" file="src/pymortests/affine_grid.py" line="32" name="test_reference_element_type[&lt;lambda&gt;32]" time="0.0004181861877441406"><skipped message="Suite splitting in effect" type="pytest.skip">src/pymortests/affine_grid.py:32: Suite splitting in effect</skipped></testcase><testcase classname="src.pymortests.affine_grid" file="src/pymortests/affine_grid.py" line="32" name="test_reference_element_type[&lt;lambda&gt;33]" time="0.0004391670227050781"><skipped message="Suite splitting in effect" type="pytest.skip">src/pymortests/affine_grid.py:32: Suite splitting in effect</skipped></testcase><testcase classname="src.pymortests.affine_grid" file="src/pymortests/affine_grid.py" line="32" name="test_reference_element_type[&lt;lambda&gt;34]" time="0.00043129920959472656"><skipped message="Suite splitting in effect" type="pytest.skip">src/pymortests/affine_grid.py:32: Suite splitting in effect</skipped></testcase><testcase classname="src.pymortests.affine_grid" file="src/pymortests/affine_grid.py" line="32" name="test_reference_element_type[&lt;lambda&gt;35]" time="0.000392913818359375"><skipped message="Suite splitting in effect" type="pytest.skip">src/pymortests/affine_grid.py:32: Suite splitting in effect</skipped></testcase><testcase classname="src.pymortests.affine_grid" file="src/pymortests/affine_grid.py" line="32" name="test_reference_element_type[&lt;lambda&gt;36]" time="0.0003955364227294922"><skipped message="Suite splitting in effect" type="pytest.skip">src/pymortests/affine_grid.py:32: Suite splitting in effect</skipped></testcase><testcase classname="src.pymortests.affine_grid" file="src/pymortests/affine_grid.py" line="32" name="test_reference_element_type[&lt;lambda&gt;37]" time="0.0004420280456542969"><skipped message="Suite splitting in effect" type="pytest.skip">src/pymortests/affine_grid.py:32: Suite splitting in effect</skipped></testcase><testcase classname="src.pymortests.affine_grid" file="src/pymortests/affine_grid.py" line="32" name="test_reference_element_type[&lt;lambda&gt;38]" time="0.0003998279571533203"><skipped message="Suite splitting in effect" type="pytest.skip">src/pymortests/affine_grid.py:32: Suite splitting in effect</skipped></testcase><testcase classname="src.pymortests.affine_grid" file="src/pymortests/affine_grid.py" line="32" name="test_reference_element_type[&lt;lambda&gt;39]" time="0.0004076957702636719"><skipped message="Suite splitting in effect" type="pytest.skip">src/pymortests/affine_grid.py:32: Suite splitting in effect</skipped></testcase><testcase classname="src.pymortests.affine_grid" file="src/pymortests/affine_grid.py" line="32" name="test_reference_element_type[&lt;lambda&gt;40]" time="0.00042748451232910156"><skipped message="Suite splitting in effect" type="pytest.skip">src/pymortests/affine_grid.py:32: Suite splitting in effect</skipped></testcase><testcase classname="src.pymortests.affine_grid" file="src/pymortests/affine_grid.py" line="32" name="test_reference_element_type[&lt;lambda&gt;41]" time="0.00043773651123046875"><skipped message="Suite splitting in effect" type="pytest.skip">src/pymortests/affine_grid.py:32: Suite splitting in effect</skipped></testcase><testcase classname="src.pymortests.affine_grid" file="src/pymortests/affine_grid.py" line="32" name="test_reference_element_type[&lt;lambda&gt;42]" time="0.00039649009704589844"><skipped message="Suite splitting in effect" type="pytest.skip">src/pymortests/affine_grid.py:32: Suite splitting in effect</skipped></testcase><testcase classname="src.pymortests.affine_grid" file="src/pymortests/affine_grid.py" line="38" name="test_reference_element_transitivity[&lt;lambda&gt;0]" time="0.00040602684020996094"><skipped message="Suite splitting in effect" type="pytest.skip">src/pymortests/affine_grid.py:38: Suite splitting in effect</skipped></testcase><testcase classname="src.pymortests.affine_grid" file="src/pymortests/affine_grid.py" line="38" name="test_reference_element_transitivity[&lt;lambda&gt;1]" time="0.00042891502380371094"><skipped message="Suite splitting in effect" type="pytest.skip">src/pymortests/affine_grid.py:38: Suite splitting in effect</skipped></testcase><testcase classname="src.pymortests.affine_grid" file="src/pymortests/affine_grid.py" line="38" name="test_reference_element_transitivity[&lt;lambda&gt;2]" time="0.00039267539978027344"><skipped message="Suite splitting in effect" type="pytest.skip">src/pymortests/affine_grid.py:38: Suite splitting in effect</skipped></testcase><testcase classname="src.pymortests.affine_grid" file="src/pymortests/affine_grid.py" line="38" name="test_reference_element_transitivity[&lt;lambda&gt;3]" time="0.0004143714904785156"><skipped message="Suite splitting in effect" type="pytest.skip">src/pymortests/affine_grid.py:38: Suite splitting in effect</skipped></testcase><testcase classname="src.pymortests.affine_grid" file="src/pymortests/affine_grid.py" line="38" name="test_reference_element_transitivity[&lt;lambda&gt;4]" time="0.0004115104675292969"><skipped message="Suite splitting in effect" type="pytest.skip">src/pymortests/affine_grid.py:38: Suite splitting in effect</skipped></testcase><testcase classname="src.pymortests.affine_grid" file="src/pymortests/affine_grid.py" line="38" name="test_reference_element_transitivity[&lt;lambda&gt;5]" time="0.00040221214294433594"><skipped message="Suite splitting in effect" type="pytest.skip">src/pymortests/affine_grid.py:38: Suite splitting in effect</skipped></testcase><testcase classname="src.pymortests.affine_grid" file="src/pymortests/affine_grid.py" line="38" name="test_reference_element_transitivity[&lt;lambda&gt;6]" time="0.00041103363037109375"><skipped message="Suite splitting in effect" type="pytest.skip">src/pymortests/affine_grid.py:38: Suite splitting in effect</skipped></testcase><testcase classname="src.pymortests.affine_grid" file="src/pymortests/affine_grid.py" line="38" name="test_reference_element_transitivity[&lt;lambda&gt;7]" time="0.0004799365997314453"><skipped message="Suite splitting in effect" type="pytest.skip">src/pymortests/affine_grid.py:38: Suite splitting in effect</skipped></testcase><testcase classname="src.pymortests.affine_grid" file="src/pymortests/affine_grid.py" line="38" name="test_reference_element_transitivity[&lt;lambda&gt;8]" time="0.0004062652587890625"><skipped message="Suite splitting in effect" type="pytest.skip">src/pymortests/affine_grid.py:38: Suite splitting in effect</skipped></testcase><testcase classname="src.pymortests.affine_grid" file="src/pymortests/affine_grid.py" line="38" name="test_reference_element_transitivity[&lt;lambda&gt;9]" time="0.00039887428283691406"><skipped message="Suite splitting in effect" type="pytest.skip">src/pymortests/affine_grid.py:38: Suite splitting in effect</skipped></testcase><testcase classname="src.pymortests.affine_grid" file="src/pymortests/affine_grid.py" line="38" name="test_reference_element_transitivity[&lt;lambda&gt;10]" time="0.00042819976806640625"><skipped message="Suite splitting in effect" type="pytest.skip">src/pymortests/affine_grid.py:38: Suite splitting in effect</skipped></testcase><testcase classname="src.pymortests.affine_grid" file="src/pymortests/affine_grid.py" line="38" name="test_reference_element_transitivity[&lt;lambda&gt;11]" time="0.00041961669921875"><skipped message="Suite splitting in effect" type="pytest.skip">src/pymortests/affine_grid.py:38: Suite splitting in effect</skipped></testcase><testcase classname="src.pymortests.affine_grid" file="src/pymortests/affine_grid.py" line="38" name="test_reference_element_transitivity[&lt;lambda&gt;12]" time="0.00041794776916503906"><skipped message="Suite splitting in effect" type="pytest.skip">src/pymortests/affine_grid.py:38: Suite splitting in effect</skipped></testcase><testcase classname="src.pymortests.affine_grid" file="src/pymortests/affine_grid.py" line="38" name="test_reference_element_transitivity[&lt;lambda&gt;13]" time="0.00040793418884277344"><skipped message="Suite splitting in effect" type="pytest.skip">src/pymortests/affine_grid.py:38: Suite splitting in effect</skipped></testcase><testcase classname="src.pymortests.affine_grid" file="src/pymortests/affine_grid.py" line="38" name="test_reference_element_transitivity[&lt;lambda&gt;14]" time="0.0004093647003173828"><skipped message="Suite splitting in effect" type="pytest.skip">src/pymortests/affine_grid.py:38: Suite splitting in effect</skipped></testcase><testcase classname="src.pymortests.affine_grid" file="src/pymortests/affine_grid.py" line="38" name="test_reference_element_transitivity[&lt;lambda&gt;15]" time="0.0003917217254638672"><skipped message="Suite splitting in effect" type="pytest.skip">src/pymortests/affine_grid.py:38: Suite splitting in effect</skipped></testcase><testcase classname="src.pymortests.affine_grid" file="src/pymortests/affine_grid.py" line="38" name="test_reference_element_transitivity[&lt;lambda&gt;16]" time="0.0004277229309082031"><skipped message="Suite splitting in effect" type="pytest.skip">src/pymortests/affine_grid.py:38: Suite splitting in effect</skipped></testcase><testcase classname="src.pymortests.affine_grid" file="src/pymortests/affine_grid.py" line="38" name="test_reference_element_transitivity[&lt;lambda&gt;17]" time="0.00041174888610839844"><skipped message="Suite splitting in effect" type="pytest.skip">src/pymortests/affine_grid.py:38: Suite splitting in effect</skipped></testcase><testcase classname="src.pymortests.affine_grid" file="src/pymortests/affine_grid.py" line="38" name="test_reference_element_transitivity[&lt;lambda&gt;18]" time="0.0006661415100097656"><skipped message="Suite splitting in effect" type="pytest.skip">src/pymortests/affine_grid.py:38: Suite splitting in effect</skipped></testcase><testcase classname="src.pymortests.affine_grid" file="src/pymortests/affine_grid.py" line="38" name="test_reference_element_transitivity[&lt;lambda&gt;19]" time="0.0003972053527832031"><skipped message="Suite splitting in effect" type="pytest.skip">src/pymortests/affine_grid.py:38: Suite splitting in effect</skipped></testcase><testcase classname="src.pymortests.affine_grid" file="src/pymortests/affine_grid.py" line="38" name="test_reference_element_transitivity[&lt;lambda&gt;20]" time="0.0003941059112548828"><skipped message="Suite splitting in effect" type="pytest.skip">src/pymortests/affine_grid.py:38: Suite splitting in effect</skipped></testcase><testcase classname="src.pymortests.affine_grid" file="src/pymortests/affine_grid.py" line="38" name="test_reference_element_transitivity[&lt;lambda&gt;21]" time="0.00043201446533203125"><skipped message="Suite splitting in effect" type="pytest.skip">src/pymortests/affine_grid.py:38: Suite splitting in effect</skipped></testcase><testcase classname="src.pymortests.affine_grid" file="src/pymortests/affine_grid.py" line="38" name="test_reference_element_transitivity[&lt;lambda&gt;22]" time="0.0003910064697265625"><skipped message="Suite splitting in effect" type="pytest.skip">src/pymortests/affine_grid.py:38: Suite splitting in effect</skipped></testcase><testcase classname="src.pymortests.affine_grid" file="src/pymortests/affine_grid.py" line="38" name="test_reference_element_transitivity[&lt;lambda&gt;23]" time="0.00047278404235839844"><skipped message="Suite splitting in effect" type="pytest.skip">src/pymortests/affine_grid.py:38: Suite splitting in effect</skipped></testcase><testcase classname="src.pymortests.affine_grid" file="src/pymortests/affine_grid.py" line="38" name="test_reference_element_transitivity[&lt;lambda&gt;24]" time="0.0004153251647949219"><skipped message="Suite splitting in effect" type="pytest.skip">src/pymortests/affine_grid.py:38: Suite splitting in effect</skipped></testcase><testcase classname="src.pymortests.affine_grid" file="src/pymortests/affine_grid.py" line="38" name="test_reference_element_transitivity[&lt;lambda&gt;25]" time="0.00040149688720703125"><skipped message="Suite splitting in effect" type="pytest.skip">src/pymortests/affine_grid.py:38: Suite splitting in effect</skipped></testcase><testcase classname="src.pymortests.affine_grid" file="src/pymortests/affine_grid.py" line="38" name="test_reference_element_transitivity[&lt;lambda&gt;26]" time="0.00039839744567871094"><skipped message="Suite splitting in effect" type="pytest.skip">src/pymortests/affine_grid.py:38: Suite splitting in effect</skipped></testcase><testcase classname="src.pymortests.affine_grid" file="src/pymortests/affine_grid.py" line="38" name="test_reference_element_transitivity[&lt;lambda&gt;27]" time="0.000423431396484375"><skipped message="Suite splitting in effect" type="pytest.skip">src/pymortests/affine_grid.py:38: Suite splitting in effect</skipped></testcase><testcase classname="src.pymortests.affine_grid" file="src/pymortests/affine_grid.py" line="38" name="test_reference_element_transitivity[&lt;lambda&gt;28]" time="0.0004830360412597656"><skipped message="Suite splitting in effect" type="pytest.skip">src/pymortests/affine_grid.py:38: Suite splitting in effect</skipped></testcase><testcase classname="src.pymortests.affine_grid" file="src/pymortests/affine_grid.py" line="38" name="test_reference_element_transitivity[&lt;lambda&gt;29]" time="0.0004646778106689453"><skipped message="Suite splitting in effect" type="pytest.skip">src/pymortests/affine_grid.py:38: Suite splitting in effect</skipped></testcase><testcase classname="src.pymortests.affine_grid" file="src/pymortests/affine_grid.py" line="38" name="test_reference_element_transitivity[&lt;lambda&gt;30]" time="0.0005276203155517578"><skipped message="Suite splitting in effect" type="pytest.skip">src/pymortests/affine_grid.py:38: Suite splitting in effect</skipped></testcase><testcase classname="src.pymortests.affine_grid" file="src/pymortests/affine_grid.py" line="38" name="test_reference_element_transitivity[&lt;lambda&gt;31]" time="0.0006122589111328125"><skipped message="Suite splitting in effect" type="pytest.skip">src/pymortests/affine_grid.py:38: Suite splitting in effect</skipped></testcase><testcase classname="src.pymortests.affine_grid" file="src/pymortests/affine_grid.py" line="38" name="test_reference_element_transitivity[&lt;lambda&gt;32]" time="0.00045228004455566406"><skipped message="Suite splitting in effect" type="pytest.skip">src/pymortests/affine_grid.py:38: Suite splitting in effect</skipped></testcase><testcase classname="src.pymortests.affine_grid" file="src/pymortests/affine_grid.py" line="38" name="test_reference_element_transitivity[&lt;lambda&gt;33]" time="0.0004394054412841797"><skipped message="Suite splitting in effect" type="pytest.skip">src/pymortests/affine_grid.py:38: Suite splitting in effect</skipped></testcase><testcase classname="src.pymortests.affine_grid" file="src/pymortests/affine_grid.py" line="38" name="test_reference_element_transitivity[&lt;lambda&gt;34]" time="0.0005147457122802734"><skipped message="Suite splitting in effect" type="pytest.skip">src/pymortests/affine_grid.py:38: Suite splitting in effect</skipped></testcase><testcase classname="src.pymortests.affine_grid" file="src/pymortests/affine_grid.py" line="38" name="test_reference_element_transitivity[&lt;lambda&gt;35]" time="0.0004470348358154297"><skipped message="Suite splitting in effect" type="pytest.skip">src/pymortests/affine_grid.py:38: Suite splitting in effect</skipped></testcase><testcase classname="src.pymortests.affine_grid" file="src/pymortests/affine_grid.py" line="38" name="test_reference_element_transitivity[&lt;lambda&gt;36]" time="0.0003917217254638672"><skipped message="Suite splitting in effect" type="pytest.skip">src/pymortests/affine_grid.py:38: Suite splitting in effect</skipped></testcase><testcase classname="src.pymortests.affine_grid" file="src/pymortests/affine_grid.py" line="38" name="test_reference_element_transitivity[&lt;lambda&gt;37]" time="0.00040149688720703125"><skipped message="Suite splitting in effect" type="pytest.skip">src/pymortests/affine_grid.py:38: Suite splitting in effect</skipped></testcase><testcase classname="src.pymortests.affine_grid" file="src/pymortests/affine_grid.py" line="38" name="test_reference_element_transitivity[&lt;lambda&gt;38]" time="0.0004279613494873047"><skipped message="Suite splitting in effect" type="pytest.skip">src/pymortests/affine_grid.py:38: Suite splitting in effect</skipped></testcase><testcase classname="src.pymortests.affine_grid" file="src/pymortests/affine_grid.py" line="38" name="test_reference_element_transitivity[&lt;lambda&gt;39]" time="0.00040030479431152344"><skipped message="Suite splitting in effect" type="pytest.skip">src/pymortests/affine_grid.py:38: Suite splitting in effect</skipped></testcase><testcase classname="src.pymortests.affine_grid" file="src/pymortests/affine_grid.py" line="38" name="test_reference_element_transitivity[&lt;lambda&gt;40]" time="0.0004138946533203125"><skipped message="Suite splitting in effect" type="pytest.skip">src/pymortests/affine_grid.py:38: Suite splitting in effect</skipped></testcase><testcase classname="src.pymortests.affine_grid" file="src/pymortests/affine_grid.py" line="38" name="test_reference_element_transitivity[&lt;lambda&gt;41]" time="0.0004050731658935547"><skipped message="Suite splitting in effect" type="pytest.skip">src/pymortests/affine_grid.py:38: Suite splitting in effect</skipped></testcase><testcase classname="src.pymortests.affine_grid" file="src/pymortests/affine_grid.py" line="38" name="test_reference_element_transitivity[&lt;lambda&gt;42]" time="0.00041413307189941406"><skipped message="Suite splitting in effect" type="pytest.skip">src/pymortests/affine_grid.py:38: Suite splitting in effect</skipped></testcase><testcase classname="src.pymortests.affine_grid" file="src/pymortests/affine_grid.py" line="44" name="test_embeddings_wrong_arguments[&lt;lambda&gt;0]" time="0.0004470348358154297"><skipped message="Suite splitting in effect" type="pytest.skip">src/pymortests/affine_grid.py:44: Suite splitting in effect</skipped></testcase><testcase classname="src.pymortests.affine_grid" file="src/pymortests/affine_grid.py" line="44" name="test_embeddings_wrong_arguments[&lt;lambda&gt;1]" time="0.0003933906555175781"><skipped message="Suite splitting in effect" type="pytest.skip">src/pymortests/affine_grid.py:44: Suite splitting in effect</skipped></testcase><testcase classname="src.pymortests.affine_grid" file="src/pymortests/affine_grid.py" line="44" name="test_embeddings_wrong_arguments[&lt;lambda&gt;2]" time="0.0004520416259765625"><skipped message="Suite splitting in effect" type="pytest.skip">src/pymortests/affine_grid.py:44: Suite splitting in effect</skipped></testcase><testcase classname="src.pymortests.affine_grid" file="src/pymortests/affine_grid.py" line="44" name="test_embeddings_wrong_arguments[&lt;lambda&gt;3]" time="0.0004165172576904297"><skipped message="Suite splitting in effect" type="pytest.skip">src/pymortests/affine_grid.py:44: Suite splitting in effect</skipped></testcase><testcase classname="src.pymortests.affine_grid" file="src/pymortests/affine_grid.py" line="44" name="test_embeddings_wrong_arguments[&lt;lambda&gt;4]" time="0.0004482269287109375"><skipped message="Suite splitting in effect" type="pytest.skip">src/pymortests/affine_grid.py:44: Suite splitting in effect</skipped></testcase><testcase classname="src.pymortests.affine_grid" file="src/pymortests/affine_grid.py" line="44" name="test_embeddings_wrong_arguments[&lt;lambda&gt;5]" time="0.0004277229309082031"><skipped message="Suite splitting in effect" type="pytest.skip">src/pymortests/affine_grid.py:44: Suite splitting in effect</skipped></testcase><testcase classname="src.pymortests.affine_grid" file="src/pymortests/affine_grid.py" line="44" name="test_embeddings_wrong_arguments[&lt;lambda&gt;6]" time="0.0004496574401855469"><skipped message="Suite splitting in effect" type="pytest.skip">src/pymortests/affine_grid.py:44: Suite splitting in effect</skipped></testcase><testcase classname="src.pymortests.affine_grid" file="src/pymortests/affine_grid.py" line="44" name="test_embeddings_wrong_arguments[&lt;lambda&gt;7]" time="0.00042176246643066406"><skipped message="Suite splitting in effect" type="pytest.skip">src/pymortests/affine_grid.py:44: Suite splitting in effect</skipped></testcase><testcase classname="src.pymortests.affine_grid" file="src/pymortests/affine_grid.py" line="44" name="test_embeddings_wrong_arguments[&lt;lambda&gt;8]" time="0.0004203319549560547"><skipped message="Suite splitting in effect" type="pytest.skip">src/pymortests/affine_grid.py:44: Suite splitting in effect</skipped></testcase><testcase classname="src.pymortests.affine_grid" file="src/pymortests/affine_grid.py" line="44" name="test_embeddings_wrong_arguments[&lt;lambda&gt;9]" time="0.0003898143768310547"><skipped message="Suite splitting in effect" type="pytest.skip">src/pymortests/affine_grid.py:44: Suite splitting in effect</skipped></testcase><testcase classname="src.pymortests.affine_grid" file="src/pymortests/affine_grid.py" line="44" name="test_embeddings_wrong_arguments[&lt;lambda&gt;10]" time="0.00042700767517089844"><skipped message="Suite splitting in effect" type="pytest.skip">src/pymortests/affine_grid.py:44: Suite splitting in effect</skipped></testcase><testcase classname="src.pymortests.affine_grid" file="src/pymortests/affine_grid.py" line="44" name="test_embeddings_wrong_arguments[&lt;lambda&gt;11]" time="0.0003917217254638672"><skipped message="Suite splitting in effect" type="pytest.skip">src/pymortests/affine_grid.py:44: Suite splitting in effect</skipped></testcase><testcase classname="src.pymortests.affine_grid" file="src/pymortests/affine_grid.py" line="44" name="test_embeddings_wrong_arguments[&lt;lambda&gt;12]" time="0.0004246234893798828"><skipped message="Suite splitting in effect" type="pytest.skip">src/pymortests/affine_grid.py:44: Suite splitting in effect</skipped></testcase><testcase classname="src.pymortests.affine_grid" file="src/pymortests/affine_grid.py" line="44" name="test_embeddings_wrong_arguments[&lt;lambda&gt;13]" time="0.0003952980041503906"><skipped message="Suite splitting in effect" type="pytest.skip">src/pymortests/affine_grid.py:44: Suite splitting in effect</skipped></testcase><testcase classname="src.pymortests.affine_grid" file="src/pymortests/affine_grid.py" line="44" name="test_embeddings_wrong_arguments[&lt;lambda&gt;14]" time="0.0004029273986816406"><skipped message="Suite splitting in effect" type="pytest.skip">src/pymortests/affine_grid.py:44: Suite splitting in effect</skipped></testcase><testcase classname="src.pymortests.affine_grid" file="src/pymortests/affine_grid.py" line="44" name="test_embeddings_wrong_arguments[&lt;lambda&gt;15]" time="0.00042819976806640625"><skipped message="Suite splitting in effect" type="pytest.skip">src/pymortests/affine_grid.py:44: Suite splitting in effect</skipped></testcase><testcase classname="src.pymortests.affine_grid" file="src/pymortests/affine_grid.py" line="44" name="test_embeddings_wrong_arguments[&lt;lambda&gt;16]" time="0.0004017353057861328"><skipped message="Suite splitting in effect" type="pytest.skip">src/pymortests/affine_grid.py:44: Suite splitting in effect</skipped></testcase><testcase classname="src.pymortests.affine_grid" file="src/pymortests/affine_grid.py" line="44" name="test_embeddings_wrong_arguments[&lt;lambda&gt;17]" time="0.0004189014434814453"><skipped message="Suite splitting in effect" type="pytest.skip">src/pymortests/affine_grid.py:44: Suite splitting in effect</skipped></testcase><testcase classname="src.pymortests.affine_grid" file="src/pymortests/affine_grid.py" line="44" name="test_embeddings_wrong_arguments[&lt;lambda&gt;18]" time="0.000396728515625"><skipped message="Suite splitting in effect" type="pytest.skip">src/pymortests/affine_grid.py:44: Suite splitting in effect</skipped></testcase><testcase classname="src.pymortests.affine_grid" file="src/pymortests/affine_grid.py" line="44" name="test_embeddings_wrong_arguments[&lt;lambda&gt;19]" time="0.0003886222839355469"><skipped message="Suite splitting in effect" type="pytest.skip">src/pymortests/affine_grid.py:44: Suite splitting in effect</skipped></testcase><testcase classname="src.pymortests.affine_grid" file="src/pymortests/affine_grid.py" line="44" name="test_embeddings_wrong_arguments[&lt;lambda&gt;20]" time="0.0004138946533203125"><skipped message="Suite splitting in effect" type="pytest.skip">src/pymortests/affine_grid.py:44: Suite splitting in effect</skipped></testcase><testcase classname="src.pymortests.affine_grid" file="src/pymortests/affine_grid.py" line="44" name="test_embeddings_wrong_arguments[&lt;lambda&gt;21]" time="0.00042176246643066406"><skipped message="Suite splitting in effect" type="pytest.skip">src/pymortests/affine_grid.py:44: Suite splitting in effect</skipped></testcase><testcase classname="src.pymortests.affine_grid" file="src/pymortests/affine_grid.py" line="44" name="test_embeddings_wrong_arguments[&lt;lambda&gt;22]" time="0.000392913818359375"><skipped message="Suite splitting in effect" type="pytest.skip">src/pymortests/affine_grid.py:44: Suite splitting in effect</skipped></testcase><testcase classname="src.pymortests.affine_grid" file="src/pymortests/affine_grid.py" line="44" name="test_embeddings_wrong_arguments[&lt;lambda&gt;23]" time="0.0004203319549560547"><skipped message="Suite splitting in effect" type="pytest.skip">src/pymortests/affine_grid.py:44: Suite splitting in effect</skipped></testcase><testcase classname="src.pymortests.affine_grid" file="src/pymortests/affine_grid.py" line="44" name="test_embeddings_wrong_arguments[&lt;lambda&gt;24]" time="0.00042128562927246094"><skipped message="Suite splitting in effect" type="pytest.skip">src/pymortests/affine_grid.py:44: Suite splitting in effect</skipped></testcase><testcase classname="src.pymortests.affine_grid" file="src/pymortests/affine_grid.py" line="44" name="test_embeddings_wrong_arguments[&lt;lambda&gt;25]" time="0.0003924369812011719"><skipped message="Suite splitting in effect" type="pytest.skip">src/pymortests/affine_grid.py:44: Suite splitting in effect</skipped></testcase><testcase classname="src.pymortests.affine_grid" file="src/pymortests/affine_grid.py" line="44" name="test_embeddings_wrong_arguments[&lt;lambda&gt;26]" time="0.0004200935363769531"><skipped message="Suite splitting in effect" type="pytest.skip">src/pymortests/affine_grid.py:44: Suite splitting in effect</skipped></testcase><testcase classname="src.pymortests.affine_grid" file="src/pymortests/affine_grid.py" line="44" name="test_embeddings_wrong_arguments[&lt;lambda&gt;27]" time="0.0004241466522216797"><skipped message="Suite splitting in effect" type="pytest.skip">src/pymortests/affine_grid.py:44: Suite splitting in effect</skipped></testcase><testcase classname="src.pymortests.affine_grid" file="src/pymortests/affine_grid.py" line="44" name="test_embeddings_wrong_arguments[&lt;lambda&gt;28]" time="0.00046634674072265625"><skipped message="Suite splitting in effect" type="pytest.skip">src/pymortests/affine_grid.py:44: Suite splitting in effect</skipped></testcase><testcase classname="src.pymortests.affine_grid" file="src/pymortests/affine_grid.py" line="44" name="test_embeddings_wrong_arguments[&lt;lambda&gt;29]" time="0.0003962516784667969"><skipped message="Suite splitting in effect" type="pytest.skip">src/pymortests/affine_grid.py:44: Suite splitting in effect</skipped></testcase><testcase classname="src.pymortests.affine_grid" file="src/pymortests/affine_grid.py" line="44" name="test_embeddings_wrong_arguments[&lt;lambda&gt;30]" time="0.0004563331604003906"><skipped message="Suite splitting in effect" type="pytest.skip">src/pymortests/affine_grid.py:44: Suite splitting in effect</skipped></testcase><testcase classname="src.pymortests.affine_grid" file="src/pymortests/affine_grid.py" line="44" name="test_embeddings_wrong_arguments[&lt;lambda&gt;31]" time="0.00040030479431152344"><skipped message="Suite splitting in effect" type="pytest.skip">src/pymortests/affine_grid.py:44: Suite splitting in effect</skipped></testcase><testcase classname="src.pymortests.affine_grid" file="src/pymortests/affine_grid.py" line="44" name="test_embeddings_wrong_arguments[&lt;lambda&gt;32]" time="0.0004203319549560547"><skipped message="Suite splitting in effect" type="pytest.skip">src/pymortests/affine_grid.py:44: Suite splitting in effect</skipped></testcase><testcase classname="src.pymortests.affine_grid" file="src/pymortests/affine_grid.py" line="44" name="test_embeddings_wrong_arguments[&lt;lambda&gt;33]" time="0.00039649009704589844"><skipped message="Suite splitting in effect" type="pytest.skip">src/pymortests/affine_grid.py:44: Suite splitting in effect</skipped></testcase><testcase classname="src.pymortests.affine_grid" file="src/pymortests/affine_grid.py" line="44" name="test_embeddings_wrong_arguments[&lt;lambda&gt;34]" time="0.0004296302795410156"><skipped message="Suite splitting in effect" type="pytest.skip">src/pymortests/affine_grid.py:44: Suite splitting in effect</skipped></testcase><testcase classname="src.pymortests.affine_grid" file="src/pymortests/affine_grid.py" line="44" name="test_embeddings_wrong_arguments[&lt;lambda&gt;35]" time="0.0003910064697265625"><skipped message="Suite splitting in effect" type="pytest.skip">src/pymortests/affine_grid.py:44: Suite splitting in effect</skipped></testcase><testcase classname="src.pymortests.affine_grid" file="src/pymortests/affine_grid.py" line="44" name="test_embeddings_wrong_arguments[&lt;lambda&gt;36]" time="0.00047659873962402344"><skipped message="Suite splitting in effect" type="pytest.skip">src/pymortests/affine_grid.py:44: Suite splitting in effect</skipped></testcase><testcase classname="src.pymortests.affine_grid" file="src/pymortests/affine_grid.py" line="44" name="test_embeddings_wrong_arguments[&lt;lambda&gt;37]" time="0.00042724609375"><skipped message="Suite splitting in effect" type="pytest.skip">src/pymortests/affine_grid.py:44: Suite splitting in effect</skipped></testcase><testcase classname="src.pymortests.affine_grid" file="src/pymortests/affine_grid.py" line="44" name="test_embeddings_wrong_arguments[&lt;lambda&gt;38]" time="0.00042247772216796875"><skipped message="Suite splitting in effect" type="pytest.skip">src/pymortests/affine_grid.py:44: Suite splitting in effect</skipped></testcase><testcase classname="src.pymortests.affine_grid" file="src/pymortests/affine_grid.py" line="44" name="test_embeddings_wrong_arguments[&lt;lambda&gt;39]" time="0.0004239082336425781"><skipped message="Suite splitting in effect" type="pytest.skip">src/pymortests/affine_grid.py:44: Suite splitting in effect</skipped></testcase><testcase classname="src.pymortests.affine_grid" file="src/pymortests/affine_grid.py" line="44" name="test_embeddings_wrong_arguments[&lt;lambda&gt;40]" time="0.0004253387451171875"><skipped message="Suite splitting in effect" type="pytest.skip">src/pymortests/affine_grid.py:44: Suite splitting in effect</skipped></testcase><testcase classname="src.pymortests.affine_grid" file="src/pymortests/affine_grid.py" line="44" name="test_embeddings_wrong_arguments[&lt;lambda&gt;41]" time="0.00041675567626953125"><skipped message="Suite splitting in effect" type="pytest.skip">src/pymortests/affine_grid.py:44: Suite splitting in effect</skipped></testcase><testcase classname="src.pymortests.affine_grid" file="src/pymortests/affine_grid.py" line="44" name="test_embeddings_wrong_arguments[&lt;lambda&gt;42]" time="0.0003871917724609375"><skipped message="Suite splitting in effect" type="pytest.skip">src/pymortests/affine_grid.py:44: Suite splitting in effect</skipped></testcase><testcase classname="src.pymortests.affine_grid" file="src/pymortests/affine_grid.py" line="52" name="test_embeddings_shape[&lt;lambda&gt;0]" time="0.0004191398620605469"><skipped message="Suite splitting in effect" type="pytest.skip">src/pymortests/affine_grid.py:52: Suite splitting in effect</skipped></testcase><testcase classname="src.pymortests.affine_grid" file="src/pymortests/affine_grid.py" line="52" name="test_embeddings_shape[&lt;lambda&gt;1]" time="0.00039267539978027344"><skipped message="Suite splitting in effect" type="pytest.skip">src/pymortests/affine_grid.py:52: Suite splitting in effect</skipped></testcase><testcase classname="src.pymortests.affine_grid" file="src/pymortests/affine_grid.py" line="52" name="test_embeddings_shape[&lt;lambda&gt;2]" time="0.00042748451232910156"><skipped message="Suite splitting in effect" type="pytest.skip">src/pymortests/affine_grid.py:52: Suite splitting in effect</skipped></testcase><testcase classname="src.pymortests.affine_grid" file="src/pymortests/affine_grid.py" line="52" name="test_embeddings_shape[&lt;lambda&gt;3]" time="0.0003895759582519531"><skipped message="Suite splitting in effect" type="pytest.skip">src/pymortests/affine_grid.py:52: Suite splitting in effect</skipped></testcase><testcase classname="src.pymortests.affine_grid" file="src/pymortests/affine_grid.py" line="52" name="test_embeddings_shape[&lt;lambda&gt;4]" time="0.0003864765167236328"><skipped message="Suite splitting in effect" type="pytest.skip">src/pymortests/affine_grid.py:52: Suite splitting in effect</skipped></testcase><testcase classname="src.pymortests.affine_grid" file="src/pymortests/affine_grid.py" line="52" name="test_embeddings_shape[&lt;lambda&gt;5]" time="0.0003921985626220703"><skipped message="Suite splitting in effect" type="pytest.skip">src/pymortests/affine_grid.py:52: Suite splitting in effect</skipped></testcase><testcase classname="src.pymortests.affine_grid" file="src/pymortests/affine_grid.py" line="52" name="test_embeddings_shape[&lt;lambda&gt;6]" time="0.00042438507080078125"><skipped message="Suite splitting in effect" type="pytest.skip">src/pymortests/affine_grid.py:52: Suite splitting in effect</skipped></testcase><testcase classname="src.pymortests.affine_grid" file="src/pymortests/affine_grid.py" line="52" name="test_embeddings_shape[&lt;lambda&gt;7]" time="0.0003986358642578125"><skipped message="Suite splitting in effect" type="pytest.skip">src/pymortests/affine_grid.py:52: Suite splitting in effect</skipped></testcase><testcase classname="src.pymortests.affine_grid" file="src/pymortests/affine_grid.py" line="52" name="test_embeddings_shape[&lt;lambda&gt;8]" time="0.00038886070251464844"><skipped message="Suite splitting in effect" type="pytest.skip">src/pymortests/affine_grid.py:52: Suite splitting in effect</skipped></testcase><testcase classname="src.pymortests.affine_grid" file="src/pymortests/affine_grid.py" line="52" name="test_embeddings_shape[&lt;lambda&gt;9]" time="0.00040030479431152344"><skipped message="Suite splitting in effect" type="pytest.skip">src/pymortests/affine_grid.py:52: Suite splitting in effect</skipped></testcase><testcase classname="src.pymortests.affine_grid" file="src/pymortests/affine_grid.py" line="52" name="test_embeddings_shape[&lt;lambda&gt;10]" time="0.00041294097900390625"><skipped message="Suite splitting in effect" type="pytest.skip">src/pymortests/affine_grid.py:52: Suite splitting in effect</skipped></testcase><testcase classname="src.pymortests.affine_grid" file="src/pymortests/affine_grid.py" line="52" name="test_embeddings_shape[&lt;lambda&gt;11]" time="0.0004482269287109375"><skipped message="Suite splitting in effect" type="pytest.skip">src/pymortests/affine_grid.py:52: Suite splitting in effect</skipped></testcase><testcase classname="src.pymortests.affine_grid" file="src/pymortests/affine_grid.py" line="52" name="test_embeddings_shape[&lt;lambda&gt;12]" time="0.0003914833068847656"><skipped message="Suite splitting in effect" type="pytest.skip">src/pymortests/affine_grid.py:52: Suite splitting in effect</skipped></testcase><testcase classname="src.pymortests.affine_grid" file="src/pymortests/affine_grid.py" line="52" name="test_embeddings_shape[&lt;lambda&gt;13]" time="0.0004208087921142578"><skipped message="Suite splitting in effect" type="pytest.skip">src/pymortests/affine_grid.py:52: Suite splitting in effect</skipped></testcase><testcase classname="src.pymortests.affine_grid" file="src/pymortests/affine_grid.py" line="52" name="test_embeddings_shape[&lt;lambda&gt;14]" time="0.0004658699035644531"><skipped message="Suite splitting in effect" type="pytest.skip">src/pymortests/affine_grid.py:52: Suite splitting in effect</skipped></testcase><testcase classname="src.pymortests.affine_grid" file="src/pymortests/affine_grid.py" line="52" name="test_embeddings_shape[&lt;lambda&gt;15]" time="0.0004277229309082031"><skipped message="Suite splitting in effect" type="pytest.skip">src/pymortests/affine_grid.py:52: Suite splitting in effect</skipped></testcase><testcase classname="src.pymortests.affine_grid" file="src/pymortests/affine_grid.py" line="52" name="test_embeddings_shape[&lt;lambda&gt;16]" time="0.0004096031188964844"><skipped message="Suite splitting in effect" type="pytest.skip">src/pymortests/affine_grid.py:52: Suite splitting in effect</skipped></testcase><testcase classname="src.pymortests.affine_grid" file="src/pymortests/affine_grid.py" line="52" name="test_embeddings_shape[&lt;lambda&gt;17]" time="0.0004229545593261719"><skipped message="Suite splitting in effect" type="pytest.skip">src/pymortests/affine_grid.py:52: Suite splitting in effect</skipped></testcase><testcase classname="src.pymortests.affine_grid" file="src/pymortests/affine_grid.py" line="52" name="test_embeddings_shape[&lt;lambda&gt;18]" time="0.0004634857177734375"><skipped message="Suite splitting in effect" type="pytest.skip">src/pymortests/affine_grid.py:52: Suite splitting in effect</skipped></testcase><testcase classname="src.pymortests.affine_grid" file="src/pymortests/affine_grid.py" line="52" name="test_embeddings_shape[&lt;lambda&gt;19]" time="0.0007457733154296875"><skipped message="Suite splitting in effect" type="pytest.skip">src/pymortests/affine_grid.py:52: Suite splitting in effect</skipped></testcase><testcase classname="src.pymortests.affine_grid" file="src/pymortests/affine_grid.py" line="52" name="test_embeddings_shape[&lt;lambda&gt;20]" time="0.0004074573516845703"><skipped message="Suite splitting in effect" type="pytest.skip">src/pymortests/affine_grid.py:52: Suite splitting in effect</skipped></testcase><testcase classname="src.pymortests.affine_grid" file="src/pymortests/affine_grid.py" line="52" name="test_embeddings_shape[&lt;lambda&gt;21]" time="0.0004436969757080078"><skipped message="Suite splitting in effect" type="pytest.skip">src/pymortests/affine_grid.py:52: Suite splitting in effect</skipped></testcase><testcase classname="src.pymortests.affine_grid" file="src/pymortests/affine_grid.py" line="52" name="test_embeddings_shape[&lt;lambda&gt;22]" time="0.0004153251647949219"><skipped message="Suite splitting in effect" type="pytest.skip">src/pymortests/affine_grid.py:52: Suite splitting in effect</skipped></testcase><testcase classname="src.pymortests.affine_grid" file="src/pymortests/affine_grid.py" line="52" name="test_embeddings_shape[&lt;lambda&gt;23]" time="0.00042724609375"><skipped message="Suite splitting in effect" type="pytest.skip">src/pymortests/affine_grid.py:52: Suite splitting in effect</skipped></testcase><testcase classname="src.pymortests.affine_grid" file="src/pymortests/affine_grid.py" line="52" name="test_embeddings_shape[&lt;lambda&gt;24]" time="0.00045228004455566406"><skipped message="Suite splitting in effect" type="pytest.skip">src/pymortests/affine_grid.py:52: Suite splitting in effect</skipped></testcase><testcase classname="src.pymortests.affine_grid" file="src/pymortests/affine_grid.py" line="52" name="test_embeddings_shape[&lt;lambda&gt;25]" time="0.0005321502685546875"><skipped message="Suite splitting in effect" type="pytest.skip">src/pymortests/affine_grid.py:52: Suite splitting in effect</skipped></testcase><testcase classname="src.pymortests.affine_grid" file="src/pymortests/affine_grid.py" line="52" name="test_embeddings_shape[&lt;lambda&gt;26]" time="0.0004546642303466797"><skipped message="Suite splitting in effect" type="pytest.skip">src/pymortests/affine_grid.py:52: Suite splitting in effect</skipped></testcase><testcase classname="src.pymortests.affine_grid" file="src/pymortests/affine_grid.py" line="52" name="test_embeddings_shape[&lt;lambda&gt;27]" time="0.00042319297790527344"><skipped message="Suite splitting in effect" type="pytest.skip">src/pymortests/affine_grid.py:52: Suite splitting in effect</skipped></testcase><testcase classname="src.pymortests.affine_grid" file="src/pymortests/affine_grid.py" line="52" name="test_embeddings_shape[&lt;lambda&gt;28]" time="0.00042319297790527344"><skipped message="Suite splitting in effect" type="pytest.skip">src/pymortests/affine_grid.py:52: Suite splitting in effect</skipped></testcase><testcase classname="src.pymortests.affine_grid" file="src/pymortests/affine_grid.py" line="52" name="test_embeddings_shape[&lt;lambda&gt;29]" time="0.00045561790466308594"><skipped message="Suite splitting in effect" type="pytest.skip">src/pymortests/affine_grid.py:52: Suite splitting in effect</skipped></testcase><testcase classname="src.pymortests.affine_grid" file="src/pymortests/affine_grid.py" line="52" name="test_embeddings_shape[&lt;lambda&gt;30]" time="0.00042057037353515625"><skipped message="Suite splitting in effect" type="pytest.skip">src/pymortests/affine_grid.py:52: Suite splitting in effect</skipped></testcase><testcase classname="src.pymortests.affine_grid" file="src/pymortests/affine_grid.py" line="52" name="test_embeddings_shape[&lt;lambda&gt;31]" time="0.0004203319549560547"><skipped message="Suite splitting in effect" type="pytest.skip">src/pymortests/affine_grid.py:52: Suite splitting in effect</skipped></testcase><testcase classname="src.pymortests.affine_grid" file="src/pymortests/affine_grid.py" line="52" name="test_embeddings_shape[&lt;lambda&gt;32]" time="0.00047707557678222656"><skipped message="Suite splitting in effect" type="pytest.skip">src/pymortests/affine_grid.py:52: Suite splitting in effect</skipped></testcase><testcase classname="src.pymortests.affine_grid" file="src/pymortests/affine_grid.py" line="52" name="test_embeddings_shape[&lt;lambda&gt;33]" time="0.0004379749298095703"><skipped message="Suite splitting in effect" type="pytest.skip">src/pymortests/affine_grid.py:52: Suite splitting in effect</skipped></testcase><testcase classname="src.pymortests.affine_grid" file="src/pymortests/affine_grid.py" line="52" name="test_embeddings_shape[&lt;lambda&gt;34]" time="0.0004146099090576172"><skipped message="Suite splitting in effect" type="pytest.skip">src/pymortests/affine_grid.py:52: Suite splitting in effect</skipped></testcase><testcase classname="src.pymortests.affine_grid" file="src/pymortests/affine_grid.py" line="52" name="test_embeddings_shape[&lt;lambda&gt;35]" time="0.0004584789276123047"><skipped message="Suite splitting in effect" type="pytest.skip">src/pymortests/affine_grid.py:52: Suite splitting in effect</skipped></testcase><testcase classname="src.pymortests.affine_grid" file="src/pymortests/affine_grid.py" line="52" name="test_embeddings_shape[&lt;lambda&gt;36]" time="0.00041866302490234375"><skipped message="Suite splitting in effect" type="pytest.skip">src/pymortests/affine_grid.py:52: Suite splitting in effect</skipped></testcase><testcase classname="src.pymortests.affine_grid" file="src/pymortests/affine_grid.py" line="52" name="test_embeddings_shape[&lt;lambda&gt;37]" time="0.00045228004455566406"><skipped message="Suite splitting in effect" type="pytest.skip">src/pymortests/affine_grid.py:52: Suite splitting in effect</skipped></testcase><testcase classname="src.pymortests.affine_grid" file="src/pymortests/affine_grid.py" line="52" name="test_embeddings_shape[&lt;lambda&gt;38]" time="0.00043129920959472656"><skipped message="Suite splitting in effect" type="pytest.skip">src/pymortests/affine_grid.py:52: Suite splitting in effect</skipped></testcase><testcase classname="src.pymortests.affine_grid" file="src/pymortests/affine_grid.py" line="52" name="test_embeddings_shape[&lt;lambda&gt;39]" time="0.00048613548278808594"><skipped message="Suite splitting in effect" type="pytest.skip">src/pymortests/affine_grid.py:52: Suite splitting in effect</skipped></testcase><testcase classname="src.pymortests.affine_grid" file="src/pymortests/affine_grid.py" line="52" name="test_embeddings_shape[&lt;lambda&gt;40]" time="0.0004115104675292969"><skipped message="Suite splitting in effect" type="pytest.skip">src/pymortests/affine_grid.py:52: Suite splitting in effect</skipped></testcase><testcase classname="src.pymortests.affine_grid" file="src/pymortests/affine_grid.py" line="52" name="test_embeddings_shape[&lt;lambda&gt;41]" time="0.00046181678771972656"><skipped message="Suite splitting in effect" type="pytest.skip">src/pymortests/affine_grid.py:52: Suite splitting in effect</skipped></testcase><testcase classname="src.pymortests.affine_grid" file="src/pymortests/affine_grid.py" line="52" name="test_embeddings_shape[&lt;lambda&gt;42]" time="0.0004634857177734375"><skipped message="Suite splitting in effect" type="pytest.skip">src/pymortests/affine_grid.py:52: Suite splitting in effect</skipped></testcase><testcase classname="src.pymortests.affine_grid" file="src/pymortests/affine_grid.py" line="62" name="test_embeddings_transitivity[&lt;lambda&gt;0]" time="0.0004162788391113281"><skipped message="Suite splitting in effect" type="pytest.skip">src/pymortests/affine_grid.py:62: Suite splitting in effect</skipped></testcase><testcase classname="src.pymortests.affine_grid" file="src/pymortests/affine_grid.py" line="62" name="test_embeddings_transitivity[&lt;lambda&gt;1]" time="0.0004425048828125"><skipped message="Suite splitting in effect" type="pytest.skip">src/pymortests/affine_grid.py:62: Suite splitting in effect</skipped></testcase><testcase classname="src.pymortests.affine_grid" file="src/pymortests/affine_grid.py" line="62" name="test_embeddings_transitivity[&lt;lambda&gt;2]" time="0.0004220008850097656"><skipped message="Suite splitting in effect" type="pytest.skip">src/pymortests/affine_grid.py:62: Suite splitting in effect</skipped></testcase><testcase classname="src.pymortests.affine_grid" file="src/pymortests/affine_grid.py" line="62" name="test_embeddings_transitivity[&lt;lambda&gt;3]" time="0.00042057037353515625"><skipped message="Suite splitting in effect" type="pytest.skip">src/pymortests/affine_grid.py:62: Suite splitting in effect</skipped></testcase><testcase classname="src.pymortests.affine_grid" file="src/pymortests/affine_grid.py" line="62" name="test_embeddings_transitivity[&lt;lambda&gt;4]" time="0.00044226646423339844"><skipped message="Suite splitting in effect" type="pytest.skip">src/pymortests/affine_grid.py:62: Suite splitting in effect</skipped></testcase><testcase classname="src.pymortests.affine_grid" file="src/pymortests/affine_grid.py" line="62" name="test_embeddings_transitivity[&lt;lambda&gt;5]" time="0.0004191398620605469"><skipped message="Suite splitting in effect" type="pytest.skip">src/pymortests/affine_grid.py:62: Suite splitting in effect</skipped></testcase><testcase classname="src.pymortests.affine_grid" file="src/pymortests/affine_grid.py" line="62" name="test_embeddings_transitivity[&lt;lambda&gt;6]" time="0.00039267539978027344"><skipped message="Suite splitting in effect" type="pytest.skip">src/pymortests/affine_grid.py:62: Suite splitting in effect</skipped></testcase><testcase classname="src.pymortests.affine_grid" file="src/pymortests/affine_grid.py" line="62" name="test_embeddings_transitivity[&lt;lambda&gt;7]" time="0.0003962516784667969"><skipped message="Suite splitting in effect" type="pytest.skip">src/pymortests/affine_grid.py:62: Suite splitting in effect</skipped></testcase><testcase classname="src.pymortests.affine_grid" file="src/pymortests/affine_grid.py" line="62" name="test_embeddings_transitivity[&lt;lambda&gt;8]" time="0.0004253387451171875"><skipped message="Suite splitting in effect" type="pytest.skip">src/pymortests/affine_grid.py:62: Suite splitting in effect</skipped></testcase><testcase classname="src.pymortests.affine_grid" file="src/pymortests/affine_grid.py" line="62" name="test_embeddings_transitivity[&lt;lambda&gt;9]" time="0.0003972053527832031"><skipped message="Suite splitting in effect" type="pytest.skip">src/pymortests/affine_grid.py:62: Suite splitting in effect</skipped></testcase><testcase classname="src.pymortests.affine_grid" file="src/pymortests/affine_grid.py" line="62" name="test_embeddings_transitivity[&lt;lambda&gt;10]" time="0.00041961669921875"><skipped message="Suite splitting in effect" type="pytest.skip">src/pymortests/affine_grid.py:62: Suite splitting in effect</skipped></testcase><testcase classname="src.pymortests.affine_grid" file="src/pymortests/affine_grid.py" line="62" name="test_embeddings_transitivity[&lt;lambda&gt;11]" time="0.0003924369812011719"><skipped message="Suite splitting in effect" type="pytest.skip">src/pymortests/affine_grid.py:62: Suite splitting in effect</skipped></testcase><testcase classname="src.pymortests.affine_grid" file="src/pymortests/affine_grid.py" line="62" name="test_embeddings_transitivity[&lt;lambda&gt;12]" time="0.00041937828063964844"><skipped message="Suite splitting in effect" type="pytest.skip">src/pymortests/affine_grid.py:62: Suite splitting in effect</skipped></testcase><testcase classname="src.pymortests.affine_grid" file="src/pymortests/affine_grid.py" line="62" name="test_embeddings_transitivity[&lt;lambda&gt;13]" time="0.0003879070281982422"><skipped message="Suite splitting in effect" type="pytest.skip">src/pymortests/affine_grid.py:62: Suite splitting in effect</skipped></testcase><testcase classname="src.pymortests.affine_grid" file="src/pymortests/affine_grid.py" line="62" name="test_embeddings_transitivity[&lt;lambda&gt;14]" time="0.0003936290740966797"><skipped message="Suite splitting in effect" type="pytest.skip">src/pymortests/affine_grid.py:62: Suite splitting in effect</skipped></testcase><testcase classname="src.pymortests.affine_grid" file="src/pymortests/affine_grid.py" line="62" name="test_embeddings_transitivity[&lt;lambda&gt;15]" time="0.00040078163146972656"><skipped message="Suite splitting in effect" type="pytest.skip">src/pymortests/affine_grid.py:62: Suite splitting in effect</skipped></testcase><testcase classname="src.pymortests.affine_grid" file="src/pymortests/affine_grid.py" line="62" name="test_embeddings_transitivity[&lt;lambda&gt;16]" time="0.0004093647003173828"><skipped message="Suite splitting in effect" type="pytest.skip">src/pymortests/affine_grid.py:62: Suite splitting in effect</skipped></testcase><testcase classname="src.pymortests.affine_grid" file="src/pymortests/affine_grid.py" line="62" name="test_embeddings_transitivity[&lt;lambda&gt;17]" time="0.00041556358337402344"><skipped message="Suite splitting in effect" type="pytest.skip">src/pymortests/affine_grid.py:62: Suite splitting in effect</skipped></testcase><testcase classname="src.pymortests.affine_grid" file="src/pymortests/affine_grid.py" line="62" name="test_embeddings_transitivity[&lt;lambda&gt;18]" time="0.0003943443298339844"><skipped message="Suite splitting in effect" type="pytest.skip">src/pymortests/affine_grid.py:62: Suite splitting in effect</skipped></testcase><testcase classname="src.pymortests.affine_grid" file="src/pymortests/affine_grid.py" line="62" name="test_embeddings_transitivity[&lt;lambda&gt;19]" time="0.00045037269592285156"><skipped message="Suite splitting in effect" type="pytest.skip">src/pymortests/affine_grid.py:62: Suite splitting in effect</skipped></testcase><testcase classname="src.pymortests.affine_grid" file="src/pymortests/affine_grid.py" line="62" name="test_embeddings_transitivity[&lt;lambda&gt;20]" time="0.0004203319549560547"><skipped message="Suite splitting in effect" type="pytest.skip">src/pymortests/affine_grid.py:62: Suite splitting in effect</skipped></testcase><testcase classname="src.pymortests.affine_grid" file="src/pymortests/affine_grid.py" line="62" name="test_embeddings_transitivity[&lt;lambda&gt;21]" time="0.00042748451232910156"><skipped message="Suite splitting in effect" type="pytest.skip">src/pymortests/affine_grid.py:62: Suite splitting in effect</skipped></testcase><testcase classname="src.pymortests.affine_grid" file="src/pymortests/affine_grid.py" line="62" name="test_embeddings_transitivity[&lt;lambda&gt;22]" time="0.000423431396484375"><skipped message="Suite splitting in effect" type="pytest.skip">src/pymortests/affine_grid.py:62: Suite splitting in effect</skipped></testcase><testcase classname="src.pymortests.affine_grid" file="src/pymortests/affine_grid.py" line="62" name="test_embeddings_transitivity[&lt;lambda&gt;23]" time="0.0004265308380126953"><skipped message="Suite splitting in effect" type="pytest.skip">src/pymortests/affine_grid.py:62: Suite splitting in effect</skipped></testcase><testcase classname="src.pymortests.affine_grid" file="src/pymortests/affine_grid.py" line="62" name="test_embeddings_transitivity[&lt;lambda&gt;24]" time="0.0003902912139892578"><skipped message="Suite splitting in effect" type="pytest.skip">src/pymortests/affine_grid.py:62: Suite splitting in effect</skipped></testcase><testcase classname="src.pymortests.affine_grid" file="src/pymortests/affine_grid.py" line="62" name="test_embeddings_transitivity[&lt;lambda&gt;25]" time="0.00042128562927246094"><skipped message="Suite splitting in effect" type="pytest.skip">src/pymortests/affine_grid.py:62: Suite splitting in effect</skipped></testcase><testcase classname="src.pymortests.affine_grid" file="src/pymortests/affine_grid.py" line="62" name="test_embeddings_transitivity[&lt;lambda&gt;26]" time="0.0003921985626220703"><skipped message="Suite splitting in effect" type="pytest.skip">src/pymortests/affine_grid.py:62: Suite splitting in effect</skipped></testcase><testcase classname="src.pymortests.affine_grid" file="src/pymortests/affine_grid.py" line="62" name="test_embeddings_transitivity[&lt;lambda&gt;27]" time="0.00039267539978027344"><skipped message="Suite splitting in effect" type="pytest.skip">src/pymortests/affine_grid.py:62: Suite splitting in effect</skipped></testcase><testcase classname="src.pymortests.affine_grid" file="src/pymortests/affine_grid.py" line="62" name="test_embeddings_transitivity[&lt;lambda&gt;28]" time="0.0003986358642578125"><skipped message="Suite splitting in effect" type="pytest.skip">src/pymortests/affine_grid.py:62: Suite splitting in effect</skipped></testcase><testcase classname="src.pymortests.affine_grid" file="src/pymortests/affine_grid.py" line="62" name="test_embeddings_transitivity[&lt;lambda&gt;29]" time="0.0003986358642578125"><skipped message="Suite splitting in effect" type="pytest.skip">src/pymortests/affine_grid.py:62: Suite splitting in effect</skipped></testcase><testcase classname="src.pymortests.affine_grid" file="src/pymortests/affine_grid.py" line="62" name="test_embeddings_transitivity[&lt;lambda&gt;30]" time="0.0004241466522216797"><skipped message="Suite splitting in effect" type="pytest.skip">src/pymortests/affine_grid.py:62: Suite splitting in effect</skipped></testcase><testcase classname="src.pymortests.affine_grid" file="src/pymortests/affine_grid.py" line="62" name="test_embeddings_transitivity[&lt;lambda&gt;31]" time="0.00040221214294433594"><skipped message="Suite splitting in effect" type="pytest.skip">src/pymortests/affine_grid.py:62: Suite splitting in effect</skipped></testcase><testcase classname="src.pymortests.affine_grid" file="src/pymortests/affine_grid.py" line="62" name="test_embeddings_transitivity[&lt;lambda&gt;32]" time="0.0004506111145019531"><skipped message="Suite splitting in effect" type="pytest.skip">src/pymortests/affine_grid.py:62: Suite splitting in effect</skipped></testcase><testcase classname="src.pymortests.affine_grid" file="src/pymortests/affine_grid.py" line="62" name="test_embeddings_transitivity[&lt;lambda&gt;33]" time="0.00041747093200683594"><skipped message="Suite splitting in effect" type="pytest.skip">src/pymortests/affine_grid.py:62: Suite splitting in effect</skipped></testcase><testcase classname="src.pymortests.affine_grid" file="src/pymortests/affine_grid.py" line="62" name="test_embeddings_transitivity[&lt;lambda&gt;34]" time="0.0004100799560546875"><skipped message="Suite splitting in effect" type="pytest.skip">src/pymortests/affine_grid.py:62: Suite splitting in effect</skipped></testcase><testcase classname="src.pymortests.affine_grid" file="src/pymortests/affine_grid.py" line="62" name="test_embeddings_transitivity[&lt;lambda&gt;35]" time="0.0004189014434814453"><skipped message="Suite splitting in effect" type="pytest.skip">src/pymortests/affine_grid.py:62: Suite splitting in effect</skipped></testcase><testcase classname="src.pymortests.affine_grid" file="src/pymortests/affine_grid.py" line="62" name="test_embeddings_transitivity[&lt;lambda&gt;36]" time="0.0004076957702636719"><skipped message="Suite splitting in effect" type="pytest.skip">src/pymortests/affine_grid.py:62: Suite splitting in effect</skipped></testcase><testcase classname="src.pymortests.affine_grid" file="src/pymortests/affine_grid.py" line="62" name="test_embeddings_transitivity[&lt;lambda&gt;37]" time="0.00042510032653808594"><skipped message="Suite splitting in effect" type="pytest.skip">src/pymortests/affine_grid.py:62: Suite splitting in effect</skipped></testcase><testcase classname="src.pymortests.affine_grid" file="src/pymortests/affine_grid.py" line="62" name="test_embeddings_transitivity[&lt;lambda&gt;38]" time="0.00039315223693847656"><skipped message="Suite splitting in effect" type="pytest.skip">src/pymortests/affine_grid.py:62: Suite splitting in effect</skipped></testcase><testcase classname="src.pymortests.affine_grid" file="src/pymortests/affine_grid.py" line="62" name="test_embeddings_transitivity[&lt;lambda&gt;39]" time="0.0003979206085205078"><skipped message="Suite splitting in effect" type="pytest.skip">src/pymortests/affine_grid.py:62: Suite splitting in effect</skipped></testcase><testcase classname="src.pymortests.affine_grid" file="src/pymortests/affine_grid.py" line="62" name="test_embeddings_transitivity[&lt;lambda&gt;40]" time="0.0004286766052246094"><skipped message="Suite splitting in effect" type="pytest.skip">src/pymortests/affine_grid.py:62: Suite splitting in effect</skipped></testcase><testcase classname="src.pymortests.affine_grid" file="src/pymortests/affine_grid.py" line="62" name="test_embeddings_transitivity[&lt;lambda&gt;41]" time="0.0004076957702636719"><skipped message="Suite splitting in effect" type="pytest.skip">src/pymortests/affine_grid.py:62: Suite splitting in effect</skipped></testcase><testcase classname="src.pymortests.affine_grid" file="src/pymortests/affine_grid.py" line="62" name="test_embeddings_transitivity[&lt;lambda&gt;42]" time="0.00042128562927246094"><skipped message="Suite splitting in effect" type="pytest.skip">src/pymortests/affine_grid.py:62: Suite splitting in effect</skipped></testcase><testcase classname="src.pymortests.affine_grid" file="src/pymortests/affine_grid.py" line="75" name="test_jacobian_inverse_transposed_wrong_arguments[&lt;lambda&gt;0]" time="0.00042128562927246094"><skipped message="Suite splitting in effect" type="pytest.skip">src/pymortests/affine_grid.py:75: Suite splitting in effect</skipped></testcase><testcase classname="src.pymortests.affine_grid" file="src/pymortests/affine_grid.py" line="75" name="test_jacobian_inverse_transposed_wrong_arguments[&lt;lambda&gt;1]" time="0.0003941059112548828"><skipped message="Suite splitting in effect" type="pytest.skip">src/pymortests/affine_grid.py:75: Suite splitting in effect</skipped></testcase><testcase classname="src.pymortests.affine_grid" file="src/pymortests/affine_grid.py" line="75" name="test_jacobian_inverse_transposed_wrong_arguments[&lt;lambda&gt;2]" time="0.0003962516784667969"><skipped message="Suite splitting in effect" type="pytest.skip">src/pymortests/affine_grid.py:75: Suite splitting in effect</skipped></testcase><testcase classname="src.pymortests.affine_grid" file="src/pymortests/affine_grid.py" line="75" name="test_jacobian_inverse_transposed_wrong_arguments[&lt;lambda&gt;3]" time="0.0003960132598876953"><skipped message="Suite splitting in effect" type="pytest.skip">src/pymortests/affine_grid.py:75: Suite splitting in effect</skipped></testcase><testcase classname="src.pymortests.affine_grid" file="src/pymortests/affine_grid.py" line="75" name="test_jacobian_inverse_transposed_wrong_arguments[&lt;lambda&gt;4]" time="0.0004074573516845703"><skipped message="Suite splitting in effect" type="pytest.skip">src/pymortests/affine_grid.py:75: Suite splitting in effect</skipped></testcase><testcase classname="src.pymortests.affine_grid" file="src/pymortests/affine_grid.py" line="75" name="test_jacobian_inverse_transposed_wrong_arguments[&lt;lambda&gt;5]" time="0.0004200935363769531"><skipped message="Suite splitting in effect" type="pytest.skip">src/pymortests/affine_grid.py:75: Suite splitting in effect</skipped></testcase><testcase classname="src.pymortests.affine_grid" file="src/pymortests/affine_grid.py" line="75" name="test_jacobian_inverse_transposed_wrong_arguments[&lt;lambda&gt;6]" time="0.000392913818359375"><skipped message="Suite splitting in effect" type="pytest.skip">src/pymortests/affine_grid.py:75: Suite splitting in effect</skipped></testcase><testcase classname="src.pymortests.affine_grid" file="src/pymortests/affine_grid.py" line="75" name="test_jacobian_inverse_transposed_wrong_arguments[&lt;lambda&gt;7]" time="0.00042366981506347656"><skipped message="Suite splitting in effect" type="pytest.skip">src/pymortests/affine_grid.py:75: Suite splitting in effect</skipped></testcase><testcase classname="src.pymortests.affine_grid" file="src/pymortests/affine_grid.py" line="75" name="test_jacobian_inverse_transposed_wrong_arguments[&lt;lambda&gt;8]" time="0.00039386749267578125"><skipped message="Suite splitting in effect" type="pytest.skip">src/pymortests/affine_grid.py:75: Suite splitting in effect</skipped></testcase><testcase classname="src.pymortests.affine_grid" file="src/pymortests/affine_grid.py" line="75" name="test_jacobian_inverse_transposed_wrong_arguments[&lt;lambda&gt;9]" time="0.0004200935363769531"><skipped message="Suite splitting in effect" type="pytest.skip">src/pymortests/affine_grid.py:75: Suite splitting in effect</skipped></testcase><testcase classname="src.pymortests.affine_grid" file="src/pymortests/affine_grid.py" line="75" name="test_jacobian_inverse_transposed_wrong_arguments[&lt;lambda&gt;10]" time="0.0003902912139892578"><skipped message="Suite splitting in effect" type="pytest.skip">src/pymortests/affine_grid.py:75: Suite splitting in effect</skipped></testcase><testcase classname="src.pymortests.affine_grid" file="src/pymortests/affine_grid.py" line="75" name="test_jacobian_inverse_transposed_wrong_arguments[&lt;lambda&gt;11]" time="0.0004241466522216797"><skipped message="Suite splitting in effect" type="pytest.skip">src/pymortests/affine_grid.py:75: Suite splitting in effect</skipped></testcase><testcase classname="src.pymortests.affine_grid" file="src/pymortests/affine_grid.py" line="75" name="test_jacobian_inverse_transposed_wrong_arguments[&lt;lambda&gt;12]" time="0.00040912628173828125"><skipped message="Suite splitting in effect" type="pytest.skip">src/pymortests/affine_grid.py:75: Suite splitting in effect</skipped></testcase><testcase classname="src.pymortests.affine_grid" file="src/pymortests/affine_grid.py" line="75" name="test_jacobian_inverse_transposed_wrong_arguments[&lt;lambda&gt;13]" time="0.00041747093200683594"><skipped message="Suite splitting in effect" type="pytest.skip">src/pymortests/affine_grid.py:75: Suite splitting in effect</skipped></testcase><testcase classname="src.pymortests.affine_grid" file="src/pymortests/affine_grid.py" line="75" name="test_jacobian_inverse_transposed_wrong_arguments[&lt;lambda&gt;14]" time="0.0004096031188964844"><skipped message="Suite splitting in effect" type="pytest.skip">src/pymortests/affine_grid.py:75: Suite splitting in effect</skipped></testcase><testcase classname="src.pymortests.affine_grid" file="src/pymortests/affine_grid.py" line="75" name="test_jacobian_inverse_transposed_wrong_arguments[&lt;lambda&gt;15]" time="0.00039005279541015625"><skipped message="Suite splitting in effect" type="pytest.skip">src/pymortests/affine_grid.py:75: Suite splitting in effect</skipped></testcase><testcase classname="src.pymortests.affine_grid" file="src/pymortests/affine_grid.py" line="75" name="test_jacobian_inverse_transposed_wrong_arguments[&lt;lambda&gt;16]" time="0.0003972053527832031"><skipped message="Suite splitting in effect" type="pytest.skip">src/pymortests/affine_grid.py:75: Suite splitting in effect</skipped></testcase><testcase classname="src.pymortests.affine_grid" file="src/pymortests/affine_grid.py" line="75" name="test_jacobian_inverse_transposed_wrong_arguments[&lt;lambda&gt;17]" time="0.0003998279571533203"><skipped message="Suite splitting in effect" type="pytest.skip">src/pymortests/affine_grid.py:75: Suite splitting in effect</skipped></testcase><testcase classname="src.pymortests.affine_grid" file="src/pymortests/affine_grid.py" line="75" name="test_jacobian_inverse_transposed_wrong_arguments[&lt;lambda&gt;18]" time="0.0004482269287109375"><skipped message="Suite splitting in effect" type="pytest.skip">src/pymortests/affine_grid.py:75: Suite splitting in effect</skipped></testcase><testcase classname="src.pymortests.affine_grid" file="src/pymortests/affine_grid.py" line="75" name="test_jacobian_inverse_transposed_wrong_arguments[&lt;lambda&gt;19]" time="0.0004107952117919922"><skipped message="Suite splitting in effect" type="pytest.skip">src/pymortests/affine_grid.py:75: Suite splitting in effect</skipped></testcase><testcase classname="src.pymortests.affine_grid" file="src/pymortests/affine_grid.py" line="75" name="test_jacobian_inverse_transposed_wrong_arguments[&lt;lambda&gt;20]" time="0.0004520416259765625"><skipped message="Suite splitting in effect" type="pytest.skip">src/pymortests/affine_grid.py:75: Suite splitting in effect</skipped></testcase><testcase classname="src.pymortests.affine_grid" file="src/pymortests/affine_grid.py" line="75" name="test_jacobian_inverse_transposed_wrong_arguments[&lt;lambda&gt;21]" time="0.00041031837463378906"><skipped message="Suite splitting in effect" type="pytest.skip">src/pymortests/affine_grid.py:75: Suite splitting in effect</skipped></testcase><testcase classname="src.pymortests.affine_grid" file="src/pymortests/affine_grid.py" line="75" name="test_jacobian_inverse_transposed_wrong_arguments[&lt;lambda&gt;22]" time="0.0004165172576904297"><skipped message="Suite splitting in effect" type="pytest.skip">src/pymortests/affine_grid.py:75: Suite splitting in effect</skipped></testcase><testcase classname="src.pymortests.affine_grid" file="src/pymortests/affine_grid.py" line="75" name="test_jacobian_inverse_transposed_wrong_arguments[&lt;lambda&gt;23]" time="0.0004496574401855469"><skipped message="Suite splitting in effect" type="pytest.skip">src/pymortests/affine_grid.py:75: Suite splitting in effect</skipped></testcase><testcase classname="src.pymortests.affine_grid" file="src/pymortests/affine_grid.py" line="75" name="test_jacobian_inverse_transposed_wrong_arguments[&lt;lambda&gt;24]" time="0.000423431396484375"><skipped message="Suite splitting in effect" type="pytest.skip">src/pymortests/affine_grid.py:75: Suite splitting in effect</skipped></testcase><testcase classname="src.pymortests.affine_grid" file="src/pymortests/affine_grid.py" line="75" name="test_jacobian_inverse_transposed_wrong_arguments[&lt;lambda&gt;25]" time="0.00042819976806640625"><skipped message="Suite splitting in effect" type="pytest.skip">src/pymortests/affine_grid.py:75: Suite splitting in effect</skipped></testcase><testcase classname="src.pymortests.affine_grid" file="src/pymortests/affine_grid.py" line="75" name="test_jacobian_inverse_transposed_wrong_arguments[&lt;lambda&gt;26]" time="0.00040340423583984375"><skipped message="Suite splitting in effect" type="pytest.skip">src/pymortests/affine_grid.py:75: Suite splitting in effect</skipped></testcase><testcase classname="src.pymortests.affine_grid" file="src/pymortests/affine_grid.py" line="75" name="test_jacobian_inverse_transposed_wrong_arguments[&lt;lambda&gt;27]" time="0.0004324913024902344"><skipped message="Suite splitting in effect" type="pytest.skip">src/pymortests/affine_grid.py:75: Suite splitting in effect</skipped></testcase><testcase classname="src.pymortests.affine_grid" file="src/pymortests/affine_grid.py" line="75" name="test_jacobian_inverse_transposed_wrong_arguments[&lt;lambda&gt;28]" time="0.0007169246673583984"><skipped message="Suite splitting in effect" type="pytest.skip">src/pymortests/affine_grid.py:75: Suite splitting in effect</skipped></testcase><testcase classname="src.pymortests.affine_grid" file="src/pymortests/affine_grid.py" line="75" name="test_jacobian_inverse_transposed_wrong_arguments[&lt;lambda&gt;29]" time="0.0004258155822753906"><skipped message="Suite splitting in effect" type="pytest.skip">src/pymortests/affine_grid.py:75: Suite splitting in effect</skipped></testcase><testcase classname="src.pymortests.affine_grid" file="src/pymortests/affine_grid.py" line="75" name="test_jacobian_inverse_transposed_wrong_arguments[&lt;lambda&gt;30]" time="0.0003921985626220703"><skipped message="Suite splitting in effect" type="pytest.skip">src/pymortests/affine_grid.py:75: Suite splitting in effect</skipped></testcase><testcase classname="src.pymortests.affine_grid" file="src/pymortests/affine_grid.py" line="75" name="test_jacobian_inverse_transposed_wrong_arguments[&lt;lambda&gt;31]" time="0.00042819976806640625"><skipped message="Suite splitting in effect" type="pytest.skip">src/pymortests/affine_grid.py:75: Suite splitting in effect</skipped></testcase><testcase classname="src.pymortests.affine_grid" file="src/pymortests/affine_grid.py" line="75" name="test_jacobian_inverse_transposed_wrong_arguments[&lt;lambda&gt;32]" time="0.0003914833068847656"><skipped message="Suite splitting in effect" type="pytest.skip">src/pymortests/affine_grid.py:75: Suite splitting in effect</skipped></testcase><testcase classname="src.pymortests.affine_grid" file="src/pymortests/affine_grid.py" line="75" name="test_jacobian_inverse_transposed_wrong_arguments[&lt;lambda&gt;33]" time="0.00041985511779785156"><skipped message="Suite splitting in effect" type="pytest.skip">src/pymortests/affine_grid.py:75: Suite splitting in effect</skipped></testcase><testcase classname="src.pymortests.affine_grid" file="src/pymortests/affine_grid.py" line="75" name="test_jacobian_inverse_transposed_wrong_arguments[&lt;lambda&gt;34]" time="0.0003986358642578125"><skipped message="Suite splitting in effect" type="pytest.skip">src/pymortests/affine_grid.py:75: Suite splitting in effect</skipped></testcase><testcase classname="src.pymortests.affine_grid" file="src/pymortests/affine_grid.py" line="75" name="test_jacobian_inverse_transposed_wrong_arguments[&lt;lambda&gt;35]" time="0.0004265308380126953"><skipped message="Suite splitting in effect" type="pytest.skip">src/pymortests/affine_grid.py:75: Suite splitting in effect</skipped></testcase><testcase classname="src.pymortests.affine_grid" file="src/pymortests/affine_grid.py" line="75" name="test_jacobian_inverse_transposed_wrong_arguments[&lt;lambda&gt;36]" time="0.0004622936248779297"><skipped message="Suite splitting in effect" type="pytest.skip">src/pymortests/affine_grid.py:75: Suite splitting in effect</skipped></testcase><testcase classname="src.pymortests.affine_grid" file="src/pymortests/affine_grid.py" line="75" name="test_jacobian_inverse_transposed_wrong_arguments[&lt;lambda&gt;37]" time="0.00039577484130859375"><skipped message="Suite splitting in effect" type="pytest.skip">src/pymortests/affine_grid.py:75: Suite splitting in effect</skipped></testcase><testcase classname="src.pymortests.affine_grid" file="src/pymortests/affine_grid.py" line="75" name="test_jacobian_inverse_transposed_wrong_arguments[&lt;lambda&gt;38]" time="0.0004119873046875"><skipped message="Suite splitting in effect" type="pytest.skip">src/pymortests/affine_grid.py:75: Suite splitting in effect</skipped></testcase><testcase classname="src.pymortests.affine_grid" file="src/pymortests/affine_grid.py" line="75" name="test_jacobian_inverse_transposed_wrong_arguments[&lt;lambda&gt;39]" time="0.0004215240478515625"><skipped message="Suite splitting in effect" type="pytest.skip">src/pymortests/affine_grid.py:75: Suite splitting in effect</skipped></testcase><testcase classname="src.pymortests.affine_grid" file="src/pymortests/affine_grid.py" line="75" name="test_jacobian_inverse_transposed_wrong_arguments[&lt;lambda&gt;40]" time="0.00042891502380371094"><skipped message="Suite splitting in effect" type="pytest.skip">src/pymortests/affine_grid.py:75: Suite splitting in effect</skipped></testcase><testcase classname="src.pymortests.affine_grid" file="src/pymortests/affine_grid.py" line="75" name="test_jacobian_inverse_transposed_wrong_arguments[&lt;lambda&gt;41]" time="0.00044417381286621094"><skipped message="Suite splitting in effect" type="pytest.skip">src/pymortests/affine_grid.py:75: Suite splitting in effect</skipped></testcase><testcase classname="src.pymortests.affine_grid" file="src/pymortests/affine_grid.py" line="75" name="test_jacobian_inverse_transposed_wrong_arguments[&lt;lambda&gt;42]" time="0.0003943443298339844"><skipped message="Suite splitting in effect" type="pytest.skip">src/pymortests/affine_grid.py:75: Suite splitting in effect</skipped></testcase><testcase classname="src.pymortests.affine_grid" file="src/pymortests/affine_grid.py" line="85" name="test_jacobian_inverse_transposed_shape[&lt;lambda&gt;0]" time="0.00039458274841308594"><skipped message="Suite splitting in effect" type="pytest.skip">src/pymortests/affine_grid.py:85: Suite splitting in effect</skipped></testcase><testcase classname="src.pymortests.affine_grid" file="src/pymortests/affine_grid.py" line="85" name="test_jacobian_inverse_transposed_shape[&lt;lambda&gt;1]" time="0.00041675567626953125"><skipped message="Suite splitting in effect" type="pytest.skip">src/pymortests/affine_grid.py:85: Suite splitting in effect</skipped></testcase><testcase classname="src.pymortests.affine_grid" file="src/pymortests/affine_grid.py" line="85" name="test_jacobian_inverse_transposed_shape[&lt;lambda&gt;2]" time="0.0004477500915527344"><skipped message="Suite splitting in effect" type="pytest.skip">src/pymortests/affine_grid.py:85: Suite splitting in effect</skipped></testcase><testcase classname="src.pymortests.affine_grid" file="src/pymortests/affine_grid.py" line="85" name="test_jacobian_inverse_transposed_shape[&lt;lambda&gt;3]" time="0.0004215240478515625"><skipped message="Suite splitting in effect" type="pytest.skip">src/pymortests/affine_grid.py:85: Suite splitting in effect</skipped></testcase><testcase classname="src.pymortests.affine_grid" file="src/pymortests/affine_grid.py" line="85" name="test_jacobian_inverse_transposed_shape[&lt;lambda&gt;4]" time="0.00042891502380371094"><skipped message="Suite splitting in effect" type="pytest.skip">src/pymortests/affine_grid.py:85: Suite splitting in effect</skipped></testcase><testcase classname="src.pymortests.affine_grid" file="src/pymortests/affine_grid.py" line="85" name="test_jacobian_inverse_transposed_shape[&lt;lambda&gt;5]" time="0.00041937828063964844"><skipped message="Suite splitting in effect" type="pytest.skip">src/pymortests/affine_grid.py:85: Suite splitting in effect</skipped></testcase><testcase classname="src.pymortests.affine_grid" file="src/pymortests/affine_grid.py" line="85" name="test_jacobian_inverse_transposed_shape[&lt;lambda&gt;6]" time="0.00044608116149902344"><skipped message="Suite splitting in effect" type="pytest.skip">src/pymortests/affine_grid.py:85: Suite splitting in effect</skipped></testcase><testcase classname="src.pymortests.affine_grid" file="src/pymortests/affine_grid.py" line="85" name="test_jacobian_inverse_transposed_shape[&lt;lambda&gt;7]" time="0.0004246234893798828"><skipped message="Suite splitting in effect" type="pytest.skip">src/pymortests/affine_grid.py:85: Suite splitting in effect</skipped></testcase><testcase classname="src.pymortests.affine_grid" file="src/pymortests/affine_grid.py" line="85" name="test_jacobian_inverse_transposed_shape[&lt;lambda&gt;8]" time="0.0004596710205078125"><skipped message="Suite splitting in effect" type="pytest.skip">src/pymortests/affine_grid.py:85: Suite splitting in effect</skipped></testcase><testcase classname="src.pymortests.affine_grid" file="src/pymortests/affine_grid.py" line="85" name="test_jacobian_inverse_transposed_shape[&lt;lambda&gt;9]" time="0.0004246234893798828"><skipped message="Suite splitting in effect" type="pytest.skip">src/pymortests/affine_grid.py:85: Suite splitting in effect</skipped></testcase><testcase classname="src.pymortests.affine_grid" file="src/pymortests/affine_grid.py" line="85" name="test_jacobian_inverse_transposed_shape[&lt;lambda&gt;10]" time="0.0003910064697265625"><skipped message="Suite splitting in effect" type="pytest.skip">src/pymortests/affine_grid.py:85: Suite splitting in effect</skipped></testcase><testcase classname="src.pymortests.affine_grid" file="src/pymortests/affine_grid.py" line="85" name="test_jacobian_inverse_transposed_shape[&lt;lambda&gt;11]" time="0.0003936290740966797"><skipped message="Suite splitting in effect" type="pytest.skip">src/pymortests/affine_grid.py:85: Suite splitting in effect</skipped></testcase><testcase classname="src.pymortests.affine_grid" file="src/pymortests/affine_grid.py" line="85" name="test_jacobian_inverse_transposed_shape[&lt;lambda&gt;12]" time="0.00039458274841308594"><skipped message="Suite splitting in effect" type="pytest.skip">src/pymortests/affine_grid.py:85: Suite splitting in effect</skipped></testcase><testcase classname="src.pymortests.affine_grid" file="src/pymortests/affine_grid.py" line="85" name="test_jacobian_inverse_transposed_shape[&lt;lambda&gt;13]" time="0.00038814544677734375"><skipped message="Suite splitting in effect" type="pytest.skip">src/pymortests/affine_grid.py:85: Suite splitting in effect</skipped></testcase><testcase classname="src.pymortests.affine_grid" file="src/pymortests/affine_grid.py" line="85" name="test_jacobian_inverse_transposed_shape[&lt;lambda&gt;14]" time="0.0004420280456542969"><skipped message="Suite splitting in effect" type="pytest.skip">src/pymortests/affine_grid.py:85: Suite splitting in effect</skipped></testcase><testcase classname="src.pymortests.affine_grid" file="src/pymortests/affine_grid.py" line="85" name="test_jacobian_inverse_transposed_shape[&lt;lambda&gt;15]" time="0.000396728515625"><skipped message="Suite splitting in effect" type="pytest.skip">src/pymortests/affine_grid.py:85: Suite splitting in effect</skipped></testcase><testcase classname="src.pymortests.affine_grid" file="src/pymortests/affine_grid.py" line="85" name="test_jacobian_inverse_transposed_shape[&lt;lambda&gt;16]" time="0.0006442070007324219"><skipped message="Suite splitting in effect" type="pytest.skip">src/pymortests/affine_grid.py:85: Suite splitting in effect</skipped></testcase><testcase classname="src.pymortests.affine_grid" file="src/pymortests/affine_grid.py" line="85" name="test_jacobian_inverse_transposed_shape[&lt;lambda&gt;17]" time="0.0005767345428466797"><skipped message="Suite splitting in effect" type="pytest.skip">src/pymortests/affine_grid.py:85: Suite splitting in effect</skipped></testcase><testcase classname="src.pymortests.affine_grid" file="src/pymortests/affine_grid.py" line="85" name="test_jacobian_inverse_transposed_shape[&lt;lambda&gt;18]" time="0.0004963874816894531"><skipped message="Suite splitting in effect" type="pytest.skip">src/pymortests/affine_grid.py:85: Suite splitting in effect</skipped></testcase><testcase classname="src.pymortests.affine_grid" file="src/pymortests/affine_grid.py" line="85" name="test_jacobian_inverse_transposed_shape[&lt;lambda&gt;19]" time="0.0005643367767333984"><skipped message="Suite splitting in effect" type="pytest.skip">src/pymortests/affine_grid.py:85: Suite splitting in effect</skipped></testcase><testcase classname="src.pymortests.affine_grid" file="src/pymortests/affine_grid.py" line="85" name="test_jacobian_inverse_transposed_shape[&lt;lambda&gt;20]" time="0.0004673004150390625"><skipped message="Suite splitting in effect" type="pytest.skip">src/pymortests/affine_grid.py:85: Suite splitting in effect</skipped></testcase><testcase classname="src.pymortests.affine_grid" file="src/pymortests/affine_grid.py" line="85" name="test_jacobian_inverse_transposed_shape[&lt;lambda&gt;21]" time="0.0004010200500488281"><skipped message="Suite splitting in effect" type="pytest.skip">src/pymortests/affine_grid.py:85: Suite splitting in effect</skipped></testcase><testcase classname="src.pymortests.affine_grid" file="src/pymortests/affine_grid.py" line="85" name="test_jacobian_inverse_transposed_shape[&lt;lambda&gt;22]" time="0.0004246234893798828"><skipped message="Suite splitting in effect" type="pytest.skip">src/pymortests/affine_grid.py:85: Suite splitting in effect</skipped></testcase><testcase classname="src.pymortests.affine_grid" file="src/pymortests/affine_grid.py" line="85" name="test_jacobian_inverse_transposed_shape[&lt;lambda&gt;23]" time="0.00041556358337402344"><skipped message="Suite splitting in effect" type="pytest.skip">src/pymortests/affine_grid.py:85: Suite splitting in effect</skipped></testcase><testcase classname="src.pymortests.affine_grid" file="src/pymortests/affine_grid.py" line="85" name="test_jacobian_inverse_transposed_shape[&lt;lambda&gt;24]" time="0.00045609474182128906"><skipped message="Suite splitting in effect" type="pytest.skip">src/pymortests/affine_grid.py:85: Suite splitting in effect</skipped></testcase><testcase classname="src.pymortests.affine_grid" file="src/pymortests/affine_grid.py" line="85" name="test_jacobian_inverse_transposed_shape[&lt;lambda&gt;25]" time="0.00038623809814453125"><skipped message="Suite splitting in effect" type="pytest.skip">src/pymortests/affine_grid.py:85: Suite splitting in effect</skipped></testcase><testcase classname="src.pymortests.affine_grid" file="src/pymortests/affine_grid.py" line="85" name="test_jacobian_inverse_transposed_shape[&lt;lambda&gt;26]" time="0.00042247772216796875"><skipped message="Suite splitting in effect" type="pytest.skip">src/pymortests/affine_grid.py:85: Suite splitting in effect</skipped></testcase><testcase classname="src.pymortests.affine_grid" file="src/pymortests/affine_grid.py" line="85" name="test_jacobian_inverse_transposed_shape[&lt;lambda&gt;27]" time="0.0003883838653564453"><skipped message="Suite splitting in effect" type="pytest.skip">src/pymortests/affine_grid.py:85: Suite splitting in effect</skipped></testcase><testcase classname="src.pymortests.affine_grid" file="src/pymortests/affine_grid.py" line="85" name="test_jacobian_inverse_transposed_shape[&lt;lambda&gt;28]" time="0.00042748451232910156"><skipped message="Suite splitting in effect" type="pytest.skip">src/pymortests/affine_grid.py:85: Suite splitting in effect</skipped></testcase><testcase classname="src.pymortests.affine_grid" file="src/pymortests/affine_grid.py" line="85" name="test_jacobian_inverse_transposed_shape[&lt;lambda&gt;29]" time="0.00040030479431152344"><skipped message="Suite splitting in effect" type="pytest.skip">src/pymortests/affine_grid.py:85: Suite splitting in effect</skipped></testcase><testcase classname="src.pymortests.affine_grid" file="src/pymortests/affine_grid.py" line="85" name="test_jacobian_inverse_transposed_shape[&lt;lambda&gt;30]" time="0.0004239082336425781"><skipped message="Suite splitting in effect" type="pytest.skip">src/pymortests/affine_grid.py:85: Suite splitting in effect</skipped></testcase><testcase classname="src.pymortests.affine_grid" file="src/pymortests/affine_grid.py" line="85" name="test_jacobian_inverse_transposed_shape[&lt;lambda&gt;31]" time="0.00039649009704589844"><skipped message="Suite splitting in effect" type="pytest.skip">src/pymortests/affine_grid.py:85: Suite splitting in effect</skipped></testcase><testcase classname="src.pymortests.affine_grid" file="src/pymortests/affine_grid.py" line="85" name="test_jacobian_inverse_transposed_shape[&lt;lambda&gt;32]" time="0.0004203319549560547"><skipped message="Suite splitting in effect" type="pytest.skip">src/pymortests/affine_grid.py:85: Suite splitting in effect</skipped></testcase><testcase classname="src.pymortests.affine_grid" file="src/pymortests/affine_grid.py" line="85" name="test_jacobian_inverse_transposed_shape[&lt;lambda&gt;33]" time="0.0004181861877441406"><skipped message="Suite splitting in effect" type="pytest.skip">src/pymortests/affine_grid.py:85: Suite splitting in effect</skipped></testcase><testcase classname="src.pymortests.affine_grid" file="src/pymortests/affine_grid.py" line="85" name="test_jacobian_inverse_transposed_shape[&lt;lambda&gt;34]" time="0.0003910064697265625"><skipped message="Suite splitting in effect" type="pytest.skip">src/pymortests/affine_grid.py:85: Suite splitting in effect</skipped></testcase><testcase classname="src.pymortests.affine_grid" file="src/pymortests/affine_grid.py" line="85" name="test_jacobian_inverse_transposed_shape[&lt;lambda&gt;35]" time="0.00039649009704589844"><skipped message="Suite splitting in effect" type="pytest.skip">src/pymortests/affine_grid.py:85: Suite splitting in effect</skipped></testcase><testcase classname="src.pymortests.affine_grid" file="src/pymortests/affine_grid.py" line="85" name="test_jacobian_inverse_transposed_shape[&lt;lambda&gt;36]" time="0.00042057037353515625"><skipped message="Suite splitting in effect" type="pytest.skip">src/pymortests/affine_grid.py:85: Suite splitting in effect</skipped></testcase><testcase classname="src.pymortests.affine_grid" file="src/pymortests/affine_grid.py" line="85" name="test_jacobian_inverse_transposed_shape[&lt;lambda&gt;37]" time="0.0004067420959472656"><skipped message="Suite splitting in effect" type="pytest.skip">src/pymortests/affine_grid.py:85: Suite splitting in effect</skipped></testcase><testcase classname="src.pymortests.affine_grid" file="src/pymortests/affine_grid.py" line="85" name="test_jacobian_inverse_transposed_shape[&lt;lambda&gt;38]" time="0.00039315223693847656"><skipped message="Suite splitting in effect" type="pytest.skip">src/pymortests/affine_grid.py:85: Suite splitting in effect</skipped></testcase><testcase classname="src.pymortests.affine_grid" file="src/pymortests/affine_grid.py" line="85" name="test_jacobian_inverse_transposed_shape[&lt;lambda&gt;39]" time="0.00040602684020996094"><skipped message="Suite splitting in effect" type="pytest.skip">src/pymortests/affine_grid.py:85: Suite splitting in effect</skipped></testcase><testcase classname="src.pymortests.affine_grid" file="src/pymortests/affine_grid.py" line="85" name="test_jacobian_inverse_transposed_shape[&lt;lambda&gt;40]" time="0.000396728515625"><skipped message="Suite splitting in effect" type="pytest.skip">src/pymortests/affine_grid.py:85: Suite splitting in effect</skipped></testcase><testcase classname="src.pymortests.affine_grid" file="src/pymortests/affine_grid.py" line="85" name="test_jacobian_inverse_transposed_shape[&lt;lambda&gt;41]" time="0.0003981590270996094"><skipped message="Suite splitting in effect" type="pytest.skip">src/pymortests/affine_grid.py:85: Suite splitting in effect</skipped></testcase><testcase classname="src.pymortests.affine_grid" file="src/pymortests/affine_grid.py" line="85" name="test_jacobian_inverse_transposed_shape[&lt;lambda&gt;42]" time="0.00044345855712890625"><skipped message="Suite splitting in effect" type="pytest.skip">src/pymortests/affine_grid.py:85: Suite splitting in effect</skipped></testcase><testcase classname="src.pymortests.affine_grid" file="src/pymortests/affine_grid.py" line="91" name="test_jacobian_inverse_transposed_values[&lt;lambda&gt;0]" time="0.0004138946533203125"><skipped message="Suite splitting in effect" type="pytest.skip">src/pymortests/affine_grid.py:91: Suite splitting in effect</skipped></testcase><testcase classname="src.pymortests.affine_grid" file="src/pymortests/affine_grid.py" line="91" name="test_jacobian_inverse_transposed_values[&lt;lambda&gt;1]" time="0.00045371055603027344"><skipped message="Suite splitting in effect" type="pytest.skip">src/pymortests/affine_grid.py:91: Suite splitting in effect</skipped></testcase><testcase classname="src.pymortests.affine_grid" file="src/pymortests/affine_grid.py" line="91" name="test_jacobian_inverse_transposed_values[&lt;lambda&gt;2]" time="0.0003955364227294922"><skipped message="Suite splitting in effect" type="pytest.skip">src/pymortests/affine_grid.py:91: Suite splitting in effect</skipped></testcase><testcase classname="src.pymortests.affine_grid" file="src/pymortests/affine_grid.py" line="91" name="test_jacobian_inverse_transposed_values[&lt;lambda&gt;3]" time="0.0003979206085205078"><skipped message="Suite splitting in effect" type="pytest.skip">src/pymortests/affine_grid.py:91: Suite splitting in effect</skipped></testcase><testcase classname="src.pymortests.affine_grid" file="src/pymortests/affine_grid.py" line="91" name="test_jacobian_inverse_transposed_values[&lt;lambda&gt;4]" time="0.0003895759582519531"><skipped message="Suite splitting in effect" type="pytest.skip">src/pymortests/affine_grid.py:91: Suite splitting in effect</skipped></testcase><testcase classname="src.pymortests.affine_grid" file="src/pymortests/affine_grid.py" line="91" name="test_jacobian_inverse_transposed_values[&lt;lambda&gt;5]" time="0.00043201446533203125"><skipped message="Suite splitting in effect" type="pytest.skip">src/pymortests/affine_grid.py:91: Suite splitting in effect</skipped></testcase><testcase classname="src.pymortests.affine_grid" file="src/pymortests/affine_grid.py" line="91" name="test_jacobian_inverse_transposed_values[&lt;lambda&gt;6]" time="0.0003993511199951172"><skipped message="Suite splitting in effect" type="pytest.skip">src/pymortests/affine_grid.py:91: Suite splitting in effect</skipped></testcase><testcase classname="src.pymortests.affine_grid" file="src/pymortests/affine_grid.py" line="91" name="test_jacobian_inverse_transposed_values[&lt;lambda&gt;7]" time="0.0004229545593261719"><skipped message="Suite splitting in effect" type="pytest.skip">src/pymortests/affine_grid.py:91: Suite splitting in effect</skipped></testcase><testcase classname="src.pymortests.affine_grid" file="src/pymortests/affine_grid.py" line="91" name="test_jacobian_inverse_transposed_values[&lt;lambda&gt;8]" time="0.00039315223693847656"><skipped message="Suite splitting in effect" type="pytest.skip">src/pymortests/affine_grid.py:91: Suite splitting in effect</skipped></testcase><testcase classname="src.pymortests.affine_grid" file="src/pymortests/affine_grid.py" line="91" name="test_jacobian_inverse_transposed_values[&lt;lambda&gt;9]" time="0.0004191398620605469"><skipped message="Suite splitting in effect" type="pytest.skip">src/pymortests/affine_grid.py:91: Suite splitting in effect</skipped></testcase><testcase classname="src.pymortests.affine_grid" file="src/pymortests/affine_grid.py" line="91" name="test_jacobian_inverse_transposed_values[&lt;lambda&gt;10]" time="0.000396728515625"><skipped message="Suite splitting in effect" type="pytest.skip">src/pymortests/affine_grid.py:91: Suite splitting in effect</skipped></testcase><testcase classname="src.pymortests.affine_grid" file="src/pymortests/affine_grid.py" line="91" name="test_jacobian_inverse_transposed_values[&lt;lambda&gt;11]" time="0.0004448890686035156"><skipped message="Suite splitting in effect" type="pytest.skip">src/pymortests/affine_grid.py:91: Suite splitting in effect</skipped></testcase><testcase classname="src.pymortests.affine_grid" file="src/pymortests/affine_grid.py" line="91" name="test_jacobian_inverse_transposed_values[&lt;lambda&gt;12]" time="0.000400543212890625"><skipped message="Suite splitting in effect" type="pytest.skip">src/pymortests/affine_grid.py:91: Suite splitting in effect</skipped></testcase><testcase classname="src.pymortests.affine_grid" file="src/pymortests/affine_grid.py" line="91" name="test_jacobian_inverse_transposed_values[&lt;lambda&gt;13]" time="0.0004267692565917969"><skipped message="Suite splitting in effect" type="pytest.skip">src/pymortests/affine_grid.py:91: Suite splitting in effect</skipped></testcase><testcase classname="src.pymortests.affine_grid" file="src/pymortests/affine_grid.py" line="91" name="test_jacobian_inverse_transposed_values[&lt;lambda&gt;14]" time="0.0004220008850097656"><skipped message="Suite splitting in effect" type="pytest.skip">src/pymortests/affine_grid.py:91: Suite splitting in effect</skipped></testcase><testcase classname="src.pymortests.affine_grid" file="src/pymortests/affine_grid.py" line="91" name="test_jacobian_inverse_transposed_values[&lt;lambda&gt;15]" time="0.0004305839538574219"><skipped message="Suite splitting in effect" type="pytest.skip">src/pymortests/affine_grid.py:91: Suite splitting in effect</skipped></testcase><testcase classname="src.pymortests.affine_grid" file="src/pymortests/affine_grid.py" line="91" name="test_jacobian_inverse_transposed_values[&lt;lambda&gt;16]" time="0.00043773651123046875"><skipped message="Suite splitting in effect" type="pytest.skip">src/pymortests/affine_grid.py:91: Suite splitting in effect</skipped></testcase><testcase classname="src.pymortests.affine_grid" file="src/pymortests/affine_grid.py" line="91" name="test_jacobian_inverse_transposed_values[&lt;lambda&gt;17]" time="0.00042557716369628906"><skipped message="Suite splitting in effect" type="pytest.skip">src/pymortests/affine_grid.py:91: Suite splitting in effect</skipped></testcase><testcase classname="src.pymortests.affine_grid" file="src/pymortests/affine_grid.py" line="91" name="test_jacobian_inverse_transposed_values[&lt;lambda&gt;18]" time="0.000423431396484375"><skipped message="Suite splitting in effect" type="pytest.skip">src/pymortests/affine_grid.py:91: Suite splitting in effect</skipped></testcase><testcase classname="src.pymortests.affine_grid" file="src/pymortests/affine_grid.py" line="91" name="test_jacobian_inverse_transposed_values[&lt;lambda&gt;19]" time="0.00042057037353515625"><skipped message="Suite splitting in effect" type="pytest.skip">src/pymortests/affine_grid.py:91: Suite splitting in effect</skipped></testcase><testcase classname="src.pymortests.affine_grid" file="src/pymortests/affine_grid.py" line="91" name="test_jacobian_inverse_transposed_values[&lt;lambda&gt;20]" time="0.00042319297790527344"><skipped message="Suite splitting in effect" type="pytest.skip">src/pymortests/affine_grid.py:91: Suite splitting in effect</skipped></testcase><testcase classname="src.pymortests.affine_grid" file="src/pymortests/affine_grid.py" line="91" name="test_jacobian_inverse_transposed_values[&lt;lambda&gt;21]" time="0.0003941059112548828"><skipped message="Suite splitting in effect" type="pytest.skip">src/pymortests/affine_grid.py:91: Suite splitting in effect</skipped></testcase><testcase classname="src.pymortests.affine_grid" file="src/pymortests/affine_grid.py" line="91" name="test_jacobian_inverse_transposed_values[&lt;lambda&gt;22]" time="0.00041294097900390625"><skipped message="Suite splitting in effect" type="pytest.skip">src/pymortests/affine_grid.py:91: Suite splitting in effect</skipped></testcase><testcase classname="src.pymortests.affine_grid" file="src/pymortests/affine_grid.py" line="91" name="test_jacobian_inverse_transposed_values[&lt;lambda&gt;23]" time="0.0004146099090576172"><skipped message="Suite splitting in effect" type="pytest.skip">src/pymortests/affine_grid.py:91: Suite splitting in effect</skipped></testcase><testcase classname="src.pymortests.affine_grid" file="src/pymortests/affine_grid.py" line="91" name="test_jacobian_inverse_transposed_values[&lt;lambda&gt;24]" time="0.0004456043243408203"><skipped message="Suite splitting in effect" type="pytest.skip">src/pymortests/affine_grid.py:91: Suite splitting in effect</skipped></testcase><testcase classname="src.pymortests.affine_grid" file="src/pymortests/affine_grid.py" line="91" name="test_jacobian_inverse_transposed_values[&lt;lambda&gt;25]" time="0.0004115104675292969"><skipped message="Suite splitting in effect" type="pytest.skip">src/pymortests/affine_grid.py:91: Suite splitting in effect</skipped></testcase><testcase classname="src.pymortests.affine_grid" file="src/pymortests/affine_grid.py" line="91" name="test_jacobian_inverse_transposed_values[&lt;lambda&gt;26]" time="0.00039577484130859375"><skipped message="Suite splitting in effect" type="pytest.skip">src/pymortests/affine_grid.py:91: Suite splitting in effect</skipped></testcase><testcase classname="src.pymortests.affine_grid" file="src/pymortests/affine_grid.py" line="91" name="test_jacobian_inverse_transposed_values[&lt;lambda&gt;27]" time="0.0003952980041503906"><skipped message="Suite splitting in effect" type="pytest.skip">src/pymortests/affine_grid.py:91: Suite splitting in effect</skipped></testcase><testcase classname="src.pymortests.affine_grid" file="src/pymortests/affine_grid.py" line="91" name="test_jacobian_inverse_transposed_values[&lt;lambda&gt;28]" time="0.0003943443298339844"><skipped message="Suite splitting in effect" type="pytest.skip">src/pymortests/affine_grid.py:91: Suite splitting in effect</skipped></testcase><testcase classname="src.pymortests.affine_grid" file="src/pymortests/affine_grid.py" line="91" name="test_jacobian_inverse_transposed_values[&lt;lambda&gt;29]" time="0.0004031658172607422"><skipped message="Suite splitting in effect" type="pytest.skip">src/pymortests/affine_grid.py:91: Suite splitting in effect</skipped></testcase><testcase classname="src.pymortests.affine_grid" file="src/pymortests/affine_grid.py" line="91" name="test_jacobian_inverse_transposed_values[&lt;lambda&gt;30]" time="0.0004260540008544922"><skipped message="Suite splitting in effect" type="pytest.skip">src/pymortests/affine_grid.py:91: Suite splitting in effect</skipped></testcase><testcase classname="src.pymortests.affine_grid" file="src/pymortests/affine_grid.py" line="91" name="test_jacobian_inverse_transposed_values[&lt;lambda&gt;31]" time="0.0004029273986816406"><skipped message="Suite splitting in effect" type="pytest.skip">src/pymortests/affine_grid.py:91: Suite splitting in effect</skipped></testcase><testcase classname="src.pymortests.affine_grid" file="src/pymortests/affine_grid.py" line="91" name="test_jacobian_inverse_transposed_values[&lt;lambda&gt;32]" time="0.0004069805145263672"><skipped message="Suite splitting in effect" type="pytest.skip">src/pymortests/affine_grid.py:91: Suite splitting in effect</skipped></testcase><testcase classname="src.pymortests.affine_grid" file="src/pymortests/affine_grid.py" line="91" name="test_jacobian_inverse_transposed_values[&lt;lambda&gt;33]" time="0.00041103363037109375"><skipped message="Suite splitting in effect" type="pytest.skip">src/pymortests/affine_grid.py:91: Suite splitting in effect</skipped></testcase><testcase classname="src.pymortests.affine_grid" file="src/pymortests/affine_grid.py" line="91" name="test_jacobian_inverse_transposed_values[&lt;lambda&gt;34]" time="0.000400543212890625"><skipped message="Suite splitting in effect" type="pytest.skip">src/pymortests/affine_grid.py:91: Suite splitting in effect</skipped></testcase><testcase classname="src.pymortests.affine_grid" file="src/pymortests/affine_grid.py" line="91" name="test_jacobian_inverse_transposed_values[&lt;lambda&gt;35]" time="0.0003955364227294922"><skipped message="Suite splitting in effect" type="pytest.skip">src/pymortests/affine_grid.py:91: Suite splitting in effect</skipped></testcase><testcase classname="src.pymortests.affine_grid" file="src/pymortests/affine_grid.py" line="91" name="test_jacobian_inverse_transposed_values[&lt;lambda&gt;36]" time="0.0003960132598876953"><skipped message="Suite splitting in effect" type="pytest.skip">src/pymortests/affine_grid.py:91: Suite splitting in effect</skipped></testcase><testcase classname="src.pymortests.affine_grid" file="src/pymortests/affine_grid.py" line="91" name="test_jacobian_inverse_transposed_values[&lt;lambda&gt;37]" time="0.0006988048553466797"><skipped message="Suite splitting in effect" type="pytest.skip">src/pymortests/affine_grid.py:91: Suite splitting in effect</skipped></testcase><testcase classname="src.pymortests.affine_grid" file="src/pymortests/affine_grid.py" line="91" name="test_jacobian_inverse_transposed_values[&lt;lambda&gt;38]" time="0.0004551410675048828"><skipped message="Suite splitting in effect" type="pytest.skip">src/pymortests/affine_grid.py:91: Suite splitting in effect</skipped></testcase><testcase classname="src.pymortests.affine_grid" file="src/pymortests/affine_grid.py" line="91" name="test_jacobian_inverse_transposed_values[&lt;lambda&gt;39]" time="0.0004215240478515625"><skipped message="Suite splitting in effect" type="pytest.skip">src/pymortests/affine_grid.py:91: Suite splitting in effect</skipped></testcase><testcase classname="src.pymortests.affine_grid" file="src/pymortests/affine_grid.py" line="91" name="test_jacobian_inverse_transposed_values[&lt;lambda&gt;40]" time="0.0004076957702636719"><skipped message="Suite splitting in effect" type="pytest.skip">src/pymortests/affine_grid.py:91: Suite splitting in effect</skipped></testcase><testcase classname="src.pymortests.affine_grid" file="src/pymortests/affine_grid.py" line="91" name="test_jacobian_inverse_transposed_values[&lt;lambda&gt;41]" time="0.0004417896270751953"><skipped message="Suite splitting in effect" type="pytest.skip">src/pymortests/affine_grid.py:91: Suite splitting in effect</skipped></testcase><testcase classname="src.pymortests.affine_grid" file="src/pymortests/affine_grid.py" line="91" name="test_jacobian_inverse_transposed_values[&lt;lambda&gt;42]" time="0.0004208087921142578"><skipped message="Suite splitting in effect" type="pytest.skip">src/pymortests/affine_grid.py:91: Suite splitting in effect</skipped></testcase><testcase classname="src.pymortests.affine_grid" file="src/pymortests/affine_grid.py" line="100" name="test_integration_elements_wrong_arguments[&lt;lambda&gt;0]" time="0.0004181861877441406"><skipped message="Suite splitting in effect" type="pytest.skip">src/pymortests/affine_grid.py:100: Suite splitting in effect</skipped></testcase><testcase classname="src.pymortests.affine_grid" file="src/pymortests/affine_grid.py" line="100" name="test_integration_elements_wrong_arguments[&lt;lambda&gt;1]" time="0.000392913818359375"><skipped message="Suite splitting in effect" type="pytest.skip">src/pymortests/affine_grid.py:100: Suite splitting in effect</skipped></testcase><testcase classname="src.pymortests.affine_grid" file="src/pymortests/affine_grid.py" line="100" name="test_integration_elements_wrong_arguments[&lt;lambda&gt;2]" time="0.00039076805114746094"><skipped message="Suite splitting in effect" type="pytest.skip">src/pymortests/affine_grid.py:100: Suite splitting in effect</skipped></testcase><testcase classname="src.pymortests.affine_grid" file="src/pymortests/affine_grid.py" line="100" name="test_integration_elements_wrong_arguments[&lt;lambda&gt;3]" time="0.00039196014404296875"><skipped message="Suite splitting in effect" type="pytest.skip">src/pymortests/affine_grid.py:100: Suite splitting in effect</skipped></testcase><testcase classname="src.pymortests.affine_grid" file="src/pymortests/affine_grid.py" line="100" name="test_integration_elements_wrong_arguments[&lt;lambda&gt;4]" time="0.0004031658172607422"><skipped message="Suite splitting in effect" type="pytest.skip">src/pymortests/affine_grid.py:100: Suite splitting in effect</skipped></testcase><testcase classname="src.pymortests.affine_grid" file="src/pymortests/affine_grid.py" line="100" name="test_integration_elements_wrong_arguments[&lt;lambda&gt;5]" time="0.00043964385986328125"><skipped message="Suite splitting in effect" type="pytest.skip">src/pymortests/affine_grid.py:100: Suite splitting in effect</skipped></testcase><testcase classname="src.pymortests.affine_grid" file="src/pymortests/affine_grid.py" line="100" name="test_integration_elements_wrong_arguments[&lt;lambda&gt;6]" time="0.0003936290740966797"><skipped message="Suite splitting in effect" type="pytest.skip">src/pymortests/affine_grid.py:100: Suite splitting in effect</skipped></testcase><testcase classname="src.pymortests.affine_grid" file="src/pymortests/affine_grid.py" line="100" name="test_integration_elements_wrong_arguments[&lt;lambda&gt;7]" time="0.0004215240478515625"><skipped message="Suite splitting in effect" type="pytest.skip">src/pymortests/affine_grid.py:100: Suite splitting in effect</skipped></testcase><testcase classname="src.pymortests.affine_grid" file="src/pymortests/affine_grid.py" line="100" name="test_integration_elements_wrong_arguments[&lt;lambda&gt;8]" time="0.00046062469482421875"><skipped message="Suite splitting in effect" type="pytest.skip">src/pymortests/affine_grid.py:100: Suite splitting in effect</skipped></testcase><testcase classname="src.pymortests.affine_grid" file="src/pymortests/affine_grid.py" line="100" name="test_integration_elements_wrong_arguments[&lt;lambda&gt;9]" time="0.00047659873962402344"><skipped message="Suite splitting in effect" type="pytest.skip">src/pymortests/affine_grid.py:100: Suite splitting in effect</skipped></testcase><testcase classname="src.pymortests.affine_grid" file="src/pymortests/affine_grid.py" line="100" name="test_integration_elements_wrong_arguments[&lt;lambda&gt;10]" time="0.00040268898010253906"><skipped message="Suite splitting in effect" type="pytest.skip">src/pymortests/affine_grid.py:100: Suite splitting in effect</skipped></testcase><testcase classname="src.pymortests.affine_grid" file="src/pymortests/affine_grid.py" line="100" name="test_integration_elements_wrong_arguments[&lt;lambda&gt;11]" time="0.0004215240478515625"><skipped message="Suite splitting in effect" type="pytest.skip">src/pymortests/affine_grid.py:100: Suite splitting in effect</skipped></testcase><testcase classname="src.pymortests.affine_grid" file="src/pymortests/affine_grid.py" line="100" name="test_integration_elements_wrong_arguments[&lt;lambda&gt;12]" time="0.0003924369812011719"><skipped message="Suite splitting in effect" type="pytest.skip">src/pymortests/affine_grid.py:100: Suite splitting in effect</skipped></testcase><testcase classname="src.pymortests.affine_grid" file="src/pymortests/affine_grid.py" line="100" name="test_integration_elements_wrong_arguments[&lt;lambda&gt;13]" time="0.0004303455352783203"><skipped message="Suite splitting in effect" type="pytest.skip">src/pymortests/affine_grid.py:100: Suite splitting in effect</skipped></testcase><testcase classname="src.pymortests.affine_grid" file="src/pymortests/affine_grid.py" line="100" name="test_integration_elements_wrong_arguments[&lt;lambda&gt;14]" time="0.00039577484130859375"><skipped message="Suite splitting in effect" type="pytest.skip">src/pymortests/affine_grid.py:100: Suite splitting in effect</skipped></testcase><testcase classname="src.pymortests.affine_grid" file="src/pymortests/affine_grid.py" line="100" name="test_integration_elements_wrong_arguments[&lt;lambda&gt;15]" time="0.0004000663757324219"><skipped message="Suite splitting in effect" type="pytest.skip">src/pymortests/affine_grid.py:100: Suite splitting in effect</skipped></testcase><testcase classname="src.pymortests.affine_grid" file="src/pymortests/affine_grid.py" line="100" name="test_integration_elements_wrong_arguments[&lt;lambda&gt;16]" time="0.0004525184631347656"><skipped message="Suite splitting in effect" type="pytest.skip">src/pymortests/affine_grid.py:100: Suite splitting in effect</skipped></testcase><testcase classname="src.pymortests.affine_grid" file="src/pymortests/affine_grid.py" line="100" name="test_integration_elements_wrong_arguments[&lt;lambda&gt;17]" time="0.0004253387451171875"><skipped message="Suite splitting in effect" type="pytest.skip">src/pymortests/affine_grid.py:100: Suite splitting in effect</skipped></testcase><testcase classname="src.pymortests.affine_grid" file="src/pymortests/affine_grid.py" line="100" name="test_integration_elements_wrong_arguments[&lt;lambda&gt;18]" time="0.0004169940948486328"><skipped message="Suite splitting in effect" type="pytest.skip">src/pymortests/affine_grid.py:100: Suite splitting in effect</skipped></testcase><testcase classname="src.pymortests.affine_grid" file="src/pymortests/affine_grid.py" line="100" name="test_integration_elements_wrong_arguments[&lt;lambda&gt;19]" time="0.0004127025604248047"><skipped message="Suite splitting in effect" type="pytest.skip">src/pymortests/affine_grid.py:100: Suite splitting in effect</skipped></testcase><testcase classname="src.pymortests.affine_grid" file="src/pymortests/affine_grid.py" line="100" name="test_integration_elements_wrong_arguments[&lt;lambda&gt;20]" time="0.0004284381866455078"><skipped message="Suite splitting in effect" type="pytest.skip">src/pymortests/affine_grid.py:100: Suite splitting in effect</skipped></testcase><testcase classname="src.pymortests.affine_grid" file="src/pymortests/affine_grid.py" line="100" name="test_integration_elements_wrong_arguments[&lt;lambda&gt;21]" time="0.0003991127014160156"><skipped message="Suite splitting in effect" type="pytest.skip">src/pymortests/affine_grid.py:100: Suite splitting in effect</skipped></testcase><testcase classname="src.pymortests.affine_grid" file="src/pymortests/affine_grid.py" line="100" name="test_integration_elements_wrong_arguments[&lt;lambda&gt;22]" time="0.0003879070281982422"><skipped message="Suite splitting in effect" type="pytest.skip">src/pymortests/affine_grid.py:100: Suite splitting in effect</skipped></testcase><testcase classname="src.pymortests.affine_grid" file="src/pymortests/affine_grid.py" line="100" name="test_integration_elements_wrong_arguments[&lt;lambda&gt;23]" time="0.00038909912109375"><skipped message="Suite splitting in effect" type="pytest.skip">src/pymortests/affine_grid.py:100: Suite splitting in effect</skipped></testcase><testcase classname="src.pymortests.affine_grid" file="src/pymortests/affine_grid.py" line="100" name="test_integration_elements_wrong_arguments[&lt;lambda&gt;24]" time="0.00039505958557128906"><skipped message="Suite splitting in effect" type="pytest.skip">src/pymortests/affine_grid.py:100: Suite splitting in effect</skipped></testcase><testcase classname="src.pymortests.affine_grid" file="src/pymortests/affine_grid.py" line="100" name="test_integration_elements_wrong_arguments[&lt;lambda&gt;25]" time="0.0005397796630859375"><skipped message="Suite splitting in effect" type="pytest.skip">src/pymortests/affine_grid.py:100: Suite splitting in effect</skipped></testcase><testcase classname="src.pymortests.affine_grid" file="src/pymortests/affine_grid.py" line="100" name="test_integration_elements_wrong_arguments[&lt;lambda&gt;26]" time="0.0004451274871826172"><skipped message="Suite splitting in effect" type="pytest.skip">src/pymortests/affine_grid.py:100: Suite splitting in effect</skipped></testcase><testcase classname="src.pymortests.affine_grid" file="src/pymortests/affine_grid.py" line="100" name="test_integration_elements_wrong_arguments[&lt;lambda&gt;27]" time="0.00043010711669921875"><skipped message="Suite splitting in effect" type="pytest.skip">src/pymortests/affine_grid.py:100: Suite splitting in effect</skipped></testcase><testcase classname="src.pymortests.affine_grid" file="src/pymortests/affine_grid.py" line="100" name="test_integration_elements_wrong_arguments[&lt;lambda&gt;28]" time="0.00042128562927246094"><skipped message="Suite splitting in effect" type="pytest.skip">src/pymortests/affine_grid.py:100: Suite splitting in effect</skipped></testcase><testcase classname="src.pymortests.affine_grid" file="src/pymortests/affine_grid.py" line="100" name="test_integration_elements_wrong_arguments[&lt;lambda&gt;29]" time="0.0004010200500488281"><skipped message="Suite splitting in effect" type="pytest.skip">src/pymortests/affine_grid.py:100: Suite splitting in effect</skipped></testcase><testcase classname="src.pymortests.affine_grid" file="src/pymortests/affine_grid.py" line="100" name="test_integration_elements_wrong_arguments[&lt;lambda&gt;30]" time="0.0004298686981201172"><skipped message="Suite splitting in effect" type="pytest.skip">src/pymortests/affine_grid.py:100: Suite splitting in effect</skipped></testcase><testcase classname="src.pymortests.affine_grid" file="src/pymortests/affine_grid.py" line="100" name="test_integration_elements_wrong_arguments[&lt;lambda&gt;31]" time="0.00039458274841308594"><skipped message="Suite splitting in effect" type="pytest.skip">src/pymortests/affine_grid.py:100: Suite splitting in effect</skipped></testcase><testcase classname="src.pymortests.affine_grid" file="src/pymortests/affine_grid.py" line="100" name="test_integration_elements_wrong_arguments[&lt;lambda&gt;32]" time="0.00042176246643066406"><skipped message="Suite splitting in effect" type="pytest.skip">src/pymortests/affine_grid.py:100: Suite splitting in effect</skipped></testcase><testcase classname="src.pymortests.affine_grid" file="src/pymortests/affine_grid.py" line="100" name="test_integration_elements_wrong_arguments[&lt;lambda&gt;33]" time="0.0004138946533203125"><skipped message="Suite splitting in effect" type="pytest.skip">src/pymortests/affine_grid.py:100: Suite splitting in effect</skipped></testcase><testcase classname="src.pymortests.affine_grid" file="src/pymortests/affine_grid.py" line="100" name="test_integration_elements_wrong_arguments[&lt;lambda&gt;34]" time="0.0005161762237548828"><skipped message="Suite splitting in effect" type="pytest.skip">src/pymortests/affine_grid.py:100: Suite splitting in effect</skipped></testcase><testcase classname="src.pymortests.affine_grid" file="src/pymortests/affine_grid.py" line="100" name="test_integration_elements_wrong_arguments[&lt;lambda&gt;35]" time="0.00047969818115234375"><skipped message="Suite splitting in effect" type="pytest.skip">src/pymortests/affine_grid.py:100: Suite splitting in effect</skipped></testcase><testcase classname="src.pymortests.affine_grid" file="src/pymortests/affine_grid.py" line="100" name="test_integration_elements_wrong_arguments[&lt;lambda&gt;36]" time="0.0004830360412597656"><skipped message="Suite splitting in effect" type="pytest.skip">src/pymortests/affine_grid.py:100: Suite splitting in effect</skipped></testcase><testcase classname="src.pymortests.affine_grid" file="src/pymortests/affine_grid.py" line="100" name="test_integration_elements_wrong_arguments[&lt;lambda&gt;37]" time="0.0004987716674804688"><skipped message="Suite splitting in effect" type="pytest.skip">src/pymortests/affine_grid.py:100: Suite splitting in effect</skipped></testcase><testcase classname="src.pymortests.affine_grid" file="src/pymortests/affine_grid.py" line="100" name="test_integration_elements_wrong_arguments[&lt;lambda&gt;38]" time="0.00045299530029296875"><skipped message="Suite splitting in effect" type="pytest.skip">src/pymortests/affine_grid.py:100: Suite splitting in effect</skipped></testcase><testcase classname="src.pymortests.affine_grid" file="src/pymortests/affine_grid.py" line="100" name="test_integration_elements_wrong_arguments[&lt;lambda&gt;39]" time="0.0004055500030517578"><skipped message="Suite splitting in effect" type="pytest.skip">src/pymortests/affine_grid.py:100: Suite splitting in effect</skipped></testcase><testcase classname="src.pymortests.affine_grid" file="src/pymortests/affine_grid.py" line="100" name="test_integration_elements_wrong_arguments[&lt;lambda&gt;40]" time="0.0003981590270996094"><skipped message="Suite splitting in effect" type="pytest.skip">src/pymortests/affine_grid.py:100: Suite splitting in effect</skipped></testcase><testcase classname="src.pymortests.affine_grid" file="src/pymortests/affine_grid.py" line="100" name="test_integration_elements_wrong_arguments[&lt;lambda&gt;41]" time="0.0004401206970214844"><skipped message="Suite splitting in effect" type="pytest.skip">src/pymortests/affine_grid.py:100: Suite splitting in effect</skipped></testcase><testcase classname="src.pymortests.affine_grid" file="src/pymortests/affine_grid.py" line="100" name="test_integration_elements_wrong_arguments[&lt;lambda&gt;42]" time="0.0004951953887939453"><skipped message="Suite splitting in effect" type="pytest.skip">src/pymortests/affine_grid.py:100: Suite splitting in effect</skipped></testcase><testcase classname="src.pymortests.affine_grid" file="src/pymortests/affine_grid.py" line="108" name="test_integration_elements_shape[&lt;lambda&gt;0]" time="0.0004279613494873047"><skipped message="Suite splitting in effect" type="pytest.skip">src/pymortests/affine_grid.py:108: Suite splitting in effect</skipped></testcase><testcase classname="src.pymortests.affine_grid" file="src/pymortests/affine_grid.py" line="108" name="test_integration_elements_shape[&lt;lambda&gt;1]" time="0.0003986358642578125"><skipped message="Suite splitting in effect" type="pytest.skip">src/pymortests/affine_grid.py:108: Suite splitting in effect</skipped></testcase><testcase classname="src.pymortests.affine_grid" file="src/pymortests/affine_grid.py" line="108" name="test_integration_elements_shape[&lt;lambda&gt;2]" time="0.00039696693420410156"><skipped message="Suite splitting in effect" type="pytest.skip">src/pymortests/affine_grid.py:108: Suite splitting in effect</skipped></testcase><testcase classname="src.pymortests.affine_grid" file="src/pymortests/affine_grid.py" line="108" name="test_integration_elements_shape[&lt;lambda&gt;3]" time="0.0004131793975830078"><skipped message="Suite splitting in effect" type="pytest.skip">src/pymortests/affine_grid.py:108: Suite splitting in effect</skipped></testcase><testcase classname="src.pymortests.affine_grid" file="src/pymortests/affine_grid.py" line="108" name="test_integration_elements_shape[&lt;lambda&gt;4]" time="0.00040459632873535156"><skipped message="Suite splitting in effect" type="pytest.skip">src/pymortests/affine_grid.py:108: Suite splitting in effect</skipped></testcase><testcase classname="src.pymortests.affine_grid" file="src/pymortests/affine_grid.py" line="108" name="test_integration_elements_shape[&lt;lambda&gt;5]" time="0.0003943443298339844"><skipped message="Suite splitting in effect" type="pytest.skip">src/pymortests/affine_grid.py:108: Suite splitting in effect</skipped></testcase><testcase classname="src.pymortests.affine_grid" file="src/pymortests/affine_grid.py" line="108" name="test_integration_elements_shape[&lt;lambda&gt;6]" time="0.0004525184631347656"><skipped message="Suite splitting in effect" type="pytest.skip">src/pymortests/affine_grid.py:108: Suite splitting in effect</skipped></testcase><testcase classname="src.pymortests.affine_grid" file="src/pymortests/affine_grid.py" line="108" name="test_integration_elements_shape[&lt;lambda&gt;7]" time="0.00039458274841308594"><skipped message="Suite splitting in effect" type="pytest.skip">src/pymortests/affine_grid.py:108: Suite splitting in effect</skipped></testcase><testcase classname="src.pymortests.affine_grid" file="src/pymortests/affine_grid.py" line="108" name="test_integration_elements_shape[&lt;lambda&gt;8]" time="0.00044608116149902344"><skipped message="Suite splitting in effect" type="pytest.skip">src/pymortests/affine_grid.py:108: Suite splitting in effect</skipped></testcase><testcase classname="src.pymortests.affine_grid" file="src/pymortests/affine_grid.py" line="108" name="test_integration_elements_shape[&lt;lambda&gt;9]" time="0.0004229545593261719"><skipped message="Suite splitting in effect" type="pytest.skip">src/pymortests/affine_grid.py:108: Suite splitting in effect</skipped></testcase><testcase classname="src.pymortests.affine_grid" file="src/pymortests/affine_grid.py" line="108" name="test_integration_elements_shape[&lt;lambda&gt;10]" time="0.0003871917724609375"><skipped message="Suite splitting in effect" type="pytest.skip">src/pymortests/affine_grid.py:108: Suite splitting in effect</skipped></testcase><testcase classname="src.pymortests.affine_grid" file="src/pymortests/affine_grid.py" line="108" name="test_integration_elements_shape[&lt;lambda&gt;11]" time="0.00041675567626953125"><skipped message="Suite splitting in effect" type="pytest.skip">src/pymortests/affine_grid.py:108: Suite splitting in effect</skipped></testcase><testcase classname="src.pymortests.affine_grid" file="src/pymortests/affine_grid.py" line="108" name="test_integration_elements_shape[&lt;lambda&gt;12]" time="0.0003924369812011719"><skipped message="Suite splitting in effect" type="pytest.skip">src/pymortests/affine_grid.py:108: Suite splitting in effect</skipped></testcase><testcase classname="src.pymortests.affine_grid" file="src/pymortests/affine_grid.py" line="108" name="test_integration_elements_shape[&lt;lambda&gt;13]" time="0.0004200935363769531"><skipped message="Suite splitting in effect" type="pytest.skip">src/pymortests/affine_grid.py:108: Suite splitting in effect</skipped></testcase><testcase classname="src.pymortests.affine_grid" file="src/pymortests/affine_grid.py" line="108" name="test_integration_elements_shape[&lt;lambda&gt;14]" time="0.0003943443298339844"><skipped message="Suite splitting in effect" type="pytest.skip">src/pymortests/affine_grid.py:108: Suite splitting in effect</skipped></testcase><testcase classname="src.pymortests.affine_grid" file="src/pymortests/affine_grid.py" line="108" name="test_integration_elements_shape[&lt;lambda&gt;15]" time="0.0004150867462158203"><skipped message="Suite splitting in effect" type="pytest.skip">src/pymortests/affine_grid.py:108: Suite splitting in effect</skipped></testcase><testcase classname="src.pymortests.affine_grid" file="src/pymortests/affine_grid.py" line="108" name="test_integration_elements_shape[&lt;lambda&gt;16]" time="0.00045490264892578125"><skipped message="Suite splitting in effect" type="pytest.skip">src/pymortests/affine_grid.py:108: Suite splitting in effect</skipped></testcase><testcase classname="src.pymortests.affine_grid" file="src/pymortests/affine_grid.py" line="108" name="test_integration_elements_shape[&lt;lambda&gt;17]" time="0.0003914833068847656"><skipped message="Suite splitting in effect" type="pytest.skip">src/pymortests/affine_grid.py:108: Suite splitting in effect</skipped></testcase><testcase classname="src.pymortests.affine_grid" file="src/pymortests/affine_grid.py" line="108" name="test_integration_elements_shape[&lt;lambda&gt;18]" time="0.0004208087921142578"><skipped message="Suite splitting in effect" type="pytest.skip">src/pymortests/affine_grid.py:108: Suite splitting in effect</skipped></testcase><testcase classname="src.pymortests.affine_grid" file="src/pymortests/affine_grid.py" line="108" name="test_integration_elements_shape[&lt;lambda&gt;19]" time="0.0003998279571533203"><skipped message="Suite splitting in effect" type="pytest.skip">src/pymortests/affine_grid.py:108: Suite splitting in effect</skipped></testcase><testcase classname="src.pymortests.affine_grid" file="src/pymortests/affine_grid.py" line="108" name="test_integration_elements_shape[&lt;lambda&gt;20]" time="0.00042939186096191406"><skipped message="Suite splitting in effect" type="pytest.skip">src/pymortests/affine_grid.py:108: Suite splitting in effect</skipped></testcase><testcase classname="src.pymortests.affine_grid" file="src/pymortests/affine_grid.py" line="108" name="test_integration_elements_shape[&lt;lambda&gt;21]" time="0.0004220008850097656"><skipped message="Suite splitting in effect" type="pytest.skip">src/pymortests/affine_grid.py:108: Suite splitting in effect</skipped></testcase><testcase classname="src.pymortests.affine_grid" file="src/pymortests/affine_grid.py" line="108" name="test_integration_elements_shape[&lt;lambda&gt;22]" time="0.0004227161407470703"><skipped message="Suite splitting in effect" type="pytest.skip">src/pymortests/affine_grid.py:108: Suite splitting in effect</skipped></testcase><testcase classname="src.pymortests.affine_grid" file="src/pymortests/affine_grid.py" line="108" name="test_integration_elements_shape[&lt;lambda&gt;23]" time="0.0004410743713378906"><skipped message="Suite splitting in effect" type="pytest.skip">src/pymortests/affine_grid.py:108: Suite splitting in effect</skipped></testcase><testcase classname="src.pymortests.affine_grid" file="src/pymortests/affine_grid.py" line="108" name="test_integration_elements_shape[&lt;lambda&gt;24]" time="0.000492095947265625"><skipped message="Suite splitting in effect" type="pytest.skip">src/pymortests/affine_grid.py:108: Suite splitting in effect</skipped></testcase><testcase classname="src.pymortests.affine_grid" file="src/pymortests/affine_grid.py" line="108" name="test_integration_elements_shape[&lt;lambda&gt;25]" time="0.0004153251647949219"><skipped message="Suite splitting in effect" type="pytest.skip">src/pymortests/affine_grid.py:108: Suite splitting in effect</skipped></testcase><testcase classname="src.pymortests.affine_grid" file="src/pymortests/affine_grid.py" line="108" name="test_integration_elements_shape[&lt;lambda&gt;26]" time="0.00040602684020996094"><skipped message="Suite splitting in effect" type="pytest.skip">src/pymortests/affine_grid.py:108: Suite splitting in effect</skipped></testcase><testcase classname="src.pymortests.affine_grid" file="src/pymortests/affine_grid.py" line="108" name="test_integration_elements_shape[&lt;lambda&gt;27]" time="0.0003886222839355469"><skipped message="Suite splitting in effect" type="pytest.skip">src/pymortests/affine_grid.py:108: Suite splitting in effect</skipped></testcase><testcase classname="src.pymortests.affine_grid" file="src/pymortests/affine_grid.py" line="108" name="test_integration_elements_shape[&lt;lambda&gt;28]" time="0.0004038810729980469"><skipped message="Suite splitting in effect" type="pytest.skip">src/pymortests/affine_grid.py:108: Suite splitting in effect</skipped></testcase><testcase classname="src.pymortests.affine_grid" file="src/pymortests/affine_grid.py" line="108" name="test_integration_elements_shape[&lt;lambda&gt;29]" time="0.00041961669921875"><skipped message="Suite splitting in effect" type="pytest.skip">src/pymortests/affine_grid.py:108: Suite splitting in effect</skipped></testcase><testcase classname="src.pymortests.affine_grid" file="src/pymortests/affine_grid.py" line="108" name="test_integration_elements_shape[&lt;lambda&gt;30]" time="0.00039577484130859375"><skipped message="Suite splitting in effect" type="pytest.skip">src/pymortests/affine_grid.py:108: Suite splitting in effect</skipped></testcase><testcase classname="src.pymortests.affine_grid" file="src/pymortests/affine_grid.py" line="108" name="test_integration_elements_shape[&lt;lambda&gt;31]" time="0.0004439353942871094"><skipped message="Suite splitting in effect" type="pytest.skip">src/pymortests/affine_grid.py:108: Suite splitting in effect</skipped></testcase><testcase classname="src.pymortests.affine_grid" file="src/pymortests/affine_grid.py" line="108" name="test_integration_elements_shape[&lt;lambda&gt;32]" time="0.0004487037658691406"><skipped message="Suite splitting in effect" type="pytest.skip">src/pymortests/affine_grid.py:108: Suite splitting in effect</skipped></testcase><testcase classname="src.pymortests.affine_grid" file="src/pymortests/affine_grid.py" line="108" name="test_integration_elements_shape[&lt;lambda&gt;33]" time="0.00042319297790527344"><skipped message="Suite splitting in effect" type="pytest.skip">src/pymortests/affine_grid.py:108: Suite splitting in effect</skipped></testcase><testcase classname="src.pymortests.affine_grid" file="src/pymortests/affine_grid.py" line="108" name="test_integration_elements_shape[&lt;lambda&gt;34]" time="0.0003943443298339844"><skipped message="Suite splitting in effect" type="pytest.skip">src/pymortests/affine_grid.py:108: Suite splitting in effect</skipped></testcase><testcase classname="src.pymortests.affine_grid" file="src/pymortests/affine_grid.py" line="108" name="test_integration_elements_shape[&lt;lambda&gt;35]" time="0.00044608116149902344"><skipped message="Suite splitting in effect" type="pytest.skip">src/pymortests/affine_grid.py:108: Suite splitting in effect</skipped></testcase><testcase classname="src.pymortests.affine_grid" file="src/pymortests/affine_grid.py" line="108" name="test_integration_elements_shape[&lt;lambda&gt;36]" time="0.0004298686981201172"><skipped message="Suite splitting in effect" type="pytest.skip">src/pymortests/affine_grid.py:108: Suite splitting in effect</skipped></testcase><testcase classname="src.pymortests.affine_grid" file="src/pymortests/affine_grid.py" line="108" name="test_integration_elements_shape[&lt;lambda&gt;37]" time="0.0004286766052246094"><skipped message="Suite splitting in effect" type="pytest.skip">src/pymortests/affine_grid.py:108: Suite splitting in effect</skipped></testcase><testcase classname="src.pymortests.affine_grid" file="src/pymortests/affine_grid.py" line="108" name="test_integration_elements_shape[&lt;lambda&gt;38]" time="0.00039505958557128906"><skipped message="Suite splitting in effect" type="pytest.skip">src/pymortests/affine_grid.py:108: Suite splitting in effect</skipped></testcase><testcase classname="src.pymortests.affine_grid" file="src/pymortests/affine_grid.py" line="108" name="test_integration_elements_shape[&lt;lambda&gt;39]" time="0.00043487548828125"><skipped message="Suite splitting in effect" type="pytest.skip">src/pymortests/affine_grid.py:108: Suite splitting in effect</skipped></testcase><testcase classname="src.pymortests.affine_grid" file="src/pymortests/affine_grid.py" line="108" name="test_integration_elements_shape[&lt;lambda&gt;40]" time="0.00038504600524902344"><skipped message="Suite splitting in effect" type="pytest.skip">src/pymortests/affine_grid.py:108: Suite splitting in effect</skipped></testcase><testcase classname="src.pymortests.affine_grid" file="src/pymortests/affine_grid.py" line="108" name="test_integration_elements_shape[&lt;lambda&gt;41]" time="0.00038814544677734375"><skipped message="Suite splitting in effect" type="pytest.skip">src/pymortests/affine_grid.py:108: Suite splitting in effect</skipped></testcase><testcase classname="src.pymortests.affine_grid" file="src/pymortests/affine_grid.py" line="108" name="test_integration_elements_shape[&lt;lambda&gt;42]" time="0.00041365623474121094"><skipped message="Suite splitting in effect" type="pytest.skip">src/pymortests/affine_grid.py:108: Suite splitting in effect</skipped></testcase><testcase classname="src.pymortests.affine_grid" file="src/pymortests/affine_grid.py" line="114" name="test_integration_elements_values[&lt;lambda&gt;0]" time="0.00039196014404296875"><skipped message="Suite splitting in effect" type="pytest.skip">src/pymortests/affine_grid.py:114: Suite splitting in effect</skipped></testcase><testcase classname="src.pymortests.affine_grid" file="src/pymortests/affine_grid.py" line="114" name="test_integration_elements_values[&lt;lambda&gt;1]" time="0.0003921985626220703"><skipped message="Suite splitting in effect" type="pytest.skip">src/pymortests/affine_grid.py:114: Suite splitting in effect</skipped></testcase><testcase classname="src.pymortests.affine_grid" file="src/pymortests/affine_grid.py" line="114" name="test_integration_elements_values[&lt;lambda&gt;2]" time="0.0005462169647216797"><skipped message="Suite splitting in effect" type="pytest.skip">src/pymortests/affine_grid.py:114: Suite splitting in effect</skipped></testcase><testcase classname="src.pymortests.affine_grid" file="src/pymortests/affine_grid.py" line="114" name="test_integration_elements_values[&lt;lambda&gt;3]" time="0.0007250308990478516"><skipped message="Suite splitting in effect" type="pytest.skip">src/pymortests/affine_grid.py:114: Suite splitting in effect</skipped></testcase><testcase classname="src.pymortests.affine_grid" file="src/pymortests/affine_grid.py" line="114" name="test_integration_elements_values[&lt;lambda&gt;4]" time="0.0004115104675292969"><skipped message="Suite splitting in effect" type="pytest.skip">src/pymortests/affine_grid.py:114: Suite splitting in effect</skipped></testcase><testcase classname="src.pymortests.affine_grid" file="src/pymortests/affine_grid.py" line="114" name="test_integration_elements_values[&lt;lambda&gt;5]" time="0.00039649009704589844"><skipped message="Suite splitting in effect" type="pytest.skip">src/pymortests/affine_grid.py:114: Suite splitting in effect</skipped></testcase><testcase classname="src.pymortests.affine_grid" file="src/pymortests/affine_grid.py" line="114" name="test_integration_elements_values[&lt;lambda&gt;6]" time="0.00038552284240722656"><skipped message="Suite splitting in effect" type="pytest.skip">src/pymortests/affine_grid.py:114: Suite splitting in effect</skipped></testcase><testcase classname="src.pymortests.affine_grid" file="src/pymortests/affine_grid.py" line="114" name="test_integration_elements_values[&lt;lambda&gt;7]" time="0.00039577484130859375"><skipped message="Suite splitting in effect" type="pytest.skip">src/pymortests/affine_grid.py:114: Suite splitting in effect</skipped></testcase><testcase classname="src.pymortests.affine_grid" file="src/pymortests/affine_grid.py" line="114" name="test_integration_elements_values[&lt;lambda&gt;8]" time="0.00041365623474121094"><skipped message="Suite splitting in effect" type="pytest.skip">src/pymortests/affine_grid.py:114: Suite splitting in effect</skipped></testcase><testcase classname="src.pymortests.affine_grid" file="src/pymortests/affine_grid.py" line="114" name="test_integration_elements_values[&lt;lambda&gt;9]" time="0.0005409717559814453"><skipped message="Suite splitting in effect" type="pytest.skip">src/pymortests/affine_grid.py:114: Suite splitting in effect</skipped></testcase><testcase classname="src.pymortests.affine_grid" file="src/pymortests/affine_grid.py" line="114" name="test_integration_elements_values[&lt;lambda&gt;10]" time="0.0003905296325683594"><skipped message="Suite splitting in effect" type="pytest.skip">src/pymortests/affine_grid.py:114: Suite splitting in effect</skipped></testcase><testcase classname="src.pymortests.affine_grid" file="src/pymortests/affine_grid.py" line="114" name="test_integration_elements_values[&lt;lambda&gt;11]" time="0.00042557716369628906"><skipped message="Suite splitting in effect" type="pytest.skip">src/pymortests/affine_grid.py:114: Suite splitting in effect</skipped></testcase><testcase classname="src.pymortests.affine_grid" file="src/pymortests/affine_grid.py" line="114" name="test_integration_elements_values[&lt;lambda&gt;12]" time="0.0004146099090576172"><skipped message="Suite splitting in effect" type="pytest.skip">src/pymortests/affine_grid.py:114: Suite splitting in effect</skipped></testcase><testcase classname="src.pymortests.affine_grid" file="src/pymortests/affine_grid.py" line="114" name="test_integration_elements_values[&lt;lambda&gt;13]" time="0.0004177093505859375"><skipped message="Suite splitting in effect" type="pytest.skip">src/pymortests/affine_grid.py:114: Suite splitting in effect</skipped></testcase><testcase classname="src.pymortests.affine_grid" file="src/pymortests/affine_grid.py" line="114" name="test_integration_elements_values[&lt;lambda&gt;14]" time="0.0003871917724609375"><skipped message="Suite splitting in effect" type="pytest.skip">src/pymortests/affine_grid.py:114: Suite splitting in effect</skipped></testcase><testcase classname="src.pymortests.affine_grid" file="src/pymortests/affine_grid.py" line="114" name="test_integration_elements_values[&lt;lambda&gt;15]" time="0.0004138946533203125"><skipped message="Suite splitting in effect" type="pytest.skip">src/pymortests/affine_grid.py:114: Suite splitting in effect</skipped></testcase><testcase classname="src.pymortests.affine_grid" file="src/pymortests/affine_grid.py" line="114" name="test_integration_elements_values[&lt;lambda&gt;16]" time="0.0003867149353027344"><skipped message="Suite splitting in effect" type="pytest.skip">src/pymortests/affine_grid.py:114: Suite splitting in effect</skipped></testcase><testcase classname="src.pymortests.affine_grid" file="src/pymortests/affine_grid.py" line="114" name="test_integration_elements_values[&lt;lambda&gt;17]" time="0.00043082237243652344"><skipped message="Suite splitting in effect" type="pytest.skip">src/pymortests/affine_grid.py:114: Suite splitting in effect</skipped></testcase><testcase classname="src.pymortests.affine_grid" file="src/pymortests/affine_grid.py" line="114" name="test_integration_elements_values[&lt;lambda&gt;18]" time="0.000408172607421875"><skipped message="Suite splitting in effect" type="pytest.skip">src/pymortests/affine_grid.py:114: Suite splitting in effect</skipped></testcase><testcase classname="src.pymortests.affine_grid" file="src/pymortests/affine_grid.py" line="114" name="test_integration_elements_values[&lt;lambda&gt;19]" time="0.00039267539978027344"><skipped message="Suite splitting in effect" type="pytest.skip">src/pymortests/affine_grid.py:114: Suite splitting in effect</skipped></testcase><testcase classname="src.pymortests.affine_grid" file="src/pymortests/affine_grid.py" line="114" name="test_integration_elements_values[&lt;lambda&gt;20]" time="0.0004169940948486328"><skipped message="Suite splitting in effect" type="pytest.skip">src/pymortests/affine_grid.py:114: Suite splitting in effect</skipped></testcase><testcase classname="src.pymortests.affine_grid" file="src/pymortests/affine_grid.py" line="114" name="test_integration_elements_values[&lt;lambda&gt;21]" time="0.0004150867462158203"><skipped message="Suite splitting in effect" type="pytest.skip">src/pymortests/affine_grid.py:114: Suite splitting in effect</skipped></testcase><testcase classname="src.pymortests.affine_grid" file="src/pymortests/affine_grid.py" line="114" name="test_integration_elements_values[&lt;lambda&gt;22]" time="0.0005962848663330078"><skipped message="Suite splitting in effect" type="pytest.skip">src/pymortests/affine_grid.py:114: Suite splitting in effect</skipped></testcase><testcase classname="src.pymortests.affine_grid" file="src/pymortests/affine_grid.py" line="114" name="test_integration_elements_values[&lt;lambda&gt;23]" time="0.0005962848663330078"><skipped message="Suite splitting in effect" type="pytest.skip">src/pymortests/affine_grid.py:114: Suite splitting in effect</skipped></testcase><testcase classname="src.pymortests.affine_grid" file="src/pymortests/affine_grid.py" line="114" name="test_integration_elements_values[&lt;lambda&gt;24]" time="0.0004565715789794922"><skipped message="Suite splitting in effect" type="pytest.skip">src/pymortests/affine_grid.py:114: Suite splitting in effect</skipped></testcase><testcase classname="src.pymortests.affine_grid" file="src/pymortests/affine_grid.py" line="114" name="test_integration_elements_values[&lt;lambda&gt;25]" time="0.00040912628173828125"><skipped message="Suite splitting in effect" type="pytest.skip">src/pymortests/affine_grid.py:114: Suite splitting in effect</skipped></testcase><testcase classname="src.pymortests.affine_grid" file="src/pymortests/affine_grid.py" line="114" name="test_integration_elements_values[&lt;lambda&gt;26]" time="0.000423431396484375"><skipped message="Suite splitting in effect" type="pytest.skip">src/pymortests/affine_grid.py:114: Suite splitting in effect</skipped></testcase><testcase classname="src.pymortests.affine_grid" file="src/pymortests/affine_grid.py" line="114" name="test_integration_elements_values[&lt;lambda&gt;27]" time="0.00041556358337402344"><skipped message="Suite splitting in effect" type="pytest.skip">src/pymortests/affine_grid.py:114: Suite splitting in effect</skipped></testcase><testcase classname="src.pymortests.affine_grid" file="src/pymortests/affine_grid.py" line="114" name="test_integration_elements_values[&lt;lambda&gt;28]" time="0.00042724609375"><skipped message="Suite splitting in effect" type="pytest.skip">src/pymortests/affine_grid.py:114: Suite splitting in effect</skipped></testcase><testcase classname="src.pymortests.affine_grid" file="src/pymortests/affine_grid.py" line="114" name="test_integration_elements_values[&lt;lambda&gt;29]" time="0.00044035911560058594"><skipped message="Suite splitting in effect" type="pytest.skip">src/pymortests/affine_grid.py:114: Suite splitting in effect</skipped></testcase><testcase classname="src.pymortests.affine_grid" file="src/pymortests/affine_grid.py" line="114" name="test_integration_elements_values[&lt;lambda&gt;30]" time="0.00039839744567871094"><skipped message="Suite splitting in effect" type="pytest.skip">src/pymortests/affine_grid.py:114: Suite splitting in effect</skipped></testcase><testcase classname="src.pymortests.affine_grid" file="src/pymortests/affine_grid.py" line="114" name="test_integration_elements_values[&lt;lambda&gt;31]" time="0.00042510032653808594"><skipped message="Suite splitting in effect" type="pytest.skip">src/pymortests/affine_grid.py:114: Suite splitting in effect</skipped></testcase><testcase classname="src.pymortests.affine_grid" file="src/pymortests/affine_grid.py" line="114" name="test_integration_elements_values[&lt;lambda&gt;32]" time="0.00042939186096191406"><skipped message="Suite splitting in effect" type="pytest.skip">src/pymortests/affine_grid.py:114: Suite splitting in effect</skipped></testcase><testcase classname="src.pymortests.affine_grid" file="src/pymortests/affine_grid.py" line="114" name="test_integration_elements_values[&lt;lambda&gt;33]" time="0.0004508495330810547"><skipped message="Suite splitting in effect" type="pytest.skip">src/pymortests/affine_grid.py:114: Suite splitting in effect</skipped></testcase><testcase classname="src.pymortests.affine_grid" file="src/pymortests/affine_grid.py" line="114" name="test_integration_elements_values[&lt;lambda&gt;34]" time="0.0005426406860351562"><skipped message="Suite splitting in effect" type="pytest.skip">src/pymortests/affine_grid.py:114: Suite splitting in effect</skipped></testcase><testcase classname="src.pymortests.affine_grid" file="src/pymortests/affine_grid.py" line="114" name="test_integration_elements_values[&lt;lambda&gt;35]" time="0.0003917217254638672"><skipped message="Suite splitting in effect" type="pytest.skip">src/pymortests/affine_grid.py:114: Suite splitting in effect</skipped></testcase><testcase classname="src.pymortests.affine_grid" file="src/pymortests/affine_grid.py" line="114" name="test_integration_elements_values[&lt;lambda&gt;36]" time="0.0004394054412841797"><skipped message="Suite splitting in effect" type="pytest.skip">src/pymortests/affine_grid.py:114: Suite splitting in effect</skipped></testcase><testcase classname="src.pymortests.affine_grid" file="src/pymortests/affine_grid.py" line="114" name="test_integration_elements_values[&lt;lambda&gt;37]" time="0.0003955364227294922"><skipped message="Suite splitting in effect" type="pytest.skip">src/pymortests/affine_grid.py:114: Suite splitting in effect</skipped></testcase><testcase classname="src.pymortests.affine_grid" file="src/pymortests/affine_grid.py" line="114" name="test_integration_elements_values[&lt;lambda&gt;38]" time="0.0004227161407470703"><skipped message="Suite splitting in effect" type="pytest.skip">src/pymortests/affine_grid.py:114: Suite splitting in effect</skipped></testcase><testcase classname="src.pymortests.affine_grid" file="src/pymortests/affine_grid.py" line="114" name="test_integration_elements_values[&lt;lambda&gt;39]" time="0.0003948211669921875"><skipped message="Suite splitting in effect" type="pytest.skip">src/pymortests/affine_grid.py:114: Suite splitting in effect</skipped></testcase><testcase classname="src.pymortests.affine_grid" file="src/pymortests/affine_grid.py" line="114" name="test_integration_elements_values[&lt;lambda&gt;40]" time="0.0004527568817138672"><skipped message="Suite splitting in effect" type="pytest.skip">src/pymortests/affine_grid.py:114: Suite splitting in effect</skipped></testcase><testcase classname="src.pymortests.affine_grid" file="src/pymortests/affine_grid.py" line="114" name="test_integration_elements_values[&lt;lambda&gt;41]" time="0.0004150867462158203"><skipped message="Suite splitting in effect" type="pytest.skip">src/pymortests/affine_grid.py:114: Suite splitting in effect</skipped></testcase><testcase classname="src.pymortests.affine_grid" file="src/pymortests/affine_grid.py" line="114" name="test_integration_elements_values[&lt;lambda&gt;42]" time="0.00042891502380371094"><skipped message="Suite splitting in effect" type="pytest.skip">src/pymortests/affine_grid.py:114: Suite splitting in effect</skipped></testcase><testcase classname="src.pymortests.affine_grid" file="src/pymortests/affine_grid.py" line="124" name="test_volumes_wrong_arguments[&lt;lambda&gt;0]" time="0.0003867149353027344"><skipped message="Suite splitting in effect" type="pytest.skip">src/pymortests/affine_grid.py:124: Suite splitting in effect</skipped></testcase><testcase classname="src.pymortests.affine_grid" file="src/pymortests/affine_grid.py" line="124" name="test_volumes_wrong_arguments[&lt;lambda&gt;1]" time="0.0004436969757080078"><skipped message="Suite splitting in effect" type="pytest.skip">src/pymortests/affine_grid.py:124: Suite splitting in effect</skipped></testcase><testcase classname="src.pymortests.affine_grid" file="src/pymortests/affine_grid.py" line="124" name="test_volumes_wrong_arguments[&lt;lambda&gt;2]" time="0.0004210472106933594"><skipped message="Suite splitting in effect" type="pytest.skip">src/pymortests/affine_grid.py:124: Suite splitting in effect</skipped></testcase><testcase classname="src.pymortests.affine_grid" file="src/pymortests/affine_grid.py" line="124" name="test_volumes_wrong_arguments[&lt;lambda&gt;3]" time="0.00039887428283691406"><skipped message="Suite splitting in effect" type="pytest.skip">src/pymortests/affine_grid.py:124: Suite splitting in effect</skipped></testcase><testcase classname="src.pymortests.affine_grid" file="src/pymortests/affine_grid.py" line="124" name="test_volumes_wrong_arguments[&lt;lambda&gt;4]" time="0.0003917217254638672"><skipped message="Suite splitting in effect" type="pytest.skip">src/pymortests/affine_grid.py:124: Suite splitting in effect</skipped></testcase><testcase classname="src.pymortests.affine_grid" file="src/pymortests/affine_grid.py" line="124" name="test_volumes_wrong_arguments[&lt;lambda&gt;5]" time="0.0003924369812011719"><skipped message="Suite splitting in effect" type="pytest.skip">src/pymortests/affine_grid.py:124: Suite splitting in effect</skipped></testcase><testcase classname="src.pymortests.affine_grid" file="src/pymortests/affine_grid.py" line="124" name="test_volumes_wrong_arguments[&lt;lambda&gt;6]" time="0.00039458274841308594"><skipped message="Suite splitting in effect" type="pytest.skip">src/pymortests/affine_grid.py:124: Suite splitting in effect</skipped></testcase><testcase classname="src.pymortests.affine_grid" file="src/pymortests/affine_grid.py" line="124" name="test_volumes_wrong_arguments[&lt;lambda&gt;7]" time="0.00039649009704589844"><skipped message="Suite splitting in effect" type="pytest.skip">src/pymortests/affine_grid.py:124: Suite splitting in effect</skipped></testcase><testcase classname="src.pymortests.affine_grid" file="src/pymortests/affine_grid.py" line="124" name="test_volumes_wrong_arguments[&lt;lambda&gt;8]" time="0.00041747093200683594"><skipped message="Suite splitting in effect" type="pytest.skip">src/pymortests/affine_grid.py:124: Suite splitting in effect</skipped></testcase><testcase classname="src.pymortests.affine_grid" file="src/pymortests/affine_grid.py" line="124" name="test_volumes_wrong_arguments[&lt;lambda&gt;9]" time="0.000392913818359375"><skipped message="Suite splitting in effect" type="pytest.skip">src/pymortests/affine_grid.py:124: Suite splitting in effect</skipped></testcase><testcase classname="src.pymortests.affine_grid" file="src/pymortests/affine_grid.py" line="124" name="test_volumes_wrong_arguments[&lt;lambda&gt;10]" time="0.0004258155822753906"><skipped message="Suite splitting in effect" type="pytest.skip">src/pymortests/affine_grid.py:124: Suite splitting in effect</skipped></testcase><testcase classname="src.pymortests.affine_grid" file="src/pymortests/affine_grid.py" line="124" name="test_volumes_wrong_arguments[&lt;lambda&gt;11]" time="0.0003898143768310547"><skipped message="Suite splitting in effect" type="pytest.skip">src/pymortests/affine_grid.py:124: Suite splitting in effect</skipped></testcase><testcase classname="src.pymortests.affine_grid" file="src/pymortests/affine_grid.py" line="124" name="test_volumes_wrong_arguments[&lt;lambda&gt;12]" time="0.0004248619079589844"><skipped message="Suite splitting in effect" type="pytest.skip">src/pymortests/affine_grid.py:124: Suite splitting in effect</skipped></testcase><testcase classname="src.pymortests.affine_grid" file="src/pymortests/affine_grid.py" line="124" name="test_volumes_wrong_arguments[&lt;lambda&gt;13]" time="0.0003998279571533203"><skipped message="Suite splitting in effect" type="pytest.skip">src/pymortests/affine_grid.py:124: Suite splitting in effect</skipped></testcase><testcase classname="src.pymortests.affine_grid" file="src/pymortests/affine_grid.py" line="124" name="test_volumes_wrong_arguments[&lt;lambda&gt;14]" time="0.0004239082336425781"><skipped message="Suite splitting in effect" type="pytest.skip">src/pymortests/affine_grid.py:124: Suite splitting in effect</skipped></testcase><testcase classname="src.pymortests.affine_grid" file="src/pymortests/affine_grid.py" line="124" name="test_volumes_wrong_arguments[&lt;lambda&gt;15]" time="0.00038695335388183594"><skipped message="Suite splitting in effect" type="pytest.skip">src/pymortests/affine_grid.py:124: Suite splitting in effect</skipped></testcase><testcase classname="src.pymortests.affine_grid" file="src/pymortests/affine_grid.py" line="124" name="test_volumes_wrong_arguments[&lt;lambda&gt;16]" time="0.0004222393035888672"><skipped message="Suite splitting in effect" type="pytest.skip">src/pymortests/affine_grid.py:124: Suite splitting in effect</skipped></testcase><testcase classname="src.pymortests.affine_grid" file="src/pymortests/affine_grid.py" line="124" name="test_volumes_wrong_arguments[&lt;lambda&gt;17]" time="0.00042176246643066406"><skipped message="Suite splitting in effect" type="pytest.skip">src/pymortests/affine_grid.py:124: Suite splitting in effect</skipped></testcase><testcase classname="src.pymortests.affine_grid" file="src/pymortests/affine_grid.py" line="124" name="test_volumes_wrong_arguments[&lt;lambda&gt;18]" time="0.0003921985626220703"><skipped message="Suite splitting in effect" type="pytest.skip">src/pymortests/affine_grid.py:124: Suite splitting in effect</skipped></testcase><testcase classname="src.pymortests.affine_grid" file="src/pymortests/affine_grid.py" line="124" name="test_volumes_wrong_arguments[&lt;lambda&gt;19]" time="0.0004909038543701172"><skipped message="Suite splitting in effect" type="pytest.skip">src/pymortests/affine_grid.py:124: Suite splitting in effect</skipped></testcase><testcase classname="src.pymortests.affine_grid" file="src/pymortests/affine_grid.py" line="124" name="test_volumes_wrong_arguments[&lt;lambda&gt;20]" time="0.0003936290740966797"><skipped message="Suite splitting in effect" type="pytest.skip">src/pymortests/affine_grid.py:124: Suite splitting in effect</skipped></testcase><testcase classname="src.pymortests.affine_grid" file="src/pymortests/affine_grid.py" line="124" name="test_volumes_wrong_arguments[&lt;lambda&gt;21]" time="0.0004258155822753906"><skipped message="Suite splitting in effect" type="pytest.skip">src/pymortests/affine_grid.py:124: Suite splitting in effect</skipped></testcase><testcase classname="src.pymortests.affine_grid" file="src/pymortests/affine_grid.py" line="124" name="test_volumes_wrong_arguments[&lt;lambda&gt;22]" time="0.0004181861877441406"><skipped message="Suite splitting in effect" type="pytest.skip">src/pymortests/affine_grid.py:124: Suite splitting in effect</skipped></testcase><testcase classname="src.pymortests.affine_grid" file="src/pymortests/affine_grid.py" line="124" name="test_volumes_wrong_arguments[&lt;lambda&gt;23]" time="0.00041985511779785156"><skipped message="Suite splitting in effect" type="pytest.skip">src/pymortests/affine_grid.py:124: Suite splitting in effect</skipped></testcase><testcase classname="src.pymortests.affine_grid" file="src/pymortests/affine_grid.py" line="124" name="test_volumes_wrong_arguments[&lt;lambda&gt;24]" time="0.0003833770751953125"><skipped message="Suite splitting in effect" type="pytest.skip">src/pymortests/affine_grid.py:124: Suite splitting in effect</skipped></testcase><testcase classname="src.pymortests.affine_grid" file="src/pymortests/affine_grid.py" line="124" name="test_volumes_wrong_arguments[&lt;lambda&gt;25]" time="0.0003859996795654297"><skipped message="Suite splitting in effect" type="pytest.skip">src/pymortests/affine_grid.py:124: Suite splitting in effect</skipped></testcase><testcase classname="src.pymortests.affine_grid" file="src/pymortests/affine_grid.py" line="124" name="test_volumes_wrong_arguments[&lt;lambda&gt;26]" time="0.00038504600524902344"><skipped message="Suite splitting in effect" type="pytest.skip">src/pymortests/affine_grid.py:124: Suite splitting in effect</skipped></testcase><testcase classname="src.pymortests.affine_grid" file="src/pymortests/affine_grid.py" line="124" name="test_volumes_wrong_arguments[&lt;lambda&gt;27]" time="0.00046062469482421875"><skipped message="Suite splitting in effect" type="pytest.skip">src/pymortests/affine_grid.py:124: Suite splitting in effect</skipped></testcase><testcase classname="src.pymortests.affine_grid" file="src/pymortests/affine_grid.py" line="124" name="test_volumes_wrong_arguments[&lt;lambda&gt;28]" time="0.00041604042053222656"><skipped message="Suite splitting in effect" type="pytest.skip">src/pymortests/affine_grid.py:124: Suite splitting in effect</skipped></testcase><testcase classname="src.pymortests.affine_grid" file="src/pymortests/affine_grid.py" line="124" name="test_volumes_wrong_arguments[&lt;lambda&gt;29]" time="0.00041103363037109375"><skipped message="Suite splitting in effect" type="pytest.skip">src/pymortests/affine_grid.py:124: Suite splitting in effect</skipped></testcase><testcase classname="src.pymortests.affine_grid" file="src/pymortests/affine_grid.py" line="124" name="test_volumes_wrong_arguments[&lt;lambda&gt;30]" time="0.0004291534423828125"><skipped message="Suite splitting in effect" type="pytest.skip">src/pymortests/affine_grid.py:124: Suite splitting in effect</skipped></testcase><testcase classname="src.pymortests.affine_grid" file="src/pymortests/affine_grid.py" line="124" name="test_volumes_wrong_arguments[&lt;lambda&gt;31]" time="0.0003952980041503906"><skipped message="Suite splitting in effect" type="pytest.skip">src/pymortests/affine_grid.py:124: Suite splitting in effect</skipped></testcase><testcase classname="src.pymortests.affine_grid" file="src/pymortests/affine_grid.py" line="124" name="test_volumes_wrong_arguments[&lt;lambda&gt;32]" time="0.0004203319549560547"><skipped message="Suite splitting in effect" type="pytest.skip">src/pymortests/affine_grid.py:124: Suite splitting in effect</skipped></testcase><testcase classname="src.pymortests.affine_grid" file="src/pymortests/affine_grid.py" line="124" name="test_volumes_wrong_arguments[&lt;lambda&gt;33]" time="0.00039005279541015625"><skipped message="Suite splitting in effect" type="pytest.skip">src/pymortests/affine_grid.py:124: Suite splitting in effect</skipped></testcase><testcase classname="src.pymortests.affine_grid" file="src/pymortests/affine_grid.py" line="124" name="test_volumes_wrong_arguments[&lt;lambda&gt;34]" time="0.00038743019104003906"><skipped message="Suite splitting in effect" type="pytest.skip">src/pymortests/affine_grid.py:124: Suite splitting in effect</skipped></testcase><testcase classname="src.pymortests.affine_grid" file="src/pymortests/affine_grid.py" line="124" name="test_volumes_wrong_arguments[&lt;lambda&gt;35]" time="0.00042819976806640625"><skipped message="Suite splitting in effect" type="pytest.skip">src/pymortests/affine_grid.py:124: Suite splitting in effect</skipped></testcase><testcase classname="src.pymortests.affine_grid" file="src/pymortests/affine_grid.py" line="124" name="test_volumes_wrong_arguments[&lt;lambda&gt;36]" time="0.00043702125549316406"><skipped message="Suite splitting in effect" type="pytest.skip">src/pymortests/affine_grid.py:124: Suite splitting in effect</skipped></testcase><testcase classname="src.pymortests.affine_grid" file="src/pymortests/affine_grid.py" line="124" name="test_volumes_wrong_arguments[&lt;lambda&gt;37]" time="0.00039505958557128906"><skipped message="Suite splitting in effect" type="pytest.skip">src/pymortests/affine_grid.py:124: Suite splitting in effect</skipped></testcase><testcase classname="src.pymortests.affine_grid" file="src/pymortests/affine_grid.py" line="124" name="test_volumes_wrong_arguments[&lt;lambda&gt;38]" time="0.0004944801330566406"><skipped message="Suite splitting in effect" type="pytest.skip">src/pymortests/affine_grid.py:124: Suite splitting in effect</skipped></testcase><testcase classname="src.pymortests.affine_grid" file="src/pymortests/affine_grid.py" line="124" name="test_volumes_wrong_arguments[&lt;lambda&gt;39]" time="0.00041294097900390625"><skipped message="Suite splitting in effect" type="pytest.skip">src/pymortests/affine_grid.py:124: Suite splitting in effect</skipped></testcase><testcase classname="src.pymortests.affine_grid" file="src/pymortests/affine_grid.py" line="124" name="test_volumes_wrong_arguments[&lt;lambda&gt;40]" time="0.00041747093200683594"><skipped message="Suite splitting in effect" type="pytest.skip">src/pymortests/affine_grid.py:124: Suite splitting in effect</skipped></testcase><testcase classname="src.pymortests.affine_grid" file="src/pymortests/affine_grid.py" line="124" name="test_volumes_wrong_arguments[&lt;lambda&gt;41]" time="0.00039577484130859375"><skipped message="Suite splitting in effect" type="pytest.skip">src/pymortests/affine_grid.py:124: Suite splitting in effect</skipped></testcase><testcase classname="src.pymortests.affine_grid" file="src/pymortests/affine_grid.py" line="124" name="test_volumes_wrong_arguments[&lt;lambda&gt;42]" time="0.00039958953857421875"><skipped message="Suite splitting in effect" type="pytest.skip">src/pymortests/affine_grid.py:124: Suite splitting in effect</skipped></testcase><testcase classname="src.pymortests.affine_grid" file="src/pymortests/affine_grid.py" line="132" name="test_volumes_shape[&lt;lambda&gt;0]" time="0.00039696693420410156"><skipped message="Suite splitting in effect" type="pytest.skip">src/pymortests/affine_grid.py:132: Suite splitting in effect</skipped></testcase><testcase classname="src.pymortests.affine_grid" file="src/pymortests/affine_grid.py" line="132" name="test_volumes_shape[&lt;lambda&gt;1]" time="0.0003917217254638672"><skipped message="Suite splitting in effect" type="pytest.skip">src/pymortests/affine_grid.py:132: Suite splitting in effect</skipped></testcase><testcase classname="src.pymortests.affine_grid" file="src/pymortests/affine_grid.py" line="132" name="test_volumes_shape[&lt;lambda&gt;2]" time="0.0004210472106933594"><skipped message="Suite splitting in effect" type="pytest.skip">src/pymortests/affine_grid.py:132: Suite splitting in effect</skipped></testcase><testcase classname="src.pymortests.affine_grid" file="src/pymortests/affine_grid.py" line="132" name="test_volumes_shape[&lt;lambda&gt;3]" time="0.0003902912139892578"><skipped message="Suite splitting in effect" type="pytest.skip">src/pymortests/affine_grid.py:132: Suite splitting in effect</skipped></testcase><testcase classname="src.pymortests.affine_grid" file="src/pymortests/affine_grid.py" line="132" name="test_volumes_shape[&lt;lambda&gt;4]" time="0.00043392181396484375"><skipped message="Suite splitting in effect" type="pytest.skip">src/pymortests/affine_grid.py:132: Suite splitting in effect</skipped></testcase><testcase classname="src.pymortests.affine_grid" file="src/pymortests/affine_grid.py" line="132" name="test_volumes_shape[&lt;lambda&gt;5]" time="0.0003905296325683594"><skipped message="Suite splitting in effect" type="pytest.skip">src/pymortests/affine_grid.py:132: Suite splitting in effect</skipped></testcase><testcase classname="src.pymortests.affine_grid" file="src/pymortests/affine_grid.py" line="132" name="test_volumes_shape[&lt;lambda&gt;6]" time="0.0004239082336425781"><skipped message="Suite splitting in effect" type="pytest.skip">src/pymortests/affine_grid.py:132: Suite splitting in effect</skipped></testcase><testcase classname="src.pymortests.affine_grid" file="src/pymortests/affine_grid.py" line="132" name="test_volumes_shape[&lt;lambda&gt;7]" time="0.0004534721374511719"><skipped message="Suite splitting in effect" type="pytest.skip">src/pymortests/affine_grid.py:132: Suite splitting in effect</skipped></testcase><testcase classname="src.pymortests.affine_grid" file="src/pymortests/affine_grid.py" line="132" name="test_volumes_shape[&lt;lambda&gt;8]" time="0.0004169940948486328"><skipped message="Suite splitting in effect" type="pytest.skip">src/pymortests/affine_grid.py:132: Suite splitting in effect</skipped></testcase><testcase classname="src.pymortests.affine_grid" file="src/pymortests/affine_grid.py" line="132" name="test_volumes_shape[&lt;lambda&gt;9]" time="0.0004215240478515625"><skipped message="Suite splitting in effect" type="pytest.skip">src/pymortests/affine_grid.py:132: Suite splitting in effect</skipped></testcase><testcase classname="src.pymortests.affine_grid" file="src/pymortests/affine_grid.py" line="132" name="test_volumes_shape[&lt;lambda&gt;10]" time="0.0003933906555175781"><skipped message="Suite splitting in effect" type="pytest.skip">src/pymortests/affine_grid.py:132: Suite splitting in effect</skipped></testcase><testcase classname="src.pymortests.affine_grid" file="src/pymortests/affine_grid.py" line="132" name="test_volumes_shape[&lt;lambda&gt;11]" time="0.00043392181396484375"><skipped message="Suite splitting in effect" type="pytest.skip">src/pymortests/affine_grid.py:132: Suite splitting in effect</skipped></testcase><testcase classname="src.pymortests.affine_grid" file="src/pymortests/affine_grid.py" line="132" name="test_volumes_shape[&lt;lambda&gt;12]" time="0.0006432533264160156"><skipped message="Suite splitting in effect" type="pytest.skip">src/pymortests/affine_grid.py:132: Suite splitting in effect</skipped></testcase><testcase classname="src.pymortests.affine_grid" file="src/pymortests/affine_grid.py" line="132" name="test_volumes_shape[&lt;lambda&gt;13]" time="0.0003924369812011719"><skipped message="Suite splitting in effect" type="pytest.skip">src/pymortests/affine_grid.py:132: Suite splitting in effect</skipped></testcase><testcase classname="src.pymortests.affine_grid" file="src/pymortests/affine_grid.py" line="132" name="test_volumes_shape[&lt;lambda&gt;14]" time="0.00038695335388183594"><skipped message="Suite splitting in effect" type="pytest.skip">src/pymortests/affine_grid.py:132: Suite splitting in effect</skipped></testcase><testcase classname="src.pymortests.affine_grid" file="src/pymortests/affine_grid.py" line="132" name="test_volumes_shape[&lt;lambda&gt;15]" time="0.00041937828063964844"><skipped message="Suite splitting in effect" type="pytest.skip">src/pymortests/affine_grid.py:132: Suite splitting in effect</skipped></testcase><testcase classname="src.pymortests.affine_grid" file="src/pymortests/affine_grid.py" line="132" name="test_volumes_shape[&lt;lambda&gt;16]" time="0.0003876686096191406"><skipped message="Suite splitting in effect" type="pytest.skip">src/pymortests/affine_grid.py:132: Suite splitting in effect</skipped></testcase><testcase classname="src.pymortests.affine_grid" file="src/pymortests/affine_grid.py" line="132" name="test_volumes_shape[&lt;lambda&gt;17]" time="0.0004076957702636719"><skipped message="Suite splitting in effect" type="pytest.skip">src/pymortests/affine_grid.py:132: Suite splitting in effect</skipped></testcase><testcase classname="src.pymortests.affine_grid" file="src/pymortests/affine_grid.py" line="132" name="test_volumes_shape[&lt;lambda&gt;18]" time="0.00040531158447265625"><skipped message="Suite splitting in effect" type="pytest.skip">src/pymortests/affine_grid.py:132: Suite splitting in effect</skipped></testcase><testcase classname="src.pymortests.affine_grid" file="src/pymortests/affine_grid.py" line="132" name="test_volumes_shape[&lt;lambda&gt;19]" time="0.00043010711669921875"><skipped message="Suite splitting in effect" type="pytest.skip">src/pymortests/affine_grid.py:132: Suite splitting in effect</skipped></testcase><testcase classname="src.pymortests.affine_grid" file="src/pymortests/affine_grid.py" line="132" name="test_volumes_shape[&lt;lambda&gt;20]" time="0.00039696693420410156"><skipped message="Suite splitting in effect" type="pytest.skip">src/pymortests/affine_grid.py:132: Suite splitting in effect</skipped></testcase><testcase classname="src.pymortests.affine_grid" file="src/pymortests/affine_grid.py" line="132" name="test_volumes_shape[&lt;lambda&gt;21]" time="0.0004162788391113281"><skipped message="Suite splitting in effect" type="pytest.skip">src/pymortests/affine_grid.py:132: Suite splitting in effect</skipped></testcase><testcase classname="src.pymortests.affine_grid" file="src/pymortests/affine_grid.py" line="132" name="test_volumes_shape[&lt;lambda&gt;22]" time="0.0003879070281982422"><skipped message="Suite splitting in effect" type="pytest.skip">src/pymortests/affine_grid.py:132: Suite splitting in effect</skipped></testcase><testcase classname="src.pymortests.affine_grid" file="src/pymortests/affine_grid.py" line="132" name="test_volumes_shape[&lt;lambda&gt;23]" time="0.00042629241943359375"><skipped message="Suite splitting in effect" type="pytest.skip">src/pymortests/affine_grid.py:132: Suite splitting in effect</skipped></testcase><testcase classname="src.pymortests.affine_grid" file="src/pymortests/affine_grid.py" line="132" name="test_volumes_shape[&lt;lambda&gt;24]" time="0.0004134178161621094"><skipped message="Suite splitting in effect" type="pytest.skip">src/pymortests/affine_grid.py:132: Suite splitting in effect</skipped></testcase><testcase classname="src.pymortests.affine_grid" file="src/pymortests/affine_grid.py" line="132" name="test_volumes_shape[&lt;lambda&gt;25]" time="0.0004253387451171875"><skipped message="Suite splitting in effect" type="pytest.skip">src/pymortests/affine_grid.py:132: Suite splitting in effect</skipped></testcase><testcase classname="src.pymortests.affine_grid" file="src/pymortests/affine_grid.py" line="132" name="test_volumes_shape[&lt;lambda&gt;26]" time="0.00039577484130859375"><skipped message="Suite splitting in effect" type="pytest.skip">src/pymortests/affine_grid.py:132: Suite splitting in effect</skipped></testcase><testcase classname="src.pymortests.affine_grid" file="src/pymortests/affine_grid.py" line="132" name="test_volumes_shape[&lt;lambda&gt;27]" time="0.0003979206085205078"><skipped message="Suite splitting in effect" type="pytest.skip">src/pymortests/affine_grid.py:132: Suite splitting in effect</skipped></testcase><testcase classname="src.pymortests.affine_grid" file="src/pymortests/affine_grid.py" line="132" name="test_volumes_shape[&lt;lambda&gt;28]" time="0.00044035911560058594"><skipped message="Suite splitting in effect" type="pytest.skip">src/pymortests/affine_grid.py:132: Suite splitting in effect</skipped></testcase><testcase classname="src.pymortests.affine_grid" file="src/pymortests/affine_grid.py" line="132" name="test_volumes_shape[&lt;lambda&gt;29]" time="0.0003948211669921875"><skipped message="Suite splitting in effect" type="pytest.skip">src/pymortests/affine_grid.py:132: Suite splitting in effect</skipped></testcase><testcase classname="src.pymortests.affine_grid" file="src/pymortests/affine_grid.py" line="132" name="test_volumes_shape[&lt;lambda&gt;30]" time="0.0004229545593261719"><skipped message="Suite splitting in effect" type="pytest.skip">src/pymortests/affine_grid.py:132: Suite splitting in effect</skipped></testcase><testcase classname="src.pymortests.affine_grid" file="src/pymortests/affine_grid.py" line="132" name="test_volumes_shape[&lt;lambda&gt;31]" time="0.00039887428283691406"><skipped message="Suite splitting in effect" type="pytest.skip">src/pymortests/affine_grid.py:132: Suite splitting in effect</skipped></testcase><testcase classname="src.pymortests.affine_grid" file="src/pymortests/affine_grid.py" line="132" name="test_volumes_shape[&lt;lambda&gt;32]" time="0.0004248619079589844"><skipped message="Suite splitting in effect" type="pytest.skip">src/pymortests/affine_grid.py:132: Suite splitting in effect</skipped></testcase><testcase classname="src.pymortests.affine_grid" file="src/pymortests/affine_grid.py" line="132" name="test_volumes_shape[&lt;lambda&gt;33]" time="0.0004210472106933594"><skipped message="Suite splitting in effect" type="pytest.skip">src/pymortests/affine_grid.py:132: Suite splitting in effect</skipped></testcase><testcase classname="src.pymortests.affine_grid" file="src/pymortests/affine_grid.py" line="132" name="test_volumes_shape[&lt;lambda&gt;34]" time="0.0003943443298339844"><skipped message="Suite splitting in effect" type="pytest.skip">src/pymortests/affine_grid.py:132: Suite splitting in effect</skipped></testcase><testcase classname="src.pymortests.affine_grid" file="src/pymortests/affine_grid.py" line="132" name="test_volumes_shape[&lt;lambda&gt;35]" time="0.00040030479431152344"><skipped message="Suite splitting in effect" type="pytest.skip">src/pymortests/affine_grid.py:132: Suite splitting in effect</skipped></testcase><testcase classname="src.pymortests.affine_grid" file="src/pymortests/affine_grid.py" line="132" name="test_volumes_shape[&lt;lambda&gt;36]" time="0.0004165172576904297"><skipped message="Suite splitting in effect" type="pytest.skip">src/pymortests/affine_grid.py:132: Suite splitting in effect</skipped></testcase><testcase classname="src.pymortests.affine_grid" file="src/pymortests/affine_grid.py" line="132" name="test_volumes_shape[&lt;lambda&gt;37]" time="0.00038743019104003906"><skipped message="Suite splitting in effect" type="pytest.skip">src/pymortests/affine_grid.py:132: Suite splitting in effect</skipped></testcase><testcase classname="src.pymortests.affine_grid" file="src/pymortests/affine_grid.py" line="132" name="test_volumes_shape[&lt;lambda&gt;38]" time="0.0004279613494873047"><skipped message="Suite splitting in effect" type="pytest.skip">src/pymortests/affine_grid.py:132: Suite splitting in effect</skipped></testcase><testcase classname="src.pymortests.affine_grid" file="src/pymortests/affine_grid.py" line="132" name="test_volumes_shape[&lt;lambda&gt;39]" time="0.00045228004455566406"><skipped message="Suite splitting in effect" type="pytest.skip">src/pymortests/affine_grid.py:132: Suite splitting in effect</skipped></testcase><testcase classname="src.pymortests.affine_grid" file="src/pymortests/affine_grid.py" line="132" name="test_volumes_shape[&lt;lambda&gt;40]" time="0.0004146099090576172"><skipped message="Suite splitting in effect" type="pytest.skip">src/pymortests/affine_grid.py:132: Suite splitting in effect</skipped></testcase><testcase classname="src.pymortests.affine_grid" file="src/pymortests/affine_grid.py" line="132" name="test_volumes_shape[&lt;lambda&gt;41]" time="0.0003895759582519531"><skipped message="Suite splitting in effect" type="pytest.skip">src/pymortests/affine_grid.py:132: Suite splitting in effect</skipped></testcase><testcase classname="src.pymortests.affine_grid" file="src/pymortests/affine_grid.py" line="132" name="test_volumes_shape[&lt;lambda&gt;42]" time="0.00042939186096191406"><skipped message="Suite splitting in effect" type="pytest.skip">src/pymortests/affine_grid.py:132: Suite splitting in effect</skipped></testcase><testcase classname="src.pymortests.affine_grid" file="src/pymortests/affine_grid.py" line="138" name="test_volumes_values[&lt;lambda&gt;0]" time="0.0004069805145263672"><skipped message="Suite splitting in effect" type="pytest.skip">src/pymortests/affine_grid.py:138: Suite splitting in effect</skipped></testcase><testcase classname="src.pymortests.affine_grid" file="src/pymortests/affine_grid.py" line="138" name="test_volumes_values[&lt;lambda&gt;1]" time="0.0004248619079589844"><skipped message="Suite splitting in effect" type="pytest.skip">src/pymortests/affine_grid.py:138: Suite splitting in effect</skipped></testcase><testcase classname="src.pymortests.affine_grid" file="src/pymortests/affine_grid.py" line="138" name="test_volumes_values[&lt;lambda&gt;2]" time="0.00039386749267578125"><skipped message="Suite splitting in effect" type="pytest.skip">src/pymortests/affine_grid.py:138: Suite splitting in effect</skipped></testcase><testcase classname="src.pymortests.affine_grid" file="src/pymortests/affine_grid.py" line="138" name="test_volumes_values[&lt;lambda&gt;3]" time="0.0004200935363769531"><skipped message="Suite splitting in effect" type="pytest.skip">src/pymortests/affine_grid.py:138: Suite splitting in effect</skipped></testcase><testcase classname="src.pymortests.affine_grid" file="src/pymortests/affine_grid.py" line="138" name="test_volumes_values[&lt;lambda&gt;4]" time="0.0003943443298339844"><skipped message="Suite splitting in effect" type="pytest.skip">src/pymortests/affine_grid.py:138: Suite splitting in effect</skipped></testcase><testcase classname="src.pymortests.affine_grid" file="src/pymortests/affine_grid.py" line="138" name="test_volumes_values[&lt;lambda&gt;5]" time="0.0004222393035888672"><skipped message="Suite splitting in effect" type="pytest.skip">src/pymortests/affine_grid.py:138: Suite splitting in effect</skipped></testcase><testcase classname="src.pymortests.affine_grid" file="src/pymortests/affine_grid.py" line="138" name="test_volumes_values[&lt;lambda&gt;6]" time="0.0004181861877441406"><skipped message="Suite splitting in effect" type="pytest.skip">src/pymortests/affine_grid.py:138: Suite splitting in effect</skipped></testcase><testcase classname="src.pymortests.affine_grid" file="src/pymortests/affine_grid.py" line="138" name="test_volumes_values[&lt;lambda&gt;7]" time="0.0004482269287109375"><skipped message="Suite splitting in effect" type="pytest.skip">src/pymortests/affine_grid.py:138: Suite splitting in effect</skipped></testcase><testcase classname="src.pymortests.affine_grid" file="src/pymortests/affine_grid.py" line="138" name="test_volumes_values[&lt;lambda&gt;8]" time="0.00039649009704589844"><skipped message="Suite splitting in effect" type="pytest.skip">src/pymortests/affine_grid.py:138: Suite splitting in effect</skipped></testcase><testcase classname="src.pymortests.affine_grid" file="src/pymortests/affine_grid.py" line="138" name="test_volumes_values[&lt;lambda&gt;9]" time="0.0004017353057861328"><skipped message="Suite splitting in effect" type="pytest.skip">src/pymortests/affine_grid.py:138: Suite splitting in effect</skipped></testcase><testcase classname="src.pymortests.affine_grid" file="src/pymortests/affine_grid.py" line="138" name="test_volumes_values[&lt;lambda&gt;10]" time="0.00041484832763671875"><skipped message="Suite splitting in effect" type="pytest.skip">src/pymortests/affine_grid.py:138: Suite splitting in effect</skipped></testcase><testcase classname="src.pymortests.affine_grid" file="src/pymortests/affine_grid.py" line="138" name="test_volumes_values[&lt;lambda&gt;11]" time="0.00038814544677734375"><skipped message="Suite splitting in effect" type="pytest.skip">src/pymortests/affine_grid.py:138: Suite splitting in effect</skipped></testcase><testcase classname="src.pymortests.affine_grid" file="src/pymortests/affine_grid.py" line="138" name="test_volumes_values[&lt;lambda&gt;12]" time="0.00038504600524902344"><skipped message="Suite splitting in effect" type="pytest.skip">src/pymortests/affine_grid.py:138: Suite splitting in effect</skipped></testcase><testcase classname="src.pymortests.affine_grid" file="src/pymortests/affine_grid.py" line="138" name="test_volumes_values[&lt;lambda&gt;13]" time="0.0003936290740966797"><skipped message="Suite splitting in effect" type="pytest.skip">src/pymortests/affine_grid.py:138: Suite splitting in effect</skipped></testcase><testcase classname="src.pymortests.affine_grid" file="src/pymortests/affine_grid.py" line="138" name="test_volumes_values[&lt;lambda&gt;14]" time="0.00041556358337402344"><skipped message="Suite splitting in effect" type="pytest.skip">src/pymortests/affine_grid.py:138: Suite splitting in effect</skipped></testcase><testcase classname="src.pymortests.affine_grid" file="src/pymortests/affine_grid.py" line="138" name="test_volumes_values[&lt;lambda&gt;15]" time="0.0004730224609375"><skipped message="Suite splitting in effect" type="pytest.skip">src/pymortests/affine_grid.py:138: Suite splitting in effect</skipped></testcase><testcase classname="src.pymortests.affine_grid" file="src/pymortests/affine_grid.py" line="138" name="test_volumes_values[&lt;lambda&gt;16]" time="0.0003991127014160156"><skipped message="Suite splitting in effect" type="pytest.skip">src/pymortests/affine_grid.py:138: Suite splitting in effect</skipped></testcase><testcase classname="src.pymortests.affine_grid" file="src/pymortests/affine_grid.py" line="138" name="test_volumes_values[&lt;lambda&gt;17]" time="0.00038933753967285156"><skipped message="Suite splitting in effect" type="pytest.skip">src/pymortests/affine_grid.py:138: Suite splitting in effect</skipped></testcase><testcase classname="src.pymortests.affine_grid" file="src/pymortests/affine_grid.py" line="138" name="test_volumes_values[&lt;lambda&gt;18]" time="0.00041985511779785156"><skipped message="Suite splitting in effect" type="pytest.skip">src/pymortests/affine_grid.py:138: Suite splitting in effect</skipped></testcase><testcase classname="src.pymortests.affine_grid" file="src/pymortests/affine_grid.py" line="138" name="test_volumes_values[&lt;lambda&gt;19]" time="0.0003914833068847656"><skipped message="Suite splitting in effect" type="pytest.skip">src/pymortests/affine_grid.py:138: Suite splitting in effect</skipped></testcase><testcase classname="src.pymortests.affine_grid" file="src/pymortests/affine_grid.py" line="138" name="test_volumes_values[&lt;lambda&gt;20]" time="0.00044846534729003906"><skipped message="Suite splitting in effect" type="pytest.skip">src/pymortests/affine_grid.py:138: Suite splitting in effect</skipped></testcase><testcase classname="src.pymortests.affine_grid" file="src/pymortests/affine_grid.py" line="138" name="test_volumes_values[&lt;lambda&gt;21]" time="0.000446319580078125"><skipped message="Suite splitting in effect" type="pytest.skip">src/pymortests/affine_grid.py:138: Suite splitting in effect</skipped></testcase><testcase classname="src.pymortests.affine_grid" file="src/pymortests/affine_grid.py" line="138" name="test_volumes_values[&lt;lambda&gt;22]" time="0.00044608116149902344"><skipped message="Suite splitting in effect" type="pytest.skip">src/pymortests/affine_grid.py:138: Suite splitting in effect</skipped></testcase><testcase classname="src.pymortests.affine_grid" file="src/pymortests/affine_grid.py" line="138" name="test_volumes_values[&lt;lambda&gt;23]" time="0.00039696693420410156"><skipped message="Suite splitting in effect" type="pytest.skip">src/pymortests/affine_grid.py:138: Suite splitting in effect</skipped></testcase><testcase classname="src.pymortests.affine_grid" file="src/pymortests/affine_grid.py" line="138" name="test_volumes_values[&lt;lambda&gt;24]" time="0.00042629241943359375"><skipped message="Suite splitting in effect" type="pytest.skip">src/pymortests/affine_grid.py:138: Suite splitting in effect</skipped></testcase><testcase classname="src.pymortests.affine_grid" file="src/pymortests/affine_grid.py" line="138" name="test_volumes_values[&lt;lambda&gt;25]" time="0.0003879070281982422"><skipped message="Suite splitting in effect" type="pytest.skip">src/pymortests/affine_grid.py:138: Suite splitting in effect</skipped></testcase><testcase classname="src.pymortests.affine_grid" file="src/pymortests/affine_grid.py" line="138" name="test_volumes_values[&lt;lambda&gt;26]" time="0.0003886222839355469"><skipped message="Suite splitting in effect" type="pytest.skip">src/pymortests/affine_grid.py:138: Suite splitting in effect</skipped></testcase><testcase classname="src.pymortests.affine_grid" file="src/pymortests/affine_grid.py" line="138" name="test_volumes_values[&lt;lambda&gt;27]" time="0.0003941059112548828"><skipped message="Suite splitting in effect" type="pytest.skip">src/pymortests/affine_grid.py:138: Suite splitting in effect</skipped></testcase><testcase classname="src.pymortests.affine_grid" file="src/pymortests/affine_grid.py" line="138" name="test_volumes_values[&lt;lambda&gt;28]" time="0.00043082237243652344"><skipped message="Suite splitting in effect" type="pytest.skip">src/pymortests/affine_grid.py:138: Suite splitting in effect</skipped></testcase><testcase classname="src.pymortests.affine_grid" file="src/pymortests/affine_grid.py" line="138" name="test_volumes_values[&lt;lambda&gt;29]" time="0.0003962516784667969"><skipped message="Suite splitting in effect" type="pytest.skip">src/pymortests/affine_grid.py:138: Suite splitting in effect</skipped></testcase><testcase classname="src.pymortests.affine_grid" file="src/pymortests/affine_grid.py" line="138" name="test_volumes_values[&lt;lambda&gt;30]" time="0.00042700767517089844"><skipped message="Suite splitting in effect" type="pytest.skip">src/pymortests/affine_grid.py:138: Suite splitting in effect</skipped></testcase><testcase classname="src.pymortests.affine_grid" file="src/pymortests/affine_grid.py" line="138" name="test_volumes_values[&lt;lambda&gt;31]" time="0.0004124641418457031"><skipped message="Suite splitting in effect" type="pytest.skip">src/pymortests/affine_grid.py:138: Suite splitting in effect</skipped></testcase><testcase classname="src.pymortests.affine_grid" file="src/pymortests/affine_grid.py" line="138" name="test_volumes_values[&lt;lambda&gt;32]" time="0.00045561790466308594"><skipped message="Suite splitting in effect" type="pytest.skip">src/pymortests/affine_grid.py:138: Suite splitting in effect</skipped></testcase><testcase classname="src.pymortests.affine_grid" file="src/pymortests/affine_grid.py" line="138" name="test_volumes_values[&lt;lambda&gt;33]" time="0.00038433074951171875"><skipped message="Suite splitting in effect" type="pytest.skip">src/pymortests/affine_grid.py:138: Suite splitting in effect</skipped></testcase><testcase classname="src.pymortests.affine_grid" file="src/pymortests/affine_grid.py" line="138" name="test_volumes_values[&lt;lambda&gt;34]" time="0.00041747093200683594"><skipped message="Suite splitting in effect" type="pytest.skip">src/pymortests/affine_grid.py:138: Suite splitting in effect</skipped></testcase><testcase classname="src.pymortests.affine_grid" file="src/pymortests/affine_grid.py" line="138" name="test_volumes_values[&lt;lambda&gt;35]" time="0.00039196014404296875"><skipped message="Suite splitting in effect" type="pytest.skip">src/pymortests/affine_grid.py:138: Suite splitting in effect</skipped></testcase><testcase classname="src.pymortests.affine_grid" file="src/pymortests/affine_grid.py" line="138" name="test_volumes_values[&lt;lambda&gt;36]" time="0.0003879070281982422"><skipped message="Suite splitting in effect" type="pytest.skip">src/pymortests/affine_grid.py:138: Suite splitting in effect</skipped></testcase><testcase classname="src.pymortests.affine_grid" file="src/pymortests/affine_grid.py" line="138" name="test_volumes_values[&lt;lambda&gt;37]" time="0.00039076805114746094"><skipped message="Suite splitting in effect" type="pytest.skip">src/pymortests/affine_grid.py:138: Suite splitting in effect</skipped></testcase><testcase classname="src.pymortests.affine_grid" file="src/pymortests/affine_grid.py" line="138" name="test_volumes_values[&lt;lambda&gt;38]" time="0.0003981590270996094"><skipped message="Suite splitting in effect" type="pytest.skip">src/pymortests/affine_grid.py:138: Suite splitting in effect</skipped></testcase><testcase classname="src.pymortests.affine_grid" file="src/pymortests/affine_grid.py" line="138" name="test_volumes_values[&lt;lambda&gt;39]" time="0.0004227161407470703"><skipped message="Suite splitting in effect" type="pytest.skip">src/pymortests/affine_grid.py:138: Suite splitting in effect</skipped></testcase><testcase classname="src.pymortests.affine_grid" file="src/pymortests/affine_grid.py" line="138" name="test_volumes_values[&lt;lambda&gt;40]" time="0.00039958953857421875"><skipped message="Suite splitting in effect" type="pytest.skip">src/pymortests/affine_grid.py:138: Suite splitting in effect</skipped></testcase><testcase classname="src.pymortests.affine_grid" file="src/pymortests/affine_grid.py" line="138" name="test_volumes_values[&lt;lambda&gt;41]" time="0.0004456043243408203"><skipped message="Suite splitting in effect" type="pytest.skip">src/pymortests/affine_grid.py:138: Suite splitting in effect</skipped></testcase><testcase classname="src.pymortests.affine_grid" file="src/pymortests/affine_grid.py" line="138" name="test_volumes_values[&lt;lambda&gt;42]" time="0.0004200935363769531"><skipped message="Suite splitting in effect" type="pytest.skip">src/pymortests/affine_grid.py:138: Suite splitting in effect</skipped></testcase><testcase classname="src.pymortests.affine_grid" file="src/pymortests/affine_grid.py" line="146" name="test_volumes_inverse_wrong_arguments[&lt;lambda&gt;0]" time="0.00039458274841308594"><skipped message="Suite splitting in effect" type="pytest.skip">src/pymortests/affine_grid.py:146: Suite splitting in effect</skipped></testcase><testcase classname="src.pymortests.affine_grid" file="src/pymortests/affine_grid.py" line="146" name="test_volumes_inverse_wrong_arguments[&lt;lambda&gt;1]" time="0.00041794776916503906"><skipped message="Suite splitting in effect" type="pytest.skip">src/pymortests/affine_grid.py:146: Suite splitting in effect</skipped></testcase><testcase classname="src.pymortests.affine_grid" file="src/pymortests/affine_grid.py" line="146" name="test_volumes_inverse_wrong_arguments[&lt;lambda&gt;2]" time="0.0003960132598876953"><skipped message="Suite splitting in effect" type="pytest.skip">src/pymortests/affine_grid.py:146: Suite splitting in effect</skipped></testcase><testcase classname="src.pymortests.affine_grid" file="src/pymortests/affine_grid.py" line="146" name="test_volumes_inverse_wrong_arguments[&lt;lambda&gt;3]" time="0.00041985511779785156"><skipped message="Suite splitting in effect" type="pytest.skip">src/pymortests/affine_grid.py:146: Suite splitting in effect</skipped></testcase><testcase classname="src.pymortests.affine_grid" file="src/pymortests/affine_grid.py" line="146" name="test_volumes_inverse_wrong_arguments[&lt;lambda&gt;4]" time="0.00040221214294433594"><skipped message="Suite splitting in effect" type="pytest.skip">src/pymortests/affine_grid.py:146: Suite splitting in effect</skipped></testcase><testcase classname="src.pymortests.affine_grid" file="src/pymortests/affine_grid.py" line="146" name="test_volumes_inverse_wrong_arguments[&lt;lambda&gt;5]" time="0.00039577484130859375"><skipped message="Suite splitting in effect" type="pytest.skip">src/pymortests/affine_grid.py:146: Suite splitting in effect</skipped></testcase><testcase classname="src.pymortests.affine_grid" file="src/pymortests/affine_grid.py" line="146" name="test_volumes_inverse_wrong_arguments[&lt;lambda&gt;6]" time="0.0004444122314453125"><skipped message="Suite splitting in effect" type="pytest.skip">src/pymortests/affine_grid.py:146: Suite splitting in effect</skipped></testcase><testcase classname="src.pymortests.affine_grid" file="src/pymortests/affine_grid.py" line="146" name="test_volumes_inverse_wrong_arguments[&lt;lambda&gt;7]" time="0.0003886222839355469"><skipped message="Suite splitting in effect" type="pytest.skip">src/pymortests/affine_grid.py:146: Suite splitting in effect</skipped></testcase><testcase classname="src.pymortests.affine_grid" file="src/pymortests/affine_grid.py" line="146" name="test_volumes_inverse_wrong_arguments[&lt;lambda&gt;8]" time="0.0004215240478515625"><skipped message="Suite splitting in effect" type="pytest.skip">src/pymortests/affine_grid.py:146: Suite splitting in effect</skipped></testcase><testcase classname="src.pymortests.affine_grid" file="src/pymortests/affine_grid.py" line="146" name="test_volumes_inverse_wrong_arguments[&lt;lambda&gt;9]" time="0.0003941059112548828"><skipped message="Suite splitting in effect" type="pytest.skip">src/pymortests/affine_grid.py:146: Suite splitting in effect</skipped></testcase><testcase classname="src.pymortests.affine_grid" file="src/pymortests/affine_grid.py" line="146" name="test_volumes_inverse_wrong_arguments[&lt;lambda&gt;10]" time="0.00042819976806640625"><skipped message="Suite splitting in effect" type="pytest.skip">src/pymortests/affine_grid.py:146: Suite splitting in effect</skipped></testcase><testcase classname="src.pymortests.affine_grid" file="src/pymortests/affine_grid.py" line="146" name="test_volumes_inverse_wrong_arguments[&lt;lambda&gt;11]" time="0.0004470348358154297"><skipped message="Suite splitting in effect" type="pytest.skip">src/pymortests/affine_grid.py:146: Suite splitting in effect</skipped></testcase><testcase classname="src.pymortests.affine_grid" file="src/pymortests/affine_grid.py" line="146" name="test_volumes_inverse_wrong_arguments[&lt;lambda&gt;12]" time="0.00043010711669921875"><skipped message="Suite splitting in effect" type="pytest.skip">src/pymortests/affine_grid.py:146: Suite splitting in effect</skipped></testcase><testcase classname="src.pymortests.affine_grid" file="src/pymortests/affine_grid.py" line="146" name="test_volumes_inverse_wrong_arguments[&lt;lambda&gt;13]" time="0.00040340423583984375"><skipped message="Suite splitting in effect" type="pytest.skip">src/pymortests/affine_grid.py:146: Suite splitting in effect</skipped></testcase><testcase classname="src.pymortests.affine_grid" file="src/pymortests/affine_grid.py" line="146" name="test_volumes_inverse_wrong_arguments[&lt;lambda&gt;14]" time="0.00048160552978515625"><skipped message="Suite splitting in effect" type="pytest.skip">src/pymortests/affine_grid.py:146: Suite splitting in effect</skipped></testcase><testcase classname="src.pymortests.affine_grid" file="src/pymortests/affine_grid.py" line="146" name="test_volumes_inverse_wrong_arguments[&lt;lambda&gt;15]" time="0.0004031658172607422"><skipped message="Suite splitting in effect" type="pytest.skip">src/pymortests/affine_grid.py:146: Suite splitting in effect</skipped></testcase><testcase classname="src.pymortests.affine_grid" file="src/pymortests/affine_grid.py" line="146" name="test_volumes_inverse_wrong_arguments[&lt;lambda&gt;16]" time="0.0004296302795410156"><skipped message="Suite splitting in effect" type="pytest.skip">src/pymortests/affine_grid.py:146: Suite splitting in effect</skipped></testcase><testcase classname="src.pymortests.affine_grid" file="src/pymortests/affine_grid.py" line="146" name="test_volumes_inverse_wrong_arguments[&lt;lambda&gt;17]" time="0.0004391670227050781"><skipped message="Suite splitting in effect" type="pytest.skip">src/pymortests/affine_grid.py:146: Suite splitting in effect</skipped></testcase><testcase classname="src.pymortests.affine_grid" file="src/pymortests/affine_grid.py" line="146" name="test_volumes_inverse_wrong_arguments[&lt;lambda&gt;18]" time="0.0004239082336425781"><skipped message="Suite splitting in effect" type="pytest.skip">src/pymortests/affine_grid.py:146: Suite splitting in effect</skipped></testcase><testcase classname="src.pymortests.affine_grid" file="src/pymortests/affine_grid.py" line="146" name="test_volumes_inverse_wrong_arguments[&lt;lambda&gt;19]" time="0.00039315223693847656"><skipped message="Suite splitting in effect" type="pytest.skip">src/pymortests/affine_grid.py:146: Suite splitting in effect</skipped></testcase><testcase classname="src.pymortests.affine_grid" file="src/pymortests/affine_grid.py" line="146" name="test_volumes_inverse_wrong_arguments[&lt;lambda&gt;20]" time="0.0004258155822753906"><skipped message="Suite splitting in effect" type="pytest.skip">src/pymortests/affine_grid.py:146: Suite splitting in effect</skipped></testcase><testcase classname="src.pymortests.affine_grid" file="src/pymortests/affine_grid.py" line="146" name="test_volumes_inverse_wrong_arguments[&lt;lambda&gt;21]" time="0.0007059574127197266"><skipped message="Suite splitting in effect" type="pytest.skip">src/pymortests/affine_grid.py:146: Suite splitting in effect</skipped></testcase><testcase classname="src.pymortests.affine_grid" file="src/pymortests/affine_grid.py" line="146" name="test_volumes_inverse_wrong_arguments[&lt;lambda&gt;22]" time="0.00038909912109375"><skipped message="Suite splitting in effect" type="pytest.skip">src/pymortests/affine_grid.py:146: Suite splitting in effect</skipped></testcase><testcase classname="src.pymortests.affine_grid" file="src/pymortests/affine_grid.py" line="146" name="test_volumes_inverse_wrong_arguments[&lt;lambda&gt;23]" time="0.0004303455352783203"><skipped message="Suite splitting in effect" type="pytest.skip">src/pymortests/affine_grid.py:146: Suite splitting in effect</skipped></testcase><testcase classname="src.pymortests.affine_grid" file="src/pymortests/affine_grid.py" line="146" name="test_volumes_inverse_wrong_arguments[&lt;lambda&gt;24]" time="0.0003960132598876953"><skipped message="Suite splitting in effect" type="pytest.skip">src/pymortests/affine_grid.py:146: Suite splitting in effect</skipped></testcase><testcase classname="src.pymortests.affine_grid" file="src/pymortests/affine_grid.py" line="146" name="test_volumes_inverse_wrong_arguments[&lt;lambda&gt;25]" time="0.0003952980041503906"><skipped message="Suite splitting in effect" type="pytest.skip">src/pymortests/affine_grid.py:146: Suite splitting in effect</skipped></testcase><testcase classname="src.pymortests.affine_grid" file="src/pymortests/affine_grid.py" line="146" name="test_volumes_inverse_wrong_arguments[&lt;lambda&gt;26]" time="0.0004184246063232422"><skipped message="Suite splitting in effect" type="pytest.skip">src/pymortests/affine_grid.py:146: Suite splitting in effect</skipped></testcase><testcase classname="src.pymortests.affine_grid" file="src/pymortests/affine_grid.py" line="146" name="test_volumes_inverse_wrong_arguments[&lt;lambda&gt;27]" time="0.0003948211669921875"><skipped message="Suite splitting in effect" type="pytest.skip">src/pymortests/affine_grid.py:146: Suite splitting in effect</skipped></testcase><testcase classname="src.pymortests.affine_grid" file="src/pymortests/affine_grid.py" line="146" name="test_volumes_inverse_wrong_arguments[&lt;lambda&gt;28]" time="0.00041866302490234375"><skipped message="Suite splitting in effect" type="pytest.skip">src/pymortests/affine_grid.py:146: Suite splitting in effect</skipped></testcase><testcase classname="src.pymortests.affine_grid" file="src/pymortests/affine_grid.py" line="146" name="test_volumes_inverse_wrong_arguments[&lt;lambda&gt;29]" time="0.0004191398620605469"><skipped message="Suite splitting in effect" type="pytest.skip">src/pymortests/affine_grid.py:146: Suite splitting in effect</skipped></testcase><testcase classname="src.pymortests.affine_grid" file="src/pymortests/affine_grid.py" line="146" name="test_volumes_inverse_wrong_arguments[&lt;lambda&gt;30]" time="0.00041937828063964844"><skipped message="Suite splitting in effect" type="pytest.skip">src/pymortests/affine_grid.py:146: Suite splitting in effect</skipped></testcase><testcase classname="src.pymortests.affine_grid" file="src/pymortests/affine_grid.py" line="146" name="test_volumes_inverse_wrong_arguments[&lt;lambda&gt;31]" time="0.0003981590270996094"><skipped message="Suite splitting in effect" type="pytest.skip">src/pymortests/affine_grid.py:146: Suite splitting in effect</skipped></testcase><testcase classname="src.pymortests.affine_grid" file="src/pymortests/affine_grid.py" line="146" name="test_volumes_inverse_wrong_arguments[&lt;lambda&gt;32]" time="0.0004239082336425781"><skipped message="Suite splitting in effect" type="pytest.skip">src/pymortests/affine_grid.py:146: Suite splitting in effect</skipped></testcase><testcase classname="src.pymortests.affine_grid" file="src/pymortests/affine_grid.py" line="146" name="test_volumes_inverse_wrong_arguments[&lt;lambda&gt;33]" time="0.0004253387451171875"><skipped message="Suite splitting in effect" type="pytest.skip">src/pymortests/affine_grid.py:146: Suite splitting in effect</skipped></testcase><testcase classname="src.pymortests.affine_grid" file="src/pymortests/affine_grid.py" line="146" name="test_volumes_inverse_wrong_arguments[&lt;lambda&gt;34]" time="0.0004189014434814453"><skipped message="Suite splitting in effect" type="pytest.skip">src/pymortests/affine_grid.py:146: Suite splitting in effect</skipped></testcase><testcase classname="src.pymortests.affine_grid" file="src/pymortests/affine_grid.py" line="146" name="test_volumes_inverse_wrong_arguments[&lt;lambda&gt;35]" time="0.00048470497131347656"><skipped message="Suite splitting in effect" type="pytest.skip">src/pymortests/affine_grid.py:146: Suite splitting in effect</skipped></testcase><testcase classname="src.pymortests.affine_grid" file="src/pymortests/affine_grid.py" line="146" name="test_volumes_inverse_wrong_arguments[&lt;lambda&gt;36]" time="0.00044608116149902344"><skipped message="Suite splitting in effect" type="pytest.skip">src/pymortests/affine_grid.py:146: Suite splitting in effect</skipped></testcase><testcase classname="src.pymortests.affine_grid" file="src/pymortests/affine_grid.py" line="146" name="test_volumes_inverse_wrong_arguments[&lt;lambda&gt;37]" time="0.0003859996795654297"><skipped message="Suite splitting in effect" type="pytest.skip">src/pymortests/affine_grid.py:146: Suite splitting in effect</skipped></testcase><testcase classname="src.pymortests.affine_grid" file="src/pymortests/affine_grid.py" line="146" name="test_volumes_inverse_wrong_arguments[&lt;lambda&gt;38]" time="0.00040841102600097656"><skipped message="Suite splitting in effect" type="pytest.skip">src/pymortests/affine_grid.py:146: Suite splitting in effect</skipped></testcase><testcase classname="src.pymortests.affine_grid" file="src/pymortests/affine_grid.py" line="146" name="test_volumes_inverse_wrong_arguments[&lt;lambda&gt;39]" time="0.0004146099090576172"><skipped message="Suite splitting in effect" type="pytest.skip">src/pymortests/affine_grid.py:146: Suite splitting in effect</skipped></testcase><testcase classname="src.pymortests.affine_grid" file="src/pymortests/affine_grid.py" line="146" name="test_volumes_inverse_wrong_arguments[&lt;lambda&gt;40]" time="0.0003917217254638672"><skipped message="Suite splitting in effect" type="pytest.skip">src/pymortests/affine_grid.py:146: Suite splitting in effect</skipped></testcase><testcase classname="src.pymortests.affine_grid" file="src/pymortests/affine_grid.py" line="146" name="test_volumes_inverse_wrong_arguments[&lt;lambda&gt;41]" time="0.00038886070251464844"><skipped message="Suite splitting in effect" type="pytest.skip">src/pymortests/affine_grid.py:146: Suite splitting in effect</skipped></testcase><testcase classname="src.pymortests.affine_grid" file="src/pymortests/affine_grid.py" line="146" name="test_volumes_inverse_wrong_arguments[&lt;lambda&gt;42]" time="0.0003974437713623047"><skipped message="Suite splitting in effect" type="pytest.skip">src/pymortests/affine_grid.py:146: Suite splitting in effect</skipped></testcase><testcase classname="src.pymortests.affine_grid" file="src/pymortests/affine_grid.py" line="154" name="test_volumes_inverse_shape[&lt;lambda&gt;0]" time="0.0004169940948486328"><skipped message="Suite splitting in effect" type="pytest.skip">src/pymortests/affine_grid.py:154: Suite splitting in effect</skipped></testcase><testcase classname="src.pymortests.affine_grid" file="src/pymortests/affine_grid.py" line="154" name="test_volumes_inverse_shape[&lt;lambda&gt;1]" time="0.0004291534423828125"><skipped message="Suite splitting in effect" type="pytest.skip">src/pymortests/affine_grid.py:154: Suite splitting in effect</skipped></testcase><testcase classname="src.pymortests.affine_grid" file="src/pymortests/affine_grid.py" line="154" name="test_volumes_inverse_shape[&lt;lambda&gt;2]" time="0.00044655799865722656"><skipped message="Suite splitting in effect" type="pytest.skip">src/pymortests/affine_grid.py:154: Suite splitting in effect</skipped></testcase><testcase classname="src.pymortests.affine_grid" file="src/pymortests/affine_grid.py" line="154" name="test_volumes_inverse_shape[&lt;lambda&gt;3]" time="0.0004093647003173828"><skipped message="Suite splitting in effect" type="pytest.skip">src/pymortests/affine_grid.py:154: Suite splitting in effect</skipped></testcase><testcase classname="src.pymortests.affine_grid" file="src/pymortests/affine_grid.py" line="154" name="test_volumes_inverse_shape[&lt;lambda&gt;4]" time="0.0004203319549560547"><skipped message="Suite splitting in effect" type="pytest.skip">src/pymortests/affine_grid.py:154: Suite splitting in effect</skipped></testcase><testcase classname="src.pymortests.affine_grid" file="src/pymortests/affine_grid.py" line="154" name="test_volumes_inverse_shape[&lt;lambda&gt;5]" time="0.00042510032653808594"><skipped message="Suite splitting in effect" type="pytest.skip">src/pymortests/affine_grid.py:154: Suite splitting in effect</skipped></testcase><testcase classname="src.pymortests.affine_grid" file="src/pymortests/affine_grid.py" line="154" name="test_volumes_inverse_shape[&lt;lambda&gt;6]" time="0.00039696693420410156"><skipped message="Suite splitting in effect" type="pytest.skip">src/pymortests/affine_grid.py:154: Suite splitting in effect</skipped></testcase><testcase classname="src.pymortests.affine_grid" file="src/pymortests/affine_grid.py" line="154" name="test_volumes_inverse_shape[&lt;lambda&gt;7]" time="0.0004258155822753906"><skipped message="Suite splitting in effect" type="pytest.skip">src/pymortests/affine_grid.py:154: Suite splitting in effect</skipped></testcase><testcase classname="src.pymortests.affine_grid" file="src/pymortests/affine_grid.py" line="154" name="test_volumes_inverse_shape[&lt;lambda&gt;8]" time="0.0004749298095703125"><skipped message="Suite splitting in effect" type="pytest.skip">src/pymortests/affine_grid.py:154: Suite splitting in effect</skipped></testcase><testcase classname="src.pymortests.affine_grid" file="src/pymortests/affine_grid.py" line="154" name="test_volumes_inverse_shape[&lt;lambda&gt;9]" time="0.00045418739318847656"><skipped message="Suite splitting in effect" type="pytest.skip">src/pymortests/affine_grid.py:154: Suite splitting in effect</skipped></testcase><testcase classname="src.pymortests.affine_grid" file="src/pymortests/affine_grid.py" line="154" name="test_volumes_inverse_shape[&lt;lambda&gt;10]" time="0.0004062652587890625"><skipped message="Suite splitting in effect" type="pytest.skip">src/pymortests/affine_grid.py:154: Suite splitting in effect</skipped></testcase><testcase classname="src.pymortests.affine_grid" file="src/pymortests/affine_grid.py" line="154" name="test_volumes_inverse_shape[&lt;lambda&gt;11]" time="0.00039577484130859375"><skipped message="Suite splitting in effect" type="pytest.skip">src/pymortests/affine_grid.py:154: Suite splitting in effect</skipped></testcase><testcase classname="src.pymortests.affine_grid" file="src/pymortests/affine_grid.py" line="154" name="test_volumes_inverse_shape[&lt;lambda&gt;12]" time="0.0004220008850097656"><skipped message="Suite splitting in effect" type="pytest.skip">src/pymortests/affine_grid.py:154: Suite splitting in effect</skipped></testcase><testcase classname="src.pymortests.affine_grid" file="src/pymortests/affine_grid.py" line="154" name="test_volumes_inverse_shape[&lt;lambda&gt;13]" time="0.0004086494445800781"><skipped message="Suite splitting in effect" type="pytest.skip">src/pymortests/affine_grid.py:154: Suite splitting in effect</skipped></testcase><testcase classname="src.pymortests.affine_grid" file="src/pymortests/affine_grid.py" line="154" name="test_volumes_inverse_shape[&lt;lambda&gt;14]" time="0.0006623268127441406"><skipped message="Suite splitting in effect" type="pytest.skip">src/pymortests/affine_grid.py:154: Suite splitting in effect</skipped></testcase><testcase classname="src.pymortests.affine_grid" file="src/pymortests/affine_grid.py" line="154" name="test_volumes_inverse_shape[&lt;lambda&gt;15]" time="0.0004229545593261719"><skipped message="Suite splitting in effect" type="pytest.skip">src/pymortests/affine_grid.py:154: Suite splitting in effect</skipped></testcase><testcase classname="src.pymortests.affine_grid" file="src/pymortests/affine_grid.py" line="154" name="test_volumes_inverse_shape[&lt;lambda&gt;16]" time="0.00044274330139160156"><skipped message="Suite splitting in effect" type="pytest.skip">src/pymortests/affine_grid.py:154: Suite splitting in effect</skipped></testcase><testcase classname="src.pymortests.affine_grid" file="src/pymortests/affine_grid.py" line="154" name="test_volumes_inverse_shape[&lt;lambda&gt;17]" time="0.0004048347473144531"><skipped message="Suite splitting in effect" type="pytest.skip">src/pymortests/affine_grid.py:154: Suite splitting in effect</skipped></testcase><testcase classname="src.pymortests.affine_grid" file="src/pymortests/affine_grid.py" line="154" name="test_volumes_inverse_shape[&lt;lambda&gt;18]" time="0.0004696846008300781"><skipped message="Suite splitting in effect" type="pytest.skip">src/pymortests/affine_grid.py:154: Suite splitting in effect</skipped></testcase><testcase classname="src.pymortests.affine_grid" file="src/pymortests/affine_grid.py" line="154" name="test_volumes_inverse_shape[&lt;lambda&gt;19]" time="0.00042891502380371094"><skipped message="Suite splitting in effect" type="pytest.skip">src/pymortests/affine_grid.py:154: Suite splitting in effect</skipped></testcase><testcase classname="src.pymortests.affine_grid" file="src/pymortests/affine_grid.py" line="154" name="test_volumes_inverse_shape[&lt;lambda&gt;20]" time="0.0004162788391113281"><skipped message="Suite splitting in effect" type="pytest.skip">src/pymortests/affine_grid.py:154: Suite splitting in effect</skipped></testcase><testcase classname="src.pymortests.affine_grid" file="src/pymortests/affine_grid.py" line="154" name="test_volumes_inverse_shape[&lt;lambda&gt;21]" time="0.0003883838653564453"><skipped message="Suite splitting in effect" type="pytest.skip">src/pymortests/affine_grid.py:154: Suite splitting in effect</skipped></testcase><testcase classname="src.pymortests.affine_grid" file="src/pymortests/affine_grid.py" line="154" name="test_volumes_inverse_shape[&lt;lambda&gt;22]" time="0.00043845176696777344"><skipped message="Suite splitting in effect" type="pytest.skip">src/pymortests/affine_grid.py:154: Suite splitting in effect</skipped></testcase><testcase classname="src.pymortests.affine_grid" file="src/pymortests/affine_grid.py" line="154" name="test_volumes_inverse_shape[&lt;lambda&gt;23]" time="0.00040650367736816406"><skipped message="Suite splitting in effect" type="pytest.skip">src/pymortests/affine_grid.py:154: Suite splitting in effect</skipped></testcase><testcase classname="src.pymortests.affine_grid" file="src/pymortests/affine_grid.py" line="154" name="test_volumes_inverse_shape[&lt;lambda&gt;24]" time="0.0004229545593261719"><skipped message="Suite splitting in effect" type="pytest.skip">src/pymortests/affine_grid.py:154: Suite splitting in effect</skipped></testcase><testcase classname="src.pymortests.affine_grid" file="src/pymortests/affine_grid.py" line="154" name="test_volumes_inverse_shape[&lt;lambda&gt;25]" time="0.0003979206085205078"><skipped message="Suite splitting in effect" type="pytest.skip">src/pymortests/affine_grid.py:154: Suite splitting in effect</skipped></testcase><testcase classname="src.pymortests.affine_grid" file="src/pymortests/affine_grid.py" line="154" name="test_volumes_inverse_shape[&lt;lambda&gt;26]" time="0.00043010711669921875"><skipped message="Suite splitting in effect" type="pytest.skip">src/pymortests/affine_grid.py:154: Suite splitting in effect</skipped></testcase><testcase classname="src.pymortests.affine_grid" file="src/pymortests/affine_grid.py" line="154" name="test_volumes_inverse_shape[&lt;lambda&gt;27]" time="0.0003898143768310547"><skipped message="Suite splitting in effect" type="pytest.skip">src/pymortests/affine_grid.py:154: Suite splitting in effect</skipped></testcase><testcase classname="src.pymortests.affine_grid" file="src/pymortests/affine_grid.py" line="154" name="test_volumes_inverse_shape[&lt;lambda&gt;28]" time="0.0004134178161621094"><skipped message="Suite splitting in effect" type="pytest.skip">src/pymortests/affine_grid.py:154: Suite splitting in effect</skipped></testcase><testcase classname="src.pymortests.affine_grid" file="src/pymortests/affine_grid.py" line="154" name="test_volumes_inverse_shape[&lt;lambda&gt;29]" time="0.0004100799560546875"><skipped message="Suite splitting in effect" type="pytest.skip">src/pymortests/affine_grid.py:154: Suite splitting in effect</skipped></testcase><testcase classname="src.pymortests.affine_grid" file="src/pymortests/affine_grid.py" line="154" name="test_volumes_inverse_shape[&lt;lambda&gt;30]" time="0.0003962516784667969"><skipped message="Suite splitting in effect" type="pytest.skip">src/pymortests/affine_grid.py:154: Suite splitting in effect</skipped></testcase><testcase classname="src.pymortests.affine_grid" file="src/pymortests/affine_grid.py" line="154" name="test_volumes_inverse_shape[&lt;lambda&gt;31]" time="0.0003914833068847656"><skipped message="Suite splitting in effect" type="pytest.skip">src/pymortests/affine_grid.py:154: Suite splitting in effect</skipped></testcase><testcase classname="src.pymortests.affine_grid" file="src/pymortests/affine_grid.py" line="154" name="test_volumes_inverse_shape[&lt;lambda&gt;32]" time="0.0005338191986083984"><skipped message="Suite splitting in effect" type="pytest.skip">src/pymortests/affine_grid.py:154: Suite splitting in effect</skipped></testcase><testcase classname="src.pymortests.affine_grid" file="src/pymortests/affine_grid.py" line="154" name="test_volumes_inverse_shape[&lt;lambda&gt;33]" time="0.0003914833068847656"><skipped message="Suite splitting in effect" type="pytest.skip">src/pymortests/affine_grid.py:154: Suite splitting in effect</skipped></testcase><testcase classname="src.pymortests.affine_grid" file="src/pymortests/affine_grid.py" line="154" name="test_volumes_inverse_shape[&lt;lambda&gt;34]" time="0.0004439353942871094"><skipped message="Suite splitting in effect" type="pytest.skip">src/pymortests/affine_grid.py:154: Suite splitting in effect</skipped></testcase><testcase classname="src.pymortests.affine_grid" file="src/pymortests/affine_grid.py" line="154" name="test_volumes_inverse_shape[&lt;lambda&gt;35]" time="0.0004220008850097656"><skipped message="Suite splitting in effect" type="pytest.skip">src/pymortests/affine_grid.py:154: Suite splitting in effect</skipped></testcase><testcase classname="src.pymortests.affine_grid" file="src/pymortests/affine_grid.py" line="154" name="test_volumes_inverse_shape[&lt;lambda&gt;36]" time="0.00042891502380371094"><skipped message="Suite splitting in effect" type="pytest.skip">src/pymortests/affine_grid.py:154: Suite splitting in effect</skipped></testcase><testcase classname="src.pymortests.affine_grid" file="src/pymortests/affine_grid.py" line="154" name="test_volumes_inverse_shape[&lt;lambda&gt;37]" time="0.0004291534423828125"><skipped message="Suite splitting in effect" type="pytest.skip">src/pymortests/affine_grid.py:154: Suite splitting in effect</skipped></testcase><testcase classname="src.pymortests.affine_grid" file="src/pymortests/affine_grid.py" line="154" name="test_volumes_inverse_shape[&lt;lambda&gt;38]" time="0.0004265308380126953"><skipped message="Suite splitting in effect" type="pytest.skip">src/pymortests/affine_grid.py:154: Suite splitting in effect</skipped></testcase><testcase classname="src.pymortests.affine_grid" file="src/pymortests/affine_grid.py" line="154" name="test_volumes_inverse_shape[&lt;lambda&gt;39]" time="0.0004458427429199219"><skipped message="Suite splitting in effect" type="pytest.skip">src/pymortests/affine_grid.py:154: Suite splitting in effect</skipped></testcase><testcase classname="src.pymortests.affine_grid" file="src/pymortests/affine_grid.py" line="154" name="test_volumes_inverse_shape[&lt;lambda&gt;40]" time="0.0004298686981201172"><skipped message="Suite splitting in effect" type="pytest.skip">src/pymortests/affine_grid.py:154: Suite splitting in effect</skipped></testcase><testcase classname="src.pymortests.affine_grid" file="src/pymortests/affine_grid.py" line="154" name="test_volumes_inverse_shape[&lt;lambda&gt;41]" time="0.00041794776916503906"><skipped message="Suite splitting in effect" type="pytest.skip">src/pymortests/affine_grid.py:154: Suite splitting in effect</skipped></testcase><testcase classname="src.pymortests.affine_grid" file="src/pymortests/affine_grid.py" line="154" name="test_volumes_inverse_shape[&lt;lambda&gt;42]" time="0.00038743019104003906"><skipped message="Suite splitting in effect" type="pytest.skip">src/pymortests/affine_grid.py:154: Suite splitting in effect</skipped></testcase><testcase classname="src.pymortests.affine_grid" file="src/pymortests/affine_grid.py" line="160" name="test_volumes_inverse_values[&lt;lambda&gt;0]" time="0.0004992485046386719"><skipped message="Suite splitting in effect" type="pytest.skip">src/pymortests/affine_grid.py:160: Suite splitting in effect</skipped></testcase><testcase classname="src.pymortests.affine_grid" file="src/pymortests/affine_grid.py" line="160" name="test_volumes_inverse_values[&lt;lambda&gt;1]" time="0.0006306171417236328"><skipped message="Suite splitting in effect" type="pytest.skip">src/pymortests/affine_grid.py:160: Suite splitting in effect</skipped></testcase><testcase classname="src.pymortests.affine_grid" file="src/pymortests/affine_grid.py" line="160" name="test_volumes_inverse_values[&lt;lambda&gt;2]" time="0.0004954338073730469"><skipped message="Suite splitting in effect" type="pytest.skip">src/pymortests/affine_grid.py:160: Suite splitting in effect</skipped></testcase><testcase classname="src.pymortests.affine_grid" file="src/pymortests/affine_grid.py" line="160" name="test_volumes_inverse_values[&lt;lambda&gt;3]" time="0.0004754066467285156"><skipped message="Suite splitting in effect" type="pytest.skip">src/pymortests/affine_grid.py:160: Suite splitting in effect</skipped></testcase><testcase classname="src.pymortests.affine_grid" file="src/pymortests/affine_grid.py" line="160" name="test_volumes_inverse_values[&lt;lambda&gt;4]" time="0.0004017353057861328"><skipped message="Suite splitting in effect" type="pytest.skip">src/pymortests/affine_grid.py:160: Suite splitting in effect</skipped></testcase><testcase classname="src.pymortests.affine_grid" file="src/pymortests/affine_grid.py" line="160" name="test_volumes_inverse_values[&lt;lambda&gt;5]" time="0.0004508495330810547"><skipped message="Suite splitting in effect" type="pytest.skip">src/pymortests/affine_grid.py:160: Suite splitting in effect</skipped></testcase><testcase classname="src.pymortests.affine_grid" file="src/pymortests/affine_grid.py" line="160" name="test_volumes_inverse_values[&lt;lambda&gt;6]" time="0.0003998279571533203"><skipped message="Suite splitting in effect" type="pytest.skip">src/pymortests/affine_grid.py:160: Suite splitting in effect</skipped></testcase><testcase classname="src.pymortests.affine_grid" file="src/pymortests/affine_grid.py" line="160" name="test_volumes_inverse_values[&lt;lambda&gt;7]" time="0.0004100799560546875"><skipped message="Suite splitting in effect" type="pytest.skip">src/pymortests/affine_grid.py:160: Suite splitting in effect</skipped></testcase><testcase classname="src.pymortests.affine_grid" file="src/pymortests/affine_grid.py" line="160" name="test_volumes_inverse_values[&lt;lambda&gt;8]" time="0.0004360675811767578"><skipped message="Suite splitting in effect" type="pytest.skip">src/pymortests/affine_grid.py:160: Suite splitting in effect</skipped></testcase><testcase classname="src.pymortests.affine_grid" file="src/pymortests/affine_grid.py" line="160" name="test_volumes_inverse_values[&lt;lambda&gt;9]" time="0.0004069805145263672"><skipped message="Suite splitting in effect" type="pytest.skip">src/pymortests/affine_grid.py:160: Suite splitting in effect</skipped></testcase><testcase classname="src.pymortests.affine_grid" file="src/pymortests/affine_grid.py" line="160" name="test_volumes_inverse_values[&lt;lambda&gt;10]" time="0.0004546642303466797"><skipped message="Suite splitting in effect" type="pytest.skip">src/pymortests/affine_grid.py:160: Suite splitting in effect</skipped></testcase><testcase classname="src.pymortests.affine_grid" file="src/pymortests/affine_grid.py" line="160" name="test_volumes_inverse_values[&lt;lambda&gt;11]" time="0.00042629241943359375"><skipped message="Suite splitting in effect" type="pytest.skip">src/pymortests/affine_grid.py:160: Suite splitting in effect</skipped></testcase><testcase classname="src.pymortests.affine_grid" file="src/pymortests/affine_grid.py" line="160" name="test_volumes_inverse_values[&lt;lambda&gt;12]" time="0.0004553794860839844"><skipped message="Suite splitting in effect" type="pytest.skip">src/pymortests/affine_grid.py:160: Suite splitting in effect</skipped></testcase><testcase classname="src.pymortests.affine_grid" file="src/pymortests/affine_grid.py" line="160" name="test_volumes_inverse_values[&lt;lambda&gt;13]" time="0.0004024505615234375"><skipped message="Suite splitting in effect" type="pytest.skip">src/pymortests/affine_grid.py:160: Suite splitting in effect</skipped></testcase><testcase classname="src.pymortests.affine_grid" file="src/pymortests/affine_grid.py" line="160" name="test_volumes_inverse_values[&lt;lambda&gt;14]" time="0.0004630088806152344"><skipped message="Suite splitting in effect" type="pytest.skip">src/pymortests/affine_grid.py:160: Suite splitting in effect</skipped></testcase><testcase classname="src.pymortests.affine_grid" file="src/pymortests/affine_grid.py" line="160" name="test_volumes_inverse_values[&lt;lambda&gt;15]" time="0.0003941059112548828"><skipped message="Suite splitting in effect" type="pytest.skip">src/pymortests/affine_grid.py:160: Suite splitting in effect</skipped></testcase><testcase classname="src.pymortests.affine_grid" file="src/pymortests/affine_grid.py" line="160" name="test_volumes_inverse_values[&lt;lambda&gt;16]" time="0.0004200935363769531"><skipped message="Suite splitting in effect" type="pytest.skip">src/pymortests/affine_grid.py:160: Suite splitting in effect</skipped></testcase><testcase classname="src.pymortests.affine_grid" file="src/pymortests/affine_grid.py" line="160" name="test_volumes_inverse_values[&lt;lambda&gt;17]" time="0.00039076805114746094"><skipped message="Suite splitting in effect" type="pytest.skip">src/pymortests/affine_grid.py:160: Suite splitting in effect</skipped></testcase><testcase classname="src.pymortests.affine_grid" file="src/pymortests/affine_grid.py" line="160" name="test_volumes_inverse_values[&lt;lambda&gt;18]" time="0.00043129920959472656"><skipped message="Suite splitting in effect" type="pytest.skip">src/pymortests/affine_grid.py:160: Suite splitting in effect</skipped></testcase><testcase classname="src.pymortests.affine_grid" file="src/pymortests/affine_grid.py" line="160" name="test_volumes_inverse_values[&lt;lambda&gt;19]" time="0.0004220008850097656"><skipped message="Suite splitting in effect" type="pytest.skip">src/pymortests/affine_grid.py:160: Suite splitting in effect</skipped></testcase><testcase classname="src.pymortests.affine_grid" file="src/pymortests/affine_grid.py" line="160" name="test_volumes_inverse_values[&lt;lambda&gt;20]" time="0.0004935264587402344"><skipped message="Suite splitting in effect" type="pytest.skip">src/pymortests/affine_grid.py:160: Suite splitting in effect</skipped></testcase><testcase classname="src.pymortests.affine_grid" file="src/pymortests/affine_grid.py" line="160" name="test_volumes_inverse_values[&lt;lambda&gt;21]" time="0.00041961669921875"><skipped message="Suite splitting in effect" type="pytest.skip">src/pymortests/affine_grid.py:160: Suite splitting in effect</skipped></testcase><testcase classname="src.pymortests.affine_grid" file="src/pymortests/affine_grid.py" line="160" name="test_volumes_inverse_values[&lt;lambda&gt;22]" time="0.00040650367736816406"><skipped message="Suite splitting in effect" type="pytest.skip">src/pymortests/affine_grid.py:160: Suite splitting in effect</skipped></testcase><testcase classname="src.pymortests.affine_grid" file="src/pymortests/affine_grid.py" line="160" name="test_volumes_inverse_values[&lt;lambda&gt;23]" time="0.0004298686981201172"><skipped message="Suite splitting in effect" type="pytest.skip">src/pymortests/affine_grid.py:160: Suite splitting in effect</skipped></testcase><testcase classname="src.pymortests.affine_grid" file="src/pymortests/affine_grid.py" line="160" name="test_volumes_inverse_values[&lt;lambda&gt;24]" time="0.0003898143768310547"><skipped message="Suite splitting in effect" type="pytest.skip">src/pymortests/affine_grid.py:160: Suite splitting in effect</skipped></testcase><testcase classname="src.pymortests.affine_grid" file="src/pymortests/affine_grid.py" line="160" name="test_volumes_inverse_values[&lt;lambda&gt;25]" time="0.00042366981506347656"><skipped message="Suite splitting in effect" type="pytest.skip">src/pymortests/affine_grid.py:160: Suite splitting in effect</skipped></testcase><testcase classname="src.pymortests.affine_grid" file="src/pymortests/affine_grid.py" line="160" name="test_volumes_inverse_values[&lt;lambda&gt;26]" time="0.00042510032653808594"><skipped message="Suite splitting in effect" type="pytest.skip">src/pymortests/affine_grid.py:160: Suite splitting in effect</skipped></testcase><testcase classname="src.pymortests.affine_grid" file="src/pymortests/affine_grid.py" line="160" name="test_volumes_inverse_values[&lt;lambda&gt;27]" time="0.00043892860412597656"><skipped message="Suite splitting in effect" type="pytest.skip">src/pymortests/affine_grid.py:160: Suite splitting in effect</skipped></testcase><testcase classname="src.pymortests.affine_grid" file="src/pymortests/affine_grid.py" line="160" name="test_volumes_inverse_values[&lt;lambda&gt;28]" time="0.00043201446533203125"><skipped message="Suite splitting in effect" type="pytest.skip">src/pymortests/affine_grid.py:160: Suite splitting in effect</skipped></testcase><testcase classname="src.pymortests.affine_grid" file="src/pymortests/affine_grid.py" line="160" name="test_volumes_inverse_values[&lt;lambda&gt;29]" time="0.00042748451232910156"><skipped message="Suite splitting in effect" type="pytest.skip">src/pymortests/affine_grid.py:160: Suite splitting in effect</skipped></testcase><testcase classname="src.pymortests.affine_grid" file="src/pymortests/affine_grid.py" line="160" name="test_volumes_inverse_values[&lt;lambda&gt;30]" time="0.0007741451263427734"><skipped message="Suite splitting in effect" type="pytest.skip">src/pymortests/affine_grid.py:160: Suite splitting in effect</skipped></testcase><testcase classname="src.pymortests.affine_grid" file="src/pymortests/affine_grid.py" line="160" name="test_volumes_inverse_values[&lt;lambda&gt;31]" time="0.00040602684020996094"><skipped message="Suite splitting in effect" type="pytest.skip">src/pymortests/affine_grid.py:160: Suite splitting in effect</skipped></testcase><testcase classname="src.pymortests.affine_grid" file="src/pymortests/affine_grid.py" line="160" name="test_volumes_inverse_values[&lt;lambda&gt;32]" time="0.000423431396484375"><skipped message="Suite splitting in effect" type="pytest.skip">src/pymortests/affine_grid.py:160: Suite splitting in effect</skipped></testcase><testcase classname="src.pymortests.affine_grid" file="src/pymortests/affine_grid.py" line="160" name="test_volumes_inverse_values[&lt;lambda&gt;33]" time="0.00040721893310546875"><skipped message="Suite splitting in effect" type="pytest.skip">src/pymortests/affine_grid.py:160: Suite splitting in effect</skipped></testcase><testcase classname="src.pymortests.affine_grid" file="src/pymortests/affine_grid.py" line="160" name="test_volumes_inverse_values[&lt;lambda&gt;34]" time="0.0004220008850097656"><skipped message="Suite splitting in effect" type="pytest.skip">src/pymortests/affine_grid.py:160: Suite splitting in effect</skipped></testcase><testcase classname="src.pymortests.affine_grid" file="src/pymortests/affine_grid.py" line="160" name="test_volumes_inverse_values[&lt;lambda&gt;35]" time="0.0003898143768310547"><skipped message="Suite splitting in effect" type="pytest.skip">src/pymortests/affine_grid.py:160: Suite splitting in effect</skipped></testcase><testcase classname="src.pymortests.affine_grid" file="src/pymortests/affine_grid.py" line="160" name="test_volumes_inverse_values[&lt;lambda&gt;36]" time="0.00043511390686035156"><skipped message="Suite splitting in effect" type="pytest.skip">src/pymortests/affine_grid.py:160: Suite splitting in effect</skipped></testcase><testcase classname="src.pymortests.affine_grid" file="src/pymortests/affine_grid.py" line="160" name="test_volumes_inverse_values[&lt;lambda&gt;37]" time="0.0003955364227294922"><skipped message="Suite splitting in effect" type="pytest.skip">src/pymortests/affine_grid.py:160: Suite splitting in effect</skipped></testcase><testcase classname="src.pymortests.affine_grid" file="src/pymortests/affine_grid.py" line="160" name="test_volumes_inverse_values[&lt;lambda&gt;38]" time="0.00039458274841308594"><skipped message="Suite splitting in effect" type="pytest.skip">src/pymortests/affine_grid.py:160: Suite splitting in effect</skipped></testcase><testcase classname="src.pymortests.affine_grid" file="src/pymortests/affine_grid.py" line="160" name="test_volumes_inverse_values[&lt;lambda&gt;39]" time="0.00041675567626953125"><skipped message="Suite splitting in effect" type="pytest.skip">src/pymortests/affine_grid.py:160: Suite splitting in effect</skipped></testcase><testcase classname="src.pymortests.affine_grid" file="src/pymortests/affine_grid.py" line="160" name="test_volumes_inverse_values[&lt;lambda&gt;40]" time="0.00039887428283691406"><skipped message="Suite splitting in effect" type="pytest.skip">src/pymortests/affine_grid.py:160: Suite splitting in effect</skipped></testcase><testcase classname="src.pymortests.affine_grid" file="src/pymortests/affine_grid.py" line="160" name="test_volumes_inverse_values[&lt;lambda&gt;41]" time="0.00041937828063964844"><skipped message="Suite splitting in effect" type="pytest.skip">src/pymortests/affine_grid.py:160: Suite splitting in effect</skipped></testcase><testcase classname="src.pymortests.affine_grid" file="src/pymortests/affine_grid.py" line="160" name="test_volumes_inverse_values[&lt;lambda&gt;42]" time="0.0003883838653564453"><skipped message="Suite splitting in effect" type="pytest.skip">src/pymortests/affine_grid.py:160: Suite splitting in effect</skipped></testcase><testcase classname="src.pymortests.affine_grid" file="src/pymortests/affine_grid.py" line="168" name="test_unit_outer_normals_shape[&lt;lambda&gt;0]" time="0.00042128562927246094"><skipped message="Suite splitting in effect" type="pytest.skip">src/pymortests/affine_grid.py:168: Suite splitting in effect</skipped></testcase><testcase classname="src.pymortests.affine_grid" file="src/pymortests/affine_grid.py" line="168" name="test_unit_outer_normals_shape[&lt;lambda&gt;1]" time="0.0004143714904785156"><skipped message="Suite splitting in effect" type="pytest.skip">src/pymortests/affine_grid.py:168: Suite splitting in effect</skipped></testcase><testcase classname="src.pymortests.affine_grid" file="src/pymortests/affine_grid.py" line="168" name="test_unit_outer_normals_shape[&lt;lambda&gt;2]" time="0.0004668235778808594"><skipped message="Suite splitting in effect" type="pytest.skip">src/pymortests/affine_grid.py:168: Suite splitting in effect</skipped></testcase><testcase classname="src.pymortests.affine_grid" file="src/pymortests/affine_grid.py" line="168" name="test_unit_outer_normals_shape[&lt;lambda&gt;3]" time="0.00041556358337402344"><skipped message="Suite splitting in effect" type="pytest.skip">src/pymortests/affine_grid.py:168: Suite splitting in effect</skipped></testcase><testcase classname="src.pymortests.affine_grid" file="src/pymortests/affine_grid.py" line="168" name="test_unit_outer_normals_shape[&lt;lambda&gt;4]" time="0.00041985511779785156"><skipped message="Suite splitting in effect" type="pytest.skip">src/pymortests/affine_grid.py:168: Suite splitting in effect</skipped></testcase><testcase classname="src.pymortests.affine_grid" file="src/pymortests/affine_grid.py" line="168" name="test_unit_outer_normals_shape[&lt;lambda&gt;5]" time="0.0004057884216308594"><skipped message="Suite splitting in effect" type="pytest.skip">src/pymortests/affine_grid.py:168: Suite splitting in effect</skipped></testcase><testcase classname="src.pymortests.affine_grid" file="src/pymortests/affine_grid.py" line="168" name="test_unit_outer_normals_shape[&lt;lambda&gt;6]" time="0.0004322528839111328"><skipped message="Suite splitting in effect" type="pytest.skip">src/pymortests/affine_grid.py:168: Suite splitting in effect</skipped></testcase><testcase classname="src.pymortests.affine_grid" file="src/pymortests/affine_grid.py" line="168" name="test_unit_outer_normals_shape[&lt;lambda&gt;7]" time="0.0003910064697265625"><skipped message="Suite splitting in effect" type="pytest.skip">src/pymortests/affine_grid.py:168: Suite splitting in effect</skipped></testcase><testcase classname="src.pymortests.affine_grid" file="src/pymortests/affine_grid.py" line="168" name="test_unit_outer_normals_shape[&lt;lambda&gt;8]" time="0.0004296302795410156"><skipped message="Suite splitting in effect" type="pytest.skip">src/pymortests/affine_grid.py:168: Suite splitting in effect</skipped></testcase><testcase classname="src.pymortests.affine_grid" file="src/pymortests/affine_grid.py" line="168" name="test_unit_outer_normals_shape[&lt;lambda&gt;9]" time="0.0004246234893798828"><skipped message="Suite splitting in effect" type="pytest.skip">src/pymortests/affine_grid.py:168: Suite splitting in effect</skipped></testcase><testcase classname="src.pymortests.affine_grid" file="src/pymortests/affine_grid.py" line="168" name="test_unit_outer_normals_shape[&lt;lambda&gt;10]" time="0.00041556358337402344"><skipped message="Suite splitting in effect" type="pytest.skip">src/pymortests/affine_grid.py:168: Suite splitting in effect</skipped></testcase><testcase classname="src.pymortests.affine_grid" file="src/pymortests/affine_grid.py" line="168" name="test_unit_outer_normals_shape[&lt;lambda&gt;11]" time="0.0004482269287109375"><skipped message="Suite splitting in effect" type="pytest.skip">src/pymortests/affine_grid.py:168: Suite splitting in effect</skipped></testcase><testcase classname="src.pymortests.affine_grid" file="src/pymortests/affine_grid.py" line="168" name="test_unit_outer_normals_shape[&lt;lambda&gt;12]" time="0.00041103363037109375"><skipped message="Suite splitting in effect" type="pytest.skip">src/pymortests/affine_grid.py:168: Suite splitting in effect</skipped></testcase><testcase classname="src.pymortests.affine_grid" file="src/pymortests/affine_grid.py" line="168" name="test_unit_outer_normals_shape[&lt;lambda&gt;13]" time="0.00041985511779785156"><skipped message="Suite splitting in effect" type="pytest.skip">src/pymortests/affine_grid.py:168: Suite splitting in effect</skipped></testcase><testcase classname="src.pymortests.affine_grid" file="src/pymortests/affine_grid.py" line="168" name="test_unit_outer_normals_shape[&lt;lambda&gt;14]" time="0.0003962516784667969"><skipped message="Suite splitting in effect" type="pytest.skip">src/pymortests/affine_grid.py:168: Suite splitting in effect</skipped></testcase><testcase classname="src.pymortests.affine_grid" file="src/pymortests/affine_grid.py" line="168" name="test_unit_outer_normals_shape[&lt;lambda&gt;15]" time="0.0005688667297363281"><skipped message="Suite splitting in effect" type="pytest.skip">src/pymortests/affine_grid.py:168: Suite splitting in effect</skipped></testcase><testcase classname="src.pymortests.affine_grid" file="src/pymortests/affine_grid.py" line="168" name="test_unit_outer_normals_shape[&lt;lambda&gt;16]" time="0.0003941059112548828"><skipped message="Suite splitting in effect" type="pytest.skip">src/pymortests/affine_grid.py:168: Suite splitting in effect</skipped></testcase><testcase classname="src.pymortests.affine_grid" file="src/pymortests/affine_grid.py" line="168" name="test_unit_outer_normals_shape[&lt;lambda&gt;17]" time="0.0003910064697265625"><skipped message="Suite splitting in effect" type="pytest.skip">src/pymortests/affine_grid.py:168: Suite splitting in effect</skipped></testcase><testcase classname="src.pymortests.affine_grid" file="src/pymortests/affine_grid.py" line="168" name="test_unit_outer_normals_shape[&lt;lambda&gt;18]" time="0.00042557716369628906"><skipped message="Suite splitting in effect" type="pytest.skip">src/pymortests/affine_grid.py:168: Suite splitting in effect</skipped></testcase><testcase classname="src.pymortests.affine_grid" file="src/pymortests/affine_grid.py" line="168" name="test_unit_outer_normals_shape[&lt;lambda&gt;19]" time="0.00040411949157714844"><skipped message="Suite splitting in effect" type="pytest.skip">src/pymortests/affine_grid.py:168: Suite splitting in effect</skipped></testcase><testcase classname="src.pymortests.affine_grid" file="src/pymortests/affine_grid.py" line="168" name="test_unit_outer_normals_shape[&lt;lambda&gt;20]" time="0.0004107952117919922"><skipped message="Suite splitting in effect" type="pytest.skip">src/pymortests/affine_grid.py:168: Suite splitting in effect</skipped></testcase><testcase classname="src.pymortests.affine_grid" file="src/pymortests/affine_grid.py" line="168" name="test_unit_outer_normals_shape[&lt;lambda&gt;21]" time="0.0003857612609863281"><skipped message="Suite splitting in effect" type="pytest.skip">src/pymortests/affine_grid.py:168: Suite splitting in effect</skipped></testcase><testcase classname="src.pymortests.affine_grid" file="src/pymortests/affine_grid.py" line="168" name="test_unit_outer_normals_shape[&lt;lambda&gt;22]" time="0.0004165172576904297"><skipped message="Suite splitting in effect" type="pytest.skip">src/pymortests/affine_grid.py:168: Suite splitting in effect</skipped></testcase><testcase classname="src.pymortests.affine_grid" file="src/pymortests/affine_grid.py" line="168" name="test_unit_outer_normals_shape[&lt;lambda&gt;23]" time="0.00042939186096191406"><skipped message="Suite splitting in effect" type="pytest.skip">src/pymortests/affine_grid.py:168: Suite splitting in effect</skipped></testcase><testcase classname="src.pymortests.affine_grid" file="src/pymortests/affine_grid.py" line="168" name="test_unit_outer_normals_shape[&lt;lambda&gt;24]" time="0.0004286766052246094"><skipped message="Suite splitting in effect" type="pytest.skip">src/pymortests/affine_grid.py:168: Suite splitting in effect</skipped></testcase><testcase classname="src.pymortests.affine_grid" file="src/pymortests/affine_grid.py" line="168" name="test_unit_outer_normals_shape[&lt;lambda&gt;25]" time="0.0003955364227294922"><skipped message="Suite splitting in effect" type="pytest.skip">src/pymortests/affine_grid.py:168: Suite splitting in effect</skipped></testcase><testcase classname="src.pymortests.affine_grid" file="src/pymortests/affine_grid.py" line="168" name="test_unit_outer_normals_shape[&lt;lambda&gt;26]" time="0.0003924369812011719"><skipped message="Suite splitting in effect" type="pytest.skip">src/pymortests/affine_grid.py:168: Suite splitting in effect</skipped></testcase><testcase classname="src.pymortests.affine_grid" file="src/pymortests/affine_grid.py" line="168" name="test_unit_outer_normals_shape[&lt;lambda&gt;27]" time="0.0004239082336425781"><skipped message="Suite splitting in effect" type="pytest.skip">src/pymortests/affine_grid.py:168: Suite splitting in effect</skipped></testcase><testcase classname="src.pymortests.affine_grid" file="src/pymortests/affine_grid.py" line="168" name="test_unit_outer_normals_shape[&lt;lambda&gt;28]" time="0.00047659873962402344"><skipped message="Suite splitting in effect" type="pytest.skip">src/pymortests/affine_grid.py:168: Suite splitting in effect</skipped></testcase><testcase classname="src.pymortests.affine_grid" file="src/pymortests/affine_grid.py" line="168" name="test_unit_outer_normals_shape[&lt;lambda&gt;29]" time="0.00045299530029296875"><skipped message="Suite splitting in effect" type="pytest.skip">src/pymortests/affine_grid.py:168: Suite splitting in effect</skipped></testcase><testcase classname="src.pymortests.affine_grid" file="src/pymortests/affine_grid.py" line="168" name="test_unit_outer_normals_shape[&lt;lambda&gt;30]" time="0.00039696693420410156"><skipped message="Suite splitting in effect" type="pytest.skip">src/pymortests/affine_grid.py:168: Suite splitting in effect</skipped></testcase><testcase classname="src.pymortests.affine_grid" file="src/pymortests/affine_grid.py" line="168" name="test_unit_outer_normals_shape[&lt;lambda&gt;31]" time="0.0004324913024902344"><skipped message="Suite splitting in effect" type="pytest.skip">src/pymortests/affine_grid.py:168: Suite splitting in effect</skipped></testcase><testcase classname="src.pymortests.affine_grid" file="src/pymortests/affine_grid.py" line="168" name="test_unit_outer_normals_shape[&lt;lambda&gt;32]" time="0.00041031837463378906"><skipped message="Suite splitting in effect" type="pytest.skip">src/pymortests/affine_grid.py:168: Suite splitting in effect</skipped></testcase><testcase classname="src.pymortests.affine_grid" file="src/pymortests/affine_grid.py" line="168" name="test_unit_outer_normals_shape[&lt;lambda&gt;33]" time="0.0004303455352783203"><skipped message="Suite splitting in effect" type="pytest.skip">src/pymortests/affine_grid.py:168: Suite splitting in effect</skipped></testcase><testcase classname="src.pymortests.affine_grid" file="src/pymortests/affine_grid.py" line="168" name="test_unit_outer_normals_shape[&lt;lambda&gt;34]" time="0.00044465065002441406"><skipped message="Suite splitting in effect" type="pytest.skip">src/pymortests/affine_grid.py:168: Suite splitting in effect</skipped></testcase><testcase classname="src.pymortests.affine_grid" file="src/pymortests/affine_grid.py" line="168" name="test_unit_outer_normals_shape[&lt;lambda&gt;35]" time="0.00042366981506347656"><skipped message="Suite splitting in effect" type="pytest.skip">src/pymortests/affine_grid.py:168: Suite splitting in effect</skipped></testcase><testcase classname="src.pymortests.affine_grid" file="src/pymortests/affine_grid.py" line="168" name="test_unit_outer_normals_shape[&lt;lambda&gt;36]" time="0.00040030479431152344"><skipped message="Suite splitting in effect" type="pytest.skip">src/pymortests/affine_grid.py:168: Suite splitting in effect</skipped></testcase><testcase classname="src.pymortests.affine_grid" file="src/pymortests/affine_grid.py" line="168" name="test_unit_outer_normals_shape[&lt;lambda&gt;37]" time="0.0003948211669921875"><skipped message="Suite splitting in effect" type="pytest.skip">src/pymortests/affine_grid.py:168: Suite splitting in effect</skipped></testcase><testcase classname="src.pymortests.affine_grid" file="src/pymortests/affine_grid.py" line="168" name="test_unit_outer_normals_shape[&lt;lambda&gt;38]" time="0.0003914833068847656"><skipped message="Suite splitting in effect" type="pytest.skip">src/pymortests/affine_grid.py:168: Suite splitting in effect</skipped></testcase><testcase classname="src.pymortests.affine_grid" file="src/pymortests/affine_grid.py" line="168" name="test_unit_outer_normals_shape[&lt;lambda&gt;39]" time="0.00042128562927246094"><skipped message="Suite splitting in effect" type="pytest.skip">src/pymortests/affine_grid.py:168: Suite splitting in effect</skipped></testcase><testcase classname="src.pymortests.affine_grid" file="src/pymortests/affine_grid.py" line="168" name="test_unit_outer_normals_shape[&lt;lambda&gt;40]" time="0.00039386749267578125"><skipped message="Suite splitting in effect" type="pytest.skip">src/pymortests/affine_grid.py:168: Suite splitting in effect</skipped></testcase><testcase classname="src.pymortests.affine_grid" file="src/pymortests/affine_grid.py" line="168" name="test_unit_outer_normals_shape[&lt;lambda&gt;41]" time="0.00040149688720703125"><skipped message="Suite splitting in effect" type="pytest.skip">src/pymortests/affine_grid.py:168: Suite splitting in effect</skipped></testcase><testcase classname="src.pymortests.affine_grid" file="src/pymortests/affine_grid.py" line="168" name="test_unit_outer_normals_shape[&lt;lambda&gt;42]" time="0.00039696693420410156"><skipped message="Suite splitting in effect" type="pytest.skip">src/pymortests/affine_grid.py:168: Suite splitting in effect</skipped></testcase><testcase classname="src.pymortests.affine_grid" file="src/pymortests/affine_grid.py" line="174" name="test_unit_outer_normals_normed[&lt;lambda&gt;0]" time="0.0004162788391113281"><skipped message="Suite splitting in effect" type="pytest.skip">src/pymortests/affine_grid.py:174: Suite splitting in effect</skipped></testcase><testcase classname="src.pymortests.affine_grid" file="src/pymortests/affine_grid.py" line="174" name="test_unit_outer_normals_normed[&lt;lambda&gt;1]" time="0.00038814544677734375"><skipped message="Suite splitting in effect" type="pytest.skip">src/pymortests/affine_grid.py:174: Suite splitting in effect</skipped></testcase><testcase classname="src.pymortests.affine_grid" file="src/pymortests/affine_grid.py" line="174" name="test_unit_outer_normals_normed[&lt;lambda&gt;2]" time="0.00041675567626953125"><skipped message="Suite splitting in effect" type="pytest.skip">src/pymortests/affine_grid.py:174: Suite splitting in effect</skipped></testcase><testcase classname="src.pymortests.affine_grid" file="src/pymortests/affine_grid.py" line="174" name="test_unit_outer_normals_normed[&lt;lambda&gt;3]" time="0.0005297660827636719"><skipped message="Suite splitting in effect" type="pytest.skip">src/pymortests/affine_grid.py:174: Suite splitting in effect</skipped></testcase><testcase classname="src.pymortests.affine_grid" file="src/pymortests/affine_grid.py" line="174" name="test_unit_outer_normals_normed[&lt;lambda&gt;4]" time="0.00041365623474121094"><skipped message="Suite splitting in effect" type="pytest.skip">src/pymortests/affine_grid.py:174: Suite splitting in effect</skipped></testcase><testcase classname="src.pymortests.affine_grid" file="src/pymortests/affine_grid.py" line="174" name="test_unit_outer_normals_normed[&lt;lambda&gt;5]" time="0.00047397613525390625"><skipped message="Suite splitting in effect" type="pytest.skip">src/pymortests/affine_grid.py:174: Suite splitting in effect</skipped></testcase><testcase classname="src.pymortests.affine_grid" file="src/pymortests/affine_grid.py" line="174" name="test_unit_outer_normals_normed[&lt;lambda&gt;6]" time="0.0005118846893310547"><skipped message="Suite splitting in effect" type="pytest.skip">src/pymortests/affine_grid.py:174: Suite splitting in effect</skipped></testcase><testcase classname="src.pymortests.affine_grid" file="src/pymortests/affine_grid.py" line="174" name="test_unit_outer_normals_normed[&lt;lambda&gt;7]" time="0.000583648681640625"><skipped message="Suite splitting in effect" type="pytest.skip">src/pymortests/affine_grid.py:174: Suite splitting in effect</skipped></testcase><testcase classname="src.pymortests.affine_grid" file="src/pymortests/affine_grid.py" line="174" name="test_unit_outer_normals_normed[&lt;lambda&gt;8]" time="0.0004456043243408203"><skipped message="Suite splitting in effect" type="pytest.skip">src/pymortests/affine_grid.py:174: Suite splitting in effect</skipped></testcase><testcase classname="src.pymortests.affine_grid" file="src/pymortests/affine_grid.py" line="174" name="test_unit_outer_normals_normed[&lt;lambda&gt;9]" time="0.00047278404235839844"><skipped message="Suite splitting in effect" type="pytest.skip">src/pymortests/affine_grid.py:174: Suite splitting in effect</skipped></testcase><testcase classname="src.pymortests.affine_grid" file="src/pymortests/affine_grid.py" line="174" name="test_unit_outer_normals_normed[&lt;lambda&gt;10]" time="0.0003924369812011719"><skipped message="Suite splitting in effect" type="pytest.skip">src/pymortests/affine_grid.py:174: Suite splitting in effect</skipped></testcase><testcase classname="src.pymortests.affine_grid" file="src/pymortests/affine_grid.py" line="174" name="test_unit_outer_normals_normed[&lt;lambda&gt;11]" time="0.0004429817199707031"><skipped message="Suite splitting in effect" type="pytest.skip">src/pymortests/affine_grid.py:174: Suite splitting in effect</skipped></testcase><testcase classname="src.pymortests.affine_grid" file="src/pymortests/affine_grid.py" line="174" name="test_unit_outer_normals_normed[&lt;lambda&gt;12]" time="0.0003933906555175781"><skipped message="Suite splitting in effect" type="pytest.skip">src/pymortests/affine_grid.py:174: Suite splitting in effect</skipped></testcase><testcase classname="src.pymortests.affine_grid" file="src/pymortests/affine_grid.py" line="174" name="test_unit_outer_normals_normed[&lt;lambda&gt;13]" time="0.0003952980041503906"><skipped message="Suite splitting in effect" type="pytest.skip">src/pymortests/affine_grid.py:174: Suite splitting in effect</skipped></testcase><testcase classname="src.pymortests.affine_grid" file="src/pymortests/affine_grid.py" line="174" name="test_unit_outer_normals_normed[&lt;lambda&gt;14]" time="0.00039887428283691406"><skipped message="Suite splitting in effect" type="pytest.skip">src/pymortests/affine_grid.py:174: Suite splitting in effect</skipped></testcase><testcase classname="src.pymortests.affine_grid" file="src/pymortests/affine_grid.py" line="174" name="test_unit_outer_normals_normed[&lt;lambda&gt;15]" time="0.0003972053527832031"><skipped message="Suite splitting in effect" type="pytest.skip">src/pymortests/affine_grid.py:174: Suite splitting in effect</skipped></testcase><testcase classname="src.pymortests.affine_grid" file="src/pymortests/affine_grid.py" line="174" name="test_unit_outer_normals_normed[&lt;lambda&gt;16]" time="0.0004215240478515625"><skipped message="Suite splitting in effect" type="pytest.skip">src/pymortests/affine_grid.py:174: Suite splitting in effect</skipped></testcase><testcase classname="src.pymortests.affine_grid" file="src/pymortests/affine_grid.py" line="174" name="test_unit_outer_normals_normed[&lt;lambda&gt;17]" time="0.0004260540008544922"><skipped message="Suite splitting in effect" type="pytest.skip">src/pymortests/affine_grid.py:174: Suite splitting in effect</skipped></testcase><testcase classname="src.pymortests.affine_grid" file="src/pymortests/affine_grid.py" line="174" name="test_unit_outer_normals_normed[&lt;lambda&gt;18]" time="0.0004169940948486328"><skipped message="Suite splitting in effect" type="pytest.skip">src/pymortests/affine_grid.py:174: Suite splitting in effect</skipped></testcase><testcase classname="src.pymortests.affine_grid" file="src/pymortests/affine_grid.py" line="174" name="test_unit_outer_normals_normed[&lt;lambda&gt;19]" time="0.00039577484130859375"><skipped message="Suite splitting in effect" type="pytest.skip">src/pymortests/affine_grid.py:174: Suite splitting in effect</skipped></testcase><testcase classname="src.pymortests.affine_grid" file="src/pymortests/affine_grid.py" line="174" name="test_unit_outer_normals_normed[&lt;lambda&gt;20]" time="0.00039076805114746094"><skipped message="Suite splitting in effect" type="pytest.skip">src/pymortests/affine_grid.py:174: Suite splitting in effect</skipped></testcase><testcase classname="src.pymortests.affine_grid" file="src/pymortests/affine_grid.py" line="174" name="test_unit_outer_normals_normed[&lt;lambda&gt;21]" time="0.0004572868347167969"><skipped message="Suite splitting in effect" type="pytest.skip">src/pymortests/affine_grid.py:174: Suite splitting in effect</skipped></testcase><testcase classname="src.pymortests.affine_grid" file="src/pymortests/affine_grid.py" line="174" name="test_unit_outer_normals_normed[&lt;lambda&gt;22]" time="0.00039458274841308594"><skipped message="Suite splitting in effect" type="pytest.skip">src/pymortests/affine_grid.py:174: Suite splitting in effect</skipped></testcase><testcase classname="src.pymortests.affine_grid" file="src/pymortests/affine_grid.py" line="174" name="test_unit_outer_normals_normed[&lt;lambda&gt;23]" time="0.00045990943908691406"><skipped message="Suite splitting in effect" type="pytest.skip">src/pymortests/affine_grid.py:174: Suite splitting in effect</skipped></testcase><testcase classname="src.pymortests.affine_grid" file="src/pymortests/affine_grid.py" line="174" name="test_unit_outer_normals_normed[&lt;lambda&gt;24]" time="0.0004024505615234375"><skipped message="Suite splitting in effect" type="pytest.skip">src/pymortests/affine_grid.py:174: Suite splitting in effect</skipped></testcase><testcase classname="src.pymortests.affine_grid" file="src/pymortests/affine_grid.py" line="174" name="test_unit_outer_normals_normed[&lt;lambda&gt;25]" time="0.00042891502380371094"><skipped message="Suite splitting in effect" type="pytest.skip">src/pymortests/affine_grid.py:174: Suite splitting in effect</skipped></testcase><testcase classname="src.pymortests.affine_grid" file="src/pymortests/affine_grid.py" line="174" name="test_unit_outer_normals_normed[&lt;lambda&gt;26]" time="0.0004353523254394531"><skipped message="Suite splitting in effect" type="pytest.skip">src/pymortests/affine_grid.py:174: Suite splitting in effect</skipped></testcase><testcase classname="src.pymortests.affine_grid" file="src/pymortests/affine_grid.py" line="174" name="test_unit_outer_normals_normed[&lt;lambda&gt;27]" time="0.0005595684051513672"><skipped message="Suite splitting in effect" type="pytest.skip">src/pymortests/affine_grid.py:174: Suite splitting in effect</skipped></testcase><testcase classname="src.pymortests.affine_grid" file="src/pymortests/affine_grid.py" line="174" name="test_unit_outer_normals_normed[&lt;lambda&gt;28]" time="0.00046253204345703125"><skipped message="Suite splitting in effect" type="pytest.skip">src/pymortests/affine_grid.py:174: Suite splitting in effect</skipped></testcase><testcase classname="src.pymortests.affine_grid" file="src/pymortests/affine_grid.py" line="174" name="test_unit_outer_normals_normed[&lt;lambda&gt;29]" time="0.0004825592041015625"><skipped message="Suite splitting in effect" type="pytest.skip">src/pymortests/affine_grid.py:174: Suite splitting in effect</skipped></testcase><testcase classname="src.pymortests.affine_grid" file="src/pymortests/affine_grid.py" line="174" name="test_unit_outer_normals_normed[&lt;lambda&gt;30]" time="0.0004246234893798828"><skipped message="Suite splitting in effect" type="pytest.skip">src/pymortests/affine_grid.py:174: Suite splitting in effect</skipped></testcase><testcase classname="src.pymortests.affine_grid" file="src/pymortests/affine_grid.py" line="174" name="test_unit_outer_normals_normed[&lt;lambda&gt;31]" time="0.0004203319549560547"><skipped message="Suite splitting in effect" type="pytest.skip">src/pymortests/affine_grid.py:174: Suite splitting in effect</skipped></testcase><testcase classname="src.pymortests.affine_grid" file="src/pymortests/affine_grid.py" line="174" name="test_unit_outer_normals_normed[&lt;lambda&gt;32]" time="0.0003924369812011719"><skipped message="Suite splitting in effect" type="pytest.skip">src/pymortests/affine_grid.py:174: Suite splitting in effect</skipped></testcase><testcase classname="src.pymortests.affine_grid" file="src/pymortests/affine_grid.py" line="174" name="test_unit_outer_normals_normed[&lt;lambda&gt;33]" time="0.0004436969757080078"><skipped message="Suite splitting in effect" type="pytest.skip">src/pymortests/affine_grid.py:174: Suite splitting in effect</skipped></testcase><testcase classname="src.pymortests.affine_grid" file="src/pymortests/affine_grid.py" line="174" name="test_unit_outer_normals_normed[&lt;lambda&gt;34]" time="0.00041866302490234375"><skipped message="Suite splitting in effect" type="pytest.skip">src/pymortests/affine_grid.py:174: Suite splitting in effect</skipped></testcase><testcase classname="src.pymortests.affine_grid" file="src/pymortests/affine_grid.py" line="174" name="test_unit_outer_normals_normed[&lt;lambda&gt;35]" time="0.0005273818969726562"><skipped message="Suite splitting in effect" type="pytest.skip">src/pymortests/affine_grid.py:174: Suite splitting in effect</skipped></testcase><testcase classname="src.pymortests.affine_grid" file="src/pymortests/affine_grid.py" line="174" name="test_unit_outer_normals_normed[&lt;lambda&gt;36]" time="0.0003921985626220703"><skipped message="Suite splitting in effect" type="pytest.skip">src/pymortests/affine_grid.py:174: Suite splitting in effect</skipped></testcase><testcase classname="src.pymortests.affine_grid" file="src/pymortests/affine_grid.py" line="174" name="test_unit_outer_normals_normed[&lt;lambda&gt;37]" time="0.0004031658172607422"><skipped message="Suite splitting in effect" type="pytest.skip">src/pymortests/affine_grid.py:174: Suite splitting in effect</skipped></testcase><testcase classname="src.pymortests.affine_grid" file="src/pymortests/affine_grid.py" line="174" name="test_unit_outer_normals_normed[&lt;lambda&gt;38]" time="0.000396728515625"><skipped message="Suite splitting in effect" type="pytest.skip">src/pymortests/affine_grid.py:174: Suite splitting in effect</skipped></testcase><testcase classname="src.pymortests.affine_grid" file="src/pymortests/affine_grid.py" line="174" name="test_unit_outer_normals_normed[&lt;lambda&gt;39]" time="0.0006899833679199219"><skipped message="Suite splitting in effect" type="pytest.skip">src/pymortests/affine_grid.py:174: Suite splitting in effect</skipped></testcase><testcase classname="src.pymortests.affine_grid" file="src/pymortests/affine_grid.py" line="174" name="test_unit_outer_normals_normed[&lt;lambda&gt;40]" time="0.00038743019104003906"><skipped message="Suite splitting in effect" type="pytest.skip">src/pymortests/affine_grid.py:174: Suite splitting in effect</skipped></testcase><testcase classname="src.pymortests.affine_grid" file="src/pymortests/affine_grid.py" line="174" name="test_unit_outer_normals_normed[&lt;lambda&gt;41]" time="0.00041937828063964844"><skipped message="Suite splitting in effect" type="pytest.skip">src/pymortests/affine_grid.py:174: Suite splitting in effect</skipped></testcase><testcase classname="src.pymortests.affine_grid" file="src/pymortests/affine_grid.py" line="174" name="test_unit_outer_normals_normed[&lt;lambda&gt;42]" time="0.0003871917724609375"><skipped message="Suite splitting in effect" type="pytest.skip">src/pymortests/affine_grid.py:174: Suite splitting in effect</skipped></testcase><testcase classname="src.pymortests.affine_grid" file="src/pymortests/affine_grid.py" line="180" name="test_unit_outer_normals_normal[&lt;lambda&gt;0]" time="0.0004477500915527344"><skipped message="Suite splitting in effect" type="pytest.skip">src/pymortests/affine_grid.py:180: Suite splitting in effect</skipped></testcase><testcase classname="src.pymortests.affine_grid" file="src/pymortests/affine_grid.py" line="180" name="test_unit_outer_normals_normal[&lt;lambda&gt;1]" time="0.0004246234893798828"><skipped message="Suite splitting in effect" type="pytest.skip">src/pymortests/affine_grid.py:180: Suite splitting in effect</skipped></testcase><testcase classname="src.pymortests.affine_grid" file="src/pymortests/affine_grid.py" line="180" name="test_unit_outer_normals_normal[&lt;lambda&gt;2]" time="0.00043129920959472656"><skipped message="Suite splitting in effect" type="pytest.skip">src/pymortests/affine_grid.py:180: Suite splitting in effect</skipped></testcase><testcase classname="src.pymortests.affine_grid" file="src/pymortests/affine_grid.py" line="180" name="test_unit_outer_normals_normal[&lt;lambda&gt;3]" time="0.0003876686096191406"><skipped message="Suite splitting in effect" type="pytest.skip">src/pymortests/affine_grid.py:180: Suite splitting in effect</skipped></testcase><testcase classname="src.pymortests.affine_grid" file="src/pymortests/affine_grid.py" line="180" name="test_unit_outer_normals_normal[&lt;lambda&gt;4]" time="0.0004093647003173828"><skipped message="Suite splitting in effect" type="pytest.skip">src/pymortests/affine_grid.py:180: Suite splitting in effect</skipped></testcase><testcase classname="src.pymortests.affine_grid" file="src/pymortests/affine_grid.py" line="180" name="test_unit_outer_normals_normal[&lt;lambda&gt;5]" time="0.0004227161407470703"><skipped message="Suite splitting in effect" type="pytest.skip">src/pymortests/affine_grid.py:180: Suite splitting in effect</skipped></testcase><testcase classname="src.pymortests.affine_grid" file="src/pymortests/affine_grid.py" line="180" name="test_unit_outer_normals_normal[&lt;lambda&gt;6]" time="0.00039076805114746094"><skipped message="Suite splitting in effect" type="pytest.skip">src/pymortests/affine_grid.py:180: Suite splitting in effect</skipped></testcase><testcase classname="src.pymortests.affine_grid" file="src/pymortests/affine_grid.py" line="180" name="test_unit_outer_normals_normal[&lt;lambda&gt;7]" time="0.0004222393035888672"><skipped message="Suite splitting in effect" type="pytest.skip">src/pymortests/affine_grid.py:180: Suite splitting in effect</skipped></testcase><testcase classname="src.pymortests.affine_grid" file="src/pymortests/affine_grid.py" line="180" name="test_unit_outer_normals_normal[&lt;lambda&gt;8]" time="0.0004241466522216797"><skipped message="Suite splitting in effect" type="pytest.skip">src/pymortests/affine_grid.py:180: Suite splitting in effect</skipped></testcase><testcase classname="src.pymortests.affine_grid" file="src/pymortests/affine_grid.py" line="180" name="test_unit_outer_normals_normal[&lt;lambda&gt;9]" time="0.0004253387451171875"><skipped message="Suite splitting in effect" type="pytest.skip">src/pymortests/affine_grid.py:180: Suite splitting in effect</skipped></testcase><testcase classname="src.pymortests.affine_grid" file="src/pymortests/affine_grid.py" line="180" name="test_unit_outer_normals_normal[&lt;lambda&gt;10]" time="0.00042891502380371094"><skipped message="Suite splitting in effect" type="pytest.skip">src/pymortests/affine_grid.py:180: Suite splitting in effect</skipped></testcase><testcase classname="src.pymortests.affine_grid" file="src/pymortests/affine_grid.py" line="180" name="test_unit_outer_normals_normal[&lt;lambda&gt;11]" time="0.00044417381286621094"><skipped message="Suite splitting in effect" type="pytest.skip">src/pymortests/affine_grid.py:180: Suite splitting in effect</skipped></testcase><testcase classname="src.pymortests.affine_grid" file="src/pymortests/affine_grid.py" line="180" name="test_unit_outer_normals_normal[&lt;lambda&gt;12]" time="0.000385284423828125"><skipped message="Suite splitting in effect" type="pytest.skip">src/pymortests/affine_grid.py:180: Suite splitting in effect</skipped></testcase><testcase classname="src.pymortests.affine_grid" file="src/pymortests/affine_grid.py" line="180" name="test_unit_outer_normals_normal[&lt;lambda&gt;13]" time="0.0004220008850097656"><skipped message="Suite splitting in effect" type="pytest.skip">src/pymortests/affine_grid.py:180: Suite splitting in effect</skipped></testcase><testcase classname="src.pymortests.affine_grid" file="src/pymortests/affine_grid.py" line="180" name="test_unit_outer_normals_normal[&lt;lambda&gt;14]" time="0.00041365623474121094"><skipped message="Suite splitting in effect" type="pytest.skip">src/pymortests/affine_grid.py:180: Suite splitting in effect</skipped></testcase><testcase classname="src.pymortests.affine_grid" file="src/pymortests/affine_grid.py" line="180" name="test_unit_outer_normals_normal[&lt;lambda&gt;15]" time="0.0003948211669921875"><skipped message="Suite splitting in effect" type="pytest.skip">src/pymortests/affine_grid.py:180: Suite splitting in effect</skipped></testcase><testcase classname="src.pymortests.affine_grid" file="src/pymortests/affine_grid.py" line="180" name="test_unit_outer_normals_normal[&lt;lambda&gt;16]" time="0.0004076957702636719"><skipped message="Suite splitting in effect" type="pytest.skip">src/pymortests/affine_grid.py:180: Suite splitting in effect</skipped></testcase><testcase classname="src.pymortests.affine_grid" file="src/pymortests/affine_grid.py" line="180" name="test_unit_outer_normals_normal[&lt;lambda&gt;17]" time="0.0004024505615234375"><skipped message="Suite splitting in effect" type="pytest.skip">src/pymortests/affine_grid.py:180: Suite splitting in effect</skipped></testcase><testcase classname="src.pymortests.affine_grid" file="src/pymortests/affine_grid.py" line="180" name="test_unit_outer_normals_normal[&lt;lambda&gt;18]" time="0.00041294097900390625"><skipped message="Suite splitting in effect" type="pytest.skip">src/pymortests/affine_grid.py:180: Suite splitting in effect</skipped></testcase><testcase classname="src.pymortests.affine_grid" file="src/pymortests/affine_grid.py" line="180" name="test_unit_outer_normals_normal[&lt;lambda&gt;19]" time="0.00045871734619140625"><skipped message="Suite splitting in effect" type="pytest.skip">src/pymortests/affine_grid.py:180: Suite splitting in effect</skipped></testcase><testcase classname="src.pymortests.affine_grid" file="src/pymortests/affine_grid.py" line="180" name="test_unit_outer_normals_normal[&lt;lambda&gt;20]" time="0.0005502700805664062"><skipped message="Suite splitting in effect" type="pytest.skip">src/pymortests/affine_grid.py:180: Suite splitting in effect</skipped></testcase><testcase classname="src.pymortests.affine_grid" file="src/pymortests/affine_grid.py" line="180" name="test_unit_outer_normals_normal[&lt;lambda&gt;21]" time="0.00045299530029296875"><skipped message="Suite splitting in effect" type="pytest.skip">src/pymortests/affine_grid.py:180: Suite splitting in effect</skipped></testcase><testcase classname="src.pymortests.affine_grid" file="src/pymortests/affine_grid.py" line="180" name="test_unit_outer_normals_normal[&lt;lambda&gt;22]" time="0.00039577484130859375"><skipped message="Suite splitting in effect" type="pytest.skip">src/pymortests/affine_grid.py:180: Suite splitting in effect</skipped></testcase><testcase classname="src.pymortests.affine_grid" file="src/pymortests/affine_grid.py" line="180" name="test_unit_outer_normals_normal[&lt;lambda&gt;23]" time="0.0003943443298339844"><skipped message="Suite splitting in effect" type="pytest.skip">src/pymortests/affine_grid.py:180: Suite splitting in effect</skipped></testcase><testcase classname="src.pymortests.affine_grid" file="src/pymortests/affine_grid.py" line="180" name="test_unit_outer_normals_normal[&lt;lambda&gt;24]" time="0.00042438507080078125"><skipped message="Suite splitting in effect" type="pytest.skip">src/pymortests/affine_grid.py:180: Suite splitting in effect</skipped></testcase><testcase classname="src.pymortests.affine_grid" file="src/pymortests/affine_grid.py" line="180" name="test_unit_outer_normals_normal[&lt;lambda&gt;25]" time="0.000392913818359375"><skipped message="Suite splitting in effect" type="pytest.skip">src/pymortests/affine_grid.py:180: Suite splitting in effect</skipped></testcase><testcase classname="src.pymortests.affine_grid" file="src/pymortests/affine_grid.py" line="180" name="test_unit_outer_normals_normal[&lt;lambda&gt;26]" time="0.0004076957702636719"><skipped message="Suite splitting in effect" type="pytest.skip">src/pymortests/affine_grid.py:180: Suite splitting in effect</skipped></testcase><testcase classname="src.pymortests.affine_grid" file="src/pymortests/affine_grid.py" line="180" name="test_unit_outer_normals_normal[&lt;lambda&gt;27]" time="0.0004534721374511719"><skipped message="Suite splitting in effect" type="pytest.skip">src/pymortests/affine_grid.py:180: Suite splitting in effect</skipped></testcase><testcase classname="src.pymortests.affine_grid" file="src/pymortests/affine_grid.py" line="180" name="test_unit_outer_normals_normal[&lt;lambda&gt;28]" time="0.00042724609375"><skipped message="Suite splitting in effect" type="pytest.skip">src/pymortests/affine_grid.py:180: Suite splitting in effect</skipped></testcase><testcase classname="src.pymortests.affine_grid" file="src/pymortests/affine_grid.py" line="180" name="test_unit_outer_normals_normal[&lt;lambda&gt;29]" time="0.00051116943359375"><skipped message="Suite splitting in effect" type="pytest.skip">src/pymortests/affine_grid.py:180: Suite splitting in effect</skipped></testcase><testcase classname="src.pymortests.affine_grid" file="src/pymortests/affine_grid.py" line="180" name="test_unit_outer_normals_normal[&lt;lambda&gt;30]" time="0.0006120204925537109"><skipped message="Suite splitting in effect" type="pytest.skip">src/pymortests/affine_grid.py:180: Suite splitting in effect</skipped></testcase><testcase classname="src.pymortests.affine_grid" file="src/pymortests/affine_grid.py" line="180" name="test_unit_outer_normals_normal[&lt;lambda&gt;31]" time="0.0004980564117431641"><skipped message="Suite splitting in effect" type="pytest.skip">src/pymortests/affine_grid.py:180: Suite splitting in effect</skipped></testcase><testcase classname="src.pymortests.affine_grid" file="src/pymortests/affine_grid.py" line="180" name="test_unit_outer_normals_normal[&lt;lambda&gt;32]" time="0.00041985511779785156"><skipped message="Suite splitting in effect" type="pytest.skip">src/pymortests/affine_grid.py:180: Suite splitting in effect</skipped></testcase><testcase classname="src.pymortests.affine_grid" file="src/pymortests/affine_grid.py" line="180" name="test_unit_outer_normals_normal[&lt;lambda&gt;33]" time="0.00041174888610839844"><skipped message="Suite splitting in effect" type="pytest.skip">src/pymortests/affine_grid.py:180: Suite splitting in effect</skipped></testcase><testcase classname="src.pymortests.affine_grid" file="src/pymortests/affine_grid.py" line="180" name="test_unit_outer_normals_normal[&lt;lambda&gt;34]" time="0.000766754150390625"><skipped message="Suite splitting in effect" type="pytest.skip">src/pymortests/affine_grid.py:180: Suite splitting in effect</skipped></testcase><testcase classname="src.pymortests.affine_grid" file="src/pymortests/affine_grid.py" line="180" name="test_unit_outer_normals_normal[&lt;lambda&gt;35]" time="0.0004801750183105469"><skipped message="Suite splitting in effect" type="pytest.skip">src/pymortests/affine_grid.py:180: Suite splitting in effect</skipped></testcase><testcase classname="src.pymortests.affine_grid" file="src/pymortests/affine_grid.py" line="180" name="test_unit_outer_normals_normal[&lt;lambda&gt;36]" time="0.0004074573516845703"><skipped message="Suite splitting in effect" type="pytest.skip">src/pymortests/affine_grid.py:180: Suite splitting in effect</skipped></testcase><testcase classname="src.pymortests.affine_grid" file="src/pymortests/affine_grid.py" line="180" name="test_unit_outer_normals_normal[&lt;lambda&gt;37]" time="0.0005228519439697266"><skipped message="Suite splitting in effect" type="pytest.skip">src/pymortests/affine_grid.py:180: Suite splitting in effect</skipped></testcase><testcase classname="src.pymortests.affine_grid" file="src/pymortests/affine_grid.py" line="180" name="test_unit_outer_normals_normal[&lt;lambda&gt;38]" time="0.00045371055603027344"><skipped message="Suite splitting in effect" type="pytest.skip">src/pymortests/affine_grid.py:180: Suite splitting in effect</skipped></testcase><testcase classname="src.pymortests.affine_grid" file="src/pymortests/affine_grid.py" line="180" name="test_unit_outer_normals_normal[&lt;lambda&gt;39]" time="0.0004038810729980469"><skipped message="Suite splitting in effect" type="pytest.skip">src/pymortests/affine_grid.py:180: Suite splitting in effect</skipped></testcase><testcase classname="src.pymortests.affine_grid" file="src/pymortests/affine_grid.py" line="180" name="test_unit_outer_normals_normal[&lt;lambda&gt;40]" time="0.00042438507080078125"><skipped message="Suite splitting in effect" type="pytest.skip">src/pymortests/affine_grid.py:180: Suite splitting in effect</skipped></testcase><testcase classname="src.pymortests.affine_grid" file="src/pymortests/affine_grid.py" line="180" name="test_unit_outer_normals_normal[&lt;lambda&gt;41]" time="0.0004448890686035156"><skipped message="Suite splitting in effect" type="pytest.skip">src/pymortests/affine_grid.py:180: Suite splitting in effect</skipped></testcase><testcase classname="src.pymortests.affine_grid" file="src/pymortests/affine_grid.py" line="180" name="test_unit_outer_normals_normal[&lt;lambda&gt;42]" time="0.00039577484130859375"><skipped message="Suite splitting in effect" type="pytest.skip">src/pymortests/affine_grid.py:180: Suite splitting in effect</skipped></testcase><testcase classname="src.pymortests.affine_grid" file="src/pymortests/affine_grid.py" line="189" name="test_unit_outer_normals_neighbours[&lt;lambda&gt;0]" time="0.00039768218994140625"><skipped message="Suite splitting in effect" type="pytest.skip">src/pymortests/affine_grid.py:189: Suite splitting in effect</skipped></testcase><testcase classname="src.pymortests.affine_grid" file="src/pymortests/affine_grid.py" line="189" name="test_unit_outer_normals_neighbours[&lt;lambda&gt;1]" time="0.00043773651123046875"><skipped message="Suite splitting in effect" type="pytest.skip">src/pymortests/affine_grid.py:189: Suite splitting in effect</skipped></testcase><testcase classname="src.pymortests.affine_grid" file="src/pymortests/affine_grid.py" line="189" name="test_unit_outer_normals_neighbours[&lt;lambda&gt;2]" time="0.000408172607421875"><skipped message="Suite splitting in effect" type="pytest.skip">src/pymortests/affine_grid.py:189: Suite splitting in effect</skipped></testcase><testcase classname="src.pymortests.affine_grid" file="src/pymortests/affine_grid.py" line="189" name="test_unit_outer_normals_neighbours[&lt;lambda&gt;3]" time="0.00041985511779785156"><skipped message="Suite splitting in effect" type="pytest.skip">src/pymortests/affine_grid.py:189: Suite splitting in effect</skipped></testcase><testcase classname="src.pymortests.affine_grid" file="src/pymortests/affine_grid.py" line="189" name="test_unit_outer_normals_neighbours[&lt;lambda&gt;4]" time="0.00043010711669921875"><skipped message="Suite splitting in effect" type="pytest.skip">src/pymortests/affine_grid.py:189: Suite splitting in effect</skipped></testcase><testcase classname="src.pymortests.affine_grid" file="src/pymortests/affine_grid.py" line="189" name="test_unit_outer_normals_neighbours[&lt;lambda&gt;5]" time="0.0003941059112548828"><skipped message="Suite splitting in effect" type="pytest.skip">src/pymortests/affine_grid.py:189: Suite splitting in effect</skipped></testcase><testcase classname="src.pymortests.affine_grid" file="src/pymortests/affine_grid.py" line="189" name="test_unit_outer_normals_neighbours[&lt;lambda&gt;6]" time="0.00043320655822753906"><skipped message="Suite splitting in effect" type="pytest.skip">src/pymortests/affine_grid.py:189: Suite splitting in effect</skipped></testcase><testcase classname="src.pymortests.affine_grid" file="src/pymortests/affine_grid.py" line="189" name="test_unit_outer_normals_neighbours[&lt;lambda&gt;7]" time="0.00039887428283691406"><skipped message="Suite splitting in effect" type="pytest.skip">src/pymortests/affine_grid.py:189: Suite splitting in effect</skipped></testcase><testcase classname="src.pymortests.affine_grid" file="src/pymortests/affine_grid.py" line="189" name="test_unit_outer_normals_neighbours[&lt;lambda&gt;8]" time="0.00039386749267578125"><skipped message="Suite splitting in effect" type="pytest.skip">src/pymortests/affine_grid.py:189: Suite splitting in effect</skipped></testcase><testcase classname="src.pymortests.affine_grid" file="src/pymortests/affine_grid.py" line="189" name="test_unit_outer_normals_neighbours[&lt;lambda&gt;9]" time="0.00042939186096191406"><skipped message="Suite splitting in effect" type="pytest.skip">src/pymortests/affine_grid.py:189: Suite splitting in effect</skipped></testcase><testcase classname="src.pymortests.affine_grid" file="src/pymortests/affine_grid.py" line="189" name="test_unit_outer_normals_neighbours[&lt;lambda&gt;10]" time="0.0004706382751464844"><skipped message="Suite splitting in effect" type="pytest.skip">src/pymortests/affine_grid.py:189: Suite splitting in effect</skipped></testcase><testcase classname="src.pymortests.affine_grid" file="src/pymortests/affine_grid.py" line="189" name="test_unit_outer_normals_neighbours[&lt;lambda&gt;11]" time="0.0003917217254638672"><skipped message="Suite splitting in effect" type="pytest.skip">src/pymortests/affine_grid.py:189: Suite splitting in effect</skipped></testcase><testcase classname="src.pymortests.affine_grid" file="src/pymortests/affine_grid.py" line="189" name="test_unit_outer_normals_neighbours[&lt;lambda&gt;12]" time="0.00040268898010253906"><skipped message="Suite splitting in effect" type="pytest.skip">src/pymortests/affine_grid.py:189: Suite splitting in effect</skipped></testcase><testcase classname="src.pymortests.affine_grid" file="src/pymortests/affine_grid.py" line="189" name="test_unit_outer_normals_neighbours[&lt;lambda&gt;13]" time="0.00045180320739746094"><skipped message="Suite splitting in effect" type="pytest.skip">src/pymortests/affine_grid.py:189: Suite splitting in effect</skipped></testcase><testcase classname="src.pymortests.affine_grid" file="src/pymortests/affine_grid.py" line="189" name="test_unit_outer_normals_neighbours[&lt;lambda&gt;14]" time="0.0004336833953857422"><skipped message="Suite splitting in effect" type="pytest.skip">src/pymortests/affine_grid.py:189: Suite splitting in effect</skipped></testcase><testcase classname="src.pymortests.affine_grid" file="src/pymortests/affine_grid.py" line="189" name="test_unit_outer_normals_neighbours[&lt;lambda&gt;15]" time="0.00043463706970214844"><skipped message="Suite splitting in effect" type="pytest.skip">src/pymortests/affine_grid.py:189: Suite splitting in effect</skipped></testcase><testcase classname="src.pymortests.affine_grid" file="src/pymortests/affine_grid.py" line="189" name="test_unit_outer_normals_neighbours[&lt;lambda&gt;16]" time="0.00040221214294433594"><skipped message="Suite splitting in effect" type="pytest.skip">src/pymortests/affine_grid.py:189: Suite splitting in effect</skipped></testcase><testcase classname="src.pymortests.affine_grid" file="src/pymortests/affine_grid.py" line="189" name="test_unit_outer_normals_neighbours[&lt;lambda&gt;17]" time="0.00046944618225097656"><skipped message="Suite splitting in effect" type="pytest.skip">src/pymortests/affine_grid.py:189: Suite splitting in effect</skipped></testcase><testcase classname="src.pymortests.affine_grid" file="src/pymortests/affine_grid.py" line="189" name="test_unit_outer_normals_neighbours[&lt;lambda&gt;18]" time="0.0003941059112548828"><skipped message="Suite splitting in effect" type="pytest.skip">src/pymortests/affine_grid.py:189: Suite splitting in effect</skipped></testcase><testcase classname="src.pymortests.affine_grid" file="src/pymortests/affine_grid.py" line="189" name="test_unit_outer_normals_neighbours[&lt;lambda&gt;19]" time="0.00038933753967285156"><skipped message="Suite splitting in effect" type="pytest.skip">src/pymortests/affine_grid.py:189: Suite splitting in effect</skipped></testcase><testcase classname="src.pymortests.affine_grid" file="src/pymortests/affine_grid.py" line="189" name="test_unit_outer_normals_neighbours[&lt;lambda&gt;20]" time="0.0004220008850097656"><skipped message="Suite splitting in effect" type="pytest.skip">src/pymortests/affine_grid.py:189: Suite splitting in effect</skipped></testcase><testcase classname="src.pymortests.affine_grid" file="src/pymortests/affine_grid.py" line="189" name="test_unit_outer_normals_neighbours[&lt;lambda&gt;21]" time="0.0004229545593261719"><skipped message="Suite splitting in effect" type="pytest.skip">src/pymortests/affine_grid.py:189: Suite splitting in effect</skipped></testcase><testcase classname="src.pymortests.affine_grid" file="src/pymortests/affine_grid.py" line="189" name="test_unit_outer_normals_neighbours[&lt;lambda&gt;22]" time="0.0004284381866455078"><skipped message="Suite splitting in effect" type="pytest.skip">src/pymortests/affine_grid.py:189: Suite splitting in effect</skipped></testcase><testcase classname="src.pymortests.affine_grid" file="src/pymortests/affine_grid.py" line="189" name="test_unit_outer_normals_neighbours[&lt;lambda&gt;23]" time="0.00039839744567871094"><skipped message="Suite splitting in effect" type="pytest.skip">src/pymortests/affine_grid.py:189: Suite splitting in effect</skipped></testcase><testcase classname="src.pymortests.affine_grid" file="src/pymortests/affine_grid.py" line="189" name="test_unit_outer_normals_neighbours[&lt;lambda&gt;24]" time="0.00040221214294433594"><skipped message="Suite splitting in effect" type="pytest.skip">src/pymortests/affine_grid.py:189: Suite splitting in effect</skipped></testcase><testcase classname="src.pymortests.affine_grid" file="src/pymortests/affine_grid.py" line="189" name="test_unit_outer_normals_neighbours[&lt;lambda&gt;25]" time="0.00042176246643066406"><skipped message="Suite splitting in effect" type="pytest.skip">src/pymortests/affine_grid.py:189: Suite splitting in effect</skipped></testcase><testcase classname="src.pymortests.affine_grid" file="src/pymortests/affine_grid.py" line="189" name="test_unit_outer_normals_neighbours[&lt;lambda&gt;26]" time="0.0004284381866455078"><skipped message="Suite splitting in effect" type="pytest.skip">src/pymortests/affine_grid.py:189: Suite splitting in effect</skipped></testcase><testcase classname="src.pymortests.affine_grid" file="src/pymortests/affine_grid.py" line="189" name="test_unit_outer_normals_neighbours[&lt;lambda&gt;27]" time="0.0004279613494873047"><skipped message="Suite splitting in effect" type="pytest.skip">src/pymortests/affine_grid.py:189: Suite splitting in effect</skipped></testcase><testcase classname="src.pymortests.affine_grid" file="src/pymortests/affine_grid.py" line="189" name="test_unit_outer_normals_neighbours[&lt;lambda&gt;28]" time="0.00039315223693847656"><skipped message="Suite splitting in effect" type="pytest.skip">src/pymortests/affine_grid.py:189: Suite splitting in effect</skipped></testcase><testcase classname="src.pymortests.affine_grid" file="src/pymortests/affine_grid.py" line="189" name="test_unit_outer_normals_neighbours[&lt;lambda&gt;29]" time="0.0004267692565917969"><skipped message="Suite splitting in effect" type="pytest.skip">src/pymortests/affine_grid.py:189: Suite splitting in effect</skipped></testcase><testcase classname="src.pymortests.affine_grid" file="src/pymortests/affine_grid.py" line="189" name="test_unit_outer_normals_neighbours[&lt;lambda&gt;30]" time="0.0003991127014160156"><skipped message="Suite splitting in effect" type="pytest.skip">src/pymortests/affine_grid.py:189: Suite splitting in effect</skipped></testcase><testcase classname="src.pymortests.affine_grid" file="src/pymortests/affine_grid.py" line="189" name="test_unit_outer_normals_neighbours[&lt;lambda&gt;31]" time="0.00042128562927246094"><skipped message="Suite splitting in effect" type="pytest.skip">src/pymortests/affine_grid.py:189: Suite splitting in effect</skipped></testcase><testcase classname="src.pymortests.affine_grid" file="src/pymortests/affine_grid.py" line="189" name="test_unit_outer_normals_neighbours[&lt;lambda&gt;32]" time="0.0004055500030517578"><skipped message="Suite splitting in effect" type="pytest.skip">src/pymortests/affine_grid.py:189: Suite splitting in effect</skipped></testcase><testcase classname="src.pymortests.affine_grid" file="src/pymortests/affine_grid.py" line="189" name="test_unit_outer_normals_neighbours[&lt;lambda&gt;33]" time="0.00038695335388183594"><skipped message="Suite splitting in effect" type="pytest.skip">src/pymortests/affine_grid.py:189: Suite splitting in effect</skipped></testcase><testcase classname="src.pymortests.affine_grid" file="src/pymortests/affine_grid.py" line="189" name="test_unit_outer_normals_neighbours[&lt;lambda&gt;34]" time="0.00039505958557128906"><skipped message="Suite splitting in effect" type="pytest.skip">src/pymortests/affine_grid.py:189: Suite splitting in effect</skipped></testcase><testcase classname="src.pymortests.affine_grid" file="src/pymortests/affine_grid.py" line="189" name="test_unit_outer_normals_neighbours[&lt;lambda&gt;35]" time="0.00040411949157714844"><skipped message="Suite splitting in effect" type="pytest.skip">src/pymortests/affine_grid.py:189: Suite splitting in effect</skipped></testcase><testcase classname="src.pymortests.affine_grid" file="src/pymortests/affine_grid.py" line="189" name="test_unit_outer_normals_neighbours[&lt;lambda&gt;36]" time="0.0004153251647949219"><skipped message="Suite splitting in effect" type="pytest.skip">src/pymortests/affine_grid.py:189: Suite splitting in effect</skipped></testcase><testcase classname="src.pymortests.affine_grid" file="src/pymortests/affine_grid.py" line="189" name="test_unit_outer_normals_neighbours[&lt;lambda&gt;37]" time="0.0003955364227294922"><skipped message="Suite splitting in effect" type="pytest.skip">src/pymortests/affine_grid.py:189: Suite splitting in effect</skipped></testcase><testcase classname="src.pymortests.affine_grid" file="src/pymortests/affine_grid.py" line="189" name="test_unit_outer_normals_neighbours[&lt;lambda&gt;38]" time="0.00044465065002441406"><skipped message="Suite splitting in effect" type="pytest.skip">src/pymortests/affine_grid.py:189: Suite splitting in effect</skipped></testcase><testcase classname="src.pymortests.affine_grid" file="src/pymortests/affine_grid.py" line="189" name="test_unit_outer_normals_neighbours[&lt;lambda&gt;39]" time="0.0004222393035888672"><skipped message="Suite splitting in effect" type="pytest.skip">src/pymortests/affine_grid.py:189: Suite splitting in effect</skipped></testcase><testcase classname="src.pymortests.affine_grid" file="src/pymortests/affine_grid.py" line="189" name="test_unit_outer_normals_neighbours[&lt;lambda&gt;40]" time="0.0004017353057861328"><skipped message="Suite splitting in effect" type="pytest.skip">src/pymortests/affine_grid.py:189: Suite splitting in effect</skipped></testcase><testcase classname="src.pymortests.affine_grid" file="src/pymortests/affine_grid.py" line="189" name="test_unit_outer_normals_neighbours[&lt;lambda&gt;41]" time="0.0004425048828125"><skipped message="Suite splitting in effect" type="pytest.skip">src/pymortests/affine_grid.py:189: Suite splitting in effect</skipped></testcase><testcase classname="src.pymortests.affine_grid" file="src/pymortests/affine_grid.py" line="189" name="test_unit_outer_normals_neighbours[&lt;lambda&gt;42]" time="0.0003914833068847656"><skipped message="Suite splitting in effect" type="pytest.skip">src/pymortests/affine_grid.py:189: Suite splitting in effect</skipped></testcase><testcase classname="src.pymortests.affine_grid" file="src/pymortests/affine_grid.py" line="202" name="test_centers_wrong_arguments[&lt;lambda&gt;0]" time="0.000423431396484375"><skipped message="Suite splitting in effect" type="pytest.skip">src/pymortests/affine_grid.py:202: Suite splitting in effect</skipped></testcase><testcase classname="src.pymortests.affine_grid" file="src/pymortests/affine_grid.py" line="202" name="test_centers_wrong_arguments[&lt;lambda&gt;1]" time="0.0004296302795410156"><skipped message="Suite splitting in effect" type="pytest.skip">src/pymortests/affine_grid.py:202: Suite splitting in effect</skipped></testcase><testcase classname="src.pymortests.affine_grid" file="src/pymortests/affine_grid.py" line="202" name="test_centers_wrong_arguments[&lt;lambda&gt;2]" time="0.00042128562927246094"><skipped message="Suite splitting in effect" type="pytest.skip">src/pymortests/affine_grid.py:202: Suite splitting in effect</skipped></testcase><testcase classname="src.pymortests.affine_grid" file="src/pymortests/affine_grid.py" line="202" name="test_centers_wrong_arguments[&lt;lambda&gt;3]" time="0.0005464553833007812"><skipped message="Suite splitting in effect" type="pytest.skip">src/pymortests/affine_grid.py:202: Suite splitting in effect</skipped></testcase><testcase classname="src.pymortests.affine_grid" file="src/pymortests/affine_grid.py" line="202" name="test_centers_wrong_arguments[&lt;lambda&gt;4]" time="0.0004062652587890625"><skipped message="Suite splitting in effect" type="pytest.skip">src/pymortests/affine_grid.py:202: Suite splitting in effect</skipped></testcase><testcase classname="src.pymortests.affine_grid" file="src/pymortests/affine_grid.py" line="202" name="test_centers_wrong_arguments[&lt;lambda&gt;5]" time="0.0006983280181884766"><skipped message="Suite splitting in effect" type="pytest.skip">src/pymortests/affine_grid.py:202: Suite splitting in effect</skipped></testcase><testcase classname="src.pymortests.affine_grid" file="src/pymortests/affine_grid.py" line="202" name="test_centers_wrong_arguments[&lt;lambda&gt;6]" time="0.0007519721984863281"><skipped message="Suite splitting in effect" type="pytest.skip">src/pymortests/affine_grid.py:202: Suite splitting in effect</skipped></testcase><testcase classname="src.pymortests.affine_grid" file="src/pymortests/affine_grid.py" line="202" name="test_centers_wrong_arguments[&lt;lambda&gt;7]" time="0.0005590915679931641"><skipped message="Suite splitting in effect" type="pytest.skip">src/pymortests/affine_grid.py:202: Suite splitting in effect</skipped></testcase><testcase classname="src.pymortests.affine_grid" file="src/pymortests/affine_grid.py" line="202" name="test_centers_wrong_arguments[&lt;lambda&gt;8]" time="0.0005862712860107422"><skipped message="Suite splitting in effect" type="pytest.skip">src/pymortests/affine_grid.py:202: Suite splitting in effect</skipped></testcase><testcase classname="src.pymortests.affine_grid" file="src/pymortests/affine_grid.py" line="202" name="test_centers_wrong_arguments[&lt;lambda&gt;9]" time="0.00045680999755859375"><skipped message="Suite splitting in effect" type="pytest.skip">src/pymortests/affine_grid.py:202: Suite splitting in effect</skipped></testcase><testcase classname="src.pymortests.affine_grid" file="src/pymortests/affine_grid.py" line="202" name="test_centers_wrong_arguments[&lt;lambda&gt;10]" time="0.0003991127014160156"><skipped message="Suite splitting in effect" type="pytest.skip">src/pymortests/affine_grid.py:202: Suite splitting in effect</skipped></testcase><testcase classname="src.pymortests.affine_grid" file="src/pymortests/affine_grid.py" line="202" name="test_centers_wrong_arguments[&lt;lambda&gt;11]" time="0.00045180320739746094"><skipped message="Suite splitting in effect" type="pytest.skip">src/pymortests/affine_grid.py:202: Suite splitting in effect</skipped></testcase><testcase classname="src.pymortests.affine_grid" file="src/pymortests/affine_grid.py" line="202" name="test_centers_wrong_arguments[&lt;lambda&gt;12]" time="0.0004076957702636719"><skipped message="Suite splitting in effect" type="pytest.skip">src/pymortests/affine_grid.py:202: Suite splitting in effect</skipped></testcase><testcase classname="src.pymortests.affine_grid" file="src/pymortests/affine_grid.py" line="202" name="test_centers_wrong_arguments[&lt;lambda&gt;13]" time="0.0004975795745849609"><skipped message="Suite splitting in effect" type="pytest.skip">src/pymortests/affine_grid.py:202: Suite splitting in effect</skipped></testcase><testcase classname="src.pymortests.affine_grid" file="src/pymortests/affine_grid.py" line="202" name="test_centers_wrong_arguments[&lt;lambda&gt;14]" time="0.00042366981506347656"><skipped message="Suite splitting in effect" type="pytest.skip">src/pymortests/affine_grid.py:202: Suite splitting in effect</skipped></testcase><testcase classname="src.pymortests.affine_grid" file="src/pymortests/affine_grid.py" line="202" name="test_centers_wrong_arguments[&lt;lambda&gt;15]" time="0.0004856586456298828"><skipped message="Suite splitting in effect" type="pytest.skip">src/pymortests/affine_grid.py:202: Suite splitting in effect</skipped></testcase><testcase classname="src.pymortests.affine_grid" file="src/pymortests/affine_grid.py" line="202" name="test_centers_wrong_arguments[&lt;lambda&gt;16]" time="0.000423431396484375"><skipped message="Suite splitting in effect" type="pytest.skip">src/pymortests/affine_grid.py:202: Suite splitting in effect</skipped></testcase><testcase classname="src.pymortests.affine_grid" file="src/pymortests/affine_grid.py" line="202" name="test_centers_wrong_arguments[&lt;lambda&gt;17]" time="0.000392913818359375"><skipped message="Suite splitting in effect" type="pytest.skip">src/pymortests/affine_grid.py:202: Suite splitting in effect</skipped></testcase><testcase classname="src.pymortests.affine_grid" file="src/pymortests/affine_grid.py" line="202" name="test_centers_wrong_arguments[&lt;lambda&gt;18]" time="0.0004315376281738281"><skipped message="Suite splitting in effect" type="pytest.skip">src/pymortests/affine_grid.py:202: Suite splitting in effect</skipped></testcase><testcase classname="src.pymortests.affine_grid" file="src/pymortests/affine_grid.py" line="202" name="test_centers_wrong_arguments[&lt;lambda&gt;19]" time="0.00042629241943359375"><skipped message="Suite splitting in effect" type="pytest.skip">src/pymortests/affine_grid.py:202: Suite splitting in effect</skipped></testcase><testcase classname="src.pymortests.affine_grid" file="src/pymortests/affine_grid.py" line="202" name="test_centers_wrong_arguments[&lt;lambda&gt;20]" time="0.0005366802215576172"><skipped message="Suite splitting in effect" type="pytest.skip">src/pymortests/affine_grid.py:202: Suite splitting in effect</skipped></testcase><testcase classname="src.pymortests.affine_grid" file="src/pymortests/affine_grid.py" line="202" name="test_centers_wrong_arguments[&lt;lambda&gt;21]" time="0.0003921985626220703"><skipped message="Suite splitting in effect" type="pytest.skip">src/pymortests/affine_grid.py:202: Suite splitting in effect</skipped></testcase><testcase classname="src.pymortests.affine_grid" file="src/pymortests/affine_grid.py" line="202" name="test_centers_wrong_arguments[&lt;lambda&gt;22]" time="0.0004146099090576172"><skipped message="Suite splitting in effect" type="pytest.skip">src/pymortests/affine_grid.py:202: Suite splitting in effect</skipped></testcase><testcase classname="src.pymortests.affine_grid" file="src/pymortests/affine_grid.py" line="202" name="test_centers_wrong_arguments[&lt;lambda&gt;23]" time="0.000396728515625"><skipped message="Suite splitting in effect" type="pytest.skip">src/pymortests/affine_grid.py:202: Suite splitting in effect</skipped></testcase><testcase classname="src.pymortests.affine_grid" file="src/pymortests/affine_grid.py" line="202" name="test_centers_wrong_arguments[&lt;lambda&gt;24]" time="0.0004189014434814453"><skipped message="Suite splitting in effect" type="pytest.skip">src/pymortests/affine_grid.py:202: Suite splitting in effect</skipped></testcase><testcase classname="src.pymortests.affine_grid" file="src/pymortests/affine_grid.py" line="202" name="test_centers_wrong_arguments[&lt;lambda&gt;25]" time="0.0004177093505859375"><skipped message="Suite splitting in effect" type="pytest.skip">src/pymortests/affine_grid.py:202: Suite splitting in effect</skipped></testcase><testcase classname="src.pymortests.affine_grid" file="src/pymortests/affine_grid.py" line="202" name="test_centers_wrong_arguments[&lt;lambda&gt;26]" time="0.00042891502380371094"><skipped message="Suite splitting in effect" type="pytest.skip">src/pymortests/affine_grid.py:202: Suite splitting in effect</skipped></testcase><testcase classname="src.pymortests.affine_grid" file="src/pymortests/affine_grid.py" line="202" name="test_centers_wrong_arguments[&lt;lambda&gt;27]" time="0.0004513263702392578"><skipped message="Suite splitting in effect" type="pytest.skip">src/pymortests/affine_grid.py:202: Suite splitting in effect</skipped></testcase><testcase classname="src.pymortests.affine_grid" file="src/pymortests/affine_grid.py" line="202" name="test_centers_wrong_arguments[&lt;lambda&gt;28]" time="0.00040602684020996094"><skipped message="Suite splitting in effect" type="pytest.skip">src/pymortests/affine_grid.py:202: Suite splitting in effect</skipped></testcase><testcase classname="src.pymortests.affine_grid" file="src/pymortests/affine_grid.py" line="202" name="test_centers_wrong_arguments[&lt;lambda&gt;29]" time="0.00041961669921875"><skipped message="Suite splitting in effect" type="pytest.skip">src/pymortests/affine_grid.py:202: Suite splitting in effect</skipped></testcase><testcase classname="src.pymortests.affine_grid" file="src/pymortests/affine_grid.py" line="202" name="test_centers_wrong_arguments[&lt;lambda&gt;30]" time="0.00038814544677734375"><skipped message="Suite splitting in effect" type="pytest.skip">src/pymortests/affine_grid.py:202: Suite splitting in effect</skipped></testcase><testcase classname="src.pymortests.affine_grid" file="src/pymortests/affine_grid.py" line="202" name="test_centers_wrong_arguments[&lt;lambda&gt;31]" time="0.0004215240478515625"><skipped message="Suite splitting in effect" type="pytest.skip">src/pymortests/affine_grid.py:202: Suite splitting in effect</skipped></testcase><testcase classname="src.pymortests.affine_grid" file="src/pymortests/affine_grid.py" line="202" name="test_centers_wrong_arguments[&lt;lambda&gt;32]" time="0.00042438507080078125"><skipped message="Suite splitting in effect" type="pytest.skip">src/pymortests/affine_grid.py:202: Suite splitting in effect</skipped></testcase><testcase classname="src.pymortests.affine_grid" file="src/pymortests/affine_grid.py" line="202" name="test_centers_wrong_arguments[&lt;lambda&gt;33]" time="0.0004241466522216797"><skipped message="Suite splitting in effect" type="pytest.skip">src/pymortests/affine_grid.py:202: Suite splitting in effect</skipped></testcase><testcase classname="src.pymortests.affine_grid" file="src/pymortests/affine_grid.py" line="202" name="test_centers_wrong_arguments[&lt;lambda&gt;34]" time="0.00042366981506347656"><skipped message="Suite splitting in effect" type="pytest.skip">src/pymortests/affine_grid.py:202: Suite splitting in effect</skipped></testcase><testcase classname="src.pymortests.affine_grid" file="src/pymortests/affine_grid.py" line="202" name="test_centers_wrong_arguments[&lt;lambda&gt;35]" time="0.00047206878662109375"><skipped message="Suite splitting in effect" type="pytest.skip">src/pymortests/affine_grid.py:202: Suite splitting in effect</skipped></testcase><testcase classname="src.pymortests.affine_grid" file="src/pymortests/affine_grid.py" line="202" name="test_centers_wrong_arguments[&lt;lambda&gt;36]" time="0.0004298686981201172"><skipped message="Suite splitting in effect" type="pytest.skip">src/pymortests/affine_grid.py:202: Suite splitting in effect</skipped></testcase><testcase classname="src.pymortests.affine_grid" file="src/pymortests/affine_grid.py" line="202" name="test_centers_wrong_arguments[&lt;lambda&gt;37]" time="0.0004189014434814453"><skipped message="Suite splitting in effect" type="pytest.skip">src/pymortests/affine_grid.py:202: Suite splitting in effect</skipped></testcase><testcase classname="src.pymortests.affine_grid" file="src/pymortests/affine_grid.py" line="202" name="test_centers_wrong_arguments[&lt;lambda&gt;38]" time="0.0003845691680908203"><skipped message="Suite splitting in effect" type="pytest.skip">src/pymortests/affine_grid.py:202: Suite splitting in effect</skipped></testcase><testcase classname="src.pymortests.affine_grid" file="src/pymortests/affine_grid.py" line="202" name="test_centers_wrong_arguments[&lt;lambda&gt;39]" time="0.00041675567626953125"><skipped message="Suite splitting in effect" type="pytest.skip">src/pymortests/affine_grid.py:202: Suite splitting in effect</skipped></testcase><testcase classname="src.pymortests.affine_grid" file="src/pymortests/affine_grid.py" line="202" name="test_centers_wrong_arguments[&lt;lambda&gt;40]" time="0.00039005279541015625"><skipped message="Suite splitting in effect" type="pytest.skip">src/pymortests/affine_grid.py:202: Suite splitting in effect</skipped></testcase><testcase classname="src.pymortests.affine_grid" file="src/pymortests/affine_grid.py" line="202" name="test_centers_wrong_arguments[&lt;lambda&gt;41]" time="0.0003895759582519531"><skipped message="Suite splitting in effect" type="pytest.skip">src/pymortests/affine_grid.py:202: Suite splitting in effect</skipped></testcase><testcase classname="src.pymortests.affine_grid" file="src/pymortests/affine_grid.py" line="202" name="test_centers_wrong_arguments[&lt;lambda&gt;42]" time="0.0004246234893798828"><skipped message="Suite splitting in effect" type="pytest.skip">src/pymortests/affine_grid.py:202: Suite splitting in effect</skipped></testcase><testcase classname="src.pymortests.affine_grid" file="src/pymortests/affine_grid.py" line="210" name="test_centers_shape[&lt;lambda&gt;0]" time="0.0003960132598876953"><skipped message="Suite splitting in effect" type="pytest.skip">src/pymortests/affine_grid.py:210: Suite splitting in effect</skipped></testcase><testcase classname="src.pymortests.affine_grid" file="src/pymortests/affine_grid.py" line="210" name="test_centers_shape[&lt;lambda&gt;1]" time="0.0003960132598876953"><skipped message="Suite splitting in effect" type="pytest.skip">src/pymortests/affine_grid.py:210: Suite splitting in effect</skipped></testcase><testcase classname="src.pymortests.affine_grid" file="src/pymortests/affine_grid.py" line="210" name="test_centers_shape[&lt;lambda&gt;2]" time="0.000423431396484375"><skipped message="Suite splitting in effect" type="pytest.skip">src/pymortests/affine_grid.py:210: Suite splitting in effect</skipped></testcase><testcase classname="src.pymortests.affine_grid" file="src/pymortests/affine_grid.py" line="210" name="test_centers_shape[&lt;lambda&gt;3]" time="0.0004527568817138672"><skipped message="Suite splitting in effect" type="pytest.skip">src/pymortests/affine_grid.py:210: Suite splitting in effect</skipped></testcase><testcase classname="src.pymortests.affine_grid" file="src/pymortests/affine_grid.py" line="210" name="test_centers_shape[&lt;lambda&gt;4]" time="0.0004229545593261719"><skipped message="Suite splitting in effect" type="pytest.skip">src/pymortests/affine_grid.py:210: Suite splitting in effect</skipped></testcase><testcase classname="src.pymortests.affine_grid" file="src/pymortests/affine_grid.py" line="210" name="test_centers_shape[&lt;lambda&gt;5]" time="0.00041604042053222656"><skipped message="Suite splitting in effect" type="pytest.skip">src/pymortests/affine_grid.py:210: Suite splitting in effect</skipped></testcase><testcase classname="src.pymortests.affine_grid" file="src/pymortests/affine_grid.py" line="210" name="test_centers_shape[&lt;lambda&gt;6]" time="0.0004210472106933594"><skipped message="Suite splitting in effect" type="pytest.skip">src/pymortests/affine_grid.py:210: Suite splitting in effect</skipped></testcase><testcase classname="src.pymortests.affine_grid" file="src/pymortests/affine_grid.py" line="210" name="test_centers_shape[&lt;lambda&gt;7]" time="0.0004057884216308594"><skipped message="Suite splitting in effect" type="pytest.skip">src/pymortests/affine_grid.py:210: Suite splitting in effect</skipped></testcase><testcase classname="src.pymortests.affine_grid" file="src/pymortests/affine_grid.py" line="210" name="test_centers_shape[&lt;lambda&gt;8]" time="0.00042819976806640625"><skipped message="Suite splitting in effect" type="pytest.skip">src/pymortests/affine_grid.py:210: Suite splitting in effect</skipped></testcase><testcase classname="src.pymortests.affine_grid" file="src/pymortests/affine_grid.py" line="210" name="test_centers_shape[&lt;lambda&gt;9]" time="0.0004596710205078125"><skipped message="Suite splitting in effect" type="pytest.skip">src/pymortests/affine_grid.py:210: Suite splitting in effect</skipped></testcase><testcase classname="src.pymortests.affine_grid" file="src/pymortests/affine_grid.py" line="210" name="test_centers_shape[&lt;lambda&gt;10]" time="0.0005288124084472656"><skipped message="Suite splitting in effect" type="pytest.skip">src/pymortests/affine_grid.py:210: Suite splitting in effect</skipped></testcase><testcase classname="src.pymortests.affine_grid" file="src/pymortests/affine_grid.py" line="210" name="test_centers_shape[&lt;lambda&gt;11]" time="0.0004138946533203125"><skipped message="Suite splitting in effect" type="pytest.skip">src/pymortests/affine_grid.py:210: Suite splitting in effect</skipped></testcase><testcase classname="src.pymortests.affine_grid" file="src/pymortests/affine_grid.py" line="210" name="test_centers_shape[&lt;lambda&gt;12]" time="0.00042819976806640625"><skipped message="Suite splitting in effect" type="pytest.skip">src/pymortests/affine_grid.py:210: Suite splitting in effect</skipped></testcase><testcase classname="src.pymortests.affine_grid" file="src/pymortests/affine_grid.py" line="210" name="test_centers_shape[&lt;lambda&gt;13]" time="0.00039577484130859375"><skipped message="Suite splitting in effect" type="pytest.skip">src/pymortests/affine_grid.py:210: Suite splitting in effect</skipped></testcase><testcase classname="src.pymortests.affine_grid" file="src/pymortests/affine_grid.py" line="210" name="test_centers_shape[&lt;lambda&gt;14]" time="0.0004425048828125"><skipped message="Suite splitting in effect" type="pytest.skip">src/pymortests/affine_grid.py:210: Suite splitting in effect</skipped></testcase><testcase classname="src.pymortests.affine_grid" file="src/pymortests/affine_grid.py" line="210" name="test_centers_shape[&lt;lambda&gt;15]" time="0.0003941059112548828"><skipped message="Suite splitting in effect" type="pytest.skip">src/pymortests/affine_grid.py:210: Suite splitting in effect</skipped></testcase><testcase classname="src.pymortests.affine_grid" file="src/pymortests/affine_grid.py" line="210" name="test_centers_shape[&lt;lambda&gt;16]" time="0.00044083595275878906"><skipped message="Suite splitting in effect" type="pytest.skip">src/pymortests/affine_grid.py:210: Suite splitting in effect</skipped></testcase><testcase classname="src.pymortests.affine_grid" file="src/pymortests/affine_grid.py" line="210" name="test_centers_shape[&lt;lambda&gt;17]" time="0.00041556358337402344"><skipped message="Suite splitting in effect" type="pytest.skip">src/pymortests/affine_grid.py:210: Suite splitting in effect</skipped></testcase><testcase classname="src.pymortests.affine_grid" file="src/pymortests/affine_grid.py" line="210" name="test_centers_shape[&lt;lambda&gt;18]" time="0.0003921985626220703"><skipped message="Suite splitting in effect" type="pytest.skip">src/pymortests/affine_grid.py:210: Suite splitting in effect</skipped></testcase><testcase classname="src.pymortests.affine_grid" file="src/pymortests/affine_grid.py" line="210" name="test_centers_shape[&lt;lambda&gt;19]" time="0.0004608631134033203"><skipped message="Suite splitting in effect" type="pytest.skip">src/pymortests/affine_grid.py:210: Suite splitting in effect</skipped></testcase><testcase classname="src.pymortests.affine_grid" file="src/pymortests/affine_grid.py" line="210" name="test_centers_shape[&lt;lambda&gt;20]" time="0.00041794776916503906"><skipped message="Suite splitting in effect" type="pytest.skip">src/pymortests/affine_grid.py:210: Suite splitting in effect</skipped></testcase><testcase classname="src.pymortests.affine_grid" file="src/pymortests/affine_grid.py" line="210" name="test_centers_shape[&lt;lambda&gt;21]" time="0.00042629241943359375"><skipped message="Suite splitting in effect" type="pytest.skip">src/pymortests/affine_grid.py:210: Suite splitting in effect</skipped></testcase><testcase classname="src.pymortests.affine_grid" file="src/pymortests/affine_grid.py" line="210" name="test_centers_shape[&lt;lambda&gt;22]" time="0.0004088878631591797"><skipped message="Suite splitting in effect" type="pytest.skip">src/pymortests/affine_grid.py:210: Suite splitting in effect</skipped></testcase><testcase classname="src.pymortests.affine_grid" file="src/pymortests/affine_grid.py" line="210" name="test_centers_shape[&lt;lambda&gt;23]" time="0.00048661231994628906"><skipped message="Suite splitting in effect" type="pytest.skip">src/pymortests/affine_grid.py:210: Suite splitting in effect</skipped></testcase><testcase classname="src.pymortests.affine_grid" file="src/pymortests/affine_grid.py" line="210" name="test_centers_shape[&lt;lambda&gt;24]" time="0.0003917217254638672"><skipped message="Suite splitting in effect" type="pytest.skip">src/pymortests/affine_grid.py:210: Suite splitting in effect</skipped></testcase><testcase classname="src.pymortests.affine_grid" file="src/pymortests/affine_grid.py" line="210" name="test_centers_shape[&lt;lambda&gt;25]" time="0.0004322528839111328"><skipped message="Suite splitting in effect" type="pytest.skip">src/pymortests/affine_grid.py:210: Suite splitting in effect</skipped></testcase><testcase classname="src.pymortests.affine_grid" file="src/pymortests/affine_grid.py" line="210" name="test_centers_shape[&lt;lambda&gt;26]" time="0.0003943443298339844"><skipped message="Suite splitting in effect" type="pytest.skip">src/pymortests/affine_grid.py:210: Suite splitting in effect</skipped></testcase><testcase classname="src.pymortests.affine_grid" file="src/pymortests/affine_grid.py" line="210" name="test_centers_shape[&lt;lambda&gt;27]" time="0.00041556358337402344"><skipped message="Suite splitting in effect" type="pytest.skip">src/pymortests/affine_grid.py:210: Suite splitting in effect</skipped></testcase><testcase classname="src.pymortests.affine_grid" file="src/pymortests/affine_grid.py" line="210" name="test_centers_shape[&lt;lambda&gt;28]" time="0.00042366981506347656"><skipped message="Suite splitting in effect" type="pytest.skip">src/pymortests/affine_grid.py:210: Suite splitting in effect</skipped></testcase><testcase classname="src.pymortests.affine_grid" file="src/pymortests/affine_grid.py" line="210" name="test_centers_shape[&lt;lambda&gt;29]" time="0.0004525184631347656"><skipped message="Suite splitting in effect" type="pytest.skip">src/pymortests/affine_grid.py:210: Suite splitting in effect</skipped></testcase><testcase classname="src.pymortests.affine_grid" file="src/pymortests/affine_grid.py" line="210" name="test_centers_shape[&lt;lambda&gt;30]" time="0.0004284381866455078"><skipped message="Suite splitting in effect" type="pytest.skip">src/pymortests/affine_grid.py:210: Suite splitting in effect</skipped></testcase><testcase classname="src.pymortests.affine_grid" file="src/pymortests/affine_grid.py" line="210" name="test_centers_shape[&lt;lambda&gt;31]" time="0.0004317760467529297"><skipped message="Suite splitting in effect" type="pytest.skip">src/pymortests/affine_grid.py:210: Suite splitting in effect</skipped></testcase><testcase classname="src.pymortests.affine_grid" file="src/pymortests/affine_grid.py" line="210" name="test_centers_shape[&lt;lambda&gt;32]" time="0.0004291534423828125"><skipped message="Suite splitting in effect" type="pytest.skip">src/pymortests/affine_grid.py:210: Suite splitting in effect</skipped></testcase><testcase classname="src.pymortests.affine_grid" file="src/pymortests/affine_grid.py" line="210" name="test_centers_shape[&lt;lambda&gt;33]" time="0.0003960132598876953"><skipped message="Suite splitting in effect" type="pytest.skip">src/pymortests/affine_grid.py:210: Suite splitting in effect</skipped></testcase><testcase classname="src.pymortests.affine_grid" file="src/pymortests/affine_grid.py" line="210" name="test_centers_shape[&lt;lambda&gt;34]" time="0.0003998279571533203"><skipped message="Suite splitting in effect" type="pytest.skip">src/pymortests/affine_grid.py:210: Suite splitting in effect</skipped></testcase><testcase classname="src.pymortests.affine_grid" file="src/pymortests/affine_grid.py" line="210" name="test_centers_shape[&lt;lambda&gt;35]" time="0.0004200935363769531"><skipped message="Suite splitting in effect" type="pytest.skip">src/pymortests/affine_grid.py:210: Suite splitting in effect</skipped></testcase><testcase classname="src.pymortests.affine_grid" file="src/pymortests/affine_grid.py" line="210" name="test_centers_shape[&lt;lambda&gt;36]" time="0.00045228004455566406"><skipped message="Suite splitting in effect" type="pytest.skip">src/pymortests/affine_grid.py:210: Suite splitting in effect</skipped></testcase><testcase classname="src.pymortests.affine_grid" file="src/pymortests/affine_grid.py" line="210" name="test_centers_shape[&lt;lambda&gt;37]" time="0.00038886070251464844"><skipped message="Suite splitting in effect" type="pytest.skip">src/pymortests/affine_grid.py:210: Suite splitting in effect</skipped></testcase><testcase classname="src.pymortests.affine_grid" file="src/pymortests/affine_grid.py" line="210" name="test_centers_shape[&lt;lambda&gt;38]" time="0.0004215240478515625"><skipped message="Suite splitting in effect" type="pytest.skip">src/pymortests/affine_grid.py:210: Suite splitting in effect</skipped></testcase><testcase classname="src.pymortests.affine_grid" file="src/pymortests/affine_grid.py" line="210" name="test_centers_shape[&lt;lambda&gt;39]" time="0.00039196014404296875"><skipped message="Suite splitting in effect" type="pytest.skip">src/pymortests/affine_grid.py:210: Suite splitting in effect</skipped></testcase><testcase classname="src.pymortests.affine_grid" file="src/pymortests/affine_grid.py" line="210" name="test_centers_shape[&lt;lambda&gt;40]" time="0.0004246234893798828"><skipped message="Suite splitting in effect" type="pytest.skip">src/pymortests/affine_grid.py:210: Suite splitting in effect</skipped></testcase><testcase classname="src.pymortests.affine_grid" file="src/pymortests/affine_grid.py" line="210" name="test_centers_shape[&lt;lambda&gt;41]" time="0.00039005279541015625"><skipped message="Suite splitting in effect" type="pytest.skip">src/pymortests/affine_grid.py:210: Suite splitting in effect</skipped></testcase><testcase classname="src.pymortests.affine_grid" file="src/pymortests/affine_grid.py" line="210" name="test_centers_shape[&lt;lambda&gt;42]" time="0.00042247772216796875"><skipped message="Suite splitting in effect" type="pytest.skip">src/pymortests/affine_grid.py:210: Suite splitting in effect</skipped></testcase><testcase classname="src.pymortests.affine_grid" file="src/pymortests/affine_grid.py" line="216" name="test_centers_values[&lt;lambda&gt;0]" time="0.00046634674072265625"><skipped message="Suite splitting in effect" type="pytest.skip">src/pymortests/affine_grid.py:216: Suite splitting in effect</skipped></testcase><testcase classname="src.pymortests.affine_grid" file="src/pymortests/affine_grid.py" line="216" name="test_centers_values[&lt;lambda&gt;1]" time="0.0003902912139892578"><skipped message="Suite splitting in effect" type="pytest.skip">src/pymortests/affine_grid.py:216: Suite splitting in effect</skipped></testcase><testcase classname="src.pymortests.affine_grid" file="src/pymortests/affine_grid.py" line="216" name="test_centers_values[&lt;lambda&gt;2]" time="0.0004429817199707031"><skipped message="Suite splitting in effect" type="pytest.skip">src/pymortests/affine_grid.py:216: Suite splitting in effect</skipped></testcase><testcase classname="src.pymortests.affine_grid" file="src/pymortests/affine_grid.py" line="216" name="test_centers_values[&lt;lambda&gt;3]" time="0.00038933753967285156"><skipped message="Suite splitting in effect" type="pytest.skip">src/pymortests/affine_grid.py:216: Suite splitting in effect</skipped></testcase><testcase classname="src.pymortests.affine_grid" file="src/pymortests/affine_grid.py" line="216" name="test_centers_values[&lt;lambda&gt;4]" time="0.0003972053527832031"><skipped message="Suite splitting in effect" type="pytest.skip">src/pymortests/affine_grid.py:216: Suite splitting in effect</skipped></testcase><testcase classname="src.pymortests.affine_grid" file="src/pymortests/affine_grid.py" line="216" name="test_centers_values[&lt;lambda&gt;5]" time="0.00038933753967285156"><skipped message="Suite splitting in effect" type="pytest.skip">src/pymortests/affine_grid.py:216: Suite splitting in effect</skipped></testcase><testcase classname="src.pymortests.affine_grid" file="src/pymortests/affine_grid.py" line="216" name="test_centers_values[&lt;lambda&gt;6]" time="0.00039696693420410156"><skipped message="Suite splitting in effect" type="pytest.skip">src/pymortests/affine_grid.py:216: Suite splitting in effect</skipped></testcase><testcase classname="src.pymortests.affine_grid" file="src/pymortests/affine_grid.py" line="216" name="test_centers_values[&lt;lambda&gt;7]" time="0.0004260540008544922"><skipped message="Suite splitting in effect" type="pytest.skip">src/pymortests/affine_grid.py:216: Suite splitting in effect</skipped></testcase><testcase classname="src.pymortests.affine_grid" file="src/pymortests/affine_grid.py" line="216" name="test_centers_values[&lt;lambda&gt;8]" time="0.0003948211669921875"><skipped message="Suite splitting in effect" type="pytest.skip">src/pymortests/affine_grid.py:216: Suite splitting in effect</skipped></testcase><testcase classname="src.pymortests.affine_grid" file="src/pymortests/affine_grid.py" line="216" name="test_centers_values[&lt;lambda&gt;9]" time="0.0004222393035888672"><skipped message="Suite splitting in effect" type="pytest.skip">src/pymortests/affine_grid.py:216: Suite splitting in effect</skipped></testcase><testcase classname="src.pymortests.affine_grid" file="src/pymortests/affine_grid.py" line="216" name="test_centers_values[&lt;lambda&gt;10]" time="0.00040602684020996094"><skipped message="Suite splitting in effect" type="pytest.skip">src/pymortests/affine_grid.py:216: Suite splitting in effect</skipped></testcase><testcase classname="src.pymortests.affine_grid" file="src/pymortests/affine_grid.py" line="216" name="test_centers_values[&lt;lambda&gt;11]" time="0.0004661083221435547"><skipped message="Suite splitting in effect" type="pytest.skip">src/pymortests/affine_grid.py:216: Suite splitting in effect</skipped></testcase><testcase classname="src.pymortests.affine_grid" file="src/pymortests/affine_grid.py" line="216" name="test_centers_values[&lt;lambda&gt;12]" time="0.0004343986511230469"><skipped message="Suite splitting in effect" type="pytest.skip">src/pymortests/affine_grid.py:216: Suite splitting in effect</skipped></testcase><testcase classname="src.pymortests.affine_grid" file="src/pymortests/affine_grid.py" line="216" name="test_centers_values[&lt;lambda&gt;13]" time="0.0004801750183105469"><skipped message="Suite splitting in effect" type="pytest.skip">src/pymortests/affine_grid.py:216: Suite splitting in effect</skipped></testcase><testcase classname="src.pymortests.affine_grid" file="src/pymortests/affine_grid.py" line="216" name="test_centers_values[&lt;lambda&gt;14]" time="0.0006911754608154297"><skipped message="Suite splitting in effect" type="pytest.skip">src/pymortests/affine_grid.py:216: Suite splitting in effect</skipped></testcase><testcase classname="src.pymortests.affine_grid" file="src/pymortests/affine_grid.py" line="216" name="test_centers_values[&lt;lambda&gt;15]" time="0.0004067420959472656"><skipped message="Suite splitting in effect" type="pytest.skip">src/pymortests/affine_grid.py:216: Suite splitting in effect</skipped></testcase><testcase classname="src.pymortests.affine_grid" file="src/pymortests/affine_grid.py" line="216" name="test_centers_values[&lt;lambda&gt;16]" time="0.00043010711669921875"><skipped message="Suite splitting in effect" type="pytest.skip">src/pymortests/affine_grid.py:216: Suite splitting in effect</skipped></testcase><testcase classname="src.pymortests.affine_grid" file="src/pymortests/affine_grid.py" line="216" name="test_centers_values[&lt;lambda&gt;17]" time="0.0004012584686279297"><skipped message="Suite splitting in effect" type="pytest.skip">src/pymortests/affine_grid.py:216: Suite splitting in effect</skipped></testcase><testcase classname="src.pymortests.affine_grid" file="src/pymortests/affine_grid.py" line="216" name="test_centers_values[&lt;lambda&gt;18]" time="0.00040793418884277344"><skipped message="Suite splitting in effect" type="pytest.skip">src/pymortests/affine_grid.py:216: Suite splitting in effect</skipped></testcase><testcase classname="src.pymortests.affine_grid" file="src/pymortests/affine_grid.py" line="216" name="test_centers_values[&lt;lambda&gt;19]" time="0.0005249977111816406"><skipped message="Suite splitting in effect" type="pytest.skip">src/pymortests/affine_grid.py:216: Suite splitting in effect</skipped></testcase><testcase classname="src.pymortests.affine_grid" file="src/pymortests/affine_grid.py" line="216" name="test_centers_values[&lt;lambda&gt;20]" time="0.00042247772216796875"><skipped message="Suite splitting in effect" type="pytest.skip">src/pymortests/affine_grid.py:216: Suite splitting in effect</skipped></testcase><testcase classname="src.pymortests.affine_grid" file="src/pymortests/affine_grid.py" line="216" name="test_centers_values[&lt;lambda&gt;21]" time="0.0006661415100097656"><skipped message="Suite splitting in effect" type="pytest.skip">src/pymortests/affine_grid.py:216: Suite splitting in effect</skipped></testcase><testcase classname="src.pymortests.affine_grid" file="src/pymortests/affine_grid.py" line="216" name="test_centers_values[&lt;lambda&gt;22]" time="0.0004019737243652344"><skipped message="Suite splitting in effect" type="pytest.skip">src/pymortests/affine_grid.py:216: Suite splitting in effect</skipped></testcase><testcase classname="src.pymortests.affine_grid" file="src/pymortests/affine_grid.py" line="216" name="test_centers_values[&lt;lambda&gt;23]" time="0.0004210472106933594"><skipped message="Suite splitting in effect" type="pytest.skip">src/pymortests/affine_grid.py:216: Suite splitting in effect</skipped></testcase><testcase classname="src.pymortests.affine_grid" file="src/pymortests/affine_grid.py" line="216" name="test_centers_values[&lt;lambda&gt;24]" time="0.0003998279571533203"><skipped message="Suite splitting in effect" type="pytest.skip">src/pymortests/affine_grid.py:216: Suite splitting in effect</skipped></testcase><testcase classname="src.pymortests.affine_grid" file="src/pymortests/affine_grid.py" line="216" name="test_centers_values[&lt;lambda&gt;25]" time="0.0004305839538574219"><skipped message="Suite splitting in effect" type="pytest.skip">src/pymortests/affine_grid.py:216: Suite splitting in effect</skipped></testcase><testcase classname="src.pymortests.affine_grid" file="src/pymortests/affine_grid.py" line="216" name="test_centers_values[&lt;lambda&gt;26]" time="0.0004062652587890625"><skipped message="Suite splitting in effect" type="pytest.skip">src/pymortests/affine_grid.py:216: Suite splitting in effect</skipped></testcase><testcase classname="src.pymortests.affine_grid" file="src/pymortests/affine_grid.py" line="216" name="test_centers_values[&lt;lambda&gt;27]" time="0.00046062469482421875"><skipped message="Suite splitting in effect" type="pytest.skip">src/pymortests/affine_grid.py:216: Suite splitting in effect</skipped></testcase><testcase classname="src.pymortests.affine_grid" file="src/pymortests/affine_grid.py" line="216" name="test_centers_values[&lt;lambda&gt;28]" time="0.00041222572326660156"><skipped message="Suite splitting in effect" type="pytest.skip">src/pymortests/affine_grid.py:216: Suite splitting in effect</skipped></testcase><testcase classname="src.pymortests.affine_grid" file="src/pymortests/affine_grid.py" line="216" name="test_centers_values[&lt;lambda&gt;29]" time="0.0004372596740722656"><skipped message="Suite splitting in effect" type="pytest.skip">src/pymortests/affine_grid.py:216: Suite splitting in effect</skipped></testcase><testcase classname="src.pymortests.affine_grid" file="src/pymortests/affine_grid.py" line="216" name="test_centers_values[&lt;lambda&gt;30]" time="0.0005412101745605469"><skipped message="Suite splitting in effect" type="pytest.skip">src/pymortests/affine_grid.py:216: Suite splitting in effect</skipped></testcase><testcase classname="src.pymortests.affine_grid" file="src/pymortests/affine_grid.py" line="216" name="test_centers_values[&lt;lambda&gt;31]" time="0.0004222393035888672"><skipped message="Suite splitting in effect" type="pytest.skip">src/pymortests/affine_grid.py:216: Suite splitting in effect</skipped></testcase><testcase classname="src.pymortests.affine_grid" file="src/pymortests/affine_grid.py" line="216" name="test_centers_values[&lt;lambda&gt;32]" time="0.0004341602325439453"><skipped message="Suite splitting in effect" type="pytest.skip">src/pymortests/affine_grid.py:216: Suite splitting in effect</skipped></testcase><testcase classname="src.pymortests.affine_grid" file="src/pymortests/affine_grid.py" line="216" name="test_centers_values[&lt;lambda&gt;33]" time="0.0004200935363769531"><skipped message="Suite splitting in effect" type="pytest.skip">src/pymortests/affine_grid.py:216: Suite splitting in effect</skipped></testcase><testcase classname="src.pymortests.affine_grid" file="src/pymortests/affine_grid.py" line="216" name="test_centers_values[&lt;lambda&gt;34]" time="0.000453948974609375"><skipped message="Suite splitting in effect" type="pytest.skip">src/pymortests/affine_grid.py:216: Suite splitting in effect</skipped></testcase><testcase classname="src.pymortests.affine_grid" file="src/pymortests/affine_grid.py" line="216" name="test_centers_values[&lt;lambda&gt;35]" time="0.0004968643188476562"><skipped message="Suite splitting in effect" type="pytest.skip">src/pymortests/affine_grid.py:216: Suite splitting in effect</skipped></testcase><testcase classname="src.pymortests.affine_grid" file="src/pymortests/affine_grid.py" line="216" name="test_centers_values[&lt;lambda&gt;36]" time="0.0005376338958740234"><skipped message="Suite splitting in effect" type="pytest.skip">src/pymortests/affine_grid.py:216: Suite splitting in effect</skipped></testcase><testcase classname="src.pymortests.affine_grid" file="src/pymortests/affine_grid.py" line="216" name="test_centers_values[&lt;lambda&gt;37]" time="0.0004208087921142578"><skipped message="Suite splitting in effect" type="pytest.skip">src/pymortests/affine_grid.py:216: Suite splitting in effect</skipped></testcase><testcase classname="src.pymortests.affine_grid" file="src/pymortests/affine_grid.py" line="216" name="test_centers_values[&lt;lambda&gt;38]" time="0.0004324913024902344"><skipped message="Suite splitting in effect" type="pytest.skip">src/pymortests/affine_grid.py:216: Suite splitting in effect</skipped></testcase><testcase classname="src.pymortests.affine_grid" file="src/pymortests/affine_grid.py" line="216" name="test_centers_values[&lt;lambda&gt;39]" time="0.00040411949157714844"><skipped message="Suite splitting in effect" type="pytest.skip">src/pymortests/affine_grid.py:216: Suite splitting in effect</skipped></testcase><testcase classname="src.pymortests.affine_grid" file="src/pymortests/affine_grid.py" line="216" name="test_centers_values[&lt;lambda&gt;40]" time="0.000453948974609375"><skipped message="Suite splitting in effect" type="pytest.skip">src/pymortests/affine_grid.py:216: Suite splitting in effect</skipped></testcase><testcase classname="src.pymortests.affine_grid" file="src/pymortests/affine_grid.py" line="216" name="test_centers_values[&lt;lambda&gt;41]" time="0.0003979206085205078"><skipped message="Suite splitting in effect" type="pytest.skip">src/pymortests/affine_grid.py:216: Suite splitting in effect</skipped></testcase><testcase classname="src.pymortests.affine_grid" file="src/pymortests/affine_grid.py" line="216" name="test_centers_values[&lt;lambda&gt;42]" time="0.0004372596740722656"><skipped message="Suite splitting in effect" type="pytest.skip">src/pymortests/affine_grid.py:216: Suite splitting in effect</skipped></testcase><testcase classname="src.pymortests.affine_grid" file="src/pymortests/affine_grid.py" line="223" name="test_diameters_wrong_arguments[&lt;lambda&gt;0]" time="0.00041222572326660156"><skipped message="Suite splitting in effect" type="pytest.skip">src/pymortests/affine_grid.py:223: Suite splitting in effect</skipped></testcase><testcase classname="src.pymortests.affine_grid" file="src/pymortests/affine_grid.py" line="223" name="test_diameters_wrong_arguments[&lt;lambda&gt;1]" time="0.00046539306640625"><skipped message="Suite splitting in effect" type="pytest.skip">src/pymortests/affine_grid.py:223: Suite splitting in effect</skipped></testcase><testcase classname="src.pymortests.affine_grid" file="src/pymortests/affine_grid.py" line="223" name="test_diameters_wrong_arguments[&lt;lambda&gt;2]" time="0.0004425048828125"><skipped message="Suite splitting in effect" type="pytest.skip">src/pymortests/affine_grid.py:223: Suite splitting in effect</skipped></testcase><testcase classname="src.pymortests.affine_grid" file="src/pymortests/affine_grid.py" line="223" name="test_diameters_wrong_arguments[&lt;lambda&gt;3]" time="0.0004391670227050781"><skipped message="Suite splitting in effect" type="pytest.skip">src/pymortests/affine_grid.py:223: Suite splitting in effect</skipped></testcase><testcase classname="src.pymortests.affine_grid" file="src/pymortests/affine_grid.py" line="223" name="test_diameters_wrong_arguments[&lt;lambda&gt;4]" time="0.00040650367736816406"><skipped message="Suite splitting in effect" type="pytest.skip">src/pymortests/affine_grid.py:223: Suite splitting in effect</skipped></testcase><testcase classname="src.pymortests.affine_grid" file="src/pymortests/affine_grid.py" line="223" name="test_diameters_wrong_arguments[&lt;lambda&gt;5]" time="0.0004668235778808594"><skipped message="Suite splitting in effect" type="pytest.skip">src/pymortests/affine_grid.py:223: Suite splitting in effect</skipped></testcase><testcase classname="src.pymortests.affine_grid" file="src/pymortests/affine_grid.py" line="223" name="test_diameters_wrong_arguments[&lt;lambda&gt;6]" time="0.0004088878631591797"><skipped message="Suite splitting in effect" type="pytest.skip">src/pymortests/affine_grid.py:223: Suite splitting in effect</skipped></testcase><testcase classname="src.pymortests.affine_grid" file="src/pymortests/affine_grid.py" line="223" name="test_diameters_wrong_arguments[&lt;lambda&gt;7]" time="0.0004391670227050781"><skipped message="Suite splitting in effect" type="pytest.skip">src/pymortests/affine_grid.py:223: Suite splitting in effect</skipped></testcase><testcase classname="src.pymortests.affine_grid" file="src/pymortests/affine_grid.py" line="223" name="test_diameters_wrong_arguments[&lt;lambda&gt;8]" time="0.0003962516784667969"><skipped message="Suite splitting in effect" type="pytest.skip">src/pymortests/affine_grid.py:223: Suite splitting in effect</skipped></testcase><testcase classname="src.pymortests.affine_grid" file="src/pymortests/affine_grid.py" line="223" name="test_diameters_wrong_arguments[&lt;lambda&gt;9]" time="0.00039386749267578125"><skipped message="Suite splitting in effect" type="pytest.skip">src/pymortests/affine_grid.py:223: Suite splitting in effect</skipped></testcase><testcase classname="src.pymortests.affine_grid" file="src/pymortests/affine_grid.py" line="223" name="test_diameters_wrong_arguments[&lt;lambda&gt;10]" time="0.0003933906555175781"><skipped message="Suite splitting in effect" type="pytest.skip">src/pymortests/affine_grid.py:223: Suite splitting in effect</skipped></testcase><testcase classname="src.pymortests.affine_grid" file="src/pymortests/affine_grid.py" line="223" name="test_diameters_wrong_arguments[&lt;lambda&gt;11]" time="0.00041675567626953125"><skipped message="Suite splitting in effect" type="pytest.skip">src/pymortests/affine_grid.py:223: Suite splitting in effect</skipped></testcase><testcase classname="src.pymortests.affine_grid" file="src/pymortests/affine_grid.py" line="223" name="test_diameters_wrong_arguments[&lt;lambda&gt;12]" time="0.0003924369812011719"><skipped message="Suite splitting in effect" type="pytest.skip">src/pymortests/affine_grid.py:223: Suite splitting in effect</skipped></testcase><testcase classname="src.pymortests.affine_grid" file="src/pymortests/affine_grid.py" line="223" name="test_diameters_wrong_arguments[&lt;lambda&gt;13]" time="0.0004220008850097656"><skipped message="Suite splitting in effect" type="pytest.skip">src/pymortests/affine_grid.py:223: Suite splitting in effect</skipped></testcase><testcase classname="src.pymortests.affine_grid" file="src/pymortests/affine_grid.py" line="223" name="test_diameters_wrong_arguments[&lt;lambda&gt;14]" time="0.0004329681396484375"><skipped message="Suite splitting in effect" type="pytest.skip">src/pymortests/affine_grid.py:223: Suite splitting in effect</skipped></testcase><testcase classname="src.pymortests.affine_grid" file="src/pymortests/affine_grid.py" line="223" name="test_diameters_wrong_arguments[&lt;lambda&gt;15]" time="0.000431060791015625"><skipped message="Suite splitting in effect" type="pytest.skip">src/pymortests/affine_grid.py:223: Suite splitting in effect</skipped></testcase><testcase classname="src.pymortests.affine_grid" file="src/pymortests/affine_grid.py" line="223" name="test_diameters_wrong_arguments[&lt;lambda&gt;16]" time="0.0004153251647949219"><skipped message="Suite splitting in effect" type="pytest.skip">src/pymortests/affine_grid.py:223: Suite splitting in effect</skipped></testcase><testcase classname="src.pymortests.affine_grid" file="src/pymortests/affine_grid.py" line="223" name="test_diameters_wrong_arguments[&lt;lambda&gt;17]" time="0.00042891502380371094"><skipped message="Suite splitting in effect" type="pytest.skip">src/pymortests/affine_grid.py:223: Suite splitting in effect</skipped></testcase><testcase classname="src.pymortests.affine_grid" file="src/pymortests/affine_grid.py" line="223" name="test_diameters_wrong_arguments[&lt;lambda&gt;18]" time="0.00043392181396484375"><skipped message="Suite splitting in effect" type="pytest.skip">src/pymortests/affine_grid.py:223: Suite splitting in effect</skipped></testcase><testcase classname="src.pymortests.affine_grid" file="src/pymortests/affine_grid.py" line="223" name="test_diameters_wrong_arguments[&lt;lambda&gt;19]" time="0.00042700767517089844"><skipped message="Suite splitting in effect" type="pytest.skip">src/pymortests/affine_grid.py:223: Suite splitting in effect</skipped></testcase><testcase classname="src.pymortests.affine_grid" file="src/pymortests/affine_grid.py" line="223" name="test_diameters_wrong_arguments[&lt;lambda&gt;20]" time="0.0004367828369140625"><skipped message="Suite splitting in effect" type="pytest.skip">src/pymortests/affine_grid.py:223: Suite splitting in effect</skipped></testcase><testcase classname="src.pymortests.affine_grid" file="src/pymortests/affine_grid.py" line="223" name="test_diameters_wrong_arguments[&lt;lambda&gt;21]" time="0.00040793418884277344"><skipped message="Suite splitting in effect" type="pytest.skip">src/pymortests/affine_grid.py:223: Suite splitting in effect</skipped></testcase><testcase classname="src.pymortests.affine_grid" file="src/pymortests/affine_grid.py" line="223" name="test_diameters_wrong_arguments[&lt;lambda&gt;22]" time="0.0004394054412841797"><skipped message="Suite splitting in effect" type="pytest.skip">src/pymortests/affine_grid.py:223: Suite splitting in effect</skipped></testcase><testcase classname="src.pymortests.affine_grid" file="src/pymortests/affine_grid.py" line="223" name="test_diameters_wrong_arguments[&lt;lambda&gt;23]" time="0.0003924369812011719"><skipped message="Suite splitting in effect" type="pytest.skip">src/pymortests/affine_grid.py:223: Suite splitting in effect</skipped></testcase><testcase classname="src.pymortests.affine_grid" file="src/pymortests/affine_grid.py" line="223" name="test_diameters_wrong_arguments[&lt;lambda&gt;24]" time="0.0004284381866455078"><skipped message="Suite splitting in effect" type="pytest.skip">src/pymortests/affine_grid.py:223: Suite splitting in effect</skipped></testcase><testcase classname="src.pymortests.affine_grid" file="src/pymortests/affine_grid.py" line="223" name="test_diameters_wrong_arguments[&lt;lambda&gt;25]" time="0.0003936290740966797"><skipped message="Suite splitting in effect" type="pytest.skip">src/pymortests/affine_grid.py:223: Suite splitting in effect</skipped></testcase><testcase classname="src.pymortests.affine_grid" file="src/pymortests/affine_grid.py" line="223" name="test_diameters_wrong_arguments[&lt;lambda&gt;26]" time="0.0004329681396484375"><skipped message="Suite splitting in effect" type="pytest.skip">src/pymortests/affine_grid.py:223: Suite splitting in effect</skipped></testcase><testcase classname="src.pymortests.affine_grid" file="src/pymortests/affine_grid.py" line="223" name="test_diameters_wrong_arguments[&lt;lambda&gt;27]" time="0.00039458274841308594"><skipped message="Suite splitting in effect" type="pytest.skip">src/pymortests/affine_grid.py:223: Suite splitting in effect</skipped></testcase><testcase classname="src.pymortests.affine_grid" file="src/pymortests/affine_grid.py" line="223" name="test_diameters_wrong_arguments[&lt;lambda&gt;28]" time="0.0003924369812011719"><skipped message="Suite splitting in effect" type="pytest.skip">src/pymortests/affine_grid.py:223: Suite splitting in effect</skipped></testcase><testcase classname="src.pymortests.affine_grid" file="src/pymortests/affine_grid.py" line="223" name="test_diameters_wrong_arguments[&lt;lambda&gt;29]" time="0.00042510032653808594"><skipped message="Suite splitting in effect" type="pytest.skip">src/pymortests/affine_grid.py:223: Suite splitting in effect</skipped></testcase><testcase classname="src.pymortests.affine_grid" file="src/pymortests/affine_grid.py" line="223" name="test_diameters_wrong_arguments[&lt;lambda&gt;30]" time="0.0003905296325683594"><skipped message="Suite splitting in effect" type="pytest.skip">src/pymortests/affine_grid.py:223: Suite splitting in effect</skipped></testcase><testcase classname="src.pymortests.affine_grid" file="src/pymortests/affine_grid.py" line="223" name="test_diameters_wrong_arguments[&lt;lambda&gt;31]" time="0.0004076957702636719"><skipped message="Suite splitting in effect" type="pytest.skip">src/pymortests/affine_grid.py:223: Suite splitting in effect</skipped></testcase><testcase classname="src.pymortests.affine_grid" file="src/pymortests/affine_grid.py" line="223" name="test_diameters_wrong_arguments[&lt;lambda&gt;32]" time="0.0003955364227294922"><skipped message="Suite splitting in effect" type="pytest.skip">src/pymortests/affine_grid.py:223: Suite splitting in effect</skipped></testcase><testcase classname="src.pymortests.affine_grid" file="src/pymortests/affine_grid.py" line="223" name="test_diameters_wrong_arguments[&lt;lambda&gt;33]" time="0.0004780292510986328"><skipped message="Suite splitting in effect" type="pytest.skip">src/pymortests/affine_grid.py:223: Suite splitting in effect</skipped></testcase><testcase classname="src.pymortests.affine_grid" file="src/pymortests/affine_grid.py" line="223" name="test_diameters_wrong_arguments[&lt;lambda&gt;34]" time="0.0003917217254638672"><skipped message="Suite splitting in effect" type="pytest.skip">src/pymortests/affine_grid.py:223: Suite splitting in effect</skipped></testcase><testcase classname="src.pymortests.affine_grid" file="src/pymortests/affine_grid.py" line="223" name="test_diameters_wrong_arguments[&lt;lambda&gt;35]" time="0.0004124641418457031"><skipped message="Suite splitting in effect" type="pytest.skip">src/pymortests/affine_grid.py:223: Suite splitting in effect</skipped></testcase><testcase classname="src.pymortests.affine_grid" file="src/pymortests/affine_grid.py" line="223" name="test_diameters_wrong_arguments[&lt;lambda&gt;36]" time="0.00039196014404296875"><skipped message="Suite splitting in effect" type="pytest.skip">src/pymortests/affine_grid.py:223: Suite splitting in effect</skipped></testcase><testcase classname="src.pymortests.affine_grid" file="src/pymortests/affine_grid.py" line="223" name="test_diameters_wrong_arguments[&lt;lambda&gt;37]" time="0.0004246234893798828"><skipped message="Suite splitting in effect" type="pytest.skip">src/pymortests/affine_grid.py:223: Suite splitting in effect</skipped></testcase><testcase classname="src.pymortests.affine_grid" file="src/pymortests/affine_grid.py" line="223" name="test_diameters_wrong_arguments[&lt;lambda&gt;38]" time="0.00039386749267578125"><skipped message="Suite splitting in effect" type="pytest.skip">src/pymortests/affine_grid.py:223: Suite splitting in effect</skipped></testcase><testcase classname="src.pymortests.affine_grid" file="src/pymortests/affine_grid.py" line="223" name="test_diameters_wrong_arguments[&lt;lambda&gt;39]" time="0.00045108795166015625"><skipped message="Suite splitting in effect" type="pytest.skip">src/pymortests/affine_grid.py:223: Suite splitting in effect</skipped></testcase><testcase classname="src.pymortests.affine_grid" file="src/pymortests/affine_grid.py" line="223" name="test_diameters_wrong_arguments[&lt;lambda&gt;40]" time="0.00043511390686035156"><skipped message="Suite splitting in effect" type="pytest.skip">src/pymortests/affine_grid.py:223: Suite splitting in effect</skipped></testcase><testcase classname="src.pymortests.affine_grid" file="src/pymortests/affine_grid.py" line="223" name="test_diameters_wrong_arguments[&lt;lambda&gt;41]" time="0.0004184246063232422"><skipped message="Suite splitting in effect" type="pytest.skip">src/pymortests/affine_grid.py:223: Suite splitting in effect</skipped></testcase><testcase classname="src.pymortests.affine_grid" file="src/pymortests/affine_grid.py" line="223" name="test_diameters_wrong_arguments[&lt;lambda&gt;42]" time="0.00042819976806640625"><skipped message="Suite splitting in effect" type="pytest.skip">src/pymortests/affine_grid.py:223: Suite splitting in effect</skipped></testcase><testcase classname="src.pymortests.affine_grid" file="src/pymortests/affine_grid.py" line="231" name="test_diameters_shape[&lt;lambda&gt;0]" time="0.0003986358642578125"><skipped message="Suite splitting in effect" type="pytest.skip">src/pymortests/affine_grid.py:231: Suite splitting in effect</skipped></testcase><testcase classname="src.pymortests.affine_grid" file="src/pymortests/affine_grid.py" line="231" name="test_diameters_shape[&lt;lambda&gt;1]" time="0.0004222393035888672"><skipped message="Suite splitting in effect" type="pytest.skip">src/pymortests/affine_grid.py:231: Suite splitting in effect</skipped></testcase><testcase classname="src.pymortests.affine_grid" file="src/pymortests/affine_grid.py" line="231" name="test_diameters_shape[&lt;lambda&gt;2]" time="0.0003914833068847656"><skipped message="Suite splitting in effect" type="pytest.skip">src/pymortests/affine_grid.py:231: Suite splitting in effect</skipped></testcase><testcase classname="src.pymortests.affine_grid" file="src/pymortests/affine_grid.py" line="231" name="test_diameters_shape[&lt;lambda&gt;3]" time="0.0004017353057861328"><skipped message="Suite splitting in effect" type="pytest.skip">src/pymortests/affine_grid.py:231: Suite splitting in effect</skipped></testcase><testcase classname="src.pymortests.affine_grid" file="src/pymortests/affine_grid.py" line="231" name="test_diameters_shape[&lt;lambda&gt;4]" time="0.0003979206085205078"><skipped message="Suite splitting in effect" type="pytest.skip">src/pymortests/affine_grid.py:231: Suite splitting in effect</skipped></testcase><testcase classname="src.pymortests.affine_grid" file="src/pymortests/affine_grid.py" line="231" name="test_diameters_shape[&lt;lambda&gt;5]" time="0.0004227161407470703"><skipped message="Suite splitting in effect" type="pytest.skip">src/pymortests/affine_grid.py:231: Suite splitting in effect</skipped></testcase><testcase classname="src.pymortests.affine_grid" file="src/pymortests/affine_grid.py" line="231" name="test_diameters_shape[&lt;lambda&gt;6]" time="0.00039839744567871094"><skipped message="Suite splitting in effect" type="pytest.skip">src/pymortests/affine_grid.py:231: Suite splitting in effect</skipped></testcase><testcase classname="src.pymortests.affine_grid" file="src/pymortests/affine_grid.py" line="231" name="test_diameters_shape[&lt;lambda&gt;7]" time="0.00039887428283691406"><skipped message="Suite splitting in effect" type="pytest.skip">src/pymortests/affine_grid.py:231: Suite splitting in effect</skipped></testcase><testcase classname="src.pymortests.affine_grid" file="src/pymortests/affine_grid.py" line="231" name="test_diameters_shape[&lt;lambda&gt;8]" time="0.0004208087921142578"><skipped message="Suite splitting in effect" type="pytest.skip">src/pymortests/affine_grid.py:231: Suite splitting in effect</skipped></testcase><testcase classname="src.pymortests.affine_grid" file="src/pymortests/affine_grid.py" line="231" name="test_diameters_shape[&lt;lambda&gt;9]" time="0.0003902912139892578"><skipped message="Suite splitting in effect" type="pytest.skip">src/pymortests/affine_grid.py:231: Suite splitting in effect</skipped></testcase><testcase classname="src.pymortests.affine_grid" file="src/pymortests/affine_grid.py" line="231" name="test_diameters_shape[&lt;lambda&gt;10]" time="0.0004165172576904297"><skipped message="Suite splitting in effect" type="pytest.skip">src/pymortests/affine_grid.py:231: Suite splitting in effect</skipped></testcase><testcase classname="src.pymortests.affine_grid" file="src/pymortests/affine_grid.py" line="231" name="test_diameters_shape[&lt;lambda&gt;11]" time="0.00039577484130859375"><skipped message="Suite splitting in effect" type="pytest.skip">src/pymortests/affine_grid.py:231: Suite splitting in effect</skipped></testcase><testcase classname="src.pymortests.affine_grid" file="src/pymortests/affine_grid.py" line="231" name="test_diameters_shape[&lt;lambda&gt;12]" time="0.00042748451232910156"><skipped message="Suite splitting in effect" type="pytest.skip">src/pymortests/affine_grid.py:231: Suite splitting in effect</skipped></testcase><testcase classname="src.pymortests.affine_grid" file="src/pymortests/affine_grid.py" line="231" name="test_diameters_shape[&lt;lambda&gt;13]" time="0.0004227161407470703"><skipped message="Suite splitting in effect" type="pytest.skip">src/pymortests/affine_grid.py:231: Suite splitting in effect</skipped></testcase><testcase classname="src.pymortests.affine_grid" file="src/pymortests/affine_grid.py" line="231" name="test_diameters_shape[&lt;lambda&gt;14]" time="0.00041937828063964844"><skipped message="Suite splitting in effect" type="pytest.skip">src/pymortests/affine_grid.py:231: Suite splitting in effect</skipped></testcase><testcase classname="src.pymortests.affine_grid" file="src/pymortests/affine_grid.py" line="231" name="test_diameters_shape[&lt;lambda&gt;15]" time="0.0003948211669921875"><skipped message="Suite splitting in effect" type="pytest.skip">src/pymortests/affine_grid.py:231: Suite splitting in effect</skipped></testcase><testcase classname="src.pymortests.affine_grid" file="src/pymortests/affine_grid.py" line="231" name="test_diameters_shape[&lt;lambda&gt;16]" time="0.00039196014404296875"><skipped message="Suite splitting in effect" type="pytest.skip">src/pymortests/affine_grid.py:231: Suite splitting in effect</skipped></testcase><testcase classname="src.pymortests.affine_grid" file="src/pymortests/affine_grid.py" line="231" name="test_diameters_shape[&lt;lambda&gt;17]" time="0.00038909912109375"><skipped message="Suite splitting in effect" type="pytest.skip">src/pymortests/affine_grid.py:231: Suite splitting in effect</skipped></testcase><testcase classname="src.pymortests.affine_grid" file="src/pymortests/affine_grid.py" line="231" name="test_diameters_shape[&lt;lambda&gt;18]" time="0.0003898143768310547"><skipped message="Suite splitting in effect" type="pytest.skip">src/pymortests/affine_grid.py:231: Suite splitting in effect</skipped></testcase><testcase classname="src.pymortests.affine_grid" file="src/pymortests/affine_grid.py" line="231" name="test_diameters_shape[&lt;lambda&gt;19]" time="0.00038909912109375"><skipped message="Suite splitting in effect" type="pytest.skip">src/pymortests/affine_grid.py:231: Suite splitting in effect</skipped></testcase><testcase classname="src.pymortests.affine_grid" file="src/pymortests/affine_grid.py" line="231" name="test_diameters_shape[&lt;lambda&gt;20]" time="0.0007610321044921875"><skipped message="Suite splitting in effect" type="pytest.skip">src/pymortests/affine_grid.py:231: Suite splitting in effect</skipped></testcase><testcase classname="src.pymortests.affine_grid" file="src/pymortests/affine_grid.py" line="231" name="test_diameters_shape[&lt;lambda&gt;21]" time="0.0004355907440185547"><skipped message="Suite splitting in effect" type="pytest.skip">src/pymortests/affine_grid.py:231: Suite splitting in effect</skipped></testcase><testcase classname="src.pymortests.affine_grid" file="src/pymortests/affine_grid.py" line="231" name="test_diameters_shape[&lt;lambda&gt;22]" time="0.00041937828063964844"><skipped message="Suite splitting in effect" type="pytest.skip">src/pymortests/affine_grid.py:231: Suite splitting in effect</skipped></testcase><testcase classname="src.pymortests.affine_grid" file="src/pymortests/affine_grid.py" line="231" name="test_diameters_shape[&lt;lambda&gt;23]" time="0.0007734298706054688"><skipped message="Suite splitting in effect" type="pytest.skip">src/pymortests/affine_grid.py:231: Suite splitting in effect</skipped></testcase><testcase classname="src.pymortests.affine_grid" file="src/pymortests/affine_grid.py" line="231" name="test_diameters_shape[&lt;lambda&gt;24]" time="0.0003914833068847656"><skipped message="Suite splitting in effect" type="pytest.skip">src/pymortests/affine_grid.py:231: Suite splitting in effect</skipped></testcase><testcase classname="src.pymortests.affine_grid" file="src/pymortests/affine_grid.py" line="231" name="test_diameters_shape[&lt;lambda&gt;25]" time="0.00041985511779785156"><skipped message="Suite splitting in effect" type="pytest.skip">src/pymortests/affine_grid.py:231: Suite splitting in effect</skipped></testcase><testcase classname="src.pymortests.affine_grid" file="src/pymortests/affine_grid.py" line="231" name="test_diameters_shape[&lt;lambda&gt;26]" time="0.0003895759582519531"><skipped message="Suite splitting in effect" type="pytest.skip">src/pymortests/affine_grid.py:231: Suite splitting in effect</skipped></testcase><testcase classname="src.pymortests.affine_grid" file="src/pymortests/affine_grid.py" line="231" name="test_diameters_shape[&lt;lambda&gt;27]" time="0.0004057884216308594"><skipped message="Suite splitting in effect" type="pytest.skip">src/pymortests/affine_grid.py:231: Suite splitting in effect</skipped></testcase><testcase classname="src.pymortests.affine_grid" file="src/pymortests/affine_grid.py" line="231" name="test_diameters_shape[&lt;lambda&gt;28]" time="0.00042247772216796875"><skipped message="Suite splitting in effect" type="pytest.skip">src/pymortests/affine_grid.py:231: Suite splitting in effect</skipped></testcase><testcase classname="src.pymortests.affine_grid" file="src/pymortests/affine_grid.py" line="231" name="test_diameters_shape[&lt;lambda&gt;29]" time="0.00044989585876464844"><skipped message="Suite splitting in effect" type="pytest.skip">src/pymortests/affine_grid.py:231: Suite splitting in effect</skipped></testcase><testcase classname="src.pymortests.affine_grid" file="src/pymortests/affine_grid.py" line="231" name="test_diameters_shape[&lt;lambda&gt;30]" time="0.00040149688720703125"><skipped message="Suite splitting in effect" type="pytest.skip">src/pymortests/affine_grid.py:231: Suite splitting in effect</skipped></testcase><testcase classname="src.pymortests.affine_grid" file="src/pymortests/affine_grid.py" line="231" name="test_diameters_shape[&lt;lambda&gt;31]" time="0.0004074573516845703"><skipped message="Suite splitting in effect" type="pytest.skip">src/pymortests/affine_grid.py:231: Suite splitting in effect</skipped></testcase><testcase classname="src.pymortests.affine_grid" file="src/pymortests/affine_grid.py" line="231" name="test_diameters_shape[&lt;lambda&gt;32]" time="0.0004181861877441406"><skipped message="Suite splitting in effect" type="pytest.skip">src/pymortests/affine_grid.py:231: Suite splitting in effect</skipped></testcase><testcase classname="src.pymortests.affine_grid" file="src/pymortests/affine_grid.py" line="231" name="test_diameters_shape[&lt;lambda&gt;33]" time="0.0003979206085205078"><skipped message="Suite splitting in effect" type="pytest.skip">src/pymortests/affine_grid.py:231: Suite splitting in effect</skipped></testcase><testcase classname="src.pymortests.affine_grid" file="src/pymortests/affine_grid.py" line="231" name="test_diameters_shape[&lt;lambda&gt;34]" time="0.0004451274871826172"><skipped message="Suite splitting in effect" type="pytest.skip">src/pymortests/affine_grid.py:231: Suite splitting in effect</skipped></testcase><testcase classname="src.pymortests.affine_grid" file="src/pymortests/affine_grid.py" line="231" name="test_diameters_shape[&lt;lambda&gt;35]" time="0.0004086494445800781"><skipped message="Suite splitting in effect" type="pytest.skip">src/pymortests/affine_grid.py:231: Suite splitting in effect</skipped></testcase><testcase classname="src.pymortests.affine_grid" file="src/pymortests/affine_grid.py" line="231" name="test_diameters_shape[&lt;lambda&gt;36]" time="0.0004527568817138672"><skipped message="Suite splitting in effect" type="pytest.skip">src/pymortests/affine_grid.py:231: Suite splitting in effect</skipped></testcase><testcase classname="src.pymortests.affine_grid" file="src/pymortests/affine_grid.py" line="231" name="test_diameters_shape[&lt;lambda&gt;37]" time="0.0004131793975830078"><skipped message="Suite splitting in effect" type="pytest.skip">src/pymortests/affine_grid.py:231: Suite splitting in effect</skipped></testcase><testcase classname="src.pymortests.affine_grid" file="src/pymortests/affine_grid.py" line="231" name="test_diameters_shape[&lt;lambda&gt;38]" time="0.0004649162292480469"><skipped message="Suite splitting in effect" type="pytest.skip">src/pymortests/affine_grid.py:231: Suite splitting in effect</skipped></testcase><testcase classname="src.pymortests.affine_grid" file="src/pymortests/affine_grid.py" line="231" name="test_diameters_shape[&lt;lambda&gt;39]" time="0.0003917217254638672"><skipped message="Suite splitting in effect" type="pytest.skip">src/pymortests/affine_grid.py:231: Suite splitting in effect</skipped></testcase><testcase classname="src.pymortests.affine_grid" file="src/pymortests/affine_grid.py" line="231" name="test_diameters_shape[&lt;lambda&gt;40]" time="0.0004191398620605469"><skipped message="Suite splitting in effect" type="pytest.skip">src/pymortests/affine_grid.py:231: Suite splitting in effect</skipped></testcase><testcase classname="src.pymortests.affine_grid" file="src/pymortests/affine_grid.py" line="231" name="test_diameters_shape[&lt;lambda&gt;41]" time="0.0004260540008544922"><skipped message="Suite splitting in effect" type="pytest.skip">src/pymortests/affine_grid.py:231: Suite splitting in effect</skipped></testcase><testcase classname="src.pymortests.affine_grid" file="src/pymortests/affine_grid.py" line="231" name="test_diameters_shape[&lt;lambda&gt;42]" time="0.0004334449768066406"><skipped message="Suite splitting in effect" type="pytest.skip">src/pymortests/affine_grid.py:231: Suite splitting in effect</skipped></testcase><testcase classname="src.pymortests.affine_grid" file="src/pymortests/affine_grid.py" line="237" name="test_diameters_non_negative[&lt;lambda&gt;0]" time="0.000396728515625"><skipped message="Suite splitting in effect" type="pytest.skip">src/pymortests/affine_grid.py:237: Suite splitting in effect</skipped></testcase><testcase classname="src.pymortests.affine_grid" file="src/pymortests/affine_grid.py" line="237" name="test_diameters_non_negative[&lt;lambda&gt;1]" time="0.0004277229309082031"><skipped message="Suite splitting in effect" type="pytest.skip">src/pymortests/affine_grid.py:237: Suite splitting in effect</skipped></testcase><testcase classname="src.pymortests.affine_grid" file="src/pymortests/affine_grid.py" line="237" name="test_diameters_non_negative[&lt;lambda&gt;2]" time="0.00040078163146972656"><skipped message="Suite splitting in effect" type="pytest.skip">src/pymortests/affine_grid.py:237: Suite splitting in effect</skipped></testcase><testcase classname="src.pymortests.affine_grid" file="src/pymortests/affine_grid.py" line="237" name="test_diameters_non_negative[&lt;lambda&gt;3]" time="0.00039315223693847656"><skipped message="Suite splitting in effect" type="pytest.skip">src/pymortests/affine_grid.py:237: Suite splitting in effect</skipped></testcase><testcase classname="src.pymortests.affine_grid" file="src/pymortests/affine_grid.py" line="237" name="test_diameters_non_negative[&lt;lambda&gt;4]" time="0.0004000663757324219"><skipped message="Suite splitting in effect" type="pytest.skip">src/pymortests/affine_grid.py:237: Suite splitting in effect</skipped></testcase><testcase classname="src.pymortests.affine_grid" file="src/pymortests/affine_grid.py" line="237" name="test_diameters_non_negative[&lt;lambda&gt;5]" time="0.0004172325134277344"><skipped message="Suite splitting in effect" type="pytest.skip">src/pymortests/affine_grid.py:237: Suite splitting in effect</skipped></testcase><testcase classname="src.pymortests.affine_grid" file="src/pymortests/affine_grid.py" line="237" name="test_diameters_non_negative[&lt;lambda&gt;6]" time="0.0003902912139892578"><skipped message="Suite splitting in effect" type="pytest.skip">src/pymortests/affine_grid.py:237: Suite splitting in effect</skipped></testcase><testcase classname="src.pymortests.affine_grid" file="src/pymortests/affine_grid.py" line="237" name="test_diameters_non_negative[&lt;lambda&gt;7]" time="0.0003921985626220703"><skipped message="Suite splitting in effect" type="pytest.skip">src/pymortests/affine_grid.py:237: Suite splitting in effect</skipped></testcase><testcase classname="src.pymortests.affine_grid" file="src/pymortests/affine_grid.py" line="237" name="test_diameters_non_negative[&lt;lambda&gt;8]" time="0.0004267692565917969"><skipped message="Suite splitting in effect" type="pytest.skip">src/pymortests/affine_grid.py:237: Suite splitting in effect</skipped></testcase><testcase classname="src.pymortests.affine_grid" file="src/pymortests/affine_grid.py" line="237" name="test_diameters_non_negative[&lt;lambda&gt;9]" time="0.0004203319549560547"><skipped message="Suite splitting in effect" type="pytest.skip">src/pymortests/affine_grid.py:237: Suite splitting in effect</skipped></testcase><testcase classname="src.pymortests.affine_grid" file="src/pymortests/affine_grid.py" line="237" name="test_diameters_non_negative[&lt;lambda&gt;10]" time="0.00039649009704589844"><skipped message="Suite splitting in effect" type="pytest.skip">src/pymortests/affine_grid.py:237: Suite splitting in effect</skipped></testcase><testcase classname="src.pymortests.affine_grid" file="src/pymortests/affine_grid.py" line="237" name="test_diameters_non_negative[&lt;lambda&gt;11]" time="0.0004451274871826172"><skipped message="Suite splitting in effect" type="pytest.skip">src/pymortests/affine_grid.py:237: Suite splitting in effect</skipped></testcase><testcase classname="src.pymortests.affine_grid" file="src/pymortests/affine_grid.py" line="237" name="test_diameters_non_negative[&lt;lambda&gt;12]" time="0.0004382133483886719"><skipped message="Suite splitting in effect" type="pytest.skip">src/pymortests/affine_grid.py:237: Suite splitting in effect</skipped></testcase><testcase classname="src.pymortests.affine_grid" file="src/pymortests/affine_grid.py" line="237" name="test_diameters_non_negative[&lt;lambda&gt;13]" time="0.00039577484130859375"><skipped message="Suite splitting in effect" type="pytest.skip">src/pymortests/affine_grid.py:237: Suite splitting in effect</skipped></testcase><testcase classname="src.pymortests.affine_grid" file="src/pymortests/affine_grid.py" line="237" name="test_diameters_non_negative[&lt;lambda&gt;14]" time="0.0004258155822753906"><skipped message="Suite splitting in effect" type="pytest.skip">src/pymortests/affine_grid.py:237: Suite splitting in effect</skipped></testcase><testcase classname="src.pymortests.affine_grid" file="src/pymortests/affine_grid.py" line="237" name="test_diameters_non_negative[&lt;lambda&gt;15]" time="0.0003979206085205078"><skipped message="Suite splitting in effect" type="pytest.skip">src/pymortests/affine_grid.py:237: Suite splitting in effect</skipped></testcase><testcase classname="src.pymortests.affine_grid" file="src/pymortests/affine_grid.py" line="237" name="test_diameters_non_negative[&lt;lambda&gt;16]" time="0.0003974437713623047"><skipped message="Suite splitting in effect" type="pytest.skip">src/pymortests/affine_grid.py:237: Suite splitting in effect</skipped></testcase><testcase classname="src.pymortests.affine_grid" file="src/pymortests/affine_grid.py" line="237" name="test_diameters_non_negative[&lt;lambda&gt;17]" time="0.0004127025604248047"><skipped message="Suite splitting in effect" type="pytest.skip">src/pymortests/affine_grid.py:237: Suite splitting in effect</skipped></testcase><testcase classname="src.pymortests.affine_grid" file="src/pymortests/affine_grid.py" line="237" name="test_diameters_non_negative[&lt;lambda&gt;18]" time="0.0004525184631347656"><skipped message="Suite splitting in effect" type="pytest.skip">src/pymortests/affine_grid.py:237: Suite splitting in effect</skipped></testcase><testcase classname="src.pymortests.affine_grid" file="src/pymortests/affine_grid.py" line="237" name="test_diameters_non_negative[&lt;lambda&gt;19]" time="0.00040435791015625"><skipped message="Suite splitting in effect" type="pytest.skip">src/pymortests/affine_grid.py:237: Suite splitting in effect</skipped></testcase><testcase classname="src.pymortests.affine_grid" file="src/pymortests/affine_grid.py" line="237" name="test_diameters_non_negative[&lt;lambda&gt;20]" time="0.00041675567626953125"><skipped message="Suite splitting in effect" type="pytest.skip">src/pymortests/affine_grid.py:237: Suite splitting in effect</skipped></testcase><testcase classname="src.pymortests.affine_grid" file="src/pymortests/affine_grid.py" line="237" name="test_diameters_non_negative[&lt;lambda&gt;21]" time="0.0004546642303466797"><skipped message="Suite splitting in effect" type="pytest.skip">src/pymortests/affine_grid.py:237: Suite splitting in effect</skipped></testcase><testcase classname="src.pymortests.affine_grid" file="src/pymortests/affine_grid.py" line="237" name="test_diameters_non_negative[&lt;lambda&gt;22]" time="0.0004239082336425781"><skipped message="Suite splitting in effect" type="pytest.skip">src/pymortests/affine_grid.py:237: Suite splitting in effect</skipped></testcase><testcase classname="src.pymortests.affine_grid" file="src/pymortests/affine_grid.py" line="237" name="test_diameters_non_negative[&lt;lambda&gt;23]" time="0.0003876686096191406"><skipped message="Suite splitting in effect" type="pytest.skip">src/pymortests/affine_grid.py:237: Suite splitting in effect</skipped></testcase><testcase classname="src.pymortests.affine_grid" file="src/pymortests/affine_grid.py" line="237" name="test_diameters_non_negative[&lt;lambda&gt;24]" time="0.0004451274871826172"><skipped message="Suite splitting in effect" type="pytest.skip">src/pymortests/affine_grid.py:237: Suite splitting in effect</skipped></testcase><testcase classname="src.pymortests.affine_grid" file="src/pymortests/affine_grid.py" line="237" name="test_diameters_non_negative[&lt;lambda&gt;25]" time="0.0004260540008544922"><skipped message="Suite splitting in effect" type="pytest.skip">src/pymortests/affine_grid.py:237: Suite splitting in effect</skipped></testcase><testcase classname="src.pymortests.affine_grid" file="src/pymortests/affine_grid.py" line="237" name="test_diameters_non_negative[&lt;lambda&gt;26]" time="0.0004260540008544922"><skipped message="Suite splitting in effect" type="pytest.skip">src/pymortests/affine_grid.py:237: Suite splitting in effect</skipped></testcase><testcase classname="src.pymortests.affine_grid" file="src/pymortests/affine_grid.py" line="237" name="test_diameters_non_negative[&lt;lambda&gt;27]" time="0.00039768218994140625"><skipped message="Suite splitting in effect" type="pytest.skip">src/pymortests/affine_grid.py:237: Suite splitting in effect</skipped></testcase><testcase classname="src.pymortests.affine_grid" file="src/pymortests/affine_grid.py" line="237" name="test_diameters_non_negative[&lt;lambda&gt;28]" time="0.0003905296325683594"><skipped message="Suite splitting in effect" type="pytest.skip">src/pymortests/affine_grid.py:237: Suite splitting in effect</skipped></testcase><testcase classname="src.pymortests.affine_grid" file="src/pymortests/affine_grid.py" line="237" name="test_diameters_non_negative[&lt;lambda&gt;29]" time="0.0004229545593261719"><skipped message="Suite splitting in effect" type="pytest.skip">src/pymortests/affine_grid.py:237: Suite splitting in effect</skipped></testcase><testcase classname="src.pymortests.affine_grid" file="src/pymortests/affine_grid.py" line="237" name="test_diameters_non_negative[&lt;lambda&gt;30]" time="0.00038695335388183594"><skipped message="Suite splitting in effect" type="pytest.skip">src/pymortests/affine_grid.py:237: Suite splitting in effect</skipped></testcase><testcase classname="src.pymortests.affine_grid" file="src/pymortests/affine_grid.py" line="237" name="test_diameters_non_negative[&lt;lambda&gt;31]" time="0.00044083595275878906"><skipped message="Suite splitting in effect" type="pytest.skip">src/pymortests/affine_grid.py:237: Suite splitting in effect</skipped></testcase><testcase classname="src.pymortests.affine_grid" file="src/pymortests/affine_grid.py" line="237" name="test_diameters_non_negative[&lt;lambda&gt;32]" time="0.0003905296325683594"><skipped message="Suite splitting in effect" type="pytest.skip">src/pymortests/affine_grid.py:237: Suite splitting in effect</skipped></testcase><testcase classname="src.pymortests.affine_grid" file="src/pymortests/affine_grid.py" line="237" name="test_diameters_non_negative[&lt;lambda&gt;33]" time="0.0004467964172363281"><skipped message="Suite splitting in effect" type="pytest.skip">src/pymortests/affine_grid.py:237: Suite splitting in effect</skipped></testcase><testcase classname="src.pymortests.affine_grid" file="src/pymortests/affine_grid.py" line="237" name="test_diameters_non_negative[&lt;lambda&gt;34]" time="0.00043463706970214844"><skipped message="Suite splitting in effect" type="pytest.skip">src/pymortests/affine_grid.py:237: Suite splitting in effect</skipped></testcase><testcase classname="src.pymortests.affine_grid" file="src/pymortests/affine_grid.py" line="237" name="test_diameters_non_negative[&lt;lambda&gt;35]" time="0.0004363059997558594"><skipped message="Suite splitting in effect" type="pytest.skip">src/pymortests/affine_grid.py:237: Suite splitting in effect</skipped></testcase><testcase classname="src.pymortests.affine_grid" file="src/pymortests/affine_grid.py" line="237" name="test_diameters_non_negative[&lt;lambda&gt;36]" time="0.00041985511779785156"><skipped message="Suite splitting in effect" type="pytest.skip">src/pymortests/affine_grid.py:237: Suite splitting in effect</skipped></testcase><testcase classname="src.pymortests.affine_grid" file="src/pymortests/affine_grid.py" line="237" name="test_diameters_non_negative[&lt;lambda&gt;37]" time="0.0004162788391113281"><skipped message="Suite splitting in effect" type="pytest.skip">src/pymortests/affine_grid.py:237: Suite splitting in effect</skipped></testcase><testcase classname="src.pymortests.affine_grid" file="src/pymortests/affine_grid.py" line="237" name="test_diameters_non_negative[&lt;lambda&gt;38]" time="0.0004298686981201172"><skipped message="Suite splitting in effect" type="pytest.skip">src/pymortests/affine_grid.py:237: Suite splitting in effect</skipped></testcase><testcase classname="src.pymortests.affine_grid" file="src/pymortests/affine_grid.py" line="237" name="test_diameters_non_negative[&lt;lambda&gt;39]" time="0.00042629241943359375"><skipped message="Suite splitting in effect" type="pytest.skip">src/pymortests/affine_grid.py:237: Suite splitting in effect</skipped></testcase><testcase classname="src.pymortests.affine_grid" file="src/pymortests/affine_grid.py" line="237" name="test_diameters_non_negative[&lt;lambda&gt;40]" time="0.0004248619079589844"><skipped message="Suite splitting in effect" type="pytest.skip">src/pymortests/affine_grid.py:237: Suite splitting in effect</skipped></testcase><testcase classname="src.pymortests.affine_grid" file="src/pymortests/affine_grid.py" line="237" name="test_diameters_non_negative[&lt;lambda&gt;41]" time="0.0006620883941650391"><skipped message="Suite splitting in effect" type="pytest.skip">src/pymortests/affine_grid.py:237: Suite splitting in effect</skipped></testcase><testcase classname="src.pymortests.affine_grid" file="src/pymortests/affine_grid.py" line="237" name="test_diameters_non_negative[&lt;lambda&gt;42]" time="0.0004119873046875"><skipped message="Suite splitting in effect" type="pytest.skip">src/pymortests/affine_grid.py:237: Suite splitting in effect</skipped></testcase><testcase classname="src.pymortests.affine_grid" file="src/pymortests/affine_grid.py" line="243" name="test_diameters_values[&lt;lambda&gt;0]" time="0.00041413307189941406"><skipped message="Suite splitting in effect" type="pytest.skip">src/pymortests/affine_grid.py:243: Suite splitting in effect</skipped></testcase><testcase classname="src.pymortests.affine_grid" file="src/pymortests/affine_grid.py" line="243" name="test_diameters_values[&lt;lambda&gt;1]" time="0.0003921985626220703"><skipped message="Suite splitting in effect" type="pytest.skip">src/pymortests/affine_grid.py:243: Suite splitting in effect</skipped></testcase><testcase classname="src.pymortests.affine_grid" file="src/pymortests/affine_grid.py" line="243" name="test_diameters_values[&lt;lambda&gt;2]" time="0.00039076805114746094"><skipped message="Suite splitting in effect" type="pytest.skip">src/pymortests/affine_grid.py:243: Suite splitting in effect</skipped></testcase><testcase classname="src.pymortests.affine_grid" file="src/pymortests/affine_grid.py" line="243" name="test_diameters_values[&lt;lambda&gt;3]" time="0.0004203319549560547"><skipped message="Suite splitting in effect" type="pytest.skip">src/pymortests/affine_grid.py:243: Suite splitting in effect</skipped></testcase><testcase classname="src.pymortests.affine_grid" file="src/pymortests/affine_grid.py" line="243" name="test_diameters_values[&lt;lambda&gt;4]" time="0.0003905296325683594"><skipped message="Suite splitting in effect" type="pytest.skip">src/pymortests/affine_grid.py:243: Suite splitting in effect</skipped></testcase><testcase classname="src.pymortests.affine_grid" file="src/pymortests/affine_grid.py" line="243" name="test_diameters_values[&lt;lambda&gt;5]" time="0.00041103363037109375"><skipped message="Suite splitting in effect" type="pytest.skip">src/pymortests/affine_grid.py:243: Suite splitting in effect</skipped></testcase><testcase classname="src.pymortests.affine_grid" file="src/pymortests/affine_grid.py" line="243" name="test_diameters_values[&lt;lambda&gt;6]" time="0.0004940032958984375"><skipped message="Suite splitting in effect" type="pytest.skip">src/pymortests/affine_grid.py:243: Suite splitting in effect</skipped></testcase><testcase classname="src.pymortests.affine_grid" file="src/pymortests/affine_grid.py" line="243" name="test_diameters_values[&lt;lambda&gt;7]" time="0.0004849433898925781"><skipped message="Suite splitting in effect" type="pytest.skip">src/pymortests/affine_grid.py:243: Suite splitting in effect</skipped></testcase><testcase classname="src.pymortests.affine_grid" file="src/pymortests/affine_grid.py" line="243" name="test_diameters_values[&lt;lambda&gt;8]" time="0.0005342960357666016"><skipped message="Suite splitting in effect" type="pytest.skip">src/pymortests/affine_grid.py:243: Suite splitting in effect</skipped></testcase><testcase classname="src.pymortests.affine_grid" file="src/pymortests/affine_grid.py" line="243" name="test_diameters_values[&lt;lambda&gt;9]" time="0.0003962516784667969"><skipped message="Suite splitting in effect" type="pytest.skip">src/pymortests/affine_grid.py:243: Suite splitting in effect</skipped></testcase><testcase classname="src.pymortests.affine_grid" file="src/pymortests/affine_grid.py" line="243" name="test_diameters_values[&lt;lambda&gt;10]" time="0.0004284381866455078"><skipped message="Suite splitting in effect" type="pytest.skip">src/pymortests/affine_grid.py:243: Suite splitting in effect</skipped></testcase><testcase classname="src.pymortests.affine_grid" file="src/pymortests/affine_grid.py" line="243" name="test_diameters_values[&lt;lambda&gt;11]" time="0.0004184246063232422"><skipped message="Suite splitting in effect" type="pytest.skip">src/pymortests/affine_grid.py:243: Suite splitting in effect</skipped></testcase><testcase classname="src.pymortests.affine_grid" file="src/pymortests/affine_grid.py" line="243" name="test_diameters_values[&lt;lambda&gt;12]" time="0.0004353523254394531"><skipped message="Suite splitting in effect" type="pytest.skip">src/pymortests/affine_grid.py:243: Suite splitting in effect</skipped></testcase><testcase classname="src.pymortests.affine_grid" file="src/pymortests/affine_grid.py" line="243" name="test_diameters_values[&lt;lambda&gt;13]" time="0.00043201446533203125"><skipped message="Suite splitting in effect" type="pytest.skip">src/pymortests/affine_grid.py:243: Suite splitting in effect</skipped></testcase><testcase classname="src.pymortests.affine_grid" file="src/pymortests/affine_grid.py" line="243" name="test_diameters_values[&lt;lambda&gt;14]" time="0.0004994869232177734"><skipped message="Suite splitting in effect" type="pytest.skip">src/pymortests/affine_grid.py:243: Suite splitting in effect</skipped></testcase><testcase classname="src.pymortests.affine_grid" file="src/pymortests/affine_grid.py" line="243" name="test_diameters_values[&lt;lambda&gt;15]" time="0.0004630088806152344"><skipped message="Suite splitting in effect" type="pytest.skip">src/pymortests/affine_grid.py:243: Suite splitting in effect</skipped></testcase><testcase classname="src.pymortests.affine_grid" file="src/pymortests/affine_grid.py" line="243" name="test_diameters_values[&lt;lambda&gt;16]" time="0.0004169940948486328"><skipped message="Suite splitting in effect" type="pytest.skip">src/pymortests/affine_grid.py:243: Suite splitting in effect</skipped></testcase><testcase classname="src.pymortests.affine_grid" file="src/pymortests/affine_grid.py" line="243" name="test_diameters_values[&lt;lambda&gt;17]" time="0.000438690185546875"><skipped message="Suite splitting in effect" type="pytest.skip">src/pymortests/affine_grid.py:243: Suite splitting in effect</skipped></testcase><testcase classname="src.pymortests.affine_grid" file="src/pymortests/affine_grid.py" line="243" name="test_diameters_values[&lt;lambda&gt;18]" time="0.0005016326904296875"><skipped message="Suite splitting in effect" type="pytest.skip">src/pymortests/affine_grid.py:243: Suite splitting in effect</skipped></testcase><testcase classname="src.pymortests.affine_grid" file="src/pymortests/affine_grid.py" line="243" name="test_diameters_values[&lt;lambda&gt;19]" time="0.00061798095703125"><skipped message="Suite splitting in effect" type="pytest.skip">src/pymortests/affine_grid.py:243: Suite splitting in effect</skipped></testcase><testcase classname="src.pymortests.affine_grid" file="src/pymortests/affine_grid.py" line="243" name="test_diameters_values[&lt;lambda&gt;20]" time="0.0004425048828125"><skipped message="Suite splitting in effect" type="pytest.skip">src/pymortests/affine_grid.py:243: Suite splitting in effect</skipped></testcase><testcase classname="src.pymortests.affine_grid" file="src/pymortests/affine_grid.py" line="243" name="test_diameters_values[&lt;lambda&gt;21]" time="0.0011706352233886719"><skipped message="Suite splitting in effect" type="pytest.skip">src/pymortests/affine_grid.py:243: Suite splitting in effect</skipped></testcase><testcase classname="src.pymortests.affine_grid" file="src/pymortests/affine_grid.py" line="243" name="test_diameters_values[&lt;lambda&gt;22]" time="0.0004291534423828125"><skipped message="Suite splitting in effect" type="pytest.skip">src/pymortests/affine_grid.py:243: Suite splitting in effect</skipped></testcase><testcase classname="src.pymortests.affine_grid" file="src/pymortests/affine_grid.py" line="243" name="test_diameters_values[&lt;lambda&gt;23]" time="0.0004429817199707031"><skipped message="Suite splitting in effect" type="pytest.skip">src/pymortests/affine_grid.py:243: Suite splitting in effect</skipped></testcase><testcase classname="src.pymortests.affine_grid" file="src/pymortests/affine_grid.py" line="243" name="test_diameters_values[&lt;lambda&gt;24]" time="0.0004181861877441406"><skipped message="Suite splitting in effect" type="pytest.skip">src/pymortests/affine_grid.py:243: Suite splitting in effect</skipped></testcase><testcase classname="src.pymortests.affine_grid" file="src/pymortests/affine_grid.py" line="243" name="test_diameters_values[&lt;lambda&gt;25]" time="0.00039076805114746094"><skipped message="Suite splitting in effect" type="pytest.skip">src/pymortests/affine_grid.py:243: Suite splitting in effect</skipped></testcase><testcase classname="src.pymortests.affine_grid" file="src/pymortests/affine_grid.py" line="243" name="test_diameters_values[&lt;lambda&gt;26]" time="0.0003955364227294922"><skipped message="Suite splitting in effect" type="pytest.skip">src/pymortests/affine_grid.py:243: Suite splitting in effect</skipped></testcase><testcase classname="src.pymortests.affine_grid" file="src/pymortests/affine_grid.py" line="243" name="test_diameters_values[&lt;lambda&gt;27]" time="0.0003921985626220703"><skipped message="Suite splitting in effect" type="pytest.skip">src/pymortests/affine_grid.py:243: Suite splitting in effect</skipped></testcase><testcase classname="src.pymortests.affine_grid" file="src/pymortests/affine_grid.py" line="243" name="test_diameters_values[&lt;lambda&gt;28]" time="0.0004239082336425781"><skipped message="Suite splitting in effect" type="pytest.skip">src/pymortests/affine_grid.py:243: Suite splitting in effect</skipped></testcase><testcase classname="src.pymortests.affine_grid" file="src/pymortests/affine_grid.py" line="243" name="test_diameters_values[&lt;lambda&gt;29]" time="0.0004115104675292969"><skipped message="Suite splitting in effect" type="pytest.skip">src/pymortests/affine_grid.py:243: Suite splitting in effect</skipped></testcase><testcase classname="src.pymortests.affine_grid" file="src/pymortests/affine_grid.py" line="243" name="test_diameters_values[&lt;lambda&gt;30]" time="0.0004382133483886719"><skipped message="Suite splitting in effect" type="pytest.skip">src/pymortests/affine_grid.py:243: Suite splitting in effect</skipped></testcase><testcase classname="src.pymortests.affine_grid" file="src/pymortests/affine_grid.py" line="243" name="test_diameters_values[&lt;lambda&gt;31]" time="0.0004363059997558594"><skipped message="Suite splitting in effect" type="pytest.skip">src/pymortests/affine_grid.py:243: Suite splitting in effect</skipped></testcase><testcase classname="src.pymortests.affine_grid" file="src/pymortests/affine_grid.py" line="243" name="test_diameters_values[&lt;lambda&gt;32]" time="0.0007045269012451172"><skipped message="Suite splitting in effect" type="pytest.skip">src/pymortests/affine_grid.py:243: Suite splitting in effect</skipped></testcase><testcase classname="src.pymortests.affine_grid" file="src/pymortests/affine_grid.py" line="243" name="test_diameters_values[&lt;lambda&gt;33]" time="0.0004267692565917969"><skipped message="Suite splitting in effect" type="pytest.skip">src/pymortests/affine_grid.py:243: Suite splitting in effect</skipped></testcase><testcase classname="src.pymortests.affine_grid" file="src/pymortests/affine_grid.py" line="243" name="test_diameters_values[&lt;lambda&gt;34]" time="0.00042176246643066406"><skipped message="Suite splitting in effect" type="pytest.skip">src/pymortests/affine_grid.py:243: Suite splitting in effect</skipped></testcase><testcase classname="src.pymortests.affine_grid" file="src/pymortests/affine_grid.py" line="243" name="test_diameters_values[&lt;lambda&gt;35]" time="0.00041985511779785156"><skipped message="Suite splitting in effect" type="pytest.skip">src/pymortests/affine_grid.py:243: Suite splitting in effect</skipped></testcase><testcase classname="src.pymortests.affine_grid" file="src/pymortests/affine_grid.py" line="243" name="test_diameters_values[&lt;lambda&gt;36]" time="0.0005140304565429688"><skipped message="Suite splitting in effect" type="pytest.skip">src/pymortests/affine_grid.py:243: Suite splitting in effect</skipped></testcase><testcase classname="src.pymortests.affine_grid" file="src/pymortests/affine_grid.py" line="243" name="test_diameters_values[&lt;lambda&gt;37]" time="0.00043487548828125"><skipped message="Suite splitting in effect" type="pytest.skip">src/pymortests/affine_grid.py:243: Suite splitting in effect</skipped></testcase><testcase classname="src.pymortests.affine_grid" file="src/pymortests/affine_grid.py" line="243" name="test_diameters_values[&lt;lambda&gt;38]" time="0.0003962516784667969"><skipped message="Suite splitting in effect" type="pytest.skip">src/pymortests/affine_grid.py:243: Suite splitting in effect</skipped></testcase><testcase classname="src.pymortests.affine_grid" file="src/pymortests/affine_grid.py" line="243" name="test_diameters_values[&lt;lambda&gt;39]" time="0.0004296302795410156"><skipped message="Suite splitting in effect" type="pytest.skip">src/pymortests/affine_grid.py:243: Suite splitting in effect</skipped></testcase><testcase classname="src.pymortests.affine_grid" file="src/pymortests/affine_grid.py" line="243" name="test_diameters_values[&lt;lambda&gt;40]" time="0.00048351287841796875"><skipped message="Suite splitting in effect" type="pytest.skip">src/pymortests/affine_grid.py:243: Suite splitting in effect</skipped></testcase><testcase classname="src.pymortests.affine_grid" file="src/pymortests/affine_grid.py" line="243" name="test_diameters_values[&lt;lambda&gt;41]" time="0.0005037784576416016"><skipped message="Suite splitting in effect" type="pytest.skip">src/pymortests/affine_grid.py:243: Suite splitting in effect</skipped></testcase><testcase classname="src.pymortests.affine_grid" file="src/pymortests/affine_grid.py" line="243" name="test_diameters_values[&lt;lambda&gt;42]" time="0.0006010532379150391"><skipped message="Suite splitting in effect" type="pytest.skip">src/pymortests/affine_grid.py:243: Suite splitting in effect</skipped></testcase><testcase classname="src.pymortests.affine_grid" file="src/pymortests/affine_grid.py" line="250" name="test_quadrature_points_wrong_arguments[&lt;lambda&gt;0]" time="0.00043201446533203125"><skipped message="Suite splitting in effect" type="pytest.skip">src/pymortests/affine_grid.py:250: Suite splitting in effect</skipped></testcase><testcase classname="src.pymortests.affine_grid" file="src/pymortests/affine_grid.py" line="250" name="test_quadrature_points_wrong_arguments[&lt;lambda&gt;1]" time="0.000446319580078125"><skipped message="Suite splitting in effect" type="pytest.skip">src/pymortests/affine_grid.py:250: Suite splitting in effect</skipped></testcase><testcase classname="src.pymortests.affine_grid" file="src/pymortests/affine_grid.py" line="250" name="test_quadrature_points_wrong_arguments[&lt;lambda&gt;2]" time="0.00039887428283691406"><skipped message="Suite splitting in effect" type="pytest.skip">src/pymortests/affine_grid.py:250: Suite splitting in effect</skipped></testcase><testcase classname="src.pymortests.affine_grid" file="src/pymortests/affine_grid.py" line="250" name="test_quadrature_points_wrong_arguments[&lt;lambda&gt;3]" time="0.00043892860412597656"><skipped message="Suite splitting in effect" type="pytest.skip">src/pymortests/affine_grid.py:250: Suite splitting in effect</skipped></testcase><testcase classname="src.pymortests.affine_grid" file="src/pymortests/affine_grid.py" line="250" name="test_quadrature_points_wrong_arguments[&lt;lambda&gt;4]" time="0.0004520416259765625"><skipped message="Suite splitting in effect" type="pytest.skip">src/pymortests/affine_grid.py:250: Suite splitting in effect</skipped></testcase><testcase classname="src.pymortests.affine_grid" file="src/pymortests/affine_grid.py" line="250" name="test_quadrature_points_wrong_arguments[&lt;lambda&gt;5]" time="0.0004398822784423828"><skipped message="Suite splitting in effect" type="pytest.skip">src/pymortests/affine_grid.py:250: Suite splitting in effect</skipped></testcase><testcase classname="src.pymortests.affine_grid" file="src/pymortests/affine_grid.py" line="250" name="test_quadrature_points_wrong_arguments[&lt;lambda&gt;6]" time="0.00042700767517089844"><skipped message="Suite splitting in effect" type="pytest.skip">src/pymortests/affine_grid.py:250: Suite splitting in effect</skipped></testcase><testcase classname="src.pymortests.affine_grid" file="src/pymortests/affine_grid.py" line="250" name="test_quadrature_points_wrong_arguments[&lt;lambda&gt;7]" time="0.0004551410675048828"><skipped message="Suite splitting in effect" type="pytest.skip">src/pymortests/affine_grid.py:250: Suite splitting in effect</skipped></testcase><testcase classname="src.pymortests.affine_grid" file="src/pymortests/affine_grid.py" line="250" name="test_quadrature_points_wrong_arguments[&lt;lambda&gt;8]" time="0.00042176246643066406"><skipped message="Suite splitting in effect" type="pytest.skip">src/pymortests/affine_grid.py:250: Suite splitting in effect</skipped></testcase><testcase classname="src.pymortests.affine_grid" file="src/pymortests/affine_grid.py" line="250" name="test_quadrature_points_wrong_arguments[&lt;lambda&gt;9]" time="0.00043845176696777344"><skipped message="Suite splitting in effect" type="pytest.skip">src/pymortests/affine_grid.py:250: Suite splitting in effect</skipped></testcase><testcase classname="src.pymortests.affine_grid" file="src/pymortests/affine_grid.py" line="250" name="test_quadrature_points_wrong_arguments[&lt;lambda&gt;10]" time="0.00040793418884277344"><skipped message="Suite splitting in effect" type="pytest.skip">src/pymortests/affine_grid.py:250: Suite splitting in effect</skipped></testcase><testcase classname="src.pymortests.affine_grid" file="src/pymortests/affine_grid.py" line="250" name="test_quadrature_points_wrong_arguments[&lt;lambda&gt;11]" time="0.0004317760467529297"><skipped message="Suite splitting in effect" type="pytest.skip">src/pymortests/affine_grid.py:250: Suite splitting in effect</skipped></testcase><testcase classname="src.pymortests.affine_grid" file="src/pymortests/affine_grid.py" line="250" name="test_quadrature_points_wrong_arguments[&lt;lambda&gt;12]" time="0.00040984153747558594"><skipped message="Suite splitting in effect" type="pytest.skip">src/pymortests/affine_grid.py:250: Suite splitting in effect</skipped></testcase><testcase classname="src.pymortests.affine_grid" file="src/pymortests/affine_grid.py" line="250" name="test_quadrature_points_wrong_arguments[&lt;lambda&gt;13]" time="0.0004062652587890625"><skipped message="Suite splitting in effect" type="pytest.skip">src/pymortests/affine_grid.py:250: Suite splitting in effect</skipped></testcase><testcase classname="src.pymortests.affine_grid" file="src/pymortests/affine_grid.py" line="250" name="test_quadrature_points_wrong_arguments[&lt;lambda&gt;14]" time="0.00041222572326660156"><skipped message="Suite splitting in effect" type="pytest.skip">src/pymortests/affine_grid.py:250: Suite splitting in effect</skipped></testcase><testcase classname="src.pymortests.affine_grid" file="src/pymortests/affine_grid.py" line="250" name="test_quadrature_points_wrong_arguments[&lt;lambda&gt;15]" time="0.0004241466522216797"><skipped message="Suite splitting in effect" type="pytest.skip">src/pymortests/affine_grid.py:250: Suite splitting in effect</skipped></testcase><testcase classname="src.pymortests.affine_grid" file="src/pymortests/affine_grid.py" line="250" name="test_quadrature_points_wrong_arguments[&lt;lambda&gt;16]" time="0.0004546642303466797"><skipped message="Suite splitting in effect" type="pytest.skip">src/pymortests/affine_grid.py:250: Suite splitting in effect</skipped></testcase><testcase classname="src.pymortests.affine_grid" file="src/pymortests/affine_grid.py" line="250" name="test_quadrature_points_wrong_arguments[&lt;lambda&gt;17]" time="0.00039839744567871094"><skipped message="Suite splitting in effect" type="pytest.skip">src/pymortests/affine_grid.py:250: Suite splitting in effect</skipped></testcase><testcase classname="src.pymortests.affine_grid" file="src/pymortests/affine_grid.py" line="250" name="test_quadrature_points_wrong_arguments[&lt;lambda&gt;18]" time="0.0004239082336425781"><skipped message="Suite splitting in effect" type="pytest.skip">src/pymortests/affine_grid.py:250: Suite splitting in effect</skipped></testcase><testcase classname="src.pymortests.affine_grid" file="src/pymortests/affine_grid.py" line="250" name="test_quadrature_points_wrong_arguments[&lt;lambda&gt;19]" time="0.00044155120849609375"><skipped message="Suite splitting in effect" type="pytest.skip">src/pymortests/affine_grid.py:250: Suite splitting in effect</skipped></testcase><testcase classname="src.pymortests.affine_grid" file="src/pymortests/affine_grid.py" line="250" name="test_quadrature_points_wrong_arguments[&lt;lambda&gt;20]" time="0.00044083595275878906"><skipped message="Suite splitting in effect" type="pytest.skip">src/pymortests/affine_grid.py:250: Suite splitting in effect</skipped></testcase><testcase classname="src.pymortests.affine_grid" file="src/pymortests/affine_grid.py" line="250" name="test_quadrature_points_wrong_arguments[&lt;lambda&gt;21]" time="0.0004322528839111328"><skipped message="Suite splitting in effect" type="pytest.skip">src/pymortests/affine_grid.py:250: Suite splitting in effect</skipped></testcase><testcase classname="src.pymortests.affine_grid" file="src/pymortests/affine_grid.py" line="250" name="test_quadrature_points_wrong_arguments[&lt;lambda&gt;22]" time="0.0004954338073730469"><skipped message="Suite splitting in effect" type="pytest.skip">src/pymortests/affine_grid.py:250: Suite splitting in effect</skipped></testcase><testcase classname="src.pymortests.affine_grid" file="src/pymortests/affine_grid.py" line="250" name="test_quadrature_points_wrong_arguments[&lt;lambda&gt;23]" time="0.0004222393035888672"><skipped message="Suite splitting in effect" type="pytest.skip">src/pymortests/affine_grid.py:250: Suite splitting in effect</skipped></testcase><testcase classname="src.pymortests.affine_grid" file="src/pymortests/affine_grid.py" line="250" name="test_quadrature_points_wrong_arguments[&lt;lambda&gt;24]" time="0.00042366981506347656"><skipped message="Suite splitting in effect" type="pytest.skip">src/pymortests/affine_grid.py:250: Suite splitting in effect</skipped></testcase><testcase classname="src.pymortests.affine_grid" file="src/pymortests/affine_grid.py" line="250" name="test_quadrature_points_wrong_arguments[&lt;lambda&gt;25]" time="0.00039887428283691406"><skipped message="Suite splitting in effect" type="pytest.skip">src/pymortests/affine_grid.py:250: Suite splitting in effect</skipped></testcase><testcase classname="src.pymortests.affine_grid" file="src/pymortests/affine_grid.py" line="250" name="test_quadrature_points_wrong_arguments[&lt;lambda&gt;26]" time="0.0004374980926513672"><skipped message="Suite splitting in effect" type="pytest.skip">src/pymortests/affine_grid.py:250: Suite splitting in effect</skipped></testcase><testcase classname="src.pymortests.affine_grid" file="src/pymortests/affine_grid.py" line="250" name="test_quadrature_points_wrong_arguments[&lt;lambda&gt;27]" time="0.0004534721374511719"><skipped message="Suite splitting in effect" type="pytest.skip">src/pymortests/affine_grid.py:250: Suite splitting in effect</skipped></testcase><testcase classname="src.pymortests.affine_grid" file="src/pymortests/affine_grid.py" line="250" name="test_quadrature_points_wrong_arguments[&lt;lambda&gt;28]" time="0.00039577484130859375"><skipped message="Suite splitting in effect" type="pytest.skip">src/pymortests/affine_grid.py:250: Suite splitting in effect</skipped></testcase><testcase classname="src.pymortests.affine_grid" file="src/pymortests/affine_grid.py" line="250" name="test_quadrature_points_wrong_arguments[&lt;lambda&gt;29]" time="0.0003941059112548828"><skipped message="Suite splitting in effect" type="pytest.skip">src/pymortests/affine_grid.py:250: Suite splitting in effect</skipped></testcase><testcase classname="src.pymortests.affine_grid" file="src/pymortests/affine_grid.py" line="250" name="test_quadrature_points_wrong_arguments[&lt;lambda&gt;30]" time="0.0003936290740966797"><skipped message="Suite splitting in effect" type="pytest.skip">src/pymortests/affine_grid.py:250: Suite splitting in effect</skipped></testcase><testcase classname="src.pymortests.affine_grid" file="src/pymortests/affine_grid.py" line="250" name="test_quadrature_points_wrong_arguments[&lt;lambda&gt;31]" time="0.0004379749298095703"><skipped message="Suite splitting in effect" type="pytest.skip">src/pymortests/affine_grid.py:250: Suite splitting in effect</skipped></testcase><testcase classname="src.pymortests.affine_grid" file="src/pymortests/affine_grid.py" line="250" name="test_quadrature_points_wrong_arguments[&lt;lambda&gt;32]" time="0.0003941059112548828"><skipped message="Suite splitting in effect" type="pytest.skip">src/pymortests/affine_grid.py:250: Suite splitting in effect</skipped></testcase><testcase classname="src.pymortests.affine_grid" file="src/pymortests/affine_grid.py" line="250" name="test_quadrature_points_wrong_arguments[&lt;lambda&gt;33]" time="0.0003962516784667969"><skipped message="Suite splitting in effect" type="pytest.skip">src/pymortests/affine_grid.py:250: Suite splitting in effect</skipped></testcase><testcase classname="src.pymortests.affine_grid" file="src/pymortests/affine_grid.py" line="250" name="test_quadrature_points_wrong_arguments[&lt;lambda&gt;34]" time="0.00041937828063964844"><skipped message="Suite splitting in effect" type="pytest.skip">src/pymortests/affine_grid.py:250: Suite splitting in effect</skipped></testcase><testcase classname="src.pymortests.affine_grid" file="src/pymortests/affine_grid.py" line="250" name="test_quadrature_points_wrong_arguments[&lt;lambda&gt;35]" time="0.000396728515625"><skipped message="Suite splitting in effect" type="pytest.skip">src/pymortests/affine_grid.py:250: Suite splitting in effect</skipped></testcase><testcase classname="src.pymortests.affine_grid" file="src/pymortests/affine_grid.py" line="250" name="test_quadrature_points_wrong_arguments[&lt;lambda&gt;36]" time="0.00040078163146972656"><skipped message="Suite splitting in effect" type="pytest.skip">src/pymortests/affine_grid.py:250: Suite splitting in effect</skipped></testcase><testcase classname="src.pymortests.affine_grid" file="src/pymortests/affine_grid.py" line="250" name="test_quadrature_points_wrong_arguments[&lt;lambda&gt;37]" time="0.00040268898010253906"><skipped message="Suite splitting in effect" type="pytest.skip">src/pymortests/affine_grid.py:250: Suite splitting in effect</skipped></testcase><testcase classname="src.pymortests.affine_grid" file="src/pymortests/affine_grid.py" line="250" name="test_quadrature_points_wrong_arguments[&lt;lambda&gt;38]" time="0.0004942417144775391"><skipped message="Suite splitting in effect" type="pytest.skip">src/pymortests/affine_grid.py:250: Suite splitting in effect</skipped></testcase><testcase classname="src.pymortests.affine_grid" file="src/pymortests/affine_grid.py" line="250" name="test_quadrature_points_wrong_arguments[&lt;lambda&gt;39]" time="0.0003948211669921875"><skipped message="Suite splitting in effect" type="pytest.skip">src/pymortests/affine_grid.py:250: Suite splitting in effect</skipped></testcase><testcase classname="src.pymortests.affine_grid" file="src/pymortests/affine_grid.py" line="250" name="test_quadrature_points_wrong_arguments[&lt;lambda&gt;40]" time="0.0004239082336425781"><skipped message="Suite splitting in effect" type="pytest.skip">src/pymortests/affine_grid.py:250: Suite splitting in effect</skipped></testcase><testcase classname="src.pymortests.affine_grid" file="src/pymortests/affine_grid.py" line="250" name="test_quadrature_points_wrong_arguments[&lt;lambda&gt;41]" time="0.00039887428283691406"><skipped message="Suite splitting in effect" type="pytest.skip">src/pymortests/affine_grid.py:250: Suite splitting in effect</skipped></testcase><testcase classname="src.pymortests.affine_grid" file="src/pymortests/affine_grid.py" line="250" name="test_quadrature_points_wrong_arguments[&lt;lambda&gt;42]" time="0.0005218982696533203"><skipped message="Suite splitting in effect" type="pytest.skip">src/pymortests/affine_grid.py:250: Suite splitting in effect</skipped></testcase><testcase classname="src.pymortests.affine_grid" file="src/pymortests/affine_grid.py" line="265" name="test_quadrature_points_shape[&lt;lambda&gt;0]" time="0.0004029273986816406"><skipped message="Suite splitting in effect" type="pytest.skip">src/pymortests/affine_grid.py:265: Suite splitting in effect</skipped></testcase><testcase classname="src.pymortests.affine_grid" file="src/pymortests/affine_grid.py" line="265" name="test_quadrature_points_shape[&lt;lambda&gt;1]" time="0.0005257129669189453"><skipped message="Suite splitting in effect" type="pytest.skip">src/pymortests/affine_grid.py:265: Suite splitting in effect</skipped></testcase><testcase classname="src.pymortests.affine_grid" file="src/pymortests/affine_grid.py" line="265" name="test_quadrature_points_shape[&lt;lambda&gt;2]" time="0.00046253204345703125"><skipped message="Suite splitting in effect" type="pytest.skip">src/pymortests/affine_grid.py:265: Suite splitting in effect</skipped></testcase><testcase classname="src.pymortests.affine_grid" file="src/pymortests/affine_grid.py" line="265" name="test_quadrature_points_shape[&lt;lambda&gt;3]" time="0.0004107952117919922"><skipped message="Suite splitting in effect" type="pytest.skip">src/pymortests/affine_grid.py:265: Suite splitting in effect</skipped></testcase><testcase classname="src.pymortests.affine_grid" file="src/pymortests/affine_grid.py" line="265" name="test_quadrature_points_shape[&lt;lambda&gt;4]" time="0.00043511390686035156"><skipped message="Suite splitting in effect" type="pytest.skip">src/pymortests/affine_grid.py:265: Suite splitting in effect</skipped></testcase><testcase classname="src.pymortests.affine_grid" file="src/pymortests/affine_grid.py" line="265" name="test_quadrature_points_shape[&lt;lambda&gt;5]" time="0.00043392181396484375"><skipped message="Suite splitting in effect" type="pytest.skip">src/pymortests/affine_grid.py:265: Suite splitting in effect</skipped></testcase><testcase classname="src.pymortests.affine_grid" file="src/pymortests/affine_grid.py" line="265" name="test_quadrature_points_shape[&lt;lambda&gt;6]" time="0.0004329681396484375"><skipped message="Suite splitting in effect" type="pytest.skip">src/pymortests/affine_grid.py:265: Suite splitting in effect</skipped></testcase><testcase classname="src.pymortests.affine_grid" file="src/pymortests/affine_grid.py" line="265" name="test_quadrature_points_shape[&lt;lambda&gt;7]" time="0.0004642009735107422"><skipped message="Suite splitting in effect" type="pytest.skip">src/pymortests/affine_grid.py:265: Suite splitting in effect</skipped></testcase><testcase classname="src.pymortests.affine_grid" file="src/pymortests/affine_grid.py" line="265" name="test_quadrature_points_shape[&lt;lambda&gt;8]" time="0.00043272972106933594"><skipped message="Suite splitting in effect" type="pytest.skip">src/pymortests/affine_grid.py:265: Suite splitting in effect</skipped></testcase><testcase classname="src.pymortests.affine_grid" file="src/pymortests/affine_grid.py" line="265" name="test_quadrature_points_shape[&lt;lambda&gt;9]" time="0.0004172325134277344"><skipped message="Suite splitting in effect" type="pytest.skip">src/pymortests/affine_grid.py:265: Suite splitting in effect</skipped></testcase><testcase classname="src.pymortests.affine_grid" file="src/pymortests/affine_grid.py" line="265" name="test_quadrature_points_shape[&lt;lambda&gt;10]" time="0.0003972053527832031"><skipped message="Suite splitting in effect" type="pytest.skip">src/pymortests/affine_grid.py:265: Suite splitting in effect</skipped></testcase><testcase classname="src.pymortests.affine_grid" file="src/pymortests/affine_grid.py" line="265" name="test_quadrature_points_shape[&lt;lambda&gt;11]" time="0.0004298686981201172"><skipped message="Suite splitting in effect" type="pytest.skip">src/pymortests/affine_grid.py:265: Suite splitting in effect</skipped></testcase><testcase classname="src.pymortests.affine_grid" file="src/pymortests/affine_grid.py" line="265" name="test_quadrature_points_shape[&lt;lambda&gt;12]" time="0.000400543212890625"><skipped message="Suite splitting in effect" type="pytest.skip">src/pymortests/affine_grid.py:265: Suite splitting in effect</skipped></testcase><testcase classname="src.pymortests.affine_grid" file="src/pymortests/affine_grid.py" line="265" name="test_quadrature_points_shape[&lt;lambda&gt;13]" time="0.00042319297790527344"><skipped message="Suite splitting in effect" type="pytest.skip">src/pymortests/affine_grid.py:265: Suite splitting in effect</skipped></testcase><testcase classname="src.pymortests.affine_grid" file="src/pymortests/affine_grid.py" line="265" name="test_quadrature_points_shape[&lt;lambda&gt;14]" time="0.00042176246643066406"><skipped message="Suite splitting in effect" type="pytest.skip">src/pymortests/affine_grid.py:265: Suite splitting in effect</skipped></testcase><testcase classname="src.pymortests.affine_grid" file="src/pymortests/affine_grid.py" line="265" name="test_quadrature_points_shape[&lt;lambda&gt;15]" time="0.0004315376281738281"><skipped message="Suite splitting in effect" type="pytest.skip">src/pymortests/affine_grid.py:265: Suite splitting in effect</skipped></testcase><testcase classname="src.pymortests.affine_grid" file="src/pymortests/affine_grid.py" line="265" name="test_quadrature_points_shape[&lt;lambda&gt;16]" time="0.00043010711669921875"><skipped message="Suite splitting in effect" type="pytest.skip">src/pymortests/affine_grid.py:265: Suite splitting in effect</skipped></testcase><testcase classname="src.pymortests.affine_grid" file="src/pymortests/affine_grid.py" line="265" name="test_quadrature_points_shape[&lt;lambda&gt;17]" time="0.0003962516784667969"><skipped message="Suite splitting in effect" type="pytest.skip">src/pymortests/affine_grid.py:265: Suite splitting in effect</skipped></testcase><testcase classname="src.pymortests.affine_grid" file="src/pymortests/affine_grid.py" line="265" name="test_quadrature_points_shape[&lt;lambda&gt;18]" time="0.00041556358337402344"><skipped message="Suite splitting in effect" type="pytest.skip">src/pymortests/affine_grid.py:265: Suite splitting in effect</skipped></testcase><testcase classname="src.pymortests.affine_grid" file="src/pymortests/affine_grid.py" line="265" name="test_quadrature_points_shape[&lt;lambda&gt;19]" time="0.0004832744598388672"><skipped message="Suite splitting in effect" type="pytest.skip">src/pymortests/affine_grid.py:265: Suite splitting in effect</skipped></testcase><testcase classname="src.pymortests.affine_grid" file="src/pymortests/affine_grid.py" line="265" name="test_quadrature_points_shape[&lt;lambda&gt;20]" time="0.0004565715789794922"><skipped message="Suite splitting in effect" type="pytest.skip">src/pymortests/affine_grid.py:265: Suite splitting in effect</skipped></testcase><testcase classname="src.pymortests.affine_grid" file="src/pymortests/affine_grid.py" line="265" name="test_quadrature_points_shape[&lt;lambda&gt;21]" time="0.0004279613494873047"><skipped message="Suite splitting in effect" type="pytest.skip">src/pymortests/affine_grid.py:265: Suite splitting in effect</skipped></testcase><testcase classname="src.pymortests.affine_grid" file="src/pymortests/affine_grid.py" line="265" name="test_quadrature_points_shape[&lt;lambda&gt;22]" time="0.0004215240478515625"><skipped message="Suite splitting in effect" type="pytest.skip">src/pymortests/affine_grid.py:265: Suite splitting in effect</skipped></testcase><testcase classname="src.pymortests.affine_grid" file="src/pymortests/affine_grid.py" line="265" name="test_quadrature_points_shape[&lt;lambda&gt;23]" time="0.0004680156707763672"><skipped message="Suite splitting in effect" type="pytest.skip">src/pymortests/affine_grid.py:265: Suite splitting in effect</skipped></testcase><testcase classname="src.pymortests.affine_grid" file="src/pymortests/affine_grid.py" line="265" name="test_quadrature_points_shape[&lt;lambda&gt;24]" time="0.0004208087921142578"><skipped message="Suite splitting in effect" type="pytest.skip">src/pymortests/affine_grid.py:265: Suite splitting in effect</skipped></testcase><testcase classname="src.pymortests.affine_grid" file="src/pymortests/affine_grid.py" line="265" name="test_quadrature_points_shape[&lt;lambda&gt;25]" time="0.0004298686981201172"><skipped message="Suite splitting in effect" type="pytest.skip">src/pymortests/affine_grid.py:265: Suite splitting in effect</skipped></testcase><testcase classname="src.pymortests.affine_grid" file="src/pymortests/affine_grid.py" line="265" name="test_quadrature_points_shape[&lt;lambda&gt;26]" time="0.000431060791015625"><skipped message="Suite splitting in effect" type="pytest.skip">src/pymortests/affine_grid.py:265: Suite splitting in effect</skipped></testcase><testcase classname="src.pymortests.affine_grid" file="src/pymortests/affine_grid.py" line="265" name="test_quadrature_points_shape[&lt;lambda&gt;27]" time="0.00042176246643066406"><skipped message="Suite splitting in effect" type="pytest.skip">src/pymortests/affine_grid.py:265: Suite splitting in effect</skipped></testcase><testcase classname="src.pymortests.affine_grid" file="src/pymortests/affine_grid.py" line="265" name="test_quadrature_points_shape[&lt;lambda&gt;28]" time="0.0005350112915039062"><skipped message="Suite splitting in effect" type="pytest.skip">src/pymortests/affine_grid.py:265: Suite splitting in effect</skipped></testcase><testcase classname="src.pymortests.affine_grid" file="src/pymortests/affine_grid.py" line="265" name="test_quadrature_points_shape[&lt;lambda&gt;29]" time="0.0005342960357666016"><skipped message="Suite splitting in effect" type="pytest.skip">src/pymortests/affine_grid.py:265: Suite splitting in effect</skipped></testcase><testcase classname="src.pymortests.affine_grid" file="src/pymortests/affine_grid.py" line="265" name="test_quadrature_points_shape[&lt;lambda&gt;30]" time="0.0005230903625488281"><skipped message="Suite splitting in effect" type="pytest.skip">src/pymortests/affine_grid.py:265: Suite splitting in effect</skipped></testcase><testcase classname="src.pymortests.affine_grid" file="src/pymortests/affine_grid.py" line="265" name="test_quadrature_points_shape[&lt;lambda&gt;31]" time="0.0004010200500488281"><skipped message="Suite splitting in effect" type="pytest.skip">src/pymortests/affine_grid.py:265: Suite splitting in effect</skipped></testcase><testcase classname="src.pymortests.affine_grid" file="src/pymortests/affine_grid.py" line="265" name="test_quadrature_points_shape[&lt;lambda&gt;32]" time="0.0004215240478515625"><skipped message="Suite splitting in effect" type="pytest.skip">src/pymortests/affine_grid.py:265: Suite splitting in effect</skipped></testcase><testcase classname="src.pymortests.affine_grid" file="src/pymortests/affine_grid.py" line="265" name="test_quadrature_points_shape[&lt;lambda&gt;33]" time="0.0004286766052246094"><skipped message="Suite splitting in effect" type="pytest.skip">src/pymortests/affine_grid.py:265: Suite splitting in effect</skipped></testcase><testcase classname="src.pymortests.affine_grid" file="src/pymortests/affine_grid.py" line="265" name="test_quadrature_points_shape[&lt;lambda&gt;34]" time="0.00038623809814453125"><skipped message="Suite splitting in effect" type="pytest.skip">src/pymortests/affine_grid.py:265: Suite splitting in effect</skipped></testcase><testcase classname="src.pymortests.affine_grid" file="src/pymortests/affine_grid.py" line="265" name="test_quadrature_points_shape[&lt;lambda&gt;35]" time="0.0004162788391113281"><skipped message="Suite splitting in effect" type="pytest.skip">src/pymortests/affine_grid.py:265: Suite splitting in effect</skipped></testcase><testcase classname="src.pymortests.affine_grid" file="src/pymortests/affine_grid.py" line="265" name="test_quadrature_points_shape[&lt;lambda&gt;36]" time="0.00038909912109375"><skipped message="Suite splitting in effect" type="pytest.skip">src/pymortests/affine_grid.py:265: Suite splitting in effect</skipped></testcase><testcase classname="src.pymortests.affine_grid" file="src/pymortests/affine_grid.py" line="265" name="test_quadrature_points_shape[&lt;lambda&gt;37]" time="0.000423431396484375"><skipped message="Suite splitting in effect" type="pytest.skip">src/pymortests/affine_grid.py:265: Suite splitting in effect</skipped></testcase><testcase classname="src.pymortests.affine_grid" file="src/pymortests/affine_grid.py" line="265" name="test_quadrature_points_shape[&lt;lambda&gt;38]" time="0.0004069805145263672"><skipped message="Suite splitting in effect" type="pytest.skip">src/pymortests/affine_grid.py:265: Suite splitting in effect</skipped></testcase><testcase classname="src.pymortests.affine_grid" file="src/pymortests/affine_grid.py" line="265" name="test_quadrature_points_shape[&lt;lambda&gt;39]" time="0.00044226646423339844"><skipped message="Suite splitting in effect" type="pytest.skip">src/pymortests/affine_grid.py:265: Suite splitting in effect</skipped></testcase><testcase classname="src.pymortests.affine_grid" file="src/pymortests/affine_grid.py" line="265" name="test_quadrature_points_shape[&lt;lambda&gt;40]" time="0.0004227161407470703"><skipped message="Suite splitting in effect" type="pytest.skip">src/pymortests/affine_grid.py:265: Suite splitting in effect</skipped></testcase><testcase classname="src.pymortests.affine_grid" file="src/pymortests/affine_grid.py" line="265" name="test_quadrature_points_shape[&lt;lambda&gt;41]" time="0.0008051395416259766"><skipped message="Suite splitting in effect" type="pytest.skip">src/pymortests/affine_grid.py:265: Suite splitting in effect</skipped></testcase><testcase classname="src.pymortests.affine_grid" file="src/pymortests/affine_grid.py" line="265" name="test_quadrature_points_shape[&lt;lambda&gt;42]" time="0.0004229545593261719"><skipped message="Suite splitting in effect" type="pytest.skip">src/pymortests/affine_grid.py:265: Suite splitting in effect</skipped></testcase><testcase classname="src.pymortests.affine_grid" file="src/pymortests/affine_grid.py" line="275" name="test_quadrature_points_values[&lt;lambda&gt;0]" time="0.0003986358642578125"><skipped message="Suite splitting in effect" type="pytest.skip">src/pymortests/affine_grid.py:275: Suite splitting in effect</skipped></testcase><testcase classname="src.pymortests.affine_grid" file="src/pymortests/affine_grid.py" line="275" name="test_quadrature_points_values[&lt;lambda&gt;1]" time="0.0004444122314453125"><skipped message="Suite splitting in effect" type="pytest.skip">src/pymortests/affine_grid.py:275: Suite splitting in effect</skipped></testcase><testcase classname="src.pymortests.affine_grid" file="src/pymortests/affine_grid.py" line="275" name="test_quadrature_points_values[&lt;lambda&gt;2]" time="0.0004010200500488281"><skipped message="Suite splitting in effect" type="pytest.skip">src/pymortests/affine_grid.py:275: Suite splitting in effect</skipped></testcase><testcase classname="src.pymortests.affine_grid" file="src/pymortests/affine_grid.py" line="275" name="test_quadrature_points_values[&lt;lambda&gt;3]" time="0.00048160552978515625"><skipped message="Suite splitting in effect" type="pytest.skip">src/pymortests/affine_grid.py:275: Suite splitting in effect</skipped></testcase><testcase classname="src.pymortests.affine_grid" file="src/pymortests/affine_grid.py" line="275" name="test_quadrature_points_values[&lt;lambda&gt;4]" time="0.00040030479431152344"><skipped message="Suite splitting in effect" type="pytest.skip">src/pymortests/affine_grid.py:275: Suite splitting in effect</skipped></testcase><testcase classname="src.pymortests.affine_grid" file="src/pymortests/affine_grid.py" line="275" name="test_quadrature_points_values[&lt;lambda&gt;5]" time="0.00043487548828125"><skipped message="Suite splitting in effect" type="pytest.skip">src/pymortests/affine_grid.py:275: Suite splitting in effect</skipped></testcase><testcase classname="src.pymortests.affine_grid" file="src/pymortests/affine_grid.py" line="275" name="test_quadrature_points_values[&lt;lambda&gt;6]" time="0.00044989585876464844"><skipped message="Suite splitting in effect" type="pytest.skip">src/pymortests/affine_grid.py:275: Suite splitting in effect</skipped></testcase><testcase classname="src.pymortests.affine_grid" file="src/pymortests/affine_grid.py" line="275" name="test_quadrature_points_values[&lt;lambda&gt;7]" time="0.0003936290740966797"><skipped message="Suite splitting in effect" type="pytest.skip">src/pymortests/affine_grid.py:275: Suite splitting in effect</skipped></testcase><testcase classname="src.pymortests.affine_grid" file="src/pymortests/affine_grid.py" line="275" name="test_quadrature_points_values[&lt;lambda&gt;8]" time="0.0004227161407470703"><skipped message="Suite splitting in effect" type="pytest.skip">src/pymortests/affine_grid.py:275: Suite splitting in effect</skipped></testcase><testcase classname="src.pymortests.affine_grid" file="src/pymortests/affine_grid.py" line="275" name="test_quadrature_points_values[&lt;lambda&gt;9]" time="0.00041031837463378906"><skipped message="Suite splitting in effect" type="pytest.skip">src/pymortests/affine_grid.py:275: Suite splitting in effect</skipped></testcase><testcase classname="src.pymortests.affine_grid" file="src/pymortests/affine_grid.py" line="275" name="test_quadrature_points_values[&lt;lambda&gt;10]" time="0.0004546642303466797"><skipped message="Suite splitting in effect" type="pytest.skip">src/pymortests/affine_grid.py:275: Suite splitting in effect</skipped></testcase><testcase classname="src.pymortests.affine_grid" file="src/pymortests/affine_grid.py" line="275" name="test_quadrature_points_values[&lt;lambda&gt;11]" time="0.000396728515625"><skipped message="Suite splitting in effect" type="pytest.skip">src/pymortests/affine_grid.py:275: Suite splitting in effect</skipped></testcase><testcase classname="src.pymortests.affine_grid" file="src/pymortests/affine_grid.py" line="275" name="test_quadrature_points_values[&lt;lambda&gt;12]" time="0.0004296302795410156"><skipped message="Suite splitting in effect" type="pytest.skip">src/pymortests/affine_grid.py:275: Suite splitting in effect</skipped></testcase><testcase classname="src.pymortests.affine_grid" file="src/pymortests/affine_grid.py" line="275" name="test_quadrature_points_values[&lt;lambda&gt;13]" time="0.0004048347473144531"><skipped message="Suite splitting in effect" type="pytest.skip">src/pymortests/affine_grid.py:275: Suite splitting in effect</skipped></testcase><testcase classname="src.pymortests.affine_grid" file="src/pymortests/affine_grid.py" line="275" name="test_quadrature_points_values[&lt;lambda&gt;14]" time="0.0003879070281982422"><skipped message="Suite splitting in effect" type="pytest.skip">src/pymortests/affine_grid.py:275: Suite splitting in effect</skipped></testcase><testcase classname="src.pymortests.affine_grid" file="src/pymortests/affine_grid.py" line="275" name="test_quadrature_points_values[&lt;lambda&gt;15]" time="0.0003910064697265625"><skipped message="Suite splitting in effect" type="pytest.skip">src/pymortests/affine_grid.py:275: Suite splitting in effect</skipped></testcase><testcase classname="src.pymortests.affine_grid" file="src/pymortests/affine_grid.py" line="275" name="test_quadrature_points_values[&lt;lambda&gt;16]" time="0.00039768218994140625"><skipped message="Suite splitting in effect" type="pytest.skip">src/pymortests/affine_grid.py:275: Suite splitting in effect</skipped></testcase><testcase classname="src.pymortests.affine_grid" file="src/pymortests/affine_grid.py" line="275" name="test_quadrature_points_values[&lt;lambda&gt;17]" time="0.0003898143768310547"><skipped message="Suite splitting in effect" type="pytest.skip">src/pymortests/affine_grid.py:275: Suite splitting in effect</skipped></testcase><testcase classname="src.pymortests.affine_grid" file="src/pymortests/affine_grid.py" line="275" name="test_quadrature_points_values[&lt;lambda&gt;18]" time="0.0004520416259765625"><skipped message="Suite splitting in effect" type="pytest.skip">src/pymortests/affine_grid.py:275: Suite splitting in effect</skipped></testcase><testcase classname="src.pymortests.affine_grid" file="src/pymortests/affine_grid.py" line="275" name="test_quadrature_points_values[&lt;lambda&gt;19]" time="0.0003998279571533203"><skipped message="Suite splitting in effect" type="pytest.skip">src/pymortests/affine_grid.py:275: Suite splitting in effect</skipped></testcase><testcase classname="src.pymortests.affine_grid" file="src/pymortests/affine_grid.py" line="275" name="test_quadrature_points_values[&lt;lambda&gt;20]" time="0.0004029273986816406"><skipped message="Suite splitting in effect" type="pytest.skip">src/pymortests/affine_grid.py:275: Suite splitting in effect</skipped></testcase><testcase classname="src.pymortests.affine_grid" file="src/pymortests/affine_grid.py" line="275" name="test_quadrature_points_values[&lt;lambda&gt;21]" time="0.0005114078521728516"><skipped message="Suite splitting in effect" type="pytest.skip">src/pymortests/affine_grid.py:275: Suite splitting in effect</skipped></testcase><testcase classname="src.pymortests.affine_grid" file="src/pymortests/affine_grid.py" line="275" name="test_quadrature_points_values[&lt;lambda&gt;22]" time="0.00042366981506347656"><skipped message="Suite splitting in effect" type="pytest.skip">src/pymortests/affine_grid.py:275: Suite splitting in effect</skipped></testcase><testcase classname="src.pymortests.affine_grid" file="src/pymortests/affine_grid.py" line="275" name="test_quadrature_points_values[&lt;lambda&gt;23]" time="0.0005431175231933594"><skipped message="Suite splitting in effect" type="pytest.skip">src/pymortests/affine_grid.py:275: Suite splitting in effect</skipped></testcase><testcase classname="src.pymortests.affine_grid" file="src/pymortests/affine_grid.py" line="275" name="test_quadrature_points_values[&lt;lambda&gt;24]" time="0.00038909912109375"><skipped message="Suite splitting in effect" type="pytest.skip">src/pymortests/affine_grid.py:275: Suite splitting in effect</skipped></testcase><testcase classname="src.pymortests.affine_grid" file="src/pymortests/affine_grid.py" line="275" name="test_quadrature_points_values[&lt;lambda&gt;25]" time="0.00039696693420410156"><skipped message="Suite splitting in effect" type="pytest.skip">src/pymortests/affine_grid.py:275: Suite splitting in effect</skipped></testcase><testcase classname="src.pymortests.affine_grid" file="src/pymortests/affine_grid.py" line="275" name="test_quadrature_points_values[&lt;lambda&gt;26]" time="0.0003917217254638672"><skipped message="Suite splitting in effect" type="pytest.skip">src/pymortests/affine_grid.py:275: Suite splitting in effect</skipped></testcase><testcase classname="src.pymortests.affine_grid" file="src/pymortests/affine_grid.py" line="275" name="test_quadrature_points_values[&lt;lambda&gt;27]" time="0.00039839744567871094"><skipped message="Suite splitting in effect" type="pytest.skip">src/pymortests/affine_grid.py:275: Suite splitting in effect</skipped></testcase><testcase classname="src.pymortests.affine_grid" file="src/pymortests/affine_grid.py" line="275" name="test_quadrature_points_values[&lt;lambda&gt;28]" time="0.0003910064697265625"><skipped message="Suite splitting in effect" type="pytest.skip">src/pymortests/affine_grid.py:275: Suite splitting in effect</skipped></testcase><testcase classname="src.pymortests.affine_grid" file="src/pymortests/affine_grid.py" line="275" name="test_quadrature_points_values[&lt;lambda&gt;29]" time="0.0004456043243408203"><skipped message="Suite splitting in effect" type="pytest.skip">src/pymortests/affine_grid.py:275: Suite splitting in effect</skipped></testcase><testcase classname="src.pymortests.affine_grid" file="src/pymortests/affine_grid.py" line="275" name="test_quadrature_points_values[&lt;lambda&gt;30]" time="0.0003993511199951172"><skipped message="Suite splitting in effect" type="pytest.skip">src/pymortests/affine_grid.py:275: Suite splitting in effect</skipped></testcase><testcase classname="src.pymortests.affine_grid" file="src/pymortests/affine_grid.py" line="275" name="test_quadrature_points_values[&lt;lambda&gt;31]" time="0.000423431396484375"><skipped message="Suite splitting in effect" type="pytest.skip">src/pymortests/affine_grid.py:275: Suite splitting in effect</skipped></testcase><testcase classname="src.pymortests.affine_grid" file="src/pymortests/affine_grid.py" line="275" name="test_quadrature_points_values[&lt;lambda&gt;32]" time="0.00040149688720703125"><skipped message="Suite splitting in effect" type="pytest.skip">src/pymortests/affine_grid.py:275: Suite splitting in effect</skipped></testcase><testcase classname="src.pymortests.affine_grid" file="src/pymortests/affine_grid.py" line="275" name="test_quadrature_points_values[&lt;lambda&gt;33]" time="0.0004229545593261719"><skipped message="Suite splitting in effect" type="pytest.skip">src/pymortests/affine_grid.py:275: Suite splitting in effect</skipped></testcase><testcase classname="src.pymortests.affine_grid" file="src/pymortests/affine_grid.py" line="275" name="test_quadrature_points_values[&lt;lambda&gt;34]" time="0.0004439353942871094"><skipped message="Suite splitting in effect" type="pytest.skip">src/pymortests/affine_grid.py:275: Suite splitting in effect</skipped></testcase><testcase classname="src.pymortests.affine_grid" file="src/pymortests/affine_grid.py" line="275" name="test_quadrature_points_values[&lt;lambda&gt;35]" time="0.00041294097900390625"><skipped message="Suite splitting in effect" type="pytest.skip">src/pymortests/affine_grid.py:275: Suite splitting in effect</skipped></testcase><testcase classname="src.pymortests.affine_grid" file="src/pymortests/affine_grid.py" line="275" name="test_quadrature_points_values[&lt;lambda&gt;36]" time="0.00040078163146972656"><skipped message="Suite splitting in effect" type="pytest.skip">src/pymortests/affine_grid.py:275: Suite splitting in effect</skipped></testcase><testcase classname="src.pymortests.affine_grid" file="src/pymortests/affine_grid.py" line="275" name="test_quadrature_points_values[&lt;lambda&gt;37]" time="0.0004987716674804688"><skipped message="Suite splitting in effect" type="pytest.skip">src/pymortests/affine_grid.py:275: Suite splitting in effect</skipped></testcase><testcase classname="src.pymortests.affine_grid" file="src/pymortests/affine_grid.py" line="275" name="test_quadrature_points_values[&lt;lambda&gt;38]" time="0.0005521774291992188"><skipped message="Suite splitting in effect" type="pytest.skip">src/pymortests/affine_grid.py:275: Suite splitting in effect</skipped></testcase><testcase classname="src.pymortests.affine_grid" file="src/pymortests/affine_grid.py" line="275" name="test_quadrature_points_values[&lt;lambda&gt;39]" time="0.0004291534423828125"><skipped message="Suite splitting in effect" type="pytest.skip">src/pymortests/affine_grid.py:275: Suite splitting in effect</skipped></testcase><testcase classname="src.pymortests.affine_grid" file="src/pymortests/affine_grid.py" line="275" name="test_quadrature_points_values[&lt;lambda&gt;40]" time="0.0004343986511230469"><skipped message="Suite splitting in effect" type="pytest.skip">src/pymortests/affine_grid.py:275: Suite splitting in effect</skipped></testcase><testcase classname="src.pymortests.affine_grid" file="src/pymortests/affine_grid.py" line="275" name="test_quadrature_points_values[&lt;lambda&gt;41]" time="0.0004544258117675781"><skipped message="Suite splitting in effect" type="pytest.skip">src/pymortests/affine_grid.py:275: Suite splitting in effect</skipped></testcase><testcase classname="src.pymortests.affine_grid" file="src/pymortests/affine_grid.py" line="275" name="test_quadrature_points_values[&lt;lambda&gt;42]" time="0.00042247772216796875"><skipped message="Suite splitting in effect" type="pytest.skip">src/pymortests/affine_grid.py:275: Suite splitting in effect</skipped></testcase><testcase classname="src.pymortests.affine_grid" file="src/pymortests/affine_grid.py" line="288" name="test_bounding_box[&lt;lambda&gt;0]" time="0.00046539306640625"><skipped message="Suite splitting in effect" type="pytest.skip">src/pymortests/affine_grid.py:288: Suite splitting in effect</skipped></testcase><testcase classname="src.pymortests.affine_grid" file="src/pymortests/affine_grid.py" line="288" name="test_bounding_box[&lt;lambda&gt;1]" time="0.0004551410675048828"><skipped message="Suite splitting in effect" type="pytest.skip">src/pymortests/affine_grid.py:288: Suite splitting in effect</skipped></testcase><testcase classname="src.pymortests.affine_grid" file="src/pymortests/affine_grid.py" line="288" name="test_bounding_box[&lt;lambda&gt;2]" time="0.0004584789276123047"><skipped message="Suite splitting in effect" type="pytest.skip">src/pymortests/affine_grid.py:288: Suite splitting in effect</skipped></testcase><testcase classname="src.pymortests.affine_grid" file="src/pymortests/affine_grid.py" line="288" name="test_bounding_box[&lt;lambda&gt;3]" time="0.0004017353057861328"><skipped message="Suite splitting in effect" type="pytest.skip">src/pymortests/affine_grid.py:288: Suite splitting in effect</skipped></testcase><testcase classname="src.pymortests.affine_grid" file="src/pymortests/affine_grid.py" line="288" name="test_bounding_box[&lt;lambda&gt;4]" time="0.00042176246643066406"><skipped message="Suite splitting in effect" type="pytest.skip">src/pymortests/affine_grid.py:288: Suite splitting in effect</skipped></testcase><testcase classname="src.pymortests.affine_grid" file="src/pymortests/affine_grid.py" line="288" name="test_bounding_box[&lt;lambda&gt;5]" time="0.0004253387451171875"><skipped message="Suite splitting in effect" type="pytest.skip">src/pymortests/affine_grid.py:288: Suite splitting in effect</skipped></testcase><testcase classname="src.pymortests.affine_grid" file="src/pymortests/affine_grid.py" line="288" name="test_bounding_box[&lt;lambda&gt;6]" time="0.00042366981506347656"><skipped message="Suite splitting in effect" type="pytest.skip">src/pymortests/affine_grid.py:288: Suite splitting in effect</skipped></testcase><testcase classname="src.pymortests.affine_grid" file="src/pymortests/affine_grid.py" line="288" name="test_bounding_box[&lt;lambda&gt;7]" time="0.00039315223693847656"><skipped message="Suite splitting in effect" type="pytest.skip">src/pymortests/affine_grid.py:288: Suite splitting in effect</skipped></testcase><testcase classname="src.pymortests.affine_grid" file="src/pymortests/affine_grid.py" line="288" name="test_bounding_box[&lt;lambda&gt;8]" time="0.0004413127899169922"><skipped message="Suite splitting in effect" type="pytest.skip">src/pymortests/affine_grid.py:288: Suite splitting in effect</skipped></testcase><testcase classname="src.pymortests.affine_grid" file="src/pymortests/affine_grid.py" line="288" name="test_bounding_box[&lt;lambda&gt;9]" time="0.0003914833068847656"><skipped message="Suite splitting in effect" type="pytest.skip">src/pymortests/affine_grid.py:288: Suite splitting in effect</skipped></testcase><testcase classname="src.pymortests.affine_grid" file="src/pymortests/affine_grid.py" line="288" name="test_bounding_box[&lt;lambda&gt;10]" time="0.00040340423583984375"><skipped message="Suite splitting in effect" type="pytest.skip">src/pymortests/affine_grid.py:288: Suite splitting in effect</skipped></testcase><testcase classname="src.pymortests.affine_grid" file="src/pymortests/affine_grid.py" line="288" name="test_bounding_box[&lt;lambda&gt;11]" time="0.0003895759582519531"><skipped message="Suite splitting in effect" type="pytest.skip">src/pymortests/affine_grid.py:288: Suite splitting in effect</skipped></testcase><testcase classname="src.pymortests.affine_grid" file="src/pymortests/affine_grid.py" line="288" name="test_bounding_box[&lt;lambda&gt;12]" time="0.00039076805114746094"><skipped message="Suite splitting in effect" type="pytest.skip">src/pymortests/affine_grid.py:288: Suite splitting in effect</skipped></testcase><testcase classname="src.pymortests.affine_grid" file="src/pymortests/affine_grid.py" line="288" name="test_bounding_box[&lt;lambda&gt;13]" time="0.0005016326904296875"><skipped message="Suite splitting in effect" type="pytest.skip">src/pymortests/affine_grid.py:288: Suite splitting in effect</skipped></testcase><testcase classname="src.pymortests.affine_grid" file="src/pymortests/affine_grid.py" line="288" name="test_bounding_box[&lt;lambda&gt;14]" time="0.0003993511199951172"><skipped message="Suite splitting in effect" type="pytest.skip">src/pymortests/affine_grid.py:288: Suite splitting in effect</skipped></testcase><testcase classname="src.pymortests.affine_grid" file="src/pymortests/affine_grid.py" line="288" name="test_bounding_box[&lt;lambda&gt;15]" time="0.00039124488830566406"><skipped message="Suite splitting in effect" type="pytest.skip">src/pymortests/affine_grid.py:288: Suite splitting in effect</skipped></testcase><testcase classname="src.pymortests.affine_grid" file="src/pymortests/affine_grid.py" line="288" name="test_bounding_box[&lt;lambda&gt;16]" time="0.0004506111145019531"><skipped message="Suite splitting in effect" type="pytest.skip">src/pymortests/affine_grid.py:288: Suite splitting in effect</skipped></testcase><testcase classname="src.pymortests.affine_grid" file="src/pymortests/affine_grid.py" line="288" name="test_bounding_box[&lt;lambda&gt;17]" time="0.0004086494445800781"><skipped message="Suite splitting in effect" type="pytest.skip">src/pymortests/affine_grid.py:288: Suite splitting in effect</skipped></testcase><testcase classname="src.pymortests.affine_grid" file="src/pymortests/affine_grid.py" line="288" name="test_bounding_box[&lt;lambda&gt;18]" time="0.0006647109985351562"><skipped message="Suite splitting in effect" type="pytest.skip">src/pymortests/affine_grid.py:288: Suite splitting in effect</skipped></testcase><testcase classname="src.pymortests.affine_grid" file="src/pymortests/affine_grid.py" line="288" name="test_bounding_box[&lt;lambda&gt;19]" time="0.00048422813415527344"><skipped message="Suite splitting in effect" type="pytest.skip">src/pymortests/affine_grid.py:288: Suite splitting in effect</skipped></testcase><testcase classname="src.pymortests.affine_grid" file="src/pymortests/affine_grid.py" line="288" name="test_bounding_box[&lt;lambda&gt;20]" time="0.0004248619079589844"><skipped message="Suite splitting in effect" type="pytest.skip">src/pymortests/affine_grid.py:288: Suite splitting in effect</skipped></testcase><testcase classname="src.pymortests.affine_grid" file="src/pymortests/affine_grid.py" line="288" name="test_bounding_box[&lt;lambda&gt;21]" time="0.00042319297790527344"><skipped message="Suite splitting in effect" type="pytest.skip">src/pymortests/affine_grid.py:288: Suite splitting in effect</skipped></testcase><testcase classname="src.pymortests.affine_grid" file="src/pymortests/affine_grid.py" line="288" name="test_bounding_box[&lt;lambda&gt;22]" time="0.0004227161407470703"><skipped message="Suite splitting in effect" type="pytest.skip">src/pymortests/affine_grid.py:288: Suite splitting in effect</skipped></testcase><testcase classname="src.pymortests.affine_grid" file="src/pymortests/affine_grid.py" line="288" name="test_bounding_box[&lt;lambda&gt;23]" time="0.0004425048828125"><skipped message="Suite splitting in effect" type="pytest.skip">src/pymortests/affine_grid.py:288: Suite splitting in effect</skipped></testcase><testcase classname="src.pymortests.affine_grid" file="src/pymortests/affine_grid.py" line="288" name="test_bounding_box[&lt;lambda&gt;24]" time="0.00042700767517089844"><skipped message="Suite splitting in effect" type="pytest.skip">src/pymortests/affine_grid.py:288: Suite splitting in effect</skipped></testcase><testcase classname="src.pymortests.affine_grid" file="src/pymortests/affine_grid.py" line="288" name="test_bounding_box[&lt;lambda&gt;25]" time="0.0004334449768066406"><skipped message="Suite splitting in effect" type="pytest.skip">src/pymortests/affine_grid.py:288: Suite splitting in effect</skipped></testcase><testcase classname="src.pymortests.affine_grid" file="src/pymortests/affine_grid.py" line="288" name="test_bounding_box[&lt;lambda&gt;26]" time="0.0003933906555175781"><skipped message="Suite splitting in effect" type="pytest.skip">src/pymortests/affine_grid.py:288: Suite splitting in effect</skipped></testcase><testcase classname="src.pymortests.affine_grid" file="src/pymortests/affine_grid.py" line="288" name="test_bounding_box[&lt;lambda&gt;27]" time="0.0004177093505859375"><skipped message="Suite splitting in effect" type="pytest.skip">src/pymortests/affine_grid.py:288: Suite splitting in effect</skipped></testcase><testcase classname="src.pymortests.affine_grid" file="src/pymortests/affine_grid.py" line="288" name="test_bounding_box[&lt;lambda&gt;28]" time="0.0003993511199951172"><skipped message="Suite splitting in effect" type="pytest.skip">src/pymortests/affine_grid.py:288: Suite splitting in effect</skipped></testcase><testcase classname="src.pymortests.affine_grid" file="src/pymortests/affine_grid.py" line="288" name="test_bounding_box[&lt;lambda&gt;29]" time="0.0004451274871826172"><skipped message="Suite splitting in effect" type="pytest.skip">src/pymortests/affine_grid.py:288: Suite splitting in effect</skipped></testcase><testcase classname="src.pymortests.affine_grid" file="src/pymortests/affine_grid.py" line="288" name="test_bounding_box[&lt;lambda&gt;30]" time="0.0005295276641845703"><skipped message="Suite splitting in effect" type="pytest.skip">src/pymortests/affine_grid.py:288: Suite splitting in effect</skipped></testcase><testcase classname="src.pymortests.affine_grid" file="src/pymortests/affine_grid.py" line="288" name="test_bounding_box[&lt;lambda&gt;31]" time="0.00040221214294433594"><skipped message="Suite splitting in effect" type="pytest.skip">src/pymortests/affine_grid.py:288: Suite splitting in effect</skipped></testcase><testcase classname="src.pymortests.affine_grid" file="src/pymortests/affine_grid.py" line="288" name="test_bounding_box[&lt;lambda&gt;32]" time="0.00043320655822753906"><skipped message="Suite splitting in effect" type="pytest.skip">src/pymortests/affine_grid.py:288: Suite splitting in effect</skipped></testcase><testcase classname="src.pymortests.affine_grid" file="src/pymortests/affine_grid.py" line="288" name="test_bounding_box[&lt;lambda&gt;33]" time="0.00039649009704589844"><skipped message="Suite splitting in effect" type="pytest.skip">src/pymortests/affine_grid.py:288: Suite splitting in effect</skipped></testcase><testcase classname="src.pymortests.affine_grid" file="src/pymortests/affine_grid.py" line="288" name="test_bounding_box[&lt;lambda&gt;34]" time="0.0004360675811767578"><skipped message="Suite splitting in effect" type="pytest.skip">src/pymortests/affine_grid.py:288: Suite splitting in effect</skipped></testcase><testcase classname="src.pymortests.affine_grid" file="src/pymortests/affine_grid.py" line="288" name="test_bounding_box[&lt;lambda&gt;35]" time="0.00042247772216796875"><skipped message="Suite splitting in effect" type="pytest.skip">src/pymortests/affine_grid.py:288: Suite splitting in effect</skipped></testcase><testcase classname="src.pymortests.affine_grid" file="src/pymortests/affine_grid.py" line="288" name="test_bounding_box[&lt;lambda&gt;36]" time="0.00041294097900390625"><skipped message="Suite splitting in effect" type="pytest.skip">src/pymortests/affine_grid.py:288: Suite splitting in effect</skipped></testcase><testcase classname="src.pymortests.affine_grid" file="src/pymortests/affine_grid.py" line="288" name="test_bounding_box[&lt;lambda&gt;37]" time="0.00043129920959472656"><skipped message="Suite splitting in effect" type="pytest.skip">src/pymortests/affine_grid.py:288: Suite splitting in effect</skipped></testcase><testcase classname="src.pymortests.affine_grid" file="src/pymortests/affine_grid.py" line="288" name="test_bounding_box[&lt;lambda&gt;38]" time="0.00040650367736816406"><skipped message="Suite splitting in effect" type="pytest.skip">src/pymortests/affine_grid.py:288: Suite splitting in effect</skipped></testcase><testcase classname="src.pymortests.affine_grid" file="src/pymortests/affine_grid.py" line="288" name="test_bounding_box[&lt;lambda&gt;39]" time="0.0004260540008544922"><skipped message="Suite splitting in effect" type="pytest.skip">src/pymortests/affine_grid.py:288: Suite splitting in effect</skipped></testcase><testcase classname="src.pymortests.affine_grid" file="src/pymortests/affine_grid.py" line="288" name="test_bounding_box[&lt;lambda&gt;40]" time="0.0004165172576904297"><skipped message="Suite splitting in effect" type="pytest.skip">src/pymortests/affine_grid.py:288: Suite splitting in effect</skipped></testcase><testcase classname="src.pymortests.affine_grid" file="src/pymortests/affine_grid.py" line="288" name="test_bounding_box[&lt;lambda&gt;41]" time="0.00044035911560058594"><skipped message="Suite splitting in effect" type="pytest.skip">src/pymortests/affine_grid.py:288: Suite splitting in effect</skipped></testcase><testcase classname="src.pymortests.affine_grid" file="src/pymortests/affine_grid.py" line="288" name="test_bounding_box[&lt;lambda&gt;42]" time="0.0004057884216308594"><skipped message="Suite splitting in effect" type="pytest.skip">src/pymortests/affine_grid.py:288: Suite splitting in effect</skipped></testcase><testcase classname="src.pymortests.affine_grid" file="src/pymortests/affine_grid.py" line="297" name="test_orthogonal_centers[&lt;lambda&gt;0]" time="0.0004208087921142578"><skipped message="Suite splitting in effect" type="pytest.skip">src/pymortests/affine_grid.py:297: Suite splitting in effect</skipped></testcase><testcase classname="src.pymortests.affine_grid" file="src/pymortests/affine_grid.py" line="297" name="test_orthogonal_centers[&lt;lambda&gt;1]" time="0.00040340423583984375"><skipped message="Suite splitting in effect" type="pytest.skip">src/pymortests/affine_grid.py:297: Suite splitting in effect</skipped></testcase><testcase classname="src.pymortests.affine_grid" file="src/pymortests/affine_grid.py" line="297" name="test_orthogonal_centers[&lt;lambda&gt;2]" time="0.00042319297790527344"><skipped message="Suite splitting in effect" type="pytest.skip">src/pymortests/affine_grid.py:297: Suite splitting in effect</skipped></testcase><testcase classname="src.pymortests.affine_grid" file="src/pymortests/affine_grid.py" line="297" name="test_orthogonal_centers[&lt;lambda&gt;3]" time="0.0003914833068847656"><skipped message="Suite splitting in effect" type="pytest.skip">src/pymortests/affine_grid.py:297: Suite splitting in effect</skipped></testcase><testcase classname="src.pymortests.affine_grid" file="src/pymortests/affine_grid.py" line="297" name="test_orthogonal_centers[&lt;lambda&gt;4]" time="0.0004220008850097656"><skipped message="Suite splitting in effect" type="pytest.skip">src/pymortests/affine_grid.py:297: Suite splitting in effect</skipped></testcase><testcase classname="src.pymortests.affine_grid" file="src/pymortests/affine_grid.py" line="297" name="test_orthogonal_centers[&lt;lambda&gt;5]" time="0.0004229545593261719"><skipped message="Suite splitting in effect" type="pytest.skip">src/pymortests/affine_grid.py:297: Suite splitting in effect</skipped></testcase><testcase classname="src.pymortests.affine_grid" file="src/pymortests/affine_grid.py" line="297" name="test_orthogonal_centers[&lt;lambda&gt;6]" time="0.0005030632019042969"><skipped message="Suite splitting in effect" type="pytest.skip">src/pymortests/affine_grid.py:297: Suite splitting in effect</skipped></testcase><testcase classname="src.pymortests.affine_grid" file="src/pymortests/affine_grid.py" line="297" name="test_orthogonal_centers[&lt;lambda&gt;7]" time="0.0007410049438476562"><skipped message="Suite splitting in effect" type="pytest.skip">src/pymortests/affine_grid.py:297: Suite splitting in effect</skipped></testcase><testcase classname="src.pymortests.affine_grid" file="src/pymortests/affine_grid.py" line="297" name="test_orthogonal_centers[&lt;lambda&gt;8]" time="0.00039839744567871094"><skipped message="Suite splitting in effect" type="pytest.skip">src/pymortests/affine_grid.py:297: Suite splitting in effect</skipped></testcase><testcase classname="src.pymortests.affine_grid" file="src/pymortests/affine_grid.py" line="297" name="test_orthogonal_centers[&lt;lambda&gt;9]" time="0.0004017353057861328"><skipped message="Suite splitting in effect" type="pytest.skip">src/pymortests/affine_grid.py:297: Suite splitting in effect</skipped></testcase><testcase classname="src.pymortests.affine_grid" file="src/pymortests/affine_grid.py" line="297" name="test_orthogonal_centers[&lt;lambda&gt;10]" time="0.00042366981506347656"><skipped message="Suite splitting in effect" type="pytest.skip">src/pymortests/affine_grid.py:297: Suite splitting in effect</skipped></testcase><testcase classname="src.pymortests.affine_grid" file="src/pymortests/affine_grid.py" line="297" name="test_orthogonal_centers[&lt;lambda&gt;11]" time="0.00039196014404296875"><skipped message="Suite splitting in effect" type="pytest.skip">src/pymortests/affine_grid.py:297: Suite splitting in effect</skipped></testcase><testcase classname="src.pymortests.affine_grid" file="src/pymortests/affine_grid.py" line="297" name="test_orthogonal_centers[&lt;lambda&gt;12]" time="0.00039839744567871094"><skipped message="Suite splitting in effect" type="pytest.skip">src/pymortests/affine_grid.py:297: Suite splitting in effect</skipped></testcase><testcase classname="src.pymortests.affine_grid" file="src/pymortests/affine_grid.py" line="297" name="test_orthogonal_centers[&lt;lambda&gt;13]" time="0.0003952980041503906"><skipped message="Suite splitting in effect" type="pytest.skip">src/pymortests/affine_grid.py:297: Suite splitting in effect</skipped></testcase><testcase classname="src.pymortests.affine_grid" file="src/pymortests/affine_grid.py" line="297" name="test_orthogonal_centers[&lt;lambda&gt;14]" time="0.00040030479431152344"><skipped message="Suite splitting in effect" type="pytest.skip">src/pymortests/affine_grid.py:297: Suite splitting in effect</skipped></testcase><testcase classname="src.pymortests.affine_grid" file="src/pymortests/affine_grid.py" line="297" name="test_orthogonal_centers[&lt;lambda&gt;15]" time="0.000415802001953125"><skipped message="Suite splitting in effect" type="pytest.skip">src/pymortests/affine_grid.py:297: Suite splitting in effect</skipped></testcase><testcase classname="src.pymortests.affine_grid" file="src/pymortests/affine_grid.py" line="297" name="test_orthogonal_centers[&lt;lambda&gt;16]" time="0.00044989585876464844"><skipped message="Suite splitting in effect" type="pytest.skip">src/pymortests/affine_grid.py:297: Suite splitting in effect</skipped></testcase><testcase classname="src.pymortests.affine_grid" file="src/pymortests/affine_grid.py" line="297" name="test_orthogonal_centers[&lt;lambda&gt;17]" time="0.00039577484130859375"><skipped message="Suite splitting in effect" type="pytest.skip">src/pymortests/affine_grid.py:297: Suite splitting in effect</skipped></testcase><testcase classname="src.pymortests.analyticalproblem" file="src/pymortests/analyticalproblem.py" line="8" name="test_pickle[analytical_problem0]" time="0.0005121231079101562"><skipped message="Suite splitting in effect" type="pytest.skip">src/pymortests/analyticalproblem.py:8: Suite splitting in effect</skipped></testcase><testcase classname="src.pymortests.analyticalproblem" file="src/pymortests/analyticalproblem.py" line="8" name="test_pickle[analytical_problem1]" time="0.00042819976806640625"><skipped message="Suite splitting in effect" type="pytest.skip">src/pymortests/analyticalproblem.py:8: Suite splitting in effect</skipped></testcase><testcase classname="src.pymortests.analyticalproblem" file="src/pymortests/analyticalproblem.py" line="8" name="test_pickle[analytical_problem2]" time="0.00041556358337402344"><skipped message="Suite splitting in effect" type="pytest.skip">src/pymortests/analyticalproblem.py:8: Suite splitting in effect</skipped></testcase><testcase classname="src.pymortests.analyticalproblem" file="src/pymortests/analyticalproblem.py" line="8" name="test_pickle[analytical_problem3]" time="0.0005819797515869141"><skipped message="Suite splitting in effect" type="pytest.skip">src/pymortests/analyticalproblem.py:8: Suite splitting in effect</skipped></testcase><testcase classname="src.pymortests.analyticalproblem" file="src/pymortests/analyticalproblem.py" line="8" name="test_pickle[analytical_problem4]" time="0.00044465065002441406"><skipped message="Suite splitting in effect" type="pytest.skip">src/pymortests/analyticalproblem.py:8: Suite splitting in effect</skipped></testcase><testcase classname="src.pymortests.analyticalproblem" file="src/pymortests/analyticalproblem.py" line="8" name="test_pickle[analytical_problem5]" time="0.00040149688720703125"><skipped message="Suite splitting in effect" type="pytest.skip">src/pymortests/analyticalproblem.py:8: Suite splitting in effect</skipped></testcase><testcase classname="src.pymortests.analyticalproblem" file="src/pymortests/analyticalproblem.py" line="8" name="test_pickle[analytical_problem6]" time="0.000469207763671875"><skipped message="Suite splitting in effect" type="pytest.skip">src/pymortests/analyticalproblem.py:8: Suite splitting in effect</skipped></testcase><testcase classname="src.pymortests.analyticalproblem" file="src/pymortests/analyticalproblem.py" line="8" name="test_pickle[analytical_problem7]" time="0.0005204677581787109"><skipped message="Suite splitting in effect" type="pytest.skip">src/pymortests/analyticalproblem.py:8: Suite splitting in effect</skipped></testcase><testcase classname="src.pymortests.analyticalproblem" file="src/pymortests/analyticalproblem.py" line="8" name="test_pickle[analytical_problem8]" time="0.000446319580078125"><skipped message="Suite splitting in effect" type="pytest.skip">src/pymortests/analyticalproblem.py:8: Suite splitting in effect</skipped></testcase><testcase classname="src.pymortests.analyticalproblem" file="src/pymortests/analyticalproblem.py" line="8" name="test_pickle[analytical_problem9]" time="0.0005159378051757812"><skipped message="Suite splitting in effect" type="pytest.skip">src/pymortests/analyticalproblem.py:8: Suite splitting in effect</skipped></testcase><testcase classname="src.pymortests.analyticalproblem" file="src/pymortests/analyticalproblem.py" line="8" name="test_pickle[analytical_problem10]" time="0.00045609474182128906"><skipped message="Suite splitting in effect" type="pytest.skip">src/pymortests/analyticalproblem.py:8: Suite splitting in effect</skipped></testcase><testcase classname="src.pymortests.analyticalproblem" file="src/pymortests/analyticalproblem.py" line="8" name="test_pickle[analytical_problem11]" time="0.0004508495330810547"><skipped message="Suite splitting in effect" type="pytest.skip">src/pymortests/analyticalproblem.py:8: Suite splitting in effect</skipped></testcase><testcase classname="src.pymortests.analyticalproblem" file="src/pymortests/analyticalproblem.py" line="8" name="test_pickle[analytical_problem12]" time="0.0004203319549560547"><skipped message="Suite splitting in effect" type="pytest.skip">src/pymortests/analyticalproblem.py:8: Suite splitting in effect</skipped></testcase><testcase classname="src.pymortests.analyticalproblem" file="src/pymortests/analyticalproblem.py" line="8" name="test_pickle[analytical_problem13]" time="0.00040149688720703125"><skipped message="Suite splitting in effect" type="pytest.skip">src/pymortests/analyticalproblem.py:8: Suite splitting in effect</skipped></testcase><testcase classname="src.pymortests.analyticalproblem" file="src/pymortests/analyticalproblem.py" line="8" name="test_pickle[analytical_problem14]" time="0.0004937648773193359"><skipped message="Suite splitting in effect" type="pytest.skip">src/pymortests/analyticalproblem.py:8: Suite splitting in effect</skipped></testcase><testcase classname="src.pymortests.analyticalproblem" file="src/pymortests/analyticalproblem.py" line="8" name="test_pickle[analytical_problem15]" time="0.0003974437713623047"><skipped message="Suite splitting in effect" type="pytest.skip">src/pymortests/analyticalproblem.py:8: Suite splitting in effect</skipped></testcase><testcase classname="src.pymortests.analyticalproblem" file="src/pymortests/analyticalproblem.py" line="12" name="test_pickle_without_dumps_function[picklable_analytical_problem0]" time="0.00042748451232910156"><skipped message="Suite splitting in effect" type="pytest.skip">src/pymortests/analyticalproblem.py:12: Suite splitting in effect</skipped></testcase><testcase classname="src.pymortests.analyticalproblem" file="src/pymortests/analyticalproblem.py" line="12" name="test_pickle_without_dumps_function[picklable_analytical_problem1]" time="0.0004582405090332031"><skipped message="Suite splitting in effect" type="pytest.skip">src/pymortests/analyticalproblem.py:12: Suite splitting in effect</skipped></testcase><testcase classname="src.pymortests.analyticalproblem" file="src/pymortests/analyticalproblem.py" line="12" name="test_pickle_without_dumps_function[picklable_analytical_problem2]" time="0.0004191398620605469"><skipped message="Suite splitting in effect" type="pytest.skip">src/pymortests/analyticalproblem.py:12: Suite splitting in effect</skipped></testcase><testcase classname="src.pymortests.analyticalproblem" file="src/pymortests/analyticalproblem.py" line="12" name="test_pickle_without_dumps_function[picklable_analytical_problem3]" time="0.0004451274871826172"><skipped message="Suite splitting in effect" type="pytest.skip">src/pymortests/analyticalproblem.py:12: Suite splitting in effect</skipped></testcase><testcase classname="src.pymortests.analyticalproblem" file="src/pymortests/analyticalproblem.py" line="12" name="test_pickle_without_dumps_function[picklable_analytical_problem4]" time="0.00040149688720703125"><skipped message="Suite splitting in effect" type="pytest.skip">src/pymortests/analyticalproblem.py:12: Suite splitting in effect</skipped></testcase><testcase classname="src.pymortests.analyticalproblem" file="src/pymortests/analyticalproblem.py" line="12" name="test_pickle_without_dumps_function[picklable_analytical_problem5]" time="0.0004553794860839844"><skipped message="Suite splitting in effect" type="pytest.skip">src/pymortests/analyticalproblem.py:12: Suite splitting in effect</skipped></testcase><testcase classname="src.pymortests.analyticalproblem" file="src/pymortests/analyticalproblem.py" line="12" name="test_pickle_without_dumps_function[picklable_analytical_problem6]" time="0.00040268898010253906"><skipped message="Suite splitting in effect" type="pytest.skip">src/pymortests/analyticalproblem.py:12: Suite splitting in effect</skipped></testcase><testcase classname="src.pymortests.analyticalproblem" file="src/pymortests/analyticalproblem.py" line="12" name="test_pickle_without_dumps_function[picklable_analytical_problem7]" time="0.00043892860412597656"><skipped message="Suite splitting in effect" type="pytest.skip">src/pymortests/analyticalproblem.py:12: Suite splitting in effect</skipped></testcase><testcase classname="src.pymortests.analyticalproblem" file="src/pymortests/analyticalproblem.py" line="12" name="test_pickle_without_dumps_function[picklable_analytical_problem8]" time="0.000392913818359375"><skipped message="Suite splitting in effect" type="pytest.skip">src/pymortests/analyticalproblem.py:12: Suite splitting in effect</skipped></testcase><testcase classname="src.pymortests.analyticalproblem" file="src/pymortests/analyticalproblem.py" line="12" name="test_pickle_without_dumps_function[picklable_analytical_problem9]" time="0.0004036426544189453"><skipped message="Suite splitting in effect" type="pytest.skip">src/pymortests/analyticalproblem.py:12: Suite splitting in effect</skipped></testcase><testcase classname="src.pymortests.analyticalproblem" file="src/pymortests/analyticalproblem.py" line="12" name="test_pickle_without_dumps_function[picklable_analytical_problem10]" time="0.00040078163146972656"><skipped message="Suite splitting in effect" type="pytest.skip">src/pymortests/analyticalproblem.py:12: Suite splitting in effect</skipped></testcase><testcase classname="src.pymortests.analyticalproblem" file="src/pymortests/analyticalproblem.py" line="12" name="test_pickle_without_dumps_function[picklable_analytical_problem11]" time="0.0003960132598876953"><skipped message="Suite splitting in effect" type="pytest.skip">src/pymortests/analyticalproblem.py:12: Suite splitting in effect</skipped></testcase><testcase classname="src.pymortests.basic" file="src/pymortests/basic.py" line="5" name="test_importable" time="0.0005176067352294922"><skipped message="Suite splitting in effect" type="pytest.skip">src/pymortests/basic.py:5: Suite splitting in effect</skipped></testcase><testcase classname="src.pymortests.block" file="src/pymortests/block.py" line="13" name="test_apply" time="0.0004742145538330078"><skipped message="Suite splitting in effect" type="pytest.skip">src/pymortests/block.py:13: Suite splitting in effect</skipped></testcase><testcase classname="src.pymortests.block" file="src/pymortests/block.py" line="39" name="test_apply_adjoint" time="0.0005819797515869141"><skipped message="Suite splitting in effect" type="pytest.skip">src/pymortests/block.py:39: Suite splitting in effect</skipped></testcase><testcase classname="src.pymortests.block" file="src/pymortests/block.py" line="65" name="test_block_diagonal" time="0.0003981590270996094"><skipped message="Suite splitting in effect" type="pytest.skip">src/pymortests/block.py:65: Suite splitting in effect</skipped></testcase><testcase classname="src.pymortests.block" file="src/pymortests/block.py" line="76" name="test_blk_diag_apply_inverse" time="0.0003948211669921875"><skipped message="Suite splitting in effect" type="pytest.skip">src/pymortests/block.py:76: Suite splitting in effect</skipped></testcase><testcase classname="src.pymortests.block" file="src/pymortests/block.py" line="98" name="test_blk_diag_apply_inverse_adjoint" time="0.0004010200500488281"><skipped message="Suite splitting in effect" type="pytest.skip">src/pymortests/block.py:98: Suite splitting in effect</skipped></testcase><testcase classname="src.pymortests.cache.TestCache" file="src/pymortests/cache.py" line="57" name="test_runtime" time="0.0005848407745361328"><skipped message="Suite splitting in effect" type="pytest.skip">src/pymortests/cache.py:57: Suite splitting in effect</skipped></testcase><testcase classname="src.pymortests.cache.TestCache" file="src/pymortests/cache.py" line="83" name="test_region_api" time="0.00046634674072265625"><skipped message="Suite splitting in effect" type="pytest.skip">src/pymortests/cache.py:83: Suite splitting in effect</skipped></testcase><testcase classname="src.pymortests.complex_values" file="src/pymortests/complex_values.py" line="10" name="test_complex" time="0.0005176067352294922"><skipped message="Suite splitting in effect" type="pytest.skip">src/pymortests/complex_values.py:10: Suite splitting in effect</skipped></testcase><testcase classname="src.pymortests.complex_values" file="src/pymortests/complex_values.py" line="64" name="test_real_imag" time="0.0004017353057861328"><skipped message="Suite splitting in effect" type="pytest.skip">src/pymortests/complex_values.py:64: Suite splitting in effect</skipped></testcase><testcase classname="src.pymortests.complex_values" file="src/pymortests/complex_values.py" line="81" name="test_scal" time="0.0004105567932128906"><skipped message="Suite splitting in effect" type="pytest.skip">src/pymortests/complex_values.py:81: Suite splitting in effect</skipped></testcase><testcase classname="src.pymortests.complex_values" file="src/pymortests/complex_values.py" line="94" name="test_axpy" time="0.00040721893310546875"><skipped message="Suite splitting in effect" type="pytest.skip">src/pymortests/complex_values.py:94: Suite splitting in effect</skipped></testcase><testcase classname="src.pymortests.complex_values" file="src/pymortests/complex_values.py" line="106" name="test_dot" time="0.00043511390686035156"><skipped message="Suite splitting in effect" type="pytest.skip">src/pymortests/complex_values.py:106: Suite splitting in effect</skipped></testcase><testcase classname="src.pymortests.complex_values" file="src/pymortests/complex_values.py" line="113" name="test_pairwise_dot" time="0.0006134510040283203"><skipped message="Suite splitting in effect" type="pytest.skip">src/pymortests/complex_values.py:113: Suite splitting in effect</skipped></testcase><testcase classname="src.pymortests.demos" file="src/pymortests/demos.py" line="175" name="test_demos[elliptic:&apos;0 0 0 0&apos;]" time="0.0006489753723144531"><skipped message="Suite splitting in effect" type="pytest.skip">src/pymortests/demos.py:175: Suite splitting in effect</skipped></testcase><testcase classname="src.pymortests.demos" file="src/pymortests/demos.py" line="175" name="test_demos[elliptic:&apos;1 2 0 3&apos;]" time="0.00040340423583984375"><skipped message="Suite splitting in effect" type="pytest.skip">src/pymortests/demos.py:175: Suite splitting in effect</skipped></testcase><testcase classname="src.pymortests.demos" file="src/pymortests/demos.py" line="175" name="test_demos[elliptic:&apos;--rect 1 2 0 3&apos;]" time="0.0004439353942871094"><skipped message="Suite splitting in effect" type="pytest.skip">src/pymortests/demos.py:175: Suite splitting in effect</skipped></testcase><testcase classname="src.pymortests.demos" file="src/pymortests/demos.py" line="175" name="test_demos[elliptic:&apos;0 0 2 1&apos;]" time="0.0004951953887939453"><skipped message="Suite splitting in effect" type="pytest.skip">src/pymortests/demos.py:175: Suite splitting in effect</skipped></testcase><testcase classname="src.pymortests.demos" file="src/pymortests/demos.py" line="175" name="test_demos[elliptic:&apos;--fv 0 0 0 0&apos;]" time="0.0003972053527832031"><skipped message="Suite splitting in effect" type="pytest.skip">src/pymortests/demos.py:175: Suite splitting in effect</skipped></testcase><testcase classname="src.pymortests.demos" file="src/pymortests/demos.py" line="175" name="test_demos[elliptic:&apos;--fv 1 2 0 3&apos;]" time="0.00040602684020996094"><skipped message="Suite splitting in effect" type="pytest.skip">src/pymortests/demos.py:175: Suite splitting in effect</skipped></testcase><testcase classname="src.pymortests.demos" file="src/pymortests/demos.py" line="175" name="test_demos[elliptic:&apos;--fv --rect 1 2 0 3&apos;]" time="0.00039577484130859375"><skipped message="Suite splitting in effect" type="pytest.skip">src/pymortests/demos.py:175: Suite splitting in effect</skipped></testcase><testcase classname="src.pymortests.demos" file="src/pymortests/demos.py" line="175" name="test_demos[elliptic:&apos;--fv 0 0 2 1&apos;]" time="0.0004222393035888672"><skipped message="Suite splitting in effect" type="pytest.skip">src/pymortests/demos.py:175: Suite splitting in effect</skipped></testcase><testcase classname="src.pymortests.demos" file="src/pymortests/demos.py" line="175" name="test_demos[elliptic2:&apos;1 20&apos;]" time="0.0003948211669921875"><skipped message="Suite splitting in effect" type="pytest.skip">src/pymortests/demos.py:175: Suite splitting in effect</skipped></testcase><testcase classname="src.pymortests.demos" file="src/pymortests/demos.py" line="175" name="test_demos[elliptic2:&apos;--fv 1 20&apos;]" time="0.0005154609680175781"><skipped message="Suite splitting in effect" type="pytest.skip">src/pymortests/demos.py:175: Suite splitting in effect</skipped></testcase><testcase classname="src.pymortests.demos" file="src/pymortests/demos.py" line="175" name="test_demos[elliptic_oned:&apos;1 20&apos;]" time="0.0003986358642578125"><skipped message="Suite splitting in effect" type="pytest.skip">src/pymortests/demos.py:175: Suite splitting in effect</skipped></testcase><testcase classname="src.pymortests.demos" file="src/pymortests/demos.py" line="175" name="test_demos[elliptic_oned:&apos;--fv 1 20&apos;]" time="0.0003917217254638672"><skipped message="Suite splitting in effect" type="pytest.skip">src/pymortests/demos.py:175: Suite splitting in effect</skipped></testcase><testcase classname="src.pymortests.demos" file="src/pymortests/demos.py" line="175" name="test_demos[burgers:&apos;--num-flux=lax_friedrichs 0.1&apos;]" time="0.00042247772216796875"><skipped message="Suite splitting in effect" type="pytest.skip">src/pymortests/demos.py:175: Suite splitting in effect</skipped></testcase><testcase classname="src.pymortests.demos" file="src/pymortests/demos.py" line="175" name="test_demos[burgers:&apos;--num-flux=engquist_osher 0.1&apos;]" time="0.00041747093200683594"><skipped message="Suite splitting in effect" type="pytest.skip">src/pymortests/demos.py:175: Suite splitting in effect</skipped></testcase><testcase classname="src.pymortests.demos" file="src/pymortests/demos.py" line="175" name="test_demos[burgers:&apos;--num-flux=simplified_engquist_osher 0.1&apos;]" time="0.0004227161407470703"><skipped message="Suite splitting in effect" type="pytest.skip">src/pymortests/demos.py:175: Suite splitting in effect</skipped></testcase><testcase classname="src.pymortests.demos" file="src/pymortests/demos.py" line="175" name="test_demos[parabolic:&apos;heat 1&apos;]" time="0.00039505958557128906"><skipped message="Suite splitting in effect" type="pytest.skip">src/pymortests/demos.py:175: Suite splitting in effect</skipped></testcase><testcase classname="src.pymortests.demos" file="src/pymortests/demos.py" line="175" name="test_demos[parabolic:&apos;heat --rect 1&apos;]" time="0.00040030479431152344"><skipped message="Suite splitting in effect" type="pytest.skip">src/pymortests/demos.py:175: Suite splitting in effect</skipped></testcase><testcase classname="src.pymortests.demos" file="src/pymortests/demos.py" line="175" name="test_demos[parabolic:&apos;heat --fv 1&apos;]" time="0.0004127025604248047"><skipped message="Suite splitting in effect" type="pytest.skip">src/pymortests/demos.py:175: Suite splitting in effect</skipped></testcase><testcase classname="src.pymortests.demos" file="src/pymortests/demos.py" line="175" name="test_demos[parabolic:&apos;heat --rect --fv 1&apos;]" time="0.0004336833953857422"><skipped message="Suite splitting in effect" type="pytest.skip">src/pymortests/demos.py:175: Suite splitting in effect</skipped></testcase><testcase classname="src.pymortests.demos" file="src/pymortests/demos.py" line="175" name="test_demos[parabolic:&apos;dar 1&apos;]" time="0.00043702125549316406"><skipped message="Suite splitting in effect" type="pytest.skip">src/pymortests/demos.py:175: Suite splitting in effect</skipped></testcase><testcase classname="src.pymortests.demos" file="src/pymortests/demos.py" line="175" name="test_demos[parabolic:&apos;dar --rect 1&apos;]" time="0.0003902912139892578"><skipped message="Suite splitting in effect" type="pytest.skip">src/pymortests/demos.py:175: Suite splitting in effect</skipped></testcase><testcase classname="src.pymortests.demos" file="src/pymortests/demos.py" line="175" name="test_demos[elliptic_unstructured:&apos;6.0 16 0.1&apos;]" time="0.0003974437713623047"><skipped message="Suite splitting in effect" type="pytest.skip">src/pymortests/demos.py:175: Suite splitting in effect</skipped></testcase><testcase classname="src.pymortests.demos" file="src/pymortests/demos.py" line="175" name="test_demos[thermalblock:&apos;--plot-solutions --plot-err --plot-error-sequence 2 2 3 5&apos;]" time="0.00043129920959472656"><skipped message="Suite splitting in effect" type="pytest.skip">src/pymortests/demos.py:175: Suite splitting in effect</skipped></testcase><testcase classname="src.pymortests.demos" file="src/pymortests/demos.py" line="175" name="test_demos[thermalblock:&apos;--fenics 2 2 3 5&apos;]" time="0.00040030479431152344"><skipped message="Suite splitting in effect" type="pytest.skip">src/pymortests/demos.py:175: Suite splitting in effect</skipped></testcase><testcase classname="src.pymortests.demos" file="src/pymortests/demos.py" line="175" name="test_demos[thermalblock:&apos;--greedy-without-estimator 3 1 2 5&apos;]" time="0.0003933906555175781"><skipped message="Suite splitting in effect" type="pytest.skip">src/pymortests/demos.py:175: Suite splitting in effect</skipped></testcase><testcase classname="src.pymortests.demos" file="src/pymortests/demos.py" line="175" name="test_demos[thermalblock:&apos;--alg=pod 2 2 3 5&apos;]" time="0.00041365623474121094"><skipped message="Suite splitting in effect" type="pytest.skip">src/pymortests/demos.py:175: Suite splitting in effect</skipped></testcase><testcase classname="src.pymortests.demos" file="src/pymortests/demos.py" line="175" name="test_demos[thermalblock:&apos;--alg=adaptive_greedy 2 2 10 30&apos;]" time="0.0004067420959472656"><skipped message="Suite splitting in effect" type="pytest.skip">src/pymortests/demos.py:175: Suite splitting in effect</skipped></testcase><testcase classname="src.pymortests.demos" file="src/pymortests/demos.py" line="175" name="test_demos[thermalblock:&apos;--alg=naive --reductor=traditional 2 2 10 5&apos;]" time="0.0003991127014160156"><skipped message="Suite splitting in effect" type="pytest.skip">src/pymortests/demos.py:175: Suite splitting in effect</skipped></testcase><testcase classname="src.pymortests.demos" file="src/pymortests/demos.py" line="175" name="test_demos[thermalblock_adaptive:&apos;10&apos;]" time="0.00039649009704589844"><skipped message="Suite splitting in effect" type="pytest.skip">src/pymortests/demos.py:175: Suite splitting in effect</skipped></testcase><testcase classname="src.pymortests.demos" file="src/pymortests/demos.py" line="175" name="test_demos[thermalblock_adaptive:&apos;--no-visualize-refinement 10&apos;]" time="0.00039696693420410156"><skipped message="Suite splitting in effect" type="pytest.skip">src/pymortests/demos.py:175: Suite splitting in effect</skipped></testcase><testcase classname="src.pymortests.demos" file="src/pymortests/demos.py" line="175" name="test_demos[thermalblock_simple:&apos;pymor naive 2 10 10&apos;]" time="0.00039768218994140625"><skipped message="Suite splitting in effect" type="pytest.skip">src/pymortests/demos.py:175: Suite splitting in effect</skipped></testcase><testcase classname="src.pymortests.demos" file="src/pymortests/demos.py" line="175" name="test_demos[thermalblock_simple:&apos;fenics greedy 2 10 10&apos;]" time="0.00039505958557128906"><skipped message="Suite splitting in effect" type="pytest.skip">src/pymortests/demos.py:175: Suite splitting in effect</skipped></testcase><testcase classname="src.pymortests.demos" file="src/pymortests/demos.py" line="175" name="test_demos[thermalblock_simple:&apos;ngsolve greedy 2 10 10&apos;]" time="0.0004391670227050781"><skipped message="Suite splitting in effect" type="pytest.skip">src/pymortests/demos.py:175: Suite splitting in effect</skipped></testcase><testcase classname="src.pymortests.demos" file="src/pymortests/demos.py" line="175" name="test_demos[thermalblock_simple:&apos;pymor-text adaptive_greedy -1 3 3&apos;]" time="0.000400543212890625"><skipped message="Suite splitting in effect" type="pytest.skip">src/pymortests/demos.py:175: Suite splitting in effect</skipped></testcase><testcase classname="src.pymortests.demos" file="src/pymortests/demos.py" line="175" name="test_demos[thermalblock_gui:&apos;--testing 2 2 3 5&apos;]" time="0.00042319297790527344"><skipped message="Suite splitting in effect" type="pytest.skip">src/pymortests/demos.py:175: Suite splitting in effect</skipped></testcase><testcase classname="src.pymortests.demos" file="src/pymortests/demos.py" line="175" name="test_demos[burgers_ei:&apos;1 2 2 5 2 5 --plot-ei-err&apos;]" time="0.0004246234893798828"><skipped message="Suite splitting in effect" type="pytest.skip">src/pymortests/demos.py:175: Suite splitting in effect</skipped></testcase><testcase classname="src.pymortests.demos" file="src/pymortests/demos.py" line="175" name="test_demos[burgers_ei:&apos;1 2 2 5 2 5 --ei-alg=deim&apos;]" time="0.0004329681396484375"><skipped message="Suite splitting in effect" type="pytest.skip">src/pymortests/demos.py:175: Suite splitting in effect</skipped></testcase><testcase classname="src.pymortests.demos" file="src/pymortests/demos.py" line="175" name="test_demos[parabolic_mor:&apos;pymor greedy 2 3 1&apos;]" time="0.0004398822784423828"><skipped message="Suite splitting in effect" type="pytest.skip">src/pymortests/demos.py:175: Suite splitting in effect</skipped></testcase><testcase classname="src.pymortests.demos" file="src/pymortests/demos.py" line="175" name="test_demos[parabolic_mor:&apos;pymor pod 2 3 1&apos;]" time="0.00044989585876464844"><skipped message="Suite splitting in effect" type="pytest.skip">src/pymortests/demos.py:175: Suite splitting in effect</skipped></testcase><testcase classname="src.pymortests.demos" file="src/pymortests/demos.py" line="175" name="test_demos[parabolic_mor:&apos;fenics adaptive_greedy 2 3 1&apos;]" time="0.0004305839538574219"><skipped message="Suite splitting in effect" type="pytest.skip">src/pymortests/demos.py:175: Suite splitting in effect</skipped></testcase><testcase classname="src.pymortests.demos" file="src/pymortests/demos.py" line="175" name="test_demos[heat:&apos;&apos;]" time="0.0004127025604248047"><skipped message="Suite splitting in effect" type="pytest.skip">src/pymortests/demos.py:175: Suite splitting in effect</skipped></testcase><testcase classname="src.pymortests.demos" file="src/pymortests/demos.py" line="175" name="test_demos[delay:&apos;&apos;]" time="0.0004246234893798828"><skipped message="Suite splitting in effect" type="pytest.skip">src/pymortests/demos.py:175: Suite splitting in effect</skipped></testcase><testcase classname="src.pymortests.demos" file="src/pymortests/demos.py" line="175" name="test_demos[string_equation:&apos;&apos;]" time="0.0006678104400634766"><skipped message="Suite splitting in effect" type="pytest.skip">src/pymortests/demos.py:175: Suite splitting in effect</skipped></testcase><testcase classname="src.pymortests.demos" file="src/pymortests/demos.py" line="175" name="test_demos[hapod:&apos;--snap=3 0.01 10 100&apos;]" time="0.00042128562927246094"><skipped message="Suite splitting in effect" type="pytest.skip">src/pymortests/demos.py:175: Suite splitting in effect</skipped></testcase><testcase classname="src.pymortests.demos" file="src/pymortests/demos.py" line="175" name="test_demos[hapod:&apos;--snap=3 --threads=2 0.01 10 100&apos;]" time="0.00042819976806640625"><skipped message="Suite splitting in effect" type="pytest.skip">src/pymortests/demos.py:175: Suite splitting in effect</skipped></testcase><testcase classname="src.pymortests.demos" file="src/pymortests/demos.py" line="175" name="test_demos[hapod:&apos;--snap=3 --procs=2 0.01 10 100&apos;]" time="0.00041937828063964844"><skipped message="Suite splitting in effect" type="pytest.skip">src/pymortests/demos.py:175: Suite splitting in effect</skipped></testcase><testcase classname="src.pymortests.demos" file="src/pymortests/demos.py" line="181" name="test_analyze_pickle1" time="0.0003917217254638672"><skipped message="Suite splitting in effect" type="pytest.skip">src/pymortests/demos.py:181: Suite splitting in effect</skipped></testcase><testcase classname="src.pymortests.demos" file="src/pymortests/demos.py" line="191" name="test_analyze_pickle2" time="0.000431060791015625"><skipped message="Suite splitting in effect" type="pytest.skip">src/pymortests/demos.py:191: Suite splitting in effect</skipped></testcase><testcase classname="src.pymortests.demos" file="src/pymortests/demos.py" line="202" name="test_analyze_pickle3" time="0.0004076957702636719"><skipped message="Suite splitting in effect" type="pytest.skip">src/pymortests/demos.py:202: Suite splitting in effect</skipped></testcase><testcase classname="src.pymortests.demos" file="src/pymortests/demos.py" line="213" name="test_analyze_pickle4" time="0.0003991127014160156"><skipped message="Suite splitting in effect" type="pytest.skip">src/pymortests/demos.py:213: Suite splitting in effect</skipped></testcase><testcase classname="src.pymortests.demos" file="src/pymortests/demos.py" line="223" name="test_thermalblock_ipython[elliptic:&apos;0 0 0 0&apos;]" time="0.0004317760467529297"><skipped message="Suite splitting in effect" type="pytest.skip">src/pymortests/demos.py:223: Suite splitting in effect</skipped></testcase><testcase classname="src.pymortests.demos" file="src/pymortests/demos.py" line="223" name="test_thermalblock_ipython[elliptic:&apos;1 2 0 3&apos;]" time="0.0004372596740722656"><skipped message="Suite splitting in effect" type="pytest.skip">src/pymortests/demos.py:223: Suite splitting in effect</skipped></testcase><testcase classname="src.pymortests.demos" file="src/pymortests/demos.py" line="223" name="test_thermalblock_ipython[elliptic:&apos;--rect 1 2 0 3&apos;]" time="0.00042819976806640625"><skipped message="Suite splitting in effect" type="pytest.skip">src/pymortests/demos.py:223: Suite splitting in effect</skipped></testcase><testcase classname="src.pymortests.demos" file="src/pymortests/demos.py" line="223" name="test_thermalblock_ipython[elliptic:&apos;0 0 2 1&apos;]" time="0.0004343986511230469"><skipped message="Suite splitting in effect" type="pytest.skip">src/pymortests/demos.py:223: Suite splitting in effect</skipped></testcase><testcase classname="src.pymortests.demos" file="src/pymortests/demos.py" line="223" name="test_thermalblock_ipython[elliptic:&apos;--fv 0 0 0 0&apos;]" time="0.00043487548828125"><skipped message="Suite splitting in effect" type="pytest.skip">src/pymortests/demos.py:223: Suite splitting in effect</skipped></testcase><testcase classname="src.pymortests.demos" file="src/pymortests/demos.py" line="223" name="test_thermalblock_ipython[elliptic:&apos;--fv 1 2 0 3&apos;]" time="0.00046372413635253906"><skipped message="Suite splitting in effect" type="pytest.skip">src/pymortests/demos.py:223: Suite splitting in effect</skipped></testcase><testcase classname="src.pymortests.demos" file="src/pymortests/demos.py" line="223" name="test_thermalblock_ipython[elliptic:&apos;--fv --rect 1 2 0 3&apos;]" time="0.00040268898010253906"><skipped message="Suite splitting in effect" type="pytest.skip">src/pymortests/demos.py:223: Suite splitting in effect</skipped></testcase><testcase classname="src.pymortests.demos" file="src/pymortests/demos.py" line="223" name="test_thermalblock_ipython[elliptic:&apos;--fv 0 0 2 1&apos;]" time="0.00047707557678222656"><skipped message="Suite splitting in effect" type="pytest.skip">src/pymortests/demos.py:223: Suite splitting in effect</skipped></testcase><testcase classname="src.pymortests.demos" file="src/pymortests/demos.py" line="223" name="test_thermalblock_ipython[elliptic2:&apos;1 20&apos;]" time="0.0005521774291992188"><skipped message="Suite splitting in effect" type="pytest.skip">src/pymortests/demos.py:223: Suite splitting in effect</skipped></testcase><testcase classname="src.pymortests.demos" file="src/pymortests/demos.py" line="223" name="test_thermalblock_ipython[elliptic2:&apos;--fv 1 20&apos;]" time="0.0004363059997558594"><skipped message="Suite splitting in effect" type="pytest.skip">src/pymortests/demos.py:223: Suite splitting in effect</skipped></testcase><testcase classname="src.pymortests.demos" file="src/pymortests/demos.py" line="223" name="test_thermalblock_ipython[elliptic_oned:&apos;1 20&apos;]" time="0.0004742145538330078"><skipped message="Suite splitting in effect" type="pytest.skip">src/pymortests/demos.py:223: Suite splitting in effect</skipped></testcase><testcase classname="src.pymortests.demos" file="src/pymortests/demos.py" line="223" name="test_thermalblock_ipython[elliptic_oned:&apos;--fv 1 20&apos;]" time="0.0004112720489501953"><skipped message="Suite splitting in effect" type="pytest.skip">src/pymortests/demos.py:223: Suite splitting in effect</skipped></testcase><testcase classname="src.pymortests.demos" file="src/pymortests/demos.py" line="223" name="test_thermalblock_ipython[burgers:&apos;--num-flux=lax_friedrichs 0.1&apos;]" time="0.0004355907440185547"><skipped message="Suite splitting in effect" type="pytest.skip">src/pymortests/demos.py:223: Suite splitting in effect</skipped></testcase><testcase classname="src.pymortests.demos" file="src/pymortests/demos.py" line="223" name="test_thermalblock_ipython[burgers:&apos;--num-flux=engquist_osher 0.1&apos;]" time="0.0004036426544189453"><skipped message="Suite splitting in effect" type="pytest.skip">src/pymortests/demos.py:223: Suite splitting in effect</skipped></testcase><testcase classname="src.pymortests.demos" file="src/pymortests/demos.py" line="223" name="test_thermalblock_ipython[burgers:&apos;--num-flux=simplified_engquist_osher 0.1&apos;]" time="0.00042247772216796875"><skipped message="Suite splitting in effect" type="pytest.skip">src/pymortests/demos.py:223: Suite splitting in effect</skipped></testcase><testcase classname="src.pymortests.demos" file="src/pymortests/demos.py" line="223" name="test_thermalblock_ipython[parabolic:&apos;heat 1&apos;]" time="0.0004057884216308594"><skipped message="Suite splitting in effect" type="pytest.skip">src/pymortests/demos.py:223: Suite splitting in effect</skipped></testcase><testcase classname="src.pymortests.demos" file="src/pymortests/demos.py" line="223" name="test_thermalblock_ipython[parabolic:&apos;heat --rect 1&apos;]" time="0.0004265308380126953"><skipped message="Suite splitting in effect" type="pytest.skip">src/pymortests/demos.py:223: Suite splitting in effect</skipped></testcase><testcase classname="src.pymortests.demos" file="src/pymortests/demos.py" line="223" name="test_thermalblock_ipython[parabolic:&apos;heat --fv 1&apos;]" time="0.0004229545593261719"><skipped message="Suite splitting in effect" type="pytest.skip">src/pymortests/demos.py:223: Suite splitting in effect</skipped></testcase><testcase classname="src.pymortests.demos" file="src/pymortests/demos.py" line="223" name="test_thermalblock_ipython[parabolic:&apos;heat --rect --fv 1&apos;]" time="0.00042629241943359375"><skipped message="Suite splitting in effect" type="pytest.skip">src/pymortests/demos.py:223: Suite splitting in effect</skipped></testcase><testcase classname="src.pymortests.demos" file="src/pymortests/demos.py" line="223" name="test_thermalblock_ipython[parabolic:&apos;dar 1&apos;]" time="0.0004267692565917969"><skipped message="Suite splitting in effect" type="pytest.skip">src/pymortests/demos.py:223: Suite splitting in effect</skipped></testcase><testcase classname="src.pymortests.demos" file="src/pymortests/demos.py" line="223" name="test_thermalblock_ipython[parabolic:&apos;dar --rect 1&apos;]" time="0.0004532337188720703"><skipped message="Suite splitting in effect" type="pytest.skip">src/pymortests/demos.py:223: Suite splitting in effect</skipped></testcase><testcase classname="src.pymortests.demos" file="src/pymortests/demos.py" line="223" name="test_thermalblock_ipython[elliptic_unstructured:&apos;6.0 16 0.1&apos;]" time="0.0004391670227050781"><skipped message="Suite splitting in effect" type="pytest.skip">src/pymortests/demos.py:223: Suite splitting in effect</skipped></testcase><testcase classname="src.pymortests.demos" file="src/pymortests/demos.py" line="223" name="test_thermalblock_ipython[thermalblock:&apos;--plot-solutions --plot-err --plot-error-sequence 2 2 3 5&apos;]" time="0.0004329681396484375"><skipped message="Suite splitting in effect" type="pytest.skip">src/pymortests/demos.py:223: Suite splitting in effect</skipped></testcase><testcase classname="src.pymortests.demos" file="src/pymortests/demos.py" line="223" name="test_thermalblock_ipython[thermalblock:&apos;--fenics 2 2 3 5&apos;]" time="0.0004324913024902344"><skipped message="Suite splitting in effect" type="pytest.skip">src/pymortests/demos.py:223: Suite splitting in effect</skipped></testcase><testcase classname="src.pymortests.demos" file="src/pymortests/demos.py" line="223" name="test_thermalblock_ipython[thermalblock:&apos;--greedy-without-estimator 3 1 2 5&apos;]" time="0.00043201446533203125"><skipped message="Suite splitting in effect" type="pytest.skip">src/pymortests/demos.py:223: Suite splitting in effect</skipped></testcase><testcase classname="src.pymortests.demos" file="src/pymortests/demos.py" line="223" name="test_thermalblock_ipython[thermalblock:&apos;--alg=pod 2 2 3 5&apos;]" time="0.0004169940948486328"><skipped message="Suite splitting in effect" type="pytest.skip">src/pymortests/demos.py:223: Suite splitting in effect</skipped></testcase><testcase classname="src.pymortests.demos" file="src/pymortests/demos.py" line="223" name="test_thermalblock_ipython[thermalblock:&apos;--alg=adaptive_greedy 2 2 10 30&apos;]" time="0.0004551410675048828"><skipped message="Suite splitting in effect" type="pytest.skip">src/pymortests/demos.py:223: Suite splitting in effect</skipped></testcase><testcase classname="src.pymortests.demos" file="src/pymortests/demos.py" line="223" name="test_thermalblock_ipython[thermalblock:&apos;--alg=naive --reductor=traditional 2 2 10 5&apos;]" time="0.0004398822784423828"><skipped message="Suite splitting in effect" type="pytest.skip">src/pymortests/demos.py:223: Suite splitting in effect</skipped></testcase><testcase classname="src.pymortests.demos" file="src/pymortests/demos.py" line="223" name="test_thermalblock_ipython[thermalblock_adaptive:&apos;10&apos;]" time="0.00043463706970214844"><skipped message="Suite splitting in effect" type="pytest.skip">src/pymortests/demos.py:223: Suite splitting in effect</skipped></testcase><testcase classname="src.pymortests.demos" file="src/pymortests/demos.py" line="223" name="test_thermalblock_ipython[thermalblock_adaptive:&apos;--no-visualize-refinement 10&apos;]" time="0.00042366981506347656"><skipped message="Suite splitting in effect" type="pytest.skip">src/pymortests/demos.py:223: Suite splitting in effect</skipped></testcase><testcase classname="src.pymortests.demos" file="src/pymortests/demos.py" line="223" name="test_thermalblock_ipython[thermalblock_simple:&apos;pymor naive 2 10 10&apos;]" time="0.00043082237243652344"><skipped message="Suite splitting in effect" type="pytest.skip">src/pymortests/demos.py:223: Suite splitting in effect</skipped></testcase><testcase classname="src.pymortests.demos" file="src/pymortests/demos.py" line="223" name="test_thermalblock_ipython[thermalblock_simple:&apos;fenics greedy 2 10 10&apos;]" time="0.0004515647888183594"><skipped message="Suite splitting in effect" type="pytest.skip">src/pymortests/demos.py:223: Suite splitting in effect</skipped></testcase><testcase classname="src.pymortests.demos" file="src/pymortests/demos.py" line="223" name="test_thermalblock_ipython[thermalblock_simple:&apos;ngsolve greedy 2 10 10&apos;]" time="0.0003998279571533203"><skipped message="Suite splitting in effect" type="pytest.skip">src/pymortests/demos.py:223: Suite splitting in effect</skipped></testcase><testcase classname="src.pymortests.demos" file="src/pymortests/demos.py" line="223" name="test_thermalblock_ipython[thermalblock_simple:&apos;pymor-text adaptive_greedy -1 3 3&apos;]" time="0.000453948974609375"><skipped message="Suite splitting in effect" type="pytest.skip">src/pymortests/demos.py:223: Suite splitting in effect</skipped></testcase><testcase classname="src.pymortests.demos" file="src/pymortests/demos.py" line="223" name="test_thermalblock_ipython[thermalblock_gui:&apos;--testing 2 2 3 5&apos;]" time="0.00039696693420410156"><skipped message="Suite splitting in effect" type="pytest.skip">src/pymortests/demos.py:223: Suite splitting in effect</skipped></testcase><testcase classname="src.pymortests.demos" file="src/pymortests/demos.py" line="223" name="test_thermalblock_ipython[burgers_ei:&apos;1 2 2 5 2 5 --plot-ei-err&apos;]" time="0.0005781650543212891"><skipped message="Suite splitting in effect" type="pytest.skip">src/pymortests/demos.py:223: Suite splitting in effect</skipped></testcase><testcase classname="src.pymortests.demos" file="src/pymortests/demos.py" line="223" name="test_thermalblock_ipython[burgers_ei:&apos;1 2 2 5 2 5 --ei-alg=deim&apos;]" time="0.0004208087921142578"><skipped message="Suite splitting in effect" type="pytest.skip">src/pymortests/demos.py:223: Suite splitting in effect</skipped></testcase><testcase classname="src.pymortests.demos" file="src/pymortests/demos.py" line="223" name="test_thermalblock_ipython[parabolic_mor:&apos;pymor greedy 2 3 1&apos;]" time="0.00042366981506347656"><skipped message="Suite splitting in effect" type="pytest.skip">src/pymortests/demos.py:223: Suite splitting in effect</skipped></testcase><testcase classname="src.pymortests.demos" file="src/pymortests/demos.py" line="223" name="test_thermalblock_ipython[parabolic_mor:&apos;pymor pod 2 3 1&apos;]" time="0.0004353523254394531"><skipped message="Suite splitting in effect" type="pytest.skip">src/pymortests/demos.py:223: Suite splitting in effect</skipped></testcase><testcase classname="src.pymortests.demos" file="src/pymortests/demos.py" line="223" name="test_thermalblock_ipython[parabolic_mor:&apos;fenics adaptive_greedy 2 3 1&apos;]" time="0.0004153251647949219"><skipped message="Suite splitting in effect" type="pytest.skip">src/pymortests/demos.py:223: Suite splitting in effect</skipped></testcase><testcase classname="src.pymortests.demos" file="src/pymortests/demos.py" line="223" name="test_thermalblock_ipython[heat:&apos;&apos;]" time="0.0004343986511230469"><skipped message="Suite splitting in effect" type="pytest.skip">src/pymortests/demos.py:223: Suite splitting in effect</skipped></testcase><testcase classname="src.pymortests.demos" file="src/pymortests/demos.py" line="223" name="test_thermalblock_ipython[delay:&apos;&apos;]" time="0.0004353523254394531"><skipped message="Suite splitting in effect" type="pytest.skip">src/pymortests/demos.py:223: Suite splitting in effect</skipped></testcase><testcase classname="src.pymortests.demos" file="src/pymortests/demos.py" line="223" name="test_thermalblock_ipython[string_equation:&apos;&apos;]" time="0.0004432201385498047"><skipped message="Suite splitting in effect" type="pytest.skip">src/pymortests/demos.py:223: Suite splitting in effect</skipped></testcase><testcase classname="src.pymortests.demos" file="src/pymortests/demos.py" line="223" name="test_thermalblock_ipython[hapod:&apos;--snap=3 0.01 10 100&apos;]" time="0.00042748451232910156"><skipped message="Suite splitting in effect" type="pytest.skip">src/pymortests/demos.py:223: Suite splitting in effect</skipped></testcase><testcase classname="src.pymortests.demos" file="src/pymortests/demos.py" line="223" name="test_thermalblock_ipython[hapod:&apos;--snap=3 --threads=2 0.01 10 100&apos;]" time="0.0004425048828125"><skipped message="Suite splitting in effect" type="pytest.skip">src/pymortests/demos.py:223: Suite splitting in effect</skipped></testcase><testcase classname="src.pymortests.demos" file="src/pymortests/demos.py" line="223" name="test_thermalblock_ipython[hapod:&apos;--snap=3 --procs=2 0.01 10 100&apos;]" time="0.00043463706970214844"><skipped message="Suite splitting in effect" type="pytest.skip">src/pymortests/demos.py:223: Suite splitting in effect</skipped></testcase><testcase classname="src.pymortests.demos" file="src/pymortests/demos.py" line="237" name="test_thermalblock_results[thermalblock:&apos;--plot-solutions --plot-err --plot-error-sequence 2 2 3 5&apos;]" time="0.000423431396484375"><skipped message="Suite splitting in effect" type="pytest.skip">src/pymortests/demos.py:237: Suite splitting in effect</skipped></testcase><testcase classname="src.pymortests.demos" file="src/pymortests/demos.py" line="237" name="test_thermalblock_results[thermalblock:&apos;--fenics 2 2 3 5&apos;]" time="0.00044226646423339844"><skipped message="Suite splitting in effect" type="pytest.skip">src/pymortests/demos.py:237: Suite splitting in effect</skipped></testcase><testcase classname="src.pymortests.demos" file="src/pymortests/demos.py" line="237" name="test_thermalblock_results[thermalblock:&apos;--greedy-without-estimator 3 1 2 5&apos;]" time="0.0007762908935546875"><skipped message="Suite splitting in effect" type="pytest.skip">src/pymortests/demos.py:237: Suite splitting in effect</skipped></testcase><testcase classname="src.pymortests.demos" file="src/pymortests/demos.py" line="237" name="test_thermalblock_results[thermalblock:&apos;--alg=pod 2 2 3 5&apos;]" time="0.0007026195526123047"><skipped message="Suite splitting in effect" type="pytest.skip">src/pymortests/demos.py:237: Suite splitting in effect</skipped></testcase><testcase classname="src.pymortests.demos" file="src/pymortests/demos.py" line="237" name="test_thermalblock_results[thermalblock:&apos;--alg=adaptive_greedy 2 2 10 30&apos;]" time="0.0005724430084228516"><skipped message="Suite splitting in effect" type="pytest.skip">src/pymortests/demos.py:237: Suite splitting in effect</skipped></testcase><testcase classname="src.pymortests.demos" file="src/pymortests/demos.py" line="237" name="test_thermalblock_results[thermalblock:&apos;--alg=naive --reductor=traditional 2 2 10 5&apos;]" time="0.000568389892578125"><skipped message="Suite splitting in effect" type="pytest.skip">src/pymortests/demos.py:237: Suite splitting in effect</skipped></testcase><testcase classname="src.pymortests.demos" file="src/pymortests/demos.py" line="250" name="test_burgers_ei_results" time="0.0004382133483886719"><skipped message="Suite splitting in effect" type="pytest.skip">src/pymortests/demos.py:250: Suite splitting in effect</skipped></testcase><testcase classname="src.pymortests.demos" file="src/pymortests/demos.py" line="259" name="test_parabolic_mor_results" time="0.00045490264892578125"><skipped message="Suite splitting in effect" type="pytest.skip">src/pymortests/demos.py:259: Suite splitting in effect</skipped></testcase><testcase classname="src.pymortests.discretization" file="src/pymortests/discretization.py" line="13" name="test_pickle[&lt;lambda&gt;0]" time="0.0004925727844238281"><skipped message="Suite splitting in effect" type="pytest.skip">src/pymortests/discretization.py:13: Suite splitting in effect</skipped></testcase><testcase classname="src.pymortests.discretization" file="src/pymortests/discretization.py" line="13" name="test_pickle[&lt;lambda&gt;1]" time="0.0004105567932128906"><skipped message="Suite splitting in effect" type="pytest.skip">src/pymortests/discretization.py:13: Suite splitting in effect</skipped></testcase><testcase classname="src.pymortests.discretization" file="src/pymortests/discretization.py" line="13" name="test_pickle[&lt;lambda&gt;2]" time="0.0003921985626220703"><skipped message="Suite splitting in effect" type="pytest.skip">src/pymortests/discretization.py:13: Suite splitting in effect</skipped></testcase><testcase classname="src.pymortests.discretization" file="src/pymortests/discretization.py" line="13" name="test_pickle[&lt;lambda&gt;3]" time="0.00042557716369628906"><skipped message="Suite splitting in effect" type="pytest.skip">src/pymortests/discretization.py:13: Suite splitting in effect</skipped></testcase><testcase classname="src.pymortests.discretization" file="src/pymortests/discretization.py" line="13" name="test_pickle[&lt;lambda&gt;4]" time="0.00041365623474121094"><skipped message="Suite splitting in effect" type="pytest.skip">src/pymortests/discretization.py:13: Suite splitting in effect</skipped></testcase><testcase classname="src.pymortests.discretization" file="src/pymortests/discretization.py" line="13" name="test_pickle[&lt;lambda&gt;5]" time="0.00046062469482421875"><skipped message="Suite splitting in effect" type="pytest.skip">src/pymortests/discretization.py:13: Suite splitting in effect</skipped></testcase><testcase classname="src.pymortests.discretization" file="src/pymortests/discretization.py" line="13" name="test_pickle[&lt;lambda&gt;6]" time="0.00041222572326660156"><skipped message="Suite splitting in effect" type="pytest.skip">src/pymortests/discretization.py:13: Suite splitting in effect</skipped></testcase><testcase classname="src.pymortests.discretization" file="src/pymortests/discretization.py" line="13" name="test_pickle[&lt;lambda&gt;7]" time="0.0004413127899169922"><skipped message="Suite splitting in effect" type="pytest.skip">src/pymortests/discretization.py:13: Suite splitting in effect</skipped></testcase><testcase classname="src.pymortests.discretization" file="src/pymortests/discretization.py" line="13" name="test_pickle[&lt;lambda&gt;8]" time="0.00047779083251953125"><skipped message="Suite splitting in effect" type="pytest.skip">src/pymortests/discretization.py:13: Suite splitting in effect</skipped></testcase><testcase classname="src.pymortests.discretization" file="src/pymortests/discretization.py" line="13" name="test_pickle[&lt;lambda&gt;9]" time="0.00046443939208984375"><skipped message="Suite splitting in effect" type="pytest.skip">src/pymortests/discretization.py:13: Suite splitting in effect</skipped></testcase><testcase classname="src.pymortests.discretization" file="src/pymortests/discretization.py" line="13" name="test_pickle[&lt;lambda&gt;10]" time="0.0004248619079589844"><skipped message="Suite splitting in effect" type="pytest.skip">src/pymortests/discretization.py:13: Suite splitting in effect</skipped></testcase><testcase classname="src.pymortests.discretization" file="src/pymortests/discretization.py" line="13" name="test_pickle[&lt;lambda&gt;11]" time="0.00042247772216796875"><skipped message="Suite splitting in effect" type="pytest.skip">src/pymortests/discretization.py:13: Suite splitting in effect</skipped></testcase><testcase classname="src.pymortests.discretization" file="src/pymortests/discretization.py" line="13" name="test_pickle[&lt;lambda&gt;12]" time="0.0004210472106933594"><skipped message="Suite splitting in effect" type="pytest.skip">src/pymortests/discretization.py:13: Suite splitting in effect</skipped></testcase><testcase classname="src.pymortests.discretization" file="src/pymortests/discretization.py" line="13" name="test_pickle[&lt;lambda&gt;13]" time="0.0004794597625732422"><skipped message="Suite splitting in effect" type="pytest.skip">src/pymortests/discretization.py:13: Suite splitting in effect</skipped></testcase><testcase classname="src.pymortests.discretization" file="src/pymortests/discretization.py" line="13" name="test_pickle[&lt;lambda&gt;14]" time="0.00043201446533203125"><skipped message="Suite splitting in effect" type="pytest.skip">src/pymortests/discretization.py:13: Suite splitting in effect</skipped></testcase><testcase classname="src.pymortests.discretization" file="src/pymortests/discretization.py" line="13" name="test_pickle[&lt;lambda&gt;15]" time="0.0005154609680175781"><skipped message="Suite splitting in effect" type="pytest.skip">src/pymortests/discretization.py:13: Suite splitting in effect</skipped></testcase><testcase classname="src.pymortests.discretization" file="src/pymortests/discretization.py" line="13" name="test_pickle[&lt;lambda&gt;16]" time="0.0004062652587890625"><skipped message="Suite splitting in effect" type="pytest.skip">src/pymortests/discretization.py:13: Suite splitting in effect</skipped></testcase><testcase classname="src.pymortests.discretization" file="src/pymortests/discretization.py" line="13" name="test_pickle[&lt;lambda&gt;17]" time="0.000431060791015625"><skipped message="Suite splitting in effect" type="pytest.skip">src/pymortests/discretization.py:13: Suite splitting in effect</skipped></testcase><testcase classname="src.pymortests.discretization" file="src/pymortests/discretization.py" line="13" name="test_pickle[&lt;lambda&gt;18]" time="0.0004582405090332031"><skipped message="Suite splitting in effect" type="pytest.skip">src/pymortests/discretization.py:13: Suite splitting in effect</skipped></testcase><testcase classname="src.pymortests.discretization" file="src/pymortests/discretization.py" line="13" name="test_pickle[&lt;lambda&gt;19]" time="0.0004818439483642578"><skipped message="Suite splitting in effect" type="pytest.skip">src/pymortests/discretization.py:13: Suite splitting in effect</skipped></testcase><testcase classname="src.pymortests.discretization" file="src/pymortests/discretization.py" line="13" name="test_pickle[&lt;lambda&gt;20]" time="0.00042510032653808594"><skipped message="Suite splitting in effect" type="pytest.skip">src/pymortests/discretization.py:13: Suite splitting in effect</skipped></testcase><testcase classname="src.pymortests.discretization" file="src/pymortests/discretization.py" line="13" name="test_pickle[&lt;lambda&gt;21]" time="0.0004222393035888672"><skipped message="Suite splitting in effect" type="pytest.skip">src/pymortests/discretization.py:13: Suite splitting in effect</skipped></testcase><testcase classname="src.pymortests.discretization" file="src/pymortests/discretization.py" line="13" name="test_pickle[&lt;lambda&gt;22]" time="0.0004448890686035156"><skipped message="Suite splitting in effect" type="pytest.skip">src/pymortests/discretization.py:13: Suite splitting in effect</skipped></testcase><testcase classname="src.pymortests.discretization" file="src/pymortests/discretization.py" line="13" name="test_pickle[&lt;lambda&gt;23]" time="0.000423431396484375"><skipped message="Suite splitting in effect" type="pytest.skip">src/pymortests/discretization.py:13: Suite splitting in effect</skipped></testcase><testcase classname="src.pymortests.discretization" file="src/pymortests/discretization.py" line="17" name="test_pickle_without_dumps_function[&lt;lambda&gt;0]" time="0.0004189014434814453"><skipped message="Suite splitting in effect" type="pytest.skip">src/pymortests/discretization.py:17: Suite splitting in effect</skipped></testcase><testcase classname="src.pymortests.discretization" file="src/pymortests/discretization.py" line="17" name="test_pickle_without_dumps_function[&lt;lambda&gt;1]" time="0.00039386749267578125"><skipped message="Suite splitting in effect" type="pytest.skip">src/pymortests/discretization.py:17: Suite splitting in effect</skipped></testcase><testcase classname="src.pymortests.discretization" file="src/pymortests/discretization.py" line="17" name="test_pickle_without_dumps_function[&lt;lambda&gt;2]" time="0.0004000663757324219"><skipped message="Suite splitting in effect" type="pytest.skip">src/pymortests/discretization.py:17: Suite splitting in effect</skipped></testcase><testcase classname="src.pymortests.discretization" file="src/pymortests/discretization.py" line="17" name="test_pickle_without_dumps_function[&lt;lambda&gt;3]" time="0.0003883838653564453"><skipped message="Suite splitting in effect" type="pytest.skip">src/pymortests/discretization.py:17: Suite splitting in effect</skipped></testcase><testcase classname="src.pymortests.discretization" file="src/pymortests/discretization.py" line="17" name="test_pickle_without_dumps_function[&lt;lambda&gt;4]" time="0.0004398822784423828"><skipped message="Suite splitting in effect" type="pytest.skip">src/pymortests/discretization.py:17: Suite splitting in effect</skipped></testcase><testcase classname="src.pymortests.discretization" file="src/pymortests/discretization.py" line="17" name="test_pickle_without_dumps_function[&lt;lambda&gt;5]" time="0.0004048347473144531"><skipped message="Suite splitting in effect" type="pytest.skip">src/pymortests/discretization.py:17: Suite splitting in effect</skipped></testcase><testcase classname="src.pymortests.discretization" file="src/pymortests/discretization.py" line="17" name="test_pickle_without_dumps_function[&lt;lambda&gt;6]" time="0.0003952980041503906"><skipped message="Suite splitting in effect" type="pytest.skip">src/pymortests/discretization.py:17: Suite splitting in effect</skipped></testcase><testcase classname="src.pymortests.discretization" file="src/pymortests/discretization.py" line="17" name="test_pickle_without_dumps_function[&lt;lambda&gt;7]" time="0.00040221214294433594"><skipped message="Suite splitting in effect" type="pytest.skip">src/pymortests/discretization.py:17: Suite splitting in effect</skipped></testcase><testcase classname="src.pymortests.discretization" file="src/pymortests/discretization.py" line="17" name="test_pickle_without_dumps_function[&lt;lambda&gt;8]" time="0.00039124488830566406"><skipped message="Suite splitting in effect" type="pytest.skip">src/pymortests/discretization.py:17: Suite splitting in effect</skipped></testcase><testcase classname="src.pymortests.discretization" file="src/pymortests/discretization.py" line="17" name="test_pickle_without_dumps_function[&lt;lambda&gt;9]" time="0.0006895065307617188"><skipped message="Suite splitting in effect" type="pytest.skip">src/pymortests/discretization.py:17: Suite splitting in effect</skipped></testcase><testcase classname="src.pymortests.discretization" file="src/pymortests/discretization.py" line="17" name="test_pickle_without_dumps_function[&lt;lambda&gt;10]" time="0.00040602684020996094"><skipped message="Suite splitting in effect" type="pytest.skip">src/pymortests/discretization.py:17: Suite splitting in effect</skipped></testcase><testcase classname="src.pymortests.discretization" file="src/pymortests/discretization.py" line="17" name="test_pickle_without_dumps_function[&lt;lambda&gt;11]" time="0.0004165172576904297"><skipped message="Suite splitting in effect" type="pytest.skip">src/pymortests/discretization.py:17: Suite splitting in effect</skipped></testcase><testcase classname="src.pymortests.discretization" file="src/pymortests/discretization.py" line="17" name="test_pickle_without_dumps_function[&lt;lambda&gt;12]" time="0.0004611015319824219"><skipped message="Suite splitting in effect" type="pytest.skip">src/pymortests/discretization.py:17: Suite splitting in effect</skipped></testcase><testcase classname="src.pymortests.discretization" file="src/pymortests/discretization.py" line="17" name="test_pickle_without_dumps_function[&lt;lambda&gt;13]" time="0.0004558563232421875"><skipped message="Suite splitting in effect" type="pytest.skip">src/pymortests/discretization.py:17: Suite splitting in effect</skipped></testcase><testcase classname="src.pymortests.discretization" file="src/pymortests/discretization.py" line="17" name="test_pickle_without_dumps_function[&lt;lambda&gt;14]" time="0.00041484832763671875"><skipped message="Suite splitting in effect" type="pytest.skip">src/pymortests/discretization.py:17: Suite splitting in effect</skipped></testcase><testcase classname="src.pymortests.discretization" file="src/pymortests/discretization.py" line="17" name="test_pickle_without_dumps_function[&lt;lambda&gt;15]" time="0.0004792213439941406"><skipped message="Suite splitting in effect" type="pytest.skip">src/pymortests/discretization.py:17: Suite splitting in effect</skipped></testcase><testcase classname="src.pymortests.discretization" file="src/pymortests/discretization.py" line="17" name="test_pickle_without_dumps_function[&lt;lambda&gt;16]" time="0.0004296302795410156"><skipped message="Suite splitting in effect" type="pytest.skip">src/pymortests/discretization.py:17: Suite splitting in effect</skipped></testcase><testcase classname="src.pymortests.discretization" file="src/pymortests/discretization.py" line="17" name="test_pickle_without_dumps_function[&lt;lambda&gt;17]" time="0.0004298686981201172"><skipped message="Suite splitting in effect" type="pytest.skip">src/pymortests/discretization.py:17: Suite splitting in effect</skipped></testcase><testcase classname="src.pymortests.discretization" file="src/pymortests/discretization.py" line="17" name="test_pickle_without_dumps_function[&lt;lambda&gt;18]" time="0.0004246234893798828"><skipped message="Suite splitting in effect" type="pytest.skip">src/pymortests/discretization.py:17: Suite splitting in effect</skipped></testcase><testcase classname="src.pymortests.discretization" file="src/pymortests/discretization.py" line="17" name="test_pickle_without_dumps_function[&lt;lambda&gt;19]" time="0.0003898143768310547"><skipped message="Suite splitting in effect" type="pytest.skip">src/pymortests/discretization.py:17: Suite splitting in effect</skipped></testcase><testcase classname="src.pymortests.discretization" file="src/pymortests/discretization.py" line="17" name="test_pickle_without_dumps_function[&lt;lambda&gt;20]" time="0.00044035911560058594"><skipped message="Suite splitting in effect" type="pytest.skip">src/pymortests/discretization.py:17: Suite splitting in effect</skipped></testcase><testcase classname="src.pymortests.discretization" file="src/pymortests/discretization.py" line="17" name="test_pickle_without_dumps_function[&lt;lambda&gt;21]" time="0.00039124488830566406"><skipped message="Suite splitting in effect" type="pytest.skip">src/pymortests/discretization.py:17: Suite splitting in effect</skipped></testcase><testcase classname="src.pymortests.discretization" file="src/pymortests/discretization.py" line="21" name="test_pickle_by_solving[&lt;lambda&gt;0]" time="0.00044918060302734375"><skipped message="Suite splitting in effect" type="pytest.skip">src/pymortests/discretization.py:21: Suite splitting in effect</skipped></testcase><testcase classname="src.pymortests.discretization" file="src/pymortests/discretization.py" line="21" name="test_pickle_by_solving[&lt;lambda&gt;1]" time="0.00039839744567871094"><skipped message="Suite splitting in effect" type="pytest.skip">src/pymortests/discretization.py:21: Suite splitting in effect</skipped></testcase><testcase classname="src.pymortests.discretization" file="src/pymortests/discretization.py" line="21" name="test_pickle_by_solving[&lt;lambda&gt;2]" time="0.0004203319549560547"><skipped message="Suite splitting in effect" type="pytest.skip">src/pymortests/discretization.py:21: Suite splitting in effect</skipped></testcase><testcase classname="src.pymortests.discretization" file="src/pymortests/discretization.py" line="21" name="test_pickle_by_solving[&lt;lambda&gt;3]" time="0.00042891502380371094"><skipped message="Suite splitting in effect" type="pytest.skip">src/pymortests/discretization.py:21: Suite splitting in effect</skipped></testcase><testcase classname="src.pymortests.discretization" file="src/pymortests/discretization.py" line="21" name="test_pickle_by_solving[&lt;lambda&gt;4]" time="0.0004150867462158203"><skipped message="Suite splitting in effect" type="pytest.skip">src/pymortests/discretization.py:21: Suite splitting in effect</skipped></testcase><testcase classname="src.pymortests.discretization" file="src/pymortests/discretization.py" line="21" name="test_pickle_by_solving[&lt;lambda&gt;5]" time="0.0004260540008544922"><skipped message="Suite splitting in effect" type="pytest.skip">src/pymortests/discretization.py:21: Suite splitting in effect</skipped></testcase><testcase classname="src.pymortests.discretization" file="src/pymortests/discretization.py" line="21" name="test_pickle_by_solving[&lt;lambda&gt;6]" time="0.00040149688720703125"><skipped message="Suite splitting in effect" type="pytest.skip">src/pymortests/discretization.py:21: Suite splitting in effect</skipped></testcase><testcase classname="src.pymortests.discretization" file="src/pymortests/discretization.py" line="21" name="test_pickle_by_solving[&lt;lambda&gt;7]" time="0.0005509853363037109"><skipped message="Suite splitting in effect" type="pytest.skip">src/pymortests/discretization.py:21: Suite splitting in effect</skipped></testcase><testcase classname="src.pymortests.discretization" file="src/pymortests/discretization.py" line="21" name="test_pickle_by_solving[&lt;lambda&gt;8]" time="0.00041985511779785156"><skipped message="Suite splitting in effect" type="pytest.skip">src/pymortests/discretization.py:21: Suite splitting in effect</skipped></testcase><testcase classname="src.pymortests.discretization" file="src/pymortests/discretization.py" line="21" name="test_pickle_by_solving[&lt;lambda&gt;9]" time="0.00039649009704589844"><skipped message="Suite splitting in effect" type="pytest.skip">src/pymortests/discretization.py:21: Suite splitting in effect</skipped></testcase><testcase classname="src.pymortests.discretization" file="src/pymortests/discretization.py" line="21" name="test_pickle_by_solving[&lt;lambda&gt;10]" time="0.000396728515625"><skipped message="Suite splitting in effect" type="pytest.skip">src/pymortests/discretization.py:21: Suite splitting in effect</skipped></testcase><testcase classname="src.pymortests.discretization" file="src/pymortests/discretization.py" line="21" name="test_pickle_by_solving[&lt;lambda&gt;11]" time="0.00041961669921875"><skipped message="Suite splitting in effect" type="pytest.skip">src/pymortests/discretization.py:21: Suite splitting in effect</skipped></testcase><testcase classname="src.pymortests.discretization" file="src/pymortests/discretization.py" line="21" name="test_pickle_by_solving[&lt;lambda&gt;12]" time="0.0003902912139892578"><skipped message="Suite splitting in effect" type="pytest.skip">src/pymortests/discretization.py:21: Suite splitting in effect</skipped></testcase><testcase classname="src.pymortests.discretization" file="src/pymortests/discretization.py" line="21" name="test_pickle_by_solving[&lt;lambda&gt;13]" time="0.00039887428283691406"><skipped message="Suite splitting in effect" type="pytest.skip">src/pymortests/discretization.py:21: Suite splitting in effect</skipped></testcase><testcase classname="src.pymortests.discretization" file="src/pymortests/discretization.py" line="21" name="test_pickle_by_solving[&lt;lambda&gt;14]" time="0.0004229545593261719"><skipped message="Suite splitting in effect" type="pytest.skip">src/pymortests/discretization.py:21: Suite splitting in effect</skipped></testcase><testcase classname="src.pymortests.discretization" file="src/pymortests/discretization.py" line="21" name="test_pickle_by_solving[&lt;lambda&gt;15]" time="0.00043129920959472656"><skipped message="Suite splitting in effect" type="pytest.skip">src/pymortests/discretization.py:21: Suite splitting in effect</skipped></testcase><testcase classname="src.pymortests.discretization" file="src/pymortests/discretization.py" line="21" name="test_pickle_by_solving[&lt;lambda&gt;16]" time="0.00042128562927246094"><skipped message="Suite splitting in effect" type="pytest.skip">src/pymortests/discretization.py:21: Suite splitting in effect</skipped></testcase><testcase classname="src.pymortests.discretization" file="src/pymortests/discretization.py" line="21" name="test_pickle_by_solving[&lt;lambda&gt;17]" time="0.0003943443298339844"><skipped message="Suite splitting in effect" type="pytest.skip">src/pymortests/discretization.py:21: Suite splitting in effect</skipped></testcase><testcase classname="src.pymortests.discretization" file="src/pymortests/discretization.py" line="21" name="test_pickle_by_solving[&lt;lambda&gt;18]" time="0.0004296302795410156"><skipped message="Suite splitting in effect" type="pytest.skip">src/pymortests/discretization.py:21: Suite splitting in effect</skipped></testcase><testcase classname="src.pymortests.discretization" file="src/pymortests/discretization.py" line="21" name="test_pickle_by_solving[&lt;lambda&gt;19]" time="0.0003993511199951172"><skipped message="Suite splitting in effect" type="pytest.skip">src/pymortests/discretization.py:21: Suite splitting in effect</skipped></testcase><testcase classname="src.pymortests.discretization" file="src/pymortests/discretization.py" line="21" name="test_pickle_by_solving[&lt;lambda&gt;20]" time="0.0004253387451171875"><skipped message="Suite splitting in effect" type="pytest.skip">src/pymortests/discretization.py:21: Suite splitting in effect</skipped></testcase><testcase classname="src.pymortests.discretization" file="src/pymortests/discretization.py" line="21" name="test_pickle_by_solving[&lt;lambda&gt;21]" time="0.00042724609375"><skipped message="Suite splitting in effect" type="pytest.skip">src/pymortests/discretization.py:21: Suite splitting in effect</skipped></testcase><testcase classname="src.pymortests.discretization" file="src/pymortests/discretization.py" line="21" name="test_pickle_by_solving[&lt;lambda&gt;22]" time="0.0004258155822753906"><skipped message="Suite splitting in effect" type="pytest.skip">src/pymortests/discretization.py:21: Suite splitting in effect</skipped></testcase><testcase classname="src.pymortests.discretization" file="src/pymortests/discretization.py" line="21" name="test_pickle_by_solving[&lt;lambda&gt;23]" time="0.0004162788391113281"><skipped message="Suite splitting in effect" type="pytest.skip">src/pymortests/discretization.py:21: Suite splitting in effect</skipped></testcase><testcase classname="src.pymortests.function" file="src/pymortests/function.py" line="26" name="test_evaluate[function0]" time="0.00047588348388671875"><skipped message="Suite splitting in effect" type="pytest.skip">src/pymortests/function.py:26: Suite splitting in effect</skipped></testcase><testcase classname="src.pymortests.function" file="src/pymortests/function.py" line="26" name="test_evaluate[function1]" time="0.0004229545593261719"><skipped message="Suite splitting in effect" type="pytest.skip">src/pymortests/function.py:26: Suite splitting in effect</skipped></testcase><testcase classname="src.pymortests.function" file="src/pymortests/function.py" line="26" name="test_evaluate[function2]" time="0.00039958953857421875"><skipped message="Suite splitting in effect" type="pytest.skip">src/pymortests/function.py:26: Suite splitting in effect</skipped></testcase><testcase classname="src.pymortests.function" file="src/pymortests/function.py" line="26" name="test_evaluate[function3]" time="0.00041985511779785156"><skipped message="Suite splitting in effect" type="pytest.skip">src/pymortests/function.py:26: Suite splitting in effect</skipped></testcase><testcase classname="src.pymortests.function" file="src/pymortests/function.py" line="26" name="test_evaluate[function4]" time="0.00042319297790527344"><skipped message="Suite splitting in effect" type="pytest.skip">src/pymortests/function.py:26: Suite splitting in effect</skipped></testcase><testcase classname="src.pymortests.function" file="src/pymortests/function.py" line="26" name="test_evaluate[function5]" time="0.0004189014434814453"><skipped message="Suite splitting in effect" type="pytest.skip">src/pymortests/function.py:26: Suite splitting in effect</skipped></testcase><testcase classname="src.pymortests.function" file="src/pymortests/function.py" line="26" name="test_evaluate[function6]" time="0.0003898143768310547"><skipped message="Suite splitting in effect" type="pytest.skip">src/pymortests/function.py:26: Suite splitting in effect</skipped></testcase><testcase classname="src.pymortests.function" file="src/pymortests/function.py" line="26" name="test_evaluate[function7]" time="0.00041937828063964844"><skipped message="Suite splitting in effect" type="pytest.skip">src/pymortests/function.py:26: Suite splitting in effect</skipped></testcase><testcase classname="src.pymortests.function" file="src/pymortests/function.py" line="26" name="test_evaluate[function8]" time="0.00039076805114746094"><skipped message="Suite splitting in effect" type="pytest.skip">src/pymortests/function.py:26: Suite splitting in effect</skipped></testcase><testcase classname="src.pymortests.function" file="src/pymortests/function.py" line="26" name="test_evaluate[function9]" time="0.0005023479461669922"><skipped message="Suite splitting in effect" type="pytest.skip">src/pymortests/function.py:26: Suite splitting in effect</skipped></testcase><testcase classname="src.pymortests.function" file="src/pymortests/function.py" line="26" name="test_evaluate[function10]" time="0.00041937828063964844"><skipped message="Suite splitting in effect" type="pytest.skip">src/pymortests/function.py:26: Suite splitting in effect</skipped></testcase><testcase classname="src.pymortests.function" file="src/pymortests/function.py" line="26" name="test_evaluate[function11]" time="0.0003974437713623047"><skipped message="Suite splitting in effect" type="pytest.skip">src/pymortests/function.py:26: Suite splitting in effect</skipped></testcase><testcase classname="src.pymortests.function" file="src/pymortests/function.py" line="35" name="test_lincomb_function" time="0.0004105567932128906"><skipped message="Suite splitting in effect" type="pytest.skip">src/pymortests/function.py:35: Suite splitting in effect</skipped></testcase><testcase classname="src.pymortests.function" file="src/pymortests/function.py" line="58" name="test_pickle[function0]" time="0.0004074573516845703"><skipped message="Suite splitting in effect" type="pytest.skip">src/pymortests/function.py:58: Suite splitting in effect</skipped></testcase><testcase classname="src.pymortests.function" file="src/pymortests/function.py" line="58" name="test_pickle[function1]" time="0.00042176246643066406"><skipped message="Suite splitting in effect" type="pytest.skip">src/pymortests/function.py:58: Suite splitting in effect</skipped></testcase><testcase classname="src.pymortests.function" file="src/pymortests/function.py" line="58" name="test_pickle[function2]" time="0.0003960132598876953"><skipped message="Suite splitting in effect" type="pytest.skip">src/pymortests/function.py:58: Suite splitting in effect</skipped></testcase><testcase classname="src.pymortests.function" file="src/pymortests/function.py" line="58" name="test_pickle[function3]" time="0.0004267692565917969"><skipped message="Suite splitting in effect" type="pytest.skip">src/pymortests/function.py:58: Suite splitting in effect</skipped></testcase><testcase classname="src.pymortests.function" file="src/pymortests/function.py" line="58" name="test_pickle[function4]" time="0.0003991127014160156"><skipped message="Suite splitting in effect" type="pytest.skip">src/pymortests/function.py:58: Suite splitting in effect</skipped></testcase><testcase classname="src.pymortests.function" file="src/pymortests/function.py" line="58" name="test_pickle[function5]" time="0.00044465065002441406"><skipped message="Suite splitting in effect" type="pytest.skip">src/pymortests/function.py:58: Suite splitting in effect</skipped></testcase><testcase classname="src.pymortests.function" file="src/pymortests/function.py" line="58" name="test_pickle[function6]" time="0.00039315223693847656"><skipped message="Suite splitting in effect" type="pytest.skip">src/pymortests/function.py:58: Suite splitting in effect</skipped></testcase><testcase classname="src.pymortests.function" file="src/pymortests/function.py" line="58" name="test_pickle[function7]" time="0.00041985511779785156"><skipped message="Suite splitting in effect" type="pytest.skip">src/pymortests/function.py:58: Suite splitting in effect</skipped></testcase><testcase classname="src.pymortests.function" file="src/pymortests/function.py" line="58" name="test_pickle[function8]" time="0.0003936290740966797"><skipped message="Suite splitting in effect" type="pytest.skip">src/pymortests/function.py:58: Suite splitting in effect</skipped></testcase><testcase classname="src.pymortests.function" file="src/pymortests/function.py" line="58" name="test_pickle[function9]" time="0.0004410743713378906"><skipped message="Suite splitting in effect" type="pytest.skip">src/pymortests/function.py:58: Suite splitting in effect</skipped></testcase><testcase classname="src.pymortests.function" file="src/pymortests/function.py" line="58" name="test_pickle[function10]" time="0.0003936290740966797"><skipped message="Suite splitting in effect" type="pytest.skip">src/pymortests/function.py:58: Suite splitting in effect</skipped></testcase><testcase classname="src.pymortests.function" file="src/pymortests/function.py" line="58" name="test_pickle[function11]" time="0.0004248619079589844"><skipped message="Suite splitting in effect" type="pytest.skip">src/pymortests/function.py:58: Suite splitting in effect</skipped></testcase><testcase classname="src.pymortests.function" file="src/pymortests/function.py" line="62" name="test_pickle_without_dumps_function[picklable_function0]" time="0.00045943260192871094"><skipped message="Suite splitting in effect" type="pytest.skip">src/pymortests/function.py:62: Suite splitting in effect</skipped></testcase><testcase classname="src.pymortests.function" file="src/pymortests/function.py" line="62" name="test_pickle_without_dumps_function[picklable_function1]" time="0.0003924369812011719"><skipped message="Suite splitting in effect" type="pytest.skip">src/pymortests/function.py:62: Suite splitting in effect</skipped></testcase><testcase classname="src.pymortests.function" file="src/pymortests/function.py" line="62" name="test_pickle_without_dumps_function[picklable_function2]" time="0.0004429817199707031"><skipped message="Suite splitting in effect" type="pytest.skip">src/pymortests/function.py:62: Suite splitting in effect</skipped></testcase><testcase classname="src.pymortests.function" file="src/pymortests/function.py" line="62" name="test_pickle_without_dumps_function[picklable_function3]" time="0.0004119873046875"><skipped message="Suite splitting in effect" type="pytest.skip">src/pymortests/function.py:62: Suite splitting in effect</skipped></testcase><testcase classname="src.pymortests.function" file="src/pymortests/function.py" line="62" name="test_pickle_without_dumps_function[picklable_function4]" time="0.00041937828063964844"><skipped message="Suite splitting in effect" type="pytest.skip">src/pymortests/function.py:62: Suite splitting in effect</skipped></testcase><testcase classname="src.pymortests.function" file="src/pymortests/function.py" line="62" name="test_pickle_without_dumps_function[picklable_function5]" time="0.0004215240478515625"><skipped message="Suite splitting in effect" type="pytest.skip">src/pymortests/function.py:62: Suite splitting in effect</skipped></testcase><testcase classname="src.pymortests.function" file="src/pymortests/function.py" line="62" name="test_pickle_without_dumps_function[picklable_function6]" time="0.0004830360412597656"><skipped message="Suite splitting in effect" type="pytest.skip">src/pymortests/function.py:62: Suite splitting in effect</skipped></testcase><testcase classname="src.pymortests.function" file="src/pymortests/function.py" line="62" name="test_pickle_without_dumps_function[picklable_function7]" time="0.00041222572326660156"><skipped message="Suite splitting in effect" type="pytest.skip">src/pymortests/function.py:62: Suite splitting in effect</skipped></testcase><testcase classname="src.pymortests.function" file="src/pymortests/function.py" line="66" name="test_pickle_by_evaluation[function0]" time="0.0004260540008544922"><skipped message="Suite splitting in effect" type="pytest.skip">src/pymortests/function.py:66: Suite splitting in effect</skipped></testcase><testcase classname="src.pymortests.function" file="src/pymortests/function.py" line="66" name="test_pickle_by_evaluation[function1]" time="0.0003952980041503906"><skipped message="Suite splitting in effect" type="pytest.skip">src/pymortests/function.py:66: Suite splitting in effect</skipped></testcase><testcase classname="src.pymortests.function" file="src/pymortests/function.py" line="66" name="test_pickle_by_evaluation[function2]" time="0.00039124488830566406"><skipped message="Suite splitting in effect" type="pytest.skip">src/pymortests/function.py:66: Suite splitting in effect</skipped></testcase><testcase classname="src.pymortests.function" file="src/pymortests/function.py" line="66" name="test_pickle_by_evaluation[function3]" time="0.0004315376281738281"><skipped message="Suite splitting in effect" type="pytest.skip">src/pymortests/function.py:66: Suite splitting in effect</skipped></testcase><testcase classname="src.pymortests.function" file="src/pymortests/function.py" line="66" name="test_pickle_by_evaluation[function4]" time="0.0005393028259277344"><skipped message="Suite splitting in effect" type="pytest.skip">src/pymortests/function.py:66: Suite splitting in effect</skipped></testcase><testcase classname="src.pymortests.function" file="src/pymortests/function.py" line="66" name="test_pickle_by_evaluation[function5]" time="0.00042724609375"><skipped message="Suite splitting in effect" type="pytest.skip">src/pymortests/function.py:66: Suite splitting in effect</skipped></testcase><testcase classname="src.pymortests.function" file="src/pymortests/function.py" line="66" name="test_pickle_by_evaluation[function6]" time="0.00040340423583984375"><skipped message="Suite splitting in effect" type="pytest.skip">src/pymortests/function.py:66: Suite splitting in effect</skipped></testcase><testcase classname="src.pymortests.function" file="src/pymortests/function.py" line="66" name="test_pickle_by_evaluation[function7]" time="0.0004169940948486328"><skipped message="Suite splitting in effect" type="pytest.skip">src/pymortests/function.py:66: Suite splitting in effect</skipped></testcase><testcase classname="src.pymortests.function" file="src/pymortests/function.py" line="66" name="test_pickle_by_evaluation[function8]" time="0.00046539306640625"><skipped message="Suite splitting in effect" type="pytest.skip">src/pymortests/function.py:66: Suite splitting in effect</skipped></testcase><testcase classname="src.pymortests.function" file="src/pymortests/function.py" line="66" name="test_pickle_by_evaluation[function9]" time="0.00040721893310546875"><skipped message="Suite splitting in effect" type="pytest.skip">src/pymortests/function.py:66: Suite splitting in effect</skipped></testcase><testcase classname="src.pymortests.function" file="src/pymortests/function.py" line="66" name="test_pickle_by_evaluation[function10]" time="0.0004277229309082031"><skipped message="Suite splitting in effect" type="pytest.skip">src/pymortests/function.py:66: Suite splitting in effect</skipped></testcase><testcase classname="src.pymortests.function" file="src/pymortests/function.py" line="66" name="test_pickle_by_evaluation[function11]" time="0.0003914833068847656"><skipped message="Suite splitting in effect" type="pytest.skip">src/pymortests/function.py:66: Suite splitting in effect</skipped></testcase><testcase classname="src.pymortests.grid" file="src/pymortests/grid.py" line="28" name="test_dim[&lt;lambda&gt;0]" time="0.0004897117614746094"><skipped message="Suite splitting in effect" type="pytest.skip">src/pymortests/grid.py:28: Suite splitting in effect</skipped></testcase><testcase classname="src.pymortests.grid" file="src/pymortests/grid.py" line="28" name="test_dim[&lt;lambda&gt;1]" time="0.00039958953857421875"><skipped message="Suite splitting in effect" type="pytest.skip">src/pymortests/grid.py:28: Suite splitting in effect</skipped></testcase><testcase classname="src.pymortests.grid" file="src/pymortests/grid.py" line="28" name="test_dim[&lt;lambda&gt;2]" time="0.0004203319549560547"><skipped message="Suite splitting in effect" type="pytest.skip">src/pymortests/grid.py:28: Suite splitting in effect</skipped></testcase><testcase classname="src.pymortests.grid" file="src/pymortests/grid.py" line="28" name="test_dim[&lt;lambda&gt;3]" time="0.0005052089691162109"><skipped message="Suite splitting in effect" type="pytest.skip">src/pymortests/grid.py:28: Suite splitting in effect</skipped></testcase><testcase classname="src.pymortests.grid" file="src/pymortests/grid.py" line="28" name="test_dim[&lt;lambda&gt;4]" time="0.0004055500030517578"><skipped message="Suite splitting in effect" type="pytest.skip">src/pymortests/grid.py:28: Suite splitting in effect</skipped></testcase><testcase classname="src.pymortests.grid" file="src/pymortests/grid.py" line="28" name="test_dim[&lt;lambda&gt;5]" time="0.0004010200500488281"><skipped message="Suite splitting in effect" type="pytest.skip">src/pymortests/grid.py:28: Suite splitting in effect</skipped></testcase><testcase classname="src.pymortests.grid" file="src/pymortests/grid.py" line="28" name="test_dim[&lt;lambda&gt;6]" time="0.0004191398620605469"><skipped message="Suite splitting in effect" type="pytest.skip">src/pymortests/grid.py:28: Suite splitting in effect</skipped></testcase><testcase classname="src.pymortests.grid" file="src/pymortests/grid.py" line="28" name="test_dim[&lt;lambda&gt;7]" time="0.0004284381866455078"><skipped message="Suite splitting in effect" type="pytest.skip">src/pymortests/grid.py:28: Suite splitting in effect</skipped></testcase><testcase classname="src.pymortests.grid" file="src/pymortests/grid.py" line="28" name="test_dim[&lt;lambda&gt;8]" time="0.0004184246063232422"><skipped message="Suite splitting in effect" type="pytest.skip">src/pymortests/grid.py:28: Suite splitting in effect</skipped></testcase><testcase classname="src.pymortests.grid" file="src/pymortests/grid.py" line="28" name="test_dim[&lt;lambda&gt;9]" time="0.0004296302795410156"><skipped message="Suite splitting in effect" type="pytest.skip">src/pymortests/grid.py:28: Suite splitting in effect</skipped></testcase><testcase classname="src.pymortests.grid" file="src/pymortests/grid.py" line="28" name="test_dim[&lt;lambda&gt;10]" time="0.0004215240478515625"><skipped message="Suite splitting in effect" type="pytest.skip">src/pymortests/grid.py:28: Suite splitting in effect</skipped></testcase><testcase classname="src.pymortests.grid" file="src/pymortests/grid.py" line="28" name="test_dim[&lt;lambda&gt;11]" time="0.0004241466522216797"><skipped message="Suite splitting in effect" type="pytest.skip">src/pymortests/grid.py:28: Suite splitting in effect</skipped></testcase><testcase classname="src.pymortests.grid" file="src/pymortests/grid.py" line="28" name="test_dim[&lt;lambda&gt;12]" time="0.0004165172576904297"><skipped message="Suite splitting in effect" type="pytest.skip">src/pymortests/grid.py:28: Suite splitting in effect</skipped></testcase><testcase classname="src.pymortests.grid" file="src/pymortests/grid.py" line="28" name="test_dim[&lt;lambda&gt;13]" time="0.0007312297821044922"><skipped message="Suite splitting in effect" type="pytest.skip">src/pymortests/grid.py:28: Suite splitting in effect</skipped></testcase><testcase classname="src.pymortests.grid" file="src/pymortests/grid.py" line="28" name="test_dim[&lt;lambda&gt;14]" time="0.0003979206085205078"><skipped message="Suite splitting in effect" type="pytest.skip">src/pymortests/grid.py:28: Suite splitting in effect</skipped></testcase><testcase classname="src.pymortests.grid" file="src/pymortests/grid.py" line="28" name="test_dim[&lt;lambda&gt;15]" time="0.00045943260192871094"><skipped message="Suite splitting in effect" type="pytest.skip">src/pymortests/grid.py:28: Suite splitting in effect</skipped></testcase><testcase classname="src.pymortests.grid" file="src/pymortests/grid.py" line="28" name="test_dim[&lt;lambda&gt;16]" time="0.0004050731658935547"><skipped message="Suite splitting in effect" type="pytest.skip">src/pymortests/grid.py:28: Suite splitting in effect</skipped></testcase><testcase classname="src.pymortests.grid" file="src/pymortests/grid.py" line="28" name="test_dim[&lt;lambda&gt;17]" time="0.00042366981506347656"><skipped message="Suite splitting in effect" type="pytest.skip">src/pymortests/grid.py:28: Suite splitting in effect</skipped></testcase><testcase classname="src.pymortests.grid" file="src/pymortests/grid.py" line="28" name="test_dim[&lt;lambda&gt;18]" time="0.0004258155822753906"><skipped message="Suite splitting in effect" type="pytest.skip">src/pymortests/grid.py:28: Suite splitting in effect</skipped></testcase><testcase classname="src.pymortests.grid" file="src/pymortests/grid.py" line="28" name="test_dim[&lt;lambda&gt;19]" time="0.0004432201385498047"><skipped message="Suite splitting in effect" type="pytest.skip">src/pymortests/grid.py:28: Suite splitting in effect</skipped></testcase><testcase classname="src.pymortests.grid" file="src/pymortests/grid.py" line="28" name="test_dim[&lt;lambda&gt;20]" time="0.00046253204345703125"><skipped message="Suite splitting in effect" type="pytest.skip">src/pymortests/grid.py:28: Suite splitting in effect</skipped></testcase><testcase classname="src.pymortests.grid" file="src/pymortests/grid.py" line="28" name="test_dim[&lt;lambda&gt;21]" time="0.0004916191101074219"><skipped message="Suite splitting in effect" type="pytest.skip">src/pymortests/grid.py:28: Suite splitting in effect</skipped></testcase><testcase classname="src.pymortests.grid" file="src/pymortests/grid.py" line="28" name="test_dim[&lt;lambda&gt;22]" time="0.000415802001953125"><skipped message="Suite splitting in effect" type="pytest.skip">src/pymortests/grid.py:28: Suite splitting in effect</skipped></testcase><testcase classname="src.pymortests.grid" file="src/pymortests/grid.py" line="28" name="test_dim[&lt;lambda&gt;23]" time="0.0004444122314453125"><skipped message="Suite splitting in effect" type="pytest.skip">src/pymortests/grid.py:28: Suite splitting in effect</skipped></testcase><testcase classname="src.pymortests.grid" file="src/pymortests/grid.py" line="28" name="test_dim[&lt;lambda&gt;24]" time="0.00040411949157714844"><skipped message="Suite splitting in effect" type="pytest.skip">src/pymortests/grid.py:28: Suite splitting in effect</skipped></testcase><testcase classname="src.pymortests.grid" file="src/pymortests/grid.py" line="28" name="test_dim[&lt;lambda&gt;25]" time="0.0004494190216064453"><skipped message="Suite splitting in effect" type="pytest.skip">src/pymortests/grid.py:28: Suite splitting in effect</skipped></testcase><testcase classname="src.pymortests.grid" file="src/pymortests/grid.py" line="28" name="test_dim[&lt;lambda&gt;26]" time="0.0004546642303466797"><skipped message="Suite splitting in effect" type="pytest.skip">src/pymortests/grid.py:28: Suite splitting in effect</skipped></testcase><testcase classname="src.pymortests.grid" file="src/pymortests/grid.py" line="28" name="test_dim[&lt;lambda&gt;27]" time="0.00040602684020996094"><skipped message="Suite splitting in effect" type="pytest.skip">src/pymortests/grid.py:28: Suite splitting in effect</skipped></testcase><testcase classname="src.pymortests.grid" file="src/pymortests/grid.py" line="28" name="test_dim[&lt;lambda&gt;28]" time="0.00044846534729003906"><skipped message="Suite splitting in effect" type="pytest.skip">src/pymortests/grid.py:28: Suite splitting in effect</skipped></testcase><testcase classname="src.pymortests.grid" file="src/pymortests/grid.py" line="28" name="test_dim[&lt;lambda&gt;29]" time="0.0004444122314453125"><skipped message="Suite splitting in effect" type="pytest.skip">src/pymortests/grid.py:28: Suite splitting in effect</skipped></testcase><testcase classname="src.pymortests.grid" file="src/pymortests/grid.py" line="28" name="test_dim[&lt;lambda&gt;30]" time="0.0004010200500488281"><skipped message="Suite splitting in effect" type="pytest.skip">src/pymortests/grid.py:28: Suite splitting in effect</skipped></testcase><testcase classname="src.pymortests.grid" file="src/pymortests/grid.py" line="28" name="test_dim[&lt;lambda&gt;31]" time="0.00044083595275878906"><skipped message="Suite splitting in effect" type="pytest.skip">src/pymortests/grid.py:28: Suite splitting in effect</skipped></testcase><testcase classname="src.pymortests.grid" file="src/pymortests/grid.py" line="28" name="test_dim[&lt;lambda&gt;32]" time="0.00041604042053222656"><skipped message="Suite splitting in effect" type="pytest.skip">src/pymortests/grid.py:28: Suite splitting in effect</skipped></testcase><testcase classname="src.pymortests.grid" file="src/pymortests/grid.py" line="28" name="test_dim[&lt;lambda&gt;33]" time="0.00040650367736816406"><skipped message="Suite splitting in effect" type="pytest.skip">src/pymortests/grid.py:28: Suite splitting in effect</skipped></testcase><testcase classname="src.pymortests.grid" file="src/pymortests/grid.py" line="28" name="test_dim[&lt;lambda&gt;34]" time="0.0004248619079589844"><skipped message="Suite splitting in effect" type="pytest.skip">src/pymortests/grid.py:28: Suite splitting in effect</skipped></testcase><testcase classname="src.pymortests.grid" file="src/pymortests/grid.py" line="28" name="test_dim[&lt;lambda&gt;35]" time="0.00048089027404785156"><skipped message="Suite splitting in effect" type="pytest.skip">src/pymortests/grid.py:28: Suite splitting in effect</skipped></testcase><testcase classname="src.pymortests.grid" file="src/pymortests/grid.py" line="28" name="test_dim[&lt;lambda&gt;36]" time="0.0005357265472412109"><skipped message="Suite splitting in effect" type="pytest.skip">src/pymortests/grid.py:28: Suite splitting in effect</skipped></testcase><testcase classname="src.pymortests.grid" file="src/pymortests/grid.py" line="28" name="test_dim[&lt;lambda&gt;37]" time="0.0004367828369140625"><skipped message="Suite splitting in effect" type="pytest.skip">src/pymortests/grid.py:28: Suite splitting in effect</skipped></testcase><testcase classname="src.pymortests.grid" file="src/pymortests/grid.py" line="28" name="test_dim[&lt;lambda&gt;38]" time="0.0004093647003173828"><skipped message="Suite splitting in effect" type="pytest.skip">src/pymortests/grid.py:28: Suite splitting in effect</skipped></testcase><testcase classname="src.pymortests.grid" file="src/pymortests/grid.py" line="28" name="test_dim[&lt;lambda&gt;39]" time="0.0004467964172363281"><skipped message="Suite splitting in effect" type="pytest.skip">src/pymortests/grid.py:28: Suite splitting in effect</skipped></testcase><testcase classname="src.pymortests.grid" file="src/pymortests/grid.py" line="28" name="test_dim[&lt;lambda&gt;40]" time="0.0004029273986816406"><skipped message="Suite splitting in effect" type="pytest.skip">src/pymortests/grid.py:28: Suite splitting in effect</skipped></testcase><testcase classname="src.pymortests.grid" file="src/pymortests/grid.py" line="28" name="test_dim[&lt;lambda&gt;41]" time="0.0004067420959472656"><skipped message="Suite splitting in effect" type="pytest.skip">src/pymortests/grid.py:28: Suite splitting in effect</skipped></testcase><testcase classname="src.pymortests.grid" file="src/pymortests/grid.py" line="28" name="test_dim[&lt;lambda&gt;42]" time="0.0004000663757324219"><skipped message="Suite splitting in effect" type="pytest.skip">src/pymortests/grid.py:28: Suite splitting in effect</skipped></testcase><testcase classname="src.pymortests.grid" file="src/pymortests/grid.py" line="34" name="test_size[&lt;lambda&gt;0]" time="0.000400543212890625"><skipped message="Suite splitting in effect" type="pytest.skip">src/pymortests/grid.py:34: Suite splitting in effect</skipped></testcase><testcase classname="src.pymortests.grid" file="src/pymortests/grid.py" line="34" name="test_size[&lt;lambda&gt;1]" time="0.00043845176696777344"><skipped message="Suite splitting in effect" type="pytest.skip">src/pymortests/grid.py:34: Suite splitting in effect</skipped></testcase><testcase classname="src.pymortests.grid" file="src/pymortests/grid.py" line="34" name="test_size[&lt;lambda&gt;2]" time="0.0004322528839111328"><skipped message="Suite splitting in effect" type="pytest.skip">src/pymortests/grid.py:34: Suite splitting in effect</skipped></testcase><testcase classname="src.pymortests.grid" file="src/pymortests/grid.py" line="34" name="test_size[&lt;lambda&gt;3]" time="0.00040459632873535156"><skipped message="Suite splitting in effect" type="pytest.skip">src/pymortests/grid.py:34: Suite splitting in effect</skipped></testcase><testcase classname="src.pymortests.grid" file="src/pymortests/grid.py" line="34" name="test_size[&lt;lambda&gt;4]" time="0.000423431396484375"><skipped message="Suite splitting in effect" type="pytest.skip">src/pymortests/grid.py:34: Suite splitting in effect</skipped></testcase><testcase classname="src.pymortests.grid" file="src/pymortests/grid.py" line="34" name="test_size[&lt;lambda&gt;5]" time="0.0004143714904785156"><skipped message="Suite splitting in effect" type="pytest.skip">src/pymortests/grid.py:34: Suite splitting in effect</skipped></testcase><testcase classname="src.pymortests.grid" file="src/pymortests/grid.py" line="34" name="test_size[&lt;lambda&gt;6]" time="0.0004267692565917969"><skipped message="Suite splitting in effect" type="pytest.skip">src/pymortests/grid.py:34: Suite splitting in effect</skipped></testcase><testcase classname="src.pymortests.grid" file="src/pymortests/grid.py" line="34" name="test_size[&lt;lambda&gt;7]" time="0.00039505958557128906"><skipped message="Suite splitting in effect" type="pytest.skip">src/pymortests/grid.py:34: Suite splitting in effect</skipped></testcase><testcase classname="src.pymortests.grid" file="src/pymortests/grid.py" line="34" name="test_size[&lt;lambda&gt;8]" time="0.0004208087921142578"><skipped message="Suite splitting in effect" type="pytest.skip">src/pymortests/grid.py:34: Suite splitting in effect</skipped></testcase><testcase classname="src.pymortests.grid" file="src/pymortests/grid.py" line="34" name="test_size[&lt;lambda&gt;9]" time="0.00043487548828125"><skipped message="Suite splitting in effect" type="pytest.skip">src/pymortests/grid.py:34: Suite splitting in effect</skipped></testcase><testcase classname="src.pymortests.grid" file="src/pymortests/grid.py" line="34" name="test_size[&lt;lambda&gt;10]" time="0.00039315223693847656"><skipped message="Suite splitting in effect" type="pytest.skip">src/pymortests/grid.py:34: Suite splitting in effect</skipped></testcase><testcase classname="src.pymortests.grid" file="src/pymortests/grid.py" line="34" name="test_size[&lt;lambda&gt;11]" time="0.0004439353942871094"><skipped message="Suite splitting in effect" type="pytest.skip">src/pymortests/grid.py:34: Suite splitting in effect</skipped></testcase><testcase classname="src.pymortests.grid" file="src/pymortests/grid.py" line="34" name="test_size[&lt;lambda&gt;12]" time="0.0003917217254638672"><skipped message="Suite splitting in effect" type="pytest.skip">src/pymortests/grid.py:34: Suite splitting in effect</skipped></testcase><testcase classname="src.pymortests.grid" file="src/pymortests/grid.py" line="34" name="test_size[&lt;lambda&gt;13]" time="0.0004475116729736328"><skipped message="Suite splitting in effect" type="pytest.skip">src/pymortests/grid.py:34: Suite splitting in effect</skipped></testcase><testcase classname="src.pymortests.grid" file="src/pymortests/grid.py" line="34" name="test_size[&lt;lambda&gt;14]" time="0.0003924369812011719"><skipped message="Suite splitting in effect" type="pytest.skip">src/pymortests/grid.py:34: Suite splitting in effect</skipped></testcase><testcase classname="src.pymortests.grid" file="src/pymortests/grid.py" line="34" name="test_size[&lt;lambda&gt;15]" time="0.00041294097900390625"><skipped message="Suite splitting in effect" type="pytest.skip">src/pymortests/grid.py:34: Suite splitting in effect</skipped></testcase><testcase classname="src.pymortests.grid" file="src/pymortests/grid.py" line="34" name="test_size[&lt;lambda&gt;16]" time="0.0003981590270996094"><skipped message="Suite splitting in effect" type="pytest.skip">src/pymortests/grid.py:34: Suite splitting in effect</skipped></testcase><testcase classname="src.pymortests.grid" file="src/pymortests/grid.py" line="34" name="test_size[&lt;lambda&gt;17]" time="0.00043582916259765625"><skipped message="Suite splitting in effect" type="pytest.skip">src/pymortests/grid.py:34: Suite splitting in effect</skipped></testcase><testcase classname="src.pymortests.grid" file="src/pymortests/grid.py" line="34" name="test_size[&lt;lambda&gt;18]" time="0.0004215240478515625"><skipped message="Suite splitting in effect" type="pytest.skip">src/pymortests/grid.py:34: Suite splitting in effect</skipped></testcase><testcase classname="src.pymortests.grid" file="src/pymortests/grid.py" line="34" name="test_size[&lt;lambda&gt;19]" time="0.0004220008850097656"><skipped message="Suite splitting in effect" type="pytest.skip">src/pymortests/grid.py:34: Suite splitting in effect</skipped></testcase><testcase classname="src.pymortests.grid" file="src/pymortests/grid.py" line="34" name="test_size[&lt;lambda&gt;20]" time="0.0004553794860839844"><skipped message="Suite splitting in effect" type="pytest.skip">src/pymortests/grid.py:34: Suite splitting in effect</skipped></testcase><testcase classname="src.pymortests.grid" file="src/pymortests/grid.py" line="34" name="test_size[&lt;lambda&gt;21]" time="0.0004239082336425781"><skipped message="Suite splitting in effect" type="pytest.skip">src/pymortests/grid.py:34: Suite splitting in effect</skipped></testcase><testcase classname="src.pymortests.grid" file="src/pymortests/grid.py" line="34" name="test_size[&lt;lambda&gt;22]" time="0.0003910064697265625"><skipped message="Suite splitting in effect" type="pytest.skip">src/pymortests/grid.py:34: Suite splitting in effect</skipped></testcase><testcase classname="src.pymortests.grid" file="src/pymortests/grid.py" line="34" name="test_size[&lt;lambda&gt;23]" time="0.0004093647003173828"><skipped message="Suite splitting in effect" type="pytest.skip">src/pymortests/grid.py:34: Suite splitting in effect</skipped></testcase><testcase classname="src.pymortests.grid" file="src/pymortests/grid.py" line="34" name="test_size[&lt;lambda&gt;24]" time="0.00048232078552246094"><skipped message="Suite splitting in effect" type="pytest.skip">src/pymortests/grid.py:34: Suite splitting in effect</skipped></testcase><testcase classname="src.pymortests.grid" file="src/pymortests/grid.py" line="34" name="test_size[&lt;lambda&gt;25]" time="0.0004036426544189453"><skipped message="Suite splitting in effect" type="pytest.skip">src/pymortests/grid.py:34: Suite splitting in effect</skipped></testcase><testcase classname="src.pymortests.grid" file="src/pymortests/grid.py" line="34" name="test_size[&lt;lambda&gt;26]" time="0.0003979206085205078"><skipped message="Suite splitting in effect" type="pytest.skip">src/pymortests/grid.py:34: Suite splitting in effect</skipped></testcase><testcase classname="src.pymortests.grid" file="src/pymortests/grid.py" line="34" name="test_size[&lt;lambda&gt;27]" time="0.000431060791015625"><skipped message="Suite splitting in effect" type="pytest.skip">src/pymortests/grid.py:34: Suite splitting in effect</skipped></testcase><testcase classname="src.pymortests.grid" file="src/pymortests/grid.py" line="34" name="test_size[&lt;lambda&gt;28]" time="0.00041937828063964844"><skipped message="Suite splitting in effect" type="pytest.skip">src/pymortests/grid.py:34: Suite splitting in effect</skipped></testcase><testcase classname="src.pymortests.grid" file="src/pymortests/grid.py" line="34" name="test_size[&lt;lambda&gt;29]" time="0.0004570484161376953"><skipped message="Suite splitting in effect" type="pytest.skip">src/pymortests/grid.py:34: Suite splitting in effect</skipped></testcase><testcase classname="src.pymortests.grid" file="src/pymortests/grid.py" line="34" name="test_size[&lt;lambda&gt;30]" time="0.00040340423583984375"><skipped message="Suite splitting in effect" type="pytest.skip">src/pymortests/grid.py:34: Suite splitting in effect</skipped></testcase><testcase classname="src.pymortests.grid" file="src/pymortests/grid.py" line="34" name="test_size[&lt;lambda&gt;31]" time="0.000400543212890625"><skipped message="Suite splitting in effect" type="pytest.skip">src/pymortests/grid.py:34: Suite splitting in effect</skipped></testcase><testcase classname="src.pymortests.grid" file="src/pymortests/grid.py" line="34" name="test_size[&lt;lambda&gt;32]" time="0.000400543212890625"><skipped message="Suite splitting in effect" type="pytest.skip">src/pymortests/grid.py:34: Suite splitting in effect</skipped></testcase><testcase classname="src.pymortests.grid" file="src/pymortests/grid.py" line="34" name="test_size[&lt;lambda&gt;33]" time="0.0004088878631591797"><skipped message="Suite splitting in effect" type="pytest.skip">src/pymortests/grid.py:34: Suite splitting in effect</skipped></testcase><testcase classname="src.pymortests.grid" file="src/pymortests/grid.py" line="34" name="test_size[&lt;lambda&gt;34]" time="0.0004923343658447266"><skipped message="Suite splitting in effect" type="pytest.skip">src/pymortests/grid.py:34: Suite splitting in effect</skipped></testcase><testcase classname="src.pymortests.grid" file="src/pymortests/grid.py" line="34" name="test_size[&lt;lambda&gt;35]" time="0.0004067420959472656"><skipped message="Suite splitting in effect" type="pytest.skip">src/pymortests/grid.py:34: Suite splitting in effect</skipped></testcase><testcase classname="src.pymortests.grid" file="src/pymortests/grid.py" line="34" name="test_size[&lt;lambda&gt;36]" time="0.00040030479431152344"><skipped message="Suite splitting in effect" type="pytest.skip">src/pymortests/grid.py:34: Suite splitting in effect</skipped></testcase><testcase classname="src.pymortests.grid" file="src/pymortests/grid.py" line="34" name="test_size[&lt;lambda&gt;37]" time="0.0004267692565917969"><skipped message="Suite splitting in effect" type="pytest.skip">src/pymortests/grid.py:34: Suite splitting in effect</skipped></testcase><testcase classname="src.pymortests.grid" file="src/pymortests/grid.py" line="34" name="test_size[&lt;lambda&gt;38]" time="0.00040912628173828125"><skipped message="Suite splitting in effect" type="pytest.skip">src/pymortests/grid.py:34: Suite splitting in effect</skipped></testcase><testcase classname="src.pymortests.grid" file="src/pymortests/grid.py" line="34" name="test_size[&lt;lambda&gt;39]" time="0.0003948211669921875"><skipped message="Suite splitting in effect" type="pytest.skip">src/pymortests/grid.py:34: Suite splitting in effect</skipped></testcase><testcase classname="src.pymortests.grid" file="src/pymortests/grid.py" line="34" name="test_size[&lt;lambda&gt;40]" time="0.00042366981506347656"><skipped message="Suite splitting in effect" type="pytest.skip">src/pymortests/grid.py:34: Suite splitting in effect</skipped></testcase><testcase classname="src.pymortests.grid" file="src/pymortests/grid.py" line="34" name="test_size[&lt;lambda&gt;41]" time="0.0003955364227294922"><skipped message="Suite splitting in effect" type="pytest.skip">src/pymortests/grid.py:34: Suite splitting in effect</skipped></testcase><testcase classname="src.pymortests.grid" file="src/pymortests/grid.py" line="34" name="test_size[&lt;lambda&gt;42]" time="0.00039887428283691406"><skipped message="Suite splitting in effect" type="pytest.skip">src/pymortests/grid.py:34: Suite splitting in effect</skipped></testcase><testcase classname="src.pymortests.grid" file="src/pymortests/grid.py" line="44" name="test_subentities_wrong_arguments[&lt;lambda&gt;0]" time="0.0004990100860595703"><skipped message="Suite splitting in effect" type="pytest.skip">src/pymortests/grid.py:44: Suite splitting in effect</skipped></testcase><testcase classname="src.pymortests.grid" file="src/pymortests/grid.py" line="44" name="test_subentities_wrong_arguments[&lt;lambda&gt;1]" time="0.00039458274841308594"><skipped message="Suite splitting in effect" type="pytest.skip">src/pymortests/grid.py:44: Suite splitting in effect</skipped></testcase><testcase classname="src.pymortests.grid" file="src/pymortests/grid.py" line="44" name="test_subentities_wrong_arguments[&lt;lambda&gt;2]" time="0.0004398822784423828"><skipped message="Suite splitting in effect" type="pytest.skip">src/pymortests/grid.py:44: Suite splitting in effect</skipped></testcase><testcase classname="src.pymortests.grid" file="src/pymortests/grid.py" line="44" name="test_subentities_wrong_arguments[&lt;lambda&gt;3]" time="0.0003993511199951172"><skipped message="Suite splitting in effect" type="pytest.skip">src/pymortests/grid.py:44: Suite splitting in effect</skipped></testcase><testcase classname="src.pymortests.grid" file="src/pymortests/grid.py" line="44" name="test_subentities_wrong_arguments[&lt;lambda&gt;4]" time="0.00043392181396484375"><skipped message="Suite splitting in effect" type="pytest.skip">src/pymortests/grid.py:44: Suite splitting in effect</skipped></testcase><testcase classname="src.pymortests.grid" file="src/pymortests/grid.py" line="44" name="test_subentities_wrong_arguments[&lt;lambda&gt;5]" time="0.0003979206085205078"><skipped message="Suite splitting in effect" type="pytest.skip">src/pymortests/grid.py:44: Suite splitting in effect</skipped></testcase><testcase classname="src.pymortests.grid" file="src/pymortests/grid.py" line="44" name="test_subentities_wrong_arguments[&lt;lambda&gt;6]" time="0.0004119873046875"><skipped message="Suite splitting in effect" type="pytest.skip">src/pymortests/grid.py:44: Suite splitting in effect</skipped></testcase><testcase classname="src.pymortests.grid" file="src/pymortests/grid.py" line="44" name="test_subentities_wrong_arguments[&lt;lambda&gt;7]" time="0.00047087669372558594"><skipped message="Suite splitting in effect" type="pytest.skip">src/pymortests/grid.py:44: Suite splitting in effect</skipped></testcase><testcase classname="src.pymortests.grid" file="src/pymortests/grid.py" line="44" name="test_subentities_wrong_arguments[&lt;lambda&gt;8]" time="0.0003917217254638672"><skipped message="Suite splitting in effect" type="pytest.skip">src/pymortests/grid.py:44: Suite splitting in effect</skipped></testcase><testcase classname="src.pymortests.grid" file="src/pymortests/grid.py" line="44" name="test_subentities_wrong_arguments[&lt;lambda&gt;9]" time="0.0003998279571533203"><skipped message="Suite splitting in effect" type="pytest.skip">src/pymortests/grid.py:44: Suite splitting in effect</skipped></testcase><testcase classname="src.pymortests.grid" file="src/pymortests/grid.py" line="44" name="test_subentities_wrong_arguments[&lt;lambda&gt;10]" time="0.0004019737243652344"><skipped message="Suite splitting in effect" type="pytest.skip">src/pymortests/grid.py:44: Suite splitting in effect</skipped></testcase><testcase classname="src.pymortests.grid" file="src/pymortests/grid.py" line="44" name="test_subentities_wrong_arguments[&lt;lambda&gt;11]" time="0.00042748451232910156"><skipped message="Suite splitting in effect" type="pytest.skip">src/pymortests/grid.py:44: Suite splitting in effect</skipped></testcase><testcase classname="src.pymortests.grid" file="src/pymortests/grid.py" line="44" name="test_subentities_wrong_arguments[&lt;lambda&gt;12]" time="0.0004055500030517578"><skipped message="Suite splitting in effect" type="pytest.skip">src/pymortests/grid.py:44: Suite splitting in effect</skipped></testcase><testcase classname="src.pymortests.grid" file="src/pymortests/grid.py" line="44" name="test_subentities_wrong_arguments[&lt;lambda&gt;13]" time="0.0004372596740722656"><skipped message="Suite splitting in effect" type="pytest.skip">src/pymortests/grid.py:44: Suite splitting in effect</skipped></testcase><testcase classname="src.pymortests.grid" file="src/pymortests/grid.py" line="44" name="test_subentities_wrong_arguments[&lt;lambda&gt;14]" time="0.0003895759582519531"><skipped message="Suite splitting in effect" type="pytest.skip">src/pymortests/grid.py:44: Suite splitting in effect</skipped></testcase><testcase classname="src.pymortests.grid" file="src/pymortests/grid.py" line="44" name="test_subentities_wrong_arguments[&lt;lambda&gt;15]" time="0.0003905296325683594"><skipped message="Suite splitting in effect" type="pytest.skip">src/pymortests/grid.py:44: Suite splitting in effect</skipped></testcase><testcase classname="src.pymortests.grid" file="src/pymortests/grid.py" line="44" name="test_subentities_wrong_arguments[&lt;lambda&gt;16]" time="0.00039768218994140625"><skipped message="Suite splitting in effect" type="pytest.skip">src/pymortests/grid.py:44: Suite splitting in effect</skipped></testcase><testcase classname="src.pymortests.grid" file="src/pymortests/grid.py" line="44" name="test_subentities_wrong_arguments[&lt;lambda&gt;17]" time="0.0004017353057861328"><skipped message="Suite splitting in effect" type="pytest.skip">src/pymortests/grid.py:44: Suite splitting in effect</skipped></testcase><testcase classname="src.pymortests.grid" file="src/pymortests/grid.py" line="44" name="test_subentities_wrong_arguments[&lt;lambda&gt;18]" time="0.000431060791015625"><skipped message="Suite splitting in effect" type="pytest.skip">src/pymortests/grid.py:44: Suite splitting in effect</skipped></testcase><testcase classname="src.pymortests.grid" file="src/pymortests/grid.py" line="44" name="test_subentities_wrong_arguments[&lt;lambda&gt;19]" time="0.0004105567932128906"><skipped message="Suite splitting in effect" type="pytest.skip">src/pymortests/grid.py:44: Suite splitting in effect</skipped></testcase><testcase classname="src.pymortests.grid" file="src/pymortests/grid.py" line="44" name="test_subentities_wrong_arguments[&lt;lambda&gt;20]" time="0.0004379749298095703"><skipped message="Suite splitting in effect" type="pytest.skip">src/pymortests/grid.py:44: Suite splitting in effect</skipped></testcase><testcase classname="src.pymortests.grid" file="src/pymortests/grid.py" line="44" name="test_subentities_wrong_arguments[&lt;lambda&gt;21]" time="0.0003933906555175781"><skipped message="Suite splitting in effect" type="pytest.skip">src/pymortests/grid.py:44: Suite splitting in effect</skipped></testcase><testcase classname="src.pymortests.grid" file="src/pymortests/grid.py" line="44" name="test_subentities_wrong_arguments[&lt;lambda&gt;22]" time="0.0006973743438720703"><skipped message="Suite splitting in effect" type="pytest.skip">src/pymortests/grid.py:44: Suite splitting in effect</skipped></testcase><testcase classname="src.pymortests.grid" file="src/pymortests/grid.py" line="44" name="test_subentities_wrong_arguments[&lt;lambda&gt;23]" time="0.0004096031188964844"><skipped message="Suite splitting in effect" type="pytest.skip">src/pymortests/grid.py:44: Suite splitting in effect</skipped></testcase><testcase classname="src.pymortests.grid" file="src/pymortests/grid.py" line="44" name="test_subentities_wrong_arguments[&lt;lambda&gt;24]" time="0.0004096031188964844"><skipped message="Suite splitting in effect" type="pytest.skip">src/pymortests/grid.py:44: Suite splitting in effect</skipped></testcase><testcase classname="src.pymortests.grid" file="src/pymortests/grid.py" line="44" name="test_subentities_wrong_arguments[&lt;lambda&gt;25]" time="0.000461578369140625"><skipped message="Suite splitting in effect" type="pytest.skip">src/pymortests/grid.py:44: Suite splitting in effect</skipped></testcase><testcase classname="src.pymortests.grid" file="src/pymortests/grid.py" line="44" name="test_subentities_wrong_arguments[&lt;lambda&gt;26]" time="0.0003917217254638672"><skipped message="Suite splitting in effect" type="pytest.skip">src/pymortests/grid.py:44: Suite splitting in effect</skipped></testcase><testcase classname="src.pymortests.grid" file="src/pymortests/grid.py" line="44" name="test_subentities_wrong_arguments[&lt;lambda&gt;27]" time="0.0003979206085205078"><skipped message="Suite splitting in effect" type="pytest.skip">src/pymortests/grid.py:44: Suite splitting in effect</skipped></testcase><testcase classname="src.pymortests.grid" file="src/pymortests/grid.py" line="44" name="test_subentities_wrong_arguments[&lt;lambda&gt;28]" time="0.0004012584686279297"><skipped message="Suite splitting in effect" type="pytest.skip">src/pymortests/grid.py:44: Suite splitting in effect</skipped></testcase><testcase classname="src.pymortests.grid" file="src/pymortests/grid.py" line="44" name="test_subentities_wrong_arguments[&lt;lambda&gt;29]" time="0.00039887428283691406"><skipped message="Suite splitting in effect" type="pytest.skip">src/pymortests/grid.py:44: Suite splitting in effect</skipped></testcase><testcase classname="src.pymortests.grid" file="src/pymortests/grid.py" line="44" name="test_subentities_wrong_arguments[&lt;lambda&gt;30]" time="0.00042247772216796875"><skipped message="Suite splitting in effect" type="pytest.skip">src/pymortests/grid.py:44: Suite splitting in effect</skipped></testcase><testcase classname="src.pymortests.grid" file="src/pymortests/grid.py" line="44" name="test_subentities_wrong_arguments[&lt;lambda&gt;31]" time="0.0005407333374023438"><skipped message="Suite splitting in effect" type="pytest.skip">src/pymortests/grid.py:44: Suite splitting in effect</skipped></testcase><testcase classname="src.pymortests.grid" file="src/pymortests/grid.py" line="44" name="test_subentities_wrong_arguments[&lt;lambda&gt;32]" time="0.0004398822784423828"><skipped message="Suite splitting in effect" type="pytest.skip">src/pymortests/grid.py:44: Suite splitting in effect</skipped></testcase><testcase classname="src.pymortests.grid" file="src/pymortests/grid.py" line="44" name="test_subentities_wrong_arguments[&lt;lambda&gt;33]" time="0.0003948211669921875"><skipped message="Suite splitting in effect" type="pytest.skip">src/pymortests/grid.py:44: Suite splitting in effect</skipped></testcase><testcase classname="src.pymortests.grid" file="src/pymortests/grid.py" line="44" name="test_subentities_wrong_arguments[&lt;lambda&gt;34]" time="0.00039887428283691406"><skipped message="Suite splitting in effect" type="pytest.skip">src/pymortests/grid.py:44: Suite splitting in effect</skipped></testcase><testcase classname="src.pymortests.grid" file="src/pymortests/grid.py" line="44" name="test_subentities_wrong_arguments[&lt;lambda&gt;35]" time="0.0004019737243652344"><skipped message="Suite splitting in effect" type="pytest.skip">src/pymortests/grid.py:44: Suite splitting in effect</skipped></testcase><testcase classname="src.pymortests.grid" file="src/pymortests/grid.py" line="44" name="test_subentities_wrong_arguments[&lt;lambda&gt;36]" time="0.0004200935363769531"><skipped message="Suite splitting in effect" type="pytest.skip">src/pymortests/grid.py:44: Suite splitting in effect</skipped></testcase><testcase classname="src.pymortests.grid" file="src/pymortests/grid.py" line="44" name="test_subentities_wrong_arguments[&lt;lambda&gt;37]" time="0.0003979206085205078"><skipped message="Suite splitting in effect" type="pytest.skip">src/pymortests/grid.py:44: Suite splitting in effect</skipped></testcase><testcase classname="src.pymortests.grid" file="src/pymortests/grid.py" line="44" name="test_subentities_wrong_arguments[&lt;lambda&gt;38]" time="0.00039505958557128906"><skipped message="Suite splitting in effect" type="pytest.skip">src/pymortests/grid.py:44: Suite splitting in effect</skipped></testcase><testcase classname="src.pymortests.grid" file="src/pymortests/grid.py" line="44" name="test_subentities_wrong_arguments[&lt;lambda&gt;39]" time="0.0004267692565917969"><skipped message="Suite splitting in effect" type="pytest.skip">src/pymortests/grid.py:44: Suite splitting in effect</skipped></testcase><testcase classname="src.pymortests.grid" file="src/pymortests/grid.py" line="44" name="test_subentities_wrong_arguments[&lt;lambda&gt;40]" time="0.0004057884216308594"><skipped message="Suite splitting in effect" type="pytest.skip">src/pymortests/grid.py:44: Suite splitting in effect</skipped></testcase><testcase classname="src.pymortests.grid" file="src/pymortests/grid.py" line="44" name="test_subentities_wrong_arguments[&lt;lambda&gt;41]" time="0.0004436969757080078"><skipped message="Suite splitting in effect" type="pytest.skip">src/pymortests/grid.py:44: Suite splitting in effect</skipped></testcase><testcase classname="src.pymortests.grid" file="src/pymortests/grid.py" line="44" name="test_subentities_wrong_arguments[&lt;lambda&gt;42]" time="0.0004115104675292969"><skipped message="Suite splitting in effect" type="pytest.skip">src/pymortests/grid.py:44: Suite splitting in effect</skipped></testcase><testcase classname="src.pymortests.grid" file="src/pymortests/grid.py" line="57" name="test_subentities_shape[&lt;lambda&gt;0]" time="0.0004591941833496094"><skipped message="Suite splitting in effect" type="pytest.skip">src/pymortests/grid.py:57: Suite splitting in effect</skipped></testcase><testcase classname="src.pymortests.grid" file="src/pymortests/grid.py" line="57" name="test_subentities_shape[&lt;lambda&gt;1]" time="0.0003955364227294922"><skipped message="Suite splitting in effect" type="pytest.skip">src/pymortests/grid.py:57: Suite splitting in effect</skipped></testcase><testcase classname="src.pymortests.grid" file="src/pymortests/grid.py" line="57" name="test_subentities_shape[&lt;lambda&gt;2]" time="0.0004363059997558594"><skipped message="Suite splitting in effect" type="pytest.skip">src/pymortests/grid.py:57: Suite splitting in effect</skipped></testcase><testcase classname="src.pymortests.grid" file="src/pymortests/grid.py" line="57" name="test_subentities_shape[&lt;lambda&gt;3]" time="0.00043129920959472656"><skipped message="Suite splitting in effect" type="pytest.skip">src/pymortests/grid.py:57: Suite splitting in effect</skipped></testcase><testcase classname="src.pymortests.grid" file="src/pymortests/grid.py" line="57" name="test_subentities_shape[&lt;lambda&gt;4]" time="0.0004265308380126953"><skipped message="Suite splitting in effect" type="pytest.skip">src/pymortests/grid.py:57: Suite splitting in effect</skipped></testcase><testcase classname="src.pymortests.grid" file="src/pymortests/grid.py" line="57" name="test_subentities_shape[&lt;lambda&gt;5]" time="0.0003941059112548828"><skipped message="Suite splitting in effect" type="pytest.skip">src/pymortests/grid.py:57: Suite splitting in effect</skipped></testcase><testcase classname="src.pymortests.grid" file="src/pymortests/grid.py" line="57" name="test_subentities_shape[&lt;lambda&gt;6]" time="0.0004374980926513672"><skipped message="Suite splitting in effect" type="pytest.skip">src/pymortests/grid.py:57: Suite splitting in effect</skipped></testcase><testcase classname="src.pymortests.grid" file="src/pymortests/grid.py" line="57" name="test_subentities_shape[&lt;lambda&gt;7]" time="0.0004127025604248047"><skipped message="Suite splitting in effect" type="pytest.skip">src/pymortests/grid.py:57: Suite splitting in effect</skipped></testcase><testcase classname="src.pymortests.grid" file="src/pymortests/grid.py" line="57" name="test_subentities_shape[&lt;lambda&gt;8]" time="0.0004303455352783203"><skipped message="Suite splitting in effect" type="pytest.skip">src/pymortests/grid.py:57: Suite splitting in effect</skipped></testcase><testcase classname="src.pymortests.grid" file="src/pymortests/grid.py" line="57" name="test_subentities_shape[&lt;lambda&gt;9]" time="0.0004582405090332031"><skipped message="Suite splitting in effect" type="pytest.skip">src/pymortests/grid.py:57: Suite splitting in effect</skipped></testcase><testcase classname="src.pymortests.grid" file="src/pymortests/grid.py" line="57" name="test_subentities_shape[&lt;lambda&gt;10]" time="0.00045609474182128906"><skipped message="Suite splitting in effect" type="pytest.skip">src/pymortests/grid.py:57: Suite splitting in effect</skipped></testcase><testcase classname="src.pymortests.grid" file="src/pymortests/grid.py" line="57" name="test_subentities_shape[&lt;lambda&gt;11]" time="0.0003898143768310547"><skipped message="Suite splitting in effect" type="pytest.skip">src/pymortests/grid.py:57: Suite splitting in effect</skipped></testcase><testcase classname="src.pymortests.grid" file="src/pymortests/grid.py" line="57" name="test_subentities_shape[&lt;lambda&gt;12]" time="0.0004010200500488281"><skipped message="Suite splitting in effect" type="pytest.skip">src/pymortests/grid.py:57: Suite splitting in effect</skipped></testcase><testcase classname="src.pymortests.grid" file="src/pymortests/grid.py" line="57" name="test_subentities_shape[&lt;lambda&gt;13]" time="0.0003924369812011719"><skipped message="Suite splitting in effect" type="pytest.skip">src/pymortests/grid.py:57: Suite splitting in effect</skipped></testcase><testcase classname="src.pymortests.grid" file="src/pymortests/grid.py" line="57" name="test_subentities_shape[&lt;lambda&gt;14]" time="0.00039577484130859375"><skipped message="Suite splitting in effect" type="pytest.skip">src/pymortests/grid.py:57: Suite splitting in effect</skipped></testcase><testcase classname="src.pymortests.grid" file="src/pymortests/grid.py" line="57" name="test_subentities_shape[&lt;lambda&gt;15]" time="0.0005338191986083984"><skipped message="Suite splitting in effect" type="pytest.skip">src/pymortests/grid.py:57: Suite splitting in effect</skipped></testcase><testcase classname="src.pymortests.grid" file="src/pymortests/grid.py" line="57" name="test_subentities_shape[&lt;lambda&gt;16]" time="0.00044035911560058594"><skipped message="Suite splitting in effect" type="pytest.skip">src/pymortests/grid.py:57: Suite splitting in effect</skipped></testcase><testcase classname="src.pymortests.grid" file="src/pymortests/grid.py" line="57" name="test_subentities_shape[&lt;lambda&gt;17]" time="0.00039958953857421875"><skipped message="Suite splitting in effect" type="pytest.skip">src/pymortests/grid.py:57: Suite splitting in effect</skipped></testcase><testcase classname="src.pymortests.grid" file="src/pymortests/grid.py" line="57" name="test_subentities_shape[&lt;lambda&gt;18]" time="0.0003933906555175781"><skipped message="Suite splitting in effect" type="pytest.skip">src/pymortests/grid.py:57: Suite splitting in effect</skipped></testcase><testcase classname="src.pymortests.grid" file="src/pymortests/grid.py" line="57" name="test_subentities_shape[&lt;lambda&gt;19]" time="0.00039649009704589844"><skipped message="Suite splitting in effect" type="pytest.skip">src/pymortests/grid.py:57: Suite splitting in effect</skipped></testcase><testcase classname="src.pymortests.grid" file="src/pymortests/grid.py" line="57" name="test_subentities_shape[&lt;lambda&gt;20]" time="0.00039196014404296875"><skipped message="Suite splitting in effect" type="pytest.skip">src/pymortests/grid.py:57: Suite splitting in effect</skipped></testcase><testcase classname="src.pymortests.grid" file="src/pymortests/grid.py" line="57" name="test_subentities_shape[&lt;lambda&gt;21]" time="0.0003981590270996094"><skipped message="Suite splitting in effect" type="pytest.skip">src/pymortests/grid.py:57: Suite splitting in effect</skipped></testcase><testcase classname="src.pymortests.grid" file="src/pymortests/grid.py" line="57" name="test_subentities_shape[&lt;lambda&gt;22]" time="0.0004239082336425781"><skipped message="Suite splitting in effect" type="pytest.skip">src/pymortests/grid.py:57: Suite splitting in effect</skipped></testcase><testcase classname="src.pymortests.grid" file="src/pymortests/grid.py" line="57" name="test_subentities_shape[&lt;lambda&gt;23]" time="0.00043487548828125"><skipped message="Suite splitting in effect" type="pytest.skip">src/pymortests/grid.py:57: Suite splitting in effect</skipped></testcase><testcase classname="src.pymortests.grid" file="src/pymortests/grid.py" line="57" name="test_subentities_shape[&lt;lambda&gt;24]" time="0.0003974437713623047"><skipped message="Suite splitting in effect" type="pytest.skip">src/pymortests/grid.py:57: Suite splitting in effect</skipped></testcase><testcase classname="src.pymortests.grid" file="src/pymortests/grid.py" line="57" name="test_subentities_shape[&lt;lambda&gt;25]" time="0.0004112720489501953"><skipped message="Suite splitting in effect" type="pytest.skip">src/pymortests/grid.py:57: Suite splitting in effect</skipped></testcase><testcase classname="src.pymortests.grid" file="src/pymortests/grid.py" line="57" name="test_subentities_shape[&lt;lambda&gt;26]" time="0.00039958953857421875"><skipped message="Suite splitting in effect" type="pytest.skip">src/pymortests/grid.py:57: Suite splitting in effect</skipped></testcase><testcase classname="src.pymortests.grid" file="src/pymortests/grid.py" line="57" name="test_subentities_shape[&lt;lambda&gt;27]" time="0.000400543212890625"><skipped message="Suite splitting in effect" type="pytest.skip">src/pymortests/grid.py:57: Suite splitting in effect</skipped></testcase><testcase classname="src.pymortests.grid" file="src/pymortests/grid.py" line="57" name="test_subentities_shape[&lt;lambda&gt;28]" time="0.0004284381866455078"><skipped message="Suite splitting in effect" type="pytest.skip">src/pymortests/grid.py:57: Suite splitting in effect</skipped></testcase><testcase classname="src.pymortests.grid" file="src/pymortests/grid.py" line="57" name="test_subentities_shape[&lt;lambda&gt;29]" time="0.0004374980926513672"><skipped message="Suite splitting in effect" type="pytest.skip">src/pymortests/grid.py:57: Suite splitting in effect</skipped></testcase><testcase classname="src.pymortests.grid" file="src/pymortests/grid.py" line="57" name="test_subentities_shape[&lt;lambda&gt;30]" time="0.0004012584686279297"><skipped message="Suite splitting in effect" type="pytest.skip">src/pymortests/grid.py:57: Suite splitting in effect</skipped></testcase><testcase classname="src.pymortests.grid" file="src/pymortests/grid.py" line="57" name="test_subentities_shape[&lt;lambda&gt;31]" time="0.0004010200500488281"><skipped message="Suite splitting in effect" type="pytest.skip">src/pymortests/grid.py:57: Suite splitting in effect</skipped></testcase><testcase classname="src.pymortests.grid" file="src/pymortests/grid.py" line="57" name="test_subentities_shape[&lt;lambda&gt;32]" time="0.00040984153747558594"><skipped message="Suite splitting in effect" type="pytest.skip">src/pymortests/grid.py:57: Suite splitting in effect</skipped></testcase><testcase classname="src.pymortests.grid" file="src/pymortests/grid.py" line="57" name="test_subentities_shape[&lt;lambda&gt;33]" time="0.00041604042053222656"><skipped message="Suite splitting in effect" type="pytest.skip">src/pymortests/grid.py:57: Suite splitting in effect</skipped></testcase><testcase classname="src.pymortests.grid" file="src/pymortests/grid.py" line="57" name="test_subentities_shape[&lt;lambda&gt;34]" time="0.00043272972106933594"><skipped message="Suite splitting in effect" type="pytest.skip">src/pymortests/grid.py:57: Suite splitting in effect</skipped></testcase><testcase classname="src.pymortests.grid" file="src/pymortests/grid.py" line="57" name="test_subentities_shape[&lt;lambda&gt;35]" time="0.00044608116149902344"><skipped message="Suite splitting in effect" type="pytest.skip">src/pymortests/grid.py:57: Suite splitting in effect</skipped></testcase><testcase classname="src.pymortests.grid" file="src/pymortests/grid.py" line="57" name="test_subentities_shape[&lt;lambda&gt;36]" time="0.0003962516784667969"><skipped message="Suite splitting in effect" type="pytest.skip">src/pymortests/grid.py:57: Suite splitting in effect</skipped></testcase><testcase classname="src.pymortests.grid" file="src/pymortests/grid.py" line="57" name="test_subentities_shape[&lt;lambda&gt;37]" time="0.0004253387451171875"><skipped message="Suite splitting in effect" type="pytest.skip">src/pymortests/grid.py:57: Suite splitting in effect</skipped></testcase><testcase classname="src.pymortests.grid" file="src/pymortests/grid.py" line="57" name="test_subentities_shape[&lt;lambda&gt;38]" time="0.00041866302490234375"><skipped message="Suite splitting in effect" type="pytest.skip">src/pymortests/grid.py:57: Suite splitting in effect</skipped></testcase><testcase classname="src.pymortests.grid" file="src/pymortests/grid.py" line="57" name="test_subentities_shape[&lt;lambda&gt;39]" time="0.00048041343688964844"><skipped message="Suite splitting in effect" type="pytest.skip">src/pymortests/grid.py:57: Suite splitting in effect</skipped></testcase><testcase classname="src.pymortests.grid" file="src/pymortests/grid.py" line="57" name="test_subentities_shape[&lt;lambda&gt;40]" time="0.00043129920959472656"><skipped message="Suite splitting in effect" type="pytest.skip">src/pymortests/grid.py:57: Suite splitting in effect</skipped></testcase><testcase classname="src.pymortests.grid" file="src/pymortests/grid.py" line="57" name="test_subentities_shape[&lt;lambda&gt;41]" time="0.00042176246643066406"><skipped message="Suite splitting in effect" type="pytest.skip">src/pymortests/grid.py:57: Suite splitting in effect</skipped></testcase><testcase classname="src.pymortests.grid" file="src/pymortests/grid.py" line="57" name="test_subentities_shape[&lt;lambda&gt;42]" time="0.00043082237243652344"><skipped message="Suite splitting in effect" type="pytest.skip">src/pymortests/grid.py:57: Suite splitting in effect</skipped></testcase><testcase classname="src.pymortests.grid" file="src/pymortests/grid.py" line="65" name="test_subentities_dtype[&lt;lambda&gt;0]" time="0.0004208087921142578"><skipped message="Suite splitting in effect" type="pytest.skip">src/pymortests/grid.py:65: Suite splitting in effect</skipped></testcase><testcase classname="src.pymortests.grid" file="src/pymortests/grid.py" line="65" name="test_subentities_dtype[&lt;lambda&gt;1]" time="0.00043702125549316406"><skipped message="Suite splitting in effect" type="pytest.skip">src/pymortests/grid.py:65: Suite splitting in effect</skipped></testcase><testcase classname="src.pymortests.grid" file="src/pymortests/grid.py" line="65" name="test_subentities_dtype[&lt;lambda&gt;2]" time="0.00042510032653808594"><skipped message="Suite splitting in effect" type="pytest.skip">src/pymortests/grid.py:65: Suite splitting in effect</skipped></testcase><testcase classname="src.pymortests.grid" file="src/pymortests/grid.py" line="65" name="test_subentities_dtype[&lt;lambda&gt;3]" time="0.00042557716369628906"><skipped message="Suite splitting in effect" type="pytest.skip">src/pymortests/grid.py:65: Suite splitting in effect</skipped></testcase><testcase classname="src.pymortests.grid" file="src/pymortests/grid.py" line="65" name="test_subentities_dtype[&lt;lambda&gt;4]" time="0.0004353523254394531"><skipped message="Suite splitting in effect" type="pytest.skip">src/pymortests/grid.py:65: Suite splitting in effect</skipped></testcase><testcase classname="src.pymortests.grid" file="src/pymortests/grid.py" line="65" name="test_subentities_dtype[&lt;lambda&gt;5]" time="0.0004756450653076172"><skipped message="Suite splitting in effect" type="pytest.skip">src/pymortests/grid.py:65: Suite splitting in effect</skipped></testcase><testcase classname="src.pymortests.grid" file="src/pymortests/grid.py" line="65" name="test_subentities_dtype[&lt;lambda&gt;6]" time="0.0004134178161621094"><skipped message="Suite splitting in effect" type="pytest.skip">src/pymortests/grid.py:65: Suite splitting in effect</skipped></testcase><testcase classname="src.pymortests.grid" file="src/pymortests/grid.py" line="65" name="test_subentities_dtype[&lt;lambda&gt;7]" time="0.00040602684020996094"><skipped message="Suite splitting in effect" type="pytest.skip">src/pymortests/grid.py:65: Suite splitting in effect</skipped></testcase><testcase classname="src.pymortests.grid" file="src/pymortests/grid.py" line="65" name="test_subentities_dtype[&lt;lambda&gt;8]" time="0.00042366981506347656"><skipped message="Suite splitting in effect" type="pytest.skip">src/pymortests/grid.py:65: Suite splitting in effect</skipped></testcase><testcase classname="src.pymortests.grid" file="src/pymortests/grid.py" line="65" name="test_subentities_dtype[&lt;lambda&gt;9]" time="0.00041294097900390625"><skipped message="Suite splitting in effect" type="pytest.skip">src/pymortests/grid.py:65: Suite splitting in effect</skipped></testcase><testcase classname="src.pymortests.grid" file="src/pymortests/grid.py" line="65" name="test_subentities_dtype[&lt;lambda&gt;10]" time="0.0004317760467529297"><skipped message="Suite splitting in effect" type="pytest.skip">src/pymortests/grid.py:65: Suite splitting in effect</skipped></testcase><testcase classname="src.pymortests.grid" file="src/pymortests/grid.py" line="65" name="test_subentities_dtype[&lt;lambda&gt;11]" time="0.00041961669921875"><skipped message="Suite splitting in effect" type="pytest.skip">src/pymortests/grid.py:65: Suite splitting in effect</skipped></testcase><testcase classname="src.pymortests.grid" file="src/pymortests/grid.py" line="65" name="test_subentities_dtype[&lt;lambda&gt;12]" time="0.00043082237243652344"><skipped message="Suite splitting in effect" type="pytest.skip">src/pymortests/grid.py:65: Suite splitting in effect</skipped></testcase><testcase classname="src.pymortests.grid" file="src/pymortests/grid.py" line="65" name="test_subentities_dtype[&lt;lambda&gt;13]" time="0.0004343986511230469"><skipped message="Suite splitting in effect" type="pytest.skip">src/pymortests/grid.py:65: Suite splitting in effect</skipped></testcase><testcase classname="src.pymortests.grid" file="src/pymortests/grid.py" line="65" name="test_subentities_dtype[&lt;lambda&gt;14]" time="0.00044155120849609375"><skipped message="Suite splitting in effect" type="pytest.skip">src/pymortests/grid.py:65: Suite splitting in effect</skipped></testcase><testcase classname="src.pymortests.grid" file="src/pymortests/grid.py" line="65" name="test_subentities_dtype[&lt;lambda&gt;15]" time="0.00040078163146972656"><skipped message="Suite splitting in effect" type="pytest.skip">src/pymortests/grid.py:65: Suite splitting in effect</skipped></testcase><testcase classname="src.pymortests.grid" file="src/pymortests/grid.py" line="65" name="test_subentities_dtype[&lt;lambda&gt;16]" time="0.00040340423583984375"><skipped message="Suite splitting in effect" type="pytest.skip">src/pymortests/grid.py:65: Suite splitting in effect</skipped></testcase><testcase classname="src.pymortests.grid" file="src/pymortests/grid.py" line="65" name="test_subentities_dtype[&lt;lambda&gt;17]" time="0.0004210472106933594"><skipped message="Suite splitting in effect" type="pytest.skip">src/pymortests/grid.py:65: Suite splitting in effect</skipped></testcase><testcase classname="src.pymortests.grid" file="src/pymortests/grid.py" line="65" name="test_subentities_dtype[&lt;lambda&gt;18]" time="0.0004284381866455078"><skipped message="Suite splitting in effect" type="pytest.skip">src/pymortests/grid.py:65: Suite splitting in effect</skipped></testcase><testcase classname="src.pymortests.grid" file="src/pymortests/grid.py" line="65" name="test_subentities_dtype[&lt;lambda&gt;19]" time="0.0004010200500488281"><skipped message="Suite splitting in effect" type="pytest.skip">src/pymortests/grid.py:65: Suite splitting in effect</skipped></testcase><testcase classname="src.pymortests.grid" file="src/pymortests/grid.py" line="65" name="test_subentities_dtype[&lt;lambda&gt;20]" time="0.00039505958557128906"><skipped message="Suite splitting in effect" type="pytest.skip">src/pymortests/grid.py:65: Suite splitting in effect</skipped></testcase><testcase classname="src.pymortests.grid" file="src/pymortests/grid.py" line="65" name="test_subentities_dtype[&lt;lambda&gt;21]" time="0.000457763671875"><skipped message="Suite splitting in effect" type="pytest.skip">src/pymortests/grid.py:65: Suite splitting in effect</skipped></testcase><testcase classname="src.pymortests.grid" file="src/pymortests/grid.py" line="65" name="test_subentities_dtype[&lt;lambda&gt;22]" time="0.0003943443298339844"><skipped message="Suite splitting in effect" type="pytest.skip">src/pymortests/grid.py:65: Suite splitting in effect</skipped></testcase><testcase classname="src.pymortests.grid" file="src/pymortests/grid.py" line="65" name="test_subentities_dtype[&lt;lambda&gt;23]" time="0.000396728515625"><skipped message="Suite splitting in effect" type="pytest.skip">src/pymortests/grid.py:65: Suite splitting in effect</skipped></testcase><testcase classname="src.pymortests.grid" file="src/pymortests/grid.py" line="65" name="test_subentities_dtype[&lt;lambda&gt;24]" time="0.00042128562927246094"><skipped message="Suite splitting in effect" type="pytest.skip">src/pymortests/grid.py:65: Suite splitting in effect</skipped></testcase><testcase classname="src.pymortests.grid" file="src/pymortests/grid.py" line="65" name="test_subentities_dtype[&lt;lambda&gt;25]" time="0.0004277229309082031"><skipped message="Suite splitting in effect" type="pytest.skip">src/pymortests/grid.py:65: Suite splitting in effect</skipped></testcase><testcase classname="src.pymortests.grid" file="src/pymortests/grid.py" line="65" name="test_subentities_dtype[&lt;lambda&gt;26]" time="0.0004267692565917969"><skipped message="Suite splitting in effect" type="pytest.skip">src/pymortests/grid.py:65: Suite splitting in effect</skipped></testcase><testcase classname="src.pymortests.grid" file="src/pymortests/grid.py" line="65" name="test_subentities_dtype[&lt;lambda&gt;27]" time="0.00042557716369628906"><skipped message="Suite splitting in effect" type="pytest.skip">src/pymortests/grid.py:65: Suite splitting in effect</skipped></testcase><testcase classname="src.pymortests.grid" file="src/pymortests/grid.py" line="65" name="test_subentities_dtype[&lt;lambda&gt;28]" time="0.0004355907440185547"><skipped message="Suite splitting in effect" type="pytest.skip">src/pymortests/grid.py:65: Suite splitting in effect</skipped></testcase><testcase classname="src.pymortests.grid" file="src/pymortests/grid.py" line="65" name="test_subentities_dtype[&lt;lambda&gt;29]" time="0.0004229545593261719"><skipped message="Suite splitting in effect" type="pytest.skip">src/pymortests/grid.py:65: Suite splitting in effect</skipped></testcase><testcase classname="src.pymortests.grid" file="src/pymortests/grid.py" line="65" name="test_subentities_dtype[&lt;lambda&gt;30]" time="0.0005564689636230469"><skipped message="Suite splitting in effect" type="pytest.skip">src/pymortests/grid.py:65: Suite splitting in effect</skipped></testcase><testcase classname="src.pymortests.grid" file="src/pymortests/grid.py" line="65" name="test_subentities_dtype[&lt;lambda&gt;31]" time="0.0008025169372558594"><skipped message="Suite splitting in effect" type="pytest.skip">src/pymortests/grid.py:65: Suite splitting in effect</skipped></testcase><testcase classname="src.pymortests.grid" file="src/pymortests/grid.py" line="65" name="test_subentities_dtype[&lt;lambda&gt;32]" time="0.0004055500030517578"><skipped message="Suite splitting in effect" type="pytest.skip">src/pymortests/grid.py:65: Suite splitting in effect</skipped></testcase><testcase classname="src.pymortests.grid" file="src/pymortests/grid.py" line="65" name="test_subentities_dtype[&lt;lambda&gt;33]" time="0.0004279613494873047"><skipped message="Suite splitting in effect" type="pytest.skip">src/pymortests/grid.py:65: Suite splitting in effect</skipped></testcase><testcase classname="src.pymortests.grid" file="src/pymortests/grid.py" line="65" name="test_subentities_dtype[&lt;lambda&gt;34]" time="0.0005664825439453125"><skipped message="Suite splitting in effect" type="pytest.skip">src/pymortests/grid.py:65: Suite splitting in effect</skipped></testcase><testcase classname="src.pymortests.grid" file="src/pymortests/grid.py" line="65" name="test_subentities_dtype[&lt;lambda&gt;35]" time="0.0004127025604248047"><skipped message="Suite splitting in effect" type="pytest.skip">src/pymortests/grid.py:65: Suite splitting in effect</skipped></testcase><testcase classname="src.pymortests.grid" file="src/pymortests/grid.py" line="65" name="test_subentities_dtype[&lt;lambda&gt;36]" time="0.00042700767517089844"><skipped message="Suite splitting in effect" type="pytest.skip">src/pymortests/grid.py:65: Suite splitting in effect</skipped></testcase><testcase classname="src.pymortests.grid" file="src/pymortests/grid.py" line="65" name="test_subentities_dtype[&lt;lambda&gt;37]" time="0.0004382133483886719"><skipped message="Suite splitting in effect" type="pytest.skip">src/pymortests/grid.py:65: Suite splitting in effect</skipped></testcase><testcase classname="src.pymortests.grid" file="src/pymortests/grid.py" line="65" name="test_subentities_dtype[&lt;lambda&gt;38]" time="0.0004258155822753906"><skipped message="Suite splitting in effect" type="pytest.skip">src/pymortests/grid.py:65: Suite splitting in effect</skipped></testcase><testcase classname="src.pymortests.grid" file="src/pymortests/grid.py" line="65" name="test_subentities_dtype[&lt;lambda&gt;39]" time="0.0004401206970214844"><skipped message="Suite splitting in effect" type="pytest.skip">src/pymortests/grid.py:65: Suite splitting in effect</skipped></testcase><testcase classname="src.pymortests.grid" file="src/pymortests/grid.py" line="65" name="test_subentities_dtype[&lt;lambda&gt;40]" time="0.0004210472106933594"><skipped message="Suite splitting in effect" type="pytest.skip">src/pymortests/grid.py:65: Suite splitting in effect</skipped></testcase><testcase classname="src.pymortests.grid" file="src/pymortests/grid.py" line="65" name="test_subentities_dtype[&lt;lambda&gt;41]" time="0.0003955364227294922"><skipped message="Suite splitting in effect" type="pytest.skip">src/pymortests/grid.py:65: Suite splitting in effect</skipped></testcase><testcase classname="src.pymortests.grid" file="src/pymortests/grid.py" line="65" name="test_subentities_dtype[&lt;lambda&gt;42]" time="0.00043320655822753906"><skipped message="Suite splitting in effect" type="pytest.skip">src/pymortests/grid.py:65: Suite splitting in effect</skipped></testcase><testcase classname="src.pymortests.grid" file="src/pymortests/grid.py" line="72" name="test_subentities_entry_value_range[&lt;lambda&gt;0]" time="0.00039577484130859375"><skipped message="Suite splitting in effect" type="pytest.skip">src/pymortests/grid.py:72: Suite splitting in effect</skipped></testcase><testcase classname="src.pymortests.grid" file="src/pymortests/grid.py" line="72" name="test_subentities_entry_value_range[&lt;lambda&gt;1]" time="0.00042939186096191406"><skipped message="Suite splitting in effect" type="pytest.skip">src/pymortests/grid.py:72: Suite splitting in effect</skipped></testcase><testcase classname="src.pymortests.grid" file="src/pymortests/grid.py" line="72" name="test_subentities_entry_value_range[&lt;lambda&gt;2]" time="0.00040841102600097656"><skipped message="Suite splitting in effect" type="pytest.skip">src/pymortests/grid.py:72: Suite splitting in effect</skipped></testcase><testcase classname="src.pymortests.grid" file="src/pymortests/grid.py" line="72" name="test_subentities_entry_value_range[&lt;lambda&gt;3]" time="0.0005793571472167969"><skipped message="Suite splitting in effect" type="pytest.skip">src/pymortests/grid.py:72: Suite splitting in effect</skipped></testcase><testcase classname="src.pymortests.grid" file="src/pymortests/grid.py" line="72" name="test_subentities_entry_value_range[&lt;lambda&gt;4]" time="0.0004565715789794922"><skipped message="Suite splitting in effect" type="pytest.skip">src/pymortests/grid.py:72: Suite splitting in effect</skipped></testcase><testcase classname="src.pymortests.grid" file="src/pymortests/grid.py" line="72" name="test_subentities_entry_value_range[&lt;lambda&gt;5]" time="0.00046062469482421875"><skipped message="Suite splitting in effect" type="pytest.skip">src/pymortests/grid.py:72: Suite splitting in effect</skipped></testcase><testcase classname="src.pymortests.grid" file="src/pymortests/grid.py" line="72" name="test_subentities_entry_value_range[&lt;lambda&gt;6]" time="0.0004119873046875"><skipped message="Suite splitting in effect" type="pytest.skip">src/pymortests/grid.py:72: Suite splitting in effect</skipped></testcase><testcase classname="src.pymortests.grid" file="src/pymortests/grid.py" line="72" name="test_subentities_entry_value_range[&lt;lambda&gt;7]" time="0.0004317760467529297"><skipped message="Suite splitting in effect" type="pytest.skip">src/pymortests/grid.py:72: Suite splitting in effect</skipped></testcase><testcase classname="src.pymortests.grid" file="src/pymortests/grid.py" line="72" name="test_subentities_entry_value_range[&lt;lambda&gt;8]" time="0.00039839744567871094"><skipped message="Suite splitting in effect" type="pytest.skip">src/pymortests/grid.py:72: Suite splitting in effect</skipped></testcase><testcase classname="src.pymortests.grid" file="src/pymortests/grid.py" line="72" name="test_subentities_entry_value_range[&lt;lambda&gt;9]" time="0.00043272972106933594"><skipped message="Suite splitting in effect" type="pytest.skip">src/pymortests/grid.py:72: Suite splitting in effect</skipped></testcase><testcase classname="src.pymortests.grid" file="src/pymortests/grid.py" line="72" name="test_subentities_entry_value_range[&lt;lambda&gt;10]" time="0.0003955364227294922"><skipped message="Suite splitting in effect" type="pytest.skip">src/pymortests/grid.py:72: Suite splitting in effect</skipped></testcase><testcase classname="src.pymortests.grid" file="src/pymortests/grid.py" line="72" name="test_subentities_entry_value_range[&lt;lambda&gt;11]" time="0.0004742145538330078"><skipped message="Suite splitting in effect" type="pytest.skip">src/pymortests/grid.py:72: Suite splitting in effect</skipped></testcase><testcase classname="src.pymortests.grid" file="src/pymortests/grid.py" line="72" name="test_subentities_entry_value_range[&lt;lambda&gt;12]" time="0.0004184246063232422"><skipped message="Suite splitting in effect" type="pytest.skip">src/pymortests/grid.py:72: Suite splitting in effect</skipped></testcase><testcase classname="src.pymortests.grid" file="src/pymortests/grid.py" line="72" name="test_subentities_entry_value_range[&lt;lambda&gt;13]" time="0.00042247772216796875"><skipped message="Suite splitting in effect" type="pytest.skip">src/pymortests/grid.py:72: Suite splitting in effect</skipped></testcase><testcase classname="src.pymortests.grid" file="src/pymortests/grid.py" line="72" name="test_subentities_entry_value_range[&lt;lambda&gt;14]" time="0.0003895759582519531"><skipped message="Suite splitting in effect" type="pytest.skip">src/pymortests/grid.py:72: Suite splitting in effect</skipped></testcase><testcase classname="src.pymortests.grid" file="src/pymortests/grid.py" line="72" name="test_subentities_entry_value_range[&lt;lambda&gt;15]" time="0.0004165172576904297"><skipped message="Suite splitting in effect" type="pytest.skip">src/pymortests/grid.py:72: Suite splitting in effect</skipped></testcase><testcase classname="src.pymortests.grid" file="src/pymortests/grid.py" line="72" name="test_subentities_entry_value_range[&lt;lambda&gt;16]" time="0.0003902912139892578"><skipped message="Suite splitting in effect" type="pytest.skip">src/pymortests/grid.py:72: Suite splitting in effect</skipped></testcase><testcase classname="src.pymortests.grid" file="src/pymortests/grid.py" line="72" name="test_subentities_entry_value_range[&lt;lambda&gt;17]" time="0.00041556358337402344"><skipped message="Suite splitting in effect" type="pytest.skip">src/pymortests/grid.py:72: Suite splitting in effect</skipped></testcase><testcase classname="src.pymortests.grid" file="src/pymortests/grid.py" line="72" name="test_subentities_entry_value_range[&lt;lambda&gt;18]" time="0.0004260540008544922"><skipped message="Suite splitting in effect" type="pytest.skip">src/pymortests/grid.py:72: Suite splitting in effect</skipped></testcase><testcase classname="src.pymortests.grid" file="src/pymortests/grid.py" line="72" name="test_subentities_entry_value_range[&lt;lambda&gt;19]" time="0.00044798851013183594"><skipped message="Suite splitting in effect" type="pytest.skip">src/pymortests/grid.py:72: Suite splitting in effect</skipped></testcase><testcase classname="src.pymortests.grid" file="src/pymortests/grid.py" line="72" name="test_subentities_entry_value_range[&lt;lambda&gt;20]" time="0.0003960132598876953"><skipped message="Suite splitting in effect" type="pytest.skip">src/pymortests/grid.py:72: Suite splitting in effect</skipped></testcase><testcase classname="src.pymortests.grid" file="src/pymortests/grid.py" line="72" name="test_subentities_entry_value_range[&lt;lambda&gt;21]" time="0.0003943443298339844"><skipped message="Suite splitting in effect" type="pytest.skip">src/pymortests/grid.py:72: Suite splitting in effect</skipped></testcase><testcase classname="src.pymortests.grid" file="src/pymortests/grid.py" line="72" name="test_subentities_entry_value_range[&lt;lambda&gt;22]" time="0.00041413307189941406"><skipped message="Suite splitting in effect" type="pytest.skip">src/pymortests/grid.py:72: Suite splitting in effect</skipped></testcase><testcase classname="src.pymortests.grid" file="src/pymortests/grid.py" line="72" name="test_subentities_entry_value_range[&lt;lambda&gt;23]" time="0.000514984130859375"><skipped message="Suite splitting in effect" type="pytest.skip">src/pymortests/grid.py:72: Suite splitting in effect</skipped></testcase><testcase classname="src.pymortests.grid" file="src/pymortests/grid.py" line="72" name="test_subentities_entry_value_range[&lt;lambda&gt;24]" time="0.00040841102600097656"><skipped message="Suite splitting in effect" type="pytest.skip">src/pymortests/grid.py:72: Suite splitting in effect</skipped></testcase><testcase classname="src.pymortests.grid" file="src/pymortests/grid.py" line="72" name="test_subentities_entry_value_range[&lt;lambda&gt;25]" time="0.00043201446533203125"><skipped message="Suite splitting in effect" type="pytest.skip">src/pymortests/grid.py:72: Suite splitting in effect</skipped></testcase><testcase classname="src.pymortests.grid" file="src/pymortests/grid.py" line="72" name="test_subentities_entry_value_range[&lt;lambda&gt;26]" time="0.000400543212890625"><skipped message="Suite splitting in effect" type="pytest.skip">src/pymortests/grid.py:72: Suite splitting in effect</skipped></testcase><testcase classname="src.pymortests.grid" file="src/pymortests/grid.py" line="72" name="test_subentities_entry_value_range[&lt;lambda&gt;27]" time="0.0003962516784667969"><skipped message="Suite splitting in effect" type="pytest.skip">src/pymortests/grid.py:72: Suite splitting in effect</skipped></testcase><testcase classname="src.pymortests.grid" file="src/pymortests/grid.py" line="72" name="test_subentities_entry_value_range[&lt;lambda&gt;28]" time="0.000423431396484375"><skipped message="Suite splitting in effect" type="pytest.skip">src/pymortests/grid.py:72: Suite splitting in effect</skipped></testcase><testcase classname="src.pymortests.grid" file="src/pymortests/grid.py" line="72" name="test_subentities_entry_value_range[&lt;lambda&gt;29]" time="0.0003921985626220703"><skipped message="Suite splitting in effect" type="pytest.skip">src/pymortests/grid.py:72: Suite splitting in effect</skipped></testcase><testcase classname="src.pymortests.grid" file="src/pymortests/grid.py" line="72" name="test_subentities_entry_value_range[&lt;lambda&gt;30]" time="0.000415802001953125"><skipped message="Suite splitting in effect" type="pytest.skip">src/pymortests/grid.py:72: Suite splitting in effect</skipped></testcase><testcase classname="src.pymortests.grid" file="src/pymortests/grid.py" line="72" name="test_subentities_entry_value_range[&lt;lambda&gt;31]" time="0.0003972053527832031"><skipped message="Suite splitting in effect" type="pytest.skip">src/pymortests/grid.py:72: Suite splitting in effect</skipped></testcase><testcase classname="src.pymortests.grid" file="src/pymortests/grid.py" line="72" name="test_subentities_entry_value_range[&lt;lambda&gt;32]" time="0.0004069805145263672"><skipped message="Suite splitting in effect" type="pytest.skip">src/pymortests/grid.py:72: Suite splitting in effect</skipped></testcase><testcase classname="src.pymortests.grid" file="src/pymortests/grid.py" line="72" name="test_subentities_entry_value_range[&lt;lambda&gt;33]" time="0.0004172325134277344"><skipped message="Suite splitting in effect" type="pytest.skip">src/pymortests/grid.py:72: Suite splitting in effect</skipped></testcase><testcase classname="src.pymortests.grid" file="src/pymortests/grid.py" line="72" name="test_subentities_entry_value_range[&lt;lambda&gt;34]" time="0.00045561790466308594"><skipped message="Suite splitting in effect" type="pytest.skip">src/pymortests/grid.py:72: Suite splitting in effect</skipped></testcase><testcase classname="src.pymortests.grid" file="src/pymortests/grid.py" line="72" name="test_subentities_entry_value_range[&lt;lambda&gt;35]" time="0.0003933906555175781"><skipped message="Suite splitting in effect" type="pytest.skip">src/pymortests/grid.py:72: Suite splitting in effect</skipped></testcase><testcase classname="src.pymortests.grid" file="src/pymortests/grid.py" line="72" name="test_subentities_entry_value_range[&lt;lambda&gt;36]" time="0.00044655799865722656"><skipped message="Suite splitting in effect" type="pytest.skip">src/pymortests/grid.py:72: Suite splitting in effect</skipped></testcase><testcase classname="src.pymortests.grid" file="src/pymortests/grid.py" line="72" name="test_subentities_entry_value_range[&lt;lambda&gt;37]" time="0.0004277229309082031"><skipped message="Suite splitting in effect" type="pytest.skip">src/pymortests/grid.py:72: Suite splitting in effect</skipped></testcase><testcase classname="src.pymortests.grid" file="src/pymortests/grid.py" line="72" name="test_subentities_entry_value_range[&lt;lambda&gt;38]" time="0.0004646778106689453"><skipped message="Suite splitting in effect" type="pytest.skip">src/pymortests/grid.py:72: Suite splitting in effect</skipped></testcase><testcase classname="src.pymortests.grid" file="src/pymortests/grid.py" line="72" name="test_subentities_entry_value_range[&lt;lambda&gt;39]" time="0.0003941059112548828"><skipped message="Suite splitting in effect" type="pytest.skip">src/pymortests/grid.py:72: Suite splitting in effect</skipped></testcase><testcase classname="src.pymortests.grid" file="src/pymortests/grid.py" line="72" name="test_subentities_entry_value_range[&lt;lambda&gt;40]" time="0.0004754066467285156"><skipped message="Suite splitting in effect" type="pytest.skip">src/pymortests/grid.py:72: Suite splitting in effect</skipped></testcase><testcase classname="src.pymortests.grid" file="src/pymortests/grid.py" line="72" name="test_subentities_entry_value_range[&lt;lambda&gt;41]" time="0.0004010200500488281"><skipped message="Suite splitting in effect" type="pytest.skip">src/pymortests/grid.py:72: Suite splitting in effect</skipped></testcase><testcase classname="src.pymortests.grid" file="src/pymortests/grid.py" line="72" name="test_subentities_entry_value_range[&lt;lambda&gt;42]" time="0.0004222393035888672"><skipped message="Suite splitting in effect" type="pytest.skip">src/pymortests/grid.py:72: Suite splitting in effect</skipped></testcase><testcase classname="src.pymortests.grid" file="src/pymortests/grid.py" line="80" name="test_subentities_entry_values_unique[&lt;lambda&gt;0]" time="0.00039958953857421875"><skipped message="Suite splitting in effect" type="pytest.skip">src/pymortests/grid.py:80: Suite splitting in effect</skipped></testcase><testcase classname="src.pymortests.grid" file="src/pymortests/grid.py" line="80" name="test_subentities_entry_values_unique[&lt;lambda&gt;1]" time="0.00042939186096191406"><skipped message="Suite splitting in effect" type="pytest.skip">src/pymortests/grid.py:80: Suite splitting in effect</skipped></testcase><testcase classname="src.pymortests.grid" file="src/pymortests/grid.py" line="80" name="test_subentities_entry_values_unique[&lt;lambda&gt;2]" time="0.00041675567626953125"><skipped message="Suite splitting in effect" type="pytest.skip">src/pymortests/grid.py:80: Suite splitting in effect</skipped></testcase><testcase classname="src.pymortests.grid" file="src/pymortests/grid.py" line="80" name="test_subentities_entry_values_unique[&lt;lambda&gt;3]" time="0.0004222393035888672"><skipped message="Suite splitting in effect" type="pytest.skip">src/pymortests/grid.py:80: Suite splitting in effect</skipped></testcase><testcase classname="src.pymortests.grid" file="src/pymortests/grid.py" line="80" name="test_subentities_entry_values_unique[&lt;lambda&gt;4]" time="0.00039267539978027344"><skipped message="Suite splitting in effect" type="pytest.skip">src/pymortests/grid.py:80: Suite splitting in effect</skipped></testcase><testcase classname="src.pymortests.grid" file="src/pymortests/grid.py" line="80" name="test_subentities_entry_values_unique[&lt;lambda&gt;5]" time="0.0004265308380126953"><skipped message="Suite splitting in effect" type="pytest.skip">src/pymortests/grid.py:80: Suite splitting in effect</skipped></testcase><testcase classname="src.pymortests.grid" file="src/pymortests/grid.py" line="80" name="test_subentities_entry_values_unique[&lt;lambda&gt;6]" time="0.00039577484130859375"><skipped message="Suite splitting in effect" type="pytest.skip">src/pymortests/grid.py:80: Suite splitting in effect</skipped></testcase><testcase classname="src.pymortests.grid" file="src/pymortests/grid.py" line="80" name="test_subentities_entry_values_unique[&lt;lambda&gt;7]" time="0.0004241466522216797"><skipped message="Suite splitting in effect" type="pytest.skip">src/pymortests/grid.py:80: Suite splitting in effect</skipped></testcase><testcase classname="src.pymortests.grid" file="src/pymortests/grid.py" line="80" name="test_subentities_entry_values_unique[&lt;lambda&gt;8]" time="0.0004496574401855469"><skipped message="Suite splitting in effect" type="pytest.skip">src/pymortests/grid.py:80: Suite splitting in effect</skipped></testcase><testcase classname="src.pymortests.grid" file="src/pymortests/grid.py" line="80" name="test_subentities_entry_values_unique[&lt;lambda&gt;9]" time="0.00038909912109375"><skipped message="Suite splitting in effect" type="pytest.skip">src/pymortests/grid.py:80: Suite splitting in effect</skipped></testcase><testcase classname="src.pymortests.grid" file="src/pymortests/grid.py" line="80" name="test_subentities_entry_values_unique[&lt;lambda&gt;10]" time="0.0004229545593261719"><skipped message="Suite splitting in effect" type="pytest.skip">src/pymortests/grid.py:80: Suite splitting in effect</skipped></testcase><testcase classname="src.pymortests.grid" file="src/pymortests/grid.py" line="80" name="test_subentities_entry_values_unique[&lt;lambda&gt;11]" time="0.0004019737243652344"><skipped message="Suite splitting in effect" type="pytest.skip">src/pymortests/grid.py:80: Suite splitting in effect</skipped></testcase><testcase classname="src.pymortests.grid" file="src/pymortests/grid.py" line="80" name="test_subentities_entry_values_unique[&lt;lambda&gt;12]" time="0.0004248619079589844"><skipped message="Suite splitting in effect" type="pytest.skip">src/pymortests/grid.py:80: Suite splitting in effect</skipped></testcase><testcase classname="src.pymortests.grid" file="src/pymortests/grid.py" line="80" name="test_subentities_entry_values_unique[&lt;lambda&gt;13]" time="0.0004112720489501953"><skipped message="Suite splitting in effect" type="pytest.skip">src/pymortests/grid.py:80: Suite splitting in effect</skipped></testcase><testcase classname="src.pymortests.grid" file="src/pymortests/grid.py" line="80" name="test_subentities_entry_values_unique[&lt;lambda&gt;14]" time="0.0004286766052246094"><skipped message="Suite splitting in effect" type="pytest.skip">src/pymortests/grid.py:80: Suite splitting in effect</skipped></testcase><testcase classname="src.pymortests.grid" file="src/pymortests/grid.py" line="80" name="test_subentities_entry_values_unique[&lt;lambda&gt;15]" time="0.0003910064697265625"><skipped message="Suite splitting in effect" type="pytest.skip">src/pymortests/grid.py:80: Suite splitting in effect</skipped></testcase><testcase classname="src.pymortests.grid" file="src/pymortests/grid.py" line="80" name="test_subentities_entry_values_unique[&lt;lambda&gt;16]" time="0.00040030479431152344"><skipped message="Suite splitting in effect" type="pytest.skip">src/pymortests/grid.py:80: Suite splitting in effect</skipped></testcase><testcase classname="src.pymortests.grid" file="src/pymortests/grid.py" line="80" name="test_subentities_entry_values_unique[&lt;lambda&gt;17]" time="0.0004467964172363281"><skipped message="Suite splitting in effect" type="pytest.skip">src/pymortests/grid.py:80: Suite splitting in effect</skipped></testcase><testcase classname="src.pymortests.grid" file="src/pymortests/grid.py" line="80" name="test_subentities_entry_values_unique[&lt;lambda&gt;18]" time="0.0003974437713623047"><skipped message="Suite splitting in effect" type="pytest.skip">src/pymortests/grid.py:80: Suite splitting in effect</skipped></testcase><testcase classname="src.pymortests.grid" file="src/pymortests/grid.py" line="80" name="test_subentities_entry_values_unique[&lt;lambda&gt;19]" time="0.0004096031188964844"><skipped message="Suite splitting in effect" type="pytest.skip">src/pymortests/grid.py:80: Suite splitting in effect</skipped></testcase><testcase classname="src.pymortests.grid" file="src/pymortests/grid.py" line="80" name="test_subentities_entry_values_unique[&lt;lambda&gt;20]" time="0.0004055500030517578"><skipped message="Suite splitting in effect" type="pytest.skip">src/pymortests/grid.py:80: Suite splitting in effect</skipped></testcase><testcase classname="src.pymortests.grid" file="src/pymortests/grid.py" line="80" name="test_subentities_entry_values_unique[&lt;lambda&gt;21]" time="0.0003972053527832031"><skipped message="Suite splitting in effect" type="pytest.skip">src/pymortests/grid.py:80: Suite splitting in effect</skipped></testcase><testcase classname="src.pymortests.grid" file="src/pymortests/grid.py" line="80" name="test_subentities_entry_values_unique[&lt;lambda&gt;22]" time="0.00043487548828125"><skipped message="Suite splitting in effect" type="pytest.skip">src/pymortests/grid.py:80: Suite splitting in effect</skipped></testcase><testcase classname="src.pymortests.grid" file="src/pymortests/grid.py" line="80" name="test_subentities_entry_values_unique[&lt;lambda&gt;23]" time="0.00042510032653808594"><skipped message="Suite splitting in effect" type="pytest.skip">src/pymortests/grid.py:80: Suite splitting in effect</skipped></testcase><testcase classname="src.pymortests.grid" file="src/pymortests/grid.py" line="80" name="test_subentities_entry_values_unique[&lt;lambda&gt;24]" time="0.00039768218994140625"><skipped message="Suite splitting in effect" type="pytest.skip">src/pymortests/grid.py:80: Suite splitting in effect</skipped></testcase><testcase classname="src.pymortests.grid" file="src/pymortests/grid.py" line="80" name="test_subentities_entry_values_unique[&lt;lambda&gt;25]" time="0.00041985511779785156"><skipped message="Suite splitting in effect" type="pytest.skip">src/pymortests/grid.py:80: Suite splitting in effect</skipped></testcase><testcase classname="src.pymortests.grid" file="src/pymortests/grid.py" line="80" name="test_subentities_entry_values_unique[&lt;lambda&gt;26]" time="0.00042057037353515625"><skipped message="Suite splitting in effect" type="pytest.skip">src/pymortests/grid.py:80: Suite splitting in effect</skipped></testcase><testcase classname="src.pymortests.grid" file="src/pymortests/grid.py" line="80" name="test_subentities_entry_values_unique[&lt;lambda&gt;27]" time="0.0004267692565917969"><skipped message="Suite splitting in effect" type="pytest.skip">src/pymortests/grid.py:80: Suite splitting in effect</skipped></testcase><testcase classname="src.pymortests.grid" file="src/pymortests/grid.py" line="80" name="test_subentities_entry_values_unique[&lt;lambda&gt;28]" time="0.0004775524139404297"><skipped message="Suite splitting in effect" type="pytest.skip">src/pymortests/grid.py:80: Suite splitting in effect</skipped></testcase><testcase classname="src.pymortests.grid" file="src/pymortests/grid.py" line="80" name="test_subentities_entry_values_unique[&lt;lambda&gt;29]" time="0.0004436969757080078"><skipped message="Suite splitting in effect" type="pytest.skip">src/pymortests/grid.py:80: Suite splitting in effect</skipped></testcase><testcase classname="src.pymortests.grid" file="src/pymortests/grid.py" line="80" name="test_subentities_entry_values_unique[&lt;lambda&gt;30]" time="0.00042438507080078125"><skipped message="Suite splitting in effect" type="pytest.skip">src/pymortests/grid.py:80: Suite splitting in effect</skipped></testcase><testcase classname="src.pymortests.grid" file="src/pymortests/grid.py" line="80" name="test_subentities_entry_values_unique[&lt;lambda&gt;31]" time="0.00041222572326660156"><skipped message="Suite splitting in effect" type="pytest.skip">src/pymortests/grid.py:80: Suite splitting in effect</skipped></testcase><testcase classname="src.pymortests.grid" file="src/pymortests/grid.py" line="80" name="test_subentities_entry_values_unique[&lt;lambda&gt;32]" time="0.00045943260192871094"><skipped message="Suite splitting in effect" type="pytest.skip">src/pymortests/grid.py:80: Suite splitting in effect</skipped></testcase><testcase classname="src.pymortests.grid" file="src/pymortests/grid.py" line="80" name="test_subentities_entry_values_unique[&lt;lambda&gt;33]" time="0.0003871917724609375"><skipped message="Suite splitting in effect" type="pytest.skip">src/pymortests/grid.py:80: Suite splitting in effect</skipped></testcase><testcase classname="src.pymortests.grid" file="src/pymortests/grid.py" line="80" name="test_subentities_entry_values_unique[&lt;lambda&gt;34]" time="0.00042724609375"><skipped message="Suite splitting in effect" type="pytest.skip">src/pymortests/grid.py:80: Suite splitting in effect</skipped></testcase><testcase classname="src.pymortests.grid" file="src/pymortests/grid.py" line="80" name="test_subentities_entry_values_unique[&lt;lambda&gt;35]" time="0.0003902912139892578"><skipped message="Suite splitting in effect" type="pytest.skip">src/pymortests/grid.py:80: Suite splitting in effect</skipped></testcase><testcase classname="src.pymortests.grid" file="src/pymortests/grid.py" line="80" name="test_subentities_entry_values_unique[&lt;lambda&gt;36]" time="0.00044274330139160156"><skipped message="Suite splitting in effect" type="pytest.skip">src/pymortests/grid.py:80: Suite splitting in effect</skipped></testcase><testcase classname="src.pymortests.grid" file="src/pymortests/grid.py" line="80" name="test_subentities_entry_values_unique[&lt;lambda&gt;37]" time="0.00039005279541015625"><skipped message="Suite splitting in effect" type="pytest.skip">src/pymortests/grid.py:80: Suite splitting in effect</skipped></testcase><testcase classname="src.pymortests.grid" file="src/pymortests/grid.py" line="80" name="test_subentities_entry_values_unique[&lt;lambda&gt;38]" time="0.0003921985626220703"><skipped message="Suite splitting in effect" type="pytest.skip">src/pymortests/grid.py:80: Suite splitting in effect</skipped></testcase><testcase classname="src.pymortests.grid" file="src/pymortests/grid.py" line="80" name="test_subentities_entry_values_unique[&lt;lambda&gt;39]" time="0.0003914833068847656"><skipped message="Suite splitting in effect" type="pytest.skip">src/pymortests/grid.py:80: Suite splitting in effect</skipped></testcase><testcase classname="src.pymortests.grid" file="src/pymortests/grid.py" line="80" name="test_subentities_entry_values_unique[&lt;lambda&gt;40]" time="0.0006721019744873047"><skipped message="Suite splitting in effect" type="pytest.skip">src/pymortests/grid.py:80: Suite splitting in effect</skipped></testcase><testcase classname="src.pymortests.grid" file="src/pymortests/grid.py" line="80" name="test_subentities_entry_values_unique[&lt;lambda&gt;41]" time="0.0004241466522216797"><skipped message="Suite splitting in effect" type="pytest.skip">src/pymortests/grid.py:80: Suite splitting in effect</skipped></testcase><testcase classname="src.pymortests.grid" file="src/pymortests/grid.py" line="80" name="test_subentities_entry_values_unique[&lt;lambda&gt;42]" time="0.000423431396484375"><skipped message="Suite splitting in effect" type="pytest.skip">src/pymortests/grid.py:80: Suite splitting in effect</skipped></testcase><testcase classname="src.pymortests.grid" file="src/pymortests/grid.py" line="89" name="test_subentities_codim_d_codim_d[&lt;lambda&gt;0]" time="0.0004546642303466797"><skipped message="Suite splitting in effect" type="pytest.skip">src/pymortests/grid.py:89: Suite splitting in effect</skipped></testcase><testcase classname="src.pymortests.grid" file="src/pymortests/grid.py" line="89" name="test_subentities_codim_d_codim_d[&lt;lambda&gt;1]" time="0.00045180320739746094"><skipped message="Suite splitting in effect" type="pytest.skip">src/pymortests/grid.py:89: Suite splitting in effect</skipped></testcase><testcase classname="src.pymortests.grid" file="src/pymortests/grid.py" line="89" name="test_subentities_codim_d_codim_d[&lt;lambda&gt;2]" time="0.00043010711669921875"><skipped message="Suite splitting in effect" type="pytest.skip">src/pymortests/grid.py:89: Suite splitting in effect</skipped></testcase><testcase classname="src.pymortests.grid" file="src/pymortests/grid.py" line="89" name="test_subentities_codim_d_codim_d[&lt;lambda&gt;3]" time="0.00039768218994140625"><skipped message="Suite splitting in effect" type="pytest.skip">src/pymortests/grid.py:89: Suite splitting in effect</skipped></testcase><testcase classname="src.pymortests.grid" file="src/pymortests/grid.py" line="89" name="test_subentities_codim_d_codim_d[&lt;lambda&gt;4]" time="0.0004382133483886719"><skipped message="Suite splitting in effect" type="pytest.skip">src/pymortests/grid.py:89: Suite splitting in effect</skipped></testcase><testcase classname="src.pymortests.grid" file="src/pymortests/grid.py" line="89" name="test_subentities_codim_d_codim_d[&lt;lambda&gt;5]" time="0.0004825592041015625"><skipped message="Suite splitting in effect" type="pytest.skip">src/pymortests/grid.py:89: Suite splitting in effect</skipped></testcase><testcase classname="src.pymortests.grid" file="src/pymortests/grid.py" line="89" name="test_subentities_codim_d_codim_d[&lt;lambda&gt;6]" time="0.0004458427429199219"><skipped message="Suite splitting in effect" type="pytest.skip">src/pymortests/grid.py:89: Suite splitting in effect</skipped></testcase><testcase classname="src.pymortests.grid" file="src/pymortests/grid.py" line="89" name="test_subentities_codim_d_codim_d[&lt;lambda&gt;7]" time="0.00044655799865722656"><skipped message="Suite splitting in effect" type="pytest.skip">src/pymortests/grid.py:89: Suite splitting in effect</skipped></testcase><testcase classname="src.pymortests.grid" file="src/pymortests/grid.py" line="89" name="test_subentities_codim_d_codim_d[&lt;lambda&gt;8]" time="0.00044655799865722656"><skipped message="Suite splitting in effect" type="pytest.skip">src/pymortests/grid.py:89: Suite splitting in effect</skipped></testcase><testcase classname="src.pymortests.grid" file="src/pymortests/grid.py" line="89" name="test_subentities_codim_d_codim_d[&lt;lambda&gt;9]" time="0.00040340423583984375"><skipped message="Suite splitting in effect" type="pytest.skip">src/pymortests/grid.py:89: Suite splitting in effect</skipped></testcase><testcase classname="src.pymortests.grid" file="src/pymortests/grid.py" line="89" name="test_subentities_codim_d_codim_d[&lt;lambda&gt;10]" time="0.0005090236663818359"><skipped message="Suite splitting in effect" type="pytest.skip">src/pymortests/grid.py:89: Suite splitting in effect</skipped></testcase><testcase classname="src.pymortests.grid" file="src/pymortests/grid.py" line="89" name="test_subentities_codim_d_codim_d[&lt;lambda&gt;11]" time="0.0003972053527832031"><skipped message="Suite splitting in effect" type="pytest.skip">src/pymortests/grid.py:89: Suite splitting in effect</skipped></testcase><testcase classname="src.pymortests.grid" file="src/pymortests/grid.py" line="89" name="test_subentities_codim_d_codim_d[&lt;lambda&gt;12]" time="0.0004432201385498047"><skipped message="Suite splitting in effect" type="pytest.skip">src/pymortests/grid.py:89: Suite splitting in effect</skipped></testcase><testcase classname="src.pymortests.grid" file="src/pymortests/grid.py" line="89" name="test_subentities_codim_d_codim_d[&lt;lambda&gt;13]" time="0.0004143714904785156"><skipped message="Suite splitting in effect" type="pytest.skip">src/pymortests/grid.py:89: Suite splitting in effect</skipped></testcase><testcase classname="src.pymortests.grid" file="src/pymortests/grid.py" line="89" name="test_subentities_codim_d_codim_d[&lt;lambda&gt;14]" time="0.00042629241943359375"><skipped message="Suite splitting in effect" type="pytest.skip">src/pymortests/grid.py:89: Suite splitting in effect</skipped></testcase><testcase classname="src.pymortests.grid" file="src/pymortests/grid.py" line="89" name="test_subentities_codim_d_codim_d[&lt;lambda&gt;15]" time="0.00042438507080078125"><skipped message="Suite splitting in effect" type="pytest.skip">src/pymortests/grid.py:89: Suite splitting in effect</skipped></testcase><testcase classname="src.pymortests.grid" file="src/pymortests/grid.py" line="89" name="test_subentities_codim_d_codim_d[&lt;lambda&gt;16]" time="0.0004439353942871094"><skipped message="Suite splitting in effect" type="pytest.skip">src/pymortests/grid.py:89: Suite splitting in effect</skipped></testcase><testcase classname="src.pymortests.grid" file="src/pymortests/grid.py" line="89" name="test_subentities_codim_d_codim_d[&lt;lambda&gt;17]" time="0.00043082237243652344"><skipped message="Suite splitting in effect" type="pytest.skip">src/pymortests/grid.py:89: Suite splitting in effect</skipped></testcase><testcase classname="src.pymortests.grid" file="src/pymortests/grid.py" line="89" name="test_subentities_codim_d_codim_d[&lt;lambda&gt;18]" time="0.0004191398620605469"><skipped message="Suite splitting in effect" type="pytest.skip">src/pymortests/grid.py:89: Suite splitting in effect</skipped></testcase><testcase classname="src.pymortests.grid" file="src/pymortests/grid.py" line="89" name="test_subentities_codim_d_codim_d[&lt;lambda&gt;19]" time="0.0004265308380126953"><skipped message="Suite splitting in effect" type="pytest.skip">src/pymortests/grid.py:89: Suite splitting in effect</skipped></testcase><testcase classname="src.pymortests.grid" file="src/pymortests/grid.py" line="89" name="test_subentities_codim_d_codim_d[&lt;lambda&gt;20]" time="0.0004191398620605469"><skipped message="Suite splitting in effect" type="pytest.skip">src/pymortests/grid.py:89: Suite splitting in effect</skipped></testcase><testcase classname="src.pymortests.grid" file="src/pymortests/grid.py" line="89" name="test_subentities_codim_d_codim_d[&lt;lambda&gt;21]" time="0.0003955364227294922"><skipped message="Suite splitting in effect" type="pytest.skip">src/pymortests/grid.py:89: Suite splitting in effect</skipped></testcase><testcase classname="src.pymortests.grid" file="src/pymortests/grid.py" line="89" name="test_subentities_codim_d_codim_d[&lt;lambda&gt;22]" time="0.00042057037353515625"><skipped message="Suite splitting in effect" type="pytest.skip">src/pymortests/grid.py:89: Suite splitting in effect</skipped></testcase><testcase classname="src.pymortests.grid" file="src/pymortests/grid.py" line="89" name="test_subentities_codim_d_codim_d[&lt;lambda&gt;23]" time="0.00039315223693847656"><skipped message="Suite splitting in effect" type="pytest.skip">src/pymortests/grid.py:89: Suite splitting in effect</skipped></testcase><testcase classname="src.pymortests.grid" file="src/pymortests/grid.py" line="89" name="test_subentities_codim_d_codim_d[&lt;lambda&gt;24]" time="0.0004024505615234375"><skipped message="Suite splitting in effect" type="pytest.skip">src/pymortests/grid.py:89: Suite splitting in effect</skipped></testcase><testcase classname="src.pymortests.grid" file="src/pymortests/grid.py" line="89" name="test_subentities_codim_d_codim_d[&lt;lambda&gt;25]" time="0.00040030479431152344"><skipped message="Suite splitting in effect" type="pytest.skip">src/pymortests/grid.py:89: Suite splitting in effect</skipped></testcase><testcase classname="src.pymortests.grid" file="src/pymortests/grid.py" line="89" name="test_subentities_codim_d_codim_d[&lt;lambda&gt;26]" time="0.00047659873962402344"><skipped message="Suite splitting in effect" type="pytest.skip">src/pymortests/grid.py:89: Suite splitting in effect</skipped></testcase><testcase classname="src.pymortests.grid" file="src/pymortests/grid.py" line="89" name="test_subentities_codim_d_codim_d[&lt;lambda&gt;27]" time="0.000396728515625"><skipped message="Suite splitting in effect" type="pytest.skip">src/pymortests/grid.py:89: Suite splitting in effect</skipped></testcase><testcase classname="src.pymortests.grid" file="src/pymortests/grid.py" line="89" name="test_subentities_codim_d_codim_d[&lt;lambda&gt;28]" time="0.0004146099090576172"><skipped message="Suite splitting in effect" type="pytest.skip">src/pymortests/grid.py:89: Suite splitting in effect</skipped></testcase><testcase classname="src.pymortests.grid" file="src/pymortests/grid.py" line="89" name="test_subentities_codim_d_codim_d[&lt;lambda&gt;29]" time="0.0004382133483886719"><skipped message="Suite splitting in effect" type="pytest.skip">src/pymortests/grid.py:89: Suite splitting in effect</skipped></testcase><testcase classname="src.pymortests.grid" file="src/pymortests/grid.py" line="89" name="test_subentities_codim_d_codim_d[&lt;lambda&gt;30]" time="0.00042057037353515625"><skipped message="Suite splitting in effect" type="pytest.skip">src/pymortests/grid.py:89: Suite splitting in effect</skipped></testcase><testcase classname="src.pymortests.grid" file="src/pymortests/grid.py" line="89" name="test_subentities_codim_d_codim_d[&lt;lambda&gt;31]" time="0.00041794776916503906"><skipped message="Suite splitting in effect" type="pytest.skip">src/pymortests/grid.py:89: Suite splitting in effect</skipped></testcase><testcase classname="src.pymortests.grid" file="src/pymortests/grid.py" line="89" name="test_subentities_codim_d_codim_d[&lt;lambda&gt;32]" time="0.00042819976806640625"><skipped message="Suite splitting in effect" type="pytest.skip">src/pymortests/grid.py:89: Suite splitting in effect</skipped></testcase><testcase classname="src.pymortests.grid" file="src/pymortests/grid.py" line="89" name="test_subentities_codim_d_codim_d[&lt;lambda&gt;33]" time="0.0004050731658935547"><skipped message="Suite splitting in effect" type="pytest.skip">src/pymortests/grid.py:89: Suite splitting in effect</skipped></testcase><testcase classname="src.pymortests.grid" file="src/pymortests/grid.py" line="89" name="test_subentities_codim_d_codim_d[&lt;lambda&gt;34]" time="0.00042319297790527344"><skipped message="Suite splitting in effect" type="pytest.skip">src/pymortests/grid.py:89: Suite splitting in effect</skipped></testcase><testcase classname="src.pymortests.grid" file="src/pymortests/grid.py" line="89" name="test_subentities_codim_d_codim_d[&lt;lambda&gt;35]" time="0.00043201446533203125"><skipped message="Suite splitting in effect" type="pytest.skip">src/pymortests/grid.py:89: Suite splitting in effect</skipped></testcase><testcase classname="src.pymortests.grid" file="src/pymortests/grid.py" line="89" name="test_subentities_codim_d_codim_d[&lt;lambda&gt;36]" time="0.0004067420959472656"><skipped message="Suite splitting in effect" type="pytest.skip">src/pymortests/grid.py:89: Suite splitting in effect</skipped></testcase><testcase classname="src.pymortests.grid" file="src/pymortests/grid.py" line="89" name="test_subentities_codim_d_codim_d[&lt;lambda&gt;37]" time="0.0004184246063232422"><skipped message="Suite splitting in effect" type="pytest.skip">src/pymortests/grid.py:89: Suite splitting in effect</skipped></testcase><testcase classname="src.pymortests.grid" file="src/pymortests/grid.py" line="89" name="test_subentities_codim_d_codim_d[&lt;lambda&gt;38]" time="0.00038623809814453125"><skipped message="Suite splitting in effect" type="pytest.skip">src/pymortests/grid.py:89: Suite splitting in effect</skipped></testcase><testcase classname="src.pymortests.grid" file="src/pymortests/grid.py" line="89" name="test_subentities_codim_d_codim_d[&lt;lambda&gt;39]" time="0.0004138946533203125"><skipped message="Suite splitting in effect" type="pytest.skip">src/pymortests/grid.py:89: Suite splitting in effect</skipped></testcase><testcase classname="src.pymortests.grid" file="src/pymortests/grid.py" line="89" name="test_subentities_codim_d_codim_d[&lt;lambda&gt;40]" time="0.00039005279541015625"><skipped message="Suite splitting in effect" type="pytest.skip">src/pymortests/grid.py:89: Suite splitting in effect</skipped></testcase><testcase classname="src.pymortests.grid" file="src/pymortests/grid.py" line="89" name="test_subentities_codim_d_codim_d[&lt;lambda&gt;41]" time="0.00044655799865722656"><skipped message="Suite splitting in effect" type="pytest.skip">src/pymortests/grid.py:89: Suite splitting in effect</skipped></testcase><testcase classname="src.pymortests.grid" file="src/pymortests/grid.py" line="89" name="test_subentities_codim_d_codim_d[&lt;lambda&gt;42]" time="0.0004127025604248047"><skipped message="Suite splitting in effect" type="pytest.skip">src/pymortests/grid.py:89: Suite splitting in effect</skipped></testcase><testcase classname="src.pymortests.grid" file="src/pymortests/grid.py" line="96" name="test_subentities_transitivity[&lt;lambda&gt;0]" time="0.00043010711669921875"><skipped message="Suite splitting in effect" type="pytest.skip">src/pymortests/grid.py:96: Suite splitting in effect</skipped></testcase><testcase classname="src.pymortests.grid" file="src/pymortests/grid.py" line="96" name="test_subentities_transitivity[&lt;lambda&gt;1]" time="0.0004203319549560547"><skipped message="Suite splitting in effect" type="pytest.skip">src/pymortests/grid.py:96: Suite splitting in effect</skipped></testcase><testcase classname="src.pymortests.grid" file="src/pymortests/grid.py" line="96" name="test_subentities_transitivity[&lt;lambda&gt;2]" time="0.00039505958557128906"><skipped message="Suite splitting in effect" type="pytest.skip">src/pymortests/grid.py:96: Suite splitting in effect</skipped></testcase><testcase classname="src.pymortests.grid" file="src/pymortests/grid.py" line="96" name="test_subentities_transitivity[&lt;lambda&gt;3]" time="0.00042724609375"><skipped message="Suite splitting in effect" type="pytest.skip">src/pymortests/grid.py:96: Suite splitting in effect</skipped></testcase><testcase classname="src.pymortests.grid" file="src/pymortests/grid.py" line="96" name="test_subentities_transitivity[&lt;lambda&gt;4]" time="0.0004067420959472656"><skipped message="Suite splitting in effect" type="pytest.skip">src/pymortests/grid.py:96: Suite splitting in effect</skipped></testcase><testcase classname="src.pymortests.grid" file="src/pymortests/grid.py" line="96" name="test_subentities_transitivity[&lt;lambda&gt;5]" time="0.0004456043243408203"><skipped message="Suite splitting in effect" type="pytest.skip">src/pymortests/grid.py:96: Suite splitting in effect</skipped></testcase><testcase classname="src.pymortests.grid" file="src/pymortests/grid.py" line="96" name="test_subentities_transitivity[&lt;lambda&gt;6]" time="0.00041604042053222656"><skipped message="Suite splitting in effect" type="pytest.skip">src/pymortests/grid.py:96: Suite splitting in effect</skipped></testcase><testcase classname="src.pymortests.grid" file="src/pymortests/grid.py" line="96" name="test_subentities_transitivity[&lt;lambda&gt;7]" time="0.00042557716369628906"><skipped message="Suite splitting in effect" type="pytest.skip">src/pymortests/grid.py:96: Suite splitting in effect</skipped></testcase><testcase classname="src.pymortests.grid" file="src/pymortests/grid.py" line="96" name="test_subentities_transitivity[&lt;lambda&gt;8]" time="0.0003948211669921875"><skipped message="Suite splitting in effect" type="pytest.skip">src/pymortests/grid.py:96: Suite splitting in effect</skipped></testcase><testcase classname="src.pymortests.grid" file="src/pymortests/grid.py" line="96" name="test_subentities_transitivity[&lt;lambda&gt;9]" time="0.0004391670227050781"><skipped message="Suite splitting in effect" type="pytest.skip">src/pymortests/grid.py:96: Suite splitting in effect</skipped></testcase><testcase classname="src.pymortests.grid" file="src/pymortests/grid.py" line="96" name="test_subentities_transitivity[&lt;lambda&gt;10]" time="0.0004112720489501953"><skipped message="Suite splitting in effect" type="pytest.skip">src/pymortests/grid.py:96: Suite splitting in effect</skipped></testcase><testcase classname="src.pymortests.grid" file="src/pymortests/grid.py" line="96" name="test_subentities_transitivity[&lt;lambda&gt;11]" time="0.00042247772216796875"><skipped message="Suite splitting in effect" type="pytest.skip">src/pymortests/grid.py:96: Suite splitting in effect</skipped></testcase><testcase classname="src.pymortests.grid" file="src/pymortests/grid.py" line="96" name="test_subentities_transitivity[&lt;lambda&gt;12]" time="0.0003974437713623047"><skipped message="Suite splitting in effect" type="pytest.skip">src/pymortests/grid.py:96: Suite splitting in effect</skipped></testcase><testcase classname="src.pymortests.grid" file="src/pymortests/grid.py" line="96" name="test_subentities_transitivity[&lt;lambda&gt;13]" time="0.0004203319549560547"><skipped message="Suite splitting in effect" type="pytest.skip">src/pymortests/grid.py:96: Suite splitting in effect</skipped></testcase><testcase classname="src.pymortests.grid" file="src/pymortests/grid.py" line="96" name="test_subentities_transitivity[&lt;lambda&gt;14]" time="0.00041675567626953125"><skipped message="Suite splitting in effect" type="pytest.skip">src/pymortests/grid.py:96: Suite splitting in effect</skipped></testcase><testcase classname="src.pymortests.grid" file="src/pymortests/grid.py" line="96" name="test_subentities_transitivity[&lt;lambda&gt;15]" time="0.00042748451232910156"><skipped message="Suite splitting in effect" type="pytest.skip">src/pymortests/grid.py:96: Suite splitting in effect</skipped></testcase><testcase classname="src.pymortests.grid" file="src/pymortests/grid.py" line="96" name="test_subentities_transitivity[&lt;lambda&gt;16]" time="0.0003962516784667969"><skipped message="Suite splitting in effect" type="pytest.skip">src/pymortests/grid.py:96: Suite splitting in effect</skipped></testcase><testcase classname="src.pymortests.grid" file="src/pymortests/grid.py" line="96" name="test_subentities_transitivity[&lt;lambda&gt;17]" time="0.0004086494445800781"><skipped message="Suite splitting in effect" type="pytest.skip">src/pymortests/grid.py:96: Suite splitting in effect</skipped></testcase><testcase classname="src.pymortests.grid" file="src/pymortests/grid.py" line="96" name="test_subentities_transitivity[&lt;lambda&gt;18]" time="0.00042128562927246094"><skipped message="Suite splitting in effect" type="pytest.skip">src/pymortests/grid.py:96: Suite splitting in effect</skipped></testcase><testcase classname="src.pymortests.grid" file="src/pymortests/grid.py" line="96" name="test_subentities_transitivity[&lt;lambda&gt;19]" time="0.0003917217254638672"><skipped message="Suite splitting in effect" type="pytest.skip">src/pymortests/grid.py:96: Suite splitting in effect</skipped></testcase><testcase classname="src.pymortests.grid" file="src/pymortests/grid.py" line="96" name="test_subentities_transitivity[&lt;lambda&gt;20]" time="0.0003936290740966797"><skipped message="Suite splitting in effect" type="pytest.skip">src/pymortests/grid.py:96: Suite splitting in effect</skipped></testcase><testcase classname="src.pymortests.grid" file="src/pymortests/grid.py" line="96" name="test_subentities_transitivity[&lt;lambda&gt;21]" time="0.00038909912109375"><skipped message="Suite splitting in effect" type="pytest.skip">src/pymortests/grid.py:96: Suite splitting in effect</skipped></testcase><testcase classname="src.pymortests.grid" file="src/pymortests/grid.py" line="96" name="test_subentities_transitivity[&lt;lambda&gt;22]" time="0.00039315223693847656"><skipped message="Suite splitting in effect" type="pytest.skip">src/pymortests/grid.py:96: Suite splitting in effect</skipped></testcase><testcase classname="src.pymortests.grid" file="src/pymortests/grid.py" line="96" name="test_subentities_transitivity[&lt;lambda&gt;23]" time="0.0003962516784667969"><skipped message="Suite splitting in effect" type="pytest.skip">src/pymortests/grid.py:96: Suite splitting in effect</skipped></testcase><testcase classname="src.pymortests.grid" file="src/pymortests/grid.py" line="96" name="test_subentities_transitivity[&lt;lambda&gt;24]" time="0.0004315376281738281"><skipped message="Suite splitting in effect" type="pytest.skip">src/pymortests/grid.py:96: Suite splitting in effect</skipped></testcase><testcase classname="src.pymortests.grid" file="src/pymortests/grid.py" line="96" name="test_subentities_transitivity[&lt;lambda&gt;25]" time="0.00040602684020996094"><skipped message="Suite splitting in effect" type="pytest.skip">src/pymortests/grid.py:96: Suite splitting in effect</skipped></testcase><testcase classname="src.pymortests.grid" file="src/pymortests/grid.py" line="96" name="test_subentities_transitivity[&lt;lambda&gt;26]" time="0.0004203319549560547"><skipped message="Suite splitting in effect" type="pytest.skip">src/pymortests/grid.py:96: Suite splitting in effect</skipped></testcase><testcase classname="src.pymortests.grid" file="src/pymortests/grid.py" line="96" name="test_subentities_transitivity[&lt;lambda&gt;27]" time="0.0004324913024902344"><skipped message="Suite splitting in effect" type="pytest.skip">src/pymortests/grid.py:96: Suite splitting in effect</skipped></testcase><testcase classname="src.pymortests.grid" file="src/pymortests/grid.py" line="96" name="test_subentities_transitivity[&lt;lambda&gt;28]" time="0.0004875659942626953"><skipped message="Suite splitting in effect" type="pytest.skip">src/pymortests/grid.py:96: Suite splitting in effect</skipped></testcase><testcase classname="src.pymortests.grid" file="src/pymortests/grid.py" line="96" name="test_subentities_transitivity[&lt;lambda&gt;29]" time="0.0004448890686035156"><skipped message="Suite splitting in effect" type="pytest.skip">src/pymortests/grid.py:96: Suite splitting in effect</skipped></testcase><testcase classname="src.pymortests.grid" file="src/pymortests/grid.py" line="96" name="test_subentities_transitivity[&lt;lambda&gt;30]" time="0.0003952980041503906"><skipped message="Suite splitting in effect" type="pytest.skip">src/pymortests/grid.py:96: Suite splitting in effect</skipped></testcase><testcase classname="src.pymortests.grid" file="src/pymortests/grid.py" line="96" name="test_subentities_transitivity[&lt;lambda&gt;31]" time="0.0003962516784667969"><skipped message="Suite splitting in effect" type="pytest.skip">src/pymortests/grid.py:96: Suite splitting in effect</skipped></testcase><testcase classname="src.pymortests.grid" file="src/pymortests/grid.py" line="96" name="test_subentities_transitivity[&lt;lambda&gt;32]" time="0.00041294097900390625"><skipped message="Suite splitting in effect" type="pytest.skip">src/pymortests/grid.py:96: Suite splitting in effect</skipped></testcase><testcase classname="src.pymortests.grid" file="src/pymortests/grid.py" line="96" name="test_subentities_transitivity[&lt;lambda&gt;33]" time="0.00040030479431152344"><skipped message="Suite splitting in effect" type="pytest.skip">src/pymortests/grid.py:96: Suite splitting in effect</skipped></testcase><testcase classname="src.pymortests.grid" file="src/pymortests/grid.py" line="96" name="test_subentities_transitivity[&lt;lambda&gt;34]" time="0.0004305839538574219"><skipped message="Suite splitting in effect" type="pytest.skip">src/pymortests/grid.py:96: Suite splitting in effect</skipped></testcase><testcase classname="src.pymortests.grid" file="src/pymortests/grid.py" line="96" name="test_subentities_transitivity[&lt;lambda&gt;35]" time="0.0004222393035888672"><skipped message="Suite splitting in effect" type="pytest.skip">src/pymortests/grid.py:96: Suite splitting in effect</skipped></testcase><testcase classname="src.pymortests.grid" file="src/pymortests/grid.py" line="96" name="test_subentities_transitivity[&lt;lambda&gt;36]" time="0.0004150867462158203"><skipped message="Suite splitting in effect" type="pytest.skip">src/pymortests/grid.py:96: Suite splitting in effect</skipped></testcase><testcase classname="src.pymortests.grid" file="src/pymortests/grid.py" line="96" name="test_subentities_transitivity[&lt;lambda&gt;37]" time="0.00042057037353515625"><skipped message="Suite splitting in effect" type="pytest.skip">src/pymortests/grid.py:96: Suite splitting in effect</skipped></testcase><testcase classname="src.pymortests.grid" file="src/pymortests/grid.py" line="96" name="test_subentities_transitivity[&lt;lambda&gt;38]" time="0.0003955364227294922"><skipped message="Suite splitting in effect" type="pytest.skip">src/pymortests/grid.py:96: Suite splitting in effect</skipped></testcase><testcase classname="src.pymortests.grid" file="src/pymortests/grid.py" line="96" name="test_subentities_transitivity[&lt;lambda&gt;39]" time="0.0004210472106933594"><skipped message="Suite splitting in effect" type="pytest.skip">src/pymortests/grid.py:96: Suite splitting in effect</skipped></testcase><testcase classname="src.pymortests.grid" file="src/pymortests/grid.py" line="96" name="test_subentities_transitivity[&lt;lambda&gt;40]" time="0.0005121231079101562"><skipped message="Suite splitting in effect" type="pytest.skip">src/pymortests/grid.py:96: Suite splitting in effect</skipped></testcase><testcase classname="src.pymortests.grid" file="src/pymortests/grid.py" line="96" name="test_subentities_transitivity[&lt;lambda&gt;41]" time="0.00039505958557128906"><skipped message="Suite splitting in effect" type="pytest.skip">src/pymortests/grid.py:96: Suite splitting in effect</skipped></testcase><testcase classname="src.pymortests.grid" file="src/pymortests/grid.py" line="96" name="test_subentities_transitivity[&lt;lambda&gt;42]" time="0.0004088878631591797"><skipped message="Suite splitting in effect" type="pytest.skip">src/pymortests/grid.py:96: Suite splitting in effect</skipped></testcase><testcase classname="src.pymortests.grid" file="src/pymortests/grid.py" line="110" name="test_superentities_wrong_arguments[&lt;lambda&gt;0]" time="0.00042748451232910156"><skipped message="Suite splitting in effect" type="pytest.skip">src/pymortests/grid.py:110: Suite splitting in effect</skipped></testcase><testcase classname="src.pymortests.grid" file="src/pymortests/grid.py" line="110" name="test_superentities_wrong_arguments[&lt;lambda&gt;1]" time="0.0004324913024902344"><skipped message="Suite splitting in effect" type="pytest.skip">src/pymortests/grid.py:110: Suite splitting in effect</skipped></testcase><testcase classname="src.pymortests.grid" file="src/pymortests/grid.py" line="110" name="test_superentities_wrong_arguments[&lt;lambda&gt;2]" time="0.00043487548828125"><skipped message="Suite splitting in effect" type="pytest.skip">src/pymortests/grid.py:110: Suite splitting in effect</skipped></testcase><testcase classname="src.pymortests.grid" file="src/pymortests/grid.py" line="110" name="test_superentities_wrong_arguments[&lt;lambda&gt;3]" time="0.0003972053527832031"><skipped message="Suite splitting in effect" type="pytest.skip">src/pymortests/grid.py:110: Suite splitting in effect</skipped></testcase><testcase classname="src.pymortests.grid" file="src/pymortests/grid.py" line="110" name="test_superentities_wrong_arguments[&lt;lambda&gt;4]" time="0.0004363059997558594"><skipped message="Suite splitting in effect" type="pytest.skip">src/pymortests/grid.py:110: Suite splitting in effect</skipped></testcase><testcase classname="src.pymortests.grid" file="src/pymortests/grid.py" line="110" name="test_superentities_wrong_arguments[&lt;lambda&gt;5]" time="0.0004107952117919922"><skipped message="Suite splitting in effect" type="pytest.skip">src/pymortests/grid.py:110: Suite splitting in effect</skipped></testcase><testcase classname="src.pymortests.grid" file="src/pymortests/grid.py" line="110" name="test_superentities_wrong_arguments[&lt;lambda&gt;6]" time="0.0007283687591552734"><skipped message="Suite splitting in effect" type="pytest.skip">src/pymortests/grid.py:110: Suite splitting in effect</skipped></testcase><testcase classname="src.pymortests.grid" file="src/pymortests/grid.py" line="110" name="test_superentities_wrong_arguments[&lt;lambda&gt;7]" time="0.00043845176696777344"><skipped message="Suite splitting in effect" type="pytest.skip">src/pymortests/grid.py:110: Suite splitting in effect</skipped></testcase><testcase classname="src.pymortests.grid" file="src/pymortests/grid.py" line="110" name="test_superentities_wrong_arguments[&lt;lambda&gt;8]" time="0.00039267539978027344"><skipped message="Suite splitting in effect" type="pytest.skip">src/pymortests/grid.py:110: Suite splitting in effect</skipped></testcase><testcase classname="src.pymortests.grid" file="src/pymortests/grid.py" line="110" name="test_superentities_wrong_arguments[&lt;lambda&gt;9]" time="0.0004298686981201172"><skipped message="Suite splitting in effect" type="pytest.skip">src/pymortests/grid.py:110: Suite splitting in effect</skipped></testcase><testcase classname="src.pymortests.grid" file="src/pymortests/grid.py" line="110" name="test_superentities_wrong_arguments[&lt;lambda&gt;10]" time="0.0004229545593261719"><skipped message="Suite splitting in effect" type="pytest.skip">src/pymortests/grid.py:110: Suite splitting in effect</skipped></testcase><testcase classname="src.pymortests.grid" file="src/pymortests/grid.py" line="110" name="test_superentities_wrong_arguments[&lt;lambda&gt;11]" time="0.000392913818359375"><skipped message="Suite splitting in effect" type="pytest.skip">src/pymortests/grid.py:110: Suite splitting in effect</skipped></testcase><testcase classname="src.pymortests.grid" file="src/pymortests/grid.py" line="110" name="test_superentities_wrong_arguments[&lt;lambda&gt;12]" time="0.00039267539978027344"><skipped message="Suite splitting in effect" type="pytest.skip">src/pymortests/grid.py:110: Suite splitting in effect</skipped></testcase><testcase classname="src.pymortests.grid" file="src/pymortests/grid.py" line="110" name="test_superentities_wrong_arguments[&lt;lambda&gt;13]" time="0.00039649009704589844"><skipped message="Suite splitting in effect" type="pytest.skip">src/pymortests/grid.py:110: Suite splitting in effect</skipped></testcase><testcase classname="src.pymortests.grid" file="src/pymortests/grid.py" line="110" name="test_superentities_wrong_arguments[&lt;lambda&gt;14]" time="0.00044608116149902344"><skipped message="Suite splitting in effect" type="pytest.skip">src/pymortests/grid.py:110: Suite splitting in effect</skipped></testcase><testcase classname="src.pymortests.grid" file="src/pymortests/grid.py" line="110" name="test_superentities_wrong_arguments[&lt;lambda&gt;15]" time="0.00039887428283691406"><skipped message="Suite splitting in effect" type="pytest.skip">src/pymortests/grid.py:110: Suite splitting in effect</skipped></testcase><testcase classname="src.pymortests.grid" file="src/pymortests/grid.py" line="110" name="test_superentities_wrong_arguments[&lt;lambda&gt;16]" time="0.00042557716369628906"><skipped message="Suite splitting in effect" type="pytest.skip">src/pymortests/grid.py:110: Suite splitting in effect</skipped></testcase><testcase classname="src.pymortests.grid" file="src/pymortests/grid.py" line="110" name="test_superentities_wrong_arguments[&lt;lambda&gt;17]" time="0.00039839744567871094"><skipped message="Suite splitting in effect" type="pytest.skip">src/pymortests/grid.py:110: Suite splitting in effect</skipped></testcase><testcase classname="src.pymortests.grid" file="src/pymortests/grid.py" line="110" name="test_superentities_wrong_arguments[&lt;lambda&gt;18]" time="0.0004253387451171875"><skipped message="Suite splitting in effect" type="pytest.skip">src/pymortests/grid.py:110: Suite splitting in effect</skipped></testcase><testcase classname="src.pymortests.grid" file="src/pymortests/grid.py" line="110" name="test_superentities_wrong_arguments[&lt;lambda&gt;19]" time="0.0004315376281738281"><skipped message="Suite splitting in effect" type="pytest.skip">src/pymortests/grid.py:110: Suite splitting in effect</skipped></testcase><testcase classname="src.pymortests.grid" file="src/pymortests/grid.py" line="110" name="test_superentities_wrong_arguments[&lt;lambda&gt;20]" time="0.0004253387451171875"><skipped message="Suite splitting in effect" type="pytest.skip">src/pymortests/grid.py:110: Suite splitting in effect</skipped></testcase><testcase classname="src.pymortests.grid" file="src/pymortests/grid.py" line="110" name="test_superentities_wrong_arguments[&lt;lambda&gt;21]" time="0.0004317760467529297"><skipped message="Suite splitting in effect" type="pytest.skip">src/pymortests/grid.py:110: Suite splitting in effect</skipped></testcase><testcase classname="src.pymortests.grid" file="src/pymortests/grid.py" line="110" name="test_superentities_wrong_arguments[&lt;lambda&gt;22]" time="0.00043082237243652344"><skipped message="Suite splitting in effect" type="pytest.skip">src/pymortests/grid.py:110: Suite splitting in effect</skipped></testcase><testcase classname="src.pymortests.grid" file="src/pymortests/grid.py" line="110" name="test_superentities_wrong_arguments[&lt;lambda&gt;23]" time="0.00038623809814453125"><skipped message="Suite splitting in effect" type="pytest.skip">src/pymortests/grid.py:110: Suite splitting in effect</skipped></testcase><testcase classname="src.pymortests.grid" file="src/pymortests/grid.py" line="110" name="test_superentities_wrong_arguments[&lt;lambda&gt;24]" time="0.0004279613494873047"><skipped message="Suite splitting in effect" type="pytest.skip">src/pymortests/grid.py:110: Suite splitting in effect</skipped></testcase><testcase classname="src.pymortests.grid" file="src/pymortests/grid.py" line="110" name="test_superentities_wrong_arguments[&lt;lambda&gt;25]" time="0.00042057037353515625"><skipped message="Suite splitting in effect" type="pytest.skip">src/pymortests/grid.py:110: Suite splitting in effect</skipped></testcase><testcase classname="src.pymortests.grid" file="src/pymortests/grid.py" line="110" name="test_superentities_wrong_arguments[&lt;lambda&gt;26]" time="0.0004317760467529297"><skipped message="Suite splitting in effect" type="pytest.skip">src/pymortests/grid.py:110: Suite splitting in effect</skipped></testcase><testcase classname="src.pymortests.grid" file="src/pymortests/grid.py" line="110" name="test_superentities_wrong_arguments[&lt;lambda&gt;27]" time="0.00040268898010253906"><skipped message="Suite splitting in effect" type="pytest.skip">src/pymortests/grid.py:110: Suite splitting in effect</skipped></testcase><testcase classname="src.pymortests.grid" file="src/pymortests/grid.py" line="110" name="test_superentities_wrong_arguments[&lt;lambda&gt;28]" time="0.00042366981506347656"><skipped message="Suite splitting in effect" type="pytest.skip">src/pymortests/grid.py:110: Suite splitting in effect</skipped></testcase><testcase classname="src.pymortests.grid" file="src/pymortests/grid.py" line="110" name="test_superentities_wrong_arguments[&lt;lambda&gt;29]" time="0.0003917217254638672"><skipped message="Suite splitting in effect" type="pytest.skip">src/pymortests/grid.py:110: Suite splitting in effect</skipped></testcase><testcase classname="src.pymortests.grid" file="src/pymortests/grid.py" line="110" name="test_superentities_wrong_arguments[&lt;lambda&gt;30]" time="0.0003876686096191406"><skipped message="Suite splitting in effect" type="pytest.skip">src/pymortests/grid.py:110: Suite splitting in effect</skipped></testcase><testcase classname="src.pymortests.grid" file="src/pymortests/grid.py" line="110" name="test_superentities_wrong_arguments[&lt;lambda&gt;31]" time="0.00041937828063964844"><skipped message="Suite splitting in effect" type="pytest.skip">src/pymortests/grid.py:110: Suite splitting in effect</skipped></testcase><testcase classname="src.pymortests.grid" file="src/pymortests/grid.py" line="110" name="test_superentities_wrong_arguments[&lt;lambda&gt;32]" time="0.00042700767517089844"><skipped message="Suite splitting in effect" type="pytest.skip">src/pymortests/grid.py:110: Suite splitting in effect</skipped></testcase><testcase classname="src.pymortests.grid" file="src/pymortests/grid.py" line="110" name="test_superentities_wrong_arguments[&lt;lambda&gt;33]" time="0.000453948974609375"><skipped message="Suite splitting in effect" type="pytest.skip">src/pymortests/grid.py:110: Suite splitting in effect</skipped></testcase><testcase classname="src.pymortests.grid" file="src/pymortests/grid.py" line="110" name="test_superentities_wrong_arguments[&lt;lambda&gt;34]" time="0.0004477500915527344"><skipped message="Suite splitting in effect" type="pytest.skip">src/pymortests/grid.py:110: Suite splitting in effect</skipped></testcase><testcase classname="src.pymortests.grid" file="src/pymortests/grid.py" line="110" name="test_superentities_wrong_arguments[&lt;lambda&gt;35]" time="0.00042438507080078125"><skipped message="Suite splitting in effect" type="pytest.skip">src/pymortests/grid.py:110: Suite splitting in effect</skipped></testcase><testcase classname="src.pymortests.grid" file="src/pymortests/grid.py" line="110" name="test_superentities_wrong_arguments[&lt;lambda&gt;36]" time="0.000396728515625"><skipped message="Suite splitting in effect" type="pytest.skip">src/pymortests/grid.py:110: Suite splitting in effect</skipped></testcase><testcase classname="src.pymortests.grid" file="src/pymortests/grid.py" line="110" name="test_superentities_wrong_arguments[&lt;lambda&gt;37]" time="0.00039887428283691406"><skipped message="Suite splitting in effect" type="pytest.skip">src/pymortests/grid.py:110: Suite splitting in effect</skipped></testcase><testcase classname="src.pymortests.grid" file="src/pymortests/grid.py" line="110" name="test_superentities_wrong_arguments[&lt;lambda&gt;38]" time="0.0005629062652587891"><skipped message="Suite splitting in effect" type="pytest.skip">src/pymortests/grid.py:110: Suite splitting in effect</skipped></testcase><testcase classname="src.pymortests.grid" file="src/pymortests/grid.py" line="110" name="test_superentities_wrong_arguments[&lt;lambda&gt;39]" time="0.0005116462707519531"><skipped message="Suite splitting in effect" type="pytest.skip">src/pymortests/grid.py:110: Suite splitting in effect</skipped></testcase><testcase classname="src.pymortests.grid" file="src/pymortests/grid.py" line="110" name="test_superentities_wrong_arguments[&lt;lambda&gt;40]" time="0.00042629241943359375"><skipped message="Suite splitting in effect" type="pytest.skip">src/pymortests/grid.py:110: Suite splitting in effect</skipped></testcase><testcase classname="src.pymortests.grid" file="src/pymortests/grid.py" line="110" name="test_superentities_wrong_arguments[&lt;lambda&gt;41]" time="0.0004699230194091797"><skipped message="Suite splitting in effect" type="pytest.skip">src/pymortests/grid.py:110: Suite splitting in effect</skipped></testcase><testcase classname="src.pymortests.grid" file="src/pymortests/grid.py" line="110" name="test_superentities_wrong_arguments[&lt;lambda&gt;42]" time="0.00042319297790527344"><skipped message="Suite splitting in effect" type="pytest.skip">src/pymortests/grid.py:110: Suite splitting in effect</skipped></testcase><testcase classname="src.pymortests.grid" file="src/pymortests/grid.py" line="125" name="test_superentities_shape[&lt;lambda&gt;0]" time="0.0004706382751464844"><skipped message="Suite splitting in effect" type="pytest.skip">src/pymortests/grid.py:125: Suite splitting in effect</skipped></testcase><testcase classname="src.pymortests.grid" file="src/pymortests/grid.py" line="125" name="test_superentities_shape[&lt;lambda&gt;1]" time="0.00041413307189941406"><skipped message="Suite splitting in effect" type="pytest.skip">src/pymortests/grid.py:125: Suite splitting in effect</skipped></testcase><testcase classname="src.pymortests.grid" file="src/pymortests/grid.py" line="125" name="test_superentities_shape[&lt;lambda&gt;2]" time="0.0005125999450683594"><skipped message="Suite splitting in effect" type="pytest.skip">src/pymortests/grid.py:125: Suite splitting in effect</skipped></testcase><testcase classname="src.pymortests.grid" file="src/pymortests/grid.py" line="125" name="test_superentities_shape[&lt;lambda&gt;3]" time="0.0004658699035644531"><skipped message="Suite splitting in effect" type="pytest.skip">src/pymortests/grid.py:125: Suite splitting in effect</skipped></testcase><testcase classname="src.pymortests.grid" file="src/pymortests/grid.py" line="125" name="test_superentities_shape[&lt;lambda&gt;4]" time="0.0004208087921142578"><skipped message="Suite splitting in effect" type="pytest.skip">src/pymortests/grid.py:125: Suite splitting in effect</skipped></testcase><testcase classname="src.pymortests.grid" file="src/pymortests/grid.py" line="125" name="test_superentities_shape[&lt;lambda&gt;5]" time="0.0004341602325439453"><skipped message="Suite splitting in effect" type="pytest.skip">src/pymortests/grid.py:125: Suite splitting in effect</skipped></testcase><testcase classname="src.pymortests.grid" file="src/pymortests/grid.py" line="125" name="test_superentities_shape[&lt;lambda&gt;6]" time="0.000423431396484375"><skipped message="Suite splitting in effect" type="pytest.skip">src/pymortests/grid.py:125: Suite splitting in effect</skipped></testcase><testcase classname="src.pymortests.grid" file="src/pymortests/grid.py" line="125" name="test_superentities_shape[&lt;lambda&gt;7]" time="0.0005497932434082031"><skipped message="Suite splitting in effect" type="pytest.skip">src/pymortests/grid.py:125: Suite splitting in effect</skipped></testcase><testcase classname="src.pymortests.grid" file="src/pymortests/grid.py" line="125" name="test_superentities_shape[&lt;lambda&gt;8]" time="0.0005834102630615234"><skipped message="Suite splitting in effect" type="pytest.skip">src/pymortests/grid.py:125: Suite splitting in effect</skipped></testcase><testcase classname="src.pymortests.grid" file="src/pymortests/grid.py" line="125" name="test_superentities_shape[&lt;lambda&gt;9]" time="0.00040602684020996094"><skipped message="Suite splitting in effect" type="pytest.skip">src/pymortests/grid.py:125: Suite splitting in effect</skipped></testcase><testcase classname="src.pymortests.grid" file="src/pymortests/grid.py" line="125" name="test_superentities_shape[&lt;lambda&gt;10]" time="0.00039768218994140625"><skipped message="Suite splitting in effect" type="pytest.skip">src/pymortests/grid.py:125: Suite splitting in effect</skipped></testcase><testcase classname="src.pymortests.grid" file="src/pymortests/grid.py" line="125" name="test_superentities_shape[&lt;lambda&gt;11]" time="0.00043320655822753906"><skipped message="Suite splitting in effect" type="pytest.skip">src/pymortests/grid.py:125: Suite splitting in effect</skipped></testcase><testcase classname="src.pymortests.grid" file="src/pymortests/grid.py" line="125" name="test_superentities_shape[&lt;lambda&gt;12]" time="0.00039577484130859375"><skipped message="Suite splitting in effect" type="pytest.skip">src/pymortests/grid.py:125: Suite splitting in effect</skipped></testcase><testcase classname="src.pymortests.grid" file="src/pymortests/grid.py" line="125" name="test_superentities_shape[&lt;lambda&gt;13]" time="0.00041985511779785156"><skipped message="Suite splitting in effect" type="pytest.skip">src/pymortests/grid.py:125: Suite splitting in effect</skipped></testcase><testcase classname="src.pymortests.grid" file="src/pymortests/grid.py" line="125" name="test_superentities_shape[&lt;lambda&gt;14]" time="0.00041675567626953125"><skipped message="Suite splitting in effect" type="pytest.skip">src/pymortests/grid.py:125: Suite splitting in effect</skipped></testcase><testcase classname="src.pymortests.grid" file="src/pymortests/grid.py" line="125" name="test_superentities_shape[&lt;lambda&gt;15]" time="0.0004305839538574219"><skipped message="Suite splitting in effect" type="pytest.skip">src/pymortests/grid.py:125: Suite splitting in effect</skipped></testcase><testcase classname="src.pymortests.grid" file="src/pymortests/grid.py" line="125" name="test_superentities_shape[&lt;lambda&gt;16]" time="0.0003933906555175781"><skipped message="Suite splitting in effect" type="pytest.skip">src/pymortests/grid.py:125: Suite splitting in effect</skipped></testcase><testcase classname="src.pymortests.grid" file="src/pymortests/grid.py" line="125" name="test_superentities_shape[&lt;lambda&gt;17]" time="0.00042319297790527344"><skipped message="Suite splitting in effect" type="pytest.skip">src/pymortests/grid.py:125: Suite splitting in effect</skipped></testcase><testcase classname="src.pymortests.grid" file="src/pymortests/grid.py" line="125" name="test_superentities_shape[&lt;lambda&gt;18]" time="0.00042319297790527344"><skipped message="Suite splitting in effect" type="pytest.skip">src/pymortests/grid.py:125: Suite splitting in effect</skipped></testcase><testcase classname="src.pymortests.grid" file="src/pymortests/grid.py" line="125" name="test_superentities_shape[&lt;lambda&gt;19]" time="0.0003883838653564453"><skipped message="Suite splitting in effect" type="pytest.skip">src/pymortests/grid.py:125: Suite splitting in effect</skipped></testcase><testcase classname="src.pymortests.grid" file="src/pymortests/grid.py" line="125" name="test_superentities_shape[&lt;lambda&gt;20]" time="0.00039887428283691406"><skipped message="Suite splitting in effect" type="pytest.skip">src/pymortests/grid.py:125: Suite splitting in effect</skipped></testcase><testcase classname="src.pymortests.grid" file="src/pymortests/grid.py" line="125" name="test_superentities_shape[&lt;lambda&gt;21]" time="0.0003981590270996094"><skipped message="Suite splitting in effect" type="pytest.skip">src/pymortests/grid.py:125: Suite splitting in effect</skipped></testcase><testcase classname="src.pymortests.grid" file="src/pymortests/grid.py" line="125" name="test_superentities_shape[&lt;lambda&gt;22]" time="0.00039768218994140625"><skipped message="Suite splitting in effect" type="pytest.skip">src/pymortests/grid.py:125: Suite splitting in effect</skipped></testcase><testcase classname="src.pymortests.grid" file="src/pymortests/grid.py" line="125" name="test_superentities_shape[&lt;lambda&gt;23]" time="0.0003991127014160156"><skipped message="Suite splitting in effect" type="pytest.skip">src/pymortests/grid.py:125: Suite splitting in effect</skipped></testcase><testcase classname="src.pymortests.grid" file="src/pymortests/grid.py" line="125" name="test_superentities_shape[&lt;lambda&gt;24]" time="0.0004296302795410156"><skipped message="Suite splitting in effect" type="pytest.skip">src/pymortests/grid.py:125: Suite splitting in effect</skipped></testcase><testcase classname="src.pymortests.grid" file="src/pymortests/grid.py" line="125" name="test_superentities_shape[&lt;lambda&gt;25]" time="0.00042438507080078125"><skipped message="Suite splitting in effect" type="pytest.skip">src/pymortests/grid.py:125: Suite splitting in effect</skipped></testcase><testcase classname="src.pymortests.grid" file="src/pymortests/grid.py" line="125" name="test_superentities_shape[&lt;lambda&gt;26]" time="0.0004336833953857422"><skipped message="Suite splitting in effect" type="pytest.skip">src/pymortests/grid.py:125: Suite splitting in effect</skipped></testcase><testcase classname="src.pymortests.grid" file="src/pymortests/grid.py" line="125" name="test_superentities_shape[&lt;lambda&gt;27]" time="0.00040149688720703125"><skipped message="Suite splitting in effect" type="pytest.skip">src/pymortests/grid.py:125: Suite splitting in effect</skipped></testcase><testcase classname="src.pymortests.grid" file="src/pymortests/grid.py" line="125" name="test_superentities_shape[&lt;lambda&gt;28]" time="0.00042748451232910156"><skipped message="Suite splitting in effect" type="pytest.skip">src/pymortests/grid.py:125: Suite splitting in effect</skipped></testcase><testcase classname="src.pymortests.grid" file="src/pymortests/grid.py" line="125" name="test_superentities_shape[&lt;lambda&gt;29]" time="0.0003936290740966797"><skipped message="Suite splitting in effect" type="pytest.skip">src/pymortests/grid.py:125: Suite splitting in effect</skipped></testcase><testcase classname="src.pymortests.grid" file="src/pymortests/grid.py" line="125" name="test_superentities_shape[&lt;lambda&gt;30]" time="0.00042319297790527344"><skipped message="Suite splitting in effect" type="pytest.skip">src/pymortests/grid.py:125: Suite splitting in effect</skipped></testcase><testcase classname="src.pymortests.grid" file="src/pymortests/grid.py" line="125" name="test_superentities_shape[&lt;lambda&gt;31]" time="0.0004363059997558594"><skipped message="Suite splitting in effect" type="pytest.skip">src/pymortests/grid.py:125: Suite splitting in effect</skipped></testcase><testcase classname="src.pymortests.grid" file="src/pymortests/grid.py" line="125" name="test_superentities_shape[&lt;lambda&gt;32]" time="0.0004253387451171875"><skipped message="Suite splitting in effect" type="pytest.skip">src/pymortests/grid.py:125: Suite splitting in effect</skipped></testcase><testcase classname="src.pymortests.grid" file="src/pymortests/grid.py" line="125" name="test_superentities_shape[&lt;lambda&gt;33]" time="0.00039124488830566406"><skipped message="Suite splitting in effect" type="pytest.skip">src/pymortests/grid.py:125: Suite splitting in effect</skipped></testcase><testcase classname="src.pymortests.grid" file="src/pymortests/grid.py" line="125" name="test_superentities_shape[&lt;lambda&gt;34]" time="0.0004134178161621094"><skipped message="Suite splitting in effect" type="pytest.skip">src/pymortests/grid.py:125: Suite splitting in effect</skipped></testcase><testcase classname="src.pymortests.grid" file="src/pymortests/grid.py" line="125" name="test_superentities_shape[&lt;lambda&gt;35]" time="0.00038909912109375"><skipped message="Suite splitting in effect" type="pytest.skip">src/pymortests/grid.py:125: Suite splitting in effect</skipped></testcase><testcase classname="src.pymortests.grid" file="src/pymortests/grid.py" line="125" name="test_superentities_shape[&lt;lambda&gt;36]" time="0.0003960132598876953"><skipped message="Suite splitting in effect" type="pytest.skip">src/pymortests/grid.py:125: Suite splitting in effect</skipped></testcase><testcase classname="src.pymortests.grid" file="src/pymortests/grid.py" line="125" name="test_superentities_shape[&lt;lambda&gt;37]" time="0.0003895759582519531"><skipped message="Suite splitting in effect" type="pytest.skip">src/pymortests/grid.py:125: Suite splitting in effect</skipped></testcase><testcase classname="src.pymortests.grid" file="src/pymortests/grid.py" line="125" name="test_superentities_shape[&lt;lambda&gt;38]" time="0.00039315223693847656"><skipped message="Suite splitting in effect" type="pytest.skip">src/pymortests/grid.py:125: Suite splitting in effect</skipped></testcase><testcase classname="src.pymortests.grid" file="src/pymortests/grid.py" line="125" name="test_superentities_shape[&lt;lambda&gt;39]" time="0.0003902912139892578"><skipped message="Suite splitting in effect" type="pytest.skip">src/pymortests/grid.py:125: Suite splitting in effect</skipped></testcase><testcase classname="src.pymortests.grid" file="src/pymortests/grid.py" line="125" name="test_superentities_shape[&lt;lambda&gt;40]" time="0.0003941059112548828"><skipped message="Suite splitting in effect" type="pytest.skip">src/pymortests/grid.py:125: Suite splitting in effect</skipped></testcase><testcase classname="src.pymortests.grid" file="src/pymortests/grid.py" line="125" name="test_superentities_shape[&lt;lambda&gt;41]" time="0.00046706199645996094"><skipped message="Suite splitting in effect" type="pytest.skip">src/pymortests/grid.py:125: Suite splitting in effect</skipped></testcase><testcase classname="src.pymortests.grid" file="src/pymortests/grid.py" line="125" name="test_superentities_shape[&lt;lambda&gt;42]" time="0.0003986358642578125"><skipped message="Suite splitting in effect" type="pytest.skip">src/pymortests/grid.py:125: Suite splitting in effect</skipped></testcase><testcase classname="src.pymortests.grid" file="src/pymortests/grid.py" line="135" name="test_superentities_dtype[&lt;lambda&gt;0]" time="0.0003910064697265625"><skipped message="Suite splitting in effect" type="pytest.skip">src/pymortests/grid.py:135: Suite splitting in effect</skipped></testcase><testcase classname="src.pymortests.grid" file="src/pymortests/grid.py" line="135" name="test_superentities_dtype[&lt;lambda&gt;1]" time="0.00039315223693847656"><skipped message="Suite splitting in effect" type="pytest.skip">src/pymortests/grid.py:135: Suite splitting in effect</skipped></testcase><testcase classname="src.pymortests.grid" file="src/pymortests/grid.py" line="135" name="test_superentities_dtype[&lt;lambda&gt;2]" time="0.00039196014404296875"><skipped message="Suite splitting in effect" type="pytest.skip">src/pymortests/grid.py:135: Suite splitting in effect</skipped></testcase><testcase classname="src.pymortests.grid" file="src/pymortests/grid.py" line="135" name="test_superentities_dtype[&lt;lambda&gt;3]" time="0.0004172325134277344"><skipped message="Suite splitting in effect" type="pytest.skip">src/pymortests/grid.py:135: Suite splitting in effect</skipped></testcase><testcase classname="src.pymortests.grid" file="src/pymortests/grid.py" line="135" name="test_superentities_dtype[&lt;lambda&gt;4]" time="0.0004181861877441406"><skipped message="Suite splitting in effect" type="pytest.skip">src/pymortests/grid.py:135: Suite splitting in effect</skipped></testcase><testcase classname="src.pymortests.grid" file="src/pymortests/grid.py" line="135" name="test_superentities_dtype[&lt;lambda&gt;5]" time="0.0004475116729736328"><skipped message="Suite splitting in effect" type="pytest.skip">src/pymortests/grid.py:135: Suite splitting in effect</skipped></testcase><testcase classname="src.pymortests.grid" file="src/pymortests/grid.py" line="135" name="test_superentities_dtype[&lt;lambda&gt;6]" time="0.0005168914794921875"><skipped message="Suite splitting in effect" type="pytest.skip">src/pymortests/grid.py:135: Suite splitting in effect</skipped></testcase><testcase classname="src.pymortests.grid" file="src/pymortests/grid.py" line="135" name="test_superentities_dtype[&lt;lambda&gt;7]" time="0.0004467964172363281"><skipped message="Suite splitting in effect" type="pytest.skip">src/pymortests/grid.py:135: Suite splitting in effect</skipped></testcase><testcase classname="src.pymortests.grid" file="src/pymortests/grid.py" line="135" name="test_superentities_dtype[&lt;lambda&gt;8]" time="0.00039196014404296875"><skipped message="Suite splitting in effect" type="pytest.skip">src/pymortests/grid.py:135: Suite splitting in effect</skipped></testcase><testcase classname="src.pymortests.grid" file="src/pymortests/grid.py" line="135" name="test_superentities_dtype[&lt;lambda&gt;9]" time="0.0004150867462158203"><skipped message="Suite splitting in effect" type="pytest.skip">src/pymortests/grid.py:135: Suite splitting in effect</skipped></testcase><testcase classname="src.pymortests.grid" file="src/pymortests/grid.py" line="135" name="test_superentities_dtype[&lt;lambda&gt;10]" time="0.00042724609375"><skipped message="Suite splitting in effect" type="pytest.skip">src/pymortests/grid.py:135: Suite splitting in effect</skipped></testcase><testcase classname="src.pymortests.grid" file="src/pymortests/grid.py" line="135" name="test_superentities_dtype[&lt;lambda&gt;11]" time="0.00042176246643066406"><skipped message="Suite splitting in effect" type="pytest.skip">src/pymortests/grid.py:135: Suite splitting in effect</skipped></testcase><testcase classname="src.pymortests.grid" file="src/pymortests/grid.py" line="135" name="test_superentities_dtype[&lt;lambda&gt;12]" time="0.0003974437713623047"><skipped message="Suite splitting in effect" type="pytest.skip">src/pymortests/grid.py:135: Suite splitting in effect</skipped></testcase><testcase classname="src.pymortests.grid" file="src/pymortests/grid.py" line="135" name="test_superentities_dtype[&lt;lambda&gt;13]" time="0.0004475116729736328"><skipped message="Suite splitting in effect" type="pytest.skip">src/pymortests/grid.py:135: Suite splitting in effect</skipped></testcase><testcase classname="src.pymortests.grid" file="src/pymortests/grid.py" line="135" name="test_superentities_dtype[&lt;lambda&gt;14]" time="0.0003952980041503906"><skipped message="Suite splitting in effect" type="pytest.skip">src/pymortests/grid.py:135: Suite splitting in effect</skipped></testcase><testcase classname="src.pymortests.grid" file="src/pymortests/grid.py" line="135" name="test_superentities_dtype[&lt;lambda&gt;15]" time="0.0006797313690185547"><skipped message="Suite splitting in effect" type="pytest.skip">src/pymortests/grid.py:135: Suite splitting in effect</skipped></testcase><testcase classname="src.pymortests.grid" file="src/pymortests/grid.py" line="135" name="test_superentities_dtype[&lt;lambda&gt;16]" time="0.0004532337188720703"><skipped message="Suite splitting in effect" type="pytest.skip">src/pymortests/grid.py:135: Suite splitting in effect</skipped></testcase><testcase classname="src.pymortests.grid" file="src/pymortests/grid.py" line="135" name="test_superentities_dtype[&lt;lambda&gt;17]" time="0.0004203319549560547"><skipped message="Suite splitting in effect" type="pytest.skip">src/pymortests/grid.py:135: Suite splitting in effect</skipped></testcase><testcase classname="src.pymortests.grid" file="src/pymortests/grid.py" line="135" name="test_superentities_dtype[&lt;lambda&gt;18]" time="0.0004687309265136719"><skipped message="Suite splitting in effect" type="pytest.skip">src/pymortests/grid.py:135: Suite splitting in effect</skipped></testcase><testcase classname="src.pymortests.grid" file="src/pymortests/grid.py" line="135" name="test_superentities_dtype[&lt;lambda&gt;19]" time="0.0003960132598876953"><skipped message="Suite splitting in effect" type="pytest.skip">src/pymortests/grid.py:135: Suite splitting in effect</skipped></testcase><testcase classname="src.pymortests.grid" file="src/pymortests/grid.py" line="135" name="test_superentities_dtype[&lt;lambda&gt;20]" time="0.0004127025604248047"><skipped message="Suite splitting in effect" type="pytest.skip">src/pymortests/grid.py:135: Suite splitting in effect</skipped></testcase><testcase classname="src.pymortests.grid" file="src/pymortests/grid.py" line="135" name="test_superentities_dtype[&lt;lambda&gt;21]" time="0.00039839744567871094"><skipped message="Suite splitting in effect" type="pytest.skip">src/pymortests/grid.py:135: Suite splitting in effect</skipped></testcase><testcase classname="src.pymortests.grid" file="src/pymortests/grid.py" line="135" name="test_superentities_dtype[&lt;lambda&gt;22]" time="0.00041985511779785156"><skipped message="Suite splitting in effect" type="pytest.skip">src/pymortests/grid.py:135: Suite splitting in effect</skipped></testcase><testcase classname="src.pymortests.grid" file="src/pymortests/grid.py" line="135" name="test_superentities_dtype[&lt;lambda&gt;23]" time="0.00044918060302734375"><skipped message="Suite splitting in effect" type="pytest.skip">src/pymortests/grid.py:135: Suite splitting in effect</skipped></testcase><testcase classname="src.pymortests.grid" file="src/pymortests/grid.py" line="135" name="test_superentities_dtype[&lt;lambda&gt;24]" time="0.00041866302490234375"><skipped message="Suite splitting in effect" type="pytest.skip">src/pymortests/grid.py:135: Suite splitting in effect</skipped></testcase><testcase classname="src.pymortests.grid" file="src/pymortests/grid.py" line="135" name="test_superentities_dtype[&lt;lambda&gt;25]" time="0.0004220008850097656"><skipped message="Suite splitting in effect" type="pytest.skip">src/pymortests/grid.py:135: Suite splitting in effect</skipped></testcase><testcase classname="src.pymortests.grid" file="src/pymortests/grid.py" line="135" name="test_superentities_dtype[&lt;lambda&gt;26]" time="0.0004725456237792969"><skipped message="Suite splitting in effect" type="pytest.skip">src/pymortests/grid.py:135: Suite splitting in effect</skipped></testcase><testcase classname="src.pymortests.grid" file="src/pymortests/grid.py" line="135" name="test_superentities_dtype[&lt;lambda&gt;27]" time="0.00046825408935546875"><skipped message="Suite splitting in effect" type="pytest.skip">src/pymortests/grid.py:135: Suite splitting in effect</skipped></testcase><testcase classname="src.pymortests.grid" file="src/pymortests/grid.py" line="135" name="test_superentities_dtype[&lt;lambda&gt;28]" time="0.00048613548278808594"><skipped message="Suite splitting in effect" type="pytest.skip">src/pymortests/grid.py:135: Suite splitting in effect</skipped></testcase><testcase classname="src.pymortests.grid" file="src/pymortests/grid.py" line="135" name="test_superentities_dtype[&lt;lambda&gt;29]" time="0.00044274330139160156"><skipped message="Suite splitting in effect" type="pytest.skip">src/pymortests/grid.py:135: Suite splitting in effect</skipped></testcase><testcase classname="src.pymortests.grid" file="src/pymortests/grid.py" line="135" name="test_superentities_dtype[&lt;lambda&gt;30]" time="0.00047016143798828125"><skipped message="Suite splitting in effect" type="pytest.skip">src/pymortests/grid.py:135: Suite splitting in effect</skipped></testcase><testcase classname="src.pymortests.grid" file="src/pymortests/grid.py" line="135" name="test_superentities_dtype[&lt;lambda&gt;31]" time="0.000396728515625"><skipped message="Suite splitting in effect" type="pytest.skip">src/pymortests/grid.py:135: Suite splitting in effect</skipped></testcase><testcase classname="src.pymortests.grid" file="src/pymortests/grid.py" line="135" name="test_superentities_dtype[&lt;lambda&gt;32]" time="0.0004317760467529297"><skipped message="Suite splitting in effect" type="pytest.skip">src/pymortests/grid.py:135: Suite splitting in effect</skipped></testcase><testcase classname="src.pymortests.grid" file="src/pymortests/grid.py" line="135" name="test_superentities_dtype[&lt;lambda&gt;33]" time="0.00039958953857421875"><skipped message="Suite splitting in effect" type="pytest.skip">src/pymortests/grid.py:135: Suite splitting in effect</skipped></testcase><testcase classname="src.pymortests.grid" file="src/pymortests/grid.py" line="135" name="test_superentities_dtype[&lt;lambda&gt;34]" time="0.00043082237243652344"><skipped message="Suite splitting in effect" type="pytest.skip">src/pymortests/grid.py:135: Suite splitting in effect</skipped></testcase><testcase classname="src.pymortests.grid" file="src/pymortests/grid.py" line="135" name="test_superentities_dtype[&lt;lambda&gt;35]" time="0.0003972053527832031"><skipped message="Suite splitting in effect" type="pytest.skip">src/pymortests/grid.py:135: Suite splitting in effect</skipped></testcase><testcase classname="src.pymortests.grid" file="src/pymortests/grid.py" line="135" name="test_superentities_dtype[&lt;lambda&gt;36]" time="0.00047588348388671875"><skipped message="Suite splitting in effect" type="pytest.skip">src/pymortests/grid.py:135: Suite splitting in effect</skipped></testcase><testcase classname="src.pymortests.grid" file="src/pymortests/grid.py" line="135" name="test_superentities_dtype[&lt;lambda&gt;37]" time="0.0004036426544189453"><skipped message="Suite splitting in effect" type="pytest.skip">src/pymortests/grid.py:135: Suite splitting in effect</skipped></testcase><testcase classname="src.pymortests.grid" file="src/pymortests/grid.py" line="135" name="test_superentities_dtype[&lt;lambda&gt;38]" time="0.0006334781646728516"><skipped message="Suite splitting in effect" type="pytest.skip">src/pymortests/grid.py:135: Suite splitting in effect</skipped></testcase><testcase classname="src.pymortests.grid" file="src/pymortests/grid.py" line="135" name="test_superentities_dtype[&lt;lambda&gt;39]" time="0.0007255077362060547"><skipped message="Suite splitting in effect" type="pytest.skip">src/pymortests/grid.py:135: Suite splitting in effect</skipped></testcase><testcase classname="src.pymortests.grid" file="src/pymortests/grid.py" line="135" name="test_superentities_dtype[&lt;lambda&gt;40]" time="0.0007040500640869141"><skipped message="Suite splitting in effect" type="pytest.skip">src/pymortests/grid.py:135: Suite splitting in effect</skipped></testcase><testcase classname="src.pymortests.grid" file="src/pymortests/grid.py" line="135" name="test_superentities_dtype[&lt;lambda&gt;41]" time="0.0005533695220947266"><skipped message="Suite splitting in effect" type="pytest.skip">src/pymortests/grid.py:135: Suite splitting in effect</skipped></testcase><testcase classname="src.pymortests.grid" file="src/pymortests/grid.py" line="135" name="test_superentities_dtype[&lt;lambda&gt;42]" time="0.0004734992980957031"><skipped message="Suite splitting in effect" type="pytest.skip">src/pymortests/grid.py:135: Suite splitting in effect</skipped></testcase><testcase classname="src.pymortests.grid" file="src/pymortests/grid.py" line="142" name="test_superentities_entry_value_range[&lt;lambda&gt;0]" time="0.0004279613494873047"><skipped message="Suite splitting in effect" type="pytest.skip">src/pymortests/grid.py:142: Suite splitting in effect</skipped></testcase><testcase classname="src.pymortests.grid" file="src/pymortests/grid.py" line="142" name="test_superentities_entry_value_range[&lt;lambda&gt;1]" time="0.0004467964172363281"><skipped message="Suite splitting in effect" type="pytest.skip">src/pymortests/grid.py:142: Suite splitting in effect</skipped></testcase><testcase classname="src.pymortests.grid" file="src/pymortests/grid.py" line="142" name="test_superentities_entry_value_range[&lt;lambda&gt;2]" time="0.0003991127014160156"><skipped message="Suite splitting in effect" type="pytest.skip">src/pymortests/grid.py:142: Suite splitting in effect</skipped></testcase><testcase classname="src.pymortests.grid" file="src/pymortests/grid.py" line="142" name="test_superentities_entry_value_range[&lt;lambda&gt;3]" time="0.0005486011505126953"><skipped message="Suite splitting in effect" type="pytest.skip">src/pymortests/grid.py:142: Suite splitting in effect</skipped></testcase><testcase classname="src.pymortests.grid" file="src/pymortests/grid.py" line="142" name="test_superentities_entry_value_range[&lt;lambda&gt;4]" time="0.0004825592041015625"><skipped message="Suite splitting in effect" type="pytest.skip">src/pymortests/grid.py:142: Suite splitting in effect</skipped></testcase><testcase classname="src.pymortests.grid" file="src/pymortests/grid.py" line="142" name="test_superentities_entry_value_range[&lt;lambda&gt;5]" time="0.00045180320739746094"><skipped message="Suite splitting in effect" type="pytest.skip">src/pymortests/grid.py:142: Suite splitting in effect</skipped></testcase><testcase classname="src.pymortests.grid" file="src/pymortests/grid.py" line="142" name="test_superentities_entry_value_range[&lt;lambda&gt;6]" time="0.00041937828063964844"><skipped message="Suite splitting in effect" type="pytest.skip">src/pymortests/grid.py:142: Suite splitting in effect</skipped></testcase><testcase classname="src.pymortests.grid" file="src/pymortests/grid.py" line="142" name="test_superentities_entry_value_range[&lt;lambda&gt;7]" time="0.0004184246063232422"><skipped message="Suite splitting in effect" type="pytest.skip">src/pymortests/grid.py:142: Suite splitting in effect</skipped></testcase><testcase classname="src.pymortests.grid" file="src/pymortests/grid.py" line="142" name="test_superentities_entry_value_range[&lt;lambda&gt;8]" time="0.0004012584686279297"><skipped message="Suite splitting in effect" type="pytest.skip">src/pymortests/grid.py:142: Suite splitting in effect</skipped></testcase><testcase classname="src.pymortests.grid" file="src/pymortests/grid.py" line="142" name="test_superentities_entry_value_range[&lt;lambda&gt;9]" time="0.0004131793975830078"><skipped message="Suite splitting in effect" type="pytest.skip">src/pymortests/grid.py:142: Suite splitting in effect</skipped></testcase><testcase classname="src.pymortests.grid" file="src/pymortests/grid.py" line="142" name="test_superentities_entry_value_range[&lt;lambda&gt;10]" time="0.00039315223693847656"><skipped message="Suite splitting in effect" type="pytest.skip">src/pymortests/grid.py:142: Suite splitting in effect</skipped></testcase><testcase classname="src.pymortests.grid" file="src/pymortests/grid.py" line="142" name="test_superentities_entry_value_range[&lt;lambda&gt;11]" time="0.0003948211669921875"><skipped message="Suite splitting in effect" type="pytest.skip">src/pymortests/grid.py:142: Suite splitting in effect</skipped></testcase><testcase classname="src.pymortests.grid" file="src/pymortests/grid.py" line="142" name="test_superentities_entry_value_range[&lt;lambda&gt;12]" time="0.0004131793975830078"><skipped message="Suite splitting in effect" type="pytest.skip">src/pymortests/grid.py:142: Suite splitting in effect</skipped></testcase><testcase classname="src.pymortests.grid" file="src/pymortests/grid.py" line="142" name="test_superentities_entry_value_range[&lt;lambda&gt;13]" time="0.00040841102600097656"><skipped message="Suite splitting in effect" type="pytest.skip">src/pymortests/grid.py:142: Suite splitting in effect</skipped></testcase><testcase classname="src.pymortests.grid" file="src/pymortests/grid.py" line="142" name="test_superentities_entry_value_range[&lt;lambda&gt;14]" time="0.00041961669921875"><skipped message="Suite splitting in effect" type="pytest.skip">src/pymortests/grid.py:142: Suite splitting in effect</skipped></testcase><testcase classname="src.pymortests.grid" file="src/pymortests/grid.py" line="142" name="test_superentities_entry_value_range[&lt;lambda&gt;15]" time="0.00045943260192871094"><skipped message="Suite splitting in effect" type="pytest.skip">src/pymortests/grid.py:142: Suite splitting in effect</skipped></testcase><testcase classname="src.pymortests.grid" file="src/pymortests/grid.py" line="142" name="test_superentities_entry_value_range[&lt;lambda&gt;16]" time="0.00040340423583984375"><skipped message="Suite splitting in effect" type="pytest.skip">src/pymortests/grid.py:142: Suite splitting in effect</skipped></testcase><testcase classname="src.pymortests.grid" file="src/pymortests/grid.py" line="142" name="test_superentities_entry_value_range[&lt;lambda&gt;17]" time="0.0003948211669921875"><skipped message="Suite splitting in effect" type="pytest.skip">src/pymortests/grid.py:142: Suite splitting in effect</skipped></testcase><testcase classname="src.pymortests.grid" file="src/pymortests/grid.py" line="142" name="test_superentities_entry_value_range[&lt;lambda&gt;18]" time="0.00042557716369628906"><skipped message="Suite splitting in effect" type="pytest.skip">src/pymortests/grid.py:142: Suite splitting in effect</skipped></testcase><testcase classname="src.pymortests.grid" file="src/pymortests/grid.py" line="142" name="test_superentities_entry_value_range[&lt;lambda&gt;19]" time="0.0004019737243652344"><skipped message="Suite splitting in effect" type="pytest.skip">src/pymortests/grid.py:142: Suite splitting in effect</skipped></testcase><testcase classname="src.pymortests.grid" file="src/pymortests/grid.py" line="142" name="test_superentities_entry_value_range[&lt;lambda&gt;20]" time="0.00042128562927246094"><skipped message="Suite splitting in effect" type="pytest.skip">src/pymortests/grid.py:142: Suite splitting in effect</skipped></testcase><testcase classname="src.pymortests.grid" file="src/pymortests/grid.py" line="142" name="test_superentities_entry_value_range[&lt;lambda&gt;21]" time="0.0004439353942871094"><skipped message="Suite splitting in effect" type="pytest.skip">src/pymortests/grid.py:142: Suite splitting in effect</skipped></testcase><testcase classname="src.pymortests.grid" file="src/pymortests/grid.py" line="142" name="test_superentities_entry_value_range[&lt;lambda&gt;22]" time="0.00042176246643066406"><skipped message="Suite splitting in effect" type="pytest.skip">src/pymortests/grid.py:142: Suite splitting in effect</skipped></testcase><testcase classname="src.pymortests.grid" file="src/pymortests/grid.py" line="142" name="test_superentities_entry_value_range[&lt;lambda&gt;23]" time="0.00043010711669921875"><skipped message="Suite splitting in effect" type="pytest.skip">src/pymortests/grid.py:142: Suite splitting in effect</skipped></testcase><testcase classname="src.pymortests.grid" file="src/pymortests/grid.py" line="142" name="test_superentities_entry_value_range[&lt;lambda&gt;24]" time="0.0005774497985839844"><skipped message="Suite splitting in effect" type="pytest.skip">src/pymortests/grid.py:142: Suite splitting in effect</skipped></testcase><testcase classname="src.pymortests.grid" file="src/pymortests/grid.py" line="142" name="test_superentities_entry_value_range[&lt;lambda&gt;25]" time="0.0004227161407470703"><skipped message="Suite splitting in effect" type="pytest.skip">src/pymortests/grid.py:142: Suite splitting in effect</skipped></testcase><testcase classname="src.pymortests.grid" file="src/pymortests/grid.py" line="142" name="test_superentities_entry_value_range[&lt;lambda&gt;26]" time="0.0003955364227294922"><skipped message="Suite splitting in effect" type="pytest.skip">src/pymortests/grid.py:142: Suite splitting in effect</skipped></testcase><testcase classname="src.pymortests.grid" file="src/pymortests/grid.py" line="142" name="test_superentities_entry_value_range[&lt;lambda&gt;27]" time="0.0003993511199951172"><skipped message="Suite splitting in effect" type="pytest.skip">src/pymortests/grid.py:142: Suite splitting in effect</skipped></testcase><testcase classname="src.pymortests.grid" file="src/pymortests/grid.py" line="142" name="test_superentities_entry_value_range[&lt;lambda&gt;28]" time="0.00040030479431152344"><skipped message="Suite splitting in effect" type="pytest.skip">src/pymortests/grid.py:142: Suite splitting in effect</skipped></testcase><testcase classname="src.pymortests.grid" file="src/pymortests/grid.py" line="142" name="test_superentities_entry_value_range[&lt;lambda&gt;29]" time="0.0005767345428466797"><skipped message="Suite splitting in effect" type="pytest.skip">src/pymortests/grid.py:142: Suite splitting in effect</skipped></testcase><testcase classname="src.pymortests.grid" file="src/pymortests/grid.py" line="142" name="test_superentities_entry_value_range[&lt;lambda&gt;30]" time="0.00039696693420410156"><skipped message="Suite splitting in effect" type="pytest.skip">src/pymortests/grid.py:142: Suite splitting in effect</skipped></testcase><testcase classname="src.pymortests.grid" file="src/pymortests/grid.py" line="142" name="test_superentities_entry_value_range[&lt;lambda&gt;31]" time="0.00048613548278808594"><skipped message="Suite splitting in effect" type="pytest.skip">src/pymortests/grid.py:142: Suite splitting in effect</skipped></testcase><testcase classname="src.pymortests.grid" file="src/pymortests/grid.py" line="142" name="test_superentities_entry_value_range[&lt;lambda&gt;32]" time="0.0005555152893066406"><skipped message="Suite splitting in effect" type="pytest.skip">src/pymortests/grid.py:142: Suite splitting in effect</skipped></testcase><testcase classname="src.pymortests.grid" file="src/pymortests/grid.py" line="142" name="test_superentities_entry_value_range[&lt;lambda&gt;33]" time="0.0004901885986328125"><skipped message="Suite splitting in effect" type="pytest.skip">src/pymortests/grid.py:142: Suite splitting in effect</skipped></testcase><testcase classname="src.pymortests.grid" file="src/pymortests/grid.py" line="142" name="test_superentities_entry_value_range[&lt;lambda&gt;34]" time="0.00039696693420410156"><skipped message="Suite splitting in effect" type="pytest.skip">src/pymortests/grid.py:142: Suite splitting in effect</skipped></testcase><testcase classname="src.pymortests.grid" file="src/pymortests/grid.py" line="142" name="test_superentities_entry_value_range[&lt;lambda&gt;35]" time="0.0004069805145263672"><skipped message="Suite splitting in effect" type="pytest.skip">src/pymortests/grid.py:142: Suite splitting in effect</skipped></testcase><testcase classname="src.pymortests.grid" file="src/pymortests/grid.py" line="142" name="test_superentities_entry_value_range[&lt;lambda&gt;36]" time="0.0004267692565917969"><skipped message="Suite splitting in effect" type="pytest.skip">src/pymortests/grid.py:142: Suite splitting in effect</skipped></testcase><testcase classname="src.pymortests.grid" file="src/pymortests/grid.py" line="142" name="test_superentities_entry_value_range[&lt;lambda&gt;37]" time="0.00043463706970214844"><skipped message="Suite splitting in effect" type="pytest.skip">src/pymortests/grid.py:142: Suite splitting in effect</skipped></testcase><testcase classname="src.pymortests.grid" file="src/pymortests/grid.py" line="142" name="test_superentities_entry_value_range[&lt;lambda&gt;38]" time="0.0004222393035888672"><skipped message="Suite splitting in effect" type="pytest.skip">src/pymortests/grid.py:142: Suite splitting in effect</skipped></testcase><testcase classname="src.pymortests.grid" file="src/pymortests/grid.py" line="142" name="test_superentities_entry_value_range[&lt;lambda&gt;39]" time="0.0004329681396484375"><skipped message="Suite splitting in effect" type="pytest.skip">src/pymortests/grid.py:142: Suite splitting in effect</skipped></testcase><testcase classname="src.pymortests.grid" file="src/pymortests/grid.py" line="142" name="test_superentities_entry_value_range[&lt;lambda&gt;40]" time="0.0004291534423828125"><skipped message="Suite splitting in effect" type="pytest.skip">src/pymortests/grid.py:142: Suite splitting in effect</skipped></testcase><testcase classname="src.pymortests.grid" file="src/pymortests/grid.py" line="142" name="test_superentities_entry_value_range[&lt;lambda&gt;41]" time="0.0004608631134033203"><skipped message="Suite splitting in effect" type="pytest.skip">src/pymortests/grid.py:142: Suite splitting in effect</skipped></testcase><testcase classname="src.pymortests.grid" file="src/pymortests/grid.py" line="142" name="test_superentities_entry_value_range[&lt;lambda&gt;42]" time="0.00039577484130859375"><skipped message="Suite splitting in effect" type="pytest.skip">src/pymortests/grid.py:142: Suite splitting in effect</skipped></testcase><testcase classname="src.pymortests.grid" file="src/pymortests/grid.py" line="150" name="test_superentities_entry_values_unique[&lt;lambda&gt;0]" time="0.00048804283142089844"><skipped message="Suite splitting in effect" type="pytest.skip">src/pymortests/grid.py:150: Suite splitting in effect</skipped></testcase><testcase classname="src.pymortests.grid" file="src/pymortests/grid.py" line="150" name="test_superentities_entry_values_unique[&lt;lambda&gt;1]" time="0.00045609474182128906"><skipped message="Suite splitting in effect" type="pytest.skip">src/pymortests/grid.py:150: Suite splitting in effect</skipped></testcase><testcase classname="src.pymortests.grid" file="src/pymortests/grid.py" line="150" name="test_superentities_entry_values_unique[&lt;lambda&gt;2]" time="0.0004150867462158203"><skipped message="Suite splitting in effect" type="pytest.skip">src/pymortests/grid.py:150: Suite splitting in effect</skipped></testcase><testcase classname="src.pymortests.grid" file="src/pymortests/grid.py" line="150" name="test_superentities_entry_values_unique[&lt;lambda&gt;3]" time="0.0005815029144287109"><skipped message="Suite splitting in effect" type="pytest.skip">src/pymortests/grid.py:150: Suite splitting in effect</skipped></testcase><testcase classname="src.pymortests.grid" file="src/pymortests/grid.py" line="150" name="test_superentities_entry_values_unique[&lt;lambda&gt;4]" time="0.0004062652587890625"><skipped message="Suite splitting in effect" type="pytest.skip">src/pymortests/grid.py:150: Suite splitting in effect</skipped></testcase><testcase classname="src.pymortests.grid" file="src/pymortests/grid.py" line="150" name="test_superentities_entry_values_unique[&lt;lambda&gt;5]" time="0.00044608116149902344"><skipped message="Suite splitting in effect" type="pytest.skip">src/pymortests/grid.py:150: Suite splitting in effect</skipped></testcase><testcase classname="src.pymortests.grid" file="src/pymortests/grid.py" line="150" name="test_superentities_entry_values_unique[&lt;lambda&gt;6]" time="0.0004475116729736328"><skipped message="Suite splitting in effect" type="pytest.skip">src/pymortests/grid.py:150: Suite splitting in effect</skipped></testcase><testcase classname="src.pymortests.grid" file="src/pymortests/grid.py" line="150" name="test_superentities_entry_values_unique[&lt;lambda&gt;7]" time="0.00041937828063964844"><skipped message="Suite splitting in effect" type="pytest.skip">src/pymortests/grid.py:150: Suite splitting in effect</skipped></testcase><testcase classname="src.pymortests.grid" file="src/pymortests/grid.py" line="150" name="test_superentities_entry_values_unique[&lt;lambda&gt;8]" time="0.0004146099090576172"><skipped message="Suite splitting in effect" type="pytest.skip">src/pymortests/grid.py:150: Suite splitting in effect</skipped></testcase><testcase classname="src.pymortests.grid" file="src/pymortests/grid.py" line="150" name="test_superentities_entry_values_unique[&lt;lambda&gt;9]" time="0.0004391670227050781"><skipped message="Suite splitting in effect" type="pytest.skip">src/pymortests/grid.py:150: Suite splitting in effect</skipped></testcase><testcase classname="src.pymortests.grid" file="src/pymortests/grid.py" line="150" name="test_superentities_entry_values_unique[&lt;lambda&gt;10]" time="0.0004897117614746094"><skipped message="Suite splitting in effect" type="pytest.skip">src/pymortests/grid.py:150: Suite splitting in effect</skipped></testcase><testcase classname="src.pymortests.grid" file="src/pymortests/grid.py" line="150" name="test_superentities_entry_values_unique[&lt;lambda&gt;11]" time="0.0005707740783691406"><skipped message="Suite splitting in effect" type="pytest.skip">src/pymortests/grid.py:150: Suite splitting in effect</skipped></testcase><testcase classname="src.pymortests.grid" file="src/pymortests/grid.py" line="150" name="test_superentities_entry_values_unique[&lt;lambda&gt;12]" time="0.00043201446533203125"><skipped message="Suite splitting in effect" type="pytest.skip">src/pymortests/grid.py:150: Suite splitting in effect</skipped></testcase><testcase classname="src.pymortests.grid" file="src/pymortests/grid.py" line="150" name="test_superentities_entry_values_unique[&lt;lambda&gt;13]" time="0.00042891502380371094"><skipped message="Suite splitting in effect" type="pytest.skip">src/pymortests/grid.py:150: Suite splitting in effect</skipped></testcase><testcase classname="src.pymortests.grid" file="src/pymortests/grid.py" line="150" name="test_superentities_entry_values_unique[&lt;lambda&gt;14]" time="0.00041413307189941406"><skipped message="Suite splitting in effect" type="pytest.skip">src/pymortests/grid.py:150: Suite splitting in effect</skipped></testcase><testcase classname="src.pymortests.grid" file="src/pymortests/grid.py" line="150" name="test_superentities_entry_values_unique[&lt;lambda&gt;15]" time="0.00040459632873535156"><skipped message="Suite splitting in effect" type="pytest.skip">src/pymortests/grid.py:150: Suite splitting in effect</skipped></testcase><testcase classname="src.pymortests.grid" file="src/pymortests/grid.py" line="150" name="test_superentities_entry_values_unique[&lt;lambda&gt;16]" time="0.0004918575286865234"><skipped message="Suite splitting in effect" type="pytest.skip">src/pymortests/grid.py:150: Suite splitting in effect</skipped></testcase><testcase classname="src.pymortests.grid" file="src/pymortests/grid.py" line="150" name="test_superentities_entry_values_unique[&lt;lambda&gt;17]" time="0.0004551410675048828"><skipped message="Suite splitting in effect" type="pytest.skip">src/pymortests/grid.py:150: Suite splitting in effect</skipped></testcase><testcase classname="src.pymortests.grid" file="src/pymortests/grid.py" line="150" name="test_superentities_entry_values_unique[&lt;lambda&gt;18]" time="0.00042629241943359375"><skipped message="Suite splitting in effect" type="pytest.skip">src/pymortests/grid.py:150: Suite splitting in effect</skipped></testcase><testcase classname="src.pymortests.grid" file="src/pymortests/grid.py" line="150" name="test_superentities_entry_values_unique[&lt;lambda&gt;19]" time="0.0004024505615234375"><skipped message="Suite splitting in effect" type="pytest.skip">src/pymortests/grid.py:150: Suite splitting in effect</skipped></testcase><testcase classname="src.pymortests.grid" file="src/pymortests/grid.py" line="150" name="test_superentities_entry_values_unique[&lt;lambda&gt;20]" time="0.00042891502380371094"><skipped message="Suite splitting in effect" type="pytest.skip">src/pymortests/grid.py:150: Suite splitting in effect</skipped></testcase><testcase classname="src.pymortests.grid" file="src/pymortests/grid.py" line="150" name="test_superentities_entry_values_unique[&lt;lambda&gt;21]" time="0.0004246234893798828"><skipped message="Suite splitting in effect" type="pytest.skip">src/pymortests/grid.py:150: Suite splitting in effect</skipped></testcase><testcase classname="src.pymortests.grid" file="src/pymortests/grid.py" line="150" name="test_superentities_entry_values_unique[&lt;lambda&gt;22]" time="0.0004382133483886719"><skipped message="Suite splitting in effect" type="pytest.skip">src/pymortests/grid.py:150: Suite splitting in effect</skipped></testcase><testcase classname="src.pymortests.grid" file="src/pymortests/grid.py" line="150" name="test_superentities_entry_values_unique[&lt;lambda&gt;23]" time="0.00042891502380371094"><skipped message="Suite splitting in effect" type="pytest.skip">src/pymortests/grid.py:150: Suite splitting in effect</skipped></testcase><testcase classname="src.pymortests.grid" file="src/pymortests/grid.py" line="150" name="test_superentities_entry_values_unique[&lt;lambda&gt;24]" time="0.0006728172302246094"><skipped message="Suite splitting in effect" type="pytest.skip">src/pymortests/grid.py:150: Suite splitting in effect</skipped></testcase><testcase classname="src.pymortests.grid" file="src/pymortests/grid.py" line="150" name="test_superentities_entry_values_unique[&lt;lambda&gt;25]" time="0.0004291534423828125"><skipped message="Suite splitting in effect" type="pytest.skip">src/pymortests/grid.py:150: Suite splitting in effect</skipped></testcase><testcase classname="src.pymortests.grid" file="src/pymortests/grid.py" line="150" name="test_superentities_entry_values_unique[&lt;lambda&gt;26]" time="0.00039196014404296875"><skipped message="Suite splitting in effect" type="pytest.skip">src/pymortests/grid.py:150: Suite splitting in effect</skipped></testcase><testcase classname="src.pymortests.grid" file="src/pymortests/grid.py" line="150" name="test_superentities_entry_values_unique[&lt;lambda&gt;27]" time="0.0004355907440185547"><skipped message="Suite splitting in effect" type="pytest.skip">src/pymortests/grid.py:150: Suite splitting in effect</skipped></testcase><testcase classname="src.pymortests.grid" file="src/pymortests/grid.py" line="150" name="test_superentities_entry_values_unique[&lt;lambda&gt;28]" time="0.00039196014404296875"><skipped message="Suite splitting in effect" type="pytest.skip">src/pymortests/grid.py:150: Suite splitting in effect</skipped></testcase><testcase classname="src.pymortests.grid" file="src/pymortests/grid.py" line="150" name="test_superentities_entry_values_unique[&lt;lambda&gt;29]" time="0.0004012584686279297"><skipped message="Suite splitting in effect" type="pytest.skip">src/pymortests/grid.py:150: Suite splitting in effect</skipped></testcase><testcase classname="src.pymortests.grid" file="src/pymortests/grid.py" line="150" name="test_superentities_entry_values_unique[&lt;lambda&gt;30]" time="0.0005714893341064453"><skipped message="Suite splitting in effect" type="pytest.skip">src/pymortests/grid.py:150: Suite splitting in effect</skipped></testcase><testcase classname="src.pymortests.grid" file="src/pymortests/grid.py" line="150" name="test_superentities_entry_values_unique[&lt;lambda&gt;31]" time="0.0006265640258789062"><skipped message="Suite splitting in effect" type="pytest.skip">src/pymortests/grid.py:150: Suite splitting in effect</skipped></testcase><testcase classname="src.pymortests.grid" file="src/pymortests/grid.py" line="150" name="test_superentities_entry_values_unique[&lt;lambda&gt;32]" time="0.00041484832763671875"><skipped message="Suite splitting in effect" type="pytest.skip">src/pymortests/grid.py:150: Suite splitting in effect</skipped></testcase><testcase classname="src.pymortests.grid" file="src/pymortests/grid.py" line="150" name="test_superentities_entry_values_unique[&lt;lambda&gt;33]" time="0.0004401206970214844"><skipped message="Suite splitting in effect" type="pytest.skip">src/pymortests/grid.py:150: Suite splitting in effect</skipped></testcase><testcase classname="src.pymortests.grid" file="src/pymortests/grid.py" line="150" name="test_superentities_entry_values_unique[&lt;lambda&gt;34]" time="0.0003924369812011719"><skipped message="Suite splitting in effect" type="pytest.skip">src/pymortests/grid.py:150: Suite splitting in effect</skipped></testcase><testcase classname="src.pymortests.grid" file="src/pymortests/grid.py" line="150" name="test_superentities_entry_values_unique[&lt;lambda&gt;35]" time="0.0003998279571533203"><skipped message="Suite splitting in effect" type="pytest.skip">src/pymortests/grid.py:150: Suite splitting in effect</skipped></testcase><testcase classname="src.pymortests.grid" file="src/pymortests/grid.py" line="150" name="test_superentities_entry_values_unique[&lt;lambda&gt;36]" time="0.00041484832763671875"><skipped message="Suite splitting in effect" type="pytest.skip">src/pymortests/grid.py:150: Suite splitting in effect</skipped></testcase><testcase classname="src.pymortests.grid" file="src/pymortests/grid.py" line="150" name="test_superentities_entry_values_unique[&lt;lambda&gt;37]" time="0.0004527568817138672"><skipped message="Suite splitting in effect" type="pytest.skip">src/pymortests/grid.py:150: Suite splitting in effect</skipped></testcase><testcase classname="src.pymortests.grid" file="src/pymortests/grid.py" line="150" name="test_superentities_entry_values_unique[&lt;lambda&gt;38]" time="0.00039577484130859375"><skipped message="Suite splitting in effect" type="pytest.skip">src/pymortests/grid.py:150: Suite splitting in effect</skipped></testcase><testcase classname="src.pymortests.grid" file="src/pymortests/grid.py" line="150" name="test_superentities_entry_values_unique[&lt;lambda&gt;39]" time="0.00039649009704589844"><skipped message="Suite splitting in effect" type="pytest.skip">src/pymortests/grid.py:150: Suite splitting in effect</skipped></testcase><testcase classname="src.pymortests.grid" file="src/pymortests/grid.py" line="150" name="test_superentities_entry_values_unique[&lt;lambda&gt;40]" time="0.0003960132598876953"><skipped message="Suite splitting in effect" type="pytest.skip">src/pymortests/grid.py:150: Suite splitting in effect</skipped></testcase><testcase classname="src.pymortests.grid" file="src/pymortests/grid.py" line="150" name="test_superentities_entry_values_unique[&lt;lambda&gt;41]" time="0.000415802001953125"><skipped message="Suite splitting in effect" type="pytest.skip">src/pymortests/grid.py:150: Suite splitting in effect</skipped></testcase><testcase classname="src.pymortests.grid" file="src/pymortests/grid.py" line="150" name="test_superentities_entry_values_unique[&lt;lambda&gt;42]" time="0.0004050731658935547"><skipped message="Suite splitting in effect" type="pytest.skip">src/pymortests/grid.py:150: Suite splitting in effect</skipped></testcase><testcase classname="src.pymortests.grid" file="src/pymortests/grid.py" line="159" name="test_superentities_entries_sorted[&lt;lambda&gt;0]" time="0.0004494190216064453"><skipped message="Suite splitting in effect" type="pytest.skip">src/pymortests/grid.py:159: Suite splitting in effect</skipped></testcase><testcase classname="src.pymortests.grid" file="src/pymortests/grid.py" line="159" name="test_superentities_entries_sorted[&lt;lambda&gt;1]" time="0.0004296302795410156"><skipped message="Suite splitting in effect" type="pytest.skip">src/pymortests/grid.py:159: Suite splitting in effect</skipped></testcase><testcase classname="src.pymortests.grid" file="src/pymortests/grid.py" line="159" name="test_superentities_entries_sorted[&lt;lambda&gt;2]" time="0.0005199909210205078"><skipped message="Suite splitting in effect" type="pytest.skip">src/pymortests/grid.py:159: Suite splitting in effect</skipped></testcase><testcase classname="src.pymortests.grid" file="src/pymortests/grid.py" line="159" name="test_superentities_entries_sorted[&lt;lambda&gt;3]" time="0.0006401538848876953"><skipped message="Suite splitting in effect" type="pytest.skip">src/pymortests/grid.py:159: Suite splitting in effect</skipped></testcase><testcase classname="src.pymortests.grid" file="src/pymortests/grid.py" line="159" name="test_superentities_entries_sorted[&lt;lambda&gt;4]" time="0.0005707740783691406"><skipped message="Suite splitting in effect" type="pytest.skip">src/pymortests/grid.py:159: Suite splitting in effect</skipped></testcase><testcase classname="src.pymortests.grid" file="src/pymortests/grid.py" line="159" name="test_superentities_entries_sorted[&lt;lambda&gt;5]" time="0.00043010711669921875"><skipped message="Suite splitting in effect" type="pytest.skip">src/pymortests/grid.py:159: Suite splitting in effect</skipped></testcase><testcase classname="src.pymortests.grid" file="src/pymortests/grid.py" line="159" name="test_superentities_entries_sorted[&lt;lambda&gt;6]" time="0.0004150867462158203"><skipped message="Suite splitting in effect" type="pytest.skip">src/pymortests/grid.py:159: Suite splitting in effect</skipped></testcase><testcase classname="src.pymortests.grid" file="src/pymortests/grid.py" line="159" name="test_superentities_entries_sorted[&lt;lambda&gt;7]" time="0.00043463706970214844"><skipped message="Suite splitting in effect" type="pytest.skip">src/pymortests/grid.py:159: Suite splitting in effect</skipped></testcase><testcase classname="src.pymortests.grid" file="src/pymortests/grid.py" line="159" name="test_superentities_entries_sorted[&lt;lambda&gt;8]" time="0.00040078163146972656"><skipped message="Suite splitting in effect" type="pytest.skip">src/pymortests/grid.py:159: Suite splitting in effect</skipped></testcase><testcase classname="src.pymortests.grid" file="src/pymortests/grid.py" line="159" name="test_superentities_entries_sorted[&lt;lambda&gt;9]" time="0.0004303455352783203"><skipped message="Suite splitting in effect" type="pytest.skip">src/pymortests/grid.py:159: Suite splitting in effect</skipped></testcase><testcase classname="src.pymortests.grid" file="src/pymortests/grid.py" line="159" name="test_superentities_entries_sorted[&lt;lambda&gt;10]" time="0.0004284381866455078"><skipped message="Suite splitting in effect" type="pytest.skip">src/pymortests/grid.py:159: Suite splitting in effect</skipped></testcase><testcase classname="src.pymortests.grid" file="src/pymortests/grid.py" line="159" name="test_superentities_entries_sorted[&lt;lambda&gt;11]" time="0.00042891502380371094"><skipped message="Suite splitting in effect" type="pytest.skip">src/pymortests/grid.py:159: Suite splitting in effect</skipped></testcase><testcase classname="src.pymortests.grid" file="src/pymortests/grid.py" line="159" name="test_superentities_entries_sorted[&lt;lambda&gt;12]" time="0.00043010711669921875"><skipped message="Suite splitting in effect" type="pytest.skip">src/pymortests/grid.py:159: Suite splitting in effect</skipped></testcase><testcase classname="src.pymortests.grid" file="src/pymortests/grid.py" line="159" name="test_superentities_entries_sorted[&lt;lambda&gt;13]" time="0.0003952980041503906"><skipped message="Suite splitting in effect" type="pytest.skip">src/pymortests/grid.py:159: Suite splitting in effect</skipped></testcase><testcase classname="src.pymortests.grid" file="src/pymortests/grid.py" line="159" name="test_superentities_entries_sorted[&lt;lambda&gt;14]" time="0.0004239082336425781"><skipped message="Suite splitting in effect" type="pytest.skip">src/pymortests/grid.py:159: Suite splitting in effect</skipped></testcase><testcase classname="src.pymortests.grid" file="src/pymortests/grid.py" line="159" name="test_superentities_entries_sorted[&lt;lambda&gt;15]" time="0.0005087852478027344"><skipped message="Suite splitting in effect" type="pytest.skip">src/pymortests/grid.py:159: Suite splitting in effect</skipped></testcase><testcase classname="src.pymortests.grid" file="src/pymortests/grid.py" line="159" name="test_superentities_entries_sorted[&lt;lambda&gt;16]" time="0.000392913818359375"><skipped message="Suite splitting in effect" type="pytest.skip">src/pymortests/grid.py:159: Suite splitting in effect</skipped></testcase><testcase classname="src.pymortests.grid" file="src/pymortests/grid.py" line="159" name="test_superentities_entries_sorted[&lt;lambda&gt;17]" time="0.00042128562927246094"><skipped message="Suite splitting in effect" type="pytest.skip">src/pymortests/grid.py:159: Suite splitting in effect</skipped></testcase><testcase classname="src.pymortests.grid" file="src/pymortests/grid.py" line="159" name="test_superentities_entries_sorted[&lt;lambda&gt;18]" time="0.00039505958557128906"><skipped message="Suite splitting in effect" type="pytest.skip">src/pymortests/grid.py:159: Suite splitting in effect</skipped></testcase><testcase classname="src.pymortests.grid" file="src/pymortests/grid.py" line="159" name="test_superentities_entries_sorted[&lt;lambda&gt;19]" time="0.0004010200500488281"><skipped message="Suite splitting in effect" type="pytest.skip">src/pymortests/grid.py:159: Suite splitting in effect</skipped></testcase><testcase classname="src.pymortests.grid" file="src/pymortests/grid.py" line="159" name="test_superentities_entries_sorted[&lt;lambda&gt;20]" time="0.00046539306640625"><skipped message="Suite splitting in effect" type="pytest.skip">src/pymortests/grid.py:159: Suite splitting in effect</skipped></testcase><testcase classname="src.pymortests.grid" file="src/pymortests/grid.py" line="159" name="test_superentities_entries_sorted[&lt;lambda&gt;21]" time="0.00042057037353515625"><skipped message="Suite splitting in effect" type="pytest.skip">src/pymortests/grid.py:159: Suite splitting in effect</skipped></testcase><testcase classname="src.pymortests.grid" file="src/pymortests/grid.py" line="159" name="test_superentities_entries_sorted[&lt;lambda&gt;22]" time="0.00040912628173828125"><skipped message="Suite splitting in effect" type="pytest.skip">src/pymortests/grid.py:159: Suite splitting in effect</skipped></testcase><testcase classname="src.pymortests.grid" file="src/pymortests/grid.py" line="159" name="test_superentities_entries_sorted[&lt;lambda&gt;23]" time="0.00045299530029296875"><skipped message="Suite splitting in effect" type="pytest.skip">src/pymortests/grid.py:159: Suite splitting in effect</skipped></testcase><testcase classname="src.pymortests.grid" file="src/pymortests/grid.py" line="159" name="test_superentities_entries_sorted[&lt;lambda&gt;24]" time="0.000431060791015625"><skipped message="Suite splitting in effect" type="pytest.skip">src/pymortests/grid.py:159: Suite splitting in effect</skipped></testcase><testcase classname="src.pymortests.grid" file="src/pymortests/grid.py" line="159" name="test_superentities_entries_sorted[&lt;lambda&gt;25]" time="0.0004305839538574219"><skipped message="Suite splitting in effect" type="pytest.skip">src/pymortests/grid.py:159: Suite splitting in effect</skipped></testcase><testcase classname="src.pymortests.grid" file="src/pymortests/grid.py" line="159" name="test_superentities_entries_sorted[&lt;lambda&gt;26]" time="0.00042057037353515625"><skipped message="Suite splitting in effect" type="pytest.skip">src/pymortests/grid.py:159: Suite splitting in effect</skipped></testcase><testcase classname="src.pymortests.grid" file="src/pymortests/grid.py" line="159" name="test_superentities_entries_sorted[&lt;lambda&gt;27]" time="0.0004367828369140625"><skipped message="Suite splitting in effect" type="pytest.skip">src/pymortests/grid.py:159: Suite splitting in effect</skipped></testcase><testcase classname="src.pymortests.grid" file="src/pymortests/grid.py" line="159" name="test_superentities_entries_sorted[&lt;lambda&gt;28]" time="0.00041484832763671875"><skipped message="Suite splitting in effect" type="pytest.skip">src/pymortests/grid.py:159: Suite splitting in effect</skipped></testcase><testcase classname="src.pymortests.grid" file="src/pymortests/grid.py" line="159" name="test_superentities_entries_sorted[&lt;lambda&gt;29]" time="0.0005927085876464844"><skipped message="Suite splitting in effect" type="pytest.skip">src/pymortests/grid.py:159: Suite splitting in effect</skipped></testcase><testcase classname="src.pymortests.grid" file="src/pymortests/grid.py" line="159" name="test_superentities_entries_sorted[&lt;lambda&gt;30]" time="0.0005257129669189453"><skipped message="Suite splitting in effect" type="pytest.skip">src/pymortests/grid.py:159: Suite splitting in effect</skipped></testcase><testcase classname="src.pymortests.grid" file="src/pymortests/grid.py" line="159" name="test_superentities_entries_sorted[&lt;lambda&gt;31]" time="0.0004115104675292969"><skipped message="Suite splitting in effect" type="pytest.skip">src/pymortests/grid.py:159: Suite splitting in effect</skipped></testcase><testcase classname="src.pymortests.grid" file="src/pymortests/grid.py" line="159" name="test_superentities_entries_sorted[&lt;lambda&gt;32]" time="0.0003979206085205078"><skipped message="Suite splitting in effect" type="pytest.skip">src/pymortests/grid.py:159: Suite splitting in effect</skipped></testcase><testcase classname="src.pymortests.grid" file="src/pymortests/grid.py" line="159" name="test_superentities_entries_sorted[&lt;lambda&gt;33]" time="0.00041675567626953125"><skipped message="Suite splitting in effect" type="pytest.skip">src/pymortests/grid.py:159: Suite splitting in effect</skipped></testcase><testcase classname="src.pymortests.grid" file="src/pymortests/grid.py" line="159" name="test_superentities_entries_sorted[&lt;lambda&gt;34]" time="0.0003998279571533203"><skipped message="Suite splitting in effect" type="pytest.skip">src/pymortests/grid.py:159: Suite splitting in effect</skipped></testcase><testcase classname="src.pymortests.grid" file="src/pymortests/grid.py" line="159" name="test_superentities_entries_sorted[&lt;lambda&gt;35]" time="0.00039887428283691406"><skipped message="Suite splitting in effect" type="pytest.skip">src/pymortests/grid.py:159: Suite splitting in effect</skipped></testcase><testcase classname="src.pymortests.grid" file="src/pymortests/grid.py" line="159" name="test_superentities_entries_sorted[&lt;lambda&gt;36]" time="0.00039958953857421875"><skipped message="Suite splitting in effect" type="pytest.skip">src/pymortests/grid.py:159: Suite splitting in effect</skipped></testcase><testcase classname="src.pymortests.grid" file="src/pymortests/grid.py" line="159" name="test_superentities_entries_sorted[&lt;lambda&gt;37]" time="0.00044989585876464844"><skipped message="Suite splitting in effect" type="pytest.skip">src/pymortests/grid.py:159: Suite splitting in effect</skipped></testcase><testcase classname="src.pymortests.grid" file="src/pymortests/grid.py" line="159" name="test_superentities_entries_sorted[&lt;lambda&gt;38]" time="0.00040841102600097656"><skipped message="Suite splitting in effect" type="pytest.skip">src/pymortests/grid.py:159: Suite splitting in effect</skipped></testcase><testcase classname="src.pymortests.grid" file="src/pymortests/grid.py" line="159" name="test_superentities_entries_sorted[&lt;lambda&gt;39]" time="0.00046896934509277344"><skipped message="Suite splitting in effect" type="pytest.skip">src/pymortests/grid.py:159: Suite splitting in effect</skipped></testcase><testcase classname="src.pymortests.grid" file="src/pymortests/grid.py" line="159" name="test_superentities_entries_sorted[&lt;lambda&gt;40]" time="0.00039696693420410156"><skipped message="Suite splitting in effect" type="pytest.skip">src/pymortests/grid.py:159: Suite splitting in effect</skipped></testcase><testcase classname="src.pymortests.grid" file="src/pymortests/grid.py" line="159" name="test_superentities_entries_sorted[&lt;lambda&gt;41]" time="0.0004055500030517578"><skipped message="Suite splitting in effect" type="pytest.skip">src/pymortests/grid.py:159: Suite splitting in effect</skipped></testcase><testcase classname="src.pymortests.grid" file="src/pymortests/grid.py" line="159" name="test_superentities_entries_sorted[&lt;lambda&gt;42]" time="0.00041556358337402344"><skipped message="Suite splitting in effect" type="pytest.skip">src/pymortests/grid.py:159: Suite splitting in effect</skipped></testcase><testcase classname="src.pymortests.grid" file="src/pymortests/grid.py" line="172" name="test_superentities_codim_d_codim_d[&lt;lambda&gt;0]" time="0.0004608631134033203"><skipped message="Suite splitting in effect" type="pytest.skip">src/pymortests/grid.py:172: Suite splitting in effect</skipped></testcase><testcase classname="src.pymortests.grid" file="src/pymortests/grid.py" line="172" name="test_superentities_codim_d_codim_d[&lt;lambda&gt;1]" time="0.0003941059112548828"><skipped message="Suite splitting in effect" type="pytest.skip">src/pymortests/grid.py:172: Suite splitting in effect</skipped></testcase><testcase classname="src.pymortests.grid" file="src/pymortests/grid.py" line="172" name="test_superentities_codim_d_codim_d[&lt;lambda&gt;2]" time="0.0003924369812011719"><skipped message="Suite splitting in effect" type="pytest.skip">src/pymortests/grid.py:172: Suite splitting in effect</skipped></testcase><testcase classname="src.pymortests.grid" file="src/pymortests/grid.py" line="172" name="test_superentities_codim_d_codim_d[&lt;lambda&gt;3]" time="0.00040149688720703125"><skipped message="Suite splitting in effect" type="pytest.skip">src/pymortests/grid.py:172: Suite splitting in effect</skipped></testcase><testcase classname="src.pymortests.grid" file="src/pymortests/grid.py" line="172" name="test_superentities_codim_d_codim_d[&lt;lambda&gt;4]" time="0.0003924369812011719"><skipped message="Suite splitting in effect" type="pytest.skip">src/pymortests/grid.py:172: Suite splitting in effect</skipped></testcase><testcase classname="src.pymortests.grid" file="src/pymortests/grid.py" line="172" name="test_superentities_codim_d_codim_d[&lt;lambda&gt;5]" time="0.0004258155822753906"><skipped message="Suite splitting in effect" type="pytest.skip">src/pymortests/grid.py:172: Suite splitting in effect</skipped></testcase><testcase classname="src.pymortests.grid" file="src/pymortests/grid.py" line="172" name="test_superentities_codim_d_codim_d[&lt;lambda&gt;6]" time="0.00040602684020996094"><skipped message="Suite splitting in effect" type="pytest.skip">src/pymortests/grid.py:172: Suite splitting in effect</skipped></testcase><testcase classname="src.pymortests.grid" file="src/pymortests/grid.py" line="172" name="test_superentities_codim_d_codim_d[&lt;lambda&gt;7]" time="0.0004279613494873047"><skipped message="Suite splitting in effect" type="pytest.skip">src/pymortests/grid.py:172: Suite splitting in effect</skipped></testcase><testcase classname="src.pymortests.grid" file="src/pymortests/grid.py" line="172" name="test_superentities_codim_d_codim_d[&lt;lambda&gt;8]" time="0.0004456043243408203"><skipped message="Suite splitting in effect" type="pytest.skip">src/pymortests/grid.py:172: Suite splitting in effect</skipped></testcase><testcase classname="src.pymortests.grid" file="src/pymortests/grid.py" line="172" name="test_superentities_codim_d_codim_d[&lt;lambda&gt;9]" time="0.0006146430969238281"><skipped message="Suite splitting in effect" type="pytest.skip">src/pymortests/grid.py:172: Suite splitting in effect</skipped></testcase><testcase classname="src.pymortests.grid" file="src/pymortests/grid.py" line="172" name="test_superentities_codim_d_codim_d[&lt;lambda&gt;10]" time="0.00046133995056152344"><skipped message="Suite splitting in effect" type="pytest.skip">src/pymortests/grid.py:172: Suite splitting in effect</skipped></testcase><testcase classname="src.pymortests.grid" file="src/pymortests/grid.py" line="172" name="test_superentities_codim_d_codim_d[&lt;lambda&gt;11]" time="0.000492095947265625"><skipped message="Suite splitting in effect" type="pytest.skip">src/pymortests/grid.py:172: Suite splitting in effect</skipped></testcase><testcase classname="src.pymortests.grid" file="src/pymortests/grid.py" line="172" name="test_superentities_codim_d_codim_d[&lt;lambda&gt;12]" time="0.00043082237243652344"><skipped message="Suite splitting in effect" type="pytest.skip">src/pymortests/grid.py:172: Suite splitting in effect</skipped></testcase><testcase classname="src.pymortests.grid" file="src/pymortests/grid.py" line="172" name="test_superentities_codim_d_codim_d[&lt;lambda&gt;13]" time="0.0004057884216308594"><skipped message="Suite splitting in effect" type="pytest.skip">src/pymortests/grid.py:172: Suite splitting in effect</skipped></testcase><testcase classname="src.pymortests.grid" file="src/pymortests/grid.py" line="172" name="test_superentities_codim_d_codim_d[&lt;lambda&gt;14]" time="0.0004162788391113281"><skipped message="Suite splitting in effect" type="pytest.skip">src/pymortests/grid.py:172: Suite splitting in effect</skipped></testcase><testcase classname="src.pymortests.grid" file="src/pymortests/grid.py" line="172" name="test_superentities_codim_d_codim_d[&lt;lambda&gt;15]" time="0.0004012584686279297"><skipped message="Suite splitting in effect" type="pytest.skip">src/pymortests/grid.py:172: Suite splitting in effect</skipped></testcase><testcase classname="src.pymortests.grid" file="src/pymortests/grid.py" line="172" name="test_superentities_codim_d_codim_d[&lt;lambda&gt;16]" time="0.0004105567932128906"><skipped message="Suite splitting in effect" type="pytest.skip">src/pymortests/grid.py:172: Suite splitting in effect</skipped></testcase><testcase classname="src.pymortests.grid" file="src/pymortests/grid.py" line="172" name="test_superentities_codim_d_codim_d[&lt;lambda&gt;17]" time="0.0004105567932128906"><skipped message="Suite splitting in effect" type="pytest.skip">src/pymortests/grid.py:172: Suite splitting in effect</skipped></testcase><testcase classname="src.pymortests.grid" file="src/pymortests/grid.py" line="172" name="test_superentities_codim_d_codim_d[&lt;lambda&gt;18]" time="0.000415802001953125"><skipped message="Suite splitting in effect" type="pytest.skip">src/pymortests/grid.py:172: Suite splitting in effect</skipped></testcase><testcase classname="src.pymortests.grid" file="src/pymortests/grid.py" line="172" name="test_superentities_codim_d_codim_d[&lt;lambda&gt;19]" time="0.00042748451232910156"><skipped message="Suite splitting in effect" type="pytest.skip">src/pymortests/grid.py:172: Suite splitting in effect</skipped></testcase><testcase classname="src.pymortests.grid" file="src/pymortests/grid.py" line="172" name="test_superentities_codim_d_codim_d[&lt;lambda&gt;20]" time="0.0004119873046875"><skipped message="Suite splitting in effect" type="pytest.skip">src/pymortests/grid.py:172: Suite splitting in effect</skipped></testcase><testcase classname="src.pymortests.grid" file="src/pymortests/grid.py" line="172" name="test_superentities_codim_d_codim_d[&lt;lambda&gt;21]" time="0.0004374980926513672"><skipped message="Suite splitting in effect" type="pytest.skip">src/pymortests/grid.py:172: Suite splitting in effect</skipped></testcase><testcase classname="src.pymortests.grid" file="src/pymortests/grid.py" line="172" name="test_superentities_codim_d_codim_d[&lt;lambda&gt;22]" time="0.00041604042053222656"><skipped message="Suite splitting in effect" type="pytest.skip">src/pymortests/grid.py:172: Suite splitting in effect</skipped></testcase><testcase classname="src.pymortests.grid" file="src/pymortests/grid.py" line="172" name="test_superentities_codim_d_codim_d[&lt;lambda&gt;23]" time="0.0004417896270751953"><skipped message="Suite splitting in effect" type="pytest.skip">src/pymortests/grid.py:172: Suite splitting in effect</skipped></testcase><testcase classname="src.pymortests.grid" file="src/pymortests/grid.py" line="172" name="test_superentities_codim_d_codim_d[&lt;lambda&gt;24]" time="0.00043654441833496094"><skipped message="Suite splitting in effect" type="pytest.skip">src/pymortests/grid.py:172: Suite splitting in effect</skipped></testcase><testcase classname="src.pymortests.grid" file="src/pymortests/grid.py" line="172" name="test_superentities_codim_d_codim_d[&lt;lambda&gt;25]" time="0.00040221214294433594"><skipped message="Suite splitting in effect" type="pytest.skip">src/pymortests/grid.py:172: Suite splitting in effect</skipped></testcase><testcase classname="src.pymortests.grid" file="src/pymortests/grid.py" line="172" name="test_superentities_codim_d_codim_d[&lt;lambda&gt;26]" time="0.0004246234893798828"><skipped message="Suite splitting in effect" type="pytest.skip">src/pymortests/grid.py:172: Suite splitting in effect</skipped></testcase><testcase classname="src.pymortests.grid" file="src/pymortests/grid.py" line="172" name="test_superentities_codim_d_codim_d[&lt;lambda&gt;27]" time="0.000400543212890625"><skipped message="Suite splitting in effect" type="pytest.skip">src/pymortests/grid.py:172: Suite splitting in effect</skipped></testcase><testcase classname="src.pymortests.grid" file="src/pymortests/grid.py" line="172" name="test_superentities_codim_d_codim_d[&lt;lambda&gt;28]" time="0.0004715919494628906"><skipped message="Suite splitting in effect" type="pytest.skip">src/pymortests/grid.py:172: Suite splitting in effect</skipped></testcase><testcase classname="src.pymortests.grid" file="src/pymortests/grid.py" line="172" name="test_superentities_codim_d_codim_d[&lt;lambda&gt;29]" time="0.0004062652587890625"><skipped message="Suite splitting in effect" type="pytest.skip">src/pymortests/grid.py:172: Suite splitting in effect</skipped></testcase><testcase classname="src.pymortests.grid" file="src/pymortests/grid.py" line="172" name="test_superentities_codim_d_codim_d[&lt;lambda&gt;30]" time="0.0004487037658691406"><skipped message="Suite splitting in effect" type="pytest.skip">src/pymortests/grid.py:172: Suite splitting in effect</skipped></testcase><testcase classname="src.pymortests.grid" file="src/pymortests/grid.py" line="172" name="test_superentities_codim_d_codim_d[&lt;lambda&gt;31]" time="0.00041604042053222656"><skipped message="Suite splitting in effect" type="pytest.skip">src/pymortests/grid.py:172: Suite splitting in effect</skipped></testcase><testcase classname="src.pymortests.grid" file="src/pymortests/grid.py" line="172" name="test_superentities_codim_d_codim_d[&lt;lambda&gt;32]" time="0.0004885196685791016"><skipped message="Suite splitting in effect" type="pytest.skip">src/pymortests/grid.py:172: Suite splitting in effect</skipped></testcase><testcase classname="src.pymortests.grid" file="src/pymortests/grid.py" line="172" name="test_superentities_codim_d_codim_d[&lt;lambda&gt;33]" time="0.0007636547088623047"><skipped message="Suite splitting in effect" type="pytest.skip">src/pymortests/grid.py:172: Suite splitting in effect</skipped></testcase><testcase classname="src.pymortests.grid" file="src/pymortests/grid.py" line="172" name="test_superentities_codim_d_codim_d[&lt;lambda&gt;34]" time="0.0004093647003173828"><skipped message="Suite splitting in effect" type="pytest.skip">src/pymortests/grid.py:172: Suite splitting in effect</skipped></testcase><testcase classname="src.pymortests.grid" file="src/pymortests/grid.py" line="172" name="test_superentities_codim_d_codim_d[&lt;lambda&gt;35]" time="0.00043487548828125"><skipped message="Suite splitting in effect" type="pytest.skip">src/pymortests/grid.py:172: Suite splitting in effect</skipped></testcase><testcase classname="src.pymortests.grid" file="src/pymortests/grid.py" line="172" name="test_superentities_codim_d_codim_d[&lt;lambda&gt;36]" time="0.00045800209045410156"><skipped message="Suite splitting in effect" type="pytest.skip">src/pymortests/grid.py:172: Suite splitting in effect</skipped></testcase><testcase classname="src.pymortests.grid" file="src/pymortests/grid.py" line="172" name="test_superentities_codim_d_codim_d[&lt;lambda&gt;37]" time="0.0003986358642578125"><skipped message="Suite splitting in effect" type="pytest.skip">src/pymortests/grid.py:172: Suite splitting in effect</skipped></testcase><testcase classname="src.pymortests.grid" file="src/pymortests/grid.py" line="172" name="test_superentities_codim_d_codim_d[&lt;lambda&gt;38]" time="0.0004374980926513672"><skipped message="Suite splitting in effect" type="pytest.skip">src/pymortests/grid.py:172: Suite splitting in effect</skipped></testcase><testcase classname="src.pymortests.grid" file="src/pymortests/grid.py" line="172" name="test_superentities_codim_d_codim_d[&lt;lambda&gt;39]" time="0.0004374980926513672"><skipped message="Suite splitting in effect" type="pytest.skip">src/pymortests/grid.py:172: Suite splitting in effect</skipped></testcase><testcase classname="src.pymortests.grid" file="src/pymortests/grid.py" line="172" name="test_superentities_codim_d_codim_d[&lt;lambda&gt;40]" time="0.0004265308380126953"><skipped message="Suite splitting in effect" type="pytest.skip">src/pymortests/grid.py:172: Suite splitting in effect</skipped></testcase><testcase classname="src.pymortests.grid" file="src/pymortests/grid.py" line="172" name="test_superentities_codim_d_codim_d[&lt;lambda&gt;41]" time="0.0004329681396484375"><skipped message="Suite splitting in effect" type="pytest.skip">src/pymortests/grid.py:172: Suite splitting in effect</skipped></testcase><testcase classname="src.pymortests.grid" file="src/pymortests/grid.py" line="172" name="test_superentities_codim_d_codim_d[&lt;lambda&gt;42]" time="0.00040030479431152344"><skipped message="Suite splitting in effect" type="pytest.skip">src/pymortests/grid.py:172: Suite splitting in effect</skipped></testcase><testcase classname="src.pymortests.grid" file="src/pymortests/grid.py" line="179" name="test_superentities_each_entry_superentity[&lt;lambda&gt;0]" time="0.0004305839538574219"><skipped message="Suite splitting in effect" type="pytest.skip">src/pymortests/grid.py:179: Suite splitting in effect</skipped></testcase><testcase classname="src.pymortests.grid" file="src/pymortests/grid.py" line="179" name="test_superentities_each_entry_superentity[&lt;lambda&gt;1]" time="0.0004928112030029297"><skipped message="Suite splitting in effect" type="pytest.skip">src/pymortests/grid.py:179: Suite splitting in effect</skipped></testcase><testcase classname="src.pymortests.grid" file="src/pymortests/grid.py" line="179" name="test_superentities_each_entry_superentity[&lt;lambda&gt;2]" time="0.00040721893310546875"><skipped message="Suite splitting in effect" type="pytest.skip">src/pymortests/grid.py:179: Suite splitting in effect</skipped></testcase><testcase classname="src.pymortests.grid" file="src/pymortests/grid.py" line="179" name="test_superentities_each_entry_superentity[&lt;lambda&gt;3]" time="0.0004591941833496094"><skipped message="Suite splitting in effect" type="pytest.skip">src/pymortests/grid.py:179: Suite splitting in effect</skipped></testcase><testcase classname="src.pymortests.grid" file="src/pymortests/grid.py" line="179" name="test_superentities_each_entry_superentity[&lt;lambda&gt;4]" time="0.0008921623229980469"><skipped message="Suite splitting in effect" type="pytest.skip">src/pymortests/grid.py:179: Suite splitting in effect</skipped></testcase><testcase classname="src.pymortests.grid" file="src/pymortests/grid.py" line="179" name="test_superentities_each_entry_superentity[&lt;lambda&gt;5]" time="0.000659942626953125"><skipped message="Suite splitting in effect" type="pytest.skip">src/pymortests/grid.py:179: Suite splitting in effect</skipped></testcase><testcase classname="src.pymortests.grid" file="src/pymortests/grid.py" line="179" name="test_superentities_each_entry_superentity[&lt;lambda&gt;6]" time="0.0004131793975830078"><skipped message="Suite splitting in effect" type="pytest.skip">src/pymortests/grid.py:179: Suite splitting in effect</skipped></testcase><testcase classname="src.pymortests.grid" file="src/pymortests/grid.py" line="179" name="test_superentities_each_entry_superentity[&lt;lambda&gt;7]" time="0.00043654441833496094"><skipped message="Suite splitting in effect" type="pytest.skip">src/pymortests/grid.py:179: Suite splitting in effect</skipped></testcase><testcase classname="src.pymortests.grid" file="src/pymortests/grid.py" line="179" name="test_superentities_each_entry_superentity[&lt;lambda&gt;8]" time="0.0003948211669921875"><skipped message="Suite splitting in effect" type="pytest.skip">src/pymortests/grid.py:179: Suite splitting in effect</skipped></testcase><testcase classname="src.pymortests.grid" file="src/pymortests/grid.py" line="179" name="test_superentities_each_entry_superentity[&lt;lambda&gt;9]" time="0.00043511390686035156"><skipped message="Suite splitting in effect" type="pytest.skip">src/pymortests/grid.py:179: Suite splitting in effect</skipped></testcase><testcase classname="src.pymortests.grid" file="src/pymortests/grid.py" line="179" name="test_superentities_each_entry_superentity[&lt;lambda&gt;10]" time="0.00039696693420410156"><skipped message="Suite splitting in effect" type="pytest.skip">src/pymortests/grid.py:179: Suite splitting in effect</skipped></testcase><testcase classname="src.pymortests.grid" file="src/pymortests/grid.py" line="179" name="test_superentities_each_entry_superentity[&lt;lambda&gt;11]" time="0.000446319580078125"><skipped message="Suite splitting in effect" type="pytest.skip">src/pymortests/grid.py:179: Suite splitting in effect</skipped></testcase><testcase classname="src.pymortests.grid" file="src/pymortests/grid.py" line="179" name="test_superentities_each_entry_superentity[&lt;lambda&gt;12]" time="0.00044846534729003906"><skipped message="Suite splitting in effect" type="pytest.skip">src/pymortests/grid.py:179: Suite splitting in effect</skipped></testcase><testcase classname="src.pymortests.grid" file="src/pymortests/grid.py" line="179" name="test_superentities_each_entry_superentity[&lt;lambda&gt;13]" time="0.0004706382751464844"><skipped message="Suite splitting in effect" type="pytest.skip">src/pymortests/grid.py:179: Suite splitting in effect</skipped></testcase><testcase classname="src.pymortests.grid" file="src/pymortests/grid.py" line="179" name="test_superentities_each_entry_superentity[&lt;lambda&gt;14]" time="0.0004131793975830078"><skipped message="Suite splitting in effect" type="pytest.skip">src/pymortests/grid.py:179: Suite splitting in effect</skipped></testcase><testcase classname="src.pymortests.grid" file="src/pymortests/grid.py" line="179" name="test_superentities_each_entry_superentity[&lt;lambda&gt;15]" time="0.00042748451232910156"><skipped message="Suite splitting in effect" type="pytest.skip">src/pymortests/grid.py:179: Suite splitting in effect</skipped></testcase><testcase classname="src.pymortests.grid" file="src/pymortests/grid.py" line="179" name="test_superentities_each_entry_superentity[&lt;lambda&gt;16]" time="0.00040221214294433594"><skipped message="Suite splitting in effect" type="pytest.skip">src/pymortests/grid.py:179: Suite splitting in effect</skipped></testcase><testcase classname="src.pymortests.grid" file="src/pymortests/grid.py" line="179" name="test_superentities_each_entry_superentity[&lt;lambda&gt;17]" time="0.000400543212890625"><skipped message="Suite splitting in effect" type="pytest.skip">src/pymortests/grid.py:179: Suite splitting in effect</skipped></testcase><testcase classname="src.pymortests.grid" file="src/pymortests/grid.py" line="179" name="test_superentities_each_entry_superentity[&lt;lambda&gt;18]" time="0.00040602684020996094"><skipped message="Suite splitting in effect" type="pytest.skip">src/pymortests/grid.py:179: Suite splitting in effect</skipped></testcase><testcase classname="src.pymortests.grid" file="src/pymortests/grid.py" line="179" name="test_superentities_each_entry_superentity[&lt;lambda&gt;19]" time="0.0005142688751220703"><skipped message="Suite splitting in effect" type="pytest.skip">src/pymortests/grid.py:179: Suite splitting in effect</skipped></testcase><testcase classname="src.pymortests.grid" file="src/pymortests/grid.py" line="179" name="test_superentities_each_entry_superentity[&lt;lambda&gt;20]" time="0.0005221366882324219"><skipped message="Suite splitting in effect" type="pytest.skip">src/pymortests/grid.py:179: Suite splitting in effect</skipped></testcase><testcase classname="src.pymortests.grid" file="src/pymortests/grid.py" line="179" name="test_superentities_each_entry_superentity[&lt;lambda&gt;21]" time="0.00040721893310546875"><skipped message="Suite splitting in effect" type="pytest.skip">src/pymortests/grid.py:179: Suite splitting in effect</skipped></testcase><testcase classname="src.pymortests.grid" file="src/pymortests/grid.py" line="179" name="test_superentities_each_entry_superentity[&lt;lambda&gt;22]" time="0.00040268898010253906"><skipped message="Suite splitting in effect" type="pytest.skip">src/pymortests/grid.py:179: Suite splitting in effect</skipped></testcase><testcase classname="src.pymortests.grid" file="src/pymortests/grid.py" line="179" name="test_superentities_each_entry_superentity[&lt;lambda&gt;23]" time="0.00041937828063964844"><skipped message="Suite splitting in effect" type="pytest.skip">src/pymortests/grid.py:179: Suite splitting in effect</skipped></testcase><testcase classname="src.pymortests.grid" file="src/pymortests/grid.py" line="179" name="test_superentities_each_entry_superentity[&lt;lambda&gt;24]" time="0.0003993511199951172"><skipped message="Suite splitting in effect" type="pytest.skip">src/pymortests/grid.py:179: Suite splitting in effect</skipped></testcase><testcase classname="src.pymortests.grid" file="src/pymortests/grid.py" line="179" name="test_superentities_each_entry_superentity[&lt;lambda&gt;25]" time="0.00039505958557128906"><skipped message="Suite splitting in effect" type="pytest.skip">src/pymortests/grid.py:179: Suite splitting in effect</skipped></testcase><testcase classname="src.pymortests.grid" file="src/pymortests/grid.py" line="179" name="test_superentities_each_entry_superentity[&lt;lambda&gt;26]" time="0.00039577484130859375"><skipped message="Suite splitting in effect" type="pytest.skip">src/pymortests/grid.py:179: Suite splitting in effect</skipped></testcase><testcase classname="src.pymortests.grid" file="src/pymortests/grid.py" line="179" name="test_superentities_each_entry_superentity[&lt;lambda&gt;27]" time="0.0003917217254638672"><skipped message="Suite splitting in effect" type="pytest.skip">src/pymortests/grid.py:179: Suite splitting in effect</skipped></testcase><testcase classname="src.pymortests.grid" file="src/pymortests/grid.py" line="179" name="test_superentities_each_entry_superentity[&lt;lambda&gt;28]" time="0.0004031658172607422"><skipped message="Suite splitting in effect" type="pytest.skip">src/pymortests/grid.py:179: Suite splitting in effect</skipped></testcase><testcase classname="src.pymortests.grid" file="src/pymortests/grid.py" line="179" name="test_superentities_each_entry_superentity[&lt;lambda&gt;29]" time="0.00042128562927246094"><skipped message="Suite splitting in effect" type="pytest.skip">src/pymortests/grid.py:179: Suite splitting in effect</skipped></testcase><testcase classname="src.pymortests.grid" file="src/pymortests/grid.py" line="179" name="test_superentities_each_entry_superentity[&lt;lambda&gt;30]" time="0.0004363059997558594"><skipped message="Suite splitting in effect" type="pytest.skip">src/pymortests/grid.py:179: Suite splitting in effect</skipped></testcase><testcase classname="src.pymortests.grid" file="src/pymortests/grid.py" line="179" name="test_superentities_each_entry_superentity[&lt;lambda&gt;31]" time="0.000457763671875"><skipped message="Suite splitting in effect" type="pytest.skip">src/pymortests/grid.py:179: Suite splitting in effect</skipped></testcase><testcase classname="src.pymortests.grid" file="src/pymortests/grid.py" line="179" name="test_superentities_each_entry_superentity[&lt;lambda&gt;32]" time="0.0003948211669921875"><skipped message="Suite splitting in effect" type="pytest.skip">src/pymortests/grid.py:179: Suite splitting in effect</skipped></testcase><testcase classname="src.pymortests.grid" file="src/pymortests/grid.py" line="179" name="test_superentities_each_entry_superentity[&lt;lambda&gt;33]" time="0.0004260540008544922"><skipped message="Suite splitting in effect" type="pytest.skip">src/pymortests/grid.py:179: Suite splitting in effect</skipped></testcase><testcase classname="src.pymortests.grid" file="src/pymortests/grid.py" line="179" name="test_superentities_each_entry_superentity[&lt;lambda&gt;34]" time="0.0004086494445800781"><skipped message="Suite splitting in effect" type="pytest.skip">src/pymortests/grid.py:179: Suite splitting in effect</skipped></testcase><testcase classname="src.pymortests.grid" file="src/pymortests/grid.py" line="179" name="test_superentities_each_entry_superentity[&lt;lambda&gt;35]" time="0.000396728515625"><skipped message="Suite splitting in effect" type="pytest.skip">src/pymortests/grid.py:179: Suite splitting in effect</skipped></testcase><testcase classname="src.pymortests.grid" file="src/pymortests/grid.py" line="179" name="test_superentities_each_entry_superentity[&lt;lambda&gt;36]" time="0.0004200935363769531"><skipped message="Suite splitting in effect" type="pytest.skip">src/pymortests/grid.py:179: Suite splitting in effect</skipped></testcase><testcase classname="src.pymortests.grid" file="src/pymortests/grid.py" line="179" name="test_superentities_each_entry_superentity[&lt;lambda&gt;37]" time="0.00040459632873535156"><skipped message="Suite splitting in effect" type="pytest.skip">src/pymortests/grid.py:179: Suite splitting in effect</skipped></testcase><testcase classname="src.pymortests.grid" file="src/pymortests/grid.py" line="179" name="test_superentities_each_entry_superentity[&lt;lambda&gt;38]" time="0.0004634857177734375"><skipped message="Suite splitting in effect" type="pytest.skip">src/pymortests/grid.py:179: Suite splitting in effect</skipped></testcase><testcase classname="src.pymortests.grid" file="src/pymortests/grid.py" line="179" name="test_superentities_each_entry_superentity[&lt;lambda&gt;39]" time="0.0004143714904785156"><skipped message="Suite splitting in effect" type="pytest.skip">src/pymortests/grid.py:179: Suite splitting in effect</skipped></testcase><testcase classname="src.pymortests.grid" file="src/pymortests/grid.py" line="179" name="test_superentities_each_entry_superentity[&lt;lambda&gt;40]" time="0.00044727325439453125"><skipped message="Suite splitting in effect" type="pytest.skip">src/pymortests/grid.py:179: Suite splitting in effect</skipped></testcase><testcase classname="src.pymortests.grid" file="src/pymortests/grid.py" line="179" name="test_superentities_each_entry_superentity[&lt;lambda&gt;41]" time="0.0004563331604003906"><skipped message="Suite splitting in effect" type="pytest.skip">src/pymortests/grid.py:179: Suite splitting in effect</skipped></testcase><testcase classname="src.pymortests.grid" file="src/pymortests/grid.py" line="179" name="test_superentities_each_entry_superentity[&lt;lambda&gt;42]" time="0.0004546642303466797"><skipped message="Suite splitting in effect" type="pytest.skip">src/pymortests/grid.py:179: Suite splitting in effect</skipped></testcase><testcase classname="src.pymortests.grid" file="src/pymortests/grid.py" line="191" name="test_superentities_each_superentity_has_entry[&lt;lambda&gt;0]" time="0.0004379749298095703"><skipped message="Suite splitting in effect" type="pytest.skip">src/pymortests/grid.py:191: Suite splitting in effect</skipped></testcase><testcase classname="src.pymortests.grid" file="src/pymortests/grid.py" line="191" name="test_superentities_each_superentity_has_entry[&lt;lambda&gt;1]" time="0.0003979206085205078"><skipped message="Suite splitting in effect" type="pytest.skip">src/pymortests/grid.py:191: Suite splitting in effect</skipped></testcase><testcase classname="src.pymortests.grid" file="src/pymortests/grid.py" line="191" name="test_superentities_each_superentity_has_entry[&lt;lambda&gt;2]" time="0.0003986358642578125"><skipped message="Suite splitting in effect" type="pytest.skip">src/pymortests/grid.py:191: Suite splitting in effect</skipped></testcase><testcase classname="src.pymortests.grid" file="src/pymortests/grid.py" line="191" name="test_superentities_each_superentity_has_entry[&lt;lambda&gt;3]" time="0.0003960132598876953"><skipped message="Suite splitting in effect" type="pytest.skip">src/pymortests/grid.py:191: Suite splitting in effect</skipped></testcase><testcase classname="src.pymortests.grid" file="src/pymortests/grid.py" line="191" name="test_superentities_each_superentity_has_entry[&lt;lambda&gt;4]" time="0.0003924369812011719"><skipped message="Suite splitting in effect" type="pytest.skip">src/pymortests/grid.py:191: Suite splitting in effect</skipped></testcase><testcase classname="src.pymortests.grid" file="src/pymortests/grid.py" line="191" name="test_superentities_each_superentity_has_entry[&lt;lambda&gt;5]" time="0.0004253387451171875"><skipped message="Suite splitting in effect" type="pytest.skip">src/pymortests/grid.py:191: Suite splitting in effect</skipped></testcase><testcase classname="src.pymortests.grid" file="src/pymortests/grid.py" line="191" name="test_superentities_each_superentity_has_entry[&lt;lambda&gt;6]" time="0.00041937828063964844"><skipped message="Suite splitting in effect" type="pytest.skip">src/pymortests/grid.py:191: Suite splitting in effect</skipped></testcase><testcase classname="src.pymortests.grid" file="src/pymortests/grid.py" line="191" name="test_superentities_each_superentity_has_entry[&lt;lambda&gt;7]" time="0.0004150867462158203"><skipped message="Suite splitting in effect" type="pytest.skip">src/pymortests/grid.py:191: Suite splitting in effect</skipped></testcase><testcase classname="src.pymortests.grid" file="src/pymortests/grid.py" line="191" name="test_superentities_each_superentity_has_entry[&lt;lambda&gt;8]" time="0.0003917217254638672"><skipped message="Suite splitting in effect" type="pytest.skip">src/pymortests/grid.py:191: Suite splitting in effect</skipped></testcase><testcase classname="src.pymortests.grid" file="src/pymortests/grid.py" line="191" name="test_superentities_each_superentity_has_entry[&lt;lambda&gt;9]" time="0.0004930496215820312"><skipped message="Suite splitting in effect" type="pytest.skip">src/pymortests/grid.py:191: Suite splitting in effect</skipped></testcase><testcase classname="src.pymortests.grid" file="src/pymortests/grid.py" line="191" name="test_superentities_each_superentity_has_entry[&lt;lambda&gt;10]" time="0.00039958953857421875"><skipped message="Suite splitting in effect" type="pytest.skip">src/pymortests/grid.py:191: Suite splitting in effect</skipped></testcase><testcase classname="src.pymortests.grid" file="src/pymortests/grid.py" line="191" name="test_superentities_each_superentity_has_entry[&lt;lambda&gt;11]" time="0.00039458274841308594"><skipped message="Suite splitting in effect" type="pytest.skip">src/pymortests/grid.py:191: Suite splitting in effect</skipped></testcase><testcase classname="src.pymortests.grid" file="src/pymortests/grid.py" line="191" name="test_superentities_each_superentity_has_entry[&lt;lambda&gt;12]" time="0.0004334449768066406"><skipped message="Suite splitting in effect" type="pytest.skip">src/pymortests/grid.py:191: Suite splitting in effect</skipped></testcase><testcase classname="src.pymortests.grid" file="src/pymortests/grid.py" line="191" name="test_superentities_each_superentity_has_entry[&lt;lambda&gt;13]" time="0.0003991127014160156"><skipped message="Suite splitting in effect" type="pytest.skip">src/pymortests/grid.py:191: Suite splitting in effect</skipped></testcase><testcase classname="src.pymortests.grid" file="src/pymortests/grid.py" line="191" name="test_superentities_each_superentity_has_entry[&lt;lambda&gt;14]" time="0.0003981590270996094"><skipped message="Suite splitting in effect" type="pytest.skip">src/pymortests/grid.py:191: Suite splitting in effect</skipped></testcase><testcase classname="src.pymortests.grid" file="src/pymortests/grid.py" line="191" name="test_superentities_each_superentity_has_entry[&lt;lambda&gt;15]" time="0.00040078163146972656"><skipped message="Suite splitting in effect" type="pytest.skip">src/pymortests/grid.py:191: Suite splitting in effect</skipped></testcase><testcase classname="src.pymortests.grid" file="src/pymortests/grid.py" line="191" name="test_superentities_each_superentity_has_entry[&lt;lambda&gt;16]" time="0.000400543212890625"><skipped message="Suite splitting in effect" type="pytest.skip">src/pymortests/grid.py:191: Suite splitting in effect</skipped></testcase><testcase classname="src.pymortests.grid" file="src/pymortests/grid.py" line="191" name="test_superentities_each_superentity_has_entry[&lt;lambda&gt;17]" time="0.00039839744567871094"><skipped message="Suite splitting in effect" type="pytest.skip">src/pymortests/grid.py:191: Suite splitting in effect</skipped></testcase><testcase classname="src.pymortests.grid" file="src/pymortests/grid.py" line="191" name="test_superentities_each_superentity_has_entry[&lt;lambda&gt;18]" time="0.00042819976806640625"><skipped message="Suite splitting in effect" type="pytest.skip">src/pymortests/grid.py:191: Suite splitting in effect</skipped></testcase><testcase classname="src.pymortests.grid" file="src/pymortests/grid.py" line="191" name="test_superentities_each_superentity_has_entry[&lt;lambda&gt;19]" time="0.0004467964172363281"><skipped message="Suite splitting in effect" type="pytest.skip">src/pymortests/grid.py:191: Suite splitting in effect</skipped></testcase><testcase classname="src.pymortests.grid" file="src/pymortests/grid.py" line="191" name="test_superentities_each_superentity_has_entry[&lt;lambda&gt;20]" time="0.00042057037353515625"><skipped message="Suite splitting in effect" type="pytest.skip">src/pymortests/grid.py:191: Suite splitting in effect</skipped></testcase><testcase classname="src.pymortests.grid" file="src/pymortests/grid.py" line="191" name="test_superentities_each_superentity_has_entry[&lt;lambda&gt;21]" time="0.00042176246643066406"><skipped message="Suite splitting in effect" type="pytest.skip">src/pymortests/grid.py:191: Suite splitting in effect</skipped></testcase><testcase classname="src.pymortests.grid" file="src/pymortests/grid.py" line="191" name="test_superentities_each_superentity_has_entry[&lt;lambda&gt;22]" time="0.00042724609375"><skipped message="Suite splitting in effect" type="pytest.skip">src/pymortests/grid.py:191: Suite splitting in effect</skipped></testcase><testcase classname="src.pymortests.grid" file="src/pymortests/grid.py" line="191" name="test_superentities_each_superentity_has_entry[&lt;lambda&gt;23]" time="0.0004050731658935547"><skipped message="Suite splitting in effect" type="pytest.skip">src/pymortests/grid.py:191: Suite splitting in effect</skipped></testcase><testcase classname="src.pymortests.grid" file="src/pymortests/grid.py" line="191" name="test_superentities_each_superentity_has_entry[&lt;lambda&gt;24]" time="0.0004482269287109375"><skipped message="Suite splitting in effect" type="pytest.skip">src/pymortests/grid.py:191: Suite splitting in effect</skipped></testcase><testcase classname="src.pymortests.grid" file="src/pymortests/grid.py" line="191" name="test_superentities_each_superentity_has_entry[&lt;lambda&gt;25]" time="0.0004267692565917969"><skipped message="Suite splitting in effect" type="pytest.skip">src/pymortests/grid.py:191: Suite splitting in effect</skipped></testcase><testcase classname="src.pymortests.grid" file="src/pymortests/grid.py" line="191" name="test_superentities_each_superentity_has_entry[&lt;lambda&gt;26]" time="0.0004069805145263672"><skipped message="Suite splitting in effect" type="pytest.skip">src/pymortests/grid.py:191: Suite splitting in effect</skipped></testcase><testcase classname="src.pymortests.grid" file="src/pymortests/grid.py" line="191" name="test_superentities_each_superentity_has_entry[&lt;lambda&gt;27]" time="0.0004303455352783203"><skipped message="Suite splitting in effect" type="pytest.skip">src/pymortests/grid.py:191: Suite splitting in effect</skipped></testcase><testcase classname="src.pymortests.grid" file="src/pymortests/grid.py" line="191" name="test_superentities_each_superentity_has_entry[&lt;lambda&gt;28]" time="0.00039958953857421875"><skipped message="Suite splitting in effect" type="pytest.skip">src/pymortests/grid.py:191: Suite splitting in effect</skipped></testcase><testcase classname="src.pymortests.grid" file="src/pymortests/grid.py" line="191" name="test_superentities_each_superentity_has_entry[&lt;lambda&gt;29]" time="0.00042700767517089844"><skipped message="Suite splitting in effect" type="pytest.skip">src/pymortests/grid.py:191: Suite splitting in effect</skipped></testcase><testcase classname="src.pymortests.grid" file="src/pymortests/grid.py" line="191" name="test_superentities_each_superentity_has_entry[&lt;lambda&gt;30]" time="0.0004093647003173828"><skipped message="Suite splitting in effect" type="pytest.skip">src/pymortests/grid.py:191: Suite splitting in effect</skipped></testcase><testcase classname="src.pymortests.grid" file="src/pymortests/grid.py" line="191" name="test_superentities_each_superentity_has_entry[&lt;lambda&gt;31]" time="0.0004291534423828125"><skipped message="Suite splitting in effect" type="pytest.skip">src/pymortests/grid.py:191: Suite splitting in effect</skipped></testcase><testcase classname="src.pymortests.grid" file="src/pymortests/grid.py" line="191" name="test_superentities_each_superentity_has_entry[&lt;lambda&gt;32]" time="0.00039196014404296875"><skipped message="Suite splitting in effect" type="pytest.skip">src/pymortests/grid.py:191: Suite splitting in effect</skipped></testcase><testcase classname="src.pymortests.grid" file="src/pymortests/grid.py" line="191" name="test_superentities_each_superentity_has_entry[&lt;lambda&gt;33]" time="0.00042247772216796875"><skipped message="Suite splitting in effect" type="pytest.skip">src/pymortests/grid.py:191: Suite splitting in effect</skipped></testcase><testcase classname="src.pymortests.grid" file="src/pymortests/grid.py" line="191" name="test_superentities_each_superentity_has_entry[&lt;lambda&gt;34]" time="0.0004334449768066406"><skipped message="Suite splitting in effect" type="pytest.skip">src/pymortests/grid.py:191: Suite splitting in effect</skipped></testcase><testcase classname="src.pymortests.grid" file="src/pymortests/grid.py" line="191" name="test_superentities_each_superentity_has_entry[&lt;lambda&gt;35]" time="0.0003917217254638672"><skipped message="Suite splitting in effect" type="pytest.skip">src/pymortests/grid.py:191: Suite splitting in effect</skipped></testcase><testcase classname="src.pymortests.grid" file="src/pymortests/grid.py" line="191" name="test_superentities_each_superentity_has_entry[&lt;lambda&gt;36]" time="0.000446319580078125"><skipped message="Suite splitting in effect" type="pytest.skip">src/pymortests/grid.py:191: Suite splitting in effect</skipped></testcase><testcase classname="src.pymortests.grid" file="src/pymortests/grid.py" line="191" name="test_superentities_each_superentity_has_entry[&lt;lambda&gt;37]" time="0.00041961669921875"><skipped message="Suite splitting in effect" type="pytest.skip">src/pymortests/grid.py:191: Suite splitting in effect</skipped></testcase><testcase classname="src.pymortests.grid" file="src/pymortests/grid.py" line="191" name="test_superentities_each_superentity_has_entry[&lt;lambda&gt;38]" time="0.00040340423583984375"><skipped message="Suite splitting in effect" type="pytest.skip">src/pymortests/grid.py:191: Suite splitting in effect</skipped></testcase><testcase classname="src.pymortests.grid" file="src/pymortests/grid.py" line="191" name="test_superentities_each_superentity_has_entry[&lt;lambda&gt;39]" time="0.0004210472106933594"><skipped message="Suite splitting in effect" type="pytest.skip">src/pymortests/grid.py:191: Suite splitting in effect</skipped></testcase><testcase classname="src.pymortests.grid" file="src/pymortests/grid.py" line="191" name="test_superentities_each_superentity_has_entry[&lt;lambda&gt;40]" time="0.0003943443298339844"><skipped message="Suite splitting in effect" type="pytest.skip">src/pymortests/grid.py:191: Suite splitting in effect</skipped></testcase><testcase classname="src.pymortests.grid" file="src/pymortests/grid.py" line="191" name="test_superentities_each_superentity_has_entry[&lt;lambda&gt;41]" time="0.0004341602325439453"><skipped message="Suite splitting in effect" type="pytest.skip">src/pymortests/grid.py:191: Suite splitting in effect</skipped></testcase><testcase classname="src.pymortests.grid" file="src/pymortests/grid.py" line="191" name="test_superentities_each_superentity_has_entry[&lt;lambda&gt;42]" time="0.0007147789001464844"><skipped message="Suite splitting in effect" type="pytest.skip">src/pymortests/grid.py:191: Suite splitting in effect</skipped></testcase><testcase classname="src.pymortests.grid" file="src/pymortests/grid.py" line="203" name="test_superentity_indices_wrong_arguments[&lt;lambda&gt;0]" time="0.0003986358642578125"><skipped message="Suite splitting in effect" type="pytest.skip">src/pymortests/grid.py:203: Suite splitting in effect</skipped></testcase><testcase classname="src.pymortests.grid" file="src/pymortests/grid.py" line="203" name="test_superentity_indices_wrong_arguments[&lt;lambda&gt;1]" time="0.0004482269287109375"><skipped message="Suite splitting in effect" type="pytest.skip">src/pymortests/grid.py:203: Suite splitting in effect</skipped></testcase><testcase classname="src.pymortests.grid" file="src/pymortests/grid.py" line="203" name="test_superentity_indices_wrong_arguments[&lt;lambda&gt;2]" time="0.00040721893310546875"><skipped message="Suite splitting in effect" type="pytest.skip">src/pymortests/grid.py:203: Suite splitting in effect</skipped></testcase><testcase classname="src.pymortests.grid" file="src/pymortests/grid.py" line="203" name="test_superentity_indices_wrong_arguments[&lt;lambda&gt;3]" time="0.0004258155822753906"><skipped message="Suite splitting in effect" type="pytest.skip">src/pymortests/grid.py:203: Suite splitting in effect</skipped></testcase><testcase classname="src.pymortests.grid" file="src/pymortests/grid.py" line="203" name="test_superentity_indices_wrong_arguments[&lt;lambda&gt;4]" time="0.0004107952117919922"><skipped message="Suite splitting in effect" type="pytest.skip">src/pymortests/grid.py:203: Suite splitting in effect</skipped></testcase><testcase classname="src.pymortests.grid" file="src/pymortests/grid.py" line="203" name="test_superentity_indices_wrong_arguments[&lt;lambda&gt;5]" time="0.00042366981506347656"><skipped message="Suite splitting in effect" type="pytest.skip">src/pymortests/grid.py:203: Suite splitting in effect</skipped></testcase><testcase classname="src.pymortests.grid" file="src/pymortests/grid.py" line="203" name="test_superentity_indices_wrong_arguments[&lt;lambda&gt;6]" time="0.0004115104675292969"><skipped message="Suite splitting in effect" type="pytest.skip">src/pymortests/grid.py:203: Suite splitting in effect</skipped></testcase><testcase classname="src.pymortests.grid" file="src/pymortests/grid.py" line="203" name="test_superentity_indices_wrong_arguments[&lt;lambda&gt;7]" time="0.0004355907440185547"><skipped message="Suite splitting in effect" type="pytest.skip">src/pymortests/grid.py:203: Suite splitting in effect</skipped></testcase><testcase classname="src.pymortests.grid" file="src/pymortests/grid.py" line="203" name="test_superentity_indices_wrong_arguments[&lt;lambda&gt;8]" time="0.00041294097900390625"><skipped message="Suite splitting in effect" type="pytest.skip">src/pymortests/grid.py:203: Suite splitting in effect</skipped></testcase><testcase classname="src.pymortests.grid" file="src/pymortests/grid.py" line="203" name="test_superentity_indices_wrong_arguments[&lt;lambda&gt;9]" time="0.0004401206970214844"><skipped message="Suite splitting in effect" type="pytest.skip">src/pymortests/grid.py:203: Suite splitting in effect</skipped></testcase><testcase classname="src.pymortests.grid" file="src/pymortests/grid.py" line="203" name="test_superentity_indices_wrong_arguments[&lt;lambda&gt;10]" time="0.0003979206085205078"><skipped message="Suite splitting in effect" type="pytest.skip">src/pymortests/grid.py:203: Suite splitting in effect</skipped></testcase><testcase classname="src.pymortests.grid" file="src/pymortests/grid.py" line="203" name="test_superentity_indices_wrong_arguments[&lt;lambda&gt;11]" time="0.0004439353942871094"><skipped message="Suite splitting in effect" type="pytest.skip">src/pymortests/grid.py:203: Suite splitting in effect</skipped></testcase><testcase classname="src.pymortests.grid" file="src/pymortests/grid.py" line="203" name="test_superentity_indices_wrong_arguments[&lt;lambda&gt;12]" time="0.00039505958557128906"><skipped message="Suite splitting in effect" type="pytest.skip">src/pymortests/grid.py:203: Suite splitting in effect</skipped></testcase><testcase classname="src.pymortests.grid" file="src/pymortests/grid.py" line="203" name="test_superentity_indices_wrong_arguments[&lt;lambda&gt;13]" time="0.00041937828063964844"><skipped message="Suite splitting in effect" type="pytest.skip">src/pymortests/grid.py:203: Suite splitting in effect</skipped></testcase><testcase classname="src.pymortests.grid" file="src/pymortests/grid.py" line="203" name="test_superentity_indices_wrong_arguments[&lt;lambda&gt;14]" time="0.00043463706970214844"><skipped message="Suite splitting in effect" type="pytest.skip">src/pymortests/grid.py:203: Suite splitting in effect</skipped></testcase><testcase classname="src.pymortests.grid" file="src/pymortests/grid.py" line="203" name="test_superentity_indices_wrong_arguments[&lt;lambda&gt;15]" time="0.0003936290740966797"><skipped message="Suite splitting in effect" type="pytest.skip">src/pymortests/grid.py:203: Suite splitting in effect</skipped></testcase><testcase classname="src.pymortests.grid" file="src/pymortests/grid.py" line="203" name="test_superentity_indices_wrong_arguments[&lt;lambda&gt;16]" time="0.00045371055603027344"><skipped message="Suite splitting in effect" type="pytest.skip">src/pymortests/grid.py:203: Suite splitting in effect</skipped></testcase><testcase classname="src.pymortests.grid" file="src/pymortests/grid.py" line="203" name="test_superentity_indices_wrong_arguments[&lt;lambda&gt;17]" time="0.0003910064697265625"><skipped message="Suite splitting in effect" type="pytest.skip">src/pymortests/grid.py:203: Suite splitting in effect</skipped></testcase><testcase classname="src.pymortests.grid" file="src/pymortests/grid.py" line="203" name="test_superentity_indices_wrong_arguments[&lt;lambda&gt;18]" time="0.00043702125549316406"><skipped message="Suite splitting in effect" type="pytest.skip">src/pymortests/grid.py:203: Suite splitting in effect</skipped></testcase><testcase classname="src.pymortests.grid" file="src/pymortests/grid.py" line="203" name="test_superentity_indices_wrong_arguments[&lt;lambda&gt;19]" time="0.0003933906555175781"><skipped message="Suite splitting in effect" type="pytest.skip">src/pymortests/grid.py:203: Suite splitting in effect</skipped></testcase><testcase classname="src.pymortests.grid" file="src/pymortests/grid.py" line="203" name="test_superentity_indices_wrong_arguments[&lt;lambda&gt;20]" time="0.00040030479431152344"><skipped message="Suite splitting in effect" type="pytest.skip">src/pymortests/grid.py:203: Suite splitting in effect</skipped></testcase><testcase classname="src.pymortests.grid" file="src/pymortests/grid.py" line="203" name="test_superentity_indices_wrong_arguments[&lt;lambda&gt;21]" time="0.00039577484130859375"><skipped message="Suite splitting in effect" type="pytest.skip">src/pymortests/grid.py:203: Suite splitting in effect</skipped></testcase><testcase classname="src.pymortests.grid" file="src/pymortests/grid.py" line="203" name="test_superentity_indices_wrong_arguments[&lt;lambda&gt;22]" time="0.0003986358642578125"><skipped message="Suite splitting in effect" type="pytest.skip">src/pymortests/grid.py:203: Suite splitting in effect</skipped></testcase><testcase classname="src.pymortests.grid" file="src/pymortests/grid.py" line="203" name="test_superentity_indices_wrong_arguments[&lt;lambda&gt;23]" time="0.0004367828369140625"><skipped message="Suite splitting in effect" type="pytest.skip">src/pymortests/grid.py:203: Suite splitting in effect</skipped></testcase><testcase classname="src.pymortests.grid" file="src/pymortests/grid.py" line="203" name="test_superentity_indices_wrong_arguments[&lt;lambda&gt;24]" time="0.0004076957702636719"><skipped message="Suite splitting in effect" type="pytest.skip">src/pymortests/grid.py:203: Suite splitting in effect</skipped></testcase><testcase classname="src.pymortests.grid" file="src/pymortests/grid.py" line="203" name="test_superentity_indices_wrong_arguments[&lt;lambda&gt;25]" time="0.0004546642303466797"><skipped message="Suite splitting in effect" type="pytest.skip">src/pymortests/grid.py:203: Suite splitting in effect</skipped></testcase><testcase classname="src.pymortests.grid" file="src/pymortests/grid.py" line="203" name="test_superentity_indices_wrong_arguments[&lt;lambda&gt;26]" time="0.00039768218994140625"><skipped message="Suite splitting in effect" type="pytest.skip">src/pymortests/grid.py:203: Suite splitting in effect</skipped></testcase><testcase classname="src.pymortests.grid" file="src/pymortests/grid.py" line="203" name="test_superentity_indices_wrong_arguments[&lt;lambda&gt;27]" time="0.00042366981506347656"><skipped message="Suite splitting in effect" type="pytest.skip">src/pymortests/grid.py:203: Suite splitting in effect</skipped></testcase><testcase classname="src.pymortests.grid" file="src/pymortests/grid.py" line="203" name="test_superentity_indices_wrong_arguments[&lt;lambda&gt;28]" time="0.00044608116149902344"><skipped message="Suite splitting in effect" type="pytest.skip">src/pymortests/grid.py:203: Suite splitting in effect</skipped></testcase><testcase classname="src.pymortests.grid" file="src/pymortests/grid.py" line="203" name="test_superentity_indices_wrong_arguments[&lt;lambda&gt;29]" time="0.0006456375122070312"><skipped message="Suite splitting in effect" type="pytest.skip">src/pymortests/grid.py:203: Suite splitting in effect</skipped></testcase><testcase classname="src.pymortests.grid" file="src/pymortests/grid.py" line="203" name="test_superentity_indices_wrong_arguments[&lt;lambda&gt;30]" time="0.0003955364227294922"><skipped message="Suite splitting in effect" type="pytest.skip">src/pymortests/grid.py:203: Suite splitting in effect</skipped></testcase><testcase classname="src.pymortests.grid" file="src/pymortests/grid.py" line="203" name="test_superentity_indices_wrong_arguments[&lt;lambda&gt;31]" time="0.0003948211669921875"><skipped message="Suite splitting in effect" type="pytest.skip">src/pymortests/grid.py:203: Suite splitting in effect</skipped></testcase><testcase classname="src.pymortests.grid" file="src/pymortests/grid.py" line="203" name="test_superentity_indices_wrong_arguments[&lt;lambda&gt;32]" time="0.0003941059112548828"><skipped message="Suite splitting in effect" type="pytest.skip">src/pymortests/grid.py:203: Suite splitting in effect</skipped></testcase><testcase classname="src.pymortests.grid" file="src/pymortests/grid.py" line="203" name="test_superentity_indices_wrong_arguments[&lt;lambda&gt;33]" time="0.0004241466522216797"><skipped message="Suite splitting in effect" type="pytest.skip">src/pymortests/grid.py:203: Suite splitting in effect</skipped></testcase><testcase classname="src.pymortests.grid" file="src/pymortests/grid.py" line="203" name="test_superentity_indices_wrong_arguments[&lt;lambda&gt;34]" time="0.0003998279571533203"><skipped message="Suite splitting in effect" type="pytest.skip">src/pymortests/grid.py:203: Suite splitting in effect</skipped></testcase><testcase classname="src.pymortests.grid" file="src/pymortests/grid.py" line="203" name="test_superentity_indices_wrong_arguments[&lt;lambda&gt;35]" time="0.00042319297790527344"><skipped message="Suite splitting in effect" type="pytest.skip">src/pymortests/grid.py:203: Suite splitting in effect</skipped></testcase><testcase classname="src.pymortests.grid" file="src/pymortests/grid.py" line="203" name="test_superentity_indices_wrong_arguments[&lt;lambda&gt;36]" time="0.0004200935363769531"><skipped message="Suite splitting in effect" type="pytest.skip">src/pymortests/grid.py:203: Suite splitting in effect</skipped></testcase><testcase classname="src.pymortests.grid" file="src/pymortests/grid.py" line="203" name="test_superentity_indices_wrong_arguments[&lt;lambda&gt;37]" time="0.0003974437713623047"><skipped message="Suite splitting in effect" type="pytest.skip">src/pymortests/grid.py:203: Suite splitting in effect</skipped></testcase><testcase classname="src.pymortests.grid" file="src/pymortests/grid.py" line="203" name="test_superentity_indices_wrong_arguments[&lt;lambda&gt;38]" time="0.00039696693420410156"><skipped message="Suite splitting in effect" type="pytest.skip">src/pymortests/grid.py:203: Suite splitting in effect</skipped></testcase><testcase classname="src.pymortests.grid" file="src/pymortests/grid.py" line="203" name="test_superentity_indices_wrong_arguments[&lt;lambda&gt;39]" time="0.0004220008850097656"><skipped message="Suite splitting in effect" type="pytest.skip">src/pymortests/grid.py:203: Suite splitting in effect</skipped></testcase><testcase classname="src.pymortests.grid" file="src/pymortests/grid.py" line="203" name="test_superentity_indices_wrong_arguments[&lt;lambda&gt;40]" time="0.0004208087921142578"><skipped message="Suite splitting in effect" type="pytest.skip">src/pymortests/grid.py:203: Suite splitting in effect</skipped></testcase><testcase classname="src.pymortests.grid" file="src/pymortests/grid.py" line="203" name="test_superentity_indices_wrong_arguments[&lt;lambda&gt;41]" time="0.00042748451232910156"><skipped message="Suite splitting in effect" type="pytest.skip">src/pymortests/grid.py:203: Suite splitting in effect</skipped></testcase><testcase classname="src.pymortests.grid" file="src/pymortests/grid.py" line="203" name="test_superentity_indices_wrong_arguments[&lt;lambda&gt;42]" time="0.0004761219024658203"><skipped message="Suite splitting in effect" type="pytest.skip">src/pymortests/grid.py:203: Suite splitting in effect</skipped></testcase><testcase classname="src.pymortests.grid" file="src/pymortests/grid.py" line="218" name="test_superentity_indices_shape[&lt;lambda&gt;0]" time="0.00042700767517089844"><skipped message="Suite splitting in effect" type="pytest.skip">src/pymortests/grid.py:218: Suite splitting in effect</skipped></testcase><testcase classname="src.pymortests.grid" file="src/pymortests/grid.py" line="218" name="test_superentity_indices_shape[&lt;lambda&gt;1]" time="0.0004284381866455078"><skipped message="Suite splitting in effect" type="pytest.skip">src/pymortests/grid.py:218: Suite splitting in effect</skipped></testcase><testcase classname="src.pymortests.grid" file="src/pymortests/grid.py" line="218" name="test_superentity_indices_shape[&lt;lambda&gt;2]" time="0.00041174888610839844"><skipped message="Suite splitting in effect" type="pytest.skip">src/pymortests/grid.py:218: Suite splitting in effect</skipped></testcase><testcase classname="src.pymortests.grid" file="src/pymortests/grid.py" line="218" name="test_superentity_indices_shape[&lt;lambda&gt;3]" time="0.0004680156707763672"><skipped message="Suite splitting in effect" type="pytest.skip">src/pymortests/grid.py:218: Suite splitting in effect</skipped></testcase><testcase classname="src.pymortests.grid" file="src/pymortests/grid.py" line="218" name="test_superentity_indices_shape[&lt;lambda&gt;4]" time="0.0004646778106689453"><skipped message="Suite splitting in effect" type="pytest.skip">src/pymortests/grid.py:218: Suite splitting in effect</skipped></testcase><testcase classname="src.pymortests.grid" file="src/pymortests/grid.py" line="218" name="test_superentity_indices_shape[&lt;lambda&gt;5]" time="0.0004029273986816406"><skipped message="Suite splitting in effect" type="pytest.skip">src/pymortests/grid.py:218: Suite splitting in effect</skipped></testcase><testcase classname="src.pymortests.grid" file="src/pymortests/grid.py" line="218" name="test_superentity_indices_shape[&lt;lambda&gt;6]" time="0.00045108795166015625"><skipped message="Suite splitting in effect" type="pytest.skip">src/pymortests/grid.py:218: Suite splitting in effect</skipped></testcase><testcase classname="src.pymortests.grid" file="src/pymortests/grid.py" line="218" name="test_superentity_indices_shape[&lt;lambda&gt;7]" time="0.0003986358642578125"><skipped message="Suite splitting in effect" type="pytest.skip">src/pymortests/grid.py:218: Suite splitting in effect</skipped></testcase><testcase classname="src.pymortests.grid" file="src/pymortests/grid.py" line="218" name="test_superentity_indices_shape[&lt;lambda&gt;8]" time="0.0004265308380126953"><skipped message="Suite splitting in effect" type="pytest.skip">src/pymortests/grid.py:218: Suite splitting in effect</skipped></testcase><testcase classname="src.pymortests.grid" file="src/pymortests/grid.py" line="218" name="test_superentity_indices_shape[&lt;lambda&gt;9]" time="0.00040721893310546875"><skipped message="Suite splitting in effect" type="pytest.skip">src/pymortests/grid.py:218: Suite splitting in effect</skipped></testcase><testcase classname="src.pymortests.grid" file="src/pymortests/grid.py" line="218" name="test_superentity_indices_shape[&lt;lambda&gt;10]" time="0.00045108795166015625"><skipped message="Suite splitting in effect" type="pytest.skip">src/pymortests/grid.py:218: Suite splitting in effect</skipped></testcase><testcase classname="src.pymortests.grid" file="src/pymortests/grid.py" line="218" name="test_superentity_indices_shape[&lt;lambda&gt;11]" time="0.0004074573516845703"><skipped message="Suite splitting in effect" type="pytest.skip">src/pymortests/grid.py:218: Suite splitting in effect</skipped></testcase><testcase classname="src.pymortests.grid" file="src/pymortests/grid.py" line="218" name="test_superentity_indices_shape[&lt;lambda&gt;12]" time="0.0004203319549560547"><skipped message="Suite splitting in effect" type="pytest.skip">src/pymortests/grid.py:218: Suite splitting in effect</skipped></testcase><testcase classname="src.pymortests.grid" file="src/pymortests/grid.py" line="218" name="test_superentity_indices_shape[&lt;lambda&gt;13]" time="0.0003876686096191406"><skipped message="Suite splitting in effect" type="pytest.skip">src/pymortests/grid.py:218: Suite splitting in effect</skipped></testcase><testcase classname="src.pymortests.grid" file="src/pymortests/grid.py" line="218" name="test_superentity_indices_shape[&lt;lambda&gt;14]" time="0.0004177093505859375"><skipped message="Suite splitting in effect" type="pytest.skip">src/pymortests/grid.py:218: Suite splitting in effect</skipped></testcase><testcase classname="src.pymortests.grid" file="src/pymortests/grid.py" line="218" name="test_superentity_indices_shape[&lt;lambda&gt;15]" time="0.00043463706970214844"><skipped message="Suite splitting in effect" type="pytest.skip">src/pymortests/grid.py:218: Suite splitting in effect</skipped></testcase><testcase classname="src.pymortests.grid" file="src/pymortests/grid.py" line="218" name="test_superentity_indices_shape[&lt;lambda&gt;16]" time="0.0003962516784667969"><skipped message="Suite splitting in effect" type="pytest.skip">src/pymortests/grid.py:218: Suite splitting in effect</skipped></testcase><testcase classname="src.pymortests.grid" file="src/pymortests/grid.py" line="218" name="test_superentity_indices_shape[&lt;lambda&gt;17]" time="0.0004763603210449219"><skipped message="Suite splitting in effect" type="pytest.skip">src/pymortests/grid.py:218: Suite splitting in effect</skipped></testcase><testcase classname="src.pymortests.grid" file="src/pymortests/grid.py" line="218" name="test_superentity_indices_shape[&lt;lambda&gt;18]" time="0.0005288124084472656"><skipped message="Suite splitting in effect" type="pytest.skip">src/pymortests/grid.py:218: Suite splitting in effect</skipped></testcase><testcase classname="src.pymortests.grid" file="src/pymortests/grid.py" line="218" name="test_superentity_indices_shape[&lt;lambda&gt;19]" time="0.000392913818359375"><skipped message="Suite splitting in effect" type="pytest.skip">src/pymortests/grid.py:218: Suite splitting in effect</skipped></testcase><testcase classname="src.pymortests.grid" file="src/pymortests/grid.py" line="218" name="test_superentity_indices_shape[&lt;lambda&gt;20]" time="0.00039076805114746094"><skipped message="Suite splitting in effect" type="pytest.skip">src/pymortests/grid.py:218: Suite splitting in effect</skipped></testcase><testcase classname="src.pymortests.grid" file="src/pymortests/grid.py" line="218" name="test_superentity_indices_shape[&lt;lambda&gt;21]" time="0.0003905296325683594"><skipped message="Suite splitting in effect" type="pytest.skip">src/pymortests/grid.py:218: Suite splitting in effect</skipped></testcase><testcase classname="src.pymortests.grid" file="src/pymortests/grid.py" line="218" name="test_superentity_indices_shape[&lt;lambda&gt;22]" time="0.0003941059112548828"><skipped message="Suite splitting in effect" type="pytest.skip">src/pymortests/grid.py:218: Suite splitting in effect</skipped></testcase><testcase classname="src.pymortests.grid" file="src/pymortests/grid.py" line="218" name="test_superentity_indices_shape[&lt;lambda&gt;23]" time="0.00040602684020996094"><skipped message="Suite splitting in effect" type="pytest.skip">src/pymortests/grid.py:218: Suite splitting in effect</skipped></testcase><testcase classname="src.pymortests.grid" file="src/pymortests/grid.py" line="218" name="test_superentity_indices_shape[&lt;lambda&gt;24]" time="0.00044918060302734375"><skipped message="Suite splitting in effect" type="pytest.skip">src/pymortests/grid.py:218: Suite splitting in effect</skipped></testcase><testcase classname="src.pymortests.grid" file="src/pymortests/grid.py" line="218" name="test_superentity_indices_shape[&lt;lambda&gt;25]" time="0.00040030479431152344"><skipped message="Suite splitting in effect" type="pytest.skip">src/pymortests/grid.py:218: Suite splitting in effect</skipped></testcase><testcase classname="src.pymortests.grid" file="src/pymortests/grid.py" line="218" name="test_superentity_indices_shape[&lt;lambda&gt;26]" time="0.0004303455352783203"><skipped message="Suite splitting in effect" type="pytest.skip">src/pymortests/grid.py:218: Suite splitting in effect</skipped></testcase><testcase classname="src.pymortests.grid" file="src/pymortests/grid.py" line="218" name="test_superentity_indices_shape[&lt;lambda&gt;27]" time="0.0003924369812011719"><skipped message="Suite splitting in effect" type="pytest.skip">src/pymortests/grid.py:218: Suite splitting in effect</skipped></testcase><testcase classname="src.pymortests.grid" file="src/pymortests/grid.py" line="218" name="test_superentity_indices_shape[&lt;lambda&gt;28]" time="0.00040984153747558594"><skipped message="Suite splitting in effect" type="pytest.skip">src/pymortests/grid.py:218: Suite splitting in effect</skipped></testcase><testcase classname="src.pymortests.grid" file="src/pymortests/grid.py" line="218" name="test_superentity_indices_shape[&lt;lambda&gt;29]" time="0.0004241466522216797"><skipped message="Suite splitting in effect" type="pytest.skip">src/pymortests/grid.py:218: Suite splitting in effect</skipped></testcase><testcase classname="src.pymortests.grid" file="src/pymortests/grid.py" line="218" name="test_superentity_indices_shape[&lt;lambda&gt;30]" time="0.00039458274841308594"><skipped message="Suite splitting in effect" type="pytest.skip">src/pymortests/grid.py:218: Suite splitting in effect</skipped></testcase><testcase classname="src.pymortests.grid" file="src/pymortests/grid.py" line="218" name="test_superentity_indices_shape[&lt;lambda&gt;31]" time="0.0004885196685791016"><skipped message="Suite splitting in effect" type="pytest.skip">src/pymortests/grid.py:218: Suite splitting in effect</skipped></testcase><testcase classname="src.pymortests.grid" file="src/pymortests/grid.py" line="218" name="test_superentity_indices_shape[&lt;lambda&gt;32]" time="0.0004916191101074219"><skipped message="Suite splitting in effect" type="pytest.skip">src/pymortests/grid.py:218: Suite splitting in effect</skipped></testcase><testcase classname="src.pymortests.grid" file="src/pymortests/grid.py" line="218" name="test_superentity_indices_shape[&lt;lambda&gt;33]" time="0.0004024505615234375"><skipped message="Suite splitting in effect" type="pytest.skip">src/pymortests/grid.py:218: Suite splitting in effect</skipped></testcase><testcase classname="src.pymortests.grid" file="src/pymortests/grid.py" line="218" name="test_superentity_indices_shape[&lt;lambda&gt;34]" time="0.0003993511199951172"><skipped message="Suite splitting in effect" type="pytest.skip">src/pymortests/grid.py:218: Suite splitting in effect</skipped></testcase><testcase classname="src.pymortests.grid" file="src/pymortests/grid.py" line="218" name="test_superentity_indices_shape[&lt;lambda&gt;35]" time="0.0003921985626220703"><skipped message="Suite splitting in effect" type="pytest.skip">src/pymortests/grid.py:218: Suite splitting in effect</skipped></testcase><testcase classname="src.pymortests.grid" file="src/pymortests/grid.py" line="218" name="test_superentity_indices_shape[&lt;lambda&gt;36]" time="0.0004343986511230469"><skipped message="Suite splitting in effect" type="pytest.skip">src/pymortests/grid.py:218: Suite splitting in effect</skipped></testcase><testcase classname="src.pymortests.grid" file="src/pymortests/grid.py" line="218" name="test_superentity_indices_shape[&lt;lambda&gt;37]" time="0.00045371055603027344"><skipped message="Suite splitting in effect" type="pytest.skip">src/pymortests/grid.py:218: Suite splitting in effect</skipped></testcase><testcase classname="src.pymortests.grid" file="src/pymortests/grid.py" line="218" name="test_superentity_indices_shape[&lt;lambda&gt;38]" time="0.0005750656127929688"><skipped message="Suite splitting in effect" type="pytest.skip">src/pymortests/grid.py:218: Suite splitting in effect</skipped></testcase><testcase classname="src.pymortests.grid" file="src/pymortests/grid.py" line="218" name="test_superentity_indices_shape[&lt;lambda&gt;39]" time="0.0004730224609375"><skipped message="Suite splitting in effect" type="pytest.skip">src/pymortests/grid.py:218: Suite splitting in effect</skipped></testcase><testcase classname="src.pymortests.grid" file="src/pymortests/grid.py" line="218" name="test_superentity_indices_shape[&lt;lambda&gt;40]" time="0.0004315376281738281"><skipped message="Suite splitting in effect" type="pytest.skip">src/pymortests/grid.py:218: Suite splitting in effect</skipped></testcase><testcase classname="src.pymortests.grid" file="src/pymortests/grid.py" line="218" name="test_superentity_indices_shape[&lt;lambda&gt;41]" time="0.0006265640258789062"><skipped message="Suite splitting in effect" type="pytest.skip">src/pymortests/grid.py:218: Suite splitting in effect</skipped></testcase><testcase classname="src.pymortests.grid" file="src/pymortests/grid.py" line="218" name="test_superentity_indices_shape[&lt;lambda&gt;42]" time="0.00054168701171875"><skipped message="Suite splitting in effect" type="pytest.skip">src/pymortests/grid.py:218: Suite splitting in effect</skipped></testcase><testcase classname="src.pymortests.grid" file="src/pymortests/grid.py" line="225" name="test_superentity_indices_dtype[&lt;lambda&gt;0]" time="0.000484466552734375"><skipped message="Suite splitting in effect" type="pytest.skip">src/pymortests/grid.py:225: Suite splitting in effect</skipped></testcase><testcase classname="src.pymortests.grid" file="src/pymortests/grid.py" line="225" name="test_superentity_indices_dtype[&lt;lambda&gt;1]" time="0.0005095005035400391"><skipped message="Suite splitting in effect" type="pytest.skip">src/pymortests/grid.py:225: Suite splitting in effect</skipped></testcase><testcase classname="src.pymortests.grid" file="src/pymortests/grid.py" line="225" name="test_superentity_indices_dtype[&lt;lambda&gt;2]" time="0.0004012584686279297"><skipped message="Suite splitting in effect" type="pytest.skip">src/pymortests/grid.py:225: Suite splitting in effect</skipped></testcase><testcase classname="src.pymortests.grid" file="src/pymortests/grid.py" line="225" name="test_superentity_indices_dtype[&lt;lambda&gt;3]" time="0.00046515464782714844"><skipped message="Suite splitting in effect" type="pytest.skip">src/pymortests/grid.py:225: Suite splitting in effect</skipped></testcase><testcase classname="src.pymortests.grid" file="src/pymortests/grid.py" line="225" name="test_superentity_indices_dtype[&lt;lambda&gt;4]" time="0.0003962516784667969"><skipped message="Suite splitting in effect" type="pytest.skip">src/pymortests/grid.py:225: Suite splitting in effect</skipped></testcase><testcase classname="src.pymortests.grid" file="src/pymortests/grid.py" line="225" name="test_superentity_indices_dtype[&lt;lambda&gt;5]" time="0.0004260540008544922"><skipped message="Suite splitting in effect" type="pytest.skip">src/pymortests/grid.py:225: Suite splitting in effect</skipped></testcase><testcase classname="src.pymortests.grid" file="src/pymortests/grid.py" line="225" name="test_superentity_indices_dtype[&lt;lambda&gt;6]" time="0.0004019737243652344"><skipped message="Suite splitting in effect" type="pytest.skip">src/pymortests/grid.py:225: Suite splitting in effect</skipped></testcase><testcase classname="src.pymortests.grid" file="src/pymortests/grid.py" line="225" name="test_superentity_indices_dtype[&lt;lambda&gt;7]" time="0.0004296302795410156"><skipped message="Suite splitting in effect" type="pytest.skip">src/pymortests/grid.py:225: Suite splitting in effect</skipped></testcase><testcase classname="src.pymortests.grid" file="src/pymortests/grid.py" line="225" name="test_superentity_indices_dtype[&lt;lambda&gt;8]" time="0.0006515979766845703"><skipped message="Suite splitting in effect" type="pytest.skip">src/pymortests/grid.py:225: Suite splitting in effect</skipped></testcase><testcase classname="src.pymortests.grid" file="src/pymortests/grid.py" line="225" name="test_superentity_indices_dtype[&lt;lambda&gt;9]" time="0.0004050731658935547"><skipped message="Suite splitting in effect" type="pytest.skip">src/pymortests/grid.py:225: Suite splitting in effect</skipped></testcase><testcase classname="src.pymortests.grid" file="src/pymortests/grid.py" line="225" name="test_superentity_indices_dtype[&lt;lambda&gt;10]" time="0.0003898143768310547"><skipped message="Suite splitting in effect" type="pytest.skip">src/pymortests/grid.py:225: Suite splitting in effect</skipped></testcase><testcase classname="src.pymortests.grid" file="src/pymortests/grid.py" line="225" name="test_superentity_indices_dtype[&lt;lambda&gt;11]" time="0.00041985511779785156"><skipped message="Suite splitting in effect" type="pytest.skip">src/pymortests/grid.py:225: Suite splitting in effect</skipped></testcase><testcase classname="src.pymortests.grid" file="src/pymortests/grid.py" line="225" name="test_superentity_indices_dtype[&lt;lambda&gt;12]" time="0.00039386749267578125"><skipped message="Suite splitting in effect" type="pytest.skip">src/pymortests/grid.py:225: Suite splitting in effect</skipped></testcase><testcase classname="src.pymortests.grid" file="src/pymortests/grid.py" line="225" name="test_superentity_indices_dtype[&lt;lambda&gt;13]" time="0.0004315376281738281"><skipped message="Suite splitting in effect" type="pytest.skip">src/pymortests/grid.py:225: Suite splitting in effect</skipped></testcase><testcase classname="src.pymortests.grid" file="src/pymortests/grid.py" line="225" name="test_superentity_indices_dtype[&lt;lambda&gt;14]" time="0.00039005279541015625"><skipped message="Suite splitting in effect" type="pytest.skip">src/pymortests/grid.py:225: Suite splitting in effect</skipped></testcase><testcase classname="src.pymortests.grid" file="src/pymortests/grid.py" line="225" name="test_superentity_indices_dtype[&lt;lambda&gt;15]" time="0.0004019737243652344"><skipped message="Suite splitting in effect" type="pytest.skip">src/pymortests/grid.py:225: Suite splitting in effect</skipped></testcase><testcase classname="src.pymortests.grid" file="src/pymortests/grid.py" line="225" name="test_superentity_indices_dtype[&lt;lambda&gt;16]" time="0.0004267692565917969"><skipped message="Suite splitting in effect" type="pytest.skip">src/pymortests/grid.py:225: Suite splitting in effect</skipped></testcase><testcase classname="src.pymortests.grid" file="src/pymortests/grid.py" line="225" name="test_superentity_indices_dtype[&lt;lambda&gt;17]" time="0.00039696693420410156"><skipped message="Suite splitting in effect" type="pytest.skip">src/pymortests/grid.py:225: Suite splitting in effect</skipped></testcase><testcase classname="src.pymortests.grid" file="src/pymortests/grid.py" line="225" name="test_superentity_indices_dtype[&lt;lambda&gt;18]" time="0.0004146099090576172"><skipped message="Suite splitting in effect" type="pytest.skip">src/pymortests/grid.py:225: Suite splitting in effect</skipped></testcase><testcase classname="src.pymortests.grid" file="src/pymortests/grid.py" line="225" name="test_superentity_indices_dtype[&lt;lambda&gt;19]" time="0.0003936290740966797"><skipped message="Suite splitting in effect" type="pytest.skip">src/pymortests/grid.py:225: Suite splitting in effect</skipped></testcase><testcase classname="src.pymortests.grid" file="src/pymortests/grid.py" line="225" name="test_superentity_indices_dtype[&lt;lambda&gt;20]" time="0.00040602684020996094"><skipped message="Suite splitting in effect" type="pytest.skip">src/pymortests/grid.py:225: Suite splitting in effect</skipped></testcase><testcase classname="src.pymortests.grid" file="src/pymortests/grid.py" line="225" name="test_superentity_indices_dtype[&lt;lambda&gt;21]" time="0.00039649009704589844"><skipped message="Suite splitting in effect" type="pytest.skip">src/pymortests/grid.py:225: Suite splitting in effect</skipped></testcase><testcase classname="src.pymortests.grid" file="src/pymortests/grid.py" line="225" name="test_superentity_indices_dtype[&lt;lambda&gt;22]" time="0.0004222393035888672"><skipped message="Suite splitting in effect" type="pytest.skip">src/pymortests/grid.py:225: Suite splitting in effect</skipped></testcase><testcase classname="src.pymortests.grid" file="src/pymortests/grid.py" line="225" name="test_superentity_indices_dtype[&lt;lambda&gt;23]" time="0.0004019737243652344"><skipped message="Suite splitting in effect" type="pytest.skip">src/pymortests/grid.py:225: Suite splitting in effect</skipped></testcase><testcase classname="src.pymortests.grid" file="src/pymortests/grid.py" line="225" name="test_superentity_indices_dtype[&lt;lambda&gt;24]" time="0.0004267692565917969"><skipped message="Suite splitting in effect" type="pytest.skip">src/pymortests/grid.py:225: Suite splitting in effect</skipped></testcase><testcase classname="src.pymortests.grid" file="src/pymortests/grid.py" line="225" name="test_superentity_indices_dtype[&lt;lambda&gt;25]" time="0.0003948211669921875"><skipped message="Suite splitting in effect" type="pytest.skip">src/pymortests/grid.py:225: Suite splitting in effect</skipped></testcase><testcase classname="src.pymortests.grid" file="src/pymortests/grid.py" line="225" name="test_superentity_indices_dtype[&lt;lambda&gt;26]" time="0.0004451274871826172"><skipped message="Suite splitting in effect" type="pytest.skip">src/pymortests/grid.py:225: Suite splitting in effect</skipped></testcase><testcase classname="src.pymortests.grid" file="src/pymortests/grid.py" line="225" name="test_superentity_indices_dtype[&lt;lambda&gt;27]" time="0.00039577484130859375"><skipped message="Suite splitting in effect" type="pytest.skip">src/pymortests/grid.py:225: Suite splitting in effect</skipped></testcase><testcase classname="src.pymortests.grid" file="src/pymortests/grid.py" line="225" name="test_superentity_indices_dtype[&lt;lambda&gt;28]" time="0.00041294097900390625"><skipped message="Suite splitting in effect" type="pytest.skip">src/pymortests/grid.py:225: Suite splitting in effect</skipped></testcase><testcase classname="src.pymortests.grid" file="src/pymortests/grid.py" line="225" name="test_superentity_indices_dtype[&lt;lambda&gt;29]" time="0.00039768218994140625"><skipped message="Suite splitting in effect" type="pytest.skip">src/pymortests/grid.py:225: Suite splitting in effect</skipped></testcase><testcase classname="src.pymortests.grid" file="src/pymortests/grid.py" line="225" name="test_superentity_indices_dtype[&lt;lambda&gt;30]" time="0.0004315376281738281"><skipped message="Suite splitting in effect" type="pytest.skip">src/pymortests/grid.py:225: Suite splitting in effect</skipped></testcase><testcase classname="src.pymortests.grid" file="src/pymortests/grid.py" line="225" name="test_superentity_indices_dtype[&lt;lambda&gt;31]" time="0.0011539459228515625"><skipped message="Suite splitting in effect" type="pytest.skip">src/pymortests/grid.py:225: Suite splitting in effect</skipped></testcase><testcase classname="src.pymortests.grid" file="src/pymortests/grid.py" line="225" name="test_superentity_indices_dtype[&lt;lambda&gt;32]" time="0.0004220008850097656"><skipped message="Suite splitting in effect" type="pytest.skip">src/pymortests/grid.py:225: Suite splitting in effect</skipped></testcase><testcase classname="src.pymortests.grid" file="src/pymortests/grid.py" line="225" name="test_superentity_indices_dtype[&lt;lambda&gt;33]" time="0.0003895759582519531"><skipped message="Suite splitting in effect" type="pytest.skip">src/pymortests/grid.py:225: Suite splitting in effect</skipped></testcase><testcase classname="src.pymortests.grid" file="src/pymortests/grid.py" line="225" name="test_superentity_indices_dtype[&lt;lambda&gt;34]" time="0.0004210472106933594"><skipped message="Suite splitting in effect" type="pytest.skip">src/pymortests/grid.py:225: Suite splitting in effect</skipped></testcase><testcase classname="src.pymortests.grid" file="src/pymortests/grid.py" line="225" name="test_superentity_indices_dtype[&lt;lambda&gt;35]" time="0.0003924369812011719"><skipped message="Suite splitting in effect" type="pytest.skip">src/pymortests/grid.py:225: Suite splitting in effect</skipped></testcase><testcase classname="src.pymortests.grid" file="src/pymortests/grid.py" line="225" name="test_superentity_indices_dtype[&lt;lambda&gt;36]" time="0.0004184246063232422"><skipped message="Suite splitting in effect" type="pytest.skip">src/pymortests/grid.py:225: Suite splitting in effect</skipped></testcase><testcase classname="src.pymortests.grid" file="src/pymortests/grid.py" line="225" name="test_superentity_indices_dtype[&lt;lambda&gt;37]" time="0.00039505958557128906"><skipped message="Suite splitting in effect" type="pytest.skip">src/pymortests/grid.py:225: Suite splitting in effect</skipped></testcase><testcase classname="src.pymortests.grid" file="src/pymortests/grid.py" line="225" name="test_superentity_indices_dtype[&lt;lambda&gt;38]" time="0.0003905296325683594"><skipped message="Suite splitting in effect" type="pytest.skip">src/pymortests/grid.py:225: Suite splitting in effect</skipped></testcase><testcase classname="src.pymortests.grid" file="src/pymortests/grid.py" line="225" name="test_superentity_indices_dtype[&lt;lambda&gt;39]" time="0.000423431396484375"><skipped message="Suite splitting in effect" type="pytest.skip">src/pymortests/grid.py:225: Suite splitting in effect</skipped></testcase><testcase classname="src.pymortests.grid" file="src/pymortests/grid.py" line="225" name="test_superentity_indices_dtype[&lt;lambda&gt;40]" time="0.0004336833953857422"><skipped message="Suite splitting in effect" type="pytest.skip">src/pymortests/grid.py:225: Suite splitting in effect</skipped></testcase><testcase classname="src.pymortests.grid" file="src/pymortests/grid.py" line="225" name="test_superentity_indices_dtype[&lt;lambda&gt;41]" time="0.0004820823669433594"><skipped message="Suite splitting in effect" type="pytest.skip">src/pymortests/grid.py:225: Suite splitting in effect</skipped></testcase><testcase classname="src.pymortests.grid" file="src/pymortests/grid.py" line="225" name="test_superentity_indices_dtype[&lt;lambda&gt;42]" time="0.0004417896270751953"><skipped message="Suite splitting in effect" type="pytest.skip">src/pymortests/grid.py:225: Suite splitting in effect</skipped></testcase><testcase classname="src.pymortests.grid" file="src/pymortests/grid.py" line="232" name="test_superentity_indices_valid_entries[&lt;lambda&gt;0]" time="0.00048232078552246094"><skipped message="Suite splitting in effect" type="pytest.skip">src/pymortests/grid.py:232: Suite splitting in effect</skipped></testcase><testcase classname="src.pymortests.grid" file="src/pymortests/grid.py" line="232" name="test_superentity_indices_valid_entries[&lt;lambda&gt;1]" time="0.0003952980041503906"><skipped message="Suite splitting in effect" type="pytest.skip">src/pymortests/grid.py:232: Suite splitting in effect</skipped></testcase><testcase classname="src.pymortests.grid" file="src/pymortests/grid.py" line="232" name="test_superentity_indices_valid_entries[&lt;lambda&gt;2]" time="0.0004024505615234375"><skipped message="Suite splitting in effect" type="pytest.skip">src/pymortests/grid.py:232: Suite splitting in effect</skipped></testcase><testcase classname="src.pymortests.grid" file="src/pymortests/grid.py" line="232" name="test_superentity_indices_valid_entries[&lt;lambda&gt;3]" time="0.0004267692565917969"><skipped message="Suite splitting in effect" type="pytest.skip">src/pymortests/grid.py:232: Suite splitting in effect</skipped></testcase><testcase classname="src.pymortests.grid" file="src/pymortests/grid.py" line="232" name="test_superentity_indices_valid_entries[&lt;lambda&gt;4]" time="0.0003986358642578125"><skipped message="Suite splitting in effect" type="pytest.skip">src/pymortests/grid.py:232: Suite splitting in effect</skipped></testcase><testcase classname="src.pymortests.grid" file="src/pymortests/grid.py" line="232" name="test_superentity_indices_valid_entries[&lt;lambda&gt;5]" time="0.0004019737243652344"><skipped message="Suite splitting in effect" type="pytest.skip">src/pymortests/grid.py:232: Suite splitting in effect</skipped></testcase><testcase classname="src.pymortests.grid" file="src/pymortests/grid.py" line="232" name="test_superentity_indices_valid_entries[&lt;lambda&gt;6]" time="0.0004622936248779297"><skipped message="Suite splitting in effect" type="pytest.skip">src/pymortests/grid.py:232: Suite splitting in effect</skipped></testcase><testcase classname="src.pymortests.grid" file="src/pymortests/grid.py" line="232" name="test_superentity_indices_valid_entries[&lt;lambda&gt;7]" time="0.00040411949157714844"><skipped message="Suite splitting in effect" type="pytest.skip">src/pymortests/grid.py:232: Suite splitting in effect</skipped></testcase><testcase classname="src.pymortests.grid" file="src/pymortests/grid.py" line="232" name="test_superentity_indices_valid_entries[&lt;lambda&gt;8]" time="0.0005447864532470703"><skipped message="Suite splitting in effect" type="pytest.skip">src/pymortests/grid.py:232: Suite splitting in effect</skipped></testcase><testcase classname="src.pymortests.grid" file="src/pymortests/grid.py" line="232" name="test_superentity_indices_valid_entries[&lt;lambda&gt;9]" time="0.0005552768707275391"><skipped message="Suite splitting in effect" type="pytest.skip">src/pymortests/grid.py:232: Suite splitting in effect</skipped></testcase><testcase classname="src.pymortests.grid" file="src/pymortests/grid.py" line="232" name="test_superentity_indices_valid_entries[&lt;lambda&gt;10]" time="0.0007169246673583984"><skipped message="Suite splitting in effect" type="pytest.skip">src/pymortests/grid.py:232: Suite splitting in effect</skipped></testcase><testcase classname="src.pymortests.grid" file="src/pymortests/grid.py" line="232" name="test_superentity_indices_valid_entries[&lt;lambda&gt;11]" time="0.0005044937133789062"><skipped message="Suite splitting in effect" type="pytest.skip">src/pymortests/grid.py:232: Suite splitting in effect</skipped></testcase><testcase classname="src.pymortests.grid" file="src/pymortests/grid.py" line="232" name="test_superentity_indices_valid_entries[&lt;lambda&gt;12]" time="0.00040459632873535156"><skipped message="Suite splitting in effect" type="pytest.skip">src/pymortests/grid.py:232: Suite splitting in effect</skipped></testcase><testcase classname="src.pymortests.grid" file="src/pymortests/grid.py" line="232" name="test_superentity_indices_valid_entries[&lt;lambda&gt;13]" time="0.0004260540008544922"><skipped message="Suite splitting in effect" type="pytest.skip">src/pymortests/grid.py:232: Suite splitting in effect</skipped></testcase><testcase classname="src.pymortests.grid" file="src/pymortests/grid.py" line="232" name="test_superentity_indices_valid_entries[&lt;lambda&gt;14]" time="0.00042319297790527344"><skipped message="Suite splitting in effect" type="pytest.skip">src/pymortests/grid.py:232: Suite splitting in effect</skipped></testcase><testcase classname="src.pymortests.grid" file="src/pymortests/grid.py" line="232" name="test_superentity_indices_valid_entries[&lt;lambda&gt;15]" time="0.00042438507080078125"><skipped message="Suite splitting in effect" type="pytest.skip">src/pymortests/grid.py:232: Suite splitting in effect</skipped></testcase><testcase classname="src.pymortests.grid" file="src/pymortests/grid.py" line="232" name="test_superentity_indices_valid_entries[&lt;lambda&gt;16]" time="0.0004260540008544922"><skipped message="Suite splitting in effect" type="pytest.skip">src/pymortests/grid.py:232: Suite splitting in effect</skipped></testcase><testcase classname="src.pymortests.grid" file="src/pymortests/grid.py" line="232" name="test_superentity_indices_valid_entries[&lt;lambda&gt;17]" time="0.0004410743713378906"><skipped message="Suite splitting in effect" type="pytest.skip">src/pymortests/grid.py:232: Suite splitting in effect</skipped></testcase><testcase classname="src.pymortests.grid" file="src/pymortests/grid.py" line="232" name="test_superentity_indices_valid_entries[&lt;lambda&gt;18]" time="0.00044083595275878906"><skipped message="Suite splitting in effect" type="pytest.skip">src/pymortests/grid.py:232: Suite splitting in effect</skipped></testcase><testcase classname="src.pymortests.grid" file="src/pymortests/grid.py" line="232" name="test_superentity_indices_valid_entries[&lt;lambda&gt;19]" time="0.00041747093200683594"><skipped message="Suite splitting in effect" type="pytest.skip">src/pymortests/grid.py:232: Suite splitting in effect</skipped></testcase><testcase classname="src.pymortests.grid" file="src/pymortests/grid.py" line="232" name="test_superentity_indices_valid_entries[&lt;lambda&gt;20]" time="0.0004818439483642578"><skipped message="Suite splitting in effect" type="pytest.skip">src/pymortests/grid.py:232: Suite splitting in effect</skipped></testcase><testcase classname="src.pymortests.grid" file="src/pymortests/grid.py" line="232" name="test_superentity_indices_valid_entries[&lt;lambda&gt;21]" time="0.0004253387451171875"><skipped message="Suite splitting in effect" type="pytest.skip">src/pymortests/grid.py:232: Suite splitting in effect</skipped></testcase><testcase classname="src.pymortests.grid" file="src/pymortests/grid.py" line="232" name="test_superentity_indices_valid_entries[&lt;lambda&gt;22]" time="0.0004036426544189453"><skipped message="Suite splitting in effect" type="pytest.skip">src/pymortests/grid.py:232: Suite splitting in effect</skipped></testcase><testcase classname="src.pymortests.grid" file="src/pymortests/grid.py" line="232" name="test_superentity_indices_valid_entries[&lt;lambda&gt;23]" time="0.00042819976806640625"><skipped message="Suite splitting in effect" type="pytest.skip">src/pymortests/grid.py:232: Suite splitting in effect</skipped></testcase><testcase classname="src.pymortests.grid" file="src/pymortests/grid.py" line="232" name="test_superentity_indices_valid_entries[&lt;lambda&gt;24]" time="0.0004298686981201172"><skipped message="Suite splitting in effect" type="pytest.skip">src/pymortests/grid.py:232: Suite splitting in effect</skipped></testcase><testcase classname="src.pymortests.grid" file="src/pymortests/grid.py" line="232" name="test_superentity_indices_valid_entries[&lt;lambda&gt;25]" time="0.0004572868347167969"><skipped message="Suite splitting in effect" type="pytest.skip">src/pymortests/grid.py:232: Suite splitting in effect</skipped></testcase><testcase classname="src.pymortests.grid" file="src/pymortests/grid.py" line="232" name="test_superentity_indices_valid_entries[&lt;lambda&gt;26]" time="0.00041604042053222656"><skipped message="Suite splitting in effect" type="pytest.skip">src/pymortests/grid.py:232: Suite splitting in effect</skipped></testcase><testcase classname="src.pymortests.grid" file="src/pymortests/grid.py" line="232" name="test_superentity_indices_valid_entries[&lt;lambda&gt;27]" time="0.0004258155822753906"><skipped message="Suite splitting in effect" type="pytest.skip">src/pymortests/grid.py:232: Suite splitting in effect</skipped></testcase><testcase classname="src.pymortests.grid" file="src/pymortests/grid.py" line="232" name="test_superentity_indices_valid_entries[&lt;lambda&gt;28]" time="0.0003993511199951172"><skipped message="Suite splitting in effect" type="pytest.skip">src/pymortests/grid.py:232: Suite splitting in effect</skipped></testcase><testcase classname="src.pymortests.grid" file="src/pymortests/grid.py" line="232" name="test_superentity_indices_valid_entries[&lt;lambda&gt;29]" time="0.0004215240478515625"><skipped message="Suite splitting in effect" type="pytest.skip">src/pymortests/grid.py:232: Suite splitting in effect</skipped></testcase><testcase classname="src.pymortests.grid" file="src/pymortests/grid.py" line="232" name="test_superentity_indices_valid_entries[&lt;lambda&gt;30]" time="0.0003898143768310547"><skipped message="Suite splitting in effect" type="pytest.skip">src/pymortests/grid.py:232: Suite splitting in effect</skipped></testcase><testcase classname="src.pymortests.grid" file="src/pymortests/grid.py" line="232" name="test_superentity_indices_valid_entries[&lt;lambda&gt;31]" time="0.0004215240478515625"><skipped message="Suite splitting in effect" type="pytest.skip">src/pymortests/grid.py:232: Suite splitting in effect</skipped></testcase><testcase classname="src.pymortests.grid" file="src/pymortests/grid.py" line="232" name="test_superentity_indices_valid_entries[&lt;lambda&gt;32]" time="0.00039577484130859375"><skipped message="Suite splitting in effect" type="pytest.skip">src/pymortests/grid.py:232: Suite splitting in effect</skipped></testcase><testcase classname="src.pymortests.grid" file="src/pymortests/grid.py" line="232" name="test_superentity_indices_valid_entries[&lt;lambda&gt;33]" time="0.00042748451232910156"><skipped message="Suite splitting in effect" type="pytest.skip">src/pymortests/grid.py:232: Suite splitting in effect</skipped></testcase><testcase classname="src.pymortests.grid" file="src/pymortests/grid.py" line="232" name="test_superentity_indices_valid_entries[&lt;lambda&gt;34]" time="0.0003986358642578125"><skipped message="Suite splitting in effect" type="pytest.skip">src/pymortests/grid.py:232: Suite splitting in effect</skipped></testcase><testcase classname="src.pymortests.grid" file="src/pymortests/grid.py" line="232" name="test_superentity_indices_valid_entries[&lt;lambda&gt;35]" time="0.0004432201385498047"><skipped message="Suite splitting in effect" type="pytest.skip">src/pymortests/grid.py:232: Suite splitting in effect</skipped></testcase><testcase classname="src.pymortests.grid" file="src/pymortests/grid.py" line="232" name="test_superentity_indices_valid_entries[&lt;lambda&gt;36]" time="0.0004291534423828125"><skipped message="Suite splitting in effect" type="pytest.skip">src/pymortests/grid.py:232: Suite splitting in effect</skipped></testcase><testcase classname="src.pymortests.grid" file="src/pymortests/grid.py" line="232" name="test_superentity_indices_valid_entries[&lt;lambda&gt;37]" time="0.000392913818359375"><skipped message="Suite splitting in effect" type="pytest.skip">src/pymortests/grid.py:232: Suite splitting in effect</skipped></testcase><testcase classname="src.pymortests.grid" file="src/pymortests/grid.py" line="232" name="test_superentity_indices_valid_entries[&lt;lambda&gt;38]" time="0.0004203319549560547"><skipped message="Suite splitting in effect" type="pytest.skip">src/pymortests/grid.py:232: Suite splitting in effect</skipped></testcase><testcase classname="src.pymortests.grid" file="src/pymortests/grid.py" line="232" name="test_superentity_indices_valid_entries[&lt;lambda&gt;39]" time="0.0003943443298339844"><skipped message="Suite splitting in effect" type="pytest.skip">src/pymortests/grid.py:232: Suite splitting in effect</skipped></testcase><testcase classname="src.pymortests.grid" file="src/pymortests/grid.py" line="232" name="test_superentity_indices_valid_entries[&lt;lambda&gt;40]" time="0.0004448890686035156"><skipped message="Suite splitting in effect" type="pytest.skip">src/pymortests/grid.py:232: Suite splitting in effect</skipped></testcase><testcase classname="src.pymortests.grid" file="src/pymortests/grid.py" line="232" name="test_superentity_indices_valid_entries[&lt;lambda&gt;41]" time="0.0003952980041503906"><skipped message="Suite splitting in effect" type="pytest.skip">src/pymortests/grid.py:232: Suite splitting in effect</skipped></testcase><testcase classname="src.pymortests.grid" file="src/pymortests/grid.py" line="232" name="test_superentity_indices_valid_entries[&lt;lambda&gt;42]" time="0.00039505958557128906"><skipped message="Suite splitting in effect" type="pytest.skip">src/pymortests/grid.py:232: Suite splitting in effect</skipped></testcase><testcase classname="src.pymortests.grid" file="src/pymortests/grid.py" line="244" name="test_neighbours_wrong_arguments[&lt;lambda&gt;0]" time="0.0003972053527832031"><skipped message="Suite splitting in effect" type="pytest.skip">src/pymortests/grid.py:244: Suite splitting in effect</skipped></testcase><testcase classname="src.pymortests.grid" file="src/pymortests/grid.py" line="244" name="test_neighbours_wrong_arguments[&lt;lambda&gt;1]" time="0.00041604042053222656"><skipped message="Suite splitting in effect" type="pytest.skip">src/pymortests/grid.py:244: Suite splitting in effect</skipped></testcase><testcase classname="src.pymortests.grid" file="src/pymortests/grid.py" line="244" name="test_neighbours_wrong_arguments[&lt;lambda&gt;2]" time="0.0004360675811767578"><skipped message="Suite splitting in effect" type="pytest.skip">src/pymortests/grid.py:244: Suite splitting in effect</skipped></testcase><testcase classname="src.pymortests.grid" file="src/pymortests/grid.py" line="244" name="test_neighbours_wrong_arguments[&lt;lambda&gt;3]" time="0.0003948211669921875"><skipped message="Suite splitting in effect" type="pytest.skip">src/pymortests/grid.py:244: Suite splitting in effect</skipped></testcase><testcase classname="src.pymortests.grid" file="src/pymortests/grid.py" line="244" name="test_neighbours_wrong_arguments[&lt;lambda&gt;4]" time="0.0005338191986083984"><skipped message="Suite splitting in effect" type="pytest.skip">src/pymortests/grid.py:244: Suite splitting in effect</skipped></testcase><testcase classname="src.pymortests.grid" file="src/pymortests/grid.py" line="244" name="test_neighbours_wrong_arguments[&lt;lambda&gt;5]" time="0.00041413307189941406"><skipped message="Suite splitting in effect" type="pytest.skip">src/pymortests/grid.py:244: Suite splitting in effect</skipped></testcase><testcase classname="src.pymortests.grid" file="src/pymortests/grid.py" line="244" name="test_neighbours_wrong_arguments[&lt;lambda&gt;6]" time="0.0004069805145263672"><skipped message="Suite splitting in effect" type="pytest.skip">src/pymortests/grid.py:244: Suite splitting in effect</skipped></testcase><testcase classname="src.pymortests.grid" file="src/pymortests/grid.py" line="244" name="test_neighbours_wrong_arguments[&lt;lambda&gt;7]" time="0.0004355907440185547"><skipped message="Suite splitting in effect" type="pytest.skip">src/pymortests/grid.py:244: Suite splitting in effect</skipped></testcase><testcase classname="src.pymortests.grid" file="src/pymortests/grid.py" line="244" name="test_neighbours_wrong_arguments[&lt;lambda&gt;8]" time="0.0004169940948486328"><skipped message="Suite splitting in effect" type="pytest.skip">src/pymortests/grid.py:244: Suite splitting in effect</skipped></testcase><testcase classname="src.pymortests.grid" file="src/pymortests/grid.py" line="244" name="test_neighbours_wrong_arguments[&lt;lambda&gt;9]" time="0.0004620552062988281"><skipped message="Suite splitting in effect" type="pytest.skip">src/pymortests/grid.py:244: Suite splitting in effect</skipped></testcase><testcase classname="src.pymortests.grid" file="src/pymortests/grid.py" line="244" name="test_neighbours_wrong_arguments[&lt;lambda&gt;10]" time="0.00039505958557128906"><skipped message="Suite splitting in effect" type="pytest.skip">src/pymortests/grid.py:244: Suite splitting in effect</skipped></testcase><testcase classname="src.pymortests.grid" file="src/pymortests/grid.py" line="244" name="test_neighbours_wrong_arguments[&lt;lambda&gt;11]" time="0.00042510032653808594"><skipped message="Suite splitting in effect" type="pytest.skip">src/pymortests/grid.py:244: Suite splitting in effect</skipped></testcase><testcase classname="src.pymortests.grid" file="src/pymortests/grid.py" line="244" name="test_neighbours_wrong_arguments[&lt;lambda&gt;12]" time="0.00041604042053222656"><skipped message="Suite splitting in effect" type="pytest.skip">src/pymortests/grid.py:244: Suite splitting in effect</skipped></testcase><testcase classname="src.pymortests.grid" file="src/pymortests/grid.py" line="244" name="test_neighbours_wrong_arguments[&lt;lambda&gt;13]" time="0.00042319297790527344"><skipped message="Suite splitting in effect" type="pytest.skip">src/pymortests/grid.py:244: Suite splitting in effect</skipped></testcase><testcase classname="src.pymortests.grid" file="src/pymortests/grid.py" line="244" name="test_neighbours_wrong_arguments[&lt;lambda&gt;14]" time="0.00048804283142089844"><skipped message="Suite splitting in effect" type="pytest.skip">src/pymortests/grid.py:244: Suite splitting in effect</skipped></testcase><testcase classname="src.pymortests.grid" file="src/pymortests/grid.py" line="244" name="test_neighbours_wrong_arguments[&lt;lambda&gt;15]" time="0.0003955364227294922"><skipped message="Suite splitting in effect" type="pytest.skip">src/pymortests/grid.py:244: Suite splitting in effect</skipped></testcase><testcase classname="src.pymortests.grid" file="src/pymortests/grid.py" line="244" name="test_neighbours_wrong_arguments[&lt;lambda&gt;16]" time="0.0004458427429199219"><skipped message="Suite splitting in effect" type="pytest.skip">src/pymortests/grid.py:244: Suite splitting in effect</skipped></testcase><testcase classname="src.pymortests.grid" file="src/pymortests/grid.py" line="244" name="test_neighbours_wrong_arguments[&lt;lambda&gt;17]" time="0.0007069110870361328"><skipped message="Suite splitting in effect" type="pytest.skip">src/pymortests/grid.py:244: Suite splitting in effect</skipped></testcase><testcase classname="src.pymortests.grid" file="src/pymortests/grid.py" line="244" name="test_neighbours_wrong_arguments[&lt;lambda&gt;18]" time="0.0004208087921142578"><skipped message="Suite splitting in effect" type="pytest.skip">src/pymortests/grid.py:244: Suite splitting in effect</skipped></testcase><testcase classname="src.pymortests.grid" file="src/pymortests/grid.py" line="244" name="test_neighbours_wrong_arguments[&lt;lambda&gt;19]" time="0.0003974437713623047"><skipped message="Suite splitting in effect" type="pytest.skip">src/pymortests/grid.py:244: Suite splitting in effect</skipped></testcase><testcase classname="src.pymortests.grid" file="src/pymortests/grid.py" line="244" name="test_neighbours_wrong_arguments[&lt;lambda&gt;20]" time="0.00046181678771972656"><skipped message="Suite splitting in effect" type="pytest.skip">src/pymortests/grid.py:244: Suite splitting in effect</skipped></testcase><testcase classname="src.pymortests.grid" file="src/pymortests/grid.py" line="244" name="test_neighbours_wrong_arguments[&lt;lambda&gt;21]" time="0.0003972053527832031"><skipped message="Suite splitting in effect" type="pytest.skip">src/pymortests/grid.py:244: Suite splitting in effect</skipped></testcase><testcase classname="src.pymortests.grid" file="src/pymortests/grid.py" line="244" name="test_neighbours_wrong_arguments[&lt;lambda&gt;22]" time="0.0006203651428222656"><skipped message="Suite splitting in effect" type="pytest.skip">src/pymortests/grid.py:244: Suite splitting in effect</skipped></testcase><testcase classname="src.pymortests.grid" file="src/pymortests/grid.py" line="244" name="test_neighbours_wrong_arguments[&lt;lambda&gt;23]" time="0.0004494190216064453"><skipped message="Suite splitting in effect" type="pytest.skip">src/pymortests/grid.py:244: Suite splitting in effect</skipped></testcase><testcase classname="src.pymortests.grid" file="src/pymortests/grid.py" line="244" name="test_neighbours_wrong_arguments[&lt;lambda&gt;24]" time="0.0004353523254394531"><skipped message="Suite splitting in effect" type="pytest.skip">src/pymortests/grid.py:244: Suite splitting in effect</skipped></testcase><testcase classname="src.pymortests.grid" file="src/pymortests/grid.py" line="244" name="test_neighbours_wrong_arguments[&lt;lambda&gt;25]" time="0.0006017684936523438"><skipped message="Suite splitting in effect" type="pytest.skip">src/pymortests/grid.py:244: Suite splitting in effect</skipped></testcase><testcase classname="src.pymortests.grid" file="src/pymortests/grid.py" line="244" name="test_neighbours_wrong_arguments[&lt;lambda&gt;26]" time="0.00043845176696777344"><skipped message="Suite splitting in effect" type="pytest.skip">src/pymortests/grid.py:244: Suite splitting in effect</skipped></testcase><testcase classname="src.pymortests.grid" file="src/pymortests/grid.py" line="244" name="test_neighbours_wrong_arguments[&lt;lambda&gt;27]" time="0.00040531158447265625"><skipped message="Suite splitting in effect" type="pytest.skip">src/pymortests/grid.py:244: Suite splitting in effect</skipped></testcase><testcase classname="src.pymortests.grid" file="src/pymortests/grid.py" line="244" name="test_neighbours_wrong_arguments[&lt;lambda&gt;28]" time="0.0003933906555175781"><skipped message="Suite splitting in effect" type="pytest.skip">src/pymortests/grid.py:244: Suite splitting in effect</skipped></testcase><testcase classname="src.pymortests.grid" file="src/pymortests/grid.py" line="244" name="test_neighbours_wrong_arguments[&lt;lambda&gt;29]" time="0.00040841102600097656"><skipped message="Suite splitting in effect" type="pytest.skip">src/pymortests/grid.py:244: Suite splitting in effect</skipped></testcase><testcase classname="src.pymortests.grid" file="src/pymortests/grid.py" line="244" name="test_neighbours_wrong_arguments[&lt;lambda&gt;30]" time="0.0003936290740966797"><skipped message="Suite splitting in effect" type="pytest.skip">src/pymortests/grid.py:244: Suite splitting in effect</skipped></testcase><testcase classname="src.pymortests.grid" file="src/pymortests/grid.py" line="244" name="test_neighbours_wrong_arguments[&lt;lambda&gt;31]" time="0.0005643367767333984"><skipped message="Suite splitting in effect" type="pytest.skip">src/pymortests/grid.py:244: Suite splitting in effect</skipped></testcase><testcase classname="src.pymortests.grid" file="src/pymortests/grid.py" line="244" name="test_neighbours_wrong_arguments[&lt;lambda&gt;32]" time="0.0004069805145263672"><skipped message="Suite splitting in effect" type="pytest.skip">src/pymortests/grid.py:244: Suite splitting in effect</skipped></testcase><testcase classname="src.pymortests.grid" file="src/pymortests/grid.py" line="244" name="test_neighbours_wrong_arguments[&lt;lambda&gt;33]" time="0.00038909912109375"><skipped message="Suite splitting in effect" type="pytest.skip">src/pymortests/grid.py:244: Suite splitting in effect</skipped></testcase><testcase classname="src.pymortests.grid" file="src/pymortests/grid.py" line="244" name="test_neighbours_wrong_arguments[&lt;lambda&gt;34]" time="0.00040531158447265625"><skipped message="Suite splitting in effect" type="pytest.skip">src/pymortests/grid.py:244: Suite splitting in effect</skipped></testcase><testcase classname="src.pymortests.grid" file="src/pymortests/grid.py" line="244" name="test_neighbours_wrong_arguments[&lt;lambda&gt;35]" time="0.00039005279541015625"><skipped message="Suite splitting in effect" type="pytest.skip">src/pymortests/grid.py:244: Suite splitting in effect</skipped></testcase><testcase classname="src.pymortests.grid" file="src/pymortests/grid.py" line="244" name="test_neighbours_wrong_arguments[&lt;lambda&gt;36]" time="0.0004296302795410156"><skipped message="Suite splitting in effect" type="pytest.skip">src/pymortests/grid.py:244: Suite splitting in effect</skipped></testcase><testcase classname="src.pymortests.grid" file="src/pymortests/grid.py" line="244" name="test_neighbours_wrong_arguments[&lt;lambda&gt;37]" time="0.0003972053527832031"><skipped message="Suite splitting in effect" type="pytest.skip">src/pymortests/grid.py:244: Suite splitting in effect</skipped></testcase><testcase classname="src.pymortests.grid" file="src/pymortests/grid.py" line="244" name="test_neighbours_wrong_arguments[&lt;lambda&gt;38]" time="0.00042724609375"><skipped message="Suite splitting in effect" type="pytest.skip">src/pymortests/grid.py:244: Suite splitting in effect</skipped></testcase><testcase classname="src.pymortests.grid" file="src/pymortests/grid.py" line="244" name="test_neighbours_wrong_arguments[&lt;lambda&gt;39]" time="0.0005104541778564453"><skipped message="Suite splitting in effect" type="pytest.skip">src/pymortests/grid.py:244: Suite splitting in effect</skipped></testcase><testcase classname="src.pymortests.grid" file="src/pymortests/grid.py" line="244" name="test_neighbours_wrong_arguments[&lt;lambda&gt;40]" time="0.0004055500030517578"><skipped message="Suite splitting in effect" type="pytest.skip">src/pymortests/grid.py:244: Suite splitting in effect</skipped></testcase><testcase classname="src.pymortests.grid" file="src/pymortests/grid.py" line="244" name="test_neighbours_wrong_arguments[&lt;lambda&gt;41]" time="0.00039505958557128906"><skipped message="Suite splitting in effect" type="pytest.skip">src/pymortests/grid.py:244: Suite splitting in effect</skipped></testcase><testcase classname="src.pymortests.grid" file="src/pymortests/grid.py" line="244" name="test_neighbours_wrong_arguments[&lt;lambda&gt;42]" time="0.0003974437713623047"><skipped message="Suite splitting in effect" type="pytest.skip">src/pymortests/grid.py:244: Suite splitting in effect</skipped></testcase><testcase classname="src.pymortests.grid" file="src/pymortests/grid.py" line="266" name="test_neighbours_shape[&lt;lambda&gt;0]" time="0.0003981590270996094"><skipped message="Suite splitting in effect" type="pytest.skip">src/pymortests/grid.py:266: Suite splitting in effect</skipped></testcase><testcase classname="src.pymortests.grid" file="src/pymortests/grid.py" line="266" name="test_neighbours_shape[&lt;lambda&gt;1]" time="0.0004608631134033203"><skipped message="Suite splitting in effect" type="pytest.skip">src/pymortests/grid.py:266: Suite splitting in effect</skipped></testcase><testcase classname="src.pymortests.grid" file="src/pymortests/grid.py" line="266" name="test_neighbours_shape[&lt;lambda&gt;2]" time="0.00042629241943359375"><skipped message="Suite splitting in effect" type="pytest.skip">src/pymortests/grid.py:266: Suite splitting in effect</skipped></testcase><testcase classname="src.pymortests.grid" file="src/pymortests/grid.py" line="266" name="test_neighbours_shape[&lt;lambda&gt;3]" time="0.0003998279571533203"><skipped message="Suite splitting in effect" type="pytest.skip">src/pymortests/grid.py:266: Suite splitting in effect</skipped></testcase><testcase classname="src.pymortests.grid" file="src/pymortests/grid.py" line="266" name="test_neighbours_shape[&lt;lambda&gt;4]" time="0.0004291534423828125"><skipped message="Suite splitting in effect" type="pytest.skip">src/pymortests/grid.py:266: Suite splitting in effect</skipped></testcase><testcase classname="src.pymortests.grid" file="src/pymortests/grid.py" line="266" name="test_neighbours_shape[&lt;lambda&gt;5]" time="0.00040435791015625"><skipped message="Suite splitting in effect" type="pytest.skip">src/pymortests/grid.py:266: Suite splitting in effect</skipped></testcase><testcase classname="src.pymortests.grid" file="src/pymortests/grid.py" line="266" name="test_neighbours_shape[&lt;lambda&gt;6]" time="0.0004482269287109375"><skipped message="Suite splitting in effect" type="pytest.skip">src/pymortests/grid.py:266: Suite splitting in effect</skipped></testcase><testcase classname="src.pymortests.grid" file="src/pymortests/grid.py" line="266" name="test_neighbours_shape[&lt;lambda&gt;7]" time="0.0004146099090576172"><skipped message="Suite splitting in effect" type="pytest.skip">src/pymortests/grid.py:266: Suite splitting in effect</skipped></testcase><testcase classname="src.pymortests.grid" file="src/pymortests/grid.py" line="266" name="test_neighbours_shape[&lt;lambda&gt;8]" time="0.0004279613494873047"><skipped message="Suite splitting in effect" type="pytest.skip">src/pymortests/grid.py:266: Suite splitting in effect</skipped></testcase><testcase classname="src.pymortests.grid" file="src/pymortests/grid.py" line="266" name="test_neighbours_shape[&lt;lambda&gt;9]" time="0.0004000663757324219"><skipped message="Suite splitting in effect" type="pytest.skip">src/pymortests/grid.py:266: Suite splitting in effect</skipped></testcase><testcase classname="src.pymortests.grid" file="src/pymortests/grid.py" line="266" name="test_neighbours_shape[&lt;lambda&gt;10]" time="0.00043010711669921875"><skipped message="Suite splitting in effect" type="pytest.skip">src/pymortests/grid.py:266: Suite splitting in effect</skipped></testcase><testcase classname="src.pymortests.grid" file="src/pymortests/grid.py" line="266" name="test_neighbours_shape[&lt;lambda&gt;11]" time="0.0003981590270996094"><skipped message="Suite splitting in effect" type="pytest.skip">src/pymortests/grid.py:266: Suite splitting in effect</skipped></testcase><testcase classname="src.pymortests.grid" file="src/pymortests/grid.py" line="266" name="test_neighbours_shape[&lt;lambda&gt;12]" time="0.00040912628173828125"><skipped message="Suite splitting in effect" type="pytest.skip">src/pymortests/grid.py:266: Suite splitting in effect</skipped></testcase><testcase classname="src.pymortests.grid" file="src/pymortests/grid.py" line="266" name="test_neighbours_shape[&lt;lambda&gt;13]" time="0.0004019737243652344"><skipped message="Suite splitting in effect" type="pytest.skip">src/pymortests/grid.py:266: Suite splitting in effect</skipped></testcase><testcase classname="src.pymortests.grid" file="src/pymortests/grid.py" line="266" name="test_neighbours_shape[&lt;lambda&gt;14]" time="0.00042319297790527344"><skipped message="Suite splitting in effect" type="pytest.skip">src/pymortests/grid.py:266: Suite splitting in effect</skipped></testcase><testcase classname="src.pymortests.grid" file="src/pymortests/grid.py" line="266" name="test_neighbours_shape[&lt;lambda&gt;15]" time="0.00039005279541015625"><skipped message="Suite splitting in effect" type="pytest.skip">src/pymortests/grid.py:266: Suite splitting in effect</skipped></testcase><testcase classname="src.pymortests.grid" file="src/pymortests/grid.py" line="266" name="test_neighbours_shape[&lt;lambda&gt;16]" time="0.0006108283996582031"><skipped message="Suite splitting in effect" type="pytest.skip">src/pymortests/grid.py:266: Suite splitting in effect</skipped></testcase><testcase classname="src.pymortests.grid" file="src/pymortests/grid.py" line="266" name="test_neighbours_shape[&lt;lambda&gt;17]" time="0.0003998279571533203"><skipped message="Suite splitting in effect" type="pytest.skip">src/pymortests/grid.py:266: Suite splitting in effect</skipped></testcase><testcase classname="src.pymortests.grid" file="src/pymortests/grid.py" line="266" name="test_neighbours_shape[&lt;lambda&gt;18]" time="0.0004024505615234375"><skipped message="Suite splitting in effect" type="pytest.skip">src/pymortests/grid.py:266: Suite splitting in effect</skipped></testcase><testcase classname="src.pymortests.grid" file="src/pymortests/grid.py" line="266" name="test_neighbours_shape[&lt;lambda&gt;19]" time="0.0004000663757324219"><skipped message="Suite splitting in effect" type="pytest.skip">src/pymortests/grid.py:266: Suite splitting in effect</skipped></testcase><testcase classname="src.pymortests.grid" file="src/pymortests/grid.py" line="266" name="test_neighbours_shape[&lt;lambda&gt;20]" time="0.00039267539978027344"><skipped message="Suite splitting in effect" type="pytest.skip">src/pymortests/grid.py:266: Suite splitting in effect</skipped></testcase><testcase classname="src.pymortests.grid" file="src/pymortests/grid.py" line="266" name="test_neighbours_shape[&lt;lambda&gt;21]" time="0.0004265308380126953"><skipped message="Suite splitting in effect" type="pytest.skip">src/pymortests/grid.py:266: Suite splitting in effect</skipped></testcase><testcase classname="src.pymortests.grid" file="src/pymortests/grid.py" line="266" name="test_neighbours_shape[&lt;lambda&gt;22]" time="0.0004210472106933594"><skipped message="Suite splitting in effect" type="pytest.skip">src/pymortests/grid.py:266: Suite splitting in effect</skipped></testcase><testcase classname="src.pymortests.grid" file="src/pymortests/grid.py" line="266" name="test_neighbours_shape[&lt;lambda&gt;23]" time="0.00039124488830566406"><skipped message="Suite splitting in effect" type="pytest.skip">src/pymortests/grid.py:266: Suite splitting in effect</skipped></testcase><testcase classname="src.pymortests.grid" file="src/pymortests/grid.py" line="266" name="test_neighbours_shape[&lt;lambda&gt;24]" time="0.00044465065002441406"><skipped message="Suite splitting in effect" type="pytest.skip">src/pymortests/grid.py:266: Suite splitting in effect</skipped></testcase><testcase classname="src.pymortests.grid" file="src/pymortests/grid.py" line="266" name="test_neighbours_shape[&lt;lambda&gt;25]" time="0.0004017353057861328"><skipped message="Suite splitting in effect" type="pytest.skip">src/pymortests/grid.py:266: Suite splitting in effect</skipped></testcase><testcase classname="src.pymortests.grid" file="src/pymortests/grid.py" line="266" name="test_neighbours_shape[&lt;lambda&gt;26]" time="0.0004220008850097656"><skipped message="Suite splitting in effect" type="pytest.skip">src/pymortests/grid.py:266: Suite splitting in effect</skipped></testcase><testcase classname="src.pymortests.grid" file="src/pymortests/grid.py" line="266" name="test_neighbours_shape[&lt;lambda&gt;27]" time="0.00039958953857421875"><skipped message="Suite splitting in effect" type="pytest.skip">src/pymortests/grid.py:266: Suite splitting in effect</skipped></testcase><testcase classname="src.pymortests.grid" file="src/pymortests/grid.py" line="266" name="test_neighbours_shape[&lt;lambda&gt;28]" time="0.0004265308380126953"><skipped message="Suite splitting in effect" type="pytest.skip">src/pymortests/grid.py:266: Suite splitting in effect</skipped></testcase><testcase classname="src.pymortests.grid" file="src/pymortests/grid.py" line="266" name="test_neighbours_shape[&lt;lambda&gt;29]" time="0.0004031658172607422"><skipped message="Suite splitting in effect" type="pytest.skip">src/pymortests/grid.py:266: Suite splitting in effect</skipped></testcase><testcase classname="src.pymortests.grid" file="src/pymortests/grid.py" line="266" name="test_neighbours_shape[&lt;lambda&gt;30]" time="0.0004162788391113281"><skipped message="Suite splitting in effect" type="pytest.skip">src/pymortests/grid.py:266: Suite splitting in effect</skipped></testcase><testcase classname="src.pymortests.grid" file="src/pymortests/grid.py" line="266" name="test_neighbours_shape[&lt;lambda&gt;31]" time="0.0003876686096191406"><skipped message="Suite splitting in effect" type="pytest.skip">src/pymortests/grid.py:266: Suite splitting in effect</skipped></testcase><testcase classname="src.pymortests.grid" file="src/pymortests/grid.py" line="266" name="test_neighbours_shape[&lt;lambda&gt;32]" time="0.0004177093505859375"><skipped message="Suite splitting in effect" type="pytest.skip">src/pymortests/grid.py:266: Suite splitting in effect</skipped></testcase><testcase classname="src.pymortests.grid" file="src/pymortests/grid.py" line="266" name="test_neighbours_shape[&lt;lambda&gt;33]" time="0.0005459785461425781"><skipped message="Suite splitting in effect" type="pytest.skip">src/pymortests/grid.py:266: Suite splitting in effect</skipped></testcase><testcase classname="src.pymortests.grid" file="src/pymortests/grid.py" line="266" name="test_neighbours_shape[&lt;lambda&gt;34]" time="0.00040531158447265625"><skipped message="Suite splitting in effect" type="pytest.skip">src/pymortests/grid.py:266: Suite splitting in effect</skipped></testcase><testcase classname="src.pymortests.grid" file="src/pymortests/grid.py" line="266" name="test_neighbours_shape[&lt;lambda&gt;35]" time="0.0005960464477539062"><skipped message="Suite splitting in effect" type="pytest.skip">src/pymortests/grid.py:266: Suite splitting in effect</skipped></testcase><testcase classname="src.pymortests.grid" file="src/pymortests/grid.py" line="266" name="test_neighbours_shape[&lt;lambda&gt;36]" time="0.0005242824554443359"><skipped message="Suite splitting in effect" type="pytest.skip">src/pymortests/grid.py:266: Suite splitting in effect</skipped></testcase><testcase classname="src.pymortests.grid" file="src/pymortests/grid.py" line="266" name="test_neighbours_shape[&lt;lambda&gt;37]" time="0.0005383491516113281"><skipped message="Suite splitting in effect" type="pytest.skip">src/pymortests/grid.py:266: Suite splitting in effect</skipped></testcase><testcase classname="src.pymortests.grid" file="src/pymortests/grid.py" line="266" name="test_neighbours_shape[&lt;lambda&gt;38]" time="0.0004916191101074219"><skipped message="Suite splitting in effect" type="pytest.skip">src/pymortests/grid.py:266: Suite splitting in effect</skipped></testcase><testcase classname="src.pymortests.grid" file="src/pymortests/grid.py" line="266" name="test_neighbours_shape[&lt;lambda&gt;39]" time="0.0003886222839355469"><skipped message="Suite splitting in effect" type="pytest.skip">src/pymortests/grid.py:266: Suite splitting in effect</skipped></testcase><testcase classname="src.pymortests.grid" file="src/pymortests/grid.py" line="266" name="test_neighbours_shape[&lt;lambda&gt;40]" time="0.00042128562927246094"><skipped message="Suite splitting in effect" type="pytest.skip">src/pymortests/grid.py:266: Suite splitting in effect</skipped></testcase><testcase classname="src.pymortests.grid" file="src/pymortests/grid.py" line="266" name="test_neighbours_shape[&lt;lambda&gt;41]" time="0.0004696846008300781"><skipped message="Suite splitting in effect" type="pytest.skip">src/pymortests/grid.py:266: Suite splitting in effect</skipped></testcase><testcase classname="src.pymortests.grid" file="src/pymortests/grid.py" line="266" name="test_neighbours_shape[&lt;lambda&gt;42]" time="0.0004513263702392578"><skipped message="Suite splitting in effect" type="pytest.skip">src/pymortests/grid.py:266: Suite splitting in effect</skipped></testcase><testcase classname="src.pymortests.grid" file="src/pymortests/grid.py" line="274" name="test_neighbours_dtype[&lt;lambda&gt;0]" time="0.0004303455352783203"><skipped message="Suite splitting in effect" type="pytest.skip">src/pymortests/grid.py:274: Suite splitting in effect</skipped></testcase><testcase classname="src.pymortests.grid" file="src/pymortests/grid.py" line="274" name="test_neighbours_dtype[&lt;lambda&gt;1]" time="0.00040912628173828125"><skipped message="Suite splitting in effect" type="pytest.skip">src/pymortests/grid.py:274: Suite splitting in effect</skipped></testcase><testcase classname="src.pymortests.grid" file="src/pymortests/grid.py" line="274" name="test_neighbours_dtype[&lt;lambda&gt;2]" time="0.0004792213439941406"><skipped message="Suite splitting in effect" type="pytest.skip">src/pymortests/grid.py:274: Suite splitting in effect</skipped></testcase><testcase classname="src.pymortests.grid" file="src/pymortests/grid.py" line="274" name="test_neighbours_dtype[&lt;lambda&gt;3]" time="0.0004620552062988281"><skipped message="Suite splitting in effect" type="pytest.skip">src/pymortests/grid.py:274: Suite splitting in effect</skipped></testcase><testcase classname="src.pymortests.grid" file="src/pymortests/grid.py" line="274" name="test_neighbours_dtype[&lt;lambda&gt;4]" time="0.00042176246643066406"><skipped message="Suite splitting in effect" type="pytest.skip">src/pymortests/grid.py:274: Suite splitting in effect</skipped></testcase><testcase classname="src.pymortests.grid" file="src/pymortests/grid.py" line="274" name="test_neighbours_dtype[&lt;lambda&gt;5]" time="0.0003864765167236328"><skipped message="Suite splitting in effect" type="pytest.skip">src/pymortests/grid.py:274: Suite splitting in effect</skipped></testcase><testcase classname="src.pymortests.grid" file="src/pymortests/grid.py" line="274" name="test_neighbours_dtype[&lt;lambda&gt;6]" time="0.00041556358337402344"><skipped message="Suite splitting in effect" type="pytest.skip">src/pymortests/grid.py:274: Suite splitting in effect</skipped></testcase><testcase classname="src.pymortests.grid" file="src/pymortests/grid.py" line="274" name="test_neighbours_dtype[&lt;lambda&gt;7]" time="0.00040221214294433594"><skipped message="Suite splitting in effect" type="pytest.skip">src/pymortests/grid.py:274: Suite splitting in effect</skipped></testcase><testcase classname="src.pymortests.grid" file="src/pymortests/grid.py" line="274" name="test_neighbours_dtype[&lt;lambda&gt;8]" time="0.0004391670227050781"><skipped message="Suite splitting in effect" type="pytest.skip">src/pymortests/grid.py:274: Suite splitting in effect</skipped></testcase><testcase classname="src.pymortests.grid" file="src/pymortests/grid.py" line="274" name="test_neighbours_dtype[&lt;lambda&gt;9]" time="0.0003955364227294922"><skipped message="Suite splitting in effect" type="pytest.skip">src/pymortests/grid.py:274: Suite splitting in effect</skipped></testcase><testcase classname="src.pymortests.grid" file="src/pymortests/grid.py" line="274" name="test_neighbours_dtype[&lt;lambda&gt;10]" time="0.0004115104675292969"><skipped message="Suite splitting in effect" type="pytest.skip">src/pymortests/grid.py:274: Suite splitting in effect</skipped></testcase><testcase classname="src.pymortests.grid" file="src/pymortests/grid.py" line="274" name="test_neighbours_dtype[&lt;lambda&gt;11]" time="0.0004169940948486328"><skipped message="Suite splitting in effect" type="pytest.skip">src/pymortests/grid.py:274: Suite splitting in effect</skipped></testcase><testcase classname="src.pymortests.grid" file="src/pymortests/grid.py" line="274" name="test_neighbours_dtype[&lt;lambda&gt;12]" time="0.00041103363037109375"><skipped message="Suite splitting in effect" type="pytest.skip">src/pymortests/grid.py:274: Suite splitting in effect</skipped></testcase><testcase classname="src.pymortests.grid" file="src/pymortests/grid.py" line="274" name="test_neighbours_dtype[&lt;lambda&gt;13]" time="0.0011432170867919922"><skipped message="Suite splitting in effect" type="pytest.skip">src/pymortests/grid.py:274: Suite splitting in effect</skipped></testcase><testcase classname="src.pymortests.grid" file="src/pymortests/grid.py" line="274" name="test_neighbours_dtype[&lt;lambda&gt;14]" time="0.00041866302490234375"><skipped message="Suite splitting in effect" type="pytest.skip">src/pymortests/grid.py:274: Suite splitting in effect</skipped></testcase><testcase classname="src.pymortests.grid" file="src/pymortests/grid.py" line="274" name="test_neighbours_dtype[&lt;lambda&gt;15]" time="0.0003895759582519531"><skipped message="Suite splitting in effect" type="pytest.skip">src/pymortests/grid.py:274: Suite splitting in effect</skipped></testcase><testcase classname="src.pymortests.grid" file="src/pymortests/grid.py" line="274" name="test_neighbours_dtype[&lt;lambda&gt;16]" time="0.00041747093200683594"><skipped message="Suite splitting in effect" type="pytest.skip">src/pymortests/grid.py:274: Suite splitting in effect</skipped></testcase><testcase classname="src.pymortests.grid" file="src/pymortests/grid.py" line="274" name="test_neighbours_dtype[&lt;lambda&gt;17]" time="0.00038695335388183594"><skipped message="Suite splitting in effect" type="pytest.skip">src/pymortests/grid.py:274: Suite splitting in effect</skipped></testcase><testcase classname="src.pymortests.grid" file="src/pymortests/grid.py" line="274" name="test_neighbours_dtype[&lt;lambda&gt;18]" time="0.0004382133483886719"><skipped message="Suite splitting in effect" type="pytest.skip">src/pymortests/grid.py:274: Suite splitting in effect</skipped></testcase><testcase classname="src.pymortests.grid" file="src/pymortests/grid.py" line="274" name="test_neighbours_dtype[&lt;lambda&gt;19]" time="0.0003998279571533203"><skipped message="Suite splitting in effect" type="pytest.skip">src/pymortests/grid.py:274: Suite splitting in effect</skipped></testcase><testcase classname="src.pymortests.grid" file="src/pymortests/grid.py" line="274" name="test_neighbours_dtype[&lt;lambda&gt;20]" time="0.0003879070281982422"><skipped message="Suite splitting in effect" type="pytest.skip">src/pymortests/grid.py:274: Suite splitting in effect</skipped></testcase><testcase classname="src.pymortests.grid" file="src/pymortests/grid.py" line="274" name="test_neighbours_dtype[&lt;lambda&gt;21]" time="0.0004036426544189453"><skipped message="Suite splitting in effect" type="pytest.skip">src/pymortests/grid.py:274: Suite splitting in effect</skipped></testcase><testcase classname="src.pymortests.grid" file="src/pymortests/grid.py" line="274" name="test_neighbours_dtype[&lt;lambda&gt;22]" time="0.0004363059997558594"><skipped message="Suite splitting in effect" type="pytest.skip">src/pymortests/grid.py:274: Suite splitting in effect</skipped></testcase><testcase classname="src.pymortests.grid" file="src/pymortests/grid.py" line="274" name="test_neighbours_dtype[&lt;lambda&gt;23]" time="0.0005018711090087891"><skipped message="Suite splitting in effect" type="pytest.skip">src/pymortests/grid.py:274: Suite splitting in effect</skipped></testcase><testcase classname="src.pymortests.grid" file="src/pymortests/grid.py" line="274" name="test_neighbours_dtype[&lt;lambda&gt;24]" time="0.0004379749298095703"><skipped message="Suite splitting in effect" type="pytest.skip">src/pymortests/grid.py:274: Suite splitting in effect</skipped></testcase><testcase classname="src.pymortests.grid" file="src/pymortests/grid.py" line="274" name="test_neighbours_dtype[&lt;lambda&gt;25]" time="0.00043010711669921875"><skipped message="Suite splitting in effect" type="pytest.skip">src/pymortests/grid.py:274: Suite splitting in effect</skipped></testcase><testcase classname="src.pymortests.grid" file="src/pymortests/grid.py" line="274" name="test_neighbours_dtype[&lt;lambda&gt;26]" time="0.0006690025329589844"><skipped message="Suite splitting in effect" type="pytest.skip">src/pymortests/grid.py:274: Suite splitting in effect</skipped></testcase><testcase classname="src.pymortests.grid" file="src/pymortests/grid.py" line="274" name="test_neighbours_dtype[&lt;lambda&gt;27]" time="0.0003898143768310547"><skipped message="Suite splitting in effect" type="pytest.skip">src/pymortests/grid.py:274: Suite splitting in effect</skipped></testcase><testcase classname="src.pymortests.grid" file="src/pymortests/grid.py" line="274" name="test_neighbours_dtype[&lt;lambda&gt;28]" time="0.0003972053527832031"><skipped message="Suite splitting in effect" type="pytest.skip">src/pymortests/grid.py:274: Suite splitting in effect</skipped></testcase><testcase classname="src.pymortests.grid" file="src/pymortests/grid.py" line="274" name="test_neighbours_dtype[&lt;lambda&gt;29]" time="0.00042438507080078125"><skipped message="Suite splitting in effect" type="pytest.skip">src/pymortests/grid.py:274: Suite splitting in effect</skipped></testcase><testcase classname="src.pymortests.grid" file="src/pymortests/grid.py" line="274" name="test_neighbours_dtype[&lt;lambda&gt;30]" time="0.0003871917724609375"><skipped message="Suite splitting in effect" type="pytest.skip">src/pymortests/grid.py:274: Suite splitting in effect</skipped></testcase><testcase classname="src.pymortests.grid" file="src/pymortests/grid.py" line="274" name="test_neighbours_dtype[&lt;lambda&gt;31]" time="0.0003955364227294922"><skipped message="Suite splitting in effect" type="pytest.skip">src/pymortests/grid.py:274: Suite splitting in effect</skipped></testcase><testcase classname="src.pymortests.grid" file="src/pymortests/grid.py" line="274" name="test_neighbours_dtype[&lt;lambda&gt;32]" time="0.0003941059112548828"><skipped message="Suite splitting in effect" type="pytest.skip">src/pymortests/grid.py:274: Suite splitting in effect</skipped></testcase><testcase classname="src.pymortests.grid" file="src/pymortests/grid.py" line="274" name="test_neighbours_dtype[&lt;lambda&gt;33]" time="0.00040149688720703125"><skipped message="Suite splitting in effect" type="pytest.skip">src/pymortests/grid.py:274: Suite splitting in effect</skipped></testcase><testcase classname="src.pymortests.grid" file="src/pymortests/grid.py" line="274" name="test_neighbours_dtype[&lt;lambda&gt;34]" time="0.0005109310150146484"><skipped message="Suite splitting in effect" type="pytest.skip">src/pymortests/grid.py:274: Suite splitting in effect</skipped></testcase><testcase classname="src.pymortests.grid" file="src/pymortests/grid.py" line="274" name="test_neighbours_dtype[&lt;lambda&gt;35]" time="0.00039887428283691406"><skipped message="Suite splitting in effect" type="pytest.skip">src/pymortests/grid.py:274: Suite splitting in effect</skipped></testcase><testcase classname="src.pymortests.grid" file="src/pymortests/grid.py" line="274" name="test_neighbours_dtype[&lt;lambda&gt;36]" time="0.0004324913024902344"><skipped message="Suite splitting in effect" type="pytest.skip">src/pymortests/grid.py:274: Suite splitting in effect</skipped></testcase><testcase classname="src.pymortests.grid" file="src/pymortests/grid.py" line="274" name="test_neighbours_dtype[&lt;lambda&gt;37]" time="0.00039386749267578125"><skipped message="Suite splitting in effect" type="pytest.skip">src/pymortests/grid.py:274: Suite splitting in effect</skipped></testcase><testcase classname="src.pymortests.grid" file="src/pymortests/grid.py" line="274" name="test_neighbours_dtype[&lt;lambda&gt;38]" time="0.00045037269592285156"><skipped message="Suite splitting in effect" type="pytest.skip">src/pymortests/grid.py:274: Suite splitting in effect</skipped></testcase><testcase classname="src.pymortests.grid" file="src/pymortests/grid.py" line="274" name="test_neighbours_dtype[&lt;lambda&gt;39]" time="0.00039076805114746094"><skipped message="Suite splitting in effect" type="pytest.skip">src/pymortests/grid.py:274: Suite splitting in effect</skipped></testcase><testcase classname="src.pymortests.grid" file="src/pymortests/grid.py" line="274" name="test_neighbours_dtype[&lt;lambda&gt;40]" time="0.00042557716369628906"><skipped message="Suite splitting in effect" type="pytest.skip">src/pymortests/grid.py:274: Suite splitting in effect</skipped></testcase><testcase classname="src.pymortests.grid" file="src/pymortests/grid.py" line="274" name="test_neighbours_dtype[&lt;lambda&gt;41]" time="0.0003991127014160156"><skipped message="Suite splitting in effect" type="pytest.skip">src/pymortests/grid.py:274: Suite splitting in effect</skipped></testcase><testcase classname="src.pymortests.grid" file="src/pymortests/grid.py" line="274" name="test_neighbours_dtype[&lt;lambda&gt;42]" time="0.00039124488830566406"><skipped message="Suite splitting in effect" type="pytest.skip">src/pymortests/grid.py:274: Suite splitting in effect</skipped></testcase><testcase classname="src.pymortests.grid" file="src/pymortests/grid.py" line="281" name="test_neighbours_entry_value_range[&lt;lambda&gt;0]" time="0.0004324913024902344"><skipped message="Suite splitting in effect" type="pytest.skip">src/pymortests/grid.py:281: Suite splitting in effect</skipped></testcase><testcase classname="src.pymortests.grid" file="src/pymortests/grid.py" line="281" name="test_neighbours_entry_value_range[&lt;lambda&gt;1]" time="0.00041604042053222656"><skipped message="Suite splitting in effect" type="pytest.skip">src/pymortests/grid.py:281: Suite splitting in effect</skipped></testcase><testcase classname="src.pymortests.grid" file="src/pymortests/grid.py" line="281" name="test_neighbours_entry_value_range[&lt;lambda&gt;2]" time="0.00043129920959472656"><skipped message="Suite splitting in effect" type="pytest.skip">src/pymortests/grid.py:281: Suite splitting in effect</skipped></testcase><testcase classname="src.pymortests.grid" file="src/pymortests/grid.py" line="281" name="test_neighbours_entry_value_range[&lt;lambda&gt;3]" time="0.0003960132598876953"><skipped message="Suite splitting in effect" type="pytest.skip">src/pymortests/grid.py:281: Suite splitting in effect</skipped></testcase><testcase classname="src.pymortests.grid" file="src/pymortests/grid.py" line="281" name="test_neighbours_entry_value_range[&lt;lambda&gt;4]" time="0.0004601478576660156"><skipped message="Suite splitting in effect" type="pytest.skip">src/pymortests/grid.py:281: Suite splitting in effect</skipped></testcase><testcase classname="src.pymortests.grid" file="src/pymortests/grid.py" line="281" name="test_neighbours_entry_value_range[&lt;lambda&gt;5]" time="0.0004923343658447266"><skipped message="Suite splitting in effect" type="pytest.skip">src/pymortests/grid.py:281: Suite splitting in effect</skipped></testcase><testcase classname="src.pymortests.grid" file="src/pymortests/grid.py" line="281" name="test_neighbours_entry_value_range[&lt;lambda&gt;6]" time="0.0003974437713623047"><skipped message="Suite splitting in effect" type="pytest.skip">src/pymortests/grid.py:281: Suite splitting in effect</skipped></testcase><testcase classname="src.pymortests.grid" file="src/pymortests/grid.py" line="281" name="test_neighbours_entry_value_range[&lt;lambda&gt;7]" time="0.0003924369812011719"><skipped message="Suite splitting in effect" type="pytest.skip">src/pymortests/grid.py:281: Suite splitting in effect</skipped></testcase><testcase classname="src.pymortests.grid" file="src/pymortests/grid.py" line="281" name="test_neighbours_entry_value_range[&lt;lambda&gt;8]" time="0.0004076957702636719"><skipped message="Suite splitting in effect" type="pytest.skip">src/pymortests/grid.py:281: Suite splitting in effect</skipped></testcase><testcase classname="src.pymortests.grid" file="src/pymortests/grid.py" line="281" name="test_neighbours_entry_value_range[&lt;lambda&gt;9]" time="0.0003943443298339844"><skipped message="Suite splitting in effect" type="pytest.skip">src/pymortests/grid.py:281: Suite splitting in effect</skipped></testcase><testcase classname="src.pymortests.grid" file="src/pymortests/grid.py" line="281" name="test_neighbours_entry_value_range[&lt;lambda&gt;10]" time="0.0003943443298339844"><skipped message="Suite splitting in effect" type="pytest.skip">src/pymortests/grid.py:281: Suite splitting in effect</skipped></testcase><testcase classname="src.pymortests.grid" file="src/pymortests/grid.py" line="281" name="test_neighbours_entry_value_range[&lt;lambda&gt;11]" time="0.0003972053527832031"><skipped message="Suite splitting in effect" type="pytest.skip">src/pymortests/grid.py:281: Suite splitting in effect</skipped></testcase><testcase classname="src.pymortests.grid" file="src/pymortests/grid.py" line="281" name="test_neighbours_entry_value_range[&lt;lambda&gt;12]" time="0.0003948211669921875"><skipped message="Suite splitting in effect" type="pytest.skip">src/pymortests/grid.py:281: Suite splitting in effect</skipped></testcase><testcase classname="src.pymortests.grid" file="src/pymortests/grid.py" line="281" name="test_neighbours_entry_value_range[&lt;lambda&gt;13]" time="0.0004012584686279297"><skipped message="Suite splitting in effect" type="pytest.skip">src/pymortests/grid.py:281: Suite splitting in effect</skipped></testcase><testcase classname="src.pymortests.grid" file="src/pymortests/grid.py" line="281" name="test_neighbours_entry_value_range[&lt;lambda&gt;14]" time="0.0004296302795410156"><skipped message="Suite splitting in effect" type="pytest.skip">src/pymortests/grid.py:281: Suite splitting in effect</skipped></testcase><testcase classname="src.pymortests.grid" file="src/pymortests/grid.py" line="281" name="test_neighbours_entry_value_range[&lt;lambda&gt;15]" time="0.00041794776916503906"><skipped message="Suite splitting in effect" type="pytest.skip">src/pymortests/grid.py:281: Suite splitting in effect</skipped></testcase><testcase classname="src.pymortests.grid" file="src/pymortests/grid.py" line="281" name="test_neighbours_entry_value_range[&lt;lambda&gt;16]" time="0.000423431396484375"><skipped message="Suite splitting in effect" type="pytest.skip">src/pymortests/grid.py:281: Suite splitting in effect</skipped></testcase><testcase classname="src.pymortests.grid" file="src/pymortests/grid.py" line="281" name="test_neighbours_entry_value_range[&lt;lambda&gt;17]" time="0.0004572868347167969"><skipped message="Suite splitting in effect" type="pytest.skip">src/pymortests/grid.py:281: Suite splitting in effect</skipped></testcase><testcase classname="src.pymortests.grid" file="src/pymortests/grid.py" line="281" name="test_neighbours_entry_value_range[&lt;lambda&gt;18]" time="0.00044727325439453125"><skipped message="Suite splitting in effect" type="pytest.skip">src/pymortests/grid.py:281: Suite splitting in effect</skipped></testcase><testcase classname="src.pymortests.grid" file="src/pymortests/grid.py" line="281" name="test_neighbours_entry_value_range[&lt;lambda&gt;19]" time="0.0004143714904785156"><skipped message="Suite splitting in effect" type="pytest.skip">src/pymortests/grid.py:281: Suite splitting in effect</skipped></testcase><testcase classname="src.pymortests.grid" file="src/pymortests/grid.py" line="281" name="test_neighbours_entry_value_range[&lt;lambda&gt;20]" time="0.00042700767517089844"><skipped message="Suite splitting in effect" type="pytest.skip">src/pymortests/grid.py:281: Suite splitting in effect</skipped></testcase><testcase classname="src.pymortests.grid" file="src/pymortests/grid.py" line="281" name="test_neighbours_entry_value_range[&lt;lambda&gt;21]" time="0.0004520416259765625"><skipped message="Suite splitting in effect" type="pytest.skip">src/pymortests/grid.py:281: Suite splitting in effect</skipped></testcase><testcase classname="src.pymortests.grid" file="src/pymortests/grid.py" line="281" name="test_neighbours_entry_value_range[&lt;lambda&gt;22]" time="0.0004024505615234375"><skipped message="Suite splitting in effect" type="pytest.skip">src/pymortests/grid.py:281: Suite splitting in effect</skipped></testcase><testcase classname="src.pymortests.grid" file="src/pymortests/grid.py" line="281" name="test_neighbours_entry_value_range[&lt;lambda&gt;23]" time="0.0003998279571533203"><skipped message="Suite splitting in effect" type="pytest.skip">src/pymortests/grid.py:281: Suite splitting in effect</skipped></testcase><testcase classname="src.pymortests.grid" file="src/pymortests/grid.py" line="281" name="test_neighbours_entry_value_range[&lt;lambda&gt;24]" time="0.000392913818359375"><skipped message="Suite splitting in effect" type="pytest.skip">src/pymortests/grid.py:281: Suite splitting in effect</skipped></testcase><testcase classname="src.pymortests.grid" file="src/pymortests/grid.py" line="281" name="test_neighbours_entry_value_range[&lt;lambda&gt;25]" time="0.0004012584686279297"><skipped message="Suite splitting in effect" type="pytest.skip">src/pymortests/grid.py:281: Suite splitting in effect</skipped></testcase><testcase classname="src.pymortests.grid" file="src/pymortests/grid.py" line="281" name="test_neighbours_entry_value_range[&lt;lambda&gt;26]" time="0.00039649009704589844"><skipped message="Suite splitting in effect" type="pytest.skip">src/pymortests/grid.py:281: Suite splitting in effect</skipped></testcase><testcase classname="src.pymortests.grid" file="src/pymortests/grid.py" line="281" name="test_neighbours_entry_value_range[&lt;lambda&gt;27]" time="0.000415802001953125"><skipped message="Suite splitting in effect" type="pytest.skip">src/pymortests/grid.py:281: Suite splitting in effect</skipped></testcase><testcase classname="src.pymortests.grid" file="src/pymortests/grid.py" line="281" name="test_neighbours_entry_value_range[&lt;lambda&gt;28]" time="0.0004076957702636719"><skipped message="Suite splitting in effect" type="pytest.skip">src/pymortests/grid.py:281: Suite splitting in effect</skipped></testcase><testcase classname="src.pymortests.grid" file="src/pymortests/grid.py" line="281" name="test_neighbours_entry_value_range[&lt;lambda&gt;29]" time="0.00042629241943359375"><skipped message="Suite splitting in effect" type="pytest.skip">src/pymortests/grid.py:281: Suite splitting in effect</skipped></testcase><testcase classname="src.pymortests.grid" file="src/pymortests/grid.py" line="281" name="test_neighbours_entry_value_range[&lt;lambda&gt;30]" time="0.00040435791015625"><skipped message="Suite splitting in effect" type="pytest.skip">src/pymortests/grid.py:281: Suite splitting in effect</skipped></testcase><testcase classname="src.pymortests.grid" file="src/pymortests/grid.py" line="281" name="test_neighbours_entry_value_range[&lt;lambda&gt;31]" time="0.00039386749267578125"><skipped message="Suite splitting in effect" type="pytest.skip">src/pymortests/grid.py:281: Suite splitting in effect</skipped></testcase><testcase classname="src.pymortests.grid" file="src/pymortests/grid.py" line="281" name="test_neighbours_entry_value_range[&lt;lambda&gt;32]" time="0.00042748451232910156"><skipped message="Suite splitting in effect" type="pytest.skip">src/pymortests/grid.py:281: Suite splitting in effect</skipped></testcase><testcase classname="src.pymortests.grid" file="src/pymortests/grid.py" line="281" name="test_neighbours_entry_value_range[&lt;lambda&gt;33]" time="0.0004260540008544922"><skipped message="Suite splitting in effect" type="pytest.skip">src/pymortests/grid.py:281: Suite splitting in effect</skipped></testcase><testcase classname="src.pymortests.grid" file="src/pymortests/grid.py" line="281" name="test_neighbours_entry_value_range[&lt;lambda&gt;34]" time="0.0004527568817138672"><skipped message="Suite splitting in effect" type="pytest.skip">src/pymortests/grid.py:281: Suite splitting in effect</skipped></testcase><testcase classname="src.pymortests.grid" file="src/pymortests/grid.py" line="281" name="test_neighbours_entry_value_range[&lt;lambda&gt;35]" time="0.0004825592041015625"><skipped message="Suite splitting in effect" type="pytest.skip">src/pymortests/grid.py:281: Suite splitting in effect</skipped></testcase><testcase classname="src.pymortests.grid" file="src/pymortests/grid.py" line="281" name="test_neighbours_entry_value_range[&lt;lambda&gt;36]" time="0.00043129920959472656"><skipped message="Suite splitting in effect" type="pytest.skip">src/pymortests/grid.py:281: Suite splitting in effect</skipped></testcase><testcase classname="src.pymortests.grid" file="src/pymortests/grid.py" line="281" name="test_neighbours_entry_value_range[&lt;lambda&gt;37]" time="0.0004019737243652344"><skipped message="Suite splitting in effect" type="pytest.skip">src/pymortests/grid.py:281: Suite splitting in effect</skipped></testcase><testcase classname="src.pymortests.grid" file="src/pymortests/grid.py" line="281" name="test_neighbours_entry_value_range[&lt;lambda&gt;38]" time="0.0004627704620361328"><skipped message="Suite splitting in effect" type="pytest.skip">src/pymortests/grid.py:281: Suite splitting in effect</skipped></testcase><testcase classname="src.pymortests.grid" file="src/pymortests/grid.py" line="281" name="test_neighbours_entry_value_range[&lt;lambda&gt;39]" time="0.00038695335388183594"><skipped message="Suite splitting in effect" type="pytest.skip">src/pymortests/grid.py:281: Suite splitting in effect</skipped></testcase><testcase classname="src.pymortests.grid" file="src/pymortests/grid.py" line="281" name="test_neighbours_entry_value_range[&lt;lambda&gt;40]" time="0.0004642009735107422"><skipped message="Suite splitting in effect" type="pytest.skip">src/pymortests/grid.py:281: Suite splitting in effect</skipped></testcase><testcase classname="src.pymortests.grid" file="src/pymortests/grid.py" line="281" name="test_neighbours_entry_value_range[&lt;lambda&gt;41]" time="0.0004665851593017578"><skipped message="Suite splitting in effect" type="pytest.skip">src/pymortests/grid.py:281: Suite splitting in effect</skipped></testcase><testcase classname="src.pymortests.grid" file="src/pymortests/grid.py" line="281" name="test_neighbours_entry_value_range[&lt;lambda&gt;42]" time="0.00039839744567871094"><skipped message="Suite splitting in effect" type="pytest.skip">src/pymortests/grid.py:281: Suite splitting in effect</skipped></testcase><testcase classname="src.pymortests.grid" file="src/pymortests/grid.py" line="289" name="test_neighbours_entry_values_unique[&lt;lambda&gt;0]" time="0.0003998279571533203"><skipped message="Suite splitting in effect" type="pytest.skip">src/pymortests/grid.py:289: Suite splitting in effect</skipped></testcase><testcase classname="src.pymortests.grid" file="src/pymortests/grid.py" line="289" name="test_neighbours_entry_values_unique[&lt;lambda&gt;1]" time="0.0004482269287109375"><skipped message="Suite splitting in effect" type="pytest.skip">src/pymortests/grid.py:289: Suite splitting in effect</skipped></testcase><testcase classname="src.pymortests.grid" file="src/pymortests/grid.py" line="289" name="test_neighbours_entry_values_unique[&lt;lambda&gt;2]" time="0.0004246234893798828"><skipped message="Suite splitting in effect" type="pytest.skip">src/pymortests/grid.py:289: Suite splitting in effect</skipped></testcase><testcase classname="src.pymortests.grid" file="src/pymortests/grid.py" line="289" name="test_neighbours_entry_values_unique[&lt;lambda&gt;3]" time="0.0003979206085205078"><skipped message="Suite splitting in effect" type="pytest.skip">src/pymortests/grid.py:289: Suite splitting in effect</skipped></testcase><testcase classname="src.pymortests.grid" file="src/pymortests/grid.py" line="289" name="test_neighbours_entry_values_unique[&lt;lambda&gt;4]" time="0.0003933906555175781"><skipped message="Suite splitting in effect" type="pytest.skip">src/pymortests/grid.py:289: Suite splitting in effect</skipped></testcase><testcase classname="src.pymortests.grid" file="src/pymortests/grid.py" line="289" name="test_neighbours_entry_values_unique[&lt;lambda&gt;5]" time="0.00043010711669921875"><skipped message="Suite splitting in effect" type="pytest.skip">src/pymortests/grid.py:289: Suite splitting in effect</skipped></testcase><testcase classname="src.pymortests.grid" file="src/pymortests/grid.py" line="289" name="test_neighbours_entry_values_unique[&lt;lambda&gt;6]" time="0.0004918575286865234"><skipped message="Suite splitting in effect" type="pytest.skip">src/pymortests/grid.py:289: Suite splitting in effect</skipped></testcase><testcase classname="src.pymortests.grid" file="src/pymortests/grid.py" line="289" name="test_neighbours_entry_values_unique[&lt;lambda&gt;7]" time="0.0004229545593261719"><skipped message="Suite splitting in effect" type="pytest.skip">src/pymortests/grid.py:289: Suite splitting in effect</skipped></testcase><testcase classname="src.pymortests.grid" file="src/pymortests/grid.py" line="289" name="test_neighbours_entry_values_unique[&lt;lambda&gt;8]" time="0.000423431396484375"><skipped message="Suite splitting in effect" type="pytest.skip">src/pymortests/grid.py:289: Suite splitting in effect</skipped></testcase><testcase classname="src.pymortests.grid" file="src/pymortests/grid.py" line="289" name="test_neighbours_entry_values_unique[&lt;lambda&gt;9]" time="0.0004298686981201172"><skipped message="Suite splitting in effect" type="pytest.skip">src/pymortests/grid.py:289: Suite splitting in effect</skipped></testcase><testcase classname="src.pymortests.grid" file="src/pymortests/grid.py" line="289" name="test_neighbours_entry_values_unique[&lt;lambda&gt;10]" time="0.00039386749267578125"><skipped message="Suite splitting in effect" type="pytest.skip">src/pymortests/grid.py:289: Suite splitting in effect</skipped></testcase><testcase classname="src.pymortests.grid" file="src/pymortests/grid.py" line="289" name="test_neighbours_entry_values_unique[&lt;lambda&gt;11]" time="0.0004029273986816406"><skipped message="Suite splitting in effect" type="pytest.skip">src/pymortests/grid.py:289: Suite splitting in effect</skipped></testcase><testcase classname="src.pymortests.grid" file="src/pymortests/grid.py" line="289" name="test_neighbours_entry_values_unique[&lt;lambda&gt;12]" time="0.0004181861877441406"><skipped message="Suite splitting in effect" type="pytest.skip">src/pymortests/grid.py:289: Suite splitting in effect</skipped></testcase><testcase classname="src.pymortests.grid" file="src/pymortests/grid.py" line="289" name="test_neighbours_entry_values_unique[&lt;lambda&gt;13]" time="0.0004296302795410156"><skipped message="Suite splitting in effect" type="pytest.skip">src/pymortests/grid.py:289: Suite splitting in effect</skipped></testcase><testcase classname="src.pymortests.grid" file="src/pymortests/grid.py" line="289" name="test_neighbours_entry_values_unique[&lt;lambda&gt;14]" time="0.00042057037353515625"><skipped message="Suite splitting in effect" type="pytest.skip">src/pymortests/grid.py:289: Suite splitting in effect</skipped></testcase><testcase classname="src.pymortests.grid" file="src/pymortests/grid.py" line="289" name="test_neighbours_entry_values_unique[&lt;lambda&gt;15]" time="0.00044536590576171875"><skipped message="Suite splitting in effect" type="pytest.skip">src/pymortests/grid.py:289: Suite splitting in effect</skipped></testcase><testcase classname="src.pymortests.grid" file="src/pymortests/grid.py" line="289" name="test_neighbours_entry_values_unique[&lt;lambda&gt;16]" time="0.0009624958038330078"><skipped message="Suite splitting in effect" type="pytest.skip">src/pymortests/grid.py:289: Suite splitting in effect</skipped></testcase><testcase classname="src.pymortests.grid" file="src/pymortests/grid.py" line="289" name="test_neighbours_entry_values_unique[&lt;lambda&gt;17]" time="0.0004870891571044922"><skipped message="Suite splitting in effect" type="pytest.skip">src/pymortests/grid.py:289: Suite splitting in effect</skipped></testcase><testcase classname="src.pymortests.grid" file="src/pymortests/grid.py" line="289" name="test_neighbours_entry_values_unique[&lt;lambda&gt;18]" time="0.0005862712860107422"><skipped message="Suite splitting in effect" type="pytest.skip">src/pymortests/grid.py:289: Suite splitting in effect</skipped></testcase><testcase classname="src.pymortests.grid" file="src/pymortests/grid.py" line="289" name="test_neighbours_entry_values_unique[&lt;lambda&gt;19]" time="0.0005784034729003906"><skipped message="Suite splitting in effect" type="pytest.skip">src/pymortests/grid.py:289: Suite splitting in effect</skipped></testcase><testcase classname="src.pymortests.grid" file="src/pymortests/grid.py" line="289" name="test_neighbours_entry_values_unique[&lt;lambda&gt;20]" time="0.0004940032958984375"><skipped message="Suite splitting in effect" type="pytest.skip">src/pymortests/grid.py:289: Suite splitting in effect</skipped></testcase><testcase classname="src.pymortests.grid" file="src/pymortests/grid.py" line="289" name="test_neighbours_entry_values_unique[&lt;lambda&gt;21]" time="0.00041031837463378906"><skipped message="Suite splitting in effect" type="pytest.skip">src/pymortests/grid.py:289: Suite splitting in effect</skipped></testcase><testcase classname="src.pymortests.grid" file="src/pymortests/grid.py" line="289" name="test_neighbours_entry_values_unique[&lt;lambda&gt;22]" time="0.0006299018859863281"><skipped message="Suite splitting in effect" type="pytest.skip">src/pymortests/grid.py:289: Suite splitting in effect</skipped></testcase><testcase classname="src.pymortests.grid" file="src/pymortests/grid.py" line="289" name="test_neighbours_entry_values_unique[&lt;lambda&gt;23]" time="0.0005538463592529297"><skipped message="Suite splitting in effect" type="pytest.skip">src/pymortests/grid.py:289: Suite splitting in effect</skipped></testcase><testcase classname="src.pymortests.grid" file="src/pymortests/grid.py" line="289" name="test_neighbours_entry_values_unique[&lt;lambda&gt;24]" time="0.00042319297790527344"><skipped message="Suite splitting in effect" type="pytest.skip">src/pymortests/grid.py:289: Suite splitting in effect</skipped></testcase><testcase classname="src.pymortests.grid" file="src/pymortests/grid.py" line="289" name="test_neighbours_entry_values_unique[&lt;lambda&gt;25]" time="0.0004112720489501953"><skipped message="Suite splitting in effect" type="pytest.skip">src/pymortests/grid.py:289: Suite splitting in effect</skipped></testcase><testcase classname="src.pymortests.grid" file="src/pymortests/grid.py" line="289" name="test_neighbours_entry_values_unique[&lt;lambda&gt;26]" time="0.0004439353942871094"><skipped message="Suite splitting in effect" type="pytest.skip">src/pymortests/grid.py:289: Suite splitting in effect</skipped></testcase><testcase classname="src.pymortests.grid" file="src/pymortests/grid.py" line="289" name="test_neighbours_entry_values_unique[&lt;lambda&gt;27]" time="0.0004096031188964844"><skipped message="Suite splitting in effect" type="pytest.skip">src/pymortests/grid.py:289: Suite splitting in effect</skipped></testcase><testcase classname="src.pymortests.grid" file="src/pymortests/grid.py" line="289" name="test_neighbours_entry_values_unique[&lt;lambda&gt;28]" time="0.00040459632873535156"><skipped message="Suite splitting in effect" type="pytest.skip">src/pymortests/grid.py:289: Suite splitting in effect</skipped></testcase><testcase classname="src.pymortests.grid" file="src/pymortests/grid.py" line="289" name="test_neighbours_entry_values_unique[&lt;lambda&gt;29]" time="0.0004265308380126953"><skipped message="Suite splitting in effect" type="pytest.skip">src/pymortests/grid.py:289: Suite splitting in effect</skipped></testcase><testcase classname="src.pymortests.grid" file="src/pymortests/grid.py" line="289" name="test_neighbours_entry_values_unique[&lt;lambda&gt;30]" time="0.0004208087921142578"><skipped message="Suite splitting in effect" type="pytest.skip">src/pymortests/grid.py:289: Suite splitting in effect</skipped></testcase><testcase classname="src.pymortests.grid" file="src/pymortests/grid.py" line="289" name="test_neighbours_entry_values_unique[&lt;lambda&gt;31]" time="0.0004527568817138672"><skipped message="Suite splitting in effect" type="pytest.skip">src/pymortests/grid.py:289: Suite splitting in effect</skipped></testcase><testcase classname="src.pymortests.grid" file="src/pymortests/grid.py" line="289" name="test_neighbours_entry_values_unique[&lt;lambda&gt;32]" time="0.0004048347473144531"><skipped message="Suite splitting in effect" type="pytest.skip">src/pymortests/grid.py:289: Suite splitting in effect</skipped></testcase><testcase classname="src.pymortests.grid" file="src/pymortests/grid.py" line="289" name="test_neighbours_entry_values_unique[&lt;lambda&gt;33]" time="0.000438690185546875"><skipped message="Suite splitting in effect" type="pytest.skip">src/pymortests/grid.py:289: Suite splitting in effect</skipped></testcase><testcase classname="src.pymortests.grid" file="src/pymortests/grid.py" line="289" name="test_neighbours_entry_values_unique[&lt;lambda&gt;34]" time="0.0004658699035644531"><skipped message="Suite splitting in effect" type="pytest.skip">src/pymortests/grid.py:289: Suite splitting in effect</skipped></testcase><testcase classname="src.pymortests.grid" file="src/pymortests/grid.py" line="289" name="test_neighbours_entry_values_unique[&lt;lambda&gt;35]" time="0.0007100105285644531"><skipped message="Suite splitting in effect" type="pytest.skip">src/pymortests/grid.py:289: Suite splitting in effect</skipped></testcase><testcase classname="src.pymortests.grid" file="src/pymortests/grid.py" line="289" name="test_neighbours_entry_values_unique[&lt;lambda&gt;36]" time="0.0004515647888183594"><skipped message="Suite splitting in effect" type="pytest.skip">src/pymortests/grid.py:289: Suite splitting in effect</skipped></testcase><testcase classname="src.pymortests.grid" file="src/pymortests/grid.py" line="289" name="test_neighbours_entry_values_unique[&lt;lambda&gt;37]" time="0.0004019737243652344"><skipped message="Suite splitting in effect" type="pytest.skip">src/pymortests/grid.py:289: Suite splitting in effect</skipped></testcase><testcase classname="src.pymortests.grid" file="src/pymortests/grid.py" line="289" name="test_neighbours_entry_values_unique[&lt;lambda&gt;38]" time="0.00043392181396484375"><skipped message="Suite splitting in effect" type="pytest.skip">src/pymortests/grid.py:289: Suite splitting in effect</skipped></testcase><testcase classname="src.pymortests.grid" file="src/pymortests/grid.py" line="289" name="test_neighbours_entry_values_unique[&lt;lambda&gt;39]" time="0.00045037269592285156"><skipped message="Suite splitting in effect" type="pytest.skip">src/pymortests/grid.py:289: Suite splitting in effect</skipped></testcase><testcase classname="src.pymortests.grid" file="src/pymortests/grid.py" line="289" name="test_neighbours_entry_values_unique[&lt;lambda&gt;40]" time="0.00042700767517089844"><skipped message="Suite splitting in effect" type="pytest.skip">src/pymortests/grid.py:289: Suite splitting in effect</skipped></testcase><testcase classname="src.pymortests.grid" file="src/pymortests/grid.py" line="289" name="test_neighbours_entry_values_unique[&lt;lambda&gt;41]" time="0.00046753883361816406"><skipped message="Suite splitting in effect" type="pytest.skip">src/pymortests/grid.py:289: Suite splitting in effect</skipped></testcase><testcase classname="src.pymortests.grid" file="src/pymortests/grid.py" line="289" name="test_neighbours_entry_values_unique[&lt;lambda&gt;42]" time="0.00040459632873535156"><skipped message="Suite splitting in effect" type="pytest.skip">src/pymortests/grid.py:289: Suite splitting in effect</skipped></testcase><testcase classname="src.pymortests.grid" file="src/pymortests/grid.py" line="298" name="test_neighbours_each_entry_neighbour[&lt;lambda&gt;0]" time="0.000431060791015625"><skipped message="Suite splitting in effect" type="pytest.skip">src/pymortests/grid.py:298: Suite splitting in effect</skipped></testcase><testcase classname="src.pymortests.grid" file="src/pymortests/grid.py" line="298" name="test_neighbours_each_entry_neighbour[&lt;lambda&gt;1]" time="0.0003981590270996094"><skipped message="Suite splitting in effect" type="pytest.skip">src/pymortests/grid.py:298: Suite splitting in effect</skipped></testcase><testcase classname="src.pymortests.grid" file="src/pymortests/grid.py" line="298" name="test_neighbours_each_entry_neighbour[&lt;lambda&gt;2]" time="0.0004279613494873047"><skipped message="Suite splitting in effect" type="pytest.skip">src/pymortests/grid.py:298: Suite splitting in effect</skipped></testcase><testcase classname="src.pymortests.grid" file="src/pymortests/grid.py" line="298" name="test_neighbours_each_entry_neighbour[&lt;lambda&gt;3]" time="0.0004029273986816406"><skipped message="Suite splitting in effect" type="pytest.skip">src/pymortests/grid.py:298: Suite splitting in effect</skipped></testcase><testcase classname="src.pymortests.grid" file="src/pymortests/grid.py" line="298" name="test_neighbours_each_entry_neighbour[&lt;lambda&gt;4]" time="0.0004329681396484375"><skipped message="Suite splitting in effect" type="pytest.skip">src/pymortests/grid.py:298: Suite splitting in effect</skipped></testcase><testcase classname="src.pymortests.grid" file="src/pymortests/grid.py" line="298" name="test_neighbours_each_entry_neighbour[&lt;lambda&gt;5]" time="0.0003986358642578125"><skipped message="Suite splitting in effect" type="pytest.skip">src/pymortests/grid.py:298: Suite splitting in effect</skipped></testcase><testcase classname="src.pymortests.grid" file="src/pymortests/grid.py" line="298" name="test_neighbours_each_entry_neighbour[&lt;lambda&gt;6]" time="0.00045228004455566406"><skipped message="Suite splitting in effect" type="pytest.skip">src/pymortests/grid.py:298: Suite splitting in effect</skipped></testcase><testcase classname="src.pymortests.grid" file="src/pymortests/grid.py" line="298" name="test_neighbours_each_entry_neighbour[&lt;lambda&gt;7]" time="0.000431060791015625"><skipped message="Suite splitting in effect" type="pytest.skip">src/pymortests/grid.py:298: Suite splitting in effect</skipped></testcase><testcase classname="src.pymortests.grid" file="src/pymortests/grid.py" line="298" name="test_neighbours_each_entry_neighbour[&lt;lambda&gt;8]" time="0.0003898143768310547"><skipped message="Suite splitting in effect" type="pytest.skip">src/pymortests/grid.py:298: Suite splitting in effect</skipped></testcase><testcase classname="src.pymortests.grid" file="src/pymortests/grid.py" line="298" name="test_neighbours_each_entry_neighbour[&lt;lambda&gt;9]" time="0.0003981590270996094"><skipped message="Suite splitting in effect" type="pytest.skip">src/pymortests/grid.py:298: Suite splitting in effect</skipped></testcase><testcase classname="src.pymortests.grid" file="src/pymortests/grid.py" line="298" name="test_neighbours_each_entry_neighbour[&lt;lambda&gt;10]" time="0.0003955364227294922"><skipped message="Suite splitting in effect" type="pytest.skip">src/pymortests/grid.py:298: Suite splitting in effect</skipped></testcase><testcase classname="src.pymortests.grid" file="src/pymortests/grid.py" line="298" name="test_neighbours_each_entry_neighbour[&lt;lambda&gt;11]" time="0.0004680156707763672"><skipped message="Suite splitting in effect" type="pytest.skip">src/pymortests/grid.py:298: Suite splitting in effect</skipped></testcase><testcase classname="src.pymortests.grid" file="src/pymortests/grid.py" line="298" name="test_neighbours_each_entry_neighbour[&lt;lambda&gt;12]" time="0.0004057884216308594"><skipped message="Suite splitting in effect" type="pytest.skip">src/pymortests/grid.py:298: Suite splitting in effect</skipped></testcase><testcase classname="src.pymortests.grid" file="src/pymortests/grid.py" line="298" name="test_neighbours_each_entry_neighbour[&lt;lambda&gt;13]" time="0.0004343986511230469"><skipped message="Suite splitting in effect" type="pytest.skip">src/pymortests/grid.py:298: Suite splitting in effect</skipped></testcase><testcase classname="src.pymortests.grid" file="src/pymortests/grid.py" line="298" name="test_neighbours_each_entry_neighbour[&lt;lambda&gt;14]" time="0.0003952980041503906"><skipped message="Suite splitting in effect" type="pytest.skip">src/pymortests/grid.py:298: Suite splitting in effect</skipped></testcase><testcase classname="src.pymortests.grid" file="src/pymortests/grid.py" line="298" name="test_neighbours_each_entry_neighbour[&lt;lambda&gt;15]" time="0.0003972053527832031"><skipped message="Suite splitting in effect" type="pytest.skip">src/pymortests/grid.py:298: Suite splitting in effect</skipped></testcase><testcase classname="src.pymortests.grid" file="src/pymortests/grid.py" line="298" name="test_neighbours_each_entry_neighbour[&lt;lambda&gt;16]" time="0.00039958953857421875"><skipped message="Suite splitting in effect" type="pytest.skip">src/pymortests/grid.py:298: Suite splitting in effect</skipped></testcase><testcase classname="src.pymortests.grid" file="src/pymortests/grid.py" line="298" name="test_neighbours_each_entry_neighbour[&lt;lambda&gt;17]" time="0.0003991127014160156"><skipped message="Suite splitting in effect" type="pytest.skip">src/pymortests/grid.py:298: Suite splitting in effect</skipped></testcase><testcase classname="src.pymortests.grid" file="src/pymortests/grid.py" line="298" name="test_neighbours_each_entry_neighbour[&lt;lambda&gt;18]" time="0.0004036426544189453"><skipped message="Suite splitting in effect" type="pytest.skip">src/pymortests/grid.py:298: Suite splitting in effect</skipped></testcase><testcase classname="src.pymortests.grid" file="src/pymortests/grid.py" line="298" name="test_neighbours_each_entry_neighbour[&lt;lambda&gt;19]" time="0.00041365623474121094"><skipped message="Suite splitting in effect" type="pytest.skip">src/pymortests/grid.py:298: Suite splitting in effect</skipped></testcase><testcase classname="src.pymortests.grid" file="src/pymortests/grid.py" line="298" name="test_neighbours_each_entry_neighbour[&lt;lambda&gt;20]" time="0.0003991127014160156"><skipped message="Suite splitting in effect" type="pytest.skip">src/pymortests/grid.py:298: Suite splitting in effect</skipped></testcase><testcase classname="src.pymortests.grid" file="src/pymortests/grid.py" line="298" name="test_neighbours_each_entry_neighbour[&lt;lambda&gt;21]" time="0.0003955364227294922"><skipped message="Suite splitting in effect" type="pytest.skip">src/pymortests/grid.py:298: Suite splitting in effect</skipped></testcase><testcase classname="src.pymortests.grid" file="src/pymortests/grid.py" line="298" name="test_neighbours_each_entry_neighbour[&lt;lambda&gt;22]" time="0.00041222572326660156"><skipped message="Suite splitting in effect" type="pytest.skip">src/pymortests/grid.py:298: Suite splitting in effect</skipped></testcase><testcase classname="src.pymortests.grid" file="src/pymortests/grid.py" line="298" name="test_neighbours_each_entry_neighbour[&lt;lambda&gt;23]" time="0.0004220008850097656"><skipped message="Suite splitting in effect" type="pytest.skip">src/pymortests/grid.py:298: Suite splitting in effect</skipped></testcase><testcase classname="src.pymortests.grid" file="src/pymortests/grid.py" line="298" name="test_neighbours_each_entry_neighbour[&lt;lambda&gt;24]" time="0.00045680999755859375"><skipped message="Suite splitting in effect" type="pytest.skip">src/pymortests/grid.py:298: Suite splitting in effect</skipped></testcase><testcase classname="src.pymortests.grid" file="src/pymortests/grid.py" line="298" name="test_neighbours_each_entry_neighbour[&lt;lambda&gt;25]" time="0.0004229545593261719"><skipped message="Suite splitting in effect" type="pytest.skip">src/pymortests/grid.py:298: Suite splitting in effect</skipped></testcase><testcase classname="src.pymortests.grid" file="src/pymortests/grid.py" line="298" name="test_neighbours_each_entry_neighbour[&lt;lambda&gt;26]" time="0.0004315376281738281"><skipped message="Suite splitting in effect" type="pytest.skip">src/pymortests/grid.py:298: Suite splitting in effect</skipped></testcase><testcase classname="src.pymortests.grid" file="src/pymortests/grid.py" line="298" name="test_neighbours_each_entry_neighbour[&lt;lambda&gt;27]" time="0.0004069805145263672"><skipped message="Suite splitting in effect" type="pytest.skip">src/pymortests/grid.py:298: Suite splitting in effect</skipped></testcase><testcase classname="src.pymortests.grid" file="src/pymortests/grid.py" line="298" name="test_neighbours_each_entry_neighbour[&lt;lambda&gt;28]" time="0.0004050731658935547"><skipped message="Suite splitting in effect" type="pytest.skip">src/pymortests/grid.py:298: Suite splitting in effect</skipped></testcase><testcase classname="src.pymortests.grid" file="src/pymortests/grid.py" line="298" name="test_neighbours_each_entry_neighbour[&lt;lambda&gt;29]" time="0.0004019737243652344"><skipped message="Suite splitting in effect" type="pytest.skip">src/pymortests/grid.py:298: Suite splitting in effect</skipped></testcase><testcase classname="src.pymortests.grid" file="src/pymortests/grid.py" line="298" name="test_neighbours_each_entry_neighbour[&lt;lambda&gt;30]" time="0.0003972053527832031"><skipped message="Suite splitting in effect" type="pytest.skip">src/pymortests/grid.py:298: Suite splitting in effect</skipped></testcase><testcase classname="src.pymortests.grid" file="src/pymortests/grid.py" line="298" name="test_neighbours_each_entry_neighbour[&lt;lambda&gt;31]" time="0.00040650367736816406"><skipped message="Suite splitting in effect" type="pytest.skip">src/pymortests/grid.py:298: Suite splitting in effect</skipped></testcase><testcase classname="src.pymortests.grid" file="src/pymortests/grid.py" line="298" name="test_neighbours_each_entry_neighbour[&lt;lambda&gt;32]" time="0.0004115104675292969"><skipped message="Suite splitting in effect" type="pytest.skip">src/pymortests/grid.py:298: Suite splitting in effect</skipped></testcase><testcase classname="src.pymortests.grid" file="src/pymortests/grid.py" line="298" name="test_neighbours_each_entry_neighbour[&lt;lambda&gt;33]" time="0.0004184246063232422"><skipped message="Suite splitting in effect" type="pytest.skip">src/pymortests/grid.py:298: Suite splitting in effect</skipped></testcase><testcase classname="src.pymortests.grid" file="src/pymortests/grid.py" line="298" name="test_neighbours_each_entry_neighbour[&lt;lambda&gt;34]" time="0.00043272972106933594"><skipped message="Suite splitting in effect" type="pytest.skip">src/pymortests/grid.py:298: Suite splitting in effect</skipped></testcase><testcase classname="src.pymortests.grid" file="src/pymortests/grid.py" line="298" name="test_neighbours_each_entry_neighbour[&lt;lambda&gt;35]" time="0.0003876686096191406"><skipped message="Suite splitting in effect" type="pytest.skip">src/pymortests/grid.py:298: Suite splitting in effect</skipped></testcase><testcase classname="src.pymortests.grid" file="src/pymortests/grid.py" line="298" name="test_neighbours_each_entry_neighbour[&lt;lambda&gt;36]" time="0.00042557716369628906"><skipped message="Suite splitting in effect" type="pytest.skip">src/pymortests/grid.py:298: Suite splitting in effect</skipped></testcase><testcase classname="src.pymortests.grid" file="src/pymortests/grid.py" line="298" name="test_neighbours_each_entry_neighbour[&lt;lambda&gt;37]" time="0.0003924369812011719"><skipped message="Suite splitting in effect" type="pytest.skip">src/pymortests/grid.py:298: Suite splitting in effect</skipped></testcase><testcase classname="src.pymortests.grid" file="src/pymortests/grid.py" line="298" name="test_neighbours_each_entry_neighbour[&lt;lambda&gt;38]" time="0.0004336833953857422"><skipped message="Suite splitting in effect" type="pytest.skip">src/pymortests/grid.py:298: Suite splitting in effect</skipped></testcase><testcase classname="src.pymortests.grid" file="src/pymortests/grid.py" line="298" name="test_neighbours_each_entry_neighbour[&lt;lambda&gt;39]" time="0.00048470497131347656"><skipped message="Suite splitting in effect" type="pytest.skip">src/pymortests/grid.py:298: Suite splitting in effect</skipped></testcase><testcase classname="src.pymortests.grid" file="src/pymortests/grid.py" line="298" name="test_neighbours_each_entry_neighbour[&lt;lambda&gt;40]" time="0.0004298686981201172"><skipped message="Suite splitting in effect" type="pytest.skip">src/pymortests/grid.py:298: Suite splitting in effect</skipped></testcase><testcase classname="src.pymortests.grid" file="src/pymortests/grid.py" line="298" name="test_neighbours_each_entry_neighbour[&lt;lambda&gt;41]" time="0.00041985511779785156"><skipped message="Suite splitting in effect" type="pytest.skip">src/pymortests/grid.py:298: Suite splitting in effect</skipped></testcase><testcase classname="src.pymortests.grid" file="src/pymortests/grid.py" line="298" name="test_neighbours_each_entry_neighbour[&lt;lambda&gt;42]" time="0.00042939186096191406"><skipped message="Suite splitting in effect" type="pytest.skip">src/pymortests/grid.py:298: Suite splitting in effect</skipped></testcase><testcase classname="src.pymortests.grid" file="src/pymortests/grid.py" line="314" name="test_neighbours_each_neighbour_has_entry[&lt;lambda&gt;0]" time="0.0004200935363769531"><skipped message="Suite splitting in effect" type="pytest.skip">src/pymortests/grid.py:314: Suite splitting in effect</skipped></testcase><testcase classname="src.pymortests.grid" file="src/pymortests/grid.py" line="314" name="test_neighbours_each_neighbour_has_entry[&lt;lambda&gt;1]" time="0.0004506111145019531"><skipped message="Suite splitting in effect" type="pytest.skip">src/pymortests/grid.py:314: Suite splitting in effect</skipped></testcase><testcase classname="src.pymortests.grid" file="src/pymortests/grid.py" line="314" name="test_neighbours_each_neighbour_has_entry[&lt;lambda&gt;2]" time="0.0004105567932128906"><skipped message="Suite splitting in effect" type="pytest.skip">src/pymortests/grid.py:314: Suite splitting in effect</skipped></testcase><testcase classname="src.pymortests.grid" file="src/pymortests/grid.py" line="314" name="test_neighbours_each_neighbour_has_entry[&lt;lambda&gt;3]" time="0.0004258155822753906"><skipped message="Suite splitting in effect" type="pytest.skip">src/pymortests/grid.py:314: Suite splitting in effect</skipped></testcase><testcase classname="src.pymortests.grid" file="src/pymortests/grid.py" line="314" name="test_neighbours_each_neighbour_has_entry[&lt;lambda&gt;4]" time="0.0004417896270751953"><skipped message="Suite splitting in effect" type="pytest.skip">src/pymortests/grid.py:314: Suite splitting in effect</skipped></testcase><testcase classname="src.pymortests.grid" file="src/pymortests/grid.py" line="314" name="test_neighbours_each_neighbour_has_entry[&lt;lambda&gt;5]" time="0.0005238056182861328"><skipped message="Suite splitting in effect" type="pytest.skip">src/pymortests/grid.py:314: Suite splitting in effect</skipped></testcase><testcase classname="src.pymortests.grid" file="src/pymortests/grid.py" line="314" name="test_neighbours_each_neighbour_has_entry[&lt;lambda&gt;6]" time="0.00044465065002441406"><skipped message="Suite splitting in effect" type="pytest.skip">src/pymortests/grid.py:314: Suite splitting in effect</skipped></testcase><testcase classname="src.pymortests.grid" file="src/pymortests/grid.py" line="314" name="test_neighbours_each_neighbour_has_entry[&lt;lambda&gt;7]" time="0.0003898143768310547"><skipped message="Suite splitting in effect" type="pytest.skip">src/pymortests/grid.py:314: Suite splitting in effect</skipped></testcase><testcase classname="src.pymortests.grid" file="src/pymortests/grid.py" line="314" name="test_neighbours_each_neighbour_has_entry[&lt;lambda&gt;8]" time="0.00042438507080078125"><skipped message="Suite splitting in effect" type="pytest.skip">src/pymortests/grid.py:314: Suite splitting in effect</skipped></testcase><testcase classname="src.pymortests.grid" file="src/pymortests/grid.py" line="314" name="test_neighbours_each_neighbour_has_entry[&lt;lambda&gt;9]" time="0.0003998279571533203"><skipped message="Suite splitting in effect" type="pytest.skip">src/pymortests/grid.py:314: Suite splitting in effect</skipped></testcase><testcase classname="src.pymortests.grid" file="src/pymortests/grid.py" line="314" name="test_neighbours_each_neighbour_has_entry[&lt;lambda&gt;10]" time="0.0004317760467529297"><skipped message="Suite splitting in effect" type="pytest.skip">src/pymortests/grid.py:314: Suite splitting in effect</skipped></testcase><testcase classname="src.pymortests.grid" file="src/pymortests/grid.py" line="314" name="test_neighbours_each_neighbour_has_entry[&lt;lambda&gt;11]" time="0.0003921985626220703"><skipped message="Suite splitting in effect" type="pytest.skip">src/pymortests/grid.py:314: Suite splitting in effect</skipped></testcase><testcase classname="src.pymortests.grid" file="src/pymortests/grid.py" line="314" name="test_neighbours_each_neighbour_has_entry[&lt;lambda&gt;12]" time="0.00039839744567871094"><skipped message="Suite splitting in effect" type="pytest.skip">src/pymortests/grid.py:314: Suite splitting in effect</skipped></testcase><testcase classname="src.pymortests.grid" file="src/pymortests/grid.py" line="314" name="test_neighbours_each_neighbour_has_entry[&lt;lambda&gt;13]" time="0.0004470348358154297"><skipped message="Suite splitting in effect" type="pytest.skip">src/pymortests/grid.py:314: Suite splitting in effect</skipped></testcase><testcase classname="src.pymortests.grid" file="src/pymortests/grid.py" line="314" name="test_neighbours_each_neighbour_has_entry[&lt;lambda&gt;14]" time="0.00039696693420410156"><skipped message="Suite splitting in effect" type="pytest.skip">src/pymortests/grid.py:314: Suite splitting in effect</skipped></testcase><testcase classname="src.pymortests.grid" file="src/pymortests/grid.py" line="314" name="test_neighbours_each_neighbour_has_entry[&lt;lambda&gt;15]" time="0.0004417896270751953"><skipped message="Suite splitting in effect" type="pytest.skip">src/pymortests/grid.py:314: Suite splitting in effect</skipped></testcase><testcase classname="src.pymortests.grid" file="src/pymortests/grid.py" line="314" name="test_neighbours_each_neighbour_has_entry[&lt;lambda&gt;16]" time="0.0003910064697265625"><skipped message="Suite splitting in effect" type="pytest.skip">src/pymortests/grid.py:314: Suite splitting in effect</skipped></testcase><testcase classname="src.pymortests.grid" file="src/pymortests/grid.py" line="314" name="test_neighbours_each_neighbour_has_entry[&lt;lambda&gt;17]" time="0.0004220008850097656"><skipped message="Suite splitting in effect" type="pytest.skip">src/pymortests/grid.py:314: Suite splitting in effect</skipped></testcase><testcase classname="src.pymortests.grid" file="src/pymortests/grid.py" line="314" name="test_neighbours_each_neighbour_has_entry[&lt;lambda&gt;18]" time="0.0003986358642578125"><skipped message="Suite splitting in effect" type="pytest.skip">src/pymortests/grid.py:314: Suite splitting in effect</skipped></testcase><testcase classname="src.pymortests.grid" file="src/pymortests/grid.py" line="314" name="test_neighbours_each_neighbour_has_entry[&lt;lambda&gt;19]" time="0.0005085468292236328"><skipped message="Suite splitting in effect" type="pytest.skip">src/pymortests/grid.py:314: Suite splitting in effect</skipped></testcase><testcase classname="src.pymortests.grid" file="src/pymortests/grid.py" line="314" name="test_neighbours_each_neighbour_has_entry[&lt;lambda&gt;20]" time="0.00039267539978027344"><skipped message="Suite splitting in effect" type="pytest.skip">src/pymortests/grid.py:314: Suite splitting in effect</skipped></testcase><testcase classname="src.pymortests.grid" file="src/pymortests/grid.py" line="314" name="test_neighbours_each_neighbour_has_entry[&lt;lambda&gt;21]" time="0.0005769729614257812"><skipped message="Suite splitting in effect" type="pytest.skip">src/pymortests/grid.py:314: Suite splitting in effect</skipped></testcase><testcase classname="src.pymortests.grid" file="src/pymortests/grid.py" line="314" name="test_neighbours_each_neighbour_has_entry[&lt;lambda&gt;22]" time="0.0004858970642089844"><skipped message="Suite splitting in effect" type="pytest.skip">src/pymortests/grid.py:314: Suite splitting in effect</skipped></testcase><testcase classname="src.pymortests.grid" file="src/pymortests/grid.py" line="314" name="test_neighbours_each_neighbour_has_entry[&lt;lambda&gt;23]" time="0.0005459785461425781"><skipped message="Suite splitting in effect" type="pytest.skip">src/pymortests/grid.py:314: Suite splitting in effect</skipped></testcase><testcase classname="src.pymortests.grid" file="src/pymortests/grid.py" line="314" name="test_neighbours_each_neighbour_has_entry[&lt;lambda&gt;24]" time="0.0004315376281738281"><skipped message="Suite splitting in effect" type="pytest.skip">src/pymortests/grid.py:314: Suite splitting in effect</skipped></testcase><testcase classname="src.pymortests.grid" file="src/pymortests/grid.py" line="314" name="test_neighbours_each_neighbour_has_entry[&lt;lambda&gt;25]" time="0.00040721893310546875"><skipped message="Suite splitting in effect" type="pytest.skip">src/pymortests/grid.py:314: Suite splitting in effect</skipped></testcase><testcase classname="src.pymortests.grid" file="src/pymortests/grid.py" line="314" name="test_neighbours_each_neighbour_has_entry[&lt;lambda&gt;26]" time="0.0004088878631591797"><skipped message="Suite splitting in effect" type="pytest.skip">src/pymortests/grid.py:314: Suite splitting in effect</skipped></testcase><testcase classname="src.pymortests.grid" file="src/pymortests/grid.py" line="314" name="test_neighbours_each_neighbour_has_entry[&lt;lambda&gt;27]" time="0.00040650367736816406"><skipped message="Suite splitting in effect" type="pytest.skip">src/pymortests/grid.py:314: Suite splitting in effect</skipped></testcase><testcase classname="src.pymortests.grid" file="src/pymortests/grid.py" line="314" name="test_neighbours_each_neighbour_has_entry[&lt;lambda&gt;28]" time="0.00039839744567871094"><skipped message="Suite splitting in effect" type="pytest.skip">src/pymortests/grid.py:314: Suite splitting in effect</skipped></testcase><testcase classname="src.pymortests.grid" file="src/pymortests/grid.py" line="314" name="test_neighbours_each_neighbour_has_entry[&lt;lambda&gt;29]" time="0.0003960132598876953"><skipped message="Suite splitting in effect" type="pytest.skip">src/pymortests/grid.py:314: Suite splitting in effect</skipped></testcase><testcase classname="src.pymortests.grid" file="src/pymortests/grid.py" line="314" name="test_neighbours_each_neighbour_has_entry[&lt;lambda&gt;30]" time="0.0004019737243652344"><skipped message="Suite splitting in effect" type="pytest.skip">src/pymortests/grid.py:314: Suite splitting in effect</skipped></testcase><testcase classname="src.pymortests.grid" file="src/pymortests/grid.py" line="314" name="test_neighbours_each_neighbour_has_entry[&lt;lambda&gt;31]" time="0.00039505958557128906"><skipped message="Suite splitting in effect" type="pytest.skip">src/pymortests/grid.py:314: Suite splitting in effect</skipped></testcase><testcase classname="src.pymortests.grid" file="src/pymortests/grid.py" line="314" name="test_neighbours_each_neighbour_has_entry[&lt;lambda&gt;32]" time="0.00039887428283691406"><skipped message="Suite splitting in effect" type="pytest.skip">src/pymortests/grid.py:314: Suite splitting in effect</skipped></testcase><testcase classname="src.pymortests.grid" file="src/pymortests/grid.py" line="314" name="test_neighbours_each_neighbour_has_entry[&lt;lambda&gt;33]" time="0.0003924369812011719"><skipped message="Suite splitting in effect" type="pytest.skip">src/pymortests/grid.py:314: Suite splitting in effect</skipped></testcase><testcase classname="src.pymortests.grid" file="src/pymortests/grid.py" line="314" name="test_neighbours_each_neighbour_has_entry[&lt;lambda&gt;34]" time="0.000396728515625"><skipped message="Suite splitting in effect" type="pytest.skip">src/pymortests/grid.py:314: Suite splitting in effect</skipped></testcase><testcase classname="src.pymortests.grid" file="src/pymortests/grid.py" line="314" name="test_neighbours_each_neighbour_has_entry[&lt;lambda&gt;35]" time="0.0004138946533203125"><skipped message="Suite splitting in effect" type="pytest.skip">src/pymortests/grid.py:314: Suite splitting in effect</skipped></testcase><testcase classname="src.pymortests.grid" file="src/pymortests/grid.py" line="314" name="test_neighbours_each_neighbour_has_entry[&lt;lambda&gt;36]" time="0.0005507469177246094"><skipped message="Suite splitting in effect" type="pytest.skip">src/pymortests/grid.py:314: Suite splitting in effect</skipped></testcase><testcase classname="src.pymortests.grid" file="src/pymortests/grid.py" line="314" name="test_neighbours_each_neighbour_has_entry[&lt;lambda&gt;37]" time="0.0003986358642578125"><skipped message="Suite splitting in effect" type="pytest.skip">src/pymortests/grid.py:314: Suite splitting in effect</skipped></testcase><testcase classname="src.pymortests.grid" file="src/pymortests/grid.py" line="314" name="test_neighbours_each_neighbour_has_entry[&lt;lambda&gt;38]" time="0.00041866302490234375"><skipped message="Suite splitting in effect" type="pytest.skip">src/pymortests/grid.py:314: Suite splitting in effect</skipped></testcase><testcase classname="src.pymortests.grid" file="src/pymortests/grid.py" line="314" name="test_neighbours_each_neighbour_has_entry[&lt;lambda&gt;39]" time="0.0006916522979736328"><skipped message="Suite splitting in effect" type="pytest.skip">src/pymortests/grid.py:314: Suite splitting in effect</skipped></testcase><testcase classname="src.pymortests.grid" file="src/pymortests/grid.py" line="314" name="test_neighbours_each_neighbour_has_entry[&lt;lambda&gt;40]" time="0.0004851818084716797"><skipped message="Suite splitting in effect" type="pytest.skip">src/pymortests/grid.py:314: Suite splitting in effect</skipped></testcase><testcase classname="src.pymortests.grid" file="src/pymortests/grid.py" line="314" name="test_neighbours_each_neighbour_has_entry[&lt;lambda&gt;41]" time="0.00054931640625"><skipped message="Suite splitting in effect" type="pytest.skip">src/pymortests/grid.py:314: Suite splitting in effect</skipped></testcase><testcase classname="src.pymortests.grid" file="src/pymortests/grid.py" line="314" name="test_neighbours_each_neighbour_has_entry[&lt;lambda&gt;42]" time="0.0003960132598876953"><skipped message="Suite splitting in effect" type="pytest.skip">src/pymortests/grid.py:314: Suite splitting in effect</skipped></testcase><testcase classname="src.pymortests.grid" file="src/pymortests/grid.py" line="335" name="test_neighbours_not_neighbour_of_itself[&lt;lambda&gt;0]" time="0.0004038810729980469"><skipped message="Suite splitting in effect" type="pytest.skip">src/pymortests/grid.py:335: Suite splitting in effect</skipped></testcase><testcase classname="src.pymortests.grid" file="src/pymortests/grid.py" line="335" name="test_neighbours_not_neighbour_of_itself[&lt;lambda&gt;1]" time="0.0007205009460449219"><skipped message="Suite splitting in effect" type="pytest.skip">src/pymortests/grid.py:335: Suite splitting in effect</skipped></testcase><testcase classname="src.pymortests.grid" file="src/pymortests/grid.py" line="335" name="test_neighbours_not_neighbour_of_itself[&lt;lambda&gt;2]" time="0.00041222572326660156"><skipped message="Suite splitting in effect" type="pytest.skip">src/pymortests/grid.py:335: Suite splitting in effect</skipped></testcase><testcase classname="src.pymortests.grid" file="src/pymortests/grid.py" line="335" name="test_neighbours_not_neighbour_of_itself[&lt;lambda&gt;3]" time="0.00040459632873535156"><skipped message="Suite splitting in effect" type="pytest.skip">src/pymortests/grid.py:335: Suite splitting in effect</skipped></testcase><testcase classname="src.pymortests.grid" file="src/pymortests/grid.py" line="335" name="test_neighbours_not_neighbour_of_itself[&lt;lambda&gt;4]" time="0.000396728515625"><skipped message="Suite splitting in effect" type="pytest.skip">src/pymortests/grid.py:335: Suite splitting in effect</skipped></testcase><testcase classname="src.pymortests.grid" file="src/pymortests/grid.py" line="335" name="test_neighbours_not_neighbour_of_itself[&lt;lambda&gt;5]" time="0.00042939186096191406"><skipped message="Suite splitting in effect" type="pytest.skip">src/pymortests/grid.py:335: Suite splitting in effect</skipped></testcase><testcase classname="src.pymortests.grid" file="src/pymortests/grid.py" line="335" name="test_neighbours_not_neighbour_of_itself[&lt;lambda&gt;6]" time="0.00048470497131347656"><skipped message="Suite splitting in effect" type="pytest.skip">src/pymortests/grid.py:335: Suite splitting in effect</skipped></testcase><testcase classname="src.pymortests.grid" file="src/pymortests/grid.py" line="335" name="test_neighbours_not_neighbour_of_itself[&lt;lambda&gt;7]" time="0.0004303455352783203"><skipped message="Suite splitting in effect" type="pytest.skip">src/pymortests/grid.py:335: Suite splitting in effect</skipped></testcase><testcase classname="src.pymortests.grid" file="src/pymortests/grid.py" line="335" name="test_neighbours_not_neighbour_of_itself[&lt;lambda&gt;8]" time="0.0004124641418457031"><skipped message="Suite splitting in effect" type="pytest.skip">src/pymortests/grid.py:335: Suite splitting in effect</skipped></testcase><testcase classname="src.pymortests.grid" file="src/pymortests/grid.py" line="335" name="test_neighbours_not_neighbour_of_itself[&lt;lambda&gt;9]" time="0.0004031658172607422"><skipped message="Suite splitting in effect" type="pytest.skip">src/pymortests/grid.py:335: Suite splitting in effect</skipped></testcase><testcase classname="src.pymortests.grid" file="src/pymortests/grid.py" line="335" name="test_neighbours_not_neighbour_of_itself[&lt;lambda&gt;10]" time="0.00041222572326660156"><skipped message="Suite splitting in effect" type="pytest.skip">src/pymortests/grid.py:335: Suite splitting in effect</skipped></testcase><testcase classname="src.pymortests.grid" file="src/pymortests/grid.py" line="335" name="test_neighbours_not_neighbour_of_itself[&lt;lambda&gt;11]" time="0.00040411949157714844"><skipped message="Suite splitting in effect" type="pytest.skip">src/pymortests/grid.py:335: Suite splitting in effect</skipped></testcase><testcase classname="src.pymortests.grid" file="src/pymortests/grid.py" line="335" name="test_neighbours_not_neighbour_of_itself[&lt;lambda&gt;12]" time="0.00040078163146972656"><skipped message="Suite splitting in effect" type="pytest.skip">src/pymortests/grid.py:335: Suite splitting in effect</skipped></testcase><testcase classname="src.pymortests.grid" file="src/pymortests/grid.py" line="335" name="test_neighbours_not_neighbour_of_itself[&lt;lambda&gt;13]" time="0.0003933906555175781"><skipped message="Suite splitting in effect" type="pytest.skip">src/pymortests/grid.py:335: Suite splitting in effect</skipped></testcase><testcase classname="src.pymortests.grid" file="src/pymortests/grid.py" line="335" name="test_neighbours_not_neighbour_of_itself[&lt;lambda&gt;14]" time="0.0005772113800048828"><skipped message="Suite splitting in effect" type="pytest.skip">src/pymortests/grid.py:335: Suite splitting in effect</skipped></testcase><testcase classname="src.pymortests.grid" file="src/pymortests/grid.py" line="335" name="test_neighbours_not_neighbour_of_itself[&lt;lambda&gt;15]" time="0.0004057884216308594"><skipped message="Suite splitting in effect" type="pytest.skip">src/pymortests/grid.py:335: Suite splitting in effect</skipped></testcase><testcase classname="src.pymortests.grid" file="src/pymortests/grid.py" line="335" name="test_neighbours_not_neighbour_of_itself[&lt;lambda&gt;16]" time="0.0004982948303222656"><skipped message="Suite splitting in effect" type="pytest.skip">src/pymortests/grid.py:335: Suite splitting in effect</skipped></testcase><testcase classname="src.pymortests.grid" file="src/pymortests/grid.py" line="335" name="test_neighbours_not_neighbour_of_itself[&lt;lambda&gt;17]" time="0.0004115104675292969"><skipped message="Suite splitting in effect" type="pytest.skip">src/pymortests/grid.py:335: Suite splitting in effect</skipped></testcase><testcase classname="src.pymortests.grid" file="src/pymortests/grid.py" line="335" name="test_neighbours_not_neighbour_of_itself[&lt;lambda&gt;18]" time="0.0004534721374511719"><skipped message="Suite splitting in effect" type="pytest.skip">src/pymortests/grid.py:335: Suite splitting in effect</skipped></testcase><testcase classname="src.pymortests.grid" file="src/pymortests/grid.py" line="335" name="test_neighbours_not_neighbour_of_itself[&lt;lambda&gt;19]" time="0.0004520416259765625"><skipped message="Suite splitting in effect" type="pytest.skip">src/pymortests/grid.py:335: Suite splitting in effect</skipped></testcase><testcase classname="src.pymortests.grid" file="src/pymortests/grid.py" line="335" name="test_neighbours_not_neighbour_of_itself[&lt;lambda&gt;20]" time="0.00041937828063964844"><skipped message="Suite splitting in effect" type="pytest.skip">src/pymortests/grid.py:335: Suite splitting in effect</skipped></testcase><testcase classname="src.pymortests.grid" file="src/pymortests/grid.py" line="335" name="test_neighbours_not_neighbour_of_itself[&lt;lambda&gt;21]" time="0.00042557716369628906"><skipped message="Suite splitting in effect" type="pytest.skip">src/pymortests/grid.py:335: Suite splitting in effect</skipped></testcase><testcase classname="src.pymortests.grid" file="src/pymortests/grid.py" line="335" name="test_neighbours_not_neighbour_of_itself[&lt;lambda&gt;22]" time="0.0004012584686279297"><skipped message="Suite splitting in effect" type="pytest.skip">src/pymortests/grid.py:335: Suite splitting in effect</skipped></testcase><testcase classname="src.pymortests.grid" file="src/pymortests/grid.py" line="335" name="test_neighbours_not_neighbour_of_itself[&lt;lambda&gt;23]" time="0.00042247772216796875"><skipped message="Suite splitting in effect" type="pytest.skip">src/pymortests/grid.py:335: Suite splitting in effect</skipped></testcase><testcase classname="src.pymortests.grid" file="src/pymortests/grid.py" line="335" name="test_neighbours_not_neighbour_of_itself[&lt;lambda&gt;24]" time="0.0004239082336425781"><skipped message="Suite splitting in effect" type="pytest.skip">src/pymortests/grid.py:335: Suite splitting in effect</skipped></testcase><testcase classname="src.pymortests.grid" file="src/pymortests/grid.py" line="335" name="test_neighbours_not_neighbour_of_itself[&lt;lambda&gt;25]" time="0.0005080699920654297"><skipped message="Suite splitting in effect" type="pytest.skip">src/pymortests/grid.py:335: Suite splitting in effect</skipped></testcase><testcase classname="src.pymortests.grid" file="src/pymortests/grid.py" line="335" name="test_neighbours_not_neighbour_of_itself[&lt;lambda&gt;26]" time="0.0004420280456542969"><skipped message="Suite splitting in effect" type="pytest.skip">src/pymortests/grid.py:335: Suite splitting in effect</skipped></testcase><testcase classname="src.pymortests.grid" file="src/pymortests/grid.py" line="335" name="test_neighbours_not_neighbour_of_itself[&lt;lambda&gt;27]" time="0.0004627704620361328"><skipped message="Suite splitting in effect" type="pytest.skip">src/pymortests/grid.py:335: Suite splitting in effect</skipped></testcase><testcase classname="src.pymortests.grid" file="src/pymortests/grid.py" line="335" name="test_neighbours_not_neighbour_of_itself[&lt;lambda&gt;28]" time="0.0004525184631347656"><skipped message="Suite splitting in effect" type="pytest.skip">src/pymortests/grid.py:335: Suite splitting in effect</skipped></testcase><testcase classname="src.pymortests.grid" file="src/pymortests/grid.py" line="335" name="test_neighbours_not_neighbour_of_itself[&lt;lambda&gt;29]" time="0.0004343986511230469"><skipped message="Suite splitting in effect" type="pytest.skip">src/pymortests/grid.py:335: Suite splitting in effect</skipped></testcase><testcase classname="src.pymortests.grid" file="src/pymortests/grid.py" line="335" name="test_neighbours_not_neighbour_of_itself[&lt;lambda&gt;30]" time="0.00040459632873535156"><skipped message="Suite splitting in effect" type="pytest.skip">src/pymortests/grid.py:335: Suite splitting in effect</skipped></testcase><testcase classname="src.pymortests.grid" file="src/pymortests/grid.py" line="335" name="test_neighbours_not_neighbour_of_itself[&lt;lambda&gt;31]" time="0.0004525184631347656"><skipped message="Suite splitting in effect" type="pytest.skip">src/pymortests/grid.py:335: Suite splitting in effect</skipped></testcase><testcase classname="src.pymortests.grid" file="src/pymortests/grid.py" line="335" name="test_neighbours_not_neighbour_of_itself[&lt;lambda&gt;32]" time="0.00045037269592285156"><skipped message="Suite splitting in effect" type="pytest.skip">src/pymortests/grid.py:335: Suite splitting in effect</skipped></testcase><testcase classname="src.pymortests.grid" file="src/pymortests/grid.py" line="335" name="test_neighbours_not_neighbour_of_itself[&lt;lambda&gt;33]" time="0.00041556358337402344"><skipped message="Suite splitting in effect" type="pytest.skip">src/pymortests/grid.py:335: Suite splitting in effect</skipped></testcase><testcase classname="src.pymortests.grid" file="src/pymortests/grid.py" line="335" name="test_neighbours_not_neighbour_of_itself[&lt;lambda&gt;34]" time="0.0004169940948486328"><skipped message="Suite splitting in effect" type="pytest.skip">src/pymortests/grid.py:335: Suite splitting in effect</skipped></testcase><testcase classname="src.pymortests.grid" file="src/pymortests/grid.py" line="335" name="test_neighbours_not_neighbour_of_itself[&lt;lambda&gt;35]" time="0.000396728515625"><skipped message="Suite splitting in effect" type="pytest.skip">src/pymortests/grid.py:335: Suite splitting in effect</skipped></testcase><testcase classname="src.pymortests.grid" file="src/pymortests/grid.py" line="335" name="test_neighbours_not_neighbour_of_itself[&lt;lambda&gt;36]" time="0.0004241466522216797"><skipped message="Suite splitting in effect" type="pytest.skip">src/pymortests/grid.py:335: Suite splitting in effect</skipped></testcase><testcase classname="src.pymortests.grid" file="src/pymortests/grid.py" line="335" name="test_neighbours_not_neighbour_of_itself[&lt;lambda&gt;37]" time="0.00048828125"><skipped message="Suite splitting in effect" type="pytest.skip">src/pymortests/grid.py:335: Suite splitting in effect</skipped></testcase><testcase classname="src.pymortests.grid" file="src/pymortests/grid.py" line="335" name="test_neighbours_not_neighbour_of_itself[&lt;lambda&gt;38]" time="0.00047898292541503906"><skipped message="Suite splitting in effect" type="pytest.skip">src/pymortests/grid.py:335: Suite splitting in effect</skipped></testcase><testcase classname="src.pymortests.grid" file="src/pymortests/grid.py" line="335" name="test_neighbours_not_neighbour_of_itself[&lt;lambda&gt;39]" time="0.0004622936248779297"><skipped message="Suite splitting in effect" type="pytest.skip">src/pymortests/grid.py:335: Suite splitting in effect</skipped></testcase><testcase classname="src.pymortests.grid" file="src/pymortests/grid.py" line="335" name="test_neighbours_not_neighbour_of_itself[&lt;lambda&gt;40]" time="0.00048065185546875"><skipped message="Suite splitting in effect" type="pytest.skip">src/pymortests/grid.py:335: Suite splitting in effect</skipped></testcase><testcase classname="src.pymortests.grid" file="src/pymortests/grid.py" line="335" name="test_neighbours_not_neighbour_of_itself[&lt;lambda&gt;41]" time="0.00041985511779785156"><skipped message="Suite splitting in effect" type="pytest.skip">src/pymortests/grid.py:335: Suite splitting in effect</skipped></testcase><testcase classname="src.pymortests.grid" file="src/pymortests/grid.py" line="335" name="test_neighbours_not_neighbour_of_itself[&lt;lambda&gt;42]" time="0.00045871734619140625"><skipped message="Suite splitting in effect" type="pytest.skip">src/pymortests/grid.py:335: Suite splitting in effect</skipped></testcase><testcase classname="src.pymortests.grid" file="src/pymortests/grid.py" line="345" name="test_boundary_mask_wrong_arguments[&lt;lambda&gt;0]" time="0.000400543212890625"><skipped message="Suite splitting in effect" type="pytest.skip">src/pymortests/grid.py:345: Suite splitting in effect</skipped></testcase><testcase classname="src.pymortests.grid" file="src/pymortests/grid.py" line="345" name="test_boundary_mask_wrong_arguments[&lt;lambda&gt;1]" time="0.00042819976806640625"><skipped message="Suite splitting in effect" type="pytest.skip">src/pymortests/grid.py:345: Suite splitting in effect</skipped></testcase><testcase classname="src.pymortests.grid" file="src/pymortests/grid.py" line="345" name="test_boundary_mask_wrong_arguments[&lt;lambda&gt;2]" time="0.00039076805114746094"><skipped message="Suite splitting in effect" type="pytest.skip">src/pymortests/grid.py:345: Suite splitting in effect</skipped></testcase><testcase classname="src.pymortests.grid" file="src/pymortests/grid.py" line="345" name="test_boundary_mask_wrong_arguments[&lt;lambda&gt;3]" time="0.0004134178161621094"><skipped message="Suite splitting in effect" type="pytest.skip">src/pymortests/grid.py:345: Suite splitting in effect</skipped></testcase><testcase classname="src.pymortests.grid" file="src/pymortests/grid.py" line="345" name="test_boundary_mask_wrong_arguments[&lt;lambda&gt;4]" time="0.0004467964172363281"><skipped message="Suite splitting in effect" type="pytest.skip">src/pymortests/grid.py:345: Suite splitting in effect</skipped></testcase><testcase classname="src.pymortests.grid" file="src/pymortests/grid.py" line="345" name="test_boundary_mask_wrong_arguments[&lt;lambda&gt;5]" time="0.0004367828369140625"><skipped message="Suite splitting in effect" type="pytest.skip">src/pymortests/grid.py:345: Suite splitting in effect</skipped></testcase><testcase classname="src.pymortests.grid" file="src/pymortests/grid.py" line="345" name="test_boundary_mask_wrong_arguments[&lt;lambda&gt;6]" time="0.00038909912109375"><skipped message="Suite splitting in effect" type="pytest.skip">src/pymortests/grid.py:345: Suite splitting in effect</skipped></testcase><testcase classname="src.pymortests.grid" file="src/pymortests/grid.py" line="345" name="test_boundary_mask_wrong_arguments[&lt;lambda&gt;7]" time="0.0003962516784667969"><skipped message="Suite splitting in effect" type="pytest.skip">src/pymortests/grid.py:345: Suite splitting in effect</skipped></testcase><testcase classname="src.pymortests.grid" file="src/pymortests/grid.py" line="345" name="test_boundary_mask_wrong_arguments[&lt;lambda&gt;8]" time="0.00039386749267578125"><skipped message="Suite splitting in effect" type="pytest.skip">src/pymortests/grid.py:345: Suite splitting in effect</skipped></testcase><testcase classname="src.pymortests.grid" file="src/pymortests/grid.py" line="345" name="test_boundary_mask_wrong_arguments[&lt;lambda&gt;9]" time="0.00042510032653808594"><skipped message="Suite splitting in effect" type="pytest.skip">src/pymortests/grid.py:345: Suite splitting in effect</skipped></testcase><testcase classname="src.pymortests.grid" file="src/pymortests/grid.py" line="345" name="test_boundary_mask_wrong_arguments[&lt;lambda&gt;10]" time="0.00039577484130859375"><skipped message="Suite splitting in effect" type="pytest.skip">src/pymortests/grid.py:345: Suite splitting in effect</skipped></testcase><testcase classname="src.pymortests.grid" file="src/pymortests/grid.py" line="345" name="test_boundary_mask_wrong_arguments[&lt;lambda&gt;11]" time="0.0003972053527832031"><skipped message="Suite splitting in effect" type="pytest.skip">src/pymortests/grid.py:345: Suite splitting in effect</skipped></testcase><testcase classname="src.pymortests.grid" file="src/pymortests/grid.py" line="345" name="test_boundary_mask_wrong_arguments[&lt;lambda&gt;12]" time="0.0003917217254638672"><skipped message="Suite splitting in effect" type="pytest.skip">src/pymortests/grid.py:345: Suite splitting in effect</skipped></testcase><testcase classname="src.pymortests.grid" file="src/pymortests/grid.py" line="345" name="test_boundary_mask_wrong_arguments[&lt;lambda&gt;13]" time="0.0004143714904785156"><skipped message="Suite splitting in effect" type="pytest.skip">src/pymortests/grid.py:345: Suite splitting in effect</skipped></testcase><testcase classname="src.pymortests.grid" file="src/pymortests/grid.py" line="345" name="test_boundary_mask_wrong_arguments[&lt;lambda&gt;14]" time="0.0004260540008544922"><skipped message="Suite splitting in effect" type="pytest.skip">src/pymortests/grid.py:345: Suite splitting in effect</skipped></testcase><testcase classname="src.pymortests.grid" file="src/pymortests/grid.py" line="345" name="test_boundary_mask_wrong_arguments[&lt;lambda&gt;15]" time="0.0004277229309082031"><skipped message="Suite splitting in effect" type="pytest.skip">src/pymortests/grid.py:345: Suite splitting in effect</skipped></testcase><testcase classname="src.pymortests.grid" file="src/pymortests/grid.py" line="345" name="test_boundary_mask_wrong_arguments[&lt;lambda&gt;16]" time="0.0004525184631347656"><skipped message="Suite splitting in effect" type="pytest.skip">src/pymortests/grid.py:345: Suite splitting in effect</skipped></testcase><testcase classname="src.pymortests.grid" file="src/pymortests/grid.py" line="345" name="test_boundary_mask_wrong_arguments[&lt;lambda&gt;17]" time="0.0003972053527832031"><skipped message="Suite splitting in effect" type="pytest.skip">src/pymortests/grid.py:345: Suite splitting in effect</skipped></testcase><testcase classname="src.pymortests.grid" file="src/pymortests/grid.py" line="345" name="test_boundary_mask_wrong_arguments[&lt;lambda&gt;18]" time="0.00043582916259765625"><skipped message="Suite splitting in effect" type="pytest.skip">src/pymortests/grid.py:345: Suite splitting in effect</skipped></testcase><testcase classname="src.pymortests.grid" file="src/pymortests/grid.py" line="345" name="test_boundary_mask_wrong_arguments[&lt;lambda&gt;19]" time="0.00039887428283691406"><skipped message="Suite splitting in effect" type="pytest.skip">src/pymortests/grid.py:345: Suite splitting in effect</skipped></testcase><testcase classname="src.pymortests.grid" file="src/pymortests/grid.py" line="345" name="test_boundary_mask_wrong_arguments[&lt;lambda&gt;20]" time="0.0004010200500488281"><skipped message="Suite splitting in effect" type="pytest.skip">src/pymortests/grid.py:345: Suite splitting in effect</skipped></testcase><testcase classname="src.pymortests.grid" file="src/pymortests/grid.py" line="345" name="test_boundary_mask_wrong_arguments[&lt;lambda&gt;21]" time="0.00039505958557128906"><skipped message="Suite splitting in effect" type="pytest.skip">src/pymortests/grid.py:345: Suite splitting in effect</skipped></testcase><testcase classname="src.pymortests.grid" file="src/pymortests/grid.py" line="345" name="test_boundary_mask_wrong_arguments[&lt;lambda&gt;22]" time="0.0005400180816650391"><skipped message="Suite splitting in effect" type="pytest.skip">src/pymortests/grid.py:345: Suite splitting in effect</skipped></testcase><testcase classname="src.pymortests.grid" file="src/pymortests/grid.py" line="345" name="test_boundary_mask_wrong_arguments[&lt;lambda&gt;23]" time="0.0004303455352783203"><skipped message="Suite splitting in effect" type="pytest.skip">src/pymortests/grid.py:345: Suite splitting in effect</skipped></testcase><testcase classname="src.pymortests.grid" file="src/pymortests/grid.py" line="345" name="test_boundary_mask_wrong_arguments[&lt;lambda&gt;24]" time="0.00039958953857421875"><skipped message="Suite splitting in effect" type="pytest.skip">src/pymortests/grid.py:345: Suite splitting in effect</skipped></testcase><testcase classname="src.pymortests.grid" file="src/pymortests/grid.py" line="345" name="test_boundary_mask_wrong_arguments[&lt;lambda&gt;25]" time="0.00042748451232910156"><skipped message="Suite splitting in effect" type="pytest.skip">src/pymortests/grid.py:345: Suite splitting in effect</skipped></testcase><testcase classname="src.pymortests.grid" file="src/pymortests/grid.py" line="345" name="test_boundary_mask_wrong_arguments[&lt;lambda&gt;26]" time="0.0005314350128173828"><skipped message="Suite splitting in effect" type="pytest.skip">src/pymortests/grid.py:345: Suite splitting in effect</skipped></testcase><testcase classname="src.pymortests.grid" file="src/pymortests/grid.py" line="345" name="test_boundary_mask_wrong_arguments[&lt;lambda&gt;27]" time="0.0008223056793212891"><skipped message="Suite splitting in effect" type="pytest.skip">src/pymortests/grid.py:345: Suite splitting in effect</skipped></testcase><testcase classname="src.pymortests.grid" file="src/pymortests/grid.py" line="345" name="test_boundary_mask_wrong_arguments[&lt;lambda&gt;28]" time="0.0005040168762207031"><skipped message="Suite splitting in effect" type="pytest.skip">src/pymortests/grid.py:345: Suite splitting in effect</skipped></testcase><testcase classname="src.pymortests.grid" file="src/pymortests/grid.py" line="345" name="test_boundary_mask_wrong_arguments[&lt;lambda&gt;29]" time="0.0004177093505859375"><skipped message="Suite splitting in effect" type="pytest.skip">src/pymortests/grid.py:345: Suite splitting in effect</skipped></testcase><testcase classname="src.pymortests.grid" file="src/pymortests/grid.py" line="345" name="test_boundary_mask_wrong_arguments[&lt;lambda&gt;30]" time="0.0004241466522216797"><skipped message="Suite splitting in effect" type="pytest.skip">src/pymortests/grid.py:345: Suite splitting in effect</skipped></testcase><testcase classname="src.pymortests.grid" file="src/pymortests/grid.py" line="345" name="test_boundary_mask_wrong_arguments[&lt;lambda&gt;31]" time="0.00047898292541503906"><skipped message="Suite splitting in effect" type="pytest.skip">src/pymortests/grid.py:345: Suite splitting in effect</skipped></testcase><testcase classname="src.pymortests.grid" file="src/pymortests/grid.py" line="345" name="test_boundary_mask_wrong_arguments[&lt;lambda&gt;32]" time="0.0004153251647949219"><skipped message="Suite splitting in effect" type="pytest.skip">src/pymortests/grid.py:345: Suite splitting in effect</skipped></testcase><testcase classname="src.pymortests.grid" file="src/pymortests/grid.py" line="345" name="test_boundary_mask_wrong_arguments[&lt;lambda&gt;33]" time="0.000553131103515625"><skipped message="Suite splitting in effect" type="pytest.skip">src/pymortests/grid.py:345: Suite splitting in effect</skipped></testcase><testcase classname="src.pymortests.grid" file="src/pymortests/grid.py" line="345" name="test_boundary_mask_wrong_arguments[&lt;lambda&gt;34]" time="0.00057220458984375"><skipped message="Suite splitting in effect" type="pytest.skip">src/pymortests/grid.py:345: Suite splitting in effect</skipped></testcase><testcase classname="src.pymortests.grid" file="src/pymortests/grid.py" line="345" name="test_boundary_mask_wrong_arguments[&lt;lambda&gt;35]" time="0.0004744529724121094"><skipped message="Suite splitting in effect" type="pytest.skip">src/pymortests/grid.py:345: Suite splitting in effect</skipped></testcase><testcase classname="src.pymortests.grid" file="src/pymortests/grid.py" line="345" name="test_boundary_mask_wrong_arguments[&lt;lambda&gt;36]" time="0.0004258155822753906"><skipped message="Suite splitting in effect" type="pytest.skip">src/pymortests/grid.py:345: Suite splitting in effect</skipped></testcase><testcase classname="src.pymortests.grid" file="src/pymortests/grid.py" line="345" name="test_boundary_mask_wrong_arguments[&lt;lambda&gt;37]" time="0.0005714893341064453"><skipped message="Suite splitting in effect" type="pytest.skip">src/pymortests/grid.py:345: Suite splitting in effect</skipped></testcase><testcase classname="src.pymortests.grid" file="src/pymortests/grid.py" line="345" name="test_boundary_mask_wrong_arguments[&lt;lambda&gt;38]" time="0.0004563331604003906"><skipped message="Suite splitting in effect" type="pytest.skip">src/pymortests/grid.py:345: Suite splitting in effect</skipped></testcase><testcase classname="src.pymortests.grid" file="src/pymortests/grid.py" line="345" name="test_boundary_mask_wrong_arguments[&lt;lambda&gt;39]" time="0.0003981590270996094"><skipped message="Suite splitting in effect" type="pytest.skip">src/pymortests/grid.py:345: Suite splitting in effect</skipped></testcase><testcase classname="src.pymortests.grid" file="src/pymortests/grid.py" line="345" name="test_boundary_mask_wrong_arguments[&lt;lambda&gt;40]" time="0.0004291534423828125"><skipped message="Suite splitting in effect" type="pytest.skip">src/pymortests/grid.py:345: Suite splitting in effect</skipped></testcase><testcase classname="src.pymortests.grid" file="src/pymortests/grid.py" line="345" name="test_boundary_mask_wrong_arguments[&lt;lambda&gt;41]" time="0.0004215240478515625"><skipped message="Suite splitting in effect" type="pytest.skip">src/pymortests/grid.py:345: Suite splitting in effect</skipped></testcase><testcase classname="src.pymortests.grid" file="src/pymortests/grid.py" line="345" name="test_boundary_mask_wrong_arguments[&lt;lambda&gt;42]" time="0.0004284381866455078"><skipped message="Suite splitting in effect" type="pytest.skip">src/pymortests/grid.py:345: Suite splitting in effect</skipped></testcase><testcase classname="src.pymortests.grid" file="src/pymortests/grid.py" line="353" name="test_boundary_mask_shape[&lt;lambda&gt;0]" time="0.0003974437713623047"><skipped message="Suite splitting in effect" type="pytest.skip">src/pymortests/grid.py:353: Suite splitting in effect</skipped></testcase><testcase classname="src.pymortests.grid" file="src/pymortests/grid.py" line="353" name="test_boundary_mask_shape[&lt;lambda&gt;1]" time="0.00042748451232910156"><skipped message="Suite splitting in effect" type="pytest.skip">src/pymortests/grid.py:353: Suite splitting in effect</skipped></testcase><testcase classname="src.pymortests.grid" file="src/pymortests/grid.py" line="353" name="test_boundary_mask_shape[&lt;lambda&gt;2]" time="0.0004181861877441406"><skipped message="Suite splitting in effect" type="pytest.skip">src/pymortests/grid.py:353: Suite splitting in effect</skipped></testcase><testcase classname="src.pymortests.grid" file="src/pymortests/grid.py" line="353" name="test_boundary_mask_shape[&lt;lambda&gt;3]" time="0.0004258155822753906"><skipped message="Suite splitting in effect" type="pytest.skip">src/pymortests/grid.py:353: Suite splitting in effect</skipped></testcase><testcase classname="src.pymortests.grid" file="src/pymortests/grid.py" line="353" name="test_boundary_mask_shape[&lt;lambda&gt;4]" time="0.00042438507080078125"><skipped message="Suite splitting in effect" type="pytest.skip">src/pymortests/grid.py:353: Suite splitting in effect</skipped></testcase><testcase classname="src.pymortests.grid" file="src/pymortests/grid.py" line="353" name="test_boundary_mask_shape[&lt;lambda&gt;5]" time="0.0004367828369140625"><skipped message="Suite splitting in effect" type="pytest.skip">src/pymortests/grid.py:353: Suite splitting in effect</skipped></testcase><testcase classname="src.pymortests.grid" file="src/pymortests/grid.py" line="353" name="test_boundary_mask_shape[&lt;lambda&gt;6]" time="0.00041747093200683594"><skipped message="Suite splitting in effect" type="pytest.skip">src/pymortests/grid.py:353: Suite splitting in effect</skipped></testcase><testcase classname="src.pymortests.grid" file="src/pymortests/grid.py" line="353" name="test_boundary_mask_shape[&lt;lambda&gt;7]" time="0.00042366981506347656"><skipped message="Suite splitting in effect" type="pytest.skip">src/pymortests/grid.py:353: Suite splitting in effect</skipped></testcase><testcase classname="src.pymortests.grid" file="src/pymortests/grid.py" line="353" name="test_boundary_mask_shape[&lt;lambda&gt;8]" time="0.00040030479431152344"><skipped message="Suite splitting in effect" type="pytest.skip">src/pymortests/grid.py:353: Suite splitting in effect</skipped></testcase><testcase classname="src.pymortests.grid" file="src/pymortests/grid.py" line="353" name="test_boundary_mask_shape[&lt;lambda&gt;9]" time="0.0004036426544189453"><skipped message="Suite splitting in effect" type="pytest.skip">src/pymortests/grid.py:353: Suite splitting in effect</skipped></testcase><testcase classname="src.pymortests.grid" file="src/pymortests/grid.py" line="353" name="test_boundary_mask_shape[&lt;lambda&gt;10]" time="0.0007503032684326172"><skipped message="Suite splitting in effect" type="pytest.skip">src/pymortests/grid.py:353: Suite splitting in effect</skipped></testcase><testcase classname="src.pymortests.grid" file="src/pymortests/grid.py" line="353" name="test_boundary_mask_shape[&lt;lambda&gt;11]" time="0.0004477500915527344"><skipped message="Suite splitting in effect" type="pytest.skip">src/pymortests/grid.py:353: Suite splitting in effect</skipped></testcase><testcase classname="src.pymortests.grid" file="src/pymortests/grid.py" line="353" name="test_boundary_mask_shape[&lt;lambda&gt;12]" time="0.0004837512969970703"><skipped message="Suite splitting in effect" type="pytest.skip">src/pymortests/grid.py:353: Suite splitting in effect</skipped></testcase><testcase classname="src.pymortests.grid" file="src/pymortests/grid.py" line="353" name="test_boundary_mask_shape[&lt;lambda&gt;13]" time="0.0004258155822753906"><skipped message="Suite splitting in effect" type="pytest.skip">src/pymortests/grid.py:353: Suite splitting in effect</skipped></testcase><testcase classname="src.pymortests.grid" file="src/pymortests/grid.py" line="353" name="test_boundary_mask_shape[&lt;lambda&gt;14]" time="0.0004801750183105469"><skipped message="Suite splitting in effect" type="pytest.skip">src/pymortests/grid.py:353: Suite splitting in effect</skipped></testcase><testcase classname="src.pymortests.grid" file="src/pymortests/grid.py" line="353" name="test_boundary_mask_shape[&lt;lambda&gt;15]" time="0.0005106925964355469"><skipped message="Suite splitting in effect" type="pytest.skip">src/pymortests/grid.py:353: Suite splitting in effect</skipped></testcase><testcase classname="src.pymortests.grid" file="src/pymortests/grid.py" line="353" name="test_boundary_mask_shape[&lt;lambda&gt;16]" time="0.00039696693420410156"><skipped message="Suite splitting in effect" type="pytest.skip">src/pymortests/grid.py:353: Suite splitting in effect</skipped></testcase><testcase classname="src.pymortests.grid" file="src/pymortests/grid.py" line="353" name="test_boundary_mask_shape[&lt;lambda&gt;17]" time="0.0003948211669921875"><skipped message="Suite splitting in effect" type="pytest.skip">src/pymortests/grid.py:353: Suite splitting in effect</skipped></testcase><testcase classname="src.pymortests.grid" file="src/pymortests/grid.py" line="353" name="test_boundary_mask_shape[&lt;lambda&gt;18]" time="0.00043702125549316406"><skipped message="Suite splitting in effect" type="pytest.skip">src/pymortests/grid.py:353: Suite splitting in effect</skipped></testcase><testcase classname="src.pymortests.grid" file="src/pymortests/grid.py" line="353" name="test_boundary_mask_shape[&lt;lambda&gt;19]" time="0.0004200935363769531"><skipped message="Suite splitting in effect" type="pytest.skip">src/pymortests/grid.py:353: Suite splitting in effect</skipped></testcase><testcase classname="src.pymortests.grid" file="src/pymortests/grid.py" line="353" name="test_boundary_mask_shape[&lt;lambda&gt;20]" time="0.0004456043243408203"><skipped message="Suite splitting in effect" type="pytest.skip">src/pymortests/grid.py:353: Suite splitting in effect</skipped></testcase><testcase classname="src.pymortests.grid" file="src/pymortests/grid.py" line="353" name="test_boundary_mask_shape[&lt;lambda&gt;21]" time="0.0004467964172363281"><skipped message="Suite splitting in effect" type="pytest.skip">src/pymortests/grid.py:353: Suite splitting in effect</skipped></testcase><testcase classname="src.pymortests.grid" file="src/pymortests/grid.py" line="353" name="test_boundary_mask_shape[&lt;lambda&gt;22]" time="0.0004055500030517578"><skipped message="Suite splitting in effect" type="pytest.skip">src/pymortests/grid.py:353: Suite splitting in effect</skipped></testcase><testcase classname="src.pymortests.grid" file="src/pymortests/grid.py" line="353" name="test_boundary_mask_shape[&lt;lambda&gt;23]" time="0.0004303455352783203"><skipped message="Suite splitting in effect" type="pytest.skip">src/pymortests/grid.py:353: Suite splitting in effect</skipped></testcase><testcase classname="src.pymortests.grid" file="src/pymortests/grid.py" line="353" name="test_boundary_mask_shape[&lt;lambda&gt;24]" time="0.0003952980041503906"><skipped message="Suite splitting in effect" type="pytest.skip">src/pymortests/grid.py:353: Suite splitting in effect</skipped></testcase><testcase classname="src.pymortests.grid" file="src/pymortests/grid.py" line="353" name="test_boundary_mask_shape[&lt;lambda&gt;25]" time="0.0003924369812011719"><skipped message="Suite splitting in effect" type="pytest.skip">src/pymortests/grid.py:353: Suite splitting in effect</skipped></testcase><testcase classname="src.pymortests.grid" file="src/pymortests/grid.py" line="353" name="test_boundary_mask_shape[&lt;lambda&gt;26]" time="0.0003974437713623047"><skipped message="Suite splitting in effect" type="pytest.skip">src/pymortests/grid.py:353: Suite splitting in effect</skipped></testcase><testcase classname="src.pymortests.grid" file="src/pymortests/grid.py" line="353" name="test_boundary_mask_shape[&lt;lambda&gt;27]" time="0.0003943443298339844"><skipped message="Suite splitting in effect" type="pytest.skip">src/pymortests/grid.py:353: Suite splitting in effect</skipped></testcase><testcase classname="src.pymortests.grid" file="src/pymortests/grid.py" line="353" name="test_boundary_mask_shape[&lt;lambda&gt;28]" time="0.0004363059997558594"><skipped message="Suite splitting in effect" type="pytest.skip">src/pymortests/grid.py:353: Suite splitting in effect</skipped></testcase><testcase classname="src.pymortests.grid" file="src/pymortests/grid.py" line="353" name="test_boundary_mask_shape[&lt;lambda&gt;29]" time="0.00043964385986328125"><skipped message="Suite splitting in effect" type="pytest.skip">src/pymortests/grid.py:353: Suite splitting in effect</skipped></testcase><testcase classname="src.pymortests.grid" file="src/pymortests/grid.py" line="353" name="test_boundary_mask_shape[&lt;lambda&gt;30]" time="0.0004096031188964844"><skipped message="Suite splitting in effect" type="pytest.skip">src/pymortests/grid.py:353: Suite splitting in effect</skipped></testcase><testcase classname="src.pymortests.grid" file="src/pymortests/grid.py" line="353" name="test_boundary_mask_shape[&lt;lambda&gt;31]" time="0.0004048347473144531"><skipped message="Suite splitting in effect" type="pytest.skip">src/pymortests/grid.py:353: Suite splitting in effect</skipped></testcase><testcase classname="src.pymortests.grid" file="src/pymortests/grid.py" line="353" name="test_boundary_mask_shape[&lt;lambda&gt;32]" time="0.0003917217254638672"><skipped message="Suite splitting in effect" type="pytest.skip">src/pymortests/grid.py:353: Suite splitting in effect</skipped></testcase><testcase classname="src.pymortests.grid" file="src/pymortests/grid.py" line="353" name="test_boundary_mask_shape[&lt;lambda&gt;33]" time="0.00042128562927246094"><skipped message="Suite splitting in effect" type="pytest.skip">src/pymortests/grid.py:353: Suite splitting in effect</skipped></testcase><testcase classname="src.pymortests.grid" file="src/pymortests/grid.py" line="353" name="test_boundary_mask_shape[&lt;lambda&gt;34]" time="0.0004639625549316406"><skipped message="Suite splitting in effect" type="pytest.skip">src/pymortests/grid.py:353: Suite splitting in effect</skipped></testcase><testcase classname="src.pymortests.grid" file="src/pymortests/grid.py" line="353" name="test_boundary_mask_shape[&lt;lambda&gt;35]" time="0.00039124488830566406"><skipped message="Suite splitting in effect" type="pytest.skip">src/pymortests/grid.py:353: Suite splitting in effect</skipped></testcase><testcase classname="src.pymortests.grid" file="src/pymortests/grid.py" line="353" name="test_boundary_mask_shape[&lt;lambda&gt;36]" time="0.00042724609375"><skipped message="Suite splitting in effect" type="pytest.skip">src/pymortests/grid.py:353: Suite splitting in effect</skipped></testcase><testcase classname="src.pymortests.grid" file="src/pymortests/grid.py" line="353" name="test_boundary_mask_shape[&lt;lambda&gt;37]" time="0.0003941059112548828"><skipped message="Suite splitting in effect" type="pytest.skip">src/pymortests/grid.py:353: Suite splitting in effect</skipped></testcase><testcase classname="src.pymortests.grid" file="src/pymortests/grid.py" line="353" name="test_boundary_mask_shape[&lt;lambda&gt;38]" time="0.00044417381286621094"><skipped message="Suite splitting in effect" type="pytest.skip">src/pymortests/grid.py:353: Suite splitting in effect</skipped></testcase><testcase classname="src.pymortests.grid" file="src/pymortests/grid.py" line="353" name="test_boundary_mask_shape[&lt;lambda&gt;39]" time="0.00040650367736816406"><skipped message="Suite splitting in effect" type="pytest.skip">src/pymortests/grid.py:353: Suite splitting in effect</skipped></testcase><testcase classname="src.pymortests.grid" file="src/pymortests/grid.py" line="353" name="test_boundary_mask_shape[&lt;lambda&gt;40]" time="0.00042319297790527344"><skipped message="Suite splitting in effect" type="pytest.skip">src/pymortests/grid.py:353: Suite splitting in effect</skipped></testcase><testcase classname="src.pymortests.grid" file="src/pymortests/grid.py" line="353" name="test_boundary_mask_shape[&lt;lambda&gt;41]" time="0.00041174888610839844"><skipped message="Suite splitting in effect" type="pytest.skip">src/pymortests/grid.py:353: Suite splitting in effect</skipped></testcase><testcase classname="src.pymortests.grid" file="src/pymortests/grid.py" line="353" name="test_boundary_mask_shape[&lt;lambda&gt;42]" time="0.00039124488830566406"><skipped message="Suite splitting in effect" type="pytest.skip">src/pymortests/grid.py:353: Suite splitting in effect</skipped></testcase><testcase classname="src.pymortests.grid" file="src/pymortests/grid.py" line="359" name="test_boundary_mask_dtype[&lt;lambda&gt;0]" time="0.0004000663757324219"><skipped message="Suite splitting in effect" type="pytest.skip">src/pymortests/grid.py:359: Suite splitting in effect</skipped></testcase><testcase classname="src.pymortests.grid" file="src/pymortests/grid.py" line="359" name="test_boundary_mask_dtype[&lt;lambda&gt;1]" time="0.00038909912109375"><skipped message="Suite splitting in effect" type="pytest.skip">src/pymortests/grid.py:359: Suite splitting in effect</skipped></testcase><testcase classname="src.pymortests.grid" file="src/pymortests/grid.py" line="359" name="test_boundary_mask_dtype[&lt;lambda&gt;2]" time="0.00041174888610839844"><skipped message="Suite splitting in effect" type="pytest.skip">src/pymortests/grid.py:359: Suite splitting in effect</skipped></testcase><testcase classname="src.pymortests.grid" file="src/pymortests/grid.py" line="359" name="test_boundary_mask_dtype[&lt;lambda&gt;3]" time="0.0004024505615234375"><skipped message="Suite splitting in effect" type="pytest.skip">src/pymortests/grid.py:359: Suite splitting in effect</skipped></testcase><testcase classname="src.pymortests.grid" file="src/pymortests/grid.py" line="359" name="test_boundary_mask_dtype[&lt;lambda&gt;4]" time="0.0004286766052246094"><skipped message="Suite splitting in effect" type="pytest.skip">src/pymortests/grid.py:359: Suite splitting in effect</skipped></testcase><testcase classname="src.pymortests.grid" file="src/pymortests/grid.py" line="359" name="test_boundary_mask_dtype[&lt;lambda&gt;5]" time="0.0004010200500488281"><skipped message="Suite splitting in effect" type="pytest.skip">src/pymortests/grid.py:359: Suite splitting in effect</skipped></testcase><testcase classname="src.pymortests.grid" file="src/pymortests/grid.py" line="359" name="test_boundary_mask_dtype[&lt;lambda&gt;6]" time="0.00043702125549316406"><skipped message="Suite splitting in effect" type="pytest.skip">src/pymortests/grid.py:359: Suite splitting in effect</skipped></testcase><testcase classname="src.pymortests.grid" file="src/pymortests/grid.py" line="359" name="test_boundary_mask_dtype[&lt;lambda&gt;7]" time="0.0003898143768310547"><skipped message="Suite splitting in effect" type="pytest.skip">src/pymortests/grid.py:359: Suite splitting in effect</skipped></testcase><testcase classname="src.pymortests.grid" file="src/pymortests/grid.py" line="359" name="test_boundary_mask_dtype[&lt;lambda&gt;8]" time="0.00042128562927246094"><skipped message="Suite splitting in effect" type="pytest.skip">src/pymortests/grid.py:359: Suite splitting in effect</skipped></testcase><testcase classname="src.pymortests.grid" file="src/pymortests/grid.py" line="359" name="test_boundary_mask_dtype[&lt;lambda&gt;9]" time="0.00039124488830566406"><skipped message="Suite splitting in effect" type="pytest.skip">src/pymortests/grid.py:359: Suite splitting in effect</skipped></testcase><testcase classname="src.pymortests.grid" file="src/pymortests/grid.py" line="359" name="test_boundary_mask_dtype[&lt;lambda&gt;10]" time="0.0004334449768066406"><skipped message="Suite splitting in effect" type="pytest.skip">src/pymortests/grid.py:359: Suite splitting in effect</skipped></testcase><testcase classname="src.pymortests.grid" file="src/pymortests/grid.py" line="359" name="test_boundary_mask_dtype[&lt;lambda&gt;11]" time="0.0003986358642578125"><skipped message="Suite splitting in effect" type="pytest.skip">src/pymortests/grid.py:359: Suite splitting in effect</skipped></testcase><testcase classname="src.pymortests.grid" file="src/pymortests/grid.py" line="359" name="test_boundary_mask_dtype[&lt;lambda&gt;12]" time="0.0004305839538574219"><skipped message="Suite splitting in effect" type="pytest.skip">src/pymortests/grid.py:359: Suite splitting in effect</skipped></testcase><testcase classname="src.pymortests.grid" file="src/pymortests/grid.py" line="359" name="test_boundary_mask_dtype[&lt;lambda&gt;13]" time="0.0004620552062988281"><skipped message="Suite splitting in effect" type="pytest.skip">src/pymortests/grid.py:359: Suite splitting in effect</skipped></testcase><testcase classname="src.pymortests.grid" file="src/pymortests/grid.py" line="359" name="test_boundary_mask_dtype[&lt;lambda&gt;14]" time="0.0003974437713623047"><skipped message="Suite splitting in effect" type="pytest.skip">src/pymortests/grid.py:359: Suite splitting in effect</skipped></testcase><testcase classname="src.pymortests.grid" file="src/pymortests/grid.py" line="359" name="test_boundary_mask_dtype[&lt;lambda&gt;15]" time="0.0003936290740966797"><skipped message="Suite splitting in effect" type="pytest.skip">src/pymortests/grid.py:359: Suite splitting in effect</skipped></testcase><testcase classname="src.pymortests.grid" file="src/pymortests/grid.py" line="359" name="test_boundary_mask_dtype[&lt;lambda&gt;16]" time="0.0003845691680908203"><skipped message="Suite splitting in effect" type="pytest.skip">src/pymortests/grid.py:359: Suite splitting in effect</skipped></testcase><testcase classname="src.pymortests.grid" file="src/pymortests/grid.py" line="359" name="test_boundary_mask_dtype[&lt;lambda&gt;17]" time="0.0003895759582519531"><skipped message="Suite splitting in effect" type="pytest.skip">src/pymortests/grid.py:359: Suite splitting in effect</skipped></testcase><testcase classname="src.pymortests.grid" file="src/pymortests/grid.py" line="359" name="test_boundary_mask_dtype[&lt;lambda&gt;18]" time="0.0003876686096191406"><skipped message="Suite splitting in effect" type="pytest.skip">src/pymortests/grid.py:359: Suite splitting in effect</skipped></testcase><testcase classname="src.pymortests.grid" file="src/pymortests/grid.py" line="359" name="test_boundary_mask_dtype[&lt;lambda&gt;19]" time="0.0004124641418457031"><skipped message="Suite splitting in effect" type="pytest.skip">src/pymortests/grid.py:359: Suite splitting in effect</skipped></testcase><testcase classname="src.pymortests.grid" file="src/pymortests/grid.py" line="359" name="test_boundary_mask_dtype[&lt;lambda&gt;20]" time="0.0004286766052246094"><skipped message="Suite splitting in effect" type="pytest.skip">src/pymortests/grid.py:359: Suite splitting in effect</skipped></testcase><testcase classname="src.pymortests.grid" file="src/pymortests/grid.py" line="359" name="test_boundary_mask_dtype[&lt;lambda&gt;21]" time="0.0004413127899169922"><skipped message="Suite splitting in effect" type="pytest.skip">src/pymortests/grid.py:359: Suite splitting in effect</skipped></testcase><testcase classname="src.pymortests.grid" file="src/pymortests/grid.py" line="359" name="test_boundary_mask_dtype[&lt;lambda&gt;22]" time="0.0004253387451171875"><skipped message="Suite splitting in effect" type="pytest.skip">src/pymortests/grid.py:359: Suite splitting in effect</skipped></testcase><testcase classname="src.pymortests.grid" file="src/pymortests/grid.py" line="359" name="test_boundary_mask_dtype[&lt;lambda&gt;23]" time="0.00043392181396484375"><skipped message="Suite splitting in effect" type="pytest.skip">src/pymortests/grid.py:359: Suite splitting in effect</skipped></testcase><testcase classname="src.pymortests.grid" file="src/pymortests/grid.py" line="359" name="test_boundary_mask_dtype[&lt;lambda&gt;24]" time="0.0004107952117919922"><skipped message="Suite splitting in effect" type="pytest.skip">src/pymortests/grid.py:359: Suite splitting in effect</skipped></testcase><testcase classname="src.pymortests.grid" file="src/pymortests/grid.py" line="359" name="test_boundary_mask_dtype[&lt;lambda&gt;25]" time="0.0004181861877441406"><skipped message="Suite splitting in effect" type="pytest.skip">src/pymortests/grid.py:359: Suite splitting in effect</skipped></testcase><testcase classname="src.pymortests.grid" file="src/pymortests/grid.py" line="359" name="test_boundary_mask_dtype[&lt;lambda&gt;26]" time="0.00039768218994140625"><skipped message="Suite splitting in effect" type="pytest.skip">src/pymortests/grid.py:359: Suite splitting in effect</skipped></testcase><testcase classname="src.pymortests.grid" file="src/pymortests/grid.py" line="359" name="test_boundary_mask_dtype[&lt;lambda&gt;27]" time="0.0004296302795410156"><skipped message="Suite splitting in effect" type="pytest.skip">src/pymortests/grid.py:359: Suite splitting in effect</skipped></testcase><testcase classname="src.pymortests.grid" file="src/pymortests/grid.py" line="359" name="test_boundary_mask_dtype[&lt;lambda&gt;28]" time="0.00040459632873535156"><skipped message="Suite splitting in effect" type="pytest.skip">src/pymortests/grid.py:359: Suite splitting in effect</skipped></testcase><testcase classname="src.pymortests.grid" file="src/pymortests/grid.py" line="359" name="test_boundary_mask_dtype[&lt;lambda&gt;29]" time="0.00042700767517089844"><skipped message="Suite splitting in effect" type="pytest.skip">src/pymortests/grid.py:359: Suite splitting in effect</skipped></testcase><testcase classname="src.pymortests.grid" file="src/pymortests/grid.py" line="359" name="test_boundary_mask_dtype[&lt;lambda&gt;30]" time="0.00039505958557128906"><skipped message="Suite splitting in effect" type="pytest.skip">src/pymortests/grid.py:359: Suite splitting in effect</skipped></testcase><testcase classname="src.pymortests.grid" file="src/pymortests/grid.py" line="359" name="test_boundary_mask_dtype[&lt;lambda&gt;31]" time="0.00041222572326660156"><skipped message="Suite splitting in effect" type="pytest.skip">src/pymortests/grid.py:359: Suite splitting in effect</skipped></testcase><testcase classname="src.pymortests.grid" file="src/pymortests/grid.py" line="359" name="test_boundary_mask_dtype[&lt;lambda&gt;32]" time="0.00045418739318847656"><skipped message="Suite splitting in effect" type="pytest.skip">src/pymortests/grid.py:359: Suite splitting in effect</skipped></testcase><testcase classname="src.pymortests.grid" file="src/pymortests/grid.py" line="359" name="test_boundary_mask_dtype[&lt;lambda&gt;33]" time="0.000415802001953125"><skipped message="Suite splitting in effect" type="pytest.skip">src/pymortests/grid.py:359: Suite splitting in effect</skipped></testcase><testcase classname="src.pymortests.grid" file="src/pymortests/grid.py" line="359" name="test_boundary_mask_dtype[&lt;lambda&gt;34]" time="0.0004413127899169922"><skipped message="Suite splitting in effect" type="pytest.skip">src/pymortests/grid.py:359: Suite splitting in effect</skipped></testcase><testcase classname="src.pymortests.grid" file="src/pymortests/grid.py" line="359" name="test_boundary_mask_dtype[&lt;lambda&gt;35]" time="0.00042366981506347656"><skipped message="Suite splitting in effect" type="pytest.skip">src/pymortests/grid.py:359: Suite splitting in effect</skipped></testcase><testcase classname="src.pymortests.grid" file="src/pymortests/grid.py" line="359" name="test_boundary_mask_dtype[&lt;lambda&gt;36]" time="0.0004291534423828125"><skipped message="Suite splitting in effect" type="pytest.skip">src/pymortests/grid.py:359: Suite splitting in effect</skipped></testcase><testcase classname="src.pymortests.grid" file="src/pymortests/grid.py" line="359" name="test_boundary_mask_dtype[&lt;lambda&gt;37]" time="0.0003981590270996094"><skipped message="Suite splitting in effect" type="pytest.skip">src/pymortests/grid.py:359: Suite splitting in effect</skipped></testcase><testcase classname="src.pymortests.grid" file="src/pymortests/grid.py" line="359" name="test_boundary_mask_dtype[&lt;lambda&gt;38]" time="0.0005278587341308594"><skipped message="Suite splitting in effect" type="pytest.skip">src/pymortests/grid.py:359: Suite splitting in effect</skipped></testcase><testcase classname="src.pymortests.grid" file="src/pymortests/grid.py" line="359" name="test_boundary_mask_dtype[&lt;lambda&gt;39]" time="0.0004601478576660156"><skipped message="Suite splitting in effect" type="pytest.skip">src/pymortests/grid.py:359: Suite splitting in effect</skipped></testcase><testcase classname="src.pymortests.grid" file="src/pymortests/grid.py" line="359" name="test_boundary_mask_dtype[&lt;lambda&gt;40]" time="0.0004265308380126953"><skipped message="Suite splitting in effect" type="pytest.skip">src/pymortests/grid.py:359: Suite splitting in effect</skipped></testcase><testcase classname="src.pymortests.grid" file="src/pymortests/grid.py" line="359" name="test_boundary_mask_dtype[&lt;lambda&gt;41]" time="0.00041365623474121094"><skipped message="Suite splitting in effect" type="pytest.skip">src/pymortests/grid.py:359: Suite splitting in effect</skipped></testcase><testcase classname="src.pymortests.grid" file="src/pymortests/grid.py" line="359" name="test_boundary_mask_dtype[&lt;lambda&gt;42]" time="0.00039458274841308594"><skipped message="Suite splitting in effect" type="pytest.skip">src/pymortests/grid.py:359: Suite splitting in effect</skipped></testcase><testcase classname="src.pymortests.grid" file="src/pymortests/grid.py" line="365" name="test_boundary_mask_entries_codim1[&lt;lambda&gt;0]" time="0.00041961669921875"><skipped message="Suite splitting in effect" type="pytest.skip">src/pymortests/grid.py:365: Suite splitting in effect</skipped></testcase><testcase classname="src.pymortests.grid" file="src/pymortests/grid.py" line="365" name="test_boundary_mask_entries_codim1[&lt;lambda&gt;1]" time="0.0003933906555175781"><skipped message="Suite splitting in effect" type="pytest.skip">src/pymortests/grid.py:365: Suite splitting in effect</skipped></testcase><testcase classname="src.pymortests.grid" file="src/pymortests/grid.py" line="365" name="test_boundary_mask_entries_codim1[&lt;lambda&gt;2]" time="0.00039958953857421875"><skipped message="Suite splitting in effect" type="pytest.skip">src/pymortests/grid.py:365: Suite splitting in effect</skipped></testcase><testcase classname="src.pymortests.grid" file="src/pymortests/grid.py" line="365" name="test_boundary_mask_entries_codim1[&lt;lambda&gt;3]" time="0.0003986358642578125"><skipped message="Suite splitting in effect" type="pytest.skip">src/pymortests/grid.py:365: Suite splitting in effect</skipped></testcase><testcase classname="src.pymortests.grid" file="src/pymortests/grid.py" line="365" name="test_boundary_mask_entries_codim1[&lt;lambda&gt;4]" time="0.00042176246643066406"><skipped message="Suite splitting in effect" type="pytest.skip">src/pymortests/grid.py:365: Suite splitting in effect</skipped></testcase><testcase classname="src.pymortests.grid" file="src/pymortests/grid.py" line="365" name="test_boundary_mask_entries_codim1[&lt;lambda&gt;5]" time="0.00039386749267578125"><skipped message="Suite splitting in effect" type="pytest.skip">src/pymortests/grid.py:365: Suite splitting in effect</skipped></testcase><testcase classname="src.pymortests.grid" file="src/pymortests/grid.py" line="365" name="test_boundary_mask_entries_codim1[&lt;lambda&gt;6]" time="0.0004329681396484375"><skipped message="Suite splitting in effect" type="pytest.skip">src/pymortests/grid.py:365: Suite splitting in effect</skipped></testcase><testcase classname="src.pymortests.grid" file="src/pymortests/grid.py" line="365" name="test_boundary_mask_entries_codim1[&lt;lambda&gt;7]" time="0.0003972053527832031"><skipped message="Suite splitting in effect" type="pytest.skip">src/pymortests/grid.py:365: Suite splitting in effect</skipped></testcase><testcase classname="src.pymortests.grid" file="src/pymortests/grid.py" line="365" name="test_boundary_mask_entries_codim1[&lt;lambda&gt;8]" time="0.0004284381866455078"><skipped message="Suite splitting in effect" type="pytest.skip">src/pymortests/grid.py:365: Suite splitting in effect</skipped></testcase><testcase classname="src.pymortests.grid" file="src/pymortests/grid.py" line="365" name="test_boundary_mask_entries_codim1[&lt;lambda&gt;9]" time="0.00039768218994140625"><skipped message="Suite splitting in effect" type="pytest.skip">src/pymortests/grid.py:365: Suite splitting in effect</skipped></testcase><testcase classname="src.pymortests.grid" file="src/pymortests/grid.py" line="365" name="test_boundary_mask_entries_codim1[&lt;lambda&gt;10]" time="0.0004961490631103516"><skipped message="Suite splitting in effect" type="pytest.skip">src/pymortests/grid.py:365: Suite splitting in effect</skipped></testcase><testcase classname="src.pymortests.grid" file="src/pymortests/grid.py" line="365" name="test_boundary_mask_entries_codim1[&lt;lambda&gt;11]" time="0.00039196014404296875"><skipped message="Suite splitting in effect" type="pytest.skip">src/pymortests/grid.py:365: Suite splitting in effect</skipped></testcase><testcase classname="src.pymortests.grid" file="src/pymortests/grid.py" line="365" name="test_boundary_mask_entries_codim1[&lt;lambda&gt;12]" time="0.0004947185516357422"><skipped message="Suite splitting in effect" type="pytest.skip">src/pymortests/grid.py:365: Suite splitting in effect</skipped></testcase><testcase classname="src.pymortests.grid" file="src/pymortests/grid.py" line="365" name="test_boundary_mask_entries_codim1[&lt;lambda&gt;13]" time="0.0004241466522216797"><skipped message="Suite splitting in effect" type="pytest.skip">src/pymortests/grid.py:365: Suite splitting in effect</skipped></testcase><testcase classname="src.pymortests.grid" file="src/pymortests/grid.py" line="365" name="test_boundary_mask_entries_codim1[&lt;lambda&gt;14]" time="0.0003936290740966797"><skipped message="Suite splitting in effect" type="pytest.skip">src/pymortests/grid.py:365: Suite splitting in effect</skipped></testcase><testcase classname="src.pymortests.grid" file="src/pymortests/grid.py" line="365" name="test_boundary_mask_entries_codim1[&lt;lambda&gt;15]" time="0.00044655799865722656"><skipped message="Suite splitting in effect" type="pytest.skip">src/pymortests/grid.py:365: Suite splitting in effect</skipped></testcase><testcase classname="src.pymortests.grid" file="src/pymortests/grid.py" line="365" name="test_boundary_mask_entries_codim1[&lt;lambda&gt;16]" time="0.0003991127014160156"><skipped message="Suite splitting in effect" type="pytest.skip">src/pymortests/grid.py:365: Suite splitting in effect</skipped></testcase><testcase classname="src.pymortests.grid" file="src/pymortests/grid.py" line="365" name="test_boundary_mask_entries_codim1[&lt;lambda&gt;17]" time="0.0004305839538574219"><skipped message="Suite splitting in effect" type="pytest.skip">src/pymortests/grid.py:365: Suite splitting in effect</skipped></testcase><testcase classname="src.pymortests.grid" file="src/pymortests/grid.py" line="365" name="test_boundary_mask_entries_codim1[&lt;lambda&gt;18]" time="0.0004024505615234375"><skipped message="Suite splitting in effect" type="pytest.skip">src/pymortests/grid.py:365: Suite splitting in effect</skipped></testcase><testcase classname="src.pymortests.grid" file="src/pymortests/grid.py" line="365" name="test_boundary_mask_entries_codim1[&lt;lambda&gt;19]" time="0.0006883144378662109"><skipped message="Suite splitting in effect" type="pytest.skip">src/pymortests/grid.py:365: Suite splitting in effect</skipped></testcase><testcase classname="src.pymortests.grid" file="src/pymortests/grid.py" line="365" name="test_boundary_mask_entries_codim1[&lt;lambda&gt;20]" time="0.00041961669921875"><skipped message="Suite splitting in effect" type="pytest.skip">src/pymortests/grid.py:365: Suite splitting in effect</skipped></testcase><testcase classname="src.pymortests.grid" file="src/pymortests/grid.py" line="365" name="test_boundary_mask_entries_codim1[&lt;lambda&gt;21]" time="0.00039124488830566406"><skipped message="Suite splitting in effect" type="pytest.skip">src/pymortests/grid.py:365: Suite splitting in effect</skipped></testcase><testcase classname="src.pymortests.grid" file="src/pymortests/grid.py" line="365" name="test_boundary_mask_entries_codim1[&lt;lambda&gt;22]" time="0.0005571842193603516"><skipped message="Suite splitting in effect" type="pytest.skip">src/pymortests/grid.py:365: Suite splitting in effect</skipped></testcase><testcase classname="src.pymortests.grid" file="src/pymortests/grid.py" line="365" name="test_boundary_mask_entries_codim1[&lt;lambda&gt;23]" time="0.00039505958557128906"><skipped message="Suite splitting in effect" type="pytest.skip">src/pymortests/grid.py:365: Suite splitting in effect</skipped></testcase><testcase classname="src.pymortests.grid" file="src/pymortests/grid.py" line="365" name="test_boundary_mask_entries_codim1[&lt;lambda&gt;24]" time="0.0004382133483886719"><skipped message="Suite splitting in effect" type="pytest.skip">src/pymortests/grid.py:365: Suite splitting in effect</skipped></testcase><testcase classname="src.pymortests.grid" file="src/pymortests/grid.py" line="365" name="test_boundary_mask_entries_codim1[&lt;lambda&gt;25]" time="0.0004165172576904297"><skipped message="Suite splitting in effect" type="pytest.skip">src/pymortests/grid.py:365: Suite splitting in effect</skipped></testcase><testcase classname="src.pymortests.grid" file="src/pymortests/grid.py" line="365" name="test_boundary_mask_entries_codim1[&lt;lambda&gt;26]" time="0.0004401206970214844"><skipped message="Suite splitting in effect" type="pytest.skip">src/pymortests/grid.py:365: Suite splitting in effect</skipped></testcase><testcase classname="src.pymortests.grid" file="src/pymortests/grid.py" line="365" name="test_boundary_mask_entries_codim1[&lt;lambda&gt;27]" time="0.00039577484130859375"><skipped message="Suite splitting in effect" type="pytest.skip">src/pymortests/grid.py:365: Suite splitting in effect</skipped></testcase><testcase classname="src.pymortests.grid" file="src/pymortests/grid.py" line="365" name="test_boundary_mask_entries_codim1[&lt;lambda&gt;28]" time="0.0003962516784667969"><skipped message="Suite splitting in effect" type="pytest.skip">src/pymortests/grid.py:365: Suite splitting in effect</skipped></testcase><testcase classname="src.pymortests.grid" file="src/pymortests/grid.py" line="365" name="test_boundary_mask_entries_codim1[&lt;lambda&gt;29]" time="0.0004012584686279297"><skipped message="Suite splitting in effect" type="pytest.skip">src/pymortests/grid.py:365: Suite splitting in effect</skipped></testcase><testcase classname="src.pymortests.grid" file="src/pymortests/grid.py" line="365" name="test_boundary_mask_entries_codim1[&lt;lambda&gt;30]" time="0.0003972053527832031"><skipped message="Suite splitting in effect" type="pytest.skip">src/pymortests/grid.py:365: Suite splitting in effect</skipped></testcase><testcase classname="src.pymortests.grid" file="src/pymortests/grid.py" line="365" name="test_boundary_mask_entries_codim1[&lt;lambda&gt;31]" time="0.00039267539978027344"><skipped message="Suite splitting in effect" type="pytest.skip">src/pymortests/grid.py:365: Suite splitting in effect</skipped></testcase><testcase classname="src.pymortests.grid" file="src/pymortests/grid.py" line="365" name="test_boundary_mask_entries_codim1[&lt;lambda&gt;32]" time="0.0003936290740966797"><skipped message="Suite splitting in effect" type="pytest.skip">src/pymortests/grid.py:365: Suite splitting in effect</skipped></testcase><testcase classname="src.pymortests.grid" file="src/pymortests/grid.py" line="365" name="test_boundary_mask_entries_codim1[&lt;lambda&gt;33]" time="0.00043320655822753906"><skipped message="Suite splitting in effect" type="pytest.skip">src/pymortests/grid.py:365: Suite splitting in effect</skipped></testcase><testcase classname="src.pymortests.grid" file="src/pymortests/grid.py" line="365" name="test_boundary_mask_entries_codim1[&lt;lambda&gt;34]" time="0.00040793418884277344"><skipped message="Suite splitting in effect" type="pytest.skip">src/pymortests/grid.py:365: Suite splitting in effect</skipped></testcase><testcase classname="src.pymortests.grid" file="src/pymortests/grid.py" line="365" name="test_boundary_mask_entries_codim1[&lt;lambda&gt;35]" time="0.00041294097900390625"><skipped message="Suite splitting in effect" type="pytest.skip">src/pymortests/grid.py:365: Suite splitting in effect</skipped></testcase><testcase classname="src.pymortests.grid" file="src/pymortests/grid.py" line="365" name="test_boundary_mask_entries_codim1[&lt;lambda&gt;36]" time="0.0004227161407470703"><skipped message="Suite splitting in effect" type="pytest.skip">src/pymortests/grid.py:365: Suite splitting in effect</skipped></testcase><testcase classname="src.pymortests.grid" file="src/pymortests/grid.py" line="365" name="test_boundary_mask_entries_codim1[&lt;lambda&gt;37]" time="0.00039649009704589844"><skipped message="Suite splitting in effect" type="pytest.skip">src/pymortests/grid.py:365: Suite splitting in effect</skipped></testcase><testcase classname="src.pymortests.grid" file="src/pymortests/grid.py" line="365" name="test_boundary_mask_entries_codim1[&lt;lambda&gt;38]" time="0.0004253387451171875"><skipped message="Suite splitting in effect" type="pytest.skip">src/pymortests/grid.py:365: Suite splitting in effect</skipped></testcase><testcase classname="src.pymortests.grid" file="src/pymortests/grid.py" line="365" name="test_boundary_mask_entries_codim1[&lt;lambda&gt;39]" time="0.0004067420959472656"><skipped message="Suite splitting in effect" type="pytest.skip">src/pymortests/grid.py:365: Suite splitting in effect</skipped></testcase><testcase classname="src.pymortests.grid" file="src/pymortests/grid.py" line="365" name="test_boundary_mask_entries_codim1[&lt;lambda&gt;40]" time="0.00047278404235839844"><skipped message="Suite splitting in effect" type="pytest.skip">src/pymortests/grid.py:365: Suite splitting in effect</skipped></testcase><testcase classname="src.pymortests.grid" file="src/pymortests/grid.py" line="365" name="test_boundary_mask_entries_codim1[&lt;lambda&gt;41]" time="0.0004343986511230469"><skipped message="Suite splitting in effect" type="pytest.skip">src/pymortests/grid.py:365: Suite splitting in effect</skipped></testcase><testcase classname="src.pymortests.grid" file="src/pymortests/grid.py" line="365" name="test_boundary_mask_entries_codim1[&lt;lambda&gt;42]" time="0.0005609989166259766"><skipped message="Suite splitting in effect" type="pytest.skip">src/pymortests/grid.py:365: Suite splitting in effect</skipped></testcase><testcase classname="src.pymortests.grid" file="src/pymortests/grid.py" line="374" name="test_boundary_mask_entries_codim0[&lt;lambda&gt;0]" time="0.0004298686981201172"><skipped message="Suite splitting in effect" type="pytest.skip">src/pymortests/grid.py:374: Suite splitting in effect</skipped></testcase><testcase classname="src.pymortests.grid" file="src/pymortests/grid.py" line="374" name="test_boundary_mask_entries_codim0[&lt;lambda&gt;1]" time="0.0003986358642578125"><skipped message="Suite splitting in effect" type="pytest.skip">src/pymortests/grid.py:374: Suite splitting in effect</skipped></testcase><testcase classname="src.pymortests.grid" file="src/pymortests/grid.py" line="374" name="test_boundary_mask_entries_codim0[&lt;lambda&gt;2]" time="0.0004284381866455078"><skipped message="Suite splitting in effect" type="pytest.skip">src/pymortests/grid.py:374: Suite splitting in effect</skipped></testcase><testcase classname="src.pymortests.grid" file="src/pymortests/grid.py" line="374" name="test_boundary_mask_entries_codim0[&lt;lambda&gt;3]" time="0.0005009174346923828"><skipped message="Suite splitting in effect" type="pytest.skip">src/pymortests/grid.py:374: Suite splitting in effect</skipped></testcase><testcase classname="src.pymortests.grid" file="src/pymortests/grid.py" line="374" name="test_boundary_mask_entries_codim0[&lt;lambda&gt;4]" time="0.00043892860412597656"><skipped message="Suite splitting in effect" type="pytest.skip">src/pymortests/grid.py:374: Suite splitting in effect</skipped></testcase><testcase classname="src.pymortests.grid" file="src/pymortests/grid.py" line="374" name="test_boundary_mask_entries_codim0[&lt;lambda&gt;5]" time="0.00040078163146972656"><skipped message="Suite splitting in effect" type="pytest.skip">src/pymortests/grid.py:374: Suite splitting in effect</skipped></testcase><testcase classname="src.pymortests.grid" file="src/pymortests/grid.py" line="374" name="test_boundary_mask_entries_codim0[&lt;lambda&gt;6]" time="0.0021326541900634766"><skipped message="Suite splitting in effect" type="pytest.skip">src/pymortests/grid.py:374: Suite splitting in effect</skipped></testcase><testcase classname="src.pymortests.grid" file="src/pymortests/grid.py" line="374" name="test_boundary_mask_entries_codim0[&lt;lambda&gt;7]" time="0.000438690185546875"><skipped message="Suite splitting in effect" type="pytest.skip">src/pymortests/grid.py:374: Suite splitting in effect</skipped></testcase><testcase classname="src.pymortests.grid" file="src/pymortests/grid.py" line="374" name="test_boundary_mask_entries_codim0[&lt;lambda&gt;8]" time="0.0005967617034912109"><skipped message="Suite splitting in effect" type="pytest.skip">src/pymortests/grid.py:374: Suite splitting in effect</skipped></testcase><testcase classname="src.pymortests.grid" file="src/pymortests/grid.py" line="374" name="test_boundary_mask_entries_codim0[&lt;lambda&gt;9]" time="0.0005521774291992188"><skipped message="Suite splitting in effect" type="pytest.skip">src/pymortests/grid.py:374: Suite splitting in effect</skipped></testcase><testcase classname="src.pymortests.grid" file="src/pymortests/grid.py" line="374" name="test_boundary_mask_entries_codim0[&lt;lambda&gt;10]" time="0.00043129920959472656"><skipped message="Suite splitting in effect" type="pytest.skip">src/pymortests/grid.py:374: Suite splitting in effect</skipped></testcase><testcase classname="src.pymortests.grid" file="src/pymortests/grid.py" line="374" name="test_boundary_mask_entries_codim0[&lt;lambda&gt;11]" time="0.00039958953857421875"><skipped message="Suite splitting in effect" type="pytest.skip">src/pymortests/grid.py:374: Suite splitting in effect</skipped></testcase><testcase classname="src.pymortests.grid" file="src/pymortests/grid.py" line="374" name="test_boundary_mask_entries_codim0[&lt;lambda&gt;12]" time="0.0004355907440185547"><skipped message="Suite splitting in effect" type="pytest.skip">src/pymortests/grid.py:374: Suite splitting in effect</skipped></testcase><testcase classname="src.pymortests.grid" file="src/pymortests/grid.py" line="374" name="test_boundary_mask_entries_codim0[&lt;lambda&gt;13]" time="0.0004284381866455078"><skipped message="Suite splitting in effect" type="pytest.skip">src/pymortests/grid.py:374: Suite splitting in effect</skipped></testcase><testcase classname="src.pymortests.grid" file="src/pymortests/grid.py" line="374" name="test_boundary_mask_entries_codim0[&lt;lambda&gt;14]" time="0.0004248619079589844"><skipped message="Suite splitting in effect" type="pytest.skip">src/pymortests/grid.py:374: Suite splitting in effect</skipped></testcase><testcase classname="src.pymortests.grid" file="src/pymortests/grid.py" line="374" name="test_boundary_mask_entries_codim0[&lt;lambda&gt;15]" time="0.0004665851593017578"><skipped message="Suite splitting in effect" type="pytest.skip">src/pymortests/grid.py:374: Suite splitting in effect</skipped></testcase><testcase classname="src.pymortests.grid" file="src/pymortests/grid.py" line="374" name="test_boundary_mask_entries_codim0[&lt;lambda&gt;16]" time="0.0003917217254638672"><skipped message="Suite splitting in effect" type="pytest.skip">src/pymortests/grid.py:374: Suite splitting in effect</skipped></testcase><testcase classname="src.pymortests.grid" file="src/pymortests/grid.py" line="374" name="test_boundary_mask_entries_codim0[&lt;lambda&gt;17]" time="0.0004417896270751953"><skipped message="Suite splitting in effect" type="pytest.skip">src/pymortests/grid.py:374: Suite splitting in effect</skipped></testcase><testcase classname="src.pymortests.grid" file="src/pymortests/grid.py" line="374" name="test_boundary_mask_entries_codim0[&lt;lambda&gt;18]" time="0.0003924369812011719"><skipped message="Suite splitting in effect" type="pytest.skip">src/pymortests/grid.py:374: Suite splitting in effect</skipped></testcase><testcase classname="src.pymortests.grid" file="src/pymortests/grid.py" line="374" name="test_boundary_mask_entries_codim0[&lt;lambda&gt;19]" time="0.00039696693420410156"><skipped message="Suite splitting in effect" type="pytest.skip">src/pymortests/grid.py:374: Suite splitting in effect</skipped></testcase><testcase classname="src.pymortests.grid" file="src/pymortests/grid.py" line="374" name="test_boundary_mask_entries_codim0[&lt;lambda&gt;20]" time="0.00040268898010253906"><skipped message="Suite splitting in effect" type="pytest.skip">src/pymortests/grid.py:374: Suite splitting in effect</skipped></testcase><testcase classname="src.pymortests.grid" file="src/pymortests/grid.py" line="374" name="test_boundary_mask_entries_codim0[&lt;lambda&gt;21]" time="0.00043010711669921875"><skipped message="Suite splitting in effect" type="pytest.skip">src/pymortests/grid.py:374: Suite splitting in effect</skipped></testcase><testcase classname="src.pymortests.grid" file="src/pymortests/grid.py" line="374" name="test_boundary_mask_entries_codim0[&lt;lambda&gt;22]" time="0.0004057884216308594"><skipped message="Suite splitting in effect" type="pytest.skip">src/pymortests/grid.py:374: Suite splitting in effect</skipped></testcase><testcase classname="src.pymortests.grid" file="src/pymortests/grid.py" line="374" name="test_boundary_mask_entries_codim0[&lt;lambda&gt;23]" time="0.0003991127014160156"><skipped message="Suite splitting in effect" type="pytest.skip">src/pymortests/grid.py:374: Suite splitting in effect</skipped></testcase><testcase classname="src.pymortests.grid" file="src/pymortests/grid.py" line="374" name="test_boundary_mask_entries_codim0[&lt;lambda&gt;24]" time="0.00039505958557128906"><skipped message="Suite splitting in effect" type="pytest.skip">src/pymortests/grid.py:374: Suite splitting in effect</skipped></testcase><testcase classname="src.pymortests.grid" file="src/pymortests/grid.py" line="374" name="test_boundary_mask_entries_codim0[&lt;lambda&gt;25]" time="0.0003952980041503906"><skipped message="Suite splitting in effect" type="pytest.skip">src/pymortests/grid.py:374: Suite splitting in effect</skipped></testcase><testcase classname="src.pymortests.grid" file="src/pymortests/grid.py" line="374" name="test_boundary_mask_entries_codim0[&lt;lambda&gt;26]" time="0.0003972053527832031"><skipped message="Suite splitting in effect" type="pytest.skip">src/pymortests/grid.py:374: Suite splitting in effect</skipped></testcase><testcase classname="src.pymortests.grid" file="src/pymortests/grid.py" line="374" name="test_boundary_mask_entries_codim0[&lt;lambda&gt;27]" time="0.0003981590270996094"><skipped message="Suite splitting in effect" type="pytest.skip">src/pymortests/grid.py:374: Suite splitting in effect</skipped></testcase><testcase classname="src.pymortests.grid" file="src/pymortests/grid.py" line="374" name="test_boundary_mask_entries_codim0[&lt;lambda&gt;28]" time="0.0004265308380126953"><skipped message="Suite splitting in effect" type="pytest.skip">src/pymortests/grid.py:374: Suite splitting in effect</skipped></testcase><testcase classname="src.pymortests.grid" file="src/pymortests/grid.py" line="374" name="test_boundary_mask_entries_codim0[&lt;lambda&gt;29]" time="0.000392913818359375"><skipped message="Suite splitting in effect" type="pytest.skip">src/pymortests/grid.py:374: Suite splitting in effect</skipped></testcase><testcase classname="src.pymortests.grid" file="src/pymortests/grid.py" line="374" name="test_boundary_mask_entries_codim0[&lt;lambda&gt;30]" time="0.00043511390686035156"><skipped message="Suite splitting in effect" type="pytest.skip">src/pymortests/grid.py:374: Suite splitting in effect</skipped></testcase><testcase classname="src.pymortests.grid" file="src/pymortests/grid.py" line="374" name="test_boundary_mask_entries_codim0[&lt;lambda&gt;31]" time="0.0003981590270996094"><skipped message="Suite splitting in effect" type="pytest.skip">src/pymortests/grid.py:374: Suite splitting in effect</skipped></testcase><testcase classname="src.pymortests.grid" file="src/pymortests/grid.py" line="374" name="test_boundary_mask_entries_codim0[&lt;lambda&gt;32]" time="0.0003993511199951172"><skipped message="Suite splitting in effect" type="pytest.skip">src/pymortests/grid.py:374: Suite splitting in effect</skipped></testcase><testcase classname="src.pymortests.grid" file="src/pymortests/grid.py" line="374" name="test_boundary_mask_entries_codim0[&lt;lambda&gt;33]" time="0.00043702125549316406"><skipped message="Suite splitting in effect" type="pytest.skip">src/pymortests/grid.py:374: Suite splitting in effect</skipped></testcase><testcase classname="src.pymortests.grid" file="src/pymortests/grid.py" line="374" name="test_boundary_mask_entries_codim0[&lt;lambda&gt;34]" time="0.0003921985626220703"><skipped message="Suite splitting in effect" type="pytest.skip">src/pymortests/grid.py:374: Suite splitting in effect</skipped></testcase><testcase classname="src.pymortests.grid" file="src/pymortests/grid.py" line="374" name="test_boundary_mask_entries_codim0[&lt;lambda&gt;35]" time="0.0004227161407470703"><skipped message="Suite splitting in effect" type="pytest.skip">src/pymortests/grid.py:374: Suite splitting in effect</skipped></testcase><testcase classname="src.pymortests.grid" file="src/pymortests/grid.py" line="374" name="test_boundary_mask_entries_codim0[&lt;lambda&gt;36]" time="0.00041103363037109375"><skipped message="Suite splitting in effect" type="pytest.skip">src/pymortests/grid.py:374: Suite splitting in effect</skipped></testcase><testcase classname="src.pymortests.grid" file="src/pymortests/grid.py" line="374" name="test_boundary_mask_entries_codim0[&lt;lambda&gt;37]" time="0.0004334449768066406"><skipped message="Suite splitting in effect" type="pytest.skip">src/pymortests/grid.py:374: Suite splitting in effect</skipped></testcase><testcase classname="src.pymortests.grid" file="src/pymortests/grid.py" line="374" name="test_boundary_mask_entries_codim0[&lt;lambda&gt;38]" time="0.0004379749298095703"><skipped message="Suite splitting in effect" type="pytest.skip">src/pymortests/grid.py:374: Suite splitting in effect</skipped></testcase><testcase classname="src.pymortests.grid" file="src/pymortests/grid.py" line="374" name="test_boundary_mask_entries_codim0[&lt;lambda&gt;39]" time="0.0004203319549560547"><skipped message="Suite splitting in effect" type="pytest.skip">src/pymortests/grid.py:374: Suite splitting in effect</skipped></testcase><testcase classname="src.pymortests.grid" file="src/pymortests/grid.py" line="374" name="test_boundary_mask_entries_codim0[&lt;lambda&gt;40]" time="0.0003898143768310547"><skipped message="Suite splitting in effect" type="pytest.skip">src/pymortests/grid.py:374: Suite splitting in effect</skipped></testcase><testcase classname="src.pymortests.grid" file="src/pymortests/grid.py" line="374" name="test_boundary_mask_entries_codim0[&lt;lambda&gt;41]" time="0.00038933753967285156"><skipped message="Suite splitting in effect" type="pytest.skip">src/pymortests/grid.py:374: Suite splitting in effect</skipped></testcase><testcase classname="src.pymortests.grid" file="src/pymortests/grid.py" line="374" name="test_boundary_mask_entries_codim0[&lt;lambda&gt;42]" time="0.0003905296325683594"><skipped message="Suite splitting in effect" type="pytest.skip">src/pymortests/grid.py:374: Suite splitting in effect</skipped></testcase><testcase classname="src.pymortests.grid" file="src/pymortests/grid.py" line="384" name="test_boundary_mask_entries_codim_d[&lt;lambda&gt;0]" time="0.0004031658172607422"><skipped message="Suite splitting in effect" type="pytest.skip">src/pymortests/grid.py:384: Suite splitting in effect</skipped></testcase><testcase classname="src.pymortests.grid" file="src/pymortests/grid.py" line="384" name="test_boundary_mask_entries_codim_d[&lt;lambda&gt;1]" time="0.0003941059112548828"><skipped message="Suite splitting in effect" type="pytest.skip">src/pymortests/grid.py:384: Suite splitting in effect</skipped></testcase><testcase classname="src.pymortests.grid" file="src/pymortests/grid.py" line="384" name="test_boundary_mask_entries_codim_d[&lt;lambda&gt;2]" time="0.00040841102600097656"><skipped message="Suite splitting in effect" type="pytest.skip">src/pymortests/grid.py:384: Suite splitting in effect</skipped></testcase><testcase classname="src.pymortests.grid" file="src/pymortests/grid.py" line="384" name="test_boundary_mask_entries_codim_d[&lt;lambda&gt;3]" time="0.00039768218994140625"><skipped message="Suite splitting in effect" type="pytest.skip">src/pymortests/grid.py:384: Suite splitting in effect</skipped></testcase><testcase classname="src.pymortests.grid" file="src/pymortests/grid.py" line="384" name="test_boundary_mask_entries_codim_d[&lt;lambda&gt;4]" time="0.0004069805145263672"><skipped message="Suite splitting in effect" type="pytest.skip">src/pymortests/grid.py:384: Suite splitting in effect</skipped></testcase><testcase classname="src.pymortests.grid" file="src/pymortests/grid.py" line="384" name="test_boundary_mask_entries_codim_d[&lt;lambda&gt;5]" time="0.0004162788391113281"><skipped message="Suite splitting in effect" type="pytest.skip">src/pymortests/grid.py:384: Suite splitting in effect</skipped></testcase><testcase classname="src.pymortests.grid" file="src/pymortests/grid.py" line="384" name="test_boundary_mask_entries_codim_d[&lt;lambda&gt;6]" time="0.000396728515625"><skipped message="Suite splitting in effect" type="pytest.skip">src/pymortests/grid.py:384: Suite splitting in effect</skipped></testcase><testcase classname="src.pymortests.grid" file="src/pymortests/grid.py" line="384" name="test_boundary_mask_entries_codim_d[&lt;lambda&gt;7]" time="0.0004050731658935547"><skipped message="Suite splitting in effect" type="pytest.skip">src/pymortests/grid.py:384: Suite splitting in effect</skipped></testcase><testcase classname="src.pymortests.grid" file="src/pymortests/grid.py" line="384" name="test_boundary_mask_entries_codim_d[&lt;lambda&gt;8]" time="0.0003933906555175781"><skipped message="Suite splitting in effect" type="pytest.skip">src/pymortests/grid.py:384: Suite splitting in effect</skipped></testcase><testcase classname="src.pymortests.grid" file="src/pymortests/grid.py" line="384" name="test_boundary_mask_entries_codim_d[&lt;lambda&gt;9]" time="0.0004010200500488281"><skipped message="Suite splitting in effect" type="pytest.skip">src/pymortests/grid.py:384: Suite splitting in effect</skipped></testcase><testcase classname="src.pymortests.grid" file="src/pymortests/grid.py" line="384" name="test_boundary_mask_entries_codim_d[&lt;lambda&gt;10]" time="0.0004112720489501953"><skipped message="Suite splitting in effect" type="pytest.skip">src/pymortests/grid.py:384: Suite splitting in effect</skipped></testcase><testcase classname="src.pymortests.grid" file="src/pymortests/grid.py" line="384" name="test_boundary_mask_entries_codim_d[&lt;lambda&gt;11]" time="0.0003955364227294922"><skipped message="Suite splitting in effect" type="pytest.skip">src/pymortests/grid.py:384: Suite splitting in effect</skipped></testcase><testcase classname="src.pymortests.grid" file="src/pymortests/grid.py" line="384" name="test_boundary_mask_entries_codim_d[&lt;lambda&gt;12]" time="0.00039577484130859375"><skipped message="Suite splitting in effect" type="pytest.skip">src/pymortests/grid.py:384: Suite splitting in effect</skipped></testcase><testcase classname="src.pymortests.grid" file="src/pymortests/grid.py" line="384" name="test_boundary_mask_entries_codim_d[&lt;lambda&gt;13]" time="0.0003902912139892578"><skipped message="Suite splitting in effect" type="pytest.skip">src/pymortests/grid.py:384: Suite splitting in effect</skipped></testcase><testcase classname="src.pymortests.grid" file="src/pymortests/grid.py" line="384" name="test_boundary_mask_entries_codim_d[&lt;lambda&gt;14]" time="0.00045871734619140625"><skipped message="Suite splitting in effect" type="pytest.skip">src/pymortests/grid.py:384: Suite splitting in effect</skipped></testcase><testcase classname="src.pymortests.grid" file="src/pymortests/grid.py" line="384" name="test_boundary_mask_entries_codim_d[&lt;lambda&gt;15]" time="0.00039458274841308594"><skipped message="Suite splitting in effect" type="pytest.skip">src/pymortests/grid.py:384: Suite splitting in effect</skipped></testcase><testcase classname="src.pymortests.grid" file="src/pymortests/grid.py" line="384" name="test_boundary_mask_entries_codim_d[&lt;lambda&gt;16]" time="0.00045990943908691406"><skipped message="Suite splitting in effect" type="pytest.skip">src/pymortests/grid.py:384: Suite splitting in effect</skipped></testcase><testcase classname="src.pymortests.grid" file="src/pymortests/grid.py" line="384" name="test_boundary_mask_entries_codim_d[&lt;lambda&gt;17]" time="0.00041103363037109375"><skipped message="Suite splitting in effect" type="pytest.skip">src/pymortests/grid.py:384: Suite splitting in effect</skipped></testcase><testcase classname="src.pymortests.grid" file="src/pymortests/grid.py" line="384" name="test_boundary_mask_entries_codim_d[&lt;lambda&gt;18]" time="0.0004296302795410156"><skipped message="Suite splitting in effect" type="pytest.skip">src/pymortests/grid.py:384: Suite splitting in effect</skipped></testcase><testcase classname="src.pymortests.grid" file="src/pymortests/grid.py" line="384" name="test_boundary_mask_entries_codim_d[&lt;lambda&gt;19]" time="0.0004227161407470703"><skipped message="Suite splitting in effect" type="pytest.skip">src/pymortests/grid.py:384: Suite splitting in effect</skipped></testcase><testcase classname="src.pymortests.grid" file="src/pymortests/grid.py" line="384" name="test_boundary_mask_entries_codim_d[&lt;lambda&gt;20]" time="0.0004608631134033203"><skipped message="Suite splitting in effect" type="pytest.skip">src/pymortests/grid.py:384: Suite splitting in effect</skipped></testcase><testcase classname="src.pymortests.grid" file="src/pymortests/grid.py" line="384" name="test_boundary_mask_entries_codim_d[&lt;lambda&gt;21]" time="0.000392913818359375"><skipped message="Suite splitting in effect" type="pytest.skip">src/pymortests/grid.py:384: Suite splitting in effect</skipped></testcase><testcase classname="src.pymortests.grid" file="src/pymortests/grid.py" line="384" name="test_boundary_mask_entries_codim_d[&lt;lambda&gt;22]" time="0.00041794776916503906"><skipped message="Suite splitting in effect" type="pytest.skip">src/pymortests/grid.py:384: Suite splitting in effect</skipped></testcase><testcase classname="src.pymortests.grid" file="src/pymortests/grid.py" line="384" name="test_boundary_mask_entries_codim_d[&lt;lambda&gt;23]" time="0.0004119873046875"><skipped message="Suite splitting in effect" type="pytest.skip">src/pymortests/grid.py:384: Suite splitting in effect</skipped></testcase><testcase classname="src.pymortests.grid" file="src/pymortests/grid.py" line="384" name="test_boundary_mask_entries_codim_d[&lt;lambda&gt;24]" time="0.000423431396484375"><skipped message="Suite splitting in effect" type="pytest.skip">src/pymortests/grid.py:384: Suite splitting in effect</skipped></testcase><testcase classname="src.pymortests.grid" file="src/pymortests/grid.py" line="384" name="test_boundary_mask_entries_codim_d[&lt;lambda&gt;25]" time="0.0005273818969726562"><skipped message="Suite splitting in effect" type="pytest.skip">src/pymortests/grid.py:384: Suite splitting in effect</skipped></testcase><testcase classname="src.pymortests.grid" file="src/pymortests/grid.py" line="384" name="test_boundary_mask_entries_codim_d[&lt;lambda&gt;26]" time="0.0004417896270751953"><skipped message="Suite splitting in effect" type="pytest.skip">src/pymortests/grid.py:384: Suite splitting in effect</skipped></testcase><testcase classname="src.pymortests.grid" file="src/pymortests/grid.py" line="384" name="test_boundary_mask_entries_codim_d[&lt;lambda&gt;27]" time="0.0004379749298095703"><skipped message="Suite splitting in effect" type="pytest.skip">src/pymortests/grid.py:384: Suite splitting in effect</skipped></testcase><testcase classname="src.pymortests.grid" file="src/pymortests/grid.py" line="384" name="test_boundary_mask_entries_codim_d[&lt;lambda&gt;28]" time="0.0007295608520507812"><skipped message="Suite splitting in effect" type="pytest.skip">src/pymortests/grid.py:384: Suite splitting in effect</skipped></testcase><testcase classname="src.pymortests.grid" file="src/pymortests/grid.py" line="384" name="test_boundary_mask_entries_codim_d[&lt;lambda&gt;29]" time="0.0004341602325439453"><skipped message="Suite splitting in effect" type="pytest.skip">src/pymortests/grid.py:384: Suite splitting in effect</skipped></testcase><testcase classname="src.pymortests.grid" file="src/pymortests/grid.py" line="384" name="test_boundary_mask_entries_codim_d[&lt;lambda&gt;30]" time="0.00039839744567871094"><skipped message="Suite splitting in effect" type="pytest.skip">src/pymortests/grid.py:384: Suite splitting in effect</skipped></testcase><testcase classname="src.pymortests.grid" file="src/pymortests/grid.py" line="384" name="test_boundary_mask_entries_codim_d[&lt;lambda&gt;31]" time="0.0004487037658691406"><skipped message="Suite splitting in effect" type="pytest.skip">src/pymortests/grid.py:384: Suite splitting in effect</skipped></testcase><testcase classname="src.pymortests.grid" file="src/pymortests/grid.py" line="384" name="test_boundary_mask_entries_codim_d[&lt;lambda&gt;32]" time="0.00039577484130859375"><skipped message="Suite splitting in effect" type="pytest.skip">src/pymortests/grid.py:384: Suite splitting in effect</skipped></testcase><testcase classname="src.pymortests.grid" file="src/pymortests/grid.py" line="384" name="test_boundary_mask_entries_codim_d[&lt;lambda&gt;33]" time="0.0004241466522216797"><skipped message="Suite splitting in effect" type="pytest.skip">src/pymortests/grid.py:384: Suite splitting in effect</skipped></testcase><testcase classname="src.pymortests.grid" file="src/pymortests/grid.py" line="384" name="test_boundary_mask_entries_codim_d[&lt;lambda&gt;34]" time="0.0004057884216308594"><skipped message="Suite splitting in effect" type="pytest.skip">src/pymortests/grid.py:384: Suite splitting in effect</skipped></testcase><testcase classname="src.pymortests.grid" file="src/pymortests/grid.py" line="384" name="test_boundary_mask_entries_codim_d[&lt;lambda&gt;35]" time="0.00042748451232910156"><skipped message="Suite splitting in effect" type="pytest.skip">src/pymortests/grid.py:384: Suite splitting in effect</skipped></testcase><testcase classname="src.pymortests.grid" file="src/pymortests/grid.py" line="384" name="test_boundary_mask_entries_codim_d[&lt;lambda&gt;36]" time="0.0003998279571533203"><skipped message="Suite splitting in effect" type="pytest.skip">src/pymortests/grid.py:384: Suite splitting in effect</skipped></testcase><testcase classname="src.pymortests.grid" file="src/pymortests/grid.py" line="384" name="test_boundary_mask_entries_codim_d[&lt;lambda&gt;37]" time="0.00039315223693847656"><skipped message="Suite splitting in effect" type="pytest.skip">src/pymortests/grid.py:384: Suite splitting in effect</skipped></testcase><testcase classname="src.pymortests.grid" file="src/pymortests/grid.py" line="384" name="test_boundary_mask_entries_codim_d[&lt;lambda&gt;38]" time="0.0005130767822265625"><skipped message="Suite splitting in effect" type="pytest.skip">src/pymortests/grid.py:384: Suite splitting in effect</skipped></testcase><testcase classname="src.pymortests.grid" file="src/pymortests/grid.py" line="384" name="test_boundary_mask_entries_codim_d[&lt;lambda&gt;39]" time="0.0004699230194091797"><skipped message="Suite splitting in effect" type="pytest.skip">src/pymortests/grid.py:384: Suite splitting in effect</skipped></testcase><testcase classname="src.pymortests.grid" file="src/pymortests/grid.py" line="384" name="test_boundary_mask_entries_codim_d[&lt;lambda&gt;40]" time="0.0004115104675292969"><skipped message="Suite splitting in effect" type="pytest.skip">src/pymortests/grid.py:384: Suite splitting in effect</skipped></testcase><testcase classname="src.pymortests.grid" file="src/pymortests/grid.py" line="384" name="test_boundary_mask_entries_codim_d[&lt;lambda&gt;41]" time="0.00042128562927246094"><skipped message="Suite splitting in effect" type="pytest.skip">src/pymortests/grid.py:384: Suite splitting in effect</skipped></testcase><testcase classname="src.pymortests.grid" file="src/pymortests/grid.py" line="384" name="test_boundary_mask_entries_codim_d[&lt;lambda&gt;42]" time="0.00045037269592285156"><skipped message="Suite splitting in effect" type="pytest.skip">src/pymortests/grid.py:384: Suite splitting in effect</skipped></testcase><testcase classname="src.pymortests.grid" file="src/pymortests/grid.py" line="395" name="test_boundaries_wrong_arguments[&lt;lambda&gt;0]" time="0.0004458427429199219"><skipped message="Suite splitting in effect" type="pytest.skip">src/pymortests/grid.py:395: Suite splitting in effect</skipped></testcase><testcase classname="src.pymortests.grid" file="src/pymortests/grid.py" line="395" name="test_boundaries_wrong_arguments[&lt;lambda&gt;1]" time="0.00048422813415527344"><skipped message="Suite splitting in effect" type="pytest.skip">src/pymortests/grid.py:395: Suite splitting in effect</skipped></testcase><testcase classname="src.pymortests.grid" file="src/pymortests/grid.py" line="395" name="test_boundaries_wrong_arguments[&lt;lambda&gt;2]" time="0.00042700767517089844"><skipped message="Suite splitting in effect" type="pytest.skip">src/pymortests/grid.py:395: Suite splitting in effect</skipped></testcase><testcase classname="src.pymortests.grid" file="src/pymortests/grid.py" line="395" name="test_boundaries_wrong_arguments[&lt;lambda&gt;3]" time="0.00039768218994140625"><skipped message="Suite splitting in effect" type="pytest.skip">src/pymortests/grid.py:395: Suite splitting in effect</skipped></testcase><testcase classname="src.pymortests.grid" file="src/pymortests/grid.py" line="395" name="test_boundaries_wrong_arguments[&lt;lambda&gt;4]" time="0.0004367828369140625"><skipped message="Suite splitting in effect" type="pytest.skip">src/pymortests/grid.py:395: Suite splitting in effect</skipped></testcase><testcase classname="src.pymortests.grid" file="src/pymortests/grid.py" line="395" name="test_boundaries_wrong_arguments[&lt;lambda&gt;5]" time="0.0004181861877441406"><skipped message="Suite splitting in effect" type="pytest.skip">src/pymortests/grid.py:395: Suite splitting in effect</skipped></testcase><testcase classname="src.pymortests.grid" file="src/pymortests/grid.py" line="395" name="test_boundaries_wrong_arguments[&lt;lambda&gt;6]" time="0.00047206878662109375"><skipped message="Suite splitting in effect" type="pytest.skip">src/pymortests/grid.py:395: Suite splitting in effect</skipped></testcase><testcase classname="src.pymortests.grid" file="src/pymortests/grid.py" line="395" name="test_boundaries_wrong_arguments[&lt;lambda&gt;7]" time="0.0003986358642578125"><skipped message="Suite splitting in effect" type="pytest.skip">src/pymortests/grid.py:395: Suite splitting in effect</skipped></testcase><testcase classname="src.pymortests.grid" file="src/pymortests/grid.py" line="395" name="test_boundaries_wrong_arguments[&lt;lambda&gt;8]" time="0.0004794597625732422"><skipped message="Suite splitting in effect" type="pytest.skip">src/pymortests/grid.py:395: Suite splitting in effect</skipped></testcase><testcase classname="src.pymortests.grid" file="src/pymortests/grid.py" line="395" name="test_boundaries_wrong_arguments[&lt;lambda&gt;9]" time="0.00039458274841308594"><skipped message="Suite splitting in effect" type="pytest.skip">src/pymortests/grid.py:395: Suite splitting in effect</skipped></testcase><testcase classname="src.pymortests.grid" file="src/pymortests/grid.py" line="395" name="test_boundaries_wrong_arguments[&lt;lambda&gt;10]" time="0.0004203319549560547"><skipped message="Suite splitting in effect" type="pytest.skip">src/pymortests/grid.py:395: Suite splitting in effect</skipped></testcase><testcase classname="src.pymortests.grid" file="src/pymortests/grid.py" line="395" name="test_boundaries_wrong_arguments[&lt;lambda&gt;11]" time="0.00040602684020996094"><skipped message="Suite splitting in effect" type="pytest.skip">src/pymortests/grid.py:395: Suite splitting in effect</skipped></testcase><testcase classname="src.pymortests.grid" file="src/pymortests/grid.py" line="395" name="test_boundaries_wrong_arguments[&lt;lambda&gt;12]" time="0.0004343986511230469"><skipped message="Suite splitting in effect" type="pytest.skip">src/pymortests/grid.py:395: Suite splitting in effect</skipped></testcase><testcase classname="src.pymortests.grid" file="src/pymortests/grid.py" line="395" name="test_boundaries_wrong_arguments[&lt;lambda&gt;13]" time="0.00042700767517089844"><skipped message="Suite splitting in effect" type="pytest.skip">src/pymortests/grid.py:395: Suite splitting in effect</skipped></testcase><testcase classname="src.pymortests.grid" file="src/pymortests/grid.py" line="395" name="test_boundaries_wrong_arguments[&lt;lambda&gt;14]" time="0.00041484832763671875"><skipped message="Suite splitting in effect" type="pytest.skip">src/pymortests/grid.py:395: Suite splitting in effect</skipped></testcase><testcase classname="src.pymortests.grid" file="src/pymortests/grid.py" line="395" name="test_boundaries_wrong_arguments[&lt;lambda&gt;15]" time="0.0004515647888183594"><skipped message="Suite splitting in effect" type="pytest.skip">src/pymortests/grid.py:395: Suite splitting in effect</skipped></testcase><testcase classname="src.pymortests.grid" file="src/pymortests/grid.py" line="395" name="test_boundaries_wrong_arguments[&lt;lambda&gt;16]" time="0.00043201446533203125"><skipped message="Suite splitting in effect" type="pytest.skip">src/pymortests/grid.py:395: Suite splitting in effect</skipped></testcase><testcase classname="src.pymortests.grid" file="src/pymortests/grid.py" line="395" name="test_boundaries_wrong_arguments[&lt;lambda&gt;17]" time="0.0003952980041503906"><skipped message="Suite splitting in effect" type="pytest.skip">src/pymortests/grid.py:395: Suite splitting in effect</skipped></testcase><testcase classname="src.pymortests.grid" file="src/pymortests/grid.py" line="395" name="test_boundaries_wrong_arguments[&lt;lambda&gt;18]" time="0.0004668235778808594"><skipped message="Suite splitting in effect" type="pytest.skip">src/pymortests/grid.py:395: Suite splitting in effect</skipped></testcase><testcase classname="src.pymortests.grid" file="src/pymortests/grid.py" line="395" name="test_boundaries_wrong_arguments[&lt;lambda&gt;19]" time="0.0004093647003173828"><skipped message="Suite splitting in effect" type="pytest.skip">src/pymortests/grid.py:395: Suite splitting in effect</skipped></testcase><testcase classname="src.pymortests.grid" file="src/pymortests/grid.py" line="395" name="test_boundaries_wrong_arguments[&lt;lambda&gt;20]" time="0.0004222393035888672"><skipped message="Suite splitting in effect" type="pytest.skip">src/pymortests/grid.py:395: Suite splitting in effect</skipped></testcase><testcase classname="src.pymortests.grid" file="src/pymortests/grid.py" line="395" name="test_boundaries_wrong_arguments[&lt;lambda&gt;21]" time="0.0003991127014160156"><skipped message="Suite splitting in effect" type="pytest.skip">src/pymortests/grid.py:395: Suite splitting in effect</skipped></testcase><testcase classname="src.pymortests.grid" file="src/pymortests/grid.py" line="395" name="test_boundaries_wrong_arguments[&lt;lambda&gt;22]" time="0.0004277229309082031"><skipped message="Suite splitting in effect" type="pytest.skip">src/pymortests/grid.py:395: Suite splitting in effect</skipped></testcase><testcase classname="src.pymortests.grid" file="src/pymortests/grid.py" line="395" name="test_boundaries_wrong_arguments[&lt;lambda&gt;23]" time="0.00039458274841308594"><skipped message="Suite splitting in effect" type="pytest.skip">src/pymortests/grid.py:395: Suite splitting in effect</skipped></testcase><testcase classname="src.pymortests.grid" file="src/pymortests/grid.py" line="395" name="test_boundaries_wrong_arguments[&lt;lambda&gt;24]" time="0.0004215240478515625"><skipped message="Suite splitting in effect" type="pytest.skip">src/pymortests/grid.py:395: Suite splitting in effect</skipped></testcase><testcase classname="src.pymortests.grid" file="src/pymortests/grid.py" line="395" name="test_boundaries_wrong_arguments[&lt;lambda&gt;25]" time="0.0003974437713623047"><skipped message="Suite splitting in effect" type="pytest.skip">src/pymortests/grid.py:395: Suite splitting in effect</skipped></testcase><testcase classname="src.pymortests.grid" file="src/pymortests/grid.py" line="395" name="test_boundaries_wrong_arguments[&lt;lambda&gt;26]" time="0.00038933753967285156"><skipped message="Suite splitting in effect" type="pytest.skip">src/pymortests/grid.py:395: Suite splitting in effect</skipped></testcase><testcase classname="src.pymortests.grid" file="src/pymortests/grid.py" line="395" name="test_boundaries_wrong_arguments[&lt;lambda&gt;27]" time="0.00039696693420410156"><skipped message="Suite splitting in effect" type="pytest.skip">src/pymortests/grid.py:395: Suite splitting in effect</skipped></testcase><testcase classname="src.pymortests.grid" file="src/pymortests/grid.py" line="395" name="test_boundaries_wrong_arguments[&lt;lambda&gt;28]" time="0.0003936290740966797"><skipped message="Suite splitting in effect" type="pytest.skip">src/pymortests/grid.py:395: Suite splitting in effect</skipped></testcase><testcase classname="src.pymortests.grid" file="src/pymortests/grid.py" line="395" name="test_boundaries_wrong_arguments[&lt;lambda&gt;29]" time="0.00054931640625"><skipped message="Suite splitting in effect" type="pytest.skip">src/pymortests/grid.py:395: Suite splitting in effect</skipped></testcase><testcase classname="src.pymortests.grid" file="src/pymortests/grid.py" line="395" name="test_boundaries_wrong_arguments[&lt;lambda&gt;30]" time="0.00042629241943359375"><skipped message="Suite splitting in effect" type="pytest.skip">src/pymortests/grid.py:395: Suite splitting in effect</skipped></testcase><testcase classname="src.pymortests.grid" file="src/pymortests/grid.py" line="395" name="test_boundaries_wrong_arguments[&lt;lambda&gt;31]" time="0.0004658699035644531"><skipped message="Suite splitting in effect" type="pytest.skip">src/pymortests/grid.py:395: Suite splitting in effect</skipped></testcase><testcase classname="src.pymortests.grid" file="src/pymortests/grid.py" line="395" name="test_boundaries_wrong_arguments[&lt;lambda&gt;32]" time="0.0004916191101074219"><skipped message="Suite splitting in effect" type="pytest.skip">src/pymortests/grid.py:395: Suite splitting in effect</skipped></testcase><testcase classname="src.pymortests.grid" file="src/pymortests/grid.py" line="395" name="test_boundaries_wrong_arguments[&lt;lambda&gt;33]" time="0.0004291534423828125"><skipped message="Suite splitting in effect" type="pytest.skip">src/pymortests/grid.py:395: Suite splitting in effect</skipped></testcase><testcase classname="src.pymortests.grid" file="src/pymortests/grid.py" line="395" name="test_boundaries_wrong_arguments[&lt;lambda&gt;34]" time="0.00041556358337402344"><skipped message="Suite splitting in effect" type="pytest.skip">src/pymortests/grid.py:395: Suite splitting in effect</skipped></testcase><testcase classname="src.pymortests.grid" file="src/pymortests/grid.py" line="395" name="test_boundaries_wrong_arguments[&lt;lambda&gt;35]" time="0.0004317760467529297"><skipped message="Suite splitting in effect" type="pytest.skip">src/pymortests/grid.py:395: Suite splitting in effect</skipped></testcase><testcase classname="src.pymortests.grid" file="src/pymortests/grid.py" line="395" name="test_boundaries_wrong_arguments[&lt;lambda&gt;36]" time="0.00040721893310546875"><skipped message="Suite splitting in effect" type="pytest.skip">src/pymortests/grid.py:395: Suite splitting in effect</skipped></testcase><testcase classname="src.pymortests.grid" file="src/pymortests/grid.py" line="395" name="test_boundaries_wrong_arguments[&lt;lambda&gt;37]" time="0.0004165172576904297"><skipped message="Suite splitting in effect" type="pytest.skip">src/pymortests/grid.py:395: Suite splitting in effect</skipped></testcase><testcase classname="src.pymortests.grid" file="src/pymortests/grid.py" line="395" name="test_boundaries_wrong_arguments[&lt;lambda&gt;38]" time="0.00039958953857421875"><skipped message="Suite splitting in effect" type="pytest.skip">src/pymortests/grid.py:395: Suite splitting in effect</skipped></testcase><testcase classname="src.pymortests.grid" file="src/pymortests/grid.py" line="395" name="test_boundaries_wrong_arguments[&lt;lambda&gt;39]" time="0.00039839744567871094"><skipped message="Suite splitting in effect" type="pytest.skip">src/pymortests/grid.py:395: Suite splitting in effect</skipped></testcase><testcase classname="src.pymortests.grid" file="src/pymortests/grid.py" line="395" name="test_boundaries_wrong_arguments[&lt;lambda&gt;40]" time="0.0003974437713623047"><skipped message="Suite splitting in effect" type="pytest.skip">src/pymortests/grid.py:395: Suite splitting in effect</skipped></testcase><testcase classname="src.pymortests.grid" file="src/pymortests/grid.py" line="395" name="test_boundaries_wrong_arguments[&lt;lambda&gt;41]" time="0.00043582916259765625"><skipped message="Suite splitting in effect" type="pytest.skip">src/pymortests/grid.py:395: Suite splitting in effect</skipped></testcase><testcase classname="src.pymortests.grid" file="src/pymortests/grid.py" line="395" name="test_boundaries_wrong_arguments[&lt;lambda&gt;42]" time="0.0003917217254638672"><skipped message="Suite splitting in effect" type="pytest.skip">src/pymortests/grid.py:395: Suite splitting in effect</skipped></testcase><testcase classname="src.pymortests.grid" file="src/pymortests/grid.py" line="403" name="test_boundaries_shape[&lt;lambda&gt;0]" time="0.0004191398620605469"><skipped message="Suite splitting in effect" type="pytest.skip">src/pymortests/grid.py:403: Suite splitting in effect</skipped></testcase><testcase classname="src.pymortests.grid" file="src/pymortests/grid.py" line="403" name="test_boundaries_shape[&lt;lambda&gt;1]" time="0.0003974437713623047"><skipped message="Suite splitting in effect" type="pytest.skip">src/pymortests/grid.py:403: Suite splitting in effect</skipped></testcase><testcase classname="src.pymortests.grid" file="src/pymortests/grid.py" line="403" name="test_boundaries_shape[&lt;lambda&gt;2]" time="0.0004303455352783203"><skipped message="Suite splitting in effect" type="pytest.skip">src/pymortests/grid.py:403: Suite splitting in effect</skipped></testcase><testcase classname="src.pymortests.grid" file="src/pymortests/grid.py" line="403" name="test_boundaries_shape[&lt;lambda&gt;3]" time="0.0003933906555175781"><skipped message="Suite splitting in effect" type="pytest.skip">src/pymortests/grid.py:403: Suite splitting in effect</skipped></testcase><testcase classname="src.pymortests.grid" file="src/pymortests/grid.py" line="403" name="test_boundaries_shape[&lt;lambda&gt;4]" time="0.000423431396484375"><skipped message="Suite splitting in effect" type="pytest.skip">src/pymortests/grid.py:403: Suite splitting in effect</skipped></testcase><testcase classname="src.pymortests.grid" file="src/pymortests/grid.py" line="403" name="test_boundaries_shape[&lt;lambda&gt;5]" time="0.0003948211669921875"><skipped message="Suite splitting in effect" type="pytest.skip">src/pymortests/grid.py:403: Suite splitting in effect</skipped></testcase><testcase classname="src.pymortests.grid" file="src/pymortests/grid.py" line="403" name="test_boundaries_shape[&lt;lambda&gt;6]" time="0.000392913818359375"><skipped message="Suite splitting in effect" type="pytest.skip">src/pymortests/grid.py:403: Suite splitting in effect</skipped></testcase><testcase classname="src.pymortests.grid" file="src/pymortests/grid.py" line="403" name="test_boundaries_shape[&lt;lambda&gt;7]" time="0.0004124641418457031"><skipped message="Suite splitting in effect" type="pytest.skip">src/pymortests/grid.py:403: Suite splitting in effect</skipped></testcase><testcase classname="src.pymortests.grid" file="src/pymortests/grid.py" line="403" name="test_boundaries_shape[&lt;lambda&gt;8]" time="0.000392913818359375"><skipped message="Suite splitting in effect" type="pytest.skip">src/pymortests/grid.py:403: Suite splitting in effect</skipped></testcase><testcase classname="src.pymortests.grid" file="src/pymortests/grid.py" line="403" name="test_boundaries_shape[&lt;lambda&gt;9]" time="0.00047588348388671875"><skipped message="Suite splitting in effect" type="pytest.skip">src/pymortests/grid.py:403: Suite splitting in effect</skipped></testcase><testcase classname="src.pymortests.grid" file="src/pymortests/grid.py" line="403" name="test_boundaries_shape[&lt;lambda&gt;10]" time="0.00041103363037109375"><skipped message="Suite splitting in effect" type="pytest.skip">src/pymortests/grid.py:403: Suite splitting in effect</skipped></testcase><testcase classname="src.pymortests.grid" file="src/pymortests/grid.py" line="403" name="test_boundaries_shape[&lt;lambda&gt;11]" time="0.0004143714904785156"><skipped message="Suite splitting in effect" type="pytest.skip">src/pymortests/grid.py:403: Suite splitting in effect</skipped></testcase><testcase classname="src.pymortests.grid" file="src/pymortests/grid.py" line="403" name="test_boundaries_shape[&lt;lambda&gt;12]" time="0.000400543212890625"><skipped message="Suite splitting in effect" type="pytest.skip">src/pymortests/grid.py:403: Suite splitting in effect</skipped></testcase><testcase classname="src.pymortests.grid" file="src/pymortests/grid.py" line="403" name="test_boundaries_shape[&lt;lambda&gt;13]" time="0.0004718303680419922"><skipped message="Suite splitting in effect" type="pytest.skip">src/pymortests/grid.py:403: Suite splitting in effect</skipped></testcase><testcase classname="src.pymortests.grid" file="src/pymortests/grid.py" line="403" name="test_boundaries_shape[&lt;lambda&gt;14]" time="0.0004534721374511719"><skipped message="Suite splitting in effect" type="pytest.skip">src/pymortests/grid.py:403: Suite splitting in effect</skipped></testcase><testcase classname="src.pymortests.grid" file="src/pymortests/grid.py" line="403" name="test_boundaries_shape[&lt;lambda&gt;15]" time="0.0003917217254638672"><skipped message="Suite splitting in effect" type="pytest.skip">src/pymortests/grid.py:403: Suite splitting in effect</skipped></testcase><testcase classname="src.pymortests.grid" file="src/pymortests/grid.py" line="403" name="test_boundaries_shape[&lt;lambda&gt;16]" time="0.0004184246063232422"><skipped message="Suite splitting in effect" type="pytest.skip">src/pymortests/grid.py:403: Suite splitting in effect</skipped></testcase><testcase classname="src.pymortests.grid" file="src/pymortests/grid.py" line="403" name="test_boundaries_shape[&lt;lambda&gt;17]" time="0.0004112720489501953"><skipped message="Suite splitting in effect" type="pytest.skip">src/pymortests/grid.py:403: Suite splitting in effect</skipped></testcase><testcase classname="src.pymortests.grid" file="src/pymortests/grid.py" line="403" name="test_boundaries_shape[&lt;lambda&gt;18]" time="0.00042700767517089844"><skipped message="Suite splitting in effect" type="pytest.skip">src/pymortests/grid.py:403: Suite splitting in effect</skipped></testcase><testcase classname="src.pymortests.grid" file="src/pymortests/grid.py" line="403" name="test_boundaries_shape[&lt;lambda&gt;19]" time="0.00039958953857421875"><skipped message="Suite splitting in effect" type="pytest.skip">src/pymortests/grid.py:403: Suite splitting in effect</skipped></testcase><testcase classname="src.pymortests.grid" file="src/pymortests/grid.py" line="403" name="test_boundaries_shape[&lt;lambda&gt;20]" time="0.0004215240478515625"><skipped message="Suite splitting in effect" type="pytest.skip">src/pymortests/grid.py:403: Suite splitting in effect</skipped></testcase><testcase classname="src.pymortests.grid" file="src/pymortests/grid.py" line="403" name="test_boundaries_shape[&lt;lambda&gt;21]" time="0.00040030479431152344"><skipped message="Suite splitting in effect" type="pytest.skip">src/pymortests/grid.py:403: Suite splitting in effect</skipped></testcase><testcase classname="src.pymortests.grid" file="src/pymortests/grid.py" line="403" name="test_boundaries_shape[&lt;lambda&gt;22]" time="0.0004410743713378906"><skipped message="Suite splitting in effect" type="pytest.skip">src/pymortests/grid.py:403: Suite splitting in effect</skipped></testcase><testcase classname="src.pymortests.grid" file="src/pymortests/grid.py" line="403" name="test_boundaries_shape[&lt;lambda&gt;23]" time="0.0004227161407470703"><skipped message="Suite splitting in effect" type="pytest.skip">src/pymortests/grid.py:403: Suite splitting in effect</skipped></testcase><testcase classname="src.pymortests.grid" file="src/pymortests/grid.py" line="403" name="test_boundaries_shape[&lt;lambda&gt;24]" time="0.00044345855712890625"><skipped message="Suite splitting in effect" type="pytest.skip">src/pymortests/grid.py:403: Suite splitting in effect</skipped></testcase><testcase classname="src.pymortests.grid" file="src/pymortests/grid.py" line="403" name="test_boundaries_shape[&lt;lambda&gt;25]" time="0.0004334449768066406"><skipped message="Suite splitting in effect" type="pytest.skip">src/pymortests/grid.py:403: Suite splitting in effect</skipped></testcase><testcase classname="src.pymortests.grid" file="src/pymortests/grid.py" line="403" name="test_boundaries_shape[&lt;lambda&gt;26]" time="0.0004277229309082031"><skipped message="Suite splitting in effect" type="pytest.skip">src/pymortests/grid.py:403: Suite splitting in effect</skipped></testcase><testcase classname="src.pymortests.grid" file="src/pymortests/grid.py" line="403" name="test_boundaries_shape[&lt;lambda&gt;27]" time="0.00046133995056152344"><skipped message="Suite splitting in effect" type="pytest.skip">src/pymortests/grid.py:403: Suite splitting in effect</skipped></testcase><testcase classname="src.pymortests.grid" file="src/pymortests/grid.py" line="403" name="test_boundaries_shape[&lt;lambda&gt;28]" time="0.0004260540008544922"><skipped message="Suite splitting in effect" type="pytest.skip">src/pymortests/grid.py:403: Suite splitting in effect</skipped></testcase><testcase classname="src.pymortests.grid" file="src/pymortests/grid.py" line="403" name="test_boundaries_shape[&lt;lambda&gt;29]" time="0.00042939186096191406"><skipped message="Suite splitting in effect" type="pytest.skip">src/pymortests/grid.py:403: Suite splitting in effect</skipped></testcase><testcase classname="src.pymortests.grid" file="src/pymortests/grid.py" line="403" name="test_boundaries_shape[&lt;lambda&gt;30]" time="0.00040435791015625"><skipped message="Suite splitting in effect" type="pytest.skip">src/pymortests/grid.py:403: Suite splitting in effect</skipped></testcase><testcase classname="src.pymortests.grid" file="src/pymortests/grid.py" line="403" name="test_boundaries_shape[&lt;lambda&gt;31]" time="0.0004191398620605469"><skipped message="Suite splitting in effect" type="pytest.skip">src/pymortests/grid.py:403: Suite splitting in effect</skipped></testcase><testcase classname="src.pymortests.grid" file="src/pymortests/grid.py" line="403" name="test_boundaries_shape[&lt;lambda&gt;32]" time="0.00039076805114746094"><skipped message="Suite splitting in effect" type="pytest.skip">src/pymortests/grid.py:403: Suite splitting in effect</skipped></testcase><testcase classname="src.pymortests.grid" file="src/pymortests/grid.py" line="403" name="test_boundaries_shape[&lt;lambda&gt;33]" time="0.0003910064697265625"><skipped message="Suite splitting in effect" type="pytest.skip">src/pymortests/grid.py:403: Suite splitting in effect</skipped></testcase><testcase classname="src.pymortests.grid" file="src/pymortests/grid.py" line="403" name="test_boundaries_shape[&lt;lambda&gt;34]" time="0.0004019737243652344"><skipped message="Suite splitting in effect" type="pytest.skip">src/pymortests/grid.py:403: Suite splitting in effect</skipped></testcase><testcase classname="src.pymortests.grid" file="src/pymortests/grid.py" line="403" name="test_boundaries_shape[&lt;lambda&gt;35]" time="0.00040221214294433594"><skipped message="Suite splitting in effect" type="pytest.skip">src/pymortests/grid.py:403: Suite splitting in effect</skipped></testcase><testcase classname="src.pymortests.grid" file="src/pymortests/grid.py" line="403" name="test_boundaries_shape[&lt;lambda&gt;36]" time="0.0004038810729980469"><skipped message="Suite splitting in effect" type="pytest.skip">src/pymortests/grid.py:403: Suite splitting in effect</skipped></testcase><testcase classname="src.pymortests.grid" file="src/pymortests/grid.py" line="403" name="test_boundaries_shape[&lt;lambda&gt;37]" time="0.0006725788116455078"><skipped message="Suite splitting in effect" type="pytest.skip">src/pymortests/grid.py:403: Suite splitting in effect</skipped></testcase><testcase classname="src.pymortests.grid" file="src/pymortests/grid.py" line="403" name="test_boundaries_shape[&lt;lambda&gt;38]" time="0.0005390644073486328"><skipped message="Suite splitting in effect" type="pytest.skip">src/pymortests/grid.py:403: Suite splitting in effect</skipped></testcase><testcase classname="src.pymortests.grid" file="src/pymortests/grid.py" line="403" name="test_boundaries_shape[&lt;lambda&gt;39]" time="0.00039696693420410156"><skipped message="Suite splitting in effect" type="pytest.skip">src/pymortests/grid.py:403: Suite splitting in effect</skipped></testcase><testcase classname="src.pymortests.grid" file="src/pymortests/grid.py" line="403" name="test_boundaries_shape[&lt;lambda&gt;40]" time="0.000453948974609375"><skipped message="Suite splitting in effect" type="pytest.skip">src/pymortests/grid.py:403: Suite splitting in effect</skipped></testcase><testcase classname="src.pymortests.grid" file="src/pymortests/grid.py" line="403" name="test_boundaries_shape[&lt;lambda&gt;41]" time="0.0004019737243652344"><skipped message="Suite splitting in effect" type="pytest.skip">src/pymortests/grid.py:403: Suite splitting in effect</skipped></testcase><testcase classname="src.pymortests.grid" file="src/pymortests/grid.py" line="403" name="test_boundaries_shape[&lt;lambda&gt;42]" time="0.0005385875701904297"><skipped message="Suite splitting in effect" type="pytest.skip">src/pymortests/grid.py:403: Suite splitting in effect</skipped></testcase><testcase classname="src.pymortests.grid" file="src/pymortests/grid.py" line="409" name="test_boundaries_dtype[&lt;lambda&gt;0]" time="0.0005474090576171875"><skipped message="Suite splitting in effect" type="pytest.skip">src/pymortests/grid.py:409: Suite splitting in effect</skipped></testcase><testcase classname="src.pymortests.grid" file="src/pymortests/grid.py" line="409" name="test_boundaries_dtype[&lt;lambda&gt;1]" time="0.000396728515625"><skipped message="Suite splitting in effect" type="pytest.skip">src/pymortests/grid.py:409: Suite splitting in effect</skipped></testcase><testcase classname="src.pymortests.grid" file="src/pymortests/grid.py" line="409" name="test_boundaries_dtype[&lt;lambda&gt;2]" time="0.0003924369812011719"><skipped message="Suite splitting in effect" type="pytest.skip">src/pymortests/grid.py:409: Suite splitting in effect</skipped></testcase><testcase classname="src.pymortests.grid" file="src/pymortests/grid.py" line="409" name="test_boundaries_dtype[&lt;lambda&gt;3]" time="0.00039315223693847656"><skipped message="Suite splitting in effect" type="pytest.skip">src/pymortests/grid.py:409: Suite splitting in effect</skipped></testcase><testcase classname="src.pymortests.grid" file="src/pymortests/grid.py" line="409" name="test_boundaries_dtype[&lt;lambda&gt;4]" time="0.00039696693420410156"><skipped message="Suite splitting in effect" type="pytest.skip">src/pymortests/grid.py:409: Suite splitting in effect</skipped></testcase><testcase classname="src.pymortests.grid" file="src/pymortests/grid.py" line="409" name="test_boundaries_dtype[&lt;lambda&gt;5]" time="0.0003974437713623047"><skipped message="Suite splitting in effect" type="pytest.skip">src/pymortests/grid.py:409: Suite splitting in effect</skipped></testcase><testcase classname="src.pymortests.grid" file="src/pymortests/grid.py" line="409" name="test_boundaries_dtype[&lt;lambda&gt;6]" time="0.0003962516784667969"><skipped message="Suite splitting in effect" type="pytest.skip">src/pymortests/grid.py:409: Suite splitting in effect</skipped></testcase><testcase classname="src.pymortests.grid" file="src/pymortests/grid.py" line="409" name="test_boundaries_dtype[&lt;lambda&gt;7]" time="0.00044155120849609375"><skipped message="Suite splitting in effect" type="pytest.skip">src/pymortests/grid.py:409: Suite splitting in effect</skipped></testcase><testcase classname="src.pymortests.grid" file="src/pymortests/grid.py" line="409" name="test_boundaries_dtype[&lt;lambda&gt;8]" time="0.00043964385986328125"><skipped message="Suite splitting in effect" type="pytest.skip">src/pymortests/grid.py:409: Suite splitting in effect</skipped></testcase><testcase classname="src.pymortests.grid" file="src/pymortests/grid.py" line="409" name="test_boundaries_dtype[&lt;lambda&gt;9]" time="0.00048065185546875"><skipped message="Suite splitting in effect" type="pytest.skip">src/pymortests/grid.py:409: Suite splitting in effect</skipped></testcase><testcase classname="src.pymortests.grid" file="src/pymortests/grid.py" line="409" name="test_boundaries_dtype[&lt;lambda&gt;10]" time="0.0003898143768310547"><skipped message="Suite splitting in effect" type="pytest.skip">src/pymortests/grid.py:409: Suite splitting in effect</skipped></testcase><testcase classname="src.pymortests.grid" file="src/pymortests/grid.py" line="409" name="test_boundaries_dtype[&lt;lambda&gt;11]" time="0.00042510032653808594"><skipped message="Suite splitting in effect" type="pytest.skip">src/pymortests/grid.py:409: Suite splitting in effect</skipped></testcase><testcase classname="src.pymortests.grid" file="src/pymortests/grid.py" line="409" name="test_boundaries_dtype[&lt;lambda&gt;12]" time="0.0004076957702636719"><skipped message="Suite splitting in effect" type="pytest.skip">src/pymortests/grid.py:409: Suite splitting in effect</skipped></testcase><testcase classname="src.pymortests.grid" file="src/pymortests/grid.py" line="409" name="test_boundaries_dtype[&lt;lambda&gt;13]" time="0.00040149688720703125"><skipped message="Suite splitting in effect" type="pytest.skip">src/pymortests/grid.py:409: Suite splitting in effect</skipped></testcase><testcase classname="src.pymortests.grid" file="src/pymortests/grid.py" line="409" name="test_boundaries_dtype[&lt;lambda&gt;14]" time="0.0004305839538574219"><skipped message="Suite splitting in effect" type="pytest.skip">src/pymortests/grid.py:409: Suite splitting in effect</skipped></testcase><testcase classname="src.pymortests.grid" file="src/pymortests/grid.py" line="409" name="test_boundaries_dtype[&lt;lambda&gt;15]" time="0.0004246234893798828"><skipped message="Suite splitting in effect" type="pytest.skip">src/pymortests/grid.py:409: Suite splitting in effect</skipped></testcase><testcase classname="src.pymortests.grid" file="src/pymortests/grid.py" line="409" name="test_boundaries_dtype[&lt;lambda&gt;16]" time="0.0004322528839111328"><skipped message="Suite splitting in effect" type="pytest.skip">src/pymortests/grid.py:409: Suite splitting in effect</skipped></testcase><testcase classname="src.pymortests.grid" file="src/pymortests/grid.py" line="409" name="test_boundaries_dtype[&lt;lambda&gt;17]" time="0.00042319297790527344"><skipped message="Suite splitting in effect" type="pytest.skip">src/pymortests/grid.py:409: Suite splitting in effect</skipped></testcase><testcase classname="src.pymortests.grid" file="src/pymortests/grid.py" line="409" name="test_boundaries_dtype[&lt;lambda&gt;18]" time="0.0004878044128417969"><skipped message="Suite splitting in effect" type="pytest.skip">src/pymortests/grid.py:409: Suite splitting in effect</skipped></testcase><testcase classname="src.pymortests.grid" file="src/pymortests/grid.py" line="409" name="test_boundaries_dtype[&lt;lambda&gt;19]" time="0.00038933753967285156"><skipped message="Suite splitting in effect" type="pytest.skip">src/pymortests/grid.py:409: Suite splitting in effect</skipped></testcase><testcase classname="src.pymortests.grid" file="src/pymortests/grid.py" line="409" name="test_boundaries_dtype[&lt;lambda&gt;20]" time="0.00041985511779785156"><skipped message="Suite splitting in effect" type="pytest.skip">src/pymortests/grid.py:409: Suite splitting in effect</skipped></testcase><testcase classname="src.pymortests.grid" file="src/pymortests/grid.py" line="409" name="test_boundaries_dtype[&lt;lambda&gt;21]" time="0.00039577484130859375"><skipped message="Suite splitting in effect" type="pytest.skip">src/pymortests/grid.py:409: Suite splitting in effect</skipped></testcase><testcase classname="src.pymortests.grid" file="src/pymortests/grid.py" line="409" name="test_boundaries_dtype[&lt;lambda&gt;22]" time="0.00044083595275878906"><skipped message="Suite splitting in effect" type="pytest.skip">src/pymortests/grid.py:409: Suite splitting in effect</skipped></testcase><testcase classname="src.pymortests.grid" file="src/pymortests/grid.py" line="409" name="test_boundaries_dtype[&lt;lambda&gt;23]" time="0.00041031837463378906"><skipped message="Suite splitting in effect" type="pytest.skip">src/pymortests/grid.py:409: Suite splitting in effect</skipped></testcase><testcase classname="src.pymortests.grid" file="src/pymortests/grid.py" line="409" name="test_boundaries_dtype[&lt;lambda&gt;24]" time="0.0004184246063232422"><skipped message="Suite splitting in effect" type="pytest.skip">src/pymortests/grid.py:409: Suite splitting in effect</skipped></testcase><testcase classname="src.pymortests.grid" file="src/pymortests/grid.py" line="409" name="test_boundaries_dtype[&lt;lambda&gt;25]" time="0.0003962516784667969"><skipped message="Suite splitting in effect" type="pytest.skip">src/pymortests/grid.py:409: Suite splitting in effect</skipped></testcase><testcase classname="src.pymortests.grid" file="src/pymortests/grid.py" line="409" name="test_boundaries_dtype[&lt;lambda&gt;26]" time="0.00043082237243652344"><skipped message="Suite splitting in effect" type="pytest.skip">src/pymortests/grid.py:409: Suite splitting in effect</skipped></testcase><testcase classname="src.pymortests.grid" file="src/pymortests/grid.py" line="409" name="test_boundaries_dtype[&lt;lambda&gt;27]" time="0.00039887428283691406"><skipped message="Suite splitting in effect" type="pytest.skip">src/pymortests/grid.py:409: Suite splitting in effect</skipped></testcase><testcase classname="src.pymortests.grid" file="src/pymortests/grid.py" line="409" name="test_boundaries_dtype[&lt;lambda&gt;28]" time="0.00044465065002441406"><skipped message="Suite splitting in effect" type="pytest.skip">src/pymortests/grid.py:409: Suite splitting in effect</skipped></testcase><testcase classname="src.pymortests.grid" file="src/pymortests/grid.py" line="409" name="test_boundaries_dtype[&lt;lambda&gt;29]" time="0.0004055500030517578"><skipped message="Suite splitting in effect" type="pytest.skip">src/pymortests/grid.py:409: Suite splitting in effect</skipped></testcase><testcase classname="src.pymortests.grid" file="src/pymortests/grid.py" line="409" name="test_boundaries_dtype[&lt;lambda&gt;30]" time="0.0004382133483886719"><skipped message="Suite splitting in effect" type="pytest.skip">src/pymortests/grid.py:409: Suite splitting in effect</skipped></testcase><testcase classname="src.pymortests.grid" file="src/pymortests/grid.py" line="409" name="test_boundaries_dtype[&lt;lambda&gt;31]" time="0.00040268898010253906"><skipped message="Suite splitting in effect" type="pytest.skip">src/pymortests/grid.py:409: Suite splitting in effect</skipped></testcase><testcase classname="src.pymortests.grid" file="src/pymortests/grid.py" line="409" name="test_boundaries_dtype[&lt;lambda&gt;32]" time="0.00042819976806640625"><skipped message="Suite splitting in effect" type="pytest.skip">src/pymortests/grid.py:409: Suite splitting in effect</skipped></testcase><testcase classname="src.pymortests.grid" file="src/pymortests/grid.py" line="409" name="test_boundaries_dtype[&lt;lambda&gt;33]" time="0.0004012584686279297"><skipped message="Suite splitting in effect" type="pytest.skip">src/pymortests/grid.py:409: Suite splitting in effect</skipped></testcase><testcase classname="src.pymortests.grid" file="src/pymortests/grid.py" line="409" name="test_boundaries_dtype[&lt;lambda&gt;34]" time="0.00041484832763671875"><skipped message="Suite splitting in effect" type="pytest.skip">src/pymortests/grid.py:409: Suite splitting in effect</skipped></testcase><testcase classname="src.pymortests.grid" file="src/pymortests/grid.py" line="409" name="test_boundaries_dtype[&lt;lambda&gt;35]" time="0.0003886222839355469"><skipped message="Suite splitting in effect" type="pytest.skip">src/pymortests/grid.py:409: Suite splitting in effect</skipped></testcase><testcase classname="src.pymortests.grid" file="src/pymortests/grid.py" line="409" name="test_boundaries_dtype[&lt;lambda&gt;36]" time="0.00041961669921875"><skipped message="Suite splitting in effect" type="pytest.skip">src/pymortests/grid.py:409: Suite splitting in effect</skipped></testcase><testcase classname="src.pymortests.grid" file="src/pymortests/grid.py" line="409" name="test_boundaries_dtype[&lt;lambda&gt;37]" time="0.0003902912139892578"><skipped message="Suite splitting in effect" type="pytest.skip">src/pymortests/grid.py:409: Suite splitting in effect</skipped></testcase><testcase classname="src.pymortests.grid" file="src/pymortests/grid.py" line="409" name="test_boundaries_dtype[&lt;lambda&gt;38]" time="0.0003948211669921875"><skipped message="Suite splitting in effect" type="pytest.skip">src/pymortests/grid.py:409: Suite splitting in effect</skipped></testcase><testcase classname="src.pymortests.grid" file="src/pymortests/grid.py" line="409" name="test_boundaries_dtype[&lt;lambda&gt;39]" time="0.0003993511199951172"><skipped message="Suite splitting in effect" type="pytest.skip">src/pymortests/grid.py:409: Suite splitting in effect</skipped></testcase><testcase classname="src.pymortests.grid" file="src/pymortests/grid.py" line="409" name="test_boundaries_dtype[&lt;lambda&gt;40]" time="0.00044727325439453125"><skipped message="Suite splitting in effect" type="pytest.skip">src/pymortests/grid.py:409: Suite splitting in effect</skipped></testcase><testcase classname="src.pymortests.grid" file="src/pymortests/grid.py" line="409" name="test_boundaries_dtype[&lt;lambda&gt;41]" time="0.0003979206085205078"><skipped message="Suite splitting in effect" type="pytest.skip">src/pymortests/grid.py:409: Suite splitting in effect</skipped></testcase><testcase classname="src.pymortests.grid" file="src/pymortests/grid.py" line="409" name="test_boundaries_dtype[&lt;lambda&gt;42]" time="0.0004162788391113281"><skipped message="Suite splitting in effect" type="pytest.skip">src/pymortests/grid.py:409: Suite splitting in effect</skipped></testcase><testcase classname="src.pymortests.grid" file="src/pymortests/grid.py" line="415" name="test_boundaries_entry_value_range[&lt;lambda&gt;0]" time="0.0004634857177734375"><skipped message="Suite splitting in effect" type="pytest.skip">src/pymortests/grid.py:415: Suite splitting in effect</skipped></testcase><testcase classname="src.pymortests.grid" file="src/pymortests/grid.py" line="415" name="test_boundaries_entry_value_range[&lt;lambda&gt;1]" time="0.00039649009704589844"><skipped message="Suite splitting in effect" type="pytest.skip">src/pymortests/grid.py:415: Suite splitting in effect</skipped></testcase><testcase classname="src.pymortests.grid" file="src/pymortests/grid.py" line="415" name="test_boundaries_entry_value_range[&lt;lambda&gt;2]" time="0.00045013427734375"><skipped message="Suite splitting in effect" type="pytest.skip">src/pymortests/grid.py:415: Suite splitting in effect</skipped></testcase><testcase classname="src.pymortests.grid" file="src/pymortests/grid.py" line="415" name="test_boundaries_entry_value_range[&lt;lambda&gt;3]" time="0.0004546642303466797"><skipped message="Suite splitting in effect" type="pytest.skip">src/pymortests/grid.py:415: Suite splitting in effect</skipped></testcase><testcase classname="src.pymortests.grid" file="src/pymortests/grid.py" line="415" name="test_boundaries_entry_value_range[&lt;lambda&gt;4]" time="0.0003993511199951172"><skipped message="Suite splitting in effect" type="pytest.skip">src/pymortests/grid.py:415: Suite splitting in effect</skipped></testcase><testcase classname="src.pymortests.grid" file="src/pymortests/grid.py" line="415" name="test_boundaries_entry_value_range[&lt;lambda&gt;5]" time="0.0003955364227294922"><skipped message="Suite splitting in effect" type="pytest.skip">src/pymortests/grid.py:415: Suite splitting in effect</skipped></testcase><testcase classname="src.pymortests.grid" file="src/pymortests/grid.py" line="415" name="test_boundaries_entry_value_range[&lt;lambda&gt;6]" time="0.0004124641418457031"><skipped message="Suite splitting in effect" type="pytest.skip">src/pymortests/grid.py:415: Suite splitting in effect</skipped></testcase><testcase classname="src.pymortests.grid" file="src/pymortests/grid.py" line="415" name="test_boundaries_entry_value_range[&lt;lambda&gt;7]" time="0.0004277229309082031"><skipped message="Suite splitting in effect" type="pytest.skip">src/pymortests/grid.py:415: Suite splitting in effect</skipped></testcase><testcase classname="src.pymortests.grid" file="src/pymortests/grid.py" line="415" name="test_boundaries_entry_value_range[&lt;lambda&gt;8]" time="0.00041556358337402344"><skipped message="Suite splitting in effect" type="pytest.skip">src/pymortests/grid.py:415: Suite splitting in effect</skipped></testcase><testcase classname="src.pymortests.grid" file="src/pymortests/grid.py" line="415" name="test_boundaries_entry_value_range[&lt;lambda&gt;9]" time="0.0004127025604248047"><skipped message="Suite splitting in effect" type="pytest.skip">src/pymortests/grid.py:415: Suite splitting in effect</skipped></testcase><testcase classname="src.pymortests.grid" file="src/pymortests/grid.py" line="415" name="test_boundaries_entry_value_range[&lt;lambda&gt;10]" time="0.0004093647003173828"><skipped message="Suite splitting in effect" type="pytest.skip">src/pymortests/grid.py:415: Suite splitting in effect</skipped></testcase><testcase classname="src.pymortests.grid" file="src/pymortests/grid.py" line="415" name="test_boundaries_entry_value_range[&lt;lambda&gt;11]" time="0.00043392181396484375"><skipped message="Suite splitting in effect" type="pytest.skip">src/pymortests/grid.py:415: Suite splitting in effect</skipped></testcase><testcase classname="src.pymortests.grid" file="src/pymortests/grid.py" line="415" name="test_boundaries_entry_value_range[&lt;lambda&gt;12]" time="0.00041103363037109375"><skipped message="Suite splitting in effect" type="pytest.skip">src/pymortests/grid.py:415: Suite splitting in effect</skipped></testcase><testcase classname="src.pymortests.grid" file="src/pymortests/grid.py" line="415" name="test_boundaries_entry_value_range[&lt;lambda&gt;13]" time="0.000457763671875"><skipped message="Suite splitting in effect" type="pytest.skip">src/pymortests/grid.py:415: Suite splitting in effect</skipped></testcase><testcase classname="src.pymortests.grid" file="src/pymortests/grid.py" line="415" name="test_boundaries_entry_value_range[&lt;lambda&gt;14]" time="0.00040841102600097656"><skipped message="Suite splitting in effect" type="pytest.skip">src/pymortests/grid.py:415: Suite splitting in effect</skipped></testcase><testcase classname="src.pymortests.grid" file="src/pymortests/grid.py" line="415" name="test_boundaries_entry_value_range[&lt;lambda&gt;15]" time="0.0005679130554199219"><skipped message="Suite splitting in effect" type="pytest.skip">src/pymortests/grid.py:415: Suite splitting in effect</skipped></testcase><testcase classname="src.pymortests.grid" file="src/pymortests/grid.py" line="415" name="test_boundaries_entry_value_range[&lt;lambda&gt;16]" time="0.000438690185546875"><skipped message="Suite splitting in effect" type="pytest.skip">src/pymortests/grid.py:415: Suite splitting in effect</skipped></testcase><testcase classname="src.pymortests.grid" file="src/pymortests/grid.py" line="415" name="test_boundaries_entry_value_range[&lt;lambda&gt;17]" time="0.0003972053527832031"><skipped message="Suite splitting in effect" type="pytest.skip">src/pymortests/grid.py:415: Suite splitting in effect</skipped></testcase><testcase classname="src.pymortests.grid" file="src/pymortests/grid.py" line="415" name="test_boundaries_entry_value_range[&lt;lambda&gt;18]" time="0.00045180320739746094"><skipped message="Suite splitting in effect" type="pytest.skip">src/pymortests/grid.py:415: Suite splitting in effect</skipped></testcase><testcase classname="src.pymortests.grid" file="src/pymortests/grid.py" line="415" name="test_boundaries_entry_value_range[&lt;lambda&gt;19]" time="0.0004143714904785156"><skipped message="Suite splitting in effect" type="pytest.skip">src/pymortests/grid.py:415: Suite splitting in effect</skipped></testcase><testcase classname="src.pymortests.grid" file="src/pymortests/grid.py" line="415" name="test_boundaries_entry_value_range[&lt;lambda&gt;20]" time="0.0004315376281738281"><skipped message="Suite splitting in effect" type="pytest.skip">src/pymortests/grid.py:415: Suite splitting in effect</skipped></testcase><testcase classname="src.pymortests.grid" file="src/pymortests/grid.py" line="415" name="test_boundaries_entry_value_range[&lt;lambda&gt;21]" time="0.00042247772216796875"><skipped message="Suite splitting in effect" type="pytest.skip">src/pymortests/grid.py:415: Suite splitting in effect</skipped></testcase><testcase classname="src.pymortests.grid" file="src/pymortests/grid.py" line="415" name="test_boundaries_entry_value_range[&lt;lambda&gt;22]" time="0.0004661083221435547"><skipped message="Suite splitting in effect" type="pytest.skip">src/pymortests/grid.py:415: Suite splitting in effect</skipped></testcase><testcase classname="src.pymortests.grid" file="src/pymortests/grid.py" line="415" name="test_boundaries_entry_value_range[&lt;lambda&gt;23]" time="0.0003943443298339844"><skipped message="Suite splitting in effect" type="pytest.skip">src/pymortests/grid.py:415: Suite splitting in effect</skipped></testcase><testcase classname="src.pymortests.grid" file="src/pymortests/grid.py" line="415" name="test_boundaries_entry_value_range[&lt;lambda&gt;24]" time="0.00042510032653808594"><skipped message="Suite splitting in effect" type="pytest.skip">src/pymortests/grid.py:415: Suite splitting in effect</skipped></testcase><testcase classname="src.pymortests.grid" file="src/pymortests/grid.py" line="415" name="test_boundaries_entry_value_range[&lt;lambda&gt;25]" time="0.0004162788391113281"><skipped message="Suite splitting in effect" type="pytest.skip">src/pymortests/grid.py:415: Suite splitting in effect</skipped></testcase><testcase classname="src.pymortests.grid" file="src/pymortests/grid.py" line="415" name="test_boundaries_entry_value_range[&lt;lambda&gt;26]" time="0.00042748451232910156"><skipped message="Suite splitting in effect" type="pytest.skip">src/pymortests/grid.py:415: Suite splitting in effect</skipped></testcase><testcase classname="src.pymortests.grid" file="src/pymortests/grid.py" line="415" name="test_boundaries_entry_value_range[&lt;lambda&gt;27]" time="0.0004105567932128906"><skipped message="Suite splitting in effect" type="pytest.skip">src/pymortests/grid.py:415: Suite splitting in effect</skipped></testcase><testcase classname="src.pymortests.grid" file="src/pymortests/grid.py" line="415" name="test_boundaries_entry_value_range[&lt;lambda&gt;28]" time="0.00044608116149902344"><skipped message="Suite splitting in effect" type="pytest.skip">src/pymortests/grid.py:415: Suite splitting in effect</skipped></testcase><testcase classname="src.pymortests.grid" file="src/pymortests/grid.py" line="415" name="test_boundaries_entry_value_range[&lt;lambda&gt;29]" time="0.0004019737243652344"><skipped message="Suite splitting in effect" type="pytest.skip">src/pymortests/grid.py:415: Suite splitting in effect</skipped></testcase><testcase classname="src.pymortests.grid" file="src/pymortests/grid.py" line="415" name="test_boundaries_entry_value_range[&lt;lambda&gt;30]" time="0.00039649009704589844"><skipped message="Suite splitting in effect" type="pytest.skip">src/pymortests/grid.py:415: Suite splitting in effect</skipped></testcase><testcase classname="src.pymortests.grid" file="src/pymortests/grid.py" line="415" name="test_boundaries_entry_value_range[&lt;lambda&gt;31]" time="0.0004241466522216797"><skipped message="Suite splitting in effect" type="pytest.skip">src/pymortests/grid.py:415: Suite splitting in effect</skipped></testcase><testcase classname="src.pymortests.grid" file="src/pymortests/grid.py" line="415" name="test_boundaries_entry_value_range[&lt;lambda&gt;32]" time="0.00042724609375"><skipped message="Suite splitting in effect" type="pytest.skip">src/pymortests/grid.py:415: Suite splitting in effect</skipped></testcase><testcase classname="src.pymortests.grid" file="src/pymortests/grid.py" line="415" name="test_boundaries_entry_value_range[&lt;lambda&gt;33]" time="0.00045371055603027344"><skipped message="Suite splitting in effect" type="pytest.skip">src/pymortests/grid.py:415: Suite splitting in effect</skipped></testcase><testcase classname="src.pymortests.grid" file="src/pymortests/grid.py" line="415" name="test_boundaries_entry_value_range[&lt;lambda&gt;34]" time="0.00042366981506347656"><skipped message="Suite splitting in effect" type="pytest.skip">src/pymortests/grid.py:415: Suite splitting in effect</skipped></testcase><testcase classname="src.pymortests.grid" file="src/pymortests/grid.py" line="415" name="test_boundaries_entry_value_range[&lt;lambda&gt;35]" time="0.0004360675811767578"><skipped message="Suite splitting in effect" type="pytest.skip">src/pymortests/grid.py:415: Suite splitting in effect</skipped></testcase><testcase classname="src.pymortests.grid" file="src/pymortests/grid.py" line="415" name="test_boundaries_entry_value_range[&lt;lambda&gt;36]" time="0.00046062469482421875"><skipped message="Suite splitting in effect" type="pytest.skip">src/pymortests/grid.py:415: Suite splitting in effect</skipped></testcase><testcase classname="src.pymortests.grid" file="src/pymortests/grid.py" line="415" name="test_boundaries_entry_value_range[&lt;lambda&gt;37]" time="0.00041866302490234375"><skipped message="Suite splitting in effect" type="pytest.skip">src/pymortests/grid.py:415: Suite splitting in effect</skipped></testcase><testcase classname="src.pymortests.grid" file="src/pymortests/grid.py" line="415" name="test_boundaries_entry_value_range[&lt;lambda&gt;38]" time="0.0004954338073730469"><skipped message="Suite splitting in effect" type="pytest.skip">src/pymortests/grid.py:415: Suite splitting in effect</skipped></testcase><testcase classname="src.pymortests.grid" file="src/pymortests/grid.py" line="415" name="test_boundaries_entry_value_range[&lt;lambda&gt;39]" time="0.0004608631134033203"><skipped message="Suite splitting in effect" type="pytest.skip">src/pymortests/grid.py:415: Suite splitting in effect</skipped></testcase><testcase classname="src.pymortests.grid" file="src/pymortests/grid.py" line="415" name="test_boundaries_entry_value_range[&lt;lambda&gt;40]" time="0.00043272972106933594"><skipped message="Suite splitting in effect" type="pytest.skip">src/pymortests/grid.py:415: Suite splitting in effect</skipped></testcase><testcase classname="src.pymortests.grid" file="src/pymortests/grid.py" line="415" name="test_boundaries_entry_value_range[&lt;lambda&gt;41]" time="0.0004665851593017578"><skipped message="Suite splitting in effect" type="pytest.skip">src/pymortests/grid.py:415: Suite splitting in effect</skipped></testcase><testcase classname="src.pymortests.grid" file="src/pymortests/grid.py" line="415" name="test_boundaries_entry_value_range[&lt;lambda&gt;42]" time="0.0004127025604248047"><skipped message="Suite splitting in effect" type="pytest.skip">src/pymortests/grid.py:415: Suite splitting in effect</skipped></testcase><testcase classname="src.pymortests.grid" file="src/pymortests/grid.py" line="422" name="test_boundaries_entries[&lt;lambda&gt;0]" time="0.0004379749298095703"><skipped message="Suite splitting in effect" type="pytest.skip">src/pymortests/grid.py:422: Suite splitting in effect</skipped></testcase><testcase classname="src.pymortests.grid" file="src/pymortests/grid.py" line="422" name="test_boundaries_entries[&lt;lambda&gt;1]" time="0.00041222572326660156"><skipped message="Suite splitting in effect" type="pytest.skip">src/pymortests/grid.py:422: Suite splitting in effect</skipped></testcase><testcase classname="src.pymortests.grid" file="src/pymortests/grid.py" line="422" name="test_boundaries_entries[&lt;lambda&gt;2]" time="0.00044655799865722656"><skipped message="Suite splitting in effect" type="pytest.skip">src/pymortests/grid.py:422: Suite splitting in effect</skipped></testcase><testcase classname="src.pymortests.grid" file="src/pymortests/grid.py" line="422" name="test_boundaries_entries[&lt;lambda&gt;3]" time="0.0007755756378173828"><skipped message="Suite splitting in effect" type="pytest.skip">src/pymortests/grid.py:422: Suite splitting in effect</skipped></testcase><testcase classname="src.pymortests.grid" file="src/pymortests/grid.py" line="422" name="test_boundaries_entries[&lt;lambda&gt;4]" time="0.0004417896270751953"><skipped message="Suite splitting in effect" type="pytest.skip">src/pymortests/grid.py:422: Suite splitting in effect</skipped></testcase><testcase classname="src.pymortests.grid" file="src/pymortests/grid.py" line="422" name="test_boundaries_entries[&lt;lambda&gt;5]" time="0.00044608116149902344"><skipped message="Suite splitting in effect" type="pytest.skip">src/pymortests/grid.py:422: Suite splitting in effect</skipped></testcase><testcase classname="src.pymortests.grid" file="src/pymortests/grid.py" line="422" name="test_boundaries_entries[&lt;lambda&gt;6]" time="0.00039577484130859375"><skipped message="Suite splitting in effect" type="pytest.skip">src/pymortests/grid.py:422: Suite splitting in effect</skipped></testcase><testcase classname="src.pymortests.grid" file="src/pymortests/grid.py" line="422" name="test_boundaries_entries[&lt;lambda&gt;7]" time="0.0004227161407470703"><skipped message="Suite splitting in effect" type="pytest.skip">src/pymortests/grid.py:422: Suite splitting in effect</skipped></testcase><testcase classname="src.pymortests.grid" file="src/pymortests/grid.py" line="422" name="test_boundaries_entries[&lt;lambda&gt;8]" time="0.0004019737243652344"><skipped message="Suite splitting in effect" type="pytest.skip">src/pymortests/grid.py:422: Suite splitting in effect</skipped></testcase><testcase classname="src.pymortests.grid" file="src/pymortests/grid.py" line="422" name="test_boundaries_entries[&lt;lambda&gt;9]" time="0.000423431396484375"><skipped message="Suite splitting in effect" type="pytest.skip">src/pymortests/grid.py:422: Suite splitting in effect</skipped></testcase><testcase classname="src.pymortests.grid" file="src/pymortests/grid.py" line="422" name="test_boundaries_entries[&lt;lambda&gt;10]" time="0.00039267539978027344"><skipped message="Suite splitting in effect" type="pytest.skip">src/pymortests/grid.py:422: Suite splitting in effect</skipped></testcase><testcase classname="src.pymortests.grid" file="src/pymortests/grid.py" line="422" name="test_boundaries_entries[&lt;lambda&gt;11]" time="0.00041103363037109375"><skipped message="Suite splitting in effect" type="pytest.skip">src/pymortests/grid.py:422: Suite splitting in effect</skipped></testcase><testcase classname="src.pymortests.grid" file="src/pymortests/grid.py" line="422" name="test_boundaries_entries[&lt;lambda&gt;12]" time="0.0004208087921142578"><skipped message="Suite splitting in effect" type="pytest.skip">src/pymortests/grid.py:422: Suite splitting in effect</skipped></testcase><testcase classname="src.pymortests.grid" file="src/pymortests/grid.py" line="422" name="test_boundaries_entries[&lt;lambda&gt;13]" time="0.00039649009704589844"><skipped message="Suite splitting in effect" type="pytest.skip">src/pymortests/grid.py:422: Suite splitting in effect</skipped></testcase><testcase classname="src.pymortests.grid" file="src/pymortests/grid.py" line="422" name="test_boundaries_entries[&lt;lambda&gt;14]" time="0.0004305839538574219"><skipped message="Suite splitting in effect" type="pytest.skip">src/pymortests/grid.py:422: Suite splitting in effect</skipped></testcase><testcase classname="src.pymortests.grid" file="src/pymortests/grid.py" line="422" name="test_boundaries_entries[&lt;lambda&gt;15]" time="0.00040411949157714844"><skipped message="Suite splitting in effect" type="pytest.skip">src/pymortests/grid.py:422: Suite splitting in effect</skipped></testcase><testcase classname="src.pymortests.grid" file="src/pymortests/grid.py" line="422" name="test_boundaries_entries[&lt;lambda&gt;16]" time="0.00044226646423339844"><skipped message="Suite splitting in effect" type="pytest.skip">src/pymortests/grid.py:422: Suite splitting in effect</skipped></testcase><testcase classname="src.pymortests.grid" file="src/pymortests/grid.py" line="422" name="test_boundaries_entries[&lt;lambda&gt;17]" time="0.00040793418884277344"><skipped message="Suite splitting in effect" type="pytest.skip">src/pymortests/grid.py:422: Suite splitting in effect</skipped></testcase><testcase classname="src.pymortests.grid" file="src/pymortests/grid.py" line="422" name="test_boundaries_entries[&lt;lambda&gt;18]" time="0.0004665851593017578"><skipped message="Suite splitting in effect" type="pytest.skip">src/pymortests/grid.py:422: Suite splitting in effect</skipped></testcase><testcase classname="src.pymortests.grid" file="src/pymortests/grid.py" line="422" name="test_boundaries_entries[&lt;lambda&gt;19]" time="0.0003905296325683594"><skipped message="Suite splitting in effect" type="pytest.skip">src/pymortests/grid.py:422: Suite splitting in effect</skipped></testcase><testcase classname="src.pymortests.grid" file="src/pymortests/grid.py" line="422" name="test_boundaries_entries[&lt;lambda&gt;20]" time="0.0004057884216308594"><skipped message="Suite splitting in effect" type="pytest.skip">src/pymortests/grid.py:422: Suite splitting in effect</skipped></testcase><testcase classname="src.pymortests.grid" file="src/pymortests/grid.py" line="422" name="test_boundaries_entries[&lt;lambda&gt;21]" time="0.0003941059112548828"><skipped message="Suite splitting in effect" type="pytest.skip">src/pymortests/grid.py:422: Suite splitting in effect</skipped></testcase><testcase classname="src.pymortests.grid" file="src/pymortests/grid.py" line="422" name="test_boundaries_entries[&lt;lambda&gt;22]" time="0.000431060791015625"><skipped message="Suite splitting in effect" type="pytest.skip">src/pymortests/grid.py:422: Suite splitting in effect</skipped></testcase><testcase classname="src.pymortests.grid" file="src/pymortests/grid.py" line="422" name="test_boundaries_entries[&lt;lambda&gt;23]" time="0.0003962516784667969"><skipped message="Suite splitting in effect" type="pytest.skip">src/pymortests/grid.py:422: Suite splitting in effect</skipped></testcase><testcase classname="src.pymortests.grid" file="src/pymortests/grid.py" line="422" name="test_boundaries_entries[&lt;lambda&gt;24]" time="0.0004220008850097656"><skipped message="Suite splitting in effect" type="pytest.skip">src/pymortests/grid.py:422: Suite splitting in effect</skipped></testcase><testcase classname="src.pymortests.grid" file="src/pymortests/grid.py" line="422" name="test_boundaries_entries[&lt;lambda&gt;25]" time="0.0003979206085205078"><skipped message="Suite splitting in effect" type="pytest.skip">src/pymortests/grid.py:422: Suite splitting in effect</skipped></testcase><testcase classname="src.pymortests.grid" file="src/pymortests/grid.py" line="422" name="test_boundaries_entries[&lt;lambda&gt;26]" time="0.00039839744567871094"><skipped message="Suite splitting in effect" type="pytest.skip">src/pymortests/grid.py:422: Suite splitting in effect</skipped></testcase><testcase classname="src.pymortests.grid" file="src/pymortests/grid.py" line="422" name="test_boundaries_entries[&lt;lambda&gt;27]" time="0.0004215240478515625"><skipped message="Suite splitting in effect" type="pytest.skip">src/pymortests/grid.py:422: Suite splitting in effect</skipped></testcase><testcase classname="src.pymortests.grid" file="src/pymortests/grid.py" line="422" name="test_boundaries_entries[&lt;lambda&gt;28]" time="0.0004050731658935547"><skipped message="Suite splitting in effect" type="pytest.skip">src/pymortests/grid.py:422: Suite splitting in effect</skipped></testcase><testcase classname="src.pymortests.grid" file="src/pymortests/grid.py" line="422" name="test_boundaries_entries[&lt;lambda&gt;29]" time="0.0004596710205078125"><skipped message="Suite splitting in effect" type="pytest.skip">src/pymortests/grid.py:422: Suite splitting in effect</skipped></testcase><testcase classname="src.pymortests.grid" file="src/pymortests/grid.py" line="422" name="test_boundaries_entries[&lt;lambda&gt;30]" time="0.00040459632873535156"><skipped message="Suite splitting in effect" type="pytest.skip">src/pymortests/grid.py:422: Suite splitting in effect</skipped></testcase><testcase classname="src.pymortests.grid" file="src/pymortests/grid.py" line="422" name="test_boundaries_entries[&lt;lambda&gt;31]" time="0.00042557716369628906"><skipped message="Suite splitting in effect" type="pytest.skip">src/pymortests/grid.py:422: Suite splitting in effect</skipped></testcase><testcase classname="src.pymortests.grid" file="src/pymortests/grid.py" line="422" name="test_boundaries_entries[&lt;lambda&gt;32]" time="0.0004086494445800781"><skipped message="Suite splitting in effect" type="pytest.skip">src/pymortests/grid.py:422: Suite splitting in effect</skipped></testcase><testcase classname="src.pymortests.grid" file="src/pymortests/grid.py" line="422" name="test_boundaries_entries[&lt;lambda&gt;33]" time="0.00043129920959472656"><skipped message="Suite splitting in effect" type="pytest.skip">src/pymortests/grid.py:422: Suite splitting in effect</skipped></testcase><testcase classname="src.pymortests.grid" file="src/pymortests/grid.py" line="422" name="test_boundaries_entries[&lt;lambda&gt;34]" time="0.0004315376281738281"><skipped message="Suite splitting in effect" type="pytest.skip">src/pymortests/grid.py:422: Suite splitting in effect</skipped></testcase><testcase classname="src.pymortests.grid" file="src/pymortests/grid.py" line="422" name="test_boundaries_entries[&lt;lambda&gt;35]" time="0.0005011558532714844"><skipped message="Suite splitting in effect" type="pytest.skip">src/pymortests/grid.py:422: Suite splitting in effect</skipped></testcase><testcase classname="src.pymortests.grid" file="src/pymortests/grid.py" line="422" name="test_boundaries_entries[&lt;lambda&gt;36]" time="0.0003960132598876953"><skipped message="Suite splitting in effect" type="pytest.skip">src/pymortests/grid.py:422: Suite splitting in effect</skipped></testcase><testcase classname="src.pymortests.grid" file="src/pymortests/grid.py" line="422" name="test_boundaries_entries[&lt;lambda&gt;37]" time="0.00043487548828125"><skipped message="Suite splitting in effect" type="pytest.skip">src/pymortests/grid.py:422: Suite splitting in effect</skipped></testcase><testcase classname="src.pymortests.grid" file="src/pymortests/grid.py" line="422" name="test_boundaries_entries[&lt;lambda&gt;38]" time="0.0003998279571533203"><skipped message="Suite splitting in effect" type="pytest.skip">src/pymortests/grid.py:422: Suite splitting in effect</skipped></testcase><testcase classname="src.pymortests.grid" file="src/pymortests/grid.py" line="422" name="test_boundaries_entries[&lt;lambda&gt;39]" time="0.0004496574401855469"><skipped message="Suite splitting in effect" type="pytest.skip">src/pymortests/grid.py:422: Suite splitting in effect</skipped></testcase><testcase classname="src.pymortests.grid" file="src/pymortests/grid.py" line="422" name="test_boundaries_entries[&lt;lambda&gt;40]" time="0.00043654441833496094"><skipped message="Suite splitting in effect" type="pytest.skip">src/pymortests/grid.py:422: Suite splitting in effect</skipped></testcase><testcase classname="src.pymortests.grid" file="src/pymortests/grid.py" line="422" name="test_boundaries_entries[&lt;lambda&gt;41]" time="0.0004260540008544922"><skipped message="Suite splitting in effect" type="pytest.skip">src/pymortests/grid.py:422: Suite splitting in effect</skipped></testcase><testcase classname="src.pymortests.grid" file="src/pymortests/grid.py" line="422" name="test_boundaries_entries[&lt;lambda&gt;42]" time="0.0003981590270996094"><skipped message="Suite splitting in effect" type="pytest.skip">src/pymortests/grid.py:422: Suite splitting in effect</skipped></testcase><testcase classname="src.pymortests.grid" file="src/pymortests/grid.py" line="428" name="test_pickle[&lt;lambda&gt;0]" time="0.0004203319549560547"><skipped message="Suite splitting in effect" type="pytest.skip">src/pymortests/grid.py:428: Suite splitting in effect</skipped></testcase><testcase classname="src.pymortests.grid" file="src/pymortests/grid.py" line="428" name="test_pickle[&lt;lambda&gt;1]" time="0.000606536865234375"><skipped message="Suite splitting in effect" type="pytest.skip">src/pymortests/grid.py:428: Suite splitting in effect</skipped></testcase><testcase classname="src.pymortests.grid" file="src/pymortests/grid.py" line="428" name="test_pickle[&lt;lambda&gt;2]" time="0.000530242919921875"><skipped message="Suite splitting in effect" type="pytest.skip">src/pymortests/grid.py:428: Suite splitting in effect</skipped></testcase><testcase classname="src.pymortests.grid" file="src/pymortests/grid.py" line="428" name="test_pickle[&lt;lambda&gt;3]" time="0.0004937648773193359"><skipped message="Suite splitting in effect" type="pytest.skip">src/pymortests/grid.py:428: Suite splitting in effect</skipped></testcase><testcase classname="src.pymortests.grid" file="src/pymortests/grid.py" line="428" name="test_pickle[&lt;lambda&gt;4]" time="0.0004482269287109375"><skipped message="Suite splitting in effect" type="pytest.skip">src/pymortests/grid.py:428: Suite splitting in effect</skipped></testcase><testcase classname="src.pymortests.grid" file="src/pymortests/grid.py" line="428" name="test_pickle[&lt;lambda&gt;5]" time="0.0004696846008300781"><skipped message="Suite splitting in effect" type="pytest.skip">src/pymortests/grid.py:428: Suite splitting in effect</skipped></testcase><testcase classname="src.pymortests.grid" file="src/pymortests/grid.py" line="428" name="test_pickle[&lt;lambda&gt;6]" time="0.0004220008850097656"><skipped message="Suite splitting in effect" type="pytest.skip">src/pymortests/grid.py:428: Suite splitting in effect</skipped></testcase><testcase classname="src.pymortests.grid" file="src/pymortests/grid.py" line="428" name="test_pickle[&lt;lambda&gt;7]" time="0.0004227161407470703"><skipped message="Suite splitting in effect" type="pytest.skip">src/pymortests/grid.py:428: Suite splitting in effect</skipped></testcase><testcase classname="src.pymortests.grid" file="src/pymortests/grid.py" line="428" name="test_pickle[&lt;lambda&gt;8]" time="0.0003933906555175781"><skipped message="Suite splitting in effect" type="pytest.skip">src/pymortests/grid.py:428: Suite splitting in effect</skipped></testcase><testcase classname="src.pymortests.grid" file="src/pymortests/grid.py" line="428" name="test_pickle[&lt;lambda&gt;9]" time="0.0003941059112548828"><skipped message="Suite splitting in effect" type="pytest.skip">src/pymortests/grid.py:428: Suite splitting in effect</skipped></testcase><testcase classname="src.pymortests.grid" file="src/pymortests/grid.py" line="428" name="test_pickle[&lt;lambda&gt;10]" time="0.0003993511199951172"><skipped message="Suite splitting in effect" type="pytest.skip">src/pymortests/grid.py:428: Suite splitting in effect</skipped></testcase><testcase classname="src.pymortests.grid" file="src/pymortests/grid.py" line="428" name="test_pickle[&lt;lambda&gt;11]" time="0.00040435791015625"><skipped message="Suite splitting in effect" type="pytest.skip">src/pymortests/grid.py:428: Suite splitting in effect</skipped></testcase><testcase classname="src.pymortests.grid" file="src/pymortests/grid.py" line="428" name="test_pickle[&lt;lambda&gt;12]" time="0.00038933753967285156"><skipped message="Suite splitting in effect" type="pytest.skip">src/pymortests/grid.py:428: Suite splitting in effect</skipped></testcase><testcase classname="src.pymortests.grid" file="src/pymortests/grid.py" line="428" name="test_pickle[&lt;lambda&gt;13]" time="0.0004038810729980469"><skipped message="Suite splitting in effect" type="pytest.skip">src/pymortests/grid.py:428: Suite splitting in effect</skipped></testcase><testcase classname="src.pymortests.grid" file="src/pymortests/grid.py" line="428" name="test_pickle[&lt;lambda&gt;14]" time="0.00039768218994140625"><skipped message="Suite splitting in effect" type="pytest.skip">src/pymortests/grid.py:428: Suite splitting in effect</skipped></testcase><testcase classname="src.pymortests.grid" file="src/pymortests/grid.py" line="428" name="test_pickle[&lt;lambda&gt;15]" time="0.0004215240478515625"><skipped message="Suite splitting in effect" type="pytest.skip">src/pymortests/grid.py:428: Suite splitting in effect</skipped></testcase><testcase classname="src.pymortests.grid" file="src/pymortests/grid.py" line="428" name="test_pickle[&lt;lambda&gt;16]" time="0.0003924369812011719"><skipped message="Suite splitting in effect" type="pytest.skip">src/pymortests/grid.py:428: Suite splitting in effect</skipped></testcase><testcase classname="src.pymortests.grid" file="src/pymortests/grid.py" line="428" name="test_pickle[&lt;lambda&gt;17]" time="0.00038504600524902344"><skipped message="Suite splitting in effect" type="pytest.skip">src/pymortests/grid.py:428: Suite splitting in effect</skipped></testcase><testcase classname="src.pymortests.grid" file="src/pymortests/grid.py" line="428" name="test_pickle[&lt;lambda&gt;18]" time="0.000396728515625"><skipped message="Suite splitting in effect" type="pytest.skip">src/pymortests/grid.py:428: Suite splitting in effect</skipped></testcase><testcase classname="src.pymortests.grid" file="src/pymortests/grid.py" line="428" name="test_pickle[&lt;lambda&gt;19]" time="0.0003898143768310547"><skipped message="Suite splitting in effect" type="pytest.skip">src/pymortests/grid.py:428: Suite splitting in effect</skipped></testcase><testcase classname="src.pymortests.grid" file="src/pymortests/grid.py" line="428" name="test_pickle[&lt;lambda&gt;20]" time="0.00040841102600097656"><skipped message="Suite splitting in effect" type="pytest.skip">src/pymortests/grid.py:428: Suite splitting in effect</skipped></testcase><testcase classname="src.pymortests.grid" file="src/pymortests/grid.py" line="428" name="test_pickle[&lt;lambda&gt;21]" time="0.00039196014404296875"><skipped message="Suite splitting in effect" type="pytest.skip">src/pymortests/grid.py:428: Suite splitting in effect</skipped></testcase><testcase classname="src.pymortests.grid" file="src/pymortests/grid.py" line="428" name="test_pickle[&lt;lambda&gt;22]" time="0.0004107952117919922"><skipped message="Suite splitting in effect" type="pytest.skip">src/pymortests/grid.py:428: Suite splitting in effect</skipped></testcase><testcase classname="src.pymortests.grid" file="src/pymortests/grid.py" line="428" name="test_pickle[&lt;lambda&gt;23]" time="0.0004067420959472656"><skipped message="Suite splitting in effect" type="pytest.skip">src/pymortests/grid.py:428: Suite splitting in effect</skipped></testcase><testcase classname="src.pymortests.grid" file="src/pymortests/grid.py" line="428" name="test_pickle[&lt;lambda&gt;24]" time="0.00040149688720703125"><skipped message="Suite splitting in effect" type="pytest.skip">src/pymortests/grid.py:428: Suite splitting in effect</skipped></testcase><testcase classname="src.pymortests.grid" file="src/pymortests/grid.py" line="428" name="test_pickle[&lt;lambda&gt;25]" time="0.0003952980041503906"><skipped message="Suite splitting in effect" type="pytest.skip">src/pymortests/grid.py:428: Suite splitting in effect</skipped></testcase><testcase classname="src.pymortests.grid" file="src/pymortests/grid.py" line="428" name="test_pickle[&lt;lambda&gt;26]" time="0.00039005279541015625"><skipped message="Suite splitting in effect" type="pytest.skip">src/pymortests/grid.py:428: Suite splitting in effect</skipped></testcase><testcase classname="src.pymortests.grid" file="src/pymortests/grid.py" line="428" name="test_pickle[&lt;lambda&gt;27]" time="0.00039649009704589844"><skipped message="Suite splitting in effect" type="pytest.skip">src/pymortests/grid.py:428: Suite splitting in effect</skipped></testcase><testcase classname="src.pymortests.grid" file="src/pymortests/grid.py" line="428" name="test_pickle[&lt;lambda&gt;28]" time="0.0003936290740966797"><skipped message="Suite splitting in effect" type="pytest.skip">src/pymortests/grid.py:428: Suite splitting in effect</skipped></testcase><testcase classname="src.pymortests.grid" file="src/pymortests/grid.py" line="428" name="test_pickle[&lt;lambda&gt;29]" time="0.0003974437713623047"><skipped message="Suite splitting in effect" type="pytest.skip">src/pymortests/grid.py:428: Suite splitting in effect</skipped></testcase><testcase classname="src.pymortests.grid" file="src/pymortests/grid.py" line="428" name="test_pickle[&lt;lambda&gt;30]" time="0.00039315223693847656"><skipped message="Suite splitting in effect" type="pytest.skip">src/pymortests/grid.py:428: Suite splitting in effect</skipped></testcase><testcase classname="src.pymortests.grid" file="src/pymortests/grid.py" line="428" name="test_pickle[&lt;lambda&gt;31]" time="0.00039696693420410156"><skipped message="Suite splitting in effect" type="pytest.skip">src/pymortests/grid.py:428: Suite splitting in effect</skipped></testcase><testcase classname="src.pymortests.grid" file="src/pymortests/grid.py" line="428" name="test_pickle[&lt;lambda&gt;32]" time="0.0004825592041015625"><skipped message="Suite splitting in effect" type="pytest.skip">src/pymortests/grid.py:428: Suite splitting in effect</skipped></testcase><testcase classname="src.pymortests.grid" file="src/pymortests/grid.py" line="428" name="test_pickle[&lt;lambda&gt;33]" time="0.00040531158447265625"><skipped message="Suite splitting in effect" type="pytest.skip">src/pymortests/grid.py:428: Suite splitting in effect</skipped></testcase><testcase classname="src.pymortests.grid" file="src/pymortests/grid.py" line="428" name="test_pickle[&lt;lambda&gt;34]" time="0.0004467964172363281"><skipped message="Suite splitting in effect" type="pytest.skip">src/pymortests/grid.py:428: Suite splitting in effect</skipped></testcase><testcase classname="src.pymortests.grid" file="src/pymortests/grid.py" line="428" name="test_pickle[&lt;lambda&gt;35]" time="0.0004119873046875"><skipped message="Suite splitting in effect" type="pytest.skip">src/pymortests/grid.py:428: Suite splitting in effect</skipped></testcase><testcase classname="src.pymortests.grid" file="src/pymortests/grid.py" line="428" name="test_pickle[&lt;lambda&gt;36]" time="0.0004596710205078125"><skipped message="Suite splitting in effect" type="pytest.skip">src/pymortests/grid.py:428: Suite splitting in effect</skipped></testcase><testcase classname="src.pymortests.grid" file="src/pymortests/grid.py" line="428" name="test_pickle[&lt;lambda&gt;37]" time="0.0003898143768310547"><skipped message="Suite splitting in effect" type="pytest.skip">src/pymortests/grid.py:428: Suite splitting in effect</skipped></testcase><testcase classname="src.pymortests.grid" file="src/pymortests/grid.py" line="428" name="test_pickle[&lt;lambda&gt;38]" time="0.0004277229309082031"><skipped message="Suite splitting in effect" type="pytest.skip">src/pymortests/grid.py:428: Suite splitting in effect</skipped></testcase><testcase classname="src.pymortests.grid" file="src/pymortests/grid.py" line="428" name="test_pickle[&lt;lambda&gt;39]" time="0.00041222572326660156"><skipped message="Suite splitting in effect" type="pytest.skip">src/pymortests/grid.py:428: Suite splitting in effect</skipped></testcase><testcase classname="src.pymortests.grid" file="src/pymortests/grid.py" line="428" name="test_pickle[&lt;lambda&gt;40]" time="0.0004909038543701172"><skipped message="Suite splitting in effect" type="pytest.skip">src/pymortests/grid.py:428: Suite splitting in effect</skipped></testcase><testcase classname="src.pymortests.grid" file="src/pymortests/grid.py" line="428" name="test_pickle[&lt;lambda&gt;41]" time="0.0004181861877441406"><skipped message="Suite splitting in effect" type="pytest.skip">src/pymortests/grid.py:428: Suite splitting in effect</skipped></testcase><testcase classname="src.pymortests.grid" file="src/pymortests/grid.py" line="428" name="test_pickle[&lt;lambda&gt;42]" time="0.00042557716369628906"><skipped message="Suite splitting in effect" type="pytest.skip">src/pymortests/grid.py:428: Suite splitting in effect</skipped></testcase><testcase classname="src.pymortests.grid" file="src/pymortests/grid.py" line="432" name="test_visualize[&lt;lambda&gt;0]" time="0.00042819976806640625"><skipped message="Suite splitting in effect" type="pytest.skip">src/pymortests/grid.py:432: Suite splitting in effect</skipped></testcase><testcase classname="src.pymortests.grid" file="src/pymortests/grid.py" line="432" name="test_visualize[&lt;lambda&gt;1]" time="0.00042366981506347656"><skipped message="Suite splitting in effect" type="pytest.skip">src/pymortests/grid.py:432: Suite splitting in effect</skipped></testcase><testcase classname="src.pymortests.grid" file="src/pymortests/grid.py" line="432" name="test_visualize[&lt;lambda&gt;2]" time="0.00042176246643066406"><skipped message="Suite splitting in effect" type="pytest.skip">src/pymortests/grid.py:432: Suite splitting in effect</skipped></testcase><testcase classname="src.pymortests.grid" file="src/pymortests/grid.py" line="432" name="test_visualize[&lt;lambda&gt;3]" time="0.0004582405090332031"><skipped message="Suite splitting in effect" type="pytest.skip">src/pymortests/grid.py:432: Suite splitting in effect</skipped></testcase><testcase classname="src.pymortests.grid" file="src/pymortests/grid.py" line="432" name="test_visualize[&lt;lambda&gt;4]" time="0.00046062469482421875"><skipped message="Suite splitting in effect" type="pytest.skip">src/pymortests/grid.py:432: Suite splitting in effect</skipped></testcase><testcase classname="src.pymortests.grid" file="src/pymortests/grid.py" line="432" name="test_visualize[&lt;lambda&gt;5]" time="0.0003962516784667969"><skipped message="Suite splitting in effect" type="pytest.skip">src/pymortests/grid.py:432: Suite splitting in effect</skipped></testcase><testcase classname="src.pymortests.grid" file="src/pymortests/grid.py" line="432" name="test_visualize[&lt;lambda&gt;6]" time="0.0003955364227294922"><skipped message="Suite splitting in effect" type="pytest.skip">src/pymortests/grid.py:432: Suite splitting in effect</skipped></testcase><testcase classname="src.pymortests.grid" file="src/pymortests/grid.py" line="432" name="test_visualize[&lt;lambda&gt;7]" time="0.0004258155822753906"><skipped message="Suite splitting in effect" type="pytest.skip">src/pymortests/grid.py:432: Suite splitting in effect</skipped></testcase><testcase classname="src.pymortests.grid" file="src/pymortests/grid.py" line="432" name="test_visualize[&lt;lambda&gt;8]" time="0.0004413127899169922"><skipped message="Suite splitting in effect" type="pytest.skip">src/pymortests/grid.py:432: Suite splitting in effect</skipped></testcase><testcase classname="src.pymortests.grid" file="src/pymortests/grid.py" line="432" name="test_visualize[&lt;lambda&gt;9]" time="0.00042557716369628906"><skipped message="Suite splitting in effect" type="pytest.skip">src/pymortests/grid.py:432: Suite splitting in effect</skipped></testcase><testcase classname="src.pymortests.grid" file="src/pymortests/grid.py" line="432" name="test_visualize[&lt;lambda&gt;10]" time="0.00042819976806640625"><skipped message="Suite splitting in effect" type="pytest.skip">src/pymortests/grid.py:432: Suite splitting in effect</skipped></testcase><testcase classname="src.pymortests.grid" file="src/pymortests/grid.py" line="432" name="test_visualize[&lt;lambda&gt;11]" time="0.000392913818359375"><skipped message="Suite splitting in effect" type="pytest.skip">src/pymortests/grid.py:432: Suite splitting in effect</skipped></testcase><testcase classname="src.pymortests.grid" file="src/pymortests/grid.py" line="432" name="test_visualize[&lt;lambda&gt;12]" time="0.0006814002990722656"><skipped message="Suite splitting in effect" type="pytest.skip">src/pymortests/grid.py:432: Suite splitting in effect</skipped></testcase><testcase classname="src.pymortests.grid" file="src/pymortests/grid.py" line="432" name="test_visualize[&lt;lambda&gt;13]" time="0.0004134178161621094"><skipped message="Suite splitting in effect" type="pytest.skip">src/pymortests/grid.py:432: Suite splitting in effect</skipped></testcase><testcase classname="src.pymortests.grid" file="src/pymortests/grid.py" line="432" name="test_visualize[&lt;lambda&gt;14]" time="0.00038886070251464844"><skipped message="Suite splitting in effect" type="pytest.skip">src/pymortests/grid.py:432: Suite splitting in effect</skipped></testcase><testcase classname="src.pymortests.grid" file="src/pymortests/grid.py" line="432" name="test_visualize[&lt;lambda&gt;15]" time="0.0003910064697265625"><skipped message="Suite splitting in effect" type="pytest.skip">src/pymortests/grid.py:432: Suite splitting in effect</skipped></testcase><testcase classname="src.pymortests.grid" file="src/pymortests/grid.py" line="432" name="test_visualize[&lt;lambda&gt;16]" time="0.00039649009704589844"><skipped message="Suite splitting in effect" type="pytest.skip">src/pymortests/grid.py:432: Suite splitting in effect</skipped></testcase><testcase classname="src.pymortests.grid" file="src/pymortests/grid.py" line="432" name="test_visualize[&lt;lambda&gt;17]" time="0.0003910064697265625"><skipped message="Suite splitting in effect" type="pytest.skip">src/pymortests/grid.py:432: Suite splitting in effect</skipped></testcase><testcase classname="src.pymortests.grid" file="src/pymortests/grid.py" line="432" name="test_visualize[&lt;lambda&gt;18]" time="0.0003981590270996094"><skipped message="Suite splitting in effect" type="pytest.skip">src/pymortests/grid.py:432: Suite splitting in effect</skipped></testcase><testcase classname="src.pymortests.grid" file="src/pymortests/grid.py" line="432" name="test_visualize[&lt;lambda&gt;19]" time="0.0004062652587890625"><skipped message="Suite splitting in effect" type="pytest.skip">src/pymortests/grid.py:432: Suite splitting in effect</skipped></testcase><testcase classname="src.pymortests.grid" file="src/pymortests/grid.py" line="432" name="test_visualize[&lt;lambda&gt;20]" time="0.0004322528839111328"><skipped message="Suite splitting in effect" type="pytest.skip">src/pymortests/grid.py:432: Suite splitting in effect</skipped></testcase><testcase classname="src.pymortests.grid" file="src/pymortests/grid.py" line="432" name="test_visualize[&lt;lambda&gt;21]" time="0.0004363059997558594"><skipped message="Suite splitting in effect" type="pytest.skip">src/pymortests/grid.py:432: Suite splitting in effect</skipped></testcase><testcase classname="src.pymortests.grid" file="src/pymortests/grid.py" line="432" name="test_visualize[&lt;lambda&gt;22]" time="0.00038909912109375"><skipped message="Suite splitting in effect" type="pytest.skip">src/pymortests/grid.py:432: Suite splitting in effect</skipped></testcase><testcase classname="src.pymortests.grid" file="src/pymortests/grid.py" line="432" name="test_visualize[&lt;lambda&gt;23]" time="0.0004329681396484375"><skipped message="Suite splitting in effect" type="pytest.skip">src/pymortests/grid.py:432: Suite splitting in effect</skipped></testcase><testcase classname="src.pymortests.grid" file="src/pymortests/grid.py" line="432" name="test_visualize[&lt;lambda&gt;24]" time="0.0003972053527832031"><skipped message="Suite splitting in effect" type="pytest.skip">src/pymortests/grid.py:432: Suite splitting in effect</skipped></testcase><testcase classname="src.pymortests.grid" file="src/pymortests/grid.py" line="432" name="test_visualize[&lt;lambda&gt;25]" time="0.0004165172576904297"><skipped message="Suite splitting in effect" type="pytest.skip">src/pymortests/grid.py:432: Suite splitting in effect</skipped></testcase><testcase classname="src.pymortests.grid" file="src/pymortests/grid.py" line="432" name="test_visualize[&lt;lambda&gt;26]" time="0.0004291534423828125"><skipped message="Suite splitting in effect" type="pytest.skip">src/pymortests/grid.py:432: Suite splitting in effect</skipped></testcase><testcase classname="src.pymortests.grid" file="src/pymortests/grid.py" line="432" name="test_visualize[&lt;lambda&gt;27]" time="0.0004773139953613281"><skipped message="Suite splitting in effect" type="pytest.skip">src/pymortests/grid.py:432: Suite splitting in effect</skipped></testcase><testcase classname="src.pymortests.grid" file="src/pymortests/grid.py" line="432" name="test_visualize[&lt;lambda&gt;28]" time="0.0005557537078857422"><skipped message="Suite splitting in effect" type="pytest.skip">src/pymortests/grid.py:432: Suite splitting in effect</skipped></testcase><testcase classname="src.pymortests.grid" file="src/pymortests/grid.py" line="432" name="test_visualize[&lt;lambda&gt;29]" time="0.0003941059112548828"><skipped message="Suite splitting in effect" type="pytest.skip">src/pymortests/grid.py:432: Suite splitting in effect</skipped></testcase><testcase classname="src.pymortests.grid" file="src/pymortests/grid.py" line="432" name="test_visualize[&lt;lambda&gt;30]" time="0.00042247772216796875"><skipped message="Suite splitting in effect" type="pytest.skip">src/pymortests/grid.py:432: Suite splitting in effect</skipped></testcase><testcase classname="src.pymortests.gui" file="src/pymortests/gui.py" line="26" name="test_visualize_patch[backend_gridtype0]" time="0.00048804283142089844"><skipped message="Suite splitting in effect" type="pytest.skip">src/pymortests/gui.py:26: Suite splitting in effect</skipped></testcase><testcase classname="src.pymortests.gui" file="src/pymortests/gui.py" line="26" name="test_visualize_patch[backend_gridtype1]" time="0.00039649009704589844"><skipped message="Suite splitting in effect" type="pytest.skip">src/pymortests/gui.py:26: Suite splitting in effect</skipped></testcase><testcase classname="src.pymortests.gui" file="src/pymortests/gui.py" line="26" name="test_visualize_patch[backend_gridtype2]" time="0.00048542022705078125"><skipped message="Suite splitting in effect" type="pytest.skip">src/pymortests/gui.py:26: Suite splitting in effect</skipped></testcase><testcase classname="src.pymortests.la" file="src/pymortests/la.py" line="13" name="test_induced" time="0.0004706382751464844"><skipped message="Suite splitting in effect" type="pytest.skip">src/pymortests/la.py:13: Suite splitting in effect</skipped></testcase><testcase classname="src.pymortests.lyapunov" file="src/pymortests/lyapunov.py" line="93" name="test_lrcf[scipy-False-False-1-100]" time="0.0004818439483642578"><skipped message="Suite splitting in effect" type="pytest.skip">src/pymortests/lyapunov.py:93: Suite splitting in effect</skipped></testcase><testcase classname="src.pymortests.lyapunov" file="src/pymortests/lyapunov.py" line="93" name="test_lrcf[scipy-False-False-1-200]" time="0.0004203319549560547"><skipped message="Suite splitting in effect" type="pytest.skip">src/pymortests/lyapunov.py:93: Suite splitting in effect</skipped></testcase><testcase classname="src.pymortests.lyapunov" file="src/pymortests/lyapunov.py" line="93" name="test_lrcf[scipy-False-False-2-100]" time="0.0003933906555175781"><skipped message="Suite splitting in effect" type="pytest.skip">src/pymortests/lyapunov.py:93: Suite splitting in effect</skipped></testcase><testcase classname="src.pymortests.lyapunov" file="src/pymortests/lyapunov.py" line="93" name="test_lrcf[scipy-False-False-2-200]" time="0.0003981590270996094"><skipped message="Suite splitting in effect" type="pytest.skip">src/pymortests/lyapunov.py:93: Suite splitting in effect</skipped></testcase><testcase classname="src.pymortests.lyapunov" file="src/pymortests/lyapunov.py" line="93" name="test_lrcf[scipy-False-True-1-100]" time="0.0005166530609130859"><skipped message="Suite splitting in effect" type="pytest.skip">src/pymortests/lyapunov.py:93: Suite splitting in effect</skipped></testcase><testcase classname="src.pymortests.lyapunov" file="src/pymortests/lyapunov.py" line="93" name="test_lrcf[scipy-False-True-1-200]" time="0.00045418739318847656"><skipped message="Suite splitting in effect" type="pytest.skip">src/pymortests/lyapunov.py:93: Suite splitting in effect</skipped></testcase><testcase classname="src.pymortests.lyapunov" file="src/pymortests/lyapunov.py" line="93" name="test_lrcf[scipy-False-True-2-100]" time="0.0004296302795410156"><skipped message="Suite splitting in effect" type="pytest.skip">src/pymortests/lyapunov.py:93: Suite splitting in effect</skipped></testcase><testcase classname="src.pymortests.lyapunov" file="src/pymortests/lyapunov.py" line="93" name="test_lrcf[scipy-False-True-2-200]" time="0.0004246234893798828"><skipped message="Suite splitting in effect" type="pytest.skip">src/pymortests/lyapunov.py:93: Suite splitting in effect</skipped></testcase><testcase classname="src.pymortests.lyapunov" file="src/pymortests/lyapunov.py" line="93" name="test_lrcf[scipy-True-False-1-100]" time="0.0004863739013671875"><skipped message="Suite splitting in effect" type="pytest.skip">src/pymortests/lyapunov.py:93: Suite splitting in effect</skipped></testcase><testcase classname="src.pymortests.lyapunov" file="src/pymortests/lyapunov.py" line="93" name="test_lrcf[scipy-True-False-1-200]" time="0.0004317760467529297"><skipped message="Suite splitting in effect" type="pytest.skip">src/pymortests/lyapunov.py:93: Suite splitting in effect</skipped></testcase><testcase classname="src.pymortests.lyapunov" file="src/pymortests/lyapunov.py" line="93" name="test_lrcf[scipy-True-False-2-100]" time="0.0004067420959472656"><skipped message="Suite splitting in effect" type="pytest.skip">src/pymortests/lyapunov.py:93: Suite splitting in effect</skipped></testcase><testcase classname="src.pymortests.lyapunov" file="src/pymortests/lyapunov.py" line="93" name="test_lrcf[scipy-True-False-2-200]" time="0.0004305839538574219"><skipped message="Suite splitting in effect" type="pytest.skip">src/pymortests/lyapunov.py:93: Suite splitting in effect</skipped></testcase><testcase classname="src.pymortests.lyapunov" file="src/pymortests/lyapunov.py" line="93" name="test_lrcf[scipy-True-True-1-100]" time="0.0004162788391113281"><skipped message="Suite splitting in effect" type="pytest.skip">src/pymortests/lyapunov.py:93: Suite splitting in effect</skipped></testcase><testcase classname="src.pymortests.lyapunov" file="src/pymortests/lyapunov.py" line="93" name="test_lrcf[scipy-True-True-1-200]" time="0.000438690185546875"><skipped message="Suite splitting in effect" type="pytest.skip">src/pymortests/lyapunov.py:93: Suite splitting in effect</skipped></testcase><testcase classname="src.pymortests.lyapunov" file="src/pymortests/lyapunov.py" line="93" name="test_lrcf[scipy-True-True-2-100]" time="0.00043582916259765625"><skipped message="Suite splitting in effect" type="pytest.skip">src/pymortests/lyapunov.py:93: Suite splitting in effect</skipped></testcase><testcase classname="src.pymortests.lyapunov" file="src/pymortests/lyapunov.py" line="93" name="test_lrcf[scipy-True-True-2-200]" time="0.0004611015319824219"><skipped message="Suite splitting in effect" type="pytest.skip">src/pymortests/lyapunov.py:93: Suite splitting in effect</skipped></testcase><testcase classname="src.pymortests.lyapunov" file="src/pymortests/lyapunov.py" line="93" name="test_lrcf[slycot_bartels-stewart-False-False-1-100]" time="0.00044345855712890625"><skipped message="Suite splitting in effect" type="pytest.skip">src/pymortests/lyapunov.py:93: Suite splitting in effect</skipped></testcase><testcase classname="src.pymortests.lyapunov" file="src/pymortests/lyapunov.py" line="93" name="test_lrcf[slycot_bartels-stewart-False-False-1-200]" time="0.0004334449768066406"><skipped message="Suite splitting in effect" type="pytest.skip">src/pymortests/lyapunov.py:93: Suite splitting in effect</skipped></testcase><testcase classname="src.pymortests.lyapunov" file="src/pymortests/lyapunov.py" line="93" name="test_lrcf[slycot_bartels-stewart-False-False-2-100]" time="0.00041556358337402344"><skipped message="Suite splitting in effect" type="pytest.skip">src/pymortests/lyapunov.py:93: Suite splitting in effect</skipped></testcase><testcase classname="src.pymortests.lyapunov" file="src/pymortests/lyapunov.py" line="93" name="test_lrcf[slycot_bartels-stewart-False-False-2-200]" time="0.0006153583526611328"><skipped message="Suite splitting in effect" type="pytest.skip">src/pymortests/lyapunov.py:93: Suite splitting in effect</skipped></testcase><testcase classname="src.pymortests.lyapunov" file="src/pymortests/lyapunov.py" line="93" name="test_lrcf[slycot_bartels-stewart-False-True-1-100]" time="0.0004024505615234375"><skipped message="Suite splitting in effect" type="pytest.skip">src/pymortests/lyapunov.py:93: Suite splitting in effect</skipped></testcase><testcase classname="src.pymortests.lyapunov" file="src/pymortests/lyapunov.py" line="93" name="test_lrcf[slycot_bartels-stewart-False-True-1-200]" time="0.00042629241943359375"><skipped message="Suite splitting in effect" type="pytest.skip">src/pymortests/lyapunov.py:93: Suite splitting in effect</skipped></testcase><testcase classname="src.pymortests.lyapunov" file="src/pymortests/lyapunov.py" line="93" name="test_lrcf[slycot_bartels-stewart-False-True-2-100]" time="0.0004889965057373047"><skipped message="Suite splitting in effect" type="pytest.skip">src/pymortests/lyapunov.py:93: Suite splitting in effect</skipped></testcase><testcase classname="src.pymortests.lyapunov" file="src/pymortests/lyapunov.py" line="93" name="test_lrcf[slycot_bartels-stewart-False-True-2-200]" time="0.000400543212890625"><skipped message="Suite splitting in effect" type="pytest.skip">src/pymortests/lyapunov.py:93: Suite splitting in effect</skipped></testcase><testcase classname="src.pymortests.lyapunov" file="src/pymortests/lyapunov.py" line="93" name="test_lrcf[slycot_bartels-stewart-True-False-1-100]" time="0.00043010711669921875"><skipped message="Suite splitting in effect" type="pytest.skip">src/pymortests/lyapunov.py:93: Suite splitting in effect</skipped></testcase><testcase classname="src.pymortests.lyapunov" file="src/pymortests/lyapunov.py" line="93" name="test_lrcf[slycot_bartels-stewart-True-False-1-200]" time="0.00040602684020996094"><skipped message="Suite splitting in effect" type="pytest.skip">src/pymortests/lyapunov.py:93: Suite splitting in effect</skipped></testcase><testcase classname="src.pymortests.lyapunov" file="src/pymortests/lyapunov.py" line="93" name="test_lrcf[slycot_bartels-stewart-True-False-2-100]" time="0.0004360675811767578"><skipped message="Suite splitting in effect" type="pytest.skip">src/pymortests/lyapunov.py:93: Suite splitting in effect</skipped></testcase><testcase classname="src.pymortests.lyapunov" file="src/pymortests/lyapunov.py" line="93" name="test_lrcf[slycot_bartels-stewart-True-False-2-200]" time="0.00042939186096191406"><skipped message="Suite splitting in effect" type="pytest.skip">src/pymortests/lyapunov.py:93: Suite splitting in effect</skipped></testcase><testcase classname="src.pymortests.lyapunov" file="src/pymortests/lyapunov.py" line="93" name="test_lrcf[slycot_bartels-stewart-True-True-1-100]" time="0.00044274330139160156"><skipped message="Suite splitting in effect" type="pytest.skip">src/pymortests/lyapunov.py:93: Suite splitting in effect</skipped></testcase><testcase classname="src.pymortests.lyapunov" file="src/pymortests/lyapunov.py" line="93" name="test_lrcf[slycot_bartels-stewart-True-True-1-200]" time="0.00042057037353515625"><skipped message="Suite splitting in effect" type="pytest.skip">src/pymortests/lyapunov.py:93: Suite splitting in effect</skipped></testcase><testcase classname="src.pymortests.lyapunov" file="src/pymortests/lyapunov.py" line="93" name="test_lrcf[slycot_bartels-stewart-True-True-2-100]" time="0.0004448890686035156"><skipped message="Suite splitting in effect" type="pytest.skip">src/pymortests/lyapunov.py:93: Suite splitting in effect</skipped></testcase><testcase classname="src.pymortests.lyapunov" file="src/pymortests/lyapunov.py" line="93" name="test_lrcf[slycot_bartels-stewart-True-True-2-200]" time="0.0003943443298339844"><skipped message="Suite splitting in effect" type="pytest.skip">src/pymortests/lyapunov.py:93: Suite splitting in effect</skipped></testcase><testcase classname="src.pymortests.lyapunov" file="src/pymortests/lyapunov.py" line="93" name="test_lrcf[pymess_glyap-False-False-1-100]" time="0.0004010200500488281"><skipped message="Suite splitting in effect" type="pytest.skip">src/pymortests/lyapunov.py:93: Suite splitting in effect</skipped></testcase><testcase classname="src.pymortests.lyapunov" file="src/pymortests/lyapunov.py" line="93" name="test_lrcf[pymess_glyap-False-False-1-200]" time="0.00040435791015625"><skipped message="Suite splitting in effect" type="pytest.skip">src/pymortests/lyapunov.py:93: Suite splitting in effect</skipped></testcase><testcase classname="src.pymortests.lyapunov" file="src/pymortests/lyapunov.py" line="93" name="test_lrcf[pymess_glyap-False-False-2-100]" time="0.00039386749267578125"><skipped message="Suite splitting in effect" type="pytest.skip">src/pymortests/lyapunov.py:93: Suite splitting in effect</skipped></testcase><testcase classname="src.pymortests.lyapunov" file="src/pymortests/lyapunov.py" line="93" name="test_lrcf[pymess_glyap-False-False-2-200]" time="0.0004763603210449219"><skipped message="Suite splitting in effect" type="pytest.skip">src/pymortests/lyapunov.py:93: Suite splitting in effect</skipped></testcase><testcase classname="src.pymortests.lyapunov" file="src/pymortests/lyapunov.py" line="93" name="test_lrcf[pymess_glyap-False-True-1-100]" time="0.000568389892578125"><skipped message="Suite splitting in effect" type="pytest.skip">src/pymortests/lyapunov.py:93: Suite splitting in effect</skipped></testcase><testcase classname="src.pymortests.lyapunov" file="src/pymortests/lyapunov.py" line="93" name="test_lrcf[pymess_glyap-False-True-1-200]" time="0.00042247772216796875"><skipped message="Suite splitting in effect" type="pytest.skip">src/pymortests/lyapunov.py:93: Suite splitting in effect</skipped></testcase><testcase classname="src.pymortests.lyapunov" file="src/pymortests/lyapunov.py" line="93" name="test_lrcf[pymess_glyap-False-True-2-100]" time="0.0004508495330810547"><skipped message="Suite splitting in effect" type="pytest.skip">src/pymortests/lyapunov.py:93: Suite splitting in effect</skipped></testcase><testcase classname="src.pymortests.lyapunov" file="src/pymortests/lyapunov.py" line="93" name="test_lrcf[pymess_glyap-False-True-2-200]" time="0.0004074573516845703"><skipped message="Suite splitting in effect" type="pytest.skip">src/pymortests/lyapunov.py:93: Suite splitting in effect</skipped></testcase><testcase classname="src.pymortests.lyapunov" file="src/pymortests/lyapunov.py" line="93" name="test_lrcf[pymess_glyap-True-False-1-100]" time="0.00048542022705078125"><skipped message="Suite splitting in effect" type="pytest.skip">src/pymortests/lyapunov.py:93: Suite splitting in effect</skipped></testcase><testcase classname="src.pymortests.lyapunov" file="src/pymortests/lyapunov.py" line="93" name="test_lrcf[pymess_glyap-True-False-1-200]" time="0.0003974437713623047"><skipped message="Suite splitting in effect" type="pytest.skip">src/pymortests/lyapunov.py:93: Suite splitting in effect</skipped></testcase><testcase classname="src.pymortests.lyapunov" file="src/pymortests/lyapunov.py" line="93" name="test_lrcf[pymess_glyap-True-False-2-100]" time="0.0004246234893798828"><skipped message="Suite splitting in effect" type="pytest.skip">src/pymortests/lyapunov.py:93: Suite splitting in effect</skipped></testcase><testcase classname="src.pymortests.lyapunov" file="src/pymortests/lyapunov.py" line="93" name="test_lrcf[pymess_glyap-True-False-2-200]" time="0.0003955364227294922"><skipped message="Suite splitting in effect" type="pytest.skip">src/pymortests/lyapunov.py:93: Suite splitting in effect</skipped></testcase><testcase classname="src.pymortests.lyapunov" file="src/pymortests/lyapunov.py" line="93" name="test_lrcf[pymess_glyap-True-True-1-100]" time="0.0004229545593261719"><skipped message="Suite splitting in effect" type="pytest.skip">src/pymortests/lyapunov.py:93: Suite splitting in effect</skipped></testcase><testcase classname="src.pymortests.lyapunov" file="src/pymortests/lyapunov.py" line="93" name="test_lrcf[pymess_glyap-True-True-1-200]" time="0.00044083595275878906"><skipped message="Suite splitting in effect" type="pytest.skip">src/pymortests/lyapunov.py:93: Suite splitting in effect</skipped></testcase><testcase classname="src.pymortests.lyapunov" file="src/pymortests/lyapunov.py" line="93" name="test_lrcf[pymess_glyap-True-True-2-100]" time="0.0004169940948486328"><skipped message="Suite splitting in effect" type="pytest.skip">src/pymortests/lyapunov.py:93: Suite splitting in effect</skipped></testcase><testcase classname="src.pymortests.lyapunov" file="src/pymortests/lyapunov.py" line="93" name="test_lrcf[pymess_glyap-True-True-2-200]" time="0.00042891502380371094"><skipped message="Suite splitting in effect" type="pytest.skip">src/pymortests/lyapunov.py:93: Suite splitting in effect</skipped></testcase><testcase classname="src.pymortests.lyapunov" file="src/pymortests/lyapunov.py" line="93" name="test_lrcf[pymess_lradi-False-False-1-100]" time="0.0004012584686279297"><skipped message="Suite splitting in effect" type="pytest.skip">src/pymortests/lyapunov.py:93: Suite splitting in effect</skipped></testcase><testcase classname="src.pymortests.lyapunov" file="src/pymortests/lyapunov.py" line="93" name="test_lrcf[pymess_lradi-False-False-1-200]" time="0.0004241466522216797"><skipped message="Suite splitting in effect" type="pytest.skip">src/pymortests/lyapunov.py:93: Suite splitting in effect</skipped></testcase><testcase classname="src.pymortests.lyapunov" file="src/pymortests/lyapunov.py" line="93" name="test_lrcf[pymess_lradi-False-False-2-100]" time="0.0004000663757324219"><skipped message="Suite splitting in effect" type="pytest.skip">src/pymortests/lyapunov.py:93: Suite splitting in effect</skipped></testcase><testcase classname="src.pymortests.lyapunov" file="src/pymortests/lyapunov.py" line="93" name="test_lrcf[pymess_lradi-False-False-2-200]" time="0.00042438507080078125"><skipped message="Suite splitting in effect" type="pytest.skip">src/pymortests/lyapunov.py:93: Suite splitting in effect</skipped></testcase><testcase classname="src.pymortests.lyapunov" file="src/pymortests/lyapunov.py" line="93" name="test_lrcf[pymess_lradi-False-True-1-100]" time="0.00040650367736816406"><skipped message="Suite splitting in effect" type="pytest.skip">src/pymortests/lyapunov.py:93: Suite splitting in effect</skipped></testcase><testcase classname="src.pymortests.lyapunov" file="src/pymortests/lyapunov.py" line="93" name="test_lrcf[pymess_lradi-False-True-1-200]" time="0.0004031658172607422"><skipped message="Suite splitting in effect" type="pytest.skip">src/pymortests/lyapunov.py:93: Suite splitting in effect</skipped></testcase><testcase classname="src.pymortests.lyapunov" file="src/pymortests/lyapunov.py" line="93" name="test_lrcf[pymess_lradi-False-True-2-100]" time="0.00039505958557128906"><skipped message="Suite splitting in effect" type="pytest.skip">src/pymortests/lyapunov.py:93: Suite splitting in effect</skipped></testcase><testcase classname="src.pymortests.lyapunov" file="src/pymortests/lyapunov.py" line="93" name="test_lrcf[pymess_lradi-False-True-2-200]" time="0.0003933906555175781"><skipped message="Suite splitting in effect" type="pytest.skip">src/pymortests/lyapunov.py:93: Suite splitting in effect</skipped></testcase><testcase classname="src.pymortests.lyapunov" file="src/pymortests/lyapunov.py" line="93" name="test_lrcf[pymess_lradi-True-False-1-100]" time="0.00039505958557128906"><skipped message="Suite splitting in effect" type="pytest.skip">src/pymortests/lyapunov.py:93: Suite splitting in effect</skipped></testcase><testcase classname="src.pymortests.lyapunov" file="src/pymortests/lyapunov.py" line="93" name="test_lrcf[pymess_lradi-True-False-1-200]" time="0.0004210472106933594"><skipped message="Suite splitting in effect" type="pytest.skip">src/pymortests/lyapunov.py:93: Suite splitting in effect</skipped></testcase><testcase classname="src.pymortests.lyapunov" file="src/pymortests/lyapunov.py" line="93" name="test_lrcf[pymess_lradi-True-False-2-100]" time="0.0003902912139892578"><skipped message="Suite splitting in effect" type="pytest.skip">src/pymortests/lyapunov.py:93: Suite splitting in effect</skipped></testcase><testcase classname="src.pymortests.lyapunov" file="src/pymortests/lyapunov.py" line="93" name="test_lrcf[pymess_lradi-True-False-2-200]" time="0.0004363059997558594"><skipped message="Suite splitting in effect" type="pytest.skip">src/pymortests/lyapunov.py:93: Suite splitting in effect</skipped></testcase><testcase classname="src.pymortests.lyapunov" file="src/pymortests/lyapunov.py" line="93" name="test_lrcf[pymess_lradi-True-True-1-100]" time="0.000396728515625"><skipped message="Suite splitting in effect" type="pytest.skip">src/pymortests/lyapunov.py:93: Suite splitting in effect</skipped></testcase><testcase classname="src.pymortests.lyapunov" file="src/pymortests/lyapunov.py" line="93" name="test_lrcf[pymess_lradi-True-True-1-200]" time="0.0005469322204589844"><skipped message="Suite splitting in effect" type="pytest.skip">src/pymortests/lyapunov.py:93: Suite splitting in effect</skipped></testcase><testcase classname="src.pymortests.lyapunov" file="src/pymortests/lyapunov.py" line="93" name="test_lrcf[pymess_lradi-True-True-2-100]" time="0.0005166530609130859"><skipped message="Suite splitting in effect" type="pytest.skip">src/pymortests/lyapunov.py:93: Suite splitting in effect</skipped></testcase><testcase classname="src.pymortests.lyapunov" file="src/pymortests/lyapunov.py" line="93" name="test_lrcf[pymess_lradi-True-True-2-200]" time="0.000431060791015625"><skipped message="Suite splitting in effect" type="pytest.skip">src/pymortests/lyapunov.py:93: Suite splitting in effect</skipped></testcase><testcase classname="src.pymortests.lyapunov" file="src/pymortests/lyapunov.py" line="93" name="test_lrcf[lradi-False-False-1-100]" time="0.0004253387451171875"><skipped message="Suite splitting in effect" type="pytest.skip">src/pymortests/lyapunov.py:93: Suite splitting in effect</skipped></testcase><testcase classname="src.pymortests.lyapunov" file="src/pymortests/lyapunov.py" line="93" name="test_lrcf[lradi-False-False-1-200]" time="0.00043892860412597656"><skipped message="Suite splitting in effect" type="pytest.skip">src/pymortests/lyapunov.py:93: Suite splitting in effect</skipped></testcase><testcase classname="src.pymortests.lyapunov" file="src/pymortests/lyapunov.py" line="93" name="test_lrcf[lradi-False-False-2-100]" time="0.00045013427734375"><skipped message="Suite splitting in effect" type="pytest.skip">src/pymortests/lyapunov.py:93: Suite splitting in effect</skipped></testcase><testcase classname="src.pymortests.lyapunov" file="src/pymortests/lyapunov.py" line="93" name="test_lrcf[lradi-False-False-2-200]" time="0.00042438507080078125"><skipped message="Suite splitting in effect" type="pytest.skip">src/pymortests/lyapunov.py:93: Suite splitting in effect</skipped></testcase><testcase classname="src.pymortests.lyapunov" file="src/pymortests/lyapunov.py" line="93" name="test_lrcf[lradi-False-True-1-100]" time="0.00043320655822753906"><skipped message="Suite splitting in effect" type="pytest.skip">src/pymortests/lyapunov.py:93: Suite splitting in effect</skipped></testcase><testcase classname="src.pymortests.lyapunov" file="src/pymortests/lyapunov.py" line="93" name="test_lrcf[lradi-False-True-1-200]" time="0.00044608116149902344"><skipped message="Suite splitting in effect" type="pytest.skip">src/pymortests/lyapunov.py:93: Suite splitting in effect</skipped></testcase><testcase classname="src.pymortests.lyapunov" file="src/pymortests/lyapunov.py" line="93" name="test_lrcf[lradi-False-True-2-100]" time="0.00042176246643066406"><skipped message="Suite splitting in effect" type="pytest.skip">src/pymortests/lyapunov.py:93: Suite splitting in effect</skipped></testcase><testcase classname="src.pymortests.lyapunov" file="src/pymortests/lyapunov.py" line="93" name="test_lrcf[lradi-False-True-2-200]" time="0.00044989585876464844"><skipped message="Suite splitting in effect" type="pytest.skip">src/pymortests/lyapunov.py:93: Suite splitting in effect</skipped></testcase><testcase classname="src.pymortests.lyapunov" file="src/pymortests/lyapunov.py" line="93" name="test_lrcf[lradi-True-False-1-100]" time="0.0007483959197998047"><skipped message="Suite splitting in effect" type="pytest.skip">src/pymortests/lyapunov.py:93: Suite splitting in effect</skipped></testcase><testcase classname="src.pymortests.lyapunov" file="src/pymortests/lyapunov.py" line="93" name="test_lrcf[lradi-True-False-1-200]" time="0.00039196014404296875"><skipped message="Suite splitting in effect" type="pytest.skip">src/pymortests/lyapunov.py:93: Suite splitting in effect</skipped></testcase><testcase classname="src.pymortests.lyapunov" file="src/pymortests/lyapunov.py" line="93" name="test_lrcf[lradi-True-False-2-100]" time="0.0004029273986816406"><skipped message="Suite splitting in effect" type="pytest.skip">src/pymortests/lyapunov.py:93: Suite splitting in effect</skipped></testcase><testcase classname="src.pymortests.lyapunov" file="src/pymortests/lyapunov.py" line="93" name="test_lrcf[lradi-True-False-2-200]" time="0.00039696693420410156"><skipped message="Suite splitting in effect" type="pytest.skip">src/pymortests/lyapunov.py:93: Suite splitting in effect</skipped></testcase><testcase classname="src.pymortests.lyapunov" file="src/pymortests/lyapunov.py" line="93" name="test_lrcf[lradi-True-True-1-100]" time="0.00039768218994140625"><skipped message="Suite splitting in effect" type="pytest.skip">src/pymortests/lyapunov.py:93: Suite splitting in effect</skipped></testcase><testcase classname="src.pymortests.lyapunov" file="src/pymortests/lyapunov.py" line="93" name="test_lrcf[lradi-True-True-1-200]" time="0.0003933906555175781"><skipped message="Suite splitting in effect" type="pytest.skip">src/pymortests/lyapunov.py:93: Suite splitting in effect</skipped></testcase><testcase classname="src.pymortests.lyapunov" file="src/pymortests/lyapunov.py" line="93" name="test_lrcf[lradi-True-True-2-100]" time="0.0004067420959472656"><skipped message="Suite splitting in effect" type="pytest.skip">src/pymortests/lyapunov.py:93: Suite splitting in effect</skipped></testcase><testcase classname="src.pymortests.lyapunov" file="src/pymortests/lyapunov.py" line="93" name="test_lrcf[lradi-True-True-2-200]" time="0.0004413127899169922"><skipped message="Suite splitting in effect" type="pytest.skip">src/pymortests/lyapunov.py:93: Suite splitting in effect</skipped></testcase><testcase classname="src.pymortests.lyapunov" file="src/pymortests/lyapunov.py" line="122" name="test_dense[scipy-False-False-1-100]" time="0.00042057037353515625"><skipped message="Suite splitting in effect" type="pytest.skip">src/pymortests/lyapunov.py:122: Suite splitting in effect</skipped></testcase><testcase classname="src.pymortests.lyapunov" file="src/pymortests/lyapunov.py" line="122" name="test_dense[scipy-False-False-1-200]" time="0.00043129920959472656"><skipped message="Suite splitting in effect" type="pytest.skip">src/pymortests/lyapunov.py:122: Suite splitting in effect</skipped></testcase><testcase classname="src.pymortests.lyapunov" file="src/pymortests/lyapunov.py" line="122" name="test_dense[scipy-False-False-2-100]" time="0.00042557716369628906"><skipped message="Suite splitting in effect" type="pytest.skip">src/pymortests/lyapunov.py:122: Suite splitting in effect</skipped></testcase><testcase classname="src.pymortests.lyapunov" file="src/pymortests/lyapunov.py" line="122" name="test_dense[scipy-False-False-2-200]" time="0.00042748451232910156"><skipped message="Suite splitting in effect" type="pytest.skip">src/pymortests/lyapunov.py:122: Suite splitting in effect</skipped></testcase><testcase classname="src.pymortests.lyapunov" file="src/pymortests/lyapunov.py" line="122" name="test_dense[scipy-False-True-1-100]" time="0.00041031837463378906"><skipped message="Suite splitting in effect" type="pytest.skip">src/pymortests/lyapunov.py:122: Suite splitting in effect</skipped></testcase><testcase classname="src.pymortests.lyapunov" file="src/pymortests/lyapunov.py" line="122" name="test_dense[scipy-False-True-1-200]" time="0.0004482269287109375"><skipped message="Suite splitting in effect" type="pytest.skip">src/pymortests/lyapunov.py:122: Suite splitting in effect</skipped></testcase><testcase classname="src.pymortests.lyapunov" file="src/pymortests/lyapunov.py" line="122" name="test_dense[scipy-False-True-2-100]" time="0.0003960132598876953"><skipped message="Suite splitting in effect" type="pytest.skip">src/pymortests/lyapunov.py:122: Suite splitting in effect</skipped></testcase><testcase classname="src.pymortests.lyapunov" file="src/pymortests/lyapunov.py" line="122" name="test_dense[scipy-False-True-2-200]" time="0.0004780292510986328"><skipped message="Suite splitting in effect" type="pytest.skip">src/pymortests/lyapunov.py:122: Suite splitting in effect</skipped></testcase><testcase classname="src.pymortests.lyapunov" file="src/pymortests/lyapunov.py" line="122" name="test_dense[scipy-True-False-1-100]" time="0.0004260540008544922"><skipped message="Suite splitting in effect" type="pytest.skip">src/pymortests/lyapunov.py:122: Suite splitting in effect</skipped></testcase><testcase classname="src.pymortests.lyapunov" file="src/pymortests/lyapunov.py" line="122" name="test_dense[scipy-True-False-1-200]" time="0.0004405975341796875"><skipped message="Suite splitting in effect" type="pytest.skip">src/pymortests/lyapunov.py:122: Suite splitting in effect</skipped></testcase><testcase classname="src.pymortests.lyapunov" file="src/pymortests/lyapunov.py" line="122" name="test_dense[scipy-True-False-2-100]" time="0.0004050731658935547"><skipped message="Suite splitting in effect" type="pytest.skip">src/pymortests/lyapunov.py:122: Suite splitting in effect</skipped></testcase><testcase classname="src.pymortests.lyapunov" file="src/pymortests/lyapunov.py" line="122" name="test_dense[scipy-True-False-2-200]" time="0.00043129920959472656"><skipped message="Suite splitting in effect" type="pytest.skip">src/pymortests/lyapunov.py:122: Suite splitting in effect</skipped></testcase><testcase classname="src.pymortests.lyapunov" file="src/pymortests/lyapunov.py" line="122" name="test_dense[scipy-True-True-1-100]" time="0.000396728515625"><skipped message="Suite splitting in effect" type="pytest.skip">src/pymortests/lyapunov.py:122: Suite splitting in effect</skipped></testcase><testcase classname="src.pymortests.lyapunov" file="src/pymortests/lyapunov.py" line="122" name="test_dense[scipy-True-True-1-200]" time="0.0004284381866455078"><skipped message="Suite splitting in effect" type="pytest.skip">src/pymortests/lyapunov.py:122: Suite splitting in effect</skipped></testcase><testcase classname="src.pymortests.lyapunov" file="src/pymortests/lyapunov.py" line="122" name="test_dense[scipy-True-True-2-100]" time="0.0004086494445800781"><skipped message="Suite splitting in effect" type="pytest.skip">src/pymortests/lyapunov.py:122: Suite splitting in effect</skipped></testcase><testcase classname="src.pymortests.lyapunov" file="src/pymortests/lyapunov.py" line="122" name="test_dense[scipy-True-True-2-200]" time="0.00039887428283691406"><skipped message="Suite splitting in effect" type="pytest.skip">src/pymortests/lyapunov.py:122: Suite splitting in effect</skipped></testcase><testcase classname="src.pymortests.lyapunov" file="src/pymortests/lyapunov.py" line="122" name="test_dense[slycot_bartels-stewart-False-False-1-100]" time="0.0004220008850097656"><skipped message="Suite splitting in effect" type="pytest.skip">src/pymortests/lyapunov.py:122: Suite splitting in effect</skipped></testcase><testcase classname="src.pymortests.lyapunov" file="src/pymortests/lyapunov.py" line="122" name="test_dense[slycot_bartels-stewart-False-False-1-200]" time="0.0003910064697265625"><skipped message="Suite splitting in effect" type="pytest.skip">src/pymortests/lyapunov.py:122: Suite splitting in effect</skipped></testcase><testcase classname="src.pymortests.lyapunov" file="src/pymortests/lyapunov.py" line="122" name="test_dense[slycot_bartels-stewart-False-False-2-100]" time="0.00042819976806640625"><skipped message="Suite splitting in effect" type="pytest.skip">src/pymortests/lyapunov.py:122: Suite splitting in effect</skipped></testcase><testcase classname="src.pymortests.lyapunov" file="src/pymortests/lyapunov.py" line="122" name="test_dense[slycot_bartels-stewart-False-False-2-200]" time="0.00039768218994140625"><skipped message="Suite splitting in effect" type="pytest.skip">src/pymortests/lyapunov.py:122: Suite splitting in effect</skipped></testcase><testcase classname="src.pymortests.lyapunov" file="src/pymortests/lyapunov.py" line="122" name="test_dense[slycot_bartels-stewart-False-True-1-100]" time="0.00043201446533203125"><skipped message="Suite splitting in effect" type="pytest.skip">src/pymortests/lyapunov.py:122: Suite splitting in effect</skipped></testcase><testcase classname="src.pymortests.lyapunov" file="src/pymortests/lyapunov.py" line="122" name="test_dense[slycot_bartels-stewart-False-True-1-200]" time="0.0003993511199951172"><skipped message="Suite splitting in effect" type="pytest.skip">src/pymortests/lyapunov.py:122: Suite splitting in effect</skipped></testcase><testcase classname="src.pymortests.lyapunov" file="src/pymortests/lyapunov.py" line="122" name="test_dense[slycot_bartels-stewart-False-True-2-100]" time="0.0005271434783935547"><skipped message="Suite splitting in effect" type="pytest.skip">src/pymortests/lyapunov.py:122: Suite splitting in effect</skipped></testcase><testcase classname="src.pymortests.lyapunov" file="src/pymortests/lyapunov.py" line="122" name="test_dense[slycot_bartels-stewart-False-True-2-200]" time="0.0005037784576416016"><skipped message="Suite splitting in effect" type="pytest.skip">src/pymortests/lyapunov.py:122: Suite splitting in effect</skipped></testcase><testcase classname="src.pymortests.lyapunov" file="src/pymortests/lyapunov.py" line="122" name="test_dense[slycot_bartels-stewart-True-False-1-100]" time="0.00040984153747558594"><skipped message="Suite splitting in effect" type="pytest.skip">src/pymortests/lyapunov.py:122: Suite splitting in effect</skipped></testcase><testcase classname="src.pymortests.lyapunov" file="src/pymortests/lyapunov.py" line="122" name="test_dense[slycot_bartels-stewart-True-False-1-200]" time="0.00044918060302734375"><skipped message="Suite splitting in effect" type="pytest.skip">src/pymortests/lyapunov.py:122: Suite splitting in effect</skipped></testcase><testcase classname="src.pymortests.lyapunov" file="src/pymortests/lyapunov.py" line="122" name="test_dense[slycot_bartels-stewart-True-False-2-100]" time="0.0005273818969726562"><skipped message="Suite splitting in effect" type="pytest.skip">src/pymortests/lyapunov.py:122: Suite splitting in effect</skipped></testcase><testcase classname="src.pymortests.lyapunov" file="src/pymortests/lyapunov.py" line="122" name="test_dense[slycot_bartels-stewart-True-False-2-200]" time="0.0004551410675048828"><skipped message="Suite splitting in effect" type="pytest.skip">src/pymortests/lyapunov.py:122: Suite splitting in effect</skipped></testcase><testcase classname="src.pymortests.lyapunov" file="src/pymortests/lyapunov.py" line="122" name="test_dense[slycot_bartels-stewart-True-True-1-100]" time="0.0004291534423828125"><skipped message="Suite splitting in effect" type="pytest.skip">src/pymortests/lyapunov.py:122: Suite splitting in effect</skipped></testcase><testcase classname="src.pymortests.lyapunov" file="src/pymortests/lyapunov.py" line="122" name="test_dense[slycot_bartels-stewart-True-True-1-200]" time="0.0004868507385253906"><skipped message="Suite splitting in effect" type="pytest.skip">src/pymortests/lyapunov.py:122: Suite splitting in effect</skipped></testcase><testcase classname="src.pymortests.lyapunov" file="src/pymortests/lyapunov.py" line="122" name="test_dense[slycot_bartels-stewart-True-True-2-100]" time="0.0004048347473144531"><skipped message="Suite splitting in effect" type="pytest.skip">src/pymortests/lyapunov.py:122: Suite splitting in effect</skipped></testcase><testcase classname="src.pymortests.lyapunov" file="src/pymortests/lyapunov.py" line="122" name="test_dense[slycot_bartels-stewart-True-True-2-200]" time="0.00040030479431152344"><skipped message="Suite splitting in effect" type="pytest.skip">src/pymortests/lyapunov.py:122: Suite splitting in effect</skipped></testcase><testcase classname="src.pymortests.lyapunov" file="src/pymortests/lyapunov.py" line="122" name="test_dense[pymess_glyap-False-False-1-100]" time="0.0004086494445800781"><skipped message="Suite splitting in effect" type="pytest.skip">src/pymortests/lyapunov.py:122: Suite splitting in effect</skipped></testcase><testcase classname="src.pymortests.lyapunov" file="src/pymortests/lyapunov.py" line="122" name="test_dense[pymess_glyap-False-False-1-200]" time="0.0004296302795410156"><skipped message="Suite splitting in effect" type="pytest.skip">src/pymortests/lyapunov.py:122: Suite splitting in effect</skipped></testcase><testcase classname="src.pymortests.lyapunov" file="src/pymortests/lyapunov.py" line="122" name="test_dense[pymess_glyap-False-False-2-100]" time="0.0004706382751464844"><skipped message="Suite splitting in effect" type="pytest.skip">src/pymortests/lyapunov.py:122: Suite splitting in effect</skipped></testcase><testcase classname="src.pymortests.lyapunov" file="src/pymortests/lyapunov.py" line="122" name="test_dense[pymess_glyap-False-False-2-200]" time="0.00043129920959472656"><skipped message="Suite splitting in effect" type="pytest.skip">src/pymortests/lyapunov.py:122: Suite splitting in effect</skipped></testcase><testcase classname="src.pymortests.lyapunov" file="src/pymortests/lyapunov.py" line="122" name="test_dense[pymess_glyap-False-True-1-100]" time="0.00042176246643066406"><skipped message="Suite splitting in effect" type="pytest.skip">src/pymortests/lyapunov.py:122: Suite splitting in effect</skipped></testcase><testcase classname="src.pymortests.lyapunov" file="src/pymortests/lyapunov.py" line="122" name="test_dense[pymess_glyap-False-True-1-200]" time="0.0004019737243652344"><skipped message="Suite splitting in effect" type="pytest.skip">src/pymortests/lyapunov.py:122: Suite splitting in effect</skipped></testcase><testcase classname="src.pymortests.lyapunov" file="src/pymortests/lyapunov.py" line="122" name="test_dense[pymess_glyap-False-True-2-100]" time="0.0003933906555175781"><skipped message="Suite splitting in effect" type="pytest.skip">src/pymortests/lyapunov.py:122: Suite splitting in effect</skipped></testcase><testcase classname="src.pymortests.lyapunov" file="src/pymortests/lyapunov.py" line="122" name="test_dense[pymess_glyap-False-True-2-200]" time="0.0004737377166748047"><skipped message="Suite splitting in effect" type="pytest.skip">src/pymortests/lyapunov.py:122: Suite splitting in effect</skipped></testcase><testcase classname="src.pymortests.lyapunov" file="src/pymortests/lyapunov.py" line="122" name="test_dense[pymess_glyap-True-False-1-100]" time="0.0004558563232421875"><skipped message="Suite splitting in effect" type="pytest.skip">src/pymortests/lyapunov.py:122: Suite splitting in effect</skipped></testcase><testcase classname="src.pymortests.lyapunov" file="src/pymortests/lyapunov.py" line="122" name="test_dense[pymess_glyap-True-False-1-200]" time="0.0007183551788330078"><skipped message="Suite splitting in effect" type="pytest.skip">src/pymortests/lyapunov.py:122: Suite splitting in effect</skipped></testcase><testcase classname="src.pymortests.lyapunov" file="src/pymortests/lyapunov.py" line="122" name="test_dense[pymess_glyap-True-False-2-100]" time="0.0004329681396484375"><skipped message="Suite splitting in effect" type="pytest.skip">src/pymortests/lyapunov.py:122: Suite splitting in effect</skipped></testcase><testcase classname="src.pymortests.lyapunov" file="src/pymortests/lyapunov.py" line="122" name="test_dense[pymess_glyap-True-False-2-200]" time="0.0004322528839111328"><skipped message="Suite splitting in effect" type="pytest.skip">src/pymortests/lyapunov.py:122: Suite splitting in effect</skipped></testcase><testcase classname="src.pymortests.lyapunov" file="src/pymortests/lyapunov.py" line="122" name="test_dense[pymess_glyap-True-True-1-100]" time="0.0004115104675292969"><skipped message="Suite splitting in effect" type="pytest.skip">src/pymortests/lyapunov.py:122: Suite splitting in effect</skipped></testcase><testcase classname="src.pymortests.lyapunov" file="src/pymortests/lyapunov.py" line="122" name="test_dense[pymess_glyap-True-True-1-200]" time="0.0004010200500488281"><skipped message="Suite splitting in effect" type="pytest.skip">src/pymortests/lyapunov.py:122: Suite splitting in effect</skipped></testcase><testcase classname="src.pymortests.lyapunov" file="src/pymortests/lyapunov.py" line="122" name="test_dense[pymess_glyap-True-True-2-100]" time="0.0004000663757324219"><skipped message="Suite splitting in effect" type="pytest.skip">src/pymortests/lyapunov.py:122: Suite splitting in effect</skipped></testcase><testcase classname="src.pymortests.lyapunov" file="src/pymortests/lyapunov.py" line="122" name="test_dense[pymess_glyap-True-True-2-200]" time="0.00042319297790527344"><skipped message="Suite splitting in effect" type="pytest.skip">src/pymortests/lyapunov.py:122: Suite splitting in effect</skipped></testcase><testcase classname="src.pymortests.operators" file="src/pymortests/operators.py" line="21" name="test_selection_op" time="0.00047850608825683594"><skipped message="Suite splitting in effect" type="pytest.skip">src/pymortests/operators.py:21: Suite splitting in effect</skipped></testcase><testcase classname="src.pymortests.operators" file="src/pymortests/operators.py" line="53" name="test_lincomb_op" time="0.00041484832763671875"><skipped message="Suite splitting in effect" type="pytest.skip">src/pymortests/operators.py:53: Suite splitting in effect</skipped></testcase><testcase classname="src.pymortests.operators" file="src/pymortests/operators.py" line="77" name="test_pickle[&lt;lambda&gt;0]" time="0.00043201446533203125"><skipped message="Suite splitting in effect" type="pytest.skip">src/pymortests/operators.py:77: Suite splitting in effect</skipped></testcase><testcase classname="src.pymortests.operators" file="src/pymortests/operators.py" line="77" name="test_pickle[&lt;lambda&gt;1]" time="0.00041222572326660156"><skipped message="Suite splitting in effect" type="pytest.skip">src/pymortests/operators.py:77: Suite splitting in effect</skipped></testcase><testcase classname="src.pymortests.operators" file="src/pymortests/operators.py" line="77" name="test_pickle[&lt;lambda&gt;2]" time="0.0004363059997558594"><skipped message="Suite splitting in effect" type="pytest.skip">src/pymortests/operators.py:77: Suite splitting in effect</skipped></testcase><testcase classname="src.pymortests.operators" file="src/pymortests/operators.py" line="77" name="test_pickle[&lt;lambda&gt;3]" time="0.0004253387451171875"><skipped message="Suite splitting in effect" type="pytest.skip">src/pymortests/operators.py:77: Suite splitting in effect</skipped></testcase><testcase classname="src.pymortests.operators" file="src/pymortests/operators.py" line="77" name="test_pickle[&lt;lambda&gt;4]" time="0.000431060791015625"><skipped message="Suite splitting in effect" type="pytest.skip">src/pymortests/operators.py:77: Suite splitting in effect</skipped></testcase><testcase classname="src.pymortests.operators" file="src/pymortests/operators.py" line="77" name="test_pickle[&lt;lambda&gt;5]" time="0.00045680999755859375"><skipped message="Suite splitting in effect" type="pytest.skip">src/pymortests/operators.py:77: Suite splitting in effect</skipped></testcase><testcase classname="src.pymortests.operators" file="src/pymortests/operators.py" line="77" name="test_pickle[&lt;lambda&gt;6]" time="0.0004572868347167969"><skipped message="Suite splitting in effect" type="pytest.skip">src/pymortests/operators.py:77: Suite splitting in effect</skipped></testcase><testcase classname="src.pymortests.operators" file="src/pymortests/operators.py" line="77" name="test_pickle[&lt;lambda&gt;7]" time="0.0004184246063232422"><skipped message="Suite splitting in effect" type="pytest.skip">src/pymortests/operators.py:77: Suite splitting in effect</skipped></testcase><testcase classname="src.pymortests.operators" file="src/pymortests/operators.py" line="77" name="test_pickle[&lt;lambda&gt;8]" time="0.00043773651123046875"><skipped message="Suite splitting in effect" type="pytest.skip">src/pymortests/operators.py:77: Suite splitting in effect</skipped></testcase><testcase classname="src.pymortests.operators" file="src/pymortests/operators.py" line="77" name="test_pickle[&lt;lambda&gt;9]" time="0.0004055500030517578"><skipped message="Suite splitting in effect" type="pytest.skip">src/pymortests/operators.py:77: Suite splitting in effect</skipped></testcase><testcase classname="src.pymortests.operators" file="src/pymortests/operators.py" line="77" name="test_pickle[&lt;lambda&gt;10]" time="0.0004405975341796875"><skipped message="Suite splitting in effect" type="pytest.skip">src/pymortests/operators.py:77: Suite splitting in effect</skipped></testcase><testcase classname="src.pymortests.operators" file="src/pymortests/operators.py" line="77" name="test_pickle[&lt;lambda&gt;11]" time="0.00046181678771972656"><skipped message="Suite splitting in effect" type="pytest.skip">src/pymortests/operators.py:77: Suite splitting in effect</skipped></testcase><testcase classname="src.pymortests.operators" file="src/pymortests/operators.py" line="77" name="test_pickle[&lt;lambda&gt;12]" time="0.000453948974609375"><skipped message="Suite splitting in effect" type="pytest.skip">src/pymortests/operators.py:77: Suite splitting in effect</skipped></testcase><testcase classname="src.pymortests.operators" file="src/pymortests/operators.py" line="77" name="test_pickle[&lt;lambda&gt;13]" time="0.00040435791015625"><skipped message="Suite splitting in effect" type="pytest.skip">src/pymortests/operators.py:77: Suite splitting in effect</skipped></testcase><testcase classname="src.pymortests.operators" file="src/pymortests/operators.py" line="77" name="test_pickle[&lt;lambda&gt;14]" time="0.0004291534423828125"><skipped message="Suite splitting in effect" type="pytest.skip">src/pymortests/operators.py:77: Suite splitting in effect</skipped></testcase><testcase classname="src.pymortests.operators" file="src/pymortests/operators.py" line="77" name="test_pickle[&lt;lambda&gt;15]" time="0.00043487548828125"><skipped message="Suite splitting in effect" type="pytest.skip">src/pymortests/operators.py:77: Suite splitting in effect</skipped></testcase><testcase classname="src.pymortests.operators" file="src/pymortests/operators.py" line="77" name="test_pickle[&lt;lambda&gt;16]" time="0.0004482269287109375"><skipped message="Suite splitting in effect" type="pytest.skip">src/pymortests/operators.py:77: Suite splitting in effect</skipped></testcase><testcase classname="src.pymortests.operators" file="src/pymortests/operators.py" line="77" name="test_pickle[&lt;lambda&gt;17]" time="0.00045680999755859375"><skipped message="Suite splitting in effect" type="pytest.skip">src/pymortests/operators.py:77: Suite splitting in effect</skipped></testcase><testcase classname="src.pymortests.operators" file="src/pymortests/operators.py" line="77" name="test_pickle[&lt;lambda&gt;18]" time="0.0004143714904785156"><skipped message="Suite splitting in effect" type="pytest.skip">src/pymortests/operators.py:77: Suite splitting in effect</skipped></testcase><testcase classname="src.pymortests.operators" file="src/pymortests/operators.py" line="77" name="test_pickle[&lt;lambda&gt;19]" time="0.0004677772521972656"><skipped message="Suite splitting in effect" type="pytest.skip">src/pymortests/operators.py:77: Suite splitting in effect</skipped></testcase><testcase classname="src.pymortests.operators" file="src/pymortests/operators.py" line="77" name="test_pickle[&lt;lambda&gt;20]" time="0.0004100799560546875"><skipped message="Suite splitting in effect" type="pytest.skip">src/pymortests/operators.py:77: Suite splitting in effect</skipped></testcase><testcase classname="src.pymortests.operators" file="src/pymortests/operators.py" line="77" name="test_pickle[&lt;lambda&gt;21]" time="0.0005123615264892578"><skipped message="Suite splitting in effect" type="pytest.skip">src/pymortests/operators.py:77: Suite splitting in effect</skipped></testcase><testcase classname="src.pymortests.operators" file="src/pymortests/operators.py" line="77" name="test_pickle[&lt;lambda&gt;22]" time="0.0004019737243652344"><skipped message="Suite splitting in effect" type="pytest.skip">src/pymortests/operators.py:77: Suite splitting in effect</skipped></testcase><testcase classname="src.pymortests.operators" file="src/pymortests/operators.py" line="77" name="test_pickle[&lt;lambda&gt;23]" time="0.00042724609375"><skipped message="Suite splitting in effect" type="pytest.skip">src/pymortests/operators.py:77: Suite splitting in effect</skipped></testcase><testcase classname="src.pymortests.operators" file="src/pymortests/operators.py" line="77" name="test_pickle[&lt;lambda&gt;24]" time="0.00040221214294433594"><skipped message="Suite splitting in effect" type="pytest.skip">src/pymortests/operators.py:77: Suite splitting in effect</skipped></testcase><testcase classname="src.pymortests.operators" file="src/pymortests/operators.py" line="77" name="test_pickle[&lt;lambda&gt;25]" time="0.0004878044128417969"><skipped message="Suite splitting in effect" type="pytest.skip">src/pymortests/operators.py:77: Suite splitting in effect</skipped></testcase><testcase classname="src.pymortests.operators" file="src/pymortests/operators.py" line="77" name="test_pickle[&lt;lambda&gt;26]" time="0.00042724609375"><skipped message="Suite splitting in effect" type="pytest.skip">src/pymortests/operators.py:77: Suite splitting in effect</skipped></testcase><testcase classname="src.pymortests.operators" file="src/pymortests/operators.py" line="77" name="test_pickle[&lt;lambda&gt;27]" time="0.0004105567932128906"><skipped message="Suite splitting in effect" type="pytest.skip">src/pymortests/operators.py:77: Suite splitting in effect</skipped></testcase><testcase classname="src.pymortests.operators" file="src/pymortests/operators.py" line="77" name="test_pickle[&lt;lambda&gt;28]" time="0.0004191398620605469"><skipped message="Suite splitting in effect" type="pytest.skip">src/pymortests/operators.py:77: Suite splitting in effect</skipped></testcase><testcase classname="src.pymortests.operators" file="src/pymortests/operators.py" line="77" name="test_pickle[&lt;lambda&gt;29]" time="0.00040459632873535156"><skipped message="Suite splitting in effect" type="pytest.skip">src/pymortests/operators.py:77: Suite splitting in effect</skipped></testcase><testcase classname="src.pymortests.operators" file="src/pymortests/operators.py" line="77" name="test_pickle[&lt;lambda&gt;30]" time="0.00043773651123046875"><skipped message="Suite splitting in effect" type="pytest.skip">src/pymortests/operators.py:77: Suite splitting in effect</skipped></testcase><testcase classname="src.pymortests.operators" file="src/pymortests/operators.py" line="77" name="test_pickle[&lt;lambda&gt;31]" time="0.0003905296325683594"><skipped message="Suite splitting in effect" type="pytest.skip">src/pymortests/operators.py:77: Suite splitting in effect</skipped></testcase><testcase classname="src.pymortests.operators" file="src/pymortests/operators.py" line="77" name="test_pickle[&lt;lambda&gt;32]" time="0.0004305839538574219"><skipped message="Suite splitting in effect" type="pytest.skip">src/pymortests/operators.py:77: Suite splitting in effect</skipped></testcase><testcase classname="src.pymortests.operators" file="src/pymortests/operators.py" line="77" name="test_pickle[&lt;lambda&gt;33]" time="0.0004734992980957031"><skipped message="Suite splitting in effect" type="pytest.skip">src/pymortests/operators.py:77: Suite splitting in effect</skipped></testcase><testcase classname="src.pymortests.operators" file="src/pymortests/operators.py" line="77" name="test_pickle[&lt;lambda&gt;34]" time="0.0004470348358154297"><skipped message="Suite splitting in effect" type="pytest.skip">src/pymortests/operators.py:77: Suite splitting in effect</skipped></testcase><testcase classname="src.pymortests.operators" file="src/pymortests/operators.py" line="77" name="test_pickle[&lt;lambda&gt;35]" time="0.0004215240478515625"><skipped message="Suite splitting in effect" type="pytest.skip">src/pymortests/operators.py:77: Suite splitting in effect</skipped></testcase><testcase classname="src.pymortests.operators" file="src/pymortests/operators.py" line="77" name="test_pickle[&lt;lambda&gt;36]" time="0.00043845176696777344"><skipped message="Suite splitting in effect" type="pytest.skip">src/pymortests/operators.py:77: Suite splitting in effect</skipped></testcase><testcase classname="src.pymortests.operators" file="src/pymortests/operators.py" line="77" name="test_pickle[&lt;lambda&gt;37]" time="0.0007681846618652344"><skipped message="Suite splitting in effect" type="pytest.skip">src/pymortests/operators.py:77: Suite splitting in effect</skipped></testcase><testcase classname="src.pymortests.operators" file="src/pymortests/operators.py" line="77" name="test_pickle[&lt;lambda&gt;38]" time="0.00038933753967285156"><skipped message="Suite splitting in effect" type="pytest.skip">src/pymortests/operators.py:77: Suite splitting in effect</skipped></testcase><testcase classname="src.pymortests.operators" file="src/pymortests/operators.py" line="77" name="test_pickle[&lt;lambda&gt;39]" time="0.0004000663757324219"><skipped message="Suite splitting in effect" type="pytest.skip">src/pymortests/operators.py:77: Suite splitting in effect</skipped></testcase><testcase classname="src.pymortests.operators" file="src/pymortests/operators.py" line="77" name="test_pickle[&lt;lambda&gt;40]" time="0.00039124488830566406"><skipped message="Suite splitting in effect" type="pytest.skip">src/pymortests/operators.py:77: Suite splitting in effect</skipped></testcase><testcase classname="src.pymortests.operators" file="src/pymortests/operators.py" line="81" name="test_pickle_without_dumps_function[&lt;lambda&gt;0]" time="0.00039887428283691406"><skipped message="Suite splitting in effect" type="pytest.skip">src/pymortests/operators.py:81: Suite splitting in effect</skipped></testcase><testcase classname="src.pymortests.operators" file="src/pymortests/operators.py" line="81" name="test_pickle_without_dumps_function[&lt;lambda&gt;1]" time="0.00040078163146972656"><skipped message="Suite splitting in effect" type="pytest.skip">src/pymortests/operators.py:81: Suite splitting in effect</skipped></testcase><testcase classname="src.pymortests.operators" file="src/pymortests/operators.py" line="81" name="test_pickle_without_dumps_function[&lt;lambda&gt;2]" time="0.00044274330139160156"><skipped message="Suite splitting in effect" type="pytest.skip">src/pymortests/operators.py:81: Suite splitting in effect</skipped></testcase><testcase classname="src.pymortests.operators" file="src/pymortests/operators.py" line="81" name="test_pickle_without_dumps_function[&lt;lambda&gt;3]" time="0.0004048347473144531"><skipped message="Suite splitting in effect" type="pytest.skip">src/pymortests/operators.py:81: Suite splitting in effect</skipped></testcase><testcase classname="src.pymortests.operators" file="src/pymortests/operators.py" line="81" name="test_pickle_without_dumps_function[&lt;lambda&gt;4]" time="0.00039958953857421875"><skipped message="Suite splitting in effect" type="pytest.skip">src/pymortests/operators.py:81: Suite splitting in effect</skipped></testcase><testcase classname="src.pymortests.operators" file="src/pymortests/operators.py" line="81" name="test_pickle_without_dumps_function[&lt;lambda&gt;5]" time="0.0004448890686035156"><skipped message="Suite splitting in effect" type="pytest.skip">src/pymortests/operators.py:81: Suite splitting in effect</skipped></testcase><testcase classname="src.pymortests.operators" file="src/pymortests/operators.py" line="81" name="test_pickle_without_dumps_function[&lt;lambda&gt;6]" time="0.00039577484130859375"><skipped message="Suite splitting in effect" type="pytest.skip">src/pymortests/operators.py:81: Suite splitting in effect</skipped></testcase><testcase classname="src.pymortests.operators" file="src/pymortests/operators.py" line="81" name="test_pickle_without_dumps_function[&lt;lambda&gt;7]" time="0.00044798851013183594"><skipped message="Suite splitting in effect" type="pytest.skip">src/pymortests/operators.py:81: Suite splitting in effect</skipped></testcase><testcase classname="src.pymortests.operators" file="src/pymortests/operators.py" line="81" name="test_pickle_without_dumps_function[&lt;lambda&gt;8]" time="0.00039839744567871094"><skipped message="Suite splitting in effect" type="pytest.skip">src/pymortests/operators.py:81: Suite splitting in effect</skipped></testcase><testcase classname="src.pymortests.operators" file="src/pymortests/operators.py" line="81" name="test_pickle_without_dumps_function[&lt;lambda&gt;9]" time="0.000438690185546875"><skipped message="Suite splitting in effect" type="pytest.skip">src/pymortests/operators.py:81: Suite splitting in effect</skipped></testcase><testcase classname="src.pymortests.operators" file="src/pymortests/operators.py" line="81" name="test_pickle_without_dumps_function[&lt;lambda&gt;10]" time="0.00040078163146972656"><skipped message="Suite splitting in effect" type="pytest.skip">src/pymortests/operators.py:81: Suite splitting in effect</skipped></testcase><testcase classname="src.pymortests.operators" file="src/pymortests/operators.py" line="81" name="test_pickle_without_dumps_function[&lt;lambda&gt;11]" time="0.00039887428283691406"><skipped message="Suite splitting in effect" type="pytest.skip">src/pymortests/operators.py:81: Suite splitting in effect</skipped></testcase><testcase classname="src.pymortests.operators" file="src/pymortests/operators.py" line="81" name="test_pickle_without_dumps_function[&lt;lambda&gt;12]" time="0.00042247772216796875"><skipped message="Suite splitting in effect" type="pytest.skip">src/pymortests/operators.py:81: Suite splitting in effect</skipped></testcase><testcase classname="src.pymortests.operators" file="src/pymortests/operators.py" line="81" name="test_pickle_without_dumps_function[&lt;lambda&gt;13]" time="0.0003941059112548828"><skipped message="Suite splitting in effect" type="pytest.skip">src/pymortests/operators.py:81: Suite splitting in effect</skipped></testcase><testcase classname="src.pymortests.operators" file="src/pymortests/operators.py" line="81" name="test_pickle_without_dumps_function[&lt;lambda&gt;14]" time="0.0004451274871826172"><skipped message="Suite splitting in effect" type="pytest.skip">src/pymortests/operators.py:81: Suite splitting in effect</skipped></testcase><testcase classname="src.pymortests.operators" file="src/pymortests/operators.py" line="81" name="test_pickle_without_dumps_function[&lt;lambda&gt;15]" time="0.00046634674072265625"><skipped message="Suite splitting in effect" type="pytest.skip">src/pymortests/operators.py:81: Suite splitting in effect</skipped></testcase><testcase classname="src.pymortests.operators" file="src/pymortests/operators.py" line="81" name="test_pickle_without_dumps_function[&lt;lambda&gt;16]" time="0.00040268898010253906"><skipped message="Suite splitting in effect" type="pytest.skip">src/pymortests/operators.py:81: Suite splitting in effect</skipped></testcase><testcase classname="src.pymortests.operators" file="src/pymortests/operators.py" line="81" name="test_pickle_without_dumps_function[&lt;lambda&gt;17]" time="0.00040793418884277344"><skipped message="Suite splitting in effect" type="pytest.skip">src/pymortests/operators.py:81: Suite splitting in effect</skipped></testcase><testcase classname="src.pymortests.operators" file="src/pymortests/operators.py" line="81" name="test_pickle_without_dumps_function[&lt;lambda&gt;18]" time="0.0003991127014160156"><skipped message="Suite splitting in effect" type="pytest.skip">src/pymortests/operators.py:81: Suite splitting in effect</skipped></testcase><testcase classname="src.pymortests.operators" file="src/pymortests/operators.py" line="81" name="test_pickle_without_dumps_function[&lt;lambda&gt;19]" time="0.00040602684020996094"><skipped message="Suite splitting in effect" type="pytest.skip">src/pymortests/operators.py:81: Suite splitting in effect</skipped></testcase><testcase classname="src.pymortests.operators" file="src/pymortests/operators.py" line="81" name="test_pickle_without_dumps_function[&lt;lambda&gt;20]" time="0.0004229545593261719"><skipped message="Suite splitting in effect" type="pytest.skip">src/pymortests/operators.py:81: Suite splitting in effect</skipped></testcase><testcase classname="src.pymortests.operators" file="src/pymortests/operators.py" line="81" name="test_pickle_without_dumps_function[&lt;lambda&gt;21]" time="0.0003955364227294922"><skipped message="Suite splitting in effect" type="pytest.skip">src/pymortests/operators.py:81: Suite splitting in effect</skipped></testcase><testcase classname="src.pymortests.operators" file="src/pymortests/operators.py" line="81" name="test_pickle_without_dumps_function[&lt;lambda&gt;22]" time="0.00044536590576171875"><skipped message="Suite splitting in effect" type="pytest.skip">src/pymortests/operators.py:81: Suite splitting in effect</skipped></testcase><testcase classname="src.pymortests.operators" file="src/pymortests/operators.py" line="81" name="test_pickle_without_dumps_function[&lt;lambda&gt;23]" time="0.0005142688751220703"><skipped message="Suite splitting in effect" type="pytest.skip">src/pymortests/operators.py:81: Suite splitting in effect</skipped></testcase><testcase classname="src.pymortests.operators" file="src/pymortests/operators.py" line="81" name="test_pickle_without_dumps_function[&lt;lambda&gt;24]" time="0.00040030479431152344"><skipped message="Suite splitting in effect" type="pytest.skip">src/pymortests/operators.py:81: Suite splitting in effect</skipped></testcase><testcase classname="src.pymortests.operators" file="src/pymortests/operators.py" line="81" name="test_pickle_without_dumps_function[&lt;lambda&gt;25]" time="0.0004241466522216797"><skipped message="Suite splitting in effect" type="pytest.skip">src/pymortests/operators.py:81: Suite splitting in effect</skipped></testcase><testcase classname="src.pymortests.operators" file="src/pymortests/operators.py" line="81" name="test_pickle_without_dumps_function[&lt;lambda&gt;26]" time="0.00039649009704589844"><skipped message="Suite splitting in effect" type="pytest.skip">src/pymortests/operators.py:81: Suite splitting in effect</skipped></testcase><testcase classname="src.pymortests.operators" file="src/pymortests/operators.py" line="81" name="test_pickle_without_dumps_function[&lt;lambda&gt;27]" time="0.0004703998565673828"><skipped message="Suite splitting in effect" type="pytest.skip">src/pymortests/operators.py:81: Suite splitting in effect</skipped></testcase><testcase classname="src.pymortests.operators" file="src/pymortests/operators.py" line="81" name="test_pickle_without_dumps_function[&lt;lambda&gt;28]" time="0.00044655799865722656"><skipped message="Suite splitting in effect" type="pytest.skip">src/pymortests/operators.py:81: Suite splitting in effect</skipped></testcase><testcase classname="src.pymortests.operators" file="src/pymortests/operators.py" line="81" name="test_pickle_without_dumps_function[&lt;lambda&gt;29]" time="0.0005669593811035156"><skipped message="Suite splitting in effect" type="pytest.skip">src/pymortests/operators.py:81: Suite splitting in effect</skipped></testcase><testcase classname="src.pymortests.operators" file="src/pymortests/operators.py" line="81" name="test_pickle_without_dumps_function[&lt;lambda&gt;30]" time="0.00046563148498535156"><skipped message="Suite splitting in effect" type="pytest.skip">src/pymortests/operators.py:81: Suite splitting in effect</skipped></testcase><testcase classname="src.pymortests.operators" file="src/pymortests/operators.py" line="81" name="test_pickle_without_dumps_function[&lt;lambda&gt;31]" time="0.0004696846008300781"><skipped message="Suite splitting in effect" type="pytest.skip">src/pymortests/operators.py:81: Suite splitting in effect</skipped></testcase><testcase classname="src.pymortests.operators" file="src/pymortests/operators.py" line="81" name="test_pickle_without_dumps_function[&lt;lambda&gt;32]" time="0.0004417896270751953"><skipped message="Suite splitting in effect" type="pytest.skip">src/pymortests/operators.py:81: Suite splitting in effect</skipped></testcase><testcase classname="src.pymortests.operators" file="src/pymortests/operators.py" line="81" name="test_pickle_without_dumps_function[&lt;lambda&gt;33]" time="0.00042629241943359375"><skipped message="Suite splitting in effect" type="pytest.skip">src/pymortests/operators.py:81: Suite splitting in effect</skipped></testcase><testcase classname="src.pymortests.operators" file="src/pymortests/operators.py" line="81" name="test_pickle_without_dumps_function[&lt;lambda&gt;34]" time="0.00041985511779785156"><skipped message="Suite splitting in effect" type="pytest.skip">src/pymortests/operators.py:81: Suite splitting in effect</skipped></testcase><testcase classname="src.pymortests.operators" file="src/pymortests/operators.py" line="81" name="test_pickle_without_dumps_function[&lt;lambda&gt;35]" time="0.0004210472106933594"><skipped message="Suite splitting in effect" type="pytest.skip">src/pymortests/operators.py:81: Suite splitting in effect</skipped></testcase><testcase classname="src.pymortests.operators" file="src/pymortests/operators.py" line="81" name="test_pickle_without_dumps_function[&lt;lambda&gt;36]" time="0.0004677772521972656"><skipped message="Suite splitting in effect" type="pytest.skip">src/pymortests/operators.py:81: Suite splitting in effect</skipped></testcase><testcase classname="src.pymortests.operators" file="src/pymortests/operators.py" line="81" name="test_pickle_without_dumps_function[&lt;lambda&gt;37]" time="0.00043129920959472656"><skipped message="Suite splitting in effect" type="pytest.skip">src/pymortests/operators.py:81: Suite splitting in effect</skipped></testcase><testcase classname="src.pymortests.operators" file="src/pymortests/operators.py" line="81" name="test_pickle_without_dumps_function[&lt;lambda&gt;38]" time="0.0004220008850097656"><skipped message="Suite splitting in effect" type="pytest.skip">src/pymortests/operators.py:81: Suite splitting in effect</skipped></testcase><testcase classname="src.pymortests.operators" file="src/pymortests/operators.py" line="81" name="test_pickle_without_dumps_function[&lt;lambda&gt;39]" time="0.0003960132598876953"><skipped message="Suite splitting in effect" type="pytest.skip">src/pymortests/operators.py:81: Suite splitting in effect</skipped></testcase><testcase classname="src.pymortests.operators" file="src/pymortests/operators.py" line="85" name="test_apply[&lt;lambda&gt;0]" time="0.0004220008850097656"><skipped message="Suite splitting in effect" type="pytest.skip">src/pymortests/operators.py:85: Suite splitting in effect</skipped></testcase><testcase classname="src.pymortests.operators" file="src/pymortests/operators.py" line="85" name="test_apply[&lt;lambda&gt;1]" time="0.0004017353057861328"><skipped message="Suite splitting in effect" type="pytest.skip">src/pymortests/operators.py:85: Suite splitting in effect</skipped></testcase><testcase classname="src.pymortests.operators" file="src/pymortests/operators.py" line="85" name="test_apply[&lt;lambda&gt;2]" time="0.0004286766052246094"><skipped message="Suite splitting in effect" type="pytest.skip">src/pymortests/operators.py:85: Suite splitting in effect</skipped></testcase><testcase classname="src.pymortests.operators" file="src/pymortests/operators.py" line="85" name="test_apply[&lt;lambda&gt;3]" time="0.0005009174346923828"><skipped message="Suite splitting in effect" type="pytest.skip">src/pymortests/operators.py:85: Suite splitting in effect</skipped></testcase><testcase classname="src.pymortests.operators" file="src/pymortests/operators.py" line="85" name="test_apply[&lt;lambda&gt;4]" time="0.0003952980041503906"><skipped message="Suite splitting in effect" type="pytest.skip">src/pymortests/operators.py:85: Suite splitting in effect</skipped></testcase><testcase classname="src.pymortests.operators" file="src/pymortests/operators.py" line="85" name="test_apply[&lt;lambda&gt;5]" time="0.0004436969757080078"><skipped message="Suite splitting in effect" type="pytest.skip">src/pymortests/operators.py:85: Suite splitting in effect</skipped></testcase><testcase classname="src.pymortests.operators" file="src/pymortests/operators.py" line="85" name="test_apply[&lt;lambda&gt;6]" time="0.0005309581756591797"><skipped message="Suite splitting in effect" type="pytest.skip">src/pymortests/operators.py:85: Suite splitting in effect</skipped></testcase><testcase classname="src.pymortests.operators" file="src/pymortests/operators.py" line="85" name="test_apply[&lt;lambda&gt;7]" time="0.0004329681396484375"><skipped message="Suite splitting in effect" type="pytest.skip">src/pymortests/operators.py:85: Suite splitting in effect</skipped></testcase><testcase classname="src.pymortests.operators" file="src/pymortests/operators.py" line="85" name="test_apply[&lt;lambda&gt;8]" time="0.0004131793975830078"><skipped message="Suite splitting in effect" type="pytest.skip">src/pymortests/operators.py:85: Suite splitting in effect</skipped></testcase><testcase classname="src.pymortests.operators" file="src/pymortests/operators.py" line="85" name="test_apply[&lt;lambda&gt;9]" time="0.00040912628173828125"><skipped message="Suite splitting in effect" type="pytest.skip">src/pymortests/operators.py:85: Suite splitting in effect</skipped></testcase><testcase classname="src.pymortests.operators" file="src/pymortests/operators.py" line="85" name="test_apply[&lt;lambda&gt;10]" time="0.0004932880401611328"><skipped message="Suite splitting in effect" type="pytest.skip">src/pymortests/operators.py:85: Suite splitting in effect</skipped></testcase><testcase classname="src.pymortests.operators" file="src/pymortests/operators.py" line="85" name="test_apply[&lt;lambda&gt;11]" time="0.0005297660827636719"><skipped message="Suite splitting in effect" type="pytest.skip">src/pymortests/operators.py:85: Suite splitting in effect</skipped></testcase><testcase classname="src.pymortests.operators" file="src/pymortests/operators.py" line="85" name="test_apply[&lt;lambda&gt;12]" time="0.00042891502380371094"><skipped message="Suite splitting in effect" type="pytest.skip">src/pymortests/operators.py:85: Suite splitting in effect</skipped></testcase><testcase classname="src.pymortests.operators" file="src/pymortests/operators.py" line="85" name="test_apply[&lt;lambda&gt;13]" time="0.000396728515625"><skipped message="Suite splitting in effect" type="pytest.skip">src/pymortests/operators.py:85: Suite splitting in effect</skipped></testcase><testcase classname="src.pymortests.operators" file="src/pymortests/operators.py" line="85" name="test_apply[&lt;lambda&gt;14]" time="0.0004467964172363281"><skipped message="Suite splitting in effect" type="pytest.skip">src/pymortests/operators.py:85: Suite splitting in effect</skipped></testcase><testcase classname="src.pymortests.operators" file="src/pymortests/operators.py" line="85" name="test_apply[&lt;lambda&gt;15]" time="0.0004208087921142578"><skipped message="Suite splitting in effect" type="pytest.skip">src/pymortests/operators.py:85: Suite splitting in effect</skipped></testcase><testcase classname="src.pymortests.operators" file="src/pymortests/operators.py" line="85" name="test_apply[&lt;lambda&gt;16]" time="0.0004267692565917969"><skipped message="Suite splitting in effect" type="pytest.skip">src/pymortests/operators.py:85: Suite splitting in effect</skipped></testcase><testcase classname="src.pymortests.operators" file="src/pymortests/operators.py" line="85" name="test_apply[&lt;lambda&gt;17]" time="0.0004150867462158203"><skipped message="Suite splitting in effect" type="pytest.skip">src/pymortests/operators.py:85: Suite splitting in effect</skipped></testcase><testcase classname="src.pymortests.operators" file="src/pymortests/operators.py" line="85" name="test_apply[&lt;lambda&gt;18]" time="0.0005276203155517578"><skipped message="Suite splitting in effect" type="pytest.skip">src/pymortests/operators.py:85: Suite splitting in effect</skipped></testcase><testcase classname="src.pymortests.operators" file="src/pymortests/operators.py" line="85" name="test_apply[&lt;lambda&gt;19]" time="0.0005252361297607422"><skipped message="Suite splitting in effect" type="pytest.skip">src/pymortests/operators.py:85: Suite splitting in effect</skipped></testcase><testcase classname="src.pymortests.operators" file="src/pymortests/operators.py" line="85" name="test_apply[&lt;lambda&gt;20]" time="0.0003974437713623047"><skipped message="Suite splitting in effect" type="pytest.skip">src/pymortests/operators.py:85: Suite splitting in effect</skipped></testcase><testcase classname="src.pymortests.operators" file="src/pymortests/operators.py" line="85" name="test_apply[&lt;lambda&gt;21]" time="0.00044345855712890625"><skipped message="Suite splitting in effect" type="pytest.skip">src/pymortests/operators.py:85: Suite splitting in effect</skipped></testcase><testcase classname="src.pymortests.operators" file="src/pymortests/operators.py" line="85" name="test_apply[&lt;lambda&gt;22]" time="0.0004134178161621094"><skipped message="Suite splitting in effect" type="pytest.skip">src/pymortests/operators.py:85: Suite splitting in effect</skipped></testcase><testcase classname="src.pymortests.operators" file="src/pymortests/operators.py" line="85" name="test_apply[&lt;lambda&gt;23]" time="0.0005922317504882812"><skipped message="Suite splitting in effect" type="pytest.skip">src/pymortests/operators.py:85: Suite splitting in effect</skipped></testcase><testcase classname="src.pymortests.operators" file="src/pymortests/operators.py" line="85" name="test_apply[&lt;lambda&gt;24]" time="0.0004565715789794922"><skipped message="Suite splitting in effect" type="pytest.skip">src/pymortests/operators.py:85: Suite splitting in effect</skipped></testcase><testcase classname="src.pymortests.operators" file="src/pymortests/operators.py" line="85" name="test_apply[&lt;lambda&gt;25]" time="0.0004134178161621094"><skipped message="Suite splitting in effect" type="pytest.skip">src/pymortests/operators.py:85: Suite splitting in effect</skipped></testcase><testcase classname="src.pymortests.operators" file="src/pymortests/operators.py" line="85" name="test_apply[&lt;lambda&gt;26]" time="0.0004799365997314453"><skipped message="Suite splitting in effect" type="pytest.skip">src/pymortests/operators.py:85: Suite splitting in effect</skipped></testcase><testcase classname="src.pymortests.operators" file="src/pymortests/operators.py" line="85" name="test_apply[&lt;lambda&gt;27]" time="0.0004048347473144531"><skipped message="Suite splitting in effect" type="pytest.skip">src/pymortests/operators.py:85: Suite splitting in effect</skipped></testcase><testcase classname="src.pymortests.operators" file="src/pymortests/operators.py" line="85" name="test_apply[&lt;lambda&gt;28]" time="0.0005304813385009766"><skipped message="Suite splitting in effect" type="pytest.skip">src/pymortests/operators.py:85: Suite splitting in effect</skipped></testcase><testcase classname="src.pymortests.operators" file="src/pymortests/operators.py" line="85" name="test_apply[&lt;lambda&gt;29]" time="0.00042700767517089844"><skipped message="Suite splitting in effect" type="pytest.skip">src/pymortests/operators.py:85: Suite splitting in effect</skipped></testcase><testcase classname="src.pymortests.operators" file="src/pymortests/operators.py" line="85" name="test_apply[&lt;lambda&gt;30]" time="0.00040268898010253906"><skipped message="Suite splitting in effect" type="pytest.skip">src/pymortests/operators.py:85: Suite splitting in effect</skipped></testcase><testcase classname="src.pymortests.operators" file="src/pymortests/operators.py" line="85" name="test_apply[&lt;lambda&gt;31]" time="0.0004506111145019531"><skipped message="Suite splitting in effect" type="pytest.skip">src/pymortests/operators.py:85: Suite splitting in effect</skipped></testcase><testcase classname="src.pymortests.operators" file="src/pymortests/operators.py" line="85" name="test_apply[&lt;lambda&gt;32]" time="0.00041937828063964844"><skipped message="Suite splitting in effect" type="pytest.skip">src/pymortests/operators.py:85: Suite splitting in effect</skipped></testcase><testcase classname="src.pymortests.operators" file="src/pymortests/operators.py" line="85" name="test_apply[&lt;lambda&gt;33]" time="0.0004718303680419922"><skipped message="Suite splitting in effect" type="pytest.skip">src/pymortests/operators.py:85: Suite splitting in effect</skipped></testcase><testcase classname="src.pymortests.operators" file="src/pymortests/operators.py" line="85" name="test_apply[&lt;lambda&gt;34]" time="0.0004222393035888672"><skipped message="Suite splitting in effect" type="pytest.skip">src/pymortests/operators.py:85: Suite splitting in effect</skipped></testcase><testcase classname="src.pymortests.operators" file="src/pymortests/operators.py" line="85" name="test_apply[&lt;lambda&gt;35]" time="0.0004057884216308594"><skipped message="Suite splitting in effect" type="pytest.skip">src/pymortests/operators.py:85: Suite splitting in effect</skipped></testcase><testcase classname="src.pymortests.operators" file="src/pymortests/operators.py" line="85" name="test_apply[&lt;lambda&gt;36]" time="0.00039887428283691406"><skipped message="Suite splitting in effect" type="pytest.skip">src/pymortests/operators.py:85: Suite splitting in effect</skipped></testcase><testcase classname="src.pymortests.operators" file="src/pymortests/operators.py" line="85" name="test_apply[&lt;lambda&gt;37]" time="0.0003921985626220703"><skipped message="Suite splitting in effect" type="pytest.skip">src/pymortests/operators.py:85: Suite splitting in effect</skipped></testcase><testcase classname="src.pymortests.operators" file="src/pymortests/operators.py" line="85" name="test_apply[&lt;lambda&gt;38]" time="0.00040912628173828125"><skipped message="Suite splitting in effect" type="pytest.skip">src/pymortests/operators.py:85: Suite splitting in effect</skipped></testcase><testcase classname="src.pymortests.operators" file="src/pymortests/operators.py" line="85" name="test_apply[&lt;lambda&gt;39]" time="0.0003979206085205078"><skipped message="Suite splitting in effect" type="pytest.skip">src/pymortests/operators.py:85: Suite splitting in effect</skipped></testcase><testcase classname="src.pymortests.operators" file="src/pymortests/operators.py" line="85" name="test_apply[&lt;lambda&gt;40]" time="0.00039267539978027344"><skipped message="Suite splitting in effect" type="pytest.skip">src/pymortests/operators.py:85: Suite splitting in effect</skipped></testcase><testcase classname="src.pymortests.operators" file="src/pymortests/operators.py" line="96" name="test_mul[&lt;lambda&gt;0]" time="0.0003955364227294922"><skipped message="Suite splitting in effect" type="pytest.skip">src/pymortests/operators.py:96: Suite splitting in effect</skipped></testcase><testcase classname="src.pymortests.operators" file="src/pymortests/operators.py" line="96" name="test_mul[&lt;lambda&gt;1]" time="0.0003910064697265625"><skipped message="Suite splitting in effect" type="pytest.skip">src/pymortests/operators.py:96: Suite splitting in effect</skipped></testcase><testcase classname="src.pymortests.operators" file="src/pymortests/operators.py" line="96" name="test_mul[&lt;lambda&gt;2]" time="0.00041174888610839844"><skipped message="Suite splitting in effect" type="pytest.skip">src/pymortests/operators.py:96: Suite splitting in effect</skipped></testcase><testcase classname="src.pymortests.operators" file="src/pymortests/operators.py" line="96" name="test_mul[&lt;lambda&gt;3]" time="0.0004000663757324219"><skipped message="Suite splitting in effect" type="pytest.skip">src/pymortests/operators.py:96: Suite splitting in effect</skipped></testcase><testcase classname="src.pymortests.operators" file="src/pymortests/operators.py" line="96" name="test_mul[&lt;lambda&gt;4]" time="0.000396728515625"><skipped message="Suite splitting in effect" type="pytest.skip">src/pymortests/operators.py:96: Suite splitting in effect</skipped></testcase><testcase classname="src.pymortests.operators" file="src/pymortests/operators.py" line="96" name="test_mul[&lt;lambda&gt;5]" time="0.0003979206085205078"><skipped message="Suite splitting in effect" type="pytest.skip">src/pymortests/operators.py:96: Suite splitting in effect</skipped></testcase><testcase classname="src.pymortests.operators" file="src/pymortests/operators.py" line="96" name="test_mul[&lt;lambda&gt;6]" time="0.00039839744567871094"><skipped message="Suite splitting in effect" type="pytest.skip">src/pymortests/operators.py:96: Suite splitting in effect</skipped></testcase><testcase classname="src.pymortests.operators" file="src/pymortests/operators.py" line="96" name="test_mul[&lt;lambda&gt;7]" time="0.0004425048828125"><skipped message="Suite splitting in effect" type="pytest.skip">src/pymortests/operators.py:96: Suite splitting in effect</skipped></testcase><testcase classname="src.pymortests.operators" file="src/pymortests/operators.py" line="96" name="test_mul[&lt;lambda&gt;8]" time="0.0004119873046875"><skipped message="Suite splitting in effect" type="pytest.skip">src/pymortests/operators.py:96: Suite splitting in effect</skipped></testcase><testcase classname="src.pymortests.operators" file="src/pymortests/operators.py" line="96" name="test_mul[&lt;lambda&gt;9]" time="0.0004215240478515625"><skipped message="Suite splitting in effect" type="pytest.skip">src/pymortests/operators.py:96: Suite splitting in effect</skipped></testcase><testcase classname="src.pymortests.operators" file="src/pymortests/operators.py" line="96" name="test_mul[&lt;lambda&gt;10]" time="0.0007181167602539062"><skipped message="Suite splitting in effect" type="pytest.skip">src/pymortests/operators.py:96: Suite splitting in effect</skipped></testcase><testcase classname="src.pymortests.operators" file="src/pymortests/operators.py" line="96" name="test_mul[&lt;lambda&gt;11]" time="0.00042557716369628906"><skipped message="Suite splitting in effect" type="pytest.skip">src/pymortests/operators.py:96: Suite splitting in effect</skipped></testcase><testcase classname="src.pymortests.operators" file="src/pymortests/operators.py" line="96" name="test_mul[&lt;lambda&gt;12]" time="0.00041103363037109375"><skipped message="Suite splitting in effect" type="pytest.skip">src/pymortests/operators.py:96: Suite splitting in effect</skipped></testcase><testcase classname="src.pymortests.operators" file="src/pymortests/operators.py" line="96" name="test_mul[&lt;lambda&gt;13]" time="0.00045871734619140625"><skipped message="Suite splitting in effect" type="pytest.skip">src/pymortests/operators.py:96: Suite splitting in effect</skipped></testcase><testcase classname="src.pymortests.operators" file="src/pymortests/operators.py" line="96" name="test_mul[&lt;lambda&gt;14]" time="0.0003962516784667969"><skipped message="Suite splitting in effect" type="pytest.skip">src/pymortests/operators.py:96: Suite splitting in effect</skipped></testcase><testcase classname="src.pymortests.operators" file="src/pymortests/operators.py" line="96" name="test_mul[&lt;lambda&gt;15]" time="0.00043201446533203125"><skipped message="Suite splitting in effect" type="pytest.skip">src/pymortests/operators.py:96: Suite splitting in effect</skipped></testcase><testcase classname="src.pymortests.operators" file="src/pymortests/operators.py" line="96" name="test_mul[&lt;lambda&gt;16]" time="0.00039768218994140625"><skipped message="Suite splitting in effect" type="pytest.skip">src/pymortests/operators.py:96: Suite splitting in effect</skipped></testcase><testcase classname="src.pymortests.operators" file="src/pymortests/operators.py" line="96" name="test_mul[&lt;lambda&gt;17]" time="0.00040435791015625"><skipped message="Suite splitting in effect" type="pytest.skip">src/pymortests/operators.py:96: Suite splitting in effect</skipped></testcase><testcase classname="src.pymortests.operators" file="src/pymortests/operators.py" line="96" name="test_mul[&lt;lambda&gt;18]" time="0.00044846534729003906"><skipped message="Suite splitting in effect" type="pytest.skip">src/pymortests/operators.py:96: Suite splitting in effect</skipped></testcase><testcase classname="src.pymortests.operators" file="src/pymortests/operators.py" line="96" name="test_mul[&lt;lambda&gt;19]" time="0.0004220008850097656"><skipped message="Suite splitting in effect" type="pytest.skip">src/pymortests/operators.py:96: Suite splitting in effect</skipped></testcase><testcase classname="src.pymortests.operators" file="src/pymortests/operators.py" line="96" name="test_mul[&lt;lambda&gt;20]" time="0.0004181861877441406"><skipped message="Suite splitting in effect" type="pytest.skip">src/pymortests/operators.py:96: Suite splitting in effect</skipped></testcase><testcase classname="src.pymortests.operators" file="src/pymortests/operators.py" line="96" name="test_mul[&lt;lambda&gt;21]" time="0.0004189014434814453"><skipped message="Suite splitting in effect" type="pytest.skip">src/pymortests/operators.py:96: Suite splitting in effect</skipped></testcase><testcase classname="src.pymortests.operators" file="src/pymortests/operators.py" line="96" name="test_mul[&lt;lambda&gt;22]" time="0.0003974437713623047"><skipped message="Suite splitting in effect" type="pytest.skip">src/pymortests/operators.py:96: Suite splitting in effect</skipped></testcase><testcase classname="src.pymortests.operators" file="src/pymortests/operators.py" line="96" name="test_mul[&lt;lambda&gt;23]" time="0.0003993511199951172"><skipped message="Suite splitting in effect" type="pytest.skip">src/pymortests/operators.py:96: Suite splitting in effect</skipped></testcase><testcase classname="src.pymortests.operators" file="src/pymortests/operators.py" line="96" name="test_mul[&lt;lambda&gt;24]" time="0.00043392181396484375"><skipped message="Suite splitting in effect" type="pytest.skip">src/pymortests/operators.py:96: Suite splitting in effect</skipped></testcase><testcase classname="src.pymortests.operators" file="src/pymortests/operators.py" line="96" name="test_mul[&lt;lambda&gt;25]" time="0.0003991127014160156"><skipped message="Suite splitting in effect" type="pytest.skip">src/pymortests/operators.py:96: Suite splitting in effect</skipped></testcase><testcase classname="src.pymortests.operators" file="src/pymortests/operators.py" line="96" name="test_mul[&lt;lambda&gt;26]" time="0.0004184246063232422"><skipped message="Suite splitting in effect" type="pytest.skip">src/pymortests/operators.py:96: Suite splitting in effect</skipped></testcase><testcase classname="src.pymortests.operators" file="src/pymortests/operators.py" line="96" name="test_mul[&lt;lambda&gt;27]" time="0.0004494190216064453"><skipped message="Suite splitting in effect" type="pytest.skip">src/pymortests/operators.py:96: Suite splitting in effect</skipped></testcase><testcase classname="src.pymortests.operators" file="src/pymortests/operators.py" line="96" name="test_mul[&lt;lambda&gt;28]" time="0.0005218982696533203"><skipped message="Suite splitting in effect" type="pytest.skip">src/pymortests/operators.py:96: Suite splitting in effect</skipped></testcase><testcase classname="src.pymortests.operators" file="src/pymortests/operators.py" line="96" name="test_mul[&lt;lambda&gt;29]" time="0.0005593299865722656"><skipped message="Suite splitting in effect" type="pytest.skip">src/pymortests/operators.py:96: Suite splitting in effect</skipped></testcase><testcase classname="src.pymortests.operators" file="src/pymortests/operators.py" line="96" name="test_mul[&lt;lambda&gt;30]" time="0.0003952980041503906"><skipped message="Suite splitting in effect" type="pytest.skip">src/pymortests/operators.py:96: Suite splitting in effect</skipped></testcase><testcase classname="src.pymortests.operators" file="src/pymortests/operators.py" line="96" name="test_mul[&lt;lambda&gt;31]" time="0.0004057884216308594"><skipped message="Suite splitting in effect" type="pytest.skip">src/pymortests/operators.py:96: Suite splitting in effect</skipped></testcase><testcase classname="src.pymortests.operators" file="src/pymortests/operators.py" line="96" name="test_mul[&lt;lambda&gt;32]" time="0.0004112720489501953"><skipped message="Suite splitting in effect" type="pytest.skip">src/pymortests/operators.py:96: Suite splitting in effect</skipped></testcase><testcase classname="src.pymortests.operators" file="src/pymortests/operators.py" line="96" name="test_mul[&lt;lambda&gt;33]" time="0.00044035911560058594"><skipped message="Suite splitting in effect" type="pytest.skip">src/pymortests/operators.py:96: Suite splitting in effect</skipped></testcase><testcase classname="src.pymortests.operators" file="src/pymortests/operators.py" line="96" name="test_mul[&lt;lambda&gt;34]" time="0.0004029273986816406"><skipped message="Suite splitting in effect" type="pytest.skip">src/pymortests/operators.py:96: Suite splitting in effect</skipped></testcase><testcase classname="src.pymortests.operators" file="src/pymortests/operators.py" line="96" name="test_mul[&lt;lambda&gt;35]" time="0.0003933906555175781"><skipped message="Suite splitting in effect" type="pytest.skip">src/pymortests/operators.py:96: Suite splitting in effect</skipped></testcase><testcase classname="src.pymortests.operators" file="src/pymortests/operators.py" line="96" name="test_mul[&lt;lambda&gt;36]" time="0.0005125999450683594"><skipped message="Suite splitting in effect" type="pytest.skip">src/pymortests/operators.py:96: Suite splitting in effect</skipped></testcase><testcase classname="src.pymortests.operators" file="src/pymortests/operators.py" line="96" name="test_mul[&lt;lambda&gt;37]" time="0.0003998279571533203"><skipped message="Suite splitting in effect" type="pytest.skip">src/pymortests/operators.py:96: Suite splitting in effect</skipped></testcase><testcase classname="src.pymortests.operators" file="src/pymortests/operators.py" line="96" name="test_mul[&lt;lambda&gt;38]" time="0.0004448890686035156"><skipped message="Suite splitting in effect" type="pytest.skip">src/pymortests/operators.py:96: Suite splitting in effect</skipped></testcase><testcase classname="src.pymortests.operators" file="src/pymortests/operators.py" line="96" name="test_mul[&lt;lambda&gt;39]" time="0.0003981590270996094"><skipped message="Suite splitting in effect" type="pytest.skip">src/pymortests/operators.py:96: Suite splitting in effect</skipped></testcase><testcase classname="src.pymortests.operators" file="src/pymortests/operators.py" line="96" name="test_mul[&lt;lambda&gt;40]" time="0.00042557716369628906"><skipped message="Suite splitting in effect" type="pytest.skip">src/pymortests/operators.py:96: Suite splitting in effect</skipped></testcase><testcase classname="src.pymortests.operators" file="src/pymortests/operators.py" line="103" name="test_rmul[&lt;lambda&gt;0]" time="0.00039386749267578125"><skipped message="Suite splitting in effect" type="pytest.skip">src/pymortests/operators.py:103: Suite splitting in effect</skipped></testcase><testcase classname="src.pymortests.operators" file="src/pymortests/operators.py" line="103" name="test_rmul[&lt;lambda&gt;1]" time="0.0004191398620605469"><skipped message="Suite splitting in effect" type="pytest.skip">src/pymortests/operators.py:103: Suite splitting in effect</skipped></testcase><testcase classname="src.pymortests.operators" file="src/pymortests/operators.py" line="103" name="test_rmul[&lt;lambda&gt;2]" time="0.0003974437713623047"><skipped message="Suite splitting in effect" type="pytest.skip">src/pymortests/operators.py:103: Suite splitting in effect</skipped></testcase><testcase classname="src.pymortests.operators" file="src/pymortests/operators.py" line="103" name="test_rmul[&lt;lambda&gt;3]" time="0.0004038810729980469"><skipped message="Suite splitting in effect" type="pytest.skip">src/pymortests/operators.py:103: Suite splitting in effect</skipped></testcase><testcase classname="src.pymortests.operators" file="src/pymortests/operators.py" line="103" name="test_rmul[&lt;lambda&gt;4]" time="0.00038814544677734375"><skipped message="Suite splitting in effect" type="pytest.skip">src/pymortests/operators.py:103: Suite splitting in effect</skipped></testcase><testcase classname="src.pymortests.operators" file="src/pymortests/operators.py" line="103" name="test_rmul[&lt;lambda&gt;5]" time="0.0004200935363769531"><skipped message="Suite splitting in effect" type="pytest.skip">src/pymortests/operators.py:103: Suite splitting in effect</skipped></testcase><testcase classname="src.pymortests.operators" file="src/pymortests/operators.py" line="103" name="test_rmul[&lt;lambda&gt;6]" time="0.0003924369812011719"><skipped message="Suite splitting in effect" type="pytest.skip">src/pymortests/operators.py:103: Suite splitting in effect</skipped></testcase><testcase classname="src.pymortests.operators" file="src/pymortests/operators.py" line="103" name="test_rmul[&lt;lambda&gt;7]" time="0.0004324913024902344"><skipped message="Suite splitting in effect" type="pytest.skip">src/pymortests/operators.py:103: Suite splitting in effect</skipped></testcase><testcase classname="src.pymortests.operators" file="src/pymortests/operators.py" line="103" name="test_rmul[&lt;lambda&gt;8]" time="0.0003886222839355469"><skipped message="Suite splitting in effect" type="pytest.skip">src/pymortests/operators.py:103: Suite splitting in effect</skipped></testcase><testcase classname="src.pymortests.operators" file="src/pymortests/operators.py" line="103" name="test_rmul[&lt;lambda&gt;9]" time="0.0005044937133789062"><skipped message="Suite splitting in effect" type="pytest.skip">src/pymortests/operators.py:103: Suite splitting in effect</skipped></testcase><testcase classname="src.pymortests.operators" file="src/pymortests/operators.py" line="103" name="test_rmul[&lt;lambda&gt;10]" time="0.0004200935363769531"><skipped message="Suite splitting in effect" type="pytest.skip">src/pymortests/operators.py:103: Suite splitting in effect</skipped></testcase><testcase classname="src.pymortests.operators" file="src/pymortests/operators.py" line="103" name="test_rmul[&lt;lambda&gt;11]" time="0.0005452632904052734"><skipped message="Suite splitting in effect" type="pytest.skip">src/pymortests/operators.py:103: Suite splitting in effect</skipped></testcase><testcase classname="src.pymortests.operators" file="src/pymortests/operators.py" line="103" name="test_rmul[&lt;lambda&gt;12]" time="0.000560760498046875"><skipped message="Suite splitting in effect" type="pytest.skip">src/pymortests/operators.py:103: Suite splitting in effect</skipped></testcase><testcase classname="src.pymortests.operators" file="src/pymortests/operators.py" line="103" name="test_rmul[&lt;lambda&gt;13]" time="0.00042176246643066406"><skipped message="Suite splitting in effect" type="pytest.skip">src/pymortests/operators.py:103: Suite splitting in effect</skipped></testcase><testcase classname="src.pymortests.operators" file="src/pymortests/operators.py" line="103" name="test_rmul[&lt;lambda&gt;14]" time="0.00042629241943359375"><skipped message="Suite splitting in effect" type="pytest.skip">src/pymortests/operators.py:103: Suite splitting in effect</skipped></testcase><testcase classname="src.pymortests.operators" file="src/pymortests/operators.py" line="103" name="test_rmul[&lt;lambda&gt;15]" time="0.00039839744567871094"><skipped message="Suite splitting in effect" type="pytest.skip">src/pymortests/operators.py:103: Suite splitting in effect</skipped></testcase><testcase classname="src.pymortests.operators" file="src/pymortests/operators.py" line="103" name="test_rmul[&lt;lambda&gt;16]" time="0.00047707557678222656"><skipped message="Suite splitting in effect" type="pytest.skip">src/pymortests/operators.py:103: Suite splitting in effect</skipped></testcase><testcase classname="src.pymortests.operators" file="src/pymortests/operators.py" line="103" name="test_rmul[&lt;lambda&gt;17]" time="0.00041174888610839844"><skipped message="Suite splitting in effect" type="pytest.skip">src/pymortests/operators.py:103: Suite splitting in effect</skipped></testcase><testcase classname="src.pymortests.operators" file="src/pymortests/operators.py" line="103" name="test_rmul[&lt;lambda&gt;18]" time="0.0006799697875976562"><skipped message="Suite splitting in effect" type="pytest.skip">src/pymortests/operators.py:103: Suite splitting in effect</skipped></testcase><testcase classname="src.pymortests.operators" file="src/pymortests/operators.py" line="103" name="test_rmul[&lt;lambda&gt;19]" time="0.00039887428283691406"><skipped message="Suite splitting in effect" type="pytest.skip">src/pymortests/operators.py:103: Suite splitting in effect</skipped></testcase><testcase classname="src.pymortests.operators" file="src/pymortests/operators.py" line="103" name="test_rmul[&lt;lambda&gt;20]" time="0.00043010711669921875"><skipped message="Suite splitting in effect" type="pytest.skip">src/pymortests/operators.py:103: Suite splitting in effect</skipped></testcase><testcase classname="src.pymortests.operators" file="src/pymortests/operators.py" line="103" name="test_rmul[&lt;lambda&gt;21]" time="0.0007114410400390625"><skipped message="Suite splitting in effect" type="pytest.skip">src/pymortests/operators.py:103: Suite splitting in effect</skipped></testcase><testcase classname="src.pymortests.operators" file="src/pymortests/operators.py" line="103" name="test_rmul[&lt;lambda&gt;22]" time="0.0005900859832763672"><skipped message="Suite splitting in effect" type="pytest.skip">src/pymortests/operators.py:103: Suite splitting in effect</skipped></testcase><testcase classname="src.pymortests.operators" file="src/pymortests/operators.py" line="103" name="test_rmul[&lt;lambda&gt;23]" time="0.0004372596740722656"><skipped message="Suite splitting in effect" type="pytest.skip">src/pymortests/operators.py:103: Suite splitting in effect</skipped></testcase><testcase classname="src.pymortests.operators" file="src/pymortests/operators.py" line="103" name="test_rmul[&lt;lambda&gt;24]" time="0.0004076957702636719"><skipped message="Suite splitting in effect" type="pytest.skip">src/pymortests/operators.py:103: Suite splitting in effect</skipped></testcase><testcase classname="src.pymortests.operators" file="src/pymortests/operators.py" line="103" name="test_rmul[&lt;lambda&gt;25]" time="0.0004150867462158203"><skipped message="Suite splitting in effect" type="pytest.skip">src/pymortests/operators.py:103: Suite splitting in effect</skipped></testcase><testcase classname="src.pymortests.operators" file="src/pymortests/operators.py" line="103" name="test_rmul[&lt;lambda&gt;26]" time="0.0004260540008544922"><skipped message="Suite splitting in effect" type="pytest.skip">src/pymortests/operators.py:103: Suite splitting in effect</skipped></testcase><testcase classname="src.pymortests.operators" file="src/pymortests/operators.py" line="103" name="test_rmul[&lt;lambda&gt;27]" time="0.0004036426544189453"><skipped message="Suite splitting in effect" type="pytest.skip">src/pymortests/operators.py:103: Suite splitting in effect</skipped></testcase><testcase classname="src.pymortests.operators" file="src/pymortests/operators.py" line="103" name="test_rmul[&lt;lambda&gt;28]" time="0.0004277229309082031"><skipped message="Suite splitting in effect" type="pytest.skip">src/pymortests/operators.py:103: Suite splitting in effect</skipped></testcase><testcase classname="src.pymortests.operators" file="src/pymortests/operators.py" line="103" name="test_rmul[&lt;lambda&gt;29]" time="0.00045418739318847656"><skipped message="Suite splitting in effect" type="pytest.skip">src/pymortests/operators.py:103: Suite splitting in effect</skipped></testcase><testcase classname="src.pymortests.operators" file="src/pymortests/operators.py" line="103" name="test_rmul[&lt;lambda&gt;30]" time="0.0004153251647949219"><skipped message="Suite splitting in effect" type="pytest.skip">src/pymortests/operators.py:103: Suite splitting in effect</skipped></testcase><testcase classname="src.pymortests.operators" file="src/pymortests/operators.py" line="103" name="test_rmul[&lt;lambda&gt;31]" time="0.0005481243133544922"><skipped message="Suite splitting in effect" type="pytest.skip">src/pymortests/operators.py:103: Suite splitting in effect</skipped></testcase><testcase classname="src.pymortests.operators" file="src/pymortests/operators.py" line="103" name="test_rmul[&lt;lambda&gt;32]" time="0.0004918575286865234"><skipped message="Suite splitting in effect" type="pytest.skip">src/pymortests/operators.py:103: Suite splitting in effect</skipped></testcase><testcase classname="src.pymortests.operators" file="src/pymortests/operators.py" line="103" name="test_rmul[&lt;lambda&gt;33]" time="0.0004725456237792969"><skipped message="Suite splitting in effect" type="pytest.skip">src/pymortests/operators.py:103: Suite splitting in effect</skipped></testcase><testcase classname="src.pymortests.operators" file="src/pymortests/operators.py" line="103" name="test_rmul[&lt;lambda&gt;34]" time="0.0004978179931640625"><skipped message="Suite splitting in effect" type="pytest.skip">src/pymortests/operators.py:103: Suite splitting in effect</skipped></testcase><testcase classname="src.pymortests.operators" file="src/pymortests/operators.py" line="103" name="test_rmul[&lt;lambda&gt;35]" time="0.0005533695220947266"><skipped message="Suite splitting in effect" type="pytest.skip">src/pymortests/operators.py:103: Suite splitting in effect</skipped></testcase><testcase classname="src.pymortests.operators" file="src/pymortests/operators.py" line="103" name="test_rmul[&lt;lambda&gt;36]" time="0.0004048347473144531"><skipped message="Suite splitting in effect" type="pytest.skip">src/pymortests/operators.py:103: Suite splitting in effect</skipped></testcase><testcase classname="src.pymortests.operators" file="src/pymortests/operators.py" line="103" name="test_rmul[&lt;lambda&gt;37]" time="0.000423431396484375"><skipped message="Suite splitting in effect" type="pytest.skip">src/pymortests/operators.py:103: Suite splitting in effect</skipped></testcase><testcase classname="src.pymortests.operators" file="src/pymortests/operators.py" line="103" name="test_rmul[&lt;lambda&gt;38]" time="0.0003998279571533203"><skipped message="Suite splitting in effect" type="pytest.skip">src/pymortests/operators.py:103: Suite splitting in effect</skipped></testcase><testcase classname="src.pymortests.operators" file="src/pymortests/operators.py" line="103" name="test_rmul[&lt;lambda&gt;39]" time="0.0004189014434814453"><skipped message="Suite splitting in effect" type="pytest.skip">src/pymortests/operators.py:103: Suite splitting in effect</skipped></testcase><testcase classname="src.pymortests.operators" file="src/pymortests/operators.py" line="103" name="test_rmul[&lt;lambda&gt;40]" time="0.0005288124084472656"><skipped message="Suite splitting in effect" type="pytest.skip">src/pymortests/operators.py:103: Suite splitting in effect</skipped></testcase><testcase classname="src.pymortests.operators" file="src/pymortests/operators.py" line="110" name="test_neg[&lt;lambda&gt;0]" time="0.0004334449768066406"><skipped message="Suite splitting in effect" type="pytest.skip">src/pymortests/operators.py:110: Suite splitting in effect</skipped></testcase><testcase classname="src.pymortests.operators" file="src/pymortests/operators.py" line="110" name="test_neg[&lt;lambda&gt;1]" time="0.00048661231994628906"><skipped message="Suite splitting in effect" type="pytest.skip">src/pymortests/operators.py:110: Suite splitting in effect</skipped></testcase><testcase classname="src.pymortests.operators" file="src/pymortests/operators.py" line="110" name="test_neg[&lt;lambda&gt;2]" time="0.0005323886871337891"><skipped message="Suite splitting in effect" type="pytest.skip">src/pymortests/operators.py:110: Suite splitting in effect</skipped></testcase><testcase classname="src.pymortests.operators" file="src/pymortests/operators.py" line="110" name="test_neg[&lt;lambda&gt;3]" time="0.0004642009735107422"><skipped message="Suite splitting in effect" type="pytest.skip">src/pymortests/operators.py:110: Suite splitting in effect</skipped></testcase><testcase classname="src.pymortests.operators" file="src/pymortests/operators.py" line="110" name="test_neg[&lt;lambda&gt;4]" time="0.00040602684020996094"><skipped message="Suite splitting in effect" type="pytest.skip">src/pymortests/operators.py:110: Suite splitting in effect</skipped></testcase><testcase classname="src.pymortests.operators" file="src/pymortests/operators.py" line="110" name="test_neg[&lt;lambda&gt;5]" time="0.0004563331604003906"><skipped message="Suite splitting in effect" type="pytest.skip">src/pymortests/operators.py:110: Suite splitting in effect</skipped></testcase><testcase classname="src.pymortests.operators" file="src/pymortests/operators.py" line="110" name="test_neg[&lt;lambda&gt;6]" time="0.00045037269592285156"><skipped message="Suite splitting in effect" type="pytest.skip">src/pymortests/operators.py:110: Suite splitting in effect</skipped></testcase><testcase classname="src.pymortests.operators" file="src/pymortests/operators.py" line="110" name="test_neg[&lt;lambda&gt;7]" time="0.00043392181396484375"><skipped message="Suite splitting in effect" type="pytest.skip">src/pymortests/operators.py:110: Suite splitting in effect</skipped></testcase><testcase classname="src.pymortests.operators" file="src/pymortests/operators.py" line="110" name="test_neg[&lt;lambda&gt;8]" time="0.0003998279571533203"><skipped message="Suite splitting in effect" type="pytest.skip">src/pymortests/operators.py:110: Suite splitting in effect</skipped></testcase><testcase classname="src.pymortests.operators" file="src/pymortests/operators.py" line="110" name="test_neg[&lt;lambda&gt;9]" time="0.0004279613494873047"><skipped message="Suite splitting in effect" type="pytest.skip">src/pymortests/operators.py:110: Suite splitting in effect</skipped></testcase><testcase classname="src.pymortests.operators" file="src/pymortests/operators.py" line="110" name="test_neg[&lt;lambda&gt;10]" time="0.0003986358642578125"><skipped message="Suite splitting in effect" type="pytest.skip">src/pymortests/operators.py:110: Suite splitting in effect</skipped></testcase><testcase classname="src.pymortests.operators" file="src/pymortests/operators.py" line="110" name="test_neg[&lt;lambda&gt;11]" time="0.0004246234893798828"><skipped message="Suite splitting in effect" type="pytest.skip">src/pymortests/operators.py:110: Suite splitting in effect</skipped></testcase><testcase classname="src.pymortests.operators" file="src/pymortests/operators.py" line="110" name="test_neg[&lt;lambda&gt;12]" time="0.00040078163146972656"><skipped message="Suite splitting in effect" type="pytest.skip">src/pymortests/operators.py:110: Suite splitting in effect</skipped></testcase><testcase classname="src.pymortests.operators" file="src/pymortests/operators.py" line="110" name="test_neg[&lt;lambda&gt;13]" time="0.0004494190216064453"><skipped message="Suite splitting in effect" type="pytest.skip">src/pymortests/operators.py:110: Suite splitting in effect</skipped></testcase><testcase classname="src.pymortests.operators" file="src/pymortests/operators.py" line="110" name="test_neg[&lt;lambda&gt;14]" time="0.0004181861877441406"><skipped message="Suite splitting in effect" type="pytest.skip">src/pymortests/operators.py:110: Suite splitting in effect</skipped></testcase><testcase classname="src.pymortests.operators" file="src/pymortests/operators.py" line="110" name="test_neg[&lt;lambda&gt;15]" time="0.00039505958557128906"><skipped message="Suite splitting in effect" type="pytest.skip">src/pymortests/operators.py:110: Suite splitting in effect</skipped></testcase><testcase classname="src.pymortests.operators" file="src/pymortests/operators.py" line="110" name="test_neg[&lt;lambda&gt;16]" time="0.0004756450653076172"><skipped message="Suite splitting in effect" type="pytest.skip">src/pymortests/operators.py:110: Suite splitting in effect</skipped></testcase><testcase classname="src.pymortests.operators" file="src/pymortests/operators.py" line="110" name="test_neg[&lt;lambda&gt;17]" time="0.0005011558532714844"><skipped message="Suite splitting in effect" type="pytest.skip">src/pymortests/operators.py:110: Suite splitting in effect</skipped></testcase><testcase classname="src.pymortests.operators" file="src/pymortests/operators.py" line="110" name="test_neg[&lt;lambda&gt;18]" time="0.0004143714904785156"><skipped message="Suite splitting in effect" type="pytest.skip">src/pymortests/operators.py:110: Suite splitting in effect</skipped></testcase><testcase classname="src.pymortests.operators" file="src/pymortests/operators.py" line="110" name="test_neg[&lt;lambda&gt;19]" time="0.0003972053527832031"><skipped message="Suite splitting in effect" type="pytest.skip">src/pymortests/operators.py:110: Suite splitting in effect</skipped></testcase><testcase classname="src.pymortests.operators" file="src/pymortests/operators.py" line="110" name="test_neg[&lt;lambda&gt;20]" time="0.0004134178161621094"><skipped message="Suite splitting in effect" type="pytest.skip">src/pymortests/operators.py:110: Suite splitting in effect</skipped></testcase><testcase classname="src.pymortests.operators" file="src/pymortests/operators.py" line="110" name="test_neg[&lt;lambda&gt;21]" time="0.0003936290740966797"><skipped message="Suite splitting in effect" type="pytest.skip">src/pymortests/operators.py:110: Suite splitting in effect</skipped></testcase><testcase classname="src.pymortests.operators" file="src/pymortests/operators.py" line="110" name="test_neg[&lt;lambda&gt;22]" time="0.0003936290740966797"><skipped message="Suite splitting in effect" type="pytest.skip">src/pymortests/operators.py:110: Suite splitting in effect</skipped></testcase><testcase classname="src.pymortests.operators" file="src/pymortests/operators.py" line="110" name="test_neg[&lt;lambda&gt;23]" time="0.0007455348968505859"><skipped message="Suite splitting in effect" type="pytest.skip">src/pymortests/operators.py:110: Suite splitting in effect</skipped></testcase><testcase classname="src.pymortests.operators" file="src/pymortests/operators.py" line="110" name="test_neg[&lt;lambda&gt;24]" time="0.00044465065002441406"><skipped message="Suite splitting in effect" type="pytest.skip">src/pymortests/operators.py:110: Suite splitting in effect</skipped></testcase><testcase classname="src.pymortests.operators" file="src/pymortests/operators.py" line="110" name="test_neg[&lt;lambda&gt;25]" time="0.0004973411560058594"><skipped message="Suite splitting in effect" type="pytest.skip">src/pymortests/operators.py:110: Suite splitting in effect</skipped></testcase><testcase classname="src.pymortests.operators" file="src/pymortests/operators.py" line="110" name="test_neg[&lt;lambda&gt;26]" time="0.00039649009704589844"><skipped message="Suite splitting in effect" type="pytest.skip">src/pymortests/operators.py:110: Suite splitting in effect</skipped></testcase><testcase classname="src.pymortests.operators" file="src/pymortests/operators.py" line="110" name="test_neg[&lt;lambda&gt;27]" time="0.0004208087921142578"><skipped message="Suite splitting in effect" type="pytest.skip">src/pymortests/operators.py:110: Suite splitting in effect</skipped></testcase><testcase classname="src.pymortests.operators" file="src/pymortests/operators.py" line="110" name="test_neg[&lt;lambda&gt;28]" time="0.0003895759582519531"><skipped message="Suite splitting in effect" type="pytest.skip">src/pymortests/operators.py:110: Suite splitting in effect</skipped></testcase><testcase classname="src.pymortests.operators" file="src/pymortests/operators.py" line="110" name="test_neg[&lt;lambda&gt;29]" time="0.00042939186096191406"><skipped message="Suite splitting in effect" type="pytest.skip">src/pymortests/operators.py:110: Suite splitting in effect</skipped></testcase><testcase classname="src.pymortests.operators" file="src/pymortests/operators.py" line="110" name="test_neg[&lt;lambda&gt;30]" time="0.00039958953857421875"><skipped message="Suite splitting in effect" type="pytest.skip">src/pymortests/operators.py:110: Suite splitting in effect</skipped></testcase><testcase classname="src.pymortests.operators" file="src/pymortests/operators.py" line="110" name="test_neg[&lt;lambda&gt;31]" time="0.0003936290740966797"><skipped message="Suite splitting in effect" type="pytest.skip">src/pymortests/operators.py:110: Suite splitting in effect</skipped></testcase><testcase classname="src.pymortests.operators" file="src/pymortests/operators.py" line="110" name="test_neg[&lt;lambda&gt;32]" time="0.0003979206085205078"><skipped message="Suite splitting in effect" type="pytest.skip">src/pymortests/operators.py:110: Suite splitting in effect</skipped></testcase><testcase classname="src.pymortests.operators" file="src/pymortests/operators.py" line="110" name="test_neg[&lt;lambda&gt;33]" time="0.000392913818359375"><skipped message="Suite splitting in effect" type="pytest.skip">src/pymortests/operators.py:110: Suite splitting in effect</skipped></testcase><testcase classname="src.pymortests.operators" file="src/pymortests/operators.py" line="110" name="test_neg[&lt;lambda&gt;34]" time="0.0005028247833251953"><skipped message="Suite splitting in effect" type="pytest.skip">src/pymortests/operators.py:110: Suite splitting in effect</skipped></testcase><testcase classname="src.pymortests.operators" file="src/pymortests/operators.py" line="110" name="test_neg[&lt;lambda&gt;35]" time="0.0004799365997314453"><skipped message="Suite splitting in effect" type="pytest.skip">src/pymortests/operators.py:110: Suite splitting in effect</skipped></testcase><testcase classname="src.pymortests.operators" file="src/pymortests/operators.py" line="110" name="test_neg[&lt;lambda&gt;36]" time="0.0004010200500488281"><skipped message="Suite splitting in effect" type="pytest.skip">src/pymortests/operators.py:110: Suite splitting in effect</skipped></testcase><testcase classname="src.pymortests.operators" file="src/pymortests/operators.py" line="110" name="test_neg[&lt;lambda&gt;37]" time="0.0004382133483886719"><skipped message="Suite splitting in effect" type="pytest.skip">src/pymortests/operators.py:110: Suite splitting in effect</skipped></testcase><testcase classname="src.pymortests.operators" file="src/pymortests/operators.py" line="110" name="test_neg[&lt;lambda&gt;38]" time="0.00044417381286621094"><skipped message="Suite splitting in effect" type="pytest.skip">src/pymortests/operators.py:110: Suite splitting in effect</skipped></testcase><testcase classname="src.pymortests.operators" file="src/pymortests/operators.py" line="110" name="test_neg[&lt;lambda&gt;39]" time="0.0006301403045654297"><skipped message="Suite splitting in effect" type="pytest.skip">src/pymortests/operators.py:110: Suite splitting in effect</skipped></testcase><testcase classname="src.pymortests.operators" file="src/pymortests/operators.py" line="110" name="test_neg[&lt;lambda&gt;40]" time="0.0005466938018798828"><skipped message="Suite splitting in effect" type="pytest.skip">src/pymortests/operators.py:110: Suite splitting in effect</skipped></testcase><testcase classname="src.pymortests.operators" file="src/pymortests/operators.py" line="116" name="test_apply2[&lt;lambda&gt;0]" time="0.0004918575286865234"><skipped message="Suite splitting in effect" type="pytest.skip">src/pymortests/operators.py:116: Suite splitting in effect</skipped></testcase><testcase classname="src.pymortests.operators" file="src/pymortests/operators.py" line="116" name="test_apply2[&lt;lambda&gt;1]" time="0.0005719661712646484"><skipped message="Suite splitting in effect" type="pytest.skip">src/pymortests/operators.py:116: Suite splitting in effect</skipped></testcase><testcase classname="src.pymortests.operators" file="src/pymortests/operators.py" line="116" name="test_apply2[&lt;lambda&gt;2]" time="0.0004019737243652344"><skipped message="Suite splitting in effect" type="pytest.skip">src/pymortests/operators.py:116: Suite splitting in effect</skipped></testcase><testcase classname="src.pymortests.operators" file="src/pymortests/operators.py" line="116" name="test_apply2[&lt;lambda&gt;3]" time="0.0004329681396484375"><skipped message="Suite splitting in effect" type="pytest.skip">src/pymortests/operators.py:116: Suite splitting in effect</skipped></testcase><testcase classname="src.pymortests.operators" file="src/pymortests/operators.py" line="116" name="test_apply2[&lt;lambda&gt;4]" time="0.0004227161407470703"><skipped message="Suite splitting in effect" type="pytest.skip">src/pymortests/operators.py:116: Suite splitting in effect</skipped></testcase><testcase classname="src.pymortests.operators" file="src/pymortests/operators.py" line="116" name="test_apply2[&lt;lambda&gt;5]" time="0.0004229545593261719"><skipped message="Suite splitting in effect" type="pytest.skip">src/pymortests/operators.py:116: Suite splitting in effect</skipped></testcase><testcase classname="src.pymortests.operators" file="src/pymortests/operators.py" line="116" name="test_apply2[&lt;lambda&gt;6]" time="0.0004718303680419922"><skipped message="Suite splitting in effect" type="pytest.skip">src/pymortests/operators.py:116: Suite splitting in effect</skipped></testcase><testcase classname="src.pymortests.operators" file="src/pymortests/operators.py" line="116" name="test_apply2[&lt;lambda&gt;7]" time="0.000396728515625"><skipped message="Suite splitting in effect" type="pytest.skip">src/pymortests/operators.py:116: Suite splitting in effect</skipped></testcase><testcase classname="src.pymortests.operators" file="src/pymortests/operators.py" line="116" name="test_apply2[&lt;lambda&gt;8]" time="0.0004258155822753906"><skipped message="Suite splitting in effect" type="pytest.skip">src/pymortests/operators.py:116: Suite splitting in effect</skipped></testcase><testcase classname="src.pymortests.operators" file="src/pymortests/operators.py" line="116" name="test_apply2[&lt;lambda&gt;9]" time="0.0003943443298339844"><skipped message="Suite splitting in effect" type="pytest.skip">src/pymortests/operators.py:116: Suite splitting in effect</skipped></testcase><testcase classname="src.pymortests.operators" file="src/pymortests/operators.py" line="116" name="test_apply2[&lt;lambda&gt;10]" time="0.0004239082336425781"><skipped message="Suite splitting in effect" type="pytest.skip">src/pymortests/operators.py:116: Suite splitting in effect</skipped></testcase><testcase classname="src.pymortests.operators" file="src/pymortests/operators.py" line="116" name="test_apply2[&lt;lambda&gt;11]" time="0.00040650367736816406"><skipped message="Suite splitting in effect" type="pytest.skip">src/pymortests/operators.py:116: Suite splitting in effect</skipped></testcase><testcase classname="src.pymortests.operators" file="src/pymortests/operators.py" line="116" name="test_apply2[&lt;lambda&gt;12]" time="0.00048089027404785156"><skipped message="Suite splitting in effect" type="pytest.skip">src/pymortests/operators.py:116: Suite splitting in effect</skipped></testcase><testcase classname="src.pymortests.operators" file="src/pymortests/operators.py" line="116" name="test_apply2[&lt;lambda&gt;13]" time="0.00045228004455566406"><skipped message="Suite splitting in effect" type="pytest.skip">src/pymortests/operators.py:116: Suite splitting in effect</skipped></testcase><testcase classname="src.pymortests.operators" file="src/pymortests/operators.py" line="116" name="test_apply2[&lt;lambda&gt;14]" time="0.0005033016204833984"><skipped message="Suite splitting in effect" type="pytest.skip">src/pymortests/operators.py:116: Suite splitting in effect</skipped></testcase><testcase classname="src.pymortests.operators" file="src/pymortests/operators.py" line="116" name="test_apply2[&lt;lambda&gt;15]" time="0.00042247772216796875"><skipped message="Suite splitting in effect" type="pytest.skip">src/pymortests/operators.py:116: Suite splitting in effect</skipped></testcase><testcase classname="src.pymortests.operators" file="src/pymortests/operators.py" line="116" name="test_apply2[&lt;lambda&gt;16]" time="0.0004291534423828125"><skipped message="Suite splitting in effect" type="pytest.skip">src/pymortests/operators.py:116: Suite splitting in effect</skipped></testcase><testcase classname="src.pymortests.operators" file="src/pymortests/operators.py" line="116" name="test_apply2[&lt;lambda&gt;17]" time="0.0003936290740966797"><skipped message="Suite splitting in effect" type="pytest.skip">src/pymortests/operators.py:116: Suite splitting in effect</skipped></testcase><testcase classname="src.pymortests.operators" file="src/pymortests/operators.py" line="116" name="test_apply2[&lt;lambda&gt;18]" time="0.0004513263702392578"><skipped message="Suite splitting in effect" type="pytest.skip">src/pymortests/operators.py:116: Suite splitting in effect</skipped></testcase><testcase classname="src.pymortests.operators" file="src/pymortests/operators.py" line="116" name="test_apply2[&lt;lambda&gt;19]" time="0.0004355907440185547"><skipped message="Suite splitting in effect" type="pytest.skip">src/pymortests/operators.py:116: Suite splitting in effect</skipped></testcase><testcase classname="src.pymortests.operators" file="src/pymortests/operators.py" line="116" name="test_apply2[&lt;lambda&gt;20]" time="0.00043010711669921875"><skipped message="Suite splitting in effect" type="pytest.skip">src/pymortests/operators.py:116: Suite splitting in effect</skipped></testcase><testcase classname="src.pymortests.operators" file="src/pymortests/operators.py" line="116" name="test_apply2[&lt;lambda&gt;21]" time="0.00043845176696777344"><skipped message="Suite splitting in effect" type="pytest.skip">src/pymortests/operators.py:116: Suite splitting in effect</skipped></testcase><testcase classname="src.pymortests.operators" file="src/pymortests/operators.py" line="116" name="test_apply2[&lt;lambda&gt;22]" time="0.0006282329559326172"><skipped message="Suite splitting in effect" type="pytest.skip">src/pymortests/operators.py:116: Suite splitting in effect</skipped></testcase><testcase classname="src.pymortests.operators" file="src/pymortests/operators.py" line="116" name="test_apply2[&lt;lambda&gt;23]" time="0.00047659873962402344"><skipped message="Suite splitting in effect" type="pytest.skip">src/pymortests/operators.py:116: Suite splitting in effect</skipped></testcase><testcase classname="src.pymortests.operators" file="src/pymortests/operators.py" line="116" name="test_apply2[&lt;lambda&gt;24]" time="0.00044608116149902344"><skipped message="Suite splitting in effect" type="pytest.skip">src/pymortests/operators.py:116: Suite splitting in effect</skipped></testcase><testcase classname="src.pymortests.operators" file="src/pymortests/operators.py" line="116" name="test_apply2[&lt;lambda&gt;25]" time="0.0006501674652099609"><skipped message="Suite splitting in effect" type="pytest.skip">src/pymortests/operators.py:116: Suite splitting in effect</skipped></testcase><testcase classname="src.pymortests.operators" file="src/pymortests/operators.py" line="116" name="test_apply2[&lt;lambda&gt;26]" time="0.0004966259002685547"><skipped message="Suite splitting in effect" type="pytest.skip">src/pymortests/operators.py:116: Suite splitting in effect</skipped></testcase><testcase classname="src.pymortests.operators" file="src/pymortests/operators.py" line="116" name="test_apply2[&lt;lambda&gt;27]" time="0.00072479248046875"><skipped message="Suite splitting in effect" type="pytest.skip">src/pymortests/operators.py:116: Suite splitting in effect</skipped></testcase><testcase classname="src.pymortests.operators" file="src/pymortests/operators.py" line="116" name="test_apply2[&lt;lambda&gt;28]" time="0.00041675567626953125"><skipped message="Suite splitting in effect" type="pytest.skip">src/pymortests/operators.py:116: Suite splitting in effect</skipped></testcase><testcase classname="src.pymortests.operators" file="src/pymortests/operators.py" line="116" name="test_apply2[&lt;lambda&gt;29]" time="0.0004248619079589844"><skipped message="Suite splitting in effect" type="pytest.skip">src/pymortests/operators.py:116: Suite splitting in effect</skipped></testcase><testcase classname="src.pymortests.operators" file="src/pymortests/operators.py" line="116" name="test_apply2[&lt;lambda&gt;30]" time="0.0004055500030517578"><skipped message="Suite splitting in effect" type="pytest.skip">src/pymortests/operators.py:116: Suite splitting in effect</skipped></testcase><testcase classname="src.pymortests.operators" file="src/pymortests/operators.py" line="116" name="test_apply2[&lt;lambda&gt;31]" time="0.0004246234893798828"><skipped message="Suite splitting in effect" type="pytest.skip">src/pymortests/operators.py:116: Suite splitting in effect</skipped></testcase><testcase classname="src.pymortests.operators" file="src/pymortests/operators.py" line="116" name="test_apply2[&lt;lambda&gt;32]" time="0.0004069805145263672"><skipped message="Suite splitting in effect" type="pytest.skip">src/pymortests/operators.py:116: Suite splitting in effect</skipped></testcase><testcase classname="src.pymortests.operators" file="src/pymortests/operators.py" line="116" name="test_apply2[&lt;lambda&gt;33]" time="0.0004494190216064453"><skipped message="Suite splitting in effect" type="pytest.skip">src/pymortests/operators.py:116: Suite splitting in effect</skipped></testcase><testcase classname="src.pymortests.operators" file="src/pymortests/operators.py" line="116" name="test_apply2[&lt;lambda&gt;34]" time="0.00048804283142089844"><skipped message="Suite splitting in effect" type="pytest.skip">src/pymortests/operators.py:116: Suite splitting in effect</skipped></testcase><testcase classname="src.pymortests.operators" file="src/pymortests/operators.py" line="116" name="test_apply2[&lt;lambda&gt;35]" time="0.0004322528839111328"><skipped message="Suite splitting in effect" type="pytest.skip">src/pymortests/operators.py:116: Suite splitting in effect</skipped></testcase><testcase classname="src.pymortests.operators" file="src/pymortests/operators.py" line="116" name="test_apply2[&lt;lambda&gt;36]" time="0.0003952980041503906"><skipped message="Suite splitting in effect" type="pytest.skip">src/pymortests/operators.py:116: Suite splitting in effect</skipped></testcase><testcase classname="src.pymortests.operators" file="src/pymortests/operators.py" line="116" name="test_apply2[&lt;lambda&gt;37]" time="0.0004000663757324219"><skipped message="Suite splitting in effect" type="pytest.skip">src/pymortests/operators.py:116: Suite splitting in effect</skipped></testcase><testcase classname="src.pymortests.operators" file="src/pymortests/operators.py" line="116" name="test_apply2[&lt;lambda&gt;38]" time="0.0003914833068847656"><skipped message="Suite splitting in effect" type="pytest.skip">src/pymortests/operators.py:116: Suite splitting in effect</skipped></testcase><testcase classname="src.pymortests.operators" file="src/pymortests/operators.py" line="116" name="test_apply2[&lt;lambda&gt;39]" time="0.0003902912139892578"><skipped message="Suite splitting in effect" type="pytest.skip">src/pymortests/operators.py:116: Suite splitting in effect</skipped></testcase><testcase classname="src.pymortests.operators" file="src/pymortests/operators.py" line="116" name="test_apply2[&lt;lambda&gt;40]" time="0.0005309581756591797"><skipped message="Suite splitting in effect" type="pytest.skip">src/pymortests/operators.py:116: Suite splitting in effect</skipped></testcase><testcase classname="src.pymortests.operators" file="src/pymortests/operators.py" line="126" name="test_pairwise_apply2[&lt;lambda&gt;0]" time="0.00039505958557128906"><skipped message="Suite splitting in effect" type="pytest.skip">src/pymortests/operators.py:126: Suite splitting in effect</skipped></testcase><testcase classname="src.pymortests.operators" file="src/pymortests/operators.py" line="126" name="test_pairwise_apply2[&lt;lambda&gt;1]" time="0.00043272972106933594"><skipped message="Suite splitting in effect" type="pytest.skip">src/pymortests/operators.py:126: Suite splitting in effect</skipped></testcase><testcase classname="src.pymortests.operators" file="src/pymortests/operators.py" line="126" name="test_pairwise_apply2[&lt;lambda&gt;2]" time="0.0004801750183105469"><skipped message="Suite splitting in effect" type="pytest.skip">src/pymortests/operators.py:126: Suite splitting in effect</skipped></testcase><testcase classname="src.pymortests.operators" file="src/pymortests/operators.py" line="126" name="test_pairwise_apply2[&lt;lambda&gt;3]" time="0.0004031658172607422"><skipped message="Suite splitting in effect" type="pytest.skip">src/pymortests/operators.py:126: Suite splitting in effect</skipped></testcase><testcase classname="src.pymortests.operators" file="src/pymortests/operators.py" line="126" name="test_pairwise_apply2[&lt;lambda&gt;4]" time="0.0004284381866455078"><skipped message="Suite splitting in effect" type="pytest.skip">src/pymortests/operators.py:126: Suite splitting in effect</skipped></testcase><testcase classname="src.pymortests.operators" file="src/pymortests/operators.py" line="126" name="test_pairwise_apply2[&lt;lambda&gt;5]" time="0.0006403923034667969"><skipped message="Suite splitting in effect" type="pytest.skip">src/pymortests/operators.py:126: Suite splitting in effect</skipped></testcase><testcase classname="src.pymortests.operators" file="src/pymortests/operators.py" line="126" name="test_pairwise_apply2[&lt;lambda&gt;6]" time="0.0006120204925537109"><skipped message="Suite splitting in effect" type="pytest.skip">src/pymortests/operators.py:126: Suite splitting in effect</skipped></testcase><testcase classname="src.pymortests.operators" file="src/pymortests/operators.py" line="126" name="test_pairwise_apply2[&lt;lambda&gt;7]" time="0.0004942417144775391"><skipped message="Suite splitting in effect" type="pytest.skip">src/pymortests/operators.py:126: Suite splitting in effect</skipped></testcase><testcase classname="src.pymortests.operators" file="src/pymortests/operators.py" line="126" name="test_pairwise_apply2[&lt;lambda&gt;8]" time="0.0004279613494873047"><skipped message="Suite splitting in effect" type="pytest.skip">src/pymortests/operators.py:126: Suite splitting in effect</skipped></testcase><testcase classname="src.pymortests.operators" file="src/pymortests/operators.py" line="126" name="test_pairwise_apply2[&lt;lambda&gt;9]" time="0.0004487037658691406"><skipped message="Suite splitting in effect" type="pytest.skip">src/pymortests/operators.py:126: Suite splitting in effect</skipped></testcase><testcase classname="src.pymortests.operators" file="src/pymortests/operators.py" line="126" name="test_pairwise_apply2[&lt;lambda&gt;10]" time="0.0004074573516845703"><skipped message="Suite splitting in effect" type="pytest.skip">src/pymortests/operators.py:126: Suite splitting in effect</skipped></testcase><testcase classname="src.pymortests.operators" file="src/pymortests/operators.py" line="126" name="test_pairwise_apply2[&lt;lambda&gt;11]" time="0.00043082237243652344"><skipped message="Suite splitting in effect" type="pytest.skip">src/pymortests/operators.py:126: Suite splitting in effect</skipped></testcase><testcase classname="src.pymortests.operators" file="src/pymortests/operators.py" line="126" name="test_pairwise_apply2[&lt;lambda&gt;12]" time="0.0004220008850097656"><skipped message="Suite splitting in effect" type="pytest.skip">src/pymortests/operators.py:126: Suite splitting in effect</skipped></testcase><testcase classname="src.pymortests.operators" file="src/pymortests/operators.py" line="126" name="test_pairwise_apply2[&lt;lambda&gt;13]" time="0.00040030479431152344"><skipped message="Suite splitting in effect" type="pytest.skip">src/pymortests/operators.py:126: Suite splitting in effect</skipped></testcase><testcase classname="src.pymortests.operators" file="src/pymortests/operators.py" line="126" name="test_pairwise_apply2[&lt;lambda&gt;14]" time="0.00042057037353515625"><skipped message="Suite splitting in effect" type="pytest.skip">src/pymortests/operators.py:126: Suite splitting in effect</skipped></testcase><testcase classname="src.pymortests.operators" file="src/pymortests/operators.py" line="126" name="test_pairwise_apply2[&lt;lambda&gt;15]" time="0.00039649009704589844"><skipped message="Suite splitting in effect" type="pytest.skip">src/pymortests/operators.py:126: Suite splitting in effect</skipped></testcase><testcase classname="src.pymortests.operators" file="src/pymortests/operators.py" line="126" name="test_pairwise_apply2[&lt;lambda&gt;16]" time="0.00047588348388671875"><skipped message="Suite splitting in effect" type="pytest.skip">src/pymortests/operators.py:126: Suite splitting in effect</skipped></testcase><testcase classname="src.pymortests.operators" file="src/pymortests/operators.py" line="126" name="test_pairwise_apply2[&lt;lambda&gt;17]" time="0.0006449222564697266"><skipped message="Suite splitting in effect" type="pytest.skip">src/pymortests/operators.py:126: Suite splitting in effect</skipped></testcase><testcase classname="src.pymortests.operators" file="src/pymortests/operators.py" line="126" name="test_pairwise_apply2[&lt;lambda&gt;18]" time="0.0007250308990478516"><skipped message="Suite splitting in effect" type="pytest.skip">src/pymortests/operators.py:126: Suite splitting in effect</skipped></testcase><testcase classname="src.pymortests.operators" file="src/pymortests/operators.py" line="126" name="test_pairwise_apply2[&lt;lambda&gt;19]" time="0.0004754066467285156"><skipped message="Suite splitting in effect" type="pytest.skip">src/pymortests/operators.py:126: Suite splitting in effect</skipped></testcase><testcase classname="src.pymortests.operators" file="src/pymortests/operators.py" line="126" name="test_pairwise_apply2[&lt;lambda&gt;20]" time="0.0004165172576904297"><skipped message="Suite splitting in effect" type="pytest.skip">src/pymortests/operators.py:126: Suite splitting in effect</skipped></testcase><testcase classname="src.pymortests.operators" file="src/pymortests/operators.py" line="126" name="test_pairwise_apply2[&lt;lambda&gt;21]" time="0.0004324913024902344"><skipped message="Suite splitting in effect" type="pytest.skip">src/pymortests/operators.py:126: Suite splitting in effect</skipped></testcase><testcase classname="src.pymortests.operators" file="src/pymortests/operators.py" line="126" name="test_pairwise_apply2[&lt;lambda&gt;22]" time="0.00039768218994140625"><skipped message="Suite splitting in effect" type="pytest.skip">src/pymortests/operators.py:126: Suite splitting in effect</skipped></testcase><testcase classname="src.pymortests.operators" file="src/pymortests/operators.py" line="126" name="test_pairwise_apply2[&lt;lambda&gt;23]" time="0.0004143714904785156"><skipped message="Suite splitting in effect" type="pytest.skip">src/pymortests/operators.py:126: Suite splitting in effect</skipped></testcase><testcase classname="src.pymortests.operators" file="src/pymortests/operators.py" line="126" name="test_pairwise_apply2[&lt;lambda&gt;24]" time="0.00042319297790527344"><skipped message="Suite splitting in effect" type="pytest.skip">src/pymortests/operators.py:126: Suite splitting in effect</skipped></testcase><testcase classname="src.pymortests.operators" file="src/pymortests/operators.py" line="126" name="test_pairwise_apply2[&lt;lambda&gt;25]" time="0.0005283355712890625"><skipped message="Suite splitting in effect" type="pytest.skip">src/pymortests/operators.py:126: Suite splitting in effect</skipped></testcase><testcase classname="src.pymortests.operators" file="src/pymortests/operators.py" line="126" name="test_pairwise_apply2[&lt;lambda&gt;26]" time="0.0006122589111328125"><skipped message="Suite splitting in effect" type="pytest.skip">src/pymortests/operators.py:126: Suite splitting in effect</skipped></testcase><testcase classname="src.pymortests.operators" file="src/pymortests/operators.py" line="126" name="test_pairwise_apply2[&lt;lambda&gt;27]" time="0.0005023479461669922"><skipped message="Suite splitting in effect" type="pytest.skip">src/pymortests/operators.py:126: Suite splitting in effect</skipped></testcase><testcase classname="src.pymortests.operators" file="src/pymortests/operators.py" line="126" name="test_pairwise_apply2[&lt;lambda&gt;28]" time="0.00042128562927246094"><skipped message="Suite splitting in effect" type="pytest.skip">src/pymortests/operators.py:126: Suite splitting in effect</skipped></testcase><testcase classname="src.pymortests.operators" file="src/pymortests/operators.py" line="126" name="test_pairwise_apply2[&lt;lambda&gt;29]" time="0.00040459632873535156"><skipped message="Suite splitting in effect" type="pytest.skip">src/pymortests/operators.py:126: Suite splitting in effect</skipped></testcase><testcase classname="src.pymortests.operators" file="src/pymortests/operators.py" line="126" name="test_pairwise_apply2[&lt;lambda&gt;30]" time="0.0004093647003173828"><skipped message="Suite splitting in effect" type="pytest.skip">src/pymortests/operators.py:126: Suite splitting in effect</skipped></testcase><testcase classname="src.pymortests.operators" file="src/pymortests/operators.py" line="126" name="test_pairwise_apply2[&lt;lambda&gt;31]" time="0.0004088878631591797"><skipped message="Suite splitting in effect" type="pytest.skip">src/pymortests/operators.py:126: Suite splitting in effect</skipped></testcase><testcase classname="src.pymortests.operators" file="src/pymortests/operators.py" line="126" name="test_pairwise_apply2[&lt;lambda&gt;32]" time="0.0005981922149658203"><skipped message="Suite splitting in effect" type="pytest.skip">src/pymortests/operators.py:126: Suite splitting in effect</skipped></testcase><testcase classname="src.pymortests.operators" file="src/pymortests/operators.py" line="126" name="test_pairwise_apply2[&lt;lambda&gt;33]" time="0.0004487037658691406"><skipped message="Suite splitting in effect" type="pytest.skip">src/pymortests/operators.py:126: Suite splitting in effect</skipped></testcase><testcase classname="src.pymortests.operators" file="src/pymortests/operators.py" line="126" name="test_pairwise_apply2[&lt;lambda&gt;34]" time="0.0004382133483886719"><skipped message="Suite splitting in effect" type="pytest.skip">src/pymortests/operators.py:126: Suite splitting in effect</skipped></testcase><testcase classname="src.pymortests.operators" file="src/pymortests/operators.py" line="126" name="test_pairwise_apply2[&lt;lambda&gt;35]" time="0.00047779083251953125"><skipped message="Suite splitting in effect" type="pytest.skip">src/pymortests/operators.py:126: Suite splitting in effect</skipped></testcase><testcase classname="src.pymortests.operators" file="src/pymortests/operators.py" line="126" name="test_pairwise_apply2[&lt;lambda&gt;36]" time="0.0007212162017822266"><skipped message="Suite splitting in effect" type="pytest.skip">src/pymortests/operators.py:126: Suite splitting in effect</skipped></testcase><testcase classname="src.pymortests.operators" file="src/pymortests/operators.py" line="126" name="test_pairwise_apply2[&lt;lambda&gt;37]" time="0.0003986358642578125"><skipped message="Suite splitting in effect" type="pytest.skip">src/pymortests/operators.py:126: Suite splitting in effect</skipped></testcase><testcase classname="src.pymortests.operators" file="src/pymortests/operators.py" line="126" name="test_pairwise_apply2[&lt;lambda&gt;38]" time="0.0004279613494873047"><skipped message="Suite splitting in effect" type="pytest.skip">src/pymortests/operators.py:126: Suite splitting in effect</skipped></testcase><testcase classname="src.pymortests.operators" file="src/pymortests/operators.py" line="126" name="test_pairwise_apply2[&lt;lambda&gt;39]" time="0.0004520416259765625"><skipped message="Suite splitting in effect" type="pytest.skip">src/pymortests/operators.py:126: Suite splitting in effect</skipped></testcase><testcase classname="src.pymortests.operators" file="src/pymortests/operators.py" line="126" name="test_pairwise_apply2[&lt;lambda&gt;40]" time="0.0004513263702392578"><skipped message="Suite splitting in effect" type="pytest.skip">src/pymortests/operators.py:126: Suite splitting in effect</skipped></testcase><testcase classname="src.pymortests.operators" file="src/pymortests/operators.py" line="135" name="test_apply_adjoint[&lt;lambda&gt;0]" time="0.0005402565002441406"><skipped message="Suite splitting in effect" type="pytest.skip">src/pymortests/operators.py:135: Suite splitting in effect</skipped></testcase><testcase classname="src.pymortests.operators" file="src/pymortests/operators.py" line="135" name="test_apply_adjoint[&lt;lambda&gt;1]" time="0.0004303455352783203"><skipped message="Suite splitting in effect" type="pytest.skip">src/pymortests/operators.py:135: Suite splitting in effect</skipped></testcase><testcase classname="src.pymortests.operators" file="src/pymortests/operators.py" line="135" name="test_apply_adjoint[&lt;lambda&gt;2]" time="0.0004050731658935547"><skipped message="Suite splitting in effect" type="pytest.skip">src/pymortests/operators.py:135: Suite splitting in effect</skipped></testcase><testcase classname="src.pymortests.operators" file="src/pymortests/operators.py" line="135" name="test_apply_adjoint[&lt;lambda&gt;3]" time="0.0004329681396484375"><skipped message="Suite splitting in effect" type="pytest.skip">src/pymortests/operators.py:135: Suite splitting in effect</skipped></testcase><testcase classname="src.pymortests.operators" file="src/pymortests/operators.py" line="135" name="test_apply_adjoint[&lt;lambda&gt;4]" time="0.0006079673767089844"><skipped message="Suite splitting in effect" type="pytest.skip">src/pymortests/operators.py:135: Suite splitting in effect</skipped></testcase><testcase classname="src.pymortests.operators" file="src/pymortests/operators.py" line="135" name="test_apply_adjoint[&lt;lambda&gt;5]" time="0.0004782676696777344"><skipped message="Suite splitting in effect" type="pytest.skip">src/pymortests/operators.py:135: Suite splitting in effect</skipped></testcase><testcase classname="src.pymortests.operators" file="src/pymortests/operators.py" line="135" name="test_apply_adjoint[&lt;lambda&gt;6]" time="0.0004031658172607422"><skipped message="Suite splitting in effect" type="pytest.skip">src/pymortests/operators.py:135: Suite splitting in effect</skipped></testcase><testcase classname="src.pymortests.operators" file="src/pymortests/operators.py" line="135" name="test_apply_adjoint[&lt;lambda&gt;7]" time="0.000457763671875"><skipped message="Suite splitting in effect" type="pytest.skip">src/pymortests/operators.py:135: Suite splitting in effect</skipped></testcase><testcase classname="src.pymortests.operators" file="src/pymortests/operators.py" line="135" name="test_apply_adjoint[&lt;lambda&gt;8]" time="0.00040149688720703125"><skipped message="Suite splitting in effect" type="pytest.skip">src/pymortests/operators.py:135: Suite splitting in effect</skipped></testcase><testcase classname="src.pymortests.operators" file="src/pymortests/operators.py" line="135" name="test_apply_adjoint[&lt;lambda&gt;9]" time="0.0005578994750976562"><skipped message="Suite splitting in effect" type="pytest.skip">src/pymortests/operators.py:135: Suite splitting in effect</skipped></testcase><testcase classname="src.pymortests.operators" file="src/pymortests/operators.py" line="135" name="test_apply_adjoint[&lt;lambda&gt;10]" time="0.0004029273986816406"><skipped message="Suite splitting in effect" type="pytest.skip">src/pymortests/operators.py:135: Suite splitting in effect</skipped></testcase><testcase classname="src.pymortests.operators" file="src/pymortests/operators.py" line="135" name="test_apply_adjoint[&lt;lambda&gt;11]" time="0.0004324913024902344"><skipped message="Suite splitting in effect" type="pytest.skip">src/pymortests/operators.py:135: Suite splitting in effect</skipped></testcase><testcase classname="src.pymortests.operators" file="src/pymortests/operators.py" line="135" name="test_apply_adjoint[&lt;lambda&gt;12]" time="0.00039005279541015625"><skipped message="Suite splitting in effect" type="pytest.skip">src/pymortests/operators.py:135: Suite splitting in effect</skipped></testcase><testcase classname="src.pymortests.operators" file="src/pymortests/operators.py" line="135" name="test_apply_adjoint[&lt;lambda&gt;13]" time="0.0004074573516845703"><skipped message="Suite splitting in effect" type="pytest.skip">src/pymortests/operators.py:135: Suite splitting in effect</skipped></testcase><testcase classname="src.pymortests.operators" file="src/pymortests/operators.py" line="135" name="test_apply_adjoint[&lt;lambda&gt;14]" time="0.0003991127014160156"><skipped message="Suite splitting in effect" type="pytest.skip">src/pymortests/operators.py:135: Suite splitting in effect</skipped></testcase><testcase classname="src.pymortests.operators" file="src/pymortests/operators.py" line="135" name="test_apply_adjoint[&lt;lambda&gt;15]" time="0.0004191398620605469"><skipped message="Suite splitting in effect" type="pytest.skip">src/pymortests/operators.py:135: Suite splitting in effect</skipped></testcase><testcase classname="src.pymortests.operators" file="src/pymortests/operators.py" line="135" name="test_apply_adjoint[&lt;lambda&gt;16]" time="0.00040435791015625"><skipped message="Suite splitting in effect" type="pytest.skip">src/pymortests/operators.py:135: Suite splitting in effect</skipped></testcase><testcase classname="src.pymortests.operators" file="src/pymortests/operators.py" line="135" name="test_apply_adjoint[&lt;lambda&gt;17]" time="0.00041556358337402344"><skipped message="Suite splitting in effect" type="pytest.skip">src/pymortests/operators.py:135: Suite splitting in effect</skipped></testcase><testcase classname="src.pymortests.operators" file="src/pymortests/operators.py" line="135" name="test_apply_adjoint[&lt;lambda&gt;18]" time="0.00040650367736816406"><skipped message="Suite splitting in effect" type="pytest.skip">src/pymortests/operators.py:135: Suite splitting in effect</skipped></testcase><testcase classname="src.pymortests.operators" file="src/pymortests/operators.py" line="135" name="test_apply_adjoint[&lt;lambda&gt;19]" time="0.00039196014404296875"><skipped message="Suite splitting in effect" type="pytest.skip">src/pymortests/operators.py:135: Suite splitting in effect</skipped></testcase><testcase classname="src.pymortests.operators" file="src/pymortests/operators.py" line="135" name="test_apply_adjoint[&lt;lambda&gt;20]" time="0.0004730224609375"><skipped message="Suite splitting in effect" type="pytest.skip">src/pymortests/operators.py:135: Suite splitting in effect</skipped></testcase><testcase classname="src.pymortests.operators" file="src/pymortests/operators.py" line="135" name="test_apply_adjoint[&lt;lambda&gt;21]" time="0.00041222572326660156"><skipped message="Suite splitting in effect" type="pytest.skip">src/pymortests/operators.py:135: Suite splitting in effect</skipped></testcase><testcase classname="src.pymortests.operators" file="src/pymortests/operators.py" line="135" name="test_apply_adjoint[&lt;lambda&gt;22]" time="0.0004050731658935547"><skipped message="Suite splitting in effect" type="pytest.skip">src/pymortests/operators.py:135: Suite splitting in effect</skipped></testcase><testcase classname="src.pymortests.operators" file="src/pymortests/operators.py" line="135" name="test_apply_adjoint[&lt;lambda&gt;23]" time="0.00039196014404296875"><skipped message="Suite splitting in effect" type="pytest.skip">src/pymortests/operators.py:135: Suite splitting in effect</skipped></testcase><testcase classname="src.pymortests.operators" file="src/pymortests/operators.py" line="135" name="test_apply_adjoint[&lt;lambda&gt;24]" time="0.0004329681396484375"><skipped message="Suite splitting in effect" type="pytest.skip">src/pymortests/operators.py:135: Suite splitting in effect</skipped></testcase><testcase classname="src.pymortests.operators" file="src/pymortests/operators.py" line="135" name="test_apply_adjoint[&lt;lambda&gt;25]" time="0.0005171298980712891"><skipped message="Suite splitting in effect" type="pytest.skip">src/pymortests/operators.py:135: Suite splitting in effect</skipped></testcase><testcase classname="src.pymortests.operators" file="src/pymortests/operators.py" line="135" name="test_apply_adjoint[&lt;lambda&gt;26]" time="0.0006592273712158203"><skipped message="Suite splitting in effect" type="pytest.skip">src/pymortests/operators.py:135: Suite splitting in effect</skipped></testcase><testcase classname="src.pymortests.operators" file="src/pymortests/operators.py" line="135" name="test_apply_adjoint[&lt;lambda&gt;27]" time="0.0006265640258789062"><skipped message="Suite splitting in effect" type="pytest.skip">src/pymortests/operators.py:135: Suite splitting in effect</skipped></testcase><testcase classname="src.pymortests.operators" file="src/pymortests/operators.py" line="135" name="test_apply_adjoint[&lt;lambda&gt;28]" time="0.0007205009460449219"><skipped message="Suite splitting in effect" type="pytest.skip">src/pymortests/operators.py:135: Suite splitting in effect</skipped></testcase><testcase classname="src.pymortests.operators" file="src/pymortests/operators.py" line="135" name="test_apply_adjoint[&lt;lambda&gt;29]" time="0.0004036426544189453"><skipped message="Suite splitting in effect" type="pytest.skip">src/pymortests/operators.py:135: Suite splitting in effect</skipped></testcase><testcase classname="src.pymortests.operators" file="src/pymortests/operators.py" line="135" name="test_apply_adjoint[&lt;lambda&gt;30]" time="0.0006334781646728516"><skipped message="Suite splitting in effect" type="pytest.skip">src/pymortests/operators.py:135: Suite splitting in effect</skipped></testcase><testcase classname="src.pymortests.operators" file="src/pymortests/operators.py" line="135" name="test_apply_adjoint[&lt;lambda&gt;31]" time="0.000499725341796875"><skipped message="Suite splitting in effect" type="pytest.skip">src/pymortests/operators.py:135: Suite splitting in effect</skipped></testcase><testcase classname="src.pymortests.operators" file="src/pymortests/operators.py" line="135" name="test_apply_adjoint[&lt;lambda&gt;32]" time="0.0004830360412597656"><skipped message="Suite splitting in effect" type="pytest.skip">src/pymortests/operators.py:135: Suite splitting in effect</skipped></testcase><testcase classname="src.pymortests.operators" file="src/pymortests/operators.py" line="135" name="test_apply_adjoint[&lt;lambda&gt;33]" time="0.0005996227264404297"><skipped message="Suite splitting in effect" type="pytest.skip">src/pymortests/operators.py:135: Suite splitting in effect</skipped></testcase><testcase classname="src.pymortests.operators" file="src/pymortests/operators.py" line="135" name="test_apply_adjoint[&lt;lambda&gt;34]" time="0.0005466938018798828"><skipped message="Suite splitting in effect" type="pytest.skip">src/pymortests/operators.py:135: Suite splitting in effect</skipped></testcase><testcase classname="src.pymortests.operators" file="src/pymortests/operators.py" line="135" name="test_apply_adjoint[&lt;lambda&gt;35]" time="0.0005686283111572266"><skipped message="Suite splitting in effect" type="pytest.skip">src/pymortests/operators.py:135: Suite splitting in effect</skipped></testcase><testcase classname="src.pymortests.operators" file="src/pymortests/operators.py" line="135" name="test_apply_adjoint[&lt;lambda&gt;36]" time="0.00041031837463378906"><skipped message="Suite splitting in effect" type="pytest.skip">src/pymortests/operators.py:135: Suite splitting in effect</skipped></testcase><testcase classname="src.pymortests.operators" file="src/pymortests/operators.py" line="135" name="test_apply_adjoint[&lt;lambda&gt;37]" time="0.0004622936248779297"><skipped message="Suite splitting in effect" type="pytest.skip">src/pymortests/operators.py:135: Suite splitting in effect</skipped></testcase><testcase classname="src.pymortests.operators" file="src/pymortests/operators.py" line="135" name="test_apply_adjoint[&lt;lambda&gt;38]" time="0.00039768218994140625"><skipped message="Suite splitting in effect" type="pytest.skip">src/pymortests/operators.py:135: Suite splitting in effect</skipped></testcase><testcase classname="src.pymortests.operators" file="src/pymortests/operators.py" line="135" name="test_apply_adjoint[&lt;lambda&gt;39]" time="0.0004105567932128906"><skipped message="Suite splitting in effect" type="pytest.skip">src/pymortests/operators.py:135: Suite splitting in effect</skipped></testcase><testcase classname="src.pymortests.operators" file="src/pymortests/operators.py" line="135" name="test_apply_adjoint[&lt;lambda&gt;40]" time="0.00041365623474121094"><skipped message="Suite splitting in effect" type="pytest.skip">src/pymortests/operators.py:135: Suite splitting in effect</skipped></testcase><testcase classname="src.pymortests.operators" file="src/pymortests/operators.py" line="151" name="test_apply_adjoint_2[&lt;lambda&gt;0]" time="0.00042748451232910156"><skipped message="Suite splitting in effect" type="pytest.skip">src/pymortests/operators.py:151: Suite splitting in effect</skipped></testcase><testcase classname="src.pymortests.operators" file="src/pymortests/operators.py" line="151" name="test_apply_adjoint_2[&lt;lambda&gt;1]" time="0.0003998279571533203"><skipped message="Suite splitting in effect" type="pytest.skip">src/pymortests/operators.py:151: Suite splitting in effect</skipped></testcase><testcase classname="src.pymortests.operators" file="src/pymortests/operators.py" line="151" name="test_apply_adjoint_2[&lt;lambda&gt;2]" time="0.0003972053527832031"><skipped message="Suite splitting in effect" type="pytest.skip">src/pymortests/operators.py:151: Suite splitting in effect</skipped></testcase><testcase classname="src.pymortests.operators" file="src/pymortests/operators.py" line="151" name="test_apply_adjoint_2[&lt;lambda&gt;3]" time="0.0004763603210449219"><skipped message="Suite splitting in effect" type="pytest.skip">src/pymortests/operators.py:151: Suite splitting in effect</skipped></testcase><testcase classname="src.pymortests.operators" file="src/pymortests/operators.py" line="151" name="test_apply_adjoint_2[&lt;lambda&gt;4]" time="0.0004239082336425781"><skipped message="Suite splitting in effect" type="pytest.skip">src/pymortests/operators.py:151: Suite splitting in effect</skipped></testcase><testcase classname="src.pymortests.operators" file="src/pymortests/operators.py" line="151" name="test_apply_adjoint_2[&lt;lambda&gt;5]" time="0.00040435791015625"><skipped message="Suite splitting in effect" type="pytest.skip">src/pymortests/operators.py:151: Suite splitting in effect</skipped></testcase><testcase classname="src.pymortests.operators" file="src/pymortests/operators.py" line="151" name="test_apply_adjoint_2[&lt;lambda&gt;6]" time="0.00047135353088378906"><skipped message="Suite splitting in effect" type="pytest.skip">src/pymortests/operators.py:151: Suite splitting in effect</skipped></testcase><testcase classname="src.pymortests.operators" file="src/pymortests/operators.py" line="151" name="test_apply_adjoint_2[&lt;lambda&gt;7]" time="0.00040650367736816406"><skipped message="Suite splitting in effect" type="pytest.skip">src/pymortests/operators.py:151: Suite splitting in effect</skipped></testcase><testcase classname="src.pymortests.operators" file="src/pymortests/operators.py" line="151" name="test_apply_adjoint_2[&lt;lambda&gt;8]" time="0.00042724609375"><skipped message="Suite splitting in effect" type="pytest.skip">src/pymortests/operators.py:151: Suite splitting in effect</skipped></testcase><testcase classname="src.pymortests.operators" file="src/pymortests/operators.py" line="151" name="test_apply_adjoint_2[&lt;lambda&gt;9]" time="0.00042629241943359375"><skipped message="Suite splitting in effect" type="pytest.skip">src/pymortests/operators.py:151: Suite splitting in effect</skipped></testcase><testcase classname="src.pymortests.operators" file="src/pymortests/operators.py" line="151" name="test_apply_adjoint_2[&lt;lambda&gt;10]" time="0.00040912628173828125"><skipped message="Suite splitting in effect" type="pytest.skip">src/pymortests/operators.py:151: Suite splitting in effect</skipped></testcase><testcase classname="src.pymortests.operators" file="src/pymortests/operators.py" line="151" name="test_apply_adjoint_2[&lt;lambda&gt;11]" time="0.00044655799865722656"><skipped message="Suite splitting in effect" type="pytest.skip">src/pymortests/operators.py:151: Suite splitting in effect</skipped></testcase><testcase classname="src.pymortests.operators" file="src/pymortests/operators.py" line="151" name="test_apply_adjoint_2[&lt;lambda&gt;12]" time="0.0004057884216308594"><skipped message="Suite splitting in effect" type="pytest.skip">src/pymortests/operators.py:151: Suite splitting in effect</skipped></testcase><testcase classname="src.pymortests.operators" file="src/pymortests/operators.py" line="151" name="test_apply_adjoint_2[&lt;lambda&gt;13]" time="0.00043463706970214844"><skipped message="Suite splitting in effect" type="pytest.skip">src/pymortests/operators.py:151: Suite splitting in effect</skipped></testcase><testcase classname="src.pymortests.operators" file="src/pymortests/operators.py" line="151" name="test_apply_adjoint_2[&lt;lambda&gt;14]" time="0.0003960132598876953"><skipped message="Suite splitting in effect" type="pytest.skip">src/pymortests/operators.py:151: Suite splitting in effect</skipped></testcase><testcase classname="src.pymortests.operators" file="src/pymortests/operators.py" line="151" name="test_apply_adjoint_2[&lt;lambda&gt;15]" time="0.0005359649658203125"><skipped message="Suite splitting in effect" type="pytest.skip">src/pymortests/operators.py:151: Suite splitting in effect</skipped></testcase><testcase classname="src.pymortests.operators" file="src/pymortests/operators.py" line="151" name="test_apply_adjoint_2[&lt;lambda&gt;16]" time="0.000537872314453125"><skipped message="Suite splitting in effect" type="pytest.skip">src/pymortests/operators.py:151: Suite splitting in effect</skipped></testcase><testcase classname="src.pymortests.operators" file="src/pymortests/operators.py" line="151" name="test_apply_adjoint_2[&lt;lambda&gt;17]" time="0.0004277229309082031"><skipped message="Suite splitting in effect" type="pytest.skip">src/pymortests/operators.py:151: Suite splitting in effect</skipped></testcase><testcase classname="src.pymortests.operators" file="src/pymortests/operators.py" line="151" name="test_apply_adjoint_2[&lt;lambda&gt;18]" time="0.0006747245788574219"><skipped message="Suite splitting in effect" type="pytest.skip">src/pymortests/operators.py:151: Suite splitting in effect</skipped></testcase><testcase classname="src.pymortests.operators" file="src/pymortests/operators.py" line="151" name="test_apply_adjoint_2[&lt;lambda&gt;19]" time="0.00041556358337402344"><skipped message="Suite splitting in effect" type="pytest.skip">src/pymortests/operators.py:151: Suite splitting in effect</skipped></testcase><testcase classname="src.pymortests.operators" file="src/pymortests/operators.py" line="151" name="test_apply_adjoint_2[&lt;lambda&gt;20]" time="0.0004825592041015625"><skipped message="Suite splitting in effect" type="pytest.skip">src/pymortests/operators.py:151: Suite splitting in effect</skipped></testcase><testcase classname="src.pymortests.operators" file="src/pymortests/operators.py" line="151" name="test_apply_adjoint_2[&lt;lambda&gt;21]" time="0.0006353855133056641"><skipped message="Suite splitting in effect" type="pytest.skip">src/pymortests/operators.py:151: Suite splitting in effect</skipped></testcase><testcase classname="src.pymortests.operators" file="src/pymortests/operators.py" line="151" name="test_apply_adjoint_2[&lt;lambda&gt;22]" time="0.00040340423583984375"><skipped message="Suite splitting in effect" type="pytest.skip">src/pymortests/operators.py:151: Suite splitting in effect</skipped></testcase><testcase classname="src.pymortests.operators" file="src/pymortests/operators.py" line="151" name="test_apply_adjoint_2[&lt;lambda&gt;23]" time="0.0004124641418457031"><skipped message="Suite splitting in effect" type="pytest.skip">src/pymortests/operators.py:151: Suite splitting in effect</skipped></testcase><testcase classname="src.pymortests.operators" file="src/pymortests/operators.py" line="151" name="test_apply_adjoint_2[&lt;lambda&gt;24]" time="0.00044989585876464844"><skipped message="Suite splitting in effect" type="pytest.skip">src/pymortests/operators.py:151: Suite splitting in effect</skipped></testcase><testcase classname="src.pymortests.operators" file="src/pymortests/operators.py" line="151" name="test_apply_adjoint_2[&lt;lambda&gt;25]" time="0.00040030479431152344"><skipped message="Suite splitting in effect" type="pytest.skip">src/pymortests/operators.py:151: Suite splitting in effect</skipped></testcase><testcase classname="src.pymortests.operators" file="src/pymortests/operators.py" line="151" name="test_apply_adjoint_2[&lt;lambda&gt;26]" time="0.00041365623474121094"><skipped message="Suite splitting in effect" type="pytest.skip">src/pymortests/operators.py:151: Suite splitting in effect</skipped></testcase><testcase classname="src.pymortests.operators" file="src/pymortests/operators.py" line="151" name="test_apply_adjoint_2[&lt;lambda&gt;27]" time="0.0004374980926513672"><skipped message="Suite splitting in effect" type="pytest.skip">src/pymortests/operators.py:151: Suite splitting in effect</skipped></testcase><testcase classname="src.pymortests.operators" file="src/pymortests/operators.py" line="151" name="test_apply_adjoint_2[&lt;lambda&gt;28]" time="0.0003993511199951172"><skipped message="Suite splitting in effect" type="pytest.skip">src/pymortests/operators.py:151: Suite splitting in effect</skipped></testcase><testcase classname="src.pymortests.operators" file="src/pymortests/operators.py" line="151" name="test_apply_adjoint_2[&lt;lambda&gt;29]" time="0.0004353523254394531"><skipped message="Suite splitting in effect" type="pytest.skip">src/pymortests/operators.py:151: Suite splitting in effect</skipped></testcase><testcase classname="src.pymortests.operators" file="src/pymortests/operators.py" line="151" name="test_apply_adjoint_2[&lt;lambda&gt;30]" time="0.0004482269287109375"><skipped message="Suite splitting in effect" type="pytest.skip">src/pymortests/operators.py:151: Suite splitting in effect</skipped></testcase><testcase classname="src.pymortests.operators" file="src/pymortests/operators.py" line="151" name="test_apply_adjoint_2[&lt;lambda&gt;31]" time="0.0004405975341796875"><skipped message="Suite splitting in effect" type="pytest.skip">src/pymortests/operators.py:151: Suite splitting in effect</skipped></testcase><testcase classname="src.pymortests.operators" file="src/pymortests/operators.py" line="151" name="test_apply_adjoint_2[&lt;lambda&gt;32]" time="0.00045108795166015625"><skipped message="Suite splitting in effect" type="pytest.skip">src/pymortests/operators.py:151: Suite splitting in effect</skipped></testcase><testcase classname="src.pymortests.operators" file="src/pymortests/operators.py" line="151" name="test_apply_adjoint_2[&lt;lambda&gt;33]" time="0.00044155120849609375"><skipped message="Suite splitting in effect" type="pytest.skip">src/pymortests/operators.py:151: Suite splitting in effect</skipped></testcase><testcase classname="src.pymortests.operators" file="src/pymortests/operators.py" line="151" name="test_apply_adjoint_2[&lt;lambda&gt;34]" time="0.00041294097900390625"><skipped message="Suite splitting in effect" type="pytest.skip">src/pymortests/operators.py:151: Suite splitting in effect</skipped></testcase><testcase classname="src.pymortests.operators" file="src/pymortests/operators.py" line="151" name="test_apply_adjoint_2[&lt;lambda&gt;35]" time="0.0004298686981201172"><skipped message="Suite splitting in effect" type="pytest.skip">src/pymortests/operators.py:151: Suite splitting in effect</skipped></testcase><testcase classname="src.pymortests.operators" file="src/pymortests/operators.py" line="151" name="test_apply_adjoint_2[&lt;lambda&gt;36]" time="0.0003948211669921875"><skipped message="Suite splitting in effect" type="pytest.skip">src/pymortests/operators.py:151: Suite splitting in effect</skipped></testcase><testcase classname="src.pymortests.operators" file="src/pymortests/operators.py" line="151" name="test_apply_adjoint_2[&lt;lambda&gt;37]" time="0.0007779598236083984"><skipped message="Suite splitting in effect" type="pytest.skip">src/pymortests/operators.py:151: Suite splitting in effect</skipped></testcase><testcase classname="src.pymortests.operators" file="src/pymortests/operators.py" line="151" name="test_apply_adjoint_2[&lt;lambda&gt;38]" time="0.0006844997406005859"><skipped message="Suite splitting in effect" type="pytest.skip">src/pymortests/operators.py:151: Suite splitting in effect</skipped></testcase><testcase classname="src.pymortests.operators" file="src/pymortests/operators.py" line="151" name="test_apply_adjoint_2[&lt;lambda&gt;39]" time="0.0006871223449707031"><skipped message="Suite splitting in effect" type="pytest.skip">src/pymortests/operators.py:151: Suite splitting in effect</skipped></testcase><testcase classname="src.pymortests.operators" file="src/pymortests/operators.py" line="151" name="test_apply_adjoint_2[&lt;lambda&gt;40]" time="0.0005197525024414062"><skipped message="Suite splitting in effect" type="pytest.skip">src/pymortests/operators.py:151: Suite splitting in effect</skipped></testcase><testcase classname="src.pymortests.operators" file="src/pymortests/operators.py" line="162" name="test_H[&lt;lambda&gt;0]" time="0.00045228004455566406"><skipped message="Suite splitting in effect" type="pytest.skip">src/pymortests/operators.py:162: Suite splitting in effect</skipped></testcase><testcase classname="src.pymortests.operators" file="src/pymortests/operators.py" line="162" name="test_H[&lt;lambda&gt;1]" time="0.00040602684020996094"><skipped message="Suite splitting in effect" type="pytest.skip">src/pymortests/operators.py:162: Suite splitting in effect</skipped></testcase><testcase classname="src.pymortests.operators" file="src/pymortests/operators.py" line="162" name="test_H[&lt;lambda&gt;2]" time="0.000453948974609375"><skipped message="Suite splitting in effect" type="pytest.skip">src/pymortests/operators.py:162: Suite splitting in effect</skipped></testcase><testcase classname="src.pymortests.operators" file="src/pymortests/operators.py" line="162" name="test_H[&lt;lambda&gt;3]" time="0.000423431396484375"><skipped message="Suite splitting in effect" type="pytest.skip">src/pymortests/operators.py:162: Suite splitting in effect</skipped></testcase><testcase classname="src.pymortests.operators" file="src/pymortests/operators.py" line="162" name="test_H[&lt;lambda&gt;4]" time="0.0004799365997314453"><skipped message="Suite splitting in effect" type="pytest.skip">src/pymortests/operators.py:162: Suite splitting in effect</skipped></testcase><testcase classname="src.pymortests.operators" file="src/pymortests/operators.py" line="162" name="test_H[&lt;lambda&gt;5]" time="0.0004134178161621094"><skipped message="Suite splitting in effect" type="pytest.skip">src/pymortests/operators.py:162: Suite splitting in effect</skipped></testcase><testcase classname="src.pymortests.operators" file="src/pymortests/operators.py" line="162" name="test_H[&lt;lambda&gt;6]" time="0.0004601478576660156"><skipped message="Suite splitting in effect" type="pytest.skip">src/pymortests/operators.py:162: Suite splitting in effect</skipped></testcase><testcase classname="src.pymortests.operators" file="src/pymortests/operators.py" line="162" name="test_H[&lt;lambda&gt;7]" time="0.00042366981506347656"><skipped message="Suite splitting in effect" type="pytest.skip">src/pymortests/operators.py:162: Suite splitting in effect</skipped></testcase><testcase classname="src.pymortests.operators" file="src/pymortests/operators.py" line="162" name="test_H[&lt;lambda&gt;8]" time="0.0007417201995849609"><skipped message="Suite splitting in effect" type="pytest.skip">src/pymortests/operators.py:162: Suite splitting in effect</skipped></testcase><testcase classname="src.pymortests.operators" file="src/pymortests/operators.py" line="162" name="test_H[&lt;lambda&gt;9]" time="0.00045108795166015625"><skipped message="Suite splitting in effect" type="pytest.skip">src/pymortests/operators.py:162: Suite splitting in effect</skipped></testcase><testcase classname="src.pymortests.operators" file="src/pymortests/operators.py" line="162" name="test_H[&lt;lambda&gt;10]" time="0.00046443939208984375"><skipped message="Suite splitting in effect" type="pytest.skip">src/pymortests/operators.py:162: Suite splitting in effect</skipped></testcase><testcase classname="src.pymortests.operators" file="src/pymortests/operators.py" line="162" name="test_H[&lt;lambda&gt;11]" time="0.0005888938903808594"><skipped message="Suite splitting in effect" type="pytest.skip">src/pymortests/operators.py:162: Suite splitting in effect</skipped></testcase><testcase classname="src.pymortests.operators" file="src/pymortests/operators.py" line="162" name="test_H[&lt;lambda&gt;12]" time="0.0004794597625732422"><skipped message="Suite splitting in effect" type="pytest.skip">src/pymortests/operators.py:162: Suite splitting in effect</skipped></testcase><testcase classname="src.pymortests.operators" file="src/pymortests/operators.py" line="162" name="test_H[&lt;lambda&gt;13]" time="0.0004284381866455078"><skipped message="Suite splitting in effect" type="pytest.skip">src/pymortests/operators.py:162: Suite splitting in effect</skipped></testcase><testcase classname="src.pymortests.operators" file="src/pymortests/operators.py" line="162" name="test_H[&lt;lambda&gt;14]" time="0.0004074573516845703"><skipped message="Suite splitting in effect" type="pytest.skip">src/pymortests/operators.py:162: Suite splitting in effect</skipped></testcase><testcase classname="src.pymortests.operators" file="src/pymortests/operators.py" line="162" name="test_H[&lt;lambda&gt;15]" time="0.00047087669372558594"><skipped message="Suite splitting in effect" type="pytest.skip">src/pymortests/operators.py:162: Suite splitting in effect</skipped></testcase><testcase classname="src.pymortests.operators" file="src/pymortests/operators.py" line="162" name="test_H[&lt;lambda&gt;16]" time="0.0005614757537841797"><skipped message="Suite splitting in effect" type="pytest.skip">src/pymortests/operators.py:162: Suite splitting in effect</skipped></testcase><testcase classname="src.pymortests.operators" file="src/pymortests/operators.py" line="162" name="test_H[&lt;lambda&gt;17]" time="0.0004210472106933594"><skipped message="Suite splitting in effect" type="pytest.skip">src/pymortests/operators.py:162: Suite splitting in effect</skipped></testcase><testcase classname="src.pymortests.operators" file="src/pymortests/operators.py" line="162" name="test_H[&lt;lambda&gt;18]" time="0.0006456375122070312"><skipped message="Suite splitting in effect" type="pytest.skip">src/pymortests/operators.py:162: Suite splitting in effect</skipped></testcase><testcase classname="src.pymortests.operators" file="src/pymortests/operators.py" line="162" name="test_H[&lt;lambda&gt;19]" time="0.0004885196685791016"><skipped message="Suite splitting in effect" type="pytest.skip">src/pymortests/operators.py:162: Suite splitting in effect</skipped></testcase><testcase classname="src.pymortests.operators" file="src/pymortests/operators.py" line="162" name="test_H[&lt;lambda&gt;20]" time="0.0004534721374511719"><skipped message="Suite splitting in effect" type="pytest.skip">src/pymortests/operators.py:162: Suite splitting in effect</skipped></testcase><testcase classname="src.pymortests.operators" file="src/pymortests/operators.py" line="162" name="test_H[&lt;lambda&gt;21]" time="0.00040411949157714844"><skipped message="Suite splitting in effect" type="pytest.skip">src/pymortests/operators.py:162: Suite splitting in effect</skipped></testcase><testcase classname="src.pymortests.operators" file="src/pymortests/operators.py" line="162" name="test_H[&lt;lambda&gt;22]" time="0.0004737377166748047"><skipped message="Suite splitting in effect" type="pytest.skip">src/pymortests/operators.py:162: Suite splitting in effect</skipped></testcase><testcase classname="src.pymortests.operators" file="src/pymortests/operators.py" line="162" name="test_H[&lt;lambda&gt;23]" time="0.00043201446533203125"><skipped message="Suite splitting in effect" type="pytest.skip">src/pymortests/operators.py:162: Suite splitting in effect</skipped></testcase><testcase classname="src.pymortests.operators" file="src/pymortests/operators.py" line="162" name="test_H[&lt;lambda&gt;24]" time="0.00040221214294433594"><skipped message="Suite splitting in effect" type="pytest.skip">src/pymortests/operators.py:162: Suite splitting in effect</skipped></testcase><testcase classname="src.pymortests.operators" file="src/pymortests/operators.py" line="162" name="test_H[&lt;lambda&gt;25]" time="0.0004761219024658203"><skipped message="Suite splitting in effect" type="pytest.skip">src/pymortests/operators.py:162: Suite splitting in effect</skipped></testcase><testcase classname="src.pymortests.operators" file="src/pymortests/operators.py" line="162" name="test_H[&lt;lambda&gt;26]" time="0.00043654441833496094"><skipped message="Suite splitting in effect" type="pytest.skip">src/pymortests/operators.py:162: Suite splitting in effect</skipped></testcase><testcase classname="src.pymortests.operators" file="src/pymortests/operators.py" line="162" name="test_H[&lt;lambda&gt;27]" time="0.0004057884216308594"><skipped message="Suite splitting in effect" type="pytest.skip">src/pymortests/operators.py:162: Suite splitting in effect</skipped></testcase><testcase classname="src.pymortests.operators" file="src/pymortests/operators.py" line="162" name="test_H[&lt;lambda&gt;28]" time="0.00046133995056152344"><skipped message="Suite splitting in effect" type="pytest.skip">src/pymortests/operators.py:162: Suite splitting in effect</skipped></testcase><testcase classname="src.pymortests.operators" file="src/pymortests/operators.py" line="162" name="test_H[&lt;lambda&gt;29]" time="0.0004055500030517578"><skipped message="Suite splitting in effect" type="pytest.skip">src/pymortests/operators.py:162: Suite splitting in effect</skipped></testcase><testcase classname="src.pymortests.operators" file="src/pymortests/operators.py" line="162" name="test_H[&lt;lambda&gt;30]" time="0.00048422813415527344"><skipped message="Suite splitting in effect" type="pytest.skip">src/pymortests/operators.py:162: Suite splitting in effect</skipped></testcase><testcase classname="src.pymortests.operators" file="src/pymortests/operators.py" line="162" name="test_H[&lt;lambda&gt;31]" time="0.0004611015319824219"><skipped message="Suite splitting in effect" type="pytest.skip">src/pymortests/operators.py:162: Suite splitting in effect</skipped></testcase><testcase classname="src.pymortests.operators" file="src/pymortests/operators.py" line="162" name="test_H[&lt;lambda&gt;32]" time="0.0005004405975341797"><skipped message="Suite splitting in effect" type="pytest.skip">src/pymortests/operators.py:162: Suite splitting in effect</skipped></testcase><testcase classname="src.pymortests.operators" file="src/pymortests/operators.py" line="162" name="test_H[&lt;lambda&gt;33]" time="0.0004932880401611328"><skipped message="Suite splitting in effect" type="pytest.skip">src/pymortests/operators.py:162: Suite splitting in effect</skipped></testcase><testcase classname="src.pymortests.operators" file="src/pymortests/operators.py" line="162" name="test_H[&lt;lambda&gt;34]" time="0.00040841102600097656"><skipped message="Suite splitting in effect" type="pytest.skip">src/pymortests/operators.py:162: Suite splitting in effect</skipped></testcase><testcase classname="src.pymortests.operators" file="src/pymortests/operators.py" line="162" name="test_H[&lt;lambda&gt;35]" time="0.0004787445068359375"><skipped message="Suite splitting in effect" type="pytest.skip">src/pymortests/operators.py:162: Suite splitting in effect</skipped></testcase><testcase classname="src.pymortests.operators" file="src/pymortests/operators.py" line="162" name="test_H[&lt;lambda&gt;36]" time="0.0005576610565185547"><skipped message="Suite splitting in effect" type="pytest.skip">src/pymortests/operators.py:162: Suite splitting in effect</skipped></testcase><testcase classname="src.pymortests.operators" file="src/pymortests/operators.py" line="162" name="test_H[&lt;lambda&gt;37]" time="0.0004410743713378906"><skipped message="Suite splitting in effect" type="pytest.skip">src/pymortests/operators.py:162: Suite splitting in effect</skipped></testcase><testcase classname="src.pymortests.operators" file="src/pymortests/operators.py" line="162" name="test_H[&lt;lambda&gt;38]" time="0.0005252361297607422"><skipped message="Suite splitting in effect" type="pytest.skip">src/pymortests/operators.py:162: Suite splitting in effect</skipped></testcase><testcase classname="src.pymortests.operators" file="src/pymortests/operators.py" line="162" name="test_H[&lt;lambda&gt;39]" time="0.00043082237243652344"><skipped message="Suite splitting in effect" type="pytest.skip">src/pymortests/operators.py:162: Suite splitting in effect</skipped></testcase><testcase classname="src.pymortests.operators" file="src/pymortests/operators.py" line="162" name="test_H[&lt;lambda&gt;40]" time="0.00043582916259765625"><skipped message="Suite splitting in effect" type="pytest.skip">src/pymortests/operators.py:162: Suite splitting in effect</skipped></testcase><testcase classname="src.pymortests.operators" file="src/pymortests/operators.py" line="173" name="test_apply_inverse[&lt;lambda&gt;0]" time="0.0003991127014160156"><skipped message="Suite splitting in effect" type="pytest.skip">src/pymortests/operators.py:173: Suite splitting in effect</skipped></testcase><testcase classname="src.pymortests.operators" file="src/pymortests/operators.py" line="173" name="test_apply_inverse[&lt;lambda&gt;1]" time="0.0004107952117919922"><skipped message="Suite splitting in effect" type="pytest.skip">src/pymortests/operators.py:173: Suite splitting in effect</skipped></testcase><testcase classname="src.pymortests.operators" file="src/pymortests/operators.py" line="173" name="test_apply_inverse[&lt;lambda&gt;2]" time="0.0004286766052246094"><skipped message="Suite splitting in effect" type="pytest.skip">src/pymortests/operators.py:173: Suite splitting in effect</skipped></testcase><testcase classname="src.pymortests.operators" file="src/pymortests/operators.py" line="173" name="test_apply_inverse[&lt;lambda&gt;3]" time="0.0005469322204589844"><skipped message="Suite splitting in effect" type="pytest.skip">src/pymortests/operators.py:173: Suite splitting in effect</skipped></testcase><testcase classname="src.pymortests.operators" file="src/pymortests/operators.py" line="173" name="test_apply_inverse[&lt;lambda&gt;4]" time="0.0004284381866455078"><skipped message="Suite splitting in effect" type="pytest.skip">src/pymortests/operators.py:173: Suite splitting in effect</skipped></testcase><testcase classname="src.pymortests.operators" file="src/pymortests/operators.py" line="173" name="test_apply_inverse[&lt;lambda&gt;5]" time="0.00044465065002441406"><skipped message="Suite splitting in effect" type="pytest.skip">src/pymortests/operators.py:173: Suite splitting in effect</skipped></testcase><testcase classname="src.pymortests.operators" file="src/pymortests/operators.py" line="173" name="test_apply_inverse[&lt;lambda&gt;6]" time="0.00066375732421875"><skipped message="Suite splitting in effect" type="pytest.skip">src/pymortests/operators.py:173: Suite splitting in effect</skipped></testcase><testcase classname="src.pymortests.operators" file="src/pymortests/operators.py" line="173" name="test_apply_inverse[&lt;lambda&gt;7]" time="0.0007297992706298828"><skipped message="Suite splitting in effect" type="pytest.skip">src/pymortests/operators.py:173: Suite splitting in effect</skipped></testcase><testcase classname="src.pymortests.operators" file="src/pymortests/operators.py" line="173" name="test_apply_inverse[&lt;lambda&gt;8]" time="0.0004291534423828125"><skipped message="Suite splitting in effect" type="pytest.skip">src/pymortests/operators.py:173: Suite splitting in effect</skipped></testcase><testcase classname="src.pymortests.operators" file="src/pymortests/operators.py" line="173" name="test_apply_inverse[&lt;lambda&gt;9]" time="0.0004181861877441406"><skipped message="Suite splitting in effect" type="pytest.skip">src/pymortests/operators.py:173: Suite splitting in effect</skipped></testcase><testcase classname="src.pymortests.operators" file="src/pymortests/operators.py" line="173" name="test_apply_inverse[&lt;lambda&gt;10]" time="0.00044226646423339844"><skipped message="Suite splitting in effect" type="pytest.skip">src/pymortests/operators.py:173: Suite splitting in effect</skipped></testcase><testcase classname="src.pymortests.operators" file="src/pymortests/operators.py" line="173" name="test_apply_inverse[&lt;lambda&gt;11]" time="0.00040221214294433594"><skipped message="Suite splitting in effect" type="pytest.skip">src/pymortests/operators.py:173: Suite splitting in effect</skipped></testcase><testcase classname="src.pymortests.operators" file="src/pymortests/operators.py" line="173" name="test_apply_inverse[&lt;lambda&gt;12]" time="0.0004572868347167969"><skipped message="Suite splitting in effect" type="pytest.skip">src/pymortests/operators.py:173: Suite splitting in effect</skipped></testcase><testcase classname="src.pymortests.operators" file="src/pymortests/operators.py" line="173" name="test_apply_inverse[&lt;lambda&gt;13]" time="0.0005583763122558594"><skipped message="Suite splitting in effect" type="pytest.skip">src/pymortests/operators.py:173: Suite splitting in effect</skipped></testcase><testcase classname="src.pymortests.operators" file="src/pymortests/operators.py" line="173" name="test_apply_inverse[&lt;lambda&gt;14]" time="0.0004611015319824219"><skipped message="Suite splitting in effect" type="pytest.skip">src/pymortests/operators.py:173: Suite splitting in effect</skipped></testcase><testcase classname="src.pymortests.operators" file="src/pymortests/operators.py" line="173" name="test_apply_inverse[&lt;lambda&gt;15]" time="0.00044608116149902344"><skipped message="Suite splitting in effect" type="pytest.skip">src/pymortests/operators.py:173: Suite splitting in effect</skipped></testcase><testcase classname="src.pymortests.operators" file="src/pymortests/operators.py" line="173" name="test_apply_inverse[&lt;lambda&gt;16]" time="0.0004253387451171875"><skipped message="Suite splitting in effect" type="pytest.skip">src/pymortests/operators.py:173: Suite splitting in effect</skipped></testcase><testcase classname="src.pymortests.operators" file="src/pymortests/operators.py" line="173" name="test_apply_inverse[&lt;lambda&gt;17]" time="0.0004162788391113281"><skipped message="Suite splitting in effect" type="pytest.skip">src/pymortests/operators.py:173: Suite splitting in effect</skipped></testcase><testcase classname="src.pymortests.operators" file="src/pymortests/operators.py" line="173" name="test_apply_inverse[&lt;lambda&gt;18]" time="0.0004451274871826172"><skipped message="Suite splitting in effect" type="pytest.skip">src/pymortests/operators.py:173: Suite splitting in effect</skipped></testcase><testcase classname="src.pymortests.operators" file="src/pymortests/operators.py" line="173" name="test_apply_inverse[&lt;lambda&gt;19]" time="0.00047135353088378906"><skipped message="Suite splitting in effect" type="pytest.skip">src/pymortests/operators.py:173: Suite splitting in effect</skipped></testcase><testcase classname="src.pymortests.operators" file="src/pymortests/operators.py" line="173" name="test_apply_inverse[&lt;lambda&gt;20]" time="0.00041222572326660156"><skipped message="Suite splitting in effect" type="pytest.skip">src/pymortests/operators.py:173: Suite splitting in effect</skipped></testcase><testcase classname="src.pymortests.operators" file="src/pymortests/operators.py" line="173" name="test_apply_inverse[&lt;lambda&gt;21]" time="0.0005812644958496094"><skipped message="Suite splitting in effect" type="pytest.skip">src/pymortests/operators.py:173: Suite splitting in effect</skipped></testcase><testcase classname="src.pymortests.operators" file="src/pymortests/operators.py" line="173" name="test_apply_inverse[&lt;lambda&gt;22]" time="0.0004286766052246094"><skipped message="Suite splitting in effect" type="pytest.skip">src/pymortests/operators.py:173: Suite splitting in effect</skipped></testcase><testcase classname="src.pymortests.operators" file="src/pymortests/operators.py" line="173" name="test_apply_inverse[&lt;lambda&gt;23]" time="0.0004515647888183594"><skipped message="Suite splitting in effect" type="pytest.skip">src/pymortests/operators.py:173: Suite splitting in effect</skipped></testcase><testcase classname="src.pymortests.operators" file="src/pymortests/operators.py" line="173" name="test_apply_inverse[&lt;lambda&gt;24]" time="0.0004851818084716797"><skipped message="Suite splitting in effect" type="pytest.skip">src/pymortests/operators.py:173: Suite splitting in effect</skipped></testcase><testcase classname="src.pymortests.operators" file="src/pymortests/operators.py" line="173" name="test_apply_inverse[&lt;lambda&gt;25]" time="0.0006444454193115234"><skipped message="Suite splitting in effect" type="pytest.skip">src/pymortests/operators.py:173: Suite splitting in effect</skipped></testcase><testcase classname="src.pymortests.operators" file="src/pymortests/operators.py" line="173" name="test_apply_inverse[&lt;lambda&gt;26]" time="0.0006201267242431641"><skipped message="Suite splitting in effect" type="pytest.skip">src/pymortests/operators.py:173: Suite splitting in effect</skipped></testcase><testcase classname="src.pymortests.operators" file="src/pymortests/operators.py" line="173" name="test_apply_inverse[&lt;lambda&gt;27]" time="0.00047135353088378906"><skipped message="Suite splitting in effect" type="pytest.skip">src/pymortests/operators.py:173: Suite splitting in effect</skipped></testcase><testcase classname="src.pymortests.operators" file="src/pymortests/operators.py" line="173" name="test_apply_inverse[&lt;lambda&gt;28]" time="0.0005099773406982422"><skipped message="Suite splitting in effect" type="pytest.skip">src/pymortests/operators.py:173: Suite splitting in effect</skipped></testcase><testcase classname="src.pymortests.operators" file="src/pymortests/operators.py" line="173" name="test_apply_inverse[&lt;lambda&gt;29]" time="0.0006406307220458984"><skipped message="Suite splitting in effect" type="pytest.skip">src/pymortests/operators.py:173: Suite splitting in effect</skipped></testcase><testcase classname="src.pymortests.operators" file="src/pymortests/operators.py" line="173" name="test_apply_inverse[&lt;lambda&gt;30]" time="0.0005009174346923828"><skipped message="Suite splitting in effect" type="pytest.skip">src/pymortests/operators.py:173: Suite splitting in effect</skipped></testcase><testcase classname="src.pymortests.operators" file="src/pymortests/operators.py" line="173" name="test_apply_inverse[&lt;lambda&gt;31]" time="0.0003979206085205078"><skipped message="Suite splitting in effect" type="pytest.skip">src/pymortests/operators.py:173: Suite splitting in effect</skipped></testcase><testcase classname="src.pymortests.operators" file="src/pymortests/operators.py" line="173" name="test_apply_inverse[&lt;lambda&gt;32]" time="0.0004298686981201172"><skipped message="Suite splitting in effect" type="pytest.skip">src/pymortests/operators.py:173: Suite splitting in effect</skipped></testcase><testcase classname="src.pymortests.operators" file="src/pymortests/operators.py" line="173" name="test_apply_inverse[&lt;lambda&gt;33]" time="0.0008549690246582031"><skipped message="Suite splitting in effect" type="pytest.skip">src/pymortests/operators.py:173: Suite splitting in effect</skipped></testcase><testcase classname="src.pymortests.operators" file="src/pymortests/operators.py" line="173" name="test_apply_inverse[&lt;lambda&gt;34]" time="0.0004010200500488281"><skipped message="Suite splitting in effect" type="pytest.skip">src/pymortests/operators.py:173: Suite splitting in effect</skipped></testcase><testcase classname="src.pymortests.operators" file="src/pymortests/operators.py" line="173" name="test_apply_inverse[&lt;lambda&gt;35]" time="0.0004215240478515625"><skipped message="Suite splitting in effect" type="pytest.skip">src/pymortests/operators.py:173: Suite splitting in effect</skipped></testcase><testcase classname="src.pymortests.operators" file="src/pymortests/operators.py" line="173" name="test_apply_inverse[&lt;lambda&gt;36]" time="0.0004677772521972656"><skipped message="Suite splitting in effect" type="pytest.skip">src/pymortests/operators.py:173: Suite splitting in effect</skipped></testcase><testcase classname="src.pymortests.operators" file="src/pymortests/operators.py" line="173" name="test_apply_inverse[&lt;lambda&gt;37]" time="0.00040435791015625"><skipped message="Suite splitting in effect" type="pytest.skip">src/pymortests/operators.py:173: Suite splitting in effect</skipped></testcase><testcase classname="src.pymortests.operators" file="src/pymortests/operators.py" line="173" name="test_apply_inverse[&lt;lambda&gt;38]" time="0.0005102157592773438"><skipped message="Suite splitting in effect" type="pytest.skip">src/pymortests/operators.py:173: Suite splitting in effect</skipped></testcase><testcase classname="src.pymortests.operators" file="src/pymortests/operators.py" line="173" name="test_apply_inverse[&lt;lambda&gt;39]" time="0.0004482269287109375"><skipped message="Suite splitting in effect" type="pytest.skip">src/pymortests/operators.py:173: Suite splitting in effect</skipped></testcase><testcase classname="src.pymortests.operators" file="src/pymortests/operators.py" line="173" name="test_apply_inverse[&lt;lambda&gt;40]" time="0.0004646778106689453"><skipped message="Suite splitting in effect" type="pytest.skip">src/pymortests/operators.py:173: Suite splitting in effect</skipped></testcase><testcase classname="src.pymortests.operators" file="src/pymortests/operators.py" line="186" name="test_apply_inverse_adjoint[&lt;lambda&gt;0]" time="0.0006690025329589844"><skipped message="Suite splitting in effect" type="pytest.skip">src/pymortests/operators.py:186: Suite splitting in effect</skipped></testcase><testcase classname="src.pymortests.operators" file="src/pymortests/operators.py" line="186" name="test_apply_inverse_adjoint[&lt;lambda&gt;1]" time="0.0004355907440185547"><skipped message="Suite splitting in effect" type="pytest.skip">src/pymortests/operators.py:186: Suite splitting in effect</skipped></testcase><testcase classname="src.pymortests.operators" file="src/pymortests/operators.py" line="186" name="test_apply_inverse_adjoint[&lt;lambda&gt;2]" time="0.000408172607421875"><skipped message="Suite splitting in effect" type="pytest.skip">src/pymortests/operators.py:186: Suite splitting in effect</skipped></testcase><testcase classname="src.pymortests.operators" file="src/pymortests/operators.py" line="186" name="test_apply_inverse_adjoint[&lt;lambda&gt;3]" time="0.0005598068237304688"><skipped message="Suite splitting in effect" type="pytest.skip">src/pymortests/operators.py:186: Suite splitting in effect</skipped></testcase><testcase classname="src.pymortests.operators" file="src/pymortests/operators.py" line="186" name="test_apply_inverse_adjoint[&lt;lambda&gt;4]" time="0.0006725788116455078"><skipped message="Suite splitting in effect" type="pytest.skip">src/pymortests/operators.py:186: Suite splitting in effect</skipped></testcase><testcase classname="src.pymortests.operators" file="src/pymortests/operators.py" line="186" name="test_apply_inverse_adjoint[&lt;lambda&gt;5]" time="0.0008080005645751953"><skipped message="Suite splitting in effect" type="pytest.skip">src/pymortests/operators.py:186: Suite splitting in effect</skipped></testcase><testcase classname="src.pymortests.operators" file="src/pymortests/operators.py" line="186" name="test_apply_inverse_adjoint[&lt;lambda&gt;6]" time="0.0005943775177001953"><skipped message="Suite splitting in effect" type="pytest.skip">src/pymortests/operators.py:186: Suite splitting in effect</skipped></testcase><testcase classname="src.pymortests.operators" file="src/pymortests/operators.py" line="186" name="test_apply_inverse_adjoint[&lt;lambda&gt;7]" time="0.0006136894226074219"><skipped message="Suite splitting in effect" type="pytest.skip">src/pymortests/operators.py:186: Suite splitting in effect</skipped></testcase><testcase classname="src.pymortests.operators" file="src/pymortests/operators.py" line="186" name="test_apply_inverse_adjoint[&lt;lambda&gt;8]" time="0.00041794776916503906"><skipped message="Suite splitting in effect" type="pytest.skip">src/pymortests/operators.py:186: Suite splitting in effect</skipped></testcase><testcase classname="src.pymortests.operators" file="src/pymortests/operators.py" line="186" name="test_apply_inverse_adjoint[&lt;lambda&gt;9]" time="0.0005176067352294922"><skipped message="Suite splitting in effect" type="pytest.skip">src/pymortests/operators.py:186: Suite splitting in effect</skipped></testcase><testcase classname="src.pymortests.operators" file="src/pymortests/operators.py" line="186" name="test_apply_inverse_adjoint[&lt;lambda&gt;10]" time="0.0004875659942626953"><skipped message="Suite splitting in effect" type="pytest.skip">src/pymortests/operators.py:186: Suite splitting in effect</skipped></testcase><testcase classname="src.pymortests.operators" file="src/pymortests/operators.py" line="186" name="test_apply_inverse_adjoint[&lt;lambda&gt;11]" time="0.0004296302795410156"><skipped message="Suite splitting in effect" type="pytest.skip">src/pymortests/operators.py:186: Suite splitting in effect</skipped></testcase><testcase classname="src.pymortests.operators" file="src/pymortests/operators.py" line="186" name="test_apply_inverse_adjoint[&lt;lambda&gt;12]" time="0.0004220008850097656"><skipped message="Suite splitting in effect" type="pytest.skip">src/pymortests/operators.py:186: Suite splitting in effect</skipped></testcase><testcase classname="src.pymortests.operators" file="src/pymortests/operators.py" line="186" name="test_apply_inverse_adjoint[&lt;lambda&gt;13]" time="0.00047397613525390625"><skipped message="Suite splitting in effect" type="pytest.skip">src/pymortests/operators.py:186: Suite splitting in effect</skipped></testcase><testcase classname="src.pymortests.operators" file="src/pymortests/operators.py" line="186" name="test_apply_inverse_adjoint[&lt;lambda&gt;14]" time="0.0005087852478027344"><skipped message="Suite splitting in effect" type="pytest.skip">src/pymortests/operators.py:186: Suite splitting in effect</skipped></testcase><testcase classname="src.pymortests.operators" file="src/pymortests/operators.py" line="186" name="test_apply_inverse_adjoint[&lt;lambda&gt;15]" time="0.00041985511779785156"><skipped message="Suite splitting in effect" type="pytest.skip">src/pymortests/operators.py:186: Suite splitting in effect</skipped></testcase><testcase classname="src.pymortests.operators" file="src/pymortests/operators.py" line="186" name="test_apply_inverse_adjoint[&lt;lambda&gt;16]" time="0.0004253387451171875"><skipped message="Suite splitting in effect" type="pytest.skip">src/pymortests/operators.py:186: Suite splitting in effect</skipped></testcase><testcase classname="src.pymortests.operators" file="src/pymortests/operators.py" line="186" name="test_apply_inverse_adjoint[&lt;lambda&gt;17]" time="0.00043582916259765625"><skipped message="Suite splitting in effect" type="pytest.skip">src/pymortests/operators.py:186: Suite splitting in effect</skipped></testcase><testcase classname="src.pymortests.operators" file="src/pymortests/operators.py" line="186" name="test_apply_inverse_adjoint[&lt;lambda&gt;18]" time="0.0005326271057128906"><skipped message="Suite splitting in effect" type="pytest.skip">src/pymortests/operators.py:186: Suite splitting in effect</skipped></testcase><testcase classname="src.pymortests.operators" file="src/pymortests/operators.py" line="186" name="test_apply_inverse_adjoint[&lt;lambda&gt;19]" time="0.0005190372467041016"><skipped message="Suite splitting in effect" type="pytest.skip">src/pymortests/operators.py:186: Suite splitting in effect</skipped></testcase><testcase classname="src.pymortests.operators" file="src/pymortests/operators.py" line="186" name="test_apply_inverse_adjoint[&lt;lambda&gt;20]" time="0.0006315708160400391"><skipped message="Suite splitting in effect" type="pytest.skip">src/pymortests/operators.py:186: Suite splitting in effect</skipped></testcase><testcase classname="src.pymortests.operators" file="src/pymortests/operators.py" line="186" name="test_apply_inverse_adjoint[&lt;lambda&gt;21]" time="0.0013439655303955078"><skipped message="Suite splitting in effect" type="pytest.skip">src/pymortests/operators.py:186: Suite splitting in effect</skipped></testcase><testcase classname="src.pymortests.operators" file="src/pymortests/operators.py" line="186" name="test_apply_inverse_adjoint[&lt;lambda&gt;22]" time="0.0005242824554443359"><skipped message="Suite splitting in effect" type="pytest.skip">src/pymortests/operators.py:186: Suite splitting in effect</skipped></testcase><testcase classname="src.pymortests.operators" file="src/pymortests/operators.py" line="186" name="test_apply_inverse_adjoint[&lt;lambda&gt;23]" time="0.0006816387176513672"><skipped message="Suite splitting in effect" type="pytest.skip">src/pymortests/operators.py:186: Suite splitting in effect</skipped></testcase><testcase classname="src.pymortests.operators" file="src/pymortests/operators.py" line="186" name="test_apply_inverse_adjoint[&lt;lambda&gt;24]" time="0.0005242824554443359"><skipped message="Suite splitting in effect" type="pytest.skip">src/pymortests/operators.py:186: Suite splitting in effect</skipped></testcase><testcase classname="src.pymortests.operators" file="src/pymortests/operators.py" line="186" name="test_apply_inverse_adjoint[&lt;lambda&gt;25]" time="0.0004439353942871094"><skipped message="Suite splitting in effect" type="pytest.skip">src/pymortests/operators.py:186: Suite splitting in effect</skipped></testcase><testcase classname="src.pymortests.operators" file="src/pymortests/operators.py" line="186" name="test_apply_inverse_adjoint[&lt;lambda&gt;26]" time="0.0004036426544189453"><skipped message="Suite splitting in effect" type="pytest.skip">src/pymortests/operators.py:186: Suite splitting in effect</skipped></testcase><testcase classname="src.pymortests.operators" file="src/pymortests/operators.py" line="186" name="test_apply_inverse_adjoint[&lt;lambda&gt;27]" time="0.0004730224609375"><skipped message="Suite splitting in effect" type="pytest.skip">src/pymortests/operators.py:186: Suite splitting in effect</skipped></testcase><testcase classname="src.pymortests.operators" file="src/pymortests/operators.py" line="186" name="test_apply_inverse_adjoint[&lt;lambda&gt;28]" time="0.00042557716369628906"><skipped message="Suite splitting in effect" type="pytest.skip">src/pymortests/operators.py:186: Suite splitting in effect</skipped></testcase><testcase classname="src.pymortests.operators" file="src/pymortests/operators.py" line="186" name="test_apply_inverse_adjoint[&lt;lambda&gt;29]" time="0.00043272972106933594"><skipped message="Suite splitting in effect" type="pytest.skip">src/pymortests/operators.py:186: Suite splitting in effect</skipped></testcase><testcase classname="src.pymortests.operators" file="src/pymortests/operators.py" line="186" name="test_apply_inverse_adjoint[&lt;lambda&gt;30]" time="0.0003921985626220703"><skipped message="Suite splitting in effect" type="pytest.skip">src/pymortests/operators.py:186: Suite splitting in effect</skipped></testcase><testcase classname="src.pymortests.operators" file="src/pymortests/operators.py" line="186" name="test_apply_inverse_adjoint[&lt;lambda&gt;31]" time="0.00047850608825683594"><skipped message="Suite splitting in effect" type="pytest.skip">src/pymortests/operators.py:186: Suite splitting in effect</skipped></testcase><testcase classname="src.pymortests.operators" file="src/pymortests/operators.py" line="186" name="test_apply_inverse_adjoint[&lt;lambda&gt;32]" time="0.00039577484130859375"><skipped message="Suite splitting in effect" type="pytest.skip">src/pymortests/operators.py:186: Suite splitting in effect</skipped></testcase><testcase classname="src.pymortests.operators" file="src/pymortests/operators.py" line="186" name="test_apply_inverse_adjoint[&lt;lambda&gt;33]" time="0.0004277229309082031"><skipped message="Suite splitting in effect" type="pytest.skip">src/pymortests/operators.py:186: Suite splitting in effect</skipped></testcase><testcase classname="src.pymortests.operators" file="src/pymortests/operators.py" line="186" name="test_apply_inverse_adjoint[&lt;lambda&gt;34]" time="0.0004303455352783203"><skipped message="Suite splitting in effect" type="pytest.skip">src/pymortests/operators.py:186: Suite splitting in effect</skipped></testcase><testcase classname="src.pymortests.operators" file="src/pymortests/operators.py" line="186" name="test_apply_inverse_adjoint[&lt;lambda&gt;35]" time="0.0006144046783447266"><skipped message="Suite splitting in effect" type="pytest.skip">src/pymortests/operators.py:186: Suite splitting in effect</skipped></testcase><testcase classname="src.pymortests.operators" file="src/pymortests/operators.py" line="186" name="test_apply_inverse_adjoint[&lt;lambda&gt;36]" time="0.0006189346313476562"><skipped message="Suite splitting in effect" type="pytest.skip">src/pymortests/operators.py:186: Suite splitting in effect</skipped></testcase><testcase classname="src.pymortests.operators" file="src/pymortests/operators.py" line="186" name="test_apply_inverse_adjoint[&lt;lambda&gt;37]" time="0.0004985332489013672"><skipped message="Suite splitting in effect" type="pytest.skip">src/pymortests/operators.py:186: Suite splitting in effect</skipped></testcase><testcase classname="src.pymortests.operators" file="src/pymortests/operators.py" line="186" name="test_apply_inverse_adjoint[&lt;lambda&gt;38]" time="0.0006208419799804688"><skipped message="Suite splitting in effect" type="pytest.skip">src/pymortests/operators.py:186: Suite splitting in effect</skipped></testcase><testcase classname="src.pymortests.operators" file="src/pymortests/operators.py" line="186" name="test_apply_inverse_adjoint[&lt;lambda&gt;39]" time="0.0005021095275878906"><skipped message="Suite splitting in effect" type="pytest.skip">src/pymortests/operators.py:186: Suite splitting in effect</skipped></testcase><testcase classname="src.pymortests.operators" file="src/pymortests/operators.py" line="186" name="test_apply_inverse_adjoint[&lt;lambda&gt;40]" time="0.0004334449768066406"><skipped message="Suite splitting in effect" type="pytest.skip">src/pymortests/operators.py:186: Suite splitting in effect</skipped></testcase><testcase classname="src.pymortests.operators" file="src/pymortests/operators.py" line="204" name="test_project[&lt;lambda&gt;0]" time="0.0004992485046386719"><skipped message="Suite splitting in effect" type="pytest.skip">src/pymortests/operators.py:204: Suite splitting in effect</skipped></testcase><testcase classname="src.pymortests.operators" file="src/pymortests/operators.py" line="204" name="test_project[&lt;lambda&gt;1]" time="0.00041031837463378906"><skipped message="Suite splitting in effect" type="pytest.skip">src/pymortests/operators.py:204: Suite splitting in effect</skipped></testcase><testcase classname="src.pymortests.operators" file="src/pymortests/operators.py" line="204" name="test_project[&lt;lambda&gt;2]" time="0.0004153251647949219"><skipped message="Suite splitting in effect" type="pytest.skip">src/pymortests/operators.py:204: Suite splitting in effect</skipped></testcase><testcase classname="src.pymortests.operators" file="src/pymortests/operators.py" line="204" name="test_project[&lt;lambda&gt;3]" time="0.0005116462707519531"><skipped message="Suite splitting in effect" type="pytest.skip">src/pymortests/operators.py:204: Suite splitting in effect</skipped></testcase><testcase classname="src.pymortests.operators" file="src/pymortests/operators.py" line="204" name="test_project[&lt;lambda&gt;4]" time="0.0006279945373535156"><skipped message="Suite splitting in effect" type="pytest.skip">src/pymortests/operators.py:204: Suite splitting in effect</skipped></testcase><testcase classname="src.pymortests.operators" file="src/pymortests/operators.py" line="204" name="test_project[&lt;lambda&gt;5]" time="0.0007171630859375"><skipped message="Suite splitting in effect" type="pytest.skip">src/pymortests/operators.py:204: Suite splitting in effect</skipped></testcase><testcase classname="src.pymortests.operators" file="src/pymortests/operators.py" line="204" name="test_project[&lt;lambda&gt;6]" time="0.0005984306335449219"><skipped message="Suite splitting in effect" type="pytest.skip">src/pymortests/operators.py:204: Suite splitting in effect</skipped></testcase><testcase classname="src.pymortests.operators" file="src/pymortests/operators.py" line="204" name="test_project[&lt;lambda&gt;7]" time="0.0006518363952636719"><skipped message="Suite splitting in effect" type="pytest.skip">src/pymortests/operators.py:204: Suite splitting in effect</skipped></testcase><testcase classname="src.pymortests.operators" file="src/pymortests/operators.py" line="204" name="test_project[&lt;lambda&gt;8]" time="0.0004477500915527344"><skipped message="Suite splitting in effect" type="pytest.skip">src/pymortests/operators.py:204: Suite splitting in effect</skipped></testcase><testcase classname="src.pymortests.operators" file="src/pymortests/operators.py" line="204" name="test_project[&lt;lambda&gt;9]" time="0.00046372413635253906"><skipped message="Suite splitting in effect" type="pytest.skip">src/pymortests/operators.py:204: Suite splitting in effect</skipped></testcase><testcase classname="src.pymortests.operators" file="src/pymortests/operators.py" line="204" name="test_project[&lt;lambda&gt;10]" time="0.0004673004150390625"><skipped message="Suite splitting in effect" type="pytest.skip">src/pymortests/operators.py:204: Suite splitting in effect</skipped></testcase><testcase classname="src.pymortests.operators" file="src/pymortests/operators.py" line="204" name="test_project[&lt;lambda&gt;11]" time="0.0004787445068359375"><skipped message="Suite splitting in effect" type="pytest.skip">src/pymortests/operators.py:204: Suite splitting in effect</skipped></testcase><testcase classname="src.pymortests.operators" file="src/pymortests/operators.py" line="204" name="test_project[&lt;lambda&gt;12]" time="0.00040340423583984375"><skipped message="Suite splitting in effect" type="pytest.skip">src/pymortests/operators.py:204: Suite splitting in effect</skipped></testcase><testcase classname="src.pymortests.operators" file="src/pymortests/operators.py" line="204" name="test_project[&lt;lambda&gt;13]" time="0.0004038810729980469"><skipped message="Suite splitting in effect" type="pytest.skip">src/pymortests/operators.py:204: Suite splitting in effect</skipped></testcase><testcase classname="src.pymortests.operators" file="src/pymortests/operators.py" line="204" name="test_project[&lt;lambda&gt;14]" time="0.00043892860412597656"><skipped message="Suite splitting in effect" type="pytest.skip">src/pymortests/operators.py:204: Suite splitting in effect</skipped></testcase><testcase classname="src.pymortests.operators" file="src/pymortests/operators.py" line="204" name="test_project[&lt;lambda&gt;15]" time="0.00040435791015625"><skipped message="Suite splitting in effect" type="pytest.skip">src/pymortests/operators.py:204: Suite splitting in effect</skipped></testcase><testcase classname="src.pymortests.operators" file="src/pymortests/operators.py" line="204" name="test_project[&lt;lambda&gt;16]" time="0.00044035911560058594"><skipped message="Suite splitting in effect" type="pytest.skip">src/pymortests/operators.py:204: Suite splitting in effect</skipped></testcase><testcase classname="src.pymortests.operators" file="src/pymortests/operators.py" line="204" name="test_project[&lt;lambda&gt;17]" time="0.00046324729919433594"><skipped message="Suite splitting in effect" type="pytest.skip">src/pymortests/operators.py:204: Suite splitting in effect</skipped></testcase><testcase classname="src.pymortests.operators" file="src/pymortests/operators.py" line="204" name="test_project[&lt;lambda&gt;18]" time="0.0005784034729003906"><skipped message="Suite splitting in effect" type="pytest.skip">src/pymortests/operators.py:204: Suite splitting in effect</skipped></testcase><testcase classname="src.pymortests.operators" file="src/pymortests/operators.py" line="204" name="test_project[&lt;lambda&gt;19]" time="0.0007829666137695312"><skipped message="Suite splitting in effect" type="pytest.skip">src/pymortests/operators.py:204: Suite splitting in effect</skipped></testcase><testcase classname="src.pymortests.operators" file="src/pymortests/operators.py" line="204" name="test_project[&lt;lambda&gt;20]" time="0.0005946159362792969"><skipped message="Suite splitting in effect" type="pytest.skip">src/pymortests/operators.py:204: Suite splitting in effect</skipped></testcase><testcase classname="src.pymortests.operators" file="src/pymortests/operators.py" line="204" name="test_project[&lt;lambda&gt;21]" time="0.0006551742553710938"><skipped message="Suite splitting in effect" type="pytest.skip">src/pymortests/operators.py:204: Suite splitting in effect</skipped></testcase><testcase classname="src.pymortests.operators" file="src/pymortests/operators.py" line="204" name="test_project[&lt;lambda&gt;22]" time="0.00039768218994140625"><skipped message="Suite splitting in effect" type="pytest.skip">src/pymortests/operators.py:204: Suite splitting in effect</skipped></testcase><testcase classname="src.pymortests.operators" file="src/pymortests/operators.py" line="204" name="test_project[&lt;lambda&gt;23]" time="0.00040912628173828125"><skipped message="Suite splitting in effect" type="pytest.skip">src/pymortests/operators.py:204: Suite splitting in effect</skipped></testcase><testcase classname="src.pymortests.operators" file="src/pymortests/operators.py" line="204" name="test_project[&lt;lambda&gt;24]" time="0.0004227161407470703"><skipped message="Suite splitting in effect" type="pytest.skip">src/pymortests/operators.py:204: Suite splitting in effect</skipped></testcase><testcase classname="src.pymortests.operators" file="src/pymortests/operators.py" line="204" name="test_project[&lt;lambda&gt;25]" time="0.0004189014434814453"><skipped message="Suite splitting in effect" type="pytest.skip">src/pymortests/operators.py:204: Suite splitting in effect</skipped></testcase><testcase classname="src.pymortests.operators" file="src/pymortests/operators.py" line="204" name="test_project[&lt;lambda&gt;26]" time="0.0005009174346923828"><skipped message="Suite splitting in effect" type="pytest.skip">src/pymortests/operators.py:204: Suite splitting in effect</skipped></testcase><testcase classname="src.pymortests.operators" file="src/pymortests/operators.py" line="204" name="test_project[&lt;lambda&gt;27]" time="0.0005419254302978516"><skipped message="Suite splitting in effect" type="pytest.skip">src/pymortests/operators.py:204: Suite splitting in effect</skipped></testcase><testcase classname="src.pymortests.operators" file="src/pymortests/operators.py" line="204" name="test_project[&lt;lambda&gt;28]" time="0.00039696693420410156"><skipped message="Suite splitting in effect" type="pytest.skip">src/pymortests/operators.py:204: Suite splitting in effect</skipped></testcase><testcase classname="src.pymortests.operators" file="src/pymortests/operators.py" line="204" name="test_project[&lt;lambda&gt;29]" time="0.0004353523254394531"><skipped message="Suite splitting in effect" type="pytest.skip">src/pymortests/operators.py:204: Suite splitting in effect</skipped></testcase><testcase classname="src.pymortests.operators" file="src/pymortests/operators.py" line="204" name="test_project[&lt;lambda&gt;30]" time="0.0004286766052246094"><skipped message="Suite splitting in effect" type="pytest.skip">src/pymortests/operators.py:204: Suite splitting in effect</skipped></testcase><testcase classname="src.pymortests.operators" file="src/pymortests/operators.py" line="204" name="test_project[&lt;lambda&gt;31]" time="0.00039696693420410156"><skipped message="Suite splitting in effect" type="pytest.skip">src/pymortests/operators.py:204: Suite splitting in effect</skipped></testcase><testcase classname="src.pymortests.operators" file="src/pymortests/operators.py" line="204" name="test_project[&lt;lambda&gt;32]" time="0.0004684925079345703"><skipped message="Suite splitting in effect" type="pytest.skip">src/pymortests/operators.py:204: Suite splitting in effect</skipped></testcase><testcase classname="src.pymortests.operators" file="src/pymortests/operators.py" line="204" name="test_project[&lt;lambda&gt;33]" time="0.0006623268127441406"><skipped message="Suite splitting in effect" type="pytest.skip">src/pymortests/operators.py:204: Suite splitting in effect</skipped></testcase><testcase classname="src.pymortests.operators" file="src/pymortests/operators.py" line="204" name="test_project[&lt;lambda&gt;34]" time="0.0006024837493896484"><skipped message="Suite splitting in effect" type="pytest.skip">src/pymortests/operators.py:204: Suite splitting in effect</skipped></testcase><testcase classname="src.pymortests.operators" file="src/pymortests/operators.py" line="204" name="test_project[&lt;lambda&gt;35]" time="0.0008327960968017578"><skipped message="Suite splitting in effect" type="pytest.skip">src/pymortests/operators.py:204: Suite splitting in effect</skipped></testcase><testcase classname="src.pymortests.operators" file="src/pymortests/operators.py" line="204" name="test_project[&lt;lambda&gt;36]" time="0.0006017684936523438"><skipped message="Suite splitting in effect" type="pytest.skip">src/pymortests/operators.py:204: Suite splitting in effect</skipped></testcase><testcase classname="src.pymortests.operators" file="src/pymortests/operators.py" line="204" name="test_project[&lt;lambda&gt;37]" time="0.0005609989166259766"><skipped message="Suite splitting in effect" type="pytest.skip">src/pymortests/operators.py:204: Suite splitting in effect</skipped></testcase><testcase classname="src.pymortests.operators" file="src/pymortests/operators.py" line="204" name="test_project[&lt;lambda&gt;38]" time="0.000438690185546875"><skipped message="Suite splitting in effect" type="pytest.skip">src/pymortests/operators.py:204: Suite splitting in effect</skipped></testcase><testcase classname="src.pymortests.operators" file="src/pymortests/operators.py" line="204" name="test_project[&lt;lambda&gt;39]" time="0.00045299530029296875"><skipped message="Suite splitting in effect" type="pytest.skip">src/pymortests/operators.py:204: Suite splitting in effect</skipped></testcase><testcase classname="src.pymortests.operators" file="src/pymortests/operators.py" line="204" name="test_project[&lt;lambda&gt;40]" time="0.0005059242248535156"><skipped message="Suite splitting in effect" type="pytest.skip">src/pymortests/operators.py:204: Suite splitting in effect</skipped></testcase><testcase classname="src.pymortests.operators" file="src/pymortests/operators.py" line="214" name="test_project_2[&lt;lambda&gt;0]" time="0.00040721893310546875"><skipped message="Suite splitting in effect" type="pytest.skip">src/pymortests/operators.py:214: Suite splitting in effect</skipped></testcase><testcase classname="src.pymortests.operators" file="src/pymortests/operators.py" line="214" name="test_project_2[&lt;lambda&gt;1]" time="0.0004475116729736328"><skipped message="Suite splitting in effect" type="pytest.skip">src/pymortests/operators.py:214: Suite splitting in effect</skipped></testcase><testcase classname="src.pymortests.operators" file="src/pymortests/operators.py" line="214" name="test_project_2[&lt;lambda&gt;2]" time="0.0004334449768066406"><skipped message="Suite splitting in effect" type="pytest.skip">src/pymortests/operators.py:214: Suite splitting in effect</skipped></testcase><testcase classname="src.pymortests.operators" file="src/pymortests/operators.py" line="214" name="test_project_2[&lt;lambda&gt;3]" time="0.0004506111145019531"><skipped message="Suite splitting in effect" type="pytest.skip">src/pymortests/operators.py:214: Suite splitting in effect</skipped></testcase><testcase classname="src.pymortests.operators" file="src/pymortests/operators.py" line="214" name="test_project_2[&lt;lambda&gt;4]" time="0.0004038810729980469"><skipped message="Suite splitting in effect" type="pytest.skip">src/pymortests/operators.py:214: Suite splitting in effect</skipped></testcase><testcase classname="src.pymortests.operators" file="src/pymortests/operators.py" line="214" name="test_project_2[&lt;lambda&gt;5]" time="0.0006115436553955078"><skipped message="Suite splitting in effect" type="pytest.skip">src/pymortests/operators.py:214: Suite splitting in effect</skipped></testcase><testcase classname="src.pymortests.operators" file="src/pymortests/operators.py" line="214" name="test_project_2[&lt;lambda&gt;6]" time="0.00043702125549316406"><skipped message="Suite splitting in effect" type="pytest.skip">src/pymortests/operators.py:214: Suite splitting in effect</skipped></testcase><testcase classname="src.pymortests.operators" file="src/pymortests/operators.py" line="214" name="test_project_2[&lt;lambda&gt;7]" time="0.00045871734619140625"><skipped message="Suite splitting in effect" type="pytest.skip">src/pymortests/operators.py:214: Suite splitting in effect</skipped></testcase><testcase classname="src.pymortests.operators" file="src/pymortests/operators.py" line="214" name="test_project_2[&lt;lambda&gt;8]" time="0.0004677772521972656"><skipped message="Suite splitting in effect" type="pytest.skip">src/pymortests/operators.py:214: Suite splitting in effect</skipped></testcase><testcase classname="src.pymortests.operators" file="src/pymortests/operators.py" line="214" name="test_project_2[&lt;lambda&gt;9]" time="0.0003974437713623047"><skipped message="Suite splitting in effect" type="pytest.skip">src/pymortests/operators.py:214: Suite splitting in effect</skipped></testcase><testcase classname="src.pymortests.operators" file="src/pymortests/operators.py" line="214" name="test_project_2[&lt;lambda&gt;10]" time="0.0005781650543212891"><skipped message="Suite splitting in effect" type="pytest.skip">src/pymortests/operators.py:214: Suite splitting in effect</skipped></testcase><testcase classname="src.pymortests.operators" file="src/pymortests/operators.py" line="214" name="test_project_2[&lt;lambda&gt;11]" time="0.0005309581756591797"><skipped message="Suite splitting in effect" type="pytest.skip">src/pymortests/operators.py:214: Suite splitting in effect</skipped></testcase><testcase classname="src.pymortests.operators" file="src/pymortests/operators.py" line="214" name="test_project_2[&lt;lambda&gt;12]" time="0.0004010200500488281"><skipped message="Suite splitting in effect" type="pytest.skip">src/pymortests/operators.py:214: Suite splitting in effect</skipped></testcase><testcase classname="src.pymortests.operators" file="src/pymortests/operators.py" line="214" name="test_project_2[&lt;lambda&gt;13]" time="0.0005013942718505859"><skipped message="Suite splitting in effect" type="pytest.skip">src/pymortests/operators.py:214: Suite splitting in effect</skipped></testcase><testcase classname="src.pymortests.operators" file="src/pymortests/operators.py" line="214" name="test_project_2[&lt;lambda&gt;14]" time="0.0004432201385498047"><skipped message="Suite splitting in effect" type="pytest.skip">src/pymortests/operators.py:214: Suite splitting in effect</skipped></testcase><testcase classname="src.pymortests.operators" file="src/pymortests/operators.py" line="214" name="test_project_2[&lt;lambda&gt;15]" time="0.00041222572326660156"><skipped message="Suite splitting in effect" type="pytest.skip">src/pymortests/operators.py:214: Suite splitting in effect</skipped></testcase><testcase classname="src.pymortests.operators" file="src/pymortests/operators.py" line="214" name="test_project_2[&lt;lambda&gt;16]" time="0.00042057037353515625"><skipped message="Suite splitting in effect" type="pytest.skip">src/pymortests/operators.py:214: Suite splitting in effect</skipped></testcase><testcase classname="src.pymortests.operators" file="src/pymortests/operators.py" line="214" name="test_project_2[&lt;lambda&gt;17]" time="0.00041294097900390625"><skipped message="Suite splitting in effect" type="pytest.skip">src/pymortests/operators.py:214: Suite splitting in effect</skipped></testcase><testcase classname="src.pymortests.operators" file="src/pymortests/operators.py" line="214" name="test_project_2[&lt;lambda&gt;18]" time="0.0005276203155517578"><skipped message="Suite splitting in effect" type="pytest.skip">src/pymortests/operators.py:214: Suite splitting in effect</skipped></testcase><testcase classname="src.pymortests.operators" file="src/pymortests/operators.py" line="214" name="test_project_2[&lt;lambda&gt;19]" time="0.00048804283142089844"><skipped message="Suite splitting in effect" type="pytest.skip">src/pymortests/operators.py:214: Suite splitting in effect</skipped></testcase><testcase classname="src.pymortests.operators" file="src/pymortests/operators.py" line="214" name="test_project_2[&lt;lambda&gt;20]" time="0.00044155120849609375"><skipped message="Suite splitting in effect" type="pytest.skip">src/pymortests/operators.py:214: Suite splitting in effect</skipped></testcase><testcase classname="src.pymortests.operators" file="src/pymortests/operators.py" line="214" name="test_project_2[&lt;lambda&gt;21]" time="0.00043082237243652344"><skipped message="Suite splitting in effect" type="pytest.skip">src/pymortests/operators.py:214: Suite splitting in effect</skipped></testcase><testcase classname="src.pymortests.operators" file="src/pymortests/operators.py" line="214" name="test_project_2[&lt;lambda&gt;22]" time="0.0004436969757080078"><skipped message="Suite splitting in effect" type="pytest.skip">src/pymortests/operators.py:214: Suite splitting in effect</skipped></testcase><testcase classname="src.pymortests.operators" file="src/pymortests/operators.py" line="214" name="test_project_2[&lt;lambda&gt;23]" time="0.00042366981506347656"><skipped message="Suite splitting in effect" type="pytest.skip">src/pymortests/operators.py:214: Suite splitting in effect</skipped></testcase><testcase classname="src.pymortests.operators" file="src/pymortests/operators.py" line="214" name="test_project_2[&lt;lambda&gt;24]" time="0.0005762577056884766"><skipped message="Suite splitting in effect" type="pytest.skip">src/pymortests/operators.py:214: Suite splitting in effect</skipped></testcase><testcase classname="src.pymortests.operators" file="src/pymortests/operators.py" line="214" name="test_project_2[&lt;lambda&gt;25]" time="0.0004994869232177734"><skipped message="Suite splitting in effect" type="pytest.skip">src/pymortests/operators.py:214: Suite splitting in effect</skipped></testcase><testcase classname="src.pymortests.operators" file="src/pymortests/operators.py" line="214" name="test_project_2[&lt;lambda&gt;26]" time="0.0004627704620361328"><skipped message="Suite splitting in effect" type="pytest.skip">src/pymortests/operators.py:214: Suite splitting in effect</skipped></testcase><testcase classname="src.pymortests.operators" file="src/pymortests/operators.py" line="214" name="test_project_2[&lt;lambda&gt;27]" time="0.0006082057952880859"><skipped message="Suite splitting in effect" type="pytest.skip">src/pymortests/operators.py:214: Suite splitting in effect</skipped></testcase><testcase classname="src.pymortests.operators" file="src/pymortests/operators.py" line="214" name="test_project_2[&lt;lambda&gt;28]" time="0.0004019737243652344"><skipped message="Suite splitting in effect" type="pytest.skip">src/pymortests/operators.py:214: Suite splitting in effect</skipped></testcase><testcase classname="src.pymortests.operators" file="src/pymortests/operators.py" line="214" name="test_project_2[&lt;lambda&gt;29]" time="0.000396728515625"><skipped message="Suite splitting in effect" type="pytest.skip">src/pymortests/operators.py:214: Suite splitting in effect</skipped></testcase><testcase classname="src.pymortests.operators" file="src/pymortests/operators.py" line="214" name="test_project_2[&lt;lambda&gt;30]" time="0.0004329681396484375"><skipped message="Suite splitting in effect" type="pytest.skip">src/pymortests/operators.py:214: Suite splitting in effect</skipped></testcase><testcase classname="src.pymortests.operators" file="src/pymortests/operators.py" line="214" name="test_project_2[&lt;lambda&gt;31]" time="0.0004448890686035156"><skipped message="Suite splitting in effect" type="pytest.skip">src/pymortests/operators.py:214: Suite splitting in effect</skipped></testcase><testcase classname="src.pymortests.operators" file="src/pymortests/operators.py" line="214" name="test_project_2[&lt;lambda&gt;32]" time="0.00047326087951660156"><skipped message="Suite splitting in effect" type="pytest.skip">src/pymortests/operators.py:214: Suite splitting in effect</skipped></testcase><testcase classname="src.pymortests.operators" file="src/pymortests/operators.py" line="214" name="test_project_2[&lt;lambda&gt;33]" time="0.00047087669372558594"><skipped message="Suite splitting in effect" type="pytest.skip">src/pymortests/operators.py:214: Suite splitting in effect</skipped></testcase><testcase classname="src.pymortests.operators" file="src/pymortests/operators.py" line="214" name="test_project_2[&lt;lambda&gt;34]" time="0.0007936954498291016"><skipped message="Suite splitting in effect" type="pytest.skip">src/pymortests/operators.py:214: Suite splitting in effect</skipped></testcase><testcase classname="src.pymortests.operators" file="src/pymortests/operators.py" line="214" name="test_project_2[&lt;lambda&gt;35]" time="0.0006086826324462891"><skipped message="Suite splitting in effect" type="pytest.skip">src/pymortests/operators.py:214: Suite splitting in effect</skipped></testcase><testcase classname="src.pymortests.operators" file="src/pymortests/operators.py" line="214" name="test_project_2[&lt;lambda&gt;36]" time="0.00040149688720703125"><skipped message="Suite splitting in effect" type="pytest.skip">src/pymortests/operators.py:214: Suite splitting in effect</skipped></testcase><testcase classname="src.pymortests.operators" file="src/pymortests/operators.py" line="214" name="test_project_2[&lt;lambda&gt;37]" time="0.00040531158447265625"><skipped message="Suite splitting in effect" type="pytest.skip">src/pymortests/operators.py:214: Suite splitting in effect</skipped></testcase><testcase classname="src.pymortests.operators" file="src/pymortests/operators.py" line="214" name="test_project_2[&lt;lambda&gt;38]" time="0.0004458427429199219"><skipped message="Suite splitting in effect" type="pytest.skip">src/pymortests/operators.py:214: Suite splitting in effect</skipped></testcase><testcase classname="src.pymortests.operators" file="src/pymortests/operators.py" line="214" name="test_project_2[&lt;lambda&gt;39]" time="0.0004050731658935547"><skipped message="Suite splitting in effect" type="pytest.skip">src/pymortests/operators.py:214: Suite splitting in effect</skipped></testcase><testcase classname="src.pymortests.operators" file="src/pymortests/operators.py" line="214" name="test_project_2[&lt;lambda&gt;40]" time="0.0005524158477783203"><skipped message="Suite splitting in effect" type="pytest.skip">src/pymortests/operators.py:214: Suite splitting in effect</skipped></testcase><testcase classname="src.pymortests.operators" file="src/pymortests/operators.py" line="230" name="test_project_with_product[&lt;lambda&gt;0]" time="0.0004718303680419922"><skipped message="Suite splitting in effect" type="pytest.skip">src/pymortests/operators.py:230: Suite splitting in effect</skipped></testcase><testcase classname="src.pymortests.operators" file="src/pymortests/operators.py" line="230" name="test_project_with_product[&lt;lambda&gt;1]" time="0.0005412101745605469"><skipped message="Suite splitting in effect" type="pytest.skip">src/pymortests/operators.py:230: Suite splitting in effect</skipped></testcase><testcase classname="src.pymortests.operators" file="src/pymortests/operators.py" line="230" name="test_project_with_product[&lt;lambda&gt;2]" time="0.00042700767517089844"><skipped message="Suite splitting in effect" type="pytest.skip">src/pymortests/operators.py:230: Suite splitting in effect</skipped></testcase><testcase classname="src.pymortests.operators" file="src/pymortests/operators.py" line="230" name="test_project_with_product[&lt;lambda&gt;3]" time="0.00040221214294433594"><skipped message="Suite splitting in effect" type="pytest.skip">src/pymortests/operators.py:230: Suite splitting in effect</skipped></testcase><testcase classname="src.pymortests.operators" file="src/pymortests/operators.py" line="230" name="test_project_with_product[&lt;lambda&gt;4]" time="0.0004792213439941406"><skipped message="Suite splitting in effect" type="pytest.skip">src/pymortests/operators.py:230: Suite splitting in effect</skipped></testcase><testcase classname="src.pymortests.operators" file="src/pymortests/operators.py" line="230" name="test_project_with_product[&lt;lambda&gt;5]" time="0.0003991127014160156"><skipped message="Suite splitting in effect" type="pytest.skip">src/pymortests/operators.py:230: Suite splitting in effect</skipped></testcase><testcase classname="src.pymortests.operators" file="src/pymortests/operators.py" line="230" name="test_project_with_product[&lt;lambda&gt;6]" time="0.00043201446533203125"><skipped message="Suite splitting in effect" type="pytest.skip">src/pymortests/operators.py:230: Suite splitting in effect</skipped></testcase><testcase classname="src.pymortests.operators" file="src/pymortests/operators.py" line="230" name="test_project_with_product[&lt;lambda&gt;7]" time="0.00043320655822753906"><skipped message="Suite splitting in effect" type="pytest.skip">src/pymortests/operators.py:230: Suite splitting in effect</skipped></testcase><testcase classname="src.pymortests.operators" file="src/pymortests/operators.py" line="230" name="test_project_with_product[&lt;lambda&gt;8]" time="0.00040602684020996094"><skipped message="Suite splitting in effect" type="pytest.skip">src/pymortests/operators.py:230: Suite splitting in effect</skipped></testcase><testcase classname="src.pymortests.operators" file="src/pymortests/operators.py" line="230" name="test_project_with_product[&lt;lambda&gt;9]" time="0.00040268898010253906"><skipped message="Suite splitting in effect" type="pytest.skip">src/pymortests/operators.py:230: Suite splitting in effect</skipped></testcase><testcase classname="src.pymortests.operators" file="src/pymortests/operators.py" line="230" name="test_project_with_product[&lt;lambda&gt;10]" time="0.0004334449768066406"><skipped message="Suite splitting in effect" type="pytest.skip">src/pymortests/operators.py:230: Suite splitting in effect</skipped></testcase><testcase classname="src.pymortests.operators" file="src/pymortests/operators.py" line="230" name="test_project_with_product[&lt;lambda&gt;11]" time="0.00040411949157714844"><skipped message="Suite splitting in effect" type="pytest.skip">src/pymortests/operators.py:230: Suite splitting in effect</skipped></testcase><testcase classname="src.pymortests.operators" file="src/pymortests/operators.py" line="230" name="test_project_with_product[&lt;lambda&gt;12]" time="0.0004410743713378906"><skipped message="Suite splitting in effect" type="pytest.skip">src/pymortests/operators.py:230: Suite splitting in effect</skipped></testcase><testcase classname="src.pymortests.operators" file="src/pymortests/operators.py" line="230" name="test_project_with_product[&lt;lambda&gt;13]" time="0.0004563331604003906"><skipped message="Suite splitting in effect" type="pytest.skip">src/pymortests/operators.py:230: Suite splitting in effect</skipped></testcase><testcase classname="src.pymortests.operators" file="src/pymortests/operators.py" line="230" name="test_project_with_product[&lt;lambda&gt;14]" time="0.0004076957702636719"><skipped message="Suite splitting in effect" type="pytest.skip">src/pymortests/operators.py:230: Suite splitting in effect</skipped></testcase><testcase classname="src.pymortests.operators" file="src/pymortests/operators.py" line="230" name="test_project_with_product[&lt;lambda&gt;15]" time="0.0004336833953857422"><skipped message="Suite splitting in effect" type="pytest.skip">src/pymortests/operators.py:230: Suite splitting in effect</skipped></testcase><testcase classname="src.pymortests.operators" file="src/pymortests/operators.py" line="230" name="test_project_with_product[&lt;lambda&gt;16]" time="0.00047206878662109375"><skipped message="Suite splitting in effect" type="pytest.skip">src/pymortests/operators.py:230: Suite splitting in effect</skipped></testcase><testcase classname="src.pymortests.operators" file="src/pymortests/operators.py" line="230" name="test_project_with_product[&lt;lambda&gt;17]" time="0.0003972053527832031"><skipped message="Suite splitting in effect" type="pytest.skip">src/pymortests/operators.py:230: Suite splitting in effect</skipped></testcase><testcase classname="src.pymortests.operators" file="src/pymortests/operators.py" line="230" name="test_project_with_product[&lt;lambda&gt;18]" time="0.0006062984466552734"><skipped message="Suite splitting in effect" type="pytest.skip">src/pymortests/operators.py:230: Suite splitting in effect</skipped></testcase><testcase classname="src.pymortests.operators" file="src/pymortests/operators.py" line="230" name="test_project_with_product[&lt;lambda&gt;19]" time="0.0004208087921142578"><skipped message="Suite splitting in effect" type="pytest.skip">src/pymortests/operators.py:230: Suite splitting in effect</skipped></testcase><testcase classname="src.pymortests.operators" file="src/pymortests/operators.py" line="230" name="test_project_with_product[&lt;lambda&gt;20]" time="0.0004799365997314453"><skipped message="Suite splitting in effect" type="pytest.skip">src/pymortests/operators.py:230: Suite splitting in effect</skipped></testcase><testcase classname="src.pymortests.operators" file="src/pymortests/operators.py" line="230" name="test_project_with_product[&lt;lambda&gt;21]" time="0.00042939186096191406"><skipped message="Suite splitting in effect" type="pytest.skip">src/pymortests/operators.py:230: Suite splitting in effect</skipped></testcase><testcase classname="src.pymortests.operators" file="src/pymortests/operators.py" line="230" name="test_project_with_product[&lt;lambda&gt;22]" time="0.00044274330139160156"><skipped message="Suite splitting in effect" type="pytest.skip">src/pymortests/operators.py:230: Suite splitting in effect</skipped></testcase><testcase classname="src.pymortests.operators" file="src/pymortests/operators.py" line="230" name="test_project_with_product[&lt;lambda&gt;23]" time="0.00043654441833496094"><skipped message="Suite splitting in effect" type="pytest.skip">src/pymortests/operators.py:230: Suite splitting in effect</skipped></testcase><testcase classname="src.pymortests.operators" file="src/pymortests/operators.py" line="230" name="test_project_with_product[&lt;lambda&gt;24]" time="0.0004112720489501953"><skipped message="Suite splitting in effect" type="pytest.skip">src/pymortests/operators.py:230: Suite splitting in effect</skipped></testcase><testcase classname="src.pymortests.operators" file="src/pymortests/operators.py" line="230" name="test_project_with_product[&lt;lambda&gt;25]" time="0.0005218982696533203"><skipped message="Suite splitting in effect" type="pytest.skip">src/pymortests/operators.py:230: Suite splitting in effect</skipped></testcase><testcase classname="src.pymortests.operators" file="src/pymortests/operators.py" line="230" name="test_project_with_product[&lt;lambda&gt;26]" time="0.00046253204345703125"><skipped message="Suite splitting in effect" type="pytest.skip">src/pymortests/operators.py:230: Suite splitting in effect</skipped></testcase><testcase classname="src.pymortests.operators" file="src/pymortests/operators.py" line="230" name="test_project_with_product[&lt;lambda&gt;27]" time="0.0004267692565917969"><skipped message="Suite splitting in effect" type="pytest.skip">src/pymortests/operators.py:230: Suite splitting in effect</skipped></testcase><testcase classname="src.pymortests.operators" file="src/pymortests/operators.py" line="230" name="test_project_with_product[&lt;lambda&gt;28]" time="0.0004258155822753906"><skipped message="Suite splitting in effect" type="pytest.skip">src/pymortests/operators.py:230: Suite splitting in effect</skipped></testcase><testcase classname="src.pymortests.operators" file="src/pymortests/operators.py" line="230" name="test_project_with_product[&lt;lambda&gt;29]" time="0.0006153583526611328"><skipped message="Suite splitting in effect" type="pytest.skip">src/pymortests/operators.py:230: Suite splitting in effect</skipped></testcase><testcase classname="src.pymortests.operators" file="src/pymortests/operators.py" line="230" name="test_project_with_product[&lt;lambda&gt;30]" time="0.0005240440368652344"><skipped message="Suite splitting in effect" type="pytest.skip">src/pymortests/operators.py:230: Suite splitting in effect</skipped></testcase><testcase classname="src.pymortests.operators" file="src/pymortests/operators.py" line="230" name="test_project_with_product[&lt;lambda&gt;31]" time="0.00042128562927246094"><skipped message="Suite splitting in effect" type="pytest.skip">src/pymortests/operators.py:230: Suite splitting in effect</skipped></testcase><testcase classname="src.pymortests.operators" file="src/pymortests/operators.py" line="230" name="test_project_with_product[&lt;lambda&gt;32]" time="0.0003972053527832031"><skipped message="Suite splitting in effect" type="pytest.skip">src/pymortests/operators.py:230: Suite splitting in effect</skipped></testcase><testcase classname="src.pymortests.operators" file="src/pymortests/operators.py" line="230" name="test_project_with_product[&lt;lambda&gt;33]" time="0.00041866302490234375"><skipped message="Suite splitting in effect" type="pytest.skip">src/pymortests/operators.py:230: Suite splitting in effect</skipped></testcase><testcase classname="src.pymortests.operators" file="src/pymortests/operators.py" line="230" name="test_project_with_product[&lt;lambda&gt;34]" time="0.000392913818359375"><skipped message="Suite splitting in effect" type="pytest.skip">src/pymortests/operators.py:230: Suite splitting in effect</skipped></testcase><testcase classname="src.pymortests.operators" file="src/pymortests/operators.py" line="230" name="test_project_with_product[&lt;lambda&gt;35]" time="0.0004265308380126953"><skipped message="Suite splitting in effect" type="pytest.skip">src/pymortests/operators.py:230: Suite splitting in effect</skipped></testcase><testcase classname="src.pymortests.operators" file="src/pymortests/operators.py" line="230" name="test_project_with_product[&lt;lambda&gt;36]" time="0.0005075931549072266"><skipped message="Suite splitting in effect" type="pytest.skip">src/pymortests/operators.py:230: Suite splitting in effect</skipped></testcase><testcase classname="src.pymortests.operators" file="src/pymortests/operators.py" line="240" name="test_project_with_product_2[&lt;lambda&gt;0]" time="0.00039958953857421875"><skipped message="Suite splitting in effect" type="pytest.skip">src/pymortests/operators.py:240: Suite splitting in effect</skipped></testcase><testcase classname="src.pymortests.operators" file="src/pymortests/operators.py" line="240" name="test_project_with_product_2[&lt;lambda&gt;1]" time="0.00043702125549316406"><skipped message="Suite splitting in effect" type="pytest.skip">src/pymortests/operators.py:240: Suite splitting in effect</skipped></testcase><testcase classname="src.pymortests.operators" file="src/pymortests/operators.py" line="240" name="test_project_with_product_2[&lt;lambda&gt;2]" time="0.000408172607421875"><skipped message="Suite splitting in effect" type="pytest.skip">src/pymortests/operators.py:240: Suite splitting in effect</skipped></testcase><testcase classname="src.pymortests.operators" file="src/pymortests/operators.py" line="240" name="test_project_with_product_2[&lt;lambda&gt;3]" time="0.0004076957702636719"><skipped message="Suite splitting in effect" type="pytest.skip">src/pymortests/operators.py:240: Suite splitting in effect</skipped></testcase><testcase classname="src.pymortests.operators" file="src/pymortests/operators.py" line="240" name="test_project_with_product_2[&lt;lambda&gt;4]" time="0.0004010200500488281"><skipped message="Suite splitting in effect" type="pytest.skip">src/pymortests/operators.py:240: Suite splitting in effect</skipped></testcase><testcase classname="src.pymortests.operators" file="src/pymortests/operators.py" line="240" name="test_project_with_product_2[&lt;lambda&gt;5]" time="0.0004525184631347656"><skipped message="Suite splitting in effect" type="pytest.skip">src/pymortests/operators.py:240: Suite splitting in effect</skipped></testcase><testcase classname="src.pymortests.operators" file="src/pymortests/operators.py" line="240" name="test_project_with_product_2[&lt;lambda&gt;6]" time="0.00045418739318847656"><skipped message="Suite splitting in effect" type="pytest.skip">src/pymortests/operators.py:240: Suite splitting in effect</skipped></testcase><testcase classname="src.pymortests.operators" file="src/pymortests/operators.py" line="240" name="test_project_with_product_2[&lt;lambda&gt;7]" time="0.00039577484130859375"><skipped message="Suite splitting in effect" type="pytest.skip">src/pymortests/operators.py:240: Suite splitting in effect</skipped></testcase><testcase classname="src.pymortests.operators" file="src/pymortests/operators.py" line="240" name="test_project_with_product_2[&lt;lambda&gt;8]" time="0.0004076957702636719"><skipped message="Suite splitting in effect" type="pytest.skip">src/pymortests/operators.py:240: Suite splitting in effect</skipped></testcase><testcase classname="src.pymortests.operators" file="src/pymortests/operators.py" line="240" name="test_project_with_product_2[&lt;lambda&gt;9]" time="0.0004229545593261719"><skipped message="Suite splitting in effect" type="pytest.skip">src/pymortests/operators.py:240: Suite splitting in effect</skipped></testcase><testcase classname="src.pymortests.operators" file="src/pymortests/operators.py" line="240" name="test_project_with_product_2[&lt;lambda&gt;10]" time="0.00047659873962402344"><skipped message="Suite splitting in effect" type="pytest.skip">src/pymortests/operators.py:240: Suite splitting in effect</skipped></testcase><testcase classname="src.pymortests.operators" file="src/pymortests/operators.py" line="240" name="test_project_with_product_2[&lt;lambda&gt;11]" time="0.0004394054412841797"><skipped message="Suite splitting in effect" type="pytest.skip">src/pymortests/operators.py:240: Suite splitting in effect</skipped></testcase><testcase classname="src.pymortests.operators" file="src/pymortests/operators.py" line="240" name="test_project_with_product_2[&lt;lambda&gt;12]" time="0.00043129920959472656"><skipped message="Suite splitting in effect" type="pytest.skip">src/pymortests/operators.py:240: Suite splitting in effect</skipped></testcase><testcase classname="src.pymortests.operators" file="src/pymortests/operators.py" line="240" name="test_project_with_product_2[&lt;lambda&gt;13]" time="0.00039696693420410156"><skipped message="Suite splitting in effect" type="pytest.skip">src/pymortests/operators.py:240: Suite splitting in effect</skipped></testcase><testcase classname="src.pymortests.operators" file="src/pymortests/operators.py" line="240" name="test_project_with_product_2[&lt;lambda&gt;14]" time="0.0004050731658935547"><skipped message="Suite splitting in effect" type="pytest.skip">src/pymortests/operators.py:240: Suite splitting in effect</skipped></testcase><testcase classname="src.pymortests.operators" file="src/pymortests/operators.py" line="240" name="test_project_with_product_2[&lt;lambda&gt;15]" time="0.0005762577056884766"><skipped message="Suite splitting in effect" type="pytest.skip">src/pymortests/operators.py:240: Suite splitting in effect</skipped></testcase><testcase classname="src.pymortests.operators" file="src/pymortests/operators.py" line="240" name="test_project_with_product_2[&lt;lambda&gt;16]" time="0.0005965232849121094"><skipped message="Suite splitting in effect" type="pytest.skip">src/pymortests/operators.py:240: Suite splitting in effect</skipped></testcase><testcase classname="src.pymortests.operators" file="src/pymortests/operators.py" line="240" name="test_project_with_product_2[&lt;lambda&gt;17]" time="0.0004837512969970703"><skipped message="Suite splitting in effect" type="pytest.skip">src/pymortests/operators.py:240: Suite splitting in effect</skipped></testcase><testcase classname="src.pymortests.operators" file="src/pymortests/operators.py" line="240" name="test_project_with_product_2[&lt;lambda&gt;18]" time="0.0004069805145263672"><skipped message="Suite splitting in effect" type="pytest.skip">src/pymortests/operators.py:240: Suite splitting in effect</skipped></testcase><testcase classname="src.pymortests.operators" file="src/pymortests/operators.py" line="240" name="test_project_with_product_2[&lt;lambda&gt;19]" time="0.00041365623474121094"><skipped message="Suite splitting in effect" type="pytest.skip">src/pymortests/operators.py:240: Suite splitting in effect</skipped></testcase><testcase classname="src.pymortests.operators" file="src/pymortests/operators.py" line="240" name="test_project_with_product_2[&lt;lambda&gt;20]" time="0.00043964385986328125"><skipped message="Suite splitting in effect" type="pytest.skip">src/pymortests/operators.py:240: Suite splitting in effect</skipped></testcase><testcase classname="src.pymortests.operators" file="src/pymortests/operators.py" line="240" name="test_project_with_product_2[&lt;lambda&gt;21]" time="0.00040268898010253906"><skipped message="Suite splitting in effect" type="pytest.skip">src/pymortests/operators.py:240: Suite splitting in effect</skipped></testcase><testcase classname="src.pymortests.operators" file="src/pymortests/operators.py" line="240" name="test_project_with_product_2[&lt;lambda&gt;22]" time="0.0004322528839111328"><skipped message="Suite splitting in effect" type="pytest.skip">src/pymortests/operators.py:240: Suite splitting in effect</skipped></testcase><testcase classname="src.pymortests.operators" file="src/pymortests/operators.py" line="240" name="test_project_with_product_2[&lt;lambda&gt;23]" time="0.0005030632019042969"><skipped message="Suite splitting in effect" type="pytest.skip">src/pymortests/operators.py:240: Suite splitting in effect</skipped></testcase><testcase classname="src.pymortests.operators" file="src/pymortests/operators.py" line="240" name="test_project_with_product_2[&lt;lambda&gt;24]" time="0.0004410743713378906"><skipped message="Suite splitting in effect" type="pytest.skip">src/pymortests/operators.py:240: Suite splitting in effect</skipped></testcase><testcase classname="src.pymortests.operators" file="src/pymortests/operators.py" line="240" name="test_project_with_product_2[&lt;lambda&gt;25]" time="0.0004341602325439453"><skipped message="Suite splitting in effect" type="pytest.skip">src/pymortests/operators.py:240: Suite splitting in effect</skipped></testcase><testcase classname="src.pymortests.operators" file="src/pymortests/operators.py" line="240" name="test_project_with_product_2[&lt;lambda&gt;26]" time="0.0004050731658935547"><skipped message="Suite splitting in effect" type="pytest.skip">src/pymortests/operators.py:240: Suite splitting in effect</skipped></testcase><testcase classname="src.pymortests.operators" file="src/pymortests/operators.py" line="240" name="test_project_with_product_2[&lt;lambda&gt;27]" time="0.0004127025604248047"><skipped message="Suite splitting in effect" type="pytest.skip">src/pymortests/operators.py:240: Suite splitting in effect</skipped></testcase><testcase classname="src.pymortests.operators" file="src/pymortests/operators.py" line="240" name="test_project_with_product_2[&lt;lambda&gt;28]" time="0.0004246234893798828"><skipped message="Suite splitting in effect" type="pytest.skip">src/pymortests/operators.py:240: Suite splitting in effect</skipped></testcase><testcase classname="src.pymortests.operators" file="src/pymortests/operators.py" line="240" name="test_project_with_product_2[&lt;lambda&gt;29]" time="0.00048613548278808594"><skipped message="Suite splitting in effect" type="pytest.skip">src/pymortests/operators.py:240: Suite splitting in effect</skipped></testcase><testcase classname="src.pymortests.operators" file="src/pymortests/operators.py" line="240" name="test_project_with_product_2[&lt;lambda&gt;30]" time="0.0005097389221191406"><skipped message="Suite splitting in effect" type="pytest.skip">src/pymortests/operators.py:240: Suite splitting in effect</skipped></testcase><testcase classname="src.pymortests.operators" file="src/pymortests/operators.py" line="240" name="test_project_with_product_2[&lt;lambda&gt;31]" time="0.000431060791015625"><skipped message="Suite splitting in effect" type="pytest.skip">src/pymortests/operators.py:240: Suite splitting in effect</skipped></testcase><testcase classname="src.pymortests.operators" file="src/pymortests/operators.py" line="240" name="test_project_with_product_2[&lt;lambda&gt;32]" time="0.0004916191101074219"><skipped message="Suite splitting in effect" type="pytest.skip">src/pymortests/operators.py:240: Suite splitting in effect</skipped></testcase><testcase classname="src.pymortests.operators" file="src/pymortests/operators.py" line="240" name="test_project_with_product_2[&lt;lambda&gt;33]" time="0.0004324913024902344"><skipped message="Suite splitting in effect" type="pytest.skip">src/pymortests/operators.py:240: Suite splitting in effect</skipped></testcase><testcase classname="src.pymortests.operators" file="src/pymortests/operators.py" line="240" name="test_project_with_product_2[&lt;lambda&gt;34]" time="0.0004572868347167969"><skipped message="Suite splitting in effect" type="pytest.skip">src/pymortests/operators.py:240: Suite splitting in effect</skipped></testcase><testcase classname="src.pymortests.operators" file="src/pymortests/operators.py" line="240" name="test_project_with_product_2[&lt;lambda&gt;35]" time="0.0005209445953369141"><skipped message="Suite splitting in effect" type="pytest.skip">src/pymortests/operators.py:240: Suite splitting in effect</skipped></testcase><testcase classname="src.pymortests.operators" file="src/pymortests/operators.py" line="240" name="test_project_with_product_2[&lt;lambda&gt;36]" time="0.0004153251647949219"><skipped message="Suite splitting in effect" type="pytest.skip">src/pymortests/operators.py:240: Suite splitting in effect</skipped></testcase><testcase classname="src.pymortests.operators" file="src/pymortests/operators.py" line="256" name="test_jacobian[&lt;lambda&gt;0]" time="0.00047278404235839844"><skipped message="Suite splitting in effect" type="pytest.skip">src/pymortests/operators.py:256: Suite splitting in effect</skipped></testcase><testcase classname="src.pymortests.operators" file="src/pymortests/operators.py" line="256" name="test_jacobian[&lt;lambda&gt;1]" time="0.00041937828063964844"><skipped message="Suite splitting in effect" type="pytest.skip">src/pymortests/operators.py:256: Suite splitting in effect</skipped></testcase><testcase classname="src.pymortests.operators" file="src/pymortests/operators.py" line="256" name="test_jacobian[&lt;lambda&gt;2]" time="0.0005035400390625"><skipped message="Suite splitting in effect" type="pytest.skip">src/pymortests/operators.py:256: Suite splitting in effect</skipped></testcase><testcase classname="src.pymortests.operators" file="src/pymortests/operators.py" line="256" name="test_jacobian[&lt;lambda&gt;3]" time="0.0006868839263916016"><skipped message="Suite splitting in effect" type="pytest.skip">src/pymortests/operators.py:256: Suite splitting in effect</skipped></testcase><testcase classname="src.pymortests.operators" file="src/pymortests/operators.py" line="256" name="test_jacobian[&lt;lambda&gt;4]" time="0.0004112720489501953"><skipped message="Suite splitting in effect" type="pytest.skip">src/pymortests/operators.py:256: Suite splitting in effect</skipped></testcase><testcase classname="src.pymortests.operators" file="src/pymortests/operators.py" line="256" name="test_jacobian[&lt;lambda&gt;5]" time="0.0004260540008544922"><skipped message="Suite splitting in effect" type="pytest.skip">src/pymortests/operators.py:256: Suite splitting in effect</skipped></testcase><testcase classname="src.pymortests.operators" file="src/pymortests/operators.py" line="256" name="test_jacobian[&lt;lambda&gt;6]" time="0.0004074573516845703"><skipped message="Suite splitting in effect" type="pytest.skip">src/pymortests/operators.py:256: Suite splitting in effect</skipped></testcase><testcase classname="src.pymortests.operators" file="src/pymortests/operators.py" line="256" name="test_jacobian[&lt;lambda&gt;7]" time="0.00044989585876464844"><skipped message="Suite splitting in effect" type="pytest.skip">src/pymortests/operators.py:256: Suite splitting in effect</skipped></testcase><testcase classname="src.pymortests.operators" file="src/pymortests/operators.py" line="256" name="test_jacobian[&lt;lambda&gt;8]" time="0.000423431396484375"><skipped message="Suite splitting in effect" type="pytest.skip">src/pymortests/operators.py:256: Suite splitting in effect</skipped></testcase><testcase classname="src.pymortests.operators" file="src/pymortests/operators.py" line="256" name="test_jacobian[&lt;lambda&gt;9]" time="0.0003955364227294922"><skipped message="Suite splitting in effect" type="pytest.skip">src/pymortests/operators.py:256: Suite splitting in effect</skipped></testcase><testcase classname="src.pymortests.operators" file="src/pymortests/operators.py" line="256" name="test_jacobian[&lt;lambda&gt;10]" time="0.0004367828369140625"><skipped message="Suite splitting in effect" type="pytest.skip">src/pymortests/operators.py:256: Suite splitting in effect</skipped></testcase><testcase classname="src.pymortests.operators" file="src/pymortests/operators.py" line="256" name="test_jacobian[&lt;lambda&gt;11]" time="0.00041747093200683594"><skipped message="Suite splitting in effect" type="pytest.skip">src/pymortests/operators.py:256: Suite splitting in effect</skipped></testcase><testcase classname="src.pymortests.operators" file="src/pymortests/operators.py" line="256" name="test_jacobian[&lt;lambda&gt;12]" time="0.00041604042053222656"><skipped message="Suite splitting in effect" type="pytest.skip">src/pymortests/operators.py:256: Suite splitting in effect</skipped></testcase><testcase classname="src.pymortests.operators" file="src/pymortests/operators.py" line="256" name="test_jacobian[&lt;lambda&gt;13]" time="0.00048661231994628906"><skipped message="Suite splitting in effect" type="pytest.skip">src/pymortests/operators.py:256: Suite splitting in effect</skipped></testcase><testcase classname="src.pymortests.operators" file="src/pymortests/operators.py" line="256" name="test_jacobian[&lt;lambda&gt;14]" time="0.0007216930389404297"><skipped message="Suite splitting in effect" type="pytest.skip">src/pymortests/operators.py:256: Suite splitting in effect</skipped></testcase><testcase classname="src.pymortests.operators" file="src/pymortests/operators.py" line="256" name="test_jacobian[&lt;lambda&gt;15]" time="0.0004975795745849609"><skipped message="Suite splitting in effect" type="pytest.skip">src/pymortests/operators.py:256: Suite splitting in effect</skipped></testcase><testcase classname="src.pymortests.operators" file="src/pymortests/operators.py" line="256" name="test_jacobian[&lt;lambda&gt;16]" time="0.0004029273986816406"><skipped message="Suite splitting in effect" type="pytest.skip">src/pymortests/operators.py:256: Suite splitting in effect</skipped></testcase><testcase classname="src.pymortests.operators" file="src/pymortests/operators.py" line="256" name="test_jacobian[&lt;lambda&gt;17]" time="0.0004184246063232422"><skipped message="Suite splitting in effect" type="pytest.skip">src/pymortests/operators.py:256: Suite splitting in effect</skipped></testcase><testcase classname="src.pymortests.operators" file="src/pymortests/operators.py" line="256" name="test_jacobian[&lt;lambda&gt;18]" time="0.0006296634674072266"><skipped message="Suite splitting in effect" type="pytest.skip">src/pymortests/operators.py:256: Suite splitting in effect</skipped></testcase><testcase classname="src.pymortests.operators" file="src/pymortests/operators.py" line="256" name="test_jacobian[&lt;lambda&gt;19]" time="0.00040912628173828125"><skipped message="Suite splitting in effect" type="pytest.skip">src/pymortests/operators.py:256: Suite splitting in effect</skipped></testcase><testcase classname="src.pymortests.operators" file="src/pymortests/operators.py" line="256" name="test_jacobian[&lt;lambda&gt;20]" time="0.0004436969757080078"><skipped message="Suite splitting in effect" type="pytest.skip">src/pymortests/operators.py:256: Suite splitting in effect</skipped></testcase><testcase classname="src.pymortests.operators" file="src/pymortests/operators.py" line="256" name="test_jacobian[&lt;lambda&gt;21]" time="0.00039649009704589844"><skipped message="Suite splitting in effect" type="pytest.skip">src/pymortests/operators.py:256: Suite splitting in effect</skipped></testcase><testcase classname="src.pymortests.operators" file="src/pymortests/operators.py" line="256" name="test_jacobian[&lt;lambda&gt;22]" time="0.0004019737243652344"><skipped message="Suite splitting in effect" type="pytest.skip">src/pymortests/operators.py:256: Suite splitting in effect</skipped></testcase><testcase classname="src.pymortests.operators" file="src/pymortests/operators.py" line="256" name="test_jacobian[&lt;lambda&gt;23]" time="0.00046372413635253906"><skipped message="Suite splitting in effect" type="pytest.skip">src/pymortests/operators.py:256: Suite splitting in effect</skipped></testcase><testcase classname="src.pymortests.operators" file="src/pymortests/operators.py" line="256" name="test_jacobian[&lt;lambda&gt;24]" time="0.0004048347473144531"><skipped message="Suite splitting in effect" type="pytest.skip">src/pymortests/operators.py:256: Suite splitting in effect</skipped></testcase><testcase classname="src.pymortests.operators" file="src/pymortests/operators.py" line="256" name="test_jacobian[&lt;lambda&gt;25]" time="0.00042939186096191406"><skipped message="Suite splitting in effect" type="pytest.skip">src/pymortests/operators.py:256: Suite splitting in effect</skipped></testcase><testcase classname="src.pymortests.operators" file="src/pymortests/operators.py" line="256" name="test_jacobian[&lt;lambda&gt;26]" time="0.0003986358642578125"><skipped message="Suite splitting in effect" type="pytest.skip">src/pymortests/operators.py:256: Suite splitting in effect</skipped></testcase><testcase classname="src.pymortests.operators" file="src/pymortests/operators.py" line="256" name="test_jacobian[&lt;lambda&gt;27]" time="0.00046563148498535156"><skipped message="Suite splitting in effect" type="pytest.skip">src/pymortests/operators.py:256: Suite splitting in effect</skipped></testcase><testcase classname="src.pymortests.operators" file="src/pymortests/operators.py" line="256" name="test_jacobian[&lt;lambda&gt;28]" time="0.000453948974609375"><skipped message="Suite splitting in effect" type="pytest.skip">src/pymortests/operators.py:256: Suite splitting in effect</skipped></testcase><testcase classname="src.pymortests.operators" file="src/pymortests/operators.py" line="256" name="test_jacobian[&lt;lambda&gt;29]" time="0.00042366981506347656"><skipped message="Suite splitting in effect" type="pytest.skip">src/pymortests/operators.py:256: Suite splitting in effect</skipped></testcase><testcase classname="src.pymortests.operators" file="src/pymortests/operators.py" line="256" name="test_jacobian[&lt;lambda&gt;30]" time="0.00040602684020996094"><skipped message="Suite splitting in effect" type="pytest.skip">src/pymortests/operators.py:256: Suite splitting in effect</skipped></testcase><testcase classname="src.pymortests.operators" file="src/pymortests/operators.py" line="256" name="test_jacobian[&lt;lambda&gt;31]" time="0.00043010711669921875"><skipped message="Suite splitting in effect" type="pytest.skip">src/pymortests/operators.py:256: Suite splitting in effect</skipped></testcase><testcase classname="src.pymortests.operators" file="src/pymortests/operators.py" line="256" name="test_jacobian[&lt;lambda&gt;32]" time="0.00043892860412597656"><skipped message="Suite splitting in effect" type="pytest.skip">src/pymortests/operators.py:256: Suite splitting in effect</skipped></testcase><testcase classname="src.pymortests.operators" file="src/pymortests/operators.py" line="256" name="test_jacobian[&lt;lambda&gt;33]" time="0.00041222572326660156"><skipped message="Suite splitting in effect" type="pytest.skip">src/pymortests/operators.py:256: Suite splitting in effect</skipped></testcase><testcase classname="src.pymortests.operators" file="src/pymortests/operators.py" line="256" name="test_jacobian[&lt;lambda&gt;34]" time="0.0004074573516845703"><skipped message="Suite splitting in effect" type="pytest.skip">src/pymortests/operators.py:256: Suite splitting in effect</skipped></testcase><testcase classname="src.pymortests.operators" file="src/pymortests/operators.py" line="256" name="test_jacobian[&lt;lambda&gt;35]" time="0.00042510032653808594"><skipped message="Suite splitting in effect" type="pytest.skip">src/pymortests/operators.py:256: Suite splitting in effect</skipped></testcase><testcase classname="src.pymortests.operators" file="src/pymortests/operators.py" line="256" name="test_jacobian[&lt;lambda&gt;36]" time="0.0005056858062744141"><skipped message="Suite splitting in effect" type="pytest.skip">src/pymortests/operators.py:256: Suite splitting in effect</skipped></testcase><testcase classname="src.pymortests.operators" file="src/pymortests/operators.py" line="256" name="test_jacobian[&lt;lambda&gt;37]" time="0.00040602684020996094"><skipped message="Suite splitting in effect" type="pytest.skip">src/pymortests/operators.py:256: Suite splitting in effect</skipped></testcase><testcase classname="src.pymortests.operators" file="src/pymortests/operators.py" line="256" name="test_jacobian[&lt;lambda&gt;38]" time="0.0004971027374267578"><skipped message="Suite splitting in effect" type="pytest.skip">src/pymortests/operators.py:256: Suite splitting in effect</skipped></testcase><testcase classname="src.pymortests.operators" file="src/pymortests/operators.py" line="256" name="test_jacobian[&lt;lambda&gt;39]" time="0.0005667209625244141"><skipped message="Suite splitting in effect" type="pytest.skip">src/pymortests/operators.py:256: Suite splitting in effect</skipped></testcase><testcase classname="src.pymortests.operators" file="src/pymortests/operators.py" line="256" name="test_jacobian[&lt;lambda&gt;40]" time="0.00047516822814941406"><skipped message="Suite splitting in effect" type="pytest.skip">src/pymortests/operators.py:256: Suite splitting in effect</skipped></testcase><testcase classname="src.pymortests.operators" file="src/pymortests/operators.py" line="269" name="test_assemble[&lt;lambda&gt;0]" time="0.0004420280456542969"><skipped message="Suite splitting in effect" type="pytest.skip">src/pymortests/operators.py:269: Suite splitting in effect</skipped></testcase><testcase classname="src.pymortests.operators" file="src/pymortests/operators.py" line="269" name="test_assemble[&lt;lambda&gt;1]" time="0.0004334449768066406"><skipped message="Suite splitting in effect" type="pytest.skip">src/pymortests/operators.py:269: Suite splitting in effect</skipped></testcase><testcase classname="src.pymortests.operators" file="src/pymortests/operators.py" line="269" name="test_assemble[&lt;lambda&gt;2]" time="0.00042319297790527344"><skipped message="Suite splitting in effect" type="pytest.skip">src/pymortests/operators.py:269: Suite splitting in effect</skipped></testcase><testcase classname="src.pymortests.operators" file="src/pymortests/operators.py" line="269" name="test_assemble[&lt;lambda&gt;3]" time="0.0004551410675048828"><skipped message="Suite splitting in effect" type="pytest.skip">src/pymortests/operators.py:269: Suite splitting in effect</skipped></testcase><testcase classname="src.pymortests.operators" file="src/pymortests/operators.py" line="269" name="test_assemble[&lt;lambda&gt;4]" time="0.0004429817199707031"><skipped message="Suite splitting in effect" type="pytest.skip">src/pymortests/operators.py:269: Suite splitting in effect</skipped></testcase><testcase classname="src.pymortests.operators" file="src/pymortests/operators.py" line="269" name="test_assemble[&lt;lambda&gt;5]" time="0.000453948974609375"><skipped message="Suite splitting in effect" type="pytest.skip">src/pymortests/operators.py:269: Suite splitting in effect</skipped></testcase><testcase classname="src.pymortests.operators" file="src/pymortests/operators.py" line="269" name="test_assemble[&lt;lambda&gt;6]" time="0.0004506111145019531"><skipped message="Suite splitting in effect" type="pytest.skip">src/pymortests/operators.py:269: Suite splitting in effect</skipped></testcase><testcase classname="src.pymortests.operators" file="src/pymortests/operators.py" line="269" name="test_assemble[&lt;lambda&gt;7]" time="0.0005445480346679688"><skipped message="Suite splitting in effect" type="pytest.skip">src/pymortests/operators.py:269: Suite splitting in effect</skipped></testcase><testcase classname="src.pymortests.operators" file="src/pymortests/operators.py" line="269" name="test_assemble[&lt;lambda&gt;8]" time="0.0005483627319335938"><skipped message="Suite splitting in effect" type="pytest.skip">src/pymortests/operators.py:269: Suite splitting in effect</skipped></testcase><testcase classname="src.pymortests.operators" file="src/pymortests/operators.py" line="269" name="test_assemble[&lt;lambda&gt;9]" time="0.0006234645843505859"><skipped message="Suite splitting in effect" type="pytest.skip">src/pymortests/operators.py:269: Suite splitting in effect</skipped></testcase><testcase classname="src.pymortests.operators" file="src/pymortests/operators.py" line="269" name="test_assemble[&lt;lambda&gt;10]" time="0.00044345855712890625"><skipped message="Suite splitting in effect" type="pytest.skip">src/pymortests/operators.py:269: Suite splitting in effect</skipped></testcase><testcase classname="src.pymortests.operators" file="src/pymortests/operators.py" line="269" name="test_assemble[&lt;lambda&gt;11]" time="0.0004057884216308594"><skipped message="Suite splitting in effect" type="pytest.skip">src/pymortests/operators.py:269: Suite splitting in effect</skipped></testcase><testcase classname="src.pymortests.operators" file="src/pymortests/operators.py" line="269" name="test_assemble[&lt;lambda&gt;12]" time="0.00040221214294433594"><skipped message="Suite splitting in effect" type="pytest.skip">src/pymortests/operators.py:269: Suite splitting in effect</skipped></testcase><testcase classname="src.pymortests.operators" file="src/pymortests/operators.py" line="269" name="test_assemble[&lt;lambda&gt;13]" time="0.0004115104675292969"><skipped message="Suite splitting in effect" type="pytest.skip">src/pymortests/operators.py:269: Suite splitting in effect</skipped></testcase><testcase classname="src.pymortests.operators" file="src/pymortests/operators.py" line="269" name="test_assemble[&lt;lambda&gt;14]" time="0.0004241466522216797"><skipped message="Suite splitting in effect" type="pytest.skip">src/pymortests/operators.py:269: Suite splitting in effect</skipped></testcase><testcase classname="src.pymortests.operators" file="src/pymortests/operators.py" line="269" name="test_assemble[&lt;lambda&gt;15]" time="0.0003924369812011719"><skipped message="Suite splitting in effect" type="pytest.skip">src/pymortests/operators.py:269: Suite splitting in effect</skipped></testcase><testcase classname="src.pymortests.operators" file="src/pymortests/operators.py" line="269" name="test_assemble[&lt;lambda&gt;16]" time="0.0004520416259765625"><skipped message="Suite splitting in effect" type="pytest.skip">src/pymortests/operators.py:269: Suite splitting in effect</skipped></testcase><testcase classname="src.pymortests.operators" file="src/pymortests/operators.py" line="269" name="test_assemble[&lt;lambda&gt;17]" time="0.000408172607421875"><skipped message="Suite splitting in effect" type="pytest.skip">src/pymortests/operators.py:269: Suite splitting in effect</skipped></testcase><testcase classname="src.pymortests.operators" file="src/pymortests/operators.py" line="269" name="test_assemble[&lt;lambda&gt;18]" time="0.00043654441833496094"><skipped message="Suite splitting in effect" type="pytest.skip">src/pymortests/operators.py:269: Suite splitting in effect</skipped></testcase><testcase classname="src.pymortests.operators" file="src/pymortests/operators.py" line="269" name="test_assemble[&lt;lambda&gt;19]" time="0.00040221214294433594"><skipped message="Suite splitting in effect" type="pytest.skip">src/pymortests/operators.py:269: Suite splitting in effect</skipped></testcase><testcase classname="src.pymortests.operators" file="src/pymortests/operators.py" line="269" name="test_assemble[&lt;lambda&gt;20]" time="0.00040531158447265625"><skipped message="Suite splitting in effect" type="pytest.skip">src/pymortests/operators.py:269: Suite splitting in effect</skipped></testcase><testcase classname="src.pymortests.operators" file="src/pymortests/operators.py" line="269" name="test_assemble[&lt;lambda&gt;21]" time="0.0004286766052246094"><skipped message="Suite splitting in effect" type="pytest.skip">src/pymortests/operators.py:269: Suite splitting in effect</skipped></testcase><testcase classname="src.pymortests.operators" file="src/pymortests/operators.py" line="269" name="test_assemble[&lt;lambda&gt;22]" time="0.00039505958557128906"><skipped message="Suite splitting in effect" type="pytest.skip">src/pymortests/operators.py:269: Suite splitting in effect</skipped></testcase><testcase classname="src.pymortests.operators" file="src/pymortests/operators.py" line="269" name="test_assemble[&lt;lambda&gt;23]" time="0.0004265308380126953"><skipped message="Suite splitting in effect" type="pytest.skip">src/pymortests/operators.py:269: Suite splitting in effect</skipped></testcase><testcase classname="src.pymortests.operators" file="src/pymortests/operators.py" line="269" name="test_assemble[&lt;lambda&gt;24]" time="0.00040149688720703125"><skipped message="Suite splitting in effect" type="pytest.skip">src/pymortests/operators.py:269: Suite splitting in effect</skipped></testcase><testcase classname="src.pymortests.operators" file="src/pymortests/operators.py" line="269" name="test_assemble[&lt;lambda&gt;25]" time="0.0004444122314453125"><skipped message="Suite splitting in effect" type="pytest.skip">src/pymortests/operators.py:269: Suite splitting in effect</skipped></testcase><testcase classname="src.pymortests.operators" file="src/pymortests/operators.py" line="269" name="test_assemble[&lt;lambda&gt;26]" time="0.0003921985626220703"><skipped message="Suite splitting in effect" type="pytest.skip">src/pymortests/operators.py:269: Suite splitting in effect</skipped></testcase><testcase classname="src.pymortests.operators" file="src/pymortests/operators.py" line="269" name="test_assemble[&lt;lambda&gt;27]" time="0.0005116462707519531"><skipped message="Suite splitting in effect" type="pytest.skip">src/pymortests/operators.py:269: Suite splitting in effect</skipped></testcase><testcase classname="src.pymortests.operators" file="src/pymortests/operators.py" line="269" name="test_assemble[&lt;lambda&gt;28]" time="0.0004582405090332031"><skipped message="Suite splitting in effect" type="pytest.skip">src/pymortests/operators.py:269: Suite splitting in effect</skipped></testcase><testcase classname="src.pymortests.operators" file="src/pymortests/operators.py" line="269" name="test_assemble[&lt;lambda&gt;29]" time="0.0004296302795410156"><skipped message="Suite splitting in effect" type="pytest.skip">src/pymortests/operators.py:269: Suite splitting in effect</skipped></testcase><testcase classname="src.pymortests.operators" file="src/pymortests/operators.py" line="269" name="test_assemble[&lt;lambda&gt;30]" time="0.0004069805145263672"><skipped message="Suite splitting in effect" type="pytest.skip">src/pymortests/operators.py:269: Suite splitting in effect</skipped></testcase><testcase classname="src.pymortests.operators" file="src/pymortests/operators.py" line="269" name="test_assemble[&lt;lambda&gt;31]" time="0.0004305839538574219"><skipped message="Suite splitting in effect" type="pytest.skip">src/pymortests/operators.py:269: Suite splitting in effect</skipped></testcase><testcase classname="src.pymortests.operators" file="src/pymortests/operators.py" line="269" name="test_assemble[&lt;lambda&gt;32]" time="0.00044035911560058594"><skipped message="Suite splitting in effect" type="pytest.skip">src/pymortests/operators.py:269: Suite splitting in effect</skipped></testcase><testcase classname="src.pymortests.operators" file="src/pymortests/operators.py" line="269" name="test_assemble[&lt;lambda&gt;33]" time="0.00042748451232910156"><skipped message="Suite splitting in effect" type="pytest.skip">src/pymortests/operators.py:269: Suite splitting in effect</skipped></testcase><testcase classname="src.pymortests.operators" file="src/pymortests/operators.py" line="269" name="test_assemble[&lt;lambda&gt;34]" time="0.0004074573516845703"><skipped message="Suite splitting in effect" type="pytest.skip">src/pymortests/operators.py:269: Suite splitting in effect</skipped></testcase><testcase classname="src.pymortests.operators" file="src/pymortests/operators.py" line="269" name="test_assemble[&lt;lambda&gt;35]" time="0.0004298686981201172"><skipped message="Suite splitting in effect" type="pytest.skip">src/pymortests/operators.py:269: Suite splitting in effect</skipped></testcase><testcase classname="src.pymortests.operators" file="src/pymortests/operators.py" line="269" name="test_assemble[&lt;lambda&gt;36]" time="0.0004630088806152344"><skipped message="Suite splitting in effect" type="pytest.skip">src/pymortests/operators.py:269: Suite splitting in effect</skipped></testcase><testcase classname="src.pymortests.operators" file="src/pymortests/operators.py" line="269" name="test_assemble[&lt;lambda&gt;37]" time="0.00040268898010253906"><skipped message="Suite splitting in effect" type="pytest.skip">src/pymortests/operators.py:269: Suite splitting in effect</skipped></testcase><testcase classname="src.pymortests.operators" file="src/pymortests/operators.py" line="269" name="test_assemble[&lt;lambda&gt;38]" time="0.0005841255187988281"><skipped message="Suite splitting in effect" type="pytest.skip">src/pymortests/operators.py:269: Suite splitting in effect</skipped></testcase><testcase classname="src.pymortests.operators" file="src/pymortests/operators.py" line="269" name="test_assemble[&lt;lambda&gt;39]" time="0.0004119873046875"><skipped message="Suite splitting in effect" type="pytest.skip">src/pymortests/operators.py:269: Suite splitting in effect</skipped></testcase><testcase classname="src.pymortests.operators" file="src/pymortests/operators.py" line="269" name="test_assemble[&lt;lambda&gt;40]" time="0.0005409717559814453"><skipped message="Suite splitting in effect" type="pytest.skip">src/pymortests/operators.py:269: Suite splitting in effect</skipped></testcase><testcase classname="src.pymortests.operators" file="src/pymortests/operators.py" line="298" name="test_restricted[&lt;lambda&gt;0]" time="0.00041413307189941406"><skipped message="Suite splitting in effect" type="pytest.skip">src/pymortests/operators.py:298: Suite splitting in effect</skipped></testcase><testcase classname="src.pymortests.operators" file="src/pymortests/operators.py" line="298" name="test_restricted[&lt;lambda&gt;1]" time="0.0003993511199951172"><skipped message="Suite splitting in effect" type="pytest.skip">src/pymortests/operators.py:298: Suite splitting in effect</skipped></testcase><testcase classname="src.pymortests.operators" file="src/pymortests/operators.py" line="298" name="test_restricted[&lt;lambda&gt;2]" time="0.0004284381866455078"><skipped message="Suite splitting in effect" type="pytest.skip">src/pymortests/operators.py:298: Suite splitting in effect</skipped></testcase><testcase classname="src.pymortests.operators" file="src/pymortests/operators.py" line="298" name="test_restricted[&lt;lambda&gt;3]" time="0.0005533695220947266"><skipped message="Suite splitting in effect" type="pytest.skip">src/pymortests/operators.py:298: Suite splitting in effect</skipped></testcase><testcase classname="src.pymortests.operators" file="src/pymortests/operators.py" line="298" name="test_restricted[&lt;lambda&gt;4]" time="0.0004112720489501953"><skipped message="Suite splitting in effect" type="pytest.skip">src/pymortests/operators.py:298: Suite splitting in effect</skipped></testcase><testcase classname="src.pymortests.operators" file="src/pymortests/operators.py" line="298" name="test_restricted[&lt;lambda&gt;5]" time="0.000431060791015625"><skipped message="Suite splitting in effect" type="pytest.skip">src/pymortests/operators.py:298: Suite splitting in effect</skipped></testcase><testcase classname="src.pymortests.operators" file="src/pymortests/operators.py" line="298" name="test_restricted[&lt;lambda&gt;6]" time="0.0004000663757324219"><skipped message="Suite splitting in effect" type="pytest.skip">src/pymortests/operators.py:298: Suite splitting in effect</skipped></testcase><testcase classname="src.pymortests.operators" file="src/pymortests/operators.py" line="298" name="test_restricted[&lt;lambda&gt;7]" time="0.00040078163146972656"><skipped message="Suite splitting in effect" type="pytest.skip">src/pymortests/operators.py:298: Suite splitting in effect</skipped></testcase><testcase classname="src.pymortests.operators" file="src/pymortests/operators.py" line="298" name="test_restricted[&lt;lambda&gt;8]" time="0.00043010711669921875"><skipped message="Suite splitting in effect" type="pytest.skip">src/pymortests/operators.py:298: Suite splitting in effect</skipped></testcase><testcase classname="src.pymortests.operators" file="src/pymortests/operators.py" line="298" name="test_restricted[&lt;lambda&gt;9]" time="0.0004024505615234375"><skipped message="Suite splitting in effect" type="pytest.skip">src/pymortests/operators.py:298: Suite splitting in effect</skipped></testcase><testcase classname="src.pymortests.operators" file="src/pymortests/operators.py" line="298" name="test_restricted[&lt;lambda&gt;10]" time="0.0004062652587890625"><skipped message="Suite splitting in effect" type="pytest.skip">src/pymortests/operators.py:298: Suite splitting in effect</skipped></testcase><testcase classname="src.pymortests.operators" file="src/pymortests/operators.py" line="298" name="test_restricted[&lt;lambda&gt;11]" time="0.00038743019104003906"><skipped message="Suite splitting in effect" type="pytest.skip">src/pymortests/operators.py:298: Suite splitting in effect</skipped></testcase><testcase classname="src.pymortests.operators" file="src/pymortests/operators.py" line="298" name="test_restricted[&lt;lambda&gt;12]" time="0.0004010200500488281"><skipped message="Suite splitting in effect" type="pytest.skip">src/pymortests/operators.py:298: Suite splitting in effect</skipped></testcase><testcase classname="src.pymortests.operators" file="src/pymortests/operators.py" line="298" name="test_restricted[&lt;lambda&gt;13]" time="0.0004730224609375"><skipped message="Suite splitting in effect" type="pytest.skip">src/pymortests/operators.py:298: Suite splitting in effect</skipped></testcase><testcase classname="src.pymortests.operators" file="src/pymortests/operators.py" line="298" name="test_restricted[&lt;lambda&gt;14]" time="0.00040340423583984375"><skipped message="Suite splitting in effect" type="pytest.skip">src/pymortests/operators.py:298: Suite splitting in effect</skipped></testcase><testcase classname="src.pymortests.operators" file="src/pymortests/operators.py" line="298" name="test_restricted[&lt;lambda&gt;15]" time="0.0005285739898681641"><skipped message="Suite splitting in effect" type="pytest.skip">src/pymortests/operators.py:298: Suite splitting in effect</skipped></testcase><testcase classname="src.pymortests.operators" file="src/pymortests/operators.py" line="298" name="test_restricted[&lt;lambda&gt;16]" time="0.0004451274871826172"><skipped message="Suite splitting in effect" type="pytest.skip">src/pymortests/operators.py:298: Suite splitting in effect</skipped></testcase><testcase classname="src.pymortests.operators" file="src/pymortests/operators.py" line="298" name="test_restricted[&lt;lambda&gt;17]" time="0.0004646778106689453"><skipped message="Suite splitting in effect" type="pytest.skip">src/pymortests/operators.py:298: Suite splitting in effect</skipped></testcase><testcase classname="src.pymortests.operators" file="src/pymortests/operators.py" line="298" name="test_restricted[&lt;lambda&gt;18]" time="0.0004246234893798828"><skipped message="Suite splitting in effect" type="pytest.skip">src/pymortests/operators.py:298: Suite splitting in effect</skipped></testcase><testcase classname="src.pymortests.operators" file="src/pymortests/operators.py" line="298" name="test_restricted[&lt;lambda&gt;19]" time="0.00039958953857421875"><skipped message="Suite splitting in effect" type="pytest.skip">src/pymortests/operators.py:298: Suite splitting in effect</skipped></testcase><testcase classname="src.pymortests.operators" file="src/pymortests/operators.py" line="298" name="test_restricted[&lt;lambda&gt;20]" time="0.0004012584686279297"><skipped message="Suite splitting in effect" type="pytest.skip">src/pymortests/operators.py:298: Suite splitting in effect</skipped></testcase><testcase classname="src.pymortests.operators" file="src/pymortests/operators.py" line="298" name="test_restricted[&lt;lambda&gt;21]" time="0.0004322528839111328"><skipped message="Suite splitting in effect" type="pytest.skip">src/pymortests/operators.py:298: Suite splitting in effect</skipped></testcase><testcase classname="src.pymortests.operators" file="src/pymortests/operators.py" line="298" name="test_restricted[&lt;lambda&gt;22]" time="0.0004076957702636719"><skipped message="Suite splitting in effect" type="pytest.skip">src/pymortests/operators.py:298: Suite splitting in effect</skipped></testcase><testcase classname="src.pymortests.operators" file="src/pymortests/operators.py" line="298" name="test_restricted[&lt;lambda&gt;23]" time="0.0006127357482910156"><skipped message="Suite splitting in effect" type="pytest.skip">src/pymortests/operators.py:298: Suite splitting in effect</skipped></testcase><testcase classname="src.pymortests.operators" file="src/pymortests/operators.py" line="298" name="test_restricted[&lt;lambda&gt;24]" time="0.0005331039428710938"><skipped message="Suite splitting in effect" type="pytest.skip">src/pymortests/operators.py:298: Suite splitting in effect</skipped></testcase><testcase classname="src.pymortests.operators" file="src/pymortests/operators.py" line="298" name="test_restricted[&lt;lambda&gt;25]" time="0.0004642009735107422"><skipped message="Suite splitting in effect" type="pytest.skip">src/pymortests/operators.py:298: Suite splitting in effect</skipped></testcase><testcase classname="src.pymortests.operators" file="src/pymortests/operators.py" line="298" name="test_restricted[&lt;lambda&gt;26]" time="0.00044083595275878906"><skipped message="Suite splitting in effect" type="pytest.skip">src/pymortests/operators.py:298: Suite splitting in effect</skipped></testcase><testcase classname="src.pymortests.operators" file="src/pymortests/operators.py" line="298" name="test_restricted[&lt;lambda&gt;27]" time="0.0007379055023193359"><skipped message="Suite splitting in effect" type="pytest.skip">src/pymortests/operators.py:298: Suite splitting in effect</skipped></testcase><testcase classname="src.pymortests.operators" file="src/pymortests/operators.py" line="298" name="test_restricted[&lt;lambda&gt;28]" time="0.0004582405090332031"><skipped message="Suite splitting in effect" type="pytest.skip">src/pymortests/operators.py:298: Suite splitting in effect</skipped></testcase><testcase classname="src.pymortests.operators" file="src/pymortests/operators.py" line="298" name="test_restricted[&lt;lambda&gt;29]" time="0.00042939186096191406"><skipped message="Suite splitting in effect" type="pytest.skip">src/pymortests/operators.py:298: Suite splitting in effect</skipped></testcase><testcase classname="src.pymortests.operators" file="src/pymortests/operators.py" line="298" name="test_restricted[&lt;lambda&gt;30]" time="0.00041985511779785156"><skipped message="Suite splitting in effect" type="pytest.skip">src/pymortests/operators.py:298: Suite splitting in effect</skipped></testcase><testcase classname="src.pymortests.operators" file="src/pymortests/operators.py" line="298" name="test_restricted[&lt;lambda&gt;31]" time="0.00043654441833496094"><skipped message="Suite splitting in effect" type="pytest.skip">src/pymortests/operators.py:298: Suite splitting in effect</skipped></testcase><testcase classname="src.pymortests.operators" file="src/pymortests/operators.py" line="298" name="test_restricted[&lt;lambda&gt;32]" time="0.0003991127014160156"><skipped message="Suite splitting in effect" type="pytest.skip">src/pymortests/operators.py:298: Suite splitting in effect</skipped></testcase><testcase classname="src.pymortests.operators" file="src/pymortests/operators.py" line="298" name="test_restricted[&lt;lambda&gt;33]" time="0.0004057884216308594"><skipped message="Suite splitting in effect" type="pytest.skip">src/pymortests/operators.py:298: Suite splitting in effect</skipped></testcase><testcase classname="src.pymortests.operators" file="src/pymortests/operators.py" line="298" name="test_restricted[&lt;lambda&gt;34]" time="0.00040841102600097656"><skipped message="Suite splitting in effect" type="pytest.skip">src/pymortests/operators.py:298: Suite splitting in effect</skipped></testcase><testcase classname="src.pymortests.operators" file="src/pymortests/operators.py" line="298" name="test_restricted[&lt;lambda&gt;35]" time="0.0003936290740966797"><skipped message="Suite splitting in effect" type="pytest.skip">src/pymortests/operators.py:298: Suite splitting in effect</skipped></testcase><testcase classname="src.pymortests.operators" file="src/pymortests/operators.py" line="298" name="test_restricted[&lt;lambda&gt;36]" time="0.0004048347473144531"><skipped message="Suite splitting in effect" type="pytest.skip">src/pymortests/operators.py:298: Suite splitting in effect</skipped></testcase><testcase classname="src.pymortests.operators" file="src/pymortests/operators.py" line="298" name="test_restricted[&lt;lambda&gt;37]" time="0.0004482269287109375"><skipped message="Suite splitting in effect" type="pytest.skip">src/pymortests/operators.py:298: Suite splitting in effect</skipped></testcase><testcase classname="src.pymortests.operators" file="src/pymortests/operators.py" line="298" name="test_restricted[&lt;lambda&gt;38]" time="0.00047278404235839844"><skipped message="Suite splitting in effect" type="pytest.skip">src/pymortests/operators.py:298: Suite splitting in effect</skipped></testcase><testcase classname="src.pymortests.operators" file="src/pymortests/operators.py" line="298" name="test_restricted[&lt;lambda&gt;39]" time="0.00039839744567871094"><skipped message="Suite splitting in effect" type="pytest.skip">src/pymortests/operators.py:298: Suite splitting in effect</skipped></testcase><testcase classname="src.pymortests.operators" file="src/pymortests/operators.py" line="298" name="test_restricted[&lt;lambda&gt;40]" time="0.00042891502380371094"><skipped message="Suite splitting in effect" type="pytest.skip">src/pymortests/operators.py:298: Suite splitting in effect</skipped></testcase><testcase classname="src.pymortests.operators" file="src/pymortests/operators.py" line="314" name="test_InverseOperator[&lt;lambda&gt;0]" time="0.0005033016204833984"><skipped message="Suite splitting in effect" type="pytest.skip">src/pymortests/operators.py:314: Suite splitting in effect</skipped></testcase><testcase classname="src.pymortests.operators" file="src/pymortests/operators.py" line="314" name="test_InverseOperator[&lt;lambda&gt;1]" time="0.0005090236663818359"><skipped message="Suite splitting in effect" type="pytest.skip">src/pymortests/operators.py:314: Suite splitting in effect</skipped></testcase><testcase classname="src.pymortests.operators" file="src/pymortests/operators.py" line="314" name="test_InverseOperator[&lt;lambda&gt;2]" time="0.0006651878356933594"><skipped message="Suite splitting in effect" type="pytest.skip">src/pymortests/operators.py:314: Suite splitting in effect</skipped></testcase><testcase classname="src.pymortests.operators" file="src/pymortests/operators.py" line="314" name="test_InverseOperator[&lt;lambda&gt;3]" time="0.0004851818084716797"><skipped message="Suite splitting in effect" type="pytest.skip">src/pymortests/operators.py:314: Suite splitting in effect</skipped></testcase><testcase classname="src.pymortests.operators" file="src/pymortests/operators.py" line="314" name="test_InverseOperator[&lt;lambda&gt;4]" time="0.00039577484130859375"><skipped message="Suite splitting in effect" type="pytest.skip">src/pymortests/operators.py:314: Suite splitting in effect</skipped></testcase><testcase classname="src.pymortests.operators" file="src/pymortests/operators.py" line="314" name="test_InverseOperator[&lt;lambda&gt;5]" time="0.0004868507385253906"><skipped message="Suite splitting in effect" type="pytest.skip">src/pymortests/operators.py:314: Suite splitting in effect</skipped></testcase><testcase classname="src.pymortests.operators" file="src/pymortests/operators.py" line="314" name="test_InverseOperator[&lt;lambda&gt;6]" time="0.0003979206085205078"><skipped message="Suite splitting in effect" type="pytest.skip">src/pymortests/operators.py:314: Suite splitting in effect</skipped></testcase><testcase classname="src.pymortests.operators" file="src/pymortests/operators.py" line="314" name="test_InverseOperator[&lt;lambda&gt;7]" time="0.0004208087921142578"><skipped message="Suite splitting in effect" type="pytest.skip">src/pymortests/operators.py:314: Suite splitting in effect</skipped></testcase><testcase classname="src.pymortests.operators" file="src/pymortests/operators.py" line="314" name="test_InverseOperator[&lt;lambda&gt;8]" time="0.00039076805114746094"><skipped message="Suite splitting in effect" type="pytest.skip">src/pymortests/operators.py:314: Suite splitting in effect</skipped></testcase><testcase classname="src.pymortests.operators" file="src/pymortests/operators.py" line="314" name="test_InverseOperator[&lt;lambda&gt;9]" time="0.00041937828063964844"><skipped message="Suite splitting in effect" type="pytest.skip">src/pymortests/operators.py:314: Suite splitting in effect</skipped></testcase><testcase classname="src.pymortests.operators" file="src/pymortests/operators.py" line="314" name="test_InverseOperator[&lt;lambda&gt;10]" time="0.0004184246063232422"><skipped message="Suite splitting in effect" type="pytest.skip">src/pymortests/operators.py:314: Suite splitting in effect</skipped></testcase><testcase classname="src.pymortests.operators" file="src/pymortests/operators.py" line="314" name="test_InverseOperator[&lt;lambda&gt;11]" time="0.00046539306640625"><skipped message="Suite splitting in effect" type="pytest.skip">src/pymortests/operators.py:314: Suite splitting in effect</skipped></testcase><testcase classname="src.pymortests.operators" file="src/pymortests/operators.py" line="314" name="test_InverseOperator[&lt;lambda&gt;12]" time="0.0003986358642578125"><skipped message="Suite splitting in effect" type="pytest.skip">src/pymortests/operators.py:314: Suite splitting in effect</skipped></testcase><testcase classname="src.pymortests.operators" file="src/pymortests/operators.py" line="314" name="test_InverseOperator[&lt;lambda&gt;13]" time="0.0005593299865722656"><skipped message="Suite splitting in effect" type="pytest.skip">src/pymortests/operators.py:314: Suite splitting in effect</skipped></testcase><testcase classname="src.pymortests.operators" file="src/pymortests/operators.py" line="314" name="test_InverseOperator[&lt;lambda&gt;14]" time="0.00041413307189941406"><skipped message="Suite splitting in effect" type="pytest.skip">src/pymortests/operators.py:314: Suite splitting in effect</skipped></testcase><testcase classname="src.pymortests.operators" file="src/pymortests/operators.py" line="314" name="test_InverseOperator[&lt;lambda&gt;15]" time="0.00044345855712890625"><skipped message="Suite splitting in effect" type="pytest.skip">src/pymortests/operators.py:314: Suite splitting in effect</skipped></testcase><testcase classname="src.pymortests.operators" file="src/pymortests/operators.py" line="314" name="test_InverseOperator[&lt;lambda&gt;16]" time="0.0007128715515136719"><skipped message="Suite splitting in effect" type="pytest.skip">src/pymortests/operators.py:314: Suite splitting in effect</skipped></testcase><testcase classname="src.pymortests.operators" file="src/pymortests/operators.py" line="314" name="test_InverseOperator[&lt;lambda&gt;17]" time="0.0005488395690917969"><skipped message="Suite splitting in effect" type="pytest.skip">src/pymortests/operators.py:314: Suite splitting in effect</skipped></testcase><testcase classname="src.pymortests.operators" file="src/pymortests/operators.py" line="314" name="test_InverseOperator[&lt;lambda&gt;18]" time="0.00045871734619140625"><skipped message="Suite splitting in effect" type="pytest.skip">src/pymortests/operators.py:314: Suite splitting in effect</skipped></testcase><testcase classname="src.pymortests.operators" file="src/pymortests/operators.py" line="314" name="test_InverseOperator[&lt;lambda&gt;19]" time="0.00047326087951660156"><skipped message="Suite splitting in effect" type="pytest.skip">src/pymortests/operators.py:314: Suite splitting in effect</skipped></testcase><testcase classname="src.pymortests.operators" file="src/pymortests/operators.py" line="314" name="test_InverseOperator[&lt;lambda&gt;20]" time="0.0004589557647705078"><skipped message="Suite splitting in effect" type="pytest.skip">src/pymortests/operators.py:314: Suite splitting in effect</skipped></testcase><testcase classname="src.pymortests.operators" file="src/pymortests/operators.py" line="314" name="test_InverseOperator[&lt;lambda&gt;21]" time="0.0003991127014160156"><skipped message="Suite splitting in effect" type="pytest.skip">src/pymortests/operators.py:314: Suite splitting in effect</skipped></testcase><testcase classname="src.pymortests.operators" file="src/pymortests/operators.py" line="314" name="test_InverseOperator[&lt;lambda&gt;22]" time="0.00042891502380371094"><skipped message="Suite splitting in effect" type="pytest.skip">src/pymortests/operators.py:314: Suite splitting in effect</skipped></testcase><testcase classname="src.pymortests.operators" file="src/pymortests/operators.py" line="314" name="test_InverseOperator[&lt;lambda&gt;23]" time="0.0004305839538574219"><skipped message="Suite splitting in effect" type="pytest.skip">src/pymortests/operators.py:314: Suite splitting in effect</skipped></testcase><testcase classname="src.pymortests.operators" file="src/pymortests/operators.py" line="314" name="test_InverseOperator[&lt;lambda&gt;24]" time="0.00044918060302734375"><skipped message="Suite splitting in effect" type="pytest.skip">src/pymortests/operators.py:314: Suite splitting in effect</skipped></testcase><testcase classname="src.pymortests.operators" file="src/pymortests/operators.py" line="314" name="test_InverseOperator[&lt;lambda&gt;25]" time="0.0004277229309082031"><skipped message="Suite splitting in effect" type="pytest.skip">src/pymortests/operators.py:314: Suite splitting in effect</skipped></testcase><testcase classname="src.pymortests.operators" file="src/pymortests/operators.py" line="314" name="test_InverseOperator[&lt;lambda&gt;26]" time="0.0006132125854492188"><skipped message="Suite splitting in effect" type="pytest.skip">src/pymortests/operators.py:314: Suite splitting in effect</skipped></testcase><testcase classname="src.pymortests.operators" file="src/pymortests/operators.py" line="314" name="test_InverseOperator[&lt;lambda&gt;27]" time="0.0004947185516357422"><skipped message="Suite splitting in effect" type="pytest.skip">src/pymortests/operators.py:314: Suite splitting in effect</skipped></testcase><testcase classname="src.pymortests.operators" file="src/pymortests/operators.py" line="314" name="test_InverseOperator[&lt;lambda&gt;28]" time="0.0005033016204833984"><skipped message="Suite splitting in effect" type="pytest.skip">src/pymortests/operators.py:314: Suite splitting in effect</skipped></testcase><testcase classname="src.pymortests.operators" file="src/pymortests/operators.py" line="314" name="test_InverseOperator[&lt;lambda&gt;29]" time="0.0004119873046875"><skipped message="Suite splitting in effect" type="pytest.skip">src/pymortests/operators.py:314: Suite splitting in effect</skipped></testcase><testcase classname="src.pymortests.operators" file="src/pymortests/operators.py" line="314" name="test_InverseOperator[&lt;lambda&gt;30]" time="0.0004134178161621094"><skipped message="Suite splitting in effect" type="pytest.skip">src/pymortests/operators.py:314: Suite splitting in effect</skipped></testcase><testcase classname="src.pymortests.operators" file="src/pymortests/operators.py" line="314" name="test_InverseOperator[&lt;lambda&gt;31]" time="0.0004253387451171875"><skipped message="Suite splitting in effect" type="pytest.skip">src/pymortests/operators.py:314: Suite splitting in effect</skipped></testcase><testcase classname="src.pymortests.operators" file="src/pymortests/operators.py" line="314" name="test_InverseOperator[&lt;lambda&gt;32]" time="0.0012001991271972656"><skipped message="Suite splitting in effect" type="pytest.skip">src/pymortests/operators.py:314: Suite splitting in effect</skipped></testcase><testcase classname="src.pymortests.operators" file="src/pymortests/operators.py" line="314" name="test_InverseOperator[&lt;lambda&gt;33]" time="0.00039839744567871094"><skipped message="Suite splitting in effect" type="pytest.skip">src/pymortests/operators.py:314: Suite splitting in effect</skipped></testcase><testcase classname="src.pymortests.operators" file="src/pymortests/operators.py" line="314" name="test_InverseOperator[&lt;lambda&gt;34]" time="0.0003991127014160156"><skipped message="Suite splitting in effect" type="pytest.skip">src/pymortests/operators.py:314: Suite splitting in effect</skipped></testcase><testcase classname="src.pymortests.operators" file="src/pymortests/operators.py" line="314" name="test_InverseOperator[&lt;lambda&gt;35]" time="0.0003943443298339844"><skipped message="Suite splitting in effect" type="pytest.skip">src/pymortests/operators.py:314: Suite splitting in effect</skipped></testcase><testcase classname="src.pymortests.operators" file="src/pymortests/operators.py" line="314" name="test_InverseOperator[&lt;lambda&gt;36]" time="0.00048804283142089844"><skipped message="Suite splitting in effect" type="pytest.skip">src/pymortests/operators.py:314: Suite splitting in effect</skipped></testcase><testcase classname="src.pymortests.operators" file="src/pymortests/operators.py" line="314" name="test_InverseOperator[&lt;lambda&gt;37]" time="0.0004398822784423828"><skipped message="Suite splitting in effect" type="pytest.skip">src/pymortests/operators.py:314: Suite splitting in effect</skipped></testcase><testcase classname="src.pymortests.operators" file="src/pymortests/operators.py" line="314" name="test_InverseOperator[&lt;lambda&gt;38]" time="0.0003955364227294922"><skipped message="Suite splitting in effect" type="pytest.skip">src/pymortests/operators.py:314: Suite splitting in effect</skipped></testcase><testcase classname="src.pymortests.operators" file="src/pymortests/operators.py" line="314" name="test_InverseOperator[&lt;lambda&gt;39]" time="0.00042557716369628906"><skipped message="Suite splitting in effect" type="pytest.skip">src/pymortests/operators.py:314: Suite splitting in effect</skipped></testcase><testcase classname="src.pymortests.operators" file="src/pymortests/operators.py" line="314" name="test_InverseOperator[&lt;lambda&gt;40]" time="0.0005085468292236328"><skipped message="Suite splitting in effect" type="pytest.skip">src/pymortests/operators.py:314: Suite splitting in effect</skipped></testcase><testcase classname="src.pymortests.operators" file="src/pymortests/operators.py" line="339" name="test_InverseAdjointOperator[&lt;lambda&gt;0]" time="0.00048279762268066406"><skipped message="Suite splitting in effect" type="pytest.skip">src/pymortests/operators.py:339: Suite splitting in effect</skipped></testcase><testcase classname="src.pymortests.operators" file="src/pymortests/operators.py" line="339" name="test_InverseAdjointOperator[&lt;lambda&gt;1]" time="0.0006630420684814453"><skipped message="Suite splitting in effect" type="pytest.skip">src/pymortests/operators.py:339: Suite splitting in effect</skipped></testcase><testcase classname="src.pymortests.operators" file="src/pymortests/operators.py" line="339" name="test_InverseAdjointOperator[&lt;lambda&gt;2]" time="0.0003998279571533203"><skipped message="Suite splitting in effect" type="pytest.skip">src/pymortests/operators.py:339: Suite splitting in effect</skipped></testcase><testcase classname="src.pymortests.operators" file="src/pymortests/operators.py" line="339" name="test_InverseAdjointOperator[&lt;lambda&gt;3]" time="0.0004367828369140625"><skipped message="Suite splitting in effect" type="pytest.skip">src/pymortests/operators.py:339: Suite splitting in effect</skipped></testcase><testcase classname="src.pymortests.operators" file="src/pymortests/operators.py" line="339" name="test_InverseAdjointOperator[&lt;lambda&gt;4]" time="0.0004832744598388672"><skipped message="Suite splitting in effect" type="pytest.skip">src/pymortests/operators.py:339: Suite splitting in effect</skipped></testcase><testcase classname="src.pymortests.operators" file="src/pymortests/operators.py" line="339" name="test_InverseAdjointOperator[&lt;lambda&gt;5]" time="0.00040531158447265625"><skipped message="Suite splitting in effect" type="pytest.skip">src/pymortests/operators.py:339: Suite splitting in effect</skipped></testcase><testcase classname="src.pymortests.operators" file="src/pymortests/operators.py" line="339" name="test_InverseAdjointOperator[&lt;lambda&gt;6]" time="0.000400543212890625"><skipped message="Suite splitting in effect" type="pytest.skip">src/pymortests/operators.py:339: Suite splitting in effect</skipped></testcase><testcase classname="src.pymortests.operators" file="src/pymortests/operators.py" line="339" name="test_InverseAdjointOperator[&lt;lambda&gt;7]" time="0.00040078163146972656"><skipped message="Suite splitting in effect" type="pytest.skip">src/pymortests/operators.py:339: Suite splitting in effect</skipped></testcase><testcase classname="src.pymortests.operators" file="src/pymortests/operators.py" line="339" name="test_InverseAdjointOperator[&lt;lambda&gt;8]" time="0.0004208087921142578"><skipped message="Suite splitting in effect" type="pytest.skip">src/pymortests/operators.py:339: Suite splitting in effect</skipped></testcase><testcase classname="src.pymortests.operators" file="src/pymortests/operators.py" line="339" name="test_InverseAdjointOperator[&lt;lambda&gt;9]" time="0.0004928112030029297"><skipped message="Suite splitting in effect" type="pytest.skip">src/pymortests/operators.py:339: Suite splitting in effect</skipped></testcase><testcase classname="src.pymortests.operators" file="src/pymortests/operators.py" line="339" name="test_InverseAdjointOperator[&lt;lambda&gt;10]" time="0.0004215240478515625"><skipped message="Suite splitting in effect" type="pytest.skip">src/pymortests/operators.py:339: Suite splitting in effect</skipped></testcase><testcase classname="src.pymortests.operators" file="src/pymortests/operators.py" line="339" name="test_InverseAdjointOperator[&lt;lambda&gt;11]" time="0.0004544258117675781"><skipped message="Suite splitting in effect" type="pytest.skip">src/pymortests/operators.py:339: Suite splitting in effect</skipped></testcase><testcase classname="src.pymortests.operators" file="src/pymortests/operators.py" line="339" name="test_InverseAdjointOperator[&lt;lambda&gt;12]" time="0.0004448890686035156"><skipped message="Suite splitting in effect" type="pytest.skip">src/pymortests/operators.py:339: Suite splitting in effect</skipped></testcase><testcase classname="src.pymortests.operators" file="src/pymortests/operators.py" line="339" name="test_InverseAdjointOperator[&lt;lambda&gt;13]" time="0.0004127025604248047"><skipped message="Suite splitting in effect" type="pytest.skip">src/pymortests/operators.py:339: Suite splitting in effect</skipped></testcase><testcase classname="src.pymortests.operators" file="src/pymortests/operators.py" line="339" name="test_InverseAdjointOperator[&lt;lambda&gt;14]" time="0.00045943260192871094"><skipped message="Suite splitting in effect" type="pytest.skip">src/pymortests/operators.py:339: Suite splitting in effect</skipped></testcase><testcase classname="src.pymortests.operators" file="src/pymortests/operators.py" line="339" name="test_InverseAdjointOperator[&lt;lambda&gt;15]" time="0.0005962848663330078"><skipped message="Suite splitting in effect" type="pytest.skip">src/pymortests/operators.py:339: Suite splitting in effect</skipped></testcase><testcase classname="src.pymortests.operators" file="src/pymortests/operators.py" line="339" name="test_InverseAdjointOperator[&lt;lambda&gt;16]" time="0.0005288124084472656"><skipped message="Suite splitting in effect" type="pytest.skip">src/pymortests/operators.py:339: Suite splitting in effect</skipped></testcase><testcase classname="src.pymortests.operators" file="src/pymortests/operators.py" line="339" name="test_InverseAdjointOperator[&lt;lambda&gt;17]" time="0.00043129920959472656"><skipped message="Suite splitting in effect" type="pytest.skip">src/pymortests/operators.py:339: Suite splitting in effect</skipped></testcase><testcase classname="src.pymortests.operators" file="src/pymortests/operators.py" line="339" name="test_InverseAdjointOperator[&lt;lambda&gt;18]" time="0.0004324913024902344"><skipped message="Suite splitting in effect" type="pytest.skip">src/pymortests/operators.py:339: Suite splitting in effect</skipped></testcase><testcase classname="src.pymortests.operators" file="src/pymortests/operators.py" line="339" name="test_InverseAdjointOperator[&lt;lambda&gt;19]" time="0.0003933906555175781"><skipped message="Suite splitting in effect" type="pytest.skip">src/pymortests/operators.py:339: Suite splitting in effect</skipped></testcase><testcase classname="src.pymortests.operators" file="src/pymortests/operators.py" line="339" name="test_InverseAdjointOperator[&lt;lambda&gt;20]" time="0.00044536590576171875"><skipped message="Suite splitting in effect" type="pytest.skip">src/pymortests/operators.py:339: Suite splitting in effect</skipped></testcase><testcase classname="src.pymortests.operators" file="src/pymortests/operators.py" line="339" name="test_InverseAdjointOperator[&lt;lambda&gt;21]" time="0.00039768218994140625"><skipped message="Suite splitting in effect" type="pytest.skip">src/pymortests/operators.py:339: Suite splitting in effect</skipped></testcase><testcase classname="src.pymortests.operators" file="src/pymortests/operators.py" line="339" name="test_InverseAdjointOperator[&lt;lambda&gt;22]" time="0.00042247772216796875"><skipped message="Suite splitting in effect" type="pytest.skip">src/pymortests/operators.py:339: Suite splitting in effect</skipped></testcase><testcase classname="src.pymortests.operators" file="src/pymortests/operators.py" line="339" name="test_InverseAdjointOperator[&lt;lambda&gt;23]" time="0.0005152225494384766"><skipped message="Suite splitting in effect" type="pytest.skip">src/pymortests/operators.py:339: Suite splitting in effect</skipped></testcase><testcase classname="src.pymortests.operators" file="src/pymortests/operators.py" line="339" name="test_InverseAdjointOperator[&lt;lambda&gt;24]" time="0.000396728515625"><skipped message="Suite splitting in effect" type="pytest.skip">src/pymortests/operators.py:339: Suite splitting in effect</skipped></testcase><testcase classname="src.pymortests.operators" file="src/pymortests/operators.py" line="339" name="test_InverseAdjointOperator[&lt;lambda&gt;25]" time="0.0004792213439941406"><skipped message="Suite splitting in effect" type="pytest.skip">src/pymortests/operators.py:339: Suite splitting in effect</skipped></testcase><testcase classname="src.pymortests.operators" file="src/pymortests/operators.py" line="339" name="test_InverseAdjointOperator[&lt;lambda&gt;26]" time="0.0006611347198486328"><skipped message="Suite splitting in effect" type="pytest.skip">src/pymortests/operators.py:339: Suite splitting in effect</skipped></testcase><testcase classname="src.pymortests.operators" file="src/pymortests/operators.py" line="339" name="test_InverseAdjointOperator[&lt;lambda&gt;27]" time="0.0005707740783691406"><skipped message="Suite splitting in effect" type="pytest.skip">src/pymortests/operators.py:339: Suite splitting in effect</skipped></testcase><testcase classname="src.pymortests.operators" file="src/pymortests/operators.py" line="339" name="test_InverseAdjointOperator[&lt;lambda&gt;28]" time="0.0004317760467529297"><skipped message="Suite splitting in effect" type="pytest.skip">src/pymortests/operators.py:339: Suite splitting in effect</skipped></testcase><testcase classname="src.pymortests.operators" file="src/pymortests/operators.py" line="339" name="test_InverseAdjointOperator[&lt;lambda&gt;29]" time="0.0004343986511230469"><skipped message="Suite splitting in effect" type="pytest.skip">src/pymortests/operators.py:339: Suite splitting in effect</skipped></testcase><testcase classname="src.pymortests.operators" file="src/pymortests/operators.py" line="339" name="test_InverseAdjointOperator[&lt;lambda&gt;30]" time="0.0004076957702636719"><skipped message="Suite splitting in effect" type="pytest.skip">src/pymortests/operators.py:339: Suite splitting in effect</skipped></testcase><testcase classname="src.pymortests.operators" file="src/pymortests/operators.py" line="339" name="test_InverseAdjointOperator[&lt;lambda&gt;31]" time="0.0004582405090332031"><skipped message="Suite splitting in effect" type="pytest.skip">src/pymortests/operators.py:339: Suite splitting in effect</skipped></testcase><testcase classname="src.pymortests.operators" file="src/pymortests/operators.py" line="339" name="test_InverseAdjointOperator[&lt;lambda&gt;32]" time="0.0004181861877441406"><skipped message="Suite splitting in effect" type="pytest.skip">src/pymortests/operators.py:339: Suite splitting in effect</skipped></testcase><testcase classname="src.pymortests.operators" file="src/pymortests/operators.py" line="339" name="test_InverseAdjointOperator[&lt;lambda&gt;33]" time="0.00042700767517089844"><skipped message="Suite splitting in effect" type="pytest.skip">src/pymortests/operators.py:339: Suite splitting in effect</skipped></testcase><testcase classname="src.pymortests.operators" file="src/pymortests/operators.py" line="339" name="test_InverseAdjointOperator[&lt;lambda&gt;34]" time="0.00043487548828125"><skipped message="Suite splitting in effect" type="pytest.skip">src/pymortests/operators.py:339: Suite splitting in effect</skipped></testcase><testcase classname="src.pymortests.operators" file="src/pymortests/operators.py" line="339" name="test_InverseAdjointOperator[&lt;lambda&gt;35]" time="0.0003986358642578125"><skipped message="Suite splitting in effect" type="pytest.skip">src/pymortests/operators.py:339: Suite splitting in effect</skipped></testcase><testcase classname="src.pymortests.operators" file="src/pymortests/operators.py" line="339" name="test_InverseAdjointOperator[&lt;lambda&gt;36]" time="0.00043320655822753906"><skipped message="Suite splitting in effect" type="pytest.skip">src/pymortests/operators.py:339: Suite splitting in effect</skipped></testcase><testcase classname="src.pymortests.operators" file="src/pymortests/operators.py" line="339" name="test_InverseAdjointOperator[&lt;lambda&gt;37]" time="0.0006880760192871094"><skipped message="Suite splitting in effect" type="pytest.skip">src/pymortests/operators.py:339: Suite splitting in effect</skipped></testcase><testcase classname="src.pymortests.operators" file="src/pymortests/operators.py" line="339" name="test_InverseAdjointOperator[&lt;lambda&gt;38]" time="0.0004372596740722656"><skipped message="Suite splitting in effect" type="pytest.skip">src/pymortests/operators.py:339: Suite splitting in effect</skipped></testcase><testcase classname="src.pymortests.operators" file="src/pymortests/operators.py" line="339" name="test_InverseAdjointOperator[&lt;lambda&gt;39]" time="0.0004203319549560547"><skipped message="Suite splitting in effect" type="pytest.skip">src/pymortests/operators.py:339: Suite splitting in effect</skipped></testcase><testcase classname="src.pymortests.operators" file="src/pymortests/operators.py" line="339" name="test_InverseAdjointOperator[&lt;lambda&gt;40]" time="0.0008337497711181641"><skipped message="Suite splitting in effect" type="pytest.skip">src/pymortests/operators.py:339: Suite splitting in effect</skipped></testcase><testcase classname="src.pymortests.parameters" file="src/pymortests/parameters.py" line="18" name="test_uniform" time="0.0005106925964355469"><skipped message="Suite splitting in effect" type="pytest.skip">src/pymortests/parameters.py:18: Suite splitting in effect</skipped></testcase><testcase classname="src.pymortests.parameters" file="src/pymortests/parameters.py" line="25" name="test_randomly" time="0.0004265308380126953"><skipped message="Suite splitting in effect" type="pytest.skip">src/pymortests/parameters.py:25: Suite splitting in effect</skipped></testcase><testcase classname="src.pymortests.playground" file="src/pymortests/playground.py" line="12" name="test_eval" time="0.00046443939208984375"><skipped message="Suite splitting in effect" type="pytest.skip">src/pymortests/playground.py:12: Suite splitting in effect</skipped></testcase><testcase classname="src.pymortests.riccati" file="src/pymortests/riccati.py" line="60" name="test_ricc_lrcf[10-scipy-False-False-False-False-1-1]" time="0.0005013942718505859"><skipped message="Suite splitting in effect" type="pytest.skip">src/pymortests/riccati.py:60: Suite splitting in effect</skipped></testcase><testcase classname="src.pymortests.riccati" file="src/pymortests/riccati.py" line="60" name="test_ricc_lrcf[10-scipy-False-False-False-False-1-2]" time="0.0005941390991210938"><skipped message="Suite splitting in effect" type="pytest.skip">src/pymortests/riccati.py:60: Suite splitting in effect</skipped></testcase><testcase classname="src.pymortests.riccati" file="src/pymortests/riccati.py" line="60" name="test_ricc_lrcf[10-scipy-False-False-False-False-2-1]" time="0.0007565021514892578"><skipped message="Suite splitting in effect" type="pytest.skip">src/pymortests/riccati.py:60: Suite splitting in effect</skipped></testcase><testcase classname="src.pymortests.riccati" file="src/pymortests/riccati.py" line="60" name="test_ricc_lrcf[10-scipy-False-False-False-False-2-2]" time="0.0007615089416503906"><skipped message="Suite splitting in effect" type="pytest.skip">src/pymortests/riccati.py:60: Suite splitting in effect</skipped></testcase><testcase classname="src.pymortests.riccati" file="src/pymortests/riccati.py" line="60" name="test_ricc_lrcf[10-scipy-False-False-False-True-1-1]" time="0.00045371055603027344"><skipped message="Suite splitting in effect" type="pytest.skip">src/pymortests/riccati.py:60: Suite splitting in effect</skipped></testcase><testcase classname="src.pymortests.riccati" file="src/pymortests/riccati.py" line="60" name="test_ricc_lrcf[10-scipy-False-False-False-True-1-2]" time="0.00043845176696777344"><skipped message="Suite splitting in effect" type="pytest.skip">src/pymortests/riccati.py:60: Suite splitting in effect</skipped></testcase><testcase classname="src.pymortests.riccati" file="src/pymortests/riccati.py" line="60" name="test_ricc_lrcf[10-scipy-False-False-False-True-2-1]" time="0.00048804283142089844"><skipped message="Suite splitting in effect" type="pytest.skip">src/pymortests/riccati.py:60: Suite splitting in effect</skipped></testcase><testcase classname="src.pymortests.riccati" file="src/pymortests/riccati.py" line="60" name="test_ricc_lrcf[10-scipy-False-False-False-True-2-2]" time="0.00041103363037109375"><skipped message="Suite splitting in effect" type="pytest.skip">src/pymortests/riccati.py:60: Suite splitting in effect</skipped></testcase><testcase classname="src.pymortests.riccati" file="src/pymortests/riccati.py" line="60" name="test_ricc_lrcf[10-scipy-False-True-False-False-1-1]" time="0.0004372596740722656"><skipped message="Suite splitting in effect" type="pytest.skip">src/pymortests/riccati.py:60: Suite splitting in effect</skipped></testcase><testcase classname="src.pymortests.riccati" file="src/pymortests/riccati.py" line="60" name="test_ricc_lrcf[10-scipy-False-True-False-False-1-2]" time="0.0004725456237792969"><skipped message="Suite splitting in effect" type="pytest.skip">src/pymortests/riccati.py:60: Suite splitting in effect</skipped></testcase><testcase classname="src.pymortests.riccati" file="src/pymortests/riccati.py" line="60" name="test_ricc_lrcf[10-scipy-False-True-False-False-2-1]" time="0.000446319580078125"><skipped message="Suite splitting in effect" type="pytest.skip">src/pymortests/riccati.py:60: Suite splitting in effect</skipped></testcase><testcase classname="src.pymortests.riccati" file="src/pymortests/riccati.py" line="60" name="test_ricc_lrcf[10-scipy-False-True-False-False-2-2]" time="0.0006012916564941406"><skipped message="Suite splitting in effect" type="pytest.skip">src/pymortests/riccati.py:60: Suite splitting in effect</skipped></testcase><testcase classname="src.pymortests.riccati" file="src/pymortests/riccati.py" line="60" name="test_ricc_lrcf[10-scipy-False-True-False-True-1-1]" time="0.00047397613525390625"><skipped message="Suite splitting in effect" type="pytest.skip">src/pymortests/riccati.py:60: Suite splitting in effect</skipped></testcase><testcase classname="src.pymortests.riccati" file="src/pymortests/riccati.py" line="60" name="test_ricc_lrcf[10-scipy-False-True-False-True-1-2]" time="0.0004138946533203125"><skipped message="Suite splitting in effect" type="pytest.skip">src/pymortests/riccati.py:60: Suite splitting in effect</skipped></testcase><testcase classname="src.pymortests.riccati" file="src/pymortests/riccati.py" line="60" name="test_ricc_lrcf[10-scipy-False-True-False-True-2-1]" time="0.00043320655822753906"><skipped message="Suite splitting in effect" type="pytest.skip">src/pymortests/riccati.py:60: Suite splitting in effect</skipped></testcase><testcase classname="src.pymortests.riccati" file="src/pymortests/riccati.py" line="60" name="test_ricc_lrcf[10-scipy-False-True-False-True-2-2]" time="0.00047516822814941406"><skipped message="Suite splitting in effect" type="pytest.skip">src/pymortests/riccati.py:60: Suite splitting in effect</skipped></testcase><testcase classname="src.pymortests.riccati" file="src/pymortests/riccati.py" line="60" name="test_ricc_lrcf[10-scipy-False-True-True-False-1-1]" time="0.0004520416259765625"><skipped message="Suite splitting in effect" type="pytest.skip">src/pymortests/riccati.py:60: Suite splitting in effect</skipped></testcase><testcase classname="src.pymortests.riccati" file="src/pymortests/riccati.py" line="60" name="test_ricc_lrcf[10-scipy-False-True-True-False-1-2]" time="0.00040411949157714844"><skipped message="Suite splitting in effect" type="pytest.skip">src/pymortests/riccati.py:60: Suite splitting in effect</skipped></testcase><testcase classname="src.pymortests.riccati" file="src/pymortests/riccati.py" line="60" name="test_ricc_lrcf[10-scipy-False-True-True-False-2-1]" time="0.00044798851013183594"><skipped message="Suite splitting in effect" type="pytest.skip">src/pymortests/riccati.py:60: Suite splitting in effect</skipped></testcase><testcase classname="src.pymortests.riccati" file="src/pymortests/riccati.py" line="60" name="test_ricc_lrcf[10-scipy-False-True-True-False-2-2]" time="0.0007448196411132812"><skipped message="Suite splitting in effect" type="pytest.skip">src/pymortests/riccati.py:60: Suite splitting in effect</skipped></testcase><testcase classname="src.pymortests.riccati" file="src/pymortests/riccati.py" line="60" name="test_ricc_lrcf[10-scipy-False-True-True-True-1-1]" time="0.0005104541778564453"><skipped message="Suite splitting in effect" type="pytest.skip">src/pymortests/riccati.py:60: Suite splitting in effect</skipped></testcase><testcase classname="src.pymortests.riccati" file="src/pymortests/riccati.py" line="60" name="test_ricc_lrcf[10-scipy-False-True-True-True-1-2]" time="0.00047206878662109375"><skipped message="Suite splitting in effect" type="pytest.skip">src/pymortests/riccati.py:60: Suite splitting in effect</skipped></testcase><testcase classname="src.pymortests.riccati" file="src/pymortests/riccati.py" line="60" name="test_ricc_lrcf[10-scipy-False-True-True-True-2-1]" time="0.000484466552734375"><skipped message="Suite splitting in effect" type="pytest.skip">src/pymortests/riccati.py:60: Suite splitting in effect</skipped></testcase><testcase classname="src.pymortests.riccati" file="src/pymortests/riccati.py" line="60" name="test_ricc_lrcf[10-scipy-False-True-True-True-2-2]" time="0.00040221214294433594"><skipped message="Suite splitting in effect" type="pytest.skip">src/pymortests/riccati.py:60: Suite splitting in effect</skipped></testcase><testcase classname="src.pymortests.riccati" file="src/pymortests/riccati.py" line="60" name="test_ricc_lrcf[10-scipy-True-False-False-False-1-1]" time="0.0004863739013671875"><skipped message="Suite splitting in effect" type="pytest.skip">src/pymortests/riccati.py:60: Suite splitting in effect</skipped></testcase><testcase classname="src.pymortests.riccati" file="src/pymortests/riccati.py" line="60" name="test_ricc_lrcf[10-scipy-True-False-False-False-1-2]" time="0.00046443939208984375"><skipped message="Suite splitting in effect" type="pytest.skip">src/pymortests/riccati.py:60: Suite splitting in effect</skipped></testcase><testcase classname="src.pymortests.riccati" file="src/pymortests/riccati.py" line="60" name="test_ricc_lrcf[10-scipy-True-False-False-False-2-1]" time="0.0004394054412841797"><skipped message="Suite splitting in effect" type="pytest.skip">src/pymortests/riccati.py:60: Suite splitting in effect</skipped></testcase><testcase classname="src.pymortests.riccati" file="src/pymortests/riccati.py" line="60" name="test_ricc_lrcf[10-scipy-True-False-False-False-2-2]" time="0.00046133995056152344"><skipped message="Suite splitting in effect" type="pytest.skip">src/pymortests/riccati.py:60: Suite splitting in effect</skipped></testcase><testcase classname="src.pymortests.riccati" file="src/pymortests/riccati.py" line="60" name="test_ricc_lrcf[10-scipy-True-False-False-True-1-1]" time="0.00040531158447265625"><skipped message="Suite splitting in effect" type="pytest.skip">src/pymortests/riccati.py:60: Suite splitting in effect</skipped></testcase><testcase classname="src.pymortests.riccati" file="src/pymortests/riccati.py" line="60" name="test_ricc_lrcf[10-scipy-True-False-False-True-1-2]" time="0.00045752525329589844"><skipped message="Suite splitting in effect" type="pytest.skip">src/pymortests/riccati.py:60: Suite splitting in effect</skipped></testcase><testcase classname="src.pymortests.riccati" file="src/pymortests/riccati.py" line="60" name="test_ricc_lrcf[10-scipy-True-False-False-True-2-1]" time="0.0005786418914794922"><skipped message="Suite splitting in effect" type="pytest.skip">src/pymortests/riccati.py:60: Suite splitting in effect</skipped></testcase><testcase classname="src.pymortests.riccati" file="src/pymortests/riccati.py" line="60" name="test_ricc_lrcf[10-scipy-True-False-False-True-2-2]" time="0.0004057884216308594"><skipped message="Suite splitting in effect" type="pytest.skip">src/pymortests/riccati.py:60: Suite splitting in effect</skipped></testcase><testcase classname="src.pymortests.riccati" file="src/pymortests/riccati.py" line="60" name="test_ricc_lrcf[10-scipy-True-True-False-False-1-1]" time="0.00039768218994140625"><skipped message="Suite splitting in effect" type="pytest.skip">src/pymortests/riccati.py:60: Suite splitting in effect</skipped></testcase><testcase classname="src.pymortests.riccati" file="src/pymortests/riccati.py" line="60" name="test_ricc_lrcf[10-scipy-True-True-False-False-1-2]" time="0.0005009174346923828"><skipped message="Suite splitting in effect" type="pytest.skip">src/pymortests/riccati.py:60: Suite splitting in effect</skipped></testcase><testcase classname="src.pymortests.riccati" file="src/pymortests/riccati.py" line="60" name="test_ricc_lrcf[10-scipy-True-True-False-False-2-1]" time="0.0006067752838134766"><skipped message="Suite splitting in effect" type="pytest.skip">src/pymortests/riccati.py:60: Suite splitting in effect</skipped></testcase><testcase classname="src.pymortests.riccati" file="src/pymortests/riccati.py" line="60" name="test_ricc_lrcf[10-scipy-True-True-False-False-2-2]" time="0.0004448890686035156"><skipped message="Suite splitting in effect" type="pytest.skip">src/pymortests/riccati.py:60: Suite splitting in effect</skipped></testcase><testcase classname="src.pymortests.riccati" file="src/pymortests/riccati.py" line="60" name="test_ricc_lrcf[10-scipy-True-True-False-True-1-1]" time="0.0004024505615234375"><skipped message="Suite splitting in effect" type="pytest.skip">src/pymortests/riccati.py:60: Suite splitting in effect</skipped></testcase><testcase classname="src.pymortests.riccati" file="src/pymortests/riccati.py" line="60" name="test_ricc_lrcf[10-scipy-True-True-False-True-1-2]" time="0.00042939186096191406"><skipped message="Suite splitting in effect" type="pytest.skip">src/pymortests/riccati.py:60: Suite splitting in effect</skipped></testcase><testcase classname="src.pymortests.riccati" file="src/pymortests/riccati.py" line="60" name="test_ricc_lrcf[10-scipy-True-True-False-True-2-1]" time="0.00039386749267578125"><skipped message="Suite splitting in effect" type="pytest.skip">src/pymortests/riccati.py:60: Suite splitting in effect</skipped></testcase><testcase classname="src.pymortests.riccati" file="src/pymortests/riccati.py" line="60" name="test_ricc_lrcf[10-scipy-True-True-False-True-2-2]" time="0.0003952980041503906"><skipped message="Suite splitting in effect" type="pytest.skip">src/pymortests/riccati.py:60: Suite splitting in effect</skipped></testcase><testcase classname="src.pymortests.riccati" file="src/pymortests/riccati.py" line="60" name="test_ricc_lrcf[10-scipy-True-True-True-False-1-1]" time="0.0006265640258789062"><skipped message="Suite splitting in effect" type="pytest.skip">src/pymortests/riccati.py:60: Suite splitting in effect</skipped></testcase><testcase classname="src.pymortests.riccati" file="src/pymortests/riccati.py" line="60" name="test_ricc_lrcf[10-scipy-True-True-True-False-1-2]" time="0.0005047321319580078"><skipped message="Suite splitting in effect" type="pytest.skip">src/pymortests/riccati.py:60: Suite splitting in effect</skipped></testcase><testcase classname="src.pymortests.riccati" file="src/pymortests/riccati.py" line="60" name="test_ricc_lrcf[10-scipy-True-True-True-False-2-1]" time="0.0005121231079101562"><skipped message="Suite splitting in effect" type="pytest.skip">src/pymortests/riccati.py:60: Suite splitting in effect</skipped></testcase><testcase classname="src.pymortests.riccati" file="src/pymortests/riccati.py" line="60" name="test_ricc_lrcf[10-scipy-True-True-True-False-2-2]" time="0.0005116462707519531"><skipped message="Suite splitting in effect" type="pytest.skip">src/pymortests/riccati.py:60: Suite splitting in effect</skipped></testcase><testcase classname="src.pymortests.riccati" file="src/pymortests/riccati.py" line="60" name="test_ricc_lrcf[10-scipy-True-True-True-True-1-1]" time="0.00043702125549316406"><skipped message="Suite splitting in effect" type="pytest.skip">src/pymortests/riccati.py:60: Suite splitting in effect</skipped></testcase><testcase classname="src.pymortests.riccati" file="src/pymortests/riccati.py" line="60" name="test_ricc_lrcf[10-scipy-True-True-True-True-1-2]" time="0.0005767345428466797"><skipped message="Suite splitting in effect" type="pytest.skip">src/pymortests/riccati.py:60: Suite splitting in effect</skipped></testcase><testcase classname="src.pymortests.riccati" file="src/pymortests/riccati.py" line="60" name="test_ricc_lrcf[10-scipy-True-True-True-True-2-1]" time="0.0005667209625244141"><skipped message="Suite splitting in effect" type="pytest.skip">src/pymortests/riccati.py:60: Suite splitting in effect</skipped></testcase><testcase classname="src.pymortests.riccati" file="src/pymortests/riccati.py" line="60" name="test_ricc_lrcf[10-scipy-True-True-True-True-2-2]" time="0.0005052089691162109"><skipped message="Suite splitting in effect" type="pytest.skip">src/pymortests/riccati.py:60: Suite splitting in effect</skipped></testcase><testcase classname="src.pymortests.riccati" file="src/pymortests/riccati.py" line="60" name="test_ricc_lrcf[10-slycot-False-False-False-False-1-1]" time="0.0005817413330078125"><skipped message="Suite splitting in effect" type="pytest.skip">src/pymortests/riccati.py:60: Suite splitting in effect</skipped></testcase><testcase classname="src.pymortests.riccati" file="src/pymortests/riccati.py" line="60" name="test_ricc_lrcf[10-slycot-False-False-False-False-1-2]" time="0.00046062469482421875"><skipped message="Suite splitting in effect" type="pytest.skip">src/pymortests/riccati.py:60: Suite splitting in effect</skipped></testcase><testcase classname="src.pymortests.riccati" file="src/pymortests/riccati.py" line="60" name="test_ricc_lrcf[10-slycot-False-False-False-False-2-1]" time="0.0005567073822021484"><skipped message="Suite splitting in effect" type="pytest.skip">src/pymortests/riccati.py:60: Suite splitting in effect</skipped></testcase><testcase classname="src.pymortests.riccati" file="src/pymortests/riccati.py" line="60" name="test_ricc_lrcf[10-slycot-False-False-False-False-2-2]" time="0.00045490264892578125"><skipped message="Suite splitting in effect" type="pytest.skip">src/pymortests/riccati.py:60: Suite splitting in effect</skipped></testcase><testcase classname="src.pymortests.riccati" file="src/pymortests/riccati.py" line="60" name="test_ricc_lrcf[10-slycot-False-False-False-True-1-1]" time="0.0004172325134277344"><skipped message="Suite splitting in effect" type="pytest.skip">src/pymortests/riccati.py:60: Suite splitting in effect</skipped></testcase><testcase classname="src.pymortests.riccati" file="src/pymortests/riccati.py" line="60" name="test_ricc_lrcf[10-slycot-False-False-False-True-1-2]" time="0.00044345855712890625"><skipped message="Suite splitting in effect" type="pytest.skip">src/pymortests/riccati.py:60: Suite splitting in effect</skipped></testcase><testcase classname="src.pymortests.riccati" file="src/pymortests/riccati.py" line="60" name="test_ricc_lrcf[10-slycot-False-False-False-True-2-1]" time="0.0004620552062988281"><skipped message="Suite splitting in effect" type="pytest.skip">src/pymortests/riccati.py:60: Suite splitting in effect</skipped></testcase><testcase classname="src.pymortests.riccati" file="src/pymortests/riccati.py" line="60" name="test_ricc_lrcf[10-slycot-False-False-False-True-2-2]" time="0.00040602684020996094"><skipped message="Suite splitting in effect" type="pytest.skip">src/pymortests/riccati.py:60: Suite splitting in effect</skipped></testcase><testcase classname="src.pymortests.riccati" file="src/pymortests/riccati.py" line="60" name="test_ricc_lrcf[10-slycot-False-True-False-False-1-1]" time="0.0004642009735107422"><skipped message="Suite splitting in effect" type="pytest.skip">src/pymortests/riccati.py:60: Suite splitting in effect</skipped></testcase><testcase classname="src.pymortests.riccati" file="src/pymortests/riccati.py" line="60" name="test_ricc_lrcf[10-slycot-False-True-False-False-1-2]" time="0.0004889965057373047"><skipped message="Suite splitting in effect" type="pytest.skip">src/pymortests/riccati.py:60: Suite splitting in effect</skipped></testcase><testcase classname="src.pymortests.riccati" file="src/pymortests/riccati.py" line="60" name="test_ricc_lrcf[10-slycot-False-True-False-False-2-1]" time="0.0004677772521972656"><skipped message="Suite splitting in effect" type="pytest.skip">src/pymortests/riccati.py:60: Suite splitting in effect</skipped></testcase><testcase classname="src.pymortests.riccati" file="src/pymortests/riccati.py" line="60" name="test_ricc_lrcf[10-slycot-False-True-False-False-2-2]" time="0.0005092620849609375"><skipped message="Suite splitting in effect" type="pytest.skip">src/pymortests/riccati.py:60: Suite splitting in effect</skipped></testcase><testcase classname="src.pymortests.riccati" file="src/pymortests/riccati.py" line="60" name="test_ricc_lrcf[10-slycot-False-True-False-True-1-1]" time="0.0004360675811767578"><skipped message="Suite splitting in effect" type="pytest.skip">src/pymortests/riccati.py:60: Suite splitting in effect</skipped></testcase><testcase classname="src.pymortests.riccati" file="src/pymortests/riccati.py" line="60" name="test_ricc_lrcf[10-slycot-False-True-False-True-1-2]" time="0.000469207763671875"><skipped message="Suite splitting in effect" type="pytest.skip">src/pymortests/riccati.py:60: Suite splitting in effect</skipped></testcase><testcase classname="src.pymortests.riccati" file="src/pymortests/riccati.py" line="60" name="test_ricc_lrcf[10-slycot-False-True-False-True-2-1]" time="0.0004761219024658203"><skipped message="Suite splitting in effect" type="pytest.skip">src/pymortests/riccati.py:60: Suite splitting in effect</skipped></testcase><testcase classname="src.pymortests.riccati" file="src/pymortests/riccati.py" line="60" name="test_ricc_lrcf[10-slycot-False-True-False-True-2-2]" time="0.0005252361297607422"><skipped message="Suite splitting in effect" type="pytest.skip">src/pymortests/riccati.py:60: Suite splitting in effect</skipped></testcase><testcase classname="src.pymortests.riccati" file="src/pymortests/riccati.py" line="60" name="test_ricc_lrcf[10-slycot-False-True-True-False-1-1]" time="0.0005161762237548828"><skipped message="Suite splitting in effect" type="pytest.skip">src/pymortests/riccati.py:60: Suite splitting in effect</skipped></testcase><testcase classname="src.pymortests.riccati" file="src/pymortests/riccati.py" line="60" name="test_ricc_lrcf[10-slycot-False-True-True-False-1-2]" time="0.00046539306640625"><skipped message="Suite splitting in effect" type="pytest.skip">src/pymortests/riccati.py:60: Suite splitting in effect</skipped></testcase><testcase classname="src.pymortests.riccati" file="src/pymortests/riccati.py" line="60" name="test_ricc_lrcf[10-slycot-False-True-True-False-2-1]" time="0.00044226646423339844"><skipped message="Suite splitting in effect" type="pytest.skip">src/pymortests/riccati.py:60: Suite splitting in effect</skipped></testcase><testcase classname="src.pymortests.riccati" file="src/pymortests/riccati.py" line="60" name="test_ricc_lrcf[10-slycot-False-True-True-False-2-2]" time="0.0004382133483886719"><skipped message="Suite splitting in effect" type="pytest.skip">src/pymortests/riccati.py:60: Suite splitting in effect</skipped></testcase><testcase classname="src.pymortests.riccati" file="src/pymortests/riccati.py" line="60" name="test_ricc_lrcf[10-slycot-False-True-True-True-1-1]" time="0.00040793418884277344"><skipped message="Suite splitting in effect" type="pytest.skip">src/pymortests/riccati.py:60: Suite splitting in effect</skipped></testcase><testcase classname="src.pymortests.riccati" file="src/pymortests/riccati.py" line="60" name="test_ricc_lrcf[10-slycot-False-True-True-True-1-2]" time="0.0004425048828125"><skipped message="Suite splitting in effect" type="pytest.skip">src/pymortests/riccati.py:60: Suite splitting in effect</skipped></testcase><testcase classname="src.pymortests.riccati" file="src/pymortests/riccati.py" line="60" name="test_ricc_lrcf[10-slycot-False-True-True-True-2-1]" time="0.00041866302490234375"><skipped message="Suite splitting in effect" type="pytest.skip">src/pymortests/riccati.py:60: Suite splitting in effect</skipped></testcase><testcase classname="src.pymortests.riccati" file="src/pymortests/riccati.py" line="60" name="test_ricc_lrcf[10-slycot-False-True-True-True-2-2]" time="0.00043964385986328125"><skipped message="Suite splitting in effect" type="pytest.skip">src/pymortests/riccati.py:60: Suite splitting in effect</skipped></testcase><testcase classname="src.pymortests.riccati" file="src/pymortests/riccati.py" line="60" name="test_ricc_lrcf[10-slycot-True-False-False-False-1-1]" time="0.0004353523254394531"><skipped message="Suite splitting in effect" type="pytest.skip">src/pymortests/riccati.py:60: Suite splitting in effect</skipped></testcase><testcase classname="src.pymortests.riccati" file="src/pymortests/riccati.py" line="60" name="test_ricc_lrcf[10-slycot-True-False-False-False-1-2]" time="0.00042057037353515625"><skipped message="Suite splitting in effect" type="pytest.skip">src/pymortests/riccati.py:60: Suite splitting in effect</skipped></testcase><testcase classname="src.pymortests.riccati" file="src/pymortests/riccati.py" line="60" name="test_ricc_lrcf[10-slycot-True-False-False-False-2-1]" time="0.0004470348358154297"><skipped message="Suite splitting in effect" type="pytest.skip">src/pymortests/riccati.py:60: Suite splitting in effect</skipped></testcase><testcase classname="src.pymortests.riccati" file="src/pymortests/riccati.py" line="60" name="test_ricc_lrcf[10-slycot-True-False-False-False-2-2]" time="0.00043487548828125"><skipped message="Suite splitting in effect" type="pytest.skip">src/pymortests/riccati.py:60: Suite splitting in effect</skipped></testcase><testcase classname="src.pymortests.riccati" file="src/pymortests/riccati.py" line="60" name="test_ricc_lrcf[10-slycot-True-False-False-True-1-1]" time="0.0005426406860351562"><skipped message="Suite splitting in effect" type="pytest.skip">src/pymortests/riccati.py:60: Suite splitting in effect</skipped></testcase><testcase classname="src.pymortests.riccati" file="src/pymortests/riccati.py" line="60" name="test_ricc_lrcf[10-slycot-True-False-False-True-1-2]" time="0.0004916191101074219"><skipped message="Suite splitting in effect" type="pytest.skip">src/pymortests/riccati.py:60: Suite splitting in effect</skipped></testcase><testcase classname="src.pymortests.riccati" file="src/pymortests/riccati.py" line="60" name="test_ricc_lrcf[10-slycot-True-False-False-True-2-1]" time="0.00040411949157714844"><skipped message="Suite splitting in effect" type="pytest.skip">src/pymortests/riccati.py:60: Suite splitting in effect</skipped></testcase><testcase classname="src.pymortests.riccati" file="src/pymortests/riccati.py" line="60" name="test_ricc_lrcf[10-slycot-True-False-False-True-2-2]" time="0.0004036426544189453"><skipped message="Suite splitting in effect" type="pytest.skip">src/pymortests/riccati.py:60: Suite splitting in effect</skipped></testcase><testcase classname="src.pymortests.riccati" file="src/pymortests/riccati.py" line="60" name="test_ricc_lrcf[10-slycot-True-True-False-False-1-1]" time="0.0004315376281738281"><skipped message="Suite splitting in effect" type="pytest.skip">src/pymortests/riccati.py:60: Suite splitting in effect</skipped></testcase><testcase classname="src.pymortests.riccati" file="src/pymortests/riccati.py" line="60" name="test_ricc_lrcf[10-slycot-True-True-False-False-1-2]" time="0.000457763671875"><skipped message="Suite splitting in effect" type="pytest.skip">src/pymortests/riccati.py:60: Suite splitting in effect</skipped></testcase><testcase classname="src.pymortests.riccati" file="src/pymortests/riccati.py" line="60" name="test_ricc_lrcf[10-slycot-True-True-False-False-2-1]" time="0.00044155120849609375"><skipped message="Suite splitting in effect" type="pytest.skip">src/pymortests/riccati.py:60: Suite splitting in effect</skipped></testcase><testcase classname="src.pymortests.riccati" file="src/pymortests/riccati.py" line="60" name="test_ricc_lrcf[10-slycot-True-True-False-False-2-2]" time="0.0004343986511230469"><skipped message="Suite splitting in effect" type="pytest.skip">src/pymortests/riccati.py:60: Suite splitting in effect</skipped></testcase><testcase classname="src.pymortests.riccati" file="src/pymortests/riccati.py" line="60" name="test_ricc_lrcf[10-slycot-True-True-False-True-1-1]" time="0.0004050731658935547"><skipped message="Suite splitting in effect" type="pytest.skip">src/pymortests/riccati.py:60: Suite splitting in effect</skipped></testcase><testcase classname="src.pymortests.riccati" file="src/pymortests/riccati.py" line="60" name="test_ricc_lrcf[10-slycot-True-True-False-True-1-2]" time="0.0009031295776367188"><skipped message="Suite splitting in effect" type="pytest.skip">src/pymortests/riccati.py:60: Suite splitting in effect</skipped></testcase><testcase classname="src.pymortests.riccati" file="src/pymortests/riccati.py" line="60" name="test_ricc_lrcf[10-slycot-True-True-False-True-2-1]" time="0.0007834434509277344"><skipped message="Suite splitting in effect" type="pytest.skip">src/pymortests/riccati.py:60: Suite splitting in effect</skipped></testcase><testcase classname="src.pymortests.riccati" file="src/pymortests/riccati.py" line="60" name="test_ricc_lrcf[10-slycot-True-True-False-True-2-2]" time="0.0005402565002441406"><skipped message="Suite splitting in effect" type="pytest.skip">src/pymortests/riccati.py:60: Suite splitting in effect</skipped></testcase><testcase classname="src.pymortests.riccati" file="src/pymortests/riccati.py" line="60" name="test_ricc_lrcf[10-slycot-True-True-True-False-1-1]" time="0.0004150867462158203"><skipped message="Suite splitting in effect" type="pytest.skip">src/pymortests/riccati.py:60: Suite splitting in effect</skipped></testcase><testcase classname="src.pymortests.riccati" file="src/pymortests/riccati.py" line="60" name="test_ricc_lrcf[10-slycot-True-True-True-False-1-2]" time="0.0005013942718505859"><skipped message="Suite splitting in effect" type="pytest.skip">src/pymortests/riccati.py:60: Suite splitting in effect</skipped></testcase><testcase classname="src.pymortests.riccati" file="src/pymortests/riccati.py" line="60" name="test_ricc_lrcf[10-slycot-True-True-True-False-2-1]" time="0.0005505084991455078"><skipped message="Suite splitting in effect" type="pytest.skip">src/pymortests/riccati.py:60: Suite splitting in effect</skipped></testcase><testcase classname="src.pymortests.riccati" file="src/pymortests/riccati.py" line="60" name="test_ricc_lrcf[10-slycot-True-True-True-False-2-2]" time="0.0007245540618896484"><skipped message="Suite splitting in effect" type="pytest.skip">src/pymortests/riccati.py:60: Suite splitting in effect</skipped></testcase><testcase classname="src.pymortests.riccati" file="src/pymortests/riccati.py" line="60" name="test_ricc_lrcf[10-slycot-True-True-True-True-1-1]" time="0.00042057037353515625"><skipped message="Suite splitting in effect" type="pytest.skip">src/pymortests/riccati.py:60: Suite splitting in effect</skipped></testcase><testcase classname="src.pymortests.riccati" file="src/pymortests/riccati.py" line="60" name="test_ricc_lrcf[10-slycot-True-True-True-True-1-2]" time="0.0005028247833251953"><skipped message="Suite splitting in effect" type="pytest.skip">src/pymortests/riccati.py:60: Suite splitting in effect</skipped></testcase><testcase classname="src.pymortests.riccati" file="src/pymortests/riccati.py" line="60" name="test_ricc_lrcf[10-slycot-True-True-True-True-2-1]" time="0.0004019737243652344"><skipped message="Suite splitting in effect" type="pytest.skip">src/pymortests/riccati.py:60: Suite splitting in effect</skipped></testcase><testcase classname="src.pymortests.riccati" file="src/pymortests/riccati.py" line="60" name="test_ricc_lrcf[10-slycot-True-True-True-True-2-2]" time="0.0004565715789794922"><skipped message="Suite splitting in effect" type="pytest.skip">src/pymortests/riccati.py:60: Suite splitting in effect</skipped></testcase><testcase classname="src.pymortests.riccati" file="src/pymortests/riccati.py" line="60" name="test_ricc_lrcf[10-pymess_dense_nm_gmpcare-False-False-False-False-1-1]" time="0.00040912628173828125"><skipped message="Suite splitting in effect" type="pytest.skip">src/pymortests/riccati.py:60: Suite splitting in effect</skipped></testcase><testcase classname="src.pymortests.riccati" file="src/pymortests/riccati.py" line="60" name="test_ricc_lrcf[10-pymess_dense_nm_gmpcare-False-False-False-False-1-2]" time="0.0004932880401611328"><skipped message="Suite splitting in effect" type="pytest.skip">src/pymortests/riccati.py:60: Suite splitting in effect</skipped></testcase><testcase classname="src.pymortests.riccati" file="src/pymortests/riccati.py" line="60" name="test_ricc_lrcf[10-pymess_dense_nm_gmpcare-False-False-False-False-2-1]" time="0.00042176246643066406"><skipped message="Suite splitting in effect" type="pytest.skip">src/pymortests/riccati.py:60: Suite splitting in effect</skipped></testcase><testcase classname="src.pymortests.riccati" file="src/pymortests/riccati.py" line="60" name="test_ricc_lrcf[10-pymess_dense_nm_gmpcare-False-False-False-False-2-2]" time="0.00040721893310546875"><skipped message="Suite splitting in effect" type="pytest.skip">src/pymortests/riccati.py:60: Suite splitting in effect</skipped></testcase><testcase classname="src.pymortests.riccati" file="src/pymortests/riccati.py" line="60" name="test_ricc_lrcf[10-pymess_dense_nm_gmpcare-False-False-False-True-1-1]" time="0.00044417381286621094"><skipped message="Suite splitting in effect" type="pytest.skip">src/pymortests/riccati.py:60: Suite splitting in effect</skipped></testcase><testcase classname="src.pymortests.riccati" file="src/pymortests/riccati.py" line="60" name="test_ricc_lrcf[10-pymess_dense_nm_gmpcare-False-False-False-True-1-2]" time="0.0004444122314453125"><skipped message="Suite splitting in effect" type="pytest.skip">src/pymortests/riccati.py:60: Suite splitting in effect</skipped></testcase><testcase classname="src.pymortests.riccati" file="src/pymortests/riccati.py" line="60" name="test_ricc_lrcf[10-pymess_dense_nm_gmpcare-False-False-False-True-2-1]" time="0.0004775524139404297"><skipped message="Suite splitting in effect" type="pytest.skip">src/pymortests/riccati.py:60: Suite splitting in effect</skipped></testcase><testcase classname="src.pymortests.riccati" file="src/pymortests/riccati.py" line="60" name="test_ricc_lrcf[10-pymess_dense_nm_gmpcare-False-False-False-True-2-2]" time="0.0004343986511230469"><skipped message="Suite splitting in effect" type="pytest.skip">src/pymortests/riccati.py:60: Suite splitting in effect</skipped></testcase><testcase classname="src.pymortests.riccati" file="src/pymortests/riccati.py" line="60" name="test_ricc_lrcf[10-pymess_dense_nm_gmpcare-False-True-False-False-1-1]" time="0.0004837512969970703"><skipped message="Suite splitting in effect" type="pytest.skip">src/pymortests/riccati.py:60: Suite splitting in effect</skipped></testcase><testcase classname="src.pymortests.riccati" file="src/pymortests/riccati.py" line="60" name="test_ricc_lrcf[10-pymess_dense_nm_gmpcare-False-True-False-False-1-2]" time="0.0005412101745605469"><skipped message="Suite splitting in effect" type="pytest.skip">src/pymortests/riccati.py:60: Suite splitting in effect</skipped></testcase><testcase classname="src.pymortests.riccati" file="src/pymortests/riccati.py" line="60" name="test_ricc_lrcf[10-pymess_dense_nm_gmpcare-False-True-False-False-2-1]" time="0.0006043910980224609"><skipped message="Suite splitting in effect" type="pytest.skip">src/pymortests/riccati.py:60: Suite splitting in effect</skipped></testcase><testcase classname="src.pymortests.riccati" file="src/pymortests/riccati.py" line="60" name="test_ricc_lrcf[10-pymess_dense_nm_gmpcare-False-True-False-False-2-2]" time="0.0004165172576904297"><skipped message="Suite splitting in effect" type="pytest.skip">src/pymortests/riccati.py:60: Suite splitting in effect</skipped></testcase><testcase classname="src.pymortests.riccati" file="src/pymortests/riccati.py" line="60" name="test_ricc_lrcf[10-pymess_dense_nm_gmpcare-False-True-False-True-1-1]" time="0.0004241466522216797"><skipped message="Suite splitting in effect" type="pytest.skip">src/pymortests/riccati.py:60: Suite splitting in effect</skipped></testcase><testcase classname="src.pymortests.riccati" file="src/pymortests/riccati.py" line="60" name="test_ricc_lrcf[10-pymess_dense_nm_gmpcare-False-True-False-True-1-2]" time="0.0005083084106445312"><skipped message="Suite splitting in effect" type="pytest.skip">src/pymortests/riccati.py:60: Suite splitting in effect</skipped></testcase><testcase classname="src.pymortests.riccati" file="src/pymortests/riccati.py" line="60" name="test_ricc_lrcf[10-pymess_dense_nm_gmpcare-False-True-False-True-2-1]" time="0.00043654441833496094"><skipped message="Suite splitting in effect" type="pytest.skip">src/pymortests/riccati.py:60: Suite splitting in effect</skipped></testcase><testcase classname="src.pymortests.riccati" file="src/pymortests/riccati.py" line="60" name="test_ricc_lrcf[10-pymess_dense_nm_gmpcare-False-True-False-True-2-2]" time="0.0004591941833496094"><skipped message="Suite splitting in effect" type="pytest.skip">src/pymortests/riccati.py:60: Suite splitting in effect</skipped></testcase><testcase classname="src.pymortests.riccati" file="src/pymortests/riccati.py" line="60" name="test_ricc_lrcf[10-pymess_dense_nm_gmpcare-False-True-True-False-1-1]" time="0.00046324729919433594"><skipped message="Suite splitting in effect" type="pytest.skip">src/pymortests/riccati.py:60: Suite splitting in effect</skipped></testcase><testcase classname="src.pymortests.riccati" file="src/pymortests/riccati.py" line="60" name="test_ricc_lrcf[10-pymess_dense_nm_gmpcare-False-True-True-False-1-2]" time="0.00039887428283691406"><skipped message="Suite splitting in effect" type="pytest.skip">src/pymortests/riccati.py:60: Suite splitting in effect</skipped></testcase><testcase classname="src.pymortests.riccati" file="src/pymortests/riccati.py" line="60" name="test_ricc_lrcf[10-pymess_dense_nm_gmpcare-False-True-True-False-2-1]" time="0.0004124641418457031"><skipped message="Suite splitting in effect" type="pytest.skip">src/pymortests/riccati.py:60: Suite splitting in effect</skipped></testcase><testcase classname="src.pymortests.riccati" file="src/pymortests/riccati.py" line="60" name="test_ricc_lrcf[10-pymess_dense_nm_gmpcare-False-True-True-False-2-2]" time="0.0004298686981201172"><skipped message="Suite splitting in effect" type="pytest.skip">src/pymortests/riccati.py:60: Suite splitting in effect</skipped></testcase><testcase classname="src.pymortests.riccati" file="src/pymortests/riccati.py" line="60" name="test_ricc_lrcf[10-pymess_dense_nm_gmpcare-False-True-True-True-1-1]" time="0.000400543212890625"><skipped message="Suite splitting in effect" type="pytest.skip">src/pymortests/riccati.py:60: Suite splitting in effect</skipped></testcase><testcase classname="src.pymortests.riccati" file="src/pymortests/riccati.py" line="60" name="test_ricc_lrcf[10-pymess_dense_nm_gmpcare-False-True-True-True-1-2]" time="0.00045037269592285156"><skipped message="Suite splitting in effect" type="pytest.skip">src/pymortests/riccati.py:60: Suite splitting in effect</skipped></testcase><testcase classname="src.pymortests.riccati" file="src/pymortests/riccati.py" line="60" name="test_ricc_lrcf[10-pymess_dense_nm_gmpcare-False-True-True-True-2-1]" time="0.00040435791015625"><skipped message="Suite splitting in effect" type="pytest.skip">src/pymortests/riccati.py:60: Suite splitting in effect</skipped></testcase><testcase classname="src.pymortests.riccati" file="src/pymortests/riccati.py" line="60" name="test_ricc_lrcf[10-pymess_dense_nm_gmpcare-False-True-True-True-2-2]" time="0.00042891502380371094"><skipped message="Suite splitting in effect" type="pytest.skip">src/pymortests/riccati.py:60: Suite splitting in effect</skipped></testcase><testcase classname="src.pymortests.riccati" file="src/pymortests/riccati.py" line="60" name="test_ricc_lrcf[10-pymess_dense_nm_gmpcare-True-False-False-False-1-1]" time="0.00040411949157714844"><skipped message="Suite splitting in effect" type="pytest.skip">src/pymortests/riccati.py:60: Suite splitting in effect</skipped></testcase><testcase classname="src.pymortests.riccati" file="src/pymortests/riccati.py" line="60" name="test_ricc_lrcf[10-pymess_dense_nm_gmpcare-True-False-False-False-1-2]" time="0.0004658699035644531"><skipped message="Suite splitting in effect" type="pytest.skip">src/pymortests/riccati.py:60: Suite splitting in effect</skipped></testcase><testcase classname="src.pymortests.riccati" file="src/pymortests/riccati.py" line="60" name="test_ricc_lrcf[10-pymess_dense_nm_gmpcare-True-False-False-False-2-1]" time="0.00044345855712890625"><skipped message="Suite splitting in effect" type="pytest.skip">src/pymortests/riccati.py:60: Suite splitting in effect</skipped></testcase><testcase classname="src.pymortests.riccati" file="src/pymortests/riccati.py" line="60" name="test_ricc_lrcf[10-pymess_dense_nm_gmpcare-True-False-False-False-2-2]" time="0.00046944618225097656"><skipped message="Suite splitting in effect" type="pytest.skip">src/pymortests/riccati.py:60: Suite splitting in effect</skipped></testcase><testcase classname="src.pymortests.riccati" file="src/pymortests/riccati.py" line="60" name="test_ricc_lrcf[10-pymess_dense_nm_gmpcare-True-False-False-True-1-1]" time="0.00041365623474121094"><skipped message="Suite splitting in effect" type="pytest.skip">src/pymortests/riccati.py:60: Suite splitting in effect</skipped></testcase><testcase classname="src.pymortests.riccati" file="src/pymortests/riccati.py" line="60" name="test_ricc_lrcf[10-pymess_dense_nm_gmpcare-True-False-False-True-1-2]" time="0.00045108795166015625"><skipped message="Suite splitting in effect" type="pytest.skip">src/pymortests/riccati.py:60: Suite splitting in effect</skipped></testcase><testcase classname="src.pymortests.riccati" file="src/pymortests/riccati.py" line="60" name="test_ricc_lrcf[10-pymess_dense_nm_gmpcare-True-False-False-True-2-1]" time="0.0004382133483886719"><skipped message="Suite splitting in effect" type="pytest.skip">src/pymortests/riccati.py:60: Suite splitting in effect</skipped></testcase><testcase classname="src.pymortests.riccati" file="src/pymortests/riccati.py" line="60" name="test_ricc_lrcf[10-pymess_dense_nm_gmpcare-True-False-False-True-2-2]" time="0.0004055500030517578"><skipped message="Suite splitting in effect" type="pytest.skip">src/pymortests/riccati.py:60: Suite splitting in effect</skipped></testcase><testcase classname="src.pymortests.riccati" file="src/pymortests/riccati.py" line="60" name="test_ricc_lrcf[10-pymess_dense_nm_gmpcare-True-True-False-False-1-1]" time="0.00048661231994628906"><skipped message="Suite splitting in effect" type="pytest.skip">src/pymortests/riccati.py:60: Suite splitting in effect</skipped></testcase><testcase classname="src.pymortests.riccati" file="src/pymortests/riccati.py" line="60" name="test_ricc_lrcf[10-pymess_dense_nm_gmpcare-True-True-False-False-1-2]" time="0.0005071163177490234"><skipped message="Suite splitting in effect" type="pytest.skip">src/pymortests/riccati.py:60: Suite splitting in effect</skipped></testcase><testcase classname="src.pymortests.riccati" file="src/pymortests/riccati.py" line="60" name="test_ricc_lrcf[10-pymess_dense_nm_gmpcare-True-True-False-False-2-1]" time="0.00041794776916503906"><skipped message="Suite splitting in effect" type="pytest.skip">src/pymortests/riccati.py:60: Suite splitting in effect</skipped></testcase><testcase classname="src.pymortests.riccati" file="src/pymortests/riccati.py" line="60" name="test_ricc_lrcf[10-pymess_dense_nm_gmpcare-True-True-False-False-2-2]" time="0.00043201446533203125"><skipped message="Suite splitting in effect" type="pytest.skip">src/pymortests/riccati.py:60: Suite splitting in effect</skipped></testcase><testcase classname="src.pymortests.riccati" file="src/pymortests/riccati.py" line="60" name="test_ricc_lrcf[10-pymess_dense_nm_gmpcare-True-True-False-True-1-1]" time="0.0004222393035888672"><skipped message="Suite splitting in effect" type="pytest.skip">src/pymortests/riccati.py:60: Suite splitting in effect</skipped></testcase><testcase classname="src.pymortests.riccati" file="src/pymortests/riccati.py" line="60" name="test_ricc_lrcf[10-pymess_dense_nm_gmpcare-True-True-False-True-1-2]" time="0.0004069805145263672"><skipped message="Suite splitting in effect" type="pytest.skip">src/pymortests/riccati.py:60: Suite splitting in effect</skipped></testcase><testcase classname="src.pymortests.riccati" file="src/pymortests/riccati.py" line="60" name="test_ricc_lrcf[10-pymess_dense_nm_gmpcare-True-True-False-True-2-1]" time="0.0004506111145019531"><skipped message="Suite splitting in effect" type="pytest.skip">src/pymortests/riccati.py:60: Suite splitting in effect</skipped></testcase><testcase classname="src.pymortests.riccati" file="src/pymortests/riccati.py" line="60" name="test_ricc_lrcf[10-pymess_dense_nm_gmpcare-True-True-False-True-2-2]" time="0.0005850791931152344"><skipped message="Suite splitting in effect" type="pytest.skip">src/pymortests/riccati.py:60: Suite splitting in effect</skipped></testcase><testcase classname="src.pymortests.riccati" file="src/pymortests/riccati.py" line="60" name="test_ricc_lrcf[10-pymess_dense_nm_gmpcare-True-True-True-False-1-1]" time="0.0004889965057373047"><skipped message="Suite splitting in effect" type="pytest.skip">src/pymortests/riccati.py:60: Suite splitting in effect</skipped></testcase><testcase classname="src.pymortests.riccati" file="src/pymortests/riccati.py" line="60" name="test_ricc_lrcf[10-pymess_dense_nm_gmpcare-True-True-True-False-1-2]" time="0.0004208087921142578"><skipped message="Suite splitting in effect" type="pytest.skip">src/pymortests/riccati.py:60: Suite splitting in effect</skipped></testcase><testcase classname="src.pymortests.riccati" file="src/pymortests/riccati.py" line="60" name="test_ricc_lrcf[10-pymess_dense_nm_gmpcare-True-True-True-False-2-1]" time="0.0005364418029785156"><skipped message="Suite splitting in effect" type="pytest.skip">src/pymortests/riccati.py:60: Suite splitting in effect</skipped></testcase><testcase classname="src.pymortests.riccati" file="src/pymortests/riccati.py" line="60" name="test_ricc_lrcf[10-pymess_dense_nm_gmpcare-True-True-True-False-2-2]" time="0.0006427764892578125"><skipped message="Suite splitting in effect" type="pytest.skip">src/pymortests/riccati.py:60: Suite splitting in effect</skipped></testcase><testcase classname="src.pymortests.riccati" file="src/pymortests/riccati.py" line="60" name="test_ricc_lrcf[10-pymess_dense_nm_gmpcare-True-True-True-True-1-1]" time="0.0004894733428955078"><skipped message="Suite splitting in effect" type="pytest.skip">src/pymortests/riccati.py:60: Suite splitting in effect</skipped></testcase><testcase classname="src.pymortests.riccati" file="src/pymortests/riccati.py" line="60" name="test_ricc_lrcf[10-pymess_dense_nm_gmpcare-True-True-True-True-1-2]" time="0.00041031837463378906"><skipped message="Suite splitting in effect" type="pytest.skip">src/pymortests/riccati.py:60: Suite splitting in effect</skipped></testcase><testcase classname="src.pymortests.riccati" file="src/pymortests/riccati.py" line="60" name="test_ricc_lrcf[10-pymess_dense_nm_gmpcare-True-True-True-True-2-1]" time="0.0006272792816162109"><skipped message="Suite splitting in effect" type="pytest.skip">src/pymortests/riccati.py:60: Suite splitting in effect</skipped></testcase><testcase classname="src.pymortests.riccati" file="src/pymortests/riccati.py" line="60" name="test_ricc_lrcf[10-pymess_dense_nm_gmpcare-True-True-True-True-2-2]" time="0.0004062652587890625"><skipped message="Suite splitting in effect" type="pytest.skip">src/pymortests/riccati.py:60: Suite splitting in effect</skipped></testcase><testcase classname="src.pymortests.riccati" file="src/pymortests/riccati.py" line="60" name="test_ricc_lrcf[20-scipy-False-False-False-False-1-1]" time="0.00042891502380371094"><skipped message="Suite splitting in effect" type="pytest.skip">src/pymortests/riccati.py:60: Suite splitting in effect</skipped></testcase><testcase classname="src.pymortests.riccati" file="src/pymortests/riccati.py" line="60" name="test_ricc_lrcf[20-scipy-False-False-False-False-1-2]" time="0.0004112720489501953"><skipped message="Suite splitting in effect" type="pytest.skip">src/pymortests/riccati.py:60: Suite splitting in effect</skipped></testcase><testcase classname="src.pymortests.riccati" file="src/pymortests/riccati.py" line="60" name="test_ricc_lrcf[20-scipy-False-False-False-False-2-1]" time="0.0004303455352783203"><skipped message="Suite splitting in effect" type="pytest.skip">src/pymortests/riccati.py:60: Suite splitting in effect</skipped></testcase><testcase classname="src.pymortests.riccati" file="src/pymortests/riccati.py" line="60" name="test_ricc_lrcf[20-scipy-False-False-False-False-2-2]" time="0.000453948974609375"><skipped message="Suite splitting in effect" type="pytest.skip">src/pymortests/riccati.py:60: Suite splitting in effect</skipped></testcase><testcase classname="src.pymortests.riccati" file="src/pymortests/riccati.py" line="60" name="test_ricc_lrcf[20-scipy-False-False-False-True-1-1]" time="0.0004515647888183594"><skipped message="Suite splitting in effect" type="pytest.skip">src/pymortests/riccati.py:60: Suite splitting in effect</skipped></testcase><testcase classname="src.pymortests.riccati" file="src/pymortests/riccati.py" line="60" name="test_ricc_lrcf[20-scipy-False-False-False-True-1-2]" time="0.0005743503570556641"><skipped message="Suite splitting in effect" type="pytest.skip">src/pymortests/riccati.py:60: Suite splitting in effect</skipped></testcase><testcase classname="src.pymortests.riccati" file="src/pymortests/riccati.py" line="60" name="test_ricc_lrcf[20-scipy-False-False-False-True-2-1]" time="0.0006718635559082031"><skipped message="Suite splitting in effect" type="pytest.skip">src/pymortests/riccati.py:60: Suite splitting in effect</skipped></testcase><testcase classname="src.pymortests.riccati" file="src/pymortests/riccati.py" line="60" name="test_ricc_lrcf[20-scipy-False-False-False-True-2-2]" time="0.00044536590576171875"><skipped message="Suite splitting in effect" type="pytest.skip">src/pymortests/riccati.py:60: Suite splitting in effect</skipped></testcase><testcase classname="src.pymortests.riccati" file="src/pymortests/riccati.py" line="60" name="test_ricc_lrcf[20-scipy-False-True-False-False-1-1]" time="0.00040602684020996094"><skipped message="Suite splitting in effect" type="pytest.skip">src/pymortests/riccati.py:60: Suite splitting in effect</skipped></testcase><testcase classname="src.pymortests.riccati" file="src/pymortests/riccati.py" line="60" name="test_ricc_lrcf[20-scipy-False-True-False-False-1-2]" time="0.00045418739318847656"><skipped message="Suite splitting in effect" type="pytest.skip">src/pymortests/riccati.py:60: Suite splitting in effect</skipped></testcase><testcase classname="src.pymortests.riccati" file="src/pymortests/riccati.py" line="60" name="test_ricc_lrcf[20-scipy-False-True-False-False-2-1]" time="0.00040459632873535156"><skipped message="Suite splitting in effect" type="pytest.skip">src/pymortests/riccati.py:60: Suite splitting in effect</skipped></testcase><testcase classname="src.pymortests.riccati" file="src/pymortests/riccati.py" line="60" name="test_ricc_lrcf[20-scipy-False-True-False-False-2-2]" time="0.0004363059997558594"><skipped message="Suite splitting in effect" type="pytest.skip">src/pymortests/riccati.py:60: Suite splitting in effect</skipped></testcase><testcase classname="src.pymortests.riccati" file="src/pymortests/riccati.py" line="60" name="test_ricc_lrcf[20-scipy-False-True-False-True-1-1]" time="0.0005428791046142578"><skipped message="Suite splitting in effect" type="pytest.skip">src/pymortests/riccati.py:60: Suite splitting in effect</skipped></testcase><testcase classname="src.pymortests.riccati" file="src/pymortests/riccati.py" line="60" name="test_ricc_lrcf[20-scipy-False-True-False-True-1-2]" time="0.0006742477416992188"><skipped message="Suite splitting in effect" type="pytest.skip">src/pymortests/riccati.py:60: Suite splitting in effect</skipped></testcase><testcase classname="src.pymortests.riccati" file="src/pymortests/riccati.py" line="60" name="test_ricc_lrcf[20-scipy-False-True-False-True-2-1]" time="0.0006392002105712891"><skipped message="Suite splitting in effect" type="pytest.skip">src/pymortests/riccati.py:60: Suite splitting in effect</skipped></testcase><testcase classname="src.pymortests.riccati" file="src/pymortests/riccati.py" line="60" name="test_ricc_lrcf[20-scipy-False-True-False-True-2-2]" time="0.0011134147644042969"><skipped message="Suite splitting in effect" type="pytest.skip">src/pymortests/riccati.py:60: Suite splitting in effect</skipped></testcase><testcase classname="src.pymortests.riccati" file="src/pymortests/riccati.py" line="60" name="test_ricc_lrcf[20-scipy-False-True-True-False-1-1]" time="0.0004754066467285156"><skipped message="Suite splitting in effect" type="pytest.skip">src/pymortests/riccati.py:60: Suite splitting in effect</skipped></testcase><testcase classname="src.pymortests.riccati" file="src/pymortests/riccati.py" line="60" name="test_ricc_lrcf[20-scipy-False-True-True-False-1-2]" time="0.00041174888610839844"><skipped message="Suite splitting in effect" type="pytest.skip">src/pymortests/riccati.py:60: Suite splitting in effect</skipped></testcase><testcase classname="src.pymortests.riccati" file="src/pymortests/riccati.py" line="60" name="test_ricc_lrcf[20-scipy-False-True-True-False-2-1]" time="0.0004563331604003906"><skipped message="Suite splitting in effect" type="pytest.skip">src/pymortests/riccati.py:60: Suite splitting in effect</skipped></testcase><testcase classname="src.pymortests.riccati" file="src/pymortests/riccati.py" line="60" name="test_ricc_lrcf[20-scipy-False-True-True-False-2-2]" time="0.0004258155822753906"><skipped message="Suite splitting in effect" type="pytest.skip">src/pymortests/riccati.py:60: Suite splitting in effect</skipped></testcase><testcase classname="src.pymortests.riccati" file="src/pymortests/riccati.py" line="60" name="test_ricc_lrcf[20-scipy-False-True-True-True-1-1]" time="0.0004928112030029297"><skipped message="Suite splitting in effect" type="pytest.skip">src/pymortests/riccati.py:60: Suite splitting in effect</skipped></testcase><testcase classname="src.pymortests.riccati" file="src/pymortests/riccati.py" line="60" name="test_ricc_lrcf[20-scipy-False-True-True-True-1-2]" time="0.0004413127899169922"><skipped message="Suite splitting in effect" type="pytest.skip">src/pymortests/riccati.py:60: Suite splitting in effect</skipped></testcase><testcase classname="src.pymortests.riccati" file="src/pymortests/riccati.py" line="60" name="test_ricc_lrcf[20-scipy-False-True-True-True-2-1]" time="0.0004203319549560547"><skipped message="Suite splitting in effect" type="pytest.skip">src/pymortests/riccati.py:60: Suite splitting in effect</skipped></testcase><testcase classname="src.pymortests.riccati" file="src/pymortests/riccati.py" line="60" name="test_ricc_lrcf[20-scipy-False-True-True-True-2-2]" time="0.0004451274871826172"><skipped message="Suite splitting in effect" type="pytest.skip">src/pymortests/riccati.py:60: Suite splitting in effect</skipped></testcase><testcase classname="src.pymortests.riccati" file="src/pymortests/riccati.py" line="60" name="test_ricc_lrcf[20-scipy-True-False-False-False-1-1]" time="0.0004870891571044922"><skipped message="Suite splitting in effect" type="pytest.skip">src/pymortests/riccati.py:60: Suite splitting in effect</skipped></testcase><testcase classname="src.pymortests.riccati" file="src/pymortests/riccati.py" line="60" name="test_ricc_lrcf[20-scipy-True-False-False-False-1-2]" time="0.0005791187286376953"><skipped message="Suite splitting in effect" type="pytest.skip">src/pymortests/riccati.py:60: Suite splitting in effect</skipped></testcase><testcase classname="src.pymortests.riccati" file="src/pymortests/riccati.py" line="60" name="test_ricc_lrcf[20-scipy-True-False-False-False-2-1]" time="0.0004956722259521484"><skipped message="Suite splitting in effect" type="pytest.skip">src/pymortests/riccati.py:60: Suite splitting in effect</skipped></testcase><testcase classname="src.pymortests.riccati" file="src/pymortests/riccati.py" line="60" name="test_ricc_lrcf[20-scipy-True-False-False-False-2-2]" time="0.0005092620849609375"><skipped message="Suite splitting in effect" type="pytest.skip">src/pymortests/riccati.py:60: Suite splitting in effect</skipped></testcase><testcase classname="src.pymortests.riccati" file="src/pymortests/riccati.py" line="60" name="test_ricc_lrcf[20-scipy-True-False-False-True-1-1]" time="0.00087738037109375"><skipped message="Suite splitting in effect" type="pytest.skip">src/pymortests/riccati.py:60: Suite splitting in effect</skipped></testcase><testcase classname="src.pymortests.riccati" file="src/pymortests/riccati.py" line="60" name="test_ricc_lrcf[20-scipy-True-False-False-True-1-2]" time="0.0006933212280273438"><skipped message="Suite splitting in effect" type="pytest.skip">src/pymortests/riccati.py:60: Suite splitting in effect</skipped></testcase><testcase classname="src.pymortests.riccati" file="src/pymortests/riccati.py" line="60" name="test_ricc_lrcf[20-scipy-True-False-False-True-2-1]" time="0.0006961822509765625"><skipped message="Suite splitting in effect" type="pytest.skip">src/pymortests/riccati.py:60: Suite splitting in effect</skipped></testcase><testcase classname="src.pymortests.riccati" file="src/pymortests/riccati.py" line="60" name="test_ricc_lrcf[20-scipy-True-False-False-True-2-2]" time="0.0009698867797851562"><skipped message="Suite splitting in effect" type="pytest.skip">src/pymortests/riccati.py:60: Suite splitting in effect</skipped></testcase><testcase classname="src.pymortests.riccati" file="src/pymortests/riccati.py" line="60" name="test_ricc_lrcf[20-scipy-True-True-False-False-1-1]" time="0.0005991458892822266"><skipped message="Suite splitting in effect" type="pytest.skip">src/pymortests/riccati.py:60: Suite splitting in effect</skipped></testcase><testcase classname="src.pymortests.riccati" file="src/pymortests/riccati.py" line="60" name="test_ricc_lrcf[20-scipy-True-True-False-False-1-2]" time="0.0004279613494873047"><skipped message="Suite splitting in effect" type="pytest.skip">src/pymortests/riccati.py:60: Suite splitting in effect</skipped></testcase><testcase classname="src.pymortests.riccati" file="src/pymortests/riccati.py" line="60" name="test_ricc_lrcf[20-scipy-True-True-False-False-2-1]" time="0.00042819976806640625"><skipped message="Suite splitting in effect" type="pytest.skip">src/pymortests/riccati.py:60: Suite splitting in effect</skipped></testcase><testcase classname="src.pymortests.riccati" file="src/pymortests/riccati.py" line="60" name="test_ricc_lrcf[20-scipy-True-True-False-False-2-2]" time="0.0004563331604003906"><skipped message="Suite splitting in effect" type="pytest.skip">src/pymortests/riccati.py:60: Suite splitting in effect</skipped></testcase><testcase classname="src.pymortests.riccati" file="src/pymortests/riccati.py" line="60" name="test_ricc_lrcf[20-scipy-True-True-False-True-1-1]" time="0.0004012584686279297"><skipped message="Suite splitting in effect" type="pytest.skip">src/pymortests/riccati.py:60: Suite splitting in effect</skipped></testcase><testcase classname="src.pymortests.riccati" file="src/pymortests/riccati.py" line="60" name="test_ricc_lrcf[20-scipy-True-True-False-True-1-2]" time="0.0004374980926513672"><skipped message="Suite splitting in effect" type="pytest.skip">src/pymortests/riccati.py:60: Suite splitting in effect</skipped></testcase><testcase classname="src.pymortests.riccati" file="src/pymortests/riccati.py" line="60" name="test_ricc_lrcf[20-scipy-True-True-False-True-2-1]" time="0.0006456375122070312"><skipped message="Suite splitting in effect" type="pytest.skip">src/pymortests/riccati.py:60: Suite splitting in effect</skipped></testcase><testcase classname="src.pymortests.riccati" file="src/pymortests/riccati.py" line="60" name="test_ricc_lrcf[20-scipy-True-True-False-True-2-2]" time="0.00045180320739746094"><skipped message="Suite splitting in effect" type="pytest.skip">src/pymortests/riccati.py:60: Suite splitting in effect</skipped></testcase><testcase classname="src.pymortests.riccati" file="src/pymortests/riccati.py" line="60" name="test_ricc_lrcf[20-scipy-True-True-True-False-1-1]" time="0.00039768218994140625"><skipped message="Suite splitting in effect" type="pytest.skip">src/pymortests/riccati.py:60: Suite splitting in effect</skipped></testcase><testcase classname="src.pymortests.riccati" file="src/pymortests/riccati.py" line="60" name="test_ricc_lrcf[20-scipy-True-True-True-False-1-2]" time="0.00044226646423339844"><skipped message="Suite splitting in effect" type="pytest.skip">src/pymortests/riccati.py:60: Suite splitting in effect</skipped></testcase><testcase classname="src.pymortests.riccati" file="src/pymortests/riccati.py" line="60" name="test_ricc_lrcf[20-scipy-True-True-True-False-2-1]" time="0.001127481460571289"><skipped message="Suite splitting in effect" type="pytest.skip">src/pymortests/riccati.py:60: Suite splitting in effect</skipped></testcase><testcase classname="src.pymortests.riccati" file="src/pymortests/riccati.py" line="60" name="test_ricc_lrcf[20-scipy-True-True-True-False-2-2]" time="0.00048351287841796875"><skipped message="Suite splitting in effect" type="pytest.skip">src/pymortests/riccati.py:60: Suite splitting in effect</skipped></testcase><testcase classname="src.pymortests.riccati" file="src/pymortests/riccati.py" line="60" name="test_ricc_lrcf[20-scipy-True-True-True-True-1-1]" time="0.0004487037658691406"><skipped message="Suite splitting in effect" type="pytest.skip">src/pymortests/riccati.py:60: Suite splitting in effect</skipped></testcase><testcase classname="src.pymortests.riccati" file="src/pymortests/riccati.py" line="60" name="test_ricc_lrcf[20-scipy-True-True-True-True-1-2]" time="0.00043892860412597656"><skipped message="Suite splitting in effect" type="pytest.skip">src/pymortests/riccati.py:60: Suite splitting in effect</skipped></testcase><testcase classname="src.pymortests.riccati" file="src/pymortests/riccati.py" line="60" name="test_ricc_lrcf[20-scipy-True-True-True-True-2-1]" time="0.0004608631134033203"><skipped message="Suite splitting in effect" type="pytest.skip">src/pymortests/riccati.py:60: Suite splitting in effect</skipped></testcase><testcase classname="src.pymortests.riccati" file="src/pymortests/riccati.py" line="60" name="test_ricc_lrcf[20-scipy-True-True-True-True-2-2]" time="0.0004298686981201172"><skipped message="Suite splitting in effect" type="pytest.skip">src/pymortests/riccati.py:60: Suite splitting in effect</skipped></testcase><testcase classname="src.pymortests.riccati" file="src/pymortests/riccati.py" line="60" name="test_ricc_lrcf[20-slycot-False-False-False-False-1-1]" time="0.00044417381286621094"><skipped message="Suite splitting in effect" type="pytest.skip">src/pymortests/riccati.py:60: Suite splitting in effect</skipped></testcase><testcase classname="src.pymortests.riccati" file="src/pymortests/riccati.py" line="60" name="test_ricc_lrcf[20-slycot-False-False-False-False-1-2]" time="0.0004317760467529297"><skipped message="Suite splitting in effect" type="pytest.skip">src/pymortests/riccati.py:60: Suite splitting in effect</skipped></testcase><testcase classname="src.pymortests.riccati" file="src/pymortests/riccati.py" line="60" name="test_ricc_lrcf[20-slycot-False-False-False-False-2-1]" time="0.000423431396484375"><skipped message="Suite splitting in effect" type="pytest.skip">src/pymortests/riccati.py:60: Suite splitting in effect</skipped></testcase><testcase classname="src.pymortests.riccati" file="src/pymortests/riccati.py" line="60" name="test_ricc_lrcf[20-slycot-False-False-False-False-2-2]" time="0.00040531158447265625"><skipped message="Suite splitting in effect" type="pytest.skip">src/pymortests/riccati.py:60: Suite splitting in effect</skipped></testcase><testcase classname="src.pymortests.riccati" file="src/pymortests/riccati.py" line="60" name="test_ricc_lrcf[20-slycot-False-False-False-True-1-1]" time="0.00042724609375"><skipped message="Suite splitting in effect" type="pytest.skip">src/pymortests/riccati.py:60: Suite splitting in effect</skipped></testcase><testcase classname="src.pymortests.riccati" file="src/pymortests/riccati.py" line="60" name="test_ricc_lrcf[20-slycot-False-False-False-True-1-2]" time="0.0004394054412841797"><skipped message="Suite splitting in effect" type="pytest.skip">src/pymortests/riccati.py:60: Suite splitting in effect</skipped></testcase><testcase classname="src.pymortests.riccati" file="src/pymortests/riccati.py" line="60" name="test_ricc_lrcf[20-slycot-False-False-False-True-2-1]" time="0.0004706382751464844"><skipped message="Suite splitting in effect" type="pytest.skip">src/pymortests/riccati.py:60: Suite splitting in effect</skipped></testcase><testcase classname="src.pymortests.riccati" file="src/pymortests/riccati.py" line="60" name="test_ricc_lrcf[20-slycot-False-False-False-True-2-2]" time="0.0004322528839111328"><skipped message="Suite splitting in effect" type="pytest.skip">src/pymortests/riccati.py:60: Suite splitting in effect</skipped></testcase><testcase classname="src.pymortests.riccati" file="src/pymortests/riccati.py" line="60" name="test_ricc_lrcf[20-slycot-False-True-False-False-1-1]" time="0.0004401206970214844"><skipped message="Suite splitting in effect" type="pytest.skip">src/pymortests/riccati.py:60: Suite splitting in effect</skipped></testcase><testcase classname="src.pymortests.riccati" file="src/pymortests/riccati.py" line="60" name="test_ricc_lrcf[20-slycot-False-True-False-False-1-2]" time="0.0005223751068115234"><skipped message="Suite splitting in effect" type="pytest.skip">src/pymortests/riccati.py:60: Suite splitting in effect</skipped></testcase><testcase classname="src.pymortests.riccati" file="src/pymortests/riccati.py" line="60" name="test_ricc_lrcf[20-slycot-False-True-False-False-2-1]" time="0.0004029273986816406"><skipped message="Suite splitting in effect" type="pytest.skip">src/pymortests/riccati.py:60: Suite splitting in effect</skipped></testcase><testcase classname="src.pymortests.riccati" file="src/pymortests/riccati.py" line="60" name="test_ricc_lrcf[20-slycot-False-True-False-False-2-2]" time="0.0004851818084716797"><skipped message="Suite splitting in effect" type="pytest.skip">src/pymortests/riccati.py:60: Suite splitting in effect</skipped></testcase><testcase classname="src.pymortests.riccati" file="src/pymortests/riccati.py" line="60" name="test_ricc_lrcf[20-slycot-False-True-False-True-1-1]" time="0.00042700767517089844"><skipped message="Suite splitting in effect" type="pytest.skip">src/pymortests/riccati.py:60: Suite splitting in effect</skipped></testcase><testcase classname="src.pymortests.riccati" file="src/pymortests/riccati.py" line="60" name="test_ricc_lrcf[20-slycot-False-True-False-True-1-2]" time="0.0005178451538085938"><skipped message="Suite splitting in effect" type="pytest.skip">src/pymortests/riccati.py:60: Suite splitting in effect</skipped></testcase><testcase classname="src.pymortests.riccati" file="src/pymortests/riccati.py" line="60" name="test_ricc_lrcf[20-slycot-False-True-False-True-2-1]" time="0.0005576610565185547"><skipped message="Suite splitting in effect" type="pytest.skip">src/pymortests/riccati.py:60: Suite splitting in effect</skipped></testcase><testcase classname="src.pymortests.riccati" file="src/pymortests/riccati.py" line="60" name="test_ricc_lrcf[20-slycot-False-True-False-True-2-2]" time="0.0004382133483886719"><skipped message="Suite splitting in effect" type="pytest.skip">src/pymortests/riccati.py:60: Suite splitting in effect</skipped></testcase><testcase classname="src.pymortests.riccati" file="src/pymortests/riccati.py" line="60" name="test_ricc_lrcf[20-slycot-False-True-True-False-1-1]" time="0.0005364418029785156"><skipped message="Suite splitting in effect" type="pytest.skip">src/pymortests/riccati.py:60: Suite splitting in effect</skipped></testcase><testcase classname="src.pymortests.riccati" file="src/pymortests/riccati.py" line="60" name="test_ricc_lrcf[20-slycot-False-True-True-False-1-2]" time="0.0004131793975830078"><skipped message="Suite splitting in effect" type="pytest.skip">src/pymortests/riccati.py:60: Suite splitting in effect</skipped></testcase><testcase classname="src.pymortests.riccati" file="src/pymortests/riccati.py" line="60" name="test_ricc_lrcf[20-slycot-False-True-True-False-2-1]" time="0.0004017353057861328"><skipped message="Suite splitting in effect" type="pytest.skip">src/pymortests/riccati.py:60: Suite splitting in effect</skipped></testcase><testcase classname="src.pymortests.riccati" file="src/pymortests/riccati.py" line="60" name="test_ricc_lrcf[20-slycot-False-True-True-False-2-2]" time="0.000431060791015625"><skipped message="Suite splitting in effect" type="pytest.skip">src/pymortests/riccati.py:60: Suite splitting in effect</skipped></testcase><testcase classname="src.pymortests.riccati" file="src/pymortests/riccati.py" line="60" name="test_ricc_lrcf[20-slycot-False-True-True-True-1-1]" time="0.0004885196685791016"><skipped message="Suite splitting in effect" type="pytest.skip">src/pymortests/riccati.py:60: Suite splitting in effect</skipped></testcase><testcase classname="src.pymortests.riccati" file="src/pymortests/riccati.py" line="60" name="test_ricc_lrcf[20-slycot-False-True-True-True-1-2]" time="0.0004305839538574219"><skipped message="Suite splitting in effect" type="pytest.skip">src/pymortests/riccati.py:60: Suite splitting in effect</skipped></testcase><testcase classname="src.pymortests.riccati" file="src/pymortests/riccati.py" line="60" name="test_ricc_lrcf[20-slycot-False-True-True-True-2-1]" time="0.0004279613494873047"><skipped message="Suite splitting in effect" type="pytest.skip">src/pymortests/riccati.py:60: Suite splitting in effect</skipped></testcase><testcase classname="src.pymortests.riccati" file="src/pymortests/riccati.py" line="60" name="test_ricc_lrcf[20-slycot-False-True-True-True-2-2]" time="0.0004570484161376953"><skipped message="Suite splitting in effect" type="pytest.skip">src/pymortests/riccati.py:60: Suite splitting in effect</skipped></testcase><testcase classname="src.pymortests.riccati" file="src/pymortests/riccati.py" line="60" name="test_ricc_lrcf[20-slycot-True-False-False-False-1-1]" time="0.0004215240478515625"><skipped message="Suite splitting in effect" type="pytest.skip">src/pymortests/riccati.py:60: Suite splitting in effect</skipped></testcase><testcase classname="src.pymortests.riccati" file="src/pymortests/riccati.py" line="60" name="test_ricc_lrcf[20-slycot-True-False-False-False-1-2]" time="0.00048065185546875"><skipped message="Suite splitting in effect" type="pytest.skip">src/pymortests/riccati.py:60: Suite splitting in effect</skipped></testcase><testcase classname="src.pymortests.riccati" file="src/pymortests/riccati.py" line="60" name="test_ricc_lrcf[20-slycot-True-False-False-False-2-1]" time="0.0004987716674804688"><skipped message="Suite splitting in effect" type="pytest.skip">src/pymortests/riccati.py:60: Suite splitting in effect</skipped></testcase><testcase classname="src.pymortests.riccati" file="src/pymortests/riccati.py" line="60" name="test_ricc_lrcf[20-slycot-True-False-False-False-2-2]" time="0.0005033016204833984"><skipped message="Suite splitting in effect" type="pytest.skip">src/pymortests/riccati.py:60: Suite splitting in effect</skipped></testcase><testcase classname="src.pymortests.riccati" file="src/pymortests/riccati.py" line="60" name="test_ricc_lrcf[20-slycot-True-False-False-True-1-1]" time="0.00040841102600097656"><skipped message="Suite splitting in effect" type="pytest.skip">src/pymortests/riccati.py:60: Suite splitting in effect</skipped></testcase><testcase classname="src.pymortests.riccati" file="src/pymortests/riccati.py" line="60" name="test_ricc_lrcf[20-slycot-True-False-False-True-1-2]" time="0.0005209445953369141"><skipped message="Suite splitting in effect" type="pytest.skip">src/pymortests/riccati.py:60: Suite splitting in effect</skipped></testcase><testcase classname="src.pymortests.riccati" file="src/pymortests/riccati.py" line="60" name="test_ricc_lrcf[20-slycot-True-False-False-True-2-1]" time="0.0004425048828125"><skipped message="Suite splitting in effect" type="pytest.skip">src/pymortests/riccati.py:60: Suite splitting in effect</skipped></testcase><testcase classname="src.pymortests.riccati" file="src/pymortests/riccati.py" line="60" name="test_ricc_lrcf[20-slycot-True-False-False-True-2-2]" time="0.0004184246063232422"><skipped message="Suite splitting in effect" type="pytest.skip">src/pymortests/riccati.py:60: Suite splitting in effect</skipped></testcase><testcase classname="src.pymortests.riccati" file="src/pymortests/riccati.py" line="60" name="test_ricc_lrcf[20-slycot-True-True-False-False-1-1]" time="0.0004603862762451172"><skipped message="Suite splitting in effect" type="pytest.skip">src/pymortests/riccati.py:60: Suite splitting in effect</skipped></testcase><testcase classname="src.pymortests.riccati" file="src/pymortests/riccati.py" line="60" name="test_ricc_lrcf[20-slycot-True-True-False-False-1-2]" time="0.0005135536193847656"><skipped message="Suite splitting in effect" type="pytest.skip">src/pymortests/riccati.py:60: Suite splitting in effect</skipped></testcase><testcase classname="src.pymortests.riccati" file="src/pymortests/riccati.py" line="60" name="test_ricc_lrcf[20-slycot-True-True-False-False-2-1]" time="0.0005602836608886719"><skipped message="Suite splitting in effect" type="pytest.skip">src/pymortests/riccati.py:60: Suite splitting in effect</skipped></testcase><testcase classname="src.pymortests.riccati" file="src/pymortests/riccati.py" line="60" name="test_ricc_lrcf[20-slycot-True-True-False-False-2-2]" time="0.0005557537078857422"><skipped message="Suite splitting in effect" type="pytest.skip">src/pymortests/riccati.py:60: Suite splitting in effect</skipped></testcase><testcase classname="src.pymortests.riccati" file="src/pymortests/riccati.py" line="60" name="test_ricc_lrcf[20-slycot-True-True-False-True-1-1]" time="0.0004832744598388672"><skipped message="Suite splitting in effect" type="pytest.skip">src/pymortests/riccati.py:60: Suite splitting in effect</skipped></testcase><testcase classname="src.pymortests.riccati" file="src/pymortests/riccati.py" line="60" name="test_ricc_lrcf[20-slycot-True-True-False-True-1-2]" time="0.0005707740783691406"><skipped message="Suite splitting in effect" type="pytest.skip">src/pymortests/riccati.py:60: Suite splitting in effect</skipped></testcase><testcase classname="src.pymortests.riccati" file="src/pymortests/riccati.py" line="60" name="test_ricc_lrcf[20-slycot-True-True-False-True-2-1]" time="0.0006122589111328125"><skipped message="Suite splitting in effect" type="pytest.skip">src/pymortests/riccati.py:60: Suite splitting in effect</skipped></testcase><testcase classname="src.pymortests.riccati" file="src/pymortests/riccati.py" line="60" name="test_ricc_lrcf[20-slycot-True-True-False-True-2-2]" time="0.0005228519439697266"><skipped message="Suite splitting in effect" type="pytest.skip">src/pymortests/riccati.py:60: Suite splitting in effect</skipped></testcase><testcase classname="src.pymortests.riccati" file="src/pymortests/riccati.py" line="60" name="test_ricc_lrcf[20-slycot-True-True-True-False-1-1]" time="0.0005993843078613281"><skipped message="Suite splitting in effect" type="pytest.skip">src/pymortests/riccati.py:60: Suite splitting in effect</skipped></testcase><testcase classname="src.pymortests.riccati" file="src/pymortests/riccati.py" line="60" name="test_ricc_lrcf[20-slycot-True-True-True-False-1-2]" time="0.0004112720489501953"><skipped message="Suite splitting in effect" type="pytest.skip">src/pymortests/riccati.py:60: Suite splitting in effect</skipped></testcase><testcase classname="src.pymortests.riccati" file="src/pymortests/riccati.py" line="60" name="test_ricc_lrcf[20-slycot-True-True-True-False-2-1]" time="0.00041866302490234375"><skipped message="Suite splitting in effect" type="pytest.skip">src/pymortests/riccati.py:60: Suite splitting in effect</skipped></testcase><testcase classname="src.pymortests.riccati" file="src/pymortests/riccati.py" line="60" name="test_ricc_lrcf[20-slycot-True-True-True-False-2-2]" time="0.0004401206970214844"><skipped message="Suite splitting in effect" type="pytest.skip">src/pymortests/riccati.py:60: Suite splitting in effect</skipped></testcase><testcase classname="src.pymortests.riccati" file="src/pymortests/riccati.py" line="60" name="test_ricc_lrcf[20-slycot-True-True-True-True-1-1]" time="0.0004973411560058594"><skipped message="Suite splitting in effect" type="pytest.skip">src/pymortests/riccati.py:60: Suite splitting in effect</skipped></testcase><testcase classname="src.pymortests.riccati" file="src/pymortests/riccati.py" line="60" name="test_ricc_lrcf[20-slycot-True-True-True-True-1-2]" time="0.0004429817199707031"><skipped message="Suite splitting in effect" type="pytest.skip">src/pymortests/riccati.py:60: Suite splitting in effect</skipped></testcase><testcase classname="src.pymortests.riccati" file="src/pymortests/riccati.py" line="60" name="test_ricc_lrcf[20-slycot-True-True-True-True-2-1]" time="0.0004184246063232422"><skipped message="Suite splitting in effect" type="pytest.skip">src/pymortests/riccati.py:60: Suite splitting in effect</skipped></testcase><testcase classname="src.pymortests.riccati" file="src/pymortests/riccati.py" line="60" name="test_ricc_lrcf[20-slycot-True-True-True-True-2-2]" time="0.00045299530029296875"><skipped message="Suite splitting in effect" type="pytest.skip">src/pymortests/riccati.py:60: Suite splitting in effect</skipped></testcase><testcase classname="src.pymortests.riccati" file="src/pymortests/riccati.py" line="60" name="test_ricc_lrcf[20-pymess_dense_nm_gmpcare-False-False-False-False-1-1]" time="0.00041961669921875"><skipped message="Suite splitting in effect" type="pytest.skip">src/pymortests/riccati.py:60: Suite splitting in effect</skipped></testcase><testcase classname="src.pymortests.riccati" file="src/pymortests/riccati.py" line="60" name="test_ricc_lrcf[20-pymess_dense_nm_gmpcare-False-False-False-False-1-2]" time="0.0004184246063232422"><skipped message="Suite splitting in effect" type="pytest.skip">src/pymortests/riccati.py:60: Suite splitting in effect</skipped></testcase><testcase classname="src.pymortests.riccati" file="src/pymortests/riccati.py" line="60" name="test_ricc_lrcf[20-pymess_dense_nm_gmpcare-False-False-False-False-2-1]" time="0.0004401206970214844"><skipped message="Suite splitting in effect" type="pytest.skip">src/pymortests/riccati.py:60: Suite splitting in effect</skipped></testcase><testcase classname="src.pymortests.riccati" file="src/pymortests/riccati.py" line="60" name="test_ricc_lrcf[20-pymess_dense_nm_gmpcare-False-False-False-False-2-2]" time="0.00044035911560058594"><skipped message="Suite splitting in effect" type="pytest.skip">src/pymortests/riccati.py:60: Suite splitting in effect</skipped></testcase><testcase classname="src.pymortests.riccati" file="src/pymortests/riccati.py" line="60" name="test_ricc_lrcf[20-pymess_dense_nm_gmpcare-False-False-False-True-1-1]" time="0.0004417896270751953"><skipped message="Suite splitting in effect" type="pytest.skip">src/pymortests/riccati.py:60: Suite splitting in effect</skipped></testcase><testcase classname="src.pymortests.riccati" file="src/pymortests/riccati.py" line="60" name="test_ricc_lrcf[20-pymess_dense_nm_gmpcare-False-False-False-True-1-2]" time="0.00041103363037109375"><skipped message="Suite splitting in effect" type="pytest.skip">src/pymortests/riccati.py:60: Suite splitting in effect</skipped></testcase><testcase classname="src.pymortests.riccati" file="src/pymortests/riccati.py" line="60" name="test_ricc_lrcf[20-pymess_dense_nm_gmpcare-False-False-False-True-2-1]" time="0.00043129920959472656"><skipped message="Suite splitting in effect" type="pytest.skip">src/pymortests/riccati.py:60: Suite splitting in effect</skipped></testcase><testcase classname="src.pymortests.riccati" file="src/pymortests/riccati.py" line="60" name="test_ricc_lrcf[20-pymess_dense_nm_gmpcare-False-False-False-True-2-2]" time="0.0004477500915527344"><skipped message="Suite splitting in effect" type="pytest.skip">src/pymortests/riccati.py:60: Suite splitting in effect</skipped></testcase><testcase classname="src.pymortests.riccati" file="src/pymortests/riccati.py" line="60" name="test_ricc_lrcf[20-pymess_dense_nm_gmpcare-False-True-False-False-1-1]" time="0.0004315376281738281"><skipped message="Suite splitting in effect" type="pytest.skip">src/pymortests/riccati.py:60: Suite splitting in effect</skipped></testcase><testcase classname="src.pymortests.riccati" file="src/pymortests/riccati.py" line="60" name="test_ricc_lrcf[20-pymess_dense_nm_gmpcare-False-True-False-False-1-2]" time="0.0005476474761962891"><skipped message="Suite splitting in effect" type="pytest.skip">src/pymortests/riccati.py:60: Suite splitting in effect</skipped></testcase><testcase classname="src.pymortests.riccati" file="src/pymortests/riccati.py" line="60" name="test_ricc_lrcf[20-pymess_dense_nm_gmpcare-False-True-False-False-2-1]" time="0.0006072521209716797"><skipped message="Suite splitting in effect" type="pytest.skip">src/pymortests/riccati.py:60: Suite splitting in effect</skipped></testcase><testcase classname="src.pymortests.riccati" file="src/pymortests/riccati.py" line="60" name="test_ricc_lrcf[20-pymess_dense_nm_gmpcare-False-True-False-False-2-2]" time="0.0004096031188964844"><skipped message="Suite splitting in effect" type="pytest.skip">src/pymortests/riccati.py:60: Suite splitting in effect</skipped></testcase><testcase classname="src.pymortests.riccati" file="src/pymortests/riccati.py" line="60" name="test_ricc_lrcf[20-pymess_dense_nm_gmpcare-False-True-False-True-1-1]" time="0.0004570484161376953"><skipped message="Suite splitting in effect" type="pytest.skip">src/pymortests/riccati.py:60: Suite splitting in effect</skipped></testcase><testcase classname="src.pymortests.riccati" file="src/pymortests/riccati.py" line="60" name="test_ricc_lrcf[20-pymess_dense_nm_gmpcare-False-True-False-True-1-2]" time="0.0004172325134277344"><skipped message="Suite splitting in effect" type="pytest.skip">src/pymortests/riccati.py:60: Suite splitting in effect</skipped></testcase><testcase classname="src.pymortests.riccati" file="src/pymortests/riccati.py" line="60" name="test_ricc_lrcf[20-pymess_dense_nm_gmpcare-False-True-False-True-2-1]" time="0.00045228004455566406"><skipped message="Suite splitting in effect" type="pytest.skip">src/pymortests/riccati.py:60: Suite splitting in effect</skipped></testcase><testcase classname="src.pymortests.riccati" file="src/pymortests/riccati.py" line="60" name="test_ricc_lrcf[20-pymess_dense_nm_gmpcare-False-True-False-True-2-2]" time="0.0004470348358154297"><skipped message="Suite splitting in effect" type="pytest.skip">src/pymortests/riccati.py:60: Suite splitting in effect</skipped></testcase><testcase classname="src.pymortests.riccati" file="src/pymortests/riccati.py" line="60" name="test_ricc_lrcf[20-pymess_dense_nm_gmpcare-False-True-True-False-1-1]" time="0.00042128562927246094"><skipped message="Suite splitting in effect" type="pytest.skip">src/pymortests/riccati.py:60: Suite splitting in effect</skipped></testcase><testcase classname="src.pymortests.riccati" file="src/pymortests/riccati.py" line="60" name="test_ricc_lrcf[20-pymess_dense_nm_gmpcare-False-True-True-False-1-2]" time="0.0005624294281005859"><skipped message="Suite splitting in effect" type="pytest.skip">src/pymortests/riccati.py:60: Suite splitting in effect</skipped></testcase><testcase classname="src.pymortests.riccati" file="src/pymortests/riccati.py" line="60" name="test_ricc_lrcf[20-pymess_dense_nm_gmpcare-False-True-True-False-2-1]" time="0.0004329681396484375"><skipped message="Suite splitting in effect" type="pytest.skip">src/pymortests/riccati.py:60: Suite splitting in effect</skipped></testcase><testcase classname="src.pymortests.riccati" file="src/pymortests/riccati.py" line="60" name="test_ricc_lrcf[20-pymess_dense_nm_gmpcare-False-True-True-False-2-2]" time="0.0005192756652832031"><skipped message="Suite splitting in effect" type="pytest.skip">src/pymortests/riccati.py:60: Suite splitting in effect</skipped></testcase><testcase classname="src.pymortests.riccati" file="src/pymortests/riccati.py" line="60" name="test_ricc_lrcf[20-pymess_dense_nm_gmpcare-False-True-True-True-1-1]" time="0.0004291534423828125"><skipped message="Suite splitting in effect" type="pytest.skip">src/pymortests/riccati.py:60: Suite splitting in effect</skipped></testcase><testcase classname="src.pymortests.riccati" file="src/pymortests/riccati.py" line="60" name="test_ricc_lrcf[20-pymess_dense_nm_gmpcare-False-True-True-True-1-2]" time="0.00040221214294433594"><skipped message="Suite splitting in effect" type="pytest.skip">src/pymortests/riccati.py:60: Suite splitting in effect</skipped></testcase><testcase classname="src.pymortests.riccati" file="src/pymortests/riccati.py" line="60" name="test_ricc_lrcf[20-pymess_dense_nm_gmpcare-False-True-True-True-2-1]" time="0.0004031658172607422"><skipped message="Suite splitting in effect" type="pytest.skip">src/pymortests/riccati.py:60: Suite splitting in effect</skipped></testcase><testcase classname="src.pymortests.riccati" file="src/pymortests/riccati.py" line="60" name="test_ricc_lrcf[20-pymess_dense_nm_gmpcare-False-True-True-True-2-2]" time="0.0004143714904785156"><skipped message="Suite splitting in effect" type="pytest.skip">src/pymortests/riccati.py:60: Suite splitting in effect</skipped></testcase><testcase classname="src.pymortests.riccati" file="src/pymortests/riccati.py" line="60" name="test_ricc_lrcf[20-pymess_dense_nm_gmpcare-True-False-False-False-1-1]" time="0.0004229545593261719"><skipped message="Suite splitting in effect" type="pytest.skip">src/pymortests/riccati.py:60: Suite splitting in effect</skipped></testcase><testcase classname="src.pymortests.riccati" file="src/pymortests/riccati.py" line="60" name="test_ricc_lrcf[20-pymess_dense_nm_gmpcare-True-False-False-False-1-2]" time="0.000423431396484375"><skipped message="Suite splitting in effect" type="pytest.skip">src/pymortests/riccati.py:60: Suite splitting in effect</skipped></testcase><testcase classname="src.pymortests.riccati" file="src/pymortests/riccati.py" line="60" name="test_ricc_lrcf[20-pymess_dense_nm_gmpcare-True-False-False-False-2-1]" time="0.00042557716369628906"><skipped message="Suite splitting in effect" type="pytest.skip">src/pymortests/riccati.py:60: Suite splitting in effect</skipped></testcase><testcase classname="src.pymortests.riccati" file="src/pymortests/riccati.py" line="60" name="test_ricc_lrcf[20-pymess_dense_nm_gmpcare-True-False-False-False-2-2]" time="0.0004379749298095703"><skipped message="Suite splitting in effect" type="pytest.skip">src/pymortests/riccati.py:60: Suite splitting in effect</skipped></testcase><testcase classname="src.pymortests.riccati" file="src/pymortests/riccati.py" line="60" name="test_ricc_lrcf[20-pymess_dense_nm_gmpcare-True-False-False-True-1-1]" time="0.00043702125549316406"><skipped message="Suite splitting in effect" type="pytest.skip">src/pymortests/riccati.py:60: Suite splitting in effect</skipped></testcase><testcase classname="src.pymortests.riccati" file="src/pymortests/riccati.py" line="60" name="test_ricc_lrcf[20-pymess_dense_nm_gmpcare-True-False-False-True-1-2]" time="0.0004975795745849609"><skipped message="Suite splitting in effect" type="pytest.skip">src/pymortests/riccati.py:60: Suite splitting in effect</skipped></testcase><testcase classname="src.pymortests.riccati" file="src/pymortests/riccati.py" line="60" name="test_ricc_lrcf[20-pymess_dense_nm_gmpcare-True-False-False-True-2-1]" time="0.00040459632873535156"><skipped message="Suite splitting in effect" type="pytest.skip">src/pymortests/riccati.py:60: Suite splitting in effect</skipped></testcase><testcase classname="src.pymortests.riccati" file="src/pymortests/riccati.py" line="60" name="test_ricc_lrcf[20-pymess_dense_nm_gmpcare-True-False-False-True-2-2]" time="0.0004096031188964844"><skipped message="Suite splitting in effect" type="pytest.skip">src/pymortests/riccati.py:60: Suite splitting in effect</skipped></testcase><testcase classname="src.pymortests.riccati" file="src/pymortests/riccati.py" line="60" name="test_ricc_lrcf[20-pymess_dense_nm_gmpcare-True-True-False-False-1-1]" time="0.0003972053527832031"><skipped message="Suite splitting in effect" type="pytest.skip">src/pymortests/riccati.py:60: Suite splitting in effect</skipped></testcase><testcase classname="src.pymortests.riccati" file="src/pymortests/riccati.py" line="60" name="test_ricc_lrcf[20-pymess_dense_nm_gmpcare-True-True-False-False-1-2]" time="0.0004062652587890625"><skipped message="Suite splitting in effect" type="pytest.skip">src/pymortests/riccati.py:60: Suite splitting in effect</skipped></testcase><testcase classname="src.pymortests.riccati" file="src/pymortests/riccati.py" line="60" name="test_ricc_lrcf[20-pymess_dense_nm_gmpcare-True-True-False-False-2-1]" time="0.00045609474182128906"><skipped message="Suite splitting in effect" type="pytest.skip">src/pymortests/riccati.py:60: Suite splitting in effect</skipped></testcase><testcase classname="src.pymortests.riccati" file="src/pymortests/riccati.py" line="60" name="test_ricc_lrcf[20-pymess_dense_nm_gmpcare-True-True-False-False-2-2]" time="0.0004010200500488281"><skipped message="Suite splitting in effect" type="pytest.skip">src/pymortests/riccati.py:60: Suite splitting in effect</skipped></testcase><testcase classname="src.pymortests.riccati" file="src/pymortests/riccati.py" line="60" name="test_ricc_lrcf[20-pymess_dense_nm_gmpcare-True-True-False-True-1-1]" time="0.0005657672882080078"><skipped message="Suite splitting in effect" type="pytest.skip">src/pymortests/riccati.py:60: Suite splitting in effect</skipped></testcase><testcase classname="src.pymortests.riccati" file="src/pymortests/riccati.py" line="60" name="test_ricc_lrcf[20-pymess_dense_nm_gmpcare-True-True-False-True-1-2]" time="0.0005183219909667969"><skipped message="Suite splitting in effect" type="pytest.skip">src/pymortests/riccati.py:60: Suite splitting in effect</skipped></testcase><testcase classname="src.pymortests.riccati" file="src/pymortests/riccati.py" line="60" name="test_ricc_lrcf[20-pymess_dense_nm_gmpcare-True-True-False-True-2-1]" time="0.0005204677581787109"><skipped message="Suite splitting in effect" type="pytest.skip">src/pymortests/riccati.py:60: Suite splitting in effect</skipped></testcase><testcase classname="src.pymortests.riccati" file="src/pymortests/riccati.py" line="60" name="test_ricc_lrcf[20-pymess_dense_nm_gmpcare-True-True-False-True-2-2]" time="0.0004343986511230469"><skipped message="Suite splitting in effect" type="pytest.skip">src/pymortests/riccati.py:60: Suite splitting in effect</skipped></testcase><testcase classname="src.pymortests.riccati" file="src/pymortests/riccati.py" line="60" name="test_ricc_lrcf[20-pymess_dense_nm_gmpcare-True-True-True-False-1-1]" time="0.0004451274871826172"><skipped message="Suite splitting in effect" type="pytest.skip">src/pymortests/riccati.py:60: Suite splitting in effect</skipped></testcase><testcase classname="src.pymortests.riccati" file="src/pymortests/riccati.py" line="60" name="test_ricc_lrcf[20-pymess_dense_nm_gmpcare-True-True-True-False-1-2]" time="0.0008285045623779297"><skipped message="Suite splitting in effect" type="pytest.skip">src/pymortests/riccati.py:60: Suite splitting in effect</skipped></testcase><testcase classname="src.pymortests.riccati" file="src/pymortests/riccati.py" line="60" name="test_ricc_lrcf[20-pymess_dense_nm_gmpcare-True-True-True-False-2-1]" time="0.0006701946258544922"><skipped message="Suite splitting in effect" type="pytest.skip">src/pymortests/riccati.py:60: Suite splitting in effect</skipped></testcase><testcase classname="src.pymortests.riccati" file="src/pymortests/riccati.py" line="60" name="test_ricc_lrcf[20-pymess_dense_nm_gmpcare-True-True-True-False-2-2]" time="0.00047516822814941406"><skipped message="Suite splitting in effect" type="pytest.skip">src/pymortests/riccati.py:60: Suite splitting in effect</skipped></testcase><testcase classname="src.pymortests.riccati" file="src/pymortests/riccati.py" line="60" name="test_ricc_lrcf[20-pymess_dense_nm_gmpcare-True-True-True-True-1-1]" time="0.00040459632873535156"><skipped message="Suite splitting in effect" type="pytest.skip">src/pymortests/riccati.py:60: Suite splitting in effect</skipped></testcase><testcase classname="src.pymortests.riccati" file="src/pymortests/riccati.py" line="60" name="test_ricc_lrcf[20-pymess_dense_nm_gmpcare-True-True-True-True-1-2]" time="0.0004324913024902344"><skipped message="Suite splitting in effect" type="pytest.skip">src/pymortests/riccati.py:60: Suite splitting in effect</skipped></testcase><testcase classname="src.pymortests.riccati" file="src/pymortests/riccati.py" line="60" name="test_ricc_lrcf[20-pymess_dense_nm_gmpcare-True-True-True-True-2-1]" time="0.0004143714904785156"><skipped message="Suite splitting in effect" type="pytest.skip">src/pymortests/riccati.py:60: Suite splitting in effect</skipped></testcase><testcase classname="src.pymortests.riccati" file="src/pymortests/riccati.py" line="60" name="test_ricc_lrcf[20-pymess_dense_nm_gmpcare-True-True-True-True-2-2]" time="0.00042319297790527344"><skipped message="Suite splitting in effect" type="pytest.skip">src/pymortests/riccati.py:60: Suite splitting in effect</skipped></testcase><testcase classname="src.pymortests.riccati" file="src/pymortests/riccati.py" line="60" name="test_ricc_lrcf[200-pymess_lrnm-False-False-False-False-1-1]" time="0.0004658699035644531"><skipped message="Suite splitting in effect" type="pytest.skip">src/pymortests/riccati.py:60: Suite splitting in effect</skipped></testcase><testcase classname="src.pymortests.riccati" file="src/pymortests/riccati.py" line="60" name="test_ricc_lrcf[200-pymess_lrnm-False-False-False-False-1-2]" time="0.00054931640625"><skipped message="Suite splitting in effect" type="pytest.skip">src/pymortests/riccati.py:60: Suite splitting in effect</skipped></testcase><testcase classname="src.pymortests.riccati" file="src/pymortests/riccati.py" line="60" name="test_ricc_lrcf[200-pymess_lrnm-False-False-False-False-2-1]" time="0.0004668235778808594"><skipped message="Suite splitting in effect" type="pytest.skip">src/pymortests/riccati.py:60: Suite splitting in effect</skipped></testcase><testcase classname="src.pymortests.riccati" file="src/pymortests/riccati.py" line="60" name="test_ricc_lrcf[200-pymess_lrnm-False-False-False-False-2-2]" time="0.0004208087921142578"><skipped message="Suite splitting in effect" type="pytest.skip">src/pymortests/riccati.py:60: Suite splitting in effect</skipped></testcase><testcase classname="src.pymortests.riccati" file="src/pymortests/riccati.py" line="60" name="test_ricc_lrcf[200-pymess_lrnm-False-False-False-True-1-1]" time="0.00042366981506347656"><skipped message="Suite splitting in effect" type="pytest.skip">src/pymortests/riccati.py:60: Suite splitting in effect</skipped></testcase><testcase classname="src.pymortests.riccati" file="src/pymortests/riccati.py" line="60" name="test_ricc_lrcf[200-pymess_lrnm-False-False-False-True-1-2]" time="0.0004897117614746094"><skipped message="Suite splitting in effect" type="pytest.skip">src/pymortests/riccati.py:60: Suite splitting in effect</skipped></testcase><testcase classname="src.pymortests.riccati" file="src/pymortests/riccati.py" line="60" name="test_ricc_lrcf[200-pymess_lrnm-False-False-False-True-2-1]" time="0.0004487037658691406"><skipped message="Suite splitting in effect" type="pytest.skip">src/pymortests/riccati.py:60: Suite splitting in effect</skipped></testcase><testcase classname="src.pymortests.riccati" file="src/pymortests/riccati.py" line="60" name="test_ricc_lrcf[200-pymess_lrnm-False-False-False-True-2-2]" time="0.0005385875701904297"><skipped message="Suite splitting in effect" type="pytest.skip">src/pymortests/riccati.py:60: Suite splitting in effect</skipped></testcase><testcase classname="src.pymortests.riccati" file="src/pymortests/riccati.py" line="60" name="test_ricc_lrcf[200-pymess_lrnm-False-True-False-False-1-1]" time="0.0004723072052001953"><skipped message="Suite splitting in effect" type="pytest.skip">src/pymortests/riccati.py:60: Suite splitting in effect</skipped></testcase><testcase classname="src.pymortests.riccati" file="src/pymortests/riccati.py" line="60" name="test_ricc_lrcf[200-pymess_lrnm-False-True-False-False-1-2]" time="0.0007047653198242188"><skipped message="Suite splitting in effect" type="pytest.skip">src/pymortests/riccati.py:60: Suite splitting in effect</skipped></testcase><testcase classname="src.pymortests.riccati" file="src/pymortests/riccati.py" line="60" name="test_ricc_lrcf[200-pymess_lrnm-False-True-False-False-2-1]" time="0.0004773139953613281"><skipped message="Suite splitting in effect" type="pytest.skip">src/pymortests/riccati.py:60: Suite splitting in effect</skipped></testcase><testcase classname="src.pymortests.riccati" file="src/pymortests/riccati.py" line="60" name="test_ricc_lrcf[200-pymess_lrnm-False-True-False-False-2-2]" time="0.0006771087646484375"><skipped message="Suite splitting in effect" type="pytest.skip">src/pymortests/riccati.py:60: Suite splitting in effect</skipped></testcase><testcase classname="src.pymortests.riccati" file="src/pymortests/riccati.py" line="60" name="test_ricc_lrcf[200-pymess_lrnm-False-True-False-True-1-1]" time="0.0006198883056640625"><skipped message="Suite splitting in effect" type="pytest.skip">src/pymortests/riccati.py:60: Suite splitting in effect</skipped></testcase><testcase classname="src.pymortests.riccati" file="src/pymortests/riccati.py" line="60" name="test_ricc_lrcf[200-pymess_lrnm-False-True-False-True-1-2]" time="0.0005159378051757812"><skipped message="Suite splitting in effect" type="pytest.skip">src/pymortests/riccati.py:60: Suite splitting in effect</skipped></testcase><testcase classname="src.pymortests.riccati" file="src/pymortests/riccati.py" line="60" name="test_ricc_lrcf[200-pymess_lrnm-False-True-False-True-2-1]" time="0.0007774829864501953"><skipped message="Suite splitting in effect" type="pytest.skip">src/pymortests/riccati.py:60: Suite splitting in effect</skipped></testcase><testcase classname="src.pymortests.riccati" file="src/pymortests/riccati.py" line="60" name="test_ricc_lrcf[200-pymess_lrnm-False-True-False-True-2-2]" time="0.0008990764617919922"><skipped message="Suite splitting in effect" type="pytest.skip">src/pymortests/riccati.py:60: Suite splitting in effect</skipped></testcase><testcase classname="src.pymortests.riccati" file="src/pymortests/riccati.py" line="60" name="test_ricc_lrcf[200-pymess_lrnm-False-True-True-False-1-1]" time="0.0004851818084716797"><skipped message="Suite splitting in effect" type="pytest.skip">src/pymortests/riccati.py:60: Suite splitting in effect</skipped></testcase><testcase classname="src.pymortests.riccati" file="src/pymortests/riccati.py" line="60" name="test_ricc_lrcf[200-pymess_lrnm-False-True-True-False-1-2]" time="0.000446319580078125"><skipped message="Suite splitting in effect" type="pytest.skip">src/pymortests/riccati.py:60: Suite splitting in effect</skipped></testcase><testcase classname="src.pymortests.riccati" file="src/pymortests/riccati.py" line="60" name="test_ricc_lrcf[200-pymess_lrnm-False-True-True-False-2-1]" time="0.0004489421844482422"><skipped message="Suite splitting in effect" type="pytest.skip">src/pymortests/riccati.py:60: Suite splitting in effect</skipped></testcase><testcase classname="src.pymortests.riccati" file="src/pymortests/riccati.py" line="60" name="test_ricc_lrcf[200-pymess_lrnm-False-True-True-False-2-2]" time="0.0004146099090576172"><skipped message="Suite splitting in effect" type="pytest.skip">src/pymortests/riccati.py:60: Suite splitting in effect</skipped></testcase><testcase classname="src.pymortests.riccati" file="src/pymortests/riccati.py" line="60" name="test_ricc_lrcf[200-pymess_lrnm-False-True-True-True-1-1]" time="0.00043964385986328125"><skipped message="Suite splitting in effect" type="pytest.skip">src/pymortests/riccati.py:60: Suite splitting in effect</skipped></testcase><testcase classname="src.pymortests.riccati" file="src/pymortests/riccati.py" line="60" name="test_ricc_lrcf[200-pymess_lrnm-False-True-True-True-1-2]" time="0.0004780292510986328"><skipped message="Suite splitting in effect" type="pytest.skip">src/pymortests/riccati.py:60: Suite splitting in effect</skipped></testcase><testcase classname="src.pymortests.riccati" file="src/pymortests/riccati.py" line="60" name="test_ricc_lrcf[200-pymess_lrnm-False-True-True-True-2-1]" time="0.000469207763671875"><skipped message="Suite splitting in effect" type="pytest.skip">src/pymortests/riccati.py:60: Suite splitting in effect</skipped></testcase><testcase classname="src.pymortests.riccati" file="src/pymortests/riccati.py" line="60" name="test_ricc_lrcf[200-pymess_lrnm-False-True-True-True-2-2]" time="0.0004305839538574219"><skipped message="Suite splitting in effect" type="pytest.skip">src/pymortests/riccati.py:60: Suite splitting in effect</skipped></testcase><testcase classname="src.pymortests.riccati" file="src/pymortests/riccati.py" line="60" name="test_ricc_lrcf[200-pymess_lrnm-True-False-False-False-1-1]" time="0.0004458427429199219"><skipped message="Suite splitting in effect" type="pytest.skip">src/pymortests/riccati.py:60: Suite splitting in effect</skipped></testcase><testcase classname="src.pymortests.riccati" file="src/pymortests/riccati.py" line="60" name="test_ricc_lrcf[200-pymess_lrnm-True-False-False-False-1-2]" time="0.00042366981506347656"><skipped message="Suite splitting in effect" type="pytest.skip">src/pymortests/riccati.py:60: Suite splitting in effect</skipped></testcase><testcase classname="src.pymortests.riccati" file="src/pymortests/riccati.py" line="60" name="test_ricc_lrcf[200-pymess_lrnm-True-False-False-False-2-1]" time="0.0004382133483886719"><skipped message="Suite splitting in effect" type="pytest.skip">src/pymortests/riccati.py:60: Suite splitting in effect</skipped></testcase><testcase classname="src.pymortests.riccati" file="src/pymortests/riccati.py" line="60" name="test_ricc_lrcf[200-pymess_lrnm-True-False-False-False-2-2]" time="0.00039958953857421875"><skipped message="Suite splitting in effect" type="pytest.skip">src/pymortests/riccati.py:60: Suite splitting in effect</skipped></testcase><testcase classname="src.pymortests.riccati" file="src/pymortests/riccati.py" line="60" name="test_ricc_lrcf[200-pymess_lrnm-True-False-False-True-1-1]" time="0.00044536590576171875"><skipped message="Suite splitting in effect" type="pytest.skip">src/pymortests/riccati.py:60: Suite splitting in effect</skipped></testcase><testcase classname="src.pymortests.riccati" file="src/pymortests/riccati.py" line="60" name="test_ricc_lrcf[200-pymess_lrnm-True-False-False-True-1-2]" time="0.0004062652587890625"><skipped message="Suite splitting in effect" type="pytest.skip">src/pymortests/riccati.py:60: Suite splitting in effect</skipped></testcase><testcase classname="src.pymortests.riccati" file="src/pymortests/riccati.py" line="60" name="test_ricc_lrcf[200-pymess_lrnm-True-False-False-True-2-1]" time="0.0004513263702392578"><skipped message="Suite splitting in effect" type="pytest.skip">src/pymortests/riccati.py:60: Suite splitting in effect</skipped></testcase><testcase classname="src.pymortests.riccati" file="src/pymortests/riccati.py" line="60" name="test_ricc_lrcf[200-pymess_lrnm-True-False-False-True-2-2]" time="0.0005447864532470703"><skipped message="Suite splitting in effect" type="pytest.skip">src/pymortests/riccati.py:60: Suite splitting in effect</skipped></testcase><testcase classname="src.pymortests.riccati" file="src/pymortests/riccati.py" line="60" name="test_ricc_lrcf[200-pymess_lrnm-True-True-False-False-1-1]" time="0.0006537437438964844"><skipped message="Suite splitting in effect" type="pytest.skip">src/pymortests/riccati.py:60: Suite splitting in effect</skipped></testcase><testcase classname="src.pymortests.riccati" file="src/pymortests/riccati.py" line="60" name="test_ricc_lrcf[200-pymess_lrnm-True-True-False-False-1-2]" time="0.000438690185546875"><skipped message="Suite splitting in effect" type="pytest.skip">src/pymortests/riccati.py:60: Suite splitting in effect</skipped></testcase><testcase classname="src.pymortests.riccati" file="src/pymortests/riccati.py" line="60" name="test_ricc_lrcf[200-pymess_lrnm-True-True-False-False-2-1]" time="0.00040078163146972656"><skipped message="Suite splitting in effect" type="pytest.skip">src/pymortests/riccati.py:60: Suite splitting in effect</skipped></testcase><testcase classname="src.pymortests.riccati" file="src/pymortests/riccati.py" line="60" name="test_ricc_lrcf[200-pymess_lrnm-True-True-False-False-2-2]" time="0.0004413127899169922"><skipped message="Suite splitting in effect" type="pytest.skip">src/pymortests/riccati.py:60: Suite splitting in effect</skipped></testcase><testcase classname="src.pymortests.riccati" file="src/pymortests/riccati.py" line="60" name="test_ricc_lrcf[200-pymess_lrnm-True-True-False-True-1-1]" time="0.00044274330139160156"><skipped message="Suite splitting in effect" type="pytest.skip">src/pymortests/riccati.py:60: Suite splitting in effect</skipped></testcase><testcase classname="src.pymortests.riccati" file="src/pymortests/riccati.py" line="60" name="test_ricc_lrcf[200-pymess_lrnm-True-True-False-True-1-2]" time="0.0005145072937011719"><skipped message="Suite splitting in effect" type="pytest.skip">src/pymortests/riccati.py:60: Suite splitting in effect</skipped></testcase><testcase classname="src.pymortests.riccati" file="src/pymortests/riccati.py" line="60" name="test_ricc_lrcf[200-pymess_lrnm-True-True-False-True-2-1]" time="0.0004794597625732422"><skipped message="Suite splitting in effect" type="pytest.skip">src/pymortests/riccati.py:60: Suite splitting in effect</skipped></testcase><testcase classname="src.pymortests.riccati" file="src/pymortests/riccati.py" line="60" name="test_ricc_lrcf[200-pymess_lrnm-True-True-False-True-2-2]" time="0.0004904270172119141"><skipped message="Suite splitting in effect" type="pytest.skip">src/pymortests/riccati.py:60: Suite splitting in effect</skipped></testcase><testcase classname="src.pymortests.riccati" file="src/pymortests/riccati.py" line="60" name="test_ricc_lrcf[200-pymess_lrnm-True-True-True-False-1-1]" time="0.00043272972106933594"><skipped message="Suite splitting in effect" type="pytest.skip">src/pymortests/riccati.py:60: Suite splitting in effect</skipped></testcase><testcase classname="src.pymortests.riccati" file="src/pymortests/riccati.py" line="60" name="test_ricc_lrcf[200-pymess_lrnm-True-True-True-False-1-2]" time="0.0004024505615234375"><skipped message="Suite splitting in effect" type="pytest.skip">src/pymortests/riccati.py:60: Suite splitting in effect</skipped></testcase><testcase classname="src.pymortests.riccati" file="src/pymortests/riccati.py" line="60" name="test_ricc_lrcf[200-pymess_lrnm-True-True-True-False-2-1]" time="0.0004177093505859375"><skipped message="Suite splitting in effect" type="pytest.skip">src/pymortests/riccati.py:60: Suite splitting in effect</skipped></testcase><testcase classname="src.pymortests.riccati" file="src/pymortests/riccati.py" line="60" name="test_ricc_lrcf[200-pymess_lrnm-True-True-True-False-2-2]" time="0.0003991127014160156"><skipped message="Suite splitting in effect" type="pytest.skip">src/pymortests/riccati.py:60: Suite splitting in effect</skipped></testcase><testcase classname="src.pymortests.riccati" file="src/pymortests/riccati.py" line="60" name="test_ricc_lrcf[200-pymess_lrnm-True-True-True-True-1-1]" time="0.00047707557678222656"><skipped message="Suite splitting in effect" type="pytest.skip">src/pymortests/riccati.py:60: Suite splitting in effect</skipped></testcase><testcase classname="src.pymortests.riccati" file="src/pymortests/riccati.py" line="60" name="test_ricc_lrcf[200-pymess_lrnm-True-True-True-True-1-2]" time="0.0004279613494873047"><skipped message="Suite splitting in effect" type="pytest.skip">src/pymortests/riccati.py:60: Suite splitting in effect</skipped></testcase><testcase classname="src.pymortests.riccati" file="src/pymortests/riccati.py" line="60" name="test_ricc_lrcf[200-pymess_lrnm-True-True-True-True-2-1]" time="0.000423431396484375"><skipped message="Suite splitting in effect" type="pytest.skip">src/pymortests/riccati.py:60: Suite splitting in effect</skipped></testcase><testcase classname="src.pymortests.riccati" file="src/pymortests/riccati.py" line="60" name="test_ricc_lrcf[200-pymess_lrnm-True-True-True-True-2-2]" time="0.0004553794860839844"><skipped message="Suite splitting in effect" type="pytest.skip">src/pymortests/riccati.py:60: Suite splitting in effect</skipped></testcase><testcase classname="src.pymortests.riccati" file="src/pymortests/riccati.py" line="60" name="test_ricc_lrcf[300-pymess_lrnm-False-False-False-False-1-1]" time="0.00046539306640625"><skipped message="Suite splitting in effect" type="pytest.skip">src/pymortests/riccati.py:60: Suite splitting in effect</skipped></testcase><testcase classname="src.pymortests.riccati" file="src/pymortests/riccati.py" line="60" name="test_ricc_lrcf[300-pymess_lrnm-False-False-False-False-1-2]" time="0.000400543212890625"><skipped message="Suite splitting in effect" type="pytest.skip">src/pymortests/riccati.py:60: Suite splitting in effect</skipped></testcase><testcase classname="src.pymortests.riccati" file="src/pymortests/riccati.py" line="60" name="test_ricc_lrcf[300-pymess_lrnm-False-False-False-False-2-1]" time="0.0004513263702392578"><skipped message="Suite splitting in effect" type="pytest.skip">src/pymortests/riccati.py:60: Suite splitting in effect</skipped></testcase><testcase classname="src.pymortests.riccati" file="src/pymortests/riccati.py" line="60" name="test_ricc_lrcf[300-pymess_lrnm-False-False-False-False-2-2]" time="0.0016102790832519531"><skipped message="Suite splitting in effect" type="pytest.skip">src/pymortests/riccati.py:60: Suite splitting in effect</skipped></testcase><testcase classname="src.pymortests.riccati" file="src/pymortests/riccati.py" line="60" name="test_ricc_lrcf[300-pymess_lrnm-False-False-False-True-1-1]" time="0.0005540847778320312"><skipped message="Suite splitting in effect" type="pytest.skip">src/pymortests/riccati.py:60: Suite splitting in effect</skipped></testcase><testcase classname="src.pymortests.riccati" file="src/pymortests/riccati.py" line="60" name="test_ricc_lrcf[300-pymess_lrnm-False-False-False-True-1-2]" time="0.0004146099090576172"><skipped message="Suite splitting in effect" type="pytest.skip">src/pymortests/riccati.py:60: Suite splitting in effect</skipped></testcase><testcase classname="src.pymortests.riccati" file="src/pymortests/riccati.py" line="60" name="test_ricc_lrcf[300-pymess_lrnm-False-False-False-True-2-1]" time="0.0004780292510986328"><skipped message="Suite splitting in effect" type="pytest.skip">src/pymortests/riccati.py:60: Suite splitting in effect</skipped></testcase><testcase classname="src.pymortests.riccati" file="src/pymortests/riccati.py" line="60" name="test_ricc_lrcf[300-pymess_lrnm-False-False-False-True-2-2]" time="0.0004906654357910156"><skipped message="Suite splitting in effect" type="pytest.skip">src/pymortests/riccati.py:60: Suite splitting in effect</skipped></testcase><testcase classname="src.pymortests.riccati" file="src/pymortests/riccati.py" line="60" name="test_ricc_lrcf[300-pymess_lrnm-False-True-False-False-1-1]" time="0.0005009174346923828"><skipped message="Suite splitting in effect" type="pytest.skip">src/pymortests/riccati.py:60: Suite splitting in effect</skipped></testcase><testcase classname="src.pymortests.riccati" file="src/pymortests/riccati.py" line="60" name="test_ricc_lrcf[300-pymess_lrnm-False-True-False-False-1-2]" time="0.0004885196685791016"><skipped message="Suite splitting in effect" type="pytest.skip">src/pymortests/riccati.py:60: Suite splitting in effect</skipped></testcase><testcase classname="src.pymortests.riccati" file="src/pymortests/riccati.py" line="60" name="test_ricc_lrcf[300-pymess_lrnm-False-True-False-False-2-1]" time="0.0004165172576904297"><skipped message="Suite splitting in effect" type="pytest.skip">src/pymortests/riccati.py:60: Suite splitting in effect</skipped></testcase><testcase classname="src.pymortests.riccati" file="src/pymortests/riccati.py" line="60" name="test_ricc_lrcf[300-pymess_lrnm-False-True-False-False-2-2]" time="0.00042557716369628906"><skipped message="Suite splitting in effect" type="pytest.skip">src/pymortests/riccati.py:60: Suite splitting in effect</skipped></testcase><testcase classname="src.pymortests.riccati" file="src/pymortests/riccati.py" line="60" name="test_ricc_lrcf[300-pymess_lrnm-False-True-False-True-1-1]" time="0.0004153251647949219"><skipped message="Suite splitting in effect" type="pytest.skip">src/pymortests/riccati.py:60: Suite splitting in effect</skipped></testcase><testcase classname="src.pymortests.riccati" file="src/pymortests/riccati.py" line="60" name="test_ricc_lrcf[300-pymess_lrnm-False-True-False-True-1-2]" time="0.0004181861877441406"><skipped message="Suite splitting in effect" type="pytest.skip">src/pymortests/riccati.py:60: Suite splitting in effect</skipped></testcase><testcase classname="src.pymortests.riccati" file="src/pymortests/riccati.py" line="60" name="test_ricc_lrcf[300-pymess_lrnm-False-True-False-True-2-1]" time="0.0004315376281738281"><skipped message="Suite splitting in effect" type="pytest.skip">src/pymortests/riccati.py:60: Suite splitting in effect</skipped></testcase><testcase classname="src.pymortests.riccati" file="src/pymortests/riccati.py" line="60" name="test_ricc_lrcf[300-pymess_lrnm-False-True-False-True-2-2]" time="0.0004305839538574219"><skipped message="Suite splitting in effect" type="pytest.skip">src/pymortests/riccati.py:60: Suite splitting in effect</skipped></testcase><testcase classname="src.pymortests.riccati" file="src/pymortests/riccati.py" line="60" name="test_ricc_lrcf[300-pymess_lrnm-False-True-True-False-1-1]" time="0.00041294097900390625"><skipped message="Suite splitting in effect" type="pytest.skip">src/pymortests/riccati.py:60: Suite splitting in effect</skipped></testcase><testcase classname="src.pymortests.riccati" file="src/pymortests/riccati.py" line="60" name="test_ricc_lrcf[300-pymess_lrnm-False-True-True-False-1-2]" time="0.00043272972106933594"><skipped message="Suite splitting in effect" type="pytest.skip">src/pymortests/riccati.py:60: Suite splitting in effect</skipped></testcase><testcase classname="src.pymortests.riccati" file="src/pymortests/riccati.py" line="60" name="test_ricc_lrcf[300-pymess_lrnm-False-True-True-False-2-1]" time="0.0004553794860839844"><skipped message="Suite splitting in effect" type="pytest.skip">src/pymortests/riccati.py:60: Suite splitting in effect</skipped></testcase><testcase classname="src.pymortests.riccati" file="src/pymortests/riccati.py" line="60" name="test_ricc_lrcf[300-pymess_lrnm-False-True-True-False-2-2]" time="0.0005104541778564453"><skipped message="Suite splitting in effect" type="pytest.skip">src/pymortests/riccati.py:60: Suite splitting in effect</skipped></testcase><testcase classname="src.pymortests.riccati" file="src/pymortests/riccati.py" line="60" name="test_ricc_lrcf[300-pymess_lrnm-False-True-True-True-1-1]" time="0.0006041526794433594"><skipped message="Suite splitting in effect" type="pytest.skip">src/pymortests/riccati.py:60: Suite splitting in effect</skipped></testcase><testcase classname="src.pymortests.riccati" file="src/pymortests/riccati.py" line="60" name="test_ricc_lrcf[300-pymess_lrnm-False-True-True-True-1-2]" time="0.0004394054412841797"><skipped message="Suite splitting in effect" type="pytest.skip">src/pymortests/riccati.py:60: Suite splitting in effect</skipped></testcase><testcase classname="src.pymortests.riccati" file="src/pymortests/riccati.py" line="60" name="test_ricc_lrcf[300-pymess_lrnm-False-True-True-True-2-1]" time="0.0004553794860839844"><skipped message="Suite splitting in effect" type="pytest.skip">src/pymortests/riccati.py:60: Suite splitting in effect</skipped></testcase><testcase classname="src.pymortests.riccati" file="src/pymortests/riccati.py" line="60" name="test_ricc_lrcf[300-pymess_lrnm-False-True-True-True-2-2]" time="0.0004298686981201172"><skipped message="Suite splitting in effect" type="pytest.skip">src/pymortests/riccati.py:60: Suite splitting in effect</skipped></testcase><testcase classname="src.pymortests.riccati" file="src/pymortests/riccati.py" line="60" name="test_ricc_lrcf[300-pymess_lrnm-True-False-False-False-1-1]" time="0.00043272972106933594"><skipped message="Suite splitting in effect" type="pytest.skip">src/pymortests/riccati.py:60: Suite splitting in effect</skipped></testcase><testcase classname="src.pymortests.riccati" file="src/pymortests/riccati.py" line="60" name="test_ricc_lrcf[300-pymess_lrnm-True-False-False-False-1-2]" time="0.0005366802215576172"><skipped message="Suite splitting in effect" type="pytest.skip">src/pymortests/riccati.py:60: Suite splitting in effect</skipped></testcase><testcase classname="src.pymortests.riccati" file="src/pymortests/riccati.py" line="60" name="test_ricc_lrcf[300-pymess_lrnm-True-False-False-False-2-1]" time="0.000408172607421875"><skipped message="Suite splitting in effect" type="pytest.skip">src/pymortests/riccati.py:60: Suite splitting in effect</skipped></testcase><testcase classname="src.pymortests.riccati" file="src/pymortests/riccati.py" line="60" name="test_ricc_lrcf[300-pymess_lrnm-True-False-False-False-2-2]" time="0.00046706199645996094"><skipped message="Suite splitting in effect" type="pytest.skip">src/pymortests/riccati.py:60: Suite splitting in effect</skipped></testcase><testcase classname="src.pymortests.riccati" file="src/pymortests/riccati.py" line="60" name="test_ricc_lrcf[300-pymess_lrnm-True-False-False-True-1-1]" time="0.0004353523254394531"><skipped message="Suite splitting in effect" type="pytest.skip">src/pymortests/riccati.py:60: Suite splitting in effect</skipped></testcase><testcase classname="src.pymortests.riccati" file="src/pymortests/riccati.py" line="60" name="test_ricc_lrcf[300-pymess_lrnm-True-False-False-True-1-2]" time="0.0005152225494384766"><skipped message="Suite splitting in effect" type="pytest.skip">src/pymortests/riccati.py:60: Suite splitting in effect</skipped></testcase><testcase classname="src.pymortests.riccati" file="src/pymortests/riccati.py" line="60" name="test_ricc_lrcf[300-pymess_lrnm-True-False-False-True-2-1]" time="0.00041365623474121094"><skipped message="Suite splitting in effect" type="pytest.skip">src/pymortests/riccati.py:60: Suite splitting in effect</skipped></testcase><testcase classname="src.pymortests.riccati" file="src/pymortests/riccati.py" line="60" name="test_ricc_lrcf[300-pymess_lrnm-True-False-False-True-2-2]" time="0.0004458427429199219"><skipped message="Suite splitting in effect" type="pytest.skip">src/pymortests/riccati.py:60: Suite splitting in effect</skipped></testcase><testcase classname="src.pymortests.riccati" file="src/pymortests/riccati.py" line="60" name="test_ricc_lrcf[300-pymess_lrnm-True-True-False-False-1-1]" time="0.00044536590576171875"><skipped message="Suite splitting in effect" type="pytest.skip">src/pymortests/riccati.py:60: Suite splitting in effect</skipped></testcase><testcase classname="src.pymortests.riccati" file="src/pymortests/riccati.py" line="60" name="test_ricc_lrcf[300-pymess_lrnm-True-True-False-False-1-2]" time="0.0004661083221435547"><skipped message="Suite splitting in effect" type="pytest.skip">src/pymortests/riccati.py:60: Suite splitting in effect</skipped></testcase><testcase classname="src.pymortests.riccati" file="src/pymortests/riccati.py" line="60" name="test_ricc_lrcf[300-pymess_lrnm-True-True-False-False-2-1]" time="0.000438690185546875"><skipped message="Suite splitting in effect" type="pytest.skip">src/pymortests/riccati.py:60: Suite splitting in effect</skipped></testcase><testcase classname="src.pymortests.riccati" file="src/pymortests/riccati.py" line="60" name="test_ricc_lrcf[300-pymess_lrnm-True-True-False-False-2-2]" time="0.0004432201385498047"><skipped message="Suite splitting in effect" type="pytest.skip">src/pymortests/riccati.py:60: Suite splitting in effect</skipped></testcase><testcase classname="src.pymortests.riccati" file="src/pymortests/riccati.py" line="60" name="test_ricc_lrcf[300-pymess_lrnm-True-True-False-True-1-1]" time="0.00044345855712890625"><skipped message="Suite splitting in effect" type="pytest.skip">src/pymortests/riccati.py:60: Suite splitting in effect</skipped></testcase><testcase classname="src.pymortests.riccati" file="src/pymortests/riccati.py" line="60" name="test_ricc_lrcf[300-pymess_lrnm-True-True-False-True-1-2]" time="0.0004754066467285156"><skipped message="Suite splitting in effect" type="pytest.skip">src/pymortests/riccati.py:60: Suite splitting in effect</skipped></testcase><testcase classname="src.pymortests.riccati" file="src/pymortests/riccati.py" line="60" name="test_ricc_lrcf[300-pymess_lrnm-True-True-False-True-2-1]" time="0.0005791187286376953"><skipped message="Suite splitting in effect" type="pytest.skip">src/pymortests/riccati.py:60: Suite splitting in effect</skipped></testcase><testcase classname="src.pymortests.riccati" file="src/pymortests/riccati.py" line="60" name="test_ricc_lrcf[300-pymess_lrnm-True-True-False-True-2-2]" time="0.00041675567626953125"><skipped message="Suite splitting in effect" type="pytest.skip">src/pymortests/riccati.py:60: Suite splitting in effect</skipped></testcase><testcase classname="src.pymortests.riccati" file="src/pymortests/riccati.py" line="60" name="test_ricc_lrcf[300-pymess_lrnm-True-True-True-False-1-1]" time="0.0007855892181396484"><skipped message="Suite splitting in effect" type="pytest.skip">src/pymortests/riccati.py:60: Suite splitting in effect</skipped></testcase><testcase classname="src.pymortests.riccati" file="src/pymortests/riccati.py" line="60" name="test_ricc_lrcf[300-pymess_lrnm-True-True-True-False-1-2]" time="0.0004239082336425781"><skipped message="Suite splitting in effect" type="pytest.skip">src/pymortests/riccati.py:60: Suite splitting in effect</skipped></testcase><testcase classname="src.pymortests.riccati" file="src/pymortests/riccati.py" line="60" name="test_ricc_lrcf[300-pymess_lrnm-True-True-True-False-2-1]" time="0.0004940032958984375"><skipped message="Suite splitting in effect" type="pytest.skip">src/pymortests/riccati.py:60: Suite splitting in effect</skipped></testcase><testcase classname="src.pymortests.riccati" file="src/pymortests/riccati.py" line="60" name="test_ricc_lrcf[300-pymess_lrnm-True-True-True-False-2-2]" time="0.0004372596740722656"><skipped message="Suite splitting in effect" type="pytest.skip">src/pymortests/riccati.py:60: Suite splitting in effect</skipped></testcase><testcase classname="src.pymortests.riccati" file="src/pymortests/riccati.py" line="60" name="test_ricc_lrcf[300-pymess_lrnm-True-True-True-True-1-1]" time="0.0004677772521972656"><skipped message="Suite splitting in effect" type="pytest.skip">src/pymortests/riccati.py:60: Suite splitting in effect</skipped></testcase><testcase classname="src.pymortests.riccati" file="src/pymortests/riccati.py" line="60" name="test_ricc_lrcf[300-pymess_lrnm-True-True-True-True-1-2]" time="0.00044155120849609375"><skipped message="Suite splitting in effect" type="pytest.skip">src/pymortests/riccati.py:60: Suite splitting in effect</skipped></testcase><testcase classname="src.pymortests.riccati" file="src/pymortests/riccati.py" line="60" name="test_ricc_lrcf[300-pymess_lrnm-True-True-True-True-2-1]" time="0.0004107952117919922"><skipped message="Suite splitting in effect" type="pytest.skip">src/pymortests/riccati.py:60: Suite splitting in effect</skipped></testcase><testcase classname="src.pymortests.riccati" file="src/pymortests/riccati.py" line="60" name="test_ricc_lrcf[300-pymess_lrnm-True-True-True-True-2-2]" time="0.0004374980926513672"><skipped message="Suite splitting in effect" type="pytest.skip">src/pymortests/riccati.py:60: Suite splitting in effect</skipped></testcase><testcase classname="src.pymortests.riccati" file="src/pymortests/riccati.py" line="105" name="test_pos_ricc_lrcf[scipy-False-False-False-False-1-1-10]" time="0.0004723072052001953"><skipped message="Suite splitting in effect" type="pytest.skip">src/pymortests/riccati.py:105: Suite splitting in effect</skipped></testcase><testcase classname="src.pymortests.riccati" file="src/pymortests/riccati.py" line="105" name="test_pos_ricc_lrcf[scipy-False-False-False-False-1-1-20]" time="0.0004239082336425781"><skipped message="Suite splitting in effect" type="pytest.skip">src/pymortests/riccati.py:105: Suite splitting in effect</skipped></testcase><testcase classname="src.pymortests.riccati" file="src/pymortests/riccati.py" line="105" name="test_pos_ricc_lrcf[scipy-False-False-False-False-1-2-10]" time="0.00046253204345703125"><skipped message="Suite splitting in effect" type="pytest.skip">src/pymortests/riccati.py:105: Suite splitting in effect</skipped></testcase><testcase classname="src.pymortests.riccati" file="src/pymortests/riccati.py" line="105" name="test_pos_ricc_lrcf[scipy-False-False-False-False-1-2-20]" time="0.00040411949157714844"><skipped message="Suite splitting in effect" type="pytest.skip">src/pymortests/riccati.py:105: Suite splitting in effect</skipped></testcase><testcase classname="src.pymortests.riccati" file="src/pymortests/riccati.py" line="105" name="test_pos_ricc_lrcf[scipy-False-False-False-False-2-1-10]" time="0.00042748451232910156"><skipped message="Suite splitting in effect" type="pytest.skip">src/pymortests/riccati.py:105: Suite splitting in effect</skipped></testcase><testcase classname="src.pymortests.riccati" file="src/pymortests/riccati.py" line="105" name="test_pos_ricc_lrcf[scipy-False-False-False-False-2-1-20]" time="0.00046825408935546875"><skipped message="Suite splitting in effect" type="pytest.skip">src/pymortests/riccati.py:105: Suite splitting in effect</skipped></testcase><testcase classname="src.pymortests.riccati" file="src/pymortests/riccati.py" line="105" name="test_pos_ricc_lrcf[scipy-False-False-False-False-2-2-10]" time="0.00047397613525390625"><skipped message="Suite splitting in effect" type="pytest.skip">src/pymortests/riccati.py:105: Suite splitting in effect</skipped></testcase><testcase classname="src.pymortests.riccati" file="src/pymortests/riccati.py" line="105" name="test_pos_ricc_lrcf[scipy-False-False-False-False-2-2-20]" time="0.00043082237243652344"><skipped message="Suite splitting in effect" type="pytest.skip">src/pymortests/riccati.py:105: Suite splitting in effect</skipped></testcase><testcase classname="src.pymortests.riccati" file="src/pymortests/riccati.py" line="105" name="test_pos_ricc_lrcf[scipy-False-False-False-True-1-1-10]" time="0.0004582405090332031"><skipped message="Suite splitting in effect" type="pytest.skip">src/pymortests/riccati.py:105: Suite splitting in effect</skipped></testcase><testcase classname="src.pymortests.riccati" file="src/pymortests/riccati.py" line="105" name="test_pos_ricc_lrcf[scipy-False-False-False-True-1-1-20]" time="0.00045561790466308594"><skipped message="Suite splitting in effect" type="pytest.skip">src/pymortests/riccati.py:105: Suite splitting in effect</skipped></testcase><testcase classname="src.pymortests.riccati" file="src/pymortests/riccati.py" line="105" name="test_pos_ricc_lrcf[scipy-False-False-False-True-1-2-10]" time="0.0004184246063232422"><skipped message="Suite splitting in effect" type="pytest.skip">src/pymortests/riccati.py:105: Suite splitting in effect</skipped></testcase><testcase classname="src.pymortests.riccati" file="src/pymortests/riccati.py" line="105" name="test_pos_ricc_lrcf[scipy-False-False-False-True-1-2-20]" time="0.00042510032653808594"><skipped message="Suite splitting in effect" type="pytest.skip">src/pymortests/riccati.py:105: Suite splitting in effect</skipped></testcase><testcase classname="src.pymortests.riccati" file="src/pymortests/riccati.py" line="105" name="test_pos_ricc_lrcf[scipy-False-False-False-True-2-1-10]" time="0.0004680156707763672"><skipped message="Suite splitting in effect" type="pytest.skip">src/pymortests/riccati.py:105: Suite splitting in effect</skipped></testcase><testcase classname="src.pymortests.riccati" file="src/pymortests/riccati.py" line="105" name="test_pos_ricc_lrcf[scipy-False-False-False-True-2-1-20]" time="0.0004942417144775391"><skipped message="Suite splitting in effect" type="pytest.skip">src/pymortests/riccati.py:105: Suite splitting in effect</skipped></testcase><testcase classname="src.pymortests.riccati" file="src/pymortests/riccati.py" line="105" name="test_pos_ricc_lrcf[scipy-False-False-False-True-2-2-10]" time="0.0004930496215820312"><skipped message="Suite splitting in effect" type="pytest.skip">src/pymortests/riccati.py:105: Suite splitting in effect</skipped></testcase><testcase classname="src.pymortests.riccati" file="src/pymortests/riccati.py" line="105" name="test_pos_ricc_lrcf[scipy-False-False-False-True-2-2-20]" time="0.0004494190216064453"><skipped message="Suite splitting in effect" type="pytest.skip">src/pymortests/riccati.py:105: Suite splitting in effect</skipped></testcase><testcase classname="src.pymortests.riccati" file="src/pymortests/riccati.py" line="105" name="test_pos_ricc_lrcf[scipy-False-True-False-False-1-1-10]" time="0.0005431175231933594"><skipped message="Suite splitting in effect" type="pytest.skip">src/pymortests/riccati.py:105: Suite splitting in effect</skipped></testcase><testcase classname="src.pymortests.riccati" file="src/pymortests/riccati.py" line="105" name="test_pos_ricc_lrcf[scipy-False-True-False-False-1-1-20]" time="0.00045609474182128906"><skipped message="Suite splitting in effect" type="pytest.skip">src/pymortests/riccati.py:105: Suite splitting in effect</skipped></testcase><testcase classname="src.pymortests.riccati" file="src/pymortests/riccati.py" line="105" name="test_pos_ricc_lrcf[scipy-False-True-False-False-1-2-10]" time="0.00040602684020996094"><skipped message="Suite splitting in effect" type="pytest.skip">src/pymortests/riccati.py:105: Suite splitting in effect</skipped></testcase><testcase classname="src.pymortests.riccati" file="src/pymortests/riccati.py" line="105" name="test_pos_ricc_lrcf[scipy-False-True-False-False-1-2-20]" time="0.0004172325134277344"><skipped message="Suite splitting in effect" type="pytest.skip">src/pymortests/riccati.py:105: Suite splitting in effect</skipped></testcase><testcase classname="src.pymortests.riccati" file="src/pymortests/riccati.py" line="105" name="test_pos_ricc_lrcf[scipy-False-True-False-False-2-1-10]" time="0.0004718303680419922"><skipped message="Suite splitting in effect" type="pytest.skip">src/pymortests/riccati.py:105: Suite splitting in effect</skipped></testcase><testcase classname="src.pymortests.riccati" file="src/pymortests/riccati.py" line="105" name="test_pos_ricc_lrcf[scipy-False-True-False-False-2-1-20]" time="0.0006048679351806641"><skipped message="Suite splitting in effect" type="pytest.skip">src/pymortests/riccati.py:105: Suite splitting in effect</skipped></testcase><testcase classname="src.pymortests.riccati" file="src/pymortests/riccati.py" line="105" name="test_pos_ricc_lrcf[scipy-False-True-False-False-2-2-10]" time="0.0004634857177734375"><skipped message="Suite splitting in effect" type="pytest.skip">src/pymortests/riccati.py:105: Suite splitting in effect</skipped></testcase><testcase classname="src.pymortests.riccati" file="src/pymortests/riccati.py" line="105" name="test_pos_ricc_lrcf[scipy-False-True-False-False-2-2-20]" time="0.00043320655822753906"><skipped message="Suite splitting in effect" type="pytest.skip">src/pymortests/riccati.py:105: Suite splitting in effect</skipped></testcase><testcase classname="src.pymortests.riccati" file="src/pymortests/riccati.py" line="105" name="test_pos_ricc_lrcf[scipy-False-True-False-True-1-1-10]" time="0.0004601478576660156"><skipped message="Suite splitting in effect" type="pytest.skip">src/pymortests/riccati.py:105: Suite splitting in effect</skipped></testcase><testcase classname="src.pymortests.riccati" file="src/pymortests/riccati.py" line="105" name="test_pos_ricc_lrcf[scipy-False-True-False-True-1-1-20]" time="0.0004177093505859375"><skipped message="Suite splitting in effect" type="pytest.skip">src/pymortests/riccati.py:105: Suite splitting in effect</skipped></testcase><testcase classname="src.pymortests.riccati" file="src/pymortests/riccati.py" line="105" name="test_pos_ricc_lrcf[scipy-False-True-False-True-1-2-10]" time="0.0006873607635498047"><skipped message="Suite splitting in effect" type="pytest.skip">src/pymortests/riccati.py:105: Suite splitting in effect</skipped></testcase><testcase classname="src.pymortests.riccati" file="src/pymortests/riccati.py" line="105" name="test_pos_ricc_lrcf[scipy-False-True-False-True-1-2-20]" time="0.0004229545593261719"><skipped message="Suite splitting in effect" type="pytest.skip">src/pymortests/riccati.py:105: Suite splitting in effect</skipped></testcase><testcase classname="src.pymortests.riccati" file="src/pymortests/riccati.py" line="105" name="test_pos_ricc_lrcf[scipy-False-True-False-True-2-1-10]" time="0.0004558563232421875"><skipped message="Suite splitting in effect" type="pytest.skip">src/pymortests/riccati.py:105: Suite splitting in effect</skipped></testcase><testcase classname="src.pymortests.riccati" file="src/pymortests/riccati.py" line="105" name="test_pos_ricc_lrcf[scipy-False-True-False-True-2-1-20]" time="0.0004451274871826172"><skipped message="Suite splitting in effect" type="pytest.skip">src/pymortests/riccati.py:105: Suite splitting in effect</skipped></testcase><testcase classname="src.pymortests.riccati" file="src/pymortests/riccati.py" line="105" name="test_pos_ricc_lrcf[scipy-False-True-False-True-2-2-10]" time="0.0004489421844482422"><skipped message="Suite splitting in effect" type="pytest.skip">src/pymortests/riccati.py:105: Suite splitting in effect</skipped></testcase><testcase classname="src.pymortests.riccati" file="src/pymortests/riccati.py" line="105" name="test_pos_ricc_lrcf[scipy-False-True-False-True-2-2-20]" time="0.0004146099090576172"><skipped message="Suite splitting in effect" type="pytest.skip">src/pymortests/riccati.py:105: Suite splitting in effect</skipped></testcase><testcase classname="src.pymortests.riccati" file="src/pymortests/riccati.py" line="105" name="test_pos_ricc_lrcf[scipy-False-True-True-False-1-1-10]" time="0.00044727325439453125"><skipped message="Suite splitting in effect" type="pytest.skip">src/pymortests/riccati.py:105: Suite splitting in effect</skipped></testcase><testcase classname="src.pymortests.riccati" file="src/pymortests/riccati.py" line="105" name="test_pos_ricc_lrcf[scipy-False-True-True-False-1-1-20]" time="0.00044846534729003906"><skipped message="Suite splitting in effect" type="pytest.skip">src/pymortests/riccati.py:105: Suite splitting in effect</skipped></testcase><testcase classname="src.pymortests.riccati" file="src/pymortests/riccati.py" line="105" name="test_pos_ricc_lrcf[scipy-False-True-True-False-1-2-10]" time="0.000579833984375"><skipped message="Suite splitting in effect" type="pytest.skip">src/pymortests/riccati.py:105: Suite splitting in effect</skipped></testcase><testcase classname="src.pymortests.riccati" file="src/pymortests/riccati.py" line="105" name="test_pos_ricc_lrcf[scipy-False-True-True-False-1-2-20]" time="0.0006470680236816406"><skipped message="Suite splitting in effect" type="pytest.skip">src/pymortests/riccati.py:105: Suite splitting in effect</skipped></testcase><testcase classname="src.pymortests.riccati" file="src/pymortests/riccati.py" line="105" name="test_pos_ricc_lrcf[scipy-False-True-True-False-2-1-10]" time="0.0004634857177734375"><skipped message="Suite splitting in effect" type="pytest.skip">src/pymortests/riccati.py:105: Suite splitting in effect</skipped></testcase><testcase classname="src.pymortests.riccati" file="src/pymortests/riccati.py" line="105" name="test_pos_ricc_lrcf[scipy-False-True-True-False-2-1-20]" time="0.0004107952117919922"><skipped message="Suite splitting in effect" type="pytest.skip">src/pymortests/riccati.py:105: Suite splitting in effect</skipped></testcase><testcase classname="src.pymortests.riccati" file="src/pymortests/riccati.py" line="105" name="test_pos_ricc_lrcf[scipy-False-True-True-False-2-2-10]" time="0.00043272972106933594"><skipped message="Suite splitting in effect" type="pytest.skip">src/pymortests/riccati.py:105: Suite splitting in effect</skipped></testcase><testcase classname="src.pymortests.riccati" file="src/pymortests/riccati.py" line="105" name="test_pos_ricc_lrcf[scipy-False-True-True-False-2-2-20]" time="0.0005192756652832031"><skipped message="Suite splitting in effect" type="pytest.skip">src/pymortests/riccati.py:105: Suite splitting in effect</skipped></testcase><testcase classname="src.pymortests.riccati" file="src/pymortests/riccati.py" line="105" name="test_pos_ricc_lrcf[scipy-False-True-True-True-1-1-10]" time="0.0004496574401855469"><skipped message="Suite splitting in effect" type="pytest.skip">src/pymortests/riccati.py:105: Suite splitting in effect</skipped></testcase><testcase classname="src.pymortests.riccati" file="src/pymortests/riccati.py" line="105" name="test_pos_ricc_lrcf[scipy-False-True-True-True-1-1-20]" time="0.0004229545593261719"><skipped message="Suite splitting in effect" type="pytest.skip">src/pymortests/riccati.py:105: Suite splitting in effect</skipped></testcase><testcase classname="src.pymortests.riccati" file="src/pymortests/riccati.py" line="105" name="test_pos_ricc_lrcf[scipy-False-True-True-True-1-2-10]" time="0.0004467964172363281"><skipped message="Suite splitting in effect" type="pytest.skip">src/pymortests/riccati.py:105: Suite splitting in effect</skipped></testcase><testcase classname="src.pymortests.riccati" file="src/pymortests/riccati.py" line="105" name="test_pos_ricc_lrcf[scipy-False-True-True-True-1-2-20]" time="0.0004057884216308594"><skipped message="Suite splitting in effect" type="pytest.skip">src/pymortests/riccati.py:105: Suite splitting in effect</skipped></testcase><testcase classname="src.pymortests.riccati" file="src/pymortests/riccati.py" line="105" name="test_pos_ricc_lrcf[scipy-False-True-True-True-2-1-10]" time="0.0004703998565673828"><skipped message="Suite splitting in effect" type="pytest.skip">src/pymortests/riccati.py:105: Suite splitting in effect</skipped></testcase><testcase classname="src.pymortests.riccati" file="src/pymortests/riccati.py" line="105" name="test_pos_ricc_lrcf[scipy-False-True-True-True-2-1-20]" time="0.0004401206970214844"><skipped message="Suite splitting in effect" type="pytest.skip">src/pymortests/riccati.py:105: Suite splitting in effect</skipped></testcase><testcase classname="src.pymortests.riccati" file="src/pymortests/riccati.py" line="105" name="test_pos_ricc_lrcf[scipy-False-True-True-True-2-2-10]" time="0.0005104541778564453"><skipped message="Suite splitting in effect" type="pytest.skip">src/pymortests/riccati.py:105: Suite splitting in effect</skipped></testcase><testcase classname="src.pymortests.riccati" file="src/pymortests/riccati.py" line="105" name="test_pos_ricc_lrcf[scipy-False-True-True-True-2-2-20]" time="0.0004825592041015625"><skipped message="Suite splitting in effect" type="pytest.skip">src/pymortests/riccati.py:105: Suite splitting in effect</skipped></testcase><testcase classname="src.pymortests.riccati" file="src/pymortests/riccati.py" line="105" name="test_pos_ricc_lrcf[scipy-True-False-False-False-1-1-10]" time="0.00041985511779785156"><skipped message="Suite splitting in effect" type="pytest.skip">src/pymortests/riccati.py:105: Suite splitting in effect</skipped></testcase><testcase classname="src.pymortests.riccati" file="src/pymortests/riccati.py" line="105" name="test_pos_ricc_lrcf[scipy-True-False-False-False-1-1-20]" time="0.0005412101745605469"><skipped message="Suite splitting in effect" type="pytest.skip">src/pymortests/riccati.py:105: Suite splitting in effect</skipped></testcase><testcase classname="src.pymortests.riccati" file="src/pymortests/riccati.py" line="105" name="test_pos_ricc_lrcf[scipy-True-False-False-False-1-2-10]" time="0.0004382133483886719"><skipped message="Suite splitting in effect" type="pytest.skip">src/pymortests/riccati.py:105: Suite splitting in effect</skipped></testcase><testcase classname="src.pymortests.riccati" file="src/pymortests/riccati.py" line="105" name="test_pos_ricc_lrcf[scipy-True-False-False-False-1-2-20]" time="0.000415802001953125"><skipped message="Suite splitting in effect" type="pytest.skip">src/pymortests/riccati.py:105: Suite splitting in effect</skipped></testcase><testcase classname="src.pymortests.riccati" file="src/pymortests/riccati.py" line="105" name="test_pos_ricc_lrcf[scipy-True-False-False-False-2-1-10]" time="0.0004405975341796875"><skipped message="Suite splitting in effect" type="pytest.skip">src/pymortests/riccati.py:105: Suite splitting in effect</skipped></testcase><testcase classname="src.pymortests.riccati" file="src/pymortests/riccati.py" line="105" name="test_pos_ricc_lrcf[scipy-True-False-False-False-2-1-20]" time="0.00042891502380371094"><skipped message="Suite splitting in effect" type="pytest.skip">src/pymortests/riccati.py:105: Suite splitting in effect</skipped></testcase><testcase classname="src.pymortests.riccati" file="src/pymortests/riccati.py" line="105" name="test_pos_ricc_lrcf[scipy-True-False-False-False-2-2-10]" time="0.0004589557647705078"><skipped message="Suite splitting in effect" type="pytest.skip">src/pymortests/riccati.py:105: Suite splitting in effect</skipped></testcase><testcase classname="src.pymortests.riccati" file="src/pymortests/riccati.py" line="105" name="test_pos_ricc_lrcf[scipy-True-False-False-False-2-2-20]" time="0.00040531158447265625"><skipped message="Suite splitting in effect" type="pytest.skip">src/pymortests/riccati.py:105: Suite splitting in effect</skipped></testcase><testcase classname="src.pymortests.riccati" file="src/pymortests/riccati.py" line="105" name="test_pos_ricc_lrcf[scipy-True-False-False-True-1-1-10]" time="0.0004439353942871094"><skipped message="Suite splitting in effect" type="pytest.skip">src/pymortests/riccati.py:105: Suite splitting in effect</skipped></testcase><testcase classname="src.pymortests.riccati" file="src/pymortests/riccati.py" line="105" name="test_pos_ricc_lrcf[scipy-True-False-False-True-1-1-20]" time="0.0004885196685791016"><skipped message="Suite splitting in effect" type="pytest.skip">src/pymortests/riccati.py:105: Suite splitting in effect</skipped></testcase><testcase classname="src.pymortests.riccati" file="src/pymortests/riccati.py" line="105" name="test_pos_ricc_lrcf[scipy-True-False-False-True-1-2-10]" time="0.0004215240478515625"><skipped message="Suite splitting in effect" type="pytest.skip">src/pymortests/riccati.py:105: Suite splitting in effect</skipped></testcase><testcase classname="src.pymortests.riccati" file="src/pymortests/riccati.py" line="105" name="test_pos_ricc_lrcf[scipy-True-False-False-True-1-2-20]" time="0.0004601478576660156"><skipped message="Suite splitting in effect" type="pytest.skip">src/pymortests/riccati.py:105: Suite splitting in effect</skipped></testcase><testcase classname="src.pymortests.riccati" file="src/pymortests/riccati.py" line="105" name="test_pos_ricc_lrcf[scipy-True-False-False-True-2-1-10]" time="0.0004372596740722656"><skipped message="Suite splitting in effect" type="pytest.skip">src/pymortests/riccati.py:105: Suite splitting in effect</skipped></testcase><testcase classname="src.pymortests.riccati" file="src/pymortests/riccati.py" line="105" name="test_pos_ricc_lrcf[scipy-True-False-False-True-2-1-20]" time="0.0004918575286865234"><skipped message="Suite splitting in effect" type="pytest.skip">src/pymortests/riccati.py:105: Suite splitting in effect</skipped></testcase><testcase classname="src.pymortests.riccati" file="src/pymortests/riccati.py" line="105" name="test_pos_ricc_lrcf[scipy-True-False-False-True-2-2-10]" time="0.00048804283142089844"><skipped message="Suite splitting in effect" type="pytest.skip">src/pymortests/riccati.py:105: Suite splitting in effect</skipped></testcase><testcase classname="src.pymortests.riccati" file="src/pymortests/riccati.py" line="105" name="test_pos_ricc_lrcf[scipy-True-False-False-True-2-2-20]" time="0.00046181678771972656"><skipped message="Suite splitting in effect" type="pytest.skip">src/pymortests/riccati.py:105: Suite splitting in effect</skipped></testcase><testcase classname="src.pymortests.riccati" file="src/pymortests/riccati.py" line="105" name="test_pos_ricc_lrcf[scipy-True-True-False-False-1-1-10]" time="0.0004279613494873047"><skipped message="Suite splitting in effect" type="pytest.skip">src/pymortests/riccati.py:105: Suite splitting in effect</skipped></testcase><testcase classname="src.pymortests.riccati" file="src/pymortests/riccati.py" line="105" name="test_pos_ricc_lrcf[scipy-True-True-False-False-1-1-20]" time="0.0004401206970214844"><skipped message="Suite splitting in effect" type="pytest.skip">src/pymortests/riccati.py:105: Suite splitting in effect</skipped></testcase><testcase classname="src.pymortests.riccati" file="src/pymortests/riccati.py" line="105" name="test_pos_ricc_lrcf[scipy-True-True-False-False-1-2-10]" time="0.0005147457122802734"><skipped message="Suite splitting in effect" type="pytest.skip">src/pymortests/riccati.py:105: Suite splitting in effect</skipped></testcase><testcase classname="src.pymortests.riccati" file="src/pymortests/riccati.py" line="105" name="test_pos_ricc_lrcf[scipy-True-True-False-False-1-2-20]" time="0.0004601478576660156"><skipped message="Suite splitting in effect" type="pytest.skip">src/pymortests/riccati.py:105: Suite splitting in effect</skipped></testcase><testcase classname="src.pymortests.riccati" file="src/pymortests/riccati.py" line="105" name="test_pos_ricc_lrcf[scipy-True-True-False-False-2-1-10]" time="0.0005562305450439453"><skipped message="Suite splitting in effect" type="pytest.skip">src/pymortests/riccati.py:105: Suite splitting in effect</skipped></testcase><testcase classname="src.pymortests.riccati" file="src/pymortests/riccati.py" line="105" name="test_pos_ricc_lrcf[scipy-True-True-False-False-2-1-20]" time="0.0004904270172119141"><skipped message="Suite splitting in effect" type="pytest.skip">src/pymortests/riccati.py:105: Suite splitting in effect</skipped></testcase><testcase classname="src.pymortests.riccati" file="src/pymortests/riccati.py" line="105" name="test_pos_ricc_lrcf[scipy-True-True-False-False-2-2-10]" time="0.0004439353942871094"><skipped message="Suite splitting in effect" type="pytest.skip">src/pymortests/riccati.py:105: Suite splitting in effect</skipped></testcase><testcase classname="src.pymortests.riccati" file="src/pymortests/riccati.py" line="105" name="test_pos_ricc_lrcf[scipy-True-True-False-False-2-2-20]" time="0.0004439353942871094"><skipped message="Suite splitting in effect" type="pytest.skip">src/pymortests/riccati.py:105: Suite splitting in effect</skipped></testcase><testcase classname="src.pymortests.riccati" file="src/pymortests/riccati.py" line="105" name="test_pos_ricc_lrcf[scipy-True-True-False-True-1-1-10]" time="0.0004458427429199219"><skipped message="Suite splitting in effect" type="pytest.skip">src/pymortests/riccati.py:105: Suite splitting in effect</skipped></testcase><testcase classname="src.pymortests.riccati" file="src/pymortests/riccati.py" line="105" name="test_pos_ricc_lrcf[scipy-True-True-False-True-1-1-20]" time="0.0004665851593017578"><skipped message="Suite splitting in effect" type="pytest.skip">src/pymortests/riccati.py:105: Suite splitting in effect</skipped></testcase><testcase classname="src.pymortests.riccati" file="src/pymortests/riccati.py" line="105" name="test_pos_ricc_lrcf[scipy-True-True-False-True-1-2-10]" time="0.00041031837463378906"><skipped message="Suite splitting in effect" type="pytest.skip">src/pymortests/riccati.py:105: Suite splitting in effect</skipped></testcase><testcase classname="src.pymortests.riccati" file="src/pymortests/riccati.py" line="105" name="test_pos_ricc_lrcf[scipy-True-True-False-True-1-2-20]" time="0.0004532337188720703"><skipped message="Suite splitting in effect" type="pytest.skip">src/pymortests/riccati.py:105: Suite splitting in effect</skipped></testcase><testcase classname="src.pymortests.riccati" file="src/pymortests/riccati.py" line="105" name="test_pos_ricc_lrcf[scipy-True-True-False-True-2-1-10]" time="0.00044035911560058594"><skipped message="Suite splitting in effect" type="pytest.skip">src/pymortests/riccati.py:105: Suite splitting in effect</skipped></testcase><testcase classname="src.pymortests.riccati" file="src/pymortests/riccati.py" line="105" name="test_pos_ricc_lrcf[scipy-True-True-False-True-2-1-20]" time="0.0004267692565917969"><skipped message="Suite splitting in effect" type="pytest.skip">src/pymortests/riccati.py:105: Suite splitting in effect</skipped></testcase><testcase classname="src.pymortests.riccati" file="src/pymortests/riccati.py" line="105" name="test_pos_ricc_lrcf[scipy-True-True-False-True-2-2-10]" time="0.00041031837463378906"><skipped message="Suite splitting in effect" type="pytest.skip">src/pymortests/riccati.py:105: Suite splitting in effect</skipped></testcase><testcase classname="src.pymortests.riccati" file="src/pymortests/riccati.py" line="105" name="test_pos_ricc_lrcf[scipy-True-True-False-True-2-2-20]" time="0.00044274330139160156"><skipped message="Suite splitting in effect" type="pytest.skip">src/pymortests/riccati.py:105: Suite splitting in effect</skipped></testcase><testcase classname="src.pymortests.riccati" file="src/pymortests/riccati.py" line="105" name="test_pos_ricc_lrcf[scipy-True-True-True-False-1-1-10]" time="0.0004496574401855469"><skipped message="Suite splitting in effect" type="pytest.skip">src/pymortests/riccati.py:105: Suite splitting in effect</skipped></testcase><testcase classname="src.pymortests.riccati" file="src/pymortests/riccati.py" line="105" name="test_pos_ricc_lrcf[scipy-True-True-True-False-1-1-20]" time="0.000446319580078125"><skipped message="Suite splitting in effect" type="pytest.skip">src/pymortests/riccati.py:105: Suite splitting in effect</skipped></testcase><testcase classname="src.pymortests.riccati" file="src/pymortests/riccati.py" line="105" name="test_pos_ricc_lrcf[scipy-True-True-True-False-1-2-10]" time="0.0004544258117675781"><skipped message="Suite splitting in effect" type="pytest.skip">src/pymortests/riccati.py:105: Suite splitting in effect</skipped></testcase><testcase classname="src.pymortests.riccati" file="src/pymortests/riccati.py" line="105" name="test_pos_ricc_lrcf[scipy-True-True-True-False-1-2-20]" time="0.00042319297790527344"><skipped message="Suite splitting in effect" type="pytest.skip">src/pymortests/riccati.py:105: Suite splitting in effect</skipped></testcase><testcase classname="src.pymortests.riccati" file="src/pymortests/riccati.py" line="105" name="test_pos_ricc_lrcf[scipy-True-True-True-False-2-1-10]" time="0.00043463706970214844"><skipped message="Suite splitting in effect" type="pytest.skip">src/pymortests/riccati.py:105: Suite splitting in effect</skipped></testcase><testcase classname="src.pymortests.riccati" file="src/pymortests/riccati.py" line="105" name="test_pos_ricc_lrcf[scipy-True-True-True-False-2-1-20]" time="0.00044918060302734375"><skipped message="Suite splitting in effect" type="pytest.skip">src/pymortests/riccati.py:105: Suite splitting in effect</skipped></testcase><testcase classname="src.pymortests.riccati" file="src/pymortests/riccati.py" line="105" name="test_pos_ricc_lrcf[scipy-True-True-True-False-2-2-10]" time="0.0004551410675048828"><skipped message="Suite splitting in effect" type="pytest.skip">src/pymortests/riccati.py:105: Suite splitting in effect</skipped></testcase><testcase classname="src.pymortests.riccati" file="src/pymortests/riccati.py" line="105" name="test_pos_ricc_lrcf[scipy-True-True-True-False-2-2-20]" time="0.0008249282836914062"><skipped message="Suite splitting in effect" type="pytest.skip">src/pymortests/riccati.py:105: Suite splitting in effect</skipped></testcase><testcase classname="src.pymortests.riccati" file="src/pymortests/riccati.py" line="105" name="test_pos_ricc_lrcf[scipy-True-True-True-True-1-1-10]" time="0.0004291534423828125"><skipped message="Suite splitting in effect" type="pytest.skip">src/pymortests/riccati.py:105: Suite splitting in effect</skipped></testcase><testcase classname="src.pymortests.riccati" file="src/pymortests/riccati.py" line="105" name="test_pos_ricc_lrcf[scipy-True-True-True-True-1-1-20]" time="0.0004508495330810547"><skipped message="Suite splitting in effect" type="pytest.skip">src/pymortests/riccati.py:105: Suite splitting in effect</skipped></testcase><testcase classname="src.pymortests.riccati" file="src/pymortests/riccati.py" line="105" name="test_pos_ricc_lrcf[scipy-True-True-True-True-1-2-10]" time="0.0004470348358154297"><skipped message="Suite splitting in effect" type="pytest.skip">src/pymortests/riccati.py:105: Suite splitting in effect</skipped></testcase><testcase classname="src.pymortests.riccati" file="src/pymortests/riccati.py" line="105" name="test_pos_ricc_lrcf[scipy-True-True-True-True-1-2-20]" time="0.0004668235778808594"><skipped message="Suite splitting in effect" type="pytest.skip">src/pymortests/riccati.py:105: Suite splitting in effect</skipped></testcase><testcase classname="src.pymortests.riccati" file="src/pymortests/riccati.py" line="105" name="test_pos_ricc_lrcf[scipy-True-True-True-True-2-1-10]" time="0.0004703998565673828"><skipped message="Suite splitting in effect" type="pytest.skip">src/pymortests/riccati.py:105: Suite splitting in effect</skipped></testcase><testcase classname="src.pymortests.riccati" file="src/pymortests/riccati.py" line="105" name="test_pos_ricc_lrcf[scipy-True-True-True-True-2-1-20]" time="0.0004324913024902344"><skipped message="Suite splitting in effect" type="pytest.skip">src/pymortests/riccati.py:105: Suite splitting in effect</skipped></testcase><testcase classname="src.pymortests.riccati" file="src/pymortests/riccati.py" line="105" name="test_pos_ricc_lrcf[scipy-True-True-True-True-2-2-10]" time="0.0004525184631347656"><skipped message="Suite splitting in effect" type="pytest.skip">src/pymortests/riccati.py:105: Suite splitting in effect</skipped></testcase><testcase classname="src.pymortests.riccati" file="src/pymortests/riccati.py" line="105" name="test_pos_ricc_lrcf[scipy-True-True-True-True-2-2-20]" time="0.00045108795166015625"><skipped message="Suite splitting in effect" type="pytest.skip">src/pymortests/riccati.py:105: Suite splitting in effect</skipped></testcase><testcase classname="src.pymortests.riccati" file="src/pymortests/riccati.py" line="105" name="test_pos_ricc_lrcf[slycot-False-False-False-False-1-1-10]" time="0.00047397613525390625"><skipped message="Suite splitting in effect" type="pytest.skip">src/pymortests/riccati.py:105: Suite splitting in effect</skipped></testcase><testcase classname="src.pymortests.riccati" file="src/pymortests/riccati.py" line="105" name="test_pos_ricc_lrcf[slycot-False-False-False-False-1-1-20]" time="0.0004513263702392578"><skipped message="Suite splitting in effect" type="pytest.skip">src/pymortests/riccati.py:105: Suite splitting in effect</skipped></testcase><testcase classname="src.pymortests.riccati" file="src/pymortests/riccati.py" line="105" name="test_pos_ricc_lrcf[slycot-False-False-False-False-1-2-10]" time="0.0004582405090332031"><skipped message="Suite splitting in effect" type="pytest.skip">src/pymortests/riccati.py:105: Suite splitting in effect</skipped></testcase><testcase classname="src.pymortests.riccati" file="src/pymortests/riccati.py" line="105" name="test_pos_ricc_lrcf[slycot-False-False-False-False-1-2-20]" time="0.00044465065002441406"><skipped message="Suite splitting in effect" type="pytest.skip">src/pymortests/riccati.py:105: Suite splitting in effect</skipped></testcase><testcase classname="src.pymortests.riccati" file="src/pymortests/riccati.py" line="105" name="test_pos_ricc_lrcf[slycot-False-False-False-False-2-1-10]" time="0.000415802001953125"><skipped message="Suite splitting in effect" type="pytest.skip">src/pymortests/riccati.py:105: Suite splitting in effect</skipped></testcase><testcase classname="src.pymortests.riccati" file="src/pymortests/riccati.py" line="105" name="test_pos_ricc_lrcf[slycot-False-False-False-False-2-1-20]" time="0.00044846534729003906"><skipped message="Suite splitting in effect" type="pytest.skip">src/pymortests/riccati.py:105: Suite splitting in effect</skipped></testcase><testcase classname="src.pymortests.riccati" file="src/pymortests/riccati.py" line="105" name="test_pos_ricc_lrcf[slycot-False-False-False-False-2-2-10]" time="0.0004172325134277344"><skipped message="Suite splitting in effect" type="pytest.skip">src/pymortests/riccati.py:105: Suite splitting in effect</skipped></testcase><testcase classname="src.pymortests.riccati" file="src/pymortests/riccati.py" line="105" name="test_pos_ricc_lrcf[slycot-False-False-False-False-2-2-20]" time="0.00043892860412597656"><skipped message="Suite splitting in effect" type="pytest.skip">src/pymortests/riccati.py:105: Suite splitting in effect</skipped></testcase><testcase classname="src.pymortests.riccati" file="src/pymortests/riccati.py" line="105" name="test_pos_ricc_lrcf[slycot-False-False-False-True-1-1-10]" time="0.00041604042053222656"><skipped message="Suite splitting in effect" type="pytest.skip">src/pymortests/riccati.py:105: Suite splitting in effect</skipped></testcase><testcase classname="src.pymortests.riccati" file="src/pymortests/riccati.py" line="105" name="test_pos_ricc_lrcf[slycot-False-False-False-True-1-1-20]" time="0.00045943260192871094"><skipped message="Suite splitting in effect" type="pytest.skip">src/pymortests/riccati.py:105: Suite splitting in effect</skipped></testcase><testcase classname="src.pymortests.riccati" file="src/pymortests/riccati.py" line="105" name="test_pos_ricc_lrcf[slycot-False-False-False-True-1-2-10]" time="0.00041294097900390625"><skipped message="Suite splitting in effect" type="pytest.skip">src/pymortests/riccati.py:105: Suite splitting in effect</skipped></testcase><testcase classname="src.pymortests.riccati" file="src/pymortests/riccati.py" line="105" name="test_pos_ricc_lrcf[slycot-False-False-False-True-1-2-20]" time="0.0004687309265136719"><skipped message="Suite splitting in effect" type="pytest.skip">src/pymortests/riccati.py:105: Suite splitting in effect</skipped></testcase><testcase classname="src.pymortests.riccati" file="src/pymortests/riccati.py" line="105" name="test_pos_ricc_lrcf[slycot-False-False-False-True-2-1-10]" time="0.0005555152893066406"><skipped message="Suite splitting in effect" type="pytest.skip">src/pymortests/riccati.py:105: Suite splitting in effect</skipped></testcase><testcase classname="src.pymortests.riccati" file="src/pymortests/riccati.py" line="105" name="test_pos_ricc_lrcf[slycot-False-False-False-True-2-1-20]" time="0.0004477500915527344"><skipped message="Suite splitting in effect" type="pytest.skip">src/pymortests/riccati.py:105: Suite splitting in effect</skipped></testcase><testcase classname="src.pymortests.riccati" file="src/pymortests/riccati.py" line="105" name="test_pos_ricc_lrcf[slycot-False-False-False-True-2-2-10]" time="0.00040030479431152344"><skipped message="Suite splitting in effect" type="pytest.skip">src/pymortests/riccati.py:105: Suite splitting in effect</skipped></testcase><testcase classname="src.pymortests.riccati" file="src/pymortests/riccati.py" line="105" name="test_pos_ricc_lrcf[slycot-False-False-False-True-2-2-20]" time="0.00043892860412597656"><skipped message="Suite splitting in effect" type="pytest.skip">src/pymortests/riccati.py:105: Suite splitting in effect</skipped></testcase><testcase classname="src.pymortests.riccati" file="src/pymortests/riccati.py" line="105" name="test_pos_ricc_lrcf[slycot-False-True-False-False-1-1-10]" time="0.0004169940948486328"><skipped message="Suite splitting in effect" type="pytest.skip">src/pymortests/riccati.py:105: Suite splitting in effect</skipped></testcase><testcase classname="src.pymortests.riccati" file="src/pymortests/riccati.py" line="105" name="test_pos_ricc_lrcf[slycot-False-True-False-False-1-1-20]" time="0.0004429817199707031"><skipped message="Suite splitting in effect" type="pytest.skip">src/pymortests/riccati.py:105: Suite splitting in effect</skipped></testcase><testcase classname="src.pymortests.riccati" file="src/pymortests/riccati.py" line="105" name="test_pos_ricc_lrcf[slycot-False-True-False-False-1-2-10]" time="0.0004711151123046875"><skipped message="Suite splitting in effect" type="pytest.skip">src/pymortests/riccati.py:105: Suite splitting in effect</skipped></testcase><testcase classname="src.pymortests.riccati" file="src/pymortests/riccati.py" line="105" name="test_pos_ricc_lrcf[slycot-False-True-False-False-1-2-20]" time="0.00044155120849609375"><skipped message="Suite splitting in effect" type="pytest.skip">src/pymortests/riccati.py:105: Suite splitting in effect</skipped></testcase><testcase classname="src.pymortests.riccati" file="src/pymortests/riccati.py" line="105" name="test_pos_ricc_lrcf[slycot-False-True-False-False-2-1-10]" time="0.00040435791015625"><skipped message="Suite splitting in effect" type="pytest.skip">src/pymortests/riccati.py:105: Suite splitting in effect</skipped></testcase><testcase classname="src.pymortests.riccati" file="src/pymortests/riccati.py" line="105" name="test_pos_ricc_lrcf[slycot-False-True-False-False-2-1-20]" time="0.0004417896270751953"><skipped message="Suite splitting in effect" type="pytest.skip">src/pymortests/riccati.py:105: Suite splitting in effect</skipped></testcase><testcase classname="src.pymortests.riccati" file="src/pymortests/riccati.py" line="105" name="test_pos_ricc_lrcf[slycot-False-True-False-False-2-2-10]" time="0.00045680999755859375"><skipped message="Suite splitting in effect" type="pytest.skip">src/pymortests/riccati.py:105: Suite splitting in effect</skipped></testcase><testcase classname="src.pymortests.riccati" file="src/pymortests/riccati.py" line="105" name="test_pos_ricc_lrcf[slycot-False-True-False-False-2-2-20]" time="0.0004048347473144531"><skipped message="Suite splitting in effect" type="pytest.skip">src/pymortests/riccati.py:105: Suite splitting in effect</skipped></testcase><testcase classname="src.pymortests.riccati" file="src/pymortests/riccati.py" line="105" name="test_pos_ricc_lrcf[slycot-False-True-False-True-1-1-10]" time="0.0004379749298095703"><skipped message="Suite splitting in effect" type="pytest.skip">src/pymortests/riccati.py:105: Suite splitting in effect</skipped></testcase><testcase classname="src.pymortests.riccati" file="src/pymortests/riccati.py" line="105" name="test_pos_ricc_lrcf[slycot-False-True-False-True-1-1-20]" time="0.000408172607421875"><skipped message="Suite splitting in effect" type="pytest.skip">src/pymortests/riccati.py:105: Suite splitting in effect</skipped></testcase><testcase classname="src.pymortests.riccati" file="src/pymortests/riccati.py" line="105" name="test_pos_ricc_lrcf[slycot-False-True-False-True-1-2-10]" time="0.0004527568817138672"><skipped message="Suite splitting in effect" type="pytest.skip">src/pymortests/riccati.py:105: Suite splitting in effect</skipped></testcase><testcase classname="src.pymortests.riccati" file="src/pymortests/riccati.py" line="105" name="test_pos_ricc_lrcf[slycot-False-True-False-True-1-2-20]" time="0.00045037269592285156"><skipped message="Suite splitting in effect" type="pytest.skip">src/pymortests/riccati.py:105: Suite splitting in effect</skipped></testcase><testcase classname="src.pymortests.riccati" file="src/pymortests/riccati.py" line="105" name="test_pos_ricc_lrcf[slycot-False-True-False-True-2-1-10]" time="0.0004916191101074219"><skipped message="Suite splitting in effect" type="pytest.skip">src/pymortests/riccati.py:105: Suite splitting in effect</skipped></testcase><testcase classname="src.pymortests.riccati" file="src/pymortests/riccati.py" line="105" name="test_pos_ricc_lrcf[slycot-False-True-False-True-2-1-20]" time="0.00048732757568359375"><skipped message="Suite splitting in effect" type="pytest.skip">src/pymortests/riccati.py:105: Suite splitting in effect</skipped></testcase><testcase classname="src.pymortests.riccati" file="src/pymortests/riccati.py" line="105" name="test_pos_ricc_lrcf[slycot-False-True-False-True-2-2-10]" time="0.0005888938903808594"><skipped message="Suite splitting in effect" type="pytest.skip">src/pymortests/riccati.py:105: Suite splitting in effect</skipped></testcase><testcase classname="src.pymortests.riccati" file="src/pymortests/riccati.py" line="105" name="test_pos_ricc_lrcf[slycot-False-True-False-True-2-2-20]" time="0.00044846534729003906"><skipped message="Suite splitting in effect" type="pytest.skip">src/pymortests/riccati.py:105: Suite splitting in effect</skipped></testcase><testcase classname="src.pymortests.riccati" file="src/pymortests/riccati.py" line="105" name="test_pos_ricc_lrcf[slycot-False-True-True-False-1-1-10]" time="0.0004496574401855469"><skipped message="Suite splitting in effect" type="pytest.skip">src/pymortests/riccati.py:105: Suite splitting in effect</skipped></testcase><testcase classname="src.pymortests.riccati" file="src/pymortests/riccati.py" line="105" name="test_pos_ricc_lrcf[slycot-False-True-True-False-1-1-20]" time="0.0004429817199707031"><skipped message="Suite splitting in effect" type="pytest.skip">src/pymortests/riccati.py:105: Suite splitting in effect</skipped></testcase><testcase classname="src.pymortests.riccati" file="src/pymortests/riccati.py" line="105" name="test_pos_ricc_lrcf[slycot-False-True-True-False-1-2-10]" time="0.000423431396484375"><skipped message="Suite splitting in effect" type="pytest.skip">src/pymortests/riccati.py:105: Suite splitting in effect</skipped></testcase><testcase classname="src.pymortests.riccati" file="src/pymortests/riccati.py" line="105" name="test_pos_ricc_lrcf[slycot-False-True-True-False-1-2-20]" time="0.00045371055603027344"><skipped message="Suite splitting in effect" type="pytest.skip">src/pymortests/riccati.py:105: Suite splitting in effect</skipped></testcase><testcase classname="src.pymortests.riccati" file="src/pymortests/riccati.py" line="105" name="test_pos_ricc_lrcf[slycot-False-True-True-False-2-1-10]" time="0.00042819976806640625"><skipped message="Suite splitting in effect" type="pytest.skip">src/pymortests/riccati.py:105: Suite splitting in effect</skipped></testcase><testcase classname="src.pymortests.riccati" file="src/pymortests/riccati.py" line="105" name="test_pos_ricc_lrcf[slycot-False-True-True-False-2-1-20]" time="0.0004239082336425781"><skipped message="Suite splitting in effect" type="pytest.skip">src/pymortests/riccati.py:105: Suite splitting in effect</skipped></testcase><testcase classname="src.pymortests.riccati" file="src/pymortests/riccati.py" line="105" name="test_pos_ricc_lrcf[slycot-False-True-True-False-2-2-10]" time="0.00040531158447265625"><skipped message="Suite splitting in effect" type="pytest.skip">src/pymortests/riccati.py:105: Suite splitting in effect</skipped></testcase><testcase classname="src.pymortests.riccati" file="src/pymortests/riccati.py" line="105" name="test_pos_ricc_lrcf[slycot-False-True-True-False-2-2-20]" time="0.0004057884216308594"><skipped message="Suite splitting in effect" type="pytest.skip">src/pymortests/riccati.py:105: Suite splitting in effect</skipped></testcase><testcase classname="src.pymortests.riccati" file="src/pymortests/riccati.py" line="105" name="test_pos_ricc_lrcf[slycot-False-True-True-True-1-1-10]" time="0.0004210472106933594"><skipped message="Suite splitting in effect" type="pytest.skip">src/pymortests/riccati.py:105: Suite splitting in effect</skipped></testcase><testcase classname="src.pymortests.riccati" file="src/pymortests/riccati.py" line="105" name="test_pos_ricc_lrcf[slycot-False-True-True-True-1-1-20]" time="0.00040793418884277344"><skipped message="Suite splitting in effect" type="pytest.skip">src/pymortests/riccati.py:105: Suite splitting in effect</skipped></testcase><testcase classname="src.pymortests.riccati" file="src/pymortests/riccati.py" line="105" name="test_pos_ricc_lrcf[slycot-False-True-True-True-1-2-10]" time="0.0004417896270751953"><skipped message="Suite splitting in effect" type="pytest.skip">src/pymortests/riccati.py:105: Suite splitting in effect</skipped></testcase><testcase classname="src.pymortests.riccati" file="src/pymortests/riccati.py" line="105" name="test_pos_ricc_lrcf[slycot-False-True-True-True-1-2-20]" time="0.00044035911560058594"><skipped message="Suite splitting in effect" type="pytest.skip">src/pymortests/riccati.py:105: Suite splitting in effect</skipped></testcase><testcase classname="src.pymortests.riccati" file="src/pymortests/riccati.py" line="105" name="test_pos_ricc_lrcf[slycot-False-True-True-True-2-1-10]" time="0.0004169940948486328"><skipped message="Suite splitting in effect" type="pytest.skip">src/pymortests/riccati.py:105: Suite splitting in effect</skipped></testcase><testcase classname="src.pymortests.riccati" file="src/pymortests/riccati.py" line="105" name="test_pos_ricc_lrcf[slycot-False-True-True-True-2-1-20]" time="0.0004115104675292969"><skipped message="Suite splitting in effect" type="pytest.skip">src/pymortests/riccati.py:105: Suite splitting in effect</skipped></testcase><testcase classname="src.pymortests.riccati" file="src/pymortests/riccati.py" line="105" name="test_pos_ricc_lrcf[slycot-False-True-True-True-2-2-10]" time="0.0004382133483886719"><skipped message="Suite splitting in effect" type="pytest.skip">src/pymortests/riccati.py:105: Suite splitting in effect</skipped></testcase><testcase classname="src.pymortests.riccati" file="src/pymortests/riccati.py" line="105" name="test_pos_ricc_lrcf[slycot-False-True-True-True-2-2-20]" time="0.0004439353942871094"><skipped message="Suite splitting in effect" type="pytest.skip">src/pymortests/riccati.py:105: Suite splitting in effect</skipped></testcase><testcase classname="src.pymortests.riccati" file="src/pymortests/riccati.py" line="105" name="test_pos_ricc_lrcf[slycot-True-False-False-False-1-1-10]" time="0.00043320655822753906"><skipped message="Suite splitting in effect" type="pytest.skip">src/pymortests/riccati.py:105: Suite splitting in effect</skipped></testcase><testcase classname="src.pymortests.riccati" file="src/pymortests/riccati.py" line="105" name="test_pos_ricc_lrcf[slycot-True-False-False-False-1-1-20]" time="0.00045490264892578125"><skipped message="Suite splitting in effect" type="pytest.skip">src/pymortests/riccati.py:105: Suite splitting in effect</skipped></testcase><testcase classname="src.pymortests.riccati" file="src/pymortests/riccati.py" line="105" name="test_pos_ricc_lrcf[slycot-True-False-False-False-1-2-10]" time="0.0004200935363769531"><skipped message="Suite splitting in effect" type="pytest.skip">src/pymortests/riccati.py:105: Suite splitting in effect</skipped></testcase><testcase classname="src.pymortests.riccati" file="src/pymortests/riccati.py" line="105" name="test_pos_ricc_lrcf[slycot-True-False-False-False-1-2-20]" time="0.00045299530029296875"><skipped message="Suite splitting in effect" type="pytest.skip">src/pymortests/riccati.py:105: Suite splitting in effect</skipped></testcase><testcase classname="src.pymortests.riccati" file="src/pymortests/riccati.py" line="105" name="test_pos_ricc_lrcf[slycot-True-False-False-False-2-1-10]" time="0.0004093647003173828"><skipped message="Suite splitting in effect" type="pytest.skip">src/pymortests/riccati.py:105: Suite splitting in effect</skipped></testcase><testcase classname="src.pymortests.riccati" file="src/pymortests/riccati.py" line="105" name="test_pos_ricc_lrcf[slycot-True-False-False-False-2-1-20]" time="0.00044417381286621094"><skipped message="Suite splitting in effect" type="pytest.skip">src/pymortests/riccati.py:105: Suite splitting in effect</skipped></testcase><testcase classname="src.pymortests.riccati" file="src/pymortests/riccati.py" line="105" name="test_pos_ricc_lrcf[slycot-True-False-False-False-2-2-10]" time="0.00041747093200683594"><skipped message="Suite splitting in effect" type="pytest.skip">src/pymortests/riccati.py:105: Suite splitting in effect</skipped></testcase><testcase classname="src.pymortests.riccati" file="src/pymortests/riccati.py" line="105" name="test_pos_ricc_lrcf[slycot-True-False-False-False-2-2-20]" time="0.00040602684020996094"><skipped message="Suite splitting in effect" type="pytest.skip">src/pymortests/riccati.py:105: Suite splitting in effect</skipped></testcase><testcase classname="src.pymortests.riccati" file="src/pymortests/riccati.py" line="105" name="test_pos_ricc_lrcf[slycot-True-False-False-True-1-1-10]" time="0.00044798851013183594"><skipped message="Suite splitting in effect" type="pytest.skip">src/pymortests/riccati.py:105: Suite splitting in effect</skipped></testcase><testcase classname="src.pymortests.riccati" file="src/pymortests/riccati.py" line="105" name="test_pos_ricc_lrcf[slycot-True-False-False-True-1-1-20]" time="0.00041294097900390625"><skipped message="Suite splitting in effect" type="pytest.skip">src/pymortests/riccati.py:105: Suite splitting in effect</skipped></testcase><testcase classname="src.pymortests.riccati" file="src/pymortests/riccati.py" line="105" name="test_pos_ricc_lrcf[slycot-True-False-False-True-1-2-10]" time="0.000446319580078125"><skipped message="Suite splitting in effect" type="pytest.skip">src/pymortests/riccati.py:105: Suite splitting in effect</skipped></testcase><testcase classname="src.pymortests.riccati" file="src/pymortests/riccati.py" line="105" name="test_pos_ricc_lrcf[slycot-True-False-False-True-1-2-20]" time="0.0004074573516845703"><skipped message="Suite splitting in effect" type="pytest.skip">src/pymortests/riccati.py:105: Suite splitting in effect</skipped></testcase><testcase classname="src.pymortests.riccati" file="src/pymortests/riccati.py" line="105" name="test_pos_ricc_lrcf[slycot-True-False-False-True-2-1-10]" time="0.0004680156707763672"><skipped message="Suite splitting in effect" type="pytest.skip">src/pymortests/riccati.py:105: Suite splitting in effect</skipped></testcase><testcase classname="src.pymortests.riccati" file="src/pymortests/riccati.py" line="105" name="test_pos_ricc_lrcf[slycot-True-False-False-True-2-1-20]" time="0.000446319580078125"><skipped message="Suite splitting in effect" type="pytest.skip">src/pymortests/riccati.py:105: Suite splitting in effect</skipped></testcase><testcase classname="src.pymortests.riccati" file="src/pymortests/riccati.py" line="105" name="test_pos_ricc_lrcf[slycot-True-False-False-True-2-2-10]" time="0.0004458427429199219"><skipped message="Suite splitting in effect" type="pytest.skip">src/pymortests/riccati.py:105: Suite splitting in effect</skipped></testcase><testcase classname="src.pymortests.riccati" file="src/pymortests/riccati.py" line="105" name="test_pos_ricc_lrcf[slycot-True-False-False-True-2-2-20]" time="0.00044417381286621094"><skipped message="Suite splitting in effect" type="pytest.skip">src/pymortests/riccati.py:105: Suite splitting in effect</skipped></testcase><testcase classname="src.pymortests.riccati" file="src/pymortests/riccati.py" line="105" name="test_pos_ricc_lrcf[slycot-True-True-False-False-1-1-10]" time="0.0004036426544189453"><skipped message="Suite splitting in effect" type="pytest.skip">src/pymortests/riccati.py:105: Suite splitting in effect</skipped></testcase><testcase classname="src.pymortests.riccati" file="src/pymortests/riccati.py" line="105" name="test_pos_ricc_lrcf[slycot-True-True-False-False-1-1-20]" time="0.00044083595275878906"><skipped message="Suite splitting in effect" type="pytest.skip">src/pymortests/riccati.py:105: Suite splitting in effect</skipped></testcase><testcase classname="src.pymortests.riccati" file="src/pymortests/riccati.py" line="105" name="test_pos_ricc_lrcf[slycot-True-True-False-False-1-2-10]" time="0.0004360675811767578"><skipped message="Suite splitting in effect" type="pytest.skip">src/pymortests/riccati.py:105: Suite splitting in effect</skipped></testcase><testcase classname="src.pymortests.riccati" file="src/pymortests/riccati.py" line="105" name="test_pos_ricc_lrcf[slycot-True-True-False-False-1-2-20]" time="0.00043892860412597656"><skipped message="Suite splitting in effect" type="pytest.skip">src/pymortests/riccati.py:105: Suite splitting in effect</skipped></testcase><testcase classname="src.pymortests.riccati" file="src/pymortests/riccati.py" line="105" name="test_pos_ricc_lrcf[slycot-True-True-False-False-2-1-10]" time="0.0004146099090576172"><skipped message="Suite splitting in effect" type="pytest.skip">src/pymortests/riccati.py:105: Suite splitting in effect</skipped></testcase><testcase classname="src.pymortests.riccati" file="src/pymortests/riccati.py" line="105" name="test_pos_ricc_lrcf[slycot-True-True-False-False-2-1-20]" time="0.0004551410675048828"><skipped message="Suite splitting in effect" type="pytest.skip">src/pymortests/riccati.py:105: Suite splitting in effect</skipped></testcase><testcase classname="src.pymortests.riccati" file="src/pymortests/riccati.py" line="105" name="test_pos_ricc_lrcf[slycot-True-True-False-False-2-2-10]" time="0.0004298686981201172"><skipped message="Suite splitting in effect" type="pytest.skip">src/pymortests/riccati.py:105: Suite splitting in effect</skipped></testcase><testcase classname="src.pymortests.riccati" file="src/pymortests/riccati.py" line="105" name="test_pos_ricc_lrcf[slycot-True-True-False-False-2-2-20]" time="0.0004305839538574219"><skipped message="Suite splitting in effect" type="pytest.skip">src/pymortests/riccati.py:105: Suite splitting in effect</skipped></testcase><testcase classname="src.pymortests.riccati" file="src/pymortests/riccati.py" line="105" name="test_pos_ricc_lrcf[slycot-True-True-False-True-1-1-10]" time="0.00040912628173828125"><skipped message="Suite splitting in effect" type="pytest.skip">src/pymortests/riccati.py:105: Suite splitting in effect</skipped></testcase><testcase classname="src.pymortests.riccati" file="src/pymortests/riccati.py" line="105" name="test_pos_ricc_lrcf[slycot-True-True-False-True-1-1-20]" time="0.0004124641418457031"><skipped message="Suite splitting in effect" type="pytest.skip">src/pymortests/riccati.py:105: Suite splitting in effect</skipped></testcase><testcase classname="src.pymortests.riccati" file="src/pymortests/riccati.py" line="105" name="test_pos_ricc_lrcf[slycot-True-True-False-True-1-2-10]" time="0.00044989585876464844"><skipped message="Suite splitting in effect" type="pytest.skip">src/pymortests/riccati.py:105: Suite splitting in effect</skipped></testcase><testcase classname="src.pymortests.riccati" file="src/pymortests/riccati.py" line="105" name="test_pos_ricc_lrcf[slycot-True-True-False-True-1-2-20]" time="0.00041031837463378906"><skipped message="Suite splitting in effect" type="pytest.skip">src/pymortests/riccati.py:105: Suite splitting in effect</skipped></testcase><testcase classname="src.pymortests.riccati" file="src/pymortests/riccati.py" line="105" name="test_pos_ricc_lrcf[slycot-True-True-False-True-2-1-10]" time="0.0004074573516845703"><skipped message="Suite splitting in effect" type="pytest.skip">src/pymortests/riccati.py:105: Suite splitting in effect</skipped></testcase><testcase classname="src.pymortests.riccati" file="src/pymortests/riccati.py" line="105" name="test_pos_ricc_lrcf[slycot-True-True-False-True-2-1-20]" time="0.0004680156707763672"><skipped message="Suite splitting in effect" type="pytest.skip">src/pymortests/riccati.py:105: Suite splitting in effect</skipped></testcase><testcase classname="src.pymortests.riccati" file="src/pymortests/riccati.py" line="105" name="test_pos_ricc_lrcf[slycot-True-True-False-True-2-2-10]" time="0.0004227161407470703"><skipped message="Suite splitting in effect" type="pytest.skip">src/pymortests/riccati.py:105: Suite splitting in effect</skipped></testcase><testcase classname="src.pymortests.riccati" file="src/pymortests/riccati.py" line="105" name="test_pos_ricc_lrcf[slycot-True-True-False-True-2-2-20]" time="0.0004525184631347656"><skipped message="Suite splitting in effect" type="pytest.skip">src/pymortests/riccati.py:105: Suite splitting in effect</skipped></testcase><testcase classname="src.pymortests.riccati" file="src/pymortests/riccati.py" line="105" name="test_pos_ricc_lrcf[slycot-True-True-True-False-1-1-10]" time="0.0004153251647949219"><skipped message="Suite splitting in effect" type="pytest.skip">src/pymortests/riccati.py:105: Suite splitting in effect</skipped></testcase><testcase classname="src.pymortests.riccati" file="src/pymortests/riccati.py" line="105" name="test_pos_ricc_lrcf[slycot-True-True-True-False-1-1-20]" time="0.0004475116729736328"><skipped message="Suite splitting in effect" type="pytest.skip">src/pymortests/riccati.py:105: Suite splitting in effect</skipped></testcase><testcase classname="src.pymortests.riccati" file="src/pymortests/riccati.py" line="105" name="test_pos_ricc_lrcf[slycot-True-True-True-False-1-2-10]" time="0.00044083595275878906"><skipped message="Suite splitting in effect" type="pytest.skip">src/pymortests/riccati.py:105: Suite splitting in effect</skipped></testcase><testcase classname="src.pymortests.riccati" file="src/pymortests/riccati.py" line="105" name="test_pos_ricc_lrcf[slycot-True-True-True-False-1-2-20]" time="0.0004138946533203125"><skipped message="Suite splitting in effect" type="pytest.skip">src/pymortests/riccati.py:105: Suite splitting in effect</skipped></testcase><testcase classname="src.pymortests.riccati" file="src/pymortests/riccati.py" line="105" name="test_pos_ricc_lrcf[slycot-True-True-True-False-2-1-10]" time="0.00043702125549316406"><skipped message="Suite splitting in effect" type="pytest.skip">src/pymortests/riccati.py:105: Suite splitting in effect</skipped></testcase><testcase classname="src.pymortests.riccati" file="src/pymortests/riccati.py" line="105" name="test_pos_ricc_lrcf[slycot-True-True-True-False-2-1-20]" time="0.0004286766052246094"><skipped message="Suite splitting in effect" type="pytest.skip">src/pymortests/riccati.py:105: Suite splitting in effect</skipped></testcase><testcase classname="src.pymortests.riccati" file="src/pymortests/riccati.py" line="105" name="test_pos_ricc_lrcf[slycot-True-True-True-False-2-2-10]" time="0.0007228851318359375"><skipped message="Suite splitting in effect" type="pytest.skip">src/pymortests/riccati.py:105: Suite splitting in effect</skipped></testcase><testcase classname="src.pymortests.riccati" file="src/pymortests/riccati.py" line="105" name="test_pos_ricc_lrcf[slycot-True-True-True-False-2-2-20]" time="0.00043487548828125"><skipped message="Suite splitting in effect" type="pytest.skip">src/pymortests/riccati.py:105: Suite splitting in effect</skipped></testcase><testcase classname="src.pymortests.riccati" file="src/pymortests/riccati.py" line="105" name="test_pos_ricc_lrcf[slycot-True-True-True-True-1-1-10]" time="0.0005459785461425781"><skipped message="Suite splitting in effect" type="pytest.skip">src/pymortests/riccati.py:105: Suite splitting in effect</skipped></testcase><testcase classname="src.pymortests.riccati" file="src/pymortests/riccati.py" line="105" name="test_pos_ricc_lrcf[slycot-True-True-True-True-1-1-20]" time="0.0006277561187744141"><skipped message="Suite splitting in effect" type="pytest.skip">src/pymortests/riccati.py:105: Suite splitting in effect</skipped></testcase><testcase classname="src.pymortests.riccati" file="src/pymortests/riccati.py" line="105" name="test_pos_ricc_lrcf[slycot-True-True-True-True-1-2-10]" time="0.00042366981506347656"><skipped message="Suite splitting in effect" type="pytest.skip">src/pymortests/riccati.py:105: Suite splitting in effect</skipped></testcase><testcase classname="src.pymortests.riccati" file="src/pymortests/riccati.py" line="105" name="test_pos_ricc_lrcf[slycot-True-True-True-True-1-2-20]" time="0.0004665851593017578"><skipped message="Suite splitting in effect" type="pytest.skip">src/pymortests/riccati.py:105: Suite splitting in effect</skipped></testcase><testcase classname="src.pymortests.riccati" file="src/pymortests/riccati.py" line="105" name="test_pos_ricc_lrcf[slycot-True-True-True-True-2-1-10]" time="0.0004105567932128906"><skipped message="Suite splitting in effect" type="pytest.skip">src/pymortests/riccati.py:105: Suite splitting in effect</skipped></testcase><testcase classname="src.pymortests.riccati" file="src/pymortests/riccati.py" line="105" name="test_pos_ricc_lrcf[slycot-True-True-True-True-2-1-20]" time="0.0004673004150390625"><skipped message="Suite splitting in effect" type="pytest.skip">src/pymortests/riccati.py:105: Suite splitting in effect</skipped></testcase><testcase classname="src.pymortests.riccati" file="src/pymortests/riccati.py" line="105" name="test_pos_ricc_lrcf[slycot-True-True-True-True-2-2-10]" time="0.0004475116729736328"><skipped message="Suite splitting in effect" type="pytest.skip">src/pymortests/riccati.py:105: Suite splitting in effect</skipped></testcase><testcase classname="src.pymortests.riccati" file="src/pymortests/riccati.py" line="105" name="test_pos_ricc_lrcf[slycot-True-True-True-True-2-2-20]" time="0.00042819976806640625"><skipped message="Suite splitting in effect" type="pytest.skip">src/pymortests/riccati.py:105: Suite splitting in effect</skipped></testcase><testcase classname="src.pymortests.riccati" file="src/pymortests/riccati.py" line="105" name="test_pos_ricc_lrcf[pymess_dense_nm_gmpcare-False-False-False-False-1-1-10]" time="0.0004718303680419922"><skipped message="Suite splitting in effect" type="pytest.skip">src/pymortests/riccati.py:105: Suite splitting in effect</skipped></testcase><testcase classname="src.pymortests.riccati" file="src/pymortests/riccati.py" line="105" name="test_pos_ricc_lrcf[pymess_dense_nm_gmpcare-False-False-False-False-1-1-20]" time="0.0004303455352783203"><skipped message="Suite splitting in effect" type="pytest.skip">src/pymortests/riccati.py:105: Suite splitting in effect</skipped></testcase><testcase classname="src.pymortests.riccati" file="src/pymortests/riccati.py" line="105" name="test_pos_ricc_lrcf[pymess_dense_nm_gmpcare-False-False-False-False-1-2-10]" time="0.0004456043243408203"><skipped message="Suite splitting in effect" type="pytest.skip">src/pymortests/riccati.py:105: Suite splitting in effect</skipped></testcase><testcase classname="src.pymortests.riccati" file="src/pymortests/riccati.py" line="105" name="test_pos_ricc_lrcf[pymess_dense_nm_gmpcare-False-False-False-False-1-2-20]" time="0.00040841102600097656"><skipped message="Suite splitting in effect" type="pytest.skip">src/pymortests/riccati.py:105: Suite splitting in effect</skipped></testcase><testcase classname="src.pymortests.riccati" file="src/pymortests/riccati.py" line="105" name="test_pos_ricc_lrcf[pymess_dense_nm_gmpcare-False-False-False-False-2-1-10]" time="0.0004315376281738281"><skipped message="Suite splitting in effect" type="pytest.skip">src/pymortests/riccati.py:105: Suite splitting in effect</skipped></testcase><testcase classname="src.pymortests.riccati" file="src/pymortests/riccati.py" line="105" name="test_pos_ricc_lrcf[pymess_dense_nm_gmpcare-False-False-False-False-2-1-20]" time="0.0004055500030517578"><skipped message="Suite splitting in effect" type="pytest.skip">src/pymortests/riccati.py:105: Suite splitting in effect</skipped></testcase><testcase classname="src.pymortests.riccati" file="src/pymortests/riccati.py" line="105" name="test_pos_ricc_lrcf[pymess_dense_nm_gmpcare-False-False-False-False-2-2-10]" time="0.0004019737243652344"><skipped message="Suite splitting in effect" type="pytest.skip">src/pymortests/riccati.py:105: Suite splitting in effect</skipped></testcase><testcase classname="src.pymortests.riccati" file="src/pymortests/riccati.py" line="105" name="test_pos_ricc_lrcf[pymess_dense_nm_gmpcare-False-False-False-False-2-2-20]" time="0.00040602684020996094"><skipped message="Suite splitting in effect" type="pytest.skip">src/pymortests/riccati.py:105: Suite splitting in effect</skipped></testcase><testcase classname="src.pymortests.riccati" file="src/pymortests/riccati.py" line="105" name="test_pos_ricc_lrcf[pymess_dense_nm_gmpcare-False-False-False-True-1-1-10]" time="0.00039958953857421875"><skipped message="Suite splitting in effect" type="pytest.skip">src/pymortests/riccati.py:105: Suite splitting in effect</skipped></testcase><testcase classname="src.pymortests.riccati" file="src/pymortests/riccati.py" line="105" name="test_pos_ricc_lrcf[pymess_dense_nm_gmpcare-False-False-False-True-1-1-20]" time="0.0004017353057861328"><skipped message="Suite splitting in effect" type="pytest.skip">src/pymortests/riccati.py:105: Suite splitting in effect</skipped></testcase><testcase classname="src.pymortests.riccati" file="src/pymortests/riccati.py" line="105" name="test_pos_ricc_lrcf[pymess_dense_nm_gmpcare-False-False-False-True-1-2-10]" time="0.00040721893310546875"><skipped message="Suite splitting in effect" type="pytest.skip">src/pymortests/riccati.py:105: Suite splitting in effect</skipped></testcase><testcase classname="src.pymortests.riccati" file="src/pymortests/riccati.py" line="105" name="test_pos_ricc_lrcf[pymess_dense_nm_gmpcare-False-False-False-True-1-2-20]" time="0.0004379749298095703"><skipped message="Suite splitting in effect" type="pytest.skip">src/pymortests/riccati.py:105: Suite splitting in effect</skipped></testcase><testcase classname="src.pymortests.riccati" file="src/pymortests/riccati.py" line="105" name="test_pos_ricc_lrcf[pymess_dense_nm_gmpcare-False-False-False-True-2-1-10]" time="0.0004029273986816406"><skipped message="Suite splitting in effect" type="pytest.skip">src/pymortests/riccati.py:105: Suite splitting in effect</skipped></testcase><testcase classname="src.pymortests.riccati" file="src/pymortests/riccati.py" line="105" name="test_pos_ricc_lrcf[pymess_dense_nm_gmpcare-False-False-False-True-2-1-20]" time="0.0004515647888183594"><skipped message="Suite splitting in effect" type="pytest.skip">src/pymortests/riccati.py:105: Suite splitting in effect</skipped></testcase><testcase classname="src.pymortests.riccati" file="src/pymortests/riccati.py" line="105" name="test_pos_ricc_lrcf[pymess_dense_nm_gmpcare-False-False-False-True-2-2-10]" time="0.00044345855712890625"><skipped message="Suite splitting in effect" type="pytest.skip">src/pymortests/riccati.py:105: Suite splitting in effect</skipped></testcase><testcase classname="src.pymortests.riccati" file="src/pymortests/riccati.py" line="105" name="test_pos_ricc_lrcf[pymess_dense_nm_gmpcare-False-False-False-True-2-2-20]" time="0.0004260540008544922"><skipped message="Suite splitting in effect" type="pytest.skip">src/pymortests/riccati.py:105: Suite splitting in effect</skipped></testcase><testcase classname="src.pymortests.riccati" file="src/pymortests/riccati.py" line="105" name="test_pos_ricc_lrcf[pymess_dense_nm_gmpcare-False-True-False-False-1-1-10]" time="0.0004088878631591797"><skipped message="Suite splitting in effect" type="pytest.skip">src/pymortests/riccati.py:105: Suite splitting in effect</skipped></testcase><testcase classname="src.pymortests.riccati" file="src/pymortests/riccati.py" line="105" name="test_pos_ricc_lrcf[pymess_dense_nm_gmpcare-False-True-False-False-1-1-20]" time="0.0004010200500488281"><skipped message="Suite splitting in effect" type="pytest.skip">src/pymortests/riccati.py:105: Suite splitting in effect</skipped></testcase><testcase classname="src.pymortests.riccati" file="src/pymortests/riccati.py" line="105" name="test_pos_ricc_lrcf[pymess_dense_nm_gmpcare-False-True-False-False-1-2-10]" time="0.0004451274871826172"><skipped message="Suite splitting in effect" type="pytest.skip">src/pymortests/riccati.py:105: Suite splitting in effect</skipped></testcase><testcase classname="src.pymortests.riccati" file="src/pymortests/riccati.py" line="105" name="test_pos_ricc_lrcf[pymess_dense_nm_gmpcare-False-True-False-False-1-2-20]" time="0.00046634674072265625"><skipped message="Suite splitting in effect" type="pytest.skip">src/pymortests/riccati.py:105: Suite splitting in effect</skipped></testcase><testcase classname="src.pymortests.riccati" file="src/pymortests/riccati.py" line="105" name="test_pos_ricc_lrcf[pymess_dense_nm_gmpcare-False-True-False-False-2-1-10]" time="0.0004477500915527344"><skipped message="Suite splitting in effect" type="pytest.skip">src/pymortests/riccati.py:105: Suite splitting in effect</skipped></testcase><testcase classname="src.pymortests.riccati" file="src/pymortests/riccati.py" line="105" name="test_pos_ricc_lrcf[pymess_dense_nm_gmpcare-False-True-False-False-2-1-20]" time="0.0004649162292480469"><skipped message="Suite splitting in effect" type="pytest.skip">src/pymortests/riccati.py:105: Suite splitting in effect</skipped></testcase><testcase classname="src.pymortests.riccati" file="src/pymortests/riccati.py" line="105" name="test_pos_ricc_lrcf[pymess_dense_nm_gmpcare-False-True-False-False-2-2-10]" time="0.00042891502380371094"><skipped message="Suite splitting in effect" type="pytest.skip">src/pymortests/riccati.py:105: Suite splitting in effect</skipped></testcase><testcase classname="src.pymortests.riccati" file="src/pymortests/riccati.py" line="105" name="test_pos_ricc_lrcf[pymess_dense_nm_gmpcare-False-True-False-False-2-2-20]" time="0.00039505958557128906"><skipped message="Suite splitting in effect" type="pytest.skip">src/pymortests/riccati.py:105: Suite splitting in effect</skipped></testcase><testcase classname="src.pymortests.riccati" file="src/pymortests/riccati.py" line="105" name="test_pos_ricc_lrcf[pymess_dense_nm_gmpcare-False-True-False-True-1-1-10]" time="0.00048732757568359375"><skipped message="Suite splitting in effect" type="pytest.skip">src/pymortests/riccati.py:105: Suite splitting in effect</skipped></testcase><testcase classname="src.pymortests.riccati" file="src/pymortests/riccati.py" line="105" name="test_pos_ricc_lrcf[pymess_dense_nm_gmpcare-False-True-False-True-1-1-20]" time="0.0004096031188964844"><skipped message="Suite splitting in effect" type="pytest.skip">src/pymortests/riccati.py:105: Suite splitting in effect</skipped></testcase><testcase classname="src.pymortests.riccati" file="src/pymortests/riccati.py" line="105" name="test_pos_ricc_lrcf[pymess_dense_nm_gmpcare-False-True-False-True-1-2-10]" time="0.0004222393035888672"><skipped message="Suite splitting in effect" type="pytest.skip">src/pymortests/riccati.py:105: Suite splitting in effect</skipped></testcase><testcase classname="src.pymortests.riccati" file="src/pymortests/riccati.py" line="105" name="test_pos_ricc_lrcf[pymess_dense_nm_gmpcare-False-True-False-True-1-2-20]" time="0.00040459632873535156"><skipped message="Suite splitting in effect" type="pytest.skip">src/pymortests/riccati.py:105: Suite splitting in effect</skipped></testcase><testcase classname="src.pymortests.riccati" file="src/pymortests/riccati.py" line="105" name="test_pos_ricc_lrcf[pymess_dense_nm_gmpcare-False-True-False-True-2-1-10]" time="0.0004558563232421875"><skipped message="Suite splitting in effect" type="pytest.skip">src/pymortests/riccati.py:105: Suite splitting in effect</skipped></testcase><testcase classname="src.pymortests.riccati" file="src/pymortests/riccati.py" line="105" name="test_pos_ricc_lrcf[pymess_dense_nm_gmpcare-False-True-False-True-2-1-20]" time="0.00041961669921875"><skipped message="Suite splitting in effect" type="pytest.skip">src/pymortests/riccati.py:105: Suite splitting in effect</skipped></testcase><testcase classname="src.pymortests.riccati" file="src/pymortests/riccati.py" line="105" name="test_pos_ricc_lrcf[pymess_dense_nm_gmpcare-False-True-False-True-2-2-10]" time="0.0004634857177734375"><skipped message="Suite splitting in effect" type="pytest.skip">src/pymortests/riccati.py:105: Suite splitting in effect</skipped></testcase><testcase classname="src.pymortests.riccati" file="src/pymortests/riccati.py" line="105" name="test_pos_ricc_lrcf[pymess_dense_nm_gmpcare-False-True-False-True-2-2-20]" time="0.0004322528839111328"><skipped message="Suite splitting in effect" type="pytest.skip">src/pymortests/riccati.py:105: Suite splitting in effect</skipped></testcase><testcase classname="src.pymortests.riccati" file="src/pymortests/riccati.py" line="105" name="test_pos_ricc_lrcf[pymess_dense_nm_gmpcare-False-True-True-False-1-1-10]" time="0.00041604042053222656"><skipped message="Suite splitting in effect" type="pytest.skip">src/pymortests/riccati.py:105: Suite splitting in effect</skipped></testcase><testcase classname="src.pymortests.riccati" file="src/pymortests/riccati.py" line="105" name="test_pos_ricc_lrcf[pymess_dense_nm_gmpcare-False-True-True-False-1-1-20]" time="0.0004734992980957031"><skipped message="Suite splitting in effect" type="pytest.skip">src/pymortests/riccati.py:105: Suite splitting in effect</skipped></testcase><testcase classname="src.pymortests.riccati" file="src/pymortests/riccati.py" line="105" name="test_pos_ricc_lrcf[pymess_dense_nm_gmpcare-False-True-True-False-1-2-10]" time="0.00045228004455566406"><skipped message="Suite splitting in effect" type="pytest.skip">src/pymortests/riccati.py:105: Suite splitting in effect</skipped></testcase><testcase classname="src.pymortests.riccati" file="src/pymortests/riccati.py" line="105" name="test_pos_ricc_lrcf[pymess_dense_nm_gmpcare-False-True-True-False-1-2-20]" time="0.0004429817199707031"><skipped message="Suite splitting in effect" type="pytest.skip">src/pymortests/riccati.py:105: Suite splitting in effect</skipped></testcase><testcase classname="src.pymortests.riccati" file="src/pymortests/riccati.py" line="105" name="test_pos_ricc_lrcf[pymess_dense_nm_gmpcare-False-True-True-False-2-1-10]" time="0.0004353523254394531"><skipped message="Suite splitting in effect" type="pytest.skip">src/pymortests/riccati.py:105: Suite splitting in effect</skipped></testcase><testcase classname="src.pymortests.riccati" file="src/pymortests/riccati.py" line="105" name="test_pos_ricc_lrcf[pymess_dense_nm_gmpcare-False-True-True-False-2-1-20]" time="0.00040721893310546875"><skipped message="Suite splitting in effect" type="pytest.skip">src/pymortests/riccati.py:105: Suite splitting in effect</skipped></testcase><testcase classname="src.pymortests.riccati" file="src/pymortests/riccati.py" line="105" name="test_pos_ricc_lrcf[pymess_dense_nm_gmpcare-False-True-True-False-2-2-10]" time="0.0004470348358154297"><skipped message="Suite splitting in effect" type="pytest.skip">src/pymortests/riccati.py:105: Suite splitting in effect</skipped></testcase><testcase classname="src.pymortests.riccati" file="src/pymortests/riccati.py" line="105" name="test_pos_ricc_lrcf[pymess_dense_nm_gmpcare-False-True-True-False-2-2-20]" time="0.00039839744567871094"><skipped message="Suite splitting in effect" type="pytest.skip">src/pymortests/riccati.py:105: Suite splitting in effect</skipped></testcase><testcase classname="src.pymortests.riccati" file="src/pymortests/riccati.py" line="105" name="test_pos_ricc_lrcf[pymess_dense_nm_gmpcare-False-True-True-True-1-1-10]" time="0.0004036426544189453"><skipped message="Suite splitting in effect" type="pytest.skip">src/pymortests/riccati.py:105: Suite splitting in effect</skipped></testcase><testcase classname="src.pymortests.riccati" file="src/pymortests/riccati.py" line="105" name="test_pos_ricc_lrcf[pymess_dense_nm_gmpcare-False-True-True-True-1-1-20]" time="0.0003933906555175781"><skipped message="Suite splitting in effect" type="pytest.skip">src/pymortests/riccati.py:105: Suite splitting in effect</skipped></testcase><testcase classname="src.pymortests.riccati" file="src/pymortests/riccati.py" line="105" name="test_pos_ricc_lrcf[pymess_dense_nm_gmpcare-False-True-True-True-1-2-10]" time="0.0004379749298095703"><skipped message="Suite splitting in effect" type="pytest.skip">src/pymortests/riccati.py:105: Suite splitting in effect</skipped></testcase><testcase classname="src.pymortests.riccati" file="src/pymortests/riccati.py" line="105" name="test_pos_ricc_lrcf[pymess_dense_nm_gmpcare-False-True-True-True-1-2-20]" time="0.0004093647003173828"><skipped message="Suite splitting in effect" type="pytest.skip">src/pymortests/riccati.py:105: Suite splitting in effect</skipped></testcase><testcase classname="src.pymortests.riccati" file="src/pymortests/riccati.py" line="105" name="test_pos_ricc_lrcf[pymess_dense_nm_gmpcare-False-True-True-True-2-1-10]" time="0.0005097389221191406"><skipped message="Suite splitting in effect" type="pytest.skip">src/pymortests/riccati.py:105: Suite splitting in effect</skipped></testcase><testcase classname="src.pymortests.riccati" file="src/pymortests/riccati.py" line="105" name="test_pos_ricc_lrcf[pymess_dense_nm_gmpcare-False-True-True-True-2-1-20]" time="0.0005688667297363281"><skipped message="Suite splitting in effect" type="pytest.skip">src/pymortests/riccati.py:105: Suite splitting in effect</skipped></testcase><testcase classname="src.pymortests.riccati" file="src/pymortests/riccati.py" line="105" name="test_pos_ricc_lrcf[pymess_dense_nm_gmpcare-False-True-True-True-2-2-10]" time="0.0004260540008544922"><skipped message="Suite splitting in effect" type="pytest.skip">src/pymortests/riccati.py:105: Suite splitting in effect</skipped></testcase><testcase classname="src.pymortests.riccati" file="src/pymortests/riccati.py" line="105" name="test_pos_ricc_lrcf[pymess_dense_nm_gmpcare-False-True-True-True-2-2-20]" time="0.0003936290740966797"><skipped message="Suite splitting in effect" type="pytest.skip">src/pymortests/riccati.py:105: Suite splitting in effect</skipped></testcase><testcase classname="src.pymortests.riccati" file="src/pymortests/riccati.py" line="105" name="test_pos_ricc_lrcf[pymess_dense_nm_gmpcare-True-False-False-False-1-1-10]" time="0.0004379749298095703"><skipped message="Suite splitting in effect" type="pytest.skip">src/pymortests/riccati.py:105: Suite splitting in effect</skipped></testcase><testcase classname="src.pymortests.riccati" file="src/pymortests/riccati.py" line="105" name="test_pos_ricc_lrcf[pymess_dense_nm_gmpcare-True-False-False-False-1-1-20]" time="0.0003962516784667969"><skipped message="Suite splitting in effect" type="pytest.skip">src/pymortests/riccati.py:105: Suite splitting in effect</skipped></testcase><testcase classname="src.pymortests.riccati" file="src/pymortests/riccati.py" line="105" name="test_pos_ricc_lrcf[pymess_dense_nm_gmpcare-True-False-False-False-1-2-10]" time="0.00043487548828125"><skipped message="Suite splitting in effect" type="pytest.skip">src/pymortests/riccati.py:105: Suite splitting in effect</skipped></testcase><testcase classname="src.pymortests.riccati" file="src/pymortests/riccati.py" line="105" name="test_pos_ricc_lrcf[pymess_dense_nm_gmpcare-True-False-False-False-1-2-20]" time="0.0004000663757324219"><skipped message="Suite splitting in effect" type="pytest.skip">src/pymortests/riccati.py:105: Suite splitting in effect</skipped></testcase><testcase classname="src.pymortests.riccati" file="src/pymortests/riccati.py" line="105" name="test_pos_ricc_lrcf[pymess_dense_nm_gmpcare-True-False-False-False-2-1-10]" time="0.0004527568817138672"><skipped message="Suite splitting in effect" type="pytest.skip">src/pymortests/riccati.py:105: Suite splitting in effect</skipped></testcase><testcase classname="src.pymortests.riccati" file="src/pymortests/riccati.py" line="105" name="test_pos_ricc_lrcf[pymess_dense_nm_gmpcare-True-False-False-False-2-1-20]" time="0.0004012584686279297"><skipped message="Suite splitting in effect" type="pytest.skip">src/pymortests/riccati.py:105: Suite splitting in effect</skipped></testcase><testcase classname="src.pymortests.riccati" file="src/pymortests/riccati.py" line="105" name="test_pos_ricc_lrcf[pymess_dense_nm_gmpcare-True-False-False-False-2-2-10]" time="0.0004763603210449219"><skipped message="Suite splitting in effect" type="pytest.skip">src/pymortests/riccati.py:105: Suite splitting in effect</skipped></testcase><testcase classname="src.pymortests.riccati" file="src/pymortests/riccati.py" line="105" name="test_pos_ricc_lrcf[pymess_dense_nm_gmpcare-True-False-False-False-2-2-20]" time="0.0004343986511230469"><skipped message="Suite splitting in effect" type="pytest.skip">src/pymortests/riccati.py:105: Suite splitting in effect</skipped></testcase><testcase classname="src.pymortests.riccati" file="src/pymortests/riccati.py" line="105" name="test_pos_ricc_lrcf[pymess_dense_nm_gmpcare-True-False-False-True-1-1-10]" time="0.00041174888610839844"><skipped message="Suite splitting in effect" type="pytest.skip">src/pymortests/riccati.py:105: Suite splitting in effect</skipped></testcase><testcase classname="src.pymortests.riccati" file="src/pymortests/riccati.py" line="105" name="test_pos_ricc_lrcf[pymess_dense_nm_gmpcare-True-False-False-True-1-1-20]" time="0.0004343986511230469"><skipped message="Suite splitting in effect" type="pytest.skip">src/pymortests/riccati.py:105: Suite splitting in effect</skipped></testcase><testcase classname="src.pymortests.riccati" file="src/pymortests/riccati.py" line="105" name="test_pos_ricc_lrcf[pymess_dense_nm_gmpcare-True-False-False-True-1-2-10]" time="0.0004336833953857422"><skipped message="Suite splitting in effect" type="pytest.skip">src/pymortests/riccati.py:105: Suite splitting in effect</skipped></testcase><testcase classname="src.pymortests.riccati" file="src/pymortests/riccati.py" line="105" name="test_pos_ricc_lrcf[pymess_dense_nm_gmpcare-True-False-False-True-1-2-20]" time="0.0004341602325439453"><skipped message="Suite splitting in effect" type="pytest.skip">src/pymortests/riccati.py:105: Suite splitting in effect</skipped></testcase><testcase classname="src.pymortests.riccati" file="src/pymortests/riccati.py" line="105" name="test_pos_ricc_lrcf[pymess_dense_nm_gmpcare-True-False-False-True-2-1-10]" time="0.00042629241943359375"><skipped message="Suite splitting in effect" type="pytest.skip">src/pymortests/riccati.py:105: Suite splitting in effect</skipped></testcase><testcase classname="src.pymortests.riccati" file="src/pymortests/riccati.py" line="105" name="test_pos_ricc_lrcf[pymess_dense_nm_gmpcare-True-False-False-True-2-1-20]" time="0.0004658699035644531"><skipped message="Suite splitting in effect" type="pytest.skip">src/pymortests/riccati.py:105: Suite splitting in effect</skipped></testcase><testcase classname="src.pymortests.riccati" file="src/pymortests/riccati.py" line="105" name="test_pos_ricc_lrcf[pymess_dense_nm_gmpcare-True-False-False-True-2-2-10]" time="0.00039887428283691406"><skipped message="Suite splitting in effect" type="pytest.skip">src/pymortests/riccati.py:105: Suite splitting in effect</skipped></testcase><testcase classname="src.pymortests.riccati" file="src/pymortests/riccati.py" line="105" name="test_pos_ricc_lrcf[pymess_dense_nm_gmpcare-True-False-False-True-2-2-20]" time="0.00042438507080078125"><skipped message="Suite splitting in effect" type="pytest.skip">src/pymortests/riccati.py:105: Suite splitting in effect</skipped></testcase><testcase classname="src.pymortests.riccati" file="src/pymortests/riccati.py" line="105" name="test_pos_ricc_lrcf[pymess_dense_nm_gmpcare-True-True-False-False-1-1-10]" time="0.00043320655822753906"><skipped message="Suite splitting in effect" type="pytest.skip">src/pymortests/riccati.py:105: Suite splitting in effect</skipped></testcase><testcase classname="src.pymortests.riccati" file="src/pymortests/riccati.py" line="105" name="test_pos_ricc_lrcf[pymess_dense_nm_gmpcare-True-True-False-False-1-1-20]" time="0.0004336833953857422"><skipped message="Suite splitting in effect" type="pytest.skip">src/pymortests/riccati.py:105: Suite splitting in effect</skipped></testcase><testcase classname="src.pymortests.riccati" file="src/pymortests/riccati.py" line="105" name="test_pos_ricc_lrcf[pymess_dense_nm_gmpcare-True-True-False-False-1-2-10]" time="0.0004355907440185547"><skipped message="Suite splitting in effect" type="pytest.skip">src/pymortests/riccati.py:105: Suite splitting in effect</skipped></testcase><testcase classname="src.pymortests.riccati" file="src/pymortests/riccati.py" line="105" name="test_pos_ricc_lrcf[pymess_dense_nm_gmpcare-True-True-False-False-1-2-20]" time="0.0004055500030517578"><skipped message="Suite splitting in effect" type="pytest.skip">src/pymortests/riccati.py:105: Suite splitting in effect</skipped></testcase><testcase classname="src.pymortests.riccati" file="src/pymortests/riccati.py" line="105" name="test_pos_ricc_lrcf[pymess_dense_nm_gmpcare-True-True-False-False-2-1-10]" time="0.00043463706970214844"><skipped message="Suite splitting in effect" type="pytest.skip">src/pymortests/riccati.py:105: Suite splitting in effect</skipped></testcase><testcase classname="src.pymortests.riccati" file="src/pymortests/riccati.py" line="105" name="test_pos_ricc_lrcf[pymess_dense_nm_gmpcare-True-True-False-False-2-1-20]" time="0.00041365623474121094"><skipped message="Suite splitting in effect" type="pytest.skip">src/pymortests/riccati.py:105: Suite splitting in effect</skipped></testcase><testcase classname="src.pymortests.riccati" file="src/pymortests/riccati.py" line="105" name="test_pos_ricc_lrcf[pymess_dense_nm_gmpcare-True-True-False-False-2-2-10]" time="0.00042939186096191406"><skipped message="Suite splitting in effect" type="pytest.skip">src/pymortests/riccati.py:105: Suite splitting in effect</skipped></testcase><testcase classname="src.pymortests.riccati" file="src/pymortests/riccati.py" line="105" name="test_pos_ricc_lrcf[pymess_dense_nm_gmpcare-True-True-False-False-2-2-20]" time="0.0004036426544189453"><skipped message="Suite splitting in effect" type="pytest.skip">src/pymortests/riccati.py:105: Suite splitting in effect</skipped></testcase><testcase classname="src.pymortests.riccati" file="src/pymortests/riccati.py" line="105" name="test_pos_ricc_lrcf[pymess_dense_nm_gmpcare-True-True-False-True-1-1-10]" time="0.0004324913024902344"><skipped message="Suite splitting in effect" type="pytest.skip">src/pymortests/riccati.py:105: Suite splitting in effect</skipped></testcase><testcase classname="src.pymortests.riccati" file="src/pymortests/riccati.py" line="105" name="test_pos_ricc_lrcf[pymess_dense_nm_gmpcare-True-True-False-True-1-1-20]" time="0.0003962516784667969"><skipped message="Suite splitting in effect" type="pytest.skip">src/pymortests/riccati.py:105: Suite splitting in effect</skipped></testcase><testcase classname="src.pymortests.riccati" file="src/pymortests/riccati.py" line="105" name="test_pos_ricc_lrcf[pymess_dense_nm_gmpcare-True-True-False-True-1-2-10]" time="0.0004601478576660156"><skipped message="Suite splitting in effect" type="pytest.skip">src/pymortests/riccati.py:105: Suite splitting in effect</skipped></testcase><testcase classname="src.pymortests.riccati" file="src/pymortests/riccati.py" line="105" name="test_pos_ricc_lrcf[pymess_dense_nm_gmpcare-True-True-False-True-1-2-20]" time="0.0003986358642578125"><skipped message="Suite splitting in effect" type="pytest.skip">src/pymortests/riccati.py:105: Suite splitting in effect</skipped></testcase><testcase classname="src.pymortests.riccati" file="src/pymortests/riccati.py" line="105" name="test_pos_ricc_lrcf[pymess_dense_nm_gmpcare-True-True-False-True-2-1-10]" time="0.00043129920959472656"><skipped message="Suite splitting in effect" type="pytest.skip">src/pymortests/riccati.py:105: Suite splitting in effect</skipped></testcase><testcase classname="src.pymortests.riccati" file="src/pymortests/riccati.py" line="105" name="test_pos_ricc_lrcf[pymess_dense_nm_gmpcare-True-True-False-True-2-1-20]" time="0.00047206878662109375"><skipped message="Suite splitting in effect" type="pytest.skip">src/pymortests/riccati.py:105: Suite splitting in effect</skipped></testcase><testcase classname="src.pymortests.riccati" file="src/pymortests/riccati.py" line="105" name="test_pos_ricc_lrcf[pymess_dense_nm_gmpcare-True-True-False-True-2-2-10]" time="0.00039386749267578125"><skipped message="Suite splitting in effect" type="pytest.skip">src/pymortests/riccati.py:105: Suite splitting in effect</skipped></testcase><testcase classname="src.pymortests.riccati" file="src/pymortests/riccati.py" line="105" name="test_pos_ricc_lrcf[pymess_dense_nm_gmpcare-True-True-False-True-2-2-20]" time="0.00045871734619140625"><skipped message="Suite splitting in effect" type="pytest.skip">src/pymortests/riccati.py:105: Suite splitting in effect</skipped></testcase><testcase classname="src.pymortests.riccati" file="src/pymortests/riccati.py" line="105" name="test_pos_ricc_lrcf[pymess_dense_nm_gmpcare-True-True-True-False-1-1-10]" time="0.0004241466522216797"><skipped message="Suite splitting in effect" type="pytest.skip">src/pymortests/riccati.py:105: Suite splitting in effect</skipped></testcase><testcase classname="src.pymortests.riccati" file="src/pymortests/riccati.py" line="105" name="test_pos_ricc_lrcf[pymess_dense_nm_gmpcare-True-True-True-False-1-1-20]" time="0.00043082237243652344"><skipped message="Suite splitting in effect" type="pytest.skip">src/pymortests/riccati.py:105: Suite splitting in effect</skipped></testcase><testcase classname="src.pymortests.riccati" file="src/pymortests/riccati.py" line="105" name="test_pos_ricc_lrcf[pymess_dense_nm_gmpcare-True-True-True-False-1-2-10]" time="0.0003993511199951172"><skipped message="Suite splitting in effect" type="pytest.skip">src/pymortests/riccati.py:105: Suite splitting in effect</skipped></testcase><testcase classname="src.pymortests.riccati" file="src/pymortests/riccati.py" line="105" name="test_pos_ricc_lrcf[pymess_dense_nm_gmpcare-True-True-True-False-1-2-20]" time="0.0004363059997558594"><skipped message="Suite splitting in effect" type="pytest.skip">src/pymortests/riccati.py:105: Suite splitting in effect</skipped></testcase><testcase classname="src.pymortests.riccati" file="src/pymortests/riccati.py" line="105" name="test_pos_ricc_lrcf[pymess_dense_nm_gmpcare-True-True-True-False-2-1-10]" time="0.0004146099090576172"><skipped message="Suite splitting in effect" type="pytest.skip">src/pymortests/riccati.py:105: Suite splitting in effect</skipped></testcase><testcase classname="src.pymortests.riccati" file="src/pymortests/riccati.py" line="105" name="test_pos_ricc_lrcf[pymess_dense_nm_gmpcare-True-True-True-False-2-1-20]" time="0.0006957054138183594"><skipped message="Suite splitting in effect" type="pytest.skip">src/pymortests/riccati.py:105: Suite splitting in effect</skipped></testcase><testcase classname="src.pymortests.riccati" file="src/pymortests/riccati.py" line="105" name="test_pos_ricc_lrcf[pymess_dense_nm_gmpcare-True-True-True-False-2-2-10]" time="0.0004363059997558594"><skipped message="Suite splitting in effect" type="pytest.skip">src/pymortests/riccati.py:105: Suite splitting in effect</skipped></testcase><testcase classname="src.pymortests.riccati" file="src/pymortests/riccati.py" line="105" name="test_pos_ricc_lrcf[pymess_dense_nm_gmpcare-True-True-True-False-2-2-20]" time="0.00041961669921875"><skipped message="Suite splitting in effect" type="pytest.skip">src/pymortests/riccati.py:105: Suite splitting in effect</skipped></testcase><testcase classname="src.pymortests.riccati" file="src/pymortests/riccati.py" line="105" name="test_pos_ricc_lrcf[pymess_dense_nm_gmpcare-True-True-True-True-1-1-10]" time="0.00041222572326660156"><skipped message="Suite splitting in effect" type="pytest.skip">src/pymortests/riccati.py:105: Suite splitting in effect</skipped></testcase><testcase classname="src.pymortests.riccati" file="src/pymortests/riccati.py" line="105" name="test_pos_ricc_lrcf[pymess_dense_nm_gmpcare-True-True-True-True-1-1-20]" time="0.0004868507385253906"><skipped message="Suite splitting in effect" type="pytest.skip">src/pymortests/riccati.py:105: Suite splitting in effect</skipped></testcase><testcase classname="src.pymortests.riccati" file="src/pymortests/riccati.py" line="105" name="test_pos_ricc_lrcf[pymess_dense_nm_gmpcare-True-True-True-True-1-2-10]" time="0.0004019737243652344"><skipped message="Suite splitting in effect" type="pytest.skip">src/pymortests/riccati.py:105: Suite splitting in effect</skipped></testcase><testcase classname="src.pymortests.riccati" file="src/pymortests/riccati.py" line="105" name="test_pos_ricc_lrcf[pymess_dense_nm_gmpcare-True-True-True-True-1-2-20]" time="0.0003948211669921875"><skipped message="Suite splitting in effect" type="pytest.skip">src/pymortests/riccati.py:105: Suite splitting in effect</skipped></testcase><testcase classname="src.pymortests.riccati" file="src/pymortests/riccati.py" line="105" name="test_pos_ricc_lrcf[pymess_dense_nm_gmpcare-True-True-True-True-2-1-10]" time="0.00044155120849609375"><skipped message="Suite splitting in effect" type="pytest.skip">src/pymortests/riccati.py:105: Suite splitting in effect</skipped></testcase><testcase classname="src.pymortests.riccati" file="src/pymortests/riccati.py" line="105" name="test_pos_ricc_lrcf[pymess_dense_nm_gmpcare-True-True-True-True-2-1-20]" time="0.00044798851013183594"><skipped message="Suite splitting in effect" type="pytest.skip">src/pymortests/riccati.py:105: Suite splitting in effect</skipped></testcase><testcase classname="src.pymortests.riccati" file="src/pymortests/riccati.py" line="105" name="test_pos_ricc_lrcf[pymess_dense_nm_gmpcare-True-True-True-True-2-2-10]" time="0.0004286766052246094"><skipped message="Suite splitting in effect" type="pytest.skip">src/pymortests/riccati.py:105: Suite splitting in effect</skipped></testcase><testcase classname="src.pymortests.riccati" file="src/pymortests/riccati.py" line="105" name="test_pos_ricc_lrcf[pymess_dense_nm_gmpcare-True-True-True-True-2-2-20]" time="0.0004303455352783203"><skipped message="Suite splitting in effect" type="pytest.skip">src/pymortests/riccati.py:105: Suite splitting in effect</skipped></testcase><testcase classname="src.pymortests.solver" file="src/pymortests/solver.py" line="48" name="test_generic_solvers[generic_lgmres]" time="0.0004878044128417969"><skipped message="Suite splitting in effect" type="pytest.skip">src/pymortests/solver.py:48: Suite splitting in effect</skipped></testcase><testcase classname="src.pymortests.solver" file="src/pymortests/solver.py" line="48" name="test_generic_solvers[generic_least_squares_lsmr]" time="0.0005021095275878906"><skipped message="Suite splitting in effect" type="pytest.skip">src/pymortests/solver.py:48: Suite splitting in effect</skipped></testcase><testcase classname="src.pymortests.solver" file="src/pymortests/solver.py" line="48" name="test_generic_solvers[generic_least_squares_lsqr]" time="0.0005285739898681641"><skipped message="Suite splitting in effect" type="pytest.skip">src/pymortests/solver.py:48: Suite splitting in effect</skipped></testcase><testcase classname="src.pymortests.solver" file="src/pymortests/solver.py" line="55" name="test_numpy_dense_solvers" time="0.0005500316619873047"><skipped message="Suite splitting in effect" type="pytest.skip">src/pymortests/solver.py:55: Suite splitting in effect</skipped></testcase><testcase classname="src.pymortests.solver" file="src/pymortests/solver.py" line="62" name="test_numpy_sparse_solvers[generic_least_squares_lsqr]" time="0.0006008148193359375"><skipped message="Suite splitting in effect" type="pytest.skip">src/pymortests/solver.py:62: Suite splitting in effect</skipped></testcase><testcase classname="src.pymortests.solver" file="src/pymortests/solver.py" line="62" name="test_numpy_sparse_solvers[scipy_spsolve]" time="0.0005388259887695312"><skipped message="Suite splitting in effect" type="pytest.skip">src/pymortests/solver.py:62: Suite splitting in effect</skipped></testcase><testcase classname="src.pymortests.solver" file="src/pymortests/solver.py" line="62" name="test_numpy_sparse_solvers[scipy_lgmres]" time="0.0005006790161132812"><skipped message="Suite splitting in effect" type="pytest.skip">src/pymortests/solver.py:62: Suite splitting in effect</skipped></testcase><testcase classname="src.pymortests.solver" file="src/pymortests/solver.py" line="62" name="test_numpy_sparse_solvers[scipy_least_squares_lsmr]" time="0.0006558895111083984"><skipped message="Suite splitting in effect" type="pytest.skip">src/pymortests/solver.py:62: Suite splitting in effect</skipped></testcase><testcase classname="src.pymortests.solver" file="src/pymortests/solver.py" line="62" name="test_numpy_sparse_solvers[scipy_bicgstab_spilu]" time="0.0004849433898925781"><skipped message="Suite splitting in effect" type="pytest.skip">src/pymortests/solver.py:62: Suite splitting in effect</skipped></testcase><testcase classname="src.pymortests.solver" file="src/pymortests/solver.py" line="62" name="test_numpy_sparse_solvers[scipy_least_squares_lsqr]" time="0.0006604194641113281"><skipped message="Suite splitting in effect" type="pytest.skip">src/pymortests/solver.py:62: Suite splitting in effect</skipped></testcase><testcase classname="src.pymortests.solver" file="src/pymortests/solver.py" line="62" name="test_numpy_sparse_solvers[pyamg_rs]" time="0.0006563663482666016"><skipped message="Suite splitting in effect" type="pytest.skip">src/pymortests/solver.py:62: Suite splitting in effect</skipped></testcase><testcase classname="src.pymortests.solver" file="src/pymortests/solver.py" line="62" name="test_numpy_sparse_solvers[pyamg_solve]" time="0.0004966259002685547"><skipped message="Suite splitting in effect" type="pytest.skip">src/pymortests/solver.py:62: Suite splitting in effect</skipped></testcase><testcase classname="src.pymortests.solver" file="src/pymortests/solver.py" line="62" name="test_numpy_sparse_solvers[generic_lgmres]" time="0.0004489421844482422"><skipped message="Suite splitting in effect" type="pytest.skip">src/pymortests/solver.py:62: Suite splitting in effect</skipped></testcase><testcase classname="src.pymortests.solver" file="src/pymortests/solver.py" line="62" name="test_numpy_sparse_solvers[generic_least_squares_lsmr]" time="0.0004062652587890625"><skipped message="Suite splitting in effect" type="pytest.skip">src/pymortests/solver.py:62: Suite splitting in effect</skipped></testcase><testcase classname="src.pymortests.solver" file="src/pymortests/solver.py" line="62" name="test_numpy_sparse_solvers[pyamg_sa]" time="0.0004475116729736328"><skipped message="Suite splitting in effect" type="pytest.skip">src/pymortests/solver.py:62: Suite splitting in effect</skipped></testcase><testcase classname="src.pymortests.solver" file="src/pymortests/solver.py" line="62" name="test_numpy_sparse_solvers[scipy_bicgstab]" time="0.0003948211669921875"><skipped message="Suite splitting in effect" type="pytest.skip">src/pymortests/solver.py:62: Suite splitting in effect</skipped></testcase><testcase classname="src.pymortests.sylvester" file="src/pymortests/sylvester.py" line="47" name="test_sylv_schur_V[1-1-100]" time="0.0005393028259277344"><skipped message="Suite splitting in effect" type="pytest.skip">src/pymortests/sylvester.py:47: Suite splitting in effect</skipped></testcase><testcase classname="src.pymortests.sylvester" file="src/pymortests/sylvester.py" line="47" name="test_sylv_schur_V[1-1-1000]" time="0.0005733966827392578"><skipped message="Suite splitting in effect" type="pytest.skip">src/pymortests/sylvester.py:47: Suite splitting in effect</skipped></testcase><testcase classname="src.pymortests.sylvester" file="src/pymortests/sylvester.py" line="47" name="test_sylv_schur_V[1-10-100]" time="0.0004038810729980469"><skipped message="Suite splitting in effect" type="pytest.skip">src/pymortests/sylvester.py:47: Suite splitting in effect</skipped></testcase><testcase classname="src.pymortests.sylvester" file="src/pymortests/sylvester.py" line="47" name="test_sylv_schur_V[1-10-1000]" time="0.00042748451232910156"><skipped message="Suite splitting in effect" type="pytest.skip">src/pymortests/sylvester.py:47: Suite splitting in effect</skipped></testcase><testcase classname="src.pymortests.sylvester" file="src/pymortests/sylvester.py" line="47" name="test_sylv_schur_V[1-20-100]" time="0.0004298686981201172"><skipped message="Suite splitting in effect" type="pytest.skip">src/pymortests/sylvester.py:47: Suite splitting in effect</skipped></testcase><testcase classname="src.pymortests.sylvester" file="src/pymortests/sylvester.py" line="47" name="test_sylv_schur_V[1-20-1000]" time="0.00042700767517089844"><skipped message="Suite splitting in effect" type="pytest.skip">src/pymortests/sylvester.py:47: Suite splitting in effect</skipped></testcase><testcase classname="src.pymortests.sylvester" file="src/pymortests/sylvester.py" line="47" name="test_sylv_schur_V[2-1-100]" time="0.0004010200500488281"><skipped message="Suite splitting in effect" type="pytest.skip">src/pymortests/sylvester.py:47: Suite splitting in effect</skipped></testcase><testcase classname="src.pymortests.sylvester" file="src/pymortests/sylvester.py" line="47" name="test_sylv_schur_V[2-1-1000]" time="0.0004496574401855469"><skipped message="Suite splitting in effect" type="pytest.skip">src/pymortests/sylvester.py:47: Suite splitting in effect</skipped></testcase><testcase classname="src.pymortests.sylvester" file="src/pymortests/sylvester.py" line="47" name="test_sylv_schur_V[2-10-100]" time="0.00039505958557128906"><skipped message="Suite splitting in effect" type="pytest.skip">src/pymortests/sylvester.py:47: Suite splitting in effect</skipped></testcase><testcase classname="src.pymortests.sylvester" file="src/pymortests/sylvester.py" line="47" name="test_sylv_schur_V[2-10-1000]" time="0.0004241466522216797"><skipped message="Suite splitting in effect" type="pytest.skip">src/pymortests/sylvester.py:47: Suite splitting in effect</skipped></testcase><testcase classname="src.pymortests.sylvester" file="src/pymortests/sylvester.py" line="47" name="test_sylv_schur_V[2-20-100]" time="0.0004024505615234375"><skipped message="Suite splitting in effect" type="pytest.skip">src/pymortests/sylvester.py:47: Suite splitting in effect</skipped></testcase><testcase classname="src.pymortests.sylvester" file="src/pymortests/sylvester.py" line="47" name="test_sylv_schur_V[2-20-1000]" time="0.0004260540008544922"><skipped message="Suite splitting in effect" type="pytest.skip">src/pymortests/sylvester.py:47: Suite splitting in effect</skipped></testcase><testcase classname="src.pymortests.sylvester" file="src/pymortests/sylvester.py" line="75" name="test_sylv_schur_V_E[1-1-100]" time="0.00039458274841308594"><skipped message="Suite splitting in effect" type="pytest.skip">src/pymortests/sylvester.py:75: Suite splitting in effect</skipped></testcase><testcase classname="src.pymortests.sylvester" file="src/pymortests/sylvester.py" line="75" name="test_sylv_schur_V_E[1-1-1000]" time="0.0004329681396484375"><skipped message="Suite splitting in effect" type="pytest.skip">src/pymortests/sylvester.py:75: Suite splitting in effect</skipped></testcase><testcase classname="src.pymortests.sylvester" file="src/pymortests/sylvester.py" line="75" name="test_sylv_schur_V_E[1-10-100]" time="0.0003952980041503906"><skipped message="Suite splitting in effect" type="pytest.skip">src/pymortests/sylvester.py:75: Suite splitting in effect</skipped></testcase><testcase classname="src.pymortests.sylvester" file="src/pymortests/sylvester.py" line="75" name="test_sylv_schur_V_E[1-10-1000]" time="0.00039386749267578125"><skipped message="Suite splitting in effect" type="pytest.skip">src/pymortests/sylvester.py:75: Suite splitting in effect</skipped></testcase><testcase classname="src.pymortests.sylvester" file="src/pymortests/sylvester.py" line="75" name="test_sylv_schur_V_E[1-20-100]" time="0.0004172325134277344"><skipped message="Suite splitting in effect" type="pytest.skip">src/pymortests/sylvester.py:75: Suite splitting in effect</skipped></testcase><testcase classname="src.pymortests.sylvester" file="src/pymortests/sylvester.py" line="75" name="test_sylv_schur_V_E[1-20-1000]" time="0.0004379749298095703"><skipped message="Suite splitting in effect" type="pytest.skip">src/pymortests/sylvester.py:75: Suite splitting in effect</skipped></testcase><testcase classname="src.pymortests.sylvester" file="src/pymortests/sylvester.py" line="75" name="test_sylv_schur_V_E[2-1-100]" time="0.0004620552062988281"><skipped message="Suite splitting in effect" type="pytest.skip">src/pymortests/sylvester.py:75: Suite splitting in effect</skipped></testcase><testcase classname="src.pymortests.sylvester" file="src/pymortests/sylvester.py" line="75" name="test_sylv_schur_V_E[2-1-1000]" time="0.0004169940948486328"><skipped message="Suite splitting in effect" type="pytest.skip">src/pymortests/sylvester.py:75: Suite splitting in effect</skipped></testcase><testcase classname="src.pymortests.sylvester" file="src/pymortests/sylvester.py" line="75" name="test_sylv_schur_V_E[2-10-100]" time="0.00042891502380371094"><skipped message="Suite splitting in effect" type="pytest.skip">src/pymortests/sylvester.py:75: Suite splitting in effect</skipped></testcase><testcase classname="src.pymortests.sylvester" file="src/pymortests/sylvester.py" line="75" name="test_sylv_schur_V_E[2-10-1000]" time="0.00042128562927246094"><skipped message="Suite splitting in effect" type="pytest.skip">src/pymortests/sylvester.py:75: Suite splitting in effect</skipped></testcase><testcase classname="src.pymortests.sylvester" file="src/pymortests/sylvester.py" line="75" name="test_sylv_schur_V_E[2-20-100]" time="0.00042176246643066406"><skipped message="Suite splitting in effect" type="pytest.skip">src/pymortests/sylvester.py:75: Suite splitting in effect</skipped></testcase><testcase classname="src.pymortests.sylvester" file="src/pymortests/sylvester.py" line="75" name="test_sylv_schur_V_E[2-20-1000]" time="0.00042319297790527344"><skipped message="Suite splitting in effect" type="pytest.skip">src/pymortests/sylvester.py:75: Suite splitting in effect</skipped></testcase><testcase classname="src.pymortests.sylvester" file="src/pymortests/sylvester.py" line="108" name="test_sylv_schur_W[1-1-100]" time="0.0004417896270751953"><skipped message="Suite splitting in effect" type="pytest.skip">src/pymortests/sylvester.py:108: Suite splitting in effect</skipped></testcase><testcase classname="src.pymortests.sylvester" file="src/pymortests/sylvester.py" line="108" name="test_sylv_schur_W[1-1-1000]" time="0.00042724609375"><skipped message="Suite splitting in effect" type="pytest.skip">src/pymortests/sylvester.py:108: Suite splitting in effect</skipped></testcase><testcase classname="src.pymortests.sylvester" file="src/pymortests/sylvester.py" line="108" name="test_sylv_schur_W[1-10-100]" time="0.00044727325439453125"><skipped message="Suite splitting in effect" type="pytest.skip">src/pymortests/sylvester.py:108: Suite splitting in effect</skipped></testcase><testcase classname="src.pymortests.sylvester" file="src/pymortests/sylvester.py" line="108" name="test_sylv_schur_W[1-10-1000]" time="0.0004303455352783203"><skipped message="Suite splitting in effect" type="pytest.skip">src/pymortests/sylvester.py:108: Suite splitting in effect</skipped></testcase><testcase classname="src.pymortests.sylvester" file="src/pymortests/sylvester.py" line="108" name="test_sylv_schur_W[1-20-100]" time="0.0004100799560546875"><skipped message="Suite splitting in effect" type="pytest.skip">src/pymortests/sylvester.py:108: Suite splitting in effect</skipped></testcase><testcase classname="src.pymortests.sylvester" file="src/pymortests/sylvester.py" line="108" name="test_sylv_schur_W[1-20-1000]" time="0.0004246234893798828"><skipped message="Suite splitting in effect" type="pytest.skip">src/pymortests/sylvester.py:108: Suite splitting in effect</skipped></testcase><testcase classname="src.pymortests.sylvester" file="src/pymortests/sylvester.py" line="108" name="test_sylv_schur_W[2-1-100]" time="0.0004010200500488281"><skipped message="Suite splitting in effect" type="pytest.skip">src/pymortests/sylvester.py:108: Suite splitting in effect</skipped></testcase><testcase classname="src.pymortests.sylvester" file="src/pymortests/sylvester.py" line="108" name="test_sylv_schur_W[2-1-1000]" time="0.00044083595275878906"><skipped message="Suite splitting in effect" type="pytest.skip">src/pymortests/sylvester.py:108: Suite splitting in effect</skipped></testcase><testcase classname="src.pymortests.sylvester" file="src/pymortests/sylvester.py" line="108" name="test_sylv_schur_W[2-10-100]" time="0.0003936290740966797"><skipped message="Suite splitting in effect" type="pytest.skip">src/pymortests/sylvester.py:108: Suite splitting in effect</skipped></testcase><testcase classname="src.pymortests.sylvester" file="src/pymortests/sylvester.py" line="108" name="test_sylv_schur_W[2-10-1000]" time="0.000438690185546875"><skipped message="Suite splitting in effect" type="pytest.skip">src/pymortests/sylvester.py:108: Suite splitting in effect</skipped></testcase><testcase classname="src.pymortests.sylvester" file="src/pymortests/sylvester.py" line="108" name="test_sylv_schur_W[2-20-100]" time="0.00040030479431152344"><skipped message="Suite splitting in effect" type="pytest.skip">src/pymortests/sylvester.py:108: Suite splitting in effect</skipped></testcase><testcase classname="src.pymortests.sylvester" file="src/pymortests/sylvester.py" line="108" name="test_sylv_schur_W[2-20-1000]" time="0.0003962516784667969"><skipped message="Suite splitting in effect" type="pytest.skip">src/pymortests/sylvester.py:108: Suite splitting in effect</skipped></testcase><testcase classname="src.pymortests.sylvester" file="src/pymortests/sylvester.py" line="136" name="test_sylv_schur_W_E[1-1-100]" time="0.0003962516784667969"><skipped message="Suite splitting in effect" type="pytest.skip">src/pymortests/sylvester.py:136: Suite splitting in effect</skipped></testcase><testcase classname="src.pymortests.sylvester" file="src/pymortests/sylvester.py" line="136" name="test_sylv_schur_W_E[1-1-1000]" time="0.00041413307189941406"><skipped message="Suite splitting in effect" type="pytest.skip">src/pymortests/sylvester.py:136: Suite splitting in effect</skipped></testcase><testcase classname="src.pymortests.sylvester" file="src/pymortests/sylvester.py" line="136" name="test_sylv_schur_W_E[1-10-100]" time="0.0004324913024902344"><skipped message="Suite splitting in effect" type="pytest.skip">src/pymortests/sylvester.py:136: Suite splitting in effect</skipped></testcase><testcase classname="src.pymortests.sylvester" file="src/pymortests/sylvester.py" line="136" name="test_sylv_schur_W_E[1-10-1000]" time="0.0004210472106933594"><skipped message="Suite splitting in effect" type="pytest.skip">src/pymortests/sylvester.py:136: Suite splitting in effect</skipped></testcase><testcase classname="src.pymortests.sylvester" file="src/pymortests/sylvester.py" line="136" name="test_sylv_schur_W_E[1-20-100]" time="0.0004019737243652344"><skipped message="Suite splitting in effect" type="pytest.skip">src/pymortests/sylvester.py:136: Suite splitting in effect</skipped></testcase><testcase classname="src.pymortests.sylvester" file="src/pymortests/sylvester.py" line="136" name="test_sylv_schur_W_E[1-20-1000]" time="0.0004010200500488281"><skipped message="Suite splitting in effect" type="pytest.skip">src/pymortests/sylvester.py:136: Suite splitting in effect</skipped></testcase><testcase classname="src.pymortests.sylvester" file="src/pymortests/sylvester.py" line="136" name="test_sylv_schur_W_E[2-1-100]" time="0.0004088878631591797"><skipped message="Suite splitting in effect" type="pytest.skip">src/pymortests/sylvester.py:136: Suite splitting in effect</skipped></testcase><testcase classname="src.pymortests.sylvester" file="src/pymortests/sylvester.py" line="136" name="test_sylv_schur_W_E[2-1-1000]" time="0.0008225440979003906"><skipped message="Suite splitting in effect" type="pytest.skip">src/pymortests/sylvester.py:136: Suite splitting in effect</skipped></testcase><testcase classname="src.pymortests.sylvester" file="src/pymortests/sylvester.py" line="136" name="test_sylv_schur_W_E[2-10-100]" time="0.0004913806915283203"><skipped message="Suite splitting in effect" type="pytest.skip">src/pymortests/sylvester.py:136: Suite splitting in effect</skipped></testcase><testcase classname="src.pymortests.sylvester" file="src/pymortests/sylvester.py" line="136" name="test_sylv_schur_W_E[2-10-1000]" time="0.00042819976806640625"><skipped message="Suite splitting in effect" type="pytest.skip">src/pymortests/sylvester.py:136: Suite splitting in effect</skipped></testcase><testcase classname="src.pymortests.sylvester" file="src/pymortests/sylvester.py" line="136" name="test_sylv_schur_W_E[2-20-100]" time="0.000423431396484375"><skipped message="Suite splitting in effect" type="pytest.skip">src/pymortests/sylvester.py:136: Suite splitting in effect</skipped></testcase><testcase classname="src.pymortests.sylvester" file="src/pymortests/sylvester.py" line="136" name="test_sylv_schur_W_E[2-20-1000]" time="0.00040268898010253906"><skipped message="Suite splitting in effect" type="pytest.skip">src/pymortests/sylvester.py:136: Suite splitting in effect</skipped></testcase><testcase classname="src.pymortests.to_matrix" file="src/pymortests/to_matrix.py" line="34" name="test_to_matrix_NumpyMatrixOperator" time="0.0004749298095703125"><skipped message="Suite splitting in effect" type="pytest.skip">src/pymortests/to_matrix.py:34: Suite splitting in effect</skipped></testcase><testcase classname="src.pymortests.to_matrix" file="src/pymortests/to_matrix.py" line="45" name="test_to_matrix_BlockOperator" time="0.0005090236663818359"><skipped message="Suite splitting in effect" type="pytest.skip">src/pymortests/to_matrix.py:45: Suite splitting in effect</skipped></testcase><testcase classname="src.pymortests.to_matrix" file="src/pymortests/to_matrix.py" line="68" name="test_to_matrix_BlockDiagonalOperator" time="0.00039768218994140625"><skipped message="Suite splitting in effect" type="pytest.skip">src/pymortests/to_matrix.py:68: Suite splitting in effect</skipped></testcase><testcase classname="src.pymortests.to_matrix" file="src/pymortests/to_matrix.py" line="86" name="test_to_matrix_AdjointOperator" time="0.0005247592926025391"><skipped message="Suite splitting in effect" type="pytest.skip">src/pymortests/to_matrix.py:86: Suite splitting in effect</skipped></testcase><testcase classname="src.pymortests.to_matrix" file="src/pymortests/to_matrix.py" line="127" name="test_to_matrix_ComponentProjection" time="0.0004119873046875"><skipped message="Suite splitting in effect" type="pytest.skip">src/pymortests/to_matrix.py:127: Suite splitting in effect</skipped></testcase><testcase classname="src.pymortests.to_matrix" file="src/pymortests/to_matrix.py" line="138" name="test_to_matrix_Concatenation" time="0.0005238056182861328"><skipped message="Suite splitting in effect" type="pytest.skip">src/pymortests/to_matrix.py:138: Suite splitting in effect</skipped></testcase><testcase classname="src.pymortests.to_matrix" file="src/pymortests/to_matrix.py" line="165" name="test_to_matrix_IdentityOperator" time="0.0003974437713623047"><skipped message="Suite splitting in effect" type="pytest.skip">src/pymortests/to_matrix.py:165: Suite splitting in effect</skipped></testcase><testcase classname="src.pymortests.to_matrix" file="src/pymortests/to_matrix.py" line="173" name="test_to_matrix_LincombOperator" time="0.00039315223693847656"><skipped message="Suite splitting in effect" type="pytest.skip">src/pymortests/to_matrix.py:173: Suite splitting in effect</skipped></testcase><testcase classname="src.pymortests.to_matrix" file="src/pymortests/to_matrix.py" line="202" name="test_to_matrix_VectorArrayOperator" time="0.00040268898010253906"><skipped message="Suite splitting in effect" type="pytest.skip">src/pymortests/to_matrix.py:202: Suite splitting in effect</skipped></testcase><testcase classname="src.pymortests.to_matrix" file="src/pymortests/to_matrix.py" line="214" name="test_to_matrix_ZeroOperator" time="0.00048351287841796875"><skipped message="Suite splitting in effect" type="pytest.skip">src/pymortests/to_matrix.py:214: Suite splitting in effect</skipped></testcase><testcase classname="src.pymortests.tools.TestGaussQuadrature" file="src/pymortests/tools.py" line="27" name="test_polynomials" time="0.0004439353942871094"><skipped message="Suite splitting in effect" type="pytest.skip">src/pymortests/tools.py:27: Suite splitting in effect</skipped></testcase><testcase classname="src.pymortests.tools.TestGaussQuadrature" file="src/pymortests/tools.py" line="38" name="test_other_functions" time="0.0006051063537597656"><skipped message="Suite splitting in effect" type="pytest.skip">src/pymortests/tools.py:38: Suite splitting in effect</skipped></testcase><testcase classname="src.pymortests.tools.TestGaussQuadrature" file="src/pymortests/tools.py" line="46" name="test_weights" time="0.0007488727569580078"><skipped message="Suite splitting in effect" type="pytest.skip">src/pymortests/tools.py:46: Suite splitting in effect</skipped></testcase><testcase classname="src.pymortests.tools.TestGaussQuadrature" file="src/pymortests/tools.py" line="51" name="test_points" time="0.00047278404235839844"><skipped message="Suite splitting in effect" type="pytest.skip">src/pymortests/tools.py:51: Suite splitting in effect</skipped></testcase><testcase classname="src.pymortests.tools.TestCmp" file="src/pymortests/tools.py" line="61" name="test_props" time="0.00039887428283691406"><skipped message="Suite splitting in effect" type="pytest.skip">src/pymortests/tools.py:61: Suite splitting in effect</skipped></testcase><testcase classname="src.pymortests.tools" file="src/pymortests/tools.py" line="87" name="test_vtkio[&lt;lambda&gt;0]" time="0.0004353523254394531"><skipped message="Suite splitting in effect" type="pytest.skip">src/pymortests/tools.py:87: Suite splitting in effect</skipped></testcase><testcase classname="src.pymortests.tools" file="src/pymortests/tools.py" line="87" name="test_vtkio[&lt;lambda&gt;1]" time="0.0004189014434814453"><skipped message="Suite splitting in effect" type="pytest.skip">src/pymortests/tools.py:87: Suite splitting in effect</skipped></testcase><testcase classname="src.pymortests.tools" file="src/pymortests/tools.py" line="87" name="test_vtkio[&lt;lambda&gt;2]" time="0.0004267692565917969"><skipped message="Suite splitting in effect" type="pytest.skip">src/pymortests/tools.py:87: Suite splitting in effect</skipped></testcase><testcase classname="src.pymortests.tools" file="src/pymortests/tools.py" line="87" name="test_vtkio[&lt;lambda&gt;3]" time="0.0004246234893798828"><skipped message="Suite splitting in effect" type="pytest.skip">src/pymortests/tools.py:87: Suite splitting in effect</skipped></testcase><testcase classname="src.pymortests.tools" file="src/pymortests/tools.py" line="87" name="test_vtkio[&lt;lambda&gt;4]" time="0.0004105567932128906"><skipped message="Suite splitting in effect" type="pytest.skip">src/pymortests/tools.py:87: Suite splitting in effect</skipped></testcase><testcase classname="src.pymortests.tools" file="src/pymortests/tools.py" line="87" name="test_vtkio[&lt;lambda&gt;5]" time="0.0004096031188964844"><skipped message="Suite splitting in effect" type="pytest.skip">src/pymortests/tools.py:87: Suite splitting in effect</skipped></testcase><testcase classname="src.pymortests.tools" file="src/pymortests/tools.py" line="87" name="test_vtkio[&lt;lambda&gt;6]" time="0.0004165172576904297"><skipped message="Suite splitting in effect" type="pytest.skip">src/pymortests/tools.py:87: Suite splitting in effect</skipped></testcase><testcase classname="src.pymortests.tools" file="src/pymortests/tools.py" line="87" name="test_vtkio[&lt;lambda&gt;7]" time="0.0004067420959472656"><skipped message="Suite splitting in effect" type="pytest.skip">src/pymortests/tools.py:87: Suite splitting in effect</skipped></testcase><testcase classname="src.pymortests.tools" file="src/pymortests/tools.py" line="87" name="test_vtkio[&lt;lambda&gt;8]" time="0.00039887428283691406"><skipped message="Suite splitting in effect" type="pytest.skip">src/pymortests/tools.py:87: Suite splitting in effect</skipped></testcase><testcase classname="src.pymortests.tools" file="src/pymortests/tools.py" line="87" name="test_vtkio[&lt;lambda&gt;9]" time="0.0004229545593261719"><skipped message="Suite splitting in effect" type="pytest.skip">src/pymortests/tools.py:87: Suite splitting in effect</skipped></testcase><testcase classname="src.pymortests.tools" file="src/pymortests/tools.py" line="87" name="test_vtkio[&lt;lambda&gt;10]" time="0.0004425048828125"><skipped message="Suite splitting in effect" type="pytest.skip">src/pymortests/tools.py:87: Suite splitting in effect</skipped></testcase><testcase classname="src.pymortests.tools" file="src/pymortests/tools.py" line="87" name="test_vtkio[&lt;lambda&gt;11]" time="0.00042176246643066406"><skipped message="Suite splitting in effect" type="pytest.skip">src/pymortests/tools.py:87: Suite splitting in effect</skipped></testcase><testcase classname="src.pymortests.tools" file="src/pymortests/tools.py" line="87" name="test_vtkio[&lt;lambda&gt;12]" time="0.0004124641418457031"><skipped message="Suite splitting in effect" type="pytest.skip">src/pymortests/tools.py:87: Suite splitting in effect</skipped></testcase><testcase classname="src.pymortests.tools" file="src/pymortests/tools.py" line="87" name="test_vtkio[&lt;lambda&gt;13]" time="0.00040435791015625"><skipped message="Suite splitting in effect" type="pytest.skip">src/pymortests/tools.py:87: Suite splitting in effect</skipped></testcase><testcase classname="src.pymortests.tools" file="src/pymortests/tools.py" line="87" name="test_vtkio[&lt;lambda&gt;14]" time="0.0004582405090332031"><skipped message="Suite splitting in effect" type="pytest.skip">src/pymortests/tools.py:87: Suite splitting in effect</skipped></testcase><testcase classname="src.pymortests.tools" file="src/pymortests/tools.py" line="87" name="test_vtkio[&lt;lambda&gt;15]" time="0.00041675567626953125"><skipped message="Suite splitting in effect" type="pytest.skip">src/pymortests/tools.py:87: Suite splitting in effect</skipped></testcase><testcase classname="src.pymortests.tools" file="src/pymortests/tools.py" line="87" name="test_vtkio[&lt;lambda&gt;16]" time="0.000453948974609375"><skipped message="Suite splitting in effect" type="pytest.skip">src/pymortests/tools.py:87: Suite splitting in effect</skipped></testcase><testcase classname="src.pymortests.tools" file="src/pymortests/tools.py" line="87" name="test_vtkio[&lt;lambda&gt;17]" time="0.00043845176696777344"><skipped message="Suite splitting in effect" type="pytest.skip">src/pymortests/tools.py:87: Suite splitting in effect</skipped></testcase><testcase classname="src.pymortests.tools" file="src/pymortests/tools.py" line="87" name="test_vtkio[&lt;lambda&gt;18]" time="0.0004658699035644531"><skipped message="Suite splitting in effect" type="pytest.skip">src/pymortests/tools.py:87: Suite splitting in effect</skipped></testcase><testcase classname="src.pymortests.tools" file="src/pymortests/tools.py" line="87" name="test_vtkio[&lt;lambda&gt;19]" time="0.0004420280456542969"><skipped message="Suite splitting in effect" type="pytest.skip">src/pymortests/tools.py:87: Suite splitting in effect</skipped></testcase><testcase classname="src.pymortests.tools" file="src/pymortests/tools.py" line="87" name="test_vtkio[&lt;lambda&gt;20]" time="0.0004334449768066406"><skipped message="Suite splitting in effect" type="pytest.skip">src/pymortests/tools.py:87: Suite splitting in effect</skipped></testcase><testcase classname="src.pymortests.tools" file="src/pymortests/tools.py" line="87" name="test_vtkio[&lt;lambda&gt;21]" time="0.00047516822814941406"><skipped message="Suite splitting in effect" type="pytest.skip">src/pymortests/tools.py:87: Suite splitting in effect</skipped></testcase><testcase classname="src.pymortests.tools" file="src/pymortests/tools.py" line="87" name="test_vtkio[&lt;lambda&gt;22]" time="0.0004379749298095703"><skipped message="Suite splitting in effect" type="pytest.skip">src/pymortests/tools.py:87: Suite splitting in effect</skipped></testcase><testcase classname="src.pymortests.tools" file="src/pymortests/tools.py" line="87" name="test_vtkio[&lt;lambda&gt;23]" time="0.000400543212890625"><skipped message="Suite splitting in effect" type="pytest.skip">src/pymortests/tools.py:87: Suite splitting in effect</skipped></testcase><testcase classname="src.pymortests.tools.TestTiming" file="src/pymortests/tools.py" line="103" name="testTimingContext" time="0.0004315376281738281"><skipped message="Suite splitting in effect" type="pytest.skip">src/pymortests/tools.py:103: Suite splitting in effect</skipped></testcase><testcase classname="src.pymortests.tools.TestTiming" file="src/pymortests/tools.py" line="113" name="testTimingDecorator" time="0.00046443939208984375"><skipped message="Suite splitting in effect" type="pytest.skip">src/pymortests/tools.py:113: Suite splitting in effect</skipped></testcase><testcase classname="src.pymortests.tools.TestTiming" file="src/pymortests/tools.py" line="116" name="testTiming" time="0.0004127025604248047"><skipped message="Suite splitting in effect" type="pytest.skip">src/pymortests/tools.py:116: Suite splitting in effect</skipped></testcase><testcase classname="src.pymortests.tools" file="src/pymortests/tools.py" line="124" name="testDeprecated" time="0.0004379749298095703"><skipped message="Suite splitting in effect" type="pytest.skip">src/pymortests/tools.py:124: Suite splitting in effect</skipped></testcase><testcase classname="src.pymortests.vectorarray" file="src/pymortests/vectorarray.py" line="152" name="test_empty[0-&lt;lambda&gt;0]" time="0.0004999637603759766"><skipped message="Suite splitting in effect" type="pytest.skip">src/pymortests/vectorarray.py:152: Suite splitting in effect</skipped></testcase><testcase classname="src.pymortests.vectorarray" file="src/pymortests/vectorarray.py" line="152" name="test_empty[0-&lt;lambda&gt;1]" time="0.00041675567626953125"><skipped message="Suite splitting in effect" type="pytest.skip">src/pymortests/vectorarray.py:152: Suite splitting in effect</skipped></testcase><testcase classname="src.pymortests.vectorarray" file="src/pymortests/vectorarray.py" line="152" name="test_empty[0-&lt;lambda&gt;2]" time="0.00043010711669921875"><skipped message="Suite splitting in effect" type="pytest.skip">src/pymortests/vectorarray.py:152: Suite splitting in effect</skipped></testcase><testcase classname="src.pymortests.vectorarray" file="src/pymortests/vectorarray.py" line="152" name="test_empty[0-&lt;lambda&gt;3]" time="0.0004119873046875"><skipped message="Suite splitting in effect" type="pytest.skip">src/pymortests/vectorarray.py:152: Suite splitting in effect</skipped></testcase><testcase classname="src.pymortests.vectorarray" file="src/pymortests/vectorarray.py" line="152" name="test_empty[0-&lt;lambda&gt;4]" time="0.00041747093200683594"><skipped message="Suite splitting in effect" type="pytest.skip">src/pymortests/vectorarray.py:152: Suite splitting in effect</skipped></testcase><testcase classname="src.pymortests.vectorarray" file="src/pymortests/vectorarray.py" line="152" name="test_empty[0-&lt;lambda&gt;5]" time="0.0004825592041015625"><skipped message="Suite splitting in effect" type="pytest.skip">src/pymortests/vectorarray.py:152: Suite splitting in effect</skipped></testcase><testcase classname="src.pymortests.vectorarray" file="src/pymortests/vectorarray.py" line="152" name="test_empty[0-&lt;lambda&gt;6]" time="0.00040340423583984375"><skipped message="Suite splitting in effect" type="pytest.skip">src/pymortests/vectorarray.py:152: Suite splitting in effect</skipped></testcase><testcase classname="src.pymortests.vectorarray" file="src/pymortests/vectorarray.py" line="152" name="test_empty[0-&lt;lambda&gt;7]" time="0.0003981590270996094"><skipped message="Suite splitting in effect" type="pytest.skip">src/pymortests/vectorarray.py:152: Suite splitting in effect</skipped></testcase><testcase classname="src.pymortests.vectorarray" file="src/pymortests/vectorarray.py" line="152" name="test_empty[0-&lt;lambda&gt;8]" time="0.00041413307189941406"><skipped message="Suite splitting in effect" type="pytest.skip">src/pymortests/vectorarray.py:152: Suite splitting in effect</skipped></testcase><testcase classname="src.pymortests.vectorarray" file="src/pymortests/vectorarray.py" line="152" name="test_empty[0-&lt;lambda&gt;9]" time="0.0004334449768066406"><skipped message="Suite splitting in effect" type="pytest.skip">src/pymortests/vectorarray.py:152: Suite splitting in effect</skipped></testcase><testcase classname="src.pymortests.vectorarray" file="src/pymortests/vectorarray.py" line="152" name="test_empty[0-&lt;lambda&gt;10]" time="0.0004143714904785156"><skipped message="Suite splitting in effect" type="pytest.skip">src/pymortests/vectorarray.py:152: Suite splitting in effect</skipped></testcase><testcase classname="src.pymortests.vectorarray" file="src/pymortests/vectorarray.py" line="152" name="test_empty[0-&lt;lambda&gt;11]" time="0.0004191398620605469"><skipped message="Suite splitting in effect" type="pytest.skip">src/pymortests/vectorarray.py:152: Suite splitting in effect</skipped></testcase><testcase classname="src.pymortests.vectorarray" file="src/pymortests/vectorarray.py" line="152" name="test_empty[0-&lt;lambda&gt;12]" time="0.00045228004455566406"><skipped message="Suite splitting in effect" type="pytest.skip">src/pymortests/vectorarray.py:152: Suite splitting in effect</skipped></testcase><testcase classname="src.pymortests.vectorarray" file="src/pymortests/vectorarray.py" line="152" name="test_empty[0-&lt;lambda&gt;13]" time="0.0004417896270751953"><skipped message="Suite splitting in effect" type="pytest.skip">src/pymortests/vectorarray.py:152: Suite splitting in effect</skipped></testcase><testcase classname="src.pymortests.vectorarray" file="src/pymortests/vectorarray.py" line="152" name="test_empty[0-&lt;lambda&gt;14]" time="0.00041031837463378906"><skipped message="Suite splitting in effect" type="pytest.skip">src/pymortests/vectorarray.py:152: Suite splitting in effect</skipped></testcase><testcase classname="src.pymortests.vectorarray" file="src/pymortests/vectorarray.py" line="152" name="test_empty[0-&lt;lambda&gt;15]" time="0.00041604042053222656"><skipped message="Suite splitting in effect" type="pytest.skip">src/pymortests/vectorarray.py:152: Suite splitting in effect</skipped></testcase><testcase classname="src.pymortests.vectorarray" file="src/pymortests/vectorarray.py" line="152" name="test_empty[0-&lt;lambda&gt;16]" time="0.0004107952117919922"><skipped message="Suite splitting in effect" type="pytest.skip">src/pymortests/vectorarray.py:152: Suite splitting in effect</skipped></testcase><testcase classname="src.pymortests.vectorarray" file="src/pymortests/vectorarray.py" line="152" name="test_empty[0-&lt;lambda&gt;17]" time="0.0003936290740966797"><skipped message="Suite splitting in effect" type="pytest.skip">src/pymortests/vectorarray.py:152: Suite splitting in effect</skipped></testcase><testcase classname="src.pymortests.vectorarray" file="src/pymortests/vectorarray.py" line="152" name="test_empty[0-&lt;lambda&gt;18]" time="0.0004162788391113281"><skipped message="Suite splitting in effect" type="pytest.skip">src/pymortests/vectorarray.py:152: Suite splitting in effect</skipped></testcase><testcase classname="src.pymortests.vectorarray" file="src/pymortests/vectorarray.py" line="152" name="test_empty[0-&lt;lambda&gt;19]" time="0.0004258155822753906"><skipped message="Suite splitting in effect" type="pytest.skip">src/pymortests/vectorarray.py:152: Suite splitting in effect</skipped></testcase><testcase classname="src.pymortests.vectorarray" file="src/pymortests/vectorarray.py" line="152" name="test_empty[0-&lt;lambda&gt;20]" time="0.0004317760467529297"><skipped message="Suite splitting in effect" type="pytest.skip">src/pymortests/vectorarray.py:152: Suite splitting in effect</skipped></testcase><testcase classname="src.pymortests.vectorarray" file="src/pymortests/vectorarray.py" line="152" name="test_empty[0-&lt;lambda&gt;21]" time="0.0004341602325439453"><skipped message="Suite splitting in effect" type="pytest.skip">src/pymortests/vectorarray.py:152: Suite splitting in effect</skipped></testcase><testcase classname="src.pymortests.vectorarray" file="src/pymortests/vectorarray.py" line="152" name="test_empty[0-&lt;lambda&gt;22]" time="0.0004143714904785156"><skipped message="Suite splitting in effect" type="pytest.skip">src/pymortests/vectorarray.py:152: Suite splitting in effect</skipped></testcase><testcase classname="src.pymortests.vectorarray" file="src/pymortests/vectorarray.py" line="152" name="test_empty[0-&lt;lambda&gt;23]" time="0.0004227161407470703"><skipped message="Suite splitting in effect" type="pytest.skip">src/pymortests/vectorarray.py:152: Suite splitting in effect</skipped></testcase><testcase classname="src.pymortests.vectorarray" file="src/pymortests/vectorarray.py" line="152" name="test_empty[0-&lt;lambda&gt;24]" time="0.00043702125549316406"><skipped message="Suite splitting in effect" type="pytest.skip">src/pymortests/vectorarray.py:152: Suite splitting in effect</skipped></testcase><testcase classname="src.pymortests.vectorarray" file="src/pymortests/vectorarray.py" line="152" name="test_empty[0-&lt;lambda&gt;25]" time="0.0004200935363769531"><skipped message="Suite splitting in effect" type="pytest.skip">src/pymortests/vectorarray.py:152: Suite splitting in effect</skipped></testcase><testcase classname="src.pymortests.vectorarray" file="src/pymortests/vectorarray.py" line="152" name="test_empty[0-&lt;lambda&gt;26]" time="0.0004050731658935547"><skipped message="Suite splitting in effect" type="pytest.skip">src/pymortests/vectorarray.py:152: Suite splitting in effect</skipped></testcase><testcase classname="src.pymortests.vectorarray" file="src/pymortests/vectorarray.py" line="152" name="test_empty[1-&lt;lambda&gt;0]" time="0.0004131793975830078"><skipped message="Suite splitting in effect" type="pytest.skip">src/pymortests/vectorarray.py:152: Suite splitting in effect</skipped></testcase><testcase classname="src.pymortests.vectorarray" file="src/pymortests/vectorarray.py" line="152" name="test_empty[1-&lt;lambda&gt;1]" time="0.00041484832763671875"><skipped message="Suite splitting in effect" type="pytest.skip">src/pymortests/vectorarray.py:152: Suite splitting in effect</skipped></testcase><testcase classname="src.pymortests.vectorarray" file="src/pymortests/vectorarray.py" line="152" name="test_empty[1-&lt;lambda&gt;2]" time="0.0004177093505859375"><skipped message="Suite splitting in effect" type="pytest.skip">src/pymortests/vectorarray.py:152: Suite splitting in effect</skipped></testcase><testcase classname="src.pymortests.vectorarray" file="src/pymortests/vectorarray.py" line="152" name="test_empty[1-&lt;lambda&gt;3]" time="0.00039958953857421875"><skipped message="Suite splitting in effect" type="pytest.skip">src/pymortests/vectorarray.py:152: Suite splitting in effect</skipped></testcase><testcase classname="src.pymortests.vectorarray" file="src/pymortests/vectorarray.py" line="152" name="test_empty[1-&lt;lambda&gt;4]" time="0.00041866302490234375"><skipped message="Suite splitting in effect" type="pytest.skip">src/pymortests/vectorarray.py:152: Suite splitting in effect</skipped></testcase><testcase classname="src.pymortests.vectorarray" file="src/pymortests/vectorarray.py" line="152" name="test_empty[1-&lt;lambda&gt;5]" time="0.00039649009704589844"><skipped message="Suite splitting in effect" type="pytest.skip">src/pymortests/vectorarray.py:152: Suite splitting in effect</skipped></testcase><testcase classname="src.pymortests.vectorarray" file="src/pymortests/vectorarray.py" line="152" name="test_empty[1-&lt;lambda&gt;6]" time="0.00043201446533203125"><skipped message="Suite splitting in effect" type="pytest.skip">src/pymortests/vectorarray.py:152: Suite splitting in effect</skipped></testcase><testcase classname="src.pymortests.vectorarray" file="src/pymortests/vectorarray.py" line="152" name="test_empty[1-&lt;lambda&gt;7]" time="0.00040721893310546875"><skipped message="Suite splitting in effect" type="pytest.skip">src/pymortests/vectorarray.py:152: Suite splitting in effect</skipped></testcase><testcase classname="src.pymortests.vectorarray" file="src/pymortests/vectorarray.py" line="152" name="test_empty[1-&lt;lambda&gt;8]" time="0.0003960132598876953"><skipped message="Suite splitting in effect" type="pytest.skip">src/pymortests/vectorarray.py:152: Suite splitting in effect</skipped></testcase><testcase classname="src.pymortests.vectorarray" file="src/pymortests/vectorarray.py" line="152" name="test_empty[1-&lt;lambda&gt;9]" time="0.0004436969757080078"><skipped message="Suite splitting in effect" type="pytest.skip">src/pymortests/vectorarray.py:152: Suite splitting in effect</skipped></testcase><testcase classname="src.pymortests.vectorarray" file="src/pymortests/vectorarray.py" line="152" name="test_empty[1-&lt;lambda&gt;10]" time="0.0003921985626220703"><skipped message="Suite splitting in effect" type="pytest.skip">src/pymortests/vectorarray.py:152: Suite splitting in effect</skipped></testcase><testcase classname="src.pymortests.vectorarray" file="src/pymortests/vectorarray.py" line="152" name="test_empty[1-&lt;lambda&gt;11]" time="0.0004360675811767578"><skipped message="Suite splitting in effect" type="pytest.skip">src/pymortests/vectorarray.py:152: Suite splitting in effect</skipped></testcase><testcase classname="src.pymortests.vectorarray" file="src/pymortests/vectorarray.py" line="152" name="test_empty[1-&lt;lambda&gt;12]" time="0.0004527568817138672"><skipped message="Suite splitting in effect" type="pytest.skip">src/pymortests/vectorarray.py:152: Suite splitting in effect</skipped></testcase><testcase classname="src.pymortests.vectorarray" file="src/pymortests/vectorarray.py" line="152" name="test_empty[1-&lt;lambda&gt;13]" time="0.00038909912109375"><skipped message="Suite splitting in effect" type="pytest.skip">src/pymortests/vectorarray.py:152: Suite splitting in effect</skipped></testcase><testcase classname="src.pymortests.vectorarray" file="src/pymortests/vectorarray.py" line="152" name="test_empty[1-&lt;lambda&gt;14]" time="0.0004150867462158203"><skipped message="Suite splitting in effect" type="pytest.skip">src/pymortests/vectorarray.py:152: Suite splitting in effect</skipped></testcase><testcase classname="src.pymortests.vectorarray" file="src/pymortests/vectorarray.py" line="152" name="test_empty[1-&lt;lambda&gt;15]" time="0.0004334449768066406"><skipped message="Suite splitting in effect" type="pytest.skip">src/pymortests/vectorarray.py:152: Suite splitting in effect</skipped></testcase><testcase classname="src.pymortests.vectorarray" file="src/pymortests/vectorarray.py" line="152" name="test_empty[1-&lt;lambda&gt;16]" time="0.0004029273986816406"><skipped message="Suite splitting in effect" type="pytest.skip">src/pymortests/vectorarray.py:152: Suite splitting in effect</skipped></testcase><testcase classname="src.pymortests.vectorarray" file="src/pymortests/vectorarray.py" line="152" name="test_empty[1-&lt;lambda&gt;17]" time="0.0004215240478515625"><skipped message="Suite splitting in effect" type="pytest.skip">src/pymortests/vectorarray.py:152: Suite splitting in effect</skipped></testcase><testcase classname="src.pymortests.vectorarray" file="src/pymortests/vectorarray.py" line="152" name="test_empty[1-&lt;lambda&gt;18]" time="0.00043964385986328125"><skipped message="Suite splitting in effect" type="pytest.skip">src/pymortests/vectorarray.py:152: Suite splitting in effect</skipped></testcase><testcase classname="src.pymortests.vectorarray" file="src/pymortests/vectorarray.py" line="152" name="test_empty[1-&lt;lambda&gt;19]" time="0.0004627704620361328"><skipped message="Suite splitting in effect" type="pytest.skip">src/pymortests/vectorarray.py:152: Suite splitting in effect</skipped></testcase><testcase classname="src.pymortests.vectorarray" file="src/pymortests/vectorarray.py" line="152" name="test_empty[1-&lt;lambda&gt;20]" time="0.000396728515625"><skipped message="Suite splitting in effect" type="pytest.skip">src/pymortests/vectorarray.py:152: Suite splitting in effect</skipped></testcase><testcase classname="src.pymortests.vectorarray" file="src/pymortests/vectorarray.py" line="152" name="test_empty[1-&lt;lambda&gt;21]" time="0.0004246234893798828"><skipped message="Suite splitting in effect" type="pytest.skip">src/pymortests/vectorarray.py:152: Suite splitting in effect</skipped></testcase><testcase classname="src.pymortests.vectorarray" file="src/pymortests/vectorarray.py" line="152" name="test_empty[1-&lt;lambda&gt;22]" time="0.00040912628173828125"><skipped message="Suite splitting in effect" type="pytest.skip">src/pymortests/vectorarray.py:152: Suite splitting in effect</skipped></testcase><testcase classname="src.pymortests.vectorarray" file="src/pymortests/vectorarray.py" line="152" name="test_empty[1-&lt;lambda&gt;23]" time="0.0004150867462158203"><skipped message="Suite splitting in effect" type="pytest.skip">src/pymortests/vectorarray.py:152: Suite splitting in effect</skipped></testcase><testcase classname="src.pymortests.vectorarray" file="src/pymortests/vectorarray.py" line="152" name="test_empty[1-&lt;lambda&gt;24]" time="0.0004551410675048828"><skipped message="Suite splitting in effect" type="pytest.skip">src/pymortests/vectorarray.py:152: Suite splitting in effect</skipped></testcase><testcase classname="src.pymortests.vectorarray" file="src/pymortests/vectorarray.py" line="152" name="test_empty[1-&lt;lambda&gt;25]" time="0.0004222393035888672"><skipped message="Suite splitting in effect" type="pytest.skip">src/pymortests/vectorarray.py:152: Suite splitting in effect</skipped></testcase><testcase classname="src.pymortests.vectorarray" file="src/pymortests/vectorarray.py" line="152" name="test_empty[1-&lt;lambda&gt;26]" time="0.0004119873046875"><skipped message="Suite splitting in effect" type="pytest.skip">src/pymortests/vectorarray.py:152: Suite splitting in effect</skipped></testcase><testcase classname="src.pymortests.vectorarray" file="src/pymortests/vectorarray.py" line="152" name="test_empty[2-&lt;lambda&gt;0]" time="0.0004398822784423828"><skipped message="Suite splitting in effect" type="pytest.skip">src/pymortests/vectorarray.py:152: Suite splitting in effect</skipped></testcase><testcase classname="src.pymortests.vectorarray" file="src/pymortests/vectorarray.py" line="152" name="test_empty[2-&lt;lambda&gt;1]" time="0.00040793418884277344"><skipped message="Suite splitting in effect" type="pytest.skip">src/pymortests/vectorarray.py:152: Suite splitting in effect</skipped></testcase><testcase classname="src.pymortests.vectorarray" file="src/pymortests/vectorarray.py" line="152" name="test_empty[2-&lt;lambda&gt;2]" time="0.0004150867462158203"><skipped message="Suite splitting in effect" type="pytest.skip">src/pymortests/vectorarray.py:152: Suite splitting in effect</skipped></testcase><testcase classname="src.pymortests.vectorarray" file="src/pymortests/vectorarray.py" line="152" name="test_empty[2-&lt;lambda&gt;3]" time="0.00040793418884277344"><skipped message="Suite splitting in effect" type="pytest.skip">src/pymortests/vectorarray.py:152: Suite splitting in effect</skipped></testcase><testcase classname="src.pymortests.vectorarray" file="src/pymortests/vectorarray.py" line="152" name="test_empty[2-&lt;lambda&gt;4]" time="0.00039696693420410156"><skipped message="Suite splitting in effect" type="pytest.skip">src/pymortests/vectorarray.py:152: Suite splitting in effect</skipped></testcase><testcase classname="src.pymortests.vectorarray" file="src/pymortests/vectorarray.py" line="152" name="test_empty[2-&lt;lambda&gt;5]" time="0.0004611015319824219"><skipped message="Suite splitting in effect" type="pytest.skip">src/pymortests/vectorarray.py:152: Suite splitting in effect</skipped></testcase><testcase classname="src.pymortests.vectorarray" file="src/pymortests/vectorarray.py" line="152" name="test_empty[2-&lt;lambda&gt;6]" time="0.00042247772216796875"><skipped message="Suite splitting in effect" type="pytest.skip">src/pymortests/vectorarray.py:152: Suite splitting in effect</skipped></testcase><testcase classname="src.pymortests.vectorarray" file="src/pymortests/vectorarray.py" line="152" name="test_empty[2-&lt;lambda&gt;7]" time="0.0004286766052246094"><skipped message="Suite splitting in effect" type="pytest.skip">src/pymortests/vectorarray.py:152: Suite splitting in effect</skipped></testcase><testcase classname="src.pymortests.vectorarray" file="src/pymortests/vectorarray.py" line="152" name="test_empty[2-&lt;lambda&gt;8]" time="0.0004336833953857422"><skipped message="Suite splitting in effect" type="pytest.skip">src/pymortests/vectorarray.py:152: Suite splitting in effect</skipped></testcase><testcase classname="src.pymortests.vectorarray" file="src/pymortests/vectorarray.py" line="152" name="test_empty[2-&lt;lambda&gt;9]" time="0.0004143714904785156"><skipped message="Suite splitting in effect" type="pytest.skip">src/pymortests/vectorarray.py:152: Suite splitting in effect</skipped></testcase><testcase classname="src.pymortests.vectorarray" file="src/pymortests/vectorarray.py" line="152" name="test_empty[2-&lt;lambda&gt;10]" time="0.0004374980926513672"><skipped message="Suite splitting in effect" type="pytest.skip">src/pymortests/vectorarray.py:152: Suite splitting in effect</skipped></testcase><testcase classname="src.pymortests.vectorarray" file="src/pymortests/vectorarray.py" line="152" name="test_empty[2-&lt;lambda&gt;11]" time="0.0004067420959472656"><skipped message="Suite splitting in effect" type="pytest.skip">src/pymortests/vectorarray.py:152: Suite splitting in effect</skipped></testcase><testcase classname="src.pymortests.vectorarray" file="src/pymortests/vectorarray.py" line="152" name="test_empty[2-&lt;lambda&gt;12]" time="0.0004112720489501953"><skipped message="Suite splitting in effect" type="pytest.skip">src/pymortests/vectorarray.py:152: Suite splitting in effect</skipped></testcase><testcase classname="src.pymortests.vectorarray" file="src/pymortests/vectorarray.py" line="152" name="test_empty[2-&lt;lambda&gt;13]" time="0.00042176246643066406"><skipped message="Suite splitting in effect" type="pytest.skip">src/pymortests/vectorarray.py:152: Suite splitting in effect</skipped></testcase><testcase classname="src.pymortests.vectorarray" file="src/pymortests/vectorarray.py" line="152" name="test_empty[2-&lt;lambda&gt;14]" time="0.0004210472106933594"><skipped message="Suite splitting in effect" type="pytest.skip">src/pymortests/vectorarray.py:152: Suite splitting in effect</skipped></testcase><testcase classname="src.pymortests.vectorarray" file="src/pymortests/vectorarray.py" line="152" name="test_empty[2-&lt;lambda&gt;15]" time="0.00043272972106933594"><skipped message="Suite splitting in effect" type="pytest.skip">src/pymortests/vectorarray.py:152: Suite splitting in effect</skipped></testcase><testcase classname="src.pymortests.vectorarray" file="src/pymortests/vectorarray.py" line="152" name="test_empty[2-&lt;lambda&gt;16]" time="0.0004589557647705078"><skipped message="Suite splitting in effect" type="pytest.skip">src/pymortests/vectorarray.py:152: Suite splitting in effect</skipped></testcase><testcase classname="src.pymortests.vectorarray" file="src/pymortests/vectorarray.py" line="152" name="test_empty[2-&lt;lambda&gt;17]" time="0.00043320655822753906"><skipped message="Suite splitting in effect" type="pytest.skip">src/pymortests/vectorarray.py:152: Suite splitting in effect</skipped></testcase><testcase classname="src.pymortests.vectorarray" file="src/pymortests/vectorarray.py" line="152" name="test_empty[2-&lt;lambda&gt;18]" time="0.0007123947143554688"><skipped message="Suite splitting in effect" type="pytest.skip">src/pymortests/vectorarray.py:152: Suite splitting in effect</skipped></testcase><testcase classname="src.pymortests.vectorarray" file="src/pymortests/vectorarray.py" line="152" name="test_empty[2-&lt;lambda&gt;19]" time="0.0004227161407470703"><skipped message="Suite splitting in effect" type="pytest.skip">src/pymortests/vectorarray.py:152: Suite splitting in effect</skipped></testcase><testcase classname="src.pymortests.vectorarray" file="src/pymortests/vectorarray.py" line="152" name="test_empty[2-&lt;lambda&gt;20]" time="0.00047016143798828125"><skipped message="Suite splitting in effect" type="pytest.skip">src/pymortests/vectorarray.py:152: Suite splitting in effect</skipped></testcase><testcase classname="src.pymortests.vectorarray" file="src/pymortests/vectorarray.py" line="152" name="test_empty[2-&lt;lambda&gt;21]" time="0.00042891502380371094"><skipped message="Suite splitting in effect" type="pytest.skip">src/pymortests/vectorarray.py:152: Suite splitting in effect</skipped></testcase><testcase classname="src.pymortests.vectorarray" file="src/pymortests/vectorarray.py" line="152" name="test_empty[2-&lt;lambda&gt;22]" time="0.00041365623474121094"><skipped message="Suite splitting in effect" type="pytest.skip">src/pymortests/vectorarray.py:152: Suite splitting in effect</skipped></testcase><testcase classname="src.pymortests.vectorarray" file="src/pymortests/vectorarray.py" line="152" name="test_empty[2-&lt;lambda&gt;23]" time="0.00042176246643066406"><skipped message="Suite splitting in effect" type="pytest.skip">src/pymortests/vectorarray.py:152: Suite splitting in effect</skipped></testcase><testcase classname="src.pymortests.vectorarray" file="src/pymortests/vectorarray.py" line="152" name="test_empty[2-&lt;lambda&gt;24]" time="0.0004878044128417969"><skipped message="Suite splitting in effect" type="pytest.skip">src/pymortests/vectorarray.py:152: Suite splitting in effect</skipped></testcase><testcase classname="src.pymortests.vectorarray" file="src/pymortests/vectorarray.py" line="152" name="test_empty[2-&lt;lambda&gt;25]" time="0.00047206878662109375"><skipped message="Suite splitting in effect" type="pytest.skip">src/pymortests/vectorarray.py:152: Suite splitting in effect</skipped></testcase><testcase classname="src.pymortests.vectorarray" file="src/pymortests/vectorarray.py" line="152" name="test_empty[2-&lt;lambda&gt;26]" time="0.0003921985626220703"><skipped message="Suite splitting in effect" type="pytest.skip">src/pymortests/vectorarray.py:152: Suite splitting in effect</skipped></testcase><testcase classname="src.pymortests.vectorarray" file="src/pymortests/vectorarray.py" line="165" name="test_zeros[0-&lt;lambda&gt;0]" time="0.00041675567626953125"><skipped message="Suite splitting in effect" type="pytest.skip">src/pymortests/vectorarray.py:165: Suite splitting in effect</skipped></testcase><testcase classname="src.pymortests.vectorarray" file="src/pymortests/vectorarray.py" line="165" name="test_zeros[0-&lt;lambda&gt;1]" time="0.00047969818115234375"><skipped message="Suite splitting in effect" type="pytest.skip">src/pymortests/vectorarray.py:165: Suite splitting in effect</skipped></testcase><testcase classname="src.pymortests.vectorarray" file="src/pymortests/vectorarray.py" line="165" name="test_zeros[0-&lt;lambda&gt;2]" time="0.0004177093505859375"><skipped message="Suite splitting in effect" type="pytest.skip">src/pymortests/vectorarray.py:165: Suite splitting in effect</skipped></testcase><testcase classname="src.pymortests.vectorarray" file="src/pymortests/vectorarray.py" line="165" name="test_zeros[0-&lt;lambda&gt;3]" time="0.00045037269592285156"><skipped message="Suite splitting in effect" type="pytest.skip">src/pymortests/vectorarray.py:165: Suite splitting in effect</skipped></testcase><testcase classname="src.pymortests.vectorarray" file="src/pymortests/vectorarray.py" line="165" name="test_zeros[0-&lt;lambda&gt;4]" time="0.00041794776916503906"><skipped message="Suite splitting in effect" type="pytest.skip">src/pymortests/vectorarray.py:165: Suite splitting in effect</skipped></testcase><testcase classname="src.pymortests.vectorarray" file="src/pymortests/vectorarray.py" line="165" name="test_zeros[0-&lt;lambda&gt;5]" time="0.0004551410675048828"><skipped message="Suite splitting in effect" type="pytest.skip">src/pymortests/vectorarray.py:165: Suite splitting in effect</skipped></testcase><testcase classname="src.pymortests.vectorarray" file="src/pymortests/vectorarray.py" line="165" name="test_zeros[0-&lt;lambda&gt;6]" time="0.00042128562927246094"><skipped message="Suite splitting in effect" type="pytest.skip">src/pymortests/vectorarray.py:165: Suite splitting in effect</skipped></testcase><testcase classname="src.pymortests.vectorarray" file="src/pymortests/vectorarray.py" line="165" name="test_zeros[0-&lt;lambda&gt;7]" time="0.0004444122314453125"><skipped message="Suite splitting in effect" type="pytest.skip">src/pymortests/vectorarray.py:165: Suite splitting in effect</skipped></testcase><testcase classname="src.pymortests.vectorarray" file="src/pymortests/vectorarray.py" line="165" name="test_zeros[0-&lt;lambda&gt;8]" time="0.0003917217254638672"><skipped message="Suite splitting in effect" type="pytest.skip">src/pymortests/vectorarray.py:165: Suite splitting in effect</skipped></testcase><testcase classname="src.pymortests.vectorarray" file="src/pymortests/vectorarray.py" line="165" name="test_zeros[0-&lt;lambda&gt;9]" time="0.0004367828369140625"><skipped message="Suite splitting in effect" type="pytest.skip">src/pymortests/vectorarray.py:165: Suite splitting in effect</skipped></testcase><testcase classname="src.pymortests.vectorarray" file="src/pymortests/vectorarray.py" line="165" name="test_zeros[0-&lt;lambda&gt;10]" time="0.0004703998565673828"><skipped message="Suite splitting in effect" type="pytest.skip">src/pymortests/vectorarray.py:165: Suite splitting in effect</skipped></testcase><testcase classname="src.pymortests.vectorarray" file="src/pymortests/vectorarray.py" line="165" name="test_zeros[0-&lt;lambda&gt;11]" time="0.0004153251647949219"><skipped message="Suite splitting in effect" type="pytest.skip">src/pymortests/vectorarray.py:165: Suite splitting in effect</skipped></testcase><testcase classname="src.pymortests.vectorarray" file="src/pymortests/vectorarray.py" line="165" name="test_zeros[0-&lt;lambda&gt;12]" time="0.0004074573516845703"><skipped message="Suite splitting in effect" type="pytest.skip">src/pymortests/vectorarray.py:165: Suite splitting in effect</skipped></testcase><testcase classname="src.pymortests.vectorarray" file="src/pymortests/vectorarray.py" line="165" name="test_zeros[0-&lt;lambda&gt;13]" time="0.0004258155822753906"><skipped message="Suite splitting in effect" type="pytest.skip">src/pymortests/vectorarray.py:165: Suite splitting in effect</skipped></testcase><testcase classname="src.pymortests.vectorarray" file="src/pymortests/vectorarray.py" line="165" name="test_zeros[0-&lt;lambda&gt;14]" time="0.00043773651123046875"><skipped message="Suite splitting in effect" type="pytest.skip">src/pymortests/vectorarray.py:165: Suite splitting in effect</skipped></testcase><testcase classname="src.pymortests.vectorarray" file="src/pymortests/vectorarray.py" line="165" name="test_zeros[0-&lt;lambda&gt;15]" time="0.0004899501800537109"><skipped message="Suite splitting in effect" type="pytest.skip">src/pymortests/vectorarray.py:165: Suite splitting in effect</skipped></testcase><testcase classname="src.pymortests.vectorarray" file="src/pymortests/vectorarray.py" line="165" name="test_zeros[0-&lt;lambda&gt;16]" time="0.00042724609375"><skipped message="Suite splitting in effect" type="pytest.skip">src/pymortests/vectorarray.py:165: Suite splitting in effect</skipped></testcase><testcase classname="src.pymortests.vectorarray" file="src/pymortests/vectorarray.py" line="165" name="test_zeros[0-&lt;lambda&gt;17]" time="0.0004138946533203125"><skipped message="Suite splitting in effect" type="pytest.skip">src/pymortests/vectorarray.py:165: Suite splitting in effect</skipped></testcase><testcase classname="src.pymortests.vectorarray" file="src/pymortests/vectorarray.py" line="165" name="test_zeros[0-&lt;lambda&gt;18]" time="0.0004220008850097656"><skipped message="Suite splitting in effect" type="pytest.skip">src/pymortests/vectorarray.py:165: Suite splitting in effect</skipped></testcase><testcase classname="src.pymortests.vectorarray" file="src/pymortests/vectorarray.py" line="165" name="test_zeros[0-&lt;lambda&gt;19]" time="0.0004172325134277344"><skipped message="Suite splitting in effect" type="pytest.skip">src/pymortests/vectorarray.py:165: Suite splitting in effect</skipped></testcase><testcase classname="src.pymortests.vectorarray" file="src/pymortests/vectorarray.py" line="165" name="test_zeros[0-&lt;lambda&gt;20]" time="0.0004303455352783203"><skipped message="Suite splitting in effect" type="pytest.skip">src/pymortests/vectorarray.py:165: Suite splitting in effect</skipped></testcase><testcase classname="src.pymortests.vectorarray" file="src/pymortests/vectorarray.py" line="165" name="test_zeros[0-&lt;lambda&gt;21]" time="0.0004036426544189453"><skipped message="Suite splitting in effect" type="pytest.skip">src/pymortests/vectorarray.py:165: Suite splitting in effect</skipped></testcase><testcase classname="src.pymortests.vectorarray" file="src/pymortests/vectorarray.py" line="165" name="test_zeros[0-&lt;lambda&gt;22]" time="0.00040149688720703125"><skipped message="Suite splitting in effect" type="pytest.skip">src/pymortests/vectorarray.py:165: Suite splitting in effect</skipped></testcase><testcase classname="src.pymortests.vectorarray" file="src/pymortests/vectorarray.py" line="165" name="test_zeros[0-&lt;lambda&gt;23]" time="0.0004096031188964844"><skipped message="Suite splitting in effect" type="pytest.skip">src/pymortests/vectorarray.py:165: Suite splitting in effect</skipped></testcase><testcase classname="src.pymortests.vectorarray" file="src/pymortests/vectorarray.py" line="165" name="test_zeros[0-&lt;lambda&gt;24]" time="0.0004127025604248047"><skipped message="Suite splitting in effect" type="pytest.skip">src/pymortests/vectorarray.py:165: Suite splitting in effect</skipped></testcase><testcase classname="src.pymortests.vectorarray" file="src/pymortests/vectorarray.py" line="165" name="test_zeros[0-&lt;lambda&gt;25]" time="0.00040721893310546875"><skipped message="Suite splitting in effect" type="pytest.skip">src/pymortests/vectorarray.py:165: Suite splitting in effect</skipped></testcase><testcase classname="src.pymortests.vectorarray" file="src/pymortests/vectorarray.py" line="165" name="test_zeros[0-&lt;lambda&gt;26]" time="0.0004329681396484375"><skipped message="Suite splitting in effect" type="pytest.skip">src/pymortests/vectorarray.py:165: Suite splitting in effect</skipped></testcase><testcase classname="src.pymortests.vectorarray" file="src/pymortests/vectorarray.py" line="165" name="test_zeros[1-&lt;lambda&gt;0]" time="0.0004286766052246094"><skipped message="Suite splitting in effect" type="pytest.skip">src/pymortests/vectorarray.py:165: Suite splitting in effect</skipped></testcase><testcase classname="src.pymortests.vectorarray" file="src/pymortests/vectorarray.py" line="165" name="test_zeros[1-&lt;lambda&gt;1]" time="0.0004191398620605469"><skipped message="Suite splitting in effect" type="pytest.skip">src/pymortests/vectorarray.py:165: Suite splitting in effect</skipped></testcase><testcase classname="src.pymortests.vectorarray" file="src/pymortests/vectorarray.py" line="165" name="test_zeros[1-&lt;lambda&gt;2]" time="0.00041222572326660156"><skipped message="Suite splitting in effect" type="pytest.skip">src/pymortests/vectorarray.py:165: Suite splitting in effect</skipped></testcase><testcase classname="src.pymortests.vectorarray" file="src/pymortests/vectorarray.py" line="165" name="test_zeros[1-&lt;lambda&gt;3]" time="0.00042724609375"><skipped message="Suite splitting in effect" type="pytest.skip">src/pymortests/vectorarray.py:165: Suite splitting in effect</skipped></testcase><testcase classname="src.pymortests.vectorarray" file="src/pymortests/vectorarray.py" line="165" name="test_zeros[1-&lt;lambda&gt;4]" time="0.0004172325134277344"><skipped message="Suite splitting in effect" type="pytest.skip">src/pymortests/vectorarray.py:165: Suite splitting in effect</skipped></testcase><testcase classname="src.pymortests.vectorarray" file="src/pymortests/vectorarray.py" line="165" name="test_zeros[1-&lt;lambda&gt;5]" time="0.0004076957702636719"><skipped message="Suite splitting in effect" type="pytest.skip">src/pymortests/vectorarray.py:165: Suite splitting in effect</skipped></testcase><testcase classname="src.pymortests.vectorarray" file="src/pymortests/vectorarray.py" line="165" name="test_zeros[1-&lt;lambda&gt;6]" time="0.00041985511779785156"><skipped message="Suite splitting in effect" type="pytest.skip">src/pymortests/vectorarray.py:165: Suite splitting in effect</skipped></testcase><testcase classname="src.pymortests.vectorarray" file="src/pymortests/vectorarray.py" line="165" name="test_zeros[1-&lt;lambda&gt;7]" time="0.0004749298095703125"><skipped message="Suite splitting in effect" type="pytest.skip">src/pymortests/vectorarray.py:165: Suite splitting in effect</skipped></testcase><testcase classname="src.pymortests.vectorarray" file="src/pymortests/vectorarray.py" line="165" name="test_zeros[1-&lt;lambda&gt;8]" time="0.0004417896270751953"><skipped message="Suite splitting in effect" type="pytest.skip">src/pymortests/vectorarray.py:165: Suite splitting in effect</skipped></testcase><testcase classname="src.pymortests.vectorarray" file="src/pymortests/vectorarray.py" line="165" name="test_zeros[1-&lt;lambda&gt;9]" time="0.0004341602325439453"><skipped message="Suite splitting in effect" type="pytest.skip">src/pymortests/vectorarray.py:165: Suite splitting in effect</skipped></testcase><testcase classname="src.pymortests.vectorarray" file="src/pymortests/vectorarray.py" line="165" name="test_zeros[1-&lt;lambda&gt;10]" time="0.0004341602325439453"><skipped message="Suite splitting in effect" type="pytest.skip">src/pymortests/vectorarray.py:165: Suite splitting in effect</skipped></testcase><testcase classname="src.pymortests.vectorarray" file="src/pymortests/vectorarray.py" line="165" name="test_zeros[1-&lt;lambda&gt;11]" time="0.00043010711669921875"><skipped message="Suite splitting in effect" type="pytest.skip">src/pymortests/vectorarray.py:165: Suite splitting in effect</skipped></testcase><testcase classname="src.pymortests.vectorarray" file="src/pymortests/vectorarray.py" line="165" name="test_zeros[1-&lt;lambda&gt;12]" time="0.0004131793975830078"><skipped message="Suite splitting in effect" type="pytest.skip">src/pymortests/vectorarray.py:165: Suite splitting in effect</skipped></testcase><testcase classname="src.pymortests.vectorarray" file="src/pymortests/vectorarray.py" line="165" name="test_zeros[1-&lt;lambda&gt;13]" time="0.0004222393035888672"><skipped message="Suite splitting in effect" type="pytest.skip">src/pymortests/vectorarray.py:165: Suite splitting in effect</skipped></testcase><testcase classname="src.pymortests.vectorarray" file="src/pymortests/vectorarray.py" line="165" name="test_zeros[1-&lt;lambda&gt;14]" time="0.00042939186096191406"><skipped message="Suite splitting in effect" type="pytest.skip">src/pymortests/vectorarray.py:165: Suite splitting in effect</skipped></testcase><testcase classname="src.pymortests.vectorarray" file="src/pymortests/vectorarray.py" line="165" name="test_zeros[1-&lt;lambda&gt;15]" time="0.0004210472106933594"><skipped message="Suite splitting in effect" type="pytest.skip">src/pymortests/vectorarray.py:165: Suite splitting in effect</skipped></testcase><testcase classname="src.pymortests.vectorarray" file="src/pymortests/vectorarray.py" line="165" name="test_zeros[1-&lt;lambda&gt;16]" time="0.0004830360412597656"><skipped message="Suite splitting in effect" type="pytest.skip">src/pymortests/vectorarray.py:165: Suite splitting in effect</skipped></testcase><testcase classname="src.pymortests.vectorarray" file="src/pymortests/vectorarray.py" line="165" name="test_zeros[1-&lt;lambda&gt;17]" time="0.00040030479431152344"><skipped message="Suite splitting in effect" type="pytest.skip">src/pymortests/vectorarray.py:165: Suite splitting in effect</skipped></testcase><testcase classname="src.pymortests.vectorarray" file="src/pymortests/vectorarray.py" line="165" name="test_zeros[1-&lt;lambda&gt;18]" time="0.00041174888610839844"><skipped message="Suite splitting in effect" type="pytest.skip">src/pymortests/vectorarray.py:165: Suite splitting in effect</skipped></testcase><testcase classname="src.pymortests.vectorarray" file="src/pymortests/vectorarray.py" line="165" name="test_zeros[1-&lt;lambda&gt;19]" time="0.00042319297790527344"><skipped message="Suite splitting in effect" type="pytest.skip">src/pymortests/vectorarray.py:165: Suite splitting in effect</skipped></testcase><testcase classname="src.pymortests.vectorarray" file="src/pymortests/vectorarray.py" line="165" name="test_zeros[1-&lt;lambda&gt;20]" time="0.0004420280456542969"><skipped message="Suite splitting in effect" type="pytest.skip">src/pymortests/vectorarray.py:165: Suite splitting in effect</skipped></testcase><testcase classname="src.pymortests.vectorarray" file="src/pymortests/vectorarray.py" line="165" name="test_zeros[1-&lt;lambda&gt;21]" time="0.0004112720489501953"><skipped message="Suite splitting in effect" type="pytest.skip">src/pymortests/vectorarray.py:165: Suite splitting in effect</skipped></testcase><testcase classname="src.pymortests.vectorarray" file="src/pymortests/vectorarray.py" line="165" name="test_zeros[1-&lt;lambda&gt;22]" time="0.00043129920959472656"><skipped message="Suite splitting in effect" type="pytest.skip">src/pymortests/vectorarray.py:165: Suite splitting in effect</skipped></testcase><testcase classname="src.pymortests.vectorarray" file="src/pymortests/vectorarray.py" line="165" name="test_zeros[1-&lt;lambda&gt;23]" time="0.00041413307189941406"><skipped message="Suite splitting in effect" type="pytest.skip">src/pymortests/vectorarray.py:165: Suite splitting in effect</skipped></testcase><testcase classname="src.pymortests.vectorarray" file="src/pymortests/vectorarray.py" line="165" name="test_zeros[1-&lt;lambda&gt;24]" time="0.00041937828063964844"><skipped message="Suite splitting in effect" type="pytest.skip">src/pymortests/vectorarray.py:165: Suite splitting in effect</skipped></testcase><testcase classname="src.pymortests.vectorarray" file="src/pymortests/vectorarray.py" line="165" name="test_zeros[1-&lt;lambda&gt;25]" time="0.00042057037353515625"><skipped message="Suite splitting in effect" type="pytest.skip">src/pymortests/vectorarray.py:165: Suite splitting in effect</skipped></testcase><testcase classname="src.pymortests.vectorarray" file="src/pymortests/vectorarray.py" line="165" name="test_zeros[1-&lt;lambda&gt;26]" time="0.00041604042053222656"><skipped message="Suite splitting in effect" type="pytest.skip">src/pymortests/vectorarray.py:165: Suite splitting in effect</skipped></testcase><testcase classname="src.pymortests.vectorarray" file="src/pymortests/vectorarray.py" line="165" name="test_zeros[2-&lt;lambda&gt;0]" time="0.0004801750183105469"><skipped message="Suite splitting in effect" type="pytest.skip">src/pymortests/vectorarray.py:165: Suite splitting in effect</skipped></testcase><testcase classname="src.pymortests.vectorarray" file="src/pymortests/vectorarray.py" line="165" name="test_zeros[2-&lt;lambda&gt;1]" time="0.0004184246063232422"><skipped message="Suite splitting in effect" type="pytest.skip">src/pymortests/vectorarray.py:165: Suite splitting in effect</skipped></testcase><testcase classname="src.pymortests.vectorarray" file="src/pymortests/vectorarray.py" line="165" name="test_zeros[2-&lt;lambda&gt;2]" time="0.000453948974609375"><skipped message="Suite splitting in effect" type="pytest.skip">src/pymortests/vectorarray.py:165: Suite splitting in effect</skipped></testcase><testcase classname="src.pymortests.vectorarray" file="src/pymortests/vectorarray.py" line="165" name="test_zeros[2-&lt;lambda&gt;3]" time="0.0004506111145019531"><skipped message="Suite splitting in effect" type="pytest.skip">src/pymortests/vectorarray.py:165: Suite splitting in effect</skipped></testcase><testcase classname="src.pymortests.vectorarray" file="src/pymortests/vectorarray.py" line="165" name="test_zeros[2-&lt;lambda&gt;4]" time="0.0004029273986816406"><skipped message="Suite splitting in effect" type="pytest.skip">src/pymortests/vectorarray.py:165: Suite splitting in effect</skipped></testcase><testcase classname="src.pymortests.vectorarray" file="src/pymortests/vectorarray.py" line="165" name="test_zeros[2-&lt;lambda&gt;5]" time="0.0004253387451171875"><skipped message="Suite splitting in effect" type="pytest.skip">src/pymortests/vectorarray.py:165: Suite splitting in effect</skipped></testcase><testcase classname="src.pymortests.vectorarray" file="src/pymortests/vectorarray.py" line="165" name="test_zeros[2-&lt;lambda&gt;6]" time="0.0004138946533203125"><skipped message="Suite splitting in effect" type="pytest.skip">src/pymortests/vectorarray.py:165: Suite splitting in effect</skipped></testcase><testcase classname="src.pymortests.vectorarray" file="src/pymortests/vectorarray.py" line="165" name="test_zeros[2-&lt;lambda&gt;7]" time="0.0004425048828125"><skipped message="Suite splitting in effect" type="pytest.skip">src/pymortests/vectorarray.py:165: Suite splitting in effect</skipped></testcase><testcase classname="src.pymortests.vectorarray" file="src/pymortests/vectorarray.py" line="165" name="test_zeros[2-&lt;lambda&gt;8]" time="0.00044465065002441406"><skipped message="Suite splitting in effect" type="pytest.skip">src/pymortests/vectorarray.py:165: Suite splitting in effect</skipped></testcase><testcase classname="src.pymortests.vectorarray" file="src/pymortests/vectorarray.py" line="165" name="test_zeros[2-&lt;lambda&gt;9]" time="0.0004253387451171875"><skipped message="Suite splitting in effect" type="pytest.skip">src/pymortests/vectorarray.py:165: Suite splitting in effect</skipped></testcase><testcase classname="src.pymortests.vectorarray" file="src/pymortests/vectorarray.py" line="165" name="test_zeros[2-&lt;lambda&gt;10]" time="0.00040912628173828125"><skipped message="Suite splitting in effect" type="pytest.skip">src/pymortests/vectorarray.py:165: Suite splitting in effect</skipped></testcase><testcase classname="src.pymortests.vectorarray" file="src/pymortests/vectorarray.py" line="165" name="test_zeros[2-&lt;lambda&gt;11]" time="0.00041747093200683594"><skipped message="Suite splitting in effect" type="pytest.skip">src/pymortests/vectorarray.py:165: Suite splitting in effect</skipped></testcase><testcase classname="src.pymortests.vectorarray" file="src/pymortests/vectorarray.py" line="165" name="test_zeros[2-&lt;lambda&gt;12]" time="0.0004200935363769531"><skipped message="Suite splitting in effect" type="pytest.skip">src/pymortests/vectorarray.py:165: Suite splitting in effect</skipped></testcase><testcase classname="src.pymortests.vectorarray" file="src/pymortests/vectorarray.py" line="165" name="test_zeros[2-&lt;lambda&gt;13]" time="0.0004246234893798828"><skipped message="Suite splitting in effect" type="pytest.skip">src/pymortests/vectorarray.py:165: Suite splitting in effect</skipped></testcase><testcase classname="src.pymortests.vectorarray" file="src/pymortests/vectorarray.py" line="165" name="test_zeros[2-&lt;lambda&gt;14]" time="0.00040459632873535156"><skipped message="Suite splitting in effect" type="pytest.skip">src/pymortests/vectorarray.py:165: Suite splitting in effect</skipped></testcase><testcase classname="src.pymortests.vectorarray" file="src/pymortests/vectorarray.py" line="165" name="test_zeros[2-&lt;lambda&gt;15]" time="0.00042557716369628906"><skipped message="Suite splitting in effect" type="pytest.skip">src/pymortests/vectorarray.py:165: Suite splitting in effect</skipped></testcase><testcase classname="src.pymortests.vectorarray" file="src/pymortests/vectorarray.py" line="165" name="test_zeros[2-&lt;lambda&gt;16]" time="0.0004284381866455078"><skipped message="Suite splitting in effect" type="pytest.skip">src/pymortests/vectorarray.py:165: Suite splitting in effect</skipped></testcase><testcase classname="src.pymortests.vectorarray" file="src/pymortests/vectorarray.py" line="165" name="test_zeros[2-&lt;lambda&gt;17]" time="0.00042629241943359375"><skipped message="Suite splitting in effect" type="pytest.skip">src/pymortests/vectorarray.py:165: Suite splitting in effect</skipped></testcase><testcase classname="src.pymortests.vectorarray" file="src/pymortests/vectorarray.py" line="165" name="test_zeros[2-&lt;lambda&gt;18]" time="0.00044465065002441406"><skipped message="Suite splitting in effect" type="pytest.skip">src/pymortests/vectorarray.py:165: Suite splitting in effect</skipped></testcase><testcase classname="src.pymortests.vectorarray" file="src/pymortests/vectorarray.py" line="165" name="test_zeros[2-&lt;lambda&gt;19]" time="0.00039315223693847656"><skipped message="Suite splitting in effect" type="pytest.skip">src/pymortests/vectorarray.py:165: Suite splitting in effect</skipped></testcase><testcase classname="src.pymortests.vectorarray" file="src/pymortests/vectorarray.py" line="165" name="test_zeros[2-&lt;lambda&gt;20]" time="0.00043582916259765625"><skipped message="Suite splitting in effect" type="pytest.skip">src/pymortests/vectorarray.py:165: Suite splitting in effect</skipped></testcase><testcase classname="src.pymortests.vectorarray" file="src/pymortests/vectorarray.py" line="165" name="test_zeros[2-&lt;lambda&gt;21]" time="0.00044608116149902344"><skipped message="Suite splitting in effect" type="pytest.skip">src/pymortests/vectorarray.py:165: Suite splitting in effect</skipped></testcase><testcase classname="src.pymortests.vectorarray" file="src/pymortests/vectorarray.py" line="165" name="test_zeros[2-&lt;lambda&gt;22]" time="0.00039839744567871094"><skipped message="Suite splitting in effect" type="pytest.skip">src/pymortests/vectorarray.py:165: Suite splitting in effect</skipped></testcase><testcase classname="src.pymortests.vectorarray" file="src/pymortests/vectorarray.py" line="165" name="test_zeros[2-&lt;lambda&gt;23]" time="0.000396728515625"><skipped message="Suite splitting in effect" type="pytest.skip">src/pymortests/vectorarray.py:165: Suite splitting in effect</skipped></testcase><testcase classname="src.pymortests.vectorarray" file="src/pymortests/vectorarray.py" line="165" name="test_zeros[2-&lt;lambda&gt;24]" time="0.000446319580078125"><skipped message="Suite splitting in effect" type="pytest.skip">src/pymortests/vectorarray.py:165: Suite splitting in effect</skipped></testcase><testcase classname="src.pymortests.vectorarray" file="src/pymortests/vectorarray.py" line="165" name="test_zeros[2-&lt;lambda&gt;25]" time="0.0004067420959472656"><skipped message="Suite splitting in effect" type="pytest.skip">src/pymortests/vectorarray.py:165: Suite splitting in effect</skipped></testcase><testcase classname="src.pymortests.vectorarray" file="src/pymortests/vectorarray.py" line="165" name="test_zeros[2-&lt;lambda&gt;26]" time="0.0004482269287109375"><skipped message="Suite splitting in effect" type="pytest.skip">src/pymortests/vectorarray.py:165: Suite splitting in effect</skipped></testcase><testcase classname="src.pymortests.vectorarray" file="src/pymortests/vectorarray.py" line="182" name="test_from_numpy[0-&lt;lambda&gt;0]" time="0.000438690185546875"><skipped message="Suite splitting in effect" type="pytest.skip">src/pymortests/vectorarray.py:182: Suite splitting in effect</skipped></testcase><testcase classname="src.pymortests.vectorarray" file="src/pymortests/vectorarray.py" line="182" name="test_from_numpy[0-&lt;lambda&gt;1]" time="0.0004582405090332031"><skipped message="Suite splitting in effect" type="pytest.skip">src/pymortests/vectorarray.py:182: Suite splitting in effect</skipped></testcase><testcase classname="src.pymortests.vectorarray" file="src/pymortests/vectorarray.py" line="182" name="test_from_numpy[0-&lt;lambda&gt;2]" time="0.0004215240478515625"><skipped message="Suite splitting in effect" type="pytest.skip">src/pymortests/vectorarray.py:182: Suite splitting in effect</skipped></testcase><testcase classname="src.pymortests.vectorarray" file="src/pymortests/vectorarray.py" line="182" name="test_from_numpy[0-&lt;lambda&gt;3]" time="0.0004458427429199219"><skipped message="Suite splitting in effect" type="pytest.skip">src/pymortests/vectorarray.py:182: Suite splitting in effect</skipped></testcase><testcase classname="src.pymortests.vectorarray" file="src/pymortests/vectorarray.py" line="182" name="test_from_numpy[0-&lt;lambda&gt;4]" time="0.00045013427734375"><skipped message="Suite splitting in effect" type="pytest.skip">src/pymortests/vectorarray.py:182: Suite splitting in effect</skipped></testcase><testcase classname="src.pymortests.vectorarray" file="src/pymortests/vectorarray.py" line="182" name="test_from_numpy[0-&lt;lambda&gt;5]" time="0.0007710456848144531"><skipped message="Suite splitting in effect" type="pytest.skip">src/pymortests/vectorarray.py:182: Suite splitting in effect</skipped></testcase><testcase classname="src.pymortests.vectorarray" file="src/pymortests/vectorarray.py" line="182" name="test_from_numpy[0-&lt;lambda&gt;6]" time="0.0004291534423828125"><skipped message="Suite splitting in effect" type="pytest.skip">src/pymortests/vectorarray.py:182: Suite splitting in effect</skipped></testcase><testcase classname="src.pymortests.vectorarray" file="src/pymortests/vectorarray.py" line="182" name="test_from_numpy[0-&lt;lambda&gt;7]" time="0.0004367828369140625"><skipped message="Suite splitting in effect" type="pytest.skip">src/pymortests/vectorarray.py:182: Suite splitting in effect</skipped></testcase><testcase classname="src.pymortests.vectorarray" file="src/pymortests/vectorarray.py" line="182" name="test_from_numpy[0-&lt;lambda&gt;8]" time="0.0004284381866455078"><skipped message="Suite splitting in effect" type="pytest.skip">src/pymortests/vectorarray.py:182: Suite splitting in effect</skipped></testcase><testcase classname="src.pymortests.vectorarray" file="src/pymortests/vectorarray.py" line="182" name="test_from_numpy[0-&lt;lambda&gt;9]" time="0.00042247772216796875"><skipped message="Suite splitting in effect" type="pytest.skip">src/pymortests/vectorarray.py:182: Suite splitting in effect</skipped></testcase><testcase classname="src.pymortests.vectorarray" file="src/pymortests/vectorarray.py" line="182" name="test_from_numpy[0-&lt;lambda&gt;10]" time="0.0004429817199707031"><skipped message="Suite splitting in effect" type="pytest.skip">src/pymortests/vectorarray.py:182: Suite splitting in effect</skipped></testcase><testcase classname="src.pymortests.vectorarray" file="src/pymortests/vectorarray.py" line="182" name="test_from_numpy[0-&lt;lambda&gt;11]" time="0.0004329681396484375"><skipped message="Suite splitting in effect" type="pytest.skip">src/pymortests/vectorarray.py:182: Suite splitting in effect</skipped></testcase><testcase classname="src.pymortests.vectorarray" file="src/pymortests/vectorarray.py" line="182" name="test_from_numpy[0-&lt;lambda&gt;12]" time="0.0004394054412841797"><skipped message="Suite splitting in effect" type="pytest.skip">src/pymortests/vectorarray.py:182: Suite splitting in effect</skipped></testcase><testcase classname="src.pymortests.vectorarray" file="src/pymortests/vectorarray.py" line="182" name="test_from_numpy[0-&lt;lambda&gt;13]" time="0.0004220008850097656"><skipped message="Suite splitting in effect" type="pytest.skip">src/pymortests/vectorarray.py:182: Suite splitting in effect</skipped></testcase><testcase classname="src.pymortests.vectorarray" file="src/pymortests/vectorarray.py" line="182" name="test_from_numpy[0-&lt;lambda&gt;14]" time="0.0003960132598876953"><skipped message="Suite splitting in effect" type="pytest.skip">src/pymortests/vectorarray.py:182: Suite splitting in effect</skipped></testcase><testcase classname="src.pymortests.vectorarray" file="src/pymortests/vectorarray.py" line="182" name="test_from_numpy[0-&lt;lambda&gt;15]" time="0.00042176246643066406"><skipped message="Suite splitting in effect" type="pytest.skip">src/pymortests/vectorarray.py:182: Suite splitting in effect</skipped></testcase><testcase classname="src.pymortests.vectorarray" file="src/pymortests/vectorarray.py" line="182" name="test_from_numpy[0-&lt;lambda&gt;16]" time="0.00041174888610839844"><skipped message="Suite splitting in effect" type="pytest.skip">src/pymortests/vectorarray.py:182: Suite splitting in effect</skipped></testcase><testcase classname="src.pymortests.vectorarray" file="src/pymortests/vectorarray.py" line="182" name="test_from_numpy[0-&lt;lambda&gt;17]" time="0.00042819976806640625"><skipped message="Suite splitting in effect" type="pytest.skip">src/pymortests/vectorarray.py:182: Suite splitting in effect</skipped></testcase><testcase classname="src.pymortests.vectorarray" file="src/pymortests/vectorarray.py" line="182" name="test_from_numpy[0-&lt;lambda&gt;18]" time="0.0005064010620117188"><skipped message="Suite splitting in effect" type="pytest.skip">src/pymortests/vectorarray.py:182: Suite splitting in effect</skipped></testcase><testcase classname="src.pymortests.vectorarray" file="src/pymortests/vectorarray.py" line="182" name="test_from_numpy[0-&lt;lambda&gt;19]" time="0.00044655799865722656"><skipped message="Suite splitting in effect" type="pytest.skip">src/pymortests/vectorarray.py:182: Suite splitting in effect</skipped></testcase><testcase classname="src.pymortests.vectorarray" file="src/pymortests/vectorarray.py" line="182" name="test_from_numpy[0-&lt;lambda&gt;20]" time="0.00042891502380371094"><skipped message="Suite splitting in effect" type="pytest.skip">src/pymortests/vectorarray.py:182: Suite splitting in effect</skipped></testcase><testcase classname="src.pymortests.vectorarray" file="src/pymortests/vectorarray.py" line="182" name="test_from_numpy[0-&lt;lambda&gt;21]" time="0.0004394054412841797"><skipped message="Suite splitting in effect" type="pytest.skip">src/pymortests/vectorarray.py:182: Suite splitting in effect</skipped></testcase><testcase classname="src.pymortests.vectorarray" file="src/pymortests/vectorarray.py" line="182" name="test_from_numpy[0-&lt;lambda&gt;22]" time="0.0004258155822753906"><skipped message="Suite splitting in effect" type="pytest.skip">src/pymortests/vectorarray.py:182: Suite splitting in effect</skipped></testcase><testcase classname="src.pymortests.vectorarray" file="src/pymortests/vectorarray.py" line="182" name="test_from_numpy[0-&lt;lambda&gt;23]" time="0.0004286766052246094"><skipped message="Suite splitting in effect" type="pytest.skip">src/pymortests/vectorarray.py:182: Suite splitting in effect</skipped></testcase><testcase classname="src.pymortests.vectorarray" file="src/pymortests/vectorarray.py" line="182" name="test_from_numpy[0-&lt;lambda&gt;24]" time="0.0004448890686035156"><skipped message="Suite splitting in effect" type="pytest.skip">src/pymortests/vectorarray.py:182: Suite splitting in effect</skipped></testcase><testcase classname="src.pymortests.vectorarray" file="src/pymortests/vectorarray.py" line="182" name="test_from_numpy[0-&lt;lambda&gt;25]" time="0.0004172325134277344"><skipped message="Suite splitting in effect" type="pytest.skip">src/pymortests/vectorarray.py:182: Suite splitting in effect</skipped></testcase><testcase classname="src.pymortests.vectorarray" file="src/pymortests/vectorarray.py" line="182" name="test_from_numpy[0-&lt;lambda&gt;26]" time="0.00042748451232910156"><skipped message="Suite splitting in effect" type="pytest.skip">src/pymortests/vectorarray.py:182: Suite splitting in effect</skipped></testcase><testcase classname="src.pymortests.vectorarray" file="src/pymortests/vectorarray.py" line="182" name="test_from_numpy[1-&lt;lambda&gt;0]" time="0.0004668235778808594"><skipped message="Suite splitting in effect" type="pytest.skip">src/pymortests/vectorarray.py:182: Suite splitting in effect</skipped></testcase><testcase classname="src.pymortests.vectorarray" file="src/pymortests/vectorarray.py" line="182" name="test_from_numpy[1-&lt;lambda&gt;1]" time="0.00041747093200683594"><skipped message="Suite splitting in effect" type="pytest.skip">src/pymortests/vectorarray.py:182: Suite splitting in effect</skipped></testcase><testcase classname="src.pymortests.vectorarray" file="src/pymortests/vectorarray.py" line="182" name="test_from_numpy[1-&lt;lambda&gt;2]" time="0.00041794776916503906"><skipped message="Suite splitting in effect" type="pytest.skip">src/pymortests/vectorarray.py:182: Suite splitting in effect</skipped></testcase><testcase classname="src.pymortests.vectorarray" file="src/pymortests/vectorarray.py" line="182" name="test_from_numpy[1-&lt;lambda&gt;3]" time="0.00047135353088378906"><skipped message="Suite splitting in effect" type="pytest.skip">src/pymortests/vectorarray.py:182: Suite splitting in effect</skipped></testcase><testcase classname="src.pymortests.vectorarray" file="src/pymortests/vectorarray.py" line="182" name="test_from_numpy[1-&lt;lambda&gt;4]" time="0.0004353523254394531"><skipped message="Suite splitting in effect" type="pytest.skip">src/pymortests/vectorarray.py:182: Suite splitting in effect</skipped></testcase><testcase classname="src.pymortests.vectorarray" file="src/pymortests/vectorarray.py" line="182" name="test_from_numpy[1-&lt;lambda&gt;5]" time="0.0004515647888183594"><skipped message="Suite splitting in effect" type="pytest.skip">src/pymortests/vectorarray.py:182: Suite splitting in effect</skipped></testcase><testcase classname="src.pymortests.vectorarray" file="src/pymortests/vectorarray.py" line="182" name="test_from_numpy[1-&lt;lambda&gt;6]" time="0.0004172325134277344"><skipped message="Suite splitting in effect" type="pytest.skip">src/pymortests/vectorarray.py:182: Suite splitting in effect</skipped></testcase><testcase classname="src.pymortests.vectorarray" file="src/pymortests/vectorarray.py" line="182" name="test_from_numpy[1-&lt;lambda&gt;7]" time="0.0004305839538574219"><skipped message="Suite splitting in effect" type="pytest.skip">src/pymortests/vectorarray.py:182: Suite splitting in effect</skipped></testcase><testcase classname="src.pymortests.vectorarray" file="src/pymortests/vectorarray.py" line="182" name="test_from_numpy[1-&lt;lambda&gt;8]" time="0.00044274330139160156"><skipped message="Suite splitting in effect" type="pytest.skip">src/pymortests/vectorarray.py:182: Suite splitting in effect</skipped></testcase><testcase classname="src.pymortests.vectorarray" file="src/pymortests/vectorarray.py" line="182" name="test_from_numpy[1-&lt;lambda&gt;9]" time="0.00045180320739746094"><skipped message="Suite splitting in effect" type="pytest.skip">src/pymortests/vectorarray.py:182: Suite splitting in effect</skipped></testcase><testcase classname="src.pymortests.vectorarray" file="src/pymortests/vectorarray.py" line="182" name="test_from_numpy[1-&lt;lambda&gt;10]" time="0.0004146099090576172"><skipped message="Suite splitting in effect" type="pytest.skip">src/pymortests/vectorarray.py:182: Suite splitting in effect</skipped></testcase><testcase classname="src.pymortests.vectorarray" file="src/pymortests/vectorarray.py" line="182" name="test_from_numpy[1-&lt;lambda&gt;11]" time="0.0004487037658691406"><skipped message="Suite splitting in effect" type="pytest.skip">src/pymortests/vectorarray.py:182: Suite splitting in effect</skipped></testcase><testcase classname="src.pymortests.vectorarray" file="src/pymortests/vectorarray.py" line="182" name="test_from_numpy[1-&lt;lambda&gt;12]" time="0.00045490264892578125"><skipped message="Suite splitting in effect" type="pytest.skip">src/pymortests/vectorarray.py:182: Suite splitting in effect</skipped></testcase><testcase classname="src.pymortests.vectorarray" file="src/pymortests/vectorarray.py" line="182" name="test_from_numpy[1-&lt;lambda&gt;13]" time="0.00041294097900390625"><skipped message="Suite splitting in effect" type="pytest.skip">src/pymortests/vectorarray.py:182: Suite splitting in effect</skipped></testcase><testcase classname="src.pymortests.vectorarray" file="src/pymortests/vectorarray.py" line="182" name="test_from_numpy[1-&lt;lambda&gt;14]" time="0.0006036758422851562"><skipped message="Suite splitting in effect" type="pytest.skip">src/pymortests/vectorarray.py:182: Suite splitting in effect</skipped></testcase><testcase classname="src.pymortests.vectorarray" file="src/pymortests/vectorarray.py" line="182" name="test_from_numpy[1-&lt;lambda&gt;15]" time="0.0004398822784423828"><skipped message="Suite splitting in effect" type="pytest.skip">src/pymortests/vectorarray.py:182: Suite splitting in effect</skipped></testcase><testcase classname="src.pymortests.vectorarray" file="src/pymortests/vectorarray.py" line="182" name="test_from_numpy[1-&lt;lambda&gt;16]" time="0.00043845176696777344"><skipped message="Suite splitting in effect" type="pytest.skip">src/pymortests/vectorarray.py:182: Suite splitting in effect</skipped></testcase><testcase classname="src.pymortests.vectorarray" file="src/pymortests/vectorarray.py" line="182" name="test_from_numpy[1-&lt;lambda&gt;17]" time="0.00041961669921875"><skipped message="Suite splitting in effect" type="pytest.skip">src/pymortests/vectorarray.py:182: Suite splitting in effect</skipped></testcase><testcase classname="src.pymortests.vectorarray" file="src/pymortests/vectorarray.py" line="182" name="test_from_numpy[1-&lt;lambda&gt;18]" time="0.00046515464782714844"><skipped message="Suite splitting in effect" type="pytest.skip">src/pymortests/vectorarray.py:182: Suite splitting in effect</skipped></testcase><testcase classname="src.pymortests.vectorarray" file="src/pymortests/vectorarray.py" line="182" name="test_from_numpy[1-&lt;lambda&gt;19]" time="0.0004353523254394531"><skipped message="Suite splitting in effect" type="pytest.skip">src/pymortests/vectorarray.py:182: Suite splitting in effect</skipped></testcase><testcase classname="src.pymortests.vectorarray" file="src/pymortests/vectorarray.py" line="182" name="test_from_numpy[1-&lt;lambda&gt;20]" time="0.0004429817199707031"><skipped message="Suite splitting in effect" type="pytest.skip">src/pymortests/vectorarray.py:182: Suite splitting in effect</skipped></testcase><testcase classname="src.pymortests.vectorarray" file="src/pymortests/vectorarray.py" line="182" name="test_from_numpy[1-&lt;lambda&gt;21]" time="0.00044846534729003906"><skipped message="Suite splitting in effect" type="pytest.skip">src/pymortests/vectorarray.py:182: Suite splitting in effect</skipped></testcase><testcase classname="src.pymortests.vectorarray" file="src/pymortests/vectorarray.py" line="182" name="test_from_numpy[1-&lt;lambda&gt;22]" time="0.0004353523254394531"><skipped message="Suite splitting in effect" type="pytest.skip">src/pymortests/vectorarray.py:182: Suite splitting in effect</skipped></testcase><testcase classname="src.pymortests.vectorarray" file="src/pymortests/vectorarray.py" line="182" name="test_from_numpy[1-&lt;lambda&gt;23]" time="0.0004425048828125"><skipped message="Suite splitting in effect" type="pytest.skip">src/pymortests/vectorarray.py:182: Suite splitting in effect</skipped></testcase><testcase classname="src.pymortests.vectorarray" file="src/pymortests/vectorarray.py" line="182" name="test_from_numpy[1-&lt;lambda&gt;24]" time="0.0004887580871582031"><skipped message="Suite splitting in effect" type="pytest.skip">src/pymortests/vectorarray.py:182: Suite splitting in effect</skipped></testcase><testcase classname="src.pymortests.vectorarray" file="src/pymortests/vectorarray.py" line="182" name="test_from_numpy[1-&lt;lambda&gt;25]" time="0.0004534721374511719"><skipped message="Suite splitting in effect" type="pytest.skip">src/pymortests/vectorarray.py:182: Suite splitting in effect</skipped></testcase><testcase classname="src.pymortests.vectorarray" file="src/pymortests/vectorarray.py" line="182" name="test_from_numpy[1-&lt;lambda&gt;26]" time="0.0004162788391113281"><skipped message="Suite splitting in effect" type="pytest.skip">src/pymortests/vectorarray.py:182: Suite splitting in effect</skipped></testcase><testcase classname="src.pymortests.vectorarray" file="src/pymortests/vectorarray.py" line="182" name="test_from_numpy[2-&lt;lambda&gt;0]" time="0.00045013427734375"><skipped message="Suite splitting in effect" type="pytest.skip">src/pymortests/vectorarray.py:182: Suite splitting in effect</skipped></testcase><testcase classname="src.pymortests.vectorarray" file="src/pymortests/vectorarray.py" line="182" name="test_from_numpy[2-&lt;lambda&gt;1]" time="0.0004024505615234375"><skipped message="Suite splitting in effect" type="pytest.skip">src/pymortests/vectorarray.py:182: Suite splitting in effect</skipped></testcase><testcase classname="src.pymortests.vectorarray" file="src/pymortests/vectorarray.py" line="182" name="test_from_numpy[2-&lt;lambda&gt;2]" time="0.0004062652587890625"><skipped message="Suite splitting in effect" type="pytest.skip">src/pymortests/vectorarray.py:182: Suite splitting in effect</skipped></testcase><testcase classname="src.pymortests.vectorarray" file="src/pymortests/vectorarray.py" line="182" name="test_from_numpy[2-&lt;lambda&gt;3]" time="0.00040984153747558594"><skipped message="Suite splitting in effect" type="pytest.skip">src/pymortests/vectorarray.py:182: Suite splitting in effect</skipped></testcase><testcase classname="src.pymortests.vectorarray" file="src/pymortests/vectorarray.py" line="182" name="test_from_numpy[2-&lt;lambda&gt;4]" time="0.00044536590576171875"><skipped message="Suite splitting in effect" type="pytest.skip">src/pymortests/vectorarray.py:182: Suite splitting in effect</skipped></testcase><testcase classname="src.pymortests.vectorarray" file="src/pymortests/vectorarray.py" line="182" name="test_from_numpy[2-&lt;lambda&gt;5]" time="0.00041103363037109375"><skipped message="Suite splitting in effect" type="pytest.skip">src/pymortests/vectorarray.py:182: Suite splitting in effect</skipped></testcase><testcase classname="src.pymortests.vectorarray" file="src/pymortests/vectorarray.py" line="182" name="test_from_numpy[2-&lt;lambda&gt;6]" time="0.000457763671875"><skipped message="Suite splitting in effect" type="pytest.skip">src/pymortests/vectorarray.py:182: Suite splitting in effect</skipped></testcase><testcase classname="src.pymortests.vectorarray" file="src/pymortests/vectorarray.py" line="182" name="test_from_numpy[2-&lt;lambda&gt;7]" time="0.00044989585876464844"><skipped message="Suite splitting in effect" type="pytest.skip">src/pymortests/vectorarray.py:182: Suite splitting in effect</skipped></testcase><testcase classname="src.pymortests.vectorarray" file="src/pymortests/vectorarray.py" line="182" name="test_from_numpy[2-&lt;lambda&gt;8]" time="0.0004277229309082031"><skipped message="Suite splitting in effect" type="pytest.skip">src/pymortests/vectorarray.py:182: Suite splitting in effect</skipped></testcase><testcase classname="src.pymortests.vectorarray" file="src/pymortests/vectorarray.py" line="182" name="test_from_numpy[2-&lt;lambda&gt;9]" time="0.0004551410675048828"><skipped message="Suite splitting in effect" type="pytest.skip">src/pymortests/vectorarray.py:182: Suite splitting in effect</skipped></testcase><testcase classname="src.pymortests.vectorarray" file="src/pymortests/vectorarray.py" line="182" name="test_from_numpy[2-&lt;lambda&gt;10]" time="0.0004925727844238281"><skipped message="Suite splitting in effect" type="pytest.skip">src/pymortests/vectorarray.py:182: Suite splitting in effect</skipped></testcase><testcase classname="src.pymortests.vectorarray" file="src/pymortests/vectorarray.py" line="182" name="test_from_numpy[2-&lt;lambda&gt;11]" time="0.0004391670227050781"><skipped message="Suite splitting in effect" type="pytest.skip">src/pymortests/vectorarray.py:182: Suite splitting in effect</skipped></testcase><testcase classname="src.pymortests.vectorarray" file="src/pymortests/vectorarray.py" line="182" name="test_from_numpy[2-&lt;lambda&gt;12]" time="0.00046753883361816406"><skipped message="Suite splitting in effect" type="pytest.skip">src/pymortests/vectorarray.py:182: Suite splitting in effect</skipped></testcase><testcase classname="src.pymortests.vectorarray" file="src/pymortests/vectorarray.py" line="182" name="test_from_numpy[2-&lt;lambda&gt;13]" time="0.0004355907440185547"><skipped message="Suite splitting in effect" type="pytest.skip">src/pymortests/vectorarray.py:182: Suite splitting in effect</skipped></testcase><testcase classname="src.pymortests.vectorarray" file="src/pymortests/vectorarray.py" line="182" name="test_from_numpy[2-&lt;lambda&gt;14]" time="0.0004401206970214844"><skipped message="Suite splitting in effect" type="pytest.skip">src/pymortests/vectorarray.py:182: Suite splitting in effect</skipped></testcase><testcase classname="src.pymortests.vectorarray" file="src/pymortests/vectorarray.py" line="182" name="test_from_numpy[2-&lt;lambda&gt;15]" time="0.0004639625549316406"><skipped message="Suite splitting in effect" type="pytest.skip">src/pymortests/vectorarray.py:182: Suite splitting in effect</skipped></testcase><testcase classname="src.pymortests.vectorarray" file="src/pymortests/vectorarray.py" line="182" name="test_from_numpy[2-&lt;lambda&gt;16]" time="0.0004162788391113281"><skipped message="Suite splitting in effect" type="pytest.skip">src/pymortests/vectorarray.py:182: Suite splitting in effect</skipped></testcase><testcase classname="src.pymortests.vectorarray" file="src/pymortests/vectorarray.py" line="182" name="test_from_numpy[2-&lt;lambda&gt;17]" time="0.00042057037353515625"><skipped message="Suite splitting in effect" type="pytest.skip">src/pymortests/vectorarray.py:182: Suite splitting in effect</skipped></testcase><testcase classname="src.pymortests.vectorarray" file="src/pymortests/vectorarray.py" line="182" name="test_from_numpy[2-&lt;lambda&gt;18]" time="0.0004222393035888672"><skipped message="Suite splitting in effect" type="pytest.skip">src/pymortests/vectorarray.py:182: Suite splitting in effect</skipped></testcase><testcase classname="src.pymortests.vectorarray" file="src/pymortests/vectorarray.py" line="182" name="test_from_numpy[2-&lt;lambda&gt;19]" time="0.00040221214294433594"><skipped message="Suite splitting in effect" type="pytest.skip">src/pymortests/vectorarray.py:182: Suite splitting in effect</skipped></testcase><testcase classname="src.pymortests.vectorarray" file="src/pymortests/vectorarray.py" line="182" name="test_from_numpy[2-&lt;lambda&gt;20]" time="0.00042510032653808594"><skipped message="Suite splitting in effect" type="pytest.skip">src/pymortests/vectorarray.py:182: Suite splitting in effect</skipped></testcase><testcase classname="src.pymortests.vectorarray" file="src/pymortests/vectorarray.py" line="182" name="test_from_numpy[2-&lt;lambda&gt;21]" time="0.0004315376281738281"><skipped message="Suite splitting in effect" type="pytest.skip">src/pymortests/vectorarray.py:182: Suite splitting in effect</skipped></testcase><testcase classname="src.pymortests.vectorarray" file="src/pymortests/vectorarray.py" line="182" name="test_from_numpy[2-&lt;lambda&gt;22]" time="0.00042629241943359375"><skipped message="Suite splitting in effect" type="pytest.skip">src/pymortests/vectorarray.py:182: Suite splitting in effect</skipped></testcase><testcase classname="src.pymortests.vectorarray" file="src/pymortests/vectorarray.py" line="182" name="test_from_numpy[2-&lt;lambda&gt;23]" time="0.00041556358337402344"><skipped message="Suite splitting in effect" type="pytest.skip">src/pymortests/vectorarray.py:182: Suite splitting in effect</skipped></testcase><testcase classname="src.pymortests.vectorarray" file="src/pymortests/vectorarray.py" line="182" name="test_from_numpy[2-&lt;lambda&gt;24]" time="0.00047659873962402344"><skipped message="Suite splitting in effect" type="pytest.skip">src/pymortests/vectorarray.py:182: Suite splitting in effect</skipped></testcase><testcase classname="src.pymortests.vectorarray" file="src/pymortests/vectorarray.py" line="182" name="test_from_numpy[2-&lt;lambda&gt;25]" time="0.0004184246063232422"><skipped message="Suite splitting in effect" type="pytest.skip">src/pymortests/vectorarray.py:182: Suite splitting in effect</skipped></testcase><testcase classname="src.pymortests.vectorarray" file="src/pymortests/vectorarray.py" line="182" name="test_from_numpy[2-&lt;lambda&gt;26]" time="0.00048089027404785156"><skipped message="Suite splitting in effect" type="pytest.skip">src/pymortests/vectorarray.py:182: Suite splitting in effect</skipped></testcase><testcase classname="src.pymortests.vectorarray" file="src/pymortests/vectorarray.py" line="194" name="test_shape[0-&lt;lambda&gt;0]" time="0.0004444122314453125"><skipped message="Suite splitting in effect" type="pytest.skip">src/pymortests/vectorarray.py:194: Suite splitting in effect</skipped></testcase><testcase classname="src.pymortests.vectorarray" file="src/pymortests/vectorarray.py" line="194" name="test_shape[0-&lt;lambda&gt;1]" time="0.00046944618225097656"><skipped message="Suite splitting in effect" type="pytest.skip">src/pymortests/vectorarray.py:194: Suite splitting in effect</skipped></testcase><testcase classname="src.pymortests.vectorarray" file="src/pymortests/vectorarray.py" line="194" name="test_shape[0-&lt;lambda&gt;2]" time="0.0004515647888183594"><skipped message="Suite splitting in effect" type="pytest.skip">src/pymortests/vectorarray.py:194: Suite splitting in effect</skipped></testcase><testcase classname="src.pymortests.vectorarray" file="src/pymortests/vectorarray.py" line="194" name="test_shape[0-&lt;lambda&gt;3]" time="0.00041222572326660156"><skipped message="Suite splitting in effect" type="pytest.skip">src/pymortests/vectorarray.py:194: Suite splitting in effect</skipped></testcase><testcase classname="src.pymortests.vectorarray" file="src/pymortests/vectorarray.py" line="194" name="test_shape[0-&lt;lambda&gt;4]" time="0.00042247772216796875"><skipped message="Suite splitting in effect" type="pytest.skip">src/pymortests/vectorarray.py:194: Suite splitting in effect</skipped></testcase><testcase classname="src.pymortests.vectorarray" file="src/pymortests/vectorarray.py" line="194" name="test_shape[0-&lt;lambda&gt;5]" time="0.0004203319549560547"><skipped message="Suite splitting in effect" type="pytest.skip">src/pymortests/vectorarray.py:194: Suite splitting in effect</skipped></testcase><testcase classname="src.pymortests.vectorarray" file="src/pymortests/vectorarray.py" line="194" name="test_shape[0-&lt;lambda&gt;6]" time="0.0004076957702636719"><skipped message="Suite splitting in effect" type="pytest.skip">src/pymortests/vectorarray.py:194: Suite splitting in effect</skipped></testcase><testcase classname="src.pymortests.vectorarray" file="src/pymortests/vectorarray.py" line="194" name="test_shape[0-&lt;lambda&gt;7]" time="0.0004425048828125"><skipped message="Suite splitting in effect" type="pytest.skip">src/pymortests/vectorarray.py:194: Suite splitting in effect</skipped></testcase><testcase classname="src.pymortests.vectorarray" file="src/pymortests/vectorarray.py" line="194" name="test_shape[0-&lt;lambda&gt;8]" time="0.00044727325439453125"><skipped message="Suite splitting in effect" type="pytest.skip">src/pymortests/vectorarray.py:194: Suite splitting in effect</skipped></testcase><testcase classname="src.pymortests.vectorarray" file="src/pymortests/vectorarray.py" line="194" name="test_shape[0-&lt;lambda&gt;9]" time="0.00041484832763671875"><skipped message="Suite splitting in effect" type="pytest.skip">src/pymortests/vectorarray.py:194: Suite splitting in effect</skipped></testcase><testcase classname="src.pymortests.vectorarray" file="src/pymortests/vectorarray.py" line="194" name="test_shape[0-&lt;lambda&gt;10]" time="0.0004341602325439453"><skipped message="Suite splitting in effect" type="pytest.skip">src/pymortests/vectorarray.py:194: Suite splitting in effect</skipped></testcase><testcase classname="src.pymortests.vectorarray" file="src/pymortests/vectorarray.py" line="194" name="test_shape[0-&lt;lambda&gt;11]" time="0.0004050731658935547"><skipped message="Suite splitting in effect" type="pytest.skip">src/pymortests/vectorarray.py:194: Suite splitting in effect</skipped></testcase><testcase classname="src.pymortests.vectorarray" file="src/pymortests/vectorarray.py" line="194" name="test_shape[0-&lt;lambda&gt;12]" time="0.0004134178161621094"><skipped message="Suite splitting in effect" type="pytest.skip">src/pymortests/vectorarray.py:194: Suite splitting in effect</skipped></testcase><testcase classname="src.pymortests.vectorarray" file="src/pymortests/vectorarray.py" line="194" name="test_shape[0-&lt;lambda&gt;13]" time="0.00041747093200683594"><skipped message="Suite splitting in effect" type="pytest.skip">src/pymortests/vectorarray.py:194: Suite splitting in effect</skipped></testcase><testcase classname="src.pymortests.vectorarray" file="src/pymortests/vectorarray.py" line="194" name="test_shape[0-&lt;lambda&gt;14]" time="0.0004050731658935547"><skipped message="Suite splitting in effect" type="pytest.skip">src/pymortests/vectorarray.py:194: Suite splitting in effect</skipped></testcase><testcase classname="src.pymortests.vectorarray" file="src/pymortests/vectorarray.py" line="194" name="test_shape[0-&lt;lambda&gt;15]" time="0.0004210472106933594"><skipped message="Suite splitting in effect" type="pytest.skip">src/pymortests/vectorarray.py:194: Suite splitting in effect</skipped></testcase><testcase classname="src.pymortests.vectorarray" file="src/pymortests/vectorarray.py" line="194" name="test_shape[0-&lt;lambda&gt;16]" time="0.00044155120849609375"><skipped message="Suite splitting in effect" type="pytest.skip">src/pymortests/vectorarray.py:194: Suite splitting in effect</skipped></testcase><testcase classname="src.pymortests.vectorarray" file="src/pymortests/vectorarray.py" line="194" name="test_shape[0-&lt;lambda&gt;17]" time="0.00041294097900390625"><skipped message="Suite splitting in effect" type="pytest.skip">src/pymortests/vectorarray.py:194: Suite splitting in effect</skipped></testcase><testcase classname="src.pymortests.vectorarray" file="src/pymortests/vectorarray.py" line="194" name="test_shape[0-&lt;lambda&gt;18]" time="0.0004220008850097656"><skipped message="Suite splitting in effect" type="pytest.skip">src/pymortests/vectorarray.py:194: Suite splitting in effect</skipped></testcase><testcase classname="src.pymortests.vectorarray" file="src/pymortests/vectorarray.py" line="194" name="test_shape[0-&lt;lambda&gt;19]" time="0.0007688999176025391"><skipped message="Suite splitting in effect" type="pytest.skip">src/pymortests/vectorarray.py:194: Suite splitting in effect</skipped></testcase><testcase classname="src.pymortests.vectorarray" file="src/pymortests/vectorarray.py" line="194" name="test_shape[0-&lt;lambda&gt;20]" time="0.0004405975341796875"><skipped message="Suite splitting in effect" type="pytest.skip">src/pymortests/vectorarray.py:194: Suite splitting in effect</skipped></testcase><testcase classname="src.pymortests.vectorarray" file="src/pymortests/vectorarray.py" line="194" name="test_shape[0-&lt;lambda&gt;21]" time="0.0004832744598388672"><skipped message="Suite splitting in effect" type="pytest.skip">src/pymortests/vectorarray.py:194: Suite splitting in effect</skipped></testcase><testcase classname="src.pymortests.vectorarray" file="src/pymortests/vectorarray.py" line="194" name="test_shape[0-&lt;lambda&gt;22]" time="0.000415802001953125"><skipped message="Suite splitting in effect" type="pytest.skip">src/pymortests/vectorarray.py:194: Suite splitting in effect</skipped></testcase><testcase classname="src.pymortests.vectorarray" file="src/pymortests/vectorarray.py" line="194" name="test_shape[0-&lt;lambda&gt;23]" time="0.0004169940948486328"><skipped message="Suite splitting in effect" type="pytest.skip">src/pymortests/vectorarray.py:194: Suite splitting in effect</skipped></testcase><testcase classname="src.pymortests.vectorarray" file="src/pymortests/vectorarray.py" line="194" name="test_shape[0-&lt;lambda&gt;24]" time="0.00043320655822753906"><skipped message="Suite splitting in effect" type="pytest.skip">src/pymortests/vectorarray.py:194: Suite splitting in effect</skipped></testcase><testcase classname="src.pymortests.vectorarray" file="src/pymortests/vectorarray.py" line="194" name="test_shape[0-&lt;lambda&gt;25]" time="0.00041365623474121094"><skipped message="Suite splitting in effect" type="pytest.skip">src/pymortests/vectorarray.py:194: Suite splitting in effect</skipped></testcase><testcase classname="src.pymortests.vectorarray" file="src/pymortests/vectorarray.py" line="194" name="test_shape[0-&lt;lambda&gt;26]" time="0.00040340423583984375"><skipped message="Suite splitting in effect" type="pytest.skip">src/pymortests/vectorarray.py:194: Suite splitting in effect</skipped></testcase><testcase classname="src.pymortests.vectorarray" file="src/pymortests/vectorarray.py" line="194" name="test_shape[1-&lt;lambda&gt;0]" time="0.0005347728729248047"><skipped message="Suite splitting in effect" type="pytest.skip">src/pymortests/vectorarray.py:194: Suite splitting in effect</skipped></testcase><testcase classname="src.pymortests.vectorarray" file="src/pymortests/vectorarray.py" line="194" name="test_shape[1-&lt;lambda&gt;1]" time="0.00043654441833496094"><skipped message="Suite splitting in effect" type="pytest.skip">src/pymortests/vectorarray.py:194: Suite splitting in effect</skipped></testcase><testcase classname="src.pymortests.vectorarray" file="src/pymortests/vectorarray.py" line="194" name="test_shape[1-&lt;lambda&gt;2]" time="0.00041413307189941406"><skipped message="Suite splitting in effect" type="pytest.skip">src/pymortests/vectorarray.py:194: Suite splitting in effect</skipped></testcase><testcase classname="src.pymortests.vectorarray" file="src/pymortests/vectorarray.py" line="194" name="test_shape[1-&lt;lambda&gt;3]" time="0.00046753883361816406"><skipped message="Suite splitting in effect" type="pytest.skip">src/pymortests/vectorarray.py:194: Suite splitting in effect</skipped></testcase><testcase classname="src.pymortests.vectorarray" file="src/pymortests/vectorarray.py" line="194" name="test_shape[1-&lt;lambda&gt;4]" time="0.0004220008850097656"><skipped message="Suite splitting in effect" type="pytest.skip">src/pymortests/vectorarray.py:194: Suite splitting in effect</skipped></testcase><testcase classname="src.pymortests.vectorarray" file="src/pymortests/vectorarray.py" line="194" name="test_shape[1-&lt;lambda&gt;5]" time="0.00045990943908691406"><skipped message="Suite splitting in effect" type="pytest.skip">src/pymortests/vectorarray.py:194: Suite splitting in effect</skipped></testcase><testcase classname="src.pymortests.vectorarray" file="src/pymortests/vectorarray.py" line="194" name="test_shape[1-&lt;lambda&gt;6]" time="0.00043201446533203125"><skipped message="Suite splitting in effect" type="pytest.skip">src/pymortests/vectorarray.py:194: Suite splitting in effect</skipped></testcase><testcase classname="src.pymortests.vectorarray" file="src/pymortests/vectorarray.py" line="194" name="test_shape[1-&lt;lambda&gt;7]" time="0.00046372413635253906"><skipped message="Suite splitting in effect" type="pytest.skip">src/pymortests/vectorarray.py:194: Suite splitting in effect</skipped></testcase><testcase classname="src.pymortests.vectorarray" file="src/pymortests/vectorarray.py" line="194" name="test_shape[1-&lt;lambda&gt;8]" time="0.00042819976806640625"><skipped message="Suite splitting in effect" type="pytest.skip">src/pymortests/vectorarray.py:194: Suite splitting in effect</skipped></testcase><testcase classname="src.pymortests.vectorarray" file="src/pymortests/vectorarray.py" line="194" name="test_shape[1-&lt;lambda&gt;9]" time="0.0005033016204833984"><skipped message="Suite splitting in effect" type="pytest.skip">src/pymortests/vectorarray.py:194: Suite splitting in effect</skipped></testcase><testcase classname="src.pymortests.vectorarray" file="src/pymortests/vectorarray.py" line="194" name="test_shape[1-&lt;lambda&gt;10]" time="0.00044918060302734375"><skipped message="Suite splitting in effect" type="pytest.skip">src/pymortests/vectorarray.py:194: Suite splitting in effect</skipped></testcase><testcase classname="src.pymortests.vectorarray" file="src/pymortests/vectorarray.py" line="194" name="test_shape[1-&lt;lambda&gt;11]" time="0.00043129920959472656"><skipped message="Suite splitting in effect" type="pytest.skip">src/pymortests/vectorarray.py:194: Suite splitting in effect</skipped></testcase><testcase classname="src.pymortests.vectorarray" file="src/pymortests/vectorarray.py" line="194" name="test_shape[1-&lt;lambda&gt;12]" time="0.0004401206970214844"><skipped message="Suite splitting in effect" type="pytest.skip">src/pymortests/vectorarray.py:194: Suite splitting in effect</skipped></testcase><testcase classname="src.pymortests.vectorarray" file="src/pymortests/vectorarray.py" line="194" name="test_shape[1-&lt;lambda&gt;13]" time="0.00041794776916503906"><skipped message="Suite splitting in effect" type="pytest.skip">src/pymortests/vectorarray.py:194: Suite splitting in effect</skipped></testcase><testcase classname="src.pymortests.vectorarray" file="src/pymortests/vectorarray.py" line="194" name="test_shape[1-&lt;lambda&gt;14]" time="0.00039887428283691406"><skipped message="Suite splitting in effect" type="pytest.skip">src/pymortests/vectorarray.py:194: Suite splitting in effect</skipped></testcase><testcase classname="src.pymortests.vectorarray" file="src/pymortests/vectorarray.py" line="194" name="test_shape[1-&lt;lambda&gt;15]" time="0.0003960132598876953"><skipped message="Suite splitting in effect" type="pytest.skip">src/pymortests/vectorarray.py:194: Suite splitting in effect</skipped></testcase><testcase classname="src.pymortests.vectorarray" file="src/pymortests/vectorarray.py" line="194" name="test_shape[1-&lt;lambda&gt;16]" time="0.00043845176696777344"><skipped message="Suite splitting in effect" type="pytest.skip">src/pymortests/vectorarray.py:194: Suite splitting in effect</skipped></testcase><testcase classname="src.pymortests.vectorarray" file="src/pymortests/vectorarray.py" line="194" name="test_shape[1-&lt;lambda&gt;17]" time="0.0004069805145263672"><skipped message="Suite splitting in effect" type="pytest.skip">src/pymortests/vectorarray.py:194: Suite splitting in effect</skipped></testcase><testcase classname="src.pymortests.vectorarray" file="src/pymortests/vectorarray.py" line="194" name="test_shape[1-&lt;lambda&gt;18]" time="0.0004189014434814453"><skipped message="Suite splitting in effect" type="pytest.skip">src/pymortests/vectorarray.py:194: Suite splitting in effect</skipped></testcase><testcase classname="src.pymortests.vectorarray" file="src/pymortests/vectorarray.py" line="194" name="test_shape[1-&lt;lambda&gt;19]" time="0.0004055500030517578"><skipped message="Suite splitting in effect" type="pytest.skip">src/pymortests/vectorarray.py:194: Suite splitting in effect</skipped></testcase><testcase classname="src.pymortests.vectorarray" file="src/pymortests/vectorarray.py" line="194" name="test_shape[1-&lt;lambda&gt;20]" time="0.00042939186096191406"><skipped message="Suite splitting in effect" type="pytest.skip">src/pymortests/vectorarray.py:194: Suite splitting in effect</skipped></testcase><testcase classname="src.pymortests.vectorarray" file="src/pymortests/vectorarray.py" line="194" name="test_shape[1-&lt;lambda&gt;21]" time="0.0004303455352783203"><skipped message="Suite splitting in effect" type="pytest.skip">src/pymortests/vectorarray.py:194: Suite splitting in effect</skipped></testcase><testcase classname="src.pymortests.vectorarray" file="src/pymortests/vectorarray.py" line="194" name="test_shape[1-&lt;lambda&gt;22]" time="0.0004172325134277344"><skipped message="Suite splitting in effect" type="pytest.skip">src/pymortests/vectorarray.py:194: Suite splitting in effect</skipped></testcase><testcase classname="src.pymortests.vectorarray" file="src/pymortests/vectorarray.py" line="194" name="test_shape[1-&lt;lambda&gt;23]" time="0.0004696846008300781"><skipped message="Suite splitting in effect" type="pytest.skip">src/pymortests/vectorarray.py:194: Suite splitting in effect</skipped></testcase><testcase classname="src.pymortests.vectorarray" file="src/pymortests/vectorarray.py" line="194" name="test_shape[1-&lt;lambda&gt;24]" time="0.00041675567626953125"><skipped message="Suite splitting in effect" type="pytest.skip">src/pymortests/vectorarray.py:194: Suite splitting in effect</skipped></testcase><testcase classname="src.pymortests.vectorarray" file="src/pymortests/vectorarray.py" line="194" name="test_shape[1-&lt;lambda&gt;25]" time="0.0004258155822753906"><skipped message="Suite splitting in effect" type="pytest.skip">src/pymortests/vectorarray.py:194: Suite splitting in effect</skipped></testcase><testcase classname="src.pymortests.vectorarray" file="src/pymortests/vectorarray.py" line="194" name="test_shape[1-&lt;lambda&gt;26]" time="0.0004172325134277344"><skipped message="Suite splitting in effect" type="pytest.skip">src/pymortests/vectorarray.py:194: Suite splitting in effect</skipped></testcase><testcase classname="src.pymortests.vectorarray" file="src/pymortests/vectorarray.py" line="194" name="test_shape[2-&lt;lambda&gt;0]" time="0.00040078163146972656"><skipped message="Suite splitting in effect" type="pytest.skip">src/pymortests/vectorarray.py:194: Suite splitting in effect</skipped></testcase><testcase classname="src.pymortests.vectorarray" file="src/pymortests/vectorarray.py" line="194" name="test_shape[2-&lt;lambda&gt;1]" time="0.00046563148498535156"><skipped message="Suite splitting in effect" type="pytest.skip">src/pymortests/vectorarray.py:194: Suite splitting in effect</skipped></testcase><testcase classname="src.pymortests.vectorarray" file="src/pymortests/vectorarray.py" line="194" name="test_shape[2-&lt;lambda&gt;2]" time="0.0006532669067382812"><skipped message="Suite splitting in effect" type="pytest.skip">src/pymortests/vectorarray.py:194: Suite splitting in effect</skipped></testcase><testcase classname="src.pymortests.vectorarray" file="src/pymortests/vectorarray.py" line="194" name="test_shape[2-&lt;lambda&gt;3]" time="0.0006072521209716797"><skipped message="Suite splitting in effect" type="pytest.skip">src/pymortests/vectorarray.py:194: Suite splitting in effect</skipped></testcase><testcase classname="src.pymortests.vectorarray" file="src/pymortests/vectorarray.py" line="194" name="test_shape[2-&lt;lambda&gt;4]" time="0.00044083595275878906"><skipped message="Suite splitting in effect" type="pytest.skip">src/pymortests/vectorarray.py:194: Suite splitting in effect</skipped></testcase><testcase classname="src.pymortests.vectorarray" file="src/pymortests/vectorarray.py" line="194" name="test_shape[2-&lt;lambda&gt;5]" time="0.00043773651123046875"><skipped message="Suite splitting in effect" type="pytest.skip">src/pymortests/vectorarray.py:194: Suite splitting in effect</skipped></testcase><testcase classname="src.pymortests.vectorarray" file="src/pymortests/vectorarray.py" line="194" name="test_shape[2-&lt;lambda&gt;6]" time="0.00044989585876464844"><skipped message="Suite splitting in effect" type="pytest.skip">src/pymortests/vectorarray.py:194: Suite splitting in effect</skipped></testcase><testcase classname="src.pymortests.vectorarray" file="src/pymortests/vectorarray.py" line="194" name="test_shape[2-&lt;lambda&gt;7]" time="0.0004322528839111328"><skipped message="Suite splitting in effect" type="pytest.skip">src/pymortests/vectorarray.py:194: Suite splitting in effect</skipped></testcase><testcase classname="src.pymortests.vectorarray" file="src/pymortests/vectorarray.py" line="194" name="test_shape[2-&lt;lambda&gt;8]" time="0.0004227161407470703"><skipped message="Suite splitting in effect" type="pytest.skip">src/pymortests/vectorarray.py:194: Suite splitting in effect</skipped></testcase><testcase classname="src.pymortests.vectorarray" file="src/pymortests/vectorarray.py" line="194" name="test_shape[2-&lt;lambda&gt;9]" time="0.0004363059997558594"><skipped message="Suite splitting in effect" type="pytest.skip">src/pymortests/vectorarray.py:194: Suite splitting in effect</skipped></testcase><testcase classname="src.pymortests.vectorarray" file="src/pymortests/vectorarray.py" line="194" name="test_shape[2-&lt;lambda&gt;10]" time="0.0004279613494873047"><skipped message="Suite splitting in effect" type="pytest.skip">src/pymortests/vectorarray.py:194: Suite splitting in effect</skipped></testcase><testcase classname="src.pymortests.vectorarray" file="src/pymortests/vectorarray.py" line="194" name="test_shape[2-&lt;lambda&gt;11]" time="0.00041747093200683594"><skipped message="Suite splitting in effect" type="pytest.skip">src/pymortests/vectorarray.py:194: Suite splitting in effect</skipped></testcase><testcase classname="src.pymortests.vectorarray" file="src/pymortests/vectorarray.py" line="194" name="test_shape[2-&lt;lambda&gt;12]" time="0.00045228004455566406"><skipped message="Suite splitting in effect" type="pytest.skip">src/pymortests/vectorarray.py:194: Suite splitting in effect</skipped></testcase><testcase classname="src.pymortests.vectorarray" file="src/pymortests/vectorarray.py" line="194" name="test_shape[2-&lt;lambda&gt;13]" time="0.00043272972106933594"><skipped message="Suite splitting in effect" type="pytest.skip">src/pymortests/vectorarray.py:194: Suite splitting in effect</skipped></testcase><testcase classname="src.pymortests.vectorarray" file="src/pymortests/vectorarray.py" line="194" name="test_shape[2-&lt;lambda&gt;14]" time="0.0004317760467529297"><skipped message="Suite splitting in effect" type="pytest.skip">src/pymortests/vectorarray.py:194: Suite splitting in effect</skipped></testcase><testcase classname="src.pymortests.vectorarray" file="src/pymortests/vectorarray.py" line="194" name="test_shape[2-&lt;lambda&gt;15]" time="0.00041294097900390625"><skipped message="Suite splitting in effect" type="pytest.skip">src/pymortests/vectorarray.py:194: Suite splitting in effect</skipped></testcase><testcase classname="src.pymortests.vectorarray" file="src/pymortests/vectorarray.py" line="194" name="test_shape[2-&lt;lambda&gt;16]" time="0.0004143714904785156"><skipped message="Suite splitting in effect" type="pytest.skip">src/pymortests/vectorarray.py:194: Suite splitting in effect</skipped></testcase><testcase classname="src.pymortests.vectorarray" file="src/pymortests/vectorarray.py" line="194" name="test_shape[2-&lt;lambda&gt;17]" time="0.00040793418884277344"><skipped message="Suite splitting in effect" type="pytest.skip">src/pymortests/vectorarray.py:194: Suite splitting in effect</skipped></testcase><testcase classname="src.pymortests.vectorarray" file="src/pymortests/vectorarray.py" line="194" name="test_shape[2-&lt;lambda&gt;18]" time="0.00039649009704589844"><skipped message="Suite splitting in effect" type="pytest.skip">src/pymortests/vectorarray.py:194: Suite splitting in effect</skipped></testcase><testcase classname="src.pymortests.vectorarray" file="src/pymortests/vectorarray.py" line="194" name="test_shape[2-&lt;lambda&gt;19]" time="0.0004172325134277344"><skipped message="Suite splitting in effect" type="pytest.skip">src/pymortests/vectorarray.py:194: Suite splitting in effect</skipped></testcase><testcase classname="src.pymortests.vectorarray" file="src/pymortests/vectorarray.py" line="194" name="test_shape[2-&lt;lambda&gt;20]" time="0.0004000663757324219"><skipped message="Suite splitting in effect" type="pytest.skip">src/pymortests/vectorarray.py:194: Suite splitting in effect</skipped></testcase><testcase classname="src.pymortests.vectorarray" file="src/pymortests/vectorarray.py" line="194" name="test_shape[2-&lt;lambda&gt;21]" time="0.00042319297790527344"><skipped message="Suite splitting in effect" type="pytest.skip">src/pymortests/vectorarray.py:194: Suite splitting in effect</skipped></testcase><testcase classname="src.pymortests.vectorarray" file="src/pymortests/vectorarray.py" line="194" name="test_shape[2-&lt;lambda&gt;22]" time="0.00043582916259765625"><skipped message="Suite splitting in effect" type="pytest.skip">src/pymortests/vectorarray.py:194: Suite splitting in effect</skipped></testcase><testcase classname="src.pymortests.vectorarray" file="src/pymortests/vectorarray.py" line="194" name="test_shape[2-&lt;lambda&gt;23]" time="0.0004317760467529297"><skipped message="Suite splitting in effect" type="pytest.skip">src/pymortests/vectorarray.py:194: Suite splitting in effect</skipped></testcase><testcase classname="src.pymortests.vectorarray" file="src/pymortests/vectorarray.py" line="194" name="test_shape[2-&lt;lambda&gt;24]" time="0.0004134178161621094"><skipped message="Suite splitting in effect" type="pytest.skip">src/pymortests/vectorarray.py:194: Suite splitting in effect</skipped></testcase><testcase classname="src.pymortests.vectorarray" file="src/pymortests/vectorarray.py" line="194" name="test_shape[2-&lt;lambda&gt;25]" time="0.00042176246643066406"><skipped message="Suite splitting in effect" type="pytest.skip">src/pymortests/vectorarray.py:194: Suite splitting in effect</skipped></testcase><testcase classname="src.pymortests.vectorarray" file="src/pymortests/vectorarray.py" line="194" name="test_shape[2-&lt;lambda&gt;26]" time="0.0004229545593261719"><skipped message="Suite splitting in effect" type="pytest.skip">src/pymortests/vectorarray.py:194: Suite splitting in effect</skipped></testcase><testcase classname="src.pymortests.vectorarray" file="src/pymortests/vectorarray.py" line="204" name="test_space[0-&lt;lambda&gt;0]" time="0.00040912628173828125"><skipped message="Suite splitting in effect" type="pytest.skip">src/pymortests/vectorarray.py:204: Suite splitting in effect</skipped></testcase><testcase classname="src.pymortests.vectorarray" file="src/pymortests/vectorarray.py" line="204" name="test_space[0-&lt;lambda&gt;1]" time="0.00042438507080078125"><skipped message="Suite splitting in effect" type="pytest.skip">src/pymortests/vectorarray.py:204: Suite splitting in effect</skipped></testcase><testcase classname="src.pymortests.vectorarray" file="src/pymortests/vectorarray.py" line="204" name="test_space[0-&lt;lambda&gt;2]" time="0.0004448890686035156"><skipped message="Suite splitting in effect" type="pytest.skip">src/pymortests/vectorarray.py:204: Suite splitting in effect</skipped></testcase><testcase classname="src.pymortests.vectorarray" file="src/pymortests/vectorarray.py" line="204" name="test_space[0-&lt;lambda&gt;3]" time="0.00047326087951660156"><skipped message="Suite splitting in effect" type="pytest.skip">src/pymortests/vectorarray.py:204: Suite splitting in effect</skipped></testcase><testcase classname="src.pymortests.vectorarray" file="src/pymortests/vectorarray.py" line="204" name="test_space[0-&lt;lambda&gt;4]" time="0.000553131103515625"><skipped message="Suite splitting in effect" type="pytest.skip">src/pymortests/vectorarray.py:204: Suite splitting in effect</skipped></testcase><testcase classname="src.pymortests.vectorarray" file="src/pymortests/vectorarray.py" line="204" name="test_space[0-&lt;lambda&gt;5]" time="0.0004711151123046875"><skipped message="Suite splitting in effect" type="pytest.skip">src/pymortests/vectorarray.py:204: Suite splitting in effect</skipped></testcase><testcase classname="src.pymortests.vectorarray" file="src/pymortests/vectorarray.py" line="204" name="test_space[0-&lt;lambda&gt;6]" time="0.00044083595275878906"><skipped message="Suite splitting in effect" type="pytest.skip">src/pymortests/vectorarray.py:204: Suite splitting in effect</skipped></testcase><testcase classname="src.pymortests.vectorarray" file="src/pymortests/vectorarray.py" line="204" name="test_space[0-&lt;lambda&gt;7]" time="0.0004725456237792969"><skipped message="Suite splitting in effect" type="pytest.skip">src/pymortests/vectorarray.py:204: Suite splitting in effect</skipped></testcase><testcase classname="src.pymortests.vectorarray" file="src/pymortests/vectorarray.py" line="204" name="test_space[0-&lt;lambda&gt;8]" time="0.00043010711669921875"><skipped message="Suite splitting in effect" type="pytest.skip">src/pymortests/vectorarray.py:204: Suite splitting in effect</skipped></testcase><testcase classname="src.pymortests.vectorarray" file="src/pymortests/vectorarray.py" line="204" name="test_space[0-&lt;lambda&gt;9]" time="0.0004699230194091797"><skipped message="Suite splitting in effect" type="pytest.skip">src/pymortests/vectorarray.py:204: Suite splitting in effect</skipped></testcase><testcase classname="src.pymortests.vectorarray" file="src/pymortests/vectorarray.py" line="204" name="test_space[0-&lt;lambda&gt;10]" time="0.0004496574401855469"><skipped message="Suite splitting in effect" type="pytest.skip">src/pymortests/vectorarray.py:204: Suite splitting in effect</skipped></testcase><testcase classname="src.pymortests.vectorarray" file="src/pymortests/vectorarray.py" line="204" name="test_space[0-&lt;lambda&gt;11]" time="0.0004405975341796875"><skipped message="Suite splitting in effect" type="pytest.skip">src/pymortests/vectorarray.py:204: Suite splitting in effect</skipped></testcase><testcase classname="src.pymortests.vectorarray" file="src/pymortests/vectorarray.py" line="204" name="test_space[0-&lt;lambda&gt;12]" time="0.0004420280456542969"><skipped message="Suite splitting in effect" type="pytest.skip">src/pymortests/vectorarray.py:204: Suite splitting in effect</skipped></testcase><testcase classname="src.pymortests.vectorarray" file="src/pymortests/vectorarray.py" line="204" name="test_space[0-&lt;lambda&gt;13]" time="0.00043487548828125"><skipped message="Suite splitting in effect" type="pytest.skip">src/pymortests/vectorarray.py:204: Suite splitting in effect</skipped></testcase><testcase classname="src.pymortests.vectorarray" file="src/pymortests/vectorarray.py" line="204" name="test_space[0-&lt;lambda&gt;14]" time="0.00042319297790527344"><skipped message="Suite splitting in effect" type="pytest.skip">src/pymortests/vectorarray.py:204: Suite splitting in effect</skipped></testcase><testcase classname="src.pymortests.vectorarray" file="src/pymortests/vectorarray.py" line="204" name="test_space[0-&lt;lambda&gt;15]" time="0.0004248619079589844"><skipped message="Suite splitting in effect" type="pytest.skip">src/pymortests/vectorarray.py:204: Suite splitting in effect</skipped></testcase><testcase classname="src.pymortests.vectorarray" file="src/pymortests/vectorarray.py" line="204" name="test_space[0-&lt;lambda&gt;16]" time="0.0004603862762451172"><skipped message="Suite splitting in effect" type="pytest.skip">src/pymortests/vectorarray.py:204: Suite splitting in effect</skipped></testcase><testcase classname="src.pymortests.vectorarray" file="src/pymortests/vectorarray.py" line="204" name="test_space[0-&lt;lambda&gt;17]" time="0.00042891502380371094"><skipped message="Suite splitting in effect" type="pytest.skip">src/pymortests/vectorarray.py:204: Suite splitting in effect</skipped></testcase><testcase classname="src.pymortests.vectorarray" file="src/pymortests/vectorarray.py" line="204" name="test_space[0-&lt;lambda&gt;18]" time="0.0004203319549560547"><skipped message="Suite splitting in effect" type="pytest.skip">src/pymortests/vectorarray.py:204: Suite splitting in effect</skipped></testcase><testcase classname="src.pymortests.vectorarray" file="src/pymortests/vectorarray.py" line="204" name="test_space[0-&lt;lambda&gt;19]" time="0.0004146099090576172"><skipped message="Suite splitting in effect" type="pytest.skip">src/pymortests/vectorarray.py:204: Suite splitting in effect</skipped></testcase><testcase classname="src.pymortests.vectorarray" file="src/pymortests/vectorarray.py" line="204" name="test_space[0-&lt;lambda&gt;20]" time="0.00042724609375"><skipped message="Suite splitting in effect" type="pytest.skip">src/pymortests/vectorarray.py:204: Suite splitting in effect</skipped></testcase><testcase classname="src.pymortests.vectorarray" file="src/pymortests/vectorarray.py" line="204" name="test_space[0-&lt;lambda&gt;21]" time="0.00046062469482421875"><skipped message="Suite splitting in effect" type="pytest.skip">src/pymortests/vectorarray.py:204: Suite splitting in effect</skipped></testcase><testcase classname="src.pymortests.vectorarray" file="src/pymortests/vectorarray.py" line="204" name="test_space[0-&lt;lambda&gt;22]" time="0.00044655799865722656"><skipped message="Suite splitting in effect" type="pytest.skip">src/pymortests/vectorarray.py:204: Suite splitting in effect</skipped></testcase><testcase classname="src.pymortests.vectorarray" file="src/pymortests/vectorarray.py" line="204" name="test_space[0-&lt;lambda&gt;23]" time="0.0004315376281738281"><skipped message="Suite splitting in effect" type="pytest.skip">src/pymortests/vectorarray.py:204: Suite splitting in effect</skipped></testcase><testcase classname="src.pymortests.vectorarray" file="src/pymortests/vectorarray.py" line="204" name="test_space[0-&lt;lambda&gt;24]" time="0.00041174888610839844"><skipped message="Suite splitting in effect" type="pytest.skip">src/pymortests/vectorarray.py:204: Suite splitting in effect</skipped></testcase><testcase classname="src.pymortests.vectorarray" file="src/pymortests/vectorarray.py" line="204" name="test_space[0-&lt;lambda&gt;25]" time="0.0004532337188720703"><skipped message="Suite splitting in effect" type="pytest.skip">src/pymortests/vectorarray.py:204: Suite splitting in effect</skipped></testcase><testcase classname="src.pymortests.vectorarray" file="src/pymortests/vectorarray.py" line="204" name="test_space[0-&lt;lambda&gt;26]" time="0.0004162788391113281"><skipped message="Suite splitting in effect" type="pytest.skip">src/pymortests/vectorarray.py:204: Suite splitting in effect</skipped></testcase><testcase classname="src.pymortests.vectorarray" file="src/pymortests/vectorarray.py" line="204" name="test_space[1-&lt;lambda&gt;0]" time="0.00048065185546875"><skipped message="Suite splitting in effect" type="pytest.skip">src/pymortests/vectorarray.py:204: Suite splitting in effect</skipped></testcase><testcase classname="src.pymortests.vectorarray" file="src/pymortests/vectorarray.py" line="204" name="test_space[1-&lt;lambda&gt;1]" time="0.00040650367736816406"><skipped message="Suite splitting in effect" type="pytest.skip">src/pymortests/vectorarray.py:204: Suite splitting in effect</skipped></testcase><testcase classname="src.pymortests.vectorarray" file="src/pymortests/vectorarray.py" line="204" name="test_space[1-&lt;lambda&gt;2]" time="0.00043702125549316406"><skipped message="Suite splitting in effect" type="pytest.skip">src/pymortests/vectorarray.py:204: Suite splitting in effect</skipped></testcase><testcase classname="src.pymortests.vectorarray" file="src/pymortests/vectorarray.py" line="204" name="test_space[1-&lt;lambda&gt;3]" time="0.00041365623474121094"><skipped message="Suite splitting in effect" type="pytest.skip">src/pymortests/vectorarray.py:204: Suite splitting in effect</skipped></testcase><testcase classname="src.pymortests.vectorarray" file="src/pymortests/vectorarray.py" line="204" name="test_space[1-&lt;lambda&gt;4]" time="0.0004341602325439453"><skipped message="Suite splitting in effect" type="pytest.skip">src/pymortests/vectorarray.py:204: Suite splitting in effect</skipped></testcase><testcase classname="src.pymortests.vectorarray" file="src/pymortests/vectorarray.py" line="204" name="test_space[1-&lt;lambda&gt;5]" time="0.0007846355438232422"><skipped message="Suite splitting in effect" type="pytest.skip">src/pymortests/vectorarray.py:204: Suite splitting in effect</skipped></testcase><testcase classname="src.pymortests.vectorarray" file="src/pymortests/vectorarray.py" line="204" name="test_space[1-&lt;lambda&gt;6]" time="0.0008487701416015625"><skipped message="Suite splitting in effect" type="pytest.skip">src/pymortests/vectorarray.py:204: Suite splitting in effect</skipped></testcase><testcase classname="src.pymortests.vectorarray" file="src/pymortests/vectorarray.py" line="204" name="test_space[1-&lt;lambda&gt;7]" time="0.00042057037353515625"><skipped message="Suite splitting in effect" type="pytest.skip">src/pymortests/vectorarray.py:204: Suite splitting in effect</skipped></testcase><testcase classname="src.pymortests.vectorarray" file="src/pymortests/vectorarray.py" line="204" name="test_space[1-&lt;lambda&gt;8]" time="0.00042748451232910156"><skipped message="Suite splitting in effect" type="pytest.skip">src/pymortests/vectorarray.py:204: Suite splitting in effect</skipped></testcase><testcase classname="src.pymortests.vectorarray" file="src/pymortests/vectorarray.py" line="204" name="test_space[1-&lt;lambda&gt;9]" time="0.00044655799865722656"><skipped message="Suite splitting in effect" type="pytest.skip">src/pymortests/vectorarray.py:204: Suite splitting in effect</skipped></testcase><testcase classname="src.pymortests.vectorarray" file="src/pymortests/vectorarray.py" line="204" name="test_space[1-&lt;lambda&gt;10]" time="0.000457763671875"><skipped message="Suite splitting in effect" type="pytest.skip">src/pymortests/vectorarray.py:204: Suite splitting in effect</skipped></testcase><testcase classname="src.pymortests.vectorarray" file="src/pymortests/vectorarray.py" line="204" name="test_space[1-&lt;lambda&gt;11]" time="0.0004534721374511719"><skipped message="Suite splitting in effect" type="pytest.skip">src/pymortests/vectorarray.py:204: Suite splitting in effect</skipped></testcase><testcase classname="src.pymortests.vectorarray" file="src/pymortests/vectorarray.py" line="204" name="test_space[1-&lt;lambda&gt;12]" time="0.00048232078552246094"><skipped message="Suite splitting in effect" type="pytest.skip">src/pymortests/vectorarray.py:204: Suite splitting in effect</skipped></testcase><testcase classname="src.pymortests.vectorarray" file="src/pymortests/vectorarray.py" line="204" name="test_space[1-&lt;lambda&gt;13]" time="0.0004019737243652344"><skipped message="Suite splitting in effect" type="pytest.skip">src/pymortests/vectorarray.py:204: Suite splitting in effect</skipped></testcase><testcase classname="src.pymortests.vectorarray" file="src/pymortests/vectorarray.py" line="204" name="test_space[1-&lt;lambda&gt;14]" time="0.0004444122314453125"><skipped message="Suite splitting in effect" type="pytest.skip">src/pymortests/vectorarray.py:204: Suite splitting in effect</skipped></testcase><testcase classname="src.pymortests.vectorarray" file="src/pymortests/vectorarray.py" line="204" name="test_space[1-&lt;lambda&gt;15]" time="0.0004775524139404297"><skipped message="Suite splitting in effect" type="pytest.skip">src/pymortests/vectorarray.py:204: Suite splitting in effect</skipped></testcase><testcase classname="src.pymortests.vectorarray" file="src/pymortests/vectorarray.py" line="204" name="test_space[1-&lt;lambda&gt;16]" time="0.0004138946533203125"><skipped message="Suite splitting in effect" type="pytest.skip">src/pymortests/vectorarray.py:204: Suite splitting in effect</skipped></testcase><testcase classname="src.pymortests.vectorarray" file="src/pymortests/vectorarray.py" line="204" name="test_space[1-&lt;lambda&gt;17]" time="0.00041985511779785156"><skipped message="Suite splitting in effect" type="pytest.skip">src/pymortests/vectorarray.py:204: Suite splitting in effect</skipped></testcase><testcase classname="src.pymortests.vectorarray" file="src/pymortests/vectorarray.py" line="204" name="test_space[1-&lt;lambda&gt;18]" time="0.00041604042053222656"><skipped message="Suite splitting in effect" type="pytest.skip">src/pymortests/vectorarray.py:204: Suite splitting in effect</skipped></testcase><testcase classname="src.pymortests.vectorarray" file="src/pymortests/vectorarray.py" line="204" name="test_space[1-&lt;lambda&gt;19]" time="0.0003960132598876953"><skipped message="Suite splitting in effect" type="pytest.skip">src/pymortests/vectorarray.py:204: Suite splitting in effect</skipped></testcase><testcase classname="src.pymortests.vectorarray" file="src/pymortests/vectorarray.py" line="204" name="test_space[1-&lt;lambda&gt;20]" time="0.00043773651123046875"><skipped message="Suite splitting in effect" type="pytest.skip">src/pymortests/vectorarray.py:204: Suite splitting in effect</skipped></testcase><testcase classname="src.pymortests.vectorarray" file="src/pymortests/vectorarray.py" line="204" name="test_space[1-&lt;lambda&gt;21]" time="0.0004591941833496094"><skipped message="Suite splitting in effect" type="pytest.skip">src/pymortests/vectorarray.py:204: Suite splitting in effect</skipped></testcase><testcase classname="src.pymortests.vectorarray" file="src/pymortests/vectorarray.py" line="204" name="test_space[1-&lt;lambda&gt;22]" time="0.0004115104675292969"><skipped message="Suite splitting in effect" type="pytest.skip">src/pymortests/vectorarray.py:204: Suite splitting in effect</skipped></testcase><testcase classname="src.pymortests.vectorarray" file="src/pymortests/vectorarray.py" line="204" name="test_space[1-&lt;lambda&gt;23]" time="0.0004172325134277344"><skipped message="Suite splitting in effect" type="pytest.skip">src/pymortests/vectorarray.py:204: Suite splitting in effect</skipped></testcase><testcase classname="src.pymortests.vectorarray" file="src/pymortests/vectorarray.py" line="204" name="test_space[1-&lt;lambda&gt;24]" time="0.0004458427429199219"><skipped message="Suite splitting in effect" type="pytest.skip">src/pymortests/vectorarray.py:204: Suite splitting in effect</skipped></testcase><testcase classname="src.pymortests.vectorarray" file="src/pymortests/vectorarray.py" line="204" name="test_space[1-&lt;lambda&gt;25]" time="0.0004324913024902344"><skipped message="Suite splitting in effect" type="pytest.skip">src/pymortests/vectorarray.py:204: Suite splitting in effect</skipped></testcase><testcase classname="src.pymortests.vectorarray" file="src/pymortests/vectorarray.py" line="204" name="test_space[1-&lt;lambda&gt;26]" time="0.00048065185546875"><skipped message="Suite splitting in effect" type="pytest.skip">src/pymortests/vectorarray.py:204: Suite splitting in effect</skipped></testcase><testcase classname="src.pymortests.vectorarray" file="src/pymortests/vectorarray.py" line="204" name="test_space[2-&lt;lambda&gt;0]" time="0.000446319580078125"><skipped message="Suite splitting in effect" type="pytest.skip">src/pymortests/vectorarray.py:204: Suite splitting in effect</skipped></testcase><testcase classname="src.pymortests.vectorarray" file="src/pymortests/vectorarray.py" line="204" name="test_space[2-&lt;lambda&gt;1]" time="0.00046133995056152344"><skipped message="Suite splitting in effect" type="pytest.skip">src/pymortests/vectorarray.py:204: Suite splitting in effect</skipped></testcase><testcase classname="src.pymortests.vectorarray" file="src/pymortests/vectorarray.py" line="204" name="test_space[2-&lt;lambda&gt;2]" time="0.00041103363037109375"><skipped message="Suite splitting in effect" type="pytest.skip">src/pymortests/vectorarray.py:204: Suite splitting in effect</skipped></testcase><testcase classname="src.pymortests.vectorarray" file="src/pymortests/vectorarray.py" line="204" name="test_space[2-&lt;lambda&gt;3]" time="0.0004684925079345703"><skipped message="Suite splitting in effect" type="pytest.skip">src/pymortests/vectorarray.py:204: Suite splitting in effect</skipped></testcase><testcase classname="src.pymortests.vectorarray" file="src/pymortests/vectorarray.py" line="204" name="test_space[2-&lt;lambda&gt;4]" time="0.00061798095703125"><skipped message="Suite splitting in effect" type="pytest.skip">src/pymortests/vectorarray.py:204: Suite splitting in effect</skipped></testcase><testcase classname="src.pymortests.vectorarray" file="src/pymortests/vectorarray.py" line="204" name="test_space[2-&lt;lambda&gt;5]" time="0.0007576942443847656"><skipped message="Suite splitting in effect" type="pytest.skip">src/pymortests/vectorarray.py:204: Suite splitting in effect</skipped></testcase><testcase classname="src.pymortests.vectorarray" file="src/pymortests/vectorarray.py" line="204" name="test_space[2-&lt;lambda&gt;6]" time="0.0005986690521240234"><skipped message="Suite splitting in effect" type="pytest.skip">src/pymortests/vectorarray.py:204: Suite splitting in effect</skipped></testcase><testcase classname="src.pymortests.vectorarray" file="src/pymortests/vectorarray.py" line="204" name="test_space[2-&lt;lambda&gt;7]" time="0.0004923343658447266"><skipped message="Suite splitting in effect" type="pytest.skip">src/pymortests/vectorarray.py:204: Suite splitting in effect</skipped></testcase><testcase classname="src.pymortests.vectorarray" file="src/pymortests/vectorarray.py" line="204" name="test_space[2-&lt;lambda&gt;8]" time="0.0004444122314453125"><skipped message="Suite splitting in effect" type="pytest.skip">src/pymortests/vectorarray.py:204: Suite splitting in effect</skipped></testcase><testcase classname="src.pymortests.vectorarray" file="src/pymortests/vectorarray.py" line="204" name="test_space[2-&lt;lambda&gt;9]" time="0.00040841102600097656"><skipped message="Suite splitting in effect" type="pytest.skip">src/pymortests/vectorarray.py:204: Suite splitting in effect</skipped></testcase><testcase classname="src.pymortests.vectorarray" file="src/pymortests/vectorarray.py" line="204" name="test_space[2-&lt;lambda&gt;10]" time="0.0004222393035888672"><skipped message="Suite splitting in effect" type="pytest.skip">src/pymortests/vectorarray.py:204: Suite splitting in effect</skipped></testcase><testcase classname="src.pymortests.vectorarray" file="src/pymortests/vectorarray.py" line="204" name="test_space[2-&lt;lambda&gt;11]" time="0.0004208087921142578"><skipped message="Suite splitting in effect" type="pytest.skip">src/pymortests/vectorarray.py:204: Suite splitting in effect</skipped></testcase><testcase classname="src.pymortests.vectorarray" file="src/pymortests/vectorarray.py" line="204" name="test_space[2-&lt;lambda&gt;12]" time="0.0006196498870849609"><skipped message="Suite splitting in effect" type="pytest.skip">src/pymortests/vectorarray.py:204: Suite splitting in effect</skipped></testcase><testcase classname="src.pymortests.vectorarray" file="src/pymortests/vectorarray.py" line="204" name="test_space[2-&lt;lambda&gt;13]" time="0.00046634674072265625"><skipped message="Suite splitting in effect" type="pytest.skip">src/pymortests/vectorarray.py:204: Suite splitting in effect</skipped></testcase><testcase classname="src.pymortests.vectorarray" file="src/pymortests/vectorarray.py" line="204" name="test_space[2-&lt;lambda&gt;14]" time="0.0005452632904052734"><skipped message="Suite splitting in effect" type="pytest.skip">src/pymortests/vectorarray.py:204: Suite splitting in effect</skipped></testcase><testcase classname="src.pymortests.vectorarray" file="src/pymortests/vectorarray.py" line="204" name="test_space[2-&lt;lambda&gt;15]" time="0.000591278076171875"><skipped message="Suite splitting in effect" type="pytest.skip">src/pymortests/vectorarray.py:204: Suite splitting in effect</skipped></testcase><testcase classname="src.pymortests.vectorarray" file="src/pymortests/vectorarray.py" line="204" name="test_space[2-&lt;lambda&gt;16]" time="0.0005643367767333984"><skipped message="Suite splitting in effect" type="pytest.skip">src/pymortests/vectorarray.py:204: Suite splitting in effect</skipped></testcase><testcase classname="src.pymortests.vectorarray" file="src/pymortests/vectorarray.py" line="204" name="test_space[2-&lt;lambda&gt;17]" time="0.0005440711975097656"><skipped message="Suite splitting in effect" type="pytest.skip">src/pymortests/vectorarray.py:204: Suite splitting in effect</skipped></testcase><testcase classname="src.pymortests.vectorarray" file="src/pymortests/vectorarray.py" line="204" name="test_space[2-&lt;lambda&gt;18]" time="0.00041031837463378906"><skipped message="Suite splitting in effect" type="pytest.skip">src/pymortests/vectorarray.py:204: Suite splitting in effect</skipped></testcase><testcase classname="src.pymortests.vectorarray" file="src/pymortests/vectorarray.py" line="204" name="test_space[2-&lt;lambda&gt;19]" time="0.0006895065307617188"><skipped message="Suite splitting in effect" type="pytest.skip">src/pymortests/vectorarray.py:204: Suite splitting in effect</skipped></testcase><testcase classname="src.pymortests.vectorarray" file="src/pymortests/vectorarray.py" line="204" name="test_space[2-&lt;lambda&gt;20]" time="0.00042510032653808594"><skipped message="Suite splitting in effect" type="pytest.skip">src/pymortests/vectorarray.py:204: Suite splitting in effect</skipped></testcase><testcase classname="src.pymortests.vectorarray" file="src/pymortests/vectorarray.py" line="204" name="test_space[2-&lt;lambda&gt;21]" time="0.0005285739898681641"><skipped message="Suite splitting in effect" type="pytest.skip">src/pymortests/vectorarray.py:204: Suite splitting in effect</skipped></testcase><testcase classname="src.pymortests.vectorarray" file="src/pymortests/vectorarray.py" line="204" name="test_space[2-&lt;lambda&gt;22]" time="0.0004458427429199219"><skipped message="Suite splitting in effect" type="pytest.skip">src/pymortests/vectorarray.py:204: Suite splitting in effect</skipped></testcase><testcase classname="src.pymortests.vectorarray" file="src/pymortests/vectorarray.py" line="204" name="test_space[2-&lt;lambda&gt;23]" time="0.0004086494445800781"><skipped message="Suite splitting in effect" type="pytest.skip">src/pymortests/vectorarray.py:204: Suite splitting in effect</skipped></testcase><testcase classname="src.pymortests.vectorarray" file="src/pymortests/vectorarray.py" line="204" name="test_space[2-&lt;lambda&gt;24]" time="0.0004780292510986328"><skipped message="Suite splitting in effect" type="pytest.skip">src/pymortests/vectorarray.py:204: Suite splitting in effect</skipped></testcase><testcase classname="src.pymortests.vectorarray" file="src/pymortests/vectorarray.py" line="204" name="test_space[2-&lt;lambda&gt;25]" time="0.0004322528839111328"><skipped message="Suite splitting in effect" type="pytest.skip">src/pymortests/vectorarray.py:204: Suite splitting in effect</skipped></testcase><testcase classname="src.pymortests.vectorarray" file="src/pymortests/vectorarray.py" line="204" name="test_space[2-&lt;lambda&gt;26]" time="0.0004363059997558594"><skipped message="Suite splitting in effect" type="pytest.skip">src/pymortests/vectorarray.py:204: Suite splitting in effect</skipped></testcase><testcase classname="src.pymortests.vectorarray" file="src/pymortests/vectorarray.py" line="210" name="test_getitem_repeated[0-&lt;lambda&gt;0]" time="0.00039649009704589844"><skipped message="Suite splitting in effect" type="pytest.skip">src/pymortests/vectorarray.py:210: Suite splitting in effect</skipped></testcase><testcase classname="src.pymortests.vectorarray" file="src/pymortests/vectorarray.py" line="210" name="test_getitem_repeated[0-&lt;lambda&gt;1]" time="0.0004208087921142578"><skipped message="Suite splitting in effect" type="pytest.skip">src/pymortests/vectorarray.py:210: Suite splitting in effect</skipped></testcase><testcase classname="src.pymortests.vectorarray" file="src/pymortests/vectorarray.py" line="210" name="test_getitem_repeated[0-&lt;lambda&gt;2]" time="0.0004067420959472656"><skipped message="Suite splitting in effect" type="pytest.skip">src/pymortests/vectorarray.py:210: Suite splitting in effect</skipped></testcase><testcase classname="src.pymortests.vectorarray" file="src/pymortests/vectorarray.py" line="210" name="test_getitem_repeated[0-&lt;lambda&gt;3]" time="0.000396728515625"><skipped message="Suite splitting in effect" type="pytest.skip">src/pymortests/vectorarray.py:210: Suite splitting in effect</skipped></testcase><testcase classname="src.pymortests.vectorarray" file="src/pymortests/vectorarray.py" line="210" name="test_getitem_repeated[0-&lt;lambda&gt;4]" time="0.0004024505615234375"><skipped message="Suite splitting in effect" type="pytest.skip">src/pymortests/vectorarray.py:210: Suite splitting in effect</skipped></testcase><testcase classname="src.pymortests.vectorarray" file="src/pymortests/vectorarray.py" line="210" name="test_getitem_repeated[0-&lt;lambda&gt;5]" time="0.00039649009704589844"><skipped message="Suite splitting in effect" type="pytest.skip">src/pymortests/vectorarray.py:210: Suite splitting in effect</skipped></testcase><testcase classname="src.pymortests.vectorarray" file="src/pymortests/vectorarray.py" line="210" name="test_getitem_repeated[0-&lt;lambda&gt;6]" time="0.000446319580078125"><skipped message="Suite splitting in effect" type="pytest.skip">src/pymortests/vectorarray.py:210: Suite splitting in effect</skipped></testcase><testcase classname="src.pymortests.vectorarray" file="src/pymortests/vectorarray.py" line="210" name="test_getitem_repeated[0-&lt;lambda&gt;7]" time="0.0005557537078857422"><skipped message="Suite splitting in effect" type="pytest.skip">src/pymortests/vectorarray.py:210: Suite splitting in effect</skipped></testcase><testcase classname="src.pymortests.vectorarray" file="src/pymortests/vectorarray.py" line="210" name="test_getitem_repeated[0-&lt;lambda&gt;8]" time="0.0005066394805908203"><skipped message="Suite splitting in effect" type="pytest.skip">src/pymortests/vectorarray.py:210: Suite splitting in effect</skipped></testcase><testcase classname="src.pymortests.vectorarray" file="src/pymortests/vectorarray.py" line="210" name="test_getitem_repeated[0-&lt;lambda&gt;9]" time="0.0005340576171875"><skipped message="Suite splitting in effect" type="pytest.skip">src/pymortests/vectorarray.py:210: Suite splitting in effect</skipped></testcase><testcase classname="src.pymortests.vectorarray" file="src/pymortests/vectorarray.py" line="210" name="test_getitem_repeated[0-&lt;lambda&gt;10]" time="0.0004839897155761719"><skipped message="Suite splitting in effect" type="pytest.skip">src/pymortests/vectorarray.py:210: Suite splitting in effect</skipped></testcase><testcase classname="src.pymortests.vectorarray" file="src/pymortests/vectorarray.py" line="210" name="test_getitem_repeated[0-&lt;lambda&gt;11]" time="0.0004856586456298828"><skipped message="Suite splitting in effect" type="pytest.skip">src/pymortests/vectorarray.py:210: Suite splitting in effect</skipped></testcase><testcase classname="src.pymortests.vectorarray" file="src/pymortests/vectorarray.py" line="210" name="test_getitem_repeated[0-&lt;lambda&gt;12]" time="0.00043654441833496094"><skipped message="Suite splitting in effect" type="pytest.skip">src/pymortests/vectorarray.py:210: Suite splitting in effect</skipped></testcase><testcase classname="src.pymortests.vectorarray" file="src/pymortests/vectorarray.py" line="210" name="test_getitem_repeated[0-&lt;lambda&gt;13]" time="0.0004038810729980469"><skipped message="Suite splitting in effect" type="pytest.skip">src/pymortests/vectorarray.py:210: Suite splitting in effect</skipped></testcase><testcase classname="src.pymortests.vectorarray" file="src/pymortests/vectorarray.py" line="210" name="test_getitem_repeated[0-&lt;lambda&gt;14]" time="0.000553131103515625"><skipped message="Suite splitting in effect" type="pytest.skip">src/pymortests/vectorarray.py:210: Suite splitting in effect</skipped></testcase><testcase classname="src.pymortests.vectorarray" file="src/pymortests/vectorarray.py" line="210" name="test_getitem_repeated[0-&lt;lambda&gt;15]" time="0.0004999637603759766"><skipped message="Suite splitting in effect" type="pytest.skip">src/pymortests/vectorarray.py:210: Suite splitting in effect</skipped></testcase><testcase classname="src.pymortests.vectorarray" file="src/pymortests/vectorarray.py" line="210" name="test_getitem_repeated[0-&lt;lambda&gt;16]" time="0.0005280971527099609"><skipped message="Suite splitting in effect" type="pytest.skip">src/pymortests/vectorarray.py:210: Suite splitting in effect</skipped></testcase><testcase classname="src.pymortests.vectorarray" file="src/pymortests/vectorarray.py" line="210" name="test_getitem_repeated[0-&lt;lambda&gt;17]" time="0.0005548000335693359"><skipped message="Suite splitting in effect" type="pytest.skip">src/pymortests/vectorarray.py:210: Suite splitting in effect</skipped></testcase><testcase classname="src.pymortests.vectorarray" file="src/pymortests/vectorarray.py" line="210" name="test_getitem_repeated[0-&lt;lambda&gt;18]" time="0.0004837512969970703"><skipped message="Suite splitting in effect" type="pytest.skip">src/pymortests/vectorarray.py:210: Suite splitting in effect</skipped></testcase><testcase classname="src.pymortests.vectorarray" file="src/pymortests/vectorarray.py" line="210" name="test_getitem_repeated[0-&lt;lambda&gt;19]" time="0.0006070137023925781"><skipped message="Suite splitting in effect" type="pytest.skip">src/pymortests/vectorarray.py:210: Suite splitting in effect</skipped></testcase><testcase classname="src.pymortests.vectorarray" file="src/pymortests/vectorarray.py" line="210" name="test_getitem_repeated[0-&lt;lambda&gt;20]" time="0.0004799365997314453"><skipped message="Suite splitting in effect" type="pytest.skip">src/pymortests/vectorarray.py:210: Suite splitting in effect</skipped></testcase><testcase classname="src.pymortests.vectorarray" file="src/pymortests/vectorarray.py" line="210" name="test_getitem_repeated[0-&lt;lambda&gt;21]" time="0.000400543212890625"><skipped message="Suite splitting in effect" type="pytest.skip">src/pymortests/vectorarray.py:210: Suite splitting in effect</skipped></testcase><testcase classname="src.pymortests.vectorarray" file="src/pymortests/vectorarray.py" line="210" name="test_getitem_repeated[0-&lt;lambda&gt;22]" time="0.00043702125549316406"><skipped message="Suite splitting in effect" type="pytest.skip">src/pymortests/vectorarray.py:210: Suite splitting in effect</skipped></testcase><testcase classname="src.pymortests.vectorarray" file="src/pymortests/vectorarray.py" line="210" name="test_getitem_repeated[0-&lt;lambda&gt;23]" time="0.00039577484130859375"><skipped message="Suite splitting in effect" type="pytest.skip">src/pymortests/vectorarray.py:210: Suite splitting in effect</skipped></testcase><testcase classname="src.pymortests.vectorarray" file="src/pymortests/vectorarray.py" line="210" name="test_getitem_repeated[0-&lt;lambda&gt;24]" time="0.0004203319549560547"><skipped message="Suite splitting in effect" type="pytest.skip">src/pymortests/vectorarray.py:210: Suite splitting in effect</skipped></testcase><testcase classname="src.pymortests.vectorarray" file="src/pymortests/vectorarray.py" line="210" name="test_getitem_repeated[0-&lt;lambda&gt;25]" time="0.00042891502380371094"><skipped message="Suite splitting in effect" type="pytest.skip">src/pymortests/vectorarray.py:210: Suite splitting in effect</skipped></testcase><testcase classname="src.pymortests.vectorarray" file="src/pymortests/vectorarray.py" line="210" name="test_getitem_repeated[0-&lt;lambda&gt;26]" time="0.0003986358642578125"><skipped message="Suite splitting in effect" type="pytest.skip">src/pymortests/vectorarray.py:210: Suite splitting in effect</skipped></testcase><testcase classname="src.pymortests.vectorarray" file="src/pymortests/vectorarray.py" line="210" name="test_getitem_repeated[1-&lt;lambda&gt;0]" time="0.000431060791015625"><skipped message="Suite splitting in effect" type="pytest.skip">src/pymortests/vectorarray.py:210: Suite splitting in effect</skipped></testcase><testcase classname="src.pymortests.vectorarray" file="src/pymortests/vectorarray.py" line="210" name="test_getitem_repeated[1-&lt;lambda&gt;1]" time="0.0004048347473144531"><skipped message="Suite splitting in effect" type="pytest.skip">src/pymortests/vectorarray.py:210: Suite splitting in effect</skipped></testcase><testcase classname="src.pymortests.vectorarray" file="src/pymortests/vectorarray.py" line="210" name="test_getitem_repeated[1-&lt;lambda&gt;2]" time="0.0004265308380126953"><skipped message="Suite splitting in effect" type="pytest.skip">src/pymortests/vectorarray.py:210: Suite splitting in effect</skipped></testcase><testcase classname="src.pymortests.vectorarray" file="src/pymortests/vectorarray.py" line="210" name="test_getitem_repeated[1-&lt;lambda&gt;3]" time="0.0003993511199951172"><skipped message="Suite splitting in effect" type="pytest.skip">src/pymortests/vectorarray.py:210: Suite splitting in effect</skipped></testcase><testcase classname="src.pymortests.vectorarray" file="src/pymortests/vectorarray.py" line="210" name="test_getitem_repeated[1-&lt;lambda&gt;4]" time="0.0004305839538574219"><skipped message="Suite splitting in effect" type="pytest.skip">src/pymortests/vectorarray.py:210: Suite splitting in effect</skipped></testcase><testcase classname="src.pymortests.vectorarray" file="src/pymortests/vectorarray.py" line="210" name="test_getitem_repeated[1-&lt;lambda&gt;5]" time="0.0004601478576660156"><skipped message="Suite splitting in effect" type="pytest.skip">src/pymortests/vectorarray.py:210: Suite splitting in effect</skipped></testcase><testcase classname="src.pymortests.vectorarray" file="src/pymortests/vectorarray.py" line="210" name="test_getitem_repeated[1-&lt;lambda&gt;6]" time="0.0003914833068847656"><skipped message="Suite splitting in effect" type="pytest.skip">src/pymortests/vectorarray.py:210: Suite splitting in effect</skipped></testcase><testcase classname="src.pymortests.vectorarray" file="src/pymortests/vectorarray.py" line="210" name="test_getitem_repeated[1-&lt;lambda&gt;7]" time="0.0004260540008544922"><skipped message="Suite splitting in effect" type="pytest.skip">src/pymortests/vectorarray.py:210: Suite splitting in effect</skipped></testcase><testcase classname="src.pymortests.vectorarray" file="src/pymortests/vectorarray.py" line="210" name="test_getitem_repeated[1-&lt;lambda&gt;8]" time="0.0003972053527832031"><skipped message="Suite splitting in effect" type="pytest.skip">src/pymortests/vectorarray.py:210: Suite splitting in effect</skipped></testcase><testcase classname="src.pymortests.vectorarray" file="src/pymortests/vectorarray.py" line="210" name="test_getitem_repeated[1-&lt;lambda&gt;9]" time="0.0005648136138916016"><skipped message="Suite splitting in effect" type="pytest.skip">src/pymortests/vectorarray.py:210: Suite splitting in effect</skipped></testcase><testcase classname="src.pymortests.vectorarray" file="src/pymortests/vectorarray.py" line="210" name="test_getitem_repeated[1-&lt;lambda&gt;10]" time="0.00046563148498535156"><skipped message="Suite splitting in effect" type="pytest.skip">src/pymortests/vectorarray.py:210: Suite splitting in effect</skipped></testcase><testcase classname="src.pymortests.vectorarray" file="src/pymortests/vectorarray.py" line="210" name="test_getitem_repeated[1-&lt;lambda&gt;11]" time="0.0004253387451171875"><skipped message="Suite splitting in effect" type="pytest.skip">src/pymortests/vectorarray.py:210: Suite splitting in effect</skipped></testcase><testcase classname="src.pymortests.vectorarray" file="src/pymortests/vectorarray.py" line="210" name="test_getitem_repeated[1-&lt;lambda&gt;12]" time="0.0005810260772705078"><skipped message="Suite splitting in effect" type="pytest.skip">src/pymortests/vectorarray.py:210: Suite splitting in effect</skipped></testcase><testcase classname="src.pymortests.vectorarray" file="src/pymortests/vectorarray.py" line="210" name="test_getitem_repeated[1-&lt;lambda&gt;13]" time="0.0005347728729248047"><skipped message="Suite splitting in effect" type="pytest.skip">src/pymortests/vectorarray.py:210: Suite splitting in effect</skipped></testcase><testcase classname="src.pymortests.vectorarray" file="src/pymortests/vectorarray.py" line="210" name="test_getitem_repeated[1-&lt;lambda&gt;14]" time="0.0005178451538085938"><skipped message="Suite splitting in effect" type="pytest.skip">src/pymortests/vectorarray.py:210: Suite splitting in effect</skipped></testcase><testcase classname="src.pymortests.vectorarray" file="src/pymortests/vectorarray.py" line="210" name="test_getitem_repeated[1-&lt;lambda&gt;15]" time="0.0004172325134277344"><skipped message="Suite splitting in effect" type="pytest.skip">src/pymortests/vectorarray.py:210: Suite splitting in effect</skipped></testcase><testcase classname="src.pymortests.vectorarray" file="src/pymortests/vectorarray.py" line="210" name="test_getitem_repeated[1-&lt;lambda&gt;16]" time="0.00043892860412597656"><skipped message="Suite splitting in effect" type="pytest.skip">src/pymortests/vectorarray.py:210: Suite splitting in effect</skipped></testcase><testcase classname="src.pymortests.vectorarray" file="src/pymortests/vectorarray.py" line="210" name="test_getitem_repeated[1-&lt;lambda&gt;17]" time="0.00040340423583984375"><skipped message="Suite splitting in effect" type="pytest.skip">src/pymortests/vectorarray.py:210: Suite splitting in effect</skipped></testcase><testcase classname="src.pymortests.vectorarray" file="src/pymortests/vectorarray.py" line="210" name="test_getitem_repeated[1-&lt;lambda&gt;18]" time="0.00044417381286621094"><skipped message="Suite splitting in effect" type="pytest.skip">src/pymortests/vectorarray.py:210: Suite splitting in effect</skipped></testcase><testcase classname="src.pymortests.vectorarray" file="src/pymortests/vectorarray.py" line="210" name="test_getitem_repeated[1-&lt;lambda&gt;19]" time="0.00040602684020996094"><skipped message="Suite splitting in effect" type="pytest.skip">src/pymortests/vectorarray.py:210: Suite splitting in effect</skipped></testcase><testcase classname="src.pymortests.vectorarray" file="src/pymortests/vectorarray.py" line="210" name="test_getitem_repeated[1-&lt;lambda&gt;20]" time="0.000885009765625"><skipped message="Suite splitting in effect" type="pytest.skip">src/pymortests/vectorarray.py:210: Suite splitting in effect</skipped></testcase><testcase classname="src.pymortests.vectorarray" file="src/pymortests/vectorarray.py" line="210" name="test_getitem_repeated[1-&lt;lambda&gt;21]" time="0.0004010200500488281"><skipped message="Suite splitting in effect" type="pytest.skip">src/pymortests/vectorarray.py:210: Suite splitting in effect</skipped></testcase><testcase classname="src.pymortests.vectorarray" file="src/pymortests/vectorarray.py" line="210" name="test_getitem_repeated[1-&lt;lambda&gt;22]" time="0.00042510032653808594"><skipped message="Suite splitting in effect" type="pytest.skip">src/pymortests/vectorarray.py:210: Suite splitting in effect</skipped></testcase><testcase classname="src.pymortests.vectorarray" file="src/pymortests/vectorarray.py" line="210" name="test_getitem_repeated[1-&lt;lambda&gt;23]" time="0.00041174888610839844"><skipped message="Suite splitting in effect" type="pytest.skip">src/pymortests/vectorarray.py:210: Suite splitting in effect</skipped></testcase><testcase classname="src.pymortests.vectorarray" file="src/pymortests/vectorarray.py" line="210" name="test_getitem_repeated[1-&lt;lambda&gt;24]" time="0.0004062652587890625"><skipped message="Suite splitting in effect" type="pytest.skip">src/pymortests/vectorarray.py:210: Suite splitting in effect</skipped></testcase><testcase classname="src.pymortests.vectorarray" file="src/pymortests/vectorarray.py" line="210" name="test_getitem_repeated[1-&lt;lambda&gt;25]" time="0.0003941059112548828"><skipped message="Suite splitting in effect" type="pytest.skip">src/pymortests/vectorarray.py:210: Suite splitting in effect</skipped></testcase><testcase classname="src.pymortests.vectorarray" file="src/pymortests/vectorarray.py" line="210" name="test_getitem_repeated[1-&lt;lambda&gt;26]" time="0.0003933906555175781"><skipped message="Suite splitting in effect" type="pytest.skip">src/pymortests/vectorarray.py:210: Suite splitting in effect</skipped></testcase><testcase classname="src.pymortests.vectorarray" file="src/pymortests/vectorarray.py" line="210" name="test_getitem_repeated[2-&lt;lambda&gt;0]" time="0.00039696693420410156"><skipped message="Suite splitting in effect" type="pytest.skip">src/pymortests/vectorarray.py:210: Suite splitting in effect</skipped></testcase><testcase classname="src.pymortests.vectorarray" file="src/pymortests/vectorarray.py" line="210" name="test_getitem_repeated[2-&lt;lambda&gt;1]" time="0.0003998279571533203"><skipped message="Suite splitting in effect" type="pytest.skip">src/pymortests/vectorarray.py:210: Suite splitting in effect</skipped></testcase><testcase classname="src.pymortests.vectorarray" file="src/pymortests/vectorarray.py" line="210" name="test_getitem_repeated[2-&lt;lambda&gt;2]" time="0.0004775524139404297"><skipped message="Suite splitting in effect" type="pytest.skip">src/pymortests/vectorarray.py:210: Suite splitting in effect</skipped></testcase><testcase classname="src.pymortests.vectorarray" file="src/pymortests/vectorarray.py" line="210" name="test_getitem_repeated[2-&lt;lambda&gt;3]" time="0.0004203319549560547"><skipped message="Suite splitting in effect" type="pytest.skip">src/pymortests/vectorarray.py:210: Suite splitting in effect</skipped></testcase><testcase classname="src.pymortests.vectorarray" file="src/pymortests/vectorarray.py" line="210" name="test_getitem_repeated[2-&lt;lambda&gt;4]" time="0.0004856586456298828"><skipped message="Suite splitting in effect" type="pytest.skip">src/pymortests/vectorarray.py:210: Suite splitting in effect</skipped></testcase><testcase classname="src.pymortests.vectorarray" file="src/pymortests/vectorarray.py" line="210" name="test_getitem_repeated[2-&lt;lambda&gt;5]" time="0.000621795654296875"><skipped message="Suite splitting in effect" type="pytest.skip">src/pymortests/vectorarray.py:210: Suite splitting in effect</skipped></testcase><testcase classname="src.pymortests.vectorarray" file="src/pymortests/vectorarray.py" line="210" name="test_getitem_repeated[2-&lt;lambda&gt;6]" time="0.0005044937133789062"><skipped message="Suite splitting in effect" type="pytest.skip">src/pymortests/vectorarray.py:210: Suite splitting in effect</skipped></testcase><testcase classname="src.pymortests.vectorarray" file="src/pymortests/vectorarray.py" line="210" name="test_getitem_repeated[2-&lt;lambda&gt;7]" time="0.0004184246063232422"><skipped message="Suite splitting in effect" type="pytest.skip">src/pymortests/vectorarray.py:210: Suite splitting in effect</skipped></testcase><testcase classname="src.pymortests.vectorarray" file="src/pymortests/vectorarray.py" line="210" name="test_getitem_repeated[2-&lt;lambda&gt;8]" time="0.0005495548248291016"><skipped message="Suite splitting in effect" type="pytest.skip">src/pymortests/vectorarray.py:210: Suite splitting in effect</skipped></testcase><testcase classname="src.pymortests.vectorarray" file="src/pymortests/vectorarray.py" line="210" name="test_getitem_repeated[2-&lt;lambda&gt;9]" time="0.00041675567626953125"><skipped message="Suite splitting in effect" type="pytest.skip">src/pymortests/vectorarray.py:210: Suite splitting in effect</skipped></testcase><testcase classname="src.pymortests.vectorarray" file="src/pymortests/vectorarray.py" line="210" name="test_getitem_repeated[2-&lt;lambda&gt;10]" time="0.0005016326904296875"><skipped message="Suite splitting in effect" type="pytest.skip">src/pymortests/vectorarray.py:210: Suite splitting in effect</skipped></testcase><testcase classname="src.pymortests.vectorarray" file="src/pymortests/vectorarray.py" line="210" name="test_getitem_repeated[2-&lt;lambda&gt;11]" time="0.0003936290740966797"><skipped message="Suite splitting in effect" type="pytest.skip">src/pymortests/vectorarray.py:210: Suite splitting in effect</skipped></testcase><testcase classname="src.pymortests.vectorarray" file="src/pymortests/vectorarray.py" line="210" name="test_getitem_repeated[2-&lt;lambda&gt;12]" time="0.00042557716369628906"><skipped message="Suite splitting in effect" type="pytest.skip">src/pymortests/vectorarray.py:210: Suite splitting in effect</skipped></testcase><testcase classname="src.pymortests.vectorarray" file="src/pymortests/vectorarray.py" line="210" name="test_getitem_repeated[2-&lt;lambda&gt;13]" time="0.00039768218994140625"><skipped message="Suite splitting in effect" type="pytest.skip">src/pymortests/vectorarray.py:210: Suite splitting in effect</skipped></testcase><testcase classname="src.pymortests.vectorarray" file="src/pymortests/vectorarray.py" line="210" name="test_getitem_repeated[2-&lt;lambda&gt;14]" time="0.0004119873046875"><skipped message="Suite splitting in effect" type="pytest.skip">src/pymortests/vectorarray.py:210: Suite splitting in effect</skipped></testcase><testcase classname="src.pymortests.vectorarray" file="src/pymortests/vectorarray.py" line="210" name="test_getitem_repeated[2-&lt;lambda&gt;15]" time="0.0004467964172363281"><skipped message="Suite splitting in effect" type="pytest.skip">src/pymortests/vectorarray.py:210: Suite splitting in effect</skipped></testcase><testcase classname="src.pymortests.vectorarray" file="src/pymortests/vectorarray.py" line="210" name="test_getitem_repeated[2-&lt;lambda&gt;16]" time="0.0004496574401855469"><skipped message="Suite splitting in effect" type="pytest.skip">src/pymortests/vectorarray.py:210: Suite splitting in effect</skipped></testcase><testcase classname="src.pymortests.vectorarray" file="src/pymortests/vectorarray.py" line="210" name="test_getitem_repeated[2-&lt;lambda&gt;17]" time="0.00044035911560058594"><skipped message="Suite splitting in effect" type="pytest.skip">src/pymortests/vectorarray.py:210: Suite splitting in effect</skipped></testcase><testcase classname="src.pymortests.vectorarray" file="src/pymortests/vectorarray.py" line="210" name="test_getitem_repeated[2-&lt;lambda&gt;18]" time="0.00043082237243652344"><skipped message="Suite splitting in effect" type="pytest.skip">src/pymortests/vectorarray.py:210: Suite splitting in effect</skipped></testcase><testcase classname="src.pymortests.vectorarray" file="src/pymortests/vectorarray.py" line="210" name="test_getitem_repeated[2-&lt;lambda&gt;19]" time="0.00043082237243652344"><skipped message="Suite splitting in effect" type="pytest.skip">src/pymortests/vectorarray.py:210: Suite splitting in effect</skipped></testcase><testcase classname="src.pymortests.vectorarray" file="src/pymortests/vectorarray.py" line="210" name="test_getitem_repeated[2-&lt;lambda&gt;20]" time="0.0003991127014160156"><skipped message="Suite splitting in effect" type="pytest.skip">src/pymortests/vectorarray.py:210: Suite splitting in effect</skipped></testcase><testcase classname="src.pymortests.vectorarray" file="src/pymortests/vectorarray.py" line="210" name="test_getitem_repeated[2-&lt;lambda&gt;21]" time="0.00044727325439453125"><skipped message="Suite splitting in effect" type="pytest.skip">src/pymortests/vectorarray.py:210: Suite splitting in effect</skipped></testcase><testcase classname="src.pymortests.vectorarray" file="src/pymortests/vectorarray.py" line="210" name="test_getitem_repeated[2-&lt;lambda&gt;22]" time="0.0005311965942382812"><skipped message="Suite splitting in effect" type="pytest.skip">src/pymortests/vectorarray.py:210: Suite splitting in effect</skipped></testcase><testcase classname="src.pymortests.vectorarray" file="src/pymortests/vectorarray.py" line="210" name="test_getitem_repeated[2-&lt;lambda&gt;23]" time="0.0004317760467529297"><skipped message="Suite splitting in effect" type="pytest.skip">src/pymortests/vectorarray.py:210: Suite splitting in effect</skipped></testcase><testcase classname="src.pymortests.vectorarray" file="src/pymortests/vectorarray.py" line="210" name="test_getitem_repeated[2-&lt;lambda&gt;24]" time="0.0004360675811767578"><skipped message="Suite splitting in effect" type="pytest.skip">src/pymortests/vectorarray.py:210: Suite splitting in effect</skipped></testcase><testcase classname="src.pymortests.vectorarray" file="src/pymortests/vectorarray.py" line="210" name="test_getitem_repeated[2-&lt;lambda&gt;25]" time="0.00043392181396484375"><skipped message="Suite splitting in effect" type="pytest.skip">src/pymortests/vectorarray.py:210: Suite splitting in effect</skipped></testcase><testcase classname="src.pymortests.vectorarray" file="src/pymortests/vectorarray.py" line="210" name="test_getitem_repeated[2-&lt;lambda&gt;26]" time="0.00046515464782714844"><skipped message="Suite splitting in effect" type="pytest.skip">src/pymortests/vectorarray.py:210: Suite splitting in effect</skipped></testcase><testcase classname="src.pymortests.vectorarray" file="src/pymortests/vectorarray.py" line="221" name="test_copy[0-&lt;lambda&gt;0]" time="0.0004127025604248047"><skipped message="Suite splitting in effect" type="pytest.skip">src/pymortests/vectorarray.py:221: Suite splitting in effect</skipped></testcase><testcase classname="src.pymortests.vectorarray" file="src/pymortests/vectorarray.py" line="221" name="test_copy[0-&lt;lambda&gt;1]" time="0.0004315376281738281"><skipped message="Suite splitting in effect" type="pytest.skip">src/pymortests/vectorarray.py:221: Suite splitting in effect</skipped></testcase><testcase classname="src.pymortests.vectorarray" file="src/pymortests/vectorarray.py" line="221" name="test_copy[0-&lt;lambda&gt;2]" time="0.0004076957702636719"><skipped message="Suite splitting in effect" type="pytest.skip">src/pymortests/vectorarray.py:221: Suite splitting in effect</skipped></testcase><testcase classname="src.pymortests.vectorarray" file="src/pymortests/vectorarray.py" line="221" name="test_copy[0-&lt;lambda&gt;3]" time="0.0004322528839111328"><skipped message="Suite splitting in effect" type="pytest.skip">src/pymortests/vectorarray.py:221: Suite splitting in effect</skipped></testcase><testcase classname="src.pymortests.vectorarray" file="src/pymortests/vectorarray.py" line="221" name="test_copy[0-&lt;lambda&gt;4]" time="0.00040340423583984375"><skipped message="Suite splitting in effect" type="pytest.skip">src/pymortests/vectorarray.py:221: Suite splitting in effect</skipped></testcase><testcase classname="src.pymortests.vectorarray" file="src/pymortests/vectorarray.py" line="221" name="test_copy[0-&lt;lambda&gt;5]" time="0.0004818439483642578"><skipped message="Suite splitting in effect" type="pytest.skip">src/pymortests/vectorarray.py:221: Suite splitting in effect</skipped></testcase><testcase classname="src.pymortests.vectorarray" file="src/pymortests/vectorarray.py" line="221" name="test_copy[0-&lt;lambda&gt;6]" time="0.0004730224609375"><skipped message="Suite splitting in effect" type="pytest.skip">src/pymortests/vectorarray.py:221: Suite splitting in effect</skipped></testcase><testcase classname="src.pymortests.vectorarray" file="src/pymortests/vectorarray.py" line="221" name="test_copy[0-&lt;lambda&gt;7]" time="0.0006740093231201172"><skipped message="Suite splitting in effect" type="pytest.skip">src/pymortests/vectorarray.py:221: Suite splitting in effect</skipped></testcase><testcase classname="src.pymortests.vectorarray" file="src/pymortests/vectorarray.py" line="221" name="test_copy[0-&lt;lambda&gt;8]" time="0.0005190372467041016"><skipped message="Suite splitting in effect" type="pytest.skip">src/pymortests/vectorarray.py:221: Suite splitting in effect</skipped></testcase><testcase classname="src.pymortests.vectorarray" file="src/pymortests/vectorarray.py" line="221" name="test_copy[0-&lt;lambda&gt;9]" time="0.0004246234893798828"><skipped message="Suite splitting in effect" type="pytest.skip">src/pymortests/vectorarray.py:221: Suite splitting in effect</skipped></testcase><testcase classname="src.pymortests.vectorarray" file="src/pymortests/vectorarray.py" line="221" name="test_copy[0-&lt;lambda&gt;10]" time="0.00042891502380371094"><skipped message="Suite splitting in effect" type="pytest.skip">src/pymortests/vectorarray.py:221: Suite splitting in effect</skipped></testcase><testcase classname="src.pymortests.vectorarray" file="src/pymortests/vectorarray.py" line="221" name="test_copy[0-&lt;lambda&gt;11]" time="0.000446319580078125"><skipped message="Suite splitting in effect" type="pytest.skip">src/pymortests/vectorarray.py:221: Suite splitting in effect</skipped></testcase><testcase classname="src.pymortests.vectorarray" file="src/pymortests/vectorarray.py" line="221" name="test_copy[0-&lt;lambda&gt;12]" time="0.00043201446533203125"><skipped message="Suite splitting in effect" type="pytest.skip">src/pymortests/vectorarray.py:221: Suite splitting in effect</skipped></testcase><testcase classname="src.pymortests.vectorarray" file="src/pymortests/vectorarray.py" line="221" name="test_copy[0-&lt;lambda&gt;13]" time="0.0004317760467529297"><skipped message="Suite splitting in effect" type="pytest.skip">src/pymortests/vectorarray.py:221: Suite splitting in effect</skipped></testcase><testcase classname="src.pymortests.vectorarray" file="src/pymortests/vectorarray.py" line="221" name="test_copy[0-&lt;lambda&gt;14]" time="0.00040411949157714844"><skipped message="Suite splitting in effect" type="pytest.skip">src/pymortests/vectorarray.py:221: Suite splitting in effect</skipped></testcase><testcase classname="src.pymortests.vectorarray" file="src/pymortests/vectorarray.py" line="221" name="test_copy[0-&lt;lambda&gt;15]" time="0.0006546974182128906"><skipped message="Suite splitting in effect" type="pytest.skip">src/pymortests/vectorarray.py:221: Suite splitting in effect</skipped></testcase><testcase classname="src.pymortests.vectorarray" file="src/pymortests/vectorarray.py" line="221" name="test_copy[0-&lt;lambda&gt;16]" time="0.0006184577941894531"><skipped message="Suite splitting in effect" type="pytest.skip">src/pymortests/vectorarray.py:221: Suite splitting in effect</skipped></testcase><testcase classname="src.pymortests.vectorarray" file="src/pymortests/vectorarray.py" line="221" name="test_copy[0-&lt;lambda&gt;17]" time="0.000606536865234375"><skipped message="Suite splitting in effect" type="pytest.skip">src/pymortests/vectorarray.py:221: Suite splitting in effect</skipped></testcase><testcase classname="src.pymortests.vectorarray" file="src/pymortests/vectorarray.py" line="221" name="test_copy[0-&lt;lambda&gt;18]" time="0.0005147457122802734"><skipped message="Suite splitting in effect" type="pytest.skip">src/pymortests/vectorarray.py:221: Suite splitting in effect</skipped></testcase><testcase classname="src.pymortests.vectorarray" file="src/pymortests/vectorarray.py" line="221" name="test_copy[0-&lt;lambda&gt;19]" time="0.0004932880401611328"><skipped message="Suite splitting in effect" type="pytest.skip">src/pymortests/vectorarray.py:221: Suite splitting in effect</skipped></testcase><testcase classname="src.pymortests.vectorarray" file="src/pymortests/vectorarray.py" line="221" name="test_copy[0-&lt;lambda&gt;20]" time="0.0004508495330810547"><skipped message="Suite splitting in effect" type="pytest.skip">src/pymortests/vectorarray.py:221: Suite splitting in effect</skipped></testcase><testcase classname="src.pymortests.vectorarray" file="src/pymortests/vectorarray.py" line="221" name="test_copy[0-&lt;lambda&gt;21]" time="0.0003955364227294922"><skipped message="Suite splitting in effect" type="pytest.skip">src/pymortests/vectorarray.py:221: Suite splitting in effect</skipped></testcase><testcase classname="src.pymortests.vectorarray" file="src/pymortests/vectorarray.py" line="221" name="test_copy[0-&lt;lambda&gt;22]" time="0.0004200935363769531"><skipped message="Suite splitting in effect" type="pytest.skip">src/pymortests/vectorarray.py:221: Suite splitting in effect</skipped></testcase><testcase classname="src.pymortests.vectorarray" file="src/pymortests/vectorarray.py" line="221" name="test_copy[0-&lt;lambda&gt;23]" time="0.0004062652587890625"><skipped message="Suite splitting in effect" type="pytest.skip">src/pymortests/vectorarray.py:221: Suite splitting in effect</skipped></testcase><testcase classname="src.pymortests.vectorarray" file="src/pymortests/vectorarray.py" line="221" name="test_copy[0-&lt;lambda&gt;24]" time="0.0004210472106933594"><skipped message="Suite splitting in effect" type="pytest.skip">src/pymortests/vectorarray.py:221: Suite splitting in effect</skipped></testcase><testcase classname="src.pymortests.vectorarray" file="src/pymortests/vectorarray.py" line="221" name="test_copy[0-&lt;lambda&gt;25]" time="0.000431060791015625"><skipped message="Suite splitting in effect" type="pytest.skip">src/pymortests/vectorarray.py:221: Suite splitting in effect</skipped></testcase><testcase classname="src.pymortests.vectorarray" file="src/pymortests/vectorarray.py" line="221" name="test_copy[0-&lt;lambda&gt;26]" time="0.0004048347473144531"><skipped message="Suite splitting in effect" type="pytest.skip">src/pymortests/vectorarray.py:221: Suite splitting in effect</skipped></testcase><testcase classname="src.pymortests.vectorarray" file="src/pymortests/vectorarray.py" line="221" name="test_copy[1-&lt;lambda&gt;0]" time="0.00040340423583984375"><skipped message="Suite splitting in effect" type="pytest.skip">src/pymortests/vectorarray.py:221: Suite splitting in effect</skipped></testcase><testcase classname="src.pymortests.vectorarray" file="src/pymortests/vectorarray.py" line="221" name="test_copy[1-&lt;lambda&gt;1]" time="0.00039505958557128906"><skipped message="Suite splitting in effect" type="pytest.skip">src/pymortests/vectorarray.py:221: Suite splitting in effect</skipped></testcase><testcase classname="src.pymortests.vectorarray" file="src/pymortests/vectorarray.py" line="221" name="test_copy[1-&lt;lambda&gt;2]" time="0.0004241466522216797"><skipped message="Suite splitting in effect" type="pytest.skip">src/pymortests/vectorarray.py:221: Suite splitting in effect</skipped></testcase><testcase classname="src.pymortests.vectorarray" file="src/pymortests/vectorarray.py" line="221" name="test_copy[1-&lt;lambda&gt;3]" time="0.0004417896270751953"><skipped message="Suite splitting in effect" type="pytest.skip">src/pymortests/vectorarray.py:221: Suite splitting in effect</skipped></testcase><testcase classname="src.pymortests.vectorarray" file="src/pymortests/vectorarray.py" line="221" name="test_copy[1-&lt;lambda&gt;4]" time="0.0003960132598876953"><skipped message="Suite splitting in effect" type="pytest.skip">src/pymortests/vectorarray.py:221: Suite splitting in effect</skipped></testcase><testcase classname="src.pymortests.vectorarray" file="src/pymortests/vectorarray.py" line="221" name="test_copy[1-&lt;lambda&gt;5]" time="0.00044035911560058594"><skipped message="Suite splitting in effect" type="pytest.skip">src/pymortests/vectorarray.py:221: Suite splitting in effect</skipped></testcase><testcase classname="src.pymortests.vectorarray" file="src/pymortests/vectorarray.py" line="221" name="test_copy[1-&lt;lambda&gt;6]" time="0.0003979206085205078"><skipped message="Suite splitting in effect" type="pytest.skip">src/pymortests/vectorarray.py:221: Suite splitting in effect</skipped></testcase><testcase classname="src.pymortests.vectorarray" file="src/pymortests/vectorarray.py" line="221" name="test_copy[1-&lt;lambda&gt;7]" time="0.0004367828369140625"><skipped message="Suite splitting in effect" type="pytest.skip">src/pymortests/vectorarray.py:221: Suite splitting in effect</skipped></testcase><testcase classname="src.pymortests.vectorarray" file="src/pymortests/vectorarray.py" line="221" name="test_copy[1-&lt;lambda&gt;8]" time="0.0004000663757324219"><skipped message="Suite splitting in effect" type="pytest.skip">src/pymortests/vectorarray.py:221: Suite splitting in effect</skipped></testcase><testcase classname="src.pymortests.vectorarray" file="src/pymortests/vectorarray.py" line="221" name="test_copy[1-&lt;lambda&gt;9]" time="0.0004115104675292969"><skipped message="Suite splitting in effect" type="pytest.skip">src/pymortests/vectorarray.py:221: Suite splitting in effect</skipped></testcase><testcase classname="src.pymortests.vectorarray" file="src/pymortests/vectorarray.py" line="221" name="test_copy[1-&lt;lambda&gt;10]" time="0.00039649009704589844"><skipped message="Suite splitting in effect" type="pytest.skip">src/pymortests/vectorarray.py:221: Suite splitting in effect</skipped></testcase><testcase classname="src.pymortests.vectorarray" file="src/pymortests/vectorarray.py" line="221" name="test_copy[1-&lt;lambda&gt;11]" time="0.000431060791015625"><skipped message="Suite splitting in effect" type="pytest.skip">src/pymortests/vectorarray.py:221: Suite splitting in effect</skipped></testcase><testcase classname="src.pymortests.vectorarray" file="src/pymortests/vectorarray.py" line="221" name="test_copy[1-&lt;lambda&gt;12]" time="0.00043487548828125"><skipped message="Suite splitting in effect" type="pytest.skip">src/pymortests/vectorarray.py:221: Suite splitting in effect</skipped></testcase><testcase classname="src.pymortests.vectorarray" file="src/pymortests/vectorarray.py" line="221" name="test_copy[1-&lt;lambda&gt;13]" time="0.0004906654357910156"><skipped message="Suite splitting in effect" type="pytest.skip">src/pymortests/vectorarray.py:221: Suite splitting in effect</skipped></testcase><testcase classname="src.pymortests.vectorarray" file="src/pymortests/vectorarray.py" line="221" name="test_copy[1-&lt;lambda&gt;14]" time="0.00040078163146972656"><skipped message="Suite splitting in effect" type="pytest.skip">src/pymortests/vectorarray.py:221: Suite splitting in effect</skipped></testcase><testcase classname="src.pymortests.vectorarray" file="src/pymortests/vectorarray.py" line="221" name="test_copy[1-&lt;lambda&gt;15]" time="0.0004508495330810547"><skipped message="Suite splitting in effect" type="pytest.skip">src/pymortests/vectorarray.py:221: Suite splitting in effect</skipped></testcase><testcase classname="src.pymortests.vectorarray" file="src/pymortests/vectorarray.py" line="221" name="test_copy[1-&lt;lambda&gt;16]" time="0.0004391670227050781"><skipped message="Suite splitting in effect" type="pytest.skip">src/pymortests/vectorarray.py:221: Suite splitting in effect</skipped></testcase><testcase classname="src.pymortests.vectorarray" file="src/pymortests/vectorarray.py" line="221" name="test_copy[1-&lt;lambda&gt;17]" time="0.00040650367736816406"><skipped message="Suite splitting in effect" type="pytest.skip">src/pymortests/vectorarray.py:221: Suite splitting in effect</skipped></testcase><testcase classname="src.pymortests.vectorarray" file="src/pymortests/vectorarray.py" line="221" name="test_copy[1-&lt;lambda&gt;18]" time="0.00043082237243652344"><skipped message="Suite splitting in effect" type="pytest.skip">src/pymortests/vectorarray.py:221: Suite splitting in effect</skipped></testcase><testcase classname="src.pymortests.vectorarray" file="src/pymortests/vectorarray.py" line="221" name="test_copy[1-&lt;lambda&gt;19]" time="0.00039696693420410156"><skipped message="Suite splitting in effect" type="pytest.skip">src/pymortests/vectorarray.py:221: Suite splitting in effect</skipped></testcase><testcase classname="src.pymortests.vectorarray" file="src/pymortests/vectorarray.py" line="221" name="test_copy[1-&lt;lambda&gt;20]" time="0.0004203319549560547"><skipped message="Suite splitting in effect" type="pytest.skip">src/pymortests/vectorarray.py:221: Suite splitting in effect</skipped></testcase><testcase classname="src.pymortests.vectorarray" file="src/pymortests/vectorarray.py" line="221" name="test_copy[1-&lt;lambda&gt;21]" time="0.0004031658172607422"><skipped message="Suite splitting in effect" type="pytest.skip">src/pymortests/vectorarray.py:221: Suite splitting in effect</skipped></testcase><testcase classname="src.pymortests.vectorarray" file="src/pymortests/vectorarray.py" line="221" name="test_copy[1-&lt;lambda&gt;22]" time="0.0003974437713623047"><skipped message="Suite splitting in effect" type="pytest.skip">src/pymortests/vectorarray.py:221: Suite splitting in effect</skipped></testcase><testcase classname="src.pymortests.vectorarray" file="src/pymortests/vectorarray.py" line="221" name="test_copy[1-&lt;lambda&gt;23]" time="0.000415802001953125"><skipped message="Suite splitting in effect" type="pytest.skip">src/pymortests/vectorarray.py:221: Suite splitting in effect</skipped></testcase><testcase classname="src.pymortests.vectorarray" file="src/pymortests/vectorarray.py" line="221" name="test_copy[1-&lt;lambda&gt;24]" time="0.0003979206085205078"><skipped message="Suite splitting in effect" type="pytest.skip">src/pymortests/vectorarray.py:221: Suite splitting in effect</skipped></testcase><testcase classname="src.pymortests.vectorarray" file="src/pymortests/vectorarray.py" line="221" name="test_copy[1-&lt;lambda&gt;25]" time="0.00039315223693847656"><skipped message="Suite splitting in effect" type="pytest.skip">src/pymortests/vectorarray.py:221: Suite splitting in effect</skipped></testcase><testcase classname="src.pymortests.vectorarray" file="src/pymortests/vectorarray.py" line="221" name="test_copy[1-&lt;lambda&gt;26]" time="0.0003979206085205078"><skipped message="Suite splitting in effect" type="pytest.skip">src/pymortests/vectorarray.py:221: Suite splitting in effect</skipped></testcase><testcase classname="src.pymortests.vectorarray" file="src/pymortests/vectorarray.py" line="221" name="test_copy[2-&lt;lambda&gt;0]" time="0.0003955364227294922"><skipped message="Suite splitting in effect" type="pytest.skip">src/pymortests/vectorarray.py:221: Suite splitting in effect</skipped></testcase><testcase classname="src.pymortests.vectorarray" file="src/pymortests/vectorarray.py" line="221" name="test_copy[2-&lt;lambda&gt;1]" time="0.0004432201385498047"><skipped message="Suite splitting in effect" type="pytest.skip">src/pymortests/vectorarray.py:221: Suite splitting in effect</skipped></testcase><testcase classname="src.pymortests.vectorarray" file="src/pymortests/vectorarray.py" line="221" name="test_copy[2-&lt;lambda&gt;2]" time="0.000423431396484375"><skipped message="Suite splitting in effect" type="pytest.skip">src/pymortests/vectorarray.py:221: Suite splitting in effect</skipped></testcase><testcase classname="src.pymortests.vectorarray" file="src/pymortests/vectorarray.py" line="221" name="test_copy[2-&lt;lambda&gt;3]" time="0.0004394054412841797"><skipped message="Suite splitting in effect" type="pytest.skip">src/pymortests/vectorarray.py:221: Suite splitting in effect</skipped></testcase><testcase classname="src.pymortests.vectorarray" file="src/pymortests/vectorarray.py" line="221" name="test_copy[2-&lt;lambda&gt;4]" time="0.00041747093200683594"><skipped message="Suite splitting in effect" type="pytest.skip">src/pymortests/vectorarray.py:221: Suite splitting in effect</skipped></testcase><testcase classname="src.pymortests.vectorarray" file="src/pymortests/vectorarray.py" line="221" name="test_copy[2-&lt;lambda&gt;5]" time="0.000408172607421875"><skipped message="Suite splitting in effect" type="pytest.skip">src/pymortests/vectorarray.py:221: Suite splitting in effect</skipped></testcase><testcase classname="src.pymortests.vectorarray" file="src/pymortests/vectorarray.py" line="221" name="test_copy[2-&lt;lambda&gt;6]" time="0.00040149688720703125"><skipped message="Suite splitting in effect" type="pytest.skip">src/pymortests/vectorarray.py:221: Suite splitting in effect</skipped></testcase><testcase classname="src.pymortests.vectorarray" file="src/pymortests/vectorarray.py" line="221" name="test_copy[2-&lt;lambda&gt;7]" time="0.0006880760192871094"><skipped message="Suite splitting in effect" type="pytest.skip">src/pymortests/vectorarray.py:221: Suite splitting in effect</skipped></testcase><testcase classname="src.pymortests.vectorarray" file="src/pymortests/vectorarray.py" line="221" name="test_copy[2-&lt;lambda&gt;8]" time="0.0003943443298339844"><skipped message="Suite splitting in effect" type="pytest.skip">src/pymortests/vectorarray.py:221: Suite splitting in effect</skipped></testcase><testcase classname="src.pymortests.vectorarray" file="src/pymortests/vectorarray.py" line="221" name="test_copy[2-&lt;lambda&gt;9]" time="0.00039124488830566406"><skipped message="Suite splitting in effect" type="pytest.skip">src/pymortests/vectorarray.py:221: Suite splitting in effect</skipped></testcase><testcase classname="src.pymortests.vectorarray" file="src/pymortests/vectorarray.py" line="221" name="test_copy[2-&lt;lambda&gt;10]" time="0.00040078163146972656"><skipped message="Suite splitting in effect" type="pytest.skip">src/pymortests/vectorarray.py:221: Suite splitting in effect</skipped></testcase><testcase classname="src.pymortests.vectorarray" file="src/pymortests/vectorarray.py" line="221" name="test_copy[2-&lt;lambda&gt;11]" time="0.0004215240478515625"><skipped message="Suite splitting in effect" type="pytest.skip">src/pymortests/vectorarray.py:221: Suite splitting in effect</skipped></testcase><testcase classname="src.pymortests.vectorarray" file="src/pymortests/vectorarray.py" line="221" name="test_copy[2-&lt;lambda&gt;12]" time="0.00039577484130859375"><skipped message="Suite splitting in effect" type="pytest.skip">src/pymortests/vectorarray.py:221: Suite splitting in effect</skipped></testcase><testcase classname="src.pymortests.vectorarray" file="src/pymortests/vectorarray.py" line="221" name="test_copy[2-&lt;lambda&gt;13]" time="0.0004019737243652344"><skipped message="Suite splitting in effect" type="pytest.skip">src/pymortests/vectorarray.py:221: Suite splitting in effect</skipped></testcase><testcase classname="src.pymortests.vectorarray" file="src/pymortests/vectorarray.py" line="221" name="test_copy[2-&lt;lambda&gt;14]" time="0.0004527568817138672"><skipped message="Suite splitting in effect" type="pytest.skip">src/pymortests/vectorarray.py:221: Suite splitting in effect</skipped></testcase><testcase classname="src.pymortests.vectorarray" file="src/pymortests/vectorarray.py" line="221" name="test_copy[2-&lt;lambda&gt;15]" time="0.0004291534423828125"><skipped message="Suite splitting in effect" type="pytest.skip">src/pymortests/vectorarray.py:221: Suite splitting in effect</skipped></testcase><testcase classname="src.pymortests.vectorarray" file="src/pymortests/vectorarray.py" line="221" name="test_copy[2-&lt;lambda&gt;16]" time="0.0004229545593261719"><skipped message="Suite splitting in effect" type="pytest.skip">src/pymortests/vectorarray.py:221: Suite splitting in effect</skipped></testcase><testcase classname="src.pymortests.vectorarray" file="src/pymortests/vectorarray.py" line="221" name="test_copy[2-&lt;lambda&gt;17]" time="0.00040793418884277344"><skipped message="Suite splitting in effect" type="pytest.skip">src/pymortests/vectorarray.py:221: Suite splitting in effect</skipped></testcase><testcase classname="src.pymortests.vectorarray" file="src/pymortests/vectorarray.py" line="221" name="test_copy[2-&lt;lambda&gt;18]" time="0.0004038810729980469"><skipped message="Suite splitting in effect" type="pytest.skip">src/pymortests/vectorarray.py:221: Suite splitting in effect</skipped></testcase><testcase classname="src.pymortests.vectorarray" file="src/pymortests/vectorarray.py" line="221" name="test_copy[2-&lt;lambda&gt;19]" time="0.0004048347473144531"><skipped message="Suite splitting in effect" type="pytest.skip">src/pymortests/vectorarray.py:221: Suite splitting in effect</skipped></testcase><testcase classname="src.pymortests.vectorarray" file="src/pymortests/vectorarray.py" line="221" name="test_copy[2-&lt;lambda&gt;20]" time="0.0003943443298339844"><skipped message="Suite splitting in effect" type="pytest.skip">src/pymortests/vectorarray.py:221: Suite splitting in effect</skipped></testcase><testcase classname="src.pymortests.vectorarray" file="src/pymortests/vectorarray.py" line="221" name="test_copy[2-&lt;lambda&gt;21]" time="0.0004363059997558594"><skipped message="Suite splitting in effect" type="pytest.skip">src/pymortests/vectorarray.py:221: Suite splitting in effect</skipped></testcase><testcase classname="src.pymortests.vectorarray" file="src/pymortests/vectorarray.py" line="221" name="test_copy[2-&lt;lambda&gt;22]" time="0.0004391670227050781"><skipped message="Suite splitting in effect" type="pytest.skip">src/pymortests/vectorarray.py:221: Suite splitting in effect</skipped></testcase><testcase classname="src.pymortests.vectorarray" file="src/pymortests/vectorarray.py" line="221" name="test_copy[2-&lt;lambda&gt;23]" time="0.00039505958557128906"><skipped message="Suite splitting in effect" type="pytest.skip">src/pymortests/vectorarray.py:221: Suite splitting in effect</skipped></testcase><testcase classname="src.pymortests.vectorarray" file="src/pymortests/vectorarray.py" line="221" name="test_copy[2-&lt;lambda&gt;24]" time="0.0004239082336425781"><skipped message="Suite splitting in effect" type="pytest.skip">src/pymortests/vectorarray.py:221: Suite splitting in effect</skipped></testcase><testcase classname="src.pymortests.vectorarray" file="src/pymortests/vectorarray.py" line="221" name="test_copy[2-&lt;lambda&gt;25]" time="0.0004038810729980469"><skipped message="Suite splitting in effect" type="pytest.skip">src/pymortests/vectorarray.py:221: Suite splitting in effect</skipped></testcase><testcase classname="src.pymortests.vectorarray" file="src/pymortests/vectorarray.py" line="221" name="test_copy[2-&lt;lambda&gt;26]" time="0.00042557716369628906"><skipped message="Suite splitting in effect" type="pytest.skip">src/pymortests/vectorarray.py:221: Suite splitting in effect</skipped></testcase><testcase classname="src.pymortests.vectorarray" file="src/pymortests/vectorarray.py" line="242" name="test_copy_repeated_index[0-&lt;lambda&gt;0]" time="0.0004050731658935547"><skipped message="Suite splitting in effect" type="pytest.skip">src/pymortests/vectorarray.py:242: Suite splitting in effect</skipped></testcase><testcase classname="src.pymortests.vectorarray" file="src/pymortests/vectorarray.py" line="242" name="test_copy_repeated_index[0-&lt;lambda&gt;1]" time="0.0004055500030517578"><skipped message="Suite splitting in effect" type="pytest.skip">src/pymortests/vectorarray.py:242: Suite splitting in effect</skipped></testcase><testcase classname="src.pymortests.vectorarray" file="src/pymortests/vectorarray.py" line="242" name="test_copy_repeated_index[0-&lt;lambda&gt;2]" time="0.0004336833953857422"><skipped message="Suite splitting in effect" type="pytest.skip">src/pymortests/vectorarray.py:242: Suite splitting in effect</skipped></testcase><testcase classname="src.pymortests.vectorarray" file="src/pymortests/vectorarray.py" line="242" name="test_copy_repeated_index[0-&lt;lambda&gt;3]" time="0.00041937828063964844"><skipped message="Suite splitting in effect" type="pytest.skip">src/pymortests/vectorarray.py:242: Suite splitting in effect</skipped></testcase><testcase classname="src.pymortests.vectorarray" file="src/pymortests/vectorarray.py" line="242" name="test_copy_repeated_index[0-&lt;lambda&gt;4]" time="0.00042939186096191406"><skipped message="Suite splitting in effect" type="pytest.skip">src/pymortests/vectorarray.py:242: Suite splitting in effect</skipped></testcase><testcase classname="src.pymortests.vectorarray" file="src/pymortests/vectorarray.py" line="242" name="test_copy_repeated_index[0-&lt;lambda&gt;5]" time="0.0003974437713623047"><skipped message="Suite splitting in effect" type="pytest.skip">src/pymortests/vectorarray.py:242: Suite splitting in effect</skipped></testcase><testcase classname="src.pymortests.vectorarray" file="src/pymortests/vectorarray.py" line="242" name="test_copy_repeated_index[0-&lt;lambda&gt;6]" time="0.00041604042053222656"><skipped message="Suite splitting in effect" type="pytest.skip">src/pymortests/vectorarray.py:242: Suite splitting in effect</skipped></testcase><testcase classname="src.pymortests.vectorarray" file="src/pymortests/vectorarray.py" line="242" name="test_copy_repeated_index[0-&lt;lambda&gt;7]" time="0.0004420280456542969"><skipped message="Suite splitting in effect" type="pytest.skip">src/pymortests/vectorarray.py:242: Suite splitting in effect</skipped></testcase><testcase classname="src.pymortests.vectorarray" file="src/pymortests/vectorarray.py" line="242" name="test_copy_repeated_index[0-&lt;lambda&gt;8]" time="0.00039958953857421875"><skipped message="Suite splitting in effect" type="pytest.skip">src/pymortests/vectorarray.py:242: Suite splitting in effect</skipped></testcase><testcase classname="src.pymortests.vectorarray" file="src/pymortests/vectorarray.py" line="242" name="test_copy_repeated_index[0-&lt;lambda&gt;9]" time="0.0003993511199951172"><skipped message="Suite splitting in effect" type="pytest.skip">src/pymortests/vectorarray.py:242: Suite splitting in effect</skipped></testcase><testcase classname="src.pymortests.vectorarray" file="src/pymortests/vectorarray.py" line="242" name="test_copy_repeated_index[0-&lt;lambda&gt;10]" time="0.0003933906555175781"><skipped message="Suite splitting in effect" type="pytest.skip">src/pymortests/vectorarray.py:242: Suite splitting in effect</skipped></testcase><testcase classname="src.pymortests.vectorarray" file="src/pymortests/vectorarray.py" line="242" name="test_copy_repeated_index[0-&lt;lambda&gt;11]" time="0.0004029273986816406"><skipped message="Suite splitting in effect" type="pytest.skip">src/pymortests/vectorarray.py:242: Suite splitting in effect</skipped></testcase><testcase classname="src.pymortests.vectorarray" file="src/pymortests/vectorarray.py" line="242" name="test_copy_repeated_index[0-&lt;lambda&gt;12]" time="0.00042700767517089844"><skipped message="Suite splitting in effect" type="pytest.skip">src/pymortests/vectorarray.py:242: Suite splitting in effect</skipped></testcase><testcase classname="src.pymortests.vectorarray" file="src/pymortests/vectorarray.py" line="242" name="test_copy_repeated_index[0-&lt;lambda&gt;13]" time="0.00039887428283691406"><skipped message="Suite splitting in effect" type="pytest.skip">src/pymortests/vectorarray.py:242: Suite splitting in effect</skipped></testcase><testcase classname="src.pymortests.vectorarray" file="src/pymortests/vectorarray.py" line="242" name="test_copy_repeated_index[0-&lt;lambda&gt;14]" time="0.0004398822784423828"><skipped message="Suite splitting in effect" type="pytest.skip">src/pymortests/vectorarray.py:242: Suite splitting in effect</skipped></testcase><testcase classname="src.pymortests.vectorarray" file="src/pymortests/vectorarray.py" line="242" name="test_copy_repeated_index[0-&lt;lambda&gt;15]" time="0.0005500316619873047"><skipped message="Suite splitting in effect" type="pytest.skip">src/pymortests/vectorarray.py:242: Suite splitting in effect</skipped></testcase><testcase classname="src.pymortests.vectorarray" file="src/pymortests/vectorarray.py" line="242" name="test_copy_repeated_index[0-&lt;lambda&gt;16]" time="0.0006966590881347656"><skipped message="Suite splitting in effect" type="pytest.skip">src/pymortests/vectorarray.py:242: Suite splitting in effect</skipped></testcase><testcase classname="src.pymortests.vectorarray" file="src/pymortests/vectorarray.py" line="242" name="test_copy_repeated_index[0-&lt;lambda&gt;17]" time="0.0004019737243652344"><skipped message="Suite splitting in effect" type="pytest.skip">src/pymortests/vectorarray.py:242: Suite splitting in effect</skipped></testcase><testcase classname="src.pymortests.vectorarray" file="src/pymortests/vectorarray.py" line="242" name="test_copy_repeated_index[0-&lt;lambda&gt;18]" time="0.0004425048828125"><skipped message="Suite splitting in effect" type="pytest.skip">src/pymortests/vectorarray.py:242: Suite splitting in effect</skipped></testcase><testcase classname="src.pymortests.vectorarray" file="src/pymortests/vectorarray.py" line="242" name="test_copy_repeated_index[0-&lt;lambda&gt;19]" time="0.00040030479431152344"><skipped message="Suite splitting in effect" type="pytest.skip">src/pymortests/vectorarray.py:242: Suite splitting in effect</skipped></testcase><testcase classname="src.pymortests.vectorarray" file="src/pymortests/vectorarray.py" line="242" name="test_copy_repeated_index[0-&lt;lambda&gt;20]" time="0.0003948211669921875"><skipped message="Suite splitting in effect" type="pytest.skip">src/pymortests/vectorarray.py:242: Suite splitting in effect</skipped></testcase><testcase classname="src.pymortests.vectorarray" file="src/pymortests/vectorarray.py" line="242" name="test_copy_repeated_index[0-&lt;lambda&gt;21]" time="0.00039768218994140625"><skipped message="Suite splitting in effect" type="pytest.skip">src/pymortests/vectorarray.py:242: Suite splitting in effect</skipped></testcase><testcase classname="src.pymortests.vectorarray" file="src/pymortests/vectorarray.py" line="242" name="test_copy_repeated_index[0-&lt;lambda&gt;22]" time="0.00040221214294433594"><skipped message="Suite splitting in effect" type="pytest.skip">src/pymortests/vectorarray.py:242: Suite splitting in effect</skipped></testcase><testcase classname="src.pymortests.vectorarray" file="src/pymortests/vectorarray.py" line="242" name="test_copy_repeated_index[0-&lt;lambda&gt;23]" time="0.0003981590270996094"><skipped message="Suite splitting in effect" type="pytest.skip">src/pymortests/vectorarray.py:242: Suite splitting in effect</skipped></testcase><testcase classname="src.pymortests.vectorarray" file="src/pymortests/vectorarray.py" line="242" name="test_copy_repeated_index[0-&lt;lambda&gt;24]" time="0.00042629241943359375"><skipped message="Suite splitting in effect" type="pytest.skip">src/pymortests/vectorarray.py:242: Suite splitting in effect</skipped></testcase><testcase classname="src.pymortests.vectorarray" file="src/pymortests/vectorarray.py" line="242" name="test_copy_repeated_index[0-&lt;lambda&gt;25]" time="0.0004012584686279297"><skipped message="Suite splitting in effect" type="pytest.skip">src/pymortests/vectorarray.py:242: Suite splitting in effect</skipped></testcase><testcase classname="src.pymortests.vectorarray" file="src/pymortests/vectorarray.py" line="242" name="test_copy_repeated_index[0-&lt;lambda&gt;26]" time="0.0003979206085205078"><skipped message="Suite splitting in effect" type="pytest.skip">src/pymortests/vectorarray.py:242: Suite splitting in effect</skipped></testcase><testcase classname="src.pymortests.vectorarray" file="src/pymortests/vectorarray.py" line="242" name="test_copy_repeated_index[1-&lt;lambda&gt;0]" time="0.00043010711669921875"><skipped message="Suite splitting in effect" type="pytest.skip">src/pymortests/vectorarray.py:242: Suite splitting in effect</skipped></testcase><testcase classname="src.pymortests.vectorarray" file="src/pymortests/vectorarray.py" line="242" name="test_copy_repeated_index[1-&lt;lambda&gt;1]" time="0.0004322528839111328"><skipped message="Suite splitting in effect" type="pytest.skip">src/pymortests/vectorarray.py:242: Suite splitting in effect</skipped></testcase><testcase classname="src.pymortests.vectorarray" file="src/pymortests/vectorarray.py" line="242" name="test_copy_repeated_index[1-&lt;lambda&gt;2]" time="0.000408172607421875"><skipped message="Suite splitting in effect" type="pytest.skip">src/pymortests/vectorarray.py:242: Suite splitting in effect</skipped></testcase><testcase classname="src.pymortests.vectorarray" file="src/pymortests/vectorarray.py" line="242" name="test_copy_repeated_index[1-&lt;lambda&gt;3]" time="0.0004267692565917969"><skipped message="Suite splitting in effect" type="pytest.skip">src/pymortests/vectorarray.py:242: Suite splitting in effect</skipped></testcase><testcase classname="src.pymortests.vectorarray" file="src/pymortests/vectorarray.py" line="242" name="test_copy_repeated_index[1-&lt;lambda&gt;4]" time="0.00042510032653808594"><skipped message="Suite splitting in effect" type="pytest.skip">src/pymortests/vectorarray.py:242: Suite splitting in effect</skipped></testcase><testcase classname="src.pymortests.vectorarray" file="src/pymortests/vectorarray.py" line="242" name="test_copy_repeated_index[1-&lt;lambda&gt;5]" time="0.0004363059997558594"><skipped message="Suite splitting in effect" type="pytest.skip">src/pymortests/vectorarray.py:242: Suite splitting in effect</skipped></testcase><testcase classname="src.pymortests.vectorarray" file="src/pymortests/vectorarray.py" line="242" name="test_copy_repeated_index[1-&lt;lambda&gt;6]" time="0.0003974437713623047"><skipped message="Suite splitting in effect" type="pytest.skip">src/pymortests/vectorarray.py:242: Suite splitting in effect</skipped></testcase><testcase classname="src.pymortests.vectorarray" file="src/pymortests/vectorarray.py" line="242" name="test_copy_repeated_index[1-&lt;lambda&gt;7]" time="0.0004317760467529297"><skipped message="Suite splitting in effect" type="pytest.skip">src/pymortests/vectorarray.py:242: Suite splitting in effect</skipped></testcase><testcase classname="src.pymortests.vectorarray" file="src/pymortests/vectorarray.py" line="242" name="test_copy_repeated_index[1-&lt;lambda&gt;8]" time="0.00042438507080078125"><skipped message="Suite splitting in effect" type="pytest.skip">src/pymortests/vectorarray.py:242: Suite splitting in effect</skipped></testcase><testcase classname="src.pymortests.vectorarray" file="src/pymortests/vectorarray.py" line="242" name="test_copy_repeated_index[1-&lt;lambda&gt;9]" time="0.0004181861877441406"><skipped message="Suite splitting in effect" type="pytest.skip">src/pymortests/vectorarray.py:242: Suite splitting in effect</skipped></testcase><testcase classname="src.pymortests.vectorarray" file="src/pymortests/vectorarray.py" line="242" name="test_copy_repeated_index[1-&lt;lambda&gt;10]" time="0.00038886070251464844"><skipped message="Suite splitting in effect" type="pytest.skip">src/pymortests/vectorarray.py:242: Suite splitting in effect</skipped></testcase><testcase classname="src.pymortests.vectorarray" file="src/pymortests/vectorarray.py" line="242" name="test_copy_repeated_index[1-&lt;lambda&gt;11]" time="0.00042438507080078125"><skipped message="Suite splitting in effect" type="pytest.skip">src/pymortests/vectorarray.py:242: Suite splitting in effect</skipped></testcase><testcase classname="src.pymortests.vectorarray" file="src/pymortests/vectorarray.py" line="242" name="test_copy_repeated_index[1-&lt;lambda&gt;12]" time="0.0003917217254638672"><skipped message="Suite splitting in effect" type="pytest.skip">src/pymortests/vectorarray.py:242: Suite splitting in effect</skipped></testcase><testcase classname="src.pymortests.vectorarray" file="src/pymortests/vectorarray.py" line="242" name="test_copy_repeated_index[1-&lt;lambda&gt;13]" time="0.0004527568817138672"><skipped message="Suite splitting in effect" type="pytest.skip">src/pymortests/vectorarray.py:242: Suite splitting in effect</skipped></testcase><testcase classname="src.pymortests.vectorarray" file="src/pymortests/vectorarray.py" line="242" name="test_copy_repeated_index[1-&lt;lambda&gt;14]" time="0.0003993511199951172"><skipped message="Suite splitting in effect" type="pytest.skip">src/pymortests/vectorarray.py:242: Suite splitting in effect</skipped></testcase><testcase classname="src.pymortests.vectorarray" file="src/pymortests/vectorarray.py" line="242" name="test_copy_repeated_index[1-&lt;lambda&gt;15]" time="0.0004553794860839844"><skipped message="Suite splitting in effect" type="pytest.skip">src/pymortests/vectorarray.py:242: Suite splitting in effect</skipped></testcase><testcase classname="src.pymortests.vectorarray" file="src/pymortests/vectorarray.py" line="242" name="test_copy_repeated_index[1-&lt;lambda&gt;16]" time="0.00039505958557128906"><skipped message="Suite splitting in effect" type="pytest.skip">src/pymortests/vectorarray.py:242: Suite splitting in effect</skipped></testcase><testcase classname="src.pymortests.vectorarray" file="src/pymortests/vectorarray.py" line="242" name="test_copy_repeated_index[1-&lt;lambda&gt;17]" time="0.00038933753967285156"><skipped message="Suite splitting in effect" type="pytest.skip">src/pymortests/vectorarray.py:242: Suite splitting in effect</skipped></testcase><testcase classname="src.pymortests.vectorarray" file="src/pymortests/vectorarray.py" line="242" name="test_copy_repeated_index[1-&lt;lambda&gt;18]" time="0.000396728515625"><skipped message="Suite splitting in effect" type="pytest.skip">src/pymortests/vectorarray.py:242: Suite splitting in effect</skipped></testcase><testcase classname="src.pymortests.vectorarray" file="src/pymortests/vectorarray.py" line="242" name="test_copy_repeated_index[1-&lt;lambda&gt;19]" time="0.00039505958557128906"><skipped message="Suite splitting in effect" type="pytest.skip">src/pymortests/vectorarray.py:242: Suite splitting in effect</skipped></testcase><testcase classname="src.pymortests.vectorarray" file="src/pymortests/vectorarray.py" line="242" name="test_copy_repeated_index[1-&lt;lambda&gt;20]" time="0.0003974437713623047"><skipped message="Suite splitting in effect" type="pytest.skip">src/pymortests/vectorarray.py:242: Suite splitting in effect</skipped></testcase><testcase classname="src.pymortests.vectorarray" file="src/pymortests/vectorarray.py" line="242" name="test_copy_repeated_index[1-&lt;lambda&gt;21]" time="0.0003941059112548828"><skipped message="Suite splitting in effect" type="pytest.skip">src/pymortests/vectorarray.py:242: Suite splitting in effect</skipped></testcase><testcase classname="src.pymortests.vectorarray" file="src/pymortests/vectorarray.py" line="242" name="test_copy_repeated_index[1-&lt;lambda&gt;22]" time="0.0004010200500488281"><skipped message="Suite splitting in effect" type="pytest.skip">src/pymortests/vectorarray.py:242: Suite splitting in effect</skipped></testcase><testcase classname="src.pymortests.vectorarray" file="src/pymortests/vectorarray.py" line="242" name="test_copy_repeated_index[1-&lt;lambda&gt;23]" time="0.0004203319549560547"><skipped message="Suite splitting in effect" type="pytest.skip">src/pymortests/vectorarray.py:242: Suite splitting in effect</skipped></testcase><testcase classname="src.pymortests.vectorarray" file="src/pymortests/vectorarray.py" line="242" name="test_copy_repeated_index[1-&lt;lambda&gt;24]" time="0.00041866302490234375"><skipped message="Suite splitting in effect" type="pytest.skip">src/pymortests/vectorarray.py:242: Suite splitting in effect</skipped></testcase><testcase classname="src.pymortests.vectorarray" file="src/pymortests/vectorarray.py" line="242" name="test_copy_repeated_index[1-&lt;lambda&gt;25]" time="0.000423431396484375"><skipped message="Suite splitting in effect" type="pytest.skip">src/pymortests/vectorarray.py:242: Suite splitting in effect</skipped></testcase><testcase classname="src.pymortests.vectorarray" file="src/pymortests/vectorarray.py" line="242" name="test_copy_repeated_index[1-&lt;lambda&gt;26]" time="0.0003943443298339844"><skipped message="Suite splitting in effect" type="pytest.skip">src/pymortests/vectorarray.py:242: Suite splitting in effect</skipped></testcase><testcase classname="src.pymortests.vectorarray" file="src/pymortests/vectorarray.py" line="242" name="test_copy_repeated_index[2-&lt;lambda&gt;0]" time="0.0004260540008544922"><skipped message="Suite splitting in effect" type="pytest.skip">src/pymortests/vectorarray.py:242: Suite splitting in effect</skipped></testcase><testcase classname="src.pymortests.vectorarray" file="src/pymortests/vectorarray.py" line="242" name="test_copy_repeated_index[2-&lt;lambda&gt;1]" time="0.0004017353057861328"><skipped message="Suite splitting in effect" type="pytest.skip">src/pymortests/vectorarray.py:242: Suite splitting in effect</skipped></testcase><testcase classname="src.pymortests.vectorarray" file="src/pymortests/vectorarray.py" line="242" name="test_copy_repeated_index[2-&lt;lambda&gt;2]" time="0.0004401206970214844"><skipped message="Suite splitting in effect" type="pytest.skip">src/pymortests/vectorarray.py:242: Suite splitting in effect</skipped></testcase><testcase classname="src.pymortests.vectorarray" file="src/pymortests/vectorarray.py" line="242" name="test_copy_repeated_index[2-&lt;lambda&gt;3]" time="0.00046133995056152344"><skipped message="Suite splitting in effect" type="pytest.skip">src/pymortests/vectorarray.py:242: Suite splitting in effect</skipped></testcase><testcase classname="src.pymortests.vectorarray" file="src/pymortests/vectorarray.py" line="242" name="test_copy_repeated_index[2-&lt;lambda&gt;4]" time="0.00043392181396484375"><skipped message="Suite splitting in effect" type="pytest.skip">src/pymortests/vectorarray.py:242: Suite splitting in effect</skipped></testcase><testcase classname="src.pymortests.vectorarray" file="src/pymortests/vectorarray.py" line="242" name="test_copy_repeated_index[2-&lt;lambda&gt;5]" time="0.0004665851593017578"><skipped message="Suite splitting in effect" type="pytest.skip">src/pymortests/vectorarray.py:242: Suite splitting in effect</skipped></testcase><testcase classname="src.pymortests.vectorarray" file="src/pymortests/vectorarray.py" line="242" name="test_copy_repeated_index[2-&lt;lambda&gt;6]" time="0.00041103363037109375"><skipped message="Suite splitting in effect" type="pytest.skip">src/pymortests/vectorarray.py:242: Suite splitting in effect</skipped></testcase><testcase classname="src.pymortests.vectorarray" file="src/pymortests/vectorarray.py" line="242" name="test_copy_repeated_index[2-&lt;lambda&gt;7]" time="0.0004761219024658203"><skipped message="Suite splitting in effect" type="pytest.skip">src/pymortests/vectorarray.py:242: Suite splitting in effect</skipped></testcase><testcase classname="src.pymortests.vectorarray" file="src/pymortests/vectorarray.py" line="242" name="test_copy_repeated_index[2-&lt;lambda&gt;8]" time="0.0004520416259765625"><skipped message="Suite splitting in effect" type="pytest.skip">src/pymortests/vectorarray.py:242: Suite splitting in effect</skipped></testcase><testcase classname="src.pymortests.vectorarray" file="src/pymortests/vectorarray.py" line="242" name="test_copy_repeated_index[2-&lt;lambda&gt;9]" time="0.00042366981506347656"><skipped message="Suite splitting in effect" type="pytest.skip">src/pymortests/vectorarray.py:242: Suite splitting in effect</skipped></testcase><testcase classname="src.pymortests.vectorarray" file="src/pymortests/vectorarray.py" line="242" name="test_copy_repeated_index[2-&lt;lambda&gt;10]" time="0.0004086494445800781"><skipped message="Suite splitting in effect" type="pytest.skip">src/pymortests/vectorarray.py:242: Suite splitting in effect</skipped></testcase><testcase classname="src.pymortests.vectorarray" file="src/pymortests/vectorarray.py" line="242" name="test_copy_repeated_index[2-&lt;lambda&gt;11]" time="0.0004317760467529297"><skipped message="Suite splitting in effect" type="pytest.skip">src/pymortests/vectorarray.py:242: Suite splitting in effect</skipped></testcase><testcase classname="src.pymortests.vectorarray" file="src/pymortests/vectorarray.py" line="242" name="test_copy_repeated_index[2-&lt;lambda&gt;12]" time="0.0004093647003173828"><skipped message="Suite splitting in effect" type="pytest.skip">src/pymortests/vectorarray.py:242: Suite splitting in effect</skipped></testcase><testcase classname="src.pymortests.vectorarray" file="src/pymortests/vectorarray.py" line="242" name="test_copy_repeated_index[2-&lt;lambda&gt;13]" time="0.00041222572326660156"><skipped message="Suite splitting in effect" type="pytest.skip">src/pymortests/vectorarray.py:242: Suite splitting in effect</skipped></testcase><testcase classname="src.pymortests.vectorarray" file="src/pymortests/vectorarray.py" line="242" name="test_copy_repeated_index[2-&lt;lambda&gt;14]" time="0.0003948211669921875"><skipped message="Suite splitting in effect" type="pytest.skip">src/pymortests/vectorarray.py:242: Suite splitting in effect</skipped></testcase><testcase classname="src.pymortests.vectorarray" file="src/pymortests/vectorarray.py" line="242" name="test_copy_repeated_index[2-&lt;lambda&gt;15]" time="0.0004107952117919922"><skipped message="Suite splitting in effect" type="pytest.skip">src/pymortests/vectorarray.py:242: Suite splitting in effect</skipped></testcase><testcase classname="src.pymortests.vectorarray" file="src/pymortests/vectorarray.py" line="242" name="test_copy_repeated_index[2-&lt;lambda&gt;16]" time="0.00042557716369628906"><skipped message="Suite splitting in effect" type="pytest.skip">src/pymortests/vectorarray.py:242: Suite splitting in effect</skipped></testcase><testcase classname="src.pymortests.vectorarray" file="src/pymortests/vectorarray.py" line="242" name="test_copy_repeated_index[2-&lt;lambda&gt;17]" time="0.00043082237243652344"><skipped message="Suite splitting in effect" type="pytest.skip">src/pymortests/vectorarray.py:242: Suite splitting in effect</skipped></testcase><testcase classname="src.pymortests.vectorarray" file="src/pymortests/vectorarray.py" line="242" name="test_copy_repeated_index[2-&lt;lambda&gt;18]" time="0.00039649009704589844"><skipped message="Suite splitting in effect" type="pytest.skip">src/pymortests/vectorarray.py:242: Suite splitting in effect</skipped></testcase><testcase classname="src.pymortests.vectorarray" file="src/pymortests/vectorarray.py" line="242" name="test_copy_repeated_index[2-&lt;lambda&gt;19]" time="0.00046062469482421875"><skipped message="Suite splitting in effect" type="pytest.skip">src/pymortests/vectorarray.py:242: Suite splitting in effect</skipped></testcase><testcase classname="src.pymortests.vectorarray" file="src/pymortests/vectorarray.py" line="242" name="test_copy_repeated_index[2-&lt;lambda&gt;20]" time="0.00039505958557128906"><skipped message="Suite splitting in effect" type="pytest.skip">src/pymortests/vectorarray.py:242: Suite splitting in effect</skipped></testcase><testcase classname="src.pymortests.vectorarray" file="src/pymortests/vectorarray.py" line="242" name="test_copy_repeated_index[2-&lt;lambda&gt;21]" time="0.0006754398345947266"><skipped message="Suite splitting in effect" type="pytest.skip">src/pymortests/vectorarray.py:242: Suite splitting in effect</skipped></testcase><testcase classname="src.pymortests.vectorarray" file="src/pymortests/vectorarray.py" line="242" name="test_copy_repeated_index[2-&lt;lambda&gt;22]" time="0.00043773651123046875"><skipped message="Suite splitting in effect" type="pytest.skip">src/pymortests/vectorarray.py:242: Suite splitting in effect</skipped></testcase><testcase classname="src.pymortests.vectorarray" file="src/pymortests/vectorarray.py" line="242" name="test_copy_repeated_index[2-&lt;lambda&gt;23]" time="0.00040459632873535156"><skipped message="Suite splitting in effect" type="pytest.skip">src/pymortests/vectorarray.py:242: Suite splitting in effect</skipped></testcase><testcase classname="src.pymortests.vectorarray" file="src/pymortests/vectorarray.py" line="242" name="test_copy_repeated_index[2-&lt;lambda&gt;24]" time="0.0004258155822753906"><skipped message="Suite splitting in effect" type="pytest.skip">src/pymortests/vectorarray.py:242: Suite splitting in effect</skipped></testcase><testcase classname="src.pymortests.vectorarray" file="src/pymortests/vectorarray.py" line="242" name="test_copy_repeated_index[2-&lt;lambda&gt;25]" time="0.000396728515625"><skipped message="Suite splitting in effect" type="pytest.skip">src/pymortests/vectorarray.py:242: Suite splitting in effect</skipped></testcase><testcase classname="src.pymortests.vectorarray" file="src/pymortests/vectorarray.py" line="242" name="test_copy_repeated_index[2-&lt;lambda&gt;26]" time="0.0004482269287109375"><skipped message="Suite splitting in effect" type="pytest.skip">src/pymortests/vectorarray.py:242: Suite splitting in effect</skipped></testcase><testcase classname="src.pymortests.vectorarray" file="src/pymortests/vectorarray.py" line="264" name="test_append[compatible_vector_array_pair0-&lt;lambda&gt;0]" time="0.0004000663757324219"><skipped message="Suite splitting in effect" type="pytest.skip">src/pymortests/vectorarray.py:264: Suite splitting in effect</skipped></testcase><testcase classname="src.pymortests.vectorarray" file="src/pymortests/vectorarray.py" line="264" name="test_append[compatible_vector_array_pair0-&lt;lambda&gt;1]" time="0.00041031837463378906"><skipped message="Suite splitting in effect" type="pytest.skip">src/pymortests/vectorarray.py:264: Suite splitting in effect</skipped></testcase><testcase classname="src.pymortests.vectorarray" file="src/pymortests/vectorarray.py" line="264" name="test_append[compatible_vector_array_pair0-&lt;lambda&gt;2]" time="0.0005478858947753906"><skipped message="Suite splitting in effect" type="pytest.skip">src/pymortests/vectorarray.py:264: Suite splitting in effect</skipped></testcase><testcase classname="src.pymortests.vectorarray" file="src/pymortests/vectorarray.py" line="264" name="test_append[compatible_vector_array_pair0-&lt;lambda&gt;3]" time="0.0005331039428710938"><skipped message="Suite splitting in effect" type="pytest.skip">src/pymortests/vectorarray.py:264: Suite splitting in effect</skipped></testcase><testcase classname="src.pymortests.vectorarray" file="src/pymortests/vectorarray.py" line="264" name="test_append[compatible_vector_array_pair0-&lt;lambda&gt;4]" time="0.00041985511779785156"><skipped message="Suite splitting in effect" type="pytest.skip">src/pymortests/vectorarray.py:264: Suite splitting in effect</skipped></testcase><testcase classname="src.pymortests.vectorarray" file="src/pymortests/vectorarray.py" line="264" name="test_append[compatible_vector_array_pair0-&lt;lambda&gt;5]" time="0.0003981590270996094"><skipped message="Suite splitting in effect" type="pytest.skip">src/pymortests/vectorarray.py:264: Suite splitting in effect</skipped></testcase><testcase classname="src.pymortests.vectorarray" file="src/pymortests/vectorarray.py" line="264" name="test_append[compatible_vector_array_pair0-&lt;lambda&gt;6]" time="0.000396728515625"><skipped message="Suite splitting in effect" type="pytest.skip">src/pymortests/vectorarray.py:264: Suite splitting in effect</skipped></testcase><testcase classname="src.pymortests.vectorarray" file="src/pymortests/vectorarray.py" line="264" name="test_append[compatible_vector_array_pair0-&lt;lambda&gt;7]" time="0.00039649009704589844"><skipped message="Suite splitting in effect" type="pytest.skip">src/pymortests/vectorarray.py:264: Suite splitting in effect</skipped></testcase><testcase classname="src.pymortests.vectorarray" file="src/pymortests/vectorarray.py" line="264" name="test_append[compatible_vector_array_pair0-&lt;lambda&gt;8]" time="0.0003981590270996094"><skipped message="Suite splitting in effect" type="pytest.skip">src/pymortests/vectorarray.py:264: Suite splitting in effect</skipped></testcase><testcase classname="src.pymortests.vectorarray" file="src/pymortests/vectorarray.py" line="264" name="test_append[compatible_vector_array_pair0-&lt;lambda&gt;9]" time="0.000392913818359375"><skipped message="Suite splitting in effect" type="pytest.skip">src/pymortests/vectorarray.py:264: Suite splitting in effect</skipped></testcase><testcase classname="src.pymortests.vectorarray" file="src/pymortests/vectorarray.py" line="264" name="test_append[compatible_vector_array_pair0-&lt;lambda&gt;10]" time="0.000431060791015625"><skipped message="Suite splitting in effect" type="pytest.skip">src/pymortests/vectorarray.py:264: Suite splitting in effect</skipped></testcase><testcase classname="src.pymortests.vectorarray" file="src/pymortests/vectorarray.py" line="264" name="test_append[compatible_vector_array_pair0-&lt;lambda&gt;11]" time="0.0003941059112548828"><skipped message="Suite splitting in effect" type="pytest.skip">src/pymortests/vectorarray.py:264: Suite splitting in effect</skipped></testcase><testcase classname="src.pymortests.vectorarray" file="src/pymortests/vectorarray.py" line="264" name="test_append[compatible_vector_array_pair0-&lt;lambda&gt;12]" time="0.00042510032653808594"><skipped message="Suite splitting in effect" type="pytest.skip">src/pymortests/vectorarray.py:264: Suite splitting in effect</skipped></testcase><testcase classname="src.pymortests.vectorarray" file="src/pymortests/vectorarray.py" line="264" name="test_append[compatible_vector_array_pair0-&lt;lambda&gt;13]" time="0.0003936290740966797"><skipped message="Suite splitting in effect" type="pytest.skip">src/pymortests/vectorarray.py:264: Suite splitting in effect</skipped></testcase><testcase classname="src.pymortests.vectorarray" file="src/pymortests/vectorarray.py" line="264" name="test_append[compatible_vector_array_pair0-&lt;lambda&gt;14]" time="0.0004515647888183594"><skipped message="Suite splitting in effect" type="pytest.skip">src/pymortests/vectorarray.py:264: Suite splitting in effect</skipped></testcase><testcase classname="src.pymortests.vectorarray" file="src/pymortests/vectorarray.py" line="264" name="test_append[compatible_vector_array_pair0-&lt;lambda&gt;15]" time="0.00040459632873535156"><skipped message="Suite splitting in effect" type="pytest.skip">src/pymortests/vectorarray.py:264: Suite splitting in effect</skipped></testcase><testcase classname="src.pymortests.vectorarray" file="src/pymortests/vectorarray.py" line="264" name="test_append[compatible_vector_array_pair0-&lt;lambda&gt;16]" time="0.00041031837463378906"><skipped message="Suite splitting in effect" type="pytest.skip">src/pymortests/vectorarray.py:264: Suite splitting in effect</skipped></testcase><testcase classname="src.pymortests.vectorarray" file="src/pymortests/vectorarray.py" line="264" name="test_append[compatible_vector_array_pair0-&lt;lambda&gt;17]" time="0.0004029273986816406"><skipped message="Suite splitting in effect" type="pytest.skip">src/pymortests/vectorarray.py:264: Suite splitting in effect</skipped></testcase><testcase classname="src.pymortests.vectorarray" file="src/pymortests/vectorarray.py" line="264" name="test_append[compatible_vector_array_pair0-&lt;lambda&gt;18]" time="0.00042700767517089844"><skipped message="Suite splitting in effect" type="pytest.skip">src/pymortests/vectorarray.py:264: Suite splitting in effect</skipped></testcase><testcase classname="src.pymortests.vectorarray" file="src/pymortests/vectorarray.py" line="264" name="test_append[compatible_vector_array_pair0-&lt;lambda&gt;19]" time="0.0004284381866455078"><skipped message="Suite splitting in effect" type="pytest.skip">src/pymortests/vectorarray.py:264: Suite splitting in effect</skipped></testcase><testcase classname="src.pymortests.vectorarray" file="src/pymortests/vectorarray.py" line="264" name="test_append[compatible_vector_array_pair0-&lt;lambda&gt;20]" time="0.0004336833953857422"><skipped message="Suite splitting in effect" type="pytest.skip">src/pymortests/vectorarray.py:264: Suite splitting in effect</skipped></testcase><testcase classname="src.pymortests.vectorarray" file="src/pymortests/vectorarray.py" line="264" name="test_append[compatible_vector_array_pair0-&lt;lambda&gt;21]" time="0.00043487548828125"><skipped message="Suite splitting in effect" type="pytest.skip">src/pymortests/vectorarray.py:264: Suite splitting in effect</skipped></testcase><testcase classname="src.pymortests.vectorarray" file="src/pymortests/vectorarray.py" line="264" name="test_append[compatible_vector_array_pair0-&lt;lambda&gt;22]" time="0.00043129920959472656"><skipped message="Suite splitting in effect" type="pytest.skip">src/pymortests/vectorarray.py:264: Suite splitting in effect</skipped></testcase><testcase classname="src.pymortests.vectorarray" file="src/pymortests/vectorarray.py" line="264" name="test_append[compatible_vector_array_pair0-&lt;lambda&gt;23]" time="0.00042557716369628906"><skipped message="Suite splitting in effect" type="pytest.skip">src/pymortests/vectorarray.py:264: Suite splitting in effect</skipped></testcase><testcase classname="src.pymortests.vectorarray" file="src/pymortests/vectorarray.py" line="264" name="test_append[compatible_vector_array_pair0-&lt;lambda&gt;24]" time="0.00043892860412597656"><skipped message="Suite splitting in effect" type="pytest.skip">src/pymortests/vectorarray.py:264: Suite splitting in effect</skipped></testcase><testcase classname="src.pymortests.vectorarray" file="src/pymortests/vectorarray.py" line="264" name="test_append[compatible_vector_array_pair0-&lt;lambda&gt;25]" time="0.0004398822784423828"><skipped message="Suite splitting in effect" type="pytest.skip">src/pymortests/vectorarray.py:264: Suite splitting in effect</skipped></testcase><testcase classname="src.pymortests.vectorarray" file="src/pymortests/vectorarray.py" line="264" name="test_append[compatible_vector_array_pair0-&lt;lambda&gt;26]" time="0.0004284381866455078"><skipped message="Suite splitting in effect" type="pytest.skip">src/pymortests/vectorarray.py:264: Suite splitting in effect</skipped></testcase><testcase classname="src.pymortests.vectorarray" file="src/pymortests/vectorarray.py" line="264" name="test_append[compatible_vector_array_pair0-&lt;lambda&gt;27]" time="0.0004329681396484375"><skipped message="Suite splitting in effect" type="pytest.skip">src/pymortests/vectorarray.py:264: Suite splitting in effect</skipped></testcase><testcase classname="src.pymortests.vectorarray" file="src/pymortests/vectorarray.py" line="264" name="test_append[compatible_vector_array_pair0-&lt;lambda&gt;28]" time="0.0004248619079589844"><skipped message="Suite splitting in effect" type="pytest.skip">src/pymortests/vectorarray.py:264: Suite splitting in effect</skipped></testcase><testcase classname="src.pymortests.vectorarray" file="src/pymortests/vectorarray.py" line="264" name="test_append[compatible_vector_array_pair0-&lt;lambda&gt;29]" time="0.0004687309265136719"><skipped message="Suite splitting in effect" type="pytest.skip">src/pymortests/vectorarray.py:264: Suite splitting in effect</skipped></testcase><testcase classname="src.pymortests.vectorarray" file="src/pymortests/vectorarray.py" line="264" name="test_append[compatible_vector_array_pair1-&lt;lambda&gt;0]" time="0.0004069805145263672"><skipped message="Suite splitting in effect" type="pytest.skip">src/pymortests/vectorarray.py:264: Suite splitting in effect</skipped></testcase><testcase classname="src.pymortests.vectorarray" file="src/pymortests/vectorarray.py" line="264" name="test_append[compatible_vector_array_pair1-&lt;lambda&gt;1]" time="0.0004050731658935547"><skipped message="Suite splitting in effect" type="pytest.skip">src/pymortests/vectorarray.py:264: Suite splitting in effect</skipped></testcase><testcase classname="src.pymortests.vectorarray" file="src/pymortests/vectorarray.py" line="264" name="test_append[compatible_vector_array_pair1-&lt;lambda&gt;2]" time="0.00042724609375"><skipped message="Suite splitting in effect" type="pytest.skip">src/pymortests/vectorarray.py:264: Suite splitting in effect</skipped></testcase><testcase classname="src.pymortests.vectorarray" file="src/pymortests/vectorarray.py" line="264" name="test_append[compatible_vector_array_pair1-&lt;lambda&gt;3]" time="0.0005776882171630859"><skipped message="Suite splitting in effect" type="pytest.skip">src/pymortests/vectorarray.py:264: Suite splitting in effect</skipped></testcase><testcase classname="src.pymortests.vectorarray" file="src/pymortests/vectorarray.py" line="264" name="test_append[compatible_vector_array_pair1-&lt;lambda&gt;4]" time="0.00042891502380371094"><skipped message="Suite splitting in effect" type="pytest.skip">src/pymortests/vectorarray.py:264: Suite splitting in effect</skipped></testcase><testcase classname="src.pymortests.vectorarray" file="src/pymortests/vectorarray.py" line="264" name="test_append[compatible_vector_array_pair1-&lt;lambda&gt;5]" time="0.000423431396484375"><skipped message="Suite splitting in effect" type="pytest.skip">src/pymortests/vectorarray.py:264: Suite splitting in effect</skipped></testcase><testcase classname="src.pymortests.vectorarray" file="src/pymortests/vectorarray.py" line="264" name="test_append[compatible_vector_array_pair1-&lt;lambda&gt;6]" time="0.0004277229309082031"><skipped message="Suite splitting in effect" type="pytest.skip">src/pymortests/vectorarray.py:264: Suite splitting in effect</skipped></testcase><testcase classname="src.pymortests.vectorarray" file="src/pymortests/vectorarray.py" line="264" name="test_append[compatible_vector_array_pair1-&lt;lambda&gt;7]" time="0.0004749298095703125"><skipped message="Suite splitting in effect" type="pytest.skip">src/pymortests/vectorarray.py:264: Suite splitting in effect</skipped></testcase><testcase classname="src.pymortests.vectorarray" file="src/pymortests/vectorarray.py" line="264" name="test_append[compatible_vector_array_pair1-&lt;lambda&gt;8]" time="0.00043201446533203125"><skipped message="Suite splitting in effect" type="pytest.skip">src/pymortests/vectorarray.py:264: Suite splitting in effect</skipped></testcase><testcase classname="src.pymortests.vectorarray" file="src/pymortests/vectorarray.py" line="264" name="test_append[compatible_vector_array_pair1-&lt;lambda&gt;9]" time="0.0005950927734375"><skipped message="Suite splitting in effect" type="pytest.skip">src/pymortests/vectorarray.py:264: Suite splitting in effect</skipped></testcase><testcase classname="src.pymortests.vectorarray" file="src/pymortests/vectorarray.py" line="264" name="test_append[compatible_vector_array_pair1-&lt;lambda&gt;10]" time="0.0006465911865234375"><skipped message="Suite splitting in effect" type="pytest.skip">src/pymortests/vectorarray.py:264: Suite splitting in effect</skipped></testcase><testcase classname="src.pymortests.vectorarray" file="src/pymortests/vectorarray.py" line="264" name="test_append[compatible_vector_array_pair1-&lt;lambda&gt;11]" time="0.00043845176696777344"><skipped message="Suite splitting in effect" type="pytest.skip">src/pymortests/vectorarray.py:264: Suite splitting in effect</skipped></testcase><testcase classname="src.pymortests.vectorarray" file="src/pymortests/vectorarray.py" line="264" name="test_append[compatible_vector_array_pair1-&lt;lambda&gt;12]" time="0.00044083595275878906"><skipped message="Suite splitting in effect" type="pytest.skip">src/pymortests/vectorarray.py:264: Suite splitting in effect</skipped></testcase><testcase classname="src.pymortests.vectorarray" file="src/pymortests/vectorarray.py" line="264" name="test_append[compatible_vector_array_pair1-&lt;lambda&gt;13]" time="0.00043582916259765625"><skipped message="Suite splitting in effect" type="pytest.skip">src/pymortests/vectorarray.py:264: Suite splitting in effect</skipped></testcase><testcase classname="src.pymortests.vectorarray" file="src/pymortests/vectorarray.py" line="264" name="test_append[compatible_vector_array_pair1-&lt;lambda&gt;14]" time="0.0004200935363769531"><skipped message="Suite splitting in effect" type="pytest.skip">src/pymortests/vectorarray.py:264: Suite splitting in effect</skipped></testcase><testcase classname="src.pymortests.vectorarray" file="src/pymortests/vectorarray.py" line="264" name="test_append[compatible_vector_array_pair1-&lt;lambda&gt;15]" time="0.00043129920959472656"><skipped message="Suite splitting in effect" type="pytest.skip">src/pymortests/vectorarray.py:264: Suite splitting in effect</skipped></testcase><testcase classname="src.pymortests.vectorarray" file="src/pymortests/vectorarray.py" line="264" name="test_append[compatible_vector_array_pair1-&lt;lambda&gt;16]" time="0.00042724609375"><skipped message="Suite splitting in effect" type="pytest.skip">src/pymortests/vectorarray.py:264: Suite splitting in effect</skipped></testcase><testcase classname="src.pymortests.vectorarray" file="src/pymortests/vectorarray.py" line="264" name="test_append[compatible_vector_array_pair1-&lt;lambda&gt;17]" time="0.0003993511199951172"><skipped message="Suite splitting in effect" type="pytest.skip">src/pymortests/vectorarray.py:264: Suite splitting in effect</skipped></testcase><testcase classname="src.pymortests.vectorarray" file="src/pymortests/vectorarray.py" line="264" name="test_append[compatible_vector_array_pair1-&lt;lambda&gt;18]" time="0.000396728515625"><skipped message="Suite splitting in effect" type="pytest.skip">src/pymortests/vectorarray.py:264: Suite splitting in effect</skipped></testcase><testcase classname="src.pymortests.vectorarray" file="src/pymortests/vectorarray.py" line="264" name="test_append[compatible_vector_array_pair1-&lt;lambda&gt;19]" time="0.0004239082336425781"><skipped message="Suite splitting in effect" type="pytest.skip">src/pymortests/vectorarray.py:264: Suite splitting in effect</skipped></testcase><testcase classname="src.pymortests.vectorarray" file="src/pymortests/vectorarray.py" line="264" name="test_append[compatible_vector_array_pair1-&lt;lambda&gt;20]" time="0.00041866302490234375"><skipped message="Suite splitting in effect" type="pytest.skip">src/pymortests/vectorarray.py:264: Suite splitting in effect</skipped></testcase><testcase classname="src.pymortests.vectorarray" file="src/pymortests/vectorarray.py" line="264" name="test_append[compatible_vector_array_pair1-&lt;lambda&gt;21]" time="0.0004532337188720703"><skipped message="Suite splitting in effect" type="pytest.skip">src/pymortests/vectorarray.py:264: Suite splitting in effect</skipped></testcase><testcase classname="src.pymortests.vectorarray" file="src/pymortests/vectorarray.py" line="264" name="test_append[compatible_vector_array_pair1-&lt;lambda&gt;22]" time="0.0003979206085205078"><skipped message="Suite splitting in effect" type="pytest.skip">src/pymortests/vectorarray.py:264: Suite splitting in effect</skipped></testcase><testcase classname="src.pymortests.vectorarray" file="src/pymortests/vectorarray.py" line="264" name="test_append[compatible_vector_array_pair1-&lt;lambda&gt;23]" time="0.00039076805114746094"><skipped message="Suite splitting in effect" type="pytest.skip">src/pymortests/vectorarray.py:264: Suite splitting in effect</skipped></testcase><testcase classname="src.pymortests.vectorarray" file="src/pymortests/vectorarray.py" line="264" name="test_append[compatible_vector_array_pair1-&lt;lambda&gt;24]" time="0.0003981590270996094"><skipped message="Suite splitting in effect" type="pytest.skip">src/pymortests/vectorarray.py:264: Suite splitting in effect</skipped></testcase><testcase classname="src.pymortests.vectorarray" file="src/pymortests/vectorarray.py" line="264" name="test_append[compatible_vector_array_pair1-&lt;lambda&gt;25]" time="0.0003962516784667969"><skipped message="Suite splitting in effect" type="pytest.skip">src/pymortests/vectorarray.py:264: Suite splitting in effect</skipped></testcase><testcase classname="src.pymortests.vectorarray" file="src/pymortests/vectorarray.py" line="264" name="test_append[compatible_vector_array_pair1-&lt;lambda&gt;26]" time="0.0003960132598876953"><skipped message="Suite splitting in effect" type="pytest.skip">src/pymortests/vectorarray.py:264: Suite splitting in effect</skipped></testcase><testcase classname="src.pymortests.vectorarray" file="src/pymortests/vectorarray.py" line="264" name="test_append[compatible_vector_array_pair1-&lt;lambda&gt;27]" time="0.00039076805114746094"><skipped message="Suite splitting in effect" type="pytest.skip">src/pymortests/vectorarray.py:264: Suite splitting in effect</skipped></testcase><testcase classname="src.pymortests.vectorarray" file="src/pymortests/vectorarray.py" line="264" name="test_append[compatible_vector_array_pair1-&lt;lambda&gt;28]" time="0.00040078163146972656"><skipped message="Suite splitting in effect" type="pytest.skip">src/pymortests/vectorarray.py:264: Suite splitting in effect</skipped></testcase><testcase classname="src.pymortests.vectorarray" file="src/pymortests/vectorarray.py" line="264" name="test_append[compatible_vector_array_pair1-&lt;lambda&gt;29]" time="0.0004229545593261719"><skipped message="Suite splitting in effect" type="pytest.skip">src/pymortests/vectorarray.py:264: Suite splitting in effect</skipped></testcase><testcase classname="src.pymortests.vectorarray" file="src/pymortests/vectorarray.py" line="264" name="test_append[compatible_vector_array_pair2-&lt;lambda&gt;0]" time="0.0004127025604248047"><skipped message="Suite splitting in effect" type="pytest.skip">src/pymortests/vectorarray.py:264: Suite splitting in effect</skipped></testcase><testcase classname="src.pymortests.vectorarray" file="src/pymortests/vectorarray.py" line="264" name="test_append[compatible_vector_array_pair2-&lt;lambda&gt;1]" time="0.0003902912139892578"><skipped message="Suite splitting in effect" type="pytest.skip">src/pymortests/vectorarray.py:264: Suite splitting in effect</skipped></testcase><testcase classname="src.pymortests.vectorarray" file="src/pymortests/vectorarray.py" line="264" name="test_append[compatible_vector_array_pair2-&lt;lambda&gt;2]" time="0.0003986358642578125"><skipped message="Suite splitting in effect" type="pytest.skip">src/pymortests/vectorarray.py:264: Suite splitting in effect</skipped></testcase><testcase classname="src.pymortests.vectorarray" file="src/pymortests/vectorarray.py" line="264" name="test_append[compatible_vector_array_pair2-&lt;lambda&gt;3]" time="0.0003962516784667969"><skipped message="Suite splitting in effect" type="pytest.skip">src/pymortests/vectorarray.py:264: Suite splitting in effect</skipped></testcase><testcase classname="src.pymortests.vectorarray" file="src/pymortests/vectorarray.py" line="264" name="test_append[compatible_vector_array_pair2-&lt;lambda&gt;4]" time="0.00044608116149902344"><skipped message="Suite splitting in effect" type="pytest.skip">src/pymortests/vectorarray.py:264: Suite splitting in effect</skipped></testcase><testcase classname="src.pymortests.vectorarray" file="src/pymortests/vectorarray.py" line="264" name="test_append[compatible_vector_array_pair2-&lt;lambda&gt;5]" time="0.00040340423583984375"><skipped message="Suite splitting in effect" type="pytest.skip">src/pymortests/vectorarray.py:264: Suite splitting in effect</skipped></testcase><testcase classname="src.pymortests.vectorarray" file="src/pymortests/vectorarray.py" line="264" name="test_append[compatible_vector_array_pair2-&lt;lambda&gt;6]" time="0.0003986358642578125"><skipped message="Suite splitting in effect" type="pytest.skip">src/pymortests/vectorarray.py:264: Suite splitting in effect</skipped></testcase><testcase classname="src.pymortests.vectorarray" file="src/pymortests/vectorarray.py" line="264" name="test_append[compatible_vector_array_pair2-&lt;lambda&gt;7]" time="0.00039005279541015625"><skipped message="Suite splitting in effect" type="pytest.skip">src/pymortests/vectorarray.py:264: Suite splitting in effect</skipped></testcase><testcase classname="src.pymortests.vectorarray" file="src/pymortests/vectorarray.py" line="264" name="test_append[compatible_vector_array_pair2-&lt;lambda&gt;8]" time="0.00040149688720703125"><skipped message="Suite splitting in effect" type="pytest.skip">src/pymortests/vectorarray.py:264: Suite splitting in effect</skipped></testcase><testcase classname="src.pymortests.vectorarray" file="src/pymortests/vectorarray.py" line="264" name="test_append[compatible_vector_array_pair2-&lt;lambda&gt;9]" time="0.0004420280456542969"><skipped message="Suite splitting in effect" type="pytest.skip">src/pymortests/vectorarray.py:264: Suite splitting in effect</skipped></testcase><testcase classname="src.pymortests.vectorarray" file="src/pymortests/vectorarray.py" line="264" name="test_append[compatible_vector_array_pair2-&lt;lambda&gt;10]" time="0.0004124641418457031"><skipped message="Suite splitting in effect" type="pytest.skip">src/pymortests/vectorarray.py:264: Suite splitting in effect</skipped></testcase><testcase classname="src.pymortests.vectorarray" file="src/pymortests/vectorarray.py" line="264" name="test_append[compatible_vector_array_pair2-&lt;lambda&gt;11]" time="0.00047206878662109375"><skipped message="Suite splitting in effect" type="pytest.skip">src/pymortests/vectorarray.py:264: Suite splitting in effect</skipped></testcase><testcase classname="src.pymortests.vectorarray" file="src/pymortests/vectorarray.py" line="264" name="test_append[compatible_vector_array_pair2-&lt;lambda&gt;12]" time="0.0005452632904052734"><skipped message="Suite splitting in effect" type="pytest.skip">src/pymortests/vectorarray.py:264: Suite splitting in effect</skipped></testcase><testcase classname="src.pymortests.vectorarray" file="src/pymortests/vectorarray.py" line="264" name="test_append[compatible_vector_array_pair2-&lt;lambda&gt;13]" time="0.0004162788391113281"><skipped message="Suite splitting in effect" type="pytest.skip">src/pymortests/vectorarray.py:264: Suite splitting in effect</skipped></testcase><testcase classname="src.pymortests.vectorarray" file="src/pymortests/vectorarray.py" line="264" name="test_append[compatible_vector_array_pair2-&lt;lambda&gt;14]" time="0.0004506111145019531"><skipped message="Suite splitting in effect" type="pytest.skip">src/pymortests/vectorarray.py:264: Suite splitting in effect</skipped></testcase><testcase classname="src.pymortests.vectorarray" file="src/pymortests/vectorarray.py" line="264" name="test_append[compatible_vector_array_pair2-&lt;lambda&gt;15]" time="0.00043201446533203125"><skipped message="Suite splitting in effect" type="pytest.skip">src/pymortests/vectorarray.py:264: Suite splitting in effect</skipped></testcase><testcase classname="src.pymortests.vectorarray" file="src/pymortests/vectorarray.py" line="264" name="test_append[compatible_vector_array_pair2-&lt;lambda&gt;16]" time="0.00045943260192871094"><skipped message="Suite splitting in effect" type="pytest.skip">src/pymortests/vectorarray.py:264: Suite splitting in effect</skipped></testcase><testcase classname="src.pymortests.vectorarray" file="src/pymortests/vectorarray.py" line="264" name="test_append[compatible_vector_array_pair2-&lt;lambda&gt;17]" time="0.0004057884216308594"><skipped message="Suite splitting in effect" type="pytest.skip">src/pymortests/vectorarray.py:264: Suite splitting in effect</skipped></testcase><testcase classname="src.pymortests.vectorarray" file="src/pymortests/vectorarray.py" line="264" name="test_append[compatible_vector_array_pair2-&lt;lambda&gt;18]" time="0.0004291534423828125"><skipped message="Suite splitting in effect" type="pytest.skip">src/pymortests/vectorarray.py:264: Suite splitting in effect</skipped></testcase><testcase classname="src.pymortests.vectorarray" file="src/pymortests/vectorarray.py" line="264" name="test_append[compatible_vector_array_pair2-&lt;lambda&gt;19]" time="0.0004782676696777344"><skipped message="Suite splitting in effect" type="pytest.skip">src/pymortests/vectorarray.py:264: Suite splitting in effect</skipped></testcase><testcase classname="src.pymortests.vectorarray" file="src/pymortests/vectorarray.py" line="264" name="test_append[compatible_vector_array_pair2-&lt;lambda&gt;20]" time="0.0004038810729980469"><skipped message="Suite splitting in effect" type="pytest.skip">src/pymortests/vectorarray.py:264: Suite splitting in effect</skipped></testcase><testcase classname="src.pymortests.vectorarray" file="src/pymortests/vectorarray.py" line="264" name="test_append[compatible_vector_array_pair2-&lt;lambda&gt;21]" time="0.00047969818115234375"><skipped message="Suite splitting in effect" type="pytest.skip">src/pymortests/vectorarray.py:264: Suite splitting in effect</skipped></testcase><testcase classname="src.pymortests.vectorarray" file="src/pymortests/vectorarray.py" line="264" name="test_append[compatible_vector_array_pair2-&lt;lambda&gt;22]" time="0.00041604042053222656"><skipped message="Suite splitting in effect" type="pytest.skip">src/pymortests/vectorarray.py:264: Suite splitting in effect</skipped></testcase><testcase classname="src.pymortests.vectorarray" file="src/pymortests/vectorarray.py" line="264" name="test_append[compatible_vector_array_pair2-&lt;lambda&gt;23]" time="0.00042176246643066406"><skipped message="Suite splitting in effect" type="pytest.skip">src/pymortests/vectorarray.py:264: Suite splitting in effect</skipped></testcase><testcase classname="src.pymortests.vectorarray" file="src/pymortests/vectorarray.py" line="264" name="test_append[compatible_vector_array_pair2-&lt;lambda&gt;24]" time="0.0004947185516357422"><skipped message="Suite splitting in effect" type="pytest.skip">src/pymortests/vectorarray.py:264: Suite splitting in effect</skipped></testcase><testcase classname="src.pymortests.vectorarray" file="src/pymortests/vectorarray.py" line="264" name="test_append[compatible_vector_array_pair2-&lt;lambda&gt;25]" time="0.0004100799560546875"><skipped message="Suite splitting in effect" type="pytest.skip">src/pymortests/vectorarray.py:264: Suite splitting in effect</skipped></testcase><testcase classname="src.pymortests.vectorarray" file="src/pymortests/vectorarray.py" line="264" name="test_append[compatible_vector_array_pair2-&lt;lambda&gt;26]" time="0.0004355907440185547"><skipped message="Suite splitting in effect" type="pytest.skip">src/pymortests/vectorarray.py:264: Suite splitting in effect</skipped></testcase><testcase classname="src.pymortests.vectorarray" file="src/pymortests/vectorarray.py" line="264" name="test_append[compatible_vector_array_pair2-&lt;lambda&gt;27]" time="0.00040340423583984375"><skipped message="Suite splitting in effect" type="pytest.skip">src/pymortests/vectorarray.py:264: Suite splitting in effect</skipped></testcase><testcase classname="src.pymortests.vectorarray" file="src/pymortests/vectorarray.py" line="264" name="test_append[compatible_vector_array_pair2-&lt;lambda&gt;28]" time="0.0004489421844482422"><skipped message="Suite splitting in effect" type="pytest.skip">src/pymortests/vectorarray.py:264: Suite splitting in effect</skipped></testcase><testcase classname="src.pymortests.vectorarray" file="src/pymortests/vectorarray.py" line="264" name="test_append[compatible_vector_array_pair2-&lt;lambda&gt;29]" time="0.0007662773132324219"><skipped message="Suite splitting in effect" type="pytest.skip">src/pymortests/vectorarray.py:264: Suite splitting in effect</skipped></testcase><testcase classname="src.pymortests.vectorarray" file="src/pymortests/vectorarray.py" line="264" name="test_append[compatible_vector_array_pair3-&lt;lambda&gt;0]" time="0.0004086494445800781"><skipped message="Suite splitting in effect" type="pytest.skip">src/pymortests/vectorarray.py:264: Suite splitting in effect</skipped></testcase><testcase classname="src.pymortests.vectorarray" file="src/pymortests/vectorarray.py" line="264" name="test_append[compatible_vector_array_pair3-&lt;lambda&gt;1]" time="0.00046563148498535156"><skipped message="Suite splitting in effect" type="pytest.skip">src/pymortests/vectorarray.py:264: Suite splitting in effect</skipped></testcase><testcase classname="src.pymortests.vectorarray" file="src/pymortests/vectorarray.py" line="264" name="test_append[compatible_vector_array_pair3-&lt;lambda&gt;2]" time="0.0005671977996826172"><skipped message="Suite splitting in effect" type="pytest.skip">src/pymortests/vectorarray.py:264: Suite splitting in effect</skipped></testcase><testcase classname="src.pymortests.vectorarray" file="src/pymortests/vectorarray.py" line="264" name="test_append[compatible_vector_array_pair3-&lt;lambda&gt;3]" time="0.0004355907440185547"><skipped message="Suite splitting in effect" type="pytest.skip">src/pymortests/vectorarray.py:264: Suite splitting in effect</skipped></testcase><testcase classname="src.pymortests.vectorarray" file="src/pymortests/vectorarray.py" line="264" name="test_append[compatible_vector_array_pair3-&lt;lambda&gt;4]" time="0.0004696846008300781"><skipped message="Suite splitting in effect" type="pytest.skip">src/pymortests/vectorarray.py:264: Suite splitting in effect</skipped></testcase><testcase classname="src.pymortests.vectorarray" file="src/pymortests/vectorarray.py" line="264" name="test_append[compatible_vector_array_pair3-&lt;lambda&gt;5]" time="0.00042700767517089844"><skipped message="Suite splitting in effect" type="pytest.skip">src/pymortests/vectorarray.py:264: Suite splitting in effect</skipped></testcase><testcase classname="src.pymortests.vectorarray" file="src/pymortests/vectorarray.py" line="264" name="test_append[compatible_vector_array_pair3-&lt;lambda&gt;6]" time="0.00045371055603027344"><skipped message="Suite splitting in effect" type="pytest.skip">src/pymortests/vectorarray.py:264: Suite splitting in effect</skipped></testcase><testcase classname="src.pymortests.vectorarray" file="src/pymortests/vectorarray.py" line="264" name="test_append[compatible_vector_array_pair3-&lt;lambda&gt;7]" time="0.0004246234893798828"><skipped message="Suite splitting in effect" type="pytest.skip">src/pymortests/vectorarray.py:264: Suite splitting in effect</skipped></testcase><testcase classname="src.pymortests.vectorarray" file="src/pymortests/vectorarray.py" line="264" name="test_append[compatible_vector_array_pair3-&lt;lambda&gt;8]" time="0.00043654441833496094"><skipped message="Suite splitting in effect" type="pytest.skip">src/pymortests/vectorarray.py:264: Suite splitting in effect</skipped></testcase><testcase classname="src.pymortests.vectorarray" file="src/pymortests/vectorarray.py" line="264" name="test_append[compatible_vector_array_pair3-&lt;lambda&gt;9]" time="0.000423431396484375"><skipped message="Suite splitting in effect" type="pytest.skip">src/pymortests/vectorarray.py:264: Suite splitting in effect</skipped></testcase><testcase classname="src.pymortests.vectorarray" file="src/pymortests/vectorarray.py" line="264" name="test_append[compatible_vector_array_pair3-&lt;lambda&gt;10]" time="0.00043082237243652344"><skipped message="Suite splitting in effect" type="pytest.skip">src/pymortests/vectorarray.py:264: Suite splitting in effect</skipped></testcase><testcase classname="src.pymortests.vectorarray" file="src/pymortests/vectorarray.py" line="264" name="test_append[compatible_vector_array_pair3-&lt;lambda&gt;11]" time="0.0004849433898925781"><skipped message="Suite splitting in effect" type="pytest.skip">src/pymortests/vectorarray.py:264: Suite splitting in effect</skipped></testcase><testcase classname="src.pymortests.vectorarray" file="src/pymortests/vectorarray.py" line="264" name="test_append[compatible_vector_array_pair3-&lt;lambda&gt;12]" time="0.00040411949157714844"><skipped message="Suite splitting in effect" type="pytest.skip">src/pymortests/vectorarray.py:264: Suite splitting in effect</skipped></testcase><testcase classname="src.pymortests.vectorarray" file="src/pymortests/vectorarray.py" line="264" name="test_append[compatible_vector_array_pair3-&lt;lambda&gt;13]" time="0.00044655799865722656"><skipped message="Suite splitting in effect" type="pytest.skip">src/pymortests/vectorarray.py:264: Suite splitting in effect</skipped></testcase><testcase classname="src.pymortests.vectorarray" file="src/pymortests/vectorarray.py" line="264" name="test_append[compatible_vector_array_pair3-&lt;lambda&gt;14]" time="0.0004355907440185547"><skipped message="Suite splitting in effect" type="pytest.skip">src/pymortests/vectorarray.py:264: Suite splitting in effect</skipped></testcase><testcase classname="src.pymortests.vectorarray" file="src/pymortests/vectorarray.py" line="264" name="test_append[compatible_vector_array_pair3-&lt;lambda&gt;15]" time="0.0004096031188964844"><skipped message="Suite splitting in effect" type="pytest.skip">src/pymortests/vectorarray.py:264: Suite splitting in effect</skipped></testcase><testcase classname="src.pymortests.vectorarray" file="src/pymortests/vectorarray.py" line="264" name="test_append[compatible_vector_array_pair3-&lt;lambda&gt;16]" time="0.000400543212890625"><skipped message="Suite splitting in effect" type="pytest.skip">src/pymortests/vectorarray.py:264: Suite splitting in effect</skipped></testcase><testcase classname="src.pymortests.vectorarray" file="src/pymortests/vectorarray.py" line="264" name="test_append[compatible_vector_array_pair3-&lt;lambda&gt;17]" time="0.0004210472106933594"><skipped message="Suite splitting in effect" type="pytest.skip">src/pymortests/vectorarray.py:264: Suite splitting in effect</skipped></testcase><testcase classname="src.pymortests.vectorarray" file="src/pymortests/vectorarray.py" line="264" name="test_append[compatible_vector_array_pair3-&lt;lambda&gt;18]" time="0.0004329681396484375"><skipped message="Suite splitting in effect" type="pytest.skip">src/pymortests/vectorarray.py:264: Suite splitting in effect</skipped></testcase><testcase classname="src.pymortests.vectorarray" file="src/pymortests/vectorarray.py" line="264" name="test_append[compatible_vector_array_pair3-&lt;lambda&gt;19]" time="0.00042891502380371094"><skipped message="Suite splitting in effect" type="pytest.skip">src/pymortests/vectorarray.py:264: Suite splitting in effect</skipped></testcase><testcase classname="src.pymortests.vectorarray" file="src/pymortests/vectorarray.py" line="264" name="test_append[compatible_vector_array_pair3-&lt;lambda&gt;20]" time="0.00039577484130859375"><skipped message="Suite splitting in effect" type="pytest.skip">src/pymortests/vectorarray.py:264: Suite splitting in effect</skipped></testcase><testcase classname="src.pymortests.vectorarray" file="src/pymortests/vectorarray.py" line="264" name="test_append[compatible_vector_array_pair3-&lt;lambda&gt;21]" time="0.00045990943908691406"><skipped message="Suite splitting in effect" type="pytest.skip">src/pymortests/vectorarray.py:264: Suite splitting in effect</skipped></testcase><testcase classname="src.pymortests.vectorarray" file="src/pymortests/vectorarray.py" line="264" name="test_append[compatible_vector_array_pair3-&lt;lambda&gt;22]" time="0.0004024505615234375"><skipped message="Suite splitting in effect" type="pytest.skip">src/pymortests/vectorarray.py:264: Suite splitting in effect</skipped></testcase><testcase classname="src.pymortests.vectorarray" file="src/pymortests/vectorarray.py" line="264" name="test_append[compatible_vector_array_pair3-&lt;lambda&gt;23]" time="0.0004215240478515625"><skipped message="Suite splitting in effect" type="pytest.skip">src/pymortests/vectorarray.py:264: Suite splitting in effect</skipped></testcase><testcase classname="src.pymortests.vectorarray" file="src/pymortests/vectorarray.py" line="264" name="test_append[compatible_vector_array_pair3-&lt;lambda&gt;24]" time="0.00044226646423339844"><skipped message="Suite splitting in effect" type="pytest.skip">src/pymortests/vectorarray.py:264: Suite splitting in effect</skipped></testcase><testcase classname="src.pymortests.vectorarray" file="src/pymortests/vectorarray.py" line="264" name="test_append[compatible_vector_array_pair3-&lt;lambda&gt;25]" time="0.000400543212890625"><skipped message="Suite splitting in effect" type="pytest.skip">src/pymortests/vectorarray.py:264: Suite splitting in effect</skipped></testcase><testcase classname="src.pymortests.vectorarray" file="src/pymortests/vectorarray.py" line="264" name="test_append[compatible_vector_array_pair3-&lt;lambda&gt;26]" time="0.0004911422729492188"><skipped message="Suite splitting in effect" type="pytest.skip">src/pymortests/vectorarray.py:264: Suite splitting in effect</skipped></testcase><testcase classname="src.pymortests.vectorarray" file="src/pymortests/vectorarray.py" line="264" name="test_append[compatible_vector_array_pair3-&lt;lambda&gt;27]" time="0.0004584789276123047"><skipped message="Suite splitting in effect" type="pytest.skip">src/pymortests/vectorarray.py:264: Suite splitting in effect</skipped></testcase><testcase classname="src.pymortests.vectorarray" file="src/pymortests/vectorarray.py" line="264" name="test_append[compatible_vector_array_pair3-&lt;lambda&gt;28]" time="0.00039768218994140625"><skipped message="Suite splitting in effect" type="pytest.skip">src/pymortests/vectorarray.py:264: Suite splitting in effect</skipped></testcase><testcase classname="src.pymortests.vectorarray" file="src/pymortests/vectorarray.py" line="264" name="test_append[compatible_vector_array_pair3-&lt;lambda&gt;29]" time="0.0005309581756591797"><skipped message="Suite splitting in effect" type="pytest.skip">src/pymortests/vectorarray.py:264: Suite splitting in effect</skipped></testcase><testcase classname="src.pymortests.vectorarray" file="src/pymortests/vectorarray.py" line="264" name="test_append[compatible_vector_array_pair4-&lt;lambda&gt;0]" time="0.0004284381866455078"><skipped message="Suite splitting in effect" type="pytest.skip">src/pymortests/vectorarray.py:264: Suite splitting in effect</skipped></testcase><testcase classname="src.pymortests.vectorarray" file="src/pymortests/vectorarray.py" line="264" name="test_append[compatible_vector_array_pair4-&lt;lambda&gt;1]" time="0.00040149688720703125"><skipped message="Suite splitting in effect" type="pytest.skip">src/pymortests/vectorarray.py:264: Suite splitting in effect</skipped></testcase><testcase classname="src.pymortests.vectorarray" file="src/pymortests/vectorarray.py" line="264" name="test_append[compatible_vector_array_pair4-&lt;lambda&gt;2]" time="0.0004305839538574219"><skipped message="Suite splitting in effect" type="pytest.skip">src/pymortests/vectorarray.py:264: Suite splitting in effect</skipped></testcase><testcase classname="src.pymortests.vectorarray" file="src/pymortests/vectorarray.py" line="264" name="test_append[compatible_vector_array_pair4-&lt;lambda&gt;3]" time="0.00046372413635253906"><skipped message="Suite splitting in effect" type="pytest.skip">src/pymortests/vectorarray.py:264: Suite splitting in effect</skipped></testcase><testcase classname="src.pymortests.vectorarray" file="src/pymortests/vectorarray.py" line="264" name="test_append[compatible_vector_array_pair4-&lt;lambda&gt;4]" time="0.0005064010620117188"><skipped message="Suite splitting in effect" type="pytest.skip">src/pymortests/vectorarray.py:264: Suite splitting in effect</skipped></testcase><testcase classname="src.pymortests.vectorarray" file="src/pymortests/vectorarray.py" line="264" name="test_append[compatible_vector_array_pair4-&lt;lambda&gt;5]" time="0.0005583763122558594"><skipped message="Suite splitting in effect" type="pytest.skip">src/pymortests/vectorarray.py:264: Suite splitting in effect</skipped></testcase><testcase classname="src.pymortests.vectorarray" file="src/pymortests/vectorarray.py" line="264" name="test_append[compatible_vector_array_pair4-&lt;lambda&gt;6]" time="0.000438690185546875"><skipped message="Suite splitting in effect" type="pytest.skip">src/pymortests/vectorarray.py:264: Suite splitting in effect</skipped></testcase><testcase classname="src.pymortests.vectorarray" file="src/pymortests/vectorarray.py" line="264" name="test_append[compatible_vector_array_pair4-&lt;lambda&gt;7]" time="0.000408172607421875"><skipped message="Suite splitting in effect" type="pytest.skip">src/pymortests/vectorarray.py:264: Suite splitting in effect</skipped></testcase><testcase classname="src.pymortests.vectorarray" file="src/pymortests/vectorarray.py" line="264" name="test_append[compatible_vector_array_pair4-&lt;lambda&gt;8]" time="0.00046133995056152344"><skipped message="Suite splitting in effect" type="pytest.skip">src/pymortests/vectorarray.py:264: Suite splitting in effect</skipped></testcase><testcase classname="src.pymortests.vectorarray" file="src/pymortests/vectorarray.py" line="264" name="test_append[compatible_vector_array_pair4-&lt;lambda&gt;9]" time="0.0006492137908935547"><skipped message="Suite splitting in effect" type="pytest.skip">src/pymortests/vectorarray.py:264: Suite splitting in effect</skipped></testcase><testcase classname="src.pymortests.vectorarray" file="src/pymortests/vectorarray.py" line="264" name="test_append[compatible_vector_array_pair4-&lt;lambda&gt;10]" time="0.0004317760467529297"><skipped message="Suite splitting in effect" type="pytest.skip">src/pymortests/vectorarray.py:264: Suite splitting in effect</skipped></testcase><testcase classname="src.pymortests.vectorarray" file="src/pymortests/vectorarray.py" line="264" name="test_append[compatible_vector_array_pair4-&lt;lambda&gt;11]" time="0.00043129920959472656"><skipped message="Suite splitting in effect" type="pytest.skip">src/pymortests/vectorarray.py:264: Suite splitting in effect</skipped></testcase><testcase classname="src.pymortests.vectorarray" file="src/pymortests/vectorarray.py" line="264" name="test_append[compatible_vector_array_pair4-&lt;lambda&gt;12]" time="0.0004112720489501953"><skipped message="Suite splitting in effect" type="pytest.skip">src/pymortests/vectorarray.py:264: Suite splitting in effect</skipped></testcase><testcase classname="src.pymortests.vectorarray" file="src/pymortests/vectorarray.py" line="264" name="test_append[compatible_vector_array_pair4-&lt;lambda&gt;13]" time="0.00040411949157714844"><skipped message="Suite splitting in effect" type="pytest.skip">src/pymortests/vectorarray.py:264: Suite splitting in effect</skipped></testcase><testcase classname="src.pymortests.vectorarray" file="src/pymortests/vectorarray.py" line="264" name="test_append[compatible_vector_array_pair4-&lt;lambda&gt;14]" time="0.0004353523254394531"><skipped message="Suite splitting in effect" type="pytest.skip">src/pymortests/vectorarray.py:264: Suite splitting in effect</skipped></testcase><testcase classname="src.pymortests.vectorarray" file="src/pymortests/vectorarray.py" line="264" name="test_append[compatible_vector_array_pair4-&lt;lambda&gt;15]" time="0.00040602684020996094"><skipped message="Suite splitting in effect" type="pytest.skip">src/pymortests/vectorarray.py:264: Suite splitting in effect</skipped></testcase><testcase classname="src.pymortests.vectorarray" file="src/pymortests/vectorarray.py" line="264" name="test_append[compatible_vector_array_pair4-&lt;lambda&gt;16]" time="0.0004565715789794922"><skipped message="Suite splitting in effect" type="pytest.skip">src/pymortests/vectorarray.py:264: Suite splitting in effect</skipped></testcase><testcase classname="src.pymortests.vectorarray" file="src/pymortests/vectorarray.py" line="264" name="test_append[compatible_vector_array_pair4-&lt;lambda&gt;17]" time="0.00042438507080078125"><skipped message="Suite splitting in effect" type="pytest.skip">src/pymortests/vectorarray.py:264: Suite splitting in effect</skipped></testcase><testcase classname="src.pymortests.vectorarray" file="src/pymortests/vectorarray.py" line="264" name="test_append[compatible_vector_array_pair4-&lt;lambda&gt;18]" time="0.0004031658172607422"><skipped message="Suite splitting in effect" type="pytest.skip">src/pymortests/vectorarray.py:264: Suite splitting in effect</skipped></testcase><testcase classname="src.pymortests.vectorarray" file="src/pymortests/vectorarray.py" line="264" name="test_append[compatible_vector_array_pair4-&lt;lambda&gt;19]" time="0.00041937828063964844"><skipped message="Suite splitting in effect" type="pytest.skip">src/pymortests/vectorarray.py:264: Suite splitting in effect</skipped></testcase><testcase classname="src.pymortests.vectorarray" file="src/pymortests/vectorarray.py" line="264" name="test_append[compatible_vector_array_pair4-&lt;lambda&gt;20]" time="0.00041294097900390625"><skipped message="Suite splitting in effect" type="pytest.skip">src/pymortests/vectorarray.py:264: Suite splitting in effect</skipped></testcase><testcase classname="src.pymortests.vectorarray" file="src/pymortests/vectorarray.py" line="264" name="test_append[compatible_vector_array_pair4-&lt;lambda&gt;21]" time="0.00044155120849609375"><skipped message="Suite splitting in effect" type="pytest.skip">src/pymortests/vectorarray.py:264: Suite splitting in effect</skipped></testcase><testcase classname="src.pymortests.vectorarray" file="src/pymortests/vectorarray.py" line="264" name="test_append[compatible_vector_array_pair4-&lt;lambda&gt;22]" time="0.00042724609375"><skipped message="Suite splitting in effect" type="pytest.skip">src/pymortests/vectorarray.py:264: Suite splitting in effect</skipped></testcase><testcase classname="src.pymortests.vectorarray" file="src/pymortests/vectorarray.py" line="264" name="test_append[compatible_vector_array_pair4-&lt;lambda&gt;23]" time="0.0004963874816894531"><skipped message="Suite splitting in effect" type="pytest.skip">src/pymortests/vectorarray.py:264: Suite splitting in effect</skipped></testcase><testcase classname="src.pymortests.vectorarray" file="src/pymortests/vectorarray.py" line="264" name="test_append[compatible_vector_array_pair4-&lt;lambda&gt;24]" time="0.0004482269287109375"><skipped message="Suite splitting in effect" type="pytest.skip">src/pymortests/vectorarray.py:264: Suite splitting in effect</skipped></testcase><testcase classname="src.pymortests.vectorarray" file="src/pymortests/vectorarray.py" line="264" name="test_append[compatible_vector_array_pair4-&lt;lambda&gt;25]" time="0.0004963874816894531"><skipped message="Suite splitting in effect" type="pytest.skip">src/pymortests/vectorarray.py:264: Suite splitting in effect</skipped></testcase><testcase classname="src.pymortests.vectorarray" file="src/pymortests/vectorarray.py" line="264" name="test_append[compatible_vector_array_pair4-&lt;lambda&gt;26]" time="0.0004661083221435547"><skipped message="Suite splitting in effect" type="pytest.skip">src/pymortests/vectorarray.py:264: Suite splitting in effect</skipped></testcase><testcase classname="src.pymortests.vectorarray" file="src/pymortests/vectorarray.py" line="264" name="test_append[compatible_vector_array_pair4-&lt;lambda&gt;27]" time="0.0005166530609130859"><skipped message="Suite splitting in effect" type="pytest.skip">src/pymortests/vectorarray.py:264: Suite splitting in effect</skipped></testcase><testcase classname="src.pymortests.vectorarray" file="src/pymortests/vectorarray.py" line="264" name="test_append[compatible_vector_array_pair4-&lt;lambda&gt;28]" time="0.0004253387451171875"><skipped message="Suite splitting in effect" type="pytest.skip">src/pymortests/vectorarray.py:264: Suite splitting in effect</skipped></testcase><testcase classname="src.pymortests.vectorarray" file="src/pymortests/vectorarray.py" line="264" name="test_append[compatible_vector_array_pair4-&lt;lambda&gt;29]" time="0.0005519390106201172"><skipped message="Suite splitting in effect" type="pytest.skip">src/pymortests/vectorarray.py:264: Suite splitting in effect</skipped></testcase><testcase classname="src.pymortests.vectorarray" file="src/pymortests/vectorarray.py" line="264" name="test_append[compatible_vector_array_pair5-&lt;lambda&gt;0]" time="0.0004086494445800781"><skipped message="Suite splitting in effect" type="pytest.skip">src/pymortests/vectorarray.py:264: Suite splitting in effect</skipped></testcase><testcase classname="src.pymortests.vectorarray" file="src/pymortests/vectorarray.py" line="264" name="test_append[compatible_vector_array_pair5-&lt;lambda&gt;1]" time="0.0004119873046875"><skipped message="Suite splitting in effect" type="pytest.skip">src/pymortests/vectorarray.py:264: Suite splitting in effect</skipped></testcase><testcase classname="src.pymortests.vectorarray" file="src/pymortests/vectorarray.py" line="264" name="test_append[compatible_vector_array_pair5-&lt;lambda&gt;2]" time="0.00048065185546875"><skipped message="Suite splitting in effect" type="pytest.skip">src/pymortests/vectorarray.py:264: Suite splitting in effect</skipped></testcase><testcase classname="src.pymortests.vectorarray" file="src/pymortests/vectorarray.py" line="264" name="test_append[compatible_vector_array_pair5-&lt;lambda&gt;3]" time="0.0003993511199951172"><skipped message="Suite splitting in effect" type="pytest.skip">src/pymortests/vectorarray.py:264: Suite splitting in effect</skipped></testcase><testcase classname="src.pymortests.vectorarray" file="src/pymortests/vectorarray.py" line="264" name="test_append[compatible_vector_array_pair5-&lt;lambda&gt;4]" time="0.00046944618225097656"><skipped message="Suite splitting in effect" type="pytest.skip">src/pymortests/vectorarray.py:264: Suite splitting in effect</skipped></testcase><testcase classname="src.pymortests.vectorarray" file="src/pymortests/vectorarray.py" line="264" name="test_append[compatible_vector_array_pair5-&lt;lambda&gt;5]" time="0.0006155967712402344"><skipped message="Suite splitting in effect" type="pytest.skip">src/pymortests/vectorarray.py:264: Suite splitting in effect</skipped></testcase><testcase classname="src.pymortests.vectorarray" file="src/pymortests/vectorarray.py" line="264" name="test_append[compatible_vector_array_pair5-&lt;lambda&gt;6]" time="0.0005822181701660156"><skipped message="Suite splitting in effect" type="pytest.skip">src/pymortests/vectorarray.py:264: Suite splitting in effect</skipped></testcase><testcase classname="src.pymortests.vectorarray" file="src/pymortests/vectorarray.py" line="264" name="test_append[compatible_vector_array_pair5-&lt;lambda&gt;7]" time="0.0007162094116210938"><skipped message="Suite splitting in effect" type="pytest.skip">src/pymortests/vectorarray.py:264: Suite splitting in effect</skipped></testcase><testcase classname="src.pymortests.vectorarray" file="src/pymortests/vectorarray.py" line="264" name="test_append[compatible_vector_array_pair5-&lt;lambda&gt;8]" time="0.00040340423583984375"><skipped message="Suite splitting in effect" type="pytest.skip">src/pymortests/vectorarray.py:264: Suite splitting in effect</skipped></testcase><testcase classname="src.pymortests.vectorarray" file="src/pymortests/vectorarray.py" line="264" name="test_append[compatible_vector_array_pair5-&lt;lambda&gt;9]" time="0.0004839897155761719"><skipped message="Suite splitting in effect" type="pytest.skip">src/pymortests/vectorarray.py:264: Suite splitting in effect</skipped></testcase><testcase classname="src.pymortests.vectorarray" file="src/pymortests/vectorarray.py" line="264" name="test_append[compatible_vector_array_pair5-&lt;lambda&gt;10]" time="0.0006234645843505859"><skipped message="Suite splitting in effect" type="pytest.skip">src/pymortests/vectorarray.py:264: Suite splitting in effect</skipped></testcase><testcase classname="src.pymortests.vectorarray" file="src/pymortests/vectorarray.py" line="264" name="test_append[compatible_vector_array_pair5-&lt;lambda&gt;11]" time="0.0004532337188720703"><skipped message="Suite splitting in effect" type="pytest.skip">src/pymortests/vectorarray.py:264: Suite splitting in effect</skipped></testcase><testcase classname="src.pymortests.vectorarray" file="src/pymortests/vectorarray.py" line="264" name="test_append[compatible_vector_array_pair5-&lt;lambda&gt;12]" time="0.0004024505615234375"><skipped message="Suite splitting in effect" type="pytest.skip">src/pymortests/vectorarray.py:264: Suite splitting in effect</skipped></testcase><testcase classname="src.pymortests.vectorarray" file="src/pymortests/vectorarray.py" line="264" name="test_append[compatible_vector_array_pair5-&lt;lambda&gt;13]" time="0.0004711151123046875"><skipped message="Suite splitting in effect" type="pytest.skip">src/pymortests/vectorarray.py:264: Suite splitting in effect</skipped></testcase><testcase classname="src.pymortests.vectorarray" file="src/pymortests/vectorarray.py" line="264" name="test_append[compatible_vector_array_pair5-&lt;lambda&gt;14]" time="0.00041747093200683594"><skipped message="Suite splitting in effect" type="pytest.skip">src/pymortests/vectorarray.py:264: Suite splitting in effect</skipped></testcase><testcase classname="src.pymortests.vectorarray" file="src/pymortests/vectorarray.py" line="264" name="test_append[compatible_vector_array_pair5-&lt;lambda&gt;15]" time="0.00042510032653808594"><skipped message="Suite splitting in effect" type="pytest.skip">src/pymortests/vectorarray.py:264: Suite splitting in effect</skipped></testcase><testcase classname="src.pymortests.vectorarray" file="src/pymortests/vectorarray.py" line="264" name="test_append[compatible_vector_array_pair5-&lt;lambda&gt;16]" time="0.000396728515625"><skipped message="Suite splitting in effect" type="pytest.skip">src/pymortests/vectorarray.py:264: Suite splitting in effect</skipped></testcase><testcase classname="src.pymortests.vectorarray" file="src/pymortests/vectorarray.py" line="264" name="test_append[compatible_vector_array_pair5-&lt;lambda&gt;17]" time="0.0004017353057861328"><skipped message="Suite splitting in effect" type="pytest.skip">src/pymortests/vectorarray.py:264: Suite splitting in effect</skipped></testcase><testcase classname="src.pymortests.vectorarray" file="src/pymortests/vectorarray.py" line="264" name="test_append[compatible_vector_array_pair5-&lt;lambda&gt;18]" time="0.00043129920959472656"><skipped message="Suite splitting in effect" type="pytest.skip">src/pymortests/vectorarray.py:264: Suite splitting in effect</skipped></testcase><testcase classname="src.pymortests.vectorarray" file="src/pymortests/vectorarray.py" line="264" name="test_append[compatible_vector_array_pair5-&lt;lambda&gt;19]" time="0.0005123615264892578"><skipped message="Suite splitting in effect" type="pytest.skip">src/pymortests/vectorarray.py:264: Suite splitting in effect</skipped></testcase><testcase classname="src.pymortests.vectorarray" file="src/pymortests/vectorarray.py" line="264" name="test_append[compatible_vector_array_pair5-&lt;lambda&gt;20]" time="0.0004169940948486328"><skipped message="Suite splitting in effect" type="pytest.skip">src/pymortests/vectorarray.py:264: Suite splitting in effect</skipped></testcase><testcase classname="src.pymortests.vectorarray" file="src/pymortests/vectorarray.py" line="264" name="test_append[compatible_vector_array_pair5-&lt;lambda&gt;21]" time="0.00048542022705078125"><skipped message="Suite splitting in effect" type="pytest.skip">src/pymortests/vectorarray.py:264: Suite splitting in effect</skipped></testcase><testcase classname="src.pymortests.vectorarray" file="src/pymortests/vectorarray.py" line="264" name="test_append[compatible_vector_array_pair5-&lt;lambda&gt;22]" time="0.00042700767517089844"><skipped message="Suite splitting in effect" type="pytest.skip">src/pymortests/vectorarray.py:264: Suite splitting in effect</skipped></testcase><testcase classname="src.pymortests.vectorarray" file="src/pymortests/vectorarray.py" line="264" name="test_append[compatible_vector_array_pair5-&lt;lambda&gt;23]" time="0.00045299530029296875"><skipped message="Suite splitting in effect" type="pytest.skip">src/pymortests/vectorarray.py:264: Suite splitting in effect</skipped></testcase><testcase classname="src.pymortests.vectorarray" file="src/pymortests/vectorarray.py" line="264" name="test_append[compatible_vector_array_pair5-&lt;lambda&gt;24]" time="0.000438690185546875"><skipped message="Suite splitting in effect" type="pytest.skip">src/pymortests/vectorarray.py:264: Suite splitting in effect</skipped></testcase><testcase classname="src.pymortests.vectorarray" file="src/pymortests/vectorarray.py" line="264" name="test_append[compatible_vector_array_pair5-&lt;lambda&gt;25]" time="0.0004048347473144531"><skipped message="Suite splitting in effect" type="pytest.skip">src/pymortests/vectorarray.py:264: Suite splitting in effect</skipped></testcase><testcase classname="src.pymortests.vectorarray" file="src/pymortests/vectorarray.py" line="264" name="test_append[compatible_vector_array_pair5-&lt;lambda&gt;26]" time="0.0004572868347167969"><skipped message="Suite splitting in effect" type="pytest.skip">src/pymortests/vectorarray.py:264: Suite splitting in effect</skipped></testcase><testcase classname="src.pymortests.vectorarray" file="src/pymortests/vectorarray.py" line="264" name="test_append[compatible_vector_array_pair5-&lt;lambda&gt;27]" time="0.0004169940948486328"><skipped message="Suite splitting in effect" type="pytest.skip">src/pymortests/vectorarray.py:264: Suite splitting in effect</skipped></testcase><testcase classname="src.pymortests.vectorarray" file="src/pymortests/vectorarray.py" line="264" name="test_append[compatible_vector_array_pair5-&lt;lambda&gt;28]" time="0.0004181861877441406"><skipped message="Suite splitting in effect" type="pytest.skip">src/pymortests/vectorarray.py:264: Suite splitting in effect</skipped></testcase><testcase classname="src.pymortests.vectorarray" file="src/pymortests/vectorarray.py" line="264" name="test_append[compatible_vector_array_pair5-&lt;lambda&gt;29]" time="0.00043082237243652344"><skipped message="Suite splitting in effect" type="pytest.skip">src/pymortests/vectorarray.py:264: Suite splitting in effect</skipped></testcase><testcase classname="src.pymortests.vectorarray" file="src/pymortests/vectorarray.py" line="264" name="test_append[compatible_vector_array_pair6-&lt;lambda&gt;0]" time="0.0004038810729980469"><skipped message="Suite splitting in effect" type="pytest.skip">src/pymortests/vectorarray.py:264: Suite splitting in effect</skipped></testcase><testcase classname="src.pymortests.vectorarray" file="src/pymortests/vectorarray.py" line="264" name="test_append[compatible_vector_array_pair6-&lt;lambda&gt;1]" time="0.0004487037658691406"><skipped message="Suite splitting in effect" type="pytest.skip">src/pymortests/vectorarray.py:264: Suite splitting in effect</skipped></testcase><testcase classname="src.pymortests.vectorarray" file="src/pymortests/vectorarray.py" line="264" name="test_append[compatible_vector_array_pair6-&lt;lambda&gt;2]" time="0.0004093647003173828"><skipped message="Suite splitting in effect" type="pytest.skip">src/pymortests/vectorarray.py:264: Suite splitting in effect</skipped></testcase><testcase classname="src.pymortests.vectorarray" file="src/pymortests/vectorarray.py" line="264" name="test_append[compatible_vector_array_pair6-&lt;lambda&gt;3]" time="0.0004048347473144531"><skipped message="Suite splitting in effect" type="pytest.skip">src/pymortests/vectorarray.py:264: Suite splitting in effect</skipped></testcase><testcase classname="src.pymortests.vectorarray" file="src/pymortests/vectorarray.py" line="264" name="test_append[compatible_vector_array_pair6-&lt;lambda&gt;4]" time="0.0007932186126708984"><skipped message="Suite splitting in effect" type="pytest.skip">src/pymortests/vectorarray.py:264: Suite splitting in effect</skipped></testcase><testcase classname="src.pymortests.vectorarray" file="src/pymortests/vectorarray.py" line="264" name="test_append[compatible_vector_array_pair6-&lt;lambda&gt;5]" time="0.00048804283142089844"><skipped message="Suite splitting in effect" type="pytest.skip">src/pymortests/vectorarray.py:264: Suite splitting in effect</skipped></testcase><testcase classname="src.pymortests.vectorarray" file="src/pymortests/vectorarray.py" line="264" name="test_append[compatible_vector_array_pair6-&lt;lambda&gt;6]" time="0.0005688667297363281"><skipped message="Suite splitting in effect" type="pytest.skip">src/pymortests/vectorarray.py:264: Suite splitting in effect</skipped></testcase><testcase classname="src.pymortests.vectorarray" file="src/pymortests/vectorarray.py" line="264" name="test_append[compatible_vector_array_pair6-&lt;lambda&gt;7]" time="0.0005686283111572266"><skipped message="Suite splitting in effect" type="pytest.skip">src/pymortests/vectorarray.py:264: Suite splitting in effect</skipped></testcase><testcase classname="src.pymortests.vectorarray" file="src/pymortests/vectorarray.py" line="264" name="test_append[compatible_vector_array_pair6-&lt;lambda&gt;8]" time="0.0004634857177734375"><skipped message="Suite splitting in effect" type="pytest.skip">src/pymortests/vectorarray.py:264: Suite splitting in effect</skipped></testcase><testcase classname="src.pymortests.vectorarray" file="src/pymortests/vectorarray.py" line="264" name="test_append[compatible_vector_array_pair6-&lt;lambda&gt;9]" time="0.000431060791015625"><skipped message="Suite splitting in effect" type="pytest.skip">src/pymortests/vectorarray.py:264: Suite splitting in effect</skipped></testcase><testcase classname="src.pymortests.vectorarray" file="src/pymortests/vectorarray.py" line="264" name="test_append[compatible_vector_array_pair6-&lt;lambda&gt;10]" time="0.0005259513854980469"><skipped message="Suite splitting in effect" type="pytest.skip">src/pymortests/vectorarray.py:264: Suite splitting in effect</skipped></testcase><testcase classname="src.pymortests.vectorarray" file="src/pymortests/vectorarray.py" line="264" name="test_append[compatible_vector_array_pair6-&lt;lambda&gt;11]" time="0.00040340423583984375"><skipped message="Suite splitting in effect" type="pytest.skip">src/pymortests/vectorarray.py:264: Suite splitting in effect</skipped></testcase><testcase classname="src.pymortests.vectorarray" file="src/pymortests/vectorarray.py" line="264" name="test_append[compatible_vector_array_pair6-&lt;lambda&gt;12]" time="0.00040435791015625"><skipped message="Suite splitting in effect" type="pytest.skip">src/pymortests/vectorarray.py:264: Suite splitting in effect</skipped></testcase><testcase classname="src.pymortests.vectorarray" file="src/pymortests/vectorarray.py" line="264" name="test_append[compatible_vector_array_pair6-&lt;lambda&gt;13]" time="0.0004858970642089844"><skipped message="Suite splitting in effect" type="pytest.skip">src/pymortests/vectorarray.py:264: Suite splitting in effect</skipped></testcase><testcase classname="src.pymortests.vectorarray" file="src/pymortests/vectorarray.py" line="264" name="test_append[compatible_vector_array_pair6-&lt;lambda&gt;14]" time="0.00045680999755859375"><skipped message="Suite splitting in effect" type="pytest.skip">src/pymortests/vectorarray.py:264: Suite splitting in effect</skipped></testcase><testcase classname="src.pymortests.vectorarray" file="src/pymortests/vectorarray.py" line="264" name="test_append[compatible_vector_array_pair6-&lt;lambda&gt;15]" time="0.0004019737243652344"><skipped message="Suite splitting in effect" type="pytest.skip">src/pymortests/vectorarray.py:264: Suite splitting in effect</skipped></testcase><testcase classname="src.pymortests.vectorarray" file="src/pymortests/vectorarray.py" line="264" name="test_append[compatible_vector_array_pair6-&lt;lambda&gt;16]" time="0.00042057037353515625"><skipped message="Suite splitting in effect" type="pytest.skip">src/pymortests/vectorarray.py:264: Suite splitting in effect</skipped></testcase><testcase classname="src.pymortests.vectorarray" file="src/pymortests/vectorarray.py" line="264" name="test_append[compatible_vector_array_pair6-&lt;lambda&gt;17]" time="0.00040340423583984375"><skipped message="Suite splitting in effect" type="pytest.skip">src/pymortests/vectorarray.py:264: Suite splitting in effect</skipped></testcase><testcase classname="src.pymortests.vectorarray" file="src/pymortests/vectorarray.py" line="264" name="test_append[compatible_vector_array_pair6-&lt;lambda&gt;18]" time="0.00040411949157714844"><skipped message="Suite splitting in effect" type="pytest.skip">src/pymortests/vectorarray.py:264: Suite splitting in effect</skipped></testcase><testcase classname="src.pymortests.vectorarray" file="src/pymortests/vectorarray.py" line="264" name="test_append[compatible_vector_array_pair6-&lt;lambda&gt;19]" time="0.0004019737243652344"><skipped message="Suite splitting in effect" type="pytest.skip">src/pymortests/vectorarray.py:264: Suite splitting in effect</skipped></testcase><testcase classname="src.pymortests.vectorarray" file="src/pymortests/vectorarray.py" line="264" name="test_append[compatible_vector_array_pair6-&lt;lambda&gt;20]" time="0.00042128562927246094"><skipped message="Suite splitting in effect" type="pytest.skip">src/pymortests/vectorarray.py:264: Suite splitting in effect</skipped></testcase><testcase classname="src.pymortests.vectorarray" file="src/pymortests/vectorarray.py" line="264" name="test_append[compatible_vector_array_pair6-&lt;lambda&gt;21]" time="0.0003972053527832031"><skipped message="Suite splitting in effect" type="pytest.skip">src/pymortests/vectorarray.py:264: Suite splitting in effect</skipped></testcase><testcase classname="src.pymortests.vectorarray" file="src/pymortests/vectorarray.py" line="264" name="test_append[compatible_vector_array_pair6-&lt;lambda&gt;22]" time="0.0005064010620117188"><skipped message="Suite splitting in effect" type="pytest.skip">src/pymortests/vectorarray.py:264: Suite splitting in effect</skipped></testcase><testcase classname="src.pymortests.vectorarray" file="src/pymortests/vectorarray.py" line="264" name="test_append[compatible_vector_array_pair6-&lt;lambda&gt;23]" time="0.00045800209045410156"><skipped message="Suite splitting in effect" type="pytest.skip">src/pymortests/vectorarray.py:264: Suite splitting in effect</skipped></testcase><testcase classname="src.pymortests.vectorarray" file="src/pymortests/vectorarray.py" line="264" name="test_append[compatible_vector_array_pair6-&lt;lambda&gt;24]" time="0.00044274330139160156"><skipped message="Suite splitting in effect" type="pytest.skip">src/pymortests/vectorarray.py:264: Suite splitting in effect</skipped></testcase><testcase classname="src.pymortests.vectorarray" file="src/pymortests/vectorarray.py" line="264" name="test_append[compatible_vector_array_pair6-&lt;lambda&gt;25]" time="0.0004067420959472656"><skipped message="Suite splitting in effect" type="pytest.skip">src/pymortests/vectorarray.py:264: Suite splitting in effect</skipped></testcase><testcase classname="src.pymortests.vectorarray" file="src/pymortests/vectorarray.py" line="264" name="test_append[compatible_vector_array_pair6-&lt;lambda&gt;26]" time="0.00039696693420410156"><skipped message="Suite splitting in effect" type="pytest.skip">src/pymortests/vectorarray.py:264: Suite splitting in effect</skipped></testcase><testcase classname="src.pymortests.vectorarray" file="src/pymortests/vectorarray.py" line="264" name="test_append[compatible_vector_array_pair6-&lt;lambda&gt;27]" time="0.00042748451232910156"><skipped message="Suite splitting in effect" type="pytest.skip">src/pymortests/vectorarray.py:264: Suite splitting in effect</skipped></testcase><testcase classname="src.pymortests.vectorarray" file="src/pymortests/vectorarray.py" line="264" name="test_append[compatible_vector_array_pair6-&lt;lambda&gt;28]" time="0.00042557716369628906"><skipped message="Suite splitting in effect" type="pytest.skip">src/pymortests/vectorarray.py:264: Suite splitting in effect</skipped></testcase><testcase classname="src.pymortests.vectorarray" file="src/pymortests/vectorarray.py" line="264" name="test_append[compatible_vector_array_pair6-&lt;lambda&gt;29]" time="0.0004208087921142578"><skipped message="Suite splitting in effect" type="pytest.skip">src/pymortests/vectorarray.py:264: Suite splitting in effect</skipped></testcase><testcase classname="src.pymortests.vectorarray" file="src/pymortests/vectorarray.py" line="264" name="test_append[compatible_vector_array_pair7-&lt;lambda&gt;0]" time="0.0004105567932128906"><skipped message="Suite splitting in effect" type="pytest.skip">src/pymortests/vectorarray.py:264: Suite splitting in effect</skipped></testcase><testcase classname="src.pymortests.vectorarray" file="src/pymortests/vectorarray.py" line="264" name="test_append[compatible_vector_array_pair7-&lt;lambda&gt;1]" time="0.00039887428283691406"><skipped message="Suite splitting in effect" type="pytest.skip">src/pymortests/vectorarray.py:264: Suite splitting in effect</skipped></testcase><testcase classname="src.pymortests.vectorarray" file="src/pymortests/vectorarray.py" line="264" name="test_append[compatible_vector_array_pair7-&lt;lambda&gt;2]" time="0.0003948211669921875"><skipped message="Suite splitting in effect" type="pytest.skip">src/pymortests/vectorarray.py:264: Suite splitting in effect</skipped></testcase><testcase classname="src.pymortests.vectorarray" file="src/pymortests/vectorarray.py" line="264" name="test_append[compatible_vector_array_pair7-&lt;lambda&gt;3]" time="0.00039005279541015625"><skipped message="Suite splitting in effect" type="pytest.skip">src/pymortests/vectorarray.py:264: Suite splitting in effect</skipped></testcase><testcase classname="src.pymortests.vectorarray" file="src/pymortests/vectorarray.py" line="264" name="test_append[compatible_vector_array_pair7-&lt;lambda&gt;4]" time="0.0003993511199951172"><skipped message="Suite splitting in effect" type="pytest.skip">src/pymortests/vectorarray.py:264: Suite splitting in effect</skipped></testcase><testcase classname="src.pymortests.vectorarray" file="src/pymortests/vectorarray.py" line="264" name="test_append[compatible_vector_array_pair7-&lt;lambda&gt;5]" time="0.0005147457122802734"><skipped message="Suite splitting in effect" type="pytest.skip">src/pymortests/vectorarray.py:264: Suite splitting in effect</skipped></testcase><testcase classname="src.pymortests.vectorarray" file="src/pymortests/vectorarray.py" line="264" name="test_append[compatible_vector_array_pair7-&lt;lambda&gt;6]" time="0.00048804283142089844"><skipped message="Suite splitting in effect" type="pytest.skip">src/pymortests/vectorarray.py:264: Suite splitting in effect</skipped></testcase><testcase classname="src.pymortests.vectorarray" file="src/pymortests/vectorarray.py" line="264" name="test_append[compatible_vector_array_pair7-&lt;lambda&gt;7]" time="0.00044465065002441406"><skipped message="Suite splitting in effect" type="pytest.skip">src/pymortests/vectorarray.py:264: Suite splitting in effect</skipped></testcase><testcase classname="src.pymortests.vectorarray" file="src/pymortests/vectorarray.py" line="264" name="test_append[compatible_vector_array_pair7-&lt;lambda&gt;8]" time="0.0005180835723876953"><skipped message="Suite splitting in effect" type="pytest.skip">src/pymortests/vectorarray.py:264: Suite splitting in effect</skipped></testcase><testcase classname="src.pymortests.vectorarray" file="src/pymortests/vectorarray.py" line="264" name="test_append[compatible_vector_array_pair7-&lt;lambda&gt;9]" time="0.0005013942718505859"><skipped message="Suite splitting in effect" type="pytest.skip">src/pymortests/vectorarray.py:264: Suite splitting in effect</skipped></testcase><testcase classname="src.pymortests.vectorarray" file="src/pymortests/vectorarray.py" line="264" name="test_append[compatible_vector_array_pair7-&lt;lambda&gt;10]" time="0.00043272972106933594"><skipped message="Suite splitting in effect" type="pytest.skip">src/pymortests/vectorarray.py:264: Suite splitting in effect</skipped></testcase><testcase classname="src.pymortests.vectorarray" file="src/pymortests/vectorarray.py" line="264" name="test_append[compatible_vector_array_pair7-&lt;lambda&gt;11]" time="0.0006012916564941406"><skipped message="Suite splitting in effect" type="pytest.skip">src/pymortests/vectorarray.py:264: Suite splitting in effect</skipped></testcase><testcase classname="src.pymortests.vectorarray" file="src/pymortests/vectorarray.py" line="264" name="test_append[compatible_vector_array_pair7-&lt;lambda&gt;12]" time="0.00040149688720703125"><skipped message="Suite splitting in effect" type="pytest.skip">src/pymortests/vectorarray.py:264: Suite splitting in effect</skipped></testcase><testcase classname="src.pymortests.vectorarray" file="src/pymortests/vectorarray.py" line="264" name="test_append[compatible_vector_array_pair7-&lt;lambda&gt;13]" time="0.0005500316619873047"><skipped message="Suite splitting in effect" type="pytest.skip">src/pymortests/vectorarray.py:264: Suite splitting in effect</skipped></testcase><testcase classname="src.pymortests.vectorarray" file="src/pymortests/vectorarray.py" line="264" name="test_append[compatible_vector_array_pair7-&lt;lambda&gt;14]" time="0.0005831718444824219"><skipped message="Suite splitting in effect" type="pytest.skip">src/pymortests/vectorarray.py:264: Suite splitting in effect</skipped></testcase><testcase classname="src.pymortests.vectorarray" file="src/pymortests/vectorarray.py" line="264" name="test_append[compatible_vector_array_pair7-&lt;lambda&gt;15]" time="0.0007185935974121094"><skipped message="Suite splitting in effect" type="pytest.skip">src/pymortests/vectorarray.py:264: Suite splitting in effect</skipped></testcase><testcase classname="src.pymortests.vectorarray" file="src/pymortests/vectorarray.py" line="264" name="test_append[compatible_vector_array_pair7-&lt;lambda&gt;16]" time="0.0005438327789306641"><skipped message="Suite splitting in effect" type="pytest.skip">src/pymortests/vectorarray.py:264: Suite splitting in effect</skipped></testcase><testcase classname="src.pymortests.vectorarray" file="src/pymortests/vectorarray.py" line="264" name="test_append[compatible_vector_array_pair7-&lt;lambda&gt;17]" time="0.00067138671875"><skipped message="Suite splitting in effect" type="pytest.skip">src/pymortests/vectorarray.py:264: Suite splitting in effect</skipped></testcase><testcase classname="src.pymortests.vectorarray" file="src/pymortests/vectorarray.py" line="264" name="test_append[compatible_vector_array_pair7-&lt;lambda&gt;18]" time="0.0006015300750732422"><skipped message="Suite splitting in effect" type="pytest.skip">src/pymortests/vectorarray.py:264: Suite splitting in effect</skipped></testcase><testcase classname="src.pymortests.vectorarray" file="src/pymortests/vectorarray.py" line="264" name="test_append[compatible_vector_array_pair7-&lt;lambda&gt;19]" time="0.00047850608825683594"><skipped message="Suite splitting in effect" type="pytest.skip">src/pymortests/vectorarray.py:264: Suite splitting in effect</skipped></testcase><testcase classname="src.pymortests.vectorarray" file="src/pymortests/vectorarray.py" line="264" name="test_append[compatible_vector_array_pair7-&lt;lambda&gt;20]" time="0.0005514621734619141"><skipped message="Suite splitting in effect" type="pytest.skip">src/pymortests/vectorarray.py:264: Suite splitting in effect</skipped></testcase><testcase classname="src.pymortests.vectorarray" file="src/pymortests/vectorarray.py" line="264" name="test_append[compatible_vector_array_pair7-&lt;lambda&gt;21]" time="0.0004317760467529297"><skipped message="Suite splitting in effect" type="pytest.skip">src/pymortests/vectorarray.py:264: Suite splitting in effect</skipped></testcase><testcase classname="src.pymortests.vectorarray" file="src/pymortests/vectorarray.py" line="264" name="test_append[compatible_vector_array_pair7-&lt;lambda&gt;22]" time="0.00048351287841796875"><skipped message="Suite splitting in effect" type="pytest.skip">src/pymortests/vectorarray.py:264: Suite splitting in effect</skipped></testcase><testcase classname="src.pymortests.vectorarray" file="src/pymortests/vectorarray.py" line="264" name="test_append[compatible_vector_array_pair7-&lt;lambda&gt;23]" time="0.0004324913024902344"><skipped message="Suite splitting in effect" type="pytest.skip">src/pymortests/vectorarray.py:264: Suite splitting in effect</skipped></testcase><testcase classname="src.pymortests.vectorarray" file="src/pymortests/vectorarray.py" line="264" name="test_append[compatible_vector_array_pair7-&lt;lambda&gt;24]" time="0.0004589557647705078"><skipped message="Suite splitting in effect" type="pytest.skip">src/pymortests/vectorarray.py:264: Suite splitting in effect</skipped></testcase><testcase classname="src.pymortests.vectorarray" file="src/pymortests/vectorarray.py" line="264" name="test_append[compatible_vector_array_pair7-&lt;lambda&gt;25]" time="0.0004010200500488281"><skipped message="Suite splitting in effect" type="pytest.skip">src/pymortests/vectorarray.py:264: Suite splitting in effect</skipped></testcase><testcase classname="src.pymortests.vectorarray" file="src/pymortests/vectorarray.py" line="264" name="test_append[compatible_vector_array_pair7-&lt;lambda&gt;26]" time="0.00040984153747558594"><skipped message="Suite splitting in effect" type="pytest.skip">src/pymortests/vectorarray.py:264: Suite splitting in effect</skipped></testcase><testcase classname="src.pymortests.vectorarray" file="src/pymortests/vectorarray.py" line="264" name="test_append[compatible_vector_array_pair7-&lt;lambda&gt;27]" time="0.0004394054412841797"><skipped message="Suite splitting in effect" type="pytest.skip">src/pymortests/vectorarray.py:264: Suite splitting in effect</skipped></testcase><testcase classname="src.pymortests.vectorarray" file="src/pymortests/vectorarray.py" line="264" name="test_append[compatible_vector_array_pair7-&lt;lambda&gt;28]" time="0.0004029273986816406"><skipped message="Suite splitting in effect" type="pytest.skip">src/pymortests/vectorarray.py:264: Suite splitting in effect</skipped></testcase><testcase classname="src.pymortests.vectorarray" file="src/pymortests/vectorarray.py" line="264" name="test_append[compatible_vector_array_pair7-&lt;lambda&gt;29]" time="0.0004019737243652344"><skipped message="Suite splitting in effect" type="pytest.skip">src/pymortests/vectorarray.py:264: Suite splitting in effect</skipped></testcase><testcase classname="src.pymortests.vectorarray" file="src/pymortests/vectorarray.py" line="264" name="test_append[compatible_vector_array_pair8-&lt;lambda&gt;0]" time="0.0003933906555175781"><skipped message="Suite splitting in effect" type="pytest.skip">src/pymortests/vectorarray.py:264: Suite splitting in effect</skipped></testcase><testcase classname="src.pymortests.vectorarray" file="src/pymortests/vectorarray.py" line="264" name="test_append[compatible_vector_array_pair8-&lt;lambda&gt;1]" time="0.00040268898010253906"><skipped message="Suite splitting in effect" type="pytest.skip">src/pymortests/vectorarray.py:264: Suite splitting in effect</skipped></testcase><testcase classname="src.pymortests.vectorarray" file="src/pymortests/vectorarray.py" line="264" name="test_append[compatible_vector_array_pair8-&lt;lambda&gt;2]" time="0.0004189014434814453"><skipped message="Suite splitting in effect" type="pytest.skip">src/pymortests/vectorarray.py:264: Suite splitting in effect</skipped></testcase><testcase classname="src.pymortests.vectorarray" file="src/pymortests/vectorarray.py" line="264" name="test_append[compatible_vector_array_pair8-&lt;lambda&gt;3]" time="0.00039458274841308594"><skipped message="Suite splitting in effect" type="pytest.skip">src/pymortests/vectorarray.py:264: Suite splitting in effect</skipped></testcase><testcase classname="src.pymortests.vectorarray" file="src/pymortests/vectorarray.py" line="264" name="test_append[compatible_vector_array_pair8-&lt;lambda&gt;4]" time="0.0004241466522216797"><skipped message="Suite splitting in effect" type="pytest.skip">src/pymortests/vectorarray.py:264: Suite splitting in effect</skipped></testcase><testcase classname="src.pymortests.vectorarray" file="src/pymortests/vectorarray.py" line="264" name="test_append[compatible_vector_array_pair8-&lt;lambda&gt;5]" time="0.0004010200500488281"><skipped message="Suite splitting in effect" type="pytest.skip">src/pymortests/vectorarray.py:264: Suite splitting in effect</skipped></testcase><testcase classname="src.pymortests.vectorarray" file="src/pymortests/vectorarray.py" line="264" name="test_append[compatible_vector_array_pair8-&lt;lambda&gt;6]" time="0.000396728515625"><skipped message="Suite splitting in effect" type="pytest.skip">src/pymortests/vectorarray.py:264: Suite splitting in effect</skipped></testcase><testcase classname="src.pymortests.vectorarray" file="src/pymortests/vectorarray.py" line="264" name="test_append[compatible_vector_array_pair8-&lt;lambda&gt;7]" time="0.000396728515625"><skipped message="Suite splitting in effect" type="pytest.skip">src/pymortests/vectorarray.py:264: Suite splitting in effect</skipped></testcase><testcase classname="src.pymortests.vectorarray" file="src/pymortests/vectorarray.py" line="264" name="test_append[compatible_vector_array_pair8-&lt;lambda&gt;8]" time="0.00042366981506347656"><skipped message="Suite splitting in effect" type="pytest.skip">src/pymortests/vectorarray.py:264: Suite splitting in effect</skipped></testcase><testcase classname="src.pymortests.vectorarray" file="src/pymortests/vectorarray.py" line="264" name="test_append[compatible_vector_array_pair8-&lt;lambda&gt;9]" time="0.0003972053527832031"><skipped message="Suite splitting in effect" type="pytest.skip">src/pymortests/vectorarray.py:264: Suite splitting in effect</skipped></testcase><testcase classname="src.pymortests.vectorarray" file="src/pymortests/vectorarray.py" line="264" name="test_append[compatible_vector_array_pair8-&lt;lambda&gt;10]" time="0.0004267692565917969"><skipped message="Suite splitting in effect" type="pytest.skip">src/pymortests/vectorarray.py:264: Suite splitting in effect</skipped></testcase><testcase classname="src.pymortests.vectorarray" file="src/pymortests/vectorarray.py" line="264" name="test_append[compatible_vector_array_pair8-&lt;lambda&gt;11]" time="0.00042724609375"><skipped message="Suite splitting in effect" type="pytest.skip">src/pymortests/vectorarray.py:264: Suite splitting in effect</skipped></testcase><testcase classname="src.pymortests.vectorarray" file="src/pymortests/vectorarray.py" line="264" name="test_append[compatible_vector_array_pair8-&lt;lambda&gt;12]" time="0.0004241466522216797"><skipped message="Suite splitting in effect" type="pytest.skip">src/pymortests/vectorarray.py:264: Suite splitting in effect</skipped></testcase><testcase classname="src.pymortests.vectorarray" file="src/pymortests/vectorarray.py" line="264" name="test_append[compatible_vector_array_pair8-&lt;lambda&gt;13]" time="0.00040650367736816406"><skipped message="Suite splitting in effect" type="pytest.skip">src/pymortests/vectorarray.py:264: Suite splitting in effect</skipped></testcase><testcase classname="src.pymortests.vectorarray" file="src/pymortests/vectorarray.py" line="264" name="test_append[compatible_vector_array_pair8-&lt;lambda&gt;14]" time="0.0004279613494873047"><skipped message="Suite splitting in effect" type="pytest.skip">src/pymortests/vectorarray.py:264: Suite splitting in effect</skipped></testcase><testcase classname="src.pymortests.vectorarray" file="src/pymortests/vectorarray.py" line="264" name="test_append[compatible_vector_array_pair8-&lt;lambda&gt;15]" time="0.0004284381866455078"><skipped message="Suite splitting in effect" type="pytest.skip">src/pymortests/vectorarray.py:264: Suite splitting in effect</skipped></testcase><testcase classname="src.pymortests.vectorarray" file="src/pymortests/vectorarray.py" line="264" name="test_append[compatible_vector_array_pair8-&lt;lambda&gt;16]" time="0.0004916191101074219"><skipped message="Suite splitting in effect" type="pytest.skip">src/pymortests/vectorarray.py:264: Suite splitting in effect</skipped></testcase><testcase classname="src.pymortests.vectorarray" file="src/pymortests/vectorarray.py" line="264" name="test_append[compatible_vector_array_pair8-&lt;lambda&gt;17]" time="0.0004284381866455078"><skipped message="Suite splitting in effect" type="pytest.skip">src/pymortests/vectorarray.py:264: Suite splitting in effect</skipped></testcase><testcase classname="src.pymortests.vectorarray" file="src/pymortests/vectorarray.py" line="264" name="test_append[compatible_vector_array_pair8-&lt;lambda&gt;18]" time="0.0004203319549560547"><skipped message="Suite splitting in effect" type="pytest.skip">src/pymortests/vectorarray.py:264: Suite splitting in effect</skipped></testcase><testcase classname="src.pymortests.vectorarray" file="src/pymortests/vectorarray.py" line="264" name="test_append[compatible_vector_array_pair8-&lt;lambda&gt;19]" time="0.00045418739318847656"><skipped message="Suite splitting in effect" type="pytest.skip">src/pymortests/vectorarray.py:264: Suite splitting in effect</skipped></testcase><testcase classname="src.pymortests.vectorarray" file="src/pymortests/vectorarray.py" line="264" name="test_append[compatible_vector_array_pair8-&lt;lambda&gt;20]" time="0.00041222572326660156"><skipped message="Suite splitting in effect" type="pytest.skip">src/pymortests/vectorarray.py:264: Suite splitting in effect</skipped></testcase><testcase classname="src.pymortests.vectorarray" file="src/pymortests/vectorarray.py" line="264" name="test_append[compatible_vector_array_pair8-&lt;lambda&gt;21]" time="0.0004220008850097656"><skipped message="Suite splitting in effect" type="pytest.skip">src/pymortests/vectorarray.py:264: Suite splitting in effect</skipped></testcase><testcase classname="src.pymortests.vectorarray" file="src/pymortests/vectorarray.py" line="264" name="test_append[compatible_vector_array_pair8-&lt;lambda&gt;22]" time="0.0004019737243652344"><skipped message="Suite splitting in effect" type="pytest.skip">src/pymortests/vectorarray.py:264: Suite splitting in effect</skipped></testcase><testcase classname="src.pymortests.vectorarray" file="src/pymortests/vectorarray.py" line="264" name="test_append[compatible_vector_array_pair8-&lt;lambda&gt;23]" time="0.0004909038543701172"><skipped message="Suite splitting in effect" type="pytest.skip">src/pymortests/vectorarray.py:264: Suite splitting in effect</skipped></testcase><testcase classname="src.pymortests.vectorarray" file="src/pymortests/vectorarray.py" line="264" name="test_append[compatible_vector_array_pair8-&lt;lambda&gt;24]" time="0.0004584789276123047"><skipped message="Suite splitting in effect" type="pytest.skip">src/pymortests/vectorarray.py:264: Suite splitting in effect</skipped></testcase><testcase classname="src.pymortests.vectorarray" file="src/pymortests/vectorarray.py" line="264" name="test_append[compatible_vector_array_pair8-&lt;lambda&gt;25]" time="0.0004119873046875"><skipped message="Suite splitting in effect" type="pytest.skip">src/pymortests/vectorarray.py:264: Suite splitting in effect</skipped></testcase><testcase classname="src.pymortests.vectorarray" file="src/pymortests/vectorarray.py" line="264" name="test_append[compatible_vector_array_pair8-&lt;lambda&gt;26]" time="0.00042319297790527344"><skipped message="Suite splitting in effect" type="pytest.skip">src/pymortests/vectorarray.py:264: Suite splitting in effect</skipped></testcase><testcase classname="src.pymortests.vectorarray" file="src/pymortests/vectorarray.py" line="264" name="test_append[compatible_vector_array_pair8-&lt;lambda&gt;27]" time="0.0003972053527832031"><skipped message="Suite splitting in effect" type="pytest.skip">src/pymortests/vectorarray.py:264: Suite splitting in effect</skipped></testcase><testcase classname="src.pymortests.vectorarray" file="src/pymortests/vectorarray.py" line="264" name="test_append[compatible_vector_array_pair8-&lt;lambda&gt;28]" time="0.00040531158447265625"><skipped message="Suite splitting in effect" type="pytest.skip">src/pymortests/vectorarray.py:264: Suite splitting in effect</skipped></testcase><testcase classname="src.pymortests.vectorarray" file="src/pymortests/vectorarray.py" line="264" name="test_append[compatible_vector_array_pair8-&lt;lambda&gt;29]" time="0.00040030479431152344"><skipped message="Suite splitting in effect" type="pytest.skip">src/pymortests/vectorarray.py:264: Suite splitting in effect</skipped></testcase><testcase classname="src.pymortests.vectorarray" file="src/pymortests/vectorarray.py" line="290" name="test_append_self[0-&lt;lambda&gt;0]" time="0.0004661083221435547"><skipped message="Suite splitting in effect" type="pytest.skip">src/pymortests/vectorarray.py:290: Suite splitting in effect</skipped></testcase><testcase classname="src.pymortests.vectorarray" file="src/pymortests/vectorarray.py" line="290" name="test_append_self[0-&lt;lambda&gt;1]" time="0.00044274330139160156"><skipped message="Suite splitting in effect" type="pytest.skip">src/pymortests/vectorarray.py:290: Suite splitting in effect</skipped></testcase><testcase classname="src.pymortests.vectorarray" file="src/pymortests/vectorarray.py" line="290" name="test_append_self[0-&lt;lambda&gt;2]" time="0.0004394054412841797"><skipped message="Suite splitting in effect" type="pytest.skip">src/pymortests/vectorarray.py:290: Suite splitting in effect</skipped></testcase><testcase classname="src.pymortests.vectorarray" file="src/pymortests/vectorarray.py" line="290" name="test_append_self[0-&lt;lambda&gt;3]" time="0.0005214214324951172"><skipped message="Suite splitting in effect" type="pytest.skip">src/pymortests/vectorarray.py:290: Suite splitting in effect</skipped></testcase><testcase classname="src.pymortests.vectorarray" file="src/pymortests/vectorarray.py" line="290" name="test_append_self[0-&lt;lambda&gt;4]" time="0.0005083084106445312"><skipped message="Suite splitting in effect" type="pytest.skip">src/pymortests/vectorarray.py:290: Suite splitting in effect</skipped></testcase><testcase classname="src.pymortests.vectorarray" file="src/pymortests/vectorarray.py" line="290" name="test_append_self[0-&lt;lambda&gt;5]" time="0.0005853176116943359"><skipped message="Suite splitting in effect" type="pytest.skip">src/pymortests/vectorarray.py:290: Suite splitting in effect</skipped></testcase><testcase classname="src.pymortests.vectorarray" file="src/pymortests/vectorarray.py" line="290" name="test_append_self[0-&lt;lambda&gt;6]" time="0.00039958953857421875"><skipped message="Suite splitting in effect" type="pytest.skip">src/pymortests/vectorarray.py:290: Suite splitting in effect</skipped></testcase><testcase classname="src.pymortests.vectorarray" file="src/pymortests/vectorarray.py" line="290" name="test_append_self[0-&lt;lambda&gt;7]" time="0.0005033016204833984"><skipped message="Suite splitting in effect" type="pytest.skip">src/pymortests/vectorarray.py:290: Suite splitting in effect</skipped></testcase><testcase classname="src.pymortests.vectorarray" file="src/pymortests/vectorarray.py" line="290" name="test_append_self[0-&lt;lambda&gt;8]" time="0.0005016326904296875"><skipped message="Suite splitting in effect" type="pytest.skip">src/pymortests/vectorarray.py:290: Suite splitting in effect</skipped></testcase><testcase classname="src.pymortests.vectorarray" file="src/pymortests/vectorarray.py" line="290" name="test_append_self[0-&lt;lambda&gt;9]" time="0.0007338523864746094"><skipped message="Suite splitting in effect" type="pytest.skip">src/pymortests/vectorarray.py:290: Suite splitting in effect</skipped></testcase><testcase classname="src.pymortests.vectorarray" file="src/pymortests/vectorarray.py" line="290" name="test_append_self[0-&lt;lambda&gt;10]" time="0.0004105567932128906"><skipped message="Suite splitting in effect" type="pytest.skip">src/pymortests/vectorarray.py:290: Suite splitting in effect</skipped></testcase><testcase classname="src.pymortests.vectorarray" file="src/pymortests/vectorarray.py" line="290" name="test_append_self[0-&lt;lambda&gt;11]" time="0.0004169940948486328"><skipped message="Suite splitting in effect" type="pytest.skip">src/pymortests/vectorarray.py:290: Suite splitting in effect</skipped></testcase><testcase classname="src.pymortests.vectorarray" file="src/pymortests/vectorarray.py" line="290" name="test_append_self[0-&lt;lambda&gt;12]" time="0.00043463706970214844"><skipped message="Suite splitting in effect" type="pytest.skip">src/pymortests/vectorarray.py:290: Suite splitting in effect</skipped></testcase><testcase classname="src.pymortests.vectorarray" file="src/pymortests/vectorarray.py" line="290" name="test_append_self[0-&lt;lambda&gt;13]" time="0.0004355907440185547"><skipped message="Suite splitting in effect" type="pytest.skip">src/pymortests/vectorarray.py:290: Suite splitting in effect</skipped></testcase><testcase classname="src.pymortests.vectorarray" file="src/pymortests/vectorarray.py" line="290" name="test_append_self[0-&lt;lambda&gt;14]" time="0.00043201446533203125"><skipped message="Suite splitting in effect" type="pytest.skip">src/pymortests/vectorarray.py:290: Suite splitting in effect</skipped></testcase><testcase classname="src.pymortests.vectorarray" file="src/pymortests/vectorarray.py" line="290" name="test_append_self[0-&lt;lambda&gt;15]" time="0.0004260540008544922"><skipped message="Suite splitting in effect" type="pytest.skip">src/pymortests/vectorarray.py:290: Suite splitting in effect</skipped></testcase><testcase classname="src.pymortests.vectorarray" file="src/pymortests/vectorarray.py" line="290" name="test_append_self[0-&lt;lambda&gt;16]" time="0.0004513263702392578"><skipped message="Suite splitting in effect" type="pytest.skip">src/pymortests/vectorarray.py:290: Suite splitting in effect</skipped></testcase><testcase classname="src.pymortests.vectorarray" file="src/pymortests/vectorarray.py" line="290" name="test_append_self[0-&lt;lambda&gt;17]" time="0.0004398822784423828"><skipped message="Suite splitting in effect" type="pytest.skip">src/pymortests/vectorarray.py:290: Suite splitting in effect</skipped></testcase><testcase classname="src.pymortests.vectorarray" file="src/pymortests/vectorarray.py" line="290" name="test_append_self[0-&lt;lambda&gt;18]" time="0.0004177093505859375"><skipped message="Suite splitting in effect" type="pytest.skip">src/pymortests/vectorarray.py:290: Suite splitting in effect</skipped></testcase><testcase classname="src.pymortests.vectorarray" file="src/pymortests/vectorarray.py" line="290" name="test_append_self[0-&lt;lambda&gt;19]" time="0.00041103363037109375"><skipped message="Suite splitting in effect" type="pytest.skip">src/pymortests/vectorarray.py:290: Suite splitting in effect</skipped></testcase><testcase classname="src.pymortests.vectorarray" file="src/pymortests/vectorarray.py" line="290" name="test_append_self[0-&lt;lambda&gt;20]" time="0.0004057884216308594"><skipped message="Suite splitting in effect" type="pytest.skip">src/pymortests/vectorarray.py:290: Suite splitting in effect</skipped></testcase><testcase classname="src.pymortests.vectorarray" file="src/pymortests/vectorarray.py" line="290" name="test_append_self[0-&lt;lambda&gt;21]" time="0.0004062652587890625"><skipped message="Suite splitting in effect" type="pytest.skip">src/pymortests/vectorarray.py:290: Suite splitting in effect</skipped></testcase><testcase classname="src.pymortests.vectorarray" file="src/pymortests/vectorarray.py" line="290" name="test_append_self[0-&lt;lambda&gt;22]" time="0.0004334449768066406"><skipped message="Suite splitting in effect" type="pytest.skip">src/pymortests/vectorarray.py:290: Suite splitting in effect</skipped></testcase><testcase classname="src.pymortests.vectorarray" file="src/pymortests/vectorarray.py" line="290" name="test_append_self[0-&lt;lambda&gt;23]" time="0.0004291534423828125"><skipped message="Suite splitting in effect" type="pytest.skip">src/pymortests/vectorarray.py:290: Suite splitting in effect</skipped></testcase><testcase classname="src.pymortests.vectorarray" file="src/pymortests/vectorarray.py" line="290" name="test_append_self[0-&lt;lambda&gt;24]" time="0.00042247772216796875"><skipped message="Suite splitting in effect" type="pytest.skip">src/pymortests/vectorarray.py:290: Suite splitting in effect</skipped></testcase><testcase classname="src.pymortests.vectorarray" file="src/pymortests/vectorarray.py" line="290" name="test_append_self[0-&lt;lambda&gt;25]" time="0.00042057037353515625"><skipped message="Suite splitting in effect" type="pytest.skip">src/pymortests/vectorarray.py:290: Suite splitting in effect</skipped></testcase><testcase classname="src.pymortests.vectorarray" file="src/pymortests/vectorarray.py" line="290" name="test_append_self[0-&lt;lambda&gt;26]" time="0.00044345855712890625"><skipped message="Suite splitting in effect" type="pytest.skip">src/pymortests/vectorarray.py:290: Suite splitting in effect</skipped></testcase><testcase classname="src.pymortests.vectorarray" file="src/pymortests/vectorarray.py" line="290" name="test_append_self[1-&lt;lambda&gt;0]" time="0.00040650367736816406"><skipped message="Suite splitting in effect" type="pytest.skip">src/pymortests/vectorarray.py:290: Suite splitting in effect</skipped></testcase><testcase classname="src.pymortests.vectorarray" file="src/pymortests/vectorarray.py" line="290" name="test_append_self[1-&lt;lambda&gt;1]" time="0.00042700767517089844"><skipped message="Suite splitting in effect" type="pytest.skip">src/pymortests/vectorarray.py:290: Suite splitting in effect</skipped></testcase><testcase classname="src.pymortests.vectorarray" file="src/pymortests/vectorarray.py" line="290" name="test_append_self[1-&lt;lambda&gt;2]" time="0.0004000663757324219"><skipped message="Suite splitting in effect" type="pytest.skip">src/pymortests/vectorarray.py:290: Suite splitting in effect</skipped></testcase><testcase classname="src.pymortests.vectorarray" file="src/pymortests/vectorarray.py" line="290" name="test_append_self[1-&lt;lambda&gt;3]" time="0.000423431396484375"><skipped message="Suite splitting in effect" type="pytest.skip">src/pymortests/vectorarray.py:290: Suite splitting in effect</skipped></testcase><testcase classname="src.pymortests.vectorarray" file="src/pymortests/vectorarray.py" line="290" name="test_append_self[1-&lt;lambda&gt;4]" time="0.0004837512969970703"><skipped message="Suite splitting in effect" type="pytest.skip">src/pymortests/vectorarray.py:290: Suite splitting in effect</skipped></testcase><testcase classname="src.pymortests.vectorarray" file="src/pymortests/vectorarray.py" line="290" name="test_append_self[1-&lt;lambda&gt;5]" time="0.00041222572326660156"><skipped message="Suite splitting in effect" type="pytest.skip">src/pymortests/vectorarray.py:290: Suite splitting in effect</skipped></testcase><testcase classname="src.pymortests.vectorarray" file="src/pymortests/vectorarray.py" line="290" name="test_append_self[1-&lt;lambda&gt;6]" time="0.00041675567626953125"><skipped message="Suite splitting in effect" type="pytest.skip">src/pymortests/vectorarray.py:290: Suite splitting in effect</skipped></testcase><testcase classname="src.pymortests.vectorarray" file="src/pymortests/vectorarray.py" line="290" name="test_append_self[1-&lt;lambda&gt;7]" time="0.00043654441833496094"><skipped message="Suite splitting in effect" type="pytest.skip">src/pymortests/vectorarray.py:290: Suite splitting in effect</skipped></testcase><testcase classname="src.pymortests.vectorarray" file="src/pymortests/vectorarray.py" line="290" name="test_append_self[1-&lt;lambda&gt;8]" time="0.0004124641418457031"><skipped message="Suite splitting in effect" type="pytest.skip">src/pymortests/vectorarray.py:290: Suite splitting in effect</skipped></testcase><testcase classname="src.pymortests.vectorarray" file="src/pymortests/vectorarray.py" line="290" name="test_append_self[1-&lt;lambda&gt;9]" time="0.00041174888610839844"><skipped message="Suite splitting in effect" type="pytest.skip">src/pymortests/vectorarray.py:290: Suite splitting in effect</skipped></testcase><testcase classname="src.pymortests.vectorarray" file="src/pymortests/vectorarray.py" line="290" name="test_append_self[1-&lt;lambda&gt;10]" time="0.0005080699920654297"><skipped message="Suite splitting in effect" type="pytest.skip">src/pymortests/vectorarray.py:290: Suite splitting in effect</skipped></testcase><testcase classname="src.pymortests.vectorarray" file="src/pymortests/vectorarray.py" line="290" name="test_append_self[1-&lt;lambda&gt;11]" time="0.0004353523254394531"><skipped message="Suite splitting in effect" type="pytest.skip">src/pymortests/vectorarray.py:290: Suite splitting in effect</skipped></testcase><testcase classname="src.pymortests.vectorarray" file="src/pymortests/vectorarray.py" line="290" name="test_append_self[1-&lt;lambda&gt;12]" time="0.0004794597625732422"><skipped message="Suite splitting in effect" type="pytest.skip">src/pymortests/vectorarray.py:290: Suite splitting in effect</skipped></testcase><testcase classname="src.pymortests.vectorarray" file="src/pymortests/vectorarray.py" line="290" name="test_append_self[1-&lt;lambda&gt;13]" time="0.0004284381866455078"><skipped message="Suite splitting in effect" type="pytest.skip">src/pymortests/vectorarray.py:290: Suite splitting in effect</skipped></testcase><testcase classname="src.pymortests.vectorarray" file="src/pymortests/vectorarray.py" line="290" name="test_append_self[1-&lt;lambda&gt;14]" time="0.0004253387451171875"><skipped message="Suite splitting in effect" type="pytest.skip">src/pymortests/vectorarray.py:290: Suite splitting in effect</skipped></testcase><testcase classname="src.pymortests.vectorarray" file="src/pymortests/vectorarray.py" line="290" name="test_append_self[1-&lt;lambda&gt;15]" time="0.0004525184631347656"><skipped message="Suite splitting in effect" type="pytest.skip">src/pymortests/vectorarray.py:290: Suite splitting in effect</skipped></testcase><testcase classname="src.pymortests.vectorarray" file="src/pymortests/vectorarray.py" line="290" name="test_append_self[1-&lt;lambda&gt;16]" time="0.0004329681396484375"><skipped message="Suite splitting in effect" type="pytest.skip">src/pymortests/vectorarray.py:290: Suite splitting in effect</skipped></testcase><testcase classname="src.pymortests.vectorarray" file="src/pymortests/vectorarray.py" line="290" name="test_append_self[1-&lt;lambda&gt;17]" time="0.0004303455352783203"><skipped message="Suite splitting in effect" type="pytest.skip">src/pymortests/vectorarray.py:290: Suite splitting in effect</skipped></testcase><testcase classname="src.pymortests.vectorarray" file="src/pymortests/vectorarray.py" line="290" name="test_append_self[1-&lt;lambda&gt;18]" time="0.00043392181396484375"><skipped message="Suite splitting in effect" type="pytest.skip">src/pymortests/vectorarray.py:290: Suite splitting in effect</skipped></testcase><testcase classname="src.pymortests.vectorarray" file="src/pymortests/vectorarray.py" line="290" name="test_append_self[1-&lt;lambda&gt;19]" time="0.00042366981506347656"><skipped message="Suite splitting in effect" type="pytest.skip">src/pymortests/vectorarray.py:290: Suite splitting in effect</skipped></testcase><testcase classname="src.pymortests.vectorarray" file="src/pymortests/vectorarray.py" line="290" name="test_append_self[1-&lt;lambda&gt;20]" time="0.0003924369812011719"><skipped message="Suite splitting in effect" type="pytest.skip">src/pymortests/vectorarray.py:290: Suite splitting in effect</skipped></testcase><testcase classname="src.pymortests.vectorarray" file="src/pymortests/vectorarray.py" line="290" name="test_append_self[1-&lt;lambda&gt;21]" time="0.0004248619079589844"><skipped message="Suite splitting in effect" type="pytest.skip">src/pymortests/vectorarray.py:290: Suite splitting in effect</skipped></testcase><testcase classname="src.pymortests.vectorarray" file="src/pymortests/vectorarray.py" line="290" name="test_append_self[1-&lt;lambda&gt;22]" time="0.0004050731658935547"><skipped message="Suite splitting in effect" type="pytest.skip">src/pymortests/vectorarray.py:290: Suite splitting in effect</skipped></testcase><testcase classname="src.pymortests.vectorarray" file="src/pymortests/vectorarray.py" line="290" name="test_append_self[1-&lt;lambda&gt;23]" time="0.0003941059112548828"><skipped message="Suite splitting in effect" type="pytest.skip">src/pymortests/vectorarray.py:290: Suite splitting in effect</skipped></testcase><testcase classname="src.pymortests.vectorarray" file="src/pymortests/vectorarray.py" line="290" name="test_append_self[1-&lt;lambda&gt;24]" time="0.00040221214294433594"><skipped message="Suite splitting in effect" type="pytest.skip">src/pymortests/vectorarray.py:290: Suite splitting in effect</skipped></testcase><testcase classname="src.pymortests.vectorarray" file="src/pymortests/vectorarray.py" line="290" name="test_append_self[1-&lt;lambda&gt;25]" time="0.0004172325134277344"><skipped message="Suite splitting in effect" type="pytest.skip">src/pymortests/vectorarray.py:290: Suite splitting in effect</skipped></testcase><testcase classname="src.pymortests.vectorarray" file="src/pymortests/vectorarray.py" line="290" name="test_append_self[1-&lt;lambda&gt;26]" time="0.0003972053527832031"><skipped message="Suite splitting in effect" type="pytest.skip">src/pymortests/vectorarray.py:290: Suite splitting in effect</skipped></testcase><testcase classname="src.pymortests.vectorarray" file="src/pymortests/vectorarray.py" line="290" name="test_append_self[2-&lt;lambda&gt;0]" time="0.00040650367736816406"><skipped message="Suite splitting in effect" type="pytest.skip">src/pymortests/vectorarray.py:290: Suite splitting in effect</skipped></testcase><testcase classname="src.pymortests.vectorarray" file="src/pymortests/vectorarray.py" line="290" name="test_append_self[2-&lt;lambda&gt;1]" time="0.0004019737243652344"><skipped message="Suite splitting in effect" type="pytest.skip">src/pymortests/vectorarray.py:290: Suite splitting in effect</skipped></testcase><testcase classname="src.pymortests.vectorarray" file="src/pymortests/vectorarray.py" line="290" name="test_append_self[2-&lt;lambda&gt;2]" time="0.0004286766052246094"><skipped message="Suite splitting in effect" type="pytest.skip">src/pymortests/vectorarray.py:290: Suite splitting in effect</skipped></testcase><testcase classname="src.pymortests.vectorarray" file="src/pymortests/vectorarray.py" line="290" name="test_append_self[2-&lt;lambda&gt;3]" time="0.0004131793975830078"><skipped message="Suite splitting in effect" type="pytest.skip">src/pymortests/vectorarray.py:290: Suite splitting in effect</skipped></testcase><testcase classname="src.pymortests.vectorarray" file="src/pymortests/vectorarray.py" line="290" name="test_append_self[2-&lt;lambda&gt;4]" time="0.0004391670227050781"><skipped message="Suite splitting in effect" type="pytest.skip">src/pymortests/vectorarray.py:290: Suite splitting in effect</skipped></testcase><testcase classname="src.pymortests.vectorarray" file="src/pymortests/vectorarray.py" line="290" name="test_append_self[2-&lt;lambda&gt;5]" time="0.00040459632873535156"><skipped message="Suite splitting in effect" type="pytest.skip">src/pymortests/vectorarray.py:290: Suite splitting in effect</skipped></testcase><testcase classname="src.pymortests.vectorarray" file="src/pymortests/vectorarray.py" line="290" name="test_append_self[2-&lt;lambda&gt;6]" time="0.0005054473876953125"><skipped message="Suite splitting in effect" type="pytest.skip">src/pymortests/vectorarray.py:290: Suite splitting in effect</skipped></testcase><testcase classname="src.pymortests.vectorarray" file="src/pymortests/vectorarray.py" line="290" name="test_append_self[2-&lt;lambda&gt;7]" time="0.0004382133483886719"><skipped message="Suite splitting in effect" type="pytest.skip">src/pymortests/vectorarray.py:290: Suite splitting in effect</skipped></testcase><testcase classname="src.pymortests.vectorarray" file="src/pymortests/vectorarray.py" line="290" name="test_append_self[2-&lt;lambda&gt;8]" time="0.0004029273986816406"><skipped message="Suite splitting in effect" type="pytest.skip">src/pymortests/vectorarray.py:290: Suite splitting in effect</skipped></testcase><testcase classname="src.pymortests.vectorarray" file="src/pymortests/vectorarray.py" line="290" name="test_append_self[2-&lt;lambda&gt;9]" time="0.0004487037658691406"><skipped message="Suite splitting in effect" type="pytest.skip">src/pymortests/vectorarray.py:290: Suite splitting in effect</skipped></testcase><testcase classname="src.pymortests.vectorarray" file="src/pymortests/vectorarray.py" line="290" name="test_append_self[2-&lt;lambda&gt;10]" time="0.0004394054412841797"><skipped message="Suite splitting in effect" type="pytest.skip">src/pymortests/vectorarray.py:290: Suite splitting in effect</skipped></testcase><testcase classname="src.pymortests.vectorarray" file="src/pymortests/vectorarray.py" line="290" name="test_append_self[2-&lt;lambda&gt;11]" time="0.00045561790466308594"><skipped message="Suite splitting in effect" type="pytest.skip">src/pymortests/vectorarray.py:290: Suite splitting in effect</skipped></testcase><testcase classname="src.pymortests.vectorarray" file="src/pymortests/vectorarray.py" line="290" name="test_append_self[2-&lt;lambda&gt;12]" time="0.00042891502380371094"><skipped message="Suite splitting in effect" type="pytest.skip">src/pymortests/vectorarray.py:290: Suite splitting in effect</skipped></testcase><testcase classname="src.pymortests.vectorarray" file="src/pymortests/vectorarray.py" line="290" name="test_append_self[2-&lt;lambda&gt;13]" time="0.0004208087921142578"><skipped message="Suite splitting in effect" type="pytest.skip">src/pymortests/vectorarray.py:290: Suite splitting in effect</skipped></testcase><testcase classname="src.pymortests.vectorarray" file="src/pymortests/vectorarray.py" line="290" name="test_append_self[2-&lt;lambda&gt;14]" time="0.0004203319549560547"><skipped message="Suite splitting in effect" type="pytest.skip">src/pymortests/vectorarray.py:290: Suite splitting in effect</skipped></testcase><testcase classname="src.pymortests.vectorarray" file="src/pymortests/vectorarray.py" line="290" name="test_append_self[2-&lt;lambda&gt;15]" time="0.0004279613494873047"><skipped message="Suite splitting in effect" type="pytest.skip">src/pymortests/vectorarray.py:290: Suite splitting in effect</skipped></testcase><testcase classname="src.pymortests.vectorarray" file="src/pymortests/vectorarray.py" line="290" name="test_append_self[2-&lt;lambda&gt;16]" time="0.0004794597625732422"><skipped message="Suite splitting in effect" type="pytest.skip">src/pymortests/vectorarray.py:290: Suite splitting in effect</skipped></testcase><testcase classname="src.pymortests.vectorarray" file="src/pymortests/vectorarray.py" line="290" name="test_append_self[2-&lt;lambda&gt;17]" time="0.0006811618804931641"><skipped message="Suite splitting in effect" type="pytest.skip">src/pymortests/vectorarray.py:290: Suite splitting in effect</skipped></testcase><testcase classname="src.pymortests.vectorarray" file="src/pymortests/vectorarray.py" line="290" name="test_append_self[2-&lt;lambda&gt;18]" time="0.0005013942718505859"><skipped message="Suite splitting in effect" type="pytest.skip">src/pymortests/vectorarray.py:290: Suite splitting in effect</skipped></testcase><testcase classname="src.pymortests.vectorarray" file="src/pymortests/vectorarray.py" line="290" name="test_append_self[2-&lt;lambda&gt;19]" time="0.00041222572326660156"><skipped message="Suite splitting in effect" type="pytest.skip">src/pymortests/vectorarray.py:290: Suite splitting in effect</skipped></testcase><testcase classname="src.pymortests.vectorarray" file="src/pymortests/vectorarray.py" line="290" name="test_append_self[2-&lt;lambda&gt;20]" time="0.00043320655822753906"><skipped message="Suite splitting in effect" type="pytest.skip">src/pymortests/vectorarray.py:290: Suite splitting in effect</skipped></testcase><testcase classname="src.pymortests.vectorarray" file="src/pymortests/vectorarray.py" line="290" name="test_append_self[2-&lt;lambda&gt;21]" time="0.0004017353057861328"><skipped message="Suite splitting in effect" type="pytest.skip">src/pymortests/vectorarray.py:290: Suite splitting in effect</skipped></testcase><testcase classname="src.pymortests.vectorarray" file="src/pymortests/vectorarray.py" line="290" name="test_append_self[2-&lt;lambda&gt;22]" time="0.0004010200500488281"><skipped message="Suite splitting in effect" type="pytest.skip">src/pymortests/vectorarray.py:290: Suite splitting in effect</skipped></testcase><testcase classname="src.pymortests.vectorarray" file="src/pymortests/vectorarray.py" line="290" name="test_append_self[2-&lt;lambda&gt;23]" time="0.0004024505615234375"><skipped message="Suite splitting in effect" type="pytest.skip">src/pymortests/vectorarray.py:290: Suite splitting in effect</skipped></testcase><testcase classname="src.pymortests.vectorarray" file="src/pymortests/vectorarray.py" line="290" name="test_append_self[2-&lt;lambda&gt;24]" time="0.0004010200500488281"><skipped message="Suite splitting in effect" type="pytest.skip">src/pymortests/vectorarray.py:290: Suite splitting in effect</skipped></testcase><testcase classname="src.pymortests.vectorarray" file="src/pymortests/vectorarray.py" line="290" name="test_append_self[2-&lt;lambda&gt;25]" time="0.00042128562927246094"><skipped message="Suite splitting in effect" type="pytest.skip">src/pymortests/vectorarray.py:290: Suite splitting in effect</skipped></testcase><testcase classname="src.pymortests.vectorarray" file="src/pymortests/vectorarray.py" line="290" name="test_append_self[2-&lt;lambda&gt;26]" time="0.00043010711669921875"><skipped message="Suite splitting in effect" type="pytest.skip">src/pymortests/vectorarray.py:290: Suite splitting in effect</skipped></testcase><testcase classname="src.pymortests.vectorarray" file="src/pymortests/vectorarray.py" line="306" name="test_del[0-&lt;lambda&gt;0]" time="0.00045609474182128906"><skipped message="Suite splitting in effect" type="pytest.skip">src/pymortests/vectorarray.py:306: Suite splitting in effect</skipped></testcase><testcase classname="src.pymortests.vectorarray" file="src/pymortests/vectorarray.py" line="306" name="test_del[0-&lt;lambda&gt;1]" time="0.0004107952117919922"><skipped message="Suite splitting in effect" type="pytest.skip">src/pymortests/vectorarray.py:306: Suite splitting in effect</skipped></testcase><testcase classname="src.pymortests.vectorarray" file="src/pymortests/vectorarray.py" line="306" name="test_del[0-&lt;lambda&gt;2]" time="0.0004508495330810547"><skipped message="Suite splitting in effect" type="pytest.skip">src/pymortests/vectorarray.py:306: Suite splitting in effect</skipped></testcase><testcase classname="src.pymortests.vectorarray" file="src/pymortests/vectorarray.py" line="306" name="test_del[0-&lt;lambda&gt;3]" time="0.0004024505615234375"><skipped message="Suite splitting in effect" type="pytest.skip">src/pymortests/vectorarray.py:306: Suite splitting in effect</skipped></testcase><testcase classname="src.pymortests.vectorarray" file="src/pymortests/vectorarray.py" line="306" name="test_del[0-&lt;lambda&gt;4]" time="0.0004646778106689453"><skipped message="Suite splitting in effect" type="pytest.skip">src/pymortests/vectorarray.py:306: Suite splitting in effect</skipped></testcase><testcase classname="src.pymortests.vectorarray" file="src/pymortests/vectorarray.py" line="306" name="test_del[0-&lt;lambda&gt;5]" time="0.0004055500030517578"><skipped message="Suite splitting in effect" type="pytest.skip">src/pymortests/vectorarray.py:306: Suite splitting in effect</skipped></testcase><testcase classname="src.pymortests.vectorarray" file="src/pymortests/vectorarray.py" line="306" name="test_del[0-&lt;lambda&gt;6]" time="0.0004899501800537109"><skipped message="Suite splitting in effect" type="pytest.skip">src/pymortests/vectorarray.py:306: Suite splitting in effect</skipped></testcase><testcase classname="src.pymortests.vectorarray" file="src/pymortests/vectorarray.py" line="306" name="test_del[0-&lt;lambda&gt;7]" time="0.0004737377166748047"><skipped message="Suite splitting in effect" type="pytest.skip">src/pymortests/vectorarray.py:306: Suite splitting in effect</skipped></testcase><testcase classname="src.pymortests.vectorarray" file="src/pymortests/vectorarray.py" line="306" name="test_del[0-&lt;lambda&gt;8]" time="0.0004436969757080078"><skipped message="Suite splitting in effect" type="pytest.skip">src/pymortests/vectorarray.py:306: Suite splitting in effect</skipped></testcase><testcase classname="src.pymortests.vectorarray" file="src/pymortests/vectorarray.py" line="306" name="test_del[0-&lt;lambda&gt;9]" time="0.0004031658172607422"><skipped message="Suite splitting in effect" type="pytest.skip">src/pymortests/vectorarray.py:306: Suite splitting in effect</skipped></testcase><testcase classname="src.pymortests.vectorarray" file="src/pymortests/vectorarray.py" line="306" name="test_del[0-&lt;lambda&gt;10]" time="0.0004286766052246094"><skipped message="Suite splitting in effect" type="pytest.skip">src/pymortests/vectorarray.py:306: Suite splitting in effect</skipped></testcase><testcase classname="src.pymortests.vectorarray" file="src/pymortests/vectorarray.py" line="306" name="test_del[0-&lt;lambda&gt;11]" time="0.0004322528839111328"><skipped message="Suite splitting in effect" type="pytest.skip">src/pymortests/vectorarray.py:306: Suite splitting in effect</skipped></testcase><testcase classname="src.pymortests.vectorarray" file="src/pymortests/vectorarray.py" line="306" name="test_del[0-&lt;lambda&gt;12]" time="0.00043010711669921875"><skipped message="Suite splitting in effect" type="pytest.skip">src/pymortests/vectorarray.py:306: Suite splitting in effect</skipped></testcase><testcase classname="src.pymortests.vectorarray" file="src/pymortests/vectorarray.py" line="306" name="test_del[0-&lt;lambda&gt;13]" time="0.0004105567932128906"><skipped message="Suite splitting in effect" type="pytest.skip">src/pymortests/vectorarray.py:306: Suite splitting in effect</skipped></testcase><testcase classname="src.pymortests.vectorarray" file="src/pymortests/vectorarray.py" line="306" name="test_del[0-&lt;lambda&gt;14]" time="0.00045609474182128906"><skipped message="Suite splitting in effect" type="pytest.skip">src/pymortests/vectorarray.py:306: Suite splitting in effect</skipped></testcase><testcase classname="src.pymortests.vectorarray" file="src/pymortests/vectorarray.py" line="306" name="test_del[0-&lt;lambda&gt;15]" time="0.0004143714904785156"><skipped message="Suite splitting in effect" type="pytest.skip">src/pymortests/vectorarray.py:306: Suite splitting in effect</skipped></testcase><testcase classname="src.pymortests.vectorarray" file="src/pymortests/vectorarray.py" line="306" name="test_del[0-&lt;lambda&gt;16]" time="0.0004658699035644531"><skipped message="Suite splitting in effect" type="pytest.skip">src/pymortests/vectorarray.py:306: Suite splitting in effect</skipped></testcase><testcase classname="src.pymortests.vectorarray" file="src/pymortests/vectorarray.py" line="306" name="test_del[0-&lt;lambda&gt;17]" time="0.000431060791015625"><skipped message="Suite splitting in effect" type="pytest.skip">src/pymortests/vectorarray.py:306: Suite splitting in effect</skipped></testcase><testcase classname="src.pymortests.vectorarray" file="src/pymortests/vectorarray.py" line="306" name="test_del[0-&lt;lambda&gt;18]" time="0.000431060791015625"><skipped message="Suite splitting in effect" type="pytest.skip">src/pymortests/vectorarray.py:306: Suite splitting in effect</skipped></testcase><testcase classname="src.pymortests.vectorarray" file="src/pymortests/vectorarray.py" line="306" name="test_del[0-&lt;lambda&gt;19]" time="0.0004324913024902344"><skipped message="Suite splitting in effect" type="pytest.skip">src/pymortests/vectorarray.py:306: Suite splitting in effect</skipped></testcase><testcase classname="src.pymortests.vectorarray" file="src/pymortests/vectorarray.py" line="306" name="test_del[0-&lt;lambda&gt;20]" time="0.0004200935363769531"><skipped message="Suite splitting in effect" type="pytest.skip">src/pymortests/vectorarray.py:306: Suite splitting in effect</skipped></testcase><testcase classname="src.pymortests.vectorarray" file="src/pymortests/vectorarray.py" line="306" name="test_del[0-&lt;lambda&gt;21]" time="0.0004324913024902344"><skipped message="Suite splitting in effect" type="pytest.skip">src/pymortests/vectorarray.py:306: Suite splitting in effect</skipped></testcase><testcase classname="src.pymortests.vectorarray" file="src/pymortests/vectorarray.py" line="306" name="test_del[0-&lt;lambda&gt;22]" time="0.00042319297790527344"><skipped message="Suite splitting in effect" type="pytest.skip">src/pymortests/vectorarray.py:306: Suite splitting in effect</skipped></testcase><testcase classname="src.pymortests.vectorarray" file="src/pymortests/vectorarray.py" line="306" name="test_del[0-&lt;lambda&gt;23]" time="0.0007722377777099609"><skipped message="Suite splitting in effect" type="pytest.skip">src/pymortests/vectorarray.py:306: Suite splitting in effect</skipped></testcase><testcase classname="src.pymortests.vectorarray" file="src/pymortests/vectorarray.py" line="306" name="test_del[0-&lt;lambda&gt;24]" time="0.0004229545593261719"><skipped message="Suite splitting in effect" type="pytest.skip">src/pymortests/vectorarray.py:306: Suite splitting in effect</skipped></testcase><testcase classname="src.pymortests.vectorarray" file="src/pymortests/vectorarray.py" line="306" name="test_del[0-&lt;lambda&gt;25]" time="0.0004875659942626953"><skipped message="Suite splitting in effect" type="pytest.skip">src/pymortests/vectorarray.py:306: Suite splitting in effect</skipped></testcase><testcase classname="src.pymortests.vectorarray" file="src/pymortests/vectorarray.py" line="306" name="test_del[0-&lt;lambda&gt;26]" time="0.00044798851013183594"><skipped message="Suite splitting in effect" type="pytest.skip">src/pymortests/vectorarray.py:306: Suite splitting in effect</skipped></testcase><testcase classname="src.pymortests.vectorarray" file="src/pymortests/vectorarray.py" line="306" name="test_del[1-&lt;lambda&gt;0]" time="0.0004074573516845703"><skipped message="Suite splitting in effect" type="pytest.skip">src/pymortests/vectorarray.py:306: Suite splitting in effect</skipped></testcase><testcase classname="src.pymortests.vectorarray" file="src/pymortests/vectorarray.py" line="306" name="test_del[1-&lt;lambda&gt;1]" time="0.0004725456237792969"><skipped message="Suite splitting in effect" type="pytest.skip">src/pymortests/vectorarray.py:306: Suite splitting in effect</skipped></testcase><testcase classname="src.pymortests.vectorarray" file="src/pymortests/vectorarray.py" line="306" name="test_del[1-&lt;lambda&gt;2]" time="0.0004591941833496094"><skipped message="Suite splitting in effect" type="pytest.skip">src/pymortests/vectorarray.py:306: Suite splitting in effect</skipped></testcase><testcase classname="src.pymortests.vectorarray" file="src/pymortests/vectorarray.py" line="306" name="test_del[1-&lt;lambda&gt;3]" time="0.000415802001953125"><skipped message="Suite splitting in effect" type="pytest.skip">src/pymortests/vectorarray.py:306: Suite splitting in effect</skipped></testcase><testcase classname="src.pymortests.vectorarray" file="src/pymortests/vectorarray.py" line="306" name="test_del[1-&lt;lambda&gt;4]" time="0.00045871734619140625"><skipped message="Suite splitting in effect" type="pytest.skip">src/pymortests/vectorarray.py:306: Suite splitting in effect</skipped></testcase><testcase classname="src.pymortests.vectorarray" file="src/pymortests/vectorarray.py" line="306" name="test_del[1-&lt;lambda&gt;5]" time="0.0004315376281738281"><skipped message="Suite splitting in effect" type="pytest.skip">src/pymortests/vectorarray.py:306: Suite splitting in effect</skipped></testcase><testcase classname="src.pymortests.vectorarray" file="src/pymortests/vectorarray.py" line="306" name="test_del[1-&lt;lambda&gt;6]" time="0.0004048347473144531"><skipped message="Suite splitting in effect" type="pytest.skip">src/pymortests/vectorarray.py:306: Suite splitting in effect</skipped></testcase><testcase classname="src.pymortests.vectorarray" file="src/pymortests/vectorarray.py" line="306" name="test_del[1-&lt;lambda&gt;7]" time="0.0004830360412597656"><skipped message="Suite splitting in effect" type="pytest.skip">src/pymortests/vectorarray.py:306: Suite splitting in effect</skipped></testcase><testcase classname="src.pymortests.vectorarray" file="src/pymortests/vectorarray.py" line="306" name="test_del[1-&lt;lambda&gt;8]" time="0.0004062652587890625"><skipped message="Suite splitting in effect" type="pytest.skip">src/pymortests/vectorarray.py:306: Suite splitting in effect</skipped></testcase><testcase classname="src.pymortests.vectorarray" file="src/pymortests/vectorarray.py" line="306" name="test_del[1-&lt;lambda&gt;9]" time="0.0004189014434814453"><skipped message="Suite splitting in effect" type="pytest.skip">src/pymortests/vectorarray.py:306: Suite splitting in effect</skipped></testcase><testcase classname="src.pymortests.vectorarray" file="src/pymortests/vectorarray.py" line="306" name="test_del[1-&lt;lambda&gt;10]" time="0.0004088878631591797"><skipped message="Suite splitting in effect" type="pytest.skip">src/pymortests/vectorarray.py:306: Suite splitting in effect</skipped></testcase><testcase classname="src.pymortests.vectorarray" file="src/pymortests/vectorarray.py" line="306" name="test_del[1-&lt;lambda&gt;11]" time="0.00042366981506347656"><skipped message="Suite splitting in effect" type="pytest.skip">src/pymortests/vectorarray.py:306: Suite splitting in effect</skipped></testcase><testcase classname="src.pymortests.vectorarray" file="src/pymortests/vectorarray.py" line="306" name="test_del[1-&lt;lambda&gt;12]" time="0.0004162788391113281"><skipped message="Suite splitting in effect" type="pytest.skip">src/pymortests/vectorarray.py:306: Suite splitting in effect</skipped></testcase><testcase classname="src.pymortests.vectorarray" file="src/pymortests/vectorarray.py" line="306" name="test_del[1-&lt;lambda&gt;13]" time="0.00040030479431152344"><skipped message="Suite splitting in effect" type="pytest.skip">src/pymortests/vectorarray.py:306: Suite splitting in effect</skipped></testcase><testcase classname="src.pymortests.vectorarray" file="src/pymortests/vectorarray.py" line="306" name="test_del[1-&lt;lambda&gt;14]" time="0.00040531158447265625"><skipped message="Suite splitting in effect" type="pytest.skip">src/pymortests/vectorarray.py:306: Suite splitting in effect</skipped></testcase><testcase classname="src.pymortests.vectorarray" file="src/pymortests/vectorarray.py" line="306" name="test_del[1-&lt;lambda&gt;15]" time="0.00040602684020996094"><skipped message="Suite splitting in effect" type="pytest.skip">src/pymortests/vectorarray.py:306: Suite splitting in effect</skipped></testcase><testcase classname="src.pymortests.vectorarray" file="src/pymortests/vectorarray.py" line="306" name="test_del[1-&lt;lambda&gt;16]" time="0.0004038810729980469"><skipped message="Suite splitting in effect" type="pytest.skip">src/pymortests/vectorarray.py:306: Suite splitting in effect</skipped></testcase><testcase classname="src.pymortests.vectorarray" file="src/pymortests/vectorarray.py" line="306" name="test_del[1-&lt;lambda&gt;17]" time="0.00040221214294433594"><skipped message="Suite splitting in effect" type="pytest.skip">src/pymortests/vectorarray.py:306: Suite splitting in effect</skipped></testcase><testcase classname="src.pymortests.vectorarray" file="src/pymortests/vectorarray.py" line="306" name="test_del[1-&lt;lambda&gt;18]" time="0.0004253387451171875"><skipped message="Suite splitting in effect" type="pytest.skip">src/pymortests/vectorarray.py:306: Suite splitting in effect</skipped></testcase><testcase classname="src.pymortests.vectorarray" file="src/pymortests/vectorarray.py" line="306" name="test_del[1-&lt;lambda&gt;19]" time="0.0004119873046875"><skipped message="Suite splitting in effect" type="pytest.skip">src/pymortests/vectorarray.py:306: Suite splitting in effect</skipped></testcase><testcase classname="src.pymortests.vectorarray" file="src/pymortests/vectorarray.py" line="306" name="test_del[1-&lt;lambda&gt;20]" time="0.0003914833068847656"><skipped message="Suite splitting in effect" type="pytest.skip">src/pymortests/vectorarray.py:306: Suite splitting in effect</skipped></testcase><testcase classname="src.pymortests.vectorarray" file="src/pymortests/vectorarray.py" line="306" name="test_del[1-&lt;lambda&gt;21]" time="0.0004401206970214844"><skipped message="Suite splitting in effect" type="pytest.skip">src/pymortests/vectorarray.py:306: Suite splitting in effect</skipped></testcase><testcase classname="src.pymortests.vectorarray" file="src/pymortests/vectorarray.py" line="306" name="test_del[1-&lt;lambda&gt;22]" time="0.0004031658172607422"><skipped message="Suite splitting in effect" type="pytest.skip">src/pymortests/vectorarray.py:306: Suite splitting in effect</skipped></testcase><testcase classname="src.pymortests.vectorarray" file="src/pymortests/vectorarray.py" line="306" name="test_del[1-&lt;lambda&gt;23]" time="0.000400543212890625"><skipped message="Suite splitting in effect" type="pytest.skip">src/pymortests/vectorarray.py:306: Suite splitting in effect</skipped></testcase><testcase classname="src.pymortests.vectorarray" file="src/pymortests/vectorarray.py" line="306" name="test_del[1-&lt;lambda&gt;24]" time="0.0004608631134033203"><skipped message="Suite splitting in effect" type="pytest.skip">src/pymortests/vectorarray.py:306: Suite splitting in effect</skipped></testcase><testcase classname="src.pymortests.vectorarray" file="src/pymortests/vectorarray.py" line="306" name="test_del[1-&lt;lambda&gt;25]" time="0.00042319297790527344"><skipped message="Suite splitting in effect" type="pytest.skip">src/pymortests/vectorarray.py:306: Suite splitting in effect</skipped></testcase><testcase classname="src.pymortests.vectorarray" file="src/pymortests/vectorarray.py" line="306" name="test_del[1-&lt;lambda&gt;26]" time="0.00039958953857421875"><skipped message="Suite splitting in effect" type="pytest.skip">src/pymortests/vectorarray.py:306: Suite splitting in effect</skipped></testcase><testcase classname="src.pymortests.vectorarray" file="src/pymortests/vectorarray.py" line="306" name="test_del[2-&lt;lambda&gt;0]" time="0.00045561790466308594"><skipped message="Suite splitting in effect" type="pytest.skip">src/pymortests/vectorarray.py:306: Suite splitting in effect</skipped></testcase><testcase classname="src.pymortests.vectorarray" file="src/pymortests/vectorarray.py" line="306" name="test_del[2-&lt;lambda&gt;1]" time="0.00039505958557128906"><skipped message="Suite splitting in effect" type="pytest.skip">src/pymortests/vectorarray.py:306: Suite splitting in effect</skipped></testcase><testcase classname="src.pymortests.vectorarray" file="src/pymortests/vectorarray.py" line="306" name="test_del[2-&lt;lambda&gt;2]" time="0.000423431396484375"><skipped message="Suite splitting in effect" type="pytest.skip">src/pymortests/vectorarray.py:306: Suite splitting in effect</skipped></testcase><testcase classname="src.pymortests.vectorarray" file="src/pymortests/vectorarray.py" line="306" name="test_del[2-&lt;lambda&gt;3]" time="0.00040435791015625"><skipped message="Suite splitting in effect" type="pytest.skip">src/pymortests/vectorarray.py:306: Suite splitting in effect</skipped></testcase><testcase classname="src.pymortests.vectorarray" file="src/pymortests/vectorarray.py" line="306" name="test_del[2-&lt;lambda&gt;4]" time="0.00043010711669921875"><skipped message="Suite splitting in effect" type="pytest.skip">src/pymortests/vectorarray.py:306: Suite splitting in effect</skipped></testcase><testcase classname="src.pymortests.vectorarray" file="src/pymortests/vectorarray.py" line="306" name="test_del[2-&lt;lambda&gt;5]" time="0.0004000663757324219"><skipped message="Suite splitting in effect" type="pytest.skip">src/pymortests/vectorarray.py:306: Suite splitting in effect</skipped></testcase><testcase classname="src.pymortests.vectorarray" file="src/pymortests/vectorarray.py" line="306" name="test_del[2-&lt;lambda&gt;6]" time="0.00042724609375"><skipped message="Suite splitting in effect" type="pytest.skip">src/pymortests/vectorarray.py:306: Suite splitting in effect</skipped></testcase><testcase classname="src.pymortests.vectorarray" file="src/pymortests/vectorarray.py" line="306" name="test_del[2-&lt;lambda&gt;7]" time="0.00042748451232910156"><skipped message="Suite splitting in effect" type="pytest.skip">src/pymortests/vectorarray.py:306: Suite splitting in effect</skipped></testcase><testcase classname="src.pymortests.vectorarray" file="src/pymortests/vectorarray.py" line="306" name="test_del[2-&lt;lambda&gt;8]" time="0.0003962516784667969"><skipped message="Suite splitting in effect" type="pytest.skip">src/pymortests/vectorarray.py:306: Suite splitting in effect</skipped></testcase><testcase classname="src.pymortests.vectorarray" file="src/pymortests/vectorarray.py" line="306" name="test_del[2-&lt;lambda&gt;9]" time="0.00039887428283691406"><skipped message="Suite splitting in effect" type="pytest.skip">src/pymortests/vectorarray.py:306: Suite splitting in effect</skipped></testcase><testcase classname="src.pymortests.vectorarray" file="src/pymortests/vectorarray.py" line="306" name="test_del[2-&lt;lambda&gt;10]" time="0.000392913818359375"><skipped message="Suite splitting in effect" type="pytest.skip">src/pymortests/vectorarray.py:306: Suite splitting in effect</skipped></testcase><testcase classname="src.pymortests.vectorarray" file="src/pymortests/vectorarray.py" line="306" name="test_del[2-&lt;lambda&gt;11]" time="0.0004246234893798828"><skipped message="Suite splitting in effect" type="pytest.skip">src/pymortests/vectorarray.py:306: Suite splitting in effect</skipped></testcase><testcase classname="src.pymortests.vectorarray" file="src/pymortests/vectorarray.py" line="306" name="test_del[2-&lt;lambda&gt;12]" time="0.0004277229309082031"><skipped message="Suite splitting in effect" type="pytest.skip">src/pymortests/vectorarray.py:306: Suite splitting in effect</skipped></testcase><testcase classname="src.pymortests.vectorarray" file="src/pymortests/vectorarray.py" line="306" name="test_del[2-&lt;lambda&gt;13]" time="0.0004303455352783203"><skipped message="Suite splitting in effect" type="pytest.skip">src/pymortests/vectorarray.py:306: Suite splitting in effect</skipped></testcase><testcase classname="src.pymortests.vectorarray" file="src/pymortests/vectorarray.py" line="306" name="test_del[2-&lt;lambda&gt;14]" time="0.00041103363037109375"><skipped message="Suite splitting in effect" type="pytest.skip">src/pymortests/vectorarray.py:306: Suite splitting in effect</skipped></testcase><testcase classname="src.pymortests.vectorarray" file="src/pymortests/vectorarray.py" line="306" name="test_del[2-&lt;lambda&gt;15]" time="0.0004546642303466797"><skipped message="Suite splitting in effect" type="pytest.skip">src/pymortests/vectorarray.py:306: Suite splitting in effect</skipped></testcase><testcase classname="src.pymortests.vectorarray" file="src/pymortests/vectorarray.py" line="306" name="test_del[2-&lt;lambda&gt;16]" time="0.00039887428283691406"><skipped message="Suite splitting in effect" type="pytest.skip">src/pymortests/vectorarray.py:306: Suite splitting in effect</skipped></testcase><testcase classname="src.pymortests.vectorarray" file="src/pymortests/vectorarray.py" line="306" name="test_del[2-&lt;lambda&gt;17]" time="0.011394500732421875"></testcase><testcase classname="src.pymortests.vectorarray" file="src/pymortests/vectorarray.py" line="306" name="test_del[2-&lt;lambda&gt;18]" time="0.010885000228881836"></testcase><testcase classname="src.pymortests.vectorarray" file="src/pymortests/vectorarray.py" line="306" name="test_del[2-&lt;lambda&gt;19]" time="0.012827873229980469"></testcase><testcase classname="src.pymortests.vectorarray" file="src/pymortests/vectorarray.py" line="306" name="test_del[2-&lt;lambda&gt;20]" time="0.04177737236022949"></testcase><testcase classname="src.pymortests.vectorarray" file="src/pymortests/vectorarray.py" line="306" name="test_del[2-&lt;lambda&gt;21]" time="0.08925247192382812"></testcase><testcase classname="src.pymortests.vectorarray" file="src/pymortests/vectorarray.py" line="306" name="test_del[2-&lt;lambda&gt;22]" time="0.005983829498291016"><system-out> set global mesh
 set global mesh
 Update mesh topology
 Update edges 
 Update faces 
 Update clusters
</system-out></testcase><testcase classname="src.pymortests.vectorarray" file="src/pymortests/vectorarray.py" line="306" name="test_del[2-&lt;lambda&gt;23]" time="0.00428318977355957"><system-out> set global mesh
 set global mesh
 Update mesh topology
 Update edges 
 Update faces 
 Update clusters
</system-out></testcase><testcase classname="src.pymortests.vectorarray" file="src/pymortests/vectorarray.py" line="306" name="test_del[2-&lt;lambda&gt;24]" time="0.007136344909667969"><system-out> set global mesh
 set global mesh
 Update mesh topology
 Update edges 
 Update faces 
 Update clusters
</system-out></testcase><testcase classname="src.pymortests.vectorarray" file="src/pymortests/vectorarray.py" line="306" name="test_del[2-&lt;lambda&gt;25]" time="0.05223870277404785"><system-out> set global mesh
 set global mesh
 Update mesh topology
 Update edges 
 Update faces 
 Update clusters
</system-out></testcase><testcase classname="src.pymortests.vectorarray" file="src/pymortests/vectorarray.py" line="306" name="test_del[2-&lt;lambda&gt;26]" time="0.12199664115905762"></testcase><testcase classname="src.pymortests.vectorarray" file="src/pymortests/vectorarray.py" line="323" name="test_scal[0-&lt;lambda&gt;0]" time="0.021340370178222656"></testcase><testcase classname="src.pymortests.vectorarray" file="src/pymortests/vectorarray.py" line="323" name="test_scal[0-&lt;lambda&gt;1]" time="0.02318572998046875"></testcase><testcase classname="src.pymortests.vectorarray" file="src/pymortests/vectorarray.py" line="323" name="test_scal[0-&lt;lambda&gt;2]" time="0.025024890899658203"></testcase><testcase classname="src.pymortests.vectorarray" file="src/pymortests/vectorarray.py" line="323" name="test_scal[0-&lt;lambda&gt;3]" time="0.026541471481323242"></testcase><testcase classname="src.pymortests.vectorarray" file="src/pymortests/vectorarray.py" line="323" name="test_scal[0-&lt;lambda&gt;4]" time="0.027904510498046875"></testcase><testcase classname="src.pymortests.vectorarray" file="src/pymortests/vectorarray.py" line="323" name="test_scal[0-&lt;lambda&gt;5]" time="0.01933121681213379"></testcase><testcase classname="src.pymortests.vectorarray" file="src/pymortests/vectorarray.py" line="323" name="test_scal[0-&lt;lambda&gt;6]" time="0.020247220993041992"></testcase><testcase classname="src.pymortests.vectorarray" file="src/pymortests/vectorarray.py" line="323" name="test_scal[0-&lt;lambda&gt;7]" time="0.022076129913330078"></testcase><testcase classname="src.pymortests.vectorarray" file="src/pymortests/vectorarray.py" line="323" name="test_scal[0-&lt;lambda&gt;8]" time="0.09673428535461426"></testcase><testcase classname="src.pymortests.vectorarray" file="src/pymortests/vectorarray.py" line="323" name="test_scal[0-&lt;lambda&gt;9]" time="0.17789149284362793"></testcase><testcase classname="src.pymortests.vectorarray" file="src/pymortests/vectorarray.py" line="323" name="test_scal[0-&lt;lambda&gt;10]" time="0.04098820686340332"></testcase><testcase classname="src.pymortests.vectorarray" file="src/pymortests/vectorarray.py" line="323" name="test_scal[0-&lt;lambda&gt;11]" time="0.03773236274719238"></testcase><testcase classname="src.pymortests.vectorarray" file="src/pymortests/vectorarray.py" line="323" name="test_scal[0-&lt;lambda&gt;12]" time="0.03531599044799805"></testcase><testcase classname="src.pymortests.vectorarray" file="src/pymortests/vectorarray.py" line="323" name="test_scal[0-&lt;lambda&gt;13]" time="0.027476787567138672"></testcase><testcase classname="src.pymortests.vectorarray" file="src/pymortests/vectorarray.py" line="323" name="test_scal[0-&lt;lambda&gt;14]" time="0.03812456130981445"></testcase><testcase classname="src.pymortests.vectorarray" file="src/pymortests/vectorarray.py" line="323" name="test_scal[0-&lt;lambda&gt;15]" time="0.05683016777038574"></testcase><testcase classname="src.pymortests.vectorarray" file="src/pymortests/vectorarray.py" line="323" name="test_scal[0-&lt;lambda&gt;16]" time="0.060073137283325195"></testcase><testcase classname="src.pymortests.vectorarray" file="src/pymortests/vectorarray.py" line="323" name="test_scal[0-&lt;lambda&gt;17]" time="0.053548336029052734"></testcase><testcase classname="src.pymortests.vectorarray" file="src/pymortests/vectorarray.py" line="323" name="test_scal[0-&lt;lambda&gt;18]" time="0.05363774299621582"></testcase><testcase classname="src.pymortests.vectorarray" file="src/pymortests/vectorarray.py" line="323" name="test_scal[0-&lt;lambda&gt;19]" time="0.06525516510009766"></testcase><testcase classname="src.pymortests.vectorarray" file="src/pymortests/vectorarray.py" line="323" name="test_scal[0-&lt;lambda&gt;20]" time="0.2115488052368164"></testcase><testcase classname="src.pymortests.vectorarray" file="src/pymortests/vectorarray.py" line="323" name="test_scal[0-&lt;lambda&gt;21]" time="0.46361470222473145"></testcase><testcase classname="src.pymortests.vectorarray" file="src/pymortests/vectorarray.py" line="323" name="test_scal[0-&lt;lambda&gt;22]" time="0.02092266082763672"></testcase><testcase classname="src.pymortests.vectorarray" file="src/pymortests/vectorarray.py" line="323" name="test_scal[0-&lt;lambda&gt;23]" time="0.020148277282714844"></testcase><testcase classname="src.pymortests.vectorarray" file="src/pymortests/vectorarray.py" line="323" name="test_scal[0-&lt;lambda&gt;24]" time="0.0351710319519043"></testcase><testcase classname="src.pymortests.vectorarray" file="src/pymortests/vectorarray.py" line="323" name="test_scal[0-&lt;lambda&gt;25]" time="0.2855203151702881"></testcase><testcase classname="src.pymortests.vectorarray" file="src/pymortests/vectorarray.py" line="323" name="test_scal[0-&lt;lambda&gt;26]" time="0.6373872756958008"></testcase><testcase classname="src.pymortests.vectorarray" file="src/pymortests/vectorarray.py" line="323" name="test_scal[1-&lt;lambda&gt;0]" time="0.020290374755859375"></testcase><testcase classname="src.pymortests.vectorarray" file="src/pymortests/vectorarray.py" line="323" name="test_scal[1-&lt;lambda&gt;1]" time="0.024384260177612305"></testcase><testcase classname="src.pymortests.vectorarray" file="src/pymortests/vectorarray.py" line="323" name="test_scal[1-&lt;lambda&gt;2]" time="0.02042365074157715"></testcase><testcase classname="src.pymortests.vectorarray" file="src/pymortests/vectorarray.py" line="323" name="test_scal[1-&lt;lambda&gt;3]" time="0.024825572967529297"></testcase><testcase classname="src.pymortests.vectorarray" file="src/pymortests/vectorarray.py" line="323" name="test_scal[1-&lt;lambda&gt;4]" time="0.024233341217041016"></testcase><testcase classname="src.pymortests.vectorarray" file="src/pymortests/vectorarray.py" line="323" name="test_scal[1-&lt;lambda&gt;5]" time="0.01702427864074707"></testcase><testcase classname="src.pymortests.vectorarray" file="src/pymortests/vectorarray.py" line="323" name="test_scal[1-&lt;lambda&gt;6]" time="0.01744246482849121"></testcase><testcase classname="src.pymortests.vectorarray" file="src/pymortests/vectorarray.py" line="323" name="test_scal[1-&lt;lambda&gt;7]" time="0.019768476486206055"></testcase><testcase classname="src.pymortests.vectorarray" file="src/pymortests/vectorarray.py" line="323" name="test_scal[1-&lt;lambda&gt;8]" time="0.09549808502197266"></testcase><testcase classname="src.pymortests.vectorarray" file="src/pymortests/vectorarray.py" line="323" name="test_scal[1-&lt;lambda&gt;9]" time="0.17391347885131836"></testcase><testcase classname="src.pymortests.vectorarray" file="src/pymortests/vectorarray.py" line="323" name="test_scal[1-&lt;lambda&gt;10]" time="0.038674354553222656"></testcase><testcase classname="src.pymortests.vectorarray" file="src/pymortests/vectorarray.py" line="323" name="test_scal[1-&lt;lambda&gt;11]" time="0.03782844543457031"></testcase><testcase classname="src.pymortests.vectorarray" file="src/pymortests/vectorarray.py" line="323" name="test_scal[1-&lt;lambda&gt;12]" time="0.03789639472961426"></testcase><testcase classname="src.pymortests.vectorarray" file="src/pymortests/vectorarray.py" line="323" name="test_scal[1-&lt;lambda&gt;13]" time="0.028416872024536133"></testcase><testcase classname="src.pymortests.vectorarray" file="src/pymortests/vectorarray.py" line="323" name="test_scal[1-&lt;lambda&gt;14]" time="0.03795623779296875"></testcase><testcase classname="src.pymortests.vectorarray" file="src/pymortests/vectorarray.py" line="323" name="test_scal[1-&lt;lambda&gt;15]" time="0.05741620063781738"></testcase><testcase classname="src.pymortests.vectorarray" file="src/pymortests/vectorarray.py" line="323" name="test_scal[1-&lt;lambda&gt;16]" time="0.06536030769348145"></testcase><testcase classname="src.pymortests.vectorarray" file="src/pymortests/vectorarray.py" line="323" name="test_scal[1-&lt;lambda&gt;17]" time="0.055397748947143555"></testcase><testcase classname="src.pymortests.vectorarray" file="src/pymortests/vectorarray.py" line="323" name="test_scal[1-&lt;lambda&gt;18]" time="0.055737972259521484"></testcase><testcase classname="src.pymortests.vectorarray" file="src/pymortests/vectorarray.py" line="323" name="test_scal[1-&lt;lambda&gt;19]" time="0.06946802139282227"></testcase><testcase classname="src.pymortests.vectorarray" file="src/pymortests/vectorarray.py" line="323" name="test_scal[1-&lt;lambda&gt;20]" time="0.2085251808166504"></testcase><testcase classname="src.pymortests.vectorarray" file="src/pymortests/vectorarray.py" line="323" name="test_scal[1-&lt;lambda&gt;21]" time="0.43453311920166016"></testcase><testcase classname="src.pymortests.vectorarray" file="src/pymortests/vectorarray.py" line="323" name="test_scal[1-&lt;lambda&gt;22]" time="0.01920032501220703"></testcase><testcase classname="src.pymortests.vectorarray" file="src/pymortests/vectorarray.py" line="323" name="test_scal[1-&lt;lambda&gt;23]" time="0.01893162727355957"></testcase><testcase classname="src.pymortests.vectorarray" file="src/pymortests/vectorarray.py" line="323" name="test_scal[1-&lt;lambda&gt;24]" time="0.030144929885864258"></testcase><testcase classname="src.pymortests.vectorarray" file="src/pymortests/vectorarray.py" line="323" name="test_scal[1-&lt;lambda&gt;25]" time="0.32008790969848633"></testcase><testcase classname="src.pymortests.vectorarray" file="src/pymortests/vectorarray.py" line="323" name="test_scal[1-&lt;lambda&gt;26]" time="0.6856200695037842"></testcase><testcase classname="src.pymortests.vectorarray" file="src/pymortests/vectorarray.py" line="323" name="test_scal[2-&lt;lambda&gt;0]" time="0.021077871322631836"></testcase><testcase classname="src.pymortests.vectorarray" file="src/pymortests/vectorarray.py" line="323" name="test_scal[2-&lt;lambda&gt;1]" time="0.021581172943115234"></testcase><testcase classname="src.pymortests.vectorarray" file="src/pymortests/vectorarray.py" line="323" name="test_scal[2-&lt;lambda&gt;2]" time="0.020657777786254883"></testcase><testcase classname="src.pymortests.vectorarray" file="src/pymortests/vectorarray.py" line="323" name="test_scal[2-&lt;lambda&gt;3]" time="0.02414703369140625"></testcase><testcase classname="src.pymortests.vectorarray" file="src/pymortests/vectorarray.py" line="323" name="test_scal[2-&lt;lambda&gt;4]" time="0.024054288864135742"></testcase><testcase classname="src.pymortests.vectorarray" file="src/pymortests/vectorarray.py" line="323" name="test_scal[2-&lt;lambda&gt;5]" time="0.017635345458984375"></testcase><testcase classname="src.pymortests.vectorarray" file="src/pymortests/vectorarray.py" line="323" name="test_scal[2-&lt;lambda&gt;6]" time="0.017382144927978516"></testcase><testcase classname="src.pymortests.vectorarray" file="src/pymortests/vectorarray.py" line="323" name="test_scal[2-&lt;lambda&gt;7]" time="0.0207216739654541"></testcase><testcase classname="src.pymortests.vectorarray" file="src/pymortests/vectorarray.py" line="323" name="test_scal[2-&lt;lambda&gt;8]" time="0.09428000450134277"></testcase><testcase classname="src.pymortests.vectorarray" file="src/pymortests/vectorarray.py" line="323" name="test_scal[2-&lt;lambda&gt;9]" time="0.17666912078857422"></testcase><testcase classname="src.pymortests.vectorarray" file="src/pymortests/vectorarray.py" line="323" name="test_scal[2-&lt;lambda&gt;10]" time="0.038437604904174805"></testcase><testcase classname="src.pymortests.vectorarray" file="src/pymortests/vectorarray.py" line="323" name="test_scal[2-&lt;lambda&gt;11]" time="0.03886747360229492"></testcase><testcase classname="src.pymortests.vectorarray" file="src/pymortests/vectorarray.py" line="323" name="test_scal[2-&lt;lambda&gt;12]" time="0.03554344177246094"></testcase><testcase classname="src.pymortests.vectorarray" file="src/pymortests/vectorarray.py" line="323" name="test_scal[2-&lt;lambda&gt;13]" time="0.02894425392150879"></testcase><testcase classname="src.pymortests.vectorarray" file="src/pymortests/vectorarray.py" line="323" name="test_scal[2-&lt;lambda&gt;14]" time="0.039043426513671875"></testcase><testcase classname="src.pymortests.vectorarray" file="src/pymortests/vectorarray.py" line="323" name="test_scal[2-&lt;lambda&gt;15]" time="0.05491018295288086"></testcase><testcase classname="src.pymortests.vectorarray" file="src/pymortests/vectorarray.py" line="323" name="test_scal[2-&lt;lambda&gt;16]" time="0.06346678733825684"></testcase><testcase classname="src.pymortests.vectorarray" file="src/pymortests/vectorarray.py" line="323" name="test_scal[2-&lt;lambda&gt;17]" time="0.05871272087097168"></testcase><testcase classname="src.pymortests.vectorarray" file="src/pymortests/vectorarray.py" line="323" name="test_scal[2-&lt;lambda&gt;18]" time="0.06188011169433594"></testcase><testcase classname="src.pymortests.vectorarray" file="src/pymortests/vectorarray.py" line="323" name="test_scal[2-&lt;lambda&gt;19]" time="0.06689572334289551"></testcase><testcase classname="src.pymortests.vectorarray" file="src/pymortests/vectorarray.py" line="323" name="test_scal[2-&lt;lambda&gt;20]" time="0.20696139335632324"></testcase><testcase classname="src.pymortests.vectorarray" file="src/pymortests/vectorarray.py" line="323" name="test_scal[2-&lt;lambda&gt;21]" time="0.4491443634033203"></testcase><testcase classname="src.pymortests.vectorarray" file="src/pymortests/vectorarray.py" line="323" name="test_scal[2-&lt;lambda&gt;22]" time="0.018881559371948242"></testcase><testcase classname="src.pymortests.vectorarray" file="src/pymortests/vectorarray.py" line="323" name="test_scal[2-&lt;lambda&gt;23]" time="0.01992177963256836"></testcase><testcase classname="src.pymortests.vectorarray" file="src/pymortests/vectorarray.py" line="323" name="test_scal[2-&lt;lambda&gt;24]" time="0.031740665435791016"></testcase><testcase classname="src.pymortests.vectorarray" file="src/pymortests/vectorarray.py" line="323" name="test_scal[2-&lt;lambda&gt;25]" time="0.34012794494628906"></testcase><testcase classname="src.pymortests.vectorarray" file="src/pymortests/vectorarray.py" line="323" name="test_scal[2-&lt;lambda&gt;26]" time="0.7605688571929932"></testcase><testcase classname="src.pymortests.vectorarray" file="src/pymortests/vectorarray.py" line="361" name="test_axpy[compatible_vector_array_pair0-&lt;lambda&gt;0]" time="0.018204212188720703"></testcase><testcase classname="src.pymortests.vectorarray" file="src/pymortests/vectorarray.py" line="361" name="test_axpy[compatible_vector_array_pair0-&lt;lambda&gt;1]" time="0.0059661865234375"></testcase><testcase classname="src.pymortests.vectorarray" file="src/pymortests/vectorarray.py" line="361" name="test_axpy[compatible_vector_array_pair0-&lt;lambda&gt;2]" time="0.02741837501525879"></testcase><testcase classname="src.pymortests.vectorarray" file="src/pymortests/vectorarray.py" line="361" name="test_axpy[compatible_vector_array_pair0-&lt;lambda&gt;3]" time="0.030075550079345703"></testcase><testcase classname="src.pymortests.vectorarray" file="src/pymortests/vectorarray.py" line="361" name="test_axpy[compatible_vector_array_pair0-&lt;lambda&gt;4]" time="0.030890703201293945"></testcase><testcase classname="src.pymortests.vectorarray" file="src/pymortests/vectorarray.py" line="361" name="test_axpy[compatible_vector_array_pair0-&lt;lambda&gt;5]" time="0.043370723724365234"></testcase><testcase classname="src.pymortests.vectorarray" file="src/pymortests/vectorarray.py" line="361" name="test_axpy[compatible_vector_array_pair0-&lt;lambda&gt;6]" time="0.015536069869995117"></testcase><testcase classname="src.pymortests.vectorarray" file="src/pymortests/vectorarray.py" line="361" name="test_axpy[compatible_vector_array_pair0-&lt;lambda&gt;7]" time="0.0048296451568603516"></testcase><testcase classname="src.pymortests.vectorarray" file="src/pymortests/vectorarray.py" line="361" name="test_axpy[compatible_vector_array_pair0-&lt;lambda&gt;8]" time="0.06798028945922852"></testcase><testcase classname="src.pymortests.vectorarray" file="src/pymortests/vectorarray.py" line="361" name="test_axpy[compatible_vector_array_pair0-&lt;lambda&gt;9]" time="0.11732602119445801"></testcase><testcase classname="src.pymortests.vectorarray" file="src/pymortests/vectorarray.py" line="361" name="test_axpy[compatible_vector_array_pair0-&lt;lambda&gt;10]" time="0.2984740734100342"></testcase><testcase classname="src.pymortests.vectorarray" file="src/pymortests/vectorarray.py" line="361" name="test_axpy[compatible_vector_array_pair0-&lt;lambda&gt;11]" time="0.05362200736999512"></testcase><testcase classname="src.pymortests.vectorarray" file="src/pymortests/vectorarray.py" line="361" name="test_axpy[compatible_vector_array_pair0-&lt;lambda&gt;12]" time="0.034902334213256836"></testcase><testcase classname="src.pymortests.vectorarray" file="src/pymortests/vectorarray.py" line="361" name="test_axpy[compatible_vector_array_pair0-&lt;lambda&gt;13]" time="0.00946664810180664"></testcase><testcase classname="src.pymortests.vectorarray" file="src/pymortests/vectorarray.py" line="361" name="test_axpy[compatible_vector_array_pair0-&lt;lambda&gt;14]" time="0.04216766357421875"></testcase><testcase classname="src.pymortests.vectorarray" file="src/pymortests/vectorarray.py" line="361" name="test_axpy[compatible_vector_array_pair0-&lt;lambda&gt;15]" time="0.07493281364440918"></testcase><testcase classname="src.pymortests.vectorarray" file="src/pymortests/vectorarray.py" line="361" name="test_axpy[compatible_vector_array_pair0-&lt;lambda&gt;16]" time="0.07744956016540527"></testcase><testcase classname="src.pymortests.vectorarray" file="src/pymortests/vectorarray.py" line="361" name="test_axpy[compatible_vector_array_pair0-&lt;lambda&gt;17]" time="0.08162999153137207"></testcase><testcase classname="src.pymortests.vectorarray" file="src/pymortests/vectorarray.py" line="361" name="test_axpy[compatible_vector_array_pair0-&lt;lambda&gt;18]" time="0.05281543731689453"></testcase><testcase classname="src.pymortests.vectorarray" file="src/pymortests/vectorarray.py" line="361" name="test_axpy[compatible_vector_array_pair0-&lt;lambda&gt;19]" time="0.008823633193969727"></testcase><testcase classname="src.pymortests.vectorarray" file="src/pymortests/vectorarray.py" line="361" name="test_axpy[compatible_vector_array_pair0-&lt;lambda&gt;20]" time="0.2722644805908203"></testcase><testcase classname="src.pymortests.vectorarray" file="src/pymortests/vectorarray.py" line="361" name="test_axpy[compatible_vector_array_pair0-&lt;lambda&gt;21]" time="0.21612548828125"></testcase><testcase classname="src.pymortests.vectorarray" file="src/pymortests/vectorarray.py" line="361" name="test_axpy[compatible_vector_array_pair0-&lt;lambda&gt;22]" time="0.5456786155700684"></testcase><testcase classname="src.pymortests.vectorarray" file="src/pymortests/vectorarray.py" line="361" name="test_axpy[compatible_vector_array_pair0-&lt;lambda&gt;23]" time="0.10225176811218262"></testcase><testcase classname="src.pymortests.vectorarray" file="src/pymortests/vectorarray.py" line="361" name="test_axpy[compatible_vector_array_pair0-&lt;lambda&gt;24]" time="0.017207622528076172"></testcase><testcase classname="src.pymortests.vectorarray" file="src/pymortests/vectorarray.py" line="361" name="test_axpy[compatible_vector_array_pair0-&lt;lambda&gt;25]" time="0.00593876838684082"></testcase><testcase classname="src.pymortests.vectorarray" file="src/pymortests/vectorarray.py" line="361" name="test_axpy[compatible_vector_array_pair0-&lt;lambda&gt;26]" time="0.24870848655700684"></testcase><testcase classname="src.pymortests.vectorarray" file="src/pymortests/vectorarray.py" line="361" name="test_axpy[compatible_vector_array_pair0-&lt;lambda&gt;27]" time="0.4277780055999756"></testcase><testcase classname="src.pymortests.vectorarray" file="src/pymortests/vectorarray.py" line="361" name="test_axpy[compatible_vector_array_pair0-&lt;lambda&gt;28]" time="1.3252780437469482"><system-out> set global mesh
 set global mesh
 Update mesh topology
 Update edges 
 Update faces 
 Update clusters
</system-out></testcase><testcase classname="src.pymortests.vectorarray" file="src/pymortests/vectorarray.py" line="361" name="test_axpy[compatible_vector_array_pair0-&lt;lambda&gt;29]" time="0.12279629707336426"><system-out> set global mesh
 set global mesh
 Update mesh topology
 Update edges 
 Update faces 
 Update clusters
</system-out></testcase><testcase classname="src.pymortests.vectorarray" file="src/pymortests/vectorarray.py" line="361" name="test_axpy[compatible_vector_array_pair1-&lt;lambda&gt;0]" time="0.018622398376464844"></testcase><testcase classname="src.pymortests.vectorarray" file="src/pymortests/vectorarray.py" line="361" name="test_axpy[compatible_vector_array_pair1-&lt;lambda&gt;1]" time="0.005235195159912109"></testcase><testcase classname="src.pymortests.vectorarray" file="src/pymortests/vectorarray.py" line="361" name="test_axpy[compatible_vector_array_pair1-&lt;lambda&gt;2]" time="0.027364015579223633"></testcase><testcase classname="src.pymortests.vectorarray" file="src/pymortests/vectorarray.py" line="361" name="test_axpy[compatible_vector_array_pair1-&lt;lambda&gt;3]" time="0.03109002113342285"></testcase><testcase classname="src.pymortests.vectorarray" file="src/pymortests/vectorarray.py" line="361" name="test_axpy[compatible_vector_array_pair1-&lt;lambda&gt;4]" time="0.037980079650878906"></testcase><testcase classname="src.pymortests.vectorarray" file="src/pymortests/vectorarray.py" line="361" name="test_axpy[compatible_vector_array_pair1-&lt;lambda&gt;5]" time="0.04638862609863281"></testcase><testcase classname="src.pymortests.vectorarray" file="src/pymortests/vectorarray.py" line="361" name="test_axpy[compatible_vector_array_pair1-&lt;lambda&gt;6]" time="0.01545405387878418"></testcase><testcase classname="src.pymortests.vectorarray" file="src/pymortests/vectorarray.py" line="361" name="test_axpy[compatible_vector_array_pair1-&lt;lambda&gt;7]" time="0.004765748977661133"></testcase><testcase classname="src.pymortests.vectorarray" file="src/pymortests/vectorarray.py" line="361" name="test_axpy[compatible_vector_array_pair1-&lt;lambda&gt;8]" time="0.06844639778137207"></testcase><testcase classname="src.pymortests.vectorarray" file="src/pymortests/vectorarray.py" line="361" name="test_axpy[compatible_vector_array_pair1-&lt;lambda&gt;9]" time="0.11894512176513672"></testcase><testcase classname="src.pymortests.vectorarray" file="src/pymortests/vectorarray.py" line="361" name="test_axpy[compatible_vector_array_pair1-&lt;lambda&gt;10]" time="0.46869897842407227"></testcase><testcase classname="src.pymortests.vectorarray" file="src/pymortests/vectorarray.py" line="361" name="test_axpy[compatible_vector_array_pair1-&lt;lambda&gt;11]" time="0.05923628807067871"></testcase><testcase classname="src.pymortests.vectorarray" file="src/pymortests/vectorarray.py" line="361" name="test_axpy[compatible_vector_array_pair1-&lt;lambda&gt;12]" time="0.03956007957458496"></testcase><testcase classname="src.pymortests.vectorarray" file="src/pymortests/vectorarray.py" line="361" name="test_axpy[compatible_vector_array_pair1-&lt;lambda&gt;13]" time="0.011468887329101562"></testcase><testcase classname="src.pymortests.vectorarray" file="src/pymortests/vectorarray.py" line="361" name="test_axpy[compatible_vector_array_pair1-&lt;lambda&gt;14]" time="0.04711151123046875"></testcase><testcase classname="src.pymortests.vectorarray" file="src/pymortests/vectorarray.py" line="361" name="test_axpy[compatible_vector_array_pair1-&lt;lambda&gt;15]" time="0.08786892890930176"></testcase><testcase classname="src.pymortests.vectorarray" file="src/pymortests/vectorarray.py" line="361" name="test_axpy[compatible_vector_array_pair1-&lt;lambda&gt;16]" time="0.0857384204864502"></testcase><testcase classname="src.pymortests.vectorarray" file="src/pymortests/vectorarray.py" line="361" name="test_axpy[compatible_vector_array_pair1-&lt;lambda&gt;17]" time="0.08464813232421875"></testcase><testcase classname="src.pymortests.vectorarray" file="src/pymortests/vectorarray.py" line="361" name="test_axpy[compatible_vector_array_pair1-&lt;lambda&gt;18]" time="0.052625417709350586"></testcase><testcase classname="src.pymortests.vectorarray" file="src/pymortests/vectorarray.py" line="361" name="test_axpy[compatible_vector_array_pair1-&lt;lambda&gt;19]" time="0.008987188339233398"></testcase><testcase classname="src.pymortests.vectorarray" file="src/pymortests/vectorarray.py" line="361" name="test_axpy[compatible_vector_array_pair1-&lt;lambda&gt;20]" time="0.2530360221862793"></testcase><testcase classname="src.pymortests.vectorarray" file="src/pymortests/vectorarray.py" line="361" name="test_axpy[compatible_vector_array_pair1-&lt;lambda&gt;21]" time="0.22181057929992676"></testcase><testcase classname="src.pymortests.vectorarray" file="src/pymortests/vectorarray.py" line="361" name="test_axpy[compatible_vector_array_pair1-&lt;lambda&gt;22]" time="0.5494489669799805"></testcase><testcase classname="src.pymortests.vectorarray" file="src/pymortests/vectorarray.py" line="361" name="test_axpy[compatible_vector_array_pair1-&lt;lambda&gt;23]" time="0.10424041748046875"></testcase><testcase classname="src.pymortests.vectorarray" file="src/pymortests/vectorarray.py" line="361" name="test_axpy[compatible_vector_array_pair1-&lt;lambda&gt;24]" time="0.01740097999572754"></testcase><testcase classname="src.pymortests.vectorarray" file="src/pymortests/vectorarray.py" line="361" name="test_axpy[compatible_vector_array_pair1-&lt;lambda&gt;25]" time="0.006192684173583984"></testcase><testcase classname="src.pymortests.vectorarray" file="src/pymortests/vectorarray.py" line="361" name="test_axpy[compatible_vector_array_pair1-&lt;lambda&gt;26]" time="0.27339744567871094"></testcase><testcase classname="src.pymortests.vectorarray" file="src/pymortests/vectorarray.py" line="361" name="test_axpy[compatible_vector_array_pair1-&lt;lambda&gt;27]" time="0.4801604747772217"></testcase><testcase classname="src.pymortests.vectorarray" file="src/pymortests/vectorarray.py" line="361" name="test_axpy[compatible_vector_array_pair1-&lt;lambda&gt;28]" time="1.483018398284912"></testcase><testcase classname="src.pymortests.vectorarray" file="src/pymortests/vectorarray.py" line="361" name="test_axpy[compatible_vector_array_pair1-&lt;lambda&gt;29]" time="0.12198972702026367"></testcase><testcase classname="src.pymortests.vectorarray" file="src/pymortests/vectorarray.py" line="361" name="test_axpy[compatible_vector_array_pair2-&lt;lambda&gt;0]" time="0.021726369857788086"></testcase><testcase classname="src.pymortests.vectorarray" file="src/pymortests/vectorarray.py" line="361" name="test_axpy[compatible_vector_array_pair2-&lt;lambda&gt;1]" time="0.00554347038269043"></testcase><testcase classname="src.pymortests.vectorarray" file="src/pymortests/vectorarray.py" line="361" name="test_axpy[compatible_vector_array_pair2-&lt;lambda&gt;2]" time="0.029610395431518555"></testcase><testcase classname="src.pymortests.vectorarray" file="src/pymortests/vectorarray.py" line="361" name="test_axpy[compatible_vector_array_pair2-&lt;lambda&gt;3]" time="0.030242204666137695"></testcase><testcase classname="src.pymortests.vectorarray" file="src/pymortests/vectorarray.py" line="361" name="test_axpy[compatible_vector_array_pair2-&lt;lambda&gt;4]" time="0.031078577041625977"></testcase><testcase classname="src.pymortests.vectorarray" file="src/pymortests/vectorarray.py" line="361" name="test_axpy[compatible_vector_array_pair2-&lt;lambda&gt;5]" time="0.044899702072143555"></testcase><testcase classname="src.pymortests.vectorarray" file="src/pymortests/vectorarray.py" line="361" name="test_axpy[compatible_vector_array_pair2-&lt;lambda&gt;6]" time="0.015445709228515625"></testcase><testcase classname="src.pymortests.vectorarray" file="src/pymortests/vectorarray.py" line="361" name="test_axpy[compatible_vector_array_pair2-&lt;lambda&gt;7]" time="0.004803657531738281"></testcase><testcase classname="src.pymortests.vectorarray" file="src/pymortests/vectorarray.py" line="361" name="test_axpy[compatible_vector_array_pair2-&lt;lambda&gt;8]" time="0.07028365135192871"></testcase><testcase classname="src.pymortests.vectorarray" file="src/pymortests/vectorarray.py" line="361" name="test_axpy[compatible_vector_array_pair2-&lt;lambda&gt;9]" time="0.11844325065612793"></testcase><testcase classname="src.pymortests.vectorarray" file="src/pymortests/vectorarray.py" line="361" name="test_axpy[compatible_vector_array_pair2-&lt;lambda&gt;10]" time="0.29890918731689453"></testcase><testcase classname="src.pymortests.vectorarray" file="src/pymortests/vectorarray.py" line="361" name="test_axpy[compatible_vector_array_pair2-&lt;lambda&gt;11]" time="0.05437660217285156"></testcase><testcase classname="src.pymortests.vectorarray" file="src/pymortests/vectorarray.py" line="361" name="test_axpy[compatible_vector_array_pair2-&lt;lambda&gt;12]" time="0.039174556732177734"></testcase><testcase classname="src.pymortests.vectorarray" file="src/pymortests/vectorarray.py" line="361" name="test_axpy[compatible_vector_array_pair2-&lt;lambda&gt;13]" time="0.009465456008911133"></testcase><testcase classname="src.pymortests.vectorarray" file="src/pymortests/vectorarray.py" line="361" name="test_axpy[compatible_vector_array_pair2-&lt;lambda&gt;14]" time="0.04849076271057129"></testcase><testcase classname="src.pymortests.vectorarray" file="src/pymortests/vectorarray.py" line="361" name="test_axpy[compatible_vector_array_pair2-&lt;lambda&gt;15]" time="0.07834935188293457"></testcase><testcase classname="src.pymortests.vectorarray" file="src/pymortests/vectorarray.py" line="361" name="test_axpy[compatible_vector_array_pair2-&lt;lambda&gt;16]" time="0.08015966415405273"></testcase><testcase classname="src.pymortests.vectorarray" file="src/pymortests/vectorarray.py" line="361" name="test_axpy[compatible_vector_array_pair2-&lt;lambda&gt;17]" time="0.09244060516357422"></testcase><testcase classname="src.pymortests.vectorarray" file="src/pymortests/vectorarray.py" line="361" name="test_axpy[compatible_vector_array_pair2-&lt;lambda&gt;18]" time="0.05038738250732422"></testcase><testcase classname="src.pymortests.vectorarray" file="src/pymortests/vectorarray.py" line="361" name="test_axpy[compatible_vector_array_pair2-&lt;lambda&gt;19]" time="0.008913278579711914"></testcase><testcase classname="src.pymortests.vectorarray" file="src/pymortests/vectorarray.py" line="361" name="test_axpy[compatible_vector_array_pair2-&lt;lambda&gt;20]" time="0.2574465274810791"></testcase><testcase classname="src.pymortests.vectorarray" file="src/pymortests/vectorarray.py" line="361" name="test_axpy[compatible_vector_array_pair2-&lt;lambda&gt;21]" time="0.2184593677520752"></testcase><testcase classname="src.pymortests.vectorarray" file="src/pymortests/vectorarray.py" line="361" name="test_axpy[compatible_vector_array_pair2-&lt;lambda&gt;22]" time="0.5539121627807617"></testcase><testcase classname="src.pymortests.vectorarray" file="src/pymortests/vectorarray.py" line="361" name="test_axpy[compatible_vector_array_pair2-&lt;lambda&gt;23]" time="0.1083984375"></testcase><testcase classname="src.pymortests.vectorarray" file="src/pymortests/vectorarray.py" line="361" name="test_axpy[compatible_vector_array_pair2-&lt;lambda&gt;24]" time="0.01793956756591797"></testcase><testcase classname="src.pymortests.vectorarray" file="src/pymortests/vectorarray.py" line="361" name="test_axpy[compatible_vector_array_pair2-&lt;lambda&gt;25]" time="0.006493806838989258"></testcase><testcase classname="src.pymortests.vectorarray" file="src/pymortests/vectorarray.py" line="361" name="test_axpy[compatible_vector_array_pair2-&lt;lambda&gt;26]" time="0.3155386447906494"></testcase><testcase classname="src.pymortests.vectorarray" file="src/pymortests/vectorarray.py" line="361" name="test_axpy[compatible_vector_array_pair2-&lt;lambda&gt;27]" time="0.5206565856933594"></testcase><testcase classname="src.pymortests.vectorarray" file="src/pymortests/vectorarray.py" line="361" name="test_axpy[compatible_vector_array_pair2-&lt;lambda&gt;28]" time="1.628096342086792"></testcase><testcase classname="src.pymortests.vectorarray" file="src/pymortests/vectorarray.py" line="361" name="test_axpy[compatible_vector_array_pair2-&lt;lambda&gt;29]" time="0.12769269943237305"></testcase><testcase classname="src.pymortests.vectorarray" file="src/pymortests/vectorarray.py" line="361" name="test_axpy[compatible_vector_array_pair3-&lt;lambda&gt;0]" time="0.01898193359375"></testcase><testcase classname="src.pymortests.vectorarray" file="src/pymortests/vectorarray.py" line="361" name="test_axpy[compatible_vector_array_pair3-&lt;lambda&gt;1]" time="0.005240201950073242"></testcase><testcase classname="src.pymortests.vectorarray" file="src/pymortests/vectorarray.py" line="361" name="test_axpy[compatible_vector_array_pair3-&lt;lambda&gt;2]" time="0.027705907821655273"></testcase><testcase classname="src.pymortests.vectorarray" file="src/pymortests/vectorarray.py" line="361" name="test_axpy[compatible_vector_array_pair3-&lt;lambda&gt;3]" time="0.031661033630371094"></testcase><testcase classname="src.pymortests.vectorarray" file="src/pymortests/vectorarray.py" line="361" name="test_axpy[compatible_vector_array_pair3-&lt;lambda&gt;4]" time="0.03146553039550781"></testcase><testcase classname="src.pymortests.vectorarray" file="src/pymortests/vectorarray.py" line="361" name="test_axpy[compatible_vector_array_pair3-&lt;lambda&gt;5]" time="0.04435086250305176"></testcase><testcase classname="src.pymortests.vectorarray" file="src/pymortests/vectorarray.py" line="361" name="test_axpy[compatible_vector_array_pair3-&lt;lambda&gt;6]" time="0.015865564346313477"></testcase><testcase classname="src.pymortests.vectorarray" file="src/pymortests/vectorarray.py" line="361" name="test_axpy[compatible_vector_array_pair3-&lt;lambda&gt;7]" time="0.004933595657348633"></testcase><testcase classname="src.pymortests.vectorarray" file="src/pymortests/vectorarray.py" line="361" name="test_axpy[compatible_vector_array_pair3-&lt;lambda&gt;8]" time="0.0695180892944336"></testcase><testcase classname="src.pymortests.vectorarray" file="src/pymortests/vectorarray.py" line="361" name="test_axpy[compatible_vector_array_pair3-&lt;lambda&gt;9]" time="0.12051129341125488"></testcase><testcase classname="src.pymortests.vectorarray" file="src/pymortests/vectorarray.py" line="361" name="test_axpy[compatible_vector_array_pair3-&lt;lambda&gt;10]" time="0.30400753021240234"></testcase><testcase classname="src.pymortests.vectorarray" file="src/pymortests/vectorarray.py" line="361" name="test_axpy[compatible_vector_array_pair3-&lt;lambda&gt;11]" time="0.052385568618774414"></testcase><testcase classname="src.pymortests.vectorarray" file="src/pymortests/vectorarray.py" line="361" name="test_axpy[compatible_vector_array_pair3-&lt;lambda&gt;12]" time="0.03623366355895996"></testcase><testcase classname="src.pymortests.vectorarray" file="src/pymortests/vectorarray.py" line="361" name="test_axpy[compatible_vector_array_pair3-&lt;lambda&gt;13]" time="0.009533166885375977"></testcase><testcase classname="src.pymortests.vectorarray" file="src/pymortests/vectorarray.py" line="361" name="test_axpy[compatible_vector_array_pair3-&lt;lambda&gt;14]" time="0.043797969818115234"></testcase><testcase classname="src.pymortests.vectorarray" file="src/pymortests/vectorarray.py" line="361" name="test_axpy[compatible_vector_array_pair3-&lt;lambda&gt;15]" time="0.07502388954162598"></testcase><testcase classname="src.pymortests.vectorarray" file="src/pymortests/vectorarray.py" line="361" name="test_axpy[compatible_vector_array_pair3-&lt;lambda&gt;16]" time="0.07987499237060547"></testcase><testcase classname="src.pymortests.vectorarray" file="src/pymortests/vectorarray.py" line="361" name="test_axpy[compatible_vector_array_pair3-&lt;lambda&gt;17]" time="0.08411312103271484"></testcase><testcase classname="src.pymortests.vectorarray" file="src/pymortests/vectorarray.py" line="361" name="test_axpy[compatible_vector_array_pair3-&lt;lambda&gt;18]" time="0.051001787185668945"></testcase><testcase classname="src.pymortests.vectorarray" file="src/pymortests/vectorarray.py" line="361" name="test_axpy[compatible_vector_array_pair3-&lt;lambda&gt;19]" time="0.008748769760131836"></testcase><testcase classname="src.pymortests.vectorarray" file="src/pymortests/vectorarray.py" line="361" name="test_axpy[compatible_vector_array_pair3-&lt;lambda&gt;20]" time="0.2545607089996338"></testcase><testcase classname="src.pymortests.vectorarray" file="src/pymortests/vectorarray.py" line="361" name="test_axpy[compatible_vector_array_pair3-&lt;lambda&gt;21]" time="0.21131515502929688"></testcase><testcase classname="src.pymortests.vectorarray" file="src/pymortests/vectorarray.py" line="361" name="test_axpy[compatible_vector_array_pair3-&lt;lambda&gt;22]" time="0.550483226776123"></testcase><testcase classname="src.pymortests.vectorarray" file="src/pymortests/vectorarray.py" line="361" name="test_axpy[compatible_vector_array_pair3-&lt;lambda&gt;23]" time="0.10619187355041504"></testcase><testcase classname="src.pymortests.vectorarray" file="src/pymortests/vectorarray.py" line="361" name="test_axpy[compatible_vector_array_pair3-&lt;lambda&gt;24]" time="0.0175931453704834"></testcase><testcase classname="src.pymortests.vectorarray" file="src/pymortests/vectorarray.py" line="361" name="test_axpy[compatible_vector_array_pair3-&lt;lambda&gt;25]" time="0.006730079650878906"></testcase><testcase classname="src.pymortests.vectorarray" file="src/pymortests/vectorarray.py" line="361" name="test_axpy[compatible_vector_array_pair3-&lt;lambda&gt;26]" time="0.339404821395874"></testcase><testcase classname="src.pymortests.vectorarray" file="src/pymortests/vectorarray.py" line="361" name="test_axpy[compatible_vector_array_pair3-&lt;lambda&gt;27]" time="0.5708816051483154"></testcase><testcase classname="src.pymortests.vectorarray" file="src/pymortests/vectorarray.py" line="361" name="test_axpy[compatible_vector_array_pair3-&lt;lambda&gt;28]" time="1.7648305892944336"></testcase><testcase classname="src.pymortests.vectorarray" file="src/pymortests/vectorarray.py" line="361" name="test_axpy[compatible_vector_array_pair3-&lt;lambda&gt;29]" time="0.13657236099243164"></testcase><testcase classname="src.pymortests.vectorarray" file="src/pymortests/vectorarray.py" line="361" name="test_axpy[compatible_vector_array_pair4-&lt;lambda&gt;0]" time="0.0186765193939209"></testcase><testcase classname="src.pymortests.vectorarray" file="src/pymortests/vectorarray.py" line="361" name="test_axpy[compatible_vector_array_pair4-&lt;lambda&gt;1]" time="0.005353689193725586"></testcase><testcase classname="src.pymortests.vectorarray" file="src/pymortests/vectorarray.py" line="361" name="test_axpy[compatible_vector_array_pair4-&lt;lambda&gt;2]" time="0.02808856964111328"></testcase><testcase classname="src.pymortests.vectorarray" file="src/pymortests/vectorarray.py" line="361" name="test_axpy[compatible_vector_array_pair4-&lt;lambda&gt;3]" time="0.0301668643951416"></testcase><testcase classname="src.pymortests.vectorarray" file="src/pymortests/vectorarray.py" line="361" name="test_axpy[compatible_vector_array_pair4-&lt;lambda&gt;4]" time="0.031531572341918945"></testcase><testcase classname="src.pymortests.vectorarray" file="src/pymortests/vectorarray.py" line="361" name="test_axpy[compatible_vector_array_pair4-&lt;lambda&gt;5]" time="0.04495048522949219"></testcase><testcase classname="src.pymortests.vectorarray" file="src/pymortests/vectorarray.py" line="361" name="test_axpy[compatible_vector_array_pair4-&lt;lambda&gt;6]" time="0.015953540802001953"></testcase><testcase classname="src.pymortests.vectorarray" file="src/pymortests/vectorarray.py" line="361" name="test_axpy[compatible_vector_array_pair4-&lt;lambda&gt;7]" time="0.0050144195556640625"></testcase><testcase classname="src.pymortests.vectorarray" file="src/pymortests/vectorarray.py" line="361" name="test_axpy[compatible_vector_array_pair4-&lt;lambda&gt;8]" time="0.07047843933105469"></testcase><testcase classname="src.pymortests.vectorarray" file="src/pymortests/vectorarray.py" line="361" name="test_axpy[compatible_vector_array_pair4-&lt;lambda&gt;9]" time="0.12008976936340332"></testcase><testcase classname="src.pymortests.vectorarray" file="src/pymortests/vectorarray.py" line="361" name="test_axpy[compatible_vector_array_pair4-&lt;lambda&gt;10]" time="0.30205273628234863"></testcase><testcase classname="src.pymortests.vectorarray" file="src/pymortests/vectorarray.py" line="361" name="test_axpy[compatible_vector_array_pair4-&lt;lambda&gt;11]" time="0.05160355567932129"></testcase><testcase classname="src.pymortests.vectorarray" file="src/pymortests/vectorarray.py" line="361" name="test_axpy[compatible_vector_array_pair4-&lt;lambda&gt;12]" time="0.03626060485839844"></testcase><testcase classname="src.pymortests.vectorarray" file="src/pymortests/vectorarray.py" line="361" name="test_axpy[compatible_vector_array_pair4-&lt;lambda&gt;13]" time="0.009876489639282227"></testcase><testcase classname="src.pymortests.vectorarray" file="src/pymortests/vectorarray.py" line="361" name="test_axpy[compatible_vector_array_pair4-&lt;lambda&gt;14]" time="0.04349637031555176"></testcase><testcase classname="src.pymortests.vectorarray" file="src/pymortests/vectorarray.py" line="361" name="test_axpy[compatible_vector_array_pair4-&lt;lambda&gt;15]" time="0.07288551330566406"></testcase><testcase classname="src.pymortests.vectorarray" file="src/pymortests/vectorarray.py" line="361" name="test_axpy[compatible_vector_array_pair4-&lt;lambda&gt;16]" time="0.08122801780700684"></testcase><testcase classname="src.pymortests.vectorarray" file="src/pymortests/vectorarray.py" line="361" name="test_axpy[compatible_vector_array_pair4-&lt;lambda&gt;17]" time="0.09139204025268555"></testcase><testcase classname="src.pymortests.vectorarray" file="src/pymortests/vectorarray.py" line="361" name="test_axpy[compatible_vector_array_pair4-&lt;lambda&gt;18]" time="0.05024433135986328"></testcase><testcase classname="src.pymortests.vectorarray" file="src/pymortests/vectorarray.py" line="361" name="test_axpy[compatible_vector_array_pair4-&lt;lambda&gt;19]" time="0.009505748748779297"></testcase><testcase classname="src.pymortests.vectorarray" file="src/pymortests/vectorarray.py" line="361" name="test_axpy[compatible_vector_array_pair4-&lt;lambda&gt;20]" time="0.2502782344818115"></testcase><testcase classname="src.pymortests.vectorarray" file="src/pymortests/vectorarray.py" line="361" name="test_axpy[compatible_vector_array_pair4-&lt;lambda&gt;21]" time="0.21022510528564453"></testcase><testcase classname="src.pymortests.vectorarray" file="src/pymortests/vectorarray.py" line="361" name="test_axpy[compatible_vector_array_pair4-&lt;lambda&gt;22]" time="0.5377507209777832"></testcase><testcase classname="src.pymortests.vectorarray" file="src/pymortests/vectorarray.py" line="361" name="test_axpy[compatible_vector_array_pair4-&lt;lambda&gt;23]" time="0.1037447452545166"></testcase><testcase classname="src.pymortests.vectorarray" file="src/pymortests/vectorarray.py" line="361" name="test_axpy[compatible_vector_array_pair4-&lt;lambda&gt;24]" time="0.017316818237304688"></testcase><testcase classname="src.pymortests.vectorarray" file="src/pymortests/vectorarray.py" line="361" name="test_axpy[compatible_vector_array_pair4-&lt;lambda&gt;25]" time="0.006701946258544922"></testcase><testcase classname="src.pymortests.vectorarray" file="src/pymortests/vectorarray.py" line="361" name="test_axpy[compatible_vector_array_pair4-&lt;lambda&gt;26]" time="0.3669407367706299"></testcase><testcase classname="src.pymortests.vectorarray" file="src/pymortests/vectorarray.py" line="361" name="test_axpy[compatible_vector_array_pair4-&lt;lambda&gt;27]" time="0.615957498550415"></testcase><testcase classname="src.pymortests.vectorarray" file="src/pymortests/vectorarray.py" line="361" name="test_axpy[compatible_vector_array_pair4-&lt;lambda&gt;28]" time="2.115844249725342"></testcase><testcase classname="src.pymortests.vectorarray" file="src/pymortests/vectorarray.py" line="361" name="test_axpy[compatible_vector_array_pair4-&lt;lambda&gt;29]" time="0.16212749481201172"></testcase><testcase classname="src.pymortests.vectorarray" file="src/pymortests/vectorarray.py" line="361" name="test_axpy[compatible_vector_array_pair5-&lt;lambda&gt;0]" time="0.021017074584960938"></testcase><testcase classname="src.pymortests.vectorarray" file="src/pymortests/vectorarray.py" line="361" name="test_axpy[compatible_vector_array_pair5-&lt;lambda&gt;1]" time="0.005739450454711914"></testcase><testcase classname="src.pymortests.vectorarray" file="src/pymortests/vectorarray.py" line="361" name="test_axpy[compatible_vector_array_pair5-&lt;lambda&gt;2]" time="0.03057241439819336"></testcase><testcase classname="src.pymortests.vectorarray" file="src/pymortests/vectorarray.py" line="361" name="test_axpy[compatible_vector_array_pair5-&lt;lambda&gt;3]" time="0.03525829315185547"></testcase><testcase classname="src.pymortests.vectorarray" file="src/pymortests/vectorarray.py" line="361" name="test_axpy[compatible_vector_array_pair5-&lt;lambda&gt;4]" time="0.039258480072021484"></testcase><testcase classname="src.pymortests.vectorarray" file="src/pymortests/vectorarray.py" line="361" name="test_axpy[compatible_vector_array_pair5-&lt;lambda&gt;5]" time="0.04616594314575195"></testcase><testcase classname="src.pymortests.vectorarray" file="src/pymortests/vectorarray.py" line="361" name="test_axpy[compatible_vector_array_pair5-&lt;lambda&gt;6]" time="0.01711559295654297"></testcase><testcase classname="src.pymortests.vectorarray" file="src/pymortests/vectorarray.py" line="361" name="test_axpy[compatible_vector_array_pair5-&lt;lambda&gt;7]" time="0.005266666412353516"></testcase><testcase classname="src.pymortests.vectorarray" file="src/pymortests/vectorarray.py" line="361" name="test_axpy[compatible_vector_array_pair5-&lt;lambda&gt;8]" time="0.07303595542907715"></testcase><testcase classname="src.pymortests.vectorarray" file="src/pymortests/vectorarray.py" line="361" name="test_axpy[compatible_vector_array_pair5-&lt;lambda&gt;9]" time="0.12518787384033203"></testcase><testcase classname="src.pymortests.vectorarray" file="src/pymortests/vectorarray.py" line="361" name="test_axpy[compatible_vector_array_pair5-&lt;lambda&gt;10]" time="0.3126838207244873"></testcase><testcase classname="src.pymortests.vectorarray" file="src/pymortests/vectorarray.py" line="361" name="test_axpy[compatible_vector_array_pair5-&lt;lambda&gt;11]" time="0.055785179138183594"></testcase><testcase classname="src.pymortests.vectorarray" file="src/pymortests/vectorarray.py" line="361" name="test_axpy[compatible_vector_array_pair5-&lt;lambda&gt;12]" time="0.03993034362792969"></testcase><testcase classname="src.pymortests.vectorarray" file="src/pymortests/vectorarray.py" line="361" name="test_axpy[compatible_vector_array_pair5-&lt;lambda&gt;13]" time="0.010643720626831055"></testcase><testcase classname="src.pymortests.vectorarray" file="src/pymortests/vectorarray.py" line="361" name="test_axpy[compatible_vector_array_pair5-&lt;lambda&gt;14]" time="0.04870915412902832"></testcase><testcase classname="src.pymortests.vectorarray" file="src/pymortests/vectorarray.py" line="361" name="test_axpy[compatible_vector_array_pair5-&lt;lambda&gt;15]" time="0.0836174488067627"></testcase><testcase classname="src.pymortests.vectorarray" file="src/pymortests/vectorarray.py" line="361" name="test_axpy[compatible_vector_array_pair5-&lt;lambda&gt;16]" time="0.08803987503051758"></testcase><testcase classname="src.pymortests.vectorarray" file="src/pymortests/vectorarray.py" line="361" name="test_axpy[compatible_vector_array_pair5-&lt;lambda&gt;17]" time="0.09224724769592285"></testcase><testcase classname="src.pymortests.vectorarray" file="src/pymortests/vectorarray.py" line="361" name="test_axpy[compatible_vector_array_pair5-&lt;lambda&gt;18]" time="0.05430340766906738"></testcase><testcase classname="src.pymortests.vectorarray" file="src/pymortests/vectorarray.py" line="361" name="test_axpy[compatible_vector_array_pair5-&lt;lambda&gt;19]" time="0.00955057144165039"></testcase><testcase classname="src.pymortests.vectorarray" file="src/pymortests/vectorarray.py" line="361" name="test_axpy[compatible_vector_array_pair5-&lt;lambda&gt;20]" time="0.2829113006591797"></testcase><testcase classname="src.pymortests.vectorarray" file="src/pymortests/vectorarray.py" line="361" name="test_axpy[compatible_vector_array_pair5-&lt;lambda&gt;21]" time="0.24140596389770508"></testcase><testcase classname="src.pymortests.vectorarray" file="src/pymortests/vectorarray.py" line="361" name="test_axpy[compatible_vector_array_pair5-&lt;lambda&gt;22]" time="0.6128411293029785"></testcase><testcase classname="src.pymortests.vectorarray" file="src/pymortests/vectorarray.py" line="361" name="test_axpy[compatible_vector_array_pair5-&lt;lambda&gt;23]" time="0.11295771598815918"></testcase><testcase classname="src.pymortests.vectorarray" file="src/pymortests/vectorarray.py" line="361" name="test_axpy[compatible_vector_array_pair5-&lt;lambda&gt;24]" time="0.019226789474487305"></testcase><testcase classname="src.pymortests.vectorarray" file="src/pymortests/vectorarray.py" line="361" name="test_axpy[compatible_vector_array_pair5-&lt;lambda&gt;25]" time="0.007487058639526367"></testcase><testcase classname="src.pymortests.vectorarray" file="src/pymortests/vectorarray.py" line="361" name="test_axpy[compatible_vector_array_pair5-&lt;lambda&gt;26]" time="0.46738290786743164"></testcase><testcase classname="src.pymortests.vectorarray" file="src/pymortests/vectorarray.py" line="361" name="test_axpy[compatible_vector_array_pair5-&lt;lambda&gt;27]" time="0.7215266227722168"></testcase><testcase classname="src.pymortests.vectorarray" file="src/pymortests/vectorarray.py" line="361" name="test_axpy[compatible_vector_array_pair5-&lt;lambda&gt;28]" time="2.1196022033691406"></testcase><testcase classname="src.pymortests.vectorarray" file="src/pymortests/vectorarray.py" line="361" name="test_axpy[compatible_vector_array_pair5-&lt;lambda&gt;29]" time="0.15146803855895996"></testcase><testcase classname="src.pymortests.vectorarray" file="src/pymortests/vectorarray.py" line="361" name="test_axpy[compatible_vector_array_pair6-&lt;lambda&gt;0]" time="0.019208192825317383"></testcase><testcase classname="src.pymortests.vectorarray" file="src/pymortests/vectorarray.py" line="361" name="test_axpy[compatible_vector_array_pair6-&lt;lambda&gt;1]" time="0.005706310272216797"></testcase><testcase classname="src.pymortests.vectorarray" file="src/pymortests/vectorarray.py" line="361" name="test_axpy[compatible_vector_array_pair6-&lt;lambda&gt;2]" time="0.028352975845336914"></testcase><testcase classname="src.pymortests.vectorarray" file="src/pymortests/vectorarray.py" line="361" name="test_axpy[compatible_vector_array_pair6-&lt;lambda&gt;3]" time="0.03049755096435547"></testcase><testcase classname="src.pymortests.vectorarray" file="src/pymortests/vectorarray.py" line="361" name="test_axpy[compatible_vector_array_pair6-&lt;lambda&gt;4]" time="0.0336909294128418"></testcase><testcase classname="src.pymortests.vectorarray" file="src/pymortests/vectorarray.py" line="361" name="test_axpy[compatible_vector_array_pair6-&lt;lambda&gt;5]" time="0.044356346130371094"></testcase><testcase classname="src.pymortests.vectorarray" file="src/pymortests/vectorarray.py" line="361" name="test_axpy[compatible_vector_array_pair6-&lt;lambda&gt;6]" time="0.015626907348632812"></testcase><testcase classname="src.pymortests.vectorarray" file="src/pymortests/vectorarray.py" line="361" name="test_axpy[compatible_vector_array_pair6-&lt;lambda&gt;7]" time="0.004944801330566406"></testcase><testcase classname="src.pymortests.vectorarray" file="src/pymortests/vectorarray.py" line="361" name="test_axpy[compatible_vector_array_pair6-&lt;lambda&gt;8]" time="0.068878173828125"></testcase><testcase classname="src.pymortests.vectorarray" file="src/pymortests/vectorarray.py" line="361" name="test_axpy[compatible_vector_array_pair6-&lt;lambda&gt;9]" time="0.11793947219848633"></testcase><testcase classname="src.pymortests.vectorarray" file="src/pymortests/vectorarray.py" line="361" name="test_axpy[compatible_vector_array_pair6-&lt;lambda&gt;10]" time="0.29704999923706055"></testcase><testcase classname="src.pymortests.vectorarray" file="src/pymortests/vectorarray.py" line="361" name="test_axpy[compatible_vector_array_pair6-&lt;lambda&gt;11]" time="0.05020618438720703"></testcase><testcase classname="src.pymortests.vectorarray" file="src/pymortests/vectorarray.py" line="361" name="test_axpy[compatible_vector_array_pair6-&lt;lambda&gt;12]" time="0.03511524200439453"></testcase><testcase classname="src.pymortests.vectorarray" file="src/pymortests/vectorarray.py" line="361" name="test_axpy[compatible_vector_array_pair6-&lt;lambda&gt;13]" time="0.009428024291992188"></testcase><testcase classname="src.pymortests.vectorarray" file="src/pymortests/vectorarray.py" line="361" name="test_axpy[compatible_vector_array_pair6-&lt;lambda&gt;14]" time="0.04226231575012207"></testcase><testcase classname="src.pymortests.vectorarray" file="src/pymortests/vectorarray.py" line="361" name="test_axpy[compatible_vector_array_pair6-&lt;lambda&gt;15]" time="0.07234764099121094"></testcase><testcase classname="src.pymortests.vectorarray" file="src/pymortests/vectorarray.py" line="361" name="test_axpy[compatible_vector_array_pair6-&lt;lambda&gt;16]" time="0.0807809829711914"></testcase><testcase classname="src.pymortests.vectorarray" file="src/pymortests/vectorarray.py" line="361" name="test_axpy[compatible_vector_array_pair6-&lt;lambda&gt;17]" time="0.0825953483581543"></testcase><testcase classname="src.pymortests.vectorarray" file="src/pymortests/vectorarray.py" line="361" name="test_axpy[compatible_vector_array_pair6-&lt;lambda&gt;18]" time="0.05081963539123535"></testcase><testcase classname="src.pymortests.vectorarray" file="src/pymortests/vectorarray.py" line="361" name="test_axpy[compatible_vector_array_pair6-&lt;lambda&gt;19]" time="0.008864879608154297"></testcase><testcase classname="src.pymortests.vectorarray" file="src/pymortests/vectorarray.py" line="361" name="test_axpy[compatible_vector_array_pair6-&lt;lambda&gt;20]" time="0.24853038787841797"></testcase><testcase classname="src.pymortests.vectorarray" file="src/pymortests/vectorarray.py" line="361" name="test_axpy[compatible_vector_array_pair6-&lt;lambda&gt;21]" time="0.20783400535583496"></testcase><testcase classname="src.pymortests.vectorarray" file="src/pymortests/vectorarray.py" line="361" name="test_axpy[compatible_vector_array_pair6-&lt;lambda&gt;22]" time="0.5512440204620361"></testcase><testcase classname="src.pymortests.vectorarray" file="src/pymortests/vectorarray.py" line="361" name="test_axpy[compatible_vector_array_pair6-&lt;lambda&gt;23]" time="0.10375452041625977"></testcase><testcase classname="src.pymortests.vectorarray" file="src/pymortests/vectorarray.py" line="361" name="test_axpy[compatible_vector_array_pair6-&lt;lambda&gt;24]" time="0.01785588264465332"></testcase><testcase classname="src.pymortests.vectorarray" file="src/pymortests/vectorarray.py" line="361" name="test_axpy[compatible_vector_array_pair6-&lt;lambda&gt;25]" time="0.007023811340332031"></testcase><testcase classname="src.pymortests.vectorarray" file="src/pymortests/vectorarray.py" line="361" name="test_axpy[compatible_vector_array_pair6-&lt;lambda&gt;26]" time="0.44352149963378906"></testcase><testcase classname="src.pymortests.vectorarray" file="src/pymortests/vectorarray.py" line="361" name="test_axpy[compatible_vector_array_pair6-&lt;lambda&gt;27]" time="0.7427690029144287"></testcase><testcase classname="src.pymortests.vectorarray" file="src/pymortests/vectorarray.py" line="361" name="test_axpy[compatible_vector_array_pair6-&lt;lambda&gt;28]" time="2.27750825881958"></testcase><testcase classname="src.pymortests.vectorarray" file="src/pymortests/vectorarray.py" line="361" name="test_axpy[compatible_vector_array_pair6-&lt;lambda&gt;29]" time="0.1543571949005127"></testcase><testcase classname="src.pymortests.vectorarray" file="src/pymortests/vectorarray.py" line="361" name="test_axpy[compatible_vector_array_pair7-&lt;lambda&gt;0]" time="0.01907968521118164"></testcase><testcase classname="src.pymortests.vectorarray" file="src/pymortests/vectorarray.py" line="361" name="test_axpy[compatible_vector_array_pair7-&lt;lambda&gt;1]" time="0.005452156066894531"></testcase><testcase classname="src.pymortests.vectorarray" file="src/pymortests/vectorarray.py" line="361" name="test_axpy[compatible_vector_array_pair7-&lt;lambda&gt;2]" time="0.027901411056518555"></testcase><testcase classname="src.pymortests.vectorarray" file="src/pymortests/vectorarray.py" line="361" name="test_axpy[compatible_vector_array_pair7-&lt;lambda&gt;3]" time="0.03159642219543457"></testcase><testcase classname="src.pymortests.vectorarray" file="src/pymortests/vectorarray.py" line="361" name="test_axpy[compatible_vector_array_pair7-&lt;lambda&gt;4]" time="0.03274273872375488"></testcase><testcase classname="src.pymortests.vectorarray" file="src/pymortests/vectorarray.py" line="361" name="test_axpy[compatible_vector_array_pair7-&lt;lambda&gt;5]" time="0.044716835021972656"></testcase><testcase classname="src.pymortests.vectorarray" file="src/pymortests/vectorarray.py" line="361" name="test_axpy[compatible_vector_array_pair7-&lt;lambda&gt;6]" time="0.0158388614654541"></testcase><testcase classname="src.pymortests.vectorarray" file="src/pymortests/vectorarray.py" line="361" name="test_axpy[compatible_vector_array_pair7-&lt;lambda&gt;7]" time="0.0049626827239990234"></testcase><testcase classname="src.pymortests.vectorarray" file="src/pymortests/vectorarray.py" line="361" name="test_axpy[compatible_vector_array_pair7-&lt;lambda&gt;8]" time="0.07058477401733398"></testcase><testcase classname="src.pymortests.vectorarray" file="src/pymortests/vectorarray.py" line="361" name="test_axpy[compatible_vector_array_pair7-&lt;lambda&gt;9]" time="0.117156982421875"></testcase><testcase classname="src.pymortests.vectorarray" file="src/pymortests/vectorarray.py" line="361" name="test_axpy[compatible_vector_array_pair7-&lt;lambda&gt;10]" time="0.29242420196533203"></testcase><testcase classname="src.pymortests.vectorarray" file="src/pymortests/vectorarray.py" line="361" name="test_axpy[compatible_vector_array_pair7-&lt;lambda&gt;11]" time="0.05148172378540039"></testcase><testcase classname="src.pymortests.vectorarray" file="src/pymortests/vectorarray.py" line="361" name="test_axpy[compatible_vector_array_pair7-&lt;lambda&gt;12]" time="0.035851240158081055"></testcase><testcase classname="src.pymortests.vectorarray" file="src/pymortests/vectorarray.py" line="361" name="test_axpy[compatible_vector_array_pair7-&lt;lambda&gt;13]" time="0.009583473205566406"></testcase><testcase classname="src.pymortests.vectorarray" file="src/pymortests/vectorarray.py" line="361" name="test_axpy[compatible_vector_array_pair7-&lt;lambda&gt;14]" time="0.04375314712524414"></testcase><testcase classname="src.pymortests.vectorarray" file="src/pymortests/vectorarray.py" line="361" name="test_axpy[compatible_vector_array_pair7-&lt;lambda&gt;15]" time="0.07273292541503906"></testcase><testcase classname="src.pymortests.vectorarray" file="src/pymortests/vectorarray.py" line="361" name="test_axpy[compatible_vector_array_pair7-&lt;lambda&gt;16]" time="0.07915520668029785"></testcase><testcase classname="src.pymortests.vectorarray" file="src/pymortests/vectorarray.py" line="361" name="test_axpy[compatible_vector_array_pair7-&lt;lambda&gt;17]" time="0.08249449729919434"></testcase><testcase classname="src.pymortests.vectorarray" file="src/pymortests/vectorarray.py" line="361" name="test_axpy[compatible_vector_array_pair7-&lt;lambda&gt;18]" time="0.04973435401916504"></testcase><testcase classname="src.pymortests.vectorarray" file="src/pymortests/vectorarray.py" line="361" name="test_axpy[compatible_vector_array_pair7-&lt;lambda&gt;19]" time="0.008944272994995117"></testcase><testcase classname="src.pymortests.vectorarray" file="src/pymortests/vectorarray.py" line="361" name="test_axpy[compatible_vector_array_pair7-&lt;lambda&gt;20]" time="0.2669038772583008"></testcase><testcase classname="src.pymortests.vectorarray" file="src/pymortests/vectorarray.py" line="361" name="test_axpy[compatible_vector_array_pair7-&lt;lambda&gt;21]" time="0.21022772789001465"></testcase><testcase classname="src.pymortests.vectorarray" file="src/pymortests/vectorarray.py" line="361" name="test_axpy[compatible_vector_array_pair7-&lt;lambda&gt;22]" time="0.5307455062866211"></testcase><testcase classname="src.pymortests.vectorarray" file="src/pymortests/vectorarray.py" line="361" name="test_axpy[compatible_vector_array_pair7-&lt;lambda&gt;23]" time="0.1083381175994873"></testcase><testcase classname="src.pymortests.vectorarray" file="src/pymortests/vectorarray.py" line="361" name="test_axpy[compatible_vector_array_pair7-&lt;lambda&gt;24]" time="0.017548322677612305"></testcase><testcase classname="src.pymortests.vectorarray" file="src/pymortests/vectorarray.py" line="361" name="test_axpy[compatible_vector_array_pair7-&lt;lambda&gt;25]" time="0.0074727535247802734"></testcase><testcase classname="src.pymortests.vectorarray" file="src/pymortests/vectorarray.py" line="361" name="test_axpy[compatible_vector_array_pair7-&lt;lambda&gt;26]" time="0.48189783096313477"></testcase><testcase classname="src.pymortests.vectorarray" file="src/pymortests/vectorarray.py" line="361" name="test_axpy[compatible_vector_array_pair7-&lt;lambda&gt;27]" time="0.8093197345733643"></testcase><testcase classname="src.pymortests.vectorarray" file="src/pymortests/vectorarray.py" line="361" name="test_axpy[compatible_vector_array_pair7-&lt;lambda&gt;28]" time="2.4393646717071533"></testcase><testcase classname="src.pymortests.vectorarray" file="src/pymortests/vectorarray.py" line="361" name="test_axpy[compatible_vector_array_pair7-&lt;lambda&gt;29]" time="0.16074323654174805"></testcase><testcase classname="src.pymortests.vectorarray" file="src/pymortests/vectorarray.py" line="361" name="test_axpy[compatible_vector_array_pair8-&lt;lambda&gt;0]" time="0.0189974308013916"></testcase><testcase classname="src.pymortests.vectorarray" file="src/pymortests/vectorarray.py" line="361" name="test_axpy[compatible_vector_array_pair8-&lt;lambda&gt;1]" time="0.005290031433105469"></testcase><testcase classname="src.pymortests.vectorarray" file="src/pymortests/vectorarray.py" line="361" name="test_axpy[compatible_vector_array_pair8-&lt;lambda&gt;2]" time="0.027849197387695312"></testcase><testcase classname="src.pymortests.vectorarray" file="src/pymortests/vectorarray.py" line="361" name="test_axpy[compatible_vector_array_pair8-&lt;lambda&gt;3]" time="0.031198501586914062"></testcase><testcase classname="src.pymortests.vectorarray" file="src/pymortests/vectorarray.py" line="361" name="test_axpy[compatible_vector_array_pair8-&lt;lambda&gt;4]" time="0.03206515312194824"></testcase><testcase classname="src.pymortests.vectorarray" file="src/pymortests/vectorarray.py" line="361" name="test_axpy[compatible_vector_array_pair8-&lt;lambda&gt;5]" time="0.044988155364990234"></testcase><testcase classname="src.pymortests.vectorarray" file="src/pymortests/vectorarray.py" line="361" name="test_axpy[compatible_vector_array_pair8-&lt;lambda&gt;6]" time="0.015731096267700195"></testcase><testcase classname="src.pymortests.vectorarray" file="src/pymortests/vectorarray.py" line="361" name="test_axpy[compatible_vector_array_pair8-&lt;lambda&gt;7]" time="0.005323171615600586"></testcase><testcase classname="src.pymortests.vectorarray" file="src/pymortests/vectorarray.py" line="361" name="test_axpy[compatible_vector_array_pair8-&lt;lambda&gt;8]" time="0.06922101974487305"></testcase><testcase classname="src.pymortests.vectorarray" file="src/pymortests/vectorarray.py" line="361" name="test_axpy[compatible_vector_array_pair8-&lt;lambda&gt;9]" time="0.11756753921508789"></testcase><testcase classname="src.pymortests.vectorarray" file="src/pymortests/vectorarray.py" line="361" name="test_axpy[compatible_vector_array_pair8-&lt;lambda&gt;10]" time="0.29201364517211914"></testcase><testcase classname="src.pymortests.vectorarray" file="src/pymortests/vectorarray.py" line="361" name="test_axpy[compatible_vector_array_pair8-&lt;lambda&gt;11]" time="0.05024242401123047"></testcase><testcase classname="src.pymortests.vectorarray" file="src/pymortests/vectorarray.py" line="361" name="test_axpy[compatible_vector_array_pair8-&lt;lambda&gt;12]" time="0.0351564884185791"></testcase><testcase classname="src.pymortests.vectorarray" file="src/pymortests/vectorarray.py" line="361" name="test_axpy[compatible_vector_array_pair8-&lt;lambda&gt;13]" time="0.009737730026245117"></testcase><testcase classname="src.pymortests.vectorarray" file="src/pymortests/vectorarray.py" line="361" name="test_axpy[compatible_vector_array_pair8-&lt;lambda&gt;14]" time="0.04225444793701172"></testcase><testcase classname="src.pymortests.vectorarray" file="src/pymortests/vectorarray.py" line="361" name="test_axpy[compatible_vector_array_pair8-&lt;lambda&gt;15]" time="0.07387256622314453"></testcase><testcase classname="src.pymortests.vectorarray" file="src/pymortests/vectorarray.py" line="361" name="test_axpy[compatible_vector_array_pair8-&lt;lambda&gt;16]" time="0.07763028144836426"></testcase><testcase classname="src.pymortests.vectorarray" file="src/pymortests/vectorarray.py" line="361" name="test_axpy[compatible_vector_array_pair8-&lt;lambda&gt;17]" time="0.08095693588256836"></testcase><testcase classname="src.pymortests.vectorarray" file="src/pymortests/vectorarray.py" line="361" name="test_axpy[compatible_vector_array_pair8-&lt;lambda&gt;18]" time="0.04885125160217285"></testcase><testcase classname="src.pymortests.vectorarray" file="src/pymortests/vectorarray.py" line="361" name="test_axpy[compatible_vector_array_pair8-&lt;lambda&gt;19]" time="0.008904695510864258"></testcase><testcase classname="src.pymortests.vectorarray" file="src/pymortests/vectorarray.py" line="361" name="test_axpy[compatible_vector_array_pair8-&lt;lambda&gt;20]" time="0.2391221523284912"></testcase><testcase classname="src.pymortests.vectorarray" file="src/pymortests/vectorarray.py" line="361" name="test_axpy[compatible_vector_array_pair8-&lt;lambda&gt;21]" time="0.20140624046325684"></testcase><testcase classname="src.pymortests.vectorarray" file="src/pymortests/vectorarray.py" line="361" name="test_axpy[compatible_vector_array_pair8-&lt;lambda&gt;22]" time="0.5204765796661377"></testcase><testcase classname="src.pymortests.vectorarray" file="src/pymortests/vectorarray.py" line="361" name="test_axpy[compatible_vector_array_pair8-&lt;lambda&gt;23]" time="0.10193967819213867"></testcase><testcase classname="src.pymortests.vectorarray" file="src/pymortests/vectorarray.py" line="361" name="test_axpy[compatible_vector_array_pair8-&lt;lambda&gt;24]" time="0.01782393455505371"></testcase><testcase classname="src.pymortests.vectorarray" file="src/pymortests/vectorarray.py" line="361" name="test_axpy[compatible_vector_array_pair8-&lt;lambda&gt;25]" time="0.007104396820068359"></testcase><testcase classname="src.pymortests.vectorarray" file="src/pymortests/vectorarray.py" line="361" name="test_axpy[compatible_vector_array_pair8-&lt;lambda&gt;26]" time="0.5093774795532227"></testcase><testcase classname="src.pymortests.vectorarray" file="src/pymortests/vectorarray.py" line="361" name="test_axpy[compatible_vector_array_pair8-&lt;lambda&gt;27]" time="0.8359341621398926"></testcase><testcase classname="src.pymortests.vectorarray" file="src/pymortests/vectorarray.py" line="361" name="test_axpy[compatible_vector_array_pair8-&lt;lambda&gt;28]" time="2.6132311820983887"></testcase><testcase classname="src.pymortests.vectorarray" file="src/pymortests/vectorarray.py" line="361" name="test_axpy[compatible_vector_array_pair8-&lt;lambda&gt;29]" time="0.16809487342834473"></testcase><testcase classname="src.pymortests.vectorarray" file="src/pymortests/vectorarray.py" line="409" name="test_axpy_one_x[compatible_vector_array_pair0-&lt;lambda&gt;0]" time="0.05251145362854004"></testcase><testcase classname="src.pymortests.vectorarray" file="src/pymortests/vectorarray.py" line="409" name="test_axpy_one_x[compatible_vector_array_pair0-&lt;lambda&gt;1]" time="0.13991951942443848"></testcase><testcase classname="src.pymortests.vectorarray" file="src/pymortests/vectorarray.py" line="409" name="test_axpy_one_x[compatible_vector_array_pair0-&lt;lambda&gt;2]" time="0.10706615447998047"></testcase><testcase classname="src.pymortests.vectorarray" file="src/pymortests/vectorarray.py" line="409" name="test_axpy_one_x[compatible_vector_array_pair0-&lt;lambda&gt;3]" time="0.1246793270111084"></testcase><testcase classname="src.pymortests.vectorarray" file="src/pymortests/vectorarray.py" line="409" name="test_axpy_one_x[compatible_vector_array_pair0-&lt;lambda&gt;4]" time="0.13527584075927734"></testcase><testcase classname="src.pymortests.vectorarray" file="src/pymortests/vectorarray.py" line="409" name="test_axpy_one_x[compatible_vector_array_pair0-&lt;lambda&gt;5]" time="0.10645174980163574"></testcase><testcase classname="src.pymortests.vectorarray" file="src/pymortests/vectorarray.py" line="409" name="test_axpy_one_x[compatible_vector_array_pair0-&lt;lambda&gt;6]" time="0.04181098937988281"></testcase><testcase classname="src.pymortests.vectorarray" file="src/pymortests/vectorarray.py" line="409" name="test_axpy_one_x[compatible_vector_array_pair0-&lt;lambda&gt;7]" time="0.12572216987609863"></testcase><testcase classname="src.pymortests.vectorarray" file="src/pymortests/vectorarray.py" line="409" name="test_axpy_one_x[compatible_vector_array_pair0-&lt;lambda&gt;8]" time="0.29937291145324707"></testcase><testcase classname="src.pymortests.vectorarray" file="src/pymortests/vectorarray.py" line="409" name="test_axpy_one_x[compatible_vector_array_pair0-&lt;lambda&gt;9]" time="0.563103437423706"></testcase><testcase classname="src.pymortests.vectorarray" file="src/pymortests/vectorarray.py" line="409" name="test_axpy_one_x[compatible_vector_array_pair0-&lt;lambda&gt;10]" time="1.580962896347046"></testcase><testcase classname="src.pymortests.vectorarray" file="src/pymortests/vectorarray.py" line="409" name="test_axpy_one_x[compatible_vector_array_pair0-&lt;lambda&gt;11]" time="0.1248788833618164"></testcase><testcase classname="src.pymortests.vectorarray" file="src/pymortests/vectorarray.py" line="409" name="test_axpy_one_x[compatible_vector_array_pair0-&lt;lambda&gt;12]" time="0.1018686294555664"></testcase><testcase classname="src.pymortests.vectorarray" file="src/pymortests/vectorarray.py" line="409" name="test_axpy_one_x[compatible_vector_array_pair0-&lt;lambda&gt;13]" time="0.3065314292907715"></testcase><testcase classname="src.pymortests.vectorarray" file="src/pymortests/vectorarray.py" line="409" name="test_axpy_one_x[compatible_vector_array_pair0-&lt;lambda&gt;14]" time="0.16826391220092773"></testcase><testcase classname="src.pymortests.vectorarray" file="src/pymortests/vectorarray.py" line="409" name="test_axpy_one_x[compatible_vector_array_pair0-&lt;lambda&gt;15]" time="0.2955296039581299"></testcase><testcase classname="src.pymortests.vectorarray" file="src/pymortests/vectorarray.py" line="409" name="test_axpy_one_x[compatible_vector_array_pair0-&lt;lambda&gt;16]" time="0.3404557704925537"></testcase><testcase classname="src.pymortests.vectorarray" file="src/pymortests/vectorarray.py" line="409" name="test_axpy_one_x[compatible_vector_array_pair0-&lt;lambda&gt;17]" time="0.3664216995239258"></testcase><testcase classname="src.pymortests.vectorarray" file="src/pymortests/vectorarray.py" line="409" name="test_axpy_one_x[compatible_vector_array_pair0-&lt;lambda&gt;18]" time="0.14574837684631348"></testcase><testcase classname="src.pymortests.vectorarray" file="src/pymortests/vectorarray.py" line="409" name="test_axpy_one_x[compatible_vector_array_pair0-&lt;lambda&gt;19]" time="0.3059852123260498"></testcase><testcase classname="src.pymortests.vectorarray" file="src/pymortests/vectorarray.py" line="409" name="test_axpy_one_x[compatible_vector_array_pair0-&lt;lambda&gt;20]" time="0.9893133640289307"></testcase><testcase classname="src.pymortests.vectorarray" file="src/pymortests/vectorarray.py" line="409" name="test_axpy_one_x[compatible_vector_array_pair0-&lt;lambda&gt;21]" time="0.9712231159210205"></testcase><testcase classname="src.pymortests.vectorarray" file="src/pymortests/vectorarray.py" line="409" name="test_axpy_one_x[compatible_vector_array_pair0-&lt;lambda&gt;22]" time="2.742178440093994"></testcase><testcase classname="src.pymortests.vectorarray" file="src/pymortests/vectorarray.py" line="409" name="test_axpy_one_x[compatible_vector_array_pair0-&lt;lambda&gt;23]" time="0.25989556312561035"></testcase><testcase classname="src.pymortests.vectorarray" file="src/pymortests/vectorarray.py" line="409" name="test_axpy_one_x[compatible_vector_array_pair0-&lt;lambda&gt;24]" time="0.04891347885131836"></testcase><testcase classname="src.pymortests.vectorarray" file="src/pymortests/vectorarray.py" line="409" name="test_axpy_one_x[compatible_vector_array_pair0-&lt;lambda&gt;25]" time="0.24079489707946777"></testcase><testcase classname="src.pymortests.vectorarray" file="src/pymortests/vectorarray.py" line="409" name="test_axpy_one_x[compatible_vector_array_pair0-&lt;lambda&gt;26]" time="2.409865379333496"></testcase><testcase classname="src.pymortests.vectorarray" file="src/pymortests/vectorarray.py" line="409" name="test_axpy_one_x[compatible_vector_array_pair0-&lt;lambda&gt;27]" time="4.2929298877716064"></testcase><testcase classname="src.pymortests.vectorarray" file="src/pymortests/vectorarray.py" line="409" name="test_axpy_one_x[compatible_vector_array_pair0-&lt;lambda&gt;28]" time="16.31936812400818"></testcase><testcase classname="src.pymortests.vectorarray" file="src/pymortests/vectorarray.py" line="409" name="test_axpy_one_x[compatible_vector_array_pair0-&lt;lambda&gt;29]" time="0.4972670078277588"></testcase><testcase classname="src.pymortests.vectorarray" file="src/pymortests/vectorarray.py" line="409" name="test_axpy_one_x[compatible_vector_array_pair1-&lt;lambda&gt;0]" time="0.05294227600097656"></testcase><testcase classname="src.pymortests.vectorarray" file="src/pymortests/vectorarray.py" line="409" name="test_axpy_one_x[compatible_vector_array_pair1-&lt;lambda&gt;1]" time="0.14240765571594238"></testcase><testcase classname="src.pymortests.vectorarray" file="src/pymortests/vectorarray.py" line="409" name="test_axpy_one_x[compatible_vector_array_pair1-&lt;lambda&gt;2]" time="0.11154031753540039"></testcase><testcase classname="src.pymortests.vectorarray" file="src/pymortests/vectorarray.py" line="409" name="test_axpy_one_x[compatible_vector_array_pair1-&lt;lambda&gt;3]" time="0.1223146915435791"></testcase><testcase classname="src.pymortests.vectorarray" file="src/pymortests/vectorarray.py" line="409" name="test_axpy_one_x[compatible_vector_array_pair1-&lt;lambda&gt;4]" time="0.12918615341186523"></testcase><testcase classname="src.pymortests.vectorarray" file="src/pymortests/vectorarray.py" line="409" name="test_axpy_one_x[compatible_vector_array_pair1-&lt;lambda&gt;5]" time="0.10603928565979004"></testcase><testcase classname="src.pymortests.vectorarray" file="src/pymortests/vectorarray.py" line="409" name="test_axpy_one_x[compatible_vector_array_pair1-&lt;lambda&gt;6]" time="0.042005062103271484"></testcase><testcase classname="src.pymortests.vectorarray" file="src/pymortests/vectorarray.py" line="409" name="test_axpy_one_x[compatible_vector_array_pair1-&lt;lambda&gt;7]" time="0.12560033798217773"></testcase><testcase classname="src.pymortests.vectorarray" file="src/pymortests/vectorarray.py" line="409" name="test_axpy_one_x[compatible_vector_array_pair1-&lt;lambda&gt;8]" time="0.28647661209106445"></testcase><testcase classname="src.pymortests.vectorarray" file="src/pymortests/vectorarray.py" line="409" name="test_axpy_one_x[compatible_vector_array_pair1-&lt;lambda&gt;9]" time="0.5600028038024902"></testcase><testcase classname="src.pymortests.vectorarray" file="src/pymortests/vectorarray.py" line="409" name="test_axpy_one_x[compatible_vector_array_pair1-&lt;lambda&gt;10]" time="1.5922117233276367"></testcase><testcase classname="src.pymortests.vectorarray" file="src/pymortests/vectorarray.py" line="409" name="test_axpy_one_x[compatible_vector_array_pair1-&lt;lambda&gt;11]" time="0.13250946998596191"></testcase><testcase classname="src.pymortests.vectorarray" file="src/pymortests/vectorarray.py" line="409" name="test_axpy_one_x[compatible_vector_array_pair1-&lt;lambda&gt;12]" time="0.10767579078674316"></testcase><testcase classname="src.pymortests.vectorarray" file="src/pymortests/vectorarray.py" line="409" name="test_axpy_one_x[compatible_vector_array_pair1-&lt;lambda&gt;13]" time="0.3167283535003662"></testcase><testcase classname="src.pymortests.vectorarray" file="src/pymortests/vectorarray.py" line="409" name="test_axpy_one_x[compatible_vector_array_pair1-&lt;lambda&gt;14]" time="0.17320752143859863"></testcase><testcase classname="src.pymortests.vectorarray" file="src/pymortests/vectorarray.py" line="409" name="test_axpy_one_x[compatible_vector_array_pair1-&lt;lambda&gt;15]" time="0.3043935298919678"></testcase><testcase classname="src.pymortests.vectorarray" file="src/pymortests/vectorarray.py" line="409" name="test_axpy_one_x[compatible_vector_array_pair1-&lt;lambda&gt;16]" time="0.34462594985961914"></testcase><testcase classname="src.pymortests.vectorarray" file="src/pymortests/vectorarray.py" line="409" name="test_axpy_one_x[compatible_vector_array_pair1-&lt;lambda&gt;17]" time="0.3674437999725342"></testcase><testcase classname="src.pymortests.vectorarray" file="src/pymortests/vectorarray.py" line="409" name="test_axpy_one_x[compatible_vector_array_pair1-&lt;lambda&gt;18]" time="0.14206886291503906"></testcase><testcase classname="src.pymortests.vectorarray" file="src/pymortests/vectorarray.py" line="409" name="test_axpy_one_x[compatible_vector_array_pair1-&lt;lambda&gt;19]" time="0.3086233139038086"></testcase><testcase classname="src.pymortests.vectorarray" file="src/pymortests/vectorarray.py" line="409" name="test_axpy_one_x[compatible_vector_array_pair1-&lt;lambda&gt;20]" time="0.9942328929901123"></testcase><testcase classname="src.pymortests.vectorarray" file="src/pymortests/vectorarray.py" line="409" name="test_axpy_one_x[compatible_vector_array_pair1-&lt;lambda&gt;21]" time="0.9715721607208252"></testcase><testcase classname="src.pymortests.vectorarray" file="src/pymortests/vectorarray.py" line="409" name="test_axpy_one_x[compatible_vector_array_pair1-&lt;lambda&gt;22]" time="2.7292137145996094"></testcase><testcase classname="src.pymortests.vectorarray" file="src/pymortests/vectorarray.py" line="409" name="test_axpy_one_x[compatible_vector_array_pair1-&lt;lambda&gt;23]" time="0.2608332633972168"></testcase><testcase classname="src.pymortests.vectorarray" file="src/pymortests/vectorarray.py" line="409" name="test_axpy_one_x[compatible_vector_array_pair1-&lt;lambda&gt;24]" time="0.04754471778869629"></testcase><testcase classname="src.pymortests.vectorarray" file="src/pymortests/vectorarray.py" line="409" name="test_axpy_one_x[compatible_vector_array_pair1-&lt;lambda&gt;25]" time="0.26589155197143555"></testcase><testcase classname="src.pymortests.vectorarray" file="src/pymortests/vectorarray.py" line="409" name="test_axpy_one_x[compatible_vector_array_pair1-&lt;lambda&gt;26]" time="2.9711058139801025"></testcase><testcase classname="src.pymortests.vectorarray" file="src/pymortests/vectorarray.py" line="409" name="test_axpy_one_x[compatible_vector_array_pair1-&lt;lambda&gt;27]" time="5.251785516738892"></testcase><testcase classname="src.pymortests.vectorarray" file="src/pymortests/vectorarray.py" line="409" name="test_axpy_one_x[compatible_vector_array_pair1-&lt;lambda&gt;28]" time="19.55278754234314"></testcase><testcase classname="src.pymortests.vectorarray" file="src/pymortests/vectorarray.py" line="409" name="test_axpy_one_x[compatible_vector_array_pair1-&lt;lambda&gt;29]" time="0.5546672344207764"></testcase><testcase classname="src.pymortests.vectorarray" file="src/pymortests/vectorarray.py" line="409" name="test_axpy_one_x[compatible_vector_array_pair2-&lt;lambda&gt;0]" time="0.05266904830932617"></testcase><testcase classname="src.pymortests.vectorarray" file="src/pymortests/vectorarray.py" line="409" name="test_axpy_one_x[compatible_vector_array_pair2-&lt;lambda&gt;1]" time="0.14090800285339355"></testcase><testcase classname="src.pymortests.vectorarray" file="src/pymortests/vectorarray.py" line="409" name="test_axpy_one_x[compatible_vector_array_pair2-&lt;lambda&gt;2]" time="0.10333728790283203"></testcase><testcase classname="src.pymortests.vectorarray" file="src/pymortests/vectorarray.py" line="409" name="test_axpy_one_x[compatible_vector_array_pair2-&lt;lambda&gt;3]" time="0.11965727806091309"></testcase><testcase classname="src.pymortests.vectorarray" file="src/pymortests/vectorarray.py" line="409" name="test_axpy_one_x[compatible_vector_array_pair2-&lt;lambda&gt;4]" time="0.1256086826324463"></testcase><testcase classname="src.pymortests.vectorarray" file="src/pymortests/vectorarray.py" line="409" name="test_axpy_one_x[compatible_vector_array_pair2-&lt;lambda&gt;5]" time="0.1010746955871582"></testcase><testcase classname="src.pymortests.vectorarray" file="src/pymortests/vectorarray.py" line="409" name="test_axpy_one_x[compatible_vector_array_pair2-&lt;lambda&gt;6]" time="0.03977704048156738"></testcase><testcase classname="src.pymortests.vectorarray" file="src/pymortests/vectorarray.py" line="409" name="test_axpy_one_x[compatible_vector_array_pair2-&lt;lambda&gt;7]" time="0.12098145484924316"></testcase><testcase classname="src.pymortests.vectorarray" file="src/pymortests/vectorarray.py" line="409" name="test_axpy_one_x[compatible_vector_array_pair2-&lt;lambda&gt;8]" time="0.28350090980529785"></testcase><testcase classname="src.pymortests.vectorarray" file="src/pymortests/vectorarray.py" line="409" name="test_axpy_one_x[compatible_vector_array_pair2-&lt;lambda&gt;9]" time="0.5484793186187744"></testcase><testcase classname="src.pymortests.vectorarray" file="src/pymortests/vectorarray.py" line="409" name="test_axpy_one_x[compatible_vector_array_pair2-&lt;lambda&gt;10]" time="1.5522680282592773"></testcase><testcase classname="src.pymortests.vectorarray" file="src/pymortests/vectorarray.py" line="409" name="test_axpy_one_x[compatible_vector_array_pair2-&lt;lambda&gt;11]" time="0.12616276741027832"></testcase><testcase classname="src.pymortests.vectorarray" file="src/pymortests/vectorarray.py" line="409" name="test_axpy_one_x[compatible_vector_array_pair2-&lt;lambda&gt;12]" time="0.10817813873291016"></testcase><testcase classname="src.pymortests.vectorarray" file="src/pymortests/vectorarray.py" line="409" name="test_axpy_one_x[compatible_vector_array_pair2-&lt;lambda&gt;13]" time="0.3100764751434326"></testcase><testcase classname="src.pymortests.vectorarray" file="src/pymortests/vectorarray.py" line="409" name="test_axpy_one_x[compatible_vector_array_pair2-&lt;lambda&gt;14]" time="0.1679246425628662"></testcase><testcase classname="src.pymortests.vectorarray" file="src/pymortests/vectorarray.py" line="409" name="test_axpy_one_x[compatible_vector_array_pair2-&lt;lambda&gt;15]" time="0.29653048515319824"></testcase><testcase classname="src.pymortests.vectorarray" file="src/pymortests/vectorarray.py" line="409" name="test_axpy_one_x[compatible_vector_array_pair2-&lt;lambda&gt;16]" time="0.33997225761413574"></testcase><testcase classname="src.pymortests.vectorarray" file="src/pymortests/vectorarray.py" line="409" name="test_axpy_one_x[compatible_vector_array_pair2-&lt;lambda&gt;17]" time="0.37020087242126465"></testcase><testcase classname="src.pymortests.vectorarray" file="src/pymortests/vectorarray.py" line="409" name="test_axpy_one_x[compatible_vector_array_pair2-&lt;lambda&gt;18]" time="0.14707207679748535"></testcase><testcase classname="src.pymortests.vectorarray" file="src/pymortests/vectorarray.py" line="409" name="test_axpy_one_x[compatible_vector_array_pair2-&lt;lambda&gt;19]" time="0.30506229400634766"></testcase><testcase classname="src.pymortests.vectorarray" file="src/pymortests/vectorarray.py" line="409" name="test_axpy_one_x[compatible_vector_array_pair2-&lt;lambda&gt;20]" time="0.981813907623291"></testcase><testcase classname="src.pymortests.vectorarray" file="src/pymortests/vectorarray.py" line="409" name="test_axpy_one_x[compatible_vector_array_pair2-&lt;lambda&gt;21]" time="0.9831011295318604"></testcase><testcase classname="src.pymortests.vectorarray" file="src/pymortests/vectorarray.py" line="409" name="test_axpy_one_x[compatible_vector_array_pair2-&lt;lambda&gt;22]" time="2.685197591781616"></testcase><testcase classname="src.pymortests.vectorarray" file="src/pymortests/vectorarray.py" line="409" name="test_axpy_one_x[compatible_vector_array_pair2-&lt;lambda&gt;23]" time="0.2579951286315918"></testcase><testcase classname="src.pymortests.vectorarray" file="src/pymortests/vectorarray.py" line="409" name="test_axpy_one_x[compatible_vector_array_pair2-&lt;lambda&gt;24]" time="0.04695296287536621"></testcase><testcase classname="src.pymortests.vectorarray" file="src/pymortests/vectorarray.py" line="409" name="test_axpy_one_x[compatible_vector_array_pair2-&lt;lambda&gt;25]" time="0.2808520793914795"></testcase><testcase classname="src.pymortests.vectorarray" file="src/pymortests/vectorarray.py" line="409" name="test_axpy_one_x[compatible_vector_array_pair2-&lt;lambda&gt;26]" time="3.508845567703247"></testcase><testcase classname="src.pymortests.vectorarray" file="src/pymortests/vectorarray.py" line="409" name="test_axpy_one_x[compatible_vector_array_pair2-&lt;lambda&gt;27]" time="6.221666574478149"></testcase><testcase classname="src.pymortests.vectorarray" file="src/pymortests/vectorarray.py" line="409" name="test_axpy_one_x[compatible_vector_array_pair2-&lt;lambda&gt;28]" time="23.231966495513916"></testcase><testcase classname="src.pymortests.vectorarray" file="src/pymortests/vectorarray.py" line="409" name="test_axpy_one_x[compatible_vector_array_pair2-&lt;lambda&gt;29]" time="0.6756341457366943"></testcase><testcase classname="src.pymortests.vectorarray" file="src/pymortests/vectorarray.py" line="409" name="test_axpy_one_x[compatible_vector_array_pair3-&lt;lambda&gt;0]" time="0.055130958557128906"></testcase><testcase classname="src.pymortests.vectorarray" file="src/pymortests/vectorarray.py" line="409" name="test_axpy_one_x[compatible_vector_array_pair3-&lt;lambda&gt;1]" time="0.14668583869934082"></testcase><testcase classname="src.pymortests.vectorarray" file="src/pymortests/vectorarray.py" line="409" name="test_axpy_one_x[compatible_vector_array_pair3-&lt;lambda&gt;2]" time="0.11309528350830078"></testcase><testcase classname="src.pymortests.vectorarray" file="src/pymortests/vectorarray.py" line="409" name="test_axpy_one_x[compatible_vector_array_pair3-&lt;lambda&gt;3]" time="0.1287546157836914"></testcase><testcase classname="src.pymortests.vectorarray" file="src/pymortests/vectorarray.py" line="409" name="test_axpy_one_x[compatible_vector_array_pair3-&lt;lambda&gt;4]" time="0.13467645645141602"></testcase><testcase classname="src.pymortests.vectorarray" file="src/pymortests/vectorarray.py" line="409" name="test_axpy_one_x[compatible_vector_array_pair3-&lt;lambda&gt;5]" time="0.10897612571716309"></testcase><testcase classname="src.pymortests.vectorarray" file="src/pymortests/vectorarray.py" line="409" name="test_axpy_one_x[compatible_vector_array_pair3-&lt;lambda&gt;6]" time="0.04465746879577637"></testcase><testcase classname="src.pymortests.vectorarray" file="src/pymortests/vectorarray.py" line="409" name="test_axpy_one_x[compatible_vector_array_pair3-&lt;lambda&gt;7]" time="0.13372468948364258"></testcase><testcase classname="src.pymortests.vectorarray" file="src/pymortests/vectorarray.py" line="409" name="test_axpy_one_x[compatible_vector_array_pair3-&lt;lambda&gt;8]" time="0.3160820007324219"></testcase><testcase classname="src.pymortests.vectorarray" file="src/pymortests/vectorarray.py" line="409" name="test_axpy_one_x[compatible_vector_array_pair3-&lt;lambda&gt;9]" time="0.592517614364624"></testcase><testcase classname="src.pymortests.vectorarray" file="src/pymortests/vectorarray.py" line="409" name="test_axpy_one_x[compatible_vector_array_pair3-&lt;lambda&gt;10]" time="1.7071013450622559"></testcase><testcase classname="src.pymortests.vectorarray" file="src/pymortests/vectorarray.py" line="409" name="test_axpy_one_x[compatible_vector_array_pair3-&lt;lambda&gt;11]" time="0.13112354278564453"></testcase><testcase classname="src.pymortests.vectorarray" file="src/pymortests/vectorarray.py" line="409" name="test_axpy_one_x[compatible_vector_array_pair3-&lt;lambda&gt;12]" time="0.1169288158416748"></testcase><testcase classname="src.pymortests.vectorarray" file="src/pymortests/vectorarray.py" line="409" name="test_axpy_one_x[compatible_vector_array_pair3-&lt;lambda&gt;13]" time="0.3439664840698242"></testcase><testcase classname="src.pymortests.vectorarray" file="src/pymortests/vectorarray.py" line="409" name="test_axpy_one_x[compatible_vector_array_pair3-&lt;lambda&gt;14]" time="0.1806809902191162"></testcase><testcase classname="src.pymortests.vectorarray" file="src/pymortests/vectorarray.py" line="409" name="test_axpy_one_x[compatible_vector_array_pair3-&lt;lambda&gt;15]" time="0.3167743682861328"></testcase><testcase classname="src.pymortests.vectorarray" file="src/pymortests/vectorarray.py" line="409" name="test_axpy_one_x[compatible_vector_array_pair3-&lt;lambda&gt;16]" time="0.3676643371582031"></testcase><testcase classname="src.pymortests.vectorarray" file="src/pymortests/vectorarray.py" line="409" name="test_axpy_one_x[compatible_vector_array_pair3-&lt;lambda&gt;17]" time="0.4005429744720459"></testcase><testcase classname="src.pymortests.vectorarray" file="src/pymortests/vectorarray.py" line="409" name="test_axpy_one_x[compatible_vector_array_pair3-&lt;lambda&gt;18]" time="0.1630859375"></testcase><testcase classname="src.pymortests.vectorarray" file="src/pymortests/vectorarray.py" line="409" name="test_axpy_one_x[compatible_vector_array_pair3-&lt;lambda&gt;19]" time="0.317885160446167"></testcase><testcase classname="src.pymortests.vectorarray" file="src/pymortests/vectorarray.py" line="409" name="test_axpy_one_x[compatible_vector_array_pair3-&lt;lambda&gt;20]" time="0.9520702362060547"></testcase><testcase classname="src.pymortests.vectorarray" file="src/pymortests/vectorarray.py" line="409" name="test_axpy_one_x[compatible_vector_array_pair3-&lt;lambda&gt;21]" time="0.9388601779937744"></testcase><testcase classname="src.pymortests.vectorarray" file="src/pymortests/vectorarray.py" line="409" name="test_axpy_one_x[compatible_vector_array_pair3-&lt;lambda&gt;22]" time="2.6471171379089355"></testcase><testcase classname="src.pymortests.vectorarray" file="src/pymortests/vectorarray.py" line="409" name="test_axpy_one_x[compatible_vector_array_pair3-&lt;lambda&gt;23]" time="0.25069236755371094"></testcase><testcase classname="src.pymortests.vectorarray" file="src/pymortests/vectorarray.py" line="409" name="test_axpy_one_x[compatible_vector_array_pair3-&lt;lambda&gt;24]" time="0.046276092529296875"></testcase><testcase classname="src.pymortests.vectorarray" file="src/pymortests/vectorarray.py" line="409" name="test_axpy_one_x[compatible_vector_array_pair3-&lt;lambda&gt;25]" time="0.301372766494751"></testcase><testcase classname="src.pymortests.vectorarray" file="src/pymortests/vectorarray.py" line="409" name="test_axpy_one_x[compatible_vector_array_pair3-&lt;lambda&gt;26]" time="3.9827661514282227"></testcase><testcase classname="src.pymortests.vectorarray" file="src/pymortests/vectorarray.py" line="409" name="test_axpy_one_x[compatible_vector_array_pair3-&lt;lambda&gt;27]" time="6.947522878646851"></testcase><testcase classname="src.pymortests.vectorarray" file="src/pymortests/vectorarray.py" line="409" name="test_axpy_one_x[compatible_vector_array_pair3-&lt;lambda&gt;28]" time="26.40109419822693"></testcase><testcase classname="src.pymortests.vectorarray" file="src/pymortests/vectorarray.py" line="409" name="test_axpy_one_x[compatible_vector_array_pair3-&lt;lambda&gt;29]" time="0.6783547401428223"></testcase><testcase classname="src.pymortests.vectorarray" file="src/pymortests/vectorarray.py" line="409" name="test_axpy_one_x[compatible_vector_array_pair4-&lt;lambda&gt;0]" time="0.051142215728759766"></testcase><testcase classname="src.pymortests.vectorarray" file="src/pymortests/vectorarray.py" line="409" name="test_axpy_one_x[compatible_vector_array_pair4-&lt;lambda&gt;1]" time="0.13743042945861816"></testcase><testcase classname="src.pymortests.vectorarray" file="src/pymortests/vectorarray.py" line="409" name="test_axpy_one_x[compatible_vector_array_pair4-&lt;lambda&gt;2]" time="0.10400509834289551"></testcase><testcase classname="src.pymortests.vectorarray" file="src/pymortests/vectorarray.py" line="409" name="test_axpy_one_x[compatible_vector_array_pair4-&lt;lambda&gt;3]" time="0.1189718246459961"></testcase><testcase classname="src.pymortests.vectorarray" file="src/pymortests/vectorarray.py" line="409" name="test_axpy_one_x[compatible_vector_array_pair4-&lt;lambda&gt;4]" time="0.12607884407043457"></testcase><testcase classname="src.pymortests.vectorarray" file="src/pymortests/vectorarray.py" line="409" name="test_axpy_one_x[compatible_vector_array_pair4-&lt;lambda&gt;5]" time="0.10378718376159668"></testcase><testcase classname="src.pymortests.vectorarray" file="src/pymortests/vectorarray.py" line="409" name="test_axpy_one_x[compatible_vector_array_pair4-&lt;lambda&gt;6]" time="0.04064369201660156"></testcase><testcase classname="src.pymortests.vectorarray" file="src/pymortests/vectorarray.py" line="409" name="test_axpy_one_x[compatible_vector_array_pair4-&lt;lambda&gt;7]" time="0.12214016914367676"></testcase><testcase classname="src.pymortests.vectorarray" file="src/pymortests/vectorarray.py" line="409" name="test_axpy_one_x[compatible_vector_array_pair4-&lt;lambda&gt;8]" time="0.28136658668518066"></testcase><testcase classname="src.pymortests.vectorarray" file="src/pymortests/vectorarray.py" line="409" name="test_axpy_one_x[compatible_vector_array_pair4-&lt;lambda&gt;9]" time="0.5473933219909668"></testcase><testcase classname="src.pymortests.vectorarray" file="src/pymortests/vectorarray.py" line="409" name="test_axpy_one_x[compatible_vector_array_pair4-&lt;lambda&gt;10]" time="1.560373067855835"></testcase><testcase classname="src.pymortests.vectorarray" file="src/pymortests/vectorarray.py" line="409" name="test_axpy_one_x[compatible_vector_array_pair4-&lt;lambda&gt;11]" time="0.12356948852539062"></testcase><testcase classname="src.pymortests.vectorarray" file="src/pymortests/vectorarray.py" line="409" name="test_axpy_one_x[compatible_vector_array_pair4-&lt;lambda&gt;12]" time="0.10326433181762695"></testcase><testcase classname="src.pymortests.vectorarray" file="src/pymortests/vectorarray.py" line="409" name="test_axpy_one_x[compatible_vector_array_pair4-&lt;lambda&gt;13]" time="0.3140091896057129"></testcase><testcase classname="src.pymortests.vectorarray" file="src/pymortests/vectorarray.py" line="409" name="test_axpy_one_x[compatible_vector_array_pair4-&lt;lambda&gt;14]" time="0.17017078399658203"></testcase><testcase classname="src.pymortests.vectorarray" file="src/pymortests/vectorarray.py" line="409" name="test_axpy_one_x[compatible_vector_array_pair4-&lt;lambda&gt;15]" time="0.2992434501647949"></testcase><testcase classname="src.pymortests.vectorarray" file="src/pymortests/vectorarray.py" line="409" name="test_axpy_one_x[compatible_vector_array_pair4-&lt;lambda&gt;16]" time="0.33427882194519043"></testcase><testcase classname="src.pymortests.vectorarray" file="src/pymortests/vectorarray.py" line="409" name="test_axpy_one_x[compatible_vector_array_pair4-&lt;lambda&gt;17]" time="0.36072659492492676"></testcase><testcase classname="src.pymortests.vectorarray" file="src/pymortests/vectorarray.py" line="409" name="test_axpy_one_x[compatible_vector_array_pair4-&lt;lambda&gt;18]" time="0.14131975173950195"></testcase><testcase classname="src.pymortests.vectorarray" file="src/pymortests/vectorarray.py" line="409" name="test_axpy_one_x[compatible_vector_array_pair4-&lt;lambda&gt;19]" time="0.3018205165863037"></testcase><testcase classname="src.pymortests.vectorarray" file="src/pymortests/vectorarray.py" line="409" name="test_axpy_one_x[compatible_vector_array_pair4-&lt;lambda&gt;20]" time="0.9640657901763916"></testcase><testcase classname="src.pymortests.vectorarray" file="src/pymortests/vectorarray.py" line="409" name="test_axpy_one_x[compatible_vector_array_pair4-&lt;lambda&gt;21]" time="0.9591004848480225"></testcase><testcase classname="src.pymortests.vectorarray" file="src/pymortests/vectorarray.py" line="409" name="test_axpy_one_x[compatible_vector_array_pair4-&lt;lambda&gt;22]" time="2.7211642265319824"></testcase><testcase classname="src.pymortests.vectorarray" file="src/pymortests/vectorarray.py" line="409" name="test_axpy_one_x[compatible_vector_array_pair4-&lt;lambda&gt;23]" time="0.26470088958740234"></testcase><testcase classname="src.pymortests.vectorarray" file="src/pymortests/vectorarray.py" line="409" name="test_axpy_one_x[compatible_vector_array_pair4-&lt;lambda&gt;24]" time="0.04715394973754883"></testcase><testcase classname="src.pymortests.vectorarray" file="src/pymortests/vectorarray.py" line="409" name="test_axpy_one_x[compatible_vector_array_pair4-&lt;lambda&gt;25]" time="0.3254358768463135"></testcase><testcase classname="src.pymortests.vectorarray" file="src/pymortests/vectorarray.py" line="409" name="test_axpy_one_x[compatible_vector_array_pair4-&lt;lambda&gt;26]" time="4.636988878250122"></testcase><testcase classname="src.pymortests.vectorarray" file="src/pymortests/vectorarray.py" line="409" name="test_axpy_one_x[compatible_vector_array_pair4-&lt;lambda&gt;27]" time="7.948505640029907"></testcase><testcase classname="src.pymortests.vectorarray" file="src/pymortests/vectorarray.py" line="409" name="test_axpy_one_x[compatible_vector_array_pair4-&lt;lambda&gt;28]" time="29.42701292037964"></testcase><testcase classname="src.pymortests.vectorarray" file="src/pymortests/vectorarray.py" line="409" name="test_axpy_one_x[compatible_vector_array_pair4-&lt;lambda&gt;29]" time="0.7408525943756104"></testcase><testcase classname="src.pymortests.vectorarray" file="src/pymortests/vectorarray.py" line="409" name="test_axpy_one_x[compatible_vector_array_pair5-&lt;lambda&gt;0]" time="0.05154299736022949"></testcase><testcase classname="src.pymortests.vectorarray" file="src/pymortests/vectorarray.py" line="409" name="test_axpy_one_x[compatible_vector_array_pair5-&lt;lambda&gt;1]" time="0.13638567924499512"></testcase><testcase classname="src.pymortests.vectorarray" file="src/pymortests/vectorarray.py" line="409" name="test_axpy_one_x[compatible_vector_array_pair5-&lt;lambda&gt;2]" time="0.10713791847229004"></testcase><testcase classname="src.pymortests.vectorarray" file="src/pymortests/vectorarray.py" line="409" name="test_axpy_one_x[compatible_vector_array_pair5-&lt;lambda&gt;3]" time="0.12085247039794922"></testcase><testcase classname="src.pymortests.vectorarray" file="src/pymortests/vectorarray.py" line="409" name="test_axpy_one_x[compatible_vector_array_pair5-&lt;lambda&gt;4]" time="0.13054370880126953"></testcase><testcase classname="src.pymortests.vectorarray" file="src/pymortests/vectorarray.py" line="409" name="test_axpy_one_x[compatible_vector_array_pair5-&lt;lambda&gt;5]" time="0.10242867469787598"></testcase><testcase classname="src.pymortests.vectorarray" file="src/pymortests/vectorarray.py" line="409" name="test_axpy_one_x[compatible_vector_array_pair5-&lt;lambda&gt;6]" time="0.03997659683227539"></testcase><testcase classname="src.pymortests.vectorarray" file="src/pymortests/vectorarray.py" line="409" name="test_axpy_one_x[compatible_vector_array_pair5-&lt;lambda&gt;7]" time="0.12278890609741211"></testcase><testcase classname="src.pymortests.vectorarray" file="src/pymortests/vectorarray.py" line="409" name="test_axpy_one_x[compatible_vector_array_pair5-&lt;lambda&gt;8]" time="0.2801475524902344"></testcase><testcase classname="src.pymortests.vectorarray" file="src/pymortests/vectorarray.py" line="409" name="test_axpy_one_x[compatible_vector_array_pair5-&lt;lambda&gt;9]" time="0.5473682880401611"></testcase><testcase classname="src.pymortests.vectorarray" file="src/pymortests/vectorarray.py" line="409" name="test_axpy_one_x[compatible_vector_array_pair5-&lt;lambda&gt;10]" time="1.5336222648620605"></testcase><testcase classname="src.pymortests.vectorarray" file="src/pymortests/vectorarray.py" line="409" name="test_axpy_one_x[compatible_vector_array_pair5-&lt;lambda&gt;11]" time="0.12210369110107422"></testcase><testcase classname="src.pymortests.vectorarray" file="src/pymortests/vectorarray.py" line="409" name="test_axpy_one_x[compatible_vector_array_pair5-&lt;lambda&gt;12]" time="0.1017463207244873"></testcase><testcase classname="src.pymortests.vectorarray" file="src/pymortests/vectorarray.py" line="409" name="test_axpy_one_x[compatible_vector_array_pair5-&lt;lambda&gt;13]" time="0.29924917221069336"></testcase><testcase classname="src.pymortests.vectorarray" file="src/pymortests/vectorarray.py" line="409" name="test_axpy_one_x[compatible_vector_array_pair5-&lt;lambda&gt;14]" time="0.16483020782470703"></testcase><testcase classname="src.pymortests.vectorarray" file="src/pymortests/vectorarray.py" line="409" name="test_axpy_one_x[compatible_vector_array_pair5-&lt;lambda&gt;15]" time="0.289747953414917"></testcase><testcase classname="src.pymortests.vectorarray" file="src/pymortests/vectorarray.py" line="409" name="test_axpy_one_x[compatible_vector_array_pair5-&lt;lambda&gt;16]" time="0.3360941410064697"></testcase><testcase classname="src.pymortests.vectorarray" file="src/pymortests/vectorarray.py" line="409" name="test_axpy_one_x[compatible_vector_array_pair5-&lt;lambda&gt;17]" time="0.35729026794433594"></testcase><testcase classname="src.pymortests.vectorarray" file="src/pymortests/vectorarray.py" line="409" name="test_axpy_one_x[compatible_vector_array_pair5-&lt;lambda&gt;18]" time="0.14186692237854004"></testcase><testcase classname="src.pymortests.vectorarray" file="src/pymortests/vectorarray.py" line="409" name="test_axpy_one_x[compatible_vector_array_pair5-&lt;lambda&gt;19]" time="0.3031468391418457"></testcase><testcase classname="src.pymortests.vectorarray" file="src/pymortests/vectorarray.py" line="409" name="test_axpy_one_x[compatible_vector_array_pair5-&lt;lambda&gt;20]" time="0.9952566623687744"></testcase><testcase classname="src.pymortests.vectorarray" file="src/pymortests/vectorarray.py" line="409" name="test_axpy_one_x[compatible_vector_array_pair5-&lt;lambda&gt;21]" time="0.9668700695037842"></testcase><testcase classname="src.pymortests.vectorarray" file="src/pymortests/vectorarray.py" line="409" name="test_axpy_one_x[compatible_vector_array_pair5-&lt;lambda&gt;22]" time="2.7003047466278076"></testcase><testcase classname="src.pymortests.vectorarray" file="src/pymortests/vectorarray.py" line="409" name="test_axpy_one_x[compatible_vector_array_pair5-&lt;lambda&gt;23]" time="0.25734567642211914"></testcase><testcase classname="src.pymortests.vectorarray" file="src/pymortests/vectorarray.py" line="409" name="test_axpy_one_x[compatible_vector_array_pair5-&lt;lambda&gt;24]" time="0.047178030014038086"></testcase><testcase classname="src.pymortests.vectorarray" file="src/pymortests/vectorarray.py" line="409" name="test_axpy_one_x[compatible_vector_array_pair5-&lt;lambda&gt;25]" time="0.3464930057525635"></testcase><testcase classname="src.pymortests.vectorarray" file="src/pymortests/vectorarray.py" line="409" name="test_axpy_one_x[compatible_vector_array_pair5-&lt;lambda&gt;26]" time="5.091021299362183"></testcase><testcase classname="src.pymortests.vectorarray" file="src/pymortests/vectorarray.py" line="409" name="test_axpy_one_x[compatible_vector_array_pair5-&lt;lambda&gt;27]" time="8.712141036987305"></testcase><testcase classname="src.pymortests.vectorarray" file="src/pymortests/vectorarray.py" line="409" name="test_axpy_one_x[compatible_vector_array_pair5-&lt;lambda&gt;28]" time="32.55158805847168"></testcase><testcase classname="src.pymortests.vectorarray" file="src/pymortests/vectorarray.py" line="409" name="test_axpy_one_x[compatible_vector_array_pair5-&lt;lambda&gt;29]" time="0.8104007244110107"></testcase><testcase classname="src.pymortests.vectorarray" file="src/pymortests/vectorarray.py" line="409" name="test_axpy_one_x[compatible_vector_array_pair6-&lt;lambda&gt;0]" time="0.05263376235961914"></testcase><testcase classname="src.pymortests.vectorarray" file="src/pymortests/vectorarray.py" line="409" name="test_axpy_one_x[compatible_vector_array_pair6-&lt;lambda&gt;1]" time="0.13775372505187988"></testcase><testcase classname="src.pymortests.vectorarray" file="src/pymortests/vectorarray.py" line="409" name="test_axpy_one_x[compatible_vector_array_pair6-&lt;lambda&gt;2]" time="0.10466647148132324"></testcase><testcase classname="src.pymortests.vectorarray" file="src/pymortests/vectorarray.py" line="409" name="test_axpy_one_x[compatible_vector_array_pair6-&lt;lambda&gt;3]" time="0.1203763484954834"></testcase><testcase classname="src.pymortests.vectorarray" file="src/pymortests/vectorarray.py" line="409" name="test_axpy_one_x[compatible_vector_array_pair6-&lt;lambda&gt;4]" time="0.12931251525878906"></testcase><testcase classname="src.pymortests.vectorarray" file="src/pymortests/vectorarray.py" line="409" name="test_axpy_one_x[compatible_vector_array_pair6-&lt;lambda&gt;5]" time="0.10555386543273926"></testcase><testcase classname="src.pymortests.vectorarray" file="src/pymortests/vectorarray.py" line="409" name="test_axpy_one_x[compatible_vector_array_pair6-&lt;lambda&gt;6]" time="0.04098796844482422"></testcase><testcase classname="src.pymortests.vectorarray" file="src/pymortests/vectorarray.py" line="409" name="test_axpy_one_x[compatible_vector_array_pair6-&lt;lambda&gt;7]" time="0.12277770042419434"></testcase><testcase classname="src.pymortests.vectorarray" file="src/pymortests/vectorarray.py" line="409" name="test_axpy_one_x[compatible_vector_array_pair6-&lt;lambda&gt;8]" time="0.28576135635375977"></testcase><testcase classname="src.pymortests.vectorarray" file="src/pymortests/vectorarray.py" line="409" name="test_axpy_one_x[compatible_vector_array_pair6-&lt;lambda&gt;9]" time="0.5681734085083008"></testcase><testcase classname="src.pymortests.vectorarray" file="src/pymortests/vectorarray.py" line="409" name="test_axpy_one_x[compatible_vector_array_pair6-&lt;lambda&gt;10]" time="1.5964508056640625"></testcase><testcase classname="src.pymortests.vectorarray" file="src/pymortests/vectorarray.py" line="409" name="test_axpy_one_x[compatible_vector_array_pair6-&lt;lambda&gt;11]" time="0.12877297401428223"></testcase><testcase classname="src.pymortests.vectorarray" file="src/pymortests/vectorarray.py" line="409" name="test_axpy_one_x[compatible_vector_array_pair6-&lt;lambda&gt;12]" time="0.10808491706848145"></testcase><testcase classname="src.pymortests.vectorarray" file="src/pymortests/vectorarray.py" line="409" name="test_axpy_one_x[compatible_vector_array_pair6-&lt;lambda&gt;13]" time="0.31441760063171387"></testcase><testcase classname="src.pymortests.vectorarray" file="src/pymortests/vectorarray.py" line="409" name="test_axpy_one_x[compatible_vector_array_pair6-&lt;lambda&gt;14]" time="0.172332763671875"></testcase><testcase classname="src.pymortests.vectorarray" file="src/pymortests/vectorarray.py" line="409" name="test_axpy_one_x[compatible_vector_array_pair6-&lt;lambda&gt;15]" time="0.3064279556274414"></testcase><testcase classname="src.pymortests.vectorarray" file="src/pymortests/vectorarray.py" line="409" name="test_axpy_one_x[compatible_vector_array_pair6-&lt;lambda&gt;16]" time="0.3509993553161621"></testcase><testcase classname="src.pymortests.vectorarray" file="src/pymortests/vectorarray.py" line="409" name="test_axpy_one_x[compatible_vector_array_pair6-&lt;lambda&gt;17]" time="0.37175559997558594"></testcase><testcase classname="src.pymortests.vectorarray" file="src/pymortests/vectorarray.py" line="409" name="test_axpy_one_x[compatible_vector_array_pair6-&lt;lambda&gt;18]" time="0.14757871627807617"></testcase><testcase classname="src.pymortests.vectorarray" file="src/pymortests/vectorarray.py" line="409" name="test_axpy_one_x[compatible_vector_array_pair6-&lt;lambda&gt;19]" time="0.3230245113372803"></testcase><testcase classname="src.pymortests.vectorarray" file="src/pymortests/vectorarray.py" line="409" name="test_axpy_one_x[compatible_vector_array_pair6-&lt;lambda&gt;20]" time="1.0566611289978027"></testcase><testcase classname="src.pymortests.vectorarray" file="src/pymortests/vectorarray.py" line="409" name="test_axpy_one_x[compatible_vector_array_pair6-&lt;lambda&gt;21]" time="0.9751923084259033"></testcase><testcase classname="src.pymortests.vectorarray" file="src/pymortests/vectorarray.py" line="409" name="test_axpy_one_x[compatible_vector_array_pair6-&lt;lambda&gt;22]" time="2.668527126312256"></testcase><testcase classname="src.pymortests.vectorarray" file="src/pymortests/vectorarray.py" line="409" name="test_axpy_one_x[compatible_vector_array_pair6-&lt;lambda&gt;23]" time="0.26035642623901367"></testcase><testcase classname="src.pymortests.vectorarray" file="src/pymortests/vectorarray.py" line="409" name="test_axpy_one_x[compatible_vector_array_pair6-&lt;lambda&gt;24]" time="0.04716134071350098"></testcase><testcase classname="src.pymortests.vectorarray" file="src/pymortests/vectorarray.py" line="409" name="test_axpy_one_x[compatible_vector_array_pair6-&lt;lambda&gt;25]" time="0.3611445426940918"></testcase><testcase classname="src.pymortests.vectorarray" file="src/pymortests/vectorarray.py" line="409" name="test_axpy_one_x[compatible_vector_array_pair6-&lt;lambda&gt;26]" time="5.6366355419158936"></testcase><testcase classname="src.pymortests.vectorarray" file="src/pymortests/vectorarray.py" line="409" name="test_axpy_one_x[compatible_vector_array_pair6-&lt;lambda&gt;27]" time="9.731318235397339"></testcase><testcase classname="src.pymortests.vectorarray" file="src/pymortests/vectorarray.py" line="409" name="test_axpy_one_x[compatible_vector_array_pair6-&lt;lambda&gt;28]" time="35.8673894405365"></testcase><testcase classname="src.pymortests.vectorarray" file="src/pymortests/vectorarray.py" line="409" name="test_axpy_one_x[compatible_vector_array_pair6-&lt;lambda&gt;29]" time="0.89341139793396"></testcase><testcase classname="src.pymortests.vectorarray" file="src/pymortests/vectorarray.py" line="409" name="test_axpy_one_x[compatible_vector_array_pair7-&lt;lambda&gt;0]" time="0.052190542221069336"></testcase><testcase classname="src.pymortests.vectorarray" file="src/pymortests/vectorarray.py" line="409" name="test_axpy_one_x[compatible_vector_array_pair7-&lt;lambda&gt;1]" time="0.13711094856262207"></testcase><testcase classname="src.pymortests.vectorarray" file="src/pymortests/vectorarray.py" line="409" name="test_axpy_one_x[compatible_vector_array_pair7-&lt;lambda&gt;2]" time="0.10479927062988281"></testcase><testcase classname="src.pymortests.vectorarray" file="src/pymortests/vectorarray.py" line="409" name="test_axpy_one_x[compatible_vector_array_pair7-&lt;lambda&gt;3]" time="0.12484025955200195"></testcase><testcase classname="src.pymortests.vectorarray" file="src/pymortests/vectorarray.py" line="409" name="test_axpy_one_x[compatible_vector_array_pair7-&lt;lambda&gt;4]" time="0.12634611129760742"></testcase><testcase classname="src.pymortests.vectorarray" file="src/pymortests/vectorarray.py" line="409" name="test_axpy_one_x[compatible_vector_array_pair7-&lt;lambda&gt;5]" time="0.101318359375"></testcase><testcase classname="src.pymortests.vectorarray" file="src/pymortests/vectorarray.py" line="409" name="test_axpy_one_x[compatible_vector_array_pair7-&lt;lambda&gt;6]" time="0.039483070373535156"></testcase><testcase classname="src.pymortests.vectorarray" file="src/pymortests/vectorarray.py" line="409" name="test_axpy_one_x[compatible_vector_array_pair7-&lt;lambda&gt;7]" time="0.12129378318786621"></testcase><testcase classname="src.pymortests.vectorarray" file="src/pymortests/vectorarray.py" line="409" name="test_axpy_one_x[compatible_vector_array_pair7-&lt;lambda&gt;8]" time="0.2818140983581543"></testcase><testcase classname="src.pymortests.vectorarray" file="src/pymortests/vectorarray.py" line="409" name="test_axpy_one_x[compatible_vector_array_pair7-&lt;lambda&gt;9]" time="0.5494329929351807"></testcase><testcase classname="src.pymortests.vectorarray" file="src/pymortests/vectorarray.py" line="409" name="test_axpy_one_x[compatible_vector_array_pair7-&lt;lambda&gt;10]" time="1.5414838790893555"></testcase><testcase classname="src.pymortests.vectorarray" file="src/pymortests/vectorarray.py" line="409" name="test_axpy_one_x[compatible_vector_array_pair7-&lt;lambda&gt;11]" time="0.1211085319519043"></testcase><testcase classname="src.pymortests.vectorarray" file="src/pymortests/vectorarray.py" line="409" name="test_axpy_one_x[compatible_vector_array_pair7-&lt;lambda&gt;12]" time="0.10114693641662598"></testcase><testcase classname="src.pymortests.vectorarray" file="src/pymortests/vectorarray.py" line="409" name="test_axpy_one_x[compatible_vector_array_pair7-&lt;lambda&gt;13]" time="0.3005039691925049"></testcase><testcase classname="src.pymortests.vectorarray" file="src/pymortests/vectorarray.py" line="409" name="test_axpy_one_x[compatible_vector_array_pair7-&lt;lambda&gt;14]" time="0.16515851020812988"></testcase><testcase classname="src.pymortests.vectorarray" file="src/pymortests/vectorarray.py" line="409" name="test_axpy_one_x[compatible_vector_array_pair7-&lt;lambda&gt;15]" time="0.29225778579711914"></testcase><testcase classname="src.pymortests.vectorarray" file="src/pymortests/vectorarray.py" line="409" name="test_axpy_one_x[compatible_vector_array_pair7-&lt;lambda&gt;16]" time="0.328685998916626"></testcase><testcase classname="src.pymortests.vectorarray" file="src/pymortests/vectorarray.py" line="409" name="test_axpy_one_x[compatible_vector_array_pair7-&lt;lambda&gt;17]" time="0.3548734188079834"></testcase><testcase classname="src.pymortests.vectorarray" file="src/pymortests/vectorarray.py" line="409" name="test_axpy_one_x[compatible_vector_array_pair7-&lt;lambda&gt;18]" time="0.14043784141540527"></testcase><testcase classname="src.pymortests.vectorarray" file="src/pymortests/vectorarray.py" line="409" name="test_axpy_one_x[compatible_vector_array_pair7-&lt;lambda&gt;19]" time="0.30359959602355957"></testcase><testcase classname="src.pymortests.vectorarray" file="src/pymortests/vectorarray.py" line="409" name="test_axpy_one_x[compatible_vector_array_pair7-&lt;lambda&gt;20]" time="0.9964644908905029"></testcase><testcase classname="src.pymortests.vectorarray" file="src/pymortests/vectorarray.py" line="409" name="test_axpy_one_x[compatible_vector_array_pair7-&lt;lambda&gt;21]" time="0.9549393653869629"></testcase><testcase classname="src.pymortests.vectorarray" file="src/pymortests/vectorarray.py" line="409" name="test_axpy_one_x[compatible_vector_array_pair7-&lt;lambda&gt;22]" time="2.609309196472168"></testcase><testcase classname="src.pymortests.vectorarray" file="src/pymortests/vectorarray.py" line="409" name="test_axpy_one_x[compatible_vector_array_pair7-&lt;lambda&gt;23]" time="0.25170254707336426"></testcase><testcase classname="src.pymortests.vectorarray" file="src/pymortests/vectorarray.py" line="409" name="test_axpy_one_x[compatible_vector_array_pair7-&lt;lambda&gt;24]" time="0.046303749084472656"></testcase><testcase classname="src.pymortests.vectorarray" file="src/pymortests/vectorarray.py" line="409" name="test_axpy_one_x[compatible_vector_array_pair7-&lt;lambda&gt;25]" time="0.37809252738952637"></testcase><testcase classname="src.pymortests.vectorarray" file="src/pymortests/vectorarray.py" line="409" name="test_axpy_one_x[compatible_vector_array_pair7-&lt;lambda&gt;26]" time="6.153517007827759"></testcase><testcase classname="src.pymortests.vectorarray" file="src/pymortests/vectorarray.py" line="409" name="test_axpy_one_x[compatible_vector_array_pair7-&lt;lambda&gt;27]" time="10.5623300075531"></testcase><testcase classname="src.pymortests.vectorarray" file="src/pymortests/vectorarray.py" line="409" name="test_axpy_one_x[compatible_vector_array_pair7-&lt;lambda&gt;28]" time="38.99466371536255"><system-err>no more timer available, reusing last one
</system-err></testcase><testcase classname="src.pymortests.vectorarray" file="src/pymortests/vectorarray.py" line="409" name="test_axpy_one_x[compatible_vector_array_pair7-&lt;lambda&gt;29]" time="0.9286649227142334"></testcase><testcase classname="src.pymortests.vectorarray" file="src/pymortests/vectorarray.py" line="409" name="test_axpy_one_x[compatible_vector_array_pair8-&lt;lambda&gt;0]" time="0.05044078826904297"></testcase><testcase classname="src.pymortests.vectorarray" file="src/pymortests/vectorarray.py" line="409" name="test_axpy_one_x[compatible_vector_array_pair8-&lt;lambda&gt;1]" time="0.13509464263916016"></testcase><testcase classname="src.pymortests.vectorarray" file="src/pymortests/vectorarray.py" line="409" name="test_axpy_one_x[compatible_vector_array_pair8-&lt;lambda&gt;2]" time="0.10476326942443848"></testcase><testcase classname="src.pymortests.vectorarray" file="src/pymortests/vectorarray.py" line="409" name="test_axpy_one_x[compatible_vector_array_pair8-&lt;lambda&gt;3]" time="0.11844015121459961"></testcase><testcase classname="src.pymortests.vectorarray" file="src/pymortests/vectorarray.py" line="409" name="test_axpy_one_x[compatible_vector_array_pair8-&lt;lambda&gt;4]" time="0.12458276748657227"></testcase><testcase classname="src.pymortests.vectorarray" file="src/pymortests/vectorarray.py" line="409" name="test_axpy_one_x[compatible_vector_array_pair8-&lt;lambda&gt;5]" time="0.10405850410461426"></testcase><testcase classname="src.pymortests.vectorarray" file="src/pymortests/vectorarray.py" line="409" name="test_axpy_one_x[compatible_vector_array_pair8-&lt;lambda&gt;6]" time="0.041809797286987305"></testcase><testcase classname="src.pymortests.vectorarray" file="src/pymortests/vectorarray.py" line="409" name="test_axpy_one_x[compatible_vector_array_pair8-&lt;lambda&gt;7]" time="0.12307620048522949"></testcase><testcase classname="src.pymortests.vectorarray" file="src/pymortests/vectorarray.py" line="409" name="test_axpy_one_x[compatible_vector_array_pair8-&lt;lambda&gt;8]" time="0.282071590423584"></testcase><testcase classname="src.pymortests.vectorarray" file="src/pymortests/vectorarray.py" line="409" name="test_axpy_one_x[compatible_vector_array_pair8-&lt;lambda&gt;9]" time="0.5477075576782227"></testcase><testcase classname="src.pymortests.vectorarray" file="src/pymortests/vectorarray.py" line="409" name="test_axpy_one_x[compatible_vector_array_pair8-&lt;lambda&gt;10]" time="1.5213913917541504"></testcase><testcase classname="src.pymortests.vectorarray" file="src/pymortests/vectorarray.py" line="409" name="test_axpy_one_x[compatible_vector_array_pair8-&lt;lambda&gt;11]" time="0.12183213233947754"></testcase><testcase classname="src.pymortests.vectorarray" file="src/pymortests/vectorarray.py" line="409" name="test_axpy_one_x[compatible_vector_array_pair8-&lt;lambda&gt;12]" time="0.10134053230285645"></testcase><testcase classname="src.pymortests.vectorarray" file="src/pymortests/vectorarray.py" line="409" name="test_axpy_one_x[compatible_vector_array_pair8-&lt;lambda&gt;13]" time="0.29863762855529785"></testcase><testcase classname="src.pymortests.vectorarray" file="src/pymortests/vectorarray.py" line="409" name="test_axpy_one_x[compatible_vector_array_pair8-&lt;lambda&gt;14]" time="0.16360712051391602"></testcase><testcase classname="src.pymortests.vectorarray" file="src/pymortests/vectorarray.py" line="409" name="test_axpy_one_x[compatible_vector_array_pair8-&lt;lambda&gt;15]" time="0.2940678596496582"></testcase><testcase classname="src.pymortests.vectorarray" file="src/pymortests/vectorarray.py" line="409" name="test_axpy_one_x[compatible_vector_array_pair8-&lt;lambda&gt;16]" time="0.3344547748565674"></testcase><testcase classname="src.pymortests.vectorarray" file="src/pymortests/vectorarray.py" line="409" name="test_axpy_one_x[compatible_vector_array_pair8-&lt;lambda&gt;17]" time="0.3542163372039795"></testcase><testcase classname="src.pymortests.vectorarray" file="src/pymortests/vectorarray.py" line="409" name="test_axpy_one_x[compatible_vector_array_pair8-&lt;lambda&gt;18]" time="0.1415562629699707"></testcase><testcase classname="src.pymortests.vectorarray" file="src/pymortests/vectorarray.py" line="409" name="test_axpy_one_x[compatible_vector_array_pair8-&lt;lambda&gt;19]" time="0.3037838935852051"></testcase><testcase classname="src.pymortests.vectorarray" file="src/pymortests/vectorarray.py" line="409" name="test_axpy_one_x[compatible_vector_array_pair8-&lt;lambda&gt;20]" time="0.995189905166626"></testcase><testcase classname="src.pymortests.vectorarray" file="src/pymortests/vectorarray.py" line="409" name="test_axpy_one_x[compatible_vector_array_pair8-&lt;lambda&gt;21]" time="0.9329946041107178"></testcase><testcase classname="src.pymortests.vectorarray" file="src/pymortests/vectorarray.py" line="409" name="test_axpy_one_x[compatible_vector_array_pair8-&lt;lambda&gt;22]" time="2.6569430828094482"></testcase><testcase classname="src.pymortests.vectorarray" file="src/pymortests/vectorarray.py" line="409" name="test_axpy_one_x[compatible_vector_array_pair8-&lt;lambda&gt;23]" time="0.25467658042907715"></testcase><testcase classname="src.pymortests.vectorarray" file="src/pymortests/vectorarray.py" line="409" name="test_axpy_one_x[compatible_vector_array_pair8-&lt;lambda&gt;24]" time="0.049762725830078125"></testcase><testcase classname="src.pymortests.vectorarray" file="src/pymortests/vectorarray.py" line="409" name="test_axpy_one_x[compatible_vector_array_pair8-&lt;lambda&gt;25]" time="0.40001678466796875"></testcase><testcase classname="src.pymortests.vectorarray" file="src/pymortests/vectorarray.py" line="409" name="test_axpy_one_x[compatible_vector_array_pair8-&lt;lambda&gt;26]" time="6.626887083053589"></testcase><testcase classname="src.pymortests.vectorarray" file="src/pymortests/vectorarray.py" line="409" name="test_axpy_one_x[compatible_vector_array_pair8-&lt;lambda&gt;27]" time="11.942774295806885"></testcase><testcase classname="src.pymortests.vectorarray" file="src/pymortests/vectorarray.py" line="409" name="test_axpy_one_x[compatible_vector_array_pair8-&lt;lambda&gt;28]" time="39.4362370967865"></testcase><testcase classname="src.pymortests.vectorarray" file="src/pymortests/vectorarray.py" line="409" name="test_axpy_one_x[compatible_vector_array_pair8-&lt;lambda&gt;29]" time="0.9676222801208496"></testcase><testcase classname="src.pymortests.vectorarray" file="src/pymortests/vectorarray.py" line="457" name="test_axpy_self[0-&lt;lambda&gt;0]" time="0.022173643112182617"></testcase><testcase classname="src.pymortests.vectorarray" file="src/pymortests/vectorarray.py" line="457" name="test_axpy_self[0-&lt;lambda&gt;1]" time="0.02303004264831543"></testcase><testcase classname="src.pymortests.vectorarray" file="src/pymortests/vectorarray.py" line="457" name="test_axpy_self[0-&lt;lambda&gt;2]" time="0.04470682144165039"></testcase><testcase classname="src.pymortests.vectorarray" file="src/pymortests/vectorarray.py" line="457" name="test_axpy_self[0-&lt;lambda&gt;3]" time="0.041968584060668945"></testcase><testcase classname="src.pymortests.vectorarray" file="src/pymortests/vectorarray.py" line="457" name="test_axpy_self[0-&lt;lambda&gt;4]" time="0.04094076156616211"></testcase><testcase classname="src.pymortests.vectorarray" file="src/pymortests/vectorarray.py" line="457" name="test_axpy_self[0-&lt;lambda&gt;5]" time="0.015268564224243164"></testcase><testcase classname="src.pymortests.vectorarray" file="src/pymortests/vectorarray.py" line="457" name="test_axpy_self[0-&lt;lambda&gt;6]" time="0.01518392562866211"></testcase><testcase classname="src.pymortests.vectorarray" file="src/pymortests/vectorarray.py" line="457" name="test_axpy_self[0-&lt;lambda&gt;7]" time="0.03925633430480957"></testcase><testcase classname="src.pymortests.vectorarray" file="src/pymortests/vectorarray.py" line="457" name="test_axpy_self[0-&lt;lambda&gt;8]" time="0.22305941581726074"></testcase><testcase classname="src.pymortests.vectorarray" file="src/pymortests/vectorarray.py" line="457" name="test_axpy_self[0-&lt;lambda&gt;9]" time="0.43288516998291016"></testcase><testcase classname="src.pymortests.vectorarray" file="src/pymortests/vectorarray.py" line="457" name="test_axpy_self[0-&lt;lambda&gt;10]" time="0.034536123275756836"></testcase><testcase classname="src.pymortests.vectorarray" file="src/pymortests/vectorarray.py" line="457" name="test_axpy_self[0-&lt;lambda&gt;11]" time="0.06997084617614746"></testcase><testcase classname="src.pymortests.vectorarray" file="src/pymortests/vectorarray.py" line="457" name="test_axpy_self[0-&lt;lambda&gt;12]" time="0.0700528621673584"></testcase><testcase classname="src.pymortests.vectorarray" file="src/pymortests/vectorarray.py" line="457" name="test_axpy_self[0-&lt;lambda&gt;13]" time="0.05687069892883301"></testcase><testcase classname="src.pymortests.vectorarray" file="src/pymortests/vectorarray.py" line="457" name="test_axpy_self[0-&lt;lambda&gt;14]" time="0.07504987716674805"></testcase><testcase classname="src.pymortests.vectorarray" file="src/pymortests/vectorarray.py" line="457" name="test_axpy_self[0-&lt;lambda&gt;15]" time="0.10703706741333008"></testcase><testcase classname="src.pymortests.vectorarray" file="src/pymortests/vectorarray.py" line="457" name="test_axpy_self[0-&lt;lambda&gt;16]" time="0.11813879013061523"></testcase><testcase classname="src.pymortests.vectorarray" file="src/pymortests/vectorarray.py" line="457" name="test_axpy_self[0-&lt;lambda&gt;17]" time="0.04973173141479492"></testcase><testcase classname="src.pymortests.vectorarray" file="src/pymortests/vectorarray.py" line="457" name="test_axpy_self[0-&lt;lambda&gt;18]" time="0.05008888244628906"></testcase><testcase classname="src.pymortests.vectorarray" file="src/pymortests/vectorarray.py" line="457" name="test_axpy_self[0-&lt;lambda&gt;19]" time="0.14603638648986816"></testcase><testcase classname="src.pymortests.vectorarray" file="src/pymortests/vectorarray.py" line="457" name="test_axpy_self[0-&lt;lambda&gt;20]" time="0.4008338451385498"></testcase><testcase classname="src.pymortests.vectorarray" file="src/pymortests/vectorarray.py" line="457" name="test_axpy_self[0-&lt;lambda&gt;21]" time="0.8883886337280273"></testcase><testcase classname="src.pymortests.vectorarray" file="src/pymortests/vectorarray.py" line="457" name="test_axpy_self[0-&lt;lambda&gt;22]" time="0.01818060874938965"></testcase><testcase classname="src.pymortests.vectorarray" file="src/pymortests/vectorarray.py" line="457" name="test_axpy_self[0-&lt;lambda&gt;23]" time="0.01868152618408203"></testcase><testcase classname="src.pymortests.vectorarray" file="src/pymortests/vectorarray.py" line="457" name="test_axpy_self[0-&lt;lambda&gt;24]" time="0.17686033248901367"></testcase><testcase classname="src.pymortests.vectorarray" file="src/pymortests/vectorarray.py" line="457" name="test_axpy_self[0-&lt;lambda&gt;25]" time="4.6118247509002686"></testcase><testcase classname="src.pymortests.vectorarray" file="src/pymortests/vectorarray.py" line="457" name="test_axpy_self[0-&lt;lambda&gt;26]" time="10.719427824020386"></testcase><testcase classname="src.pymortests.vectorarray" file="src/pymortests/vectorarray.py" line="457" name="test_axpy_self[1-&lt;lambda&gt;0]" time="0.018690824508666992"></testcase><testcase classname="src.pymortests.vectorarray" file="src/pymortests/vectorarray.py" line="457" name="test_axpy_self[1-&lt;lambda&gt;1]" time="0.01920485496520996"></testcase><testcase classname="src.pymortests.vectorarray" file="src/pymortests/vectorarray.py" line="457" name="test_axpy_self[1-&lt;lambda&gt;2]" time="0.03879427909851074"></testcase><testcase classname="src.pymortests.vectorarray" file="src/pymortests/vectorarray.py" line="457" name="test_axpy_self[1-&lt;lambda&gt;3]" time="0.041463613510131836"></testcase><testcase classname="src.pymortests.vectorarray" file="src/pymortests/vectorarray.py" line="457" name="test_axpy_self[1-&lt;lambda&gt;4]" time="0.04019761085510254"></testcase><testcase classname="src.pymortests.vectorarray" file="src/pymortests/vectorarray.py" line="457" name="test_axpy_self[1-&lt;lambda&gt;5]" time="0.015247106552124023"></testcase><testcase classname="src.pymortests.vectorarray" file="src/pymortests/vectorarray.py" line="457" name="test_axpy_self[1-&lt;lambda&gt;6]" time="0.015143394470214844"></testcase><testcase classname="src.pymortests.vectorarray" file="src/pymortests/vectorarray.py" line="457" name="test_axpy_self[1-&lt;lambda&gt;7]" time="0.039171695709228516"></testcase><testcase classname="src.pymortests.vectorarray" file="src/pymortests/vectorarray.py" line="457" name="test_axpy_self[1-&lt;lambda&gt;8]" time="0.22539210319519043"></testcase><testcase classname="src.pymortests.vectorarray" file="src/pymortests/vectorarray.py" line="457" name="test_axpy_self[1-&lt;lambda&gt;9]" time="0.43259310722351074"></testcase><testcase classname="src.pymortests.vectorarray" file="src/pymortests/vectorarray.py" line="457" name="test_axpy_self[1-&lt;lambda&gt;10]" time="0.03689241409301758"></testcase><testcase classname="src.pymortests.vectorarray" file="src/pymortests/vectorarray.py" line="457" name="test_axpy_self[1-&lt;lambda&gt;11]" time="0.07076692581176758"></testcase><testcase classname="src.pymortests.vectorarray" file="src/pymortests/vectorarray.py" line="457" name="test_axpy_self[1-&lt;lambda&gt;12]" time="0.07081055641174316"></testcase><testcase classname="src.pymortests.vectorarray" file="src/pymortests/vectorarray.py" line="457" name="test_axpy_self[1-&lt;lambda&gt;13]" time="0.05957913398742676"></testcase><testcase classname="src.pymortests.vectorarray" file="src/pymortests/vectorarray.py" line="457" name="test_axpy_self[1-&lt;lambda&gt;14]" time="0.07532882690429688"></testcase><testcase classname="src.pymortests.vectorarray" file="src/pymortests/vectorarray.py" line="457" name="test_axpy_self[1-&lt;lambda&gt;15]" time="0.10663986206054688"></testcase><testcase classname="src.pymortests.vectorarray" file="src/pymortests/vectorarray.py" line="457" name="test_axpy_self[1-&lt;lambda&gt;16]" time="0.11715221405029297"></testcase><testcase classname="src.pymortests.vectorarray" file="src/pymortests/vectorarray.py" line="457" name="test_axpy_self[1-&lt;lambda&gt;17]" time="0.04942679405212402"></testcase><testcase classname="src.pymortests.vectorarray" file="src/pymortests/vectorarray.py" line="457" name="test_axpy_self[1-&lt;lambda&gt;18]" time="0.04992270469665527"></testcase><testcase classname="src.pymortests.vectorarray" file="src/pymortests/vectorarray.py" line="457" name="test_axpy_self[1-&lt;lambda&gt;19]" time="0.14200401306152344"></testcase><testcase classname="src.pymortests.vectorarray" file="src/pymortests/vectorarray.py" line="457" name="test_axpy_self[1-&lt;lambda&gt;20]" time="0.39793992042541504"></testcase><testcase classname="src.pymortests.vectorarray" file="src/pymortests/vectorarray.py" line="457" name="test_axpy_self[1-&lt;lambda&gt;21]" time="0.8620784282684326"></testcase><testcase classname="src.pymortests.vectorarray" file="src/pymortests/vectorarray.py" line="457" name="test_axpy_self[1-&lt;lambda&gt;22]" time="0.018383026123046875"></testcase><testcase classname="src.pymortests.vectorarray" file="src/pymortests/vectorarray.py" line="457" name="test_axpy_self[1-&lt;lambda&gt;23]" time="0.01848006248474121"></testcase><testcase classname="src.pymortests.vectorarray" file="src/pymortests/vectorarray.py" line="457" name="test_axpy_self[1-&lt;lambda&gt;24]" time="0.17627882957458496"></testcase><testcase classname="src.pymortests.vectorarray" file="src/pymortests/vectorarray.py" line="457" name="test_axpy_self[1-&lt;lambda&gt;25]" time="4.616623878479004"></testcase><testcase classname="src.pymortests.vectorarray" file="src/pymortests/vectorarray.py" line="457" name="test_axpy_self[1-&lt;lambda&gt;26]" time="10.742952108383179"></testcase><testcase classname="src.pymortests.vectorarray" file="src/pymortests/vectorarray.py" line="457" name="test_axpy_self[2-&lt;lambda&gt;0]" time="0.0194244384765625"></testcase><testcase classname="src.pymortests.vectorarray" file="src/pymortests/vectorarray.py" line="457" name="test_axpy_self[2-&lt;lambda&gt;1]" time="0.020537853240966797"></testcase><testcase classname="src.pymortests.vectorarray" file="src/pymortests/vectorarray.py" line="457" name="test_axpy_self[2-&lt;lambda&gt;2]" time="0.0394594669342041"></testcase><testcase classname="src.pymortests.vectorarray" file="src/pymortests/vectorarray.py" line="457" name="test_axpy_self[2-&lt;lambda&gt;3]" time="0.041173696517944336"></testcase><testcase classname="src.pymortests.vectorarray" file="src/pymortests/vectorarray.py" line="457" name="test_axpy_self[2-&lt;lambda&gt;4]" time="0.04150128364562988"></testcase><testcase classname="src.pymortests.vectorarray" file="src/pymortests/vectorarray.py" line="457" name="test_axpy_self[2-&lt;lambda&gt;5]" time="0.016982316970825195"></testcase><testcase classname="src.pymortests.vectorarray" file="src/pymortests/vectorarray.py" line="457" name="test_axpy_self[2-&lt;lambda&gt;6]" time="0.016578197479248047"></testcase><testcase classname="src.pymortests.vectorarray" file="src/pymortests/vectorarray.py" line="457" name="test_axpy_self[2-&lt;lambda&gt;7]" time="0.04043269157409668"></testcase><testcase classname="src.pymortests.vectorarray" file="src/pymortests/vectorarray.py" line="457" name="test_axpy_self[2-&lt;lambda&gt;8]" time="0.22290992736816406"></testcase><testcase classname="src.pymortests.vectorarray" file="src/pymortests/vectorarray.py" line="457" name="test_axpy_self[2-&lt;lambda&gt;9]" time="0.43732690811157227"></testcase><testcase classname="src.pymortests.vectorarray" file="src/pymortests/vectorarray.py" line="457" name="test_axpy_self[2-&lt;lambda&gt;10]" time="0.03603363037109375"></testcase><testcase classname="src.pymortests.vectorarray" file="src/pymortests/vectorarray.py" line="457" name="test_axpy_self[2-&lt;lambda&gt;11]" time="0.0716397762298584"></testcase><testcase classname="src.pymortests.vectorarray" file="src/pymortests/vectorarray.py" line="457" name="test_axpy_self[2-&lt;lambda&gt;12]" time="0.07151556015014648"></testcase><testcase classname="src.pymortests.vectorarray" file="src/pymortests/vectorarray.py" line="457" name="test_axpy_self[2-&lt;lambda&gt;13]" time="0.05909299850463867"></testcase><testcase classname="src.pymortests.vectorarray" file="src/pymortests/vectorarray.py" line="457" name="test_axpy_self[2-&lt;lambda&gt;14]" time="0.0773169994354248"></testcase><testcase classname="src.pymortests.vectorarray" file="src/pymortests/vectorarray.py" line="457" name="test_axpy_self[2-&lt;lambda&gt;15]" time="0.1087641716003418"></testcase><testcase classname="src.pymortests.vectorarray" file="src/pymortests/vectorarray.py" line="457" name="test_axpy_self[2-&lt;lambda&gt;16]" time="0.11868429183959961"></testcase><testcase classname="src.pymortests.vectorarray" file="src/pymortests/vectorarray.py" line="457" name="test_axpy_self[2-&lt;lambda&gt;17]" time="0.0527341365814209"></testcase><testcase classname="src.pymortests.vectorarray" file="src/pymortests/vectorarray.py" line="457" name="test_axpy_self[2-&lt;lambda&gt;18]" time="0.050722360610961914"></testcase><testcase classname="src.pymortests.vectorarray" file="src/pymortests/vectorarray.py" line="457" name="test_axpy_self[2-&lt;lambda&gt;19]" time="0.14614558219909668"></testcase><testcase classname="src.pymortests.vectorarray" file="src/pymortests/vectorarray.py" line="457" name="test_axpy_self[2-&lt;lambda&gt;20]" time="0.39528989791870117"></testcase><testcase classname="src.pymortests.vectorarray" file="src/pymortests/vectorarray.py" line="457" name="test_axpy_self[2-&lt;lambda&gt;21]" time="0.867769718170166"></testcase><testcase classname="src.pymortests.vectorarray" file="src/pymortests/vectorarray.py" line="457" name="test_axpy_self[2-&lt;lambda&gt;22]" time="0.018071889877319336"></testcase><testcase classname="src.pymortests.vectorarray" file="src/pymortests/vectorarray.py" line="457" name="test_axpy_self[2-&lt;lambda&gt;23]" time="0.01874375343322754"></testcase><testcase classname="src.pymortests.vectorarray" file="src/pymortests/vectorarray.py" line="457" name="test_axpy_self[2-&lt;lambda&gt;24]" time="0.1753377914428711"></testcase><testcase classname="src.pymortests.vectorarray" file="src/pymortests/vectorarray.py" line="457" name="test_axpy_self[2-&lt;lambda&gt;25]" time="4.641262769699097"></testcase><testcase classname="src.pymortests.vectorarray" file="src/pymortests/vectorarray.py" line="457" name="test_axpy_self[2-&lt;lambda&gt;26]" time="10.784237146377563"></testcase><testcase classname="src.pymortests.vectorarray" file="src/pymortests/vectorarray.py" line="513" name="test_pairwise_dot[compatible_vector_array_pair0-&lt;lambda&gt;0]" time="0.004360198974609375"></testcase><testcase classname="src.pymortests.vectorarray" file="src/pymortests/vectorarray.py" line="513" name="test_pairwise_dot[compatible_vector_array_pair0-&lt;lambda&gt;1]" time="0.001668691635131836"></testcase><testcase classname="src.pymortests.vectorarray" file="src/pymortests/vectorarray.py" line="513" name="test_pairwise_dot[compatible_vector_array_pair0-&lt;lambda&gt;2]" time="0.0044422149658203125"></testcase><testcase classname="src.pymortests.vectorarray" file="src/pymortests/vectorarray.py" line="513" name="test_pairwise_dot[compatible_vector_array_pair0-&lt;lambda&gt;3]" time="0.004592180252075195"></testcase><testcase classname="src.pymortests.vectorarray" file="src/pymortests/vectorarray.py" line="513" name="test_pairwise_dot[compatible_vector_array_pair0-&lt;lambda&gt;4]" time="0.006450176239013672"></testcase><testcase classname="src.pymortests.vectorarray" file="src/pymortests/vectorarray.py" line="513" name="test_pairwise_dot[compatible_vector_array_pair0-&lt;lambda&gt;5]" time="0.007232189178466797"></testcase><testcase classname="src.pymortests.vectorarray" file="src/pymortests/vectorarray.py" line="513" name="test_pairwise_dot[compatible_vector_array_pair0-&lt;lambda&gt;6]" time="0.0026493072509765625"></testcase><testcase classname="src.pymortests.vectorarray" file="src/pymortests/vectorarray.py" line="513" name="test_pairwise_dot[compatible_vector_array_pair0-&lt;lambda&gt;7]" time="0.0015172958374023438"></testcase><testcase classname="src.pymortests.vectorarray" file="src/pymortests/vectorarray.py" line="513" name="test_pairwise_dot[compatible_vector_array_pair0-&lt;lambda&gt;8]" time="0.006141185760498047"></testcase><testcase classname="src.pymortests.vectorarray" file="src/pymortests/vectorarray.py" line="513" name="test_pairwise_dot[compatible_vector_array_pair0-&lt;lambda&gt;9]" time="0.007654666900634766"></testcase><testcase classname="src.pymortests.vectorarray" file="src/pymortests/vectorarray.py" line="513" name="test_pairwise_dot[compatible_vector_array_pair0-&lt;lambda&gt;10]" time="0.022417545318603516"></testcase><testcase classname="src.pymortests.vectorarray" file="src/pymortests/vectorarray.py" line="513" name="test_pairwise_dot[compatible_vector_array_pair0-&lt;lambda&gt;11]" time="0.006726264953613281"></testcase><testcase classname="src.pymortests.vectorarray" file="src/pymortests/vectorarray.py" line="513" name="test_pairwise_dot[compatible_vector_array_pair0-&lt;lambda&gt;12]" time="0.004840373992919922"></testcase><testcase classname="src.pymortests.vectorarray" file="src/pymortests/vectorarray.py" line="513" name="test_pairwise_dot[compatible_vector_array_pair0-&lt;lambda&gt;13]" time="0.0022153854370117188"></testcase><testcase classname="src.pymortests.vectorarray" file="src/pymortests/vectorarray.py" line="513" name="test_pairwise_dot[compatible_vector_array_pair0-&lt;lambda&gt;14]" time="0.005445718765258789"></testcase><testcase classname="src.pymortests.vectorarray" file="src/pymortests/vectorarray.py" line="513" name="test_pairwise_dot[compatible_vector_array_pair0-&lt;lambda&gt;15]" time="0.009071826934814453"></testcase><testcase classname="src.pymortests.vectorarray" file="src/pymortests/vectorarray.py" line="513" name="test_pairwise_dot[compatible_vector_array_pair0-&lt;lambda&gt;16]" time="0.009871482849121094"></testcase><testcase classname="src.pymortests.vectorarray" file="src/pymortests/vectorarray.py" line="513" name="test_pairwise_dot[compatible_vector_array_pair0-&lt;lambda&gt;17]" time="0.016390085220336914"></testcase><testcase classname="src.pymortests.vectorarray" file="src/pymortests/vectorarray.py" line="513" name="test_pairwise_dot[compatible_vector_array_pair0-&lt;lambda&gt;18]" time="0.008000612258911133"></testcase><testcase classname="src.pymortests.vectorarray" file="src/pymortests/vectorarray.py" line="513" name="test_pairwise_dot[compatible_vector_array_pair0-&lt;lambda&gt;19]" time="0.002501964569091797"></testcase><testcase classname="src.pymortests.vectorarray" file="src/pymortests/vectorarray.py" line="513" name="test_pairwise_dot[compatible_vector_array_pair0-&lt;lambda&gt;20]" time="0.047949790954589844"></testcase><testcase classname="src.pymortests.vectorarray" file="src/pymortests/vectorarray.py" line="513" name="test_pairwise_dot[compatible_vector_array_pair0-&lt;lambda&gt;21]" time="0.02266383171081543"></testcase><testcase classname="src.pymortests.vectorarray" file="src/pymortests/vectorarray.py" line="513" name="test_pairwise_dot[compatible_vector_array_pair0-&lt;lambda&gt;22]" time="0.07429361343383789"></testcase><testcase classname="src.pymortests.vectorarray" file="src/pymortests/vectorarray.py" line="513" name="test_pairwise_dot[compatible_vector_array_pair0-&lt;lambda&gt;23]" time="0.009045600891113281"></testcase><testcase classname="src.pymortests.vectorarray" file="src/pymortests/vectorarray.py" line="513" name="test_pairwise_dot[compatible_vector_array_pair0-&lt;lambda&gt;24]" time="0.0037436485290527344"></testcase><testcase classname="src.pymortests.vectorarray" file="src/pymortests/vectorarray.py" line="513" name="test_pairwise_dot[compatible_vector_array_pair0-&lt;lambda&gt;25]" time="0.0025262832641601562"></testcase><testcase classname="src.pymortests.vectorarray" file="src/pymortests/vectorarray.py" line="513" name="test_pairwise_dot[compatible_vector_array_pair0-&lt;lambda&gt;26]" time="0.029076337814331055"></testcase><testcase classname="src.pymortests.vectorarray" file="src/pymortests/vectorarray.py" line="513" name="test_pairwise_dot[compatible_vector_array_pair0-&lt;lambda&gt;27]" time="0.0389859676361084"></testcase><testcase classname="src.pymortests.vectorarray" file="src/pymortests/vectorarray.py" line="513" name="test_pairwise_dot[compatible_vector_array_pair0-&lt;lambda&gt;28]" time="0.13345789909362793"></testcase><testcase classname="src.pymortests.vectorarray" file="src/pymortests/vectorarray.py" line="513" name="test_pairwise_dot[compatible_vector_array_pair0-&lt;lambda&gt;29]" time="0.0096282958984375"></testcase><testcase classname="src.pymortests.vectorarray" file="src/pymortests/vectorarray.py" line="513" name="test_pairwise_dot[compatible_vector_array_pair1-&lt;lambda&gt;0]" time="0.004031181335449219"></testcase><testcase classname="src.pymortests.vectorarray" file="src/pymortests/vectorarray.py" line="513" name="test_pairwise_dot[compatible_vector_array_pair1-&lt;lambda&gt;1]" time="0.001619100570678711"></testcase><testcase classname="src.pymortests.vectorarray" file="src/pymortests/vectorarray.py" line="513" name="test_pairwise_dot[compatible_vector_array_pair1-&lt;lambda&gt;2]" time="0.004209280014038086"></testcase><testcase classname="src.pymortests.vectorarray" file="src/pymortests/vectorarray.py" line="513" name="test_pairwise_dot[compatible_vector_array_pair1-&lt;lambda&gt;3]" time="0.004503488540649414"></testcase><testcase classname="src.pymortests.vectorarray" file="src/pymortests/vectorarray.py" line="513" name="test_pairwise_dot[compatible_vector_array_pair1-&lt;lambda&gt;4]" time="0.006394386291503906"></testcase><testcase classname="src.pymortests.vectorarray" file="src/pymortests/vectorarray.py" line="513" name="test_pairwise_dot[compatible_vector_array_pair1-&lt;lambda&gt;5]" time="0.005484580993652344"></testcase><testcase classname="src.pymortests.vectorarray" file="src/pymortests/vectorarray.py" line="513" name="test_pairwise_dot[compatible_vector_array_pair1-&lt;lambda&gt;6]" time="0.0025987625122070312"></testcase><testcase classname="src.pymortests.vectorarray" file="src/pymortests/vectorarray.py" line="513" name="test_pairwise_dot[compatible_vector_array_pair1-&lt;lambda&gt;7]" time="0.0015401840209960938"></testcase><testcase classname="src.pymortests.vectorarray" file="src/pymortests/vectorarray.py" line="513" name="test_pairwise_dot[compatible_vector_array_pair1-&lt;lambda&gt;8]" time="0.006058692932128906"></testcase><testcase classname="src.pymortests.vectorarray" file="src/pymortests/vectorarray.py" line="513" name="test_pairwise_dot[compatible_vector_array_pair1-&lt;lambda&gt;9]" time="0.007798433303833008"></testcase><testcase classname="src.pymortests.vectorarray" file="src/pymortests/vectorarray.py" line="513" name="test_pairwise_dot[compatible_vector_array_pair1-&lt;lambda&gt;10]" time="0.022863388061523438"></testcase><testcase classname="src.pymortests.vectorarray" file="src/pymortests/vectorarray.py" line="513" name="test_pairwise_dot[compatible_vector_array_pair1-&lt;lambda&gt;11]" time="0.006887197494506836"></testcase><testcase classname="src.pymortests.vectorarray" file="src/pymortests/vectorarray.py" line="513" name="test_pairwise_dot[compatible_vector_array_pair1-&lt;lambda&gt;12]" time="0.00494694709777832"></testcase><testcase classname="src.pymortests.vectorarray" file="src/pymortests/vectorarray.py" line="513" name="test_pairwise_dot[compatible_vector_array_pair1-&lt;lambda&gt;13]" time="0.0026285648345947266"></testcase><testcase classname="src.pymortests.vectorarray" file="src/pymortests/vectorarray.py" line="513" name="test_pairwise_dot[compatible_vector_array_pair1-&lt;lambda&gt;14]" time="0.005655050277709961"></testcase><testcase classname="src.pymortests.vectorarray" file="src/pymortests/vectorarray.py" line="513" name="test_pairwise_dot[compatible_vector_array_pair1-&lt;lambda&gt;15]" time="0.009225130081176758"></testcase><testcase classname="src.pymortests.vectorarray" file="src/pymortests/vectorarray.py" line="513" name="test_pairwise_dot[compatible_vector_array_pair1-&lt;lambda&gt;16]" time="0.009798765182495117"></testcase><testcase classname="src.pymortests.vectorarray" file="src/pymortests/vectorarray.py" line="513" name="test_pairwise_dot[compatible_vector_array_pair1-&lt;lambda&gt;17]" time="0.015261173248291016"></testcase><testcase classname="src.pymortests.vectorarray" file="src/pymortests/vectorarray.py" line="513" name="test_pairwise_dot[compatible_vector_array_pair1-&lt;lambda&gt;18]" time="0.007137298583984375"></testcase><testcase classname="src.pymortests.vectorarray" file="src/pymortests/vectorarray.py" line="513" name="test_pairwise_dot[compatible_vector_array_pair1-&lt;lambda&gt;19]" time="0.0025551319122314453"></testcase><testcase classname="src.pymortests.vectorarray" file="src/pymortests/vectorarray.py" line="513" name="test_pairwise_dot[compatible_vector_array_pair1-&lt;lambda&gt;20]" time="0.0450437068939209"></testcase><testcase classname="src.pymortests.vectorarray" file="src/pymortests/vectorarray.py" line="513" name="test_pairwise_dot[compatible_vector_array_pair1-&lt;lambda&gt;21]" time="0.022475242614746094"></testcase><testcase classname="src.pymortests.vectorarray" file="src/pymortests/vectorarray.py" line="513" name="test_pairwise_dot[compatible_vector_array_pair1-&lt;lambda&gt;22]" time="0.07273054122924805"></testcase><testcase classname="src.pymortests.vectorarray" file="src/pymortests/vectorarray.py" line="513" name="test_pairwise_dot[compatible_vector_array_pair1-&lt;lambda&gt;23]" time="0.009301900863647461"></testcase><testcase classname="src.pymortests.vectorarray" file="src/pymortests/vectorarray.py" line="513" name="test_pairwise_dot[compatible_vector_array_pair1-&lt;lambda&gt;24]" time="0.0038166046142578125"></testcase><testcase classname="src.pymortests.vectorarray" file="src/pymortests/vectorarray.py" line="513" name="test_pairwise_dot[compatible_vector_array_pair1-&lt;lambda&gt;25]" time="0.003370046615600586"></testcase><testcase classname="src.pymortests.vectorarray" file="src/pymortests/vectorarray.py" line="513" name="test_pairwise_dot[compatible_vector_array_pair1-&lt;lambda&gt;26]" time="0.046994924545288086"></testcase><testcase classname="src.pymortests.vectorarray" file="src/pymortests/vectorarray.py" line="513" name="test_pairwise_dot[compatible_vector_array_pair1-&lt;lambda&gt;27]" time="0.04250335693359375"></testcase><testcase classname="src.pymortests.vectorarray" file="src/pymortests/vectorarray.py" line="513" name="test_pairwise_dot[compatible_vector_array_pair1-&lt;lambda&gt;28]" time="0.18784356117248535"></testcase><testcase classname="src.pymortests.vectorarray" file="src/pymortests/vectorarray.py" line="513" name="test_pairwise_dot[compatible_vector_array_pair1-&lt;lambda&gt;29]" time="0.011159896850585938"></testcase><testcase classname="src.pymortests.vectorarray" file="src/pymortests/vectorarray.py" line="513" name="test_pairwise_dot[compatible_vector_array_pair2-&lt;lambda&gt;0]" time="0.004024982452392578"></testcase><testcase classname="src.pymortests.vectorarray" file="src/pymortests/vectorarray.py" line="513" name="test_pairwise_dot[compatible_vector_array_pair2-&lt;lambda&gt;1]" time="0.0016655921936035156"></testcase><testcase classname="src.pymortests.vectorarray" file="src/pymortests/vectorarray.py" line="513" name="test_pairwise_dot[compatible_vector_array_pair2-&lt;lambda&gt;2]" time="0.004314899444580078"></testcase><testcase classname="src.pymortests.vectorarray" file="src/pymortests/vectorarray.py" line="513" name="test_pairwise_dot[compatible_vector_array_pair2-&lt;lambda&gt;3]" time="0.004702329635620117"></testcase><testcase classname="src.pymortests.vectorarray" file="src/pymortests/vectorarray.py" line="513" name="test_pairwise_dot[compatible_vector_array_pair2-&lt;lambda&gt;4]" time="0.006443977355957031"></testcase><testcase classname="src.pymortests.vectorarray" file="src/pymortests/vectorarray.py" line="513" name="test_pairwise_dot[compatible_vector_array_pair2-&lt;lambda&gt;5]" time="0.005312681198120117"></testcase><testcase classname="src.pymortests.vectorarray" file="src/pymortests/vectorarray.py" line="513" name="test_pairwise_dot[compatible_vector_array_pair2-&lt;lambda&gt;6]" time="0.0025522708892822266"></testcase><testcase classname="src.pymortests.vectorarray" file="src/pymortests/vectorarray.py" line="513" name="test_pairwise_dot[compatible_vector_array_pair2-&lt;lambda&gt;7]" time="0.0015721321105957031"></testcase><testcase classname="src.pymortests.vectorarray" file="src/pymortests/vectorarray.py" line="513" name="test_pairwise_dot[compatible_vector_array_pair2-&lt;lambda&gt;8]" time="0.00609588623046875"></testcase><testcase classname="src.pymortests.vectorarray" file="src/pymortests/vectorarray.py" line="513" name="test_pairwise_dot[compatible_vector_array_pair2-&lt;lambda&gt;9]" time="0.007428884506225586"></testcase><testcase classname="src.pymortests.vectorarray" file="src/pymortests/vectorarray.py" line="513" name="test_pairwise_dot[compatible_vector_array_pair2-&lt;lambda&gt;10]" time="0.022852659225463867"></testcase><testcase classname="src.pymortests.vectorarray" file="src/pymortests/vectorarray.py" line="513" name="test_pairwise_dot[compatible_vector_array_pair2-&lt;lambda&gt;11]" time="0.0067064762115478516"></testcase><testcase classname="src.pymortests.vectorarray" file="src/pymortests/vectorarray.py" line="513" name="test_pairwise_dot[compatible_vector_array_pair2-&lt;lambda&gt;12]" time="0.005008697509765625"></testcase><testcase classname="src.pymortests.vectorarray" file="src/pymortests/vectorarray.py" line="513" name="test_pairwise_dot[compatible_vector_array_pair2-&lt;lambda&gt;13]" time="0.002368450164794922"></testcase><testcase classname="src.pymortests.vectorarray" file="src/pymortests/vectorarray.py" line="513" name="test_pairwise_dot[compatible_vector_array_pair2-&lt;lambda&gt;14]" time="0.005426645278930664"></testcase><testcase classname="src.pymortests.vectorarray" file="src/pymortests/vectorarray.py" line="513" name="test_pairwise_dot[compatible_vector_array_pair2-&lt;lambda&gt;15]" time="0.009438276290893555"></testcase><testcase classname="src.pymortests.vectorarray" file="src/pymortests/vectorarray.py" line="513" name="test_pairwise_dot[compatible_vector_array_pair2-&lt;lambda&gt;16]" time="0.011215448379516602"></testcase><testcase classname="src.pymortests.vectorarray" file="src/pymortests/vectorarray.py" line="513" name="test_pairwise_dot[compatible_vector_array_pair2-&lt;lambda&gt;17]" time="0.016530990600585938"></testcase><testcase classname="src.pymortests.vectorarray" file="src/pymortests/vectorarray.py" line="513" name="test_pairwise_dot[compatible_vector_array_pair2-&lt;lambda&gt;18]" time="0.008128881454467773"></testcase><testcase classname="src.pymortests.vectorarray" file="src/pymortests/vectorarray.py" line="513" name="test_pairwise_dot[compatible_vector_array_pair2-&lt;lambda&gt;19]" time="0.002713441848754883"></testcase><testcase classname="src.pymortests.vectorarray" file="src/pymortests/vectorarray.py" line="513" name="test_pairwise_dot[compatible_vector_array_pair2-&lt;lambda&gt;20]" time="0.045538902282714844"></testcase><testcase classname="src.pymortests.vectorarray" file="src/pymortests/vectorarray.py" line="513" name="test_pairwise_dot[compatible_vector_array_pair2-&lt;lambda&gt;21]" time="0.022317886352539062"></testcase><testcase classname="src.pymortests.vectorarray" file="src/pymortests/vectorarray.py" line="513" name="test_pairwise_dot[compatible_vector_array_pair2-&lt;lambda&gt;22]" time="0.07335472106933594"></testcase><testcase classname="src.pymortests.vectorarray" file="src/pymortests/vectorarray.py" line="513" name="test_pairwise_dot[compatible_vector_array_pair2-&lt;lambda&gt;23]" time="0.009042739868164062"></testcase><testcase classname="src.pymortests.vectorarray" file="src/pymortests/vectorarray.py" line="513" name="test_pairwise_dot[compatible_vector_array_pair2-&lt;lambda&gt;24]" time="0.0036706924438476562"></testcase><testcase classname="src.pymortests.vectorarray" file="src/pymortests/vectorarray.py" line="513" name="test_pairwise_dot[compatible_vector_array_pair2-&lt;lambda&gt;25]" time="0.0030393600463867188"></testcase><testcase classname="src.pymortests.vectorarray" file="src/pymortests/vectorarray.py" line="513" name="test_pairwise_dot[compatible_vector_array_pair2-&lt;lambda&gt;26]" time="0.04716920852661133"></testcase><testcase classname="src.pymortests.vectorarray" file="src/pymortests/vectorarray.py" line="513" name="test_pairwise_dot[compatible_vector_array_pair2-&lt;lambda&gt;27]" time="0.04272627830505371"></testcase><testcase classname="src.pymortests.vectorarray" file="src/pymortests/vectorarray.py" line="513" name="test_pairwise_dot[compatible_vector_array_pair2-&lt;lambda&gt;28]" time="0.1875772476196289"></testcase><testcase classname="src.pymortests.vectorarray" file="src/pymortests/vectorarray.py" line="513" name="test_pairwise_dot[compatible_vector_array_pair2-&lt;lambda&gt;29]" time="0.010949373245239258"></testcase><testcase classname="src.pymortests.vectorarray" file="src/pymortests/vectorarray.py" line="513" name="test_pairwise_dot[compatible_vector_array_pair3-&lt;lambda&gt;0]" time="0.0039370059967041016"></testcase><testcase classname="src.pymortests.vectorarray" file="src/pymortests/vectorarray.py" line="513" name="test_pairwise_dot[compatible_vector_array_pair3-&lt;lambda&gt;1]" time="0.001544952392578125"></testcase><testcase classname="src.pymortests.vectorarray" file="src/pymortests/vectorarray.py" line="513" name="test_pairwise_dot[compatible_vector_array_pair3-&lt;lambda&gt;2]" time="0.0041637420654296875"></testcase><testcase classname="src.pymortests.vectorarray" file="src/pymortests/vectorarray.py" line="513" name="test_pairwise_dot[compatible_vector_array_pair3-&lt;lambda&gt;3]" time="0.004489898681640625"></testcase><testcase classname="src.pymortests.vectorarray" file="src/pymortests/vectorarray.py" line="513" name="test_pairwise_dot[compatible_vector_array_pair3-&lt;lambda&gt;4]" time="0.006544828414916992"></testcase><testcase classname="src.pymortests.vectorarray" file="src/pymortests/vectorarray.py" line="513" name="test_pairwise_dot[compatible_vector_array_pair3-&lt;lambda&gt;5]" time="0.005646944046020508"></testcase><testcase classname="src.pymortests.vectorarray" file="src/pymortests/vectorarray.py" line="513" name="test_pairwise_dot[compatible_vector_array_pair3-&lt;lambda&gt;6]" time="0.002545595169067383"></testcase><testcase classname="src.pymortests.vectorarray" file="src/pymortests/vectorarray.py" line="513" name="test_pairwise_dot[compatible_vector_array_pair3-&lt;lambda&gt;7]" time="0.001499176025390625"></testcase><testcase classname="src.pymortests.vectorarray" file="src/pymortests/vectorarray.py" line="513" name="test_pairwise_dot[compatible_vector_array_pair3-&lt;lambda&gt;8]" time="0.005903482437133789"></testcase><testcase classname="src.pymortests.vectorarray" file="src/pymortests/vectorarray.py" line="513" name="test_pairwise_dot[compatible_vector_array_pair3-&lt;lambda&gt;9]" time="0.0074748992919921875"></testcase><testcase classname="src.pymortests.vectorarray" file="src/pymortests/vectorarray.py" line="513" name="test_pairwise_dot[compatible_vector_array_pair3-&lt;lambda&gt;10]" time="0.022459745407104492"></testcase><testcase classname="src.pymortests.vectorarray" file="src/pymortests/vectorarray.py" line="513" name="test_pairwise_dot[compatible_vector_array_pair3-&lt;lambda&gt;11]" time="0.006788730621337891"></testcase><testcase classname="src.pymortests.vectorarray" file="src/pymortests/vectorarray.py" line="513" name="test_pairwise_dot[compatible_vector_array_pair3-&lt;lambda&gt;12]" time="0.004737138748168945"></testcase><testcase classname="src.pymortests.vectorarray" file="src/pymortests/vectorarray.py" line="513" name="test_pairwise_dot[compatible_vector_array_pair3-&lt;lambda&gt;13]" time="0.0022652149200439453"></testcase><testcase classname="src.pymortests.vectorarray" file="src/pymortests/vectorarray.py" line="513" name="test_pairwise_dot[compatible_vector_array_pair3-&lt;lambda&gt;14]" time="0.005658626556396484"></testcase><testcase classname="src.pymortests.vectorarray" file="src/pymortests/vectorarray.py" line="513" name="test_pairwise_dot[compatible_vector_array_pair3-&lt;lambda&gt;15]" time="0.00897526741027832"></testcase><testcase classname="src.pymortests.vectorarray" file="src/pymortests/vectorarray.py" line="513" name="test_pairwise_dot[compatible_vector_array_pair3-&lt;lambda&gt;16]" time="0.00968170166015625"></testcase><testcase classname="src.pymortests.vectorarray" file="src/pymortests/vectorarray.py" line="513" name="test_pairwise_dot[compatible_vector_array_pair3-&lt;lambda&gt;17]" time="0.016391992568969727"></testcase><testcase classname="src.pymortests.vectorarray" file="src/pymortests/vectorarray.py" line="513" name="test_pairwise_dot[compatible_vector_array_pair3-&lt;lambda&gt;18]" time="0.007980585098266602"></testcase><testcase classname="src.pymortests.vectorarray" file="src/pymortests/vectorarray.py" line="513" name="test_pairwise_dot[compatible_vector_array_pair3-&lt;lambda&gt;19]" time="0.002408742904663086"></testcase><testcase classname="src.pymortests.vectorarray" file="src/pymortests/vectorarray.py" line="513" name="test_pairwise_dot[compatible_vector_array_pair3-&lt;lambda&gt;20]" time="0.04574775695800781"></testcase><testcase classname="src.pymortests.vectorarray" file="src/pymortests/vectorarray.py" line="513" name="test_pairwise_dot[compatible_vector_array_pair3-&lt;lambda&gt;21]" time="0.022475004196166992"></testcase><testcase classname="src.pymortests.vectorarray" file="src/pymortests/vectorarray.py" line="513" name="test_pairwise_dot[compatible_vector_array_pair3-&lt;lambda&gt;22]" time="0.07352781295776367"></testcase><testcase classname="src.pymortests.vectorarray" file="src/pymortests/vectorarray.py" line="513" name="test_pairwise_dot[compatible_vector_array_pair3-&lt;lambda&gt;23]" time="0.009123563766479492"></testcase><testcase classname="src.pymortests.vectorarray" file="src/pymortests/vectorarray.py" line="513" name="test_pairwise_dot[compatible_vector_array_pair3-&lt;lambda&gt;24]" time="0.0037279129028320312"></testcase><testcase classname="src.pymortests.vectorarray" file="src/pymortests/vectorarray.py" line="513" name="test_pairwise_dot[compatible_vector_array_pair3-&lt;lambda&gt;25]" time="0.0024771690368652344"></testcase><testcase classname="src.pymortests.vectorarray" file="src/pymortests/vectorarray.py" line="513" name="test_pairwise_dot[compatible_vector_array_pair3-&lt;lambda&gt;26]" time="0.028291940689086914"></testcase><testcase classname="src.pymortests.vectorarray" file="src/pymortests/vectorarray.py" line="513" name="test_pairwise_dot[compatible_vector_array_pair3-&lt;lambda&gt;27]" time="0.06012296676635742"></testcase><testcase classname="src.pymortests.vectorarray" file="src/pymortests/vectorarray.py" line="513" name="test_pairwise_dot[compatible_vector_array_pair3-&lt;lambda&gt;28]" time="0.18366193771362305"></testcase><testcase classname="src.pymortests.vectorarray" file="src/pymortests/vectorarray.py" line="513" name="test_pairwise_dot[compatible_vector_array_pair3-&lt;lambda&gt;29]" time="0.010694026947021484"></testcase><testcase classname="src.pymortests.vectorarray" file="src/pymortests/vectorarray.py" line="513" name="test_pairwise_dot[compatible_vector_array_pair4-&lt;lambda&gt;0]" time="0.003945350646972656"></testcase><testcase classname="src.pymortests.vectorarray" file="src/pymortests/vectorarray.py" line="513" name="test_pairwise_dot[compatible_vector_array_pair4-&lt;lambda&gt;1]" time="0.0015451908111572266"></testcase><testcase classname="src.pymortests.vectorarray" file="src/pymortests/vectorarray.py" line="513" name="test_pairwise_dot[compatible_vector_array_pair4-&lt;lambda&gt;2]" time="0.004118680953979492"></testcase><testcase classname="src.pymortests.vectorarray" file="src/pymortests/vectorarray.py" line="513" name="test_pairwise_dot[compatible_vector_array_pair4-&lt;lambda&gt;3]" time="0.004451751708984375"></testcase><testcase classname="src.pymortests.vectorarray" file="src/pymortests/vectorarray.py" line="513" name="test_pairwise_dot[compatible_vector_array_pair4-&lt;lambda&gt;4]" time="0.006296634674072266"></testcase><testcase classname="src.pymortests.vectorarray" file="src/pymortests/vectorarray.py" line="513" name="test_pairwise_dot[compatible_vector_array_pair4-&lt;lambda&gt;5]" time="0.005244731903076172"></testcase><testcase classname="src.pymortests.vectorarray" file="src/pymortests/vectorarray.py" line="513" name="test_pairwise_dot[compatible_vector_array_pair4-&lt;lambda&gt;6]" time="0.002584218978881836"></testcase><testcase classname="src.pymortests.vectorarray" file="src/pymortests/vectorarray.py" line="513" name="test_pairwise_dot[compatible_vector_array_pair4-&lt;lambda&gt;7]" time="0.0015439987182617188"></testcase><testcase classname="src.pymortests.vectorarray" file="src/pymortests/vectorarray.py" line="513" name="test_pairwise_dot[compatible_vector_array_pair4-&lt;lambda&gt;8]" time="0.0060727596282958984"></testcase><testcase classname="src.pymortests.vectorarray" file="src/pymortests/vectorarray.py" line="513" name="test_pairwise_dot[compatible_vector_array_pair4-&lt;lambda&gt;9]" time="0.007603168487548828"></testcase><testcase classname="src.pymortests.vectorarray" file="src/pymortests/vectorarray.py" line="513" name="test_pairwise_dot[compatible_vector_array_pair4-&lt;lambda&gt;10]" time="0.022750139236450195"></testcase><testcase classname="src.pymortests.vectorarray" file="src/pymortests/vectorarray.py" line="513" name="test_pairwise_dot[compatible_vector_array_pair4-&lt;lambda&gt;11]" time="0.006491184234619141"></testcase><testcase classname="src.pymortests.vectorarray" file="src/pymortests/vectorarray.py" line="513" name="test_pairwise_dot[compatible_vector_array_pair4-&lt;lambda&gt;12]" time="0.004701137542724609"></testcase><testcase classname="src.pymortests.vectorarray" file="src/pymortests/vectorarray.py" line="513" name="test_pairwise_dot[compatible_vector_array_pair4-&lt;lambda&gt;13]" time="0.002320528030395508"></testcase><testcase classname="src.pymortests.vectorarray" file="src/pymortests/vectorarray.py" line="513" name="test_pairwise_dot[compatible_vector_array_pair4-&lt;lambda&gt;14]" time="0.0053408145904541016"></testcase><testcase classname="src.pymortests.vectorarray" file="src/pymortests/vectorarray.py" line="513" name="test_pairwise_dot[compatible_vector_array_pair4-&lt;lambda&gt;15]" time="0.008808612823486328"></testcase><testcase classname="src.pymortests.vectorarray" file="src/pymortests/vectorarray.py" line="513" name="test_pairwise_dot[compatible_vector_array_pair4-&lt;lambda&gt;16]" time="0.009529590606689453"></testcase><testcase classname="src.pymortests.vectorarray" file="src/pymortests/vectorarray.py" line="513" name="test_pairwise_dot[compatible_vector_array_pair4-&lt;lambda&gt;17]" time="0.015297174453735352"></testcase><testcase classname="src.pymortests.vectorarray" file="src/pymortests/vectorarray.py" line="513" name="test_pairwise_dot[compatible_vector_array_pair4-&lt;lambda&gt;18]" time="0.00821995735168457"></testcase><testcase classname="src.pymortests.vectorarray" file="src/pymortests/vectorarray.py" line="513" name="test_pairwise_dot[compatible_vector_array_pair4-&lt;lambda&gt;19]" time="0.002496957778930664"></testcase><testcase classname="src.pymortests.vectorarray" file="src/pymortests/vectorarray.py" line="513" name="test_pairwise_dot[compatible_vector_array_pair4-&lt;lambda&gt;20]" time="0.04493379592895508"></testcase><testcase classname="src.pymortests.vectorarray" file="src/pymortests/vectorarray.py" line="513" name="test_pairwise_dot[compatible_vector_array_pair4-&lt;lambda&gt;21]" time="0.022808313369750977"></testcase><testcase classname="src.pymortests.vectorarray" file="src/pymortests/vectorarray.py" line="513" name="test_pairwise_dot[compatible_vector_array_pair4-&lt;lambda&gt;22]" time="0.07389092445373535"></testcase><testcase classname="src.pymortests.vectorarray" file="src/pymortests/vectorarray.py" line="513" name="test_pairwise_dot[compatible_vector_array_pair4-&lt;lambda&gt;23]" time="0.00935673713684082"></testcase><testcase classname="src.pymortests.vectorarray" file="src/pymortests/vectorarray.py" line="513" name="test_pairwise_dot[compatible_vector_array_pair4-&lt;lambda&gt;24]" time="0.0037412643432617188"></testcase><testcase classname="src.pymortests.vectorarray" file="src/pymortests/vectorarray.py" line="513" name="test_pairwise_dot[compatible_vector_array_pair4-&lt;lambda&gt;25]" time="0.0034058094024658203"></testcase><testcase classname="src.pymortests.vectorarray" file="src/pymortests/vectorarray.py" line="513" name="test_pairwise_dot[compatible_vector_array_pair4-&lt;lambda&gt;26]" time="0.04871940612792969"></testcase><testcase classname="src.pymortests.vectorarray" file="src/pymortests/vectorarray.py" line="513" name="test_pairwise_dot[compatible_vector_array_pair4-&lt;lambda&gt;27]" time="0.07021021842956543"></testcase><testcase classname="src.pymortests.vectorarray" file="src/pymortests/vectorarray.py" line="513" name="test_pairwise_dot[compatible_vector_array_pair4-&lt;lambda&gt;28]" time="0.2643575668334961"></testcase><testcase classname="src.pymortests.vectorarray" file="src/pymortests/vectorarray.py" line="513" name="test_pairwise_dot[compatible_vector_array_pair4-&lt;lambda&gt;29]" time="0.013782739639282227"></testcase><testcase classname="src.pymortests.vectorarray" file="src/pymortests/vectorarray.py" line="513" name="test_pairwise_dot[compatible_vector_array_pair5-&lt;lambda&gt;0]" time="0.00417017936706543"></testcase><testcase classname="src.pymortests.vectorarray" file="src/pymortests/vectorarray.py" line="513" name="test_pairwise_dot[compatible_vector_array_pair5-&lt;lambda&gt;1]" time="0.0020627975463867188"></testcase><testcase classname="src.pymortests.vectorarray" file="src/pymortests/vectorarray.py" line="513" name="test_pairwise_dot[compatible_vector_array_pair5-&lt;lambda&gt;2]" time="0.0046749114990234375"></testcase><testcase classname="src.pymortests.vectorarray" file="src/pymortests/vectorarray.py" line="513" name="test_pairwise_dot[compatible_vector_array_pair5-&lt;lambda&gt;3]" time="0.004667758941650391"></testcase><testcase classname="src.pymortests.vectorarray" file="src/pymortests/vectorarray.py" line="513" name="test_pairwise_dot[compatible_vector_array_pair5-&lt;lambda&gt;4]" time="0.00742340087890625"></testcase><testcase classname="src.pymortests.vectorarray" file="src/pymortests/vectorarray.py" line="513" name="test_pairwise_dot[compatible_vector_array_pair5-&lt;lambda&gt;5]" time="0.008107423782348633"></testcase><testcase classname="src.pymortests.vectorarray" file="src/pymortests/vectorarray.py" line="513" name="test_pairwise_dot[compatible_vector_array_pair5-&lt;lambda&gt;6]" time="0.0027790069580078125"></testcase><testcase classname="src.pymortests.vectorarray" file="src/pymortests/vectorarray.py" line="513" name="test_pairwise_dot[compatible_vector_array_pair5-&lt;lambda&gt;7]" time="0.0017404556274414062"></testcase><testcase classname="src.pymortests.vectorarray" file="src/pymortests/vectorarray.py" line="513" name="test_pairwise_dot[compatible_vector_array_pair5-&lt;lambda&gt;8]" time="0.006341218948364258"></testcase><testcase classname="src.pymortests.vectorarray" file="src/pymortests/vectorarray.py" line="513" name="test_pairwise_dot[compatible_vector_array_pair5-&lt;lambda&gt;9]" time="0.01232290267944336"></testcase><testcase classname="src.pymortests.vectorarray" file="src/pymortests/vectorarray.py" line="513" name="test_pairwise_dot[compatible_vector_array_pair5-&lt;lambda&gt;10]" time="0.02790546417236328"></testcase><testcase classname="src.pymortests.vectorarray" file="src/pymortests/vectorarray.py" line="513" name="test_pairwise_dot[compatible_vector_array_pair5-&lt;lambda&gt;11]" time="0.009036540985107422"></testcase><testcase classname="src.pymortests.vectorarray" file="src/pymortests/vectorarray.py" line="513" name="test_pairwise_dot[compatible_vector_array_pair5-&lt;lambda&gt;12]" time="0.006249666213989258"></testcase><testcase classname="src.pymortests.vectorarray" file="src/pymortests/vectorarray.py" line="513" name="test_pairwise_dot[compatible_vector_array_pair5-&lt;lambda&gt;13]" time="0.002554178237915039"></testcase><testcase classname="src.pymortests.vectorarray" file="src/pymortests/vectorarray.py" line="513" name="test_pairwise_dot[compatible_vector_array_pair5-&lt;lambda&gt;14]" time="0.006182432174682617"></testcase><testcase classname="src.pymortests.vectorarray" file="src/pymortests/vectorarray.py" line="513" name="test_pairwise_dot[compatible_vector_array_pair5-&lt;lambda&gt;15]" time="0.02237081527709961"></testcase><testcase classname="src.pymortests.vectorarray" file="src/pymortests/vectorarray.py" line="513" name="test_pairwise_dot[compatible_vector_array_pair5-&lt;lambda&gt;16]" time="0.013582944869995117"></testcase><testcase classname="src.pymortests.vectorarray" file="src/pymortests/vectorarray.py" line="513" name="test_pairwise_dot[compatible_vector_array_pair5-&lt;lambda&gt;17]" time="0.02662038803100586"></testcase><testcase classname="src.pymortests.vectorarray" file="src/pymortests/vectorarray.py" line="513" name="test_pairwise_dot[compatible_vector_array_pair5-&lt;lambda&gt;18]" time="0.030354738235473633"></testcase><testcase classname="src.pymortests.vectorarray" file="src/pymortests/vectorarray.py" line="513" name="test_pairwise_dot[compatible_vector_array_pair5-&lt;lambda&gt;19]" time="0.007885456085205078"></testcase><testcase classname="src.pymortests.vectorarray" file="src/pymortests/vectorarray.py" line="513" name="test_pairwise_dot[compatible_vector_array_pair5-&lt;lambda&gt;20]" time="0.0471644401550293"></testcase><testcase classname="src.pymortests.vectorarray" file="src/pymortests/vectorarray.py" line="513" name="test_pairwise_dot[compatible_vector_array_pair5-&lt;lambda&gt;21]" time="0.022628307342529297"></testcase><testcase classname="src.pymortests.vectorarray" file="src/pymortests/vectorarray.py" line="513" name="test_pairwise_dot[compatible_vector_array_pair5-&lt;lambda&gt;22]" time="0.07503175735473633"></testcase><testcase classname="src.pymortests.vectorarray" file="src/pymortests/vectorarray.py" line="513" name="test_pairwise_dot[compatible_vector_array_pair5-&lt;lambda&gt;23]" time="0.009430646896362305"></testcase><testcase classname="src.pymortests.vectorarray" file="src/pymortests/vectorarray.py" line="513" name="test_pairwise_dot[compatible_vector_array_pair5-&lt;lambda&gt;24]" time="0.003856182098388672"></testcase><testcase classname="src.pymortests.vectorarray" file="src/pymortests/vectorarray.py" line="513" name="test_pairwise_dot[compatible_vector_array_pair5-&lt;lambda&gt;25]" time="0.003292560577392578"></testcase><testcase classname="src.pymortests.vectorarray" file="src/pymortests/vectorarray.py" line="513" name="test_pairwise_dot[compatible_vector_array_pair5-&lt;lambda&gt;26]" time="0.04784750938415527"></testcase><testcase classname="src.pymortests.vectorarray" file="src/pymortests/vectorarray.py" line="513" name="test_pairwise_dot[compatible_vector_array_pair5-&lt;lambda&gt;27]" time="0.06495237350463867"></testcase><testcase classname="src.pymortests.vectorarray" file="src/pymortests/vectorarray.py" line="513" name="test_pairwise_dot[compatible_vector_array_pair5-&lt;lambda&gt;28]" time="0.23921608924865723"></testcase><testcase classname="src.pymortests.vectorarray" file="src/pymortests/vectorarray.py" line="513" name="test_pairwise_dot[compatible_vector_array_pair5-&lt;lambda&gt;29]" time="0.012122631072998047"></testcase><testcase classname="src.pymortests.vectorarray" file="src/pymortests/vectorarray.py" line="513" name="test_pairwise_dot[compatible_vector_array_pair6-&lt;lambda&gt;0]" time="0.004041910171508789"></testcase><testcase classname="src.pymortests.vectorarray" file="src/pymortests/vectorarray.py" line="513" name="test_pairwise_dot[compatible_vector_array_pair6-&lt;lambda&gt;1]" time="0.0016524791717529297"></testcase><testcase classname="src.pymortests.vectorarray" file="src/pymortests/vectorarray.py" line="513" name="test_pairwise_dot[compatible_vector_array_pair6-&lt;lambda&gt;2]" time="0.004212617874145508"></testcase><testcase classname="src.pymortests.vectorarray" file="src/pymortests/vectorarray.py" line="513" name="test_pairwise_dot[compatible_vector_array_pair6-&lt;lambda&gt;3]" time="0.004738807678222656"></testcase><testcase classname="src.pymortests.vectorarray" file="src/pymortests/vectorarray.py" line="513" name="test_pairwise_dot[compatible_vector_array_pair6-&lt;lambda&gt;4]" time="0.006501197814941406"></testcase><testcase classname="src.pymortests.vectorarray" file="src/pymortests/vectorarray.py" line="513" name="test_pairwise_dot[compatible_vector_array_pair6-&lt;lambda&gt;5]" time="0.0054759979248046875"></testcase><testcase classname="src.pymortests.vectorarray" file="src/pymortests/vectorarray.py" line="513" name="test_pairwise_dot[compatible_vector_array_pair6-&lt;lambda&gt;6]" time="0.0026209354400634766"></testcase><testcase classname="src.pymortests.vectorarray" file="src/pymortests/vectorarray.py" line="513" name="test_pairwise_dot[compatible_vector_array_pair6-&lt;lambda&gt;7]" time="0.0015878677368164062"></testcase><testcase classname="src.pymortests.vectorarray" file="src/pymortests/vectorarray.py" line="513" name="test_pairwise_dot[compatible_vector_array_pair6-&lt;lambda&gt;8]" time="0.006075382232666016"></testcase><testcase classname="src.pymortests.vectorarray" file="src/pymortests/vectorarray.py" line="513" name="test_pairwise_dot[compatible_vector_array_pair6-&lt;lambda&gt;9]" time="0.007839202880859375"></testcase><testcase classname="src.pymortests.vectorarray" file="src/pymortests/vectorarray.py" line="513" name="test_pairwise_dot[compatible_vector_array_pair6-&lt;lambda&gt;10]" time="0.023148536682128906"></testcase><testcase classname="src.pymortests.vectorarray" file="src/pymortests/vectorarray.py" line="513" name="test_pairwise_dot[compatible_vector_array_pair6-&lt;lambda&gt;11]" time="0.006725311279296875"></testcase><testcase classname="src.pymortests.vectorarray" file="src/pymortests/vectorarray.py" line="513" name="test_pairwise_dot[compatible_vector_array_pair6-&lt;lambda&gt;12]" time="0.004677772521972656"></testcase><testcase classname="src.pymortests.vectorarray" file="src/pymortests/vectorarray.py" line="513" name="test_pairwise_dot[compatible_vector_array_pair6-&lt;lambda&gt;13]" time="0.002404451370239258"></testcase><testcase classname="src.pymortests.vectorarray" file="src/pymortests/vectorarray.py" line="513" name="test_pairwise_dot[compatible_vector_array_pair6-&lt;lambda&gt;14]" time="0.0054929256439208984"></testcase><testcase classname="src.pymortests.vectorarray" file="src/pymortests/vectorarray.py" line="513" name="test_pairwise_dot[compatible_vector_array_pair6-&lt;lambda&gt;15]" time="0.009145021438598633"></testcase><testcase classname="src.pymortests.vectorarray" file="src/pymortests/vectorarray.py" line="513" name="test_pairwise_dot[compatible_vector_array_pair6-&lt;lambda&gt;16]" time="0.009995222091674805"></testcase><testcase classname="src.pymortests.vectorarray" file="src/pymortests/vectorarray.py" line="513" name="test_pairwise_dot[compatible_vector_array_pair6-&lt;lambda&gt;17]" time="0.016677379608154297"></testcase><testcase classname="src.pymortests.vectorarray" file="src/pymortests/vectorarray.py" line="513" name="test_pairwise_dot[compatible_vector_array_pair6-&lt;lambda&gt;18]" time="0.008307218551635742"></testcase><testcase classname="src.pymortests.vectorarray" file="src/pymortests/vectorarray.py" line="513" name="test_pairwise_dot[compatible_vector_array_pair6-&lt;lambda&gt;19]" time="0.002554178237915039"></testcase><testcase classname="src.pymortests.vectorarray" file="src/pymortests/vectorarray.py" line="513" name="test_pairwise_dot[compatible_vector_array_pair6-&lt;lambda&gt;20]" time="0.047368526458740234"></testcase><testcase classname="src.pymortests.vectorarray" file="src/pymortests/vectorarray.py" line="513" name="test_pairwise_dot[compatible_vector_array_pair6-&lt;lambda&gt;21]" time="0.023298263549804688"></testcase><testcase classname="src.pymortests.vectorarray" file="src/pymortests/vectorarray.py" line="513" name="test_pairwise_dot[compatible_vector_array_pair6-&lt;lambda&gt;22]" time="0.07622885704040527"></testcase><testcase classname="src.pymortests.vectorarray" file="src/pymortests/vectorarray.py" line="513" name="test_pairwise_dot[compatible_vector_array_pair6-&lt;lambda&gt;23]" time="0.009038686752319336"></testcase><testcase classname="src.pymortests.vectorarray" file="src/pymortests/vectorarray.py" line="513" name="test_pairwise_dot[compatible_vector_array_pair6-&lt;lambda&gt;24]" time="0.0034608840942382812"></testcase><testcase classname="src.pymortests.vectorarray" file="src/pymortests/vectorarray.py" line="513" name="test_pairwise_dot[compatible_vector_array_pair6-&lt;lambda&gt;25]" time="0.0025756359100341797"></testcase><testcase classname="src.pymortests.vectorarray" file="src/pymortests/vectorarray.py" line="513" name="test_pairwise_dot[compatible_vector_array_pair6-&lt;lambda&gt;26]" time="0.028957605361938477"></testcase><testcase classname="src.pymortests.vectorarray" file="src/pymortests/vectorarray.py" line="513" name="test_pairwise_dot[compatible_vector_array_pair6-&lt;lambda&gt;27]" time="0.061002254486083984"></testcase><testcase classname="src.pymortests.vectorarray" file="src/pymortests/vectorarray.py" line="513" name="test_pairwise_dot[compatible_vector_array_pair6-&lt;lambda&gt;28]" time="0.1866016387939453"></testcase><testcase classname="src.pymortests.vectorarray" file="src/pymortests/vectorarray.py" line="513" name="test_pairwise_dot[compatible_vector_array_pair6-&lt;lambda&gt;29]" time="0.011094808578491211"></testcase><testcase classname="src.pymortests.vectorarray" file="src/pymortests/vectorarray.py" line="513" name="test_pairwise_dot[compatible_vector_array_pair7-&lt;lambda&gt;0]" time="0.0039899349212646484"></testcase><testcase classname="src.pymortests.vectorarray" file="src/pymortests/vectorarray.py" line="513" name="test_pairwise_dot[compatible_vector_array_pair7-&lt;lambda&gt;1]" time="0.001611471176147461"></testcase><testcase classname="src.pymortests.vectorarray" file="src/pymortests/vectorarray.py" line="513" name="test_pairwise_dot[compatible_vector_array_pair7-&lt;lambda&gt;2]" time="0.004199504852294922"></testcase><testcase classname="src.pymortests.vectorarray" file="src/pymortests/vectorarray.py" line="513" name="test_pairwise_dot[compatible_vector_array_pair7-&lt;lambda&gt;3]" time="0.004462242126464844"></testcase><testcase classname="src.pymortests.vectorarray" file="src/pymortests/vectorarray.py" line="513" name="test_pairwise_dot[compatible_vector_array_pair7-&lt;lambda&gt;4]" time="0.00642848014831543"></testcase><testcase classname="src.pymortests.vectorarray" file="src/pymortests/vectorarray.py" line="513" name="test_pairwise_dot[compatible_vector_array_pair7-&lt;lambda&gt;5]" time="0.005383968353271484"></testcase><testcase classname="src.pymortests.vectorarray" file="src/pymortests/vectorarray.py" line="513" name="test_pairwise_dot[compatible_vector_array_pair7-&lt;lambda&gt;6]" time="0.0025072097778320312"></testcase><testcase classname="src.pymortests.vectorarray" file="src/pymortests/vectorarray.py" line="513" name="test_pairwise_dot[compatible_vector_array_pair7-&lt;lambda&gt;7]" time="0.0015544891357421875"></testcase><testcase classname="src.pymortests.vectorarray" file="src/pymortests/vectorarray.py" line="513" name="test_pairwise_dot[compatible_vector_array_pair7-&lt;lambda&gt;8]" time="0.006289005279541016"></testcase><testcase classname="src.pymortests.vectorarray" file="src/pymortests/vectorarray.py" line="513" name="test_pairwise_dot[compatible_vector_array_pair7-&lt;lambda&gt;9]" time="0.00793600082397461"></testcase><testcase classname="src.pymortests.vectorarray" file="src/pymortests/vectorarray.py" line="513" name="test_pairwise_dot[compatible_vector_array_pair7-&lt;lambda&gt;10]" time="0.023412466049194336"></testcase><testcase classname="src.pymortests.vectorarray" file="src/pymortests/vectorarray.py" line="513" name="test_pairwise_dot[compatible_vector_array_pair7-&lt;lambda&gt;11]" time="0.006618499755859375"></testcase><testcase classname="src.pymortests.vectorarray" file="src/pymortests/vectorarray.py" line="513" name="test_pairwise_dot[compatible_vector_array_pair7-&lt;lambda&gt;12]" time="0.004721641540527344"></testcase><testcase classname="src.pymortests.vectorarray" file="src/pymortests/vectorarray.py" line="513" name="test_pairwise_dot[compatible_vector_array_pair7-&lt;lambda&gt;13]" time="0.002342700958251953"></testcase><testcase classname="src.pymortests.vectorarray" file="src/pymortests/vectorarray.py" line="513" name="test_pairwise_dot[compatible_vector_array_pair7-&lt;lambda&gt;14]" time="0.005556821823120117"></testcase><testcase classname="src.pymortests.vectorarray" file="src/pymortests/vectorarray.py" line="513" name="test_pairwise_dot[compatible_vector_array_pair7-&lt;lambda&gt;15]" time="0.009226560592651367"></testcase><testcase classname="src.pymortests.vectorarray" file="src/pymortests/vectorarray.py" line="513" name="test_pairwise_dot[compatible_vector_array_pair7-&lt;lambda&gt;16]" time="0.011379718780517578"></testcase><testcase classname="src.pymortests.vectorarray" file="src/pymortests/vectorarray.py" line="513" name="test_pairwise_dot[compatible_vector_array_pair7-&lt;lambda&gt;17]" time="0.016295194625854492"></testcase><testcase classname="src.pymortests.vectorarray" file="src/pymortests/vectorarray.py" line="513" name="test_pairwise_dot[compatible_vector_array_pair7-&lt;lambda&gt;18]" time="0.008151531219482422"></testcase><testcase classname="src.pymortests.vectorarray" file="src/pymortests/vectorarray.py" line="513" name="test_pairwise_dot[compatible_vector_array_pair7-&lt;lambda&gt;19]" time="0.002517223358154297"></testcase><testcase classname="src.pymortests.vectorarray" file="src/pymortests/vectorarray.py" line="513" name="test_pairwise_dot[compatible_vector_array_pair7-&lt;lambda&gt;20]" time="0.04797554016113281"></testcase><testcase classname="src.pymortests.vectorarray" file="src/pymortests/vectorarray.py" line="513" name="test_pairwise_dot[compatible_vector_array_pair7-&lt;lambda&gt;21]" time="0.022755861282348633"></testcase><testcase classname="src.pymortests.vectorarray" file="src/pymortests/vectorarray.py" line="513" name="test_pairwise_dot[compatible_vector_array_pair7-&lt;lambda&gt;22]" time="0.07768821716308594"></testcase><testcase classname="src.pymortests.vectorarray" file="src/pymortests/vectorarray.py" line="513" name="test_pairwise_dot[compatible_vector_array_pair7-&lt;lambda&gt;23]" time="0.009484052658081055"></testcase><testcase classname="src.pymortests.vectorarray" file="src/pymortests/vectorarray.py" line="513" name="test_pairwise_dot[compatible_vector_array_pair7-&lt;lambda&gt;24]" time="0.0038161277770996094"></testcase><testcase classname="src.pymortests.vectorarray" file="src/pymortests/vectorarray.py" line="513" name="test_pairwise_dot[compatible_vector_array_pair7-&lt;lambda&gt;25]" time="0.003259897232055664"></testcase><testcase classname="src.pymortests.vectorarray" file="src/pymortests/vectorarray.py" line="513" name="test_pairwise_dot[compatible_vector_array_pair7-&lt;lambda&gt;26]" time="0.04820966720581055"></testcase><testcase classname="src.pymortests.vectorarray" file="src/pymortests/vectorarray.py" line="513" name="test_pairwise_dot[compatible_vector_array_pair7-&lt;lambda&gt;27]" time="0.06546187400817871"></testcase><testcase classname="src.pymortests.vectorarray" file="src/pymortests/vectorarray.py" line="513" name="test_pairwise_dot[compatible_vector_array_pair7-&lt;lambda&gt;28]" time="0.239274263381958"></testcase><testcase classname="src.pymortests.vectorarray" file="src/pymortests/vectorarray.py" line="513" name="test_pairwise_dot[compatible_vector_array_pair7-&lt;lambda&gt;29]" time="0.012131929397583008"></testcase><testcase classname="src.pymortests.vectorarray" file="src/pymortests/vectorarray.py" line="513" name="test_pairwise_dot[compatible_vector_array_pair8-&lt;lambda&gt;0]" time="0.003970623016357422"></testcase><testcase classname="src.pymortests.vectorarray" file="src/pymortests/vectorarray.py" line="513" name="test_pairwise_dot[compatible_vector_array_pair8-&lt;lambda&gt;1]" time="0.0017254352569580078"></testcase><testcase classname="src.pymortests.vectorarray" file="src/pymortests/vectorarray.py" line="513" name="test_pairwise_dot[compatible_vector_array_pair8-&lt;lambda&gt;2]" time="0.0042879581451416016"></testcase><testcase classname="src.pymortests.vectorarray" file="src/pymortests/vectorarray.py" line="513" name="test_pairwise_dot[compatible_vector_array_pair8-&lt;lambda&gt;3]" time="0.004543304443359375"></testcase><testcase classname="src.pymortests.vectorarray" file="src/pymortests/vectorarray.py" line="513" name="test_pairwise_dot[compatible_vector_array_pair8-&lt;lambda&gt;4]" time="0.006776094436645508"></testcase><testcase classname="src.pymortests.vectorarray" file="src/pymortests/vectorarray.py" line="513" name="test_pairwise_dot[compatible_vector_array_pair8-&lt;lambda&gt;5]" time="0.0052564144134521484"></testcase><testcase classname="src.pymortests.vectorarray" file="src/pymortests/vectorarray.py" line="513" name="test_pairwise_dot[compatible_vector_array_pair8-&lt;lambda&gt;6]" time="0.002567291259765625"></testcase><testcase classname="src.pymortests.vectorarray" file="src/pymortests/vectorarray.py" line="513" name="test_pairwise_dot[compatible_vector_array_pair8-&lt;lambda&gt;7]" time="0.0015854835510253906"></testcase><testcase classname="src.pymortests.vectorarray" file="src/pymortests/vectorarray.py" line="513" name="test_pairwise_dot[compatible_vector_array_pair8-&lt;lambda&gt;8]" time="0.0061833858489990234"></testcase><testcase classname="src.pymortests.vectorarray" file="src/pymortests/vectorarray.py" line="513" name="test_pairwise_dot[compatible_vector_array_pair8-&lt;lambda&gt;9]" time="0.0077991485595703125"></testcase><testcase classname="src.pymortests.vectorarray" file="src/pymortests/vectorarray.py" line="513" name="test_pairwise_dot[compatible_vector_array_pair8-&lt;lambda&gt;10]" time="0.02277970314025879"></testcase><testcase classname="src.pymortests.vectorarray" file="src/pymortests/vectorarray.py" line="513" name="test_pairwise_dot[compatible_vector_array_pair8-&lt;lambda&gt;11]" time="0.006685495376586914"></testcase><testcase classname="src.pymortests.vectorarray" file="src/pymortests/vectorarray.py" line="513" name="test_pairwise_dot[compatible_vector_array_pair8-&lt;lambda&gt;12]" time="0.004758358001708984"></testcase><testcase classname="src.pymortests.vectorarray" file="src/pymortests/vectorarray.py" line="513" name="test_pairwise_dot[compatible_vector_array_pair8-&lt;lambda&gt;13]" time="0.0023992061614990234"></testcase><testcase classname="src.pymortests.vectorarray" file="src/pymortests/vectorarray.py" line="513" name="test_pairwise_dot[compatible_vector_array_pair8-&lt;lambda&gt;14]" time="0.005532741546630859"></testcase><testcase classname="src.pymortests.vectorarray" file="src/pymortests/vectorarray.py" line="513" name="test_pairwise_dot[compatible_vector_array_pair8-&lt;lambda&gt;15]" time="0.009081602096557617"></testcase><testcase classname="src.pymortests.vectorarray" file="src/pymortests/vectorarray.py" line="513" name="test_pairwise_dot[compatible_vector_array_pair8-&lt;lambda&gt;16]" time="0.010134220123291016"></testcase><testcase classname="src.pymortests.vectorarray" file="src/pymortests/vectorarray.py" line="513" name="test_pairwise_dot[compatible_vector_array_pair8-&lt;lambda&gt;17]" time="0.01635599136352539"></testcase><testcase classname="src.pymortests.vectorarray" file="src/pymortests/vectorarray.py" line="513" name="test_pairwise_dot[compatible_vector_array_pair8-&lt;lambda&gt;18]" time="0.008468151092529297"></testcase><testcase classname="src.pymortests.vectorarray" file="src/pymortests/vectorarray.py" line="513" name="test_pairwise_dot[compatible_vector_array_pair8-&lt;lambda&gt;19]" time="0.0026497840881347656"></testcase><testcase classname="src.pymortests.vectorarray" file="src/pymortests/vectorarray.py" line="513" name="test_pairwise_dot[compatible_vector_array_pair8-&lt;lambda&gt;20]" time="0.047304391860961914"></testcase><testcase classname="src.pymortests.vectorarray" file="src/pymortests/vectorarray.py" line="513" name="test_pairwise_dot[compatible_vector_array_pair8-&lt;lambda&gt;21]" time="0.02320098876953125"></testcase><testcase classname="src.pymortests.vectorarray" file="src/pymortests/vectorarray.py" line="513" name="test_pairwise_dot[compatible_vector_array_pair8-&lt;lambda&gt;22]" time="0.07682538032531738"></testcase><testcase classname="src.pymortests.vectorarray" file="src/pymortests/vectorarray.py" line="513" name="test_pairwise_dot[compatible_vector_array_pair8-&lt;lambda&gt;23]" time="0.009320497512817383"></testcase><testcase classname="src.pymortests.vectorarray" file="src/pymortests/vectorarray.py" line="513" name="test_pairwise_dot[compatible_vector_array_pair8-&lt;lambda&gt;24]" time="0.003864288330078125"></testcase><testcase classname="src.pymortests.vectorarray" file="src/pymortests/vectorarray.py" line="513" name="test_pairwise_dot[compatible_vector_array_pair8-&lt;lambda&gt;25]" time="0.003489255905151367"></testcase><testcase classname="src.pymortests.vectorarray" file="src/pymortests/vectorarray.py" line="513" name="test_pairwise_dot[compatible_vector_array_pair8-&lt;lambda&gt;26]" time="0.04928135871887207"></testcase><testcase classname="src.pymortests.vectorarray" file="src/pymortests/vectorarray.py" line="513" name="test_pairwise_dot[compatible_vector_array_pair8-&lt;lambda&gt;27]" time="0.06531739234924316"></testcase><testcase classname="src.pymortests.vectorarray" file="src/pymortests/vectorarray.py" line="513" name="test_pairwise_dot[compatible_vector_array_pair8-&lt;lambda&gt;28]" time="0.2428734302520752"></testcase><testcase classname="src.pymortests.vectorarray" file="src/pymortests/vectorarray.py" line="513" name="test_pairwise_dot[compatible_vector_array_pair8-&lt;lambda&gt;29]" time="0.011630535125732422"></testcase><testcase classname="src.pymortests.vectorarray" file="src/pymortests/vectorarray.py" line="528" name="test_pairwise_dot_self[0-&lt;lambda&gt;0]" time="0.0053217411041259766"></testcase><testcase classname="src.pymortests.vectorarray" file="src/pymortests/vectorarray.py" line="528" name="test_pairwise_dot_self[0-&lt;lambda&gt;1]" time="0.004405021667480469"></testcase><testcase classname="src.pymortests.vectorarray" file="src/pymortests/vectorarray.py" line="528" name="test_pairwise_dot_self[0-&lt;lambda&gt;2]" time="0.007612943649291992"></testcase><testcase classname="src.pymortests.vectorarray" file="src/pymortests/vectorarray.py" line="528" name="test_pairwise_dot_self[0-&lt;lambda&gt;3]" time="0.009551525115966797"></testcase><testcase classname="src.pymortests.vectorarray" file="src/pymortests/vectorarray.py" line="528" name="test_pairwise_dot_self[0-&lt;lambda&gt;4]" time="0.011426925659179688"></testcase><testcase classname="src.pymortests.vectorarray" file="src/pymortests/vectorarray.py" line="528" name="test_pairwise_dot_self[0-&lt;lambda&gt;5]" time="0.005082130432128906"></testcase><testcase classname="src.pymortests.vectorarray" file="src/pymortests/vectorarray.py" line="528" name="test_pairwise_dot_self[0-&lt;lambda&gt;6]" time="0.003856658935546875"></testcase><testcase classname="src.pymortests.vectorarray" file="src/pymortests/vectorarray.py" line="528" name="test_pairwise_dot_self[0-&lt;lambda&gt;7]" time="0.008133888244628906"></testcase><testcase classname="src.pymortests.vectorarray" file="src/pymortests/vectorarray.py" line="528" name="test_pairwise_dot_self[0-&lt;lambda&gt;8]" time="0.027132034301757812"></testcase><testcase classname="src.pymortests.vectorarray" file="src/pymortests/vectorarray.py" line="528" name="test_pairwise_dot_self[0-&lt;lambda&gt;9]" time="0.05362653732299805"></testcase><testcase classname="src.pymortests.vectorarray" file="src/pymortests/vectorarray.py" line="528" name="test_pairwise_dot_self[0-&lt;lambda&gt;10]" time="0.00859212875366211"></testcase><testcase classname="src.pymortests.vectorarray" file="src/pymortests/vectorarray.py" line="528" name="test_pairwise_dot_self[0-&lt;lambda&gt;11]" time="0.015450477600097656"></testcase><testcase classname="src.pymortests.vectorarray" file="src/pymortests/vectorarray.py" line="528" name="test_pairwise_dot_self[0-&lt;lambda&gt;12]" time="0.015081405639648438"></testcase><testcase classname="src.pymortests.vectorarray" file="src/pymortests/vectorarray.py" line="528" name="test_pairwise_dot_self[0-&lt;lambda&gt;13]" time="0.011980295181274414"></testcase><testcase classname="src.pymortests.vectorarray" file="src/pymortests/vectorarray.py" line="528" name="test_pairwise_dot_self[0-&lt;lambda&gt;14]" time="0.01554727554321289"></testcase><testcase classname="src.pymortests.vectorarray" file="src/pymortests/vectorarray.py" line="528" name="test_pairwise_dot_self[0-&lt;lambda&gt;15]" time="0.02315497398376465"></testcase><testcase classname="src.pymortests.vectorarray" file="src/pymortests/vectorarray.py" line="528" name="test_pairwise_dot_self[0-&lt;lambda&gt;16]" time="0.027957439422607422"></testcase><testcase classname="src.pymortests.vectorarray" file="src/pymortests/vectorarray.py" line="528" name="test_pairwise_dot_self[0-&lt;lambda&gt;17]" time="0.009703636169433594"></testcase><testcase classname="src.pymortests.vectorarray" file="src/pymortests/vectorarray.py" line="528" name="test_pairwise_dot_self[0-&lt;lambda&gt;18]" time="0.009676218032836914"></testcase><testcase classname="src.pymortests.vectorarray" file="src/pymortests/vectorarray.py" line="528" name="test_pairwise_dot_self[0-&lt;lambda&gt;19]" time="0.013185977935791016"></testcase><testcase classname="src.pymortests.vectorarray" file="src/pymortests/vectorarray.py" line="528" name="test_pairwise_dot_self[0-&lt;lambda&gt;20]" time="0.044051170349121094"></testcase><testcase classname="src.pymortests.vectorarray" file="src/pymortests/vectorarray.py" line="528" name="test_pairwise_dot_self[0-&lt;lambda&gt;21]" time="0.09050798416137695"></testcase><testcase classname="src.pymortests.vectorarray" file="src/pymortests/vectorarray.py" line="528" name="test_pairwise_dot_self[0-&lt;lambda&gt;22]" time="0.004828691482543945"></testcase><testcase classname="src.pymortests.vectorarray" file="src/pymortests/vectorarray.py" line="528" name="test_pairwise_dot_self[0-&lt;lambda&gt;23]" time="0.004075050354003906"></testcase><testcase classname="src.pymortests.vectorarray" file="src/pymortests/vectorarray.py" line="528" name="test_pairwise_dot_self[0-&lt;lambda&gt;24]" time="0.00902414321899414"></testcase><testcase classname="src.pymortests.vectorarray" file="src/pymortests/vectorarray.py" line="528" name="test_pairwise_dot_self[0-&lt;lambda&gt;25]" time="0.049913644790649414"></testcase><testcase classname="src.pymortests.vectorarray" file="src/pymortests/vectorarray.py" line="528" name="test_pairwise_dot_self[0-&lt;lambda&gt;26]" time="0.10681819915771484"></testcase><testcase classname="src.pymortests.vectorarray" file="src/pymortests/vectorarray.py" line="528" name="test_pairwise_dot_self[1-&lt;lambda&gt;0]" time="0.0054399967193603516"></testcase><testcase classname="src.pymortests.vectorarray" file="src/pymortests/vectorarray.py" line="528" name="test_pairwise_dot_self[1-&lt;lambda&gt;1]" time="0.0045163631439208984"></testcase><testcase classname="src.pymortests.vectorarray" file="src/pymortests/vectorarray.py" line="528" name="test_pairwise_dot_self[1-&lt;lambda&gt;2]" time="0.007717609405517578"></testcase><testcase classname="src.pymortests.vectorarray" file="src/pymortests/vectorarray.py" line="528" name="test_pairwise_dot_self[1-&lt;lambda&gt;3]" time="0.009904146194458008"></testcase><testcase classname="src.pymortests.vectorarray" file="src/pymortests/vectorarray.py" line="528" name="test_pairwise_dot_self[1-&lt;lambda&gt;4]" time="0.011561155319213867"></testcase><testcase classname="src.pymortests.vectorarray" file="src/pymortests/vectorarray.py" line="528" name="test_pairwise_dot_self[1-&lt;lambda&gt;5]" time="0.004999637603759766"></testcase><testcase classname="src.pymortests.vectorarray" file="src/pymortests/vectorarray.py" line="528" name="test_pairwise_dot_self[1-&lt;lambda&gt;6]" time="0.0039577484130859375"></testcase><testcase classname="src.pymortests.vectorarray" file="src/pymortests/vectorarray.py" line="528" name="test_pairwise_dot_self[1-&lt;lambda&gt;7]" time="0.010115861892700195"></testcase><testcase classname="src.pymortests.vectorarray" file="src/pymortests/vectorarray.py" line="528" name="test_pairwise_dot_self[1-&lt;lambda&gt;8]" time="0.0277554988861084"></testcase><testcase classname="src.pymortests.vectorarray" file="src/pymortests/vectorarray.py" line="528" name="test_pairwise_dot_self[1-&lt;lambda&gt;9]" time="0.05416607856750488"></testcase><testcase classname="src.pymortests.vectorarray" file="src/pymortests/vectorarray.py" line="528" name="test_pairwise_dot_self[1-&lt;lambda&gt;10]" time="0.00939178466796875"></testcase><testcase classname="src.pymortests.vectorarray" file="src/pymortests/vectorarray.py" line="528" name="test_pairwise_dot_self[1-&lt;lambda&gt;11]" time="0.017111539840698242"></testcase><testcase classname="src.pymortests.vectorarray" file="src/pymortests/vectorarray.py" line="528" name="test_pairwise_dot_self[1-&lt;lambda&gt;12]" time="0.015357017517089844"></testcase><testcase classname="src.pymortests.vectorarray" file="src/pymortests/vectorarray.py" line="528" name="test_pairwise_dot_self[1-&lt;lambda&gt;13]" time="0.011959552764892578"></testcase><testcase classname="src.pymortests.vectorarray" file="src/pymortests/vectorarray.py" line="528" name="test_pairwise_dot_self[1-&lt;lambda&gt;14]" time="0.015659332275390625"></testcase><testcase classname="src.pymortests.vectorarray" file="src/pymortests/vectorarray.py" line="528" name="test_pairwise_dot_self[1-&lt;lambda&gt;15]" time="0.023289203643798828"></testcase><testcase classname="src.pymortests.vectorarray" file="src/pymortests/vectorarray.py" line="528" name="test_pairwise_dot_self[1-&lt;lambda&gt;16]" time="0.028342723846435547"></testcase><testcase classname="src.pymortests.vectorarray" file="src/pymortests/vectorarray.py" line="528" name="test_pairwise_dot_self[1-&lt;lambda&gt;17]" time="0.010189056396484375"></testcase><testcase classname="src.pymortests.vectorarray" file="src/pymortests/vectorarray.py" line="528" name="test_pairwise_dot_self[1-&lt;lambda&gt;18]" time="0.010039329528808594"></testcase><testcase classname="src.pymortests.vectorarray" file="src/pymortests/vectorarray.py" line="528" name="test_pairwise_dot_self[1-&lt;lambda&gt;19]" time="0.012930154800415039"></testcase><testcase classname="src.pymortests.vectorarray" file="src/pymortests/vectorarray.py" line="528" name="test_pairwise_dot_self[1-&lt;lambda&gt;20]" time="0.04378175735473633"></testcase><testcase classname="src.pymortests.vectorarray" file="src/pymortests/vectorarray.py" line="528" name="test_pairwise_dot_self[1-&lt;lambda&gt;21]" time="0.09249258041381836"></testcase><testcase classname="src.pymortests.vectorarray" file="src/pymortests/vectorarray.py" line="528" name="test_pairwise_dot_self[1-&lt;lambda&gt;22]" time="0.00495147705078125"></testcase><testcase classname="src.pymortests.vectorarray" file="src/pymortests/vectorarray.py" line="528" name="test_pairwise_dot_self[1-&lt;lambda&gt;23]" time="0.004194021224975586"></testcase><testcase classname="src.pymortests.vectorarray" file="src/pymortests/vectorarray.py" line="528" name="test_pairwise_dot_self[1-&lt;lambda&gt;24]" time="0.009951591491699219"></testcase><testcase classname="src.pymortests.vectorarray" file="src/pymortests/vectorarray.py" line="528" name="test_pairwise_dot_self[1-&lt;lambda&gt;25]" time="0.07235431671142578"></testcase><testcase classname="src.pymortests.vectorarray" file="src/pymortests/vectorarray.py" line="528" name="test_pairwise_dot_self[1-&lt;lambda&gt;26]" time="0.1594374179840088"></testcase><testcase classname="src.pymortests.vectorarray" file="src/pymortests/vectorarray.py" line="528" name="test_pairwise_dot_self[2-&lt;lambda&gt;0]" time="0.005425214767456055"></testcase><testcase classname="src.pymortests.vectorarray" file="src/pymortests/vectorarray.py" line="528" name="test_pairwise_dot_self[2-&lt;lambda&gt;1]" time="0.0043337345123291016"></testcase><testcase classname="src.pymortests.vectorarray" file="src/pymortests/vectorarray.py" line="528" name="test_pairwise_dot_self[2-&lt;lambda&gt;2]" time="0.007783174514770508"></testcase><testcase classname="src.pymortests.vectorarray" file="src/pymortests/vectorarray.py" line="528" name="test_pairwise_dot_self[2-&lt;lambda&gt;3]" time="0.00971221923828125"></testcase><testcase classname="src.pymortests.vectorarray" file="src/pymortests/vectorarray.py" line="528" name="test_pairwise_dot_self[2-&lt;lambda&gt;4]" time="0.011320352554321289"></testcase><testcase classname="src.pymortests.vectorarray" file="src/pymortests/vectorarray.py" line="528" name="test_pairwise_dot_self[2-&lt;lambda&gt;5]" time="0.005191802978515625"></testcase><testcase classname="src.pymortests.vectorarray" file="src/pymortests/vectorarray.py" line="528" name="test_pairwise_dot_self[2-&lt;lambda&gt;6]" time="0.003885507583618164"></testcase><testcase classname="src.pymortests.vectorarray" file="src/pymortests/vectorarray.py" line="528" name="test_pairwise_dot_self[2-&lt;lambda&gt;7]" time="0.008182287216186523"></testcase><testcase classname="src.pymortests.vectorarray" file="src/pymortests/vectorarray.py" line="528" name="test_pairwise_dot_self[2-&lt;lambda&gt;8]" time="0.027439355850219727"></testcase><testcase classname="src.pymortests.vectorarray" file="src/pymortests/vectorarray.py" line="528" name="test_pairwise_dot_self[2-&lt;lambda&gt;9]" time="0.05372047424316406"></testcase><testcase classname="src.pymortests.vectorarray" file="src/pymortests/vectorarray.py" line="528" name="test_pairwise_dot_self[2-&lt;lambda&gt;10]" time="0.008424997329711914"></testcase><testcase classname="src.pymortests.vectorarray" file="src/pymortests/vectorarray.py" line="528" name="test_pairwise_dot_self[2-&lt;lambda&gt;11]" time="0.015276193618774414"></testcase><testcase classname="src.pymortests.vectorarray" file="src/pymortests/vectorarray.py" line="528" name="test_pairwise_dot_self[2-&lt;lambda&gt;12]" time="0.01487588882446289"></testcase><testcase classname="src.pymortests.vectorarray" file="src/pymortests/vectorarray.py" line="528" name="test_pairwise_dot_self[2-&lt;lambda&gt;13]" time="0.011854171752929688"></testcase><testcase classname="src.pymortests.vectorarray" file="src/pymortests/vectorarray.py" line="528" name="test_pairwise_dot_self[2-&lt;lambda&gt;14]" time="0.015202522277832031"></testcase><testcase classname="src.pymortests.vectorarray" file="src/pymortests/vectorarray.py" line="528" name="test_pairwise_dot_self[2-&lt;lambda&gt;15]" time="0.023015975952148438"></testcase><testcase classname="src.pymortests.vectorarray" file="src/pymortests/vectorarray.py" line="528" name="test_pairwise_dot_self[2-&lt;lambda&gt;16]" time="0.028081893920898438"></testcase><testcase classname="src.pymortests.vectorarray" file="src/pymortests/vectorarray.py" line="528" name="test_pairwise_dot_self[2-&lt;lambda&gt;17]" time="0.00960850715637207"></testcase><testcase classname="src.pymortests.vectorarray" file="src/pymortests/vectorarray.py" line="528" name="test_pairwise_dot_self[2-&lt;lambda&gt;18]" time="0.009466886520385742"></testcase><testcase classname="src.pymortests.vectorarray" file="src/pymortests/vectorarray.py" line="528" name="test_pairwise_dot_self[2-&lt;lambda&gt;19]" time="0.013032913208007812"></testcase><testcase classname="src.pymortests.vectorarray" file="src/pymortests/vectorarray.py" line="528" name="test_pairwise_dot_self[2-&lt;lambda&gt;20]" time="0.04398036003112793"></testcase><testcase classname="src.pymortests.vectorarray" file="src/pymortests/vectorarray.py" line="528" name="test_pairwise_dot_self[2-&lt;lambda&gt;21]" time="0.0887608528137207"></testcase><testcase classname="src.pymortests.vectorarray" file="src/pymortests/vectorarray.py" line="528" name="test_pairwise_dot_self[2-&lt;lambda&gt;22]" time="0.0049588680267333984"></testcase><testcase classname="src.pymortests.vectorarray" file="src/pymortests/vectorarray.py" line="528" name="test_pairwise_dot_self[2-&lt;lambda&gt;23]" time="0.004019498825073242"></testcase><testcase classname="src.pymortests.vectorarray" file="src/pymortests/vectorarray.py" line="528" name="test_pairwise_dot_self[2-&lt;lambda&gt;24]" time="0.009696483612060547"></testcase><testcase classname="src.pymortests.vectorarray" file="src/pymortests/vectorarray.py" line="528" name="test_pairwise_dot_self[2-&lt;lambda&gt;25]" time="0.07164192199707031"></testcase><testcase classname="src.pymortests.vectorarray" file="src/pymortests/vectorarray.py" line="528" name="test_pairwise_dot_self[2-&lt;lambda&gt;26]" time="0.160508394241333"></testcase><testcase classname="src.pymortests.vectorarray" file="src/pymortests/vectorarray.py" line="546" name="test_dot[compatible_vector_array_pair0-&lt;lambda&gt;0]" time="0.0038526058197021484"></testcase><testcase classname="src.pymortests.vectorarray" file="src/pymortests/vectorarray.py" line="546" name="test_dot[compatible_vector_array_pair0-&lt;lambda&gt;1]" time="0.002126455307006836"></testcase><testcase classname="src.pymortests.vectorarray" file="src/pymortests/vectorarray.py" line="546" name="test_dot[compatible_vector_array_pair0-&lt;lambda&gt;2]" time="0.00740814208984375"></testcase><testcase classname="src.pymortests.vectorarray" file="src/pymortests/vectorarray.py" line="546" name="test_dot[compatible_vector_array_pair0-&lt;lambda&gt;3]" time="0.009613275527954102"></testcase><testcase classname="src.pymortests.vectorarray" file="src/pymortests/vectorarray.py" line="546" name="test_dot[compatible_vector_array_pair0-&lt;lambda&gt;4]" time="0.015267372131347656"></testcase><testcase classname="src.pymortests.vectorarray" file="src/pymortests/vectorarray.py" line="546" name="test_dot[compatible_vector_array_pair0-&lt;lambda&gt;5]" time="0.010207414627075195"></testcase><testcase classname="src.pymortests.vectorarray" file="src/pymortests/vectorarray.py" line="546" name="test_dot[compatible_vector_array_pair0-&lt;lambda&gt;6]" time="0.004013776779174805"></testcase><testcase classname="src.pymortests.vectorarray" file="src/pymortests/vectorarray.py" line="546" name="test_dot[compatible_vector_array_pair0-&lt;lambda&gt;7]" time="0.0021774768829345703"></testcase><testcase classname="src.pymortests.vectorarray" file="src/pymortests/vectorarray.py" line="546" name="test_dot[compatible_vector_array_pair0-&lt;lambda&gt;8]" time="0.03255939483642578"></testcase><testcase classname="src.pymortests.vectorarray" file="src/pymortests/vectorarray.py" line="546" name="test_dot[compatible_vector_array_pair0-&lt;lambda&gt;9]" time="0.06562113761901855"></testcase><testcase classname="src.pymortests.vectorarray" file="src/pymortests/vectorarray.py" line="546" name="test_dot[compatible_vector_array_pair0-&lt;lambda&gt;10]" time="0.9466385841369629"></testcase><testcase classname="src.pymortests.vectorarray" file="src/pymortests/vectorarray.py" line="546" name="test_dot[compatible_vector_array_pair0-&lt;lambda&gt;11]" time="0.011022090911865234"></testcase><testcase classname="src.pymortests.vectorarray" file="src/pymortests/vectorarray.py" line="546" name="test_dot[compatible_vector_array_pair0-&lt;lambda&gt;12]" time="0.006138324737548828"></testcase><testcase classname="src.pymortests.vectorarray" file="src/pymortests/vectorarray.py" line="546" name="test_dot[compatible_vector_array_pair0-&lt;lambda&gt;13]" time="0.003480672836303711"></testcase><testcase classname="src.pymortests.vectorarray" file="src/pymortests/vectorarray.py" line="546" name="test_dot[compatible_vector_array_pair0-&lt;lambda&gt;14]" time="0.010459661483764648"></testcase><testcase classname="src.pymortests.vectorarray" file="src/pymortests/vectorarray.py" line="546" name="test_dot[compatible_vector_array_pair0-&lt;lambda&gt;15]" time="0.015345335006713867"></testcase><testcase classname="src.pymortests.vectorarray" file="src/pymortests/vectorarray.py" line="546" name="test_dot[compatible_vector_array_pair0-&lt;lambda&gt;16]" time="0.021419048309326172"></testcase><testcase classname="src.pymortests.vectorarray" file="src/pymortests/vectorarray.py" line="546" name="test_dot[compatible_vector_array_pair0-&lt;lambda&gt;17]" time="0.03331804275512695"></testcase><testcase classname="src.pymortests.vectorarray" file="src/pymortests/vectorarray.py" line="546" name="test_dot[compatible_vector_array_pair0-&lt;lambda&gt;18]" time="0.00868988037109375"></testcase><testcase classname="src.pymortests.vectorarray" file="src/pymortests/vectorarray.py" line="546" name="test_dot[compatible_vector_array_pair0-&lt;lambda&gt;19]" time="0.004389047622680664"></testcase><testcase classname="src.pymortests.vectorarray" file="src/pymortests/vectorarray.py" line="546" name="test_dot[compatible_vector_array_pair0-&lt;lambda&gt;20]" time="0.09028339385986328"></testcase><testcase classname="src.pymortests.vectorarray" file="src/pymortests/vectorarray.py" line="546" name="test_dot[compatible_vector_array_pair0-&lt;lambda&gt;21]" time="0.07186460494995117"></testcase><testcase classname="src.pymortests.vectorarray" file="src/pymortests/vectorarray.py" line="546" name="test_dot[compatible_vector_array_pair0-&lt;lambda&gt;22]" time="0.8394038677215576"></testcase><testcase classname="src.pymortests.vectorarray" file="src/pymortests/vectorarray.py" line="546" name="test_dot[compatible_vector_array_pair0-&lt;lambda&gt;23]" time="0.013829708099365234"></testcase><testcase classname="src.pymortests.vectorarray" file="src/pymortests/vectorarray.py" line="546" name="test_dot[compatible_vector_array_pair0-&lt;lambda&gt;24]" time="0.004101276397705078"></testcase><testcase classname="src.pymortests.vectorarray" file="src/pymortests/vectorarray.py" line="546" name="test_dot[compatible_vector_array_pair0-&lt;lambda&gt;25]" time="0.0032989978790283203"></testcase><testcase classname="src.pymortests.vectorarray" file="src/pymortests/vectorarray.py" line="546" name="test_dot[compatible_vector_array_pair0-&lt;lambda&gt;26]" time="0.0462644100189209"></testcase><testcase classname="src.pymortests.vectorarray" file="src/pymortests/vectorarray.py" line="546" name="test_dot[compatible_vector_array_pair0-&lt;lambda&gt;27]" time="0.07548332214355469"></testcase><testcase classname="src.pymortests.vectorarray" file="src/pymortests/vectorarray.py" line="546" name="test_dot[compatible_vector_array_pair0-&lt;lambda&gt;28]" time="0.6662003993988037"></testcase><testcase classname="src.pymortests.vectorarray" file="src/pymortests/vectorarray.py" line="546" name="test_dot[compatible_vector_array_pair0-&lt;lambda&gt;29]" time="0.014095544815063477"></testcase><testcase classname="src.pymortests.vectorarray" file="src/pymortests/vectorarray.py" line="546" name="test_dot[compatible_vector_array_pair1-&lt;lambda&gt;0]" time="0.00427556037902832"></testcase><testcase classname="src.pymortests.vectorarray" file="src/pymortests/vectorarray.py" line="546" name="test_dot[compatible_vector_array_pair1-&lt;lambda&gt;1]" time="0.002299070358276367"></testcase><testcase classname="src.pymortests.vectorarray" file="src/pymortests/vectorarray.py" line="546" name="test_dot[compatible_vector_array_pair1-&lt;lambda&gt;2]" time="0.0076901912689208984"></testcase><testcase classname="src.pymortests.vectorarray" file="src/pymortests/vectorarray.py" line="546" name="test_dot[compatible_vector_array_pair1-&lt;lambda&gt;3]" time="0.009885787963867188"></testcase><testcase classname="src.pymortests.vectorarray" file="src/pymortests/vectorarray.py" line="546" name="test_dot[compatible_vector_array_pair1-&lt;lambda&gt;4]" time="0.014312505722045898"></testcase><testcase classname="src.pymortests.vectorarray" file="src/pymortests/vectorarray.py" line="546" name="test_dot[compatible_vector_array_pair1-&lt;lambda&gt;5]" time="0.008837461471557617"></testcase><testcase classname="src.pymortests.vectorarray" file="src/pymortests/vectorarray.py" line="546" name="test_dot[compatible_vector_array_pair1-&lt;lambda&gt;6]" time="0.002906322479248047"></testcase><testcase classname="src.pymortests.vectorarray" file="src/pymortests/vectorarray.py" line="546" name="test_dot[compatible_vector_array_pair1-&lt;lambda&gt;7]" time="0.0021314620971679688"></testcase><testcase classname="src.pymortests.vectorarray" file="src/pymortests/vectorarray.py" line="546" name="test_dot[compatible_vector_array_pair1-&lt;lambda&gt;8]" time="0.033507585525512695"></testcase><testcase classname="src.pymortests.vectorarray" file="src/pymortests/vectorarray.py" line="546" name="test_dot[compatible_vector_array_pair1-&lt;lambda&gt;9]" time="0.06568336486816406"></testcase><testcase classname="src.pymortests.vectorarray" file="src/pymortests/vectorarray.py" line="546" name="test_dot[compatible_vector_array_pair1-&lt;lambda&gt;10]" time="0.9446978569030762"></testcase><testcase classname="src.pymortests.vectorarray" file="src/pymortests/vectorarray.py" line="546" name="test_dot[compatible_vector_array_pair1-&lt;lambda&gt;11]" time="0.010893821716308594"></testcase><testcase classname="src.pymortests.vectorarray" file="src/pymortests/vectorarray.py" line="546" name="test_dot[compatible_vector_array_pair1-&lt;lambda&gt;12]" time="0.0062580108642578125"></testcase><testcase classname="src.pymortests.vectorarray" file="src/pymortests/vectorarray.py" line="546" name="test_dot[compatible_vector_array_pair1-&lt;lambda&gt;13]" time="0.0035560131072998047"></testcase><testcase classname="src.pymortests.vectorarray" file="src/pymortests/vectorarray.py" line="546" name="test_dot[compatible_vector_array_pair1-&lt;lambda&gt;14]" time="0.010504722595214844"></testcase><testcase classname="src.pymortests.vectorarray" file="src/pymortests/vectorarray.py" line="546" name="test_dot[compatible_vector_array_pair1-&lt;lambda&gt;15]" time="0.01508188247680664"></testcase><testcase classname="src.pymortests.vectorarray" file="src/pymortests/vectorarray.py" line="546" name="test_dot[compatible_vector_array_pair1-&lt;lambda&gt;16]" time="0.02145695686340332"></testcase><testcase classname="src.pymortests.vectorarray" file="src/pymortests/vectorarray.py" line="546" name="test_dot[compatible_vector_array_pair1-&lt;lambda&gt;17]" time="0.03266334533691406"></testcase><testcase classname="src.pymortests.vectorarray" file="src/pymortests/vectorarray.py" line="546" name="test_dot[compatible_vector_array_pair1-&lt;lambda&gt;18]" time="0.008759260177612305"></testcase><testcase classname="src.pymortests.vectorarray" file="src/pymortests/vectorarray.py" line="546" name="test_dot[compatible_vector_array_pair1-&lt;lambda&gt;19]" time="0.00451970100402832"></testcase><testcase classname="src.pymortests.vectorarray" file="src/pymortests/vectorarray.py" line="546" name="test_dot[compatible_vector_array_pair1-&lt;lambda&gt;20]" time="0.08946418762207031"></testcase><testcase classname="src.pymortests.vectorarray" file="src/pymortests/vectorarray.py" line="546" name="test_dot[compatible_vector_array_pair1-&lt;lambda&gt;21]" time="0.07179641723632812"></testcase><testcase classname="src.pymortests.vectorarray" file="src/pymortests/vectorarray.py" line="546" name="test_dot[compatible_vector_array_pair1-&lt;lambda&gt;22]" time="0.8317821025848389"></testcase><testcase classname="src.pymortests.vectorarray" file="src/pymortests/vectorarray.py" line="546" name="test_dot[compatible_vector_array_pair1-&lt;lambda&gt;23]" time="0.014012575149536133"></testcase><testcase classname="src.pymortests.vectorarray" file="src/pymortests/vectorarray.py" line="546" name="test_dot[compatible_vector_array_pair1-&lt;lambda&gt;24]" time="0.004119396209716797"></testcase><testcase classname="src.pymortests.vectorarray" file="src/pymortests/vectorarray.py" line="546" name="test_dot[compatible_vector_array_pair1-&lt;lambda&gt;25]" time="0.003926753997802734"></testcase><testcase classname="src.pymortests.vectorarray" file="src/pymortests/vectorarray.py" line="546" name="test_dot[compatible_vector_array_pair1-&lt;lambda&gt;26]" time="0.0648033618927002"></testcase><testcase classname="src.pymortests.vectorarray" file="src/pymortests/vectorarray.py" line="546" name="test_dot[compatible_vector_array_pair1-&lt;lambda&gt;27]" time="0.07893061637878418"></testcase><testcase classname="src.pymortests.vectorarray" file="src/pymortests/vectorarray.py" line="546" name="test_dot[compatible_vector_array_pair1-&lt;lambda&gt;28]" time="0.7490127086639404"></testcase><testcase classname="src.pymortests.vectorarray" file="src/pymortests/vectorarray.py" line="546" name="test_dot[compatible_vector_array_pair1-&lt;lambda&gt;29]" time="0.015110015869140625"></testcase><testcase classname="src.pymortests.vectorarray" file="src/pymortests/vectorarray.py" line="546" name="test_dot[compatible_vector_array_pair2-&lt;lambda&gt;0]" time="0.004182338714599609"></testcase><testcase classname="src.pymortests.vectorarray" file="src/pymortests/vectorarray.py" line="546" name="test_dot[compatible_vector_array_pair2-&lt;lambda&gt;1]" time="0.002216339111328125"></testcase><testcase classname="src.pymortests.vectorarray" file="src/pymortests/vectorarray.py" line="546" name="test_dot[compatible_vector_array_pair2-&lt;lambda&gt;2]" time="0.007348537445068359"></testcase><testcase classname="src.pymortests.vectorarray" file="src/pymortests/vectorarray.py" line="546" name="test_dot[compatible_vector_array_pair2-&lt;lambda&gt;3]" time="0.009614706039428711"></testcase><testcase classname="src.pymortests.vectorarray" file="src/pymortests/vectorarray.py" line="546" name="test_dot[compatible_vector_array_pair2-&lt;lambda&gt;4]" time="0.014091253280639648"></testcase><testcase classname="src.pymortests.vectorarray" file="src/pymortests/vectorarray.py" line="546" name="test_dot[compatible_vector_array_pair2-&lt;lambda&gt;5]" time="0.008676528930664062"></testcase><testcase classname="src.pymortests.vectorarray" file="src/pymortests/vectorarray.py" line="546" name="test_dot[compatible_vector_array_pair2-&lt;lambda&gt;6]" time="0.002888917922973633"></testcase><testcase classname="src.pymortests.vectorarray" file="src/pymortests/vectorarray.py" line="546" name="test_dot[compatible_vector_array_pair2-&lt;lambda&gt;7]" time="0.002218961715698242"></testcase><testcase classname="src.pymortests.vectorarray" file="src/pymortests/vectorarray.py" line="546" name="test_dot[compatible_vector_array_pair2-&lt;lambda&gt;8]" time="0.03272724151611328"></testcase><testcase classname="src.pymortests.vectorarray" file="src/pymortests/vectorarray.py" line="546" name="test_dot[compatible_vector_array_pair2-&lt;lambda&gt;9]" time="0.06454730033874512"></testcase><testcase classname="src.pymortests.vectorarray" file="src/pymortests/vectorarray.py" line="546" name="test_dot[compatible_vector_array_pair2-&lt;lambda&gt;10]" time="0.9502825736999512"></testcase><testcase classname="src.pymortests.vectorarray" file="src/pymortests/vectorarray.py" line="546" name="test_dot[compatible_vector_array_pair2-&lt;lambda&gt;11]" time="0.011197566986083984"></testcase><testcase classname="src.pymortests.vectorarray" file="src/pymortests/vectorarray.py" line="546" name="test_dot[compatible_vector_array_pair2-&lt;lambda&gt;12]" time="0.0064449310302734375"></testcase><testcase classname="src.pymortests.vectorarray" file="src/pymortests/vectorarray.py" line="546" name="test_dot[compatible_vector_array_pair2-&lt;lambda&gt;13]" time="0.0038487911224365234"></testcase><testcase classname="src.pymortests.vectorarray" file="src/pymortests/vectorarray.py" line="546" name="test_dot[compatible_vector_array_pair2-&lt;lambda&gt;14]" time="0.010899543762207031"></testcase><testcase classname="src.pymortests.vectorarray" file="src/pymortests/vectorarray.py" line="546" name="test_dot[compatible_vector_array_pair2-&lt;lambda&gt;15]" time="0.015451669692993164"></testcase><testcase classname="src.pymortests.vectorarray" file="src/pymortests/vectorarray.py" line="546" name="test_dot[compatible_vector_array_pair2-&lt;lambda&gt;16]" time="0.021735668182373047"></testcase><testcase classname="src.pymortests.vectorarray" file="src/pymortests/vectorarray.py" line="546" name="test_dot[compatible_vector_array_pair2-&lt;lambda&gt;17]" time="0.03268551826477051"></testcase><testcase classname="src.pymortests.vectorarray" file="src/pymortests/vectorarray.py" line="546" name="test_dot[compatible_vector_array_pair2-&lt;lambda&gt;18]" time="0.008918046951293945"></testcase><testcase classname="src.pymortests.vectorarray" file="src/pymortests/vectorarray.py" line="546" name="test_dot[compatible_vector_array_pair2-&lt;lambda&gt;19]" time="0.004579782485961914"></testcase><testcase classname="src.pymortests.vectorarray" file="src/pymortests/vectorarray.py" line="546" name="test_dot[compatible_vector_array_pair2-&lt;lambda&gt;20]" time="0.09156560897827148"></testcase><testcase classname="src.pymortests.vectorarray" file="src/pymortests/vectorarray.py" line="546" name="test_dot[compatible_vector_array_pair2-&lt;lambda&gt;21]" time="0.07210445404052734"></testcase><testcase classname="src.pymortests.vectorarray" file="src/pymortests/vectorarray.py" line="546" name="test_dot[compatible_vector_array_pair2-&lt;lambda&gt;22]" time="0.8358266353607178"></testcase><testcase classname="src.pymortests.vectorarray" file="src/pymortests/vectorarray.py" line="546" name="test_dot[compatible_vector_array_pair2-&lt;lambda&gt;23]" time="0.013978958129882812"></testcase><testcase classname="src.pymortests.vectorarray" file="src/pymortests/vectorarray.py" line="546" name="test_dot[compatible_vector_array_pair2-&lt;lambda&gt;24]" time="0.004246711730957031"></testcase><testcase classname="src.pymortests.vectorarray" file="src/pymortests/vectorarray.py" line="546" name="test_dot[compatible_vector_array_pair2-&lt;lambda&gt;25]" time="0.004060983657836914"></testcase><testcase classname="src.pymortests.vectorarray" file="src/pymortests/vectorarray.py" line="546" name="test_dot[compatible_vector_array_pair2-&lt;lambda&gt;26]" time="0.06451702117919922"></testcase><testcase classname="src.pymortests.vectorarray" file="src/pymortests/vectorarray.py" line="546" name="test_dot[compatible_vector_array_pair2-&lt;lambda&gt;27]" time="0.07854771614074707"></testcase><testcase classname="src.pymortests.vectorarray" file="src/pymortests/vectorarray.py" line="546" name="test_dot[compatible_vector_array_pair2-&lt;lambda&gt;28]" time="0.7160165309906006"></testcase><testcase classname="src.pymortests.vectorarray" file="src/pymortests/vectorarray.py" line="546" name="test_dot[compatible_vector_array_pair2-&lt;lambda&gt;29]" time="0.015084981918334961"></testcase><testcase classname="src.pymortests.vectorarray" file="src/pymortests/vectorarray.py" line="546" name="test_dot[compatible_vector_array_pair3-&lt;lambda&gt;0]" time="0.0041980743408203125"></testcase><testcase classname="src.pymortests.vectorarray" file="src/pymortests/vectorarray.py" line="546" name="test_dot[compatible_vector_array_pair3-&lt;lambda&gt;1]" time="0.0021600723266601562"></testcase><testcase classname="src.pymortests.vectorarray" file="src/pymortests/vectorarray.py" line="546" name="test_dot[compatible_vector_array_pair3-&lt;lambda&gt;2]" time="0.00731658935546875"></testcase><testcase classname="src.pymortests.vectorarray" file="src/pymortests/vectorarray.py" line="546" name="test_dot[compatible_vector_array_pair3-&lt;lambda&gt;3]" time="0.009510517120361328"></testcase><testcase classname="src.pymortests.vectorarray" file="src/pymortests/vectorarray.py" line="546" name="test_dot[compatible_vector_array_pair3-&lt;lambda&gt;4]" time="0.014230489730834961"></testcase><testcase classname="src.pymortests.vectorarray" file="src/pymortests/vectorarray.py" line="546" name="test_dot[compatible_vector_array_pair3-&lt;lambda&gt;5]" time="0.008728981018066406"></testcase><testcase classname="src.pymortests.vectorarray" file="src/pymortests/vectorarray.py" line="546" name="test_dot[compatible_vector_array_pair3-&lt;lambda&gt;6]" time="0.0029382705688476562"></testcase><testcase classname="src.pymortests.vectorarray" file="src/pymortests/vectorarray.py" line="546" name="test_dot[compatible_vector_array_pair3-&lt;lambda&gt;7]" time="0.0021224021911621094"></testcase><testcase classname="src.pymortests.vectorarray" file="src/pymortests/vectorarray.py" line="546" name="test_dot[compatible_vector_array_pair3-&lt;lambda&gt;8]" time="0.03260207176208496"></testcase><testcase classname="src.pymortests.vectorarray" file="src/pymortests/vectorarray.py" line="546" name="test_dot[compatible_vector_array_pair3-&lt;lambda&gt;9]" time="0.06442952156066895"></testcase><testcase classname="src.pymortests.vectorarray" file="src/pymortests/vectorarray.py" line="546" name="test_dot[compatible_vector_array_pair3-&lt;lambda&gt;10]" time="0.9438073635101318"></testcase><testcase classname="src.pymortests.vectorarray" file="src/pymortests/vectorarray.py" line="546" name="test_dot[compatible_vector_array_pair3-&lt;lambda&gt;11]" time="0.011101484298706055"></testcase><testcase classname="src.pymortests.vectorarray" file="src/pymortests/vectorarray.py" line="546" name="test_dot[compatible_vector_array_pair3-&lt;lambda&gt;12]" time="0.0060405731201171875"></testcase><testcase classname="src.pymortests.vectorarray" file="src/pymortests/vectorarray.py" line="546" name="test_dot[compatible_vector_array_pair3-&lt;lambda&gt;13]" time="0.0036301612854003906"></testcase><testcase classname="src.pymortests.vectorarray" file="src/pymortests/vectorarray.py" line="546" name="test_dot[compatible_vector_array_pair3-&lt;lambda&gt;14]" time="0.010434389114379883"></testcase><testcase classname="src.pymortests.vectorarray" file="src/pymortests/vectorarray.py" line="546" name="test_dot[compatible_vector_array_pair3-&lt;lambda&gt;15]" time="0.015413284301757812"></testcase><testcase classname="src.pymortests.vectorarray" file="src/pymortests/vectorarray.py" line="546" name="test_dot[compatible_vector_array_pair3-&lt;lambda&gt;16]" time="0.021441936492919922"></testcase><testcase classname="src.pymortests.vectorarray" file="src/pymortests/vectorarray.py" line="546" name="test_dot[compatible_vector_array_pair3-&lt;lambda&gt;17]" time="0.032568931579589844"></testcase><testcase classname="src.pymortests.vectorarray" file="src/pymortests/vectorarray.py" line="546" name="test_dot[compatible_vector_array_pair3-&lt;lambda&gt;18]" time="0.008719682693481445"></testcase><testcase classname="src.pymortests.vectorarray" file="src/pymortests/vectorarray.py" line="546" name="test_dot[compatible_vector_array_pair3-&lt;lambda&gt;19]" time="0.004539966583251953"></testcase><testcase classname="src.pymortests.vectorarray" file="src/pymortests/vectorarray.py" line="546" name="test_dot[compatible_vector_array_pair3-&lt;lambda&gt;20]" time="0.0901789665222168"></testcase><testcase classname="src.pymortests.vectorarray" file="src/pymortests/vectorarray.py" line="546" name="test_dot[compatible_vector_array_pair3-&lt;lambda&gt;21]" time="0.07196187973022461"></testcase><testcase classname="src.pymortests.vectorarray" file="src/pymortests/vectorarray.py" line="546" name="test_dot[compatible_vector_array_pair3-&lt;lambda&gt;22]" time="0.8342323303222656"></testcase><testcase classname="src.pymortests.vectorarray" file="src/pymortests/vectorarray.py" line="546" name="test_dot[compatible_vector_array_pair3-&lt;lambda&gt;23]" time="0.013859033584594727"></testcase><testcase classname="src.pymortests.vectorarray" file="src/pymortests/vectorarray.py" line="546" name="test_dot[compatible_vector_array_pair3-&lt;lambda&gt;24]" time="0.004129171371459961"></testcase><testcase classname="src.pymortests.vectorarray" file="src/pymortests/vectorarray.py" line="546" name="test_dot[compatible_vector_array_pair3-&lt;lambda&gt;25]" time="0.0031380653381347656"></testcase><testcase classname="src.pymortests.vectorarray" file="src/pymortests/vectorarray.py" line="546" name="test_dot[compatible_vector_array_pair3-&lt;lambda&gt;26]" time="0.04647493362426758"></testcase><testcase classname="src.pymortests.vectorarray" file="src/pymortests/vectorarray.py" line="546" name="test_dot[compatible_vector_array_pair3-&lt;lambda&gt;27]" time="0.0973203182220459"></testcase><testcase classname="src.pymortests.vectorarray" file="src/pymortests/vectorarray.py" line="546" name="test_dot[compatible_vector_array_pair3-&lt;lambda&gt;28]" time="0.7099530696868896"></testcase><testcase classname="src.pymortests.vectorarray" file="src/pymortests/vectorarray.py" line="546" name="test_dot[compatible_vector_array_pair3-&lt;lambda&gt;29]" time="0.015129327774047852"></testcase><testcase classname="src.pymortests.vectorarray" file="src/pymortests/vectorarray.py" line="546" name="test_dot[compatible_vector_array_pair4-&lt;lambda&gt;0]" time="0.004275798797607422"></testcase><testcase classname="src.pymortests.vectorarray" file="src/pymortests/vectorarray.py" line="546" name="test_dot[compatible_vector_array_pair4-&lt;lambda&gt;1]" time="0.0022094249725341797"></testcase><testcase classname="src.pymortests.vectorarray" file="src/pymortests/vectorarray.py" line="546" name="test_dot[compatible_vector_array_pair4-&lt;lambda&gt;2]" time="0.007390260696411133"></testcase><testcase classname="src.pymortests.vectorarray" file="src/pymortests/vectorarray.py" line="546" name="test_dot[compatible_vector_array_pair4-&lt;lambda&gt;3]" time="0.009762287139892578"></testcase><testcase classname="src.pymortests.vectorarray" file="src/pymortests/vectorarray.py" line="546" name="test_dot[compatible_vector_array_pair4-&lt;lambda&gt;4]" time="0.014404296875"></testcase><testcase classname="src.pymortests.vectorarray" file="src/pymortests/vectorarray.py" line="546" name="test_dot[compatible_vector_array_pair4-&lt;lambda&gt;5]" time="0.008563995361328125"></testcase><testcase classname="src.pymortests.vectorarray" file="src/pymortests/vectorarray.py" line="546" name="test_dot[compatible_vector_array_pair4-&lt;lambda&gt;6]" time="0.0028731822967529297"></testcase><testcase classname="src.pymortests.vectorarray" file="src/pymortests/vectorarray.py" line="546" name="test_dot[compatible_vector_array_pair4-&lt;lambda&gt;7]" time="0.002086639404296875"></testcase><testcase classname="src.pymortests.vectorarray" file="src/pymortests/vectorarray.py" line="546" name="test_dot[compatible_vector_array_pair4-&lt;lambda&gt;8]" time="0.032425642013549805"></testcase><testcase classname="src.pymortests.vectorarray" file="src/pymortests/vectorarray.py" line="546" name="test_dot[compatible_vector_array_pair4-&lt;lambda&gt;9]" time="0.06594610214233398"></testcase><testcase classname="src.pymortests.vectorarray" file="src/pymortests/vectorarray.py" line="546" name="test_dot[compatible_vector_array_pair4-&lt;lambda&gt;10]" time="0.9292929172515869"></testcase><testcase classname="src.pymortests.vectorarray" file="src/pymortests/vectorarray.py" line="546" name="test_dot[compatible_vector_array_pair4-&lt;lambda&gt;11]" time="0.011091232299804688"></testcase><testcase classname="src.pymortests.vectorarray" file="src/pymortests/vectorarray.py" line="546" name="test_dot[compatible_vector_array_pair4-&lt;lambda&gt;12]" time="0.006270408630371094"></testcase><testcase classname="src.pymortests.vectorarray" file="src/pymortests/vectorarray.py" line="546" name="test_dot[compatible_vector_array_pair4-&lt;lambda&gt;13]" time="0.0037775039672851562"></testcase><testcase classname="src.pymortests.vectorarray" file="src/pymortests/vectorarray.py" line="546" name="test_dot[compatible_vector_array_pair4-&lt;lambda&gt;14]" time="0.01060628890991211"></testcase><testcase classname="src.pymortests.vectorarray" file="src/pymortests/vectorarray.py" line="546" name="test_dot[compatible_vector_array_pair4-&lt;lambda&gt;15]" time="0.016019582748413086"></testcase><testcase classname="src.pymortests.vectorarray" file="src/pymortests/vectorarray.py" line="546" name="test_dot[compatible_vector_array_pair4-&lt;lambda&gt;16]" time="0.021712303161621094"></testcase><testcase classname="src.pymortests.vectorarray" file="src/pymortests/vectorarray.py" line="546" name="test_dot[compatible_vector_array_pair4-&lt;lambda&gt;17]" time="0.03281879425048828"></testcase><testcase classname="src.pymortests.vectorarray" file="src/pymortests/vectorarray.py" line="546" name="test_dot[compatible_vector_array_pair4-&lt;lambda&gt;18]" time="0.008550882339477539"></testcase><testcase classname="src.pymortests.vectorarray" file="src/pymortests/vectorarray.py" line="546" name="test_dot[compatible_vector_array_pair4-&lt;lambda&gt;19]" time="0.003594636917114258"></testcase><testcase classname="src.pymortests.vectorarray" file="src/pymortests/vectorarray.py" line="546" name="test_dot[compatible_vector_array_pair4-&lt;lambda&gt;20]" time="0.08919787406921387"></testcase><testcase classname="src.pymortests.vectorarray" file="src/pymortests/vectorarray.py" line="546" name="test_dot[compatible_vector_array_pair4-&lt;lambda&gt;21]" time="0.07239317893981934"></testcase><testcase classname="src.pymortests.vectorarray" file="src/pymortests/vectorarray.py" line="546" name="test_dot[compatible_vector_array_pair4-&lt;lambda&gt;22]" time="0.8318624496459961"></testcase><testcase classname="src.pymortests.vectorarray" file="src/pymortests/vectorarray.py" line="546" name="test_dot[compatible_vector_array_pair4-&lt;lambda&gt;23]" time="0.014125585556030273"></testcase><testcase classname="src.pymortests.vectorarray" file="src/pymortests/vectorarray.py" line="546" name="test_dot[compatible_vector_array_pair4-&lt;lambda&gt;24]" time="0.004256010055541992"></testcase><testcase classname="src.pymortests.vectorarray" file="src/pymortests/vectorarray.py" line="546" name="test_dot[compatible_vector_array_pair4-&lt;lambda&gt;25]" time="0.0038237571716308594"></testcase><testcase classname="src.pymortests.vectorarray" file="src/pymortests/vectorarray.py" line="546" name="test_dot[compatible_vector_array_pair4-&lt;lambda&gt;26]" time="0.0643162727355957"></testcase><testcase classname="src.pymortests.vectorarray" file="src/pymortests/vectorarray.py" line="546" name="test_dot[compatible_vector_array_pair4-&lt;lambda&gt;27]" time="0.10055398941040039"></testcase><testcase classname="src.pymortests.vectorarray" file="src/pymortests/vectorarray.py" line="546" name="test_dot[compatible_vector_array_pair4-&lt;lambda&gt;28]" time="0.7588503360748291"></testcase><testcase classname="src.pymortests.vectorarray" file="src/pymortests/vectorarray.py" line="546" name="test_dot[compatible_vector_array_pair4-&lt;lambda&gt;29]" time="0.015839338302612305"></testcase><testcase classname="src.pymortests.vectorarray" file="src/pymortests/vectorarray.py" line="546" name="test_dot[compatible_vector_array_pair5-&lt;lambda&gt;0]" time="0.004224300384521484"></testcase><testcase classname="src.pymortests.vectorarray" file="src/pymortests/vectorarray.py" line="546" name="test_dot[compatible_vector_array_pair5-&lt;lambda&gt;1]" time="0.00223541259765625"></testcase><testcase classname="src.pymortests.vectorarray" file="src/pymortests/vectorarray.py" line="546" name="test_dot[compatible_vector_array_pair5-&lt;lambda&gt;2]" time="0.00732731819152832"></testcase><testcase classname="src.pymortests.vectorarray" file="src/pymortests/vectorarray.py" line="546" name="test_dot[compatible_vector_array_pair5-&lt;lambda&gt;3]" time="0.009598970413208008"></testcase><testcase classname="src.pymortests.vectorarray" file="src/pymortests/vectorarray.py" line="546" name="test_dot[compatible_vector_array_pair5-&lt;lambda&gt;4]" time="0.013993501663208008"></testcase><testcase classname="src.pymortests.vectorarray" file="src/pymortests/vectorarray.py" line="546" name="test_dot[compatible_vector_array_pair5-&lt;lambda&gt;5]" time="0.008660078048706055"></testcase><testcase classname="src.pymortests.vectorarray" file="src/pymortests/vectorarray.py" line="546" name="test_dot[compatible_vector_array_pair5-&lt;lambda&gt;6]" time="0.0028276443481445312"></testcase><testcase classname="src.pymortests.vectorarray" file="src/pymortests/vectorarray.py" line="546" name="test_dot[compatible_vector_array_pair5-&lt;lambda&gt;7]" time="0.0020644664764404297"></testcase><testcase classname="src.pymortests.vectorarray" file="src/pymortests/vectorarray.py" line="546" name="test_dot[compatible_vector_array_pair5-&lt;lambda&gt;8]" time="0.03273439407348633"></testcase><testcase classname="src.pymortests.vectorarray" file="src/pymortests/vectorarray.py" line="546" name="test_dot[compatible_vector_array_pair5-&lt;lambda&gt;9]" time="0.06406617164611816"></testcase><testcase classname="src.pymortests.vectorarray" file="src/pymortests/vectorarray.py" line="546" name="test_dot[compatible_vector_array_pair5-&lt;lambda&gt;10]" time="0.9361932277679443"></testcase><testcase classname="src.pymortests.vectorarray" file="src/pymortests/vectorarray.py" line="546" name="test_dot[compatible_vector_array_pair5-&lt;lambda&gt;11]" time="0.010947704315185547"></testcase><testcase classname="src.pymortests.vectorarray" file="src/pymortests/vectorarray.py" line="546" name="test_dot[compatible_vector_array_pair5-&lt;lambda&gt;12]" time="0.006111621856689453"></testcase><testcase classname="src.pymortests.vectorarray" file="src/pymortests/vectorarray.py" line="546" name="test_dot[compatible_vector_array_pair5-&lt;lambda&gt;13]" time="0.003648996353149414"></testcase><testcase classname="src.pymortests.vectorarray" file="src/pymortests/vectorarray.py" line="546" name="test_dot[compatible_vector_array_pair5-&lt;lambda&gt;14]" time="0.010471820831298828"></testcase><testcase classname="src.pymortests.vectorarray" file="src/pymortests/vectorarray.py" line="546" name="test_dot[compatible_vector_array_pair5-&lt;lambda&gt;15]" time="0.01523137092590332"></testcase><testcase classname="src.pymortests.vectorarray" file="src/pymortests/vectorarray.py" line="546" name="test_dot[compatible_vector_array_pair5-&lt;lambda&gt;16]" time="0.021427392959594727"></testcase><testcase classname="src.pymortests.vectorarray" file="src/pymortests/vectorarray.py" line="546" name="test_dot[compatible_vector_array_pair5-&lt;lambda&gt;17]" time="0.03217649459838867"></testcase><testcase classname="src.pymortests.vectorarray" file="src/pymortests/vectorarray.py" line="546" name="test_dot[compatible_vector_array_pair5-&lt;lambda&gt;18]" time="0.008533477783203125"></testcase><testcase classname="src.pymortests.vectorarray" file="src/pymortests/vectorarray.py" line="546" name="test_dot[compatible_vector_array_pair5-&lt;lambda&gt;19]" time="0.003471851348876953"></testcase><testcase classname="src.pymortests.vectorarray" file="src/pymortests/vectorarray.py" line="546" name="test_dot[compatible_vector_array_pair5-&lt;lambda&gt;20]" time="0.0855870246887207"></testcase><testcase classname="src.pymortests.vectorarray" file="src/pymortests/vectorarray.py" line="546" name="test_dot[compatible_vector_array_pair5-&lt;lambda&gt;21]" time="0.07124757766723633"></testcase><testcase classname="src.pymortests.vectorarray" file="src/pymortests/vectorarray.py" line="546" name="test_dot[compatible_vector_array_pair5-&lt;lambda&gt;22]" time="0.8366398811340332"></testcase><testcase classname="src.pymortests.vectorarray" file="src/pymortests/vectorarray.py" line="546" name="test_dot[compatible_vector_array_pair5-&lt;lambda&gt;23]" time="0.01447916030883789"></testcase><testcase classname="src.pymortests.vectorarray" file="src/pymortests/vectorarray.py" line="546" name="test_dot[compatible_vector_array_pair5-&lt;lambda&gt;24]" time="0.004326343536376953"></testcase><testcase classname="src.pymortests.vectorarray" file="src/pymortests/vectorarray.py" line="546" name="test_dot[compatible_vector_array_pair5-&lt;lambda&gt;25]" time="0.00420832633972168"></testcase><testcase classname="src.pymortests.vectorarray" file="src/pymortests/vectorarray.py" line="546" name="test_dot[compatible_vector_array_pair5-&lt;lambda&gt;26]" time="0.06556153297424316"></testcase><testcase classname="src.pymortests.vectorarray" file="src/pymortests/vectorarray.py" line="546" name="test_dot[compatible_vector_array_pair5-&lt;lambda&gt;27]" time="0.10146427154541016"></testcase><testcase classname="src.pymortests.vectorarray" file="src/pymortests/vectorarray.py" line="546" name="test_dot[compatible_vector_array_pair5-&lt;lambda&gt;28]" time="0.7656464576721191"></testcase><testcase classname="src.pymortests.vectorarray" file="src/pymortests/vectorarray.py" line="546" name="test_dot[compatible_vector_array_pair5-&lt;lambda&gt;29]" time="0.016266822814941406"></testcase><testcase classname="src.pymortests.vectorarray" file="src/pymortests/vectorarray.py" line="546" name="test_dot[compatible_vector_array_pair6-&lt;lambda&gt;0]" time="0.0043277740478515625"></testcase><testcase classname="src.pymortests.vectorarray" file="src/pymortests/vectorarray.py" line="546" name="test_dot[compatible_vector_array_pair6-&lt;lambda&gt;1]" time="0.0023355484008789062"></testcase><testcase classname="src.pymortests.vectorarray" file="src/pymortests/vectorarray.py" line="546" name="test_dot[compatible_vector_array_pair6-&lt;lambda&gt;2]" time="0.007436513900756836"></testcase><testcase classname="src.pymortests.vectorarray" file="src/pymortests/vectorarray.py" line="546" name="test_dot[compatible_vector_array_pair6-&lt;lambda&gt;3]" time="0.009759187698364258"></testcase><testcase classname="src.pymortests.vectorarray" file="src/pymortests/vectorarray.py" line="546" name="test_dot[compatible_vector_array_pair6-&lt;lambda&gt;4]" time="0.014227151870727539"></testcase><testcase classname="src.pymortests.vectorarray" file="src/pymortests/vectorarray.py" line="546" name="test_dot[compatible_vector_array_pair6-&lt;lambda&gt;5]" time="0.008804082870483398"></testcase><testcase classname="src.pymortests.vectorarray" file="src/pymortests/vectorarray.py" line="546" name="test_dot[compatible_vector_array_pair6-&lt;lambda&gt;6]" time="0.0028290748596191406"></testcase><testcase classname="src.pymortests.vectorarray" file="src/pymortests/vectorarray.py" line="546" name="test_dot[compatible_vector_array_pair6-&lt;lambda&gt;7]" time="0.002075672149658203"></testcase><testcase classname="src.pymortests.vectorarray" file="src/pymortests/vectorarray.py" line="546" name="test_dot[compatible_vector_array_pair6-&lt;lambda&gt;8]" time="0.033203840255737305"></testcase><testcase classname="src.pymortests.vectorarray" file="src/pymortests/vectorarray.py" line="546" name="test_dot[compatible_vector_array_pair6-&lt;lambda&gt;9]" time="0.06517577171325684"></testcase><testcase classname="src.pymortests.vectorarray" file="src/pymortests/vectorarray.py" line="546" name="test_dot[compatible_vector_array_pair6-&lt;lambda&gt;10]" time="0.9430444240570068"></testcase><testcase classname="src.pymortests.vectorarray" file="src/pymortests/vectorarray.py" line="546" name="test_dot[compatible_vector_array_pair6-&lt;lambda&gt;11]" time="0.01106572151184082"></testcase><testcase classname="src.pymortests.vectorarray" file="src/pymortests/vectorarray.py" line="546" name="test_dot[compatible_vector_array_pair6-&lt;lambda&gt;12]" time="0.006148338317871094"></testcase><testcase classname="src.pymortests.vectorarray" file="src/pymortests/vectorarray.py" line="546" name="test_dot[compatible_vector_array_pair6-&lt;lambda&gt;13]" time="0.003500223159790039"></testcase><testcase classname="src.pymortests.vectorarray" file="src/pymortests/vectorarray.py" line="546" name="test_dot[compatible_vector_array_pair6-&lt;lambda&gt;14]" time="0.010358333587646484"></testcase><testcase classname="src.pymortests.vectorarray" file="src/pymortests/vectorarray.py" line="546" name="test_dot[compatible_vector_array_pair6-&lt;lambda&gt;15]" time="0.015310049057006836"></testcase><testcase classname="src.pymortests.vectorarray" file="src/pymortests/vectorarray.py" line="546" name="test_dot[compatible_vector_array_pair6-&lt;lambda&gt;16]" time="0.021549224853515625"></testcase><testcase classname="src.pymortests.vectorarray" file="src/pymortests/vectorarray.py" line="546" name="test_dot[compatible_vector_array_pair6-&lt;lambda&gt;17]" time="0.03249502182006836"></testcase><testcase classname="src.pymortests.vectorarray" file="src/pymortests/vectorarray.py" line="546" name="test_dot[compatible_vector_array_pair6-&lt;lambda&gt;18]" time="0.008909225463867188"></testcase><testcase classname="src.pymortests.vectorarray" file="src/pymortests/vectorarray.py" line="546" name="test_dot[compatible_vector_array_pair6-&lt;lambda&gt;19]" time="0.004536628723144531"></testcase><testcase classname="src.pymortests.vectorarray" file="src/pymortests/vectorarray.py" line="546" name="test_dot[compatible_vector_array_pair6-&lt;lambda&gt;20]" time="0.09132194519042969"></testcase><testcase classname="src.pymortests.vectorarray" file="src/pymortests/vectorarray.py" line="546" name="test_dot[compatible_vector_array_pair6-&lt;lambda&gt;21]" time="0.07208776473999023"></testcase><testcase classname="src.pymortests.vectorarray" file="src/pymortests/vectorarray.py" line="546" name="test_dot[compatible_vector_array_pair6-&lt;lambda&gt;22]" time="0.8429017066955566"></testcase><testcase classname="src.pymortests.vectorarray" file="src/pymortests/vectorarray.py" line="546" name="test_dot[compatible_vector_array_pair6-&lt;lambda&gt;23]" time="0.014650583267211914"></testcase><testcase classname="src.pymortests.vectorarray" file="src/pymortests/vectorarray.py" line="546" name="test_dot[compatible_vector_array_pair6-&lt;lambda&gt;24]" time="0.004319667816162109"></testcase><testcase classname="src.pymortests.vectorarray" file="src/pymortests/vectorarray.py" line="546" name="test_dot[compatible_vector_array_pair6-&lt;lambda&gt;25]" time="0.0032896995544433594"></testcase><testcase classname="src.pymortests.vectorarray" file="src/pymortests/vectorarray.py" line="546" name="test_dot[compatible_vector_array_pair6-&lt;lambda&gt;26]" time="0.04638338088989258"></testcase><testcase classname="src.pymortests.vectorarray" file="src/pymortests/vectorarray.py" line="546" name="test_dot[compatible_vector_array_pair6-&lt;lambda&gt;27]" time="0.0963752269744873"></testcase><testcase classname="src.pymortests.vectorarray" file="src/pymortests/vectorarray.py" line="546" name="test_dot[compatible_vector_array_pair6-&lt;lambda&gt;28]" time="0.7149608135223389"></testcase><testcase classname="src.pymortests.vectorarray" file="src/pymortests/vectorarray.py" line="546" name="test_dot[compatible_vector_array_pair6-&lt;lambda&gt;29]" time="0.015065670013427734"></testcase><testcase classname="src.pymortests.vectorarray" file="src/pymortests/vectorarray.py" line="546" name="test_dot[compatible_vector_array_pair7-&lt;lambda&gt;0]" time="0.004286289215087891"></testcase><testcase classname="src.pymortests.vectorarray" file="src/pymortests/vectorarray.py" line="546" name="test_dot[compatible_vector_array_pair7-&lt;lambda&gt;1]" time="0.002240419387817383"></testcase><testcase classname="src.pymortests.vectorarray" file="src/pymortests/vectorarray.py" line="546" name="test_dot[compatible_vector_array_pair7-&lt;lambda&gt;2]" time="0.007442474365234375"></testcase><testcase classname="src.pymortests.vectorarray" file="src/pymortests/vectorarray.py" line="546" name="test_dot[compatible_vector_array_pair7-&lt;lambda&gt;3]" time="0.009889841079711914"></testcase><testcase classname="src.pymortests.vectorarray" file="src/pymortests/vectorarray.py" line="546" name="test_dot[compatible_vector_array_pair7-&lt;lambda&gt;4]" time="0.014256715774536133"></testcase><testcase classname="src.pymortests.vectorarray" file="src/pymortests/vectorarray.py" line="546" name="test_dot[compatible_vector_array_pair7-&lt;lambda&gt;5]" time="0.009023666381835938"></testcase><testcase classname="src.pymortests.vectorarray" file="src/pymortests/vectorarray.py" line="546" name="test_dot[compatible_vector_array_pair7-&lt;lambda&gt;6]" time="0.0029425621032714844"></testcase><testcase classname="src.pymortests.vectorarray" file="src/pymortests/vectorarray.py" line="546" name="test_dot[compatible_vector_array_pair7-&lt;lambda&gt;7]" time="0.002299070358276367"></testcase><testcase classname="src.pymortests.vectorarray" file="src/pymortests/vectorarray.py" line="546" name="test_dot[compatible_vector_array_pair7-&lt;lambda&gt;8]" time="0.03258943557739258"></testcase><testcase classname="src.pymortests.vectorarray" file="src/pymortests/vectorarray.py" line="546" name="test_dot[compatible_vector_array_pair7-&lt;lambda&gt;9]" time="0.0648355484008789"></testcase><testcase classname="src.pymortests.vectorarray" file="src/pymortests/vectorarray.py" line="546" name="test_dot[compatible_vector_array_pair7-&lt;lambda&gt;10]" time="0.9409253597259521"></testcase><testcase classname="src.pymortests.vectorarray" file="src/pymortests/vectorarray.py" line="546" name="test_dot[compatible_vector_array_pair7-&lt;lambda&gt;11]" time="0.010977983474731445"></testcase><testcase classname="src.pymortests.vectorarray" file="src/pymortests/vectorarray.py" line="546" name="test_dot[compatible_vector_array_pair7-&lt;lambda&gt;12]" time="0.0062143802642822266"></testcase><testcase classname="src.pymortests.vectorarray" file="src/pymortests/vectorarray.py" line="546" name="test_dot[compatible_vector_array_pair7-&lt;lambda&gt;13]" time="0.003761768341064453"></testcase><testcase classname="src.pymortests.vectorarray" file="src/pymortests/vectorarray.py" line="546" name="test_dot[compatible_vector_array_pair7-&lt;lambda&gt;14]" time="0.010655641555786133"></testcase><testcase classname="src.pymortests.vectorarray" file="src/pymortests/vectorarray.py" line="546" name="test_dot[compatible_vector_array_pair7-&lt;lambda&gt;15]" time="0.01532435417175293"></testcase><testcase classname="src.pymortests.vectorarray" file="src/pymortests/vectorarray.py" line="546" name="test_dot[compatible_vector_array_pair7-&lt;lambda&gt;16]" time="0.021437883377075195"></testcase><testcase classname="src.pymortests.vectorarray" file="src/pymortests/vectorarray.py" line="546" name="test_dot[compatible_vector_array_pair7-&lt;lambda&gt;17]" time="0.03241920471191406"></testcase><testcase classname="src.pymortests.vectorarray" file="src/pymortests/vectorarray.py" line="546" name="test_dot[compatible_vector_array_pair7-&lt;lambda&gt;18]" time="0.008738040924072266"></testcase><testcase classname="src.pymortests.vectorarray" file="src/pymortests/vectorarray.py" line="546" name="test_dot[compatible_vector_array_pair7-&lt;lambda&gt;19]" time="0.0044744014739990234"></testcase><testcase classname="src.pymortests.vectorarray" file="src/pymortests/vectorarray.py" line="546" name="test_dot[compatible_vector_array_pair7-&lt;lambda&gt;20]" time="0.08940815925598145"></testcase><testcase classname="src.pymortests.vectorarray" file="src/pymortests/vectorarray.py" line="546" name="test_dot[compatible_vector_array_pair7-&lt;lambda&gt;21]" time="0.07226133346557617"></testcase><testcase classname="src.pymortests.vectorarray" file="src/pymortests/vectorarray.py" line="546" name="test_dot[compatible_vector_array_pair7-&lt;lambda&gt;22]" time="0.8389270305633545"></testcase><testcase classname="src.pymortests.vectorarray" file="src/pymortests/vectorarray.py" line="546" name="test_dot[compatible_vector_array_pair7-&lt;lambda&gt;23]" time="0.014206886291503906"></testcase><testcase classname="src.pymortests.vectorarray" file="src/pymortests/vectorarray.py" line="546" name="test_dot[compatible_vector_array_pair7-&lt;lambda&gt;24]" time="0.004215240478515625"></testcase><testcase classname="src.pymortests.vectorarray" file="src/pymortests/vectorarray.py" line="546" name="test_dot[compatible_vector_array_pair7-&lt;lambda&gt;25]" time="0.0040051937103271484"></testcase><testcase classname="src.pymortests.vectorarray" file="src/pymortests/vectorarray.py" line="546" name="test_dot[compatible_vector_array_pair7-&lt;lambda&gt;26]" time="0.06490969657897949"></testcase><testcase classname="src.pymortests.vectorarray" file="src/pymortests/vectorarray.py" line="546" name="test_dot[compatible_vector_array_pair7-&lt;lambda&gt;27]" time="0.10164666175842285"></testcase><testcase classname="src.pymortests.vectorarray" file="src/pymortests/vectorarray.py" line="546" name="test_dot[compatible_vector_array_pair7-&lt;lambda&gt;28]" time="0.7678482532501221"></testcase><testcase classname="src.pymortests.vectorarray" file="src/pymortests/vectorarray.py" line="546" name="test_dot[compatible_vector_array_pair7-&lt;lambda&gt;29]" time="0.0162966251373291"></testcase><testcase classname="src.pymortests.vectorarray" file="src/pymortests/vectorarray.py" line="546" name="test_dot[compatible_vector_array_pair8-&lt;lambda&gt;0]" time="0.004163980484008789"></testcase><testcase classname="src.pymortests.vectorarray" file="src/pymortests/vectorarray.py" line="546" name="test_dot[compatible_vector_array_pair8-&lt;lambda&gt;1]" time="0.0022225379943847656"></testcase><testcase classname="src.pymortests.vectorarray" file="src/pymortests/vectorarray.py" line="546" name="test_dot[compatible_vector_array_pair8-&lt;lambda&gt;2]" time="0.007599353790283203"></testcase><testcase classname="src.pymortests.vectorarray" file="src/pymortests/vectorarray.py" line="546" name="test_dot[compatible_vector_array_pair8-&lt;lambda&gt;3]" time="0.009716510772705078"></testcase><testcase classname="src.pymortests.vectorarray" file="src/pymortests/vectorarray.py" line="546" name="test_dot[compatible_vector_array_pair8-&lt;lambda&gt;4]" time="0.014574289321899414"></testcase><testcase classname="src.pymortests.vectorarray" file="src/pymortests/vectorarray.py" line="546" name="test_dot[compatible_vector_array_pair8-&lt;lambda&gt;5]" time="0.008857488632202148"></testcase><testcase classname="src.pymortests.vectorarray" file="src/pymortests/vectorarray.py" line="546" name="test_dot[compatible_vector_array_pair8-&lt;lambda&gt;6]" time="0.0029795169830322266"></testcase><testcase classname="src.pymortests.vectorarray" file="src/pymortests/vectorarray.py" line="546" name="test_dot[compatible_vector_array_pair8-&lt;lambda&gt;7]" time="0.002224445343017578"></testcase><testcase classname="src.pymortests.vectorarray" file="src/pymortests/vectorarray.py" line="546" name="test_dot[compatible_vector_array_pair8-&lt;lambda&gt;8]" time="0.03409242630004883"></testcase><testcase classname="src.pymortests.vectorarray" file="src/pymortests/vectorarray.py" line="546" name="test_dot[compatible_vector_array_pair8-&lt;lambda&gt;9]" time="0.06505560874938965"></testcase><testcase classname="src.pymortests.vectorarray" file="src/pymortests/vectorarray.py" line="546" name="test_dot[compatible_vector_array_pair8-&lt;lambda&gt;10]" time="0.9369688034057617"></testcase><testcase classname="src.pymortests.vectorarray" file="src/pymortests/vectorarray.py" line="546" name="test_dot[compatible_vector_array_pair8-&lt;lambda&gt;11]" time="0.011110782623291016"></testcase><testcase classname="src.pymortests.vectorarray" file="src/pymortests/vectorarray.py" line="546" name="test_dot[compatible_vector_array_pair8-&lt;lambda&gt;12]" time="0.0063686370849609375"></testcase><testcase classname="src.pymortests.vectorarray" file="src/pymortests/vectorarray.py" line="546" name="test_dot[compatible_vector_array_pair8-&lt;lambda&gt;13]" time="0.003714323043823242"></testcase><testcase classname="src.pymortests.vectorarray" file="src/pymortests/vectorarray.py" line="546" name="test_dot[compatible_vector_array_pair8-&lt;lambda&gt;14]" time="0.010572433471679688"></testcase><testcase classname="src.pymortests.vectorarray" file="src/pymortests/vectorarray.py" line="546" name="test_dot[compatible_vector_array_pair8-&lt;lambda&gt;15]" time="0.015271186828613281"></testcase><testcase classname="src.pymortests.vectorarray" file="src/pymortests/vectorarray.py" line="546" name="test_dot[compatible_vector_array_pair8-&lt;lambda&gt;16]" time="0.021534204483032227"></testcase><testcase classname="src.pymortests.vectorarray" file="src/pymortests/vectorarray.py" line="546" name="test_dot[compatible_vector_array_pair8-&lt;lambda&gt;17]" time="0.03223586082458496"></testcase><testcase classname="src.pymortests.vectorarray" file="src/pymortests/vectorarray.py" line="546" name="test_dot[compatible_vector_array_pair8-&lt;lambda&gt;18]" time="0.008663177490234375"></testcase><testcase classname="src.pymortests.vectorarray" file="src/pymortests/vectorarray.py" line="546" name="test_dot[compatible_vector_array_pair8-&lt;lambda&gt;19]" time="0.004594564437866211"></testcase><testcase classname="src.pymortests.vectorarray" file="src/pymortests/vectorarray.py" line="546" name="test_dot[compatible_vector_array_pair8-&lt;lambda&gt;20]" time="0.0874323844909668"></testcase><testcase classname="src.pymortests.vectorarray" file="src/pymortests/vectorarray.py" line="546" name="test_dot[compatible_vector_array_pair8-&lt;lambda&gt;21]" time="0.0737767219543457"></testcase><testcase classname="src.pymortests.vectorarray" file="src/pymortests/vectorarray.py" line="546" name="test_dot[compatible_vector_array_pair8-&lt;lambda&gt;22]" time="0.836463212966919"></testcase><testcase classname="src.pymortests.vectorarray" file="src/pymortests/vectorarray.py" line="546" name="test_dot[compatible_vector_array_pair8-&lt;lambda&gt;23]" time="0.014173030853271484"></testcase><testcase classname="src.pymortests.vectorarray" file="src/pymortests/vectorarray.py" line="546" name="test_dot[compatible_vector_array_pair8-&lt;lambda&gt;24]" time="0.004218339920043945"></testcase><testcase classname="src.pymortests.vectorarray" file="src/pymortests/vectorarray.py" line="546" name="test_dot[compatible_vector_array_pair8-&lt;lambda&gt;25]" time="0.004191160202026367"></testcase><testcase classname="src.pymortests.vectorarray" file="src/pymortests/vectorarray.py" line="546" name="test_dot[compatible_vector_array_pair8-&lt;lambda&gt;26]" time="0.06581282615661621"></testcase><testcase classname="src.pymortests.vectorarray" file="src/pymortests/vectorarray.py" line="546" name="test_dot[compatible_vector_array_pair8-&lt;lambda&gt;27]" time="0.10066413879394531"></testcase><testcase classname="src.pymortests.vectorarray" file="src/pymortests/vectorarray.py" line="546" name="test_dot[compatible_vector_array_pair8-&lt;lambda&gt;28]" time="0.7680392265319824"></testcase><testcase classname="src.pymortests.vectorarray" file="src/pymortests/vectorarray.py" line="546" name="test_dot[compatible_vector_array_pair8-&lt;lambda&gt;29]" time="0.01636219024658203"></testcase><testcase classname="src.pymortests.vectorarray" file="src/pymortests/vectorarray.py" line="561" name="test_dot_self[0-&lt;lambda&gt;0]" time="0.005127668380737305"></testcase><testcase classname="src.pymortests.vectorarray" file="src/pymortests/vectorarray.py" line="561" name="test_dot_self[0-&lt;lambda&gt;1]" time="0.004014015197753906"></testcase><testcase classname="src.pymortests.vectorarray" file="src/pymortests/vectorarray.py" line="561" name="test_dot_self[0-&lt;lambda&gt;2]" time="0.007557868957519531"></testcase><testcase classname="src.pymortests.vectorarray" file="src/pymortests/vectorarray.py" line="561" name="test_dot_self[0-&lt;lambda&gt;3]" time="0.014400482177734375"></testcase><testcase classname="src.pymortests.vectorarray" file="src/pymortests/vectorarray.py" line="561" name="test_dot_self[0-&lt;lambda&gt;4]" time="0.018048763275146484"></testcase><testcase classname="src.pymortests.vectorarray" file="src/pymortests/vectorarray.py" line="561" name="test_dot_self[0-&lt;lambda&gt;5]" time="0.0049228668212890625"></testcase><testcase classname="src.pymortests.vectorarray" file="src/pymortests/vectorarray.py" line="561" name="test_dot_self[0-&lt;lambda&gt;6]" time="0.003637075424194336"></testcase><testcase classname="src.pymortests.vectorarray" file="src/pymortests/vectorarray.py" line="561" name="test_dot_self[0-&lt;lambda&gt;7]" time="0.015799999237060547"></testcase><testcase classname="src.pymortests.vectorarray" file="src/pymortests/vectorarray.py" line="561" name="test_dot_self[0-&lt;lambda&gt;8]" time="0.42352867126464844"></testcase><testcase classname="src.pymortests.vectorarray" file="src/pymortests/vectorarray.py" line="561" name="test_dot_self[0-&lt;lambda&gt;9]" time="2.202268123626709"></testcase><testcase classname="src.pymortests.vectorarray" file="src/pymortests/vectorarray.py" line="561" name="test_dot_self[0-&lt;lambda&gt;10]" time="0.007372856140136719"></testcase><testcase classname="src.pymortests.vectorarray" file="src/pymortests/vectorarray.py" line="561" name="test_dot_self[0-&lt;lambda&gt;11]" time="0.017876148223876953"></testcase><testcase classname="src.pymortests.vectorarray" file="src/pymortests/vectorarray.py" line="561" name="test_dot_self[0-&lt;lambda&gt;12]" time="0.018815040588378906"></testcase><testcase classname="src.pymortests.vectorarray" file="src/pymortests/vectorarray.py" line="561" name="test_dot_self[0-&lt;lambda&gt;13]" time="0.011794805526733398"></testcase><testcase classname="src.pymortests.vectorarray" file="src/pymortests/vectorarray.py" line="561" name="test_dot_self[0-&lt;lambda&gt;14]" time="0.019762516021728516"></testcase><testcase classname="src.pymortests.vectorarray" file="src/pymortests/vectorarray.py" line="561" name="test_dot_self[0-&lt;lambda&gt;15]" time="0.0317387580871582"></testcase><testcase classname="src.pymortests.vectorarray" file="src/pymortests/vectorarray.py" line="561" name="test_dot_self[0-&lt;lambda&gt;16]" time="0.041493892669677734"></testcase><testcase classname="src.pymortests.vectorarray" file="src/pymortests/vectorarray.py" line="561" name="test_dot_self[0-&lt;lambda&gt;17]" time="0.009764432907104492"></testcase><testcase classname="src.pymortests.vectorarray" file="src/pymortests/vectorarray.py" line="561" name="test_dot_self[0-&lt;lambda&gt;18]" time="0.009562015533447266"></testcase><testcase classname="src.pymortests.vectorarray" file="src/pymortests/vectorarray.py" line="561" name="test_dot_self[0-&lt;lambda&gt;19]" time="0.021155834197998047"></testcase><testcase classname="src.pymortests.vectorarray" file="src/pymortests/vectorarray.py" line="561" name="test_dot_self[0-&lt;lambda&gt;20]" time="0.362168550491333"></testcase><testcase classname="src.pymortests.vectorarray" file="src/pymortests/vectorarray.py" line="561" name="test_dot_self[0-&lt;lambda&gt;21]" time="2.030317544937134"></testcase><testcase classname="src.pymortests.vectorarray" file="src/pymortests/vectorarray.py" line="561" name="test_dot_self[0-&lt;lambda&gt;22]" time="0.004653215408325195"></testcase><testcase classname="src.pymortests.vectorarray" file="src/pymortests/vectorarray.py" line="561" name="test_dot_self[0-&lt;lambda&gt;23]" time="0.0038030147552490234"></testcase><testcase classname="src.pymortests.vectorarray" file="src/pymortests/vectorarray.py" line="561" name="test_dot_self[0-&lt;lambda&gt;24]" time="0.012892961502075195"></testcase><testcase classname="src.pymortests.vectorarray" file="src/pymortests/vectorarray.py" line="561" name="test_dot_self[0-&lt;lambda&gt;25]" time="0.2778935432434082"></testcase><testcase classname="src.pymortests.vectorarray" file="src/pymortests/vectorarray.py" line="561" name="test_dot_self[0-&lt;lambda&gt;26]" time="1.3311665058135986"></testcase><testcase classname="src.pymortests.vectorarray" file="src/pymortests/vectorarray.py" line="561" name="test_dot_self[1-&lt;lambda&gt;0]" time="0.005178213119506836"></testcase><testcase classname="src.pymortests.vectorarray" file="src/pymortests/vectorarray.py" line="561" name="test_dot_self[1-&lt;lambda&gt;1]" time="0.0042247772216796875"></testcase><testcase classname="src.pymortests.vectorarray" file="src/pymortests/vectorarray.py" line="561" name="test_dot_self[1-&lt;lambda&gt;2]" time="0.007866859436035156"></testcase><testcase classname="src.pymortests.vectorarray" file="src/pymortests/vectorarray.py" line="561" name="test_dot_self[1-&lt;lambda&gt;3]" time="0.014902591705322266"></testcase><testcase classname="src.pymortests.vectorarray" file="src/pymortests/vectorarray.py" line="561" name="test_dot_self[1-&lt;lambda&gt;4]" time="0.0187530517578125"></testcase><testcase classname="src.pymortests.vectorarray" file="src/pymortests/vectorarray.py" line="561" name="test_dot_self[1-&lt;lambda&gt;5]" time="0.005140066146850586"></testcase><testcase classname="src.pymortests.vectorarray" file="src/pymortests/vectorarray.py" line="561" name="test_dot_self[1-&lt;lambda&gt;6]" time="0.0036058425903320312"></testcase><testcase classname="src.pymortests.vectorarray" file="src/pymortests/vectorarray.py" line="561" name="test_dot_self[1-&lt;lambda&gt;7]" time="0.016567707061767578"></testcase><testcase classname="src.pymortests.vectorarray" file="src/pymortests/vectorarray.py" line="561" name="test_dot_self[1-&lt;lambda&gt;8]" time="0.43073272705078125"></testcase><testcase classname="src.pymortests.vectorarray" file="src/pymortests/vectorarray.py" line="561" name="test_dot_self[1-&lt;lambda&gt;9]" time="2.2324233055114746"></testcase><testcase classname="src.pymortests.vectorarray" file="src/pymortests/vectorarray.py" line="561" name="test_dot_self[1-&lt;lambda&gt;10]" time="0.007578372955322266"></testcase><testcase classname="src.pymortests.vectorarray" file="src/pymortests/vectorarray.py" line="561" name="test_dot_self[1-&lt;lambda&gt;11]" time="0.01826643943786621"></testcase><testcase classname="src.pymortests.vectorarray" file="src/pymortests/vectorarray.py" line="561" name="test_dot_self[1-&lt;lambda&gt;12]" time="0.019266843795776367"></testcase><testcase classname="src.pymortests.vectorarray" file="src/pymortests/vectorarray.py" line="561" name="test_dot_self[1-&lt;lambda&gt;13]" time="0.011904478073120117"></testcase><testcase classname="src.pymortests.vectorarray" file="src/pymortests/vectorarray.py" line="561" name="test_dot_self[1-&lt;lambda&gt;14]" time="0.020151615142822266"></testcase><testcase classname="src.pymortests.vectorarray" file="src/pymortests/vectorarray.py" line="561" name="test_dot_self[1-&lt;lambda&gt;15]" time="0.03305172920227051"></testcase><testcase classname="src.pymortests.vectorarray" file="src/pymortests/vectorarray.py" line="561" name="test_dot_self[1-&lt;lambda&gt;16]" time="0.04272055625915527"></testcase><testcase classname="src.pymortests.vectorarray" file="src/pymortests/vectorarray.py" line="561" name="test_dot_self[1-&lt;lambda&gt;17]" time="0.010090351104736328"></testcase><testcase classname="src.pymortests.vectorarray" file="src/pymortests/vectorarray.py" line="561" name="test_dot_self[1-&lt;lambda&gt;18]" time="0.0099639892578125"></testcase><testcase classname="src.pymortests.vectorarray" file="src/pymortests/vectorarray.py" line="561" name="test_dot_self[1-&lt;lambda&gt;19]" time="0.02205204963684082"></testcase><testcase classname="src.pymortests.vectorarray" file="src/pymortests/vectorarray.py" line="561" name="test_dot_self[1-&lt;lambda&gt;20]" time="0.37169337272644043"></testcase><testcase classname="src.pymortests.vectorarray" file="src/pymortests/vectorarray.py" line="561" name="test_dot_self[1-&lt;lambda&gt;21]" time="1.8777308464050293"></testcase><testcase classname="src.pymortests.vectorarray" file="src/pymortests/vectorarray.py" line="561" name="test_dot_self[1-&lt;lambda&gt;22]" time="0.005002021789550781"></testcase><testcase classname="src.pymortests.vectorarray" file="src/pymortests/vectorarray.py" line="561" name="test_dot_self[1-&lt;lambda&gt;23]" time="0.004098415374755859"></testcase><testcase classname="src.pymortests.vectorarray" file="src/pymortests/vectorarray.py" line="561" name="test_dot_self[1-&lt;lambda&gt;24]" time="0.014254093170166016"></testcase><testcase classname="src.pymortests.vectorarray" file="src/pymortests/vectorarray.py" line="561" name="test_dot_self[1-&lt;lambda&gt;25]" time="0.30315327644348145"></testcase><testcase classname="src.pymortests.vectorarray" file="src/pymortests/vectorarray.py" line="561" name="test_dot_self[1-&lt;lambda&gt;26]" time="1.3968276977539062"></testcase><testcase classname="src.pymortests.vectorarray" file="src/pymortests/vectorarray.py" line="561" name="test_dot_self[2-&lt;lambda&gt;0]" time="0.005039215087890625"></testcase><testcase classname="src.pymortests.vectorarray" file="src/pymortests/vectorarray.py" line="561" name="test_dot_self[2-&lt;lambda&gt;1]" time="0.004057168960571289"></testcase><testcase classname="src.pymortests.vectorarray" file="src/pymortests/vectorarray.py" line="561" name="test_dot_self[2-&lt;lambda&gt;2]" time="0.008018016815185547"></testcase><testcase classname="src.pymortests.vectorarray" file="src/pymortests/vectorarray.py" line="561" name="test_dot_self[2-&lt;lambda&gt;3]" time="0.015581607818603516"></testcase><testcase classname="src.pymortests.vectorarray" file="src/pymortests/vectorarray.py" line="561" name="test_dot_self[2-&lt;lambda&gt;4]" time="0.01938176155090332"></testcase><testcase classname="src.pymortests.vectorarray" file="src/pymortests/vectorarray.py" line="561" name="test_dot_self[2-&lt;lambda&gt;5]" time="0.0051305294036865234"></testcase><testcase classname="src.pymortests.vectorarray" file="src/pymortests/vectorarray.py" line="561" name="test_dot_self[2-&lt;lambda&gt;6]" time="0.0039823055267333984"></testcase><testcase classname="src.pymortests.vectorarray" file="src/pymortests/vectorarray.py" line="561" name="test_dot_self[2-&lt;lambda&gt;7]" time="0.01624298095703125"></testcase><testcase classname="src.pymortests.vectorarray" file="src/pymortests/vectorarray.py" line="561" name="test_dot_self[2-&lt;lambda&gt;8]" time="0.43055272102355957"></testcase><testcase classname="src.pymortests.vectorarray" file="src/pymortests/vectorarray.py" line="561" name="test_dot_self[2-&lt;lambda&gt;9]" time="2.306360960006714"></testcase><testcase classname="src.pymortests.vectorarray" file="src/pymortests/vectorarray.py" line="561" name="test_dot_self[2-&lt;lambda&gt;10]" time="0.008495330810546875"></testcase><testcase classname="src.pymortests.vectorarray" file="src/pymortests/vectorarray.py" line="561" name="test_dot_self[2-&lt;lambda&gt;11]" time="0.020821571350097656"></testcase><testcase classname="src.pymortests.vectorarray" file="src/pymortests/vectorarray.py" line="561" name="test_dot_self[2-&lt;lambda&gt;12]" time="0.020489215850830078"></testcase><testcase classname="src.pymortests.vectorarray" file="src/pymortests/vectorarray.py" line="561" name="test_dot_self[2-&lt;lambda&gt;13]" time="0.013150691986083984"></testcase><testcase classname="src.pymortests.vectorarray" file="src/pymortests/vectorarray.py" line="561" name="test_dot_self[2-&lt;lambda&gt;14]" time="0.021553993225097656"></testcase><testcase classname="src.pymortests.vectorarray" file="src/pymortests/vectorarray.py" line="561" name="test_dot_self[2-&lt;lambda&gt;15]" time="0.03449845314025879"></testcase><testcase classname="src.pymortests.vectorarray" file="src/pymortests/vectorarray.py" line="561" name="test_dot_self[2-&lt;lambda&gt;16]" time="0.04486441612243652"></testcase><testcase classname="src.pymortests.vectorarray" file="src/pymortests/vectorarray.py" line="561" name="test_dot_self[2-&lt;lambda&gt;17]" time="0.010403871536254883"></testcase><testcase classname="src.pymortests.vectorarray" file="src/pymortests/vectorarray.py" line="561" name="test_dot_self[2-&lt;lambda&gt;18]" time="0.010735034942626953"></testcase><testcase classname="src.pymortests.vectorarray" file="src/pymortests/vectorarray.py" line="561" name="test_dot_self[2-&lt;lambda&gt;19]" time="0.02370738983154297"></testcase><testcase classname="src.pymortests.vectorarray" file="src/pymortests/vectorarray.py" line="561" name="test_dot_self[2-&lt;lambda&gt;20]" time="0.3848838806152344"></testcase><testcase classname="src.pymortests.vectorarray" file="src/pymortests/vectorarray.py" line="561" name="test_dot_self[2-&lt;lambda&gt;21]" time="1.9620368480682373"></testcase><testcase classname="src.pymortests.vectorarray" file="src/pymortests/vectorarray.py" line="561" name="test_dot_self[2-&lt;lambda&gt;22]" time="0.0051462650299072266"></testcase><testcase classname="src.pymortests.vectorarray" file="src/pymortests/vectorarray.py" line="561" name="test_dot_self[2-&lt;lambda&gt;23]" time="0.0040836334228515625"></testcase><testcase classname="src.pymortests.vectorarray" file="src/pymortests/vectorarray.py" line="561" name="test_dot_self[2-&lt;lambda&gt;24]" time="0.014883756637573242"></testcase><testcase classname="src.pymortests.vectorarray" file="src/pymortests/vectorarray.py" line="561" name="test_dot_self[2-&lt;lambda&gt;25]" time="0.3149416446685791"></testcase><testcase classname="src.pymortests.vectorarray" file="src/pymortests/vectorarray.py" line="561" name="test_dot_self[2-&lt;lambda&gt;26]" time="1.4019696712493896"></testcase><testcase classname="src.pymortests.vectorarray" file="src/pymortests/vectorarray.py" line="579" name="test_lincomb_1d[0-&lt;lambda&gt;0]" time="0.00341033935546875"></testcase><testcase classname="src.pymortests.vectorarray" file="src/pymortests/vectorarray.py" line="579" name="test_lincomb_1d[0-&lt;lambda&gt;1]" time="0.002635478973388672"></testcase><testcase classname="src.pymortests.vectorarray" file="src/pymortests/vectorarray.py" line="579" name="test_lincomb_1d[0-&lt;lambda&gt;2]" time="0.004008054733276367"></testcase><testcase classname="src.pymortests.vectorarray" file="src/pymortests/vectorarray.py" line="579" name="test_lincomb_1d[0-&lt;lambda&gt;3]" time="0.012201786041259766"></testcase><testcase classname="src.pymortests.vectorarray" file="src/pymortests/vectorarray.py" line="579" name="test_lincomb_1d[0-&lt;lambda&gt;4]" time="0.022396564483642578"></testcase><testcase classname="src.pymortests.vectorarray" file="src/pymortests/vectorarray.py" line="579" name="test_lincomb_1d[0-&lt;lambda&gt;5]" time="0.004195690155029297"></testcase><testcase classname="src.pymortests.vectorarray" file="src/pymortests/vectorarray.py" line="579" name="test_lincomb_1d[0-&lt;lambda&gt;6]" time="0.0029134750366210938"></testcase><testcase classname="src.pymortests.vectorarray" file="src/pymortests/vectorarray.py" line="579" name="test_lincomb_1d[0-&lt;lambda&gt;7]" time="0.0051364898681640625"></testcase><testcase classname="src.pymortests.vectorarray" file="src/pymortests/vectorarray.py" line="579" name="test_lincomb_1d[0-&lt;lambda&gt;8]" time="0.019464969635009766"></testcase><testcase classname="src.pymortests.vectorarray" file="src/pymortests/vectorarray.py" line="579" name="test_lincomb_1d[0-&lt;lambda&gt;9]" time="0.03876519203186035"></testcase><testcase classname="src.pymortests.vectorarray" file="src/pymortests/vectorarray.py" line="579" name="test_lincomb_1d[0-&lt;lambda&gt;10]" time="0.005784511566162109"></testcase><testcase classname="src.pymortests.vectorarray" file="src/pymortests/vectorarray.py" line="579" name="test_lincomb_1d[0-&lt;lambda&gt;11]" time="0.009505510330200195"></testcase><testcase classname="src.pymortests.vectorarray" file="src/pymortests/vectorarray.py" line="579" name="test_lincomb_1d[0-&lt;lambda&gt;12]" time="0.008605003356933594"></testcase><testcase classname="src.pymortests.vectorarray" file="src/pymortests/vectorarray.py" line="579" name="test_lincomb_1d[0-&lt;lambda&gt;13]" time="0.006087541580200195"></testcase><testcase classname="src.pymortests.vectorarray" file="src/pymortests/vectorarray.py" line="579" name="test_lincomb_1d[0-&lt;lambda&gt;14]" time="0.009107589721679688"></testcase><testcase classname="src.pymortests.vectorarray" file="src/pymortests/vectorarray.py" line="579" name="test_lincomb_1d[0-&lt;lambda&gt;15]" time="0.040987491607666016"></testcase><testcase classname="src.pymortests.vectorarray" file="src/pymortests/vectorarray.py" line="579" name="test_lincomb_1d[0-&lt;lambda&gt;16]" time="0.08187675476074219"></testcase><testcase classname="src.pymortests.vectorarray" file="src/pymortests/vectorarray.py" line="579" name="test_lincomb_1d[0-&lt;lambda&gt;17]" time="0.009604692459106445"></testcase><testcase classname="src.pymortests.vectorarray" file="src/pymortests/vectorarray.py" line="579" name="test_lincomb_1d[0-&lt;lambda&gt;18]" time="0.010086297988891602"></testcase><testcase classname="src.pymortests.vectorarray" file="src/pymortests/vectorarray.py" line="579" name="test_lincomb_1d[0-&lt;lambda&gt;19]" time="0.024663925170898438"></testcase><testcase classname="src.pymortests.vectorarray" file="src/pymortests/vectorarray.py" line="579" name="test_lincomb_1d[0-&lt;lambda&gt;20]" time="0.041352033615112305"></testcase><testcase classname="src.pymortests.vectorarray" file="src/pymortests/vectorarray.py" line="579" name="test_lincomb_1d[0-&lt;lambda&gt;21]" time="0.07882571220397949"></testcase><testcase classname="src.pymortests.vectorarray" file="src/pymortests/vectorarray.py" line="579" name="test_lincomb_1d[0-&lt;lambda&gt;22]" time="0.025289058685302734"></testcase><testcase classname="src.pymortests.vectorarray" file="src/pymortests/vectorarray.py" line="579" name="test_lincomb_1d[0-&lt;lambda&gt;23]" time="0.02450084686279297"></testcase><testcase classname="src.pymortests.vectorarray" file="src/pymortests/vectorarray.py" line="579" name="test_lincomb_1d[0-&lt;lambda&gt;24]" time="0.03184103965759277"></testcase><testcase classname="src.pymortests.vectorarray" file="src/pymortests/vectorarray.py" line="579" name="test_lincomb_1d[0-&lt;lambda&gt;25]" time="0.07805848121643066"></testcase><testcase classname="src.pymortests.vectorarray" file="src/pymortests/vectorarray.py" line="579" name="test_lincomb_1d[0-&lt;lambda&gt;26]" time="0.13997197151184082"></testcase><testcase classname="src.pymortests.vectorarray" file="src/pymortests/vectorarray.py" line="579" name="test_lincomb_1d[1-&lt;lambda&gt;0]" time="0.003694772720336914"></testcase><testcase classname="src.pymortests.vectorarray" file="src/pymortests/vectorarray.py" line="579" name="test_lincomb_1d[1-&lt;lambda&gt;1]" time="0.0026845932006835938"></testcase><testcase classname="src.pymortests.vectorarray" file="src/pymortests/vectorarray.py" line="579" name="test_lincomb_1d[1-&lt;lambda&gt;2]" time="0.004354953765869141"></testcase><testcase classname="src.pymortests.vectorarray" file="src/pymortests/vectorarray.py" line="579" name="test_lincomb_1d[1-&lt;lambda&gt;3]" time="0.011698484420776367"></testcase><testcase classname="src.pymortests.vectorarray" file="src/pymortests/vectorarray.py" line="579" name="test_lincomb_1d[1-&lt;lambda&gt;4]" time="0.022754192352294922"></testcase><testcase classname="src.pymortests.vectorarray" file="src/pymortests/vectorarray.py" line="579" name="test_lincomb_1d[1-&lt;lambda&gt;5]" time="0.0042607784271240234"></testcase><testcase classname="src.pymortests.vectorarray" file="src/pymortests/vectorarray.py" line="579" name="test_lincomb_1d[1-&lt;lambda&gt;6]" time="0.002988576889038086"></testcase><testcase classname="src.pymortests.vectorarray" file="src/pymortests/vectorarray.py" line="579" name="test_lincomb_1d[1-&lt;lambda&gt;7]" time="0.005579233169555664"></testcase><testcase classname="src.pymortests.vectorarray" file="src/pymortests/vectorarray.py" line="579" name="test_lincomb_1d[1-&lt;lambda&gt;8]" time="0.020461559295654297"></testcase><testcase classname="src.pymortests.vectorarray" file="src/pymortests/vectorarray.py" line="579" name="test_lincomb_1d[1-&lt;lambda&gt;9]" time="0.03959321975708008"></testcase><testcase classname="src.pymortests.vectorarray" file="src/pymortests/vectorarray.py" line="579" name="test_lincomb_1d[1-&lt;lambda&gt;10]" time="0.0058825016021728516"></testcase><testcase classname="src.pymortests.vectorarray" file="src/pymortests/vectorarray.py" line="579" name="test_lincomb_1d[1-&lt;lambda&gt;11]" time="0.009643793106079102"></testcase><testcase classname="src.pymortests.vectorarray" file="src/pymortests/vectorarray.py" line="579" name="test_lincomb_1d[1-&lt;lambda&gt;12]" time="0.008806228637695312"></testcase><testcase classname="src.pymortests.vectorarray" file="src/pymortests/vectorarray.py" line="579" name="test_lincomb_1d[1-&lt;lambda&gt;13]" time="0.005918025970458984"></testcase><testcase classname="src.pymortests.vectorarray" file="src/pymortests/vectorarray.py" line="579" name="test_lincomb_1d[1-&lt;lambda&gt;14]" time="0.00914621353149414"></testcase><testcase classname="src.pymortests.vectorarray" file="src/pymortests/vectorarray.py" line="579" name="test_lincomb_1d[1-&lt;lambda&gt;15]" time="0.038999080657958984"></testcase><testcase classname="src.pymortests.vectorarray" file="src/pymortests/vectorarray.py" line="579" name="test_lincomb_1d[1-&lt;lambda&gt;16]" time="0.08330512046813965"></testcase><testcase classname="src.pymortests.vectorarray" file="src/pymortests/vectorarray.py" line="579" name="test_lincomb_1d[1-&lt;lambda&gt;17]" time="0.009830474853515625"></testcase><testcase classname="src.pymortests.vectorarray" file="src/pymortests/vectorarray.py" line="579" name="test_lincomb_1d[1-&lt;lambda&gt;18]" time="0.009996414184570312"></testcase><testcase classname="src.pymortests.vectorarray" file="src/pymortests/vectorarray.py" line="579" name="test_lincomb_1d[1-&lt;lambda&gt;19]" time="0.024690628051757812"></testcase><testcase classname="src.pymortests.vectorarray" file="src/pymortests/vectorarray.py" line="579" name="test_lincomb_1d[1-&lt;lambda&gt;20]" time="0.04152083396911621"></testcase><testcase classname="src.pymortests.vectorarray" file="src/pymortests/vectorarray.py" line="579" name="test_lincomb_1d[1-&lt;lambda&gt;21]" time="0.07887148857116699"></testcase><testcase classname="src.pymortests.vectorarray" file="src/pymortests/vectorarray.py" line="579" name="test_lincomb_1d[1-&lt;lambda&gt;22]" time="0.025133132934570312"></testcase><testcase classname="src.pymortests.vectorarray" file="src/pymortests/vectorarray.py" line="579" name="test_lincomb_1d[1-&lt;lambda&gt;23]" time="0.024343490600585938"></testcase><testcase classname="src.pymortests.vectorarray" file="src/pymortests/vectorarray.py" line="579" name="test_lincomb_1d[1-&lt;lambda&gt;24]" time="0.032763004302978516"></testcase><testcase classname="src.pymortests.vectorarray" file="src/pymortests/vectorarray.py" line="579" name="test_lincomb_1d[1-&lt;lambda&gt;25]" time="0.07927775382995605"></testcase><testcase classname="src.pymortests.vectorarray" file="src/pymortests/vectorarray.py" line="579" name="test_lincomb_1d[1-&lt;lambda&gt;26]" time="0.14118361473083496"></testcase><testcase classname="src.pymortests.vectorarray" file="src/pymortests/vectorarray.py" line="579" name="test_lincomb_1d[2-&lt;lambda&gt;0]" time="0.003684520721435547"></testcase><testcase classname="src.pymortests.vectorarray" file="src/pymortests/vectorarray.py" line="579" name="test_lincomb_1d[2-&lt;lambda&gt;1]" time="0.002741098403930664"></testcase><testcase classname="src.pymortests.vectorarray" file="src/pymortests/vectorarray.py" line="579" name="test_lincomb_1d[2-&lt;lambda&gt;2]" time="0.004003763198852539"></testcase><testcase classname="src.pymortests.vectorarray" file="src/pymortests/vectorarray.py" line="579" name="test_lincomb_1d[2-&lt;lambda&gt;3]" time="0.011678218841552734"></testcase><testcase classname="src.pymortests.vectorarray" file="src/pymortests/vectorarray.py" line="579" name="test_lincomb_1d[2-&lt;lambda&gt;4]" time="0.022405385971069336"></testcase><testcase classname="src.pymortests.vectorarray" file="src/pymortests/vectorarray.py" line="579" name="test_lincomb_1d[2-&lt;lambda&gt;5]" time="0.004247903823852539"></testcase><testcase classname="src.pymortests.vectorarray" file="src/pymortests/vectorarray.py" line="579" name="test_lincomb_1d[2-&lt;lambda&gt;6]" time="0.0030670166015625"></testcase><testcase classname="src.pymortests.vectorarray" file="src/pymortests/vectorarray.py" line="579" name="test_lincomb_1d[2-&lt;lambda&gt;7]" time="0.005372285842895508"></testcase><testcase classname="src.pymortests.vectorarray" file="src/pymortests/vectorarray.py" line="579" name="test_lincomb_1d[2-&lt;lambda&gt;8]" time="0.019641637802124023"></testcase><testcase classname="src.pymortests.vectorarray" file="src/pymortests/vectorarray.py" line="579" name="test_lincomb_1d[2-&lt;lambda&gt;9]" time="0.04009604454040527"></testcase><testcase classname="src.pymortests.vectorarray" file="src/pymortests/vectorarray.py" line="579" name="test_lincomb_1d[2-&lt;lambda&gt;10]" time="0.005740642547607422"></testcase><testcase classname="src.pymortests.vectorarray" file="src/pymortests/vectorarray.py" line="579" name="test_lincomb_1d[2-&lt;lambda&gt;11]" time="0.009630203247070312"></testcase><testcase classname="src.pymortests.vectorarray" file="src/pymortests/vectorarray.py" line="579" name="test_lincomb_1d[2-&lt;lambda&gt;12]" time="0.008687257766723633"></testcase><testcase classname="src.pymortests.vectorarray" file="src/pymortests/vectorarray.py" line="579" name="test_lincomb_1d[2-&lt;lambda&gt;13]" time="0.006007671356201172"></testcase><testcase classname="src.pymortests.vectorarray" file="src/pymortests/vectorarray.py" line="579" name="test_lincomb_1d[2-&lt;lambda&gt;14]" time="0.009120702743530273"></testcase><testcase classname="src.pymortests.vectorarray" file="src/pymortests/vectorarray.py" line="579" name="test_lincomb_1d[2-&lt;lambda&gt;15]" time="0.038922786712646484"></testcase><testcase classname="src.pymortests.vectorarray" file="src/pymortests/vectorarray.py" line="579" name="test_lincomb_1d[2-&lt;lambda&gt;16]" time="0.08143997192382812"></testcase><testcase classname="src.pymortests.vectorarray" file="src/pymortests/vectorarray.py" line="579" name="test_lincomb_1d[2-&lt;lambda&gt;17]" time="0.009673357009887695"></testcase><testcase classname="src.pymortests.vectorarray" file="src/pymortests/vectorarray.py" line="579" name="test_lincomb_1d[2-&lt;lambda&gt;18]" time="0.010105133056640625"></testcase><testcase classname="src.pymortests.vectorarray" file="src/pymortests/vectorarray.py" line="579" name="test_lincomb_1d[2-&lt;lambda&gt;19]" time="0.025143861770629883"></testcase><testcase classname="src.pymortests.vectorarray" file="src/pymortests/vectorarray.py" line="579" name="test_lincomb_1d[2-&lt;lambda&gt;20]" time="0.04215431213378906"></testcase><testcase classname="src.pymortests.vectorarray" file="src/pymortests/vectorarray.py" line="579" name="test_lincomb_1d[2-&lt;lambda&gt;21]" time="0.07988762855529785"></testcase><testcase classname="src.pymortests.vectorarray" file="src/pymortests/vectorarray.py" line="579" name="test_lincomb_1d[2-&lt;lambda&gt;22]" time="0.024587154388427734"></testcase><testcase classname="src.pymortests.vectorarray" file="src/pymortests/vectorarray.py" line="579" name="test_lincomb_1d[2-&lt;lambda&gt;23]" time="0.0254671573638916"></testcase><testcase classname="src.pymortests.vectorarray" file="src/pymortests/vectorarray.py" line="579" name="test_lincomb_1d[2-&lt;lambda&gt;24]" time="0.03196859359741211"></testcase><testcase classname="src.pymortests.vectorarray" file="src/pymortests/vectorarray.py" line="579" name="test_lincomb_1d[2-&lt;lambda&gt;25]" time="0.08140754699707031"></testcase><testcase classname="src.pymortests.vectorarray" file="src/pymortests/vectorarray.py" line="579" name="test_lincomb_1d[2-&lt;lambda&gt;26]" time="0.14254474639892578"></testcase><testcase classname="src.pymortests.vectorarray" file="src/pymortests/vectorarray.py" line="593" name="test_lincomb_2d[0-&lt;lambda&gt;0]" time="0.007919073104858398"></testcase><testcase classname="src.pymortests.vectorarray" file="src/pymortests/vectorarray.py" line="593" name="test_lincomb_2d[0-&lt;lambda&gt;1]" time="0.007973670959472656"></testcase><testcase classname="src.pymortests.vectorarray" file="src/pymortests/vectorarray.py" line="593" name="test_lincomb_2d[0-&lt;lambda&gt;2]" time="0.00879669189453125"></testcase><testcase classname="src.pymortests.vectorarray" file="src/pymortests/vectorarray.py" line="593" name="test_lincomb_2d[0-&lt;lambda&gt;3]" time="0.010549068450927734"></testcase><testcase classname="src.pymortests.vectorarray" file="src/pymortests/vectorarray.py" line="593" name="test_lincomb_2d[0-&lt;lambda&gt;4]" time="0.010797262191772461"></testcase><testcase classname="src.pymortests.vectorarray" file="src/pymortests/vectorarray.py" line="593" name="test_lincomb_2d[0-&lt;lambda&gt;5]" time="0.009211301803588867"></testcase><testcase classname="src.pymortests.vectorarray" file="src/pymortests/vectorarray.py" line="593" name="test_lincomb_2d[0-&lt;lambda&gt;6]" time="0.00924992561340332"></testcase><testcase classname="src.pymortests.vectorarray" file="src/pymortests/vectorarray.py" line="593" name="test_lincomb_2d[0-&lt;lambda&gt;7]" time="0.014971733093261719"></testcase><testcase classname="src.pymortests.vectorarray" file="src/pymortests/vectorarray.py" line="593" name="test_lincomb_2d[0-&lt;lambda&gt;8]" time="0.048009634017944336"></testcase><testcase classname="src.pymortests.vectorarray" file="src/pymortests/vectorarray.py" line="593" name="test_lincomb_2d[0-&lt;lambda&gt;9]" time="0.08663415908813477"></testcase><testcase classname="src.pymortests.vectorarray" file="src/pymortests/vectorarray.py" line="593" name="test_lincomb_2d[0-&lt;lambda&gt;10]" time="0.01639842987060547"></testcase><testcase classname="src.pymortests.vectorarray" file="src/pymortests/vectorarray.py" line="593" name="test_lincomb_2d[0-&lt;lambda&gt;11]" time="0.019898653030395508"></testcase><testcase classname="src.pymortests.vectorarray" file="src/pymortests/vectorarray.py" line="593" name="test_lincomb_2d[0-&lt;lambda&gt;12]" time="0.01925516128540039"></testcase><testcase classname="src.pymortests.vectorarray" file="src/pymortests/vectorarray.py" line="593" name="test_lincomb_2d[0-&lt;lambda&gt;13]" time="0.014682769775390625"></testcase><testcase classname="src.pymortests.vectorarray" file="src/pymortests/vectorarray.py" line="593" name="test_lincomb_2d[0-&lt;lambda&gt;14]" time="0.020930767059326172"></testcase><testcase classname="src.pymortests.vectorarray" file="src/pymortests/vectorarray.py" line="593" name="test_lincomb_2d[0-&lt;lambda&gt;15]" time="0.02974104881286621"></testcase><testcase classname="src.pymortests.vectorarray" file="src/pymortests/vectorarray.py" line="593" name="test_lincomb_2d[0-&lt;lambda&gt;16]" time="0.03282523155212402"></testcase><testcase classname="src.pymortests.vectorarray" file="src/pymortests/vectorarray.py" line="593" name="test_lincomb_2d[0-&lt;lambda&gt;17]" time="0.034091949462890625"></testcase><testcase classname="src.pymortests.vectorarray" file="src/pymortests/vectorarray.py" line="593" name="test_lincomb_2d[0-&lt;lambda&gt;18]" time="0.037335872650146484"></testcase><testcase classname="src.pymortests.vectorarray" file="src/pymortests/vectorarray.py" line="593" name="test_lincomb_2d[0-&lt;lambda&gt;19]" time="0.11016845703125"></testcase><testcase classname="src.pymortests.vectorarray" file="src/pymortests/vectorarray.py" line="593" name="test_lincomb_2d[0-&lt;lambda&gt;20]" time="0.10035538673400879"></testcase><testcase classname="src.pymortests.vectorarray" file="src/pymortests/vectorarray.py" line="593" name="test_lincomb_2d[0-&lt;lambda&gt;21]" time="0.15784549713134766"></testcase><testcase classname="src.pymortests.vectorarray" file="src/pymortests/vectorarray.py" line="593" name="test_lincomb_2d[0-&lt;lambda&gt;22]" time="0.12624168395996094"></testcase><testcase classname="src.pymortests.vectorarray" file="src/pymortests/vectorarray.py" line="593" name="test_lincomb_2d[0-&lt;lambda&gt;23]" time="0.12722134590148926"></testcase><testcase classname="src.pymortests.vectorarray" file="src/pymortests/vectorarray.py" line="593" name="test_lincomb_2d[0-&lt;lambda&gt;24]" time="0.1611928939819336"></testcase><testcase classname="src.pymortests.vectorarray" file="src/pymortests/vectorarray.py" line="593" name="test_lincomb_2d[0-&lt;lambda&gt;25]" time="0.26314401626586914"></testcase><testcase classname="src.pymortests.vectorarray" file="src/pymortests/vectorarray.py" line="593" name="test_lincomb_2d[0-&lt;lambda&gt;26]" time="0.4071171283721924"></testcase><testcase classname="src.pymortests.vectorarray" file="src/pymortests/vectorarray.py" line="593" name="test_lincomb_2d[1-&lt;lambda&gt;0]" time="0.00851130485534668"></testcase><testcase classname="src.pymortests.vectorarray" file="src/pymortests/vectorarray.py" line="593" name="test_lincomb_2d[1-&lt;lambda&gt;1]" time="0.008287191390991211"></testcase><testcase classname="src.pymortests.vectorarray" file="src/pymortests/vectorarray.py" line="593" name="test_lincomb_2d[1-&lt;lambda&gt;2]" time="0.00899362564086914"></testcase><testcase classname="src.pymortests.vectorarray" file="src/pymortests/vectorarray.py" line="593" name="test_lincomb_2d[1-&lt;lambda&gt;3]" time="0.010579586029052734"></testcase><testcase classname="src.pymortests.vectorarray" file="src/pymortests/vectorarray.py" line="593" name="test_lincomb_2d[1-&lt;lambda&gt;4]" time="0.011203527450561523"></testcase><testcase classname="src.pymortests.vectorarray" file="src/pymortests/vectorarray.py" line="593" name="test_lincomb_2d[1-&lt;lambda&gt;5]" time="0.00947713851928711"></testcase><testcase classname="src.pymortests.vectorarray" file="src/pymortests/vectorarray.py" line="593" name="test_lincomb_2d[1-&lt;lambda&gt;6]" time="0.009395122528076172"></testcase><testcase classname="src.pymortests.vectorarray" file="src/pymortests/vectorarray.py" line="593" name="test_lincomb_2d[1-&lt;lambda&gt;7]" time="0.016805171966552734"></testcase><testcase classname="src.pymortests.vectorarray" file="src/pymortests/vectorarray.py" line="593" name="test_lincomb_2d[1-&lt;lambda&gt;8]" time="0.049164533615112305"></testcase><testcase classname="src.pymortests.vectorarray" file="src/pymortests/vectorarray.py" line="593" name="test_lincomb_2d[1-&lt;lambda&gt;9]" time="0.0883479118347168"></testcase><testcase classname="src.pymortests.vectorarray" file="src/pymortests/vectorarray.py" line="593" name="test_lincomb_2d[1-&lt;lambda&gt;10]" time="0.01660466194152832"></testcase><testcase classname="src.pymortests.vectorarray" file="src/pymortests/vectorarray.py" line="593" name="test_lincomb_2d[1-&lt;lambda&gt;11]" time="0.020274877548217773"></testcase><testcase classname="src.pymortests.vectorarray" file="src/pymortests/vectorarray.py" line="593" name="test_lincomb_2d[1-&lt;lambda&gt;12]" time="0.01951122283935547"></testcase><testcase classname="src.pymortests.vectorarray" file="src/pymortests/vectorarray.py" line="593" name="test_lincomb_2d[1-&lt;lambda&gt;13]" time="0.014526844024658203"></testcase><testcase classname="src.pymortests.vectorarray" file="src/pymortests/vectorarray.py" line="593" name="test_lincomb_2d[1-&lt;lambda&gt;14]" time="0.0208284854888916"></testcase><testcase classname="src.pymortests.vectorarray" file="src/pymortests/vectorarray.py" line="593" name="test_lincomb_2d[1-&lt;lambda&gt;15]" time="0.029901981353759766"></testcase><testcase classname="src.pymortests.vectorarray" file="src/pymortests/vectorarray.py" line="593" name="test_lincomb_2d[1-&lt;lambda&gt;16]" time="0.033564090728759766"></testcase><testcase classname="src.pymortests.vectorarray" file="src/pymortests/vectorarray.py" line="593" name="test_lincomb_2d[1-&lt;lambda&gt;17]" time="0.03350543975830078"></testcase><testcase classname="src.pymortests.vectorarray" file="src/pymortests/vectorarray.py" line="593" name="test_lincomb_2d[1-&lt;lambda&gt;18]" time="0.036457061767578125"></testcase><testcase classname="src.pymortests.vectorarray" file="src/pymortests/vectorarray.py" line="593" name="test_lincomb_2d[1-&lt;lambda&gt;19]" time="0.10838890075683594"></testcase><testcase classname="src.pymortests.vectorarray" file="src/pymortests/vectorarray.py" line="593" name="test_lincomb_2d[1-&lt;lambda&gt;20]" time="0.09937238693237305"></testcase><testcase classname="src.pymortests.vectorarray" file="src/pymortests/vectorarray.py" line="593" name="test_lincomb_2d[1-&lt;lambda&gt;21]" time="0.15888595581054688"></testcase><testcase classname="src.pymortests.vectorarray" file="src/pymortests/vectorarray.py" line="593" name="test_lincomb_2d[1-&lt;lambda&gt;22]" time="0.1288912296295166"></testcase><testcase classname="src.pymortests.vectorarray" file="src/pymortests/vectorarray.py" line="593" name="test_lincomb_2d[1-&lt;lambda&gt;23]" time="0.1279914379119873"></testcase><testcase classname="src.pymortests.vectorarray" file="src/pymortests/vectorarray.py" line="593" name="test_lincomb_2d[1-&lt;lambda&gt;24]" time="0.16121196746826172"></testcase><testcase classname="src.pymortests.vectorarray" file="src/pymortests/vectorarray.py" line="593" name="test_lincomb_2d[1-&lt;lambda&gt;25]" time="0.2609996795654297"></testcase><testcase classname="src.pymortests.vectorarray" file="src/pymortests/vectorarray.py" line="593" name="test_lincomb_2d[1-&lt;lambda&gt;26]" time="0.40319395065307617"></testcase><testcase classname="src.pymortests.vectorarray" file="src/pymortests/vectorarray.py" line="593" name="test_lincomb_2d[2-&lt;lambda&gt;0]" time="0.007901191711425781"></testcase><testcase classname="src.pymortests.vectorarray" file="src/pymortests/vectorarray.py" line="593" name="test_lincomb_2d[2-&lt;lambda&gt;1]" time="0.008322715759277344"></testcase><testcase classname="src.pymortests.vectorarray" file="src/pymortests/vectorarray.py" line="593" name="test_lincomb_2d[2-&lt;lambda&gt;2]" time="0.009086370468139648"></testcase><testcase classname="src.pymortests.vectorarray" file="src/pymortests/vectorarray.py" line="593" name="test_lincomb_2d[2-&lt;lambda&gt;3]" time="0.01053309440612793"></testcase><testcase classname="src.pymortests.vectorarray" file="src/pymortests/vectorarray.py" line="593" name="test_lincomb_2d[2-&lt;lambda&gt;4]" time="0.010960102081298828"></testcase><testcase classname="src.pymortests.vectorarray" file="src/pymortests/vectorarray.py" line="593" name="test_lincomb_2d[2-&lt;lambda&gt;5]" time="0.009123563766479492"></testcase><testcase classname="src.pymortests.vectorarray" file="src/pymortests/vectorarray.py" line="593" name="test_lincomb_2d[2-&lt;lambda&gt;6]" time="0.009127616882324219"></testcase><testcase classname="src.pymortests.vectorarray" file="src/pymortests/vectorarray.py" line="593" name="test_lincomb_2d[2-&lt;lambda&gt;7]" time="0.015274524688720703"></testcase><testcase classname="src.pymortests.vectorarray" file="src/pymortests/vectorarray.py" line="593" name="test_lincomb_2d[2-&lt;lambda&gt;8]" time="0.04894566535949707"></testcase><testcase classname="src.pymortests.vectorarray" file="src/pymortests/vectorarray.py" line="593" name="test_lincomb_2d[2-&lt;lambda&gt;9]" time="0.08763480186462402"></testcase><testcase classname="src.pymortests.vectorarray" file="src/pymortests/vectorarray.py" line="593" name="test_lincomb_2d[2-&lt;lambda&gt;10]" time="0.016699790954589844"></testcase><testcase classname="src.pymortests.vectorarray" file="src/pymortests/vectorarray.py" line="593" name="test_lincomb_2d[2-&lt;lambda&gt;11]" time="0.020248889923095703"></testcase><testcase classname="src.pymortests.vectorarray" file="src/pymortests/vectorarray.py" line="593" name="test_lincomb_2d[2-&lt;lambda&gt;12]" time="0.01943659782409668"></testcase><testcase classname="src.pymortests.vectorarray" file="src/pymortests/vectorarray.py" line="593" name="test_lincomb_2d[2-&lt;lambda&gt;13]" time="0.01455831527709961"></testcase><testcase classname="src.pymortests.vectorarray" file="src/pymortests/vectorarray.py" line="593" name="test_lincomb_2d[2-&lt;lambda&gt;14]" time="0.020894289016723633"></testcase><testcase classname="src.pymortests.vectorarray" file="src/pymortests/vectorarray.py" line="593" name="test_lincomb_2d[2-&lt;lambda&gt;15]" time="0.029852867126464844"></testcase><testcase classname="src.pymortests.vectorarray" file="src/pymortests/vectorarray.py" line="593" name="test_lincomb_2d[2-&lt;lambda&gt;16]" time="0.033577919006347656"></testcase><testcase classname="src.pymortests.vectorarray" file="src/pymortests/vectorarray.py" line="593" name="test_lincomb_2d[2-&lt;lambda&gt;17]" time="0.033478498458862305"></testcase><testcase classname="src.pymortests.vectorarray" file="src/pymortests/vectorarray.py" line="593" name="test_lincomb_2d[2-&lt;lambda&gt;18]" time="0.03614234924316406"></testcase><testcase classname="src.pymortests.vectorarray" file="src/pymortests/vectorarray.py" line="593" name="test_lincomb_2d[2-&lt;lambda&gt;19]" time="0.10812807083129883"></testcase><testcase classname="src.pymortests.vectorarray" file="src/pymortests/vectorarray.py" line="593" name="test_lincomb_2d[2-&lt;lambda&gt;20]" time="0.09722352027893066"></testcase><testcase classname="src.pymortests.vectorarray" file="src/pymortests/vectorarray.py" line="593" name="test_lincomb_2d[2-&lt;lambda&gt;21]" time="0.16010808944702148"></testcase><testcase classname="src.pymortests.vectorarray" file="src/pymortests/vectorarray.py" line="593" name="test_lincomb_2d[2-&lt;lambda&gt;22]" time="0.12805414199829102"></testcase><testcase classname="src.pymortests.vectorarray" file="src/pymortests/vectorarray.py" line="593" name="test_lincomb_2d[2-&lt;lambda&gt;23]" time="0.12702536582946777"></testcase><testcase classname="src.pymortests.vectorarray" file="src/pymortests/vectorarray.py" line="593" name="test_lincomb_2d[2-&lt;lambda&gt;24]" time="0.15938496589660645"></testcase><testcase classname="src.pymortests.vectorarray" file="src/pymortests/vectorarray.py" line="593" name="test_lincomb_2d[2-&lt;lambda&gt;25]" time="0.26566123962402344"></testcase><testcase classname="src.pymortests.vectorarray" file="src/pymortests/vectorarray.py" line="593" name="test_lincomb_2d[2-&lt;lambda&gt;26]" time="0.4112262725830078"></testcase><testcase classname="src.pymortests.vectorarray" file="src/pymortests/vectorarray.py" line="608" name="test_lincomb_wrong_coefficients[0-&lt;lambda&gt;0]" time="0.003074169158935547"></testcase><testcase classname="src.pymortests.vectorarray" file="src/pymortests/vectorarray.py" line="608" name="test_lincomb_wrong_coefficients[0-&lt;lambda&gt;1]" time="0.0020978450775146484"></testcase><testcase classname="src.pymortests.vectorarray" file="src/pymortests/vectorarray.py" line="608" name="test_lincomb_wrong_coefficients[0-&lt;lambda&gt;2]" time="0.003001689910888672"></testcase><testcase classname="src.pymortests.vectorarray" file="src/pymortests/vectorarray.py" line="608" name="test_lincomb_wrong_coefficients[0-&lt;lambda&gt;3]" time="0.0036890506744384766"></testcase><testcase classname="src.pymortests.vectorarray" file="src/pymortests/vectorarray.py" line="608" name="test_lincomb_wrong_coefficients[0-&lt;lambda&gt;4]" time="0.0042798519134521484"></testcase><testcase classname="src.pymortests.vectorarray" file="src/pymortests/vectorarray.py" line="608" name="test_lincomb_wrong_coefficients[0-&lt;lambda&gt;5]" time="0.002030611038208008"></testcase><testcase classname="src.pymortests.vectorarray" file="src/pymortests/vectorarray.py" line="608" name="test_lincomb_wrong_coefficients[0-&lt;lambda&gt;6]" time="0.0019478797912597656"></testcase><testcase classname="src.pymortests.vectorarray" file="src/pymortests/vectorarray.py" line="608" name="test_lincomb_wrong_coefficients[0-&lt;lambda&gt;7]" time="0.002773284912109375"></testcase><testcase classname="src.pymortests.vectorarray" file="src/pymortests/vectorarray.py" line="608" name="test_lincomb_wrong_coefficients[0-&lt;lambda&gt;8]" time="0.0036368370056152344"></testcase><testcase classname="src.pymortests.vectorarray" file="src/pymortests/vectorarray.py" line="608" name="test_lincomb_wrong_coefficients[0-&lt;lambda&gt;9]" time="0.006890058517456055"></testcase><testcase classname="src.pymortests.vectorarray" file="src/pymortests/vectorarray.py" line="608" name="test_lincomb_wrong_coefficients[0-&lt;lambda&gt;10]" time="0.002711772918701172"></testcase><testcase classname="src.pymortests.vectorarray" file="src/pymortests/vectorarray.py" line="608" name="test_lincomb_wrong_coefficients[0-&lt;lambda&gt;11]" time="0.004255056381225586"></testcase><testcase classname="src.pymortests.vectorarray" file="src/pymortests/vectorarray.py" line="608" name="test_lincomb_wrong_coefficients[0-&lt;lambda&gt;12]" time="0.004373073577880859"></testcase><testcase classname="src.pymortests.vectorarray" file="src/pymortests/vectorarray.py" line="608" name="test_lincomb_wrong_coefficients[0-&lt;lambda&gt;13]" time="0.0034389495849609375"></testcase><testcase classname="src.pymortests.vectorarray" file="src/pymortests/vectorarray.py" line="608" name="test_lincomb_wrong_coefficients[0-&lt;lambda&gt;14]" time="0.0041577816009521484"></testcase><testcase classname="src.pymortests.vectorarray" file="src/pymortests/vectorarray.py" line="608" name="test_lincomb_wrong_coefficients[0-&lt;lambda&gt;15]" time="0.006112813949584961"></testcase><testcase classname="src.pymortests.vectorarray" file="src/pymortests/vectorarray.py" line="608" name="test_lincomb_wrong_coefficients[0-&lt;lambda&gt;16]" time="0.007870197296142578"></testcase><testcase classname="src.pymortests.vectorarray" file="src/pymortests/vectorarray.py" line="608" name="test_lincomb_wrong_coefficients[0-&lt;lambda&gt;17]" time="0.0026924610137939453"></testcase><testcase classname="src.pymortests.vectorarray" file="src/pymortests/vectorarray.py" line="608" name="test_lincomb_wrong_coefficients[0-&lt;lambda&gt;18]" time="0.002554178237915039"></testcase><testcase classname="src.pymortests.vectorarray" file="src/pymortests/vectorarray.py" line="608" name="test_lincomb_wrong_coefficients[0-&lt;lambda&gt;19]" time="0.004618406295776367"></testcase><testcase classname="src.pymortests.vectorarray" file="src/pymortests/vectorarray.py" line="608" name="test_lincomb_wrong_coefficients[0-&lt;lambda&gt;20]" time="0.011773109436035156"></testcase><testcase classname="src.pymortests.vectorarray" file="src/pymortests/vectorarray.py" line="608" name="test_lincomb_wrong_coefficients[0-&lt;lambda&gt;21]" time="0.02305293083190918"></testcase><testcase classname="src.pymortests.vectorarray" file="src/pymortests/vectorarray.py" line="608" name="test_lincomb_wrong_coefficients[0-&lt;lambda&gt;22]" time="0.0028069019317626953"></testcase><testcase classname="src.pymortests.vectorarray" file="src/pymortests/vectorarray.py" line="608" name="test_lincomb_wrong_coefficients[0-&lt;lambda&gt;23]" time="0.0019643306732177734"></testcase><testcase classname="src.pymortests.vectorarray" file="src/pymortests/vectorarray.py" line="608" name="test_lincomb_wrong_coefficients[0-&lt;lambda&gt;24]" time="0.0038492679595947266"></testcase><testcase classname="src.pymortests.vectorarray" file="src/pymortests/vectorarray.py" line="608" name="test_lincomb_wrong_coefficients[0-&lt;lambda&gt;25]" time="0.02673053741455078"></testcase><testcase classname="src.pymortests.vectorarray" file="src/pymortests/vectorarray.py" line="608" name="test_lincomb_wrong_coefficients[0-&lt;lambda&gt;26]" time="0.05786299705505371"></testcase><testcase classname="src.pymortests.vectorarray" file="src/pymortests/vectorarray.py" line="608" name="test_lincomb_wrong_coefficients[1-&lt;lambda&gt;0]" time="0.0030264854431152344"></testcase><testcase classname="src.pymortests.vectorarray" file="src/pymortests/vectorarray.py" line="608" name="test_lincomb_wrong_coefficients[1-&lt;lambda&gt;1]" time="0.0020821094512939453"></testcase><testcase classname="src.pymortests.vectorarray" file="src/pymortests/vectorarray.py" line="608" name="test_lincomb_wrong_coefficients[1-&lt;lambda&gt;2]" time="0.003078937530517578"></testcase><testcase classname="src.pymortests.vectorarray" file="src/pymortests/vectorarray.py" line="608" name="test_lincomb_wrong_coefficients[1-&lt;lambda&gt;3]" time="0.003961801528930664"></testcase><testcase classname="src.pymortests.vectorarray" file="src/pymortests/vectorarray.py" line="608" name="test_lincomb_wrong_coefficients[1-&lt;lambda&gt;4]" time="0.0044574737548828125"></testcase><testcase classname="src.pymortests.vectorarray" file="src/pymortests/vectorarray.py" line="608" name="test_lincomb_wrong_coefficients[1-&lt;lambda&gt;5]" time="0.0020503997802734375"></testcase><testcase classname="src.pymortests.vectorarray" file="src/pymortests/vectorarray.py" line="608" name="test_lincomb_wrong_coefficients[1-&lt;lambda&gt;6]" time="0.0020668506622314453"></testcase><testcase classname="src.pymortests.vectorarray" file="src/pymortests/vectorarray.py" line="608" name="test_lincomb_wrong_coefficients[1-&lt;lambda&gt;7]" time="0.0027518272399902344"></testcase><testcase classname="src.pymortests.vectorarray" file="src/pymortests/vectorarray.py" line="608" name="test_lincomb_wrong_coefficients[1-&lt;lambda&gt;8]" time="0.0040111541748046875"></testcase><testcase classname="src.pymortests.vectorarray" file="src/pymortests/vectorarray.py" line="608" name="test_lincomb_wrong_coefficients[1-&lt;lambda&gt;9]" time="0.005249500274658203"></testcase><testcase classname="src.pymortests.vectorarray" file="src/pymortests/vectorarray.py" line="608" name="test_lincomb_wrong_coefficients[1-&lt;lambda&gt;10]" time="0.002692699432373047"></testcase><testcase classname="src.pymortests.vectorarray" file="src/pymortests/vectorarray.py" line="608" name="test_lincomb_wrong_coefficients[1-&lt;lambda&gt;11]" time="0.004511594772338867"></testcase><testcase classname="src.pymortests.vectorarray" file="src/pymortests/vectorarray.py" line="608" name="test_lincomb_wrong_coefficients[1-&lt;lambda&gt;12]" time="0.004328250885009766"></testcase><testcase classname="src.pymortests.vectorarray" file="src/pymortests/vectorarray.py" line="608" name="test_lincomb_wrong_coefficients[1-&lt;lambda&gt;13]" time="0.003531932830810547"></testcase><testcase classname="src.pymortests.vectorarray" file="src/pymortests/vectorarray.py" line="608" name="test_lincomb_wrong_coefficients[1-&lt;lambda&gt;14]" time="0.004247188568115234"></testcase><testcase classname="src.pymortests.vectorarray" file="src/pymortests/vectorarray.py" line="608" name="test_lincomb_wrong_coefficients[1-&lt;lambda&gt;15]" time="0.0063860416412353516"></testcase><testcase classname="src.pymortests.vectorarray" file="src/pymortests/vectorarray.py" line="608" name="test_lincomb_wrong_coefficients[1-&lt;lambda&gt;16]" time="0.008619070053100586"></testcase><testcase classname="src.pymortests.vectorarray" file="src/pymortests/vectorarray.py" line="608" name="test_lincomb_wrong_coefficients[1-&lt;lambda&gt;17]" time="0.0028634071350097656"></testcase><testcase classname="src.pymortests.vectorarray" file="src/pymortests/vectorarray.py" line="608" name="test_lincomb_wrong_coefficients[1-&lt;lambda&gt;18]" time="0.002627134323120117"></testcase><testcase classname="src.pymortests.vectorarray" file="src/pymortests/vectorarray.py" line="608" name="test_lincomb_wrong_coefficients[1-&lt;lambda&gt;19]" time="0.0047495365142822266"></testcase><testcase classname="src.pymortests.vectorarray" file="src/pymortests/vectorarray.py" line="608" name="test_lincomb_wrong_coefficients[1-&lt;lambda&gt;20]" time="0.012495756149291992"></testcase><testcase classname="src.pymortests.vectorarray" file="src/pymortests/vectorarray.py" line="608" name="test_lincomb_wrong_coefficients[1-&lt;lambda&gt;21]" time="0.02358269691467285"></testcase><testcase classname="src.pymortests.vectorarray" file="src/pymortests/vectorarray.py" line="608" name="test_lincomb_wrong_coefficients[1-&lt;lambda&gt;22]" time="0.002908468246459961"></testcase><testcase classname="src.pymortests.vectorarray" file="src/pymortests/vectorarray.py" line="608" name="test_lincomb_wrong_coefficients[1-&lt;lambda&gt;23]" time="0.0019497871398925781"></testcase><testcase classname="src.pymortests.vectorarray" file="src/pymortests/vectorarray.py" line="608" name="test_lincomb_wrong_coefficients[1-&lt;lambda&gt;24]" time="0.0037162303924560547"></testcase><testcase classname="src.pymortests.vectorarray" file="src/pymortests/vectorarray.py" line="608" name="test_lincomb_wrong_coefficients[1-&lt;lambda&gt;25]" time="0.02602529525756836"></testcase><testcase classname="src.pymortests.vectorarray" file="src/pymortests/vectorarray.py" line="608" name="test_lincomb_wrong_coefficients[1-&lt;lambda&gt;26]" time="0.0576784610748291"></testcase><testcase classname="src.pymortests.vectorarray" file="src/pymortests/vectorarray.py" line="608" name="test_lincomb_wrong_coefficients[2-&lt;lambda&gt;0]" time="0.0030498504638671875"></testcase><testcase classname="src.pymortests.vectorarray" file="src/pymortests/vectorarray.py" line="608" name="test_lincomb_wrong_coefficients[2-&lt;lambda&gt;1]" time="0.0021104812622070312"></testcase><testcase classname="src.pymortests.vectorarray" file="src/pymortests/vectorarray.py" line="608" name="test_lincomb_wrong_coefficients[2-&lt;lambda&gt;2]" time="0.0029816627502441406"></testcase><testcase classname="src.pymortests.vectorarray" file="src/pymortests/vectorarray.py" line="608" name="test_lincomb_wrong_coefficients[2-&lt;lambda&gt;3]" time="0.0037229061126708984"></testcase><testcase classname="src.pymortests.vectorarray" file="src/pymortests/vectorarray.py" line="608" name="test_lincomb_wrong_coefficients[2-&lt;lambda&gt;4]" time="0.004267454147338867"></testcase><testcase classname="src.pymortests.vectorarray" file="src/pymortests/vectorarray.py" line="608" name="test_lincomb_wrong_coefficients[2-&lt;lambda&gt;5]" time="0.0019903182983398438"></testcase><testcase classname="src.pymortests.vectorarray" file="src/pymortests/vectorarray.py" line="608" name="test_lincomb_wrong_coefficients[2-&lt;lambda&gt;6]" time="0.0020074844360351562"></testcase><testcase classname="src.pymortests.vectorarray" file="src/pymortests/vectorarray.py" line="608" name="test_lincomb_wrong_coefficients[2-&lt;lambda&gt;7]" time="0.002702951431274414"></testcase><testcase classname="src.pymortests.vectorarray" file="src/pymortests/vectorarray.py" line="608" name="test_lincomb_wrong_coefficients[2-&lt;lambda&gt;8]" time="0.003650665283203125"></testcase><testcase classname="src.pymortests.vectorarray" file="src/pymortests/vectorarray.py" line="608" name="test_lincomb_wrong_coefficients[2-&lt;lambda&gt;9]" time="0.004994630813598633"></testcase><testcase classname="src.pymortests.vectorarray" file="src/pymortests/vectorarray.py" line="608" name="test_lincomb_wrong_coefficients[2-&lt;lambda&gt;10]" time="0.002637624740600586"></testcase><testcase classname="src.pymortests.vectorarray" file="src/pymortests/vectorarray.py" line="608" name="test_lincomb_wrong_coefficients[2-&lt;lambda&gt;11]" time="0.00423431396484375"></testcase><testcase classname="src.pymortests.vectorarray" file="src/pymortests/vectorarray.py" line="608" name="test_lincomb_wrong_coefficients[2-&lt;lambda&gt;12]" time="0.004107475280761719"></testcase><testcase classname="src.pymortests.vectorarray" file="src/pymortests/vectorarray.py" line="608" name="test_lincomb_wrong_coefficients[2-&lt;lambda&gt;13]" time="0.0033347606658935547"></testcase><testcase classname="src.pymortests.vectorarray" file="src/pymortests/vectorarray.py" line="608" name="test_lincomb_wrong_coefficients[2-&lt;lambda&gt;14]" time="0.004294633865356445"></testcase><testcase classname="src.pymortests.vectorarray" file="src/pymortests/vectorarray.py" line="608" name="test_lincomb_wrong_coefficients[2-&lt;lambda&gt;15]" time="0.006171703338623047"></testcase><testcase classname="src.pymortests.vectorarray" file="src/pymortests/vectorarray.py" line="608" name="test_lincomb_wrong_coefficients[2-&lt;lambda&gt;16]" time="0.007847309112548828"></testcase><testcase classname="src.pymortests.vectorarray" file="src/pymortests/vectorarray.py" line="608" name="test_lincomb_wrong_coefficients[2-&lt;lambda&gt;17]" time="0.002878904342651367"></testcase><testcase classname="src.pymortests.vectorarray" file="src/pymortests/vectorarray.py" line="608" name="test_lincomb_wrong_coefficients[2-&lt;lambda&gt;18]" time="0.0026280879974365234"></testcase><testcase classname="src.pymortests.vectorarray" file="src/pymortests/vectorarray.py" line="608" name="test_lincomb_wrong_coefficients[2-&lt;lambda&gt;19]" time="0.004616498947143555"></testcase><testcase classname="src.pymortests.vectorarray" file="src/pymortests/vectorarray.py" line="608" name="test_lincomb_wrong_coefficients[2-&lt;lambda&gt;20]" time="0.011940956115722656"></testcase><testcase classname="src.pymortests.vectorarray" file="src/pymortests/vectorarray.py" line="608" name="test_lincomb_wrong_coefficients[2-&lt;lambda&gt;21]" time="0.02331995964050293"></testcase><testcase classname="src.pymortests.vectorarray" file="src/pymortests/vectorarray.py" line="608" name="test_lincomb_wrong_coefficients[2-&lt;lambda&gt;22]" time="0.002855539321899414"></testcase><testcase classname="src.pymortests.vectorarray" file="src/pymortests/vectorarray.py" line="608" name="test_lincomb_wrong_coefficients[2-&lt;lambda&gt;23]" time="0.0019571781158447266"></testcase><testcase classname="src.pymortests.vectorarray" file="src/pymortests/vectorarray.py" line="608" name="test_lincomb_wrong_coefficients[2-&lt;lambda&gt;24]" time="0.0037746429443359375"></testcase><testcase classname="src.pymortests.vectorarray" file="src/pymortests/vectorarray.py" line="608" name="test_lincomb_wrong_coefficients[2-&lt;lambda&gt;25]" time="0.026054859161376953"></testcase><testcase classname="src.pymortests.vectorarray" file="src/pymortests/vectorarray.py" line="608" name="test_lincomb_wrong_coefficients[2-&lt;lambda&gt;26]" time="0.05785250663757324"></testcase><testcase classname="src.pymortests.vectorarray" file="src/pymortests/vectorarray.py" line="627" name="test_l1_norm[0-&lt;lambda&gt;0]" time="0.006737947463989258"></testcase><testcase classname="src.pymortests.vectorarray" file="src/pymortests/vectorarray.py" line="627" name="test_l1_norm[0-&lt;lambda&gt;1]" time="0.0055429935455322266"></testcase><testcase classname="src.pymortests.vectorarray" file="src/pymortests/vectorarray.py" line="627" name="test_l1_norm[0-&lt;lambda&gt;2]" time="0.006396770477294922"></testcase><testcase classname="src.pymortests.vectorarray" file="src/pymortests/vectorarray.py" line="627" name="test_l1_norm[0-&lt;lambda&gt;3]" time="0.007464170455932617"></testcase><testcase classname="src.pymortests.vectorarray" file="src/pymortests/vectorarray.py" line="627" name="test_l1_norm[0-&lt;lambda&gt;4]" time="0.007961034774780273"></testcase><testcase classname="src.pymortests.vectorarray" file="src/pymortests/vectorarray.py" line="627" name="test_l1_norm[0-&lt;lambda&gt;5]" time="0.0047185420989990234"></testcase><testcase classname="src.pymortests.vectorarray" file="src/pymortests/vectorarray.py" line="627" name="test_l1_norm[0-&lt;lambda&gt;6]" time="0.004563570022583008"></testcase><testcase classname="src.pymortests.vectorarray" file="src/pymortests/vectorarray.py" line="627" name="test_l1_norm[0-&lt;lambda&gt;7]" time="0.007306098937988281"></testcase><testcase classname="src.pymortests.vectorarray" file="src/pymortests/vectorarray.py" line="627" name="test_l1_norm[0-&lt;lambda&gt;8]" time="0.026835203170776367"></testcase><testcase classname="src.pymortests.vectorarray" file="src/pymortests/vectorarray.py" line="627" name="test_l1_norm[0-&lt;lambda&gt;9]" time="0.05415701866149902"></testcase><testcase classname="src.pymortests.vectorarray" file="src/pymortests/vectorarray.py" line="627" name="test_l1_norm[0-&lt;lambda&gt;10]" time="0.009946346282958984"></testcase><testcase classname="src.pymortests.vectorarray" file="src/pymortests/vectorarray.py" line="627" name="test_l1_norm[0-&lt;lambda&gt;11]" time="0.011918306350708008"></testcase><testcase classname="src.pymortests.vectorarray" file="src/pymortests/vectorarray.py" line="627" name="test_l1_norm[0-&lt;lambda&gt;12]" time="0.011734247207641602"></testcase><testcase classname="src.pymortests.vectorarray" file="src/pymortests/vectorarray.py" line="627" name="test_l1_norm[0-&lt;lambda&gt;13]" time="0.009526729583740234"></testcase><testcase classname="src.pymortests.vectorarray" file="src/pymortests/vectorarray.py" line="627" name="test_l1_norm[0-&lt;lambda&gt;14]" time="0.011893749237060547"></testcase><testcase classname="src.pymortests.vectorarray" file="src/pymortests/vectorarray.py" line="627" name="test_l1_norm[0-&lt;lambda&gt;15]" time="0.015556812286376953"></testcase><testcase classname="src.pymortests.vectorarray" file="src/pymortests/vectorarray.py" line="627" name="test_l1_norm[0-&lt;lambda&gt;16]" time="0.016951560974121094"></testcase><testcase classname="src.pymortests.vectorarray" file="src/pymortests/vectorarray.py" line="627" name="test_l1_norm[0-&lt;lambda&gt;17]" time="0.01217961311340332"></testcase><testcase classname="src.pymortests.vectorarray" file="src/pymortests/vectorarray.py" line="627" name="test_l1_norm[0-&lt;lambda&gt;18]" time="0.012172698974609375"></testcase><testcase classname="src.pymortests.vectorarray" file="src/pymortests/vectorarray.py" line="627" name="test_l1_norm[0-&lt;lambda&gt;19]" time="0.01864027976989746"></testcase><testcase classname="src.pymortests.vectorarray" file="src/pymortests/vectorarray.py" line="627" name="test_l1_norm[0-&lt;lambda&gt;20]" time="0.04967308044433594"></testcase><testcase classname="src.pymortests.vectorarray" file="src/pymortests/vectorarray.py" line="627" name="test_l1_norm[0-&lt;lambda&gt;21]" time="0.10169339179992676"></testcase><testcase classname="src.pymortests.vectorarray" file="src/pymortests/vectorarray.py" line="627" name="test_l1_norm[0-&lt;lambda&gt;22]" time="0.006119966506958008"></testcase><testcase classname="src.pymortests.vectorarray" file="src/pymortests/vectorarray.py" line="627" name="test_l1_norm[0-&lt;lambda&gt;23]" time="0.0049190521240234375"></testcase><testcase classname="src.pymortests.vectorarray" file="src/pymortests/vectorarray.py" line="627" name="test_l1_norm[0-&lt;lambda&gt;24]" time="0.019993305206298828"></testcase><testcase classname="src.pymortests.vectorarray" file="src/pymortests/vectorarray.py" line="627" name="test_l1_norm[0-&lt;lambda&gt;25]" time="0.40649890899658203"></testcase><testcase classname="src.pymortests.vectorarray" file="src/pymortests/vectorarray.py" line="627" name="test_l1_norm[0-&lt;lambda&gt;26]" time="0.9465758800506592"></testcase><testcase classname="src.pymortests.vectorarray" file="src/pymortests/vectorarray.py" line="627" name="test_l1_norm[1-&lt;lambda&gt;0]" time="0.00670170783996582"></testcase><testcase classname="src.pymortests.vectorarray" file="src/pymortests/vectorarray.py" line="627" name="test_l1_norm[1-&lt;lambda&gt;1]" time="0.005630016326904297"></testcase><testcase classname="src.pymortests.vectorarray" file="src/pymortests/vectorarray.py" line="627" name="test_l1_norm[1-&lt;lambda&gt;2]" time="0.006700992584228516"></testcase><testcase classname="src.pymortests.vectorarray" file="src/pymortests/vectorarray.py" line="627" name="test_l1_norm[1-&lt;lambda&gt;3]" time="0.007508754730224609"></testcase><testcase classname="src.pymortests.vectorarray" file="src/pymortests/vectorarray.py" line="627" name="test_l1_norm[1-&lt;lambda&gt;4]" time="0.007936477661132812"></testcase><testcase classname="src.pymortests.vectorarray" file="src/pymortests/vectorarray.py" line="627" name="test_l1_norm[1-&lt;lambda&gt;5]" time="0.004838705062866211"></testcase><testcase classname="src.pymortests.vectorarray" file="src/pymortests/vectorarray.py" line="627" name="test_l1_norm[1-&lt;lambda&gt;6]" time="0.004530906677246094"></testcase><testcase classname="src.pymortests.vectorarray" file="src/pymortests/vectorarray.py" line="627" name="test_l1_norm[1-&lt;lambda&gt;7]" time="0.007448673248291016"></testcase><testcase classname="src.pymortests.vectorarray" file="src/pymortests/vectorarray.py" line="627" name="test_l1_norm[1-&lt;lambda&gt;8]" time="0.026801109313964844"></testcase><testcase classname="src.pymortests.vectorarray" file="src/pymortests/vectorarray.py" line="627" name="test_l1_norm[1-&lt;lambda&gt;9]" time="0.051733970642089844"></testcase><testcase classname="src.pymortests.vectorarray" file="src/pymortests/vectorarray.py" line="627" name="test_l1_norm[1-&lt;lambda&gt;10]" time="0.009931802749633789"></testcase><testcase classname="src.pymortests.vectorarray" file="src/pymortests/vectorarray.py" line="627" name="test_l1_norm[1-&lt;lambda&gt;11]" time="0.011601924896240234"></testcase><testcase classname="src.pymortests.vectorarray" file="src/pymortests/vectorarray.py" line="627" name="test_l1_norm[1-&lt;lambda&gt;12]" time="0.011586427688598633"></testcase><testcase classname="src.pymortests.vectorarray" file="src/pymortests/vectorarray.py" line="627" name="test_l1_norm[1-&lt;lambda&gt;13]" time="0.009485244750976562"></testcase><testcase classname="src.pymortests.vectorarray" file="src/pymortests/vectorarray.py" line="627" name="test_l1_norm[1-&lt;lambda&gt;14]" time="0.011796236038208008"></testcase><testcase classname="src.pymortests.vectorarray" file="src/pymortests/vectorarray.py" line="627" name="test_l1_norm[1-&lt;lambda&gt;15]" time="0.015603303909301758"></testcase><testcase classname="src.pymortests.vectorarray" file="src/pymortests/vectorarray.py" line="627" name="test_l1_norm[1-&lt;lambda&gt;16]" time="0.0168459415435791"></testcase><testcase classname="src.pymortests.vectorarray" file="src/pymortests/vectorarray.py" line="627" name="test_l1_norm[1-&lt;lambda&gt;17]" time="0.01225900650024414"></testcase><testcase classname="src.pymortests.vectorarray" file="src/pymortests/vectorarray.py" line="627" name="test_l1_norm[1-&lt;lambda&gt;18]" time="0.012280464172363281"></testcase><testcase classname="src.pymortests.vectorarray" file="src/pymortests/vectorarray.py" line="627" name="test_l1_norm[1-&lt;lambda&gt;19]" time="0.0209047794342041"></testcase><testcase classname="src.pymortests.vectorarray" file="src/pymortests/vectorarray.py" line="627" name="test_l1_norm[1-&lt;lambda&gt;20]" time="0.050321340560913086"></testcase><testcase classname="src.pymortests.vectorarray" file="src/pymortests/vectorarray.py" line="627" name="test_l1_norm[1-&lt;lambda&gt;21]" time="0.10033273696899414"></testcase><testcase classname="src.pymortests.vectorarray" file="src/pymortests/vectorarray.py" line="627" name="test_l1_norm[1-&lt;lambda&gt;22]" time="0.006040096282958984"></testcase><testcase classname="src.pymortests.vectorarray" file="src/pymortests/vectorarray.py" line="627" name="test_l1_norm[1-&lt;lambda&gt;23]" time="0.004985332489013672"></testcase><testcase classname="src.pymortests.vectorarray" file="src/pymortests/vectorarray.py" line="627" name="test_l1_norm[1-&lt;lambda&gt;24]" time="0.02115178108215332"></testcase><testcase classname="src.pymortests.vectorarray" file="src/pymortests/vectorarray.py" line="627" name="test_l1_norm[1-&lt;lambda&gt;25]" time="0.4291694164276123"></testcase><testcase classname="src.pymortests.vectorarray" file="src/pymortests/vectorarray.py" line="627" name="test_l1_norm[1-&lt;lambda&gt;26]" time="0.9922361373901367"></testcase><testcase classname="src.pymortests.vectorarray" file="src/pymortests/vectorarray.py" line="627" name="test_l1_norm[2-&lt;lambda&gt;0]" time="0.006593465805053711"></testcase><testcase classname="src.pymortests.vectorarray" file="src/pymortests/vectorarray.py" line="627" name="test_l1_norm[2-&lt;lambda&gt;1]" time="0.005543231964111328"></testcase><testcase classname="src.pymortests.vectorarray" file="src/pymortests/vectorarray.py" line="627" name="test_l1_norm[2-&lt;lambda&gt;2]" time="0.006612539291381836"></testcase><testcase classname="src.pymortests.vectorarray" file="src/pymortests/vectorarray.py" line="627" name="test_l1_norm[2-&lt;lambda&gt;3]" time="0.0076482295989990234"></testcase><testcase classname="src.pymortests.vectorarray" file="src/pymortests/vectorarray.py" line="627" name="test_l1_norm[2-&lt;lambda&gt;4]" time="0.007936954498291016"></testcase><testcase classname="src.pymortests.vectorarray" file="src/pymortests/vectorarray.py" line="627" name="test_l1_norm[2-&lt;lambda&gt;5]" time="0.004783153533935547"></testcase><testcase classname="src.pymortests.vectorarray" file="src/pymortests/vectorarray.py" line="627" name="test_l1_norm[2-&lt;lambda&gt;6]" time="0.004567861557006836"></testcase><testcase classname="src.pymortests.vectorarray" file="src/pymortests/vectorarray.py" line="627" name="test_l1_norm[2-&lt;lambda&gt;7]" time="0.007063150405883789"></testcase><testcase classname="src.pymortests.vectorarray" file="src/pymortests/vectorarray.py" line="627" name="test_l1_norm[2-&lt;lambda&gt;8]" time="0.026751279830932617"></testcase><testcase classname="src.pymortests.vectorarray" file="src/pymortests/vectorarray.py" line="627" name="test_l1_norm[2-&lt;lambda&gt;9]" time="0.05162501335144043"></testcase><testcase classname="src.pymortests.vectorarray" file="src/pymortests/vectorarray.py" line="627" name="test_l1_norm[2-&lt;lambda&gt;10]" time="0.009906291961669922"></testcase><testcase classname="src.pymortests.vectorarray" file="src/pymortests/vectorarray.py" line="627" name="test_l1_norm[2-&lt;lambda&gt;11]" time="0.011936664581298828"></testcase><testcase classname="src.pymortests.vectorarray" file="src/pymortests/vectorarray.py" line="627" name="test_l1_norm[2-&lt;lambda&gt;12]" time="0.011533737182617188"></testcase><testcase classname="src.pymortests.vectorarray" file="src/pymortests/vectorarray.py" line="627" name="test_l1_norm[2-&lt;lambda&gt;13]" time="0.009764671325683594"></testcase><testcase classname="src.pymortests.vectorarray" file="src/pymortests/vectorarray.py" line="627" name="test_l1_norm[2-&lt;lambda&gt;14]" time="0.012000799179077148"></testcase><testcase classname="src.pymortests.vectorarray" file="src/pymortests/vectorarray.py" line="627" name="test_l1_norm[2-&lt;lambda&gt;15]" time="0.01557302474975586"></testcase><testcase classname="src.pymortests.vectorarray" file="src/pymortests/vectorarray.py" line="627" name="test_l1_norm[2-&lt;lambda&gt;16]" time="0.01700568199157715"></testcase><testcase classname="src.pymortests.vectorarray" file="src/pymortests/vectorarray.py" line="627" name="test_l1_norm[2-&lt;lambda&gt;17]" time="0.012186050415039062"></testcase><testcase classname="src.pymortests.vectorarray" file="src/pymortests/vectorarray.py" line="627" name="test_l1_norm[2-&lt;lambda&gt;18]" time="0.012121915817260742"></testcase><testcase classname="src.pymortests.vectorarray" file="src/pymortests/vectorarray.py" line="627" name="test_l1_norm[2-&lt;lambda&gt;19]" time="0.018777847290039062"></testcase><testcase classname="src.pymortests.vectorarray" file="src/pymortests/vectorarray.py" line="627" name="test_l1_norm[2-&lt;lambda&gt;20]" time="0.050496816635131836"></testcase><testcase classname="src.pymortests.vectorarray" file="src/pymortests/vectorarray.py" line="627" name="test_l1_norm[2-&lt;lambda&gt;21]" time="0.10254645347595215"></testcase><testcase classname="src.pymortests.vectorarray" file="src/pymortests/vectorarray.py" line="627" name="test_l1_norm[2-&lt;lambda&gt;22]" time="0.006062030792236328"></testcase><testcase classname="src.pymortests.vectorarray" file="src/pymortests/vectorarray.py" line="627" name="test_l1_norm[2-&lt;lambda&gt;23]" time="0.004928112030029297"></testcase><testcase classname="src.pymortests.vectorarray" file="src/pymortests/vectorarray.py" line="627" name="test_l1_norm[2-&lt;lambda&gt;24]" time="0.0208127498626709"></testcase><testcase classname="src.pymortests.vectorarray" file="src/pymortests/vectorarray.py" line="627" name="test_l1_norm[2-&lt;lambda&gt;25]" time="0.42593884468078613"></testcase><testcase classname="src.pymortests.vectorarray" file="src/pymortests/vectorarray.py" line="627" name="test_l1_norm[2-&lt;lambda&gt;26]" time="0.9945976734161377"></testcase><testcase classname="src.pymortests.vectorarray" file="src/pymortests/vectorarray.py" line="649" name="test_l2_norm[0-&lt;lambda&gt;0]" time="0.006605386734008789"></testcase><testcase classname="src.pymortests.vectorarray" file="src/pymortests/vectorarray.py" line="649" name="test_l2_norm[0-&lt;lambda&gt;1]" time="0.005662202835083008"></testcase><testcase classname="src.pymortests.vectorarray" file="src/pymortests/vectorarray.py" line="649" name="test_l2_norm[0-&lt;lambda&gt;2]" time="0.006781101226806641"></testcase><testcase classname="src.pymortests.vectorarray" file="src/pymortests/vectorarray.py" line="649" name="test_l2_norm[0-&lt;lambda&gt;3]" time="0.007992267608642578"></testcase><testcase classname="src.pymortests.vectorarray" file="src/pymortests/vectorarray.py" line="649" name="test_l2_norm[0-&lt;lambda&gt;4]" time="0.008058547973632812"></testcase><testcase classname="src.pymortests.vectorarray" file="src/pymortests/vectorarray.py" line="649" name="test_l2_norm[0-&lt;lambda&gt;5]" time="0.00482630729675293"></testcase><testcase classname="src.pymortests.vectorarray" file="src/pymortests/vectorarray.py" line="649" name="test_l2_norm[0-&lt;lambda&gt;6]" time="0.004643440246582031"></testcase><testcase classname="src.pymortests.vectorarray" file="src/pymortests/vectorarray.py" line="649" name="test_l2_norm[0-&lt;lambda&gt;7]" time="0.0073659420013427734"></testcase><testcase classname="src.pymortests.vectorarray" file="src/pymortests/vectorarray.py" line="649" name="test_l2_norm[0-&lt;lambda&gt;8]" time="0.027101993560791016"></testcase><testcase classname="src.pymortests.vectorarray" file="src/pymortests/vectorarray.py" line="649" name="test_l2_norm[0-&lt;lambda&gt;9]" time="0.05113697052001953"></testcase><testcase classname="src.pymortests.vectorarray" file="src/pymortests/vectorarray.py" line="649" name="test_l2_norm[0-&lt;lambda&gt;10]" time="0.009516477584838867"></testcase><testcase classname="src.pymortests.vectorarray" file="src/pymortests/vectorarray.py" line="649" name="test_l2_norm[0-&lt;lambda&gt;11]" time="0.011421918869018555"></testcase><testcase classname="src.pymortests.vectorarray" file="src/pymortests/vectorarray.py" line="649" name="test_l2_norm[0-&lt;lambda&gt;12]" time="0.011584043502807617"></testcase><testcase classname="src.pymortests.vectorarray" file="src/pymortests/vectorarray.py" line="649" name="test_l2_norm[0-&lt;lambda&gt;13]" time="0.009526252746582031"></testcase><testcase classname="src.pymortests.vectorarray" file="src/pymortests/vectorarray.py" line="649" name="test_l2_norm[0-&lt;lambda&gt;14]" time="0.011655330657958984"></testcase><testcase classname="src.pymortests.vectorarray" file="src/pymortests/vectorarray.py" line="649" name="test_l2_norm[0-&lt;lambda&gt;15]" time="0.015393733978271484"></testcase><testcase classname="src.pymortests.vectorarray" file="src/pymortests/vectorarray.py" line="649" name="test_l2_norm[0-&lt;lambda&gt;16]" time="0.01651310920715332"></testcase><testcase classname="src.pymortests.vectorarray" file="src/pymortests/vectorarray.py" line="649" name="test_l2_norm[0-&lt;lambda&gt;17]" time="0.012351274490356445"></testcase><testcase classname="src.pymortests.vectorarray" file="src/pymortests/vectorarray.py" line="649" name="test_l2_norm[0-&lt;lambda&gt;18]" time="0.012347936630249023"></testcase><testcase classname="src.pymortests.vectorarray" file="src/pymortests/vectorarray.py" line="649" name="test_l2_norm[0-&lt;lambda&gt;19]" time="0.021328449249267578"></testcase><testcase classname="src.pymortests.vectorarray" file="src/pymortests/vectorarray.py" line="649" name="test_l2_norm[0-&lt;lambda&gt;20]" time="0.051413774490356445"></testcase><testcase classname="src.pymortests.vectorarray" file="src/pymortests/vectorarray.py" line="649" name="test_l2_norm[0-&lt;lambda&gt;21]" time="0.11025285720825195"></testcase><testcase classname="src.pymortests.vectorarray" file="src/pymortests/vectorarray.py" line="649" name="test_l2_norm[0-&lt;lambda&gt;22]" time="0.006179094314575195"></testcase><testcase classname="src.pymortests.vectorarray" file="src/pymortests/vectorarray.py" line="649" name="test_l2_norm[0-&lt;lambda&gt;23]" time="0.0049288272857666016"></testcase><testcase classname="src.pymortests.vectorarray" file="src/pymortests/vectorarray.py" line="649" name="test_l2_norm[0-&lt;lambda&gt;24]" time="0.017732620239257812"></testcase><testcase classname="src.pymortests.vectorarray" file="src/pymortests/vectorarray.py" line="649" name="test_l2_norm[0-&lt;lambda&gt;25]" time="0.37414097785949707"></testcase><testcase classname="src.pymortests.vectorarray" file="src/pymortests/vectorarray.py" line="649" name="test_l2_norm[0-&lt;lambda&gt;26]" time="0.8714921474456787"></testcase><testcase classname="src.pymortests.vectorarray" file="src/pymortests/vectorarray.py" line="649" name="test_l2_norm[1-&lt;lambda&gt;0]" time="0.0067713260650634766"></testcase><testcase classname="src.pymortests.vectorarray" file="src/pymortests/vectorarray.py" line="649" name="test_l2_norm[1-&lt;lambda&gt;1]" time="0.005601644515991211"></testcase><testcase classname="src.pymortests.vectorarray" file="src/pymortests/vectorarray.py" line="649" name="test_l2_norm[1-&lt;lambda&gt;2]" time="0.006707906723022461"></testcase><testcase classname="src.pymortests.vectorarray" file="src/pymortests/vectorarray.py" line="649" name="test_l2_norm[1-&lt;lambda&gt;3]" time="0.007800579071044922"></testcase><testcase classname="src.pymortests.vectorarray" file="src/pymortests/vectorarray.py" line="649" name="test_l2_norm[1-&lt;lambda&gt;4]" time="0.008008718490600586"></testcase><testcase classname="src.pymortests.vectorarray" file="src/pymortests/vectorarray.py" line="649" name="test_l2_norm[1-&lt;lambda&gt;5]" time="0.004759073257446289"></testcase><testcase classname="src.pymortests.vectorarray" file="src/pymortests/vectorarray.py" line="649" name="test_l2_norm[1-&lt;lambda&gt;6]" time="0.004570484161376953"></testcase><testcase classname="src.pymortests.vectorarray" file="src/pymortests/vectorarray.py" line="649" name="test_l2_norm[1-&lt;lambda&gt;7]" time="0.007389545440673828"></testcase><testcase classname="src.pymortests.vectorarray" file="src/pymortests/vectorarray.py" line="649" name="test_l2_norm[1-&lt;lambda&gt;8]" time="0.027187824249267578"></testcase><testcase classname="src.pymortests.vectorarray" file="src/pymortests/vectorarray.py" line="649" name="test_l2_norm[1-&lt;lambda&gt;9]" time="0.051958560943603516"></testcase><testcase classname="src.pymortests.vectorarray" file="src/pymortests/vectorarray.py" line="649" name="test_l2_norm[1-&lt;lambda&gt;10]" time="0.009680747985839844"></testcase><testcase classname="src.pymortests.vectorarray" file="src/pymortests/vectorarray.py" line="649" name="test_l2_norm[1-&lt;lambda&gt;11]" time="0.011607646942138672"></testcase><testcase classname="src.pymortests.vectorarray" file="src/pymortests/vectorarray.py" line="649" name="test_l2_norm[1-&lt;lambda&gt;12]" time="0.011352062225341797"></testcase><testcase classname="src.pymortests.vectorarray" file="src/pymortests/vectorarray.py" line="649" name="test_l2_norm[1-&lt;lambda&gt;13]" time="0.009595155715942383"></testcase><testcase classname="src.pymortests.vectorarray" file="src/pymortests/vectorarray.py" line="649" name="test_l2_norm[1-&lt;lambda&gt;14]" time="0.01186823844909668"></testcase><testcase classname="src.pymortests.vectorarray" file="src/pymortests/vectorarray.py" line="649" name="test_l2_norm[1-&lt;lambda&gt;15]" time="0.015450000762939453"></testcase><testcase classname="src.pymortests.vectorarray" file="src/pymortests/vectorarray.py" line="649" name="test_l2_norm[1-&lt;lambda&gt;16]" time="0.01674365997314453"></testcase><testcase classname="src.pymortests.vectorarray" file="src/pymortests/vectorarray.py" line="649" name="test_l2_norm[1-&lt;lambda&gt;17]" time="0.012088537216186523"></testcase><testcase classname="src.pymortests.vectorarray" file="src/pymortests/vectorarray.py" line="649" name="test_l2_norm[1-&lt;lambda&gt;18]" time="0.012546777725219727"></testcase><testcase classname="src.pymortests.vectorarray" file="src/pymortests/vectorarray.py" line="649" name="test_l2_norm[1-&lt;lambda&gt;19]" time="0.0220639705657959"></testcase><testcase classname="src.pymortests.vectorarray" file="src/pymortests/vectorarray.py" line="649" name="test_l2_norm[1-&lt;lambda&gt;20]" time="0.05228471755981445"></testcase><testcase classname="src.pymortests.vectorarray" file="src/pymortests/vectorarray.py" line="649" name="test_l2_norm[1-&lt;lambda&gt;21]" time="0.10964274406433105"></testcase><testcase classname="src.pymortests.vectorarray" file="src/pymortests/vectorarray.py" line="649" name="test_l2_norm[1-&lt;lambda&gt;22]" time="0.0061953067779541016"></testcase><testcase classname="src.pymortests.vectorarray" file="src/pymortests/vectorarray.py" line="649" name="test_l2_norm[1-&lt;lambda&gt;23]" time="0.005228996276855469"></testcase><testcase classname="src.pymortests.vectorarray" file="src/pymortests/vectorarray.py" line="649" name="test_l2_norm[1-&lt;lambda&gt;24]" time="0.018204927444458008"></testcase><testcase classname="src.pymortests.vectorarray" file="src/pymortests/vectorarray.py" line="649" name="test_l2_norm[1-&lt;lambda&gt;25]" time="0.39900827407836914"></testcase><testcase classname="src.pymortests.vectorarray" file="src/pymortests/vectorarray.py" line="649" name="test_l2_norm[1-&lt;lambda&gt;26]" time="0.9322676658630371"></testcase><testcase classname="src.pymortests.vectorarray" file="src/pymortests/vectorarray.py" line="649" name="test_l2_norm[2-&lt;lambda&gt;0]" time="0.006711244583129883"></testcase><testcase classname="src.pymortests.vectorarray" file="src/pymortests/vectorarray.py" line="649" name="test_l2_norm[2-&lt;lambda&gt;1]" time="0.005639314651489258"></testcase><testcase classname="src.pymortests.vectorarray" file="src/pymortests/vectorarray.py" line="649" name="test_l2_norm[2-&lt;lambda&gt;2]" time="0.006862163543701172"></testcase><testcase classname="src.pymortests.vectorarray" file="src/pymortests/vectorarray.py" line="649" name="test_l2_norm[2-&lt;lambda&gt;3]" time="0.0076601505279541016"></testcase><testcase classname="src.pymortests.vectorarray" file="src/pymortests/vectorarray.py" line="649" name="test_l2_norm[2-&lt;lambda&gt;4]" time="0.008140325546264648"></testcase><testcase classname="src.pymortests.vectorarray" file="src/pymortests/vectorarray.py" line="649" name="test_l2_norm[2-&lt;lambda&gt;5]" time="0.0050296783447265625"></testcase><testcase classname="src.pymortests.vectorarray" file="src/pymortests/vectorarray.py" line="649" name="test_l2_norm[2-&lt;lambda&gt;6]" time="0.004576921463012695"></testcase><testcase classname="src.pymortests.vectorarray" file="src/pymortests/vectorarray.py" line="649" name="test_l2_norm[2-&lt;lambda&gt;7]" time="0.007505655288696289"></testcase><testcase classname="src.pymortests.vectorarray" file="src/pymortests/vectorarray.py" line="649" name="test_l2_norm[2-&lt;lambda&gt;8]" time="0.027024030685424805"></testcase><testcase classname="src.pymortests.vectorarray" file="src/pymortests/vectorarray.py" line="649" name="test_l2_norm[2-&lt;lambda&gt;9]" time="0.05151700973510742"></testcase><testcase classname="src.pymortests.vectorarray" file="src/pymortests/vectorarray.py" line="649" name="test_l2_norm[2-&lt;lambda&gt;10]" time="0.009700775146484375"></testcase><testcase classname="src.pymortests.vectorarray" file="src/pymortests/vectorarray.py" line="649" name="test_l2_norm[2-&lt;lambda&gt;11]" time="0.01166987419128418"></testcase><testcase classname="src.pymortests.vectorarray" file="src/pymortests/vectorarray.py" line="649" name="test_l2_norm[2-&lt;lambda&gt;12]" time="0.011467933654785156"></testcase><testcase classname="src.pymortests.vectorarray" file="src/pymortests/vectorarray.py" line="649" name="test_l2_norm[2-&lt;lambda&gt;13]" time="0.009704828262329102"></testcase><testcase classname="src.pymortests.vectorarray" file="src/pymortests/vectorarray.py" line="649" name="test_l2_norm[2-&lt;lambda&gt;14]" time="0.011673450469970703"></testcase><testcase classname="src.pymortests.vectorarray" file="src/pymortests/vectorarray.py" line="649" name="test_l2_norm[2-&lt;lambda&gt;15]" time="0.015429258346557617"></testcase><testcase classname="src.pymortests.vectorarray" file="src/pymortests/vectorarray.py" line="649" name="test_l2_norm[2-&lt;lambda&gt;16]" time="0.01676177978515625"></testcase><testcase classname="src.pymortests.vectorarray" file="src/pymortests/vectorarray.py" line="649" name="test_l2_norm[2-&lt;lambda&gt;17]" time="0.011962175369262695"></testcase><testcase classname="src.pymortests.vectorarray" file="src/pymortests/vectorarray.py" line="649" name="test_l2_norm[2-&lt;lambda&gt;18]" time="0.011914253234863281"></testcase><testcase classname="src.pymortests.vectorarray" file="src/pymortests/vectorarray.py" line="649" name="test_l2_norm[2-&lt;lambda&gt;19]" time="0.021152734756469727"></testcase><testcase classname="src.pymortests.vectorarray" file="src/pymortests/vectorarray.py" line="649" name="test_l2_norm[2-&lt;lambda&gt;20]" time="0.05086016654968262"></testcase><testcase classname="src.pymortests.vectorarray" file="src/pymortests/vectorarray.py" line="649" name="test_l2_norm[2-&lt;lambda&gt;21]" time="0.11109113693237305"></testcase><testcase classname="src.pymortests.vectorarray" file="src/pymortests/vectorarray.py" line="649" name="test_l2_norm[2-&lt;lambda&gt;22]" time="0.006018638610839844"></testcase><testcase classname="src.pymortests.vectorarray" file="src/pymortests/vectorarray.py" line="649" name="test_l2_norm[2-&lt;lambda&gt;23]" time="0.004976987838745117"></testcase><testcase classname="src.pymortests.vectorarray" file="src/pymortests/vectorarray.py" line="649" name="test_l2_norm[2-&lt;lambda&gt;24]" time="0.018299579620361328"></testcase><testcase classname="src.pymortests.vectorarray" file="src/pymortests/vectorarray.py" line="649" name="test_l2_norm[2-&lt;lambda&gt;25]" time="0.40495944023132324"></testcase><testcase classname="src.pymortests.vectorarray" file="src/pymortests/vectorarray.py" line="649" name="test_l2_norm[2-&lt;lambda&gt;26]" time="0.9267795085906982"></testcase><testcase classname="src.pymortests.vectorarray" file="src/pymortests/vectorarray.py" line="671" name="test_l2_norm2[0-&lt;lambda&gt;0]" time="0.0062749385833740234"></testcase><testcase classname="src.pymortests.vectorarray" file="src/pymortests/vectorarray.py" line="671" name="test_l2_norm2[0-&lt;lambda&gt;1]" time="0.005517005920410156"></testcase><testcase classname="src.pymortests.vectorarray" file="src/pymortests/vectorarray.py" line="671" name="test_l2_norm2[0-&lt;lambda&gt;2]" time="0.006392240524291992"></testcase><testcase classname="src.pymortests.vectorarray" file="src/pymortests/vectorarray.py" line="671" name="test_l2_norm2[0-&lt;lambda&gt;3]" time="0.0073394775390625"></testcase><testcase classname="src.pymortests.vectorarray" file="src/pymortests/vectorarray.py" line="671" name="test_l2_norm2[0-&lt;lambda&gt;4]" time="0.007980108261108398"></testcase><testcase classname="src.pymortests.vectorarray" file="src/pymortests/vectorarray.py" line="671" name="test_l2_norm2[0-&lt;lambda&gt;5]" time="0.004727840423583984"></testcase><testcase classname="src.pymortests.vectorarray" file="src/pymortests/vectorarray.py" line="671" name="test_l2_norm2[0-&lt;lambda&gt;6]" time="0.004523038864135742"></testcase><testcase classname="src.pymortests.vectorarray" file="src/pymortests/vectorarray.py" line="671" name="test_l2_norm2[0-&lt;lambda&gt;7]" time="0.007182121276855469"></testcase><testcase classname="src.pymortests.vectorarray" file="src/pymortests/vectorarray.py" line="671" name="test_l2_norm2[0-&lt;lambda&gt;8]" time="0.027098417282104492"></testcase><testcase classname="src.pymortests.vectorarray" file="src/pymortests/vectorarray.py" line="671" name="test_l2_norm2[0-&lt;lambda&gt;9]" time="0.05226564407348633"></testcase><testcase classname="src.pymortests.vectorarray" file="src/pymortests/vectorarray.py" line="671" name="test_l2_norm2[0-&lt;lambda&gt;10]" time="0.009637594223022461"></testcase><testcase classname="src.pymortests.vectorarray" file="src/pymortests/vectorarray.py" line="671" name="test_l2_norm2[0-&lt;lambda&gt;11]" time="0.011479854583740234"></testcase><testcase classname="src.pymortests.vectorarray" file="src/pymortests/vectorarray.py" line="671" name="test_l2_norm2[0-&lt;lambda&gt;12]" time="0.011257410049438477"></testcase><testcase classname="src.pymortests.vectorarray" file="src/pymortests/vectorarray.py" line="671" name="test_l2_norm2[0-&lt;lambda&gt;13]" time="0.009520292282104492"></testcase><testcase classname="src.pymortests.vectorarray" file="src/pymortests/vectorarray.py" line="671" name="test_l2_norm2[0-&lt;lambda&gt;14]" time="0.011536598205566406"></testcase><testcase classname="src.pymortests.vectorarray" file="src/pymortests/vectorarray.py" line="671" name="test_l2_norm2[0-&lt;lambda&gt;15]" time="0.015210390090942383"></testcase><testcase classname="src.pymortests.vectorarray" file="src/pymortests/vectorarray.py" line="671" name="test_l2_norm2[0-&lt;lambda&gt;16]" time="0.016193866729736328"></testcase><testcase classname="src.pymortests.vectorarray" file="src/pymortests/vectorarray.py" line="671" name="test_l2_norm2[0-&lt;lambda&gt;17]" time="0.01200723648071289"></testcase><testcase classname="src.pymortests.vectorarray" file="src/pymortests/vectorarray.py" line="671" name="test_l2_norm2[0-&lt;lambda&gt;18]" time="0.012160539627075195"></testcase><testcase classname="src.pymortests.vectorarray" file="src/pymortests/vectorarray.py" line="671" name="test_l2_norm2[0-&lt;lambda&gt;19]" time="0.02173018455505371"></testcase><testcase classname="src.pymortests.vectorarray" file="src/pymortests/vectorarray.py" line="671" name="test_l2_norm2[0-&lt;lambda&gt;20]" time="0.0516505241394043"></testcase><testcase classname="src.pymortests.vectorarray" file="src/pymortests/vectorarray.py" line="671" name="test_l2_norm2[0-&lt;lambda&gt;21]" time="0.1089942455291748"></testcase><testcase classname="src.pymortests.vectorarray" file="src/pymortests/vectorarray.py" line="671" name="test_l2_norm2[0-&lt;lambda&gt;22]" time="0.006033182144165039"></testcase><testcase classname="src.pymortests.vectorarray" file="src/pymortests/vectorarray.py" line="671" name="test_l2_norm2[0-&lt;lambda&gt;23]" time="0.004906892776489258"></testcase><testcase classname="src.pymortests.vectorarray" file="src/pymortests/vectorarray.py" line="671" name="test_l2_norm2[0-&lt;lambda&gt;24]" time="0.017794132232666016"></testcase><testcase classname="src.pymortests.vectorarray" file="src/pymortests/vectorarray.py" line="671" name="test_l2_norm2[0-&lt;lambda&gt;25]" time="0.3753793239593506"></testcase><testcase classname="src.pymortests.vectorarray" file="src/pymortests/vectorarray.py" line="671" name="test_l2_norm2[0-&lt;lambda&gt;26]" time="0.8774924278259277"></testcase><testcase classname="src.pymortests.vectorarray" file="src/pymortests/vectorarray.py" line="671" name="test_l2_norm2[1-&lt;lambda&gt;0]" time="0.006560325622558594"></testcase><testcase classname="src.pymortests.vectorarray" file="src/pymortests/vectorarray.py" line="671" name="test_l2_norm2[1-&lt;lambda&gt;1]" time="0.005376577377319336"></testcase><testcase classname="src.pymortests.vectorarray" file="src/pymortests/vectorarray.py" line="671" name="test_l2_norm2[1-&lt;lambda&gt;2]" time="0.006624460220336914"></testcase><testcase classname="src.pymortests.vectorarray" file="src/pymortests/vectorarray.py" line="671" name="test_l2_norm2[1-&lt;lambda&gt;3]" time="0.007552146911621094"></testcase><testcase classname="src.pymortests.vectorarray" file="src/pymortests/vectorarray.py" line="671" name="test_l2_norm2[1-&lt;lambda&gt;4]" time="0.00771784782409668"></testcase><testcase classname="src.pymortests.vectorarray" file="src/pymortests/vectorarray.py" line="671" name="test_l2_norm2[1-&lt;lambda&gt;5]" time="0.004772186279296875"></testcase><testcase classname="src.pymortests.vectorarray" file="src/pymortests/vectorarray.py" line="671" name="test_l2_norm2[1-&lt;lambda&gt;6]" time="0.004529237747192383"></testcase><testcase classname="src.pymortests.vectorarray" file="src/pymortests/vectorarray.py" line="671" name="test_l2_norm2[1-&lt;lambda&gt;7]" time="0.007371425628662109"></testcase><testcase classname="src.pymortests.vectorarray" file="src/pymortests/vectorarray.py" line="671" name="test_l2_norm2[1-&lt;lambda&gt;8]" time="0.027260303497314453"></testcase><testcase classname="src.pymortests.vectorarray" file="src/pymortests/vectorarray.py" line="671" name="test_l2_norm2[1-&lt;lambda&gt;9]" time="0.05266594886779785"></testcase><testcase classname="src.pymortests.vectorarray" file="src/pymortests/vectorarray.py" line="671" name="test_l2_norm2[1-&lt;lambda&gt;10]" time="0.00957345962524414"></testcase><testcase classname="src.pymortests.vectorarray" file="src/pymortests/vectorarray.py" line="671" name="test_l2_norm2[1-&lt;lambda&gt;11]" time="0.011528730392456055"></testcase><testcase classname="src.pymortests.vectorarray" file="src/pymortests/vectorarray.py" line="671" name="test_l2_norm2[1-&lt;lambda&gt;12]" time="0.011257648468017578"></testcase><testcase classname="src.pymortests.vectorarray" file="src/pymortests/vectorarray.py" line="671" name="test_l2_norm2[1-&lt;lambda&gt;13]" time="0.009653568267822266"></testcase><testcase classname="src.pymortests.vectorarray" file="src/pymortests/vectorarray.py" line="671" name="test_l2_norm2[1-&lt;lambda&gt;14]" time="0.0113525390625"></testcase><testcase classname="src.pymortests.vectorarray" file="src/pymortests/vectorarray.py" line="671" name="test_l2_norm2[1-&lt;lambda&gt;15]" time="0.013988733291625977"></testcase><testcase classname="src.pymortests.vectorarray" file="src/pymortests/vectorarray.py" line="671" name="test_l2_norm2[1-&lt;lambda&gt;16]" time="0.01667046546936035"></testcase><testcase classname="src.pymortests.vectorarray" file="src/pymortests/vectorarray.py" line="671" name="test_l2_norm2[1-&lt;lambda&gt;17]" time="0.012197732925415039"></testcase><testcase classname="src.pymortests.vectorarray" file="src/pymortests/vectorarray.py" line="671" name="test_l2_norm2[1-&lt;lambda&gt;18]" time="0.011968374252319336"></testcase><testcase classname="src.pymortests.vectorarray" file="src/pymortests/vectorarray.py" line="671" name="test_l2_norm2[1-&lt;lambda&gt;19]" time="0.02181720733642578"></testcase><testcase classname="src.pymortests.vectorarray" file="src/pymortests/vectorarray.py" line="671" name="test_l2_norm2[1-&lt;lambda&gt;20]" time="0.052974700927734375"></testcase><testcase classname="src.pymortests.vectorarray" file="src/pymortests/vectorarray.py" line="671" name="test_l2_norm2[1-&lt;lambda&gt;21]" time="0.11020159721374512"></testcase><testcase classname="src.pymortests.vectorarray" file="src/pymortests/vectorarray.py" line="671" name="test_l2_norm2[1-&lt;lambda&gt;22]" time="0.006146907806396484"></testcase><testcase classname="src.pymortests.vectorarray" file="src/pymortests/vectorarray.py" line="671" name="test_l2_norm2[1-&lt;lambda&gt;23]" time="0.004958391189575195"></testcase><testcase classname="src.pymortests.vectorarray" file="src/pymortests/vectorarray.py" line="671" name="test_l2_norm2[1-&lt;lambda&gt;24]" time="0.02016282081604004"></testcase><testcase classname="src.pymortests.vectorarray" file="src/pymortests/vectorarray.py" line="671" name="test_l2_norm2[1-&lt;lambda&gt;25]" time="0.3967573642730713"></testcase><testcase classname="src.pymortests.vectorarray" file="src/pymortests/vectorarray.py" line="671" name="test_l2_norm2[1-&lt;lambda&gt;26]" time="0.9198994636535645"></testcase><testcase classname="src.pymortests.vectorarray" file="src/pymortests/vectorarray.py" line="671" name="test_l2_norm2[2-&lt;lambda&gt;0]" time="0.006384372711181641"></testcase><testcase classname="src.pymortests.vectorarray" file="src/pymortests/vectorarray.py" line="671" name="test_l2_norm2[2-&lt;lambda&gt;1]" time="0.005548954010009766"></testcase><testcase classname="src.pymortests.vectorarray" file="src/pymortests/vectorarray.py" line="671" name="test_l2_norm2[2-&lt;lambda&gt;2]" time="0.0063550472259521484"></testcase><testcase classname="src.pymortests.vectorarray" file="src/pymortests/vectorarray.py" line="671" name="test_l2_norm2[2-&lt;lambda&gt;3]" time="0.007409095764160156"></testcase><testcase classname="src.pymortests.vectorarray" file="src/pymortests/vectorarray.py" line="671" name="test_l2_norm2[2-&lt;lambda&gt;4]" time="0.007675886154174805"></testcase><testcase classname="src.pymortests.vectorarray" file="src/pymortests/vectorarray.py" line="671" name="test_l2_norm2[2-&lt;lambda&gt;5]" time="0.004715681076049805"></testcase><testcase classname="src.pymortests.vectorarray" file="src/pymortests/vectorarray.py" line="671" name="test_l2_norm2[2-&lt;lambda&gt;6]" time="0.004631757736206055"></testcase><testcase classname="src.pymortests.vectorarray" file="src/pymortests/vectorarray.py" line="671" name="test_l2_norm2[2-&lt;lambda&gt;7]" time="0.007354259490966797"></testcase><testcase classname="src.pymortests.vectorarray" file="src/pymortests/vectorarray.py" line="671" name="test_l2_norm2[2-&lt;lambda&gt;8]" time="0.02722764015197754"></testcase><testcase classname="src.pymortests.vectorarray" file="src/pymortests/vectorarray.py" line="671" name="test_l2_norm2[2-&lt;lambda&gt;9]" time="0.0534517765045166"></testcase><testcase classname="src.pymortests.vectorarray" file="src/pymortests/vectorarray.py" line="671" name="test_l2_norm2[2-&lt;lambda&gt;10]" time="0.009730815887451172"></testcase><testcase classname="src.pymortests.vectorarray" file="src/pymortests/vectorarray.py" line="671" name="test_l2_norm2[2-&lt;lambda&gt;11]" time="0.011545181274414062"></testcase><testcase classname="src.pymortests.vectorarray" file="src/pymortests/vectorarray.py" line="671" name="test_l2_norm2[2-&lt;lambda&gt;12]" time="0.011278152465820312"></testcase><testcase classname="src.pymortests.vectorarray" file="src/pymortests/vectorarray.py" line="671" name="test_l2_norm2[2-&lt;lambda&gt;13]" time="0.009504556655883789"></testcase><testcase classname="src.pymortests.vectorarray" file="src/pymortests/vectorarray.py" line="671" name="test_l2_norm2[2-&lt;lambda&gt;14]" time="0.011456727981567383"></testcase><testcase classname="src.pymortests.vectorarray" file="src/pymortests/vectorarray.py" line="671" name="test_l2_norm2[2-&lt;lambda&gt;15]" time="0.01559138298034668"></testcase><testcase classname="src.pymortests.vectorarray" file="src/pymortests/vectorarray.py" line="671" name="test_l2_norm2[2-&lt;lambda&gt;16]" time="0.016393661499023438"></testcase><testcase classname="src.pymortests.vectorarray" file="src/pymortests/vectorarray.py" line="671" name="test_l2_norm2[2-&lt;lambda&gt;17]" time="0.012251138687133789"></testcase><testcase classname="src.pymortests.vectorarray" file="src/pymortests/vectorarray.py" line="671" name="test_l2_norm2[2-&lt;lambda&gt;18]" time="0.012115001678466797"></testcase><testcase classname="src.pymortests.vectorarray" file="src/pymortests/vectorarray.py" line="671" name="test_l2_norm2[2-&lt;lambda&gt;19]" time="0.022332429885864258"></testcase><testcase classname="src.pymortests.vectorarray" file="src/pymortests/vectorarray.py" line="671" name="test_l2_norm2[2-&lt;lambda&gt;20]" time="0.05379605293273926"></testcase><testcase classname="src.pymortests.vectorarray" file="src/pymortests/vectorarray.py" line="671" name="test_l2_norm2[2-&lt;lambda&gt;21]" time="0.10912489891052246"></testcase><testcase classname="src.pymortests.vectorarray" file="src/pymortests/vectorarray.py" line="671" name="test_l2_norm2[2-&lt;lambda&gt;22]" time="0.0060710906982421875"></testcase><testcase classname="src.pymortests.vectorarray" file="src/pymortests/vectorarray.py" line="671" name="test_l2_norm2[2-&lt;lambda&gt;23]" time="0.004922151565551758"></testcase><testcase classname="src.pymortests.vectorarray" file="src/pymortests/vectorarray.py" line="671" name="test_l2_norm2[2-&lt;lambda&gt;24]" time="0.018297672271728516"></testcase><testcase classname="src.pymortests.vectorarray" file="src/pymortests/vectorarray.py" line="671" name="test_l2_norm2[2-&lt;lambda&gt;25]" time="0.39956092834472656"></testcase><testcase classname="src.pymortests.vectorarray" file="src/pymortests/vectorarray.py" line="671" name="test_l2_norm2[2-&lt;lambda&gt;26]" time="0.9187593460083008"></testcase><testcase classname="src.pymortests.vectorarray" file="src/pymortests/vectorarray.py" line="693" name="test_sup_norm[0-&lt;lambda&gt;0]" time="0.005563974380493164"></testcase><testcase classname="src.pymortests.vectorarray" file="src/pymortests/vectorarray.py" line="693" name="test_sup_norm[0-&lt;lambda&gt;1]" time="0.005865335464477539"></testcase><testcase classname="src.pymortests.vectorarray" file="src/pymortests/vectorarray.py" line="693" name="test_sup_norm[0-&lt;lambda&gt;2]" time="0.006826639175415039"></testcase><testcase classname="src.pymortests.vectorarray" file="src/pymortests/vectorarray.py" line="693" name="test_sup_norm[0-&lt;lambda&gt;3]" time="0.007956266403198242"></testcase><testcase classname="src.pymortests.vectorarray" file="src/pymortests/vectorarray.py" line="693" name="test_sup_norm[0-&lt;lambda&gt;4]" time="0.006233930587768555"></testcase><testcase classname="src.pymortests.vectorarray" file="src/pymortests/vectorarray.py" line="693" name="test_sup_norm[0-&lt;lambda&gt;5]" time="0.004086017608642578"></testcase><testcase classname="src.pymortests.vectorarray" file="src/pymortests/vectorarray.py" line="693" name="test_sup_norm[0-&lt;lambda&gt;6]" time="0.0046689510345458984"></testcase><testcase classname="src.pymortests.vectorarray" file="src/pymortests/vectorarray.py" line="693" name="test_sup_norm[0-&lt;lambda&gt;7]" time="0.007038116455078125"></testcase><testcase classname="src.pymortests.vectorarray" file="src/pymortests/vectorarray.py" line="693" name="test_sup_norm[0-&lt;lambda&gt;8]" time="0.024207353591918945"></testcase><testcase classname="src.pymortests.vectorarray" file="src/pymortests/vectorarray.py" line="693" name="test_sup_norm[0-&lt;lambda&gt;9]" time="0.027592897415161133"></testcase><testcase classname="src.pymortests.vectorarray" file="src/pymortests/vectorarray.py" line="693" name="test_sup_norm[0-&lt;lambda&gt;10]" time="0.010059356689453125"></testcase><testcase classname="src.pymortests.vectorarray" file="src/pymortests/vectorarray.py" line="693" name="test_sup_norm[0-&lt;lambda&gt;11]" time="0.011728048324584961"></testcase><testcase classname="src.pymortests.vectorarray" file="src/pymortests/vectorarray.py" line="693" name="test_sup_norm[0-&lt;lambda&gt;12]" time="0.009414911270141602"></testcase><testcase classname="src.pymortests.vectorarray" file="src/pymortests/vectorarray.py" line="693" name="test_sup_norm[0-&lt;lambda&gt;13]" time="0.0100860595703125"></testcase><testcase classname="src.pymortests.vectorarray" file="src/pymortests/vectorarray.py" line="693" name="test_sup_norm[0-&lt;lambda&gt;14]" time="0.012208223342895508"></testcase><testcase classname="src.pymortests.vectorarray" file="src/pymortests/vectorarray.py" line="693" name="test_sup_norm[0-&lt;lambda&gt;15]" time="0.016069412231445312"></testcase><testcase classname="src.pymortests.vectorarray" file="src/pymortests/vectorarray.py" line="693" name="test_sup_norm[0-&lt;lambda&gt;16]" time="0.017723798751831055"></testcase><testcase classname="src.pymortests.vectorarray" file="src/pymortests/vectorarray.py" line="693" name="test_sup_norm[0-&lt;lambda&gt;17]" time="0.024981260299682617"></testcase><testcase classname="src.pymortests.vectorarray" file="src/pymortests/vectorarray.py" line="693" name="test_sup_norm[0-&lt;lambda&gt;18]" time="0.02489471435546875"></testcase><testcase classname="src.pymortests.vectorarray" file="src/pymortests/vectorarray.py" line="693" name="test_sup_norm[0-&lt;lambda&gt;19]" time="0.0498049259185791"></testcase><testcase classname="src.pymortests.vectorarray" file="src/pymortests/vectorarray.py" line="693" name="test_sup_norm[0-&lt;lambda&gt;20]" time="0.06303739547729492"></testcase><testcase classname="src.pymortests.vectorarray" file="src/pymortests/vectorarray.py" line="693" name="test_sup_norm[0-&lt;lambda&gt;21]" time="0.11636066436767578"></testcase><testcase classname="src.pymortests.vectorarray" file="src/pymortests/vectorarray.py" line="693" name="test_sup_norm[0-&lt;lambda&gt;22]" time="0.0057370662689208984"></testcase><testcase classname="src.pymortests.vectorarray" file="src/pymortests/vectorarray.py" line="693" name="test_sup_norm[0-&lt;lambda&gt;23]" time="0.005539417266845703"></testcase><testcase classname="src.pymortests.vectorarray" file="src/pymortests/vectorarray.py" line="693" name="test_sup_norm[0-&lt;lambda&gt;24]" time="0.021158695220947266"></testcase><testcase classname="src.pymortests.vectorarray" file="src/pymortests/vectorarray.py" line="693" name="test_sup_norm[0-&lt;lambda&gt;25]" time="0.39917683601379395"></testcase><testcase classname="src.pymortests.vectorarray" file="src/pymortests/vectorarray.py" line="693" name="test_sup_norm[0-&lt;lambda&gt;26]" time="0.8460719585418701"></testcase><testcase classname="src.pymortests.vectorarray" file="src/pymortests/vectorarray.py" line="693" name="test_sup_norm[1-&lt;lambda&gt;0]" time="0.005797863006591797"></testcase><testcase classname="src.pymortests.vectorarray" file="src/pymortests/vectorarray.py" line="693" name="test_sup_norm[1-&lt;lambda&gt;1]" time="0.005614757537841797"></testcase><testcase classname="src.pymortests.vectorarray" file="src/pymortests/vectorarray.py" line="693" name="test_sup_norm[1-&lt;lambda&gt;2]" time="0.006667613983154297"></testcase><testcase classname="src.pymortests.vectorarray" file="src/pymortests/vectorarray.py" line="693" name="test_sup_norm[1-&lt;lambda&gt;3]" time="0.007707834243774414"></testcase><testcase classname="src.pymortests.vectorarray" file="src/pymortests/vectorarray.py" line="693" name="test_sup_norm[1-&lt;lambda&gt;4]" time="0.006401777267456055"></testcase><testcase classname="src.pymortests.vectorarray" file="src/pymortests/vectorarray.py" line="693" name="test_sup_norm[1-&lt;lambda&gt;5]" time="0.00407719612121582"></testcase><testcase classname="src.pymortests.vectorarray" file="src/pymortests/vectorarray.py" line="693" name="test_sup_norm[1-&lt;lambda&gt;6]" time="0.004633426666259766"></testcase><testcase classname="src.pymortests.vectorarray" file="src/pymortests/vectorarray.py" line="693" name="test_sup_norm[1-&lt;lambda&gt;7]" time="0.006976604461669922"></testcase><testcase classname="src.pymortests.vectorarray" file="src/pymortests/vectorarray.py" line="693" name="test_sup_norm[1-&lt;lambda&gt;8]" time="0.024137496948242188"></testcase><testcase classname="src.pymortests.vectorarray" file="src/pymortests/vectorarray.py" line="693" name="test_sup_norm[1-&lt;lambda&gt;9]" time="0.027512788772583008"></testcase><testcase classname="src.pymortests.vectorarray" file="src/pymortests/vectorarray.py" line="693" name="test_sup_norm[1-&lt;lambda&gt;10]" time="0.009809732437133789"></testcase><testcase classname="src.pymortests.vectorarray" file="src/pymortests/vectorarray.py" line="693" name="test_sup_norm[1-&lt;lambda&gt;11]" time="0.011826753616333008"></testcase><testcase classname="src.pymortests.vectorarray" file="src/pymortests/vectorarray.py" line="693" name="test_sup_norm[1-&lt;lambda&gt;12]" time="0.009299039840698242"></testcase><testcase classname="src.pymortests.vectorarray" file="src/pymortests/vectorarray.py" line="693" name="test_sup_norm[1-&lt;lambda&gt;13]" time="0.009835958480834961"></testcase><testcase classname="src.pymortests.vectorarray" file="src/pymortests/vectorarray.py" line="693" name="test_sup_norm[1-&lt;lambda&gt;14]" time="0.012322187423706055"></testcase><testcase classname="src.pymortests.vectorarray" file="src/pymortests/vectorarray.py" line="693" name="test_sup_norm[1-&lt;lambda&gt;15]" time="0.017377853393554688"></testcase><testcase classname="src.pymortests.vectorarray" file="src/pymortests/vectorarray.py" line="693" name="test_sup_norm[1-&lt;lambda&gt;16]" time="0.01761484146118164"></testcase><testcase classname="src.pymortests.vectorarray" file="src/pymortests/vectorarray.py" line="693" name="test_sup_norm[1-&lt;lambda&gt;17]" time="0.026035070419311523"></testcase><testcase classname="src.pymortests.vectorarray" file="src/pymortests/vectorarray.py" line="693" name="test_sup_norm[1-&lt;lambda&gt;18]" time="0.028761863708496094"></testcase><testcase classname="src.pymortests.vectorarray" file="src/pymortests/vectorarray.py" line="693" name="test_sup_norm[1-&lt;lambda&gt;19]" time="0.05070066452026367"></testcase><testcase classname="src.pymortests.vectorarray" file="src/pymortests/vectorarray.py" line="693" name="test_sup_norm[1-&lt;lambda&gt;20]" time="0.06352710723876953"></testcase><testcase classname="src.pymortests.vectorarray" file="src/pymortests/vectorarray.py" line="693" name="test_sup_norm[1-&lt;lambda&gt;21]" time="0.11768579483032227"></testcase><testcase classname="src.pymortests.vectorarray" file="src/pymortests/vectorarray.py" line="693" name="test_sup_norm[1-&lt;lambda&gt;22]" time="0.005885124206542969"></testcase><testcase classname="src.pymortests.vectorarray" file="src/pymortests/vectorarray.py" line="693" name="test_sup_norm[1-&lt;lambda&gt;23]" time="0.005601644515991211"></testcase><testcase classname="src.pymortests.vectorarray" file="src/pymortests/vectorarray.py" line="693" name="test_sup_norm[1-&lt;lambda&gt;24]" time="0.020435333251953125"></testcase><testcase classname="src.pymortests.vectorarray" file="src/pymortests/vectorarray.py" line="693" name="test_sup_norm[1-&lt;lambda&gt;25]" time="0.4158599376678467"></testcase><testcase classname="src.pymortests.vectorarray" file="src/pymortests/vectorarray.py" line="693" name="test_sup_norm[1-&lt;lambda&gt;26]" time="0.8390052318572998"></testcase><testcase classname="src.pymortests.vectorarray" file="src/pymortests/vectorarray.py" line="693" name="test_sup_norm[2-&lt;lambda&gt;0]" time="0.00531768798828125"></testcase><testcase classname="src.pymortests.vectorarray" file="src/pymortests/vectorarray.py" line="693" name="test_sup_norm[2-&lt;lambda&gt;1]" time="0.005600929260253906"></testcase><testcase classname="src.pymortests.vectorarray" file="src/pymortests/vectorarray.py" line="693" name="test_sup_norm[2-&lt;lambda&gt;2]" time="0.0065729618072509766"></testcase><testcase classname="src.pymortests.vectorarray" file="src/pymortests/vectorarray.py" line="693" name="test_sup_norm[2-&lt;lambda&gt;3]" time="0.007692813873291016"></testcase><testcase classname="src.pymortests.vectorarray" file="src/pymortests/vectorarray.py" line="693" name="test_sup_norm[2-&lt;lambda&gt;4]" time="0.006178379058837891"></testcase><testcase classname="src.pymortests.vectorarray" file="src/pymortests/vectorarray.py" line="693" name="test_sup_norm[2-&lt;lambda&gt;5]" time="0.003947734832763672"></testcase><testcase classname="src.pymortests.vectorarray" file="src/pymortests/vectorarray.py" line="693" name="test_sup_norm[2-&lt;lambda&gt;6]" time="0.004612922668457031"></testcase><testcase classname="src.pymortests.vectorarray" file="src/pymortests/vectorarray.py" line="693" name="test_sup_norm[2-&lt;lambda&gt;7]" time="0.006908416748046875"></testcase><testcase classname="src.pymortests.vectorarray" file="src/pymortests/vectorarray.py" line="693" name="test_sup_norm[2-&lt;lambda&gt;8]" time="0.02568817138671875"></testcase><testcase classname="src.pymortests.vectorarray" file="src/pymortests/vectorarray.py" line="693" name="test_sup_norm[2-&lt;lambda&gt;9]" time="0.026956796646118164"></testcase><testcase classname="src.pymortests.vectorarray" file="src/pymortests/vectorarray.py" line="693" name="test_sup_norm[2-&lt;lambda&gt;10]" time="0.01015472412109375"></testcase><testcase classname="src.pymortests.vectorarray" file="src/pymortests/vectorarray.py" line="693" name="test_sup_norm[2-&lt;lambda&gt;11]" time="0.011568307876586914"></testcase><testcase classname="src.pymortests.vectorarray" file="src/pymortests/vectorarray.py" line="693" name="test_sup_norm[2-&lt;lambda&gt;12]" time="0.00919651985168457"></testcase><testcase classname="src.pymortests.vectorarray" file="src/pymortests/vectorarray.py" line="693" name="test_sup_norm[2-&lt;lambda&gt;13]" time="0.009921073913574219"></testcase><testcase classname="src.pymortests.vectorarray" file="src/pymortests/vectorarray.py" line="693" name="test_sup_norm[2-&lt;lambda&gt;14]" time="0.012002944946289062"></testcase><testcase classname="src.pymortests.vectorarray" file="src/pymortests/vectorarray.py" line="693" name="test_sup_norm[2-&lt;lambda&gt;15]" time="0.015948057174682617"></testcase><testcase classname="src.pymortests.vectorarray" file="src/pymortests/vectorarray.py" line="693" name="test_sup_norm[2-&lt;lambda&gt;16]" time="0.017381668090820312"></testcase><testcase classname="src.pymortests.vectorarray" file="src/pymortests/vectorarray.py" line="693" name="test_sup_norm[2-&lt;lambda&gt;17]" time="0.024610042572021484"></testcase><testcase classname="src.pymortests.vectorarray" file="src/pymortests/vectorarray.py" line="693" name="test_sup_norm[2-&lt;lambda&gt;18]" time="0.025021791458129883"></testcase><testcase classname="src.pymortests.vectorarray" file="src/pymortests/vectorarray.py" line="693" name="test_sup_norm[2-&lt;lambda&gt;19]" time="0.05067801475524902"></testcase><testcase classname="src.pymortests.vectorarray" file="src/pymortests/vectorarray.py" line="693" name="test_sup_norm[2-&lt;lambda&gt;20]" time="0.06176924705505371"></testcase><testcase classname="src.pymortests.vectorarray" file="src/pymortests/vectorarray.py" line="693" name="test_sup_norm[2-&lt;lambda&gt;21]" time="0.11322999000549316"></testcase><testcase classname="src.pymortests.vectorarray" file="src/pymortests/vectorarray.py" line="693" name="test_sup_norm[2-&lt;lambda&gt;22]" time="0.0056841373443603516"></testcase><testcase classname="src.pymortests.vectorarray" file="src/pymortests/vectorarray.py" line="693" name="test_sup_norm[2-&lt;lambda&gt;23]" time="0.006033897399902344"></testcase><testcase classname="src.pymortests.vectorarray" file="src/pymortests/vectorarray.py" line="693" name="test_sup_norm[2-&lt;lambda&gt;24]" time="0.020442724227905273"></testcase><testcase classname="src.pymortests.vectorarray" file="src/pymortests/vectorarray.py" line="693" name="test_sup_norm[2-&lt;lambda&gt;25]" time="0.41866636276245117"></testcase><testcase classname="src.pymortests.vectorarray" file="src/pymortests/vectorarray.py" line="693" name="test_sup_norm[2-&lt;lambda&gt;26]" time="0.8354475498199463"></testcase><testcase classname="src.pymortests.vectorarray" file="src/pymortests/vectorarray.py" line="716" name="test_dofs[0-&lt;lambda&gt;0]" time="0.0028939247131347656"></testcase><testcase classname="src.pymortests.vectorarray" file="src/pymortests/vectorarray.py" line="716" name="test_dofs[0-&lt;lambda&gt;1]" time="0.011981010437011719"></testcase><testcase classname="src.pymortests.vectorarray" file="src/pymortests/vectorarray.py" line="716" name="test_dofs[0-&lt;lambda&gt;2]" time="0.014637947082519531"></testcase><testcase classname="src.pymortests.vectorarray" file="src/pymortests/vectorarray.py" line="716" name="test_dofs[0-&lt;lambda&gt;3]" time="0.017412900924682617"></testcase><testcase classname="src.pymortests.vectorarray" file="src/pymortests/vectorarray.py" line="716" name="test_dofs[0-&lt;lambda&gt;4]" time="0.003983020782470703"></testcase><testcase classname="src.pymortests.vectorarray" file="src/pymortests/vectorarray.py" line="716" name="test_dofs[0-&lt;lambda&gt;5]" time="0.0018439292907714844"></testcase><testcase classname="src.pymortests.vectorarray" file="src/pymortests/vectorarray.py" line="716" name="test_dofs[0-&lt;lambda&gt;6]" time="0.009961605072021484"></testcase><testcase classname="src.pymortests.vectorarray" file="src/pymortests/vectorarray.py" line="716" name="test_dofs[0-&lt;lambda&gt;7]" time="0.015240907669067383"></testcase><testcase classname="src.pymortests.vectorarray" file="src/pymortests/vectorarray.py" line="716" name="test_dofs[0-&lt;lambda&gt;8]" time="0.06442379951477051"></testcase><testcase classname="src.pymortests.vectorarray" file="src/pymortests/vectorarray.py" line="716" name="test_dofs[0-&lt;lambda&gt;9]" time="0.015784502029418945"></testcase><testcase classname="src.pymortests.vectorarray" file="src/pymortests/vectorarray.py" line="716" name="test_dofs[0-&lt;lambda&gt;10]" time="0.03544282913208008"></testcase><testcase classname="src.pymortests.vectorarray" file="src/pymortests/vectorarray.py" line="716" name="test_dofs[0-&lt;lambda&gt;11]" time="0.041502952575683594"></testcase><testcase classname="src.pymortests.vectorarray" file="src/pymortests/vectorarray.py" line="716" name="test_dofs[0-&lt;lambda&gt;12]" time="0.004177570343017578"></testcase><testcase classname="src.pymortests.vectorarray" file="src/pymortests/vectorarray.py" line="716" name="test_dofs[0-&lt;lambda&gt;13]" time="0.03755903244018555"></testcase><testcase classname="src.pymortests.vectorarray" file="src/pymortests/vectorarray.py" line="716" name="test_dofs[0-&lt;lambda&gt;14]" time="0.041329383850097656"></testcase><testcase classname="src.pymortests.vectorarray" file="src/pymortests/vectorarray.py" line="716" name="test_dofs[0-&lt;lambda&gt;15]" time="0.051123619079589844"></testcase><testcase classname="src.pymortests.vectorarray" file="src/pymortests/vectorarray.py" line="716" name="test_dofs[0-&lt;lambda&gt;16]" time="0.05865597724914551"></testcase><testcase classname="src.pymortests.vectorarray" file="src/pymortests/vectorarray.py" line="716" name="test_dofs[0-&lt;lambda&gt;17]" time="0.05974602699279785"></testcase><testcase classname="src.pymortests.vectorarray" file="src/pymortests/vectorarray.py" line="716" name="test_dofs[0-&lt;lambda&gt;18]" time="0.06081342697143555"></testcase><testcase classname="src.pymortests.vectorarray" file="src/pymortests/vectorarray.py" line="716" name="test_dofs[0-&lt;lambda&gt;19]" time="0.12979340553283691"></testcase><testcase classname="src.pymortests.vectorarray" file="src/pymortests/vectorarray.py" line="716" name="test_dofs[0-&lt;lambda&gt;20]" time="0.5875957012176514"></testcase><testcase classname="src.pymortests.vectorarray" file="src/pymortests/vectorarray.py" line="716" name="test_dofs[0-&lt;lambda&gt;21]" time="1.3021013736724854"></testcase><testcase classname="src.pymortests.vectorarray" file="src/pymortests/vectorarray.py" line="716" name="test_dofs[0-&lt;lambda&gt;22]" time="0.002687215805053711"></testcase><testcase classname="src.pymortests.vectorarray" file="src/pymortests/vectorarray.py" line="716" name="test_dofs[0-&lt;lambda&gt;23]" time="0.012911319732666016"></testcase><testcase classname="src.pymortests.vectorarray" file="src/pymortests/vectorarray.py" line="716" name="test_dofs[0-&lt;lambda&gt;24]" time="0.1113595962524414"></testcase><testcase classname="src.pymortests.vectorarray" file="src/pymortests/vectorarray.py" line="716" name="test_dofs[0-&lt;lambda&gt;25]" time="3.201925754547119"></testcase><testcase classname="src.pymortests.vectorarray" file="src/pymortests/vectorarray.py" line="716" name="test_dofs[0-&lt;lambda&gt;26]" time="0.7545099258422852"></testcase><testcase classname="src.pymortests.vectorarray" file="src/pymortests/vectorarray.py" line="716" name="test_dofs[1-&lt;lambda&gt;0]" time="0.0028533935546875"></testcase><testcase classname="src.pymortests.vectorarray" file="src/pymortests/vectorarray.py" line="716" name="test_dofs[1-&lt;lambda&gt;1]" time="0.011748790740966797"></testcase><testcase classname="src.pymortests.vectorarray" file="src/pymortests/vectorarray.py" line="716" name="test_dofs[1-&lt;lambda&gt;2]" time="0.013585329055786133"></testcase><testcase classname="src.pymortests.vectorarray" file="src/pymortests/vectorarray.py" line="716" name="test_dofs[1-&lt;lambda&gt;3]" time="0.01617574691772461"></testcase><testcase classname="src.pymortests.vectorarray" file="src/pymortests/vectorarray.py" line="716" name="test_dofs[1-&lt;lambda&gt;4]" time="0.004060506820678711"></testcase><testcase classname="src.pymortests.vectorarray" file="src/pymortests/vectorarray.py" line="716" name="test_dofs[1-&lt;lambda&gt;5]" time="0.0017888545989990234"></testcase><testcase classname="src.pymortests.vectorarray" file="src/pymortests/vectorarray.py" line="716" name="test_dofs[1-&lt;lambda&gt;6]" time="0.009962320327758789"></testcase><testcase classname="src.pymortests.vectorarray" file="src/pymortests/vectorarray.py" line="716" name="test_dofs[1-&lt;lambda&gt;7]" time="0.015955686569213867"></testcase><testcase classname="src.pymortests.vectorarray" file="src/pymortests/vectorarray.py" line="716" name="test_dofs[1-&lt;lambda&gt;8]" time="0.0646355152130127"></testcase><testcase classname="src.pymortests.vectorarray" file="src/pymortests/vectorarray.py" line="716" name="test_dofs[1-&lt;lambda&gt;9]" time="0.016068220138549805"></testcase><testcase classname="src.pymortests.vectorarray" file="src/pymortests/vectorarray.py" line="716" name="test_dofs[1-&lt;lambda&gt;10]" time="0.035599470138549805"></testcase><testcase classname="src.pymortests.vectorarray" file="src/pymortests/vectorarray.py" line="716" name="test_dofs[1-&lt;lambda&gt;11]" time="0.04163718223571777"></testcase><testcase classname="src.pymortests.vectorarray" file="src/pymortests/vectorarray.py" line="716" name="test_dofs[1-&lt;lambda&gt;12]" time="0.004108428955078125"></testcase><testcase classname="src.pymortests.vectorarray" file="src/pymortests/vectorarray.py" line="716" name="test_dofs[1-&lt;lambda&gt;13]" time="0.035242319107055664"></testcase><testcase classname="src.pymortests.vectorarray" file="src/pymortests/vectorarray.py" line="716" name="test_dofs[1-&lt;lambda&gt;14]" time="0.041199445724487305"></testcase><testcase classname="src.pymortests.vectorarray" file="src/pymortests/vectorarray.py" line="716" name="test_dofs[1-&lt;lambda&gt;15]" time="0.05135512351989746"></testcase><testcase classname="src.pymortests.vectorarray" file="src/pymortests/vectorarray.py" line="716" name="test_dofs[1-&lt;lambda&gt;16]" time="0.06116628646850586"></testcase><testcase classname="src.pymortests.vectorarray" file="src/pymortests/vectorarray.py" line="716" name="test_dofs[1-&lt;lambda&gt;17]" time="0.061142683029174805"></testcase><testcase classname="src.pymortests.vectorarray" file="src/pymortests/vectorarray.py" line="716" name="test_dofs[1-&lt;lambda&gt;18]" time="0.06312060356140137"></testcase><testcase classname="src.pymortests.vectorarray" file="src/pymortests/vectorarray.py" line="716" name="test_dofs[1-&lt;lambda&gt;19]" time="0.13231253623962402"></testcase><testcase classname="src.pymortests.vectorarray" file="src/pymortests/vectorarray.py" line="716" name="test_dofs[1-&lt;lambda&gt;20]" time="0.5915887355804443"></testcase><testcase classname="src.pymortests.vectorarray" file="src/pymortests/vectorarray.py" line="716" name="test_dofs[1-&lt;lambda&gt;21]" time="1.313978910446167"></testcase><testcase classname="src.pymortests.vectorarray" file="src/pymortests/vectorarray.py" line="716" name="test_dofs[1-&lt;lambda&gt;22]" time="0.0027327537536621094"></testcase><testcase classname="src.pymortests.vectorarray" file="src/pymortests/vectorarray.py" line="716" name="test_dofs[1-&lt;lambda&gt;23]" time="0.012589454650878906"></testcase><testcase classname="src.pymortests.vectorarray" file="src/pymortests/vectorarray.py" line="716" name="test_dofs[1-&lt;lambda&gt;24]" time="0.1147763729095459"></testcase><testcase classname="src.pymortests.vectorarray" file="src/pymortests/vectorarray.py" line="716" name="test_dofs[1-&lt;lambda&gt;25]" time="3.195903778076172"></testcase><testcase classname="src.pymortests.vectorarray" file="src/pymortests/vectorarray.py" line="716" name="test_dofs[1-&lt;lambda&gt;26]" time="0.748211145401001"></testcase><testcase classname="src.pymortests.vectorarray" file="src/pymortests/vectorarray.py" line="716" name="test_dofs[2-&lt;lambda&gt;0]" time="0.002885103225708008"></testcase><testcase classname="src.pymortests.vectorarray" file="src/pymortests/vectorarray.py" line="716" name="test_dofs[2-&lt;lambda&gt;1]" time="0.012054681777954102"></testcase><testcase classname="src.pymortests.vectorarray" file="src/pymortests/vectorarray.py" line="716" name="test_dofs[2-&lt;lambda&gt;2]" time="0.015165328979492188"></testcase><testcase classname="src.pymortests.vectorarray" file="src/pymortests/vectorarray.py" line="716" name="test_dofs[2-&lt;lambda&gt;3]" time="0.019020795822143555"></testcase><testcase classname="src.pymortests.vectorarray" file="src/pymortests/vectorarray.py" line="716" name="test_dofs[2-&lt;lambda&gt;4]" time="0.003965616226196289"></testcase><testcase classname="src.pymortests.vectorarray" file="src/pymortests/vectorarray.py" line="716" name="test_dofs[2-&lt;lambda&gt;5]" time="0.001741170883178711"></testcase><testcase classname="src.pymortests.vectorarray" file="src/pymortests/vectorarray.py" line="716" name="test_dofs[2-&lt;lambda&gt;6]" time="0.009927034378051758"></testcase><testcase classname="src.pymortests.vectorarray" file="src/pymortests/vectorarray.py" line="716" name="test_dofs[2-&lt;lambda&gt;7]" time="0.015086889266967773"></testcase><testcase classname="src.pymortests.vectorarray" file="src/pymortests/vectorarray.py" line="716" name="test_dofs[2-&lt;lambda&gt;8]" time="0.06465554237365723"></testcase><testcase classname="src.pymortests.vectorarray" file="src/pymortests/vectorarray.py" line="716" name="test_dofs[2-&lt;lambda&gt;9]" time="0.015689849853515625"></testcase><testcase classname="src.pymortests.vectorarray" file="src/pymortests/vectorarray.py" line="716" name="test_dofs[2-&lt;lambda&gt;10]" time="0.035535335540771484"></testcase><testcase classname="src.pymortests.vectorarray" file="src/pymortests/vectorarray.py" line="716" name="test_dofs[2-&lt;lambda&gt;11]" time="0.04121565818786621"></testcase><testcase classname="src.pymortests.vectorarray" file="src/pymortests/vectorarray.py" line="716" name="test_dofs[2-&lt;lambda&gt;12]" time="0.004114389419555664"></testcase><testcase classname="src.pymortests.vectorarray" file="src/pymortests/vectorarray.py" line="716" name="test_dofs[2-&lt;lambda&gt;13]" time="0.03562521934509277"></testcase><testcase classname="src.pymortests.vectorarray" file="src/pymortests/vectorarray.py" line="716" name="test_dofs[2-&lt;lambda&gt;14]" time="0.0410158634185791"></testcase><testcase classname="src.pymortests.vectorarray" file="src/pymortests/vectorarray.py" line="716" name="test_dofs[2-&lt;lambda&gt;15]" time="0.0513310432434082"></testcase><testcase classname="src.pymortests.vectorarray" file="src/pymortests/vectorarray.py" line="716" name="test_dofs[2-&lt;lambda&gt;16]" time="0.05828213691711426"></testcase><testcase classname="src.pymortests.vectorarray" file="src/pymortests/vectorarray.py" line="716" name="test_dofs[2-&lt;lambda&gt;17]" time="0.06148386001586914"></testcase><testcase classname="src.pymortests.vectorarray" file="src/pymortests/vectorarray.py" line="716" name="test_dofs[2-&lt;lambda&gt;18]" time="0.06201028823852539"></testcase><testcase classname="src.pymortests.vectorarray" file="src/pymortests/vectorarray.py" line="716" name="test_dofs[2-&lt;lambda&gt;19]" time="0.13201594352722168"></testcase><testcase classname="src.pymortests.vectorarray" file="src/pymortests/vectorarray.py" line="716" name="test_dofs[2-&lt;lambda&gt;20]" time="0.5979330539703369"></testcase><testcase classname="src.pymortests.vectorarray" file="src/pymortests/vectorarray.py" line="716" name="test_dofs[2-&lt;lambda&gt;21]" time="1.2842841148376465"></testcase><testcase classname="src.pymortests.vectorarray" file="src/pymortests/vectorarray.py" line="716" name="test_dofs[2-&lt;lambda&gt;22]" time="0.002671480178833008"></testcase><testcase classname="src.pymortests.vectorarray" file="src/pymortests/vectorarray.py" line="716" name="test_dofs[2-&lt;lambda&gt;23]" time="0.012123823165893555"></testcase><testcase classname="src.pymortests.vectorarray" file="src/pymortests/vectorarray.py" line="716" name="test_dofs[2-&lt;lambda&gt;24]" time="0.11170291900634766"></testcase><testcase classname="src.pymortests.vectorarray" file="src/pymortests/vectorarray.py" line="716" name="test_dofs[2-&lt;lambda&gt;25]" time="3.20342755317688"></testcase><testcase classname="src.pymortests.vectorarray" file="src/pymortests/vectorarray.py" line="716" name="test_dofs[2-&lt;lambda&gt;26]" time="0.751176118850708"></testcase><testcase classname="src.pymortests.vectorarray" file="src/pymortests/vectorarray.py" line="752" name="test_components_wrong_dof_indices[0-&lt;lambda&gt;0]" time="0.0034873485565185547"></testcase><testcase classname="src.pymortests.vectorarray" file="src/pymortests/vectorarray.py" line="752" name="test_components_wrong_dof_indices[0-&lt;lambda&gt;1]" time="0.0025441646575927734"></testcase><testcase classname="src.pymortests.vectorarray" file="src/pymortests/vectorarray.py" line="752" name="test_components_wrong_dof_indices[0-&lt;lambda&gt;2]" time="0.0029604434967041016"></testcase><testcase classname="src.pymortests.vectorarray" file="src/pymortests/vectorarray.py" line="752" name="test_components_wrong_dof_indices[0-&lt;lambda&gt;3]" time="0.0033986568450927734"></testcase><testcase classname="src.pymortests.vectorarray" file="src/pymortests/vectorarray.py" line="752" name="test_components_wrong_dof_indices[0-&lt;lambda&gt;4]" time="0.003926277160644531"></testcase><testcase classname="src.pymortests.vectorarray" file="src/pymortests/vectorarray.py" line="752" name="test_components_wrong_dof_indices[0-&lt;lambda&gt;5]" time="0.0026056766510009766"></testcase><testcase classname="src.pymortests.vectorarray" file="src/pymortests/vectorarray.py" line="752" name="test_components_wrong_dof_indices[0-&lt;lambda&gt;6]" time="0.0025196075439453125"></testcase><testcase classname="src.pymortests.vectorarray" file="src/pymortests/vectorarray.py" line="752" name="test_components_wrong_dof_indices[0-&lt;lambda&gt;7]" time="0.0030558109283447266"></testcase><testcase classname="src.pymortests.vectorarray" file="src/pymortests/vectorarray.py" line="752" name="test_components_wrong_dof_indices[0-&lt;lambda&gt;8]" time="0.003614187240600586"></testcase><testcase classname="src.pymortests.vectorarray" file="src/pymortests/vectorarray.py" line="752" name="test_components_wrong_dof_indices[0-&lt;lambda&gt;9]" time="0.004658937454223633"></testcase><testcase classname="src.pymortests.vectorarray" file="src/pymortests/vectorarray.py" line="752" name="test_components_wrong_dof_indices[0-&lt;lambda&gt;10]" time="0.004389047622680664"></testcase><testcase classname="src.pymortests.vectorarray" file="src/pymortests/vectorarray.py" line="752" name="test_components_wrong_dof_indices[0-&lt;lambda&gt;11]" time="0.0052776336669921875"></testcase><testcase classname="src.pymortests.vectorarray" file="src/pymortests/vectorarray.py" line="752" name="test_components_wrong_dof_indices[0-&lt;lambda&gt;12]" time="0.005128622055053711"></testcase><testcase classname="src.pymortests.vectorarray" file="src/pymortests/vectorarray.py" line="752" name="test_components_wrong_dof_indices[0-&lt;lambda&gt;13]" time="0.004609823226928711"></testcase><testcase classname="src.pymortests.vectorarray" file="src/pymortests/vectorarray.py" line="752" name="test_components_wrong_dof_indices[0-&lt;lambda&gt;14]" time="0.005633354187011719"></testcase><testcase classname="src.pymortests.vectorarray" file="src/pymortests/vectorarray.py" line="752" name="test_components_wrong_dof_indices[0-&lt;lambda&gt;15]" time="0.006972789764404297"></testcase><testcase classname="src.pymortests.vectorarray" file="src/pymortests/vectorarray.py" line="752" name="test_components_wrong_dof_indices[0-&lt;lambda&gt;16]" time="0.008647441864013672"></testcase><testcase classname="src.pymortests.vectorarray" file="src/pymortests/vectorarray.py" line="752" name="test_components_wrong_dof_indices[0-&lt;lambda&gt;17]" time="0.008583784103393555"></testcase><testcase classname="src.pymortests.vectorarray" file="src/pymortests/vectorarray.py" line="752" name="test_components_wrong_dof_indices[0-&lt;lambda&gt;18]" time="0.0086212158203125"></testcase><testcase classname="src.pymortests.vectorarray" file="src/pymortests/vectorarray.py" line="752" name="test_components_wrong_dof_indices[0-&lt;lambda&gt;19]" time="0.014206886291503906"></testcase><testcase classname="src.pymortests.vectorarray" file="src/pymortests/vectorarray.py" line="752" name="test_components_wrong_dof_indices[0-&lt;lambda&gt;20]" time="0.0167233943939209"></testcase><testcase classname="src.pymortests.vectorarray" file="src/pymortests/vectorarray.py" line="752" name="test_components_wrong_dof_indices[0-&lt;lambda&gt;21]" time="0.027824878692626953"></testcase><testcase classname="src.pymortests.vectorarray" file="src/pymortests/vectorarray.py" line="752" name="test_components_wrong_dof_indices[0-&lt;lambda&gt;22]" time="0.005190134048461914"></testcase><testcase classname="src.pymortests.vectorarray" file="src/pymortests/vectorarray.py" line="752" name="test_components_wrong_dof_indices[0-&lt;lambda&gt;23]" time="0.002849578857421875"></testcase><testcase classname="src.pymortests.vectorarray" file="src/pymortests/vectorarray.py" line="752" name="test_components_wrong_dof_indices[0-&lt;lambda&gt;24]" time="0.0043833255767822266"></testcase><testcase classname="src.pymortests.vectorarray" file="src/pymortests/vectorarray.py" line="752" name="test_components_wrong_dof_indices[0-&lt;lambda&gt;25]" time="0.026209115982055664"></testcase><testcase classname="src.pymortests.vectorarray" file="src/pymortests/vectorarray.py" line="752" name="test_components_wrong_dof_indices[0-&lt;lambda&gt;26]" time="0.05752253532409668"></testcase><testcase classname="src.pymortests.vectorarray" file="src/pymortests/vectorarray.py" line="752" name="test_components_wrong_dof_indices[1-&lt;lambda&gt;0]" time="0.003755807876586914"></testcase><testcase classname="src.pymortests.vectorarray" file="src/pymortests/vectorarray.py" line="752" name="test_components_wrong_dof_indices[1-&lt;lambda&gt;1]" time="0.002622842788696289"></testcase><testcase classname="src.pymortests.vectorarray" file="src/pymortests/vectorarray.py" line="752" name="test_components_wrong_dof_indices[1-&lt;lambda&gt;2]" time="0.003024578094482422"></testcase><testcase classname="src.pymortests.vectorarray" file="src/pymortests/vectorarray.py" line="752" name="test_components_wrong_dof_indices[1-&lt;lambda&gt;3]" time="0.003456592559814453"></testcase><testcase classname="src.pymortests.vectorarray" file="src/pymortests/vectorarray.py" line="752" name="test_components_wrong_dof_indices[1-&lt;lambda&gt;4]" time="0.003907680511474609"></testcase><testcase classname="src.pymortests.vectorarray" file="src/pymortests/vectorarray.py" line="752" name="test_components_wrong_dof_indices[1-&lt;lambda&gt;5]" time="0.002556324005126953"></testcase><testcase classname="src.pymortests.vectorarray" file="src/pymortests/vectorarray.py" line="752" name="test_components_wrong_dof_indices[1-&lt;lambda&gt;6]" time="0.0025246143341064453"></testcase><testcase classname="src.pymortests.vectorarray" file="src/pymortests/vectorarray.py" line="752" name="test_components_wrong_dof_indices[1-&lt;lambda&gt;7]" time="0.002979755401611328"></testcase><testcase classname="src.pymortests.vectorarray" file="src/pymortests/vectorarray.py" line="752" name="test_components_wrong_dof_indices[1-&lt;lambda&gt;8]" time="0.0038030147552490234"></testcase><testcase classname="src.pymortests.vectorarray" file="src/pymortests/vectorarray.py" line="752" name="test_components_wrong_dof_indices[1-&lt;lambda&gt;9]" time="0.0050792694091796875"></testcase><testcase classname="src.pymortests.vectorarray" file="src/pymortests/vectorarray.py" line="752" name="test_components_wrong_dof_indices[1-&lt;lambda&gt;10]" time="0.0043985843658447266"></testcase><testcase classname="src.pymortests.vectorarray" file="src/pymortests/vectorarray.py" line="752" name="test_components_wrong_dof_indices[1-&lt;lambda&gt;11]" time="0.0053060054779052734"></testcase><testcase classname="src.pymortests.vectorarray" file="src/pymortests/vectorarray.py" line="752" name="test_components_wrong_dof_indices[1-&lt;lambda&gt;12]" time="0.0052165985107421875"></testcase><testcase classname="src.pymortests.vectorarray" file="src/pymortests/vectorarray.py" line="752" name="test_components_wrong_dof_indices[1-&lt;lambda&gt;13]" time="0.004667997360229492"></testcase><testcase classname="src.pymortests.vectorarray" file="src/pymortests/vectorarray.py" line="752" name="test_components_wrong_dof_indices[1-&lt;lambda&gt;14]" time="0.005433082580566406"></testcase><testcase classname="src.pymortests.vectorarray" file="src/pymortests/vectorarray.py" line="752" name="test_components_wrong_dof_indices[1-&lt;lambda&gt;15]" time="0.007332324981689453"></testcase><testcase classname="src.pymortests.vectorarray" file="src/pymortests/vectorarray.py" line="752" name="test_components_wrong_dof_indices[1-&lt;lambda&gt;16]" time="0.009089231491088867"></testcase><testcase classname="src.pymortests.vectorarray" file="src/pymortests/vectorarray.py" line="752" name="test_components_wrong_dof_indices[1-&lt;lambda&gt;17]" time="0.008684158325195312"></testcase><testcase classname="src.pymortests.vectorarray" file="src/pymortests/vectorarray.py" line="752" name="test_components_wrong_dof_indices[1-&lt;lambda&gt;18]" time="0.008686304092407227"></testcase><testcase classname="src.pymortests.vectorarray" file="src/pymortests/vectorarray.py" line="752" name="test_components_wrong_dof_indices[1-&lt;lambda&gt;19]" time="0.014175176620483398"></testcase><testcase classname="src.pymortests.vectorarray" file="src/pymortests/vectorarray.py" line="752" name="test_components_wrong_dof_indices[1-&lt;lambda&gt;20]" time="0.016812562942504883"></testcase><testcase classname="src.pymortests.vectorarray" file="src/pymortests/vectorarray.py" line="752" name="test_components_wrong_dof_indices[1-&lt;lambda&gt;21]" time="0.027980327606201172"></testcase><testcase classname="src.pymortests.vectorarray" file="src/pymortests/vectorarray.py" line="752" name="test_components_wrong_dof_indices[1-&lt;lambda&gt;22]" time="0.003606557846069336"></testcase><testcase classname="src.pymortests.vectorarray" file="src/pymortests/vectorarray.py" line="752" name="test_components_wrong_dof_indices[1-&lt;lambda&gt;23]" time="0.0027828216552734375"></testcase><testcase classname="src.pymortests.vectorarray" file="src/pymortests/vectorarray.py" line="752" name="test_components_wrong_dof_indices[1-&lt;lambda&gt;24]" time="0.005045652389526367"></testcase><testcase classname="src.pymortests.vectorarray" file="src/pymortests/vectorarray.py" line="752" name="test_components_wrong_dof_indices[1-&lt;lambda&gt;25]" time="0.028345346450805664"></testcase><testcase classname="src.pymortests.vectorarray" file="src/pymortests/vectorarray.py" line="752" name="test_components_wrong_dof_indices[1-&lt;lambda&gt;26]" time="0.05940604209899902"></testcase><testcase classname="src.pymortests.vectorarray" file="src/pymortests/vectorarray.py" line="752" name="test_components_wrong_dof_indices[2-&lt;lambda&gt;0]" time="0.0034570693969726562"></testcase><testcase classname="src.pymortests.vectorarray" file="src/pymortests/vectorarray.py" line="752" name="test_components_wrong_dof_indices[2-&lt;lambda&gt;1]" time="0.0025017261505126953"></testcase><testcase classname="src.pymortests.vectorarray" file="src/pymortests/vectorarray.py" line="752" name="test_components_wrong_dof_indices[2-&lt;lambda&gt;2]" time="0.002916097640991211"></testcase><testcase classname="src.pymortests.vectorarray" file="src/pymortests/vectorarray.py" line="752" name="test_components_wrong_dof_indices[2-&lt;lambda&gt;3]" time="0.003401517868041992"></testcase><testcase classname="src.pymortests.vectorarray" file="src/pymortests/vectorarray.py" line="752" name="test_components_wrong_dof_indices[2-&lt;lambda&gt;4]" time="0.003894805908203125"></testcase><testcase classname="src.pymortests.vectorarray" file="src/pymortests/vectorarray.py" line="752" name="test_components_wrong_dof_indices[2-&lt;lambda&gt;5]" time="0.002557039260864258"></testcase><testcase classname="src.pymortests.vectorarray" file="src/pymortests/vectorarray.py" line="752" name="test_components_wrong_dof_indices[2-&lt;lambda&gt;6]" time="0.002573728561401367"></testcase><testcase classname="src.pymortests.vectorarray" file="src/pymortests/vectorarray.py" line="752" name="test_components_wrong_dof_indices[2-&lt;lambda&gt;7]" time="0.0030417442321777344"></testcase><testcase classname="src.pymortests.vectorarray" file="src/pymortests/vectorarray.py" line="752" name="test_components_wrong_dof_indices[2-&lt;lambda&gt;8]" time="0.0038404464721679688"></testcase><testcase classname="src.pymortests.vectorarray" file="src/pymortests/vectorarray.py" line="752" name="test_components_wrong_dof_indices[2-&lt;lambda&gt;9]" time="0.0049457550048828125"></testcase><testcase classname="src.pymortests.vectorarray" file="src/pymortests/vectorarray.py" line="752" name="test_components_wrong_dof_indices[2-&lt;lambda&gt;10]" time="0.004595518112182617"></testcase><testcase classname="src.pymortests.vectorarray" file="src/pymortests/vectorarray.py" line="752" name="test_components_wrong_dof_indices[2-&lt;lambda&gt;11]" time="0.005362272262573242"></testcase><testcase classname="src.pymortests.vectorarray" file="src/pymortests/vectorarray.py" line="752" name="test_components_wrong_dof_indices[2-&lt;lambda&gt;12]" time="0.005107402801513672"></testcase><testcase classname="src.pymortests.vectorarray" file="src/pymortests/vectorarray.py" line="752" name="test_components_wrong_dof_indices[2-&lt;lambda&gt;13]" time="0.0044858455657958984"></testcase><testcase classname="src.pymortests.vectorarray" file="src/pymortests/vectorarray.py" line="752" name="test_components_wrong_dof_indices[2-&lt;lambda&gt;14]" time="0.005156993865966797"></testcase><testcase classname="src.pymortests.vectorarray" file="src/pymortests/vectorarray.py" line="752" name="test_components_wrong_dof_indices[2-&lt;lambda&gt;15]" time="0.006967306137084961"></testcase><testcase classname="src.pymortests.vectorarray" file="src/pymortests/vectorarray.py" line="752" name="test_components_wrong_dof_indices[2-&lt;lambda&gt;16]" time="0.008752107620239258"></testcase><testcase classname="src.pymortests.vectorarray" file="src/pymortests/vectorarray.py" line="752" name="test_components_wrong_dof_indices[2-&lt;lambda&gt;17]" time="0.008596658706665039"></testcase><testcase classname="src.pymortests.vectorarray" file="src/pymortests/vectorarray.py" line="752" name="test_components_wrong_dof_indices[2-&lt;lambda&gt;18]" time="0.008307456970214844"></testcase><testcase classname="src.pymortests.vectorarray" file="src/pymortests/vectorarray.py" line="752" name="test_components_wrong_dof_indices[2-&lt;lambda&gt;19]" time="0.013970613479614258"></testcase><testcase classname="src.pymortests.vectorarray" file="src/pymortests/vectorarray.py" line="752" name="test_components_wrong_dof_indices[2-&lt;lambda&gt;20]" time="0.01649332046508789"></testcase><testcase classname="src.pymortests.vectorarray" file="src/pymortests/vectorarray.py" line="752" name="test_components_wrong_dof_indices[2-&lt;lambda&gt;21]" time="0.02741074562072754"></testcase><testcase classname="src.pymortests.vectorarray" file="src/pymortests/vectorarray.py" line="752" name="test_components_wrong_dof_indices[2-&lt;lambda&gt;22]" time="0.003623485565185547"></testcase><testcase classname="src.pymortests.vectorarray" file="src/pymortests/vectorarray.py" line="752" name="test_components_wrong_dof_indices[2-&lt;lambda&gt;23]" time="0.002904653549194336"></testcase><testcase classname="src.pymortests.vectorarray" file="src/pymortests/vectorarray.py" line="752" name="test_components_wrong_dof_indices[2-&lt;lambda&gt;24]" time="0.005290508270263672"></testcase><testcase classname="src.pymortests.vectorarray" file="src/pymortests/vectorarray.py" line="752" name="test_components_wrong_dof_indices[2-&lt;lambda&gt;25]" time="0.028357505798339844"></testcase><testcase classname="src.pymortests.vectorarray" file="src/pymortests/vectorarray.py" line="752" name="test_components_wrong_dof_indices[2-&lt;lambda&gt;26]" time="0.05902385711669922"></testcase><testcase classname="src.pymortests.vectorarray" file="src/pymortests/vectorarray.py" line="766" name="test_amax[0-&lt;lambda&gt;0]" time="0.0017409324645996094"></testcase><testcase classname="src.pymortests.vectorarray" file="src/pymortests/vectorarray.py" line="766" name="test_amax[0-&lt;lambda&gt;1]" time="0.002535104751586914"></testcase><testcase classname="src.pymortests.vectorarray" file="src/pymortests/vectorarray.py" line="766" name="test_amax[0-&lt;lambda&gt;2]" time="0.00609278678894043"></testcase><testcase classname="src.pymortests.vectorarray" file="src/pymortests/vectorarray.py" line="766" name="test_amax[0-&lt;lambda&gt;3]" time="0.03142070770263672"></testcase><testcase classname="src.pymortests.vectorarray" file="src/pymortests/vectorarray.py" line="766" name="test_amax[0-&lt;lambda&gt;4]" time="0.00165557861328125"></testcase><testcase classname="src.pymortests.vectorarray" file="src/pymortests/vectorarray.py" line="766" name="test_amax[0-&lt;lambda&gt;5]" time="0.0014414787292480469"></testcase><testcase classname="src.pymortests.vectorarray" file="src/pymortests/vectorarray.py" line="766" name="test_amax[0-&lt;lambda&gt;6]" time="0.0022339820861816406"></testcase><testcase classname="src.pymortests.vectorarray" file="src/pymortests/vectorarray.py" line="766" name="test_amax[0-&lt;lambda&gt;7]" time="0.0062792301177978516"></testcase><testcase classname="src.pymortests.vectorarray" file="src/pymortests/vectorarray.py" line="766" name="test_amax[0-&lt;lambda&gt;8]" time="0.03383612632751465"></testcase><testcase classname="src.pymortests.vectorarray" file="src/pymortests/vectorarray.py" line="766" name="test_amax[0-&lt;lambda&gt;9]" time="0.002233266830444336"></testcase><testcase classname="src.pymortests.vectorarray" file="src/pymortests/vectorarray.py" line="766" name="test_amax[0-&lt;lambda&gt;10]" time="0.004250049591064453"></testcase><testcase classname="src.pymortests.vectorarray" file="src/pymortests/vectorarray.py" line="766" name="test_amax[0-&lt;lambda&gt;11]" time="0.015729188919067383"></testcase><testcase classname="src.pymortests.vectorarray" file="src/pymortests/vectorarray.py" line="766" name="test_amax[0-&lt;lambda&gt;12]" time="0.0018067359924316406"></testcase><testcase classname="src.pymortests.vectorarray" file="src/pymortests/vectorarray.py" line="766" name="test_amax[0-&lt;lambda&gt;13]" time="0.010646343231201172"></testcase><testcase classname="src.pymortests.vectorarray" file="src/pymortests/vectorarray.py" line="766" name="test_amax[0-&lt;lambda&gt;14]" time="0.014364957809448242"></testcase><testcase classname="src.pymortests.vectorarray" file="src/pymortests/vectorarray.py" line="766" name="test_amax[0-&lt;lambda&gt;15]" time="0.07133793830871582"></testcase><testcase classname="src.pymortests.vectorarray" file="src/pymortests/vectorarray.py" line="766" name="test_amax[0-&lt;lambda&gt;16]" time="0.15216493606567383"></testcase><testcase classname="src.pymortests.vectorarray" file="src/pymortests/vectorarray.py" line="766" name="test_amax[0-&lt;lambda&gt;17]" time="0.009546041488647461"></testcase><testcase classname="src.pymortests.vectorarray" file="src/pymortests/vectorarray.py" line="766" name="test_amax[0-&lt;lambda&gt;18]" time="0.008313417434692383"></testcase><testcase classname="src.pymortests.vectorarray" file="src/pymortests/vectorarray.py" line="766" name="test_amax[0-&lt;lambda&gt;19]" time="0.029303550720214844"></testcase><testcase classname="src.pymortests.vectorarray" file="src/pymortests/vectorarray.py" line="766" name="test_amax[0-&lt;lambda&gt;20]" time="0.10554265975952148"></testcase><testcase classname="src.pymortests.vectorarray" file="src/pymortests/vectorarray.py" line="766" name="test_amax[0-&lt;lambda&gt;21]" time="0.21562814712524414"></testcase><testcase classname="src.pymortests.vectorarray" file="src/pymortests/vectorarray.py" line="766" name="test_amax[0-&lt;lambda&gt;22]" time="0.0017423629760742188"></testcase><testcase classname="src.pymortests.vectorarray" file="src/pymortests/vectorarray.py" line="766" name="test_amax[0-&lt;lambda&gt;23]" time="0.0025529861450195312"></testcase><testcase classname="src.pymortests.vectorarray" file="src/pymortests/vectorarray.py" line="766" name="test_amax[0-&lt;lambda&gt;24]" time="0.008884191513061523"></testcase><testcase classname="src.pymortests.vectorarray" file="src/pymortests/vectorarray.py" line="766" name="test_amax[0-&lt;lambda&gt;25]" time="0.06792855262756348"></testcase><testcase classname="src.pymortests.vectorarray" file="src/pymortests/vectorarray.py" line="766" name="test_amax[0-&lt;lambda&gt;26]" time="0.05376791954040527"></testcase><testcase classname="src.pymortests.vectorarray" file="src/pymortests/vectorarray.py" line="766" name="test_amax[1-&lt;lambda&gt;0]" time="0.0017495155334472656"></testcase><testcase classname="src.pymortests.vectorarray" file="src/pymortests/vectorarray.py" line="766" name="test_amax[1-&lt;lambda&gt;1]" time="0.002730131149291992"></testcase><testcase classname="src.pymortests.vectorarray" file="src/pymortests/vectorarray.py" line="766" name="test_amax[1-&lt;lambda&gt;2]" time="0.0062601566314697266"></testcase><testcase classname="src.pymortests.vectorarray" file="src/pymortests/vectorarray.py" line="766" name="test_amax[1-&lt;lambda&gt;3]" time="0.03188204765319824"></testcase><testcase classname="src.pymortests.vectorarray" file="src/pymortests/vectorarray.py" line="766" name="test_amax[1-&lt;lambda&gt;4]" time="0.0017497539520263672"></testcase><testcase classname="src.pymortests.vectorarray" file="src/pymortests/vectorarray.py" line="766" name="test_amax[1-&lt;lambda&gt;5]" time="0.0013425350189208984"></testcase><testcase classname="src.pymortests.vectorarray" file="src/pymortests/vectorarray.py" line="766" name="test_amax[1-&lt;lambda&gt;6]" time="0.0023593902587890625"></testcase><testcase classname="src.pymortests.vectorarray" file="src/pymortests/vectorarray.py" line="766" name="test_amax[1-&lt;lambda&gt;7]" time="0.00641322135925293"></testcase><testcase classname="src.pymortests.vectorarray" file="src/pymortests/vectorarray.py" line="766" name="test_amax[1-&lt;lambda&gt;8]" time="0.03440737724304199"></testcase><testcase classname="src.pymortests.vectorarray" file="src/pymortests/vectorarray.py" line="766" name="test_amax[1-&lt;lambda&gt;9]" time="0.0029573440551757812"></testcase><testcase classname="src.pymortests.vectorarray" file="src/pymortests/vectorarray.py" line="766" name="test_amax[1-&lt;lambda&gt;10]" time="0.004429340362548828"></testcase><testcase classname="src.pymortests.vectorarray" file="src/pymortests/vectorarray.py" line="766" name="test_amax[1-&lt;lambda&gt;11]" time="0.01588606834411621"></testcase><testcase classname="src.pymortests.vectorarray" file="src/pymortests/vectorarray.py" line="766" name="test_amax[1-&lt;lambda&gt;12]" time="0.0019915103912353516"></testcase><testcase classname="src.pymortests.vectorarray" file="src/pymortests/vectorarray.py" line="766" name="test_amax[1-&lt;lambda&gt;13]" time="0.010634899139404297"></testcase><testcase classname="src.pymortests.vectorarray" file="src/pymortests/vectorarray.py" line="766" name="test_amax[1-&lt;lambda&gt;14]" time="0.014658927917480469"></testcase><testcase classname="src.pymortests.vectorarray" file="src/pymortests/vectorarray.py" line="766" name="test_amax[1-&lt;lambda&gt;15]" time="0.07290244102478027"></testcase><testcase classname="src.pymortests.vectorarray" file="src/pymortests/vectorarray.py" line="766" name="test_amax[1-&lt;lambda&gt;16]" time="0.15320825576782227"></testcase><testcase classname="src.pymortests.vectorarray" file="src/pymortests/vectorarray.py" line="766" name="test_amax[1-&lt;lambda&gt;17]" time="0.00951838493347168"></testcase><testcase classname="src.pymortests.vectorarray" file="src/pymortests/vectorarray.py" line="766" name="test_amax[1-&lt;lambda&gt;18]" time="0.009435892105102539"></testcase><testcase classname="src.pymortests.vectorarray" file="src/pymortests/vectorarray.py" line="766" name="test_amax[1-&lt;lambda&gt;19]" time="0.03283405303955078"></testcase><testcase classname="src.pymortests.vectorarray" file="src/pymortests/vectorarray.py" line="766" name="test_amax[1-&lt;lambda&gt;20]" time="0.10254192352294922"></testcase><testcase classname="src.pymortests.vectorarray" file="src/pymortests/vectorarray.py" line="766" name="test_amax[1-&lt;lambda&gt;21]" time="0.21703243255615234"></testcase><testcase classname="src.pymortests.vectorarray" file="src/pymortests/vectorarray.py" line="766" name="test_amax[1-&lt;lambda&gt;22]" time="0.0017523765563964844"></testcase><testcase classname="src.pymortests.vectorarray" file="src/pymortests/vectorarray.py" line="766" name="test_amax[1-&lt;lambda&gt;23]" time="0.0026662349700927734"></testcase><testcase classname="src.pymortests.vectorarray" file="src/pymortests/vectorarray.py" line="766" name="test_amax[1-&lt;lambda&gt;24]" time="0.009951353073120117"></testcase><testcase classname="src.pymortests.vectorarray" file="src/pymortests/vectorarray.py" line="766" name="test_amax[1-&lt;lambda&gt;25]" time="0.09176754951477051"></testcase><testcase classname="src.pymortests.vectorarray" file="src/pymortests/vectorarray.py" line="766" name="test_amax[1-&lt;lambda&gt;26]" time="0.05414104461669922"></testcase><testcase classname="src.pymortests.vectorarray" file="src/pymortests/vectorarray.py" line="766" name="test_amax[2-&lt;lambda&gt;0]" time="0.001699209213256836"></testcase><testcase classname="src.pymortests.vectorarray" file="src/pymortests/vectorarray.py" line="766" name="test_amax[2-&lt;lambda&gt;1]" time="0.002652406692504883"></testcase><testcase classname="src.pymortests.vectorarray" file="src/pymortests/vectorarray.py" line="766" name="test_amax[2-&lt;lambda&gt;2]" time="0.006227016448974609"></testcase><testcase classname="src.pymortests.vectorarray" file="src/pymortests/vectorarray.py" line="766" name="test_amax[2-&lt;lambda&gt;3]" time="0.031545400619506836"></testcase><testcase classname="src.pymortests.vectorarray" file="src/pymortests/vectorarray.py" line="766" name="test_amax[2-&lt;lambda&gt;4]" time="0.0016796588897705078"></testcase><testcase classname="src.pymortests.vectorarray" file="src/pymortests/vectorarray.py" line="766" name="test_amax[2-&lt;lambda&gt;5]" time="0.0013327598571777344"></testcase><testcase classname="src.pymortests.vectorarray" file="src/pymortests/vectorarray.py" line="766" name="test_amax[2-&lt;lambda&gt;6]" time="0.0022106170654296875"></testcase><testcase classname="src.pymortests.vectorarray" file="src/pymortests/vectorarray.py" line="766" name="test_amax[2-&lt;lambda&gt;7]" time="0.006190776824951172"></testcase><testcase classname="src.pymortests.vectorarray" file="src/pymortests/vectorarray.py" line="766" name="test_amax[2-&lt;lambda&gt;8]" time="0.03431272506713867"></testcase><testcase classname="src.pymortests.vectorarray" file="src/pymortests/vectorarray.py" line="766" name="test_amax[2-&lt;lambda&gt;9]" time="0.002966642379760742"></testcase><testcase classname="src.pymortests.vectorarray" file="src/pymortests/vectorarray.py" line="766" name="test_amax[2-&lt;lambda&gt;10]" time="0.0043942928314208984"></testcase><testcase classname="src.pymortests.vectorarray" file="src/pymortests/vectorarray.py" line="766" name="test_amax[2-&lt;lambda&gt;11]" time="0.015750408172607422"></testcase><testcase classname="src.pymortests.vectorarray" file="src/pymortests/vectorarray.py" line="766" name="test_amax[2-&lt;lambda&gt;12]" time="0.0019855499267578125"></testcase><testcase classname="src.pymortests.vectorarray" file="src/pymortests/vectorarray.py" line="766" name="test_amax[2-&lt;lambda&gt;13]" time="0.01102137565612793"></testcase><testcase classname="src.pymortests.vectorarray" file="src/pymortests/vectorarray.py" line="766" name="test_amax[2-&lt;lambda&gt;14]" time="0.01573801040649414"></testcase><testcase classname="src.pymortests.vectorarray" file="src/pymortests/vectorarray.py" line="766" name="test_amax[2-&lt;lambda&gt;15]" time="0.07297897338867188"></testcase><testcase classname="src.pymortests.vectorarray" file="src/pymortests/vectorarray.py" line="766" name="test_amax[2-&lt;lambda&gt;16]" time="0.15358710289001465"></testcase><testcase classname="src.pymortests.vectorarray" file="src/pymortests/vectorarray.py" line="766" name="test_amax[2-&lt;lambda&gt;17]" time="0.009376764297485352"></testcase><testcase classname="src.pymortests.vectorarray" file="src/pymortests/vectorarray.py" line="766" name="test_amax[2-&lt;lambda&gt;18]" time="0.009327173233032227"></testcase><testcase classname="src.pymortests.vectorarray" file="src/pymortests/vectorarray.py" line="766" name="test_amax[2-&lt;lambda&gt;19]" time="0.029195308685302734"></testcase><testcase classname="src.pymortests.vectorarray" file="src/pymortests/vectorarray.py" line="766" name="test_amax[2-&lt;lambda&gt;20]" time="0.10250115394592285"></testcase><testcase classname="src.pymortests.vectorarray" file="src/pymortests/vectorarray.py" line="766" name="test_amax[2-&lt;lambda&gt;21]" time="0.21880078315734863"></testcase><testcase classname="src.pymortests.vectorarray" file="src/pymortests/vectorarray.py" line="766" name="test_amax[2-&lt;lambda&gt;22]" time="0.001703500747680664"></testcase><testcase classname="src.pymortests.vectorarray" file="src/pymortests/vectorarray.py" line="766" name="test_amax[2-&lt;lambda&gt;23]" time="0.0024890899658203125"></testcase><testcase classname="src.pymortests.vectorarray" file="src/pymortests/vectorarray.py" line="766" name="test_amax[2-&lt;lambda&gt;24]" time="0.009755611419677734"></testcase><testcase classname="src.pymortests.vectorarray" file="src/pymortests/vectorarray.py" line="766" name="test_amax[2-&lt;lambda&gt;25]" time="0.09008431434631348"></testcase><testcase classname="src.pymortests.vectorarray" file="src/pymortests/vectorarray.py" line="766" name="test_amax[2-&lt;lambda&gt;26]" time="0.05370593070983887"></testcase><testcase classname="src.pymortests.vectorarray" file="src/pymortests/vectorarray.py" line="785" name="test_gramian[0-&lt;lambda&gt;0]" time="0.003377199172973633"></testcase><testcase classname="src.pymortests.vectorarray" file="src/pymortests/vectorarray.py" line="785" name="test_gramian[0-&lt;lambda&gt;1]" time="0.0023131370544433594"></testcase><testcase classname="src.pymortests.vectorarray" file="src/pymortests/vectorarray.py" line="785" name="test_gramian[0-&lt;lambda&gt;2]" time="0.0028510093688964844"></testcase><testcase classname="src.pymortests.vectorarray" file="src/pymortests/vectorarray.py" line="785" name="test_gramian[0-&lt;lambda&gt;3]" time="0.00405573844909668"></testcase><testcase classname="src.pymortests.vectorarray" file="src/pymortests/vectorarray.py" line="785" name="test_gramian[0-&lt;lambda&gt;4]" time="0.0048711299896240234"></testcase><testcase classname="src.pymortests.vectorarray" file="src/pymortests/vectorarray.py" line="785" name="test_gramian[0-&lt;lambda&gt;5]" time="0.0021970272064208984"></testcase><testcase classname="src.pymortests.vectorarray" file="src/pymortests/vectorarray.py" line="785" name="test_gramian[0-&lt;lambda&gt;6]" time="0.002234220504760742"></testcase><testcase classname="src.pymortests.vectorarray" file="src/pymortests/vectorarray.py" line="785" name="test_gramian[0-&lt;lambda&gt;7]" time="0.015509843826293945"></testcase><testcase classname="src.pymortests.vectorarray" file="src/pymortests/vectorarray.py" line="785" name="test_gramian[0-&lt;lambda&gt;8]" time="0.263380765914917"></testcase><testcase classname="src.pymortests.vectorarray" file="src/pymortests/vectorarray.py" line="785" name="test_gramian[0-&lt;lambda&gt;9]" time="1.3852674961090088"></testcase><testcase classname="src.pymortests.vectorarray" file="src/pymortests/vectorarray.py" line="785" name="test_gramian[0-&lt;lambda&gt;10]" time="0.004721641540527344"></testcase><testcase classname="src.pymortests.vectorarray" file="src/pymortests/vectorarray.py" line="785" name="test_gramian[0-&lt;lambda&gt;11]" time="0.004808664321899414"></testcase><testcase classname="src.pymortests.vectorarray" file="src/pymortests/vectorarray.py" line="785" name="test_gramian[0-&lt;lambda&gt;12]" time="0.004385948181152344"></testcase><testcase classname="src.pymortests.vectorarray" file="src/pymortests/vectorarray.py" line="785" name="test_gramian[0-&lt;lambda&gt;13]" time="0.003594636917114258"></testcase><testcase classname="src.pymortests.vectorarray" file="src/pymortests/vectorarray.py" line="785" name="test_gramian[0-&lt;lambda&gt;14]" time="0.004851579666137695"></testcase><testcase classname="src.pymortests.vectorarray" file="src/pymortests/vectorarray.py" line="785" name="test_gramian[0-&lt;lambda&gt;15]" time="0.010400056838989258"></testcase><testcase classname="src.pymortests.vectorarray" file="src/pymortests/vectorarray.py" line="785" name="test_gramian[0-&lt;lambda&gt;16]" time="0.011935949325561523"></testcase><testcase classname="src.pymortests.vectorarray" file="src/pymortests/vectorarray.py" line="785" name="test_gramian[0-&lt;lambda&gt;17]" time="0.002863168716430664"></testcase><testcase classname="src.pymortests.vectorarray" file="src/pymortests/vectorarray.py" line="785" name="test_gramian[0-&lt;lambda&gt;18]" time="0.002744913101196289"></testcase><testcase classname="src.pymortests.vectorarray" file="src/pymortests/vectorarray.py" line="785" name="test_gramian[0-&lt;lambda&gt;19]" time="0.01825737953186035"></testcase><testcase classname="src.pymortests.vectorarray" file="src/pymortests/vectorarray.py" line="785" name="test_gramian[0-&lt;lambda&gt;20]" time="0.21222496032714844"></testcase><testcase classname="src.pymortests.vectorarray" file="src/pymortests/vectorarray.py" line="785" name="test_gramian[0-&lt;lambda&gt;21]" time="1.14705228805542"></testcase><testcase classname="src.pymortests.vectorarray" file="src/pymortests/vectorarray.py" line="785" name="test_gramian[0-&lt;lambda&gt;22]" time="0.0030078887939453125"></testcase><testcase classname="src.pymortests.vectorarray" file="src/pymortests/vectorarray.py" line="785" name="test_gramian[0-&lt;lambda&gt;23]" time="0.0021648406982421875"></testcase><testcase classname="src.pymortests.vectorarray" file="src/pymortests/vectorarray.py" line="785" name="test_gramian[0-&lt;lambda&gt;24]" time="0.010216236114501953"></testcase><testcase classname="src.pymortests.vectorarray" file="src/pymortests/vectorarray.py" line="785" name="test_gramian[0-&lt;lambda&gt;25]" time="0.17055749893188477"></testcase><testcase classname="src.pymortests.vectorarray" file="src/pymortests/vectorarray.py" line="785" name="test_gramian[0-&lt;lambda&gt;26]" time="0.8410639762878418"></testcase><testcase classname="src.pymortests.vectorarray" file="src/pymortests/vectorarray.py" line="785" name="test_gramian[1-&lt;lambda&gt;0]" time="0.003352642059326172"></testcase><testcase classname="src.pymortests.vectorarray" file="src/pymortests/vectorarray.py" line="785" name="test_gramian[1-&lt;lambda&gt;1]" time="0.002336263656616211"></testcase><testcase classname="src.pymortests.vectorarray" file="src/pymortests/vectorarray.py" line="785" name="test_gramian[1-&lt;lambda&gt;2]" time="0.0030117034912109375"></testcase><testcase classname="src.pymortests.vectorarray" file="src/pymortests/vectorarray.py" line="785" name="test_gramian[1-&lt;lambda&gt;3]" time="0.003914833068847656"></testcase><testcase classname="src.pymortests.vectorarray" file="src/pymortests/vectorarray.py" line="785" name="test_gramian[1-&lt;lambda&gt;4]" time="0.0045201778411865234"></testcase><testcase classname="src.pymortests.vectorarray" file="src/pymortests/vectorarray.py" line="785" name="test_gramian[1-&lt;lambda&gt;5]" time="0.0022935867309570312"></testcase><testcase classname="src.pymortests.vectorarray" file="src/pymortests/vectorarray.py" line="785" name="test_gramian[1-&lt;lambda&gt;6]" time="0.002196788787841797"></testcase><testcase classname="src.pymortests.vectorarray" file="src/pymortests/vectorarray.py" line="785" name="test_gramian[1-&lt;lambda&gt;7]" time="0.015416622161865234"></testcase><testcase classname="src.pymortests.vectorarray" file="src/pymortests/vectorarray.py" line="785" name="test_gramian[1-&lt;lambda&gt;8]" time="0.2611827850341797"></testcase><testcase classname="src.pymortests.vectorarray" file="src/pymortests/vectorarray.py" line="785" name="test_gramian[1-&lt;lambda&gt;9]" time="1.3903405666351318"></testcase><testcase classname="src.pymortests.vectorarray" file="src/pymortests/vectorarray.py" line="785" name="test_gramian[1-&lt;lambda&gt;10]" time="0.0046689510345458984"></testcase><testcase classname="src.pymortests.vectorarray" file="src/pymortests/vectorarray.py" line="785" name="test_gramian[1-&lt;lambda&gt;11]" time="0.004824161529541016"></testcase><testcase classname="src.pymortests.vectorarray" file="src/pymortests/vectorarray.py" line="785" name="test_gramian[1-&lt;lambda&gt;12]" time="0.004415035247802734"></testcase><testcase classname="src.pymortests.vectorarray" file="src/pymortests/vectorarray.py" line="785" name="test_gramian[1-&lt;lambda&gt;13]" time="0.003650665283203125"></testcase><testcase classname="src.pymortests.vectorarray" file="src/pymortests/vectorarray.py" line="785" name="test_gramian[1-&lt;lambda&gt;14]" time="0.0048449039459228516"></testcase><testcase classname="src.pymortests.vectorarray" file="src/pymortests/vectorarray.py" line="785" name="test_gramian[1-&lt;lambda&gt;15]" time="0.00783085823059082"></testcase><testcase classname="src.pymortests.vectorarray" file="src/pymortests/vectorarray.py" line="785" name="test_gramian[1-&lt;lambda&gt;16]" time="0.011631011962890625"></testcase><testcase classname="src.pymortests.vectorarray" file="src/pymortests/vectorarray.py" line="785" name="test_gramian[1-&lt;lambda&gt;17]" time="0.00283050537109375"></testcase><testcase classname="src.pymortests.vectorarray" file="src/pymortests/vectorarray.py" line="785" name="test_gramian[1-&lt;lambda&gt;18]" time="0.0027294158935546875"></testcase><testcase classname="src.pymortests.vectorarray" file="src/pymortests/vectorarray.py" line="785" name="test_gramian[1-&lt;lambda&gt;19]" time="0.018483638763427734"></testcase><testcase classname="src.pymortests.vectorarray" file="src/pymortests/vectorarray.py" line="785" name="test_gramian[1-&lt;lambda&gt;20]" time="0.2132272720336914"></testcase><testcase classname="src.pymortests.vectorarray" file="src/pymortests/vectorarray.py" line="785" name="test_gramian[1-&lt;lambda&gt;21]" time="1.1414778232574463"></testcase><testcase classname="src.pymortests.vectorarray" file="src/pymortests/vectorarray.py" line="785" name="test_gramian[1-&lt;lambda&gt;22]" time="0.003156423568725586"></testcase><testcase classname="src.pymortests.vectorarray" file="src/pymortests/vectorarray.py" line="785" name="test_gramian[1-&lt;lambda&gt;23]" time="0.0022156238555908203"></testcase><testcase classname="src.pymortests.vectorarray" file="src/pymortests/vectorarray.py" line="785" name="test_gramian[1-&lt;lambda&gt;24]" time="0.01010751724243164"></testcase><testcase classname="src.pymortests.vectorarray" file="src/pymortests/vectorarray.py" line="785" name="test_gramian[1-&lt;lambda&gt;25]" time="0.17066669464111328"></testcase><testcase classname="src.pymortests.vectorarray" file="src/pymortests/vectorarray.py" line="785" name="test_gramian[1-&lt;lambda&gt;26]" time="0.8413474559783936"></testcase><testcase classname="src.pymortests.vectorarray" file="src/pymortests/vectorarray.py" line="785" name="test_gramian[2-&lt;lambda&gt;0]" time="0.0036287307739257812"></testcase><testcase classname="src.pymortests.vectorarray" file="src/pymortests/vectorarray.py" line="785" name="test_gramian[2-&lt;lambda&gt;1]" time="0.0025725364685058594"></testcase><testcase classname="src.pymortests.vectorarray" file="src/pymortests/vectorarray.py" line="785" name="test_gramian[2-&lt;lambda&gt;2]" time="0.002974271774291992"></testcase><testcase classname="src.pymortests.vectorarray" file="src/pymortests/vectorarray.py" line="785" name="test_gramian[2-&lt;lambda&gt;3]" time="0.003995656967163086"></testcase><testcase classname="src.pymortests.vectorarray" file="src/pymortests/vectorarray.py" line="785" name="test_gramian[2-&lt;lambda&gt;4]" time="0.00449824333190918"></testcase><testcase classname="src.pymortests.vectorarray" file="src/pymortests/vectorarray.py" line="785" name="test_gramian[2-&lt;lambda&gt;5]" time="0.002242565155029297"></testcase><testcase classname="src.pymortests.vectorarray" file="src/pymortests/vectorarray.py" line="785" name="test_gramian[2-&lt;lambda&gt;6]" time="0.002255678176879883"></testcase><testcase classname="src.pymortests.vectorarray" file="src/pymortests/vectorarray.py" line="785" name="test_gramian[2-&lt;lambda&gt;7]" time="0.015096902847290039"></testcase><testcase classname="src.pymortests.vectorarray" file="src/pymortests/vectorarray.py" line="785" name="test_gramian[2-&lt;lambda&gt;8]" time="0.26299405097961426"></testcase><testcase classname="src.pymortests.vectorarray" file="src/pymortests/vectorarray.py" line="785" name="test_gramian[2-&lt;lambda&gt;9]" time="1.388683557510376"></testcase><testcase classname="src.pymortests.vectorarray" file="src/pymortests/vectorarray.py" line="785" name="test_gramian[2-&lt;lambda&gt;10]" time="0.0047647953033447266"></testcase><testcase classname="src.pymortests.vectorarray" file="src/pymortests/vectorarray.py" line="785" name="test_gramian[2-&lt;lambda&gt;11]" time="0.004861593246459961"></testcase><testcase classname="src.pymortests.vectorarray" file="src/pymortests/vectorarray.py" line="785" name="test_gramian[2-&lt;lambda&gt;12]" time="0.0044116973876953125"></testcase><testcase classname="src.pymortests.vectorarray" file="src/pymortests/vectorarray.py" line="785" name="test_gramian[2-&lt;lambda&gt;13]" time="0.0038814544677734375"></testcase><testcase classname="src.pymortests.vectorarray" file="src/pymortests/vectorarray.py" line="785" name="test_gramian[2-&lt;lambda&gt;14]" time="0.0048122406005859375"></testcase><testcase classname="src.pymortests.vectorarray" file="src/pymortests/vectorarray.py" line="785" name="test_gramian[2-&lt;lambda&gt;15]" time="0.007911920547485352"></testcase><testcase classname="src.pymortests.vectorarray" file="src/pymortests/vectorarray.py" line="785" name="test_gramian[2-&lt;lambda&gt;16]" time="0.011642217636108398"></testcase><testcase classname="src.pymortests.vectorarray" file="src/pymortests/vectorarray.py" line="785" name="test_gramian[2-&lt;lambda&gt;17]" time="0.0030913352966308594"></testcase><testcase classname="src.pymortests.vectorarray" file="src/pymortests/vectorarray.py" line="785" name="test_gramian[2-&lt;lambda&gt;18]" time="0.0027723312377929688"></testcase><testcase classname="src.pymortests.vectorarray" file="src/pymortests/vectorarray.py" line="785" name="test_gramian[2-&lt;lambda&gt;19]" time="0.018249988555908203"></testcase><testcase classname="src.pymortests.vectorarray" file="src/pymortests/vectorarray.py" line="785" name="test_gramian[2-&lt;lambda&gt;20]" time="0.2141718864440918"></testcase><testcase classname="src.pymortests.vectorarray" file="src/pymortests/vectorarray.py" line="785" name="test_gramian[2-&lt;lambda&gt;21]" time="1.1407496929168701"></testcase><testcase classname="src.pymortests.vectorarray" file="src/pymortests/vectorarray.py" line="785" name="test_gramian[2-&lt;lambda&gt;22]" time="0.003074169158935547"></testcase><testcase classname="src.pymortests.vectorarray" file="src/pymortests/vectorarray.py" line="785" name="test_gramian[2-&lt;lambda&gt;23]" time="0.002293109893798828"></testcase><testcase classname="src.pymortests.vectorarray" file="src/pymortests/vectorarray.py" line="785" name="test_gramian[2-&lt;lambda&gt;24]" time="0.010207891464233398"></testcase><testcase classname="src.pymortests.vectorarray" file="src/pymortests/vectorarray.py" line="785" name="test_gramian[2-&lt;lambda&gt;25]" time="0.17244577407836914"></testcase><testcase classname="src.pymortests.vectorarray" file="src/pymortests/vectorarray.py" line="785" name="test_gramian[2-&lt;lambda&gt;26]" time="0.840400218963623"></testcase><testcase classname="src.pymortests.vectorarray" file="src/pymortests/vectorarray.py" line="791" name="test_add[compatible_vector_array_pair0-&lt;lambda&gt;0]" time="0.0023970603942871094"></testcase><testcase classname="src.pymortests.vectorarray" file="src/pymortests/vectorarray.py" line="791" name="test_add[compatible_vector_array_pair0-&lt;lambda&gt;1]" time="0.0016067028045654297"></testcase><testcase classname="src.pymortests.vectorarray" file="src/pymortests/vectorarray.py" line="791" name="test_add[compatible_vector_array_pair0-&lt;lambda&gt;2]" time="0.0015151500701904297"></testcase><testcase classname="src.pymortests.vectorarray" file="src/pymortests/vectorarray.py" line="791" name="test_add[compatible_vector_array_pair0-&lt;lambda&gt;3]" time="0.001661539077758789"></testcase><testcase classname="src.pymortests.vectorarray" file="src/pymortests/vectorarray.py" line="791" name="test_add[compatible_vector_array_pair0-&lt;lambda&gt;4]" time="0.001537322998046875"></testcase><testcase classname="src.pymortests.vectorarray" file="src/pymortests/vectorarray.py" line="791" name="test_add[compatible_vector_array_pair0-&lt;lambda&gt;5]" time="0.0014390945434570312"></testcase><testcase classname="src.pymortests.vectorarray" file="src/pymortests/vectorarray.py" line="791" name="test_add[compatible_vector_array_pair0-&lt;lambda&gt;6]" time="0.0016105175018310547"></testcase><testcase classname="src.pymortests.vectorarray" file="src/pymortests/vectorarray.py" line="791" name="test_add[compatible_vector_array_pair0-&lt;lambda&gt;7]" time="0.001495361328125"></testcase><testcase classname="src.pymortests.vectorarray" file="src/pymortests/vectorarray.py" line="791" name="test_add[compatible_vector_array_pair0-&lt;lambda&gt;8]" time="0.0018744468688964844"></testcase><testcase classname="src.pymortests.vectorarray" file="src/pymortests/vectorarray.py" line="791" name="test_add[compatible_vector_array_pair0-&lt;lambda&gt;9]" time="0.00498199462890625"></testcase><testcase classname="src.pymortests.vectorarray" file="src/pymortests/vectorarray.py" line="791" name="test_add[compatible_vector_array_pair0-&lt;lambda&gt;10]" time="0.00946044921875"></testcase><testcase classname="src.pymortests.vectorarray" file="src/pymortests/vectorarray.py" line="791" name="test_add[compatible_vector_array_pair0-&lt;lambda&gt;11]" time="0.0017650127410888672"></testcase><testcase classname="src.pymortests.vectorarray" file="src/pymortests/vectorarray.py" line="791" name="test_add[compatible_vector_array_pair0-&lt;lambda&gt;12]" time="0.001986980438232422"></testcase><testcase classname="src.pymortests.vectorarray" file="src/pymortests/vectorarray.py" line="791" name="test_add[compatible_vector_array_pair0-&lt;lambda&gt;13]" time="0.0019402503967285156"></testcase><testcase classname="src.pymortests.vectorarray" file="src/pymortests/vectorarray.py" line="791" name="test_add[compatible_vector_array_pair0-&lt;lambda&gt;14]" time="0.0019192695617675781"></testcase><testcase classname="src.pymortests.vectorarray" file="src/pymortests/vectorarray.py" line="791" name="test_add[compatible_vector_array_pair0-&lt;lambda&gt;15]" time="0.0022754669189453125"></testcase><testcase classname="src.pymortests.vectorarray" file="src/pymortests/vectorarray.py" line="791" name="test_add[compatible_vector_array_pair0-&lt;lambda&gt;16]" time="0.002600431442260742"></testcase><testcase classname="src.pymortests.vectorarray" file="src/pymortests/vectorarray.py" line="791" name="test_add[compatible_vector_array_pair0-&lt;lambda&gt;17]" time="0.002450227737426758"></testcase><testcase classname="src.pymortests.vectorarray" file="src/pymortests/vectorarray.py" line="791" name="test_add[compatible_vector_array_pair0-&lt;lambda&gt;18]" time="0.0020842552185058594"></testcase><testcase classname="src.pymortests.vectorarray" file="src/pymortests/vectorarray.py" line="791" name="test_add[compatible_vector_array_pair0-&lt;lambda&gt;19]" time="0.002321004867553711"></testcase><testcase classname="src.pymortests.vectorarray" file="src/pymortests/vectorarray.py" line="791" name="test_add[compatible_vector_array_pair0-&lt;lambda&gt;20]" time="0.028534889221191406"></testcase><testcase classname="src.pymortests.vectorarray" file="src/pymortests/vectorarray.py" line="791" name="test_add[compatible_vector_array_pair0-&lt;lambda&gt;21]" time="0.018766164779663086"></testcase><testcase classname="src.pymortests.vectorarray" file="src/pymortests/vectorarray.py" line="791" name="test_add[compatible_vector_array_pair0-&lt;lambda&gt;22]" time="0.05304384231567383"></testcase><testcase classname="src.pymortests.vectorarray" file="src/pymortests/vectorarray.py" line="791" name="test_add[compatible_vector_array_pair0-&lt;lambda&gt;23]" time="0.0038704872131347656"></testcase><testcase classname="src.pymortests.vectorarray" file="src/pymortests/vectorarray.py" line="791" name="test_add[compatible_vector_array_pair0-&lt;lambda&gt;24]" time="0.0014700889587402344"></testcase><testcase classname="src.pymortests.vectorarray" file="src/pymortests/vectorarray.py" line="791" name="test_add[compatible_vector_array_pair0-&lt;lambda&gt;25]" time="0.00235748291015625"></testcase><testcase classname="src.pymortests.vectorarray" file="src/pymortests/vectorarray.py" line="791" name="test_add[compatible_vector_array_pair0-&lt;lambda&gt;26]" time="0.024001359939575195"></testcase><testcase classname="src.pymortests.vectorarray" file="src/pymortests/vectorarray.py" line="791" name="test_add[compatible_vector_array_pair0-&lt;lambda&gt;27]" time="0.12317824363708496"></testcase><testcase classname="src.pymortests.vectorarray" file="src/pymortests/vectorarray.py" line="791" name="test_add[compatible_vector_array_pair0-&lt;lambda&gt;28]" time="0.325681209564209"></testcase><testcase classname="src.pymortests.vectorarray" file="src/pymortests/vectorarray.py" line="791" name="test_add[compatible_vector_array_pair0-&lt;lambda&gt;29]" time="0.010169744491577148"></testcase><testcase classname="src.pymortests.vectorarray" file="src/pymortests/vectorarray.py" line="791" name="test_add[compatible_vector_array_pair1-&lt;lambda&gt;0]" time="0.002179861068725586"></testcase><testcase classname="src.pymortests.vectorarray" file="src/pymortests/vectorarray.py" line="791" name="test_add[compatible_vector_array_pair1-&lt;lambda&gt;1]" time="0.0016295909881591797"></testcase><testcase classname="src.pymortests.vectorarray" file="src/pymortests/vectorarray.py" line="791" name="test_add[compatible_vector_array_pair1-&lt;lambda&gt;2]" time="0.001596689224243164"></testcase><testcase classname="src.pymortests.vectorarray" file="src/pymortests/vectorarray.py" line="791" name="test_add[compatible_vector_array_pair1-&lt;lambda&gt;3]" time="0.0017135143280029297"></testcase><testcase classname="src.pymortests.vectorarray" file="src/pymortests/vectorarray.py" line="791" name="test_add[compatible_vector_array_pair1-&lt;lambda&gt;4]" time="0.0015959739685058594"></testcase><testcase classname="src.pymortests.vectorarray" file="src/pymortests/vectorarray.py" line="791" name="test_add[compatible_vector_array_pair1-&lt;lambda&gt;5]" time="0.0014541149139404297"></testcase><testcase classname="src.pymortests.vectorarray" file="src/pymortests/vectorarray.py" line="791" name="test_add[compatible_vector_array_pair1-&lt;lambda&gt;6]" time="0.0014081001281738281"></testcase><testcase classname="src.pymortests.vectorarray" file="src/pymortests/vectorarray.py" line="791" name="test_add[compatible_vector_array_pair1-&lt;lambda&gt;7]" time="0.001428365707397461"></testcase><testcase classname="src.pymortests.vectorarray" file="src/pymortests/vectorarray.py" line="791" name="test_add[compatible_vector_array_pair1-&lt;lambda&gt;8]" time="0.0018689632415771484"></testcase><testcase classname="src.pymortests.vectorarray" file="src/pymortests/vectorarray.py" line="791" name="test_add[compatible_vector_array_pair1-&lt;lambda&gt;9]" time="0.005156278610229492"></testcase><testcase classname="src.pymortests.vectorarray" file="src/pymortests/vectorarray.py" line="791" name="test_add[compatible_vector_array_pair1-&lt;lambda&gt;10]" time="0.00948190689086914"></testcase><testcase classname="src.pymortests.vectorarray" file="src/pymortests/vectorarray.py" line="791" name="test_add[compatible_vector_array_pair1-&lt;lambda&gt;11]" time="0.0017554759979248047"></testcase><testcase classname="src.pymortests.vectorarray" file="src/pymortests/vectorarray.py" line="791" name="test_add[compatible_vector_array_pair1-&lt;lambda&gt;12]" time="0.0018999576568603516"></testcase><testcase classname="src.pymortests.vectorarray" file="src/pymortests/vectorarray.py" line="791" name="test_add[compatible_vector_array_pair1-&lt;lambda&gt;13]" time="0.0020418167114257812"></testcase><testcase classname="src.pymortests.vectorarray" file="src/pymortests/vectorarray.py" line="791" name="test_add[compatible_vector_array_pair1-&lt;lambda&gt;14]" time="0.0019304752349853516"></testcase><testcase classname="src.pymortests.vectorarray" file="src/pymortests/vectorarray.py" line="791" name="test_add[compatible_vector_array_pair1-&lt;lambda&gt;15]" time="0.002321481704711914"></testcase><testcase classname="src.pymortests.vectorarray" file="src/pymortests/vectorarray.py" line="791" name="test_add[compatible_vector_array_pair1-&lt;lambda&gt;16]" time="0.0026679039001464844"></testcase><testcase classname="src.pymortests.vectorarray" file="src/pymortests/vectorarray.py" line="791" name="test_add[compatible_vector_array_pair1-&lt;lambda&gt;17]" time="0.002422809600830078"></testcase><testcase classname="src.pymortests.vectorarray" file="src/pymortests/vectorarray.py" line="791" name="test_add[compatible_vector_array_pair1-&lt;lambda&gt;18]" time="0.0021648406982421875"></testcase><testcase classname="src.pymortests.vectorarray" file="src/pymortests/vectorarray.py" line="791" name="test_add[compatible_vector_array_pair1-&lt;lambda&gt;19]" time="0.0022623538970947266"></testcase><testcase classname="src.pymortests.vectorarray" file="src/pymortests/vectorarray.py" line="791" name="test_add[compatible_vector_array_pair1-&lt;lambda&gt;20]" time="0.02661752700805664"></testcase><testcase classname="src.pymortests.vectorarray" file="src/pymortests/vectorarray.py" line="791" name="test_add[compatible_vector_array_pair1-&lt;lambda&gt;21]" time="0.018963336944580078"></testcase><testcase classname="src.pymortests.vectorarray" file="src/pymortests/vectorarray.py" line="791" name="test_add[compatible_vector_array_pair1-&lt;lambda&gt;22]" time="0.053546905517578125"></testcase><testcase classname="src.pymortests.vectorarray" file="src/pymortests/vectorarray.py" line="791" name="test_add[compatible_vector_array_pair1-&lt;lambda&gt;23]" time="0.003929853439331055"></testcase><testcase classname="src.pymortests.vectorarray" file="src/pymortests/vectorarray.py" line="791" name="test_add[compatible_vector_array_pair1-&lt;lambda&gt;24]" time="0.0014679431915283203"></testcase><testcase classname="src.pymortests.vectorarray" file="src/pymortests/vectorarray.py" line="791" name="test_add[compatible_vector_array_pair1-&lt;lambda&gt;25]" time="0.0023746490478515625"></testcase><testcase classname="src.pymortests.vectorarray" file="src/pymortests/vectorarray.py" line="791" name="test_add[compatible_vector_array_pair1-&lt;lambda&gt;26]" time="0.02524733543395996"></testcase><testcase classname="src.pymortests.vectorarray" file="src/pymortests/vectorarray.py" line="791" name="test_add[compatible_vector_array_pair1-&lt;lambda&gt;27]" time="0.12224912643432617"></testcase><testcase classname="src.pymortests.vectorarray" file="src/pymortests/vectorarray.py" line="791" name="test_add[compatible_vector_array_pair1-&lt;lambda&gt;28]" time="0.3263084888458252"></testcase><testcase classname="src.pymortests.vectorarray" file="src/pymortests/vectorarray.py" line="791" name="test_add[compatible_vector_array_pair1-&lt;lambda&gt;29]" time="0.010428905487060547"></testcase><testcase classname="src.pymortests.vectorarray" file="src/pymortests/vectorarray.py" line="791" name="test_add[compatible_vector_array_pair2-&lt;lambda&gt;0]" time="0.0021855831146240234"></testcase><testcase classname="src.pymortests.vectorarray" file="src/pymortests/vectorarray.py" line="791" name="test_add[compatible_vector_array_pair2-&lt;lambda&gt;1]" time="0.0015921592712402344"></testcase><testcase classname="src.pymortests.vectorarray" file="src/pymortests/vectorarray.py" line="791" name="test_add[compatible_vector_array_pair2-&lt;lambda&gt;2]" time="0.0015108585357666016"></testcase><testcase classname="src.pymortests.vectorarray" file="src/pymortests/vectorarray.py" line="791" name="test_add[compatible_vector_array_pair2-&lt;lambda&gt;3]" time="0.0016705989837646484"></testcase><testcase classname="src.pymortests.vectorarray" file="src/pymortests/vectorarray.py" line="791" name="test_add[compatible_vector_array_pair2-&lt;lambda&gt;4]" time="0.0015327930450439453"></testcase><testcase classname="src.pymortests.vectorarray" file="src/pymortests/vectorarray.py" line="791" name="test_add[compatible_vector_array_pair2-&lt;lambda&gt;5]" time="0.0014166831970214844"></testcase><testcase classname="src.pymortests.vectorarray" file="src/pymortests/vectorarray.py" line="791" name="test_add[compatible_vector_array_pair2-&lt;lambda&gt;6]" time="0.001402139663696289"></testcase><testcase classname="src.pymortests.vectorarray" file="src/pymortests/vectorarray.py" line="791" name="test_add[compatible_vector_array_pair2-&lt;lambda&gt;7]" time="0.0014357566833496094"></testcase><testcase classname="src.pymortests.vectorarray" file="src/pymortests/vectorarray.py" line="791" name="test_add[compatible_vector_array_pair2-&lt;lambda&gt;8]" time="0.0019032955169677734"></testcase><testcase classname="src.pymortests.vectorarray" file="src/pymortests/vectorarray.py" line="791" name="test_add[compatible_vector_array_pair2-&lt;lambda&gt;9]" time="0.004904508590698242"></testcase><testcase classname="src.pymortests.vectorarray" file="src/pymortests/vectorarray.py" line="791" name="test_add[compatible_vector_array_pair2-&lt;lambda&gt;10]" time="0.009370803833007812"></testcase><testcase classname="src.pymortests.vectorarray" file="src/pymortests/vectorarray.py" line="791" name="test_add[compatible_vector_array_pair2-&lt;lambda&gt;11]" time="0.0017132759094238281"></testcase><testcase classname="src.pymortests.vectorarray" file="src/pymortests/vectorarray.py" line="791" name="test_add[compatible_vector_array_pair2-&lt;lambda&gt;12]" time="0.0018649101257324219"></testcase><testcase classname="src.pymortests.vectorarray" file="src/pymortests/vectorarray.py" line="791" name="test_add[compatible_vector_array_pair2-&lt;lambda&gt;13]" time="0.002109050750732422"></testcase><testcase classname="src.pymortests.vectorarray" file="src/pymortests/vectorarray.py" line="791" name="test_add[compatible_vector_array_pair2-&lt;lambda&gt;14]" time="0.001840829849243164"></testcase><testcase classname="src.pymortests.vectorarray" file="src/pymortests/vectorarray.py" line="791" name="test_add[compatible_vector_array_pair2-&lt;lambda&gt;15]" time="0.002230405807495117"></testcase><testcase classname="src.pymortests.vectorarray" file="src/pymortests/vectorarray.py" line="791" name="test_add[compatible_vector_array_pair2-&lt;lambda&gt;16]" time="0.0025014877319335938"></testcase><testcase classname="src.pymortests.vectorarray" file="src/pymortests/vectorarray.py" line="791" name="test_add[compatible_vector_array_pair2-&lt;lambda&gt;17]" time="0.0023398399353027344"></testcase><testcase classname="src.pymortests.vectorarray" file="src/pymortests/vectorarray.py" line="791" name="test_add[compatible_vector_array_pair2-&lt;lambda&gt;18]" time="0.0021135807037353516"></testcase><testcase classname="src.pymortests.vectorarray" file="src/pymortests/vectorarray.py" line="791" name="test_add[compatible_vector_array_pair2-&lt;lambda&gt;19]" time="0.002137899398803711"></testcase><testcase classname="src.pymortests.vectorarray" file="src/pymortests/vectorarray.py" line="791" name="test_add[compatible_vector_array_pair2-&lt;lambda&gt;20]" time="0.02549004554748535"></testcase><testcase classname="src.pymortests.vectorarray" file="src/pymortests/vectorarray.py" line="791" name="test_add[compatible_vector_array_pair2-&lt;lambda&gt;21]" time="0.018416166305541992"></testcase><testcase classname="src.pymortests.vectorarray" file="src/pymortests/vectorarray.py" line="791" name="test_add[compatible_vector_array_pair2-&lt;lambda&gt;22]" time="0.05296468734741211"></testcase><testcase classname="src.pymortests.vectorarray" file="src/pymortests/vectorarray.py" line="791" name="test_add[compatible_vector_array_pair2-&lt;lambda&gt;23]" time="0.003952980041503906"></testcase><testcase classname="src.pymortests.vectorarray" file="src/pymortests/vectorarray.py" line="791" name="test_add[compatible_vector_array_pair2-&lt;lambda&gt;24]" time="0.0014045238494873047"></testcase><testcase classname="src.pymortests.vectorarray" file="src/pymortests/vectorarray.py" line="791" name="test_add[compatible_vector_array_pair2-&lt;lambda&gt;25]" time="0.0023088455200195312"></testcase><testcase classname="src.pymortests.vectorarray" file="src/pymortests/vectorarray.py" line="791" name="test_add[compatible_vector_array_pair2-&lt;lambda&gt;26]" time="0.02384805679321289"></testcase><testcase classname="src.pymortests.vectorarray" file="src/pymortests/vectorarray.py" line="791" name="test_add[compatible_vector_array_pair2-&lt;lambda&gt;27]" time="0.12209677696228027"></testcase><testcase classname="src.pymortests.vectorarray" file="src/pymortests/vectorarray.py" line="791" name="test_add[compatible_vector_array_pair2-&lt;lambda&gt;28]" time="0.32668185234069824"></testcase><testcase classname="src.pymortests.vectorarray" file="src/pymortests/vectorarray.py" line="791" name="test_add[compatible_vector_array_pair2-&lt;lambda&gt;29]" time="0.009983301162719727"></testcase><testcase classname="src.pymortests.vectorarray" file="src/pymortests/vectorarray.py" line="791" name="test_add[compatible_vector_array_pair3-&lt;lambda&gt;0]" time="0.0020766258239746094"></testcase><testcase classname="src.pymortests.vectorarray" file="src/pymortests/vectorarray.py" line="791" name="test_add[compatible_vector_array_pair3-&lt;lambda&gt;1]" time="0.0015420913696289062"></testcase><testcase classname="src.pymortests.vectorarray" file="src/pymortests/vectorarray.py" line="791" name="test_add[compatible_vector_array_pair3-&lt;lambda&gt;2]" time="0.0015072822570800781"></testcase><testcase classname="src.pymortests.vectorarray" file="src/pymortests/vectorarray.py" line="791" name="test_add[compatible_vector_array_pair3-&lt;lambda&gt;3]" time="0.0016591548919677734"></testcase><testcase classname="src.pymortests.vectorarray" file="src/pymortests/vectorarray.py" line="791" name="test_add[compatible_vector_array_pair3-&lt;lambda&gt;4]" time="0.0014846324920654297"></testcase><testcase classname="src.pymortests.vectorarray" file="src/pymortests/vectorarray.py" line="791" name="test_add[compatible_vector_array_pair3-&lt;lambda&gt;5]" time="0.0014085769653320312"></testcase><testcase classname="src.pymortests.vectorarray" file="src/pymortests/vectorarray.py" line="791" name="test_add[compatible_vector_array_pair3-&lt;lambda&gt;6]" time="0.001336812973022461"></testcase><testcase classname="src.pymortests.vectorarray" file="src/pymortests/vectorarray.py" line="791" name="test_add[compatible_vector_array_pair3-&lt;lambda&gt;7]" time="0.0013766288757324219"></testcase><testcase classname="src.pymortests.vectorarray" file="src/pymortests/vectorarray.py" line="791" name="test_add[compatible_vector_array_pair3-&lt;lambda&gt;8]" time="0.001695871353149414"></testcase><testcase classname="src.pymortests.vectorarray" file="src/pymortests/vectorarray.py" line="791" name="test_add[compatible_vector_array_pair3-&lt;lambda&gt;9]" time="0.004940986633300781"></testcase><testcase classname="src.pymortests.vectorarray" file="src/pymortests/vectorarray.py" line="791" name="test_add[compatible_vector_array_pair3-&lt;lambda&gt;10]" time="0.00944972038269043"></testcase><testcase classname="src.pymortests.vectorarray" file="src/pymortests/vectorarray.py" line="791" name="test_add[compatible_vector_array_pair3-&lt;lambda&gt;11]" time="0.0017766952514648438"></testcase><testcase classname="src.pymortests.vectorarray" file="src/pymortests/vectorarray.py" line="791" name="test_add[compatible_vector_array_pair3-&lt;lambda&gt;12]" time="0.0018758773803710938"></testcase><testcase classname="src.pymortests.vectorarray" file="src/pymortests/vectorarray.py" line="791" name="test_add[compatible_vector_array_pair3-&lt;lambda&gt;13]" time="0.0020368099212646484"></testcase><testcase classname="src.pymortests.vectorarray" file="src/pymortests/vectorarray.py" line="791" name="test_add[compatible_vector_array_pair3-&lt;lambda&gt;14]" time="0.0019481182098388672"></testcase><testcase classname="src.pymortests.vectorarray" file="src/pymortests/vectorarray.py" line="791" name="test_add[compatible_vector_array_pair3-&lt;lambda&gt;15]" time="0.0023539066314697266"></testcase><testcase classname="src.pymortests.vectorarray" file="src/pymortests/vectorarray.py" line="791" name="test_add[compatible_vector_array_pair3-&lt;lambda&gt;16]" time="0.002575397491455078"></testcase><testcase classname="src.pymortests.vectorarray" file="src/pymortests/vectorarray.py" line="791" name="test_add[compatible_vector_array_pair3-&lt;lambda&gt;17]" time="0.0024089813232421875"></testcase><testcase classname="src.pymortests.vectorarray" file="src/pymortests/vectorarray.py" line="791" name="test_add[compatible_vector_array_pair3-&lt;lambda&gt;18]" time="0.0021619796752929688"></testcase><testcase classname="src.pymortests.vectorarray" file="src/pymortests/vectorarray.py" line="791" name="test_add[compatible_vector_array_pair3-&lt;lambda&gt;19]" time="0.0022580623626708984"></testcase><testcase classname="src.pymortests.vectorarray" file="src/pymortests/vectorarray.py" line="791" name="test_add[compatible_vector_array_pair3-&lt;lambda&gt;20]" time="0.026187658309936523"></testcase><testcase classname="src.pymortests.vectorarray" file="src/pymortests/vectorarray.py" line="791" name="test_add[compatible_vector_array_pair3-&lt;lambda&gt;21]" time="0.018890380859375"></testcase><testcase classname="src.pymortests.vectorarray" file="src/pymortests/vectorarray.py" line="791" name="test_add[compatible_vector_array_pair3-&lt;lambda&gt;22]" time="0.05285191535949707"></testcase><testcase classname="src.pymortests.vectorarray" file="src/pymortests/vectorarray.py" line="791" name="test_add[compatible_vector_array_pair3-&lt;lambda&gt;23]" time="0.003948211669921875"></testcase><testcase classname="src.pymortests.vectorarray" file="src/pymortests/vectorarray.py" line="791" name="test_add[compatible_vector_array_pair3-&lt;lambda&gt;24]" time="0.00151824951171875"></testcase><testcase classname="src.pymortests.vectorarray" file="src/pymortests/vectorarray.py" line="791" name="test_add[compatible_vector_array_pair3-&lt;lambda&gt;25]" time="0.002458810806274414"></testcase><testcase classname="src.pymortests.vectorarray" file="src/pymortests/vectorarray.py" line="791" name="test_add[compatible_vector_array_pair3-&lt;lambda&gt;26]" time="0.024622440338134766"></testcase><testcase classname="src.pymortests.vectorarray" file="src/pymortests/vectorarray.py" line="791" name="test_add[compatible_vector_array_pair3-&lt;lambda&gt;27]" time="0.12329363822937012"></testcase><testcase classname="src.pymortests.vectorarray" file="src/pymortests/vectorarray.py" line="791" name="test_add[compatible_vector_array_pair3-&lt;lambda&gt;28]" time="0.3305032253265381"></testcase><testcase classname="src.pymortests.vectorarray" file="src/pymortests/vectorarray.py" line="791" name="test_add[compatible_vector_array_pair3-&lt;lambda&gt;29]" time="0.010681390762329102"></testcase><testcase classname="src.pymortests.vectorarray" file="src/pymortests/vectorarray.py" line="791" name="test_add[compatible_vector_array_pair4-&lt;lambda&gt;0]" time="0.002224445343017578"></testcase><testcase classname="src.pymortests.vectorarray" file="src/pymortests/vectorarray.py" line="791" name="test_add[compatible_vector_array_pair4-&lt;lambda&gt;1]" time="0.0016353130340576172"></testcase><testcase classname="src.pymortests.vectorarray" file="src/pymortests/vectorarray.py" line="791" name="test_add[compatible_vector_array_pair4-&lt;lambda&gt;2]" time="0.0015764236450195312"></testcase><testcase classname="src.pymortests.vectorarray" file="src/pymortests/vectorarray.py" line="791" name="test_add[compatible_vector_array_pair4-&lt;lambda&gt;3]" time="0.0016667842864990234"></testcase><testcase classname="src.pymortests.vectorarray" file="src/pymortests/vectorarray.py" line="791" name="test_add[compatible_vector_array_pair4-&lt;lambda&gt;4]" time="0.0016031265258789062"></testcase><testcase classname="src.pymortests.vectorarray" file="src/pymortests/vectorarray.py" line="791" name="test_add[compatible_vector_array_pair4-&lt;lambda&gt;5]" time="0.0014638900756835938"></testcase><testcase classname="src.pymortests.vectorarray" file="src/pymortests/vectorarray.py" line="791" name="test_add[compatible_vector_array_pair4-&lt;lambda&gt;6]" time="0.0013909339904785156"></testcase><testcase classname="src.pymortests.vectorarray" file="src/pymortests/vectorarray.py" line="791" name="test_add[compatible_vector_array_pair4-&lt;lambda&gt;7]" time="0.0013909339904785156"></testcase><testcase classname="src.pymortests.vectorarray" file="src/pymortests/vectorarray.py" line="791" name="test_add[compatible_vector_array_pair4-&lt;lambda&gt;8]" time="0.0018167495727539062"></testcase><testcase classname="src.pymortests.vectorarray" file="src/pymortests/vectorarray.py" line="791" name="test_add[compatible_vector_array_pair4-&lt;lambda&gt;9]" time="0.0049915313720703125"></testcase><testcase classname="src.pymortests.vectorarray" file="src/pymortests/vectorarray.py" line="791" name="test_add[compatible_vector_array_pair4-&lt;lambda&gt;10]" time="0.00986337661743164"></testcase><testcase classname="src.pymortests.vectorarray" file="src/pymortests/vectorarray.py" line="791" name="test_add[compatible_vector_array_pair4-&lt;lambda&gt;11]" time="0.0017418861389160156"></testcase><testcase classname="src.pymortests.vectorarray" file="src/pymortests/vectorarray.py" line="791" name="test_add[compatible_vector_array_pair4-&lt;lambda&gt;12]" time="0.0019161701202392578"></testcase><testcase classname="src.pymortests.vectorarray" file="src/pymortests/vectorarray.py" line="791" name="test_add[compatible_vector_array_pair4-&lt;lambda&gt;13]" time="0.002101898193359375"></testcase><testcase classname="src.pymortests.vectorarray" file="src/pymortests/vectorarray.py" line="791" name="test_add[compatible_vector_array_pair4-&lt;lambda&gt;14]" time="0.002012491226196289"></testcase><testcase classname="src.pymortests.vectorarray" file="src/pymortests/vectorarray.py" line="791" name="test_add[compatible_vector_array_pair4-&lt;lambda&gt;15]" time="0.0023984909057617188"></testcase><testcase classname="src.pymortests.vectorarray" file="src/pymortests/vectorarray.py" line="791" name="test_add[compatible_vector_array_pair4-&lt;lambda&gt;16]" time="0.0026311874389648438"></testcase><testcase classname="src.pymortests.vectorarray" file="src/pymortests/vectorarray.py" line="791" name="test_add[compatible_vector_array_pair4-&lt;lambda&gt;17]" time="0.0025146007537841797"></testcase><testcase classname="src.pymortests.vectorarray" file="src/pymortests/vectorarray.py" line="791" name="test_add[compatible_vector_array_pair4-&lt;lambda&gt;18]" time="0.0021164417266845703"></testcase><testcase classname="src.pymortests.vectorarray" file="src/pymortests/vectorarray.py" line="791" name="test_add[compatible_vector_array_pair4-&lt;lambda&gt;19]" time="0.0022072792053222656"></testcase><testcase classname="src.pymortests.vectorarray" file="src/pymortests/vectorarray.py" line="791" name="test_add[compatible_vector_array_pair4-&lt;lambda&gt;20]" time="0.025843381881713867"></testcase><testcase classname="src.pymortests.vectorarray" file="src/pymortests/vectorarray.py" line="791" name="test_add[compatible_vector_array_pair4-&lt;lambda&gt;21]" time="0.018740415573120117"></testcase><testcase classname="src.pymortests.vectorarray" file="src/pymortests/vectorarray.py" line="791" name="test_add[compatible_vector_array_pair4-&lt;lambda&gt;22]" time="0.052515506744384766"></testcase><testcase classname="src.pymortests.vectorarray" file="src/pymortests/vectorarray.py" line="791" name="test_add[compatible_vector_array_pair4-&lt;lambda&gt;23]" time="0.0039098262786865234"></testcase><testcase classname="src.pymortests.vectorarray" file="src/pymortests/vectorarray.py" line="791" name="test_add[compatible_vector_array_pair4-&lt;lambda&gt;24]" time="0.0014183521270751953"></testcase><testcase classname="src.pymortests.vectorarray" file="src/pymortests/vectorarray.py" line="791" name="test_add[compatible_vector_array_pair4-&lt;lambda&gt;25]" time="0.002334117889404297"></testcase><testcase classname="src.pymortests.vectorarray" file="src/pymortests/vectorarray.py" line="791" name="test_add[compatible_vector_array_pair4-&lt;lambda&gt;26]" time="0.024274110794067383"></testcase><testcase classname="src.pymortests.vectorarray" file="src/pymortests/vectorarray.py" line="791" name="test_add[compatible_vector_array_pair4-&lt;lambda&gt;27]" time="0.12262630462646484"></testcase><testcase classname="src.pymortests.vectorarray" file="src/pymortests/vectorarray.py" line="791" name="test_add[compatible_vector_array_pair4-&lt;lambda&gt;28]" time="0.3257460594177246"></testcase><testcase classname="src.pymortests.vectorarray" file="src/pymortests/vectorarray.py" line="791" name="test_add[compatible_vector_array_pair4-&lt;lambda&gt;29]" time="0.00979757308959961"></testcase><testcase classname="src.pymortests.vectorarray" file="src/pymortests/vectorarray.py" line="791" name="test_add[compatible_vector_array_pair5-&lt;lambda&gt;0]" time="0.0021631717681884766"></testcase><testcase classname="src.pymortests.vectorarray" file="src/pymortests/vectorarray.py" line="791" name="test_add[compatible_vector_array_pair5-&lt;lambda&gt;1]" time="0.0015361309051513672"></testcase><testcase classname="src.pymortests.vectorarray" file="src/pymortests/vectorarray.py" line="791" name="test_add[compatible_vector_array_pair5-&lt;lambda&gt;2]" time="0.0015306472778320312"></testcase><testcase classname="src.pymortests.vectorarray" file="src/pymortests/vectorarray.py" line="791" name="test_add[compatible_vector_array_pair5-&lt;lambda&gt;3]" time="0.0016341209411621094"></testcase><testcase classname="src.pymortests.vectorarray" file="src/pymortests/vectorarray.py" line="791" name="test_add[compatible_vector_array_pair5-&lt;lambda&gt;4]" time="0.0014903545379638672"></testcase><testcase classname="src.pymortests.vectorarray" file="src/pymortests/vectorarray.py" line="791" name="test_add[compatible_vector_array_pair5-&lt;lambda&gt;5]" time="0.0013782978057861328"></testcase><testcase classname="src.pymortests.vectorarray" file="src/pymortests/vectorarray.py" line="791" name="test_add[compatible_vector_array_pair5-&lt;lambda&gt;6]" time="0.0013642311096191406"></testcase><testcase classname="src.pymortests.vectorarray" file="src/pymortests/vectorarray.py" line="791" name="test_add[compatible_vector_array_pair5-&lt;lambda&gt;7]" time="0.001340627670288086"></testcase><testcase classname="src.pymortests.vectorarray" file="src/pymortests/vectorarray.py" line="791" name="test_add[compatible_vector_array_pair5-&lt;lambda&gt;8]" time="0.0018048286437988281"></testcase><testcase classname="src.pymortests.vectorarray" file="src/pymortests/vectorarray.py" line="791" name="test_add[compatible_vector_array_pair5-&lt;lambda&gt;9]" time="0.00497746467590332"></testcase><testcase classname="src.pymortests.vectorarray" file="src/pymortests/vectorarray.py" line="791" name="test_add[compatible_vector_array_pair5-&lt;lambda&gt;10]" time="0.010455608367919922"></testcase><testcase classname="src.pymortests.vectorarray" file="src/pymortests/vectorarray.py" line="791" name="test_add[compatible_vector_array_pair5-&lt;lambda&gt;11]" time="0.0017817020416259766"></testcase><testcase classname="src.pymortests.vectorarray" file="src/pymortests/vectorarray.py" line="791" name="test_add[compatible_vector_array_pair5-&lt;lambda&gt;12]" time="0.0019125938415527344"></testcase><testcase classname="src.pymortests.vectorarray" file="src/pymortests/vectorarray.py" line="791" name="test_add[compatible_vector_array_pair5-&lt;lambda&gt;13]" time="0.0021185874938964844"></testcase><testcase classname="src.pymortests.vectorarray" file="src/pymortests/vectorarray.py" line="791" name="test_add[compatible_vector_array_pair5-&lt;lambda&gt;14]" time="0.0020558834075927734"></testcase><testcase classname="src.pymortests.vectorarray" file="src/pymortests/vectorarray.py" line="791" name="test_add[compatible_vector_array_pair5-&lt;lambda&gt;15]" time="0.002338409423828125"></testcase><testcase classname="src.pymortests.vectorarray" file="src/pymortests/vectorarray.py" line="791" name="test_add[compatible_vector_array_pair5-&lt;lambda&gt;16]" time="0.0025970935821533203"></testcase><testcase classname="src.pymortests.vectorarray" file="src/pymortests/vectorarray.py" line="791" name="test_add[compatible_vector_array_pair5-&lt;lambda&gt;17]" time="0.002445697784423828"></testcase><testcase classname="src.pymortests.vectorarray" file="src/pymortests/vectorarray.py" line="791" name="test_add[compatible_vector_array_pair5-&lt;lambda&gt;18]" time="0.002087116241455078"></testcase><testcase classname="src.pymortests.vectorarray" file="src/pymortests/vectorarray.py" line="791" name="test_add[compatible_vector_array_pair5-&lt;lambda&gt;19]" time="0.0021741390228271484"></testcase><testcase classname="src.pymortests.vectorarray" file="src/pymortests/vectorarray.py" line="791" name="test_add[compatible_vector_array_pair5-&lt;lambda&gt;20]" time="0.025643587112426758"></testcase><testcase classname="src.pymortests.vectorarray" file="src/pymortests/vectorarray.py" line="791" name="test_add[compatible_vector_array_pair5-&lt;lambda&gt;21]" time="0.01858687400817871"></testcase><testcase classname="src.pymortests.vectorarray" file="src/pymortests/vectorarray.py" line="791" name="test_add[compatible_vector_array_pair5-&lt;lambda&gt;22]" time="0.0523371696472168"></testcase><testcase classname="src.pymortests.vectorarray" file="src/pymortests/vectorarray.py" line="791" name="test_add[compatible_vector_array_pair5-&lt;lambda&gt;23]" time="0.003972530364990234"></testcase><testcase classname="src.pymortests.vectorarray" file="src/pymortests/vectorarray.py" line="791" name="test_add[compatible_vector_array_pair5-&lt;lambda&gt;24]" time="0.0014574527740478516"></testcase><testcase classname="src.pymortests.vectorarray" file="src/pymortests/vectorarray.py" line="791" name="test_add[compatible_vector_array_pair5-&lt;lambda&gt;25]" time="0.002280712127685547"></testcase><testcase classname="src.pymortests.vectorarray" file="src/pymortests/vectorarray.py" line="791" name="test_add[compatible_vector_array_pair5-&lt;lambda&gt;26]" time="0.02369999885559082"></testcase><testcase classname="src.pymortests.vectorarray" file="src/pymortests/vectorarray.py" line="791" name="test_add[compatible_vector_array_pair5-&lt;lambda&gt;27]" time="0.1218266487121582"></testcase><testcase classname="src.pymortests.vectorarray" file="src/pymortests/vectorarray.py" line="791" name="test_add[compatible_vector_array_pair5-&lt;lambda&gt;28]" time="0.3251628875732422"></testcase><testcase classname="src.pymortests.vectorarray" file="src/pymortests/vectorarray.py" line="791" name="test_add[compatible_vector_array_pair5-&lt;lambda&gt;29]" time="0.01003265380859375"></testcase><testcase classname="src.pymortests.vectorarray" file="src/pymortests/vectorarray.py" line="791" name="test_add[compatible_vector_array_pair6-&lt;lambda&gt;0]" time="0.002171039581298828"></testcase><testcase classname="src.pymortests.vectorarray" file="src/pymortests/vectorarray.py" line="791" name="test_add[compatible_vector_array_pair6-&lt;lambda&gt;1]" time="0.0016825199127197266"></testcase><testcase classname="src.pymortests.vectorarray" file="src/pymortests/vectorarray.py" line="791" name="test_add[compatible_vector_array_pair6-&lt;lambda&gt;2]" time="0.0015101432800292969"></testcase><testcase classname="src.pymortests.vectorarray" file="src/pymortests/vectorarray.py" line="791" name="test_add[compatible_vector_array_pair6-&lt;lambda&gt;3]" time="0.0016443729400634766"></testcase><testcase classname="src.pymortests.vectorarray" file="src/pymortests/vectorarray.py" line="791" name="test_add[compatible_vector_array_pair6-&lt;lambda&gt;4]" time="0.0014944076538085938"></testcase><testcase classname="src.pymortests.vectorarray" file="src/pymortests/vectorarray.py" line="791" name="test_add[compatible_vector_array_pair6-&lt;lambda&gt;5]" time="0.0014638900756835938"></testcase><testcase classname="src.pymortests.vectorarray" file="src/pymortests/vectorarray.py" line="791" name="test_add[compatible_vector_array_pair6-&lt;lambda&gt;6]" time="0.0013568401336669922"></testcase><testcase classname="src.pymortests.vectorarray" file="src/pymortests/vectorarray.py" line="791" name="test_add[compatible_vector_array_pair6-&lt;lambda&gt;7]" time="0.0014388561248779297"></testcase><testcase classname="src.pymortests.vectorarray" file="src/pymortests/vectorarray.py" line="791" name="test_add[compatible_vector_array_pair6-&lt;lambda&gt;8]" time="0.0017790794372558594"></testcase><testcase classname="src.pymortests.vectorarray" file="src/pymortests/vectorarray.py" line="791" name="test_add[compatible_vector_array_pair6-&lt;lambda&gt;9]" time="0.00487065315246582"></testcase><testcase classname="src.pymortests.vectorarray" file="src/pymortests/vectorarray.py" line="791" name="test_add[compatible_vector_array_pair6-&lt;lambda&gt;10]" time="0.009352922439575195"></testcase><testcase classname="src.pymortests.vectorarray" file="src/pymortests/vectorarray.py" line="791" name="test_add[compatible_vector_array_pair6-&lt;lambda&gt;11]" time="0.0016794204711914062"></testcase><testcase classname="src.pymortests.vectorarray" file="src/pymortests/vectorarray.py" line="791" name="test_add[compatible_vector_array_pair6-&lt;lambda&gt;12]" time="0.0017883777618408203"></testcase><testcase classname="src.pymortests.vectorarray" file="src/pymortests/vectorarray.py" line="791" name="test_add[compatible_vector_array_pair6-&lt;lambda&gt;13]" time="0.0019307136535644531"></testcase><testcase classname="src.pymortests.vectorarray" file="src/pymortests/vectorarray.py" line="791" name="test_add[compatible_vector_array_pair6-&lt;lambda&gt;14]" time="0.0018236637115478516"></testcase><testcase classname="src.pymortests.vectorarray" file="src/pymortests/vectorarray.py" line="791" name="test_add[compatible_vector_array_pair6-&lt;lambda&gt;15]" time="0.0023381710052490234"></testcase><testcase classname="src.pymortests.vectorarray" file="src/pymortests/vectorarray.py" line="791" name="test_add[compatible_vector_array_pair6-&lt;lambda&gt;16]" time="0.0024979114532470703"></testcase><testcase classname="src.pymortests.vectorarray" file="src/pymortests/vectorarray.py" line="791" name="test_add[compatible_vector_array_pair6-&lt;lambda&gt;17]" time="0.0023605823516845703"></testcase><testcase classname="src.pymortests.vectorarray" file="src/pymortests/vectorarray.py" line="791" name="test_add[compatible_vector_array_pair6-&lt;lambda&gt;18]" time="0.0021448135375976562"></testcase><testcase classname="src.pymortests.vectorarray" file="src/pymortests/vectorarray.py" line="791" name="test_add[compatible_vector_array_pair6-&lt;lambda&gt;19]" time="0.002369403839111328"></testcase><testcase classname="src.pymortests.vectorarray" file="src/pymortests/vectorarray.py" line="791" name="test_add[compatible_vector_array_pair6-&lt;lambda&gt;20]" time="0.025923728942871094"></testcase><testcase classname="src.pymortests.vectorarray" file="src/pymortests/vectorarray.py" line="791" name="test_add[compatible_vector_array_pair6-&lt;lambda&gt;21]" time="0.01919388771057129"></testcase><testcase classname="src.pymortests.vectorarray" file="src/pymortests/vectorarray.py" line="791" name="test_add[compatible_vector_array_pair6-&lt;lambda&gt;22]" time="0.05190920829772949"></testcase><testcase classname="src.pymortests.vectorarray" file="src/pymortests/vectorarray.py" line="791" name="test_add[compatible_vector_array_pair6-&lt;lambda&gt;23]" time="0.0038385391235351562"></testcase><testcase classname="src.pymortests.vectorarray" file="src/pymortests/vectorarray.py" line="791" name="test_add[compatible_vector_array_pair6-&lt;lambda&gt;24]" time="0.0013527870178222656"></testcase><testcase classname="src.pymortests.vectorarray" file="src/pymortests/vectorarray.py" line="791" name="test_add[compatible_vector_array_pair6-&lt;lambda&gt;25]" time="0.002252817153930664"></testcase><testcase classname="src.pymortests.vectorarray" file="src/pymortests/vectorarray.py" line="791" name="test_add[compatible_vector_array_pair6-&lt;lambda&gt;26]" time="0.023878812789916992"></testcase><testcase classname="src.pymortests.vectorarray" file="src/pymortests/vectorarray.py" line="791" name="test_add[compatible_vector_array_pair6-&lt;lambda&gt;27]" time="0.12224888801574707"></testcase><testcase classname="src.pymortests.vectorarray" file="src/pymortests/vectorarray.py" line="791" name="test_add[compatible_vector_array_pair6-&lt;lambda&gt;28]" time="0.32477355003356934"></testcase><testcase classname="src.pymortests.vectorarray" file="src/pymortests/vectorarray.py" line="791" name="test_add[compatible_vector_array_pair6-&lt;lambda&gt;29]" time="0.010175943374633789"></testcase><testcase classname="src.pymortests.vectorarray" file="src/pymortests/vectorarray.py" line="791" name="test_add[compatible_vector_array_pair7-&lt;lambda&gt;0]" time="0.0021817684173583984"></testcase><testcase classname="src.pymortests.vectorarray" file="src/pymortests/vectorarray.py" line="791" name="test_add[compatible_vector_array_pair7-&lt;lambda&gt;1]" time="0.0016002655029296875"></testcase><testcase classname="src.pymortests.vectorarray" file="src/pymortests/vectorarray.py" line="791" name="test_add[compatible_vector_array_pair7-&lt;lambda&gt;2]" time="0.0014858245849609375"></testcase><testcase classname="src.pymortests.vectorarray" file="src/pymortests/vectorarray.py" line="791" name="test_add[compatible_vector_array_pair7-&lt;lambda&gt;3]" time="0.0016064643859863281"></testcase><testcase classname="src.pymortests.vectorarray" file="src/pymortests/vectorarray.py" line="791" name="test_add[compatible_vector_array_pair7-&lt;lambda&gt;4]" time="0.0015532970428466797"></testcase><testcase classname="src.pymortests.vectorarray" file="src/pymortests/vectorarray.py" line="791" name="test_add[compatible_vector_array_pair7-&lt;lambda&gt;5]" time="0.001445770263671875"></testcase><testcase classname="src.pymortests.vectorarray" file="src/pymortests/vectorarray.py" line="791" name="test_add[compatible_vector_array_pair7-&lt;lambda&gt;6]" time="0.0013890266418457031"></testcase><testcase classname="src.pymortests.vectorarray" file="src/pymortests/vectorarray.py" line="791" name="test_add[compatible_vector_array_pair7-&lt;lambda&gt;7]" time="0.0014443397521972656"></testcase><testcase classname="src.pymortests.vectorarray" file="src/pymortests/vectorarray.py" line="791" name="test_add[compatible_vector_array_pair7-&lt;lambda&gt;8]" time="0.0018606185913085938"></testcase><testcase classname="src.pymortests.vectorarray" file="src/pymortests/vectorarray.py" line="791" name="test_add[compatible_vector_array_pair7-&lt;lambda&gt;9]" time="0.004918575286865234"></testcase><testcase classname="src.pymortests.vectorarray" file="src/pymortests/vectorarray.py" line="791" name="test_add[compatible_vector_array_pair7-&lt;lambda&gt;10]" time="0.009996891021728516"></testcase><testcase classname="src.pymortests.vectorarray" file="src/pymortests/vectorarray.py" line="791" name="test_add[compatible_vector_array_pair7-&lt;lambda&gt;11]" time="0.001918792724609375"></testcase><testcase classname="src.pymortests.vectorarray" file="src/pymortests/vectorarray.py" line="791" name="test_add[compatible_vector_array_pair7-&lt;lambda&gt;12]" time="0.0019304752349853516"></testcase><testcase classname="src.pymortests.vectorarray" file="src/pymortests/vectorarray.py" line="791" name="test_add[compatible_vector_array_pair7-&lt;lambda&gt;13]" time="0.0020287036895751953"></testcase><testcase classname="src.pymortests.vectorarray" file="src/pymortests/vectorarray.py" line="791" name="test_add[compatible_vector_array_pair7-&lt;lambda&gt;14]" time="0.002013683319091797"></testcase><testcase classname="src.pymortests.vectorarray" file="src/pymortests/vectorarray.py" line="791" name="test_add[compatible_vector_array_pair7-&lt;lambda&gt;15]" time="0.0023832321166992188"></testcase><testcase classname="src.pymortests.vectorarray" file="src/pymortests/vectorarray.py" line="791" name="test_add[compatible_vector_array_pair7-&lt;lambda&gt;16]" time="0.002637624740600586"></testcase><testcase classname="src.pymortests.vectorarray" file="src/pymortests/vectorarray.py" line="791" name="test_add[compatible_vector_array_pair7-&lt;lambda&gt;17]" time="0.002505064010620117"></testcase><testcase classname="src.pymortests.vectorarray" file="src/pymortests/vectorarray.py" line="791" name="test_add[compatible_vector_array_pair7-&lt;lambda&gt;18]" time="0.0021047592163085938"></testcase><testcase classname="src.pymortests.vectorarray" file="src/pymortests/vectorarray.py" line="791" name="test_add[compatible_vector_array_pair7-&lt;lambda&gt;19]" time="0.0021414756774902344"></testcase><testcase classname="src.pymortests.vectorarray" file="src/pymortests/vectorarray.py" line="791" name="test_add[compatible_vector_array_pair7-&lt;lambda&gt;20]" time="0.0261533260345459"></testcase><testcase classname="src.pymortests.vectorarray" file="src/pymortests/vectorarray.py" line="791" name="test_add[compatible_vector_array_pair7-&lt;lambda&gt;21]" time="0.019079923629760742"></testcase><testcase classname="src.pymortests.vectorarray" file="src/pymortests/vectorarray.py" line="791" name="test_add[compatible_vector_array_pair7-&lt;lambda&gt;22]" time="0.052445173263549805"></testcase><testcase classname="src.pymortests.vectorarray" file="src/pymortests/vectorarray.py" line="791" name="test_add[compatible_vector_array_pair7-&lt;lambda&gt;23]" time="0.004163026809692383"></testcase><testcase classname="src.pymortests.vectorarray" file="src/pymortests/vectorarray.py" line="791" name="test_add[compatible_vector_array_pair7-&lt;lambda&gt;24]" time="0.0015101432800292969"></testcase><testcase classname="src.pymortests.vectorarray" file="src/pymortests/vectorarray.py" line="791" name="test_add[compatible_vector_array_pair7-&lt;lambda&gt;25]" time="0.0023353099822998047"></testcase><testcase classname="src.pymortests.vectorarray" file="src/pymortests/vectorarray.py" line="791" name="test_add[compatible_vector_array_pair7-&lt;lambda&gt;26]" time="0.023708581924438477"></testcase><testcase classname="src.pymortests.vectorarray" file="src/pymortests/vectorarray.py" line="791" name="test_add[compatible_vector_array_pair7-&lt;lambda&gt;27]" time="0.12285852432250977"></testcase><testcase classname="src.pymortests.vectorarray" file="src/pymortests/vectorarray.py" line="791" name="test_add[compatible_vector_array_pair7-&lt;lambda&gt;28]" time="0.32616734504699707"></testcase><testcase classname="src.pymortests.vectorarray" file="src/pymortests/vectorarray.py" line="791" name="test_add[compatible_vector_array_pair7-&lt;lambda&gt;29]" time="0.010143280029296875"></testcase><testcase classname="src.pymortests.vectorarray" file="src/pymortests/vectorarray.py" line="791" name="test_add[compatible_vector_array_pair8-&lt;lambda&gt;0]" time="0.0022106170654296875"></testcase><testcase classname="src.pymortests.vectorarray" file="src/pymortests/vectorarray.py" line="791" name="test_add[compatible_vector_array_pair8-&lt;lambda&gt;1]" time="0.0015745162963867188"></testcase><testcase classname="src.pymortests.vectorarray" file="src/pymortests/vectorarray.py" line="791" name="test_add[compatible_vector_array_pair8-&lt;lambda&gt;2]" time="0.0015482902526855469"></testcase><testcase classname="src.pymortests.vectorarray" file="src/pymortests/vectorarray.py" line="791" name="test_add[compatible_vector_array_pair8-&lt;lambda&gt;3]" time="0.0016813278198242188"></testcase><testcase classname="src.pymortests.vectorarray" file="src/pymortests/vectorarray.py" line="791" name="test_add[compatible_vector_array_pair8-&lt;lambda&gt;4]" time="0.0015494823455810547"></testcase><testcase classname="src.pymortests.vectorarray" file="src/pymortests/vectorarray.py" line="791" name="test_add[compatible_vector_array_pair8-&lt;lambda&gt;5]" time="0.0014095306396484375"></testcase><testcase classname="src.pymortests.vectorarray" file="src/pymortests/vectorarray.py" line="791" name="test_add[compatible_vector_array_pair8-&lt;lambda&gt;6]" time="0.0013570785522460938"></testcase><testcase classname="src.pymortests.vectorarray" file="src/pymortests/vectorarray.py" line="791" name="test_add[compatible_vector_array_pair8-&lt;lambda&gt;7]" time="0.0014438629150390625"></testcase><testcase classname="src.pymortests.vectorarray" file="src/pymortests/vectorarray.py" line="791" name="test_add[compatible_vector_array_pair8-&lt;lambda&gt;8]" time="0.001917123794555664"></testcase><testcase classname="src.pymortests.vectorarray" file="src/pymortests/vectorarray.py" line="791" name="test_add[compatible_vector_array_pair8-&lt;lambda&gt;9]" time="0.004988670349121094"></testcase><testcase classname="src.pymortests.vectorarray" file="src/pymortests/vectorarray.py" line="791" name="test_add[compatible_vector_array_pair8-&lt;lambda&gt;10]" time="0.009712696075439453"></testcase><testcase classname="src.pymortests.vectorarray" file="src/pymortests/vectorarray.py" line="791" name="test_add[compatible_vector_array_pair8-&lt;lambda&gt;11]" time="0.001798868179321289"></testcase><testcase classname="src.pymortests.vectorarray" file="src/pymortests/vectorarray.py" line="791" name="test_add[compatible_vector_array_pair8-&lt;lambda&gt;12]" time="0.0019183158874511719"></testcase><testcase classname="src.pymortests.vectorarray" file="src/pymortests/vectorarray.py" line="791" name="test_add[compatible_vector_array_pair8-&lt;lambda&gt;13]" time="0.002044677734375"></testcase><testcase classname="src.pymortests.vectorarray" file="src/pymortests/vectorarray.py" line="791" name="test_add[compatible_vector_array_pair8-&lt;lambda&gt;14]" time="0.0018963813781738281"></testcase><testcase classname="src.pymortests.vectorarray" file="src/pymortests/vectorarray.py" line="791" name="test_add[compatible_vector_array_pair8-&lt;lambda&gt;15]" time="0.002336263656616211"></testcase><testcase classname="src.pymortests.vectorarray" file="src/pymortests/vectorarray.py" line="791" name="test_add[compatible_vector_array_pair8-&lt;lambda&gt;16]" time="0.002585172653198242"></testcase><testcase classname="src.pymortests.vectorarray" file="src/pymortests/vectorarray.py" line="791" name="test_add[compatible_vector_array_pair8-&lt;lambda&gt;17]" time="0.0026161670684814453"></testcase><testcase classname="src.pymortests.vectorarray" file="src/pymortests/vectorarray.py" line="791" name="test_add[compatible_vector_array_pair8-&lt;lambda&gt;18]" time="0.002181529998779297"></testcase><testcase classname="src.pymortests.vectorarray" file="src/pymortests/vectorarray.py" line="791" name="test_add[compatible_vector_array_pair8-&lt;lambda&gt;19]" time="0.00215911865234375"></testcase><testcase classname="src.pymortests.vectorarray" file="src/pymortests/vectorarray.py" line="791" name="test_add[compatible_vector_array_pair8-&lt;lambda&gt;20]" time="0.025998592376708984"></testcase><testcase classname="src.pymortests.vectorarray" file="src/pymortests/vectorarray.py" line="791" name="test_add[compatible_vector_array_pair8-&lt;lambda&gt;21]" time="0.0188443660736084"></testcase><testcase classname="src.pymortests.vectorarray" file="src/pymortests/vectorarray.py" line="791" name="test_add[compatible_vector_array_pair8-&lt;lambda&gt;22]" time="0.05356001853942871"></testcase><testcase classname="src.pymortests.vectorarray" file="src/pymortests/vectorarray.py" line="791" name="test_add[compatible_vector_array_pair8-&lt;lambda&gt;23]" time="0.00397944450378418"></testcase><testcase classname="src.pymortests.vectorarray" file="src/pymortests/vectorarray.py" line="791" name="test_add[compatible_vector_array_pair8-&lt;lambda&gt;24]" time="0.001409292221069336"></testcase><testcase classname="src.pymortests.vectorarray" file="src/pymortests/vectorarray.py" line="791" name="test_add[compatible_vector_array_pair8-&lt;lambda&gt;25]" time="0.002254009246826172"></testcase><testcase classname="src.pymortests.vectorarray" file="src/pymortests/vectorarray.py" line="791" name="test_add[compatible_vector_array_pair8-&lt;lambda&gt;26]" time="0.023769140243530273"></testcase><testcase classname="src.pymortests.vectorarray" file="src/pymortests/vectorarray.py" line="791" name="test_add[compatible_vector_array_pair8-&lt;lambda&gt;27]" time="0.12219977378845215"></testcase><testcase classname="src.pymortests.vectorarray" file="src/pymortests/vectorarray.py" line="791" name="test_add[compatible_vector_array_pair8-&lt;lambda&gt;28]" time="0.3254847526550293"></testcase><testcase classname="src.pymortests.vectorarray" file="src/pymortests/vectorarray.py" line="791" name="test_add[compatible_vector_array_pair8-&lt;lambda&gt;29]" time="0.009684324264526367"></testcase><testcase classname="src.pymortests.vectorarray" file="src/pymortests/vectorarray.py" line="804" name="test_iadd[compatible_vector_array_pair0-&lt;lambda&gt;0]" time="0.001999378204345703"></testcase><testcase classname="src.pymortests.vectorarray" file="src/pymortests/vectorarray.py" line="804" name="test_iadd[compatible_vector_array_pair0-&lt;lambda&gt;1]" time="0.0015573501586914062"></testcase><testcase classname="src.pymortests.vectorarray" file="src/pymortests/vectorarray.py" line="804" name="test_iadd[compatible_vector_array_pair0-&lt;lambda&gt;2]" time="0.0013473033905029297"></testcase><testcase classname="src.pymortests.vectorarray" file="src/pymortests/vectorarray.py" line="804" name="test_iadd[compatible_vector_array_pair0-&lt;lambda&gt;3]" time="0.0014829635620117188"></testcase><testcase classname="src.pymortests.vectorarray" file="src/pymortests/vectorarray.py" line="804" name="test_iadd[compatible_vector_array_pair0-&lt;lambda&gt;4]" time="0.0013000965118408203"></testcase><testcase classname="src.pymortests.vectorarray" file="src/pymortests/vectorarray.py" line="804" name="test_iadd[compatible_vector_array_pair0-&lt;lambda&gt;5]" time="0.001268625259399414"></testcase><testcase classname="src.pymortests.vectorarray" file="src/pymortests/vectorarray.py" line="804" name="test_iadd[compatible_vector_array_pair0-&lt;lambda&gt;6]" time="0.0012886524200439453"></testcase><testcase classname="src.pymortests.vectorarray" file="src/pymortests/vectorarray.py" line="804" name="test_iadd[compatible_vector_array_pair0-&lt;lambda&gt;7]" time="0.0012936592102050781"></testcase><testcase classname="src.pymortests.vectorarray" file="src/pymortests/vectorarray.py" line="804" name="test_iadd[compatible_vector_array_pair0-&lt;lambda&gt;8]" time="0.001562356948852539"></testcase><testcase classname="src.pymortests.vectorarray" file="src/pymortests/vectorarray.py" line="804" name="test_iadd[compatible_vector_array_pair0-&lt;lambda&gt;9]" time="0.0033092498779296875"></testcase><testcase classname="src.pymortests.vectorarray" file="src/pymortests/vectorarray.py" line="804" name="test_iadd[compatible_vector_array_pair0-&lt;lambda&gt;10]" time="0.005750417709350586"></testcase><testcase classname="src.pymortests.vectorarray" file="src/pymortests/vectorarray.py" line="804" name="test_iadd[compatible_vector_array_pair0-&lt;lambda&gt;11]" time="0.001425027847290039"></testcase><testcase classname="src.pymortests.vectorarray" file="src/pymortests/vectorarray.py" line="804" name="test_iadd[compatible_vector_array_pair0-&lt;lambda&gt;12]" time="0.0015807151794433594"></testcase><testcase classname="src.pymortests.vectorarray" file="src/pymortests/vectorarray.py" line="804" name="test_iadd[compatible_vector_array_pair0-&lt;lambda&gt;13]" time="0.0016217231750488281"></testcase><testcase classname="src.pymortests.vectorarray" file="src/pymortests/vectorarray.py" line="804" name="test_iadd[compatible_vector_array_pair0-&lt;lambda&gt;14]" time="0.0016334056854248047"></testcase><testcase classname="src.pymortests.vectorarray" file="src/pymortests/vectorarray.py" line="804" name="test_iadd[compatible_vector_array_pair0-&lt;lambda&gt;15]" time="0.0019145011901855469"></testcase><testcase classname="src.pymortests.vectorarray" file="src/pymortests/vectorarray.py" line="804" name="test_iadd[compatible_vector_array_pair0-&lt;lambda&gt;16]" time="0.002141237258911133"></testcase><testcase classname="src.pymortests.vectorarray" file="src/pymortests/vectorarray.py" line="804" name="test_iadd[compatible_vector_array_pair0-&lt;lambda&gt;17]" time="0.0019428730010986328"></testcase><testcase classname="src.pymortests.vectorarray" file="src/pymortests/vectorarray.py" line="804" name="test_iadd[compatible_vector_array_pair0-&lt;lambda&gt;18]" time="0.001980304718017578"></testcase><testcase classname="src.pymortests.vectorarray" file="src/pymortests/vectorarray.py" line="804" name="test_iadd[compatible_vector_array_pair0-&lt;lambda&gt;19]" time="0.0020499229431152344"></testcase><testcase classname="src.pymortests.vectorarray" file="src/pymortests/vectorarray.py" line="804" name="test_iadd[compatible_vector_array_pair0-&lt;lambda&gt;20]" time="0.02581048011779785"></testcase><testcase classname="src.pymortests.vectorarray" file="src/pymortests/vectorarray.py" line="804" name="test_iadd[compatible_vector_array_pair0-&lt;lambda&gt;21]" time="0.015850543975830078"></testcase><testcase classname="src.pymortests.vectorarray" file="src/pymortests/vectorarray.py" line="804" name="test_iadd[compatible_vector_array_pair0-&lt;lambda&gt;22]" time="0.0454256534576416"></testcase><testcase classname="src.pymortests.vectorarray" file="src/pymortests/vectorarray.py" line="804" name="test_iadd[compatible_vector_array_pair0-&lt;lambda&gt;23]" time="0.003614187240600586"></testcase><testcase classname="src.pymortests.vectorarray" file="src/pymortests/vectorarray.py" line="804" name="test_iadd[compatible_vector_array_pair0-&lt;lambda&gt;24]" time="0.0012307167053222656"></testcase><testcase classname="src.pymortests.vectorarray" file="src/pymortests/vectorarray.py" line="804" name="test_iadd[compatible_vector_array_pair0-&lt;lambda&gt;25]" time="0.0020716190338134766"></testcase><testcase classname="src.pymortests.vectorarray" file="src/pymortests/vectorarray.py" line="804" name="test_iadd[compatible_vector_array_pair0-&lt;lambda&gt;26]" time="0.022082805633544922"></testcase><testcase classname="src.pymortests.vectorarray" file="src/pymortests/vectorarray.py" line="804" name="test_iadd[compatible_vector_array_pair0-&lt;lambda&gt;27]" time="0.07622122764587402"></testcase><testcase classname="src.pymortests.vectorarray" file="src/pymortests/vectorarray.py" line="804" name="test_iadd[compatible_vector_array_pair0-&lt;lambda&gt;28]" time="0.21535062789916992"></testcase><testcase classname="src.pymortests.vectorarray" file="src/pymortests/vectorarray.py" line="804" name="test_iadd[compatible_vector_array_pair0-&lt;lambda&gt;29]" time="0.007270336151123047"></testcase><testcase classname="src.pymortests.vectorarray" file="src/pymortests/vectorarray.py" line="804" name="test_iadd[compatible_vector_array_pair1-&lt;lambda&gt;0]" time="0.0014455318450927734"></testcase><testcase classname="src.pymortests.vectorarray" file="src/pymortests/vectorarray.py" line="804" name="test_iadd[compatible_vector_array_pair1-&lt;lambda&gt;1]" time="0.0014050006866455078"></testcase><testcase classname="src.pymortests.vectorarray" file="src/pymortests/vectorarray.py" line="804" name="test_iadd[compatible_vector_array_pair1-&lt;lambda&gt;2]" time="0.001394033432006836"></testcase><testcase classname="src.pymortests.vectorarray" file="src/pymortests/vectorarray.py" line="804" name="test_iadd[compatible_vector_array_pair1-&lt;lambda&gt;3]" time="0.0014874935150146484"></testcase><testcase classname="src.pymortests.vectorarray" file="src/pymortests/vectorarray.py" line="804" name="test_iadd[compatible_vector_array_pair1-&lt;lambda&gt;4]" time="0.001336812973022461"></testcase><testcase classname="src.pymortests.vectorarray" file="src/pymortests/vectorarray.py" line="804" name="test_iadd[compatible_vector_array_pair1-&lt;lambda&gt;5]" time="0.0013337135314941406"></testcase><testcase classname="src.pymortests.vectorarray" file="src/pymortests/vectorarray.py" line="804" name="test_iadd[compatible_vector_array_pair1-&lt;lambda&gt;6]" time="0.001264810562133789"></testcase><testcase classname="src.pymortests.vectorarray" file="src/pymortests/vectorarray.py" line="804" name="test_iadd[compatible_vector_array_pair1-&lt;lambda&gt;7]" time="0.001291036605834961"></testcase><testcase classname="src.pymortests.vectorarray" file="src/pymortests/vectorarray.py" line="804" name="test_iadd[compatible_vector_array_pair1-&lt;lambda&gt;8]" time="0.001684427261352539"></testcase><testcase classname="src.pymortests.vectorarray" file="src/pymortests/vectorarray.py" line="804" name="test_iadd[compatible_vector_array_pair1-&lt;lambda&gt;9]" time="0.003309011459350586"></testcase><testcase classname="src.pymortests.vectorarray" file="src/pymortests/vectorarray.py" line="804" name="test_iadd[compatible_vector_array_pair1-&lt;lambda&gt;10]" time="0.006219625473022461"></testcase><testcase classname="src.pymortests.vectorarray" file="src/pymortests/vectorarray.py" line="804" name="test_iadd[compatible_vector_array_pair1-&lt;lambda&gt;11]" time="0.0015180110931396484"></testcase><testcase classname="src.pymortests.vectorarray" file="src/pymortests/vectorarray.py" line="804" name="test_iadd[compatible_vector_array_pair1-&lt;lambda&gt;12]" time="0.0016016960144042969"></testcase><testcase classname="src.pymortests.vectorarray" file="src/pymortests/vectorarray.py" line="804" name="test_iadd[compatible_vector_array_pair1-&lt;lambda&gt;13]" time="0.0017905235290527344"></testcase><testcase classname="src.pymortests.vectorarray" file="src/pymortests/vectorarray.py" line="804" name="test_iadd[compatible_vector_array_pair1-&lt;lambda&gt;14]" time="0.0017387866973876953"></testcase><testcase classname="src.pymortests.vectorarray" file="src/pymortests/vectorarray.py" line="804" name="test_iadd[compatible_vector_array_pair1-&lt;lambda&gt;15]" time="0.0019481182098388672"></testcase><testcase classname="src.pymortests.vectorarray" file="src/pymortests/vectorarray.py" line="804" name="test_iadd[compatible_vector_array_pair1-&lt;lambda&gt;16]" time="0.0022537708282470703"></testcase><testcase classname="src.pymortests.vectorarray" file="src/pymortests/vectorarray.py" line="804" name="test_iadd[compatible_vector_array_pair1-&lt;lambda&gt;17]" time="0.0020599365234375"></testcase><testcase classname="src.pymortests.vectorarray" file="src/pymortests/vectorarray.py" line="804" name="test_iadd[compatible_vector_array_pair1-&lt;lambda&gt;18]" time="0.002008199691772461"></testcase><testcase classname="src.pymortests.vectorarray" file="src/pymortests/vectorarray.py" line="804" name="test_iadd[compatible_vector_array_pair1-&lt;lambda&gt;19]" time="0.0020203590393066406"></testcase><testcase classname="src.pymortests.vectorarray" file="src/pymortests/vectorarray.py" line="804" name="test_iadd[compatible_vector_array_pair1-&lt;lambda&gt;20]" time="0.02605581283569336"></testcase><testcase classname="src.pymortests.vectorarray" file="src/pymortests/vectorarray.py" line="804" name="test_iadd[compatible_vector_array_pair1-&lt;lambda&gt;21]" time="0.015606880187988281"></testcase><testcase classname="src.pymortests.vectorarray" file="src/pymortests/vectorarray.py" line="804" name="test_iadd[compatible_vector_array_pair1-&lt;lambda&gt;22]" time="0.04647517204284668"></testcase><testcase classname="src.pymortests.vectorarray" file="src/pymortests/vectorarray.py" line="804" name="test_iadd[compatible_vector_array_pair1-&lt;lambda&gt;23]" time="0.0036840438842773438"></testcase><testcase classname="src.pymortests.vectorarray" file="src/pymortests/vectorarray.py" line="804" name="test_iadd[compatible_vector_array_pair1-&lt;lambda&gt;24]" time="0.0013270378112792969"></testcase><testcase classname="src.pymortests.vectorarray" file="src/pymortests/vectorarray.py" line="804" name="test_iadd[compatible_vector_array_pair1-&lt;lambda&gt;25]" time="0.0024721622467041016"></testcase><testcase classname="src.pymortests.vectorarray" file="src/pymortests/vectorarray.py" line="804" name="test_iadd[compatible_vector_array_pair1-&lt;lambda&gt;26]" time="0.023325204849243164"></testcase><testcase classname="src.pymortests.vectorarray" file="src/pymortests/vectorarray.py" line="804" name="test_iadd[compatible_vector_array_pair1-&lt;lambda&gt;27]" time="0.07587981224060059"></testcase><testcase classname="src.pymortests.vectorarray" file="src/pymortests/vectorarray.py" line="804" name="test_iadd[compatible_vector_array_pair1-&lt;lambda&gt;28]" time="0.21590542793273926"></testcase><testcase classname="src.pymortests.vectorarray" file="src/pymortests/vectorarray.py" line="804" name="test_iadd[compatible_vector_array_pair1-&lt;lambda&gt;29]" time="0.007599592208862305"></testcase><testcase classname="src.pymortests.vectorarray" file="src/pymortests/vectorarray.py" line="804" name="test_iadd[compatible_vector_array_pair2-&lt;lambda&gt;0]" time="0.0020008087158203125"></testcase><testcase classname="src.pymortests.vectorarray" file="src/pymortests/vectorarray.py" line="804" name="test_iadd[compatible_vector_array_pair2-&lt;lambda&gt;1]" time="0.0015442371368408203"></testcase><testcase classname="src.pymortests.vectorarray" file="src/pymortests/vectorarray.py" line="804" name="test_iadd[compatible_vector_array_pair2-&lt;lambda&gt;2]" time="0.0013637542724609375"></testcase><testcase classname="src.pymortests.vectorarray" file="src/pymortests/vectorarray.py" line="804" name="test_iadd[compatible_vector_array_pair2-&lt;lambda&gt;3]" time="0.0014882087707519531"></testcase><testcase classname="src.pymortests.vectorarray" file="src/pymortests/vectorarray.py" line="804" name="test_iadd[compatible_vector_array_pair2-&lt;lambda&gt;4]" time="0.0013167858123779297"></testcase><testcase classname="src.pymortests.vectorarray" file="src/pymortests/vectorarray.py" line="804" name="test_iadd[compatible_vector_array_pair2-&lt;lambda&gt;5]" time="0.0013511180877685547"></testcase><testcase classname="src.pymortests.vectorarray" file="src/pymortests/vectorarray.py" line="804" name="test_iadd[compatible_vector_array_pair2-&lt;lambda&gt;6]" time="0.0013113021850585938"></testcase><testcase classname="src.pymortests.vectorarray" file="src/pymortests/vectorarray.py" line="804" name="test_iadd[compatible_vector_array_pair2-&lt;lambda&gt;7]" time="0.0012819766998291016"></testcase><testcase classname="src.pymortests.vectorarray" file="src/pymortests/vectorarray.py" line="804" name="test_iadd[compatible_vector_array_pair2-&lt;lambda&gt;8]" time="0.0016927719116210938"></testcase><testcase classname="src.pymortests.vectorarray" file="src/pymortests/vectorarray.py" line="804" name="test_iadd[compatible_vector_array_pair2-&lt;lambda&gt;9]" time="0.003444194793701172"></testcase><testcase classname="src.pymortests.vectorarray" file="src/pymortests/vectorarray.py" line="804" name="test_iadd[compatible_vector_array_pair2-&lt;lambda&gt;10]" time="0.006243467330932617"></testcase><testcase classname="src.pymortests.vectorarray" file="src/pymortests/vectorarray.py" line="804" name="test_iadd[compatible_vector_array_pair2-&lt;lambda&gt;11]" time="0.001478433609008789"></testcase><testcase classname="src.pymortests.vectorarray" file="src/pymortests/vectorarray.py" line="804" name="test_iadd[compatible_vector_array_pair2-&lt;lambda&gt;12]" time="0.0016503334045410156"></testcase><testcase classname="src.pymortests.vectorarray" file="src/pymortests/vectorarray.py" line="804" name="test_iadd[compatible_vector_array_pair2-&lt;lambda&gt;13]" time="0.00177764892578125"></testcase><testcase classname="src.pymortests.vectorarray" file="src/pymortests/vectorarray.py" line="804" name="test_iadd[compatible_vector_array_pair2-&lt;lambda&gt;14]" time="0.0017244815826416016"></testcase><testcase classname="src.pymortests.vectorarray" file="src/pymortests/vectorarray.py" line="804" name="test_iadd[compatible_vector_array_pair2-&lt;lambda&gt;15]" time="0.001976490020751953"></testcase><testcase classname="src.pymortests.vectorarray" file="src/pymortests/vectorarray.py" line="804" name="test_iadd[compatible_vector_array_pair2-&lt;lambda&gt;16]" time="0.0021860599517822266"></testcase><testcase classname="src.pymortests.vectorarray" file="src/pymortests/vectorarray.py" line="804" name="test_iadd[compatible_vector_array_pair2-&lt;lambda&gt;17]" time="0.002108335494995117"></testcase><testcase classname="src.pymortests.vectorarray" file="src/pymortests/vectorarray.py" line="804" name="test_iadd[compatible_vector_array_pair2-&lt;lambda&gt;18]" time="0.0020291805267333984"></testcase><testcase classname="src.pymortests.vectorarray" file="src/pymortests/vectorarray.py" line="804" name="test_iadd[compatible_vector_array_pair2-&lt;lambda&gt;19]" time="0.0019505023956298828"></testcase><testcase classname="src.pymortests.vectorarray" file="src/pymortests/vectorarray.py" line="804" name="test_iadd[compatible_vector_array_pair2-&lt;lambda&gt;20]" time="0.025646686553955078"></testcase><testcase classname="src.pymortests.vectorarray" file="src/pymortests/vectorarray.py" line="804" name="test_iadd[compatible_vector_array_pair2-&lt;lambda&gt;21]" time="0.015864849090576172"></testcase><testcase classname="src.pymortests.vectorarray" file="src/pymortests/vectorarray.py" line="804" name="test_iadd[compatible_vector_array_pair2-&lt;lambda&gt;22]" time="0.04649662971496582"></testcase><testcase classname="src.pymortests.vectorarray" file="src/pymortests/vectorarray.py" line="804" name="test_iadd[compatible_vector_array_pair2-&lt;lambda&gt;23]" time="0.0036499500274658203"></testcase><testcase classname="src.pymortests.vectorarray" file="src/pymortests/vectorarray.py" line="804" name="test_iadd[compatible_vector_array_pair2-&lt;lambda&gt;24]" time="0.0012662410736083984"></testcase><testcase classname="src.pymortests.vectorarray" file="src/pymortests/vectorarray.py" line="804" name="test_iadd[compatible_vector_array_pair2-&lt;lambda&gt;25]" time="0.00211334228515625"></testcase><testcase classname="src.pymortests.vectorarray" file="src/pymortests/vectorarray.py" line="804" name="test_iadd[compatible_vector_array_pair2-&lt;lambda&gt;26]" time="0.022176027297973633"></testcase><testcase classname="src.pymortests.vectorarray" file="src/pymortests/vectorarray.py" line="804" name="test_iadd[compatible_vector_array_pair2-&lt;lambda&gt;27]" time="0.07602834701538086"></testcase><testcase classname="src.pymortests.vectorarray" file="src/pymortests/vectorarray.py" line="804" name="test_iadd[compatible_vector_array_pair2-&lt;lambda&gt;28]" time="0.21544623374938965"></testcase><testcase classname="src.pymortests.vectorarray" file="src/pymortests/vectorarray.py" line="804" name="test_iadd[compatible_vector_array_pair2-&lt;lambda&gt;29]" time="0.007334709167480469"></testcase><testcase classname="src.pymortests.vectorarray" file="src/pymortests/vectorarray.py" line="804" name="test_iadd[compatible_vector_array_pair3-&lt;lambda&gt;0]" time="0.0019860267639160156"></testcase><testcase classname="src.pymortests.vectorarray" file="src/pymortests/vectorarray.py" line="804" name="test_iadd[compatible_vector_array_pair3-&lt;lambda&gt;1]" time="0.0015180110931396484"></testcase><testcase classname="src.pymortests.vectorarray" file="src/pymortests/vectorarray.py" line="804" name="test_iadd[compatible_vector_array_pair3-&lt;lambda&gt;2]" time="0.001463174819946289"></testcase><testcase classname="src.pymortests.vectorarray" file="src/pymortests/vectorarray.py" line="804" name="test_iadd[compatible_vector_array_pair3-&lt;lambda&gt;3]" time="0.001512289047241211"></testcase><testcase classname="src.pymortests.vectorarray" file="src/pymortests/vectorarray.py" line="804" name="test_iadd[compatible_vector_array_pair3-&lt;lambda&gt;4]" time="0.001338958740234375"></testcase><testcase classname="src.pymortests.vectorarray" file="src/pymortests/vectorarray.py" line="804" name="test_iadd[compatible_vector_array_pair3-&lt;lambda&gt;5]" time="0.0013539791107177734"></testcase><testcase classname="src.pymortests.vectorarray" file="src/pymortests/vectorarray.py" line="804" name="test_iadd[compatible_vector_array_pair3-&lt;lambda&gt;6]" time="0.0013668537139892578"></testcase><testcase classname="src.pymortests.vectorarray" file="src/pymortests/vectorarray.py" line="804" name="test_iadd[compatible_vector_array_pair3-&lt;lambda&gt;7]" time="0.0013256072998046875"></testcase><testcase classname="src.pymortests.vectorarray" file="src/pymortests/vectorarray.py" line="804" name="test_iadd[compatible_vector_array_pair3-&lt;lambda&gt;8]" time="0.0015611648559570312"></testcase><testcase classname="src.pymortests.vectorarray" file="src/pymortests/vectorarray.py" line="804" name="test_iadd[compatible_vector_array_pair3-&lt;lambda&gt;9]" time="0.003619670867919922"></testcase><testcase classname="src.pymortests.vectorarray" file="src/pymortests/vectorarray.py" line="804" name="test_iadd[compatible_vector_array_pair3-&lt;lambda&gt;10]" time="0.006274223327636719"></testcase><testcase classname="src.pymortests.vectorarray" file="src/pymortests/vectorarray.py" line="804" name="test_iadd[compatible_vector_array_pair3-&lt;lambda&gt;11]" time="0.0014882087707519531"></testcase><testcase classname="src.pymortests.vectorarray" file="src/pymortests/vectorarray.py" line="804" name="test_iadd[compatible_vector_array_pair3-&lt;lambda&gt;12]" time="0.0015861988067626953"></testcase><testcase classname="src.pymortests.vectorarray" file="src/pymortests/vectorarray.py" line="804" name="test_iadd[compatible_vector_array_pair3-&lt;lambda&gt;13]" time="0.001689910888671875"></testcase><testcase classname="src.pymortests.vectorarray" file="src/pymortests/vectorarray.py" line="804" name="test_iadd[compatible_vector_array_pair3-&lt;lambda&gt;14]" time="0.0017910003662109375"></testcase><testcase classname="src.pymortests.vectorarray" file="src/pymortests/vectorarray.py" line="804" name="test_iadd[compatible_vector_array_pair3-&lt;lambda&gt;15]" time="0.0018765926361083984"></testcase><testcase classname="src.pymortests.vectorarray" file="src/pymortests/vectorarray.py" line="804" name="test_iadd[compatible_vector_array_pair3-&lt;lambda&gt;16]" time="0.0021126270294189453"></testcase><testcase classname="src.pymortests.vectorarray" file="src/pymortests/vectorarray.py" line="804" name="test_iadd[compatible_vector_array_pair3-&lt;lambda&gt;17]" time="0.002041339874267578"></testcase><testcase classname="src.pymortests.vectorarray" file="src/pymortests/vectorarray.py" line="804" name="test_iadd[compatible_vector_array_pair3-&lt;lambda&gt;18]" time="0.002023458480834961"></testcase><testcase classname="src.pymortests.vectorarray" file="src/pymortests/vectorarray.py" line="804" name="test_iadd[compatible_vector_array_pair3-&lt;lambda&gt;19]" time="0.0020868778228759766"></testcase><testcase classname="src.pymortests.vectorarray" file="src/pymortests/vectorarray.py" line="804" name="test_iadd[compatible_vector_array_pair3-&lt;lambda&gt;20]" time="0.02579951286315918"></testcase><testcase classname="src.pymortests.vectorarray" file="src/pymortests/vectorarray.py" line="804" name="test_iadd[compatible_vector_array_pair3-&lt;lambda&gt;21]" time="0.016762495040893555"></testcase><testcase classname="src.pymortests.vectorarray" file="src/pymortests/vectorarray.py" line="804" name="test_iadd[compatible_vector_array_pair3-&lt;lambda&gt;22]" time="0.047350168228149414"></testcase><testcase classname="src.pymortests.vectorarray" file="src/pymortests/vectorarray.py" line="804" name="test_iadd[compatible_vector_array_pair3-&lt;lambda&gt;23]" time="0.0035638809204101562"></testcase><testcase classname="src.pymortests.vectorarray" file="src/pymortests/vectorarray.py" line="804" name="test_iadd[compatible_vector_array_pair3-&lt;lambda&gt;24]" time="0.001264810562133789"></testcase><testcase classname="src.pymortests.vectorarray" file="src/pymortests/vectorarray.py" line="804" name="test_iadd[compatible_vector_array_pair3-&lt;lambda&gt;25]" time="0.002201557159423828"></testcase><testcase classname="src.pymortests.vectorarray" file="src/pymortests/vectorarray.py" line="804" name="test_iadd[compatible_vector_array_pair3-&lt;lambda&gt;26]" time="0.022858142852783203"></testcase><testcase classname="src.pymortests.vectorarray" file="src/pymortests/vectorarray.py" line="804" name="test_iadd[compatible_vector_array_pair3-&lt;lambda&gt;27]" time="0.09827685356140137"></testcase><testcase classname="src.pymortests.vectorarray" file="src/pymortests/vectorarray.py" line="804" name="test_iadd[compatible_vector_array_pair3-&lt;lambda&gt;28]" time="0.26804399490356445"></testcase><testcase classname="src.pymortests.vectorarray" file="src/pymortests/vectorarray.py" line="804" name="test_iadd[compatible_vector_array_pair3-&lt;lambda&gt;29]" time="0.008356571197509766"></testcase><testcase classname="src.pymortests.vectorarray" file="src/pymortests/vectorarray.py" line="804" name="test_iadd[compatible_vector_array_pair4-&lt;lambda&gt;0]" time="0.0019605159759521484"></testcase><testcase classname="src.pymortests.vectorarray" file="src/pymortests/vectorarray.py" line="804" name="test_iadd[compatible_vector_array_pair4-&lt;lambda&gt;1]" time="0.0014929771423339844"></testcase><testcase classname="src.pymortests.vectorarray" file="src/pymortests/vectorarray.py" line="804" name="test_iadd[compatible_vector_array_pair4-&lt;lambda&gt;2]" time="0.0014729499816894531"></testcase><testcase classname="src.pymortests.vectorarray" file="src/pymortests/vectorarray.py" line="804" name="test_iadd[compatible_vector_array_pair4-&lt;lambda&gt;3]" time="0.0014917850494384766"></testcase><testcase classname="src.pymortests.vectorarray" file="src/pymortests/vectorarray.py" line="804" name="test_iadd[compatible_vector_array_pair4-&lt;lambda&gt;4]" time="0.0013556480407714844"></testcase><testcase classname="src.pymortests.vectorarray" file="src/pymortests/vectorarray.py" line="804" name="test_iadd[compatible_vector_array_pair4-&lt;lambda&gt;5]" time="0.001310110092163086"></testcase><testcase classname="src.pymortests.vectorarray" file="src/pymortests/vectorarray.py" line="804" name="test_iadd[compatible_vector_array_pair4-&lt;lambda&gt;6]" time="0.0012936592102050781"></testcase><testcase classname="src.pymortests.vectorarray" file="src/pymortests/vectorarray.py" line="804" name="test_iadd[compatible_vector_array_pair4-&lt;lambda&gt;7]" time="0.0012919902801513672"></testcase><testcase classname="src.pymortests.vectorarray" file="src/pymortests/vectorarray.py" line="804" name="test_iadd[compatible_vector_array_pair4-&lt;lambda&gt;8]" time="0.0017077922821044922"></testcase><testcase classname="src.pymortests.vectorarray" file="src/pymortests/vectorarray.py" line="804" name="test_iadd[compatible_vector_array_pair4-&lt;lambda&gt;9]" time="0.003759622573852539"></testcase><testcase classname="src.pymortests.vectorarray" file="src/pymortests/vectorarray.py" line="804" name="test_iadd[compatible_vector_array_pair4-&lt;lambda&gt;10]" time="0.00654149055480957"></testcase><testcase classname="src.pymortests.vectorarray" file="src/pymortests/vectorarray.py" line="804" name="test_iadd[compatible_vector_array_pair4-&lt;lambda&gt;11]" time="0.001417398452758789"></testcase><testcase classname="src.pymortests.vectorarray" file="src/pymortests/vectorarray.py" line="804" name="test_iadd[compatible_vector_array_pair4-&lt;lambda&gt;12]" time="0.001634359359741211"></testcase><testcase classname="src.pymortests.vectorarray" file="src/pymortests/vectorarray.py" line="804" name="test_iadd[compatible_vector_array_pair4-&lt;lambda&gt;13]" time="0.0017843246459960938"></testcase><testcase classname="src.pymortests.vectorarray" file="src/pymortests/vectorarray.py" line="804" name="test_iadd[compatible_vector_array_pair4-&lt;lambda&gt;14]" time="0.0016856193542480469"></testcase><testcase classname="src.pymortests.vectorarray" file="src/pymortests/vectorarray.py" line="804" name="test_iadd[compatible_vector_array_pair4-&lt;lambda&gt;15]" time="0.0019829273223876953"></testcase><testcase classname="src.pymortests.vectorarray" file="src/pymortests/vectorarray.py" line="804" name="test_iadd[compatible_vector_array_pair4-&lt;lambda&gt;16]" time="0.0022232532501220703"></testcase><testcase classname="src.pymortests.vectorarray" file="src/pymortests/vectorarray.py" line="804" name="test_iadd[compatible_vector_array_pair4-&lt;lambda&gt;17]" time="0.002090930938720703"></testcase><testcase classname="src.pymortests.vectorarray" file="src/pymortests/vectorarray.py" line="804" name="test_iadd[compatible_vector_array_pair4-&lt;lambda&gt;18]" time="0.0019683837890625"></testcase><testcase classname="src.pymortests.vectorarray" file="src/pymortests/vectorarray.py" line="804" name="test_iadd[compatible_vector_array_pair4-&lt;lambda&gt;19]" time="0.002017974853515625"></testcase><testcase classname="src.pymortests.vectorarray" file="src/pymortests/vectorarray.py" line="804" name="test_iadd[compatible_vector_array_pair4-&lt;lambda&gt;20]" time="0.025142669677734375"></testcase><testcase classname="src.pymortests.vectorarray" file="src/pymortests/vectorarray.py" line="804" name="test_iadd[compatible_vector_array_pair4-&lt;lambda&gt;21]" time="0.01641988754272461"></testcase><testcase classname="src.pymortests.vectorarray" file="src/pymortests/vectorarray.py" line="804" name="test_iadd[compatible_vector_array_pair4-&lt;lambda&gt;22]" time="0.047043561935424805"></testcase><testcase classname="src.pymortests.vectorarray" file="src/pymortests/vectorarray.py" line="804" name="test_iadd[compatible_vector_array_pair4-&lt;lambda&gt;23]" time="0.0035326480865478516"></testcase><testcase classname="src.pymortests.vectorarray" file="src/pymortests/vectorarray.py" line="804" name="test_iadd[compatible_vector_array_pair4-&lt;lambda&gt;24]" time="0.0012886524200439453"></testcase><testcase classname="src.pymortests.vectorarray" file="src/pymortests/vectorarray.py" line="804" name="test_iadd[compatible_vector_array_pair4-&lt;lambda&gt;25]" time="0.0021347999572753906"></testcase><testcase classname="src.pymortests.vectorarray" file="src/pymortests/vectorarray.py" line="804" name="test_iadd[compatible_vector_array_pair4-&lt;lambda&gt;26]" time="0.02308034896850586"></testcase><testcase classname="src.pymortests.vectorarray" file="src/pymortests/vectorarray.py" line="804" name="test_iadd[compatible_vector_array_pair4-&lt;lambda&gt;27]" time="0.09846067428588867"></testcase><testcase classname="src.pymortests.vectorarray" file="src/pymortests/vectorarray.py" line="804" name="test_iadd[compatible_vector_array_pair4-&lt;lambda&gt;28]" time="0.26723814010620117"></testcase><testcase classname="src.pymortests.vectorarray" file="src/pymortests/vectorarray.py" line="804" name="test_iadd[compatible_vector_array_pair4-&lt;lambda&gt;29]" time="0.008496522903442383"></testcase><testcase classname="src.pymortests.vectorarray" file="src/pymortests/vectorarray.py" line="804" name="test_iadd[compatible_vector_array_pair5-&lt;lambda&gt;0]" time="0.0019845962524414062"></testcase><testcase classname="src.pymortests.vectorarray" file="src/pymortests/vectorarray.py" line="804" name="test_iadd[compatible_vector_array_pair5-&lt;lambda&gt;1]" time="0.0016396045684814453"></testcase><testcase classname="src.pymortests.vectorarray" file="src/pymortests/vectorarray.py" line="804" name="test_iadd[compatible_vector_array_pair5-&lt;lambda&gt;2]" time="0.0014345645904541016"></testcase><testcase classname="src.pymortests.vectorarray" file="src/pymortests/vectorarray.py" line="804" name="test_iadd[compatible_vector_array_pair5-&lt;lambda&gt;3]" time="0.001516580581665039"></testcase><testcase classname="src.pymortests.vectorarray" file="src/pymortests/vectorarray.py" line="804" name="test_iadd[compatible_vector_array_pair5-&lt;lambda&gt;4]" time="0.001421213150024414"></testcase><testcase classname="src.pymortests.vectorarray" file="src/pymortests/vectorarray.py" line="804" name="test_iadd[compatible_vector_array_pair5-&lt;lambda&gt;5]" time="0.0013175010681152344"></testcase><testcase classname="src.pymortests.vectorarray" file="src/pymortests/vectorarray.py" line="804" name="test_iadd[compatible_vector_array_pair5-&lt;lambda&gt;6]" time="0.0012760162353515625"></testcase><testcase classname="src.pymortests.vectorarray" file="src/pymortests/vectorarray.py" line="804" name="test_iadd[compatible_vector_array_pair5-&lt;lambda&gt;7]" time="0.0012822151184082031"></testcase><testcase classname="src.pymortests.vectorarray" file="src/pymortests/vectorarray.py" line="804" name="test_iadd[compatible_vector_array_pair5-&lt;lambda&gt;8]" time="0.0016396045684814453"></testcase><testcase classname="src.pymortests.vectorarray" file="src/pymortests/vectorarray.py" line="804" name="test_iadd[compatible_vector_array_pair5-&lt;lambda&gt;9]" time="0.0036394596099853516"></testcase><testcase classname="src.pymortests.vectorarray" file="src/pymortests/vectorarray.py" line="804" name="test_iadd[compatible_vector_array_pair5-&lt;lambda&gt;10]" time="0.006712913513183594"></testcase><testcase classname="src.pymortests.vectorarray" file="src/pymortests/vectorarray.py" line="804" name="test_iadd[compatible_vector_array_pair5-&lt;lambda&gt;11]" time="0.0014548301696777344"></testcase><testcase classname="src.pymortests.vectorarray" file="src/pymortests/vectorarray.py" line="804" name="test_iadd[compatible_vector_array_pair5-&lt;lambda&gt;12]" time="0.0016603469848632812"></testcase><testcase classname="src.pymortests.vectorarray" file="src/pymortests/vectorarray.py" line="804" name="test_iadd[compatible_vector_array_pair5-&lt;lambda&gt;13]" time="0.001842498779296875"></testcase><testcase classname="src.pymortests.vectorarray" file="src/pymortests/vectorarray.py" line="804" name="test_iadd[compatible_vector_array_pair5-&lt;lambda&gt;14]" time="0.0016989707946777344"></testcase><testcase classname="src.pymortests.vectorarray" file="src/pymortests/vectorarray.py" line="804" name="test_iadd[compatible_vector_array_pair5-&lt;lambda&gt;15]" time="0.002037525177001953"></testcase><testcase classname="src.pymortests.vectorarray" file="src/pymortests/vectorarray.py" line="804" name="test_iadd[compatible_vector_array_pair5-&lt;lambda&gt;16]" time="0.002229452133178711"></testcase><testcase classname="src.pymortests.vectorarray" file="src/pymortests/vectorarray.py" line="804" name="test_iadd[compatible_vector_array_pair5-&lt;lambda&gt;17]" time="0.0020902156829833984"></testcase><testcase classname="src.pymortests.vectorarray" file="src/pymortests/vectorarray.py" line="804" name="test_iadd[compatible_vector_array_pair5-&lt;lambda&gt;18]" time="0.0019066333770751953"></testcase><testcase classname="src.pymortests.vectorarray" file="src/pymortests/vectorarray.py" line="804" name="test_iadd[compatible_vector_array_pair5-&lt;lambda&gt;19]" time="0.0019626617431640625"></testcase><testcase classname="src.pymortests.vectorarray" file="src/pymortests/vectorarray.py" line="804" name="test_iadd[compatible_vector_array_pair5-&lt;lambda&gt;20]" time="0.02566838264465332"></testcase><testcase classname="src.pymortests.vectorarray" file="src/pymortests/vectorarray.py" line="804" name="test_iadd[compatible_vector_array_pair5-&lt;lambda&gt;21]" time="0.016653776168823242"></testcase><testcase classname="src.pymortests.vectorarray" file="src/pymortests/vectorarray.py" line="804" name="test_iadd[compatible_vector_array_pair5-&lt;lambda&gt;22]" time="0.047051191329956055"></testcase><testcase classname="src.pymortests.vectorarray" file="src/pymortests/vectorarray.py" line="804" name="test_iadd[compatible_vector_array_pair5-&lt;lambda&gt;23]" time="0.0036203861236572266"></testcase><testcase classname="src.pymortests.vectorarray" file="src/pymortests/vectorarray.py" line="804" name="test_iadd[compatible_vector_array_pair5-&lt;lambda&gt;24]" time="0.0012712478637695312"></testcase><testcase classname="src.pymortests.vectorarray" file="src/pymortests/vectorarray.py" line="804" name="test_iadd[compatible_vector_array_pair5-&lt;lambda&gt;25]" time="0.0021009445190429688"></testcase><testcase classname="src.pymortests.vectorarray" file="src/pymortests/vectorarray.py" line="804" name="test_iadd[compatible_vector_array_pair5-&lt;lambda&gt;26]" time="0.022841453552246094"></testcase><testcase classname="src.pymortests.vectorarray" file="src/pymortests/vectorarray.py" line="804" name="test_iadd[compatible_vector_array_pair5-&lt;lambda&gt;27]" time="0.09892654418945312"></testcase><testcase classname="src.pymortests.vectorarray" file="src/pymortests/vectorarray.py" line="804" name="test_iadd[compatible_vector_array_pair5-&lt;lambda&gt;28]" time="0.2682175636291504"></testcase><testcase classname="src.pymortests.vectorarray" file="src/pymortests/vectorarray.py" line="804" name="test_iadd[compatible_vector_array_pair5-&lt;lambda&gt;29]" time="0.00821828842163086"></testcase><testcase classname="src.pymortests.vectorarray" file="src/pymortests/vectorarray.py" line="804" name="test_iadd[compatible_vector_array_pair6-&lt;lambda&gt;0]" time="0.0019676685333251953"></testcase><testcase classname="src.pymortests.vectorarray" file="src/pymortests/vectorarray.py" line="804" name="test_iadd[compatible_vector_array_pair6-&lt;lambda&gt;1]" time="0.0016019344329833984"></testcase><testcase classname="src.pymortests.vectorarray" file="src/pymortests/vectorarray.py" line="804" name="test_iadd[compatible_vector_array_pair6-&lt;lambda&gt;2]" time="0.0013146400451660156"></testcase><testcase classname="src.pymortests.vectorarray" file="src/pymortests/vectorarray.py" line="804" name="test_iadd[compatible_vector_array_pair6-&lt;lambda&gt;3]" time="0.0015208721160888672"></testcase><testcase classname="src.pymortests.vectorarray" file="src/pymortests/vectorarray.py" line="804" name="test_iadd[compatible_vector_array_pair6-&lt;lambda&gt;4]" time="0.0013241767883300781"></testcase><testcase classname="src.pymortests.vectorarray" file="src/pymortests/vectorarray.py" line="804" name="test_iadd[compatible_vector_array_pair6-&lt;lambda&gt;5]" time="0.0013279914855957031"></testcase><testcase classname="src.pymortests.vectorarray" file="src/pymortests/vectorarray.py" line="804" name="test_iadd[compatible_vector_array_pair6-&lt;lambda&gt;6]" time="0.0012683868408203125"></testcase><testcase classname="src.pymortests.vectorarray" file="src/pymortests/vectorarray.py" line="804" name="test_iadd[compatible_vector_array_pair6-&lt;lambda&gt;7]" time="0.0012621879577636719"></testcase><testcase classname="src.pymortests.vectorarray" file="src/pymortests/vectorarray.py" line="804" name="test_iadd[compatible_vector_array_pair6-&lt;lambda&gt;8]" time="0.0015797615051269531"></testcase><testcase classname="src.pymortests.vectorarray" file="src/pymortests/vectorarray.py" line="804" name="test_iadd[compatible_vector_array_pair6-&lt;lambda&gt;9]" time="0.003544330596923828"></testcase><testcase classname="src.pymortests.vectorarray" file="src/pymortests/vectorarray.py" line="804" name="test_iadd[compatible_vector_array_pair6-&lt;lambda&gt;10]" time="0.006130218505859375"></testcase><testcase classname="src.pymortests.vectorarray" file="src/pymortests/vectorarray.py" line="804" name="test_iadd[compatible_vector_array_pair6-&lt;lambda&gt;11]" time="0.0014948844909667969"></testcase><testcase classname="src.pymortests.vectorarray" file="src/pymortests/vectorarray.py" line="804" name="test_iadd[compatible_vector_array_pair6-&lt;lambda&gt;12]" time="0.0016841888427734375"></testcase><testcase classname="src.pymortests.vectorarray" file="src/pymortests/vectorarray.py" line="804" name="test_iadd[compatible_vector_array_pair6-&lt;lambda&gt;13]" time="0.0017631053924560547"></testcase><testcase classname="src.pymortests.vectorarray" file="src/pymortests/vectorarray.py" line="804" name="test_iadd[compatible_vector_array_pair6-&lt;lambda&gt;14]" time="0.0017457008361816406"></testcase><testcase classname="src.pymortests.vectorarray" file="src/pymortests/vectorarray.py" line="804" name="test_iadd[compatible_vector_array_pair6-&lt;lambda&gt;15]" time="0.001973867416381836"></testcase><testcase classname="src.pymortests.vectorarray" file="src/pymortests/vectorarray.py" line="804" name="test_iadd[compatible_vector_array_pair6-&lt;lambda&gt;16]" time="0.0022764205932617188"></testcase><testcase classname="src.pymortests.vectorarray" file="src/pymortests/vectorarray.py" line="804" name="test_iadd[compatible_vector_array_pair6-&lt;lambda&gt;17]" time="0.0020799636840820312"></testcase><testcase classname="src.pymortests.vectorarray" file="src/pymortests/vectorarray.py" line="804" name="test_iadd[compatible_vector_array_pair6-&lt;lambda&gt;18]" time="0.00199127197265625"></testcase><testcase classname="src.pymortests.vectorarray" file="src/pymortests/vectorarray.py" line="804" name="test_iadd[compatible_vector_array_pair6-&lt;lambda&gt;19]" time="0.0020029544830322266"></testcase><testcase classname="src.pymortests.vectorarray" file="src/pymortests/vectorarray.py" line="804" name="test_iadd[compatible_vector_array_pair6-&lt;lambda&gt;20]" time="0.02575993537902832"></testcase><testcase classname="src.pymortests.vectorarray" file="src/pymortests/vectorarray.py" line="804" name="test_iadd[compatible_vector_array_pair6-&lt;lambda&gt;21]" time="0.016516923904418945"></testcase><testcase classname="src.pymortests.vectorarray" file="src/pymortests/vectorarray.py" line="804" name="test_iadd[compatible_vector_array_pair6-&lt;lambda&gt;22]" time="0.04754185676574707"></testcase><testcase classname="src.pymortests.vectorarray" file="src/pymortests/vectorarray.py" line="804" name="test_iadd[compatible_vector_array_pair6-&lt;lambda&gt;23]" time="0.003520488739013672"></testcase><testcase classname="src.pymortests.vectorarray" file="src/pymortests/vectorarray.py" line="804" name="test_iadd[compatible_vector_array_pair6-&lt;lambda&gt;24]" time="0.0013515949249267578"></testcase><testcase classname="src.pymortests.vectorarray" file="src/pymortests/vectorarray.py" line="804" name="test_iadd[compatible_vector_array_pair6-&lt;lambda&gt;25]" time="0.0021877288818359375"></testcase><testcase classname="src.pymortests.vectorarray" file="src/pymortests/vectorarray.py" line="804" name="test_iadd[compatible_vector_array_pair6-&lt;lambda&gt;26]" time="0.02309894561767578"></testcase><testcase classname="src.pymortests.vectorarray" file="src/pymortests/vectorarray.py" line="804" name="test_iadd[compatible_vector_array_pair6-&lt;lambda&gt;27]" time="0.09799551963806152"></testcase><testcase classname="src.pymortests.vectorarray" file="src/pymortests/vectorarray.py" line="804" name="test_iadd[compatible_vector_array_pair6-&lt;lambda&gt;28]" time="0.26711058616638184"></testcase><testcase classname="src.pymortests.vectorarray" file="src/pymortests/vectorarray.py" line="804" name="test_iadd[compatible_vector_array_pair6-&lt;lambda&gt;29]" time="0.00858926773071289"></testcase><testcase classname="src.pymortests.vectorarray" file="src/pymortests/vectorarray.py" line="804" name="test_iadd[compatible_vector_array_pair7-&lt;lambda&gt;0]" time="0.0020494461059570312"></testcase><testcase classname="src.pymortests.vectorarray" file="src/pymortests/vectorarray.py" line="804" name="test_iadd[compatible_vector_array_pair7-&lt;lambda&gt;1]" time="0.0015811920166015625"></testcase><testcase classname="src.pymortests.vectorarray" file="src/pymortests/vectorarray.py" line="804" name="test_iadd[compatible_vector_array_pair7-&lt;lambda&gt;2]" time="0.0014221668243408203"></testcase><testcase classname="src.pymortests.vectorarray" file="src/pymortests/vectorarray.py" line="804" name="test_iadd[compatible_vector_array_pair7-&lt;lambda&gt;3]" time="0.0015120506286621094"></testcase><testcase classname="src.pymortests.vectorarray" file="src/pymortests/vectorarray.py" line="804" name="test_iadd[compatible_vector_array_pair7-&lt;lambda&gt;4]" time="0.0014808177947998047"></testcase><testcase classname="src.pymortests.vectorarray" file="src/pymortests/vectorarray.py" line="804" name="test_iadd[compatible_vector_array_pair7-&lt;lambda&gt;5]" time="0.0013625621795654297"></testcase><testcase classname="src.pymortests.vectorarray" file="src/pymortests/vectorarray.py" line="804" name="test_iadd[compatible_vector_array_pair7-&lt;lambda&gt;6]" time="0.001310586929321289"></testcase><testcase classname="src.pymortests.vectorarray" file="src/pymortests/vectorarray.py" line="804" name="test_iadd[compatible_vector_array_pair7-&lt;lambda&gt;7]" time="0.0012962818145751953"></testcase><testcase classname="src.pymortests.vectorarray" file="src/pymortests/vectorarray.py" line="804" name="test_iadd[compatible_vector_array_pair7-&lt;lambda&gt;8]" time="0.0017194747924804688"></testcase><testcase classname="src.pymortests.vectorarray" file="src/pymortests/vectorarray.py" line="804" name="test_iadd[compatible_vector_array_pair7-&lt;lambda&gt;9]" time="0.003630399703979492"></testcase><testcase classname="src.pymortests.vectorarray" file="src/pymortests/vectorarray.py" line="804" name="test_iadd[compatible_vector_array_pair7-&lt;lambda&gt;10]" time="0.006758213043212891"></testcase><testcase classname="src.pymortests.vectorarray" file="src/pymortests/vectorarray.py" line="804" name="test_iadd[compatible_vector_array_pair7-&lt;lambda&gt;11]" time="0.0015180110931396484"></testcase><testcase classname="src.pymortests.vectorarray" file="src/pymortests/vectorarray.py" line="804" name="test_iadd[compatible_vector_array_pair7-&lt;lambda&gt;12]" time="0.0016999244689941406"></testcase><testcase classname="src.pymortests.vectorarray" file="src/pymortests/vectorarray.py" line="804" name="test_iadd[compatible_vector_array_pair7-&lt;lambda&gt;13]" time="0.0018668174743652344"></testcase><testcase classname="src.pymortests.vectorarray" file="src/pymortests/vectorarray.py" line="804" name="test_iadd[compatible_vector_array_pair7-&lt;lambda&gt;14]" time="0.00171661376953125"></testcase><testcase classname="src.pymortests.vectorarray" file="src/pymortests/vectorarray.py" line="804" name="test_iadd[compatible_vector_array_pair7-&lt;lambda&gt;15]" time="0.002043008804321289"></testcase><testcase classname="src.pymortests.vectorarray" file="src/pymortests/vectorarray.py" line="804" name="test_iadd[compatible_vector_array_pair7-&lt;lambda&gt;16]" time="0.0023322105407714844"></testcase><testcase classname="src.pymortests.vectorarray" file="src/pymortests/vectorarray.py" line="804" name="test_iadd[compatible_vector_array_pair7-&lt;lambda&gt;17]" time="0.002109527587890625"></testcase><testcase classname="src.pymortests.vectorarray" file="src/pymortests/vectorarray.py" line="804" name="test_iadd[compatible_vector_array_pair7-&lt;lambda&gt;18]" time="0.001995086669921875"></testcase><testcase classname="src.pymortests.vectorarray" file="src/pymortests/vectorarray.py" line="804" name="test_iadd[compatible_vector_array_pair7-&lt;lambda&gt;19]" time="0.0020799636840820312"></testcase><testcase classname="src.pymortests.vectorarray" file="src/pymortests/vectorarray.py" line="804" name="test_iadd[compatible_vector_array_pair7-&lt;lambda&gt;20]" time="0.02840566635131836"></testcase><testcase classname="src.pymortests.vectorarray" file="src/pymortests/vectorarray.py" line="804" name="test_iadd[compatible_vector_array_pair7-&lt;lambda&gt;21]" time="0.01679372787475586"></testcase><testcase classname="src.pymortests.vectorarray" file="src/pymortests/vectorarray.py" line="804" name="test_iadd[compatible_vector_array_pair7-&lt;lambda&gt;22]" time="0.04901862144470215"></testcase><testcase classname="src.pymortests.vectorarray" file="src/pymortests/vectorarray.py" line="804" name="test_iadd[compatible_vector_array_pair7-&lt;lambda&gt;23]" time="0.0038404464721679688"></testcase><testcase classname="src.pymortests.vectorarray" file="src/pymortests/vectorarray.py" line="804" name="test_iadd[compatible_vector_array_pair7-&lt;lambda&gt;24]" time="0.0013561248779296875"></testcase><testcase classname="src.pymortests.vectorarray" file="src/pymortests/vectorarray.py" line="804" name="test_iadd[compatible_vector_array_pair7-&lt;lambda&gt;25]" time="0.0021288394927978516"></testcase><testcase classname="src.pymortests.vectorarray" file="src/pymortests/vectorarray.py" line="804" name="test_iadd[compatible_vector_array_pair7-&lt;lambda&gt;26]" time="0.023259639739990234"></testcase><testcase classname="src.pymortests.vectorarray" file="src/pymortests/vectorarray.py" line="804" name="test_iadd[compatible_vector_array_pair7-&lt;lambda&gt;27]" time="0.09914374351501465"></testcase><testcase classname="src.pymortests.vectorarray" file="src/pymortests/vectorarray.py" line="804" name="test_iadd[compatible_vector_array_pair7-&lt;lambda&gt;28]" time="0.26831912994384766"></testcase><testcase classname="src.pymortests.vectorarray" file="src/pymortests/vectorarray.py" line="804" name="test_iadd[compatible_vector_array_pair7-&lt;lambda&gt;29]" time="0.008844375610351562"></testcase><testcase classname="src.pymortests.vectorarray" file="src/pymortests/vectorarray.py" line="804" name="test_iadd[compatible_vector_array_pair8-&lt;lambda&gt;0]" time="0.002051830291748047"></testcase><testcase classname="src.pymortests.vectorarray" file="src/pymortests/vectorarray.py" line="804" name="test_iadd[compatible_vector_array_pair8-&lt;lambda&gt;1]" time="0.0015294551849365234"></testcase><testcase classname="src.pymortests.vectorarray" file="src/pymortests/vectorarray.py" line="804" name="test_iadd[compatible_vector_array_pair8-&lt;lambda&gt;2]" time="0.0014491081237792969"></testcase><testcase classname="src.pymortests.vectorarray" file="src/pymortests/vectorarray.py" line="804" name="test_iadd[compatible_vector_array_pair8-&lt;lambda&gt;3]" time="0.0016982555389404297"></testcase><testcase classname="src.pymortests.vectorarray" file="src/pymortests/vectorarray.py" line="804" name="test_iadd[compatible_vector_array_pair8-&lt;lambda&gt;4]" time="0.0014586448669433594"></testcase><testcase classname="src.pymortests.vectorarray" file="src/pymortests/vectorarray.py" line="804" name="test_iadd[compatible_vector_array_pair8-&lt;lambda&gt;5]" time="0.0013856887817382812"></testcase><testcase classname="src.pymortests.vectorarray" file="src/pymortests/vectorarray.py" line="804" name="test_iadd[compatible_vector_array_pair8-&lt;lambda&gt;6]" time="0.001323699951171875"></testcase><testcase classname="src.pymortests.vectorarray" file="src/pymortests/vectorarray.py" line="804" name="test_iadd[compatible_vector_array_pair8-&lt;lambda&gt;7]" time="0.0013294219970703125"></testcase><testcase classname="src.pymortests.vectorarray" file="src/pymortests/vectorarray.py" line="804" name="test_iadd[compatible_vector_array_pair8-&lt;lambda&gt;8]" time="0.0017299652099609375"></testcase><testcase classname="src.pymortests.vectorarray" file="src/pymortests/vectorarray.py" line="804" name="test_iadd[compatible_vector_array_pair8-&lt;lambda&gt;9]" time="0.0036115646362304688"></testcase><testcase classname="src.pymortests.vectorarray" file="src/pymortests/vectorarray.py" line="804" name="test_iadd[compatible_vector_array_pair8-&lt;lambda&gt;10]" time="0.006772518157958984"></testcase><testcase classname="src.pymortests.vectorarray" file="src/pymortests/vectorarray.py" line="804" name="test_iadd[compatible_vector_array_pair8-&lt;lambda&gt;11]" time="0.0015490055084228516"></testcase><testcase classname="src.pymortests.vectorarray" file="src/pymortests/vectorarray.py" line="804" name="test_iadd[compatible_vector_array_pair8-&lt;lambda&gt;12]" time="0.0016853809356689453"></testcase><testcase classname="src.pymortests.vectorarray" file="src/pymortests/vectorarray.py" line="804" name="test_iadd[compatible_vector_array_pair8-&lt;lambda&gt;13]" time="0.0018482208251953125"></testcase><testcase classname="src.pymortests.vectorarray" file="src/pymortests/vectorarray.py" line="804" name="test_iadd[compatible_vector_array_pair8-&lt;lambda&gt;14]" time="0.001842498779296875"></testcase><testcase classname="src.pymortests.vectorarray" file="src/pymortests/vectorarray.py" line="804" name="test_iadd[compatible_vector_array_pair8-&lt;lambda&gt;15]" time="0.0020635128021240234"></testcase><testcase classname="src.pymortests.vectorarray" file="src/pymortests/vectorarray.py" line="804" name="test_iadd[compatible_vector_array_pair8-&lt;lambda&gt;16]" time="0.002295970916748047"></testcase><testcase classname="src.pymortests.vectorarray" file="src/pymortests/vectorarray.py" line="804" name="test_iadd[compatible_vector_array_pair8-&lt;lambda&gt;17]" time="0.0020656585693359375"></testcase><testcase classname="src.pymortests.vectorarray" file="src/pymortests/vectorarray.py" line="804" name="test_iadd[compatible_vector_array_pair8-&lt;lambda&gt;18]" time="0.0020041465759277344"></testcase><testcase classname="src.pymortests.vectorarray" file="src/pymortests/vectorarray.py" line="804" name="test_iadd[compatible_vector_array_pair8-&lt;lambda&gt;19]" time="0.0020341873168945312"></testcase><testcase classname="src.pymortests.vectorarray" file="src/pymortests/vectorarray.py" line="804" name="test_iadd[compatible_vector_array_pair8-&lt;lambda&gt;20]" time="0.02635478973388672"></testcase><testcase classname="src.pymortests.vectorarray" file="src/pymortests/vectorarray.py" line="804" name="test_iadd[compatible_vector_array_pair8-&lt;lambda&gt;21]" time="0.016796112060546875"></testcase><testcase classname="src.pymortests.vectorarray" file="src/pymortests/vectorarray.py" line="804" name="test_iadd[compatible_vector_array_pair8-&lt;lambda&gt;22]" time="0.04784250259399414"></testcase><testcase classname="src.pymortests.vectorarray" file="src/pymortests/vectorarray.py" line="804" name="test_iadd[compatible_vector_array_pair8-&lt;lambda&gt;23]" time="0.0036177635192871094"></testcase><testcase classname="src.pymortests.vectorarray" file="src/pymortests/vectorarray.py" line="804" name="test_iadd[compatible_vector_array_pair8-&lt;lambda&gt;24]" time="0.0014269351959228516"></testcase><testcase classname="src.pymortests.vectorarray" file="src/pymortests/vectorarray.py" line="804" name="test_iadd[compatible_vector_array_pair8-&lt;lambda&gt;25]" time="0.0022132396697998047"></testcase><testcase classname="src.pymortests.vectorarray" file="src/pymortests/vectorarray.py" line="804" name="test_iadd[compatible_vector_array_pair8-&lt;lambda&gt;26]" time="0.023565292358398438"></testcase><testcase classname="src.pymortests.vectorarray" file="src/pymortests/vectorarray.py" line="804" name="test_iadd[compatible_vector_array_pair8-&lt;lambda&gt;27]" time="0.10191059112548828"></testcase><testcase classname="src.pymortests.vectorarray" file="src/pymortests/vectorarray.py" line="804" name="test_iadd[compatible_vector_array_pair8-&lt;lambda&gt;28]" time="0.2690746784210205"></testcase><testcase classname="src.pymortests.vectorarray" file="src/pymortests/vectorarray.py" line="804" name="test_iadd[compatible_vector_array_pair8-&lt;lambda&gt;29]" time="0.008646249771118164"></testcase><testcase classname="src.pymortests.vectorarray" file="src/pymortests/vectorarray.py" line="816" name="test_sub[compatible_vector_array_pair0-&lt;lambda&gt;0]" time="0.0021810531616210938"></testcase><testcase classname="src.pymortests.vectorarray" file="src/pymortests/vectorarray.py" line="816" name="test_sub[compatible_vector_array_pair0-&lt;lambda&gt;1]" time="0.0015566349029541016"></testcase><testcase classname="src.pymortests.vectorarray" file="src/pymortests/vectorarray.py" line="816" name="test_sub[compatible_vector_array_pair0-&lt;lambda&gt;2]" time="0.0015347003936767578"></testcase><testcase classname="src.pymortests.vectorarray" file="src/pymortests/vectorarray.py" line="816" name="test_sub[compatible_vector_array_pair0-&lt;lambda&gt;3]" time="0.0016138553619384766"></testcase><testcase classname="src.pymortests.vectorarray" file="src/pymortests/vectorarray.py" line="816" name="test_sub[compatible_vector_array_pair0-&lt;lambda&gt;4]" time="0.0015749931335449219"></testcase><testcase classname="src.pymortests.vectorarray" file="src/pymortests/vectorarray.py" line="816" name="test_sub[compatible_vector_array_pair0-&lt;lambda&gt;5]" time="0.0014045238494873047"></testcase><testcase classname="src.pymortests.vectorarray" file="src/pymortests/vectorarray.py" line="816" name="test_sub[compatible_vector_array_pair0-&lt;lambda&gt;6]" time="0.001377105712890625"></testcase><testcase classname="src.pymortests.vectorarray" file="src/pymortests/vectorarray.py" line="816" name="test_sub[compatible_vector_array_pair0-&lt;lambda&gt;7]" time="0.0013470649719238281"></testcase><testcase classname="src.pymortests.vectorarray" file="src/pymortests/vectorarray.py" line="816" name="test_sub[compatible_vector_array_pair0-&lt;lambda&gt;8]" time="0.001752614974975586"></testcase><testcase classname="src.pymortests.vectorarray" file="src/pymortests/vectorarray.py" line="816" name="test_sub[compatible_vector_array_pair0-&lt;lambda&gt;9]" time="0.00471949577331543"></testcase><testcase classname="src.pymortests.vectorarray" file="src/pymortests/vectorarray.py" line="816" name="test_sub[compatible_vector_array_pair0-&lt;lambda&gt;10]" time="0.009307622909545898"></testcase><testcase classname="src.pymortests.vectorarray" file="src/pymortests/vectorarray.py" line="816" name="test_sub[compatible_vector_array_pair0-&lt;lambda&gt;11]" time="0.0017704963684082031"></testcase><testcase classname="src.pymortests.vectorarray" file="src/pymortests/vectorarray.py" line="816" name="test_sub[compatible_vector_array_pair0-&lt;lambda&gt;12]" time="0.0018241405487060547"></testcase><testcase classname="src.pymortests.vectorarray" file="src/pymortests/vectorarray.py" line="816" name="test_sub[compatible_vector_array_pair0-&lt;lambda&gt;13]" time="0.0019989013671875"></testcase><testcase classname="src.pymortests.vectorarray" file="src/pymortests/vectorarray.py" line="816" name="test_sub[compatible_vector_array_pair0-&lt;lambda&gt;14]" time="0.0018982887268066406"></testcase><testcase classname="src.pymortests.vectorarray" file="src/pymortests/vectorarray.py" line="816" name="test_sub[compatible_vector_array_pair0-&lt;lambda&gt;15]" time="0.0023887157440185547"></testcase><testcase classname="src.pymortests.vectorarray" file="src/pymortests/vectorarray.py" line="816" name="test_sub[compatible_vector_array_pair0-&lt;lambda&gt;16]" time="0.0026204586029052734"></testcase><testcase classname="src.pymortests.vectorarray" file="src/pymortests/vectorarray.py" line="816" name="test_sub[compatible_vector_array_pair0-&lt;lambda&gt;17]" time="0.0023000240325927734"></testcase><testcase classname="src.pymortests.vectorarray" file="src/pymortests/vectorarray.py" line="816" name="test_sub[compatible_vector_array_pair0-&lt;lambda&gt;18]" time="0.0020346641540527344"></testcase><testcase classname="src.pymortests.vectorarray" file="src/pymortests/vectorarray.py" line="816" name="test_sub[compatible_vector_array_pair0-&lt;lambda&gt;19]" time="0.0021295547485351562"></testcase><testcase classname="src.pymortests.vectorarray" file="src/pymortests/vectorarray.py" line="816" name="test_sub[compatible_vector_array_pair0-&lt;lambda&gt;20]" time="0.02798604965209961"></testcase><testcase classname="src.pymortests.vectorarray" file="src/pymortests/vectorarray.py" line="816" name="test_sub[compatible_vector_array_pair0-&lt;lambda&gt;21]" time="0.01863265037536621"></testcase><testcase classname="src.pymortests.vectorarray" file="src/pymortests/vectorarray.py" line="816" name="test_sub[compatible_vector_array_pair0-&lt;lambda&gt;22]" time="0.05215167999267578"></testcase><testcase classname="src.pymortests.vectorarray" file="src/pymortests/vectorarray.py" line="816" name="test_sub[compatible_vector_array_pair0-&lt;lambda&gt;23]" time="0.003808259963989258"></testcase><testcase classname="src.pymortests.vectorarray" file="src/pymortests/vectorarray.py" line="816" name="test_sub[compatible_vector_array_pair0-&lt;lambda&gt;24]" time="0.0013682842254638672"></testcase><testcase classname="src.pymortests.vectorarray" file="src/pymortests/vectorarray.py" line="816" name="test_sub[compatible_vector_array_pair0-&lt;lambda&gt;25]" time="0.0022220611572265625"></testcase><testcase classname="src.pymortests.vectorarray" file="src/pymortests/vectorarray.py" line="816" name="test_sub[compatible_vector_array_pair0-&lt;lambda&gt;26]" time="0.02404189109802246"></testcase><testcase classname="src.pymortests.vectorarray" file="src/pymortests/vectorarray.py" line="816" name="test_sub[compatible_vector_array_pair0-&lt;lambda&gt;27]" time="0.12203860282897949"></testcase><testcase classname="src.pymortests.vectorarray" file="src/pymortests/vectorarray.py" line="816" name="test_sub[compatible_vector_array_pair0-&lt;lambda&gt;28]" time="0.32315564155578613"></testcase><testcase classname="src.pymortests.vectorarray" file="src/pymortests/vectorarray.py" line="816" name="test_sub[compatible_vector_array_pair0-&lt;lambda&gt;29]" time="0.010254144668579102"></testcase><testcase classname="src.pymortests.vectorarray" file="src/pymortests/vectorarray.py" line="816" name="test_sub[compatible_vector_array_pair1-&lt;lambda&gt;0]" time="0.0021958351135253906"></testcase><testcase classname="src.pymortests.vectorarray" file="src/pymortests/vectorarray.py" line="816" name="test_sub[compatible_vector_array_pair1-&lt;lambda&gt;1]" time="0.0016736984252929688"></testcase><testcase classname="src.pymortests.vectorarray" file="src/pymortests/vectorarray.py" line="816" name="test_sub[compatible_vector_array_pair1-&lt;lambda&gt;2]" time="0.0016143321990966797"></testcase><testcase classname="src.pymortests.vectorarray" file="src/pymortests/vectorarray.py" line="816" name="test_sub[compatible_vector_array_pair1-&lt;lambda&gt;3]" time="0.0017580986022949219"></testcase><testcase classname="src.pymortests.vectorarray" file="src/pymortests/vectorarray.py" line="816" name="test_sub[compatible_vector_array_pair1-&lt;lambda&gt;4]" time="0.0015423297882080078"></testcase><testcase classname="src.pymortests.vectorarray" file="src/pymortests/vectorarray.py" line="816" name="test_sub[compatible_vector_array_pair1-&lt;lambda&gt;5]" time="0.0015859603881835938"></testcase><testcase classname="src.pymortests.vectorarray" file="src/pymortests/vectorarray.py" line="816" name="test_sub[compatible_vector_array_pair1-&lt;lambda&gt;6]" time="0.0014357566833496094"></testcase><testcase classname="src.pymortests.vectorarray" file="src/pymortests/vectorarray.py" line="816" name="test_sub[compatible_vector_array_pair1-&lt;lambda&gt;7]" time="0.0014081001281738281"></testcase><testcase classname="src.pymortests.vectorarray" file="src/pymortests/vectorarray.py" line="816" name="test_sub[compatible_vector_array_pair1-&lt;lambda&gt;8]" time="0.0019390583038330078"></testcase><testcase classname="src.pymortests.vectorarray" file="src/pymortests/vectorarray.py" line="816" name="test_sub[compatible_vector_array_pair1-&lt;lambda&gt;9]" time="0.004830598831176758"></testcase><testcase classname="src.pymortests.vectorarray" file="src/pymortests/vectorarray.py" line="816" name="test_sub[compatible_vector_array_pair1-&lt;lambda&gt;10]" time="0.00953817367553711"></testcase><testcase classname="src.pymortests.vectorarray" file="src/pymortests/vectorarray.py" line="816" name="test_sub[compatible_vector_array_pair1-&lt;lambda&gt;11]" time="0.0019047260284423828"></testcase><testcase classname="src.pymortests.vectorarray" file="src/pymortests/vectorarray.py" line="816" name="test_sub[compatible_vector_array_pair1-&lt;lambda&gt;12]" time="0.0018312931060791016"></testcase><testcase classname="src.pymortests.vectorarray" file="src/pymortests/vectorarray.py" line="816" name="test_sub[compatible_vector_array_pair1-&lt;lambda&gt;13]" time="0.002053976058959961"></testcase><testcase classname="src.pymortests.vectorarray" file="src/pymortests/vectorarray.py" line="816" name="test_sub[compatible_vector_array_pair1-&lt;lambda&gt;14]" time="0.0018756389617919922"></testcase><testcase classname="src.pymortests.vectorarray" file="src/pymortests/vectorarray.py" line="816" name="test_sub[compatible_vector_array_pair1-&lt;lambda&gt;15]" time="0.002385377883911133"></testcase><testcase classname="src.pymortests.vectorarray" file="src/pymortests/vectorarray.py" line="816" name="test_sub[compatible_vector_array_pair1-&lt;lambda&gt;16]" time="0.0026476383209228516"></testcase><testcase classname="src.pymortests.vectorarray" file="src/pymortests/vectorarray.py" line="816" name="test_sub[compatible_vector_array_pair1-&lt;lambda&gt;17]" time="0.002624988555908203"></testcase><testcase classname="src.pymortests.vectorarray" file="src/pymortests/vectorarray.py" line="816" name="test_sub[compatible_vector_array_pair1-&lt;lambda&gt;18]" time="0.002273082733154297"></testcase><testcase classname="src.pymortests.vectorarray" file="src/pymortests/vectorarray.py" line="816" name="test_sub[compatible_vector_array_pair1-&lt;lambda&gt;19]" time="0.0021474361419677734"></testcase><testcase classname="src.pymortests.vectorarray" file="src/pymortests/vectorarray.py" line="816" name="test_sub[compatible_vector_array_pair1-&lt;lambda&gt;20]" time="0.026105642318725586"></testcase><testcase classname="src.pymortests.vectorarray" file="src/pymortests/vectorarray.py" line="816" name="test_sub[compatible_vector_array_pair1-&lt;lambda&gt;21]" time="0.018290042877197266"></testcase><testcase classname="src.pymortests.vectorarray" file="src/pymortests/vectorarray.py" line="816" name="test_sub[compatible_vector_array_pair1-&lt;lambda&gt;22]" time="0.05304694175720215"></testcase><testcase classname="src.pymortests.vectorarray" file="src/pymortests/vectorarray.py" line="816" name="test_sub[compatible_vector_array_pair1-&lt;lambda&gt;23]" time="0.004007577896118164"></testcase><testcase classname="src.pymortests.vectorarray" file="src/pymortests/vectorarray.py" line="816" name="test_sub[compatible_vector_array_pair1-&lt;lambda&gt;24]" time="0.0013790130615234375"></testcase><testcase classname="src.pymortests.vectorarray" file="src/pymortests/vectorarray.py" line="816" name="test_sub[compatible_vector_array_pair1-&lt;lambda&gt;25]" time="0.0023126602172851562"></testcase><testcase classname="src.pymortests.vectorarray" file="src/pymortests/vectorarray.py" line="816" name="test_sub[compatible_vector_array_pair1-&lt;lambda&gt;26]" time="0.024275541305541992"></testcase><testcase classname="src.pymortests.vectorarray" file="src/pymortests/vectorarray.py" line="816" name="test_sub[compatible_vector_array_pair1-&lt;lambda&gt;27]" time="0.12491941452026367"></testcase><testcase classname="src.pymortests.vectorarray" file="src/pymortests/vectorarray.py" line="816" name="test_sub[compatible_vector_array_pair1-&lt;lambda&gt;28]" time="0.32436203956604004"></testcase><testcase classname="src.pymortests.vectorarray" file="src/pymortests/vectorarray.py" line="816" name="test_sub[compatible_vector_array_pair1-&lt;lambda&gt;29]" time="0.010044097900390625"></testcase><testcase classname="src.pymortests.vectorarray" file="src/pymortests/vectorarray.py" line="816" name="test_sub[compatible_vector_array_pair2-&lt;lambda&gt;0]" time="0.0021848678588867188"></testcase><testcase classname="src.pymortests.vectorarray" file="src/pymortests/vectorarray.py" line="816" name="test_sub[compatible_vector_array_pair2-&lt;lambda&gt;1]" time="0.0016279220581054688"></testcase><testcase classname="src.pymortests.vectorarray" file="src/pymortests/vectorarray.py" line="816" name="test_sub[compatible_vector_array_pair2-&lt;lambda&gt;2]" time="0.0015614032745361328"></testcase><testcase classname="src.pymortests.vectorarray" file="src/pymortests/vectorarray.py" line="816" name="test_sub[compatible_vector_array_pair2-&lt;lambda&gt;3]" time="0.0016977787017822266"></testcase><testcase classname="src.pymortests.vectorarray" file="src/pymortests/vectorarray.py" line="816" name="test_sub[compatible_vector_array_pair2-&lt;lambda&gt;4]" time="0.0015711784362792969"></testcase><testcase classname="src.pymortests.vectorarray" file="src/pymortests/vectorarray.py" line="816" name="test_sub[compatible_vector_array_pair2-&lt;lambda&gt;5]" time="0.0014297962188720703"></testcase><testcase classname="src.pymortests.vectorarray" file="src/pymortests/vectorarray.py" line="816" name="test_sub[compatible_vector_array_pair2-&lt;lambda&gt;6]" time="0.0014219284057617188"></testcase><testcase classname="src.pymortests.vectorarray" file="src/pymortests/vectorarray.py" line="816" name="test_sub[compatible_vector_array_pair2-&lt;lambda&gt;7]" time="0.0014231204986572266"></testcase><testcase classname="src.pymortests.vectorarray" file="src/pymortests/vectorarray.py" line="816" name="test_sub[compatible_vector_array_pair2-&lt;lambda&gt;8]" time="0.002022981643676758"></testcase><testcase classname="src.pymortests.vectorarray" file="src/pymortests/vectorarray.py" line="816" name="test_sub[compatible_vector_array_pair2-&lt;lambda&gt;9]" time="0.0050811767578125"></testcase><testcase classname="src.pymortests.vectorarray" file="src/pymortests/vectorarray.py" line="816" name="test_sub[compatible_vector_array_pair2-&lt;lambda&gt;10]" time="0.009711265563964844"></testcase><testcase classname="src.pymortests.vectorarray" file="src/pymortests/vectorarray.py" line="816" name="test_sub[compatible_vector_array_pair2-&lt;lambda&gt;11]" time="0.0019032955169677734"></testcase><testcase classname="src.pymortests.vectorarray" file="src/pymortests/vectorarray.py" line="816" name="test_sub[compatible_vector_array_pair2-&lt;lambda&gt;12]" time="0.0018532276153564453"></testcase><testcase classname="src.pymortests.vectorarray" file="src/pymortests/vectorarray.py" line="816" name="test_sub[compatible_vector_array_pair2-&lt;lambda&gt;13]" time="0.0020241737365722656"></testcase><testcase classname="src.pymortests.vectorarray" file="src/pymortests/vectorarray.py" line="816" name="test_sub[compatible_vector_array_pair2-&lt;lambda&gt;14]" time="0.0018923282623291016"></testcase><testcase classname="src.pymortests.vectorarray" file="src/pymortests/vectorarray.py" line="816" name="test_sub[compatible_vector_array_pair2-&lt;lambda&gt;15]" time="0.0024182796478271484"></testcase><testcase classname="src.pymortests.vectorarray" file="src/pymortests/vectorarray.py" line="816" name="test_sub[compatible_vector_array_pair2-&lt;lambda&gt;16]" time="0.002569437026977539"></testcase><testcase classname="src.pymortests.vectorarray" file="src/pymortests/vectorarray.py" line="816" name="test_sub[compatible_vector_array_pair2-&lt;lambda&gt;17]" time="0.002467632293701172"></testcase><testcase classname="src.pymortests.vectorarray" file="src/pymortests/vectorarray.py" line="816" name="test_sub[compatible_vector_array_pair2-&lt;lambda&gt;18]" time="0.0021393299102783203"></testcase><testcase classname="src.pymortests.vectorarray" file="src/pymortests/vectorarray.py" line="816" name="test_sub[compatible_vector_array_pair2-&lt;lambda&gt;19]" time="0.0022046566009521484"></testcase><testcase classname="src.pymortests.vectorarray" file="src/pymortests/vectorarray.py" line="816" name="test_sub[compatible_vector_array_pair2-&lt;lambda&gt;20]" time="0.02558445930480957"></testcase><testcase classname="src.pymortests.vectorarray" file="src/pymortests/vectorarray.py" line="816" name="test_sub[compatible_vector_array_pair2-&lt;lambda&gt;21]" time="0.018730640411376953"></testcase><testcase classname="src.pymortests.vectorarray" file="src/pymortests/vectorarray.py" line="816" name="test_sub[compatible_vector_array_pair2-&lt;lambda&gt;22]" time="0.05269145965576172"></testcase><testcase classname="src.pymortests.vectorarray" file="src/pymortests/vectorarray.py" line="816" name="test_sub[compatible_vector_array_pair2-&lt;lambda&gt;23]" time="0.0038597583770751953"></testcase><testcase classname="src.pymortests.vectorarray" file="src/pymortests/vectorarray.py" line="816" name="test_sub[compatible_vector_array_pair2-&lt;lambda&gt;24]" time="0.001344442367553711"></testcase><testcase classname="src.pymortests.vectorarray" file="src/pymortests/vectorarray.py" line="816" name="test_sub[compatible_vector_array_pair2-&lt;lambda&gt;25]" time="0.002347230911254883"></testcase><testcase classname="src.pymortests.vectorarray" file="src/pymortests/vectorarray.py" line="816" name="test_sub[compatible_vector_array_pair2-&lt;lambda&gt;26]" time="0.024418115615844727"></testcase><testcase classname="src.pymortests.vectorarray" file="src/pymortests/vectorarray.py" line="816" name="test_sub[compatible_vector_array_pair2-&lt;lambda&gt;27]" time="0.12970471382141113"></testcase><testcase classname="src.pymortests.vectorarray" file="src/pymortests/vectorarray.py" line="816" name="test_sub[compatible_vector_array_pair2-&lt;lambda&gt;28]" time="0.3259572982788086"></testcase><testcase classname="src.pymortests.vectorarray" file="src/pymortests/vectorarray.py" line="816" name="test_sub[compatible_vector_array_pair2-&lt;lambda&gt;29]" time="0.010081768035888672"></testcase><testcase classname="src.pymortests.vectorarray" file="src/pymortests/vectorarray.py" line="816" name="test_sub[compatible_vector_array_pair3-&lt;lambda&gt;0]" time="0.002127408981323242"></testcase><testcase classname="src.pymortests.vectorarray" file="src/pymortests/vectorarray.py" line="816" name="test_sub[compatible_vector_array_pair3-&lt;lambda&gt;1]" time="0.0016243457794189453"></testcase><testcase classname="src.pymortests.vectorarray" file="src/pymortests/vectorarray.py" line="816" name="test_sub[compatible_vector_array_pair3-&lt;lambda&gt;2]" time="0.00151824951171875"></testcase><testcase classname="src.pymortests.vectorarray" file="src/pymortests/vectorarray.py" line="816" name="test_sub[compatible_vector_array_pair3-&lt;lambda&gt;3]" time="0.0016362667083740234"></testcase><testcase classname="src.pymortests.vectorarray" file="src/pymortests/vectorarray.py" line="816" name="test_sub[compatible_vector_array_pair3-&lt;lambda&gt;4]" time="0.0015139579772949219"></testcase><testcase classname="src.pymortests.vectorarray" file="src/pymortests/vectorarray.py" line="816" name="test_sub[compatible_vector_array_pair3-&lt;lambda&gt;5]" time="0.001399993896484375"></testcase><testcase classname="src.pymortests.vectorarray" file="src/pymortests/vectorarray.py" line="816" name="test_sub[compatible_vector_array_pair3-&lt;lambda&gt;6]" time="0.0014338493347167969"></testcase><testcase classname="src.pymortests.vectorarray" file="src/pymortests/vectorarray.py" line="816" name="test_sub[compatible_vector_array_pair3-&lt;lambda&gt;7]" time="0.0014338493347167969"></testcase><testcase classname="src.pymortests.vectorarray" file="src/pymortests/vectorarray.py" line="816" name="test_sub[compatible_vector_array_pair3-&lt;lambda&gt;8]" time="0.0017316341400146484"></testcase><testcase classname="src.pymortests.vectorarray" file="src/pymortests/vectorarray.py" line="816" name="test_sub[compatible_vector_array_pair3-&lt;lambda&gt;9]" time="0.004928112030029297"></testcase><testcase classname="src.pymortests.vectorarray" file="src/pymortests/vectorarray.py" line="816" name="test_sub[compatible_vector_array_pair3-&lt;lambda&gt;10]" time="0.009752750396728516"></testcase><testcase classname="src.pymortests.vectorarray" file="src/pymortests/vectorarray.py" line="816" name="test_sub[compatible_vector_array_pair3-&lt;lambda&gt;11]" time="0.001737356185913086"></testcase><testcase classname="src.pymortests.vectorarray" file="src/pymortests/vectorarray.py" line="816" name="test_sub[compatible_vector_array_pair3-&lt;lambda&gt;12]" time="0.0018343925476074219"></testcase><testcase classname="src.pymortests.vectorarray" file="src/pymortests/vectorarray.py" line="816" name="test_sub[compatible_vector_array_pair3-&lt;lambda&gt;13]" time="0.002027750015258789"></testcase><testcase classname="src.pymortests.vectorarray" file="src/pymortests/vectorarray.py" line="816" name="test_sub[compatible_vector_array_pair3-&lt;lambda&gt;14]" time="0.0018644332885742188"></testcase><testcase classname="src.pymortests.vectorarray" file="src/pymortests/vectorarray.py" line="816" name="test_sub[compatible_vector_array_pair3-&lt;lambda&gt;15]" time="0.0023691654205322266"></testcase><testcase classname="src.pymortests.vectorarray" file="src/pymortests/vectorarray.py" line="816" name="test_sub[compatible_vector_array_pair3-&lt;lambda&gt;16]" time="0.0025370121002197266"></testcase><testcase classname="src.pymortests.vectorarray" file="src/pymortests/vectorarray.py" line="816" name="test_sub[compatible_vector_array_pair3-&lt;lambda&gt;17]" time="0.0023043155670166016"></testcase><testcase classname="src.pymortests.vectorarray" file="src/pymortests/vectorarray.py" line="816" name="test_sub[compatible_vector_array_pair3-&lt;lambda&gt;18]" time="0.0020940303802490234"></testcase><testcase classname="src.pymortests.vectorarray" file="src/pymortests/vectorarray.py" line="816" name="test_sub[compatible_vector_array_pair3-&lt;lambda&gt;19]" time="0.0021619796752929688"></testcase><testcase classname="src.pymortests.vectorarray" file="src/pymortests/vectorarray.py" line="816" name="test_sub[compatible_vector_array_pair3-&lt;lambda&gt;20]" time="0.025931596755981445"></testcase><testcase classname="src.pymortests.vectorarray" file="src/pymortests/vectorarray.py" line="816" name="test_sub[compatible_vector_array_pair3-&lt;lambda&gt;21]" time="0.018874645233154297"></testcase><testcase classname="src.pymortests.vectorarray" file="src/pymortests/vectorarray.py" line="816" name="test_sub[compatible_vector_array_pair3-&lt;lambda&gt;22]" time="0.05394601821899414"></testcase><testcase classname="src.pymortests.vectorarray" file="src/pymortests/vectorarray.py" line="816" name="test_sub[compatible_vector_array_pair3-&lt;lambda&gt;23]" time="0.003923177719116211"></testcase><testcase classname="src.pymortests.vectorarray" file="src/pymortests/vectorarray.py" line="816" name="test_sub[compatible_vector_array_pair3-&lt;lambda&gt;24]" time="0.0014405250549316406"></testcase><testcase classname="src.pymortests.vectorarray" file="src/pymortests/vectorarray.py" line="816" name="test_sub[compatible_vector_array_pair3-&lt;lambda&gt;25]" time="0.0022721290588378906"></testcase><testcase classname="src.pymortests.vectorarray" file="src/pymortests/vectorarray.py" line="816" name="test_sub[compatible_vector_array_pair3-&lt;lambda&gt;26]" time="0.023846864700317383"></testcase><testcase classname="src.pymortests.vectorarray" file="src/pymortests/vectorarray.py" line="816" name="test_sub[compatible_vector_array_pair3-&lt;lambda&gt;27]" time="0.12207245826721191"></testcase><testcase classname="src.pymortests.vectorarray" file="src/pymortests/vectorarray.py" line="816" name="test_sub[compatible_vector_array_pair3-&lt;lambda&gt;28]" time="0.3220829963684082"></testcase><testcase classname="src.pymortests.vectorarray" file="src/pymortests/vectorarray.py" line="816" name="test_sub[compatible_vector_array_pair3-&lt;lambda&gt;29]" time="0.01028895378112793"></testcase><testcase classname="src.pymortests.vectorarray" file="src/pymortests/vectorarray.py" line="816" name="test_sub[compatible_vector_array_pair4-&lt;lambda&gt;0]" time="0.00213623046875"></testcase><testcase classname="src.pymortests.vectorarray" file="src/pymortests/vectorarray.py" line="816" name="test_sub[compatible_vector_array_pair4-&lt;lambda&gt;1]" time="0.0016562938690185547"></testcase><testcase classname="src.pymortests.vectorarray" file="src/pymortests/vectorarray.py" line="816" name="test_sub[compatible_vector_array_pair4-&lt;lambda&gt;2]" time="0.001636505126953125"></testcase><testcase classname="src.pymortests.vectorarray" file="src/pymortests/vectorarray.py" line="816" name="test_sub[compatible_vector_array_pair4-&lt;lambda&gt;3]" time="0.0017004013061523438"></testcase><testcase classname="src.pymortests.vectorarray" file="src/pymortests/vectorarray.py" line="816" name="test_sub[compatible_vector_array_pair4-&lt;lambda&gt;4]" time="0.0016851425170898438"></testcase><testcase classname="src.pymortests.vectorarray" file="src/pymortests/vectorarray.py" line="816" name="test_sub[compatible_vector_array_pair4-&lt;lambda&gt;5]" time="0.0014636516571044922"></testcase><testcase classname="src.pymortests.vectorarray" file="src/pymortests/vectorarray.py" line="816" name="test_sub[compatible_vector_array_pair4-&lt;lambda&gt;6]" time="0.001451730728149414"></testcase><testcase classname="src.pymortests.vectorarray" file="src/pymortests/vectorarray.py" line="816" name="test_sub[compatible_vector_array_pair4-&lt;lambda&gt;7]" time="0.0014216899871826172"></testcase><testcase classname="src.pymortests.vectorarray" file="src/pymortests/vectorarray.py" line="816" name="test_sub[compatible_vector_array_pair4-&lt;lambda&gt;8]" time="0.0019276142120361328"></testcase><testcase classname="src.pymortests.vectorarray" file="src/pymortests/vectorarray.py" line="816" name="test_sub[compatible_vector_array_pair4-&lt;lambda&gt;9]" time="0.005042552947998047"></testcase><testcase classname="src.pymortests.vectorarray" file="src/pymortests/vectorarray.py" line="816" name="test_sub[compatible_vector_array_pair4-&lt;lambda&gt;10]" time="0.009744882583618164"></testcase><testcase classname="src.pymortests.vectorarray" file="src/pymortests/vectorarray.py" line="816" name="test_sub[compatible_vector_array_pair4-&lt;lambda&gt;11]" time="0.0017778873443603516"></testcase><testcase classname="src.pymortests.vectorarray" file="src/pymortests/vectorarray.py" line="816" name="test_sub[compatible_vector_array_pair4-&lt;lambda&gt;12]" time="0.001962900161743164"></testcase><testcase classname="src.pymortests.vectorarray" file="src/pymortests/vectorarray.py" line="816" name="test_sub[compatible_vector_array_pair4-&lt;lambda&gt;13]" time="0.002184152603149414"></testcase><testcase classname="src.pymortests.vectorarray" file="src/pymortests/vectorarray.py" line="816" name="test_sub[compatible_vector_array_pair4-&lt;lambda&gt;14]" time="0.0020761489868164062"></testcase><testcase classname="src.pymortests.vectorarray" file="src/pymortests/vectorarray.py" line="816" name="test_sub[compatible_vector_array_pair4-&lt;lambda&gt;15]" time="0.002485990524291992"></testcase><testcase classname="src.pymortests.vectorarray" file="src/pymortests/vectorarray.py" line="816" name="test_sub[compatible_vector_array_pair4-&lt;lambda&gt;16]" time="0.0026535987854003906"></testcase><testcase classname="src.pymortests.vectorarray" file="src/pymortests/vectorarray.py" line="816" name="test_sub[compatible_vector_array_pair4-&lt;lambda&gt;17]" time="0.002457857131958008"></testcase><testcase classname="src.pymortests.vectorarray" file="src/pymortests/vectorarray.py" line="816" name="test_sub[compatible_vector_array_pair4-&lt;lambda&gt;18]" time="0.002083301544189453"></testcase><testcase classname="src.pymortests.vectorarray" file="src/pymortests/vectorarray.py" line="816" name="test_sub[compatible_vector_array_pair4-&lt;lambda&gt;19]" time="0.002140522003173828"></testcase><testcase classname="src.pymortests.vectorarray" file="src/pymortests/vectorarray.py" line="816" name="test_sub[compatible_vector_array_pair4-&lt;lambda&gt;20]" time="0.025970458984375"></testcase><testcase classname="src.pymortests.vectorarray" file="src/pymortests/vectorarray.py" line="816" name="test_sub[compatible_vector_array_pair4-&lt;lambda&gt;21]" time="0.018280982971191406"></testcase><testcase classname="src.pymortests.vectorarray" file="src/pymortests/vectorarray.py" line="816" name="test_sub[compatible_vector_array_pair4-&lt;lambda&gt;22]" time="0.05280590057373047"></testcase><testcase classname="src.pymortests.vectorarray" file="src/pymortests/vectorarray.py" line="816" name="test_sub[compatible_vector_array_pair4-&lt;lambda&gt;23]" time="0.0041980743408203125"></testcase><testcase classname="src.pymortests.vectorarray" file="src/pymortests/vectorarray.py" line="816" name="test_sub[compatible_vector_array_pair4-&lt;lambda&gt;24]" time="0.0014414787292480469"></testcase><testcase classname="src.pymortests.vectorarray" file="src/pymortests/vectorarray.py" line="816" name="test_sub[compatible_vector_array_pair4-&lt;lambda&gt;25]" time="0.002330303192138672"></testcase><testcase classname="src.pymortests.vectorarray" file="src/pymortests/vectorarray.py" line="816" name="test_sub[compatible_vector_array_pair4-&lt;lambda&gt;26]" time="0.02626800537109375"></testcase><testcase classname="src.pymortests.vectorarray" file="src/pymortests/vectorarray.py" line="816" name="test_sub[compatible_vector_array_pair4-&lt;lambda&gt;27]" time="0.12327003479003906"></testcase><testcase classname="src.pymortests.vectorarray" file="src/pymortests/vectorarray.py" line="816" name="test_sub[compatible_vector_array_pair4-&lt;lambda&gt;28]" time="0.3247795104980469"></testcase><testcase classname="src.pymortests.vectorarray" file="src/pymortests/vectorarray.py" line="816" name="test_sub[compatible_vector_array_pair4-&lt;lambda&gt;29]" time="0.009985923767089844"></testcase><testcase classname="src.pymortests.vectorarray" file="src/pymortests/vectorarray.py" line="816" name="test_sub[compatible_vector_array_pair5-&lt;lambda&gt;0]" time="0.0022068023681640625"></testcase><testcase classname="src.pymortests.vectorarray" file="src/pymortests/vectorarray.py" line="816" name="test_sub[compatible_vector_array_pair5-&lt;lambda&gt;1]" time="0.0016932487487792969"></testcase><testcase classname="src.pymortests.vectorarray" file="src/pymortests/vectorarray.py" line="816" name="test_sub[compatible_vector_array_pair5-&lt;lambda&gt;2]" time="0.0016148090362548828"></testcase><testcase classname="src.pymortests.vectorarray" file="src/pymortests/vectorarray.py" line="816" name="test_sub[compatible_vector_array_pair5-&lt;lambda&gt;3]" time="0.0016224384307861328"></testcase><testcase classname="src.pymortests.vectorarray" file="src/pymortests/vectorarray.py" line="816" name="test_sub[compatible_vector_array_pair5-&lt;lambda&gt;4]" time="0.001523733139038086"></testcase><testcase classname="src.pymortests.vectorarray" file="src/pymortests/vectorarray.py" line="816" name="test_sub[compatible_vector_array_pair5-&lt;lambda&gt;5]" time="0.00145721435546875"></testcase><testcase classname="src.pymortests.vectorarray" file="src/pymortests/vectorarray.py" line="816" name="test_sub[compatible_vector_array_pair5-&lt;lambda&gt;6]" time="0.0013921260833740234"></testcase><testcase classname="src.pymortests.vectorarray" file="src/pymortests/vectorarray.py" line="816" name="test_sub[compatible_vector_array_pair5-&lt;lambda&gt;7]" time="0.0013921260833740234"></testcase><testcase classname="src.pymortests.vectorarray" file="src/pymortests/vectorarray.py" line="816" name="test_sub[compatible_vector_array_pair5-&lt;lambda&gt;8]" time="0.002000093460083008"></testcase><testcase classname="src.pymortests.vectorarray" file="src/pymortests/vectorarray.py" line="816" name="test_sub[compatible_vector_array_pair5-&lt;lambda&gt;9]" time="0.005218982696533203"></testcase><testcase classname="src.pymortests.vectorarray" file="src/pymortests/vectorarray.py" line="816" name="test_sub[compatible_vector_array_pair5-&lt;lambda&gt;10]" time="0.009871482849121094"></testcase><testcase classname="src.pymortests.vectorarray" file="src/pymortests/vectorarray.py" line="816" name="test_sub[compatible_vector_array_pair5-&lt;lambda&gt;11]" time="0.0018720626831054688"></testcase><testcase classname="src.pymortests.vectorarray" file="src/pymortests/vectorarray.py" line="816" name="test_sub[compatible_vector_array_pair5-&lt;lambda&gt;12]" time="0.001901388168334961"></testcase><testcase classname="src.pymortests.vectorarray" file="src/pymortests/vectorarray.py" line="816" name="test_sub[compatible_vector_array_pair5-&lt;lambda&gt;13]" time="0.002048969268798828"></testcase><testcase classname="src.pymortests.vectorarray" file="src/pymortests/vectorarray.py" line="816" name="test_sub[compatible_vector_array_pair5-&lt;lambda&gt;14]" time="0.0018801689147949219"></testcase><testcase classname="src.pymortests.vectorarray" file="src/pymortests/vectorarray.py" line="816" name="test_sub[compatible_vector_array_pair5-&lt;lambda&gt;15]" time="0.002374410629272461"></testcase><testcase classname="src.pymortests.vectorarray" file="src/pymortests/vectorarray.py" line="816" name="test_sub[compatible_vector_array_pair5-&lt;lambda&gt;16]" time="0.0025682449340820312"></testcase><testcase classname="src.pymortests.vectorarray" file="src/pymortests/vectorarray.py" line="816" name="test_sub[compatible_vector_array_pair5-&lt;lambda&gt;17]" time="0.0024847984313964844"></testcase><testcase classname="src.pymortests.vectorarray" file="src/pymortests/vectorarray.py" line="816" name="test_sub[compatible_vector_array_pair5-&lt;lambda&gt;18]" time="0.002069711685180664"></testcase><testcase classname="src.pymortests.vectorarray" file="src/pymortests/vectorarray.py" line="816" name="test_sub[compatible_vector_array_pair5-&lt;lambda&gt;19]" time="0.0021419525146484375"></testcase><testcase classname="src.pymortests.vectorarray" file="src/pymortests/vectorarray.py" line="816" name="test_sub[compatible_vector_array_pair5-&lt;lambda&gt;20]" time="0.025674819946289062"></testcase><testcase classname="src.pymortests.vectorarray" file="src/pymortests/vectorarray.py" line="816" name="test_sub[compatible_vector_array_pair5-&lt;lambda&gt;21]" time="0.018363475799560547"></testcase><testcase classname="src.pymortests.vectorarray" file="src/pymortests/vectorarray.py" line="816" name="test_sub[compatible_vector_array_pair5-&lt;lambda&gt;22]" time="0.052503347396850586"></testcase><testcase classname="src.pymortests.vectorarray" file="src/pymortests/vectorarray.py" line="816" name="test_sub[compatible_vector_array_pair5-&lt;lambda&gt;23]" time="0.0038411617279052734"></testcase><testcase classname="src.pymortests.vectorarray" file="src/pymortests/vectorarray.py" line="816" name="test_sub[compatible_vector_array_pair5-&lt;lambda&gt;24]" time="0.0013730525970458984"></testcase><testcase classname="src.pymortests.vectorarray" file="src/pymortests/vectorarray.py" line="816" name="test_sub[compatible_vector_array_pair5-&lt;lambda&gt;25]" time="0.0023429393768310547"></testcase><testcase classname="src.pymortests.vectorarray" file="src/pymortests/vectorarray.py" line="816" name="test_sub[compatible_vector_array_pair5-&lt;lambda&gt;26]" time="0.024147748947143555"></testcase><testcase classname="src.pymortests.vectorarray" file="src/pymortests/vectorarray.py" line="816" name="test_sub[compatible_vector_array_pair5-&lt;lambda&gt;27]" time="0.12147855758666992"></testcase><testcase classname="src.pymortests.vectorarray" file="src/pymortests/vectorarray.py" line="816" name="test_sub[compatible_vector_array_pair5-&lt;lambda&gt;28]" time="0.3237318992614746"></testcase><testcase classname="src.pymortests.vectorarray" file="src/pymortests/vectorarray.py" line="816" name="test_sub[compatible_vector_array_pair5-&lt;lambda&gt;29]" time="0.009953737258911133"></testcase><testcase classname="src.pymortests.vectorarray" file="src/pymortests/vectorarray.py" line="816" name="test_sub[compatible_vector_array_pair6-&lt;lambda&gt;0]" time="0.0018939971923828125"></testcase><testcase classname="src.pymortests.vectorarray" file="src/pymortests/vectorarray.py" line="816" name="test_sub[compatible_vector_array_pair6-&lt;lambda&gt;1]" time="0.0016436576843261719"></testcase><testcase classname="src.pymortests.vectorarray" file="src/pymortests/vectorarray.py" line="816" name="test_sub[compatible_vector_array_pair6-&lt;lambda&gt;2]" time="0.0016214847564697266"></testcase><testcase classname="src.pymortests.vectorarray" file="src/pymortests/vectorarray.py" line="816" name="test_sub[compatible_vector_array_pair6-&lt;lambda&gt;3]" time="0.001661539077758789"></testcase><testcase classname="src.pymortests.vectorarray" file="src/pymortests/vectorarray.py" line="816" name="test_sub[compatible_vector_array_pair6-&lt;lambda&gt;4]" time="0.0015091896057128906"></testcase><testcase classname="src.pymortests.vectorarray" file="src/pymortests/vectorarray.py" line="816" name="test_sub[compatible_vector_array_pair6-&lt;lambda&gt;5]" time="0.0016465187072753906"></testcase><testcase classname="src.pymortests.vectorarray" file="src/pymortests/vectorarray.py" line="816" name="test_sub[compatible_vector_array_pair6-&lt;lambda&gt;6]" time="0.00139617919921875"></testcase><testcase classname="src.pymortests.vectorarray" file="src/pymortests/vectorarray.py" line="816" name="test_sub[compatible_vector_array_pair6-&lt;lambda&gt;7]" time="0.0014443397521972656"></testcase><testcase classname="src.pymortests.vectorarray" file="src/pymortests/vectorarray.py" line="816" name="test_sub[compatible_vector_array_pair6-&lt;lambda&gt;8]" time="0.0018513202667236328"></testcase><testcase classname="src.pymortests.vectorarray" file="src/pymortests/vectorarray.py" line="816" name="test_sub[compatible_vector_array_pair6-&lt;lambda&gt;9]" time="0.0050716400146484375"></testcase><testcase classname="src.pymortests.vectorarray" file="src/pymortests/vectorarray.py" line="816" name="test_sub[compatible_vector_array_pair6-&lt;lambda&gt;10]" time="0.009608745574951172"></testcase><testcase classname="src.pymortests.vectorarray" file="src/pymortests/vectorarray.py" line="816" name="test_sub[compatible_vector_array_pair6-&lt;lambda&gt;11]" time="0.0017862319946289062"></testcase><testcase classname="src.pymortests.vectorarray" file="src/pymortests/vectorarray.py" line="816" name="test_sub[compatible_vector_array_pair6-&lt;lambda&gt;12]" time="0.0018391609191894531"></testcase><testcase classname="src.pymortests.vectorarray" file="src/pymortests/vectorarray.py" line="816" name="test_sub[compatible_vector_array_pair6-&lt;lambda&gt;13]" time="0.0020127296447753906"></testcase><testcase classname="src.pymortests.vectorarray" file="src/pymortests/vectorarray.py" line="816" name="test_sub[compatible_vector_array_pair6-&lt;lambda&gt;14]" time="0.0018668174743652344"></testcase><testcase classname="src.pymortests.vectorarray" file="src/pymortests/vectorarray.py" line="816" name="test_sub[compatible_vector_array_pair6-&lt;lambda&gt;15]" time="0.0023810863494873047"></testcase><testcase classname="src.pymortests.vectorarray" file="src/pymortests/vectorarray.py" line="816" name="test_sub[compatible_vector_array_pair6-&lt;lambda&gt;16]" time="0.002523183822631836"></testcase><testcase classname="src.pymortests.vectorarray" file="src/pymortests/vectorarray.py" line="816" name="test_sub[compatible_vector_array_pair6-&lt;lambda&gt;17]" time="0.002379894256591797"></testcase><testcase classname="src.pymortests.vectorarray" file="src/pymortests/vectorarray.py" line="816" name="test_sub[compatible_vector_array_pair6-&lt;lambda&gt;18]" time="0.0021255016326904297"></testcase><testcase classname="src.pymortests.vectorarray" file="src/pymortests/vectorarray.py" line="816" name="test_sub[compatible_vector_array_pair6-&lt;lambda&gt;19]" time="0.002135753631591797"></testcase><testcase classname="src.pymortests.vectorarray" file="src/pymortests/vectorarray.py" line="816" name="test_sub[compatible_vector_array_pair6-&lt;lambda&gt;20]" time="0.028821945190429688"></testcase><testcase classname="src.pymortests.vectorarray" file="src/pymortests/vectorarray.py" line="816" name="test_sub[compatible_vector_array_pair6-&lt;lambda&gt;21]" time="0.018663883209228516"></testcase><testcase classname="src.pymortests.vectorarray" file="src/pymortests/vectorarray.py" line="816" name="test_sub[compatible_vector_array_pair6-&lt;lambda&gt;22]" time="0.052698373794555664"></testcase><testcase classname="src.pymortests.vectorarray" file="src/pymortests/vectorarray.py" line="816" name="test_sub[compatible_vector_array_pair6-&lt;lambda&gt;23]" time="0.0038886070251464844"></testcase><testcase classname="src.pymortests.vectorarray" file="src/pymortests/vectorarray.py" line="816" name="test_sub[compatible_vector_array_pair6-&lt;lambda&gt;24]" time="0.0014119148254394531"></testcase><testcase classname="src.pymortests.vectorarray" file="src/pymortests/vectorarray.py" line="816" name="test_sub[compatible_vector_array_pair6-&lt;lambda&gt;25]" time="0.0024008750915527344"></testcase><testcase classname="src.pymortests.vectorarray" file="src/pymortests/vectorarray.py" line="816" name="test_sub[compatible_vector_array_pair6-&lt;lambda&gt;26]" time="0.024025440216064453"></testcase><testcase classname="src.pymortests.vectorarray" file="src/pymortests/vectorarray.py" line="816" name="test_sub[compatible_vector_array_pair6-&lt;lambda&gt;27]" time="0.12319135665893555"></testcase><testcase classname="src.pymortests.vectorarray" file="src/pymortests/vectorarray.py" line="816" name="test_sub[compatible_vector_array_pair6-&lt;lambda&gt;28]" time="0.3218963146209717"></testcase><testcase classname="src.pymortests.vectorarray" file="src/pymortests/vectorarray.py" line="816" name="test_sub[compatible_vector_array_pair6-&lt;lambda&gt;29]" time="0.01016998291015625"></testcase><testcase classname="src.pymortests.vectorarray" file="src/pymortests/vectorarray.py" line="816" name="test_sub[compatible_vector_array_pair7-&lt;lambda&gt;0]" time="0.002233266830444336"></testcase><testcase classname="src.pymortests.vectorarray" file="src/pymortests/vectorarray.py" line="816" name="test_sub[compatible_vector_array_pair7-&lt;lambda&gt;1]" time="0.0017018318176269531"></testcase><testcase classname="src.pymortests.vectorarray" file="src/pymortests/vectorarray.py" line="816" name="test_sub[compatible_vector_array_pair7-&lt;lambda&gt;2]" time="0.0016336441040039062"></testcase><testcase classname="src.pymortests.vectorarray" file="src/pymortests/vectorarray.py" line="816" name="test_sub[compatible_vector_array_pair7-&lt;lambda&gt;3]" time="0.0016522407531738281"></testcase><testcase classname="src.pymortests.vectorarray" file="src/pymortests/vectorarray.py" line="816" name="test_sub[compatible_vector_array_pair7-&lt;lambda&gt;4]" time="0.0015347003936767578"></testcase><testcase classname="src.pymortests.vectorarray" file="src/pymortests/vectorarray.py" line="816" name="test_sub[compatible_vector_array_pair7-&lt;lambda&gt;5]" time="0.001451730728149414"></testcase><testcase classname="src.pymortests.vectorarray" file="src/pymortests/vectorarray.py" line="816" name="test_sub[compatible_vector_array_pair7-&lt;lambda&gt;6]" time="0.0013689994812011719"></testcase><testcase classname="src.pymortests.vectorarray" file="src/pymortests/vectorarray.py" line="816" name="test_sub[compatible_vector_array_pair7-&lt;lambda&gt;7]" time="0.00146484375"></testcase><testcase classname="src.pymortests.vectorarray" file="src/pymortests/vectorarray.py" line="816" name="test_sub[compatible_vector_array_pair7-&lt;lambda&gt;8]" time="0.0019915103912353516"></testcase><testcase classname="src.pymortests.vectorarray" file="src/pymortests/vectorarray.py" line="816" name="test_sub[compatible_vector_array_pair7-&lt;lambda&gt;9]" time="0.0049288272857666016"></testcase><testcase classname="src.pymortests.vectorarray" file="src/pymortests/vectorarray.py" line="816" name="test_sub[compatible_vector_array_pair7-&lt;lambda&gt;10]" time="0.009809255599975586"></testcase><testcase classname="src.pymortests.vectorarray" file="src/pymortests/vectorarray.py" line="816" name="test_sub[compatible_vector_array_pair7-&lt;lambda&gt;11]" time="0.0017867088317871094"></testcase><testcase classname="src.pymortests.vectorarray" file="src/pymortests/vectorarray.py" line="816" name="test_sub[compatible_vector_array_pair7-&lt;lambda&gt;12]" time="0.001870870590209961"></testcase><testcase classname="src.pymortests.vectorarray" file="src/pymortests/vectorarray.py" line="816" name="test_sub[compatible_vector_array_pair7-&lt;lambda&gt;13]" time="0.002134561538696289"></testcase><testcase classname="src.pymortests.vectorarray" file="src/pymortests/vectorarray.py" line="816" name="test_sub[compatible_vector_array_pair7-&lt;lambda&gt;14]" time="0.00200653076171875"></testcase><testcase classname="src.pymortests.vectorarray" file="src/pymortests/vectorarray.py" line="816" name="test_sub[compatible_vector_array_pair7-&lt;lambda&gt;15]" time="0.0024747848510742188"></testcase><testcase classname="src.pymortests.vectorarray" file="src/pymortests/vectorarray.py" line="816" name="test_sub[compatible_vector_array_pair7-&lt;lambda&gt;16]" time="0.0026268959045410156"></testcase><testcase classname="src.pymortests.vectorarray" file="src/pymortests/vectorarray.py" line="816" name="test_sub[compatible_vector_array_pair7-&lt;lambda&gt;17]" time="0.002522706985473633"></testcase><testcase classname="src.pymortests.vectorarray" file="src/pymortests/vectorarray.py" line="816" name="test_sub[compatible_vector_array_pair7-&lt;lambda&gt;18]" time="0.002193450927734375"></testcase><testcase classname="src.pymortests.vectorarray" file="src/pymortests/vectorarray.py" line="816" name="test_sub[compatible_vector_array_pair7-&lt;lambda&gt;19]" time="0.0022127628326416016"></testcase><testcase classname="src.pymortests.vectorarray" file="src/pymortests/vectorarray.py" line="816" name="test_sub[compatible_vector_array_pair7-&lt;lambda&gt;20]" time="0.026083707809448242"></testcase><testcase classname="src.pymortests.vectorarray" file="src/pymortests/vectorarray.py" line="816" name="test_sub[compatible_vector_array_pair7-&lt;lambda&gt;21]" time="0.01867055892944336"></testcase><testcase classname="src.pymortests.vectorarray" file="src/pymortests/vectorarray.py" line="816" name="test_sub[compatible_vector_array_pair7-&lt;lambda&gt;22]" time="0.05513763427734375"></testcase><testcase classname="src.pymortests.vectorarray" file="src/pymortests/vectorarray.py" line="816" name="test_sub[compatible_vector_array_pair7-&lt;lambda&gt;23]" time="0.0038340091705322266"></testcase><testcase classname="src.pymortests.vectorarray" file="src/pymortests/vectorarray.py" line="816" name="test_sub[compatible_vector_array_pair7-&lt;lambda&gt;24]" time="0.001348257064819336"></testcase><testcase classname="src.pymortests.vectorarray" file="src/pymortests/vectorarray.py" line="816" name="test_sub[compatible_vector_array_pair7-&lt;lambda&gt;25]" time="0.0022864341735839844"></testcase><testcase classname="src.pymortests.vectorarray" file="src/pymortests/vectorarray.py" line="816" name="test_sub[compatible_vector_array_pair7-&lt;lambda&gt;26]" time="0.024220705032348633"></testcase><testcase classname="src.pymortests.vectorarray" file="src/pymortests/vectorarray.py" line="816" name="test_sub[compatible_vector_array_pair7-&lt;lambda&gt;27]" time="0.12261462211608887"></testcase><testcase classname="src.pymortests.vectorarray" file="src/pymortests/vectorarray.py" line="816" name="test_sub[compatible_vector_array_pair7-&lt;lambda&gt;28]" time="0.3231375217437744"></testcase><testcase classname="src.pymortests.vectorarray" file="src/pymortests/vectorarray.py" line="816" name="test_sub[compatible_vector_array_pair7-&lt;lambda&gt;29]" time="0.00984644889831543"></testcase><testcase classname="src.pymortests.vectorarray" file="src/pymortests/vectorarray.py" line="816" name="test_sub[compatible_vector_array_pair8-&lt;lambda&gt;0]" time="0.002170562744140625"></testcase><testcase classname="src.pymortests.vectorarray" file="src/pymortests/vectorarray.py" line="816" name="test_sub[compatible_vector_array_pair8-&lt;lambda&gt;1]" time="0.001646280288696289"></testcase><testcase classname="src.pymortests.vectorarray" file="src/pymortests/vectorarray.py" line="816" name="test_sub[compatible_vector_array_pair8-&lt;lambda&gt;2]" time="0.001585245132446289"></testcase><testcase classname="src.pymortests.vectorarray" file="src/pymortests/vectorarray.py" line="816" name="test_sub[compatible_vector_array_pair8-&lt;lambda&gt;3]" time="0.0016217231750488281"></testcase><testcase classname="src.pymortests.vectorarray" file="src/pymortests/vectorarray.py" line="816" name="test_sub[compatible_vector_array_pair8-&lt;lambda&gt;4]" time="0.0015130043029785156"></testcase><testcase classname="src.pymortests.vectorarray" file="src/pymortests/vectorarray.py" line="816" name="test_sub[compatible_vector_array_pair8-&lt;lambda&gt;5]" time="0.0013742446899414062"></testcase><testcase classname="src.pymortests.vectorarray" file="src/pymortests/vectorarray.py" line="816" name="test_sub[compatible_vector_array_pair8-&lt;lambda&gt;6]" time="0.001356363296508789"></testcase><testcase classname="src.pymortests.vectorarray" file="src/pymortests/vectorarray.py" line="816" name="test_sub[compatible_vector_array_pair8-&lt;lambda&gt;7]" time="0.0013952255249023438"></testcase><testcase classname="src.pymortests.vectorarray" file="src/pymortests/vectorarray.py" line="816" name="test_sub[compatible_vector_array_pair8-&lt;lambda&gt;8]" time="0.0018985271453857422"></testcase><testcase classname="src.pymortests.vectorarray" file="src/pymortests/vectorarray.py" line="816" name="test_sub[compatible_vector_array_pair8-&lt;lambda&gt;9]" time="0.004888772964477539"></testcase><testcase classname="src.pymortests.vectorarray" file="src/pymortests/vectorarray.py" line="816" name="test_sub[compatible_vector_array_pair8-&lt;lambda&gt;10]" time="0.009984970092773438"></testcase><testcase classname="src.pymortests.vectorarray" file="src/pymortests/vectorarray.py" line="816" name="test_sub[compatible_vector_array_pair8-&lt;lambda&gt;11]" time="0.0017230510711669922"></testcase><testcase classname="src.pymortests.vectorarray" file="src/pymortests/vectorarray.py" line="816" name="test_sub[compatible_vector_array_pair8-&lt;lambda&gt;12]" time="0.0019378662109375"></testcase><testcase classname="src.pymortests.vectorarray" file="src/pymortests/vectorarray.py" line="816" name="test_sub[compatible_vector_array_pair8-&lt;lambda&gt;13]" time="0.002091646194458008"></testcase><testcase classname="src.pymortests.vectorarray" file="src/pymortests/vectorarray.py" line="816" name="test_sub[compatible_vector_array_pair8-&lt;lambda&gt;14]" time="0.001934051513671875"></testcase><testcase classname="src.pymortests.vectorarray" file="src/pymortests/vectorarray.py" line="816" name="test_sub[compatible_vector_array_pair8-&lt;lambda&gt;15]" time="0.0024695396423339844"></testcase><testcase classname="src.pymortests.vectorarray" file="src/pymortests/vectorarray.py" line="816" name="test_sub[compatible_vector_array_pair8-&lt;lambda&gt;16]" time="0.0025756359100341797"></testcase><testcase classname="src.pymortests.vectorarray" file="src/pymortests/vectorarray.py" line="816" name="test_sub[compatible_vector_array_pair8-&lt;lambda&gt;17]" time="0.00246429443359375"></testcase><testcase classname="src.pymortests.vectorarray" file="src/pymortests/vectorarray.py" line="816" name="test_sub[compatible_vector_array_pair8-&lt;lambda&gt;18]" time="0.0021216869354248047"></testcase><testcase classname="src.pymortests.vectorarray" file="src/pymortests/vectorarray.py" line="816" name="test_sub[compatible_vector_array_pair8-&lt;lambda&gt;19]" time="0.002152681350708008"></testcase><testcase classname="src.pymortests.vectorarray" file="src/pymortests/vectorarray.py" line="816" name="test_sub[compatible_vector_array_pair8-&lt;lambda&gt;20]" time="0.026268482208251953"></testcase><testcase classname="src.pymortests.vectorarray" file="src/pymortests/vectorarray.py" line="816" name="test_sub[compatible_vector_array_pair8-&lt;lambda&gt;21]" time="0.018714189529418945"></testcase><testcase classname="src.pymortests.vectorarray" file="src/pymortests/vectorarray.py" line="816" name="test_sub[compatible_vector_array_pair8-&lt;lambda&gt;22]" time="0.053952932357788086"></testcase><testcase classname="src.pymortests.vectorarray" file="src/pymortests/vectorarray.py" line="816" name="test_sub[compatible_vector_array_pair8-&lt;lambda&gt;23]" time="0.004029273986816406"></testcase><testcase classname="src.pymortests.vectorarray" file="src/pymortests/vectorarray.py" line="816" name="test_sub[compatible_vector_array_pair8-&lt;lambda&gt;24]" time="0.0014655590057373047"></testcase><testcase classname="src.pymortests.vectorarray" file="src/pymortests/vectorarray.py" line="816" name="test_sub[compatible_vector_array_pair8-&lt;lambda&gt;25]" time="0.0023250579833984375"></testcase><testcase classname="src.pymortests.vectorarray" file="src/pymortests/vectorarray.py" line="816" name="test_sub[compatible_vector_array_pair8-&lt;lambda&gt;26]" time="0.0243070125579834"></testcase><testcase classname="src.pymortests.vectorarray" file="src/pymortests/vectorarray.py" line="816" name="test_sub[compatible_vector_array_pair8-&lt;lambda&gt;27]" time="0.12240266799926758"></testcase><testcase classname="src.pymortests.vectorarray" file="src/pymortests/vectorarray.py" line="816" name="test_sub[compatible_vector_array_pair8-&lt;lambda&gt;28]" time="0.32680654525756836"></testcase><testcase classname="src.pymortests.vectorarray" file="src/pymortests/vectorarray.py" line="816" name="test_sub[compatible_vector_array_pair8-&lt;lambda&gt;29]" time="0.01011800765991211"></testcase><testcase classname="src.pymortests.vectorarray" file="src/pymortests/vectorarray.py" line="829" name="test_isub[compatible_vector_array_pair0-&lt;lambda&gt;0]" time="0.0021212100982666016"></testcase><testcase classname="src.pymortests.vectorarray" file="src/pymortests/vectorarray.py" line="829" name="test_isub[compatible_vector_array_pair0-&lt;lambda&gt;1]" time="0.0014989376068115234"></testcase><testcase classname="src.pymortests.vectorarray" file="src/pymortests/vectorarray.py" line="829" name="test_isub[compatible_vector_array_pair0-&lt;lambda&gt;2]" time="0.0014109611511230469"></testcase><testcase classname="src.pymortests.vectorarray" file="src/pymortests/vectorarray.py" line="829" name="test_isub[compatible_vector_array_pair0-&lt;lambda&gt;3]" time="0.001554250717163086"></testcase><testcase classname="src.pymortests.vectorarray" file="src/pymortests/vectorarray.py" line="829" name="test_isub[compatible_vector_array_pair0-&lt;lambda&gt;4]" time="0.0014081001281738281"></testcase><testcase classname="src.pymortests.vectorarray" file="src/pymortests/vectorarray.py" line="829" name="test_isub[compatible_vector_array_pair0-&lt;lambda&gt;5]" time="0.0013604164123535156"></testcase><testcase classname="src.pymortests.vectorarray" file="src/pymortests/vectorarray.py" line="829" name="test_isub[compatible_vector_array_pair0-&lt;lambda&gt;6]" time="0.0013506412506103516"></testcase><testcase classname="src.pymortests.vectorarray" file="src/pymortests/vectorarray.py" line="829" name="test_isub[compatible_vector_array_pair0-&lt;lambda&gt;7]" time="0.0012729167938232422"></testcase><testcase classname="src.pymortests.vectorarray" file="src/pymortests/vectorarray.py" line="829" name="test_isub[compatible_vector_array_pair0-&lt;lambda&gt;8]" time="0.0015985965728759766"></testcase><testcase classname="src.pymortests.vectorarray" file="src/pymortests/vectorarray.py" line="829" name="test_isub[compatible_vector_array_pair0-&lt;lambda&gt;9]" time="0.003275632858276367"></testcase><testcase classname="src.pymortests.vectorarray" file="src/pymortests/vectorarray.py" line="829" name="test_isub[compatible_vector_array_pair0-&lt;lambda&gt;10]" time="0.005895376205444336"></testcase><testcase classname="src.pymortests.vectorarray" file="src/pymortests/vectorarray.py" line="829" name="test_isub[compatible_vector_array_pair0-&lt;lambda&gt;11]" time="0.0015635490417480469"></testcase><testcase classname="src.pymortests.vectorarray" file="src/pymortests/vectorarray.py" line="829" name="test_isub[compatible_vector_array_pair0-&lt;lambda&gt;12]" time="0.0016264915466308594"></testcase><testcase classname="src.pymortests.vectorarray" file="src/pymortests/vectorarray.py" line="829" name="test_isub[compatible_vector_array_pair0-&lt;lambda&gt;13]" time="0.0017404556274414062"></testcase><testcase classname="src.pymortests.vectorarray" file="src/pymortests/vectorarray.py" line="829" name="test_isub[compatible_vector_array_pair0-&lt;lambda&gt;14]" time="0.0017614364624023438"></testcase><testcase classname="src.pymortests.vectorarray" file="src/pymortests/vectorarray.py" line="829" name="test_isub[compatible_vector_array_pair0-&lt;lambda&gt;15]" time="0.001986265182495117"></testcase><testcase classname="src.pymortests.vectorarray" file="src/pymortests/vectorarray.py" line="829" name="test_isub[compatible_vector_array_pair0-&lt;lambda&gt;16]" time="0.0022182464599609375"></testcase><testcase classname="src.pymortests.vectorarray" file="src/pymortests/vectorarray.py" line="829" name="test_isub[compatible_vector_array_pair0-&lt;lambda&gt;17]" time="0.00202178955078125"></testcase><testcase classname="src.pymortests.vectorarray" file="src/pymortests/vectorarray.py" line="829" name="test_isub[compatible_vector_array_pair0-&lt;lambda&gt;18]" time="0.0020122528076171875"></testcase><testcase classname="src.pymortests.vectorarray" file="src/pymortests/vectorarray.py" line="829" name="test_isub[compatible_vector_array_pair0-&lt;lambda&gt;19]" time="0.002096891403198242"></testcase><testcase classname="src.pymortests.vectorarray" file="src/pymortests/vectorarray.py" line="829" name="test_isub[compatible_vector_array_pair0-&lt;lambda&gt;20]" time="0.02622675895690918"></testcase><testcase classname="src.pymortests.vectorarray" file="src/pymortests/vectorarray.py" line="829" name="test_isub[compatible_vector_array_pair0-&lt;lambda&gt;21]" time="0.016213417053222656"></testcase><testcase classname="src.pymortests.vectorarray" file="src/pymortests/vectorarray.py" line="829" name="test_isub[compatible_vector_array_pair0-&lt;lambda&gt;22]" time="0.04621696472167969"></testcase><testcase classname="src.pymortests.vectorarray" file="src/pymortests/vectorarray.py" line="829" name="test_isub[compatible_vector_array_pair0-&lt;lambda&gt;23]" time="0.0036933422088623047"></testcase><testcase classname="src.pymortests.vectorarray" file="src/pymortests/vectorarray.py" line="829" name="test_isub[compatible_vector_array_pair0-&lt;lambda&gt;24]" time="0.001322031021118164"></testcase><testcase classname="src.pymortests.vectorarray" file="src/pymortests/vectorarray.py" line="829" name="test_isub[compatible_vector_array_pair0-&lt;lambda&gt;25]" time="0.002139568328857422"></testcase><testcase classname="src.pymortests.vectorarray" file="src/pymortests/vectorarray.py" line="829" name="test_isub[compatible_vector_array_pair0-&lt;lambda&gt;26]" time="0.02243661880493164"></testcase><testcase classname="src.pymortests.vectorarray" file="src/pymortests/vectorarray.py" line="829" name="test_isub[compatible_vector_array_pair0-&lt;lambda&gt;27]" time="0.07660317420959473"></testcase><testcase classname="src.pymortests.vectorarray" file="src/pymortests/vectorarray.py" line="829" name="test_isub[compatible_vector_array_pair0-&lt;lambda&gt;28]" time="0.21644330024719238"></testcase><testcase classname="src.pymortests.vectorarray" file="src/pymortests/vectorarray.py" line="829" name="test_isub[compatible_vector_array_pair0-&lt;lambda&gt;29]" time="0.00783085823059082"></testcase><testcase classname="src.pymortests.vectorarray" file="src/pymortests/vectorarray.py" line="829" name="test_isub[compatible_vector_array_pair1-&lt;lambda&gt;0]" time="0.002044200897216797"></testcase><testcase classname="src.pymortests.vectorarray" file="src/pymortests/vectorarray.py" line="829" name="test_isub[compatible_vector_array_pair1-&lt;lambda&gt;1]" time="0.0015497207641601562"></testcase><testcase classname="src.pymortests.vectorarray" file="src/pymortests/vectorarray.py" line="829" name="test_isub[compatible_vector_array_pair1-&lt;lambda&gt;2]" time="0.001432657241821289"></testcase><testcase classname="src.pymortests.vectorarray" file="src/pymortests/vectorarray.py" line="829" name="test_isub[compatible_vector_array_pair1-&lt;lambda&gt;3]" time="0.0015573501586914062"></testcase><testcase classname="src.pymortests.vectorarray" file="src/pymortests/vectorarray.py" line="829" name="test_isub[compatible_vector_array_pair1-&lt;lambda&gt;4]" time="0.0015056133270263672"></testcase><testcase classname="src.pymortests.vectorarray" file="src/pymortests/vectorarray.py" line="829" name="test_isub[compatible_vector_array_pair1-&lt;lambda&gt;5]" time="0.0013844966888427734"></testcase><testcase classname="src.pymortests.vectorarray" file="src/pymortests/vectorarray.py" line="829" name="test_isub[compatible_vector_array_pair1-&lt;lambda&gt;6]" time="0.0012669563293457031"></testcase><testcase classname="src.pymortests.vectorarray" file="src/pymortests/vectorarray.py" line="829" name="test_isub[compatible_vector_array_pair1-&lt;lambda&gt;7]" time="0.001346588134765625"></testcase><testcase classname="src.pymortests.vectorarray" file="src/pymortests/vectorarray.py" line="829" name="test_isub[compatible_vector_array_pair1-&lt;lambda&gt;8]" time="0.0016665458679199219"></testcase><testcase classname="src.pymortests.vectorarray" file="src/pymortests/vectorarray.py" line="829" name="test_isub[compatible_vector_array_pair1-&lt;lambda&gt;9]" time="0.0033257007598876953"></testcase><testcase classname="src.pymortests.vectorarray" file="src/pymortests/vectorarray.py" line="829" name="test_isub[compatible_vector_array_pair1-&lt;lambda&gt;10]" time="0.006297111511230469"></testcase><testcase classname="src.pymortests.vectorarray" file="src/pymortests/vectorarray.py" line="829" name="test_isub[compatible_vector_array_pair1-&lt;lambda&gt;11]" time="0.0015282630920410156"></testcase><testcase classname="src.pymortests.vectorarray" file="src/pymortests/vectorarray.py" line="829" name="test_isub[compatible_vector_array_pair1-&lt;lambda&gt;12]" time="0.0016498565673828125"></testcase><testcase classname="src.pymortests.vectorarray" file="src/pymortests/vectorarray.py" line="829" name="test_isub[compatible_vector_array_pair1-&lt;lambda&gt;13]" time="0.0017821788787841797"></testcase><testcase classname="src.pymortests.vectorarray" file="src/pymortests/vectorarray.py" line="829" name="test_isub[compatible_vector_array_pair1-&lt;lambda&gt;14]" time="0.0017266273498535156"></testcase><testcase classname="src.pymortests.vectorarray" file="src/pymortests/vectorarray.py" line="829" name="test_isub[compatible_vector_array_pair1-&lt;lambda&gt;15]" time="0.002003192901611328"></testcase><testcase classname="src.pymortests.vectorarray" file="src/pymortests/vectorarray.py" line="829" name="test_isub[compatible_vector_array_pair1-&lt;lambda&gt;16]" time="0.0022530555725097656"></testcase><testcase classname="src.pymortests.vectorarray" file="src/pymortests/vectorarray.py" line="829" name="test_isub[compatible_vector_array_pair1-&lt;lambda&gt;17]" time="0.0020987987518310547"></testcase><testcase classname="src.pymortests.vectorarray" file="src/pymortests/vectorarray.py" line="829" name="test_isub[compatible_vector_array_pair1-&lt;lambda&gt;18]" time="0.002023458480834961"></testcase><testcase classname="src.pymortests.vectorarray" file="src/pymortests/vectorarray.py" line="829" name="test_isub[compatible_vector_array_pair1-&lt;lambda&gt;19]" time="0.0020787715911865234"></testcase><testcase classname="src.pymortests.vectorarray" file="src/pymortests/vectorarray.py" line="829" name="test_isub[compatible_vector_array_pair1-&lt;lambda&gt;20]" time="0.025970458984375"></testcase><testcase classname="src.pymortests.vectorarray" file="src/pymortests/vectorarray.py" line="829" name="test_isub[compatible_vector_array_pair1-&lt;lambda&gt;21]" time="0.016154050827026367"></testcase><testcase classname="src.pymortests.vectorarray" file="src/pymortests/vectorarray.py" line="829" name="test_isub[compatible_vector_array_pair1-&lt;lambda&gt;22]" time="0.046900272369384766"></testcase><testcase classname="src.pymortests.vectorarray" file="src/pymortests/vectorarray.py" line="829" name="test_isub[compatible_vector_array_pair1-&lt;lambda&gt;23]" time="0.0037338733673095703"></testcase><testcase classname="src.pymortests.vectorarray" file="src/pymortests/vectorarray.py" line="829" name="test_isub[compatible_vector_array_pair1-&lt;lambda&gt;24]" time="0.0013501644134521484"></testcase><testcase classname="src.pymortests.vectorarray" file="src/pymortests/vectorarray.py" line="829" name="test_isub[compatible_vector_array_pair1-&lt;lambda&gt;25]" time="0.002298116683959961"></testcase><testcase classname="src.pymortests.vectorarray" file="src/pymortests/vectorarray.py" line="829" name="test_isub[compatible_vector_array_pair1-&lt;lambda&gt;26]" time="0.023036479949951172"></testcase><testcase classname="src.pymortests.vectorarray" file="src/pymortests/vectorarray.py" line="829" name="test_isub[compatible_vector_array_pair1-&lt;lambda&gt;27]" time="0.07707929611206055"></testcase><testcase classname="src.pymortests.vectorarray" file="src/pymortests/vectorarray.py" line="829" name="test_isub[compatible_vector_array_pair1-&lt;lambda&gt;28]" time="0.21750783920288086"></testcase><testcase classname="src.pymortests.vectorarray" file="src/pymortests/vectorarray.py" line="829" name="test_isub[compatible_vector_array_pair1-&lt;lambda&gt;29]" time="0.007904291152954102"></testcase><testcase classname="src.pymortests.vectorarray" file="src/pymortests/vectorarray.py" line="829" name="test_isub[compatible_vector_array_pair2-&lt;lambda&gt;0]" time="0.002023458480834961"></testcase><testcase classname="src.pymortests.vectorarray" file="src/pymortests/vectorarray.py" line="829" name="test_isub[compatible_vector_array_pair2-&lt;lambda&gt;1]" time="0.0014691352844238281"></testcase><testcase classname="src.pymortests.vectorarray" file="src/pymortests/vectorarray.py" line="829" name="test_isub[compatible_vector_array_pair2-&lt;lambda&gt;2]" time="0.0014636516571044922"></testcase><testcase classname="src.pymortests.vectorarray" file="src/pymortests/vectorarray.py" line="829" name="test_isub[compatible_vector_array_pair2-&lt;lambda&gt;3]" time="0.0015723705291748047"></testcase><testcase classname="src.pymortests.vectorarray" file="src/pymortests/vectorarray.py" line="829" name="test_isub[compatible_vector_array_pair2-&lt;lambda&gt;4]" time="0.0014314651489257812"></testcase><testcase classname="src.pymortests.vectorarray" file="src/pymortests/vectorarray.py" line="829" name="test_isub[compatible_vector_array_pair2-&lt;lambda&gt;5]" time="0.0013766288757324219"></testcase><testcase classname="src.pymortests.vectorarray" file="src/pymortests/vectorarray.py" line="829" name="test_isub[compatible_vector_array_pair2-&lt;lambda&gt;6]" time="0.0013532638549804688"></testcase><testcase classname="src.pymortests.vectorarray" file="src/pymortests/vectorarray.py" line="829" name="test_isub[compatible_vector_array_pair2-&lt;lambda&gt;7]" time="0.001401662826538086"></testcase><testcase classname="src.pymortests.vectorarray" file="src/pymortests/vectorarray.py" line="829" name="test_isub[compatible_vector_array_pair2-&lt;lambda&gt;8]" time="0.001688241958618164"></testcase><testcase classname="src.pymortests.vectorarray" file="src/pymortests/vectorarray.py" line="829" name="test_isub[compatible_vector_array_pair2-&lt;lambda&gt;9]" time="0.00331878662109375"></testcase><testcase classname="src.pymortests.vectorarray" file="src/pymortests/vectorarray.py" line="829" name="test_isub[compatible_vector_array_pair2-&lt;lambda&gt;10]" time="0.0065615177154541016"></testcase><testcase classname="src.pymortests.vectorarray" file="src/pymortests/vectorarray.py" line="829" name="test_isub[compatible_vector_array_pair2-&lt;lambda&gt;11]" time="0.0015976428985595703"></testcase><testcase classname="src.pymortests.vectorarray" file="src/pymortests/vectorarray.py" line="829" name="test_isub[compatible_vector_array_pair2-&lt;lambda&gt;12]" time="0.0017371177673339844"></testcase><testcase classname="src.pymortests.vectorarray" file="src/pymortests/vectorarray.py" line="829" name="test_isub[compatible_vector_array_pair2-&lt;lambda&gt;13]" time="0.0018875598907470703"></testcase><testcase classname="src.pymortests.vectorarray" file="src/pymortests/vectorarray.py" line="829" name="test_isub[compatible_vector_array_pair2-&lt;lambda&gt;14]" time="0.0017032623291015625"></testcase><testcase classname="src.pymortests.vectorarray" file="src/pymortests/vectorarray.py" line="829" name="test_isub[compatible_vector_array_pair2-&lt;lambda&gt;15]" time="0.0019462108612060547"></testcase><testcase classname="src.pymortests.vectorarray" file="src/pymortests/vectorarray.py" line="829" name="test_isub[compatible_vector_array_pair2-&lt;lambda&gt;16]" time="0.002209901809692383"></testcase><testcase classname="src.pymortests.vectorarray" file="src/pymortests/vectorarray.py" line="829" name="test_isub[compatible_vector_array_pair2-&lt;lambda&gt;17]" time="0.0021066665649414062"></testcase><testcase classname="src.pymortests.vectorarray" file="src/pymortests/vectorarray.py" line="829" name="test_isub[compatible_vector_array_pair2-&lt;lambda&gt;18]" time="0.0020253658294677734"></testcase><testcase classname="src.pymortests.vectorarray" file="src/pymortests/vectorarray.py" line="829" name="test_isub[compatible_vector_array_pair2-&lt;lambda&gt;19]" time="0.0020782947540283203"></testcase><testcase classname="src.pymortests.vectorarray" file="src/pymortests/vectorarray.py" line="829" name="test_isub[compatible_vector_array_pair2-&lt;lambda&gt;20]" time="0.025660037994384766"></testcase><testcase classname="src.pymortests.vectorarray" file="src/pymortests/vectorarray.py" line="829" name="test_isub[compatible_vector_array_pair2-&lt;lambda&gt;21]" time="0.016119003295898438"></testcase><testcase classname="src.pymortests.vectorarray" file="src/pymortests/vectorarray.py" line="829" name="test_isub[compatible_vector_array_pair2-&lt;lambda&gt;22]" time="0.046480655670166016"></testcase><testcase classname="src.pymortests.vectorarray" file="src/pymortests/vectorarray.py" line="829" name="test_isub[compatible_vector_array_pair2-&lt;lambda&gt;23]" time="0.0036804676055908203"></testcase><testcase classname="src.pymortests.vectorarray" file="src/pymortests/vectorarray.py" line="829" name="test_isub[compatible_vector_array_pair2-&lt;lambda&gt;24]" time="0.0013971328735351562"></testcase><testcase classname="src.pymortests.vectorarray" file="src/pymortests/vectorarray.py" line="829" name="test_isub[compatible_vector_array_pair2-&lt;lambda&gt;25]" time="0.0022656917572021484"></testcase><testcase classname="src.pymortests.vectorarray" file="src/pymortests/vectorarray.py" line="829" name="test_isub[compatible_vector_array_pair2-&lt;lambda&gt;26]" time="0.022665739059448242"></testcase><testcase classname="src.pymortests.vectorarray" file="src/pymortests/vectorarray.py" line="829" name="test_isub[compatible_vector_array_pair2-&lt;lambda&gt;27]" time="0.07717037200927734"></testcase><testcase classname="src.pymortests.vectorarray" file="src/pymortests/vectorarray.py" line="829" name="test_isub[compatible_vector_array_pair2-&lt;lambda&gt;28]" time="0.21749305725097656"></testcase><testcase classname="src.pymortests.vectorarray" file="src/pymortests/vectorarray.py" line="829" name="test_isub[compatible_vector_array_pair2-&lt;lambda&gt;29]" time="0.007593631744384766"></testcase><testcase classname="src.pymortests.vectorarray" file="src/pymortests/vectorarray.py" line="829" name="test_isub[compatible_vector_array_pair3-&lt;lambda&gt;0]" time="0.0020515918731689453"></testcase><testcase classname="src.pymortests.vectorarray" file="src/pymortests/vectorarray.py" line="829" name="test_isub[compatible_vector_array_pair3-&lt;lambda&gt;1]" time="0.0015006065368652344"></testcase><testcase classname="src.pymortests.vectorarray" file="src/pymortests/vectorarray.py" line="829" name="test_isub[compatible_vector_array_pair3-&lt;lambda&gt;2]" time="0.0014538764953613281"></testcase><testcase classname="src.pymortests.vectorarray" file="src/pymortests/vectorarray.py" line="829" name="test_isub[compatible_vector_array_pair3-&lt;lambda&gt;3]" time="0.001550436019897461"></testcase><testcase classname="src.pymortests.vectorarray" file="src/pymortests/vectorarray.py" line="829" name="test_isub[compatible_vector_array_pair3-&lt;lambda&gt;4]" time="0.0013816356658935547"></testcase><testcase classname="src.pymortests.vectorarray" file="src/pymortests/vectorarray.py" line="829" name="test_isub[compatible_vector_array_pair3-&lt;lambda&gt;5]" time="0.0013167858123779297"></testcase><testcase classname="src.pymortests.vectorarray" file="src/pymortests/vectorarray.py" line="829" name="test_isub[compatible_vector_array_pair3-&lt;lambda&gt;6]" time="0.0012829303741455078"></testcase><testcase classname="src.pymortests.vectorarray" file="src/pymortests/vectorarray.py" line="829" name="test_isub[compatible_vector_array_pair3-&lt;lambda&gt;7]" time="0.0012824535369873047"></testcase><testcase classname="src.pymortests.vectorarray" file="src/pymortests/vectorarray.py" line="829" name="test_isub[compatible_vector_array_pair3-&lt;lambda&gt;8]" time="0.0015821456909179688"></testcase><testcase classname="src.pymortests.vectorarray" file="src/pymortests/vectorarray.py" line="829" name="test_isub[compatible_vector_array_pair3-&lt;lambda&gt;9]" time="0.0036237239837646484"></testcase><testcase classname="src.pymortests.vectorarray" file="src/pymortests/vectorarray.py" line="829" name="test_isub[compatible_vector_array_pair3-&lt;lambda&gt;10]" time="0.006191253662109375"></testcase><testcase classname="src.pymortests.vectorarray" file="src/pymortests/vectorarray.py" line="829" name="test_isub[compatible_vector_array_pair3-&lt;lambda&gt;11]" time="0.001402139663696289"></testcase><testcase classname="src.pymortests.vectorarray" file="src/pymortests/vectorarray.py" line="829" name="test_isub[compatible_vector_array_pair3-&lt;lambda&gt;12]" time="0.0016293525695800781"></testcase><testcase classname="src.pymortests.vectorarray" file="src/pymortests/vectorarray.py" line="829" name="test_isub[compatible_vector_array_pair3-&lt;lambda&gt;13]" time="0.0017108917236328125"></testcase><testcase classname="src.pymortests.vectorarray" file="src/pymortests/vectorarray.py" line="829" name="test_isub[compatible_vector_array_pair3-&lt;lambda&gt;14]" time="0.0016984939575195312"></testcase><testcase classname="src.pymortests.vectorarray" file="src/pymortests/vectorarray.py" line="829" name="test_isub[compatible_vector_array_pair3-&lt;lambda&gt;15]" time="0.0019159317016601562"></testcase><testcase classname="src.pymortests.vectorarray" file="src/pymortests/vectorarray.py" line="829" name="test_isub[compatible_vector_array_pair3-&lt;lambda&gt;16]" time="0.0022039413452148438"></testcase><testcase classname="src.pymortests.vectorarray" file="src/pymortests/vectorarray.py" line="829" name="test_isub[compatible_vector_array_pair3-&lt;lambda&gt;17]" time="0.0021207332611083984"></testcase><testcase classname="src.pymortests.vectorarray" file="src/pymortests/vectorarray.py" line="829" name="test_isub[compatible_vector_array_pair3-&lt;lambda&gt;18]" time="0.001985788345336914"></testcase><testcase classname="src.pymortests.vectorarray" file="src/pymortests/vectorarray.py" line="829" name="test_isub[compatible_vector_array_pair3-&lt;lambda&gt;19]" time="0.0020246505737304688"></testcase><testcase classname="src.pymortests.vectorarray" file="src/pymortests/vectorarray.py" line="829" name="test_isub[compatible_vector_array_pair3-&lt;lambda&gt;20]" time="0.02538013458251953"></testcase><testcase classname="src.pymortests.vectorarray" file="src/pymortests/vectorarray.py" line="829" name="test_isub[compatible_vector_array_pair3-&lt;lambda&gt;21]" time="0.016877174377441406"></testcase><testcase classname="src.pymortests.vectorarray" file="src/pymortests/vectorarray.py" line="829" name="test_isub[compatible_vector_array_pair3-&lt;lambda&gt;22]" time="0.04739522933959961"></testcase><testcase classname="src.pymortests.vectorarray" file="src/pymortests/vectorarray.py" line="829" name="test_isub[compatible_vector_array_pair3-&lt;lambda&gt;23]" time="0.0034618377685546875"></testcase><testcase classname="src.pymortests.vectorarray" file="src/pymortests/vectorarray.py" line="829" name="test_isub[compatible_vector_array_pair3-&lt;lambda&gt;24]" time="0.0012972354888916016"></testcase><testcase classname="src.pymortests.vectorarray" file="src/pymortests/vectorarray.py" line="829" name="test_isub[compatible_vector_array_pair3-&lt;lambda&gt;25]" time="0.0021219253540039062"></testcase><testcase classname="src.pymortests.vectorarray" file="src/pymortests/vectorarray.py" line="829" name="test_isub[compatible_vector_array_pair3-&lt;lambda&gt;26]" time="0.023174285888671875"></testcase><testcase classname="src.pymortests.vectorarray" file="src/pymortests/vectorarray.py" line="829" name="test_isub[compatible_vector_array_pair3-&lt;lambda&gt;27]" time="0.09920954704284668"></testcase><testcase classname="src.pymortests.vectorarray" file="src/pymortests/vectorarray.py" line="829" name="test_isub[compatible_vector_array_pair3-&lt;lambda&gt;28]" time="0.270876407623291"></testcase><testcase classname="src.pymortests.vectorarray" file="src/pymortests/vectorarray.py" line="829" name="test_isub[compatible_vector_array_pair3-&lt;lambda&gt;29]" time="0.008489370346069336"></testcase><testcase classname="src.pymortests.vectorarray" file="src/pymortests/vectorarray.py" line="829" name="test_isub[compatible_vector_array_pair4-&lt;lambda&gt;0]" time="0.0020554065704345703"></testcase><testcase classname="src.pymortests.vectorarray" file="src/pymortests/vectorarray.py" line="829" name="test_isub[compatible_vector_array_pair4-&lt;lambda&gt;1]" time="0.0015385150909423828"></testcase><testcase classname="src.pymortests.vectorarray" file="src/pymortests/vectorarray.py" line="829" name="test_isub[compatible_vector_array_pair4-&lt;lambda&gt;2]" time="0.0014150142669677734"></testcase><testcase classname="src.pymortests.vectorarray" file="src/pymortests/vectorarray.py" line="829" name="test_isub[compatible_vector_array_pair4-&lt;lambda&gt;3]" time="0.001550912857055664"></testcase><testcase classname="src.pymortests.vectorarray" file="src/pymortests/vectorarray.py" line="829" name="test_isub[compatible_vector_array_pair4-&lt;lambda&gt;4]" time="0.0014197826385498047"></testcase><testcase classname="src.pymortests.vectorarray" file="src/pymortests/vectorarray.py" line="829" name="test_isub[compatible_vector_array_pair4-&lt;lambda&gt;5]" time="0.0013895034790039062"></testcase><testcase classname="src.pymortests.vectorarray" file="src/pymortests/vectorarray.py" line="829" name="test_isub[compatible_vector_array_pair4-&lt;lambda&gt;6]" time="0.0013682842254638672"></testcase><testcase classname="src.pymortests.vectorarray" file="src/pymortests/vectorarray.py" line="829" name="test_isub[compatible_vector_array_pair4-&lt;lambda&gt;7]" time="0.001321554183959961"></testcase><testcase classname="src.pymortests.vectorarray" file="src/pymortests/vectorarray.py" line="829" name="test_isub[compatible_vector_array_pair4-&lt;lambda&gt;8]" time="0.0017943382263183594"></testcase><testcase classname="src.pymortests.vectorarray" file="src/pymortests/vectorarray.py" line="829" name="test_isub[compatible_vector_array_pair4-&lt;lambda&gt;9]" time="0.0037233829498291016"></testcase><testcase classname="src.pymortests.vectorarray" file="src/pymortests/vectorarray.py" line="829" name="test_isub[compatible_vector_array_pair4-&lt;lambda&gt;10]" time="0.006899833679199219"></testcase><testcase classname="src.pymortests.vectorarray" file="src/pymortests/vectorarray.py" line="829" name="test_isub[compatible_vector_array_pair4-&lt;lambda&gt;11]" time="0.0015914440155029297"></testcase><testcase classname="src.pymortests.vectorarray" file="src/pymortests/vectorarray.py" line="829" name="test_isub[compatible_vector_array_pair4-&lt;lambda&gt;12]" time="0.0017282962799072266"></testcase><testcase classname="src.pymortests.vectorarray" file="src/pymortests/vectorarray.py" line="829" name="test_isub[compatible_vector_array_pair4-&lt;lambda&gt;13]" time="0.0018913745880126953"></testcase><testcase classname="src.pymortests.vectorarray" file="src/pymortests/vectorarray.py" line="829" name="test_isub[compatible_vector_array_pair4-&lt;lambda&gt;14]" time="0.0017926692962646484"></testcase><testcase classname="src.pymortests.vectorarray" file="src/pymortests/vectorarray.py" line="829" name="test_isub[compatible_vector_array_pair4-&lt;lambda&gt;15]" time="0.002118825912475586"></testcase><testcase classname="src.pymortests.vectorarray" file="src/pymortests/vectorarray.py" line="829" name="test_isub[compatible_vector_array_pair4-&lt;lambda&gt;16]" time="0.0026552677154541016"></testcase><testcase classname="src.pymortests.vectorarray" file="src/pymortests/vectorarray.py" line="829" name="test_isub[compatible_vector_array_pair4-&lt;lambda&gt;17]" time="0.0021774768829345703"></testcase><testcase classname="src.pymortests.vectorarray" file="src/pymortests/vectorarray.py" line="829" name="test_isub[compatible_vector_array_pair4-&lt;lambda&gt;18]" time="0.0020258426666259766"></testcase><testcase classname="src.pymortests.vectorarray" file="src/pymortests/vectorarray.py" line="829" name="test_isub[compatible_vector_array_pair4-&lt;lambda&gt;19]" time="0.0021011829376220703"></testcase><testcase classname="src.pymortests.vectorarray" file="src/pymortests/vectorarray.py" line="829" name="test_isub[compatible_vector_array_pair4-&lt;lambda&gt;20]" time="0.02532672882080078"></testcase><testcase classname="src.pymortests.vectorarray" file="src/pymortests/vectorarray.py" line="829" name="test_isub[compatible_vector_array_pair4-&lt;lambda&gt;21]" time="0.016449689865112305"></testcase><testcase classname="src.pymortests.vectorarray" file="src/pymortests/vectorarray.py" line="829" name="test_isub[compatible_vector_array_pair4-&lt;lambda&gt;22]" time="0.04794669151306152"></testcase><testcase classname="src.pymortests.vectorarray" file="src/pymortests/vectorarray.py" line="829" name="test_isub[compatible_vector_array_pair4-&lt;lambda&gt;23]" time="0.0035088062286376953"></testcase><testcase classname="src.pymortests.vectorarray" file="src/pymortests/vectorarray.py" line="829" name="test_isub[compatible_vector_array_pair4-&lt;lambda&gt;24]" time="0.0012965202331542969"></testcase><testcase classname="src.pymortests.vectorarray" file="src/pymortests/vectorarray.py" line="829" name="test_isub[compatible_vector_array_pair4-&lt;lambda&gt;25]" time="0.0022106170654296875"></testcase><testcase classname="src.pymortests.vectorarray" file="src/pymortests/vectorarray.py" line="829" name="test_isub[compatible_vector_array_pair4-&lt;lambda&gt;26]" time="0.023696422576904297"></testcase><testcase classname="src.pymortests.vectorarray" file="src/pymortests/vectorarray.py" line="829" name="test_isub[compatible_vector_array_pair4-&lt;lambda&gt;27]" time="0.09898161888122559"></testcase><testcase classname="src.pymortests.vectorarray" file="src/pymortests/vectorarray.py" line="829" name="test_isub[compatible_vector_array_pair4-&lt;lambda&gt;28]" time="0.26935362815856934"></testcase><testcase classname="src.pymortests.vectorarray" file="src/pymortests/vectorarray.py" line="829" name="test_isub[compatible_vector_array_pair4-&lt;lambda&gt;29]" time="0.00833892822265625"></testcase><testcase classname="src.pymortests.vectorarray" file="src/pymortests/vectorarray.py" line="829" name="test_isub[compatible_vector_array_pair5-&lt;lambda&gt;0]" time="0.0020704269409179688"></testcase><testcase classname="src.pymortests.vectorarray" file="src/pymortests/vectorarray.py" line="829" name="test_isub[compatible_vector_array_pair5-&lt;lambda&gt;1]" time="0.0015761852264404297"></testcase><testcase classname="src.pymortests.vectorarray" file="src/pymortests/vectorarray.py" line="829" name="test_isub[compatible_vector_array_pair5-&lt;lambda&gt;2]" time="0.0014548301696777344"></testcase><testcase classname="src.pymortests.vectorarray" file="src/pymortests/vectorarray.py" line="829" name="test_isub[compatible_vector_array_pair5-&lt;lambda&gt;3]" time="0.0016338825225830078"></testcase><testcase classname="src.pymortests.vectorarray" file="src/pymortests/vectorarray.py" line="829" name="test_isub[compatible_vector_array_pair5-&lt;lambda&gt;4]" time="0.0014905929565429688"></testcase><testcase classname="src.pymortests.vectorarray" file="src/pymortests/vectorarray.py" line="829" name="test_isub[compatible_vector_array_pair5-&lt;lambda&gt;5]" time="0.0014903545379638672"></testcase><testcase classname="src.pymortests.vectorarray" file="src/pymortests/vectorarray.py" line="829" name="test_isub[compatible_vector_array_pair5-&lt;lambda&gt;6]" time="0.0013458728790283203"></testcase><testcase classname="src.pymortests.vectorarray" file="src/pymortests/vectorarray.py" line="829" name="test_isub[compatible_vector_array_pair5-&lt;lambda&gt;7]" time="0.0013546943664550781"></testcase><testcase classname="src.pymortests.vectorarray" file="src/pymortests/vectorarray.py" line="829" name="test_isub[compatible_vector_array_pair5-&lt;lambda&gt;8]" time="0.0018818378448486328"></testcase><testcase classname="src.pymortests.vectorarray" file="src/pymortests/vectorarray.py" line="829" name="test_isub[compatible_vector_array_pair5-&lt;lambda&gt;9]" time="0.003766775131225586"></testcase><testcase classname="src.pymortests.vectorarray" file="src/pymortests/vectorarray.py" line="829" name="test_isub[compatible_vector_array_pair5-&lt;lambda&gt;10]" time="0.006851911544799805"></testcase><testcase classname="src.pymortests.vectorarray" file="src/pymortests/vectorarray.py" line="829" name="test_isub[compatible_vector_array_pair5-&lt;lambda&gt;11]" time="0.0015604496002197266"></testcase><testcase classname="src.pymortests.vectorarray" file="src/pymortests/vectorarray.py" line="829" name="test_isub[compatible_vector_array_pair5-&lt;lambda&gt;12]" time="0.0017311573028564453"></testcase><testcase classname="src.pymortests.vectorarray" file="src/pymortests/vectorarray.py" line="829" name="test_isub[compatible_vector_array_pair5-&lt;lambda&gt;13]" time="0.001894235610961914"></testcase><testcase classname="src.pymortests.vectorarray" file="src/pymortests/vectorarray.py" line="829" name="test_isub[compatible_vector_array_pair5-&lt;lambda&gt;14]" time="0.0018165111541748047"></testcase><testcase classname="src.pymortests.vectorarray" file="src/pymortests/vectorarray.py" line="829" name="test_isub[compatible_vector_array_pair5-&lt;lambda&gt;15]" time="0.002050638198852539"></testcase><testcase classname="src.pymortests.vectorarray" file="src/pymortests/vectorarray.py" line="829" name="test_isub[compatible_vector_array_pair5-&lt;lambda&gt;16]" time="0.0023801326751708984"></testcase><testcase classname="src.pymortests.vectorarray" file="src/pymortests/vectorarray.py" line="829" name="test_isub[compatible_vector_array_pair5-&lt;lambda&gt;17]" time="0.002171039581298828"></testcase><testcase classname="src.pymortests.vectorarray" file="src/pymortests/vectorarray.py" line="829" name="test_isub[compatible_vector_array_pair5-&lt;lambda&gt;18]" time="0.0020248889923095703"></testcase><testcase classname="src.pymortests.vectorarray" file="src/pymortests/vectorarray.py" line="829" name="test_isub[compatible_vector_array_pair5-&lt;lambda&gt;19]" time="0.0020639896392822266"></testcase><testcase classname="src.pymortests.vectorarray" file="src/pymortests/vectorarray.py" line="829" name="test_isub[compatible_vector_array_pair5-&lt;lambda&gt;20]" time="0.02566242218017578"></testcase><testcase classname="src.pymortests.vectorarray" file="src/pymortests/vectorarray.py" line="829" name="test_isub[compatible_vector_array_pair5-&lt;lambda&gt;21]" time="0.01679372787475586"></testcase><testcase classname="src.pymortests.vectorarray" file="src/pymortests/vectorarray.py" line="829" name="test_isub[compatible_vector_array_pair5-&lt;lambda&gt;22]" time="0.04833054542541504"></testcase><testcase classname="src.pymortests.vectorarray" file="src/pymortests/vectorarray.py" line="829" name="test_isub[compatible_vector_array_pair5-&lt;lambda&gt;23]" time="0.0035905838012695312"></testcase><testcase classname="src.pymortests.vectorarray" file="src/pymortests/vectorarray.py" line="829" name="test_isub[compatible_vector_array_pair5-&lt;lambda&gt;24]" time="0.001346588134765625"></testcase><testcase classname="src.pymortests.vectorarray" file="src/pymortests/vectorarray.py" line="829" name="test_isub[compatible_vector_array_pair5-&lt;lambda&gt;25]" time="0.002191781997680664"></testcase><testcase classname="src.pymortests.vectorarray" file="src/pymortests/vectorarray.py" line="829" name="test_isub[compatible_vector_array_pair5-&lt;lambda&gt;26]" time="0.023406028747558594"></testcase><testcase classname="src.pymortests.vectorarray" file="src/pymortests/vectorarray.py" line="829" name="test_isub[compatible_vector_array_pair5-&lt;lambda&gt;27]" time="0.10001230239868164"></testcase><testcase classname="src.pymortests.vectorarray" file="src/pymortests/vectorarray.py" line="829" name="test_isub[compatible_vector_array_pair5-&lt;lambda&gt;28]" time="0.26895570755004883"></testcase><testcase classname="src.pymortests.vectorarray" file="src/pymortests/vectorarray.py" line="829" name="test_isub[compatible_vector_array_pair5-&lt;lambda&gt;29]" time="0.008526802062988281"></testcase><testcase classname="src.pymortests.vectorarray" file="src/pymortests/vectorarray.py" line="829" name="test_isub[compatible_vector_array_pair6-&lt;lambda&gt;0]" time="0.002115011215209961"></testcase><testcase classname="src.pymortests.vectorarray" file="src/pymortests/vectorarray.py" line="829" name="test_isub[compatible_vector_array_pair6-&lt;lambda&gt;1]" time="0.00140380859375"></testcase><testcase classname="src.pymortests.vectorarray" file="src/pymortests/vectorarray.py" line="829" name="test_isub[compatible_vector_array_pair6-&lt;lambda&gt;2]" time="0.0013561248779296875"></testcase><testcase classname="src.pymortests.vectorarray" file="src/pymortests/vectorarray.py" line="829" name="test_isub[compatible_vector_array_pair6-&lt;lambda&gt;3]" time="0.0015494823455810547"></testcase><testcase classname="src.pymortests.vectorarray" file="src/pymortests/vectorarray.py" line="829" name="test_isub[compatible_vector_array_pair6-&lt;lambda&gt;4]" time="0.001360177993774414"></testcase><testcase classname="src.pymortests.vectorarray" file="src/pymortests/vectorarray.py" line="829" name="test_isub[compatible_vector_array_pair6-&lt;lambda&gt;5]" time="0.0013587474822998047"></testcase><testcase classname="src.pymortests.vectorarray" file="src/pymortests/vectorarray.py" line="829" name="test_isub[compatible_vector_array_pair6-&lt;lambda&gt;6]" time="0.0014500617980957031"></testcase><testcase classname="src.pymortests.vectorarray" file="src/pymortests/vectorarray.py" line="829" name="test_isub[compatible_vector_array_pair6-&lt;lambda&gt;7]" time="0.0013034343719482422"></testcase><testcase classname="src.pymortests.vectorarray" file="src/pymortests/vectorarray.py" line="829" name="test_isub[compatible_vector_array_pair6-&lt;lambda&gt;8]" time="0.0015730857849121094"></testcase><testcase classname="src.pymortests.vectorarray" file="src/pymortests/vectorarray.py" line="829" name="test_isub[compatible_vector_array_pair6-&lt;lambda&gt;9]" time="0.0037200450897216797"></testcase><testcase classname="src.pymortests.vectorarray" file="src/pymortests/vectorarray.py" line="829" name="test_isub[compatible_vector_array_pair6-&lt;lambda&gt;10]" time="0.0063745975494384766"></testcase><testcase classname="src.pymortests.vectorarray" file="src/pymortests/vectorarray.py" line="829" name="test_isub[compatible_vector_array_pair6-&lt;lambda&gt;11]" time="0.0015168190002441406"></testcase><testcase classname="src.pymortests.vectorarray" file="src/pymortests/vectorarray.py" line="829" name="test_isub[compatible_vector_array_pair6-&lt;lambda&gt;12]" time="0.001628875732421875"></testcase><testcase classname="src.pymortests.vectorarray" file="src/pymortests/vectorarray.py" line="829" name="test_isub[compatible_vector_array_pair6-&lt;lambda&gt;13]" time="0.0017271041870117188"></testcase><testcase classname="src.pymortests.vectorarray" file="src/pymortests/vectorarray.py" line="829" name="test_isub[compatible_vector_array_pair6-&lt;lambda&gt;14]" time="0.0017256736755371094"></testcase><testcase classname="src.pymortests.vectorarray" file="src/pymortests/vectorarray.py" line="829" name="test_isub[compatible_vector_array_pair6-&lt;lambda&gt;15]" time="0.0019698143005371094"></testcase><testcase classname="src.pymortests.vectorarray" file="src/pymortests/vectorarray.py" line="829" name="test_isub[compatible_vector_array_pair6-&lt;lambda&gt;16]" time="0.002210855484008789"></testcase><testcase classname="src.pymortests.vectorarray" file="src/pymortests/vectorarray.py" line="829" name="test_isub[compatible_vector_array_pair6-&lt;lambda&gt;17]" time="0.0021669864654541016"></testcase><testcase classname="src.pymortests.vectorarray" file="src/pymortests/vectorarray.py" line="829" name="test_isub[compatible_vector_array_pair6-&lt;lambda&gt;18]" time="0.0020093917846679688"></testcase><testcase classname="src.pymortests.vectorarray" file="src/pymortests/vectorarray.py" line="829" name="test_isub[compatible_vector_array_pair6-&lt;lambda&gt;19]" time="0.002067089080810547"></testcase><testcase classname="src.pymortests.vectorarray" file="src/pymortests/vectorarray.py" line="829" name="test_isub[compatible_vector_array_pair6-&lt;lambda&gt;20]" time="0.02601480484008789"></testcase><testcase classname="src.pymortests.vectorarray" file="src/pymortests/vectorarray.py" line="829" name="test_isub[compatible_vector_array_pair6-&lt;lambda&gt;21]" time="0.016584157943725586"></testcase><testcase classname="src.pymortests.vectorarray" file="src/pymortests/vectorarray.py" line="829" name="test_isub[compatible_vector_array_pair6-&lt;lambda&gt;22]" time="0.04743814468383789"></testcase><testcase classname="src.pymortests.vectorarray" file="src/pymortests/vectorarray.py" line="829" name="test_isub[compatible_vector_array_pair6-&lt;lambda&gt;23]" time="0.0035631656646728516"></testcase><testcase classname="src.pymortests.vectorarray" file="src/pymortests/vectorarray.py" line="829" name="test_isub[compatible_vector_array_pair6-&lt;lambda&gt;24]" time="0.0013179779052734375"></testcase><testcase classname="src.pymortests.vectorarray" file="src/pymortests/vectorarray.py" line="829" name="test_isub[compatible_vector_array_pair6-&lt;lambda&gt;25]" time="0.002201557159423828"></testcase><testcase classname="src.pymortests.vectorarray" file="src/pymortests/vectorarray.py" line="829" name="test_isub[compatible_vector_array_pair6-&lt;lambda&gt;26]" time="0.023354530334472656"></testcase><testcase classname="src.pymortests.vectorarray" file="src/pymortests/vectorarray.py" line="829" name="test_isub[compatible_vector_array_pair6-&lt;lambda&gt;27]" time="0.099334716796875"></testcase><testcase classname="src.pymortests.vectorarray" file="src/pymortests/vectorarray.py" line="829" name="test_isub[compatible_vector_array_pair6-&lt;lambda&gt;28]" time="0.26947665214538574"></testcase><testcase classname="src.pymortests.vectorarray" file="src/pymortests/vectorarray.py" line="829" name="test_isub[compatible_vector_array_pair6-&lt;lambda&gt;29]" time="0.008871078491210938"></testcase><testcase classname="src.pymortests.vectorarray" file="src/pymortests/vectorarray.py" line="829" name="test_isub[compatible_vector_array_pair7-&lt;lambda&gt;0]" time="0.0019795894622802734"></testcase><testcase classname="src.pymortests.vectorarray" file="src/pymortests/vectorarray.py" line="829" name="test_isub[compatible_vector_array_pair7-&lt;lambda&gt;1]" time="0.0014271736145019531"></testcase><testcase classname="src.pymortests.vectorarray" file="src/pymortests/vectorarray.py" line="829" name="test_isub[compatible_vector_array_pair7-&lt;lambda&gt;2]" time="0.0013756752014160156"></testcase><testcase classname="src.pymortests.vectorarray" file="src/pymortests/vectorarray.py" line="829" name="test_isub[compatible_vector_array_pair7-&lt;lambda&gt;3]" time="0.0015025138854980469"></testcase><testcase classname="src.pymortests.vectorarray" file="src/pymortests/vectorarray.py" line="829" name="test_isub[compatible_vector_array_pair7-&lt;lambda&gt;4]" time="0.0013816356658935547"></testcase><testcase classname="src.pymortests.vectorarray" file="src/pymortests/vectorarray.py" line="829" name="test_isub[compatible_vector_array_pair7-&lt;lambda&gt;5]" time="0.001337289810180664"></testcase><testcase classname="src.pymortests.vectorarray" file="src/pymortests/vectorarray.py" line="829" name="test_isub[compatible_vector_array_pair7-&lt;lambda&gt;6]" time="0.0013194084167480469"></testcase><testcase classname="src.pymortests.vectorarray" file="src/pymortests/vectorarray.py" line="829" name="test_isub[compatible_vector_array_pair7-&lt;lambda&gt;7]" time="0.001294851303100586"></testcase><testcase classname="src.pymortests.vectorarray" file="src/pymortests/vectorarray.py" line="829" name="test_isub[compatible_vector_array_pair7-&lt;lambda&gt;8]" time="0.001695871353149414"></testcase><testcase classname="src.pymortests.vectorarray" file="src/pymortests/vectorarray.py" line="829" name="test_isub[compatible_vector_array_pair7-&lt;lambda&gt;9]" time="0.0036296844482421875"></testcase><testcase classname="src.pymortests.vectorarray" file="src/pymortests/vectorarray.py" line="829" name="test_isub[compatible_vector_array_pair7-&lt;lambda&gt;10]" time="0.006821632385253906"></testcase><testcase classname="src.pymortests.vectorarray" file="src/pymortests/vectorarray.py" line="829" name="test_isub[compatible_vector_array_pair7-&lt;lambda&gt;11]" time="0.001440286636352539"></testcase><testcase classname="src.pymortests.vectorarray" file="src/pymortests/vectorarray.py" line="829" name="test_isub[compatible_vector_array_pair7-&lt;lambda&gt;12]" time="0.0016548633575439453"></testcase><testcase classname="src.pymortests.vectorarray" file="src/pymortests/vectorarray.py" line="829" name="test_isub[compatible_vector_array_pair7-&lt;lambda&gt;13]" time="0.0018301010131835938"></testcase><testcase classname="src.pymortests.vectorarray" file="src/pymortests/vectorarray.py" line="829" name="test_isub[compatible_vector_array_pair7-&lt;lambda&gt;14]" time="0.0017223358154296875"></testcase><testcase classname="src.pymortests.vectorarray" file="src/pymortests/vectorarray.py" line="829" name="test_isub[compatible_vector_array_pair7-&lt;lambda&gt;15]" time="0.002018451690673828"></testcase><testcase classname="src.pymortests.vectorarray" file="src/pymortests/vectorarray.py" line="829" name="test_isub[compatible_vector_array_pair7-&lt;lambda&gt;16]" time="0.0022895336151123047"></testcase><testcase classname="src.pymortests.vectorarray" file="src/pymortests/vectorarray.py" line="829" name="test_isub[compatible_vector_array_pair7-&lt;lambda&gt;17]" time="0.0021784305572509766"></testcase><testcase classname="src.pymortests.vectorarray" file="src/pymortests/vectorarray.py" line="829" name="test_isub[compatible_vector_array_pair7-&lt;lambda&gt;18]" time="0.0019583702087402344"></testcase><testcase classname="src.pymortests.vectorarray" file="src/pymortests/vectorarray.py" line="829" name="test_isub[compatible_vector_array_pair7-&lt;lambda&gt;19]" time="0.002125263214111328"></testcase><testcase classname="src.pymortests.vectorarray" file="src/pymortests/vectorarray.py" line="829" name="test_isub[compatible_vector_array_pair7-&lt;lambda&gt;20]" time="0.0253598690032959"></testcase><testcase classname="src.pymortests.vectorarray" file="src/pymortests/vectorarray.py" line="829" name="test_isub[compatible_vector_array_pair7-&lt;lambda&gt;21]" time="0.01825261116027832"></testcase><testcase classname="src.pymortests.vectorarray" file="src/pymortests/vectorarray.py" line="829" name="test_isub[compatible_vector_array_pair7-&lt;lambda&gt;22]" time="0.05008363723754883"></testcase><testcase classname="src.pymortests.vectorarray" file="src/pymortests/vectorarray.py" line="829" name="test_isub[compatible_vector_array_pair7-&lt;lambda&gt;23]" time="0.0037200450897216797"></testcase><testcase classname="src.pymortests.vectorarray" file="src/pymortests/vectorarray.py" line="829" name="test_isub[compatible_vector_array_pair7-&lt;lambda&gt;24]" time="0.0014104843139648438"></testcase><testcase classname="src.pymortests.vectorarray" file="src/pymortests/vectorarray.py" line="829" name="test_isub[compatible_vector_array_pair7-&lt;lambda&gt;25]" time="0.0022802352905273438"></testcase><testcase classname="src.pymortests.vectorarray" file="src/pymortests/vectorarray.py" line="829" name="test_isub[compatible_vector_array_pair7-&lt;lambda&gt;26]" time="0.023398160934448242"></testcase><testcase classname="src.pymortests.vectorarray" file="src/pymortests/vectorarray.py" line="829" name="test_isub[compatible_vector_array_pair7-&lt;lambda&gt;27]" time="0.09953069686889648"></testcase><testcase classname="src.pymortests.vectorarray" file="src/pymortests/vectorarray.py" line="829" name="test_isub[compatible_vector_array_pair7-&lt;lambda&gt;28]" time="0.26975536346435547"></testcase><testcase classname="src.pymortests.vectorarray" file="src/pymortests/vectorarray.py" line="829" name="test_isub[compatible_vector_array_pair7-&lt;lambda&gt;29]" time="0.008474111557006836"></testcase><testcase classname="src.pymortests.vectorarray" file="src/pymortests/vectorarray.py" line="829" name="test_isub[compatible_vector_array_pair8-&lt;lambda&gt;0]" time="0.0020835399627685547"></testcase><testcase classname="src.pymortests.vectorarray" file="src/pymortests/vectorarray.py" line="829" name="test_isub[compatible_vector_array_pair8-&lt;lambda&gt;1]" time="0.0015561580657958984"></testcase><testcase classname="src.pymortests.vectorarray" file="src/pymortests/vectorarray.py" line="829" name="test_isub[compatible_vector_array_pair8-&lt;lambda&gt;2]" time="0.0014286041259765625"></testcase><testcase classname="src.pymortests.vectorarray" file="src/pymortests/vectorarray.py" line="829" name="test_isub[compatible_vector_array_pair8-&lt;lambda&gt;3]" time="0.0015072822570800781"></testcase><testcase classname="src.pymortests.vectorarray" file="src/pymortests/vectorarray.py" line="829" name="test_isub[compatible_vector_array_pair8-&lt;lambda&gt;4]" time="0.0014071464538574219"></testcase><testcase classname="src.pymortests.vectorarray" file="src/pymortests/vectorarray.py" line="829" name="test_isub[compatible_vector_array_pair8-&lt;lambda&gt;5]" time="0.0012998580932617188"></testcase><testcase classname="src.pymortests.vectorarray" file="src/pymortests/vectorarray.py" line="829" name="test_isub[compatible_vector_array_pair8-&lt;lambda&gt;6]" time="0.0012753009796142578"></testcase><testcase classname="src.pymortests.vectorarray" file="src/pymortests/vectorarray.py" line="829" name="test_isub[compatible_vector_array_pair8-&lt;lambda&gt;7]" time="0.0013399124145507812"></testcase><testcase classname="src.pymortests.vectorarray" file="src/pymortests/vectorarray.py" line="829" name="test_isub[compatible_vector_array_pair8-&lt;lambda&gt;8]" time="0.0016565322875976562"></testcase><testcase classname="src.pymortests.vectorarray" file="src/pymortests/vectorarray.py" line="829" name="test_isub[compatible_vector_array_pair8-&lt;lambda&gt;9]" time="0.004045724868774414"></testcase><testcase classname="src.pymortests.vectorarray" file="src/pymortests/vectorarray.py" line="829" name="test_isub[compatible_vector_array_pair8-&lt;lambda&gt;10]" time="0.006738185882568359"></testcase><testcase classname="src.pymortests.vectorarray" file="src/pymortests/vectorarray.py" line="829" name="test_isub[compatible_vector_array_pair8-&lt;lambda&gt;11]" time="0.0015377998352050781"></testcase><testcase classname="src.pymortests.vectorarray" file="src/pymortests/vectorarray.py" line="829" name="test_isub[compatible_vector_array_pair8-&lt;lambda&gt;12]" time="0.0016455650329589844"></testcase><testcase classname="src.pymortests.vectorarray" file="src/pymortests/vectorarray.py" line="829" name="test_isub[compatible_vector_array_pair8-&lt;lambda&gt;13]" time="0.002115488052368164"></testcase><testcase classname="src.pymortests.vectorarray" file="src/pymortests/vectorarray.py" line="829" name="test_isub[compatible_vector_array_pair8-&lt;lambda&gt;14]" time="0.0017690658569335938"></testcase><testcase classname="src.pymortests.vectorarray" file="src/pymortests/vectorarray.py" line="829" name="test_isub[compatible_vector_array_pair8-&lt;lambda&gt;15]" time="0.002065896987915039"></testcase><testcase classname="src.pymortests.vectorarray" file="src/pymortests/vectorarray.py" line="829" name="test_isub[compatible_vector_array_pair8-&lt;lambda&gt;16]" time="0.002267599105834961"></testcase><testcase classname="src.pymortests.vectorarray" file="src/pymortests/vectorarray.py" line="829" name="test_isub[compatible_vector_array_pair8-&lt;lambda&gt;17]" time="0.0021407604217529297"></testcase><testcase classname="src.pymortests.vectorarray" file="src/pymortests/vectorarray.py" line="829" name="test_isub[compatible_vector_array_pair8-&lt;lambda&gt;18]" time="0.0019524097442626953"></testcase><testcase classname="src.pymortests.vectorarray" file="src/pymortests/vectorarray.py" line="829" name="test_isub[compatible_vector_array_pair8-&lt;lambda&gt;19]" time="0.002187013626098633"></testcase><testcase classname="src.pymortests.vectorarray" file="src/pymortests/vectorarray.py" line="829" name="test_isub[compatible_vector_array_pair8-&lt;lambda&gt;20]" time="0.025439739227294922"></testcase><testcase classname="src.pymortests.vectorarray" file="src/pymortests/vectorarray.py" line="829" name="test_isub[compatible_vector_array_pair8-&lt;lambda&gt;21]" time="0.016898393630981445"></testcase><testcase classname="src.pymortests.vectorarray" file="src/pymortests/vectorarray.py" line="829" name="test_isub[compatible_vector_array_pair8-&lt;lambda&gt;22]" time="0.048590898513793945"></testcase><testcase classname="src.pymortests.vectorarray" file="src/pymortests/vectorarray.py" line="829" name="test_isub[compatible_vector_array_pair8-&lt;lambda&gt;23]" time="0.003670215606689453"></testcase><testcase classname="src.pymortests.vectorarray" file="src/pymortests/vectorarray.py" line="829" name="test_isub[compatible_vector_array_pair8-&lt;lambda&gt;24]" time="0.0014045238494873047"></testcase><testcase classname="src.pymortests.vectorarray" file="src/pymortests/vectorarray.py" line="829" name="test_isub[compatible_vector_array_pair8-&lt;lambda&gt;25]" time="0.0021941661834716797"></testcase><testcase classname="src.pymortests.vectorarray" file="src/pymortests/vectorarray.py" line="829" name="test_isub[compatible_vector_array_pair8-&lt;lambda&gt;26]" time="0.023282766342163086"></testcase><testcase classname="src.pymortests.vectorarray" file="src/pymortests/vectorarray.py" line="829" name="test_isub[compatible_vector_array_pair8-&lt;lambda&gt;27]" time="0.09840583801269531"></testcase><testcase classname="src.pymortests.vectorarray" file="src/pymortests/vectorarray.py" line="829" name="test_isub[compatible_vector_array_pair8-&lt;lambda&gt;28]" time="0.2713651657104492"></testcase><testcase classname="src.pymortests.vectorarray" file="src/pymortests/vectorarray.py" line="829" name="test_isub[compatible_vector_array_pair8-&lt;lambda&gt;29]" time="0.008783102035522461"></testcase><testcase classname="src.pymortests.vectorarray" file="src/pymortests/vectorarray.py" line="841" name="test_neg[0-&lt;lambda&gt;0]" time="0.0021071434020996094"></testcase><testcase classname="src.pymortests.vectorarray" file="src/pymortests/vectorarray.py" line="841" name="test_neg[0-&lt;lambda&gt;1]" time="0.0015425682067871094"></testcase><testcase classname="src.pymortests.vectorarray" file="src/pymortests/vectorarray.py" line="841" name="test_neg[0-&lt;lambda&gt;2]" time="0.0013735294342041016"></testcase><testcase classname="src.pymortests.vectorarray" file="src/pymortests/vectorarray.py" line="841" name="test_neg[0-&lt;lambda&gt;3]" time="0.0014154911041259766"></testcase><testcase classname="src.pymortests.vectorarray" file="src/pymortests/vectorarray.py" line="841" name="test_neg[0-&lt;lambda&gt;4]" time="0.001371145248413086"></testcase><testcase classname="src.pymortests.vectorarray" file="src/pymortests/vectorarray.py" line="841" name="test_neg[0-&lt;lambda&gt;5]" time="0.0013308525085449219"></testcase><testcase classname="src.pymortests.vectorarray" file="src/pymortests/vectorarray.py" line="841" name="test_neg[0-&lt;lambda&gt;6]" time="0.0013370513916015625"></testcase><testcase classname="src.pymortests.vectorarray" file="src/pymortests/vectorarray.py" line="841" name="test_neg[0-&lt;lambda&gt;7]" time="0.0014884471893310547"></testcase><testcase classname="src.pymortests.vectorarray" file="src/pymortests/vectorarray.py" line="841" name="test_neg[0-&lt;lambda&gt;8]" time="0.004556894302368164"></testcase><testcase classname="src.pymortests.vectorarray" file="src/pymortests/vectorarray.py" line="841" name="test_neg[0-&lt;lambda&gt;9]" time="0.008149147033691406"></testcase><testcase classname="src.pymortests.vectorarray" file="src/pymortests/vectorarray.py" line="841" name="test_neg[0-&lt;lambda&gt;10]" time="0.0017809867858886719"></testcase><testcase classname="src.pymortests.vectorarray" file="src/pymortests/vectorarray.py" line="841" name="test_neg[0-&lt;lambda&gt;11]" time="0.0018129348754882812"></testcase><testcase classname="src.pymortests.vectorarray" file="src/pymortests/vectorarray.py" line="841" name="test_neg[0-&lt;lambda&gt;12]" time="0.0016856193542480469"></testcase><testcase classname="src.pymortests.vectorarray" file="src/pymortests/vectorarray.py" line="841" name="test_neg[0-&lt;lambda&gt;13]" time="0.001531839370727539"></testcase><testcase classname="src.pymortests.vectorarray" file="src/pymortests/vectorarray.py" line="841" name="test_neg[0-&lt;lambda&gt;14]" time="0.0017020702362060547"></testcase><testcase classname="src.pymortests.vectorarray" file="src/pymortests/vectorarray.py" line="841" name="test_neg[0-&lt;lambda&gt;15]" time="0.001905679702758789"></testcase><testcase classname="src.pymortests.vectorarray" file="src/pymortests/vectorarray.py" line="841" name="test_neg[0-&lt;lambda&gt;16]" time="0.001865386962890625"></testcase><testcase classname="src.pymortests.vectorarray" file="src/pymortests/vectorarray.py" line="841" name="test_neg[0-&lt;lambda&gt;17]" time="0.0017824172973632812"></testcase><testcase classname="src.pymortests.vectorarray" file="src/pymortests/vectorarray.py" line="841" name="test_neg[0-&lt;lambda&gt;18]" time="0.0017294883728027344"></testcase><testcase classname="src.pymortests.vectorarray" file="src/pymortests/vectorarray.py" line="841" name="test_neg[0-&lt;lambda&gt;19]" time="0.0030090808868408203"></testcase><testcase classname="src.pymortests.vectorarray" file="src/pymortests/vectorarray.py" line="841" name="test_neg[0-&lt;lambda&gt;20]" time="0.015563488006591797"></testcase><testcase classname="src.pymortests.vectorarray" file="src/pymortests/vectorarray.py" line="841" name="test_neg[0-&lt;lambda&gt;21]" time="0.03328990936279297"></testcase><testcase classname="src.pymortests.vectorarray" file="src/pymortests/vectorarray.py" line="841" name="test_neg[0-&lt;lambda&gt;22]" time="0.001954793930053711"></testcase><testcase classname="src.pymortests.vectorarray" file="src/pymortests/vectorarray.py" line="841" name="test_neg[0-&lt;lambda&gt;23]" time="0.0014200210571289062"></testcase><testcase classname="src.pymortests.vectorarray" file="src/pymortests/vectorarray.py" line="841" name="test_neg[0-&lt;lambda&gt;24]" time="0.005006313323974609"></testcase><testcase classname="src.pymortests.vectorarray" file="src/pymortests/vectorarray.py" line="841" name="test_neg[0-&lt;lambda&gt;25]" time="0.1159517765045166"></testcase><testcase classname="src.pymortests.vectorarray" file="src/pymortests/vectorarray.py" line="841" name="test_neg[0-&lt;lambda&gt;26]" time="0.2789578437805176"></testcase><testcase classname="src.pymortests.vectorarray" file="src/pymortests/vectorarray.py" line="841" name="test_neg[1-&lt;lambda&gt;0]" time="0.00214385986328125"></testcase><testcase classname="src.pymortests.vectorarray" file="src/pymortests/vectorarray.py" line="841" name="test_neg[1-&lt;lambda&gt;1]" time="0.0014963150024414062"></testcase><testcase classname="src.pymortests.vectorarray" file="src/pymortests/vectorarray.py" line="841" name="test_neg[1-&lt;lambda&gt;2]" time="0.001415252685546875"></testcase><testcase classname="src.pymortests.vectorarray" file="src/pymortests/vectorarray.py" line="841" name="test_neg[1-&lt;lambda&gt;3]" time="0.001422882080078125"></testcase><testcase classname="src.pymortests.vectorarray" file="src/pymortests/vectorarray.py" line="841" name="test_neg[1-&lt;lambda&gt;4]" time="0.0013401508331298828"></testcase><testcase classname="src.pymortests.vectorarray" file="src/pymortests/vectorarray.py" line="841" name="test_neg[1-&lt;lambda&gt;5]" time="0.0013191699981689453"></testcase><testcase classname="src.pymortests.vectorarray" file="src/pymortests/vectorarray.py" line="841" name="test_neg[1-&lt;lambda&gt;6]" time="0.0012364387512207031"></testcase><testcase classname="src.pymortests.vectorarray" file="src/pymortests/vectorarray.py" line="841" name="test_neg[1-&lt;lambda&gt;7]" time="0.00141143798828125"></testcase><testcase classname="src.pymortests.vectorarray" file="src/pymortests/vectorarray.py" line="841" name="test_neg[1-&lt;lambda&gt;8]" time="0.004694223403930664"></testcase><testcase classname="src.pymortests.vectorarray" file="src/pymortests/vectorarray.py" line="841" name="test_neg[1-&lt;lambda&gt;9]" time="0.008482694625854492"></testcase><testcase classname="src.pymortests.vectorarray" file="src/pymortests/vectorarray.py" line="841" name="test_neg[1-&lt;lambda&gt;10]" time="0.0018169879913330078"></testcase><testcase classname="src.pymortests.vectorarray" file="src/pymortests/vectorarray.py" line="841" name="test_neg[1-&lt;lambda&gt;11]" time="0.0019156932830810547"></testcase><testcase classname="src.pymortests.vectorarray" file="src/pymortests/vectorarray.py" line="841" name="test_neg[1-&lt;lambda&gt;12]" time="0.0018906593322753906"></testcase><testcase classname="src.pymortests.vectorarray" file="src/pymortests/vectorarray.py" line="841" name="test_neg[1-&lt;lambda&gt;13]" time="0.0017018318176269531"></testcase><testcase classname="src.pymortests.vectorarray" file="src/pymortests/vectorarray.py" line="841" name="test_neg[1-&lt;lambda&gt;14]" time="0.0018079280853271484"></testcase><testcase classname="src.pymortests.vectorarray" file="src/pymortests/vectorarray.py" line="841" name="test_neg[1-&lt;lambda&gt;15]" time="0.00209808349609375"></testcase><testcase classname="src.pymortests.vectorarray" file="src/pymortests/vectorarray.py" line="841" name="test_neg[1-&lt;lambda&gt;16]" time="0.0020170211791992188"></testcase><testcase classname="src.pymortests.vectorarray" file="src/pymortests/vectorarray.py" line="841" name="test_neg[1-&lt;lambda&gt;17]" time="0.0018053054809570312"></testcase><testcase classname="src.pymortests.vectorarray" file="src/pymortests/vectorarray.py" line="841" name="test_neg[1-&lt;lambda&gt;18]" time="0.0016913414001464844"></testcase><testcase classname="src.pymortests.vectorarray" file="src/pymortests/vectorarray.py" line="841" name="test_neg[1-&lt;lambda&gt;19]" time="0.0031642913818359375"></testcase><testcase classname="src.pymortests.vectorarray" file="src/pymortests/vectorarray.py" line="841" name="test_neg[1-&lt;lambda&gt;20]" time="0.01513528823852539"></testcase><testcase classname="src.pymortests.vectorarray" file="src/pymortests/vectorarray.py" line="841" name="test_neg[1-&lt;lambda&gt;21]" time="0.03389096260070801"></testcase><testcase classname="src.pymortests.vectorarray" file="src/pymortests/vectorarray.py" line="841" name="test_neg[1-&lt;lambda&gt;22]" time="0.001989603042602539"></testcase><testcase classname="src.pymortests.vectorarray" file="src/pymortests/vectorarray.py" line="841" name="test_neg[1-&lt;lambda&gt;23]" time="0.0014882087707519531"></testcase><testcase classname="src.pymortests.vectorarray" file="src/pymortests/vectorarray.py" line="841" name="test_neg[1-&lt;lambda&gt;24]" time="0.0050506591796875"></testcase><testcase classname="src.pymortests.vectorarray" file="src/pymortests/vectorarray.py" line="841" name="test_neg[1-&lt;lambda&gt;25]" time="0.11582827568054199"></testcase><testcase classname="src.pymortests.vectorarray" file="src/pymortests/vectorarray.py" line="841" name="test_neg[1-&lt;lambda&gt;26]" time="0.27443957328796387"></testcase><testcase classname="src.pymortests.vectorarray" file="src/pymortests/vectorarray.py" line="841" name="test_neg[2-&lt;lambda&gt;0]" time="0.0021164417266845703"></testcase><testcase classname="src.pymortests.vectorarray" file="src/pymortests/vectorarray.py" line="841" name="test_neg[2-&lt;lambda&gt;1]" time="0.0014567375183105469"></testcase><testcase classname="src.pymortests.vectorarray" file="src/pymortests/vectorarray.py" line="841" name="test_neg[2-&lt;lambda&gt;2]" time="0.0014874935150146484"></testcase><testcase classname="src.pymortests.vectorarray" file="src/pymortests/vectorarray.py" line="841" name="test_neg[2-&lt;lambda&gt;3]" time="0.0014431476593017578"></testcase><testcase classname="src.pymortests.vectorarray" file="src/pymortests/vectorarray.py" line="841" name="test_neg[2-&lt;lambda&gt;4]" time="0.001378774642944336"></testcase><testcase classname="src.pymortests.vectorarray" file="src/pymortests/vectorarray.py" line="841" name="test_neg[2-&lt;lambda&gt;5]" time="0.0013346672058105469"></testcase><testcase classname="src.pymortests.vectorarray" file="src/pymortests/vectorarray.py" line="841" name="test_neg[2-&lt;lambda&gt;6]" time="0.0012676715850830078"></testcase><testcase classname="src.pymortests.vectorarray" file="src/pymortests/vectorarray.py" line="841" name="test_neg[2-&lt;lambda&gt;7]" time="0.0014233589172363281"></testcase><testcase classname="src.pymortests.vectorarray" file="src/pymortests/vectorarray.py" line="841" name="test_neg[2-&lt;lambda&gt;8]" time="0.004662036895751953"></testcase><testcase classname="src.pymortests.vectorarray" file="src/pymortests/vectorarray.py" line="841" name="test_neg[2-&lt;lambda&gt;9]" time="0.008420944213867188"></testcase><testcase classname="src.pymortests.vectorarray" file="src/pymortests/vectorarray.py" line="841" name="test_neg[2-&lt;lambda&gt;10]" time="0.0018007755279541016"></testcase><testcase classname="src.pymortests.vectorarray" file="src/pymortests/vectorarray.py" line="841" name="test_neg[2-&lt;lambda&gt;11]" time="0.001817941665649414"></testcase><testcase classname="src.pymortests.vectorarray" file="src/pymortests/vectorarray.py" line="841" name="test_neg[2-&lt;lambda&gt;12]" time="0.001817464828491211"></testcase><testcase classname="src.pymortests.vectorarray" file="src/pymortests/vectorarray.py" line="841" name="test_neg[2-&lt;lambda&gt;13]" time="0.0016613006591796875"></testcase><testcase classname="src.pymortests.vectorarray" file="src/pymortests/vectorarray.py" line="841" name="test_neg[2-&lt;lambda&gt;14]" time="0.001775503158569336"></testcase><testcase classname="src.pymortests.vectorarray" file="src/pymortests/vectorarray.py" line="841" name="test_neg[2-&lt;lambda&gt;15]" time="0.0020248889923095703"></testcase><testcase classname="src.pymortests.vectorarray" file="src/pymortests/vectorarray.py" line="841" name="test_neg[2-&lt;lambda&gt;16]" time="0.0020160675048828125"></testcase><testcase classname="src.pymortests.vectorarray" file="src/pymortests/vectorarray.py" line="841" name="test_neg[2-&lt;lambda&gt;17]" time="0.00183868408203125"></testcase><testcase classname="src.pymortests.vectorarray" file="src/pymortests/vectorarray.py" line="841" name="test_neg[2-&lt;lambda&gt;18]" time="0.0016701221466064453"></testcase><testcase classname="src.pymortests.vectorarray" file="src/pymortests/vectorarray.py" line="841" name="test_neg[2-&lt;lambda&gt;19]" time="0.003020763397216797"></testcase><testcase classname="src.pymortests.vectorarray" file="src/pymortests/vectorarray.py" line="841" name="test_neg[2-&lt;lambda&gt;20]" time="0.016185283660888672"></testcase><testcase classname="src.pymortests.vectorarray" file="src/pymortests/vectorarray.py" line="841" name="test_neg[2-&lt;lambda&gt;21]" time="0.033447265625"></testcase><testcase classname="src.pymortests.vectorarray" file="src/pymortests/vectorarray.py" line="841" name="test_neg[2-&lt;lambda&gt;22]" time="0.0019121170043945312"></testcase><testcase classname="src.pymortests.vectorarray" file="src/pymortests/vectorarray.py" line="841" name="test_neg[2-&lt;lambda&gt;23]" time="0.0013804435729980469"></testcase><testcase classname="src.pymortests.vectorarray" file="src/pymortests/vectorarray.py" line="841" name="test_neg[2-&lt;lambda&gt;24]" time="0.0049588680267333984"></testcase><testcase classname="src.pymortests.vectorarray" file="src/pymortests/vectorarray.py" line="841" name="test_neg[2-&lt;lambda&gt;25]" time="0.1154928207397461"></testcase><testcase classname="src.pymortests.vectorarray" file="src/pymortests/vectorarray.py" line="841" name="test_neg[2-&lt;lambda&gt;26]" time="0.2715444564819336"></testcase><testcase classname="src.pymortests.vectorarray" file="src/pymortests/vectorarray.py" line="850" name="test_mul[0-&lt;lambda&gt;0]" time="0.0029997825622558594"></testcase><testcase classname="src.pymortests.vectorarray" file="src/pymortests/vectorarray.py" line="850" name="test_mul[0-&lt;lambda&gt;1]" time="0.0020618438720703125"></testcase><testcase classname="src.pymortests.vectorarray" file="src/pymortests/vectorarray.py" line="850" name="test_mul[0-&lt;lambda&gt;2]" time="0.002046346664428711"></testcase><testcase classname="src.pymortests.vectorarray" file="src/pymortests/vectorarray.py" line="850" name="test_mul[0-&lt;lambda&gt;3]" time="0.0021610260009765625"></testcase><testcase classname="src.pymortests.vectorarray" file="src/pymortests/vectorarray.py" line="850" name="test_mul[0-&lt;lambda&gt;4]" time="0.0020172595977783203"></testcase><testcase classname="src.pymortests.vectorarray" file="src/pymortests/vectorarray.py" line="850" name="test_mul[0-&lt;lambda&gt;5]" time="0.0017626285552978516"></testcase><testcase classname="src.pymortests.vectorarray" file="src/pymortests/vectorarray.py" line="850" name="test_mul[0-&lt;lambda&gt;6]" time="0.001947641372680664"></testcase><testcase classname="src.pymortests.vectorarray" file="src/pymortests/vectorarray.py" line="850" name="test_mul[0-&lt;lambda&gt;7]" time="0.0025010108947753906"></testcase><testcase classname="src.pymortests.vectorarray" file="src/pymortests/vectorarray.py" line="850" name="test_mul[0-&lt;lambda&gt;8]" time="0.015788793563842773"></testcase><testcase classname="src.pymortests.vectorarray" file="src/pymortests/vectorarray.py" line="850" name="test_mul[0-&lt;lambda&gt;9]" time="0.032387733459472656"></testcase><testcase classname="src.pymortests.vectorarray" file="src/pymortests/vectorarray.py" line="850" name="test_mul[0-&lt;lambda&gt;10]" time="0.0040073394775390625"></testcase><testcase classname="src.pymortests.vectorarray" file="src/pymortests/vectorarray.py" line="850" name="test_mul[0-&lt;lambda&gt;11]" time="0.003465890884399414"></testcase><testcase classname="src.pymortests.vectorarray" file="src/pymortests/vectorarray.py" line="850" name="test_mul[0-&lt;lambda&gt;12]" time="0.003377676010131836"></testcase><testcase classname="src.pymortests.vectorarray" file="src/pymortests/vectorarray.py" line="850" name="test_mul[0-&lt;lambda&gt;13]" time="0.0026705265045166016"></testcase><testcase classname="src.pymortests.vectorarray" file="src/pymortests/vectorarray.py" line="850" name="test_mul[0-&lt;lambda&gt;14]" time="0.003418445587158203"></testcase><testcase classname="src.pymortests.vectorarray" file="src/pymortests/vectorarray.py" line="850" name="test_mul[0-&lt;lambda&gt;15]" time="0.0042536258697509766"></testcase><testcase classname="src.pymortests.vectorarray" file="src/pymortests/vectorarray.py" line="850" name="test_mul[0-&lt;lambda&gt;16]" time="0.004069328308105469"></testcase><testcase classname="src.pymortests.vectorarray" file="src/pymortests/vectorarray.py" line="850" name="test_mul[0-&lt;lambda&gt;17]" time="0.0023429393768310547"></testcase><testcase classname="src.pymortests.vectorarray" file="src/pymortests/vectorarray.py" line="850" name="test_mul[0-&lt;lambda&gt;18]" time="0.002241373062133789"></testcase><testcase classname="src.pymortests.vectorarray" file="src/pymortests/vectorarray.py" line="850" name="test_mul[0-&lt;lambda&gt;19]" time="0.00467991828918457"></testcase><testcase classname="src.pymortests.vectorarray" file="src/pymortests/vectorarray.py" line="850" name="test_mul[0-&lt;lambda&gt;20]" time="0.03599357604980469"></testcase><testcase classname="src.pymortests.vectorarray" file="src/pymortests/vectorarray.py" line="850" name="test_mul[0-&lt;lambda&gt;21]" time="0.08359527587890625"></testcase><testcase classname="src.pymortests.vectorarray" file="src/pymortests/vectorarray.py" line="850" name="test_mul[0-&lt;lambda&gt;22]" time="0.0026035308837890625"></testcase><testcase classname="src.pymortests.vectorarray" file="src/pymortests/vectorarray.py" line="850" name="test_mul[0-&lt;lambda&gt;23]" time="0.001794576644897461"></testcase><testcase classname="src.pymortests.vectorarray" file="src/pymortests/vectorarray.py" line="850" name="test_mul[0-&lt;lambda&gt;24]" time="0.014360666275024414"></testcase><testcase classname="src.pymortests.vectorarray" file="src/pymortests/vectorarray.py" line="850" name="test_mul[0-&lt;lambda&gt;25]" time="0.48130321502685547"></testcase><testcase classname="src.pymortests.vectorarray" file="src/pymortests/vectorarray.py" line="850" name="test_mul[0-&lt;lambda&gt;26]" time="1.1354446411132812"></testcase><testcase classname="src.pymortests.vectorarray" file="src/pymortests/vectorarray.py" line="850" name="test_mul[1-&lt;lambda&gt;0]" time="0.00296783447265625"></testcase><testcase classname="src.pymortests.vectorarray" file="src/pymortests/vectorarray.py" line="850" name="test_mul[1-&lt;lambda&gt;1]" time="0.0020263195037841797"></testcase><testcase classname="src.pymortests.vectorarray" file="src/pymortests/vectorarray.py" line="850" name="test_mul[1-&lt;lambda&gt;2]" time="0.0020351409912109375"></testcase><testcase classname="src.pymortests.vectorarray" file="src/pymortests/vectorarray.py" line="850" name="test_mul[1-&lt;lambda&gt;3]" time="0.0021355152130126953"></testcase><testcase classname="src.pymortests.vectorarray" file="src/pymortests/vectorarray.py" line="850" name="test_mul[1-&lt;lambda&gt;4]" time="0.0019321441650390625"></testcase><testcase classname="src.pymortests.vectorarray" file="src/pymortests/vectorarray.py" line="850" name="test_mul[1-&lt;lambda&gt;5]" time="0.0017502307891845703"></testcase><testcase classname="src.pymortests.vectorarray" file="src/pymortests/vectorarray.py" line="850" name="test_mul[1-&lt;lambda&gt;6]" time="0.0016741752624511719"></testcase><testcase classname="src.pymortests.vectorarray" file="src/pymortests/vectorarray.py" line="850" name="test_mul[1-&lt;lambda&gt;7]" time="0.0022215843200683594"></testcase><testcase classname="src.pymortests.vectorarray" file="src/pymortests/vectorarray.py" line="850" name="test_mul[1-&lt;lambda&gt;8]" time="0.015589475631713867"></testcase><testcase classname="src.pymortests.vectorarray" file="src/pymortests/vectorarray.py" line="850" name="test_mul[1-&lt;lambda&gt;9]" time="0.0323178768157959"></testcase><testcase classname="src.pymortests.vectorarray" file="src/pymortests/vectorarray.py" line="850" name="test_mul[1-&lt;lambda&gt;10]" time="0.0041577816009521484"></testcase><testcase classname="src.pymortests.vectorarray" file="src/pymortests/vectorarray.py" line="850" name="test_mul[1-&lt;lambda&gt;11]" time="0.0036406517028808594"></testcase><testcase classname="src.pymortests.vectorarray" file="src/pymortests/vectorarray.py" line="850" name="test_mul[1-&lt;lambda&gt;12]" time="0.0033152103424072266"></testcase><testcase classname="src.pymortests.vectorarray" file="src/pymortests/vectorarray.py" line="850" name="test_mul[1-&lt;lambda&gt;13]" time="0.0027539730072021484"></testcase><testcase classname="src.pymortests.vectorarray" file="src/pymortests/vectorarray.py" line="850" name="test_mul[1-&lt;lambda&gt;14]" time="0.0034830570220947266"></testcase><testcase classname="src.pymortests.vectorarray" file="src/pymortests/vectorarray.py" line="850" name="test_mul[1-&lt;lambda&gt;15]" time="0.004264116287231445"></testcase><testcase classname="src.pymortests.vectorarray" file="src/pymortests/vectorarray.py" line="850" name="test_mul[1-&lt;lambda&gt;16]" time="0.003966331481933594"></testcase><testcase classname="src.pymortests.vectorarray" file="src/pymortests/vectorarray.py" line="850" name="test_mul[1-&lt;lambda&gt;17]" time="0.0023293495178222656"></testcase><testcase classname="src.pymortests.vectorarray" file="src/pymortests/vectorarray.py" line="850" name="test_mul[1-&lt;lambda&gt;18]" time="0.0021331310272216797"></testcase><testcase classname="src.pymortests.vectorarray" file="src/pymortests/vectorarray.py" line="850" name="test_mul[1-&lt;lambda&gt;19]" time="0.004651308059692383"></testcase><testcase classname="src.pymortests.vectorarray" file="src/pymortests/vectorarray.py" line="850" name="test_mul[1-&lt;lambda&gt;20]" time="0.03551459312438965"></testcase><testcase classname="src.pymortests.vectorarray" file="src/pymortests/vectorarray.py" line="850" name="test_mul[1-&lt;lambda&gt;21]" time="0.08155560493469238"></testcase><testcase classname="src.pymortests.vectorarray" file="src/pymortests/vectorarray.py" line="850" name="test_mul[1-&lt;lambda&gt;22]" time="0.0026123523712158203"></testcase><testcase classname="src.pymortests.vectorarray" file="src/pymortests/vectorarray.py" line="850" name="test_mul[1-&lt;lambda&gt;23]" time="0.0018324851989746094"></testcase><testcase classname="src.pymortests.vectorarray" file="src/pymortests/vectorarray.py" line="850" name="test_mul[1-&lt;lambda&gt;24]" time="0.014528036117553711"></testcase><testcase classname="src.pymortests.vectorarray" file="src/pymortests/vectorarray.py" line="850" name="test_mul[1-&lt;lambda&gt;25]" time="0.47902441024780273"></testcase><testcase classname="src.pymortests.vectorarray" file="src/pymortests/vectorarray.py" line="850" name="test_mul[1-&lt;lambda&gt;26]" time="1.1414496898651123"></testcase><testcase classname="src.pymortests.vectorarray" file="src/pymortests/vectorarray.py" line="850" name="test_mul[2-&lt;lambda&gt;0]" time="0.0030548572540283203"></testcase><testcase classname="src.pymortests.vectorarray" file="src/pymortests/vectorarray.py" line="850" name="test_mul[2-&lt;lambda&gt;1]" time="0.0022394657135009766"></testcase><testcase classname="src.pymortests.vectorarray" file="src/pymortests/vectorarray.py" line="850" name="test_mul[2-&lt;lambda&gt;2]" time="0.0020973682403564453"></testcase><testcase classname="src.pymortests.vectorarray" file="src/pymortests/vectorarray.py" line="850" name="test_mul[2-&lt;lambda&gt;3]" time="0.0021550655364990234"></testcase><testcase classname="src.pymortests.vectorarray" file="src/pymortests/vectorarray.py" line="850" name="test_mul[2-&lt;lambda&gt;4]" time="0.0019567012786865234"></testcase><testcase classname="src.pymortests.vectorarray" file="src/pymortests/vectorarray.py" line="850" name="test_mul[2-&lt;lambda&gt;5]" time="0.0017251968383789062"></testcase><testcase classname="src.pymortests.vectorarray" file="src/pymortests/vectorarray.py" line="850" name="test_mul[2-&lt;lambda&gt;6]" time="0.001748800277709961"></testcase><testcase classname="src.pymortests.vectorarray" file="src/pymortests/vectorarray.py" line="850" name="test_mul[2-&lt;lambda&gt;7]" time="0.002386331558227539"></testcase><testcase classname="src.pymortests.vectorarray" file="src/pymortests/vectorarray.py" line="850" name="test_mul[2-&lt;lambda&gt;8]" time="0.015695810317993164"></testcase><testcase classname="src.pymortests.vectorarray" file="src/pymortests/vectorarray.py" line="850" name="test_mul[2-&lt;lambda&gt;9]" time="0.03256058692932129"></testcase><testcase classname="src.pymortests.vectorarray" file="src/pymortests/vectorarray.py" line="850" name="test_mul[2-&lt;lambda&gt;10]" time="0.004140377044677734"></testcase><testcase classname="src.pymortests.vectorarray" file="src/pymortests/vectorarray.py" line="850" name="test_mul[2-&lt;lambda&gt;11]" time="0.0035500526428222656"></testcase><testcase classname="src.pymortests.vectorarray" file="src/pymortests/vectorarray.py" line="850" name="test_mul[2-&lt;lambda&gt;12]" time="0.003471851348876953"></testcase><testcase classname="src.pymortests.vectorarray" file="src/pymortests/vectorarray.py" line="850" name="test_mul[2-&lt;lambda&gt;13]" time="0.002736806869506836"></testcase><testcase classname="src.pymortests.vectorarray" file="src/pymortests/vectorarray.py" line="850" name="test_mul[2-&lt;lambda&gt;14]" time="0.0034284591674804688"></testcase><testcase classname="src.pymortests.vectorarray" file="src/pymortests/vectorarray.py" line="850" name="test_mul[2-&lt;lambda&gt;15]" time="0.00424504280090332"></testcase><testcase classname="src.pymortests.vectorarray" file="src/pymortests/vectorarray.py" line="850" name="test_mul[2-&lt;lambda&gt;16]" time="0.0040433406829833984"></testcase><testcase classname="src.pymortests.vectorarray" file="src/pymortests/vectorarray.py" line="850" name="test_mul[2-&lt;lambda&gt;17]" time="0.0023081302642822266"></testcase><testcase classname="src.pymortests.vectorarray" file="src/pymortests/vectorarray.py" line="850" name="test_mul[2-&lt;lambda&gt;18]" time="0.0022249221801757812"></testcase><testcase classname="src.pymortests.vectorarray" file="src/pymortests/vectorarray.py" line="850" name="test_mul[2-&lt;lambda&gt;19]" time="0.004557371139526367"></testcase><testcase classname="src.pymortests.vectorarray" file="src/pymortests/vectorarray.py" line="850" name="test_mul[2-&lt;lambda&gt;20]" time="0.03572273254394531"></testcase><testcase classname="src.pymortests.vectorarray" file="src/pymortests/vectorarray.py" line="850" name="test_mul[2-&lt;lambda&gt;21]" time="0.08491826057434082"></testcase><testcase classname="src.pymortests.vectorarray" file="src/pymortests/vectorarray.py" line="850" name="test_mul[2-&lt;lambda&gt;22]" time="0.0025529861450195312"></testcase><testcase classname="src.pymortests.vectorarray" file="src/pymortests/vectorarray.py" line="850" name="test_mul[2-&lt;lambda&gt;23]" time="0.001804351806640625"></testcase><testcase classname="src.pymortests.vectorarray" file="src/pymortests/vectorarray.py" line="850" name="test_mul[2-&lt;lambda&gt;24]" time="0.014943599700927734"></testcase><testcase classname="src.pymortests.vectorarray" file="src/pymortests/vectorarray.py" line="850" name="test_mul[2-&lt;lambda&gt;25]" time="0.4841446876525879"></testcase><testcase classname="src.pymortests.vectorarray" file="src/pymortests/vectorarray.py" line="850" name="test_mul[2-&lt;lambda&gt;26]" time="1.1363067626953125"></testcase><testcase classname="src.pymortests.vectorarray" file="src/pymortests/vectorarray.py" line="860" name="test_mul_wrong_factor[0-&lt;lambda&gt;0]" time="0.001878976821899414"></testcase><testcase classname="src.pymortests.vectorarray" file="src/pymortests/vectorarray.py" line="860" name="test_mul_wrong_factor[0-&lt;lambda&gt;1]" time="0.0012574195861816406"></testcase><testcase classname="src.pymortests.vectorarray" file="src/pymortests/vectorarray.py" line="860" name="test_mul_wrong_factor[0-&lt;lambda&gt;2]" time="0.001165151596069336"></testcase><testcase classname="src.pymortests.vectorarray" file="src/pymortests/vectorarray.py" line="860" name="test_mul_wrong_factor[0-&lt;lambda&gt;3]" time="0.0011997222900390625"></testcase><testcase classname="src.pymortests.vectorarray" file="src/pymortests/vectorarray.py" line="860" name="test_mul_wrong_factor[0-&lt;lambda&gt;4]" time="0.001178741455078125"></testcase><testcase classname="src.pymortests.vectorarray" file="src/pymortests/vectorarray.py" line="860" name="test_mul_wrong_factor[0-&lt;lambda&gt;5]" time="0.0012094974517822266"></testcase><testcase classname="src.pymortests.vectorarray" file="src/pymortests/vectorarray.py" line="860" name="test_mul_wrong_factor[0-&lt;lambda&gt;6]" time="0.0011560916900634766"></testcase><testcase classname="src.pymortests.vectorarray" file="src/pymortests/vectorarray.py" line="860" name="test_mul_wrong_factor[0-&lt;lambda&gt;7]" time="0.0011510848999023438"></testcase><testcase classname="src.pymortests.vectorarray" file="src/pymortests/vectorarray.py" line="860" name="test_mul_wrong_factor[0-&lt;lambda&gt;8]" time="0.0014390945434570312"></testcase><testcase classname="src.pymortests.vectorarray" file="src/pymortests/vectorarray.py" line="860" name="test_mul_wrong_factor[0-&lt;lambda&gt;9]" time="0.0018420219421386719"></testcase><testcase classname="src.pymortests.vectorarray" file="src/pymortests/vectorarray.py" line="860" name="test_mul_wrong_factor[0-&lt;lambda&gt;10]" time="0.0012748241424560547"></testcase><testcase classname="src.pymortests.vectorarray" file="src/pymortests/vectorarray.py" line="860" name="test_mul_wrong_factor[0-&lt;lambda&gt;11]" time="0.0012557506561279297"></testcase><testcase classname="src.pymortests.vectorarray" file="src/pymortests/vectorarray.py" line="860" name="test_mul_wrong_factor[0-&lt;lambda&gt;12]" time="0.0012373924255371094"></testcase><testcase classname="src.pymortests.vectorarray" file="src/pymortests/vectorarray.py" line="860" name="test_mul_wrong_factor[0-&lt;lambda&gt;13]" time="0.0011653900146484375"></testcase><testcase classname="src.pymortests.vectorarray" file="src/pymortests/vectorarray.py" line="860" name="test_mul_wrong_factor[0-&lt;lambda&gt;14]" time="0.0012331008911132812"></testcase><testcase classname="src.pymortests.vectorarray" file="src/pymortests/vectorarray.py" line="860" name="test_mul_wrong_factor[0-&lt;lambda&gt;15]" time="0.001260519027709961"></testcase><testcase classname="src.pymortests.vectorarray" file="src/pymortests/vectorarray.py" line="860" name="test_mul_wrong_factor[0-&lt;lambda&gt;16]" time="0.0012662410736083984"></testcase><testcase classname="src.pymortests.vectorarray" file="src/pymortests/vectorarray.py" line="860" name="test_mul_wrong_factor[0-&lt;lambda&gt;17]" time="0.0015583038330078125"></testcase><testcase classname="src.pymortests.vectorarray" file="src/pymortests/vectorarray.py" line="860" name="test_mul_wrong_factor[0-&lt;lambda&gt;18]" time="0.0014884471893310547"></testcase><testcase classname="src.pymortests.vectorarray" file="src/pymortests/vectorarray.py" line="860" name="test_mul_wrong_factor[0-&lt;lambda&gt;19]" time="0.002382040023803711"></testcase><testcase classname="src.pymortests.vectorarray" file="src/pymortests/vectorarray.py" line="860" name="test_mul_wrong_factor[0-&lt;lambda&gt;20]" time="0.009264707565307617"></testcase><testcase classname="src.pymortests.vectorarray" file="src/pymortests/vectorarray.py" line="860" name="test_mul_wrong_factor[0-&lt;lambda&gt;21]" time="0.020215988159179688"></testcase><testcase classname="src.pymortests.vectorarray" file="src/pymortests/vectorarray.py" line="860" name="test_mul_wrong_factor[0-&lt;lambda&gt;22]" time="0.0016658306121826172"></testcase><testcase classname="src.pymortests.vectorarray" file="src/pymortests/vectorarray.py" line="860" name="test_mul_wrong_factor[0-&lt;lambda&gt;23]" time="0.0012001991271972656"></testcase><testcase classname="src.pymortests.vectorarray" file="src/pymortests/vectorarray.py" line="860" name="test_mul_wrong_factor[0-&lt;lambda&gt;24]" time="0.002129077911376953"></testcase><testcase classname="src.pymortests.vectorarray" file="src/pymortests/vectorarray.py" line="860" name="test_mul_wrong_factor[0-&lt;lambda&gt;25]" time="0.02368950843811035"></testcase><testcase classname="src.pymortests.vectorarray" file="src/pymortests/vectorarray.py" line="860" name="test_mul_wrong_factor[0-&lt;lambda&gt;26]" time="0.05382394790649414"></testcase><testcase classname="src.pymortests.vectorarray" file="src/pymortests/vectorarray.py" line="860" name="test_mul_wrong_factor[1-&lt;lambda&gt;0]" time="0.0018243789672851562"></testcase><testcase classname="src.pymortests.vectorarray" file="src/pymortests/vectorarray.py" line="860" name="test_mul_wrong_factor[1-&lt;lambda&gt;1]" time="0.001325368881225586"></testcase><testcase classname="src.pymortests.vectorarray" file="src/pymortests/vectorarray.py" line="860" name="test_mul_wrong_factor[1-&lt;lambda&gt;2]" time="0.0012547969818115234"></testcase><testcase classname="src.pymortests.vectorarray" file="src/pymortests/vectorarray.py" line="860" name="test_mul_wrong_factor[1-&lt;lambda&gt;3]" time="0.0013608932495117188"></testcase><testcase classname="src.pymortests.vectorarray" file="src/pymortests/vectorarray.py" line="860" name="test_mul_wrong_factor[1-&lt;lambda&gt;4]" time="0.0011882781982421875"></testcase><testcase classname="src.pymortests.vectorarray" file="src/pymortests/vectorarray.py" line="860" name="test_mul_wrong_factor[1-&lt;lambda&gt;5]" time="0.0012054443359375"></testcase><testcase classname="src.pymortests.vectorarray" file="src/pymortests/vectorarray.py" line="860" name="test_mul_wrong_factor[1-&lt;lambda&gt;6]" time="0.001178741455078125"></testcase><testcase classname="src.pymortests.vectorarray" file="src/pymortests/vectorarray.py" line="860" name="test_mul_wrong_factor[1-&lt;lambda&gt;7]" time="0.0012199878692626953"></testcase><testcase classname="src.pymortests.vectorarray" file="src/pymortests/vectorarray.py" line="860" name="test_mul_wrong_factor[1-&lt;lambda&gt;8]" time="0.0016224384307861328"></testcase><testcase classname="src.pymortests.vectorarray" file="src/pymortests/vectorarray.py" line="860" name="test_mul_wrong_factor[1-&lt;lambda&gt;9]" time="0.002290487289428711"></testcase><testcase classname="src.pymortests.vectorarray" file="src/pymortests/vectorarray.py" line="860" name="test_mul_wrong_factor[1-&lt;lambda&gt;10]" time="0.00141143798828125"></testcase><testcase classname="src.pymortests.vectorarray" file="src/pymortests/vectorarray.py" line="860" name="test_mul_wrong_factor[1-&lt;lambda&gt;11]" time="0.0013849735260009766"></testcase><testcase classname="src.pymortests.vectorarray" file="src/pymortests/vectorarray.py" line="860" name="test_mul_wrong_factor[1-&lt;lambda&gt;12]" time="0.0013148784637451172"></testcase><testcase classname="src.pymortests.vectorarray" file="src/pymortests/vectorarray.py" line="860" name="test_mul_wrong_factor[1-&lt;lambda&gt;13]" time="0.0013668537139892578"></testcase><testcase classname="src.pymortests.vectorarray" file="src/pymortests/vectorarray.py" line="860" name="test_mul_wrong_factor[1-&lt;lambda&gt;14]" time="0.0013546943664550781"></testcase><testcase classname="src.pymortests.vectorarray" file="src/pymortests/vectorarray.py" line="860" name="test_mul_wrong_factor[1-&lt;lambda&gt;15]" time="0.0014505386352539062"></testcase><testcase classname="src.pymortests.vectorarray" file="src/pymortests/vectorarray.py" line="860" name="test_mul_wrong_factor[1-&lt;lambda&gt;16]" time="0.0014109611511230469"></testcase><testcase classname="src.pymortests.vectorarray" file="src/pymortests/vectorarray.py" line="860" name="test_mul_wrong_factor[1-&lt;lambda&gt;17]" time="0.0016336441040039062"></testcase><testcase classname="src.pymortests.vectorarray" file="src/pymortests/vectorarray.py" line="860" name="test_mul_wrong_factor[1-&lt;lambda&gt;18]" time="0.0015358924865722656"></testcase><testcase classname="src.pymortests.vectorarray" file="src/pymortests/vectorarray.py" line="860" name="test_mul_wrong_factor[1-&lt;lambda&gt;19]" time="0.0025124549865722656"></testcase><testcase classname="src.pymortests.vectorarray" file="src/pymortests/vectorarray.py" line="860" name="test_mul_wrong_factor[1-&lt;lambda&gt;20]" time="0.009487152099609375"></testcase><testcase classname="src.pymortests.vectorarray" file="src/pymortests/vectorarray.py" line="860" name="test_mul_wrong_factor[1-&lt;lambda&gt;21]" time="0.019988536834716797"></testcase><testcase classname="src.pymortests.vectorarray" file="src/pymortests/vectorarray.py" line="860" name="test_mul_wrong_factor[1-&lt;lambda&gt;22]" time="0.0018143653869628906"></testcase><testcase classname="src.pymortests.vectorarray" file="src/pymortests/vectorarray.py" line="860" name="test_mul_wrong_factor[1-&lt;lambda&gt;23]" time="0.0012102127075195312"></testcase><testcase classname="src.pymortests.vectorarray" file="src/pymortests/vectorarray.py" line="860" name="test_mul_wrong_factor[1-&lt;lambda&gt;24]" time="0.002173185348510742"></testcase><testcase classname="src.pymortests.vectorarray" file="src/pymortests/vectorarray.py" line="860" name="test_mul_wrong_factor[1-&lt;lambda&gt;25]" time="0.023543119430541992"></testcase><testcase classname="src.pymortests.vectorarray" file="src/pymortests/vectorarray.py" line="860" name="test_mul_wrong_factor[1-&lt;lambda&gt;26]" time="0.05472922325134277"></testcase><testcase classname="src.pymortests.vectorarray" file="src/pymortests/vectorarray.py" line="860" name="test_mul_wrong_factor[2-&lt;lambda&gt;0]" time="0.0018000602722167969"></testcase><testcase classname="src.pymortests.vectorarray" file="src/pymortests/vectorarray.py" line="860" name="test_mul_wrong_factor[2-&lt;lambda&gt;1]" time="0.0012974739074707031"></testcase><testcase classname="src.pymortests.vectorarray" file="src/pymortests/vectorarray.py" line="860" name="test_mul_wrong_factor[2-&lt;lambda&gt;2]" time="0.0012044906616210938"></testcase><testcase classname="src.pymortests.vectorarray" file="src/pymortests/vectorarray.py" line="860" name="test_mul_wrong_factor[2-&lt;lambda&gt;3]" time="0.0012161731719970703"></testcase><testcase classname="src.pymortests.vectorarray" file="src/pymortests/vectorarray.py" line="860" name="test_mul_wrong_factor[2-&lt;lambda&gt;4]" time="0.0011818408966064453"></testcase><testcase classname="src.pymortests.vectorarray" file="src/pymortests/vectorarray.py" line="860" name="test_mul_wrong_factor[2-&lt;lambda&gt;5]" time="0.0012264251708984375"></testcase><testcase classname="src.pymortests.vectorarray" file="src/pymortests/vectorarray.py" line="860" name="test_mul_wrong_factor[2-&lt;lambda&gt;6]" time="0.001192331314086914"></testcase><testcase classname="src.pymortests.vectorarray" file="src/pymortests/vectorarray.py" line="860" name="test_mul_wrong_factor[2-&lt;lambda&gt;7]" time="0.0011682510375976562"></testcase><testcase classname="src.pymortests.vectorarray" file="src/pymortests/vectorarray.py" line="860" name="test_mul_wrong_factor[2-&lt;lambda&gt;8]" time="0.0016052722930908203"></testcase><testcase classname="src.pymortests.vectorarray" file="src/pymortests/vectorarray.py" line="860" name="test_mul_wrong_factor[2-&lt;lambda&gt;9]" time="0.002264261245727539"></testcase><testcase classname="src.pymortests.vectorarray" file="src/pymortests/vectorarray.py" line="860" name="test_mul_wrong_factor[2-&lt;lambda&gt;10]" time="0.001344442367553711"></testcase><testcase classname="src.pymortests.vectorarray" file="src/pymortests/vectorarray.py" line="860" name="test_mul_wrong_factor[2-&lt;lambda&gt;11]" time="0.001325368881225586"></testcase><testcase classname="src.pymortests.vectorarray" file="src/pymortests/vectorarray.py" line="860" name="test_mul_wrong_factor[2-&lt;lambda&gt;12]" time="0.0013432502746582031"></testcase><testcase classname="src.pymortests.vectorarray" file="src/pymortests/vectorarray.py" line="860" name="test_mul_wrong_factor[2-&lt;lambda&gt;13]" time="0.001332998275756836"></testcase><testcase classname="src.pymortests.vectorarray" file="src/pymortests/vectorarray.py" line="860" name="test_mul_wrong_factor[2-&lt;lambda&gt;14]" time="0.0013668537139892578"></testcase><testcase classname="src.pymortests.vectorarray" file="src/pymortests/vectorarray.py" line="860" name="test_mul_wrong_factor[2-&lt;lambda&gt;15]" time="0.0013756752014160156"></testcase><testcase classname="src.pymortests.vectorarray" file="src/pymortests/vectorarray.py" line="860" name="test_mul_wrong_factor[2-&lt;lambda&gt;16]" time="0.0013146400451660156"></testcase><testcase classname="src.pymortests.vectorarray" file="src/pymortests/vectorarray.py" line="860" name="test_mul_wrong_factor[2-&lt;lambda&gt;17]" time="0.0016567707061767578"></testcase><testcase classname="src.pymortests.vectorarray" file="src/pymortests/vectorarray.py" line="860" name="test_mul_wrong_factor[2-&lt;lambda&gt;18]" time="0.001506805419921875"></testcase><testcase classname="src.pymortests.vectorarray" file="src/pymortests/vectorarray.py" line="860" name="test_mul_wrong_factor[2-&lt;lambda&gt;19]" time="0.0023920536041259766"></testcase><testcase classname="src.pymortests.vectorarray" file="src/pymortests/vectorarray.py" line="860" name="test_mul_wrong_factor[2-&lt;lambda&gt;20]" time="0.009298324584960938"></testcase><testcase classname="src.pymortests.vectorarray" file="src/pymortests/vectorarray.py" line="860" name="test_mul_wrong_factor[2-&lt;lambda&gt;21]" time="0.020328998565673828"></testcase><testcase classname="src.pymortests.vectorarray" file="src/pymortests/vectorarray.py" line="860" name="test_mul_wrong_factor[2-&lt;lambda&gt;22]" time="0.0016832351684570312"></testcase><testcase classname="src.pymortests.vectorarray" file="src/pymortests/vectorarray.py" line="860" name="test_mul_wrong_factor[2-&lt;lambda&gt;23]" time="0.0012240409851074219"></testcase><testcase classname="src.pymortests.vectorarray" file="src/pymortests/vectorarray.py" line="860" name="test_mul_wrong_factor[2-&lt;lambda&gt;24]" time="0.002048015594482422"></testcase><testcase classname="src.pymortests.vectorarray" file="src/pymortests/vectorarray.py" line="860" name="test_mul_wrong_factor[2-&lt;lambda&gt;25]" time="0.023798227310180664"></testcase><testcase classname="src.pymortests.vectorarray" file="src/pymortests/vectorarray.py" line="860" name="test_mul_wrong_factor[2-&lt;lambda&gt;26]" time="0.05685234069824219"></testcase><testcase classname="src.pymortests.vectorarray" file="src/pymortests/vectorarray.py" line="866" name="test_rmul[0-&lt;lambda&gt;0]" time="0.0030744075775146484"></testcase><testcase classname="src.pymortests.vectorarray" file="src/pymortests/vectorarray.py" line="866" name="test_rmul[0-&lt;lambda&gt;1]" time="0.0020666122436523438"></testcase><testcase classname="src.pymortests.vectorarray" file="src/pymortests/vectorarray.py" line="866" name="test_rmul[0-&lt;lambda&gt;2]" time="0.001996278762817383"></testcase><testcase classname="src.pymortests.vectorarray" file="src/pymortests/vectorarray.py" line="866" name="test_rmul[0-&lt;lambda&gt;3]" time="0.0021142959594726562"></testcase><testcase classname="src.pymortests.vectorarray" file="src/pymortests/vectorarray.py" line="866" name="test_rmul[0-&lt;lambda&gt;4]" time="0.0019233226776123047"></testcase><testcase classname="src.pymortests.vectorarray" file="src/pymortests/vectorarray.py" line="866" name="test_rmul[0-&lt;lambda&gt;5]" time="0.0016553401947021484"></testcase><testcase classname="src.pymortests.vectorarray" file="src/pymortests/vectorarray.py" line="866" name="test_rmul[0-&lt;lambda&gt;6]" time="0.0016415119171142578"></testcase><testcase classname="src.pymortests.vectorarray" file="src/pymortests/vectorarray.py" line="866" name="test_rmul[0-&lt;lambda&gt;7]" time="0.0022983551025390625"></testcase><testcase classname="src.pymortests.vectorarray" file="src/pymortests/vectorarray.py" line="866" name="test_rmul[0-&lt;lambda&gt;8]" time="0.015509605407714844"></testcase><testcase classname="src.pymortests.vectorarray" file="src/pymortests/vectorarray.py" line="866" name="test_rmul[0-&lt;lambda&gt;9]" time="0.03209400177001953"></testcase><testcase classname="src.pymortests.vectorarray" file="src/pymortests/vectorarray.py" line="866" name="test_rmul[0-&lt;lambda&gt;10]" time="0.004116058349609375"></testcase><testcase classname="src.pymortests.vectorarray" file="src/pymortests/vectorarray.py" line="866" name="test_rmul[0-&lt;lambda&gt;11]" time="0.0034558773040771484"></testcase><testcase classname="src.pymortests.vectorarray" file="src/pymortests/vectorarray.py" line="866" name="test_rmul[0-&lt;lambda&gt;12]" time="0.003344297409057617"></testcase><testcase classname="src.pymortests.vectorarray" file="src/pymortests/vectorarray.py" line="866" name="test_rmul[0-&lt;lambda&gt;13]" time="0.0027112960815429688"></testcase><testcase classname="src.pymortests.vectorarray" file="src/pymortests/vectorarray.py" line="866" name="test_rmul[0-&lt;lambda&gt;14]" time="0.003396749496459961"></testcase><testcase classname="src.pymortests.vectorarray" file="src/pymortests/vectorarray.py" line="866" name="test_rmul[0-&lt;lambda&gt;15]" time="0.004289388656616211"></testcase><testcase classname="src.pymortests.vectorarray" file="src/pymortests/vectorarray.py" line="866" name="test_rmul[0-&lt;lambda&gt;16]" time="0.003975391387939453"></testcase><testcase classname="src.pymortests.vectorarray" file="src/pymortests/vectorarray.py" line="866" name="test_rmul[0-&lt;lambda&gt;17]" time="0.0022974014282226562"></testcase><testcase classname="src.pymortests.vectorarray" file="src/pymortests/vectorarray.py" line="866" name="test_rmul[0-&lt;lambda&gt;18]" time="0.002264738082885742"></testcase><testcase classname="src.pymortests.vectorarray" file="src/pymortests/vectorarray.py" line="866" name="test_rmul[0-&lt;lambda&gt;19]" time="0.0045583248138427734"></testcase><testcase classname="src.pymortests.vectorarray" file="src/pymortests/vectorarray.py" line="866" name="test_rmul[0-&lt;lambda&gt;20]" time="0.03539562225341797"></testcase><testcase classname="src.pymortests.vectorarray" file="src/pymortests/vectorarray.py" line="866" name="test_rmul[0-&lt;lambda&gt;21]" time="0.08345413208007812"></testcase><testcase classname="src.pymortests.vectorarray" file="src/pymortests/vectorarray.py" line="866" name="test_rmul[0-&lt;lambda&gt;22]" time="0.002631664276123047"></testcase><testcase classname="src.pymortests.vectorarray" file="src/pymortests/vectorarray.py" line="866" name="test_rmul[0-&lt;lambda&gt;23]" time="0.0018465518951416016"></testcase><testcase classname="src.pymortests.vectorarray" file="src/pymortests/vectorarray.py" line="866" name="test_rmul[0-&lt;lambda&gt;24]" time="0.014536380767822266"></testcase><testcase classname="src.pymortests.vectorarray" file="src/pymortests/vectorarray.py" line="866" name="test_rmul[0-&lt;lambda&gt;25]" time="0.48413586616516113"></testcase><testcase classname="src.pymortests.vectorarray" file="src/pymortests/vectorarray.py" line="866" name="test_rmul[0-&lt;lambda&gt;26]" time="1.1369125843048096"></testcase><testcase classname="src.pymortests.vectorarray" file="src/pymortests/vectorarray.py" line="866" name="test_rmul[1-&lt;lambda&gt;0]" time="0.0030846595764160156"></testcase><testcase classname="src.pymortests.vectorarray" file="src/pymortests/vectorarray.py" line="866" name="test_rmul[1-&lt;lambda&gt;1]" time="0.0021469593048095703"></testcase><testcase classname="src.pymortests.vectorarray" file="src/pymortests/vectorarray.py" line="866" name="test_rmul[1-&lt;lambda&gt;2]" time="0.0021979808807373047"></testcase><testcase classname="src.pymortests.vectorarray" file="src/pymortests/vectorarray.py" line="866" name="test_rmul[1-&lt;lambda&gt;3]" time="0.002388477325439453"></testcase><testcase classname="src.pymortests.vectorarray" file="src/pymortests/vectorarray.py" line="866" name="test_rmul[1-&lt;lambda&gt;4]" time="0.0020525455474853516"></testcase><testcase classname="src.pymortests.vectorarray" file="src/pymortests/vectorarray.py" line="866" name="test_rmul[1-&lt;lambda&gt;5]" time="0.0017724037170410156"></testcase><testcase classname="src.pymortests.vectorarray" file="src/pymortests/vectorarray.py" line="866" name="test_rmul[1-&lt;lambda&gt;6]" time="0.0017125606536865234"></testcase><testcase classname="src.pymortests.vectorarray" file="src/pymortests/vectorarray.py" line="866" name="test_rmul[1-&lt;lambda&gt;7]" time="0.0022568702697753906"></testcase><testcase classname="src.pymortests.vectorarray" file="src/pymortests/vectorarray.py" line="866" name="test_rmul[1-&lt;lambda&gt;8]" time="0.015619516372680664"></testcase><testcase classname="src.pymortests.vectorarray" file="src/pymortests/vectorarray.py" line="866" name="test_rmul[1-&lt;lambda&gt;9]" time="0.03267025947570801"></testcase><testcase classname="src.pymortests.vectorarray" file="src/pymortests/vectorarray.py" line="866" name="test_rmul[1-&lt;lambda&gt;10]" time="0.004323005676269531"></testcase><testcase classname="src.pymortests.vectorarray" file="src/pymortests/vectorarray.py" line="866" name="test_rmul[1-&lt;lambda&gt;11]" time="0.0035088062286376953"></testcase><testcase classname="src.pymortests.vectorarray" file="src/pymortests/vectorarray.py" line="866" name="test_rmul[1-&lt;lambda&gt;12]" time="0.003391265869140625"></testcase><testcase classname="src.pymortests.vectorarray" file="src/pymortests/vectorarray.py" line="866" name="test_rmul[1-&lt;lambda&gt;13]" time="0.0027413368225097656"></testcase><testcase classname="src.pymortests.vectorarray" file="src/pymortests/vectorarray.py" line="866" name="test_rmul[1-&lt;lambda&gt;14]" time="0.0033617019653320312"></testcase><testcase classname="src.pymortests.vectorarray" file="src/pymortests/vectorarray.py" line="866" name="test_rmul[1-&lt;lambda&gt;15]" time="0.00420689582824707"></testcase><testcase classname="src.pymortests.vectorarray" file="src/pymortests/vectorarray.py" line="866" name="test_rmul[1-&lt;lambda&gt;16]" time="0.003963470458984375"></testcase><testcase classname="src.pymortests.vectorarray" file="src/pymortests/vectorarray.py" line="866" name="test_rmul[1-&lt;lambda&gt;17]" time="0.002304553985595703"></testcase><testcase classname="src.pymortests.vectorarray" file="src/pymortests/vectorarray.py" line="866" name="test_rmul[1-&lt;lambda&gt;18]" time="0.0020987987518310547"></testcase><testcase classname="src.pymortests.vectorarray" file="src/pymortests/vectorarray.py" line="866" name="test_rmul[1-&lt;lambda&gt;19]" time="0.004438877105712891"></testcase><testcase classname="src.pymortests.vectorarray" file="src/pymortests/vectorarray.py" line="866" name="test_rmul[1-&lt;lambda&gt;20]" time="0.03534817695617676"></testcase><testcase classname="src.pymortests.vectorarray" file="src/pymortests/vectorarray.py" line="866" name="test_rmul[1-&lt;lambda&gt;21]" time="0.0803365707397461"></testcase><testcase classname="src.pymortests.vectorarray" file="src/pymortests/vectorarray.py" line="866" name="test_rmul[1-&lt;lambda&gt;22]" time="0.0024690628051757812"></testcase><testcase classname="src.pymortests.vectorarray" file="src/pymortests/vectorarray.py" line="866" name="test_rmul[1-&lt;lambda&gt;23]" time="0.0017783641815185547"></testcase><testcase classname="src.pymortests.vectorarray" file="src/pymortests/vectorarray.py" line="866" name="test_rmul[1-&lt;lambda&gt;24]" time="0.014249563217163086"></testcase><testcase classname="src.pymortests.vectorarray" file="src/pymortests/vectorarray.py" line="866" name="test_rmul[1-&lt;lambda&gt;25]" time="0.4776492118835449"></testcase><testcase classname="src.pymortests.vectorarray" file="src/pymortests/vectorarray.py" line="866" name="test_rmul[1-&lt;lambda&gt;26]" time="1.1305067539215088"></testcase><testcase classname="src.pymortests.vectorarray" file="src/pymortests/vectorarray.py" line="866" name="test_rmul[2-&lt;lambda&gt;0]" time="0.002948284149169922"></testcase><testcase classname="src.pymortests.vectorarray" file="src/pymortests/vectorarray.py" line="866" name="test_rmul[2-&lt;lambda&gt;1]" time="0.002009868621826172"></testcase><testcase classname="src.pymortests.vectorarray" file="src/pymortests/vectorarray.py" line="866" name="test_rmul[2-&lt;lambda&gt;2]" time="0.0019834041595458984"></testcase><testcase classname="src.pymortests.vectorarray" file="src/pymortests/vectorarray.py" line="866" name="test_rmul[2-&lt;lambda&gt;3]" time="0.002130270004272461"></testcase><testcase classname="src.pymortests.vectorarray" file="src/pymortests/vectorarray.py" line="866" name="test_rmul[2-&lt;lambda&gt;4]" time="0.0019445419311523438"></testcase><testcase classname="src.pymortests.vectorarray" file="src/pymortests/vectorarray.py" line="866" name="test_rmul[2-&lt;lambda&gt;5]" time="0.0017282962799072266"></testcase><testcase classname="src.pymortests.vectorarray" file="src/pymortests/vectorarray.py" line="866" name="test_rmul[2-&lt;lambda&gt;6]" time="0.0016529560089111328"></testcase><testcase classname="src.pymortests.vectorarray" file="src/pymortests/vectorarray.py" line="866" name="test_rmul[2-&lt;lambda&gt;7]" time="0.0022232532501220703"></testcase><testcase classname="src.pymortests.vectorarray" file="src/pymortests/vectorarray.py" line="866" name="test_rmul[2-&lt;lambda&gt;8]" time="0.015613555908203125"></testcase><testcase classname="src.pymortests.vectorarray" file="src/pymortests/vectorarray.py" line="866" name="test_rmul[2-&lt;lambda&gt;9]" time="0.03229880332946777"></testcase><testcase classname="src.pymortests.vectorarray" file="src/pymortests/vectorarray.py" line="866" name="test_rmul[2-&lt;lambda&gt;10]" time="0.003916263580322266"></testcase><testcase classname="src.pymortests.vectorarray" file="src/pymortests/vectorarray.py" line="866" name="test_rmul[2-&lt;lambda&gt;11]" time="0.0033965110778808594"></testcase><testcase classname="src.pymortests.vectorarray" file="src/pymortests/vectorarray.py" line="866" name="test_rmul[2-&lt;lambda&gt;12]" time="0.003260374069213867"></testcase><testcase classname="src.pymortests.vectorarray" file="src/pymortests/vectorarray.py" line="866" name="test_rmul[2-&lt;lambda&gt;13]" time="0.0026929378509521484"></testcase><testcase classname="src.pymortests.vectorarray" file="src/pymortests/vectorarray.py" line="866" name="test_rmul[2-&lt;lambda&gt;14]" time="0.0034666061401367188"></testcase><testcase classname="src.pymortests.vectorarray" file="src/pymortests/vectorarray.py" line="866" name="test_rmul[2-&lt;lambda&gt;15]" time="0.004256248474121094"></testcase><testcase classname="src.pymortests.vectorarray" file="src/pymortests/vectorarray.py" line="866" name="test_rmul[2-&lt;lambda&gt;16]" time="0.003955364227294922"></testcase><testcase classname="src.pymortests.vectorarray" file="src/pymortests/vectorarray.py" line="866" name="test_rmul[2-&lt;lambda&gt;17]" time="0.0023522377014160156"></testcase><testcase classname="src.pymortests.vectorarray" file="src/pymortests/vectorarray.py" line="866" name="test_rmul[2-&lt;lambda&gt;18]" time="0.0022046566009521484"></testcase><testcase classname="src.pymortests.vectorarray" file="src/pymortests/vectorarray.py" line="866" name="test_rmul[2-&lt;lambda&gt;19]" time="0.004418134689331055"></testcase><testcase classname="src.pymortests.vectorarray" file="src/pymortests/vectorarray.py" line="866" name="test_rmul[2-&lt;lambda&gt;20]" time="0.03506755828857422"></testcase><testcase classname="src.pymortests.vectorarray" file="src/pymortests/vectorarray.py" line="866" name="test_rmul[2-&lt;lambda&gt;21]" time="0.08335304260253906"></testcase><testcase classname="src.pymortests.vectorarray" file="src/pymortests/vectorarray.py" line="866" name="test_rmul[2-&lt;lambda&gt;22]" time="0.0026128292083740234"></testcase><testcase classname="src.pymortests.vectorarray" file="src/pymortests/vectorarray.py" line="866" name="test_rmul[2-&lt;lambda&gt;23]" time="0.001737833023071289"></testcase><testcase classname="src.pymortests.vectorarray" file="src/pymortests/vectorarray.py" line="866" name="test_rmul[2-&lt;lambda&gt;24]" time="0.014178037643432617"></testcase><testcase classname="src.pymortests.vectorarray" file="src/pymortests/vectorarray.py" line="866" name="test_rmul[2-&lt;lambda&gt;25]" time="0.47555088996887207"></testcase><testcase classname="src.pymortests.vectorarray" file="src/pymortests/vectorarray.py" line="866" name="test_rmul[2-&lt;lambda&gt;26]" time="1.1337907314300537"></testcase><testcase classname="src.pymortests.vectorarray" file="src/pymortests/vectorarray.py" line="876" name="test_imul[0-&lt;lambda&gt;0]" time="0.0025870800018310547"></testcase><testcase classname="src.pymortests.vectorarray" file="src/pymortests/vectorarray.py" line="876" name="test_imul[0-&lt;lambda&gt;1]" time="0.0017590522766113281"></testcase><testcase classname="src.pymortests.vectorarray" file="src/pymortests/vectorarray.py" line="876" name="test_imul[0-&lt;lambda&gt;2]" time="0.0017499923706054688"></testcase><testcase classname="src.pymortests.vectorarray" file="src/pymortests/vectorarray.py" line="876" name="test_imul[0-&lt;lambda&gt;3]" time="0.0017957687377929688"></testcase><testcase classname="src.pymortests.vectorarray" file="src/pymortests/vectorarray.py" line="876" name="test_imul[0-&lt;lambda&gt;4]" time="0.0017576217651367188"></testcase><testcase classname="src.pymortests.vectorarray" file="src/pymortests/vectorarray.py" line="876" name="test_imul[0-&lt;lambda&gt;5]" time="0.0014498233795166016"></testcase><testcase classname="src.pymortests.vectorarray" file="src/pymortests/vectorarray.py" line="876" name="test_imul[0-&lt;lambda&gt;6]" time="0.0014586448669433594"></testcase><testcase classname="src.pymortests.vectorarray" file="src/pymortests/vectorarray.py" line="876" name="test_imul[0-&lt;lambda&gt;7]" time="0.0017852783203125"></testcase><testcase classname="src.pymortests.vectorarray" file="src/pymortests/vectorarray.py" line="876" name="test_imul[0-&lt;lambda&gt;8]" time="0.012260675430297852"></testcase><testcase classname="src.pymortests.vectorarray" file="src/pymortests/vectorarray.py" line="876" name="test_imul[0-&lt;lambda&gt;9]" time="0.02230048179626465"></testcase><testcase classname="src.pymortests.vectorarray" file="src/pymortests/vectorarray.py" line="876" name="test_imul[0-&lt;lambda&gt;10]" time="0.0034799575805664062"></testcase><testcase classname="src.pymortests.vectorarray" file="src/pymortests/vectorarray.py" line="876" name="test_imul[0-&lt;lambda&gt;11]" time="0.0026013851165771484"></testcase><testcase classname="src.pymortests.vectorarray" file="src/pymortests/vectorarray.py" line="876" name="test_imul[0-&lt;lambda&gt;12]" time="0.002523183822631836"></testcase><testcase classname="src.pymortests.vectorarray" file="src/pymortests/vectorarray.py" line="876" name="test_imul[0-&lt;lambda&gt;13]" time="0.0021753311157226562"></testcase><testcase classname="src.pymortests.vectorarray" file="src/pymortests/vectorarray.py" line="876" name="test_imul[0-&lt;lambda&gt;14]" time="0.003316164016723633"></testcase><testcase classname="src.pymortests.vectorarray" file="src/pymortests/vectorarray.py" line="876" name="test_imul[0-&lt;lambda&gt;15]" time="0.003071308135986328"></testcase><testcase classname="src.pymortests.vectorarray" file="src/pymortests/vectorarray.py" line="876" name="test_imul[0-&lt;lambda&gt;16]" time="0.0029320716857910156"></testcase><testcase classname="src.pymortests.vectorarray" file="src/pymortests/vectorarray.py" line="876" name="test_imul[0-&lt;lambda&gt;17]" time="0.0020720958709716797"></testcase><testcase classname="src.pymortests.vectorarray" file="src/pymortests/vectorarray.py" line="876" name="test_imul[0-&lt;lambda&gt;18]" time="0.002004384994506836"></testcase><testcase classname="src.pymortests.vectorarray" file="src/pymortests/vectorarray.py" line="876" name="test_imul[0-&lt;lambda&gt;19]" time="0.0037355422973632812"></testcase><testcase classname="src.pymortests.vectorarray" file="src/pymortests/vectorarray.py" line="876" name="test_imul[0-&lt;lambda&gt;20]" time="0.0281221866607666"></testcase><testcase classname="src.pymortests.vectorarray" file="src/pymortests/vectorarray.py" line="876" name="test_imul[0-&lt;lambda&gt;21]" time="0.06609845161437988"></testcase><testcase classname="src.pymortests.vectorarray" file="src/pymortests/vectorarray.py" line="876" name="test_imul[0-&lt;lambda&gt;22]" time="0.0022754669189453125"></testcase><testcase classname="src.pymortests.vectorarray" file="src/pymortests/vectorarray.py" line="876" name="test_imul[0-&lt;lambda&gt;23]" time="0.0016345977783203125"></testcase><testcase classname="src.pymortests.vectorarray" file="src/pymortests/vectorarray.py" line="876" name="test_imul[0-&lt;lambda&gt;24]" time="0.011523723602294922"></testcase><testcase classname="src.pymortests.vectorarray" file="src/pymortests/vectorarray.py" line="876" name="test_imul[0-&lt;lambda&gt;25]" time="0.3648068904876709"></testcase><testcase classname="src.pymortests.vectorarray" file="src/pymortests/vectorarray.py" line="876" name="test_imul[0-&lt;lambda&gt;26]" time="0.8525204658508301"></testcase><testcase classname="src.pymortests.vectorarray" file="src/pymortests/vectorarray.py" line="876" name="test_imul[1-&lt;lambda&gt;0]" time="0.002671480178833008"></testcase><testcase classname="src.pymortests.vectorarray" file="src/pymortests/vectorarray.py" line="876" name="test_imul[1-&lt;lambda&gt;1]" time="0.0018777847290039062"></testcase><testcase classname="src.pymortests.vectorarray" file="src/pymortests/vectorarray.py" line="876" name="test_imul[1-&lt;lambda&gt;2]" time="0.0018115043640136719"></testcase><testcase classname="src.pymortests.vectorarray" file="src/pymortests/vectorarray.py" line="876" name="test_imul[1-&lt;lambda&gt;3]" time="0.0018405914306640625"></testcase><testcase classname="src.pymortests.vectorarray" file="src/pymortests/vectorarray.py" line="876" name="test_imul[1-&lt;lambda&gt;4]" time="0.0017409324645996094"></testcase><testcase classname="src.pymortests.vectorarray" file="src/pymortests/vectorarray.py" line="876" name="test_imul[1-&lt;lambda&gt;5]" time="0.0014917850494384766"></testcase><testcase classname="src.pymortests.vectorarray" file="src/pymortests/vectorarray.py" line="876" name="test_imul[1-&lt;lambda&gt;6]" time="0.0014643669128417969"></testcase><testcase classname="src.pymortests.vectorarray" file="src/pymortests/vectorarray.py" line="876" name="test_imul[1-&lt;lambda&gt;7]" time="0.0017886161804199219"></testcase><testcase classname="src.pymortests.vectorarray" file="src/pymortests/vectorarray.py" line="876" name="test_imul[1-&lt;lambda&gt;8]" time="0.010650157928466797"></testcase><testcase classname="src.pymortests.vectorarray" file="src/pymortests/vectorarray.py" line="876" name="test_imul[1-&lt;lambda&gt;9]" time="0.022894620895385742"></testcase><testcase classname="src.pymortests.vectorarray" file="src/pymortests/vectorarray.py" line="876" name="test_imul[1-&lt;lambda&gt;10]" time="0.0034503936767578125"></testcase><testcase classname="src.pymortests.vectorarray" file="src/pymortests/vectorarray.py" line="876" name="test_imul[1-&lt;lambda&gt;11]" time="0.002721071243286133"></testcase><testcase classname="src.pymortests.vectorarray" file="src/pymortests/vectorarray.py" line="876" name="test_imul[1-&lt;lambda&gt;12]" time="0.0025644302368164062"></testcase><testcase classname="src.pymortests.vectorarray" file="src/pymortests/vectorarray.py" line="876" name="test_imul[1-&lt;lambda&gt;13]" time="0.0022172927856445312"></testcase><testcase classname="src.pymortests.vectorarray" file="src/pymortests/vectorarray.py" line="876" name="test_imul[1-&lt;lambda&gt;14]" time="0.0026068687438964844"></testcase><testcase classname="src.pymortests.vectorarray" file="src/pymortests/vectorarray.py" line="876" name="test_imul[1-&lt;lambda&gt;15]" time="0.0032737255096435547"></testcase><testcase classname="src.pymortests.vectorarray" file="src/pymortests/vectorarray.py" line="876" name="test_imul[1-&lt;lambda&gt;16]" time="0.003080129623413086"></testcase><testcase classname="src.pymortests.vectorarray" file="src/pymortests/vectorarray.py" line="876" name="test_imul[1-&lt;lambda&gt;17]" time="0.002068042755126953"></testcase><testcase classname="src.pymortests.vectorarray" file="src/pymortests/vectorarray.py" line="876" name="test_imul[1-&lt;lambda&gt;18]" time="0.0019447803497314453"></testcase><testcase classname="src.pymortests.vectorarray" file="src/pymortests/vectorarray.py" line="876" name="test_imul[1-&lt;lambda&gt;19]" time="0.0038263797760009766"></testcase><testcase classname="src.pymortests.vectorarray" file="src/pymortests/vectorarray.py" line="876" name="test_imul[1-&lt;lambda&gt;20]" time="0.028046369552612305"></testcase><testcase classname="src.pymortests.vectorarray" file="src/pymortests/vectorarray.py" line="876" name="test_imul[1-&lt;lambda&gt;21]" time="0.0650780200958252"></testcase><testcase classname="src.pymortests.vectorarray" file="src/pymortests/vectorarray.py" line="876" name="test_imul[1-&lt;lambda&gt;22]" time="0.002218961715698242"></testcase><testcase classname="src.pymortests.vectorarray" file="src/pymortests/vectorarray.py" line="876" name="test_imul[1-&lt;lambda&gt;23]" time="0.001550912857055664"></testcase><testcase classname="src.pymortests.vectorarray" file="src/pymortests/vectorarray.py" line="876" name="test_imul[1-&lt;lambda&gt;24]" time="0.011242151260375977"></testcase><testcase classname="src.pymortests.vectorarray" file="src/pymortests/vectorarray.py" line="876" name="test_imul[1-&lt;lambda&gt;25]" time="0.3629279136657715"></testcase><testcase classname="src.pymortests.vectorarray" file="src/pymortests/vectorarray.py" line="876" name="test_imul[1-&lt;lambda&gt;26]" time="0.8558149337768555"></testcase><testcase classname="src.pymortests.vectorarray" file="src/pymortests/vectorarray.py" line="876" name="test_imul[2-&lt;lambda&gt;0]" time="0.002640247344970703"></testcase><testcase classname="src.pymortests.vectorarray" file="src/pymortests/vectorarray.py" line="876" name="test_imul[2-&lt;lambda&gt;1]" time="0.0018126964569091797"></testcase><testcase classname="src.pymortests.vectorarray" file="src/pymortests/vectorarray.py" line="876" name="test_imul[2-&lt;lambda&gt;2]" time="0.0017740726470947266"></testcase><testcase classname="src.pymortests.vectorarray" file="src/pymortests/vectorarray.py" line="876" name="test_imul[2-&lt;lambda&gt;3]" time="0.0018014907836914062"></testcase><testcase classname="src.pymortests.vectorarray" file="src/pymortests/vectorarray.py" line="876" name="test_imul[2-&lt;lambda&gt;4]" time="0.0016977787017822266"></testcase><testcase classname="src.pymortests.vectorarray" file="src/pymortests/vectorarray.py" line="876" name="test_imul[2-&lt;lambda&gt;5]" time="0.001493215560913086"></testcase><testcase classname="src.pymortests.vectorarray" file="src/pymortests/vectorarray.py" line="876" name="test_imul[2-&lt;lambda&gt;6]" time="0.0014450550079345703"></testcase><testcase classname="src.pymortests.vectorarray" file="src/pymortests/vectorarray.py" line="876" name="test_imul[2-&lt;lambda&gt;7]" time="0.0018203258514404297"></testcase><testcase classname="src.pymortests.vectorarray" file="src/pymortests/vectorarray.py" line="876" name="test_imul[2-&lt;lambda&gt;8]" time="0.010596990585327148"></testcase><testcase classname="src.pymortests.vectorarray" file="src/pymortests/vectorarray.py" line="876" name="test_imul[2-&lt;lambda&gt;9]" time="0.022549152374267578"></testcase><testcase classname="src.pymortests.vectorarray" file="src/pymortests/vectorarray.py" line="876" name="test_imul[2-&lt;lambda&gt;10]" time="0.003497600555419922"></testcase><testcase classname="src.pymortests.vectorarray" file="src/pymortests/vectorarray.py" line="876" name="test_imul[2-&lt;lambda&gt;11]" time="0.002679586410522461"></testcase><testcase classname="src.pymortests.vectorarray" file="src/pymortests/vectorarray.py" line="876" name="test_imul[2-&lt;lambda&gt;12]" time="0.0025789737701416016"></testcase><testcase classname="src.pymortests.vectorarray" file="src/pymortests/vectorarray.py" line="876" name="test_imul[2-&lt;lambda&gt;13]" time="0.002201080322265625"></testcase><testcase classname="src.pymortests.vectorarray" file="src/pymortests/vectorarray.py" line="876" name="test_imul[2-&lt;lambda&gt;14]" time="0.0026102066040039062"></testcase><testcase classname="src.pymortests.vectorarray" file="src/pymortests/vectorarray.py" line="876" name="test_imul[2-&lt;lambda&gt;15]" time="0.0031387805938720703"></testcase><testcase classname="src.pymortests.vectorarray" file="src/pymortests/vectorarray.py" line="876" name="test_imul[2-&lt;lambda&gt;16]" time="0.002936840057373047"></testcase><testcase classname="src.pymortests.vectorarray" file="src/pymortests/vectorarray.py" line="876" name="test_imul[2-&lt;lambda&gt;17]" time="0.0021173954010009766"></testcase><testcase classname="src.pymortests.vectorarray" file="src/pymortests/vectorarray.py" line="876" name="test_imul[2-&lt;lambda&gt;18]" time="0.0019698143005371094"></testcase><testcase classname="src.pymortests.vectorarray" file="src/pymortests/vectorarray.py" line="876" name="test_imul[2-&lt;lambda&gt;19]" time="0.003913402557373047"></testcase><testcase classname="src.pymortests.vectorarray" file="src/pymortests/vectorarray.py" line="876" name="test_imul[2-&lt;lambda&gt;20]" time="0.02858901023864746"></testcase><testcase classname="src.pymortests.vectorarray" file="src/pymortests/vectorarray.py" line="876" name="test_imul[2-&lt;lambda&gt;21]" time="0.06481504440307617"></testcase><testcase classname="src.pymortests.vectorarray" file="src/pymortests/vectorarray.py" line="876" name="test_imul[2-&lt;lambda&gt;22]" time="0.0023152828216552734"></testcase><testcase classname="src.pymortests.vectorarray" file="src/pymortests/vectorarray.py" line="876" name="test_imul[2-&lt;lambda&gt;23]" time="0.00159454345703125"></testcase><testcase classname="src.pymortests.vectorarray" file="src/pymortests/vectorarray.py" line="876" name="test_imul[2-&lt;lambda&gt;24]" time="0.011403799057006836"></testcase><testcase classname="src.pymortests.vectorarray" file="src/pymortests/vectorarray.py" line="876" name="test_imul[2-&lt;lambda&gt;25]" time="0.36351823806762695"></testcase><testcase classname="src.pymortests.vectorarray" file="src/pymortests/vectorarray.py" line="876" name="test_imul[2-&lt;lambda&gt;26]" time="0.8559255599975586"></testcase><testcase classname="src.pymortests.vectorarray" file="src/pymortests/vectorarray.py" line="886" name="test_imul_wrong_factor[0-&lt;lambda&gt;0]" time="0.001773834228515625"></testcase><testcase classname="src.pymortests.vectorarray" file="src/pymortests/vectorarray.py" line="886" name="test_imul_wrong_factor[0-&lt;lambda&gt;1]" time="0.0012447834014892578"></testcase><testcase classname="src.pymortests.vectorarray" file="src/pymortests/vectorarray.py" line="886" name="test_imul_wrong_factor[0-&lt;lambda&gt;2]" time="0.0011363029479980469"></testcase><testcase classname="src.pymortests.vectorarray" file="src/pymortests/vectorarray.py" line="886" name="test_imul_wrong_factor[0-&lt;lambda&gt;3]" time="0.0011785030364990234"></testcase><testcase classname="src.pymortests.vectorarray" file="src/pymortests/vectorarray.py" line="886" name="test_imul_wrong_factor[0-&lt;lambda&gt;4]" time="0.0011298656463623047"></testcase><testcase classname="src.pymortests.vectorarray" file="src/pymortests/vectorarray.py" line="886" name="test_imul_wrong_factor[0-&lt;lambda&gt;5]" time="0.0010938644409179688"></testcase><testcase classname="src.pymortests.vectorarray" file="src/pymortests/vectorarray.py" line="886" name="test_imul_wrong_factor[0-&lt;lambda&gt;6]" time="0.0011205673217773438"></testcase><testcase classname="src.pymortests.vectorarray" file="src/pymortests/vectorarray.py" line="886" name="test_imul_wrong_factor[0-&lt;lambda&gt;7]" time="0.0011370182037353516"></testcase><testcase classname="src.pymortests.vectorarray" file="src/pymortests/vectorarray.py" line="886" name="test_imul_wrong_factor[0-&lt;lambda&gt;8]" time="0.0012710094451904297"></testcase><testcase classname="src.pymortests.vectorarray" file="src/pymortests/vectorarray.py" line="886" name="test_imul_wrong_factor[0-&lt;lambda&gt;9]" time="0.0014142990112304688"></testcase><testcase classname="src.pymortests.vectorarray" file="src/pymortests/vectorarray.py" line="886" name="test_imul_wrong_factor[0-&lt;lambda&gt;10]" time="0.001256704330444336"></testcase><testcase classname="src.pymortests.vectorarray" file="src/pymortests/vectorarray.py" line="886" name="test_imul_wrong_factor[0-&lt;lambda&gt;11]" time="0.0012564659118652344"></testcase><testcase classname="src.pymortests.vectorarray" file="src/pymortests/vectorarray.py" line="886" name="test_imul_wrong_factor[0-&lt;lambda&gt;12]" time="0.0012171268463134766"></testcase><testcase classname="src.pymortests.vectorarray" file="src/pymortests/vectorarray.py" line="886" name="test_imul_wrong_factor[0-&lt;lambda&gt;13]" time="0.0012011528015136719"></testcase><testcase classname="src.pymortests.vectorarray" file="src/pymortests/vectorarray.py" line="886" name="test_imul_wrong_factor[0-&lt;lambda&gt;14]" time="0.0012314319610595703"></testcase><testcase classname="src.pymortests.vectorarray" file="src/pymortests/vectorarray.py" line="886" name="test_imul_wrong_factor[0-&lt;lambda&gt;15]" time="0.0012636184692382812"></testcase><testcase classname="src.pymortests.vectorarray" file="src/pymortests/vectorarray.py" line="886" name="test_imul_wrong_factor[0-&lt;lambda&gt;16]" time="0.0012505054473876953"></testcase><testcase classname="src.pymortests.vectorarray" file="src/pymortests/vectorarray.py" line="886" name="test_imul_wrong_factor[0-&lt;lambda&gt;17]" time="0.0015261173248291016"></testcase><testcase classname="src.pymortests.vectorarray" file="src/pymortests/vectorarray.py" line="886" name="test_imul_wrong_factor[0-&lt;lambda&gt;18]" time="0.001508951187133789"></testcase><testcase classname="src.pymortests.vectorarray" file="src/pymortests/vectorarray.py" line="886" name="test_imul_wrong_factor[0-&lt;lambda&gt;19]" time="0.002428293228149414"></testcase><testcase classname="src.pymortests.vectorarray" file="src/pymortests/vectorarray.py" line="886" name="test_imul_wrong_factor[0-&lt;lambda&gt;20]" time="0.0091400146484375"></testcase><testcase classname="src.pymortests.vectorarray" file="src/pymortests/vectorarray.py" line="886" name="test_imul_wrong_factor[0-&lt;lambda&gt;21]" time="0.019387483596801758"></testcase><testcase classname="src.pymortests.vectorarray" file="src/pymortests/vectorarray.py" line="886" name="test_imul_wrong_factor[0-&lt;lambda&gt;22]" time="0.0016927719116210938"></testcase><testcase classname="src.pymortests.vectorarray" file="src/pymortests/vectorarray.py" line="886" name="test_imul_wrong_factor[0-&lt;lambda&gt;23]" time="0.0011019706726074219"></testcase><testcase classname="src.pymortests.vectorarray" file="src/pymortests/vectorarray.py" line="886" name="test_imul_wrong_factor[0-&lt;lambda&gt;24]" time="0.0021033287048339844"></testcase><testcase classname="src.pymortests.vectorarray" file="src/pymortests/vectorarray.py" line="886" name="test_imul_wrong_factor[0-&lt;lambda&gt;25]" time="0.0233306884765625"></testcase><testcase classname="src.pymortests.vectorarray" file="src/pymortests/vectorarray.py" line="886" name="test_imul_wrong_factor[0-&lt;lambda&gt;26]" time="0.053640127182006836"></testcase><testcase classname="src.pymortests.vectorarray" file="src/pymortests/vectorarray.py" line="886" name="test_imul_wrong_factor[1-&lt;lambda&gt;0]" time="0.0018122196197509766"></testcase><testcase classname="src.pymortests.vectorarray" file="src/pymortests/vectorarray.py" line="886" name="test_imul_wrong_factor[1-&lt;lambda&gt;1]" time="0.001279592514038086"></testcase><testcase classname="src.pymortests.vectorarray" file="src/pymortests/vectorarray.py" line="886" name="test_imul_wrong_factor[1-&lt;lambda&gt;2]" time="0.0012099742889404297"></testcase><testcase classname="src.pymortests.vectorarray" file="src/pymortests/vectorarray.py" line="886" name="test_imul_wrong_factor[1-&lt;lambda&gt;3]" time="0.0012319087982177734"></testcase><testcase classname="src.pymortests.vectorarray" file="src/pymortests/vectorarray.py" line="886" name="test_imul_wrong_factor[1-&lt;lambda&gt;4]" time="0.0011210441589355469"></testcase><testcase classname="src.pymortests.vectorarray" file="src/pymortests/vectorarray.py" line="886" name="test_imul_wrong_factor[1-&lt;lambda&gt;5]" time="0.0012750625610351562"></testcase><testcase classname="src.pymortests.vectorarray" file="src/pymortests/vectorarray.py" line="886" name="test_imul_wrong_factor[1-&lt;lambda&gt;6]" time="0.0011339187622070312"></testcase><testcase classname="src.pymortests.vectorarray" file="src/pymortests/vectorarray.py" line="886" name="test_imul_wrong_factor[1-&lt;lambda&gt;7]" time="0.0011777877807617188"></testcase><testcase classname="src.pymortests.vectorarray" file="src/pymortests/vectorarray.py" line="886" name="test_imul_wrong_factor[1-&lt;lambda&gt;8]" time="0.0014553070068359375"></testcase><testcase classname="src.pymortests.vectorarray" file="src/pymortests/vectorarray.py" line="886" name="test_imul_wrong_factor[1-&lt;lambda&gt;9]" time="0.0019161701202392578"></testcase><testcase classname="src.pymortests.vectorarray" file="src/pymortests/vectorarray.py" line="886" name="test_imul_wrong_factor[1-&lt;lambda&gt;10]" time="0.001375436782836914"></testcase><testcase classname="src.pymortests.vectorarray" file="src/pymortests/vectorarray.py" line="886" name="test_imul_wrong_factor[1-&lt;lambda&gt;11]" time="0.0013005733489990234"></testcase><testcase classname="src.pymortests.vectorarray" file="src/pymortests/vectorarray.py" line="886" name="test_imul_wrong_factor[1-&lt;lambda&gt;12]" time="0.0012738704681396484"></testcase><testcase classname="src.pymortests.vectorarray" file="src/pymortests/vectorarray.py" line="886" name="test_imul_wrong_factor[1-&lt;lambda&gt;13]" time="0.001276254653930664"></testcase><testcase classname="src.pymortests.vectorarray" file="src/pymortests/vectorarray.py" line="886" name="test_imul_wrong_factor[1-&lt;lambda&gt;14]" time="0.0012543201446533203"></testcase><testcase classname="src.pymortests.vectorarray" file="src/pymortests/vectorarray.py" line="886" name="test_imul_wrong_factor[1-&lt;lambda&gt;15]" time="0.0013492107391357422"></testcase><testcase classname="src.pymortests.vectorarray" file="src/pymortests/vectorarray.py" line="886" name="test_imul_wrong_factor[1-&lt;lambda&gt;16]" time="0.0013499259948730469"></testcase><testcase classname="src.pymortests.vectorarray" file="src/pymortests/vectorarray.py" line="886" name="test_imul_wrong_factor[1-&lt;lambda&gt;17]" time="0.0015823841094970703"></testcase><testcase classname="src.pymortests.vectorarray" file="src/pymortests/vectorarray.py" line="886" name="test_imul_wrong_factor[1-&lt;lambda&gt;18]" time="0.0015082359313964844"></testcase><testcase classname="src.pymortests.vectorarray" file="src/pymortests/vectorarray.py" line="886" name="test_imul_wrong_factor[1-&lt;lambda&gt;19]" time="0.0024385452270507812"></testcase><testcase classname="src.pymortests.vectorarray" file="src/pymortests/vectorarray.py" line="886" name="test_imul_wrong_factor[1-&lt;lambda&gt;20]" time="0.009272575378417969"></testcase><testcase classname="src.pymortests.vectorarray" file="src/pymortests/vectorarray.py" line="886" name="test_imul_wrong_factor[1-&lt;lambda&gt;21]" time="0.019655942916870117"></testcase><testcase classname="src.pymortests.vectorarray" file="src/pymortests/vectorarray.py" line="886" name="test_imul_wrong_factor[1-&lt;lambda&gt;22]" time="0.0016644001007080078"></testcase><testcase classname="src.pymortests.vectorarray" file="src/pymortests/vectorarray.py" line="886" name="test_imul_wrong_factor[1-&lt;lambda&gt;23]" time="0.0012242794036865234"></testcase><testcase classname="src.pymortests.vectorarray" file="src/pymortests/vectorarray.py" line="886" name="test_imul_wrong_factor[1-&lt;lambda&gt;24]" time="0.0020689964294433594"></testcase><testcase classname="src.pymortests.vectorarray" file="src/pymortests/vectorarray.py" line="886" name="test_imul_wrong_factor[1-&lt;lambda&gt;25]" time="0.023192882537841797"></testcase><testcase classname="src.pymortests.vectorarray" file="src/pymortests/vectorarray.py" line="886" name="test_imul_wrong_factor[1-&lt;lambda&gt;26]" time="0.053414106369018555"></testcase><testcase classname="src.pymortests.vectorarray" file="src/pymortests/vectorarray.py" line="886" name="test_imul_wrong_factor[2-&lt;lambda&gt;0]" time="0.0017940998077392578"></testcase><testcase classname="src.pymortests.vectorarray" file="src/pymortests/vectorarray.py" line="886" name="test_imul_wrong_factor[2-&lt;lambda&gt;1]" time="0.001224517822265625"></testcase><testcase classname="src.pymortests.vectorarray" file="src/pymortests/vectorarray.py" line="886" name="test_imul_wrong_factor[2-&lt;lambda&gt;2]" time="0.0014162063598632812"></testcase><testcase classname="src.pymortests.vectorarray" file="src/pymortests/vectorarray.py" line="886" name="test_imul_wrong_factor[2-&lt;lambda&gt;3]" time="0.001153707504272461"></testcase><testcase classname="src.pymortests.vectorarray" file="src/pymortests/vectorarray.py" line="886" name="test_imul_wrong_factor[2-&lt;lambda&gt;4]" time="0.001110076904296875"></testcase><testcase classname="src.pymortests.vectorarray" file="src/pymortests/vectorarray.py" line="886" name="test_imul_wrong_factor[2-&lt;lambda&gt;5]" time="0.0011675357818603516"></testcase><testcase classname="src.pymortests.vectorarray" file="src/pymortests/vectorarray.py" line="886" name="test_imul_wrong_factor[2-&lt;lambda&gt;6]" time="0.0010914802551269531"></testcase><testcase classname="src.pymortests.vectorarray" file="src/pymortests/vectorarray.py" line="886" name="test_imul_wrong_factor[2-&lt;lambda&gt;7]" time="0.0011909008026123047"></testcase><testcase classname="src.pymortests.vectorarray" file="src/pymortests/vectorarray.py" line="886" name="test_imul_wrong_factor[2-&lt;lambda&gt;8]" time="0.0014531612396240234"></testcase><testcase classname="src.pymortests.vectorarray" file="src/pymortests/vectorarray.py" line="886" name="test_imul_wrong_factor[2-&lt;lambda&gt;9]" time="0.0019347667694091797"></testcase><testcase classname="src.pymortests.vectorarray" file="src/pymortests/vectorarray.py" line="886" name="test_imul_wrong_factor[2-&lt;lambda&gt;10]" time="0.0013430118560791016"></testcase><testcase classname="src.pymortests.vectorarray" file="src/pymortests/vectorarray.py" line="886" name="test_imul_wrong_factor[2-&lt;lambda&gt;11]" time="0.0012426376342773438"></testcase><testcase classname="src.pymortests.vectorarray" file="src/pymortests/vectorarray.py" line="886" name="test_imul_wrong_factor[2-&lt;lambda&gt;12]" time="0.0012552738189697266"></testcase><testcase classname="src.pymortests.vectorarray" file="src/pymortests/vectorarray.py" line="886" name="test_imul_wrong_factor[2-&lt;lambda&gt;13]" time="0.0013003349304199219"></testcase><testcase classname="src.pymortests.vectorarray" file="src/pymortests/vectorarray.py" line="886" name="test_imul_wrong_factor[2-&lt;lambda&gt;14]" time="0.0012564659118652344"></testcase><testcase classname="src.pymortests.vectorarray" file="src/pymortests/vectorarray.py" line="886" name="test_imul_wrong_factor[2-&lt;lambda&gt;15]" time="0.0013158321380615234"></testcase><testcase classname="src.pymortests.vectorarray" file="src/pymortests/vectorarray.py" line="886" name="test_imul_wrong_factor[2-&lt;lambda&gt;16]" time="0.0012900829315185547"></testcase><testcase classname="src.pymortests.vectorarray" file="src/pymortests/vectorarray.py" line="886" name="test_imul_wrong_factor[2-&lt;lambda&gt;17]" time="0.001543283462524414"></testcase><testcase classname="src.pymortests.vectorarray" file="src/pymortests/vectorarray.py" line="886" name="test_imul_wrong_factor[2-&lt;lambda&gt;18]" time="0.001508474349975586"></testcase><testcase classname="src.pymortests.vectorarray" file="src/pymortests/vectorarray.py" line="886" name="test_imul_wrong_factor[2-&lt;lambda&gt;19]" time="0.002477884292602539"></testcase><testcase classname="src.pymortests.vectorarray" file="src/pymortests/vectorarray.py" line="886" name="test_imul_wrong_factor[2-&lt;lambda&gt;20]" time="0.009365558624267578"></testcase><testcase classname="src.pymortests.vectorarray" file="src/pymortests/vectorarray.py" line="886" name="test_imul_wrong_factor[2-&lt;lambda&gt;21]" time="0.019672155380249023"></testcase><testcase classname="src.pymortests.vectorarray" file="src/pymortests/vectorarray.py" line="886" name="test_imul_wrong_factor[2-&lt;lambda&gt;22]" time="0.00173187255859375"></testcase><testcase classname="src.pymortests.vectorarray" file="src/pymortests/vectorarray.py" line="886" name="test_imul_wrong_factor[2-&lt;lambda&gt;23]" time="0.0011830329895019531"></testcase><testcase classname="src.pymortests.vectorarray" file="src/pymortests/vectorarray.py" line="886" name="test_imul_wrong_factor[2-&lt;lambda&gt;24]" time="0.0021009445190429688"></testcase><testcase classname="src.pymortests.vectorarray" file="src/pymortests/vectorarray.py" line="886" name="test_imul_wrong_factor[2-&lt;lambda&gt;25]" time="0.023418188095092773"></testcase><testcase classname="src.pymortests.vectorarray" file="src/pymortests/vectorarray.py" line="886" name="test_imul_wrong_factor[2-&lt;lambda&gt;26]" time="0.054429054260253906"></testcase><testcase classname="src.pymortests.vectorarray" file="src/pymortests/vectorarray.py" line="895" name="test_append_incompatible[&lt;lambda&gt;0]" time="0.0016396045684814453"></testcase><testcase classname="src.pymortests.vectorarray" file="src/pymortests/vectorarray.py" line="895" name="test_append_incompatible[&lt;lambda&gt;1]" time="0.0012111663818359375"></testcase><testcase classname="src.pymortests.vectorarray" file="src/pymortests/vectorarray.py" line="895" name="test_append_incompatible[&lt;lambda&gt;2]" time="0.0010762214660644531"></testcase><testcase classname="src.pymortests.vectorarray" file="src/pymortests/vectorarray.py" line="895" name="test_append_incompatible[&lt;lambda&gt;3]" time="0.0011601448059082031"></testcase><testcase classname="src.pymortests.vectorarray" file="src/pymortests/vectorarray.py" line="895" name="test_append_incompatible[&lt;lambda&gt;4]" time="0.0010280609130859375"></testcase><testcase classname="src.pymortests.vectorarray" file="src/pymortests/vectorarray.py" line="895" name="test_append_incompatible[&lt;lambda&gt;5]" time="0.0011165142059326172"></testcase><testcase classname="src.pymortests.vectorarray" file="src/pymortests/vectorarray.py" line="895" name="test_append_incompatible[&lt;lambda&gt;6]" time="0.0010843276977539062"></testcase><testcase classname="src.pymortests.vectorarray" file="src/pymortests/vectorarray.py" line="895" name="test_append_incompatible[&lt;lambda&gt;7]" time="0.0010843276977539062"></testcase><testcase classname="src.pymortests.vectorarray" file="src/pymortests/vectorarray.py" line="895" name="test_append_incompatible[&lt;lambda&gt;8]" time="0.0018019676208496094"></testcase><testcase classname="src.pymortests.vectorarray" file="src/pymortests/vectorarray.py" line="895" name="test_append_incompatible[&lt;lambda&gt;9]" time="0.002814769744873047"></testcase><testcase classname="src.pymortests.vectorarray" file="src/pymortests/vectorarray.py" line="895" name="test_append_incompatible[&lt;lambda&gt;10]" time="0.0013668537139892578"></testcase><testcase classname="src.pymortests.vectorarray" file="src/pymortests/vectorarray.py" line="895" name="test_append_incompatible[&lt;lambda&gt;11]" time="0.0012736320495605469"></testcase><testcase classname="src.pymortests.vectorarray" file="src/pymortests/vectorarray.py" line="895" name="test_append_incompatible[&lt;lambda&gt;12]" time="0.0013725757598876953"></testcase><testcase classname="src.pymortests.vectorarray" file="src/pymortests/vectorarray.py" line="895" name="test_append_incompatible[&lt;lambda&gt;13]" time="0.0014107227325439453"></testcase><testcase classname="src.pymortests.vectorarray" file="src/pymortests/vectorarray.py" line="895" name="test_append_incompatible[&lt;lambda&gt;14]" time="0.0013878345489501953"></testcase><testcase classname="src.pymortests.vectorarray" file="src/pymortests/vectorarray.py" line="895" name="test_append_incompatible[&lt;lambda&gt;15]" time="0.0016713142395019531"></testcase><testcase classname="src.pymortests.vectorarray" file="src/pymortests/vectorarray.py" line="895" name="test_append_incompatible[&lt;lambda&gt;16]" time="0.00183868408203125"></testcase><testcase classname="src.pymortests.vectorarray" file="src/pymortests/vectorarray.py" line="895" name="test_append_incompatible[&lt;lambda&gt;17]" time="0.0020117759704589844"></testcase><testcase classname="src.pymortests.vectorarray" file="src/pymortests/vectorarray.py" line="895" name="test_append_incompatible[&lt;lambda&gt;18]" time="0.03093266487121582"></testcase><testcase classname="src.pymortests.vectorarray" file="src/pymortests/vectorarray.py" line="895" name="test_append_incompatible[&lt;lambda&gt;19]" time="0.023517608642578125"></testcase><testcase classname="src.pymortests.vectorarray" file="src/pymortests/vectorarray.py" line="895" name="test_append_incompatible[&lt;lambda&gt;20]" time="0.0037174224853515625"><system-out> set global mesh
 set global mesh
 Update mesh topology
 Update edges 
 Update faces 
 Update clusters
</system-out></testcase><testcase classname="src.pymortests.vectorarray" file="src/pymortests/vectorarray.py" line="895" name="test_append_incompatible[&lt;lambda&gt;21]" time="0.0033948421478271484"><system-out> set global mesh
 set global mesh
 Update mesh topology
 Update edges 
 Update faces 
 Update clusters
</system-out></testcase><testcase classname="src.pymortests.vectorarray" file="src/pymortests/vectorarray.py" line="895" name="test_append_incompatible[&lt;lambda&gt;22]" time="0.0024695396423339844"></testcase><testcase classname="src.pymortests.vectorarray" file="src/pymortests/vectorarray.py" line="895" name="test_append_incompatible[&lt;lambda&gt;23]" time="0.029561996459960938"><system-out> set global mesh
 set global mesh
 Update mesh topology
 Update edges 
 Update faces 
 Update clusters
</system-out></testcase><testcase classname="src.pymortests.vectorarray" file="src/pymortests/vectorarray.py" line="895" name="test_append_incompatible[&lt;lambda&gt;24]" time="0.06078600883483887"><system-out> set global mesh
 set global mesh
 Update mesh topology
 Update edges 
 Update faces 
 Update clusters
</system-out></testcase><testcase classname="src.pymortests.vectorarray" file="src/pymortests/vectorarray.py" line="906" name="test_axpy_incompatible[&lt;lambda&gt;0]" time="0.003405332565307617"></testcase><testcase classname="src.pymortests.vectorarray" file="src/pymortests/vectorarray.py" line="906" name="test_axpy_incompatible[&lt;lambda&gt;1]" time="0.00136566162109375"></testcase><testcase classname="src.pymortests.vectorarray" file="src/pymortests/vectorarray.py" line="906" name="test_axpy_incompatible[&lt;lambda&gt;2]" time="0.0042955875396728516"></testcase><testcase classname="src.pymortests.vectorarray" file="src/pymortests/vectorarray.py" line="906" name="test_axpy_incompatible[&lt;lambda&gt;3]" time="0.0038073062896728516"></testcase><testcase classname="src.pymortests.vectorarray" file="src/pymortests/vectorarray.py" line="906" name="test_axpy_incompatible[&lt;lambda&gt;4]" time="0.003981113433837891"></testcase><testcase classname="src.pymortests.vectorarray" file="src/pymortests/vectorarray.py" line="906" name="test_axpy_incompatible[&lt;lambda&gt;5]" time="0.0022933483123779297"></testcase><testcase classname="src.pymortests.vectorarray" file="src/pymortests/vectorarray.py" line="906" name="test_axpy_incompatible[&lt;lambda&gt;6]" time="0.001348257064819336"></testcase><testcase classname="src.pymortests.vectorarray" file="src/pymortests/vectorarray.py" line="906" name="test_axpy_incompatible[&lt;lambda&gt;7]" time="0.004849433898925781"></testcase><testcase classname="src.pymortests.vectorarray" file="src/pymortests/vectorarray.py" line="906" name="test_axpy_incompatible[&lt;lambda&gt;8]" time="0.010372161865234375"></testcase><testcase classname="src.pymortests.vectorarray" file="src/pymortests/vectorarray.py" line="906" name="test_axpy_incompatible[&lt;lambda&gt;9]" time="0.019487380981445312"></testcase><testcase classname="src.pymortests.vectorarray" file="src/pymortests/vectorarray.py" line="906" name="test_axpy_incompatible[&lt;lambda&gt;10]" time="0.005095958709716797"></testcase><testcase classname="src.pymortests.vectorarray" file="src/pymortests/vectorarray.py" line="906" name="test_axpy_incompatible[&lt;lambda&gt;11]" time="0.0016491413116455078"></testcase><testcase classname="src.pymortests.vectorarray" file="src/pymortests/vectorarray.py" line="906" name="test_axpy_incompatible[&lt;lambda&gt;12]" time="0.009466886520385742"></testcase><testcase classname="src.pymortests.vectorarray" file="src/pymortests/vectorarray.py" line="906" name="test_axpy_incompatible[&lt;lambda&gt;13]" time="0.006898403167724609"></testcase><testcase classname="src.pymortests.vectorarray" file="src/pymortests/vectorarray.py" line="906" name="test_axpy_incompatible[&lt;lambda&gt;14]" time="0.008745193481445312"></testcase><testcase classname="src.pymortests.vectorarray" file="src/pymortests/vectorarray.py" line="906" name="test_axpy_incompatible[&lt;lambda&gt;15]" time="0.003181934356689453"></testcase><testcase classname="src.pymortests.vectorarray" file="src/pymortests/vectorarray.py" line="906" name="test_axpy_incompatible[&lt;lambda&gt;16]" time="0.0022437572479248047"></testcase><testcase classname="src.pymortests.vectorarray" file="src/pymortests/vectorarray.py" line="906" name="test_axpy_incompatible[&lt;lambda&gt;17]" time="0.006142139434814453"></testcase><testcase classname="src.pymortests.vectorarray" file="src/pymortests/vectorarray.py" line="906" name="test_axpy_incompatible[&lt;lambda&gt;18]" time="0.03785824775695801"></testcase><testcase classname="src.pymortests.vectorarray" file="src/pymortests/vectorarray.py" line="906" name="test_axpy_incompatible[&lt;lambda&gt;19]" time="0.03878307342529297"></testcase><testcase classname="src.pymortests.vectorarray" file="src/pymortests/vectorarray.py" line="906" name="test_axpy_incompatible[&lt;lambda&gt;20]" time="0.003205537796020508"></testcase><testcase classname="src.pymortests.vectorarray" file="src/pymortests/vectorarray.py" line="906" name="test_axpy_incompatible[&lt;lambda&gt;21]" time="0.002265453338623047"></testcase><testcase classname="src.pymortests.vectorarray" file="src/pymortests/vectorarray.py" line="906" name="test_axpy_incompatible[&lt;lambda&gt;22]" time="0.0064237117767333984"></testcase><testcase classname="src.pymortests.vectorarray" file="src/pymortests/vectorarray.py" line="906" name="test_axpy_incompatible[&lt;lambda&gt;23]" time="0.036711931228637695"></testcase><testcase classname="src.pymortests.vectorarray" file="src/pymortests/vectorarray.py" line="906" name="test_axpy_incompatible[&lt;lambda&gt;24]" time="0.07477807998657227"></testcase><testcase classname="src.pymortests.vectorarray" file="src/pymortests/vectorarray.py" line="923" name="test_dot_incompatible[&lt;lambda&gt;0]" time="0.002121448516845703"></testcase><testcase classname="src.pymortests.vectorarray" file="src/pymortests/vectorarray.py" line="923" name="test_dot_incompatible[&lt;lambda&gt;1]" time="0.0012483596801757812"></testcase><testcase classname="src.pymortests.vectorarray" file="src/pymortests/vectorarray.py" line="923" name="test_dot_incompatible[&lt;lambda&gt;2]" time="0.0019371509552001953"></testcase><testcase classname="src.pymortests.vectorarray" file="src/pymortests/vectorarray.py" line="923" name="test_dot_incompatible[&lt;lambda&gt;3]" time="0.0017886161804199219"></testcase><testcase classname="src.pymortests.vectorarray" file="src/pymortests/vectorarray.py" line="923" name="test_dot_incompatible[&lt;lambda&gt;4]" time="0.0018725395202636719"></testcase><testcase classname="src.pymortests.vectorarray" file="src/pymortests/vectorarray.py" line="923" name="test_dot_incompatible[&lt;lambda&gt;5]" time="0.0014243125915527344"></testcase><testcase classname="src.pymortests.vectorarray" file="src/pymortests/vectorarray.py" line="923" name="test_dot_incompatible[&lt;lambda&gt;6]" time="0.001125335693359375"></testcase><testcase classname="src.pymortests.vectorarray" file="src/pymortests/vectorarray.py" line="923" name="test_dot_incompatible[&lt;lambda&gt;7]" time="0.0021467208862304688"></testcase><testcase classname="src.pymortests.vectorarray" file="src/pymortests/vectorarray.py" line="923" name="test_dot_incompatible[&lt;lambda&gt;8]" time="0.0040225982666015625"></testcase><testcase classname="src.pymortests.vectorarray" file="src/pymortests/vectorarray.py" line="923" name="test_dot_incompatible[&lt;lambda&gt;9]" time="0.005877971649169922"></testcase><testcase classname="src.pymortests.vectorarray" file="src/pymortests/vectorarray.py" line="923" name="test_dot_incompatible[&lt;lambda&gt;10]" time="0.002049684524536133"></testcase><testcase classname="src.pymortests.vectorarray" file="src/pymortests/vectorarray.py" line="923" name="test_dot_incompatible[&lt;lambda&gt;11]" time="0.001394510269165039"></testcase><testcase classname="src.pymortests.vectorarray" file="src/pymortests/vectorarray.py" line="923" name="test_dot_incompatible[&lt;lambda&gt;12]" time="0.003677845001220703"></testcase><testcase classname="src.pymortests.vectorarray" file="src/pymortests/vectorarray.py" line="923" name="test_dot_incompatible[&lt;lambda&gt;13]" time="0.0029845237731933594"></testcase><testcase classname="src.pymortests.vectorarray" file="src/pymortests/vectorarray.py" line="923" name="test_dot_incompatible[&lt;lambda&gt;14]" time="0.0033922195434570312"></testcase><testcase classname="src.pymortests.vectorarray" file="src/pymortests/vectorarray.py" line="923" name="test_dot_incompatible[&lt;lambda&gt;15]" time="0.0021369457244873047"></testcase><testcase classname="src.pymortests.vectorarray" file="src/pymortests/vectorarray.py" line="923" name="test_dot_incompatible[&lt;lambda&gt;16]" time="0.0019450187683105469"></testcase><testcase classname="src.pymortests.vectorarray" file="src/pymortests/vectorarray.py" line="923" name="test_dot_incompatible[&lt;lambda&gt;17]" time="0.0030972957611083984"></testcase><testcase classname="src.pymortests.vectorarray" file="src/pymortests/vectorarray.py" line="923" name="test_dot_incompatible[&lt;lambda&gt;18]" time="0.031476497650146484"></testcase><testcase classname="src.pymortests.vectorarray" file="src/pymortests/vectorarray.py" line="923" name="test_dot_incompatible[&lt;lambda&gt;19]" time="0.029107332229614258"></testcase><testcase classname="src.pymortests.vectorarray" file="src/pymortests/vectorarray.py" line="923" name="test_dot_incompatible[&lt;lambda&gt;20]" time="0.0019412040710449219"></testcase><testcase classname="src.pymortests.vectorarray" file="src/pymortests/vectorarray.py" line="923" name="test_dot_incompatible[&lt;lambda&gt;21]" time="0.0020308494567871094"></testcase><testcase classname="src.pymortests.vectorarray" file="src/pymortests/vectorarray.py" line="923" name="test_dot_incompatible[&lt;lambda&gt;22]" time="0.0034749507904052734"></testcase><testcase classname="src.pymortests.vectorarray" file="src/pymortests/vectorarray.py" line="923" name="test_dot_incompatible[&lt;lambda&gt;23]" time="0.030550479888916016"></testcase><testcase classname="src.pymortests.vectorarray" file="src/pymortests/vectorarray.py" line="923" name="test_dot_incompatible[&lt;lambda&gt;24]" time="0.06296133995056152"></testcase><testcase classname="src.pymortests.vectorarray" file="src/pymortests/vectorarray.py" line="931" name="test_pairwise_dot_incompatible[&lt;lambda&gt;0]" time="0.0021266937255859375"></testcase><testcase classname="src.pymortests.vectorarray" file="src/pymortests/vectorarray.py" line="931" name="test_pairwise_dot_incompatible[&lt;lambda&gt;1]" time="0.0011746883392333984"></testcase><testcase classname="src.pymortests.vectorarray" file="src/pymortests/vectorarray.py" line="931" name="test_pairwise_dot_incompatible[&lt;lambda&gt;2]" time="0.001949310302734375"></testcase><testcase classname="src.pymortests.vectorarray" file="src/pymortests/vectorarray.py" line="931" name="test_pairwise_dot_incompatible[&lt;lambda&gt;3]" time="0.0017507076263427734"></testcase><testcase classname="src.pymortests.vectorarray" file="src/pymortests/vectorarray.py" line="931" name="test_pairwise_dot_incompatible[&lt;lambda&gt;4]" time="0.0019216537475585938"></testcase><testcase classname="src.pymortests.vectorarray" file="src/pymortests/vectorarray.py" line="931" name="test_pairwise_dot_incompatible[&lt;lambda&gt;5]" time="0.0013325214385986328"></testcase><testcase classname="src.pymortests.vectorarray" file="src/pymortests/vectorarray.py" line="931" name="test_pairwise_dot_incompatible[&lt;lambda&gt;6]" time="0.0011301040649414062"></testcase><testcase classname="src.pymortests.vectorarray" file="src/pymortests/vectorarray.py" line="931" name="test_pairwise_dot_incompatible[&lt;lambda&gt;7]" time="0.0020608901977539062"></testcase><testcase classname="src.pymortests.vectorarray" file="src/pymortests/vectorarray.py" line="931" name="test_pairwise_dot_incompatible[&lt;lambda&gt;8]" time="0.003628253936767578"></testcase><testcase classname="src.pymortests.vectorarray" file="src/pymortests/vectorarray.py" line="931" name="test_pairwise_dot_incompatible[&lt;lambda&gt;9]" time="0.00590968132019043"></testcase><testcase classname="src.pymortests.vectorarray" file="src/pymortests/vectorarray.py" line="931" name="test_pairwise_dot_incompatible[&lt;lambda&gt;10]" time="0.0019636154174804688"></testcase><testcase classname="src.pymortests.vectorarray" file="src/pymortests/vectorarray.py" line="931" name="test_pairwise_dot_incompatible[&lt;lambda&gt;11]" time="0.0013587474822998047"></testcase><testcase classname="src.pymortests.vectorarray" file="src/pymortests/vectorarray.py" line="931" name="test_pairwise_dot_incompatible[&lt;lambda&gt;12]" time="0.003524303436279297"></testcase><testcase classname="src.pymortests.vectorarray" file="src/pymortests/vectorarray.py" line="931" name="test_pairwise_dot_incompatible[&lt;lambda&gt;13]" time="0.0029420852661132812"></testcase><testcase classname="src.pymortests.vectorarray" file="src/pymortests/vectorarray.py" line="931" name="test_pairwise_dot_incompatible[&lt;lambda&gt;14]" time="0.003421783447265625"></testcase><testcase classname="src.pymortests.vectorarray" file="src/pymortests/vectorarray.py" line="931" name="test_pairwise_dot_incompatible[&lt;lambda&gt;15]" time="0.0022411346435546875"></testcase><testcase classname="src.pymortests.vectorarray" file="src/pymortests/vectorarray.py" line="931" name="test_pairwise_dot_incompatible[&lt;lambda&gt;16]" time="0.0019693374633789062"></testcase><testcase classname="src.pymortests.vectorarray" file="src/pymortests/vectorarray.py" line="931" name="test_pairwise_dot_incompatible[&lt;lambda&gt;17]" time="0.0031287670135498047"></testcase><testcase classname="src.pymortests.vectorarray" file="src/pymortests/vectorarray.py" line="931" name="test_pairwise_dot_incompatible[&lt;lambda&gt;18]" time="0.03148341178894043"></testcase><testcase classname="src.pymortests.vectorarray" file="src/pymortests/vectorarray.py" line="931" name="test_pairwise_dot_incompatible[&lt;lambda&gt;19]" time="0.026731252670288086"></testcase><testcase classname="src.pymortests.vectorarray" file="src/pymortests/vectorarray.py" line="931" name="test_pairwise_dot_incompatible[&lt;lambda&gt;20]" time="0.002047300338745117"></testcase><testcase classname="src.pymortests.vectorarray" file="src/pymortests/vectorarray.py" line="931" name="test_pairwise_dot_incompatible[&lt;lambda&gt;21]" time="0.0020711421966552734"></testcase><testcase classname="src.pymortests.vectorarray" file="src/pymortests/vectorarray.py" line="931" name="test_pairwise_dot_incompatible[&lt;lambda&gt;22]" time="0.003691434860229492"></testcase><testcase classname="src.pymortests.vectorarray" file="src/pymortests/vectorarray.py" line="931" name="test_pairwise_dot_incompatible[&lt;lambda&gt;23]" time="0.030266761779785156"></testcase><testcase classname="src.pymortests.vectorarray" file="src/pymortests/vectorarray.py" line="931" name="test_pairwise_dot_incompatible[&lt;lambda&gt;24]" time="0.06338763236999512"></testcase><testcase classname="src.pymortests.vectorarray" file="src/pymortests/vectorarray.py" line="939" name="test_add_incompatible[&lt;lambda&gt;0]" time="0.0015826225280761719"></testcase><testcase classname="src.pymortests.vectorarray" file="src/pymortests/vectorarray.py" line="939" name="test_add_incompatible[&lt;lambda&gt;1]" time="0.001165628433227539"></testcase><testcase classname="src.pymortests.vectorarray" file="src/pymortests/vectorarray.py" line="939" name="test_add_incompatible[&lt;lambda&gt;2]" time="0.0010063648223876953"></testcase><testcase classname="src.pymortests.vectorarray" file="src/pymortests/vectorarray.py" line="939" name="test_add_incompatible[&lt;lambda&gt;3]" time="0.0010869503021240234"></testcase><testcase classname="src.pymortests.vectorarray" file="src/pymortests/vectorarray.py" line="939" name="test_add_incompatible[&lt;lambda&gt;4]" time="0.0009999275207519531"></testcase><testcase classname="src.pymortests.vectorarray" file="src/pymortests/vectorarray.py" line="939" name="test_add_incompatible[&lt;lambda&gt;5]" time="0.0010793209075927734"></testcase><testcase classname="src.pymortests.vectorarray" file="src/pymortests/vectorarray.py" line="939" name="test_add_incompatible[&lt;lambda&gt;6]" time="0.0010654926300048828"></testcase><testcase classname="src.pymortests.vectorarray" file="src/pymortests/vectorarray.py" line="939" name="test_add_incompatible[&lt;lambda&gt;7]" time="0.0010571479797363281"></testcase><testcase classname="src.pymortests.vectorarray" file="src/pymortests/vectorarray.py" line="939" name="test_add_incompatible[&lt;lambda&gt;8]" time="0.0013680458068847656"></testcase><testcase classname="src.pymortests.vectorarray" file="src/pymortests/vectorarray.py" line="939" name="test_add_incompatible[&lt;lambda&gt;9]" time="0.0017516613006591797"></testcase><testcase classname="src.pymortests.vectorarray" file="src/pymortests/vectorarray.py" line="939" name="test_add_incompatible[&lt;lambda&gt;10]" time="0.0012981891632080078"></testcase><testcase classname="src.pymortests.vectorarray" file="src/pymortests/vectorarray.py" line="939" name="test_add_incompatible[&lt;lambda&gt;11]" time="0.0012359619140625"></testcase><testcase classname="src.pymortests.vectorarray" file="src/pymortests/vectorarray.py" line="939" name="test_add_incompatible[&lt;lambda&gt;12]" time="0.0013661384582519531"></testcase><testcase classname="src.pymortests.vectorarray" file="src/pymortests/vectorarray.py" line="939" name="test_add_incompatible[&lt;lambda&gt;13]" time="0.0012781620025634766"></testcase><testcase classname="src.pymortests.vectorarray" file="src/pymortests/vectorarray.py" line="939" name="test_add_incompatible[&lt;lambda&gt;14]" time="0.001331329345703125"></testcase><testcase classname="src.pymortests.vectorarray" file="src/pymortests/vectorarray.py" line="939" name="test_add_incompatible[&lt;lambda&gt;15]" time="0.001705169677734375"></testcase><testcase classname="src.pymortests.vectorarray" file="src/pymortests/vectorarray.py" line="939" name="test_add_incompatible[&lt;lambda&gt;16]" time="0.0017423629760742188"></testcase><testcase classname="src.pymortests.vectorarray" file="src/pymortests/vectorarray.py" line="939" name="test_add_incompatible[&lt;lambda&gt;17]" time="0.0018811225891113281"></testcase><testcase classname="src.pymortests.vectorarray" file="src/pymortests/vectorarray.py" line="939" name="test_add_incompatible[&lt;lambda&gt;18]" time="0.02937030792236328"></testcase><testcase classname="src.pymortests.vectorarray" file="src/pymortests/vectorarray.py" line="939" name="test_add_incompatible[&lt;lambda&gt;19]" time="0.022668838500976562"></testcase><testcase classname="src.pymortests.vectorarray" file="src/pymortests/vectorarray.py" line="939" name="test_add_incompatible[&lt;lambda&gt;20]" time="0.0015556812286376953"></testcase><testcase classname="src.pymortests.vectorarray" file="src/pymortests/vectorarray.py" line="939" name="test_add_incompatible[&lt;lambda&gt;21]" time="0.002051115036010742"></testcase><testcase classname="src.pymortests.vectorarray" file="src/pymortests/vectorarray.py" line="939" name="test_add_incompatible[&lt;lambda&gt;22]" time="0.0025529861450195312"></testcase><testcase classname="src.pymortests.vectorarray" file="src/pymortests/vectorarray.py" line="939" name="test_add_incompatible[&lt;lambda&gt;23]" time="0.02757406234741211"></testcase><testcase classname="src.pymortests.vectorarray" file="src/pymortests/vectorarray.py" line="939" name="test_add_incompatible[&lt;lambda&gt;24]" time="0.05907034873962402"></testcase><testcase classname="src.pymortests.vectorarray" file="src/pymortests/vectorarray.py" line="945" name="test_iadd_incompatible[&lt;lambda&gt;0]" time="0.0016071796417236328"></testcase><testcase classname="src.pymortests.vectorarray" file="src/pymortests/vectorarray.py" line="945" name="test_iadd_incompatible[&lt;lambda&gt;1]" time="0.0012791156768798828"></testcase><testcase classname="src.pymortests.vectorarray" file="src/pymortests/vectorarray.py" line="945" name="test_iadd_incompatible[&lt;lambda&gt;2]" time="0.0010857582092285156"></testcase><testcase classname="src.pymortests.vectorarray" file="src/pymortests/vectorarray.py" line="945" name="test_iadd_incompatible[&lt;lambda&gt;3]" time="0.0010373592376708984"></testcase><testcase classname="src.pymortests.vectorarray" file="src/pymortests/vectorarray.py" line="945" name="test_iadd_incompatible[&lt;lambda&gt;4]" time="0.0009739398956298828"></testcase><testcase classname="src.pymortests.vectorarray" file="src/pymortests/vectorarray.py" line="945" name="test_iadd_incompatible[&lt;lambda&gt;5]" time="0.0010843276977539062"></testcase><testcase classname="src.pymortests.vectorarray" file="src/pymortests/vectorarray.py" line="945" name="test_iadd_incompatible[&lt;lambda&gt;6]" time="0.0010557174682617188"></testcase><testcase classname="src.pymortests.vectorarray" file="src/pymortests/vectorarray.py" line="945" name="test_iadd_incompatible[&lt;lambda&gt;7]" time="0.0010828971862792969"></testcase><testcase classname="src.pymortests.vectorarray" file="src/pymortests/vectorarray.py" line="945" name="test_iadd_incompatible[&lt;lambda&gt;8]" time="0.0011637210845947266"></testcase><testcase classname="src.pymortests.vectorarray" file="src/pymortests/vectorarray.py" line="945" name="test_iadd_incompatible[&lt;lambda&gt;9]" time="0.0013241767883300781"></testcase><testcase classname="src.pymortests.vectorarray" file="src/pymortests/vectorarray.py" line="945" name="test_iadd_incompatible[&lt;lambda&gt;10]" time="0.0012288093566894531"></testcase><testcase classname="src.pymortests.vectorarray" file="src/pymortests/vectorarray.py" line="945" name="test_iadd_incompatible[&lt;lambda&gt;11]" time="0.001173257827758789"></testcase><testcase classname="src.pymortests.vectorarray" file="src/pymortests/vectorarray.py" line="945" name="test_iadd_incompatible[&lt;lambda&gt;12]" time="0.0011990070343017578"></testcase><testcase classname="src.pymortests.vectorarray" file="src/pymortests/vectorarray.py" line="945" name="test_iadd_incompatible[&lt;lambda&gt;13]" time="0.0012390613555908203"></testcase><testcase classname="src.pymortests.vectorarray" file="src/pymortests/vectorarray.py" line="945" name="test_iadd_incompatible[&lt;lambda&gt;14]" time="0.0012745857238769531"></testcase><testcase classname="src.pymortests.vectorarray" file="src/pymortests/vectorarray.py" line="945" name="test_iadd_incompatible[&lt;lambda&gt;15]" time="0.0016722679138183594"></testcase><testcase classname="src.pymortests.vectorarray" file="src/pymortests/vectorarray.py" line="945" name="test_iadd_incompatible[&lt;lambda&gt;16]" time="0.001821279525756836"></testcase><testcase classname="src.pymortests.vectorarray" file="src/pymortests/vectorarray.py" line="945" name="test_iadd_incompatible[&lt;lambda&gt;17]" time="0.0019488334655761719"></testcase><testcase classname="src.pymortests.vectorarray" file="src/pymortests/vectorarray.py" line="945" name="test_iadd_incompatible[&lt;lambda&gt;18]" time="0.028944969177246094"></testcase><testcase classname="src.pymortests.vectorarray" file="src/pymortests/vectorarray.py" line="945" name="test_iadd_incompatible[&lt;lambda&gt;19]" time="0.022576570510864258"></testcase><testcase classname="src.pymortests.vectorarray" file="src/pymortests/vectorarray.py" line="945" name="test_iadd_incompatible[&lt;lambda&gt;20]" time="0.0015244483947753906"></testcase><testcase classname="src.pymortests.vectorarray" file="src/pymortests/vectorarray.py" line="945" name="test_iadd_incompatible[&lt;lambda&gt;21]" time="0.002178668975830078"></testcase><testcase classname="src.pymortests.vectorarray" file="src/pymortests/vectorarray.py" line="945" name="test_iadd_incompatible[&lt;lambda&gt;22]" time="0.0027229785919189453"></testcase><testcase classname="src.pymortests.vectorarray" file="src/pymortests/vectorarray.py" line="945" name="test_iadd_incompatible[&lt;lambda&gt;23]" time="0.02764296531677246"></testcase><testcase classname="src.pymortests.vectorarray" file="src/pymortests/vectorarray.py" line="945" name="test_iadd_incompatible[&lt;lambda&gt;24]" time="0.0586240291595459"></testcase><testcase classname="src.pymortests.vectorarray" file="src/pymortests/vectorarray.py" line="951" name="test_sub_incompatible[&lt;lambda&gt;0]" time="0.0016162395477294922"></testcase><testcase classname="src.pymortests.vectorarray" file="src/pymortests/vectorarray.py" line="951" name="test_sub_incompatible[&lt;lambda&gt;1]" time="0.0011718273162841797"></testcase><testcase classname="src.pymortests.vectorarray" file="src/pymortests/vectorarray.py" line="951" name="test_sub_incompatible[&lt;lambda&gt;2]" time="0.001065969467163086"></testcase><testcase classname="src.pymortests.vectorarray" file="src/pymortests/vectorarray.py" line="951" name="test_sub_incompatible[&lt;lambda&gt;3]" time="0.0010194778442382812"></testcase><testcase classname="src.pymortests.vectorarray" file="src/pymortests/vectorarray.py" line="951" name="test_sub_incompatible[&lt;lambda&gt;4]" time="0.0009615421295166016"></testcase><testcase classname="src.pymortests.vectorarray" file="src/pymortests/vectorarray.py" line="951" name="test_sub_incompatible[&lt;lambda&gt;5]" time="0.0010595321655273438"></testcase><testcase classname="src.pymortests.vectorarray" file="src/pymortests/vectorarray.py" line="951" name="test_sub_incompatible[&lt;lambda&gt;6]" time="0.0010273456573486328"></testcase><testcase classname="src.pymortests.vectorarray" file="src/pymortests/vectorarray.py" line="951" name="test_sub_incompatible[&lt;lambda&gt;7]" time="0.0010814666748046875"></testcase><testcase classname="src.pymortests.vectorarray" file="src/pymortests/vectorarray.py" line="951" name="test_sub_incompatible[&lt;lambda&gt;8]" time="0.0013587474822998047"></testcase><testcase classname="src.pymortests.vectorarray" file="src/pymortests/vectorarray.py" line="951" name="test_sub_incompatible[&lt;lambda&gt;9]" time="0.0019123554229736328"></testcase><testcase classname="src.pymortests.vectorarray" file="src/pymortests/vectorarray.py" line="951" name="test_sub_incompatible[&lt;lambda&gt;10]" time="0.0012984275817871094"></testcase><testcase classname="src.pymortests.vectorarray" file="src/pymortests/vectorarray.py" line="951" name="test_sub_incompatible[&lt;lambda&gt;11]" time="0.001210927963256836"></testcase><testcase classname="src.pymortests.vectorarray" file="src/pymortests/vectorarray.py" line="951" name="test_sub_incompatible[&lt;lambda&gt;12]" time="0.001302480697631836"></testcase><testcase classname="src.pymortests.vectorarray" file="src/pymortests/vectorarray.py" line="951" name="test_sub_incompatible[&lt;lambda&gt;13]" time="0.0013091564178466797"></testcase><testcase classname="src.pymortests.vectorarray" file="src/pymortests/vectorarray.py" line="951" name="test_sub_incompatible[&lt;lambda&gt;14]" time="0.0012955665588378906"></testcase><testcase classname="src.pymortests.vectorarray" file="src/pymortests/vectorarray.py" line="951" name="test_sub_incompatible[&lt;lambda&gt;15]" time="0.001840829849243164"></testcase><testcase classname="src.pymortests.vectorarray" file="src/pymortests/vectorarray.py" line="951" name="test_sub_incompatible[&lt;lambda&gt;16]" time="0.0018627643585205078"></testcase><testcase classname="src.pymortests.vectorarray" file="src/pymortests/vectorarray.py" line="951" name="test_sub_incompatible[&lt;lambda&gt;17]" time="0.0019123554229736328"></testcase><testcase classname="src.pymortests.vectorarray" file="src/pymortests/vectorarray.py" line="951" name="test_sub_incompatible[&lt;lambda&gt;18]" time="0.031092166900634766"></testcase><testcase classname="src.pymortests.vectorarray" file="src/pymortests/vectorarray.py" line="951" name="test_sub_incompatible[&lt;lambda&gt;19]" time="0.02274012565612793"></testcase><testcase classname="src.pymortests.vectorarray" file="src/pymortests/vectorarray.py" line="951" name="test_sub_incompatible[&lt;lambda&gt;20]" time="0.0014979839324951172"></testcase><testcase classname="src.pymortests.vectorarray" file="src/pymortests/vectorarray.py" line="951" name="test_sub_incompatible[&lt;lambda&gt;21]" time="0.0020432472229003906"></testcase><testcase classname="src.pymortests.vectorarray" file="src/pymortests/vectorarray.py" line="951" name="test_sub_incompatible[&lt;lambda&gt;22]" time="0.0024445056915283203"></testcase><testcase classname="src.pymortests.vectorarray" file="src/pymortests/vectorarray.py" line="951" name="test_sub_incompatible[&lt;lambda&gt;23]" time="0.027758121490478516"></testcase><testcase classname="src.pymortests.vectorarray" file="src/pymortests/vectorarray.py" line="951" name="test_sub_incompatible[&lt;lambda&gt;24]" time="0.05907893180847168"></testcase><testcase classname="src.pymortests.vectorarray" file="src/pymortests/vectorarray.py" line="957" name="test_isub_incompatible[&lt;lambda&gt;0]" time="0.0015723705291748047"></testcase><testcase classname="src.pymortests.vectorarray" file="src/pymortests/vectorarray.py" line="957" name="test_isub_incompatible[&lt;lambda&gt;1]" time="0.0011878013610839844"></testcase><testcase classname="src.pymortests.vectorarray" file="src/pymortests/vectorarray.py" line="957" name="test_isub_incompatible[&lt;lambda&gt;2]" time="0.0010590553283691406"></testcase><testcase classname="src.pymortests.vectorarray" file="src/pymortests/vectorarray.py" line="957" name="test_isub_incompatible[&lt;lambda&gt;3]" time="0.0010793209075927734"></testcase><testcase classname="src.pymortests.vectorarray" file="src/pymortests/vectorarray.py" line="957" name="test_isub_incompatible[&lt;lambda&gt;4]" time="0.0010132789611816406"></testcase><testcase classname="src.pymortests.vectorarray" file="src/pymortests/vectorarray.py" line="957" name="test_isub_incompatible[&lt;lambda&gt;5]" time="0.001009225845336914"></testcase><testcase classname="src.pymortests.vectorarray" file="src/pymortests/vectorarray.py" line="957" name="test_isub_incompatible[&lt;lambda&gt;6]" time="0.0009937286376953125"></testcase><testcase classname="src.pymortests.vectorarray" file="src/pymortests/vectorarray.py" line="957" name="test_isub_incompatible[&lt;lambda&gt;7]" time="0.0010013580322265625"></testcase><testcase classname="src.pymortests.vectorarray" file="src/pymortests/vectorarray.py" line="957" name="test_isub_incompatible[&lt;lambda&gt;8]" time="0.0012240409851074219"></testcase><testcase classname="src.pymortests.vectorarray" file="src/pymortests/vectorarray.py" line="957" name="test_isub_incompatible[&lt;lambda&gt;9]" time="0.0013914108276367188"></testcase><testcase classname="src.pymortests.vectorarray" file="src/pymortests/vectorarray.py" line="957" name="test_isub_incompatible[&lt;lambda&gt;10]" time="0.001363992691040039"></testcase><testcase classname="src.pymortests.vectorarray" file="src/pymortests/vectorarray.py" line="957" name="test_isub_incompatible[&lt;lambda&gt;11]" time="0.001157999038696289"></testcase><testcase classname="src.pymortests.vectorarray" file="src/pymortests/vectorarray.py" line="957" name="test_isub_incompatible[&lt;lambda&gt;12]" time="0.001256704330444336"></testcase><testcase classname="src.pymortests.vectorarray" file="src/pymortests/vectorarray.py" line="957" name="test_isub_incompatible[&lt;lambda&gt;13]" time="0.0011932849884033203"></testcase><testcase classname="src.pymortests.vectorarray" file="src/pymortests/vectorarray.py" line="957" name="test_isub_incompatible[&lt;lambda&gt;14]" time="0.001299142837524414"></testcase><testcase classname="src.pymortests.vectorarray" file="src/pymortests/vectorarray.py" line="957" name="test_isub_incompatible[&lt;lambda&gt;15]" time="0.001684427261352539"></testcase><testcase classname="src.pymortests.vectorarray" file="src/pymortests/vectorarray.py" line="957" name="test_isub_incompatible[&lt;lambda&gt;16]" time="0.0017783641815185547"></testcase><testcase classname="src.pymortests.vectorarray" file="src/pymortests/vectorarray.py" line="957" name="test_isub_incompatible[&lt;lambda&gt;17]" time="0.0019190311431884766"></testcase><testcase classname="src.pymortests.vectorarray" file="src/pymortests/vectorarray.py" line="957" name="test_isub_incompatible[&lt;lambda&gt;18]" time="0.02897953987121582"></testcase><testcase classname="src.pymortests.vectorarray" file="src/pymortests/vectorarray.py" line="957" name="test_isub_incompatible[&lt;lambda&gt;19]" time="0.022348642349243164"></testcase><testcase classname="src.pymortests.vectorarray" file="src/pymortests/vectorarray.py" line="957" name="test_isub_incompatible[&lt;lambda&gt;20]" time="0.001486063003540039"></testcase><testcase classname="src.pymortests.vectorarray" file="src/pymortests/vectorarray.py" line="957" name="test_isub_incompatible[&lt;lambda&gt;21]" time="0.0020291805267333984"></testcase><testcase classname="src.pymortests.vectorarray" file="src/pymortests/vectorarray.py" line="957" name="test_isub_incompatible[&lt;lambda&gt;22]" time="0.002497434616088867"></testcase><testcase classname="src.pymortests.vectorarray" file="src/pymortests/vectorarray.py" line="957" name="test_isub_incompatible[&lt;lambda&gt;23]" time="0.027454376220703125"></testcase><testcase classname="src.pymortests.vectorarray" file="src/pymortests/vectorarray.py" line="957" name="test_isub_incompatible[&lt;lambda&gt;24]" time="0.05826520919799805"></testcase><testcase classname="src.pymortests.vectorarray" file="src/pymortests/vectorarray.py" line="966" name="test_copy_wrong_ind[0-&lt;lambda&gt;0]" time="0.0021991729736328125"></testcase><testcase classname="src.pymortests.vectorarray" file="src/pymortests/vectorarray.py" line="966" name="test_copy_wrong_ind[0-&lt;lambda&gt;1]" time="0.0014090538024902344"></testcase><testcase classname="src.pymortests.vectorarray" file="src/pymortests/vectorarray.py" line="966" name="test_copy_wrong_ind[0-&lt;lambda&gt;2]" time="0.001310586929321289"></testcase><testcase classname="src.pymortests.vectorarray" file="src/pymortests/vectorarray.py" line="966" name="test_copy_wrong_ind[0-&lt;lambda&gt;3]" time="0.0013790130615234375"></testcase><testcase classname="src.pymortests.vectorarray" file="src/pymortests/vectorarray.py" line="966" name="test_copy_wrong_ind[0-&lt;lambda&gt;4]" time="0.0012640953063964844"></testcase><testcase classname="src.pymortests.vectorarray" file="src/pymortests/vectorarray.py" line="966" name="test_copy_wrong_ind[0-&lt;lambda&gt;5]" time="0.0013537406921386719"></testcase><testcase classname="src.pymortests.vectorarray" file="src/pymortests/vectorarray.py" line="966" name="test_copy_wrong_ind[0-&lt;lambda&gt;6]" time="0.0014047622680664062"></testcase><testcase classname="src.pymortests.vectorarray" file="src/pymortests/vectorarray.py" line="966" name="test_copy_wrong_ind[0-&lt;lambda&gt;7]" time="0.0013463497161865234"></testcase><testcase classname="src.pymortests.vectorarray" file="src/pymortests/vectorarray.py" line="966" name="test_copy_wrong_ind[0-&lt;lambda&gt;8]" time="0.0015742778778076172"></testcase><testcase classname="src.pymortests.vectorarray" file="src/pymortests/vectorarray.py" line="966" name="test_copy_wrong_ind[0-&lt;lambda&gt;9]" time="0.0016410350799560547"></testcase><testcase classname="src.pymortests.vectorarray" file="src/pymortests/vectorarray.py" line="966" name="test_copy_wrong_ind[0-&lt;lambda&gt;10]" time="0.0014758110046386719"></testcase><testcase classname="src.pymortests.vectorarray" file="src/pymortests/vectorarray.py" line="966" name="test_copy_wrong_ind[0-&lt;lambda&gt;11]" time="0.0014646053314208984"></testcase><testcase classname="src.pymortests.vectorarray" file="src/pymortests/vectorarray.py" line="966" name="test_copy_wrong_ind[0-&lt;lambda&gt;12]" time="0.001386880874633789"></testcase><testcase classname="src.pymortests.vectorarray" file="src/pymortests/vectorarray.py" line="966" name="test_copy_wrong_ind[0-&lt;lambda&gt;13]" time="0.0013818740844726562"></testcase><testcase classname="src.pymortests.vectorarray" file="src/pymortests/vectorarray.py" line="966" name="test_copy_wrong_ind[0-&lt;lambda&gt;14]" time="0.0013699531555175781"></testcase><testcase classname="src.pymortests.vectorarray" file="src/pymortests/vectorarray.py" line="966" name="test_copy_wrong_ind[0-&lt;lambda&gt;15]" time="0.001430511474609375"></testcase><testcase classname="src.pymortests.vectorarray" file="src/pymortests/vectorarray.py" line="966" name="test_copy_wrong_ind[0-&lt;lambda&gt;16]" time="0.0014579296112060547"></testcase><testcase classname="src.pymortests.vectorarray" file="src/pymortests/vectorarray.py" line="966" name="test_copy_wrong_ind[0-&lt;lambda&gt;17]" time="0.0017113685607910156"></testcase><testcase classname="src.pymortests.vectorarray" file="src/pymortests/vectorarray.py" line="966" name="test_copy_wrong_ind[0-&lt;lambda&gt;18]" time="0.0016090869903564453"></testcase><testcase classname="src.pymortests.vectorarray" file="src/pymortests/vectorarray.py" line="966" name="test_copy_wrong_ind[0-&lt;lambda&gt;19]" time="0.0026836395263671875"></testcase><testcase classname="src.pymortests.vectorarray" file="src/pymortests/vectorarray.py" line="966" name="test_copy_wrong_ind[0-&lt;lambda&gt;20]" time="0.009457111358642578"></testcase><testcase classname="src.pymortests.vectorarray" file="src/pymortests/vectorarray.py" line="966" name="test_copy_wrong_ind[0-&lt;lambda&gt;21]" time="0.019997119903564453"></testcase><testcase classname="src.pymortests.vectorarray" file="src/pymortests/vectorarray.py" line="966" name="test_copy_wrong_ind[0-&lt;lambda&gt;22]" time="0.0019464492797851562"></testcase><testcase classname="src.pymortests.vectorarray" file="src/pymortests/vectorarray.py" line="966" name="test_copy_wrong_ind[0-&lt;lambda&gt;23]" time="0.0013599395751953125"></testcase><testcase classname="src.pymortests.vectorarray" file="src/pymortests/vectorarray.py" line="966" name="test_copy_wrong_ind[0-&lt;lambda&gt;24]" time="0.0022771358489990234"></testcase><testcase classname="src.pymortests.vectorarray" file="src/pymortests/vectorarray.py" line="966" name="test_copy_wrong_ind[0-&lt;lambda&gt;25]" time="0.02346038818359375"></testcase><testcase classname="src.pymortests.vectorarray" file="src/pymortests/vectorarray.py" line="966" name="test_copy_wrong_ind[0-&lt;lambda&gt;26]" time="0.05413365364074707"></testcase><testcase classname="src.pymortests.vectorarray" file="src/pymortests/vectorarray.py" line="966" name="test_copy_wrong_ind[1-&lt;lambda&gt;0]" time="0.002046823501586914"></testcase><testcase classname="src.pymortests.vectorarray" file="src/pymortests/vectorarray.py" line="966" name="test_copy_wrong_ind[1-&lt;lambda&gt;1]" time="0.00141143798828125"></testcase><testcase classname="src.pymortests.vectorarray" file="src/pymortests/vectorarray.py" line="966" name="test_copy_wrong_ind[1-&lt;lambda&gt;2]" time="0.0013589859008789062"></testcase><testcase classname="src.pymortests.vectorarray" file="src/pymortests/vectorarray.py" line="966" name="test_copy_wrong_ind[1-&lt;lambda&gt;3]" time="0.0013833045959472656"></testcase><testcase classname="src.pymortests.vectorarray" file="src/pymortests/vectorarray.py" line="966" name="test_copy_wrong_ind[1-&lt;lambda&gt;4]" time="0.001348257064819336"></testcase><testcase classname="src.pymortests.vectorarray" file="src/pymortests/vectorarray.py" line="966" name="test_copy_wrong_ind[1-&lt;lambda&gt;5]" time="0.0013151168823242188"></testcase><testcase classname="src.pymortests.vectorarray" file="src/pymortests/vectorarray.py" line="966" name="test_copy_wrong_ind[1-&lt;lambda&gt;6]" time="0.001344919204711914"></testcase><testcase classname="src.pymortests.vectorarray" file="src/pymortests/vectorarray.py" line="966" name="test_copy_wrong_ind[1-&lt;lambda&gt;7]" time="0.001325845718383789"></testcase><testcase classname="src.pymortests.vectorarray" file="src/pymortests/vectorarray.py" line="966" name="test_copy_wrong_ind[1-&lt;lambda&gt;8]" time="0.0015959739685058594"></testcase><testcase classname="src.pymortests.vectorarray" file="src/pymortests/vectorarray.py" line="966" name="test_copy_wrong_ind[1-&lt;lambda&gt;9]" time="0.002100706100463867"></testcase><testcase classname="src.pymortests.vectorarray" file="src/pymortests/vectorarray.py" line="966" name="test_copy_wrong_ind[1-&lt;lambda&gt;10]" time="0.0015399456024169922"></testcase><testcase classname="src.pymortests.vectorarray" file="src/pymortests/vectorarray.py" line="966" name="test_copy_wrong_ind[1-&lt;lambda&gt;11]" time="0.0015261173248291016"></testcase><testcase classname="src.pymortests.vectorarray" file="src/pymortests/vectorarray.py" line="966" name="test_copy_wrong_ind[1-&lt;lambda&gt;12]" time="0.001615285873413086"></testcase><testcase classname="src.pymortests.vectorarray" file="src/pymortests/vectorarray.py" line="966" name="test_copy_wrong_ind[1-&lt;lambda&gt;13]" time="0.0014796257019042969"></testcase><testcase classname="src.pymortests.vectorarray" file="src/pymortests/vectorarray.py" line="966" name="test_copy_wrong_ind[1-&lt;lambda&gt;14]" time="0.0017788410186767578"></testcase><testcase classname="src.pymortests.vectorarray" file="src/pymortests/vectorarray.py" line="966" name="test_copy_wrong_ind[1-&lt;lambda&gt;15]" time="0.0016028881072998047"></testcase><testcase classname="src.pymortests.vectorarray" file="src/pymortests/vectorarray.py" line="966" name="test_copy_wrong_ind[1-&lt;lambda&gt;16]" time="0.0016019344329833984"></testcase><testcase classname="src.pymortests.vectorarray" file="src/pymortests/vectorarray.py" line="966" name="test_copy_wrong_ind[1-&lt;lambda&gt;17]" time="0.0017404556274414062"></testcase><testcase classname="src.pymortests.vectorarray" file="src/pymortests/vectorarray.py" line="966" name="test_copy_wrong_ind[1-&lt;lambda&gt;18]" time="0.0016927719116210938"></testcase><testcase classname="src.pymortests.vectorarray" file="src/pymortests/vectorarray.py" line="966" name="test_copy_wrong_ind[1-&lt;lambda&gt;19]" time="0.002592802047729492"></testcase><testcase classname="src.pymortests.vectorarray" file="src/pymortests/vectorarray.py" line="966" name="test_copy_wrong_ind[1-&lt;lambda&gt;20]" time="0.01029658317565918"></testcase><testcase classname="src.pymortests.vectorarray" file="src/pymortests/vectorarray.py" line="966" name="test_copy_wrong_ind[1-&lt;lambda&gt;21]" time="0.021188020706176758"></testcase><testcase classname="src.pymortests.vectorarray" file="src/pymortests/vectorarray.py" line="966" name="test_copy_wrong_ind[1-&lt;lambda&gt;22]" time="0.002010822296142578"></testcase><testcase classname="src.pymortests.vectorarray" file="src/pymortests/vectorarray.py" line="966" name="test_copy_wrong_ind[1-&lt;lambda&gt;23]" time="0.0014998912811279297"></testcase><testcase classname="src.pymortests.vectorarray" file="src/pymortests/vectorarray.py" line="966" name="test_copy_wrong_ind[1-&lt;lambda&gt;24]" time="0.0023322105407714844"></testcase><testcase classname="src.pymortests.vectorarray" file="src/pymortests/vectorarray.py" line="966" name="test_copy_wrong_ind[1-&lt;lambda&gt;25]" time="0.02376556396484375"></testcase><testcase classname="src.pymortests.vectorarray" file="src/pymortests/vectorarray.py" line="966" name="test_copy_wrong_ind[1-&lt;lambda&gt;26]" time="0.05429577827453613"></testcase><testcase classname="src.pymortests.vectorarray" file="src/pymortests/vectorarray.py" line="966" name="test_copy_wrong_ind[2-&lt;lambda&gt;0]" time="0.0019791126251220703"></testcase><testcase classname="src.pymortests.vectorarray" file="src/pymortests/vectorarray.py" line="966" name="test_copy_wrong_ind[2-&lt;lambda&gt;1]" time="0.0013506412506103516"></testcase><testcase classname="src.pymortests.vectorarray" file="src/pymortests/vectorarray.py" line="966" name="test_copy_wrong_ind[2-&lt;lambda&gt;2]" time="0.0013604164123535156"></testcase><testcase classname="src.pymortests.vectorarray" file="src/pymortests/vectorarray.py" line="966" name="test_copy_wrong_ind[2-&lt;lambda&gt;3]" time="0.0013515949249267578"></testcase><testcase classname="src.pymortests.vectorarray" file="src/pymortests/vectorarray.py" line="966" name="test_copy_wrong_ind[2-&lt;lambda&gt;4]" time="0.0012831687927246094"></testcase><testcase classname="src.pymortests.vectorarray" file="src/pymortests/vectorarray.py" line="966" name="test_copy_wrong_ind[2-&lt;lambda&gt;5]" time="0.0013723373413085938"></testcase><testcase classname="src.pymortests.vectorarray" file="src/pymortests/vectorarray.py" line="966" name="test_copy_wrong_ind[2-&lt;lambda&gt;6]" time="0.0012631416320800781"></testcase><testcase classname="src.pymortests.vectorarray" file="src/pymortests/vectorarray.py" line="966" name="test_copy_wrong_ind[2-&lt;lambda&gt;7]" time="0.0013356208801269531"></testcase><testcase classname="src.pymortests.vectorarray" file="src/pymortests/vectorarray.py" line="966" name="test_copy_wrong_ind[2-&lt;lambda&gt;8]" time="0.0015788078308105469"></testcase><testcase classname="src.pymortests.vectorarray" file="src/pymortests/vectorarray.py" line="966" name="test_copy_wrong_ind[2-&lt;lambda&gt;9]" time="0.0020580291748046875"></testcase><testcase classname="src.pymortests.vectorarray" file="src/pymortests/vectorarray.py" line="966" name="test_copy_wrong_ind[2-&lt;lambda&gt;10]" time="0.0015544891357421875"></testcase><testcase classname="src.pymortests.vectorarray" file="src/pymortests/vectorarray.py" line="966" name="test_copy_wrong_ind[2-&lt;lambda&gt;11]" time="0.0015139579772949219"></testcase><testcase classname="src.pymortests.vectorarray" file="src/pymortests/vectorarray.py" line="966" name="test_copy_wrong_ind[2-&lt;lambda&gt;12]" time="0.0014946460723876953"></testcase><testcase classname="src.pymortests.vectorarray" file="src/pymortests/vectorarray.py" line="966" name="test_copy_wrong_ind[2-&lt;lambda&gt;13]" time="0.005996227264404297"></testcase><testcase classname="src.pymortests.vectorarray" file="src/pymortests/vectorarray.py" line="966" name="test_copy_wrong_ind[2-&lt;lambda&gt;14]" time="0.0022704601287841797"></testcase><testcase classname="src.pymortests.vectorarray" file="src/pymortests/vectorarray.py" line="966" name="test_copy_wrong_ind[2-&lt;lambda&gt;15]" time="0.0016636848449707031"></testcase><testcase classname="src.pymortests.vectorarray" file="src/pymortests/vectorarray.py" line="966" name="test_copy_wrong_ind[2-&lt;lambda&gt;16]" time="0.001613616943359375"></testcase><testcase classname="src.pymortests.vectorarray" file="src/pymortests/vectorarray.py" line="966" name="test_copy_wrong_ind[2-&lt;lambda&gt;17]" time="0.0017521381378173828"></testcase><testcase classname="src.pymortests.vectorarray" file="src/pymortests/vectorarray.py" line="966" name="test_copy_wrong_ind[2-&lt;lambda&gt;18]" time="0.0017514228820800781"></testcase><testcase classname="src.pymortests.vectorarray" file="src/pymortests/vectorarray.py" line="966" name="test_copy_wrong_ind[2-&lt;lambda&gt;19]" time="0.002699136734008789"></testcase><testcase classname="src.pymortests.vectorarray" file="src/pymortests/vectorarray.py" line="966" name="test_copy_wrong_ind[2-&lt;lambda&gt;20]" time="0.009503364562988281"></testcase><testcase classname="src.pymortests.vectorarray" file="src/pymortests/vectorarray.py" line="966" name="test_copy_wrong_ind[2-&lt;lambda&gt;21]" time="0.020246028900146484"></testcase><testcase classname="src.pymortests.vectorarray" file="src/pymortests/vectorarray.py" line="966" name="test_copy_wrong_ind[2-&lt;lambda&gt;22]" time="0.0020220279693603516"></testcase><testcase classname="src.pymortests.vectorarray" file="src/pymortests/vectorarray.py" line="966" name="test_copy_wrong_ind[2-&lt;lambda&gt;23]" time="0.0013747215270996094"></testcase><testcase classname="src.pymortests.vectorarray" file="src/pymortests/vectorarray.py" line="966" name="test_copy_wrong_ind[2-&lt;lambda&gt;24]" time="0.0022704601287841797"></testcase><testcase classname="src.pymortests.vectorarray" file="src/pymortests/vectorarray.py" line="966" name="test_copy_wrong_ind[2-&lt;lambda&gt;25]" time="0.023676395416259766"></testcase><testcase classname="src.pymortests.vectorarray" file="src/pymortests/vectorarray.py" line="966" name="test_copy_wrong_ind[2-&lt;lambda&gt;26]" time="0.053733110427856445"></testcase><testcase classname="src.pymortests.vectorarray" file="src/pymortests/vectorarray.py" line="973" name="test_remove_wrong_ind[0-&lt;lambda&gt;0]" time="0.0020132064819335938"></testcase><testcase classname="src.pymortests.vectorarray" file="src/pymortests/vectorarray.py" line="973" name="test_remove_wrong_ind[0-&lt;lambda&gt;1]" time="0.0014233589172363281"></testcase><testcase classname="src.pymortests.vectorarray" file="src/pymortests/vectorarray.py" line="973" name="test_remove_wrong_ind[0-&lt;lambda&gt;2]" time="0.0013108253479003906"></testcase><testcase classname="src.pymortests.vectorarray" file="src/pymortests/vectorarray.py" line="973" name="test_remove_wrong_ind[0-&lt;lambda&gt;3]" time="0.001314401626586914"></testcase><testcase classname="src.pymortests.vectorarray" file="src/pymortests/vectorarray.py" line="973" name="test_remove_wrong_ind[0-&lt;lambda&gt;4]" time="0.0013110637664794922"></testcase><testcase classname="src.pymortests.vectorarray" file="src/pymortests/vectorarray.py" line="973" name="test_remove_wrong_ind[0-&lt;lambda&gt;5]" time="0.0012850761413574219"></testcase><testcase classname="src.pymortests.vectorarray" file="src/pymortests/vectorarray.py" line="973" name="test_remove_wrong_ind[0-&lt;lambda&gt;6]" time="0.001295328140258789"></testcase><testcase classname="src.pymortests.vectorarray" file="src/pymortests/vectorarray.py" line="973" name="test_remove_wrong_ind[0-&lt;lambda&gt;7]" time="0.0012912750244140625"></testcase><testcase classname="src.pymortests.vectorarray" file="src/pymortests/vectorarray.py" line="973" name="test_remove_wrong_ind[0-&lt;lambda&gt;8]" time="0.002328157424926758"></testcase><testcase classname="src.pymortests.vectorarray" file="src/pymortests/vectorarray.py" line="973" name="test_remove_wrong_ind[0-&lt;lambda&gt;9]" time="0.004054069519042969"></testcase><testcase classname="src.pymortests.vectorarray" file="src/pymortests/vectorarray.py" line="973" name="test_remove_wrong_ind[0-&lt;lambda&gt;10]" time="0.001539468765258789"></testcase><testcase classname="src.pymortests.vectorarray" file="src/pymortests/vectorarray.py" line="973" name="test_remove_wrong_ind[0-&lt;lambda&gt;11]" time="0.001600027084350586"></testcase><testcase classname="src.pymortests.vectorarray" file="src/pymortests/vectorarray.py" line="973" name="test_remove_wrong_ind[0-&lt;lambda&gt;12]" time="0.0014841556549072266"></testcase><testcase classname="src.pymortests.vectorarray" file="src/pymortests/vectorarray.py" line="973" name="test_remove_wrong_ind[0-&lt;lambda&gt;13]" time="0.001363515853881836"></testcase><testcase classname="src.pymortests.vectorarray" file="src/pymortests/vectorarray.py" line="973" name="test_remove_wrong_ind[0-&lt;lambda&gt;14]" time="0.001447439193725586"></testcase><testcase classname="src.pymortests.vectorarray" file="src/pymortests/vectorarray.py" line="973" name="test_remove_wrong_ind[0-&lt;lambda&gt;15]" time="0.0015289783477783203"></testcase><testcase classname="src.pymortests.vectorarray" file="src/pymortests/vectorarray.py" line="973" name="test_remove_wrong_ind[0-&lt;lambda&gt;16]" time="0.0015077590942382812"></testcase><testcase classname="src.pymortests.vectorarray" file="src/pymortests/vectorarray.py" line="973" name="test_remove_wrong_ind[0-&lt;lambda&gt;17]" time="0.0017917156219482422"></testcase><testcase classname="src.pymortests.vectorarray" file="src/pymortests/vectorarray.py" line="973" name="test_remove_wrong_ind[0-&lt;lambda&gt;18]" time="0.0016291141510009766"></testcase><testcase classname="src.pymortests.vectorarray" file="src/pymortests/vectorarray.py" line="973" name="test_remove_wrong_ind[0-&lt;lambda&gt;19]" time="0.0025434494018554688"></testcase><testcase classname="src.pymortests.vectorarray" file="src/pymortests/vectorarray.py" line="973" name="test_remove_wrong_ind[0-&lt;lambda&gt;20]" time="0.010090351104736328"></testcase><testcase classname="src.pymortests.vectorarray" file="src/pymortests/vectorarray.py" line="973" name="test_remove_wrong_ind[0-&lt;lambda&gt;21]" time="0.022173166275024414"></testcase><testcase classname="src.pymortests.vectorarray" file="src/pymortests/vectorarray.py" line="973" name="test_remove_wrong_ind[0-&lt;lambda&gt;22]" time="0.0019605159759521484"></testcase><testcase classname="src.pymortests.vectorarray" file="src/pymortests/vectorarray.py" line="973" name="test_remove_wrong_ind[0-&lt;lambda&gt;23]" time="0.0013785362243652344"></testcase><testcase classname="src.pymortests.vectorarray" file="src/pymortests/vectorarray.py" line="973" name="test_remove_wrong_ind[0-&lt;lambda&gt;24]" time="0.00240325927734375"></testcase><testcase classname="src.pymortests.vectorarray" file="src/pymortests/vectorarray.py" line="973" name="test_remove_wrong_ind[0-&lt;lambda&gt;25]" time="0.024519920349121094"></testcase><testcase classname="src.pymortests.vectorarray" file="src/pymortests/vectorarray.py" line="973" name="test_remove_wrong_ind[0-&lt;lambda&gt;26]" time="0.05614209175109863"></testcase><testcase classname="src.pymortests.vectorarray" file="src/pymortests/vectorarray.py" line="973" name="test_remove_wrong_ind[1-&lt;lambda&gt;0]" time="0.0020465850830078125"></testcase><testcase classname="src.pymortests.vectorarray" file="src/pymortests/vectorarray.py" line="973" name="test_remove_wrong_ind[1-&lt;lambda&gt;1]" time="0.0014300346374511719"></testcase><testcase classname="src.pymortests.vectorarray" file="src/pymortests/vectorarray.py" line="973" name="test_remove_wrong_ind[1-&lt;lambda&gt;2]" time="0.0013926029205322266"></testcase><testcase classname="src.pymortests.vectorarray" file="src/pymortests/vectorarray.py" line="973" name="test_remove_wrong_ind[1-&lt;lambda&gt;3]" time="0.0014159679412841797"></testcase><testcase classname="src.pymortests.vectorarray" file="src/pymortests/vectorarray.py" line="973" name="test_remove_wrong_ind[1-&lt;lambda&gt;4]" time="0.0013709068298339844"></testcase><testcase classname="src.pymortests.vectorarray" file="src/pymortests/vectorarray.py" line="973" name="test_remove_wrong_ind[1-&lt;lambda&gt;5]" time="0.0013866424560546875"></testcase><testcase classname="src.pymortests.vectorarray" file="src/pymortests/vectorarray.py" line="973" name="test_remove_wrong_ind[1-&lt;lambda&gt;6]" time="0.0013358592987060547"></testcase><testcase classname="src.pymortests.vectorarray" file="src/pymortests/vectorarray.py" line="973" name="test_remove_wrong_ind[1-&lt;lambda&gt;7]" time="0.0014066696166992188"></testcase><testcase classname="src.pymortests.vectorarray" file="src/pymortests/vectorarray.py" line="973" name="test_remove_wrong_ind[1-&lt;lambda&gt;8]" time="0.0026602745056152344"></testcase><testcase classname="src.pymortests.vectorarray" file="src/pymortests/vectorarray.py" line="973" name="test_remove_wrong_ind[1-&lt;lambda&gt;9]" time="0.004271984100341797"></testcase><testcase classname="src.pymortests.vectorarray" file="src/pymortests/vectorarray.py" line="973" name="test_remove_wrong_ind[1-&lt;lambda&gt;10]" time="0.0016388893127441406"></testcase><testcase classname="src.pymortests.vectorarray" file="src/pymortests/vectorarray.py" line="973" name="test_remove_wrong_ind[1-&lt;lambda&gt;11]" time="0.0016713142395019531"></testcase><testcase classname="src.pymortests.vectorarray" file="src/pymortests/vectorarray.py" line="973" name="test_remove_wrong_ind[1-&lt;lambda&gt;12]" time="0.0015978813171386719"></testcase><testcase classname="src.pymortests.vectorarray" file="src/pymortests/vectorarray.py" line="973" name="test_remove_wrong_ind[1-&lt;lambda&gt;13]" time="0.0015187263488769531"></testcase><testcase classname="src.pymortests.vectorarray" file="src/pymortests/vectorarray.py" line="973" name="test_remove_wrong_ind[1-&lt;lambda&gt;14]" time="0.0016663074493408203"></testcase><testcase classname="src.pymortests.vectorarray" file="src/pymortests/vectorarray.py" line="973" name="test_remove_wrong_ind[1-&lt;lambda&gt;15]" time="0.0017266273498535156"></testcase><testcase classname="src.pymortests.vectorarray" file="src/pymortests/vectorarray.py" line="973" name="test_remove_wrong_ind[1-&lt;lambda&gt;16]" time="0.0017397403717041016"></testcase><testcase classname="src.pymortests.vectorarray" file="src/pymortests/vectorarray.py" line="973" name="test_remove_wrong_ind[1-&lt;lambda&gt;17]" time="0.0018010139465332031"></testcase><testcase classname="src.pymortests.vectorarray" file="src/pymortests/vectorarray.py" line="973" name="test_remove_wrong_ind[1-&lt;lambda&gt;18]" time="0.001810312271118164"></testcase><testcase classname="src.pymortests.vectorarray" file="src/pymortests/vectorarray.py" line="973" name="test_remove_wrong_ind[1-&lt;lambda&gt;19]" time="0.0026721954345703125"></testcase><testcase classname="src.pymortests.vectorarray" file="src/pymortests/vectorarray.py" line="973" name="test_remove_wrong_ind[1-&lt;lambda&gt;20]" time="0.010387897491455078"></testcase><testcase classname="src.pymortests.vectorarray" file="src/pymortests/vectorarray.py" line="973" name="test_remove_wrong_ind[1-&lt;lambda&gt;21]" time="0.022287845611572266"></testcase><testcase classname="src.pymortests.vectorarray" file="src/pymortests/vectorarray.py" line="973" name="test_remove_wrong_ind[1-&lt;lambda&gt;22]" time="0.0019767284393310547"></testcase><testcase classname="src.pymortests.vectorarray" file="src/pymortests/vectorarray.py" line="973" name="test_remove_wrong_ind[1-&lt;lambda&gt;23]" time="0.0014414787292480469"></testcase><testcase classname="src.pymortests.vectorarray" file="src/pymortests/vectorarray.py" line="973" name="test_remove_wrong_ind[1-&lt;lambda&gt;24]" time="0.0023484230041503906"></testcase><testcase classname="src.pymortests.vectorarray" file="src/pymortests/vectorarray.py" line="973" name="test_remove_wrong_ind[1-&lt;lambda&gt;25]" time="0.02456498146057129"></testcase><testcase classname="src.pymortests.vectorarray" file="src/pymortests/vectorarray.py" line="973" name="test_remove_wrong_ind[1-&lt;lambda&gt;26]" time="0.055966854095458984"></testcase><testcase classname="src.pymortests.vectorarray" file="src/pymortests/vectorarray.py" line="973" name="test_remove_wrong_ind[2-&lt;lambda&gt;0]" time="0.002048492431640625"></testcase><testcase classname="src.pymortests.vectorarray" file="src/pymortests/vectorarray.py" line="973" name="test_remove_wrong_ind[2-&lt;lambda&gt;1]" time="0.0014677047729492188"></testcase><testcase classname="src.pymortests.vectorarray" file="src/pymortests/vectorarray.py" line="973" name="test_remove_wrong_ind[2-&lt;lambda&gt;2]" time="0.0013837814331054688"></testcase><testcase classname="src.pymortests.vectorarray" file="src/pymortests/vectorarray.py" line="973" name="test_remove_wrong_ind[2-&lt;lambda&gt;3]" time="0.0014040470123291016"></testcase><testcase classname="src.pymortests.vectorarray" file="src/pymortests/vectorarray.py" line="973" name="test_remove_wrong_ind[2-&lt;lambda&gt;4]" time="0.0013802051544189453"></testcase><testcase classname="src.pymortests.vectorarray" file="src/pymortests/vectorarray.py" line="973" name="test_remove_wrong_ind[2-&lt;lambda&gt;5]" time="0.0014493465423583984"></testcase><testcase classname="src.pymortests.vectorarray" file="src/pymortests/vectorarray.py" line="973" name="test_remove_wrong_ind[2-&lt;lambda&gt;6]" time="0.0013475418090820312"></testcase><testcase classname="src.pymortests.vectorarray" file="src/pymortests/vectorarray.py" line="973" name="test_remove_wrong_ind[2-&lt;lambda&gt;7]" time="0.0014183521270751953"></testcase><testcase classname="src.pymortests.vectorarray" file="src/pymortests/vectorarray.py" line="973" name="test_remove_wrong_ind[2-&lt;lambda&gt;8]" time="0.002568483352661133"></testcase><testcase classname="src.pymortests.vectorarray" file="src/pymortests/vectorarray.py" line="973" name="test_remove_wrong_ind[2-&lt;lambda&gt;9]" time="0.004229068756103516"></testcase><testcase classname="src.pymortests.vectorarray" file="src/pymortests/vectorarray.py" line="973" name="test_remove_wrong_ind[2-&lt;lambda&gt;10]" time="0.001636505126953125"></testcase><testcase classname="src.pymortests.vectorarray" file="src/pymortests/vectorarray.py" line="973" name="test_remove_wrong_ind[2-&lt;lambda&gt;11]" time="0.0016965866088867188"></testcase><testcase classname="src.pymortests.vectorarray" file="src/pymortests/vectorarray.py" line="973" name="test_remove_wrong_ind[2-&lt;lambda&gt;12]" time="0.0016002655029296875"></testcase><testcase classname="src.pymortests.vectorarray" file="src/pymortests/vectorarray.py" line="973" name="test_remove_wrong_ind[2-&lt;lambda&gt;13]" time="0.0015397071838378906"></testcase><testcase classname="src.pymortests.vectorarray" file="src/pymortests/vectorarray.py" line="973" name="test_remove_wrong_ind[2-&lt;lambda&gt;14]" time="0.001600503921508789"></testcase><testcase classname="src.pymortests.vectorarray" file="src/pymortests/vectorarray.py" line="973" name="test_remove_wrong_ind[2-&lt;lambda&gt;15]" time="0.001687765121459961"></testcase><testcase classname="src.pymortests.vectorarray" file="src/pymortests/vectorarray.py" line="973" name="test_remove_wrong_ind[2-&lt;lambda&gt;16]" time="0.0016384124755859375"></testcase><testcase classname="src.pymortests.vectorarray" file="src/pymortests/vectorarray.py" line="973" name="test_remove_wrong_ind[2-&lt;lambda&gt;17]" time="0.001753091812133789"></testcase><testcase classname="src.pymortests.vectorarray" file="src/pymortests/vectorarray.py" line="973" name="test_remove_wrong_ind[2-&lt;lambda&gt;18]" time="0.0019085407257080078"></testcase><testcase classname="src.pymortests.vectorarray" file="src/pymortests/vectorarray.py" line="973" name="test_remove_wrong_ind[2-&lt;lambda&gt;19]" time="0.0026488304138183594"></testcase><testcase classname="src.pymortests.vectorarray" file="src/pymortests/vectorarray.py" line="973" name="test_remove_wrong_ind[2-&lt;lambda&gt;20]" time="0.010310649871826172"></testcase><testcase classname="src.pymortests.vectorarray" file="src/pymortests/vectorarray.py" line="973" name="test_remove_wrong_ind[2-&lt;lambda&gt;21]" time="0.022113561630249023"></testcase><testcase classname="src.pymortests.vectorarray" file="src/pymortests/vectorarray.py" line="973" name="test_remove_wrong_ind[2-&lt;lambda&gt;22]" time="0.002058267593383789"></testcase><testcase classname="src.pymortests.vectorarray" file="src/pymortests/vectorarray.py" line="973" name="test_remove_wrong_ind[2-&lt;lambda&gt;23]" time="0.0014050006866455078"></testcase><testcase classname="src.pymortests.vectorarray" file="src/pymortests/vectorarray.py" line="973" name="test_remove_wrong_ind[2-&lt;lambda&gt;24]" time="0.002351522445678711"></testcase><testcase classname="src.pymortests.vectorarray" file="src/pymortests/vectorarray.py" line="973" name="test_remove_wrong_ind[2-&lt;lambda&gt;25]" time="0.02456355094909668"></testcase><testcase classname="src.pymortests.vectorarray" file="src/pymortests/vectorarray.py" line="973" name="test_remove_wrong_ind[2-&lt;lambda&gt;26]" time="0.055684566497802734"></testcase><testcase classname="src.pymortests.vectorarray" file="src/pymortests/vectorarray.py" line="981" name="test_scal_wrong_ind[0-&lt;lambda&gt;0]" time="0.002806425094604492"></testcase><testcase classname="src.pymortests.vectorarray" file="src/pymortests/vectorarray.py" line="981" name="test_scal_wrong_ind[0-&lt;lambda&gt;1]" time="0.0019562244415283203"></testcase><testcase classname="src.pymortests.vectorarray" file="src/pymortests/vectorarray.py" line="981" name="test_scal_wrong_ind[0-&lt;lambda&gt;2]" time="0.001956462860107422"></testcase><testcase classname="src.pymortests.vectorarray" file="src/pymortests/vectorarray.py" line="981" name="test_scal_wrong_ind[0-&lt;lambda&gt;3]" time="0.001974344253540039"></testcase><testcase classname="src.pymortests.vectorarray" file="src/pymortests/vectorarray.py" line="981" name="test_scal_wrong_ind[0-&lt;lambda&gt;4]" time="0.0019042491912841797"></testcase><testcase classname="src.pymortests.vectorarray" file="src/pymortests/vectorarray.py" line="981" name="test_scal_wrong_ind[0-&lt;lambda&gt;5]" time="0.0018019676208496094"></testcase><testcase classname="src.pymortests.vectorarray" file="src/pymortests/vectorarray.py" line="981" name="test_scal_wrong_ind[0-&lt;lambda&gt;6]" time="0.0017528533935546875"></testcase><testcase classname="src.pymortests.vectorarray" file="src/pymortests/vectorarray.py" line="981" name="test_scal_wrong_ind[0-&lt;lambda&gt;7]" time="0.0019245147705078125"></testcase><testcase classname="src.pymortests.vectorarray" file="src/pymortests/vectorarray.py" line="981" name="test_scal_wrong_ind[0-&lt;lambda&gt;8]" time="0.00556492805480957"></testcase><testcase classname="src.pymortests.vectorarray" file="src/pymortests/vectorarray.py" line="981" name="test_scal_wrong_ind[0-&lt;lambda&gt;9]" time="0.011155128479003906"></testcase><testcase classname="src.pymortests.vectorarray" file="src/pymortests/vectorarray.py" line="981" name="test_scal_wrong_ind[0-&lt;lambda&gt;10]" time="0.002564668655395508"></testcase><testcase classname="src.pymortests.vectorarray" file="src/pymortests/vectorarray.py" line="981" name="test_scal_wrong_ind[0-&lt;lambda&gt;11]" time="0.0025789737701416016"></testcase><testcase classname="src.pymortests.vectorarray" file="src/pymortests/vectorarray.py" line="981" name="test_scal_wrong_ind[0-&lt;lambda&gt;12]" time="0.002465486526489258"></testcase><testcase classname="src.pymortests.vectorarray" file="src/pymortests/vectorarray.py" line="981" name="test_scal_wrong_ind[0-&lt;lambda&gt;13]" time="0.00231170654296875"></testcase><testcase classname="src.pymortests.vectorarray" file="src/pymortests/vectorarray.py" line="981" name="test_scal_wrong_ind[0-&lt;lambda&gt;14]" time="0.0023479461669921875"></testcase><testcase classname="src.pymortests.vectorarray" file="src/pymortests/vectorarray.py" line="981" name="test_scal_wrong_ind[0-&lt;lambda&gt;15]" time="0.0026624202728271484"></testcase><testcase classname="src.pymortests.vectorarray" file="src/pymortests/vectorarray.py" line="981" name="test_scal_wrong_ind[0-&lt;lambda&gt;16]" time="0.0025701522827148438"></testcase><testcase classname="src.pymortests.vectorarray" file="src/pymortests/vectorarray.py" line="981" name="test_scal_wrong_ind[0-&lt;lambda&gt;17]" time="0.0022208690643310547"></testcase><testcase classname="src.pymortests.vectorarray" file="src/pymortests/vectorarray.py" line="981" name="test_scal_wrong_ind[0-&lt;lambda&gt;18]" time="0.0022497177124023438"></testcase><testcase classname="src.pymortests.vectorarray" file="src/pymortests/vectorarray.py" line="981" name="test_scal_wrong_ind[0-&lt;lambda&gt;19]" time="0.003200054168701172"></testcase><testcase classname="src.pymortests.vectorarray" file="src/pymortests/vectorarray.py" line="981" name="test_scal_wrong_ind[0-&lt;lambda&gt;20]" time="0.01341867446899414"></testcase><testcase classname="src.pymortests.vectorarray" file="src/pymortests/vectorarray.py" line="981" name="test_scal_wrong_ind[0-&lt;lambda&gt;21]" time="0.02867603302001953"></testcase><testcase classname="src.pymortests.vectorarray" file="src/pymortests/vectorarray.py" line="981" name="test_scal_wrong_ind[0-&lt;lambda&gt;22]" time="0.0026526451110839844"></testcase><testcase classname="src.pymortests.vectorarray" file="src/pymortests/vectorarray.py" line="981" name="test_scal_wrong_ind[0-&lt;lambda&gt;23]" time="0.0018508434295654297"></testcase><testcase classname="src.pymortests.vectorarray" file="src/pymortests/vectorarray.py" line="981" name="test_scal_wrong_ind[0-&lt;lambda&gt;24]" time="0.0029153823852539062"></testcase><testcase classname="src.pymortests.vectorarray" file="src/pymortests/vectorarray.py" line="981" name="test_scal_wrong_ind[0-&lt;lambda&gt;25]" time="0.027352571487426758"></testcase><testcase classname="src.pymortests.vectorarray" file="src/pymortests/vectorarray.py" line="981" name="test_scal_wrong_ind[0-&lt;lambda&gt;26]" time="0.06243467330932617"></testcase><testcase classname="src.pymortests.vectorarray" file="src/pymortests/vectorarray.py" line="981" name="test_scal_wrong_ind[1-&lt;lambda&gt;0]" time="0.002902507781982422"></testcase><testcase classname="src.pymortests.vectorarray" file="src/pymortests/vectorarray.py" line="981" name="test_scal_wrong_ind[1-&lt;lambda&gt;1]" time="0.0020198822021484375"></testcase><testcase classname="src.pymortests.vectorarray" file="src/pymortests/vectorarray.py" line="981" name="test_scal_wrong_ind[1-&lt;lambda&gt;2]" time="0.001981496810913086"></testcase><testcase classname="src.pymortests.vectorarray" file="src/pymortests/vectorarray.py" line="981" name="test_scal_wrong_ind[1-&lt;lambda&gt;3]" time="0.001966238021850586"></testcase><testcase classname="src.pymortests.vectorarray" file="src/pymortests/vectorarray.py" line="981" name="test_scal_wrong_ind[1-&lt;lambda&gt;4]" time="0.001958608627319336"></testcase><testcase classname="src.pymortests.vectorarray" file="src/pymortests/vectorarray.py" line="981" name="test_scal_wrong_ind[1-&lt;lambda&gt;5]" time="0.0019021034240722656"></testcase><testcase classname="src.pymortests.vectorarray" file="src/pymortests/vectorarray.py" line="981" name="test_scal_wrong_ind[1-&lt;lambda&gt;6]" time="0.0018591880798339844"></testcase><testcase classname="src.pymortests.vectorarray" file="src/pymortests/vectorarray.py" line="981" name="test_scal_wrong_ind[1-&lt;lambda&gt;7]" time="0.0019872188568115234"></testcase><testcase classname="src.pymortests.vectorarray" file="src/pymortests/vectorarray.py" line="981" name="test_scal_wrong_ind[1-&lt;lambda&gt;8]" time="0.005742311477661133"></testcase><testcase classname="src.pymortests.vectorarray" file="src/pymortests/vectorarray.py" line="981" name="test_scal_wrong_ind[1-&lt;lambda&gt;9]" time="0.011164188385009766"></testcase><testcase classname="src.pymortests.vectorarray" file="src/pymortests/vectorarray.py" line="981" name="test_scal_wrong_ind[1-&lt;lambda&gt;10]" time="0.002640962600708008"></testcase><testcase classname="src.pymortests.vectorarray" file="src/pymortests/vectorarray.py" line="981" name="test_scal_wrong_ind[1-&lt;lambda&gt;11]" time="0.0025131702423095703"></testcase><testcase classname="src.pymortests.vectorarray" file="src/pymortests/vectorarray.py" line="981" name="test_scal_wrong_ind[1-&lt;lambda&gt;12]" time="0.0025823116302490234"></testcase><testcase classname="src.pymortests.vectorarray" file="src/pymortests/vectorarray.py" line="981" name="test_scal_wrong_ind[1-&lt;lambda&gt;13]" time="0.002413034439086914"></testcase><testcase classname="src.pymortests.vectorarray" file="src/pymortests/vectorarray.py" line="981" name="test_scal_wrong_ind[1-&lt;lambda&gt;14]" time="0.002556324005126953"></testcase><testcase classname="src.pymortests.vectorarray" file="src/pymortests/vectorarray.py" line="981" name="test_scal_wrong_ind[1-&lt;lambda&gt;15]" time="0.0028259754180908203"></testcase><testcase classname="src.pymortests.vectorarray" file="src/pymortests/vectorarray.py" line="981" name="test_scal_wrong_ind[1-&lt;lambda&gt;16]" time="0.0027539730072021484"></testcase><testcase classname="src.pymortests.vectorarray" file="src/pymortests/vectorarray.py" line="981" name="test_scal_wrong_ind[1-&lt;lambda&gt;17]" time="0.002377033233642578"></testcase><testcase classname="src.pymortests.vectorarray" file="src/pymortests/vectorarray.py" line="981" name="test_scal_wrong_ind[1-&lt;lambda&gt;18]" time="0.0022187232971191406"></testcase><testcase classname="src.pymortests.vectorarray" file="src/pymortests/vectorarray.py" line="981" name="test_scal_wrong_ind[1-&lt;lambda&gt;19]" time="0.0033130645751953125"></testcase><testcase classname="src.pymortests.vectorarray" file="src/pymortests/vectorarray.py" line="981" name="test_scal_wrong_ind[1-&lt;lambda&gt;20]" time="0.013789892196655273"></testcase><testcase classname="src.pymortests.vectorarray" file="src/pymortests/vectorarray.py" line="981" name="test_scal_wrong_ind[1-&lt;lambda&gt;21]" time="0.03015756607055664"></testcase><testcase classname="src.pymortests.vectorarray" file="src/pymortests/vectorarray.py" line="981" name="test_scal_wrong_ind[1-&lt;lambda&gt;22]" time="0.0026862621307373047"></testcase><testcase classname="src.pymortests.vectorarray" file="src/pymortests/vectorarray.py" line="981" name="test_scal_wrong_ind[1-&lt;lambda&gt;23]" time="0.0019118785858154297"></testcase><testcase classname="src.pymortests.vectorarray" file="src/pymortests/vectorarray.py" line="981" name="test_scal_wrong_ind[1-&lt;lambda&gt;24]" time="0.002941131591796875"></testcase><testcase classname="src.pymortests.vectorarray" file="src/pymortests/vectorarray.py" line="981" name="test_scal_wrong_ind[1-&lt;lambda&gt;25]" time="0.02794480323791504"></testcase><testcase classname="src.pymortests.vectorarray" file="src/pymortests/vectorarray.py" line="981" name="test_scal_wrong_ind[1-&lt;lambda&gt;26]" time="0.06333565711975098"></testcase><testcase classname="src.pymortests.vectorarray" file="src/pymortests/vectorarray.py" line="981" name="test_scal_wrong_ind[2-&lt;lambda&gt;0]" time="0.0028502941131591797"></testcase><testcase classname="src.pymortests.vectorarray" file="src/pymortests/vectorarray.py" line="981" name="test_scal_wrong_ind[2-&lt;lambda&gt;1]" time="0.0020074844360351562"></testcase><testcase classname="src.pymortests.vectorarray" file="src/pymortests/vectorarray.py" line="981" name="test_scal_wrong_ind[2-&lt;lambda&gt;2]" time="0.0020225048065185547"></testcase><testcase classname="src.pymortests.vectorarray" file="src/pymortests/vectorarray.py" line="981" name="test_scal_wrong_ind[2-&lt;lambda&gt;3]" time="0.0020287036895751953"></testcase><testcase classname="src.pymortests.vectorarray" file="src/pymortests/vectorarray.py" line="981" name="test_scal_wrong_ind[2-&lt;lambda&gt;4]" time="0.0019412040710449219"></testcase><testcase classname="src.pymortests.vectorarray" file="src/pymortests/vectorarray.py" line="981" name="test_scal_wrong_ind[2-&lt;lambda&gt;5]" time="0.0018463134765625"></testcase><testcase classname="src.pymortests.vectorarray" file="src/pymortests/vectorarray.py" line="981" name="test_scal_wrong_ind[2-&lt;lambda&gt;6]" time="0.0018646717071533203"></testcase><testcase classname="src.pymortests.vectorarray" file="src/pymortests/vectorarray.py" line="981" name="test_scal_wrong_ind[2-&lt;lambda&gt;7]" time="0.0020248889923095703"></testcase><testcase classname="src.pymortests.vectorarray" file="src/pymortests/vectorarray.py" line="981" name="test_scal_wrong_ind[2-&lt;lambda&gt;8]" time="0.005715847015380859"></testcase><testcase classname="src.pymortests.vectorarray" file="src/pymortests/vectorarray.py" line="981" name="test_scal_wrong_ind[2-&lt;lambda&gt;9]" time="0.011545658111572266"></testcase><testcase classname="src.pymortests.vectorarray" file="src/pymortests/vectorarray.py" line="981" name="test_scal_wrong_ind[2-&lt;lambda&gt;10]" time="0.003665447235107422"></testcase><testcase classname="src.pymortests.vectorarray" file="src/pymortests/vectorarray.py" line="981" name="test_scal_wrong_ind[2-&lt;lambda&gt;11]" time="0.0026285648345947266"></testcase><testcase classname="src.pymortests.vectorarray" file="src/pymortests/vectorarray.py" line="981" name="test_scal_wrong_ind[2-&lt;lambda&gt;12]" time="0.0025222301483154297"></testcase><testcase classname="src.pymortests.vectorarray" file="src/pymortests/vectorarray.py" line="981" name="test_scal_wrong_ind[2-&lt;lambda&gt;13]" time="0.0024344921112060547"></testcase><testcase classname="src.pymortests.vectorarray" file="src/pymortests/vectorarray.py" line="981" name="test_scal_wrong_ind[2-&lt;lambda&gt;14]" time="0.002799510955810547"></testcase><testcase classname="src.pymortests.vectorarray" file="src/pymortests/vectorarray.py" line="981" name="test_scal_wrong_ind[2-&lt;lambda&gt;15]" time="0.004602193832397461"></testcase><testcase classname="src.pymortests.vectorarray" file="src/pymortests/vectorarray.py" line="981" name="test_scal_wrong_ind[2-&lt;lambda&gt;16]" time="0.0027723312377929688"></testcase><testcase classname="src.pymortests.vectorarray" file="src/pymortests/vectorarray.py" line="981" name="test_scal_wrong_ind[2-&lt;lambda&gt;17]" time="0.002311229705810547"></testcase><testcase classname="src.pymortests.vectorarray" file="src/pymortests/vectorarray.py" line="981" name="test_scal_wrong_ind[2-&lt;lambda&gt;18]" time="0.0022945404052734375"></testcase><testcase classname="src.pymortests.vectorarray" file="src/pymortests/vectorarray.py" line="981" name="test_scal_wrong_ind[2-&lt;lambda&gt;19]" time="0.003245830535888672"></testcase><testcase classname="src.pymortests.vectorarray" file="src/pymortests/vectorarray.py" line="981" name="test_scal_wrong_ind[2-&lt;lambda&gt;20]" time="0.01356959342956543"></testcase><testcase classname="src.pymortests.vectorarray" file="src/pymortests/vectorarray.py" line="981" name="test_scal_wrong_ind[2-&lt;lambda&gt;21]" time="0.02911853790283203"></testcase><testcase classname="src.pymortests.vectorarray" file="src/pymortests/vectorarray.py" line="981" name="test_scal_wrong_ind[2-&lt;lambda&gt;22]" time="0.002674102783203125"></testcase><testcase classname="src.pymortests.vectorarray" file="src/pymortests/vectorarray.py" line="981" name="test_scal_wrong_ind[2-&lt;lambda&gt;23]" time="0.0019083023071289062"></testcase><testcase classname="src.pymortests.vectorarray" file="src/pymortests/vectorarray.py" line="981" name="test_scal_wrong_ind[2-&lt;lambda&gt;24]" time="0.0028972625732421875"></testcase><testcase classname="src.pymortests.vectorarray" file="src/pymortests/vectorarray.py" line="981" name="test_scal_wrong_ind[2-&lt;lambda&gt;25]" time="0.02782726287841797"></testcase><testcase classname="src.pymortests.vectorarray" file="src/pymortests/vectorarray.py" line="981" name="test_scal_wrong_ind[2-&lt;lambda&gt;26]" time="0.06311845779418945"></testcase><testcase classname="src.pymortests.vectorarray" file="src/pymortests/vectorarray.py" line="998" name="test_scal_wrong_coefficients[0-&lt;lambda&gt;0]" time="0.0024459362030029297"></testcase><testcase classname="src.pymortests.vectorarray" file="src/pymortests/vectorarray.py" line="998" name="test_scal_wrong_coefficients[0-&lt;lambda&gt;1]" time="0.0018157958984375"></testcase><testcase classname="src.pymortests.vectorarray" file="src/pymortests/vectorarray.py" line="998" name="test_scal_wrong_coefficients[0-&lt;lambda&gt;2]" time="0.002664804458618164"></testcase><testcase classname="src.pymortests.vectorarray" file="src/pymortests/vectorarray.py" line="998" name="test_scal_wrong_coefficients[0-&lt;lambda&gt;3]" time="0.0034160614013671875"></testcase><testcase classname="src.pymortests.vectorarray" file="src/pymortests/vectorarray.py" line="998" name="test_scal_wrong_coefficients[0-&lt;lambda&gt;4]" time="0.00417780876159668"></testcase><testcase classname="src.pymortests.vectorarray" file="src/pymortests/vectorarray.py" line="998" name="test_scal_wrong_coefficients[0-&lt;lambda&gt;5]" time="0.0016934871673583984"></testcase><testcase classname="src.pymortests.vectorarray" file="src/pymortests/vectorarray.py" line="998" name="test_scal_wrong_coefficients[0-&lt;lambda&gt;6]" time="0.001734018325805664"></testcase><testcase classname="src.pymortests.vectorarray" file="src/pymortests/vectorarray.py" line="998" name="test_scal_wrong_coefficients[0-&lt;lambda&gt;7]" time="0.0026481151580810547"></testcase><testcase classname="src.pymortests.vectorarray" file="src/pymortests/vectorarray.py" line="998" name="test_scal_wrong_coefficients[0-&lt;lambda&gt;8]" time="0.003629922866821289"></testcase><testcase classname="src.pymortests.vectorarray" file="src/pymortests/vectorarray.py" line="998" name="test_scal_wrong_coefficients[0-&lt;lambda&gt;9]" time="0.004744052886962891"></testcase><testcase classname="src.pymortests.vectorarray" file="src/pymortests/vectorarray.py" line="998" name="test_scal_wrong_coefficients[0-&lt;lambda&gt;10]" time="0.00200653076171875"></testcase><testcase classname="src.pymortests.vectorarray" file="src/pymortests/vectorarray.py" line="998" name="test_scal_wrong_coefficients[0-&lt;lambda&gt;11]" time="0.003664731979370117"></testcase><testcase classname="src.pymortests.vectorarray" file="src/pymortests/vectorarray.py" line="998" name="test_scal_wrong_coefficients[0-&lt;lambda&gt;12]" time="0.003508329391479492"></testcase><testcase classname="src.pymortests.vectorarray" file="src/pymortests/vectorarray.py" line="998" name="test_scal_wrong_coefficients[0-&lt;lambda&gt;13]" time="0.0029485225677490234"></testcase><testcase classname="src.pymortests.vectorarray" file="src/pymortests/vectorarray.py" line="998" name="test_scal_wrong_coefficients[0-&lt;lambda&gt;14]" time="0.003467559814453125"></testcase><testcase classname="src.pymortests.vectorarray" file="src/pymortests/vectorarray.py" line="998" name="test_scal_wrong_coefficients[0-&lt;lambda&gt;15]" time="0.005326271057128906"></testcase><testcase classname="src.pymortests.vectorarray" file="src/pymortests/vectorarray.py" line="998" name="test_scal_wrong_coefficients[0-&lt;lambda&gt;16]" time="0.006891965866088867"></testcase><testcase classname="src.pymortests.vectorarray" file="src/pymortests/vectorarray.py" line="998" name="test_scal_wrong_coefficients[0-&lt;lambda&gt;17]" time="0.0022602081298828125"></testcase><testcase classname="src.pymortests.vectorarray" file="src/pymortests/vectorarray.py" line="998" name="test_scal_wrong_coefficients[0-&lt;lambda&gt;18]" time="0.0020127296447753906"></testcase><testcase classname="src.pymortests.vectorarray" file="src/pymortests/vectorarray.py" line="998" name="test_scal_wrong_coefficients[0-&lt;lambda&gt;19]" time="0.00410151481628418"></testcase><testcase classname="src.pymortests.vectorarray" file="src/pymortests/vectorarray.py" line="998" name="test_scal_wrong_coefficients[0-&lt;lambda&gt;20]" time="0.011776447296142578"></testcase><testcase classname="src.pymortests.vectorarray" file="src/pymortests/vectorarray.py" line="998" name="test_scal_wrong_coefficients[0-&lt;lambda&gt;21]" time="0.023037433624267578"></testcase><testcase classname="src.pymortests.vectorarray" file="src/pymortests/vectorarray.py" line="998" name="test_scal_wrong_coefficients[0-&lt;lambda&gt;22]" time="0.0025484561920166016"></testcase><testcase classname="src.pymortests.vectorarray" file="src/pymortests/vectorarray.py" line="998" name="test_scal_wrong_coefficients[0-&lt;lambda&gt;23]" time="0.0017211437225341797"></testcase><testcase classname="src.pymortests.vectorarray" file="src/pymortests/vectorarray.py" line="998" name="test_scal_wrong_coefficients[0-&lt;lambda&gt;24]" time="0.0035741329193115234"></testcase><testcase classname="src.pymortests.vectorarray" file="src/pymortests/vectorarray.py" line="998" name="test_scal_wrong_coefficients[0-&lt;lambda&gt;25]" time="0.02586531639099121"></testcase><testcase classname="src.pymortests.vectorarray" file="src/pymortests/vectorarray.py" line="998" name="test_scal_wrong_coefficients[0-&lt;lambda&gt;26]" time="0.0572052001953125"></testcase><testcase classname="src.pymortests.vectorarray" file="src/pymortests/vectorarray.py" line="998" name="test_scal_wrong_coefficients[1-&lt;lambda&gt;0]" time="0.0026056766510009766"></testcase><testcase classname="src.pymortests.vectorarray" file="src/pymortests/vectorarray.py" line="998" name="test_scal_wrong_coefficients[1-&lt;lambda&gt;1]" time="0.0017917156219482422"></testcase><testcase classname="src.pymortests.vectorarray" file="src/pymortests/vectorarray.py" line="998" name="test_scal_wrong_coefficients[1-&lt;lambda&gt;2]" time="0.0026865005493164062"></testcase><testcase classname="src.pymortests.vectorarray" file="src/pymortests/vectorarray.py" line="998" name="test_scal_wrong_coefficients[1-&lt;lambda&gt;3]" time="0.003435850143432617"></testcase><testcase classname="src.pymortests.vectorarray" file="src/pymortests/vectorarray.py" line="998" name="test_scal_wrong_coefficients[1-&lt;lambda&gt;4]" time="0.004235744476318359"></testcase><testcase classname="src.pymortests.vectorarray" file="src/pymortests/vectorarray.py" line="998" name="test_scal_wrong_coefficients[1-&lt;lambda&gt;5]" time="0.001722574234008789"></testcase><testcase classname="src.pymortests.vectorarray" file="src/pymortests/vectorarray.py" line="998" name="test_scal_wrong_coefficients[1-&lt;lambda&gt;6]" time="0.0017440319061279297"></testcase><testcase classname="src.pymortests.vectorarray" file="src/pymortests/vectorarray.py" line="998" name="test_scal_wrong_coefficients[1-&lt;lambda&gt;7]" time="0.0026416778564453125"></testcase><testcase classname="src.pymortests.vectorarray" file="src/pymortests/vectorarray.py" line="998" name="test_scal_wrong_coefficients[1-&lt;lambda&gt;8]" time="0.0037817955017089844"></testcase><testcase classname="src.pymortests.vectorarray" file="src/pymortests/vectorarray.py" line="998" name="test_scal_wrong_coefficients[1-&lt;lambda&gt;9]" time="0.005393028259277344"></testcase><testcase classname="src.pymortests.vectorarray" file="src/pymortests/vectorarray.py" line="998" name="test_scal_wrong_coefficients[1-&lt;lambda&gt;10]" time="0.002215862274169922"></testcase><testcase classname="src.pymortests.vectorarray" file="src/pymortests/vectorarray.py" line="998" name="test_scal_wrong_coefficients[1-&lt;lambda&gt;11]" time="0.003820180892944336"></testcase><testcase classname="src.pymortests.vectorarray" file="src/pymortests/vectorarray.py" line="998" name="test_scal_wrong_coefficients[1-&lt;lambda&gt;12]" time="0.003942251205444336"></testcase><testcase classname="src.pymortests.vectorarray" file="src/pymortests/vectorarray.py" line="998" name="test_scal_wrong_coefficients[1-&lt;lambda&gt;13]" time="0.002968311309814453"></testcase><testcase classname="src.pymortests.vectorarray" file="src/pymortests/vectorarray.py" line="998" name="test_scal_wrong_coefficients[1-&lt;lambda&gt;14]" time="0.003622770309448242"></testcase><testcase classname="src.pymortests.vectorarray" file="src/pymortests/vectorarray.py" line="998" name="test_scal_wrong_coefficients[1-&lt;lambda&gt;15]" time="0.005449533462524414"></testcase><testcase classname="src.pymortests.vectorarray" file="src/pymortests/vectorarray.py" line="998" name="test_scal_wrong_coefficients[1-&lt;lambda&gt;16]" time="0.007112026214599609"></testcase><testcase classname="src.pymortests.vectorarray" file="src/pymortests/vectorarray.py" line="998" name="test_scal_wrong_coefficients[1-&lt;lambda&gt;17]" time="0.002267122268676758"></testcase><testcase classname="src.pymortests.vectorarray" file="src/pymortests/vectorarray.py" line="998" name="test_scal_wrong_coefficients[1-&lt;lambda&gt;18]" time="0.0021338462829589844"></testcase><testcase classname="src.pymortests.vectorarray" file="src/pymortests/vectorarray.py" line="998" name="test_scal_wrong_coefficients[1-&lt;lambda&gt;19]" time="0.0040051937103271484"></testcase><testcase classname="src.pymortests.vectorarray" file="src/pymortests/vectorarray.py" line="998" name="test_scal_wrong_coefficients[1-&lt;lambda&gt;20]" time="0.012140512466430664"></testcase><testcase classname="src.pymortests.vectorarray" file="src/pymortests/vectorarray.py" line="998" name="test_scal_wrong_coefficients[1-&lt;lambda&gt;21]" time="0.023213863372802734"></testcase><testcase classname="src.pymortests.vectorarray" file="src/pymortests/vectorarray.py" line="998" name="test_scal_wrong_coefficients[1-&lt;lambda&gt;22]" time="0.0025806427001953125"></testcase><testcase classname="src.pymortests.vectorarray" file="src/pymortests/vectorarray.py" line="998" name="test_scal_wrong_coefficients[1-&lt;lambda&gt;23]" time="0.0017940998077392578"></testcase><testcase classname="src.pymortests.vectorarray" file="src/pymortests/vectorarray.py" line="998" name="test_scal_wrong_coefficients[1-&lt;lambda&gt;24]" time="0.003580808639526367"></testcase><testcase classname="src.pymortests.vectorarray" file="src/pymortests/vectorarray.py" line="998" name="test_scal_wrong_coefficients[1-&lt;lambda&gt;25]" time="0.026318073272705078"></testcase><testcase classname="src.pymortests.vectorarray" file="src/pymortests/vectorarray.py" line="998" name="test_scal_wrong_coefficients[1-&lt;lambda&gt;26]" time="0.057195186614990234"></testcase><testcase classname="src.pymortests.vectorarray" file="src/pymortests/vectorarray.py" line="998" name="test_scal_wrong_coefficients[2-&lt;lambda&gt;0]" time="0.0025064945220947266"></testcase><testcase classname="src.pymortests.vectorarray" file="src/pymortests/vectorarray.py" line="998" name="test_scal_wrong_coefficients[2-&lt;lambda&gt;1]" time="0.0017819404602050781"></testcase><testcase classname="src.pymortests.vectorarray" file="src/pymortests/vectorarray.py" line="998" name="test_scal_wrong_coefficients[2-&lt;lambda&gt;2]" time="0.002663135528564453"></testcase><testcase classname="src.pymortests.vectorarray" file="src/pymortests/vectorarray.py" line="998" name="test_scal_wrong_coefficients[2-&lt;lambda&gt;3]" time="0.003510713577270508"></testcase><testcase classname="src.pymortests.vectorarray" file="src/pymortests/vectorarray.py" line="998" name="test_scal_wrong_coefficients[2-&lt;lambda&gt;4]" time="0.004220724105834961"></testcase><testcase classname="src.pymortests.vectorarray" file="src/pymortests/vectorarray.py" line="998" name="test_scal_wrong_coefficients[2-&lt;lambda&gt;5]" time="0.0016932487487792969"></testcase><testcase classname="src.pymortests.vectorarray" file="src/pymortests/vectorarray.py" line="998" name="test_scal_wrong_coefficients[2-&lt;lambda&gt;6]" time="0.0016908645629882812"></testcase><testcase classname="src.pymortests.vectorarray" file="src/pymortests/vectorarray.py" line="998" name="test_scal_wrong_coefficients[2-&lt;lambda&gt;7]" time="0.0026836395263671875"></testcase><testcase classname="src.pymortests.vectorarray" file="src/pymortests/vectorarray.py" line="998" name="test_scal_wrong_coefficients[2-&lt;lambda&gt;8]" time="0.0038204193115234375"></testcase><testcase classname="src.pymortests.vectorarray" file="src/pymortests/vectorarray.py" line="998" name="test_scal_wrong_coefficients[2-&lt;lambda&gt;9]" time="0.0051958560943603516"></testcase><testcase classname="src.pymortests.vectorarray" file="src/pymortests/vectorarray.py" line="998" name="test_scal_wrong_coefficients[2-&lt;lambda&gt;10]" time="0.0021448135375976562"></testcase><testcase classname="src.pymortests.vectorarray" file="src/pymortests/vectorarray.py" line="998" name="test_scal_wrong_coefficients[2-&lt;lambda&gt;11]" time="0.0036649703979492188"></testcase><testcase classname="src.pymortests.vectorarray" file="src/pymortests/vectorarray.py" line="998" name="test_scal_wrong_coefficients[2-&lt;lambda&gt;12]" time="0.0035049915313720703"></testcase><testcase classname="src.pymortests.vectorarray" file="src/pymortests/vectorarray.py" line="998" name="test_scal_wrong_coefficients[2-&lt;lambda&gt;13]" time="0.0028982162475585938"></testcase><testcase classname="src.pymortests.vectorarray" file="src/pymortests/vectorarray.py" line="998" name="test_scal_wrong_coefficients[2-&lt;lambda&gt;14]" time="0.003533601760864258"></testcase><testcase classname="src.pymortests.vectorarray" file="src/pymortests/vectorarray.py" line="998" name="test_scal_wrong_coefficients[2-&lt;lambda&gt;15]" time="0.005373239517211914"></testcase><testcase classname="src.pymortests.vectorarray" file="src/pymortests/vectorarray.py" line="998" name="test_scal_wrong_coefficients[2-&lt;lambda&gt;16]" time="0.006934165954589844"></testcase><testcase classname="src.pymortests.vectorarray" file="src/pymortests/vectorarray.py" line="998" name="test_scal_wrong_coefficients[2-&lt;lambda&gt;17]" time="0.002214670181274414"></testcase><testcase classname="src.pymortests.vectorarray" file="src/pymortests/vectorarray.py" line="998" name="test_scal_wrong_coefficients[2-&lt;lambda&gt;18]" time="0.002071380615234375"></testcase><testcase classname="src.pymortests.vectorarray" file="src/pymortests/vectorarray.py" line="998" name="test_scal_wrong_coefficients[2-&lt;lambda&gt;19]" time="0.004036426544189453"></testcase><testcase classname="src.pymortests.vectorarray" file="src/pymortests/vectorarray.py" line="998" name="test_scal_wrong_coefficients[2-&lt;lambda&gt;20]" time="0.011535882949829102"></testcase><testcase classname="src.pymortests.vectorarray" file="src/pymortests/vectorarray.py" line="998" name="test_scal_wrong_coefficients[2-&lt;lambda&gt;21]" time="0.023616552352905273"></testcase><testcase classname="src.pymortests.vectorarray" file="src/pymortests/vectorarray.py" line="998" name="test_scal_wrong_coefficients[2-&lt;lambda&gt;22]" time="0.0024831295013427734"></testcase><testcase classname="src.pymortests.vectorarray" file="src/pymortests/vectorarray.py" line="998" name="test_scal_wrong_coefficients[2-&lt;lambda&gt;23]" time="0.001760721206665039"></testcase><testcase classname="src.pymortests.vectorarray" file="src/pymortests/vectorarray.py" line="998" name="test_scal_wrong_coefficients[2-&lt;lambda&gt;24]" time="0.0035517215728759766"></testcase><testcase classname="src.pymortests.vectorarray" file="src/pymortests/vectorarray.py" line="998" name="test_scal_wrong_coefficients[2-&lt;lambda&gt;25]" time="0.025790691375732422"></testcase><testcase classname="src.pymortests.vectorarray" file="src/pymortests/vectorarray.py" line="998" name="test_scal_wrong_coefficients[2-&lt;lambda&gt;26]" time="0.0578455924987793"></testcase><testcase classname="src.pymortests.vectorarray" file="src/pymortests/vectorarray.py" line="1009" name="test_axpy_wrong_ind[compatible_vector_array_pair0-&lt;lambda&gt;0]" time="0.0038824081420898438"></testcase><testcase classname="src.pymortests.vectorarray" file="src/pymortests/vectorarray.py" line="1009" name="test_axpy_wrong_ind[compatible_vector_array_pair0-&lt;lambda&gt;1]" time="0.003080606460571289"></testcase><testcase classname="src.pymortests.vectorarray" file="src/pymortests/vectorarray.py" line="1009" name="test_axpy_wrong_ind[compatible_vector_array_pair0-&lt;lambda&gt;2]" time="0.008155584335327148"></testcase><testcase classname="src.pymortests.vectorarray" file="src/pymortests/vectorarray.py" line="1009" name="test_axpy_wrong_ind[compatible_vector_array_pair0-&lt;lambda&gt;3]" time="0.01122140884399414"></testcase><testcase classname="src.pymortests.vectorarray" file="src/pymortests/vectorarray.py" line="1009" name="test_axpy_wrong_ind[compatible_vector_array_pair0-&lt;lambda&gt;4]" time="0.015622615814208984"></testcase><testcase classname="src.pymortests.vectorarray" file="src/pymortests/vectorarray.py" line="1009" name="test_axpy_wrong_ind[compatible_vector_array_pair0-&lt;lambda&gt;5]" time="0.007658481597900391"></testcase><testcase classname="src.pymortests.vectorarray" file="src/pymortests/vectorarray.py" line="1009" name="test_axpy_wrong_ind[compatible_vector_array_pair0-&lt;lambda&gt;6]" time="0.0024979114532470703"></testcase><testcase classname="src.pymortests.vectorarray" file="src/pymortests/vectorarray.py" line="1009" name="test_axpy_wrong_ind[compatible_vector_array_pair0-&lt;lambda&gt;7]" time="0.003088712692260742"></testcase><testcase classname="src.pymortests.vectorarray" file="src/pymortests/vectorarray.py" line="1009" name="test_axpy_wrong_ind[compatible_vector_array_pair0-&lt;lambda&gt;8]" time="0.024405956268310547"></testcase><testcase classname="src.pymortests.vectorarray" file="src/pymortests/vectorarray.py" line="1009" name="test_axpy_wrong_ind[compatible_vector_array_pair0-&lt;lambda&gt;9]" time="0.041905879974365234"></testcase><testcase classname="src.pymortests.vectorarray" file="src/pymortests/vectorarray.py" line="1009" name="test_axpy_wrong_ind[compatible_vector_array_pair0-&lt;lambda&gt;10]" time="0.13556742668151855"></testcase><testcase classname="src.pymortests.vectorarray" file="src/pymortests/vectorarray.py" line="1009" name="test_axpy_wrong_ind[compatible_vector_array_pair0-&lt;lambda&gt;11]" time="0.009191513061523438"></testcase><testcase classname="src.pymortests.vectorarray" file="src/pymortests/vectorarray.py" line="1009" name="test_axpy_wrong_ind[compatible_vector_array_pair0-&lt;lambda&gt;12]" time="0.005218029022216797"></testcase><testcase classname="src.pymortests.vectorarray" file="src/pymortests/vectorarray.py" line="1009" name="test_axpy_wrong_ind[compatible_vector_array_pair0-&lt;lambda&gt;13]" time="0.009518146514892578"></testcase><testcase classname="src.pymortests.vectorarray" file="src/pymortests/vectorarray.py" line="1009" name="test_axpy_wrong_ind[compatible_vector_array_pair0-&lt;lambda&gt;14]" time="0.00977182388305664"></testcase><testcase classname="src.pymortests.vectorarray" file="src/pymortests/vectorarray.py" line="1009" name="test_axpy_wrong_ind[compatible_vector_array_pair0-&lt;lambda&gt;15]" time="0.017742395401000977"></testcase><testcase classname="src.pymortests.vectorarray" file="src/pymortests/vectorarray.py" line="1009" name="test_axpy_wrong_ind[compatible_vector_array_pair0-&lt;lambda&gt;16]" time="0.02591848373413086"></testcase><testcase classname="src.pymortests.vectorarray" file="src/pymortests/vectorarray.py" line="1009" name="test_axpy_wrong_ind[compatible_vector_array_pair0-&lt;lambda&gt;17]" time="0.03470778465270996"></testcase><testcase classname="src.pymortests.vectorarray" file="src/pymortests/vectorarray.py" line="1009" name="test_axpy_wrong_ind[compatible_vector_array_pair0-&lt;lambda&gt;18]" time="0.00410151481628418"></testcase><testcase classname="src.pymortests.vectorarray" file="src/pymortests/vectorarray.py" line="1009" name="test_axpy_wrong_ind[compatible_vector_array_pair0-&lt;lambda&gt;19]" time="0.0040972232818603516"></testcase><testcase classname="src.pymortests.vectorarray" file="src/pymortests/vectorarray.py" line="1009" name="test_axpy_wrong_ind[compatible_vector_array_pair0-&lt;lambda&gt;20]" time="0.04876446723937988"></testcase><testcase classname="src.pymortests.vectorarray" file="src/pymortests/vectorarray.py" line="1009" name="test_axpy_wrong_ind[compatible_vector_array_pair0-&lt;lambda&gt;21]" time="0.051482439041137695"></testcase><testcase classname="src.pymortests.vectorarray" file="src/pymortests/vectorarray.py" line="1009" name="test_axpy_wrong_ind[compatible_vector_array_pair0-&lt;lambda&gt;22]" time="0.16995644569396973"></testcase><testcase classname="src.pymortests.vectorarray" file="src/pymortests/vectorarray.py" line="1009" name="test_axpy_wrong_ind[compatible_vector_array_pair0-&lt;lambda&gt;23]" time="0.010013103485107422"></testcase><testcase classname="src.pymortests.vectorarray" file="src/pymortests/vectorarray.py" line="1009" name="test_axpy_wrong_ind[compatible_vector_array_pair0-&lt;lambda&gt;24]" time="0.003493070602416992"></testcase><testcase classname="src.pymortests.vectorarray" file="src/pymortests/vectorarray.py" line="1009" name="test_axpy_wrong_ind[compatible_vector_array_pair0-&lt;lambda&gt;25]" time="0.0042536258697509766"></testcase><testcase classname="src.pymortests.vectorarray" file="src/pymortests/vectorarray.py" line="1009" name="test_axpy_wrong_ind[compatible_vector_array_pair0-&lt;lambda&gt;26]" time="0.0451509952545166"></testcase><testcase classname="src.pymortests.vectorarray" file="src/pymortests/vectorarray.py" line="1009" name="test_axpy_wrong_ind[compatible_vector_array_pair0-&lt;lambda&gt;27]" time="0.06760859489440918"></testcase><testcase classname="src.pymortests.vectorarray" file="src/pymortests/vectorarray.py" line="1009" name="test_axpy_wrong_ind[compatible_vector_array_pair0-&lt;lambda&gt;28]" time="0.23696255683898926"></testcase><testcase classname="src.pymortests.vectorarray" file="src/pymortests/vectorarray.py" line="1009" name="test_axpy_wrong_ind[compatible_vector_array_pair0-&lt;lambda&gt;29]" time="0.011249303817749023"></testcase><testcase classname="src.pymortests.vectorarray" file="src/pymortests/vectorarray.py" line="1009" name="test_axpy_wrong_ind[compatible_vector_array_pair1-&lt;lambda&gt;0]" time="0.003729104995727539"></testcase><testcase classname="src.pymortests.vectorarray" file="src/pymortests/vectorarray.py" line="1009" name="test_axpy_wrong_ind[compatible_vector_array_pair1-&lt;lambda&gt;1]" time="0.002852201461791992"></testcase><testcase classname="src.pymortests.vectorarray" file="src/pymortests/vectorarray.py" line="1009" name="test_axpy_wrong_ind[compatible_vector_array_pair1-&lt;lambda&gt;2]" time="0.00810551643371582"></testcase><testcase classname="src.pymortests.vectorarray" file="src/pymortests/vectorarray.py" line="1009" name="test_axpy_wrong_ind[compatible_vector_array_pair1-&lt;lambda&gt;3]" time="0.011328935623168945"></testcase><testcase classname="src.pymortests.vectorarray" file="src/pymortests/vectorarray.py" line="1009" name="test_axpy_wrong_ind[compatible_vector_array_pair1-&lt;lambda&gt;4]" time="0.015712261199951172"></testcase><testcase classname="src.pymortests.vectorarray" file="src/pymortests/vectorarray.py" line="1009" name="test_axpy_wrong_ind[compatible_vector_array_pair1-&lt;lambda&gt;5]" time="0.0076487064361572266"></testcase><testcase classname="src.pymortests.vectorarray" file="src/pymortests/vectorarray.py" line="1009" name="test_axpy_wrong_ind[compatible_vector_array_pair1-&lt;lambda&gt;6]" time="0.0024881362915039062"></testcase><testcase classname="src.pymortests.vectorarray" file="src/pymortests/vectorarray.py" line="1009" name="test_axpy_wrong_ind[compatible_vector_array_pair1-&lt;lambda&gt;7]" time="0.0031402111053466797"></testcase><testcase classname="src.pymortests.vectorarray" file="src/pymortests/vectorarray.py" line="1009" name="test_axpy_wrong_ind[compatible_vector_array_pair1-&lt;lambda&gt;8]" time="0.0265657901763916"></testcase><testcase classname="src.pymortests.vectorarray" file="src/pymortests/vectorarray.py" line="1009" name="test_axpy_wrong_ind[compatible_vector_array_pair1-&lt;lambda&gt;9]" time="0.04189610481262207"></testcase><testcase classname="src.pymortests.vectorarray" file="src/pymortests/vectorarray.py" line="1009" name="test_axpy_wrong_ind[compatible_vector_array_pair1-&lt;lambda&gt;10]" time="0.13478326797485352"></testcase><testcase classname="src.pymortests.vectorarray" file="src/pymortests/vectorarray.py" line="1009" name="test_axpy_wrong_ind[compatible_vector_array_pair1-&lt;lambda&gt;11]" time="0.008867263793945312"></testcase><testcase classname="src.pymortests.vectorarray" file="src/pymortests/vectorarray.py" line="1009" name="test_axpy_wrong_ind[compatible_vector_array_pair1-&lt;lambda&gt;12]" time="0.005249738693237305"></testcase><testcase classname="src.pymortests.vectorarray" file="src/pymortests/vectorarray.py" line="1009" name="test_axpy_wrong_ind[compatible_vector_array_pair1-&lt;lambda&gt;13]" time="0.009612798690795898"></testcase><testcase classname="src.pymortests.vectorarray" file="src/pymortests/vectorarray.py" line="1009" name="test_axpy_wrong_ind[compatible_vector_array_pair1-&lt;lambda&gt;14]" time="0.009833097457885742"></testcase><testcase classname="src.pymortests.vectorarray" file="src/pymortests/vectorarray.py" line="1009" name="test_axpy_wrong_ind[compatible_vector_array_pair1-&lt;lambda&gt;15]" time="0.01731252670288086"></testcase><testcase classname="src.pymortests.vectorarray" file="src/pymortests/vectorarray.py" line="1009" name="test_axpy_wrong_ind[compatible_vector_array_pair1-&lt;lambda&gt;16]" time="0.025955677032470703"></testcase><testcase classname="src.pymortests.vectorarray" file="src/pymortests/vectorarray.py" line="1009" name="test_axpy_wrong_ind[compatible_vector_array_pair1-&lt;lambda&gt;17]" time="0.03418779373168945"></testcase><testcase classname="src.pymortests.vectorarray" file="src/pymortests/vectorarray.py" line="1009" name="test_axpy_wrong_ind[compatible_vector_array_pair1-&lt;lambda&gt;18]" time="0.00440216064453125"></testcase><testcase classname="src.pymortests.vectorarray" file="src/pymortests/vectorarray.py" line="1009" name="test_axpy_wrong_ind[compatible_vector_array_pair1-&lt;lambda&gt;19]" time="0.003937721252441406"></testcase><testcase classname="src.pymortests.vectorarray" file="src/pymortests/vectorarray.py" line="1009" name="test_axpy_wrong_ind[compatible_vector_array_pair1-&lt;lambda&gt;20]" time="0.04829239845275879"></testcase><testcase classname="src.pymortests.vectorarray" file="src/pymortests/vectorarray.py" line="1009" name="test_axpy_wrong_ind[compatible_vector_array_pair1-&lt;lambda&gt;21]" time="0.05148005485534668"></testcase><testcase classname="src.pymortests.vectorarray" file="src/pymortests/vectorarray.py" line="1009" name="test_axpy_wrong_ind[compatible_vector_array_pair1-&lt;lambda&gt;22]" time="0.16914796829223633"></testcase><testcase classname="src.pymortests.vectorarray" file="src/pymortests/vectorarray.py" line="1009" name="test_axpy_wrong_ind[compatible_vector_array_pair1-&lt;lambda&gt;23]" time="0.010024070739746094"></testcase><testcase classname="src.pymortests.vectorarray" file="src/pymortests/vectorarray.py" line="1009" name="test_axpy_wrong_ind[compatible_vector_array_pair1-&lt;lambda&gt;24]" time="0.0035483837127685547"></testcase><testcase classname="src.pymortests.vectorarray" file="src/pymortests/vectorarray.py" line="1009" name="test_axpy_wrong_ind[compatible_vector_array_pair1-&lt;lambda&gt;25]" time="0.0038547515869140625"></testcase><testcase classname="src.pymortests.vectorarray" file="src/pymortests/vectorarray.py" line="1009" name="test_axpy_wrong_ind[compatible_vector_array_pair1-&lt;lambda&gt;26]" time="0.04358553886413574"></testcase><testcase classname="src.pymortests.vectorarray" file="src/pymortests/vectorarray.py" line="1009" name="test_axpy_wrong_ind[compatible_vector_array_pair1-&lt;lambda&gt;27]" time="0.06798529624938965"></testcase><testcase classname="src.pymortests.vectorarray" file="src/pymortests/vectorarray.py" line="1009" name="test_axpy_wrong_ind[compatible_vector_array_pair1-&lt;lambda&gt;28]" time="0.2362370491027832"></testcase><testcase classname="src.pymortests.vectorarray" file="src/pymortests/vectorarray.py" line="1009" name="test_axpy_wrong_ind[compatible_vector_array_pair1-&lt;lambda&gt;29]" time="0.011532783508300781"></testcase><testcase classname="src.pymortests.vectorarray" file="src/pymortests/vectorarray.py" line="1009" name="test_axpy_wrong_ind[compatible_vector_array_pair2-&lt;lambda&gt;0]" time="0.0037093162536621094"></testcase><testcase classname="src.pymortests.vectorarray" file="src/pymortests/vectorarray.py" line="1009" name="test_axpy_wrong_ind[compatible_vector_array_pair2-&lt;lambda&gt;1]" time="0.00299835205078125"></testcase><testcase classname="src.pymortests.vectorarray" file="src/pymortests/vectorarray.py" line="1009" name="test_axpy_wrong_ind[compatible_vector_array_pair2-&lt;lambda&gt;2]" time="0.008108854293823242"></testcase><testcase classname="src.pymortests.vectorarray" file="src/pymortests/vectorarray.py" line="1009" name="test_axpy_wrong_ind[compatible_vector_array_pair2-&lt;lambda&gt;3]" time="0.01119542121887207"></testcase><testcase classname="src.pymortests.vectorarray" file="src/pymortests/vectorarray.py" line="1009" name="test_axpy_wrong_ind[compatible_vector_array_pair2-&lt;lambda&gt;4]" time="0.017030715942382812"></testcase><testcase classname="src.pymortests.vectorarray" file="src/pymortests/vectorarray.py" line="1009" name="test_axpy_wrong_ind[compatible_vector_array_pair2-&lt;lambda&gt;5]" time="0.007712125778198242"></testcase><testcase classname="src.pymortests.vectorarray" file="src/pymortests/vectorarray.py" line="1009" name="test_axpy_wrong_ind[compatible_vector_array_pair2-&lt;lambda&gt;6]" time="0.0024559497833251953"></testcase><testcase classname="src.pymortests.vectorarray" file="src/pymortests/vectorarray.py" line="1009" name="test_axpy_wrong_ind[compatible_vector_array_pair2-&lt;lambda&gt;7]" time="0.003080129623413086"></testcase><testcase classname="src.pymortests.vectorarray" file="src/pymortests/vectorarray.py" line="1009" name="test_axpy_wrong_ind[compatible_vector_array_pair2-&lt;lambda&gt;8]" time="0.024579524993896484"></testcase><testcase classname="src.pymortests.vectorarray" file="src/pymortests/vectorarray.py" line="1009" name="test_axpy_wrong_ind[compatible_vector_array_pair2-&lt;lambda&gt;9]" time="0.04191732406616211"></testcase><testcase classname="src.pymortests.vectorarray" file="src/pymortests/vectorarray.py" line="1009" name="test_axpy_wrong_ind[compatible_vector_array_pair2-&lt;lambda&gt;10]" time="0.1375129222869873"></testcase><testcase classname="src.pymortests.vectorarray" file="src/pymortests/vectorarray.py" line="1009" name="test_axpy_wrong_ind[compatible_vector_array_pair2-&lt;lambda&gt;11]" time="0.00895237922668457"></testcase><testcase classname="src.pymortests.vectorarray" file="src/pymortests/vectorarray.py" line="1009" name="test_axpy_wrong_ind[compatible_vector_array_pair2-&lt;lambda&gt;12]" time="0.005284309387207031"></testcase><testcase classname="src.pymortests.vectorarray" file="src/pymortests/vectorarray.py" line="1009" name="test_axpy_wrong_ind[compatible_vector_array_pair2-&lt;lambda&gt;13]" time="0.009514093399047852"></testcase><testcase classname="src.pymortests.vectorarray" file="src/pymortests/vectorarray.py" line="1009" name="test_axpy_wrong_ind[compatible_vector_array_pair2-&lt;lambda&gt;14]" time="0.009662866592407227"></testcase><testcase classname="src.pymortests.vectorarray" file="src/pymortests/vectorarray.py" line="1009" name="test_axpy_wrong_ind[compatible_vector_array_pair2-&lt;lambda&gt;15]" time="0.017282724380493164"></testcase><testcase classname="src.pymortests.vectorarray" file="src/pymortests/vectorarray.py" line="1009" name="test_axpy_wrong_ind[compatible_vector_array_pair2-&lt;lambda&gt;16]" time="0.0260312557220459"></testcase><testcase classname="src.pymortests.vectorarray" file="src/pymortests/vectorarray.py" line="1009" name="test_axpy_wrong_ind[compatible_vector_array_pair2-&lt;lambda&gt;17]" time="0.03446030616760254"></testcase><testcase classname="src.pymortests.vectorarray" file="src/pymortests/vectorarray.py" line="1009" name="test_axpy_wrong_ind[compatible_vector_array_pair2-&lt;lambda&gt;18]" time="0.0042552947998046875"></testcase><testcase classname="src.pymortests.vectorarray" file="src/pymortests/vectorarray.py" line="1009" name="test_axpy_wrong_ind[compatible_vector_array_pair2-&lt;lambda&gt;19]" time="0.003790140151977539"></testcase><testcase classname="src.pymortests.vectorarray" file="src/pymortests/vectorarray.py" line="1009" name="test_axpy_wrong_ind[compatible_vector_array_pair2-&lt;lambda&gt;20]" time="0.04842042922973633"></testcase><testcase classname="src.pymortests.vectorarray" file="src/pymortests/vectorarray.py" line="1009" name="test_axpy_wrong_ind[compatible_vector_array_pair2-&lt;lambda&gt;21]" time="0.05146169662475586"></testcase><testcase classname="src.pymortests.vectorarray" file="src/pymortests/vectorarray.py" line="1009" name="test_axpy_wrong_ind[compatible_vector_array_pair2-&lt;lambda&gt;22]" time="0.16989541053771973"></testcase><testcase classname="src.pymortests.vectorarray" file="src/pymortests/vectorarray.py" line="1009" name="test_axpy_wrong_ind[compatible_vector_array_pair2-&lt;lambda&gt;23]" time="0.010192632675170898"></testcase><testcase classname="src.pymortests.vectorarray" file="src/pymortests/vectorarray.py" line="1009" name="test_axpy_wrong_ind[compatible_vector_array_pair2-&lt;lambda&gt;24]" time="0.0035610198974609375"></testcase><testcase classname="src.pymortests.vectorarray" file="src/pymortests/vectorarray.py" line="1009" name="test_axpy_wrong_ind[compatible_vector_array_pair2-&lt;lambda&gt;25]" time="0.004067897796630859"></testcase><testcase classname="src.pymortests.vectorarray" file="src/pymortests/vectorarray.py" line="1009" name="test_axpy_wrong_ind[compatible_vector_array_pair2-&lt;lambda&gt;26]" time="0.043781280517578125"></testcase><testcase classname="src.pymortests.vectorarray" file="src/pymortests/vectorarray.py" line="1009" name="test_axpy_wrong_ind[compatible_vector_array_pair2-&lt;lambda&gt;27]" time="0.06787443161010742"></testcase><testcase classname="src.pymortests.vectorarray" file="src/pymortests/vectorarray.py" line="1009" name="test_axpy_wrong_ind[compatible_vector_array_pair2-&lt;lambda&gt;28]" time="0.23776936531066895"></testcase><testcase classname="src.pymortests.vectorarray" file="src/pymortests/vectorarray.py" line="1009" name="test_axpy_wrong_ind[compatible_vector_array_pair2-&lt;lambda&gt;29]" time="0.011312007904052734"></testcase><testcase classname="src.pymortests.vectorarray" file="src/pymortests/vectorarray.py" line="1009" name="test_axpy_wrong_ind[compatible_vector_array_pair3-&lt;lambda&gt;0]" time="0.0037910938262939453"></testcase><testcase classname="src.pymortests.vectorarray" file="src/pymortests/vectorarray.py" line="1009" name="test_axpy_wrong_ind[compatible_vector_array_pair3-&lt;lambda&gt;1]" time="0.002895832061767578"></testcase><testcase classname="src.pymortests.vectorarray" file="src/pymortests/vectorarray.py" line="1009" name="test_axpy_wrong_ind[compatible_vector_array_pair3-&lt;lambda&gt;2]" time="0.008172273635864258"></testcase><testcase classname="src.pymortests.vectorarray" file="src/pymortests/vectorarray.py" line="1009" name="test_axpy_wrong_ind[compatible_vector_array_pair3-&lt;lambda&gt;3]" time="0.011177301406860352"></testcase><testcase classname="src.pymortests.vectorarray" file="src/pymortests/vectorarray.py" line="1009" name="test_axpy_wrong_ind[compatible_vector_array_pair3-&lt;lambda&gt;4]" time="0.01565694808959961"></testcase><testcase classname="src.pymortests.vectorarray" file="src/pymortests/vectorarray.py" line="1009" name="test_axpy_wrong_ind[compatible_vector_array_pair3-&lt;lambda&gt;5]" time="0.0077326297760009766"></testcase><testcase classname="src.pymortests.vectorarray" file="src/pymortests/vectorarray.py" line="1009" name="test_axpy_wrong_ind[compatible_vector_array_pair3-&lt;lambda&gt;6]" time="0.0024819374084472656"></testcase><testcase classname="src.pymortests.vectorarray" file="src/pymortests/vectorarray.py" line="1009" name="test_axpy_wrong_ind[compatible_vector_array_pair3-&lt;lambda&gt;7]" time="0.0030117034912109375"></testcase><testcase classname="src.pymortests.vectorarray" file="src/pymortests/vectorarray.py" line="1009" name="test_axpy_wrong_ind[compatible_vector_array_pair3-&lt;lambda&gt;8]" time="0.024243593215942383"></testcase><testcase classname="src.pymortests.vectorarray" file="src/pymortests/vectorarray.py" line="1009" name="test_axpy_wrong_ind[compatible_vector_array_pair3-&lt;lambda&gt;9]" time="0.042050838470458984"></testcase><testcase classname="src.pymortests.vectorarray" file="src/pymortests/vectorarray.py" line="1009" name="test_axpy_wrong_ind[compatible_vector_array_pair3-&lt;lambda&gt;10]" time="0.13484406471252441"></testcase><testcase classname="src.pymortests.vectorarray" file="src/pymortests/vectorarray.py" line="1009" name="test_axpy_wrong_ind[compatible_vector_array_pair3-&lt;lambda&gt;11]" time="0.008905172348022461"></testcase><testcase classname="src.pymortests.vectorarray" file="src/pymortests/vectorarray.py" line="1009" name="test_axpy_wrong_ind[compatible_vector_array_pair3-&lt;lambda&gt;12]" time="0.005236625671386719"></testcase><testcase classname="src.pymortests.vectorarray" file="src/pymortests/vectorarray.py" line="1009" name="test_axpy_wrong_ind[compatible_vector_array_pair3-&lt;lambda&gt;13]" time="0.009489774703979492"></testcase><testcase classname="src.pymortests.vectorarray" file="src/pymortests/vectorarray.py" line="1009" name="test_axpy_wrong_ind[compatible_vector_array_pair3-&lt;lambda&gt;14]" time="0.009764671325683594"></testcase><testcase classname="src.pymortests.vectorarray" file="src/pymortests/vectorarray.py" line="1009" name="test_axpy_wrong_ind[compatible_vector_array_pair3-&lt;lambda&gt;15]" time="0.017334461212158203"></testcase><testcase classname="src.pymortests.vectorarray" file="src/pymortests/vectorarray.py" line="1009" name="test_axpy_wrong_ind[compatible_vector_array_pair3-&lt;lambda&gt;16]" time="0.026424407958984375"></testcase><testcase classname="src.pymortests.vectorarray" file="src/pymortests/vectorarray.py" line="1009" name="test_axpy_wrong_ind[compatible_vector_array_pair3-&lt;lambda&gt;17]" time="0.034471988677978516"></testcase><testcase classname="src.pymortests.vectorarray" file="src/pymortests/vectorarray.py" line="1009" name="test_axpy_wrong_ind[compatible_vector_array_pair3-&lt;lambda&gt;18]" time="0.0042879581451416016"></testcase><testcase classname="src.pymortests.vectorarray" file="src/pymortests/vectorarray.py" line="1009" name="test_axpy_wrong_ind[compatible_vector_array_pair3-&lt;lambda&gt;19]" time="0.00401616096496582"></testcase><testcase classname="src.pymortests.vectorarray" file="src/pymortests/vectorarray.py" line="1009" name="test_axpy_wrong_ind[compatible_vector_array_pair3-&lt;lambda&gt;20]" time="0.04844307899475098"></testcase><testcase classname="src.pymortests.vectorarray" file="src/pymortests/vectorarray.py" line="1009" name="test_axpy_wrong_ind[compatible_vector_array_pair3-&lt;lambda&gt;21]" time="0.05117082595825195"></testcase><testcase classname="src.pymortests.vectorarray" file="src/pymortests/vectorarray.py" line="1009" name="test_axpy_wrong_ind[compatible_vector_array_pair3-&lt;lambda&gt;22]" time="0.16876649856567383"></testcase><testcase classname="src.pymortests.vectorarray" file="src/pymortests/vectorarray.py" line="1009" name="test_axpy_wrong_ind[compatible_vector_array_pair3-&lt;lambda&gt;23]" time="0.010104656219482422"></testcase><testcase classname="src.pymortests.vectorarray" file="src/pymortests/vectorarray.py" line="1009" name="test_axpy_wrong_ind[compatible_vector_array_pair3-&lt;lambda&gt;24]" time="0.003553628921508789"></testcase><testcase classname="src.pymortests.vectorarray" file="src/pymortests/vectorarray.py" line="1009" name="test_axpy_wrong_ind[compatible_vector_array_pair3-&lt;lambda&gt;25]" time="0.0038437843322753906"></testcase><testcase classname="src.pymortests.vectorarray" file="src/pymortests/vectorarray.py" line="1009" name="test_axpy_wrong_ind[compatible_vector_array_pair3-&lt;lambda&gt;26]" time="0.043235063552856445"></testcase><testcase classname="src.pymortests.vectorarray" file="src/pymortests/vectorarray.py" line="1009" name="test_axpy_wrong_ind[compatible_vector_array_pair3-&lt;lambda&gt;27]" time="0.06749558448791504"></testcase><testcase classname="src.pymortests.vectorarray" file="src/pymortests/vectorarray.py" line="1009" name="test_axpy_wrong_ind[compatible_vector_array_pair3-&lt;lambda&gt;28]" time="0.23419904708862305"></testcase><testcase classname="src.pymortests.vectorarray" file="src/pymortests/vectorarray.py" line="1009" name="test_axpy_wrong_ind[compatible_vector_array_pair3-&lt;lambda&gt;29]" time="0.011511802673339844"></testcase><testcase classname="src.pymortests.vectorarray" file="src/pymortests/vectorarray.py" line="1009" name="test_axpy_wrong_ind[compatible_vector_array_pair4-&lt;lambda&gt;0]" time="0.0036995410919189453"></testcase><testcase classname="src.pymortests.vectorarray" file="src/pymortests/vectorarray.py" line="1009" name="test_axpy_wrong_ind[compatible_vector_array_pair4-&lt;lambda&gt;1]" time="0.0029458999633789062"></testcase><testcase classname="src.pymortests.vectorarray" file="src/pymortests/vectorarray.py" line="1009" name="test_axpy_wrong_ind[compatible_vector_array_pair4-&lt;lambda&gt;2]" time="0.008129358291625977"></testcase><testcase classname="src.pymortests.vectorarray" file="src/pymortests/vectorarray.py" line="1009" name="test_axpy_wrong_ind[compatible_vector_array_pair4-&lt;lambda&gt;3]" time="0.011151552200317383"></testcase><testcase classname="src.pymortests.vectorarray" file="src/pymortests/vectorarray.py" line="1009" name="test_axpy_wrong_ind[compatible_vector_array_pair4-&lt;lambda&gt;4]" time="0.015656232833862305"></testcase><testcase classname="src.pymortests.vectorarray" file="src/pymortests/vectorarray.py" line="1009" name="test_axpy_wrong_ind[compatible_vector_array_pair4-&lt;lambda&gt;5]" time="0.007700443267822266"></testcase><testcase classname="src.pymortests.vectorarray" file="src/pymortests/vectorarray.py" line="1009" name="test_axpy_wrong_ind[compatible_vector_array_pair4-&lt;lambda&gt;6]" time="0.0024068355560302734"></testcase><testcase classname="src.pymortests.vectorarray" file="src/pymortests/vectorarray.py" line="1009" name="test_axpy_wrong_ind[compatible_vector_array_pair4-&lt;lambda&gt;7]" time="0.0030646324157714844"></testcase><testcase classname="src.pymortests.vectorarray" file="src/pymortests/vectorarray.py" line="1009" name="test_axpy_wrong_ind[compatible_vector_array_pair4-&lt;lambda&gt;8]" time="0.024486303329467773"></testcase><testcase classname="src.pymortests.vectorarray" file="src/pymortests/vectorarray.py" line="1009" name="test_axpy_wrong_ind[compatible_vector_array_pair4-&lt;lambda&gt;9]" time="0.0421907901763916"></testcase><testcase classname="src.pymortests.vectorarray" file="src/pymortests/vectorarray.py" line="1009" name="test_axpy_wrong_ind[compatible_vector_array_pair4-&lt;lambda&gt;10]" time="0.13477063179016113"></testcase><testcase classname="src.pymortests.vectorarray" file="src/pymortests/vectorarray.py" line="1009" name="test_axpy_wrong_ind[compatible_vector_array_pair4-&lt;lambda&gt;11]" time="0.008854389190673828"></testcase><testcase classname="src.pymortests.vectorarray" file="src/pymortests/vectorarray.py" line="1009" name="test_axpy_wrong_ind[compatible_vector_array_pair4-&lt;lambda&gt;12]" time="0.0052967071533203125"></testcase><testcase classname="src.pymortests.vectorarray" file="src/pymortests/vectorarray.py" line="1009" name="test_axpy_wrong_ind[compatible_vector_array_pair4-&lt;lambda&gt;13]" time="0.009668111801147461"></testcase><testcase classname="src.pymortests.vectorarray" file="src/pymortests/vectorarray.py" line="1009" name="test_axpy_wrong_ind[compatible_vector_array_pair4-&lt;lambda&gt;14]" time="0.009670257568359375"></testcase><testcase classname="src.pymortests.vectorarray" file="src/pymortests/vectorarray.py" line="1009" name="test_axpy_wrong_ind[compatible_vector_array_pair4-&lt;lambda&gt;15]" time="0.01746344566345215"></testcase><testcase classname="src.pymortests.vectorarray" file="src/pymortests/vectorarray.py" line="1009" name="test_axpy_wrong_ind[compatible_vector_array_pair4-&lt;lambda&gt;16]" time="0.026117563247680664"></testcase><testcase classname="src.pymortests.vectorarray" file="src/pymortests/vectorarray.py" line="1009" name="test_axpy_wrong_ind[compatible_vector_array_pair4-&lt;lambda&gt;17]" time="0.03443717956542969"></testcase><testcase classname="src.pymortests.vectorarray" file="src/pymortests/vectorarray.py" line="1009" name="test_axpy_wrong_ind[compatible_vector_array_pair4-&lt;lambda&gt;18]" time="0.004185676574707031"></testcase><testcase classname="src.pymortests.vectorarray" file="src/pymortests/vectorarray.py" line="1009" name="test_axpy_wrong_ind[compatible_vector_array_pair4-&lt;lambda&gt;19]" time="0.0037364959716796875"></testcase><testcase classname="src.pymortests.vectorarray" file="src/pymortests/vectorarray.py" line="1009" name="test_axpy_wrong_ind[compatible_vector_array_pair4-&lt;lambda&gt;20]" time="0.04786348342895508"></testcase><testcase classname="src.pymortests.vectorarray" file="src/pymortests/vectorarray.py" line="1009" name="test_axpy_wrong_ind[compatible_vector_array_pair4-&lt;lambda&gt;21]" time="0.05126380920410156"></testcase><testcase classname="src.pymortests.vectorarray" file="src/pymortests/vectorarray.py" line="1009" name="test_axpy_wrong_ind[compatible_vector_array_pair4-&lt;lambda&gt;22]" time="0.17052149772644043"></testcase><testcase classname="src.pymortests.vectorarray" file="src/pymortests/vectorarray.py" line="1009" name="test_axpy_wrong_ind[compatible_vector_array_pair4-&lt;lambda&gt;23]" time="0.009976863861083984"></testcase><testcase classname="src.pymortests.vectorarray" file="src/pymortests/vectorarray.py" line="1009" name="test_axpy_wrong_ind[compatible_vector_array_pair4-&lt;lambda&gt;24]" time="0.003545999526977539"></testcase><testcase classname="src.pymortests.vectorarray" file="src/pymortests/vectorarray.py" line="1009" name="test_axpy_wrong_ind[compatible_vector_array_pair4-&lt;lambda&gt;25]" time="0.004019260406494141"></testcase><testcase classname="src.pymortests.vectorarray" file="src/pymortests/vectorarray.py" line="1009" name="test_axpy_wrong_ind[compatible_vector_array_pair4-&lt;lambda&gt;26]" time="0.044179677963256836"></testcase><testcase classname="src.pymortests.vectorarray" file="src/pymortests/vectorarray.py" line="1009" name="test_axpy_wrong_ind[compatible_vector_array_pair4-&lt;lambda&gt;27]" time="0.0682992935180664"></testcase><testcase classname="src.pymortests.vectorarray" file="src/pymortests/vectorarray.py" line="1009" name="test_axpy_wrong_ind[compatible_vector_array_pair4-&lt;lambda&gt;28]" time="0.23699188232421875"></testcase><testcase classname="src.pymortests.vectorarray" file="src/pymortests/vectorarray.py" line="1009" name="test_axpy_wrong_ind[compatible_vector_array_pair4-&lt;lambda&gt;29]" time="0.011451482772827148"></testcase><testcase classname="src.pymortests.vectorarray" file="src/pymortests/vectorarray.py" line="1009" name="test_axpy_wrong_ind[compatible_vector_array_pair5-&lt;lambda&gt;0]" time="0.0038721561431884766"></testcase><testcase classname="src.pymortests.vectorarray" file="src/pymortests/vectorarray.py" line="1009" name="test_axpy_wrong_ind[compatible_vector_array_pair5-&lt;lambda&gt;1]" time="0.0029871463775634766"></testcase><testcase classname="src.pymortests.vectorarray" file="src/pymortests/vectorarray.py" line="1009" name="test_axpy_wrong_ind[compatible_vector_array_pair5-&lt;lambda&gt;2]" time="0.008307695388793945"></testcase><testcase classname="src.pymortests.vectorarray" file="src/pymortests/vectorarray.py" line="1009" name="test_axpy_wrong_ind[compatible_vector_array_pair5-&lt;lambda&gt;3]" time="0.011265039443969727"></testcase><testcase classname="src.pymortests.vectorarray" file="src/pymortests/vectorarray.py" line="1009" name="test_axpy_wrong_ind[compatible_vector_array_pair5-&lt;lambda&gt;4]" time="0.015688419342041016"></testcase><testcase classname="src.pymortests.vectorarray" file="src/pymortests/vectorarray.py" line="1009" name="test_axpy_wrong_ind[compatible_vector_array_pair5-&lt;lambda&gt;5]" time="0.007817268371582031"></testcase><testcase classname="src.pymortests.vectorarray" file="src/pymortests/vectorarray.py" line="1009" name="test_axpy_wrong_ind[compatible_vector_array_pair5-&lt;lambda&gt;6]" time="0.0024497509002685547"></testcase><testcase classname="src.pymortests.vectorarray" file="src/pymortests/vectorarray.py" line="1009" name="test_axpy_wrong_ind[compatible_vector_array_pair5-&lt;lambda&gt;7]" time="0.0030002593994140625"></testcase><testcase classname="src.pymortests.vectorarray" file="src/pymortests/vectorarray.py" line="1009" name="test_axpy_wrong_ind[compatible_vector_array_pair5-&lt;lambda&gt;8]" time="0.024539947509765625"></testcase><testcase classname="src.pymortests.vectorarray" file="src/pymortests/vectorarray.py" line="1009" name="test_axpy_wrong_ind[compatible_vector_array_pair5-&lt;lambda&gt;9]" time="0.041905879974365234"></testcase><testcase classname="src.pymortests.vectorarray" file="src/pymortests/vectorarray.py" line="1009" name="test_axpy_wrong_ind[compatible_vector_array_pair5-&lt;lambda&gt;10]" time="0.13635945320129395"></testcase><testcase classname="src.pymortests.vectorarray" file="src/pymortests/vectorarray.py" line="1009" name="test_axpy_wrong_ind[compatible_vector_array_pair5-&lt;lambda&gt;11]" time="0.009164094924926758"></testcase><testcase classname="src.pymortests.vectorarray" file="src/pymortests/vectorarray.py" line="1009" name="test_axpy_wrong_ind[compatible_vector_array_pair5-&lt;lambda&gt;12]" time="0.005257129669189453"></testcase><testcase classname="src.pymortests.vectorarray" file="src/pymortests/vectorarray.py" line="1009" name="test_axpy_wrong_ind[compatible_vector_array_pair5-&lt;lambda&gt;13]" time="0.009640693664550781"></testcase><testcase classname="src.pymortests.vectorarray" file="src/pymortests/vectorarray.py" line="1009" name="test_axpy_wrong_ind[compatible_vector_array_pair5-&lt;lambda&gt;14]" time="0.010231494903564453"></testcase><testcase classname="src.pymortests.vectorarray" file="src/pymortests/vectorarray.py" line="1009" name="test_axpy_wrong_ind[compatible_vector_array_pair5-&lt;lambda&gt;15]" time="0.01748943328857422"></testcase><testcase classname="src.pymortests.vectorarray" file="src/pymortests/vectorarray.py" line="1009" name="test_axpy_wrong_ind[compatible_vector_array_pair5-&lt;lambda&gt;16]" time="0.02582526206970215"></testcase><testcase classname="src.pymortests.vectorarray" file="src/pymortests/vectorarray.py" line="1009" name="test_axpy_wrong_ind[compatible_vector_array_pair5-&lt;lambda&gt;17]" time="0.03491997718811035"></testcase><testcase classname="src.pymortests.vectorarray" file="src/pymortests/vectorarray.py" line="1009" name="test_axpy_wrong_ind[compatible_vector_array_pair5-&lt;lambda&gt;18]" time="0.004273176193237305"></testcase><testcase classname="src.pymortests.vectorarray" file="src/pymortests/vectorarray.py" line="1009" name="test_axpy_wrong_ind[compatible_vector_array_pair5-&lt;lambda&gt;19]" time="0.003870725631713867"></testcase><testcase classname="src.pymortests.vectorarray" file="src/pymortests/vectorarray.py" line="1009" name="test_axpy_wrong_ind[compatible_vector_array_pair5-&lt;lambda&gt;20]" time="0.047913312911987305"></testcase><testcase classname="src.pymortests.vectorarray" file="src/pymortests/vectorarray.py" line="1009" name="test_axpy_wrong_ind[compatible_vector_array_pair5-&lt;lambda&gt;21]" time="0.05219101905822754"></testcase><testcase classname="src.pymortests.vectorarray" file="src/pymortests/vectorarray.py" line="1009" name="test_axpy_wrong_ind[compatible_vector_array_pair5-&lt;lambda&gt;22]" time="0.1710042953491211"></testcase><testcase classname="src.pymortests.vectorarray" file="src/pymortests/vectorarray.py" line="1009" name="test_axpy_wrong_ind[compatible_vector_array_pair5-&lt;lambda&gt;23]" time="0.01135873794555664"></testcase><testcase classname="src.pymortests.vectorarray" file="src/pymortests/vectorarray.py" line="1009" name="test_axpy_wrong_ind[compatible_vector_array_pair5-&lt;lambda&gt;24]" time="0.003580808639526367"></testcase><testcase classname="src.pymortests.vectorarray" file="src/pymortests/vectorarray.py" line="1009" name="test_axpy_wrong_ind[compatible_vector_array_pair5-&lt;lambda&gt;25]" time="0.004012107849121094"></testcase><testcase classname="src.pymortests.vectorarray" file="src/pymortests/vectorarray.py" line="1009" name="test_axpy_wrong_ind[compatible_vector_array_pair5-&lt;lambda&gt;26]" time="0.043654441833496094"></testcase><testcase classname="src.pymortests.vectorarray" file="src/pymortests/vectorarray.py" line="1009" name="test_axpy_wrong_ind[compatible_vector_array_pair5-&lt;lambda&gt;27]" time="0.0680694580078125"></testcase><testcase classname="src.pymortests.vectorarray" file="src/pymortests/vectorarray.py" line="1009" name="test_axpy_wrong_ind[compatible_vector_array_pair5-&lt;lambda&gt;28]" time="0.2375328540802002"></testcase><testcase classname="src.pymortests.vectorarray" file="src/pymortests/vectorarray.py" line="1009" name="test_axpy_wrong_ind[compatible_vector_array_pair5-&lt;lambda&gt;29]" time="0.011602640151977539"></testcase><testcase classname="src.pymortests.vectorarray" file="src/pymortests/vectorarray.py" line="1009" name="test_axpy_wrong_ind[compatible_vector_array_pair6-&lt;lambda&gt;0]" time="0.0037903785705566406"></testcase><testcase classname="src.pymortests.vectorarray" file="src/pymortests/vectorarray.py" line="1009" name="test_axpy_wrong_ind[compatible_vector_array_pair6-&lt;lambda&gt;1]" time="0.0029556751251220703"></testcase><testcase classname="src.pymortests.vectorarray" file="src/pymortests/vectorarray.py" line="1009" name="test_axpy_wrong_ind[compatible_vector_array_pair6-&lt;lambda&gt;2]" time="0.00814056396484375"></testcase><testcase classname="src.pymortests.vectorarray" file="src/pymortests/vectorarray.py" line="1009" name="test_axpy_wrong_ind[compatible_vector_array_pair6-&lt;lambda&gt;3]" time="0.011385917663574219"></testcase><testcase classname="src.pymortests.vectorarray" file="src/pymortests/vectorarray.py" line="1009" name="test_axpy_wrong_ind[compatible_vector_array_pair6-&lt;lambda&gt;4]" time="0.01579117774963379"></testcase><testcase classname="src.pymortests.vectorarray" file="src/pymortests/vectorarray.py" line="1009" name="test_axpy_wrong_ind[compatible_vector_array_pair6-&lt;lambda&gt;5]" time="0.007817506790161133"></testcase><testcase classname="src.pymortests.vectorarray" file="src/pymortests/vectorarray.py" line="1009" name="test_axpy_wrong_ind[compatible_vector_array_pair6-&lt;lambda&gt;6]" time="0.002569913864135742"></testcase><testcase classname="src.pymortests.vectorarray" file="src/pymortests/vectorarray.py" line="1009" name="test_axpy_wrong_ind[compatible_vector_array_pair6-&lt;lambda&gt;7]" time="0.0030379295349121094"></testcase><testcase classname="src.pymortests.vectorarray" file="src/pymortests/vectorarray.py" line="1009" name="test_axpy_wrong_ind[compatible_vector_array_pair6-&lt;lambda&gt;8]" time="0.024281740188598633"></testcase><testcase classname="src.pymortests.vectorarray" file="src/pymortests/vectorarray.py" line="1009" name="test_axpy_wrong_ind[compatible_vector_array_pair6-&lt;lambda&gt;9]" time="0.04197072982788086"></testcase><testcase classname="src.pymortests.vectorarray" file="src/pymortests/vectorarray.py" line="1009" name="test_axpy_wrong_ind[compatible_vector_array_pair6-&lt;lambda&gt;10]" time="0.13499832153320312"></testcase><testcase classname="src.pymortests.vectorarray" file="src/pymortests/vectorarray.py" line="1009" name="test_axpy_wrong_ind[compatible_vector_array_pair6-&lt;lambda&gt;11]" time="0.009197711944580078"></testcase><testcase classname="src.pymortests.vectorarray" file="src/pymortests/vectorarray.py" line="1009" name="test_axpy_wrong_ind[compatible_vector_array_pair6-&lt;lambda&gt;12]" time="0.005246400833129883"></testcase><testcase classname="src.pymortests.vectorarray" file="src/pymortests/vectorarray.py" line="1009" name="test_axpy_wrong_ind[compatible_vector_array_pair6-&lt;lambda&gt;13]" time="0.009656667709350586"></testcase><testcase classname="src.pymortests.vectorarray" file="src/pymortests/vectorarray.py" line="1009" name="test_axpy_wrong_ind[compatible_vector_array_pair6-&lt;lambda&gt;14]" time="0.009924650192260742"></testcase><testcase classname="src.pymortests.vectorarray" file="src/pymortests/vectorarray.py" line="1009" name="test_axpy_wrong_ind[compatible_vector_array_pair6-&lt;lambda&gt;15]" time="0.01727604866027832"></testcase><testcase classname="src.pymortests.vectorarray" file="src/pymortests/vectorarray.py" line="1009" name="test_axpy_wrong_ind[compatible_vector_array_pair6-&lt;lambda&gt;16]" time="0.02584552764892578"></testcase><testcase classname="src.pymortests.vectorarray" file="src/pymortests/vectorarray.py" line="1009" name="test_axpy_wrong_ind[compatible_vector_array_pair6-&lt;lambda&gt;17]" time="0.03449273109436035"></testcase><testcase classname="src.pymortests.vectorarray" file="src/pymortests/vectorarray.py" line="1009" name="test_axpy_wrong_ind[compatible_vector_array_pair6-&lt;lambda&gt;18]" time="0.004153013229370117"></testcase><testcase classname="src.pymortests.vectorarray" file="src/pymortests/vectorarray.py" line="1009" name="test_axpy_wrong_ind[compatible_vector_array_pair6-&lt;lambda&gt;19]" time="0.004033088684082031"></testcase><testcase classname="src.pymortests.vectorarray" file="src/pymortests/vectorarray.py" line="1009" name="test_axpy_wrong_ind[compatible_vector_array_pair6-&lt;lambda&gt;20]" time="0.04831123352050781"></testcase><testcase classname="src.pymortests.vectorarray" file="src/pymortests/vectorarray.py" line="1009" name="test_axpy_wrong_ind[compatible_vector_array_pair6-&lt;lambda&gt;21]" time="0.05159163475036621"></testcase><testcase classname="src.pymortests.vectorarray" file="src/pymortests/vectorarray.py" line="1009" name="test_axpy_wrong_ind[compatible_vector_array_pair6-&lt;lambda&gt;22]" time="0.1696488857269287"></testcase><testcase classname="src.pymortests.vectorarray" file="src/pymortests/vectorarray.py" line="1009" name="test_axpy_wrong_ind[compatible_vector_array_pair6-&lt;lambda&gt;23]" time="0.010450601577758789"></testcase><testcase classname="src.pymortests.vectorarray" file="src/pymortests/vectorarray.py" line="1009" name="test_axpy_wrong_ind[compatible_vector_array_pair6-&lt;lambda&gt;24]" time="0.003930568695068359"></testcase><testcase classname="src.pymortests.vectorarray" file="src/pymortests/vectorarray.py" line="1009" name="test_axpy_wrong_ind[compatible_vector_array_pair6-&lt;lambda&gt;25]" time="0.004131793975830078"></testcase><testcase classname="src.pymortests.vectorarray" file="src/pymortests/vectorarray.py" line="1009" name="test_axpy_wrong_ind[compatible_vector_array_pair6-&lt;lambda&gt;26]" time="0.043756961822509766"></testcase><testcase classname="src.pymortests.vectorarray" file="src/pymortests/vectorarray.py" line="1009" name="test_axpy_wrong_ind[compatible_vector_array_pair6-&lt;lambda&gt;27]" time="0.0683441162109375"></testcase><testcase classname="src.pymortests.vectorarray" file="src/pymortests/vectorarray.py" line="1009" name="test_axpy_wrong_ind[compatible_vector_array_pair6-&lt;lambda&gt;28]" time="0.41986966133117676"></testcase><testcase classname="src.pymortests.vectorarray" file="src/pymortests/vectorarray.py" line="1009" name="test_axpy_wrong_ind[compatible_vector_array_pair6-&lt;lambda&gt;29]" time="0.011496305465698242"></testcase><testcase classname="src.pymortests.vectorarray" file="src/pymortests/vectorarray.py" line="1009" name="test_axpy_wrong_ind[compatible_vector_array_pair7-&lt;lambda&gt;0]" time="0.003927707672119141"></testcase><testcase classname="src.pymortests.vectorarray" file="src/pymortests/vectorarray.py" line="1009" name="test_axpy_wrong_ind[compatible_vector_array_pair7-&lt;lambda&gt;1]" time="0.003027200698852539"></testcase><testcase classname="src.pymortests.vectorarray" file="src/pymortests/vectorarray.py" line="1009" name="test_axpy_wrong_ind[compatible_vector_array_pair7-&lt;lambda&gt;2]" time="0.008217096328735352"></testcase><testcase classname="src.pymortests.vectorarray" file="src/pymortests/vectorarray.py" line="1009" name="test_axpy_wrong_ind[compatible_vector_array_pair7-&lt;lambda&gt;3]" time="0.011196136474609375"></testcase><testcase classname="src.pymortests.vectorarray" file="src/pymortests/vectorarray.py" line="1009" name="test_axpy_wrong_ind[compatible_vector_array_pair7-&lt;lambda&gt;4]" time="0.01585102081298828"></testcase><testcase classname="src.pymortests.vectorarray" file="src/pymortests/vectorarray.py" line="1009" name="test_axpy_wrong_ind[compatible_vector_array_pair7-&lt;lambda&gt;5]" time="0.00769352912902832"></testcase><testcase classname="src.pymortests.vectorarray" file="src/pymortests/vectorarray.py" line="1009" name="test_axpy_wrong_ind[compatible_vector_array_pair7-&lt;lambda&gt;6]" time="0.002499103546142578"></testcase><testcase classname="src.pymortests.vectorarray" file="src/pymortests/vectorarray.py" line="1009" name="test_axpy_wrong_ind[compatible_vector_array_pair7-&lt;lambda&gt;7]" time="0.003094196319580078"></testcase><testcase classname="src.pymortests.vectorarray" file="src/pymortests/vectorarray.py" line="1009" name="test_axpy_wrong_ind[compatible_vector_array_pair7-&lt;lambda&gt;8]" time="0.024460315704345703"></testcase><testcase classname="src.pymortests.vectorarray" file="src/pymortests/vectorarray.py" line="1009" name="test_axpy_wrong_ind[compatible_vector_array_pair7-&lt;lambda&gt;9]" time="0.04310870170593262"></testcase><testcase classname="src.pymortests.vectorarray" file="src/pymortests/vectorarray.py" line="1009" name="test_axpy_wrong_ind[compatible_vector_array_pair7-&lt;lambda&gt;10]" time="0.13762307167053223"></testcase><testcase classname="src.pymortests.vectorarray" file="src/pymortests/vectorarray.py" line="1009" name="test_axpy_wrong_ind[compatible_vector_array_pair7-&lt;lambda&gt;11]" time="0.009133338928222656"></testcase><testcase classname="src.pymortests.vectorarray" file="src/pymortests/vectorarray.py" line="1009" name="test_axpy_wrong_ind[compatible_vector_array_pair7-&lt;lambda&gt;12]" time="0.0054090023040771484"></testcase><testcase classname="src.pymortests.vectorarray" file="src/pymortests/vectorarray.py" line="1009" name="test_axpy_wrong_ind[compatible_vector_array_pair7-&lt;lambda&gt;13]" time="0.009793281555175781"></testcase><testcase classname="src.pymortests.vectorarray" file="src/pymortests/vectorarray.py" line="1009" name="test_axpy_wrong_ind[compatible_vector_array_pair7-&lt;lambda&gt;14]" time="0.009836435317993164"></testcase><testcase classname="src.pymortests.vectorarray" file="src/pymortests/vectorarray.py" line="1009" name="test_axpy_wrong_ind[compatible_vector_array_pair7-&lt;lambda&gt;15]" time="0.017452716827392578"></testcase><testcase classname="src.pymortests.vectorarray" file="src/pymortests/vectorarray.py" line="1009" name="test_axpy_wrong_ind[compatible_vector_array_pair7-&lt;lambda&gt;16]" time="0.025839567184448242"></testcase><testcase classname="src.pymortests.vectorarray" file="src/pymortests/vectorarray.py" line="1009" name="test_axpy_wrong_ind[compatible_vector_array_pair7-&lt;lambda&gt;17]" time="0.034479379653930664"></testcase><testcase classname="src.pymortests.vectorarray" file="src/pymortests/vectorarray.py" line="1009" name="test_axpy_wrong_ind[compatible_vector_array_pair7-&lt;lambda&gt;18]" time="0.004291057586669922"></testcase><testcase classname="src.pymortests.vectorarray" file="src/pymortests/vectorarray.py" line="1009" name="test_axpy_wrong_ind[compatible_vector_array_pair7-&lt;lambda&gt;19]" time="0.003897428512573242"></testcase><testcase classname="src.pymortests.vectorarray" file="src/pymortests/vectorarray.py" line="1009" name="test_axpy_wrong_ind[compatible_vector_array_pair7-&lt;lambda&gt;20]" time="0.049016714096069336"></testcase><testcase classname="src.pymortests.vectorarray" file="src/pymortests/vectorarray.py" line="1009" name="test_axpy_wrong_ind[compatible_vector_array_pair7-&lt;lambda&gt;21]" time="0.05168771743774414"></testcase><testcase classname="src.pymortests.vectorarray" file="src/pymortests/vectorarray.py" line="1009" name="test_axpy_wrong_ind[compatible_vector_array_pair7-&lt;lambda&gt;22]" time="0.17296409606933594"></testcase><testcase classname="src.pymortests.vectorarray" file="src/pymortests/vectorarray.py" line="1009" name="test_axpy_wrong_ind[compatible_vector_array_pair7-&lt;lambda&gt;23]" time="0.010098695755004883"></testcase><testcase classname="src.pymortests.vectorarray" file="src/pymortests/vectorarray.py" line="1009" name="test_axpy_wrong_ind[compatible_vector_array_pair7-&lt;lambda&gt;24]" time="0.0035772323608398438"></testcase><testcase classname="src.pymortests.vectorarray" file="src/pymortests/vectorarray.py" line="1009" name="test_axpy_wrong_ind[compatible_vector_array_pair7-&lt;lambda&gt;25]" time="0.004056453704833984"></testcase><testcase classname="src.pymortests.vectorarray" file="src/pymortests/vectorarray.py" line="1009" name="test_axpy_wrong_ind[compatible_vector_array_pair7-&lt;lambda&gt;26]" time="0.0436253547668457"></testcase><testcase classname="src.pymortests.vectorarray" file="src/pymortests/vectorarray.py" line="1009" name="test_axpy_wrong_ind[compatible_vector_array_pair7-&lt;lambda&gt;27]" time="0.06807088851928711"></testcase><testcase classname="src.pymortests.vectorarray" file="src/pymortests/vectorarray.py" line="1009" name="test_axpy_wrong_ind[compatible_vector_array_pair7-&lt;lambda&gt;28]" time="0.2354879379272461"></testcase><testcase classname="src.pymortests.vectorarray" file="src/pymortests/vectorarray.py" line="1009" name="test_axpy_wrong_ind[compatible_vector_array_pair7-&lt;lambda&gt;29]" time="0.011481761932373047"></testcase><testcase classname="src.pymortests.vectorarray" file="src/pymortests/vectorarray.py" line="1009" name="test_axpy_wrong_ind[compatible_vector_array_pair8-&lt;lambda&gt;0]" time="0.0038781166076660156"></testcase><testcase classname="src.pymortests.vectorarray" file="src/pymortests/vectorarray.py" line="1009" name="test_axpy_wrong_ind[compatible_vector_array_pair8-&lt;lambda&gt;1]" time="0.003066539764404297"></testcase><testcase classname="src.pymortests.vectorarray" file="src/pymortests/vectorarray.py" line="1009" name="test_axpy_wrong_ind[compatible_vector_array_pair8-&lt;lambda&gt;2]" time="0.008321285247802734"></testcase><testcase classname="src.pymortests.vectorarray" file="src/pymortests/vectorarray.py" line="1009" name="test_axpy_wrong_ind[compatible_vector_array_pair8-&lt;lambda&gt;3]" time="0.011321544647216797"></testcase><testcase classname="src.pymortests.vectorarray" file="src/pymortests/vectorarray.py" line="1009" name="test_axpy_wrong_ind[compatible_vector_array_pair8-&lt;lambda&gt;4]" time="0.01567244529724121"></testcase><testcase classname="src.pymortests.vectorarray" file="src/pymortests/vectorarray.py" line="1009" name="test_axpy_wrong_ind[compatible_vector_array_pair8-&lt;lambda&gt;5]" time="0.007806062698364258"></testcase><testcase classname="src.pymortests.vectorarray" file="src/pymortests/vectorarray.py" line="1009" name="test_axpy_wrong_ind[compatible_vector_array_pair8-&lt;lambda&gt;6]" time="0.002527952194213867"></testcase><testcase classname="src.pymortests.vectorarray" file="src/pymortests/vectorarray.py" line="1009" name="test_axpy_wrong_ind[compatible_vector_array_pair8-&lt;lambda&gt;7]" time="0.003084421157836914"></testcase><testcase classname="src.pymortests.vectorarray" file="src/pymortests/vectorarray.py" line="1009" name="test_axpy_wrong_ind[compatible_vector_array_pair8-&lt;lambda&gt;8]" time="0.024655580520629883"></testcase><testcase classname="src.pymortests.vectorarray" file="src/pymortests/vectorarray.py" line="1009" name="test_axpy_wrong_ind[compatible_vector_array_pair8-&lt;lambda&gt;9]" time="0.042261600494384766"></testcase><testcase classname="src.pymortests.vectorarray" file="src/pymortests/vectorarray.py" line="1009" name="test_axpy_wrong_ind[compatible_vector_array_pair8-&lt;lambda&gt;10]" time="0.13559865951538086"></testcase><testcase classname="src.pymortests.vectorarray" file="src/pymortests/vectorarray.py" line="1009" name="test_axpy_wrong_ind[compatible_vector_array_pair8-&lt;lambda&gt;11]" time="0.008935213088989258"></testcase><testcase classname="src.pymortests.vectorarray" file="src/pymortests/vectorarray.py" line="1009" name="test_axpy_wrong_ind[compatible_vector_array_pair8-&lt;lambda&gt;12]" time="0.0051381587982177734"></testcase><testcase classname="src.pymortests.vectorarray" file="src/pymortests/vectorarray.py" line="1009" name="test_axpy_wrong_ind[compatible_vector_array_pair8-&lt;lambda&gt;13]" time="0.009665489196777344"></testcase><testcase classname="src.pymortests.vectorarray" file="src/pymortests/vectorarray.py" line="1009" name="test_axpy_wrong_ind[compatible_vector_array_pair8-&lt;lambda&gt;14]" time="0.009928464889526367"></testcase><testcase classname="src.pymortests.vectorarray" file="src/pymortests/vectorarray.py" line="1009" name="test_axpy_wrong_ind[compatible_vector_array_pair8-&lt;lambda&gt;15]" time="0.017520666122436523"></testcase><testcase classname="src.pymortests.vectorarray" file="src/pymortests/vectorarray.py" line="1009" name="test_axpy_wrong_ind[compatible_vector_array_pair8-&lt;lambda&gt;16]" time="0.028702974319458008"></testcase><testcase classname="src.pymortests.vectorarray" file="src/pymortests/vectorarray.py" line="1009" name="test_axpy_wrong_ind[compatible_vector_array_pair8-&lt;lambda&gt;17]" time="0.034545183181762695"></testcase><testcase classname="src.pymortests.vectorarray" file="src/pymortests/vectorarray.py" line="1009" name="test_axpy_wrong_ind[compatible_vector_array_pair8-&lt;lambda&gt;18]" time="0.004216432571411133"></testcase><testcase classname="src.pymortests.vectorarray" file="src/pymortests/vectorarray.py" line="1009" name="test_axpy_wrong_ind[compatible_vector_array_pair8-&lt;lambda&gt;19]" time="0.0038492679595947266"></testcase><testcase classname="src.pymortests.vectorarray" file="src/pymortests/vectorarray.py" line="1009" name="test_axpy_wrong_ind[compatible_vector_array_pair8-&lt;lambda&gt;20]" time="0.04778099060058594"></testcase><testcase classname="src.pymortests.vectorarray" file="src/pymortests/vectorarray.py" line="1009" name="test_axpy_wrong_ind[compatible_vector_array_pair8-&lt;lambda&gt;21]" time="0.0512537956237793"></testcase><testcase classname="src.pymortests.vectorarray" file="src/pymortests/vectorarray.py" line="1009" name="test_axpy_wrong_ind[compatible_vector_array_pair8-&lt;lambda&gt;22]" time="0.16980981826782227"></testcase><testcase classname="src.pymortests.vectorarray" file="src/pymortests/vectorarray.py" line="1009" name="test_axpy_wrong_ind[compatible_vector_array_pair8-&lt;lambda&gt;23]" time="0.009914636611938477"></testcase><testcase classname="src.pymortests.vectorarray" file="src/pymortests/vectorarray.py" line="1009" name="test_axpy_wrong_ind[compatible_vector_array_pair8-&lt;lambda&gt;24]" time="0.0035293102264404297"></testcase><testcase classname="src.pymortests.vectorarray" file="src/pymortests/vectorarray.py" line="1009" name="test_axpy_wrong_ind[compatible_vector_array_pair8-&lt;lambda&gt;25]" time="0.003959178924560547"></testcase><testcase classname="src.pymortests.vectorarray" file="src/pymortests/vectorarray.py" line="1009" name="test_axpy_wrong_ind[compatible_vector_array_pair8-&lt;lambda&gt;26]" time="0.04424095153808594"></testcase><testcase classname="src.pymortests.vectorarray" file="src/pymortests/vectorarray.py" line="1009" name="test_axpy_wrong_ind[compatible_vector_array_pair8-&lt;lambda&gt;27]" time="0.06836557388305664"></testcase><testcase classname="src.pymortests.vectorarray" file="src/pymortests/vectorarray.py" line="1009" name="test_axpy_wrong_ind[compatible_vector_array_pair8-&lt;lambda&gt;28]" time="0.23526597023010254"></testcase><testcase classname="src.pymortests.vectorarray" file="src/pymortests/vectorarray.py" line="1009" name="test_axpy_wrong_ind[compatible_vector_array_pair8-&lt;lambda&gt;29]" time="0.011455774307250977"></testcase><testcase classname="src.pymortests.vectorarray" file="src/pymortests/vectorarray.py" line="1028" name="test_axpy_wrong_coefficients[compatible_vector_array_pair0-&lt;lambda&gt;0]" time="0.002328634262084961"></testcase><testcase classname="src.pymortests.vectorarray" file="src/pymortests/vectorarray.py" line="1028" name="test_axpy_wrong_coefficients[compatible_vector_array_pair0-&lt;lambda&gt;1]" time="0.0012502670288085938"></testcase><testcase classname="src.pymortests.vectorarray" file="src/pymortests/vectorarray.py" line="1028" name="test_axpy_wrong_coefficients[compatible_vector_array_pair0-&lt;lambda&gt;2]" time="0.0029506683349609375"></testcase><testcase classname="src.pymortests.vectorarray" file="src/pymortests/vectorarray.py" line="1028" name="test_axpy_wrong_coefficients[compatible_vector_array_pair0-&lt;lambda&gt;3]" time="0.0031638145446777344"></testcase><testcase classname="src.pymortests.vectorarray" file="src/pymortests/vectorarray.py" line="1028" name="test_axpy_wrong_coefficients[compatible_vector_array_pair0-&lt;lambda&gt;4]" time="0.005433320999145508"></testcase><testcase classname="src.pymortests.vectorarray" file="src/pymortests/vectorarray.py" line="1028" name="test_axpy_wrong_coefficients[compatible_vector_array_pair0-&lt;lambda&gt;5]" time="0.0035653114318847656"></testcase><testcase classname="src.pymortests.vectorarray" file="src/pymortests/vectorarray.py" line="1028" name="test_axpy_wrong_coefficients[compatible_vector_array_pair0-&lt;lambda&gt;6]" time="0.0016207695007324219"></testcase><testcase classname="src.pymortests.vectorarray" file="src/pymortests/vectorarray.py" line="1028" name="test_axpy_wrong_coefficients[compatible_vector_array_pair0-&lt;lambda&gt;7]" time="0.0012247562408447266"></testcase><testcase classname="src.pymortests.vectorarray" file="src/pymortests/vectorarray.py" line="1028" name="test_axpy_wrong_coefficients[compatible_vector_array_pair0-&lt;lambda&gt;8]" time="0.00313568115234375"></testcase><testcase classname="src.pymortests.vectorarray" file="src/pymortests/vectorarray.py" line="1028" name="test_axpy_wrong_coefficients[compatible_vector_array_pair0-&lt;lambda&gt;9]" time="0.003511190414428711"></testcase><testcase classname="src.pymortests.vectorarray" file="src/pymortests/vectorarray.py" line="1028" name="test_axpy_wrong_coefficients[compatible_vector_array_pair0-&lt;lambda&gt;10]" time="0.006564617156982422"></testcase><testcase classname="src.pymortests.vectorarray" file="src/pymortests/vectorarray.py" line="1028" name="test_axpy_wrong_coefficients[compatible_vector_array_pair0-&lt;lambda&gt;11]" time="0.003785371780395508"></testcase><testcase classname="src.pymortests.vectorarray" file="src/pymortests/vectorarray.py" line="1028" name="test_axpy_wrong_coefficients[compatible_vector_array_pair0-&lt;lambda&gt;12]" time="0.002036571502685547"></testcase><testcase classname="src.pymortests.vectorarray" file="src/pymortests/vectorarray.py" line="1028" name="test_axpy_wrong_coefficients[compatible_vector_array_pair0-&lt;lambda&gt;13]" time="0.0014960765838623047"></testcase><testcase classname="src.pymortests.vectorarray" file="src/pymortests/vectorarray.py" line="1028" name="test_axpy_wrong_coefficients[compatible_vector_array_pair0-&lt;lambda&gt;14]" time="0.0032634735107421875"></testcase><testcase classname="src.pymortests.vectorarray" file="src/pymortests/vectorarray.py" line="1028" name="test_axpy_wrong_coefficients[compatible_vector_array_pair0-&lt;lambda&gt;15]" time="0.004541873931884766"></testcase><testcase classname="src.pymortests.vectorarray" file="src/pymortests/vectorarray.py" line="1028" name="test_axpy_wrong_coefficients[compatible_vector_array_pair0-&lt;lambda&gt;16]" time="0.00532221794128418"></testcase><testcase classname="src.pymortests.vectorarray" file="src/pymortests/vectorarray.py" line="1028" name="test_axpy_wrong_coefficients[compatible_vector_array_pair0-&lt;lambda&gt;17]" time="0.01040792465209961"></testcase><testcase classname="src.pymortests.vectorarray" file="src/pymortests/vectorarray.py" line="1028" name="test_axpy_wrong_coefficients[compatible_vector_array_pair0-&lt;lambda&gt;18]" time="0.003323078155517578"></testcase><testcase classname="src.pymortests.vectorarray" file="src/pymortests/vectorarray.py" line="1028" name="test_axpy_wrong_coefficients[compatible_vector_array_pair0-&lt;lambda&gt;19]" time="0.001949310302734375"></testcase><testcase classname="src.pymortests.vectorarray" file="src/pymortests/vectorarray.py" line="1028" name="test_axpy_wrong_coefficients[compatible_vector_array_pair0-&lt;lambda&gt;20]" time="0.026691436767578125"></testcase><testcase classname="src.pymortests.vectorarray" file="src/pymortests/vectorarray.py" line="1028" name="test_axpy_wrong_coefficients[compatible_vector_array_pair0-&lt;lambda&gt;21]" time="0.01463174819946289"></testcase><testcase classname="src.pymortests.vectorarray" file="src/pymortests/vectorarray.py" line="1028" name="test_axpy_wrong_coefficients[compatible_vector_array_pair0-&lt;lambda&gt;22]" time="0.04270195960998535"></testcase><testcase classname="src.pymortests.vectorarray" file="src/pymortests/vectorarray.py" line="1028" name="test_axpy_wrong_coefficients[compatible_vector_array_pair0-&lt;lambda&gt;23]" time="0.006392478942871094"></testcase><testcase classname="src.pymortests.vectorarray" file="src/pymortests/vectorarray.py" line="1028" name="test_axpy_wrong_coefficients[compatible_vector_array_pair0-&lt;lambda&gt;24]" time="0.00160980224609375"></testcase><testcase classname="src.pymortests.vectorarray" file="src/pymortests/vectorarray.py" line="1028" name="test_axpy_wrong_coefficients[compatible_vector_array_pair0-&lt;lambda&gt;25]" time="0.002102375030517578"></testcase><testcase classname="src.pymortests.vectorarray" file="src/pymortests/vectorarray.py" line="1028" name="test_axpy_wrong_coefficients[compatible_vector_array_pair0-&lt;lambda&gt;26]" time="0.022683143615722656"></testcase><testcase classname="src.pymortests.vectorarray" file="src/pymortests/vectorarray.py" line="1028" name="test_axpy_wrong_coefficients[compatible_vector_array_pair0-&lt;lambda&gt;27]" time="0.03154397010803223"></testcase><testcase classname="src.pymortests.vectorarray" file="src/pymortests/vectorarray.py" line="1028" name="test_axpy_wrong_coefficients[compatible_vector_array_pair0-&lt;lambda&gt;28]" time="0.11062026023864746"></testcase><testcase classname="src.pymortests.vectorarray" file="src/pymortests/vectorarray.py" line="1028" name="test_axpy_wrong_coefficients[compatible_vector_array_pair0-&lt;lambda&gt;29]" time="0.00797891616821289"></testcase><testcase classname="src.pymortests.vectorarray" file="src/pymortests/vectorarray.py" line="1028" name="test_axpy_wrong_coefficients[compatible_vector_array_pair1-&lt;lambda&gt;0]" time="0.0024721622467041016"></testcase><testcase classname="src.pymortests.vectorarray" file="src/pymortests/vectorarray.py" line="1028" name="test_axpy_wrong_coefficients[compatible_vector_array_pair1-&lt;lambda&gt;1]" time="0.001336812973022461"></testcase><testcase classname="src.pymortests.vectorarray" file="src/pymortests/vectorarray.py" line="1028" name="test_axpy_wrong_coefficients[compatible_vector_array_pair1-&lt;lambda&gt;2]" time="0.0029451847076416016"></testcase><testcase classname="src.pymortests.vectorarray" file="src/pymortests/vectorarray.py" line="1028" name="test_axpy_wrong_coefficients[compatible_vector_array_pair1-&lt;lambda&gt;3]" time="0.0032715797424316406"></testcase><testcase classname="src.pymortests.vectorarray" file="src/pymortests/vectorarray.py" line="1028" name="test_axpy_wrong_coefficients[compatible_vector_array_pair1-&lt;lambda&gt;4]" time="0.005666971206665039"></testcase><testcase classname="src.pymortests.vectorarray" file="src/pymortests/vectorarray.py" line="1028" name="test_axpy_wrong_coefficients[compatible_vector_array_pair1-&lt;lambda&gt;5]" time="0.0037610530853271484"></testcase><testcase classname="src.pymortests.vectorarray" file="src/pymortests/vectorarray.py" line="1028" name="test_axpy_wrong_coefficients[compatible_vector_array_pair1-&lt;lambda&gt;6]" time="0.0017037391662597656"></testcase><testcase classname="src.pymortests.vectorarray" file="src/pymortests/vectorarray.py" line="1028" name="test_axpy_wrong_coefficients[compatible_vector_array_pair1-&lt;lambda&gt;7]" time="0.0013611316680908203"></testcase><testcase classname="src.pymortests.vectorarray" file="src/pymortests/vectorarray.py" line="1028" name="test_axpy_wrong_coefficients[compatible_vector_array_pair1-&lt;lambda&gt;8]" time="0.0035123825073242188"></testcase><testcase classname="src.pymortests.vectorarray" file="src/pymortests/vectorarray.py" line="1028" name="test_axpy_wrong_coefficients[compatible_vector_array_pair1-&lt;lambda&gt;9]" time="0.003742694854736328"></testcase><testcase classname="src.pymortests.vectorarray" file="src/pymortests/vectorarray.py" line="1028" name="test_axpy_wrong_coefficients[compatible_vector_array_pair1-&lt;lambda&gt;10]" time="0.007357358932495117"></testcase><testcase classname="src.pymortests.vectorarray" file="src/pymortests/vectorarray.py" line="1028" name="test_axpy_wrong_coefficients[compatible_vector_array_pair1-&lt;lambda&gt;11]" time="0.003967761993408203"></testcase><testcase classname="src.pymortests.vectorarray" file="src/pymortests/vectorarray.py" line="1028" name="test_axpy_wrong_coefficients[compatible_vector_array_pair1-&lt;lambda&gt;12]" time="0.0021598339080810547"></testcase><testcase classname="src.pymortests.vectorarray" file="src/pymortests/vectorarray.py" line="1028" name="test_axpy_wrong_coefficients[compatible_vector_array_pair1-&lt;lambda&gt;13]" time="0.0017502307891845703"></testcase><testcase classname="src.pymortests.vectorarray" file="src/pymortests/vectorarray.py" line="1028" name="test_axpy_wrong_coefficients[compatible_vector_array_pair1-&lt;lambda&gt;14]" time="0.003581523895263672"></testcase><testcase classname="src.pymortests.vectorarray" file="src/pymortests/vectorarray.py" line="1028" name="test_axpy_wrong_coefficients[compatible_vector_array_pair1-&lt;lambda&gt;15]" time="0.00678563117980957"></testcase><testcase classname="src.pymortests.vectorarray" file="src/pymortests/vectorarray.py" line="1028" name="test_axpy_wrong_coefficients[compatible_vector_array_pair1-&lt;lambda&gt;16]" time="0.005657672882080078"></testcase><testcase classname="src.pymortests.vectorarray" file="src/pymortests/vectorarray.py" line="1028" name="test_axpy_wrong_coefficients[compatible_vector_array_pair1-&lt;lambda&gt;17]" time="0.01040339469909668"></testcase><testcase classname="src.pymortests.vectorarray" file="src/pymortests/vectorarray.py" line="1028" name="test_axpy_wrong_coefficients[compatible_vector_array_pair1-&lt;lambda&gt;18]" time="0.002564668655395508"></testcase><testcase classname="src.pymortests.vectorarray" file="src/pymortests/vectorarray.py" line="1028" name="test_axpy_wrong_coefficients[compatible_vector_array_pair1-&lt;lambda&gt;19]" time="0.002149820327758789"></testcase><testcase classname="src.pymortests.vectorarray" file="src/pymortests/vectorarray.py" line="1028" name="test_axpy_wrong_coefficients[compatible_vector_array_pair1-&lt;lambda&gt;20]" time="0.0275421142578125"></testcase><testcase classname="src.pymortests.vectorarray" file="src/pymortests/vectorarray.py" line="1028" name="test_axpy_wrong_coefficients[compatible_vector_array_pair1-&lt;lambda&gt;21]" time="0.014822006225585938"></testcase><testcase classname="src.pymortests.vectorarray" file="src/pymortests/vectorarray.py" line="1028" name="test_axpy_wrong_coefficients[compatible_vector_array_pair1-&lt;lambda&gt;22]" time="0.04338479042053223"></testcase><testcase classname="src.pymortests.vectorarray" file="src/pymortests/vectorarray.py" line="1028" name="test_axpy_wrong_coefficients[compatible_vector_array_pair1-&lt;lambda&gt;23]" time="0.006660938262939453"></testcase><testcase classname="src.pymortests.vectorarray" file="src/pymortests/vectorarray.py" line="1028" name="test_axpy_wrong_coefficients[compatible_vector_array_pair1-&lt;lambda&gt;24]" time="0.0024263858795166016"></testcase><testcase classname="src.pymortests.vectorarray" file="src/pymortests/vectorarray.py" line="1028" name="test_axpy_wrong_coefficients[compatible_vector_array_pair1-&lt;lambda&gt;25]" time="0.002250194549560547"></testcase><testcase classname="src.pymortests.vectorarray" file="src/pymortests/vectorarray.py" line="1028" name="test_axpy_wrong_coefficients[compatible_vector_array_pair1-&lt;lambda&gt;26]" time="0.023148775100708008"></testcase><testcase classname="src.pymortests.vectorarray" file="src/pymortests/vectorarray.py" line="1028" name="test_axpy_wrong_coefficients[compatible_vector_array_pair1-&lt;lambda&gt;27]" time="0.03175950050354004"></testcase><testcase classname="src.pymortests.vectorarray" file="src/pymortests/vectorarray.py" line="1028" name="test_axpy_wrong_coefficients[compatible_vector_array_pair1-&lt;lambda&gt;28]" time="0.11086893081665039"></testcase><testcase classname="src.pymortests.vectorarray" file="src/pymortests/vectorarray.py" line="1028" name="test_axpy_wrong_coefficients[compatible_vector_array_pair1-&lt;lambda&gt;29]" time="0.007990121841430664"></testcase><testcase classname="src.pymortests.vectorarray" file="src/pymortests/vectorarray.py" line="1028" name="test_axpy_wrong_coefficients[compatible_vector_array_pair2-&lt;lambda&gt;0]" time="0.0024979114532470703"></testcase><testcase classname="src.pymortests.vectorarray" file="src/pymortests/vectorarray.py" line="1028" name="test_axpy_wrong_coefficients[compatible_vector_array_pair2-&lt;lambda&gt;1]" time="0.0013818740844726562"></testcase><testcase classname="src.pymortests.vectorarray" file="src/pymortests/vectorarray.py" line="1028" name="test_axpy_wrong_coefficients[compatible_vector_array_pair2-&lt;lambda&gt;2]" time="0.003008604049682617"></testcase><testcase classname="src.pymortests.vectorarray" file="src/pymortests/vectorarray.py" line="1028" name="test_axpy_wrong_coefficients[compatible_vector_array_pair2-&lt;lambda&gt;3]" time="0.003236532211303711"></testcase><testcase classname="src.pymortests.vectorarray" file="src/pymortests/vectorarray.py" line="1028" name="test_axpy_wrong_coefficients[compatible_vector_array_pair2-&lt;lambda&gt;4]" time="0.005733489990234375"></testcase><testcase classname="src.pymortests.vectorarray" file="src/pymortests/vectorarray.py" line="1028" name="test_axpy_wrong_coefficients[compatible_vector_array_pair2-&lt;lambda&gt;5]" time="0.003804922103881836"></testcase><testcase classname="src.pymortests.vectorarray" file="src/pymortests/vectorarray.py" line="1028" name="test_axpy_wrong_coefficients[compatible_vector_array_pair2-&lt;lambda&gt;6]" time="0.0016756057739257812"></testcase><testcase classname="src.pymortests.vectorarray" file="src/pymortests/vectorarray.py" line="1028" name="test_axpy_wrong_coefficients[compatible_vector_array_pair2-&lt;lambda&gt;7]" time="0.00130462646484375"></testcase><testcase classname="src.pymortests.vectorarray" file="src/pymortests/vectorarray.py" line="1028" name="test_axpy_wrong_coefficients[compatible_vector_array_pair2-&lt;lambda&gt;8]" time="0.003341197967529297"></testcase><testcase classname="src.pymortests.vectorarray" file="src/pymortests/vectorarray.py" line="1028" name="test_axpy_wrong_coefficients[compatible_vector_array_pair2-&lt;lambda&gt;9]" time="0.0037691593170166016"></testcase><testcase classname="src.pymortests.vectorarray" file="src/pymortests/vectorarray.py" line="1028" name="test_axpy_wrong_coefficients[compatible_vector_array_pair2-&lt;lambda&gt;10]" time="0.0072629451751708984"></testcase><testcase classname="src.pymortests.vectorarray" file="src/pymortests/vectorarray.py" line="1028" name="test_axpy_wrong_coefficients[compatible_vector_array_pair2-&lt;lambda&gt;11]" time="0.003895282745361328"></testcase><testcase classname="src.pymortests.vectorarray" file="src/pymortests/vectorarray.py" line="1028" name="test_axpy_wrong_coefficients[compatible_vector_array_pair2-&lt;lambda&gt;12]" time="0.0021522045135498047"></testcase><testcase classname="src.pymortests.vectorarray" file="src/pymortests/vectorarray.py" line="1028" name="test_axpy_wrong_coefficients[compatible_vector_array_pair2-&lt;lambda&gt;13]" time="0.0016632080078125"></testcase><testcase classname="src.pymortests.vectorarray" file="src/pymortests/vectorarray.py" line="1028" name="test_axpy_wrong_coefficients[compatible_vector_array_pair2-&lt;lambda&gt;14]" time="0.0033524036407470703"></testcase><testcase classname="src.pymortests.vectorarray" file="src/pymortests/vectorarray.py" line="1028" name="test_axpy_wrong_coefficients[compatible_vector_array_pair2-&lt;lambda&gt;15]" time="0.004602909088134766"></testcase><testcase classname="src.pymortests.vectorarray" file="src/pymortests/vectorarray.py" line="1028" name="test_axpy_wrong_coefficients[compatible_vector_array_pair2-&lt;lambda&gt;16]" time="0.005567312240600586"></testcase><testcase classname="src.pymortests.vectorarray" file="src/pymortests/vectorarray.py" line="1028" name="test_axpy_wrong_coefficients[compatible_vector_array_pair2-&lt;lambda&gt;17]" time="0.010377168655395508"></testcase><testcase classname="src.pymortests.vectorarray" file="src/pymortests/vectorarray.py" line="1028" name="test_axpy_wrong_coefficients[compatible_vector_array_pair2-&lt;lambda&gt;18]" time="0.002499818801879883"></testcase><testcase classname="src.pymortests.vectorarray" file="src/pymortests/vectorarray.py" line="1028" name="test_axpy_wrong_coefficients[compatible_vector_array_pair2-&lt;lambda&gt;19]" time="0.0021080970764160156"></testcase><testcase classname="src.pymortests.vectorarray" file="src/pymortests/vectorarray.py" line="1028" name="test_axpy_wrong_coefficients[compatible_vector_array_pair2-&lt;lambda&gt;20]" time="0.02702021598815918"></testcase><testcase classname="src.pymortests.vectorarray" file="src/pymortests/vectorarray.py" line="1028" name="test_axpy_wrong_coefficients[compatible_vector_array_pair2-&lt;lambda&gt;21]" time="0.014899015426635742"></testcase><testcase classname="src.pymortests.vectorarray" file="src/pymortests/vectorarray.py" line="1028" name="test_axpy_wrong_coefficients[compatible_vector_array_pair2-&lt;lambda&gt;22]" time="0.04359126091003418"></testcase><testcase classname="src.pymortests.vectorarray" file="src/pymortests/vectorarray.py" line="1028" name="test_axpy_wrong_coefficients[compatible_vector_array_pair2-&lt;lambda&gt;23]" time="0.00638270378112793"></testcase><testcase classname="src.pymortests.vectorarray" file="src/pymortests/vectorarray.py" line="1028" name="test_axpy_wrong_coefficients[compatible_vector_array_pair2-&lt;lambda&gt;24]" time="0.001657724380493164"></testcase><testcase classname="src.pymortests.vectorarray" file="src/pymortests/vectorarray.py" line="1028" name="test_axpy_wrong_coefficients[compatible_vector_array_pair2-&lt;lambda&gt;25]" time="0.0021791458129882812"></testcase><testcase classname="src.pymortests.vectorarray" file="src/pymortests/vectorarray.py" line="1028" name="test_axpy_wrong_coefficients[compatible_vector_array_pair2-&lt;lambda&gt;26]" time="0.02339935302734375"></testcase><testcase classname="src.pymortests.vectorarray" file="src/pymortests/vectorarray.py" line="1028" name="test_axpy_wrong_coefficients[compatible_vector_array_pair2-&lt;lambda&gt;27]" time="0.032036542892456055"></testcase><testcase classname="src.pymortests.vectorarray" file="src/pymortests/vectorarray.py" line="1028" name="test_axpy_wrong_coefficients[compatible_vector_array_pair2-&lt;lambda&gt;28]" time="0.10978007316589355"></testcase><testcase classname="src.pymortests.vectorarray" file="src/pymortests/vectorarray.py" line="1028" name="test_axpy_wrong_coefficients[compatible_vector_array_pair2-&lt;lambda&gt;29]" time="0.008113384246826172"></testcase><testcase classname="src.pymortests.vectorarray" file="src/pymortests/vectorarray.py" line="1028" name="test_axpy_wrong_coefficients[compatible_vector_array_pair3-&lt;lambda&gt;0]" time="0.0023415088653564453"></testcase><testcase classname="src.pymortests.vectorarray" file="src/pymortests/vectorarray.py" line="1028" name="test_axpy_wrong_coefficients[compatible_vector_array_pair3-&lt;lambda&gt;1]" time="0.0013072490692138672"></testcase><testcase classname="src.pymortests.vectorarray" file="src/pymortests/vectorarray.py" line="1028" name="test_axpy_wrong_coefficients[compatible_vector_array_pair3-&lt;lambda&gt;2]" time="0.002933502197265625"></testcase><testcase classname="src.pymortests.vectorarray" file="src/pymortests/vectorarray.py" line="1028" name="test_axpy_wrong_coefficients[compatible_vector_array_pair3-&lt;lambda&gt;3]" time="0.0032148361206054688"></testcase><testcase classname="src.pymortests.vectorarray" file="src/pymortests/vectorarray.py" line="1028" name="test_axpy_wrong_coefficients[compatible_vector_array_pair3-&lt;lambda&gt;4]" time="0.005478620529174805"></testcase><testcase classname="src.pymortests.vectorarray" file="src/pymortests/vectorarray.py" line="1028" name="test_axpy_wrong_coefficients[compatible_vector_array_pair3-&lt;lambda&gt;5]" time="0.0036382675170898438"></testcase><testcase classname="src.pymortests.vectorarray" file="src/pymortests/vectorarray.py" line="1028" name="test_axpy_wrong_coefficients[compatible_vector_array_pair3-&lt;lambda&gt;6]" time="0.0016846656799316406"></testcase><testcase classname="src.pymortests.vectorarray" file="src/pymortests/vectorarray.py" line="1028" name="test_axpy_wrong_coefficients[compatible_vector_array_pair3-&lt;lambda&gt;7]" time="0.001260519027709961"></testcase><testcase classname="src.pymortests.vectorarray" file="src/pymortests/vectorarray.py" line="1028" name="test_axpy_wrong_coefficients[compatible_vector_array_pair3-&lt;lambda&gt;8]" time="0.0033447742462158203"></testcase><testcase classname="src.pymortests.vectorarray" file="src/pymortests/vectorarray.py" line="1028" name="test_axpy_wrong_coefficients[compatible_vector_array_pair3-&lt;lambda&gt;9]" time="0.0038394927978515625"></testcase><testcase classname="src.pymortests.vectorarray" file="src/pymortests/vectorarray.py" line="1028" name="test_axpy_wrong_coefficients[compatible_vector_array_pair3-&lt;lambda&gt;10]" time="0.007320880889892578"></testcase><testcase classname="src.pymortests.vectorarray" file="src/pymortests/vectorarray.py" line="1028" name="test_axpy_wrong_coefficients[compatible_vector_array_pair3-&lt;lambda&gt;11]" time="0.004081010818481445"></testcase><testcase classname="src.pymortests.vectorarray" file="src/pymortests/vectorarray.py" line="1028" name="test_axpy_wrong_coefficients[compatible_vector_array_pair3-&lt;lambda&gt;12]" time="0.0021619796752929688"></testcase><testcase classname="src.pymortests.vectorarray" file="src/pymortests/vectorarray.py" line="1028" name="test_axpy_wrong_coefficients[compatible_vector_array_pair3-&lt;lambda&gt;13]" time="0.0017261505126953125"></testcase><testcase classname="src.pymortests.vectorarray" file="src/pymortests/vectorarray.py" line="1028" name="test_axpy_wrong_coefficients[compatible_vector_array_pair3-&lt;lambda&gt;14]" time="0.0035037994384765625"></testcase><testcase classname="src.pymortests.vectorarray" file="src/pymortests/vectorarray.py" line="1028" name="test_axpy_wrong_coefficients[compatible_vector_array_pair3-&lt;lambda&gt;15]" time="0.004637241363525391"></testcase><testcase classname="src.pymortests.vectorarray" file="src/pymortests/vectorarray.py" line="1028" name="test_axpy_wrong_coefficients[compatible_vector_array_pair3-&lt;lambda&gt;16]" time="0.005558490753173828"></testcase><testcase classname="src.pymortests.vectorarray" file="src/pymortests/vectorarray.py" line="1028" name="test_axpy_wrong_coefficients[compatible_vector_array_pair3-&lt;lambda&gt;17]" time="0.01037144660949707"></testcase><testcase classname="src.pymortests.vectorarray" file="src/pymortests/vectorarray.py" line="1028" name="test_axpy_wrong_coefficients[compatible_vector_array_pair3-&lt;lambda&gt;18]" time="0.002453327178955078"></testcase><testcase classname="src.pymortests.vectorarray" file="src/pymortests/vectorarray.py" line="1028" name="test_axpy_wrong_coefficients[compatible_vector_array_pair3-&lt;lambda&gt;19]" time="0.002240419387817383"></testcase><testcase classname="src.pymortests.vectorarray" file="src/pymortests/vectorarray.py" line="1028" name="test_axpy_wrong_coefficients[compatible_vector_array_pair3-&lt;lambda&gt;20]" time="0.02985095977783203"></testcase><testcase classname="src.pymortests.vectorarray" file="src/pymortests/vectorarray.py" line="1028" name="test_axpy_wrong_coefficients[compatible_vector_array_pair3-&lt;lambda&gt;21]" time="0.015221595764160156"></testcase><testcase classname="src.pymortests.vectorarray" file="src/pymortests/vectorarray.py" line="1028" name="test_axpy_wrong_coefficients[compatible_vector_array_pair3-&lt;lambda&gt;22]" time="0.04342246055603027"></testcase><testcase classname="src.pymortests.vectorarray" file="src/pymortests/vectorarray.py" line="1028" name="test_axpy_wrong_coefficients[compatible_vector_array_pair3-&lt;lambda&gt;23]" time="0.006461143493652344"></testcase><testcase classname="src.pymortests.vectorarray" file="src/pymortests/vectorarray.py" line="1028" name="test_axpy_wrong_coefficients[compatible_vector_array_pair3-&lt;lambda&gt;24]" time="0.00235748291015625"></testcase><testcase classname="src.pymortests.vectorarray" file="src/pymortests/vectorarray.py" line="1028" name="test_axpy_wrong_coefficients[compatible_vector_array_pair3-&lt;lambda&gt;25]" time="0.0021331310272216797"></testcase><testcase classname="src.pymortests.vectorarray" file="src/pymortests/vectorarray.py" line="1028" name="test_axpy_wrong_coefficients[compatible_vector_array_pair3-&lt;lambda&gt;26]" time="0.022775650024414062"></testcase><testcase classname="src.pymortests.vectorarray" file="src/pymortests/vectorarray.py" line="1028" name="test_axpy_wrong_coefficients[compatible_vector_array_pair3-&lt;lambda&gt;27]" time="0.03202486038208008"></testcase><testcase classname="src.pymortests.vectorarray" file="src/pymortests/vectorarray.py" line="1028" name="test_axpy_wrong_coefficients[compatible_vector_array_pair3-&lt;lambda&gt;28]" time="0.11039996147155762"></testcase><testcase classname="src.pymortests.vectorarray" file="src/pymortests/vectorarray.py" line="1028" name="test_axpy_wrong_coefficients[compatible_vector_array_pair3-&lt;lambda&gt;29]" time="0.007753610610961914"></testcase><testcase classname="src.pymortests.vectorarray" file="src/pymortests/vectorarray.py" line="1028" name="test_axpy_wrong_coefficients[compatible_vector_array_pair4-&lt;lambda&gt;0]" time="0.002397298812866211"></testcase><testcase classname="src.pymortests.vectorarray" file="src/pymortests/vectorarray.py" line="1028" name="test_axpy_wrong_coefficients[compatible_vector_array_pair4-&lt;lambda&gt;1]" time="0.0013840198516845703"></testcase><testcase classname="src.pymortests.vectorarray" file="src/pymortests/vectorarray.py" line="1028" name="test_axpy_wrong_coefficients[compatible_vector_array_pair4-&lt;lambda&gt;2]" time="0.0030062198638916016"></testcase><testcase classname="src.pymortests.vectorarray" file="src/pymortests/vectorarray.py" line="1028" name="test_axpy_wrong_coefficients[compatible_vector_array_pair4-&lt;lambda&gt;3]" time="0.003274202346801758"></testcase><testcase classname="src.pymortests.vectorarray" file="src/pymortests/vectorarray.py" line="1028" name="test_axpy_wrong_coefficients[compatible_vector_array_pair4-&lt;lambda&gt;4]" time="0.005597591400146484"></testcase><testcase classname="src.pymortests.vectorarray" file="src/pymortests/vectorarray.py" line="1028" name="test_axpy_wrong_coefficients[compatible_vector_array_pair4-&lt;lambda&gt;5]" time="0.0040454864501953125"></testcase><testcase classname="src.pymortests.vectorarray" file="src/pymortests/vectorarray.py" line="1028" name="test_axpy_wrong_coefficients[compatible_vector_array_pair4-&lt;lambda&gt;6]" time="0.0017132759094238281"></testcase><testcase classname="src.pymortests.vectorarray" file="src/pymortests/vectorarray.py" line="1028" name="test_axpy_wrong_coefficients[compatible_vector_array_pair4-&lt;lambda&gt;7]" time="0.0013306140899658203"></testcase><testcase classname="src.pymortests.vectorarray" file="src/pymortests/vectorarray.py" line="1028" name="test_axpy_wrong_coefficients[compatible_vector_array_pair4-&lt;lambda&gt;8]" time="0.0034720897674560547"></testcase><testcase classname="src.pymortests.vectorarray" file="src/pymortests/vectorarray.py" line="1028" name="test_axpy_wrong_coefficients[compatible_vector_array_pair4-&lt;lambda&gt;9]" time="0.0038089752197265625"></testcase><testcase classname="src.pymortests.vectorarray" file="src/pymortests/vectorarray.py" line="1028" name="test_axpy_wrong_coefficients[compatible_vector_array_pair4-&lt;lambda&gt;10]" time="0.007746219635009766"></testcase><testcase classname="src.pymortests.vectorarray" file="src/pymortests/vectorarray.py" line="1028" name="test_axpy_wrong_coefficients[compatible_vector_array_pair4-&lt;lambda&gt;11]" time="0.003981113433837891"></testcase><testcase classname="src.pymortests.vectorarray" file="src/pymortests/vectorarray.py" line="1028" name="test_axpy_wrong_coefficients[compatible_vector_array_pair4-&lt;lambda&gt;12]" time="0.0020895004272460938"></testcase><testcase classname="src.pymortests.vectorarray" file="src/pymortests/vectorarray.py" line="1028" name="test_axpy_wrong_coefficients[compatible_vector_array_pair4-&lt;lambda&gt;13]" time="0.0016460418701171875"></testcase><testcase classname="src.pymortests.vectorarray" file="src/pymortests/vectorarray.py" line="1028" name="test_axpy_wrong_coefficients[compatible_vector_array_pair4-&lt;lambda&gt;14]" time="0.003437042236328125"></testcase><testcase classname="src.pymortests.vectorarray" file="src/pymortests/vectorarray.py" line="1028" name="test_axpy_wrong_coefficients[compatible_vector_array_pair4-&lt;lambda&gt;15]" time="0.004600048065185547"></testcase><testcase classname="src.pymortests.vectorarray" file="src/pymortests/vectorarray.py" line="1028" name="test_axpy_wrong_coefficients[compatible_vector_array_pair4-&lt;lambda&gt;16]" time="0.0055468082427978516"></testcase><testcase classname="src.pymortests.vectorarray" file="src/pymortests/vectorarray.py" line="1028" name="test_axpy_wrong_coefficients[compatible_vector_array_pair4-&lt;lambda&gt;17]" time="0.010380029678344727"></testcase><testcase classname="src.pymortests.vectorarray" file="src/pymortests/vectorarray.py" line="1028" name="test_axpy_wrong_coefficients[compatible_vector_array_pair4-&lt;lambda&gt;18]" time="0.002447843551635742"></testcase><testcase classname="src.pymortests.vectorarray" file="src/pymortests/vectorarray.py" line="1028" name="test_axpy_wrong_coefficients[compatible_vector_array_pair4-&lt;lambda&gt;19]" time="0.0021178722381591797"></testcase><testcase classname="src.pymortests.vectorarray" file="src/pymortests/vectorarray.py" line="1028" name="test_axpy_wrong_coefficients[compatible_vector_array_pair4-&lt;lambda&gt;20]" time="0.027324914932250977"></testcase><testcase classname="src.pymortests.vectorarray" file="src/pymortests/vectorarray.py" line="1028" name="test_axpy_wrong_coefficients[compatible_vector_array_pair4-&lt;lambda&gt;21]" time="0.015324115753173828"></testcase><testcase classname="src.pymortests.vectorarray" file="src/pymortests/vectorarray.py" line="1028" name="test_axpy_wrong_coefficients[compatible_vector_array_pair4-&lt;lambda&gt;22]" time="0.044469356536865234"></testcase><testcase classname="src.pymortests.vectorarray" file="src/pymortests/vectorarray.py" line="1028" name="test_axpy_wrong_coefficients[compatible_vector_array_pair4-&lt;lambda&gt;23]" time="0.006585597991943359"></testcase><testcase classname="src.pymortests.vectorarray" file="src/pymortests/vectorarray.py" line="1028" name="test_axpy_wrong_coefficients[compatible_vector_array_pair4-&lt;lambda&gt;24]" time="0.0024518966674804688"></testcase><testcase classname="src.pymortests.vectorarray" file="src/pymortests/vectorarray.py" line="1028" name="test_axpy_wrong_coefficients[compatible_vector_array_pair4-&lt;lambda&gt;25]" time="0.002302885055541992"></testcase><testcase classname="src.pymortests.vectorarray" file="src/pymortests/vectorarray.py" line="1028" name="test_axpy_wrong_coefficients[compatible_vector_array_pair4-&lt;lambda&gt;26]" time="0.02341604232788086"></testcase><testcase classname="src.pymortests.vectorarray" file="src/pymortests/vectorarray.py" line="1028" name="test_axpy_wrong_coefficients[compatible_vector_array_pair4-&lt;lambda&gt;27]" time="0.03188896179199219"></testcase><testcase classname="src.pymortests.vectorarray" file="src/pymortests/vectorarray.py" line="1028" name="test_axpy_wrong_coefficients[compatible_vector_array_pair4-&lt;lambda&gt;28]" time="0.11023449897766113"></testcase><testcase classname="src.pymortests.vectorarray" file="src/pymortests/vectorarray.py" line="1028" name="test_axpy_wrong_coefficients[compatible_vector_array_pair4-&lt;lambda&gt;29]" time="0.00787496566772461"></testcase><testcase classname="src.pymortests.vectorarray" file="src/pymortests/vectorarray.py" line="1028" name="test_axpy_wrong_coefficients[compatible_vector_array_pair5-&lt;lambda&gt;0]" time="0.0024785995483398438"></testcase><testcase classname="src.pymortests.vectorarray" file="src/pymortests/vectorarray.py" line="1028" name="test_axpy_wrong_coefficients[compatible_vector_array_pair5-&lt;lambda&gt;1]" time="0.0014309883117675781"></testcase><testcase classname="src.pymortests.vectorarray" file="src/pymortests/vectorarray.py" line="1028" name="test_axpy_wrong_coefficients[compatible_vector_array_pair5-&lt;lambda&gt;2]" time="0.0030426979064941406"></testcase><testcase classname="src.pymortests.vectorarray" file="src/pymortests/vectorarray.py" line="1028" name="test_axpy_wrong_coefficients[compatible_vector_array_pair5-&lt;lambda&gt;3]" time="0.003314495086669922"></testcase><testcase classname="src.pymortests.vectorarray" file="src/pymortests/vectorarray.py" line="1028" name="test_axpy_wrong_coefficients[compatible_vector_array_pair5-&lt;lambda&gt;4]" time="0.005582094192504883"></testcase><testcase classname="src.pymortests.vectorarray" file="src/pymortests/vectorarray.py" line="1028" name="test_axpy_wrong_coefficients[compatible_vector_array_pair5-&lt;lambda&gt;5]" time="0.0037848949432373047"></testcase><testcase classname="src.pymortests.vectorarray" file="src/pymortests/vectorarray.py" line="1028" name="test_axpy_wrong_coefficients[compatible_vector_array_pair5-&lt;lambda&gt;6]" time="0.0016968250274658203"></testcase><testcase classname="src.pymortests.vectorarray" file="src/pymortests/vectorarray.py" line="1028" name="test_axpy_wrong_coefficients[compatible_vector_array_pair5-&lt;lambda&gt;7]" time="0.0012705326080322266"></testcase><testcase classname="src.pymortests.vectorarray" file="src/pymortests/vectorarray.py" line="1028" name="test_axpy_wrong_coefficients[compatible_vector_array_pair5-&lt;lambda&gt;8]" time="0.0033855438232421875"></testcase><testcase classname="src.pymortests.vectorarray" file="src/pymortests/vectorarray.py" line="1028" name="test_axpy_wrong_coefficients[compatible_vector_array_pair5-&lt;lambda&gt;9]" time="0.0037834644317626953"></testcase><testcase classname="src.pymortests.vectorarray" file="src/pymortests/vectorarray.py" line="1028" name="test_axpy_wrong_coefficients[compatible_vector_array_pair5-&lt;lambda&gt;10]" time="0.007750034332275391"></testcase><testcase classname="src.pymortests.vectorarray" file="src/pymortests/vectorarray.py" line="1028" name="test_axpy_wrong_coefficients[compatible_vector_array_pair5-&lt;lambda&gt;11]" time="0.003987312316894531"></testcase><testcase classname="src.pymortests.vectorarray" file="src/pymortests/vectorarray.py" line="1028" name="test_axpy_wrong_coefficients[compatible_vector_array_pair5-&lt;lambda&gt;12]" time="0.002100229263305664"></testcase><testcase classname="src.pymortests.vectorarray" file="src/pymortests/vectorarray.py" line="1028" name="test_axpy_wrong_coefficients[compatible_vector_array_pair5-&lt;lambda&gt;13]" time="0.0016741752624511719"></testcase><testcase classname="src.pymortests.vectorarray" file="src/pymortests/vectorarray.py" line="1028" name="test_axpy_wrong_coefficients[compatible_vector_array_pair5-&lt;lambda&gt;14]" time="0.00345611572265625"></testcase><testcase classname="src.pymortests.vectorarray" file="src/pymortests/vectorarray.py" line="1028" name="test_axpy_wrong_coefficients[compatible_vector_array_pair5-&lt;lambda&gt;15]" time="0.004653453826904297"></testcase><testcase classname="src.pymortests.vectorarray" file="src/pymortests/vectorarray.py" line="1028" name="test_axpy_wrong_coefficients[compatible_vector_array_pair5-&lt;lambda&gt;16]" time="0.0057408809661865234"></testcase><testcase classname="src.pymortests.vectorarray" file="src/pymortests/vectorarray.py" line="1028" name="test_axpy_wrong_coefficients[compatible_vector_array_pair5-&lt;lambda&gt;17]" time="0.010488271713256836"></testcase><testcase classname="src.pymortests.vectorarray" file="src/pymortests/vectorarray.py" line="1028" name="test_axpy_wrong_coefficients[compatible_vector_array_pair5-&lt;lambda&gt;18]" time="0.0025472640991210938"></testcase><testcase classname="src.pymortests.vectorarray" file="src/pymortests/vectorarray.py" line="1028" name="test_axpy_wrong_coefficients[compatible_vector_array_pair5-&lt;lambda&gt;19]" time="0.0021893978118896484"></testcase><testcase classname="src.pymortests.vectorarray" file="src/pymortests/vectorarray.py" line="1028" name="test_axpy_wrong_coefficients[compatible_vector_array_pair5-&lt;lambda&gt;20]" time="0.02817988395690918"></testcase><testcase classname="src.pymortests.vectorarray" file="src/pymortests/vectorarray.py" line="1028" name="test_axpy_wrong_coefficients[compatible_vector_array_pair5-&lt;lambda&gt;21]" time="0.015199899673461914"></testcase><testcase classname="src.pymortests.vectorarray" file="src/pymortests/vectorarray.py" line="1028" name="test_axpy_wrong_coefficients[compatible_vector_array_pair5-&lt;lambda&gt;22]" time="0.04386711120605469"></testcase><testcase classname="src.pymortests.vectorarray" file="src/pymortests/vectorarray.py" line="1028" name="test_axpy_wrong_coefficients[compatible_vector_array_pair5-&lt;lambda&gt;23]" time="0.006627321243286133"></testcase><testcase classname="src.pymortests.vectorarray" file="src/pymortests/vectorarray.py" line="1028" name="test_axpy_wrong_coefficients[compatible_vector_array_pair5-&lt;lambda&gt;24]" time="0.002422809600830078"></testcase><testcase classname="src.pymortests.vectorarray" file="src/pymortests/vectorarray.py" line="1028" name="test_axpy_wrong_coefficients[compatible_vector_array_pair5-&lt;lambda&gt;25]" time="0.0022726058959960938"></testcase><testcase classname="src.pymortests.vectorarray" file="src/pymortests/vectorarray.py" line="1028" name="test_axpy_wrong_coefficients[compatible_vector_array_pair5-&lt;lambda&gt;26]" time="0.02328014373779297"></testcase><testcase classname="src.pymortests.vectorarray" file="src/pymortests/vectorarray.py" line="1028" name="test_axpy_wrong_coefficients[compatible_vector_array_pair5-&lt;lambda&gt;27]" time="0.03182411193847656"></testcase><testcase classname="src.pymortests.vectorarray" file="src/pymortests/vectorarray.py" line="1028" name="test_axpy_wrong_coefficients[compatible_vector_array_pair5-&lt;lambda&gt;28]" time="0.11061596870422363"></testcase><testcase classname="src.pymortests.vectorarray" file="src/pymortests/vectorarray.py" line="1028" name="test_axpy_wrong_coefficients[compatible_vector_array_pair5-&lt;lambda&gt;29]" time="0.007991552352905273"></testcase><testcase classname="src.pymortests.vectorarray" file="src/pymortests/vectorarray.py" line="1028" name="test_axpy_wrong_coefficients[compatible_vector_array_pair6-&lt;lambda&gt;0]" time="0.0024929046630859375"></testcase><testcase classname="src.pymortests.vectorarray" file="src/pymortests/vectorarray.py" line="1028" name="test_axpy_wrong_coefficients[compatible_vector_array_pair6-&lt;lambda&gt;1]" time="0.0013506412506103516"></testcase><testcase classname="src.pymortests.vectorarray" file="src/pymortests/vectorarray.py" line="1028" name="test_axpy_wrong_coefficients[compatible_vector_array_pair6-&lt;lambda&gt;2]" time="0.003004312515258789"></testcase><testcase classname="src.pymortests.vectorarray" file="src/pymortests/vectorarray.py" line="1028" name="test_axpy_wrong_coefficients[compatible_vector_array_pair6-&lt;lambda&gt;3]" time="0.0034055709838867188"></testcase><testcase classname="src.pymortests.vectorarray" file="src/pymortests/vectorarray.py" line="1028" name="test_axpy_wrong_coefficients[compatible_vector_array_pair6-&lt;lambda&gt;4]" time="0.0056726932525634766"></testcase><testcase classname="src.pymortests.vectorarray" file="src/pymortests/vectorarray.py" line="1028" name="test_axpy_wrong_coefficients[compatible_vector_array_pair6-&lt;lambda&gt;5]" time="0.003768444061279297"></testcase><testcase classname="src.pymortests.vectorarray" file="src/pymortests/vectorarray.py" line="1028" name="test_axpy_wrong_coefficients[compatible_vector_array_pair6-&lt;lambda&gt;6]" time="0.0016944408416748047"></testcase><testcase classname="src.pymortests.vectorarray" file="src/pymortests/vectorarray.py" line="1028" name="test_axpy_wrong_coefficients[compatible_vector_array_pair6-&lt;lambda&gt;7]" time="0.001317739486694336"></testcase><testcase classname="src.pymortests.vectorarray" file="src/pymortests/vectorarray.py" line="1028" name="test_axpy_wrong_coefficients[compatible_vector_array_pair6-&lt;lambda&gt;8]" time="0.003391265869140625"></testcase><testcase classname="src.pymortests.vectorarray" file="src/pymortests/vectorarray.py" line="1028" name="test_axpy_wrong_coefficients[compatible_vector_array_pair6-&lt;lambda&gt;9]" time="0.0038056373596191406"></testcase><testcase classname="src.pymortests.vectorarray" file="src/pymortests/vectorarray.py" line="1028" name="test_axpy_wrong_coefficients[compatible_vector_array_pair6-&lt;lambda&gt;10]" time="0.0073320865631103516"></testcase><testcase classname="src.pymortests.vectorarray" file="src/pymortests/vectorarray.py" line="1028" name="test_axpy_wrong_coefficients[compatible_vector_array_pair6-&lt;lambda&gt;11]" time="0.0040781497955322266"></testcase><testcase classname="src.pymortests.vectorarray" file="src/pymortests/vectorarray.py" line="1028" name="test_axpy_wrong_coefficients[compatible_vector_array_pair6-&lt;lambda&gt;12]" time="0.0021665096282958984"></testcase><testcase classname="src.pymortests.vectorarray" file="src/pymortests/vectorarray.py" line="1028" name="test_axpy_wrong_coefficients[compatible_vector_array_pair6-&lt;lambda&gt;13]" time="0.00170135498046875"></testcase><testcase classname="src.pymortests.vectorarray" file="src/pymortests/vectorarray.py" line="1028" name="test_axpy_wrong_coefficients[compatible_vector_array_pair6-&lt;lambda&gt;14]" time="0.003551006317138672"></testcase><testcase classname="src.pymortests.vectorarray" file="src/pymortests/vectorarray.py" line="1028" name="test_axpy_wrong_coefficients[compatible_vector_array_pair6-&lt;lambda&gt;15]" time="0.004786014556884766"></testcase><testcase classname="src.pymortests.vectorarray" file="src/pymortests/vectorarray.py" line="1028" name="test_axpy_wrong_coefficients[compatible_vector_array_pair6-&lt;lambda&gt;16]" time="0.005739927291870117"></testcase><testcase classname="src.pymortests.vectorarray" file="src/pymortests/vectorarray.py" line="1028" name="test_axpy_wrong_coefficients[compatible_vector_array_pair6-&lt;lambda&gt;17]" time="0.010497331619262695"></testcase><testcase classname="src.pymortests.vectorarray" file="src/pymortests/vectorarray.py" line="1028" name="test_axpy_wrong_coefficients[compatible_vector_array_pair6-&lt;lambda&gt;18]" time="0.002619028091430664"></testcase><testcase classname="src.pymortests.vectorarray" file="src/pymortests/vectorarray.py" line="1028" name="test_axpy_wrong_coefficients[compatible_vector_array_pair6-&lt;lambda&gt;19]" time="0.0022230148315429688"></testcase><testcase classname="src.pymortests.vectorarray" file="src/pymortests/vectorarray.py" line="1028" name="test_axpy_wrong_coefficients[compatible_vector_array_pair6-&lt;lambda&gt;20]" time="0.02752065658569336"></testcase><testcase classname="src.pymortests.vectorarray" file="src/pymortests/vectorarray.py" line="1028" name="test_axpy_wrong_coefficients[compatible_vector_array_pair6-&lt;lambda&gt;21]" time="0.014964580535888672"></testcase><testcase classname="src.pymortests.vectorarray" file="src/pymortests/vectorarray.py" line="1028" name="test_axpy_wrong_coefficients[compatible_vector_array_pair6-&lt;lambda&gt;22]" time="0.04335141181945801"></testcase><testcase classname="src.pymortests.vectorarray" file="src/pymortests/vectorarray.py" line="1028" name="test_axpy_wrong_coefficients[compatible_vector_array_pair6-&lt;lambda&gt;23]" time="0.006594419479370117"></testcase><testcase classname="src.pymortests.vectorarray" file="src/pymortests/vectorarray.py" line="1028" name="test_axpy_wrong_coefficients[compatible_vector_array_pair6-&lt;lambda&gt;24]" time="0.002437591552734375"></testcase><testcase classname="src.pymortests.vectorarray" file="src/pymortests/vectorarray.py" line="1028" name="test_axpy_wrong_coefficients[compatible_vector_array_pair6-&lt;lambda&gt;25]" time="0.002277374267578125"></testcase><testcase classname="src.pymortests.vectorarray" file="src/pymortests/vectorarray.py" line="1028" name="test_axpy_wrong_coefficients[compatible_vector_array_pair6-&lt;lambda&gt;26]" time="0.02308058738708496"></testcase><testcase classname="src.pymortests.vectorarray" file="src/pymortests/vectorarray.py" line="1028" name="test_axpy_wrong_coefficients[compatible_vector_array_pair6-&lt;lambda&gt;27]" time="0.03190112113952637"></testcase><testcase classname="src.pymortests.vectorarray" file="src/pymortests/vectorarray.py" line="1028" name="test_axpy_wrong_coefficients[compatible_vector_array_pair6-&lt;lambda&gt;28]" time="0.11093950271606445"></testcase><testcase classname="src.pymortests.vectorarray" file="src/pymortests/vectorarray.py" line="1028" name="test_axpy_wrong_coefficients[compatible_vector_array_pair6-&lt;lambda&gt;29]" time="0.007945775985717773"></testcase><testcase classname="src.pymortests.vectorarray" file="src/pymortests/vectorarray.py" line="1028" name="test_axpy_wrong_coefficients[compatible_vector_array_pair7-&lt;lambda&gt;0]" time="0.002472400665283203"></testcase><testcase classname="src.pymortests.vectorarray" file="src/pymortests/vectorarray.py" line="1028" name="test_axpy_wrong_coefficients[compatible_vector_array_pair7-&lt;lambda&gt;1]" time="0.0014233589172363281"></testcase><testcase classname="src.pymortests.vectorarray" file="src/pymortests/vectorarray.py" line="1028" name="test_axpy_wrong_coefficients[compatible_vector_array_pair7-&lt;lambda&gt;2]" time="0.0030591487884521484"></testcase><testcase classname="src.pymortests.vectorarray" file="src/pymortests/vectorarray.py" line="1028" name="test_axpy_wrong_coefficients[compatible_vector_array_pair7-&lt;lambda&gt;3]" time="0.003404378890991211"></testcase><testcase classname="src.pymortests.vectorarray" file="src/pymortests/vectorarray.py" line="1028" name="test_axpy_wrong_coefficients[compatible_vector_array_pair7-&lt;lambda&gt;4]" time="0.005646467208862305"></testcase><testcase classname="src.pymortests.vectorarray" file="src/pymortests/vectorarray.py" line="1028" name="test_axpy_wrong_coefficients[compatible_vector_array_pair7-&lt;lambda&gt;5]" time="0.003862619400024414"></testcase><testcase classname="src.pymortests.vectorarray" file="src/pymortests/vectorarray.py" line="1028" name="test_axpy_wrong_coefficients[compatible_vector_array_pair7-&lt;lambda&gt;6]" time="0.001734018325805664"></testcase><testcase classname="src.pymortests.vectorarray" file="src/pymortests/vectorarray.py" line="1028" name="test_axpy_wrong_coefficients[compatible_vector_array_pair7-&lt;lambda&gt;7]" time="0.0013070106506347656"></testcase><testcase classname="src.pymortests.vectorarray" file="src/pymortests/vectorarray.py" line="1028" name="test_axpy_wrong_coefficients[compatible_vector_array_pair7-&lt;lambda&gt;8]" time="0.0034406185150146484"></testcase><testcase classname="src.pymortests.vectorarray" file="src/pymortests/vectorarray.py" line="1028" name="test_axpy_wrong_coefficients[compatible_vector_array_pair7-&lt;lambda&gt;9]" time="0.003778219223022461"></testcase><testcase classname="src.pymortests.vectorarray" file="src/pymortests/vectorarray.py" line="1028" name="test_axpy_wrong_coefficients[compatible_vector_array_pair7-&lt;lambda&gt;10]" time="0.0074579715728759766"></testcase><testcase classname="src.pymortests.vectorarray" file="src/pymortests/vectorarray.py" line="1028" name="test_axpy_wrong_coefficients[compatible_vector_array_pair7-&lt;lambda&gt;11]" time="0.004159688949584961"></testcase><testcase classname="src.pymortests.vectorarray" file="src/pymortests/vectorarray.py" line="1028" name="test_axpy_wrong_coefficients[compatible_vector_array_pair7-&lt;lambda&gt;12]" time="0.0020906925201416016"></testcase><testcase classname="src.pymortests.vectorarray" file="src/pymortests/vectorarray.py" line="1028" name="test_axpy_wrong_coefficients[compatible_vector_array_pair7-&lt;lambda&gt;13]" time="0.0016660690307617188"></testcase><testcase classname="src.pymortests.vectorarray" file="src/pymortests/vectorarray.py" line="1028" name="test_axpy_wrong_coefficients[compatible_vector_array_pair7-&lt;lambda&gt;14]" time="0.0034799575805664062"></testcase><testcase classname="src.pymortests.vectorarray" file="src/pymortests/vectorarray.py" line="1028" name="test_axpy_wrong_coefficients[compatible_vector_array_pair7-&lt;lambda&gt;15]" time="0.004705905914306641"></testcase><testcase classname="src.pymortests.vectorarray" file="src/pymortests/vectorarray.py" line="1028" name="test_axpy_wrong_coefficients[compatible_vector_array_pair7-&lt;lambda&gt;16]" time="0.005721092224121094"></testcase><testcase classname="src.pymortests.vectorarray" file="src/pymortests/vectorarray.py" line="1028" name="test_axpy_wrong_coefficients[compatible_vector_array_pair7-&lt;lambda&gt;17]" time="0.010571479797363281"></testcase><testcase classname="src.pymortests.vectorarray" file="src/pymortests/vectorarray.py" line="1028" name="test_axpy_wrong_coefficients[compatible_vector_array_pair7-&lt;lambda&gt;18]" time="0.0026895999908447266"></testcase><testcase classname="src.pymortests.vectorarray" file="src/pymortests/vectorarray.py" line="1028" name="test_axpy_wrong_coefficients[compatible_vector_array_pair7-&lt;lambda&gt;19]" time="0.0021185874938964844"></testcase><testcase classname="src.pymortests.vectorarray" file="src/pymortests/vectorarray.py" line="1028" name="test_axpy_wrong_coefficients[compatible_vector_array_pair7-&lt;lambda&gt;20]" time="0.027684450149536133"></testcase><testcase classname="src.pymortests.vectorarray" file="src/pymortests/vectorarray.py" line="1028" name="test_axpy_wrong_coefficients[compatible_vector_array_pair7-&lt;lambda&gt;21]" time="0.015466690063476562"></testcase><testcase classname="src.pymortests.vectorarray" file="src/pymortests/vectorarray.py" line="1028" name="test_axpy_wrong_coefficients[compatible_vector_array_pair7-&lt;lambda&gt;22]" time="0.04391002655029297"></testcase><testcase classname="src.pymortests.vectorarray" file="src/pymortests/vectorarray.py" line="1028" name="test_axpy_wrong_coefficients[compatible_vector_array_pair7-&lt;lambda&gt;23]" time="0.006785154342651367"></testcase><testcase classname="src.pymortests.vectorarray" file="src/pymortests/vectorarray.py" line="1028" name="test_axpy_wrong_coefficients[compatible_vector_array_pair7-&lt;lambda&gt;24]" time="0.0024232864379882812"></testcase><testcase classname="src.pymortests.vectorarray" file="src/pymortests/vectorarray.py" line="1028" name="test_axpy_wrong_coefficients[compatible_vector_array_pair7-&lt;lambda&gt;25]" time="0.002277374267578125"></testcase><testcase classname="src.pymortests.vectorarray" file="src/pymortests/vectorarray.py" line="1028" name="test_axpy_wrong_coefficients[compatible_vector_array_pair7-&lt;lambda&gt;26]" time="0.023238420486450195"></testcase><testcase classname="src.pymortests.vectorarray" file="src/pymortests/vectorarray.py" line="1028" name="test_axpy_wrong_coefficients[compatible_vector_array_pair7-&lt;lambda&gt;27]" time="0.0318913459777832"></testcase><testcase classname="src.pymortests.vectorarray" file="src/pymortests/vectorarray.py" line="1028" name="test_axpy_wrong_coefficients[compatible_vector_array_pair7-&lt;lambda&gt;28]" time="0.11046838760375977"></testcase><testcase classname="src.pymortests.vectorarray" file="src/pymortests/vectorarray.py" line="1028" name="test_axpy_wrong_coefficients[compatible_vector_array_pair7-&lt;lambda&gt;29]" time="0.008029937744140625"></testcase><testcase classname="src.pymortests.vectorarray" file="src/pymortests/vectorarray.py" line="1028" name="test_axpy_wrong_coefficients[compatible_vector_array_pair8-&lt;lambda&gt;0]" time="0.002483844757080078"></testcase><testcase classname="src.pymortests.vectorarray" file="src/pymortests/vectorarray.py" line="1028" name="test_axpy_wrong_coefficients[compatible_vector_array_pair8-&lt;lambda&gt;1]" time="0.0014772415161132812"></testcase><testcase classname="src.pymortests.vectorarray" file="src/pymortests/vectorarray.py" line="1028" name="test_axpy_wrong_coefficients[compatible_vector_array_pair8-&lt;lambda&gt;2]" time="0.0030307769775390625"></testcase><testcase classname="src.pymortests.vectorarray" file="src/pymortests/vectorarray.py" line="1028" name="test_axpy_wrong_coefficients[compatible_vector_array_pair8-&lt;lambda&gt;3]" time="0.0033168792724609375"></testcase><testcase classname="src.pymortests.vectorarray" file="src/pymortests/vectorarray.py" line="1028" name="test_axpy_wrong_coefficients[compatible_vector_array_pair8-&lt;lambda&gt;4]" time="0.005635738372802734"></testcase><testcase classname="src.pymortests.vectorarray" file="src/pymortests/vectorarray.py" line="1028" name="test_axpy_wrong_coefficients[compatible_vector_array_pair8-&lt;lambda&gt;5]" time="0.0038101673126220703"></testcase><testcase classname="src.pymortests.vectorarray" file="src/pymortests/vectorarray.py" line="1028" name="test_axpy_wrong_coefficients[compatible_vector_array_pair8-&lt;lambda&gt;6]" time="0.0017406940460205078"></testcase><testcase classname="src.pymortests.vectorarray" file="src/pymortests/vectorarray.py" line="1028" name="test_axpy_wrong_coefficients[compatible_vector_array_pair8-&lt;lambda&gt;7]" time="0.0013439655303955078"></testcase><testcase classname="src.pymortests.vectorarray" file="src/pymortests/vectorarray.py" line="1028" name="test_axpy_wrong_coefficients[compatible_vector_array_pair8-&lt;lambda&gt;8]" time="0.003541707992553711"></testcase><testcase classname="src.pymortests.vectorarray" file="src/pymortests/vectorarray.py" line="1028" name="test_axpy_wrong_coefficients[compatible_vector_array_pair8-&lt;lambda&gt;9]" time="0.0038344860076904297"></testcase><testcase classname="src.pymortests.vectorarray" file="src/pymortests/vectorarray.py" line="1028" name="test_axpy_wrong_coefficients[compatible_vector_array_pair8-&lt;lambda&gt;10]" time="0.007796049118041992"></testcase><testcase classname="src.pymortests.vectorarray" file="src/pymortests/vectorarray.py" line="1028" name="test_axpy_wrong_coefficients[compatible_vector_array_pair8-&lt;lambda&gt;11]" time="0.004104137420654297"></testcase><testcase classname="src.pymortests.vectorarray" file="src/pymortests/vectorarray.py" line="1028" name="test_axpy_wrong_coefficients[compatible_vector_array_pair8-&lt;lambda&gt;12]" time="0.002221345901489258"></testcase><testcase classname="src.pymortests.vectorarray" file="src/pymortests/vectorarray.py" line="1028" name="test_axpy_wrong_coefficients[compatible_vector_array_pair8-&lt;lambda&gt;13]" time="0.0017361640930175781"></testcase><testcase classname="src.pymortests.vectorarray" file="src/pymortests/vectorarray.py" line="1028" name="test_axpy_wrong_coefficients[compatible_vector_array_pair8-&lt;lambda&gt;14]" time="0.003487110137939453"></testcase><testcase classname="src.pymortests.vectorarray" file="src/pymortests/vectorarray.py" line="1028" name="test_axpy_wrong_coefficients[compatible_vector_array_pair8-&lt;lambda&gt;15]" time="0.004776954650878906"></testcase><testcase classname="src.pymortests.vectorarray" file="src/pymortests/vectorarray.py" line="1028" name="test_axpy_wrong_coefficients[compatible_vector_array_pair8-&lt;lambda&gt;16]" time="0.005780220031738281"></testcase><testcase classname="src.pymortests.vectorarray" file="src/pymortests/vectorarray.py" line="1028" name="test_axpy_wrong_coefficients[compatible_vector_array_pair8-&lt;lambda&gt;17]" time="0.01064753532409668"></testcase><testcase classname="src.pymortests.vectorarray" file="src/pymortests/vectorarray.py" line="1028" name="test_axpy_wrong_coefficients[compatible_vector_array_pair8-&lt;lambda&gt;18]" time="0.002648591995239258"></testcase><testcase classname="src.pymortests.vectorarray" file="src/pymortests/vectorarray.py" line="1028" name="test_axpy_wrong_coefficients[compatible_vector_array_pair8-&lt;lambda&gt;19]" time="0.0021347999572753906"></testcase><testcase classname="src.pymortests.vectorarray" file="src/pymortests/vectorarray.py" line="1028" name="test_axpy_wrong_coefficients[compatible_vector_array_pair8-&lt;lambda&gt;20]" time="0.027363300323486328"></testcase><testcase classname="src.pymortests.vectorarray" file="src/pymortests/vectorarray.py" line="1028" name="test_axpy_wrong_coefficients[compatible_vector_array_pair8-&lt;lambda&gt;21]" time="0.015040159225463867"></testcase><testcase classname="src.pymortests.vectorarray" file="src/pymortests/vectorarray.py" line="1028" name="test_axpy_wrong_coefficients[compatible_vector_array_pair8-&lt;lambda&gt;22]" time="0.04472088813781738"></testcase><testcase classname="src.pymortests.vectorarray" file="src/pymortests/vectorarray.py" line="1028" name="test_axpy_wrong_coefficients[compatible_vector_array_pair8-&lt;lambda&gt;23]" time="0.006432056427001953"></testcase><testcase classname="src.pymortests.vectorarray" file="src/pymortests/vectorarray.py" line="1028" name="test_axpy_wrong_coefficients[compatible_vector_array_pair8-&lt;lambda&gt;24]" time="0.001672983169555664"></testcase><testcase classname="src.pymortests.vectorarray" file="src/pymortests/vectorarray.py" line="1028" name="test_axpy_wrong_coefficients[compatible_vector_array_pair8-&lt;lambda&gt;25]" time="0.002263784408569336"></testcase><testcase classname="src.pymortests.vectorarray" file="src/pymortests/vectorarray.py" line="1028" name="test_axpy_wrong_coefficients[compatible_vector_array_pair8-&lt;lambda&gt;26]" time="0.023174285888671875"></testcase><testcase classname="src.pymortests.vectorarray" file="src/pymortests/vectorarray.py" line="1028" name="test_axpy_wrong_coefficients[compatible_vector_array_pair8-&lt;lambda&gt;27]" time="0.03183937072753906"></testcase><testcase classname="src.pymortests.vectorarray" file="src/pymortests/vectorarray.py" line="1028" name="test_axpy_wrong_coefficients[compatible_vector_array_pair8-&lt;lambda&gt;28]" time="0.11096978187561035"></testcase><testcase classname="src.pymortests.vectorarray" file="src/pymortests/vectorarray.py" line="1028" name="test_axpy_wrong_coefficients[compatible_vector_array_pair8-&lt;lambda&gt;29]" time="0.008086919784545898"></testcase><testcase classname="src.pymortests.vectorarray" file="src/pymortests/vectorarray.py" line="1039" name="test_pairwise_dot_wrong_ind[compatible_vector_array_pair0-&lt;lambda&gt;0]" time="0.0031702518463134766"></testcase><testcase classname="src.pymortests.vectorarray" file="src/pymortests/vectorarray.py" line="1039" name="test_pairwise_dot_wrong_ind[compatible_vector_array_pair0-&lt;lambda&gt;1]" time="0.002994060516357422"></testcase><testcase classname="src.pymortests.vectorarray" file="src/pymortests/vectorarray.py" line="1039" name="test_pairwise_dot_wrong_ind[compatible_vector_array_pair0-&lt;lambda&gt;2]" time="0.004598855972290039"></testcase><testcase classname="src.pymortests.vectorarray" file="src/pymortests/vectorarray.py" line="1039" name="test_pairwise_dot_wrong_ind[compatible_vector_array_pair0-&lt;lambda&gt;3]" time="0.005339145660400391"></testcase><testcase classname="src.pymortests.vectorarray" file="src/pymortests/vectorarray.py" line="1039" name="test_pairwise_dot_wrong_ind[compatible_vector_array_pair0-&lt;lambda&gt;4]" time="0.006520509719848633"></testcase><testcase classname="src.pymortests.vectorarray" file="src/pymortests/vectorarray.py" line="1039" name="test_pairwise_dot_wrong_ind[compatible_vector_array_pair0-&lt;lambda&gt;5]" time="0.0045702457427978516"></testcase><testcase classname="src.pymortests.vectorarray" file="src/pymortests/vectorarray.py" line="1039" name="test_pairwise_dot_wrong_ind[compatible_vector_array_pair0-&lt;lambda&gt;6]" time="0.0021054744720458984"></testcase><testcase classname="src.pymortests.vectorarray" file="src/pymortests/vectorarray.py" line="1039" name="test_pairwise_dot_wrong_ind[compatible_vector_array_pair0-&lt;lambda&gt;7]" time="0.0028116703033447266"></testcase><testcase classname="src.pymortests.vectorarray" file="src/pymortests/vectorarray.py" line="1039" name="test_pairwise_dot_wrong_ind[compatible_vector_array_pair0-&lt;lambda&gt;8]" time="0.012093067169189453"></testcase><testcase classname="src.pymortests.vectorarray" file="src/pymortests/vectorarray.py" line="1039" name="test_pairwise_dot_wrong_ind[compatible_vector_array_pair0-&lt;lambda&gt;9]" time="0.017484426498413086"></testcase><testcase classname="src.pymortests.vectorarray" file="src/pymortests/vectorarray.py" line="1039" name="test_pairwise_dot_wrong_ind[compatible_vector_array_pair0-&lt;lambda&gt;10]" time="0.055555105209350586"></testcase><testcase classname="src.pymortests.vectorarray" file="src/pymortests/vectorarray.py" line="1039" name="test_pairwise_dot_wrong_ind[compatible_vector_array_pair0-&lt;lambda&gt;11]" time="0.006568431854248047"></testcase><testcase classname="src.pymortests.vectorarray" file="src/pymortests/vectorarray.py" line="1039" name="test_pairwise_dot_wrong_ind[compatible_vector_array_pair0-&lt;lambda&gt;12]" time="0.0030345916748046875"></testcase><testcase classname="src.pymortests.vectorarray" file="src/pymortests/vectorarray.py" line="1039" name="test_pairwise_dot_wrong_ind[compatible_vector_array_pair0-&lt;lambda&gt;13]" time="0.005141258239746094"></testcase><testcase classname="src.pymortests.vectorarray" file="src/pymortests/vectorarray.py" line="1039" name="test_pairwise_dot_wrong_ind[compatible_vector_array_pair0-&lt;lambda&gt;14]" time="0.00632166862487793"></testcase><testcase classname="src.pymortests.vectorarray" file="src/pymortests/vectorarray.py" line="1039" name="test_pairwise_dot_wrong_ind[compatible_vector_array_pair0-&lt;lambda&gt;15]" time="0.008478879928588867"></testcase><testcase classname="src.pymortests.vectorarray" file="src/pymortests/vectorarray.py" line="1039" name="test_pairwise_dot_wrong_ind[compatible_vector_array_pair0-&lt;lambda&gt;16]" time="0.01063990592956543"></testcase><testcase classname="src.pymortests.vectorarray" file="src/pymortests/vectorarray.py" line="1039" name="test_pairwise_dot_wrong_ind[compatible_vector_array_pair0-&lt;lambda&gt;17]" time="0.013172149658203125"></testcase><testcase classname="src.pymortests.vectorarray" file="src/pymortests/vectorarray.py" line="1039" name="test_pairwise_dot_wrong_ind[compatible_vector_array_pair0-&lt;lambda&gt;18]" time="0.0027680397033691406"></testcase><testcase classname="src.pymortests.vectorarray" file="src/pymortests/vectorarray.py" line="1039" name="test_pairwise_dot_wrong_ind[compatible_vector_array_pair0-&lt;lambda&gt;19]" time="0.0035817623138427734"></testcase><testcase classname="src.pymortests.vectorarray" file="src/pymortests/vectorarray.py" line="1039" name="test_pairwise_dot_wrong_ind[compatible_vector_array_pair0-&lt;lambda&gt;20]" time="0.03594970703125"></testcase><testcase classname="src.pymortests.vectorarray" file="src/pymortests/vectorarray.py" line="1039" name="test_pairwise_dot_wrong_ind[compatible_vector_array_pair0-&lt;lambda&gt;21]" time="0.02918267250061035"></testcase><testcase classname="src.pymortests.vectorarray" file="src/pymortests/vectorarray.py" line="1039" name="test_pairwise_dot_wrong_ind[compatible_vector_array_pair0-&lt;lambda&gt;22]" time="0.09023809432983398"></testcase><testcase classname="src.pymortests.vectorarray" file="src/pymortests/vectorarray.py" line="1039" name="test_pairwise_dot_wrong_ind[compatible_vector_array_pair0-&lt;lambda&gt;23]" time="0.0075321197509765625"></testcase><testcase classname="src.pymortests.vectorarray" file="src/pymortests/vectorarray.py" line="1039" name="test_pairwise_dot_wrong_ind[compatible_vector_array_pair0-&lt;lambda&gt;24]" time="0.002882242202758789"></testcase><testcase classname="src.pymortests.vectorarray" file="src/pymortests/vectorarray.py" line="1039" name="test_pairwise_dot_wrong_ind[compatible_vector_array_pair0-&lt;lambda&gt;25]" time="0.0037746429443359375"></testcase><testcase classname="src.pymortests.vectorarray" file="src/pymortests/vectorarray.py" line="1039" name="test_pairwise_dot_wrong_ind[compatible_vector_array_pair0-&lt;lambda&gt;26]" time="0.03152751922607422"></testcase><testcase classname="src.pymortests.vectorarray" file="src/pymortests/vectorarray.py" line="1039" name="test_pairwise_dot_wrong_ind[compatible_vector_array_pair0-&lt;lambda&gt;27]" time="0.04476594924926758"></testcase><testcase classname="src.pymortests.vectorarray" file="src/pymortests/vectorarray.py" line="1039" name="test_pairwise_dot_wrong_ind[compatible_vector_array_pair0-&lt;lambda&gt;28]" time="0.15640544891357422"></testcase><testcase classname="src.pymortests.vectorarray" file="src/pymortests/vectorarray.py" line="1039" name="test_pairwise_dot_wrong_ind[compatible_vector_array_pair0-&lt;lambda&gt;29]" time="0.009427309036254883"></testcase><testcase classname="src.pymortests.vectorarray" file="src/pymortests/vectorarray.py" line="1039" name="test_pairwise_dot_wrong_ind[compatible_vector_array_pair1-&lt;lambda&gt;0]" time="0.002702951431274414"></testcase><testcase classname="src.pymortests.vectorarray" file="src/pymortests/vectorarray.py" line="1039" name="test_pairwise_dot_wrong_ind[compatible_vector_array_pair1-&lt;lambda&gt;1]" time="0.0029468536376953125"></testcase><testcase classname="src.pymortests.vectorarray" file="src/pymortests/vectorarray.py" line="1039" name="test_pairwise_dot_wrong_ind[compatible_vector_array_pair1-&lt;lambda&gt;2]" time="0.004611492156982422"></testcase><testcase classname="src.pymortests.vectorarray" file="src/pymortests/vectorarray.py" line="1039" name="test_pairwise_dot_wrong_ind[compatible_vector_array_pair1-&lt;lambda&gt;3]" time="0.0054318904876708984"></testcase><testcase classname="src.pymortests.vectorarray" file="src/pymortests/vectorarray.py" line="1039" name="test_pairwise_dot_wrong_ind[compatible_vector_array_pair1-&lt;lambda&gt;4]" time="0.006542682647705078"></testcase><testcase classname="src.pymortests.vectorarray" file="src/pymortests/vectorarray.py" line="1039" name="test_pairwise_dot_wrong_ind[compatible_vector_array_pair1-&lt;lambda&gt;5]" time="0.0045430660247802734"></testcase><testcase classname="src.pymortests.vectorarray" file="src/pymortests/vectorarray.py" line="1039" name="test_pairwise_dot_wrong_ind[compatible_vector_array_pair1-&lt;lambda&gt;6]" time="0.002135753631591797"></testcase><testcase classname="src.pymortests.vectorarray" file="src/pymortests/vectorarray.py" line="1039" name="test_pairwise_dot_wrong_ind[compatible_vector_array_pair1-&lt;lambda&gt;7]" time="0.0028848648071289062"></testcase><testcase classname="src.pymortests.vectorarray" file="src/pymortests/vectorarray.py" line="1039" name="test_pairwise_dot_wrong_ind[compatible_vector_array_pair1-&lt;lambda&gt;8]" time="0.012469291687011719"></testcase><testcase classname="src.pymortests.vectorarray" file="src/pymortests/vectorarray.py" line="1039" name="test_pairwise_dot_wrong_ind[compatible_vector_array_pair1-&lt;lambda&gt;9]" time="0.017611026763916016"></testcase><testcase classname="src.pymortests.vectorarray" file="src/pymortests/vectorarray.py" line="1039" name="test_pairwise_dot_wrong_ind[compatible_vector_array_pair1-&lt;lambda&gt;10]" time="0.05554914474487305"></testcase><testcase classname="src.pymortests.vectorarray" file="src/pymortests/vectorarray.py" line="1039" name="test_pairwise_dot_wrong_ind[compatible_vector_array_pair1-&lt;lambda&gt;11]" time="0.006609916687011719"></testcase><testcase classname="src.pymortests.vectorarray" file="src/pymortests/vectorarray.py" line="1039" name="test_pairwise_dot_wrong_ind[compatible_vector_array_pair1-&lt;lambda&gt;12]" time="0.0030546188354492188"></testcase><testcase classname="src.pymortests.vectorarray" file="src/pymortests/vectorarray.py" line="1039" name="test_pairwise_dot_wrong_ind[compatible_vector_array_pair1-&lt;lambda&gt;13]" time="0.005305767059326172"></testcase><testcase classname="src.pymortests.vectorarray" file="src/pymortests/vectorarray.py" line="1039" name="test_pairwise_dot_wrong_ind[compatible_vector_array_pair1-&lt;lambda&gt;14]" time="0.0063762664794921875"></testcase><testcase classname="src.pymortests.vectorarray" file="src/pymortests/vectorarray.py" line="1039" name="test_pairwise_dot_wrong_ind[compatible_vector_array_pair1-&lt;lambda&gt;15]" time="0.008615255355834961"></testcase><testcase classname="src.pymortests.vectorarray" file="src/pymortests/vectorarray.py" line="1039" name="test_pairwise_dot_wrong_ind[compatible_vector_array_pair1-&lt;lambda&gt;16]" time="0.01070094108581543"></testcase><testcase classname="src.pymortests.vectorarray" file="src/pymortests/vectorarray.py" line="1039" name="test_pairwise_dot_wrong_ind[compatible_vector_array_pair1-&lt;lambda&gt;17]" time="0.013349533081054688"></testcase><testcase classname="src.pymortests.vectorarray" file="src/pymortests/vectorarray.py" line="1039" name="test_pairwise_dot_wrong_ind[compatible_vector_array_pair1-&lt;lambda&gt;18]" time="0.002843618392944336"></testcase><testcase classname="src.pymortests.vectorarray" file="src/pymortests/vectorarray.py" line="1039" name="test_pairwise_dot_wrong_ind[compatible_vector_array_pair1-&lt;lambda&gt;19]" time="0.003732442855834961"></testcase><testcase classname="src.pymortests.vectorarray" file="src/pymortests/vectorarray.py" line="1039" name="test_pairwise_dot_wrong_ind[compatible_vector_array_pair1-&lt;lambda&gt;20]" time="0.035660505294799805"></testcase><testcase classname="src.pymortests.vectorarray" file="src/pymortests/vectorarray.py" line="1039" name="test_pairwise_dot_wrong_ind[compatible_vector_array_pair1-&lt;lambda&gt;21]" time="0.0281369686126709"></testcase><testcase classname="src.pymortests.vectorarray" file="src/pymortests/vectorarray.py" line="1039" name="test_pairwise_dot_wrong_ind[compatible_vector_array_pair1-&lt;lambda&gt;22]" time="0.09307074546813965"></testcase><testcase classname="src.pymortests.vectorarray" file="src/pymortests/vectorarray.py" line="1039" name="test_pairwise_dot_wrong_ind[compatible_vector_array_pair1-&lt;lambda&gt;23]" time="0.00789189338684082"></testcase><testcase classname="src.pymortests.vectorarray" file="src/pymortests/vectorarray.py" line="1039" name="test_pairwise_dot_wrong_ind[compatible_vector_array_pair1-&lt;lambda&gt;24]" time="0.0029697418212890625"></testcase><testcase classname="src.pymortests.vectorarray" file="src/pymortests/vectorarray.py" line="1039" name="test_pairwise_dot_wrong_ind[compatible_vector_array_pair1-&lt;lambda&gt;25]" time="0.003908634185791016"></testcase><testcase classname="src.pymortests.vectorarray" file="src/pymortests/vectorarray.py" line="1039" name="test_pairwise_dot_wrong_ind[compatible_vector_array_pair1-&lt;lambda&gt;26]" time="0.03209090232849121"></testcase><testcase classname="src.pymortests.vectorarray" file="src/pymortests/vectorarray.py" line="1039" name="test_pairwise_dot_wrong_ind[compatible_vector_array_pair1-&lt;lambda&gt;27]" time="0.0451047420501709"></testcase><testcase classname="src.pymortests.vectorarray" file="src/pymortests/vectorarray.py" line="1039" name="test_pairwise_dot_wrong_ind[compatible_vector_array_pair1-&lt;lambda&gt;28]" time="0.15673494338989258"></testcase><testcase classname="src.pymortests.vectorarray" file="src/pymortests/vectorarray.py" line="1039" name="test_pairwise_dot_wrong_ind[compatible_vector_array_pair1-&lt;lambda&gt;29]" time="0.009662866592407227"></testcase><testcase classname="src.pymortests.vectorarray" file="src/pymortests/vectorarray.py" line="1039" name="test_pairwise_dot_wrong_ind[compatible_vector_array_pair2-&lt;lambda&gt;0]" time="0.0032379627227783203"></testcase><testcase classname="src.pymortests.vectorarray" file="src/pymortests/vectorarray.py" line="1039" name="test_pairwise_dot_wrong_ind[compatible_vector_array_pair2-&lt;lambda&gt;1]" time="0.002966642379760742"></testcase><testcase classname="src.pymortests.vectorarray" file="src/pymortests/vectorarray.py" line="1039" name="test_pairwise_dot_wrong_ind[compatible_vector_array_pair2-&lt;lambda&gt;2]" time="0.0046234130859375"></testcase><testcase classname="src.pymortests.vectorarray" file="src/pymortests/vectorarray.py" line="1039" name="test_pairwise_dot_wrong_ind[compatible_vector_array_pair2-&lt;lambda&gt;3]" time="0.005496025085449219"></testcase><testcase classname="src.pymortests.vectorarray" file="src/pymortests/vectorarray.py" line="1039" name="test_pairwise_dot_wrong_ind[compatible_vector_array_pair2-&lt;lambda&gt;4]" time="0.006646633148193359"></testcase><testcase classname="src.pymortests.vectorarray" file="src/pymortests/vectorarray.py" line="1039" name="test_pairwise_dot_wrong_ind[compatible_vector_array_pair2-&lt;lambda&gt;5]" time="0.004521846771240234"></testcase><testcase classname="src.pymortests.vectorarray" file="src/pymortests/vectorarray.py" line="1039" name="test_pairwise_dot_wrong_ind[compatible_vector_array_pair2-&lt;lambda&gt;6]" time="0.0020694732666015625"></testcase><testcase classname="src.pymortests.vectorarray" file="src/pymortests/vectorarray.py" line="1039" name="test_pairwise_dot_wrong_ind[compatible_vector_array_pair2-&lt;lambda&gt;7]" time="0.002844095230102539"></testcase><testcase classname="src.pymortests.vectorarray" file="src/pymortests/vectorarray.py" line="1039" name="test_pairwise_dot_wrong_ind[compatible_vector_array_pair2-&lt;lambda&gt;8]" time="0.012480735778808594"></testcase><testcase classname="src.pymortests.vectorarray" file="src/pymortests/vectorarray.py" line="1039" name="test_pairwise_dot_wrong_ind[compatible_vector_array_pair2-&lt;lambda&gt;9]" time="0.018594980239868164"></testcase><testcase classname="src.pymortests.vectorarray" file="src/pymortests/vectorarray.py" line="1039" name="test_pairwise_dot_wrong_ind[compatible_vector_array_pair2-&lt;lambda&gt;10]" time="0.055349111557006836"></testcase><testcase classname="src.pymortests.vectorarray" file="src/pymortests/vectorarray.py" line="1039" name="test_pairwise_dot_wrong_ind[compatible_vector_array_pair2-&lt;lambda&gt;11]" time="0.0064013004302978516"></testcase><testcase classname="src.pymortests.vectorarray" file="src/pymortests/vectorarray.py" line="1039" name="test_pairwise_dot_wrong_ind[compatible_vector_array_pair2-&lt;lambda&gt;12]" time="0.003210306167602539"></testcase><testcase classname="src.pymortests.vectorarray" file="src/pymortests/vectorarray.py" line="1039" name="test_pairwise_dot_wrong_ind[compatible_vector_array_pair2-&lt;lambda&gt;13]" time="0.005156278610229492"></testcase><testcase classname="src.pymortests.vectorarray" file="src/pymortests/vectorarray.py" line="1039" name="test_pairwise_dot_wrong_ind[compatible_vector_array_pair2-&lt;lambda&gt;14]" time="0.006322622299194336"></testcase><testcase classname="src.pymortests.vectorarray" file="src/pymortests/vectorarray.py" line="1039" name="test_pairwise_dot_wrong_ind[compatible_vector_array_pair2-&lt;lambda&gt;15]" time="0.008577108383178711"></testcase><testcase classname="src.pymortests.vectorarray" file="src/pymortests/vectorarray.py" line="1039" name="test_pairwise_dot_wrong_ind[compatible_vector_array_pair2-&lt;lambda&gt;16]" time="0.010759592056274414"></testcase><testcase classname="src.pymortests.vectorarray" file="src/pymortests/vectorarray.py" line="1039" name="test_pairwise_dot_wrong_ind[compatible_vector_array_pair2-&lt;lambda&gt;17]" time="0.013314962387084961"></testcase><testcase classname="src.pymortests.vectorarray" file="src/pymortests/vectorarray.py" line="1039" name="test_pairwise_dot_wrong_ind[compatible_vector_array_pair2-&lt;lambda&gt;18]" time="0.0027854442596435547"></testcase><testcase classname="src.pymortests.vectorarray" file="src/pymortests/vectorarray.py" line="1039" name="test_pairwise_dot_wrong_ind[compatible_vector_array_pair2-&lt;lambda&gt;19]" time="0.0035858154296875"></testcase><testcase classname="src.pymortests.vectorarray" file="src/pymortests/vectorarray.py" line="1039" name="test_pairwise_dot_wrong_ind[compatible_vector_array_pair2-&lt;lambda&gt;20]" time="0.03570747375488281"></testcase><testcase classname="src.pymortests.vectorarray" file="src/pymortests/vectorarray.py" line="1039" name="test_pairwise_dot_wrong_ind[compatible_vector_array_pair2-&lt;lambda&gt;21]" time="0.02839207649230957"></testcase><testcase classname="src.pymortests.vectorarray" file="src/pymortests/vectorarray.py" line="1039" name="test_pairwise_dot_wrong_ind[compatible_vector_array_pair2-&lt;lambda&gt;22]" time="0.09042096138000488"></testcase><testcase classname="src.pymortests.vectorarray" file="src/pymortests/vectorarray.py" line="1039" name="test_pairwise_dot_wrong_ind[compatible_vector_array_pair2-&lt;lambda&gt;23]" time="0.007750749588012695"></testcase><testcase classname="src.pymortests.vectorarray" file="src/pymortests/vectorarray.py" line="1039" name="test_pairwise_dot_wrong_ind[compatible_vector_array_pair2-&lt;lambda&gt;24]" time="0.002941131591796875"></testcase><testcase classname="src.pymortests.vectorarray" file="src/pymortests/vectorarray.py" line="1039" name="test_pairwise_dot_wrong_ind[compatible_vector_array_pair2-&lt;lambda&gt;25]" time="0.003794431686401367"></testcase><testcase classname="src.pymortests.vectorarray" file="src/pymortests/vectorarray.py" line="1039" name="test_pairwise_dot_wrong_ind[compatible_vector_array_pair2-&lt;lambda&gt;26]" time="0.031616926193237305"></testcase><testcase classname="src.pymortests.vectorarray" file="src/pymortests/vectorarray.py" line="1039" name="test_pairwise_dot_wrong_ind[compatible_vector_array_pair2-&lt;lambda&gt;27]" time="0.045235395431518555"></testcase><testcase classname="src.pymortests.vectorarray" file="src/pymortests/vectorarray.py" line="1039" name="test_pairwise_dot_wrong_ind[compatible_vector_array_pair2-&lt;lambda&gt;28]" time="0.15625596046447754"></testcase><testcase classname="src.pymortests.vectorarray" file="src/pymortests/vectorarray.py" line="1039" name="test_pairwise_dot_wrong_ind[compatible_vector_array_pair2-&lt;lambda&gt;29]" time="0.009324073791503906"></testcase><testcase classname="src.pymortests.vectorarray" file="src/pymortests/vectorarray.py" line="1039" name="test_pairwise_dot_wrong_ind[compatible_vector_array_pair3-&lt;lambda&gt;0]" time="0.003144502639770508"></testcase><testcase classname="src.pymortests.vectorarray" file="src/pymortests/vectorarray.py" line="1039" name="test_pairwise_dot_wrong_ind[compatible_vector_array_pair3-&lt;lambda&gt;1]" time="0.0029265880584716797"></testcase><testcase classname="src.pymortests.vectorarray" file="src/pymortests/vectorarray.py" line="1039" name="test_pairwise_dot_wrong_ind[compatible_vector_array_pair3-&lt;lambda&gt;2]" time="0.004581451416015625"></testcase><testcase classname="src.pymortests.vectorarray" file="src/pymortests/vectorarray.py" line="1039" name="test_pairwise_dot_wrong_ind[compatible_vector_array_pair3-&lt;lambda&gt;3]" time="0.005342960357666016"></testcase><testcase classname="src.pymortests.vectorarray" file="src/pymortests/vectorarray.py" line="1039" name="test_pairwise_dot_wrong_ind[compatible_vector_array_pair3-&lt;lambda&gt;4]" time="0.0065059661865234375"></testcase><testcase classname="src.pymortests.vectorarray" file="src/pymortests/vectorarray.py" line="1039" name="test_pairwise_dot_wrong_ind[compatible_vector_array_pair3-&lt;lambda&gt;5]" time="0.004558563232421875"></testcase><testcase classname="src.pymortests.vectorarray" file="src/pymortests/vectorarray.py" line="1039" name="test_pairwise_dot_wrong_ind[compatible_vector_array_pair3-&lt;lambda&gt;6]" time="0.0022058486938476562"></testcase><testcase classname="src.pymortests.vectorarray" file="src/pymortests/vectorarray.py" line="1039" name="test_pairwise_dot_wrong_ind[compatible_vector_array_pair3-&lt;lambda&gt;7]" time="0.0027892589569091797"></testcase><testcase classname="src.pymortests.vectorarray" file="src/pymortests/vectorarray.py" line="1039" name="test_pairwise_dot_wrong_ind[compatible_vector_array_pair3-&lt;lambda&gt;8]" time="0.01210784912109375"></testcase><testcase classname="src.pymortests.vectorarray" file="src/pymortests/vectorarray.py" line="1039" name="test_pairwise_dot_wrong_ind[compatible_vector_array_pair3-&lt;lambda&gt;9]" time="0.017436504364013672"></testcase><testcase classname="src.pymortests.vectorarray" file="src/pymortests/vectorarray.py" line="1039" name="test_pairwise_dot_wrong_ind[compatible_vector_array_pair3-&lt;lambda&gt;10]" time="0.0554354190826416"></testcase><testcase classname="src.pymortests.vectorarray" file="src/pymortests/vectorarray.py" line="1039" name="test_pairwise_dot_wrong_ind[compatible_vector_array_pair3-&lt;lambda&gt;11]" time="0.0065271854400634766"></testcase><testcase classname="src.pymortests.vectorarray" file="src/pymortests/vectorarray.py" line="1039" name="test_pairwise_dot_wrong_ind[compatible_vector_array_pair3-&lt;lambda&gt;12]" time="0.003089427947998047"></testcase><testcase classname="src.pymortests.vectorarray" file="src/pymortests/vectorarray.py" line="1039" name="test_pairwise_dot_wrong_ind[compatible_vector_array_pair3-&lt;lambda&gt;13]" time="0.00528264045715332"></testcase><testcase classname="src.pymortests.vectorarray" file="src/pymortests/vectorarray.py" line="1039" name="test_pairwise_dot_wrong_ind[compatible_vector_array_pair3-&lt;lambda&gt;14]" time="0.006433725357055664"></testcase><testcase classname="src.pymortests.vectorarray" file="src/pymortests/vectorarray.py" line="1039" name="test_pairwise_dot_wrong_ind[compatible_vector_array_pair3-&lt;lambda&gt;15]" time="0.008741617202758789"></testcase><testcase classname="src.pymortests.vectorarray" file="src/pymortests/vectorarray.py" line="1039" name="test_pairwise_dot_wrong_ind[compatible_vector_array_pair3-&lt;lambda&gt;16]" time="0.01089620590209961"></testcase><testcase classname="src.pymortests.vectorarray" file="src/pymortests/vectorarray.py" line="1039" name="test_pairwise_dot_wrong_ind[compatible_vector_array_pair3-&lt;lambda&gt;17]" time="0.013405799865722656"></testcase><testcase classname="src.pymortests.vectorarray" file="src/pymortests/vectorarray.py" line="1039" name="test_pairwise_dot_wrong_ind[compatible_vector_array_pair3-&lt;lambda&gt;18]" time="0.0027976036071777344"></testcase><testcase classname="src.pymortests.vectorarray" file="src/pymortests/vectorarray.py" line="1039" name="test_pairwise_dot_wrong_ind[compatible_vector_array_pair3-&lt;lambda&gt;19]" time="0.0035572052001953125"></testcase><testcase classname="src.pymortests.vectorarray" file="src/pymortests/vectorarray.py" line="1039" name="test_pairwise_dot_wrong_ind[compatible_vector_array_pair3-&lt;lambda&gt;20]" time="0.03606367111206055"></testcase><testcase classname="src.pymortests.vectorarray" file="src/pymortests/vectorarray.py" line="1039" name="test_pairwise_dot_wrong_ind[compatible_vector_array_pair3-&lt;lambda&gt;21]" time="0.02814006805419922"></testcase><testcase classname="src.pymortests.vectorarray" file="src/pymortests/vectorarray.py" line="1039" name="test_pairwise_dot_wrong_ind[compatible_vector_array_pair3-&lt;lambda&gt;22]" time="0.09114885330200195"></testcase><testcase classname="src.pymortests.vectorarray" file="src/pymortests/vectorarray.py" line="1039" name="test_pairwise_dot_wrong_ind[compatible_vector_array_pair3-&lt;lambda&gt;23]" time="0.007769584655761719"></testcase><testcase classname="src.pymortests.vectorarray" file="src/pymortests/vectorarray.py" line="1039" name="test_pairwise_dot_wrong_ind[compatible_vector_array_pair3-&lt;lambda&gt;24]" time="0.0029981136322021484"></testcase><testcase classname="src.pymortests.vectorarray" file="src/pymortests/vectorarray.py" line="1039" name="test_pairwise_dot_wrong_ind[compatible_vector_array_pair3-&lt;lambda&gt;25]" time="0.0038433074951171875"></testcase><testcase classname="src.pymortests.vectorarray" file="src/pymortests/vectorarray.py" line="1039" name="test_pairwise_dot_wrong_ind[compatible_vector_array_pair3-&lt;lambda&gt;26]" time="0.03164386749267578"></testcase><testcase classname="src.pymortests.vectorarray" file="src/pymortests/vectorarray.py" line="1039" name="test_pairwise_dot_wrong_ind[compatible_vector_array_pair3-&lt;lambda&gt;27]" time="0.04472851753234863"></testcase><testcase classname="src.pymortests.vectorarray" file="src/pymortests/vectorarray.py" line="1039" name="test_pairwise_dot_wrong_ind[compatible_vector_array_pair3-&lt;lambda&gt;28]" time="0.15646576881408691"></testcase><testcase classname="src.pymortests.vectorarray" file="src/pymortests/vectorarray.py" line="1039" name="test_pairwise_dot_wrong_ind[compatible_vector_array_pair3-&lt;lambda&gt;29]" time="0.009301900863647461"></testcase><testcase classname="src.pymortests.vectorarray" file="src/pymortests/vectorarray.py" line="1039" name="test_pairwise_dot_wrong_ind[compatible_vector_array_pair4-&lt;lambda&gt;0]" time="0.003212451934814453"></testcase><testcase classname="src.pymortests.vectorarray" file="src/pymortests/vectorarray.py" line="1039" name="test_pairwise_dot_wrong_ind[compatible_vector_array_pair4-&lt;lambda&gt;1]" time="0.002986431121826172"></testcase><testcase classname="src.pymortests.vectorarray" file="src/pymortests/vectorarray.py" line="1039" name="test_pairwise_dot_wrong_ind[compatible_vector_array_pair4-&lt;lambda&gt;2]" time="0.004549264907836914"></testcase><testcase classname="src.pymortests.vectorarray" file="src/pymortests/vectorarray.py" line="1039" name="test_pairwise_dot_wrong_ind[compatible_vector_array_pair4-&lt;lambda&gt;3]" time="0.005339860916137695"></testcase><testcase classname="src.pymortests.vectorarray" file="src/pymortests/vectorarray.py" line="1039" name="test_pairwise_dot_wrong_ind[compatible_vector_array_pair4-&lt;lambda&gt;4]" time="0.006662607192993164"></testcase><testcase classname="src.pymortests.vectorarray" file="src/pymortests/vectorarray.py" line="1039" name="test_pairwise_dot_wrong_ind[compatible_vector_array_pair4-&lt;lambda&gt;5]" time="0.0046999454498291016"></testcase><testcase classname="src.pymortests.vectorarray" file="src/pymortests/vectorarray.py" line="1039" name="test_pairwise_dot_wrong_ind[compatible_vector_array_pair4-&lt;lambda&gt;6]" time="0.0020830631256103516"></testcase><testcase classname="src.pymortests.vectorarray" file="src/pymortests/vectorarray.py" line="1039" name="test_pairwise_dot_wrong_ind[compatible_vector_array_pair4-&lt;lambda&gt;7]" time="0.0028634071350097656"></testcase><testcase classname="src.pymortests.vectorarray" file="src/pymortests/vectorarray.py" line="1039" name="test_pairwise_dot_wrong_ind[compatible_vector_array_pair4-&lt;lambda&gt;8]" time="0.012239217758178711"></testcase><testcase classname="src.pymortests.vectorarray" file="src/pymortests/vectorarray.py" line="1039" name="test_pairwise_dot_wrong_ind[compatible_vector_array_pair4-&lt;lambda&gt;9]" time="0.018886327743530273"></testcase><testcase classname="src.pymortests.vectorarray" file="src/pymortests/vectorarray.py" line="1039" name="test_pairwise_dot_wrong_ind[compatible_vector_array_pair4-&lt;lambda&gt;10]" time="0.05622220039367676"></testcase><testcase classname="src.pymortests.vectorarray" file="src/pymortests/vectorarray.py" line="1039" name="test_pairwise_dot_wrong_ind[compatible_vector_array_pair4-&lt;lambda&gt;11]" time="0.007121562957763672"></testcase><testcase classname="src.pymortests.vectorarray" file="src/pymortests/vectorarray.py" line="1039" name="test_pairwise_dot_wrong_ind[compatible_vector_array_pair4-&lt;lambda&gt;12]" time="0.0031960010528564453"></testcase><testcase classname="src.pymortests.vectorarray" file="src/pymortests/vectorarray.py" line="1039" name="test_pairwise_dot_wrong_ind[compatible_vector_array_pair4-&lt;lambda&gt;13]" time="0.006865978240966797"></testcase><testcase classname="src.pymortests.vectorarray" file="src/pymortests/vectorarray.py" line="1039" name="test_pairwise_dot_wrong_ind[compatible_vector_array_pair4-&lt;lambda&gt;14]" time="0.006578683853149414"></testcase><testcase classname="src.pymortests.vectorarray" file="src/pymortests/vectorarray.py" line="1039" name="test_pairwise_dot_wrong_ind[compatible_vector_array_pair4-&lt;lambda&gt;15]" time="0.008643865585327148"></testcase><testcase classname="src.pymortests.vectorarray" file="src/pymortests/vectorarray.py" line="1039" name="test_pairwise_dot_wrong_ind[compatible_vector_array_pair4-&lt;lambda&gt;16]" time="0.010677337646484375"></testcase><testcase classname="src.pymortests.vectorarray" file="src/pymortests/vectorarray.py" line="1039" name="test_pairwise_dot_wrong_ind[compatible_vector_array_pair4-&lt;lambda&gt;17]" time="0.01339268684387207"></testcase><testcase classname="src.pymortests.vectorarray" file="src/pymortests/vectorarray.py" line="1039" name="test_pairwise_dot_wrong_ind[compatible_vector_array_pair4-&lt;lambda&gt;18]" time="0.0035550594329833984"></testcase><testcase classname="src.pymortests.vectorarray" file="src/pymortests/vectorarray.py" line="1039" name="test_pairwise_dot_wrong_ind[compatible_vector_array_pair4-&lt;lambda&gt;19]" time="0.0036323070526123047"></testcase><testcase classname="src.pymortests.vectorarray" file="src/pymortests/vectorarray.py" line="1039" name="test_pairwise_dot_wrong_ind[compatible_vector_array_pair4-&lt;lambda&gt;20]" time="0.03686952590942383"></testcase><testcase classname="src.pymortests.vectorarray" file="src/pymortests/vectorarray.py" line="1039" name="test_pairwise_dot_wrong_ind[compatible_vector_array_pair4-&lt;lambda&gt;21]" time="0.028004884719848633"></testcase><testcase classname="src.pymortests.vectorarray" file="src/pymortests/vectorarray.py" line="1039" name="test_pairwise_dot_wrong_ind[compatible_vector_array_pair4-&lt;lambda&gt;22]" time="0.09064888954162598"></testcase><testcase classname="src.pymortests.vectorarray" file="src/pymortests/vectorarray.py" line="1039" name="test_pairwise_dot_wrong_ind[compatible_vector_array_pair4-&lt;lambda&gt;23]" time="0.007790327072143555"></testcase><testcase classname="src.pymortests.vectorarray" file="src/pymortests/vectorarray.py" line="1039" name="test_pairwise_dot_wrong_ind[compatible_vector_array_pair4-&lt;lambda&gt;24]" time="0.0028548240661621094"></testcase><testcase classname="src.pymortests.vectorarray" file="src/pymortests/vectorarray.py" line="1039" name="test_pairwise_dot_wrong_ind[compatible_vector_array_pair4-&lt;lambda&gt;25]" time="0.005758047103881836"></testcase><testcase classname="src.pymortests.vectorarray" file="src/pymortests/vectorarray.py" line="1039" name="test_pairwise_dot_wrong_ind[compatible_vector_array_pair4-&lt;lambda&gt;26]" time="0.03177356719970703"></testcase><testcase classname="src.pymortests.vectorarray" file="src/pymortests/vectorarray.py" line="1039" name="test_pairwise_dot_wrong_ind[compatible_vector_array_pair4-&lt;lambda&gt;27]" time="0.04473137855529785"></testcase><testcase classname="src.pymortests.vectorarray" file="src/pymortests/vectorarray.py" line="1039" name="test_pairwise_dot_wrong_ind[compatible_vector_array_pair4-&lt;lambda&gt;28]" time="0.1581099033355713"></testcase><testcase classname="src.pymortests.vectorarray" file="src/pymortests/vectorarray.py" line="1039" name="test_pairwise_dot_wrong_ind[compatible_vector_array_pair4-&lt;lambda&gt;29]" time="0.009142637252807617"></testcase><testcase classname="src.pymortests.vectorarray" file="src/pymortests/vectorarray.py" line="1039" name="test_pairwise_dot_wrong_ind[compatible_vector_array_pair5-&lt;lambda&gt;0]" time="0.0031304359436035156"></testcase><testcase classname="src.pymortests.vectorarray" file="src/pymortests/vectorarray.py" line="1039" name="test_pairwise_dot_wrong_ind[compatible_vector_array_pair5-&lt;lambda&gt;1]" time="0.002807140350341797"></testcase><testcase classname="src.pymortests.vectorarray" file="src/pymortests/vectorarray.py" line="1039" name="test_pairwise_dot_wrong_ind[compatible_vector_array_pair5-&lt;lambda&gt;2]" time="0.0044939517974853516"></testcase><testcase classname="src.pymortests.vectorarray" file="src/pymortests/vectorarray.py" line="1039" name="test_pairwise_dot_wrong_ind[compatible_vector_array_pair5-&lt;lambda&gt;3]" time="0.00554203987121582"></testcase><testcase classname="src.pymortests.vectorarray" file="src/pymortests/vectorarray.py" line="1039" name="test_pairwise_dot_wrong_ind[compatible_vector_array_pair5-&lt;lambda&gt;4]" time="0.006988048553466797"></testcase><testcase classname="src.pymortests.vectorarray" file="src/pymortests/vectorarray.py" line="1039" name="test_pairwise_dot_wrong_ind[compatible_vector_array_pair5-&lt;lambda&gt;5]" time="0.004784107208251953"></testcase><testcase classname="src.pymortests.vectorarray" file="src/pymortests/vectorarray.py" line="1039" name="test_pairwise_dot_wrong_ind[compatible_vector_array_pair5-&lt;lambda&gt;6]" time="0.002074003219604492"></testcase><testcase classname="src.pymortests.vectorarray" file="src/pymortests/vectorarray.py" line="1039" name="test_pairwise_dot_wrong_ind[compatible_vector_array_pair5-&lt;lambda&gt;7]" time="0.0030889511108398438"></testcase><testcase classname="src.pymortests.vectorarray" file="src/pymortests/vectorarray.py" line="1039" name="test_pairwise_dot_wrong_ind[compatible_vector_array_pair5-&lt;lambda&gt;8]" time="0.01242828369140625"></testcase><testcase classname="src.pymortests.vectorarray" file="src/pymortests/vectorarray.py" line="1039" name="test_pairwise_dot_wrong_ind[compatible_vector_array_pair5-&lt;lambda&gt;9]" time="0.019221067428588867"></testcase><testcase classname="src.pymortests.vectorarray" file="src/pymortests/vectorarray.py" line="1039" name="test_pairwise_dot_wrong_ind[compatible_vector_array_pair5-&lt;lambda&gt;10]" time="0.056325435638427734"></testcase><testcase classname="src.pymortests.vectorarray" file="src/pymortests/vectorarray.py" line="1039" name="test_pairwise_dot_wrong_ind[compatible_vector_array_pair5-&lt;lambda&gt;11]" time="0.006466865539550781"></testcase><testcase classname="src.pymortests.vectorarray" file="src/pymortests/vectorarray.py" line="1039" name="test_pairwise_dot_wrong_ind[compatible_vector_array_pair5-&lt;lambda&gt;12]" time="0.0031385421752929688"></testcase><testcase classname="src.pymortests.vectorarray" file="src/pymortests/vectorarray.py" line="1039" name="test_pairwise_dot_wrong_ind[compatible_vector_array_pair5-&lt;lambda&gt;13]" time="0.0051729679107666016"></testcase><testcase classname="src.pymortests.vectorarray" file="src/pymortests/vectorarray.py" line="1039" name="test_pairwise_dot_wrong_ind[compatible_vector_array_pair5-&lt;lambda&gt;14]" time="0.006349802017211914"></testcase><testcase classname="src.pymortests.vectorarray" file="src/pymortests/vectorarray.py" line="1039" name="test_pairwise_dot_wrong_ind[compatible_vector_array_pair5-&lt;lambda&gt;15]" time="0.008865594863891602"></testcase><testcase classname="src.pymortests.vectorarray" file="src/pymortests/vectorarray.py" line="1039" name="test_pairwise_dot_wrong_ind[compatible_vector_array_pair5-&lt;lambda&gt;16]" time="0.011940240859985352"></testcase><testcase classname="src.pymortests.vectorarray" file="src/pymortests/vectorarray.py" line="1039" name="test_pairwise_dot_wrong_ind[compatible_vector_array_pair5-&lt;lambda&gt;17]" time="0.01400899887084961"></testcase><testcase classname="src.pymortests.vectorarray" file="src/pymortests/vectorarray.py" line="1039" name="test_pairwise_dot_wrong_ind[compatible_vector_array_pair5-&lt;lambda&gt;18]" time="0.0027306079864501953"></testcase><testcase classname="src.pymortests.vectorarray" file="src/pymortests/vectorarray.py" line="1039" name="test_pairwise_dot_wrong_ind[compatible_vector_array_pair5-&lt;lambda&gt;19]" time="0.004050016403198242"></testcase><testcase classname="src.pymortests.vectorarray" file="src/pymortests/vectorarray.py" line="1039" name="test_pairwise_dot_wrong_ind[compatible_vector_array_pair5-&lt;lambda&gt;20]" time="0.03666043281555176"></testcase><testcase classname="src.pymortests.vectorarray" file="src/pymortests/vectorarray.py" line="1039" name="test_pairwise_dot_wrong_ind[compatible_vector_array_pair5-&lt;lambda&gt;21]" time="0.02834296226501465"></testcase><testcase classname="src.pymortests.vectorarray" file="src/pymortests/vectorarray.py" line="1039" name="test_pairwise_dot_wrong_ind[compatible_vector_array_pair5-&lt;lambda&gt;22]" time="0.09151792526245117"></testcase><testcase classname="src.pymortests.vectorarray" file="src/pymortests/vectorarray.py" line="1039" name="test_pairwise_dot_wrong_ind[compatible_vector_array_pair5-&lt;lambda&gt;23]" time="0.007915735244750977"></testcase><testcase classname="src.pymortests.vectorarray" file="src/pymortests/vectorarray.py" line="1039" name="test_pairwise_dot_wrong_ind[compatible_vector_array_pair5-&lt;lambda&gt;24]" time="0.0030395984649658203"></testcase><testcase classname="src.pymortests.vectorarray" file="src/pymortests/vectorarray.py" line="1039" name="test_pairwise_dot_wrong_ind[compatible_vector_array_pair5-&lt;lambda&gt;25]" time="0.0038192272186279297"></testcase><testcase classname="src.pymortests.vectorarray" file="src/pymortests/vectorarray.py" line="1039" name="test_pairwise_dot_wrong_ind[compatible_vector_array_pair5-&lt;lambda&gt;26]" time="0.03226017951965332"></testcase><testcase classname="src.pymortests.vectorarray" file="src/pymortests/vectorarray.py" line="1039" name="test_pairwise_dot_wrong_ind[compatible_vector_array_pair5-&lt;lambda&gt;27]" time="0.04542350769042969"></testcase><testcase classname="src.pymortests.vectorarray" file="src/pymortests/vectorarray.py" line="1039" name="test_pairwise_dot_wrong_ind[compatible_vector_array_pair5-&lt;lambda&gt;28]" time="0.15724873542785645"></testcase><testcase classname="src.pymortests.vectorarray" file="src/pymortests/vectorarray.py" line="1039" name="test_pairwise_dot_wrong_ind[compatible_vector_array_pair5-&lt;lambda&gt;29]" time="0.00917506217956543"></testcase><testcase classname="src.pymortests.vectorarray" file="src/pymortests/vectorarray.py" line="1039" name="test_pairwise_dot_wrong_ind[compatible_vector_array_pair6-&lt;lambda&gt;0]" time="0.0030677318572998047"></testcase><testcase classname="src.pymortests.vectorarray" file="src/pymortests/vectorarray.py" line="1039" name="test_pairwise_dot_wrong_ind[compatible_vector_array_pair6-&lt;lambda&gt;1]" time="0.0028181076049804688"></testcase><testcase classname="src.pymortests.vectorarray" file="src/pymortests/vectorarray.py" line="1039" name="test_pairwise_dot_wrong_ind[compatible_vector_array_pair6-&lt;lambda&gt;2]" time="0.004752159118652344"></testcase><testcase classname="src.pymortests.vectorarray" file="src/pymortests/vectorarray.py" line="1039" name="test_pairwise_dot_wrong_ind[compatible_vector_array_pair6-&lt;lambda&gt;3]" time="0.005663156509399414"></testcase><testcase classname="src.pymortests.vectorarray" file="src/pymortests/vectorarray.py" line="1039" name="test_pairwise_dot_wrong_ind[compatible_vector_array_pair6-&lt;lambda&gt;4]" time="0.006572723388671875"></testcase><testcase classname="src.pymortests.vectorarray" file="src/pymortests/vectorarray.py" line="1039" name="test_pairwise_dot_wrong_ind[compatible_vector_array_pair6-&lt;lambda&gt;5]" time="0.004511117935180664"></testcase><testcase classname="src.pymortests.vectorarray" file="src/pymortests/vectorarray.py" line="1039" name="test_pairwise_dot_wrong_ind[compatible_vector_array_pair6-&lt;lambda&gt;6]" time="0.0019731521606445312"></testcase><testcase classname="src.pymortests.vectorarray" file="src/pymortests/vectorarray.py" line="1039" name="test_pairwise_dot_wrong_ind[compatible_vector_array_pair6-&lt;lambda&gt;7]" time="0.002778291702270508"></testcase><testcase classname="src.pymortests.vectorarray" file="src/pymortests/vectorarray.py" line="1039" name="test_pairwise_dot_wrong_ind[compatible_vector_array_pair6-&lt;lambda&gt;8]" time="0.012280702590942383"></testcase><testcase classname="src.pymortests.vectorarray" file="src/pymortests/vectorarray.py" line="1039" name="test_pairwise_dot_wrong_ind[compatible_vector_array_pair6-&lt;lambda&gt;9]" time="0.01867055892944336"></testcase><testcase classname="src.pymortests.vectorarray" file="src/pymortests/vectorarray.py" line="1039" name="test_pairwise_dot_wrong_ind[compatible_vector_array_pair6-&lt;lambda&gt;10]" time="0.056534767150878906"></testcase><testcase classname="src.pymortests.vectorarray" file="src/pymortests/vectorarray.py" line="1039" name="test_pairwise_dot_wrong_ind[compatible_vector_array_pair6-&lt;lambda&gt;11]" time="0.00655674934387207"></testcase><testcase classname="src.pymortests.vectorarray" file="src/pymortests/vectorarray.py" line="1039" name="test_pairwise_dot_wrong_ind[compatible_vector_array_pair6-&lt;lambda&gt;12]" time="0.003072500228881836"></testcase><testcase classname="src.pymortests.vectorarray" file="src/pymortests/vectorarray.py" line="1039" name="test_pairwise_dot_wrong_ind[compatible_vector_array_pair6-&lt;lambda&gt;13]" time="0.005275249481201172"></testcase><testcase classname="src.pymortests.vectorarray" file="src/pymortests/vectorarray.py" line="1039" name="test_pairwise_dot_wrong_ind[compatible_vector_array_pair6-&lt;lambda&gt;14]" time="0.0062978267669677734"></testcase><testcase classname="src.pymortests.vectorarray" file="src/pymortests/vectorarray.py" line="1039" name="test_pairwise_dot_wrong_ind[compatible_vector_array_pair6-&lt;lambda&gt;15]" time="0.008517742156982422"></testcase><testcase classname="src.pymortests.vectorarray" file="src/pymortests/vectorarray.py" line="1039" name="test_pairwise_dot_wrong_ind[compatible_vector_array_pair6-&lt;lambda&gt;16]" time="0.010715723037719727"></testcase><testcase classname="src.pymortests.vectorarray" file="src/pymortests/vectorarray.py" line="1039" name="test_pairwise_dot_wrong_ind[compatible_vector_array_pair6-&lt;lambda&gt;17]" time="0.013686656951904297"></testcase><testcase classname="src.pymortests.vectorarray" file="src/pymortests/vectorarray.py" line="1039" name="test_pairwise_dot_wrong_ind[compatible_vector_array_pair6-&lt;lambda&gt;18]" time="0.002771139144897461"></testcase><testcase classname="src.pymortests.vectorarray" file="src/pymortests/vectorarray.py" line="1039" name="test_pairwise_dot_wrong_ind[compatible_vector_array_pair6-&lt;lambda&gt;19]" time="0.003524303436279297"></testcase><testcase classname="src.pymortests.vectorarray" file="src/pymortests/vectorarray.py" line="1039" name="test_pairwise_dot_wrong_ind[compatible_vector_array_pair6-&lt;lambda&gt;20]" time="0.03819131851196289"></testcase><testcase classname="src.pymortests.vectorarray" file="src/pymortests/vectorarray.py" line="1039" name="test_pairwise_dot_wrong_ind[compatible_vector_array_pair6-&lt;lambda&gt;21]" time="0.028759241104125977"></testcase><testcase classname="src.pymortests.vectorarray" file="src/pymortests/vectorarray.py" line="1039" name="test_pairwise_dot_wrong_ind[compatible_vector_array_pair6-&lt;lambda&gt;22]" time="0.09234833717346191"></testcase><testcase classname="src.pymortests.vectorarray" file="src/pymortests/vectorarray.py" line="1039" name="test_pairwise_dot_wrong_ind[compatible_vector_array_pair6-&lt;lambda&gt;23]" time="0.007704496383666992"></testcase><testcase classname="src.pymortests.vectorarray" file="src/pymortests/vectorarray.py" line="1039" name="test_pairwise_dot_wrong_ind[compatible_vector_array_pair6-&lt;lambda&gt;24]" time="0.0029659271240234375"></testcase><testcase classname="src.pymortests.vectorarray" file="src/pymortests/vectorarray.py" line="1039" name="test_pairwise_dot_wrong_ind[compatible_vector_array_pair6-&lt;lambda&gt;25]" time="0.0037872791290283203"></testcase><testcase classname="src.pymortests.vectorarray" file="src/pymortests/vectorarray.py" line="1039" name="test_pairwise_dot_wrong_ind[compatible_vector_array_pair6-&lt;lambda&gt;26]" time="0.03212404251098633"></testcase><testcase classname="src.pymortests.vectorarray" file="src/pymortests/vectorarray.py" line="1039" name="test_pairwise_dot_wrong_ind[compatible_vector_array_pair6-&lt;lambda&gt;27]" time="0.045114994049072266"></testcase><testcase classname="src.pymortests.vectorarray" file="src/pymortests/vectorarray.py" line="1039" name="test_pairwise_dot_wrong_ind[compatible_vector_array_pair6-&lt;lambda&gt;28]" time="0.1560683250427246"></testcase><testcase classname="src.pymortests.vectorarray" file="src/pymortests/vectorarray.py" line="1039" name="test_pairwise_dot_wrong_ind[compatible_vector_array_pair6-&lt;lambda&gt;29]" time="0.009389162063598633"></testcase><testcase classname="src.pymortests.vectorarray" file="src/pymortests/vectorarray.py" line="1039" name="test_pairwise_dot_wrong_ind[compatible_vector_array_pair7-&lt;lambda&gt;0]" time="0.0032291412353515625"></testcase><testcase classname="src.pymortests.vectorarray" file="src/pymortests/vectorarray.py" line="1039" name="test_pairwise_dot_wrong_ind[compatible_vector_array_pair7-&lt;lambda&gt;1]" time="0.0028259754180908203"></testcase><testcase classname="src.pymortests.vectorarray" file="src/pymortests/vectorarray.py" line="1039" name="test_pairwise_dot_wrong_ind[compatible_vector_array_pair7-&lt;lambda&gt;2]" time="0.004456043243408203"></testcase><testcase classname="src.pymortests.vectorarray" file="src/pymortests/vectorarray.py" line="1039" name="test_pairwise_dot_wrong_ind[compatible_vector_array_pair7-&lt;lambda&gt;3]" time="0.005217552185058594"></testcase><testcase classname="src.pymortests.vectorarray" file="src/pymortests/vectorarray.py" line="1039" name="test_pairwise_dot_wrong_ind[compatible_vector_array_pair7-&lt;lambda&gt;4]" time="0.006494283676147461"></testcase><testcase classname="src.pymortests.vectorarray" file="src/pymortests/vectorarray.py" line="1039" name="test_pairwise_dot_wrong_ind[compatible_vector_array_pair7-&lt;lambda&gt;5]" time="0.004910945892333984"></testcase><testcase classname="src.pymortests.vectorarray" file="src/pymortests/vectorarray.py" line="1039" name="test_pairwise_dot_wrong_ind[compatible_vector_array_pair7-&lt;lambda&gt;6]" time="0.0019745826721191406"></testcase><testcase classname="src.pymortests.vectorarray" file="src/pymortests/vectorarray.py" line="1039" name="test_pairwise_dot_wrong_ind[compatible_vector_array_pair7-&lt;lambda&gt;7]" time="0.002774953842163086"></testcase><testcase classname="src.pymortests.vectorarray" file="src/pymortests/vectorarray.py" line="1039" name="test_pairwise_dot_wrong_ind[compatible_vector_array_pair7-&lt;lambda&gt;8]" time="0.012294292449951172"></testcase><testcase classname="src.pymortests.vectorarray" file="src/pymortests/vectorarray.py" line="1039" name="test_pairwise_dot_wrong_ind[compatible_vector_array_pair7-&lt;lambda&gt;9]" time="0.017586469650268555"></testcase><testcase classname="src.pymortests.vectorarray" file="src/pymortests/vectorarray.py" line="1039" name="test_pairwise_dot_wrong_ind[compatible_vector_array_pair7-&lt;lambda&gt;10]" time="0.05797386169433594"></testcase><testcase classname="src.pymortests.vectorarray" file="src/pymortests/vectorarray.py" line="1039" name="test_pairwise_dot_wrong_ind[compatible_vector_array_pair7-&lt;lambda&gt;11]" time="0.00712275505065918"></testcase><testcase classname="src.pymortests.vectorarray" file="src/pymortests/vectorarray.py" line="1039" name="test_pairwise_dot_wrong_ind[compatible_vector_array_pair7-&lt;lambda&gt;12]" time="0.003098726272583008"></testcase><testcase classname="src.pymortests.vectorarray" file="src/pymortests/vectorarray.py" line="1039" name="test_pairwise_dot_wrong_ind[compatible_vector_array_pair7-&lt;lambda&gt;13]" time="0.00534367561340332"></testcase><testcase classname="src.pymortests.vectorarray" file="src/pymortests/vectorarray.py" line="1039" name="test_pairwise_dot_wrong_ind[compatible_vector_array_pair7-&lt;lambda&gt;14]" time="0.006376504898071289"></testcase><testcase classname="src.pymortests.vectorarray" file="src/pymortests/vectorarray.py" line="1039" name="test_pairwise_dot_wrong_ind[compatible_vector_array_pair7-&lt;lambda&gt;15]" time="0.008667469024658203"></testcase><testcase classname="src.pymortests.vectorarray" file="src/pymortests/vectorarray.py" line="1039" name="test_pairwise_dot_wrong_ind[compatible_vector_array_pair7-&lt;lambda&gt;16]" time="0.010746955871582031"></testcase><testcase classname="src.pymortests.vectorarray" file="src/pymortests/vectorarray.py" line="1039" name="test_pairwise_dot_wrong_ind[compatible_vector_array_pair7-&lt;lambda&gt;17]" time="0.0138397216796875"></testcase><testcase classname="src.pymortests.vectorarray" file="src/pymortests/vectorarray.py" line="1039" name="test_pairwise_dot_wrong_ind[compatible_vector_array_pair7-&lt;lambda&gt;18]" time="0.002688884735107422"></testcase><testcase classname="src.pymortests.vectorarray" file="src/pymortests/vectorarray.py" line="1039" name="test_pairwise_dot_wrong_ind[compatible_vector_array_pair7-&lt;lambda&gt;19]" time="0.003572702407836914"></testcase><testcase classname="src.pymortests.vectorarray" file="src/pymortests/vectorarray.py" line="1039" name="test_pairwise_dot_wrong_ind[compatible_vector_array_pair7-&lt;lambda&gt;20]" time="0.036414384841918945"></testcase><testcase classname="src.pymortests.vectorarray" file="src/pymortests/vectorarray.py" line="1039" name="test_pairwise_dot_wrong_ind[compatible_vector_array_pair7-&lt;lambda&gt;21]" time="0.02845478057861328"></testcase><testcase classname="src.pymortests.vectorarray" file="src/pymortests/vectorarray.py" line="1039" name="test_pairwise_dot_wrong_ind[compatible_vector_array_pair7-&lt;lambda&gt;22]" time="0.09103894233703613"></testcase><testcase classname="src.pymortests.vectorarray" file="src/pymortests/vectorarray.py" line="1039" name="test_pairwise_dot_wrong_ind[compatible_vector_array_pair7-&lt;lambda&gt;23]" time="0.007939338684082031"></testcase><testcase classname="src.pymortests.vectorarray" file="src/pymortests/vectorarray.py" line="1039" name="test_pairwise_dot_wrong_ind[compatible_vector_array_pair7-&lt;lambda&gt;24]" time="0.0029256343841552734"></testcase><testcase classname="src.pymortests.vectorarray" file="src/pymortests/vectorarray.py" line="1039" name="test_pairwise_dot_wrong_ind[compatible_vector_array_pair7-&lt;lambda&gt;25]" time="0.0038204193115234375"></testcase><testcase classname="src.pymortests.vectorarray" file="src/pymortests/vectorarray.py" line="1039" name="test_pairwise_dot_wrong_ind[compatible_vector_array_pair7-&lt;lambda&gt;26]" time="0.031371116638183594"></testcase><testcase classname="src.pymortests.vectorarray" file="src/pymortests/vectorarray.py" line="1039" name="test_pairwise_dot_wrong_ind[compatible_vector_array_pair7-&lt;lambda&gt;27]" time="0.04731011390686035"></testcase><testcase classname="src.pymortests.vectorarray" file="src/pymortests/vectorarray.py" line="1039" name="test_pairwise_dot_wrong_ind[compatible_vector_array_pair7-&lt;lambda&gt;28]" time="0.15743350982666016"></testcase><testcase classname="src.pymortests.vectorarray" file="src/pymortests/vectorarray.py" line="1039" name="test_pairwise_dot_wrong_ind[compatible_vector_array_pair7-&lt;lambda&gt;29]" time="0.009062051773071289"></testcase><testcase classname="src.pymortests.vectorarray" file="src/pymortests/vectorarray.py" line="1039" name="test_pairwise_dot_wrong_ind[compatible_vector_array_pair8-&lt;lambda&gt;0]" time="0.00311279296875"></testcase><testcase classname="src.pymortests.vectorarray" file="src/pymortests/vectorarray.py" line="1039" name="test_pairwise_dot_wrong_ind[compatible_vector_array_pair8-&lt;lambda&gt;1]" time="0.0029098987579345703"></testcase><testcase classname="src.pymortests.vectorarray" file="src/pymortests/vectorarray.py" line="1039" name="test_pairwise_dot_wrong_ind[compatible_vector_array_pair8-&lt;lambda&gt;2]" time="0.004513740539550781"></testcase><testcase classname="src.pymortests.vectorarray" file="src/pymortests/vectorarray.py" line="1039" name="test_pairwise_dot_wrong_ind[compatible_vector_array_pair8-&lt;lambda&gt;3]" time="0.005185365676879883"></testcase><testcase classname="src.pymortests.vectorarray" file="src/pymortests/vectorarray.py" line="1039" name="test_pairwise_dot_wrong_ind[compatible_vector_array_pair8-&lt;lambda&gt;4]" time="0.0064029693603515625"></testcase><testcase classname="src.pymortests.vectorarray" file="src/pymortests/vectorarray.py" line="1039" name="test_pairwise_dot_wrong_ind[compatible_vector_array_pair8-&lt;lambda&gt;5]" time="0.00436854362487793"></testcase><testcase classname="src.pymortests.vectorarray" file="src/pymortests/vectorarray.py" line="1039" name="test_pairwise_dot_wrong_ind[compatible_vector_array_pair8-&lt;lambda&gt;6]" time="0.002046346664428711"></testcase><testcase classname="src.pymortests.vectorarray" file="src/pymortests/vectorarray.py" line="1039" name="test_pairwise_dot_wrong_ind[compatible_vector_array_pair8-&lt;lambda&gt;7]" time="0.00284576416015625"></testcase><testcase classname="src.pymortests.vectorarray" file="src/pymortests/vectorarray.py" line="1039" name="test_pairwise_dot_wrong_ind[compatible_vector_array_pair8-&lt;lambda&gt;8]" time="0.012558221817016602"></testcase><testcase classname="src.pymortests.vectorarray" file="src/pymortests/vectorarray.py" line="1039" name="test_pairwise_dot_wrong_ind[compatible_vector_array_pair8-&lt;lambda&gt;9]" time="0.017369508743286133"></testcase><testcase classname="src.pymortests.vectorarray" file="src/pymortests/vectorarray.py" line="1039" name="test_pairwise_dot_wrong_ind[compatible_vector_array_pair8-&lt;lambda&gt;10]" time="0.05599546432495117"></testcase><testcase classname="src.pymortests.vectorarray" file="src/pymortests/vectorarray.py" line="1039" name="test_pairwise_dot_wrong_ind[compatible_vector_array_pair8-&lt;lambda&gt;11]" time="0.006865024566650391"></testcase><testcase classname="src.pymortests.vectorarray" file="src/pymortests/vectorarray.py" line="1039" name="test_pairwise_dot_wrong_ind[compatible_vector_array_pair8-&lt;lambda&gt;12]" time="0.003047943115234375"></testcase><testcase classname="src.pymortests.vectorarray" file="src/pymortests/vectorarray.py" line="1039" name="test_pairwise_dot_wrong_ind[compatible_vector_array_pair8-&lt;lambda&gt;13]" time="0.005219221115112305"></testcase><testcase classname="src.pymortests.vectorarray" file="src/pymortests/vectorarray.py" line="1039" name="test_pairwise_dot_wrong_ind[compatible_vector_array_pair8-&lt;lambda&gt;14]" time="0.0062046051025390625"></testcase><testcase classname="src.pymortests.vectorarray" file="src/pymortests/vectorarray.py" line="1039" name="test_pairwise_dot_wrong_ind[compatible_vector_array_pair8-&lt;lambda&gt;15]" time="0.008417844772338867"></testcase><testcase classname="src.pymortests.vectorarray" file="src/pymortests/vectorarray.py" line="1039" name="test_pairwise_dot_wrong_ind[compatible_vector_array_pair8-&lt;lambda&gt;16]" time="0.010548591613769531"></testcase><testcase classname="src.pymortests.vectorarray" file="src/pymortests/vectorarray.py" line="1039" name="test_pairwise_dot_wrong_ind[compatible_vector_array_pair8-&lt;lambda&gt;17]" time="0.013210296630859375"></testcase><testcase classname="src.pymortests.vectorarray" file="src/pymortests/vectorarray.py" line="1039" name="test_pairwise_dot_wrong_ind[compatible_vector_array_pair8-&lt;lambda&gt;18]" time="0.002808094024658203"></testcase><testcase classname="src.pymortests.vectorarray" file="src/pymortests/vectorarray.py" line="1039" name="test_pairwise_dot_wrong_ind[compatible_vector_array_pair8-&lt;lambda&gt;19]" time="0.003894329071044922"></testcase><testcase classname="src.pymortests.vectorarray" file="src/pymortests/vectorarray.py" line="1039" name="test_pairwise_dot_wrong_ind[compatible_vector_array_pair8-&lt;lambda&gt;20]" time="0.03617978096008301"></testcase><testcase classname="src.pymortests.vectorarray" file="src/pymortests/vectorarray.py" line="1039" name="test_pairwise_dot_wrong_ind[compatible_vector_array_pair8-&lt;lambda&gt;21]" time="0.028990507125854492"></testcase><testcase classname="src.pymortests.vectorarray" file="src/pymortests/vectorarray.py" line="1039" name="test_pairwise_dot_wrong_ind[compatible_vector_array_pair8-&lt;lambda&gt;22]" time="0.09047651290893555"></testcase><testcase classname="src.pymortests.vectorarray" file="src/pymortests/vectorarray.py" line="1039" name="test_pairwise_dot_wrong_ind[compatible_vector_array_pair8-&lt;lambda&gt;23]" time="0.007471323013305664"></testcase><testcase classname="src.pymortests.vectorarray" file="src/pymortests/vectorarray.py" line="1039" name="test_pairwise_dot_wrong_ind[compatible_vector_array_pair8-&lt;lambda&gt;24]" time="0.002899169921875"></testcase><testcase classname="src.pymortests.vectorarray" file="src/pymortests/vectorarray.py" line="1039" name="test_pairwise_dot_wrong_ind[compatible_vector_array_pair8-&lt;lambda&gt;25]" time="0.0037293434143066406"></testcase><testcase classname="src.pymortests.vectorarray" file="src/pymortests/vectorarray.py" line="1039" name="test_pairwise_dot_wrong_ind[compatible_vector_array_pair8-&lt;lambda&gt;26]" time="0.03156161308288574"></testcase><testcase classname="src.pymortests.vectorarray" file="src/pymortests/vectorarray.py" line="1039" name="test_pairwise_dot_wrong_ind[compatible_vector_array_pair8-&lt;lambda&gt;27]" time="0.044916629791259766"></testcase><testcase classname="src.pymortests.vectorarray" file="src/pymortests/vectorarray.py" line="1039" name="test_pairwise_dot_wrong_ind[compatible_vector_array_pair8-&lt;lambda&gt;28]" time="0.15724992752075195"></testcase><testcase classname="src.pymortests.vectorarray" file="src/pymortests/vectorarray.py" line="1039" name="test_pairwise_dot_wrong_ind[compatible_vector_array_pair8-&lt;lambda&gt;29]" time="0.009176492691040039"></testcase><testcase classname="src.pymortests.vectorarray" file="src/pymortests/vectorarray.py" line="1047" name="test_pickle[0-&lt;lambda&gt;0]" time="0.014399290084838867"></testcase><testcase classname="src.pymortests.vectorarray" file="src/pymortests/vectorarray.py" line="1047" name="test_pickle[0-&lt;lambda&gt;1]" time="0.0019257068634033203"></testcase><testcase classname="src.pymortests.vectorarray" file="src/pymortests/vectorarray.py" line="1047" name="test_pickle[0-&lt;lambda&gt;2]" time="0.001630544662475586"></testcase><testcase classname="src.pymortests.vectorarray" file="src/pymortests/vectorarray.py" line="1047" name="test_pickle[0-&lt;lambda&gt;3]" time="0.0015425682067871094"></testcase><testcase classname="src.pymortests.vectorarray" file="src/pymortests/vectorarray.py" line="1047" name="test_pickle[0-&lt;lambda&gt;4]" time="0.0014469623565673828"></testcase><testcase classname="src.pymortests.vectorarray" file="src/pymortests/vectorarray.py" line="1047" name="test_pickle[0-&lt;lambda&gt;5]" time="0.0017740726470947266"></testcase><testcase classname="src.pymortests.vectorarray" file="src/pymortests/vectorarray.py" line="1047" name="test_pickle[0-&lt;lambda&gt;6]" time="0.0012886524200439453"></testcase><testcase classname="src.pymortests.vectorarray" file="src/pymortests/vectorarray.py" line="1047" name="test_pickle[0-&lt;lambda&gt;7]" time="0.0018377304077148438"></testcase><testcase classname="src.pymortests.vectorarray" file="src/pymortests/vectorarray.py" line="1047" name="test_pickle[0-&lt;lambda&gt;8]" time="0.0040895938873291016"></testcase><testcase classname="src.pymortests.vectorarray" file="src/pymortests/vectorarray.py" line="1047" name="test_pickle[0-&lt;lambda&gt;9]" time="0.00908970832824707"></testcase><testcase classname="src.pymortests.vectorarray" file="src/pymortests/vectorarray.py" line="1047" name="test_pickle[0-&lt;lambda&gt;10]" time="0.004914760589599609"></testcase><testcase classname="src.pymortests.vectorarray" file="src/pymortests/vectorarray.py" line="1047" name="test_pickle[0-&lt;lambda&gt;11]" time="0.002019166946411133"></testcase><testcase classname="src.pymortests.vectorarray" file="src/pymortests/vectorarray.py" line="1047" name="test_pickle[0-&lt;lambda&gt;12]" time="0.0019571781158447266"></testcase><testcase classname="src.pymortests.vectorarray" file="src/pymortests/vectorarray.py" line="1047" name="test_pickle[0-&lt;lambda&gt;13]" time="0.0016360282897949219"></testcase><testcase classname="src.pymortests.vectorarray" file="src/pymortests/vectorarray.py" line="1047" name="test_pickle[0-&lt;lambda&gt;14]" time="0.0017268657684326172"></testcase><testcase classname="src.pymortests.vectorarray" file="src/pymortests/vectorarray.py" line="1047" name="test_pickle[0-&lt;lambda&gt;15]" time="0.0019559860229492188"></testcase><testcase classname="src.pymortests.vectorarray" file="src/pymortests/vectorarray.py" line="1047" name="test_pickle[0-&lt;lambda&gt;16]" time="0.001967906951904297"></testcase><testcase classname="src.pymortests.vectorarray" file="src/pymortests/vectorarray.py" line="1047" name="test_pickle[1-&lt;lambda&gt;0]" time="0.0013675689697265625"></testcase><testcase classname="src.pymortests.vectorarray" file="src/pymortests/vectorarray.py" line="1047" name="test_pickle[1-&lt;lambda&gt;1]" time="0.0014653205871582031"></testcase><testcase classname="src.pymortests.vectorarray" file="src/pymortests/vectorarray.py" line="1047" name="test_pickle[1-&lt;lambda&gt;2]" time="0.0014355182647705078"></testcase><testcase classname="src.pymortests.vectorarray" file="src/pymortests/vectorarray.py" line="1047" name="test_pickle[1-&lt;lambda&gt;3]" time="0.0017697811126708984"></testcase><testcase classname="src.pymortests.vectorarray" file="src/pymortests/vectorarray.py" line="1047" name="test_pickle[1-&lt;lambda&gt;4]" time="0.001394033432006836"></testcase><testcase classname="src.pymortests.vectorarray" file="src/pymortests/vectorarray.py" line="1047" name="test_pickle[1-&lt;lambda&gt;5]" time="0.0012445449829101562"></testcase><testcase classname="src.pymortests.vectorarray" file="src/pymortests/vectorarray.py" line="1047" name="test_pickle[1-&lt;lambda&gt;6]" time="0.0012240409851074219"></testcase><testcase classname="src.pymortests.vectorarray" file="src/pymortests/vectorarray.py" line="1047" name="test_pickle[1-&lt;lambda&gt;7]" time="0.0014028549194335938"></testcase><testcase classname="src.pymortests.vectorarray" file="src/pymortests/vectorarray.py" line="1047" name="test_pickle[1-&lt;lambda&gt;8]" time="0.005713939666748047"></testcase><testcase classname="src.pymortests.vectorarray" file="src/pymortests/vectorarray.py" line="1047" name="test_pickle[1-&lt;lambda&gt;9]" time="0.013088226318359375"></testcase><testcase classname="src.pymortests.vectorarray" file="src/pymortests/vectorarray.py" line="1047" name="test_pickle[1-&lt;lambda&gt;10]" time="0.0027544498443603516"></testcase><testcase classname="src.pymortests.vectorarray" file="src/pymortests/vectorarray.py" line="1047" name="test_pickle[1-&lt;lambda&gt;11]" time="0.001979351043701172"></testcase><testcase classname="src.pymortests.vectorarray" file="src/pymortests/vectorarray.py" line="1047" name="test_pickle[1-&lt;lambda&gt;12]" time="0.0018541812896728516"></testcase><testcase classname="src.pymortests.vectorarray" file="src/pymortests/vectorarray.py" line="1047" name="test_pickle[1-&lt;lambda&gt;13]" time="0.0015761852264404297"></testcase><testcase classname="src.pymortests.vectorarray" file="src/pymortests/vectorarray.py" line="1047" name="test_pickle[1-&lt;lambda&gt;14]" time="0.0018048286437988281"></testcase><testcase classname="src.pymortests.vectorarray" file="src/pymortests/vectorarray.py" line="1047" name="test_pickle[1-&lt;lambda&gt;15]" time="0.00193023681640625"></testcase><testcase classname="src.pymortests.vectorarray" file="src/pymortests/vectorarray.py" line="1047" name="test_pickle[1-&lt;lambda&gt;16]" time="0.0020923614501953125"></testcase><testcase classname="src.pymortests.vectorarray" file="src/pymortests/vectorarray.py" line="1047" name="test_pickle[2-&lt;lambda&gt;0]" time="0.0015532970428466797"></testcase><testcase classname="src.pymortests.vectorarray" file="src/pymortests/vectorarray.py" line="1047" name="test_pickle[2-&lt;lambda&gt;1]" time="0.001581430435180664"></testcase><testcase classname="src.pymortests.vectorarray" file="src/pymortests/vectorarray.py" line="1047" name="test_pickle[2-&lt;lambda&gt;2]" time="0.0013675689697265625"></testcase><testcase classname="src.pymortests.vectorarray" file="src/pymortests/vectorarray.py" line="1047" name="test_pickle[2-&lt;lambda&gt;3]" time="0.001434326171875"></testcase><testcase classname="src.pymortests.vectorarray" file="src/pymortests/vectorarray.py" line="1047" name="test_pickle[2-&lt;lambda&gt;4]" time="0.0014028549194335938"></testcase><testcase classname="src.pymortests.vectorarray" file="src/pymortests/vectorarray.py" line="1047" name="test_pickle[2-&lt;lambda&gt;5]" time="0.0012564659118652344"></testcase><testcase classname="src.pymortests.vectorarray" file="src/pymortests/vectorarray.py" line="1047" name="test_pickle[2-&lt;lambda&gt;6]" time="0.0012998580932617188"></testcase><testcase classname="src.pymortests.vectorarray" file="src/pymortests/vectorarray.py" line="1047" name="test_pickle[2-&lt;lambda&gt;7]" time="0.001573801040649414"></testcase><testcase classname="src.pymortests.vectorarray" file="src/pymortests/vectorarray.py" line="1047" name="test_pickle[2-&lt;lambda&gt;8]" time="0.005609035491943359"></testcase><testcase classname="src.pymortests.vectorarray" file="src/pymortests/vectorarray.py" line="1047" name="test_pickle[2-&lt;lambda&gt;9]" time="0.013846635818481445"></testcase><testcase classname="src.pymortests.vectorarray" file="src/pymortests/vectorarray.py" line="1047" name="test_pickle[2-&lt;lambda&gt;10]" time="0.0019199848175048828"></testcase><testcase classname="src.pymortests.vectorarray" file="src/pymortests/vectorarray.py" line="1047" name="test_pickle[2-&lt;lambda&gt;11]" time="0.0018093585968017578"></testcase><testcase classname="src.pymortests.vectorarray" file="src/pymortests/vectorarray.py" line="1047" name="test_pickle[2-&lt;lambda&gt;12]" time="0.0017905235290527344"></testcase><testcase classname="src.pymortests.vectorarray" file="src/pymortests/vectorarray.py" line="1047" name="test_pickle[2-&lt;lambda&gt;13]" time="0.00164031982421875"></testcase><testcase classname="src.pymortests.vectorarray" file="src/pymortests/vectorarray.py" line="1047" name="test_pickle[2-&lt;lambda&gt;14]" time="0.0017299652099609375"></testcase><testcase classname="src.pymortests.vectorarray" file="src/pymortests/vectorarray.py" line="1047" name="test_pickle[2-&lt;lambda&gt;15]" time="0.001932382583618164"></testcase><testcase classname="src.pymortests.vectorarray" file="src/pymortests/vectorarray.py" line="1047" name="test_pickle[2-&lt;lambda&gt;16]" time="0.0020804405212402344"></testcase><testcase classname="src.pymortests.algorithms.basic" file="src/pymortests/algorithms/basic.py" line="21" name="test_almost_equal[compatible_vector_array_pair0-&lt;lambda&gt;0]" time="0.007984161376953125"></testcase><testcase classname="src.pymortests.algorithms.basic" file="src/pymortests/algorithms/basic.py" line="21" name="test_almost_equal[compatible_vector_array_pair0-&lt;lambda&gt;1]" time="0.003003835678100586"></testcase><testcase classname="src.pymortests.algorithms.basic" file="src/pymortests/algorithms/basic.py" line="21" name="test_almost_equal[compatible_vector_array_pair0-&lt;lambda&gt;2]" time="0.022877931594848633"></testcase><testcase classname="src.pymortests.algorithms.basic" file="src/pymortests/algorithms/basic.py" line="21" name="test_almost_equal[compatible_vector_array_pair0-&lt;lambda&gt;3]" time="0.024622201919555664"></testcase><testcase classname="src.pymortests.algorithms.basic" file="src/pymortests/algorithms/basic.py" line="21" name="test_almost_equal[compatible_vector_array_pair0-&lt;lambda&gt;4]" time="0.03527474403381348"></testcase><testcase classname="src.pymortests.algorithms.basic" file="src/pymortests/algorithms/basic.py" line="21" name="test_almost_equal[compatible_vector_array_pair0-&lt;lambda&gt;5]" time="0.03291440010070801"></testcase><testcase classname="src.pymortests.algorithms.basic" file="src/pymortests/algorithms/basic.py" line="21" name="test_almost_equal[compatible_vector_array_pair0-&lt;lambda&gt;6]" time="0.008847713470458984"></testcase><testcase classname="src.pymortests.algorithms.basic" file="src/pymortests/algorithms/basic.py" line="21" name="test_almost_equal[compatible_vector_array_pair0-&lt;lambda&gt;7]" time="0.004059791564941406"></testcase><testcase classname="src.pymortests.algorithms.basic" file="src/pymortests/algorithms/basic.py" line="21" name="test_almost_equal[compatible_vector_array_pair0-&lt;lambda&gt;8]" time="0.03307318687438965"></testcase><testcase classname="src.pymortests.algorithms.basic" file="src/pymortests/algorithms/basic.py" line="21" name="test_almost_equal[compatible_vector_array_pair0-&lt;lambda&gt;9]" time="0.04294013977050781"></testcase><testcase classname="src.pymortests.algorithms.basic" file="src/pymortests/algorithms/basic.py" line="21" name="test_almost_equal[compatible_vector_array_pair0-&lt;lambda&gt;10]" time="0.13684511184692383"></testcase><testcase classname="src.pymortests.algorithms.basic" file="src/pymortests/algorithms/basic.py" line="21" name="test_almost_equal[compatible_vector_array_pair0-&lt;lambda&gt;11]" time="0.036524057388305664"></testcase><testcase classname="src.pymortests.algorithms.basic" file="src/pymortests/algorithms/basic.py" line="21" name="test_almost_equal[compatible_vector_array_pair0-&lt;lambda&gt;12]" time="0.022255659103393555"></testcase><testcase classname="src.pymortests.algorithms.basic" file="src/pymortests/algorithms/basic.py" line="21" name="test_almost_equal[compatible_vector_array_pair0-&lt;lambda&gt;13]" time="0.0064008235931396484"></testcase><testcase classname="src.pymortests.algorithms.basic" file="src/pymortests/algorithms/basic.py" line="21" name="test_almost_equal[compatible_vector_array_pair0-&lt;lambda&gt;14]" time="0.03119349479675293"></testcase><testcase classname="src.pymortests.algorithms.basic" file="src/pymortests/algorithms/basic.py" line="21" name="test_almost_equal[compatible_vector_array_pair0-&lt;lambda&gt;15]" time="0.050554513931274414"></testcase><testcase classname="src.pymortests.algorithms.basic" file="src/pymortests/algorithms/basic.py" line="21" name="test_almost_equal[compatible_vector_array_pair0-&lt;lambda&gt;16]" time="0.05359029769897461"></testcase><testcase classname="src.pymortests.algorithms.basic" file="src/pymortests/algorithms/basic.py" line="21" name="test_almost_equal[compatible_vector_array_pair0-&lt;lambda&gt;17]" time="0.07799696922302246"></testcase><testcase classname="src.pymortests.algorithms.basic" file="src/pymortests/algorithms/basic.py" line="21" name="test_almost_equal[compatible_vector_array_pair0-&lt;lambda&gt;18]" time="0.031197309494018555"></testcase><testcase classname="src.pymortests.algorithms.basic" file="src/pymortests/algorithms/basic.py" line="21" name="test_almost_equal[compatible_vector_array_pair0-&lt;lambda&gt;19]" time="0.00654149055480957"></testcase><testcase classname="src.pymortests.algorithms.basic" file="src/pymortests/algorithms/basic.py" line="21" name="test_almost_equal[compatible_vector_array_pair0-&lt;lambda&gt;20]" time="0.17000102996826172"></testcase><testcase classname="src.pymortests.algorithms.basic" file="src/pymortests/algorithms/basic.py" line="21" name="test_almost_equal[compatible_vector_array_pair0-&lt;lambda&gt;21]" time="0.10026168823242188"></testcase><testcase classname="src.pymortests.algorithms.basic" file="src/pymortests/algorithms/basic.py" line="21" name="test_almost_equal[compatible_vector_array_pair0-&lt;lambda&gt;22]" time="0.3266911506652832"></testcase><testcase classname="src.pymortests.algorithms.basic" file="src/pymortests/algorithms/basic.py" line="21" name="test_almost_equal[compatible_vector_array_pair0-&lt;lambda&gt;23]" time="0.0855863094329834"></testcase><testcase classname="src.pymortests.algorithms.basic" file="src/pymortests/algorithms/basic.py" line="21" name="test_almost_equal[compatible_vector_array_pair0-&lt;lambda&gt;24]" time="0.009307622909545898"></testcase><testcase classname="src.pymortests.algorithms.basic" file="src/pymortests/algorithms/basic.py" line="21" name="test_almost_equal[compatible_vector_array_pair0-&lt;lambda&gt;25]" time="0.004953861236572266"></testcase><testcase classname="src.pymortests.algorithms.basic" file="src/pymortests/algorithms/basic.py" line="21" name="test_almost_equal[compatible_vector_array_pair0-&lt;lambda&gt;26]" time="0.341447114944458"></testcase><testcase classname="src.pymortests.algorithms.basic" file="src/pymortests/algorithms/basic.py" line="21" name="test_almost_equal[compatible_vector_array_pair0-&lt;lambda&gt;27]" time="0.5577325820922852"></testcase><testcase classname="src.pymortests.algorithms.basic" file="src/pymortests/algorithms/basic.py" line="21" name="test_almost_equal[compatible_vector_array_pair0-&lt;lambda&gt;28]" time="2.9518487453460693"></testcase><testcase classname="src.pymortests.algorithms.basic" file="src/pymortests/algorithms/basic.py" line="21" name="test_almost_equal[compatible_vector_array_pair0-&lt;lambda&gt;29]" time="0.18632245063781738"></testcase><testcase classname="src.pymortests.algorithms.basic" file="src/pymortests/algorithms/basic.py" line="21" name="test_almost_equal[compatible_vector_array_pair1-&lt;lambda&gt;0]" time="0.009455442428588867"></testcase><testcase classname="src.pymortests.algorithms.basic" file="src/pymortests/algorithms/basic.py" line="21" name="test_almost_equal[compatible_vector_array_pair1-&lt;lambda&gt;1]" time="0.004389762878417969"></testcase><testcase classname="src.pymortests.algorithms.basic" file="src/pymortests/algorithms/basic.py" line="21" name="test_almost_equal[compatible_vector_array_pair1-&lt;lambda&gt;2]" time="0.021913528442382812"></testcase><testcase classname="src.pymortests.algorithms.basic" file="src/pymortests/algorithms/basic.py" line="21" name="test_almost_equal[compatible_vector_array_pair1-&lt;lambda&gt;3]" time="0.02459549903869629"></testcase><testcase classname="src.pymortests.algorithms.basic" file="src/pymortests/algorithms/basic.py" line="21" name="test_almost_equal[compatible_vector_array_pair1-&lt;lambda&gt;4]" time="0.03305935859680176"></testcase><testcase classname="src.pymortests.algorithms.basic" file="src/pymortests/algorithms/basic.py" line="21" name="test_almost_equal[compatible_vector_array_pair1-&lt;lambda&gt;5]" time="0.032216548919677734"></testcase><testcase classname="src.pymortests.algorithms.basic" file="src/pymortests/algorithms/basic.py" line="21" name="test_almost_equal[compatible_vector_array_pair1-&lt;lambda&gt;6]" time="0.008753538131713867"></testcase><testcase classname="src.pymortests.algorithms.basic" file="src/pymortests/algorithms/basic.py" line="21" name="test_almost_equal[compatible_vector_array_pair1-&lt;lambda&gt;7]" time="0.004083871841430664"></testcase><testcase classname="src.pymortests.algorithms.basic" file="src/pymortests/algorithms/basic.py" line="21" name="test_almost_equal[compatible_vector_array_pair1-&lt;lambda&gt;8]" time="0.032120466232299805"></testcase><testcase classname="src.pymortests.algorithms.basic" file="src/pymortests/algorithms/basic.py" line="21" name="test_almost_equal[compatible_vector_array_pair1-&lt;lambda&gt;9]" time="0.04322648048400879"></testcase><testcase classname="src.pymortests.algorithms.basic" file="src/pymortests/algorithms/basic.py" line="21" name="test_almost_equal[compatible_vector_array_pair1-&lt;lambda&gt;10]" time="0.13853812217712402"></testcase><testcase classname="src.pymortests.algorithms.basic" file="src/pymortests/algorithms/basic.py" line="21" name="test_almost_equal[compatible_vector_array_pair1-&lt;lambda&gt;11]" time="0.03643488883972168"></testcase><testcase classname="src.pymortests.algorithms.basic" file="src/pymortests/algorithms/basic.py" line="21" name="test_almost_equal[compatible_vector_array_pair1-&lt;lambda&gt;12]" time="0.022292137145996094"></testcase><testcase classname="src.pymortests.algorithms.basic" file="src/pymortests/algorithms/basic.py" line="21" name="test_almost_equal[compatible_vector_array_pair1-&lt;lambda&gt;13]" time="0.006702899932861328"></testcase><testcase classname="src.pymortests.algorithms.basic" file="src/pymortests/algorithms/basic.py" line="21" name="test_almost_equal[compatible_vector_array_pair1-&lt;lambda&gt;14]" time="0.031024456024169922"></testcase><testcase classname="src.pymortests.algorithms.basic" file="src/pymortests/algorithms/basic.py" line="21" name="test_almost_equal[compatible_vector_array_pair1-&lt;lambda&gt;15]" time="0.05011153221130371"></testcase><testcase classname="src.pymortests.algorithms.basic" file="src/pymortests/algorithms/basic.py" line="21" name="test_almost_equal[compatible_vector_array_pair1-&lt;lambda&gt;16]" time="0.05450749397277832"></testcase><testcase classname="src.pymortests.algorithms.basic" file="src/pymortests/algorithms/basic.py" line="21" name="test_almost_equal[compatible_vector_array_pair1-&lt;lambda&gt;17]" time="0.07717633247375488"></testcase><testcase classname="src.pymortests.algorithms.basic" file="src/pymortests/algorithms/basic.py" line="21" name="test_almost_equal[compatible_vector_array_pair1-&lt;lambda&gt;18]" time="0.03020024299621582"></testcase><testcase classname="src.pymortests.algorithms.basic" file="src/pymortests/algorithms/basic.py" line="21" name="test_almost_equal[compatible_vector_array_pair1-&lt;lambda&gt;19]" time="0.006605386734008789"></testcase><testcase classname="src.pymortests.algorithms.basic" file="src/pymortests/algorithms/basic.py" line="21" name="test_almost_equal[compatible_vector_array_pair1-&lt;lambda&gt;20]" time="0.1751391887664795"></testcase><testcase classname="src.pymortests.algorithms.basic" file="src/pymortests/algorithms/basic.py" line="21" name="test_almost_equal[compatible_vector_array_pair1-&lt;lambda&gt;21]" time="0.10047364234924316"></testcase><testcase classname="src.pymortests.algorithms.basic" file="src/pymortests/algorithms/basic.py" line="21" name="test_almost_equal[compatible_vector_array_pair1-&lt;lambda&gt;22]" time="0.32508015632629395"></testcase><testcase classname="src.pymortests.algorithms.basic" file="src/pymortests/algorithms/basic.py" line="21" name="test_almost_equal[compatible_vector_array_pair1-&lt;lambda&gt;23]" time="0.08528780937194824"></testcase><testcase classname="src.pymortests.algorithms.basic" file="src/pymortests/algorithms/basic.py" line="21" name="test_almost_equal[compatible_vector_array_pair1-&lt;lambda&gt;24]" time="0.009413003921508789"></testcase><testcase classname="src.pymortests.algorithms.basic" file="src/pymortests/algorithms/basic.py" line="21" name="test_almost_equal[compatible_vector_array_pair1-&lt;lambda&gt;25]" time="0.005825996398925781"></testcase><testcase classname="src.pymortests.algorithms.basic" file="src/pymortests/algorithms/basic.py" line="21" name="test_almost_equal[compatible_vector_array_pair1-&lt;lambda&gt;26]" time="0.36063504219055176"></testcase><testcase classname="src.pymortests.algorithms.basic" file="src/pymortests/algorithms/basic.py" line="21" name="test_almost_equal[compatible_vector_array_pair1-&lt;lambda&gt;27]" time="0.5664505958557129"></testcase><testcase classname="src.pymortests.algorithms.basic" file="src/pymortests/algorithms/basic.py" line="21" name="test_almost_equal[compatible_vector_array_pair1-&lt;lambda&gt;28]" time="3.006185531616211"></testcase><testcase classname="src.pymortests.algorithms.basic" file="src/pymortests/algorithms/basic.py" line="21" name="test_almost_equal[compatible_vector_array_pair1-&lt;lambda&gt;29]" time="0.18795013427734375"></testcase><testcase classname="src.pymortests.algorithms.basic" file="src/pymortests/algorithms/basic.py" line="21" name="test_almost_equal[compatible_vector_array_pair2-&lt;lambda&gt;0]" time="0.009174108505249023"></testcase><testcase classname="src.pymortests.algorithms.basic" file="src/pymortests/algorithms/basic.py" line="21" name="test_almost_equal[compatible_vector_array_pair2-&lt;lambda&gt;1]" time="0.004361152648925781"></testcase><testcase classname="src.pymortests.algorithms.basic" file="src/pymortests/algorithms/basic.py" line="21" name="test_almost_equal[compatible_vector_array_pair2-&lt;lambda&gt;2]" time="0.022271394729614258"></testcase><testcase classname="src.pymortests.algorithms.basic" file="src/pymortests/algorithms/basic.py" line="21" name="test_almost_equal[compatible_vector_array_pair2-&lt;lambda&gt;3]" time="0.024446487426757812"></testcase><testcase classname="src.pymortests.algorithms.basic" file="src/pymortests/algorithms/basic.py" line="21" name="test_almost_equal[compatible_vector_array_pair2-&lt;lambda&gt;4]" time="0.032723426818847656"></testcase><testcase classname="src.pymortests.algorithms.basic" file="src/pymortests/algorithms/basic.py" line="21" name="test_almost_equal[compatible_vector_array_pair2-&lt;lambda&gt;5]" time="0.03170657157897949"></testcase><testcase classname="src.pymortests.algorithms.basic" file="src/pymortests/algorithms/basic.py" line="21" name="test_almost_equal[compatible_vector_array_pair2-&lt;lambda&gt;6]" time="0.008369922637939453"></testcase><testcase classname="src.pymortests.algorithms.basic" file="src/pymortests/algorithms/basic.py" line="21" name="test_almost_equal[compatible_vector_array_pair2-&lt;lambda&gt;7]" time="0.003019094467163086"></testcase><testcase classname="src.pymortests.algorithms.basic" file="src/pymortests/algorithms/basic.py" line="21" name="test_almost_equal[compatible_vector_array_pair2-&lt;lambda&gt;8]" time="0.03188371658325195"></testcase><testcase classname="src.pymortests.algorithms.basic" file="src/pymortests/algorithms/basic.py" line="21" name="test_almost_equal[compatible_vector_array_pair2-&lt;lambda&gt;9]" time="0.042725563049316406"></testcase><testcase classname="src.pymortests.algorithms.basic" file="src/pymortests/algorithms/basic.py" line="21" name="test_almost_equal[compatible_vector_array_pair2-&lt;lambda&gt;10]" time="0.13509535789489746"></testcase><testcase classname="src.pymortests.algorithms.basic" file="src/pymortests/algorithms/basic.py" line="21" name="test_almost_equal[compatible_vector_array_pair2-&lt;lambda&gt;11]" time="0.03621363639831543"></testcase><testcase classname="src.pymortests.algorithms.basic" file="src/pymortests/algorithms/basic.py" line="21" name="test_almost_equal[compatible_vector_array_pair2-&lt;lambda&gt;12]" time="0.022426843643188477"></testcase><testcase classname="src.pymortests.algorithms.basic" file="src/pymortests/algorithms/basic.py" line="21" name="test_almost_equal[compatible_vector_array_pair2-&lt;lambda&gt;13]" time="0.00671076774597168"></testcase><testcase classname="src.pymortests.algorithms.basic" file="src/pymortests/algorithms/basic.py" line="21" name="test_almost_equal[compatible_vector_array_pair2-&lt;lambda&gt;14]" time="0.03072500228881836"></testcase><testcase classname="src.pymortests.algorithms.basic" file="src/pymortests/algorithms/basic.py" line="21" name="test_almost_equal[compatible_vector_array_pair2-&lt;lambda&gt;15]" time="0.04974722862243652"></testcase><testcase classname="src.pymortests.algorithms.basic" file="src/pymortests/algorithms/basic.py" line="21" name="test_almost_equal[compatible_vector_array_pair2-&lt;lambda&gt;16]" time="0.054199934005737305"></testcase><testcase classname="src.pymortests.algorithms.basic" file="src/pymortests/algorithms/basic.py" line="21" name="test_almost_equal[compatible_vector_array_pair2-&lt;lambda&gt;17]" time="0.07791423797607422"></testcase><testcase classname="src.pymortests.algorithms.basic" file="src/pymortests/algorithms/basic.py" line="21" name="test_almost_equal[compatible_vector_array_pair2-&lt;lambda&gt;18]" time="0.030752897262573242"></testcase><testcase classname="src.pymortests.algorithms.basic" file="src/pymortests/algorithms/basic.py" line="21" name="test_almost_equal[compatible_vector_array_pair2-&lt;lambda&gt;19]" time="0.006623029708862305"></testcase><testcase classname="src.pymortests.algorithms.basic" file="src/pymortests/algorithms/basic.py" line="21" name="test_almost_equal[compatible_vector_array_pair2-&lt;lambda&gt;20]" time="0.17284250259399414"></testcase><testcase classname="src.pymortests.algorithms.basic" file="src/pymortests/algorithms/basic.py" line="21" name="test_almost_equal[compatible_vector_array_pair2-&lt;lambda&gt;21]" time="0.10097503662109375"></testcase><testcase classname="src.pymortests.algorithms.basic" file="src/pymortests/algorithms/basic.py" line="21" name="test_almost_equal[compatible_vector_array_pair2-&lt;lambda&gt;22]" time="0.3415355682373047"></testcase><testcase classname="src.pymortests.algorithms.basic" file="src/pymortests/algorithms/basic.py" line="21" name="test_almost_equal[compatible_vector_array_pair2-&lt;lambda&gt;23]" time="0.09123492240905762"></testcase><testcase classname="src.pymortests.algorithms.basic" file="src/pymortests/algorithms/basic.py" line="21" name="test_almost_equal[compatible_vector_array_pair2-&lt;lambda&gt;24]" time="0.010131359100341797"></testcase><testcase classname="src.pymortests.algorithms.basic" file="src/pymortests/algorithms/basic.py" line="21" name="test_almost_equal[compatible_vector_array_pair2-&lt;lambda&gt;25]" time="0.006380558013916016"></testcase><testcase classname="src.pymortests.algorithms.basic" file="src/pymortests/algorithms/basic.py" line="21" name="test_almost_equal[compatible_vector_array_pair2-&lt;lambda&gt;26]" time="0.3950784206390381"></testcase><testcase classname="src.pymortests.algorithms.basic" file="src/pymortests/algorithms/basic.py" line="21" name="test_almost_equal[compatible_vector_array_pair2-&lt;lambda&gt;27]" time="0.6262116432189941"></testcase><testcase classname="src.pymortests.algorithms.basic" file="src/pymortests/algorithms/basic.py" line="21" name="test_almost_equal[compatible_vector_array_pair2-&lt;lambda&gt;28]" time="3.2947897911071777"></testcase><testcase classname="src.pymortests.algorithms.basic" file="src/pymortests/algorithms/basic.py" line="21" name="test_almost_equal[compatible_vector_array_pair2-&lt;lambda&gt;29]" time="0.22176885604858398"></testcase><testcase classname="src.pymortests.algorithms.basic" file="src/pymortests/algorithms/basic.py" line="21" name="test_almost_equal[compatible_vector_array_pair3-&lt;lambda&gt;0]" time="0.010493993759155273"></testcase><testcase classname="src.pymortests.algorithms.basic" file="src/pymortests/algorithms/basic.py" line="21" name="test_almost_equal[compatible_vector_array_pair3-&lt;lambda&gt;1]" time="0.0046749114990234375"></testcase><testcase classname="src.pymortests.algorithms.basic" file="src/pymortests/algorithms/basic.py" line="21" name="test_almost_equal[compatible_vector_array_pair3-&lt;lambda&gt;2]" time="0.024097442626953125"></testcase><testcase classname="src.pymortests.algorithms.basic" file="src/pymortests/algorithms/basic.py" line="21" name="test_almost_equal[compatible_vector_array_pair3-&lt;lambda&gt;3]" time="0.027870893478393555"></testcase><testcase classname="src.pymortests.algorithms.basic" file="src/pymortests/algorithms/basic.py" line="21" name="test_almost_equal[compatible_vector_array_pair3-&lt;lambda&gt;4]" time="0.03502345085144043"></testcase><testcase classname="src.pymortests.algorithms.basic" file="src/pymortests/algorithms/basic.py" line="21" name="test_almost_equal[compatible_vector_array_pair3-&lt;lambda&gt;5]" time="0.034273386001586914"></testcase><testcase classname="src.pymortests.algorithms.basic" file="src/pymortests/algorithms/basic.py" line="21" name="test_almost_equal[compatible_vector_array_pair3-&lt;lambda&gt;6]" time="0.009084701538085938"></testcase><testcase classname="src.pymortests.algorithms.basic" file="src/pymortests/algorithms/basic.py" line="21" name="test_almost_equal[compatible_vector_array_pair3-&lt;lambda&gt;7]" time="0.004386425018310547"></testcase><testcase classname="src.pymortests.algorithms.basic" file="src/pymortests/algorithms/basic.py" line="21" name="test_almost_equal[compatible_vector_array_pair3-&lt;lambda&gt;8]" time="0.03490614891052246"></testcase><testcase classname="src.pymortests.algorithms.basic" file="src/pymortests/algorithms/basic.py" line="21" name="test_almost_equal[compatible_vector_array_pair3-&lt;lambda&gt;9]" time="0.04549074172973633"></testcase><testcase classname="src.pymortests.algorithms.basic" file="src/pymortests/algorithms/basic.py" line="21" name="test_almost_equal[compatible_vector_array_pair3-&lt;lambda&gt;10]" time="0.14355039596557617"></testcase><testcase classname="src.pymortests.algorithms.basic" file="src/pymortests/algorithms/basic.py" line="21" name="test_almost_equal[compatible_vector_array_pair3-&lt;lambda&gt;11]" time="0.03913760185241699"></testcase><testcase classname="src.pymortests.algorithms.basic" file="src/pymortests/algorithms/basic.py" line="21" name="test_almost_equal[compatible_vector_array_pair3-&lt;lambda&gt;12]" time="0.024461984634399414"></testcase><testcase classname="src.pymortests.algorithms.basic" file="src/pymortests/algorithms/basic.py" line="21" name="test_almost_equal[compatible_vector_array_pair3-&lt;lambda&gt;13]" time="0.006986379623413086"></testcase><testcase classname="src.pymortests.algorithms.basic" file="src/pymortests/algorithms/basic.py" line="21" name="test_almost_equal[compatible_vector_array_pair3-&lt;lambda&gt;14]" time="0.03487753868103027"></testcase><testcase classname="src.pymortests.algorithms.basic" file="src/pymortests/algorithms/basic.py" line="21" name="test_almost_equal[compatible_vector_array_pair3-&lt;lambda&gt;15]" time="0.05377459526062012"></testcase><testcase classname="src.pymortests.algorithms.basic" file="src/pymortests/algorithms/basic.py" line="21" name="test_almost_equal[compatible_vector_array_pair3-&lt;lambda&gt;16]" time="0.05874347686767578"></testcase><testcase classname="src.pymortests.algorithms.basic" file="src/pymortests/algorithms/basic.py" line="21" name="test_almost_equal[compatible_vector_array_pair3-&lt;lambda&gt;17]" time="0.08347868919372559"></testcase><testcase classname="src.pymortests.algorithms.basic" file="src/pymortests/algorithms/basic.py" line="21" name="test_almost_equal[compatible_vector_array_pair3-&lt;lambda&gt;18]" time="0.03258776664733887"></testcase><testcase classname="src.pymortests.algorithms.basic" file="src/pymortests/algorithms/basic.py" line="21" name="test_almost_equal[compatible_vector_array_pair3-&lt;lambda&gt;19]" time="0.007139921188354492"></testcase><testcase classname="src.pymortests.algorithms.basic" file="src/pymortests/algorithms/basic.py" line="21" name="test_almost_equal[compatible_vector_array_pair3-&lt;lambda&gt;20]" time="0.19081783294677734"></testcase><testcase classname="src.pymortests.algorithms.basic" file="src/pymortests/algorithms/basic.py" line="21" name="test_almost_equal[compatible_vector_array_pair3-&lt;lambda&gt;21]" time="0.11095809936523438"></testcase><testcase classname="src.pymortests.algorithms.basic" file="src/pymortests/algorithms/basic.py" line="21" name="test_almost_equal[compatible_vector_array_pair3-&lt;lambda&gt;22]" time="0.3530740737915039"></testcase><testcase classname="src.pymortests.algorithms.basic" file="src/pymortests/algorithms/basic.py" line="21" name="test_almost_equal[compatible_vector_array_pair3-&lt;lambda&gt;23]" time="0.09246182441711426"></testcase><testcase classname="src.pymortests.algorithms.basic" file="src/pymortests/algorithms/basic.py" line="21" name="test_almost_equal[compatible_vector_array_pair3-&lt;lambda&gt;24]" time="0.0103912353515625"></testcase><testcase classname="src.pymortests.algorithms.basic" file="src/pymortests/algorithms/basic.py" line="21" name="test_almost_equal[compatible_vector_array_pair3-&lt;lambda&gt;25]" time="0.005734920501708984"></testcase><testcase classname="src.pymortests.algorithms.basic" file="src/pymortests/algorithms/basic.py" line="21" name="test_almost_equal[compatible_vector_array_pair3-&lt;lambda&gt;26]" time="0.3773329257965088"></testcase><testcase classname="src.pymortests.algorithms.basic" file="src/pymortests/algorithms/basic.py" line="21" name="test_almost_equal[compatible_vector_array_pair3-&lt;lambda&gt;27]" time="0.6513864994049072"></testcase><testcase classname="src.pymortests.algorithms.basic" file="src/pymortests/algorithms/basic.py" line="21" name="test_almost_equal[compatible_vector_array_pair3-&lt;lambda&gt;28]" time="3.2516884803771973"></testcase><testcase classname="src.pymortests.algorithms.basic" file="src/pymortests/algorithms/basic.py" line="21" name="test_almost_equal[compatible_vector_array_pair3-&lt;lambda&gt;29]" time="0.18741250038146973"></testcase><testcase classname="src.pymortests.algorithms.basic" file="src/pymortests/algorithms/basic.py" line="21" name="test_almost_equal[compatible_vector_array_pair4-&lt;lambda&gt;0]" time="0.00934743881225586"></testcase><testcase classname="src.pymortests.algorithms.basic" file="src/pymortests/algorithms/basic.py" line="21" name="test_almost_equal[compatible_vector_array_pair4-&lt;lambda&gt;1]" time="0.004312276840209961"></testcase><testcase classname="src.pymortests.algorithms.basic" file="src/pymortests/algorithms/basic.py" line="21" name="test_almost_equal[compatible_vector_array_pair4-&lt;lambda&gt;2]" time="0.02183246612548828"></testcase><testcase classname="src.pymortests.algorithms.basic" file="src/pymortests/algorithms/basic.py" line="21" name="test_almost_equal[compatible_vector_array_pair4-&lt;lambda&gt;3]" time="0.024198532104492188"></testcase><testcase classname="src.pymortests.algorithms.basic" file="src/pymortests/algorithms/basic.py" line="21" name="test_almost_equal[compatible_vector_array_pair4-&lt;lambda&gt;4]" time="0.03248858451843262"></testcase><testcase classname="src.pymortests.algorithms.basic" file="src/pymortests/algorithms/basic.py" line="21" name="test_almost_equal[compatible_vector_array_pair4-&lt;lambda&gt;5]" time="0.0321965217590332"></testcase><testcase classname="src.pymortests.algorithms.basic" file="src/pymortests/algorithms/basic.py" line="21" name="test_almost_equal[compatible_vector_array_pair4-&lt;lambda&gt;6]" time="0.008522987365722656"></testcase><testcase classname="src.pymortests.algorithms.basic" file="src/pymortests/algorithms/basic.py" line="21" name="test_almost_equal[compatible_vector_array_pair4-&lt;lambda&gt;7]" time="0.0040209293365478516"></testcase><testcase classname="src.pymortests.algorithms.basic" file="src/pymortests/algorithms/basic.py" line="21" name="test_almost_equal[compatible_vector_array_pair4-&lt;lambda&gt;8]" time="0.03155159950256348"></testcase><testcase classname="src.pymortests.algorithms.basic" file="src/pymortests/algorithms/basic.py" line="21" name="test_almost_equal[compatible_vector_array_pair4-&lt;lambda&gt;9]" time="0.04293036460876465"></testcase><testcase classname="src.pymortests.algorithms.basic" file="src/pymortests/algorithms/basic.py" line="21" name="test_almost_equal[compatible_vector_array_pair4-&lt;lambda&gt;10]" time="0.13471460342407227"></testcase><testcase classname="src.pymortests.algorithms.basic" file="src/pymortests/algorithms/basic.py" line="21" name="test_almost_equal[compatible_vector_array_pair4-&lt;lambda&gt;11]" time="0.03589606285095215"></testcase><testcase classname="src.pymortests.algorithms.basic" file="src/pymortests/algorithms/basic.py" line="21" name="test_almost_equal[compatible_vector_array_pair4-&lt;lambda&gt;12]" time="0.022146940231323242"></testcase><testcase classname="src.pymortests.algorithms.basic" file="src/pymortests/algorithms/basic.py" line="21" name="test_almost_equal[compatible_vector_array_pair4-&lt;lambda&gt;13]" time="0.006501436233520508"></testcase><testcase classname="src.pymortests.algorithms.basic" file="src/pymortests/algorithms/basic.py" line="21" name="test_almost_equal[compatible_vector_array_pair4-&lt;lambda&gt;14]" time="0.030564546585083008"></testcase><testcase classname="src.pymortests.algorithms.basic" file="src/pymortests/algorithms/basic.py" line="21" name="test_almost_equal[compatible_vector_array_pair4-&lt;lambda&gt;15]" time="0.04944324493408203"></testcase><testcase classname="src.pymortests.algorithms.basic" file="src/pymortests/algorithms/basic.py" line="21" name="test_almost_equal[compatible_vector_array_pair4-&lt;lambda&gt;16]" time="0.05408120155334473"></testcase><testcase classname="src.pymortests.algorithms.basic" file="src/pymortests/algorithms/basic.py" line="21" name="test_almost_equal[compatible_vector_array_pair4-&lt;lambda&gt;17]" time="0.07751798629760742"></testcase><testcase classname="src.pymortests.algorithms.basic" file="src/pymortests/algorithms/basic.py" line="21" name="test_almost_equal[compatible_vector_array_pair4-&lt;lambda&gt;18]" time="0.030429601669311523"></testcase><testcase classname="src.pymortests.algorithms.basic" file="src/pymortests/algorithms/basic.py" line="21" name="test_almost_equal[compatible_vector_array_pair4-&lt;lambda&gt;19]" time="0.0065991878509521484"></testcase><testcase classname="src.pymortests.algorithms.basic" file="src/pymortests/algorithms/basic.py" line="21" name="test_almost_equal[compatible_vector_array_pair4-&lt;lambda&gt;20]" time="0.17065191268920898"></testcase><testcase classname="src.pymortests.algorithms.basic" file="src/pymortests/algorithms/basic.py" line="21" name="test_almost_equal[compatible_vector_array_pair4-&lt;lambda&gt;21]" time="0.09755516052246094"></testcase><testcase classname="src.pymortests.algorithms.basic" file="src/pymortests/algorithms/basic.py" line="21" name="test_almost_equal[compatible_vector_array_pair4-&lt;lambda&gt;22]" time="0.3180708885192871"></testcase><testcase classname="src.pymortests.algorithms.basic" file="src/pymortests/algorithms/basic.py" line="21" name="test_almost_equal[compatible_vector_array_pair4-&lt;lambda&gt;23]" time="0.08609414100646973"></testcase><testcase classname="src.pymortests.algorithms.basic" file="src/pymortests/algorithms/basic.py" line="21" name="test_almost_equal[compatible_vector_array_pair4-&lt;lambda&gt;24]" time="0.00951838493347168"></testcase><testcase classname="src.pymortests.algorithms.basic" file="src/pymortests/algorithms/basic.py" line="21" name="test_almost_equal[compatible_vector_array_pair4-&lt;lambda&gt;25]" time="0.005941629409790039"></testcase><testcase classname="src.pymortests.algorithms.basic" file="src/pymortests/algorithms/basic.py" line="21" name="test_almost_equal[compatible_vector_array_pair4-&lt;lambda&gt;26]" time="0.36101746559143066"></testcase><testcase classname="src.pymortests.algorithms.basic" file="src/pymortests/algorithms/basic.py" line="21" name="test_almost_equal[compatible_vector_array_pair4-&lt;lambda&gt;27]" time="0.5871825218200684"></testcase><testcase classname="src.pymortests.algorithms.basic" file="src/pymortests/algorithms/basic.py" line="21" name="test_almost_equal[compatible_vector_array_pair4-&lt;lambda&gt;28]" time="3.068985939025879"></testcase><testcase classname="src.pymortests.algorithms.basic" file="src/pymortests/algorithms/basic.py" line="21" name="test_almost_equal[compatible_vector_array_pair4-&lt;lambda&gt;29]" time="0.19325923919677734"></testcase><testcase classname="src.pymortests.algorithms.basic" file="src/pymortests/algorithms/basic.py" line="21" name="test_almost_equal[compatible_vector_array_pair5-&lt;lambda&gt;0]" time="0.00925898551940918"></testcase><testcase classname="src.pymortests.algorithms.basic" file="src/pymortests/algorithms/basic.py" line="21" name="test_almost_equal[compatible_vector_array_pair5-&lt;lambda&gt;1]" time="0.004263639450073242"></testcase><testcase classname="src.pymortests.algorithms.basic" file="src/pymortests/algorithms/basic.py" line="21" name="test_almost_equal[compatible_vector_array_pair5-&lt;lambda&gt;2]" time="0.02172255516052246"></testcase><testcase classname="src.pymortests.algorithms.basic" file="src/pymortests/algorithms/basic.py" line="21" name="test_almost_equal[compatible_vector_array_pair5-&lt;lambda&gt;3]" time="0.024355173110961914"></testcase><testcase classname="src.pymortests.algorithms.basic" file="src/pymortests/algorithms/basic.py" line="21" name="test_almost_equal[compatible_vector_array_pair5-&lt;lambda&gt;4]" time="0.03264117240905762"></testcase><testcase classname="src.pymortests.algorithms.basic" file="src/pymortests/algorithms/basic.py" line="21" name="test_almost_equal[compatible_vector_array_pair5-&lt;lambda&gt;5]" time="0.03201031684875488"></testcase><testcase classname="src.pymortests.algorithms.basic" file="src/pymortests/algorithms/basic.py" line="21" name="test_almost_equal[compatible_vector_array_pair5-&lt;lambda&gt;6]" time="0.008448123931884766"></testcase><testcase classname="src.pymortests.algorithms.basic" file="src/pymortests/algorithms/basic.py" line="21" name="test_almost_equal[compatible_vector_array_pair5-&lt;lambda&gt;7]" time="0.0029594898223876953"></testcase><testcase classname="src.pymortests.algorithms.basic" file="src/pymortests/algorithms/basic.py" line="21" name="test_almost_equal[compatible_vector_array_pair5-&lt;lambda&gt;8]" time="0.03200340270996094"></testcase><testcase classname="src.pymortests.algorithms.basic" file="src/pymortests/algorithms/basic.py" line="21" name="test_almost_equal[compatible_vector_array_pair5-&lt;lambda&gt;9]" time="0.04294157028198242"></testcase><testcase classname="src.pymortests.algorithms.basic" file="src/pymortests/algorithms/basic.py" line="21" name="test_almost_equal[compatible_vector_array_pair5-&lt;lambda&gt;10]" time="0.1379847526550293"></testcase><testcase classname="src.pymortests.algorithms.basic" file="src/pymortests/algorithms/basic.py" line="21" name="test_almost_equal[compatible_vector_array_pair5-&lt;lambda&gt;11]" time="0.035924673080444336"></testcase><testcase classname="src.pymortests.algorithms.basic" file="src/pymortests/algorithms/basic.py" line="21" name="test_almost_equal[compatible_vector_array_pair5-&lt;lambda&gt;12]" time="0.022428035736083984"></testcase><testcase classname="src.pymortests.algorithms.basic" file="src/pymortests/algorithms/basic.py" line="21" name="test_almost_equal[compatible_vector_array_pair5-&lt;lambda&gt;13]" time="0.006451606750488281"></testcase><testcase classname="src.pymortests.algorithms.basic" file="src/pymortests/algorithms/basic.py" line="21" name="test_almost_equal[compatible_vector_array_pair5-&lt;lambda&gt;14]" time="0.03016185760498047"></testcase><testcase classname="src.pymortests.algorithms.basic" file="src/pymortests/algorithms/basic.py" line="21" name="test_almost_equal[compatible_vector_array_pair5-&lt;lambda&gt;15]" time="0.050188541412353516"></testcase><testcase classname="src.pymortests.algorithms.basic" file="src/pymortests/algorithms/basic.py" line="21" name="test_almost_equal[compatible_vector_array_pair5-&lt;lambda&gt;16]" time="0.0545201301574707"></testcase><testcase classname="src.pymortests.algorithms.basic" file="src/pymortests/algorithms/basic.py" line="21" name="test_almost_equal[compatible_vector_array_pair5-&lt;lambda&gt;17]" time="0.07703518867492676"></testcase><testcase classname="src.pymortests.algorithms.basic" file="src/pymortests/algorithms/basic.py" line="21" name="test_almost_equal[compatible_vector_array_pair5-&lt;lambda&gt;18]" time="0.0302581787109375"></testcase><testcase classname="src.pymortests.algorithms.basic" file="src/pymortests/algorithms/basic.py" line="21" name="test_almost_equal[compatible_vector_array_pair5-&lt;lambda&gt;19]" time="0.006711006164550781"></testcase><testcase classname="src.pymortests.algorithms.basic" file="src/pymortests/algorithms/basic.py" line="21" name="test_almost_equal[compatible_vector_array_pair5-&lt;lambda&gt;20]" time="0.175856351852417"></testcase><testcase classname="src.pymortests.algorithms.basic" file="src/pymortests/algorithms/basic.py" line="21" name="test_almost_equal[compatible_vector_array_pair5-&lt;lambda&gt;21]" time="0.09896683692932129"></testcase><testcase classname="src.pymortests.algorithms.basic" file="src/pymortests/algorithms/basic.py" line="21" name="test_almost_equal[compatible_vector_array_pair5-&lt;lambda&gt;22]" time="0.3354668617248535"></testcase><testcase classname="src.pymortests.algorithms.basic" file="src/pymortests/algorithms/basic.py" line="21" name="test_almost_equal[compatible_vector_array_pair5-&lt;lambda&gt;23]" time="0.08554506301879883"></testcase><testcase classname="src.pymortests.algorithms.basic" file="src/pymortests/algorithms/basic.py" line="21" name="test_almost_equal[compatible_vector_array_pair5-&lt;lambda&gt;24]" time="0.009366750717163086"></testcase><testcase classname="src.pymortests.algorithms.basic" file="src/pymortests/algorithms/basic.py" line="21" name="test_almost_equal[compatible_vector_array_pair5-&lt;lambda&gt;25]" time="0.005893707275390625"></testcase><testcase classname="src.pymortests.algorithms.basic" file="src/pymortests/algorithms/basic.py" line="21" name="test_almost_equal[compatible_vector_array_pair5-&lt;lambda&gt;26]" time="0.364717960357666"></testcase><testcase classname="src.pymortests.algorithms.basic" file="src/pymortests/algorithms/basic.py" line="21" name="test_almost_equal[compatible_vector_array_pair5-&lt;lambda&gt;27]" time="0.5922214984893799"></testcase><testcase classname="src.pymortests.algorithms.basic" file="src/pymortests/algorithms/basic.py" line="21" name="test_almost_equal[compatible_vector_array_pair5-&lt;lambda&gt;28]" time="3.0686800479888916"></testcase><testcase classname="src.pymortests.algorithms.basic" file="src/pymortests/algorithms/basic.py" line="21" name="test_almost_equal[compatible_vector_array_pair5-&lt;lambda&gt;29]" time="0.18661046028137207"></testcase><testcase classname="src.pymortests.algorithms.basic" file="src/pymortests/algorithms/basic.py" line="21" name="test_almost_equal[compatible_vector_array_pair6-&lt;lambda&gt;0]" time="0.009241104125976562"></testcase><testcase classname="src.pymortests.algorithms.basic" file="src/pymortests/algorithms/basic.py" line="21" name="test_almost_equal[compatible_vector_array_pair6-&lt;lambda&gt;1]" time="0.0043087005615234375"></testcase><testcase classname="src.pymortests.algorithms.basic" file="src/pymortests/algorithms/basic.py" line="21" name="test_almost_equal[compatible_vector_array_pair6-&lt;lambda&gt;2]" time="0.021752595901489258"></testcase><testcase classname="src.pymortests.algorithms.basic" file="src/pymortests/algorithms/basic.py" line="21" name="test_almost_equal[compatible_vector_array_pair6-&lt;lambda&gt;3]" time="0.02453327178955078"></testcase><testcase classname="src.pymortests.algorithms.basic" file="src/pymortests/algorithms/basic.py" line="21" name="test_almost_equal[compatible_vector_array_pair6-&lt;lambda&gt;4]" time="0.03252243995666504"></testcase><testcase classname="src.pymortests.algorithms.basic" file="src/pymortests/algorithms/basic.py" line="21" name="test_almost_equal[compatible_vector_array_pair6-&lt;lambda&gt;5]" time="0.03175091743469238"></testcase><testcase classname="src.pymortests.algorithms.basic" file="src/pymortests/algorithms/basic.py" line="21" name="test_almost_equal[compatible_vector_array_pair6-&lt;lambda&gt;6]" time="0.008362770080566406"></testcase><testcase classname="src.pymortests.algorithms.basic" file="src/pymortests/algorithms/basic.py" line="21" name="test_almost_equal[compatible_vector_array_pair6-&lt;lambda&gt;7]" time="0.0029447078704833984"></testcase><testcase classname="src.pymortests.algorithms.basic" file="src/pymortests/algorithms/basic.py" line="21" name="test_almost_equal[compatible_vector_array_pair6-&lt;lambda&gt;8]" time="0.03151702880859375"></testcase><testcase classname="src.pymortests.algorithms.basic" file="src/pymortests/algorithms/basic.py" line="21" name="test_almost_equal[compatible_vector_array_pair6-&lt;lambda&gt;9]" time="0.042520761489868164"></testcase><testcase classname="src.pymortests.algorithms.basic" file="src/pymortests/algorithms/basic.py" line="21" name="test_almost_equal[compatible_vector_array_pair6-&lt;lambda&gt;10]" time="0.1343686580657959"></testcase><testcase classname="src.pymortests.algorithms.basic" file="src/pymortests/algorithms/basic.py" line="21" name="test_almost_equal[compatible_vector_array_pair6-&lt;lambda&gt;11]" time="0.036203861236572266"></testcase><testcase classname="src.pymortests.algorithms.basic" file="src/pymortests/algorithms/basic.py" line="21" name="test_almost_equal[compatible_vector_array_pair6-&lt;lambda&gt;12]" time="0.022289037704467773"></testcase><testcase classname="src.pymortests.algorithms.basic" file="src/pymortests/algorithms/basic.py" line="21" name="test_almost_equal[compatible_vector_array_pair6-&lt;lambda&gt;13]" time="0.006331920623779297"></testcase><testcase classname="src.pymortests.algorithms.basic" file="src/pymortests/algorithms/basic.py" line="21" name="test_almost_equal[compatible_vector_array_pair6-&lt;lambda&gt;14]" time="0.030283451080322266"></testcase><testcase classname="src.pymortests.algorithms.basic" file="src/pymortests/algorithms/basic.py" line="21" name="test_almost_equal[compatible_vector_array_pair6-&lt;lambda&gt;15]" time="0.04973554611206055"></testcase><testcase classname="src.pymortests.algorithms.basic" file="src/pymortests/algorithms/basic.py" line="21" name="test_almost_equal[compatible_vector_array_pair6-&lt;lambda&gt;16]" time="0.05468416213989258"></testcase><testcase classname="src.pymortests.algorithms.basic" file="src/pymortests/algorithms/basic.py" line="21" name="test_almost_equal[compatible_vector_array_pair6-&lt;lambda&gt;17]" time="0.07684612274169922"></testcase><testcase classname="src.pymortests.algorithms.basic" file="src/pymortests/algorithms/basic.py" line="21" name="test_almost_equal[compatible_vector_array_pair6-&lt;lambda&gt;18]" time="0.03016972541809082"></testcase><testcase classname="src.pymortests.algorithms.basic" file="src/pymortests/algorithms/basic.py" line="21" name="test_almost_equal[compatible_vector_array_pair6-&lt;lambda&gt;19]" time="0.0063762664794921875"></testcase><testcase classname="src.pymortests.algorithms.basic" file="src/pymortests/algorithms/basic.py" line="21" name="test_almost_equal[compatible_vector_array_pair6-&lt;lambda&gt;20]" time="0.16730022430419922"></testcase><testcase classname="src.pymortests.algorithms.basic" file="src/pymortests/algorithms/basic.py" line="21" name="test_almost_equal[compatible_vector_array_pair6-&lt;lambda&gt;21]" time="0.09738039970397949"></testcase><testcase classname="src.pymortests.algorithms.basic" file="src/pymortests/algorithms/basic.py" line="21" name="test_almost_equal[compatible_vector_array_pair6-&lt;lambda&gt;22]" time="0.3116919994354248"></testcase><testcase classname="src.pymortests.algorithms.basic" file="src/pymortests/algorithms/basic.py" line="21" name="test_almost_equal[compatible_vector_array_pair6-&lt;lambda&gt;23]" time="0.08562016487121582"></testcase><testcase classname="src.pymortests.algorithms.basic" file="src/pymortests/algorithms/basic.py" line="21" name="test_almost_equal[compatible_vector_array_pair6-&lt;lambda&gt;24]" time="0.009450674057006836"></testcase><testcase classname="src.pymortests.algorithms.basic" file="src/pymortests/algorithms/basic.py" line="21" name="test_almost_equal[compatible_vector_array_pair6-&lt;lambda&gt;25]" time="0.004965782165527344"></testcase><testcase classname="src.pymortests.algorithms.basic" file="src/pymortests/algorithms/basic.py" line="21" name="test_almost_equal[compatible_vector_array_pair6-&lt;lambda&gt;26]" time="0.3421807289123535"></testcase><testcase classname="src.pymortests.algorithms.basic" file="src/pymortests/algorithms/basic.py" line="21" name="test_almost_equal[compatible_vector_array_pair6-&lt;lambda&gt;27]" time="0.5770995616912842"></testcase><testcase classname="src.pymortests.algorithms.basic" file="src/pymortests/algorithms/basic.py" line="21" name="test_almost_equal[compatible_vector_array_pair6-&lt;lambda&gt;28]" time="3.008279800415039"></testcase><testcase classname="src.pymortests.algorithms.basic" file="src/pymortests/algorithms/basic.py" line="21" name="test_almost_equal[compatible_vector_array_pair6-&lt;lambda&gt;29]" time="0.18702983856201172"></testcase><testcase classname="src.pymortests.algorithms.basic" file="src/pymortests/algorithms/basic.py" line="21" name="test_almost_equal[compatible_vector_array_pair7-&lt;lambda&gt;0]" time="0.009451627731323242"></testcase><testcase classname="src.pymortests.algorithms.basic" file="src/pymortests/algorithms/basic.py" line="21" name="test_almost_equal[compatible_vector_array_pair7-&lt;lambda&gt;1]" time="0.004434108734130859"></testcase><testcase classname="src.pymortests.algorithms.basic" file="src/pymortests/algorithms/basic.py" line="21" name="test_almost_equal[compatible_vector_array_pair7-&lt;lambda&gt;2]" time="0.02187490463256836"></testcase><testcase classname="src.pymortests.algorithms.basic" file="src/pymortests/algorithms/basic.py" line="21" name="test_almost_equal[compatible_vector_array_pair7-&lt;lambda&gt;3]" time="0.02637171745300293"></testcase><testcase classname="src.pymortests.algorithms.basic" file="src/pymortests/algorithms/basic.py" line="21" name="test_almost_equal[compatible_vector_array_pair7-&lt;lambda&gt;4]" time="0.03284931182861328"></testcase><testcase classname="src.pymortests.algorithms.basic" file="src/pymortests/algorithms/basic.py" line="21" name="test_almost_equal[compatible_vector_array_pair7-&lt;lambda&gt;5]" time="0.03216743469238281"></testcase><testcase classname="src.pymortests.algorithms.basic" file="src/pymortests/algorithms/basic.py" line="21" name="test_almost_equal[compatible_vector_array_pair7-&lt;lambda&gt;6]" time="0.008843183517456055"></testcase><testcase classname="src.pymortests.algorithms.basic" file="src/pymortests/algorithms/basic.py" line="21" name="test_almost_equal[compatible_vector_array_pair7-&lt;lambda&gt;7]" time="0.004096031188964844"></testcase><testcase classname="src.pymortests.algorithms.basic" file="src/pymortests/algorithms/basic.py" line="21" name="test_almost_equal[compatible_vector_array_pair7-&lt;lambda&gt;8]" time="0.03197813034057617"></testcase><testcase classname="src.pymortests.algorithms.basic" file="src/pymortests/algorithms/basic.py" line="21" name="test_almost_equal[compatible_vector_array_pair7-&lt;lambda&gt;9]" time="0.043210744857788086"></testcase><testcase classname="src.pymortests.algorithms.basic" file="src/pymortests/algorithms/basic.py" line="21" name="test_almost_equal[compatible_vector_array_pair7-&lt;lambda&gt;10]" time="0.13579797744750977"></testcase><testcase classname="src.pymortests.algorithms.basic" file="src/pymortests/algorithms/basic.py" line="21" name="test_almost_equal[compatible_vector_array_pair7-&lt;lambda&gt;11]" time="0.036422014236450195"></testcase><testcase classname="src.pymortests.algorithms.basic" file="src/pymortests/algorithms/basic.py" line="21" name="test_almost_equal[compatible_vector_array_pair7-&lt;lambda&gt;12]" time="0.0224456787109375"></testcase><testcase classname="src.pymortests.algorithms.basic" file="src/pymortests/algorithms/basic.py" line="21" name="test_almost_equal[compatible_vector_array_pair7-&lt;lambda&gt;13]" time="0.006501436233520508"></testcase><testcase classname="src.pymortests.algorithms.basic" file="src/pymortests/algorithms/basic.py" line="21" name="test_almost_equal[compatible_vector_array_pair7-&lt;lambda&gt;14]" time="0.030567169189453125"></testcase><testcase classname="src.pymortests.algorithms.basic" file="src/pymortests/algorithms/basic.py" line="21" name="test_almost_equal[compatible_vector_array_pair7-&lt;lambda&gt;15]" time="0.04997587203979492"></testcase><testcase classname="src.pymortests.algorithms.basic" file="src/pymortests/algorithms/basic.py" line="21" name="test_almost_equal[compatible_vector_array_pair7-&lt;lambda&gt;16]" time="0.05466270446777344"></testcase><testcase classname="src.pymortests.algorithms.basic" file="src/pymortests/algorithms/basic.py" line="21" name="test_almost_equal[compatible_vector_array_pair7-&lt;lambda&gt;17]" time="0.07703065872192383"></testcase><testcase classname="src.pymortests.algorithms.basic" file="src/pymortests/algorithms/basic.py" line="21" name="test_almost_equal[compatible_vector_array_pair7-&lt;lambda&gt;18]" time="0.030536890029907227"></testcase><testcase classname="src.pymortests.algorithms.basic" file="src/pymortests/algorithms/basic.py" line="21" name="test_almost_equal[compatible_vector_array_pair7-&lt;lambda&gt;19]" time="0.006740093231201172"></testcase><testcase classname="src.pymortests.algorithms.basic" file="src/pymortests/algorithms/basic.py" line="21" name="test_almost_equal[compatible_vector_array_pair7-&lt;lambda&gt;20]" time="0.1730504035949707"></testcase><testcase classname="src.pymortests.algorithms.basic" file="src/pymortests/algorithms/basic.py" line="21" name="test_almost_equal[compatible_vector_array_pair7-&lt;lambda&gt;21]" time="0.09807705879211426"></testcase><testcase classname="src.pymortests.algorithms.basic" file="src/pymortests/algorithms/basic.py" line="21" name="test_almost_equal[compatible_vector_array_pair7-&lt;lambda&gt;22]" time="0.33606481552124023"></testcase><testcase classname="src.pymortests.algorithms.basic" file="src/pymortests/algorithms/basic.py" line="21" name="test_almost_equal[compatible_vector_array_pair7-&lt;lambda&gt;23]" time="0.08551812171936035"></testcase><testcase classname="src.pymortests.algorithms.basic" file="src/pymortests/algorithms/basic.py" line="21" name="test_almost_equal[compatible_vector_array_pair7-&lt;lambda&gt;24]" time="0.009638786315917969"></testcase><testcase classname="src.pymortests.algorithms.basic" file="src/pymortests/algorithms/basic.py" line="21" name="test_almost_equal[compatible_vector_array_pair7-&lt;lambda&gt;25]" time="0.006020545959472656"></testcase><testcase classname="src.pymortests.algorithms.basic" file="src/pymortests/algorithms/basic.py" line="21" name="test_almost_equal[compatible_vector_array_pair7-&lt;lambda&gt;26]" time="0.3643302917480469"></testcase><testcase classname="src.pymortests.algorithms.basic" file="src/pymortests/algorithms/basic.py" line="21" name="test_almost_equal[compatible_vector_array_pair7-&lt;lambda&gt;27]" time="0.595933198928833"></testcase><testcase classname="src.pymortests.algorithms.basic" file="src/pymortests/algorithms/basic.py" line="21" name="test_almost_equal[compatible_vector_array_pair7-&lt;lambda&gt;28]" time="3.0827388763427734"></testcase><testcase classname="src.pymortests.algorithms.basic" file="src/pymortests/algorithms/basic.py" line="21" name="test_almost_equal[compatible_vector_array_pair7-&lt;lambda&gt;29]" time="0.18894433975219727"></testcase><testcase classname="src.pymortests.algorithms.basic" file="src/pymortests/algorithms/basic.py" line="21" name="test_almost_equal[compatible_vector_array_pair8-&lt;lambda&gt;0]" time="0.009373903274536133"></testcase><testcase classname="src.pymortests.algorithms.basic" file="src/pymortests/algorithms/basic.py" line="21" name="test_almost_equal[compatible_vector_array_pair8-&lt;lambda&gt;1]" time="0.004393815994262695"></testcase><testcase classname="src.pymortests.algorithms.basic" file="src/pymortests/algorithms/basic.py" line="21" name="test_almost_equal[compatible_vector_array_pair8-&lt;lambda&gt;2]" time="0.02176833152770996"></testcase><testcase classname="src.pymortests.algorithms.basic" file="src/pymortests/algorithms/basic.py" line="21" name="test_almost_equal[compatible_vector_array_pair8-&lt;lambda&gt;3]" time="0.024722814559936523"></testcase><testcase classname="src.pymortests.algorithms.basic" file="src/pymortests/algorithms/basic.py" line="21" name="test_almost_equal[compatible_vector_array_pair8-&lt;lambda&gt;4]" time="0.033171892166137695"></testcase><testcase classname="src.pymortests.algorithms.basic" file="src/pymortests/algorithms/basic.py" line="21" name="test_almost_equal[compatible_vector_array_pair8-&lt;lambda&gt;5]" time="0.0323488712310791"></testcase><testcase classname="src.pymortests.algorithms.basic" file="src/pymortests/algorithms/basic.py" line="21" name="test_almost_equal[compatible_vector_array_pair8-&lt;lambda&gt;6]" time="0.008732318878173828"></testcase><testcase classname="src.pymortests.algorithms.basic" file="src/pymortests/algorithms/basic.py" line="21" name="test_almost_equal[compatible_vector_array_pair8-&lt;lambda&gt;7]" time="0.004231452941894531"></testcase><testcase classname="src.pymortests.algorithms.basic" file="src/pymortests/algorithms/basic.py" line="21" name="test_almost_equal[compatible_vector_array_pair8-&lt;lambda&gt;8]" time="0.03223133087158203"></testcase><testcase classname="src.pymortests.algorithms.basic" file="src/pymortests/algorithms/basic.py" line="21" name="test_almost_equal[compatible_vector_array_pair8-&lt;lambda&gt;9]" time="0.04319620132446289"></testcase><testcase classname="src.pymortests.algorithms.basic" file="src/pymortests/algorithms/basic.py" line="21" name="test_almost_equal[compatible_vector_array_pair8-&lt;lambda&gt;10]" time="0.13609552383422852"></testcase><testcase classname="src.pymortests.algorithms.basic" file="src/pymortests/algorithms/basic.py" line="21" name="test_almost_equal[compatible_vector_array_pair8-&lt;lambda&gt;11]" time="0.03718256950378418"></testcase><testcase classname="src.pymortests.algorithms.basic" file="src/pymortests/algorithms/basic.py" line="21" name="test_almost_equal[compatible_vector_array_pair8-&lt;lambda&gt;12]" time="0.022661447525024414"></testcase><testcase classname="src.pymortests.algorithms.basic" file="src/pymortests/algorithms/basic.py" line="21" name="test_almost_equal[compatible_vector_array_pair8-&lt;lambda&gt;13]" time="0.006869077682495117"></testcase><testcase classname="src.pymortests.algorithms.basic" file="src/pymortests/algorithms/basic.py" line="21" name="test_almost_equal[compatible_vector_array_pair8-&lt;lambda&gt;14]" time="0.030745506286621094"></testcase><testcase classname="src.pymortests.algorithms.basic" file="src/pymortests/algorithms/basic.py" line="21" name="test_almost_equal[compatible_vector_array_pair8-&lt;lambda&gt;15]" time="0.04983687400817871"></testcase><testcase classname="src.pymortests.algorithms.basic" file="src/pymortests/algorithms/basic.py" line="21" name="test_almost_equal[compatible_vector_array_pair8-&lt;lambda&gt;16]" time="0.05453062057495117"></testcase><testcase classname="src.pymortests.algorithms.basic" file="src/pymortests/algorithms/basic.py" line="21" name="test_almost_equal[compatible_vector_array_pair8-&lt;lambda&gt;17]" time="0.07768011093139648"></testcase><testcase classname="src.pymortests.algorithms.basic" file="src/pymortests/algorithms/basic.py" line="21" name="test_almost_equal[compatible_vector_array_pair8-&lt;lambda&gt;18]" time="0.030717134475708008"></testcase><testcase classname="src.pymortests.algorithms.basic" file="src/pymortests/algorithms/basic.py" line="21" name="test_almost_equal[compatible_vector_array_pair8-&lt;lambda&gt;19]" time="0.0065882205963134766"></testcase><testcase classname="src.pymortests.algorithms.basic" file="src/pymortests/algorithms/basic.py" line="21" name="test_almost_equal[compatible_vector_array_pair8-&lt;lambda&gt;20]" time="0.17186594009399414"></testcase><testcase classname="src.pymortests.algorithms.basic" file="src/pymortests/algorithms/basic.py" line="21" name="test_almost_equal[compatible_vector_array_pair8-&lt;lambda&gt;21]" time="0.09833335876464844"></testcase><testcase classname="src.pymortests.algorithms.basic" file="src/pymortests/algorithms/basic.py" line="21" name="test_almost_equal[compatible_vector_array_pair8-&lt;lambda&gt;22]" time="0.3238065242767334"></testcase><testcase classname="src.pymortests.algorithms.basic" file="src/pymortests/algorithms/basic.py" line="21" name="test_almost_equal[compatible_vector_array_pair8-&lt;lambda&gt;23]" time="0.08607745170593262"></testcase><testcase classname="src.pymortests.algorithms.basic" file="src/pymortests/algorithms/basic.py" line="21" name="test_almost_equal[compatible_vector_array_pair8-&lt;lambda&gt;24]" time="0.009707927703857422"></testcase><testcase classname="src.pymortests.algorithms.basic" file="src/pymortests/algorithms/basic.py" line="21" name="test_almost_equal[compatible_vector_array_pair8-&lt;lambda&gt;25]" time="0.006079196929931641"></testcase><testcase classname="src.pymortests.algorithms.basic" file="src/pymortests/algorithms/basic.py" line="21" name="test_almost_equal[compatible_vector_array_pair8-&lt;lambda&gt;26]" time="0.3632478713989258"></testcase><testcase classname="src.pymortests.algorithms.basic" file="src/pymortests/algorithms/basic.py" line="21" name="test_almost_equal[compatible_vector_array_pair8-&lt;lambda&gt;27]" time="0.5894277095794678"></testcase><testcase classname="src.pymortests.algorithms.basic" file="src/pymortests/algorithms/basic.py" line="21" name="test_almost_equal[compatible_vector_array_pair8-&lt;lambda&gt;28]" time="3.0543742179870605"></testcase><testcase classname="src.pymortests.algorithms.basic" file="src/pymortests/algorithms/basic.py" line="21" name="test_almost_equal[compatible_vector_array_pair8-&lt;lambda&gt;29]" time="0.18923258781433105"></testcase><testcase classname="src.pymortests.algorithms.basic" file="src/pymortests/algorithms/basic.py" line="41" name="test_almost_equal_product[&lt;lambda&gt;0]" time="0.09903907775878906"><system-err>14:10 DiffusionOperatorP1: Calulate gradients of shape functions transformed by reference map ...
14:10 DiffusionOperatorP1: Calculate all local scalar products beween gradients ...
14:10 DiffusionOperatorP1: Determine global dofs ...
14:10 DiffusionOperatorP1: Boundary treatment ...
14:10 DiffusionOperatorP1: Assemble system matrix ...
14:10 DiffusionOperatorP1: Calulate gradients of shape functions transformed by reference map ...
14:10 DiffusionOperatorP1: Calculate all local scalar products beween gradients ...
14:10 DiffusionOperatorP1: Determine global dofs ...
14:10 DiffusionOperatorP1: Boundary treatment ...
14:10 DiffusionOperatorP1: Assemble system matrix ...
14:10 DiffusionOperatorP1: Calulate gradients of shape functions transformed by reference map ...
14:10 DiffusionOperatorP1: Calculate all local scalar products beween gradients ...
14:10 DiffusionOperatorP1: Determine global dofs ...
14:10 DiffusionOperatorP1: Boundary treatment ...
14:10 DiffusionOperatorP1: Assemble system matrix ...
14:10 DiffusionOperatorP1: Calulate gradients of shape functions transformed by reference map ...
14:10 DiffusionOperatorP1: Calculate all local scalar products beween gradients ...
14:10 DiffusionOperatorP1: Determine global dofs ...
14:10 DiffusionOperatorP1: Boundary treatment ...
14:10 DiffusionOperatorP1: Assemble system matrix ...
14:10 DiffusionOperatorP1: Calulate gradients of shape functions transformed by reference map ...
14:10 DiffusionOperatorP1: Calculate all local scalar products beween gradients ...
14:10 DiffusionOperatorP1: Determine global dofs ...
14:10 DiffusionOperatorP1: Boundary treatment ...
14:10 DiffusionOperatorP1: Assemble system matrix ...
14:10 L2ProductP1: Integrate the products of the shape functions on each element
14:10 L2ProductP1: Determine global dofs ...
14:10 L2ProductP1: Boundary treatment ...
14:10 L2ProductP1: Assemble system matrix ...
14:10 DiffusionOperatorP1: Calulate gradients of shape functions transformed by reference map ...
14:10 DiffusionOperatorP1: Calculate all local scalar products beween gradients ...
14:10 DiffusionOperatorP1: Determine global dofs ...
14:10 DiffusionOperatorP1: Boundary treatment ...
14:10 DiffusionOperatorP1: Assemble system matrix ...
14:10 L2ProductP1: Integrate the products of the shape functions on each element
14:10 L2ProductP1: Determine global dofs ...
14:10 L2ProductP1: Boundary treatment ...
14:10 L2ProductP1: Assemble system matrix ...
14:10 DiffusionOperatorP1: Calulate gradients of shape functions transformed by reference map ...
14:10 DiffusionOperatorP1: Calculate all local scalar products beween gradients ...
14:10 DiffusionOperatorP1: Determine global dofs ...
14:10 DiffusionOperatorP1: Boundary treatment ...
14:10 DiffusionOperatorP1: Assemble system matrix ...
</system-err></testcase><testcase classname="src.pymortests.algorithms.basic" file="src/pymortests/algorithms/basic.py" line="41" name="test_almost_equal_product[&lt;lambda&gt;1]" time="0.07162809371948242"><system-err>14:10 DiffusionOperatorP1: Calulate gradients of shape functions transformed by reference map ...
14:10 DiffusionOperatorP1: Calculate all local scalar products beween gradients ...
14:10 DiffusionOperatorP1: Determine global dofs ...
14:10 DiffusionOperatorP1: Boundary treatment ...
14:10 DiffusionOperatorP1: Assemble system matrix ...
14:10 DiffusionOperatorP1: Calulate gradients of shape functions transformed by reference map ...
14:10 DiffusionOperatorP1: Calculate all local scalar products beween gradients ...
14:10 DiffusionOperatorP1: Determine global dofs ...
14:10 DiffusionOperatorP1: Boundary treatment ...
14:10 DiffusionOperatorP1: Assemble system matrix ...
14:10 L2ProductP1: Integrate the products of the shape functions on each element
14:10 L2ProductP1: Determine global dofs ...
14:10 L2ProductP1: Boundary treatment ...
14:10 L2ProductP1: Assemble system matrix ...
14:10 DiffusionOperatorP1: Calulate gradients of shape functions transformed by reference map ...
14:10 DiffusionOperatorP1: Calculate all local scalar products beween gradients ...
14:10 DiffusionOperatorP1: Determine global dofs ...
14:10 DiffusionOperatorP1: Boundary treatment ...
14:10 DiffusionOperatorP1: Assemble system matrix ...
14:10 L2ProductP1: Integrate the products of the shape functions on each element
14:10 L2ProductP1: Determine global dofs ...
14:10 L2ProductP1: Boundary treatment ...
14:10 L2ProductP1: Assemble system matrix ...
14:10 DiffusionOperatorP1: Calulate gradients of shape functions transformed by reference map ...
14:10 DiffusionOperatorP1: Calculate all local scalar products beween gradients ...
14:10 DiffusionOperatorP1: Determine global dofs ...
14:10 DiffusionOperatorP1: Boundary treatment ...
14:10 DiffusionOperatorP1: Assemble system matrix ...
</system-err></testcase><testcase classname="src.pymortests.algorithms.basic" file="src/pymortests/algorithms/basic.py" line="41" name="test_almost_equal_product[&lt;lambda&gt;2]" time="0.07639694213867188"><system-err>14:10 DiffusionOperatorP1: Calulate gradients of shape functions transformed by reference map ...
14:10 DiffusionOperatorP1: Calculate all local scalar products beween gradients ...
14:10 DiffusionOperatorP1: Determine global dofs ...
14:10 DiffusionOperatorP1: Boundary treatment ...
14:10 DiffusionOperatorP1: Assemble system matrix ...
14:10 DiffusionOperatorP1: Calulate gradients of shape functions transformed by reference map ...
14:10 DiffusionOperatorP1: Calculate all local scalar products beween gradients ...
14:10 DiffusionOperatorP1: Determine global dofs ...
14:10 DiffusionOperatorP1: Boundary treatment ...
14:10 DiffusionOperatorP1: Assemble system matrix ...
14:10 DiffusionOperatorP1: Calulate gradients of shape functions transformed by reference map ...
14:10 DiffusionOperatorP1: Calculate all local scalar products beween gradients ...
14:10 DiffusionOperatorP1: Determine global dofs ...
14:10 DiffusionOperatorP1: Boundary treatment ...
14:10 DiffusionOperatorP1: Assemble system matrix ...
14:10 DiffusionOperatorP1: Calulate gradients of shape functions transformed by reference map ...
14:10 DiffusionOperatorP1: Calculate all local scalar products beween gradients ...
14:10 DiffusionOperatorP1: Determine global dofs ...
14:10 DiffusionOperatorP1: Boundary treatment ...
14:10 DiffusionOperatorP1: Assemble system matrix ...
14:10 DiffusionOperatorP1: Calulate gradients of shape functions transformed by reference map ...
14:10 DiffusionOperatorP1: Calculate all local scalar products beween gradients ...
14:10 DiffusionOperatorP1: Determine global dofs ...
14:10 DiffusionOperatorP1: Boundary treatment ...
14:10 DiffusionOperatorP1: Assemble system matrix ...
14:10 L2ProductP1: Integrate the products of the shape functions on each element
14:10 L2ProductP1: Determine global dofs ...
14:10 L2ProductP1: Boundary treatment ...
14:10 L2ProductP1: Assemble system matrix ...
14:10 DiffusionOperatorP1: Calulate gradients of shape functions transformed by reference map ...
14:10 DiffusionOperatorP1: Calculate all local scalar products beween gradients ...
14:10 DiffusionOperatorP1: Determine global dofs ...
14:10 DiffusionOperatorP1: Boundary treatment ...
14:10 DiffusionOperatorP1: Assemble system matrix ...
14:10 L2ProductP1: Integrate the products of the shape functions on each element
14:10 L2ProductP1: Determine global dofs ...
14:10 L2ProductP1: Boundary treatment ...
14:10 L2ProductP1: Assemble system matrix ...
14:10 DiffusionOperatorP1: Calulate gradients of shape functions transformed by reference map ...
14:10 DiffusionOperatorP1: Calculate all local scalar products beween gradients ...
14:10 DiffusionOperatorP1: Determine global dofs ...
14:10 DiffusionOperatorP1: Boundary treatment ...
14:10 DiffusionOperatorP1: Assemble system matrix ...
</system-err></testcase><testcase classname="src.pymortests.algorithms.basic" file="src/pymortests/algorithms/basic.py" line="41" name="test_almost_equal_product[&lt;lambda&gt;3]" time="0.07263994216918945"><system-err>14:10 DiffusionOperatorP1: Calulate gradients of shape functions transformed by reference map ...
14:10 DiffusionOperatorP1: Calculate all local scalar products beween gradients ...
14:10 DiffusionOperatorP1: Determine global dofs ...
14:10 DiffusionOperatorP1: Boundary treatment ...
14:10 DiffusionOperatorP1: Assemble system matrix ...
14:10 DiffusionOperatorP1: Calulate gradients of shape functions transformed by reference map ...
14:10 DiffusionOperatorP1: Calculate all local scalar products beween gradients ...
14:10 DiffusionOperatorP1: Determine global dofs ...
14:10 DiffusionOperatorP1: Boundary treatment ...
14:10 DiffusionOperatorP1: Assemble system matrix ...
14:10 L2ProductP1: Integrate the products of the shape functions on each element
14:10 L2ProductP1: Determine global dofs ...
14:10 L2ProductP1: Boundary treatment ...
14:10 L2ProductP1: Assemble system matrix ...
14:10 DiffusionOperatorP1: Calulate gradients of shape functions transformed by reference map ...
14:10 DiffusionOperatorP1: Calculate all local scalar products beween gradients ...
14:10 DiffusionOperatorP1: Determine global dofs ...
14:10 DiffusionOperatorP1: Boundary treatment ...
14:10 DiffusionOperatorP1: Assemble system matrix ...
14:10 L2ProductP1: Integrate the products of the shape functions on each element
14:10 L2ProductP1: Determine global dofs ...
14:10 L2ProductP1: Boundary treatment ...
14:10 L2ProductP1: Assemble system matrix ...
14:10 DiffusionOperatorP1: Calulate gradients of shape functions transformed by reference map ...
14:10 DiffusionOperatorP1: Calculate all local scalar products beween gradients ...
14:10 DiffusionOperatorP1: Determine global dofs ...
14:10 DiffusionOperatorP1: Boundary treatment ...
14:10 DiffusionOperatorP1: Assemble system matrix ...
</system-err></testcase><testcase classname="src.pymortests.algorithms.basic" file="src/pymortests/algorithms/basic.py" line="41" name="test_almost_equal_product[&lt;lambda&gt;4]" time="0.07566452026367188"><system-err>14:10 DiffusionOperatorP1: Calulate gradients of shape functions transformed by reference map ...
14:10 DiffusionOperatorP1: Calculate all local scalar products beween gradients ...
14:10 DiffusionOperatorP1: Determine global dofs ...
14:10 DiffusionOperatorP1: Boundary treatment ...
14:10 DiffusionOperatorP1: Assemble system matrix ...
14:10 DiffusionOperatorP1: Calulate gradients of shape functions transformed by reference map ...
14:10 DiffusionOperatorP1: Calculate all local scalar products beween gradients ...
14:10 DiffusionOperatorP1: Determine global dofs ...
14:10 DiffusionOperatorP1: Boundary treatment ...
14:10 DiffusionOperatorP1: Assemble system matrix ...
14:10 DiffusionOperatorP1: Calulate gradients of shape functions transformed by reference map ...
14:10 DiffusionOperatorP1: Calculate all local scalar products beween gradients ...
14:10 DiffusionOperatorP1: Determine global dofs ...
14:10 DiffusionOperatorP1: Boundary treatment ...
14:10 DiffusionOperatorP1: Assemble system matrix ...
14:10 DiffusionOperatorP1: Calulate gradients of shape functions transformed by reference map ...
14:10 DiffusionOperatorP1: Calculate all local scalar products beween gradients ...
14:10 DiffusionOperatorP1: Determine global dofs ...
14:10 DiffusionOperatorP1: Boundary treatment ...
14:10 DiffusionOperatorP1: Assemble system matrix ...
14:10 DiffusionOperatorP1: Calulate gradients of shape functions transformed by reference map ...
14:10 DiffusionOperatorP1: Calculate all local scalar products beween gradients ...
14:10 DiffusionOperatorP1: Determine global dofs ...
14:10 DiffusionOperatorP1: Boundary treatment ...
14:10 DiffusionOperatorP1: Assemble system matrix ...
14:10 L2ProductP1: Integrate the products of the shape functions on each element
14:10 L2ProductP1: Determine global dofs ...
14:10 L2ProductP1: Boundary treatment ...
14:10 L2ProductP1: Assemble system matrix ...
14:10 DiffusionOperatorP1: Calulate gradients of shape functions transformed by reference map ...
14:10 DiffusionOperatorP1: Calculate all local scalar products beween gradients ...
14:10 DiffusionOperatorP1: Determine global dofs ...
14:10 DiffusionOperatorP1: Boundary treatment ...
14:10 DiffusionOperatorP1: Assemble system matrix ...
14:10 L2ProductP1: Integrate the products of the shape functions on each element
14:10 L2ProductP1: Determine global dofs ...
14:10 L2ProductP1: Boundary treatment ...
14:10 L2ProductP1: Assemble system matrix ...
14:10 DiffusionOperatorP1: Calulate gradients of shape functions transformed by reference map ...
14:10 DiffusionOperatorP1: Calculate all local scalar products beween gradients ...
14:10 DiffusionOperatorP1: Determine global dofs ...
14:10 DiffusionOperatorP1: Boundary treatment ...
14:10 DiffusionOperatorP1: Assemble system matrix ...
</system-err></testcase><testcase classname="src.pymortests.algorithms.basic" file="src/pymortests/algorithms/basic.py" line="41" name="test_almost_equal_product[&lt;lambda&gt;5]" time="0.07138252258300781"><system-err>14:10 DiffusionOperatorP1: Calulate gradients of shape functions transformed by reference map ...
14:10 DiffusionOperatorP1: Calculate all local scalar products beween gradients ...
14:10 DiffusionOperatorP1: Determine global dofs ...
14:10 DiffusionOperatorP1: Boundary treatment ...
14:10 DiffusionOperatorP1: Assemble system matrix ...
14:10 DiffusionOperatorP1: Calulate gradients of shape functions transformed by reference map ...
14:10 DiffusionOperatorP1: Calculate all local scalar products beween gradients ...
14:10 DiffusionOperatorP1: Determine global dofs ...
14:10 DiffusionOperatorP1: Boundary treatment ...
14:10 DiffusionOperatorP1: Assemble system matrix ...
14:10 L2ProductP1: Integrate the products of the shape functions on each element
14:10 L2ProductP1: Determine global dofs ...
14:10 L2ProductP1: Boundary treatment ...
14:10 L2ProductP1: Assemble system matrix ...
14:10 DiffusionOperatorP1: Calulate gradients of shape functions transformed by reference map ...
14:10 DiffusionOperatorP1: Calculate all local scalar products beween gradients ...
14:10 DiffusionOperatorP1: Determine global dofs ...
14:10 DiffusionOperatorP1: Boundary treatment ...
14:10 DiffusionOperatorP1: Assemble system matrix ...
14:10 L2ProductP1: Integrate the products of the shape functions on each element
14:10 L2ProductP1: Determine global dofs ...
14:10 L2ProductP1: Boundary treatment ...
14:10 L2ProductP1: Assemble system matrix ...
14:10 DiffusionOperatorP1: Calulate gradients of shape functions transformed by reference map ...
14:10 DiffusionOperatorP1: Calculate all local scalar products beween gradients ...
14:10 DiffusionOperatorP1: Determine global dofs ...
14:10 DiffusionOperatorP1: Boundary treatment ...
14:10 DiffusionOperatorP1: Assemble system matrix ...
</system-err></testcase><testcase classname="src.pymortests.algorithms.basic" file="src/pymortests/algorithms/basic.py" line="41" name="test_almost_equal_product[&lt;lambda&gt;6]" time="0.0755167007446289"><system-err>14:11 DiffusionOperatorP1: Calulate gradients of shape functions transformed by reference map ...
14:11 DiffusionOperatorP1: Calculate all local scalar products beween gradients ...
14:11 DiffusionOperatorP1: Determine global dofs ...
14:11 DiffusionOperatorP1: Boundary treatment ...
14:11 DiffusionOperatorP1: Assemble system matrix ...
14:11 DiffusionOperatorP1: Calulate gradients of shape functions transformed by reference map ...
14:11 DiffusionOperatorP1: Calculate all local scalar products beween gradients ...
14:11 DiffusionOperatorP1: Determine global dofs ...
14:11 DiffusionOperatorP1: Boundary treatment ...
14:11 DiffusionOperatorP1: Assemble system matrix ...
14:11 DiffusionOperatorP1: Calulate gradients of shape functions transformed by reference map ...
14:11 DiffusionOperatorP1: Calculate all local scalar products beween gradients ...
14:11 DiffusionOperatorP1: Determine global dofs ...
14:11 DiffusionOperatorP1: Boundary treatment ...
14:11 DiffusionOperatorP1: Assemble system matrix ...
14:11 DiffusionOperatorP1: Calulate gradients of shape functions transformed by reference map ...
14:11 DiffusionOperatorP1: Calculate all local scalar products beween gradients ...
14:11 DiffusionOperatorP1: Determine global dofs ...
14:11 DiffusionOperatorP1: Boundary treatment ...
14:11 DiffusionOperatorP1: Assemble system matrix ...
14:11 DiffusionOperatorP1: Calulate gradients of shape functions transformed by reference map ...
14:11 DiffusionOperatorP1: Calculate all local scalar products beween gradients ...
14:11 DiffusionOperatorP1: Determine global dofs ...
14:11 DiffusionOperatorP1: Boundary treatment ...
14:11 DiffusionOperatorP1: Assemble system matrix ...
14:11 L2ProductP1: Integrate the products of the shape functions on each element
14:11 L2ProductP1: Determine global dofs ...
14:11 L2ProductP1: Boundary treatment ...
14:11 L2ProductP1: Assemble system matrix ...
14:11 DiffusionOperatorP1: Calulate gradients of shape functions transformed by reference map ...
14:11 DiffusionOperatorP1: Calculate all local scalar products beween gradients ...
14:11 DiffusionOperatorP1: Determine global dofs ...
14:11 DiffusionOperatorP1: Boundary treatment ...
14:11 DiffusionOperatorP1: Assemble system matrix ...
14:11 L2ProductP1: Integrate the products of the shape functions on each element
14:11 L2ProductP1: Determine global dofs ...
14:11 L2ProductP1: Boundary treatment ...
14:11 L2ProductP1: Assemble system matrix ...
14:11 DiffusionOperatorP1: Calulate gradients of shape functions transformed by reference map ...
14:11 DiffusionOperatorP1: Calculate all local scalar products beween gradients ...
14:11 DiffusionOperatorP1: Determine global dofs ...
14:11 DiffusionOperatorP1: Boundary treatment ...
14:11 DiffusionOperatorP1: Assemble system matrix ...
</system-err></testcase><testcase classname="src.pymortests.algorithms.basic" file="src/pymortests/algorithms/basic.py" line="41" name="test_almost_equal_product[&lt;lambda&gt;7]" time="0.07177400588989258"><system-err>14:11 DiffusionOperatorP1: Calulate gradients of shape functions transformed by reference map ...
14:11 DiffusionOperatorP1: Calculate all local scalar products beween gradients ...
14:11 DiffusionOperatorP1: Determine global dofs ...
14:11 DiffusionOperatorP1: Boundary treatment ...
14:11 DiffusionOperatorP1: Assemble system matrix ...
14:11 DiffusionOperatorP1: Calulate gradients of shape functions transformed by reference map ...
14:11 DiffusionOperatorP1: Calculate all local scalar products beween gradients ...
14:11 DiffusionOperatorP1: Determine global dofs ...
14:11 DiffusionOperatorP1: Boundary treatment ...
14:11 DiffusionOperatorP1: Assemble system matrix ...
14:11 L2ProductP1: Integrate the products of the shape functions on each element
14:11 L2ProductP1: Determine global dofs ...
14:11 L2ProductP1: Boundary treatment ...
14:11 L2ProductP1: Assemble system matrix ...
14:11 DiffusionOperatorP1: Calulate gradients of shape functions transformed by reference map ...
14:11 DiffusionOperatorP1: Calculate all local scalar products beween gradients ...
14:11 DiffusionOperatorP1: Determine global dofs ...
14:11 DiffusionOperatorP1: Boundary treatment ...
14:11 DiffusionOperatorP1: Assemble system matrix ...
14:11 L2ProductP1: Integrate the products of the shape functions on each element
14:11 L2ProductP1: Determine global dofs ...
14:11 L2ProductP1: Boundary treatment ...
14:11 L2ProductP1: Assemble system matrix ...
14:11 DiffusionOperatorP1: Calulate gradients of shape functions transformed by reference map ...
14:11 DiffusionOperatorP1: Calculate all local scalar products beween gradients ...
14:11 DiffusionOperatorP1: Determine global dofs ...
14:11 DiffusionOperatorP1: Boundary treatment ...
14:11 DiffusionOperatorP1: Assemble system matrix ...
</system-err></testcase><testcase classname="src.pymortests.algorithms.basic" file="src/pymortests/algorithms/basic.py" line="41" name="test_almost_equal_product[&lt;lambda&gt;8]" time="0.07677245140075684"><system-err>14:11 DiffusionOperatorP1: Calulate gradients of shape functions transformed by reference map ...
14:11 DiffusionOperatorP1: Calculate all local scalar products beween gradients ...
14:11 DiffusionOperatorP1: Determine global dofs ...
14:11 DiffusionOperatorP1: Boundary treatment ...
14:11 DiffusionOperatorP1: Assemble system matrix ...
14:11 DiffusionOperatorP1: Calulate gradients of shape functions transformed by reference map ...
14:11 DiffusionOperatorP1: Calculate all local scalar products beween gradients ...
14:11 DiffusionOperatorP1: Determine global dofs ...
14:11 DiffusionOperatorP1: Boundary treatment ...
14:11 DiffusionOperatorP1: Assemble system matrix ...
14:11 DiffusionOperatorP1: Calulate gradients of shape functions transformed by reference map ...
14:11 DiffusionOperatorP1: Calculate all local scalar products beween gradients ...
14:11 DiffusionOperatorP1: Determine global dofs ...
14:11 DiffusionOperatorP1: Boundary treatment ...
14:11 DiffusionOperatorP1: Assemble system matrix ...
14:11 DiffusionOperatorP1: Calulate gradients of shape functions transformed by reference map ...
14:11 DiffusionOperatorP1: Calculate all local scalar products beween gradients ...
14:11 DiffusionOperatorP1: Determine global dofs ...
14:11 DiffusionOperatorP1: Boundary treatment ...
14:11 DiffusionOperatorP1: Assemble system matrix ...
14:11 DiffusionOperatorP1: Calulate gradients of shape functions transformed by reference map ...
14:11 DiffusionOperatorP1: Calculate all local scalar products beween gradients ...
14:11 DiffusionOperatorP1: Determine global dofs ...
14:11 DiffusionOperatorP1: Boundary treatment ...
14:11 DiffusionOperatorP1: Assemble system matrix ...
14:11 L2ProductP1: Integrate the products of the shape functions on each element
14:11 L2ProductP1: Determine global dofs ...
14:11 L2ProductP1: Boundary treatment ...
14:11 L2ProductP1: Assemble system matrix ...
14:11 DiffusionOperatorP1: Calulate gradients of shape functions transformed by reference map ...
14:11 DiffusionOperatorP1: Calculate all local scalar products beween gradients ...
14:11 DiffusionOperatorP1: Determine global dofs ...
14:11 DiffusionOperatorP1: Boundary treatment ...
14:11 DiffusionOperatorP1: Assemble system matrix ...
14:11 L2ProductP1: Integrate the products of the shape functions on each element
14:11 L2ProductP1: Determine global dofs ...
14:11 L2ProductP1: Boundary treatment ...
14:11 L2ProductP1: Assemble system matrix ...
14:11 DiffusionOperatorP1: Calulate gradients of shape functions transformed by reference map ...
14:11 DiffusionOperatorP1: Calculate all local scalar products beween gradients ...
14:11 DiffusionOperatorP1: Determine global dofs ...
14:11 DiffusionOperatorP1: Boundary treatment ...
14:11 DiffusionOperatorP1: Assemble system matrix ...
</system-err></testcase><testcase classname="src.pymortests.algorithms.basic" file="src/pymortests/algorithms/basic.py" line="41" name="test_almost_equal_product[&lt;lambda&gt;9]" time="0.07270002365112305"><system-err>14:11 DiffusionOperatorP1: Calulate gradients of shape functions transformed by reference map ...
14:11 DiffusionOperatorP1: Calculate all local scalar products beween gradients ...
14:11 DiffusionOperatorP1: Determine global dofs ...
14:11 DiffusionOperatorP1: Boundary treatment ...
14:11 DiffusionOperatorP1: Assemble system matrix ...
14:11 DiffusionOperatorP1: Calulate gradients of shape functions transformed by reference map ...
14:11 DiffusionOperatorP1: Calculate all local scalar products beween gradients ...
14:11 DiffusionOperatorP1: Determine global dofs ...
14:11 DiffusionOperatorP1: Boundary treatment ...
14:11 DiffusionOperatorP1: Assemble system matrix ...
14:11 L2ProductP1: Integrate the products of the shape functions on each element
14:11 L2ProductP1: Determine global dofs ...
14:11 L2ProductP1: Boundary treatment ...
14:11 L2ProductP1: Assemble system matrix ...
14:11 DiffusionOperatorP1: Calulate gradients of shape functions transformed by reference map ...
14:11 DiffusionOperatorP1: Calculate all local scalar products beween gradients ...
14:11 DiffusionOperatorP1: Determine global dofs ...
14:11 DiffusionOperatorP1: Boundary treatment ...
14:11 DiffusionOperatorP1: Assemble system matrix ...
14:11 L2ProductP1: Integrate the products of the shape functions on each element
14:11 L2ProductP1: Determine global dofs ...
14:11 L2ProductP1: Boundary treatment ...
14:11 L2ProductP1: Assemble system matrix ...
14:11 DiffusionOperatorP1: Calulate gradients of shape functions transformed by reference map ...
14:11 DiffusionOperatorP1: Calculate all local scalar products beween gradients ...
14:11 DiffusionOperatorP1: Determine global dofs ...
14:11 DiffusionOperatorP1: Boundary treatment ...
14:11 DiffusionOperatorP1: Assemble system matrix ...
</system-err></testcase><testcase classname="src.pymortests.algorithms.basic" file="src/pymortests/algorithms/basic.py" line="41" name="test_almost_equal_product[&lt;lambda&gt;10]" time="0.07545113563537598"><system-err>14:11 DiffusionOperatorP1: Calulate gradients of shape functions transformed by reference map ...
14:11 DiffusionOperatorP1: Calculate all local scalar products beween gradients ...
14:11 DiffusionOperatorP1: Determine global dofs ...
14:11 DiffusionOperatorP1: Boundary treatment ...
14:11 DiffusionOperatorP1: Assemble system matrix ...
14:11 DiffusionOperatorP1: Calulate gradients of shape functions transformed by reference map ...
14:11 DiffusionOperatorP1: Calculate all local scalar products beween gradients ...
14:11 DiffusionOperatorP1: Determine global dofs ...
14:11 DiffusionOperatorP1: Boundary treatment ...
14:11 DiffusionOperatorP1: Assemble system matrix ...
14:11 DiffusionOperatorP1: Calulate gradients of shape functions transformed by reference map ...
14:11 DiffusionOperatorP1: Calculate all local scalar products beween gradients ...
14:11 DiffusionOperatorP1: Determine global dofs ...
14:11 DiffusionOperatorP1: Boundary treatment ...
14:11 DiffusionOperatorP1: Assemble system matrix ...
14:11 DiffusionOperatorP1: Calulate gradients of shape functions transformed by reference map ...
14:11 DiffusionOperatorP1: Calculate all local scalar products beween gradients ...
14:11 DiffusionOperatorP1: Determine global dofs ...
14:11 DiffusionOperatorP1: Boundary treatment ...
14:11 DiffusionOperatorP1: Assemble system matrix ...
14:11 DiffusionOperatorP1: Calulate gradients of shape functions transformed by reference map ...
14:11 DiffusionOperatorP1: Calculate all local scalar products beween gradients ...
14:11 DiffusionOperatorP1: Determine global dofs ...
14:11 DiffusionOperatorP1: Boundary treatment ...
14:11 DiffusionOperatorP1: Assemble system matrix ...
14:11 L2ProductP1: Integrate the products of the shape functions on each element
14:11 L2ProductP1: Determine global dofs ...
14:11 L2ProductP1: Boundary treatment ...
14:11 L2ProductP1: Assemble system matrix ...
14:11 DiffusionOperatorP1: Calulate gradients of shape functions transformed by reference map ...
14:11 DiffusionOperatorP1: Calculate all local scalar products beween gradients ...
14:11 DiffusionOperatorP1: Determine global dofs ...
14:11 DiffusionOperatorP1: Boundary treatment ...
14:11 DiffusionOperatorP1: Assemble system matrix ...
14:11 L2ProductP1: Integrate the products of the shape functions on each element
14:11 L2ProductP1: Determine global dofs ...
14:11 L2ProductP1: Boundary treatment ...
14:11 L2ProductP1: Assemble system matrix ...
14:11 DiffusionOperatorP1: Calulate gradients of shape functions transformed by reference map ...
14:11 DiffusionOperatorP1: Calculate all local scalar products beween gradients ...
14:11 DiffusionOperatorP1: Determine global dofs ...
14:11 DiffusionOperatorP1: Boundary treatment ...
14:11 DiffusionOperatorP1: Assemble system matrix ...
</system-err></testcase><testcase classname="src.pymortests.algorithms.basic" file="src/pymortests/algorithms/basic.py" line="41" name="test_almost_equal_product[&lt;lambda&gt;11]" time="0.07183003425598145"><system-err>14:11 DiffusionOperatorP1: Calulate gradients of shape functions transformed by reference map ...
14:11 DiffusionOperatorP1: Calculate all local scalar products beween gradients ...
14:11 DiffusionOperatorP1: Determine global dofs ...
14:11 DiffusionOperatorP1: Boundary treatment ...
14:11 DiffusionOperatorP1: Assemble system matrix ...
14:11 DiffusionOperatorP1: Calulate gradients of shape functions transformed by reference map ...
14:11 DiffusionOperatorP1: Calculate all local scalar products beween gradients ...
14:11 DiffusionOperatorP1: Determine global dofs ...
14:11 DiffusionOperatorP1: Boundary treatment ...
14:11 DiffusionOperatorP1: Assemble system matrix ...
14:11 L2ProductP1: Integrate the products of the shape functions on each element
14:11 L2ProductP1: Determine global dofs ...
14:11 L2ProductP1: Boundary treatment ...
14:11 L2ProductP1: Assemble system matrix ...
14:11 DiffusionOperatorP1: Calulate gradients of shape functions transformed by reference map ...
14:11 DiffusionOperatorP1: Calculate all local scalar products beween gradients ...
14:11 DiffusionOperatorP1: Determine global dofs ...
14:11 DiffusionOperatorP1: Boundary treatment ...
14:11 DiffusionOperatorP1: Assemble system matrix ...
14:11 L2ProductP1: Integrate the products of the shape functions on each element
14:11 L2ProductP1: Determine global dofs ...
14:11 L2ProductP1: Boundary treatment ...
14:11 L2ProductP1: Assemble system matrix ...
14:11 DiffusionOperatorP1: Calulate gradients of shape functions transformed by reference map ...
14:11 DiffusionOperatorP1: Calculate all local scalar products beween gradients ...
14:11 DiffusionOperatorP1: Determine global dofs ...
14:11 DiffusionOperatorP1: Boundary treatment ...
14:11 DiffusionOperatorP1: Assemble system matrix ...
</system-err></testcase><testcase classname="src.pymortests.algorithms.basic" file="src/pymortests/algorithms/basic.py" line="41" name="test_almost_equal_product[&lt;lambda&gt;12]" time="0.07085204124450684"><system-err>14:11 DiffusionOperatorP1: Calulate gradients of shape functions transformed by reference map ...
14:11 DiffusionOperatorP1: Calculate all local scalar products beween gradients ...
14:11 DiffusionOperatorP1: Determine global dofs ...
14:11 DiffusionOperatorP1: Boundary treatment ...
14:11 DiffusionOperatorP1: Assemble system matrix ...
14:11 DiffusionOperatorP1: Calulate gradients of shape functions transformed by reference map ...
14:11 DiffusionOperatorP1: Calculate all local scalar products beween gradients ...
14:11 DiffusionOperatorP1: Determine global dofs ...
14:11 DiffusionOperatorP1: Boundary treatment ...
14:11 DiffusionOperatorP1: Assemble system matrix ...
14:11 DiffusionOperatorP1: Calulate gradients of shape functions transformed by reference map ...
14:11 DiffusionOperatorP1: Calculate all local scalar products beween gradients ...
14:11 DiffusionOperatorP1: Determine global dofs ...
14:11 DiffusionOperatorP1: Boundary treatment ...
14:11 DiffusionOperatorP1: Assemble system matrix ...
14:11 DiffusionOperatorP1: Calulate gradients of shape functions transformed by reference map ...
14:11 DiffusionOperatorP1: Calculate all local scalar products beween gradients ...
14:11 DiffusionOperatorP1: Determine global dofs ...
14:11 DiffusionOperatorP1: Boundary treatment ...
14:11 DiffusionOperatorP1: Assemble system matrix ...
14:11 DiffusionOperatorP1: Calulate gradients of shape functions transformed by reference map ...
14:11 DiffusionOperatorP1: Calculate all local scalar products beween gradients ...
14:11 DiffusionOperatorP1: Determine global dofs ...
14:11 DiffusionOperatorP1: Boundary treatment ...
14:11 DiffusionOperatorP1: Assemble system matrix ...
14:11 L2ProductP1: Integrate the products of the shape functions on each element
14:11 L2ProductP1: Determine global dofs ...
14:11 L2ProductP1: Boundary treatment ...
14:11 L2ProductP1: Assemble system matrix ...
14:11 DiffusionOperatorP1: Calulate gradients of shape functions transformed by reference map ...
14:11 DiffusionOperatorP1: Calculate all local scalar products beween gradients ...
14:11 DiffusionOperatorP1: Determine global dofs ...
14:11 DiffusionOperatorP1: Boundary treatment ...
14:11 DiffusionOperatorP1: Assemble system matrix ...
14:11 L2ProductP1: Integrate the products of the shape functions on each element
14:11 L2ProductP1: Determine global dofs ...
14:11 L2ProductP1: Boundary treatment ...
14:11 L2ProductP1: Assemble system matrix ...
14:11 DiffusionOperatorP1: Calulate gradients of shape functions transformed by reference map ...
14:11 DiffusionOperatorP1: Calculate all local scalar products beween gradients ...
14:11 DiffusionOperatorP1: Determine global dofs ...
14:11 DiffusionOperatorP1: Boundary treatment ...
14:11 DiffusionOperatorP1: Assemble system matrix ...
</system-err></testcase><testcase classname="src.pymortests.algorithms.basic" file="src/pymortests/algorithms/basic.py" line="41" name="test_almost_equal_product[&lt;lambda&gt;13]" time="0.0662534236907959"><system-err>14:11 DiffusionOperatorP1: Calulate gradients of shape functions transformed by reference map ...
14:11 DiffusionOperatorP1: Calculate all local scalar products beween gradients ...
14:11 DiffusionOperatorP1: Determine global dofs ...
14:11 DiffusionOperatorP1: Boundary treatment ...
14:11 DiffusionOperatorP1: Assemble system matrix ...
14:11 DiffusionOperatorP1: Calulate gradients of shape functions transformed by reference map ...
14:11 DiffusionOperatorP1: Calculate all local scalar products beween gradients ...
14:11 DiffusionOperatorP1: Determine global dofs ...
14:11 DiffusionOperatorP1: Boundary treatment ...
14:11 DiffusionOperatorP1: Assemble system matrix ...
14:11 L2ProductP1: Integrate the products of the shape functions on each element
14:11 L2ProductP1: Determine global dofs ...
14:11 L2ProductP1: Boundary treatment ...
14:11 L2ProductP1: Assemble system matrix ...
14:11 DiffusionOperatorP1: Calulate gradients of shape functions transformed by reference map ...
14:11 DiffusionOperatorP1: Calculate all local scalar products beween gradients ...
14:11 DiffusionOperatorP1: Determine global dofs ...
14:11 DiffusionOperatorP1: Boundary treatment ...
14:11 DiffusionOperatorP1: Assemble system matrix ...
14:11 L2ProductP1: Integrate the products of the shape functions on each element
14:11 L2ProductP1: Determine global dofs ...
14:11 L2ProductP1: Boundary treatment ...
14:11 L2ProductP1: Assemble system matrix ...
14:11 DiffusionOperatorP1: Calulate gradients of shape functions transformed by reference map ...
14:11 DiffusionOperatorP1: Calculate all local scalar products beween gradients ...
14:11 DiffusionOperatorP1: Determine global dofs ...
14:11 DiffusionOperatorP1: Boundary treatment ...
14:11 DiffusionOperatorP1: Assemble system matrix ...
</system-err></testcase><testcase classname="src.pymortests.algorithms.basic" file="src/pymortests/algorithms/basic.py" line="41" name="test_almost_equal_product[&lt;lambda&gt;14]" time="0.07579660415649414"><system-err>14:11 DiffusionOperatorP1: Calulate gradients of shape functions transformed by reference map ...
14:11 DiffusionOperatorP1: Calculate all local scalar products beween gradients ...
14:11 DiffusionOperatorP1: Determine global dofs ...
14:11 DiffusionOperatorP1: Boundary treatment ...
14:11 DiffusionOperatorP1: Assemble system matrix ...
14:11 DiffusionOperatorP1: Calulate gradients of shape functions transformed by reference map ...
14:11 DiffusionOperatorP1: Calculate all local scalar products beween gradients ...
14:11 DiffusionOperatorP1: Determine global dofs ...
14:11 DiffusionOperatorP1: Boundary treatment ...
14:11 DiffusionOperatorP1: Assemble system matrix ...
14:11 DiffusionOperatorP1: Calulate gradients of shape functions transformed by reference map ...
14:11 DiffusionOperatorP1: Calculate all local scalar products beween gradients ...
14:11 DiffusionOperatorP1: Determine global dofs ...
14:11 DiffusionOperatorP1: Boundary treatment ...
14:11 DiffusionOperatorP1: Assemble system matrix ...
14:11 DiffusionOperatorP1: Calulate gradients of shape functions transformed by reference map ...
14:11 DiffusionOperatorP1: Calculate all local scalar products beween gradients ...
14:11 DiffusionOperatorP1: Determine global dofs ...
14:11 DiffusionOperatorP1: Boundary treatment ...
14:11 DiffusionOperatorP1: Assemble system matrix ...
14:11 DiffusionOperatorP1: Calulate gradients of shape functions transformed by reference map ...
14:11 DiffusionOperatorP1: Calculate all local scalar products beween gradients ...
14:11 DiffusionOperatorP1: Determine global dofs ...
14:11 DiffusionOperatorP1: Boundary treatment ...
14:11 DiffusionOperatorP1: Assemble system matrix ...
14:11 L2ProductP1: Integrate the products of the shape functions on each element
14:11 L2ProductP1: Determine global dofs ...
14:11 L2ProductP1: Boundary treatment ...
14:11 L2ProductP1: Assemble system matrix ...
14:11 DiffusionOperatorP1: Calulate gradients of shape functions transformed by reference map ...
14:11 DiffusionOperatorP1: Calculate all local scalar products beween gradients ...
14:11 DiffusionOperatorP1: Determine global dofs ...
14:11 DiffusionOperatorP1: Boundary treatment ...
14:11 DiffusionOperatorP1: Assemble system matrix ...
14:11 L2ProductP1: Integrate the products of the shape functions on each element
14:11 L2ProductP1: Determine global dofs ...
14:11 L2ProductP1: Boundary treatment ...
14:11 L2ProductP1: Assemble system matrix ...
14:11 DiffusionOperatorP1: Calulate gradients of shape functions transformed by reference map ...
14:11 DiffusionOperatorP1: Calculate all local scalar products beween gradients ...
14:11 DiffusionOperatorP1: Determine global dofs ...
14:11 DiffusionOperatorP1: Boundary treatment ...
14:11 DiffusionOperatorP1: Assemble system matrix ...
</system-err></testcase><testcase classname="src.pymortests.algorithms.basic" file="src/pymortests/algorithms/basic.py" line="41" name="test_almost_equal_product[&lt;lambda&gt;15]" time="0.07167315483093262"><system-err>14:11 DiffusionOperatorP1: Calulate gradients of shape functions transformed by reference map ...
14:11 DiffusionOperatorP1: Calculate all local scalar products beween gradients ...
14:11 DiffusionOperatorP1: Determine global dofs ...
14:11 DiffusionOperatorP1: Boundary treatment ...
14:11 DiffusionOperatorP1: Assemble system matrix ...
14:11 DiffusionOperatorP1: Calulate gradients of shape functions transformed by reference map ...
14:11 DiffusionOperatorP1: Calculate all local scalar products beween gradients ...
14:11 DiffusionOperatorP1: Determine global dofs ...
14:11 DiffusionOperatorP1: Boundary treatment ...
14:11 DiffusionOperatorP1: Assemble system matrix ...
14:11 L2ProductP1: Integrate the products of the shape functions on each element
14:11 L2ProductP1: Determine global dofs ...
14:11 L2ProductP1: Boundary treatment ...
14:11 L2ProductP1: Assemble system matrix ...
14:11 DiffusionOperatorP1: Calulate gradients of shape functions transformed by reference map ...
14:11 DiffusionOperatorP1: Calculate all local scalar products beween gradients ...
14:11 DiffusionOperatorP1: Determine global dofs ...
14:11 DiffusionOperatorP1: Boundary treatment ...
14:11 DiffusionOperatorP1: Assemble system matrix ...
14:11 L2ProductP1: Integrate the products of the shape functions on each element
14:11 L2ProductP1: Determine global dofs ...
14:11 L2ProductP1: Boundary treatment ...
14:11 L2ProductP1: Assemble system matrix ...
14:11 DiffusionOperatorP1: Calulate gradients of shape functions transformed by reference map ...
14:11 DiffusionOperatorP1: Calculate all local scalar products beween gradients ...
14:11 DiffusionOperatorP1: Determine global dofs ...
14:11 DiffusionOperatorP1: Boundary treatment ...
14:11 DiffusionOperatorP1: Assemble system matrix ...
</system-err></testcase><testcase classname="src.pymortests.algorithms.basic" file="src/pymortests/algorithms/basic.py" line="41" name="test_almost_equal_product[&lt;lambda&gt;16]" time="0.06978750228881836"><system-err>14:11 DiffusionOperatorP1: Calulate gradients of shape functions transformed by reference map ...
14:11 DiffusionOperatorP1: Calculate all local scalar products beween gradients ...
14:11 DiffusionOperatorP1: Determine global dofs ...
14:11 DiffusionOperatorP1: Boundary treatment ...
14:11 DiffusionOperatorP1: Assemble system matrix ...
14:11 DiffusionOperatorP1: Calulate gradients of shape functions transformed by reference map ...
14:11 DiffusionOperatorP1: Calculate all local scalar products beween gradients ...
14:11 DiffusionOperatorP1: Determine global dofs ...
14:11 DiffusionOperatorP1: Boundary treatment ...
14:11 DiffusionOperatorP1: Assemble system matrix ...
14:11 DiffusionOperatorP1: Calulate gradients of shape functions transformed by reference map ...
14:11 DiffusionOperatorP1: Calculate all local scalar products beween gradients ...
14:11 DiffusionOperatorP1: Determine global dofs ...
14:11 DiffusionOperatorP1: Boundary treatment ...
14:11 DiffusionOperatorP1: Assemble system matrix ...
14:11 DiffusionOperatorP1: Calulate gradients of shape functions transformed by reference map ...
14:11 DiffusionOperatorP1: Calculate all local scalar products beween gradients ...
14:11 DiffusionOperatorP1: Determine global dofs ...
14:11 DiffusionOperatorP1: Boundary treatment ...
14:11 DiffusionOperatorP1: Assemble system matrix ...
14:11 DiffusionOperatorP1: Calulate gradients of shape functions transformed by reference map ...
14:11 DiffusionOperatorP1: Calculate all local scalar products beween gradients ...
14:11 DiffusionOperatorP1: Determine global dofs ...
14:11 DiffusionOperatorP1: Boundary treatment ...
14:11 DiffusionOperatorP1: Assemble system matrix ...
14:11 L2ProductP1: Integrate the products of the shape functions on each element
14:11 L2ProductP1: Determine global dofs ...
14:11 L2ProductP1: Boundary treatment ...
14:11 L2ProductP1: Assemble system matrix ...
14:11 DiffusionOperatorP1: Calulate gradients of shape functions transformed by reference map ...
14:11 DiffusionOperatorP1: Calculate all local scalar products beween gradients ...
14:11 DiffusionOperatorP1: Determine global dofs ...
14:11 DiffusionOperatorP1: Boundary treatment ...
14:11 DiffusionOperatorP1: Assemble system matrix ...
14:11 L2ProductP1: Integrate the products of the shape functions on each element
14:11 L2ProductP1: Determine global dofs ...
14:11 L2ProductP1: Boundary treatment ...
14:11 L2ProductP1: Assemble system matrix ...
14:11 DiffusionOperatorP1: Calulate gradients of shape functions transformed by reference map ...
14:11 DiffusionOperatorP1: Calculate all local scalar products beween gradients ...
14:11 DiffusionOperatorP1: Determine global dofs ...
14:11 DiffusionOperatorP1: Boundary treatment ...
14:11 DiffusionOperatorP1: Assemble system matrix ...
</system-err></testcase><testcase classname="src.pymortests.algorithms.basic" file="src/pymortests/algorithms/basic.py" line="41" name="test_almost_equal_product[&lt;lambda&gt;17]" time="0.0651402473449707"><system-err>14:11 DiffusionOperatorP1: Calulate gradients of shape functions transformed by reference map ...
14:11 DiffusionOperatorP1: Calculate all local scalar products beween gradients ...
14:11 DiffusionOperatorP1: Determine global dofs ...
14:11 DiffusionOperatorP1: Boundary treatment ...
14:11 DiffusionOperatorP1: Assemble system matrix ...
14:11 DiffusionOperatorP1: Calulate gradients of shape functions transformed by reference map ...
14:11 DiffusionOperatorP1: Calculate all local scalar products beween gradients ...
14:11 DiffusionOperatorP1: Determine global dofs ...
14:11 DiffusionOperatorP1: Boundary treatment ...
14:11 DiffusionOperatorP1: Assemble system matrix ...
14:11 L2ProductP1: Integrate the products of the shape functions on each element
14:11 L2ProductP1: Determine global dofs ...
14:11 L2ProductP1: Boundary treatment ...
14:11 L2ProductP1: Assemble system matrix ...
14:11 DiffusionOperatorP1: Calulate gradients of shape functions transformed by reference map ...
14:11 DiffusionOperatorP1: Calculate all local scalar products beween gradients ...
14:11 DiffusionOperatorP1: Determine global dofs ...
14:11 DiffusionOperatorP1: Boundary treatment ...
14:11 DiffusionOperatorP1: Assemble system matrix ...
14:11 L2ProductP1: Integrate the products of the shape functions on each element
14:11 L2ProductP1: Determine global dofs ...
14:11 L2ProductP1: Boundary treatment ...
14:11 L2ProductP1: Assemble system matrix ...
14:11 DiffusionOperatorP1: Calulate gradients of shape functions transformed by reference map ...
14:11 DiffusionOperatorP1: Calculate all local scalar products beween gradients ...
14:11 DiffusionOperatorP1: Determine global dofs ...
14:11 DiffusionOperatorP1: Boundary treatment ...
14:11 DiffusionOperatorP1: Assemble system matrix ...
</system-err></testcase><testcase classname="src.pymortests.algorithms.basic" file="src/pymortests/algorithms/basic.py" line="41" name="test_almost_equal_product[&lt;lambda&gt;18]" time="0.07552647590637207"><system-err>14:11 DiffusionOperatorP1: Calulate gradients of shape functions transformed by reference map ...
14:11 DiffusionOperatorP1: Calculate all local scalar products beween gradients ...
14:11 DiffusionOperatorP1: Determine global dofs ...
14:11 DiffusionOperatorP1: Boundary treatment ...
14:11 DiffusionOperatorP1: Assemble system matrix ...
14:11 DiffusionOperatorP1: Calulate gradients of shape functions transformed by reference map ...
14:11 DiffusionOperatorP1: Calculate all local scalar products beween gradients ...
14:11 DiffusionOperatorP1: Determine global dofs ...
14:11 DiffusionOperatorP1: Boundary treatment ...
14:11 DiffusionOperatorP1: Assemble system matrix ...
14:11 DiffusionOperatorP1: Calulate gradients of shape functions transformed by reference map ...
14:11 DiffusionOperatorP1: Calculate all local scalar products beween gradients ...
14:11 DiffusionOperatorP1: Determine global dofs ...
14:11 DiffusionOperatorP1: Boundary treatment ...
14:11 DiffusionOperatorP1: Assemble system matrix ...
14:11 DiffusionOperatorP1: Calulate gradients of shape functions transformed by reference map ...
14:11 DiffusionOperatorP1: Calculate all local scalar products beween gradients ...
14:11 DiffusionOperatorP1: Determine global dofs ...
14:11 DiffusionOperatorP1: Boundary treatment ...
14:11 DiffusionOperatorP1: Assemble system matrix ...
14:11 DiffusionOperatorP1: Calulate gradients of shape functions transformed by reference map ...
14:11 DiffusionOperatorP1: Calculate all local scalar products beween gradients ...
14:11 DiffusionOperatorP1: Determine global dofs ...
14:11 DiffusionOperatorP1: Boundary treatment ...
14:11 DiffusionOperatorP1: Assemble system matrix ...
14:11 L2ProductP1: Integrate the products of the shape functions on each element
14:11 L2ProductP1: Determine global dofs ...
14:11 L2ProductP1: Boundary treatment ...
14:11 L2ProductP1: Assemble system matrix ...
14:11 DiffusionOperatorP1: Calulate gradients of shape functions transformed by reference map ...
14:11 DiffusionOperatorP1: Calculate all local scalar products beween gradients ...
14:11 DiffusionOperatorP1: Determine global dofs ...
14:11 DiffusionOperatorP1: Boundary treatment ...
14:11 DiffusionOperatorP1: Assemble system matrix ...
14:11 L2ProductP1: Integrate the products of the shape functions on each element
14:11 L2ProductP1: Determine global dofs ...
14:11 L2ProductP1: Boundary treatment ...
14:11 L2ProductP1: Assemble system matrix ...
14:11 DiffusionOperatorP1: Calulate gradients of shape functions transformed by reference map ...
14:11 DiffusionOperatorP1: Calculate all local scalar products beween gradients ...
14:11 DiffusionOperatorP1: Determine global dofs ...
14:11 DiffusionOperatorP1: Boundary treatment ...
14:11 DiffusionOperatorP1: Assemble system matrix ...
</system-err></testcase><testcase classname="src.pymortests.algorithms.basic" file="src/pymortests/algorithms/basic.py" line="41" name="test_almost_equal_product[&lt;lambda&gt;19]" time="0.07222986221313477"><system-err>14:12 DiffusionOperatorP1: Calulate gradients of shape functions transformed by reference map ...
14:12 DiffusionOperatorP1: Calculate all local scalar products beween gradients ...
14:12 DiffusionOperatorP1: Determine global dofs ...
14:12 DiffusionOperatorP1: Boundary treatment ...
14:12 DiffusionOperatorP1: Assemble system matrix ...
14:12 DiffusionOperatorP1: Calulate gradients of shape functions transformed by reference map ...
14:12 DiffusionOperatorP1: Calculate all local scalar products beween gradients ...
14:12 DiffusionOperatorP1: Determine global dofs ...
14:12 DiffusionOperatorP1: Boundary treatment ...
14:12 DiffusionOperatorP1: Assemble system matrix ...
14:12 L2ProductP1: Integrate the products of the shape functions on each element
14:12 L2ProductP1: Determine global dofs ...
14:12 L2ProductP1: Boundary treatment ...
14:12 L2ProductP1: Assemble system matrix ...
14:12 DiffusionOperatorP1: Calulate gradients of shape functions transformed by reference map ...
14:12 DiffusionOperatorP1: Calculate all local scalar products beween gradients ...
14:12 DiffusionOperatorP1: Determine global dofs ...
14:12 DiffusionOperatorP1: Boundary treatment ...
14:12 DiffusionOperatorP1: Assemble system matrix ...
14:12 L2ProductP1: Integrate the products of the shape functions on each element
14:12 L2ProductP1: Determine global dofs ...
14:12 L2ProductP1: Boundary treatment ...
14:12 L2ProductP1: Assemble system matrix ...
14:12 DiffusionOperatorP1: Calulate gradients of shape functions transformed by reference map ...
14:12 DiffusionOperatorP1: Calculate all local scalar products beween gradients ...
14:12 DiffusionOperatorP1: Determine global dofs ...
14:12 DiffusionOperatorP1: Boundary treatment ...
14:12 DiffusionOperatorP1: Assemble system matrix ...
</system-err></testcase><testcase classname="src.pymortests.algorithms.basic" file="src/pymortests/algorithms/basic.py" line="41" name="test_almost_equal_product[&lt;lambda&gt;20]" time="0.07659530639648438"><system-err>14:12 DiffusionOperatorP1: Calulate gradients of shape functions transformed by reference map ...
14:12 DiffusionOperatorP1: Calculate all local scalar products beween gradients ...
14:12 DiffusionOperatorP1: Determine global dofs ...
14:12 DiffusionOperatorP1: Boundary treatment ...
14:12 DiffusionOperatorP1: Assemble system matrix ...
14:12 DiffusionOperatorP1: Calulate gradients of shape functions transformed by reference map ...
14:12 DiffusionOperatorP1: Calculate all local scalar products beween gradients ...
14:12 DiffusionOperatorP1: Determine global dofs ...
14:12 DiffusionOperatorP1: Boundary treatment ...
14:12 DiffusionOperatorP1: Assemble system matrix ...
14:12 DiffusionOperatorP1: Calulate gradients of shape functions transformed by reference map ...
14:12 DiffusionOperatorP1: Calculate all local scalar products beween gradients ...
14:12 DiffusionOperatorP1: Determine global dofs ...
14:12 DiffusionOperatorP1: Boundary treatment ...
14:12 DiffusionOperatorP1: Assemble system matrix ...
14:12 DiffusionOperatorP1: Calulate gradients of shape functions transformed by reference map ...
14:12 DiffusionOperatorP1: Calculate all local scalar products beween gradients ...
14:12 DiffusionOperatorP1: Determine global dofs ...
14:12 DiffusionOperatorP1: Boundary treatment ...
14:12 DiffusionOperatorP1: Assemble system matrix ...
14:12 DiffusionOperatorP1: Calulate gradients of shape functions transformed by reference map ...
14:12 DiffusionOperatorP1: Calculate all local scalar products beween gradients ...
14:12 DiffusionOperatorP1: Determine global dofs ...
14:12 DiffusionOperatorP1: Boundary treatment ...
14:12 DiffusionOperatorP1: Assemble system matrix ...
14:12 L2ProductP1: Integrate the products of the shape functions on each element
14:12 L2ProductP1: Determine global dofs ...
14:12 L2ProductP1: Boundary treatment ...
14:12 L2ProductP1: Assemble system matrix ...
14:12 DiffusionOperatorP1: Calulate gradients of shape functions transformed by reference map ...
14:12 DiffusionOperatorP1: Calculate all local scalar products beween gradients ...
14:12 DiffusionOperatorP1: Determine global dofs ...
14:12 DiffusionOperatorP1: Boundary treatment ...
14:12 DiffusionOperatorP1: Assemble system matrix ...
14:12 L2ProductP1: Integrate the products of the shape functions on each element
14:12 L2ProductP1: Determine global dofs ...
14:12 L2ProductP1: Boundary treatment ...
14:12 L2ProductP1: Assemble system matrix ...
14:12 DiffusionOperatorP1: Calulate gradients of shape functions transformed by reference map ...
14:12 DiffusionOperatorP1: Calculate all local scalar products beween gradients ...
14:12 DiffusionOperatorP1: Determine global dofs ...
14:12 DiffusionOperatorP1: Boundary treatment ...
14:12 DiffusionOperatorP1: Assemble system matrix ...
</system-err></testcase><testcase classname="src.pymortests.algorithms.basic" file="src/pymortests/algorithms/basic.py" line="41" name="test_almost_equal_product[&lt;lambda&gt;21]" time="0.07264065742492676"><system-err>14:12 DiffusionOperatorP1: Calulate gradients of shape functions transformed by reference map ...
14:12 DiffusionOperatorP1: Calculate all local scalar products beween gradients ...
14:12 DiffusionOperatorP1: Determine global dofs ...
14:12 DiffusionOperatorP1: Boundary treatment ...
14:12 DiffusionOperatorP1: Assemble system matrix ...
14:12 DiffusionOperatorP1: Calulate gradients of shape functions transformed by reference map ...
14:12 DiffusionOperatorP1: Calculate all local scalar products beween gradients ...
14:12 DiffusionOperatorP1: Determine global dofs ...
14:12 DiffusionOperatorP1: Boundary treatment ...
14:12 DiffusionOperatorP1: Assemble system matrix ...
14:12 L2ProductP1: Integrate the products of the shape functions on each element
14:12 L2ProductP1: Determine global dofs ...
14:12 L2ProductP1: Boundary treatment ...
14:12 L2ProductP1: Assemble system matrix ...
14:12 DiffusionOperatorP1: Calulate gradients of shape functions transformed by reference map ...
14:12 DiffusionOperatorP1: Calculate all local scalar products beween gradients ...
14:12 DiffusionOperatorP1: Determine global dofs ...
14:12 DiffusionOperatorP1: Boundary treatment ...
14:12 DiffusionOperatorP1: Assemble system matrix ...
14:12 L2ProductP1: Integrate the products of the shape functions on each element
14:12 L2ProductP1: Determine global dofs ...
14:12 L2ProductP1: Boundary treatment ...
14:12 L2ProductP1: Assemble system matrix ...
14:12 DiffusionOperatorP1: Calulate gradients of shape functions transformed by reference map ...
14:12 DiffusionOperatorP1: Calculate all local scalar products beween gradients ...
14:12 DiffusionOperatorP1: Determine global dofs ...
14:12 DiffusionOperatorP1: Boundary treatment ...
14:12 DiffusionOperatorP1: Assemble system matrix ...
</system-err></testcase><testcase classname="src.pymortests.algorithms.basic" file="src/pymortests/algorithms/basic.py" line="41" name="test_almost_equal_product[&lt;lambda&gt;22]" time="0.07588720321655273"><system-err>14:12 DiffusionOperatorP1: Calulate gradients of shape functions transformed by reference map ...
14:12 DiffusionOperatorP1: Calculate all local scalar products beween gradients ...
14:12 DiffusionOperatorP1: Determine global dofs ...
14:12 DiffusionOperatorP1: Boundary treatment ...
14:12 DiffusionOperatorP1: Assemble system matrix ...
14:12 DiffusionOperatorP1: Calulate gradients of shape functions transformed by reference map ...
14:12 DiffusionOperatorP1: Calculate all local scalar products beween gradients ...
14:12 DiffusionOperatorP1: Determine global dofs ...
14:12 DiffusionOperatorP1: Boundary treatment ...
14:12 DiffusionOperatorP1: Assemble system matrix ...
14:12 DiffusionOperatorP1: Calulate gradients of shape functions transformed by reference map ...
14:12 DiffusionOperatorP1: Calculate all local scalar products beween gradients ...
14:12 DiffusionOperatorP1: Determine global dofs ...
14:12 DiffusionOperatorP1: Boundary treatment ...
14:12 DiffusionOperatorP1: Assemble system matrix ...
14:12 DiffusionOperatorP1: Calulate gradients of shape functions transformed by reference map ...
14:12 DiffusionOperatorP1: Calculate all local scalar products beween gradients ...
14:12 DiffusionOperatorP1: Determine global dofs ...
14:12 DiffusionOperatorP1: Boundary treatment ...
14:12 DiffusionOperatorP1: Assemble system matrix ...
14:12 DiffusionOperatorP1: Calulate gradients of shape functions transformed by reference map ...
14:12 DiffusionOperatorP1: Calculate all local scalar products beween gradients ...
14:12 DiffusionOperatorP1: Determine global dofs ...
14:12 DiffusionOperatorP1: Boundary treatment ...
14:12 DiffusionOperatorP1: Assemble system matrix ...
14:12 L2ProductP1: Integrate the products of the shape functions on each element
14:12 L2ProductP1: Determine global dofs ...
14:12 L2ProductP1: Boundary treatment ...
14:12 L2ProductP1: Assemble system matrix ...
14:12 DiffusionOperatorP1: Calulate gradients of shape functions transformed by reference map ...
14:12 DiffusionOperatorP1: Calculate all local scalar products beween gradients ...
14:12 DiffusionOperatorP1: Determine global dofs ...
14:12 DiffusionOperatorP1: Boundary treatment ...
14:12 DiffusionOperatorP1: Assemble system matrix ...
14:12 L2ProductP1: Integrate the products of the shape functions on each element
14:12 L2ProductP1: Determine global dofs ...
14:12 L2ProductP1: Boundary treatment ...
14:12 L2ProductP1: Assemble system matrix ...
14:12 DiffusionOperatorP1: Calulate gradients of shape functions transformed by reference map ...
14:12 DiffusionOperatorP1: Calculate all local scalar products beween gradients ...
14:12 DiffusionOperatorP1: Determine global dofs ...
14:12 DiffusionOperatorP1: Boundary treatment ...
14:12 DiffusionOperatorP1: Assemble system matrix ...
</system-err></testcase><testcase classname="src.pymortests.algorithms.basic" file="src/pymortests/algorithms/basic.py" line="41" name="test_almost_equal_product[&lt;lambda&gt;23]" time="0.07213592529296875"><system-err>14:12 DiffusionOperatorP1: Calulate gradients of shape functions transformed by reference map ...
14:12 DiffusionOperatorP1: Calculate all local scalar products beween gradients ...
14:12 DiffusionOperatorP1: Determine global dofs ...
14:12 DiffusionOperatorP1: Boundary treatment ...
14:12 DiffusionOperatorP1: Assemble system matrix ...
14:12 DiffusionOperatorP1: Calulate gradients of shape functions transformed by reference map ...
14:12 DiffusionOperatorP1: Calculate all local scalar products beween gradients ...
14:12 DiffusionOperatorP1: Determine global dofs ...
14:12 DiffusionOperatorP1: Boundary treatment ...
14:12 DiffusionOperatorP1: Assemble system matrix ...
14:12 L2ProductP1: Integrate the products of the shape functions on each element
14:12 L2ProductP1: Determine global dofs ...
14:12 L2ProductP1: Boundary treatment ...
14:12 L2ProductP1: Assemble system matrix ...
14:12 DiffusionOperatorP1: Calulate gradients of shape functions transformed by reference map ...
14:12 DiffusionOperatorP1: Calculate all local scalar products beween gradients ...
14:12 DiffusionOperatorP1: Determine global dofs ...
14:12 DiffusionOperatorP1: Boundary treatment ...
14:12 DiffusionOperatorP1: Assemble system matrix ...
14:12 L2ProductP1: Integrate the products of the shape functions on each element
14:12 L2ProductP1: Determine global dofs ...
14:12 L2ProductP1: Boundary treatment ...
14:12 L2ProductP1: Assemble system matrix ...
14:12 DiffusionOperatorP1: Calulate gradients of shape functions transformed by reference map ...
14:12 DiffusionOperatorP1: Calculate all local scalar products beween gradients ...
14:12 DiffusionOperatorP1: Determine global dofs ...
14:12 DiffusionOperatorP1: Boundary treatment ...
14:12 DiffusionOperatorP1: Assemble system matrix ...
</system-err></testcase><testcase classname="src.pymortests.algorithms.basic" file="src/pymortests/algorithms/basic.py" line="41" name="test_almost_equal_product[&lt;lambda&gt;24]" time="0.04988217353820801"></testcase><testcase classname="src.pymortests.algorithms.basic" file="src/pymortests/algorithms/basic.py" line="41" name="test_almost_equal_product[&lt;lambda&gt;25]" time="0.04858517646789551"></testcase><testcase classname="src.pymortests.algorithms.basic" file="src/pymortests/algorithms/basic.py" line="41" name="test_almost_equal_product[&lt;lambda&gt;26]" time="0.05051541328430176"></testcase><testcase classname="src.pymortests.algorithms.basic" file="src/pymortests/algorithms/basic.py" line="41" name="test_almost_equal_product[&lt;lambda&gt;27]" time="0.04467487335205078"></testcase><testcase classname="src.pymortests.algorithms.basic" file="src/pymortests/algorithms/basic.py" line="41" name="test_almost_equal_product[&lt;lambda&gt;28]" time="0.04454684257507324"></testcase><testcase classname="src.pymortests.algorithms.basic" file="src/pymortests/algorithms/basic.py" line="41" name="test_almost_equal_product[&lt;lambda&gt;29]" time="0.043497562408447266"></testcase><testcase classname="src.pymortests.algorithms.basic" file="src/pymortests/algorithms/basic.py" line="41" name="test_almost_equal_product[&lt;lambda&gt;30]" time="0.04401993751525879"></testcase><testcase classname="src.pymortests.algorithms.basic" file="src/pymortests/algorithms/basic.py" line="41" name="test_almost_equal_product[&lt;lambda&gt;31]" time="0.043413400650024414"></testcase><testcase classname="src.pymortests.algorithms.basic" file="src/pymortests/algorithms/basic.py" line="41" name="test_almost_equal_product[&lt;lambda&gt;32]" time="0.15060067176818848"></testcase><testcase classname="src.pymortests.algorithms.basic" file="src/pymortests/algorithms/basic.py" line="41" name="test_almost_equal_product[&lt;lambda&gt;33]" time="0.11379313468933105"></testcase><testcase classname="src.pymortests.algorithms.basic" file="src/pymortests/algorithms/basic.py" line="41" name="test_almost_equal_product[&lt;lambda&gt;34]" time="0.04729270935058594"></testcase><testcase classname="src.pymortests.algorithms.basic" file="src/pymortests/algorithms/basic.py" line="41" name="test_almost_equal_product[&lt;lambda&gt;35]" time="0.1136786937713623"></testcase><testcase classname="src.pymortests.algorithms.basic" file="src/pymortests/algorithms/basic.py" line="41" name="test_almost_equal_product[&lt;lambda&gt;36]" time="0.048523902893066406"></testcase><testcase classname="src.pymortests.algorithms.basic" file="src/pymortests/algorithms/basic.py" line="64" name="test_almost_equal_self[0-&lt;lambda&gt;0]" time="0.017576932907104492"></testcase><testcase classname="src.pymortests.algorithms.basic" file="src/pymortests/algorithms/basic.py" line="64" name="test_almost_equal_self[0-&lt;lambda&gt;1]" time="0.018433332443237305"></testcase><testcase classname="src.pymortests.algorithms.basic" file="src/pymortests/algorithms/basic.py" line="64" name="test_almost_equal_self[0-&lt;lambda&gt;2]" time="0.13700580596923828"></testcase><testcase classname="src.pymortests.algorithms.basic" file="src/pymortests/algorithms/basic.py" line="64" name="test_almost_equal_self[0-&lt;lambda&gt;3]" time="0.21224665641784668"></testcase><testcase classname="src.pymortests.algorithms.basic" file="src/pymortests/algorithms/basic.py" line="64" name="test_almost_equal_self[0-&lt;lambda&gt;4]" time="0.038834333419799805"></testcase><testcase classname="src.pymortests.algorithms.basic" file="src/pymortests/algorithms/basic.py" line="64" name="test_almost_equal_self[0-&lt;lambda&gt;5]" time="0.01551508903503418"></testcase><testcase classname="src.pymortests.algorithms.basic" file="src/pymortests/algorithms/basic.py" line="64" name="test_almost_equal_self[0-&lt;lambda&gt;6]" time="0.015501737594604492"></testcase><testcase classname="src.pymortests.algorithms.basic" file="src/pymortests/algorithms/basic.py" line="64" name="test_almost_equal_self[0-&lt;lambda&gt;7]" time="0.2323453426361084"></testcase><testcase classname="src.pymortests.algorithms.basic" file="src/pymortests/algorithms/basic.py" line="64" name="test_almost_equal_self[0-&lt;lambda&gt;8]" time="1.559119701385498"></testcase><testcase classname="src.pymortests.algorithms.basic" file="src/pymortests/algorithms/basic.py" line="64" name="test_almost_equal_self[0-&lt;lambda&gt;9]" time="0.2603945732116699"></testcase><testcase classname="src.pymortests.algorithms.basic" file="src/pymortests/algorithms/basic.py" line="64" name="test_almost_equal_self[0-&lt;lambda&gt;10]" time="0.03585410118103027"></testcase><testcase classname="src.pymortests.algorithms.basic" file="src/pymortests/algorithms/basic.py" line="64" name="test_almost_equal_self[0-&lt;lambda&gt;11]" time="0.40337276458740234"></testcase><testcase classname="src.pymortests.algorithms.basic" file="src/pymortests/algorithms/basic.py" line="64" name="test_almost_equal_self[0-&lt;lambda&gt;12]" time="0.0595242977142334"></testcase><testcase classname="src.pymortests.algorithms.basic" file="src/pymortests/algorithms/basic.py" line="64" name="test_almost_equal_self[0-&lt;lambda&gt;13]" time="0.22163867950439453"></testcase><testcase classname="src.pymortests.algorithms.basic" file="src/pymortests/algorithms/basic.py" line="64" name="test_almost_equal_self[0-&lt;lambda&gt;14]" time="0.38988423347473145"></testcase><testcase classname="src.pymortests.algorithms.basic" file="src/pymortests/algorithms/basic.py" line="64" name="test_almost_equal_self[0-&lt;lambda&gt;15]" time="0.655022144317627"></testcase><testcase classname="src.pymortests.algorithms.basic" file="src/pymortests/algorithms/basic.py" line="64" name="test_almost_equal_self[0-&lt;lambda&gt;16]" time="0.7320692539215088"></testcase><testcase classname="src.pymortests.algorithms.basic" file="src/pymortests/algorithms/basic.py" line="64" name="test_almost_equal_self[0-&lt;lambda&gt;17]" time="0.046083688735961914"></testcase><testcase classname="src.pymortests.algorithms.basic" file="src/pymortests/algorithms/basic.py" line="64" name="test_almost_equal_self[0-&lt;lambda&gt;18]" time="0.045828819274902344"></testcase><testcase classname="src.pymortests.algorithms.basic" file="src/pymortests/algorithms/basic.py" line="64" name="test_almost_equal_self[0-&lt;lambda&gt;19]" time="1.4149460792541504"></testcase><testcase classname="src.pymortests.algorithms.basic" file="src/pymortests/algorithms/basic.py" line="64" name="test_almost_equal_self[0-&lt;lambda&gt;20]" time="4.3125622272491455"></testcase><testcase classname="src.pymortests.algorithms.basic" file="src/pymortests/algorithms/basic.py" line="64" name="test_almost_equal_self[0-&lt;lambda&gt;21]" time="9.60848331451416"></testcase><testcase classname="src.pymortests.algorithms.basic" file="src/pymortests/algorithms/basic.py" line="64" name="test_almost_equal_self[0-&lt;lambda&gt;22]" time="0.015441417694091797"></testcase><testcase classname="src.pymortests.algorithms.basic" file="src/pymortests/algorithms/basic.py" line="64" name="test_almost_equal_self[0-&lt;lambda&gt;23]" time="0.015557527542114258"></testcase><testcase classname="src.pymortests.algorithms.basic" file="src/pymortests/algorithms/basic.py" line="64" name="test_almost_equal_self[0-&lt;lambda&gt;24]" time="3.797572612762451"></testcase><testcase classname="src.pymortests.algorithms.basic" file="src/pymortests/algorithms/basic.py" line="64" name="test_almost_equal_self[0-&lt;lambda&gt;25]" time="50.32941722869873"></testcase><testcase classname="src.pymortests.algorithms.basic" file="src/pymortests/algorithms/basic.py" line="64" name="test_almost_equal_self[0-&lt;lambda&gt;26]" time="7.190454483032227"></testcase><testcase classname="src.pymortests.algorithms.basic" file="src/pymortests/algorithms/basic.py" line="64" name="test_almost_equal_self[1-&lt;lambda&gt;0]" time="0.016783952713012695"></testcase><testcase classname="src.pymortests.algorithms.basic" file="src/pymortests/algorithms/basic.py" line="64" name="test_almost_equal_self[1-&lt;lambda&gt;1]" time="0.017125844955444336"></testcase><testcase classname="src.pymortests.algorithms.basic" file="src/pymortests/algorithms/basic.py" line="64" name="test_almost_equal_self[1-&lt;lambda&gt;2]" time="0.13849878311157227"></testcase><testcase classname="src.pymortests.algorithms.basic" file="src/pymortests/algorithms/basic.py" line="64" name="test_almost_equal_self[1-&lt;lambda&gt;3]" time="0.21875452995300293"></testcase><testcase classname="src.pymortests.algorithms.basic" file="src/pymortests/algorithms/basic.py" line="64" name="test_almost_equal_self[1-&lt;lambda&gt;4]" time="0.037717580795288086"></testcase><testcase classname="src.pymortests.algorithms.basic" file="src/pymortests/algorithms/basic.py" line="64" name="test_almost_equal_self[1-&lt;lambda&gt;5]" time="0.014311552047729492"></testcase><testcase classname="src.pymortests.algorithms.basic" file="src/pymortests/algorithms/basic.py" line="64" name="test_almost_equal_self[1-&lt;lambda&gt;6]" time="0.013884782791137695"></testcase><testcase classname="src.pymortests.algorithms.basic" file="src/pymortests/algorithms/basic.py" line="64" name="test_almost_equal_self[1-&lt;lambda&gt;7]" time="0.23295307159423828"></testcase><testcase classname="src.pymortests.algorithms.basic" file="src/pymortests/algorithms/basic.py" line="64" name="test_almost_equal_self[1-&lt;lambda&gt;8]" time="1.5537762641906738"></testcase><testcase classname="src.pymortests.algorithms.basic" file="src/pymortests/algorithms/basic.py" line="64" name="test_almost_equal_self[1-&lt;lambda&gt;9]" time="0.2611851692199707"></testcase><testcase classname="src.pymortests.algorithms.basic" file="src/pymortests/algorithms/basic.py" line="64" name="test_almost_equal_self[1-&lt;lambda&gt;10]" time="0.034934043884277344"></testcase><testcase classname="src.pymortests.algorithms.basic" file="src/pymortests/algorithms/basic.py" line="64" name="test_almost_equal_self[1-&lt;lambda&gt;11]" time="0.40732622146606445"></testcase><testcase classname="src.pymortests.algorithms.basic" file="src/pymortests/algorithms/basic.py" line="64" name="test_almost_equal_self[1-&lt;lambda&gt;12]" time="0.05979752540588379"></testcase><testcase classname="src.pymortests.algorithms.basic" file="src/pymortests/algorithms/basic.py" line="64" name="test_almost_equal_self[1-&lt;lambda&gt;13]" time="0.21916937828063965"></testcase><testcase classname="src.pymortests.algorithms.basic" file="src/pymortests/algorithms/basic.py" line="64" name="test_almost_equal_self[1-&lt;lambda&gt;14]" time="0.39360952377319336"></testcase><testcase classname="src.pymortests.algorithms.basic" file="src/pymortests/algorithms/basic.py" line="64" name="test_almost_equal_self[1-&lt;lambda&gt;15]" time="0.6493775844573975"></testcase><testcase classname="src.pymortests.algorithms.basic" file="src/pymortests/algorithms/basic.py" line="64" name="test_almost_equal_self[1-&lt;lambda&gt;16]" time="0.7424404621124268"></testcase><testcase classname="src.pymortests.algorithms.basic" file="src/pymortests/algorithms/basic.py" line="64" name="test_almost_equal_self[1-&lt;lambda&gt;17]" time="0.04621267318725586"></testcase><testcase classname="src.pymortests.algorithms.basic" file="src/pymortests/algorithms/basic.py" line="64" name="test_almost_equal_self[1-&lt;lambda&gt;18]" time="0.046492815017700195"></testcase><testcase classname="src.pymortests.algorithms.basic" file="src/pymortests/algorithms/basic.py" line="64" name="test_almost_equal_self[1-&lt;lambda&gt;19]" time="1.4255032539367676"></testcase><testcase classname="src.pymortests.algorithms.basic" file="src/pymortests/algorithms/basic.py" line="64" name="test_almost_equal_self[1-&lt;lambda&gt;20]" time="4.385181665420532"></testcase><testcase classname="src.pymortests.algorithms.basic" file="src/pymortests/algorithms/basic.py" line="64" name="test_almost_equal_self[1-&lt;lambda&gt;21]" time="9.697845458984375"></testcase><testcase classname="src.pymortests.algorithms.basic" file="src/pymortests/algorithms/basic.py" line="64" name="test_almost_equal_self[1-&lt;lambda&gt;22]" time="0.01652359962463379"></testcase><testcase classname="src.pymortests.algorithms.basic" file="src/pymortests/algorithms/basic.py" line="64" name="test_almost_equal_self[1-&lt;lambda&gt;23]" time="0.01676630973815918"></testcase><testcase classname="src.pymortests.algorithms.basic" file="src/pymortests/algorithms/basic.py" line="64" name="test_almost_equal_self[1-&lt;lambda&gt;24]" time="3.6092939376831055"></testcase><testcase classname="src.pymortests.algorithms.basic" file="src/pymortests/algorithms/basic.py" line="64" name="test_almost_equal_self[1-&lt;lambda&gt;25]" time="50.65472364425659"></testcase><testcase classname="src.pymortests.algorithms.basic" file="src/pymortests/algorithms/basic.py" line="64" name="test_almost_equal_self[1-&lt;lambda&gt;26]" time="7.267534494400024"></testcase><testcase classname="src.pymortests.algorithms.basic" file="src/pymortests/algorithms/basic.py" line="64" name="test_almost_equal_self[2-&lt;lambda&gt;0]" time="0.01602792739868164"></testcase><testcase classname="src.pymortests.algorithms.basic" file="src/pymortests/algorithms/basic.py" line="64" name="test_almost_equal_self[2-&lt;lambda&gt;1]" time="0.01707148551940918"></testcase><testcase classname="src.pymortests.algorithms.basic" file="src/pymortests/algorithms/basic.py" line="64" name="test_almost_equal_self[2-&lt;lambda&gt;2]" time="0.13729166984558105"></testcase><testcase classname="src.pymortests.algorithms.basic" file="src/pymortests/algorithms/basic.py" line="64" name="test_almost_equal_self[2-&lt;lambda&gt;3]" time="0.21506047248840332"></testcase><testcase classname="src.pymortests.algorithms.basic" file="src/pymortests/algorithms/basic.py" line="64" name="test_almost_equal_self[2-&lt;lambda&gt;4]" time="0.037860870361328125"></testcase><testcase classname="src.pymortests.algorithms.basic" file="src/pymortests/algorithms/basic.py" line="64" name="test_almost_equal_self[2-&lt;lambda&gt;5]" time="0.0141448974609375"></testcase><testcase classname="src.pymortests.algorithms.basic" file="src/pymortests/algorithms/basic.py" line="64" name="test_almost_equal_self[2-&lt;lambda&gt;6]" time="0.014170408248901367"></testcase><testcase classname="src.pymortests.algorithms.basic" file="src/pymortests/algorithms/basic.py" line="64" name="test_almost_equal_self[2-&lt;lambda&gt;7]" time="0.23231101036071777"></testcase><testcase classname="src.pymortests.algorithms.basic" file="src/pymortests/algorithms/basic.py" line="64" name="test_almost_equal_self[2-&lt;lambda&gt;8]" time="1.5581696033477783"></testcase><testcase classname="src.pymortests.algorithms.basic" file="src/pymortests/algorithms/basic.py" line="64" name="test_almost_equal_self[2-&lt;lambda&gt;9]" time="0.26381540298461914"></testcase><testcase classname="src.pymortests.algorithms.basic" file="src/pymortests/algorithms/basic.py" line="64" name="test_almost_equal_self[2-&lt;lambda&gt;10]" time="0.035151004791259766"></testcase><testcase classname="src.pymortests.algorithms.basic" file="src/pymortests/algorithms/basic.py" line="64" name="test_almost_equal_self[2-&lt;lambda&gt;11]" time="0.4045252799987793"></testcase><testcase classname="src.pymortests.algorithms.basic" file="src/pymortests/algorithms/basic.py" line="64" name="test_almost_equal_self[2-&lt;lambda&gt;12]" time="0.059396982192993164"></testcase><testcase classname="src.pymortests.algorithms.basic" file="src/pymortests/algorithms/basic.py" line="64" name="test_almost_equal_self[2-&lt;lambda&gt;13]" time="0.22080683708190918"></testcase><testcase classname="src.pymortests.algorithms.basic" file="src/pymortests/algorithms/basic.py" line="64" name="test_almost_equal_self[2-&lt;lambda&gt;14]" time="0.3946800231933594"></testcase><testcase classname="src.pymortests.algorithms.basic" file="src/pymortests/algorithms/basic.py" line="64" name="test_almost_equal_self[2-&lt;lambda&gt;15]" time="0.6556684970855713"></testcase><testcase classname="src.pymortests.algorithms.basic" file="src/pymortests/algorithms/basic.py" line="64" name="test_almost_equal_self[2-&lt;lambda&gt;16]" time="0.73964524269104"></testcase><testcase classname="src.pymortests.algorithms.basic" file="src/pymortests/algorithms/basic.py" line="64" name="test_almost_equal_self[2-&lt;lambda&gt;17]" time="0.04607248306274414"></testcase><testcase classname="src.pymortests.algorithms.basic" file="src/pymortests/algorithms/basic.py" line="64" name="test_almost_equal_self[2-&lt;lambda&gt;18]" time="0.046427011489868164"></testcase><testcase classname="src.pymortests.algorithms.basic" file="src/pymortests/algorithms/basic.py" line="64" name="test_almost_equal_self[2-&lt;lambda&gt;19]" time="1.4347288608551025"></testcase><testcase classname="src.pymortests.algorithms.basic" file="src/pymortests/algorithms/basic.py" line="64" name="test_almost_equal_self[2-&lt;lambda&gt;20]" time="4.3604042530059814"></testcase><testcase classname="src.pymortests.algorithms.basic" file="src/pymortests/algorithms/basic.py" line="64" name="test_almost_equal_self[2-&lt;lambda&gt;21]" time="9.799757957458496"></testcase><testcase classname="src.pymortests.algorithms.basic" file="src/pymortests/algorithms/basic.py" line="64" name="test_almost_equal_self[2-&lt;lambda&gt;22]" time="0.016551733016967773"></testcase><testcase classname="src.pymortests.algorithms.basic" file="src/pymortests/algorithms/basic.py" line="64" name="test_almost_equal_self[2-&lt;lambda&gt;23]" time="0.016947269439697266"></testcase><testcase classname="src.pymortests.algorithms.basic" file="src/pymortests/algorithms/basic.py" line="64" name="test_almost_equal_self[2-&lt;lambda&gt;24]" time="3.6275582313537598"></testcase><testcase classname="src.pymortests.algorithms.basic" file="src/pymortests/algorithms/basic.py" line="64" name="test_almost_equal_self[2-&lt;lambda&gt;25]" time="50.40985727310181"></testcase><testcase classname="src.pymortests.algorithms.basic" file="src/pymortests/algorithms/basic.py" line="64" name="test_almost_equal_self[2-&lt;lambda&gt;26]" time="7.223153114318848"></testcase><testcase classname="src.pymortests.algorithms.basic" file="src/pymortests/algorithms/basic.py" line="104" name="test_almost_equal_self_product[&lt;lambda&gt;0]" time="0.29166650772094727"><system-err>18:19 DiffusionOperatorP1: Calulate gradients of shape functions transformed by reference map ...
18:19 DiffusionOperatorP1: Calculate all local scalar products beween gradients ...
18:19 DiffusionOperatorP1: Determine global dofs ...
18:19 DiffusionOperatorP1: Boundary treatment ...
18:19 DiffusionOperatorP1: Assemble system matrix ...
18:19 DiffusionOperatorP1: Calulate gradients of shape functions transformed by reference map ...
18:19 DiffusionOperatorP1: Calculate all local scalar products beween gradients ...
18:19 DiffusionOperatorP1: Determine global dofs ...
18:19 DiffusionOperatorP1: Boundary treatment ...
18:19 DiffusionOperatorP1: Assemble system matrix ...
18:19 DiffusionOperatorP1: Calulate gradients of shape functions transformed by reference map ...
18:19 DiffusionOperatorP1: Calculate all local scalar products beween gradients ...
18:19 DiffusionOperatorP1: Determine global dofs ...
18:19 DiffusionOperatorP1: Boundary treatment ...
18:19 DiffusionOperatorP1: Assemble system matrix ...
18:19 DiffusionOperatorP1: Calulate gradients of shape functions transformed by reference map ...
18:19 DiffusionOperatorP1: Calculate all local scalar products beween gradients ...
18:19 DiffusionOperatorP1: Determine global dofs ...
18:19 DiffusionOperatorP1: Boundary treatment ...
18:19 DiffusionOperatorP1: Assemble system matrix ...
18:19 DiffusionOperatorP1: Calulate gradients of shape functions transformed by reference map ...
18:19 DiffusionOperatorP1: Calculate all local scalar products beween gradients ...
18:19 DiffusionOperatorP1: Determine global dofs ...
18:19 DiffusionOperatorP1: Boundary treatment ...
18:19 DiffusionOperatorP1: Assemble system matrix ...
18:19 L2ProductP1: Integrate the products of the shape functions on each element
18:19 L2ProductP1: Determine global dofs ...
18:19 L2ProductP1: Boundary treatment ...
18:19 L2ProductP1: Assemble system matrix ...
18:19 DiffusionOperatorP1: Calulate gradients of shape functions transformed by reference map ...
18:19 DiffusionOperatorP1: Calculate all local scalar products beween gradients ...
18:19 DiffusionOperatorP1: Determine global dofs ...
18:19 DiffusionOperatorP1: Boundary treatment ...
18:19 DiffusionOperatorP1: Assemble system matrix ...
18:19 L2ProductP1: Integrate the products of the shape functions on each element
18:19 L2ProductP1: Determine global dofs ...
18:19 L2ProductP1: Boundary treatment ...
18:19 L2ProductP1: Assemble system matrix ...
18:19 DiffusionOperatorP1: Calulate gradients of shape functions transformed by reference map ...
18:19 DiffusionOperatorP1: Calculate all local scalar products beween gradients ...
18:19 DiffusionOperatorP1: Determine global dofs ...
18:19 DiffusionOperatorP1: Boundary treatment ...
18:19 DiffusionOperatorP1: Assemble system matrix ...
</system-err></testcase><testcase classname="src.pymortests.algorithms.basic" file="src/pymortests/algorithms/basic.py" line="104" name="test_almost_equal_self_product[&lt;lambda&gt;1]" time="0.28707337379455566"><system-err>18:19 DiffusionOperatorP1: Calulate gradients of shape functions transformed by reference map ...
18:19 DiffusionOperatorP1: Calculate all local scalar products beween gradients ...
18:19 DiffusionOperatorP1: Determine global dofs ...
18:19 DiffusionOperatorP1: Boundary treatment ...
18:19 DiffusionOperatorP1: Assemble system matrix ...
18:19 DiffusionOperatorP1: Calulate gradients of shape functions transformed by reference map ...
18:19 DiffusionOperatorP1: Calculate all local scalar products beween gradients ...
18:19 DiffusionOperatorP1: Determine global dofs ...
18:19 DiffusionOperatorP1: Boundary treatment ...
18:19 DiffusionOperatorP1: Assemble system matrix ...
18:19 L2ProductP1: Integrate the products of the shape functions on each element
18:19 L2ProductP1: Determine global dofs ...
18:19 L2ProductP1: Boundary treatment ...
18:19 L2ProductP1: Assemble system matrix ...
18:19 DiffusionOperatorP1: Calulate gradients of shape functions transformed by reference map ...
18:19 DiffusionOperatorP1: Calculate all local scalar products beween gradients ...
18:19 DiffusionOperatorP1: Determine global dofs ...
18:19 DiffusionOperatorP1: Boundary treatment ...
18:19 DiffusionOperatorP1: Assemble system matrix ...
18:19 L2ProductP1: Integrate the products of the shape functions on each element
18:19 L2ProductP1: Determine global dofs ...
18:19 L2ProductP1: Boundary treatment ...
18:19 L2ProductP1: Assemble system matrix ...
18:19 DiffusionOperatorP1: Calulate gradients of shape functions transformed by reference map ...
18:19 DiffusionOperatorP1: Calculate all local scalar products beween gradients ...
18:19 DiffusionOperatorP1: Determine global dofs ...
18:19 DiffusionOperatorP1: Boundary treatment ...
18:19 DiffusionOperatorP1: Assemble system matrix ...
</system-err></testcase><testcase classname="src.pymortests.algorithms.basic" file="src/pymortests/algorithms/basic.py" line="104" name="test_almost_equal_self_product[&lt;lambda&gt;2]" time="0.28783512115478516"><system-err>18:19 DiffusionOperatorP1: Calulate gradients of shape functions transformed by reference map ...
18:19 DiffusionOperatorP1: Calculate all local scalar products beween gradients ...
18:19 DiffusionOperatorP1: Determine global dofs ...
18:19 DiffusionOperatorP1: Boundary treatment ...
18:19 DiffusionOperatorP1: Assemble system matrix ...
18:19 DiffusionOperatorP1: Calulate gradients of shape functions transformed by reference map ...
18:19 DiffusionOperatorP1: Calculate all local scalar products beween gradients ...
18:19 DiffusionOperatorP1: Determine global dofs ...
18:19 DiffusionOperatorP1: Boundary treatment ...
18:19 DiffusionOperatorP1: Assemble system matrix ...
18:19 DiffusionOperatorP1: Calulate gradients of shape functions transformed by reference map ...
18:19 DiffusionOperatorP1: Calculate all local scalar products beween gradients ...
18:19 DiffusionOperatorP1: Determine global dofs ...
18:19 DiffusionOperatorP1: Boundary treatment ...
18:19 DiffusionOperatorP1: Assemble system matrix ...
18:19 DiffusionOperatorP1: Calulate gradients of shape functions transformed by reference map ...
18:19 DiffusionOperatorP1: Calculate all local scalar products beween gradients ...
18:19 DiffusionOperatorP1: Determine global dofs ...
18:19 DiffusionOperatorP1: Boundary treatment ...
18:19 DiffusionOperatorP1: Assemble system matrix ...
18:19 DiffusionOperatorP1: Calulate gradients of shape functions transformed by reference map ...
18:19 DiffusionOperatorP1: Calculate all local scalar products beween gradients ...
18:19 DiffusionOperatorP1: Determine global dofs ...
18:19 DiffusionOperatorP1: Boundary treatment ...
18:19 DiffusionOperatorP1: Assemble system matrix ...
18:19 L2ProductP1: Integrate the products of the shape functions on each element
18:19 L2ProductP1: Determine global dofs ...
18:19 L2ProductP1: Boundary treatment ...
18:19 L2ProductP1: Assemble system matrix ...
18:19 DiffusionOperatorP1: Calulate gradients of shape functions transformed by reference map ...
18:19 DiffusionOperatorP1: Calculate all local scalar products beween gradients ...
18:19 DiffusionOperatorP1: Determine global dofs ...
18:19 DiffusionOperatorP1: Boundary treatment ...
18:19 DiffusionOperatorP1: Assemble system matrix ...
18:19 L2ProductP1: Integrate the products of the shape functions on each element
18:19 L2ProductP1: Determine global dofs ...
18:19 L2ProductP1: Boundary treatment ...
18:19 L2ProductP1: Assemble system matrix ...
18:19 DiffusionOperatorP1: Calulate gradients of shape functions transformed by reference map ...
18:19 DiffusionOperatorP1: Calculate all local scalar products beween gradients ...
18:19 DiffusionOperatorP1: Determine global dofs ...
18:19 DiffusionOperatorP1: Boundary treatment ...
18:19 DiffusionOperatorP1: Assemble system matrix ...
</system-err></testcase><testcase classname="src.pymortests.algorithms.basic" file="src/pymortests/algorithms/basic.py" line="104" name="test_almost_equal_self_product[&lt;lambda&gt;3]" time="0.29344773292541504"><system-err>18:20 DiffusionOperatorP1: Calulate gradients of shape functions transformed by reference map ...
18:20 DiffusionOperatorP1: Calculate all local scalar products beween gradients ...
18:20 DiffusionOperatorP1: Determine global dofs ...
18:20 DiffusionOperatorP1: Boundary treatment ...
18:20 DiffusionOperatorP1: Assemble system matrix ...
18:20 DiffusionOperatorP1: Calulate gradients of shape functions transformed by reference map ...
18:20 DiffusionOperatorP1: Calculate all local scalar products beween gradients ...
18:20 DiffusionOperatorP1: Determine global dofs ...
18:20 DiffusionOperatorP1: Boundary treatment ...
18:20 DiffusionOperatorP1: Assemble system matrix ...
18:20 L2ProductP1: Integrate the products of the shape functions on each element
18:20 L2ProductP1: Determine global dofs ...
18:20 L2ProductP1: Boundary treatment ...
18:20 L2ProductP1: Assemble system matrix ...
18:20 DiffusionOperatorP1: Calulate gradients of shape functions transformed by reference map ...
18:20 DiffusionOperatorP1: Calculate all local scalar products beween gradients ...
18:20 DiffusionOperatorP1: Determine global dofs ...
18:20 DiffusionOperatorP1: Boundary treatment ...
18:20 DiffusionOperatorP1: Assemble system matrix ...
18:20 L2ProductP1: Integrate the products of the shape functions on each element
18:20 L2ProductP1: Determine global dofs ...
18:20 L2ProductP1: Boundary treatment ...
18:20 L2ProductP1: Assemble system matrix ...
18:20 DiffusionOperatorP1: Calulate gradients of shape functions transformed by reference map ...
18:20 DiffusionOperatorP1: Calculate all local scalar products beween gradients ...
18:20 DiffusionOperatorP1: Determine global dofs ...
18:20 DiffusionOperatorP1: Boundary treatment ...
18:20 DiffusionOperatorP1: Assemble system matrix ...
</system-err></testcase><testcase classname="src.pymortests.algorithms.basic" file="src/pymortests/algorithms/basic.py" line="104" name="test_almost_equal_self_product[&lt;lambda&gt;4]" time="0.28664326667785645"><system-err>18:20 DiffusionOperatorP1: Calulate gradients of shape functions transformed by reference map ...
18:20 DiffusionOperatorP1: Calculate all local scalar products beween gradients ...
18:20 DiffusionOperatorP1: Determine global dofs ...
18:20 DiffusionOperatorP1: Boundary treatment ...
18:20 DiffusionOperatorP1: Assemble system matrix ...
18:20 DiffusionOperatorP1: Calulate gradients of shape functions transformed by reference map ...
18:20 DiffusionOperatorP1: Calculate all local scalar products beween gradients ...
18:20 DiffusionOperatorP1: Determine global dofs ...
18:20 DiffusionOperatorP1: Boundary treatment ...
18:20 DiffusionOperatorP1: Assemble system matrix ...
18:20 DiffusionOperatorP1: Calulate gradients of shape functions transformed by reference map ...
18:20 DiffusionOperatorP1: Calculate all local scalar products beween gradients ...
18:20 DiffusionOperatorP1: Determine global dofs ...
18:20 DiffusionOperatorP1: Boundary treatment ...
18:20 DiffusionOperatorP1: Assemble system matrix ...
18:20 DiffusionOperatorP1: Calulate gradients of shape functions transformed by reference map ...
18:20 DiffusionOperatorP1: Calculate all local scalar products beween gradients ...
18:20 DiffusionOperatorP1: Determine global dofs ...
18:20 DiffusionOperatorP1: Boundary treatment ...
18:20 DiffusionOperatorP1: Assemble system matrix ...
18:20 DiffusionOperatorP1: Calulate gradients of shape functions transformed by reference map ...
18:20 DiffusionOperatorP1: Calculate all local scalar products beween gradients ...
18:20 DiffusionOperatorP1: Determine global dofs ...
18:20 DiffusionOperatorP1: Boundary treatment ...
18:20 DiffusionOperatorP1: Assemble system matrix ...
18:20 L2ProductP1: Integrate the products of the shape functions on each element
18:20 L2ProductP1: Determine global dofs ...
18:20 L2ProductP1: Boundary treatment ...
18:20 L2ProductP1: Assemble system matrix ...
18:20 DiffusionOperatorP1: Calulate gradients of shape functions transformed by reference map ...
18:20 DiffusionOperatorP1: Calculate all local scalar products beween gradients ...
18:20 DiffusionOperatorP1: Determine global dofs ...
18:20 DiffusionOperatorP1: Boundary treatment ...
18:20 DiffusionOperatorP1: Assemble system matrix ...
18:20 L2ProductP1: Integrate the products of the shape functions on each element
18:20 L2ProductP1: Determine global dofs ...
18:20 L2ProductP1: Boundary treatment ...
18:20 L2ProductP1: Assemble system matrix ...
18:20 DiffusionOperatorP1: Calulate gradients of shape functions transformed by reference map ...
18:20 DiffusionOperatorP1: Calculate all local scalar products beween gradients ...
18:20 DiffusionOperatorP1: Determine global dofs ...
18:20 DiffusionOperatorP1: Boundary treatment ...
18:20 DiffusionOperatorP1: Assemble system matrix ...
</system-err></testcase><testcase classname="src.pymortests.algorithms.basic" file="src/pymortests/algorithms/basic.py" line="104" name="test_almost_equal_self_product[&lt;lambda&gt;5]" time="0.2870213985443115"><system-err>18:20 DiffusionOperatorP1: Calulate gradients of shape functions transformed by reference map ...
18:20 DiffusionOperatorP1: Calculate all local scalar products beween gradients ...
18:20 DiffusionOperatorP1: Determine global dofs ...
18:20 DiffusionOperatorP1: Boundary treatment ...
18:20 DiffusionOperatorP1: Assemble system matrix ...
18:20 DiffusionOperatorP1: Calulate gradients of shape functions transformed by reference map ...
18:20 DiffusionOperatorP1: Calculate all local scalar products beween gradients ...
18:20 DiffusionOperatorP1: Determine global dofs ...
18:20 DiffusionOperatorP1: Boundary treatment ...
18:20 DiffusionOperatorP1: Assemble system matrix ...
18:20 L2ProductP1: Integrate the products of the shape functions on each element
18:20 L2ProductP1: Determine global dofs ...
18:20 L2ProductP1: Boundary treatment ...
18:20 L2ProductP1: Assemble system matrix ...
18:20 DiffusionOperatorP1: Calulate gradients of shape functions transformed by reference map ...
18:20 DiffusionOperatorP1: Calculate all local scalar products beween gradients ...
18:20 DiffusionOperatorP1: Determine global dofs ...
18:20 DiffusionOperatorP1: Boundary treatment ...
18:20 DiffusionOperatorP1: Assemble system matrix ...
18:20 L2ProductP1: Integrate the products of the shape functions on each element
18:20 L2ProductP1: Determine global dofs ...
18:20 L2ProductP1: Boundary treatment ...
18:20 L2ProductP1: Assemble system matrix ...
18:20 DiffusionOperatorP1: Calulate gradients of shape functions transformed by reference map ...
18:20 DiffusionOperatorP1: Calculate all local scalar products beween gradients ...
18:20 DiffusionOperatorP1: Determine global dofs ...
18:20 DiffusionOperatorP1: Boundary treatment ...
18:20 DiffusionOperatorP1: Assemble system matrix ...
</system-err></testcase><testcase classname="src.pymortests.algorithms.basic" file="src/pymortests/algorithms/basic.py" line="104" name="test_almost_equal_self_product[&lt;lambda&gt;6]" time="0.2866082191467285"><system-err>18:21 DiffusionOperatorP1: Calulate gradients of shape functions transformed by reference map ...
18:21 DiffusionOperatorP1: Calculate all local scalar products beween gradients ...
18:21 DiffusionOperatorP1: Determine global dofs ...
18:21 DiffusionOperatorP1: Boundary treatment ...
18:21 DiffusionOperatorP1: Assemble system matrix ...
18:21 DiffusionOperatorP1: Calulate gradients of shape functions transformed by reference map ...
18:21 DiffusionOperatorP1: Calculate all local scalar products beween gradients ...
18:21 DiffusionOperatorP1: Determine global dofs ...
18:21 DiffusionOperatorP1: Boundary treatment ...
18:21 DiffusionOperatorP1: Assemble system matrix ...
18:21 DiffusionOperatorP1: Calulate gradients of shape functions transformed by reference map ...
18:21 DiffusionOperatorP1: Calculate all local scalar products beween gradients ...
18:21 DiffusionOperatorP1: Determine global dofs ...
18:21 DiffusionOperatorP1: Boundary treatment ...
18:21 DiffusionOperatorP1: Assemble system matrix ...
18:21 DiffusionOperatorP1: Calulate gradients of shape functions transformed by reference map ...
18:21 DiffusionOperatorP1: Calculate all local scalar products beween gradients ...
18:21 DiffusionOperatorP1: Determine global dofs ...
18:21 DiffusionOperatorP1: Boundary treatment ...
18:21 DiffusionOperatorP1: Assemble system matrix ...
18:21 DiffusionOperatorP1: Calulate gradients of shape functions transformed by reference map ...
18:21 DiffusionOperatorP1: Calculate all local scalar products beween gradients ...
18:21 DiffusionOperatorP1: Determine global dofs ...
18:21 DiffusionOperatorP1: Boundary treatment ...
18:21 DiffusionOperatorP1: Assemble system matrix ...
18:21 L2ProductP1: Integrate the products of the shape functions on each element
18:21 L2ProductP1: Determine global dofs ...
18:21 L2ProductP1: Boundary treatment ...
18:21 L2ProductP1: Assemble system matrix ...
18:21 DiffusionOperatorP1: Calulate gradients of shape functions transformed by reference map ...
18:21 DiffusionOperatorP1: Calculate all local scalar products beween gradients ...
18:21 DiffusionOperatorP1: Determine global dofs ...
18:21 DiffusionOperatorP1: Boundary treatment ...
18:21 DiffusionOperatorP1: Assemble system matrix ...
18:21 L2ProductP1: Integrate the products of the shape functions on each element
18:21 L2ProductP1: Determine global dofs ...
18:21 L2ProductP1: Boundary treatment ...
18:21 L2ProductP1: Assemble system matrix ...
18:21 DiffusionOperatorP1: Calulate gradients of shape functions transformed by reference map ...
18:21 DiffusionOperatorP1: Calculate all local scalar products beween gradients ...
18:21 DiffusionOperatorP1: Determine global dofs ...
18:21 DiffusionOperatorP1: Boundary treatment ...
18:21 DiffusionOperatorP1: Assemble system matrix ...
</system-err></testcase><testcase classname="src.pymortests.algorithms.basic" file="src/pymortests/algorithms/basic.py" line="104" name="test_almost_equal_self_product[&lt;lambda&gt;7]" time="0.3282628059387207"><system-err>18:21 DiffusionOperatorP1: Calulate gradients of shape functions transformed by reference map ...
18:21 DiffusionOperatorP1: Calculate all local scalar products beween gradients ...
18:21 DiffusionOperatorP1: Determine global dofs ...
18:21 DiffusionOperatorP1: Boundary treatment ...
18:21 DiffusionOperatorP1: Assemble system matrix ...
18:21 DiffusionOperatorP1: Calulate gradients of shape functions transformed by reference map ...
18:21 DiffusionOperatorP1: Calculate all local scalar products beween gradients ...
18:21 DiffusionOperatorP1: Determine global dofs ...
18:21 DiffusionOperatorP1: Boundary treatment ...
18:21 DiffusionOperatorP1: Assemble system matrix ...
18:21 L2ProductP1: Integrate the products of the shape functions on each element
18:21 L2ProductP1: Determine global dofs ...
18:21 L2ProductP1: Boundary treatment ...
18:21 L2ProductP1: Assemble system matrix ...
18:21 DiffusionOperatorP1: Calulate gradients of shape functions transformed by reference map ...
18:21 DiffusionOperatorP1: Calculate all local scalar products beween gradients ...
18:21 DiffusionOperatorP1: Determine global dofs ...
18:21 DiffusionOperatorP1: Boundary treatment ...
18:21 DiffusionOperatorP1: Assemble system matrix ...
18:21 L2ProductP1: Integrate the products of the shape functions on each element
18:21 L2ProductP1: Determine global dofs ...
18:21 L2ProductP1: Boundary treatment ...
18:21 L2ProductP1: Assemble system matrix ...
18:21 DiffusionOperatorP1: Calulate gradients of shape functions transformed by reference map ...
18:21 DiffusionOperatorP1: Calculate all local scalar products beween gradients ...
18:21 DiffusionOperatorP1: Determine global dofs ...
18:21 DiffusionOperatorP1: Boundary treatment ...
18:21 DiffusionOperatorP1: Assemble system matrix ...
</system-err></testcase><testcase classname="src.pymortests.algorithms.basic" file="src/pymortests/algorithms/basic.py" line="104" name="test_almost_equal_self_product[&lt;lambda&gt;8]" time="0.2878000736236572"><system-err>18:21 DiffusionOperatorP1: Calulate gradients of shape functions transformed by reference map ...
18:21 DiffusionOperatorP1: Calculate all local scalar products beween gradients ...
18:21 DiffusionOperatorP1: Determine global dofs ...
18:21 DiffusionOperatorP1: Boundary treatment ...
18:21 DiffusionOperatorP1: Assemble system matrix ...
18:21 DiffusionOperatorP1: Calulate gradients of shape functions transformed by reference map ...
18:21 DiffusionOperatorP1: Calculate all local scalar products beween gradients ...
18:21 DiffusionOperatorP1: Determine global dofs ...
18:21 DiffusionOperatorP1: Boundary treatment ...
18:21 DiffusionOperatorP1: Assemble system matrix ...
18:21 DiffusionOperatorP1: Calulate gradients of shape functions transformed by reference map ...
18:21 DiffusionOperatorP1: Calculate all local scalar products beween gradients ...
18:21 DiffusionOperatorP1: Determine global dofs ...
18:21 DiffusionOperatorP1: Boundary treatment ...
18:21 DiffusionOperatorP1: Assemble system matrix ...
18:21 DiffusionOperatorP1: Calulate gradients of shape functions transformed by reference map ...
18:21 DiffusionOperatorP1: Calculate all local scalar products beween gradients ...
18:21 DiffusionOperatorP1: Determine global dofs ...
18:21 DiffusionOperatorP1: Boundary treatment ...
18:21 DiffusionOperatorP1: Assemble system matrix ...
18:21 DiffusionOperatorP1: Calulate gradients of shape functions transformed by reference map ...
18:21 DiffusionOperatorP1: Calculate all local scalar products beween gradients ...
18:21 DiffusionOperatorP1: Determine global dofs ...
18:21 DiffusionOperatorP1: Boundary treatment ...
18:21 DiffusionOperatorP1: Assemble system matrix ...
18:21 L2ProductP1: Integrate the products of the shape functions on each element
18:21 L2ProductP1: Determine global dofs ...
18:21 L2ProductP1: Boundary treatment ...
18:21 L2ProductP1: Assemble system matrix ...
18:21 DiffusionOperatorP1: Calulate gradients of shape functions transformed by reference map ...
18:21 DiffusionOperatorP1: Calculate all local scalar products beween gradients ...
18:21 DiffusionOperatorP1: Determine global dofs ...
18:21 DiffusionOperatorP1: Boundary treatment ...
18:21 DiffusionOperatorP1: Assemble system matrix ...
18:21 L2ProductP1: Integrate the products of the shape functions on each element
18:21 L2ProductP1: Determine global dofs ...
18:21 L2ProductP1: Boundary treatment ...
18:21 L2ProductP1: Assemble system matrix ...
18:21 DiffusionOperatorP1: Calulate gradients of shape functions transformed by reference map ...
18:21 DiffusionOperatorP1: Calculate all local scalar products beween gradients ...
18:21 DiffusionOperatorP1: Determine global dofs ...
18:21 DiffusionOperatorP1: Boundary treatment ...
18:21 DiffusionOperatorP1: Assemble system matrix ...
</system-err></testcase><testcase classname="src.pymortests.algorithms.basic" file="src/pymortests/algorithms/basic.py" line="104" name="test_almost_equal_self_product[&lt;lambda&gt;9]" time="0.2899043560028076"><system-err>18:22 DiffusionOperatorP1: Calulate gradients of shape functions transformed by reference map ...
18:22 DiffusionOperatorP1: Calculate all local scalar products beween gradients ...
18:22 DiffusionOperatorP1: Determine global dofs ...
18:22 DiffusionOperatorP1: Boundary treatment ...
18:22 DiffusionOperatorP1: Assemble system matrix ...
18:22 DiffusionOperatorP1: Calulate gradients of shape functions transformed by reference map ...
18:22 DiffusionOperatorP1: Calculate all local scalar products beween gradients ...
18:22 DiffusionOperatorP1: Determine global dofs ...
18:22 DiffusionOperatorP1: Boundary treatment ...
18:22 DiffusionOperatorP1: Assemble system matrix ...
18:22 L2ProductP1: Integrate the products of the shape functions on each element
18:22 L2ProductP1: Determine global dofs ...
18:22 L2ProductP1: Boundary treatment ...
18:22 L2ProductP1: Assemble system matrix ...
18:22 DiffusionOperatorP1: Calulate gradients of shape functions transformed by reference map ...
18:22 DiffusionOperatorP1: Calculate all local scalar products beween gradients ...
18:22 DiffusionOperatorP1: Determine global dofs ...
18:22 DiffusionOperatorP1: Boundary treatment ...
18:22 DiffusionOperatorP1: Assemble system matrix ...
18:22 L2ProductP1: Integrate the products of the shape functions on each element
18:22 L2ProductP1: Determine global dofs ...
18:22 L2ProductP1: Boundary treatment ...
18:22 L2ProductP1: Assemble system matrix ...
18:22 DiffusionOperatorP1: Calulate gradients of shape functions transformed by reference map ...
18:22 DiffusionOperatorP1: Calculate all local scalar products beween gradients ...
18:22 DiffusionOperatorP1: Determine global dofs ...
18:22 DiffusionOperatorP1: Boundary treatment ...
18:22 DiffusionOperatorP1: Assemble system matrix ...
</system-err></testcase><testcase classname="src.pymortests.algorithms.basic" file="src/pymortests/algorithms/basic.py" line="104" name="test_almost_equal_self_product[&lt;lambda&gt;10]" time="0.2953479290008545"><system-err>18:22 DiffusionOperatorP1: Calulate gradients of shape functions transformed by reference map ...
18:22 DiffusionOperatorP1: Calculate all local scalar products beween gradients ...
18:22 DiffusionOperatorP1: Determine global dofs ...
18:22 DiffusionOperatorP1: Boundary treatment ...
18:22 DiffusionOperatorP1: Assemble system matrix ...
18:22 DiffusionOperatorP1: Calulate gradients of shape functions transformed by reference map ...
18:22 DiffusionOperatorP1: Calculate all local scalar products beween gradients ...
18:22 DiffusionOperatorP1: Determine global dofs ...
18:22 DiffusionOperatorP1: Boundary treatment ...
18:22 DiffusionOperatorP1: Assemble system matrix ...
18:22 DiffusionOperatorP1: Calulate gradients of shape functions transformed by reference map ...
18:22 DiffusionOperatorP1: Calculate all local scalar products beween gradients ...
18:22 DiffusionOperatorP1: Determine global dofs ...
18:22 DiffusionOperatorP1: Boundary treatment ...
18:22 DiffusionOperatorP1: Assemble system matrix ...
18:22 DiffusionOperatorP1: Calulate gradients of shape functions transformed by reference map ...
18:22 DiffusionOperatorP1: Calculate all local scalar products beween gradients ...
18:22 DiffusionOperatorP1: Determine global dofs ...
18:22 DiffusionOperatorP1: Boundary treatment ...
18:22 DiffusionOperatorP1: Assemble system matrix ...
18:22 DiffusionOperatorP1: Calulate gradients of shape functions transformed by reference map ...
18:22 DiffusionOperatorP1: Calculate all local scalar products beween gradients ...
18:22 DiffusionOperatorP1: Determine global dofs ...
18:22 DiffusionOperatorP1: Boundary treatment ...
18:22 DiffusionOperatorP1: Assemble system matrix ...
18:22 L2ProductP1: Integrate the products of the shape functions on each element
18:22 L2ProductP1: Determine global dofs ...
18:22 L2ProductP1: Boundary treatment ...
18:22 L2ProductP1: Assemble system matrix ...
18:22 DiffusionOperatorP1: Calulate gradients of shape functions transformed by reference map ...
18:22 DiffusionOperatorP1: Calculate all local scalar products beween gradients ...
18:22 DiffusionOperatorP1: Determine global dofs ...
18:22 DiffusionOperatorP1: Boundary treatment ...
18:22 DiffusionOperatorP1: Assemble system matrix ...
18:22 L2ProductP1: Integrate the products of the shape functions on each element
18:22 L2ProductP1: Determine global dofs ...
18:22 L2ProductP1: Boundary treatment ...
18:22 L2ProductP1: Assemble system matrix ...
18:22 DiffusionOperatorP1: Calulate gradients of shape functions transformed by reference map ...
18:22 DiffusionOperatorP1: Calculate all local scalar products beween gradients ...
18:22 DiffusionOperatorP1: Determine global dofs ...
18:22 DiffusionOperatorP1: Boundary treatment ...
18:22 DiffusionOperatorP1: Assemble system matrix ...
</system-err></testcase><testcase classname="src.pymortests.algorithms.basic" file="src/pymortests/algorithms/basic.py" line="104" name="test_almost_equal_self_product[&lt;lambda&gt;11]" time="0.2965354919433594"><system-err>18:22 DiffusionOperatorP1: Calulate gradients of shape functions transformed by reference map ...
18:22 DiffusionOperatorP1: Calculate all local scalar products beween gradients ...
18:22 DiffusionOperatorP1: Determine global dofs ...
18:22 DiffusionOperatorP1: Boundary treatment ...
18:22 DiffusionOperatorP1: Assemble system matrix ...
18:22 DiffusionOperatorP1: Calulate gradients of shape functions transformed by reference map ...
18:22 DiffusionOperatorP1: Calculate all local scalar products beween gradients ...
18:22 DiffusionOperatorP1: Determine global dofs ...
18:22 DiffusionOperatorP1: Boundary treatment ...
18:22 DiffusionOperatorP1: Assemble system matrix ...
18:22 L2ProductP1: Integrate the products of the shape functions on each element
18:22 L2ProductP1: Determine global dofs ...
18:22 L2ProductP1: Boundary treatment ...
18:22 L2ProductP1: Assemble system matrix ...
18:22 DiffusionOperatorP1: Calulate gradients of shape functions transformed by reference map ...
18:22 DiffusionOperatorP1: Calculate all local scalar products beween gradients ...
18:22 DiffusionOperatorP1: Determine global dofs ...
18:22 DiffusionOperatorP1: Boundary treatment ...
18:22 DiffusionOperatorP1: Assemble system matrix ...
18:22 L2ProductP1: Integrate the products of the shape functions on each element
18:22 L2ProductP1: Determine global dofs ...
18:22 L2ProductP1: Boundary treatment ...
18:22 L2ProductP1: Assemble system matrix ...
18:22 DiffusionOperatorP1: Calulate gradients of shape functions transformed by reference map ...
18:22 DiffusionOperatorP1: Calculate all local scalar products beween gradients ...
18:22 DiffusionOperatorP1: Determine global dofs ...
18:22 DiffusionOperatorP1: Boundary treatment ...
18:22 DiffusionOperatorP1: Assemble system matrix ...
</system-err></testcase><testcase classname="src.pymortests.algorithms.basic" file="src/pymortests/algorithms/basic.py" line="104" name="test_almost_equal_self_product[&lt;lambda&gt;12]" time="0.277998685836792"><system-err>18:22 DiffusionOperatorP1: Calulate gradients of shape functions transformed by reference map ...
18:22 DiffusionOperatorP1: Calculate all local scalar products beween gradients ...
18:22 DiffusionOperatorP1: Determine global dofs ...
18:22 DiffusionOperatorP1: Boundary treatment ...
18:22 DiffusionOperatorP1: Assemble system matrix ...
18:22 DiffusionOperatorP1: Calulate gradients of shape functions transformed by reference map ...
18:22 DiffusionOperatorP1: Calculate all local scalar products beween gradients ...
18:22 DiffusionOperatorP1: Determine global dofs ...
18:22 DiffusionOperatorP1: Boundary treatment ...
18:22 DiffusionOperatorP1: Assemble system matrix ...
18:22 DiffusionOperatorP1: Calulate gradients of shape functions transformed by reference map ...
18:22 DiffusionOperatorP1: Calculate all local scalar products beween gradients ...
18:22 DiffusionOperatorP1: Determine global dofs ...
18:22 DiffusionOperatorP1: Boundary treatment ...
18:22 DiffusionOperatorP1: Assemble system matrix ...
18:22 DiffusionOperatorP1: Calulate gradients of shape functions transformed by reference map ...
18:22 DiffusionOperatorP1: Calculate all local scalar products beween gradients ...
18:22 DiffusionOperatorP1: Determine global dofs ...
18:22 DiffusionOperatorP1: Boundary treatment ...
18:22 DiffusionOperatorP1: Assemble system matrix ...
18:22 DiffusionOperatorP1: Calulate gradients of shape functions transformed by reference map ...
18:22 DiffusionOperatorP1: Calculate all local scalar products beween gradients ...
18:22 DiffusionOperatorP1: Determine global dofs ...
18:22 DiffusionOperatorP1: Boundary treatment ...
18:22 DiffusionOperatorP1: Assemble system matrix ...
18:22 L2ProductP1: Integrate the products of the shape functions on each element
18:22 L2ProductP1: Determine global dofs ...
18:22 L2ProductP1: Boundary treatment ...
18:22 L2ProductP1: Assemble system matrix ...
18:22 DiffusionOperatorP1: Calulate gradients of shape functions transformed by reference map ...
18:22 DiffusionOperatorP1: Calculate all local scalar products beween gradients ...
18:22 DiffusionOperatorP1: Determine global dofs ...
18:22 DiffusionOperatorP1: Boundary treatment ...
18:22 DiffusionOperatorP1: Assemble system matrix ...
18:22 L2ProductP1: Integrate the products of the shape functions on each element
18:22 L2ProductP1: Determine global dofs ...
18:22 L2ProductP1: Boundary treatment ...
18:22 L2ProductP1: Assemble system matrix ...
18:22 DiffusionOperatorP1: Calulate gradients of shape functions transformed by reference map ...
18:22 DiffusionOperatorP1: Calculate all local scalar products beween gradients ...
18:22 DiffusionOperatorP1: Determine global dofs ...
18:22 DiffusionOperatorP1: Boundary treatment ...
18:22 DiffusionOperatorP1: Assemble system matrix ...
</system-err></testcase><testcase classname="src.pymortests.algorithms.basic" file="src/pymortests/algorithms/basic.py" line="104" name="test_almost_equal_self_product[&lt;lambda&gt;13]" time="0.267803430557251"><system-err>18:23 DiffusionOperatorP1: Calulate gradients of shape functions transformed by reference map ...
18:23 DiffusionOperatorP1: Calculate all local scalar products beween gradients ...
18:23 DiffusionOperatorP1: Determine global dofs ...
18:23 DiffusionOperatorP1: Boundary treatment ...
18:23 DiffusionOperatorP1: Assemble system matrix ...
18:23 DiffusionOperatorP1: Calulate gradients of shape functions transformed by reference map ...
18:23 DiffusionOperatorP1: Calculate all local scalar products beween gradients ...
18:23 DiffusionOperatorP1: Determine global dofs ...
18:23 DiffusionOperatorP1: Boundary treatment ...
18:23 DiffusionOperatorP1: Assemble system matrix ...
18:23 L2ProductP1: Integrate the products of the shape functions on each element
18:23 L2ProductP1: Determine global dofs ...
18:23 L2ProductP1: Boundary treatment ...
18:23 L2ProductP1: Assemble system matrix ...
18:23 DiffusionOperatorP1: Calulate gradients of shape functions transformed by reference map ...
18:23 DiffusionOperatorP1: Calculate all local scalar products beween gradients ...
18:23 DiffusionOperatorP1: Determine global dofs ...
18:23 DiffusionOperatorP1: Boundary treatment ...
18:23 DiffusionOperatorP1: Assemble system matrix ...
18:23 L2ProductP1: Integrate the products of the shape functions on each element
18:23 L2ProductP1: Determine global dofs ...
18:23 L2ProductP1: Boundary treatment ...
18:23 L2ProductP1: Assemble system matrix ...
18:23 DiffusionOperatorP1: Calulate gradients of shape functions transformed by reference map ...
18:23 DiffusionOperatorP1: Calculate all local scalar products beween gradients ...
18:23 DiffusionOperatorP1: Determine global dofs ...
18:23 DiffusionOperatorP1: Boundary treatment ...
18:23 DiffusionOperatorP1: Assemble system matrix ...
</system-err></testcase><testcase classname="src.pymortests.algorithms.basic" file="src/pymortests/algorithms/basic.py" line="104" name="test_almost_equal_self_product[&lt;lambda&gt;14]" time="0.2928345203399658"><system-err>18:23 DiffusionOperatorP1: Calulate gradients of shape functions transformed by reference map ...
18:23 DiffusionOperatorP1: Calculate all local scalar products beween gradients ...
18:23 DiffusionOperatorP1: Determine global dofs ...
18:23 DiffusionOperatorP1: Boundary treatment ...
18:23 DiffusionOperatorP1: Assemble system matrix ...
18:23 DiffusionOperatorP1: Calulate gradients of shape functions transformed by reference map ...
18:23 DiffusionOperatorP1: Calculate all local scalar products beween gradients ...
18:23 DiffusionOperatorP1: Determine global dofs ...
18:23 DiffusionOperatorP1: Boundary treatment ...
18:23 DiffusionOperatorP1: Assemble system matrix ...
18:23 DiffusionOperatorP1: Calulate gradients of shape functions transformed by reference map ...
18:23 DiffusionOperatorP1: Calculate all local scalar products beween gradients ...
18:23 DiffusionOperatorP1: Determine global dofs ...
18:23 DiffusionOperatorP1: Boundary treatment ...
18:23 DiffusionOperatorP1: Assemble system matrix ...
18:23 DiffusionOperatorP1: Calulate gradients of shape functions transformed by reference map ...
18:23 DiffusionOperatorP1: Calculate all local scalar products beween gradients ...
18:23 DiffusionOperatorP1: Determine global dofs ...
18:23 DiffusionOperatorP1: Boundary treatment ...
18:23 DiffusionOperatorP1: Assemble system matrix ...
18:23 DiffusionOperatorP1: Calulate gradients of shape functions transformed by reference map ...
18:23 DiffusionOperatorP1: Calculate all local scalar products beween gradients ...
18:23 DiffusionOperatorP1: Determine global dofs ...
18:23 DiffusionOperatorP1: Boundary treatment ...
18:23 DiffusionOperatorP1: Assemble system matrix ...
18:23 L2ProductP1: Integrate the products of the shape functions on each element
18:23 L2ProductP1: Determine global dofs ...
18:23 L2ProductP1: Boundary treatment ...
18:23 L2ProductP1: Assemble system matrix ...
18:23 DiffusionOperatorP1: Calulate gradients of shape functions transformed by reference map ...
18:23 DiffusionOperatorP1: Calculate all local scalar products beween gradients ...
18:23 DiffusionOperatorP1: Determine global dofs ...
18:23 DiffusionOperatorP1: Boundary treatment ...
18:23 DiffusionOperatorP1: Assemble system matrix ...
18:23 L2ProductP1: Integrate the products of the shape functions on each element
18:23 L2ProductP1: Determine global dofs ...
18:23 L2ProductP1: Boundary treatment ...
18:23 L2ProductP1: Assemble system matrix ...
18:23 DiffusionOperatorP1: Calulate gradients of shape functions transformed by reference map ...
18:23 DiffusionOperatorP1: Calculate all local scalar products beween gradients ...
18:23 DiffusionOperatorP1: Determine global dofs ...
18:23 DiffusionOperatorP1: Boundary treatment ...
18:23 DiffusionOperatorP1: Assemble system matrix ...
</system-err></testcase><testcase classname="src.pymortests.algorithms.basic" file="src/pymortests/algorithms/basic.py" line="104" name="test_almost_equal_self_product[&lt;lambda&gt;15]" time="0.29181718826293945"><system-err>18:23 DiffusionOperatorP1: Calulate gradients of shape functions transformed by reference map ...
18:23 DiffusionOperatorP1: Calculate all local scalar products beween gradients ...
18:23 DiffusionOperatorP1: Determine global dofs ...
18:23 DiffusionOperatorP1: Boundary treatment ...
18:23 DiffusionOperatorP1: Assemble system matrix ...
18:23 DiffusionOperatorP1: Calulate gradients of shape functions transformed by reference map ...
18:23 DiffusionOperatorP1: Calculate all local scalar products beween gradients ...
18:23 DiffusionOperatorP1: Determine global dofs ...
18:23 DiffusionOperatorP1: Boundary treatment ...
18:23 DiffusionOperatorP1: Assemble system matrix ...
18:23 L2ProductP1: Integrate the products of the shape functions on each element
18:23 L2ProductP1: Determine global dofs ...
18:23 L2ProductP1: Boundary treatment ...
18:23 L2ProductP1: Assemble system matrix ...
18:23 DiffusionOperatorP1: Calulate gradients of shape functions transformed by reference map ...
18:23 DiffusionOperatorP1: Calculate all local scalar products beween gradients ...
18:23 DiffusionOperatorP1: Determine global dofs ...
18:23 DiffusionOperatorP1: Boundary treatment ...
18:23 DiffusionOperatorP1: Assemble system matrix ...
18:23 L2ProductP1: Integrate the products of the shape functions on each element
18:23 L2ProductP1: Determine global dofs ...
18:23 L2ProductP1: Boundary treatment ...
18:23 L2ProductP1: Assemble system matrix ...
18:23 DiffusionOperatorP1: Calulate gradients of shape functions transformed by reference map ...
18:23 DiffusionOperatorP1: Calculate all local scalar products beween gradients ...
18:23 DiffusionOperatorP1: Determine global dofs ...
18:23 DiffusionOperatorP1: Boundary treatment ...
18:23 DiffusionOperatorP1: Assemble system matrix ...
</system-err></testcase><testcase classname="src.pymortests.algorithms.basic" file="src/pymortests/algorithms/basic.py" line="104" name="test_almost_equal_self_product[&lt;lambda&gt;16]" time="0.2492973804473877"><system-err>18:24 DiffusionOperatorP1: Calulate gradients of shape functions transformed by reference map ...
18:24 DiffusionOperatorP1: Calculate all local scalar products beween gradients ...
18:24 DiffusionOperatorP1: Determine global dofs ...
18:24 DiffusionOperatorP1: Boundary treatment ...
18:24 DiffusionOperatorP1: Assemble system matrix ...
18:24 DiffusionOperatorP1: Calulate gradients of shape functions transformed by reference map ...
18:24 DiffusionOperatorP1: Calculate all local scalar products beween gradients ...
18:24 DiffusionOperatorP1: Determine global dofs ...
18:24 DiffusionOperatorP1: Boundary treatment ...
18:24 DiffusionOperatorP1: Assemble system matrix ...
18:24 DiffusionOperatorP1: Calulate gradients of shape functions transformed by reference map ...
18:24 DiffusionOperatorP1: Calculate all local scalar products beween gradients ...
18:24 DiffusionOperatorP1: Determine global dofs ...
18:24 DiffusionOperatorP1: Boundary treatment ...
18:24 DiffusionOperatorP1: Assemble system matrix ...
18:24 DiffusionOperatorP1: Calulate gradients of shape functions transformed by reference map ...
18:24 DiffusionOperatorP1: Calculate all local scalar products beween gradients ...
18:24 DiffusionOperatorP1: Determine global dofs ...
18:24 DiffusionOperatorP1: Boundary treatment ...
18:24 DiffusionOperatorP1: Assemble system matrix ...
18:24 DiffusionOperatorP1: Calulate gradients of shape functions transformed by reference map ...
18:24 DiffusionOperatorP1: Calculate all local scalar products beween gradients ...
18:24 DiffusionOperatorP1: Determine global dofs ...
18:24 DiffusionOperatorP1: Boundary treatment ...
18:24 DiffusionOperatorP1: Assemble system matrix ...
18:24 L2ProductP1: Integrate the products of the shape functions on each element
18:24 L2ProductP1: Determine global dofs ...
18:24 L2ProductP1: Boundary treatment ...
18:24 L2ProductP1: Assemble system matrix ...
18:24 DiffusionOperatorP1: Calulate gradients of shape functions transformed by reference map ...
18:24 DiffusionOperatorP1: Calculate all local scalar products beween gradients ...
18:24 DiffusionOperatorP1: Determine global dofs ...
18:24 DiffusionOperatorP1: Boundary treatment ...
18:24 DiffusionOperatorP1: Assemble system matrix ...
18:24 L2ProductP1: Integrate the products of the shape functions on each element
18:24 L2ProductP1: Determine global dofs ...
18:24 L2ProductP1: Boundary treatment ...
18:24 L2ProductP1: Assemble system matrix ...
18:24 DiffusionOperatorP1: Calulate gradients of shape functions transformed by reference map ...
18:24 DiffusionOperatorP1: Calculate all local scalar products beween gradients ...
18:24 DiffusionOperatorP1: Determine global dofs ...
18:24 DiffusionOperatorP1: Boundary treatment ...
18:24 DiffusionOperatorP1: Assemble system matrix ...
</system-err></testcase><testcase classname="src.pymortests.algorithms.basic" file="src/pymortests/algorithms/basic.py" line="104" name="test_almost_equal_self_product[&lt;lambda&gt;17]" time="0.24617481231689453"><system-err>18:24 DiffusionOperatorP1: Calulate gradients of shape functions transformed by reference map ...
18:24 DiffusionOperatorP1: Calculate all local scalar products beween gradients ...
18:24 DiffusionOperatorP1: Determine global dofs ...
18:24 DiffusionOperatorP1: Boundary treatment ...
18:24 DiffusionOperatorP1: Assemble system matrix ...
18:24 DiffusionOperatorP1: Calulate gradients of shape functions transformed by reference map ...
18:24 DiffusionOperatorP1: Calculate all local scalar products beween gradients ...
18:24 DiffusionOperatorP1: Determine global dofs ...
18:24 DiffusionOperatorP1: Boundary treatment ...
18:24 DiffusionOperatorP1: Assemble system matrix ...
18:24 L2ProductP1: Integrate the products of the shape functions on each element
18:24 L2ProductP1: Determine global dofs ...
18:24 L2ProductP1: Boundary treatment ...
18:24 L2ProductP1: Assemble system matrix ...
18:24 DiffusionOperatorP1: Calulate gradients of shape functions transformed by reference map ...
18:24 DiffusionOperatorP1: Calculate all local scalar products beween gradients ...
18:24 DiffusionOperatorP1: Determine global dofs ...
18:24 DiffusionOperatorP1: Boundary treatment ...
18:24 DiffusionOperatorP1: Assemble system matrix ...
18:24 L2ProductP1: Integrate the products of the shape functions on each element
18:24 L2ProductP1: Determine global dofs ...
18:24 L2ProductP1: Boundary treatment ...
18:24 L2ProductP1: Assemble system matrix ...
18:24 DiffusionOperatorP1: Calulate gradients of shape functions transformed by reference map ...
18:24 DiffusionOperatorP1: Calculate all local scalar products beween gradients ...
18:24 DiffusionOperatorP1: Determine global dofs ...
18:24 DiffusionOperatorP1: Boundary treatment ...
18:24 DiffusionOperatorP1: Assemble system matrix ...
</system-err></testcase><testcase classname="src.pymortests.algorithms.basic" file="src/pymortests/algorithms/basic.py" line="104" name="test_almost_equal_self_product[&lt;lambda&gt;18]" time="0.295274019241333"><system-err>18:24 DiffusionOperatorP1: Calulate gradients of shape functions transformed by reference map ...
18:24 DiffusionOperatorP1: Calculate all local scalar products beween gradients ...
18:24 DiffusionOperatorP1: Determine global dofs ...
18:24 DiffusionOperatorP1: Boundary treatment ...
18:24 DiffusionOperatorP1: Assemble system matrix ...
18:24 DiffusionOperatorP1: Calulate gradients of shape functions transformed by reference map ...
18:24 DiffusionOperatorP1: Calculate all local scalar products beween gradients ...
18:24 DiffusionOperatorP1: Determine global dofs ...
18:24 DiffusionOperatorP1: Boundary treatment ...
18:24 DiffusionOperatorP1: Assemble system matrix ...
18:24 DiffusionOperatorP1: Calulate gradients of shape functions transformed by reference map ...
18:24 DiffusionOperatorP1: Calculate all local scalar products beween gradients ...
18:24 DiffusionOperatorP1: Determine global dofs ...
18:24 DiffusionOperatorP1: Boundary treatment ...
18:24 DiffusionOperatorP1: Assemble system matrix ...
18:24 DiffusionOperatorP1: Calulate gradients of shape functions transformed by reference map ...
18:24 DiffusionOperatorP1: Calculate all local scalar products beween gradients ...
18:24 DiffusionOperatorP1: Determine global dofs ...
18:24 DiffusionOperatorP1: Boundary treatment ...
18:24 DiffusionOperatorP1: Assemble system matrix ...
18:24 DiffusionOperatorP1: Calulate gradients of shape functions transformed by reference map ...
18:24 DiffusionOperatorP1: Calculate all local scalar products beween gradients ...
18:24 DiffusionOperatorP1: Determine global dofs ...
18:24 DiffusionOperatorP1: Boundary treatment ...
18:24 DiffusionOperatorP1: Assemble system matrix ...
18:24 L2ProductP1: Integrate the products of the shape functions on each element
18:24 L2ProductP1: Determine global dofs ...
18:24 L2ProductP1: Boundary treatment ...
18:24 L2ProductP1: Assemble system matrix ...
18:24 DiffusionOperatorP1: Calulate gradients of shape functions transformed by reference map ...
18:24 DiffusionOperatorP1: Calculate all local scalar products beween gradients ...
18:24 DiffusionOperatorP1: Determine global dofs ...
18:24 DiffusionOperatorP1: Boundary treatment ...
18:24 DiffusionOperatorP1: Assemble system matrix ...
18:24 L2ProductP1: Integrate the products of the shape functions on each element
18:24 L2ProductP1: Determine global dofs ...
18:24 L2ProductP1: Boundary treatment ...
18:24 L2ProductP1: Assemble system matrix ...
18:24 DiffusionOperatorP1: Calulate gradients of shape functions transformed by reference map ...
18:24 DiffusionOperatorP1: Calculate all local scalar products beween gradients ...
18:24 DiffusionOperatorP1: Determine global dofs ...
18:24 DiffusionOperatorP1: Boundary treatment ...
18:24 DiffusionOperatorP1: Assemble system matrix ...
</system-err></testcase><testcase classname="src.pymortests.algorithms.basic" file="src/pymortests/algorithms/basic.py" line="104" name="test_almost_equal_self_product[&lt;lambda&gt;19]" time="0.29449892044067383"><system-err>18:24 DiffusionOperatorP1: Calulate gradients of shape functions transformed by reference map ...
18:24 DiffusionOperatorP1: Calculate all local scalar products beween gradients ...
18:24 DiffusionOperatorP1: Determine global dofs ...
18:24 DiffusionOperatorP1: Boundary treatment ...
18:24 DiffusionOperatorP1: Assemble system matrix ...
18:24 DiffusionOperatorP1: Calulate gradients of shape functions transformed by reference map ...
18:24 DiffusionOperatorP1: Calculate all local scalar products beween gradients ...
18:24 DiffusionOperatorP1: Determine global dofs ...
18:24 DiffusionOperatorP1: Boundary treatment ...
18:24 DiffusionOperatorP1: Assemble system matrix ...
18:24 L2ProductP1: Integrate the products of the shape functions on each element
18:24 L2ProductP1: Determine global dofs ...
18:24 L2ProductP1: Boundary treatment ...
18:24 L2ProductP1: Assemble system matrix ...
18:24 DiffusionOperatorP1: Calulate gradients of shape functions transformed by reference map ...
18:24 DiffusionOperatorP1: Calculate all local scalar products beween gradients ...
18:24 DiffusionOperatorP1: Determine global dofs ...
18:24 DiffusionOperatorP1: Boundary treatment ...
18:24 DiffusionOperatorP1: Assemble system matrix ...
18:24 L2ProductP1: Integrate the products of the shape functions on each element
18:24 L2ProductP1: Determine global dofs ...
18:24 L2ProductP1: Boundary treatment ...
18:24 L2ProductP1: Assemble system matrix ...
18:24 DiffusionOperatorP1: Calulate gradients of shape functions transformed by reference map ...
18:24 DiffusionOperatorP1: Calculate all local scalar products beween gradients ...
18:24 DiffusionOperatorP1: Determine global dofs ...
18:24 DiffusionOperatorP1: Boundary treatment ...
18:24 DiffusionOperatorP1: Assemble system matrix ...
</system-err></testcase><testcase classname="src.pymortests.algorithms.basic" file="src/pymortests/algorithms/basic.py" line="104" name="test_almost_equal_self_product[&lt;lambda&gt;20]" time="0.29241275787353516"><system-err>18:25 DiffusionOperatorP1: Calulate gradients of shape functions transformed by reference map ...
18:25 DiffusionOperatorP1: Calculate all local scalar products beween gradients ...
18:25 DiffusionOperatorP1: Determine global dofs ...
18:25 DiffusionOperatorP1: Boundary treatment ...
18:25 DiffusionOperatorP1: Assemble system matrix ...
18:25 DiffusionOperatorP1: Calulate gradients of shape functions transformed by reference map ...
18:25 DiffusionOperatorP1: Calculate all local scalar products beween gradients ...
18:25 DiffusionOperatorP1: Determine global dofs ...
18:25 DiffusionOperatorP1: Boundary treatment ...
18:25 DiffusionOperatorP1: Assemble system matrix ...
18:25 DiffusionOperatorP1: Calulate gradients of shape functions transformed by reference map ...
18:25 DiffusionOperatorP1: Calculate all local scalar products beween gradients ...
18:25 DiffusionOperatorP1: Determine global dofs ...
18:25 DiffusionOperatorP1: Boundary treatment ...
18:25 DiffusionOperatorP1: Assemble system matrix ...
18:25 DiffusionOperatorP1: Calulate gradients of shape functions transformed by reference map ...
18:25 DiffusionOperatorP1: Calculate all local scalar products beween gradients ...
18:25 DiffusionOperatorP1: Determine global dofs ...
18:25 DiffusionOperatorP1: Boundary treatment ...
18:25 DiffusionOperatorP1: Assemble system matrix ...
18:25 DiffusionOperatorP1: Calulate gradients of shape functions transformed by reference map ...
18:25 DiffusionOperatorP1: Calculate all local scalar products beween gradients ...
18:25 DiffusionOperatorP1: Determine global dofs ...
18:25 DiffusionOperatorP1: Boundary treatment ...
18:25 DiffusionOperatorP1: Assemble system matrix ...
18:25 L2ProductP1: Integrate the products of the shape functions on each element
18:25 L2ProductP1: Determine global dofs ...
18:25 L2ProductP1: Boundary treatment ...
18:25 L2ProductP1: Assemble system matrix ...
18:25 DiffusionOperatorP1: Calulate gradients of shape functions transformed by reference map ...
18:25 DiffusionOperatorP1: Calculate all local scalar products beween gradients ...
18:25 DiffusionOperatorP1: Determine global dofs ...
18:25 DiffusionOperatorP1: Boundary treatment ...
18:25 DiffusionOperatorP1: Assemble system matrix ...
18:25 L2ProductP1: Integrate the products of the shape functions on each element
18:25 L2ProductP1: Determine global dofs ...
18:25 L2ProductP1: Boundary treatment ...
18:25 L2ProductP1: Assemble system matrix ...
18:25 DiffusionOperatorP1: Calulate gradients of shape functions transformed by reference map ...
18:25 DiffusionOperatorP1: Calculate all local scalar products beween gradients ...
18:25 DiffusionOperatorP1: Determine global dofs ...
18:25 DiffusionOperatorP1: Boundary treatment ...
18:25 DiffusionOperatorP1: Assemble system matrix ...
</system-err></testcase><testcase classname="src.pymortests.algorithms.basic" file="src/pymortests/algorithms/basic.py" line="104" name="test_almost_equal_self_product[&lt;lambda&gt;21]" time="0.295623779296875"><system-err>18:25 DiffusionOperatorP1: Calulate gradients of shape functions transformed by reference map ...
18:25 DiffusionOperatorP1: Calculate all local scalar products beween gradients ...
18:25 DiffusionOperatorP1: Determine global dofs ...
18:25 DiffusionOperatorP1: Boundary treatment ...
18:25 DiffusionOperatorP1: Assemble system matrix ...
18:25 DiffusionOperatorP1: Calulate gradients of shape functions transformed by reference map ...
18:25 DiffusionOperatorP1: Calculate all local scalar products beween gradients ...
18:25 DiffusionOperatorP1: Determine global dofs ...
18:25 DiffusionOperatorP1: Boundary treatment ...
18:25 DiffusionOperatorP1: Assemble system matrix ...
18:25 L2ProductP1: Integrate the products of the shape functions on each element
18:25 L2ProductP1: Determine global dofs ...
18:25 L2ProductP1: Boundary treatment ...
18:25 L2ProductP1: Assemble system matrix ...
18:25 DiffusionOperatorP1: Calulate gradients of shape functions transformed by reference map ...
18:25 DiffusionOperatorP1: Calculate all local scalar products beween gradients ...
18:25 DiffusionOperatorP1: Determine global dofs ...
18:25 DiffusionOperatorP1: Boundary treatment ...
18:25 DiffusionOperatorP1: Assemble system matrix ...
18:25 L2ProductP1: Integrate the products of the shape functions on each element
18:25 L2ProductP1: Determine global dofs ...
18:25 L2ProductP1: Boundary treatment ...
18:25 L2ProductP1: Assemble system matrix ...
18:25 DiffusionOperatorP1: Calulate gradients of shape functions transformed by reference map ...
18:25 DiffusionOperatorP1: Calculate all local scalar products beween gradients ...
18:25 DiffusionOperatorP1: Determine global dofs ...
18:25 DiffusionOperatorP1: Boundary treatment ...
18:25 DiffusionOperatorP1: Assemble system matrix ...
</system-err></testcase><testcase classname="src.pymortests.algorithms.basic" file="src/pymortests/algorithms/basic.py" line="104" name="test_almost_equal_self_product[&lt;lambda&gt;22]" time="0.28887033462524414"><system-err>18:25 DiffusionOperatorP1: Calulate gradients of shape functions transformed by reference map ...
18:25 DiffusionOperatorP1: Calculate all local scalar products beween gradients ...
18:25 DiffusionOperatorP1: Determine global dofs ...
18:25 DiffusionOperatorP1: Boundary treatment ...
18:25 DiffusionOperatorP1: Assemble system matrix ...
18:25 DiffusionOperatorP1: Calulate gradients of shape functions transformed by reference map ...
18:25 DiffusionOperatorP1: Calculate all local scalar products beween gradients ...
18:25 DiffusionOperatorP1: Determine global dofs ...
18:25 DiffusionOperatorP1: Boundary treatment ...
18:25 DiffusionOperatorP1: Assemble system matrix ...
18:25 DiffusionOperatorP1: Calulate gradients of shape functions transformed by reference map ...
18:25 DiffusionOperatorP1: Calculate all local scalar products beween gradients ...
18:25 DiffusionOperatorP1: Determine global dofs ...
18:25 DiffusionOperatorP1: Boundary treatment ...
18:25 DiffusionOperatorP1: Assemble system matrix ...
18:25 DiffusionOperatorP1: Calulate gradients of shape functions transformed by reference map ...
18:25 DiffusionOperatorP1: Calculate all local scalar products beween gradients ...
18:25 DiffusionOperatorP1: Determine global dofs ...
18:25 DiffusionOperatorP1: Boundary treatment ...
18:25 DiffusionOperatorP1: Assemble system matrix ...
18:25 DiffusionOperatorP1: Calulate gradients of shape functions transformed by reference map ...
18:25 DiffusionOperatorP1: Calculate all local scalar products beween gradients ...
18:25 DiffusionOperatorP1: Determine global dofs ...
18:25 DiffusionOperatorP1: Boundary treatment ...
18:25 DiffusionOperatorP1: Assemble system matrix ...
18:25 L2ProductP1: Integrate the products of the shape functions on each element
18:25 L2ProductP1: Determine global dofs ...
18:25 L2ProductP1: Boundary treatment ...
18:25 L2ProductP1: Assemble system matrix ...
18:25 DiffusionOperatorP1: Calulate gradients of shape functions transformed by reference map ...
18:25 DiffusionOperatorP1: Calculate all local scalar products beween gradients ...
18:25 DiffusionOperatorP1: Determine global dofs ...
18:25 DiffusionOperatorP1: Boundary treatment ...
18:25 DiffusionOperatorP1: Assemble system matrix ...
18:25 L2ProductP1: Integrate the products of the shape functions on each element
18:25 L2ProductP1: Determine global dofs ...
18:25 L2ProductP1: Boundary treatment ...
18:25 L2ProductP1: Assemble system matrix ...
18:25 DiffusionOperatorP1: Calulate gradients of shape functions transformed by reference map ...
18:25 DiffusionOperatorP1: Calculate all local scalar products beween gradients ...
18:25 DiffusionOperatorP1: Determine global dofs ...
18:25 DiffusionOperatorP1: Boundary treatment ...
18:25 DiffusionOperatorP1: Assemble system matrix ...
</system-err></testcase><testcase classname="src.pymortests.algorithms.basic" file="src/pymortests/algorithms/basic.py" line="104" name="test_almost_equal_self_product[&lt;lambda&gt;23]" time="0.29189062118530273"><system-err>18:26 DiffusionOperatorP1: Calulate gradients of shape functions transformed by reference map ...
18:26 DiffusionOperatorP1: Calculate all local scalar products beween gradients ...
18:26 DiffusionOperatorP1: Determine global dofs ...
18:26 DiffusionOperatorP1: Boundary treatment ...
18:26 DiffusionOperatorP1: Assemble system matrix ...
18:26 DiffusionOperatorP1: Calulate gradients of shape functions transformed by reference map ...
18:26 DiffusionOperatorP1: Calculate all local scalar products beween gradients ...
18:26 DiffusionOperatorP1: Determine global dofs ...
18:26 DiffusionOperatorP1: Boundary treatment ...
18:26 DiffusionOperatorP1: Assemble system matrix ...
18:26 L2ProductP1: Integrate the products of the shape functions on each element
18:26 L2ProductP1: Determine global dofs ...
18:26 L2ProductP1: Boundary treatment ...
18:26 L2ProductP1: Assemble system matrix ...
18:26 DiffusionOperatorP1: Calulate gradients of shape functions transformed by reference map ...
18:26 DiffusionOperatorP1: Calculate all local scalar products beween gradients ...
18:26 DiffusionOperatorP1: Determine global dofs ...
18:26 DiffusionOperatorP1: Boundary treatment ...
18:26 DiffusionOperatorP1: Assemble system matrix ...
18:26 L2ProductP1: Integrate the products of the shape functions on each element
18:26 L2ProductP1: Determine global dofs ...
18:26 L2ProductP1: Boundary treatment ...
18:26 L2ProductP1: Assemble system matrix ...
18:26 DiffusionOperatorP1: Calulate gradients of shape functions transformed by reference map ...
18:26 DiffusionOperatorP1: Calculate all local scalar products beween gradients ...
18:26 DiffusionOperatorP1: Determine global dofs ...
18:26 DiffusionOperatorP1: Boundary treatment ...
18:26 DiffusionOperatorP1: Assemble system matrix ...
</system-err></testcase><testcase classname="src.pymortests.algorithms.basic" file="src/pymortests/algorithms/basic.py" line="104" name="test_almost_equal_self_product[&lt;lambda&gt;24]" time="0.28847479820251465"></testcase><testcase classname="src.pymortests.algorithms.basic" file="src/pymortests/algorithms/basic.py" line="104" name="test_almost_equal_self_product[&lt;lambda&gt;25]" time="0.28136229515075684"></testcase><testcase classname="src.pymortests.algorithms.basic" file="src/pymortests/algorithms/basic.py" line="104" name="test_almost_equal_self_product[&lt;lambda&gt;26]" time="0.2810478210449219"></testcase><testcase classname="src.pymortests.algorithms.basic" file="src/pymortests/algorithms/basic.py" line="104" name="test_almost_equal_self_product[&lt;lambda&gt;27]" time="0.22790813446044922"></testcase><testcase classname="src.pymortests.algorithms.basic" file="src/pymortests/algorithms/basic.py" line="104" name="test_almost_equal_self_product[&lt;lambda&gt;28]" time="0.22881054878234863"></testcase><testcase classname="src.pymortests.algorithms.basic" file="src/pymortests/algorithms/basic.py" line="104" name="test_almost_equal_self_product[&lt;lambda&gt;29]" time="0.22939538955688477"></testcase><testcase classname="src.pymortests.algorithms.basic" file="src/pymortests/algorithms/basic.py" line="104" name="test_almost_equal_self_product[&lt;lambda&gt;30]" time="0.2296280860900879"></testcase><testcase classname="src.pymortests.algorithms.basic" file="src/pymortests/algorithms/basic.py" line="104" name="test_almost_equal_self_product[&lt;lambda&gt;31]" time="0.22840547561645508"></testcase><testcase classname="src.pymortests.algorithms.basic" file="src/pymortests/algorithms/basic.py" line="104" name="test_almost_equal_self_product[&lt;lambda&gt;32]" time="0.8113851547241211"></testcase><testcase classname="src.pymortests.algorithms.basic" file="src/pymortests/algorithms/basic.py" line="104" name="test_almost_equal_self_product[&lt;lambda&gt;33]" time="0.6289708614349365"></testcase><testcase classname="src.pymortests.algorithms.basic" file="src/pymortests/algorithms/basic.py" line="104" name="test_almost_equal_self_product[&lt;lambda&gt;34]" time="0.25034165382385254"></testcase><testcase classname="src.pymortests.algorithms.basic" file="src/pymortests/algorithms/basic.py" line="104" name="test_almost_equal_self_product[&lt;lambda&gt;35]" time="0.624603271484375"></testcase><testcase classname="src.pymortests.algorithms.basic" file="src/pymortests/algorithms/basic.py" line="104" name="test_almost_equal_self_product[&lt;lambda&gt;36]" time="0.28500962257385254"></testcase><testcase classname="src.pymortests.algorithms.basic" file="src/pymortests/algorithms/basic.py" line="157" name="test_almost_equal_incompatible[&lt;lambda&gt;0]" time="0.004155635833740234"></testcase><testcase classname="src.pymortests.algorithms.basic" file="src/pymortests/algorithms/basic.py" line="157" name="test_almost_equal_incompatible[&lt;lambda&gt;1]" time="0.0015552043914794922"></testcase><testcase classname="src.pymortests.algorithms.basic" file="src/pymortests/algorithms/basic.py" line="157" name="test_almost_equal_incompatible[&lt;lambda&gt;2]" time="0.005538225173950195"></testcase><testcase classname="src.pymortests.algorithms.basic" file="src/pymortests/algorithms/basic.py" line="157" name="test_almost_equal_incompatible[&lt;lambda&gt;3]" time="0.004775524139404297"></testcase><testcase classname="src.pymortests.algorithms.basic" file="src/pymortests/algorithms/basic.py" line="157" name="test_almost_equal_incompatible[&lt;lambda&gt;4]" time="0.005128622055053711"></testcase><testcase classname="src.pymortests.algorithms.basic" file="src/pymortests/algorithms/basic.py" line="157" name="test_almost_equal_incompatible[&lt;lambda&gt;5]" time="0.002437591552734375"></testcase><testcase classname="src.pymortests.algorithms.basic" file="src/pymortests/algorithms/basic.py" line="157" name="test_almost_equal_incompatible[&lt;lambda&gt;6]" time="0.0014162063598632812"></testcase><testcase classname="src.pymortests.algorithms.basic" file="src/pymortests/algorithms/basic.py" line="157" name="test_almost_equal_incompatible[&lt;lambda&gt;7]" time="0.005376338958740234"></testcase><testcase classname="src.pymortests.algorithms.basic" file="src/pymortests/algorithms/basic.py" line="157" name="test_almost_equal_incompatible[&lt;lambda&gt;8]" time="0.011440515518188477"></testcase><testcase classname="src.pymortests.algorithms.basic" file="src/pymortests/algorithms/basic.py" line="157" name="test_almost_equal_incompatible[&lt;lambda&gt;9]" time="0.018981456756591797"></testcase><testcase classname="src.pymortests.algorithms.basic" file="src/pymortests/algorithms/basic.py" line="157" name="test_almost_equal_incompatible[&lt;lambda&gt;10]" time="0.0067446231842041016"></testcase><testcase classname="src.pymortests.algorithms.basic" file="src/pymortests/algorithms/basic.py" line="157" name="test_almost_equal_incompatible[&lt;lambda&gt;11]" time="0.0022437572479248047"></testcase><testcase classname="src.pymortests.algorithms.basic" file="src/pymortests/algorithms/basic.py" line="157" name="test_almost_equal_incompatible[&lt;lambda&gt;12]" time="0.013989686965942383"></testcase><testcase classname="src.pymortests.algorithms.basic" file="src/pymortests/algorithms/basic.py" line="157" name="test_almost_equal_incompatible[&lt;lambda&gt;13]" time="0.011097192764282227"></testcase><testcase classname="src.pymortests.algorithms.basic" file="src/pymortests/algorithms/basic.py" line="157" name="test_almost_equal_incompatible[&lt;lambda&gt;14]" time="0.013211488723754883"></testcase><testcase classname="src.pymortests.algorithms.basic" file="src/pymortests/algorithms/basic.py" line="157" name="test_almost_equal_incompatible[&lt;lambda&gt;15]" time="0.006776571273803711"></testcase><testcase classname="src.pymortests.algorithms.basic" file="src/pymortests/algorithms/basic.py" line="157" name="test_almost_equal_incompatible[&lt;lambda&gt;16]" time="0.002557039260864258"></testcase><testcase classname="src.pymortests.algorithms.basic" file="src/pymortests/algorithms/basic.py" line="157" name="test_almost_equal_incompatible[&lt;lambda&gt;17]" time="0.010194540023803711"></testcase><testcase classname="src.pymortests.algorithms.basic" file="src/pymortests/algorithms/basic.py" line="157" name="test_almost_equal_incompatible[&lt;lambda&gt;18]" time="0.04376029968261719"></testcase><testcase classname="src.pymortests.algorithms.basic" file="src/pymortests/algorithms/basic.py" line="157" name="test_almost_equal_incompatible[&lt;lambda&gt;19]" time="0.04528212547302246"></testcase><testcase classname="src.pymortests.algorithms.basic" file="src/pymortests/algorithms/basic.py" line="157" name="test_almost_equal_incompatible[&lt;lambda&gt;20]" time="0.00342559814453125"></testcase><testcase classname="src.pymortests.algorithms.basic" file="src/pymortests/algorithms/basic.py" line="157" name="test_almost_equal_incompatible[&lt;lambda&gt;21]" time="0.0024034976959228516"></testcase><testcase classname="src.pymortests.algorithms.basic" file="src/pymortests/algorithms/basic.py" line="157" name="test_almost_equal_incompatible[&lt;lambda&gt;22]" time="0.014243841171264648"></testcase><testcase classname="src.pymortests.algorithms.basic" file="src/pymortests/algorithms/basic.py" line="157" name="test_almost_equal_incompatible[&lt;lambda&gt;23]" time="0.12012004852294922"></testcase><testcase classname="src.pymortests.algorithms.basic" file="src/pymortests/algorithms/basic.py" line="157" name="test_almost_equal_incompatible[&lt;lambda&gt;24]" time="0.23130416870117188"></testcase><testcase classname="src.pymortests.algorithms.basic" file="src/pymortests/algorithms/basic.py" line="166" name="test_almost_equal_wrong_ind[compatible_vector_array_pair0-&lt;lambda&gt;0]" time="0.0043032169342041016"></testcase><testcase classname="src.pymortests.algorithms.basic" file="src/pymortests/algorithms/basic.py" line="166" name="test_almost_equal_wrong_ind[compatible_vector_array_pair0-&lt;lambda&gt;1]" time="0.0032203197479248047"></testcase><testcase classname="src.pymortests.algorithms.basic" file="src/pymortests/algorithms/basic.py" line="166" name="test_almost_equal_wrong_ind[compatible_vector_array_pair0-&lt;lambda&gt;2]" time="0.004857778549194336"></testcase><testcase classname="src.pymortests.algorithms.basic" file="src/pymortests/algorithms/basic.py" line="166" name="test_almost_equal_wrong_ind[compatible_vector_array_pair0-&lt;lambda&gt;3]" time="0.006785154342651367"></testcase><testcase classname="src.pymortests.algorithms.basic" file="src/pymortests/algorithms/basic.py" line="166" name="test_almost_equal_wrong_ind[compatible_vector_array_pair0-&lt;lambda&gt;4]" time="0.006684064865112305"></testcase><testcase classname="src.pymortests.algorithms.basic" file="src/pymortests/algorithms/basic.py" line="166" name="test_almost_equal_wrong_ind[compatible_vector_array_pair0-&lt;lambda&gt;5]" time="0.005273103713989258"></testcase><testcase classname="src.pymortests.algorithms.basic" file="src/pymortests/algorithms/basic.py" line="166" name="test_almost_equal_wrong_ind[compatible_vector_array_pair0-&lt;lambda&gt;6]" time="0.0029172897338867188"></testcase><testcase classname="src.pymortests.algorithms.basic" file="src/pymortests/algorithms/basic.py" line="166" name="test_almost_equal_wrong_ind[compatible_vector_array_pair0-&lt;lambda&gt;7]" time="0.0031702518463134766"></testcase><testcase classname="src.pymortests.algorithms.basic" file="src/pymortests/algorithms/basic.py" line="166" name="test_almost_equal_wrong_ind[compatible_vector_array_pair0-&lt;lambda&gt;8]" time="0.016031265258789062"></testcase><testcase classname="src.pymortests.algorithms.basic" file="src/pymortests/algorithms/basic.py" line="166" name="test_almost_equal_wrong_ind[compatible_vector_array_pair0-&lt;lambda&gt;9]" time="0.032147884368896484"></testcase><testcase classname="src.pymortests.algorithms.basic" file="src/pymortests/algorithms/basic.py" line="166" name="test_almost_equal_wrong_ind[compatible_vector_array_pair0-&lt;lambda&gt;10]" time="0.11097550392150879"></testcase><testcase classname="src.pymortests.algorithms.basic" file="src/pymortests/algorithms/basic.py" line="166" name="test_almost_equal_wrong_ind[compatible_vector_array_pair0-&lt;lambda&gt;11]" time="0.00746464729309082"></testcase><testcase classname="src.pymortests.algorithms.basic" file="src/pymortests/algorithms/basic.py" line="166" name="test_almost_equal_wrong_ind[compatible_vector_array_pair0-&lt;lambda&gt;12]" time="0.004777431488037109"></testcase><testcase classname="src.pymortests.algorithms.basic" file="src/pymortests/algorithms/basic.py" line="166" name="test_almost_equal_wrong_ind[compatible_vector_array_pair0-&lt;lambda&gt;13]" time="0.008631229400634766"></testcase><testcase classname="src.pymortests.algorithms.basic" file="src/pymortests/algorithms/basic.py" line="166" name="test_almost_equal_wrong_ind[compatible_vector_array_pair0-&lt;lambda&gt;14]" time="0.006989479064941406"></testcase><testcase classname="src.pymortests.algorithms.basic" file="src/pymortests/algorithms/basic.py" line="166" name="test_almost_equal_wrong_ind[compatible_vector_array_pair0-&lt;lambda&gt;15]" time="0.008421659469604492"></testcase><testcase classname="src.pymortests.algorithms.basic" file="src/pymortests/algorithms/basic.py" line="166" name="test_almost_equal_wrong_ind[compatible_vector_array_pair0-&lt;lambda&gt;16]" time="0.012336015701293945"></testcase><testcase classname="src.pymortests.algorithms.basic" file="src/pymortests/algorithms/basic.py" line="166" name="test_almost_equal_wrong_ind[compatible_vector_array_pair0-&lt;lambda&gt;17]" time="0.01384592056274414"></testcase><testcase classname="src.pymortests.algorithms.basic" file="src/pymortests/algorithms/basic.py" line="166" name="test_almost_equal_wrong_ind[compatible_vector_array_pair0-&lt;lambda&gt;18]" time="0.004762887954711914"></testcase><testcase classname="src.pymortests.algorithms.basic" file="src/pymortests/algorithms/basic.py" line="166" name="test_almost_equal_wrong_ind[compatible_vector_array_pair0-&lt;lambda&gt;19]" time="0.004041433334350586"></testcase><testcase classname="src.pymortests.algorithms.basic" file="src/pymortests/algorithms/basic.py" line="166" name="test_almost_equal_wrong_ind[compatible_vector_array_pair0-&lt;lambda&gt;20]" time="0.03980565071105957"></testcase><testcase classname="src.pymortests.algorithms.basic" file="src/pymortests/algorithms/basic.py" line="166" name="test_almost_equal_wrong_ind[compatible_vector_array_pair0-&lt;lambda&gt;21]" time="0.04291033744812012"></testcase><testcase classname="src.pymortests.algorithms.basic" file="src/pymortests/algorithms/basic.py" line="166" name="test_almost_equal_wrong_ind[compatible_vector_array_pair0-&lt;lambda&gt;22]" time="0.14948010444641113"></testcase><testcase classname="src.pymortests.algorithms.basic" file="src/pymortests/algorithms/basic.py" line="166" name="test_almost_equal_wrong_ind[compatible_vector_array_pair0-&lt;lambda&gt;23]" time="0.008577346801757812"></testcase><testcase classname="src.pymortests.algorithms.basic" file="src/pymortests/algorithms/basic.py" line="166" name="test_almost_equal_wrong_ind[compatible_vector_array_pair0-&lt;lambda&gt;24]" time="0.004108428955078125"></testcase><testcase classname="src.pymortests.algorithms.basic" file="src/pymortests/algorithms/basic.py" line="166" name="test_almost_equal_wrong_ind[compatible_vector_array_pair0-&lt;lambda&gt;25]" time="0.0041964054107666016"></testcase><testcase classname="src.pymortests.algorithms.basic" file="src/pymortests/algorithms/basic.py" line="166" name="test_almost_equal_wrong_ind[compatible_vector_array_pair0-&lt;lambda&gt;26]" time="0.03564453125"></testcase><testcase classname="src.pymortests.algorithms.basic" file="src/pymortests/algorithms/basic.py" line="166" name="test_almost_equal_wrong_ind[compatible_vector_array_pair0-&lt;lambda&gt;27]" time="0.059900760650634766"></testcase><testcase classname="src.pymortests.algorithms.basic" file="src/pymortests/algorithms/basic.py" line="166" name="test_almost_equal_wrong_ind[compatible_vector_array_pair0-&lt;lambda&gt;28]" time="0.21448040008544922"></testcase><testcase classname="src.pymortests.algorithms.basic" file="src/pymortests/algorithms/basic.py" line="166" name="test_almost_equal_wrong_ind[compatible_vector_array_pair0-&lt;lambda&gt;29]" time="0.009958744049072266"></testcase><testcase classname="src.pymortests.algorithms.basic" file="src/pymortests/algorithms/basic.py" line="166" name="test_almost_equal_wrong_ind[compatible_vector_array_pair1-&lt;lambda&gt;0]" time="0.00448918342590332"></testcase><testcase classname="src.pymortests.algorithms.basic" file="src/pymortests/algorithms/basic.py" line="166" name="test_almost_equal_wrong_ind[compatible_vector_array_pair1-&lt;lambda&gt;1]" time="0.003092050552368164"></testcase><testcase classname="src.pymortests.algorithms.basic" file="src/pymortests/algorithms/basic.py" line="166" name="test_almost_equal_wrong_ind[compatible_vector_array_pair1-&lt;lambda&gt;2]" time="0.004757881164550781"></testcase><testcase classname="src.pymortests.algorithms.basic" file="src/pymortests/algorithms/basic.py" line="166" name="test_almost_equal_wrong_ind[compatible_vector_array_pair1-&lt;lambda&gt;3]" time="0.006743431091308594"></testcase><testcase classname="src.pymortests.algorithms.basic" file="src/pymortests/algorithms/basic.py" line="166" name="test_almost_equal_wrong_ind[compatible_vector_array_pair1-&lt;lambda&gt;4]" time="0.006698131561279297"></testcase><testcase classname="src.pymortests.algorithms.basic" file="src/pymortests/algorithms/basic.py" line="166" name="test_almost_equal_wrong_ind[compatible_vector_array_pair1-&lt;lambda&gt;5]" time="0.005131721496582031"></testcase><testcase classname="src.pymortests.algorithms.basic" file="src/pymortests/algorithms/basic.py" line="166" name="test_almost_equal_wrong_ind[compatible_vector_array_pair1-&lt;lambda&gt;6]" time="0.0029718875885009766"></testcase><testcase classname="src.pymortests.algorithms.basic" file="src/pymortests/algorithms/basic.py" line="166" name="test_almost_equal_wrong_ind[compatible_vector_array_pair1-&lt;lambda&gt;7]" time="0.0032079219818115234"></testcase><testcase classname="src.pymortests.algorithms.basic" file="src/pymortests/algorithms/basic.py" line="166" name="test_almost_equal_wrong_ind[compatible_vector_array_pair1-&lt;lambda&gt;8]" time="0.016169309616088867"></testcase><testcase classname="src.pymortests.algorithms.basic" file="src/pymortests/algorithms/basic.py" line="166" name="test_almost_equal_wrong_ind[compatible_vector_array_pair1-&lt;lambda&gt;9]" time="0.0322718620300293"></testcase><testcase classname="src.pymortests.algorithms.basic" file="src/pymortests/algorithms/basic.py" line="166" name="test_almost_equal_wrong_ind[compatible_vector_array_pair1-&lt;lambda&gt;10]" time="0.11196422576904297"></testcase><testcase classname="src.pymortests.algorithms.basic" file="src/pymortests/algorithms/basic.py" line="166" name="test_almost_equal_wrong_ind[compatible_vector_array_pair1-&lt;lambda&gt;11]" time="0.007342815399169922"></testcase><testcase classname="src.pymortests.algorithms.basic" file="src/pymortests/algorithms/basic.py" line="166" name="test_almost_equal_wrong_ind[compatible_vector_array_pair1-&lt;lambda&gt;12]" time="0.0050280094146728516"></testcase><testcase classname="src.pymortests.algorithms.basic" file="src/pymortests/algorithms/basic.py" line="166" name="test_almost_equal_wrong_ind[compatible_vector_array_pair1-&lt;lambda&gt;13]" time="0.008694648742675781"></testcase><testcase classname="src.pymortests.algorithms.basic" file="src/pymortests/algorithms/basic.py" line="166" name="test_almost_equal_wrong_ind[compatible_vector_array_pair1-&lt;lambda&gt;14]" time="0.007021665573120117"></testcase><testcase classname="src.pymortests.algorithms.basic" file="src/pymortests/algorithms/basic.py" line="166" name="test_almost_equal_wrong_ind[compatible_vector_array_pair1-&lt;lambda&gt;15]" time="0.008533000946044922"></testcase><testcase classname="src.pymortests.algorithms.basic" file="src/pymortests/algorithms/basic.py" line="166" name="test_almost_equal_wrong_ind[compatible_vector_array_pair1-&lt;lambda&gt;16]" time="0.012603521347045898"></testcase><testcase classname="src.pymortests.algorithms.basic" file="src/pymortests/algorithms/basic.py" line="166" name="test_almost_equal_wrong_ind[compatible_vector_array_pair1-&lt;lambda&gt;17]" time="0.01369023323059082"></testcase><testcase classname="src.pymortests.algorithms.basic" file="src/pymortests/algorithms/basic.py" line="166" name="test_almost_equal_wrong_ind[compatible_vector_array_pair1-&lt;lambda&gt;18]" time="0.0043256282806396484"></testcase><testcase classname="src.pymortests.algorithms.basic" file="src/pymortests/algorithms/basic.py" line="166" name="test_almost_equal_wrong_ind[compatible_vector_array_pair1-&lt;lambda&gt;19]" time="0.0040395259857177734"></testcase><testcase classname="src.pymortests.algorithms.basic" file="src/pymortests/algorithms/basic.py" line="166" name="test_almost_equal_wrong_ind[compatible_vector_array_pair1-&lt;lambda&gt;20]" time="0.0418546199798584"></testcase><testcase classname="src.pymortests.algorithms.basic" file="src/pymortests/algorithms/basic.py" line="166" name="test_almost_equal_wrong_ind[compatible_vector_array_pair1-&lt;lambda&gt;21]" time="0.042839765548706055"></testcase><testcase classname="src.pymortests.algorithms.basic" file="src/pymortests/algorithms/basic.py" line="166" name="test_almost_equal_wrong_ind[compatible_vector_array_pair1-&lt;lambda&gt;22]" time="0.14763474464416504"></testcase><testcase classname="src.pymortests.algorithms.basic" file="src/pymortests/algorithms/basic.py" line="166" name="test_almost_equal_wrong_ind[compatible_vector_array_pair1-&lt;lambda&gt;23]" time="0.008437395095825195"></testcase><testcase classname="src.pymortests.algorithms.basic" file="src/pymortests/algorithms/basic.py" line="166" name="test_almost_equal_wrong_ind[compatible_vector_array_pair1-&lt;lambda&gt;24]" time="0.004205226898193359"></testcase><testcase classname="src.pymortests.algorithms.basic" file="src/pymortests/algorithms/basic.py" line="166" name="test_almost_equal_wrong_ind[compatible_vector_array_pair1-&lt;lambda&gt;25]" time="0.004117727279663086"></testcase><testcase classname="src.pymortests.algorithms.basic" file="src/pymortests/algorithms/basic.py" line="166" name="test_almost_equal_wrong_ind[compatible_vector_array_pair1-&lt;lambda&gt;26]" time="0.03562664985656738"></testcase><testcase classname="src.pymortests.algorithms.basic" file="src/pymortests/algorithms/basic.py" line="166" name="test_almost_equal_wrong_ind[compatible_vector_array_pair1-&lt;lambda&gt;27]" time="0.06060957908630371"></testcase><testcase classname="src.pymortests.algorithms.basic" file="src/pymortests/algorithms/basic.py" line="166" name="test_almost_equal_wrong_ind[compatible_vector_array_pair1-&lt;lambda&gt;28]" time="0.21326398849487305"></testcase><testcase classname="src.pymortests.algorithms.basic" file="src/pymortests/algorithms/basic.py" line="166" name="test_almost_equal_wrong_ind[compatible_vector_array_pair1-&lt;lambda&gt;29]" time="0.010068178176879883"></testcase><testcase classname="src.pymortests.algorithms.basic" file="src/pymortests/algorithms/basic.py" line="166" name="test_almost_equal_wrong_ind[compatible_vector_array_pair2-&lt;lambda&gt;0]" time="0.0044133663177490234"></testcase><testcase classname="src.pymortests.algorithms.basic" file="src/pymortests/algorithms/basic.py" line="166" name="test_almost_equal_wrong_ind[compatible_vector_array_pair2-&lt;lambda&gt;1]" time="0.0031685829162597656"></testcase><testcase classname="src.pymortests.algorithms.basic" file="src/pymortests/algorithms/basic.py" line="166" name="test_almost_equal_wrong_ind[compatible_vector_array_pair2-&lt;lambda&gt;2]" time="0.004933357238769531"></testcase><testcase classname="src.pymortests.algorithms.basic" file="src/pymortests/algorithms/basic.py" line="166" name="test_almost_equal_wrong_ind[compatible_vector_array_pair2-&lt;lambda&gt;3]" time="0.006539821624755859"></testcase><testcase classname="src.pymortests.algorithms.basic" file="src/pymortests/algorithms/basic.py" line="166" name="test_almost_equal_wrong_ind[compatible_vector_array_pair2-&lt;lambda&gt;4]" time="0.006816387176513672"></testcase><testcase classname="src.pymortests.algorithms.basic" file="src/pymortests/algorithms/basic.py" line="166" name="test_almost_equal_wrong_ind[compatible_vector_array_pair2-&lt;lambda&gt;5]" time="0.005312919616699219"></testcase><testcase classname="src.pymortests.algorithms.basic" file="src/pymortests/algorithms/basic.py" line="166" name="test_almost_equal_wrong_ind[compatible_vector_array_pair2-&lt;lambda&gt;6]" time="0.00310516357421875"></testcase><testcase classname="src.pymortests.algorithms.basic" file="src/pymortests/algorithms/basic.py" line="166" name="test_almost_equal_wrong_ind[compatible_vector_array_pair2-&lt;lambda&gt;7]" time="0.003206968307495117"></testcase><testcase classname="src.pymortests.algorithms.basic" file="src/pymortests/algorithms/basic.py" line="166" name="test_almost_equal_wrong_ind[compatible_vector_array_pair2-&lt;lambda&gt;8]" time="0.01600813865661621"></testcase><testcase classname="src.pymortests.algorithms.basic" file="src/pymortests/algorithms/basic.py" line="166" name="test_almost_equal_wrong_ind[compatible_vector_array_pair2-&lt;lambda&gt;9]" time="0.03239274024963379"></testcase><testcase classname="src.pymortests.algorithms.basic" file="src/pymortests/algorithms/basic.py" line="166" name="test_almost_equal_wrong_ind[compatible_vector_array_pair2-&lt;lambda&gt;10]" time="0.11216235160827637"></testcase><testcase classname="src.pymortests.algorithms.basic" file="src/pymortests/algorithms/basic.py" line="166" name="test_almost_equal_wrong_ind[compatible_vector_array_pair2-&lt;lambda&gt;11]" time="0.0075643062591552734"></testcase><testcase classname="src.pymortests.algorithms.basic" file="src/pymortests/algorithms/basic.py" line="166" name="test_almost_equal_wrong_ind[compatible_vector_array_pair2-&lt;lambda&gt;12]" time="0.007554769515991211"></testcase><testcase classname="src.pymortests.algorithms.basic" file="src/pymortests/algorithms/basic.py" line="166" name="test_almost_equal_wrong_ind[compatible_vector_array_pair2-&lt;lambda&gt;13]" time="0.008806943893432617"></testcase><testcase classname="src.pymortests.algorithms.basic" file="src/pymortests/algorithms/basic.py" line="166" name="test_almost_equal_wrong_ind[compatible_vector_array_pair2-&lt;lambda&gt;14]" time="0.0072498321533203125"></testcase><testcase classname="src.pymortests.algorithms.basic" file="src/pymortests/algorithms/basic.py" line="166" name="test_almost_equal_wrong_ind[compatible_vector_array_pair2-&lt;lambda&gt;15]" time="0.00869131088256836"></testcase><testcase classname="src.pymortests.algorithms.basic" file="src/pymortests/algorithms/basic.py" line="166" name="test_almost_equal_wrong_ind[compatible_vector_array_pair2-&lt;lambda&gt;16]" time="0.014687776565551758"></testcase><testcase classname="src.pymortests.algorithms.basic" file="src/pymortests/algorithms/basic.py" line="166" name="test_almost_equal_wrong_ind[compatible_vector_array_pair2-&lt;lambda&gt;17]" time="0.013228178024291992"></testcase><testcase classname="src.pymortests.algorithms.basic" file="src/pymortests/algorithms/basic.py" line="166" name="test_almost_equal_wrong_ind[compatible_vector_array_pair2-&lt;lambda&gt;18]" time="0.0048313140869140625"></testcase><testcase classname="src.pymortests.algorithms.basic" file="src/pymortests/algorithms/basic.py" line="166" name="test_almost_equal_wrong_ind[compatible_vector_array_pair2-&lt;lambda&gt;19]" time="0.004536628723144531"></testcase><testcase classname="src.pymortests.algorithms.basic" file="src/pymortests/algorithms/basic.py" line="166" name="test_almost_equal_wrong_ind[compatible_vector_array_pair2-&lt;lambda&gt;20]" time="0.04179954528808594"></testcase><testcase classname="src.pymortests.algorithms.basic" file="src/pymortests/algorithms/basic.py" line="166" name="test_almost_equal_wrong_ind[compatible_vector_array_pair2-&lt;lambda&gt;21]" time="0.044329166412353516"></testcase><testcase classname="src.pymortests.algorithms.basic" file="src/pymortests/algorithms/basic.py" line="166" name="test_almost_equal_wrong_ind[compatible_vector_array_pair2-&lt;lambda&gt;22]" time="0.15091466903686523"></testcase><testcase classname="src.pymortests.algorithms.basic" file="src/pymortests/algorithms/basic.py" line="166" name="test_almost_equal_wrong_ind[compatible_vector_array_pair2-&lt;lambda&gt;23]" time="0.008950233459472656"></testcase><testcase classname="src.pymortests.algorithms.basic" file="src/pymortests/algorithms/basic.py" line="166" name="test_almost_equal_wrong_ind[compatible_vector_array_pair2-&lt;lambda&gt;24]" time="0.004224061965942383"></testcase><testcase classname="src.pymortests.algorithms.basic" file="src/pymortests/algorithms/basic.py" line="166" name="test_almost_equal_wrong_ind[compatible_vector_array_pair2-&lt;lambda&gt;25]" time="0.004309892654418945"></testcase><testcase classname="src.pymortests.algorithms.basic" file="src/pymortests/algorithms/basic.py" line="166" name="test_almost_equal_wrong_ind[compatible_vector_array_pair2-&lt;lambda&gt;26]" time="0.036759138107299805"></testcase><testcase classname="src.pymortests.algorithms.basic" file="src/pymortests/algorithms/basic.py" line="166" name="test_almost_equal_wrong_ind[compatible_vector_array_pair2-&lt;lambda&gt;27]" time="0.06003212928771973"></testcase><testcase classname="src.pymortests.algorithms.basic" file="src/pymortests/algorithms/basic.py" line="166" name="test_almost_equal_wrong_ind[compatible_vector_array_pair2-&lt;lambda&gt;28]" time="0.21863293647766113"></testcase><testcase classname="src.pymortests.algorithms.basic" file="src/pymortests/algorithms/basic.py" line="166" name="test_almost_equal_wrong_ind[compatible_vector_array_pair2-&lt;lambda&gt;29]" time="0.010023832321166992"></testcase><testcase classname="src.pymortests.algorithms.basic" file="src/pymortests/algorithms/basic.py" line="166" name="test_almost_equal_wrong_ind[compatible_vector_array_pair3-&lt;lambda&gt;0]" time="0.004403114318847656"></testcase><testcase classname="src.pymortests.algorithms.basic" file="src/pymortests/algorithms/basic.py" line="166" name="test_almost_equal_wrong_ind[compatible_vector_array_pair3-&lt;lambda&gt;1]" time="0.003392934799194336"></testcase><testcase classname="src.pymortests.algorithms.basic" file="src/pymortests/algorithms/basic.py" line="166" name="test_almost_equal_wrong_ind[compatible_vector_array_pair3-&lt;lambda&gt;2]" time="0.005028724670410156"></testcase><testcase classname="src.pymortests.algorithms.basic" file="src/pymortests/algorithms/basic.py" line="166" name="test_almost_equal_wrong_ind[compatible_vector_array_pair3-&lt;lambda&gt;3]" time="0.0066297054290771484"></testcase><testcase classname="src.pymortests.algorithms.basic" file="src/pymortests/algorithms/basic.py" line="166" name="test_almost_equal_wrong_ind[compatible_vector_array_pair3-&lt;lambda&gt;4]" time="0.006730794906616211"></testcase><testcase classname="src.pymortests.algorithms.basic" file="src/pymortests/algorithms/basic.py" line="166" name="test_almost_equal_wrong_ind[compatible_vector_array_pair3-&lt;lambda&gt;5]" time="0.0051422119140625"></testcase><testcase classname="src.pymortests.algorithms.basic" file="src/pymortests/algorithms/basic.py" line="166" name="test_almost_equal_wrong_ind[compatible_vector_array_pair3-&lt;lambda&gt;6]" time="0.0029649734497070312"></testcase><testcase classname="src.pymortests.algorithms.basic" file="src/pymortests/algorithms/basic.py" line="166" name="test_almost_equal_wrong_ind[compatible_vector_array_pair3-&lt;lambda&gt;7]" time="0.003192901611328125"></testcase><testcase classname="src.pymortests.algorithms.basic" file="src/pymortests/algorithms/basic.py" line="166" name="test_almost_equal_wrong_ind[compatible_vector_array_pair3-&lt;lambda&gt;8]" time="0.015809059143066406"></testcase><testcase classname="src.pymortests.algorithms.basic" file="src/pymortests/algorithms/basic.py" line="166" name="test_almost_equal_wrong_ind[compatible_vector_array_pair3-&lt;lambda&gt;9]" time="0.03262662887573242"></testcase><testcase classname="src.pymortests.algorithms.basic" file="src/pymortests/algorithms/basic.py" line="166" name="test_almost_equal_wrong_ind[compatible_vector_array_pair3-&lt;lambda&gt;10]" time="0.3086888790130615"></testcase><testcase classname="src.pymortests.algorithms.basic" file="src/pymortests/algorithms/basic.py" line="166" name="test_almost_equal_wrong_ind[compatible_vector_array_pair3-&lt;lambda&gt;11]" time="0.007525205612182617"></testcase><testcase classname="src.pymortests.algorithms.basic" file="src/pymortests/algorithms/basic.py" line="166" name="test_almost_equal_wrong_ind[compatible_vector_array_pair3-&lt;lambda&gt;12]" time="0.005017280578613281"></testcase><testcase classname="src.pymortests.algorithms.basic" file="src/pymortests/algorithms/basic.py" line="166" name="test_almost_equal_wrong_ind[compatible_vector_array_pair3-&lt;lambda&gt;13]" time="0.008689641952514648"></testcase><testcase classname="src.pymortests.algorithms.basic" file="src/pymortests/algorithms/basic.py" line="166" name="test_almost_equal_wrong_ind[compatible_vector_array_pair3-&lt;lambda&gt;14]" time="0.007100343704223633"></testcase><testcase classname="src.pymortests.algorithms.basic" file="src/pymortests/algorithms/basic.py" line="166" name="test_almost_equal_wrong_ind[compatible_vector_array_pair3-&lt;lambda&gt;15]" time="0.008364439010620117"></testcase><testcase classname="src.pymortests.algorithms.basic" file="src/pymortests/algorithms/basic.py" line="166" name="test_almost_equal_wrong_ind[compatible_vector_array_pair3-&lt;lambda&gt;16]" time="0.01272273063659668"></testcase><testcase classname="src.pymortests.algorithms.basic" file="src/pymortests/algorithms/basic.py" line="166" name="test_almost_equal_wrong_ind[compatible_vector_array_pair3-&lt;lambda&gt;17]" time="0.01395726203918457"></testcase><testcase classname="src.pymortests.algorithms.basic" file="src/pymortests/algorithms/basic.py" line="166" name="test_almost_equal_wrong_ind[compatible_vector_array_pair3-&lt;lambda&gt;18]" time="0.004504680633544922"></testcase><testcase classname="src.pymortests.algorithms.basic" file="src/pymortests/algorithms/basic.py" line="166" name="test_almost_equal_wrong_ind[compatible_vector_array_pair3-&lt;lambda&gt;19]" time="0.004029035568237305"></testcase><testcase classname="src.pymortests.algorithms.basic" file="src/pymortests/algorithms/basic.py" line="166" name="test_almost_equal_wrong_ind[compatible_vector_array_pair3-&lt;lambda&gt;20]" time="0.040625810623168945"></testcase><testcase classname="src.pymortests.algorithms.basic" file="src/pymortests/algorithms/basic.py" line="166" name="test_almost_equal_wrong_ind[compatible_vector_array_pair3-&lt;lambda&gt;21]" time="0.0436091423034668"></testcase><testcase classname="src.pymortests.algorithms.basic" file="src/pymortests/algorithms/basic.py" line="166" name="test_almost_equal_wrong_ind[compatible_vector_array_pair3-&lt;lambda&gt;22]" time="0.147019624710083"></testcase><testcase classname="src.pymortests.algorithms.basic" file="src/pymortests/algorithms/basic.py" line="166" name="test_almost_equal_wrong_ind[compatible_vector_array_pair3-&lt;lambda&gt;23]" time="0.008461713790893555"></testcase><testcase classname="src.pymortests.algorithms.basic" file="src/pymortests/algorithms/basic.py" line="166" name="test_almost_equal_wrong_ind[compatible_vector_array_pair3-&lt;lambda&gt;24]" time="0.004312038421630859"></testcase><testcase classname="src.pymortests.algorithms.basic" file="src/pymortests/algorithms/basic.py" line="166" name="test_almost_equal_wrong_ind[compatible_vector_array_pair3-&lt;lambda&gt;25]" time="0.0044097900390625"></testcase><testcase classname="src.pymortests.algorithms.basic" file="src/pymortests/algorithms/basic.py" line="166" name="test_almost_equal_wrong_ind[compatible_vector_array_pair3-&lt;lambda&gt;26]" time="0.036240577697753906"></testcase><testcase classname="src.pymortests.algorithms.basic" file="src/pymortests/algorithms/basic.py" line="166" name="test_almost_equal_wrong_ind[compatible_vector_array_pair3-&lt;lambda&gt;27]" time="0.06037163734436035"></testcase><testcase classname="src.pymortests.algorithms.basic" file="src/pymortests/algorithms/basic.py" line="166" name="test_almost_equal_wrong_ind[compatible_vector_array_pair3-&lt;lambda&gt;28]" time="0.21418452262878418"></testcase><testcase classname="src.pymortests.algorithms.basic" file="src/pymortests/algorithms/basic.py" line="166" name="test_almost_equal_wrong_ind[compatible_vector_array_pair3-&lt;lambda&gt;29]" time="0.009945392608642578"></testcase><testcase classname="src.pymortests.algorithms.basic" file="src/pymortests/algorithms/basic.py" line="166" name="test_almost_equal_wrong_ind[compatible_vector_array_pair4-&lt;lambda&gt;0]" time="0.004358768463134766"></testcase><testcase classname="src.pymortests.algorithms.basic" file="src/pymortests/algorithms/basic.py" line="166" name="test_almost_equal_wrong_ind[compatible_vector_array_pair4-&lt;lambda&gt;1]" time="0.0032579898834228516"></testcase><testcase classname="src.pymortests.algorithms.basic" file="src/pymortests/algorithms/basic.py" line="166" name="test_almost_equal_wrong_ind[compatible_vector_array_pair4-&lt;lambda&gt;2]" time="0.004952430725097656"></testcase><testcase classname="src.pymortests.algorithms.basic" file="src/pymortests/algorithms/basic.py" line="166" name="test_almost_equal_wrong_ind[compatible_vector_array_pair4-&lt;lambda&gt;3]" time="0.006590604782104492"></testcase><testcase classname="src.pymortests.algorithms.basic" file="src/pymortests/algorithms/basic.py" line="166" name="test_almost_equal_wrong_ind[compatible_vector_array_pair4-&lt;lambda&gt;4]" time="0.0068874359130859375"></testcase><testcase classname="src.pymortests.algorithms.basic" file="src/pymortests/algorithms/basic.py" line="166" name="test_almost_equal_wrong_ind[compatible_vector_array_pair4-&lt;lambda&gt;5]" time="0.005318880081176758"></testcase><testcase classname="src.pymortests.algorithms.basic" file="src/pymortests/algorithms/basic.py" line="166" name="test_almost_equal_wrong_ind[compatible_vector_array_pair4-&lt;lambda&gt;6]" time="0.0031044483184814453"></testcase><testcase classname="src.pymortests.algorithms.basic" file="src/pymortests/algorithms/basic.py" line="166" name="test_almost_equal_wrong_ind[compatible_vector_array_pair4-&lt;lambda&gt;7]" time="0.0034072399139404297"></testcase><testcase classname="src.pymortests.algorithms.basic" file="src/pymortests/algorithms/basic.py" line="166" name="test_almost_equal_wrong_ind[compatible_vector_array_pair4-&lt;lambda&gt;8]" time="0.016153335571289062"></testcase><testcase classname="src.pymortests.algorithms.basic" file="src/pymortests/algorithms/basic.py" line="166" name="test_almost_equal_wrong_ind[compatible_vector_array_pair4-&lt;lambda&gt;9]" time="0.032747745513916016"></testcase><testcase classname="src.pymortests.algorithms.basic" file="src/pymortests/algorithms/basic.py" line="166" name="test_almost_equal_wrong_ind[compatible_vector_array_pair4-&lt;lambda&gt;10]" time="0.11184501647949219"></testcase><testcase classname="src.pymortests.algorithms.basic" file="src/pymortests/algorithms/basic.py" line="166" name="test_almost_equal_wrong_ind[compatible_vector_array_pair4-&lt;lambda&gt;11]" time="0.007850885391235352"></testcase><testcase classname="src.pymortests.algorithms.basic" file="src/pymortests/algorithms/basic.py" line="166" name="test_almost_equal_wrong_ind[compatible_vector_array_pair4-&lt;lambda&gt;12]" time="0.006111860275268555"></testcase><testcase classname="src.pymortests.algorithms.basic" file="src/pymortests/algorithms/basic.py" line="166" name="test_almost_equal_wrong_ind[compatible_vector_array_pair4-&lt;lambda&gt;13]" time="0.011336803436279297"></testcase><testcase classname="src.pymortests.algorithms.basic" file="src/pymortests/algorithms/basic.py" line="166" name="test_almost_equal_wrong_ind[compatible_vector_array_pair4-&lt;lambda&gt;14]" time="0.007570505142211914"></testcase><testcase classname="src.pymortests.algorithms.basic" file="src/pymortests/algorithms/basic.py" line="166" name="test_almost_equal_wrong_ind[compatible_vector_array_pair4-&lt;lambda&gt;15]" time="0.008835315704345703"></testcase><testcase classname="src.pymortests.algorithms.basic" file="src/pymortests/algorithms/basic.py" line="166" name="test_almost_equal_wrong_ind[compatible_vector_array_pair4-&lt;lambda&gt;16]" time="0.01242685317993164"></testcase><testcase classname="src.pymortests.algorithms.basic" file="src/pymortests/algorithms/basic.py" line="166" name="test_almost_equal_wrong_ind[compatible_vector_array_pair4-&lt;lambda&gt;17]" time="0.012546062469482422"></testcase><testcase classname="src.pymortests.algorithms.basic" file="src/pymortests/algorithms/basic.py" line="166" name="test_almost_equal_wrong_ind[compatible_vector_array_pair4-&lt;lambda&gt;18]" time="0.003859281539916992"></testcase><testcase classname="src.pymortests.algorithms.basic" file="src/pymortests/algorithms/basic.py" line="166" name="test_almost_equal_wrong_ind[compatible_vector_array_pair4-&lt;lambda&gt;19]" time="0.003914594650268555"></testcase><testcase classname="src.pymortests.algorithms.basic" file="src/pymortests/algorithms/basic.py" line="166" name="test_almost_equal_wrong_ind[compatible_vector_array_pair4-&lt;lambda&gt;20]" time="0.0396268367767334"></testcase><testcase classname="src.pymortests.algorithms.basic" file="src/pymortests/algorithms/basic.py" line="166" name="test_almost_equal_wrong_ind[compatible_vector_array_pair4-&lt;lambda&gt;21]" time="0.0433809757232666"></testcase><testcase classname="src.pymortests.algorithms.basic" file="src/pymortests/algorithms/basic.py" line="166" name="test_almost_equal_wrong_ind[compatible_vector_array_pair4-&lt;lambda&gt;22]" time="0.14710760116577148"></testcase><testcase classname="src.pymortests.algorithms.basic" file="src/pymortests/algorithms/basic.py" line="166" name="test_almost_equal_wrong_ind[compatible_vector_array_pair4-&lt;lambda&gt;23]" time="0.008599519729614258"></testcase><testcase classname="src.pymortests.algorithms.basic" file="src/pymortests/algorithms/basic.py" line="166" name="test_almost_equal_wrong_ind[compatible_vector_array_pair4-&lt;lambda&gt;24]" time="0.004052162170410156"></testcase><testcase classname="src.pymortests.algorithms.basic" file="src/pymortests/algorithms/basic.py" line="166" name="test_almost_equal_wrong_ind[compatible_vector_array_pair4-&lt;lambda&gt;25]" time="0.0041103363037109375"></testcase><testcase classname="src.pymortests.algorithms.basic" file="src/pymortests/algorithms/basic.py" line="166" name="test_almost_equal_wrong_ind[compatible_vector_array_pair4-&lt;lambda&gt;26]" time="0.03589200973510742"></testcase><testcase classname="src.pymortests.algorithms.basic" file="src/pymortests/algorithms/basic.py" line="166" name="test_almost_equal_wrong_ind[compatible_vector_array_pair4-&lt;lambda&gt;27]" time="0.060291290283203125"></testcase><testcase classname="src.pymortests.algorithms.basic" file="src/pymortests/algorithms/basic.py" line="166" name="test_almost_equal_wrong_ind[compatible_vector_array_pair4-&lt;lambda&gt;28]" time="0.21471214294433594"></testcase><testcase classname="src.pymortests.algorithms.basic" file="src/pymortests/algorithms/basic.py" line="166" name="test_almost_equal_wrong_ind[compatible_vector_array_pair4-&lt;lambda&gt;29]" time="0.010324239730834961"></testcase><testcase classname="src.pymortests.algorithms.basic" file="src/pymortests/algorithms/basic.py" line="166" name="test_almost_equal_wrong_ind[compatible_vector_array_pair5-&lt;lambda&gt;0]" time="0.0043849945068359375"></testcase><testcase classname="src.pymortests.algorithms.basic" file="src/pymortests/algorithms/basic.py" line="166" name="test_almost_equal_wrong_ind[compatible_vector_array_pair5-&lt;lambda&gt;1]" time="0.003307342529296875"></testcase><testcase classname="src.pymortests.algorithms.basic" file="src/pymortests/algorithms/basic.py" line="166" name="test_almost_equal_wrong_ind[compatible_vector_array_pair5-&lt;lambda&gt;2]" time="0.005044221878051758"></testcase><testcase classname="src.pymortests.algorithms.basic" file="src/pymortests/algorithms/basic.py" line="166" name="test_almost_equal_wrong_ind[compatible_vector_array_pair5-&lt;lambda&gt;3]" time="0.00672602653503418"></testcase><testcase classname="src.pymortests.algorithms.basic" file="src/pymortests/algorithms/basic.py" line="166" name="test_almost_equal_wrong_ind[compatible_vector_array_pair5-&lt;lambda&gt;4]" time="0.006868124008178711"></testcase><testcase classname="src.pymortests.algorithms.basic" file="src/pymortests/algorithms/basic.py" line="166" name="test_almost_equal_wrong_ind[compatible_vector_array_pair5-&lt;lambda&gt;5]" time="0.005252838134765625"></testcase><testcase classname="src.pymortests.algorithms.basic" file="src/pymortests/algorithms/basic.py" line="166" name="test_almost_equal_wrong_ind[compatible_vector_array_pair5-&lt;lambda&gt;6]" time="0.003102540969848633"></testcase><testcase classname="src.pymortests.algorithms.basic" file="src/pymortests/algorithms/basic.py" line="166" name="test_almost_equal_wrong_ind[compatible_vector_array_pair5-&lt;lambda&gt;7]" time="0.0032656192779541016"></testcase><testcase classname="src.pymortests.algorithms.basic" file="src/pymortests/algorithms/basic.py" line="166" name="test_almost_equal_wrong_ind[compatible_vector_array_pair5-&lt;lambda&gt;8]" time="0.016033411026000977"></testcase><testcase classname="src.pymortests.algorithms.basic" file="src/pymortests/algorithms/basic.py" line="166" name="test_almost_equal_wrong_ind[compatible_vector_array_pair5-&lt;lambda&gt;9]" time="0.033124685287475586"></testcase><testcase classname="src.pymortests.algorithms.basic" file="src/pymortests/algorithms/basic.py" line="166" name="test_almost_equal_wrong_ind[compatible_vector_array_pair5-&lt;lambda&gt;10]" time="0.11188340187072754"></testcase><testcase classname="src.pymortests.algorithms.basic" file="src/pymortests/algorithms/basic.py" line="166" name="test_almost_equal_wrong_ind[compatible_vector_array_pair5-&lt;lambda&gt;11]" time="0.0073320865631103516"></testcase><testcase classname="src.pymortests.algorithms.basic" file="src/pymortests/algorithms/basic.py" line="166" name="test_almost_equal_wrong_ind[compatible_vector_array_pair5-&lt;lambda&gt;12]" time="0.004936933517456055"></testcase><testcase classname="src.pymortests.algorithms.basic" file="src/pymortests/algorithms/basic.py" line="166" name="test_almost_equal_wrong_ind[compatible_vector_array_pair5-&lt;lambda&gt;13]" time="0.008842229843139648"></testcase><testcase classname="src.pymortests.algorithms.basic" file="src/pymortests/algorithms/basic.py" line="166" name="test_almost_equal_wrong_ind[compatible_vector_array_pair5-&lt;lambda&gt;14]" time="0.007044076919555664"></testcase><testcase classname="src.pymortests.algorithms.basic" file="src/pymortests/algorithms/basic.py" line="166" name="test_almost_equal_wrong_ind[compatible_vector_array_pair5-&lt;lambda&gt;15]" time="0.008428335189819336"></testcase><testcase classname="src.pymortests.algorithms.basic" file="src/pymortests/algorithms/basic.py" line="166" name="test_almost_equal_wrong_ind[compatible_vector_array_pair5-&lt;lambda&gt;16]" time="0.012492656707763672"></testcase><testcase classname="src.pymortests.algorithms.basic" file="src/pymortests/algorithms/basic.py" line="166" name="test_almost_equal_wrong_ind[compatible_vector_array_pair5-&lt;lambda&gt;17]" time="0.013861417770385742"></testcase><testcase classname="src.pymortests.algorithms.basic" file="src/pymortests/algorithms/basic.py" line="166" name="test_almost_equal_wrong_ind[compatible_vector_array_pair5-&lt;lambda&gt;18]" time="0.004706382751464844"></testcase><testcase classname="src.pymortests.algorithms.basic" file="src/pymortests/algorithms/basic.py" line="166" name="test_almost_equal_wrong_ind[compatible_vector_array_pair5-&lt;lambda&gt;19]" time="0.004132747650146484"></testcase><testcase classname="src.pymortests.algorithms.basic" file="src/pymortests/algorithms/basic.py" line="166" name="test_almost_equal_wrong_ind[compatible_vector_array_pair5-&lt;lambda&gt;20]" time="0.04007315635681152"></testcase><testcase classname="src.pymortests.algorithms.basic" file="src/pymortests/algorithms/basic.py" line="166" name="test_almost_equal_wrong_ind[compatible_vector_array_pair5-&lt;lambda&gt;21]" time="0.043433427810668945"></testcase><testcase classname="src.pymortests.algorithms.basic" file="src/pymortests/algorithms/basic.py" line="166" name="test_almost_equal_wrong_ind[compatible_vector_array_pair5-&lt;lambda&gt;22]" time="0.14839577674865723"></testcase><testcase classname="src.pymortests.algorithms.basic" file="src/pymortests/algorithms/basic.py" line="166" name="test_almost_equal_wrong_ind[compatible_vector_array_pair5-&lt;lambda&gt;23]" time="0.00856924057006836"></testcase><testcase classname="src.pymortests.algorithms.basic" file="src/pymortests/algorithms/basic.py" line="166" name="test_almost_equal_wrong_ind[compatible_vector_array_pair5-&lt;lambda&gt;24]" time="0.004117727279663086"></testcase><testcase classname="src.pymortests.algorithms.basic" file="src/pymortests/algorithms/basic.py" line="166" name="test_almost_equal_wrong_ind[compatible_vector_array_pair5-&lt;lambda&gt;25]" time="0.004115104675292969"></testcase><testcase classname="src.pymortests.algorithms.basic" file="src/pymortests/algorithms/basic.py" line="166" name="test_almost_equal_wrong_ind[compatible_vector_array_pair5-&lt;lambda&gt;26]" time="0.035732269287109375"></testcase><testcase classname="src.pymortests.algorithms.basic" file="src/pymortests/algorithms/basic.py" line="166" name="test_almost_equal_wrong_ind[compatible_vector_array_pair5-&lt;lambda&gt;27]" time="0.06029701232910156"></testcase><testcase classname="src.pymortests.algorithms.basic" file="src/pymortests/algorithms/basic.py" line="166" name="test_almost_equal_wrong_ind[compatible_vector_array_pair5-&lt;lambda&gt;28]" time="0.21529150009155273"></testcase><testcase classname="src.pymortests.algorithms.basic" file="src/pymortests/algorithms/basic.py" line="166" name="test_almost_equal_wrong_ind[compatible_vector_array_pair5-&lt;lambda&gt;29]" time="0.010029792785644531"></testcase><testcase classname="src.pymortests.algorithms.basic" file="src/pymortests/algorithms/basic.py" line="166" name="test_almost_equal_wrong_ind[compatible_vector_array_pair6-&lt;lambda&gt;0]" time="0.004385709762573242"></testcase><testcase classname="src.pymortests.algorithms.basic" file="src/pymortests/algorithms/basic.py" line="166" name="test_almost_equal_wrong_ind[compatible_vector_array_pair6-&lt;lambda&gt;1]" time="0.0031442642211914062"></testcase><testcase classname="src.pymortests.algorithms.basic" file="src/pymortests/algorithms/basic.py" line="166" name="test_almost_equal_wrong_ind[compatible_vector_array_pair6-&lt;lambda&gt;2]" time="0.00477290153503418"></testcase><testcase classname="src.pymortests.algorithms.basic" file="src/pymortests/algorithms/basic.py" line="166" name="test_almost_equal_wrong_ind[compatible_vector_array_pair6-&lt;lambda&gt;3]" time="0.0065441131591796875"></testcase><testcase classname="src.pymortests.algorithms.basic" file="src/pymortests/algorithms/basic.py" line="166" name="test_almost_equal_wrong_ind[compatible_vector_array_pair6-&lt;lambda&gt;4]" time="0.006678581237792969"></testcase><testcase classname="src.pymortests.algorithms.basic" file="src/pymortests/algorithms/basic.py" line="166" name="test_almost_equal_wrong_ind[compatible_vector_array_pair6-&lt;lambda&gt;5]" time="0.005231618881225586"></testcase><testcase classname="src.pymortests.algorithms.basic" file="src/pymortests/algorithms/basic.py" line="166" name="test_almost_equal_wrong_ind[compatible_vector_array_pair6-&lt;lambda&gt;6]" time="0.002969503402709961"></testcase><testcase classname="src.pymortests.algorithms.basic" file="src/pymortests/algorithms/basic.py" line="166" name="test_almost_equal_wrong_ind[compatible_vector_array_pair6-&lt;lambda&gt;7]" time="0.0032083988189697266"></testcase><testcase classname="src.pymortests.algorithms.basic" file="src/pymortests/algorithms/basic.py" line="166" name="test_almost_equal_wrong_ind[compatible_vector_array_pair6-&lt;lambda&gt;8]" time="0.016017436981201172"></testcase><testcase classname="src.pymortests.algorithms.basic" file="src/pymortests/algorithms/basic.py" line="166" name="test_almost_equal_wrong_ind[compatible_vector_array_pair6-&lt;lambda&gt;9]" time="0.03280472755432129"></testcase><testcase classname="src.pymortests.algorithms.basic" file="src/pymortests/algorithms/basic.py" line="166" name="test_almost_equal_wrong_ind[compatible_vector_array_pair6-&lt;lambda&gt;10]" time="0.11156034469604492"></testcase><testcase classname="src.pymortests.algorithms.basic" file="src/pymortests/algorithms/basic.py" line="166" name="test_almost_equal_wrong_ind[compatible_vector_array_pair6-&lt;lambda&gt;11]" time="0.007391691207885742"></testcase><testcase classname="src.pymortests.algorithms.basic" file="src/pymortests/algorithms/basic.py" line="166" name="test_almost_equal_wrong_ind[compatible_vector_array_pair6-&lt;lambda&gt;12]" time="0.004930019378662109"></testcase><testcase classname="src.pymortests.algorithms.basic" file="src/pymortests/algorithms/basic.py" line="166" name="test_almost_equal_wrong_ind[compatible_vector_array_pair6-&lt;lambda&gt;13]" time="0.008666276931762695"></testcase><testcase classname="src.pymortests.algorithms.basic" file="src/pymortests/algorithms/basic.py" line="166" name="test_almost_equal_wrong_ind[compatible_vector_array_pair6-&lt;lambda&gt;14]" time="0.007204771041870117"></testcase><testcase classname="src.pymortests.algorithms.basic" file="src/pymortests/algorithms/basic.py" line="166" name="test_almost_equal_wrong_ind[compatible_vector_array_pair6-&lt;lambda&gt;15]" time="0.008562326431274414"></testcase><testcase classname="src.pymortests.algorithms.basic" file="src/pymortests/algorithms/basic.py" line="166" name="test_almost_equal_wrong_ind[compatible_vector_array_pair6-&lt;lambda&gt;16]" time="0.012521028518676758"></testcase><testcase classname="src.pymortests.algorithms.basic" file="src/pymortests/algorithms/basic.py" line="166" name="test_almost_equal_wrong_ind[compatible_vector_array_pair6-&lt;lambda&gt;17]" time="0.013715744018554688"></testcase><testcase classname="src.pymortests.algorithms.basic" file="src/pymortests/algorithms/basic.py" line="166" name="test_almost_equal_wrong_ind[compatible_vector_array_pair6-&lt;lambda&gt;18]" time="0.004820823669433594"></testcase><testcase classname="src.pymortests.algorithms.basic" file="src/pymortests/algorithms/basic.py" line="166" name="test_almost_equal_wrong_ind[compatible_vector_array_pair6-&lt;lambda&gt;19]" time="0.004049539566040039"></testcase><testcase classname="src.pymortests.algorithms.basic" file="src/pymortests/algorithms/basic.py" line="166" name="test_almost_equal_wrong_ind[compatible_vector_array_pair6-&lt;lambda&gt;20]" time="0.04000997543334961"></testcase><testcase classname="src.pymortests.algorithms.basic" file="src/pymortests/algorithms/basic.py" line="166" name="test_almost_equal_wrong_ind[compatible_vector_array_pair6-&lt;lambda&gt;21]" time="0.04346156120300293"></testcase><testcase classname="src.pymortests.algorithms.basic" file="src/pymortests/algorithms/basic.py" line="166" name="test_almost_equal_wrong_ind[compatible_vector_array_pair6-&lt;lambda&gt;22]" time="0.15100550651550293"></testcase><testcase classname="src.pymortests.algorithms.basic" file="src/pymortests/algorithms/basic.py" line="166" name="test_almost_equal_wrong_ind[compatible_vector_array_pair6-&lt;lambda&gt;23]" time="0.008474349975585938"></testcase><testcase classname="src.pymortests.algorithms.basic" file="src/pymortests/algorithms/basic.py" line="166" name="test_almost_equal_wrong_ind[compatible_vector_array_pair6-&lt;lambda&gt;24]" time="0.004125118255615234"></testcase><testcase classname="src.pymortests.algorithms.basic" file="src/pymortests/algorithms/basic.py" line="166" name="test_almost_equal_wrong_ind[compatible_vector_array_pair6-&lt;lambda&gt;25]" time="0.004129648208618164"></testcase><testcase classname="src.pymortests.algorithms.basic" file="src/pymortests/algorithms/basic.py" line="166" name="test_almost_equal_wrong_ind[compatible_vector_array_pair6-&lt;lambda&gt;26]" time="0.03567910194396973"></testcase><testcase classname="src.pymortests.algorithms.basic" file="src/pymortests/algorithms/basic.py" line="166" name="test_almost_equal_wrong_ind[compatible_vector_array_pair6-&lt;lambda&gt;27]" time="0.060449838638305664"></testcase><testcase classname="src.pymortests.algorithms.basic" file="src/pymortests/algorithms/basic.py" line="166" name="test_almost_equal_wrong_ind[compatible_vector_array_pair6-&lt;lambda&gt;28]" time="0.21436429023742676"></testcase><testcase classname="src.pymortests.algorithms.basic" file="src/pymortests/algorithms/basic.py" line="166" name="test_almost_equal_wrong_ind[compatible_vector_array_pair6-&lt;lambda&gt;29]" time="0.01067972183227539"></testcase><testcase classname="src.pymortests.algorithms.basic" file="src/pymortests/algorithms/basic.py" line="166" name="test_almost_equal_wrong_ind[compatible_vector_array_pair7-&lt;lambda&gt;0]" time="0.0045146942138671875"></testcase><testcase classname="src.pymortests.algorithms.basic" file="src/pymortests/algorithms/basic.py" line="166" name="test_almost_equal_wrong_ind[compatible_vector_array_pair7-&lt;lambda&gt;1]" time="0.0032536983489990234"></testcase><testcase classname="src.pymortests.algorithms.basic" file="src/pymortests/algorithms/basic.py" line="166" name="test_almost_equal_wrong_ind[compatible_vector_array_pair7-&lt;lambda&gt;2]" time="0.004922151565551758"></testcase><testcase classname="src.pymortests.algorithms.basic" file="src/pymortests/algorithms/basic.py" line="166" name="test_almost_equal_wrong_ind[compatible_vector_array_pair7-&lt;lambda&gt;3]" time="0.006923675537109375"></testcase><testcase classname="src.pymortests.algorithms.basic" file="src/pymortests/algorithms/basic.py" line="166" name="test_almost_equal_wrong_ind[compatible_vector_array_pair7-&lt;lambda&gt;4]" time="0.006787776947021484"></testcase><testcase classname="src.pymortests.algorithms.basic" file="src/pymortests/algorithms/basic.py" line="166" name="test_almost_equal_wrong_ind[compatible_vector_array_pair7-&lt;lambda&gt;5]" time="0.005292177200317383"></testcase><testcase classname="src.pymortests.algorithms.basic" file="src/pymortests/algorithms/basic.py" line="166" name="test_almost_equal_wrong_ind[compatible_vector_array_pair7-&lt;lambda&gt;6]" time="0.003225564956665039"></testcase><testcase classname="src.pymortests.algorithms.basic" file="src/pymortests/algorithms/basic.py" line="166" name="test_almost_equal_wrong_ind[compatible_vector_array_pair7-&lt;lambda&gt;7]" time="0.003507375717163086"></testcase><testcase classname="src.pymortests.algorithms.basic" file="src/pymortests/algorithms/basic.py" line="166" name="test_almost_equal_wrong_ind[compatible_vector_array_pair7-&lt;lambda&gt;8]" time="0.016627073287963867"></testcase><testcase classname="src.pymortests.algorithms.basic" file="src/pymortests/algorithms/basic.py" line="166" name="test_almost_equal_wrong_ind[compatible_vector_array_pair7-&lt;lambda&gt;9]" time="0.03375673294067383"></testcase><testcase classname="src.pymortests.algorithms.basic" file="src/pymortests/algorithms/basic.py" line="166" name="test_almost_equal_wrong_ind[compatible_vector_array_pair7-&lt;lambda&gt;10]" time="0.11141037940979004"></testcase><testcase classname="src.pymortests.algorithms.basic" file="src/pymortests/algorithms/basic.py" line="166" name="test_almost_equal_wrong_ind[compatible_vector_array_pair7-&lt;lambda&gt;11]" time="0.007285594940185547"></testcase><testcase classname="src.pymortests.algorithms.basic" file="src/pymortests/algorithms/basic.py" line="166" name="test_almost_equal_wrong_ind[compatible_vector_array_pair7-&lt;lambda&gt;12]" time="0.005007028579711914"></testcase><testcase classname="src.pymortests.algorithms.basic" file="src/pymortests/algorithms/basic.py" line="166" name="test_almost_equal_wrong_ind[compatible_vector_array_pair7-&lt;lambda&gt;13]" time="0.008805036544799805"></testcase><testcase classname="src.pymortests.algorithms.basic" file="src/pymortests/algorithms/basic.py" line="166" name="test_almost_equal_wrong_ind[compatible_vector_array_pair7-&lt;lambda&gt;14]" time="0.0072650909423828125"></testcase><testcase classname="src.pymortests.algorithms.basic" file="src/pymortests/algorithms/basic.py" line="166" name="test_almost_equal_wrong_ind[compatible_vector_array_pair7-&lt;lambda&gt;15]" time="0.008588314056396484"></testcase><testcase classname="src.pymortests.algorithms.basic" file="src/pymortests/algorithms/basic.py" line="166" name="test_almost_equal_wrong_ind[compatible_vector_array_pair7-&lt;lambda&gt;16]" time="0.012697458267211914"></testcase><testcase classname="src.pymortests.algorithms.basic" file="src/pymortests/algorithms/basic.py" line="166" name="test_almost_equal_wrong_ind[compatible_vector_array_pair7-&lt;lambda&gt;17]" time="0.01405191421508789"></testcase><testcase classname="src.pymortests.algorithms.basic" file="src/pymortests/algorithms/basic.py" line="166" name="test_almost_equal_wrong_ind[compatible_vector_array_pair7-&lt;lambda&gt;18]" time="0.005017518997192383"></testcase><testcase classname="src.pymortests.algorithms.basic" file="src/pymortests/algorithms/basic.py" line="166" name="test_almost_equal_wrong_ind[compatible_vector_array_pair7-&lt;lambda&gt;19]" time="0.004215240478515625"></testcase><testcase classname="src.pymortests.algorithms.basic" file="src/pymortests/algorithms/basic.py" line="166" name="test_almost_equal_wrong_ind[compatible_vector_array_pair7-&lt;lambda&gt;20]" time="0.040930986404418945"></testcase><testcase classname="src.pymortests.algorithms.basic" file="src/pymortests/algorithms/basic.py" line="166" name="test_almost_equal_wrong_ind[compatible_vector_array_pair7-&lt;lambda&gt;21]" time="0.04357647895812988"></testcase><testcase classname="src.pymortests.algorithms.basic" file="src/pymortests/algorithms/basic.py" line="166" name="test_almost_equal_wrong_ind[compatible_vector_array_pair7-&lt;lambda&gt;22]" time="0.14737224578857422"></testcase><testcase classname="src.pymortests.algorithms.basic" file="src/pymortests/algorithms/basic.py" line="166" name="test_almost_equal_wrong_ind[compatible_vector_array_pair7-&lt;lambda&gt;23]" time="0.009127378463745117"></testcase><testcase classname="src.pymortests.algorithms.basic" file="src/pymortests/algorithms/basic.py" line="166" name="test_almost_equal_wrong_ind[compatible_vector_array_pair7-&lt;lambda&gt;24]" time="0.004170417785644531"></testcase><testcase classname="src.pymortests.algorithms.basic" file="src/pymortests/algorithms/basic.py" line="166" name="test_almost_equal_wrong_ind[compatible_vector_array_pair7-&lt;lambda&gt;25]" time="0.004312276840209961"></testcase><testcase classname="src.pymortests.algorithms.basic" file="src/pymortests/algorithms/basic.py" line="166" name="test_almost_equal_wrong_ind[compatible_vector_array_pair7-&lt;lambda&gt;26]" time="0.03611397743225098"></testcase><testcase classname="src.pymortests.algorithms.basic" file="src/pymortests/algorithms/basic.py" line="166" name="test_almost_equal_wrong_ind[compatible_vector_array_pair7-&lt;lambda&gt;27]" time="0.06025958061218262"></testcase><testcase classname="src.pymortests.algorithms.basic" file="src/pymortests/algorithms/basic.py" line="166" name="test_almost_equal_wrong_ind[compatible_vector_array_pair7-&lt;lambda&gt;28]" time="0.2158963680267334"></testcase><testcase classname="src.pymortests.algorithms.basic" file="src/pymortests/algorithms/basic.py" line="166" name="test_almost_equal_wrong_ind[compatible_vector_array_pair7-&lt;lambda&gt;29]" time="0.009997844696044922"></testcase><testcase classname="src.pymortests.algorithms.basic" file="src/pymortests/algorithms/basic.py" line="166" name="test_almost_equal_wrong_ind[compatible_vector_array_pair8-&lt;lambda&gt;0]" time="0.0043849945068359375"></testcase><testcase classname="src.pymortests.algorithms.basic" file="src/pymortests/algorithms/basic.py" line="166" name="test_almost_equal_wrong_ind[compatible_vector_array_pair8-&lt;lambda&gt;1]" time="0.0032987594604492188"></testcase><testcase classname="src.pymortests.algorithms.basic" file="src/pymortests/algorithms/basic.py" line="166" name="test_almost_equal_wrong_ind[compatible_vector_array_pair8-&lt;lambda&gt;2]" time="0.00497746467590332"></testcase><testcase classname="src.pymortests.algorithms.basic" file="src/pymortests/algorithms/basic.py" line="166" name="test_almost_equal_wrong_ind[compatible_vector_array_pair8-&lt;lambda&gt;3]" time="0.0067598819732666016"></testcase><testcase classname="src.pymortests.algorithms.basic" file="src/pymortests/algorithms/basic.py" line="166" name="test_almost_equal_wrong_ind[compatible_vector_array_pair8-&lt;lambda&gt;4]" time="0.006661176681518555"></testcase><testcase classname="src.pymortests.algorithms.basic" file="src/pymortests/algorithms/basic.py" line="166" name="test_almost_equal_wrong_ind[compatible_vector_array_pair8-&lt;lambda&gt;5]" time="0.005278348922729492"></testcase><testcase classname="src.pymortests.algorithms.basic" file="src/pymortests/algorithms/basic.py" line="166" name="test_almost_equal_wrong_ind[compatible_vector_array_pair8-&lt;lambda&gt;6]" time="0.003061056137084961"></testcase><testcase classname="src.pymortests.algorithms.basic" file="src/pymortests/algorithms/basic.py" line="166" name="test_almost_equal_wrong_ind[compatible_vector_array_pair8-&lt;lambda&gt;7]" time="0.003242015838623047"></testcase><testcase classname="src.pymortests.algorithms.basic" file="src/pymortests/algorithms/basic.py" line="166" name="test_almost_equal_wrong_ind[compatible_vector_array_pair8-&lt;lambda&gt;8]" time="0.016150712966918945"></testcase><testcase classname="src.pymortests.algorithms.basic" file="src/pymortests/algorithms/basic.py" line="166" name="test_almost_equal_wrong_ind[compatible_vector_array_pair8-&lt;lambda&gt;9]" time="0.03254556655883789"></testcase><testcase classname="src.pymortests.algorithms.basic" file="src/pymortests/algorithms/basic.py" line="166" name="test_almost_equal_wrong_ind[compatible_vector_array_pair8-&lt;lambda&gt;10]" time="0.11238884925842285"></testcase><testcase classname="src.pymortests.algorithms.basic" file="src/pymortests/algorithms/basic.py" line="166" name="test_almost_equal_wrong_ind[compatible_vector_array_pair8-&lt;lambda&gt;11]" time="0.007471799850463867"></testcase><testcase classname="src.pymortests.algorithms.basic" file="src/pymortests/algorithms/basic.py" line="166" name="test_almost_equal_wrong_ind[compatible_vector_array_pair8-&lt;lambda&gt;12]" time="0.005143165588378906"></testcase><testcase classname="src.pymortests.algorithms.basic" file="src/pymortests/algorithms/basic.py" line="166" name="test_almost_equal_wrong_ind[compatible_vector_array_pair8-&lt;lambda&gt;13]" time="0.008853912353515625"></testcase><testcase classname="src.pymortests.algorithms.basic" file="src/pymortests/algorithms/basic.py" line="166" name="test_almost_equal_wrong_ind[compatible_vector_array_pair8-&lt;lambda&gt;14]" time="0.00716090202331543"></testcase><testcase classname="src.pymortests.algorithms.basic" file="src/pymortests/algorithms/basic.py" line="166" name="test_almost_equal_wrong_ind[compatible_vector_array_pair8-&lt;lambda&gt;15]" time="0.008477449417114258"></testcase><testcase classname="src.pymortests.algorithms.basic" file="src/pymortests/algorithms/basic.py" line="166" name="test_almost_equal_wrong_ind[compatible_vector_array_pair8-&lt;lambda&gt;16]" time="0.012956619262695312"></testcase><testcase classname="src.pymortests.algorithms.basic" file="src/pymortests/algorithms/basic.py" line="166" name="test_almost_equal_wrong_ind[compatible_vector_array_pair8-&lt;lambda&gt;17]" time="0.013939857482910156"></testcase><testcase classname="src.pymortests.algorithms.basic" file="src/pymortests/algorithms/basic.py" line="166" name="test_almost_equal_wrong_ind[compatible_vector_array_pair8-&lt;lambda&gt;18]" time="0.0048520565032958984"></testcase><testcase classname="src.pymortests.algorithms.basic" file="src/pymortests/algorithms/basic.py" line="166" name="test_almost_equal_wrong_ind[compatible_vector_array_pair8-&lt;lambda&gt;19]" time="0.0042536258697509766"></testcase><testcase classname="src.pymortests.algorithms.basic" file="src/pymortests/algorithms/basic.py" line="166" name="test_almost_equal_wrong_ind[compatible_vector_array_pair8-&lt;lambda&gt;20]" time="0.041326045989990234"></testcase><testcase classname="src.pymortests.algorithms.basic" file="src/pymortests/algorithms/basic.py" line="166" name="test_almost_equal_wrong_ind[compatible_vector_array_pair8-&lt;lambda&gt;21]" time="0.04303455352783203"></testcase><testcase classname="src.pymortests.algorithms.basic" file="src/pymortests/algorithms/basic.py" line="166" name="test_almost_equal_wrong_ind[compatible_vector_array_pair8-&lt;lambda&gt;22]" time="0.1469557285308838"></testcase><testcase classname="src.pymortests.algorithms.basic" file="src/pymortests/algorithms/basic.py" line="166" name="test_almost_equal_wrong_ind[compatible_vector_array_pair8-&lt;lambda&gt;23]" time="0.008435964584350586"></testcase><testcase classname="src.pymortests.algorithms.basic" file="src/pymortests/algorithms/basic.py" line="166" name="test_almost_equal_wrong_ind[compatible_vector_array_pair8-&lt;lambda&gt;24]" time="0.004099369049072266"></testcase><testcase classname="src.pymortests.algorithms.basic" file="src/pymortests/algorithms/basic.py" line="166" name="test_almost_equal_wrong_ind[compatible_vector_array_pair8-&lt;lambda&gt;25]" time="0.00419306755065918"></testcase><testcase classname="src.pymortests.algorithms.basic" file="src/pymortests/algorithms/basic.py" line="166" name="test_almost_equal_wrong_ind[compatible_vector_array_pair8-&lt;lambda&gt;26]" time="0.03561282157897949"></testcase><testcase classname="src.pymortests.algorithms.basic" file="src/pymortests/algorithms/basic.py" line="166" name="test_almost_equal_wrong_ind[compatible_vector_array_pair8-&lt;lambda&gt;27]" time="0.06050515174865723"></testcase><testcase classname="src.pymortests.algorithms.basic" file="src/pymortests/algorithms/basic.py" line="166" name="test_almost_equal_wrong_ind[compatible_vector_array_pair8-&lt;lambda&gt;28]" time="0.2135021686553955"></testcase><testcase classname="src.pymortests.algorithms.basic" file="src/pymortests/algorithms/basic.py" line="166" name="test_almost_equal_wrong_ind[compatible_vector_array_pair8-&lt;lambda&gt;29]" time="0.009839773178100586"></testcase><testcase classname="src.pymortests.algorithms.basic" file="src/pymortests/algorithms/basic.py" line="178" name="test_project_array" time="0.0028536319732666016"></testcase><testcase classname="src.pymortests.algorithms.basic" file="src/pymortests/algorithms/basic.py" line="188" name="test_project_array_with_product" time="0.002546072006225586"></testcase><testcase classname="src.pymortests.algorithms.gram_schmidt" file="src/pymortests/algorithms/gram_schmidt.py" line="12" name="test_gram_schmidt[0-&lt;lambda&gt;0]" time="0.0026047229766845703"></testcase><testcase classname="src.pymortests.algorithms.gram_schmidt" file="src/pymortests/algorithms/gram_schmidt.py" line="12" name="test_gram_schmidt[0-&lt;lambda&gt;1]" time="0.002002239227294922"></testcase><testcase classname="src.pymortests.algorithms.gram_schmidt" file="src/pymortests/algorithms/gram_schmidt.py" line="12" name="test_gram_schmidt[0-&lt;lambda&gt;2]" time="0.0019516944885253906"></testcase><testcase classname="src.pymortests.algorithms.gram_schmidt" file="src/pymortests/algorithms/gram_schmidt.py" line="12" name="test_gram_schmidt[0-&lt;lambda&gt;3]" time="0.11685705184936523"><system-err>18:39 gram_schmidt: Orthonormalizing vector 31 again
18:39 gram_schmidt: Removing linearly dependent vector 32
18:39 gram_schmidt: Removing linearly dependent vector 33
18:39 gram_schmidt: Removing linearly dependent vector 34
18:39 gram_schmidt: Removing linearly dependent vector 35
18:39 gram_schmidt: Removing linearly dependent vector 36
18:39 gram_schmidt: Removing linearly dependent vector 37
18:39 gram_schmidt: Removing linearly dependent vector 38
18:39 gram_schmidt: Removing linearly dependent vector 39
18:39 gram_schmidt: Removing linearly dependent vector 40
18:39 gram_schmidt: Removing linearly dependent vector 41
18:39 gram_schmidt: Removing linearly dependent vector 42
18:39 gram_schmidt: Orthonormalizing vector 31 again
18:39 gram_schmidt: Removing linearly dependent vector 32
18:39 gram_schmidt: Removing linearly dependent vector 33
18:39 gram_schmidt: Removing linearly dependent vector 34
18:39 gram_schmidt: Removing linearly dependent vector 35
18:39 gram_schmidt: Removing linearly dependent vector 36
18:39 gram_schmidt: Removing linearly dependent vector 37
18:39 gram_schmidt: Removing linearly dependent vector 38
18:39 gram_schmidt: Removing linearly dependent vector 39
18:39 gram_schmidt: Removing linearly dependent vector 40
18:39 gram_schmidt: Removing linearly dependent vector 41
18:39 gram_schmidt: Removing linearly dependent vector 42
</system-err></testcase><testcase classname="src.pymortests.algorithms.gram_schmidt" file="src/pymortests/algorithms/gram_schmidt.py" line="12" name="test_gram_schmidt[0-&lt;lambda&gt;4]" time="0.021804332733154297"><system-err>18:39 gram_schmidt: Removing vector 0 of norm 0.0
18:39 gram_schmidt: Removing vector 1 of norm 0.0
18:39 gram_schmidt: Removing vector 2 of norm 0.0
18:39 gram_schmidt: Removing vector 3 of norm 0.0
18:39 gram_schmidt: Removing vector 4 of norm 0.0
18:39 gram_schmidt: Removing vector 5 of norm 0.0
18:39 gram_schmidt: Removing vector 6 of norm 0.0
18:39 gram_schmidt: Removing vector 7 of norm 0.0
18:39 gram_schmidt: Removing vector 8 of norm 0.0
18:39 gram_schmidt: Removing vector 9 of norm 0.0
18:39 gram_schmidt: Removing vector 10 of norm 0.0
18:39 gram_schmidt: Removing vector 11 of norm 0.0
18:39 gram_schmidt: Removing vector 12 of norm 0.0
18:39 gram_schmidt: Removing vector 13 of norm 0.0
18:39 gram_schmidt: Removing vector 14 of norm 0.0
18:39 gram_schmidt: Removing vector 15 of norm 0.0
18:39 gram_schmidt: Removing vector 16 of norm 0.0
18:39 gram_schmidt: Removing vector 17 of norm 0.0
18:39 gram_schmidt: Removing vector 18 of norm 0.0
18:39 gram_schmidt: Removing vector 19 of norm 0.0
18:39 gram_schmidt: Removing vector 20 of norm 0.0
18:39 gram_schmidt: Removing vector 21 of norm 0.0
18:39 gram_schmidt: Removing vector 22 of norm 0.0
18:39 gram_schmidt: Removing vector 23 of norm 0.0
18:39 gram_schmidt: Removing vector 24 of norm 0.0
18:39 gram_schmidt: Removing vector 25 of norm 0.0
18:39 gram_schmidt: Removing vector 26 of norm 0.0
18:39 gram_schmidt: Removing vector 27 of norm 0.0
18:39 gram_schmidt: Removing vector 28 of norm 0.0
18:39 gram_schmidt: Removing vector 29 of norm 0.0
18:39 gram_schmidt: Removing vector 30 of norm 0.0
18:39 gram_schmidt: Removing vector 31 of norm 0.0
18:39 gram_schmidt: Removing vector 32 of norm 0.0
18:39 gram_schmidt: Removing vector 33 of norm 0.0
18:39 gram_schmidt: Removing vector 34 of norm 0.0
18:39 gram_schmidt: Removing vector 35 of norm 0.0
18:39 gram_schmidt: Removing vector 36 of norm 0.0
18:39 gram_schmidt: Removing vector 37 of norm 0.0
18:39 gram_schmidt: Removing vector 38 of norm 0.0
18:39 gram_schmidt: Removing vector 39 of norm 0.0
18:39 gram_schmidt: Removing vector 40 of norm 0.0
18:39 gram_schmidt: Removing vector 41 of norm 0.0
18:39 gram_schmidt: Removing vector 42 of norm 0.0
18:39 gram_schmidt: Removing vector 43 of norm 0.0
18:39 gram_schmidt: Removing vector 44 of norm 0.0
18:39 gram_schmidt: Removing vector 45 of norm 0.0
18:39 gram_schmidt: Removing vector 46 of norm 0.0
18:39 gram_schmidt: Removing vector 47 of norm 0.0
18:39 gram_schmidt: Removing vector 48 of norm 0.0
18:39 gram_schmidt: Removing vector 49 of norm 0.0
18:39 gram_schmidt: Removing vector 50 of norm 0.0
18:39 gram_schmidt: Removing vector 51 of norm 0.0
18:39 gram_schmidt: Removing vector 52 of norm 0.0
18:39 gram_schmidt: Removing vector 53 of norm 0.0
18:39 gram_schmidt: Removing vector 54 of norm 0.0
18:39 gram_schmidt: Removing vector 55 of norm 0.0
18:39 gram_schmidt: Removing vector 56 of norm 0.0
18:39 gram_schmidt: Removing vector 57 of norm 0.0
18:39 gram_schmidt: Removing vector 58 of norm 0.0
18:39 gram_schmidt: Removing vector 59 of norm 0.0
18:39 gram_schmidt: Removing vector 60 of norm 0.0
18:39 gram_schmidt: Removing vector 61 of norm 0.0
18:39 gram_schmidt: Removing vector 62 of norm 0.0
18:39 gram_schmidt: Removing vector 63 of norm 0.0
18:39 gram_schmidt: Removing vector 64 of norm 0.0
18:39 gram_schmidt: Removing vector 65 of norm 0.0
18:39 gram_schmidt: Removing vector 66 of norm 0.0
18:39 gram_schmidt: Removing vector 67 of norm 0.0
18:39 gram_schmidt: Removing vector 68 of norm 0.0
18:39 gram_schmidt: Removing vector 69 of norm 0.0
18:39 gram_schmidt: Removing vector 70 of norm 0.0
18:39 gram_schmidt: Removing vector 71 of norm 0.0
18:39 gram_schmidt: Removing vector 72 of norm 0.0
18:39 gram_schmidt: Removing vector 73 of norm 0.0
18:39 gram_schmidt: Removing vector 74 of norm 0.0
18:39 gram_schmidt: Removing vector 75 of norm 0.0
18:39 gram_schmidt: Removing vector 76 of norm 0.0
18:39 gram_schmidt: Removing vector 77 of norm 0.0
18:39 gram_schmidt: Removing vector 78 of norm 0.0
18:39 gram_schmidt: Removing vector 79 of norm 0.0
18:39 gram_schmidt: Removing vector 80 of norm 0.0
18:39 gram_schmidt: Removing vector 81 of norm 0.0
18:39 gram_schmidt: Removing vector 82 of norm 0.0
18:39 gram_schmidt: Removing vector 83 of norm 0.0
18:39 gram_schmidt: Removing vector 84 of norm 0.0
18:39 gram_schmidt: Removing vector 85 of norm 0.0
18:39 gram_schmidt: Removing vector 86 of norm 0.0
18:39 gram_schmidt: Removing vector 87 of norm 0.0
18:39 gram_schmidt: Removing vector 88 of norm 0.0
18:39 gram_schmidt: Removing vector 89 of norm 0.0
18:39 gram_schmidt: Removing vector 90 of norm 0.0
18:39 gram_schmidt: Removing vector 91 of norm 0.0
18:39 gram_schmidt: Removing vector 92 of norm 0.0
18:39 gram_schmidt: Removing vector 93 of norm 0.0
18:39 gram_schmidt: Removing vector 94 of norm 0.0
18:39 gram_schmidt: Removing vector 95 of norm 0.0
18:39 gram_schmidt: Removing vector 96 of norm 0.0
18:39 gram_schmidt: Removing vector 97 of norm 0.0
18:39 gram_schmidt: Removing vector 98 of norm 0.0
18:39 gram_schmidt: Removing vector 99 of norm 0.0
18:39 gram_schmidt: Removing vector 100 of norm 0.0
18:39 gram_schmidt: Removing vector 101 of norm 0.0
18:39 gram_schmidt: Removing vector 0 of norm 0.0
18:39 gram_schmidt: Removing vector 1 of norm 0.0
18:39 gram_schmidt: Removing vector 2 of norm 0.0
18:39 gram_schmidt: Removing vector 3 of norm 0.0
18:39 gram_schmidt: Removing vector 4 of norm 0.0
18:39 gram_schmidt: Removing vector 5 of norm 0.0
18:39 gram_schmidt: Removing vector 6 of norm 0.0
18:39 gram_schmidt: Removing vector 7 of norm 0.0
18:39 gram_schmidt: Removing vector 8 of norm 0.0
18:39 gram_schmidt: Removing vector 9 of norm 0.0
18:39 gram_schmidt: Removing vector 10 of norm 0.0
18:39 gram_schmidt: Removing vector 11 of norm 0.0
18:39 gram_schmidt: Removing vector 12 of norm 0.0
18:39 gram_schmidt: Removing vector 13 of norm 0.0
18:39 gram_schmidt: Removing vector 14 of norm 0.0
18:39 gram_schmidt: Removing vector 15 of norm 0.0
18:39 gram_schmidt: Removing vector 16 of norm 0.0
18:39 gram_schmidt: Removing vector 17 of norm 0.0
18:39 gram_schmidt: Removing vector 18 of norm 0.0
18:39 gram_schmidt: Removing vector 19 of norm 0.0
18:39 gram_schmidt: Removing vector 20 of norm 0.0
18:39 gram_schmidt: Removing vector 21 of norm 0.0
18:39 gram_schmidt: Removing vector 22 of norm 0.0
18:39 gram_schmidt: Removing vector 23 of norm 0.0
18:39 gram_schmidt: Removing vector 24 of norm 0.0
18:39 gram_schmidt: Removing vector 25 of norm 0.0
18:39 gram_schmidt: Removing vector 26 of norm 0.0
18:39 gram_schmidt: Removing vector 27 of norm 0.0
18:39 gram_schmidt: Removing vector 28 of norm 0.0
18:39 gram_schmidt: Removing vector 29 of norm 0.0
18:39 gram_schmidt: Removing vector 30 of norm 0.0
18:39 gram_schmidt: Removing vector 31 of norm 0.0
18:39 gram_schmidt: Removing vector 32 of norm 0.0
18:39 gram_schmidt: Removing vector 33 of norm 0.0
18:39 gram_schmidt: Removing vector 34 of norm 0.0
18:39 gram_schmidt: Removing vector 35 of norm 0.0
18:39 gram_schmidt: Removing vector 36 of norm 0.0
18:39 gram_schmidt: Removing vector 37 of norm 0.0
18:39 gram_schmidt: Removing vector 38 of norm 0.0
18:39 gram_schmidt: Removing vector 39 of norm 0.0
18:39 gram_schmidt: Removing vector 40 of norm 0.0
18:39 gram_schmidt: Removing vector 41 of norm 0.0
18:39 gram_schmidt: Removing vector 42 of norm 0.0
18:39 gram_schmidt: Removing vector 43 of norm 0.0
18:39 gram_schmidt: Removing vector 44 of norm 0.0
18:39 gram_schmidt: Removing vector 45 of norm 0.0
18:39 gram_schmidt: Removing vector 46 of norm 0.0
18:39 gram_schmidt: Removing vector 47 of norm 0.0
18:39 gram_schmidt: Removing vector 48 of norm 0.0
18:39 gram_schmidt: Removing vector 49 of norm 0.0
18:39 gram_schmidt: Removing vector 50 of norm 0.0
18:39 gram_schmidt: Removing vector 51 of norm 0.0
18:39 gram_schmidt: Removing vector 52 of norm 0.0
18:39 gram_schmidt: Removing vector 53 of norm 0.0
18:39 gram_schmidt: Removing vector 54 of norm 0.0
18:39 gram_schmidt: Removing vector 55 of norm 0.0
18:39 gram_schmidt: Removing vector 56 of norm 0.0
18:39 gram_schmidt: Removing vector 57 of norm 0.0
18:39 gram_schmidt: Removing vector 58 of norm 0.0
18:39 gram_schmidt: Removing vector 59 of norm 0.0
18:39 gram_schmidt: Removing vector 60 of norm 0.0
18:39 gram_schmidt: Removing vector 61 of norm 0.0
18:39 gram_schmidt: Removing vector 62 of norm 0.0
18:39 gram_schmidt: Removing vector 63 of norm 0.0
18:39 gram_schmidt: Removing vector 64 of norm 0.0
18:39 gram_schmidt: Removing vector 65 of norm 0.0
18:39 gram_schmidt: Removing vector 66 of norm 0.0
18:39 gram_schmidt: Removing vector 67 of norm 0.0
18:39 gram_schmidt: Removing vector 68 of norm 0.0
18:39 gram_schmidt: Removing vector 69 of norm 0.0
18:39 gram_schmidt: Removing vector 70 of norm 0.0
18:39 gram_schmidt: Removing vector 71 of norm 0.0
18:39 gram_schmidt: Removing vector 72 of norm 0.0
18:39 gram_schmidt: Removing vector 73 of norm 0.0
18:39 gram_schmidt: Removing vector 74 of norm 0.0
18:39 gram_schmidt: Removing vector 75 of norm 0.0
18:39 gram_schmidt: Removing vector 76 of norm 0.0
18:39 gram_schmidt: Removing vector 77 of norm 0.0
18:39 gram_schmidt: Removing vector 78 of norm 0.0
18:39 gram_schmidt: Removing vector 79 of norm 0.0
18:39 gram_schmidt: Removing vector 80 of norm 0.0
18:39 gram_schmidt: Removing vector 81 of norm 0.0
18:39 gram_schmidt: Removing vector 82 of norm 0.0
18:39 gram_schmidt: Removing vector 83 of norm 0.0
18:39 gram_schmidt: Removing vector 84 of norm 0.0
18:39 gram_schmidt: Removing vector 85 of norm 0.0
18:39 gram_schmidt: Removing vector 86 of norm 0.0
18:39 gram_schmidt: Removing vector 87 of norm 0.0
18:39 gram_schmidt: Removing vector 88 of norm 0.0
18:39 gram_schmidt: Removing vector 89 of norm 0.0
18:39 gram_schmidt: Removing vector 90 of norm 0.0
18:39 gram_schmidt: Removing vector 91 of norm 0.0
18:39 gram_schmidt: Removing vector 92 of norm 0.0
18:39 gram_schmidt: Removing vector 93 of norm 0.0
18:39 gram_schmidt: Removing vector 94 of norm 0.0
18:39 gram_schmidt: Removing vector 95 of norm 0.0
18:39 gram_schmidt: Removing vector 96 of norm 0.0
18:39 gram_schmidt: Removing vector 97 of norm 0.0
18:39 gram_schmidt: Removing vector 98 of norm 0.0
18:39 gram_schmidt: Removing vector 99 of norm 0.0
18:39 gram_schmidt: Removing vector 100 of norm 0.0
18:39 gram_schmidt: Removing vector 101 of norm 0.0
</system-err></testcase><testcase classname="src.pymortests.algorithms.gram_schmidt" file="src/pymortests/algorithms/gram_schmidt.py" line="12" name="test_gram_schmidt[0-&lt;lambda&gt;5]" time="0.002609729766845703"></testcase><testcase classname="src.pymortests.algorithms.gram_schmidt" file="src/pymortests/algorithms/gram_schmidt.py" line="12" name="test_gram_schmidt[0-&lt;lambda&gt;6]" time="0.0019218921661376953"></testcase><testcase classname="src.pymortests.algorithms.gram_schmidt" file="src/pymortests/algorithms/gram_schmidt.py" line="12" name="test_gram_schmidt[0-&lt;lambda&gt;7]" time="0.002391338348388672"></testcase><testcase classname="src.pymortests.algorithms.gram_schmidt" file="src/pymortests/algorithms/gram_schmidt.py" line="12" name="test_gram_schmidt[0-&lt;lambda&gt;8]" time="0.2195899486541748"><system-err>18:39 gram_schmidt: Orthonormalizing vector 31 again
18:39 gram_schmidt: Removing linearly dependent vector 32
18:39 gram_schmidt: Removing linearly dependent vector 33
18:40 gram_schmidt: Removing linearly dependent vector 34
18:40 gram_schmidt: Removing linearly dependent vector 35
18:40 gram_schmidt: Removing linearly dependent vector 36
18:40 gram_schmidt: Removing linearly dependent vector 37
18:40 gram_schmidt: Removing linearly dependent vector 38
18:40 gram_schmidt: Removing linearly dependent vector 39
18:40 gram_schmidt: Removing linearly dependent vector 40
18:40 gram_schmidt: Removing linearly dependent vector 41
18:40 gram_schmidt: Removing linearly dependent vector 42
18:40 gram_schmidt: Orthonormalizing vector 31 again
18:40 gram_schmidt: Removing linearly dependent vector 32
18:40 gram_schmidt: Removing linearly dependent vector 33
18:40 gram_schmidt: Removing linearly dependent vector 34
18:40 gram_schmidt: Removing linearly dependent vector 35
18:40 gram_schmidt: Removing linearly dependent vector 36
18:40 gram_schmidt: Removing linearly dependent vector 37
18:40 gram_schmidt: Removing linearly dependent vector 38
18:40 gram_schmidt: Removing linearly dependent vector 39
18:40 gram_schmidt: Removing linearly dependent vector 40
18:40 gram_schmidt: Removing linearly dependent vector 41
18:40 gram_schmidt: Removing linearly dependent vector 42
</system-err></testcase><testcase classname="src.pymortests.algorithms.gram_schmidt" file="src/pymortests/algorithms/gram_schmidt.py" line="12" name="test_gram_schmidt[0-&lt;lambda&gt;9]" time="0.028629541397094727"><system-err>18:40 gram_schmidt: Removing vector 0 of norm 0.0
18:40 gram_schmidt: Removing vector 1 of norm 0.0
18:40 gram_schmidt: Removing vector 2 of norm 0.0
18:40 gram_schmidt: Removing vector 3 of norm 0.0
18:40 gram_schmidt: Removing vector 4 of norm 0.0
18:40 gram_schmidt: Removing vector 5 of norm 0.0
18:40 gram_schmidt: Removing vector 6 of norm 0.0
18:40 gram_schmidt: Removing vector 7 of norm 0.0
18:40 gram_schmidt: Removing vector 8 of norm 0.0
18:40 gram_schmidt: Removing vector 9 of norm 0.0
18:40 gram_schmidt: Removing vector 10 of norm 0.0
18:40 gram_schmidt: Removing vector 11 of norm 0.0
18:40 gram_schmidt: Removing vector 12 of norm 0.0
18:40 gram_schmidt: Removing vector 13 of norm 0.0
18:40 gram_schmidt: Removing vector 14 of norm 0.0
18:40 gram_schmidt: Removing vector 15 of norm 0.0
18:40 gram_schmidt: Removing vector 16 of norm 0.0
18:40 gram_schmidt: Removing vector 17 of norm 0.0
18:40 gram_schmidt: Removing vector 18 of norm 0.0
18:40 gram_schmidt: Removing vector 19 of norm 0.0
18:40 gram_schmidt: Removing vector 20 of norm 0.0
18:40 gram_schmidt: Removing vector 21 of norm 0.0
18:40 gram_schmidt: Removing vector 22 of norm 0.0
18:40 gram_schmidt: Removing vector 23 of norm 0.0
18:40 gram_schmidt: Removing vector 24 of norm 0.0
18:40 gram_schmidt: Removing vector 25 of norm 0.0
18:40 gram_schmidt: Removing vector 26 of norm 0.0
18:40 gram_schmidt: Removing vector 27 of norm 0.0
18:40 gram_schmidt: Removing vector 28 of norm 0.0
18:40 gram_schmidt: Removing vector 29 of norm 0.0
18:40 gram_schmidt: Removing vector 30 of norm 0.0
18:40 gram_schmidt: Removing vector 31 of norm 0.0
18:40 gram_schmidt: Removing vector 32 of norm 0.0
18:40 gram_schmidt: Removing vector 33 of norm 0.0
18:40 gram_schmidt: Removing vector 34 of norm 0.0
18:40 gram_schmidt: Removing vector 35 of norm 0.0
18:40 gram_schmidt: Removing vector 36 of norm 0.0
18:40 gram_schmidt: Removing vector 37 of norm 0.0
18:40 gram_schmidt: Removing vector 38 of norm 0.0
18:40 gram_schmidt: Removing vector 39 of norm 0.0
18:40 gram_schmidt: Removing vector 40 of norm 0.0
18:40 gram_schmidt: Removing vector 41 of norm 0.0
18:40 gram_schmidt: Removing vector 42 of norm 0.0
18:40 gram_schmidt: Removing vector 43 of norm 0.0
18:40 gram_schmidt: Removing vector 44 of norm 0.0
18:40 gram_schmidt: Removing vector 45 of norm 0.0
18:40 gram_schmidt: Removing vector 46 of norm 0.0
18:40 gram_schmidt: Removing vector 47 of norm 0.0
18:40 gram_schmidt: Removing vector 48 of norm 0.0
18:40 gram_schmidt: Removing vector 49 of norm 0.0
18:40 gram_schmidt: Removing vector 50 of norm 0.0
18:40 gram_schmidt: Removing vector 51 of norm 0.0
18:40 gram_schmidt: Removing vector 52 of norm 0.0
18:40 gram_schmidt: Removing vector 53 of norm 0.0
18:40 gram_schmidt: Removing vector 54 of norm 0.0
18:40 gram_schmidt: Removing vector 55 of norm 0.0
18:40 gram_schmidt: Removing vector 56 of norm 0.0
18:40 gram_schmidt: Removing vector 57 of norm 0.0
18:40 gram_schmidt: Removing vector 58 of norm 0.0
18:40 gram_schmidt: Removing vector 59 of norm 0.0
18:40 gram_schmidt: Removing vector 60 of norm 0.0
18:40 gram_schmidt: Removing vector 61 of norm 0.0
18:40 gram_schmidt: Removing vector 62 of norm 0.0
18:40 gram_schmidt: Removing vector 63 of norm 0.0
18:40 gram_schmidt: Removing vector 64 of norm 0.0
18:40 gram_schmidt: Removing vector 65 of norm 0.0
18:40 gram_schmidt: Removing vector 66 of norm 0.0
18:40 gram_schmidt: Removing vector 67 of norm 0.0
18:40 gram_schmidt: Removing vector 68 of norm 0.0
18:40 gram_schmidt: Removing vector 69 of norm 0.0
18:40 gram_schmidt: Removing vector 70 of norm 0.0
18:40 gram_schmidt: Removing vector 71 of norm 0.0
18:40 gram_schmidt: Removing vector 72 of norm 0.0
18:40 gram_schmidt: Removing vector 73 of norm 0.0
18:40 gram_schmidt: Removing vector 74 of norm 0.0
18:40 gram_schmidt: Removing vector 75 of norm 0.0
18:40 gram_schmidt: Removing vector 76 of norm 0.0
18:40 gram_schmidt: Removing vector 77 of norm 0.0
18:40 gram_schmidt: Removing vector 78 of norm 0.0
18:40 gram_schmidt: Removing vector 79 of norm 0.0
18:40 gram_schmidt: Removing vector 80 of norm 0.0
18:40 gram_schmidt: Removing vector 81 of norm 0.0
18:40 gram_schmidt: Removing vector 82 of norm 0.0
18:40 gram_schmidt: Removing vector 83 of norm 0.0
18:40 gram_schmidt: Removing vector 84 of norm 0.0
18:40 gram_schmidt: Removing vector 85 of norm 0.0
18:40 gram_schmidt: Removing vector 86 of norm 0.0
18:40 gram_schmidt: Removing vector 87 of norm 0.0
18:40 gram_schmidt: Removing vector 88 of norm 0.0
18:40 gram_schmidt: Removing vector 89 of norm 0.0
18:40 gram_schmidt: Removing vector 90 of norm 0.0
18:40 gram_schmidt: Removing vector 91 of norm 0.0
18:40 gram_schmidt: Removing vector 92 of norm 0.0
18:40 gram_schmidt: Removing vector 93 of norm 0.0
18:40 gram_schmidt: Removing vector 94 of norm 0.0
18:40 gram_schmidt: Removing vector 95 of norm 0.0
18:40 gram_schmidt: Removing vector 96 of norm 0.0
18:40 gram_schmidt: Removing vector 97 of norm 0.0
18:40 gram_schmidt: Removing vector 98 of norm 0.0
18:40 gram_schmidt: Removing vector 99 of norm 0.0
18:40 gram_schmidt: Removing vector 100 of norm 0.0
18:40 gram_schmidt: Removing vector 101 of norm 0.0
18:40 gram_schmidt: Removing vector 0 of norm 0.0
18:40 gram_schmidt: Removing vector 1 of norm 0.0
18:40 gram_schmidt: Removing vector 2 of norm 0.0
18:40 gram_schmidt: Removing vector 3 of norm 0.0
18:40 gram_schmidt: Removing vector 4 of norm 0.0
18:40 gram_schmidt: Removing vector 5 of norm 0.0
18:40 gram_schmidt: Removing vector 6 of norm 0.0
18:40 gram_schmidt: Removing vector 7 of norm 0.0
18:40 gram_schmidt: Removing vector 8 of norm 0.0
18:40 gram_schmidt: Removing vector 9 of norm 0.0
18:40 gram_schmidt: Removing vector 10 of norm 0.0
18:40 gram_schmidt: Removing vector 11 of norm 0.0
18:40 gram_schmidt: Removing vector 12 of norm 0.0
18:40 gram_schmidt: Removing vector 13 of norm 0.0
18:40 gram_schmidt: Removing vector 14 of norm 0.0
18:40 gram_schmidt: Removing vector 15 of norm 0.0
18:40 gram_schmidt: Removing vector 16 of norm 0.0
18:40 gram_schmidt: Removing vector 17 of norm 0.0
18:40 gram_schmidt: Removing vector 18 of norm 0.0
18:40 gram_schmidt: Removing vector 19 of norm 0.0
18:40 gram_schmidt: Removing vector 20 of norm 0.0
18:40 gram_schmidt: Removing vector 21 of norm 0.0
18:40 gram_schmidt: Removing vector 22 of norm 0.0
18:40 gram_schmidt: Removing vector 23 of norm 0.0
18:40 gram_schmidt: Removing vector 24 of norm 0.0
18:40 gram_schmidt: Removing vector 25 of norm 0.0
18:40 gram_schmidt: Removing vector 26 of norm 0.0
18:40 gram_schmidt: Removing vector 27 of norm 0.0
18:40 gram_schmidt: Removing vector 28 of norm 0.0
18:40 gram_schmidt: Removing vector 29 of norm 0.0
18:40 gram_schmidt: Removing vector 30 of norm 0.0
18:40 gram_schmidt: Removing vector 31 of norm 0.0
18:40 gram_schmidt: Removing vector 32 of norm 0.0
18:40 gram_schmidt: Removing vector 33 of norm 0.0
18:40 gram_schmidt: Removing vector 34 of norm 0.0
18:40 gram_schmidt: Removing vector 35 of norm 0.0
18:40 gram_schmidt: Removing vector 36 of norm 0.0
18:40 gram_schmidt: Removing vector 37 of norm 0.0
18:40 gram_schmidt: Removing vector 38 of norm 0.0
18:40 gram_schmidt: Removing vector 39 of norm 0.0
18:40 gram_schmidt: Removing vector 40 of norm 0.0
18:40 gram_schmidt: Removing vector 41 of norm 0.0
18:40 gram_schmidt: Removing vector 42 of norm 0.0
18:40 gram_schmidt: Removing vector 43 of norm 0.0
18:40 gram_schmidt: Removing vector 44 of norm 0.0
18:40 gram_schmidt: Removing vector 45 of norm 0.0
18:40 gram_schmidt: Removing vector 46 of norm 0.0
18:40 gram_schmidt: Removing vector 47 of norm 0.0
18:40 gram_schmidt: Removing vector 48 of norm 0.0
18:40 gram_schmidt: Removing vector 49 of norm 0.0
18:40 gram_schmidt: Removing vector 50 of norm 0.0
18:40 gram_schmidt: Removing vector 51 of norm 0.0
18:40 gram_schmidt: Removing vector 52 of norm 0.0
18:40 gram_schmidt: Removing vector 53 of norm 0.0
18:40 gram_schmidt: Removing vector 54 of norm 0.0
18:40 gram_schmidt: Removing vector 55 of norm 0.0
18:40 gram_schmidt: Removing vector 56 of norm 0.0
18:40 gram_schmidt: Removing vector 57 of norm 0.0
18:40 gram_schmidt: Removing vector 58 of norm 0.0
18:40 gram_schmidt: Removing vector 59 of norm 0.0
18:40 gram_schmidt: Removing vector 60 of norm 0.0
18:40 gram_schmidt: Removing vector 61 of norm 0.0
18:40 gram_schmidt: Removing vector 62 of norm 0.0
18:40 gram_schmidt: Removing vector 63 of norm 0.0
18:40 gram_schmidt: Removing vector 64 of norm 0.0
18:40 gram_schmidt: Removing vector 65 of norm 0.0
18:40 gram_schmidt: Removing vector 66 of norm 0.0
18:40 gram_schmidt: Removing vector 67 of norm 0.0
18:40 gram_schmidt: Removing vector 68 of norm 0.0
18:40 gram_schmidt: Removing vector 69 of norm 0.0
18:40 gram_schmidt: Removing vector 70 of norm 0.0
18:40 gram_schmidt: Removing vector 71 of norm 0.0
18:40 gram_schmidt: Removing vector 72 of norm 0.0
18:40 gram_schmidt: Removing vector 73 of norm 0.0
18:40 gram_schmidt: Removing vector 74 of norm 0.0
18:40 gram_schmidt: Removing vector 75 of norm 0.0
18:40 gram_schmidt: Removing vector 76 of norm 0.0
18:40 gram_schmidt: Removing vector 77 of norm 0.0
18:40 gram_schmidt: Removing vector 78 of norm 0.0
18:40 gram_schmidt: Removing vector 79 of norm 0.0
18:40 gram_schmidt: Removing vector 80 of norm 0.0
18:40 gram_schmidt: Removing vector 81 of norm 0.0
18:40 gram_schmidt: Removing vector 82 of norm 0.0
18:40 gram_schmidt: Removing vector 83 of norm 0.0
18:40 gram_schmidt: Removing vector 84 of norm 0.0
18:40 gram_schmidt: Removing vector 85 of norm 0.0
18:40 gram_schmidt: Removing vector 86 of norm 0.0
18:40 gram_schmidt: Removing vector 87 of norm 0.0
18:40 gram_schmidt: Removing vector 88 of norm 0.0
18:40 gram_schmidt: Removing vector 89 of norm 0.0
18:40 gram_schmidt: Removing vector 90 of norm 0.0
18:40 gram_schmidt: Removing vector 91 of norm 0.0
18:40 gram_schmidt: Removing vector 92 of norm 0.0
18:40 gram_schmidt: Removing vector 93 of norm 0.0
18:40 gram_schmidt: Removing vector 94 of norm 0.0
18:40 gram_schmidt: Removing vector 95 of norm 0.0
18:40 gram_schmidt: Removing vector 96 of norm 0.0
18:40 gram_schmidt: Removing vector 97 of norm 0.0
18:40 gram_schmidt: Removing vector 98 of norm 0.0
18:40 gram_schmidt: Removing vector 99 of norm 0.0
18:40 gram_schmidt: Removing vector 100 of norm 0.0
18:40 gram_schmidt: Removing vector 101 of norm 0.0
</system-err></testcase><testcase classname="src.pymortests.algorithms.gram_schmidt" file="src/pymortests/algorithms/gram_schmidt.py" line="12" name="test_gram_schmidt[0-&lt;lambda&gt;10]" time="0.003446340560913086"></testcase><testcase classname="src.pymortests.algorithms.gram_schmidt" file="src/pymortests/algorithms/gram_schmidt.py" line="12" name="test_gram_schmidt[0-&lt;lambda&gt;11]" time="0.006672859191894531"><system-err>18:40 gram_schmidt: Removing linearly dependent vector 3
18:40 gram_schmidt: Removing linearly dependent vector 3
</system-err></testcase><testcase classname="src.pymortests.algorithms.gram_schmidt" file="src/pymortests/algorithms/gram_schmidt.py" line="12" name="test_gram_schmidt[0-&lt;lambda&gt;12]" time="0.003778219223022461"><system-err>18:40 gram_schmidt: Removing vector 0 of norm 0.0
18:40 gram_schmidt: Removing vector 1 of norm 0.0
18:40 gram_schmidt: Removing vector 2 of norm 0.0
18:40 gram_schmidt: Removing vector 0 of norm 0.0
18:40 gram_schmidt: Removing vector 1 of norm 0.0
18:40 gram_schmidt: Removing vector 2 of norm 0.0
</system-err></testcase><testcase classname="src.pymortests.algorithms.gram_schmidt" file="src/pymortests/algorithms/gram_schmidt.py" line="12" name="test_gram_schmidt[0-&lt;lambda&gt;13]" time="0.002662181854248047"></testcase><testcase classname="src.pymortests.algorithms.gram_schmidt" file="src/pymortests/algorithms/gram_schmidt.py" line="12" name="test_gram_schmidt[0-&lt;lambda&gt;14]" time="0.005300760269165039"></testcase><testcase classname="src.pymortests.algorithms.gram_schmidt" file="src/pymortests/algorithms/gram_schmidt.py" line="12" name="test_gram_schmidt[0-&lt;lambda&gt;15]" time="0.4273111820220947"><system-err>18:40 gram_schmidt: Removing linearly dependent vector 36
18:40 gram_schmidt: Removing linearly dependent vector 37
18:40 gram_schmidt: Removing linearly dependent vector 38
18:40 gram_schmidt: Removing linearly dependent vector 39
18:40 gram_schmidt: Removing linearly dependent vector 40
18:40 gram_schmidt: Removing linearly dependent vector 41
18:40 gram_schmidt: Removing linearly dependent vector 42
18:40 gram_schmidt: Removing linearly dependent vector 36
18:40 gram_schmidt: Removing linearly dependent vector 37
18:40 gram_schmidt: Removing linearly dependent vector 38
18:40 gram_schmidt: Removing linearly dependent vector 39
18:40 gram_schmidt: Removing linearly dependent vector 40
18:40 gram_schmidt: Removing linearly dependent vector 41
18:40 gram_schmidt: Removing linearly dependent vector 42
</system-err></testcase><testcase classname="src.pymortests.algorithms.gram_schmidt" file="src/pymortests/algorithms/gram_schmidt.py" line="12" name="test_gram_schmidt[0-&lt;lambda&gt;16]" time="0.20876169204711914"><system-err>18:40 gram_schmidt: Removing linearly dependent vector 3
18:40 gram_schmidt: Removing linearly dependent vector 4
18:40 gram_schmidt: Removing linearly dependent vector 5
18:40 gram_schmidt: Removing linearly dependent vector 6
18:40 gram_schmidt: Removing linearly dependent vector 7
18:40 gram_schmidt: Removing linearly dependent vector 8
18:40 gram_schmidt: Removing linearly dependent vector 9
18:40 gram_schmidt: Removing linearly dependent vector 10
18:40 gram_schmidt: Removing linearly dependent vector 11
18:40 gram_schmidt: Removing linearly dependent vector 12
18:40 gram_schmidt: Removing linearly dependent vector 13
18:40 gram_schmidt: Removing linearly dependent vector 14
18:40 gram_schmidt: Removing linearly dependent vector 15
18:40 gram_schmidt: Removing linearly dependent vector 16
18:40 gram_schmidt: Removing linearly dependent vector 17
18:40 gram_schmidt: Removing linearly dependent vector 18
18:40 gram_schmidt: Removing linearly dependent vector 19
18:40 gram_schmidt: Removing linearly dependent vector 20
18:40 gram_schmidt: Removing linearly dependent vector 21
18:40 gram_schmidt: Removing linearly dependent vector 22
18:40 gram_schmidt: Removing linearly dependent vector 23
18:40 gram_schmidt: Removing linearly dependent vector 24
18:40 gram_schmidt: Removing linearly dependent vector 25
18:40 gram_schmidt: Removing linearly dependent vector 26
18:40 gram_schmidt: Removing linearly dependent vector 27
18:40 gram_schmidt: Removing linearly dependent vector 28
18:40 gram_schmidt: Removing linearly dependent vector 29
18:40 gram_schmidt: Removing linearly dependent vector 30
18:40 gram_schmidt: Removing linearly dependent vector 31
18:40 gram_schmidt: Removing linearly dependent vector 32
18:40 gram_schmidt: Removing linearly dependent vector 33
18:40 gram_schmidt: Removing linearly dependent vector 34
18:40 gram_schmidt: Removing linearly dependent vector 35
18:40 gram_schmidt: Removing linearly dependent vector 36
18:40 gram_schmidt: Removing linearly dependent vector 37
18:40 gram_schmidt: Removing linearly dependent vector 38
18:40 gram_schmidt: Removing linearly dependent vector 39
18:40 gram_schmidt: Removing linearly dependent vector 40
18:40 gram_schmidt: Removing linearly dependent vector 41
18:40 gram_schmidt: Removing linearly dependent vector 42
18:40 gram_schmidt: Removing linearly dependent vector 43
18:40 gram_schmidt: Removing linearly dependent vector 44
18:40 gram_schmidt: Removing linearly dependent vector 45
18:40 gram_schmidt: Removing linearly dependent vector 46
18:40 gram_schmidt: Removing linearly dependent vector 47
18:40 gram_schmidt: Removing linearly dependent vector 48
18:40 gram_schmidt: Removing linearly dependent vector 49
18:40 gram_schmidt: Removing linearly dependent vector 50
18:40 gram_schmidt: Removing linearly dependent vector 51
18:40 gram_schmidt: Removing linearly dependent vector 52
18:40 gram_schmidt: Removing linearly dependent vector 53
18:40 gram_schmidt: Removing linearly dependent vector 54
18:40 gram_schmidt: Removing linearly dependent vector 55
18:40 gram_schmidt: Removing linearly dependent vector 56
18:40 gram_schmidt: Removing linearly dependent vector 57
18:40 gram_schmidt: Removing linearly dependent vector 58
18:40 gram_schmidt: Removing linearly dependent vector 59
18:40 gram_schmidt: Removing linearly dependent vector 60
18:40 gram_schmidt: Removing linearly dependent vector 61
18:40 gram_schmidt: Removing linearly dependent vector 62
18:40 gram_schmidt: Removing linearly dependent vector 63
18:40 gram_schmidt: Removing linearly dependent vector 64
18:40 gram_schmidt: Removing linearly dependent vector 65
18:40 gram_schmidt: Removing linearly dependent vector 66
18:40 gram_schmidt: Removing linearly dependent vector 67
18:40 gram_schmidt: Removing linearly dependent vector 68
18:40 gram_schmidt: Removing linearly dependent vector 69
18:40 gram_schmidt: Removing linearly dependent vector 70
18:40 gram_schmidt: Removing linearly dependent vector 71
18:40 gram_schmidt: Removing linearly dependent vector 72
18:40 gram_schmidt: Removing linearly dependent vector 73
18:40 gram_schmidt: Removing linearly dependent vector 74
18:40 gram_schmidt: Removing linearly dependent vector 75
18:40 gram_schmidt: Removing linearly dependent vector 76
18:40 gram_schmidt: Removing linearly dependent vector 77
18:40 gram_schmidt: Removing linearly dependent vector 78
18:40 gram_schmidt: Removing linearly dependent vector 79
18:40 gram_schmidt: Removing linearly dependent vector 80
18:40 gram_schmidt: Removing linearly dependent vector 81
18:40 gram_schmidt: Removing linearly dependent vector 82
18:40 gram_schmidt: Removing linearly dependent vector 83
18:40 gram_schmidt: Removing linearly dependent vector 84
18:40 gram_schmidt: Removing linearly dependent vector 85
18:40 gram_schmidt: Removing linearly dependent vector 86
18:40 gram_schmidt: Removing linearly dependent vector 87
18:40 gram_schmidt: Removing linearly dependent vector 88
18:40 gram_schmidt: Removing linearly dependent vector 89
18:40 gram_schmidt: Removing linearly dependent vector 90
18:40 gram_schmidt: Removing linearly dependent vector 91
18:40 gram_schmidt: Removing linearly dependent vector 92
18:40 gram_schmidt: Removing linearly dependent vector 93
18:40 gram_schmidt: Removing linearly dependent vector 94
18:40 gram_schmidt: Removing linearly dependent vector 95
18:40 gram_schmidt: Removing linearly dependent vector 96
18:40 gram_schmidt: Removing linearly dependent vector 97
18:40 gram_schmidt: Removing linearly dependent vector 98
18:40 gram_schmidt: Removing linearly dependent vector 99
18:40 gram_schmidt: Removing linearly dependent vector 100
18:40 gram_schmidt: Removing linearly dependent vector 101
18:40 gram_schmidt: Removing linearly dependent vector 3
18:40 gram_schmidt: Removing linearly dependent vector 4
18:40 gram_schmidt: Removing linearly dependent vector 5
18:40 gram_schmidt: Removing linearly dependent vector 6
18:40 gram_schmidt: Removing linearly dependent vector 7
18:40 gram_schmidt: Removing linearly dependent vector 8
18:40 gram_schmidt: Removing linearly dependent vector 9
18:40 gram_schmidt: Removing linearly dependent vector 10
18:40 gram_schmidt: Removing linearly dependent vector 11
18:40 gram_schmidt: Removing linearly dependent vector 12
18:40 gram_schmidt: Removing linearly dependent vector 13
18:40 gram_schmidt: Removing linearly dependent vector 14
18:40 gram_schmidt: Removing linearly dependent vector 15
18:40 gram_schmidt: Removing linearly dependent vector 16
18:40 gram_schmidt: Removing linearly dependent vector 17
18:40 gram_schmidt: Removing linearly dependent vector 18
18:40 gram_schmidt: Removing linearly dependent vector 19
18:40 gram_schmidt: Removing linearly dependent vector 20
18:40 gram_schmidt: Removing linearly dependent vector 21
18:40 gram_schmidt: Removing linearly dependent vector 22
18:40 gram_schmidt: Removing linearly dependent vector 23
18:40 gram_schmidt: Removing linearly dependent vector 24
18:40 gram_schmidt: Removing linearly dependent vector 25
18:40 gram_schmidt: Removing linearly dependent vector 26
18:40 gram_schmidt: Removing linearly dependent vector 27
18:40 gram_schmidt: Removing linearly dependent vector 28
18:40 gram_schmidt: Removing linearly dependent vector 29
18:40 gram_schmidt: Removing linearly dependent vector 30
18:40 gram_schmidt: Removing linearly dependent vector 31
18:40 gram_schmidt: Removing linearly dependent vector 32
18:40 gram_schmidt: Removing linearly dependent vector 33
18:40 gram_schmidt: Removing linearly dependent vector 34
18:40 gram_schmidt: Removing linearly dependent vector 35
18:40 gram_schmidt: Removing linearly dependent vector 36
18:40 gram_schmidt: Removing linearly dependent vector 37
18:40 gram_schmidt: Removing linearly dependent vector 38
18:40 gram_schmidt: Removing linearly dependent vector 39
18:40 gram_schmidt: Removing linearly dependent vector 40
18:40 gram_schmidt: Removing linearly dependent vector 41
18:40 gram_schmidt: Removing linearly dependent vector 42
18:40 gram_schmidt: Removing linearly dependent vector 43
18:40 gram_schmidt: Removing linearly dependent vector 44
18:40 gram_schmidt: Removing linearly dependent vector 45
18:40 gram_schmidt: Removing linearly dependent vector 46
18:40 gram_schmidt: Removing linearly dependent vector 47
18:40 gram_schmidt: Removing linearly dependent vector 48
18:40 gram_schmidt: Removing linearly dependent vector 49
18:40 gram_schmidt: Removing linearly dependent vector 50
18:40 gram_schmidt: Removing linearly dependent vector 51
18:40 gram_schmidt: Removing linearly dependent vector 52
18:40 gram_schmidt: Removing linearly dependent vector 53
18:40 gram_schmidt: Removing linearly dependent vector 54
18:40 gram_schmidt: Removing linearly dependent vector 55
18:40 gram_schmidt: Removing linearly dependent vector 56
18:40 gram_schmidt: Removing linearly dependent vector 57
18:40 gram_schmidt: Removing linearly dependent vector 58
18:40 gram_schmidt: Removing linearly dependent vector 59
18:40 gram_schmidt: Removing linearly dependent vector 60
18:40 gram_schmidt: Removing linearly dependent vector 61
18:40 gram_schmidt: Removing linearly dependent vector 62
18:40 gram_schmidt: Removing linearly dependent vector 63
18:40 gram_schmidt: Removing linearly dependent vector 64
18:40 gram_schmidt: Removing linearly dependent vector 65
18:40 gram_schmidt: Removing linearly dependent vector 66
18:40 gram_schmidt: Removing linearly dependent vector 67
18:40 gram_schmidt: Removing linearly dependent vector 68
18:40 gram_schmidt: Removing linearly dependent vector 69
18:40 gram_schmidt: Removing linearly dependent vector 70
18:40 gram_schmidt: Removing linearly dependent vector 71
18:40 gram_schmidt: Removing linearly dependent vector 72
18:40 gram_schmidt: Removing linearly dependent vector 73
18:40 gram_schmidt: Removing linearly dependent vector 74
18:40 gram_schmidt: Removing linearly dependent vector 75
18:40 gram_schmidt: Removing linearly dependent vector 76
18:40 gram_schmidt: Removing linearly dependent vector 77
18:40 gram_schmidt: Removing linearly dependent vector 78
18:40 gram_schmidt: Removing linearly dependent vector 79
18:40 gram_schmidt: Removing linearly dependent vector 80
18:40 gram_schmidt: Removing linearly dependent vector 81
18:40 gram_schmidt: Removing linearly dependent vector 82
18:40 gram_schmidt: Removing linearly dependent vector 83
18:40 gram_schmidt: Removing linearly dependent vector 84
18:40 gram_schmidt: Removing linearly dependent vector 85
18:40 gram_schmidt: Removing linearly dependent vector 86
18:40 gram_schmidt: Removing linearly dependent vector 87
18:40 gram_schmidt: Removing linearly dependent vector 88
18:40 gram_schmidt: Removing linearly dependent vector 89
18:40 gram_schmidt: Removing linearly dependent vector 90
18:40 gram_schmidt: Removing linearly dependent vector 91
18:40 gram_schmidt: Removing linearly dependent vector 92
18:40 gram_schmidt: Removing linearly dependent vector 93
18:40 gram_schmidt: Removing linearly dependent vector 94
18:40 gram_schmidt: Removing linearly dependent vector 95
18:40 gram_schmidt: Removing linearly dependent vector 96
18:40 gram_schmidt: Removing linearly dependent vector 97
18:40 gram_schmidt: Removing linearly dependent vector 98
18:40 gram_schmidt: Removing linearly dependent vector 99
18:40 gram_schmidt: Removing linearly dependent vector 100
18:40 gram_schmidt: Removing linearly dependent vector 101
</system-err></testcase><testcase classname="src.pymortests.algorithms.gram_schmidt" file="src/pymortests/algorithms/gram_schmidt.py" line="12" name="test_gram_schmidt[0-&lt;lambda&gt;17]" time="0.0033359527587890625"></testcase><testcase classname="src.pymortests.algorithms.gram_schmidt" file="src/pymortests/algorithms/gram_schmidt.py" line="12" name="test_gram_schmidt[0-&lt;lambda&gt;18]" time="0.0025331974029541016"></testcase><testcase classname="src.pymortests.algorithms.gram_schmidt" file="src/pymortests/algorithms/gram_schmidt.py" line="12" name="test_gram_schmidt[0-&lt;lambda&gt;19]" time="0.0048940181732177734"></testcase><testcase classname="src.pymortests.algorithms.gram_schmidt" file="src/pymortests/algorithms/gram_schmidt.py" line="12" name="test_gram_schmidt[0-&lt;lambda&gt;20]" time="0.2960550785064697"></testcase><testcase classname="src.pymortests.algorithms.gram_schmidt" file="src/pymortests/algorithms/gram_schmidt.py" line="12" name="test_gram_schmidt[0-&lt;lambda&gt;21]" time="1.5988736152648926"></testcase><testcase classname="src.pymortests.algorithms.gram_schmidt" file="src/pymortests/algorithms/gram_schmidt.py" line="12" name="test_gram_schmidt[0-&lt;lambda&gt;22]" time="0.0031096935272216797"></testcase><testcase classname="src.pymortests.algorithms.gram_schmidt" file="src/pymortests/algorithms/gram_schmidt.py" line="12" name="test_gram_schmidt[0-&lt;lambda&gt;23]" time="0.0020575523376464844"></testcase><testcase classname="src.pymortests.algorithms.gram_schmidt" file="src/pymortests/algorithms/gram_schmidt.py" line="12" name="test_gram_schmidt[0-&lt;lambda&gt;24]" time="0.008375406265258789"></testcase><testcase classname="src.pymortests.algorithms.gram_schmidt" file="src/pymortests/algorithms/gram_schmidt.py" line="12" name="test_gram_schmidt[0-&lt;lambda&gt;25]" time="0.45430803298950195"><system-err>18:42 gram_schmidt: Orthonormalizing vector 31 again
18:42 gram_schmidt: Removing linearly dependent vector 32
18:42 gram_schmidt: Removing linearly dependent vector 33
18:42 gram_schmidt: Removing linearly dependent vector 34
18:42 gram_schmidt: Removing linearly dependent vector 35
18:42 gram_schmidt: Removing linearly dependent vector 36
18:42 gram_schmidt: Removing linearly dependent vector 37
18:42 gram_schmidt: Removing linearly dependent vector 38
18:42 gram_schmidt: Removing linearly dependent vector 39
18:42 gram_schmidt: Removing linearly dependent vector 40
18:42 gram_schmidt: Removing linearly dependent vector 41
18:42 gram_schmidt: Removing linearly dependent vector 42
18:43 gram_schmidt: Orthonormalizing vector 31 again
18:43 gram_schmidt: Removing linearly dependent vector 32
18:43 gram_schmidt: Removing linearly dependent vector 33
18:43 gram_schmidt: Removing linearly dependent vector 34
18:43 gram_schmidt: Removing linearly dependent vector 35
18:43 gram_schmidt: Removing linearly dependent vector 36
18:43 gram_schmidt: Removing linearly dependent vector 37
18:43 gram_schmidt: Removing linearly dependent vector 38
18:43 gram_schmidt: Removing linearly dependent vector 39
18:43 gram_schmidt: Removing linearly dependent vector 40
18:43 gram_schmidt: Removing linearly dependent vector 41
18:43 gram_schmidt: Removing linearly dependent vector 42
</system-err></testcase><testcase classname="src.pymortests.algorithms.gram_schmidt" file="src/pymortests/algorithms/gram_schmidt.py" line="12" name="test_gram_schmidt[0-&lt;lambda&gt;26]" time="0.25942039489746094"><system-err>18:43 gram_schmidt: Removing vector 0 of norm 0.0
18:43 gram_schmidt: Removing vector 1 of norm 0.0
18:43 gram_schmidt: Removing vector 2 of norm 0.0
18:43 gram_schmidt: Removing vector 3 of norm 0.0
18:43 gram_schmidt: Removing vector 4 of norm 0.0
18:43 gram_schmidt: Removing vector 5 of norm 0.0
18:43 gram_schmidt: Removing vector 6 of norm 0.0
18:43 gram_schmidt: Removing vector 7 of norm 0.0
18:43 gram_schmidt: Removing vector 8 of norm 0.0
18:43 gram_schmidt: Removing vector 9 of norm 0.0
18:43 gram_schmidt: Removing vector 10 of norm 0.0
18:43 gram_schmidt: Removing vector 11 of norm 0.0
18:43 gram_schmidt: Removing vector 12 of norm 0.0
18:43 gram_schmidt: Removing vector 13 of norm 0.0
18:43 gram_schmidt: Removing vector 14 of norm 0.0
18:43 gram_schmidt: Removing vector 15 of norm 0.0
18:43 gram_schmidt: Removing vector 16 of norm 0.0
18:43 gram_schmidt: Removing vector 17 of norm 0.0
18:43 gram_schmidt: Removing vector 18 of norm 0.0
18:43 gram_schmidt: Removing vector 19 of norm 0.0
18:43 gram_schmidt: Removing vector 20 of norm 0.0
18:43 gram_schmidt: Removing vector 21 of norm 0.0
18:43 gram_schmidt: Removing vector 22 of norm 0.0
18:43 gram_schmidt: Removing vector 23 of norm 0.0
18:43 gram_schmidt: Removing vector 24 of norm 0.0
18:43 gram_schmidt: Removing vector 25 of norm 0.0
18:43 gram_schmidt: Removing vector 26 of norm 0.0
18:43 gram_schmidt: Removing vector 27 of norm 0.0
18:43 gram_schmidt: Removing vector 28 of norm 0.0
18:43 gram_schmidt: Removing vector 29 of norm 0.0
18:43 gram_schmidt: Removing vector 30 of norm 0.0
18:43 gram_schmidt: Removing vector 31 of norm 0.0
18:43 gram_schmidt: Removing vector 32 of norm 0.0
18:43 gram_schmidt: Removing vector 33 of norm 0.0
18:43 gram_schmidt: Removing vector 34 of norm 0.0
18:43 gram_schmidt: Removing vector 35 of norm 0.0
18:43 gram_schmidt: Removing vector 36 of norm 0.0
18:43 gram_schmidt: Removing vector 37 of norm 0.0
18:43 gram_schmidt: Removing vector 38 of norm 0.0
18:43 gram_schmidt: Removing vector 39 of norm 0.0
18:43 gram_schmidt: Removing vector 40 of norm 0.0
18:43 gram_schmidt: Removing vector 41 of norm 0.0
18:43 gram_schmidt: Removing vector 42 of norm 0.0
18:43 gram_schmidt: Removing vector 43 of norm 0.0
18:43 gram_schmidt: Removing vector 44 of norm 0.0
18:43 gram_schmidt: Removing vector 45 of norm 0.0
18:43 gram_schmidt: Removing vector 46 of norm 0.0
18:43 gram_schmidt: Removing vector 47 of norm 0.0
18:43 gram_schmidt: Removing vector 48 of norm 0.0
18:43 gram_schmidt: Removing vector 49 of norm 0.0
18:43 gram_schmidt: Removing vector 50 of norm 0.0
18:43 gram_schmidt: Removing vector 51 of norm 0.0
18:43 gram_schmidt: Removing vector 52 of norm 0.0
18:43 gram_schmidt: Removing vector 53 of norm 0.0
18:43 gram_schmidt: Removing vector 54 of norm 0.0
18:43 gram_schmidt: Removing vector 55 of norm 0.0
18:43 gram_schmidt: Removing vector 56 of norm 0.0
18:43 gram_schmidt: Removing vector 57 of norm 0.0
18:43 gram_schmidt: Removing vector 58 of norm 0.0
18:43 gram_schmidt: Removing vector 59 of norm 0.0
18:43 gram_schmidt: Removing vector 60 of norm 0.0
18:43 gram_schmidt: Removing vector 61 of norm 0.0
18:43 gram_schmidt: Removing vector 62 of norm 0.0
18:43 gram_schmidt: Removing vector 63 of norm 0.0
18:43 gram_schmidt: Removing vector 64 of norm 0.0
18:43 gram_schmidt: Removing vector 65 of norm 0.0
18:43 gram_schmidt: Removing vector 66 of norm 0.0
18:43 gram_schmidt: Removing vector 67 of norm 0.0
18:43 gram_schmidt: Removing vector 68 of norm 0.0
18:43 gram_schmidt: Removing vector 69 of norm 0.0
18:43 gram_schmidt: Removing vector 70 of norm 0.0
18:43 gram_schmidt: Removing vector 71 of norm 0.0
18:43 gram_schmidt: Removing vector 72 of norm 0.0
18:43 gram_schmidt: Removing vector 73 of norm 0.0
18:43 gram_schmidt: Removing vector 74 of norm 0.0
18:43 gram_schmidt: Removing vector 75 of norm 0.0
18:43 gram_schmidt: Removing vector 76 of norm 0.0
18:43 gram_schmidt: Removing vector 77 of norm 0.0
18:43 gram_schmidt: Removing vector 78 of norm 0.0
18:43 gram_schmidt: Removing vector 79 of norm 0.0
18:43 gram_schmidt: Removing vector 80 of norm 0.0
18:43 gram_schmidt: Removing vector 81 of norm 0.0
18:43 gram_schmidt: Removing vector 82 of norm 0.0
18:43 gram_schmidt: Removing vector 83 of norm 0.0
18:43 gram_schmidt: Removing vector 84 of norm 0.0
18:43 gram_schmidt: Removing vector 85 of norm 0.0
18:43 gram_schmidt: Removing vector 86 of norm 0.0
18:43 gram_schmidt: Removing vector 87 of norm 0.0
18:43 gram_schmidt: Removing vector 88 of norm 0.0
18:43 gram_schmidt: Removing vector 89 of norm 0.0
18:43 gram_schmidt: Removing vector 90 of norm 0.0
18:43 gram_schmidt: Removing vector 91 of norm 0.0
18:43 gram_schmidt: Removing vector 92 of norm 0.0
18:43 gram_schmidt: Removing vector 93 of norm 0.0
18:43 gram_schmidt: Removing vector 94 of norm 0.0
18:43 gram_schmidt: Removing vector 95 of norm 0.0
18:43 gram_schmidt: Removing vector 96 of norm 0.0
18:43 gram_schmidt: Removing vector 97 of norm 0.0
18:43 gram_schmidt: Removing vector 98 of norm 0.0
18:43 gram_schmidt: Removing vector 99 of norm 0.0
18:43 gram_schmidt: Removing vector 100 of norm 0.0
18:43 gram_schmidt: Removing vector 101 of norm 0.0
18:43 gram_schmidt: Removing vector 0 of norm 0.0
18:43 gram_schmidt: Removing vector 1 of norm 0.0
18:43 gram_schmidt: Removing vector 2 of norm 0.0
18:43 gram_schmidt: Removing vector 3 of norm 0.0
18:43 gram_schmidt: Removing vector 4 of norm 0.0
18:43 gram_schmidt: Removing vector 5 of norm 0.0
18:43 gram_schmidt: Removing vector 6 of norm 0.0
18:43 gram_schmidt: Removing vector 7 of norm 0.0
18:43 gram_schmidt: Removing vector 8 of norm 0.0
18:43 gram_schmidt: Removing vector 9 of norm 0.0
18:43 gram_schmidt: Removing vector 10 of norm 0.0
18:43 gram_schmidt: Removing vector 11 of norm 0.0
18:43 gram_schmidt: Removing vector 12 of norm 0.0
18:43 gram_schmidt: Removing vector 13 of norm 0.0
18:43 gram_schmidt: Removing vector 14 of norm 0.0
18:43 gram_schmidt: Removing vector 15 of norm 0.0
18:43 gram_schmidt: Removing vector 16 of norm 0.0
18:43 gram_schmidt: Removing vector 17 of norm 0.0
18:43 gram_schmidt: Removing vector 18 of norm 0.0
18:43 gram_schmidt: Removing vector 19 of norm 0.0
18:43 gram_schmidt: Removing vector 20 of norm 0.0
18:43 gram_schmidt: Removing vector 21 of norm 0.0
18:43 gram_schmidt: Removing vector 22 of norm 0.0
18:43 gram_schmidt: Removing vector 23 of norm 0.0
18:43 gram_schmidt: Removing vector 24 of norm 0.0
18:43 gram_schmidt: Removing vector 25 of norm 0.0
18:43 gram_schmidt: Removing vector 26 of norm 0.0
18:43 gram_schmidt: Removing vector 27 of norm 0.0
18:43 gram_schmidt: Removing vector 28 of norm 0.0
18:43 gram_schmidt: Removing vector 29 of norm 0.0
18:43 gram_schmidt: Removing vector 30 of norm 0.0
18:43 gram_schmidt: Removing vector 31 of norm 0.0
18:43 gram_schmidt: Removing vector 32 of norm 0.0
18:43 gram_schmidt: Removing vector 33 of norm 0.0
18:43 gram_schmidt: Removing vector 34 of norm 0.0
18:43 gram_schmidt: Removing vector 35 of norm 0.0
18:43 gram_schmidt: Removing vector 36 of norm 0.0
18:43 gram_schmidt: Removing vector 37 of norm 0.0
18:43 gram_schmidt: Removing vector 38 of norm 0.0
18:43 gram_schmidt: Removing vector 39 of norm 0.0
18:43 gram_schmidt: Removing vector 40 of norm 0.0
18:43 gram_schmidt: Removing vector 41 of norm 0.0
18:43 gram_schmidt: Removing vector 42 of norm 0.0
18:43 gram_schmidt: Removing vector 43 of norm 0.0
18:43 gram_schmidt: Removing vector 44 of norm 0.0
18:43 gram_schmidt: Removing vector 45 of norm 0.0
18:43 gram_schmidt: Removing vector 46 of norm 0.0
18:43 gram_schmidt: Removing vector 47 of norm 0.0
18:43 gram_schmidt: Removing vector 48 of norm 0.0
18:43 gram_schmidt: Removing vector 49 of norm 0.0
18:43 gram_schmidt: Removing vector 50 of norm 0.0
18:43 gram_schmidt: Removing vector 51 of norm 0.0
18:43 gram_schmidt: Removing vector 52 of norm 0.0
18:43 gram_schmidt: Removing vector 53 of norm 0.0
18:43 gram_schmidt: Removing vector 54 of norm 0.0
18:43 gram_schmidt: Removing vector 55 of norm 0.0
18:43 gram_schmidt: Removing vector 56 of norm 0.0
18:43 gram_schmidt: Removing vector 57 of norm 0.0
18:43 gram_schmidt: Removing vector 58 of norm 0.0
18:43 gram_schmidt: Removing vector 59 of norm 0.0
18:43 gram_schmidt: Removing vector 60 of norm 0.0
18:43 gram_schmidt: Removing vector 61 of norm 0.0
18:43 gram_schmidt: Removing vector 62 of norm 0.0
18:43 gram_schmidt: Removing vector 63 of norm 0.0
18:43 gram_schmidt: Removing vector 64 of norm 0.0
18:43 gram_schmidt: Removing vector 65 of norm 0.0
18:43 gram_schmidt: Removing vector 66 of norm 0.0
18:43 gram_schmidt: Removing vector 67 of norm 0.0
18:43 gram_schmidt: Removing vector 68 of norm 0.0
18:43 gram_schmidt: Removing vector 69 of norm 0.0
18:43 gram_schmidt: Removing vector 70 of norm 0.0
18:43 gram_schmidt: Removing vector 71 of norm 0.0
18:43 gram_schmidt: Removing vector 72 of norm 0.0
18:43 gram_schmidt: Removing vector 73 of norm 0.0
18:43 gram_schmidt: Removing vector 74 of norm 0.0
18:43 gram_schmidt: Removing vector 75 of norm 0.0
18:43 gram_schmidt: Removing vector 76 of norm 0.0
18:43 gram_schmidt: Removing vector 77 of norm 0.0
18:43 gram_schmidt: Removing vector 78 of norm 0.0
18:43 gram_schmidt: Removing vector 79 of norm 0.0
18:43 gram_schmidt: Removing vector 80 of norm 0.0
18:43 gram_schmidt: Removing vector 81 of norm 0.0
18:43 gram_schmidt: Removing vector 82 of norm 0.0
18:43 gram_schmidt: Removing vector 83 of norm 0.0
18:43 gram_schmidt: Removing vector 84 of norm 0.0
18:43 gram_schmidt: Removing vector 85 of norm 0.0
18:43 gram_schmidt: Removing vector 86 of norm 0.0
18:43 gram_schmidt: Removing vector 87 of norm 0.0
18:43 gram_schmidt: Removing vector 88 of norm 0.0
18:43 gram_schmidt: Removing vector 89 of norm 0.0
18:43 gram_schmidt: Removing vector 90 of norm 0.0
18:43 gram_schmidt: Removing vector 91 of norm 0.0
18:43 gram_schmidt: Removing vector 92 of norm 0.0
18:43 gram_schmidt: Removing vector 93 of norm 0.0
18:43 gram_schmidt: Removing vector 94 of norm 0.0
18:43 gram_schmidt: Removing vector 95 of norm 0.0
18:43 gram_schmidt: Removing vector 96 of norm 0.0
18:43 gram_schmidt: Removing vector 97 of norm 0.0
18:43 gram_schmidt: Removing vector 98 of norm 0.0
18:43 gram_schmidt: Removing vector 99 of norm 0.0
18:43 gram_schmidt: Removing vector 100 of norm 0.0
18:43 gram_schmidt: Removing vector 101 of norm 0.0
</system-err></testcase><testcase classname="src.pymortests.algorithms.gram_schmidt" file="src/pymortests/algorithms/gram_schmidt.py" line="12" name="test_gram_schmidt[1-&lt;lambda&gt;0]" time="0.0030088424682617188"></testcase><testcase classname="src.pymortests.algorithms.gram_schmidt" file="src/pymortests/algorithms/gram_schmidt.py" line="12" name="test_gram_schmidt[1-&lt;lambda&gt;1]" time="0.0023987293243408203"></testcase><testcase classname="src.pymortests.algorithms.gram_schmidt" file="src/pymortests/algorithms/gram_schmidt.py" line="12" name="test_gram_schmidt[1-&lt;lambda&gt;2]" time="0.0026831626892089844"></testcase><testcase classname="src.pymortests.algorithms.gram_schmidt" file="src/pymortests/algorithms/gram_schmidt.py" line="12" name="test_gram_schmidt[1-&lt;lambda&gt;3]" time="0.12478351593017578"><system-err>18:43 gram_schmidt: Orthonormalizing vector 31 again
18:43 gram_schmidt: Removing linearly dependent vector 32
18:43 gram_schmidt: Removing linearly dependent vector 33
18:43 gram_schmidt: Removing linearly dependent vector 34
18:43 gram_schmidt: Removing linearly dependent vector 35
18:43 gram_schmidt: Removing linearly dependent vector 36
18:43 gram_schmidt: Removing linearly dependent vector 37
18:43 gram_schmidt: Removing linearly dependent vector 38
18:43 gram_schmidt: Removing linearly dependent vector 39
18:43 gram_schmidt: Removing linearly dependent vector 40
18:43 gram_schmidt: Removing linearly dependent vector 41
18:43 gram_schmidt: Removing linearly dependent vector 42
18:43 gram_schmidt: Orthonormalizing vector 31 again
18:43 gram_schmidt: Removing linearly dependent vector 32
18:43 gram_schmidt: Removing linearly dependent vector 33
18:43 gram_schmidt: Removing linearly dependent vector 34
18:43 gram_schmidt: Removing linearly dependent vector 35
18:43 gram_schmidt: Removing linearly dependent vector 36
18:43 gram_schmidt: Removing linearly dependent vector 37
18:43 gram_schmidt: Removing linearly dependent vector 38
18:43 gram_schmidt: Removing linearly dependent vector 39
18:43 gram_schmidt: Removing linearly dependent vector 40
18:43 gram_schmidt: Removing linearly dependent vector 41
18:43 gram_schmidt: Removing linearly dependent vector 42
</system-err></testcase><testcase classname="src.pymortests.algorithms.gram_schmidt" file="src/pymortests/algorithms/gram_schmidt.py" line="12" name="test_gram_schmidt[1-&lt;lambda&gt;4]" time="0.023507356643676758"><system-err>18:43 gram_schmidt: Removing vector 0 of norm 0.0
18:43 gram_schmidt: Removing vector 1 of norm 0.0
18:43 gram_schmidt: Removing vector 2 of norm 0.0
18:43 gram_schmidt: Removing vector 3 of norm 0.0
18:43 gram_schmidt: Removing vector 4 of norm 0.0
18:43 gram_schmidt: Removing vector 5 of norm 0.0
18:43 gram_schmidt: Removing vector 6 of norm 0.0
18:43 gram_schmidt: Removing vector 7 of norm 0.0
18:43 gram_schmidt: Removing vector 8 of norm 0.0
18:43 gram_schmidt: Removing vector 9 of norm 0.0
18:43 gram_schmidt: Removing vector 10 of norm 0.0
18:43 gram_schmidt: Removing vector 11 of norm 0.0
18:43 gram_schmidt: Removing vector 12 of norm 0.0
18:43 gram_schmidt: Removing vector 13 of norm 0.0
18:43 gram_schmidt: Removing vector 14 of norm 0.0
18:43 gram_schmidt: Removing vector 15 of norm 0.0
18:43 gram_schmidt: Removing vector 16 of norm 0.0
18:43 gram_schmidt: Removing vector 17 of norm 0.0
18:43 gram_schmidt: Removing vector 18 of norm 0.0
18:43 gram_schmidt: Removing vector 19 of norm 0.0
18:43 gram_schmidt: Removing vector 20 of norm 0.0
18:43 gram_schmidt: Removing vector 21 of norm 0.0
18:43 gram_schmidt: Removing vector 22 of norm 0.0
18:43 gram_schmidt: Removing vector 23 of norm 0.0
18:43 gram_schmidt: Removing vector 24 of norm 0.0
18:43 gram_schmidt: Removing vector 25 of norm 0.0
18:43 gram_schmidt: Removing vector 26 of norm 0.0
18:43 gram_schmidt: Removing vector 27 of norm 0.0
18:43 gram_schmidt: Removing vector 28 of norm 0.0
18:43 gram_schmidt: Removing vector 29 of norm 0.0
18:43 gram_schmidt: Removing vector 30 of norm 0.0
18:43 gram_schmidt: Removing vector 31 of norm 0.0
18:43 gram_schmidt: Removing vector 32 of norm 0.0
18:43 gram_schmidt: Removing vector 33 of norm 0.0
18:43 gram_schmidt: Removing vector 34 of norm 0.0
18:43 gram_schmidt: Removing vector 35 of norm 0.0
18:43 gram_schmidt: Removing vector 36 of norm 0.0
18:43 gram_schmidt: Removing vector 37 of norm 0.0
18:43 gram_schmidt: Removing vector 38 of norm 0.0
18:43 gram_schmidt: Removing vector 39 of norm 0.0
18:43 gram_schmidt: Removing vector 40 of norm 0.0
18:43 gram_schmidt: Removing vector 41 of norm 0.0
18:43 gram_schmidt: Removing vector 42 of norm 0.0
18:43 gram_schmidt: Removing vector 43 of norm 0.0
18:43 gram_schmidt: Removing vector 44 of norm 0.0
18:43 gram_schmidt: Removing vector 45 of norm 0.0
18:43 gram_schmidt: Removing vector 46 of norm 0.0
18:43 gram_schmidt: Removing vector 47 of norm 0.0
18:43 gram_schmidt: Removing vector 48 of norm 0.0
18:43 gram_schmidt: Removing vector 49 of norm 0.0
18:43 gram_schmidt: Removing vector 50 of norm 0.0
18:43 gram_schmidt: Removing vector 51 of norm 0.0
18:43 gram_schmidt: Removing vector 52 of norm 0.0
18:43 gram_schmidt: Removing vector 53 of norm 0.0
18:43 gram_schmidt: Removing vector 54 of norm 0.0
18:43 gram_schmidt: Removing vector 55 of norm 0.0
18:43 gram_schmidt: Removing vector 56 of norm 0.0
18:43 gram_schmidt: Removing vector 57 of norm 0.0
18:43 gram_schmidt: Removing vector 58 of norm 0.0
18:43 gram_schmidt: Removing vector 59 of norm 0.0
18:43 gram_schmidt: Removing vector 60 of norm 0.0
18:43 gram_schmidt: Removing vector 61 of norm 0.0
18:43 gram_schmidt: Removing vector 62 of norm 0.0
18:43 gram_schmidt: Removing vector 63 of norm 0.0
18:43 gram_schmidt: Removing vector 64 of norm 0.0
18:43 gram_schmidt: Removing vector 65 of norm 0.0
18:43 gram_schmidt: Removing vector 66 of norm 0.0
18:43 gram_schmidt: Removing vector 67 of norm 0.0
18:43 gram_schmidt: Removing vector 68 of norm 0.0
18:43 gram_schmidt: Removing vector 69 of norm 0.0
18:43 gram_schmidt: Removing vector 70 of norm 0.0
18:43 gram_schmidt: Removing vector 71 of norm 0.0
18:43 gram_schmidt: Removing vector 72 of norm 0.0
18:43 gram_schmidt: Removing vector 73 of norm 0.0
18:43 gram_schmidt: Removing vector 74 of norm 0.0
18:43 gram_schmidt: Removing vector 75 of norm 0.0
18:43 gram_schmidt: Removing vector 76 of norm 0.0
18:43 gram_schmidt: Removing vector 77 of norm 0.0
18:43 gram_schmidt: Removing vector 78 of norm 0.0
18:43 gram_schmidt: Removing vector 79 of norm 0.0
18:43 gram_schmidt: Removing vector 80 of norm 0.0
18:43 gram_schmidt: Removing vector 81 of norm 0.0
18:43 gram_schmidt: Removing vector 82 of norm 0.0
18:43 gram_schmidt: Removing vector 83 of norm 0.0
18:43 gram_schmidt: Removing vector 84 of norm 0.0
18:43 gram_schmidt: Removing vector 85 of norm 0.0
18:43 gram_schmidt: Removing vector 86 of norm 0.0
18:43 gram_schmidt: Removing vector 87 of norm 0.0
18:43 gram_schmidt: Removing vector 88 of norm 0.0
18:43 gram_schmidt: Removing vector 89 of norm 0.0
18:43 gram_schmidt: Removing vector 90 of norm 0.0
18:43 gram_schmidt: Removing vector 91 of norm 0.0
18:43 gram_schmidt: Removing vector 92 of norm 0.0
18:43 gram_schmidt: Removing vector 93 of norm 0.0
18:43 gram_schmidt: Removing vector 94 of norm 0.0
18:43 gram_schmidt: Removing vector 95 of norm 0.0
18:43 gram_schmidt: Removing vector 96 of norm 0.0
18:43 gram_schmidt: Removing vector 97 of norm 0.0
18:43 gram_schmidt: Removing vector 98 of norm 0.0
18:43 gram_schmidt: Removing vector 99 of norm 0.0
18:43 gram_schmidt: Removing vector 100 of norm 0.0
18:43 gram_schmidt: Removing vector 101 of norm 0.0
18:43 gram_schmidt: Removing vector 0 of norm 0.0
18:43 gram_schmidt: Removing vector 1 of norm 0.0
18:43 gram_schmidt: Removing vector 2 of norm 0.0
18:43 gram_schmidt: Removing vector 3 of norm 0.0
18:43 gram_schmidt: Removing vector 4 of norm 0.0
18:43 gram_schmidt: Removing vector 5 of norm 0.0
18:43 gram_schmidt: Removing vector 6 of norm 0.0
18:43 gram_schmidt: Removing vector 7 of norm 0.0
18:43 gram_schmidt: Removing vector 8 of norm 0.0
18:43 gram_schmidt: Removing vector 9 of norm 0.0
18:43 gram_schmidt: Removing vector 10 of norm 0.0
18:43 gram_schmidt: Removing vector 11 of norm 0.0
18:43 gram_schmidt: Removing vector 12 of norm 0.0
18:43 gram_schmidt: Removing vector 13 of norm 0.0
18:43 gram_schmidt: Removing vector 14 of norm 0.0
18:43 gram_schmidt: Removing vector 15 of norm 0.0
18:43 gram_schmidt: Removing vector 16 of norm 0.0
18:43 gram_schmidt: Removing vector 17 of norm 0.0
18:43 gram_schmidt: Removing vector 18 of norm 0.0
18:43 gram_schmidt: Removing vector 19 of norm 0.0
18:43 gram_schmidt: Removing vector 20 of norm 0.0
18:43 gram_schmidt: Removing vector 21 of norm 0.0
18:43 gram_schmidt: Removing vector 22 of norm 0.0
18:43 gram_schmidt: Removing vector 23 of norm 0.0
18:43 gram_schmidt: Removing vector 24 of norm 0.0
18:43 gram_schmidt: Removing vector 25 of norm 0.0
18:43 gram_schmidt: Removing vector 26 of norm 0.0
18:43 gram_schmidt: Removing vector 27 of norm 0.0
18:43 gram_schmidt: Removing vector 28 of norm 0.0
18:43 gram_schmidt: Removing vector 29 of norm 0.0
18:43 gram_schmidt: Removing vector 30 of norm 0.0
18:43 gram_schmidt: Removing vector 31 of norm 0.0
18:43 gram_schmidt: Removing vector 32 of norm 0.0
18:43 gram_schmidt: Removing vector 33 of norm 0.0
18:43 gram_schmidt: Removing vector 34 of norm 0.0
18:43 gram_schmidt: Removing vector 35 of norm 0.0
18:43 gram_schmidt: Removing vector 36 of norm 0.0
18:43 gram_schmidt: Removing vector 37 of norm 0.0
18:43 gram_schmidt: Removing vector 38 of norm 0.0
18:43 gram_schmidt: Removing vector 39 of norm 0.0
18:43 gram_schmidt: Removing vector 40 of norm 0.0
18:43 gram_schmidt: Removing vector 41 of norm 0.0
18:43 gram_schmidt: Removing vector 42 of norm 0.0
18:43 gram_schmidt: Removing vector 43 of norm 0.0
18:43 gram_schmidt: Removing vector 44 of norm 0.0
18:43 gram_schmidt: Removing vector 45 of norm 0.0
18:43 gram_schmidt: Removing vector 46 of norm 0.0
18:43 gram_schmidt: Removing vector 47 of norm 0.0
18:43 gram_schmidt: Removing vector 48 of norm 0.0
18:43 gram_schmidt: Removing vector 49 of norm 0.0
18:43 gram_schmidt: Removing vector 50 of norm 0.0
18:43 gram_schmidt: Removing vector 51 of norm 0.0
18:43 gram_schmidt: Removing vector 52 of norm 0.0
18:43 gram_schmidt: Removing vector 53 of norm 0.0
18:43 gram_schmidt: Removing vector 54 of norm 0.0
18:43 gram_schmidt: Removing vector 55 of norm 0.0
18:43 gram_schmidt: Removing vector 56 of norm 0.0
18:43 gram_schmidt: Removing vector 57 of norm 0.0
18:43 gram_schmidt: Removing vector 58 of norm 0.0
18:43 gram_schmidt: Removing vector 59 of norm 0.0
18:43 gram_schmidt: Removing vector 60 of norm 0.0
18:43 gram_schmidt: Removing vector 61 of norm 0.0
18:43 gram_schmidt: Removing vector 62 of norm 0.0
18:43 gram_schmidt: Removing vector 63 of norm 0.0
18:43 gram_schmidt: Removing vector 64 of norm 0.0
18:43 gram_schmidt: Removing vector 65 of norm 0.0
18:43 gram_schmidt: Removing vector 66 of norm 0.0
18:43 gram_schmidt: Removing vector 67 of norm 0.0
18:43 gram_schmidt: Removing vector 68 of norm 0.0
18:43 gram_schmidt: Removing vector 69 of norm 0.0
18:43 gram_schmidt: Removing vector 70 of norm 0.0
18:43 gram_schmidt: Removing vector 71 of norm 0.0
18:43 gram_schmidt: Removing vector 72 of norm 0.0
18:43 gram_schmidt: Removing vector 73 of norm 0.0
18:43 gram_schmidt: Removing vector 74 of norm 0.0
18:43 gram_schmidt: Removing vector 75 of norm 0.0
18:43 gram_schmidt: Removing vector 76 of norm 0.0
18:43 gram_schmidt: Removing vector 77 of norm 0.0
18:43 gram_schmidt: Removing vector 78 of norm 0.0
18:43 gram_schmidt: Removing vector 79 of norm 0.0
18:43 gram_schmidt: Removing vector 80 of norm 0.0
18:43 gram_schmidt: Removing vector 81 of norm 0.0
18:43 gram_schmidt: Removing vector 82 of norm 0.0
18:43 gram_schmidt: Removing vector 83 of norm 0.0
18:43 gram_schmidt: Removing vector 84 of norm 0.0
18:43 gram_schmidt: Removing vector 85 of norm 0.0
18:43 gram_schmidt: Removing vector 86 of norm 0.0
18:43 gram_schmidt: Removing vector 87 of norm 0.0
18:43 gram_schmidt: Removing vector 88 of norm 0.0
18:43 gram_schmidt: Removing vector 89 of norm 0.0
18:43 gram_schmidt: Removing vector 90 of norm 0.0
18:43 gram_schmidt: Removing vector 91 of norm 0.0
18:43 gram_schmidt: Removing vector 92 of norm 0.0
18:43 gram_schmidt: Removing vector 93 of norm 0.0
18:43 gram_schmidt: Removing vector 94 of norm 0.0
18:43 gram_schmidt: Removing vector 95 of norm 0.0
18:43 gram_schmidt: Removing vector 96 of norm 0.0
18:43 gram_schmidt: Removing vector 97 of norm 0.0
18:43 gram_schmidt: Removing vector 98 of norm 0.0
18:43 gram_schmidt: Removing vector 99 of norm 0.0
18:43 gram_schmidt: Removing vector 100 of norm 0.0
18:43 gram_schmidt: Removing vector 101 of norm 0.0
</system-err></testcase><testcase classname="src.pymortests.algorithms.gram_schmidt" file="src/pymortests/algorithms/gram_schmidt.py" line="12" name="test_gram_schmidt[1-&lt;lambda&gt;5]" time="0.003073453903198242"></testcase><testcase classname="src.pymortests.algorithms.gram_schmidt" file="src/pymortests/algorithms/gram_schmidt.py" line="12" name="test_gram_schmidt[1-&lt;lambda&gt;6]" time="0.0022928714752197266"></testcase><testcase classname="src.pymortests.algorithms.gram_schmidt" file="src/pymortests/algorithms/gram_schmidt.py" line="12" name="test_gram_schmidt[1-&lt;lambda&gt;7]" time="0.003072977066040039"></testcase><testcase classname="src.pymortests.algorithms.gram_schmidt" file="src/pymortests/algorithms/gram_schmidt.py" line="12" name="test_gram_schmidt[1-&lt;lambda&gt;8]" time="0.2340381145477295"><system-err>18:43 gram_schmidt: Orthonormalizing vector 31 again
18:43 gram_schmidt: Removing linearly dependent vector 32
18:43 gram_schmidt: Removing linearly dependent vector 33
18:43 gram_schmidt: Removing linearly dependent vector 34
18:43 gram_schmidt: Removing linearly dependent vector 35
18:43 gram_schmidt: Removing linearly dependent vector 36
18:43 gram_schmidt: Removing linearly dependent vector 37
18:43 gram_schmidt: Removing linearly dependent vector 38
18:43 gram_schmidt: Removing linearly dependent vector 39
18:43 gram_schmidt: Removing linearly dependent vector 40
18:43 gram_schmidt: Removing linearly dependent vector 41
18:43 gram_schmidt: Removing linearly dependent vector 42
18:43 gram_schmidt: Orthonormalizing vector 31 again
18:43 gram_schmidt: Removing linearly dependent vector 32
18:43 gram_schmidt: Removing linearly dependent vector 33
18:43 gram_schmidt: Removing linearly dependent vector 34
18:43 gram_schmidt: Removing linearly dependent vector 35
18:43 gram_schmidt: Removing linearly dependent vector 36
18:43 gram_schmidt: Removing linearly dependent vector 37
18:43 gram_schmidt: Removing linearly dependent vector 38
18:43 gram_schmidt: Removing linearly dependent vector 39
18:43 gram_schmidt: Removing linearly dependent vector 40
18:43 gram_schmidt: Removing linearly dependent vector 41
18:43 gram_schmidt: Removing linearly dependent vector 42
</system-err></testcase><testcase classname="src.pymortests.algorithms.gram_schmidt" file="src/pymortests/algorithms/gram_schmidt.py" line="12" name="test_gram_schmidt[1-&lt;lambda&gt;9]" time="0.030287742614746094"><system-err>18:43 gram_schmidt: Removing vector 0 of norm 0.0
18:43 gram_schmidt: Removing vector 1 of norm 0.0
18:43 gram_schmidt: Removing vector 2 of norm 0.0
18:43 gram_schmidt: Removing vector 3 of norm 0.0
18:43 gram_schmidt: Removing vector 4 of norm 0.0
18:43 gram_schmidt: Removing vector 5 of norm 0.0
18:43 gram_schmidt: Removing vector 6 of norm 0.0
18:43 gram_schmidt: Removing vector 7 of norm 0.0
18:43 gram_schmidt: Removing vector 8 of norm 0.0
18:43 gram_schmidt: Removing vector 9 of norm 0.0
18:43 gram_schmidt: Removing vector 10 of norm 0.0
18:43 gram_schmidt: Removing vector 11 of norm 0.0
18:43 gram_schmidt: Removing vector 12 of norm 0.0
18:43 gram_schmidt: Removing vector 13 of norm 0.0
18:43 gram_schmidt: Removing vector 14 of norm 0.0
18:43 gram_schmidt: Removing vector 15 of norm 0.0
18:43 gram_schmidt: Removing vector 16 of norm 0.0
18:43 gram_schmidt: Removing vector 17 of norm 0.0
18:43 gram_schmidt: Removing vector 18 of norm 0.0
18:43 gram_schmidt: Removing vector 19 of norm 0.0
18:43 gram_schmidt: Removing vector 20 of norm 0.0
18:43 gram_schmidt: Removing vector 21 of norm 0.0
18:43 gram_schmidt: Removing vector 22 of norm 0.0
18:43 gram_schmidt: Removing vector 23 of norm 0.0
18:43 gram_schmidt: Removing vector 24 of norm 0.0
18:43 gram_schmidt: Removing vector 25 of norm 0.0
18:43 gram_schmidt: Removing vector 26 of norm 0.0
18:43 gram_schmidt: Removing vector 27 of norm 0.0
18:43 gram_schmidt: Removing vector 28 of norm 0.0
18:43 gram_schmidt: Removing vector 29 of norm 0.0
18:43 gram_schmidt: Removing vector 30 of norm 0.0
18:43 gram_schmidt: Removing vector 31 of norm 0.0
18:43 gram_schmidt: Removing vector 32 of norm 0.0
18:43 gram_schmidt: Removing vector 33 of norm 0.0
18:43 gram_schmidt: Removing vector 34 of norm 0.0
18:43 gram_schmidt: Removing vector 35 of norm 0.0
18:43 gram_schmidt: Removing vector 36 of norm 0.0
18:43 gram_schmidt: Removing vector 37 of norm 0.0
18:43 gram_schmidt: Removing vector 38 of norm 0.0
18:43 gram_schmidt: Removing vector 39 of norm 0.0
18:43 gram_schmidt: Removing vector 40 of norm 0.0
18:43 gram_schmidt: Removing vector 41 of norm 0.0
18:43 gram_schmidt: Removing vector 42 of norm 0.0
18:43 gram_schmidt: Removing vector 43 of norm 0.0
18:43 gram_schmidt: Removing vector 44 of norm 0.0
18:43 gram_schmidt: Removing vector 45 of norm 0.0
18:43 gram_schmidt: Removing vector 46 of norm 0.0
18:43 gram_schmidt: Removing vector 47 of norm 0.0
18:43 gram_schmidt: Removing vector 48 of norm 0.0
18:43 gram_schmidt: Removing vector 49 of norm 0.0
18:43 gram_schmidt: Removing vector 50 of norm 0.0
18:43 gram_schmidt: Removing vector 51 of norm 0.0
18:43 gram_schmidt: Removing vector 52 of norm 0.0
18:43 gram_schmidt: Removing vector 53 of norm 0.0
18:43 gram_schmidt: Removing vector 54 of norm 0.0
18:43 gram_schmidt: Removing vector 55 of norm 0.0
18:43 gram_schmidt: Removing vector 56 of norm 0.0
18:43 gram_schmidt: Removing vector 57 of norm 0.0
18:43 gram_schmidt: Removing vector 58 of norm 0.0
18:43 gram_schmidt: Removing vector 59 of norm 0.0
18:43 gram_schmidt: Removing vector 60 of norm 0.0
18:43 gram_schmidt: Removing vector 61 of norm 0.0
18:43 gram_schmidt: Removing vector 62 of norm 0.0
18:43 gram_schmidt: Removing vector 63 of norm 0.0
18:43 gram_schmidt: Removing vector 64 of norm 0.0
18:43 gram_schmidt: Removing vector 65 of norm 0.0
18:43 gram_schmidt: Removing vector 66 of norm 0.0
18:43 gram_schmidt: Removing vector 67 of norm 0.0
18:43 gram_schmidt: Removing vector 68 of norm 0.0
18:43 gram_schmidt: Removing vector 69 of norm 0.0
18:43 gram_schmidt: Removing vector 70 of norm 0.0
18:43 gram_schmidt: Removing vector 71 of norm 0.0
18:43 gram_schmidt: Removing vector 72 of norm 0.0
18:43 gram_schmidt: Removing vector 73 of norm 0.0
18:43 gram_schmidt: Removing vector 74 of norm 0.0
18:43 gram_schmidt: Removing vector 75 of norm 0.0
18:43 gram_schmidt: Removing vector 76 of norm 0.0
18:43 gram_schmidt: Removing vector 77 of norm 0.0
18:43 gram_schmidt: Removing vector 78 of norm 0.0
18:43 gram_schmidt: Removing vector 79 of norm 0.0
18:43 gram_schmidt: Removing vector 80 of norm 0.0
18:43 gram_schmidt: Removing vector 81 of norm 0.0
18:43 gram_schmidt: Removing vector 82 of norm 0.0
18:43 gram_schmidt: Removing vector 83 of norm 0.0
18:43 gram_schmidt: Removing vector 84 of norm 0.0
18:43 gram_schmidt: Removing vector 85 of norm 0.0
18:43 gram_schmidt: Removing vector 86 of norm 0.0
18:43 gram_schmidt: Removing vector 87 of norm 0.0
18:43 gram_schmidt: Removing vector 88 of norm 0.0
18:43 gram_schmidt: Removing vector 89 of norm 0.0
18:43 gram_schmidt: Removing vector 90 of norm 0.0
18:43 gram_schmidt: Removing vector 91 of norm 0.0
18:43 gram_schmidt: Removing vector 92 of norm 0.0
18:43 gram_schmidt: Removing vector 93 of norm 0.0
18:43 gram_schmidt: Removing vector 94 of norm 0.0
18:43 gram_schmidt: Removing vector 95 of norm 0.0
18:43 gram_schmidt: Removing vector 96 of norm 0.0
18:43 gram_schmidt: Removing vector 97 of norm 0.0
18:43 gram_schmidt: Removing vector 98 of norm 0.0
18:43 gram_schmidt: Removing vector 99 of norm 0.0
18:43 gram_schmidt: Removing vector 100 of norm 0.0
18:43 gram_schmidt: Removing vector 101 of norm 0.0
18:43 gram_schmidt: Removing vector 0 of norm 0.0
18:43 gram_schmidt: Removing vector 1 of norm 0.0
18:43 gram_schmidt: Removing vector 2 of norm 0.0
18:43 gram_schmidt: Removing vector 3 of norm 0.0
18:43 gram_schmidt: Removing vector 4 of norm 0.0
18:43 gram_schmidt: Removing vector 5 of norm 0.0
18:43 gram_schmidt: Removing vector 6 of norm 0.0
18:43 gram_schmidt: Removing vector 7 of norm 0.0
18:43 gram_schmidt: Removing vector 8 of norm 0.0
18:43 gram_schmidt: Removing vector 9 of norm 0.0
18:43 gram_schmidt: Removing vector 10 of norm 0.0
18:43 gram_schmidt: Removing vector 11 of norm 0.0
18:43 gram_schmidt: Removing vector 12 of norm 0.0
18:43 gram_schmidt: Removing vector 13 of norm 0.0
18:43 gram_schmidt: Removing vector 14 of norm 0.0
18:43 gram_schmidt: Removing vector 15 of norm 0.0
18:43 gram_schmidt: Removing vector 16 of norm 0.0
18:43 gram_schmidt: Removing vector 17 of norm 0.0
18:43 gram_schmidt: Removing vector 18 of norm 0.0
18:43 gram_schmidt: Removing vector 19 of norm 0.0
18:43 gram_schmidt: Removing vector 20 of norm 0.0
18:43 gram_schmidt: Removing vector 21 of norm 0.0
18:43 gram_schmidt: Removing vector 22 of norm 0.0
18:43 gram_schmidt: Removing vector 23 of norm 0.0
18:43 gram_schmidt: Removing vector 24 of norm 0.0
18:43 gram_schmidt: Removing vector 25 of norm 0.0
18:43 gram_schmidt: Removing vector 26 of norm 0.0
18:43 gram_schmidt: Removing vector 27 of norm 0.0
18:43 gram_schmidt: Removing vector 28 of norm 0.0
18:43 gram_schmidt: Removing vector 29 of norm 0.0
18:43 gram_schmidt: Removing vector 30 of norm 0.0
18:43 gram_schmidt: Removing vector 31 of norm 0.0
18:43 gram_schmidt: Removing vector 32 of norm 0.0
18:43 gram_schmidt: Removing vector 33 of norm 0.0
18:43 gram_schmidt: Removing vector 34 of norm 0.0
18:43 gram_schmidt: Removing vector 35 of norm 0.0
18:43 gram_schmidt: Removing vector 36 of norm 0.0
18:43 gram_schmidt: Removing vector 37 of norm 0.0
18:43 gram_schmidt: Removing vector 38 of norm 0.0
18:43 gram_schmidt: Removing vector 39 of norm 0.0
18:43 gram_schmidt: Removing vector 40 of norm 0.0
18:43 gram_schmidt: Removing vector 41 of norm 0.0
18:43 gram_schmidt: Removing vector 42 of norm 0.0
18:43 gram_schmidt: Removing vector 43 of norm 0.0
18:43 gram_schmidt: Removing vector 44 of norm 0.0
18:43 gram_schmidt: Removing vector 45 of norm 0.0
18:43 gram_schmidt: Removing vector 46 of norm 0.0
18:43 gram_schmidt: Removing vector 47 of norm 0.0
18:43 gram_schmidt: Removing vector 48 of norm 0.0
18:43 gram_schmidt: Removing vector 49 of norm 0.0
18:43 gram_schmidt: Removing vector 50 of norm 0.0
18:43 gram_schmidt: Removing vector 51 of norm 0.0
18:43 gram_schmidt: Removing vector 52 of norm 0.0
18:43 gram_schmidt: Removing vector 53 of norm 0.0
18:43 gram_schmidt: Removing vector 54 of norm 0.0
18:43 gram_schmidt: Removing vector 55 of norm 0.0
18:43 gram_schmidt: Removing vector 56 of norm 0.0
18:43 gram_schmidt: Removing vector 57 of norm 0.0
18:43 gram_schmidt: Removing vector 58 of norm 0.0
18:43 gram_schmidt: Removing vector 59 of norm 0.0
18:43 gram_schmidt: Removing vector 60 of norm 0.0
18:43 gram_schmidt: Removing vector 61 of norm 0.0
18:43 gram_schmidt: Removing vector 62 of norm 0.0
18:43 gram_schmidt: Removing vector 63 of norm 0.0
18:43 gram_schmidt: Removing vector 64 of norm 0.0
18:43 gram_schmidt: Removing vector 65 of norm 0.0
18:43 gram_schmidt: Removing vector 66 of norm 0.0
18:43 gram_schmidt: Removing vector 67 of norm 0.0
18:43 gram_schmidt: Removing vector 68 of norm 0.0
18:43 gram_schmidt: Removing vector 69 of norm 0.0
18:43 gram_schmidt: Removing vector 70 of norm 0.0
18:43 gram_schmidt: Removing vector 71 of norm 0.0
18:43 gram_schmidt: Removing vector 72 of norm 0.0
18:43 gram_schmidt: Removing vector 73 of norm 0.0
18:43 gram_schmidt: Removing vector 74 of norm 0.0
18:43 gram_schmidt: Removing vector 75 of norm 0.0
18:43 gram_schmidt: Removing vector 76 of norm 0.0
18:43 gram_schmidt: Removing vector 77 of norm 0.0
18:43 gram_schmidt: Removing vector 78 of norm 0.0
18:43 gram_schmidt: Removing vector 79 of norm 0.0
18:43 gram_schmidt: Removing vector 80 of norm 0.0
18:43 gram_schmidt: Removing vector 81 of norm 0.0
18:43 gram_schmidt: Removing vector 82 of norm 0.0
18:43 gram_schmidt: Removing vector 83 of norm 0.0
18:43 gram_schmidt: Removing vector 84 of norm 0.0
18:43 gram_schmidt: Removing vector 85 of norm 0.0
18:43 gram_schmidt: Removing vector 86 of norm 0.0
18:43 gram_schmidt: Removing vector 87 of norm 0.0
18:43 gram_schmidt: Removing vector 88 of norm 0.0
18:43 gram_schmidt: Removing vector 89 of norm 0.0
18:43 gram_schmidt: Removing vector 90 of norm 0.0
18:43 gram_schmidt: Removing vector 91 of norm 0.0
18:43 gram_schmidt: Removing vector 92 of norm 0.0
18:43 gram_schmidt: Removing vector 93 of norm 0.0
18:43 gram_schmidt: Removing vector 94 of norm 0.0
18:43 gram_schmidt: Removing vector 95 of norm 0.0
18:43 gram_schmidt: Removing vector 96 of norm 0.0
18:43 gram_schmidt: Removing vector 97 of norm 0.0
18:43 gram_schmidt: Removing vector 98 of norm 0.0
18:43 gram_schmidt: Removing vector 99 of norm 0.0
18:43 gram_schmidt: Removing vector 100 of norm 0.0
18:43 gram_schmidt: Removing vector 101 of norm 0.0
</system-err></testcase><testcase classname="src.pymortests.algorithms.gram_schmidt" file="src/pymortests/algorithms/gram_schmidt.py" line="12" name="test_gram_schmidt[1-&lt;lambda&gt;10]" time="0.0036602020263671875"></testcase><testcase classname="src.pymortests.algorithms.gram_schmidt" file="src/pymortests/algorithms/gram_schmidt.py" line="12" name="test_gram_schmidt[1-&lt;lambda&gt;11]" time="0.00792241096496582"><system-err>18:43 gram_schmidt: Removing linearly dependent vector 3
18:43 gram_schmidt: Removing linearly dependent vector 3
</system-err></testcase><testcase classname="src.pymortests.algorithms.gram_schmidt" file="src/pymortests/algorithms/gram_schmidt.py" line="12" name="test_gram_schmidt[1-&lt;lambda&gt;12]" time="0.004326581954956055"><system-err>18:43 gram_schmidt: Removing vector 0 of norm 0.0
18:43 gram_schmidt: Removing vector 1 of norm 0.0
18:43 gram_schmidt: Removing vector 2 of norm 0.0
18:43 gram_schmidt: Removing vector 0 of norm 0.0
18:43 gram_schmidt: Removing vector 1 of norm 0.0
18:43 gram_schmidt: Removing vector 2 of norm 0.0
</system-err></testcase><testcase classname="src.pymortests.algorithms.gram_schmidt" file="src/pymortests/algorithms/gram_schmidt.py" line="12" name="test_gram_schmidt[1-&lt;lambda&gt;13]" time="0.002807140350341797"></testcase><testcase classname="src.pymortests.algorithms.gram_schmidt" file="src/pymortests/algorithms/gram_schmidt.py" line="12" name="test_gram_schmidt[1-&lt;lambda&gt;14]" time="0.0054891109466552734"></testcase><testcase classname="src.pymortests.algorithms.gram_schmidt" file="src/pymortests/algorithms/gram_schmidt.py" line="12" name="test_gram_schmidt[1-&lt;lambda&gt;15]" time="0.46961092948913574"><system-err>18:44 gram_schmidt: Removing linearly dependent vector 36
18:44 gram_schmidt: Removing linearly dependent vector 37
18:44 gram_schmidt: Removing linearly dependent vector 38
18:44 gram_schmidt: Removing linearly dependent vector 39
18:44 gram_schmidt: Removing linearly dependent vector 40
18:44 gram_schmidt: Removing linearly dependent vector 41
18:44 gram_schmidt: Removing linearly dependent vector 42
18:44 gram_schmidt: Removing linearly dependent vector 36
18:44 gram_schmidt: Removing linearly dependent vector 37
18:44 gram_schmidt: Removing linearly dependent vector 38
18:44 gram_schmidt: Removing linearly dependent vector 39
18:44 gram_schmidt: Removing linearly dependent vector 40
18:44 gram_schmidt: Removing linearly dependent vector 41
18:44 gram_schmidt: Removing linearly dependent vector 42
</system-err></testcase><testcase classname="src.pymortests.algorithms.gram_schmidt" file="src/pymortests/algorithms/gram_schmidt.py" line="12" name="test_gram_schmidt[1-&lt;lambda&gt;16]" time="0.22758698463439941"><system-err>18:44 gram_schmidt: Removing linearly dependent vector 3
18:44 gram_schmidt: Removing linearly dependent vector 4
18:44 gram_schmidt: Removing linearly dependent vector 5
18:44 gram_schmidt: Removing linearly dependent vector 6
18:44 gram_schmidt: Removing linearly dependent vector 7
18:44 gram_schmidt: Removing linearly dependent vector 8
18:44 gram_schmidt: Removing linearly dependent vector 9
18:44 gram_schmidt: Removing linearly dependent vector 10
18:44 gram_schmidt: Removing linearly dependent vector 11
18:44 gram_schmidt: Removing linearly dependent vector 12
18:44 gram_schmidt: Removing linearly dependent vector 13
18:44 gram_schmidt: Removing linearly dependent vector 14
18:44 gram_schmidt: Removing linearly dependent vector 15
18:44 gram_schmidt: Removing linearly dependent vector 16
18:44 gram_schmidt: Removing linearly dependent vector 17
18:44 gram_schmidt: Removing linearly dependent vector 18
18:44 gram_schmidt: Removing linearly dependent vector 19
18:44 gram_schmidt: Removing linearly dependent vector 20
18:44 gram_schmidt: Removing linearly dependent vector 21
18:44 gram_schmidt: Removing linearly dependent vector 22
18:44 gram_schmidt: Removing linearly dependent vector 23
18:44 gram_schmidt: Removing linearly dependent vector 24
18:44 gram_schmidt: Removing linearly dependent vector 25
18:44 gram_schmidt: Removing linearly dependent vector 26
18:44 gram_schmidt: Removing linearly dependent vector 27
18:44 gram_schmidt: Removing linearly dependent vector 28
18:44 gram_schmidt: Removing linearly dependent vector 29
18:44 gram_schmidt: Removing linearly dependent vector 30
18:44 gram_schmidt: Removing linearly dependent vector 31
18:44 gram_schmidt: Removing linearly dependent vector 32
18:44 gram_schmidt: Removing linearly dependent vector 33
18:44 gram_schmidt: Removing linearly dependent vector 34
18:44 gram_schmidt: Removing linearly dependent vector 35
18:44 gram_schmidt: Removing linearly dependent vector 36
18:44 gram_schmidt: Removing linearly dependent vector 37
18:44 gram_schmidt: Removing linearly dependent vector 38
18:44 gram_schmidt: Removing linearly dependent vector 39
18:44 gram_schmidt: Removing linearly dependent vector 40
18:44 gram_schmidt: Removing linearly dependent vector 41
18:44 gram_schmidt: Removing linearly dependent vector 42
18:44 gram_schmidt: Removing linearly dependent vector 43
18:44 gram_schmidt: Removing linearly dependent vector 44
18:44 gram_schmidt: Removing linearly dependent vector 45
18:44 gram_schmidt: Removing linearly dependent vector 46
18:44 gram_schmidt: Removing linearly dependent vector 47
18:44 gram_schmidt: Removing linearly dependent vector 48
18:44 gram_schmidt: Removing linearly dependent vector 49
18:44 gram_schmidt: Removing linearly dependent vector 50
18:44 gram_schmidt: Removing linearly dependent vector 51
18:44 gram_schmidt: Removing linearly dependent vector 52
18:44 gram_schmidt: Removing linearly dependent vector 53
18:44 gram_schmidt: Removing linearly dependent vector 54
18:44 gram_schmidt: Removing linearly dependent vector 55
18:44 gram_schmidt: Removing linearly dependent vector 56
18:44 gram_schmidt: Removing linearly dependent vector 57
18:44 gram_schmidt: Removing linearly dependent vector 58
18:44 gram_schmidt: Removing linearly dependent vector 59
18:44 gram_schmidt: Removing linearly dependent vector 60
18:44 gram_schmidt: Removing linearly dependent vector 61
18:44 gram_schmidt: Removing linearly dependent vector 62
18:44 gram_schmidt: Removing linearly dependent vector 63
18:44 gram_schmidt: Removing linearly dependent vector 64
18:44 gram_schmidt: Removing linearly dependent vector 65
18:44 gram_schmidt: Removing linearly dependent vector 66
18:44 gram_schmidt: Removing linearly dependent vector 67
18:44 gram_schmidt: Removing linearly dependent vector 68
18:44 gram_schmidt: Removing linearly dependent vector 69
18:44 gram_schmidt: Removing linearly dependent vector 70
18:44 gram_schmidt: Removing linearly dependent vector 71
18:44 gram_schmidt: Removing linearly dependent vector 72
18:44 gram_schmidt: Removing linearly dependent vector 73
18:44 gram_schmidt: Removing linearly dependent vector 74
18:44 gram_schmidt: Removing linearly dependent vector 75
18:44 gram_schmidt: Removing linearly dependent vector 76
18:44 gram_schmidt: Removing linearly dependent vector 77
18:44 gram_schmidt: Removing linearly dependent vector 78
18:44 gram_schmidt: Removing linearly dependent vector 79
18:44 gram_schmidt: Removing linearly dependent vector 80
18:44 gram_schmidt: Removing linearly dependent vector 81
18:44 gram_schmidt: Removing linearly dependent vector 82
18:44 gram_schmidt: Removing linearly dependent vector 83
18:44 gram_schmidt: Removing linearly dependent vector 84
18:44 gram_schmidt: Removing linearly dependent vector 85
18:44 gram_schmidt: Removing linearly dependent vector 86
18:44 gram_schmidt: Removing linearly dependent vector 87
18:44 gram_schmidt: Removing linearly dependent vector 88
18:44 gram_schmidt: Removing linearly dependent vector 89
18:44 gram_schmidt: Removing linearly dependent vector 90
18:44 gram_schmidt: Removing linearly dependent vector 91
18:44 gram_schmidt: Removing linearly dependent vector 92
18:44 gram_schmidt: Removing linearly dependent vector 93
18:44 gram_schmidt: Removing linearly dependent vector 94
18:44 gram_schmidt: Removing linearly dependent vector 95
18:44 gram_schmidt: Removing linearly dependent vector 96
18:44 gram_schmidt: Removing linearly dependent vector 97
18:44 gram_schmidt: Removing linearly dependent vector 98
18:44 gram_schmidt: Removing linearly dependent vector 99
18:44 gram_schmidt: Removing linearly dependent vector 100
18:44 gram_schmidt: Removing linearly dependent vector 101
18:44 gram_schmidt: Removing linearly dependent vector 3
18:44 gram_schmidt: Removing linearly dependent vector 4
18:44 gram_schmidt: Removing linearly dependent vector 5
18:44 gram_schmidt: Removing linearly dependent vector 6
18:44 gram_schmidt: Removing linearly dependent vector 7
18:44 gram_schmidt: Removing linearly dependent vector 8
18:44 gram_schmidt: Removing linearly dependent vector 9
18:44 gram_schmidt: Removing linearly dependent vector 10
18:44 gram_schmidt: Removing linearly dependent vector 11
18:44 gram_schmidt: Removing linearly dependent vector 12
18:44 gram_schmidt: Removing linearly dependent vector 13
18:44 gram_schmidt: Removing linearly dependent vector 14
18:44 gram_schmidt: Removing linearly dependent vector 15
18:44 gram_schmidt: Removing linearly dependent vector 16
18:44 gram_schmidt: Removing linearly dependent vector 17
18:44 gram_schmidt: Removing linearly dependent vector 18
18:44 gram_schmidt: Removing linearly dependent vector 19
18:44 gram_schmidt: Removing linearly dependent vector 20
18:44 gram_schmidt: Removing linearly dependent vector 21
18:44 gram_schmidt: Removing linearly dependent vector 22
18:44 gram_schmidt: Removing linearly dependent vector 23
18:44 gram_schmidt: Removing linearly dependent vector 24
18:44 gram_schmidt: Removing linearly dependent vector 25
18:44 gram_schmidt: Removing linearly dependent vector 26
18:44 gram_schmidt: Removing linearly dependent vector 27
18:44 gram_schmidt: Removing linearly dependent vector 28
18:44 gram_schmidt: Removing linearly dependent vector 29
18:44 gram_schmidt: Removing linearly dependent vector 30
18:44 gram_schmidt: Removing linearly dependent vector 31
18:44 gram_schmidt: Removing linearly dependent vector 32
18:44 gram_schmidt: Removing linearly dependent vector 33
18:44 gram_schmidt: Removing linearly dependent vector 34
18:44 gram_schmidt: Removing linearly dependent vector 35
18:44 gram_schmidt: Removing linearly dependent vector 36
18:44 gram_schmidt: Removing linearly dependent vector 37
18:44 gram_schmidt: Removing linearly dependent vector 38
18:44 gram_schmidt: Removing linearly dependent vector 39
18:44 gram_schmidt: Removing linearly dependent vector 40
18:44 gram_schmidt: Removing linearly dependent vector 41
18:44 gram_schmidt: Removing linearly dependent vector 42
18:44 gram_schmidt: Removing linearly dependent vector 43
18:44 gram_schmidt: Removing linearly dependent vector 44
18:44 gram_schmidt: Removing linearly dependent vector 45
18:44 gram_schmidt: Removing linearly dependent vector 46
18:44 gram_schmidt: Removing linearly dependent vector 47
18:44 gram_schmidt: Removing linearly dependent vector 48
18:44 gram_schmidt: Removing linearly dependent vector 49
18:44 gram_schmidt: Removing linearly dependent vector 50
18:44 gram_schmidt: Removing linearly dependent vector 51
18:44 gram_schmidt: Removing linearly dependent vector 52
18:44 gram_schmidt: Removing linearly dependent vector 53
18:44 gram_schmidt: Removing linearly dependent vector 54
18:44 gram_schmidt: Removing linearly dependent vector 55
18:44 gram_schmidt: Removing linearly dependent vector 56
18:44 gram_schmidt: Removing linearly dependent vector 57
18:44 gram_schmidt: Removing linearly dependent vector 58
18:44 gram_schmidt: Removing linearly dependent vector 59
18:44 gram_schmidt: Removing linearly dependent vector 60
18:44 gram_schmidt: Removing linearly dependent vector 61
18:44 gram_schmidt: Removing linearly dependent vector 62
18:44 gram_schmidt: Removing linearly dependent vector 63
18:44 gram_schmidt: Removing linearly dependent vector 64
18:44 gram_schmidt: Removing linearly dependent vector 65
18:44 gram_schmidt: Removing linearly dependent vector 66
18:44 gram_schmidt: Removing linearly dependent vector 67
18:44 gram_schmidt: Removing linearly dependent vector 68
18:44 gram_schmidt: Removing linearly dependent vector 69
18:44 gram_schmidt: Removing linearly dependent vector 70
18:44 gram_schmidt: Removing linearly dependent vector 71
18:44 gram_schmidt: Removing linearly dependent vector 72
18:44 gram_schmidt: Removing linearly dependent vector 73
18:44 gram_schmidt: Removing linearly dependent vector 74
18:44 gram_schmidt: Removing linearly dependent vector 75
18:44 gram_schmidt: Removing linearly dependent vector 76
18:44 gram_schmidt: Removing linearly dependent vector 77
18:44 gram_schmidt: Removing linearly dependent vector 78
18:44 gram_schmidt: Removing linearly dependent vector 79
18:44 gram_schmidt: Removing linearly dependent vector 80
18:44 gram_schmidt: Removing linearly dependent vector 81
18:44 gram_schmidt: Removing linearly dependent vector 82
18:44 gram_schmidt: Removing linearly dependent vector 83
18:44 gram_schmidt: Removing linearly dependent vector 84
18:44 gram_schmidt: Removing linearly dependent vector 85
18:44 gram_schmidt: Removing linearly dependent vector 86
18:44 gram_schmidt: Removing linearly dependent vector 87
18:44 gram_schmidt: Removing linearly dependent vector 88
18:44 gram_schmidt: Removing linearly dependent vector 89
18:44 gram_schmidt: Removing linearly dependent vector 90
18:44 gram_schmidt: Removing linearly dependent vector 91
18:44 gram_schmidt: Removing linearly dependent vector 92
18:44 gram_schmidt: Removing linearly dependent vector 93
18:44 gram_schmidt: Removing linearly dependent vector 94
18:44 gram_schmidt: Removing linearly dependent vector 95
18:44 gram_schmidt: Removing linearly dependent vector 96
18:44 gram_schmidt: Removing linearly dependent vector 97
18:44 gram_schmidt: Removing linearly dependent vector 98
18:44 gram_schmidt: Removing linearly dependent vector 99
18:44 gram_schmidt: Removing linearly dependent vector 100
18:44 gram_schmidt: Removing linearly dependent vector 101
</system-err></testcase><testcase classname="src.pymortests.algorithms.gram_schmidt" file="src/pymortests/algorithms/gram_schmidt.py" line="12" name="test_gram_schmidt[1-&lt;lambda&gt;17]" time="0.0034177303314208984"></testcase><testcase classname="src.pymortests.algorithms.gram_schmidt" file="src/pymortests/algorithms/gram_schmidt.py" line="12" name="test_gram_schmidt[1-&lt;lambda&gt;18]" time="0.0025115013122558594"></testcase><testcase classname="src.pymortests.algorithms.gram_schmidt" file="src/pymortests/algorithms/gram_schmidt.py" line="12" name="test_gram_schmidt[1-&lt;lambda&gt;19]" time="0.005906820297241211"></testcase><testcase classname="src.pymortests.algorithms.gram_schmidt" file="src/pymortests/algorithms/gram_schmidt.py" line="12" name="test_gram_schmidt[1-&lt;lambda&gt;20]" time="0.3295168876647949"></testcase><testcase classname="src.pymortests.algorithms.gram_schmidt" file="src/pymortests/algorithms/gram_schmidt.py" line="12" name="test_gram_schmidt[1-&lt;lambda&gt;21]" time="1.748394250869751"></testcase><testcase classname="src.pymortests.algorithms.gram_schmidt" file="src/pymortests/algorithms/gram_schmidt.py" line="12" name="test_gram_schmidt[1-&lt;lambda&gt;22]" time="0.002620220184326172"></testcase><testcase classname="src.pymortests.algorithms.gram_schmidt" file="src/pymortests/algorithms/gram_schmidt.py" line="12" name="test_gram_schmidt[1-&lt;lambda&gt;23]" time="0.002104520797729492"></testcase><testcase classname="src.pymortests.algorithms.gram_schmidt" file="src/pymortests/algorithms/gram_schmidt.py" line="12" name="test_gram_schmidt[1-&lt;lambda&gt;24]" time="0.008651018142700195"></testcase><testcase classname="src.pymortests.algorithms.gram_schmidt" file="src/pymortests/algorithms/gram_schmidt.py" line="12" name="test_gram_schmidt[1-&lt;lambda&gt;25]" time="0.4582047462463379"><system-err>18:46 gram_schmidt: Orthonormalizing vector 31 again
18:46 gram_schmidt: Removing linearly dependent vector 32
18:46 gram_schmidt: Removing linearly dependent vector 33
18:46 gram_schmidt: Removing linearly dependent vector 34
18:46 gram_schmidt: Removing linearly dependent vector 35
18:46 gram_schmidt: Removing linearly dependent vector 36
18:46 gram_schmidt: Removing linearly dependent vector 37
18:46 gram_schmidt: Removing linearly dependent vector 38
18:46 gram_schmidt: Removing linearly dependent vector 39
18:46 gram_schmidt: Removing linearly dependent vector 40
18:46 gram_schmidt: Removing linearly dependent vector 41
18:46 gram_schmidt: Removing linearly dependent vector 42
18:47 gram_schmidt: Orthonormalizing vector 31 again
18:47 gram_schmidt: Removing linearly dependent vector 32
18:47 gram_schmidt: Removing linearly dependent vector 33
18:47 gram_schmidt: Removing linearly dependent vector 34
18:47 gram_schmidt: Removing linearly dependent vector 35
18:47 gram_schmidt: Removing linearly dependent vector 36
18:47 gram_schmidt: Removing linearly dependent vector 37
18:47 gram_schmidt: Removing linearly dependent vector 38
18:47 gram_schmidt: Removing linearly dependent vector 39
18:47 gram_schmidt: Removing linearly dependent vector 40
18:47 gram_schmidt: Removing linearly dependent vector 41
18:47 gram_schmidt: Removing linearly dependent vector 42
</system-err></testcase><testcase classname="src.pymortests.algorithms.gram_schmidt" file="src/pymortests/algorithms/gram_schmidt.py" line="12" name="test_gram_schmidt[1-&lt;lambda&gt;26]" time="0.2599067687988281"><system-err>18:47 gram_schmidt: Removing vector 0 of norm 0.0
18:47 gram_schmidt: Removing vector 1 of norm 0.0
18:47 gram_schmidt: Removing vector 2 of norm 0.0
18:47 gram_schmidt: Removing vector 3 of norm 0.0
18:47 gram_schmidt: Removing vector 4 of norm 0.0
18:47 gram_schmidt: Removing vector 5 of norm 0.0
18:47 gram_schmidt: Removing vector 6 of norm 0.0
18:47 gram_schmidt: Removing vector 7 of norm 0.0
18:47 gram_schmidt: Removing vector 8 of norm 0.0
18:47 gram_schmidt: Removing vector 9 of norm 0.0
18:47 gram_schmidt: Removing vector 10 of norm 0.0
18:47 gram_schmidt: Removing vector 11 of norm 0.0
18:47 gram_schmidt: Removing vector 12 of norm 0.0
18:47 gram_schmidt: Removing vector 13 of norm 0.0
18:47 gram_schmidt: Removing vector 14 of norm 0.0
18:47 gram_schmidt: Removing vector 15 of norm 0.0
18:47 gram_schmidt: Removing vector 16 of norm 0.0
18:47 gram_schmidt: Removing vector 17 of norm 0.0
18:47 gram_schmidt: Removing vector 18 of norm 0.0
18:47 gram_schmidt: Removing vector 19 of norm 0.0
18:47 gram_schmidt: Removing vector 20 of norm 0.0
18:47 gram_schmidt: Removing vector 21 of norm 0.0
18:47 gram_schmidt: Removing vector 22 of norm 0.0
18:47 gram_schmidt: Removing vector 23 of norm 0.0
18:47 gram_schmidt: Removing vector 24 of norm 0.0
18:47 gram_schmidt: Removing vector 25 of norm 0.0
18:47 gram_schmidt: Removing vector 26 of norm 0.0
18:47 gram_schmidt: Removing vector 27 of norm 0.0
18:47 gram_schmidt: Removing vector 28 of norm 0.0
18:47 gram_schmidt: Removing vector 29 of norm 0.0
18:47 gram_schmidt: Removing vector 30 of norm 0.0
18:47 gram_schmidt: Removing vector 31 of norm 0.0
18:47 gram_schmidt: Removing vector 32 of norm 0.0
18:47 gram_schmidt: Removing vector 33 of norm 0.0
18:47 gram_schmidt: Removing vector 34 of norm 0.0
18:47 gram_schmidt: Removing vector 35 of norm 0.0
18:47 gram_schmidt: Removing vector 36 of norm 0.0
18:47 gram_schmidt: Removing vector 37 of norm 0.0
18:47 gram_schmidt: Removing vector 38 of norm 0.0
18:47 gram_schmidt: Removing vector 39 of norm 0.0
18:47 gram_schmidt: Removing vector 40 of norm 0.0
18:47 gram_schmidt: Removing vector 41 of norm 0.0
18:47 gram_schmidt: Removing vector 42 of norm 0.0
18:47 gram_schmidt: Removing vector 43 of norm 0.0
18:47 gram_schmidt: Removing vector 44 of norm 0.0
18:47 gram_schmidt: Removing vector 45 of norm 0.0
18:47 gram_schmidt: Removing vector 46 of norm 0.0
18:47 gram_schmidt: Removing vector 47 of norm 0.0
18:47 gram_schmidt: Removing vector 48 of norm 0.0
18:47 gram_schmidt: Removing vector 49 of norm 0.0
18:47 gram_schmidt: Removing vector 50 of norm 0.0
18:47 gram_schmidt: Removing vector 51 of norm 0.0
18:47 gram_schmidt: Removing vector 52 of norm 0.0
18:47 gram_schmidt: Removing vector 53 of norm 0.0
18:47 gram_schmidt: Removing vector 54 of norm 0.0
18:47 gram_schmidt: Removing vector 55 of norm 0.0
18:47 gram_schmidt: Removing vector 56 of norm 0.0
18:47 gram_schmidt: Removing vector 57 of norm 0.0
18:47 gram_schmidt: Removing vector 58 of norm 0.0
18:47 gram_schmidt: Removing vector 59 of norm 0.0
18:47 gram_schmidt: Removing vector 60 of norm 0.0
18:47 gram_schmidt: Removing vector 61 of norm 0.0
18:47 gram_schmidt: Removing vector 62 of norm 0.0
18:47 gram_schmidt: Removing vector 63 of norm 0.0
18:47 gram_schmidt: Removing vector 64 of norm 0.0
18:47 gram_schmidt: Removing vector 65 of norm 0.0
18:47 gram_schmidt: Removing vector 66 of norm 0.0
18:47 gram_schmidt: Removing vector 67 of norm 0.0
18:47 gram_schmidt: Removing vector 68 of norm 0.0
18:47 gram_schmidt: Removing vector 69 of norm 0.0
18:47 gram_schmidt: Removing vector 70 of norm 0.0
18:47 gram_schmidt: Removing vector 71 of norm 0.0
18:47 gram_schmidt: Removing vector 72 of norm 0.0
18:47 gram_schmidt: Removing vector 73 of norm 0.0
18:47 gram_schmidt: Removing vector 74 of norm 0.0
18:47 gram_schmidt: Removing vector 75 of norm 0.0
18:47 gram_schmidt: Removing vector 76 of norm 0.0
18:47 gram_schmidt: Removing vector 77 of norm 0.0
18:47 gram_schmidt: Removing vector 78 of norm 0.0
18:47 gram_schmidt: Removing vector 79 of norm 0.0
18:47 gram_schmidt: Removing vector 80 of norm 0.0
18:47 gram_schmidt: Removing vector 81 of norm 0.0
18:47 gram_schmidt: Removing vector 82 of norm 0.0
18:47 gram_schmidt: Removing vector 83 of norm 0.0
18:47 gram_schmidt: Removing vector 84 of norm 0.0
18:47 gram_schmidt: Removing vector 85 of norm 0.0
18:47 gram_schmidt: Removing vector 86 of norm 0.0
18:47 gram_schmidt: Removing vector 87 of norm 0.0
18:47 gram_schmidt: Removing vector 88 of norm 0.0
18:47 gram_schmidt: Removing vector 89 of norm 0.0
18:47 gram_schmidt: Removing vector 90 of norm 0.0
18:47 gram_schmidt: Removing vector 91 of norm 0.0
18:47 gram_schmidt: Removing vector 92 of norm 0.0
18:47 gram_schmidt: Removing vector 93 of norm 0.0
18:47 gram_schmidt: Removing vector 94 of norm 0.0
18:47 gram_schmidt: Removing vector 95 of norm 0.0
18:47 gram_schmidt: Removing vector 96 of norm 0.0
18:47 gram_schmidt: Removing vector 97 of norm 0.0
18:47 gram_schmidt: Removing vector 98 of norm 0.0
18:47 gram_schmidt: Removing vector 99 of norm 0.0
18:47 gram_schmidt: Removing vector 100 of norm 0.0
18:47 gram_schmidt: Removing vector 101 of norm 0.0
18:47 gram_schmidt: Removing vector 0 of norm 0.0
18:47 gram_schmidt: Removing vector 1 of norm 0.0
18:47 gram_schmidt: Removing vector 2 of norm 0.0
18:47 gram_schmidt: Removing vector 3 of norm 0.0
18:47 gram_schmidt: Removing vector 4 of norm 0.0
18:47 gram_schmidt: Removing vector 5 of norm 0.0
18:47 gram_schmidt: Removing vector 6 of norm 0.0
18:47 gram_schmidt: Removing vector 7 of norm 0.0
18:47 gram_schmidt: Removing vector 8 of norm 0.0
18:47 gram_schmidt: Removing vector 9 of norm 0.0
18:47 gram_schmidt: Removing vector 10 of norm 0.0
18:47 gram_schmidt: Removing vector 11 of norm 0.0
18:47 gram_schmidt: Removing vector 12 of norm 0.0
18:47 gram_schmidt: Removing vector 13 of norm 0.0
18:47 gram_schmidt: Removing vector 14 of norm 0.0
18:47 gram_schmidt: Removing vector 15 of norm 0.0
18:47 gram_schmidt: Removing vector 16 of norm 0.0
18:47 gram_schmidt: Removing vector 17 of norm 0.0
18:47 gram_schmidt: Removing vector 18 of norm 0.0
18:47 gram_schmidt: Removing vector 19 of norm 0.0
18:47 gram_schmidt: Removing vector 20 of norm 0.0
18:47 gram_schmidt: Removing vector 21 of norm 0.0
18:47 gram_schmidt: Removing vector 22 of norm 0.0
18:47 gram_schmidt: Removing vector 23 of norm 0.0
18:47 gram_schmidt: Removing vector 24 of norm 0.0
18:47 gram_schmidt: Removing vector 25 of norm 0.0
18:47 gram_schmidt: Removing vector 26 of norm 0.0
18:47 gram_schmidt: Removing vector 27 of norm 0.0
18:47 gram_schmidt: Removing vector 28 of norm 0.0
18:47 gram_schmidt: Removing vector 29 of norm 0.0
18:47 gram_schmidt: Removing vector 30 of norm 0.0
18:47 gram_schmidt: Removing vector 31 of norm 0.0
18:47 gram_schmidt: Removing vector 32 of norm 0.0
18:47 gram_schmidt: Removing vector 33 of norm 0.0
18:47 gram_schmidt: Removing vector 34 of norm 0.0
18:47 gram_schmidt: Removing vector 35 of norm 0.0
18:47 gram_schmidt: Removing vector 36 of norm 0.0
18:47 gram_schmidt: Removing vector 37 of norm 0.0
18:47 gram_schmidt: Removing vector 38 of norm 0.0
18:47 gram_schmidt: Removing vector 39 of norm 0.0
18:47 gram_schmidt: Removing vector 40 of norm 0.0
18:47 gram_schmidt: Removing vector 41 of norm 0.0
18:47 gram_schmidt: Removing vector 42 of norm 0.0
18:47 gram_schmidt: Removing vector 43 of norm 0.0
18:47 gram_schmidt: Removing vector 44 of norm 0.0
18:47 gram_schmidt: Removing vector 45 of norm 0.0
18:47 gram_schmidt: Removing vector 46 of norm 0.0
18:47 gram_schmidt: Removing vector 47 of norm 0.0
18:47 gram_schmidt: Removing vector 48 of norm 0.0
18:47 gram_schmidt: Removing vector 49 of norm 0.0
18:47 gram_schmidt: Removing vector 50 of norm 0.0
18:47 gram_schmidt: Removing vector 51 of norm 0.0
18:47 gram_schmidt: Removing vector 52 of norm 0.0
18:47 gram_schmidt: Removing vector 53 of norm 0.0
18:47 gram_schmidt: Removing vector 54 of norm 0.0
18:47 gram_schmidt: Removing vector 55 of norm 0.0
18:47 gram_schmidt: Removing vector 56 of norm 0.0
18:47 gram_schmidt: Removing vector 57 of norm 0.0
18:47 gram_schmidt: Removing vector 58 of norm 0.0
18:47 gram_schmidt: Removing vector 59 of norm 0.0
18:47 gram_schmidt: Removing vector 60 of norm 0.0
18:47 gram_schmidt: Removing vector 61 of norm 0.0
18:47 gram_schmidt: Removing vector 62 of norm 0.0
18:47 gram_schmidt: Removing vector 63 of norm 0.0
18:47 gram_schmidt: Removing vector 64 of norm 0.0
18:47 gram_schmidt: Removing vector 65 of norm 0.0
18:47 gram_schmidt: Removing vector 66 of norm 0.0
18:47 gram_schmidt: Removing vector 67 of norm 0.0
18:47 gram_schmidt: Removing vector 68 of norm 0.0
18:47 gram_schmidt: Removing vector 69 of norm 0.0
18:47 gram_schmidt: Removing vector 70 of norm 0.0
18:47 gram_schmidt: Removing vector 71 of norm 0.0
18:47 gram_schmidt: Removing vector 72 of norm 0.0
18:47 gram_schmidt: Removing vector 73 of norm 0.0
18:47 gram_schmidt: Removing vector 74 of norm 0.0
18:47 gram_schmidt: Removing vector 75 of norm 0.0
18:47 gram_schmidt: Removing vector 76 of norm 0.0
18:47 gram_schmidt: Removing vector 77 of norm 0.0
18:47 gram_schmidt: Removing vector 78 of norm 0.0
18:47 gram_schmidt: Removing vector 79 of norm 0.0
18:47 gram_schmidt: Removing vector 80 of norm 0.0
18:47 gram_schmidt: Removing vector 81 of norm 0.0
18:47 gram_schmidt: Removing vector 82 of norm 0.0
18:47 gram_schmidt: Removing vector 83 of norm 0.0
18:47 gram_schmidt: Removing vector 84 of norm 0.0
18:47 gram_schmidt: Removing vector 85 of norm 0.0
18:47 gram_schmidt: Removing vector 86 of norm 0.0
18:47 gram_schmidt: Removing vector 87 of norm 0.0
18:47 gram_schmidt: Removing vector 88 of norm 0.0
18:47 gram_schmidt: Removing vector 89 of norm 0.0
18:47 gram_schmidt: Removing vector 90 of norm 0.0
18:47 gram_schmidt: Removing vector 91 of norm 0.0
18:47 gram_schmidt: Removing vector 92 of norm 0.0
18:47 gram_schmidt: Removing vector 93 of norm 0.0
18:47 gram_schmidt: Removing vector 94 of norm 0.0
18:47 gram_schmidt: Removing vector 95 of norm 0.0
18:47 gram_schmidt: Removing vector 96 of norm 0.0
18:47 gram_schmidt: Removing vector 97 of norm 0.0
18:47 gram_schmidt: Removing vector 98 of norm 0.0
18:47 gram_schmidt: Removing vector 99 of norm 0.0
18:47 gram_schmidt: Removing vector 100 of norm 0.0
18:47 gram_schmidt: Removing vector 101 of norm 0.0
</system-err></testcase><testcase classname="src.pymortests.algorithms.gram_schmidt" file="src/pymortests/algorithms/gram_schmidt.py" line="12" name="test_gram_schmidt[2-&lt;lambda&gt;0]" time="0.0030868053436279297"></testcase><testcase classname="src.pymortests.algorithms.gram_schmidt" file="src/pymortests/algorithms/gram_schmidt.py" line="12" name="test_gram_schmidt[2-&lt;lambda&gt;1]" time="0.002402782440185547"></testcase><testcase classname="src.pymortests.algorithms.gram_schmidt" file="src/pymortests/algorithms/gram_schmidt.py" line="12" name="test_gram_schmidt[2-&lt;lambda&gt;2]" time="0.002581357955932617"></testcase><testcase classname="src.pymortests.algorithms.gram_schmidt" file="src/pymortests/algorithms/gram_schmidt.py" line="12" name="test_gram_schmidt[2-&lt;lambda&gt;3]" time="0.12889337539672852"><system-err>18:47 gram_schmidt: Orthonormalizing vector 31 again
18:47 gram_schmidt: Removing linearly dependent vector 32
18:47 gram_schmidt: Removing linearly dependent vector 33
18:47 gram_schmidt: Removing linearly dependent vector 34
18:47 gram_schmidt: Removing linearly dependent vector 35
18:47 gram_schmidt: Removing linearly dependent vector 36
18:47 gram_schmidt: Removing linearly dependent vector 37
18:47 gram_schmidt: Removing linearly dependent vector 38
18:47 gram_schmidt: Removing linearly dependent vector 39
18:47 gram_schmidt: Removing linearly dependent vector 40
18:47 gram_schmidt: Removing linearly dependent vector 41
18:47 gram_schmidt: Removing linearly dependent vector 42
18:47 gram_schmidt: Orthonormalizing vector 31 again
18:47 gram_schmidt: Removing linearly dependent vector 32
18:47 gram_schmidt: Removing linearly dependent vector 33
18:47 gram_schmidt: Removing linearly dependent vector 34
18:47 gram_schmidt: Removing linearly dependent vector 35
18:47 gram_schmidt: Removing linearly dependent vector 36
18:47 gram_schmidt: Removing linearly dependent vector 37
18:47 gram_schmidt: Removing linearly dependent vector 38
18:47 gram_schmidt: Removing linearly dependent vector 39
18:47 gram_schmidt: Removing linearly dependent vector 40
18:47 gram_schmidt: Removing linearly dependent vector 41
18:47 gram_schmidt: Removing linearly dependent vector 42
</system-err></testcase><testcase classname="src.pymortests.algorithms.gram_schmidt" file="src/pymortests/algorithms/gram_schmidt.py" line="12" name="test_gram_schmidt[2-&lt;lambda&gt;4]" time="0.02469944953918457"><system-err>18:47 gram_schmidt: Removing vector 0 of norm 0.0
18:47 gram_schmidt: Removing vector 1 of norm 0.0
18:47 gram_schmidt: Removing vector 2 of norm 0.0
18:47 gram_schmidt: Removing vector 3 of norm 0.0
18:47 gram_schmidt: Removing vector 4 of norm 0.0
18:47 gram_schmidt: Removing vector 5 of norm 0.0
18:47 gram_schmidt: Removing vector 6 of norm 0.0
18:47 gram_schmidt: Removing vector 7 of norm 0.0
18:47 gram_schmidt: Removing vector 8 of norm 0.0
18:47 gram_schmidt: Removing vector 9 of norm 0.0
18:47 gram_schmidt: Removing vector 10 of norm 0.0
18:47 gram_schmidt: Removing vector 11 of norm 0.0
18:47 gram_schmidt: Removing vector 12 of norm 0.0
18:47 gram_schmidt: Removing vector 13 of norm 0.0
18:47 gram_schmidt: Removing vector 14 of norm 0.0
18:47 gram_schmidt: Removing vector 15 of norm 0.0
18:47 gram_schmidt: Removing vector 16 of norm 0.0
18:47 gram_schmidt: Removing vector 17 of norm 0.0
18:47 gram_schmidt: Removing vector 18 of norm 0.0
18:47 gram_schmidt: Removing vector 19 of norm 0.0
18:47 gram_schmidt: Removing vector 20 of norm 0.0
18:47 gram_schmidt: Removing vector 21 of norm 0.0
18:47 gram_schmidt: Removing vector 22 of norm 0.0
18:47 gram_schmidt: Removing vector 23 of norm 0.0
18:47 gram_schmidt: Removing vector 24 of norm 0.0
18:47 gram_schmidt: Removing vector 25 of norm 0.0
18:47 gram_schmidt: Removing vector 26 of norm 0.0
18:47 gram_schmidt: Removing vector 27 of norm 0.0
18:47 gram_schmidt: Removing vector 28 of norm 0.0
18:47 gram_schmidt: Removing vector 29 of norm 0.0
18:47 gram_schmidt: Removing vector 30 of norm 0.0
18:47 gram_schmidt: Removing vector 31 of norm 0.0
18:47 gram_schmidt: Removing vector 32 of norm 0.0
18:47 gram_schmidt: Removing vector 33 of norm 0.0
18:47 gram_schmidt: Removing vector 34 of norm 0.0
18:47 gram_schmidt: Removing vector 35 of norm 0.0
18:47 gram_schmidt: Removing vector 36 of norm 0.0
18:47 gram_schmidt: Removing vector 37 of norm 0.0
18:47 gram_schmidt: Removing vector 38 of norm 0.0
18:47 gram_schmidt: Removing vector 39 of norm 0.0
18:47 gram_schmidt: Removing vector 40 of norm 0.0
18:47 gram_schmidt: Removing vector 41 of norm 0.0
18:47 gram_schmidt: Removing vector 42 of norm 0.0
18:47 gram_schmidt: Removing vector 43 of norm 0.0
18:47 gram_schmidt: Removing vector 44 of norm 0.0
18:47 gram_schmidt: Removing vector 45 of norm 0.0
18:47 gram_schmidt: Removing vector 46 of norm 0.0
18:47 gram_schmidt: Removing vector 47 of norm 0.0
18:47 gram_schmidt: Removing vector 48 of norm 0.0
18:47 gram_schmidt: Removing vector 49 of norm 0.0
18:47 gram_schmidt: Removing vector 50 of norm 0.0
18:47 gram_schmidt: Removing vector 51 of norm 0.0
18:47 gram_schmidt: Removing vector 52 of norm 0.0
18:47 gram_schmidt: Removing vector 53 of norm 0.0
18:47 gram_schmidt: Removing vector 54 of norm 0.0
18:47 gram_schmidt: Removing vector 55 of norm 0.0
18:47 gram_schmidt: Removing vector 56 of norm 0.0
18:47 gram_schmidt: Removing vector 57 of norm 0.0
18:47 gram_schmidt: Removing vector 58 of norm 0.0
18:47 gram_schmidt: Removing vector 59 of norm 0.0
18:47 gram_schmidt: Removing vector 60 of norm 0.0
18:47 gram_schmidt: Removing vector 61 of norm 0.0
18:47 gram_schmidt: Removing vector 62 of norm 0.0
18:47 gram_schmidt: Removing vector 63 of norm 0.0
18:47 gram_schmidt: Removing vector 64 of norm 0.0
18:47 gram_schmidt: Removing vector 65 of norm 0.0
18:47 gram_schmidt: Removing vector 66 of norm 0.0
18:47 gram_schmidt: Removing vector 67 of norm 0.0
18:47 gram_schmidt: Removing vector 68 of norm 0.0
18:47 gram_schmidt: Removing vector 69 of norm 0.0
18:47 gram_schmidt: Removing vector 70 of norm 0.0
18:47 gram_schmidt: Removing vector 71 of norm 0.0
18:47 gram_schmidt: Removing vector 72 of norm 0.0
18:47 gram_schmidt: Removing vector 73 of norm 0.0
18:47 gram_schmidt: Removing vector 74 of norm 0.0
18:47 gram_schmidt: Removing vector 75 of norm 0.0
18:47 gram_schmidt: Removing vector 76 of norm 0.0
18:47 gram_schmidt: Removing vector 77 of norm 0.0
18:47 gram_schmidt: Removing vector 78 of norm 0.0
18:47 gram_schmidt: Removing vector 79 of norm 0.0
18:47 gram_schmidt: Removing vector 80 of norm 0.0
18:47 gram_schmidt: Removing vector 81 of norm 0.0
18:47 gram_schmidt: Removing vector 82 of norm 0.0
18:47 gram_schmidt: Removing vector 83 of norm 0.0
18:47 gram_schmidt: Removing vector 84 of norm 0.0
18:47 gram_schmidt: Removing vector 85 of norm 0.0
18:47 gram_schmidt: Removing vector 86 of norm 0.0
18:47 gram_schmidt: Removing vector 87 of norm 0.0
18:47 gram_schmidt: Removing vector 88 of norm 0.0
18:47 gram_schmidt: Removing vector 89 of norm 0.0
18:47 gram_schmidt: Removing vector 90 of norm 0.0
18:47 gram_schmidt: Removing vector 91 of norm 0.0
18:47 gram_schmidt: Removing vector 92 of norm 0.0
18:47 gram_schmidt: Removing vector 93 of norm 0.0
18:47 gram_schmidt: Removing vector 94 of norm 0.0
18:47 gram_schmidt: Removing vector 95 of norm 0.0
18:47 gram_schmidt: Removing vector 96 of norm 0.0
18:47 gram_schmidt: Removing vector 97 of norm 0.0
18:47 gram_schmidt: Removing vector 98 of norm 0.0
18:47 gram_schmidt: Removing vector 99 of norm 0.0
18:47 gram_schmidt: Removing vector 100 of norm 0.0
18:47 gram_schmidt: Removing vector 101 of norm 0.0
18:47 gram_schmidt: Removing vector 0 of norm 0.0
18:47 gram_schmidt: Removing vector 1 of norm 0.0
18:47 gram_schmidt: Removing vector 2 of norm 0.0
18:47 gram_schmidt: Removing vector 3 of norm 0.0
18:47 gram_schmidt: Removing vector 4 of norm 0.0
18:47 gram_schmidt: Removing vector 5 of norm 0.0
18:47 gram_schmidt: Removing vector 6 of norm 0.0
18:47 gram_schmidt: Removing vector 7 of norm 0.0
18:47 gram_schmidt: Removing vector 8 of norm 0.0
18:47 gram_schmidt: Removing vector 9 of norm 0.0
18:47 gram_schmidt: Removing vector 10 of norm 0.0
18:47 gram_schmidt: Removing vector 11 of norm 0.0
18:47 gram_schmidt: Removing vector 12 of norm 0.0
18:47 gram_schmidt: Removing vector 13 of norm 0.0
18:47 gram_schmidt: Removing vector 14 of norm 0.0
18:47 gram_schmidt: Removing vector 15 of norm 0.0
18:47 gram_schmidt: Removing vector 16 of norm 0.0
18:47 gram_schmidt: Removing vector 17 of norm 0.0
18:47 gram_schmidt: Removing vector 18 of norm 0.0
18:47 gram_schmidt: Removing vector 19 of norm 0.0
18:47 gram_schmidt: Removing vector 20 of norm 0.0
18:47 gram_schmidt: Removing vector 21 of norm 0.0
18:47 gram_schmidt: Removing vector 22 of norm 0.0
18:47 gram_schmidt: Removing vector 23 of norm 0.0
18:47 gram_schmidt: Removing vector 24 of norm 0.0
18:47 gram_schmidt: Removing vector 25 of norm 0.0
18:47 gram_schmidt: Removing vector 26 of norm 0.0
18:47 gram_schmidt: Removing vector 27 of norm 0.0
18:47 gram_schmidt: Removing vector 28 of norm 0.0
18:47 gram_schmidt: Removing vector 29 of norm 0.0
18:47 gram_schmidt: Removing vector 30 of norm 0.0
18:47 gram_schmidt: Removing vector 31 of norm 0.0
18:47 gram_schmidt: Removing vector 32 of norm 0.0
18:47 gram_schmidt: Removing vector 33 of norm 0.0
18:47 gram_schmidt: Removing vector 34 of norm 0.0
18:47 gram_schmidt: Removing vector 35 of norm 0.0
18:47 gram_schmidt: Removing vector 36 of norm 0.0
18:47 gram_schmidt: Removing vector 37 of norm 0.0
18:47 gram_schmidt: Removing vector 38 of norm 0.0
18:47 gram_schmidt: Removing vector 39 of norm 0.0
18:47 gram_schmidt: Removing vector 40 of norm 0.0
18:47 gram_schmidt: Removing vector 41 of norm 0.0
18:47 gram_schmidt: Removing vector 42 of norm 0.0
18:47 gram_schmidt: Removing vector 43 of norm 0.0
18:47 gram_schmidt: Removing vector 44 of norm 0.0
18:47 gram_schmidt: Removing vector 45 of norm 0.0
18:47 gram_schmidt: Removing vector 46 of norm 0.0
18:47 gram_schmidt: Removing vector 47 of norm 0.0
18:47 gram_schmidt: Removing vector 48 of norm 0.0
18:47 gram_schmidt: Removing vector 49 of norm 0.0
18:47 gram_schmidt: Removing vector 50 of norm 0.0
18:47 gram_schmidt: Removing vector 51 of norm 0.0
18:47 gram_schmidt: Removing vector 52 of norm 0.0
18:47 gram_schmidt: Removing vector 53 of norm 0.0
18:47 gram_schmidt: Removing vector 54 of norm 0.0
18:47 gram_schmidt: Removing vector 55 of norm 0.0
18:47 gram_schmidt: Removing vector 56 of norm 0.0
18:47 gram_schmidt: Removing vector 57 of norm 0.0
18:47 gram_schmidt: Removing vector 58 of norm 0.0
18:47 gram_schmidt: Removing vector 59 of norm 0.0
18:47 gram_schmidt: Removing vector 60 of norm 0.0
18:47 gram_schmidt: Removing vector 61 of norm 0.0
18:47 gram_schmidt: Removing vector 62 of norm 0.0
18:47 gram_schmidt: Removing vector 63 of norm 0.0
18:47 gram_schmidt: Removing vector 64 of norm 0.0
18:47 gram_schmidt: Removing vector 65 of norm 0.0
18:47 gram_schmidt: Removing vector 66 of norm 0.0
18:47 gram_schmidt: Removing vector 67 of norm 0.0
18:47 gram_schmidt: Removing vector 68 of norm 0.0
18:47 gram_schmidt: Removing vector 69 of norm 0.0
18:47 gram_schmidt: Removing vector 70 of norm 0.0
18:47 gram_schmidt: Removing vector 71 of norm 0.0
18:47 gram_schmidt: Removing vector 72 of norm 0.0
18:47 gram_schmidt: Removing vector 73 of norm 0.0
18:47 gram_schmidt: Removing vector 74 of norm 0.0
18:47 gram_schmidt: Removing vector 75 of norm 0.0
18:47 gram_schmidt: Removing vector 76 of norm 0.0
18:47 gram_schmidt: Removing vector 77 of norm 0.0
18:47 gram_schmidt: Removing vector 78 of norm 0.0
18:47 gram_schmidt: Removing vector 79 of norm 0.0
18:47 gram_schmidt: Removing vector 80 of norm 0.0
18:47 gram_schmidt: Removing vector 81 of norm 0.0
18:47 gram_schmidt: Removing vector 82 of norm 0.0
18:47 gram_schmidt: Removing vector 83 of norm 0.0
18:47 gram_schmidt: Removing vector 84 of norm 0.0
18:47 gram_schmidt: Removing vector 85 of norm 0.0
18:47 gram_schmidt: Removing vector 86 of norm 0.0
18:47 gram_schmidt: Removing vector 87 of norm 0.0
18:47 gram_schmidt: Removing vector 88 of norm 0.0
18:47 gram_schmidt: Removing vector 89 of norm 0.0
18:47 gram_schmidt: Removing vector 90 of norm 0.0
18:47 gram_schmidt: Removing vector 91 of norm 0.0
18:47 gram_schmidt: Removing vector 92 of norm 0.0
18:47 gram_schmidt: Removing vector 93 of norm 0.0
18:47 gram_schmidt: Removing vector 94 of norm 0.0
18:47 gram_schmidt: Removing vector 95 of norm 0.0
18:47 gram_schmidt: Removing vector 96 of norm 0.0
18:47 gram_schmidt: Removing vector 97 of norm 0.0
18:47 gram_schmidt: Removing vector 98 of norm 0.0
18:47 gram_schmidt: Removing vector 99 of norm 0.0
18:47 gram_schmidt: Removing vector 100 of norm 0.0
18:47 gram_schmidt: Removing vector 101 of norm 0.0
</system-err></testcase><testcase classname="src.pymortests.algorithms.gram_schmidt" file="src/pymortests/algorithms/gram_schmidt.py" line="12" name="test_gram_schmidt[2-&lt;lambda&gt;5]" time="0.0030617713928222656"></testcase><testcase classname="src.pymortests.algorithms.gram_schmidt" file="src/pymortests/algorithms/gram_schmidt.py" line="12" name="test_gram_schmidt[2-&lt;lambda&gt;6]" time="0.002179861068725586"></testcase><testcase classname="src.pymortests.algorithms.gram_schmidt" file="src/pymortests/algorithms/gram_schmidt.py" line="12" name="test_gram_schmidt[2-&lt;lambda&gt;7]" time="0.003088712692260742"></testcase><testcase classname="src.pymortests.algorithms.gram_schmidt" file="src/pymortests/algorithms/gram_schmidt.py" line="12" name="test_gram_schmidt[2-&lt;lambda&gt;8]" time="0.23875188827514648"><system-err>18:47 gram_schmidt: Orthonormalizing vector 31 again
18:47 gram_schmidt: Removing linearly dependent vector 32
18:47 gram_schmidt: Removing linearly dependent vector 33
18:47 gram_schmidt: Removing linearly dependent vector 34
18:47 gram_schmidt: Removing linearly dependent vector 35
18:47 gram_schmidt: Removing linearly dependent vector 36
18:47 gram_schmidt: Removing linearly dependent vector 37
18:47 gram_schmidt: Removing linearly dependent vector 38
18:47 gram_schmidt: Removing linearly dependent vector 39
18:47 gram_schmidt: Removing linearly dependent vector 40
18:47 gram_schmidt: Removing linearly dependent vector 41
18:47 gram_schmidt: Removing linearly dependent vector 42
18:47 gram_schmidt: Orthonormalizing vector 31 again
18:47 gram_schmidt: Removing linearly dependent vector 32
18:47 gram_schmidt: Removing linearly dependent vector 33
18:47 gram_schmidt: Removing linearly dependent vector 34
18:47 gram_schmidt: Removing linearly dependent vector 35
18:47 gram_schmidt: Removing linearly dependent vector 36
18:47 gram_schmidt: Removing linearly dependent vector 37
18:47 gram_schmidt: Removing linearly dependent vector 38
18:47 gram_schmidt: Removing linearly dependent vector 39
18:47 gram_schmidt: Removing linearly dependent vector 40
18:47 gram_schmidt: Removing linearly dependent vector 41
18:47 gram_schmidt: Removing linearly dependent vector 42
</system-err></testcase><testcase classname="src.pymortests.algorithms.gram_schmidt" file="src/pymortests/algorithms/gram_schmidt.py" line="12" name="test_gram_schmidt[2-&lt;lambda&gt;9]" time="0.031110763549804688"><system-err>18:47 gram_schmidt: Removing vector 0 of norm 0.0
18:47 gram_schmidt: Removing vector 1 of norm 0.0
18:47 gram_schmidt: Removing vector 2 of norm 0.0
18:47 gram_schmidt: Removing vector 3 of norm 0.0
18:47 gram_schmidt: Removing vector 4 of norm 0.0
18:47 gram_schmidt: Removing vector 5 of norm 0.0
18:47 gram_schmidt: Removing vector 6 of norm 0.0
18:47 gram_schmidt: Removing vector 7 of norm 0.0
18:47 gram_schmidt: Removing vector 8 of norm 0.0
18:47 gram_schmidt: Removing vector 9 of norm 0.0
18:47 gram_schmidt: Removing vector 10 of norm 0.0
18:47 gram_schmidt: Removing vector 11 of norm 0.0
18:47 gram_schmidt: Removing vector 12 of norm 0.0
18:47 gram_schmidt: Removing vector 13 of norm 0.0
18:47 gram_schmidt: Removing vector 14 of norm 0.0
18:47 gram_schmidt: Removing vector 15 of norm 0.0
18:47 gram_schmidt: Removing vector 16 of norm 0.0
18:47 gram_schmidt: Removing vector 17 of norm 0.0
18:47 gram_schmidt: Removing vector 18 of norm 0.0
18:47 gram_schmidt: Removing vector 19 of norm 0.0
18:47 gram_schmidt: Removing vector 20 of norm 0.0
18:47 gram_schmidt: Removing vector 21 of norm 0.0
18:47 gram_schmidt: Removing vector 22 of norm 0.0
18:47 gram_schmidt: Removing vector 23 of norm 0.0
18:47 gram_schmidt: Removing vector 24 of norm 0.0
18:47 gram_schmidt: Removing vector 25 of norm 0.0
18:47 gram_schmidt: Removing vector 26 of norm 0.0
18:47 gram_schmidt: Removing vector 27 of norm 0.0
18:47 gram_schmidt: Removing vector 28 of norm 0.0
18:47 gram_schmidt: Removing vector 29 of norm 0.0
18:47 gram_schmidt: Removing vector 30 of norm 0.0
18:47 gram_schmidt: Removing vector 31 of norm 0.0
18:47 gram_schmidt: Removing vector 32 of norm 0.0
18:47 gram_schmidt: Removing vector 33 of norm 0.0
18:47 gram_schmidt: Removing vector 34 of norm 0.0
18:47 gram_schmidt: Removing vector 35 of norm 0.0
18:47 gram_schmidt: Removing vector 36 of norm 0.0
18:47 gram_schmidt: Removing vector 37 of norm 0.0
18:47 gram_schmidt: Removing vector 38 of norm 0.0
18:47 gram_schmidt: Removing vector 39 of norm 0.0
18:47 gram_schmidt: Removing vector 40 of norm 0.0
18:47 gram_schmidt: Removing vector 41 of norm 0.0
18:47 gram_schmidt: Removing vector 42 of norm 0.0
18:47 gram_schmidt: Removing vector 43 of norm 0.0
18:47 gram_schmidt: Removing vector 44 of norm 0.0
18:47 gram_schmidt: Removing vector 45 of norm 0.0
18:47 gram_schmidt: Removing vector 46 of norm 0.0
18:47 gram_schmidt: Removing vector 47 of norm 0.0
18:47 gram_schmidt: Removing vector 48 of norm 0.0
18:47 gram_schmidt: Removing vector 49 of norm 0.0
18:47 gram_schmidt: Removing vector 50 of norm 0.0
18:47 gram_schmidt: Removing vector 51 of norm 0.0
18:47 gram_schmidt: Removing vector 52 of norm 0.0
18:47 gram_schmidt: Removing vector 53 of norm 0.0
18:47 gram_schmidt: Removing vector 54 of norm 0.0
18:47 gram_schmidt: Removing vector 55 of norm 0.0
18:47 gram_schmidt: Removing vector 56 of norm 0.0
18:47 gram_schmidt: Removing vector 57 of norm 0.0
18:47 gram_schmidt: Removing vector 58 of norm 0.0
18:47 gram_schmidt: Removing vector 59 of norm 0.0
18:47 gram_schmidt: Removing vector 60 of norm 0.0
18:47 gram_schmidt: Removing vector 61 of norm 0.0
18:47 gram_schmidt: Removing vector 62 of norm 0.0
18:47 gram_schmidt: Removing vector 63 of norm 0.0
18:47 gram_schmidt: Removing vector 64 of norm 0.0
18:47 gram_schmidt: Removing vector 65 of norm 0.0
18:47 gram_schmidt: Removing vector 66 of norm 0.0
18:47 gram_schmidt: Removing vector 67 of norm 0.0
18:47 gram_schmidt: Removing vector 68 of norm 0.0
18:47 gram_schmidt: Removing vector 69 of norm 0.0
18:47 gram_schmidt: Removing vector 70 of norm 0.0
18:47 gram_schmidt: Removing vector 71 of norm 0.0
18:47 gram_schmidt: Removing vector 72 of norm 0.0
18:47 gram_schmidt: Removing vector 73 of norm 0.0
18:47 gram_schmidt: Removing vector 74 of norm 0.0
18:47 gram_schmidt: Removing vector 75 of norm 0.0
18:47 gram_schmidt: Removing vector 76 of norm 0.0
18:47 gram_schmidt: Removing vector 77 of norm 0.0
18:47 gram_schmidt: Removing vector 78 of norm 0.0
18:47 gram_schmidt: Removing vector 79 of norm 0.0
18:47 gram_schmidt: Removing vector 80 of norm 0.0
18:47 gram_schmidt: Removing vector 81 of norm 0.0
18:47 gram_schmidt: Removing vector 82 of norm 0.0
18:47 gram_schmidt: Removing vector 83 of norm 0.0
18:47 gram_schmidt: Removing vector 84 of norm 0.0
18:47 gram_schmidt: Removing vector 85 of norm 0.0
18:47 gram_schmidt: Removing vector 86 of norm 0.0
18:47 gram_schmidt: Removing vector 87 of norm 0.0
18:47 gram_schmidt: Removing vector 88 of norm 0.0
18:47 gram_schmidt: Removing vector 89 of norm 0.0
18:47 gram_schmidt: Removing vector 90 of norm 0.0
18:47 gram_schmidt: Removing vector 91 of norm 0.0
18:47 gram_schmidt: Removing vector 92 of norm 0.0
18:47 gram_schmidt: Removing vector 93 of norm 0.0
18:47 gram_schmidt: Removing vector 94 of norm 0.0
18:47 gram_schmidt: Removing vector 95 of norm 0.0
18:47 gram_schmidt: Removing vector 96 of norm 0.0
18:47 gram_schmidt: Removing vector 97 of norm 0.0
18:47 gram_schmidt: Removing vector 98 of norm 0.0
18:47 gram_schmidt: Removing vector 99 of norm 0.0
18:47 gram_schmidt: Removing vector 100 of norm 0.0
18:47 gram_schmidt: Removing vector 101 of norm 0.0
18:47 gram_schmidt: Removing vector 0 of norm 0.0
18:47 gram_schmidt: Removing vector 1 of norm 0.0
18:47 gram_schmidt: Removing vector 2 of norm 0.0
18:47 gram_schmidt: Removing vector 3 of norm 0.0
18:47 gram_schmidt: Removing vector 4 of norm 0.0
18:47 gram_schmidt: Removing vector 5 of norm 0.0
18:47 gram_schmidt: Removing vector 6 of norm 0.0
18:47 gram_schmidt: Removing vector 7 of norm 0.0
18:47 gram_schmidt: Removing vector 8 of norm 0.0
18:47 gram_schmidt: Removing vector 9 of norm 0.0
18:47 gram_schmidt: Removing vector 10 of norm 0.0
18:47 gram_schmidt: Removing vector 11 of norm 0.0
18:47 gram_schmidt: Removing vector 12 of norm 0.0
18:47 gram_schmidt: Removing vector 13 of norm 0.0
18:47 gram_schmidt: Removing vector 14 of norm 0.0
18:47 gram_schmidt: Removing vector 15 of norm 0.0
18:47 gram_schmidt: Removing vector 16 of norm 0.0
18:47 gram_schmidt: Removing vector 17 of norm 0.0
18:47 gram_schmidt: Removing vector 18 of norm 0.0
18:47 gram_schmidt: Removing vector 19 of norm 0.0
18:47 gram_schmidt: Removing vector 20 of norm 0.0
18:47 gram_schmidt: Removing vector 21 of norm 0.0
18:47 gram_schmidt: Removing vector 22 of norm 0.0
18:47 gram_schmidt: Removing vector 23 of norm 0.0
18:47 gram_schmidt: Removing vector 24 of norm 0.0
18:47 gram_schmidt: Removing vector 25 of norm 0.0
18:47 gram_schmidt: Removing vector 26 of norm 0.0
18:47 gram_schmidt: Removing vector 27 of norm 0.0
18:47 gram_schmidt: Removing vector 28 of norm 0.0
18:47 gram_schmidt: Removing vector 29 of norm 0.0
18:47 gram_schmidt: Removing vector 30 of norm 0.0
18:47 gram_schmidt: Removing vector 31 of norm 0.0
18:47 gram_schmidt: Removing vector 32 of norm 0.0
18:47 gram_schmidt: Removing vector 33 of norm 0.0
18:47 gram_schmidt: Removing vector 34 of norm 0.0
18:47 gram_schmidt: Removing vector 35 of norm 0.0
18:47 gram_schmidt: Removing vector 36 of norm 0.0
18:47 gram_schmidt: Removing vector 37 of norm 0.0
18:47 gram_schmidt: Removing vector 38 of norm 0.0
18:47 gram_schmidt: Removing vector 39 of norm 0.0
18:47 gram_schmidt: Removing vector 40 of norm 0.0
18:47 gram_schmidt: Removing vector 41 of norm 0.0
18:47 gram_schmidt: Removing vector 42 of norm 0.0
18:47 gram_schmidt: Removing vector 43 of norm 0.0
18:47 gram_schmidt: Removing vector 44 of norm 0.0
18:47 gram_schmidt: Removing vector 45 of norm 0.0
18:47 gram_schmidt: Removing vector 46 of norm 0.0
18:47 gram_schmidt: Removing vector 47 of norm 0.0
18:47 gram_schmidt: Removing vector 48 of norm 0.0
18:47 gram_schmidt: Removing vector 49 of norm 0.0
18:47 gram_schmidt: Removing vector 50 of norm 0.0
18:47 gram_schmidt: Removing vector 51 of norm 0.0
18:47 gram_schmidt: Removing vector 52 of norm 0.0
18:47 gram_schmidt: Removing vector 53 of norm 0.0
18:47 gram_schmidt: Removing vector 54 of norm 0.0
18:47 gram_schmidt: Removing vector 55 of norm 0.0
18:47 gram_schmidt: Removing vector 56 of norm 0.0
18:47 gram_schmidt: Removing vector 57 of norm 0.0
18:47 gram_schmidt: Removing vector 58 of norm 0.0
18:47 gram_schmidt: Removing vector 59 of norm 0.0
18:47 gram_schmidt: Removing vector 60 of norm 0.0
18:47 gram_schmidt: Removing vector 61 of norm 0.0
18:47 gram_schmidt: Removing vector 62 of norm 0.0
18:47 gram_schmidt: Removing vector 63 of norm 0.0
18:47 gram_schmidt: Removing vector 64 of norm 0.0
18:47 gram_schmidt: Removing vector 65 of norm 0.0
18:47 gram_schmidt: Removing vector 66 of norm 0.0
18:47 gram_schmidt: Removing vector 67 of norm 0.0
18:47 gram_schmidt: Removing vector 68 of norm 0.0
18:47 gram_schmidt: Removing vector 69 of norm 0.0
18:47 gram_schmidt: Removing vector 70 of norm 0.0
18:47 gram_schmidt: Removing vector 71 of norm 0.0
18:47 gram_schmidt: Removing vector 72 of norm 0.0
18:47 gram_schmidt: Removing vector 73 of norm 0.0
18:47 gram_schmidt: Removing vector 74 of norm 0.0
18:47 gram_schmidt: Removing vector 75 of norm 0.0
18:47 gram_schmidt: Removing vector 76 of norm 0.0
18:47 gram_schmidt: Removing vector 77 of norm 0.0
18:47 gram_schmidt: Removing vector 78 of norm 0.0
18:47 gram_schmidt: Removing vector 79 of norm 0.0
18:47 gram_schmidt: Removing vector 80 of norm 0.0
18:47 gram_schmidt: Removing vector 81 of norm 0.0
18:47 gram_schmidt: Removing vector 82 of norm 0.0
18:47 gram_schmidt: Removing vector 83 of norm 0.0
18:47 gram_schmidt: Removing vector 84 of norm 0.0
18:47 gram_schmidt: Removing vector 85 of norm 0.0
18:47 gram_schmidt: Removing vector 86 of norm 0.0
18:47 gram_schmidt: Removing vector 87 of norm 0.0
18:47 gram_schmidt: Removing vector 88 of norm 0.0
18:47 gram_schmidt: Removing vector 89 of norm 0.0
18:47 gram_schmidt: Removing vector 90 of norm 0.0
18:47 gram_schmidt: Removing vector 91 of norm 0.0
18:47 gram_schmidt: Removing vector 92 of norm 0.0
18:47 gram_schmidt: Removing vector 93 of norm 0.0
18:47 gram_schmidt: Removing vector 94 of norm 0.0
18:47 gram_schmidt: Removing vector 95 of norm 0.0
18:47 gram_schmidt: Removing vector 96 of norm 0.0
18:47 gram_schmidt: Removing vector 97 of norm 0.0
18:47 gram_schmidt: Removing vector 98 of norm 0.0
18:47 gram_schmidt: Removing vector 99 of norm 0.0
18:47 gram_schmidt: Removing vector 100 of norm 0.0
18:47 gram_schmidt: Removing vector 101 of norm 0.0
</system-err></testcase><testcase classname="src.pymortests.algorithms.gram_schmidt" file="src/pymortests/algorithms/gram_schmidt.py" line="12" name="test_gram_schmidt[2-&lt;lambda&gt;10]" time="0.0039751529693603516"></testcase><testcase classname="src.pymortests.algorithms.gram_schmidt" file="src/pymortests/algorithms/gram_schmidt.py" line="12" name="test_gram_schmidt[2-&lt;lambda&gt;11]" time="0.007500886917114258"><system-err>18:48 gram_schmidt: Removing linearly dependent vector 3
18:48 gram_schmidt: Removing linearly dependent vector 3
</system-err></testcase><testcase classname="src.pymortests.algorithms.gram_schmidt" file="src/pymortests/algorithms/gram_schmidt.py" line="12" name="test_gram_schmidt[2-&lt;lambda&gt;12]" time="0.004355669021606445"><system-err>18:48 gram_schmidt: Removing vector 0 of norm 0.0
18:48 gram_schmidt: Removing vector 1 of norm 0.0
18:48 gram_schmidt: Removing vector 2 of norm 0.0
18:48 gram_schmidt: Removing vector 0 of norm 0.0
18:48 gram_schmidt: Removing vector 1 of norm 0.0
18:48 gram_schmidt: Removing vector 2 of norm 0.0
</system-err></testcase><testcase classname="src.pymortests.algorithms.gram_schmidt" file="src/pymortests/algorithms/gram_schmidt.py" line="12" name="test_gram_schmidt[2-&lt;lambda&gt;13]" time="0.0027773380279541016"></testcase><testcase classname="src.pymortests.algorithms.gram_schmidt" file="src/pymortests/algorithms/gram_schmidt.py" line="12" name="test_gram_schmidt[2-&lt;lambda&gt;14]" time="0.005757331848144531"></testcase><testcase classname="src.pymortests.algorithms.gram_schmidt" file="src/pymortests/algorithms/gram_schmidt.py" line="12" name="test_gram_schmidt[2-&lt;lambda&gt;15]" time="0.47046971321105957"><system-err>18:48 gram_schmidt: Removing linearly dependent vector 36
18:48 gram_schmidt: Removing linearly dependent vector 37
18:48 gram_schmidt: Removing linearly dependent vector 38
18:48 gram_schmidt: Removing linearly dependent vector 39
18:48 gram_schmidt: Removing linearly dependent vector 40
18:48 gram_schmidt: Removing linearly dependent vector 41
18:48 gram_schmidt: Removing linearly dependent vector 42
18:48 gram_schmidt: Removing linearly dependent vector 36
18:48 gram_schmidt: Removing linearly dependent vector 37
18:48 gram_schmidt: Removing linearly dependent vector 38
18:48 gram_schmidt: Removing linearly dependent vector 39
18:48 gram_schmidt: Removing linearly dependent vector 40
18:48 gram_schmidt: Removing linearly dependent vector 41
18:48 gram_schmidt: Removing linearly dependent vector 42
</system-err></testcase><testcase classname="src.pymortests.algorithms.gram_schmidt" file="src/pymortests/algorithms/gram_schmidt.py" line="12" name="test_gram_schmidt[2-&lt;lambda&gt;16]" time="0.22908926010131836"><system-err>18:48 gram_schmidt: Removing linearly dependent vector 3
18:48 gram_schmidt: Removing linearly dependent vector 4
18:48 gram_schmidt: Removing linearly dependent vector 5
18:48 gram_schmidt: Removing linearly dependent vector 6
18:48 gram_schmidt: Removing linearly dependent vector 7
18:48 gram_schmidt: Removing linearly dependent vector 8
18:48 gram_schmidt: Removing linearly dependent vector 9
18:48 gram_schmidt: Removing linearly dependent vector 10
18:48 gram_schmidt: Removing linearly dependent vector 11
18:48 gram_schmidt: Removing linearly dependent vector 12
18:48 gram_schmidt: Removing linearly dependent vector 13
18:48 gram_schmidt: Removing linearly dependent vector 14
18:48 gram_schmidt: Removing linearly dependent vector 15
18:48 gram_schmidt: Removing linearly dependent vector 16
18:48 gram_schmidt: Removing linearly dependent vector 17
18:48 gram_schmidt: Removing linearly dependent vector 18
18:48 gram_schmidt: Removing linearly dependent vector 19
18:48 gram_schmidt: Removing linearly dependent vector 20
18:48 gram_schmidt: Removing linearly dependent vector 21
18:48 gram_schmidt: Removing linearly dependent vector 22
18:48 gram_schmidt: Removing linearly dependent vector 23
18:48 gram_schmidt: Removing linearly dependent vector 24
18:48 gram_schmidt: Removing linearly dependent vector 25
18:48 gram_schmidt: Removing linearly dependent vector 26
18:48 gram_schmidt: Removing linearly dependent vector 27
18:48 gram_schmidt: Removing linearly dependent vector 28
18:48 gram_schmidt: Removing linearly dependent vector 29
18:48 gram_schmidt: Removing linearly dependent vector 30
18:48 gram_schmidt: Removing linearly dependent vector 31
18:48 gram_schmidt: Removing linearly dependent vector 32
18:48 gram_schmidt: Removing linearly dependent vector 33
18:48 gram_schmidt: Removing linearly dependent vector 34
18:48 gram_schmidt: Removing linearly dependent vector 35
18:48 gram_schmidt: Removing linearly dependent vector 36
18:48 gram_schmidt: Removing linearly dependent vector 37
18:48 gram_schmidt: Removing linearly dependent vector 38
18:48 gram_schmidt: Removing linearly dependent vector 39
18:48 gram_schmidt: Removing linearly dependent vector 40
18:48 gram_schmidt: Removing linearly dependent vector 41
18:48 gram_schmidt: Removing linearly dependent vector 42
18:48 gram_schmidt: Removing linearly dependent vector 43
18:48 gram_schmidt: Removing linearly dependent vector 44
18:48 gram_schmidt: Removing linearly dependent vector 45
18:48 gram_schmidt: Removing linearly dependent vector 46
18:48 gram_schmidt: Removing linearly dependent vector 47
18:48 gram_schmidt: Removing linearly dependent vector 48
18:48 gram_schmidt: Removing linearly dependent vector 49
18:48 gram_schmidt: Removing linearly dependent vector 50
18:48 gram_schmidt: Removing linearly dependent vector 51
18:48 gram_schmidt: Removing linearly dependent vector 52
18:48 gram_schmidt: Removing linearly dependent vector 53
18:48 gram_schmidt: Removing linearly dependent vector 54
18:48 gram_schmidt: Removing linearly dependent vector 55
18:48 gram_schmidt: Removing linearly dependent vector 56
18:48 gram_schmidt: Removing linearly dependent vector 57
18:48 gram_schmidt: Removing linearly dependent vector 58
18:48 gram_schmidt: Removing linearly dependent vector 59
18:48 gram_schmidt: Removing linearly dependent vector 60
18:48 gram_schmidt: Removing linearly dependent vector 61
18:48 gram_schmidt: Removing linearly dependent vector 62
18:48 gram_schmidt: Removing linearly dependent vector 63
18:48 gram_schmidt: Removing linearly dependent vector 64
18:48 gram_schmidt: Removing linearly dependent vector 65
18:48 gram_schmidt: Removing linearly dependent vector 66
18:48 gram_schmidt: Removing linearly dependent vector 67
18:48 gram_schmidt: Removing linearly dependent vector 68
18:48 gram_schmidt: Removing linearly dependent vector 69
18:48 gram_schmidt: Removing linearly dependent vector 70
18:48 gram_schmidt: Removing linearly dependent vector 71
18:48 gram_schmidt: Removing linearly dependent vector 72
18:48 gram_schmidt: Removing linearly dependent vector 73
18:48 gram_schmidt: Removing linearly dependent vector 74
18:48 gram_schmidt: Removing linearly dependent vector 75
18:48 gram_schmidt: Removing linearly dependent vector 76
18:48 gram_schmidt: Removing linearly dependent vector 77
18:48 gram_schmidt: Removing linearly dependent vector 78
18:48 gram_schmidt: Removing linearly dependent vector 79
18:48 gram_schmidt: Removing linearly dependent vector 80
18:48 gram_schmidt: Removing linearly dependent vector 81
18:48 gram_schmidt: Removing linearly dependent vector 82
18:48 gram_schmidt: Removing linearly dependent vector 83
18:48 gram_schmidt: Removing linearly dependent vector 84
18:48 gram_schmidt: Removing linearly dependent vector 85
18:48 gram_schmidt: Removing linearly dependent vector 86
18:48 gram_schmidt: Removing linearly dependent vector 87
18:48 gram_schmidt: Removing linearly dependent vector 88
18:48 gram_schmidt: Removing linearly dependent vector 89
18:48 gram_schmidt: Removing linearly dependent vector 90
18:48 gram_schmidt: Removing linearly dependent vector 91
18:48 gram_schmidt: Removing linearly dependent vector 92
18:48 gram_schmidt: Removing linearly dependent vector 93
18:48 gram_schmidt: Removing linearly dependent vector 94
18:48 gram_schmidt: Removing linearly dependent vector 95
18:48 gram_schmidt: Removing linearly dependent vector 96
18:48 gram_schmidt: Removing linearly dependent vector 97
18:48 gram_schmidt: Removing linearly dependent vector 98
18:48 gram_schmidt: Removing linearly dependent vector 99
18:48 gram_schmidt: Removing linearly dependent vector 100
18:48 gram_schmidt: Removing linearly dependent vector 101
18:48 gram_schmidt: Removing linearly dependent vector 3
18:48 gram_schmidt: Removing linearly dependent vector 4
18:48 gram_schmidt: Removing linearly dependent vector 5
18:48 gram_schmidt: Removing linearly dependent vector 6
18:48 gram_schmidt: Removing linearly dependent vector 7
18:48 gram_schmidt: Removing linearly dependent vector 8
18:48 gram_schmidt: Removing linearly dependent vector 9
18:48 gram_schmidt: Removing linearly dependent vector 10
18:48 gram_schmidt: Removing linearly dependent vector 11
18:48 gram_schmidt: Removing linearly dependent vector 12
18:48 gram_schmidt: Removing linearly dependent vector 13
18:48 gram_schmidt: Removing linearly dependent vector 14
18:48 gram_schmidt: Removing linearly dependent vector 15
18:48 gram_schmidt: Removing linearly dependent vector 16
18:48 gram_schmidt: Removing linearly dependent vector 17
18:48 gram_schmidt: Removing linearly dependent vector 18
18:48 gram_schmidt: Removing linearly dependent vector 19
18:48 gram_schmidt: Removing linearly dependent vector 20
18:48 gram_schmidt: Removing linearly dependent vector 21
18:48 gram_schmidt: Removing linearly dependent vector 22
18:48 gram_schmidt: Removing linearly dependent vector 23
18:48 gram_schmidt: Removing linearly dependent vector 24
18:48 gram_schmidt: Removing linearly dependent vector 25
18:48 gram_schmidt: Removing linearly dependent vector 26
18:48 gram_schmidt: Removing linearly dependent vector 27
18:48 gram_schmidt: Removing linearly dependent vector 28
18:48 gram_schmidt: Removing linearly dependent vector 29
18:48 gram_schmidt: Removing linearly dependent vector 30
18:48 gram_schmidt: Removing linearly dependent vector 31
18:48 gram_schmidt: Removing linearly dependent vector 32
18:48 gram_schmidt: Removing linearly dependent vector 33
18:48 gram_schmidt: Removing linearly dependent vector 34
18:48 gram_schmidt: Removing linearly dependent vector 35
18:48 gram_schmidt: Removing linearly dependent vector 36
18:48 gram_schmidt: Removing linearly dependent vector 37
18:48 gram_schmidt: Removing linearly dependent vector 38
18:48 gram_schmidt: Removing linearly dependent vector 39
18:48 gram_schmidt: Removing linearly dependent vector 40
18:48 gram_schmidt: Removing linearly dependent vector 41
18:48 gram_schmidt: Removing linearly dependent vector 42
18:48 gram_schmidt: Removing linearly dependent vector 43
18:48 gram_schmidt: Removing linearly dependent vector 44
18:48 gram_schmidt: Removing linearly dependent vector 45
18:48 gram_schmidt: Removing linearly dependent vector 46
18:48 gram_schmidt: Removing linearly dependent vector 47
18:48 gram_schmidt: Removing linearly dependent vector 48
18:48 gram_schmidt: Removing linearly dependent vector 49
18:48 gram_schmidt: Removing linearly dependent vector 50
18:48 gram_schmidt: Removing linearly dependent vector 51
18:48 gram_schmidt: Removing linearly dependent vector 52
18:48 gram_schmidt: Removing linearly dependent vector 53
18:48 gram_schmidt: Removing linearly dependent vector 54
18:48 gram_schmidt: Removing linearly dependent vector 55
18:48 gram_schmidt: Removing linearly dependent vector 56
18:48 gram_schmidt: Removing linearly dependent vector 57
18:48 gram_schmidt: Removing linearly dependent vector 58
18:48 gram_schmidt: Removing linearly dependent vector 59
18:48 gram_schmidt: Removing linearly dependent vector 60
18:48 gram_schmidt: Removing linearly dependent vector 61
18:48 gram_schmidt: Removing linearly dependent vector 62
18:48 gram_schmidt: Removing linearly dependent vector 63
18:48 gram_schmidt: Removing linearly dependent vector 64
18:48 gram_schmidt: Removing linearly dependent vector 65
18:48 gram_schmidt: Removing linearly dependent vector 66
18:48 gram_schmidt: Removing linearly dependent vector 67
18:48 gram_schmidt: Removing linearly dependent vector 68
18:48 gram_schmidt: Removing linearly dependent vector 69
18:48 gram_schmidt: Removing linearly dependent vector 70
18:48 gram_schmidt: Removing linearly dependent vector 71
18:48 gram_schmidt: Removing linearly dependent vector 72
18:48 gram_schmidt: Removing linearly dependent vector 73
18:48 gram_schmidt: Removing linearly dependent vector 74
18:48 gram_schmidt: Removing linearly dependent vector 75
18:48 gram_schmidt: Removing linearly dependent vector 76
18:48 gram_schmidt: Removing linearly dependent vector 77
18:48 gram_schmidt: Removing linearly dependent vector 78
18:48 gram_schmidt: Removing linearly dependent vector 79
18:48 gram_schmidt: Removing linearly dependent vector 80
18:48 gram_schmidt: Removing linearly dependent vector 81
18:48 gram_schmidt: Removing linearly dependent vector 82
18:48 gram_schmidt: Removing linearly dependent vector 83
18:48 gram_schmidt: Removing linearly dependent vector 84
18:48 gram_schmidt: Removing linearly dependent vector 85
18:48 gram_schmidt: Removing linearly dependent vector 86
18:48 gram_schmidt: Removing linearly dependent vector 87
18:48 gram_schmidt: Removing linearly dependent vector 88
18:48 gram_schmidt: Removing linearly dependent vector 89
18:48 gram_schmidt: Removing linearly dependent vector 90
18:48 gram_schmidt: Removing linearly dependent vector 91
18:48 gram_schmidt: Removing linearly dependent vector 92
18:48 gram_schmidt: Removing linearly dependent vector 93
18:48 gram_schmidt: Removing linearly dependent vector 94
18:48 gram_schmidt: Removing linearly dependent vector 95
18:48 gram_schmidt: Removing linearly dependent vector 96
18:48 gram_schmidt: Removing linearly dependent vector 97
18:48 gram_schmidt: Removing linearly dependent vector 98
18:48 gram_schmidt: Removing linearly dependent vector 99
18:48 gram_schmidt: Removing linearly dependent vector 100
18:48 gram_schmidt: Removing linearly dependent vector 101
</system-err></testcase><testcase classname="src.pymortests.algorithms.gram_schmidt" file="src/pymortests/algorithms/gram_schmidt.py" line="12" name="test_gram_schmidt[2-&lt;lambda&gt;17]" time="0.003599882125854492"></testcase><testcase classname="src.pymortests.algorithms.gram_schmidt" file="src/pymortests/algorithms/gram_schmidt.py" line="12" name="test_gram_schmidt[2-&lt;lambda&gt;18]" time="0.002668619155883789"></testcase><testcase classname="src.pymortests.algorithms.gram_schmidt" file="src/pymortests/algorithms/gram_schmidt.py" line="12" name="test_gram_schmidt[2-&lt;lambda&gt;19]" time="0.005267620086669922"></testcase><testcase classname="src.pymortests.algorithms.gram_schmidt" file="src/pymortests/algorithms/gram_schmidt.py" line="12" name="test_gram_schmidt[2-&lt;lambda&gt;20]" time="0.33210062980651855"></testcase><testcase classname="src.pymortests.algorithms.gram_schmidt" file="src/pymortests/algorithms/gram_schmidt.py" line="12" name="test_gram_schmidt[2-&lt;lambda&gt;21]" time="1.7398507595062256"></testcase><testcase classname="src.pymortests.algorithms.gram_schmidt" file="src/pymortests/algorithms/gram_schmidt.py" line="12" name="test_gram_schmidt[2-&lt;lambda&gt;22]" time="0.0030579566955566406"></testcase><testcase classname="src.pymortests.algorithms.gram_schmidt" file="src/pymortests/algorithms/gram_schmidt.py" line="12" name="test_gram_schmidt[2-&lt;lambda&gt;23]" time="0.002125263214111328"></testcase><testcase classname="src.pymortests.algorithms.gram_schmidt" file="src/pymortests/algorithms/gram_schmidt.py" line="12" name="test_gram_schmidt[2-&lt;lambda&gt;24]" time="0.008560657501220703"></testcase><testcase classname="src.pymortests.algorithms.gram_schmidt" file="src/pymortests/algorithms/gram_schmidt.py" line="12" name="test_gram_schmidt[2-&lt;lambda&gt;25]" time="0.4572887420654297"><system-err>18:50 gram_schmidt: Orthonormalizing vector 31 again
18:50 gram_schmidt: Removing linearly dependent vector 32
18:50 gram_schmidt: Removing linearly dependent vector 33
18:50 gram_schmidt: Removing linearly dependent vector 34
18:50 gram_schmidt: Removing linearly dependent vector 35
18:50 gram_schmidt: Removing linearly dependent vector 36
18:50 gram_schmidt: Removing linearly dependent vector 37
18:50 gram_schmidt: Removing linearly dependent vector 38
18:50 gram_schmidt: Removing linearly dependent vector 39
18:50 gram_schmidt: Removing linearly dependent vector 40
18:50 gram_schmidt: Removing linearly dependent vector 41
18:51 gram_schmidt: Removing linearly dependent vector 42
18:51 gram_schmidt: Orthonormalizing vector 31 again
18:51 gram_schmidt: Removing linearly dependent vector 32
18:51 gram_schmidt: Removing linearly dependent vector 33
18:51 gram_schmidt: Removing linearly dependent vector 34
18:51 gram_schmidt: Removing linearly dependent vector 35
18:51 gram_schmidt: Removing linearly dependent vector 36
18:51 gram_schmidt: Removing linearly dependent vector 37
18:51 gram_schmidt: Removing linearly dependent vector 38
18:51 gram_schmidt: Removing linearly dependent vector 39
18:51 gram_schmidt: Removing linearly dependent vector 40
18:51 gram_schmidt: Removing linearly dependent vector 41
18:51 gram_schmidt: Removing linearly dependent vector 42
</system-err></testcase><testcase classname="src.pymortests.algorithms.gram_schmidt" file="src/pymortests/algorithms/gram_schmidt.py" line="12" name="test_gram_schmidt[2-&lt;lambda&gt;26]" time="0.2585155963897705"><system-err>18:51 gram_schmidt: Removing vector 0 of norm 0.0
18:51 gram_schmidt: Removing vector 1 of norm 0.0
18:51 gram_schmidt: Removing vector 2 of norm 0.0
18:51 gram_schmidt: Removing vector 3 of norm 0.0
18:51 gram_schmidt: Removing vector 4 of norm 0.0
18:51 gram_schmidt: Removing vector 5 of norm 0.0
18:51 gram_schmidt: Removing vector 6 of norm 0.0
18:51 gram_schmidt: Removing vector 7 of norm 0.0
18:51 gram_schmidt: Removing vector 8 of norm 0.0
18:51 gram_schmidt: Removing vector 9 of norm 0.0
18:51 gram_schmidt: Removing vector 10 of norm 0.0
18:51 gram_schmidt: Removing vector 11 of norm 0.0
18:51 gram_schmidt: Removing vector 12 of norm 0.0
18:51 gram_schmidt: Removing vector 13 of norm 0.0
18:51 gram_schmidt: Removing vector 14 of norm 0.0
18:51 gram_schmidt: Removing vector 15 of norm 0.0
18:51 gram_schmidt: Removing vector 16 of norm 0.0
18:51 gram_schmidt: Removing vector 17 of norm 0.0
18:51 gram_schmidt: Removing vector 18 of norm 0.0
18:51 gram_schmidt: Removing vector 19 of norm 0.0
18:51 gram_schmidt: Removing vector 20 of norm 0.0
18:51 gram_schmidt: Removing vector 21 of norm 0.0
18:51 gram_schmidt: Removing vector 22 of norm 0.0
18:51 gram_schmidt: Removing vector 23 of norm 0.0
18:51 gram_schmidt: Removing vector 24 of norm 0.0
18:51 gram_schmidt: Removing vector 25 of norm 0.0
18:51 gram_schmidt: Removing vector 26 of norm 0.0
18:51 gram_schmidt: Removing vector 27 of norm 0.0
18:51 gram_schmidt: Removing vector 28 of norm 0.0
18:51 gram_schmidt: Removing vector 29 of norm 0.0
18:51 gram_schmidt: Removing vector 30 of norm 0.0
18:51 gram_schmidt: Removing vector 31 of norm 0.0
18:51 gram_schmidt: Removing vector 32 of norm 0.0
18:51 gram_schmidt: Removing vector 33 of norm 0.0
18:51 gram_schmidt: Removing vector 34 of norm 0.0
18:51 gram_schmidt: Removing vector 35 of norm 0.0
18:51 gram_schmidt: Removing vector 36 of norm 0.0
18:51 gram_schmidt: Removing vector 37 of norm 0.0
18:51 gram_schmidt: Removing vector 38 of norm 0.0
18:51 gram_schmidt: Removing vector 39 of norm 0.0
18:51 gram_schmidt: Removing vector 40 of norm 0.0
18:51 gram_schmidt: Removing vector 41 of norm 0.0
18:51 gram_schmidt: Removing vector 42 of norm 0.0
18:51 gram_schmidt: Removing vector 43 of norm 0.0
18:51 gram_schmidt: Removing vector 44 of norm 0.0
18:51 gram_schmidt: Removing vector 45 of norm 0.0
18:51 gram_schmidt: Removing vector 46 of norm 0.0
18:51 gram_schmidt: Removing vector 47 of norm 0.0
18:51 gram_schmidt: Removing vector 48 of norm 0.0
18:51 gram_schmidt: Removing vector 49 of norm 0.0
18:51 gram_schmidt: Removing vector 50 of norm 0.0
18:51 gram_schmidt: Removing vector 51 of norm 0.0
18:51 gram_schmidt: Removing vector 52 of norm 0.0
18:51 gram_schmidt: Removing vector 53 of norm 0.0
18:51 gram_schmidt: Removing vector 54 of norm 0.0
18:51 gram_schmidt: Removing vector 55 of norm 0.0
18:51 gram_schmidt: Removing vector 56 of norm 0.0
18:51 gram_schmidt: Removing vector 57 of norm 0.0
18:51 gram_schmidt: Removing vector 58 of norm 0.0
18:51 gram_schmidt: Removing vector 59 of norm 0.0
18:51 gram_schmidt: Removing vector 60 of norm 0.0
18:51 gram_schmidt: Removing vector 61 of norm 0.0
18:51 gram_schmidt: Removing vector 62 of norm 0.0
18:51 gram_schmidt: Removing vector 63 of norm 0.0
18:51 gram_schmidt: Removing vector 64 of norm 0.0
18:51 gram_schmidt: Removing vector 65 of norm 0.0
18:51 gram_schmidt: Removing vector 66 of norm 0.0
18:51 gram_schmidt: Removing vector 67 of norm 0.0
18:51 gram_schmidt: Removing vector 68 of norm 0.0
18:51 gram_schmidt: Removing vector 69 of norm 0.0
18:51 gram_schmidt: Removing vector 70 of norm 0.0
18:51 gram_schmidt: Removing vector 71 of norm 0.0
18:51 gram_schmidt: Removing vector 72 of norm 0.0
18:51 gram_schmidt: Removing vector 73 of norm 0.0
18:51 gram_schmidt: Removing vector 74 of norm 0.0
18:51 gram_schmidt: Removing vector 75 of norm 0.0
18:51 gram_schmidt: Removing vector 76 of norm 0.0
18:51 gram_schmidt: Removing vector 77 of norm 0.0
18:51 gram_schmidt: Removing vector 78 of norm 0.0
18:51 gram_schmidt: Removing vector 79 of norm 0.0
18:51 gram_schmidt: Removing vector 80 of norm 0.0
18:51 gram_schmidt: Removing vector 81 of norm 0.0
18:51 gram_schmidt: Removing vector 82 of norm 0.0
18:51 gram_schmidt: Removing vector 83 of norm 0.0
18:51 gram_schmidt: Removing vector 84 of norm 0.0
18:51 gram_schmidt: Removing vector 85 of norm 0.0
18:51 gram_schmidt: Removing vector 86 of norm 0.0
18:51 gram_schmidt: Removing vector 87 of norm 0.0
18:51 gram_schmidt: Removing vector 88 of norm 0.0
18:51 gram_schmidt: Removing vector 89 of norm 0.0
18:51 gram_schmidt: Removing vector 90 of norm 0.0
18:51 gram_schmidt: Removing vector 91 of norm 0.0
18:51 gram_schmidt: Removing vector 92 of norm 0.0
18:51 gram_schmidt: Removing vector 93 of norm 0.0
18:51 gram_schmidt: Removing vector 94 of norm 0.0
18:51 gram_schmidt: Removing vector 95 of norm 0.0
18:51 gram_schmidt: Removing vector 96 of norm 0.0
18:51 gram_schmidt: Removing vector 97 of norm 0.0
18:51 gram_schmidt: Removing vector 98 of norm 0.0
18:51 gram_schmidt: Removing vector 99 of norm 0.0
18:51 gram_schmidt: Removing vector 100 of norm 0.0
18:51 gram_schmidt: Removing vector 101 of norm 0.0
18:51 gram_schmidt: Removing vector 0 of norm 0.0
18:51 gram_schmidt: Removing vector 1 of norm 0.0
18:51 gram_schmidt: Removing vector 2 of norm 0.0
18:51 gram_schmidt: Removing vector 3 of norm 0.0
18:51 gram_schmidt: Removing vector 4 of norm 0.0
18:51 gram_schmidt: Removing vector 5 of norm 0.0
18:51 gram_schmidt: Removing vector 6 of norm 0.0
18:51 gram_schmidt: Removing vector 7 of norm 0.0
18:51 gram_schmidt: Removing vector 8 of norm 0.0
18:51 gram_schmidt: Removing vector 9 of norm 0.0
18:51 gram_schmidt: Removing vector 10 of norm 0.0
18:51 gram_schmidt: Removing vector 11 of norm 0.0
18:51 gram_schmidt: Removing vector 12 of norm 0.0
18:51 gram_schmidt: Removing vector 13 of norm 0.0
18:51 gram_schmidt: Removing vector 14 of norm 0.0
18:51 gram_schmidt: Removing vector 15 of norm 0.0
18:51 gram_schmidt: Removing vector 16 of norm 0.0
18:51 gram_schmidt: Removing vector 17 of norm 0.0
18:51 gram_schmidt: Removing vector 18 of norm 0.0
18:51 gram_schmidt: Removing vector 19 of norm 0.0
18:51 gram_schmidt: Removing vector 20 of norm 0.0
18:51 gram_schmidt: Removing vector 21 of norm 0.0
18:51 gram_schmidt: Removing vector 22 of norm 0.0
18:51 gram_schmidt: Removing vector 23 of norm 0.0
18:51 gram_schmidt: Removing vector 24 of norm 0.0
18:51 gram_schmidt: Removing vector 25 of norm 0.0
18:51 gram_schmidt: Removing vector 26 of norm 0.0
18:51 gram_schmidt: Removing vector 27 of norm 0.0
18:51 gram_schmidt: Removing vector 28 of norm 0.0
18:51 gram_schmidt: Removing vector 29 of norm 0.0
18:51 gram_schmidt: Removing vector 30 of norm 0.0
18:51 gram_schmidt: Removing vector 31 of norm 0.0
18:51 gram_schmidt: Removing vector 32 of norm 0.0
18:51 gram_schmidt: Removing vector 33 of norm 0.0
18:51 gram_schmidt: Removing vector 34 of norm 0.0
18:51 gram_schmidt: Removing vector 35 of norm 0.0
18:51 gram_schmidt: Removing vector 36 of norm 0.0
18:51 gram_schmidt: Removing vector 37 of norm 0.0
18:51 gram_schmidt: Removing vector 38 of norm 0.0
18:51 gram_schmidt: Removing vector 39 of norm 0.0
18:51 gram_schmidt: Removing vector 40 of norm 0.0
18:51 gram_schmidt: Removing vector 41 of norm 0.0
18:51 gram_schmidt: Removing vector 42 of norm 0.0
18:51 gram_schmidt: Removing vector 43 of norm 0.0
18:51 gram_schmidt: Removing vector 44 of norm 0.0
18:51 gram_schmidt: Removing vector 45 of norm 0.0
18:51 gram_schmidt: Removing vector 46 of norm 0.0
18:51 gram_schmidt: Removing vector 47 of norm 0.0
18:51 gram_schmidt: Removing vector 48 of norm 0.0
18:51 gram_schmidt: Removing vector 49 of norm 0.0
18:51 gram_schmidt: Removing vector 50 of norm 0.0
18:51 gram_schmidt: Removing vector 51 of norm 0.0
18:51 gram_schmidt: Removing vector 52 of norm 0.0
18:51 gram_schmidt: Removing vector 53 of norm 0.0
18:51 gram_schmidt: Removing vector 54 of norm 0.0
18:51 gram_schmidt: Removing vector 55 of norm 0.0
18:51 gram_schmidt: Removing vector 56 of norm 0.0
18:51 gram_schmidt: Removing vector 57 of norm 0.0
18:51 gram_schmidt: Removing vector 58 of norm 0.0
18:51 gram_schmidt: Removing vector 59 of norm 0.0
18:51 gram_schmidt: Removing vector 60 of norm 0.0
18:51 gram_schmidt: Removing vector 61 of norm 0.0
18:51 gram_schmidt: Removing vector 62 of norm 0.0
18:51 gram_schmidt: Removing vector 63 of norm 0.0
18:51 gram_schmidt: Removing vector 64 of norm 0.0
18:51 gram_schmidt: Removing vector 65 of norm 0.0
18:51 gram_schmidt: Removing vector 66 of norm 0.0
18:51 gram_schmidt: Removing vector 67 of norm 0.0
18:51 gram_schmidt: Removing vector 68 of norm 0.0
18:51 gram_schmidt: Removing vector 69 of norm 0.0
18:51 gram_schmidt: Removing vector 70 of norm 0.0
18:51 gram_schmidt: Removing vector 71 of norm 0.0
18:51 gram_schmidt: Removing vector 72 of norm 0.0
18:51 gram_schmidt: Removing vector 73 of norm 0.0
18:51 gram_schmidt: Removing vector 74 of norm 0.0
18:51 gram_schmidt: Removing vector 75 of norm 0.0
18:51 gram_schmidt: Removing vector 76 of norm 0.0
18:51 gram_schmidt: Removing vector 77 of norm 0.0
18:51 gram_schmidt: Removing vector 78 of norm 0.0
18:51 gram_schmidt: Removing vector 79 of norm 0.0
18:51 gram_schmidt: Removing vector 80 of norm 0.0
18:51 gram_schmidt: Removing vector 81 of norm 0.0
18:51 gram_schmidt: Removing vector 82 of norm 0.0
18:51 gram_schmidt: Removing vector 83 of norm 0.0
18:51 gram_schmidt: Removing vector 84 of norm 0.0
18:51 gram_schmidt: Removing vector 85 of norm 0.0
18:51 gram_schmidt: Removing vector 86 of norm 0.0
18:51 gram_schmidt: Removing vector 87 of norm 0.0
18:51 gram_schmidt: Removing vector 88 of norm 0.0
18:51 gram_schmidt: Removing vector 89 of norm 0.0
18:51 gram_schmidt: Removing vector 90 of norm 0.0
18:51 gram_schmidt: Removing vector 91 of norm 0.0
18:51 gram_schmidt: Removing vector 92 of norm 0.0
18:51 gram_schmidt: Removing vector 93 of norm 0.0
18:51 gram_schmidt: Removing vector 94 of norm 0.0
18:51 gram_schmidt: Removing vector 95 of norm 0.0
18:51 gram_schmidt: Removing vector 96 of norm 0.0
18:51 gram_schmidt: Removing vector 97 of norm 0.0
18:51 gram_schmidt: Removing vector 98 of norm 0.0
18:51 gram_schmidt: Removing vector 99 of norm 0.0
18:51 gram_schmidt: Removing vector 100 of norm 0.0
18:51 gram_schmidt: Removing vector 101 of norm 0.0
</system-err></testcase><testcase classname="src.pymortests.algorithms.gram_schmidt" file="src/pymortests/algorithms/gram_schmidt.py" line="26" name="test_gram_schmidt_with_R[0-&lt;lambda&gt;0]" time="0.0029916763305664062"></testcase><testcase classname="src.pymortests.algorithms.gram_schmidt" file="src/pymortests/algorithms/gram_schmidt.py" line="26" name="test_gram_schmidt_with_R[0-&lt;lambda&gt;1]" time="0.002340078353881836"></testcase><testcase classname="src.pymortests.algorithms.gram_schmidt" file="src/pymortests/algorithms/gram_schmidt.py" line="26" name="test_gram_schmidt_with_R[0-&lt;lambda&gt;2]" time="0.0024492740631103516"></testcase><testcase classname="src.pymortests.algorithms.gram_schmidt" file="src/pymortests/algorithms/gram_schmidt.py" line="26" name="test_gram_schmidt_with_R[0-&lt;lambda&gt;3]" time="0.1238560676574707"><system-err>18:51 gram_schmidt: Orthonormalizing vector 31 again
18:51 gram_schmidt: Removing linearly dependent vector 32
18:51 gram_schmidt: Removing linearly dependent vector 33
18:51 gram_schmidt: Removing linearly dependent vector 34
18:51 gram_schmidt: Removing linearly dependent vector 35
18:51 gram_schmidt: Removing linearly dependent vector 36
18:51 gram_schmidt: Removing linearly dependent vector 37
18:51 gram_schmidt: Removing linearly dependent vector 38
18:51 gram_schmidt: Removing linearly dependent vector 39
18:51 gram_schmidt: Removing linearly dependent vector 40
18:51 gram_schmidt: Removing linearly dependent vector 41
18:51 gram_schmidt: Removing linearly dependent vector 42
18:51 gram_schmidt: Orthonormalizing vector 31 again
18:51 gram_schmidt: Removing linearly dependent vector 32
18:51 gram_schmidt: Removing linearly dependent vector 33
18:51 gram_schmidt: Removing linearly dependent vector 34
18:51 gram_schmidt: Removing linearly dependent vector 35
18:51 gram_schmidt: Removing linearly dependent vector 36
18:51 gram_schmidt: Removing linearly dependent vector 37
18:51 gram_schmidt: Removing linearly dependent vector 38
18:51 gram_schmidt: Removing linearly dependent vector 39
18:51 gram_schmidt: Removing linearly dependent vector 40
18:51 gram_schmidt: Removing linearly dependent vector 41
18:51 gram_schmidt: Removing linearly dependent vector 42
</system-err></testcase><testcase classname="src.pymortests.algorithms.gram_schmidt" file="src/pymortests/algorithms/gram_schmidt.py" line="26" name="test_gram_schmidt_with_R[0-&lt;lambda&gt;4]" time="0.023850679397583008"><system-err>18:51 gram_schmidt: Removing vector 0 of norm 0.0
18:51 gram_schmidt: Removing vector 1 of norm 0.0
18:51 gram_schmidt: Removing vector 2 of norm 0.0
18:51 gram_schmidt: Removing vector 3 of norm 0.0
18:51 gram_schmidt: Removing vector 4 of norm 0.0
18:51 gram_schmidt: Removing vector 5 of norm 0.0
18:51 gram_schmidt: Removing vector 6 of norm 0.0
18:51 gram_schmidt: Removing vector 7 of norm 0.0
18:51 gram_schmidt: Removing vector 8 of norm 0.0
18:51 gram_schmidt: Removing vector 9 of norm 0.0
18:51 gram_schmidt: Removing vector 10 of norm 0.0
18:51 gram_schmidt: Removing vector 11 of norm 0.0
18:51 gram_schmidt: Removing vector 12 of norm 0.0
18:51 gram_schmidt: Removing vector 13 of norm 0.0
18:51 gram_schmidt: Removing vector 14 of norm 0.0
18:51 gram_schmidt: Removing vector 15 of norm 0.0
18:51 gram_schmidt: Removing vector 16 of norm 0.0
18:51 gram_schmidt: Removing vector 17 of norm 0.0
18:51 gram_schmidt: Removing vector 18 of norm 0.0
18:51 gram_schmidt: Removing vector 19 of norm 0.0
18:51 gram_schmidt: Removing vector 20 of norm 0.0
18:51 gram_schmidt: Removing vector 21 of norm 0.0
18:51 gram_schmidt: Removing vector 22 of norm 0.0
18:51 gram_schmidt: Removing vector 23 of norm 0.0
18:51 gram_schmidt: Removing vector 24 of norm 0.0
18:51 gram_schmidt: Removing vector 25 of norm 0.0
18:51 gram_schmidt: Removing vector 26 of norm 0.0
18:51 gram_schmidt: Removing vector 27 of norm 0.0
18:51 gram_schmidt: Removing vector 28 of norm 0.0
18:51 gram_schmidt: Removing vector 29 of norm 0.0
18:51 gram_schmidt: Removing vector 30 of norm 0.0
18:51 gram_schmidt: Removing vector 31 of norm 0.0
18:51 gram_schmidt: Removing vector 32 of norm 0.0
18:51 gram_schmidt: Removing vector 33 of norm 0.0
18:51 gram_schmidt: Removing vector 34 of norm 0.0
18:51 gram_schmidt: Removing vector 35 of norm 0.0
18:51 gram_schmidt: Removing vector 36 of norm 0.0
18:51 gram_schmidt: Removing vector 37 of norm 0.0
18:51 gram_schmidt: Removing vector 38 of norm 0.0
18:51 gram_schmidt: Removing vector 39 of norm 0.0
18:51 gram_schmidt: Removing vector 40 of norm 0.0
18:51 gram_schmidt: Removing vector 41 of norm 0.0
18:51 gram_schmidt: Removing vector 42 of norm 0.0
18:51 gram_schmidt: Removing vector 43 of norm 0.0
18:51 gram_schmidt: Removing vector 44 of norm 0.0
18:51 gram_schmidt: Removing vector 45 of norm 0.0
18:51 gram_schmidt: Removing vector 46 of norm 0.0
18:51 gram_schmidt: Removing vector 47 of norm 0.0
18:51 gram_schmidt: Removing vector 48 of norm 0.0
18:51 gram_schmidt: Removing vector 49 of norm 0.0
18:51 gram_schmidt: Removing vector 50 of norm 0.0
18:51 gram_schmidt: Removing vector 51 of norm 0.0
18:51 gram_schmidt: Removing vector 52 of norm 0.0
18:51 gram_schmidt: Removing vector 53 of norm 0.0
18:51 gram_schmidt: Removing vector 54 of norm 0.0
18:51 gram_schmidt: Removing vector 55 of norm 0.0
18:51 gram_schmidt: Removing vector 56 of norm 0.0
18:51 gram_schmidt: Removing vector 57 of norm 0.0
18:51 gram_schmidt: Removing vector 58 of norm 0.0
18:51 gram_schmidt: Removing vector 59 of norm 0.0
18:51 gram_schmidt: Removing vector 60 of norm 0.0
18:51 gram_schmidt: Removing vector 61 of norm 0.0
18:51 gram_schmidt: Removing vector 62 of norm 0.0
18:51 gram_schmidt: Removing vector 63 of norm 0.0
18:51 gram_schmidt: Removing vector 64 of norm 0.0
18:51 gram_schmidt: Removing vector 65 of norm 0.0
18:51 gram_schmidt: Removing vector 66 of norm 0.0
18:51 gram_schmidt: Removing vector 67 of norm 0.0
18:51 gram_schmidt: Removing vector 68 of norm 0.0
18:51 gram_schmidt: Removing vector 69 of norm 0.0
18:51 gram_schmidt: Removing vector 70 of norm 0.0
18:51 gram_schmidt: Removing vector 71 of norm 0.0
18:51 gram_schmidt: Removing vector 72 of norm 0.0
18:51 gram_schmidt: Removing vector 73 of norm 0.0
18:51 gram_schmidt: Removing vector 74 of norm 0.0
18:51 gram_schmidt: Removing vector 75 of norm 0.0
18:51 gram_schmidt: Removing vector 76 of norm 0.0
18:51 gram_schmidt: Removing vector 77 of norm 0.0
18:51 gram_schmidt: Removing vector 78 of norm 0.0
18:51 gram_schmidt: Removing vector 79 of norm 0.0
18:51 gram_schmidt: Removing vector 80 of norm 0.0
18:51 gram_schmidt: Removing vector 81 of norm 0.0
18:51 gram_schmidt: Removing vector 82 of norm 0.0
18:51 gram_schmidt: Removing vector 83 of norm 0.0
18:51 gram_schmidt: Removing vector 84 of norm 0.0
18:51 gram_schmidt: Removing vector 85 of norm 0.0
18:51 gram_schmidt: Removing vector 86 of norm 0.0
18:51 gram_schmidt: Removing vector 87 of norm 0.0
18:51 gram_schmidt: Removing vector 88 of norm 0.0
18:51 gram_schmidt: Removing vector 89 of norm 0.0
18:51 gram_schmidt: Removing vector 90 of norm 0.0
18:51 gram_schmidt: Removing vector 91 of norm 0.0
18:51 gram_schmidt: Removing vector 92 of norm 0.0
18:51 gram_schmidt: Removing vector 93 of norm 0.0
18:51 gram_schmidt: Removing vector 94 of norm 0.0
18:51 gram_schmidt: Removing vector 95 of norm 0.0
18:51 gram_schmidt: Removing vector 96 of norm 0.0
18:51 gram_schmidt: Removing vector 97 of norm 0.0
18:51 gram_schmidt: Removing vector 98 of norm 0.0
18:51 gram_schmidt: Removing vector 99 of norm 0.0
18:51 gram_schmidt: Removing vector 100 of norm 0.0
18:51 gram_schmidt: Removing vector 101 of norm 0.0
18:51 gram_schmidt: Removing vector 0 of norm 0.0
18:51 gram_schmidt: Removing vector 1 of norm 0.0
18:51 gram_schmidt: Removing vector 2 of norm 0.0
18:51 gram_schmidt: Removing vector 3 of norm 0.0
18:51 gram_schmidt: Removing vector 4 of norm 0.0
18:51 gram_schmidt: Removing vector 5 of norm 0.0
18:51 gram_schmidt: Removing vector 6 of norm 0.0
18:51 gram_schmidt: Removing vector 7 of norm 0.0
18:51 gram_schmidt: Removing vector 8 of norm 0.0
18:51 gram_schmidt: Removing vector 9 of norm 0.0
18:51 gram_schmidt: Removing vector 10 of norm 0.0
18:51 gram_schmidt: Removing vector 11 of norm 0.0
18:51 gram_schmidt: Removing vector 12 of norm 0.0
18:51 gram_schmidt: Removing vector 13 of norm 0.0
18:51 gram_schmidt: Removing vector 14 of norm 0.0
18:51 gram_schmidt: Removing vector 15 of norm 0.0
18:51 gram_schmidt: Removing vector 16 of norm 0.0
18:51 gram_schmidt: Removing vector 17 of norm 0.0
18:51 gram_schmidt: Removing vector 18 of norm 0.0
18:51 gram_schmidt: Removing vector 19 of norm 0.0
18:51 gram_schmidt: Removing vector 20 of norm 0.0
18:51 gram_schmidt: Removing vector 21 of norm 0.0
18:51 gram_schmidt: Removing vector 22 of norm 0.0
18:51 gram_schmidt: Removing vector 23 of norm 0.0
18:51 gram_schmidt: Removing vector 24 of norm 0.0
18:51 gram_schmidt: Removing vector 25 of norm 0.0
18:51 gram_schmidt: Removing vector 26 of norm 0.0
18:51 gram_schmidt: Removing vector 27 of norm 0.0
18:51 gram_schmidt: Removing vector 28 of norm 0.0
18:51 gram_schmidt: Removing vector 29 of norm 0.0
18:51 gram_schmidt: Removing vector 30 of norm 0.0
18:51 gram_schmidt: Removing vector 31 of norm 0.0
18:51 gram_schmidt: Removing vector 32 of norm 0.0
18:51 gram_schmidt: Removing vector 33 of norm 0.0
18:51 gram_schmidt: Removing vector 34 of norm 0.0
18:51 gram_schmidt: Removing vector 35 of norm 0.0
18:51 gram_schmidt: Removing vector 36 of norm 0.0
18:51 gram_schmidt: Removing vector 37 of norm 0.0
18:51 gram_schmidt: Removing vector 38 of norm 0.0
18:51 gram_schmidt: Removing vector 39 of norm 0.0
18:51 gram_schmidt: Removing vector 40 of norm 0.0
18:51 gram_schmidt: Removing vector 41 of norm 0.0
18:51 gram_schmidt: Removing vector 42 of norm 0.0
18:51 gram_schmidt: Removing vector 43 of norm 0.0
18:51 gram_schmidt: Removing vector 44 of norm 0.0
18:51 gram_schmidt: Removing vector 45 of norm 0.0
18:51 gram_schmidt: Removing vector 46 of norm 0.0
18:51 gram_schmidt: Removing vector 47 of norm 0.0
18:51 gram_schmidt: Removing vector 48 of norm 0.0
18:51 gram_schmidt: Removing vector 49 of norm 0.0
18:51 gram_schmidt: Removing vector 50 of norm 0.0
18:51 gram_schmidt: Removing vector 51 of norm 0.0
18:51 gram_schmidt: Removing vector 52 of norm 0.0
18:51 gram_schmidt: Removing vector 53 of norm 0.0
18:51 gram_schmidt: Removing vector 54 of norm 0.0
18:51 gram_schmidt: Removing vector 55 of norm 0.0
18:51 gram_schmidt: Removing vector 56 of norm 0.0
18:51 gram_schmidt: Removing vector 57 of norm 0.0
18:51 gram_schmidt: Removing vector 58 of norm 0.0
18:51 gram_schmidt: Removing vector 59 of norm 0.0
18:51 gram_schmidt: Removing vector 60 of norm 0.0
18:51 gram_schmidt: Removing vector 61 of norm 0.0
18:51 gram_schmidt: Removing vector 62 of norm 0.0
18:51 gram_schmidt: Removing vector 63 of norm 0.0
18:51 gram_schmidt: Removing vector 64 of norm 0.0
18:51 gram_schmidt: Removing vector 65 of norm 0.0
18:51 gram_schmidt: Removing vector 66 of norm 0.0
18:51 gram_schmidt: Removing vector 67 of norm 0.0
18:51 gram_schmidt: Removing vector 68 of norm 0.0
18:51 gram_schmidt: Removing vector 69 of norm 0.0
18:51 gram_schmidt: Removing vector 70 of norm 0.0
18:51 gram_schmidt: Removing vector 71 of norm 0.0
18:51 gram_schmidt: Removing vector 72 of norm 0.0
18:51 gram_schmidt: Removing vector 73 of norm 0.0
18:51 gram_schmidt: Removing vector 74 of norm 0.0
18:51 gram_schmidt: Removing vector 75 of norm 0.0
18:51 gram_schmidt: Removing vector 76 of norm 0.0
18:51 gram_schmidt: Removing vector 77 of norm 0.0
18:51 gram_schmidt: Removing vector 78 of norm 0.0
18:51 gram_schmidt: Removing vector 79 of norm 0.0
18:51 gram_schmidt: Removing vector 80 of norm 0.0
18:51 gram_schmidt: Removing vector 81 of norm 0.0
18:51 gram_schmidt: Removing vector 82 of norm 0.0
18:51 gram_schmidt: Removing vector 83 of norm 0.0
18:51 gram_schmidt: Removing vector 84 of norm 0.0
18:51 gram_schmidt: Removing vector 85 of norm 0.0
18:51 gram_schmidt: Removing vector 86 of norm 0.0
18:51 gram_schmidt: Removing vector 87 of norm 0.0
18:51 gram_schmidt: Removing vector 88 of norm 0.0
18:51 gram_schmidt: Removing vector 89 of norm 0.0
18:51 gram_schmidt: Removing vector 90 of norm 0.0
18:51 gram_schmidt: Removing vector 91 of norm 0.0
18:51 gram_schmidt: Removing vector 92 of norm 0.0
18:51 gram_schmidt: Removing vector 93 of norm 0.0
18:51 gram_schmidt: Removing vector 94 of norm 0.0
18:51 gram_schmidt: Removing vector 95 of norm 0.0
18:51 gram_schmidt: Removing vector 96 of norm 0.0
18:51 gram_schmidt: Removing vector 97 of norm 0.0
18:51 gram_schmidt: Removing vector 98 of norm 0.0
18:51 gram_schmidt: Removing vector 99 of norm 0.0
18:51 gram_schmidt: Removing vector 100 of norm 0.0
18:51 gram_schmidt: Removing vector 101 of norm 0.0
</system-err></testcase><testcase classname="src.pymortests.algorithms.gram_schmidt" file="src/pymortests/algorithms/gram_schmidt.py" line="26" name="test_gram_schmidt_with_R[0-&lt;lambda&gt;5]" time="0.00286865234375"></testcase><testcase classname="src.pymortests.algorithms.gram_schmidt" file="src/pymortests/algorithms/gram_schmidt.py" line="26" name="test_gram_schmidt_with_R[0-&lt;lambda&gt;6]" time="0.002071857452392578"></testcase><testcase classname="src.pymortests.algorithms.gram_schmidt" file="src/pymortests/algorithms/gram_schmidt.py" line="26" name="test_gram_schmidt_with_R[0-&lt;lambda&gt;7]" time="0.0026390552520751953"></testcase><testcase classname="src.pymortests.algorithms.gram_schmidt" file="src/pymortests/algorithms/gram_schmidt.py" line="26" name="test_gram_schmidt_with_R[0-&lt;lambda&gt;8]" time="0.23855113983154297"><system-err>18:51 gram_schmidt: Orthonormalizing vector 31 again
18:51 gram_schmidt: Removing linearly dependent vector 32
18:51 gram_schmidt: Removing linearly dependent vector 33
18:51 gram_schmidt: Removing linearly dependent vector 34
18:51 gram_schmidt: Removing linearly dependent vector 35
18:51 gram_schmidt: Removing linearly dependent vector 36
18:51 gram_schmidt: Removing linearly dependent vector 37
18:51 gram_schmidt: Removing linearly dependent vector 38
18:51 gram_schmidt: Removing linearly dependent vector 39
18:51 gram_schmidt: Removing linearly dependent vector 40
18:51 gram_schmidt: Removing linearly dependent vector 41
18:51 gram_schmidt: Removing linearly dependent vector 42
18:51 gram_schmidt: Orthonormalizing vector 31 again
18:51 gram_schmidt: Removing linearly dependent vector 32
18:51 gram_schmidt: Removing linearly dependent vector 33
18:51 gram_schmidt: Removing linearly dependent vector 34
18:51 gram_schmidt: Removing linearly dependent vector 35
18:51 gram_schmidt: Removing linearly dependent vector 36
18:51 gram_schmidt: Removing linearly dependent vector 37
18:51 gram_schmidt: Removing linearly dependent vector 38
18:51 gram_schmidt: Removing linearly dependent vector 39
18:51 gram_schmidt: Removing linearly dependent vector 40
18:51 gram_schmidt: Removing linearly dependent vector 41
18:51 gram_schmidt: Removing linearly dependent vector 42
</system-err></testcase><testcase classname="src.pymortests.algorithms.gram_schmidt" file="src/pymortests/algorithms/gram_schmidt.py" line="26" name="test_gram_schmidt_with_R[0-&lt;lambda&gt;9]" time="0.03346705436706543"><system-err>18:51 gram_schmidt: Removing vector 0 of norm 0.0
18:51 gram_schmidt: Removing vector 1 of norm 0.0
18:51 gram_schmidt: Removing vector 2 of norm 0.0
18:51 gram_schmidt: Removing vector 3 of norm 0.0
18:51 gram_schmidt: Removing vector 4 of norm 0.0
18:51 gram_schmidt: Removing vector 5 of norm 0.0
18:51 gram_schmidt: Removing vector 6 of norm 0.0
18:51 gram_schmidt: Removing vector 7 of norm 0.0
18:51 gram_schmidt: Removing vector 8 of norm 0.0
18:51 gram_schmidt: Removing vector 9 of norm 0.0
18:51 gram_schmidt: Removing vector 10 of norm 0.0
18:51 gram_schmidt: Removing vector 11 of norm 0.0
18:51 gram_schmidt: Removing vector 12 of norm 0.0
18:51 gram_schmidt: Removing vector 13 of norm 0.0
18:51 gram_schmidt: Removing vector 14 of norm 0.0
18:51 gram_schmidt: Removing vector 15 of norm 0.0
18:51 gram_schmidt: Removing vector 16 of norm 0.0
18:51 gram_schmidt: Removing vector 17 of norm 0.0
18:51 gram_schmidt: Removing vector 18 of norm 0.0
18:51 gram_schmidt: Removing vector 19 of norm 0.0
18:51 gram_schmidt: Removing vector 20 of norm 0.0
18:51 gram_schmidt: Removing vector 21 of norm 0.0
18:51 gram_schmidt: Removing vector 22 of norm 0.0
18:51 gram_schmidt: Removing vector 23 of norm 0.0
18:51 gram_schmidt: Removing vector 24 of norm 0.0
18:51 gram_schmidt: Removing vector 25 of norm 0.0
18:51 gram_schmidt: Removing vector 26 of norm 0.0
18:51 gram_schmidt: Removing vector 27 of norm 0.0
18:51 gram_schmidt: Removing vector 28 of norm 0.0
18:51 gram_schmidt: Removing vector 29 of norm 0.0
18:51 gram_schmidt: Removing vector 30 of norm 0.0
18:51 gram_schmidt: Removing vector 31 of norm 0.0
18:51 gram_schmidt: Removing vector 32 of norm 0.0
18:51 gram_schmidt: Removing vector 33 of norm 0.0
18:51 gram_schmidt: Removing vector 34 of norm 0.0
18:51 gram_schmidt: Removing vector 35 of norm 0.0
18:51 gram_schmidt: Removing vector 36 of norm 0.0
18:51 gram_schmidt: Removing vector 37 of norm 0.0
18:51 gram_schmidt: Removing vector 38 of norm 0.0
18:51 gram_schmidt: Removing vector 39 of norm 0.0
18:51 gram_schmidt: Removing vector 40 of norm 0.0
18:51 gram_schmidt: Removing vector 41 of norm 0.0
18:51 gram_schmidt: Removing vector 42 of norm 0.0
18:51 gram_schmidt: Removing vector 43 of norm 0.0
18:51 gram_schmidt: Removing vector 44 of norm 0.0
18:51 gram_schmidt: Removing vector 45 of norm 0.0
18:51 gram_schmidt: Removing vector 46 of norm 0.0
18:51 gram_schmidt: Removing vector 47 of norm 0.0
18:51 gram_schmidt: Removing vector 48 of norm 0.0
18:51 gram_schmidt: Removing vector 49 of norm 0.0
18:51 gram_schmidt: Removing vector 50 of norm 0.0
18:51 gram_schmidt: Removing vector 51 of norm 0.0
18:51 gram_schmidt: Removing vector 52 of norm 0.0
18:51 gram_schmidt: Removing vector 53 of norm 0.0
18:51 gram_schmidt: Removing vector 54 of norm 0.0
18:51 gram_schmidt: Removing vector 55 of norm 0.0
18:51 gram_schmidt: Removing vector 56 of norm 0.0
18:51 gram_schmidt: Removing vector 57 of norm 0.0
18:51 gram_schmidt: Removing vector 58 of norm 0.0
18:51 gram_schmidt: Removing vector 59 of norm 0.0
18:51 gram_schmidt: Removing vector 60 of norm 0.0
18:51 gram_schmidt: Removing vector 61 of norm 0.0
18:51 gram_schmidt: Removing vector 62 of norm 0.0
18:51 gram_schmidt: Removing vector 63 of norm 0.0
18:51 gram_schmidt: Removing vector 64 of norm 0.0
18:51 gram_schmidt: Removing vector 65 of norm 0.0
18:51 gram_schmidt: Removing vector 66 of norm 0.0
18:51 gram_schmidt: Removing vector 67 of norm 0.0
18:51 gram_schmidt: Removing vector 68 of norm 0.0
18:51 gram_schmidt: Removing vector 69 of norm 0.0
18:51 gram_schmidt: Removing vector 70 of norm 0.0
18:51 gram_schmidt: Removing vector 71 of norm 0.0
18:51 gram_schmidt: Removing vector 72 of norm 0.0
18:51 gram_schmidt: Removing vector 73 of norm 0.0
18:51 gram_schmidt: Removing vector 74 of norm 0.0
18:51 gram_schmidt: Removing vector 75 of norm 0.0
18:51 gram_schmidt: Removing vector 76 of norm 0.0
18:51 gram_schmidt: Removing vector 77 of norm 0.0
18:51 gram_schmidt: Removing vector 78 of norm 0.0
18:51 gram_schmidt: Removing vector 79 of norm 0.0
18:51 gram_schmidt: Removing vector 80 of norm 0.0
18:51 gram_schmidt: Removing vector 81 of norm 0.0
18:51 gram_schmidt: Removing vector 82 of norm 0.0
18:51 gram_schmidt: Removing vector 83 of norm 0.0
18:51 gram_schmidt: Removing vector 84 of norm 0.0
18:51 gram_schmidt: Removing vector 85 of norm 0.0
18:51 gram_schmidt: Removing vector 86 of norm 0.0
18:51 gram_schmidt: Removing vector 87 of norm 0.0
18:51 gram_schmidt: Removing vector 88 of norm 0.0
18:51 gram_schmidt: Removing vector 89 of norm 0.0
18:51 gram_schmidt: Removing vector 90 of norm 0.0
18:51 gram_schmidt: Removing vector 91 of norm 0.0
18:51 gram_schmidt: Removing vector 92 of norm 0.0
18:51 gram_schmidt: Removing vector 93 of norm 0.0
18:51 gram_schmidt: Removing vector 94 of norm 0.0
18:51 gram_schmidt: Removing vector 95 of norm 0.0
18:51 gram_schmidt: Removing vector 96 of norm 0.0
18:51 gram_schmidt: Removing vector 97 of norm 0.0
18:51 gram_schmidt: Removing vector 98 of norm 0.0
18:51 gram_schmidt: Removing vector 99 of norm 0.0
18:51 gram_schmidt: Removing vector 100 of norm 0.0
18:51 gram_schmidt: Removing vector 101 of norm 0.0
18:52 gram_schmidt: Removing vector 0 of norm 0.0
18:52 gram_schmidt: Removing vector 1 of norm 0.0
18:52 gram_schmidt: Removing vector 2 of norm 0.0
18:52 gram_schmidt: Removing vector 3 of norm 0.0
18:52 gram_schmidt: Removing vector 4 of norm 0.0
18:52 gram_schmidt: Removing vector 5 of norm 0.0
18:52 gram_schmidt: Removing vector 6 of norm 0.0
18:52 gram_schmidt: Removing vector 7 of norm 0.0
18:52 gram_schmidt: Removing vector 8 of norm 0.0
18:52 gram_schmidt: Removing vector 9 of norm 0.0
18:52 gram_schmidt: Removing vector 10 of norm 0.0
18:52 gram_schmidt: Removing vector 11 of norm 0.0
18:52 gram_schmidt: Removing vector 12 of norm 0.0
18:52 gram_schmidt: Removing vector 13 of norm 0.0
18:52 gram_schmidt: Removing vector 14 of norm 0.0
18:52 gram_schmidt: Removing vector 15 of norm 0.0
18:52 gram_schmidt: Removing vector 16 of norm 0.0
18:52 gram_schmidt: Removing vector 17 of norm 0.0
18:52 gram_schmidt: Removing vector 18 of norm 0.0
18:52 gram_schmidt: Removing vector 19 of norm 0.0
18:52 gram_schmidt: Removing vector 20 of norm 0.0
18:52 gram_schmidt: Removing vector 21 of norm 0.0
18:52 gram_schmidt: Removing vector 22 of norm 0.0
18:52 gram_schmidt: Removing vector 23 of norm 0.0
18:52 gram_schmidt: Removing vector 24 of norm 0.0
18:52 gram_schmidt: Removing vector 25 of norm 0.0
18:52 gram_schmidt: Removing vector 26 of norm 0.0
18:52 gram_schmidt: Removing vector 27 of norm 0.0
18:52 gram_schmidt: Removing vector 28 of norm 0.0
18:52 gram_schmidt: Removing vector 29 of norm 0.0
18:52 gram_schmidt: Removing vector 30 of norm 0.0
18:52 gram_schmidt: Removing vector 31 of norm 0.0
18:52 gram_schmidt: Removing vector 32 of norm 0.0
18:52 gram_schmidt: Removing vector 33 of norm 0.0
18:52 gram_schmidt: Removing vector 34 of norm 0.0
18:52 gram_schmidt: Removing vector 35 of norm 0.0
18:52 gram_schmidt: Removing vector 36 of norm 0.0
18:52 gram_schmidt: Removing vector 37 of norm 0.0
18:52 gram_schmidt: Removing vector 38 of norm 0.0
18:52 gram_schmidt: Removing vector 39 of norm 0.0
18:52 gram_schmidt: Removing vector 40 of norm 0.0
18:52 gram_schmidt: Removing vector 41 of norm 0.0
18:52 gram_schmidt: Removing vector 42 of norm 0.0
18:52 gram_schmidt: Removing vector 43 of norm 0.0
18:52 gram_schmidt: Removing vector 44 of norm 0.0
18:52 gram_schmidt: Removing vector 45 of norm 0.0
18:52 gram_schmidt: Removing vector 46 of norm 0.0
18:52 gram_schmidt: Removing vector 47 of norm 0.0
18:52 gram_schmidt: Removing vector 48 of norm 0.0
18:52 gram_schmidt: Removing vector 49 of norm 0.0
18:52 gram_schmidt: Removing vector 50 of norm 0.0
18:52 gram_schmidt: Removing vector 51 of norm 0.0
18:52 gram_schmidt: Removing vector 52 of norm 0.0
18:52 gram_schmidt: Removing vector 53 of norm 0.0
18:52 gram_schmidt: Removing vector 54 of norm 0.0
18:52 gram_schmidt: Removing vector 55 of norm 0.0
18:52 gram_schmidt: Removing vector 56 of norm 0.0
18:52 gram_schmidt: Removing vector 57 of norm 0.0
18:52 gram_schmidt: Removing vector 58 of norm 0.0
18:52 gram_schmidt: Removing vector 59 of norm 0.0
18:52 gram_schmidt: Removing vector 60 of norm 0.0
18:52 gram_schmidt: Removing vector 61 of norm 0.0
18:52 gram_schmidt: Removing vector 62 of norm 0.0
18:52 gram_schmidt: Removing vector 63 of norm 0.0
18:52 gram_schmidt: Removing vector 64 of norm 0.0
18:52 gram_schmidt: Removing vector 65 of norm 0.0
18:52 gram_schmidt: Removing vector 66 of norm 0.0
18:52 gram_schmidt: Removing vector 67 of norm 0.0
18:52 gram_schmidt: Removing vector 68 of norm 0.0
18:52 gram_schmidt: Removing vector 69 of norm 0.0
18:52 gram_schmidt: Removing vector 70 of norm 0.0
18:52 gram_schmidt: Removing vector 71 of norm 0.0
18:52 gram_schmidt: Removing vector 72 of norm 0.0
18:52 gram_schmidt: Removing vector 73 of norm 0.0
18:52 gram_schmidt: Removing vector 74 of norm 0.0
18:52 gram_schmidt: Removing vector 75 of norm 0.0
18:52 gram_schmidt: Removing vector 76 of norm 0.0
18:52 gram_schmidt: Removing vector 77 of norm 0.0
18:52 gram_schmidt: Removing vector 78 of norm 0.0
18:52 gram_schmidt: Removing vector 79 of norm 0.0
18:52 gram_schmidt: Removing vector 80 of norm 0.0
18:52 gram_schmidt: Removing vector 81 of norm 0.0
18:52 gram_schmidt: Removing vector 82 of norm 0.0
18:52 gram_schmidt: Removing vector 83 of norm 0.0
18:52 gram_schmidt: Removing vector 84 of norm 0.0
18:52 gram_schmidt: Removing vector 85 of norm 0.0
18:52 gram_schmidt: Removing vector 86 of norm 0.0
18:52 gram_schmidt: Removing vector 87 of norm 0.0
18:52 gram_schmidt: Removing vector 88 of norm 0.0
18:52 gram_schmidt: Removing vector 89 of norm 0.0
18:52 gram_schmidt: Removing vector 90 of norm 0.0
18:52 gram_schmidt: Removing vector 91 of norm 0.0
18:52 gram_schmidt: Removing vector 92 of norm 0.0
18:52 gram_schmidt: Removing vector 93 of norm 0.0
18:52 gram_schmidt: Removing vector 94 of norm 0.0
18:52 gram_schmidt: Removing vector 95 of norm 0.0
18:52 gram_schmidt: Removing vector 96 of norm 0.0
18:52 gram_schmidt: Removing vector 97 of norm 0.0
18:52 gram_schmidt: Removing vector 98 of norm 0.0
18:52 gram_schmidt: Removing vector 99 of norm 0.0
18:52 gram_schmidt: Removing vector 100 of norm 0.0
18:52 gram_schmidt: Removing vector 101 of norm 0.0
</system-err></testcase><testcase classname="src.pymortests.algorithms.gram_schmidt" file="src/pymortests/algorithms/gram_schmidt.py" line="26" name="test_gram_schmidt_with_R[0-&lt;lambda&gt;10]" time="0.004064083099365234"></testcase><testcase classname="src.pymortests.algorithms.gram_schmidt" file="src/pymortests/algorithms/gram_schmidt.py" line="26" name="test_gram_schmidt_with_R[0-&lt;lambda&gt;11]" time="0.008187294006347656"><system-err>18:52 gram_schmidt: Removing linearly dependent vector 3
18:52 gram_schmidt: Removing linearly dependent vector 3
</system-err></testcase><testcase classname="src.pymortests.algorithms.gram_schmidt" file="src/pymortests/algorithms/gram_schmidt.py" line="26" name="test_gram_schmidt_with_R[0-&lt;lambda&gt;12]" time="0.0055103302001953125"><system-err>18:52 gram_schmidt: Removing vector 0 of norm 0.0
18:52 gram_schmidt: Removing vector 1 of norm 0.0
18:52 gram_schmidt: Removing vector 2 of norm 0.0
18:52 gram_schmidt: Removing vector 0 of norm 0.0
18:52 gram_schmidt: Removing vector 1 of norm 0.0
18:52 gram_schmidt: Removing vector 2 of norm 0.0
</system-err></testcase><testcase classname="src.pymortests.algorithms.gram_schmidt" file="src/pymortests/algorithms/gram_schmidt.py" line="26" name="test_gram_schmidt_with_R[0-&lt;lambda&gt;13]" time="0.0029926300048828125"></testcase><testcase classname="src.pymortests.algorithms.gram_schmidt" file="src/pymortests/algorithms/gram_schmidt.py" line="26" name="test_gram_schmidt_with_R[0-&lt;lambda&gt;14]" time="0.005582332611083984"></testcase><testcase classname="src.pymortests.algorithms.gram_schmidt" file="src/pymortests/algorithms/gram_schmidt.py" line="26" name="test_gram_schmidt_with_R[0-&lt;lambda&gt;15]" time="0.46033501625061035"><system-err>18:52 gram_schmidt: Removing linearly dependent vector 36
18:52 gram_schmidt: Removing linearly dependent vector 37
18:52 gram_schmidt: Removing linearly dependent vector 38
18:52 gram_schmidt: Removing linearly dependent vector 39
18:52 gram_schmidt: Removing linearly dependent vector 40
18:52 gram_schmidt: Removing linearly dependent vector 41
18:52 gram_schmidt: Removing linearly dependent vector 42
18:52 gram_schmidt: Removing linearly dependent vector 36
18:52 gram_schmidt: Removing linearly dependent vector 37
18:52 gram_schmidt: Removing linearly dependent vector 38
18:52 gram_schmidt: Removing linearly dependent vector 39
18:52 gram_schmidt: Removing linearly dependent vector 40
18:52 gram_schmidt: Removing linearly dependent vector 41
18:52 gram_schmidt: Removing linearly dependent vector 42
</system-err></testcase><testcase classname="src.pymortests.algorithms.gram_schmidt" file="src/pymortests/algorithms/gram_schmidt.py" line="26" name="test_gram_schmidt_with_R[0-&lt;lambda&gt;16]" time="0.2405381202697754"><system-err>18:52 gram_schmidt: Removing linearly dependent vector 3
18:52 gram_schmidt: Removing linearly dependent vector 4
18:52 gram_schmidt: Removing linearly dependent vector 5
18:52 gram_schmidt: Removing linearly dependent vector 6
18:52 gram_schmidt: Removing linearly dependent vector 7
18:52 gram_schmidt: Removing linearly dependent vector 8
18:52 gram_schmidt: Removing linearly dependent vector 9
18:52 gram_schmidt: Removing linearly dependent vector 10
18:52 gram_schmidt: Removing linearly dependent vector 11
18:52 gram_schmidt: Removing linearly dependent vector 12
18:52 gram_schmidt: Removing linearly dependent vector 13
18:52 gram_schmidt: Removing linearly dependent vector 14
18:52 gram_schmidt: Removing linearly dependent vector 15
18:52 gram_schmidt: Removing linearly dependent vector 16
18:52 gram_schmidt: Removing linearly dependent vector 17
18:52 gram_schmidt: Removing linearly dependent vector 18
18:52 gram_schmidt: Removing linearly dependent vector 19
18:52 gram_schmidt: Removing linearly dependent vector 20
18:52 gram_schmidt: Removing linearly dependent vector 21
18:52 gram_schmidt: Removing linearly dependent vector 22
18:52 gram_schmidt: Removing linearly dependent vector 23
18:52 gram_schmidt: Removing linearly dependent vector 24
18:52 gram_schmidt: Removing linearly dependent vector 25
18:52 gram_schmidt: Removing linearly dependent vector 26
18:52 gram_schmidt: Removing linearly dependent vector 27
18:52 gram_schmidt: Removing linearly dependent vector 28
18:52 gram_schmidt: Removing linearly dependent vector 29
18:52 gram_schmidt: Removing linearly dependent vector 30
18:52 gram_schmidt: Removing linearly dependent vector 31
18:52 gram_schmidt: Removing linearly dependent vector 32
18:52 gram_schmidt: Removing linearly dependent vector 33
18:52 gram_schmidt: Removing linearly dependent vector 34
18:52 gram_schmidt: Removing linearly dependent vector 35
18:52 gram_schmidt: Removing linearly dependent vector 36
18:52 gram_schmidt: Removing linearly dependent vector 37
18:52 gram_schmidt: Removing linearly dependent vector 38
18:52 gram_schmidt: Removing linearly dependent vector 39
18:52 gram_schmidt: Removing linearly dependent vector 40
18:52 gram_schmidt: Removing linearly dependent vector 41
18:52 gram_schmidt: Removing linearly dependent vector 42
18:52 gram_schmidt: Removing linearly dependent vector 43
18:52 gram_schmidt: Removing linearly dependent vector 44
18:52 gram_schmidt: Removing linearly dependent vector 45
18:52 gram_schmidt: Removing linearly dependent vector 46
18:52 gram_schmidt: Removing linearly dependent vector 47
18:52 gram_schmidt: Removing linearly dependent vector 48
18:52 gram_schmidt: Removing linearly dependent vector 49
18:52 gram_schmidt: Removing linearly dependent vector 50
18:52 gram_schmidt: Removing linearly dependent vector 51
18:52 gram_schmidt: Removing linearly dependent vector 52
18:52 gram_schmidt: Removing linearly dependent vector 53
18:52 gram_schmidt: Removing linearly dependent vector 54
18:52 gram_schmidt: Removing linearly dependent vector 55
18:52 gram_schmidt: Removing linearly dependent vector 56
18:52 gram_schmidt: Removing linearly dependent vector 57
18:52 gram_schmidt: Removing linearly dependent vector 58
18:52 gram_schmidt: Removing linearly dependent vector 59
18:52 gram_schmidt: Removing linearly dependent vector 60
18:52 gram_schmidt: Removing linearly dependent vector 61
18:52 gram_schmidt: Removing linearly dependent vector 62
18:52 gram_schmidt: Removing linearly dependent vector 63
18:52 gram_schmidt: Removing linearly dependent vector 64
18:52 gram_schmidt: Removing linearly dependent vector 65
18:52 gram_schmidt: Removing linearly dependent vector 66
18:52 gram_schmidt: Removing linearly dependent vector 67
18:52 gram_schmidt: Removing linearly dependent vector 68
18:52 gram_schmidt: Removing linearly dependent vector 69
18:52 gram_schmidt: Removing linearly dependent vector 70
18:52 gram_schmidt: Removing linearly dependent vector 71
18:52 gram_schmidt: Removing linearly dependent vector 72
18:52 gram_schmidt: Removing linearly dependent vector 73
18:52 gram_schmidt: Removing linearly dependent vector 74
18:52 gram_schmidt: Removing linearly dependent vector 75
18:52 gram_schmidt: Removing linearly dependent vector 76
18:52 gram_schmidt: Removing linearly dependent vector 77
18:52 gram_schmidt: Removing linearly dependent vector 78
18:52 gram_schmidt: Removing linearly dependent vector 79
18:52 gram_schmidt: Removing linearly dependent vector 80
18:52 gram_schmidt: Removing linearly dependent vector 81
18:52 gram_schmidt: Removing linearly dependent vector 82
18:52 gram_schmidt: Removing linearly dependent vector 83
18:52 gram_schmidt: Removing linearly dependent vector 84
18:52 gram_schmidt: Removing linearly dependent vector 85
18:52 gram_schmidt: Removing linearly dependent vector 86
18:52 gram_schmidt: Removing linearly dependent vector 87
18:52 gram_schmidt: Removing linearly dependent vector 88
18:52 gram_schmidt: Removing linearly dependent vector 89
18:52 gram_schmidt: Removing linearly dependent vector 90
18:52 gram_schmidt: Removing linearly dependent vector 91
18:52 gram_schmidt: Removing linearly dependent vector 92
18:52 gram_schmidt: Removing linearly dependent vector 93
18:52 gram_schmidt: Removing linearly dependent vector 94
18:52 gram_schmidt: Removing linearly dependent vector 95
18:52 gram_schmidt: Removing linearly dependent vector 96
18:52 gram_schmidt: Removing linearly dependent vector 97
18:52 gram_schmidt: Removing linearly dependent vector 98
18:52 gram_schmidt: Removing linearly dependent vector 99
18:52 gram_schmidt: Removing linearly dependent vector 100
18:52 gram_schmidt: Removing linearly dependent vector 101
18:52 gram_schmidt: Removing linearly dependent vector 3
18:52 gram_schmidt: Removing linearly dependent vector 4
18:52 gram_schmidt: Removing linearly dependent vector 5
18:52 gram_schmidt: Removing linearly dependent vector 6
18:52 gram_schmidt: Removing linearly dependent vector 7
18:52 gram_schmidt: Removing linearly dependent vector 8
18:52 gram_schmidt: Removing linearly dependent vector 9
18:52 gram_schmidt: Removing linearly dependent vector 10
18:52 gram_schmidt: Removing linearly dependent vector 11
18:52 gram_schmidt: Removing linearly dependent vector 12
18:52 gram_schmidt: Removing linearly dependent vector 13
18:52 gram_schmidt: Removing linearly dependent vector 14
18:52 gram_schmidt: Removing linearly dependent vector 15
18:52 gram_schmidt: Removing linearly dependent vector 16
18:52 gram_schmidt: Removing linearly dependent vector 17
18:52 gram_schmidt: Removing linearly dependent vector 18
18:52 gram_schmidt: Removing linearly dependent vector 19
18:52 gram_schmidt: Removing linearly dependent vector 20
18:52 gram_schmidt: Removing linearly dependent vector 21
18:52 gram_schmidt: Removing linearly dependent vector 22
18:52 gram_schmidt: Removing linearly dependent vector 23
18:52 gram_schmidt: Removing linearly dependent vector 24
18:52 gram_schmidt: Removing linearly dependent vector 25
18:52 gram_schmidt: Removing linearly dependent vector 26
18:52 gram_schmidt: Removing linearly dependent vector 27
18:52 gram_schmidt: Removing linearly dependent vector 28
18:52 gram_schmidt: Removing linearly dependent vector 29
18:52 gram_schmidt: Removing linearly dependent vector 30
18:52 gram_schmidt: Removing linearly dependent vector 31
18:52 gram_schmidt: Removing linearly dependent vector 32
18:52 gram_schmidt: Removing linearly dependent vector 33
18:52 gram_schmidt: Removing linearly dependent vector 34
18:52 gram_schmidt: Removing linearly dependent vector 35
18:52 gram_schmidt: Removing linearly dependent vector 36
18:52 gram_schmidt: Removing linearly dependent vector 37
18:52 gram_schmidt: Removing linearly dependent vector 38
18:52 gram_schmidt: Removing linearly dependent vector 39
18:52 gram_schmidt: Removing linearly dependent vector 40
18:52 gram_schmidt: Removing linearly dependent vector 41
18:52 gram_schmidt: Removing linearly dependent vector 42
18:52 gram_schmidt: Removing linearly dependent vector 43
18:52 gram_schmidt: Removing linearly dependent vector 44
18:52 gram_schmidt: Removing linearly dependent vector 45
18:52 gram_schmidt: Removing linearly dependent vector 46
18:52 gram_schmidt: Removing linearly dependent vector 47
18:52 gram_schmidt: Removing linearly dependent vector 48
18:52 gram_schmidt: Removing linearly dependent vector 49
18:52 gram_schmidt: Removing linearly dependent vector 50
18:52 gram_schmidt: Removing linearly dependent vector 51
18:52 gram_schmidt: Removing linearly dependent vector 52
18:52 gram_schmidt: Removing linearly dependent vector 53
18:52 gram_schmidt: Removing linearly dependent vector 54
18:52 gram_schmidt: Removing linearly dependent vector 55
18:52 gram_schmidt: Removing linearly dependent vector 56
18:52 gram_schmidt: Removing linearly dependent vector 57
18:52 gram_schmidt: Removing linearly dependent vector 58
18:52 gram_schmidt: Removing linearly dependent vector 59
18:52 gram_schmidt: Removing linearly dependent vector 60
18:52 gram_schmidt: Removing linearly dependent vector 61
18:52 gram_schmidt: Removing linearly dependent vector 62
18:52 gram_schmidt: Removing linearly dependent vector 63
18:52 gram_schmidt: Removing linearly dependent vector 64
18:52 gram_schmidt: Removing linearly dependent vector 65
18:52 gram_schmidt: Removing linearly dependent vector 66
18:52 gram_schmidt: Removing linearly dependent vector 67
18:52 gram_schmidt: Removing linearly dependent vector 68
18:52 gram_schmidt: Removing linearly dependent vector 69
18:52 gram_schmidt: Removing linearly dependent vector 70
18:52 gram_schmidt: Removing linearly dependent vector 71
18:52 gram_schmidt: Removing linearly dependent vector 72
18:52 gram_schmidt: Removing linearly dependent vector 73
18:52 gram_schmidt: Removing linearly dependent vector 74
18:52 gram_schmidt: Removing linearly dependent vector 75
18:52 gram_schmidt: Removing linearly dependent vector 76
18:52 gram_schmidt: Removing linearly dependent vector 77
18:52 gram_schmidt: Removing linearly dependent vector 78
18:52 gram_schmidt: Removing linearly dependent vector 79
18:52 gram_schmidt: Removing linearly dependent vector 80
18:52 gram_schmidt: Removing linearly dependent vector 81
18:52 gram_schmidt: Removing linearly dependent vector 82
18:52 gram_schmidt: Removing linearly dependent vector 83
18:52 gram_schmidt: Removing linearly dependent vector 84
18:52 gram_schmidt: Removing linearly dependent vector 85
18:52 gram_schmidt: Removing linearly dependent vector 86
18:52 gram_schmidt: Removing linearly dependent vector 87
18:52 gram_schmidt: Removing linearly dependent vector 88
18:52 gram_schmidt: Removing linearly dependent vector 89
18:52 gram_schmidt: Removing linearly dependent vector 90
18:52 gram_schmidt: Removing linearly dependent vector 91
18:52 gram_schmidt: Removing linearly dependent vector 92
18:52 gram_schmidt: Removing linearly dependent vector 93
18:52 gram_schmidt: Removing linearly dependent vector 94
18:52 gram_schmidt: Removing linearly dependent vector 95
18:52 gram_schmidt: Removing linearly dependent vector 96
18:52 gram_schmidt: Removing linearly dependent vector 97
18:52 gram_schmidt: Removing linearly dependent vector 98
18:52 gram_schmidt: Removing linearly dependent vector 99
18:52 gram_schmidt: Removing linearly dependent vector 100
18:52 gram_schmidt: Removing linearly dependent vector 101
</system-err></testcase><testcase classname="src.pymortests.algorithms.gram_schmidt" file="src/pymortests/algorithms/gram_schmidt.py" line="26" name="test_gram_schmidt_with_R[0-&lt;lambda&gt;17]" time="0.0031998157501220703"></testcase><testcase classname="src.pymortests.algorithms.gram_schmidt" file="src/pymortests/algorithms/gram_schmidt.py" line="26" name="test_gram_schmidt_with_R[0-&lt;lambda&gt;18]" time="0.0027587413787841797"></testcase><testcase classname="src.pymortests.algorithms.gram_schmidt" file="src/pymortests/algorithms/gram_schmidt.py" line="26" name="test_gram_schmidt_with_R[0-&lt;lambda&gt;19]" time="0.005697727203369141"></testcase><testcase classname="src.pymortests.algorithms.gram_schmidt" file="src/pymortests/algorithms/gram_schmidt.py" line="26" name="test_gram_schmidt_with_R[0-&lt;lambda&gt;20]" time="0.3373260498046875"></testcase><testcase classname="src.pymortests.algorithms.gram_schmidt" file="src/pymortests/algorithms/gram_schmidt.py" line="26" name="test_gram_schmidt_with_R[0-&lt;lambda&gt;21]" time="1.6915781497955322"></testcase><testcase classname="src.pymortests.algorithms.gram_schmidt" file="src/pymortests/algorithms/gram_schmidt.py" line="26" name="test_gram_schmidt_with_R[0-&lt;lambda&gt;22]" time="0.002077817916870117"></testcase><testcase classname="src.pymortests.algorithms.gram_schmidt" file="src/pymortests/algorithms/gram_schmidt.py" line="26" name="test_gram_schmidt_with_R[0-&lt;lambda&gt;23]" time="0.0018107891082763672"></testcase><testcase classname="src.pymortests.algorithms.gram_schmidt" file="src/pymortests/algorithms/gram_schmidt.py" line="26" name="test_gram_schmidt_with_R[0-&lt;lambda&gt;24]" time="0.009305953979492188"></testcase><testcase classname="src.pymortests.algorithms.gram_schmidt" file="src/pymortests/algorithms/gram_schmidt.py" line="26" name="test_gram_schmidt_with_R[0-&lt;lambda&gt;25]" time="0.48844361305236816"><system-err>18:54 gram_schmidt: Orthonormalizing vector 31 again
18:54 gram_schmidt: Removing linearly dependent vector 32
18:54 gram_schmidt: Removing linearly dependent vector 33
18:54 gram_schmidt: Removing linearly dependent vector 34
18:54 gram_schmidt: Removing linearly dependent vector 35
18:54 gram_schmidt: Removing linearly dependent vector 36
18:54 gram_schmidt: Removing linearly dependent vector 37
18:54 gram_schmidt: Removing linearly dependent vector 38
18:54 gram_schmidt: Removing linearly dependent vector 39
18:54 gram_schmidt: Removing linearly dependent vector 40
18:54 gram_schmidt: Removing linearly dependent vector 41
18:54 gram_schmidt: Removing linearly dependent vector 42
18:55 gram_schmidt: Orthonormalizing vector 31 again
18:55 gram_schmidt: Removing linearly dependent vector 32
18:55 gram_schmidt: Removing linearly dependent vector 33
18:55 gram_schmidt: Removing linearly dependent vector 34
18:55 gram_schmidt: Removing linearly dependent vector 35
18:55 gram_schmidt: Removing linearly dependent vector 36
18:55 gram_schmidt: Removing linearly dependent vector 37
18:55 gram_schmidt: Removing linearly dependent vector 38
18:55 gram_schmidt: Removing linearly dependent vector 39
18:55 gram_schmidt: Removing linearly dependent vector 40
18:55 gram_schmidt: Removing linearly dependent vector 41
18:55 gram_schmidt: Removing linearly dependent vector 42
</system-err></testcase><testcase classname="src.pymortests.algorithms.gram_schmidt" file="src/pymortests/algorithms/gram_schmidt.py" line="26" name="test_gram_schmidt_with_R[0-&lt;lambda&gt;26]" time="0.3485558032989502"><system-err>18:55 gram_schmidt: Removing vector 0 of norm 0.0
18:55 gram_schmidt: Removing vector 1 of norm 0.0
18:55 gram_schmidt: Removing vector 2 of norm 0.0
18:55 gram_schmidt: Removing vector 3 of norm 0.0
18:55 gram_schmidt: Removing vector 4 of norm 0.0
18:55 gram_schmidt: Removing vector 5 of norm 0.0
18:55 gram_schmidt: Removing vector 6 of norm 0.0
18:55 gram_schmidt: Removing vector 7 of norm 0.0
18:55 gram_schmidt: Removing vector 8 of norm 0.0
18:55 gram_schmidt: Removing vector 9 of norm 0.0
18:55 gram_schmidt: Removing vector 10 of norm 0.0
18:55 gram_schmidt: Removing vector 11 of norm 0.0
18:55 gram_schmidt: Removing vector 12 of norm 0.0
18:55 gram_schmidt: Removing vector 13 of norm 0.0
18:55 gram_schmidt: Removing vector 14 of norm 0.0
18:55 gram_schmidt: Removing vector 15 of norm 0.0
18:55 gram_schmidt: Removing vector 16 of norm 0.0
18:55 gram_schmidt: Removing vector 17 of norm 0.0
18:55 gram_schmidt: Removing vector 18 of norm 0.0
18:55 gram_schmidt: Removing vector 19 of norm 0.0
18:55 gram_schmidt: Removing vector 20 of norm 0.0
18:55 gram_schmidt: Removing vector 21 of norm 0.0
18:55 gram_schmidt: Removing vector 22 of norm 0.0
18:55 gram_schmidt: Removing vector 23 of norm 0.0
18:55 gram_schmidt: Removing vector 24 of norm 0.0
18:55 gram_schmidt: Removing vector 25 of norm 0.0
18:55 gram_schmidt: Removing vector 26 of norm 0.0
18:55 gram_schmidt: Removing vector 27 of norm 0.0
18:55 gram_schmidt: Removing vector 28 of norm 0.0
18:55 gram_schmidt: Removing vector 29 of norm 0.0
18:55 gram_schmidt: Removing vector 30 of norm 0.0
18:55 gram_schmidt: Removing vector 31 of norm 0.0
18:55 gram_schmidt: Removing vector 32 of norm 0.0
18:55 gram_schmidt: Removing vector 33 of norm 0.0
18:55 gram_schmidt: Removing vector 34 of norm 0.0
18:55 gram_schmidt: Removing vector 35 of norm 0.0
18:55 gram_schmidt: Removing vector 36 of norm 0.0
18:55 gram_schmidt: Removing vector 37 of norm 0.0
18:55 gram_schmidt: Removing vector 38 of norm 0.0
18:55 gram_schmidt: Removing vector 39 of norm 0.0
18:55 gram_schmidt: Removing vector 40 of norm 0.0
18:55 gram_schmidt: Removing vector 41 of norm 0.0
18:55 gram_schmidt: Removing vector 42 of norm 0.0
18:55 gram_schmidt: Removing vector 43 of norm 0.0
18:55 gram_schmidt: Removing vector 44 of norm 0.0
18:55 gram_schmidt: Removing vector 45 of norm 0.0
18:55 gram_schmidt: Removing vector 46 of norm 0.0
18:55 gram_schmidt: Removing vector 47 of norm 0.0
18:55 gram_schmidt: Removing vector 48 of norm 0.0
18:55 gram_schmidt: Removing vector 49 of norm 0.0
18:55 gram_schmidt: Removing vector 50 of norm 0.0
18:55 gram_schmidt: Removing vector 51 of norm 0.0
18:55 gram_schmidt: Removing vector 52 of norm 0.0
18:55 gram_schmidt: Removing vector 53 of norm 0.0
18:55 gram_schmidt: Removing vector 54 of norm 0.0
18:55 gram_schmidt: Removing vector 55 of norm 0.0
18:55 gram_schmidt: Removing vector 56 of norm 0.0
18:55 gram_schmidt: Removing vector 57 of norm 0.0
18:55 gram_schmidt: Removing vector 58 of norm 0.0
18:55 gram_schmidt: Removing vector 59 of norm 0.0
18:55 gram_schmidt: Removing vector 60 of norm 0.0
18:55 gram_schmidt: Removing vector 61 of norm 0.0
18:55 gram_schmidt: Removing vector 62 of norm 0.0
18:55 gram_schmidt: Removing vector 63 of norm 0.0
18:55 gram_schmidt: Removing vector 64 of norm 0.0
18:55 gram_schmidt: Removing vector 65 of norm 0.0
18:55 gram_schmidt: Removing vector 66 of norm 0.0
18:55 gram_schmidt: Removing vector 67 of norm 0.0
18:55 gram_schmidt: Removing vector 68 of norm 0.0
18:55 gram_schmidt: Removing vector 69 of norm 0.0
18:55 gram_schmidt: Removing vector 70 of norm 0.0
18:55 gram_schmidt: Removing vector 71 of norm 0.0
18:55 gram_schmidt: Removing vector 72 of norm 0.0
18:55 gram_schmidt: Removing vector 73 of norm 0.0
18:55 gram_schmidt: Removing vector 74 of norm 0.0
18:55 gram_schmidt: Removing vector 75 of norm 0.0
18:55 gram_schmidt: Removing vector 76 of norm 0.0
18:55 gram_schmidt: Removing vector 77 of norm 0.0
18:55 gram_schmidt: Removing vector 78 of norm 0.0
18:55 gram_schmidt: Removing vector 79 of norm 0.0
18:55 gram_schmidt: Removing vector 80 of norm 0.0
18:55 gram_schmidt: Removing vector 81 of norm 0.0
18:55 gram_schmidt: Removing vector 82 of norm 0.0
18:55 gram_schmidt: Removing vector 83 of norm 0.0
18:55 gram_schmidt: Removing vector 84 of norm 0.0
18:55 gram_schmidt: Removing vector 85 of norm 0.0
18:55 gram_schmidt: Removing vector 86 of norm 0.0
18:55 gram_schmidt: Removing vector 87 of norm 0.0
18:55 gram_schmidt: Removing vector 88 of norm 0.0
18:55 gram_schmidt: Removing vector 89 of norm 0.0
18:55 gram_schmidt: Removing vector 90 of norm 0.0
18:55 gram_schmidt: Removing vector 91 of norm 0.0
18:55 gram_schmidt: Removing vector 92 of norm 0.0
18:55 gram_schmidt: Removing vector 93 of norm 0.0
18:55 gram_schmidt: Removing vector 94 of norm 0.0
18:55 gram_schmidt: Removing vector 95 of norm 0.0
18:55 gram_schmidt: Removing vector 96 of norm 0.0
18:55 gram_schmidt: Removing vector 97 of norm 0.0
18:55 gram_schmidt: Removing vector 98 of norm 0.0
18:55 gram_schmidt: Removing vector 99 of norm 0.0
18:55 gram_schmidt: Removing vector 100 of norm 0.0
18:55 gram_schmidt: Removing vector 101 of norm 0.0
18:55 gram_schmidt: Removing vector 0 of norm 0.0
18:55 gram_schmidt: Removing vector 1 of norm 0.0
18:55 gram_schmidt: Removing vector 2 of norm 0.0
18:55 gram_schmidt: Removing vector 3 of norm 0.0
18:55 gram_schmidt: Removing vector 4 of norm 0.0
18:55 gram_schmidt: Removing vector 5 of norm 0.0
18:55 gram_schmidt: Removing vector 6 of norm 0.0
18:55 gram_schmidt: Removing vector 7 of norm 0.0
18:55 gram_schmidt: Removing vector 8 of norm 0.0
18:55 gram_schmidt: Removing vector 9 of norm 0.0
18:55 gram_schmidt: Removing vector 10 of norm 0.0
18:55 gram_schmidt: Removing vector 11 of norm 0.0
18:55 gram_schmidt: Removing vector 12 of norm 0.0
18:55 gram_schmidt: Removing vector 13 of norm 0.0
18:55 gram_schmidt: Removing vector 14 of norm 0.0
18:55 gram_schmidt: Removing vector 15 of norm 0.0
18:55 gram_schmidt: Removing vector 16 of norm 0.0
18:55 gram_schmidt: Removing vector 17 of norm 0.0
18:55 gram_schmidt: Removing vector 18 of norm 0.0
18:55 gram_schmidt: Removing vector 19 of norm 0.0
18:55 gram_schmidt: Removing vector 20 of norm 0.0
18:55 gram_schmidt: Removing vector 21 of norm 0.0
18:55 gram_schmidt: Removing vector 22 of norm 0.0
18:55 gram_schmidt: Removing vector 23 of norm 0.0
18:55 gram_schmidt: Removing vector 24 of norm 0.0
18:55 gram_schmidt: Removing vector 25 of norm 0.0
18:55 gram_schmidt: Removing vector 26 of norm 0.0
18:55 gram_schmidt: Removing vector 27 of norm 0.0
18:55 gram_schmidt: Removing vector 28 of norm 0.0
18:55 gram_schmidt: Removing vector 29 of norm 0.0
18:55 gram_schmidt: Removing vector 30 of norm 0.0
18:55 gram_schmidt: Removing vector 31 of norm 0.0
18:55 gram_schmidt: Removing vector 32 of norm 0.0
18:55 gram_schmidt: Removing vector 33 of norm 0.0
18:55 gram_schmidt: Removing vector 34 of norm 0.0
18:55 gram_schmidt: Removing vector 35 of norm 0.0
18:55 gram_schmidt: Removing vector 36 of norm 0.0
18:55 gram_schmidt: Removing vector 37 of norm 0.0
18:55 gram_schmidt: Removing vector 38 of norm 0.0
18:55 gram_schmidt: Removing vector 39 of norm 0.0
18:55 gram_schmidt: Removing vector 40 of norm 0.0
18:55 gram_schmidt: Removing vector 41 of norm 0.0
18:55 gram_schmidt: Removing vector 42 of norm 0.0
18:55 gram_schmidt: Removing vector 43 of norm 0.0
18:55 gram_schmidt: Removing vector 44 of norm 0.0
18:55 gram_schmidt: Removing vector 45 of norm 0.0
18:55 gram_schmidt: Removing vector 46 of norm 0.0
18:55 gram_schmidt: Removing vector 47 of norm 0.0
18:55 gram_schmidt: Removing vector 48 of norm 0.0
18:55 gram_schmidt: Removing vector 49 of norm 0.0
18:55 gram_schmidt: Removing vector 50 of norm 0.0
18:55 gram_schmidt: Removing vector 51 of norm 0.0
18:55 gram_schmidt: Removing vector 52 of norm 0.0
18:55 gram_schmidt: Removing vector 53 of norm 0.0
18:55 gram_schmidt: Removing vector 54 of norm 0.0
18:55 gram_schmidt: Removing vector 55 of norm 0.0
18:55 gram_schmidt: Removing vector 56 of norm 0.0
18:55 gram_schmidt: Removing vector 57 of norm 0.0
18:55 gram_schmidt: Removing vector 58 of norm 0.0
18:55 gram_schmidt: Removing vector 59 of norm 0.0
18:55 gram_schmidt: Removing vector 60 of norm 0.0
18:55 gram_schmidt: Removing vector 61 of norm 0.0
18:55 gram_schmidt: Removing vector 62 of norm 0.0
18:55 gram_schmidt: Removing vector 63 of norm 0.0
18:55 gram_schmidt: Removing vector 64 of norm 0.0
18:55 gram_schmidt: Removing vector 65 of norm 0.0
18:55 gram_schmidt: Removing vector 66 of norm 0.0
18:55 gram_schmidt: Removing vector 67 of norm 0.0
18:55 gram_schmidt: Removing vector 68 of norm 0.0
18:55 gram_schmidt: Removing vector 69 of norm 0.0
18:55 gram_schmidt: Removing vector 70 of norm 0.0
18:55 gram_schmidt: Removing vector 71 of norm 0.0
18:55 gram_schmidt: Removing vector 72 of norm 0.0
18:55 gram_schmidt: Removing vector 73 of norm 0.0
18:55 gram_schmidt: Removing vector 74 of norm 0.0
18:55 gram_schmidt: Removing vector 75 of norm 0.0
18:55 gram_schmidt: Removing vector 76 of norm 0.0
18:55 gram_schmidt: Removing vector 77 of norm 0.0
18:55 gram_schmidt: Removing vector 78 of norm 0.0
18:55 gram_schmidt: Removing vector 79 of norm 0.0
18:55 gram_schmidt: Removing vector 80 of norm 0.0
18:55 gram_schmidt: Removing vector 81 of norm 0.0
18:55 gram_schmidt: Removing vector 82 of norm 0.0
18:55 gram_schmidt: Removing vector 83 of norm 0.0
18:55 gram_schmidt: Removing vector 84 of norm 0.0
18:55 gram_schmidt: Removing vector 85 of norm 0.0
18:55 gram_schmidt: Removing vector 86 of norm 0.0
18:55 gram_schmidt: Removing vector 87 of norm 0.0
18:55 gram_schmidt: Removing vector 88 of norm 0.0
18:55 gram_schmidt: Removing vector 89 of norm 0.0
18:55 gram_schmidt: Removing vector 90 of norm 0.0
18:55 gram_schmidt: Removing vector 91 of norm 0.0
18:55 gram_schmidt: Removing vector 92 of norm 0.0
18:55 gram_schmidt: Removing vector 93 of norm 0.0
18:55 gram_schmidt: Removing vector 94 of norm 0.0
18:55 gram_schmidt: Removing vector 95 of norm 0.0
18:55 gram_schmidt: Removing vector 96 of norm 0.0
18:55 gram_schmidt: Removing vector 97 of norm 0.0
18:55 gram_schmidt: Removing vector 98 of norm 0.0
18:55 gram_schmidt: Removing vector 99 of norm 0.0
18:55 gram_schmidt: Removing vector 100 of norm 0.0
18:55 gram_schmidt: Removing vector 101 of norm 0.0
</system-err></testcase><testcase classname="src.pymortests.algorithms.gram_schmidt" file="src/pymortests/algorithms/gram_schmidt.py" line="26" name="test_gram_schmidt_with_R[1-&lt;lambda&gt;0]" time="0.0030455589294433594"></testcase><testcase classname="src.pymortests.algorithms.gram_schmidt" file="src/pymortests/algorithms/gram_schmidt.py" line="26" name="test_gram_schmidt_with_R[1-&lt;lambda&gt;1]" time="0.0020627975463867188"></testcase><testcase classname="src.pymortests.algorithms.gram_schmidt" file="src/pymortests/algorithms/gram_schmidt.py" line="26" name="test_gram_schmidt_with_R[1-&lt;lambda&gt;2]" time="0.002292633056640625"></testcase><testcase classname="src.pymortests.algorithms.gram_schmidt" file="src/pymortests/algorithms/gram_schmidt.py" line="26" name="test_gram_schmidt_with_R[1-&lt;lambda&gt;3]" time="0.11834025382995605"><system-err>18:55 gram_schmidt: Orthonormalizing vector 31 again
18:55 gram_schmidt: Removing linearly dependent vector 32
18:55 gram_schmidt: Removing linearly dependent vector 33
18:55 gram_schmidt: Removing linearly dependent vector 34
18:55 gram_schmidt: Removing linearly dependent vector 35
18:55 gram_schmidt: Removing linearly dependent vector 36
18:55 gram_schmidt: Removing linearly dependent vector 37
18:55 gram_schmidt: Removing linearly dependent vector 38
18:55 gram_schmidt: Removing linearly dependent vector 39
18:55 gram_schmidt: Removing linearly dependent vector 40
18:55 gram_schmidt: Removing linearly dependent vector 41
18:55 gram_schmidt: Removing linearly dependent vector 42
18:55 gram_schmidt: Orthonormalizing vector 31 again
18:55 gram_schmidt: Removing linearly dependent vector 32
18:55 gram_schmidt: Removing linearly dependent vector 33
18:55 gram_schmidt: Removing linearly dependent vector 34
18:55 gram_schmidt: Removing linearly dependent vector 35
18:55 gram_schmidt: Removing linearly dependent vector 36
18:55 gram_schmidt: Removing linearly dependent vector 37
18:55 gram_schmidt: Removing linearly dependent vector 38
18:55 gram_schmidt: Removing linearly dependent vector 39
18:55 gram_schmidt: Removing linearly dependent vector 40
18:55 gram_schmidt: Removing linearly dependent vector 41
18:55 gram_schmidt: Removing linearly dependent vector 42
</system-err></testcase><testcase classname="src.pymortests.algorithms.gram_schmidt" file="src/pymortests/algorithms/gram_schmidt.py" line="26" name="test_gram_schmidt_with_R[1-&lt;lambda&gt;4]" time="0.02254319190979004"><system-err>18:55 gram_schmidt: Removing vector 0 of norm 0.0
18:55 gram_schmidt: Removing vector 1 of norm 0.0
18:55 gram_schmidt: Removing vector 2 of norm 0.0
18:55 gram_schmidt: Removing vector 3 of norm 0.0
18:55 gram_schmidt: Removing vector 4 of norm 0.0
18:55 gram_schmidt: Removing vector 5 of norm 0.0
18:55 gram_schmidt: Removing vector 6 of norm 0.0
18:55 gram_schmidt: Removing vector 7 of norm 0.0
18:55 gram_schmidt: Removing vector 8 of norm 0.0
18:55 gram_schmidt: Removing vector 9 of norm 0.0
18:55 gram_schmidt: Removing vector 10 of norm 0.0
18:55 gram_schmidt: Removing vector 11 of norm 0.0
18:55 gram_schmidt: Removing vector 12 of norm 0.0
18:55 gram_schmidt: Removing vector 13 of norm 0.0
18:55 gram_schmidt: Removing vector 14 of norm 0.0
18:55 gram_schmidt: Removing vector 15 of norm 0.0
18:55 gram_schmidt: Removing vector 16 of norm 0.0
18:55 gram_schmidt: Removing vector 17 of norm 0.0
18:55 gram_schmidt: Removing vector 18 of norm 0.0
18:55 gram_schmidt: Removing vector 19 of norm 0.0
18:55 gram_schmidt: Removing vector 20 of norm 0.0
18:55 gram_schmidt: Removing vector 21 of norm 0.0
18:55 gram_schmidt: Removing vector 22 of norm 0.0
18:55 gram_schmidt: Removing vector 23 of norm 0.0
18:55 gram_schmidt: Removing vector 24 of norm 0.0
18:55 gram_schmidt: Removing vector 25 of norm 0.0
18:55 gram_schmidt: Removing vector 26 of norm 0.0
18:55 gram_schmidt: Removing vector 27 of norm 0.0
18:55 gram_schmidt: Removing vector 28 of norm 0.0
18:55 gram_schmidt: Removing vector 29 of norm 0.0
18:55 gram_schmidt: Removing vector 30 of norm 0.0
18:55 gram_schmidt: Removing vector 31 of norm 0.0
18:55 gram_schmidt: Removing vector 32 of norm 0.0
18:55 gram_schmidt: Removing vector 33 of norm 0.0
18:55 gram_schmidt: Removing vector 34 of norm 0.0
18:55 gram_schmidt: Removing vector 35 of norm 0.0
18:55 gram_schmidt: Removing vector 36 of norm 0.0
18:55 gram_schmidt: Removing vector 37 of norm 0.0
18:55 gram_schmidt: Removing vector 38 of norm 0.0
18:55 gram_schmidt: Removing vector 39 of norm 0.0
18:55 gram_schmidt: Removing vector 40 of norm 0.0
18:55 gram_schmidt: Removing vector 41 of norm 0.0
18:55 gram_schmidt: Removing vector 42 of norm 0.0
18:55 gram_schmidt: Removing vector 43 of norm 0.0
18:55 gram_schmidt: Removing vector 44 of norm 0.0
18:55 gram_schmidt: Removing vector 45 of norm 0.0
18:55 gram_schmidt: Removing vector 46 of norm 0.0
18:55 gram_schmidt: Removing vector 47 of norm 0.0
18:55 gram_schmidt: Removing vector 48 of norm 0.0
18:55 gram_schmidt: Removing vector 49 of norm 0.0
18:55 gram_schmidt: Removing vector 50 of norm 0.0
18:55 gram_schmidt: Removing vector 51 of norm 0.0
18:55 gram_schmidt: Removing vector 52 of norm 0.0
18:55 gram_schmidt: Removing vector 53 of norm 0.0
18:55 gram_schmidt: Removing vector 54 of norm 0.0
18:55 gram_schmidt: Removing vector 55 of norm 0.0
18:55 gram_schmidt: Removing vector 56 of norm 0.0
18:55 gram_schmidt: Removing vector 57 of norm 0.0
18:55 gram_schmidt: Removing vector 58 of norm 0.0
18:55 gram_schmidt: Removing vector 59 of norm 0.0
18:55 gram_schmidt: Removing vector 60 of norm 0.0
18:55 gram_schmidt: Removing vector 61 of norm 0.0
18:55 gram_schmidt: Removing vector 62 of norm 0.0
18:55 gram_schmidt: Removing vector 63 of norm 0.0
18:55 gram_schmidt: Removing vector 64 of norm 0.0
18:55 gram_schmidt: Removing vector 65 of norm 0.0
18:55 gram_schmidt: Removing vector 66 of norm 0.0
18:55 gram_schmidt: Removing vector 67 of norm 0.0
18:55 gram_schmidt: Removing vector 68 of norm 0.0
18:55 gram_schmidt: Removing vector 69 of norm 0.0
18:55 gram_schmidt: Removing vector 70 of norm 0.0
18:55 gram_schmidt: Removing vector 71 of norm 0.0
18:55 gram_schmidt: Removing vector 72 of norm 0.0
18:55 gram_schmidt: Removing vector 73 of norm 0.0
18:55 gram_schmidt: Removing vector 74 of norm 0.0
18:55 gram_schmidt: Removing vector 75 of norm 0.0
18:55 gram_schmidt: Removing vector 76 of norm 0.0
18:55 gram_schmidt: Removing vector 77 of norm 0.0
18:55 gram_schmidt: Removing vector 78 of norm 0.0
18:55 gram_schmidt: Removing vector 79 of norm 0.0
18:55 gram_schmidt: Removing vector 80 of norm 0.0
18:55 gram_schmidt: Removing vector 81 of norm 0.0
18:55 gram_schmidt: Removing vector 82 of norm 0.0
18:55 gram_schmidt: Removing vector 83 of norm 0.0
18:55 gram_schmidt: Removing vector 84 of norm 0.0
18:55 gram_schmidt: Removing vector 85 of norm 0.0
18:55 gram_schmidt: Removing vector 86 of norm 0.0
18:55 gram_schmidt: Removing vector 87 of norm 0.0
18:55 gram_schmidt: Removing vector 88 of norm 0.0
18:55 gram_schmidt: Removing vector 89 of norm 0.0
18:55 gram_schmidt: Removing vector 90 of norm 0.0
18:55 gram_schmidt: Removing vector 91 of norm 0.0
18:55 gram_schmidt: Removing vector 92 of norm 0.0
18:55 gram_schmidt: Removing vector 93 of norm 0.0
18:55 gram_schmidt: Removing vector 94 of norm 0.0
18:55 gram_schmidt: Removing vector 95 of norm 0.0
18:55 gram_schmidt: Removing vector 96 of norm 0.0
18:55 gram_schmidt: Removing vector 97 of norm 0.0
18:55 gram_schmidt: Removing vector 98 of norm 0.0
18:55 gram_schmidt: Removing vector 99 of norm 0.0
18:55 gram_schmidt: Removing vector 100 of norm 0.0
18:55 gram_schmidt: Removing vector 101 of norm 0.0
18:55 gram_schmidt: Removing vector 0 of norm 0.0
18:55 gram_schmidt: Removing vector 1 of norm 0.0
18:55 gram_schmidt: Removing vector 2 of norm 0.0
18:55 gram_schmidt: Removing vector 3 of norm 0.0
18:55 gram_schmidt: Removing vector 4 of norm 0.0
18:55 gram_schmidt: Removing vector 5 of norm 0.0
18:55 gram_schmidt: Removing vector 6 of norm 0.0
18:55 gram_schmidt: Removing vector 7 of norm 0.0
18:55 gram_schmidt: Removing vector 8 of norm 0.0
18:55 gram_schmidt: Removing vector 9 of norm 0.0
18:55 gram_schmidt: Removing vector 10 of norm 0.0
18:55 gram_schmidt: Removing vector 11 of norm 0.0
18:55 gram_schmidt: Removing vector 12 of norm 0.0
18:55 gram_schmidt: Removing vector 13 of norm 0.0
18:55 gram_schmidt: Removing vector 14 of norm 0.0
18:55 gram_schmidt: Removing vector 15 of norm 0.0
18:55 gram_schmidt: Removing vector 16 of norm 0.0
18:55 gram_schmidt: Removing vector 17 of norm 0.0
18:55 gram_schmidt: Removing vector 18 of norm 0.0
18:55 gram_schmidt: Removing vector 19 of norm 0.0
18:55 gram_schmidt: Removing vector 20 of norm 0.0
18:55 gram_schmidt: Removing vector 21 of norm 0.0
18:55 gram_schmidt: Removing vector 22 of norm 0.0
18:55 gram_schmidt: Removing vector 23 of norm 0.0
18:55 gram_schmidt: Removing vector 24 of norm 0.0
18:55 gram_schmidt: Removing vector 25 of norm 0.0
18:55 gram_schmidt: Removing vector 26 of norm 0.0
18:55 gram_schmidt: Removing vector 27 of norm 0.0
18:55 gram_schmidt: Removing vector 28 of norm 0.0
18:55 gram_schmidt: Removing vector 29 of norm 0.0
18:55 gram_schmidt: Removing vector 30 of norm 0.0
18:55 gram_schmidt: Removing vector 31 of norm 0.0
18:55 gram_schmidt: Removing vector 32 of norm 0.0
18:55 gram_schmidt: Removing vector 33 of norm 0.0
18:55 gram_schmidt: Removing vector 34 of norm 0.0
18:55 gram_schmidt: Removing vector 35 of norm 0.0
18:55 gram_schmidt: Removing vector 36 of norm 0.0
18:55 gram_schmidt: Removing vector 37 of norm 0.0
18:55 gram_schmidt: Removing vector 38 of norm 0.0
18:55 gram_schmidt: Removing vector 39 of norm 0.0
18:55 gram_schmidt: Removing vector 40 of norm 0.0
18:55 gram_schmidt: Removing vector 41 of norm 0.0
18:55 gram_schmidt: Removing vector 42 of norm 0.0
18:55 gram_schmidt: Removing vector 43 of norm 0.0
18:55 gram_schmidt: Removing vector 44 of norm 0.0
18:55 gram_schmidt: Removing vector 45 of norm 0.0
18:55 gram_schmidt: Removing vector 46 of norm 0.0
18:55 gram_schmidt: Removing vector 47 of norm 0.0
18:55 gram_schmidt: Removing vector 48 of norm 0.0
18:55 gram_schmidt: Removing vector 49 of norm 0.0
18:55 gram_schmidt: Removing vector 50 of norm 0.0
18:55 gram_schmidt: Removing vector 51 of norm 0.0
18:55 gram_schmidt: Removing vector 52 of norm 0.0
18:55 gram_schmidt: Removing vector 53 of norm 0.0
18:55 gram_schmidt: Removing vector 54 of norm 0.0
18:55 gram_schmidt: Removing vector 55 of norm 0.0
18:55 gram_schmidt: Removing vector 56 of norm 0.0
18:55 gram_schmidt: Removing vector 57 of norm 0.0
18:55 gram_schmidt: Removing vector 58 of norm 0.0
18:55 gram_schmidt: Removing vector 59 of norm 0.0
18:55 gram_schmidt: Removing vector 60 of norm 0.0
18:55 gram_schmidt: Removing vector 61 of norm 0.0
18:55 gram_schmidt: Removing vector 62 of norm 0.0
18:55 gram_schmidt: Removing vector 63 of norm 0.0
18:55 gram_schmidt: Removing vector 64 of norm 0.0
18:55 gram_schmidt: Removing vector 65 of norm 0.0
18:55 gram_schmidt: Removing vector 66 of norm 0.0
18:55 gram_schmidt: Removing vector 67 of norm 0.0
18:55 gram_schmidt: Removing vector 68 of norm 0.0
18:55 gram_schmidt: Removing vector 69 of norm 0.0
18:55 gram_schmidt: Removing vector 70 of norm 0.0
18:55 gram_schmidt: Removing vector 71 of norm 0.0
18:55 gram_schmidt: Removing vector 72 of norm 0.0
18:55 gram_schmidt: Removing vector 73 of norm 0.0
18:55 gram_schmidt: Removing vector 74 of norm 0.0
18:55 gram_schmidt: Removing vector 75 of norm 0.0
18:55 gram_schmidt: Removing vector 76 of norm 0.0
18:55 gram_schmidt: Removing vector 77 of norm 0.0
18:55 gram_schmidt: Removing vector 78 of norm 0.0
18:55 gram_schmidt: Removing vector 79 of norm 0.0
18:55 gram_schmidt: Removing vector 80 of norm 0.0
18:55 gram_schmidt: Removing vector 81 of norm 0.0
18:55 gram_schmidt: Removing vector 82 of norm 0.0
18:55 gram_schmidt: Removing vector 83 of norm 0.0
18:55 gram_schmidt: Removing vector 84 of norm 0.0
18:55 gram_schmidt: Removing vector 85 of norm 0.0
18:55 gram_schmidt: Removing vector 86 of norm 0.0
18:55 gram_schmidt: Removing vector 87 of norm 0.0
18:55 gram_schmidt: Removing vector 88 of norm 0.0
18:55 gram_schmidt: Removing vector 89 of norm 0.0
18:55 gram_schmidt: Removing vector 90 of norm 0.0
18:55 gram_schmidt: Removing vector 91 of norm 0.0
18:55 gram_schmidt: Removing vector 92 of norm 0.0
18:55 gram_schmidt: Removing vector 93 of norm 0.0
18:55 gram_schmidt: Removing vector 94 of norm 0.0
18:55 gram_schmidt: Removing vector 95 of norm 0.0
18:55 gram_schmidt: Removing vector 96 of norm 0.0
18:55 gram_schmidt: Removing vector 97 of norm 0.0
18:55 gram_schmidt: Removing vector 98 of norm 0.0
18:55 gram_schmidt: Removing vector 99 of norm 0.0
18:55 gram_schmidt: Removing vector 100 of norm 0.0
18:55 gram_schmidt: Removing vector 101 of norm 0.0
</system-err></testcase><testcase classname="src.pymortests.algorithms.gram_schmidt" file="src/pymortests/algorithms/gram_schmidt.py" line="26" name="test_gram_schmidt_with_R[1-&lt;lambda&gt;5]" time="0.0021927356719970703"></testcase><testcase classname="src.pymortests.algorithms.gram_schmidt" file="src/pymortests/algorithms/gram_schmidt.py" line="26" name="test_gram_schmidt_with_R[1-&lt;lambda&gt;6]" time="0.0021104812622070312"></testcase><testcase classname="src.pymortests.algorithms.gram_schmidt" file="src/pymortests/algorithms/gram_schmidt.py" line="26" name="test_gram_schmidt_with_R[1-&lt;lambda&gt;7]" time="0.0025436878204345703"></testcase><testcase classname="src.pymortests.algorithms.gram_schmidt" file="src/pymortests/algorithms/gram_schmidt.py" line="26" name="test_gram_schmidt_with_R[1-&lt;lambda&gt;8]" time="0.22967886924743652"><system-err>18:55 gram_schmidt: Orthonormalizing vector 31 again
18:55 gram_schmidt: Removing linearly dependent vector 32
18:55 gram_schmidt: Removing linearly dependent vector 33
18:55 gram_schmidt: Removing linearly dependent vector 34
18:55 gram_schmidt: Removing linearly dependent vector 35
18:55 gram_schmidt: Removing linearly dependent vector 36
18:55 gram_schmidt: Removing linearly dependent vector 37
18:55 gram_schmidt: Removing linearly dependent vector 38
18:55 gram_schmidt: Removing linearly dependent vector 39
18:55 gram_schmidt: Removing linearly dependent vector 40
18:55 gram_schmidt: Removing linearly dependent vector 41
18:55 gram_schmidt: Removing linearly dependent vector 42
18:56 gram_schmidt: Orthonormalizing vector 31 again
18:56 gram_schmidt: Removing linearly dependent vector 32
18:56 gram_schmidt: Removing linearly dependent vector 33
18:56 gram_schmidt: Removing linearly dependent vector 34
18:56 gram_schmidt: Removing linearly dependent vector 35
18:56 gram_schmidt: Removing linearly dependent vector 36
18:56 gram_schmidt: Removing linearly dependent vector 37
18:56 gram_schmidt: Removing linearly dependent vector 38
18:56 gram_schmidt: Removing linearly dependent vector 39
18:56 gram_schmidt: Removing linearly dependent vector 40
18:56 gram_schmidt: Removing linearly dependent vector 41
18:56 gram_schmidt: Removing linearly dependent vector 42
</system-err></testcase><testcase classname="src.pymortests.algorithms.gram_schmidt" file="src/pymortests/algorithms/gram_schmidt.py" line="26" name="test_gram_schmidt_with_R[1-&lt;lambda&gt;9]" time="0.031588077545166016"><system-err>18:56 gram_schmidt: Removing vector 0 of norm 0.0
18:56 gram_schmidt: Removing vector 1 of norm 0.0
18:56 gram_schmidt: Removing vector 2 of norm 0.0
18:56 gram_schmidt: Removing vector 3 of norm 0.0
18:56 gram_schmidt: Removing vector 4 of norm 0.0
18:56 gram_schmidt: Removing vector 5 of norm 0.0
18:56 gram_schmidt: Removing vector 6 of norm 0.0
18:56 gram_schmidt: Removing vector 7 of norm 0.0
18:56 gram_schmidt: Removing vector 8 of norm 0.0
18:56 gram_schmidt: Removing vector 9 of norm 0.0
18:56 gram_schmidt: Removing vector 10 of norm 0.0
18:56 gram_schmidt: Removing vector 11 of norm 0.0
18:56 gram_schmidt: Removing vector 12 of norm 0.0
18:56 gram_schmidt: Removing vector 13 of norm 0.0
18:56 gram_schmidt: Removing vector 14 of norm 0.0
18:56 gram_schmidt: Removing vector 15 of norm 0.0
18:56 gram_schmidt: Removing vector 16 of norm 0.0
18:56 gram_schmidt: Removing vector 17 of norm 0.0
18:56 gram_schmidt: Removing vector 18 of norm 0.0
18:56 gram_schmidt: Removing vector 19 of norm 0.0
18:56 gram_schmidt: Removing vector 20 of norm 0.0
18:56 gram_schmidt: Removing vector 21 of norm 0.0
18:56 gram_schmidt: Removing vector 22 of norm 0.0
18:56 gram_schmidt: Removing vector 23 of norm 0.0
18:56 gram_schmidt: Removing vector 24 of norm 0.0
18:56 gram_schmidt: Removing vector 25 of norm 0.0
18:56 gram_schmidt: Removing vector 26 of norm 0.0
18:56 gram_schmidt: Removing vector 27 of norm 0.0
18:56 gram_schmidt: Removing vector 28 of norm 0.0
18:56 gram_schmidt: Removing vector 29 of norm 0.0
18:56 gram_schmidt: Removing vector 30 of norm 0.0
18:56 gram_schmidt: Removing vector 31 of norm 0.0
18:56 gram_schmidt: Removing vector 32 of norm 0.0
18:56 gram_schmidt: Removing vector 33 of norm 0.0
18:56 gram_schmidt: Removing vector 34 of norm 0.0
18:56 gram_schmidt: Removing vector 35 of norm 0.0
18:56 gram_schmidt: Removing vector 36 of norm 0.0
18:56 gram_schmidt: Removing vector 37 of norm 0.0
18:56 gram_schmidt: Removing vector 38 of norm 0.0
18:56 gram_schmidt: Removing vector 39 of norm 0.0
18:56 gram_schmidt: Removing vector 40 of norm 0.0
18:56 gram_schmidt: Removing vector 41 of norm 0.0
18:56 gram_schmidt: Removing vector 42 of norm 0.0
18:56 gram_schmidt: Removing vector 43 of norm 0.0
18:56 gram_schmidt: Removing vector 44 of norm 0.0
18:56 gram_schmidt: Removing vector 45 of norm 0.0
18:56 gram_schmidt: Removing vector 46 of norm 0.0
18:56 gram_schmidt: Removing vector 47 of norm 0.0
18:56 gram_schmidt: Removing vector 48 of norm 0.0
18:56 gram_schmidt: Removing vector 49 of norm 0.0
18:56 gram_schmidt: Removing vector 50 of norm 0.0
18:56 gram_schmidt: Removing vector 51 of norm 0.0
18:56 gram_schmidt: Removing vector 52 of norm 0.0
18:56 gram_schmidt: Removing vector 53 of norm 0.0
18:56 gram_schmidt: Removing vector 54 of norm 0.0
18:56 gram_schmidt: Removing vector 55 of norm 0.0
18:56 gram_schmidt: Removing vector 56 of norm 0.0
18:56 gram_schmidt: Removing vector 57 of norm 0.0
18:56 gram_schmidt: Removing vector 58 of norm 0.0
18:56 gram_schmidt: Removing vector 59 of norm 0.0
18:56 gram_schmidt: Removing vector 60 of norm 0.0
18:56 gram_schmidt: Removing vector 61 of norm 0.0
18:56 gram_schmidt: Removing vector 62 of norm 0.0
18:56 gram_schmidt: Removing vector 63 of norm 0.0
18:56 gram_schmidt: Removing vector 64 of norm 0.0
18:56 gram_schmidt: Removing vector 65 of norm 0.0
18:56 gram_schmidt: Removing vector 66 of norm 0.0
18:56 gram_schmidt: Removing vector 67 of norm 0.0
18:56 gram_schmidt: Removing vector 68 of norm 0.0
18:56 gram_schmidt: Removing vector 69 of norm 0.0
18:56 gram_schmidt: Removing vector 70 of norm 0.0
18:56 gram_schmidt: Removing vector 71 of norm 0.0
18:56 gram_schmidt: Removing vector 72 of norm 0.0
18:56 gram_schmidt: Removing vector 73 of norm 0.0
18:56 gram_schmidt: Removing vector 74 of norm 0.0
18:56 gram_schmidt: Removing vector 75 of norm 0.0
18:56 gram_schmidt: Removing vector 76 of norm 0.0
18:56 gram_schmidt: Removing vector 77 of norm 0.0
18:56 gram_schmidt: Removing vector 78 of norm 0.0
18:56 gram_schmidt: Removing vector 79 of norm 0.0
18:56 gram_schmidt: Removing vector 80 of norm 0.0
18:56 gram_schmidt: Removing vector 81 of norm 0.0
18:56 gram_schmidt: Removing vector 82 of norm 0.0
18:56 gram_schmidt: Removing vector 83 of norm 0.0
18:56 gram_schmidt: Removing vector 84 of norm 0.0
18:56 gram_schmidt: Removing vector 85 of norm 0.0
18:56 gram_schmidt: Removing vector 86 of norm 0.0
18:56 gram_schmidt: Removing vector 87 of norm 0.0
18:56 gram_schmidt: Removing vector 88 of norm 0.0
18:56 gram_schmidt: Removing vector 89 of norm 0.0
18:56 gram_schmidt: Removing vector 90 of norm 0.0
18:56 gram_schmidt: Removing vector 91 of norm 0.0
18:56 gram_schmidt: Removing vector 92 of norm 0.0
18:56 gram_schmidt: Removing vector 93 of norm 0.0
18:56 gram_schmidt: Removing vector 94 of norm 0.0
18:56 gram_schmidt: Removing vector 95 of norm 0.0
18:56 gram_schmidt: Removing vector 96 of norm 0.0
18:56 gram_schmidt: Removing vector 97 of norm 0.0
18:56 gram_schmidt: Removing vector 98 of norm 0.0
18:56 gram_schmidt: Removing vector 99 of norm 0.0
18:56 gram_schmidt: Removing vector 100 of norm 0.0
18:56 gram_schmidt: Removing vector 101 of norm 0.0
18:56 gram_schmidt: Removing vector 0 of norm 0.0
18:56 gram_schmidt: Removing vector 1 of norm 0.0
18:56 gram_schmidt: Removing vector 2 of norm 0.0
18:56 gram_schmidt: Removing vector 3 of norm 0.0
18:56 gram_schmidt: Removing vector 4 of norm 0.0
18:56 gram_schmidt: Removing vector 5 of norm 0.0
18:56 gram_schmidt: Removing vector 6 of norm 0.0
18:56 gram_schmidt: Removing vector 7 of norm 0.0
18:56 gram_schmidt: Removing vector 8 of norm 0.0
18:56 gram_schmidt: Removing vector 9 of norm 0.0
18:56 gram_schmidt: Removing vector 10 of norm 0.0
18:56 gram_schmidt: Removing vector 11 of norm 0.0
18:56 gram_schmidt: Removing vector 12 of norm 0.0
18:56 gram_schmidt: Removing vector 13 of norm 0.0
18:56 gram_schmidt: Removing vector 14 of norm 0.0
18:56 gram_schmidt: Removing vector 15 of norm 0.0
18:56 gram_schmidt: Removing vector 16 of norm 0.0
18:56 gram_schmidt: Removing vector 17 of norm 0.0
18:56 gram_schmidt: Removing vector 18 of norm 0.0
18:56 gram_schmidt: Removing vector 19 of norm 0.0
18:56 gram_schmidt: Removing vector 20 of norm 0.0
18:56 gram_schmidt: Removing vector 21 of norm 0.0
18:56 gram_schmidt: Removing vector 22 of norm 0.0
18:56 gram_schmidt: Removing vector 23 of norm 0.0
18:56 gram_schmidt: Removing vector 24 of norm 0.0
18:56 gram_schmidt: Removing vector 25 of norm 0.0
18:56 gram_schmidt: Removing vector 26 of norm 0.0
18:56 gram_schmidt: Removing vector 27 of norm 0.0
18:56 gram_schmidt: Removing vector 28 of norm 0.0
18:56 gram_schmidt: Removing vector 29 of norm 0.0
18:56 gram_schmidt: Removing vector 30 of norm 0.0
18:56 gram_schmidt: Removing vector 31 of norm 0.0
18:56 gram_schmidt: Removing vector 32 of norm 0.0
18:56 gram_schmidt: Removing vector 33 of norm 0.0
18:56 gram_schmidt: Removing vector 34 of norm 0.0
18:56 gram_schmidt: Removing vector 35 of norm 0.0
18:56 gram_schmidt: Removing vector 36 of norm 0.0
18:56 gram_schmidt: Removing vector 37 of norm 0.0
18:56 gram_schmidt: Removing vector 38 of norm 0.0
18:56 gram_schmidt: Removing vector 39 of norm 0.0
18:56 gram_schmidt: Removing vector 40 of norm 0.0
18:56 gram_schmidt: Removing vector 41 of norm 0.0
18:56 gram_schmidt: Removing vector 42 of norm 0.0
18:56 gram_schmidt: Removing vector 43 of norm 0.0
18:56 gram_schmidt: Removing vector 44 of norm 0.0
18:56 gram_schmidt: Removing vector 45 of norm 0.0
18:56 gram_schmidt: Removing vector 46 of norm 0.0
18:56 gram_schmidt: Removing vector 47 of norm 0.0
18:56 gram_schmidt: Removing vector 48 of norm 0.0
18:56 gram_schmidt: Removing vector 49 of norm 0.0
18:56 gram_schmidt: Removing vector 50 of norm 0.0
18:56 gram_schmidt: Removing vector 51 of norm 0.0
18:56 gram_schmidt: Removing vector 52 of norm 0.0
18:56 gram_schmidt: Removing vector 53 of norm 0.0
18:56 gram_schmidt: Removing vector 54 of norm 0.0
18:56 gram_schmidt: Removing vector 55 of norm 0.0
18:56 gram_schmidt: Removing vector 56 of norm 0.0
18:56 gram_schmidt: Removing vector 57 of norm 0.0
18:56 gram_schmidt: Removing vector 58 of norm 0.0
18:56 gram_schmidt: Removing vector 59 of norm 0.0
18:56 gram_schmidt: Removing vector 60 of norm 0.0
18:56 gram_schmidt: Removing vector 61 of norm 0.0
18:56 gram_schmidt: Removing vector 62 of norm 0.0
18:56 gram_schmidt: Removing vector 63 of norm 0.0
18:56 gram_schmidt: Removing vector 64 of norm 0.0
18:56 gram_schmidt: Removing vector 65 of norm 0.0
18:56 gram_schmidt: Removing vector 66 of norm 0.0
18:56 gram_schmidt: Removing vector 67 of norm 0.0
18:56 gram_schmidt: Removing vector 68 of norm 0.0
18:56 gram_schmidt: Removing vector 69 of norm 0.0
18:56 gram_schmidt: Removing vector 70 of norm 0.0
18:56 gram_schmidt: Removing vector 71 of norm 0.0
18:56 gram_schmidt: Removing vector 72 of norm 0.0
18:56 gram_schmidt: Removing vector 73 of norm 0.0
18:56 gram_schmidt: Removing vector 74 of norm 0.0
18:56 gram_schmidt: Removing vector 75 of norm 0.0
18:56 gram_schmidt: Removing vector 76 of norm 0.0
18:56 gram_schmidt: Removing vector 77 of norm 0.0
18:56 gram_schmidt: Removing vector 78 of norm 0.0
18:56 gram_schmidt: Removing vector 79 of norm 0.0
18:56 gram_schmidt: Removing vector 80 of norm 0.0
18:56 gram_schmidt: Removing vector 81 of norm 0.0
18:56 gram_schmidt: Removing vector 82 of norm 0.0
18:56 gram_schmidt: Removing vector 83 of norm 0.0
18:56 gram_schmidt: Removing vector 84 of norm 0.0
18:56 gram_schmidt: Removing vector 85 of norm 0.0
18:56 gram_schmidt: Removing vector 86 of norm 0.0
18:56 gram_schmidt: Removing vector 87 of norm 0.0
18:56 gram_schmidt: Removing vector 88 of norm 0.0
18:56 gram_schmidt: Removing vector 89 of norm 0.0
18:56 gram_schmidt: Removing vector 90 of norm 0.0
18:56 gram_schmidt: Removing vector 91 of norm 0.0
18:56 gram_schmidt: Removing vector 92 of norm 0.0
18:56 gram_schmidt: Removing vector 93 of norm 0.0
18:56 gram_schmidt: Removing vector 94 of norm 0.0
18:56 gram_schmidt: Removing vector 95 of norm 0.0
18:56 gram_schmidt: Removing vector 96 of norm 0.0
18:56 gram_schmidt: Removing vector 97 of norm 0.0
18:56 gram_schmidt: Removing vector 98 of norm 0.0
18:56 gram_schmidt: Removing vector 99 of norm 0.0
18:56 gram_schmidt: Removing vector 100 of norm 0.0
18:56 gram_schmidt: Removing vector 101 of norm 0.0
</system-err></testcase><testcase classname="src.pymortests.algorithms.gram_schmidt" file="src/pymortests/algorithms/gram_schmidt.py" line="26" name="test_gram_schmidt_with_R[1-&lt;lambda&gt;10]" time="0.003723621368408203"></testcase><testcase classname="src.pymortests.algorithms.gram_schmidt" file="src/pymortests/algorithms/gram_schmidt.py" line="26" name="test_gram_schmidt_with_R[1-&lt;lambda&gt;11]" time="0.007155179977416992"><system-err>18:56 gram_schmidt: Removing linearly dependent vector 3
18:56 gram_schmidt: Removing linearly dependent vector 3
</system-err></testcase><testcase classname="src.pymortests.algorithms.gram_schmidt" file="src/pymortests/algorithms/gram_schmidt.py" line="26" name="test_gram_schmidt_with_R[1-&lt;lambda&gt;12]" time="0.004151821136474609"><system-err>18:56 gram_schmidt: Removing vector 0 of norm 0.0
18:56 gram_schmidt: Removing vector 1 of norm 0.0
18:56 gram_schmidt: Removing vector 2 of norm 0.0
18:56 gram_schmidt: Removing vector 0 of norm 0.0
18:56 gram_schmidt: Removing vector 1 of norm 0.0
18:56 gram_schmidt: Removing vector 2 of norm 0.0
</system-err></testcase><testcase classname="src.pymortests.algorithms.gram_schmidt" file="src/pymortests/algorithms/gram_schmidt.py" line="26" name="test_gram_schmidt_with_R[1-&lt;lambda&gt;13]" time="0.0027561187744140625"></testcase><testcase classname="src.pymortests.algorithms.gram_schmidt" file="src/pymortests/algorithms/gram_schmidt.py" line="26" name="test_gram_schmidt_with_R[1-&lt;lambda&gt;14]" time="0.005300760269165039"></testcase><testcase classname="src.pymortests.algorithms.gram_schmidt" file="src/pymortests/algorithms/gram_schmidt.py" line="26" name="test_gram_schmidt_with_R[1-&lt;lambda&gt;15]" time="0.43767380714416504"><system-err>18:56 gram_schmidt: Removing linearly dependent vector 36
18:56 gram_schmidt: Removing linearly dependent vector 37
18:56 gram_schmidt: Removing linearly dependent vector 38
18:56 gram_schmidt: Removing linearly dependent vector 39
18:56 gram_schmidt: Removing linearly dependent vector 40
18:56 gram_schmidt: Removing linearly dependent vector 41
18:56 gram_schmidt: Removing linearly dependent vector 42
18:56 gram_schmidt: Removing linearly dependent vector 36
18:56 gram_schmidt: Removing linearly dependent vector 37
18:56 gram_schmidt: Removing linearly dependent vector 38
18:56 gram_schmidt: Removing linearly dependent vector 39
18:56 gram_schmidt: Removing linearly dependent vector 40
18:56 gram_schmidt: Removing linearly dependent vector 41
18:56 gram_schmidt: Removing linearly dependent vector 42
</system-err></testcase><testcase classname="src.pymortests.algorithms.gram_schmidt" file="src/pymortests/algorithms/gram_schmidt.py" line="26" name="test_gram_schmidt_with_R[1-&lt;lambda&gt;16]" time="0.23369646072387695"><system-err>18:56 gram_schmidt: Removing linearly dependent vector 3
18:56 gram_schmidt: Removing linearly dependent vector 4
18:56 gram_schmidt: Removing linearly dependent vector 5
18:56 gram_schmidt: Removing linearly dependent vector 6
18:56 gram_schmidt: Removing linearly dependent vector 7
18:56 gram_schmidt: Removing linearly dependent vector 8
18:56 gram_schmidt: Removing linearly dependent vector 9
18:56 gram_schmidt: Removing linearly dependent vector 10
18:56 gram_schmidt: Removing linearly dependent vector 11
18:56 gram_schmidt: Removing linearly dependent vector 12
18:56 gram_schmidt: Removing linearly dependent vector 13
18:56 gram_schmidt: Removing linearly dependent vector 14
18:56 gram_schmidt: Removing linearly dependent vector 15
18:56 gram_schmidt: Removing linearly dependent vector 16
18:56 gram_schmidt: Removing linearly dependent vector 17
18:56 gram_schmidt: Removing linearly dependent vector 18
18:56 gram_schmidt: Removing linearly dependent vector 19
18:56 gram_schmidt: Removing linearly dependent vector 20
18:56 gram_schmidt: Removing linearly dependent vector 21
18:56 gram_schmidt: Removing linearly dependent vector 22
18:56 gram_schmidt: Removing linearly dependent vector 23
18:56 gram_schmidt: Removing linearly dependent vector 24
18:56 gram_schmidt: Removing linearly dependent vector 25
18:56 gram_schmidt: Removing linearly dependent vector 26
18:56 gram_schmidt: Removing linearly dependent vector 27
18:56 gram_schmidt: Removing linearly dependent vector 28
18:56 gram_schmidt: Removing linearly dependent vector 29
18:56 gram_schmidt: Removing linearly dependent vector 30
18:56 gram_schmidt: Removing linearly dependent vector 31
18:56 gram_schmidt: Removing linearly dependent vector 32
18:56 gram_schmidt: Removing linearly dependent vector 33
18:56 gram_schmidt: Removing linearly dependent vector 34
18:56 gram_schmidt: Removing linearly dependent vector 35
18:56 gram_schmidt: Removing linearly dependent vector 36
18:56 gram_schmidt: Removing linearly dependent vector 37
18:56 gram_schmidt: Removing linearly dependent vector 38
18:56 gram_schmidt: Removing linearly dependent vector 39
18:56 gram_schmidt: Removing linearly dependent vector 40
18:56 gram_schmidt: Removing linearly dependent vector 41
18:56 gram_schmidt: Removing linearly dependent vector 42
18:56 gram_schmidt: Removing linearly dependent vector 43
18:56 gram_schmidt: Removing linearly dependent vector 44
18:56 gram_schmidt: Removing linearly dependent vector 45
18:56 gram_schmidt: Removing linearly dependent vector 46
18:56 gram_schmidt: Removing linearly dependent vector 47
18:56 gram_schmidt: Removing linearly dependent vector 48
18:56 gram_schmidt: Removing linearly dependent vector 49
18:56 gram_schmidt: Removing linearly dependent vector 50
18:56 gram_schmidt: Removing linearly dependent vector 51
18:56 gram_schmidt: Removing linearly dependent vector 52
18:56 gram_schmidt: Removing linearly dependent vector 53
18:56 gram_schmidt: Removing linearly dependent vector 54
18:56 gram_schmidt: Removing linearly dependent vector 55
18:56 gram_schmidt: Removing linearly dependent vector 56
18:56 gram_schmidt: Removing linearly dependent vector 57
18:56 gram_schmidt: Removing linearly dependent vector 58
18:56 gram_schmidt: Removing linearly dependent vector 59
18:56 gram_schmidt: Removing linearly dependent vector 60
18:56 gram_schmidt: Removing linearly dependent vector 61
18:56 gram_schmidt: Removing linearly dependent vector 62
18:56 gram_schmidt: Removing linearly dependent vector 63
18:56 gram_schmidt: Removing linearly dependent vector 64
18:56 gram_schmidt: Removing linearly dependent vector 65
18:56 gram_schmidt: Removing linearly dependent vector 66
18:56 gram_schmidt: Removing linearly dependent vector 67
18:56 gram_schmidt: Removing linearly dependent vector 68
18:56 gram_schmidt: Removing linearly dependent vector 69
18:56 gram_schmidt: Removing linearly dependent vector 70
18:56 gram_schmidt: Removing linearly dependent vector 71
18:56 gram_schmidt: Removing linearly dependent vector 72
18:56 gram_schmidt: Removing linearly dependent vector 73
18:56 gram_schmidt: Removing linearly dependent vector 74
18:56 gram_schmidt: Removing linearly dependent vector 75
18:56 gram_schmidt: Removing linearly dependent vector 76
18:56 gram_schmidt: Removing linearly dependent vector 77
18:56 gram_schmidt: Removing linearly dependent vector 78
18:56 gram_schmidt: Removing linearly dependent vector 79
18:56 gram_schmidt: Removing linearly dependent vector 80
18:56 gram_schmidt: Removing linearly dependent vector 81
18:56 gram_schmidt: Removing linearly dependent vector 82
18:56 gram_schmidt: Removing linearly dependent vector 83
18:56 gram_schmidt: Removing linearly dependent vector 84
18:56 gram_schmidt: Removing linearly dependent vector 85
18:56 gram_schmidt: Removing linearly dependent vector 86
18:56 gram_schmidt: Removing linearly dependent vector 87
18:56 gram_schmidt: Removing linearly dependent vector 88
18:56 gram_schmidt: Removing linearly dependent vector 89
18:56 gram_schmidt: Removing linearly dependent vector 90
18:56 gram_schmidt: Removing linearly dependent vector 91
18:56 gram_schmidt: Removing linearly dependent vector 92
18:56 gram_schmidt: Removing linearly dependent vector 93
18:56 gram_schmidt: Removing linearly dependent vector 94
18:56 gram_schmidt: Removing linearly dependent vector 95
18:56 gram_schmidt: Removing linearly dependent vector 96
18:56 gram_schmidt: Removing linearly dependent vector 97
18:56 gram_schmidt: Removing linearly dependent vector 98
18:56 gram_schmidt: Removing linearly dependent vector 99
18:56 gram_schmidt: Removing linearly dependent vector 100
18:56 gram_schmidt: Removing linearly dependent vector 101
18:56 gram_schmidt: Removing linearly dependent vector 3
18:56 gram_schmidt: Removing linearly dependent vector 4
18:56 gram_schmidt: Removing linearly dependent vector 5
18:56 gram_schmidt: Removing linearly dependent vector 6
18:56 gram_schmidt: Removing linearly dependent vector 7
18:56 gram_schmidt: Removing linearly dependent vector 8
18:56 gram_schmidt: Removing linearly dependent vector 9
18:56 gram_schmidt: Removing linearly dependent vector 10
18:56 gram_schmidt: Removing linearly dependent vector 11
18:56 gram_schmidt: Removing linearly dependent vector 12
18:56 gram_schmidt: Removing linearly dependent vector 13
18:56 gram_schmidt: Removing linearly dependent vector 14
18:56 gram_schmidt: Removing linearly dependent vector 15
18:56 gram_schmidt: Removing linearly dependent vector 16
18:56 gram_schmidt: Removing linearly dependent vector 17
18:56 gram_schmidt: Removing linearly dependent vector 18
18:56 gram_schmidt: Removing linearly dependent vector 19
18:56 gram_schmidt: Removing linearly dependent vector 20
18:56 gram_schmidt: Removing linearly dependent vector 21
18:56 gram_schmidt: Removing linearly dependent vector 22
18:56 gram_schmidt: Removing linearly dependent vector 23
18:56 gram_schmidt: Removing linearly dependent vector 24
18:56 gram_schmidt: Removing linearly dependent vector 25
18:56 gram_schmidt: Removing linearly dependent vector 26
18:56 gram_schmidt: Removing linearly dependent vector 27
18:56 gram_schmidt: Removing linearly dependent vector 28
18:56 gram_schmidt: Removing linearly dependent vector 29
18:56 gram_schmidt: Removing linearly dependent vector 30
18:56 gram_schmidt: Removing linearly dependent vector 31
18:56 gram_schmidt: Removing linearly dependent vector 32
18:56 gram_schmidt: Removing linearly dependent vector 33
18:56 gram_schmidt: Removing linearly dependent vector 34
18:56 gram_schmidt: Removing linearly dependent vector 35
18:56 gram_schmidt: Removing linearly dependent vector 36
18:56 gram_schmidt: Removing linearly dependent vector 37
18:56 gram_schmidt: Removing linearly dependent vector 38
18:56 gram_schmidt: Removing linearly dependent vector 39
18:56 gram_schmidt: Removing linearly dependent vector 40
18:56 gram_schmidt: Removing linearly dependent vector 41
18:56 gram_schmidt: Removing linearly dependent vector 42
18:56 gram_schmidt: Removing linearly dependent vector 43
18:56 gram_schmidt: Removing linearly dependent vector 44
18:56 gram_schmidt: Removing linearly dependent vector 45
18:56 gram_schmidt: Removing linearly dependent vector 46
18:56 gram_schmidt: Removing linearly dependent vector 47
18:56 gram_schmidt: Removing linearly dependent vector 48
18:56 gram_schmidt: Removing linearly dependent vector 49
18:56 gram_schmidt: Removing linearly dependent vector 50
18:56 gram_schmidt: Removing linearly dependent vector 51
18:56 gram_schmidt: Removing linearly dependent vector 52
18:56 gram_schmidt: Removing linearly dependent vector 53
18:56 gram_schmidt: Removing linearly dependent vector 54
18:56 gram_schmidt: Removing linearly dependent vector 55
18:56 gram_schmidt: Removing linearly dependent vector 56
18:56 gram_schmidt: Removing linearly dependent vector 57
18:56 gram_schmidt: Removing linearly dependent vector 58
18:56 gram_schmidt: Removing linearly dependent vector 59
18:56 gram_schmidt: Removing linearly dependent vector 60
18:56 gram_schmidt: Removing linearly dependent vector 61
18:56 gram_schmidt: Removing linearly dependent vector 62
18:56 gram_schmidt: Removing linearly dependent vector 63
18:56 gram_schmidt: Removing linearly dependent vector 64
18:56 gram_schmidt: Removing linearly dependent vector 65
18:56 gram_schmidt: Removing linearly dependent vector 66
18:56 gram_schmidt: Removing linearly dependent vector 67
18:56 gram_schmidt: Removing linearly dependent vector 68
18:56 gram_schmidt: Removing linearly dependent vector 69
18:56 gram_schmidt: Removing linearly dependent vector 70
18:56 gram_schmidt: Removing linearly dependent vector 71
18:56 gram_schmidt: Removing linearly dependent vector 72
18:56 gram_schmidt: Removing linearly dependent vector 73
18:56 gram_schmidt: Removing linearly dependent vector 74
18:56 gram_schmidt: Removing linearly dependent vector 75
18:56 gram_schmidt: Removing linearly dependent vector 76
18:56 gram_schmidt: Removing linearly dependent vector 77
18:56 gram_schmidt: Removing linearly dependent vector 78
18:56 gram_schmidt: Removing linearly dependent vector 79
18:56 gram_schmidt: Removing linearly dependent vector 80
18:56 gram_schmidt: Removing linearly dependent vector 81
18:56 gram_schmidt: Removing linearly dependent vector 82
18:56 gram_schmidt: Removing linearly dependent vector 83
18:56 gram_schmidt: Removing linearly dependent vector 84
18:56 gram_schmidt: Removing linearly dependent vector 85
18:56 gram_schmidt: Removing linearly dependent vector 86
18:56 gram_schmidt: Removing linearly dependent vector 87
18:56 gram_schmidt: Removing linearly dependent vector 88
18:56 gram_schmidt: Removing linearly dependent vector 89
18:56 gram_schmidt: Removing linearly dependent vector 90
18:56 gram_schmidt: Removing linearly dependent vector 91
18:56 gram_schmidt: Removing linearly dependent vector 92
18:56 gram_schmidt: Removing linearly dependent vector 93
18:56 gram_schmidt: Removing linearly dependent vector 94
18:56 gram_schmidt: Removing linearly dependent vector 95
18:56 gram_schmidt: Removing linearly dependent vector 96
18:56 gram_schmidt: Removing linearly dependent vector 97
18:56 gram_schmidt: Removing linearly dependent vector 98
18:56 gram_schmidt: Removing linearly dependent vector 99
18:56 gram_schmidt: Removing linearly dependent vector 100
18:56 gram_schmidt: Removing linearly dependent vector 101
</system-err></testcase><testcase classname="src.pymortests.algorithms.gram_schmidt" file="src/pymortests/algorithms/gram_schmidt.py" line="26" name="test_gram_schmidt_with_R[1-&lt;lambda&gt;17]" time="0.0036339759826660156"></testcase><testcase classname="src.pymortests.algorithms.gram_schmidt" file="src/pymortests/algorithms/gram_schmidt.py" line="26" name="test_gram_schmidt_with_R[1-&lt;lambda&gt;18]" time="0.002766847610473633"></testcase><testcase classname="src.pymortests.algorithms.gram_schmidt" file="src/pymortests/algorithms/gram_schmidt.py" line="26" name="test_gram_schmidt_with_R[1-&lt;lambda&gt;19]" time="0.0061206817626953125"></testcase><testcase classname="src.pymortests.algorithms.gram_schmidt" file="src/pymortests/algorithms/gram_schmidt.py" line="26" name="test_gram_schmidt_with_R[1-&lt;lambda&gt;20]" time="0.32319140434265137"></testcase><testcase classname="src.pymortests.algorithms.gram_schmidt" file="src/pymortests/algorithms/gram_schmidt.py" line="26" name="test_gram_schmidt_with_R[1-&lt;lambda&gt;21]" time="1.690180778503418"></testcase><testcase classname="src.pymortests.algorithms.gram_schmidt" file="src/pymortests/algorithms/gram_schmidt.py" line="26" name="test_gram_schmidt_with_R[1-&lt;lambda&gt;22]" time="0.002590656280517578"></testcase><testcase classname="src.pymortests.algorithms.gram_schmidt" file="src/pymortests/algorithms/gram_schmidt.py" line="26" name="test_gram_schmidt_with_R[1-&lt;lambda&gt;23]" time="0.0018963813781738281"></testcase><testcase classname="src.pymortests.algorithms.gram_schmidt" file="src/pymortests/algorithms/gram_schmidt.py" line="26" name="test_gram_schmidt_with_R[1-&lt;lambda&gt;24]" time="0.008778095245361328"></testcase><testcase classname="src.pymortests.algorithms.gram_schmidt" file="src/pymortests/algorithms/gram_schmidt.py" line="26" name="test_gram_schmidt_with_R[1-&lt;lambda&gt;25]" time="0.4896378517150879"><system-err>18:58 gram_schmidt: Orthonormalizing vector 31 again
18:58 gram_schmidt: Removing linearly dependent vector 32
18:58 gram_schmidt: Removing linearly dependent vector 33
18:58 gram_schmidt: Removing linearly dependent vector 34
18:58 gram_schmidt: Removing linearly dependent vector 35
18:58 gram_schmidt: Removing linearly dependent vector 36
18:58 gram_schmidt: Removing linearly dependent vector 37
18:58 gram_schmidt: Removing linearly dependent vector 38
18:58 gram_schmidt: Removing linearly dependent vector 39
18:58 gram_schmidt: Removing linearly dependent vector 40
18:58 gram_schmidt: Removing linearly dependent vector 41
18:59 gram_schmidt: Removing linearly dependent vector 42
18:59 gram_schmidt: Orthonormalizing vector 31 again
18:59 gram_schmidt: Removing linearly dependent vector 32
18:59 gram_schmidt: Removing linearly dependent vector 33
18:59 gram_schmidt: Removing linearly dependent vector 34
18:59 gram_schmidt: Removing linearly dependent vector 35
18:59 gram_schmidt: Removing linearly dependent vector 36
18:59 gram_schmidt: Removing linearly dependent vector 37
18:59 gram_schmidt: Removing linearly dependent vector 38
18:59 gram_schmidt: Removing linearly dependent vector 39
18:59 gram_schmidt: Removing linearly dependent vector 40
18:59 gram_schmidt: Removing linearly dependent vector 41
18:59 gram_schmidt: Removing linearly dependent vector 42
</system-err></testcase><testcase classname="src.pymortests.algorithms.gram_schmidt" file="src/pymortests/algorithms/gram_schmidt.py" line="26" name="test_gram_schmidt_with_R[1-&lt;lambda&gt;26]" time="0.34041452407836914"><system-err>18:59 gram_schmidt: Removing vector 0 of norm 0.0
18:59 gram_schmidt: Removing vector 1 of norm 0.0
18:59 gram_schmidt: Removing vector 2 of norm 0.0
18:59 gram_schmidt: Removing vector 3 of norm 0.0
18:59 gram_schmidt: Removing vector 4 of norm 0.0
18:59 gram_schmidt: Removing vector 5 of norm 0.0
18:59 gram_schmidt: Removing vector 6 of norm 0.0
18:59 gram_schmidt: Removing vector 7 of norm 0.0
18:59 gram_schmidt: Removing vector 8 of norm 0.0
18:59 gram_schmidt: Removing vector 9 of norm 0.0
18:59 gram_schmidt: Removing vector 10 of norm 0.0
18:59 gram_schmidt: Removing vector 11 of norm 0.0
18:59 gram_schmidt: Removing vector 12 of norm 0.0
18:59 gram_schmidt: Removing vector 13 of norm 0.0
18:59 gram_schmidt: Removing vector 14 of norm 0.0
18:59 gram_schmidt: Removing vector 15 of norm 0.0
18:59 gram_schmidt: Removing vector 16 of norm 0.0
18:59 gram_schmidt: Removing vector 17 of norm 0.0
18:59 gram_schmidt: Removing vector 18 of norm 0.0
18:59 gram_schmidt: Removing vector 19 of norm 0.0
18:59 gram_schmidt: Removing vector 20 of norm 0.0
18:59 gram_schmidt: Removing vector 21 of norm 0.0
18:59 gram_schmidt: Removing vector 22 of norm 0.0
18:59 gram_schmidt: Removing vector 23 of norm 0.0
18:59 gram_schmidt: Removing vector 24 of norm 0.0
18:59 gram_schmidt: Removing vector 25 of norm 0.0
18:59 gram_schmidt: Removing vector 26 of norm 0.0
18:59 gram_schmidt: Removing vector 27 of norm 0.0
18:59 gram_schmidt: Removing vector 28 of norm 0.0
18:59 gram_schmidt: Removing vector 29 of norm 0.0
18:59 gram_schmidt: Removing vector 30 of norm 0.0
18:59 gram_schmidt: Removing vector 31 of norm 0.0
18:59 gram_schmidt: Removing vector 32 of norm 0.0
18:59 gram_schmidt: Removing vector 33 of norm 0.0
18:59 gram_schmidt: Removing vector 34 of norm 0.0
18:59 gram_schmidt: Removing vector 35 of norm 0.0
18:59 gram_schmidt: Removing vector 36 of norm 0.0
18:59 gram_schmidt: Removing vector 37 of norm 0.0
18:59 gram_schmidt: Removing vector 38 of norm 0.0
18:59 gram_schmidt: Removing vector 39 of norm 0.0
18:59 gram_schmidt: Removing vector 40 of norm 0.0
18:59 gram_schmidt: Removing vector 41 of norm 0.0
18:59 gram_schmidt: Removing vector 42 of norm 0.0
18:59 gram_schmidt: Removing vector 43 of norm 0.0
18:59 gram_schmidt: Removing vector 44 of norm 0.0
18:59 gram_schmidt: Removing vector 45 of norm 0.0
18:59 gram_schmidt: Removing vector 46 of norm 0.0
18:59 gram_schmidt: Removing vector 47 of norm 0.0
18:59 gram_schmidt: Removing vector 48 of norm 0.0
18:59 gram_schmidt: Removing vector 49 of norm 0.0
18:59 gram_schmidt: Removing vector 50 of norm 0.0
18:59 gram_schmidt: Removing vector 51 of norm 0.0
18:59 gram_schmidt: Removing vector 52 of norm 0.0
18:59 gram_schmidt: Removing vector 53 of norm 0.0
18:59 gram_schmidt: Removing vector 54 of norm 0.0
18:59 gram_schmidt: Removing vector 55 of norm 0.0
18:59 gram_schmidt: Removing vector 56 of norm 0.0
18:59 gram_schmidt: Removing vector 57 of norm 0.0
18:59 gram_schmidt: Removing vector 58 of norm 0.0
18:59 gram_schmidt: Removing vector 59 of norm 0.0
18:59 gram_schmidt: Removing vector 60 of norm 0.0
18:59 gram_schmidt: Removing vector 61 of norm 0.0
18:59 gram_schmidt: Removing vector 62 of norm 0.0
18:59 gram_schmidt: Removing vector 63 of norm 0.0
18:59 gram_schmidt: Removing vector 64 of norm 0.0
18:59 gram_schmidt: Removing vector 65 of norm 0.0
18:59 gram_schmidt: Removing vector 66 of norm 0.0
18:59 gram_schmidt: Removing vector 67 of norm 0.0
18:59 gram_schmidt: Removing vector 68 of norm 0.0
18:59 gram_schmidt: Removing vector 69 of norm 0.0
18:59 gram_schmidt: Removing vector 70 of norm 0.0
18:59 gram_schmidt: Removing vector 71 of norm 0.0
18:59 gram_schmidt: Removing vector 72 of norm 0.0
18:59 gram_schmidt: Removing vector 73 of norm 0.0
18:59 gram_schmidt: Removing vector 74 of norm 0.0
18:59 gram_schmidt: Removing vector 75 of norm 0.0
18:59 gram_schmidt: Removing vector 76 of norm 0.0
18:59 gram_schmidt: Removing vector 77 of norm 0.0
18:59 gram_schmidt: Removing vector 78 of norm 0.0
18:59 gram_schmidt: Removing vector 79 of norm 0.0
18:59 gram_schmidt: Removing vector 80 of norm 0.0
18:59 gram_schmidt: Removing vector 81 of norm 0.0
18:59 gram_schmidt: Removing vector 82 of norm 0.0
18:59 gram_schmidt: Removing vector 83 of norm 0.0
18:59 gram_schmidt: Removing vector 84 of norm 0.0
18:59 gram_schmidt: Removing vector 85 of norm 0.0
18:59 gram_schmidt: Removing vector 86 of norm 0.0
18:59 gram_schmidt: Removing vector 87 of norm 0.0
18:59 gram_schmidt: Removing vector 88 of norm 0.0
18:59 gram_schmidt: Removing vector 89 of norm 0.0
18:59 gram_schmidt: Removing vector 90 of norm 0.0
18:59 gram_schmidt: Removing vector 91 of norm 0.0
18:59 gram_schmidt: Removing vector 92 of norm 0.0
18:59 gram_schmidt: Removing vector 93 of norm 0.0
18:59 gram_schmidt: Removing vector 94 of norm 0.0
18:59 gram_schmidt: Removing vector 95 of norm 0.0
18:59 gram_schmidt: Removing vector 96 of norm 0.0
18:59 gram_schmidt: Removing vector 97 of norm 0.0
18:59 gram_schmidt: Removing vector 98 of norm 0.0
18:59 gram_schmidt: Removing vector 99 of norm 0.0
18:59 gram_schmidt: Removing vector 100 of norm 0.0
18:59 gram_schmidt: Removing vector 101 of norm 0.0
18:59 gram_schmidt: Removing vector 0 of norm 0.0
18:59 gram_schmidt: Removing vector 1 of norm 0.0
18:59 gram_schmidt: Removing vector 2 of norm 0.0
18:59 gram_schmidt: Removing vector 3 of norm 0.0
18:59 gram_schmidt: Removing vector 4 of norm 0.0
18:59 gram_schmidt: Removing vector 5 of norm 0.0
18:59 gram_schmidt: Removing vector 6 of norm 0.0
18:59 gram_schmidt: Removing vector 7 of norm 0.0
18:59 gram_schmidt: Removing vector 8 of norm 0.0
18:59 gram_schmidt: Removing vector 9 of norm 0.0
18:59 gram_schmidt: Removing vector 10 of norm 0.0
18:59 gram_schmidt: Removing vector 11 of norm 0.0
18:59 gram_schmidt: Removing vector 12 of norm 0.0
18:59 gram_schmidt: Removing vector 13 of norm 0.0
18:59 gram_schmidt: Removing vector 14 of norm 0.0
18:59 gram_schmidt: Removing vector 15 of norm 0.0
18:59 gram_schmidt: Removing vector 16 of norm 0.0
18:59 gram_schmidt: Removing vector 17 of norm 0.0
18:59 gram_schmidt: Removing vector 18 of norm 0.0
18:59 gram_schmidt: Removing vector 19 of norm 0.0
18:59 gram_schmidt: Removing vector 20 of norm 0.0
18:59 gram_schmidt: Removing vector 21 of norm 0.0
18:59 gram_schmidt: Removing vector 22 of norm 0.0
18:59 gram_schmidt: Removing vector 23 of norm 0.0
18:59 gram_schmidt: Removing vector 24 of norm 0.0
18:59 gram_schmidt: Removing vector 25 of norm 0.0
18:59 gram_schmidt: Removing vector 26 of norm 0.0
18:59 gram_schmidt: Removing vector 27 of norm 0.0
18:59 gram_schmidt: Removing vector 28 of norm 0.0
18:59 gram_schmidt: Removing vector 29 of norm 0.0
18:59 gram_schmidt: Removing vector 30 of norm 0.0
18:59 gram_schmidt: Removing vector 31 of norm 0.0
18:59 gram_schmidt: Removing vector 32 of norm 0.0
18:59 gram_schmidt: Removing vector 33 of norm 0.0
18:59 gram_schmidt: Removing vector 34 of norm 0.0
18:59 gram_schmidt: Removing vector 35 of norm 0.0
18:59 gram_schmidt: Removing vector 36 of norm 0.0
18:59 gram_schmidt: Removing vector 37 of norm 0.0
18:59 gram_schmidt: Removing vector 38 of norm 0.0
18:59 gram_schmidt: Removing vector 39 of norm 0.0
18:59 gram_schmidt: Removing vector 40 of norm 0.0
18:59 gram_schmidt: Removing vector 41 of norm 0.0
18:59 gram_schmidt: Removing vector 42 of norm 0.0
18:59 gram_schmidt: Removing vector 43 of norm 0.0
18:59 gram_schmidt: Removing vector 44 of norm 0.0
18:59 gram_schmidt: Removing vector 45 of norm 0.0
18:59 gram_schmidt: Removing vector 46 of norm 0.0
18:59 gram_schmidt: Removing vector 47 of norm 0.0
18:59 gram_schmidt: Removing vector 48 of norm 0.0
18:59 gram_schmidt: Removing vector 49 of norm 0.0
18:59 gram_schmidt: Removing vector 50 of norm 0.0
18:59 gram_schmidt: Removing vector 51 of norm 0.0
18:59 gram_schmidt: Removing vector 52 of norm 0.0
18:59 gram_schmidt: Removing vector 53 of norm 0.0
18:59 gram_schmidt: Removing vector 54 of norm 0.0
18:59 gram_schmidt: Removing vector 55 of norm 0.0
18:59 gram_schmidt: Removing vector 56 of norm 0.0
18:59 gram_schmidt: Removing vector 57 of norm 0.0
18:59 gram_schmidt: Removing vector 58 of norm 0.0
18:59 gram_schmidt: Removing vector 59 of norm 0.0
18:59 gram_schmidt: Removing vector 60 of norm 0.0
18:59 gram_schmidt: Removing vector 61 of norm 0.0
18:59 gram_schmidt: Removing vector 62 of norm 0.0
18:59 gram_schmidt: Removing vector 63 of norm 0.0
18:59 gram_schmidt: Removing vector 64 of norm 0.0
18:59 gram_schmidt: Removing vector 65 of norm 0.0
18:59 gram_schmidt: Removing vector 66 of norm 0.0
18:59 gram_schmidt: Removing vector 67 of norm 0.0
18:59 gram_schmidt: Removing vector 68 of norm 0.0
18:59 gram_schmidt: Removing vector 69 of norm 0.0
18:59 gram_schmidt: Removing vector 70 of norm 0.0
18:59 gram_schmidt: Removing vector 71 of norm 0.0
18:59 gram_schmidt: Removing vector 72 of norm 0.0
18:59 gram_schmidt: Removing vector 73 of norm 0.0
18:59 gram_schmidt: Removing vector 74 of norm 0.0
18:59 gram_schmidt: Removing vector 75 of norm 0.0
18:59 gram_schmidt: Removing vector 76 of norm 0.0
18:59 gram_schmidt: Removing vector 77 of norm 0.0
18:59 gram_schmidt: Removing vector 78 of norm 0.0
18:59 gram_schmidt: Removing vector 79 of norm 0.0
18:59 gram_schmidt: Removing vector 80 of norm 0.0
18:59 gram_schmidt: Removing vector 81 of norm 0.0
18:59 gram_schmidt: Removing vector 82 of norm 0.0
18:59 gram_schmidt: Removing vector 83 of norm 0.0
18:59 gram_schmidt: Removing vector 84 of norm 0.0
18:59 gram_schmidt: Removing vector 85 of norm 0.0
18:59 gram_schmidt: Removing vector 86 of norm 0.0
18:59 gram_schmidt: Removing vector 87 of norm 0.0
18:59 gram_schmidt: Removing vector 88 of norm 0.0
18:59 gram_schmidt: Removing vector 89 of norm 0.0
18:59 gram_schmidt: Removing vector 90 of norm 0.0
18:59 gram_schmidt: Removing vector 91 of norm 0.0
18:59 gram_schmidt: Removing vector 92 of norm 0.0
18:59 gram_schmidt: Removing vector 93 of norm 0.0
18:59 gram_schmidt: Removing vector 94 of norm 0.0
18:59 gram_schmidt: Removing vector 95 of norm 0.0
18:59 gram_schmidt: Removing vector 96 of norm 0.0
18:59 gram_schmidt: Removing vector 97 of norm 0.0
18:59 gram_schmidt: Removing vector 98 of norm 0.0
18:59 gram_schmidt: Removing vector 99 of norm 0.0
18:59 gram_schmidt: Removing vector 100 of norm 0.0
18:59 gram_schmidt: Removing vector 101 of norm 0.0
</system-err></testcase><testcase classname="src.pymortests.algorithms.gram_schmidt" file="src/pymortests/algorithms/gram_schmidt.py" line="26" name="test_gram_schmidt_with_R[2-&lt;lambda&gt;0]" time="0.002856016159057617"></testcase><testcase classname="src.pymortests.algorithms.gram_schmidt" file="src/pymortests/algorithms/gram_schmidt.py" line="26" name="test_gram_schmidt_with_R[2-&lt;lambda&gt;1]" time="0.0020275115966796875"></testcase><testcase classname="src.pymortests.algorithms.gram_schmidt" file="src/pymortests/algorithms/gram_schmidt.py" line="26" name="test_gram_schmidt_with_R[2-&lt;lambda&gt;2]" time="0.002229452133178711"></testcase><testcase classname="src.pymortests.algorithms.gram_schmidt" file="src/pymortests/algorithms/gram_schmidt.py" line="26" name="test_gram_schmidt_with_R[2-&lt;lambda&gt;3]" time="0.11959147453308105"><system-err>18:59 gram_schmidt: Orthonormalizing vector 31 again
18:59 gram_schmidt: Removing linearly dependent vector 32
18:59 gram_schmidt: Removing linearly dependent vector 33
18:59 gram_schmidt: Removing linearly dependent vector 34
18:59 gram_schmidt: Removing linearly dependent vector 35
18:59 gram_schmidt: Removing linearly dependent vector 36
18:59 gram_schmidt: Removing linearly dependent vector 37
18:59 gram_schmidt: Removing linearly dependent vector 38
18:59 gram_schmidt: Removing linearly dependent vector 39
18:59 gram_schmidt: Removing linearly dependent vector 40
18:59 gram_schmidt: Removing linearly dependent vector 41
18:59 gram_schmidt: Removing linearly dependent vector 42
18:59 gram_schmidt: Orthonormalizing vector 31 again
18:59 gram_schmidt: Removing linearly dependent vector 32
18:59 gram_schmidt: Removing linearly dependent vector 33
18:59 gram_schmidt: Removing linearly dependent vector 34
18:59 gram_schmidt: Removing linearly dependent vector 35
18:59 gram_schmidt: Removing linearly dependent vector 36
18:59 gram_schmidt: Removing linearly dependent vector 37
18:59 gram_schmidt: Removing linearly dependent vector 38
18:59 gram_schmidt: Removing linearly dependent vector 39
18:59 gram_schmidt: Removing linearly dependent vector 40
18:59 gram_schmidt: Removing linearly dependent vector 41
18:59 gram_schmidt: Removing linearly dependent vector 42
</system-err></testcase><testcase classname="src.pymortests.algorithms.gram_schmidt" file="src/pymortests/algorithms/gram_schmidt.py" line="26" name="test_gram_schmidt_with_R[2-&lt;lambda&gt;4]" time="0.02261519432067871"><system-err>18:59 gram_schmidt: Removing vector 0 of norm 0.0
18:59 gram_schmidt: Removing vector 1 of norm 0.0
18:59 gram_schmidt: Removing vector 2 of norm 0.0
18:59 gram_schmidt: Removing vector 3 of norm 0.0
18:59 gram_schmidt: Removing vector 4 of norm 0.0
18:59 gram_schmidt: Removing vector 5 of norm 0.0
18:59 gram_schmidt: Removing vector 6 of norm 0.0
18:59 gram_schmidt: Removing vector 7 of norm 0.0
18:59 gram_schmidt: Removing vector 8 of norm 0.0
18:59 gram_schmidt: Removing vector 9 of norm 0.0
18:59 gram_schmidt: Removing vector 10 of norm 0.0
18:59 gram_schmidt: Removing vector 11 of norm 0.0
18:59 gram_schmidt: Removing vector 12 of norm 0.0
18:59 gram_schmidt: Removing vector 13 of norm 0.0
18:59 gram_schmidt: Removing vector 14 of norm 0.0
18:59 gram_schmidt: Removing vector 15 of norm 0.0
18:59 gram_schmidt: Removing vector 16 of norm 0.0
18:59 gram_schmidt: Removing vector 17 of norm 0.0
18:59 gram_schmidt: Removing vector 18 of norm 0.0
18:59 gram_schmidt: Removing vector 19 of norm 0.0
18:59 gram_schmidt: Removing vector 20 of norm 0.0
18:59 gram_schmidt: Removing vector 21 of norm 0.0
18:59 gram_schmidt: Removing vector 22 of norm 0.0
18:59 gram_schmidt: Removing vector 23 of norm 0.0
18:59 gram_schmidt: Removing vector 24 of norm 0.0
18:59 gram_schmidt: Removing vector 25 of norm 0.0
18:59 gram_schmidt: Removing vector 26 of norm 0.0
18:59 gram_schmidt: Removing vector 27 of norm 0.0
18:59 gram_schmidt: Removing vector 28 of norm 0.0
18:59 gram_schmidt: Removing vector 29 of norm 0.0
18:59 gram_schmidt: Removing vector 30 of norm 0.0
18:59 gram_schmidt: Removing vector 31 of norm 0.0
18:59 gram_schmidt: Removing vector 32 of norm 0.0
18:59 gram_schmidt: Removing vector 33 of norm 0.0
18:59 gram_schmidt: Removing vector 34 of norm 0.0
18:59 gram_schmidt: Removing vector 35 of norm 0.0
18:59 gram_schmidt: Removing vector 36 of norm 0.0
18:59 gram_schmidt: Removing vector 37 of norm 0.0
18:59 gram_schmidt: Removing vector 38 of norm 0.0
18:59 gram_schmidt: Removing vector 39 of norm 0.0
18:59 gram_schmidt: Removing vector 40 of norm 0.0
18:59 gram_schmidt: Removing vector 41 of norm 0.0
18:59 gram_schmidt: Removing vector 42 of norm 0.0
18:59 gram_schmidt: Removing vector 43 of norm 0.0
18:59 gram_schmidt: Removing vector 44 of norm 0.0
18:59 gram_schmidt: Removing vector 45 of norm 0.0
18:59 gram_schmidt: Removing vector 46 of norm 0.0
18:59 gram_schmidt: Removing vector 47 of norm 0.0
18:59 gram_schmidt: Removing vector 48 of norm 0.0
18:59 gram_schmidt: Removing vector 49 of norm 0.0
18:59 gram_schmidt: Removing vector 50 of norm 0.0
18:59 gram_schmidt: Removing vector 51 of norm 0.0
18:59 gram_schmidt: Removing vector 52 of norm 0.0
18:59 gram_schmidt: Removing vector 53 of norm 0.0
18:59 gram_schmidt: Removing vector 54 of norm 0.0
18:59 gram_schmidt: Removing vector 55 of norm 0.0
18:59 gram_schmidt: Removing vector 56 of norm 0.0
18:59 gram_schmidt: Removing vector 57 of norm 0.0
18:59 gram_schmidt: Removing vector 58 of norm 0.0
18:59 gram_schmidt: Removing vector 59 of norm 0.0
18:59 gram_schmidt: Removing vector 60 of norm 0.0
18:59 gram_schmidt: Removing vector 61 of norm 0.0
18:59 gram_schmidt: Removing vector 62 of norm 0.0
18:59 gram_schmidt: Removing vector 63 of norm 0.0
18:59 gram_schmidt: Removing vector 64 of norm 0.0
18:59 gram_schmidt: Removing vector 65 of norm 0.0
18:59 gram_schmidt: Removing vector 66 of norm 0.0
18:59 gram_schmidt: Removing vector 67 of norm 0.0
18:59 gram_schmidt: Removing vector 68 of norm 0.0
18:59 gram_schmidt: Removing vector 69 of norm 0.0
18:59 gram_schmidt: Removing vector 70 of norm 0.0
18:59 gram_schmidt: Removing vector 71 of norm 0.0
18:59 gram_schmidt: Removing vector 72 of norm 0.0
18:59 gram_schmidt: Removing vector 73 of norm 0.0
18:59 gram_schmidt: Removing vector 74 of norm 0.0
18:59 gram_schmidt: Removing vector 75 of norm 0.0
18:59 gram_schmidt: Removing vector 76 of norm 0.0
18:59 gram_schmidt: Removing vector 77 of norm 0.0
18:59 gram_schmidt: Removing vector 78 of norm 0.0
18:59 gram_schmidt: Removing vector 79 of norm 0.0
18:59 gram_schmidt: Removing vector 80 of norm 0.0
18:59 gram_schmidt: Removing vector 81 of norm 0.0
18:59 gram_schmidt: Removing vector 82 of norm 0.0
18:59 gram_schmidt: Removing vector 83 of norm 0.0
18:59 gram_schmidt: Removing vector 84 of norm 0.0
18:59 gram_schmidt: Removing vector 85 of norm 0.0
18:59 gram_schmidt: Removing vector 86 of norm 0.0
18:59 gram_schmidt: Removing vector 87 of norm 0.0
18:59 gram_schmidt: Removing vector 88 of norm 0.0
18:59 gram_schmidt: Removing vector 89 of norm 0.0
18:59 gram_schmidt: Removing vector 90 of norm 0.0
18:59 gram_schmidt: Removing vector 91 of norm 0.0
18:59 gram_schmidt: Removing vector 92 of norm 0.0
18:59 gram_schmidt: Removing vector 93 of norm 0.0
18:59 gram_schmidt: Removing vector 94 of norm 0.0
18:59 gram_schmidt: Removing vector 95 of norm 0.0
18:59 gram_schmidt: Removing vector 96 of norm 0.0
18:59 gram_schmidt: Removing vector 97 of norm 0.0
18:59 gram_schmidt: Removing vector 98 of norm 0.0
18:59 gram_schmidt: Removing vector 99 of norm 0.0
18:59 gram_schmidt: Removing vector 100 of norm 0.0
18:59 gram_schmidt: Removing vector 101 of norm 0.0
18:59 gram_schmidt: Removing vector 0 of norm 0.0
18:59 gram_schmidt: Removing vector 1 of norm 0.0
18:59 gram_schmidt: Removing vector 2 of norm 0.0
18:59 gram_schmidt: Removing vector 3 of norm 0.0
18:59 gram_schmidt: Removing vector 4 of norm 0.0
18:59 gram_schmidt: Removing vector 5 of norm 0.0
18:59 gram_schmidt: Removing vector 6 of norm 0.0
18:59 gram_schmidt: Removing vector 7 of norm 0.0
18:59 gram_schmidt: Removing vector 8 of norm 0.0
18:59 gram_schmidt: Removing vector 9 of norm 0.0
18:59 gram_schmidt: Removing vector 10 of norm 0.0
18:59 gram_schmidt: Removing vector 11 of norm 0.0
18:59 gram_schmidt: Removing vector 12 of norm 0.0
18:59 gram_schmidt: Removing vector 13 of norm 0.0
18:59 gram_schmidt: Removing vector 14 of norm 0.0
18:59 gram_schmidt: Removing vector 15 of norm 0.0
18:59 gram_schmidt: Removing vector 16 of norm 0.0
18:59 gram_schmidt: Removing vector 17 of norm 0.0
18:59 gram_schmidt: Removing vector 18 of norm 0.0
18:59 gram_schmidt: Removing vector 19 of norm 0.0
18:59 gram_schmidt: Removing vector 20 of norm 0.0
18:59 gram_schmidt: Removing vector 21 of norm 0.0
18:59 gram_schmidt: Removing vector 22 of norm 0.0
18:59 gram_schmidt: Removing vector 23 of norm 0.0
18:59 gram_schmidt: Removing vector 24 of norm 0.0
18:59 gram_schmidt: Removing vector 25 of norm 0.0
18:59 gram_schmidt: Removing vector 26 of norm 0.0
18:59 gram_schmidt: Removing vector 27 of norm 0.0
18:59 gram_schmidt: Removing vector 28 of norm 0.0
18:59 gram_schmidt: Removing vector 29 of norm 0.0
18:59 gram_schmidt: Removing vector 30 of norm 0.0
18:59 gram_schmidt: Removing vector 31 of norm 0.0
18:59 gram_schmidt: Removing vector 32 of norm 0.0
18:59 gram_schmidt: Removing vector 33 of norm 0.0
18:59 gram_schmidt: Removing vector 34 of norm 0.0
18:59 gram_schmidt: Removing vector 35 of norm 0.0
18:59 gram_schmidt: Removing vector 36 of norm 0.0
18:59 gram_schmidt: Removing vector 37 of norm 0.0
18:59 gram_schmidt: Removing vector 38 of norm 0.0
18:59 gram_schmidt: Removing vector 39 of norm 0.0
18:59 gram_schmidt: Removing vector 40 of norm 0.0
18:59 gram_schmidt: Removing vector 41 of norm 0.0
18:59 gram_schmidt: Removing vector 42 of norm 0.0
18:59 gram_schmidt: Removing vector 43 of norm 0.0
18:59 gram_schmidt: Removing vector 44 of norm 0.0
18:59 gram_schmidt: Removing vector 45 of norm 0.0
18:59 gram_schmidt: Removing vector 46 of norm 0.0
18:59 gram_schmidt: Removing vector 47 of norm 0.0
18:59 gram_schmidt: Removing vector 48 of norm 0.0
18:59 gram_schmidt: Removing vector 49 of norm 0.0
18:59 gram_schmidt: Removing vector 50 of norm 0.0
18:59 gram_schmidt: Removing vector 51 of norm 0.0
18:59 gram_schmidt: Removing vector 52 of norm 0.0
18:59 gram_schmidt: Removing vector 53 of norm 0.0
18:59 gram_schmidt: Removing vector 54 of norm 0.0
18:59 gram_schmidt: Removing vector 55 of norm 0.0
18:59 gram_schmidt: Removing vector 56 of norm 0.0
18:59 gram_schmidt: Removing vector 57 of norm 0.0
18:59 gram_schmidt: Removing vector 58 of norm 0.0
18:59 gram_schmidt: Removing vector 59 of norm 0.0
18:59 gram_schmidt: Removing vector 60 of norm 0.0
18:59 gram_schmidt: Removing vector 61 of norm 0.0
18:59 gram_schmidt: Removing vector 62 of norm 0.0
18:59 gram_schmidt: Removing vector 63 of norm 0.0
18:59 gram_schmidt: Removing vector 64 of norm 0.0
18:59 gram_schmidt: Removing vector 65 of norm 0.0
18:59 gram_schmidt: Removing vector 66 of norm 0.0
18:59 gram_schmidt: Removing vector 67 of norm 0.0
18:59 gram_schmidt: Removing vector 68 of norm 0.0
18:59 gram_schmidt: Removing vector 69 of norm 0.0
18:59 gram_schmidt: Removing vector 70 of norm 0.0
18:59 gram_schmidt: Removing vector 71 of norm 0.0
18:59 gram_schmidt: Removing vector 72 of norm 0.0
18:59 gram_schmidt: Removing vector 73 of norm 0.0
18:59 gram_schmidt: Removing vector 74 of norm 0.0
18:59 gram_schmidt: Removing vector 75 of norm 0.0
18:59 gram_schmidt: Removing vector 76 of norm 0.0
18:59 gram_schmidt: Removing vector 77 of norm 0.0
18:59 gram_schmidt: Removing vector 78 of norm 0.0
18:59 gram_schmidt: Removing vector 79 of norm 0.0
18:59 gram_schmidt: Removing vector 80 of norm 0.0
18:59 gram_schmidt: Removing vector 81 of norm 0.0
18:59 gram_schmidt: Removing vector 82 of norm 0.0
18:59 gram_schmidt: Removing vector 83 of norm 0.0
18:59 gram_schmidt: Removing vector 84 of norm 0.0
18:59 gram_schmidt: Removing vector 85 of norm 0.0
18:59 gram_schmidt: Removing vector 86 of norm 0.0
18:59 gram_schmidt: Removing vector 87 of norm 0.0
18:59 gram_schmidt: Removing vector 88 of norm 0.0
18:59 gram_schmidt: Removing vector 89 of norm 0.0
18:59 gram_schmidt: Removing vector 90 of norm 0.0
18:59 gram_schmidt: Removing vector 91 of norm 0.0
18:59 gram_schmidt: Removing vector 92 of norm 0.0
18:59 gram_schmidt: Removing vector 93 of norm 0.0
18:59 gram_schmidt: Removing vector 94 of norm 0.0
18:59 gram_schmidt: Removing vector 95 of norm 0.0
18:59 gram_schmidt: Removing vector 96 of norm 0.0
18:59 gram_schmidt: Removing vector 97 of norm 0.0
18:59 gram_schmidt: Removing vector 98 of norm 0.0
18:59 gram_schmidt: Removing vector 99 of norm 0.0
18:59 gram_schmidt: Removing vector 100 of norm 0.0
18:59 gram_schmidt: Removing vector 101 of norm 0.0
</system-err></testcase><testcase classname="src.pymortests.algorithms.gram_schmidt" file="src/pymortests/algorithms/gram_schmidt.py" line="26" name="test_gram_schmidt_with_R[2-&lt;lambda&gt;5]" time="0.0027632713317871094"></testcase><testcase classname="src.pymortests.algorithms.gram_schmidt" file="src/pymortests/algorithms/gram_schmidt.py" line="26" name="test_gram_schmidt_with_R[2-&lt;lambda&gt;6]" time="0.0019719600677490234"></testcase><testcase classname="src.pymortests.algorithms.gram_schmidt" file="src/pymortests/algorithms/gram_schmidt.py" line="26" name="test_gram_schmidt_with_R[2-&lt;lambda&gt;7]" time="0.002489328384399414"></testcase><testcase classname="src.pymortests.algorithms.gram_schmidt" file="src/pymortests/algorithms/gram_schmidt.py" line="26" name="test_gram_schmidt_with_R[2-&lt;lambda&gt;8]" time="0.22770953178405762"><system-err>18:59 gram_schmidt: Orthonormalizing vector 31 again
18:59 gram_schmidt: Removing linearly dependent vector 32
18:59 gram_schmidt: Removing linearly dependent vector 33
18:59 gram_schmidt: Removing linearly dependent vector 34
18:59 gram_schmidt: Removing linearly dependent vector 35
18:59 gram_schmidt: Removing linearly dependent vector 36
18:59 gram_schmidt: Removing linearly dependent vector 37
18:59 gram_schmidt: Removing linearly dependent vector 38
18:59 gram_schmidt: Removing linearly dependent vector 39
18:59 gram_schmidt: Removing linearly dependent vector 40
18:59 gram_schmidt: Removing linearly dependent vector 41
18:59 gram_schmidt: Removing linearly dependent vector 42
19:00 gram_schmidt: Orthonormalizing vector 31 again
19:00 gram_schmidt: Removing linearly dependent vector 32
19:00 gram_schmidt: Removing linearly dependent vector 33
19:00 gram_schmidt: Removing linearly dependent vector 34
19:00 gram_schmidt: Removing linearly dependent vector 35
19:00 gram_schmidt: Removing linearly dependent vector 36
19:00 gram_schmidt: Removing linearly dependent vector 37
19:00 gram_schmidt: Removing linearly dependent vector 38
19:00 gram_schmidt: Removing linearly dependent vector 39
19:00 gram_schmidt: Removing linearly dependent vector 40
19:00 gram_schmidt: Removing linearly dependent vector 41
19:00 gram_schmidt: Removing linearly dependent vector 42
</system-err></testcase><testcase classname="src.pymortests.algorithms.gram_schmidt" file="src/pymortests/algorithms/gram_schmidt.py" line="26" name="test_gram_schmidt_with_R[2-&lt;lambda&gt;9]" time="0.03144097328186035"><system-err>19:00 gram_schmidt: Removing vector 0 of norm 0.0
19:00 gram_schmidt: Removing vector 1 of norm 0.0
19:00 gram_schmidt: Removing vector 2 of norm 0.0
19:00 gram_schmidt: Removing vector 3 of norm 0.0
19:00 gram_schmidt: Removing vector 4 of norm 0.0
19:00 gram_schmidt: Removing vector 5 of norm 0.0
19:00 gram_schmidt: Removing vector 6 of norm 0.0
19:00 gram_schmidt: Removing vector 7 of norm 0.0
19:00 gram_schmidt: Removing vector 8 of norm 0.0
19:00 gram_schmidt: Removing vector 9 of norm 0.0
19:00 gram_schmidt: Removing vector 10 of norm 0.0
19:00 gram_schmidt: Removing vector 11 of norm 0.0
19:00 gram_schmidt: Removing vector 12 of norm 0.0
19:00 gram_schmidt: Removing vector 13 of norm 0.0
19:00 gram_schmidt: Removing vector 14 of norm 0.0
19:00 gram_schmidt: Removing vector 15 of norm 0.0
19:00 gram_schmidt: Removing vector 16 of norm 0.0
19:00 gram_schmidt: Removing vector 17 of norm 0.0
19:00 gram_schmidt: Removing vector 18 of norm 0.0
19:00 gram_schmidt: Removing vector 19 of norm 0.0
19:00 gram_schmidt: Removing vector 20 of norm 0.0
19:00 gram_schmidt: Removing vector 21 of norm 0.0
19:00 gram_schmidt: Removing vector 22 of norm 0.0
19:00 gram_schmidt: Removing vector 23 of norm 0.0
19:00 gram_schmidt: Removing vector 24 of norm 0.0
19:00 gram_schmidt: Removing vector 25 of norm 0.0
19:00 gram_schmidt: Removing vector 26 of norm 0.0
19:00 gram_schmidt: Removing vector 27 of norm 0.0
19:00 gram_schmidt: Removing vector 28 of norm 0.0
19:00 gram_schmidt: Removing vector 29 of norm 0.0
19:00 gram_schmidt: Removing vector 30 of norm 0.0
19:00 gram_schmidt: Removing vector 31 of norm 0.0
19:00 gram_schmidt: Removing vector 32 of norm 0.0
19:00 gram_schmidt: Removing vector 33 of norm 0.0
19:00 gram_schmidt: Removing vector 34 of norm 0.0
19:00 gram_schmidt: Removing vector 35 of norm 0.0
19:00 gram_schmidt: Removing vector 36 of norm 0.0
19:00 gram_schmidt: Removing vector 37 of norm 0.0
19:00 gram_schmidt: Removing vector 38 of norm 0.0
19:00 gram_schmidt: Removing vector 39 of norm 0.0
19:00 gram_schmidt: Removing vector 40 of norm 0.0
19:00 gram_schmidt: Removing vector 41 of norm 0.0
19:00 gram_schmidt: Removing vector 42 of norm 0.0
19:00 gram_schmidt: Removing vector 43 of norm 0.0
19:00 gram_schmidt: Removing vector 44 of norm 0.0
19:00 gram_schmidt: Removing vector 45 of norm 0.0
19:00 gram_schmidt: Removing vector 46 of norm 0.0
19:00 gram_schmidt: Removing vector 47 of norm 0.0
19:00 gram_schmidt: Removing vector 48 of norm 0.0
19:00 gram_schmidt: Removing vector 49 of norm 0.0
19:00 gram_schmidt: Removing vector 50 of norm 0.0
19:00 gram_schmidt: Removing vector 51 of norm 0.0
19:00 gram_schmidt: Removing vector 52 of norm 0.0
19:00 gram_schmidt: Removing vector 53 of norm 0.0
19:00 gram_schmidt: Removing vector 54 of norm 0.0
19:00 gram_schmidt: Removing vector 55 of norm 0.0
19:00 gram_schmidt: Removing vector 56 of norm 0.0
19:00 gram_schmidt: Removing vector 57 of norm 0.0
19:00 gram_schmidt: Removing vector 58 of norm 0.0
19:00 gram_schmidt: Removing vector 59 of norm 0.0
19:00 gram_schmidt: Removing vector 60 of norm 0.0
19:00 gram_schmidt: Removing vector 61 of norm 0.0
19:00 gram_schmidt: Removing vector 62 of norm 0.0
19:00 gram_schmidt: Removing vector 63 of norm 0.0
19:00 gram_schmidt: Removing vector 64 of norm 0.0
19:00 gram_schmidt: Removing vector 65 of norm 0.0
19:00 gram_schmidt: Removing vector 66 of norm 0.0
19:00 gram_schmidt: Removing vector 67 of norm 0.0
19:00 gram_schmidt: Removing vector 68 of norm 0.0
19:00 gram_schmidt: Removing vector 69 of norm 0.0
19:00 gram_schmidt: Removing vector 70 of norm 0.0
19:00 gram_schmidt: Removing vector 71 of norm 0.0
19:00 gram_schmidt: Removing vector 72 of norm 0.0
19:00 gram_schmidt: Removing vector 73 of norm 0.0
19:00 gram_schmidt: Removing vector 74 of norm 0.0
19:00 gram_schmidt: Removing vector 75 of norm 0.0
19:00 gram_schmidt: Removing vector 76 of norm 0.0
19:00 gram_schmidt: Removing vector 77 of norm 0.0
19:00 gram_schmidt: Removing vector 78 of norm 0.0
19:00 gram_schmidt: Removing vector 79 of norm 0.0
19:00 gram_schmidt: Removing vector 80 of norm 0.0
19:00 gram_schmidt: Removing vector 81 of norm 0.0
19:00 gram_schmidt: Removing vector 82 of norm 0.0
19:00 gram_schmidt: Removing vector 83 of norm 0.0
19:00 gram_schmidt: Removing vector 84 of norm 0.0
19:00 gram_schmidt: Removing vector 85 of norm 0.0
19:00 gram_schmidt: Removing vector 86 of norm 0.0
19:00 gram_schmidt: Removing vector 87 of norm 0.0
19:00 gram_schmidt: Removing vector 88 of norm 0.0
19:00 gram_schmidt: Removing vector 89 of norm 0.0
19:00 gram_schmidt: Removing vector 90 of norm 0.0
19:00 gram_schmidt: Removing vector 91 of norm 0.0
19:00 gram_schmidt: Removing vector 92 of norm 0.0
19:00 gram_schmidt: Removing vector 93 of norm 0.0
19:00 gram_schmidt: Removing vector 94 of norm 0.0
19:00 gram_schmidt: Removing vector 95 of norm 0.0
19:00 gram_schmidt: Removing vector 96 of norm 0.0
19:00 gram_schmidt: Removing vector 97 of norm 0.0
19:00 gram_schmidt: Removing vector 98 of norm 0.0
19:00 gram_schmidt: Removing vector 99 of norm 0.0
19:00 gram_schmidt: Removing vector 100 of norm 0.0
19:00 gram_schmidt: Removing vector 101 of norm 0.0
19:00 gram_schmidt: Removing vector 0 of norm 0.0
19:00 gram_schmidt: Removing vector 1 of norm 0.0
19:00 gram_schmidt: Removing vector 2 of norm 0.0
19:00 gram_schmidt: Removing vector 3 of norm 0.0
19:00 gram_schmidt: Removing vector 4 of norm 0.0
19:00 gram_schmidt: Removing vector 5 of norm 0.0
19:00 gram_schmidt: Removing vector 6 of norm 0.0
19:00 gram_schmidt: Removing vector 7 of norm 0.0
19:00 gram_schmidt: Removing vector 8 of norm 0.0
19:00 gram_schmidt: Removing vector 9 of norm 0.0
19:00 gram_schmidt: Removing vector 10 of norm 0.0
19:00 gram_schmidt: Removing vector 11 of norm 0.0
19:00 gram_schmidt: Removing vector 12 of norm 0.0
19:00 gram_schmidt: Removing vector 13 of norm 0.0
19:00 gram_schmidt: Removing vector 14 of norm 0.0
19:00 gram_schmidt: Removing vector 15 of norm 0.0
19:00 gram_schmidt: Removing vector 16 of norm 0.0
19:00 gram_schmidt: Removing vector 17 of norm 0.0
19:00 gram_schmidt: Removing vector 18 of norm 0.0
19:00 gram_schmidt: Removing vector 19 of norm 0.0
19:00 gram_schmidt: Removing vector 20 of norm 0.0
19:00 gram_schmidt: Removing vector 21 of norm 0.0
19:00 gram_schmidt: Removing vector 22 of norm 0.0
19:00 gram_schmidt: Removing vector 23 of norm 0.0
19:00 gram_schmidt: Removing vector 24 of norm 0.0
19:00 gram_schmidt: Removing vector 25 of norm 0.0
19:00 gram_schmidt: Removing vector 26 of norm 0.0
19:00 gram_schmidt: Removing vector 27 of norm 0.0
19:00 gram_schmidt: Removing vector 28 of norm 0.0
19:00 gram_schmidt: Removing vector 29 of norm 0.0
19:00 gram_schmidt: Removing vector 30 of norm 0.0
19:00 gram_schmidt: Removing vector 31 of norm 0.0
19:00 gram_schmidt: Removing vector 32 of norm 0.0
19:00 gram_schmidt: Removing vector 33 of norm 0.0
19:00 gram_schmidt: Removing vector 34 of norm 0.0
19:00 gram_schmidt: Removing vector 35 of norm 0.0
19:00 gram_schmidt: Removing vector 36 of norm 0.0
19:00 gram_schmidt: Removing vector 37 of norm 0.0
19:00 gram_schmidt: Removing vector 38 of norm 0.0
19:00 gram_schmidt: Removing vector 39 of norm 0.0
19:00 gram_schmidt: Removing vector 40 of norm 0.0
19:00 gram_schmidt: Removing vector 41 of norm 0.0
19:00 gram_schmidt: Removing vector 42 of norm 0.0
19:00 gram_schmidt: Removing vector 43 of norm 0.0
19:00 gram_schmidt: Removing vector 44 of norm 0.0
19:00 gram_schmidt: Removing vector 45 of norm 0.0
19:00 gram_schmidt: Removing vector 46 of norm 0.0
19:00 gram_schmidt: Removing vector 47 of norm 0.0
19:00 gram_schmidt: Removing vector 48 of norm 0.0
19:00 gram_schmidt: Removing vector 49 of norm 0.0
19:00 gram_schmidt: Removing vector 50 of norm 0.0
19:00 gram_schmidt: Removing vector 51 of norm 0.0
19:00 gram_schmidt: Removing vector 52 of norm 0.0
19:00 gram_schmidt: Removing vector 53 of norm 0.0
19:00 gram_schmidt: Removing vector 54 of norm 0.0
19:00 gram_schmidt: Removing vector 55 of norm 0.0
19:00 gram_schmidt: Removing vector 56 of norm 0.0
19:00 gram_schmidt: Removing vector 57 of norm 0.0
19:00 gram_schmidt: Removing vector 58 of norm 0.0
19:00 gram_schmidt: Removing vector 59 of norm 0.0
19:00 gram_schmidt: Removing vector 60 of norm 0.0
19:00 gram_schmidt: Removing vector 61 of norm 0.0
19:00 gram_schmidt: Removing vector 62 of norm 0.0
19:00 gram_schmidt: Removing vector 63 of norm 0.0
19:00 gram_schmidt: Removing vector 64 of norm 0.0
19:00 gram_schmidt: Removing vector 65 of norm 0.0
19:00 gram_schmidt: Removing vector 66 of norm 0.0
19:00 gram_schmidt: Removing vector 67 of norm 0.0
19:00 gram_schmidt: Removing vector 68 of norm 0.0
19:00 gram_schmidt: Removing vector 69 of norm 0.0
19:00 gram_schmidt: Removing vector 70 of norm 0.0
19:00 gram_schmidt: Removing vector 71 of norm 0.0
19:00 gram_schmidt: Removing vector 72 of norm 0.0
19:00 gram_schmidt: Removing vector 73 of norm 0.0
19:00 gram_schmidt: Removing vector 74 of norm 0.0
19:00 gram_schmidt: Removing vector 75 of norm 0.0
19:00 gram_schmidt: Removing vector 76 of norm 0.0
19:00 gram_schmidt: Removing vector 77 of norm 0.0
19:00 gram_schmidt: Removing vector 78 of norm 0.0
19:00 gram_schmidt: Removing vector 79 of norm 0.0
19:00 gram_schmidt: Removing vector 80 of norm 0.0
19:00 gram_schmidt: Removing vector 81 of norm 0.0
19:00 gram_schmidt: Removing vector 82 of norm 0.0
19:00 gram_schmidt: Removing vector 83 of norm 0.0
19:00 gram_schmidt: Removing vector 84 of norm 0.0
19:00 gram_schmidt: Removing vector 85 of norm 0.0
19:00 gram_schmidt: Removing vector 86 of norm 0.0
19:00 gram_schmidt: Removing vector 87 of norm 0.0
19:00 gram_schmidt: Removing vector 88 of norm 0.0
19:00 gram_schmidt: Removing vector 89 of norm 0.0
19:00 gram_schmidt: Removing vector 90 of norm 0.0
19:00 gram_schmidt: Removing vector 91 of norm 0.0
19:00 gram_schmidt: Removing vector 92 of norm 0.0
19:00 gram_schmidt: Removing vector 93 of norm 0.0
19:00 gram_schmidt: Removing vector 94 of norm 0.0
19:00 gram_schmidt: Removing vector 95 of norm 0.0
19:00 gram_schmidt: Removing vector 96 of norm 0.0
19:00 gram_schmidt: Removing vector 97 of norm 0.0
19:00 gram_schmidt: Removing vector 98 of norm 0.0
19:00 gram_schmidt: Removing vector 99 of norm 0.0
19:00 gram_schmidt: Removing vector 100 of norm 0.0
19:00 gram_schmidt: Removing vector 101 of norm 0.0
</system-err></testcase><testcase classname="src.pymortests.algorithms.gram_schmidt" file="src/pymortests/algorithms/gram_schmidt.py" line="26" name="test_gram_schmidt_with_R[2-&lt;lambda&gt;10]" time="0.0036573410034179688"></testcase><testcase classname="src.pymortests.algorithms.gram_schmidt" file="src/pymortests/algorithms/gram_schmidt.py" line="26" name="test_gram_schmidt_with_R[2-&lt;lambda&gt;11]" time="0.007094144821166992"><system-err>19:00 gram_schmidt: Removing linearly dependent vector 3
19:00 gram_schmidt: Removing linearly dependent vector 3
</system-err></testcase><testcase classname="src.pymortests.algorithms.gram_schmidt" file="src/pymortests/algorithms/gram_schmidt.py" line="26" name="test_gram_schmidt_with_R[2-&lt;lambda&gt;12]" time="0.004195451736450195"><system-err>19:00 gram_schmidt: Removing vector 0 of norm 0.0
19:00 gram_schmidt: Removing vector 1 of norm 0.0
19:00 gram_schmidt: Removing vector 2 of norm 0.0
19:00 gram_schmidt: Removing vector 0 of norm 0.0
19:00 gram_schmidt: Removing vector 1 of norm 0.0
19:00 gram_schmidt: Removing vector 2 of norm 0.0
</system-err></testcase><testcase classname="src.pymortests.algorithms.gram_schmidt" file="src/pymortests/algorithms/gram_schmidt.py" line="26" name="test_gram_schmidt_with_R[2-&lt;lambda&gt;13]" time="0.0028069019317626953"></testcase><testcase classname="src.pymortests.algorithms.gram_schmidt" file="src/pymortests/algorithms/gram_schmidt.py" line="26" name="test_gram_schmidt_with_R[2-&lt;lambda&gt;14]" time="0.005239009857177734"></testcase><testcase classname="src.pymortests.algorithms.gram_schmidt" file="src/pymortests/algorithms/gram_schmidt.py" line="26" name="test_gram_schmidt_with_R[2-&lt;lambda&gt;15]" time="0.4311866760253906"><system-err>19:00 gram_schmidt: Removing linearly dependent vector 36
19:00 gram_schmidt: Removing linearly dependent vector 37
19:00 gram_schmidt: Removing linearly dependent vector 38
19:00 gram_schmidt: Removing linearly dependent vector 39
19:00 gram_schmidt: Removing linearly dependent vector 40
19:00 gram_schmidt: Removing linearly dependent vector 41
19:00 gram_schmidt: Removing linearly dependent vector 42
19:00 gram_schmidt: Removing linearly dependent vector 36
19:00 gram_schmidt: Removing linearly dependent vector 37
19:00 gram_schmidt: Removing linearly dependent vector 38
19:00 gram_schmidt: Removing linearly dependent vector 39
19:00 gram_schmidt: Removing linearly dependent vector 40
19:00 gram_schmidt: Removing linearly dependent vector 41
19:00 gram_schmidt: Removing linearly dependent vector 42
</system-err></testcase><testcase classname="src.pymortests.algorithms.gram_schmidt" file="src/pymortests/algorithms/gram_schmidt.py" line="26" name="test_gram_schmidt_with_R[2-&lt;lambda&gt;16]" time="0.21109938621520996"><system-err>19:00 gram_schmidt: Removing linearly dependent vector 3
19:00 gram_schmidt: Removing linearly dependent vector 4
19:00 gram_schmidt: Removing linearly dependent vector 5
19:00 gram_schmidt: Removing linearly dependent vector 6
19:00 gram_schmidt: Removing linearly dependent vector 7
19:00 gram_schmidt: Removing linearly dependent vector 8
19:00 gram_schmidt: Removing linearly dependent vector 9
19:00 gram_schmidt: Removing linearly dependent vector 10
19:00 gram_schmidt: Removing linearly dependent vector 11
19:00 gram_schmidt: Removing linearly dependent vector 12
19:00 gram_schmidt: Removing linearly dependent vector 13
19:00 gram_schmidt: Removing linearly dependent vector 14
19:00 gram_schmidt: Removing linearly dependent vector 15
19:00 gram_schmidt: Removing linearly dependent vector 16
19:00 gram_schmidt: Removing linearly dependent vector 17
19:00 gram_schmidt: Removing linearly dependent vector 18
19:00 gram_schmidt: Removing linearly dependent vector 19
19:00 gram_schmidt: Removing linearly dependent vector 20
19:00 gram_schmidt: Removing linearly dependent vector 21
19:00 gram_schmidt: Removing linearly dependent vector 22
19:00 gram_schmidt: Removing linearly dependent vector 23
19:00 gram_schmidt: Removing linearly dependent vector 24
19:00 gram_schmidt: Removing linearly dependent vector 25
19:00 gram_schmidt: Removing linearly dependent vector 26
19:00 gram_schmidt: Removing linearly dependent vector 27
19:00 gram_schmidt: Removing linearly dependent vector 28
19:00 gram_schmidt: Removing linearly dependent vector 29
19:00 gram_schmidt: Removing linearly dependent vector 30
19:00 gram_schmidt: Removing linearly dependent vector 31
19:00 gram_schmidt: Removing linearly dependent vector 32
19:00 gram_schmidt: Removing linearly dependent vector 33
19:00 gram_schmidt: Removing linearly dependent vector 34
19:00 gram_schmidt: Removing linearly dependent vector 35
19:00 gram_schmidt: Removing linearly dependent vector 36
19:00 gram_schmidt: Removing linearly dependent vector 37
19:00 gram_schmidt: Removing linearly dependent vector 38
19:00 gram_schmidt: Removing linearly dependent vector 39
19:00 gram_schmidt: Removing linearly dependent vector 40
19:00 gram_schmidt: Removing linearly dependent vector 41
19:00 gram_schmidt: Removing linearly dependent vector 42
19:00 gram_schmidt: Removing linearly dependent vector 43
19:00 gram_schmidt: Removing linearly dependent vector 44
19:00 gram_schmidt: Removing linearly dependent vector 45
19:00 gram_schmidt: Removing linearly dependent vector 46
19:00 gram_schmidt: Removing linearly dependent vector 47
19:00 gram_schmidt: Removing linearly dependent vector 48
19:00 gram_schmidt: Removing linearly dependent vector 49
19:00 gram_schmidt: Removing linearly dependent vector 50
19:00 gram_schmidt: Removing linearly dependent vector 51
19:00 gram_schmidt: Removing linearly dependent vector 52
19:00 gram_schmidt: Removing linearly dependent vector 53
19:00 gram_schmidt: Removing linearly dependent vector 54
19:00 gram_schmidt: Removing linearly dependent vector 55
19:00 gram_schmidt: Removing linearly dependent vector 56
19:00 gram_schmidt: Removing linearly dependent vector 57
19:00 gram_schmidt: Removing linearly dependent vector 58
19:00 gram_schmidt: Removing linearly dependent vector 59
19:00 gram_schmidt: Removing linearly dependent vector 60
19:00 gram_schmidt: Removing linearly dependent vector 61
19:00 gram_schmidt: Removing linearly dependent vector 62
19:00 gram_schmidt: Removing linearly dependent vector 63
19:00 gram_schmidt: Removing linearly dependent vector 64
19:00 gram_schmidt: Removing linearly dependent vector 65
19:00 gram_schmidt: Removing linearly dependent vector 66
19:00 gram_schmidt: Removing linearly dependent vector 67
19:00 gram_schmidt: Removing linearly dependent vector 68
19:00 gram_schmidt: Removing linearly dependent vector 69
19:00 gram_schmidt: Removing linearly dependent vector 70
19:00 gram_schmidt: Removing linearly dependent vector 71
19:00 gram_schmidt: Removing linearly dependent vector 72
19:00 gram_schmidt: Removing linearly dependent vector 73
19:00 gram_schmidt: Removing linearly dependent vector 74
19:00 gram_schmidt: Removing linearly dependent vector 75
19:00 gram_schmidt: Removing linearly dependent vector 76
19:00 gram_schmidt: Removing linearly dependent vector 77
19:00 gram_schmidt: Removing linearly dependent vector 78
19:00 gram_schmidt: Removing linearly dependent vector 79
19:00 gram_schmidt: Removing linearly dependent vector 80
19:00 gram_schmidt: Removing linearly dependent vector 81
19:00 gram_schmidt: Removing linearly dependent vector 82
19:00 gram_schmidt: Removing linearly dependent vector 83
19:00 gram_schmidt: Removing linearly dependent vector 84
19:00 gram_schmidt: Removing linearly dependent vector 85
19:00 gram_schmidt: Removing linearly dependent vector 86
19:00 gram_schmidt: Removing linearly dependent vector 87
19:00 gram_schmidt: Removing linearly dependent vector 88
19:00 gram_schmidt: Removing linearly dependent vector 89
19:00 gram_schmidt: Removing linearly dependent vector 90
19:00 gram_schmidt: Removing linearly dependent vector 91
19:00 gram_schmidt: Removing linearly dependent vector 92
19:00 gram_schmidt: Removing linearly dependent vector 93
19:00 gram_schmidt: Removing linearly dependent vector 94
19:00 gram_schmidt: Removing linearly dependent vector 95
19:00 gram_schmidt: Removing linearly dependent vector 96
19:00 gram_schmidt: Removing linearly dependent vector 97
19:00 gram_schmidt: Removing linearly dependent vector 98
19:00 gram_schmidt: Removing linearly dependent vector 99
19:00 gram_schmidt: Removing linearly dependent vector 100
19:00 gram_schmidt: Removing linearly dependent vector 101
19:00 gram_schmidt: Removing linearly dependent vector 3
19:00 gram_schmidt: Removing linearly dependent vector 4
19:00 gram_schmidt: Removing linearly dependent vector 5
19:00 gram_schmidt: Removing linearly dependent vector 6
19:00 gram_schmidt: Removing linearly dependent vector 7
19:00 gram_schmidt: Removing linearly dependent vector 8
19:00 gram_schmidt: Removing linearly dependent vector 9
19:00 gram_schmidt: Removing linearly dependent vector 10
19:00 gram_schmidt: Removing linearly dependent vector 11
19:00 gram_schmidt: Removing linearly dependent vector 12
19:00 gram_schmidt: Removing linearly dependent vector 13
19:00 gram_schmidt: Removing linearly dependent vector 14
19:00 gram_schmidt: Removing linearly dependent vector 15
19:00 gram_schmidt: Removing linearly dependent vector 16
19:00 gram_schmidt: Removing linearly dependent vector 17
19:00 gram_schmidt: Removing linearly dependent vector 18
19:00 gram_schmidt: Removing linearly dependent vector 19
19:00 gram_schmidt: Removing linearly dependent vector 20
19:00 gram_schmidt: Removing linearly dependent vector 21
19:00 gram_schmidt: Removing linearly dependent vector 22
19:00 gram_schmidt: Removing linearly dependent vector 23
19:00 gram_schmidt: Removing linearly dependent vector 24
19:00 gram_schmidt: Removing linearly dependent vector 25
19:00 gram_schmidt: Removing linearly dependent vector 26
19:00 gram_schmidt: Removing linearly dependent vector 27
19:00 gram_schmidt: Removing linearly dependent vector 28
19:00 gram_schmidt: Removing linearly dependent vector 29
19:00 gram_schmidt: Removing linearly dependent vector 30
19:00 gram_schmidt: Removing linearly dependent vector 31
19:00 gram_schmidt: Removing linearly dependent vector 32
19:00 gram_schmidt: Removing linearly dependent vector 33
19:00 gram_schmidt: Removing linearly dependent vector 34
19:00 gram_schmidt: Removing linearly dependent vector 35
19:00 gram_schmidt: Removing linearly dependent vector 36
19:00 gram_schmidt: Removing linearly dependent vector 37
19:00 gram_schmidt: Removing linearly dependent vector 38
19:00 gram_schmidt: Removing linearly dependent vector 39
19:00 gram_schmidt: Removing linearly dependent vector 40
19:00 gram_schmidt: Removing linearly dependent vector 41
19:00 gram_schmidt: Removing linearly dependent vector 42
19:00 gram_schmidt: Removing linearly dependent vector 43
19:00 gram_schmidt: Removing linearly dependent vector 44
19:00 gram_schmidt: Removing linearly dependent vector 45
19:00 gram_schmidt: Removing linearly dependent vector 46
19:00 gram_schmidt: Removing linearly dependent vector 47
19:00 gram_schmidt: Removing linearly dependent vector 48
19:00 gram_schmidt: Removing linearly dependent vector 49
19:00 gram_schmidt: Removing linearly dependent vector 50
19:00 gram_schmidt: Removing linearly dependent vector 51
19:00 gram_schmidt: Removing linearly dependent vector 52
19:00 gram_schmidt: Removing linearly dependent vector 53
19:00 gram_schmidt: Removing linearly dependent vector 54
19:00 gram_schmidt: Removing linearly dependent vector 55
19:00 gram_schmidt: Removing linearly dependent vector 56
19:00 gram_schmidt: Removing linearly dependent vector 57
19:00 gram_schmidt: Removing linearly dependent vector 58
19:00 gram_schmidt: Removing linearly dependent vector 59
19:00 gram_schmidt: Removing linearly dependent vector 60
19:00 gram_schmidt: Removing linearly dependent vector 61
19:00 gram_schmidt: Removing linearly dependent vector 62
19:00 gram_schmidt: Removing linearly dependent vector 63
19:00 gram_schmidt: Removing linearly dependent vector 64
19:00 gram_schmidt: Removing linearly dependent vector 65
19:00 gram_schmidt: Removing linearly dependent vector 66
19:00 gram_schmidt: Removing linearly dependent vector 67
19:00 gram_schmidt: Removing linearly dependent vector 68
19:00 gram_schmidt: Removing linearly dependent vector 69
19:00 gram_schmidt: Removing linearly dependent vector 70
19:00 gram_schmidt: Removing linearly dependent vector 71
19:00 gram_schmidt: Removing linearly dependent vector 72
19:00 gram_schmidt: Removing linearly dependent vector 73
19:00 gram_schmidt: Removing linearly dependent vector 74
19:00 gram_schmidt: Removing linearly dependent vector 75
19:00 gram_schmidt: Removing linearly dependent vector 76
19:00 gram_schmidt: Removing linearly dependent vector 77
19:00 gram_schmidt: Removing linearly dependent vector 78
19:00 gram_schmidt: Removing linearly dependent vector 79
19:00 gram_schmidt: Removing linearly dependent vector 80
19:00 gram_schmidt: Removing linearly dependent vector 81
19:00 gram_schmidt: Removing linearly dependent vector 82
19:00 gram_schmidt: Removing linearly dependent vector 83
19:00 gram_schmidt: Removing linearly dependent vector 84
19:00 gram_schmidt: Removing linearly dependent vector 85
19:00 gram_schmidt: Removing linearly dependent vector 86
19:00 gram_schmidt: Removing linearly dependent vector 87
19:00 gram_schmidt: Removing linearly dependent vector 88
19:00 gram_schmidt: Removing linearly dependent vector 89
19:00 gram_schmidt: Removing linearly dependent vector 90
19:00 gram_schmidt: Removing linearly dependent vector 91
19:00 gram_schmidt: Removing linearly dependent vector 92
19:00 gram_schmidt: Removing linearly dependent vector 93
19:00 gram_schmidt: Removing linearly dependent vector 94
19:00 gram_schmidt: Removing linearly dependent vector 95
19:00 gram_schmidt: Removing linearly dependent vector 96
19:00 gram_schmidt: Removing linearly dependent vector 97
19:00 gram_schmidt: Removing linearly dependent vector 98
19:00 gram_schmidt: Removing linearly dependent vector 99
19:00 gram_schmidt: Removing linearly dependent vector 100
19:00 gram_schmidt: Removing linearly dependent vector 101
</system-err></testcase><testcase classname="src.pymortests.algorithms.gram_schmidt" file="src/pymortests/algorithms/gram_schmidt.py" line="26" name="test_gram_schmidt_with_R[2-&lt;lambda&gt;17]" time="0.003516674041748047"></testcase><testcase classname="src.pymortests.algorithms.gram_schmidt" file="src/pymortests/algorithms/gram_schmidt.py" line="26" name="test_gram_schmidt_with_R[2-&lt;lambda&gt;18]" time="0.0025169849395751953"></testcase><testcase classname="src.pymortests.algorithms.gram_schmidt" file="src/pymortests/algorithms/gram_schmidt.py" line="26" name="test_gram_schmidt_with_R[2-&lt;lambda&gt;19]" time="0.005841255187988281"></testcase><testcase classname="src.pymortests.algorithms.gram_schmidt" file="src/pymortests/algorithms/gram_schmidt.py" line="26" name="test_gram_schmidt_with_R[2-&lt;lambda&gt;20]" time="0.32434535026550293"></testcase><testcase classname="src.pymortests.algorithms.gram_schmidt" file="src/pymortests/algorithms/gram_schmidt.py" line="26" name="test_gram_schmidt_with_R[2-&lt;lambda&gt;21]" time="1.6965477466583252"></testcase><testcase classname="src.pymortests.algorithms.gram_schmidt" file="src/pymortests/algorithms/gram_schmidt.py" line="26" name="test_gram_schmidt_with_R[2-&lt;lambda&gt;22]" time="0.0026230812072753906"></testcase><testcase classname="src.pymortests.algorithms.gram_schmidt" file="src/pymortests/algorithms/gram_schmidt.py" line="26" name="test_gram_schmidt_with_R[2-&lt;lambda&gt;23]" time="0.0019402503967285156"></testcase><testcase classname="src.pymortests.algorithms.gram_schmidt" file="src/pymortests/algorithms/gram_schmidt.py" line="26" name="test_gram_schmidt_with_R[2-&lt;lambda&gt;24]" time="0.009327888488769531"></testcase><testcase classname="src.pymortests.algorithms.gram_schmidt" file="src/pymortests/algorithms/gram_schmidt.py" line="26" name="test_gram_schmidt_with_R[2-&lt;lambda&gt;25]" time="0.4905738830566406"><system-err>19:02 gram_schmidt: Orthonormalizing vector 31 again
19:02 gram_schmidt: Removing linearly dependent vector 32
19:02 gram_schmidt: Removing linearly dependent vector 33
19:02 gram_schmidt: Removing linearly dependent vector 34
19:02 gram_schmidt: Removing linearly dependent vector 35
19:02 gram_schmidt: Removing linearly dependent vector 36
19:02 gram_schmidt: Removing linearly dependent vector 37
19:02 gram_schmidt: Removing linearly dependent vector 38
19:02 gram_schmidt: Removing linearly dependent vector 39
19:02 gram_schmidt: Removing linearly dependent vector 40
19:02 gram_schmidt: Removing linearly dependent vector 41
19:03 gram_schmidt: Removing linearly dependent vector 42
19:03 gram_schmidt: Orthonormalizing vector 31 again
19:03 gram_schmidt: Removing linearly dependent vector 32
19:03 gram_schmidt: Removing linearly dependent vector 33
19:03 gram_schmidt: Removing linearly dependent vector 34
19:03 gram_schmidt: Removing linearly dependent vector 35
19:03 gram_schmidt: Removing linearly dependent vector 36
19:03 gram_schmidt: Removing linearly dependent vector 37
19:03 gram_schmidt: Removing linearly dependent vector 38
19:03 gram_schmidt: Removing linearly dependent vector 39
19:03 gram_schmidt: Removing linearly dependent vector 40
19:03 gram_schmidt: Removing linearly dependent vector 41
19:03 gram_schmidt: Removing linearly dependent vector 42
</system-err></testcase><testcase classname="src.pymortests.algorithms.gram_schmidt" file="src/pymortests/algorithms/gram_schmidt.py" line="26" name="test_gram_schmidt_with_R[2-&lt;lambda&gt;26]" time="0.3401622772216797"><system-err>19:03 gram_schmidt: Removing vector 0 of norm 0.0
19:03 gram_schmidt: Removing vector 1 of norm 0.0
19:03 gram_schmidt: Removing vector 2 of norm 0.0
19:03 gram_schmidt: Removing vector 3 of norm 0.0
19:03 gram_schmidt: Removing vector 4 of norm 0.0
19:03 gram_schmidt: Removing vector 5 of norm 0.0
19:03 gram_schmidt: Removing vector 6 of norm 0.0
19:03 gram_schmidt: Removing vector 7 of norm 0.0
19:03 gram_schmidt: Removing vector 8 of norm 0.0
19:03 gram_schmidt: Removing vector 9 of norm 0.0
19:03 gram_schmidt: Removing vector 10 of norm 0.0
19:03 gram_schmidt: Removing vector 11 of norm 0.0
19:03 gram_schmidt: Removing vector 12 of norm 0.0
19:03 gram_schmidt: Removing vector 13 of norm 0.0
19:03 gram_schmidt: Removing vector 14 of norm 0.0
19:03 gram_schmidt: Removing vector 15 of norm 0.0
19:03 gram_schmidt: Removing vector 16 of norm 0.0
19:03 gram_schmidt: Removing vector 17 of norm 0.0
19:03 gram_schmidt: Removing vector 18 of norm 0.0
19:03 gram_schmidt: Removing vector 19 of norm 0.0
19:03 gram_schmidt: Removing vector 20 of norm 0.0
19:03 gram_schmidt: Removing vector 21 of norm 0.0
19:03 gram_schmidt: Removing vector 22 of norm 0.0
19:03 gram_schmidt: Removing vector 23 of norm 0.0
19:03 gram_schmidt: Removing vector 24 of norm 0.0
19:03 gram_schmidt: Removing vector 25 of norm 0.0
19:03 gram_schmidt: Removing vector 26 of norm 0.0
19:03 gram_schmidt: Removing vector 27 of norm 0.0
19:03 gram_schmidt: Removing vector 28 of norm 0.0
19:03 gram_schmidt: Removing vector 29 of norm 0.0
19:03 gram_schmidt: Removing vector 30 of norm 0.0
19:03 gram_schmidt: Removing vector 31 of norm 0.0
19:03 gram_schmidt: Removing vector 32 of norm 0.0
19:03 gram_schmidt: Removing vector 33 of norm 0.0
19:03 gram_schmidt: Removing vector 34 of norm 0.0
19:03 gram_schmidt: Removing vector 35 of norm 0.0
19:03 gram_schmidt: Removing vector 36 of norm 0.0
19:03 gram_schmidt: Removing vector 37 of norm 0.0
19:03 gram_schmidt: Removing vector 38 of norm 0.0
19:03 gram_schmidt: Removing vector 39 of norm 0.0
19:03 gram_schmidt: Removing vector 40 of norm 0.0
19:03 gram_schmidt: Removing vector 41 of norm 0.0
19:03 gram_schmidt: Removing vector 42 of norm 0.0
19:03 gram_schmidt: Removing vector 43 of norm 0.0
19:03 gram_schmidt: Removing vector 44 of norm 0.0
19:03 gram_schmidt: Removing vector 45 of norm 0.0
19:03 gram_schmidt: Removing vector 46 of norm 0.0
19:03 gram_schmidt: Removing vector 47 of norm 0.0
19:03 gram_schmidt: Removing vector 48 of norm 0.0
19:03 gram_schmidt: Removing vector 49 of norm 0.0
19:03 gram_schmidt: Removing vector 50 of norm 0.0
19:03 gram_schmidt: Removing vector 51 of norm 0.0
19:03 gram_schmidt: Removing vector 52 of norm 0.0
19:03 gram_schmidt: Removing vector 53 of norm 0.0
19:03 gram_schmidt: Removing vector 54 of norm 0.0
19:03 gram_schmidt: Removing vector 55 of norm 0.0
19:03 gram_schmidt: Removing vector 56 of norm 0.0
19:03 gram_schmidt: Removing vector 57 of norm 0.0
19:03 gram_schmidt: Removing vector 58 of norm 0.0
19:03 gram_schmidt: Removing vector 59 of norm 0.0
19:03 gram_schmidt: Removing vector 60 of norm 0.0
19:03 gram_schmidt: Removing vector 61 of norm 0.0
19:03 gram_schmidt: Removing vector 62 of norm 0.0
19:03 gram_schmidt: Removing vector 63 of norm 0.0
19:03 gram_schmidt: Removing vector 64 of norm 0.0
19:03 gram_schmidt: Removing vector 65 of norm 0.0
19:03 gram_schmidt: Removing vector 66 of norm 0.0
19:03 gram_schmidt: Removing vector 67 of norm 0.0
19:03 gram_schmidt: Removing vector 68 of norm 0.0
19:03 gram_schmidt: Removing vector 69 of norm 0.0
19:03 gram_schmidt: Removing vector 70 of norm 0.0
19:03 gram_schmidt: Removing vector 71 of norm 0.0
19:03 gram_schmidt: Removing vector 72 of norm 0.0
19:03 gram_schmidt: Removing vector 73 of norm 0.0
19:03 gram_schmidt: Removing vector 74 of norm 0.0
19:03 gram_schmidt: Removing vector 75 of norm 0.0
19:03 gram_schmidt: Removing vector 76 of norm 0.0
19:03 gram_schmidt: Removing vector 77 of norm 0.0
19:03 gram_schmidt: Removing vector 78 of norm 0.0
19:03 gram_schmidt: Removing vector 79 of norm 0.0
19:03 gram_schmidt: Removing vector 80 of norm 0.0
19:03 gram_schmidt: Removing vector 81 of norm 0.0
19:03 gram_schmidt: Removing vector 82 of norm 0.0
19:03 gram_schmidt: Removing vector 83 of norm 0.0
19:03 gram_schmidt: Removing vector 84 of norm 0.0
19:03 gram_schmidt: Removing vector 85 of norm 0.0
19:03 gram_schmidt: Removing vector 86 of norm 0.0
19:03 gram_schmidt: Removing vector 87 of norm 0.0
19:03 gram_schmidt: Removing vector 88 of norm 0.0
19:03 gram_schmidt: Removing vector 89 of norm 0.0
19:03 gram_schmidt: Removing vector 90 of norm 0.0
19:03 gram_schmidt: Removing vector 91 of norm 0.0
19:03 gram_schmidt: Removing vector 92 of norm 0.0
19:03 gram_schmidt: Removing vector 93 of norm 0.0
19:03 gram_schmidt: Removing vector 94 of norm 0.0
19:03 gram_schmidt: Removing vector 95 of norm 0.0
19:03 gram_schmidt: Removing vector 96 of norm 0.0
19:03 gram_schmidt: Removing vector 97 of norm 0.0
19:03 gram_schmidt: Removing vector 98 of norm 0.0
19:03 gram_schmidt: Removing vector 99 of norm 0.0
19:03 gram_schmidt: Removing vector 100 of norm 0.0
19:03 gram_schmidt: Removing vector 101 of norm 0.0
19:03 gram_schmidt: Removing vector 0 of norm 0.0
19:03 gram_schmidt: Removing vector 1 of norm 0.0
19:03 gram_schmidt: Removing vector 2 of norm 0.0
19:03 gram_schmidt: Removing vector 3 of norm 0.0
19:03 gram_schmidt: Removing vector 4 of norm 0.0
19:03 gram_schmidt: Removing vector 5 of norm 0.0
19:03 gram_schmidt: Removing vector 6 of norm 0.0
19:03 gram_schmidt: Removing vector 7 of norm 0.0
19:03 gram_schmidt: Removing vector 8 of norm 0.0
19:03 gram_schmidt: Removing vector 9 of norm 0.0
19:03 gram_schmidt: Removing vector 10 of norm 0.0
19:03 gram_schmidt: Removing vector 11 of norm 0.0
19:03 gram_schmidt: Removing vector 12 of norm 0.0
19:03 gram_schmidt: Removing vector 13 of norm 0.0
19:03 gram_schmidt: Removing vector 14 of norm 0.0
19:03 gram_schmidt: Removing vector 15 of norm 0.0
19:03 gram_schmidt: Removing vector 16 of norm 0.0
19:03 gram_schmidt: Removing vector 17 of norm 0.0
19:03 gram_schmidt: Removing vector 18 of norm 0.0
19:03 gram_schmidt: Removing vector 19 of norm 0.0
19:03 gram_schmidt: Removing vector 20 of norm 0.0
19:03 gram_schmidt: Removing vector 21 of norm 0.0
19:03 gram_schmidt: Removing vector 22 of norm 0.0
19:03 gram_schmidt: Removing vector 23 of norm 0.0
19:03 gram_schmidt: Removing vector 24 of norm 0.0
19:03 gram_schmidt: Removing vector 25 of norm 0.0
19:03 gram_schmidt: Removing vector 26 of norm 0.0
19:03 gram_schmidt: Removing vector 27 of norm 0.0
19:03 gram_schmidt: Removing vector 28 of norm 0.0
19:03 gram_schmidt: Removing vector 29 of norm 0.0
19:03 gram_schmidt: Removing vector 30 of norm 0.0
19:03 gram_schmidt: Removing vector 31 of norm 0.0
19:03 gram_schmidt: Removing vector 32 of norm 0.0
19:03 gram_schmidt: Removing vector 33 of norm 0.0
19:03 gram_schmidt: Removing vector 34 of norm 0.0
19:03 gram_schmidt: Removing vector 35 of norm 0.0
19:03 gram_schmidt: Removing vector 36 of norm 0.0
19:03 gram_schmidt: Removing vector 37 of norm 0.0
19:03 gram_schmidt: Removing vector 38 of norm 0.0
19:03 gram_schmidt: Removing vector 39 of norm 0.0
19:03 gram_schmidt: Removing vector 40 of norm 0.0
19:03 gram_schmidt: Removing vector 41 of norm 0.0
19:03 gram_schmidt: Removing vector 42 of norm 0.0
19:03 gram_schmidt: Removing vector 43 of norm 0.0
19:03 gram_schmidt: Removing vector 44 of norm 0.0
19:03 gram_schmidt: Removing vector 45 of norm 0.0
19:03 gram_schmidt: Removing vector 46 of norm 0.0
19:03 gram_schmidt: Removing vector 47 of norm 0.0
19:03 gram_schmidt: Removing vector 48 of norm 0.0
19:03 gram_schmidt: Removing vector 49 of norm 0.0
19:03 gram_schmidt: Removing vector 50 of norm 0.0
19:03 gram_schmidt: Removing vector 51 of norm 0.0
19:03 gram_schmidt: Removing vector 52 of norm 0.0
19:03 gram_schmidt: Removing vector 53 of norm 0.0
19:03 gram_schmidt: Removing vector 54 of norm 0.0
19:03 gram_schmidt: Removing vector 55 of norm 0.0
19:03 gram_schmidt: Removing vector 56 of norm 0.0
19:03 gram_schmidt: Removing vector 57 of norm 0.0
19:03 gram_schmidt: Removing vector 58 of norm 0.0
19:03 gram_schmidt: Removing vector 59 of norm 0.0
19:03 gram_schmidt: Removing vector 60 of norm 0.0
19:03 gram_schmidt: Removing vector 61 of norm 0.0
19:03 gram_schmidt: Removing vector 62 of norm 0.0
19:03 gram_schmidt: Removing vector 63 of norm 0.0
19:03 gram_schmidt: Removing vector 64 of norm 0.0
19:03 gram_schmidt: Removing vector 65 of norm 0.0
19:03 gram_schmidt: Removing vector 66 of norm 0.0
19:03 gram_schmidt: Removing vector 67 of norm 0.0
19:03 gram_schmidt: Removing vector 68 of norm 0.0
19:03 gram_schmidt: Removing vector 69 of norm 0.0
19:03 gram_schmidt: Removing vector 70 of norm 0.0
19:03 gram_schmidt: Removing vector 71 of norm 0.0
19:03 gram_schmidt: Removing vector 72 of norm 0.0
19:03 gram_schmidt: Removing vector 73 of norm 0.0
19:03 gram_schmidt: Removing vector 74 of norm 0.0
19:03 gram_schmidt: Removing vector 75 of norm 0.0
19:03 gram_schmidt: Removing vector 76 of norm 0.0
19:03 gram_schmidt: Removing vector 77 of norm 0.0
19:03 gram_schmidt: Removing vector 78 of norm 0.0
19:03 gram_schmidt: Removing vector 79 of norm 0.0
19:03 gram_schmidt: Removing vector 80 of norm 0.0
19:03 gram_schmidt: Removing vector 81 of norm 0.0
19:03 gram_schmidt: Removing vector 82 of norm 0.0
19:03 gram_schmidt: Removing vector 83 of norm 0.0
19:03 gram_schmidt: Removing vector 84 of norm 0.0
19:03 gram_schmidt: Removing vector 85 of norm 0.0
19:03 gram_schmidt: Removing vector 86 of norm 0.0
19:03 gram_schmidt: Removing vector 87 of norm 0.0
19:03 gram_schmidt: Removing vector 88 of norm 0.0
19:03 gram_schmidt: Removing vector 89 of norm 0.0
19:03 gram_schmidt: Removing vector 90 of norm 0.0
19:03 gram_schmidt: Removing vector 91 of norm 0.0
19:03 gram_schmidt: Removing vector 92 of norm 0.0
19:03 gram_schmidt: Removing vector 93 of norm 0.0
19:03 gram_schmidt: Removing vector 94 of norm 0.0
19:03 gram_schmidt: Removing vector 95 of norm 0.0
19:03 gram_schmidt: Removing vector 96 of norm 0.0
19:03 gram_schmidt: Removing vector 97 of norm 0.0
19:03 gram_schmidt: Removing vector 98 of norm 0.0
19:03 gram_schmidt: Removing vector 99 of norm 0.0
19:03 gram_schmidt: Removing vector 100 of norm 0.0
19:03 gram_schmidt: Removing vector 101 of norm 0.0
</system-err></testcase><testcase classname="src.pymortests.algorithms.gram_schmidt" file="src/pymortests/algorithms/gram_schmidt.py" line="42" name="test_gram_schmidt_with_product[&lt;lambda&gt;0]" time="0.03982043266296387"><system-err>19:03 DiffusionOperatorP1: Calulate gradients of shape functions transformed by reference map ...
19:03 DiffusionOperatorP1: Calculate all local scalar products beween gradients ...
19:03 DiffusionOperatorP1: Determine global dofs ...
19:03 DiffusionOperatorP1: Boundary treatment ...
19:03 DiffusionOperatorP1: Assemble system matrix ...
19:03 DiffusionOperatorP1: Calulate gradients of shape functions transformed by reference map ...
19:03 DiffusionOperatorP1: Calculate all local scalar products beween gradients ...
19:03 DiffusionOperatorP1: Determine global dofs ...
19:03 DiffusionOperatorP1: Boundary treatment ...
19:03 DiffusionOperatorP1: Assemble system matrix ...
19:03 DiffusionOperatorP1: Calulate gradients of shape functions transformed by reference map ...
19:03 DiffusionOperatorP1: Calculate all local scalar products beween gradients ...
19:03 DiffusionOperatorP1: Determine global dofs ...
19:03 DiffusionOperatorP1: Boundary treatment ...
19:03 DiffusionOperatorP1: Assemble system matrix ...
19:03 DiffusionOperatorP1: Calulate gradients of shape functions transformed by reference map ...
19:03 DiffusionOperatorP1: Calculate all local scalar products beween gradients ...
19:03 DiffusionOperatorP1: Determine global dofs ...
19:03 DiffusionOperatorP1: Boundary treatment ...
19:03 DiffusionOperatorP1: Assemble system matrix ...
19:03 DiffusionOperatorP1: Calulate gradients of shape functions transformed by reference map ...
19:03 DiffusionOperatorP1: Calculate all local scalar products beween gradients ...
19:03 DiffusionOperatorP1: Determine global dofs ...
19:03 DiffusionOperatorP1: Boundary treatment ...
19:03 DiffusionOperatorP1: Assemble system matrix ...
19:03 L2ProductP1: Integrate the products of the shape functions on each element
19:03 L2ProductP1: Determine global dofs ...
19:03 L2ProductP1: Boundary treatment ...
19:03 L2ProductP1: Assemble system matrix ...
19:03 DiffusionOperatorP1: Calulate gradients of shape functions transformed by reference map ...
19:03 DiffusionOperatorP1: Calculate all local scalar products beween gradients ...
19:03 DiffusionOperatorP1: Determine global dofs ...
19:03 DiffusionOperatorP1: Boundary treatment ...
19:03 DiffusionOperatorP1: Assemble system matrix ...
19:03 L2ProductP1: Integrate the products of the shape functions on each element
19:03 L2ProductP1: Determine global dofs ...
19:03 L2ProductP1: Boundary treatment ...
19:03 L2ProductP1: Assemble system matrix ...
19:03 DiffusionOperatorP1: Calulate gradients of shape functions transformed by reference map ...
19:03 DiffusionOperatorP1: Calculate all local scalar products beween gradients ...
19:03 DiffusionOperatorP1: Determine global dofs ...
19:03 DiffusionOperatorP1: Boundary treatment ...
19:03 DiffusionOperatorP1: Assemble system matrix ...
19:03 gram_schmidt: Orthonormalizing vector 3 again
19:03 gram_schmidt: Orthonormalizing vector 4 again
19:03 gram_schmidt: Orthonormalizing vector 3 again
19:03 gram_schmidt: Orthonormalizing vector 4 again
</system-err></testcase><testcase classname="src.pymortests.algorithms.gram_schmidt" file="src/pymortests/algorithms/gram_schmidt.py" line="42" name="test_gram_schmidt_with_product[&lt;lambda&gt;1]" time="0.035477638244628906"><system-err>19:03 DiffusionOperatorP1: Calulate gradients of shape functions transformed by reference map ...
19:03 DiffusionOperatorP1: Calculate all local scalar products beween gradients ...
19:03 DiffusionOperatorP1: Determine global dofs ...
19:03 DiffusionOperatorP1: Boundary treatment ...
19:03 DiffusionOperatorP1: Assemble system matrix ...
19:03 DiffusionOperatorP1: Calulate gradients of shape functions transformed by reference map ...
19:03 DiffusionOperatorP1: Calculate all local scalar products beween gradients ...
19:03 DiffusionOperatorP1: Determine global dofs ...
19:03 DiffusionOperatorP1: Boundary treatment ...
19:03 DiffusionOperatorP1: Assemble system matrix ...
19:03 L2ProductP1: Integrate the products of the shape functions on each element
19:03 L2ProductP1: Determine global dofs ...
19:03 L2ProductP1: Boundary treatment ...
19:03 L2ProductP1: Assemble system matrix ...
19:03 DiffusionOperatorP1: Calulate gradients of shape functions transformed by reference map ...
19:03 DiffusionOperatorP1: Calculate all local scalar products beween gradients ...
19:03 DiffusionOperatorP1: Determine global dofs ...
19:03 DiffusionOperatorP1: Boundary treatment ...
19:03 DiffusionOperatorP1: Assemble system matrix ...
19:03 L2ProductP1: Integrate the products of the shape functions on each element
19:03 L2ProductP1: Determine global dofs ...
19:03 L2ProductP1: Boundary treatment ...
19:03 L2ProductP1: Assemble system matrix ...
19:03 DiffusionOperatorP1: Calulate gradients of shape functions transformed by reference map ...
19:03 DiffusionOperatorP1: Calculate all local scalar products beween gradients ...
19:03 DiffusionOperatorP1: Determine global dofs ...
19:03 DiffusionOperatorP1: Boundary treatment ...
19:03 DiffusionOperatorP1: Assemble system matrix ...
19:03 gram_schmidt: Orthonormalizing vector 1 again
19:03 gram_schmidt: Orthonormalizing vector 2 again
19:03 gram_schmidt: Orthonormalizing vector 3 again
19:03 gram_schmidt: Orthonormalizing vector 4 again
19:03 gram_schmidt: Orthonormalizing vector 1 again
19:03 gram_schmidt: Orthonormalizing vector 2 again
19:03 gram_schmidt: Orthonormalizing vector 3 again
19:03 gram_schmidt: Orthonormalizing vector 4 again
</system-err></testcase><testcase classname="src.pymortests.algorithms.gram_schmidt" file="src/pymortests/algorithms/gram_schmidt.py" line="42" name="test_gram_schmidt_with_product[&lt;lambda&gt;2]" time="0.03945302963256836"><system-err>19:03 DiffusionOperatorP1: Calulate gradients of shape functions transformed by reference map ...
19:03 DiffusionOperatorP1: Calculate all local scalar products beween gradients ...
19:03 DiffusionOperatorP1: Determine global dofs ...
19:03 DiffusionOperatorP1: Boundary treatment ...
19:03 DiffusionOperatorP1: Assemble system matrix ...
19:03 DiffusionOperatorP1: Calulate gradients of shape functions transformed by reference map ...
19:03 DiffusionOperatorP1: Calculate all local scalar products beween gradients ...
19:03 DiffusionOperatorP1: Determine global dofs ...
19:03 DiffusionOperatorP1: Boundary treatment ...
19:03 DiffusionOperatorP1: Assemble system matrix ...
19:03 DiffusionOperatorP1: Calulate gradients of shape functions transformed by reference map ...
19:03 DiffusionOperatorP1: Calculate all local scalar products beween gradients ...
19:03 DiffusionOperatorP1: Determine global dofs ...
19:03 DiffusionOperatorP1: Boundary treatment ...
19:03 DiffusionOperatorP1: Assemble system matrix ...
19:03 DiffusionOperatorP1: Calulate gradients of shape functions transformed by reference map ...
19:03 DiffusionOperatorP1: Calculate all local scalar products beween gradients ...
19:03 DiffusionOperatorP1: Determine global dofs ...
19:03 DiffusionOperatorP1: Boundary treatment ...
19:03 DiffusionOperatorP1: Assemble system matrix ...
19:03 DiffusionOperatorP1: Calulate gradients of shape functions transformed by reference map ...
19:03 DiffusionOperatorP1: Calculate all local scalar products beween gradients ...
19:03 DiffusionOperatorP1: Determine global dofs ...
19:03 DiffusionOperatorP1: Boundary treatment ...
19:03 DiffusionOperatorP1: Assemble system matrix ...
19:03 L2ProductP1: Integrate the products of the shape functions on each element
19:03 L2ProductP1: Determine global dofs ...
19:03 L2ProductP1: Boundary treatment ...
19:03 L2ProductP1: Assemble system matrix ...
19:03 DiffusionOperatorP1: Calulate gradients of shape functions transformed by reference map ...
19:03 DiffusionOperatorP1: Calculate all local scalar products beween gradients ...
19:03 DiffusionOperatorP1: Determine global dofs ...
19:03 DiffusionOperatorP1: Boundary treatment ...
19:03 DiffusionOperatorP1: Assemble system matrix ...
19:03 L2ProductP1: Integrate the products of the shape functions on each element
19:03 L2ProductP1: Determine global dofs ...
19:03 L2ProductP1: Boundary treatment ...
19:03 L2ProductP1: Assemble system matrix ...
19:03 DiffusionOperatorP1: Calulate gradients of shape functions transformed by reference map ...
19:03 DiffusionOperatorP1: Calculate all local scalar products beween gradients ...
19:03 DiffusionOperatorP1: Determine global dofs ...
19:03 DiffusionOperatorP1: Boundary treatment ...
19:03 DiffusionOperatorP1: Assemble system matrix ...
19:03 gram_schmidt: Orthonormalizing vector 3 again
19:03 gram_schmidt: Orthonormalizing vector 4 again
19:03 gram_schmidt: Orthonormalizing vector 3 again
19:03 gram_schmidt: Orthonormalizing vector 4 again
</system-err></testcase><testcase classname="src.pymortests.algorithms.gram_schmidt" file="src/pymortests/algorithms/gram_schmidt.py" line="42" name="test_gram_schmidt_with_product[&lt;lambda&gt;3]" time="0.03525590896606445"><system-err>19:03 DiffusionOperatorP1: Calulate gradients of shape functions transformed by reference map ...
19:03 DiffusionOperatorP1: Calculate all local scalar products beween gradients ...
19:03 DiffusionOperatorP1: Determine global dofs ...
19:03 DiffusionOperatorP1: Boundary treatment ...
19:03 DiffusionOperatorP1: Assemble system matrix ...
19:03 DiffusionOperatorP1: Calulate gradients of shape functions transformed by reference map ...
19:03 DiffusionOperatorP1: Calculate all local scalar products beween gradients ...
19:03 DiffusionOperatorP1: Determine global dofs ...
19:03 DiffusionOperatorP1: Boundary treatment ...
19:03 DiffusionOperatorP1: Assemble system matrix ...
19:03 L2ProductP1: Integrate the products of the shape functions on each element
19:03 L2ProductP1: Determine global dofs ...
19:03 L2ProductP1: Boundary treatment ...
19:03 L2ProductP1: Assemble system matrix ...
19:03 DiffusionOperatorP1: Calulate gradients of shape functions transformed by reference map ...
19:03 DiffusionOperatorP1: Calculate all local scalar products beween gradients ...
19:03 DiffusionOperatorP1: Determine global dofs ...
19:03 DiffusionOperatorP1: Boundary treatment ...
19:03 DiffusionOperatorP1: Assemble system matrix ...
19:03 L2ProductP1: Integrate the products of the shape functions on each element
19:03 L2ProductP1: Determine global dofs ...
19:03 L2ProductP1: Boundary treatment ...
19:03 L2ProductP1: Assemble system matrix ...
19:03 DiffusionOperatorP1: Calulate gradients of shape functions transformed by reference map ...
19:03 DiffusionOperatorP1: Calculate all local scalar products beween gradients ...
19:03 DiffusionOperatorP1: Determine global dofs ...
19:03 DiffusionOperatorP1: Boundary treatment ...
19:03 DiffusionOperatorP1: Assemble system matrix ...
19:03 gram_schmidt: Orthonormalizing vector 1 again
19:03 gram_schmidt: Orthonormalizing vector 2 again
19:03 gram_schmidt: Orthonormalizing vector 3 again
19:03 gram_schmidt: Orthonormalizing vector 4 again
19:03 gram_schmidt: Orthonormalizing vector 1 again
19:03 gram_schmidt: Orthonormalizing vector 2 again
19:03 gram_schmidt: Orthonormalizing vector 3 again
19:03 gram_schmidt: Orthonormalizing vector 4 again
</system-err></testcase><testcase classname="src.pymortests.algorithms.gram_schmidt" file="src/pymortests/algorithms/gram_schmidt.py" line="42" name="test_gram_schmidt_with_product[&lt;lambda&gt;4]" time="0.03776836395263672"><system-err>19:03 DiffusionOperatorP1: Calulate gradients of shape functions transformed by reference map ...
19:03 DiffusionOperatorP1: Calculate all local scalar products beween gradients ...
19:03 DiffusionOperatorP1: Determine global dofs ...
19:03 DiffusionOperatorP1: Boundary treatment ...
19:03 DiffusionOperatorP1: Assemble system matrix ...
19:03 DiffusionOperatorP1: Calulate gradients of shape functions transformed by reference map ...
19:03 DiffusionOperatorP1: Calculate all local scalar products beween gradients ...
19:03 DiffusionOperatorP1: Determine global dofs ...
19:03 DiffusionOperatorP1: Boundary treatment ...
19:03 DiffusionOperatorP1: Assemble system matrix ...
19:03 DiffusionOperatorP1: Calulate gradients of shape functions transformed by reference map ...
19:03 DiffusionOperatorP1: Calculate all local scalar products beween gradients ...
19:03 DiffusionOperatorP1: Determine global dofs ...
19:03 DiffusionOperatorP1: Boundary treatment ...
19:03 DiffusionOperatorP1: Assemble system matrix ...
19:03 DiffusionOperatorP1: Calulate gradients of shape functions transformed by reference map ...
19:03 DiffusionOperatorP1: Calculate all local scalar products beween gradients ...
19:03 DiffusionOperatorP1: Determine global dofs ...
19:03 DiffusionOperatorP1: Boundary treatment ...
19:03 DiffusionOperatorP1: Assemble system matrix ...
19:03 DiffusionOperatorP1: Calulate gradients of shape functions transformed by reference map ...
19:03 DiffusionOperatorP1: Calculate all local scalar products beween gradients ...
19:03 DiffusionOperatorP1: Determine global dofs ...
19:03 DiffusionOperatorP1: Boundary treatment ...
19:03 DiffusionOperatorP1: Assemble system matrix ...
19:03 L2ProductP1: Integrate the products of the shape functions on each element
19:03 L2ProductP1: Determine global dofs ...
19:03 L2ProductP1: Boundary treatment ...
19:03 L2ProductP1: Assemble system matrix ...
19:03 DiffusionOperatorP1: Calulate gradients of shape functions transformed by reference map ...
19:03 DiffusionOperatorP1: Calculate all local scalar products beween gradients ...
19:03 DiffusionOperatorP1: Determine global dofs ...
19:03 DiffusionOperatorP1: Boundary treatment ...
19:03 DiffusionOperatorP1: Assemble system matrix ...
19:03 L2ProductP1: Integrate the products of the shape functions on each element
19:03 L2ProductP1: Determine global dofs ...
19:03 L2ProductP1: Boundary treatment ...
19:03 L2ProductP1: Assemble system matrix ...
19:03 DiffusionOperatorP1: Calulate gradients of shape functions transformed by reference map ...
19:03 DiffusionOperatorP1: Calculate all local scalar products beween gradients ...
19:03 DiffusionOperatorP1: Determine global dofs ...
19:03 DiffusionOperatorP1: Boundary treatment ...
19:03 DiffusionOperatorP1: Assemble system matrix ...
19:03 gram_schmidt: Orthonormalizing vector 3 again
19:03 gram_schmidt: Orthonormalizing vector 4 again
19:03 gram_schmidt: Orthonormalizing vector 3 again
19:03 gram_schmidt: Orthonormalizing vector 4 again
</system-err></testcase><testcase classname="src.pymortests.algorithms.gram_schmidt" file="src/pymortests/algorithms/gram_schmidt.py" line="42" name="test_gram_schmidt_with_product[&lt;lambda&gt;5]" time="0.03629565238952637"><system-err>19:03 DiffusionOperatorP1: Calulate gradients of shape functions transformed by reference map ...
19:03 DiffusionOperatorP1: Calculate all local scalar products beween gradients ...
19:03 DiffusionOperatorP1: Determine global dofs ...
19:03 DiffusionOperatorP1: Boundary treatment ...
19:03 DiffusionOperatorP1: Assemble system matrix ...
19:03 DiffusionOperatorP1: Calulate gradients of shape functions transformed by reference map ...
19:03 DiffusionOperatorP1: Calculate all local scalar products beween gradients ...
19:03 DiffusionOperatorP1: Determine global dofs ...
19:03 DiffusionOperatorP1: Boundary treatment ...
19:03 DiffusionOperatorP1: Assemble system matrix ...
19:03 L2ProductP1: Integrate the products of the shape functions on each element
19:03 L2ProductP1: Determine global dofs ...
19:03 L2ProductP1: Boundary treatment ...
19:03 L2ProductP1: Assemble system matrix ...
19:03 DiffusionOperatorP1: Calulate gradients of shape functions transformed by reference map ...
19:03 DiffusionOperatorP1: Calculate all local scalar products beween gradients ...
19:03 DiffusionOperatorP1: Determine global dofs ...
19:03 DiffusionOperatorP1: Boundary treatment ...
19:03 DiffusionOperatorP1: Assemble system matrix ...
19:03 L2ProductP1: Integrate the products of the shape functions on each element
19:03 L2ProductP1: Determine global dofs ...
19:03 L2ProductP1: Boundary treatment ...
19:03 L2ProductP1: Assemble system matrix ...
19:03 DiffusionOperatorP1: Calulate gradients of shape functions transformed by reference map ...
19:03 DiffusionOperatorP1: Calculate all local scalar products beween gradients ...
19:03 DiffusionOperatorP1: Determine global dofs ...
19:03 DiffusionOperatorP1: Boundary treatment ...
19:03 DiffusionOperatorP1: Assemble system matrix ...
19:03 gram_schmidt: Orthonormalizing vector 1 again
19:03 gram_schmidt: Orthonormalizing vector 2 again
19:03 gram_schmidt: Orthonormalizing vector 3 again
19:03 gram_schmidt: Orthonormalizing vector 4 again
19:03 gram_schmidt: Orthonormalizing vector 1 again
19:03 gram_schmidt: Orthonormalizing vector 2 again
19:03 gram_schmidt: Orthonormalizing vector 3 again
19:03 gram_schmidt: Orthonormalizing vector 4 again
</system-err></testcase><testcase classname="src.pymortests.algorithms.gram_schmidt" file="src/pymortests/algorithms/gram_schmidt.py" line="42" name="test_gram_schmidt_with_product[&lt;lambda&gt;6]" time="0.03795051574707031"><system-err>19:03 DiffusionOperatorP1: Calulate gradients of shape functions transformed by reference map ...
19:03 DiffusionOperatorP1: Calculate all local scalar products beween gradients ...
19:03 DiffusionOperatorP1: Determine global dofs ...
19:03 DiffusionOperatorP1: Boundary treatment ...
19:03 DiffusionOperatorP1: Assemble system matrix ...
19:03 DiffusionOperatorP1: Calulate gradients of shape functions transformed by reference map ...
19:03 DiffusionOperatorP1: Calculate all local scalar products beween gradients ...
19:03 DiffusionOperatorP1: Determine global dofs ...
19:03 DiffusionOperatorP1: Boundary treatment ...
19:03 DiffusionOperatorP1: Assemble system matrix ...
19:03 DiffusionOperatorP1: Calulate gradients of shape functions transformed by reference map ...
19:03 DiffusionOperatorP1: Calculate all local scalar products beween gradients ...
19:03 DiffusionOperatorP1: Determine global dofs ...
19:03 DiffusionOperatorP1: Boundary treatment ...
19:03 DiffusionOperatorP1: Assemble system matrix ...
19:03 DiffusionOperatorP1: Calulate gradients of shape functions transformed by reference map ...
19:03 DiffusionOperatorP1: Calculate all local scalar products beween gradients ...
19:03 DiffusionOperatorP1: Determine global dofs ...
19:03 DiffusionOperatorP1: Boundary treatment ...
19:03 DiffusionOperatorP1: Assemble system matrix ...
19:03 DiffusionOperatorP1: Calulate gradients of shape functions transformed by reference map ...
19:03 DiffusionOperatorP1: Calculate all local scalar products beween gradients ...
19:03 DiffusionOperatorP1: Determine global dofs ...
19:03 DiffusionOperatorP1: Boundary treatment ...
19:03 DiffusionOperatorP1: Assemble system matrix ...
19:03 L2ProductP1: Integrate the products of the shape functions on each element
19:03 L2ProductP1: Determine global dofs ...
19:03 L2ProductP1: Boundary treatment ...
19:03 L2ProductP1: Assemble system matrix ...
19:03 DiffusionOperatorP1: Calulate gradients of shape functions transformed by reference map ...
19:03 DiffusionOperatorP1: Calculate all local scalar products beween gradients ...
19:03 DiffusionOperatorP1: Determine global dofs ...
19:03 DiffusionOperatorP1: Boundary treatment ...
19:03 DiffusionOperatorP1: Assemble system matrix ...
19:03 L2ProductP1: Integrate the products of the shape functions on each element
19:03 L2ProductP1: Determine global dofs ...
19:03 L2ProductP1: Boundary treatment ...
19:03 L2ProductP1: Assemble system matrix ...
19:03 DiffusionOperatorP1: Calulate gradients of shape functions transformed by reference map ...
19:03 DiffusionOperatorP1: Calculate all local scalar products beween gradients ...
19:03 DiffusionOperatorP1: Determine global dofs ...
19:03 DiffusionOperatorP1: Boundary treatment ...
19:03 DiffusionOperatorP1: Assemble system matrix ...
19:03 gram_schmidt: Orthonormalizing vector 3 again
19:03 gram_schmidt: Orthonormalizing vector 4 again
19:03 gram_schmidt: Orthonormalizing vector 3 again
19:03 gram_schmidt: Orthonormalizing vector 4 again
</system-err></testcase><testcase classname="src.pymortests.algorithms.gram_schmidt" file="src/pymortests/algorithms/gram_schmidt.py" line="42" name="test_gram_schmidt_with_product[&lt;lambda&gt;7]" time="0.036142826080322266"><system-err>19:03 DiffusionOperatorP1: Calulate gradients of shape functions transformed by reference map ...
19:03 DiffusionOperatorP1: Calculate all local scalar products beween gradients ...
19:03 DiffusionOperatorP1: Determine global dofs ...
19:03 DiffusionOperatorP1: Boundary treatment ...
19:03 DiffusionOperatorP1: Assemble system matrix ...
19:03 DiffusionOperatorP1: Calulate gradients of shape functions transformed by reference map ...
19:03 DiffusionOperatorP1: Calculate all local scalar products beween gradients ...
19:03 DiffusionOperatorP1: Determine global dofs ...
19:03 DiffusionOperatorP1: Boundary treatment ...
19:03 DiffusionOperatorP1: Assemble system matrix ...
19:03 L2ProductP1: Integrate the products of the shape functions on each element
19:03 L2ProductP1: Determine global dofs ...
19:03 L2ProductP1: Boundary treatment ...
19:03 L2ProductP1: Assemble system matrix ...
19:03 DiffusionOperatorP1: Calulate gradients of shape functions transformed by reference map ...
19:03 DiffusionOperatorP1: Calculate all local scalar products beween gradients ...
19:03 DiffusionOperatorP1: Determine global dofs ...
19:03 DiffusionOperatorP1: Boundary treatment ...
19:03 DiffusionOperatorP1: Assemble system matrix ...
19:03 L2ProductP1: Integrate the products of the shape functions on each element
19:03 L2ProductP1: Determine global dofs ...
19:03 L2ProductP1: Boundary treatment ...
19:03 L2ProductP1: Assemble system matrix ...
19:03 DiffusionOperatorP1: Calulate gradients of shape functions transformed by reference map ...
19:03 DiffusionOperatorP1: Calculate all local scalar products beween gradients ...
19:03 DiffusionOperatorP1: Determine global dofs ...
19:03 DiffusionOperatorP1: Boundary treatment ...
19:03 DiffusionOperatorP1: Assemble system matrix ...
19:03 gram_schmidt: Orthonormalizing vector 1 again
19:03 gram_schmidt: Orthonormalizing vector 2 again
19:03 gram_schmidt: Orthonormalizing vector 3 again
19:03 gram_schmidt: Orthonormalizing vector 4 again
19:04 gram_schmidt: Orthonormalizing vector 1 again
19:04 gram_schmidt: Orthonormalizing vector 2 again
19:04 gram_schmidt: Orthonormalizing vector 3 again
19:04 gram_schmidt: Orthonormalizing vector 4 again
</system-err></testcase><testcase classname="src.pymortests.algorithms.gram_schmidt" file="src/pymortests/algorithms/gram_schmidt.py" line="42" name="test_gram_schmidt_with_product[&lt;lambda&gt;8]" time="0.038390159606933594"><system-err>19:04 DiffusionOperatorP1: Calulate gradients of shape functions transformed by reference map ...
19:04 DiffusionOperatorP1: Calculate all local scalar products beween gradients ...
19:04 DiffusionOperatorP1: Determine global dofs ...
19:04 DiffusionOperatorP1: Boundary treatment ...
19:04 DiffusionOperatorP1: Assemble system matrix ...
19:04 DiffusionOperatorP1: Calulate gradients of shape functions transformed by reference map ...
19:04 DiffusionOperatorP1: Calculate all local scalar products beween gradients ...
19:04 DiffusionOperatorP1: Determine global dofs ...
19:04 DiffusionOperatorP1: Boundary treatment ...
19:04 DiffusionOperatorP1: Assemble system matrix ...
19:04 DiffusionOperatorP1: Calulate gradients of shape functions transformed by reference map ...
19:04 DiffusionOperatorP1: Calculate all local scalar products beween gradients ...
19:04 DiffusionOperatorP1: Determine global dofs ...
19:04 DiffusionOperatorP1: Boundary treatment ...
19:04 DiffusionOperatorP1: Assemble system matrix ...
19:04 DiffusionOperatorP1: Calulate gradients of shape functions transformed by reference map ...
19:04 DiffusionOperatorP1: Calculate all local scalar products beween gradients ...
19:04 DiffusionOperatorP1: Determine global dofs ...
19:04 DiffusionOperatorP1: Boundary treatment ...
19:04 DiffusionOperatorP1: Assemble system matrix ...
19:04 DiffusionOperatorP1: Calulate gradients of shape functions transformed by reference map ...
19:04 DiffusionOperatorP1: Calculate all local scalar products beween gradients ...
19:04 DiffusionOperatorP1: Determine global dofs ...
19:04 DiffusionOperatorP1: Boundary treatment ...
19:04 DiffusionOperatorP1: Assemble system matrix ...
19:04 L2ProductP1: Integrate the products of the shape functions on each element
19:04 L2ProductP1: Determine global dofs ...
19:04 L2ProductP1: Boundary treatment ...
19:04 L2ProductP1: Assemble system matrix ...
19:04 DiffusionOperatorP1: Calulate gradients of shape functions transformed by reference map ...
19:04 DiffusionOperatorP1: Calculate all local scalar products beween gradients ...
19:04 DiffusionOperatorP1: Determine global dofs ...
19:04 DiffusionOperatorP1: Boundary treatment ...
19:04 DiffusionOperatorP1: Assemble system matrix ...
19:04 L2ProductP1: Integrate the products of the shape functions on each element
19:04 L2ProductP1: Determine global dofs ...
19:04 L2ProductP1: Boundary treatment ...
19:04 L2ProductP1: Assemble system matrix ...
19:04 DiffusionOperatorP1: Calulate gradients of shape functions transformed by reference map ...
19:04 DiffusionOperatorP1: Calculate all local scalar products beween gradients ...
19:04 DiffusionOperatorP1: Determine global dofs ...
19:04 DiffusionOperatorP1: Boundary treatment ...
19:04 DiffusionOperatorP1: Assemble system matrix ...
19:04 gram_schmidt: Orthonormalizing vector 3 again
19:04 gram_schmidt: Orthonormalizing vector 4 again
19:04 gram_schmidt: Orthonormalizing vector 3 again
19:04 gram_schmidt: Orthonormalizing vector 4 again
</system-err></testcase><testcase classname="src.pymortests.algorithms.gram_schmidt" file="src/pymortests/algorithms/gram_schmidt.py" line="42" name="test_gram_schmidt_with_product[&lt;lambda&gt;9]" time="0.03585171699523926"><system-err>19:04 DiffusionOperatorP1: Calulate gradients of shape functions transformed by reference map ...
19:04 DiffusionOperatorP1: Calculate all local scalar products beween gradients ...
19:04 DiffusionOperatorP1: Determine global dofs ...
19:04 DiffusionOperatorP1: Boundary treatment ...
19:04 DiffusionOperatorP1: Assemble system matrix ...
19:04 DiffusionOperatorP1: Calulate gradients of shape functions transformed by reference map ...
19:04 DiffusionOperatorP1: Calculate all local scalar products beween gradients ...
19:04 DiffusionOperatorP1: Determine global dofs ...
19:04 DiffusionOperatorP1: Boundary treatment ...
19:04 DiffusionOperatorP1: Assemble system matrix ...
19:04 L2ProductP1: Integrate the products of the shape functions on each element
19:04 L2ProductP1: Determine global dofs ...
19:04 L2ProductP1: Boundary treatment ...
19:04 L2ProductP1: Assemble system matrix ...
19:04 DiffusionOperatorP1: Calulate gradients of shape functions transformed by reference map ...
19:04 DiffusionOperatorP1: Calculate all local scalar products beween gradients ...
19:04 DiffusionOperatorP1: Determine global dofs ...
19:04 DiffusionOperatorP1: Boundary treatment ...
19:04 DiffusionOperatorP1: Assemble system matrix ...
19:04 L2ProductP1: Integrate the products of the shape functions on each element
19:04 L2ProductP1: Determine global dofs ...
19:04 L2ProductP1: Boundary treatment ...
19:04 L2ProductP1: Assemble system matrix ...
19:04 DiffusionOperatorP1: Calulate gradients of shape functions transformed by reference map ...
19:04 DiffusionOperatorP1: Calculate all local scalar products beween gradients ...
19:04 DiffusionOperatorP1: Determine global dofs ...
19:04 DiffusionOperatorP1: Boundary treatment ...
19:04 DiffusionOperatorP1: Assemble system matrix ...
19:04 gram_schmidt: Orthonormalizing vector 1 again
19:04 gram_schmidt: Orthonormalizing vector 2 again
19:04 gram_schmidt: Orthonormalizing vector 3 again
19:04 gram_schmidt: Orthonormalizing vector 4 again
19:04 gram_schmidt: Orthonormalizing vector 1 again
19:04 gram_schmidt: Orthonormalizing vector 2 again
19:04 gram_schmidt: Orthonormalizing vector 3 again
19:04 gram_schmidt: Orthonormalizing vector 4 again
</system-err></testcase><testcase classname="src.pymortests.algorithms.gram_schmidt" file="src/pymortests/algorithms/gram_schmidt.py" line="42" name="test_gram_schmidt_with_product[&lt;lambda&gt;10]" time="0.038251638412475586"><system-err>19:04 DiffusionOperatorP1: Calulate gradients of shape functions transformed by reference map ...
19:04 DiffusionOperatorP1: Calculate all local scalar products beween gradients ...
19:04 DiffusionOperatorP1: Determine global dofs ...
19:04 DiffusionOperatorP1: Boundary treatment ...
19:04 DiffusionOperatorP1: Assemble system matrix ...
19:04 DiffusionOperatorP1: Calulate gradients of shape functions transformed by reference map ...
19:04 DiffusionOperatorP1: Calculate all local scalar products beween gradients ...
19:04 DiffusionOperatorP1: Determine global dofs ...
19:04 DiffusionOperatorP1: Boundary treatment ...
19:04 DiffusionOperatorP1: Assemble system matrix ...
19:04 DiffusionOperatorP1: Calulate gradients of shape functions transformed by reference map ...
19:04 DiffusionOperatorP1: Calculate all local scalar products beween gradients ...
19:04 DiffusionOperatorP1: Determine global dofs ...
19:04 DiffusionOperatorP1: Boundary treatment ...
19:04 DiffusionOperatorP1: Assemble system matrix ...
19:04 DiffusionOperatorP1: Calulate gradients of shape functions transformed by reference map ...
19:04 DiffusionOperatorP1: Calculate all local scalar products beween gradients ...
19:04 DiffusionOperatorP1: Determine global dofs ...
19:04 DiffusionOperatorP1: Boundary treatment ...
19:04 DiffusionOperatorP1: Assemble system matrix ...
19:04 DiffusionOperatorP1: Calulate gradients of shape functions transformed by reference map ...
19:04 DiffusionOperatorP1: Calculate all local scalar products beween gradients ...
19:04 DiffusionOperatorP1: Determine global dofs ...
19:04 DiffusionOperatorP1: Boundary treatment ...
19:04 DiffusionOperatorP1: Assemble system matrix ...
19:04 L2ProductP1: Integrate the products of the shape functions on each element
19:04 L2ProductP1: Determine global dofs ...
19:04 L2ProductP1: Boundary treatment ...
19:04 L2ProductP1: Assemble system matrix ...
19:04 DiffusionOperatorP1: Calulate gradients of shape functions transformed by reference map ...
19:04 DiffusionOperatorP1: Calculate all local scalar products beween gradients ...
19:04 DiffusionOperatorP1: Determine global dofs ...
19:04 DiffusionOperatorP1: Boundary treatment ...
19:04 DiffusionOperatorP1: Assemble system matrix ...
19:04 L2ProductP1: Integrate the products of the shape functions on each element
19:04 L2ProductP1: Determine global dofs ...
19:04 L2ProductP1: Boundary treatment ...
19:04 L2ProductP1: Assemble system matrix ...
19:04 DiffusionOperatorP1: Calulate gradients of shape functions transformed by reference map ...
19:04 DiffusionOperatorP1: Calculate all local scalar products beween gradients ...
19:04 DiffusionOperatorP1: Determine global dofs ...
19:04 DiffusionOperatorP1: Boundary treatment ...
19:04 DiffusionOperatorP1: Assemble system matrix ...
19:04 gram_schmidt: Orthonormalizing vector 3 again
19:04 gram_schmidt: Orthonormalizing vector 4 again
19:04 gram_schmidt: Orthonormalizing vector 3 again
19:04 gram_schmidt: Orthonormalizing vector 4 again
</system-err></testcase><testcase classname="src.pymortests.algorithms.gram_schmidt" file="src/pymortests/algorithms/gram_schmidt.py" line="42" name="test_gram_schmidt_with_product[&lt;lambda&gt;11]" time="0.03527212142944336"><system-err>19:04 DiffusionOperatorP1: Calulate gradients of shape functions transformed by reference map ...
19:04 DiffusionOperatorP1: Calculate all local scalar products beween gradients ...
19:04 DiffusionOperatorP1: Determine global dofs ...
19:04 DiffusionOperatorP1: Boundary treatment ...
19:04 DiffusionOperatorP1: Assemble system matrix ...
19:04 DiffusionOperatorP1: Calulate gradients of shape functions transformed by reference map ...
19:04 DiffusionOperatorP1: Calculate all local scalar products beween gradients ...
19:04 DiffusionOperatorP1: Determine global dofs ...
19:04 DiffusionOperatorP1: Boundary treatment ...
19:04 DiffusionOperatorP1: Assemble system matrix ...
19:04 L2ProductP1: Integrate the products of the shape functions on each element
19:04 L2ProductP1: Determine global dofs ...
19:04 L2ProductP1: Boundary treatment ...
19:04 L2ProductP1: Assemble system matrix ...
19:04 DiffusionOperatorP1: Calulate gradients of shape functions transformed by reference map ...
19:04 DiffusionOperatorP1: Calculate all local scalar products beween gradients ...
19:04 DiffusionOperatorP1: Determine global dofs ...
19:04 DiffusionOperatorP1: Boundary treatment ...
19:04 DiffusionOperatorP1: Assemble system matrix ...
19:04 L2ProductP1: Integrate the products of the shape functions on each element
19:04 L2ProductP1: Determine global dofs ...
19:04 L2ProductP1: Boundary treatment ...
19:04 L2ProductP1: Assemble system matrix ...
19:04 DiffusionOperatorP1: Calulate gradients of shape functions transformed by reference map ...
19:04 DiffusionOperatorP1: Calculate all local scalar products beween gradients ...
19:04 DiffusionOperatorP1: Determine global dofs ...
19:04 DiffusionOperatorP1: Boundary treatment ...
19:04 DiffusionOperatorP1: Assemble system matrix ...
19:04 gram_schmidt: Orthonormalizing vector 1 again
19:04 gram_schmidt: Orthonormalizing vector 2 again
19:04 gram_schmidt: Orthonormalizing vector 3 again
19:04 gram_schmidt: Orthonormalizing vector 4 again
19:04 gram_schmidt: Orthonormalizing vector 1 again
19:04 gram_schmidt: Orthonormalizing vector 2 again
19:04 gram_schmidt: Orthonormalizing vector 3 again
19:04 gram_schmidt: Orthonormalizing vector 4 again
</system-err></testcase><testcase classname="src.pymortests.algorithms.gram_schmidt" file="src/pymortests/algorithms/gram_schmidt.py" line="42" name="test_gram_schmidt_with_product[&lt;lambda&gt;12]" time="0.03940725326538086"><system-err>19:04 DiffusionOperatorP1: Calulate gradients of shape functions transformed by reference map ...
19:04 DiffusionOperatorP1: Calculate all local scalar products beween gradients ...
19:04 DiffusionOperatorP1: Determine global dofs ...
19:04 DiffusionOperatorP1: Boundary treatment ...
19:04 DiffusionOperatorP1: Assemble system matrix ...
19:04 DiffusionOperatorP1: Calulate gradients of shape functions transformed by reference map ...
19:04 DiffusionOperatorP1: Calculate all local scalar products beween gradients ...
19:04 DiffusionOperatorP1: Determine global dofs ...
19:04 DiffusionOperatorP1: Boundary treatment ...
19:04 DiffusionOperatorP1: Assemble system matrix ...
19:04 DiffusionOperatorP1: Calulate gradients of shape functions transformed by reference map ...
19:04 DiffusionOperatorP1: Calculate all local scalar products beween gradients ...
19:04 DiffusionOperatorP1: Determine global dofs ...
19:04 DiffusionOperatorP1: Boundary treatment ...
19:04 DiffusionOperatorP1: Assemble system matrix ...
19:04 DiffusionOperatorP1: Calulate gradients of shape functions transformed by reference map ...
19:04 DiffusionOperatorP1: Calculate all local scalar products beween gradients ...
19:04 DiffusionOperatorP1: Determine global dofs ...
19:04 DiffusionOperatorP1: Boundary treatment ...
19:04 DiffusionOperatorP1: Assemble system matrix ...
19:04 DiffusionOperatorP1: Calulate gradients of shape functions transformed by reference map ...
19:04 DiffusionOperatorP1: Calculate all local scalar products beween gradients ...
19:04 DiffusionOperatorP1: Determine global dofs ...
19:04 DiffusionOperatorP1: Boundary treatment ...
19:04 DiffusionOperatorP1: Assemble system matrix ...
19:04 L2ProductP1: Integrate the products of the shape functions on each element
19:04 L2ProductP1: Determine global dofs ...
19:04 L2ProductP1: Boundary treatment ...
19:04 L2ProductP1: Assemble system matrix ...
19:04 DiffusionOperatorP1: Calulate gradients of shape functions transformed by reference map ...
19:04 DiffusionOperatorP1: Calculate all local scalar products beween gradients ...
19:04 DiffusionOperatorP1: Determine global dofs ...
19:04 DiffusionOperatorP1: Boundary treatment ...
19:04 DiffusionOperatorP1: Assemble system matrix ...
19:04 L2ProductP1: Integrate the products of the shape functions on each element
19:04 L2ProductP1: Determine global dofs ...
19:04 L2ProductP1: Boundary treatment ...
19:04 L2ProductP1: Assemble system matrix ...
19:04 DiffusionOperatorP1: Calulate gradients of shape functions transformed by reference map ...
19:04 DiffusionOperatorP1: Calculate all local scalar products beween gradients ...
19:04 DiffusionOperatorP1: Determine global dofs ...
19:04 DiffusionOperatorP1: Boundary treatment ...
19:04 DiffusionOperatorP1: Assemble system matrix ...
19:04 gram_schmidt: Removing linearly dependent vector 5
19:04 gram_schmidt: Removing linearly dependent vector 6
19:04 gram_schmidt: Removing linearly dependent vector 5
19:04 gram_schmidt: Removing linearly dependent vector 6
</system-err></testcase><testcase classname="src.pymortests.algorithms.gram_schmidt" file="src/pymortests/algorithms/gram_schmidt.py" line="42" name="test_gram_schmidt_with_product[&lt;lambda&gt;13]" time="0.0351564884185791"><system-err>19:04 DiffusionOperatorP1: Calulate gradients of shape functions transformed by reference map ...
19:04 DiffusionOperatorP1: Calculate all local scalar products beween gradients ...
19:04 DiffusionOperatorP1: Determine global dofs ...
19:04 DiffusionOperatorP1: Boundary treatment ...
19:04 DiffusionOperatorP1: Assemble system matrix ...
19:04 DiffusionOperatorP1: Calulate gradients of shape functions transformed by reference map ...
19:04 DiffusionOperatorP1: Calculate all local scalar products beween gradients ...
19:04 DiffusionOperatorP1: Determine global dofs ...
19:04 DiffusionOperatorP1: Boundary treatment ...
19:04 DiffusionOperatorP1: Assemble system matrix ...
19:04 L2ProductP1: Integrate the products of the shape functions on each element
19:04 L2ProductP1: Determine global dofs ...
19:04 L2ProductP1: Boundary treatment ...
19:04 L2ProductP1: Assemble system matrix ...
19:04 DiffusionOperatorP1: Calulate gradients of shape functions transformed by reference map ...
19:04 DiffusionOperatorP1: Calculate all local scalar products beween gradients ...
19:04 DiffusionOperatorP1: Determine global dofs ...
19:04 DiffusionOperatorP1: Boundary treatment ...
19:04 DiffusionOperatorP1: Assemble system matrix ...
19:04 L2ProductP1: Integrate the products of the shape functions on each element
19:04 L2ProductP1: Determine global dofs ...
19:04 L2ProductP1: Boundary treatment ...
19:04 L2ProductP1: Assemble system matrix ...
19:04 DiffusionOperatorP1: Calulate gradients of shape functions transformed by reference map ...
19:04 DiffusionOperatorP1: Calculate all local scalar products beween gradients ...
19:04 DiffusionOperatorP1: Determine global dofs ...
19:04 DiffusionOperatorP1: Boundary treatment ...
19:04 DiffusionOperatorP1: Assemble system matrix ...
19:04 gram_schmidt: Orthonormalizing vector 3 again
19:04 gram_schmidt: Removing linearly dependent vector 5
19:04 gram_schmidt: Removing linearly dependent vector 6
19:04 gram_schmidt: Orthonormalizing vector 3 again
19:04 gram_schmidt: Removing linearly dependent vector 5
19:04 gram_schmidt: Removing linearly dependent vector 6
</system-err></testcase><testcase classname="src.pymortests.algorithms.gram_schmidt" file="src/pymortests/algorithms/gram_schmidt.py" line="42" name="test_gram_schmidt_with_product[&lt;lambda&gt;14]" time="0.041507720947265625"><system-err>19:04 DiffusionOperatorP1: Calulate gradients of shape functions transformed by reference map ...
19:04 DiffusionOperatorP1: Calculate all local scalar products beween gradients ...
19:04 DiffusionOperatorP1: Determine global dofs ...
19:04 DiffusionOperatorP1: Boundary treatment ...
19:04 DiffusionOperatorP1: Assemble system matrix ...
19:04 DiffusionOperatorP1: Calulate gradients of shape functions transformed by reference map ...
19:04 DiffusionOperatorP1: Calculate all local scalar products beween gradients ...
19:04 DiffusionOperatorP1: Determine global dofs ...
19:04 DiffusionOperatorP1: Boundary treatment ...
19:04 DiffusionOperatorP1: Assemble system matrix ...
19:04 DiffusionOperatorP1: Calulate gradients of shape functions transformed by reference map ...
19:04 DiffusionOperatorP1: Calculate all local scalar products beween gradients ...
19:04 DiffusionOperatorP1: Determine global dofs ...
19:04 DiffusionOperatorP1: Boundary treatment ...
19:04 DiffusionOperatorP1: Assemble system matrix ...
19:04 DiffusionOperatorP1: Calulate gradients of shape functions transformed by reference map ...
19:04 DiffusionOperatorP1: Calculate all local scalar products beween gradients ...
19:04 DiffusionOperatorP1: Determine global dofs ...
19:04 DiffusionOperatorP1: Boundary treatment ...
19:04 DiffusionOperatorP1: Assemble system matrix ...
19:04 DiffusionOperatorP1: Calulate gradients of shape functions transformed by reference map ...
19:04 DiffusionOperatorP1: Calculate all local scalar products beween gradients ...
19:04 DiffusionOperatorP1: Determine global dofs ...
19:04 DiffusionOperatorP1: Boundary treatment ...
19:04 DiffusionOperatorP1: Assemble system matrix ...
19:04 L2ProductP1: Integrate the products of the shape functions on each element
19:04 L2ProductP1: Determine global dofs ...
19:04 L2ProductP1: Boundary treatment ...
19:04 L2ProductP1: Assemble system matrix ...
19:04 DiffusionOperatorP1: Calulate gradients of shape functions transformed by reference map ...
19:04 DiffusionOperatorP1: Calculate all local scalar products beween gradients ...
19:04 DiffusionOperatorP1: Determine global dofs ...
19:04 DiffusionOperatorP1: Boundary treatment ...
19:04 DiffusionOperatorP1: Assemble system matrix ...
19:04 L2ProductP1: Integrate the products of the shape functions on each element
19:04 L2ProductP1: Determine global dofs ...
19:04 L2ProductP1: Boundary treatment ...
19:04 L2ProductP1: Assemble system matrix ...
19:04 DiffusionOperatorP1: Calulate gradients of shape functions transformed by reference map ...
19:04 DiffusionOperatorP1: Calculate all local scalar products beween gradients ...
19:04 DiffusionOperatorP1: Determine global dofs ...
19:04 DiffusionOperatorP1: Boundary treatment ...
19:04 DiffusionOperatorP1: Assemble system matrix ...
19:04 gram_schmidt: Orthonormalizing vector 1 again
19:04 gram_schmidt: Orthonormalizing vector 2 again
19:04 gram_schmidt: Orthonormalizing vector 3 again
19:04 gram_schmidt: Orthonormalizing vector 4 again
19:04 gram_schmidt: Removing linearly dependent vector 5
19:04 gram_schmidt: Orthonormalizing vector 1 again
19:04 gram_schmidt: Orthonormalizing vector 2 again
19:04 gram_schmidt: Orthonormalizing vector 3 again
19:04 gram_schmidt: Orthonormalizing vector 4 again
19:04 gram_schmidt: Removing linearly dependent vector 5
</system-err></testcase><testcase classname="src.pymortests.algorithms.gram_schmidt" file="src/pymortests/algorithms/gram_schmidt.py" line="42" name="test_gram_schmidt_with_product[&lt;lambda&gt;15]" time="0.03839421272277832"><system-err>19:04 DiffusionOperatorP1: Calulate gradients of shape functions transformed by reference map ...
19:04 DiffusionOperatorP1: Calculate all local scalar products beween gradients ...
19:04 DiffusionOperatorP1: Determine global dofs ...
19:04 DiffusionOperatorP1: Boundary treatment ...
19:04 DiffusionOperatorP1: Assemble system matrix ...
19:04 DiffusionOperatorP1: Calulate gradients of shape functions transformed by reference map ...
19:04 DiffusionOperatorP1: Calculate all local scalar products beween gradients ...
19:04 DiffusionOperatorP1: Determine global dofs ...
19:04 DiffusionOperatorP1: Boundary treatment ...
19:04 DiffusionOperatorP1: Assemble system matrix ...
19:04 L2ProductP1: Integrate the products of the shape functions on each element
19:04 L2ProductP1: Determine global dofs ...
19:04 L2ProductP1: Boundary treatment ...
19:04 L2ProductP1: Assemble system matrix ...
19:04 DiffusionOperatorP1: Calulate gradients of shape functions transformed by reference map ...
19:04 DiffusionOperatorP1: Calculate all local scalar products beween gradients ...
19:04 DiffusionOperatorP1: Determine global dofs ...
19:04 DiffusionOperatorP1: Boundary treatment ...
19:04 DiffusionOperatorP1: Assemble system matrix ...
19:04 L2ProductP1: Integrate the products of the shape functions on each element
19:04 L2ProductP1: Determine global dofs ...
19:04 L2ProductP1: Boundary treatment ...
19:04 L2ProductP1: Assemble system matrix ...
19:04 DiffusionOperatorP1: Calulate gradients of shape functions transformed by reference map ...
19:04 DiffusionOperatorP1: Calculate all local scalar products beween gradients ...
19:04 DiffusionOperatorP1: Determine global dofs ...
19:04 DiffusionOperatorP1: Boundary treatment ...
19:04 DiffusionOperatorP1: Assemble system matrix ...
19:04 gram_schmidt: Orthonormalizing vector 1 again
19:04 gram_schmidt: Orthonormalizing vector 2 again
19:04 gram_schmidt: Orthonormalizing vector 3 again
19:04 gram_schmidt: Orthonormalizing vector 4 again
19:04 gram_schmidt: Orthonormalizing vector 5 again
19:04 gram_schmidt: Orthonormalizing vector 1 again
19:04 gram_schmidt: Orthonormalizing vector 2 again
19:04 gram_schmidt: Orthonormalizing vector 3 again
19:04 gram_schmidt: Orthonormalizing vector 4 again
19:04 gram_schmidt: Orthonormalizing vector 5 again
</system-err></testcase><testcase classname="src.pymortests.algorithms.gram_schmidt" file="src/pymortests/algorithms/gram_schmidt.py" line="42" name="test_gram_schmidt_with_product[&lt;lambda&gt;16]" time="0.0355222225189209"><system-err>19:04 DiffusionOperatorP1: Calulate gradients of shape functions transformed by reference map ...
19:04 DiffusionOperatorP1: Calculate all local scalar products beween gradients ...
19:04 DiffusionOperatorP1: Determine global dofs ...
19:04 DiffusionOperatorP1: Boundary treatment ...
19:04 DiffusionOperatorP1: Assemble system matrix ...
19:04 DiffusionOperatorP1: Calulate gradients of shape functions transformed by reference map ...
19:04 DiffusionOperatorP1: Calculate all local scalar products beween gradients ...
19:04 DiffusionOperatorP1: Determine global dofs ...
19:04 DiffusionOperatorP1: Boundary treatment ...
19:04 DiffusionOperatorP1: Assemble system matrix ...
19:04 DiffusionOperatorP1: Calulate gradients of shape functions transformed by reference map ...
19:04 DiffusionOperatorP1: Calculate all local scalar products beween gradients ...
19:04 DiffusionOperatorP1: Determine global dofs ...
19:04 DiffusionOperatorP1: Boundary treatment ...
19:04 DiffusionOperatorP1: Assemble system matrix ...
19:04 DiffusionOperatorP1: Calulate gradients of shape functions transformed by reference map ...
19:04 DiffusionOperatorP1: Calculate all local scalar products beween gradients ...
19:04 DiffusionOperatorP1: Determine global dofs ...
19:04 DiffusionOperatorP1: Boundary treatment ...
19:04 DiffusionOperatorP1: Assemble system matrix ...
19:04 DiffusionOperatorP1: Calulate gradients of shape functions transformed by reference map ...
19:04 DiffusionOperatorP1: Calculate all local scalar products beween gradients ...
19:04 DiffusionOperatorP1: Determine global dofs ...
19:04 DiffusionOperatorP1: Boundary treatment ...
19:04 DiffusionOperatorP1: Assemble system matrix ...
19:04 L2ProductP1: Integrate the products of the shape functions on each element
19:04 L2ProductP1: Determine global dofs ...
19:04 L2ProductP1: Boundary treatment ...
19:04 L2ProductP1: Assemble system matrix ...
19:04 DiffusionOperatorP1: Calulate gradients of shape functions transformed by reference map ...
19:04 DiffusionOperatorP1: Calculate all local scalar products beween gradients ...
19:04 DiffusionOperatorP1: Determine global dofs ...
19:04 DiffusionOperatorP1: Boundary treatment ...
19:04 DiffusionOperatorP1: Assemble system matrix ...
19:04 L2ProductP1: Integrate the products of the shape functions on each element
19:04 L2ProductP1: Determine global dofs ...
19:04 L2ProductP1: Boundary treatment ...
19:04 L2ProductP1: Assemble system matrix ...
19:04 DiffusionOperatorP1: Calulate gradients of shape functions transformed by reference map ...
19:04 DiffusionOperatorP1: Calculate all local scalar products beween gradients ...
19:04 DiffusionOperatorP1: Determine global dofs ...
19:04 DiffusionOperatorP1: Boundary treatment ...
19:04 DiffusionOperatorP1: Assemble system matrix ...
19:04 gram_schmidt: Removing linearly dependent vector 1
19:04 gram_schmidt: Removing linearly dependent vector 2
19:04 gram_schmidt: Removing linearly dependent vector 3
19:04 gram_schmidt: Removing linearly dependent vector 4
19:04 gram_schmidt: Removing linearly dependent vector 5
19:04 gram_schmidt: Removing linearly dependent vector 6
19:04 gram_schmidt: Removing linearly dependent vector 1
19:04 gram_schmidt: Removing linearly dependent vector 2
19:04 gram_schmidt: Removing linearly dependent vector 3
19:04 gram_schmidt: Removing linearly dependent vector 4
19:04 gram_schmidt: Removing linearly dependent vector 5
19:04 gram_schmidt: Removing linearly dependent vector 6
</system-err></testcase><testcase classname="src.pymortests.algorithms.gram_schmidt" file="src/pymortests/algorithms/gram_schmidt.py" line="42" name="test_gram_schmidt_with_product[&lt;lambda&gt;17]" time="0.03130650520324707"><system-err>19:04 DiffusionOperatorP1: Calulate gradients of shape functions transformed by reference map ...
19:04 DiffusionOperatorP1: Calculate all local scalar products beween gradients ...
19:04 DiffusionOperatorP1: Determine global dofs ...
19:04 DiffusionOperatorP1: Boundary treatment ...
19:04 DiffusionOperatorP1: Assemble system matrix ...
19:04 DiffusionOperatorP1: Calulate gradients of shape functions transformed by reference map ...
19:04 DiffusionOperatorP1: Calculate all local scalar products beween gradients ...
19:04 DiffusionOperatorP1: Determine global dofs ...
19:04 DiffusionOperatorP1: Boundary treatment ...
19:04 DiffusionOperatorP1: Assemble system matrix ...
19:04 L2ProductP1: Integrate the products of the shape functions on each element
19:04 L2ProductP1: Determine global dofs ...
19:04 L2ProductP1: Boundary treatment ...
19:04 L2ProductP1: Assemble system matrix ...
19:04 DiffusionOperatorP1: Calulate gradients of shape functions transformed by reference map ...
19:04 DiffusionOperatorP1: Calculate all local scalar products beween gradients ...
19:04 DiffusionOperatorP1: Determine global dofs ...
19:04 DiffusionOperatorP1: Boundary treatment ...
19:04 DiffusionOperatorP1: Assemble system matrix ...
19:04 L2ProductP1: Integrate the products of the shape functions on each element
19:04 L2ProductP1: Determine global dofs ...
19:04 L2ProductP1: Boundary treatment ...
19:04 L2ProductP1: Assemble system matrix ...
19:04 DiffusionOperatorP1: Calulate gradients of shape functions transformed by reference map ...
19:04 DiffusionOperatorP1: Calculate all local scalar products beween gradients ...
19:04 DiffusionOperatorP1: Determine global dofs ...
19:04 DiffusionOperatorP1: Boundary treatment ...
19:04 DiffusionOperatorP1: Assemble system matrix ...
19:04 gram_schmidt: Removing linearly dependent vector 1
19:04 gram_schmidt: Removing linearly dependent vector 2
19:04 gram_schmidt: Removing linearly dependent vector 3
19:04 gram_schmidt: Removing linearly dependent vector 4
19:04 gram_schmidt: Removing linearly dependent vector 5
19:04 gram_schmidt: Removing linearly dependent vector 6
19:04 gram_schmidt: Removing linearly dependent vector 1
19:04 gram_schmidt: Removing linearly dependent vector 2
19:04 gram_schmidt: Removing linearly dependent vector 3
19:04 gram_schmidt: Removing linearly dependent vector 4
19:04 gram_schmidt: Removing linearly dependent vector 5
19:04 gram_schmidt: Removing linearly dependent vector 6
</system-err></testcase><testcase classname="src.pymortests.algorithms.gram_schmidt" file="src/pymortests/algorithms/gram_schmidt.py" line="42" name="test_gram_schmidt_with_product[&lt;lambda&gt;18]" time="0.04065299034118652"><system-err>19:04 DiffusionOperatorP1: Calulate gradients of shape functions transformed by reference map ...
19:04 DiffusionOperatorP1: Calculate all local scalar products beween gradients ...
19:04 DiffusionOperatorP1: Determine global dofs ...
19:04 DiffusionOperatorP1: Boundary treatment ...
19:04 DiffusionOperatorP1: Assemble system matrix ...
19:04 DiffusionOperatorP1: Calulate gradients of shape functions transformed by reference map ...
19:04 DiffusionOperatorP1: Calculate all local scalar products beween gradients ...
19:04 DiffusionOperatorP1: Determine global dofs ...
19:04 DiffusionOperatorP1: Boundary treatment ...
19:04 DiffusionOperatorP1: Assemble system matrix ...
19:04 DiffusionOperatorP1: Calulate gradients of shape functions transformed by reference map ...
19:04 DiffusionOperatorP1: Calculate all local scalar products beween gradients ...
19:04 DiffusionOperatorP1: Determine global dofs ...
19:04 DiffusionOperatorP1: Boundary treatment ...
19:04 DiffusionOperatorP1: Assemble system matrix ...
19:04 DiffusionOperatorP1: Calulate gradients of shape functions transformed by reference map ...
19:04 DiffusionOperatorP1: Calculate all local scalar products beween gradients ...
19:04 DiffusionOperatorP1: Determine global dofs ...
19:04 DiffusionOperatorP1: Boundary treatment ...
19:04 DiffusionOperatorP1: Assemble system matrix ...
19:04 DiffusionOperatorP1: Calulate gradients of shape functions transformed by reference map ...
19:04 DiffusionOperatorP1: Calculate all local scalar products beween gradients ...
19:04 DiffusionOperatorP1: Determine global dofs ...
19:04 DiffusionOperatorP1: Boundary treatment ...
19:04 DiffusionOperatorP1: Assemble system matrix ...
19:04 L2ProductP1: Integrate the products of the shape functions on each element
19:04 L2ProductP1: Determine global dofs ...
19:04 L2ProductP1: Boundary treatment ...
19:04 L2ProductP1: Assemble system matrix ...
19:04 DiffusionOperatorP1: Calulate gradients of shape functions transformed by reference map ...
19:04 DiffusionOperatorP1: Calculate all local scalar products beween gradients ...
19:04 DiffusionOperatorP1: Determine global dofs ...
19:04 DiffusionOperatorP1: Boundary treatment ...
19:04 DiffusionOperatorP1: Assemble system matrix ...
19:04 L2ProductP1: Integrate the products of the shape functions on each element
19:04 L2ProductP1: Determine global dofs ...
19:04 L2ProductP1: Boundary treatment ...
19:04 L2ProductP1: Assemble system matrix ...
19:04 DiffusionOperatorP1: Calulate gradients of shape functions transformed by reference map ...
19:04 DiffusionOperatorP1: Calculate all local scalar products beween gradients ...
19:04 DiffusionOperatorP1: Determine global dofs ...
19:04 DiffusionOperatorP1: Boundary treatment ...
19:04 DiffusionOperatorP1: Assemble system matrix ...
19:04 gram_schmidt: Orthonormalizing vector 1 again
19:04 gram_schmidt: Orthonormalizing vector 2 again
19:04 gram_schmidt: Orthonormalizing vector 3 again
19:04 gram_schmidt: Orthonormalizing vector 4 again
19:04 gram_schmidt: Removing linearly dependent vector 5
19:04 gram_schmidt: Orthonormalizing vector 1 again
19:04 gram_schmidt: Orthonormalizing vector 2 again
19:04 gram_schmidt: Orthonormalizing vector 3 again
19:04 gram_schmidt: Orthonormalizing vector 4 again
19:04 gram_schmidt: Removing linearly dependent vector 5
</system-err></testcase><testcase classname="src.pymortests.algorithms.gram_schmidt" file="src/pymortests/algorithms/gram_schmidt.py" line="42" name="test_gram_schmidt_with_product[&lt;lambda&gt;19]" time="0.03819584846496582"><system-err>19:04 DiffusionOperatorP1: Calulate gradients of shape functions transformed by reference map ...
19:04 DiffusionOperatorP1: Calculate all local scalar products beween gradients ...
19:04 DiffusionOperatorP1: Determine global dofs ...
19:04 DiffusionOperatorP1: Boundary treatment ...
19:04 DiffusionOperatorP1: Assemble system matrix ...
19:04 DiffusionOperatorP1: Calulate gradients of shape functions transformed by reference map ...
19:04 DiffusionOperatorP1: Calculate all local scalar products beween gradients ...
19:04 DiffusionOperatorP1: Determine global dofs ...
19:04 DiffusionOperatorP1: Boundary treatment ...
19:04 DiffusionOperatorP1: Assemble system matrix ...
19:04 L2ProductP1: Integrate the products of the shape functions on each element
19:04 L2ProductP1: Determine global dofs ...
19:04 L2ProductP1: Boundary treatment ...
19:04 L2ProductP1: Assemble system matrix ...
19:04 DiffusionOperatorP1: Calulate gradients of shape functions transformed by reference map ...
19:04 DiffusionOperatorP1: Calculate all local scalar products beween gradients ...
19:04 DiffusionOperatorP1: Determine global dofs ...
19:04 DiffusionOperatorP1: Boundary treatment ...
19:04 DiffusionOperatorP1: Assemble system matrix ...
19:04 L2ProductP1: Integrate the products of the shape functions on each element
19:04 L2ProductP1: Determine global dofs ...
19:04 L2ProductP1: Boundary treatment ...
19:04 L2ProductP1: Assemble system matrix ...
19:04 DiffusionOperatorP1: Calulate gradients of shape functions transformed by reference map ...
19:04 DiffusionOperatorP1: Calculate all local scalar products beween gradients ...
19:04 DiffusionOperatorP1: Determine global dofs ...
19:04 DiffusionOperatorP1: Boundary treatment ...
19:04 DiffusionOperatorP1: Assemble system matrix ...
19:04 gram_schmidt: Orthonormalizing vector 1 again
19:04 gram_schmidt: Orthonormalizing vector 2 again
19:04 gram_schmidt: Orthonormalizing vector 3 again
19:04 gram_schmidt: Orthonormalizing vector 4 again
19:04 gram_schmidt: Orthonormalizing vector 5 again
19:04 gram_schmidt: Orthonormalizing vector 1 again
19:04 gram_schmidt: Orthonormalizing vector 2 again
19:04 gram_schmidt: Orthonormalizing vector 3 again
19:04 gram_schmidt: Orthonormalizing vector 4 again
19:04 gram_schmidt: Orthonormalizing vector 5 again
</system-err></testcase><testcase classname="src.pymortests.algorithms.gram_schmidt" file="src/pymortests/algorithms/gram_schmidt.py" line="42" name="test_gram_schmidt_with_product[&lt;lambda&gt;20]" time="0.041471242904663086"><system-err>19:04 DiffusionOperatorP1: Calulate gradients of shape functions transformed by reference map ...
19:04 DiffusionOperatorP1: Calculate all local scalar products beween gradients ...
19:04 DiffusionOperatorP1: Determine global dofs ...
19:04 DiffusionOperatorP1: Boundary treatment ...
19:04 DiffusionOperatorP1: Assemble system matrix ...
19:04 DiffusionOperatorP1: Calulate gradients of shape functions transformed by reference map ...
19:04 DiffusionOperatorP1: Calculate all local scalar products beween gradients ...
19:04 DiffusionOperatorP1: Determine global dofs ...
19:04 DiffusionOperatorP1: Boundary treatment ...
19:04 DiffusionOperatorP1: Assemble system matrix ...
19:04 DiffusionOperatorP1: Calulate gradients of shape functions transformed by reference map ...
19:04 DiffusionOperatorP1: Calculate all local scalar products beween gradients ...
19:04 DiffusionOperatorP1: Determine global dofs ...
19:04 DiffusionOperatorP1: Boundary treatment ...
19:04 DiffusionOperatorP1: Assemble system matrix ...
19:04 DiffusionOperatorP1: Calulate gradients of shape functions transformed by reference map ...
19:04 DiffusionOperatorP1: Calculate all local scalar products beween gradients ...
19:04 DiffusionOperatorP1: Determine global dofs ...
19:04 DiffusionOperatorP1: Boundary treatment ...
19:04 DiffusionOperatorP1: Assemble system matrix ...
19:04 DiffusionOperatorP1: Calulate gradients of shape functions transformed by reference map ...
19:04 DiffusionOperatorP1: Calculate all local scalar products beween gradients ...
19:04 DiffusionOperatorP1: Determine global dofs ...
19:04 DiffusionOperatorP1: Boundary treatment ...
19:04 DiffusionOperatorP1: Assemble system matrix ...
19:04 L2ProductP1: Integrate the products of the shape functions on each element
19:04 L2ProductP1: Determine global dofs ...
19:04 L2ProductP1: Boundary treatment ...
19:04 L2ProductP1: Assemble system matrix ...
19:04 DiffusionOperatorP1: Calulate gradients of shape functions transformed by reference map ...
19:04 DiffusionOperatorP1: Calculate all local scalar products beween gradients ...
19:04 DiffusionOperatorP1: Determine global dofs ...
19:04 DiffusionOperatorP1: Boundary treatment ...
19:04 DiffusionOperatorP1: Assemble system matrix ...
19:04 L2ProductP1: Integrate the products of the shape functions on each element
19:04 L2ProductP1: Determine global dofs ...
19:04 L2ProductP1: Boundary treatment ...
19:04 L2ProductP1: Assemble system matrix ...
19:04 DiffusionOperatorP1: Calulate gradients of shape functions transformed by reference map ...
19:04 DiffusionOperatorP1: Calculate all local scalar products beween gradients ...
19:04 DiffusionOperatorP1: Determine global dofs ...
19:04 DiffusionOperatorP1: Boundary treatment ...
19:04 DiffusionOperatorP1: Assemble system matrix ...
19:04 gram_schmidt: Orthonormalizing vector 1 again
19:04 gram_schmidt: Orthonormalizing vector 2 again
19:04 gram_schmidt: Orthonormalizing vector 3 again
19:04 gram_schmidt: Orthonormalizing vector 4 again
19:04 gram_schmidt: Removing linearly dependent vector 5
19:04 gram_schmidt: Orthonormalizing vector 1 again
19:04 gram_schmidt: Orthonormalizing vector 2 again
19:04 gram_schmidt: Orthonormalizing vector 3 again
19:04 gram_schmidt: Orthonormalizing vector 4 again
19:04 gram_schmidt: Removing linearly dependent vector 5
</system-err></testcase><testcase classname="src.pymortests.algorithms.gram_schmidt" file="src/pymortests/algorithms/gram_schmidt.py" line="42" name="test_gram_schmidt_with_product[&lt;lambda&gt;21]" time="0.041034698486328125"><system-err>19:04 DiffusionOperatorP1: Calulate gradients of shape functions transformed by reference map ...
19:04 DiffusionOperatorP1: Calculate all local scalar products beween gradients ...
19:04 DiffusionOperatorP1: Determine global dofs ...
19:04 DiffusionOperatorP1: Boundary treatment ...
19:04 DiffusionOperatorP1: Assemble system matrix ...
19:04 DiffusionOperatorP1: Calulate gradients of shape functions transformed by reference map ...
19:04 DiffusionOperatorP1: Calculate all local scalar products beween gradients ...
19:04 DiffusionOperatorP1: Determine global dofs ...
19:04 DiffusionOperatorP1: Boundary treatment ...
19:04 DiffusionOperatorP1: Assemble system matrix ...
19:04 L2ProductP1: Integrate the products of the shape functions on each element
19:04 L2ProductP1: Determine global dofs ...
19:04 L2ProductP1: Boundary treatment ...
19:04 L2ProductP1: Assemble system matrix ...
19:04 DiffusionOperatorP1: Calulate gradients of shape functions transformed by reference map ...
19:04 DiffusionOperatorP1: Calculate all local scalar products beween gradients ...
19:04 DiffusionOperatorP1: Determine global dofs ...
19:04 DiffusionOperatorP1: Boundary treatment ...
19:04 DiffusionOperatorP1: Assemble system matrix ...
19:04 L2ProductP1: Integrate the products of the shape functions on each element
19:04 L2ProductP1: Determine global dofs ...
19:04 L2ProductP1: Boundary treatment ...
19:04 L2ProductP1: Assemble system matrix ...
19:04 DiffusionOperatorP1: Calulate gradients of shape functions transformed by reference map ...
19:04 DiffusionOperatorP1: Calculate all local scalar products beween gradients ...
19:04 DiffusionOperatorP1: Determine global dofs ...
19:04 DiffusionOperatorP1: Boundary treatment ...
19:04 DiffusionOperatorP1: Assemble system matrix ...
19:04 gram_schmidt: Orthonormalizing vector 1 again
19:04 gram_schmidt: Orthonormalizing vector 2 again
19:04 gram_schmidt: Orthonormalizing vector 3 again
19:04 gram_schmidt: Orthonormalizing vector 4 again
19:04 gram_schmidt: Orthonormalizing vector 5 again
19:04 gram_schmidt: Orthonormalizing vector 1 again
19:04 gram_schmidt: Orthonormalizing vector 2 again
19:04 gram_schmidt: Orthonormalizing vector 3 again
19:04 gram_schmidt: Orthonormalizing vector 4 again
19:04 gram_schmidt: Orthonormalizing vector 5 again
</system-err></testcase><testcase classname="src.pymortests.algorithms.gram_schmidt" file="src/pymortests/algorithms/gram_schmidt.py" line="42" name="test_gram_schmidt_with_product[&lt;lambda&gt;22]" time="0.03792762756347656"><system-err>19:04 DiffusionOperatorP1: Calulate gradients of shape functions transformed by reference map ...
19:04 DiffusionOperatorP1: Calculate all local scalar products beween gradients ...
19:04 DiffusionOperatorP1: Determine global dofs ...
19:04 DiffusionOperatorP1: Boundary treatment ...
19:04 DiffusionOperatorP1: Assemble system matrix ...
19:04 DiffusionOperatorP1: Calulate gradients of shape functions transformed by reference map ...
19:04 DiffusionOperatorP1: Calculate all local scalar products beween gradients ...
19:04 DiffusionOperatorP1: Determine global dofs ...
19:04 DiffusionOperatorP1: Boundary treatment ...
19:04 DiffusionOperatorP1: Assemble system matrix ...
19:04 DiffusionOperatorP1: Calulate gradients of shape functions transformed by reference map ...
19:04 DiffusionOperatorP1: Calculate all local scalar products beween gradients ...
19:04 DiffusionOperatorP1: Determine global dofs ...
19:04 DiffusionOperatorP1: Boundary treatment ...
19:04 DiffusionOperatorP1: Assemble system matrix ...
19:04 DiffusionOperatorP1: Calulate gradients of shape functions transformed by reference map ...
19:04 DiffusionOperatorP1: Calculate all local scalar products beween gradients ...
19:04 DiffusionOperatorP1: Determine global dofs ...
19:04 DiffusionOperatorP1: Boundary treatment ...
19:04 DiffusionOperatorP1: Assemble system matrix ...
19:04 DiffusionOperatorP1: Calulate gradients of shape functions transformed by reference map ...
19:04 DiffusionOperatorP1: Calculate all local scalar products beween gradients ...
19:04 DiffusionOperatorP1: Determine global dofs ...
19:04 DiffusionOperatorP1: Boundary treatment ...
19:04 DiffusionOperatorP1: Assemble system matrix ...
19:04 L2ProductP1: Integrate the products of the shape functions on each element
19:04 L2ProductP1: Determine global dofs ...
19:04 L2ProductP1: Boundary treatment ...
19:04 L2ProductP1: Assemble system matrix ...
19:04 DiffusionOperatorP1: Calulate gradients of shape functions transformed by reference map ...
19:04 DiffusionOperatorP1: Calculate all local scalar products beween gradients ...
19:04 DiffusionOperatorP1: Determine global dofs ...
19:04 DiffusionOperatorP1: Boundary treatment ...
19:04 DiffusionOperatorP1: Assemble system matrix ...
19:04 L2ProductP1: Integrate the products of the shape functions on each element
19:04 L2ProductP1: Determine global dofs ...
19:04 L2ProductP1: Boundary treatment ...
19:04 L2ProductP1: Assemble system matrix ...
19:04 DiffusionOperatorP1: Calulate gradients of shape functions transformed by reference map ...
19:04 DiffusionOperatorP1: Calculate all local scalar products beween gradients ...
19:04 DiffusionOperatorP1: Determine global dofs ...
19:04 DiffusionOperatorP1: Boundary treatment ...
19:04 DiffusionOperatorP1: Assemble system matrix ...
19:04 gram_schmidt: Orthonormalizing vector 3 again
19:04 gram_schmidt: Orthonormalizing vector 4 again
19:04 gram_schmidt: Orthonormalizing vector 3 again
19:04 gram_schmidt: Orthonormalizing vector 4 again
</system-err></testcase><testcase classname="src.pymortests.algorithms.gram_schmidt" file="src/pymortests/algorithms/gram_schmidt.py" line="42" name="test_gram_schmidt_with_product[&lt;lambda&gt;23]" time="0.03519105911254883"><system-err>19:04 DiffusionOperatorP1: Calulate gradients of shape functions transformed by reference map ...
19:04 DiffusionOperatorP1: Calculate all local scalar products beween gradients ...
19:04 DiffusionOperatorP1: Determine global dofs ...
19:04 DiffusionOperatorP1: Boundary treatment ...
19:04 DiffusionOperatorP1: Assemble system matrix ...
19:04 DiffusionOperatorP1: Calulate gradients of shape functions transformed by reference map ...
19:04 DiffusionOperatorP1: Calculate all local scalar products beween gradients ...
19:04 DiffusionOperatorP1: Determine global dofs ...
19:04 DiffusionOperatorP1: Boundary treatment ...
19:04 DiffusionOperatorP1: Assemble system matrix ...
19:04 L2ProductP1: Integrate the products of the shape functions on each element
19:04 L2ProductP1: Determine global dofs ...
19:04 L2ProductP1: Boundary treatment ...
19:04 L2ProductP1: Assemble system matrix ...
19:04 DiffusionOperatorP1: Calulate gradients of shape functions transformed by reference map ...
19:04 DiffusionOperatorP1: Calculate all local scalar products beween gradients ...
19:04 DiffusionOperatorP1: Determine global dofs ...
19:04 DiffusionOperatorP1: Boundary treatment ...
19:04 DiffusionOperatorP1: Assemble system matrix ...
19:04 L2ProductP1: Integrate the products of the shape functions on each element
19:04 L2ProductP1: Determine global dofs ...
19:04 L2ProductP1: Boundary treatment ...
19:04 L2ProductP1: Assemble system matrix ...
19:04 DiffusionOperatorP1: Calulate gradients of shape functions transformed by reference map ...
19:04 DiffusionOperatorP1: Calculate all local scalar products beween gradients ...
19:04 DiffusionOperatorP1: Determine global dofs ...
19:04 DiffusionOperatorP1: Boundary treatment ...
19:04 DiffusionOperatorP1: Assemble system matrix ...
19:04 gram_schmidt: Orthonormalizing vector 1 again
19:04 gram_schmidt: Orthonormalizing vector 2 again
19:04 gram_schmidt: Orthonormalizing vector 3 again
19:04 gram_schmidt: Orthonormalizing vector 4 again
19:04 gram_schmidt: Orthonormalizing vector 1 again
19:04 gram_schmidt: Orthonormalizing vector 2 again
19:04 gram_schmidt: Orthonormalizing vector 3 again
19:04 gram_schmidt: Orthonormalizing vector 4 again
</system-err></testcase><testcase classname="src.pymortests.algorithms.gram_schmidt" file="src/pymortests/algorithms/gram_schmidt.py" line="42" name="test_gram_schmidt_with_product[&lt;lambda&gt;24]" time="0.010647296905517578"><system-err>19:04 gram_schmidt: Orthonormalizing vector 1 again
19:04 gram_schmidt: Orthonormalizing vector 2 again
19:04 gram_schmidt: Orthonormalizing vector 3 again
19:04 gram_schmidt: Orthonormalizing vector 1 again
19:04 gram_schmidt: Orthonormalizing vector 2 again
19:04 gram_schmidt: Orthonormalizing vector 3 again
</system-err></testcase><testcase classname="src.pymortests.algorithms.gram_schmidt" file="src/pymortests/algorithms/gram_schmidt.py" line="42" name="test_gram_schmidt_with_product[&lt;lambda&gt;25]" time="0.0104522705078125"><system-err>19:04 gram_schmidt: Orthonormalizing vector 1 again
19:04 gram_schmidt: Orthonormalizing vector 2 again
19:04 gram_schmidt: Orthonormalizing vector 3 again
19:04 gram_schmidt: Orthonormalizing vector 1 again
19:04 gram_schmidt: Orthonormalizing vector 2 again
19:04 gram_schmidt: Orthonormalizing vector 3 again
</system-err></testcase><testcase classname="src.pymortests.algorithms.gram_schmidt" file="src/pymortests/algorithms/gram_schmidt.py" line="42" name="test_gram_schmidt_with_product[&lt;lambda&gt;26]" time="0.01054692268371582"><system-err>19:04 gram_schmidt: Orthonormalizing vector 1 again
19:04 gram_schmidt: Orthonormalizing vector 2 again
19:04 gram_schmidt: Orthonormalizing vector 3 again
19:04 gram_schmidt: Orthonormalizing vector 1 again
19:04 gram_schmidt: Orthonormalizing vector 2 again
19:04 gram_schmidt: Orthonormalizing vector 3 again
</system-err></testcase><testcase classname="src.pymortests.algorithms.gram_schmidt" file="src/pymortests/algorithms/gram_schmidt.py" line="42" name="test_gram_schmidt_with_product[&lt;lambda&gt;27]" time="0.006433248519897461"></testcase><testcase classname="src.pymortests.algorithms.gram_schmidt" file="src/pymortests/algorithms/gram_schmidt.py" line="42" name="test_gram_schmidt_with_product[&lt;lambda&gt;28]" time="0.00680232048034668"><system-err>19:04 gram_schmidt: Orthonormalizing vector 1 again
19:04 gram_schmidt: Orthonormalizing vector 2 again
19:04 gram_schmidt: Orthonormalizing vector 1 again
19:04 gram_schmidt: Orthonormalizing vector 2 again
</system-err></testcase><testcase classname="src.pymortests.algorithms.gram_schmidt" file="src/pymortests/algorithms/gram_schmidt.py" line="42" name="test_gram_schmidt_with_product[&lt;lambda&gt;29]" time="0.006633758544921875"><system-err>19:04 gram_schmidt: Orthonormalizing vector 1 again
19:04 gram_schmidt: Orthonormalizing vector 2 again
19:04 gram_schmidt: Orthonormalizing vector 1 again
19:04 gram_schmidt: Orthonormalizing vector 2 again
</system-err></testcase><testcase classname="src.pymortests.algorithms.gram_schmidt" file="src/pymortests/algorithms/gram_schmidt.py" line="42" name="test_gram_schmidt_with_product[&lt;lambda&gt;30]" time="0.006049633026123047"><system-err>19:04 gram_schmidt: Orthonormalizing vector 1 again
19:04 gram_schmidt: Orthonormalizing vector 2 again
19:04 gram_schmidt: Orthonormalizing vector 1 again
19:04 gram_schmidt: Orthonormalizing vector 2 again
</system-err></testcase><testcase classname="src.pymortests.algorithms.gram_schmidt" file="src/pymortests/algorithms/gram_schmidt.py" line="42" name="test_gram_schmidt_with_product[&lt;lambda&gt;31]" time="0.006016731262207031"><system-err>19:04 gram_schmidt: Orthonormalizing vector 1 again
19:04 gram_schmidt: Orthonormalizing vector 2 again
19:04 gram_schmidt: Orthonormalizing vector 1 again
19:04 gram_schmidt: Orthonormalizing vector 2 again
</system-err></testcase><testcase classname="src.pymortests.algorithms.gram_schmidt" file="src/pymortests/algorithms/gram_schmidt.py" line="42" name="test_gram_schmidt_with_product[&lt;lambda&gt;32]" time="0.021072864532470703"><system-err>19:04 gram_schmidt: Orthonormalizing vector 3 again
19:04 gram_schmidt: Orthonormalizing vector 3 again
</system-err></testcase><testcase classname="src.pymortests.algorithms.gram_schmidt" file="src/pymortests/algorithms/gram_schmidt.py" line="42" name="test_gram_schmidt_with_product[&lt;lambda&gt;33]" time="0.017296314239501953"><system-err>19:04 gram_schmidt: Orthonormalizing vector 3 again
19:04 gram_schmidt: Orthonormalizing vector 3 again
</system-err></testcase><testcase classname="src.pymortests.algorithms.gram_schmidt" file="src/pymortests/algorithms/gram_schmidt.py" line="42" name="test_gram_schmidt_with_product[&lt;lambda&gt;34]" time="0.010797262191772461"><system-err>19:04 gram_schmidt: Orthonormalizing vector 1 again
19:04 gram_schmidt: Orthonormalizing vector 2 again
19:04 gram_schmidt: Orthonormalizing vector 3 again
19:04 gram_schmidt: Orthonormalizing vector 1 again
19:04 gram_schmidt: Orthonormalizing vector 2 again
19:04 gram_schmidt: Orthonormalizing vector 3 again
</system-err></testcase><testcase classname="src.pymortests.algorithms.gram_schmidt" file="src/pymortests/algorithms/gram_schmidt.py" line="42" name="test_gram_schmidt_with_product[&lt;lambda&gt;35]" time="0.018998384475708008"><system-err>19:04 gram_schmidt: Orthonormalizing vector 2 again
19:04 gram_schmidt: Orthonormalizing vector 3 again
19:04 gram_schmidt: Orthonormalizing vector 2 again
19:04 gram_schmidt: Orthonormalizing vector 3 again
</system-err></testcase><testcase classname="src.pymortests.algorithms.gram_schmidt" file="src/pymortests/algorithms/gram_schmidt.py" line="42" name="test_gram_schmidt_with_product[&lt;lambda&gt;36]" time="0.01047515869140625"><system-err>19:04 gram_schmidt: Orthonormalizing vector 1 again
19:04 gram_schmidt: Orthonormalizing vector 2 again
19:04 gram_schmidt: Orthonormalizing vector 3 again
19:04 gram_schmidt: Orthonormalizing vector 1 again
19:04 gram_schmidt: Orthonormalizing vector 2 again
19:04 gram_schmidt: Orthonormalizing vector 3 again
</system-err></testcase><testcase classname="src.pymortests.algorithms.gram_schmidt" file="src/pymortests/algorithms/gram_schmidt.py" line="56" name="test_gram_schmidt_with_product_and_R[&lt;lambda&gt;0]" time="0.03827977180480957"><system-err>19:04 DiffusionOperatorP1: Calulate gradients of shape functions transformed by reference map ...
19:04 DiffusionOperatorP1: Calculate all local scalar products beween gradients ...
19:04 DiffusionOperatorP1: Determine global dofs ...
19:04 DiffusionOperatorP1: Boundary treatment ...
19:04 DiffusionOperatorP1: Assemble system matrix ...
19:04 DiffusionOperatorP1: Calulate gradients of shape functions transformed by reference map ...
19:04 DiffusionOperatorP1: Calculate all local scalar products beween gradients ...
19:04 DiffusionOperatorP1: Determine global dofs ...
19:04 DiffusionOperatorP1: Boundary treatment ...
19:04 DiffusionOperatorP1: Assemble system matrix ...
19:04 DiffusionOperatorP1: Calulate gradients of shape functions transformed by reference map ...
19:04 DiffusionOperatorP1: Calculate all local scalar products beween gradients ...
19:04 DiffusionOperatorP1: Determine global dofs ...
19:04 DiffusionOperatorP1: Boundary treatment ...
19:04 DiffusionOperatorP1: Assemble system matrix ...
19:04 DiffusionOperatorP1: Calulate gradients of shape functions transformed by reference map ...
19:04 DiffusionOperatorP1: Calculate all local scalar products beween gradients ...
19:04 DiffusionOperatorP1: Determine global dofs ...
19:04 DiffusionOperatorP1: Boundary treatment ...
19:04 DiffusionOperatorP1: Assemble system matrix ...
19:04 DiffusionOperatorP1: Calulate gradients of shape functions transformed by reference map ...
19:04 DiffusionOperatorP1: Calculate all local scalar products beween gradients ...
19:04 DiffusionOperatorP1: Determine global dofs ...
19:04 DiffusionOperatorP1: Boundary treatment ...
19:04 DiffusionOperatorP1: Assemble system matrix ...
19:04 L2ProductP1: Integrate the products of the shape functions on each element
19:04 L2ProductP1: Determine global dofs ...
19:04 L2ProductP1: Boundary treatment ...
19:04 L2ProductP1: Assemble system matrix ...
19:04 DiffusionOperatorP1: Calulate gradients of shape functions transformed by reference map ...
19:04 DiffusionOperatorP1: Calculate all local scalar products beween gradients ...
19:04 DiffusionOperatorP1: Determine global dofs ...
19:04 DiffusionOperatorP1: Boundary treatment ...
19:04 DiffusionOperatorP1: Assemble system matrix ...
19:04 L2ProductP1: Integrate the products of the shape functions on each element
19:04 L2ProductP1: Determine global dofs ...
19:04 L2ProductP1: Boundary treatment ...
19:04 L2ProductP1: Assemble system matrix ...
19:04 DiffusionOperatorP1: Calulate gradients of shape functions transformed by reference map ...
19:04 DiffusionOperatorP1: Calculate all local scalar products beween gradients ...
19:04 DiffusionOperatorP1: Determine global dofs ...
19:04 DiffusionOperatorP1: Boundary treatment ...
19:04 DiffusionOperatorP1: Assemble system matrix ...
19:04 gram_schmidt: Orthonormalizing vector 3 again
19:04 gram_schmidt: Orthonormalizing vector 4 again
19:04 gram_schmidt: Orthonormalizing vector 3 again
19:04 gram_schmidt: Orthonormalizing vector 4 again
</system-err></testcase><testcase classname="src.pymortests.algorithms.gram_schmidt" file="src/pymortests/algorithms/gram_schmidt.py" line="56" name="test_gram_schmidt_with_product_and_R[&lt;lambda&gt;1]" time="0.03470969200134277"><system-err>19:04 DiffusionOperatorP1: Calulate gradients of shape functions transformed by reference map ...
19:04 DiffusionOperatorP1: Calculate all local scalar products beween gradients ...
19:04 DiffusionOperatorP1: Determine global dofs ...
19:04 DiffusionOperatorP1: Boundary treatment ...
19:04 DiffusionOperatorP1: Assemble system matrix ...
19:04 DiffusionOperatorP1: Calulate gradients of shape functions transformed by reference map ...
19:04 DiffusionOperatorP1: Calculate all local scalar products beween gradients ...
19:04 DiffusionOperatorP1: Determine global dofs ...
19:04 DiffusionOperatorP1: Boundary treatment ...
19:04 DiffusionOperatorP1: Assemble system matrix ...
19:04 L2ProductP1: Integrate the products of the shape functions on each element
19:04 L2ProductP1: Determine global dofs ...
19:04 L2ProductP1: Boundary treatment ...
19:04 L2ProductP1: Assemble system matrix ...
19:04 DiffusionOperatorP1: Calulate gradients of shape functions transformed by reference map ...
19:04 DiffusionOperatorP1: Calculate all local scalar products beween gradients ...
19:04 DiffusionOperatorP1: Determine global dofs ...
19:04 DiffusionOperatorP1: Boundary treatment ...
19:04 DiffusionOperatorP1: Assemble system matrix ...
19:04 L2ProductP1: Integrate the products of the shape functions on each element
19:04 L2ProductP1: Determine global dofs ...
19:04 L2ProductP1: Boundary treatment ...
19:04 L2ProductP1: Assemble system matrix ...
19:04 DiffusionOperatorP1: Calulate gradients of shape functions transformed by reference map ...
19:04 DiffusionOperatorP1: Calculate all local scalar products beween gradients ...
19:04 DiffusionOperatorP1: Determine global dofs ...
19:04 DiffusionOperatorP1: Boundary treatment ...
19:04 DiffusionOperatorP1: Assemble system matrix ...
19:04 gram_schmidt: Orthonormalizing vector 1 again
19:04 gram_schmidt: Orthonormalizing vector 2 again
19:04 gram_schmidt: Orthonormalizing vector 3 again
19:04 gram_schmidt: Orthonormalizing vector 4 again
19:04 gram_schmidt: Orthonormalizing vector 1 again
19:04 gram_schmidt: Orthonormalizing vector 2 again
19:04 gram_schmidt: Orthonormalizing vector 3 again
19:04 gram_schmidt: Orthonormalizing vector 4 again
</system-err></testcase><testcase classname="src.pymortests.algorithms.gram_schmidt" file="src/pymortests/algorithms/gram_schmidt.py" line="56" name="test_gram_schmidt_with_product_and_R[&lt;lambda&gt;2]" time="0.039977073669433594"><system-err>19:04 DiffusionOperatorP1: Calulate gradients of shape functions transformed by reference map ...
19:04 DiffusionOperatorP1: Calculate all local scalar products beween gradients ...
19:04 DiffusionOperatorP1: Determine global dofs ...
19:04 DiffusionOperatorP1: Boundary treatment ...
19:04 DiffusionOperatorP1: Assemble system matrix ...
19:04 DiffusionOperatorP1: Calulate gradients of shape functions transformed by reference map ...
19:04 DiffusionOperatorP1: Calculate all local scalar products beween gradients ...
19:04 DiffusionOperatorP1: Determine global dofs ...
19:04 DiffusionOperatorP1: Boundary treatment ...
19:04 DiffusionOperatorP1: Assemble system matrix ...
19:04 DiffusionOperatorP1: Calulate gradients of shape functions transformed by reference map ...
19:04 DiffusionOperatorP1: Calculate all local scalar products beween gradients ...
19:04 DiffusionOperatorP1: Determine global dofs ...
19:04 DiffusionOperatorP1: Boundary treatment ...
19:04 DiffusionOperatorP1: Assemble system matrix ...
19:04 DiffusionOperatorP1: Calulate gradients of shape functions transformed by reference map ...
19:04 DiffusionOperatorP1: Calculate all local scalar products beween gradients ...
19:04 DiffusionOperatorP1: Determine global dofs ...
19:04 DiffusionOperatorP1: Boundary treatment ...
19:04 DiffusionOperatorP1: Assemble system matrix ...
19:04 DiffusionOperatorP1: Calulate gradients of shape functions transformed by reference map ...
19:04 DiffusionOperatorP1: Calculate all local scalar products beween gradients ...
19:04 DiffusionOperatorP1: Determine global dofs ...
19:04 DiffusionOperatorP1: Boundary treatment ...
19:04 DiffusionOperatorP1: Assemble system matrix ...
19:04 L2ProductP1: Integrate the products of the shape functions on each element
19:04 L2ProductP1: Determine global dofs ...
19:04 L2ProductP1: Boundary treatment ...
19:04 L2ProductP1: Assemble system matrix ...
19:04 DiffusionOperatorP1: Calulate gradients of shape functions transformed by reference map ...
19:04 DiffusionOperatorP1: Calculate all local scalar products beween gradients ...
19:04 DiffusionOperatorP1: Determine global dofs ...
19:04 DiffusionOperatorP1: Boundary treatment ...
19:04 DiffusionOperatorP1: Assemble system matrix ...
19:04 L2ProductP1: Integrate the products of the shape functions on each element
19:04 L2ProductP1: Determine global dofs ...
19:04 L2ProductP1: Boundary treatment ...
19:04 L2ProductP1: Assemble system matrix ...
19:04 DiffusionOperatorP1: Calulate gradients of shape functions transformed by reference map ...
19:04 DiffusionOperatorP1: Calculate all local scalar products beween gradients ...
19:04 DiffusionOperatorP1: Determine global dofs ...
19:04 DiffusionOperatorP1: Boundary treatment ...
19:04 DiffusionOperatorP1: Assemble system matrix ...
19:04 gram_schmidt: Orthonormalizing vector 3 again
19:04 gram_schmidt: Orthonormalizing vector 4 again
19:04 gram_schmidt: Orthonormalizing vector 3 again
19:04 gram_schmidt: Orthonormalizing vector 4 again
</system-err></testcase><testcase classname="src.pymortests.algorithms.gram_schmidt" file="src/pymortests/algorithms/gram_schmidt.py" line="56" name="test_gram_schmidt_with_product_and_R[&lt;lambda&gt;3]" time="0.03539896011352539"><system-err>19:04 DiffusionOperatorP1: Calulate gradients of shape functions transformed by reference map ...
19:04 DiffusionOperatorP1: Calculate all local scalar products beween gradients ...
19:04 DiffusionOperatorP1: Determine global dofs ...
19:04 DiffusionOperatorP1: Boundary treatment ...
19:04 DiffusionOperatorP1: Assemble system matrix ...
19:04 DiffusionOperatorP1: Calulate gradients of shape functions transformed by reference map ...
19:04 DiffusionOperatorP1: Calculate all local scalar products beween gradients ...
19:04 DiffusionOperatorP1: Determine global dofs ...
19:04 DiffusionOperatorP1: Boundary treatment ...
19:04 DiffusionOperatorP1: Assemble system matrix ...
19:04 L2ProductP1: Integrate the products of the shape functions on each element
19:04 L2ProductP1: Determine global dofs ...
19:04 L2ProductP1: Boundary treatment ...
19:04 L2ProductP1: Assemble system matrix ...
19:04 DiffusionOperatorP1: Calulate gradients of shape functions transformed by reference map ...
19:04 DiffusionOperatorP1: Calculate all local scalar products beween gradients ...
19:04 DiffusionOperatorP1: Determine global dofs ...
19:04 DiffusionOperatorP1: Boundary treatment ...
19:04 DiffusionOperatorP1: Assemble system matrix ...
19:04 L2ProductP1: Integrate the products of the shape functions on each element
19:04 L2ProductP1: Determine global dofs ...
19:04 L2ProductP1: Boundary treatment ...
19:04 L2ProductP1: Assemble system matrix ...
19:04 DiffusionOperatorP1: Calulate gradients of shape functions transformed by reference map ...
19:04 DiffusionOperatorP1: Calculate all local scalar products beween gradients ...
19:04 DiffusionOperatorP1: Determine global dofs ...
19:04 DiffusionOperatorP1: Boundary treatment ...
19:04 DiffusionOperatorP1: Assemble system matrix ...
19:04 gram_schmidt: Orthonormalizing vector 1 again
19:04 gram_schmidt: Orthonormalizing vector 2 again
19:04 gram_schmidt: Orthonormalizing vector 3 again
19:04 gram_schmidt: Orthonormalizing vector 4 again
19:04 gram_schmidt: Orthonormalizing vector 1 again
19:04 gram_schmidt: Orthonormalizing vector 2 again
19:04 gram_schmidt: Orthonormalizing vector 3 again
19:04 gram_schmidt: Orthonormalizing vector 4 again
</system-err></testcase><testcase classname="src.pymortests.algorithms.gram_schmidt" file="src/pymortests/algorithms/gram_schmidt.py" line="56" name="test_gram_schmidt_with_product_and_R[&lt;lambda&gt;4]" time="0.0392305850982666"><system-err>19:04 DiffusionOperatorP1: Calulate gradients of shape functions transformed by reference map ...
19:04 DiffusionOperatorP1: Calculate all local scalar products beween gradients ...
19:04 DiffusionOperatorP1: Determine global dofs ...
19:04 DiffusionOperatorP1: Boundary treatment ...
19:04 DiffusionOperatorP1: Assemble system matrix ...
19:04 DiffusionOperatorP1: Calulate gradients of shape functions transformed by reference map ...
19:04 DiffusionOperatorP1: Calculate all local scalar products beween gradients ...
19:04 DiffusionOperatorP1: Determine global dofs ...
19:04 DiffusionOperatorP1: Boundary treatment ...
19:04 DiffusionOperatorP1: Assemble system matrix ...
19:04 DiffusionOperatorP1: Calulate gradients of shape functions transformed by reference map ...
19:04 DiffusionOperatorP1: Calculate all local scalar products beween gradients ...
19:04 DiffusionOperatorP1: Determine global dofs ...
19:04 DiffusionOperatorP1: Boundary treatment ...
19:04 DiffusionOperatorP1: Assemble system matrix ...
19:04 DiffusionOperatorP1: Calulate gradients of shape functions transformed by reference map ...
19:04 DiffusionOperatorP1: Calculate all local scalar products beween gradients ...
19:04 DiffusionOperatorP1: Determine global dofs ...
19:04 DiffusionOperatorP1: Boundary treatment ...
19:04 DiffusionOperatorP1: Assemble system matrix ...
19:04 DiffusionOperatorP1: Calulate gradients of shape functions transformed by reference map ...
19:04 DiffusionOperatorP1: Calculate all local scalar products beween gradients ...
19:04 DiffusionOperatorP1: Determine global dofs ...
19:04 DiffusionOperatorP1: Boundary treatment ...
19:04 DiffusionOperatorP1: Assemble system matrix ...
19:04 L2ProductP1: Integrate the products of the shape functions on each element
19:04 L2ProductP1: Determine global dofs ...
19:04 L2ProductP1: Boundary treatment ...
19:04 L2ProductP1: Assemble system matrix ...
19:04 DiffusionOperatorP1: Calulate gradients of shape functions transformed by reference map ...
19:04 DiffusionOperatorP1: Calculate all local scalar products beween gradients ...
19:04 DiffusionOperatorP1: Determine global dofs ...
19:04 DiffusionOperatorP1: Boundary treatment ...
19:04 DiffusionOperatorP1: Assemble system matrix ...
19:04 L2ProductP1: Integrate the products of the shape functions on each element
19:04 L2ProductP1: Determine global dofs ...
19:04 L2ProductP1: Boundary treatment ...
19:04 L2ProductP1: Assemble system matrix ...
19:04 DiffusionOperatorP1: Calulate gradients of shape functions transformed by reference map ...
19:04 DiffusionOperatorP1: Calculate all local scalar products beween gradients ...
19:04 DiffusionOperatorP1: Determine global dofs ...
19:04 DiffusionOperatorP1: Boundary treatment ...
19:04 DiffusionOperatorP1: Assemble system matrix ...
19:04 gram_schmidt: Orthonormalizing vector 3 again
19:04 gram_schmidt: Orthonormalizing vector 4 again
19:04 gram_schmidt: Orthonormalizing vector 3 again
19:04 gram_schmidt: Orthonormalizing vector 4 again
</system-err></testcase><testcase classname="src.pymortests.algorithms.gram_schmidt" file="src/pymortests/algorithms/gram_schmidt.py" line="56" name="test_gram_schmidt_with_product_and_R[&lt;lambda&gt;5]" time="0.03851675987243652"><system-err>19:05 DiffusionOperatorP1: Calulate gradients of shape functions transformed by reference map ...
19:05 DiffusionOperatorP1: Calculate all local scalar products beween gradients ...
19:05 DiffusionOperatorP1: Determine global dofs ...
19:05 DiffusionOperatorP1: Boundary treatment ...
19:05 DiffusionOperatorP1: Assemble system matrix ...
19:05 DiffusionOperatorP1: Calulate gradients of shape functions transformed by reference map ...
19:05 DiffusionOperatorP1: Calculate all local scalar products beween gradients ...
19:05 DiffusionOperatorP1: Determine global dofs ...
19:05 DiffusionOperatorP1: Boundary treatment ...
19:05 DiffusionOperatorP1: Assemble system matrix ...
19:05 L2ProductP1: Integrate the products of the shape functions on each element
19:05 L2ProductP1: Determine global dofs ...
19:05 L2ProductP1: Boundary treatment ...
19:05 L2ProductP1: Assemble system matrix ...
19:05 DiffusionOperatorP1: Calulate gradients of shape functions transformed by reference map ...
19:05 DiffusionOperatorP1: Calculate all local scalar products beween gradients ...
19:05 DiffusionOperatorP1: Determine global dofs ...
19:05 DiffusionOperatorP1: Boundary treatment ...
19:05 DiffusionOperatorP1: Assemble system matrix ...
19:05 L2ProductP1: Integrate the products of the shape functions on each element
19:05 L2ProductP1: Determine global dofs ...
19:05 L2ProductP1: Boundary treatment ...
19:05 L2ProductP1: Assemble system matrix ...
19:05 DiffusionOperatorP1: Calulate gradients of shape functions transformed by reference map ...
19:05 DiffusionOperatorP1: Calculate all local scalar products beween gradients ...
19:05 DiffusionOperatorP1: Determine global dofs ...
19:05 DiffusionOperatorP1: Boundary treatment ...
19:05 DiffusionOperatorP1: Assemble system matrix ...
19:05 gram_schmidt: Orthonormalizing vector 1 again
19:05 gram_schmidt: Orthonormalizing vector 2 again
19:05 gram_schmidt: Orthonormalizing vector 3 again
19:05 gram_schmidt: Orthonormalizing vector 4 again
19:05 gram_schmidt: Orthonormalizing vector 1 again
19:05 gram_schmidt: Orthonormalizing vector 2 again
19:05 gram_schmidt: Orthonormalizing vector 3 again
19:05 gram_schmidt: Orthonormalizing vector 4 again
</system-err></testcase><testcase classname="src.pymortests.algorithms.gram_schmidt" file="src/pymortests/algorithms/gram_schmidt.py" line="56" name="test_gram_schmidt_with_product_and_R[&lt;lambda&gt;6]" time="0.0380861759185791"><system-err>19:05 DiffusionOperatorP1: Calulate gradients of shape functions transformed by reference map ...
19:05 DiffusionOperatorP1: Calculate all local scalar products beween gradients ...
19:05 DiffusionOperatorP1: Determine global dofs ...
19:05 DiffusionOperatorP1: Boundary treatment ...
19:05 DiffusionOperatorP1: Assemble system matrix ...
19:05 DiffusionOperatorP1: Calulate gradients of shape functions transformed by reference map ...
19:05 DiffusionOperatorP1: Calculate all local scalar products beween gradients ...
19:05 DiffusionOperatorP1: Determine global dofs ...
19:05 DiffusionOperatorP1: Boundary treatment ...
19:05 DiffusionOperatorP1: Assemble system matrix ...
19:05 DiffusionOperatorP1: Calulate gradients of shape functions transformed by reference map ...
19:05 DiffusionOperatorP1: Calculate all local scalar products beween gradients ...
19:05 DiffusionOperatorP1: Determine global dofs ...
19:05 DiffusionOperatorP1: Boundary treatment ...
19:05 DiffusionOperatorP1: Assemble system matrix ...
19:05 DiffusionOperatorP1: Calulate gradients of shape functions transformed by reference map ...
19:05 DiffusionOperatorP1: Calculate all local scalar products beween gradients ...
19:05 DiffusionOperatorP1: Determine global dofs ...
19:05 DiffusionOperatorP1: Boundary treatment ...
19:05 DiffusionOperatorP1: Assemble system matrix ...
19:05 DiffusionOperatorP1: Calulate gradients of shape functions transformed by reference map ...
19:05 DiffusionOperatorP1: Calculate all local scalar products beween gradients ...
19:05 DiffusionOperatorP1: Determine global dofs ...
19:05 DiffusionOperatorP1: Boundary treatment ...
19:05 DiffusionOperatorP1: Assemble system matrix ...
19:05 L2ProductP1: Integrate the products of the shape functions on each element
19:05 L2ProductP1: Determine global dofs ...
19:05 L2ProductP1: Boundary treatment ...
19:05 L2ProductP1: Assemble system matrix ...
19:05 DiffusionOperatorP1: Calulate gradients of shape functions transformed by reference map ...
19:05 DiffusionOperatorP1: Calculate all local scalar products beween gradients ...
19:05 DiffusionOperatorP1: Determine global dofs ...
19:05 DiffusionOperatorP1: Boundary treatment ...
19:05 DiffusionOperatorP1: Assemble system matrix ...
19:05 L2ProductP1: Integrate the products of the shape functions on each element
19:05 L2ProductP1: Determine global dofs ...
19:05 L2ProductP1: Boundary treatment ...
19:05 L2ProductP1: Assemble system matrix ...
19:05 DiffusionOperatorP1: Calulate gradients of shape functions transformed by reference map ...
19:05 DiffusionOperatorP1: Calculate all local scalar products beween gradients ...
19:05 DiffusionOperatorP1: Determine global dofs ...
19:05 DiffusionOperatorP1: Boundary treatment ...
19:05 DiffusionOperatorP1: Assemble system matrix ...
19:05 gram_schmidt: Orthonormalizing vector 3 again
19:05 gram_schmidt: Orthonormalizing vector 4 again
19:05 gram_schmidt: Orthonormalizing vector 3 again
19:05 gram_schmidt: Orthonormalizing vector 4 again
</system-err></testcase><testcase classname="src.pymortests.algorithms.gram_schmidt" file="src/pymortests/algorithms/gram_schmidt.py" line="56" name="test_gram_schmidt_with_product_and_R[&lt;lambda&gt;7]" time="0.035056352615356445"><system-err>19:05 DiffusionOperatorP1: Calulate gradients of shape functions transformed by reference map ...
19:05 DiffusionOperatorP1: Calculate all local scalar products beween gradients ...
19:05 DiffusionOperatorP1: Determine global dofs ...
19:05 DiffusionOperatorP1: Boundary treatment ...
19:05 DiffusionOperatorP1: Assemble system matrix ...
19:05 DiffusionOperatorP1: Calulate gradients of shape functions transformed by reference map ...
19:05 DiffusionOperatorP1: Calculate all local scalar products beween gradients ...
19:05 DiffusionOperatorP1: Determine global dofs ...
19:05 DiffusionOperatorP1: Boundary treatment ...
19:05 DiffusionOperatorP1: Assemble system matrix ...
19:05 L2ProductP1: Integrate the products of the shape functions on each element
19:05 L2ProductP1: Determine global dofs ...
19:05 L2ProductP1: Boundary treatment ...
19:05 L2ProductP1: Assemble system matrix ...
19:05 DiffusionOperatorP1: Calulate gradients of shape functions transformed by reference map ...
19:05 DiffusionOperatorP1: Calculate all local scalar products beween gradients ...
19:05 DiffusionOperatorP1: Determine global dofs ...
19:05 DiffusionOperatorP1: Boundary treatment ...
19:05 DiffusionOperatorP1: Assemble system matrix ...
19:05 L2ProductP1: Integrate the products of the shape functions on each element
19:05 L2ProductP1: Determine global dofs ...
19:05 L2ProductP1: Boundary treatment ...
19:05 L2ProductP1: Assemble system matrix ...
19:05 DiffusionOperatorP1: Calulate gradients of shape functions transformed by reference map ...
19:05 DiffusionOperatorP1: Calculate all local scalar products beween gradients ...
19:05 DiffusionOperatorP1: Determine global dofs ...
19:05 DiffusionOperatorP1: Boundary treatment ...
19:05 DiffusionOperatorP1: Assemble system matrix ...
19:05 gram_schmidt: Orthonormalizing vector 1 again
19:05 gram_schmidt: Orthonormalizing vector 2 again
19:05 gram_schmidt: Orthonormalizing vector 3 again
19:05 gram_schmidt: Orthonormalizing vector 4 again
19:05 gram_schmidt: Orthonormalizing vector 1 again
19:05 gram_schmidt: Orthonormalizing vector 2 again
19:05 gram_schmidt: Orthonormalizing vector 3 again
19:05 gram_schmidt: Orthonormalizing vector 4 again
</system-err></testcase><testcase classname="src.pymortests.algorithms.gram_schmidt" file="src/pymortests/algorithms/gram_schmidt.py" line="56" name="test_gram_schmidt_with_product_and_R[&lt;lambda&gt;8]" time="0.03820180892944336"><system-err>19:05 DiffusionOperatorP1: Calulate gradients of shape functions transformed by reference map ...
19:05 DiffusionOperatorP1: Calculate all local scalar products beween gradients ...
19:05 DiffusionOperatorP1: Determine global dofs ...
19:05 DiffusionOperatorP1: Boundary treatment ...
19:05 DiffusionOperatorP1: Assemble system matrix ...
19:05 DiffusionOperatorP1: Calulate gradients of shape functions transformed by reference map ...
19:05 DiffusionOperatorP1: Calculate all local scalar products beween gradients ...
19:05 DiffusionOperatorP1: Determine global dofs ...
19:05 DiffusionOperatorP1: Boundary treatment ...
19:05 DiffusionOperatorP1: Assemble system matrix ...
19:05 DiffusionOperatorP1: Calulate gradients of shape functions transformed by reference map ...
19:05 DiffusionOperatorP1: Calculate all local scalar products beween gradients ...
19:05 DiffusionOperatorP1: Determine global dofs ...
19:05 DiffusionOperatorP1: Boundary treatment ...
19:05 DiffusionOperatorP1: Assemble system matrix ...
19:05 DiffusionOperatorP1: Calulate gradients of shape functions transformed by reference map ...
19:05 DiffusionOperatorP1: Calculate all local scalar products beween gradients ...
19:05 DiffusionOperatorP1: Determine global dofs ...
19:05 DiffusionOperatorP1: Boundary treatment ...
19:05 DiffusionOperatorP1: Assemble system matrix ...
19:05 DiffusionOperatorP1: Calulate gradients of shape functions transformed by reference map ...
19:05 DiffusionOperatorP1: Calculate all local scalar products beween gradients ...
19:05 DiffusionOperatorP1: Determine global dofs ...
19:05 DiffusionOperatorP1: Boundary treatment ...
19:05 DiffusionOperatorP1: Assemble system matrix ...
19:05 L2ProductP1: Integrate the products of the shape functions on each element
19:05 L2ProductP1: Determine global dofs ...
19:05 L2ProductP1: Boundary treatment ...
19:05 L2ProductP1: Assemble system matrix ...
19:05 DiffusionOperatorP1: Calulate gradients of shape functions transformed by reference map ...
19:05 DiffusionOperatorP1: Calculate all local scalar products beween gradients ...
19:05 DiffusionOperatorP1: Determine global dofs ...
19:05 DiffusionOperatorP1: Boundary treatment ...
19:05 DiffusionOperatorP1: Assemble system matrix ...
19:05 L2ProductP1: Integrate the products of the shape functions on each element
19:05 L2ProductP1: Determine global dofs ...
19:05 L2ProductP1: Boundary treatment ...
19:05 L2ProductP1: Assemble system matrix ...
19:05 DiffusionOperatorP1: Calulate gradients of shape functions transformed by reference map ...
19:05 DiffusionOperatorP1: Calculate all local scalar products beween gradients ...
19:05 DiffusionOperatorP1: Determine global dofs ...
19:05 DiffusionOperatorP1: Boundary treatment ...
19:05 DiffusionOperatorP1: Assemble system matrix ...
19:05 gram_schmidt: Orthonormalizing vector 3 again
19:05 gram_schmidt: Orthonormalizing vector 4 again
19:05 gram_schmidt: Orthonormalizing vector 3 again
19:05 gram_schmidt: Orthonormalizing vector 4 again
</system-err></testcase><testcase classname="src.pymortests.algorithms.gram_schmidt" file="src/pymortests/algorithms/gram_schmidt.py" line="56" name="test_gram_schmidt_with_product_and_R[&lt;lambda&gt;9]" time="0.034848690032958984"><system-err>19:05 DiffusionOperatorP1: Calulate gradients of shape functions transformed by reference map ...
19:05 DiffusionOperatorP1: Calculate all local scalar products beween gradients ...
19:05 DiffusionOperatorP1: Determine global dofs ...
19:05 DiffusionOperatorP1: Boundary treatment ...
19:05 DiffusionOperatorP1: Assemble system matrix ...
19:05 DiffusionOperatorP1: Calulate gradients of shape functions transformed by reference map ...
19:05 DiffusionOperatorP1: Calculate all local scalar products beween gradients ...
19:05 DiffusionOperatorP1: Determine global dofs ...
19:05 DiffusionOperatorP1: Boundary treatment ...
19:05 DiffusionOperatorP1: Assemble system matrix ...
19:05 L2ProductP1: Integrate the products of the shape functions on each element
19:05 L2ProductP1: Determine global dofs ...
19:05 L2ProductP1: Boundary treatment ...
19:05 L2ProductP1: Assemble system matrix ...
19:05 DiffusionOperatorP1: Calulate gradients of shape functions transformed by reference map ...
19:05 DiffusionOperatorP1: Calculate all local scalar products beween gradients ...
19:05 DiffusionOperatorP1: Determine global dofs ...
19:05 DiffusionOperatorP1: Boundary treatment ...
19:05 DiffusionOperatorP1: Assemble system matrix ...
19:05 L2ProductP1: Integrate the products of the shape functions on each element
19:05 L2ProductP1: Determine global dofs ...
19:05 L2ProductP1: Boundary treatment ...
19:05 L2ProductP1: Assemble system matrix ...
19:05 DiffusionOperatorP1: Calulate gradients of shape functions transformed by reference map ...
19:05 DiffusionOperatorP1: Calculate all local scalar products beween gradients ...
19:05 DiffusionOperatorP1: Determine global dofs ...
19:05 DiffusionOperatorP1: Boundary treatment ...
19:05 DiffusionOperatorP1: Assemble system matrix ...
19:05 gram_schmidt: Orthonormalizing vector 1 again
19:05 gram_schmidt: Orthonormalizing vector 2 again
19:05 gram_schmidt: Orthonormalizing vector 3 again
19:05 gram_schmidt: Orthonormalizing vector 4 again
19:05 gram_schmidt: Orthonormalizing vector 1 again
19:05 gram_schmidt: Orthonormalizing vector 2 again
19:05 gram_schmidt: Orthonormalizing vector 3 again
19:05 gram_schmidt: Orthonormalizing vector 4 again
</system-err></testcase><testcase classname="src.pymortests.algorithms.gram_schmidt" file="src/pymortests/algorithms/gram_schmidt.py" line="56" name="test_gram_schmidt_with_product_and_R[&lt;lambda&gt;10]" time="0.03754425048828125"><system-err>19:05 DiffusionOperatorP1: Calulate gradients of shape functions transformed by reference map ...
19:05 DiffusionOperatorP1: Calculate all local scalar products beween gradients ...
19:05 DiffusionOperatorP1: Determine global dofs ...
19:05 DiffusionOperatorP1: Boundary treatment ...
19:05 DiffusionOperatorP1: Assemble system matrix ...
19:05 DiffusionOperatorP1: Calulate gradients of shape functions transformed by reference map ...
19:05 DiffusionOperatorP1: Calculate all local scalar products beween gradients ...
19:05 DiffusionOperatorP1: Determine global dofs ...
19:05 DiffusionOperatorP1: Boundary treatment ...
19:05 DiffusionOperatorP1: Assemble system matrix ...
19:05 DiffusionOperatorP1: Calulate gradients of shape functions transformed by reference map ...
19:05 DiffusionOperatorP1: Calculate all local scalar products beween gradients ...
19:05 DiffusionOperatorP1: Determine global dofs ...
19:05 DiffusionOperatorP1: Boundary treatment ...
19:05 DiffusionOperatorP1: Assemble system matrix ...
19:05 DiffusionOperatorP1: Calulate gradients of shape functions transformed by reference map ...
19:05 DiffusionOperatorP1: Calculate all local scalar products beween gradients ...
19:05 DiffusionOperatorP1: Determine global dofs ...
19:05 DiffusionOperatorP1: Boundary treatment ...
19:05 DiffusionOperatorP1: Assemble system matrix ...
19:05 DiffusionOperatorP1: Calulate gradients of shape functions transformed by reference map ...
19:05 DiffusionOperatorP1: Calculate all local scalar products beween gradients ...
19:05 DiffusionOperatorP1: Determine global dofs ...
19:05 DiffusionOperatorP1: Boundary treatment ...
19:05 DiffusionOperatorP1: Assemble system matrix ...
19:05 L2ProductP1: Integrate the products of the shape functions on each element
19:05 L2ProductP1: Determine global dofs ...
19:05 L2ProductP1: Boundary treatment ...
19:05 L2ProductP1: Assemble system matrix ...
19:05 DiffusionOperatorP1: Calulate gradients of shape functions transformed by reference map ...
19:05 DiffusionOperatorP1: Calculate all local scalar products beween gradients ...
19:05 DiffusionOperatorP1: Determine global dofs ...
19:05 DiffusionOperatorP1: Boundary treatment ...
19:05 DiffusionOperatorP1: Assemble system matrix ...
19:05 L2ProductP1: Integrate the products of the shape functions on each element
19:05 L2ProductP1: Determine global dofs ...
19:05 L2ProductP1: Boundary treatment ...
19:05 L2ProductP1: Assemble system matrix ...
19:05 DiffusionOperatorP1: Calulate gradients of shape functions transformed by reference map ...
19:05 DiffusionOperatorP1: Calculate all local scalar products beween gradients ...
19:05 DiffusionOperatorP1: Determine global dofs ...
19:05 DiffusionOperatorP1: Boundary treatment ...
19:05 DiffusionOperatorP1: Assemble system matrix ...
19:05 gram_schmidt: Orthonormalizing vector 3 again
19:05 gram_schmidt: Orthonormalizing vector 4 again
19:05 gram_schmidt: Orthonormalizing vector 3 again
19:05 gram_schmidt: Orthonormalizing vector 4 again
</system-err></testcase><testcase classname="src.pymortests.algorithms.gram_schmidt" file="src/pymortests/algorithms/gram_schmidt.py" line="56" name="test_gram_schmidt_with_product_and_R[&lt;lambda&gt;11]" time="0.03493690490722656"><system-err>19:05 DiffusionOperatorP1: Calulate gradients of shape functions transformed by reference map ...
19:05 DiffusionOperatorP1: Calculate all local scalar products beween gradients ...
19:05 DiffusionOperatorP1: Determine global dofs ...
19:05 DiffusionOperatorP1: Boundary treatment ...
19:05 DiffusionOperatorP1: Assemble system matrix ...
19:05 DiffusionOperatorP1: Calulate gradients of shape functions transformed by reference map ...
19:05 DiffusionOperatorP1: Calculate all local scalar products beween gradients ...
19:05 DiffusionOperatorP1: Determine global dofs ...
19:05 DiffusionOperatorP1: Boundary treatment ...
19:05 DiffusionOperatorP1: Assemble system matrix ...
19:05 L2ProductP1: Integrate the products of the shape functions on each element
19:05 L2ProductP1: Determine global dofs ...
19:05 L2ProductP1: Boundary treatment ...
19:05 L2ProductP1: Assemble system matrix ...
19:05 DiffusionOperatorP1: Calulate gradients of shape functions transformed by reference map ...
19:05 DiffusionOperatorP1: Calculate all local scalar products beween gradients ...
19:05 DiffusionOperatorP1: Determine global dofs ...
19:05 DiffusionOperatorP1: Boundary treatment ...
19:05 DiffusionOperatorP1: Assemble system matrix ...
19:05 L2ProductP1: Integrate the products of the shape functions on each element
19:05 L2ProductP1: Determine global dofs ...
19:05 L2ProductP1: Boundary treatment ...
19:05 L2ProductP1: Assemble system matrix ...
19:05 DiffusionOperatorP1: Calulate gradients of shape functions transformed by reference map ...
19:05 DiffusionOperatorP1: Calculate all local scalar products beween gradients ...
19:05 DiffusionOperatorP1: Determine global dofs ...
19:05 DiffusionOperatorP1: Boundary treatment ...
19:05 DiffusionOperatorP1: Assemble system matrix ...
19:05 gram_schmidt: Orthonormalizing vector 1 again
19:05 gram_schmidt: Orthonormalizing vector 2 again
19:05 gram_schmidt: Orthonormalizing vector 3 again
19:05 gram_schmidt: Orthonormalizing vector 4 again
19:05 gram_schmidt: Orthonormalizing vector 1 again
19:05 gram_schmidt: Orthonormalizing vector 2 again
19:05 gram_schmidt: Orthonormalizing vector 3 again
19:05 gram_schmidt: Orthonormalizing vector 4 again
</system-err></testcase><testcase classname="src.pymortests.algorithms.gram_schmidt" file="src/pymortests/algorithms/gram_schmidt.py" line="56" name="test_gram_schmidt_with_product_and_R[&lt;lambda&gt;12]" time="0.03956484794616699"><system-err>19:05 DiffusionOperatorP1: Calulate gradients of shape functions transformed by reference map ...
19:05 DiffusionOperatorP1: Calculate all local scalar products beween gradients ...
19:05 DiffusionOperatorP1: Determine global dofs ...
19:05 DiffusionOperatorP1: Boundary treatment ...
19:05 DiffusionOperatorP1: Assemble system matrix ...
19:05 DiffusionOperatorP1: Calulate gradients of shape functions transformed by reference map ...
19:05 DiffusionOperatorP1: Calculate all local scalar products beween gradients ...
19:05 DiffusionOperatorP1: Determine global dofs ...
19:05 DiffusionOperatorP1: Boundary treatment ...
19:05 DiffusionOperatorP1: Assemble system matrix ...
19:05 DiffusionOperatorP1: Calulate gradients of shape functions transformed by reference map ...
19:05 DiffusionOperatorP1: Calculate all local scalar products beween gradients ...
19:05 DiffusionOperatorP1: Determine global dofs ...
19:05 DiffusionOperatorP1: Boundary treatment ...
19:05 DiffusionOperatorP1: Assemble system matrix ...
19:05 DiffusionOperatorP1: Calulate gradients of shape functions transformed by reference map ...
19:05 DiffusionOperatorP1: Calculate all local scalar products beween gradients ...
19:05 DiffusionOperatorP1: Determine global dofs ...
19:05 DiffusionOperatorP1: Boundary treatment ...
19:05 DiffusionOperatorP1: Assemble system matrix ...
19:05 DiffusionOperatorP1: Calulate gradients of shape functions transformed by reference map ...
19:05 DiffusionOperatorP1: Calculate all local scalar products beween gradients ...
19:05 DiffusionOperatorP1: Determine global dofs ...
19:05 DiffusionOperatorP1: Boundary treatment ...
19:05 DiffusionOperatorP1: Assemble system matrix ...
19:05 L2ProductP1: Integrate the products of the shape functions on each element
19:05 L2ProductP1: Determine global dofs ...
19:05 L2ProductP1: Boundary treatment ...
19:05 L2ProductP1: Assemble system matrix ...
19:05 DiffusionOperatorP1: Calulate gradients of shape functions transformed by reference map ...
19:05 DiffusionOperatorP1: Calculate all local scalar products beween gradients ...
19:05 DiffusionOperatorP1: Determine global dofs ...
19:05 DiffusionOperatorP1: Boundary treatment ...
19:05 DiffusionOperatorP1: Assemble system matrix ...
19:05 L2ProductP1: Integrate the products of the shape functions on each element
19:05 L2ProductP1: Determine global dofs ...
19:05 L2ProductP1: Boundary treatment ...
19:05 L2ProductP1: Assemble system matrix ...
19:05 DiffusionOperatorP1: Calulate gradients of shape functions transformed by reference map ...
19:05 DiffusionOperatorP1: Calculate all local scalar products beween gradients ...
19:05 DiffusionOperatorP1: Determine global dofs ...
19:05 DiffusionOperatorP1: Boundary treatment ...
19:05 DiffusionOperatorP1: Assemble system matrix ...
19:05 gram_schmidt: Removing linearly dependent vector 5
19:05 gram_schmidt: Removing linearly dependent vector 6
19:05 gram_schmidt: Removing linearly dependent vector 5
19:05 gram_schmidt: Removing linearly dependent vector 6
</system-err></testcase><testcase classname="src.pymortests.algorithms.gram_schmidt" file="src/pymortests/algorithms/gram_schmidt.py" line="56" name="test_gram_schmidt_with_product_and_R[&lt;lambda&gt;13]" time="0.03632950782775879"><system-err>19:05 DiffusionOperatorP1: Calulate gradients of shape functions transformed by reference map ...
19:05 DiffusionOperatorP1: Calculate all local scalar products beween gradients ...
19:05 DiffusionOperatorP1: Determine global dofs ...
19:05 DiffusionOperatorP1: Boundary treatment ...
19:05 DiffusionOperatorP1: Assemble system matrix ...
19:05 DiffusionOperatorP1: Calulate gradients of shape functions transformed by reference map ...
19:05 DiffusionOperatorP1: Calculate all local scalar products beween gradients ...
19:05 DiffusionOperatorP1: Determine global dofs ...
19:05 DiffusionOperatorP1: Boundary treatment ...
19:05 DiffusionOperatorP1: Assemble system matrix ...
19:05 L2ProductP1: Integrate the products of the shape functions on each element
19:05 L2ProductP1: Determine global dofs ...
19:05 L2ProductP1: Boundary treatment ...
19:05 L2ProductP1: Assemble system matrix ...
19:05 DiffusionOperatorP1: Calulate gradients of shape functions transformed by reference map ...
19:05 DiffusionOperatorP1: Calculate all local scalar products beween gradients ...
19:05 DiffusionOperatorP1: Determine global dofs ...
19:05 DiffusionOperatorP1: Boundary treatment ...
19:05 DiffusionOperatorP1: Assemble system matrix ...
19:05 L2ProductP1: Integrate the products of the shape functions on each element
19:05 L2ProductP1: Determine global dofs ...
19:05 L2ProductP1: Boundary treatment ...
19:05 L2ProductP1: Assemble system matrix ...
19:05 DiffusionOperatorP1: Calulate gradients of shape functions transformed by reference map ...
19:05 DiffusionOperatorP1: Calculate all local scalar products beween gradients ...
19:05 DiffusionOperatorP1: Determine global dofs ...
19:05 DiffusionOperatorP1: Boundary treatment ...
19:05 DiffusionOperatorP1: Assemble system matrix ...
19:05 gram_schmidt: Orthonormalizing vector 3 again
19:05 gram_schmidt: Removing linearly dependent vector 5
19:05 gram_schmidt: Removing linearly dependent vector 6
19:05 gram_schmidt: Orthonormalizing vector 3 again
19:05 gram_schmidt: Removing linearly dependent vector 5
19:05 gram_schmidt: Removing linearly dependent vector 6
</system-err></testcase><testcase classname="src.pymortests.algorithms.gram_schmidt" file="src/pymortests/algorithms/gram_schmidt.py" line="56" name="test_gram_schmidt_with_product_and_R[&lt;lambda&gt;14]" time="0.041382551193237305"><system-err>19:05 DiffusionOperatorP1: Calulate gradients of shape functions transformed by reference map ...
19:05 DiffusionOperatorP1: Calculate all local scalar products beween gradients ...
19:05 DiffusionOperatorP1: Determine global dofs ...
19:05 DiffusionOperatorP1: Boundary treatment ...
19:05 DiffusionOperatorP1: Assemble system matrix ...
19:05 DiffusionOperatorP1: Calulate gradients of shape functions transformed by reference map ...
19:05 DiffusionOperatorP1: Calculate all local scalar products beween gradients ...
19:05 DiffusionOperatorP1: Determine global dofs ...
19:05 DiffusionOperatorP1: Boundary treatment ...
19:05 DiffusionOperatorP1: Assemble system matrix ...
19:05 DiffusionOperatorP1: Calulate gradients of shape functions transformed by reference map ...
19:05 DiffusionOperatorP1: Calculate all local scalar products beween gradients ...
19:05 DiffusionOperatorP1: Determine global dofs ...
19:05 DiffusionOperatorP1: Boundary treatment ...
19:05 DiffusionOperatorP1: Assemble system matrix ...
19:05 DiffusionOperatorP1: Calulate gradients of shape functions transformed by reference map ...
19:05 DiffusionOperatorP1: Calculate all local scalar products beween gradients ...
19:05 DiffusionOperatorP1: Determine global dofs ...
19:05 DiffusionOperatorP1: Boundary treatment ...
19:05 DiffusionOperatorP1: Assemble system matrix ...
19:05 DiffusionOperatorP1: Calulate gradients of shape functions transformed by reference map ...
19:05 DiffusionOperatorP1: Calculate all local scalar products beween gradients ...
19:05 DiffusionOperatorP1: Determine global dofs ...
19:05 DiffusionOperatorP1: Boundary treatment ...
19:05 DiffusionOperatorP1: Assemble system matrix ...
19:05 L2ProductP1: Integrate the products of the shape functions on each element
19:05 L2ProductP1: Determine global dofs ...
19:05 L2ProductP1: Boundary treatment ...
19:05 L2ProductP1: Assemble system matrix ...
19:05 DiffusionOperatorP1: Calulate gradients of shape functions transformed by reference map ...
19:05 DiffusionOperatorP1: Calculate all local scalar products beween gradients ...
19:05 DiffusionOperatorP1: Determine global dofs ...
19:05 DiffusionOperatorP1: Boundary treatment ...
19:05 DiffusionOperatorP1: Assemble system matrix ...
19:05 L2ProductP1: Integrate the products of the shape functions on each element
19:05 L2ProductP1: Determine global dofs ...
19:05 L2ProductP1: Boundary treatment ...
19:05 L2ProductP1: Assemble system matrix ...
19:05 DiffusionOperatorP1: Calulate gradients of shape functions transformed by reference map ...
19:05 DiffusionOperatorP1: Calculate all local scalar products beween gradients ...
19:05 DiffusionOperatorP1: Determine global dofs ...
19:05 DiffusionOperatorP1: Boundary treatment ...
19:05 DiffusionOperatorP1: Assemble system matrix ...
19:05 gram_schmidt: Orthonormalizing vector 1 again
19:05 gram_schmidt: Orthonormalizing vector 2 again
19:05 gram_schmidt: Orthonormalizing vector 3 again
19:05 gram_schmidt: Orthonormalizing vector 4 again
19:05 gram_schmidt: Removing linearly dependent vector 5
19:05 gram_schmidt: Orthonormalizing vector 1 again
19:05 gram_schmidt: Orthonormalizing vector 2 again
19:05 gram_schmidt: Orthonormalizing vector 3 again
19:05 gram_schmidt: Orthonormalizing vector 4 again
19:05 gram_schmidt: Removing linearly dependent vector 5
</system-err></testcase><testcase classname="src.pymortests.algorithms.gram_schmidt" file="src/pymortests/algorithms/gram_schmidt.py" line="56" name="test_gram_schmidt_with_product_and_R[&lt;lambda&gt;15]" time="0.03908181190490723"><system-err>19:05 DiffusionOperatorP1: Calulate gradients of shape functions transformed by reference map ...
19:05 DiffusionOperatorP1: Calculate all local scalar products beween gradients ...
19:05 DiffusionOperatorP1: Determine global dofs ...
19:05 DiffusionOperatorP1: Boundary treatment ...
19:05 DiffusionOperatorP1: Assemble system matrix ...
19:05 DiffusionOperatorP1: Calulate gradients of shape functions transformed by reference map ...
19:05 DiffusionOperatorP1: Calculate all local scalar products beween gradients ...
19:05 DiffusionOperatorP1: Determine global dofs ...
19:05 DiffusionOperatorP1: Boundary treatment ...
19:05 DiffusionOperatorP1: Assemble system matrix ...
19:05 L2ProductP1: Integrate the products of the shape functions on each element
19:05 L2ProductP1: Determine global dofs ...
19:05 L2ProductP1: Boundary treatment ...
19:05 L2ProductP1: Assemble system matrix ...
19:05 DiffusionOperatorP1: Calulate gradients of shape functions transformed by reference map ...
19:05 DiffusionOperatorP1: Calculate all local scalar products beween gradients ...
19:05 DiffusionOperatorP1: Determine global dofs ...
19:05 DiffusionOperatorP1: Boundary treatment ...
19:05 DiffusionOperatorP1: Assemble system matrix ...
19:05 L2ProductP1: Integrate the products of the shape functions on each element
19:05 L2ProductP1: Determine global dofs ...
19:05 L2ProductP1: Boundary treatment ...
19:05 L2ProductP1: Assemble system matrix ...
19:05 DiffusionOperatorP1: Calulate gradients of shape functions transformed by reference map ...
19:05 DiffusionOperatorP1: Calculate all local scalar products beween gradients ...
19:05 DiffusionOperatorP1: Determine global dofs ...
19:05 DiffusionOperatorP1: Boundary treatment ...
19:05 DiffusionOperatorP1: Assemble system matrix ...
19:05 gram_schmidt: Orthonormalizing vector 1 again
19:05 gram_schmidt: Orthonormalizing vector 2 again
19:05 gram_schmidt: Orthonormalizing vector 3 again
19:05 gram_schmidt: Orthonormalizing vector 4 again
19:05 gram_schmidt: Orthonormalizing vector 5 again
19:05 gram_schmidt: Orthonormalizing vector 1 again
19:05 gram_schmidt: Orthonormalizing vector 2 again
19:05 gram_schmidt: Orthonormalizing vector 3 again
19:05 gram_schmidt: Orthonormalizing vector 4 again
19:05 gram_schmidt: Orthonormalizing vector 5 again
</system-err></testcase><testcase classname="src.pymortests.algorithms.gram_schmidt" file="src/pymortests/algorithms/gram_schmidt.py" line="56" name="test_gram_schmidt_with_product_and_R[&lt;lambda&gt;16]" time="0.03662753105163574"><system-err>19:05 DiffusionOperatorP1: Calulate gradients of shape functions transformed by reference map ...
19:05 DiffusionOperatorP1: Calculate all local scalar products beween gradients ...
19:05 DiffusionOperatorP1: Determine global dofs ...
19:05 DiffusionOperatorP1: Boundary treatment ...
19:05 DiffusionOperatorP1: Assemble system matrix ...
19:05 DiffusionOperatorP1: Calulate gradients of shape functions transformed by reference map ...
19:05 DiffusionOperatorP1: Calculate all local scalar products beween gradients ...
19:05 DiffusionOperatorP1: Determine global dofs ...
19:05 DiffusionOperatorP1: Boundary treatment ...
19:05 DiffusionOperatorP1: Assemble system matrix ...
19:05 DiffusionOperatorP1: Calulate gradients of shape functions transformed by reference map ...
19:05 DiffusionOperatorP1: Calculate all local scalar products beween gradients ...
19:05 DiffusionOperatorP1: Determine global dofs ...
19:05 DiffusionOperatorP1: Boundary treatment ...
19:05 DiffusionOperatorP1: Assemble system matrix ...
19:05 DiffusionOperatorP1: Calulate gradients of shape functions transformed by reference map ...
19:05 DiffusionOperatorP1: Calculate all local scalar products beween gradients ...
19:05 DiffusionOperatorP1: Determine global dofs ...
19:05 DiffusionOperatorP1: Boundary treatment ...
19:05 DiffusionOperatorP1: Assemble system matrix ...
19:05 DiffusionOperatorP1: Calulate gradients of shape functions transformed by reference map ...
19:05 DiffusionOperatorP1: Calculate all local scalar products beween gradients ...
19:05 DiffusionOperatorP1: Determine global dofs ...
19:05 DiffusionOperatorP1: Boundary treatment ...
19:05 DiffusionOperatorP1: Assemble system matrix ...
19:05 L2ProductP1: Integrate the products of the shape functions on each element
19:05 L2ProductP1: Determine global dofs ...
19:05 L2ProductP1: Boundary treatment ...
19:05 L2ProductP1: Assemble system matrix ...
19:05 DiffusionOperatorP1: Calulate gradients of shape functions transformed by reference map ...
19:05 DiffusionOperatorP1: Calculate all local scalar products beween gradients ...
19:05 DiffusionOperatorP1: Determine global dofs ...
19:05 DiffusionOperatorP1: Boundary treatment ...
19:05 DiffusionOperatorP1: Assemble system matrix ...
19:05 L2ProductP1: Integrate the products of the shape functions on each element
19:05 L2ProductP1: Determine global dofs ...
19:05 L2ProductP1: Boundary treatment ...
19:05 L2ProductP1: Assemble system matrix ...
19:05 DiffusionOperatorP1: Calulate gradients of shape functions transformed by reference map ...
19:05 DiffusionOperatorP1: Calculate all local scalar products beween gradients ...
19:05 DiffusionOperatorP1: Determine global dofs ...
19:05 DiffusionOperatorP1: Boundary treatment ...
19:05 DiffusionOperatorP1: Assemble system matrix ...
19:05 gram_schmidt: Removing linearly dependent vector 1
19:05 gram_schmidt: Removing linearly dependent vector 2
19:05 gram_schmidt: Removing linearly dependent vector 3
19:05 gram_schmidt: Removing linearly dependent vector 4
19:05 gram_schmidt: Removing linearly dependent vector 5
19:05 gram_schmidt: Removing linearly dependent vector 6
19:05 gram_schmidt: Removing linearly dependent vector 1
19:05 gram_schmidt: Removing linearly dependent vector 2
19:05 gram_schmidt: Removing linearly dependent vector 3
19:05 gram_schmidt: Removing linearly dependent vector 4
19:05 gram_schmidt: Removing linearly dependent vector 5
19:05 gram_schmidt: Removing linearly dependent vector 6
</system-err></testcase><testcase classname="src.pymortests.algorithms.gram_schmidt" file="src/pymortests/algorithms/gram_schmidt.py" line="56" name="test_gram_schmidt_with_product_and_R[&lt;lambda&gt;17]" time="0.03190183639526367"><system-err>19:05 DiffusionOperatorP1: Calulate gradients of shape functions transformed by reference map ...
19:05 DiffusionOperatorP1: Calculate all local scalar products beween gradients ...
19:05 DiffusionOperatorP1: Determine global dofs ...
19:05 DiffusionOperatorP1: Boundary treatment ...
19:05 DiffusionOperatorP1: Assemble system matrix ...
19:05 DiffusionOperatorP1: Calulate gradients of shape functions transformed by reference map ...
19:05 DiffusionOperatorP1: Calculate all local scalar products beween gradients ...
19:05 DiffusionOperatorP1: Determine global dofs ...
19:05 DiffusionOperatorP1: Boundary treatment ...
19:05 DiffusionOperatorP1: Assemble system matrix ...
19:05 L2ProductP1: Integrate the products of the shape functions on each element
19:05 L2ProductP1: Determine global dofs ...
19:05 L2ProductP1: Boundary treatment ...
19:05 L2ProductP1: Assemble system matrix ...
19:05 DiffusionOperatorP1: Calulate gradients of shape functions transformed by reference map ...
19:05 DiffusionOperatorP1: Calculate all local scalar products beween gradients ...
19:05 DiffusionOperatorP1: Determine global dofs ...
19:05 DiffusionOperatorP1: Boundary treatment ...
19:05 DiffusionOperatorP1: Assemble system matrix ...
19:05 L2ProductP1: Integrate the products of the shape functions on each element
19:05 L2ProductP1: Determine global dofs ...
19:05 L2ProductP1: Boundary treatment ...
19:05 L2ProductP1: Assemble system matrix ...
19:05 DiffusionOperatorP1: Calulate gradients of shape functions transformed by reference map ...
19:05 DiffusionOperatorP1: Calculate all local scalar products beween gradients ...
19:05 DiffusionOperatorP1: Determine global dofs ...
19:05 DiffusionOperatorP1: Boundary treatment ...
19:05 DiffusionOperatorP1: Assemble system matrix ...
19:05 gram_schmidt: Removing linearly dependent vector 1
19:05 gram_schmidt: Removing linearly dependent vector 2
19:05 gram_schmidt: Removing linearly dependent vector 3
19:05 gram_schmidt: Removing linearly dependent vector 4
19:05 gram_schmidt: Removing linearly dependent vector 5
19:05 gram_schmidt: Removing linearly dependent vector 6
19:05 gram_schmidt: Removing linearly dependent vector 1
19:05 gram_schmidt: Removing linearly dependent vector 2
19:05 gram_schmidt: Removing linearly dependent vector 3
19:05 gram_schmidt: Removing linearly dependent vector 4
19:05 gram_schmidt: Removing linearly dependent vector 5
19:05 gram_schmidt: Removing linearly dependent vector 6
</system-err></testcase><testcase classname="src.pymortests.algorithms.gram_schmidt" file="src/pymortests/algorithms/gram_schmidt.py" line="56" name="test_gram_schmidt_with_product_and_R[&lt;lambda&gt;18]" time="0.0419764518737793"><system-err>19:05 DiffusionOperatorP1: Calulate gradients of shape functions transformed by reference map ...
19:05 DiffusionOperatorP1: Calculate all local scalar products beween gradients ...
19:05 DiffusionOperatorP1: Determine global dofs ...
19:05 DiffusionOperatorP1: Boundary treatment ...
19:05 DiffusionOperatorP1: Assemble system matrix ...
19:05 DiffusionOperatorP1: Calulate gradients of shape functions transformed by reference map ...
19:05 DiffusionOperatorP1: Calculate all local scalar products beween gradients ...
19:05 DiffusionOperatorP1: Determine global dofs ...
19:05 DiffusionOperatorP1: Boundary treatment ...
19:05 DiffusionOperatorP1: Assemble system matrix ...
19:05 DiffusionOperatorP1: Calulate gradients of shape functions transformed by reference map ...
19:05 DiffusionOperatorP1: Calculate all local scalar products beween gradients ...
19:05 DiffusionOperatorP1: Determine global dofs ...
19:05 DiffusionOperatorP1: Boundary treatment ...
19:05 DiffusionOperatorP1: Assemble system matrix ...
19:05 DiffusionOperatorP1: Calulate gradients of shape functions transformed by reference map ...
19:05 DiffusionOperatorP1: Calculate all local scalar products beween gradients ...
19:05 DiffusionOperatorP1: Determine global dofs ...
19:05 DiffusionOperatorP1: Boundary treatment ...
19:05 DiffusionOperatorP1: Assemble system matrix ...
19:05 DiffusionOperatorP1: Calulate gradients of shape functions transformed by reference map ...
19:05 DiffusionOperatorP1: Calculate all local scalar products beween gradients ...
19:05 DiffusionOperatorP1: Determine global dofs ...
19:05 DiffusionOperatorP1: Boundary treatment ...
19:05 DiffusionOperatorP1: Assemble system matrix ...
19:05 L2ProductP1: Integrate the products of the shape functions on each element
19:05 L2ProductP1: Determine global dofs ...
19:05 L2ProductP1: Boundary treatment ...
19:05 L2ProductP1: Assemble system matrix ...
19:05 DiffusionOperatorP1: Calulate gradients of shape functions transformed by reference map ...
19:05 DiffusionOperatorP1: Calculate all local scalar products beween gradients ...
19:05 DiffusionOperatorP1: Determine global dofs ...
19:05 DiffusionOperatorP1: Boundary treatment ...
19:05 DiffusionOperatorP1: Assemble system matrix ...
19:05 L2ProductP1: Integrate the products of the shape functions on each element
19:05 L2ProductP1: Determine global dofs ...
19:05 L2ProductP1: Boundary treatment ...
19:05 L2ProductP1: Assemble system matrix ...
19:05 DiffusionOperatorP1: Calulate gradients of shape functions transformed by reference map ...
19:05 DiffusionOperatorP1: Calculate all local scalar products beween gradients ...
19:05 DiffusionOperatorP1: Determine global dofs ...
19:05 DiffusionOperatorP1: Boundary treatment ...
19:05 DiffusionOperatorP1: Assemble system matrix ...
19:05 gram_schmidt: Orthonormalizing vector 1 again
19:05 gram_schmidt: Orthonormalizing vector 2 again
19:05 gram_schmidt: Orthonormalizing vector 3 again
19:05 gram_schmidt: Orthonormalizing vector 4 again
19:05 gram_schmidt: Removing linearly dependent vector 5
19:05 gram_schmidt: Orthonormalizing vector 1 again
19:05 gram_schmidt: Orthonormalizing vector 2 again
19:05 gram_schmidt: Orthonormalizing vector 3 again
19:05 gram_schmidt: Orthonormalizing vector 4 again
19:05 gram_schmidt: Removing linearly dependent vector 5
</system-err></testcase><testcase classname="src.pymortests.algorithms.gram_schmidt" file="src/pymortests/algorithms/gram_schmidt.py" line="56" name="test_gram_schmidt_with_product_and_R[&lt;lambda&gt;19]" time="0.03882598876953125"><system-err>19:05 DiffusionOperatorP1: Calulate gradients of shape functions transformed by reference map ...
19:05 DiffusionOperatorP1: Calculate all local scalar products beween gradients ...
19:05 DiffusionOperatorP1: Determine global dofs ...
19:05 DiffusionOperatorP1: Boundary treatment ...
19:05 DiffusionOperatorP1: Assemble system matrix ...
19:05 DiffusionOperatorP1: Calulate gradients of shape functions transformed by reference map ...
19:05 DiffusionOperatorP1: Calculate all local scalar products beween gradients ...
19:05 DiffusionOperatorP1: Determine global dofs ...
19:05 DiffusionOperatorP1: Boundary treatment ...
19:05 DiffusionOperatorP1: Assemble system matrix ...
19:05 L2ProductP1: Integrate the products of the shape functions on each element
19:05 L2ProductP1: Determine global dofs ...
19:05 L2ProductP1: Boundary treatment ...
19:05 L2ProductP1: Assemble system matrix ...
19:05 DiffusionOperatorP1: Calulate gradients of shape functions transformed by reference map ...
19:05 DiffusionOperatorP1: Calculate all local scalar products beween gradients ...
19:05 DiffusionOperatorP1: Determine global dofs ...
19:05 DiffusionOperatorP1: Boundary treatment ...
19:05 DiffusionOperatorP1: Assemble system matrix ...
19:05 L2ProductP1: Integrate the products of the shape functions on each element
19:05 L2ProductP1: Determine global dofs ...
19:05 L2ProductP1: Boundary treatment ...
19:05 L2ProductP1: Assemble system matrix ...
19:05 DiffusionOperatorP1: Calulate gradients of shape functions transformed by reference map ...
19:05 DiffusionOperatorP1: Calculate all local scalar products beween gradients ...
19:05 DiffusionOperatorP1: Determine global dofs ...
19:05 DiffusionOperatorP1: Boundary treatment ...
19:05 DiffusionOperatorP1: Assemble system matrix ...
19:05 gram_schmidt: Orthonormalizing vector 1 again
19:05 gram_schmidt: Orthonormalizing vector 2 again
19:05 gram_schmidt: Orthonormalizing vector 3 again
19:05 gram_schmidt: Orthonormalizing vector 4 again
19:05 gram_schmidt: Orthonormalizing vector 5 again
19:05 gram_schmidt: Orthonormalizing vector 1 again
19:05 gram_schmidt: Orthonormalizing vector 2 again
19:05 gram_schmidt: Orthonormalizing vector 3 again
19:05 gram_schmidt: Orthonormalizing vector 4 again
19:05 gram_schmidt: Orthonormalizing vector 5 again
</system-err></testcase><testcase classname="src.pymortests.algorithms.gram_schmidt" file="src/pymortests/algorithms/gram_schmidt.py" line="56" name="test_gram_schmidt_with_product_and_R[&lt;lambda&gt;20]" time="0.04183030128479004"><system-err>19:05 DiffusionOperatorP1: Calulate gradients of shape functions transformed by reference map ...
19:05 DiffusionOperatorP1: Calculate all local scalar products beween gradients ...
19:05 DiffusionOperatorP1: Determine global dofs ...
19:05 DiffusionOperatorP1: Boundary treatment ...
19:05 DiffusionOperatorP1: Assemble system matrix ...
19:05 DiffusionOperatorP1: Calulate gradients of shape functions transformed by reference map ...
19:05 DiffusionOperatorP1: Calculate all local scalar products beween gradients ...
19:05 DiffusionOperatorP1: Determine global dofs ...
19:05 DiffusionOperatorP1: Boundary treatment ...
19:05 DiffusionOperatorP1: Assemble system matrix ...
19:05 DiffusionOperatorP1: Calulate gradients of shape functions transformed by reference map ...
19:05 DiffusionOperatorP1: Calculate all local scalar products beween gradients ...
19:05 DiffusionOperatorP1: Determine global dofs ...
19:05 DiffusionOperatorP1: Boundary treatment ...
19:05 DiffusionOperatorP1: Assemble system matrix ...
19:05 DiffusionOperatorP1: Calulate gradients of shape functions transformed by reference map ...
19:05 DiffusionOperatorP1: Calculate all local scalar products beween gradients ...
19:05 DiffusionOperatorP1: Determine global dofs ...
19:05 DiffusionOperatorP1: Boundary treatment ...
19:05 DiffusionOperatorP1: Assemble system matrix ...
19:05 DiffusionOperatorP1: Calulate gradients of shape functions transformed by reference map ...
19:05 DiffusionOperatorP1: Calculate all local scalar products beween gradients ...
19:05 DiffusionOperatorP1: Determine global dofs ...
19:05 DiffusionOperatorP1: Boundary treatment ...
19:05 DiffusionOperatorP1: Assemble system matrix ...
19:05 L2ProductP1: Integrate the products of the shape functions on each element
19:05 L2ProductP1: Determine global dofs ...
19:05 L2ProductP1: Boundary treatment ...
19:05 L2ProductP1: Assemble system matrix ...
19:05 DiffusionOperatorP1: Calulate gradients of shape functions transformed by reference map ...
19:05 DiffusionOperatorP1: Calculate all local scalar products beween gradients ...
19:05 DiffusionOperatorP1: Determine global dofs ...
19:05 DiffusionOperatorP1: Boundary treatment ...
19:05 DiffusionOperatorP1: Assemble system matrix ...
19:05 L2ProductP1: Integrate the products of the shape functions on each element
19:05 L2ProductP1: Determine global dofs ...
19:05 L2ProductP1: Boundary treatment ...
19:05 L2ProductP1: Assemble system matrix ...
19:05 DiffusionOperatorP1: Calulate gradients of shape functions transformed by reference map ...
19:05 DiffusionOperatorP1: Calculate all local scalar products beween gradients ...
19:05 DiffusionOperatorP1: Determine global dofs ...
19:05 DiffusionOperatorP1: Boundary treatment ...
19:05 DiffusionOperatorP1: Assemble system matrix ...
19:05 gram_schmidt: Orthonormalizing vector 1 again
19:05 gram_schmidt: Orthonormalizing vector 2 again
19:05 gram_schmidt: Orthonormalizing vector 3 again
19:05 gram_schmidt: Orthonormalizing vector 4 again
19:05 gram_schmidt: Removing linearly dependent vector 5
19:05 gram_schmidt: Orthonormalizing vector 1 again
19:05 gram_schmidt: Orthonormalizing vector 2 again
19:05 gram_schmidt: Orthonormalizing vector 3 again
19:05 gram_schmidt: Orthonormalizing vector 4 again
19:05 gram_schmidt: Removing linearly dependent vector 5
</system-err></testcase><testcase classname="src.pymortests.algorithms.gram_schmidt" file="src/pymortests/algorithms/gram_schmidt.py" line="56" name="test_gram_schmidt_with_product_and_R[&lt;lambda&gt;21]" time="0.03855466842651367"><system-err>19:05 DiffusionOperatorP1: Calulate gradients of shape functions transformed by reference map ...
19:05 DiffusionOperatorP1: Calculate all local scalar products beween gradients ...
19:05 DiffusionOperatorP1: Determine global dofs ...
19:05 DiffusionOperatorP1: Boundary treatment ...
19:05 DiffusionOperatorP1: Assemble system matrix ...
19:05 DiffusionOperatorP1: Calulate gradients of shape functions transformed by reference map ...
19:05 DiffusionOperatorP1: Calculate all local scalar products beween gradients ...
19:05 DiffusionOperatorP1: Determine global dofs ...
19:05 DiffusionOperatorP1: Boundary treatment ...
19:05 DiffusionOperatorP1: Assemble system matrix ...
19:05 L2ProductP1: Integrate the products of the shape functions on each element
19:05 L2ProductP1: Determine global dofs ...
19:05 L2ProductP1: Boundary treatment ...
19:05 L2ProductP1: Assemble system matrix ...
19:05 DiffusionOperatorP1: Calulate gradients of shape functions transformed by reference map ...
19:05 DiffusionOperatorP1: Calculate all local scalar products beween gradients ...
19:05 DiffusionOperatorP1: Determine global dofs ...
19:05 DiffusionOperatorP1: Boundary treatment ...
19:05 DiffusionOperatorP1: Assemble system matrix ...
19:05 L2ProductP1: Integrate the products of the shape functions on each element
19:05 L2ProductP1: Determine global dofs ...
19:05 L2ProductP1: Boundary treatment ...
19:05 L2ProductP1: Assemble system matrix ...
19:05 DiffusionOperatorP1: Calulate gradients of shape functions transformed by reference map ...
19:05 DiffusionOperatorP1: Calculate all local scalar products beween gradients ...
19:05 DiffusionOperatorP1: Determine global dofs ...
19:05 DiffusionOperatorP1: Boundary treatment ...
19:05 DiffusionOperatorP1: Assemble system matrix ...
19:05 gram_schmidt: Orthonormalizing vector 1 again
19:05 gram_schmidt: Orthonormalizing vector 2 again
19:05 gram_schmidt: Orthonormalizing vector 3 again
19:05 gram_schmidt: Orthonormalizing vector 4 again
19:05 gram_schmidt: Orthonormalizing vector 5 again
19:05 gram_schmidt: Orthonormalizing vector 1 again
19:05 gram_schmidt: Orthonormalizing vector 2 again
19:05 gram_schmidt: Orthonormalizing vector 3 again
19:05 gram_schmidt: Orthonormalizing vector 4 again
19:05 gram_schmidt: Orthonormalizing vector 5 again
</system-err></testcase><testcase classname="src.pymortests.algorithms.gram_schmidt" file="src/pymortests/algorithms/gram_schmidt.py" line="56" name="test_gram_schmidt_with_product_and_R[&lt;lambda&gt;22]" time="0.040528297424316406"><system-err>19:05 DiffusionOperatorP1: Calulate gradients of shape functions transformed by reference map ...
19:05 DiffusionOperatorP1: Calculate all local scalar products beween gradients ...
19:05 DiffusionOperatorP1: Determine global dofs ...
19:05 DiffusionOperatorP1: Boundary treatment ...
19:05 DiffusionOperatorP1: Assemble system matrix ...
19:05 DiffusionOperatorP1: Calulate gradients of shape functions transformed by reference map ...
19:05 DiffusionOperatorP1: Calculate all local scalar products beween gradients ...
19:05 DiffusionOperatorP1: Determine global dofs ...
19:05 DiffusionOperatorP1: Boundary treatment ...
19:05 DiffusionOperatorP1: Assemble system matrix ...
19:05 DiffusionOperatorP1: Calulate gradients of shape functions transformed by reference map ...
19:05 DiffusionOperatorP1: Calculate all local scalar products beween gradients ...
19:05 DiffusionOperatorP1: Determine global dofs ...
19:05 DiffusionOperatorP1: Boundary treatment ...
19:05 DiffusionOperatorP1: Assemble system matrix ...
19:05 DiffusionOperatorP1: Calulate gradients of shape functions transformed by reference map ...
19:05 DiffusionOperatorP1: Calculate all local scalar products beween gradients ...
19:05 DiffusionOperatorP1: Determine global dofs ...
19:05 DiffusionOperatorP1: Boundary treatment ...
19:05 DiffusionOperatorP1: Assemble system matrix ...
19:05 DiffusionOperatorP1: Calulate gradients of shape functions transformed by reference map ...
19:05 DiffusionOperatorP1: Calculate all local scalar products beween gradients ...
19:05 DiffusionOperatorP1: Determine global dofs ...
19:05 DiffusionOperatorP1: Boundary treatment ...
19:05 DiffusionOperatorP1: Assemble system matrix ...
19:05 L2ProductP1: Integrate the products of the shape functions on each element
19:05 L2ProductP1: Determine global dofs ...
19:05 L2ProductP1: Boundary treatment ...
19:05 L2ProductP1: Assemble system matrix ...
19:05 DiffusionOperatorP1: Calulate gradients of shape functions transformed by reference map ...
19:05 DiffusionOperatorP1: Calculate all local scalar products beween gradients ...
19:05 DiffusionOperatorP1: Determine global dofs ...
19:05 DiffusionOperatorP1: Boundary treatment ...
19:05 DiffusionOperatorP1: Assemble system matrix ...
19:05 L2ProductP1: Integrate the products of the shape functions on each element
19:05 L2ProductP1: Determine global dofs ...
19:05 L2ProductP1: Boundary treatment ...
19:05 L2ProductP1: Assemble system matrix ...
19:05 DiffusionOperatorP1: Calulate gradients of shape functions transformed by reference map ...
19:05 DiffusionOperatorP1: Calculate all local scalar products beween gradients ...
19:05 DiffusionOperatorP1: Determine global dofs ...
19:05 DiffusionOperatorP1: Boundary treatment ...
19:05 DiffusionOperatorP1: Assemble system matrix ...
19:05 gram_schmidt: Orthonormalizing vector 3 again
19:05 gram_schmidt: Orthonormalizing vector 4 again
19:05 gram_schmidt: Orthonormalizing vector 3 again
19:05 gram_schmidt: Orthonormalizing vector 4 again
</system-err></testcase><testcase classname="src.pymortests.algorithms.gram_schmidt" file="src/pymortests/algorithms/gram_schmidt.py" line="56" name="test_gram_schmidt_with_product_and_R[&lt;lambda&gt;23]" time="0.03570270538330078"><system-err>19:05 DiffusionOperatorP1: Calulate gradients of shape functions transformed by reference map ...
19:05 DiffusionOperatorP1: Calculate all local scalar products beween gradients ...
19:05 DiffusionOperatorP1: Determine global dofs ...
19:05 DiffusionOperatorP1: Boundary treatment ...
19:05 DiffusionOperatorP1: Assemble system matrix ...
19:05 DiffusionOperatorP1: Calulate gradients of shape functions transformed by reference map ...
19:05 DiffusionOperatorP1: Calculate all local scalar products beween gradients ...
19:05 DiffusionOperatorP1: Determine global dofs ...
19:05 DiffusionOperatorP1: Boundary treatment ...
19:05 DiffusionOperatorP1: Assemble system matrix ...
19:05 L2ProductP1: Integrate the products of the shape functions on each element
19:05 L2ProductP1: Determine global dofs ...
19:05 L2ProductP1: Boundary treatment ...
19:05 L2ProductP1: Assemble system matrix ...
19:05 DiffusionOperatorP1: Calulate gradients of shape functions transformed by reference map ...
19:05 DiffusionOperatorP1: Calculate all local scalar products beween gradients ...
19:05 DiffusionOperatorP1: Determine global dofs ...
19:05 DiffusionOperatorP1: Boundary treatment ...
19:05 DiffusionOperatorP1: Assemble system matrix ...
19:05 L2ProductP1: Integrate the products of the shape functions on each element
19:05 L2ProductP1: Determine global dofs ...
19:05 L2ProductP1: Boundary treatment ...
19:05 L2ProductP1: Assemble system matrix ...
19:05 DiffusionOperatorP1: Calulate gradients of shape functions transformed by reference map ...
19:05 DiffusionOperatorP1: Calculate all local scalar products beween gradients ...
19:05 DiffusionOperatorP1: Determine global dofs ...
19:05 DiffusionOperatorP1: Boundary treatment ...
19:05 DiffusionOperatorP1: Assemble system matrix ...
19:05 gram_schmidt: Orthonormalizing vector 1 again
19:05 gram_schmidt: Orthonormalizing vector 2 again
19:05 gram_schmidt: Orthonormalizing vector 3 again
19:05 gram_schmidt: Orthonormalizing vector 4 again
19:05 gram_schmidt: Orthonormalizing vector 1 again
19:05 gram_schmidt: Orthonormalizing vector 2 again
19:05 gram_schmidt: Orthonormalizing vector 3 again
19:05 gram_schmidt: Orthonormalizing vector 4 again
</system-err></testcase><testcase classname="src.pymortests.algorithms.gram_schmidt" file="src/pymortests/algorithms/gram_schmidt.py" line="56" name="test_gram_schmidt_with_product_and_R[&lt;lambda&gt;24]" time="0.010570049285888672"><system-err>19:05 gram_schmidt: Orthonormalizing vector 1 again
19:05 gram_schmidt: Orthonormalizing vector 2 again
19:05 gram_schmidt: Orthonormalizing vector 3 again
19:05 gram_schmidt: Orthonormalizing vector 1 again
19:05 gram_schmidt: Orthonormalizing vector 2 again
19:05 gram_schmidt: Orthonormalizing vector 3 again
</system-err></testcase><testcase classname="src.pymortests.algorithms.gram_schmidt" file="src/pymortests/algorithms/gram_schmidt.py" line="56" name="test_gram_schmidt_with_product_and_R[&lt;lambda&gt;25]" time="0.010405540466308594"><system-err>19:05 gram_schmidt: Orthonormalizing vector 1 again
19:05 gram_schmidt: Orthonormalizing vector 2 again
19:05 gram_schmidt: Orthonormalizing vector 3 again
19:05 gram_schmidt: Orthonormalizing vector 1 again
19:05 gram_schmidt: Orthonormalizing vector 2 again
19:05 gram_schmidt: Orthonormalizing vector 3 again
</system-err></testcase><testcase classname="src.pymortests.algorithms.gram_schmidt" file="src/pymortests/algorithms/gram_schmidt.py" line="56" name="test_gram_schmidt_with_product_and_R[&lt;lambda&gt;26]" time="0.010436058044433594"><system-err>19:05 gram_schmidt: Orthonormalizing vector 1 again
19:05 gram_schmidt: Orthonormalizing vector 2 again
19:05 gram_schmidt: Orthonormalizing vector 3 again
19:05 gram_schmidt: Orthonormalizing vector 1 again
19:05 gram_schmidt: Orthonormalizing vector 2 again
19:05 gram_schmidt: Orthonormalizing vector 3 again
</system-err></testcase><testcase classname="src.pymortests.algorithms.gram_schmidt" file="src/pymortests/algorithms/gram_schmidt.py" line="56" name="test_gram_schmidt_with_product_and_R[&lt;lambda&gt;27]" time="0.0066263675689697266"></testcase><testcase classname="src.pymortests.algorithms.gram_schmidt" file="src/pymortests/algorithms/gram_schmidt.py" line="56" name="test_gram_schmidt_with_product_and_R[&lt;lambda&gt;28]" time="0.0071239471435546875"><system-err>19:05 gram_schmidt: Orthonormalizing vector 1 again
19:05 gram_schmidt: Orthonormalizing vector 2 again
19:05 gram_schmidt: Orthonormalizing vector 1 again
19:05 gram_schmidt: Orthonormalizing vector 2 again
</system-err></testcase><testcase classname="src.pymortests.algorithms.gram_schmidt" file="src/pymortests/algorithms/gram_schmidt.py" line="56" name="test_gram_schmidt_with_product_and_R[&lt;lambda&gt;29]" time="0.0063076019287109375"><system-err>19:05 gram_schmidt: Orthonormalizing vector 1 again
19:05 gram_schmidt: Orthonormalizing vector 2 again
19:05 gram_schmidt: Orthonormalizing vector 1 again
19:05 gram_schmidt: Orthonormalizing vector 2 again
</system-err></testcase><testcase classname="src.pymortests.algorithms.gram_schmidt" file="src/pymortests/algorithms/gram_schmidt.py" line="56" name="test_gram_schmidt_with_product_and_R[&lt;lambda&gt;30]" time="0.006313800811767578"><system-err>19:05 gram_schmidt: Orthonormalizing vector 1 again
19:05 gram_schmidt: Orthonormalizing vector 2 again
19:05 gram_schmidt: Orthonormalizing vector 1 again
19:05 gram_schmidt: Orthonormalizing vector 2 again
</system-err></testcase><testcase classname="src.pymortests.algorithms.gram_schmidt" file="src/pymortests/algorithms/gram_schmidt.py" line="56" name="test_gram_schmidt_with_product_and_R[&lt;lambda&gt;31]" time="0.006497859954833984"><system-err>19:05 gram_schmidt: Orthonormalizing vector 1 again
19:05 gram_schmidt: Orthonormalizing vector 2 again
19:05 gram_schmidt: Orthonormalizing vector 1 again
19:05 gram_schmidt: Orthonormalizing vector 2 again
</system-err></testcase><testcase classname="src.pymortests.algorithms.gram_schmidt" file="src/pymortests/algorithms/gram_schmidt.py" line="56" name="test_gram_schmidt_with_product_and_R[&lt;lambda&gt;32]" time="0.02132892608642578"><system-err>19:05 gram_schmidt: Orthonormalizing vector 3 again
19:05 gram_schmidt: Orthonormalizing vector 3 again
</system-err></testcase><testcase classname="src.pymortests.algorithms.gram_schmidt" file="src/pymortests/algorithms/gram_schmidt.py" line="56" name="test_gram_schmidt_with_product_and_R[&lt;lambda&gt;33]" time="0.017847537994384766"><system-err>19:05 gram_schmidt: Orthonormalizing vector 3 again
19:05 gram_schmidt: Orthonormalizing vector 3 again
</system-err></testcase><testcase classname="src.pymortests.algorithms.gram_schmidt" file="src/pymortests/algorithms/gram_schmidt.py" line="56" name="test_gram_schmidt_with_product_and_R[&lt;lambda&gt;34]" time="0.010921955108642578"><system-err>19:05 gram_schmidt: Orthonormalizing vector 1 again
19:05 gram_schmidt: Orthonormalizing vector 2 again
19:05 gram_schmidt: Orthonormalizing vector 3 again
19:05 gram_schmidt: Orthonormalizing vector 1 again
19:05 gram_schmidt: Orthonormalizing vector 2 again
19:05 gram_schmidt: Orthonormalizing vector 3 again
</system-err></testcase><testcase classname="src.pymortests.algorithms.gram_schmidt" file="src/pymortests/algorithms/gram_schmidt.py" line="56" name="test_gram_schmidt_with_product_and_R[&lt;lambda&gt;35]" time="0.020453453063964844"><system-err>19:05 gram_schmidt: Orthonormalizing vector 2 again
19:05 gram_schmidt: Orthonormalizing vector 3 again
19:05 gram_schmidt: Orthonormalizing vector 2 again
19:05 gram_schmidt: Orthonormalizing vector 3 again
</system-err></testcase><testcase classname="src.pymortests.algorithms.gram_schmidt" file="src/pymortests/algorithms/gram_schmidt.py" line="56" name="test_gram_schmidt_with_product_and_R[&lt;lambda&gt;36]" time="0.010509252548217773"><system-err>19:05 gram_schmidt: Orthonormalizing vector 1 again
19:05 gram_schmidt: Orthonormalizing vector 2 again
19:05 gram_schmidt: Orthonormalizing vector 3 again
19:05 gram_schmidt: Orthonormalizing vector 1 again
19:05 gram_schmidt: Orthonormalizing vector 2 again
19:05 gram_schmidt: Orthonormalizing vector 3 again
</system-err></testcase><testcase classname="src.pymortests.algorithms.gram_schmidt" file="src/pymortests/algorithms/gram_schmidt.py" line="72" name="test_gram_schmidt_biorth[0-&lt;lambda&gt;0]" time="0.0016727447509765625"></testcase><testcase classname="src.pymortests.algorithms.gram_schmidt" file="src/pymortests/algorithms/gram_schmidt.py" line="72" name="test_gram_schmidt_biorth[0-&lt;lambda&gt;1]" time="0.0013113021850585938"></testcase><testcase classname="src.pymortests.algorithms.gram_schmidt" file="src/pymortests/algorithms/gram_schmidt.py" line="72" name="test_gram_schmidt_biorth[0-&lt;lambda&gt;2]" time="0.0011153221130371094"></testcase><testcase classname="src.pymortests.algorithms.gram_schmidt" file="src/pymortests/algorithms/gram_schmidt.py" line="72" name="test_gram_schmidt_biorth[0-&lt;lambda&gt;3]" time="0.06131434440612793"></testcase><testcase classname="src.pymortests.algorithms.gram_schmidt" file="src/pymortests/algorithms/gram_schmidt.py" line="72" name="test_gram_schmidt_biorth[0-&lt;lambda&gt;4]" time="0.001680612564086914"></testcase><testcase classname="src.pymortests.algorithms.gram_schmidt" file="src/pymortests/algorithms/gram_schmidt.py" line="72" name="test_gram_schmidt_biorth[0-&lt;lambda&gt;5]" time="0.001264333724975586"></testcase><testcase classname="src.pymortests.algorithms.gram_schmidt" file="src/pymortests/algorithms/gram_schmidt.py" line="72" name="test_gram_schmidt_biorth[0-&lt;lambda&gt;6]" time="0.001180410385131836"></testcase><testcase classname="src.pymortests.algorithms.gram_schmidt" file="src/pymortests/algorithms/gram_schmidt.py" line="72" name="test_gram_schmidt_biorth[0-&lt;lambda&gt;7]" time="0.0011801719665527344"></testcase><testcase classname="src.pymortests.algorithms.gram_schmidt" file="src/pymortests/algorithms/gram_schmidt.py" line="72" name="test_gram_schmidt_biorth[0-&lt;lambda&gt;8]" time="0.11404299736022949"></testcase><testcase classname="src.pymortests.algorithms.gram_schmidt" file="src/pymortests/algorithms/gram_schmidt.py" line="72" name="test_gram_schmidt_biorth[0-&lt;lambda&gt;9]" time="0.002231597900390625"></testcase><testcase classname="src.pymortests.algorithms.gram_schmidt" file="src/pymortests/algorithms/gram_schmidt.py" line="72" name="test_gram_schmidt_biorth[0-&lt;lambda&gt;10]" time="0.0014281272888183594"></testcase><testcase classname="src.pymortests.algorithms.gram_schmidt" file="src/pymortests/algorithms/gram_schmidt.py" line="72" name="test_gram_schmidt_biorth[0-&lt;lambda&gt;11]" time="0.006096601486206055"></testcase><testcase classname="src.pymortests.algorithms.gram_schmidt" file="src/pymortests/algorithms/gram_schmidt.py" line="72" name="test_gram_schmidt_biorth[0-&lt;lambda&gt;12]" time="0.0011970996856689453"></testcase><testcase classname="src.pymortests.algorithms.gram_schmidt" file="src/pymortests/algorithms/gram_schmidt.py" line="72" name="test_gram_schmidt_biorth[0-&lt;lambda&gt;13]" time="0.001241445541381836"></testcase><testcase classname="src.pymortests.algorithms.gram_schmidt" file="src/pymortests/algorithms/gram_schmidt.py" line="72" name="test_gram_schmidt_biorth[0-&lt;lambda&gt;14]" time="0.004376411437988281"></testcase><testcase classname="src.pymortests.algorithms.gram_schmidt" file="src/pymortests/algorithms/gram_schmidt.py" line="72" name="test_gram_schmidt_biorth[0-&lt;lambda&gt;15]" time="0.22330904006958008"></testcase><testcase classname="src.pymortests.algorithms.gram_schmidt" file="src/pymortests/algorithms/gram_schmidt.py" line="72" name="test_gram_schmidt_biorth[0-&lt;lambda&gt;16]" time="0.009042024612426758"></testcase><testcase classname="src.pymortests.algorithms.gram_schmidt" file="src/pymortests/algorithms/gram_schmidt.py" line="72" name="test_gram_schmidt_biorth[0-&lt;lambda&gt;17]" time="0.002898693084716797"></testcase><testcase classname="src.pymortests.algorithms.gram_schmidt" file="src/pymortests/algorithms/gram_schmidt.py" line="72" name="test_gram_schmidt_biorth[0-&lt;lambda&gt;18]" time="0.0020599365234375"></testcase><testcase classname="src.pymortests.algorithms.gram_schmidt" file="src/pymortests/algorithms/gram_schmidt.py" line="72" name="test_gram_schmidt_biorth[0-&lt;lambda&gt;19]" time="0.003326416015625"></testcase><testcase classname="src.pymortests.algorithms.gram_schmidt" file="src/pymortests/algorithms/gram_schmidt.py" line="72" name="test_gram_schmidt_biorth[0-&lt;lambda&gt;20]" time="0.15713882446289062"></testcase><testcase classname="src.pymortests.algorithms.gram_schmidt" file="src/pymortests/algorithms/gram_schmidt.py" line="72" name="test_gram_schmidt_biorth[0-&lt;lambda&gt;21]" time="0.7898499965667725"></testcase><testcase classname="src.pymortests.algorithms.gram_schmidt" file="src/pymortests/algorithms/gram_schmidt.py" line="72" name="test_gram_schmidt_biorth[0-&lt;lambda&gt;22]" time="0.00177764892578125"></testcase><testcase classname="src.pymortests.algorithms.gram_schmidt" file="src/pymortests/algorithms/gram_schmidt.py" line="72" name="test_gram_schmidt_biorth[0-&lt;lambda&gt;23]" time="0.0012121200561523438"></testcase><testcase classname="src.pymortests.algorithms.gram_schmidt" file="src/pymortests/algorithms/gram_schmidt.py" line="72" name="test_gram_schmidt_biorth[0-&lt;lambda&gt;24]" time="0.0021233558654785156"></testcase><testcase classname="src.pymortests.algorithms.gram_schmidt" file="src/pymortests/algorithms/gram_schmidt.py" line="72" name="test_gram_schmidt_biorth[0-&lt;lambda&gt;25]" time="0.3121492862701416"></testcase><testcase classname="src.pymortests.algorithms.gram_schmidt" file="src/pymortests/algorithms/gram_schmidt.py" line="72" name="test_gram_schmidt_biorth[0-&lt;lambda&gt;26]" time="0.05585741996765137"></testcase><testcase classname="src.pymortests.algorithms.gram_schmidt" file="src/pymortests/algorithms/gram_schmidt.py" line="72" name="test_gram_schmidt_biorth[1-&lt;lambda&gt;0]" time="0.00177001953125"></testcase><testcase classname="src.pymortests.algorithms.gram_schmidt" file="src/pymortests/algorithms/gram_schmidt.py" line="72" name="test_gram_schmidt_biorth[1-&lt;lambda&gt;1]" time="0.0012655258178710938"></testcase><testcase classname="src.pymortests.algorithms.gram_schmidt" file="src/pymortests/algorithms/gram_schmidt.py" line="72" name="test_gram_schmidt_biorth[1-&lt;lambda&gt;2]" time="0.0012335777282714844"></testcase><testcase classname="src.pymortests.algorithms.gram_schmidt" file="src/pymortests/algorithms/gram_schmidt.py" line="72" name="test_gram_schmidt_biorth[1-&lt;lambda&gt;3]" time="0.060503482818603516"></testcase><testcase classname="src.pymortests.algorithms.gram_schmidt" file="src/pymortests/algorithms/gram_schmidt.py" line="72" name="test_gram_schmidt_biorth[1-&lt;lambda&gt;4]" time="0.001772165298461914"></testcase><testcase classname="src.pymortests.algorithms.gram_schmidt" file="src/pymortests/algorithms/gram_schmidt.py" line="72" name="test_gram_schmidt_biorth[1-&lt;lambda&gt;5]" time="0.0012891292572021484"></testcase><testcase classname="src.pymortests.algorithms.gram_schmidt" file="src/pymortests/algorithms/gram_schmidt.py" line="72" name="test_gram_schmidt_biorth[1-&lt;lambda&gt;6]" time="0.001142740249633789"></testcase><testcase classname="src.pymortests.algorithms.gram_schmidt" file="src/pymortests/algorithms/gram_schmidt.py" line="72" name="test_gram_schmidt_biorth[1-&lt;lambda&gt;7]" time="0.0012347698211669922"></testcase><testcase classname="src.pymortests.algorithms.gram_schmidt" file="src/pymortests/algorithms/gram_schmidt.py" line="72" name="test_gram_schmidt_biorth[1-&lt;lambda&gt;8]" time="0.11505484580993652"></testcase><testcase classname="src.pymortests.algorithms.gram_schmidt" file="src/pymortests/algorithms/gram_schmidt.py" line="72" name="test_gram_schmidt_biorth[1-&lt;lambda&gt;9]" time="0.0027811527252197266"></testcase><testcase classname="src.pymortests.algorithms.gram_schmidt" file="src/pymortests/algorithms/gram_schmidt.py" line="72" name="test_gram_schmidt_biorth[1-&lt;lambda&gt;10]" time="0.0014214515686035156"></testcase><testcase classname="src.pymortests.algorithms.gram_schmidt" file="src/pymortests/algorithms/gram_schmidt.py" line="72" name="test_gram_schmidt_biorth[1-&lt;lambda&gt;11]" time="0.006331443786621094"></testcase><testcase classname="src.pymortests.algorithms.gram_schmidt" file="src/pymortests/algorithms/gram_schmidt.py" line="72" name="test_gram_schmidt_biorth[1-&lt;lambda&gt;12]" time="0.0014235973358154297"></testcase><testcase classname="src.pymortests.algorithms.gram_schmidt" file="src/pymortests/algorithms/gram_schmidt.py" line="72" name="test_gram_schmidt_biorth[1-&lt;lambda&gt;13]" time="0.0013303756713867188"></testcase><testcase classname="src.pymortests.algorithms.gram_schmidt" file="src/pymortests/algorithms/gram_schmidt.py" line="72" name="test_gram_schmidt_biorth[1-&lt;lambda&gt;14]" time="0.004793643951416016"></testcase><testcase classname="src.pymortests.algorithms.gram_schmidt" file="src/pymortests/algorithms/gram_schmidt.py" line="72" name="test_gram_schmidt_biorth[1-&lt;lambda&gt;15]" time="0.22313332557678223"></testcase><testcase classname="src.pymortests.algorithms.gram_schmidt" file="src/pymortests/algorithms/gram_schmidt.py" line="72" name="test_gram_schmidt_biorth[1-&lt;lambda&gt;16]" time="0.009131908416748047"></testcase><testcase classname="src.pymortests.algorithms.gram_schmidt" file="src/pymortests/algorithms/gram_schmidt.py" line="72" name="test_gram_schmidt_biorth[1-&lt;lambda&gt;17]" time="0.002948760986328125"></testcase><testcase classname="src.pymortests.algorithms.gram_schmidt" file="src/pymortests/algorithms/gram_schmidt.py" line="72" name="test_gram_schmidt_biorth[1-&lt;lambda&gt;18]" time="0.0020945072174072266"></testcase><testcase classname="src.pymortests.algorithms.gram_schmidt" file="src/pymortests/algorithms/gram_schmidt.py" line="72" name="test_gram_schmidt_biorth[1-&lt;lambda&gt;19]" time="0.003392457962036133"></testcase><testcase classname="src.pymortests.algorithms.gram_schmidt" file="src/pymortests/algorithms/gram_schmidt.py" line="72" name="test_gram_schmidt_biorth[1-&lt;lambda&gt;20]" time="0.1539928913116455"></testcase><testcase classname="src.pymortests.algorithms.gram_schmidt" file="src/pymortests/algorithms/gram_schmidt.py" line="72" name="test_gram_schmidt_biorth[1-&lt;lambda&gt;21]" time="0.7924199104309082"></testcase><testcase classname="src.pymortests.algorithms.gram_schmidt" file="src/pymortests/algorithms/gram_schmidt.py" line="72" name="test_gram_schmidt_biorth[1-&lt;lambda&gt;22]" time="0.0018069744110107422"></testcase><testcase classname="src.pymortests.algorithms.gram_schmidt" file="src/pymortests/algorithms/gram_schmidt.py" line="72" name="test_gram_schmidt_biorth[1-&lt;lambda&gt;23]" time="0.0012097358703613281"></testcase><testcase classname="src.pymortests.algorithms.gram_schmidt" file="src/pymortests/algorithms/gram_schmidt.py" line="72" name="test_gram_schmidt_biorth[1-&lt;lambda&gt;24]" time="0.0021495819091796875"></testcase><testcase classname="src.pymortests.algorithms.gram_schmidt" file="src/pymortests/algorithms/gram_schmidt.py" line="72" name="test_gram_schmidt_biorth[1-&lt;lambda&gt;25]" time="0.31192469596862793"></testcase><testcase classname="src.pymortests.algorithms.gram_schmidt" file="src/pymortests/algorithms/gram_schmidt.py" line="72" name="test_gram_schmidt_biorth[1-&lt;lambda&gt;26]" time="0.05472207069396973"></testcase><testcase classname="src.pymortests.algorithms.gram_schmidt" file="src/pymortests/algorithms/gram_schmidt.py" line="72" name="test_gram_schmidt_biorth[2-&lt;lambda&gt;0]" time="0.0016548633575439453"></testcase><testcase classname="src.pymortests.algorithms.gram_schmidt" file="src/pymortests/algorithms/gram_schmidt.py" line="72" name="test_gram_schmidt_biorth[2-&lt;lambda&gt;1]" time="0.0011997222900390625"></testcase><testcase classname="src.pymortests.algorithms.gram_schmidt" file="src/pymortests/algorithms/gram_schmidt.py" line="72" name="test_gram_schmidt_biorth[2-&lt;lambda&gt;2]" time="0.0011835098266601562"></testcase><testcase classname="src.pymortests.algorithms.gram_schmidt" file="src/pymortests/algorithms/gram_schmidt.py" line="72" name="test_gram_schmidt_biorth[2-&lt;lambda&gt;3]" time="0.06220197677612305"></testcase><testcase classname="src.pymortests.algorithms.gram_schmidt" file="src/pymortests/algorithms/gram_schmidt.py" line="72" name="test_gram_schmidt_biorth[2-&lt;lambda&gt;4]" time="0.0017549991607666016"></testcase><testcase classname="src.pymortests.algorithms.gram_schmidt" file="src/pymortests/algorithms/gram_schmidt.py" line="72" name="test_gram_schmidt_biorth[2-&lt;lambda&gt;5]" time="0.0013225078582763672"></testcase><testcase classname="src.pymortests.algorithms.gram_schmidt" file="src/pymortests/algorithms/gram_schmidt.py" line="72" name="test_gram_schmidt_biorth[2-&lt;lambda&gt;6]" time="0.001209259033203125"></testcase><testcase classname="src.pymortests.algorithms.gram_schmidt" file="src/pymortests/algorithms/gram_schmidt.py" line="72" name="test_gram_schmidt_biorth[2-&lt;lambda&gt;7]" time="0.001201629638671875"></testcase><testcase classname="src.pymortests.algorithms.gram_schmidt" file="src/pymortests/algorithms/gram_schmidt.py" line="72" name="test_gram_schmidt_biorth[2-&lt;lambda&gt;8]" time="0.1161952018737793"></testcase><testcase classname="src.pymortests.algorithms.gram_schmidt" file="src/pymortests/algorithms/gram_schmidt.py" line="72" name="test_gram_schmidt_biorth[2-&lt;lambda&gt;9]" time="0.002828359603881836"></testcase><testcase classname="src.pymortests.algorithms.gram_schmidt" file="src/pymortests/algorithms/gram_schmidt.py" line="72" name="test_gram_schmidt_biorth[2-&lt;lambda&gt;10]" time="0.0014388561248779297"></testcase><testcase classname="src.pymortests.algorithms.gram_schmidt" file="src/pymortests/algorithms/gram_schmidt.py" line="72" name="test_gram_schmidt_biorth[2-&lt;lambda&gt;11]" time="0.0064182281494140625"></testcase><testcase classname="src.pymortests.algorithms.gram_schmidt" file="src/pymortests/algorithms/gram_schmidt.py" line="72" name="test_gram_schmidt_biorth[2-&lt;lambda&gt;12]" time="0.0013434886932373047"></testcase><testcase classname="src.pymortests.algorithms.gram_schmidt" file="src/pymortests/algorithms/gram_schmidt.py" line="72" name="test_gram_schmidt_biorth[2-&lt;lambda&gt;13]" time="0.0012962818145751953"></testcase><testcase classname="src.pymortests.algorithms.gram_schmidt" file="src/pymortests/algorithms/gram_schmidt.py" line="72" name="test_gram_schmidt_biorth[2-&lt;lambda&gt;14]" time="0.004689216613769531"></testcase><testcase classname="src.pymortests.algorithms.gram_schmidt" file="src/pymortests/algorithms/gram_schmidt.py" line="72" name="test_gram_schmidt_biorth[2-&lt;lambda&gt;15]" time="0.22522735595703125"></testcase><testcase classname="src.pymortests.algorithms.gram_schmidt" file="src/pymortests/algorithms/gram_schmidt.py" line="72" name="test_gram_schmidt_biorth[2-&lt;lambda&gt;16]" time="0.009225606918334961"></testcase><testcase classname="src.pymortests.algorithms.gram_schmidt" file="src/pymortests/algorithms/gram_schmidt.py" line="72" name="test_gram_schmidt_biorth[2-&lt;lambda&gt;17]" time="0.0029897689819335938"></testcase><testcase classname="src.pymortests.algorithms.gram_schmidt" file="src/pymortests/algorithms/gram_schmidt.py" line="72" name="test_gram_schmidt_biorth[2-&lt;lambda&gt;18]" time="0.002119779586791992"></testcase><testcase classname="src.pymortests.algorithms.gram_schmidt" file="src/pymortests/algorithms/gram_schmidt.py" line="72" name="test_gram_schmidt_biorth[2-&lt;lambda&gt;19]" time="0.003418445587158203"></testcase><testcase classname="src.pymortests.algorithms.gram_schmidt" file="src/pymortests/algorithms/gram_schmidt.py" line="72" name="test_gram_schmidt_biorth[2-&lt;lambda&gt;20]" time="0.1537919044494629"></testcase><testcase classname="src.pymortests.algorithms.gram_schmidt" file="src/pymortests/algorithms/gram_schmidt.py" line="72" name="test_gram_schmidt_biorth[2-&lt;lambda&gt;21]" time="0.7945263385772705"></testcase><testcase classname="src.pymortests.algorithms.gram_schmidt" file="src/pymortests/algorithms/gram_schmidt.py" line="72" name="test_gram_schmidt_biorth[2-&lt;lambda&gt;22]" time="0.0017611980438232422"></testcase><testcase classname="src.pymortests.algorithms.gram_schmidt" file="src/pymortests/algorithms/gram_schmidt.py" line="72" name="test_gram_schmidt_biorth[2-&lt;lambda&gt;23]" time="0.0013079643249511719"></testcase><testcase classname="src.pymortests.algorithms.gram_schmidt" file="src/pymortests/algorithms/gram_schmidt.py" line="72" name="test_gram_schmidt_biorth[2-&lt;lambda&gt;24]" time="0.0021491050720214844"></testcase><testcase classname="src.pymortests.algorithms.gram_schmidt" file="src/pymortests/algorithms/gram_schmidt.py" line="72" name="test_gram_schmidt_biorth[2-&lt;lambda&gt;25]" time="0.31085896492004395"></testcase><testcase classname="src.pymortests.algorithms.gram_schmidt" file="src/pymortests/algorithms/gram_schmidt.py" line="72" name="test_gram_schmidt_biorth[2-&lt;lambda&gt;26]" time="0.054113149642944336"></testcase><testcase classname="src.pymortests.algorithms.gram_schmidt" file="src/pymortests/algorithms/gram_schmidt.py" line="100" name="test_gram_schmidt_biorth_with_product[&lt;lambda&gt;0]" time="0.03364729881286621"><system-err>19:11 DiffusionOperatorP1: Calulate gradients of shape functions transformed by reference map ...
19:11 DiffusionOperatorP1: Calculate all local scalar products beween gradients ...
19:11 DiffusionOperatorP1: Determine global dofs ...
19:11 DiffusionOperatorP1: Boundary treatment ...
19:11 DiffusionOperatorP1: Assemble system matrix ...
19:11 DiffusionOperatorP1: Calulate gradients of shape functions transformed by reference map ...
19:11 DiffusionOperatorP1: Calculate all local scalar products beween gradients ...
19:11 DiffusionOperatorP1: Determine global dofs ...
19:11 DiffusionOperatorP1: Boundary treatment ...
19:11 DiffusionOperatorP1: Assemble system matrix ...
19:11 DiffusionOperatorP1: Calulate gradients of shape functions transformed by reference map ...
19:11 DiffusionOperatorP1: Calculate all local scalar products beween gradients ...
19:11 DiffusionOperatorP1: Determine global dofs ...
19:11 DiffusionOperatorP1: Boundary treatment ...
19:11 DiffusionOperatorP1: Assemble system matrix ...
19:11 DiffusionOperatorP1: Calulate gradients of shape functions transformed by reference map ...
19:11 DiffusionOperatorP1: Calculate all local scalar products beween gradients ...
19:11 DiffusionOperatorP1: Determine global dofs ...
19:11 DiffusionOperatorP1: Boundary treatment ...
19:11 DiffusionOperatorP1: Assemble system matrix ...
19:11 DiffusionOperatorP1: Calulate gradients of shape functions transformed by reference map ...
19:11 DiffusionOperatorP1: Calculate all local scalar products beween gradients ...
19:11 DiffusionOperatorP1: Determine global dofs ...
19:11 DiffusionOperatorP1: Boundary treatment ...
19:11 DiffusionOperatorP1: Assemble system matrix ...
19:11 L2ProductP1: Integrate the products of the shape functions on each element
19:11 L2ProductP1: Determine global dofs ...
19:11 L2ProductP1: Boundary treatment ...
19:11 L2ProductP1: Assemble system matrix ...
19:11 DiffusionOperatorP1: Calulate gradients of shape functions transformed by reference map ...
19:11 DiffusionOperatorP1: Calculate all local scalar products beween gradients ...
19:11 DiffusionOperatorP1: Determine global dofs ...
19:11 DiffusionOperatorP1: Boundary treatment ...
19:11 DiffusionOperatorP1: Assemble system matrix ...
19:11 L2ProductP1: Integrate the products of the shape functions on each element
19:11 L2ProductP1: Determine global dofs ...
19:11 L2ProductP1: Boundary treatment ...
19:11 L2ProductP1: Assemble system matrix ...
19:11 DiffusionOperatorP1: Calulate gradients of shape functions transformed by reference map ...
19:11 DiffusionOperatorP1: Calculate all local scalar products beween gradients ...
19:11 DiffusionOperatorP1: Determine global dofs ...
19:11 DiffusionOperatorP1: Boundary treatment ...
19:11 DiffusionOperatorP1: Assemble system matrix ...
</system-err></testcase><testcase classname="src.pymortests.algorithms.gram_schmidt" file="src/pymortests/algorithms/gram_schmidt.py" line="100" name="test_gram_schmidt_biorth_with_product[&lt;lambda&gt;1]" time="0.03052830696105957"><system-err>19:11 DiffusionOperatorP1: Calulate gradients of shape functions transformed by reference map ...
19:11 DiffusionOperatorP1: Calculate all local scalar products beween gradients ...
19:11 DiffusionOperatorP1: Determine global dofs ...
19:11 DiffusionOperatorP1: Boundary treatment ...
19:11 DiffusionOperatorP1: Assemble system matrix ...
19:11 DiffusionOperatorP1: Calulate gradients of shape functions transformed by reference map ...
19:11 DiffusionOperatorP1: Calculate all local scalar products beween gradients ...
19:11 DiffusionOperatorP1: Determine global dofs ...
19:11 DiffusionOperatorP1: Boundary treatment ...
19:11 DiffusionOperatorP1: Assemble system matrix ...
19:11 L2ProductP1: Integrate the products of the shape functions on each element
19:11 L2ProductP1: Determine global dofs ...
19:11 L2ProductP1: Boundary treatment ...
19:11 L2ProductP1: Assemble system matrix ...
19:11 DiffusionOperatorP1: Calulate gradients of shape functions transformed by reference map ...
19:11 DiffusionOperatorP1: Calculate all local scalar products beween gradients ...
19:11 DiffusionOperatorP1: Determine global dofs ...
19:11 DiffusionOperatorP1: Boundary treatment ...
19:11 DiffusionOperatorP1: Assemble system matrix ...
19:11 L2ProductP1: Integrate the products of the shape functions on each element
19:11 L2ProductP1: Determine global dofs ...
19:11 L2ProductP1: Boundary treatment ...
19:11 L2ProductP1: Assemble system matrix ...
19:11 DiffusionOperatorP1: Calulate gradients of shape functions transformed by reference map ...
19:11 DiffusionOperatorP1: Calculate all local scalar products beween gradients ...
19:11 DiffusionOperatorP1: Determine global dofs ...
19:11 DiffusionOperatorP1: Boundary treatment ...
19:11 DiffusionOperatorP1: Assemble system matrix ...
19:11 gram_schmidt_biorth: Projecting vector V[1] again
19:11 gram_schmidt_biorth: Projecting vector W[1] again
19:11 gram_schmidt_biorth: Projecting vector V[1] again
19:11 gram_schmidt_biorth: Projecting vector W[1] again
</system-err></testcase><testcase classname="src.pymortests.algorithms.gram_schmidt" file="src/pymortests/algorithms/gram_schmidt.py" line="100" name="test_gram_schmidt_biorth_with_product[&lt;lambda&gt;2]" time="0.0353238582611084"><system-err>19:11 DiffusionOperatorP1: Calulate gradients of shape functions transformed by reference map ...
19:11 DiffusionOperatorP1: Calculate all local scalar products beween gradients ...
19:11 DiffusionOperatorP1: Determine global dofs ...
19:11 DiffusionOperatorP1: Boundary treatment ...
19:11 DiffusionOperatorP1: Assemble system matrix ...
19:11 DiffusionOperatorP1: Calulate gradients of shape functions transformed by reference map ...
19:11 DiffusionOperatorP1: Calculate all local scalar products beween gradients ...
19:11 DiffusionOperatorP1: Determine global dofs ...
19:11 DiffusionOperatorP1: Boundary treatment ...
19:11 DiffusionOperatorP1: Assemble system matrix ...
19:11 DiffusionOperatorP1: Calulate gradients of shape functions transformed by reference map ...
19:11 DiffusionOperatorP1: Calculate all local scalar products beween gradients ...
19:11 DiffusionOperatorP1: Determine global dofs ...
19:11 DiffusionOperatorP1: Boundary treatment ...
19:11 DiffusionOperatorP1: Assemble system matrix ...
19:11 DiffusionOperatorP1: Calulate gradients of shape functions transformed by reference map ...
19:11 DiffusionOperatorP1: Calculate all local scalar products beween gradients ...
19:11 DiffusionOperatorP1: Determine global dofs ...
19:11 DiffusionOperatorP1: Boundary treatment ...
19:11 DiffusionOperatorP1: Assemble system matrix ...
19:11 DiffusionOperatorP1: Calulate gradients of shape functions transformed by reference map ...
19:11 DiffusionOperatorP1: Calculate all local scalar products beween gradients ...
19:11 DiffusionOperatorP1: Determine global dofs ...
19:11 DiffusionOperatorP1: Boundary treatment ...
19:11 DiffusionOperatorP1: Assemble system matrix ...
19:11 L2ProductP1: Integrate the products of the shape functions on each element
19:11 L2ProductP1: Determine global dofs ...
19:11 L2ProductP1: Boundary treatment ...
19:11 L2ProductP1: Assemble system matrix ...
19:11 DiffusionOperatorP1: Calulate gradients of shape functions transformed by reference map ...
19:11 DiffusionOperatorP1: Calculate all local scalar products beween gradients ...
19:11 DiffusionOperatorP1: Determine global dofs ...
19:11 DiffusionOperatorP1: Boundary treatment ...
19:11 DiffusionOperatorP1: Assemble system matrix ...
19:11 L2ProductP1: Integrate the products of the shape functions on each element
19:11 L2ProductP1: Determine global dofs ...
19:11 L2ProductP1: Boundary treatment ...
19:11 L2ProductP1: Assemble system matrix ...
19:11 DiffusionOperatorP1: Calulate gradients of shape functions transformed by reference map ...
19:11 DiffusionOperatorP1: Calculate all local scalar products beween gradients ...
19:11 DiffusionOperatorP1: Determine global dofs ...
19:11 DiffusionOperatorP1: Boundary treatment ...
19:11 DiffusionOperatorP1: Assemble system matrix ...
</system-err></testcase><testcase classname="src.pymortests.algorithms.gram_schmidt" file="src/pymortests/algorithms/gram_schmidt.py" line="100" name="test_gram_schmidt_biorth_with_product[&lt;lambda&gt;3]" time="0.031302452087402344"><system-err>19:11 DiffusionOperatorP1: Calulate gradients of shape functions transformed by reference map ...
19:11 DiffusionOperatorP1: Calculate all local scalar products beween gradients ...
19:11 DiffusionOperatorP1: Determine global dofs ...
19:11 DiffusionOperatorP1: Boundary treatment ...
19:11 DiffusionOperatorP1: Assemble system matrix ...
19:11 DiffusionOperatorP1: Calulate gradients of shape functions transformed by reference map ...
19:11 DiffusionOperatorP1: Calculate all local scalar products beween gradients ...
19:11 DiffusionOperatorP1: Determine global dofs ...
19:11 DiffusionOperatorP1: Boundary treatment ...
19:11 DiffusionOperatorP1: Assemble system matrix ...
19:11 L2ProductP1: Integrate the products of the shape functions on each element
19:11 L2ProductP1: Determine global dofs ...
19:11 L2ProductP1: Boundary treatment ...
19:11 L2ProductP1: Assemble system matrix ...
19:11 DiffusionOperatorP1: Calulate gradients of shape functions transformed by reference map ...
19:11 DiffusionOperatorP1: Calculate all local scalar products beween gradients ...
19:11 DiffusionOperatorP1: Determine global dofs ...
19:11 DiffusionOperatorP1: Boundary treatment ...
19:11 DiffusionOperatorP1: Assemble system matrix ...
19:11 L2ProductP1: Integrate the products of the shape functions on each element
19:11 L2ProductP1: Determine global dofs ...
19:11 L2ProductP1: Boundary treatment ...
19:11 L2ProductP1: Assemble system matrix ...
19:11 DiffusionOperatorP1: Calulate gradients of shape functions transformed by reference map ...
19:11 DiffusionOperatorP1: Calculate all local scalar products beween gradients ...
19:11 DiffusionOperatorP1: Determine global dofs ...
19:11 DiffusionOperatorP1: Boundary treatment ...
19:11 DiffusionOperatorP1: Assemble system matrix ...
19:11 gram_schmidt_biorth: Projecting vector V[1] again
19:11 gram_schmidt_biorth: Projecting vector W[1] again
19:11 gram_schmidt_biorth: Projecting vector V[1] again
19:11 gram_schmidt_biorth: Projecting vector W[1] again
</system-err></testcase><testcase classname="src.pymortests.algorithms.gram_schmidt" file="src/pymortests/algorithms/gram_schmidt.py" line="100" name="test_gram_schmidt_biorth_with_product[&lt;lambda&gt;4]" time="0.03370833396911621"><system-err>19:11 DiffusionOperatorP1: Calulate gradients of shape functions transformed by reference map ...
19:11 DiffusionOperatorP1: Calculate all local scalar products beween gradients ...
19:11 DiffusionOperatorP1: Determine global dofs ...
19:11 DiffusionOperatorP1: Boundary treatment ...
19:11 DiffusionOperatorP1: Assemble system matrix ...
19:11 DiffusionOperatorP1: Calulate gradients of shape functions transformed by reference map ...
19:11 DiffusionOperatorP1: Calculate all local scalar products beween gradients ...
19:11 DiffusionOperatorP1: Determine global dofs ...
19:11 DiffusionOperatorP1: Boundary treatment ...
19:11 DiffusionOperatorP1: Assemble system matrix ...
19:11 DiffusionOperatorP1: Calulate gradients of shape functions transformed by reference map ...
19:11 DiffusionOperatorP1: Calculate all local scalar products beween gradients ...
19:11 DiffusionOperatorP1: Determine global dofs ...
19:11 DiffusionOperatorP1: Boundary treatment ...
19:11 DiffusionOperatorP1: Assemble system matrix ...
19:11 DiffusionOperatorP1: Calulate gradients of shape functions transformed by reference map ...
19:11 DiffusionOperatorP1: Calculate all local scalar products beween gradients ...
19:11 DiffusionOperatorP1: Determine global dofs ...
19:11 DiffusionOperatorP1: Boundary treatment ...
19:11 DiffusionOperatorP1: Assemble system matrix ...
19:11 DiffusionOperatorP1: Calulate gradients of shape functions transformed by reference map ...
19:11 DiffusionOperatorP1: Calculate all local scalar products beween gradients ...
19:11 DiffusionOperatorP1: Determine global dofs ...
19:11 DiffusionOperatorP1: Boundary treatment ...
19:11 DiffusionOperatorP1: Assemble system matrix ...
19:11 L2ProductP1: Integrate the products of the shape functions on each element
19:11 L2ProductP1: Determine global dofs ...
19:11 L2ProductP1: Boundary treatment ...
19:11 L2ProductP1: Assemble system matrix ...
19:11 DiffusionOperatorP1: Calulate gradients of shape functions transformed by reference map ...
19:11 DiffusionOperatorP1: Calculate all local scalar products beween gradients ...
19:11 DiffusionOperatorP1: Determine global dofs ...
19:11 DiffusionOperatorP1: Boundary treatment ...
19:11 DiffusionOperatorP1: Assemble system matrix ...
19:11 L2ProductP1: Integrate the products of the shape functions on each element
19:11 L2ProductP1: Determine global dofs ...
19:11 L2ProductP1: Boundary treatment ...
19:11 L2ProductP1: Assemble system matrix ...
19:11 DiffusionOperatorP1: Calulate gradients of shape functions transformed by reference map ...
19:11 DiffusionOperatorP1: Calculate all local scalar products beween gradients ...
19:11 DiffusionOperatorP1: Determine global dofs ...
19:11 DiffusionOperatorP1: Boundary treatment ...
19:11 DiffusionOperatorP1: Assemble system matrix ...
</system-err></testcase><testcase classname="src.pymortests.algorithms.gram_schmidt" file="src/pymortests/algorithms/gram_schmidt.py" line="100" name="test_gram_schmidt_biorth_with_product[&lt;lambda&gt;5]" time="0.03139209747314453"><system-err>19:11 DiffusionOperatorP1: Calulate gradients of shape functions transformed by reference map ...
19:11 DiffusionOperatorP1: Calculate all local scalar products beween gradients ...
19:11 DiffusionOperatorP1: Determine global dofs ...
19:11 DiffusionOperatorP1: Boundary treatment ...
19:11 DiffusionOperatorP1: Assemble system matrix ...
19:11 DiffusionOperatorP1: Calulate gradients of shape functions transformed by reference map ...
19:11 DiffusionOperatorP1: Calculate all local scalar products beween gradients ...
19:11 DiffusionOperatorP1: Determine global dofs ...
19:11 DiffusionOperatorP1: Boundary treatment ...
19:11 DiffusionOperatorP1: Assemble system matrix ...
19:11 L2ProductP1: Integrate the products of the shape functions on each element
19:11 L2ProductP1: Determine global dofs ...
19:11 L2ProductP1: Boundary treatment ...
19:11 L2ProductP1: Assemble system matrix ...
19:11 DiffusionOperatorP1: Calulate gradients of shape functions transformed by reference map ...
19:11 DiffusionOperatorP1: Calculate all local scalar products beween gradients ...
19:11 DiffusionOperatorP1: Determine global dofs ...
19:11 DiffusionOperatorP1: Boundary treatment ...
19:11 DiffusionOperatorP1: Assemble system matrix ...
19:11 L2ProductP1: Integrate the products of the shape functions on each element
19:11 L2ProductP1: Determine global dofs ...
19:11 L2ProductP1: Boundary treatment ...
19:11 L2ProductP1: Assemble system matrix ...
19:11 DiffusionOperatorP1: Calulate gradients of shape functions transformed by reference map ...
19:11 DiffusionOperatorP1: Calculate all local scalar products beween gradients ...
19:11 DiffusionOperatorP1: Determine global dofs ...
19:11 DiffusionOperatorP1: Boundary treatment ...
19:11 DiffusionOperatorP1: Assemble system matrix ...
19:11 gram_schmidt_biorth: Projecting vector V[1] again
19:11 gram_schmidt_biorth: Projecting vector W[1] again
19:11 gram_schmidt_biorth: Projecting vector V[1] again
19:11 gram_schmidt_biorth: Projecting vector W[1] again
</system-err></testcase><testcase classname="src.pymortests.algorithms.gram_schmidt" file="src/pymortests/algorithms/gram_schmidt.py" line="100" name="test_gram_schmidt_biorth_with_product[&lt;lambda&gt;6]" time="0.033624887466430664"><system-err>19:11 DiffusionOperatorP1: Calulate gradients of shape functions transformed by reference map ...
19:11 DiffusionOperatorP1: Calculate all local scalar products beween gradients ...
19:11 DiffusionOperatorP1: Determine global dofs ...
19:11 DiffusionOperatorP1: Boundary treatment ...
19:11 DiffusionOperatorP1: Assemble system matrix ...
19:11 DiffusionOperatorP1: Calulate gradients of shape functions transformed by reference map ...
19:11 DiffusionOperatorP1: Calculate all local scalar products beween gradients ...
19:11 DiffusionOperatorP1: Determine global dofs ...
19:11 DiffusionOperatorP1: Boundary treatment ...
19:11 DiffusionOperatorP1: Assemble system matrix ...
19:11 DiffusionOperatorP1: Calulate gradients of shape functions transformed by reference map ...
19:11 DiffusionOperatorP1: Calculate all local scalar products beween gradients ...
19:11 DiffusionOperatorP1: Determine global dofs ...
19:11 DiffusionOperatorP1: Boundary treatment ...
19:11 DiffusionOperatorP1: Assemble system matrix ...
19:11 DiffusionOperatorP1: Calulate gradients of shape functions transformed by reference map ...
19:11 DiffusionOperatorP1: Calculate all local scalar products beween gradients ...
19:11 DiffusionOperatorP1: Determine global dofs ...
19:11 DiffusionOperatorP1: Boundary treatment ...
19:11 DiffusionOperatorP1: Assemble system matrix ...
19:11 DiffusionOperatorP1: Calulate gradients of shape functions transformed by reference map ...
19:11 DiffusionOperatorP1: Calculate all local scalar products beween gradients ...
19:11 DiffusionOperatorP1: Determine global dofs ...
19:11 DiffusionOperatorP1: Boundary treatment ...
19:11 DiffusionOperatorP1: Assemble system matrix ...
19:11 L2ProductP1: Integrate the products of the shape functions on each element
19:11 L2ProductP1: Determine global dofs ...
19:11 L2ProductP1: Boundary treatment ...
19:11 L2ProductP1: Assemble system matrix ...
19:11 DiffusionOperatorP1: Calulate gradients of shape functions transformed by reference map ...
19:11 DiffusionOperatorP1: Calculate all local scalar products beween gradients ...
19:11 DiffusionOperatorP1: Determine global dofs ...
19:11 DiffusionOperatorP1: Boundary treatment ...
19:11 DiffusionOperatorP1: Assemble system matrix ...
19:11 L2ProductP1: Integrate the products of the shape functions on each element
19:11 L2ProductP1: Determine global dofs ...
19:11 L2ProductP1: Boundary treatment ...
19:11 L2ProductP1: Assemble system matrix ...
19:11 DiffusionOperatorP1: Calulate gradients of shape functions transformed by reference map ...
19:11 DiffusionOperatorP1: Calculate all local scalar products beween gradients ...
19:11 DiffusionOperatorP1: Determine global dofs ...
19:11 DiffusionOperatorP1: Boundary treatment ...
19:11 DiffusionOperatorP1: Assemble system matrix ...
</system-err></testcase><testcase classname="src.pymortests.algorithms.gram_schmidt" file="src/pymortests/algorithms/gram_schmidt.py" line="100" name="test_gram_schmidt_biorth_with_product[&lt;lambda&gt;7]" time="0.031136035919189453"><system-err>19:11 DiffusionOperatorP1: Calulate gradients of shape functions transformed by reference map ...
19:11 DiffusionOperatorP1: Calculate all local scalar products beween gradients ...
19:11 DiffusionOperatorP1: Determine global dofs ...
19:11 DiffusionOperatorP1: Boundary treatment ...
19:11 DiffusionOperatorP1: Assemble system matrix ...
19:11 DiffusionOperatorP1: Calulate gradients of shape functions transformed by reference map ...
19:11 DiffusionOperatorP1: Calculate all local scalar products beween gradients ...
19:11 DiffusionOperatorP1: Determine global dofs ...
19:11 DiffusionOperatorP1: Boundary treatment ...
19:11 DiffusionOperatorP1: Assemble system matrix ...
19:11 L2ProductP1: Integrate the products of the shape functions on each element
19:11 L2ProductP1: Determine global dofs ...
19:11 L2ProductP1: Boundary treatment ...
19:11 L2ProductP1: Assemble system matrix ...
19:11 DiffusionOperatorP1: Calulate gradients of shape functions transformed by reference map ...
19:11 DiffusionOperatorP1: Calculate all local scalar products beween gradients ...
19:11 DiffusionOperatorP1: Determine global dofs ...
19:11 DiffusionOperatorP1: Boundary treatment ...
19:11 DiffusionOperatorP1: Assemble system matrix ...
19:11 L2ProductP1: Integrate the products of the shape functions on each element
19:11 L2ProductP1: Determine global dofs ...
19:11 L2ProductP1: Boundary treatment ...
19:11 L2ProductP1: Assemble system matrix ...
19:11 DiffusionOperatorP1: Calulate gradients of shape functions transformed by reference map ...
19:11 DiffusionOperatorP1: Calculate all local scalar products beween gradients ...
19:11 DiffusionOperatorP1: Determine global dofs ...
19:11 DiffusionOperatorP1: Boundary treatment ...
19:11 DiffusionOperatorP1: Assemble system matrix ...
19:11 gram_schmidt_biorth: Projecting vector V[1] again
19:11 gram_schmidt_biorth: Projecting vector W[1] again
19:11 gram_schmidt_biorth: Projecting vector V[1] again
19:11 gram_schmidt_biorth: Projecting vector W[1] again
</system-err></testcase><testcase classname="src.pymortests.algorithms.gram_schmidt" file="src/pymortests/algorithms/gram_schmidt.py" line="100" name="test_gram_schmidt_biorth_with_product[&lt;lambda&gt;8]" time="0.03513622283935547"><system-err>19:11 DiffusionOperatorP1: Calulate gradients of shape functions transformed by reference map ...
19:11 DiffusionOperatorP1: Calculate all local scalar products beween gradients ...
19:11 DiffusionOperatorP1: Determine global dofs ...
19:11 DiffusionOperatorP1: Boundary treatment ...
19:11 DiffusionOperatorP1: Assemble system matrix ...
19:11 DiffusionOperatorP1: Calulate gradients of shape functions transformed by reference map ...
19:11 DiffusionOperatorP1: Calculate all local scalar products beween gradients ...
19:11 DiffusionOperatorP1: Determine global dofs ...
19:11 DiffusionOperatorP1: Boundary treatment ...
19:11 DiffusionOperatorP1: Assemble system matrix ...
19:11 DiffusionOperatorP1: Calulate gradients of shape functions transformed by reference map ...
19:11 DiffusionOperatorP1: Calculate all local scalar products beween gradients ...
19:11 DiffusionOperatorP1: Determine global dofs ...
19:11 DiffusionOperatorP1: Boundary treatment ...
19:11 DiffusionOperatorP1: Assemble system matrix ...
19:11 DiffusionOperatorP1: Calulate gradients of shape functions transformed by reference map ...
19:11 DiffusionOperatorP1: Calculate all local scalar products beween gradients ...
19:11 DiffusionOperatorP1: Determine global dofs ...
19:11 DiffusionOperatorP1: Boundary treatment ...
19:11 DiffusionOperatorP1: Assemble system matrix ...
19:11 DiffusionOperatorP1: Calulate gradients of shape functions transformed by reference map ...
19:11 DiffusionOperatorP1: Calculate all local scalar products beween gradients ...
19:11 DiffusionOperatorP1: Determine global dofs ...
19:11 DiffusionOperatorP1: Boundary treatment ...
19:11 DiffusionOperatorP1: Assemble system matrix ...
19:11 L2ProductP1: Integrate the products of the shape functions on each element
19:11 L2ProductP1: Determine global dofs ...
19:11 L2ProductP1: Boundary treatment ...
19:11 L2ProductP1: Assemble system matrix ...
19:11 DiffusionOperatorP1: Calulate gradients of shape functions transformed by reference map ...
19:11 DiffusionOperatorP1: Calculate all local scalar products beween gradients ...
19:11 DiffusionOperatorP1: Determine global dofs ...
19:11 DiffusionOperatorP1: Boundary treatment ...
19:11 DiffusionOperatorP1: Assemble system matrix ...
19:11 L2ProductP1: Integrate the products of the shape functions on each element
19:11 L2ProductP1: Determine global dofs ...
19:11 L2ProductP1: Boundary treatment ...
19:11 L2ProductP1: Assemble system matrix ...
19:11 DiffusionOperatorP1: Calulate gradients of shape functions transformed by reference map ...
19:11 DiffusionOperatorP1: Calculate all local scalar products beween gradients ...
19:11 DiffusionOperatorP1: Determine global dofs ...
19:11 DiffusionOperatorP1: Boundary treatment ...
19:11 DiffusionOperatorP1: Assemble system matrix ...
</system-err></testcase><testcase classname="src.pymortests.algorithms.gram_schmidt" file="src/pymortests/algorithms/gram_schmidt.py" line="100" name="test_gram_schmidt_biorth_with_product[&lt;lambda&gt;9]" time="0.030880451202392578"><system-err>19:11 DiffusionOperatorP1: Calulate gradients of shape functions transformed by reference map ...
19:11 DiffusionOperatorP1: Calculate all local scalar products beween gradients ...
19:11 DiffusionOperatorP1: Determine global dofs ...
19:11 DiffusionOperatorP1: Boundary treatment ...
19:11 DiffusionOperatorP1: Assemble system matrix ...
19:11 DiffusionOperatorP1: Calulate gradients of shape functions transformed by reference map ...
19:11 DiffusionOperatorP1: Calculate all local scalar products beween gradients ...
19:11 DiffusionOperatorP1: Determine global dofs ...
19:11 DiffusionOperatorP1: Boundary treatment ...
19:11 DiffusionOperatorP1: Assemble system matrix ...
19:11 L2ProductP1: Integrate the products of the shape functions on each element
19:11 L2ProductP1: Determine global dofs ...
19:11 L2ProductP1: Boundary treatment ...
19:11 L2ProductP1: Assemble system matrix ...
19:11 DiffusionOperatorP1: Calulate gradients of shape functions transformed by reference map ...
19:11 DiffusionOperatorP1: Calculate all local scalar products beween gradients ...
19:11 DiffusionOperatorP1: Determine global dofs ...
19:11 DiffusionOperatorP1: Boundary treatment ...
19:11 DiffusionOperatorP1: Assemble system matrix ...
19:11 L2ProductP1: Integrate the products of the shape functions on each element
19:11 L2ProductP1: Determine global dofs ...
19:11 L2ProductP1: Boundary treatment ...
19:11 L2ProductP1: Assemble system matrix ...
19:11 DiffusionOperatorP1: Calulate gradients of shape functions transformed by reference map ...
19:11 DiffusionOperatorP1: Calculate all local scalar products beween gradients ...
19:11 DiffusionOperatorP1: Determine global dofs ...
19:11 DiffusionOperatorP1: Boundary treatment ...
19:11 DiffusionOperatorP1: Assemble system matrix ...
19:11 gram_schmidt_biorth: Projecting vector V[1] again
19:11 gram_schmidt_biorth: Projecting vector W[1] again
19:11 gram_schmidt_biorth: Projecting vector V[1] again
19:11 gram_schmidt_biorth: Projecting vector W[1] again
</system-err></testcase><testcase classname="src.pymortests.algorithms.gram_schmidt" file="src/pymortests/algorithms/gram_schmidt.py" line="100" name="test_gram_schmidt_biorth_with_product[&lt;lambda&gt;10]" time="0.03568267822265625"><system-err>19:11 DiffusionOperatorP1: Calulate gradients of shape functions transformed by reference map ...
19:11 DiffusionOperatorP1: Calculate all local scalar products beween gradients ...
19:11 DiffusionOperatorP1: Determine global dofs ...
19:11 DiffusionOperatorP1: Boundary treatment ...
19:11 DiffusionOperatorP1: Assemble system matrix ...
19:11 DiffusionOperatorP1: Calulate gradients of shape functions transformed by reference map ...
19:11 DiffusionOperatorP1: Calculate all local scalar products beween gradients ...
19:11 DiffusionOperatorP1: Determine global dofs ...
19:11 DiffusionOperatorP1: Boundary treatment ...
19:11 DiffusionOperatorP1: Assemble system matrix ...
19:11 DiffusionOperatorP1: Calulate gradients of shape functions transformed by reference map ...
19:11 DiffusionOperatorP1: Calculate all local scalar products beween gradients ...
19:11 DiffusionOperatorP1: Determine global dofs ...
19:11 DiffusionOperatorP1: Boundary treatment ...
19:11 DiffusionOperatorP1: Assemble system matrix ...
19:11 DiffusionOperatorP1: Calulate gradients of shape functions transformed by reference map ...
19:11 DiffusionOperatorP1: Calculate all local scalar products beween gradients ...
19:11 DiffusionOperatorP1: Determine global dofs ...
19:11 DiffusionOperatorP1: Boundary treatment ...
19:11 DiffusionOperatorP1: Assemble system matrix ...
19:11 DiffusionOperatorP1: Calulate gradients of shape functions transformed by reference map ...
19:11 DiffusionOperatorP1: Calculate all local scalar products beween gradients ...
19:11 DiffusionOperatorP1: Determine global dofs ...
19:11 DiffusionOperatorP1: Boundary treatment ...
19:11 DiffusionOperatorP1: Assemble system matrix ...
19:11 L2ProductP1: Integrate the products of the shape functions on each element
19:11 L2ProductP1: Determine global dofs ...
19:11 L2ProductP1: Boundary treatment ...
19:11 L2ProductP1: Assemble system matrix ...
19:11 DiffusionOperatorP1: Calulate gradients of shape functions transformed by reference map ...
19:11 DiffusionOperatorP1: Calculate all local scalar products beween gradients ...
19:11 DiffusionOperatorP1: Determine global dofs ...
19:11 DiffusionOperatorP1: Boundary treatment ...
19:11 DiffusionOperatorP1: Assemble system matrix ...
19:11 L2ProductP1: Integrate the products of the shape functions on each element
19:11 L2ProductP1: Determine global dofs ...
19:11 L2ProductP1: Boundary treatment ...
19:11 L2ProductP1: Assemble system matrix ...
19:11 DiffusionOperatorP1: Calulate gradients of shape functions transformed by reference map ...
19:11 DiffusionOperatorP1: Calculate all local scalar products beween gradients ...
19:11 DiffusionOperatorP1: Determine global dofs ...
19:11 DiffusionOperatorP1: Boundary treatment ...
19:11 DiffusionOperatorP1: Assemble system matrix ...
</system-err></testcase><testcase classname="src.pymortests.algorithms.gram_schmidt" file="src/pymortests/algorithms/gram_schmidt.py" line="100" name="test_gram_schmidt_biorth_with_product[&lt;lambda&gt;11]" time="0.030583858489990234"><system-err>19:11 DiffusionOperatorP1: Calulate gradients of shape functions transformed by reference map ...
19:11 DiffusionOperatorP1: Calculate all local scalar products beween gradients ...
19:11 DiffusionOperatorP1: Determine global dofs ...
19:11 DiffusionOperatorP1: Boundary treatment ...
19:11 DiffusionOperatorP1: Assemble system matrix ...
19:11 DiffusionOperatorP1: Calulate gradients of shape functions transformed by reference map ...
19:11 DiffusionOperatorP1: Calculate all local scalar products beween gradients ...
19:11 DiffusionOperatorP1: Determine global dofs ...
19:11 DiffusionOperatorP1: Boundary treatment ...
19:11 DiffusionOperatorP1: Assemble system matrix ...
19:11 L2ProductP1: Integrate the products of the shape functions on each element
19:11 L2ProductP1: Determine global dofs ...
19:11 L2ProductP1: Boundary treatment ...
19:11 L2ProductP1: Assemble system matrix ...
19:11 DiffusionOperatorP1: Calulate gradients of shape functions transformed by reference map ...
19:11 DiffusionOperatorP1: Calculate all local scalar products beween gradients ...
19:11 DiffusionOperatorP1: Determine global dofs ...
19:11 DiffusionOperatorP1: Boundary treatment ...
19:11 DiffusionOperatorP1: Assemble system matrix ...
19:11 L2ProductP1: Integrate the products of the shape functions on each element
19:11 L2ProductP1: Determine global dofs ...
19:11 L2ProductP1: Boundary treatment ...
19:11 L2ProductP1: Assemble system matrix ...
19:11 DiffusionOperatorP1: Calulate gradients of shape functions transformed by reference map ...
19:11 DiffusionOperatorP1: Calculate all local scalar products beween gradients ...
19:11 DiffusionOperatorP1: Determine global dofs ...
19:11 DiffusionOperatorP1: Boundary treatment ...
19:11 DiffusionOperatorP1: Assemble system matrix ...
19:11 gram_schmidt_biorth: Projecting vector V[1] again
19:11 gram_schmidt_biorth: Projecting vector W[1] again
19:11 gram_schmidt_biorth: Projecting vector V[1] again
19:11 gram_schmidt_biorth: Projecting vector W[1] again
</system-err></testcase><testcase classname="src.pymortests.algorithms.gram_schmidt" file="src/pymortests/algorithms/gram_schmidt.py" line="100" name="test_gram_schmidt_biorth_with_product[&lt;lambda&gt;12]" time="0.03578448295593262"><system-err>19:11 DiffusionOperatorP1: Calulate gradients of shape functions transformed by reference map ...
19:11 DiffusionOperatorP1: Calculate all local scalar products beween gradients ...
19:11 DiffusionOperatorP1: Determine global dofs ...
19:11 DiffusionOperatorP1: Boundary treatment ...
19:11 DiffusionOperatorP1: Assemble system matrix ...
19:11 DiffusionOperatorP1: Calulate gradients of shape functions transformed by reference map ...
19:11 DiffusionOperatorP1: Calculate all local scalar products beween gradients ...
19:11 DiffusionOperatorP1: Determine global dofs ...
19:11 DiffusionOperatorP1: Boundary treatment ...
19:11 DiffusionOperatorP1: Assemble system matrix ...
19:11 DiffusionOperatorP1: Calulate gradients of shape functions transformed by reference map ...
19:11 DiffusionOperatorP1: Calculate all local scalar products beween gradients ...
19:11 DiffusionOperatorP1: Determine global dofs ...
19:11 DiffusionOperatorP1: Boundary treatment ...
19:11 DiffusionOperatorP1: Assemble system matrix ...
19:11 DiffusionOperatorP1: Calulate gradients of shape functions transformed by reference map ...
19:11 DiffusionOperatorP1: Calculate all local scalar products beween gradients ...
19:11 DiffusionOperatorP1: Determine global dofs ...
19:11 DiffusionOperatorP1: Boundary treatment ...
19:11 DiffusionOperatorP1: Assemble system matrix ...
19:11 DiffusionOperatorP1: Calulate gradients of shape functions transformed by reference map ...
19:11 DiffusionOperatorP1: Calculate all local scalar products beween gradients ...
19:11 DiffusionOperatorP1: Determine global dofs ...
19:11 DiffusionOperatorP1: Boundary treatment ...
19:11 DiffusionOperatorP1: Assemble system matrix ...
19:11 L2ProductP1: Integrate the products of the shape functions on each element
19:11 L2ProductP1: Determine global dofs ...
19:11 L2ProductP1: Boundary treatment ...
19:11 L2ProductP1: Assemble system matrix ...
19:11 DiffusionOperatorP1: Calulate gradients of shape functions transformed by reference map ...
19:11 DiffusionOperatorP1: Calculate all local scalar products beween gradients ...
19:11 DiffusionOperatorP1: Determine global dofs ...
19:11 DiffusionOperatorP1: Boundary treatment ...
19:11 DiffusionOperatorP1: Assemble system matrix ...
19:11 L2ProductP1: Integrate the products of the shape functions on each element
19:11 L2ProductP1: Determine global dofs ...
19:11 L2ProductP1: Boundary treatment ...
19:11 L2ProductP1: Assemble system matrix ...
19:11 DiffusionOperatorP1: Calulate gradients of shape functions transformed by reference map ...
19:11 DiffusionOperatorP1: Calculate all local scalar products beween gradients ...
19:11 DiffusionOperatorP1: Determine global dofs ...
19:11 DiffusionOperatorP1: Boundary treatment ...
19:11 DiffusionOperatorP1: Assemble system matrix ...
</system-err></testcase><testcase classname="src.pymortests.algorithms.gram_schmidt" file="src/pymortests/algorithms/gram_schmidt.py" line="100" name="test_gram_schmidt_biorth_with_product[&lt;lambda&gt;13]" time="0.03080153465270996"><system-err>19:11 DiffusionOperatorP1: Calulate gradients of shape functions transformed by reference map ...
19:11 DiffusionOperatorP1: Calculate all local scalar products beween gradients ...
19:11 DiffusionOperatorP1: Determine global dofs ...
19:11 DiffusionOperatorP1: Boundary treatment ...
19:11 DiffusionOperatorP1: Assemble system matrix ...
19:11 DiffusionOperatorP1: Calulate gradients of shape functions transformed by reference map ...
19:11 DiffusionOperatorP1: Calculate all local scalar products beween gradients ...
19:11 DiffusionOperatorP1: Determine global dofs ...
19:11 DiffusionOperatorP1: Boundary treatment ...
19:11 DiffusionOperatorP1: Assemble system matrix ...
19:11 L2ProductP1: Integrate the products of the shape functions on each element
19:11 L2ProductP1: Determine global dofs ...
19:11 L2ProductP1: Boundary treatment ...
19:11 L2ProductP1: Assemble system matrix ...
19:11 DiffusionOperatorP1: Calulate gradients of shape functions transformed by reference map ...
19:11 DiffusionOperatorP1: Calculate all local scalar products beween gradients ...
19:11 DiffusionOperatorP1: Determine global dofs ...
19:11 DiffusionOperatorP1: Boundary treatment ...
19:11 DiffusionOperatorP1: Assemble system matrix ...
19:11 L2ProductP1: Integrate the products of the shape functions on each element
19:11 L2ProductP1: Determine global dofs ...
19:11 L2ProductP1: Boundary treatment ...
19:11 L2ProductP1: Assemble system matrix ...
19:11 DiffusionOperatorP1: Calulate gradients of shape functions transformed by reference map ...
19:11 DiffusionOperatorP1: Calculate all local scalar products beween gradients ...
19:11 DiffusionOperatorP1: Determine global dofs ...
19:11 DiffusionOperatorP1: Boundary treatment ...
19:11 DiffusionOperatorP1: Assemble system matrix ...
</system-err></testcase><testcase classname="src.pymortests.algorithms.gram_schmidt" file="src/pymortests/algorithms/gram_schmidt.py" line="100" name="test_gram_schmidt_biorth_with_product[&lt;lambda&gt;14]" time="0.038088083267211914"><system-err>19:11 DiffusionOperatorP1: Calulate gradients of shape functions transformed by reference map ...
19:11 DiffusionOperatorP1: Calculate all local scalar products beween gradients ...
19:11 DiffusionOperatorP1: Determine global dofs ...
19:11 DiffusionOperatorP1: Boundary treatment ...
19:11 DiffusionOperatorP1: Assemble system matrix ...
19:11 DiffusionOperatorP1: Calulate gradients of shape functions transformed by reference map ...
19:11 DiffusionOperatorP1: Calculate all local scalar products beween gradients ...
19:11 DiffusionOperatorP1: Determine global dofs ...
19:11 DiffusionOperatorP1: Boundary treatment ...
19:11 DiffusionOperatorP1: Assemble system matrix ...
19:11 DiffusionOperatorP1: Calulate gradients of shape functions transformed by reference map ...
19:11 DiffusionOperatorP1: Calculate all local scalar products beween gradients ...
19:11 DiffusionOperatorP1: Determine global dofs ...
19:11 DiffusionOperatorP1: Boundary treatment ...
19:11 DiffusionOperatorP1: Assemble system matrix ...
19:11 DiffusionOperatorP1: Calulate gradients of shape functions transformed by reference map ...
19:11 DiffusionOperatorP1: Calculate all local scalar products beween gradients ...
19:11 DiffusionOperatorP1: Determine global dofs ...
19:11 DiffusionOperatorP1: Boundary treatment ...
19:11 DiffusionOperatorP1: Assemble system matrix ...
19:11 DiffusionOperatorP1: Calulate gradients of shape functions transformed by reference map ...
19:11 DiffusionOperatorP1: Calculate all local scalar products beween gradients ...
19:11 DiffusionOperatorP1: Determine global dofs ...
19:11 DiffusionOperatorP1: Boundary treatment ...
19:11 DiffusionOperatorP1: Assemble system matrix ...
19:11 L2ProductP1: Integrate the products of the shape functions on each element
19:11 L2ProductP1: Determine global dofs ...
19:11 L2ProductP1: Boundary treatment ...
19:11 L2ProductP1: Assemble system matrix ...
19:11 DiffusionOperatorP1: Calulate gradients of shape functions transformed by reference map ...
19:11 DiffusionOperatorP1: Calculate all local scalar products beween gradients ...
19:11 DiffusionOperatorP1: Determine global dofs ...
19:11 DiffusionOperatorP1: Boundary treatment ...
19:11 DiffusionOperatorP1: Assemble system matrix ...
19:11 L2ProductP1: Integrate the products of the shape functions on each element
19:11 L2ProductP1: Determine global dofs ...
19:11 L2ProductP1: Boundary treatment ...
19:11 L2ProductP1: Assemble system matrix ...
19:11 DiffusionOperatorP1: Calulate gradients of shape functions transformed by reference map ...
19:11 DiffusionOperatorP1: Calculate all local scalar products beween gradients ...
19:11 DiffusionOperatorP1: Determine global dofs ...
19:11 DiffusionOperatorP1: Boundary treatment ...
19:11 DiffusionOperatorP1: Assemble system matrix ...
19:11 gram_schmidt_biorth: Projecting vector V[1] again
19:11 gram_schmidt_biorth: Projecting vector V[2] again
19:11 gram_schmidt_biorth: Projecting vector W[2] again
19:11 gram_schmidt_biorth: Projecting vector V[1] again
19:11 gram_schmidt_biorth: Projecting vector V[2] again
19:11 gram_schmidt_biorth: Projecting vector W[2] again
</system-err></testcase><testcase classname="src.pymortests.algorithms.gram_schmidt" file="src/pymortests/algorithms/gram_schmidt.py" line="100" name="test_gram_schmidt_biorth_with_product[&lt;lambda&gt;15]" time="0.03441309928894043"><system-err>19:11 DiffusionOperatorP1: Calulate gradients of shape functions transformed by reference map ...
19:11 DiffusionOperatorP1: Calculate all local scalar products beween gradients ...
19:11 DiffusionOperatorP1: Determine global dofs ...
19:11 DiffusionOperatorP1: Boundary treatment ...
19:11 DiffusionOperatorP1: Assemble system matrix ...
19:11 DiffusionOperatorP1: Calulate gradients of shape functions transformed by reference map ...
19:11 DiffusionOperatorP1: Calculate all local scalar products beween gradients ...
19:11 DiffusionOperatorP1: Determine global dofs ...
19:11 DiffusionOperatorP1: Boundary treatment ...
19:11 DiffusionOperatorP1: Assemble system matrix ...
19:11 L2ProductP1: Integrate the products of the shape functions on each element
19:11 L2ProductP1: Determine global dofs ...
19:11 L2ProductP1: Boundary treatment ...
19:11 L2ProductP1: Assemble system matrix ...
19:11 DiffusionOperatorP1: Calulate gradients of shape functions transformed by reference map ...
19:11 DiffusionOperatorP1: Calculate all local scalar products beween gradients ...
19:11 DiffusionOperatorP1: Determine global dofs ...
19:11 DiffusionOperatorP1: Boundary treatment ...
19:11 DiffusionOperatorP1: Assemble system matrix ...
19:11 L2ProductP1: Integrate the products of the shape functions on each element
19:11 L2ProductP1: Determine global dofs ...
19:11 L2ProductP1: Boundary treatment ...
19:11 L2ProductP1: Assemble system matrix ...
19:11 DiffusionOperatorP1: Calulate gradients of shape functions transformed by reference map ...
19:11 DiffusionOperatorP1: Calculate all local scalar products beween gradients ...
19:11 DiffusionOperatorP1: Determine global dofs ...
19:11 DiffusionOperatorP1: Boundary treatment ...
19:11 DiffusionOperatorP1: Assemble system matrix ...
19:11 gram_schmidt_biorth: Projecting vector V[1] again
19:11 gram_schmidt_biorth: Projecting vector W[1] again
19:11 gram_schmidt_biorth: Projecting vector V[2] again
19:11 gram_schmidt_biorth: Projecting vector W[2] again
19:11 gram_schmidt_biorth: Projecting vector V[1] again
19:11 gram_schmidt_biorth: Projecting vector W[1] again
19:11 gram_schmidt_biorth: Projecting vector V[2] again
19:11 gram_schmidt_biorth: Projecting vector W[2] again
</system-err></testcase><testcase classname="src.pymortests.algorithms.gram_schmidt" file="src/pymortests/algorithms/gram_schmidt.py" line="100" name="test_gram_schmidt_biorth_with_product[&lt;lambda&gt;16]" time="0.03101825714111328"><system-err>19:11 DiffusionOperatorP1: Calulate gradients of shape functions transformed by reference map ...
19:11 DiffusionOperatorP1: Calculate all local scalar products beween gradients ...
19:11 DiffusionOperatorP1: Determine global dofs ...
19:11 DiffusionOperatorP1: Boundary treatment ...
19:11 DiffusionOperatorP1: Assemble system matrix ...
19:11 DiffusionOperatorP1: Calulate gradients of shape functions transformed by reference map ...
19:11 DiffusionOperatorP1: Calculate all local scalar products beween gradients ...
19:11 DiffusionOperatorP1: Determine global dofs ...
19:11 DiffusionOperatorP1: Boundary treatment ...
19:11 DiffusionOperatorP1: Assemble system matrix ...
19:11 DiffusionOperatorP1: Calulate gradients of shape functions transformed by reference map ...
19:11 DiffusionOperatorP1: Calculate all local scalar products beween gradients ...
19:11 DiffusionOperatorP1: Determine global dofs ...
19:11 DiffusionOperatorP1: Boundary treatment ...
19:11 DiffusionOperatorP1: Assemble system matrix ...
19:11 DiffusionOperatorP1: Calulate gradients of shape functions transformed by reference map ...
19:11 DiffusionOperatorP1: Calculate all local scalar products beween gradients ...
19:11 DiffusionOperatorP1: Determine global dofs ...
19:11 DiffusionOperatorP1: Boundary treatment ...
19:11 DiffusionOperatorP1: Assemble system matrix ...
19:11 DiffusionOperatorP1: Calulate gradients of shape functions transformed by reference map ...
19:11 DiffusionOperatorP1: Calculate all local scalar products beween gradients ...
19:11 DiffusionOperatorP1: Determine global dofs ...
19:11 DiffusionOperatorP1: Boundary treatment ...
19:11 DiffusionOperatorP1: Assemble system matrix ...
19:11 L2ProductP1: Integrate the products of the shape functions on each element
19:11 L2ProductP1: Determine global dofs ...
19:11 L2ProductP1: Boundary treatment ...
19:11 L2ProductP1: Assemble system matrix ...
19:11 DiffusionOperatorP1: Calulate gradients of shape functions transformed by reference map ...
19:11 DiffusionOperatorP1: Calculate all local scalar products beween gradients ...
19:11 DiffusionOperatorP1: Determine global dofs ...
19:11 DiffusionOperatorP1: Boundary treatment ...
19:11 DiffusionOperatorP1: Assemble system matrix ...
19:11 L2ProductP1: Integrate the products of the shape functions on each element
19:11 L2ProductP1: Determine global dofs ...
19:11 L2ProductP1: Boundary treatment ...
19:11 L2ProductP1: Assemble system matrix ...
19:11 DiffusionOperatorP1: Calulate gradients of shape functions transformed by reference map ...
19:11 DiffusionOperatorP1: Calculate all local scalar products beween gradients ...
19:11 DiffusionOperatorP1: Determine global dofs ...
19:11 DiffusionOperatorP1: Boundary treatment ...
19:11 DiffusionOperatorP1: Assemble system matrix ...
</system-err></testcase><testcase classname="src.pymortests.algorithms.gram_schmidt" file="src/pymortests/algorithms/gram_schmidt.py" line="100" name="test_gram_schmidt_biorth_with_product[&lt;lambda&gt;17]" time="0.025884389877319336"><system-err>19:11 DiffusionOperatorP1: Calulate gradients of shape functions transformed by reference map ...
19:11 DiffusionOperatorP1: Calculate all local scalar products beween gradients ...
19:11 DiffusionOperatorP1: Determine global dofs ...
19:11 DiffusionOperatorP1: Boundary treatment ...
19:11 DiffusionOperatorP1: Assemble system matrix ...
19:11 DiffusionOperatorP1: Calulate gradients of shape functions transformed by reference map ...
19:11 DiffusionOperatorP1: Calculate all local scalar products beween gradients ...
19:11 DiffusionOperatorP1: Determine global dofs ...
19:11 DiffusionOperatorP1: Boundary treatment ...
19:11 DiffusionOperatorP1: Assemble system matrix ...
19:11 L2ProductP1: Integrate the products of the shape functions on each element
19:11 L2ProductP1: Determine global dofs ...
19:11 L2ProductP1: Boundary treatment ...
19:11 L2ProductP1: Assemble system matrix ...
19:11 DiffusionOperatorP1: Calulate gradients of shape functions transformed by reference map ...
19:11 DiffusionOperatorP1: Calculate all local scalar products beween gradients ...
19:11 DiffusionOperatorP1: Determine global dofs ...
19:11 DiffusionOperatorP1: Boundary treatment ...
19:11 DiffusionOperatorP1: Assemble system matrix ...
19:11 L2ProductP1: Integrate the products of the shape functions on each element
19:11 L2ProductP1: Determine global dofs ...
19:11 L2ProductP1: Boundary treatment ...
19:11 L2ProductP1: Assemble system matrix ...
19:11 DiffusionOperatorP1: Calulate gradients of shape functions transformed by reference map ...
19:11 DiffusionOperatorP1: Calculate all local scalar products beween gradients ...
19:11 DiffusionOperatorP1: Determine global dofs ...
19:11 DiffusionOperatorP1: Boundary treatment ...
19:11 DiffusionOperatorP1: Assemble system matrix ...
</system-err></testcase><testcase classname="src.pymortests.algorithms.gram_schmidt" file="src/pymortests/algorithms/gram_schmidt.py" line="100" name="test_gram_schmidt_biorth_with_product[&lt;lambda&gt;18]" time="0.03957343101501465"><system-err>19:11 DiffusionOperatorP1: Calulate gradients of shape functions transformed by reference map ...
19:11 DiffusionOperatorP1: Calculate all local scalar products beween gradients ...
19:11 DiffusionOperatorP1: Determine global dofs ...
19:11 DiffusionOperatorP1: Boundary treatment ...
19:11 DiffusionOperatorP1: Assemble system matrix ...
19:11 DiffusionOperatorP1: Calulate gradients of shape functions transformed by reference map ...
19:11 DiffusionOperatorP1: Calculate all local scalar products beween gradients ...
19:11 DiffusionOperatorP1: Determine global dofs ...
19:11 DiffusionOperatorP1: Boundary treatment ...
19:11 DiffusionOperatorP1: Assemble system matrix ...
19:11 DiffusionOperatorP1: Calulate gradients of shape functions transformed by reference map ...
19:11 DiffusionOperatorP1: Calculate all local scalar products beween gradients ...
19:11 DiffusionOperatorP1: Determine global dofs ...
19:11 DiffusionOperatorP1: Boundary treatment ...
19:11 DiffusionOperatorP1: Assemble system matrix ...
19:11 DiffusionOperatorP1: Calulate gradients of shape functions transformed by reference map ...
19:11 DiffusionOperatorP1: Calculate all local scalar products beween gradients ...
19:11 DiffusionOperatorP1: Determine global dofs ...
19:11 DiffusionOperatorP1: Boundary treatment ...
19:11 DiffusionOperatorP1: Assemble system matrix ...
19:11 DiffusionOperatorP1: Calulate gradients of shape functions transformed by reference map ...
19:11 DiffusionOperatorP1: Calculate all local scalar products beween gradients ...
19:11 DiffusionOperatorP1: Determine global dofs ...
19:11 DiffusionOperatorP1: Boundary treatment ...
19:11 DiffusionOperatorP1: Assemble system matrix ...
19:11 L2ProductP1: Integrate the products of the shape functions on each element
19:11 L2ProductP1: Determine global dofs ...
19:11 L2ProductP1: Boundary treatment ...
19:11 L2ProductP1: Assemble system matrix ...
19:11 DiffusionOperatorP1: Calulate gradients of shape functions transformed by reference map ...
19:11 DiffusionOperatorP1: Calculate all local scalar products beween gradients ...
19:11 DiffusionOperatorP1: Determine global dofs ...
19:11 DiffusionOperatorP1: Boundary treatment ...
19:11 DiffusionOperatorP1: Assemble system matrix ...
19:11 L2ProductP1: Integrate the products of the shape functions on each element
19:11 L2ProductP1: Determine global dofs ...
19:11 L2ProductP1: Boundary treatment ...
19:11 L2ProductP1: Assemble system matrix ...
19:11 DiffusionOperatorP1: Calulate gradients of shape functions transformed by reference map ...
19:11 DiffusionOperatorP1: Calculate all local scalar products beween gradients ...
19:11 DiffusionOperatorP1: Determine global dofs ...
19:11 DiffusionOperatorP1: Boundary treatment ...
19:11 DiffusionOperatorP1: Assemble system matrix ...
19:11 gram_schmidt_biorth: Projecting vector V[1] again
19:11 gram_schmidt_biorth: Projecting vector V[2] again
19:11 gram_schmidt_biorth: Projecting vector W[2] again
19:11 gram_schmidt_biorth: Projecting vector V[1] again
19:11 gram_schmidt_biorth: Projecting vector V[2] again
19:11 gram_schmidt_biorth: Projecting vector W[2] again
</system-err></testcase><testcase classname="src.pymortests.algorithms.gram_schmidt" file="src/pymortests/algorithms/gram_schmidt.py" line="100" name="test_gram_schmidt_biorth_with_product[&lt;lambda&gt;19]" time="0.03574776649475098"><system-err>19:12 DiffusionOperatorP1: Calulate gradients of shape functions transformed by reference map ...
19:12 DiffusionOperatorP1: Calculate all local scalar products beween gradients ...
19:12 DiffusionOperatorP1: Determine global dofs ...
19:12 DiffusionOperatorP1: Boundary treatment ...
19:12 DiffusionOperatorP1: Assemble system matrix ...
19:12 DiffusionOperatorP1: Calulate gradients of shape functions transformed by reference map ...
19:12 DiffusionOperatorP1: Calculate all local scalar products beween gradients ...
19:12 DiffusionOperatorP1: Determine global dofs ...
19:12 DiffusionOperatorP1: Boundary treatment ...
19:12 DiffusionOperatorP1: Assemble system matrix ...
19:12 L2ProductP1: Integrate the products of the shape functions on each element
19:12 L2ProductP1: Determine global dofs ...
19:12 L2ProductP1: Boundary treatment ...
19:12 L2ProductP1: Assemble system matrix ...
19:12 DiffusionOperatorP1: Calulate gradients of shape functions transformed by reference map ...
19:12 DiffusionOperatorP1: Calculate all local scalar products beween gradients ...
19:12 DiffusionOperatorP1: Determine global dofs ...
19:12 DiffusionOperatorP1: Boundary treatment ...
19:12 DiffusionOperatorP1: Assemble system matrix ...
19:12 L2ProductP1: Integrate the products of the shape functions on each element
19:12 L2ProductP1: Determine global dofs ...
19:12 L2ProductP1: Boundary treatment ...
19:12 L2ProductP1: Assemble system matrix ...
19:12 DiffusionOperatorP1: Calulate gradients of shape functions transformed by reference map ...
19:12 DiffusionOperatorP1: Calculate all local scalar products beween gradients ...
19:12 DiffusionOperatorP1: Determine global dofs ...
19:12 DiffusionOperatorP1: Boundary treatment ...
19:12 DiffusionOperatorP1: Assemble system matrix ...
19:12 gram_schmidt_biorth: Projecting vector V[1] again
19:12 gram_schmidt_biorth: Projecting vector W[1] again
19:12 gram_schmidt_biorth: Projecting vector V[2] again
19:12 gram_schmidt_biorth: Projecting vector W[2] again
19:12 gram_schmidt_biorth: Projecting vector V[1] again
19:12 gram_schmidt_biorth: Projecting vector W[1] again
19:12 gram_schmidt_biorth: Projecting vector V[2] again
19:12 gram_schmidt_biorth: Projecting vector W[2] again
</system-err></testcase><testcase classname="src.pymortests.algorithms.gram_schmidt" file="src/pymortests/algorithms/gram_schmidt.py" line="100" name="test_gram_schmidt_biorth_with_product[&lt;lambda&gt;20]" time="0.03942751884460449"><system-err>19:12 DiffusionOperatorP1: Calulate gradients of shape functions transformed by reference map ...
19:12 DiffusionOperatorP1: Calculate all local scalar products beween gradients ...
19:12 DiffusionOperatorP1: Determine global dofs ...
19:12 DiffusionOperatorP1: Boundary treatment ...
19:12 DiffusionOperatorP1: Assemble system matrix ...
19:12 DiffusionOperatorP1: Calulate gradients of shape functions transformed by reference map ...
19:12 DiffusionOperatorP1: Calculate all local scalar products beween gradients ...
19:12 DiffusionOperatorP1: Determine global dofs ...
19:12 DiffusionOperatorP1: Boundary treatment ...
19:12 DiffusionOperatorP1: Assemble system matrix ...
19:12 DiffusionOperatorP1: Calulate gradients of shape functions transformed by reference map ...
19:12 DiffusionOperatorP1: Calculate all local scalar products beween gradients ...
19:12 DiffusionOperatorP1: Determine global dofs ...
19:12 DiffusionOperatorP1: Boundary treatment ...
19:12 DiffusionOperatorP1: Assemble system matrix ...
19:12 DiffusionOperatorP1: Calulate gradients of shape functions transformed by reference map ...
19:12 DiffusionOperatorP1: Calculate all local scalar products beween gradients ...
19:12 DiffusionOperatorP1: Determine global dofs ...
19:12 DiffusionOperatorP1: Boundary treatment ...
19:12 DiffusionOperatorP1: Assemble system matrix ...
19:12 DiffusionOperatorP1: Calulate gradients of shape functions transformed by reference map ...
19:12 DiffusionOperatorP1: Calculate all local scalar products beween gradients ...
19:12 DiffusionOperatorP1: Determine global dofs ...
19:12 DiffusionOperatorP1: Boundary treatment ...
19:12 DiffusionOperatorP1: Assemble system matrix ...
19:12 L2ProductP1: Integrate the products of the shape functions on each element
19:12 L2ProductP1: Determine global dofs ...
19:12 L2ProductP1: Boundary treatment ...
19:12 L2ProductP1: Assemble system matrix ...
19:12 DiffusionOperatorP1: Calulate gradients of shape functions transformed by reference map ...
19:12 DiffusionOperatorP1: Calculate all local scalar products beween gradients ...
19:12 DiffusionOperatorP1: Determine global dofs ...
19:12 DiffusionOperatorP1: Boundary treatment ...
19:12 DiffusionOperatorP1: Assemble system matrix ...
19:12 L2ProductP1: Integrate the products of the shape functions on each element
19:12 L2ProductP1: Determine global dofs ...
19:12 L2ProductP1: Boundary treatment ...
19:12 L2ProductP1: Assemble system matrix ...
19:12 DiffusionOperatorP1: Calulate gradients of shape functions transformed by reference map ...
19:12 DiffusionOperatorP1: Calculate all local scalar products beween gradients ...
19:12 DiffusionOperatorP1: Determine global dofs ...
19:12 DiffusionOperatorP1: Boundary treatment ...
19:12 DiffusionOperatorP1: Assemble system matrix ...
19:12 gram_schmidt_biorth: Projecting vector V[1] again
19:12 gram_schmidt_biorth: Projecting vector V[2] again
19:12 gram_schmidt_biorth: Projecting vector W[2] again
19:12 gram_schmidt_biorth: Projecting vector V[1] again
19:12 gram_schmidt_biorth: Projecting vector V[2] again
19:12 gram_schmidt_biorth: Projecting vector W[2] again
</system-err></testcase><testcase classname="src.pymortests.algorithms.gram_schmidt" file="src/pymortests/algorithms/gram_schmidt.py" line="100" name="test_gram_schmidt_biorth_with_product[&lt;lambda&gt;21]" time="0.034546613693237305"><system-err>19:12 DiffusionOperatorP1: Calulate gradients of shape functions transformed by reference map ...
19:12 DiffusionOperatorP1: Calculate all local scalar products beween gradients ...
19:12 DiffusionOperatorP1: Determine global dofs ...
19:12 DiffusionOperatorP1: Boundary treatment ...
19:12 DiffusionOperatorP1: Assemble system matrix ...
19:12 DiffusionOperatorP1: Calulate gradients of shape functions transformed by reference map ...
19:12 DiffusionOperatorP1: Calculate all local scalar products beween gradients ...
19:12 DiffusionOperatorP1: Determine global dofs ...
19:12 DiffusionOperatorP1: Boundary treatment ...
19:12 DiffusionOperatorP1: Assemble system matrix ...
19:12 L2ProductP1: Integrate the products of the shape functions on each element
19:12 L2ProductP1: Determine global dofs ...
19:12 L2ProductP1: Boundary treatment ...
19:12 L2ProductP1: Assemble system matrix ...
19:12 DiffusionOperatorP1: Calulate gradients of shape functions transformed by reference map ...
19:12 DiffusionOperatorP1: Calculate all local scalar products beween gradients ...
19:12 DiffusionOperatorP1: Determine global dofs ...
19:12 DiffusionOperatorP1: Boundary treatment ...
19:12 DiffusionOperatorP1: Assemble system matrix ...
19:12 L2ProductP1: Integrate the products of the shape functions on each element
19:12 L2ProductP1: Determine global dofs ...
19:12 L2ProductP1: Boundary treatment ...
19:12 L2ProductP1: Assemble system matrix ...
19:12 DiffusionOperatorP1: Calulate gradients of shape functions transformed by reference map ...
19:12 DiffusionOperatorP1: Calculate all local scalar products beween gradients ...
19:12 DiffusionOperatorP1: Determine global dofs ...
19:12 DiffusionOperatorP1: Boundary treatment ...
19:12 DiffusionOperatorP1: Assemble system matrix ...
19:12 gram_schmidt_biorth: Projecting vector V[1] again
19:12 gram_schmidt_biorth: Projecting vector W[1] again
19:12 gram_schmidt_biorth: Projecting vector V[2] again
19:12 gram_schmidt_biorth: Projecting vector W[2] again
19:12 gram_schmidt_biorth: Projecting vector V[1] again
19:12 gram_schmidt_biorth: Projecting vector W[1] again
19:12 gram_schmidt_biorth: Projecting vector V[2] again
19:12 gram_schmidt_biorth: Projecting vector W[2] again
</system-err></testcase><testcase classname="src.pymortests.algorithms.gram_schmidt" file="src/pymortests/algorithms/gram_schmidt.py" line="100" name="test_gram_schmidt_biorth_with_product[&lt;lambda&gt;22]" time="0.0343928337097168"><system-err>19:12 DiffusionOperatorP1: Calulate gradients of shape functions transformed by reference map ...
19:12 DiffusionOperatorP1: Calculate all local scalar products beween gradients ...
19:12 DiffusionOperatorP1: Determine global dofs ...
19:12 DiffusionOperatorP1: Boundary treatment ...
19:12 DiffusionOperatorP1: Assemble system matrix ...
19:12 DiffusionOperatorP1: Calulate gradients of shape functions transformed by reference map ...
19:12 DiffusionOperatorP1: Calculate all local scalar products beween gradients ...
19:12 DiffusionOperatorP1: Determine global dofs ...
19:12 DiffusionOperatorP1: Boundary treatment ...
19:12 DiffusionOperatorP1: Assemble system matrix ...
19:12 DiffusionOperatorP1: Calulate gradients of shape functions transformed by reference map ...
19:12 DiffusionOperatorP1: Calculate all local scalar products beween gradients ...
19:12 DiffusionOperatorP1: Determine global dofs ...
19:12 DiffusionOperatorP1: Boundary treatment ...
19:12 DiffusionOperatorP1: Assemble system matrix ...
19:12 DiffusionOperatorP1: Calulate gradients of shape functions transformed by reference map ...
19:12 DiffusionOperatorP1: Calculate all local scalar products beween gradients ...
19:12 DiffusionOperatorP1: Determine global dofs ...
19:12 DiffusionOperatorP1: Boundary treatment ...
19:12 DiffusionOperatorP1: Assemble system matrix ...
19:12 DiffusionOperatorP1: Calulate gradients of shape functions transformed by reference map ...
19:12 DiffusionOperatorP1: Calculate all local scalar products beween gradients ...
19:12 DiffusionOperatorP1: Determine global dofs ...
19:12 DiffusionOperatorP1: Boundary treatment ...
19:12 DiffusionOperatorP1: Assemble system matrix ...
19:12 L2ProductP1: Integrate the products of the shape functions on each element
19:12 L2ProductP1: Determine global dofs ...
19:12 L2ProductP1: Boundary treatment ...
19:12 L2ProductP1: Assemble system matrix ...
19:12 DiffusionOperatorP1: Calulate gradients of shape functions transformed by reference map ...
19:12 DiffusionOperatorP1: Calculate all local scalar products beween gradients ...
19:12 DiffusionOperatorP1: Determine global dofs ...
19:12 DiffusionOperatorP1: Boundary treatment ...
19:12 DiffusionOperatorP1: Assemble system matrix ...
19:12 L2ProductP1: Integrate the products of the shape functions on each element
19:12 L2ProductP1: Determine global dofs ...
19:12 L2ProductP1: Boundary treatment ...
19:12 L2ProductP1: Assemble system matrix ...
19:12 DiffusionOperatorP1: Calulate gradients of shape functions transformed by reference map ...
19:12 DiffusionOperatorP1: Calculate all local scalar products beween gradients ...
19:12 DiffusionOperatorP1: Determine global dofs ...
19:12 DiffusionOperatorP1: Boundary treatment ...
19:12 DiffusionOperatorP1: Assemble system matrix ...
</system-err></testcase><testcase classname="src.pymortests.algorithms.gram_schmidt" file="src/pymortests/algorithms/gram_schmidt.py" line="100" name="test_gram_schmidt_biorth_with_product[&lt;lambda&gt;23]" time="0.03134512901306152"><system-err>19:12 DiffusionOperatorP1: Calulate gradients of shape functions transformed by reference map ...
19:12 DiffusionOperatorP1: Calculate all local scalar products beween gradients ...
19:12 DiffusionOperatorP1: Determine global dofs ...
19:12 DiffusionOperatorP1: Boundary treatment ...
19:12 DiffusionOperatorP1: Assemble system matrix ...
19:12 DiffusionOperatorP1: Calulate gradients of shape functions transformed by reference map ...
19:12 DiffusionOperatorP1: Calculate all local scalar products beween gradients ...
19:12 DiffusionOperatorP1: Determine global dofs ...
19:12 DiffusionOperatorP1: Boundary treatment ...
19:12 DiffusionOperatorP1: Assemble system matrix ...
19:12 L2ProductP1: Integrate the products of the shape functions on each element
19:12 L2ProductP1: Determine global dofs ...
19:12 L2ProductP1: Boundary treatment ...
19:12 L2ProductP1: Assemble system matrix ...
19:12 DiffusionOperatorP1: Calulate gradients of shape functions transformed by reference map ...
19:12 DiffusionOperatorP1: Calculate all local scalar products beween gradients ...
19:12 DiffusionOperatorP1: Determine global dofs ...
19:12 DiffusionOperatorP1: Boundary treatment ...
19:12 DiffusionOperatorP1: Assemble system matrix ...
19:12 L2ProductP1: Integrate the products of the shape functions on each element
19:12 L2ProductP1: Determine global dofs ...
19:12 L2ProductP1: Boundary treatment ...
19:12 L2ProductP1: Assemble system matrix ...
19:12 DiffusionOperatorP1: Calulate gradients of shape functions transformed by reference map ...
19:12 DiffusionOperatorP1: Calculate all local scalar products beween gradients ...
19:12 DiffusionOperatorP1: Determine global dofs ...
19:12 DiffusionOperatorP1: Boundary treatment ...
19:12 DiffusionOperatorP1: Assemble system matrix ...
19:12 gram_schmidt_biorth: Projecting vector V[1] again
19:12 gram_schmidt_biorth: Projecting vector W[1] again
19:12 gram_schmidt_biorth: Projecting vector V[1] again
19:12 gram_schmidt_biorth: Projecting vector W[1] again
</system-err></testcase><testcase classname="src.pymortests.algorithms.gram_schmidt" file="src/pymortests/algorithms/gram_schmidt.py" line="100" name="test_gram_schmidt_biorth_with_product[&lt;lambda&gt;24]" time="0.009087085723876953"><system-err>19:12 gram_schmidt_biorth: Projecting vector V[1] again
19:12 gram_schmidt_biorth: Projecting vector W[1] again
19:12 gram_schmidt_biorth: Projecting vector V[1] again
19:12 gram_schmidt_biorth: Projecting vector W[1] again
</system-err></testcase><testcase classname="src.pymortests.algorithms.gram_schmidt" file="src/pymortests/algorithms/gram_schmidt.py" line="100" name="test_gram_schmidt_biorth_with_product[&lt;lambda&gt;25]" time="0.008614301681518555"><system-err>19:12 gram_schmidt_biorth: Projecting vector V[1] again
19:12 gram_schmidt_biorth: Projecting vector W[1] again
19:12 gram_schmidt_biorth: Projecting vector V[1] again
19:12 gram_schmidt_biorth: Projecting vector W[1] again
</system-err></testcase><testcase classname="src.pymortests.algorithms.gram_schmidt" file="src/pymortests/algorithms/gram_schmidt.py" line="100" name="test_gram_schmidt_biorth_with_product[&lt;lambda&gt;26]" time="0.00777745246887207"><system-err>19:12 gram_schmidt_biorth: Projecting vector V[1] again
19:12 gram_schmidt_biorth: Projecting vector W[1] again
19:12 gram_schmidt_biorth: Projecting vector V[1] again
19:12 gram_schmidt_biorth: Projecting vector W[1] again
</system-err></testcase><testcase classname="src.pymortests.algorithms.gram_schmidt" file="src/pymortests/algorithms/gram_schmidt.py" line="100" name="test_gram_schmidt_biorth_with_product[&lt;lambda&gt;27]" time="0.004794120788574219"></testcase><testcase classname="src.pymortests.algorithms.gram_schmidt" file="src/pymortests/algorithms/gram_schmidt.py" line="100" name="test_gram_schmidt_biorth_with_product[&lt;lambda&gt;28]" time="0.004980802536010742"></testcase><testcase classname="src.pymortests.algorithms.gram_schmidt" file="src/pymortests/algorithms/gram_schmidt.py" line="100" name="test_gram_schmidt_biorth_with_product[&lt;lambda&gt;29]" time="0.0042362213134765625"></testcase><testcase classname="src.pymortests.algorithms.gram_schmidt" file="src/pymortests/algorithms/gram_schmidt.py" line="100" name="test_gram_schmidt_biorth_with_product[&lt;lambda&gt;30]" time="0.004448652267456055"></testcase><testcase classname="src.pymortests.algorithms.gram_schmidt" file="src/pymortests/algorithms/gram_schmidt.py" line="100" name="test_gram_schmidt_biorth_with_product[&lt;lambda&gt;31]" time="0.004027605056762695"></testcase><testcase classname="src.pymortests.algorithms.gram_schmidt" file="src/pymortests/algorithms/gram_schmidt.py" line="100" name="test_gram_schmidt_biorth_with_product[&lt;lambda&gt;32]" time="0.016269207000732422"></testcase><testcase classname="src.pymortests.algorithms.gram_schmidt" file="src/pymortests/algorithms/gram_schmidt.py" line="100" name="test_gram_schmidt_biorth_with_product[&lt;lambda&gt;33]" time="0.012958288192749023"></testcase><testcase classname="src.pymortests.algorithms.gram_schmidt" file="src/pymortests/algorithms/gram_schmidt.py" line="100" name="test_gram_schmidt_biorth_with_product[&lt;lambda&gt;34]" time="0.009363412857055664"><system-err>19:12 gram_schmidt_biorth: Projecting vector V[1] again
19:12 gram_schmidt_biorth: Projecting vector W[1] again
19:12 gram_schmidt_biorth: Projecting vector V[1] again
19:12 gram_schmidt_biorth: Projecting vector W[1] again
</system-err></testcase><testcase classname="src.pymortests.algorithms.gram_schmidt" file="src/pymortests/algorithms/gram_schmidt.py" line="100" name="test_gram_schmidt_biorth_with_product[&lt;lambda&gt;35]" time="0.013893365859985352"></testcase><testcase classname="src.pymortests.algorithms.gram_schmidt" file="src/pymortests/algorithms/gram_schmidt.py" line="100" name="test_gram_schmidt_biorth_with_product[&lt;lambda&gt;36]" time="0.009306192398071289"><system-err>19:12 gram_schmidt_biorth: Projecting vector V[1] again
19:12 gram_schmidt_biorth: Projecting vector W[1] again
19:12 gram_schmidt_biorth: Projecting vector V[1] again
19:12 gram_schmidt_biorth: Projecting vector W[1] again
</system-err></testcase><testcase classname="src.pymortests.algorithms.stuff" file="src/pymortests/algorithms/stuff.py" line="20" name="test_newton[1]" time="0.003118753433227539"><system-err>19:12 newton:       Initial Residual: 1.000000e+00
19:12 newton: Iteration  1: Residual: 0.000000e+00,  Reduction: 0.000000e+00, Total Reduction: 0.000000e+00
19:12 newton: Absolute limit of 1e-15 reached. Stopping.
</system-err></testcase><testcase classname="src.pymortests.algorithms.stuff" file="src/pymortests/algorithms/stuff.py" line="20" name="test_newton[2]" time="0.002919912338256836"><system-err>19:12 newton:       Initial Residual: 1.000000e+00
19:12 newton: Iteration  1: Residual: 0.000000e+00,  Reduction: 0.000000e+00, Total Reduction: 0.000000e+00
19:12 newton: Absolute limit of 1e-15 reached. Stopping.
</system-err></testcase><testcase classname="src.pymortests.algorithms.stuff" file="src/pymortests/algorithms/stuff.py" line="20" name="test_newton[3]" time="0.0021719932556152344"><system-err>19:12 newton:       Initial Residual: 1.000000e+00
19:12 newton: Iteration  1: Residual: 0.000000e+00,  Reduction: 0.000000e+00, Total Reduction: 0.000000e+00
19:12 newton: Absolute limit of 1e-15 reached. Stopping.
</system-err></testcase><testcase classname="src.pymortests.algorithms.stuff" file="src/pymortests/algorithms/stuff.py" line="20" name="test_newton[4]" time="0.0021064281463623047"><system-err>19:12 newton:       Initial Residual: 1.000000e+00
19:12 newton: Iteration  1: Residual: 0.000000e+00,  Reduction: 0.000000e+00, Total Reduction: 0.000000e+00
19:12 newton: Absolute limit of 1e-15 reached. Stopping.
</system-err></testcase><testcase classname="src.pymortests.algorithms.stuff" file="src/pymortests/algorithms/stuff.py" line="20" name="test_newton[5]" time="0.0021126270294189453"><system-err>19:12 newton:       Initial Residual: 1.000000e+00
19:12 newton: Iteration  1: Residual: 0.000000e+00,  Reduction: 0.000000e+00, Total Reduction: 0.000000e+00
19:12 newton: Absolute limit of 1e-15 reached. Stopping.
</system-err></testcase><testcase classname="src.pymortests.algorithms.stuff" file="src/pymortests/algorithms/stuff.py" line="20" name="test_newton[6]" time="0.002115488052368164"><system-err>19:12 newton:       Initial Residual: 1.000000e+00
19:12 newton: Iteration  1: Residual: 0.000000e+00,  Reduction: 0.000000e+00, Total Reduction: 0.000000e+00
19:12 newton: Absolute limit of 1e-15 reached. Stopping.
</system-err></testcase><testcase classname="src.pymortests.algorithms.stuff" file="src/pymortests/algorithms/stuff.py" line="20" name="test_newton[7]" time="0.002131938934326172"><system-err>19:12 newton:       Initial Residual: 1.000000e+00
19:12 newton: Iteration  1: Residual: 0.000000e+00,  Reduction: 0.000000e+00, Total Reduction: 0.000000e+00
19:12 newton: Absolute limit of 1e-15 reached. Stopping.
</system-err></testcase><testcase classname="src.pymortests.algorithms.stuff" file="src/pymortests/algorithms/stuff.py" line="26" name="test_newton_fail" time="0.005037546157836914"><system-err>19:12 newton:       Initial Residual: 1.000000e+00
19:12 newton: Iteration  1: Residual: 1.000000e+00,  Reduction: 1.000000e+00, Total Reduction: 1.000000e+00
19:12 newton: Iteration  2: Residual: 1.000000e+00,  Reduction: 1.000000e+00, Total Reduction: 1.000000e+00
19:12 newton: Iteration  3: Residual: 1.000000e+00,  Reduction: 1.000000e+00, Total Reduction: 1.000000e+00
19:12 newton: Iteration  4: Residual: 1.000000e+00,  Reduction: 1.000000e+00, Total Reduction: 1.000000e+00
19:12 newton: Iteration  5: Residual: 1.000000e+00,  Reduction: 1.000000e+00, Total Reduction: 1.000000e+00
19:12 newton: Iteration  6: Residual: 1.000000e+00,  Reduction: 1.000000e+00, Total Reduction: 1.000000e+00
19:12 newton: Iteration  7: Residual: 1.000000e+00,  Reduction: 1.000000e+00, Total Reduction: 1.000000e+00
19:12 newton: Iteration  8: Residual: 1.000000e+00,  Reduction: 1.000000e+00, Total Reduction: 1.000000e+00
19:12 newton: Iteration  9: Residual: 1.000000e+00,  Reduction: 1.000000e+00, Total Reduction: 1.000000e+00
19:12 newton: Iteration 10: Residual: 1.000000e+00,  Reduction: 1.000000e+00, Total Reduction: 1.000000e+00
</system-err></testcase><testcase classname="src.pymortests.core.config" file="src/pymortests/core/config.py" line="8" name="test_repr" time="0.015411615371704102"></testcase><testcase classname="src.pymortests.core.config" file="src/pymortests/core/config.py" line="12" name="test_entries" time="0.0011782646179199219"></testcase><testcase classname="src.pymortests.core.config" file="src/pymortests/core/config.py" line="19" name="test_dir" time="0.0010380744934082031"></testcase><testcase classname="src.pymortests.core.defaults" file="src/pymortests/core/defaults.py" line="14" name="test_defaults" time="0.0012133121490478516"></testcase><testcase classname="src.pymortests.core.defaults" file="src/pymortests/core/defaults.py" line="30" name="test_print_defaults" time="0.05418848991394043"><system-out>                                                       defaults affecting state id calcuation                                                       
                                                       ======================================                                                       

path (shortened)                                                       value                                                                  source
---------------------------------------------------------------------  ---------------------------------------------------------------------  ------
basic.almost_equal.atol                                                1e-14                                                                  code  
basic.almost_equal.rtol                                                1e-14                                                                  code  
genericsolvers.apply_inverse.check_finite                              True                                                                   code  
genericsolvers.apply_inverse.default_least_squares_solver              &apos;generic_least_squares_lsmr&apos;                                           code  
genericsolvers.apply_inverse.default_solver                            &apos;generic_lgmres&apos;                                                       code  
genericsolvers.solver_options.least_squares_lsmr_atol                  1e-06                                                                  code  
genericsolvers.solver_options.least_squares_lsmr_btol                  1e-06                                                                  code  
genericsolvers.solver_options.least_squares_lsmr_conlim                100000000.0                                                            code  
genericsolvers.solver_options.least_squares_lsmr_damp                  0.0                                                                    code  
genericsolvers.solver_options.least_squares_lsmr_maxiter               None                                                                   code  
genericsolvers.solver_options.least_squares_lsqr_atol                  1e-06                                                                  code  
genericsolvers.solver_options.least_squares_lsqr_btol                  1e-06                                                                  code  
genericsolvers.solver_options.least_squares_lsqr_conlim                100000000.0                                                            code  
genericsolvers.solver_options.least_squares_lsqr_iter_lim              None                                                                   code  
genericsolvers.solver_options.lgmres_inner_m                           39                                                                     code  
genericsolvers.solver_options.lgmres_maxiter                           1000                                                                   code  
genericsolvers.solver_options.lgmres_outer_k                           3                                                                      code  
genericsolvers.solver_options.lgmres_tol                               1e-05                                                                  code  
gram_schmidt.gram_schmidt.atol                                         1e-13                                                                  code  
gram_schmidt.gram_schmidt.check                                        True                                                                   code  
gram_schmidt.gram_schmidt.check_tol                                    0.001                                                                  code  
gram_schmidt.gram_schmidt.reiterate                                    True                                                                   code  
gram_schmidt.gram_schmidt.reiteration_threshold                        0.1                                                                    code  
gram_schmidt.gram_schmidt.rtol                                         1e-13                                                                  code  
lradi.lyap_lrcf_solver_options.lradi_maxiter                           500                                                                    code  
lradi.lyap_lrcf_solver_options.lradi_shifts                            &apos;projection_shifts&apos;                                                    code  
lradi.lyap_lrcf_solver_options.lradi_tol                               1e-10                                                                  code  
lradi.lyap_lrcf_solver_options.projection_shifts_implicit_subspace     True                                                                   code  
lradi.lyap_lrcf_solver_options.projection_shifts_init_maxiter          20                                                                     code  
lradi.lyap_lrcf_solver_options.projection_shifts_init_seed             None                                                                   code  
lradi.lyap_lrcf_solver_options.projection_shifts_z_columns             1                                                                      code  
lyapunov.mat_eqn_sparse_min_size.value                                 1000                                                                   code  
lyapunov.solve_lyap_dense.default_solver_backend                       &apos;pymess&apos;                                                               code  
lyapunov.solve_lyap_lrcf.default_dense_solver_backend                  &apos;pymess&apos;                                                               code  
lyapunov.solve_lyap_lrcf.default_sparse_solver_backend                 &apos;pymess&apos;                                                               code  
newton.newton.atol                                                     -1.0                                                                   code  
newton.newton.maxiter                                                  100                                                                    code  
newton.newton.miniter                                                  0                                                                      code  
newton.newton.rtol                                                     -1.0                                                                   code  
newton.newton.stagnation_threshold                                     0.9                                                                    code  
newton.newton.stagnation_window                                        3                                                                      code  
pod.pod.atol                                                           0.0                                                                    code  
pod.pod.check                                                          True                                                                   code  
pod.pod.check_tol                                                      1e-10                                                                  code  
pod.pod.l2_err                                                         0.0                                                                    code  
pod.pod.orthonormalize                                                 True                                                                   code  
pod.pod.rtol                                                           4e-08                                                                  code  
pod.pod.symmetrize                                                     False                                                                  code  
riccati.solve_pos_ricc_lrcf.default_dense_solver_backend               &apos;pymess&apos;                                                               code  
riccati.solve_ricc_lrcf.default_dense_solver_backend                   &apos;pymess&apos;                                                               code  
riccati.solve_ricc_lrcf.default_sparse_solver_backend                  &apos;pymess&apos;                                                               code  
text.text_problem.font_name                                            None                                                                   code  
fenics._solver_options.preconditioner                                  &apos;amg&apos;                                                                  code  
fenics._solver_options.solver                                          &apos;bicgstab&apos;                                                             code  
ngsolve.NGSolveMatrixOperator.apply_inverse.default_solver             &apos;&apos;                                                                     code  
pyamg.apply_inverse.check_finite                                       True                                                                   code  
pyamg.apply_inverse.default_solver                                     &apos;pyamg_solve&apos;                                                          code  
pyamg.solver_options.maxiter                                           400                                                                    code  
pyamg.solver_options.rs_CF                                             &apos;RS&apos;                                                                   code  
pyamg.solver_options.rs_accel                                          None                                                                   code  
pyamg.solver_options.rs_coarse_solver                                  &apos;pinv2&apos;                                                                code  
pyamg.solver_options.rs_cycle                                          &apos;V&apos;                                                                    code  
pyamg.solver_options.rs_max_coarse                                     500                                                                    code  
pyamg.solver_options.rs_max_levels                                     10                                                                     code  
pyamg.solver_options.rs_maxiter                                        100                                                                    code  
pyamg.solver_options.rs_postsmoother                                   (&apos;gauss_seidel&apos;, {&apos;sweep&apos;: &apos;symmetric&apos;})                               code  
pyamg.solver_options.rs_strength                                       (&apos;classical&apos;, {&apos;theta&apos;: 0.25})                                         code  
pyamg.solver_options.rs_tol                                            1e-05                                                                  code  
pyamg.solver_options.sa_accel                                          None                                                                   code  
pyamg.solver_options.sa_aggregate                                      &apos;standard&apos;                                                             code  
pyamg.solver_options.sa_coarse_solver                                  &apos;pinv2&apos;                                                                code  
pyamg.solver_options.sa_cycle                                          &apos;V&apos;                                                                    code  
pyamg.solver_options.sa_diagonal_dominance                             False                                                                  code  
pyamg.solver_options.sa_improve_candidates                             ((&apos;block_gauss_seidel&apos;, {&apos;sweep&apos;: &apos;symmetric&apos;, &apos;iterations&apos;: 4}),      code  
                                                                       None)                                                                        
pyamg.solver_options.sa_max_coarse                                     500                                                                    code  
pyamg.solver_options.sa_max_levels                                     10                                                                     code  
pyamg.solver_options.sa_maxiter                                        100                                                                    code  
pyamg.solver_options.sa_postsmoother                                   (&apos;block_gauss_seidel&apos;, {&apos;sweep&apos;: &apos;symmetric&apos;})                         code  
pyamg.solver_options.sa_presmoother                                    (&apos;block_gauss_seidel&apos;, {&apos;sweep&apos;: &apos;symmetric&apos;})                         code  
pyamg.solver_options.sa_smooth                                         (&apos;jacobi&apos;, {&apos;omega&apos;: 1.3333333333333333})                              code  
pyamg.solver_options.sa_strength                                       &apos;symmetric&apos;                                                            code  
pyamg.solver_options.sa_symmetry                                       &apos;hermitian&apos;                                                            code  
pyamg.solver_options.sa_tol                                            1e-05                                                                  code  
pyamg.solver_options.tol                                               1e-05                                                                  code  
pymess.dense_nm_gmpcare_solver_options.absres_tol                      1e-11                                                                  code  
pymess.dense_nm_gmpcare_solver_options.linesearch                      False                                                                  code  
pymess.dense_nm_gmpcare_solver_options.maxit                           50                                                                     code  
pymess.dense_nm_gmpcare_solver_options.nrm                             0                                                                      code  
pymess.dense_nm_gmpcare_solver_options.relres_tol                      1e-12                                                                  code  
pymess.lradi_solver_options.adi_maxit                                  500                                                                    code  
pymess.lradi_solver_options.adi_memory_usage                           1                                                                      code  
pymess.lradi_solver_options.adi_output                                 1                                                                      code  
pymess.lradi_solver_options.adi_rel_change_tol                         1e-10                                                                  code  
pymess.lradi_solver_options.adi_res2_tol                               1e-10                                                                  code  
pymess.lradi_solver_options.adi_res2c_tol                              1e-11                                                                  code  
pymess.lradi_solver_options.adi_shifts_arp_m                           32                                                                     code  
pymess.lradi_solver_options.adi_shifts_arp_p                           48                                                                     code  
pymess.lradi_solver_options.adi_shifts_b0                              None                                                                   code  
pymess.lradi_solver_options.adi_shifts_l0                              16                                                                     code  
pymess.lradi_solver_options.adi_shifts_p                               None                                                                   code  
pymess.lradi_solver_options.adi_shifts_paratype                        3                                                                      code  
pymess.lrnm_solver_options.newton_gstep                                0                                                                      code  
pymess.lrnm_solver_options.newton_k0                                   None                                                                   code  
pymess.lrnm_solver_options.newton_linesearch                           0                                                                      code  
pymess.lrnm_solver_options.newton_maxit                                30                                                                     code  
pymess.lrnm_solver_options.newton_output                               1                                                                      code  
pymess.lrnm_solver_options.newton_res2_tol                             1e-10                                                                  code  
pymess.lrnm_solver_options.newton_singleshifts                         0                                                                      code  
pymess.solve_lyap_lrcf.default_solver                                  None                                                                   code  
pymess.solve_ricc_lrcf.default_solver                                  None                                                                   code  
scipy.apply_inverse.check_finite                                       True                                                                   code  
scipy.apply_inverse.default_least_squares_solver                       &apos;scipy_least_squares_lsmr&apos;                                             code  
scipy.apply_inverse.default_solver                                     &apos;scipy_spsolve&apos;                                                        code  
scipy.solver_options.bicgstab_maxiter                                  None                                                                   code  
scipy.solver_options.bicgstab_tol                                      1e-15                                                                  code  
scipy.solver_options.least_squares_lsmr_atol                           1e-06                                                                  code  
scipy.solver_options.least_squares_lsmr_btol                           1e-06                                                                  code  
scipy.solver_options.least_squares_lsmr_conlim                         100000000.0                                                            code  
scipy.solver_options.least_squares_lsmr_damp                           0.0                                                                    code  
scipy.solver_options.least_squares_lsmr_maxiter                        None                                                                   code  
scipy.solver_options.least_squares_lsqr_atol                           1e-06                                                                  code  
scipy.solver_options.least_squares_lsqr_btol                           1e-06                                                                  code  
scipy.solver_options.least_squares_lsqr_conlim                         100000000.0                                                            code  
scipy.solver_options.least_squares_lsqr_iter_lim                       None                                                                   code  
scipy.solver_options.lgmres_inner_m                                    39                                                                     code  
scipy.solver_options.lgmres_maxiter                                    1000                                                                   code  
scipy.solver_options.lgmres_outer_k                                    3                                                                      code  
scipy.solver_options.lgmres_tol                                        1e-05                                                                  code  
scipy.solver_options.spilu_drop_rule                                   None                                                                   code  
scipy.solver_options.spilu_drop_tol                                    0.0001                                                                 code  
scipy.solver_options.spilu_fill_factor                                 10                                                                     code  
scipy.solver_options.spilu_permc_spec                                  &apos;COLAMD&apos;                                                               code  
scipy.solver_options.spsolve_keep_factorization                        True                                                                   code  
scipy.solver_options.spsolve_permc_spec                                &apos;COLAMD&apos;                                                               code  
constructions.induced_norm.raise_negative                              True                                                                   code  
constructions.induced_norm.tol                                         1e-10                                                                  code  
fv.jacobian_options.delta                                              1e-07                                                                  code  
numpy.NumpyMatrixOperator.apply_inverse.check_finite                   True                                                                   code  
numpy.NumpyMatrixOperator.apply_inverse.default_sparse_solver_backend  &apos;scipy&apos;                                                                code  
default.new_parallel_pool.allow_mpi                                    True                                                                   code  
default.new_parallel_pool.ipython_num_engines                          None                                                                   code  
default.new_parallel_pool.ipython_profile                              None                                                                   code  
floatcmp.float_cmp.atol                                                1e-14                                                                  code  
floatcmp.float_cmp.rtol                                                1e-14                                                                  code  
mpi.event_loop_settings.auto_launch                                    True                                                                   code  
random.new_random_state.seed                                           42                                                                     code  
defaults.func.c                                                        43                                                                     user  
defaults.func.d                                                        3                                                                      code  



                  defaults not affecting state id calculation                   
                  ===========================================                   

path (shortened)                     value                                source
-----------------------------------  -----------------------------------  ------
genericsolvers.solver_options.least  False                                code  
_squares_lsmr_show                                                              
genericsolvers.solver_options.least  False                                code  
_squares_lsqr_show                                                              
pyamg.solver_options.verb            False                                code  
scipy.solver_options.least_squares_  False                                code  
lsmr_show                                                                       
scipy.solver_options.least_squares_  False                                code  
lsqr_show                                                                       
cache.default_regions.disk_max_size  1073741824                           code  
cache.default_regions.disk_path      &apos;/tmp/pymor.cache.pymor&apos;             code  
cache.default_regions.memory_max_ke  1000                                 code  
ys                                                                              
cache.default_regions.persistent_ma  1073741824                           code  
x_size                                                                          
cache.default_regions.persistent_pa  &apos;/tmp/pymor.persistent.cache.pymor&apos;  code  
th                                                                              
logger.getLogger.filename            &apos;&apos;                                   code  
logger.set_log_format.block_timings  False                                code  
logger.set_log_format.indent_blocks  True                                 code  
logger.set_log_format.max_hierarchy  1                                    code  
_level                                                                          
logger.set_log_levels.levels         None                                 code  
gl.colormap_texture.name             &apos;viridis&apos;                            code  
qt.visualize_patch.backend           &apos;gl&apos;                                 code  
pprint.format_array.compact_print    False                                code  

</system-out></testcase><testcase classname="src.pymortests.core.defaults" file="src/pymortests/core/defaults.py" line="34" name="test_write_defaults_to_file" time="0.013970136642456055"><system-out>Written defaults to file /tmp/tmpudq99uft/defaults.py
</system-out></testcase><testcase classname="src.pymortests.core.defaults" file="src/pymortests/core/defaults.py" line="39" name="test_load_defaults_from_file" time="0.014317035675048828"><system-out>Written defaults to file /tmp/tmpgc60wgm5/defaults.py
</system-out></testcase><testcase classname="src.pymortests.core.interface.Test_Interface" file="src/pymortests/core/interface.py" line="18" name="testImplementorlist" time="0.001257181167602539"></testcase><testcase classname="src.pymortests.core.interface.Test_Interface" file="src/pymortests/core/interface.py" line="24" name="testAbstractMethods" time="0.0035326480865478516"></testcase><testcase classname="src.pymortests.core.interface.Test_Interface" file="src/pymortests/core/interface.py" line="56" name="testVersion" time="0.0008571147918701172"></testcase><testcase classname="src.pymortests.core.interface" file="src/pymortests/core/interface.py" line="78" name="test_withcopy_implementors" time="0.008356571197509766"></testcase><testcase classname="src.pymortests.core.logger" file="src/pymortests/core/logger.py" line="20" name="test_logclass[RuleTable]" time="0.0015408992767333984"><system-err>19:12 |WARNING|RuleTable: warning -- logger &lt;Logger pymor.algorithms.rules.RuleTable (INFO)&gt;
19:12 |ERROR|RuleTable: error -- logger &lt;Logger pymor.algorithms.rules.RuleTable (INFO)&gt;
19:12 RuleTable: info -- logger &lt;Logger pymor.algorithms.rules.RuleTable (INFO)&gt;
</system-err></testcase><testcase classname="src.pymortests.core.logger" file="src/pymortests/core/logger.py" line="20" name="test_logclass[PatchVisualizer]" time="0.0013437271118164062"><system-err>19:12 |WARNING|PatchVisualizer: warning -- logger &lt;Logger pymor.gui.visualizers.PatchVisualizer (INFO)&gt;
19:12 |ERROR|PatchVisualizer: error -- logger &lt;Logger pymor.gui.visualizers.PatchVisualizer (INFO)&gt;
19:12 PatchVisualizer: info -- logger &lt;Logger pymor.gui.visualizers.PatchVisualizer (INFO)&gt;
</system-err></testcase><testcase classname="src.pymortests.core.logger" file="src/pymortests/core/logger.py" line="20" name="test_logclass[OnedVisualizer]" time="0.0012364387512207031"><system-err>19:12 |WARNING|OnedVisualizer: warning -- logger &lt;Logger pymor.gui.visualizers.OnedVisualizer (INFO)&gt;
19:12 |ERROR|OnedVisualizer: error -- logger &lt;Logger pymor.gui.visualizers.OnedVisualizer (INFO)&gt;
19:12 OnedVisualizer: info -- logger &lt;Logger pymor.gui.visualizers.OnedVisualizer (INFO)&gt;
</system-err></testcase><testcase classname="src.pymortests.core.logger" file="src/pymortests/core/logger.py" line="20" name="test_logclass[FenicsVisualizer]" time="0.0012576580047607422"><system-err>19:12 |WARNING|FenicsVisualizer: warning -- logger &lt;Logger pymor.bindings.fenics.FenicsVisualizer (INFO)&gt;
19:12 |ERROR|FenicsVisualizer: error -- logger &lt;Logger pymor.bindings.fenics.FenicsVisualizer (INFO)&gt;
19:12 FenicsVisualizer: info -- logger &lt;Logger pymor.bindings.fenics.FenicsVisualizer (INFO)&gt;
</system-err></testcase><testcase classname="src.pymortests.core.logger" file="src/pymortests/core/logger.py" line="20" name="test_logclass[BoringTestClass]" time="0.0012013912200927734"><system-err>19:12 |WARNING|BoringTestClass: warning -- logger &lt;Logger pymortests.core.dummies.BoringTestClass (INFO)&gt;
19:12 |ERROR|BoringTestClass: error -- logger &lt;Logger pymortests.core.dummies.BoringTestClass (INFO)&gt;
19:12 BoringTestClass: info -- logger &lt;Logger pymortests.core.dummies.BoringTestClass (INFO)&gt;
</system-err></testcase><testcase classname="src.pymortests.core.logger" file="src/pymortests/core/logger.py" line="20" name="test_logclass[RemoteObjectManager]" time="0.0017957687377929688"><system-err>19:12 |WARNING|RemoteObjectManager: warning -- logger &lt;Logger pymor.parallel.manager.RemoteObjectManager (INFO)&gt;
19:12 |ERROR|RemoteObjectManager: error -- logger &lt;Logger pymor.parallel.manager.RemoteObjectManager (INFO)&gt;
19:12 RemoteObjectManager: info -- logger &lt;Logger pymor.parallel.manager.RemoteObjectManager (INFO)&gt;
</system-err></testcase><testcase classname="src.pymortests.core.logger" file="src/pymortests/core/logger.py" line="20" name="test_logclass[AdaptiveSampleSet]" time="0.001257181167602539"><system-err>19:12 |WARNING|AdaptiveSampleSet: warning -- logger &lt;Logger pymor.algorithms.adaptivegreedy.AdaptiveSampleSet (INFO)&gt;
19:12 |ERROR|AdaptiveSampleSet: error -- logger &lt;Logger pymor.algorithms.adaptivegreedy.AdaptiveSampleSet (INFO)&gt;
19:12 AdaptiveSampleSet: info -- logger &lt;Logger pymor.algorithms.adaptivegreedy.AdaptiveSampleSet (INFO)&gt;
</system-err></testcase><testcase classname="src.pymortests.core.logger" file="src/pymortests/core/logger.py" line="20" name="test_logclass[Tree]" time="0.0011615753173828125"><system-err>19:12 |WARNING|Tree: warning -- logger &lt;Logger pymor.algorithms.hapod.Tree (INFO)&gt;
19:12 |ERROR|Tree: error -- logger &lt;Logger pymor.algorithms.hapod.Tree (INFO)&gt;
19:12 Tree: info -- logger &lt;Logger pymor.algorithms.hapod.Tree (INFO)&gt;
</system-err></testcase><testcase classname="src.pymortests.core.logger" file="src/pymortests/core/logger.py" line="20" name="test_logclass[GenericRBReductor]" time="0.0011861324310302734"><system-err>19:12 |WARNING|GenericRBReductor: warning -- logger &lt;Logger pymor.reductors.basic.GenericRBReductor (INFO)&gt;
19:12 |ERROR|GenericRBReductor: error -- logger &lt;Logger pymor.reductors.basic.GenericRBReductor (INFO)&gt;
19:12 GenericRBReductor: info -- logger &lt;Logger pymor.reductors.basic.GenericRBReductor (INFO)&gt;
</system-err></testcase><testcase classname="src.pymortests.core.logger" file="src/pymortests/core/logger.py" line="20" name="test_logclass[GenericPGReductor]" time="0.0012004375457763672"><system-err>19:12 |WARNING|GenericPGReductor: warning -- logger &lt;Logger pymor.reductors.basic.GenericPGReductor (INFO)&gt;
19:12 |ERROR|GenericPGReductor: error -- logger &lt;Logger pymor.reductors.basic.GenericPGReductor (INFO)&gt;
19:12 GenericPGReductor: info -- logger &lt;Logger pymor.reductors.basic.GenericPGReductor (INFO)&gt;
</system-err></testcase><testcase classname="src.pymortests.core.logger" file="src/pymortests/core/logger.py" line="20" name="test_logclass[GenericBTReductor]" time="0.0011839866638183594"><system-err>19:12 |WARNING|GenericBTReductor: warning -- logger &lt;Logger pymor.reductors.bt.GenericBTReductor (INFO)&gt;
19:12 |ERROR|GenericBTReductor: error -- logger &lt;Logger pymor.reductors.bt.GenericBTReductor (INFO)&gt;
19:12 GenericBTReductor: info -- logger &lt;Logger pymor.reductors.bt.GenericBTReductor (INFO)&gt;
</system-err></testcase><testcase classname="src.pymortests.core.logger" file="src/pymortests/core/logger.py" line="20" name="test_logclass[ResidualReductor]" time="0.0011873245239257812"><system-err>19:12 |WARNING|ResidualReductor: warning -- logger &lt;Logger pymor.reductors.residual.ResidualReductor (INFO)&gt;
19:12 |ERROR|ResidualReductor: error -- logger &lt;Logger pymor.reductors.residual.ResidualReductor (INFO)&gt;
19:12 ResidualReductor: info -- logger &lt;Logger pymor.reductors.residual.ResidualReductor (INFO)&gt;
</system-err></testcase><testcase classname="src.pymortests.core.logger" file="src/pymortests/core/logger.py" line="20" name="test_logclass[ImplicitEulerResidualReductor]" time="0.0011637210845947266"><system-err>19:12 |WARNING|ImplicitEulerResidualReductor: warning -- logger &lt;Logger pymor.reductors.residual.ImplicitEulerResidualReductor (INFO)&gt;
19:12 |ERROR|ImplicitEulerResidualReductor: error -- logger &lt;Logger pymor.reductors.residual.ImplicitEulerResidualReductor (INFO)&gt;
19:12 ImplicitEulerResidualReductor: info -- logger &lt;Logger pymor.reductors.residual.ImplicitEulerResidualReductor (INFO)&gt;
</system-err></testcase><testcase classname="src.pymortests.core.logger" file="src/pymortests/core/logger.py" line="20" name="test_logclass[GenericBHIReductor]" time="0.0011746883392333984"><system-err>19:12 |WARNING|GenericBHIReductor: warning -- logger &lt;Logger pymor.reductors.interpolation.GenericBHIReductor (INFO)&gt;
19:12 |ERROR|GenericBHIReductor: error -- logger &lt;Logger pymor.reductors.interpolation.GenericBHIReductor (INFO)&gt;
19:12 GenericBHIReductor: info -- logger &lt;Logger pymor.reductors.interpolation.GenericBHIReductor (INFO)&gt;
</system-err></testcase><testcase classname="src.pymortests.core.logger" file="src/pymortests/core/logger.py" line="20" name="test_logclass[TFInterpReductor]" time="0.0011713504791259766"><system-err>19:12 |WARNING|TFInterpReductor: warning -- logger &lt;Logger pymor.reductors.interpolation.TFInterpReductor (INFO)&gt;
19:12 |ERROR|TFInterpReductor: error -- logger &lt;Logger pymor.reductors.interpolation.TFInterpReductor (INFO)&gt;
19:12 TFInterpReductor: info -- logger &lt;Logger pymor.reductors.interpolation.TFInterpReductor (INFO)&gt;
</system-err></testcase><testcase classname="src.pymortests.core.logger" file="src/pymortests/core/logger.py" line="20" name="test_logclass[IRKAReductor]" time="0.001157999038696289"><system-err>19:12 |WARNING|IRKAReductor: warning -- logger &lt;Logger pymor.reductors.h2.IRKAReductor (INFO)&gt;
19:12 |ERROR|IRKAReductor: error -- logger &lt;Logger pymor.reductors.h2.IRKAReductor (INFO)&gt;
19:12 IRKAReductor: info -- logger &lt;Logger pymor.reductors.h2.IRKAReductor (INFO)&gt;
</system-err></testcase><testcase classname="src.pymortests.core.logger" file="src/pymortests/core/logger.py" line="20" name="test_logclass[TSIAReductor]" time="0.0011334419250488281"><system-err>19:12 |WARNING|TSIAReductor: warning -- logger &lt;Logger pymor.reductors.h2.TSIAReductor (INFO)&gt;
19:12 |ERROR|TSIAReductor: error -- logger &lt;Logger pymor.reductors.h2.TSIAReductor (INFO)&gt;
19:12 TSIAReductor: info -- logger &lt;Logger pymor.reductors.h2.TSIAReductor (INFO)&gt;
</system-err></testcase><testcase classname="src.pymortests.core.logger" file="src/pymortests/core/logger.py" line="20" name="test_logclass[TF_IRKAReductor]" time="0.001155853271484375"><system-err>19:12 |WARNING|TF_IRKAReductor: warning -- logger &lt;Logger pymor.reductors.h2.TF_IRKAReductor (INFO)&gt;
19:12 |ERROR|TF_IRKAReductor: error -- logger &lt;Logger pymor.reductors.h2.TF_IRKAReductor (INFO)&gt;
19:12 TF_IRKAReductor: info -- logger &lt;Logger pymor.reductors.h2.TF_IRKAReductor (INFO)&gt;
</system-err></testcase><testcase classname="src.pymortests.core.logger" file="src/pymortests/core/logger.py" line="20" name="test_logclass[GenericSOBTpvReductor]" time="0.0013446807861328125"><system-err>19:12 |WARNING|GenericSOBTpvReductor: warning -- logger &lt;Logger pymor.reductors.sobt.GenericSOBTpvReductor (INFO)&gt;
19:12 |ERROR|GenericSOBTpvReductor: error -- logger &lt;Logger pymor.reductors.sobt.GenericSOBTpvReductor (INFO)&gt;
19:12 GenericSOBTpvReductor: info -- logger &lt;Logger pymor.reductors.sobt.GenericSOBTpvReductor (INFO)&gt;
</system-err></testcase><testcase classname="src.pymortests.core.logger" file="src/pymortests/core/logger.py" line="20" name="test_logclass[SOBTfvReductor]" time="0.001190185546875"><system-err>19:12 |WARNING|SOBTfvReductor: warning -- logger &lt;Logger pymor.reductors.sobt.SOBTfvReductor (INFO)&gt;
19:12 |ERROR|SOBTfvReductor: error -- logger &lt;Logger pymor.reductors.sobt.SOBTfvReductor (INFO)&gt;
19:12 SOBTfvReductor: info -- logger &lt;Logger pymor.reductors.sobt.SOBTfvReductor (INFO)&gt;
</system-err></testcase><testcase classname="src.pymortests.core.logger" file="src/pymortests/core/logger.py" line="20" name="test_logclass[SOBTReductor]" time="0.0011591911315917969"><system-err>19:12 |WARNING|SOBTReductor: warning -- logger &lt;Logger pymor.reductors.sobt.SOBTReductor (INFO)&gt;
19:12 |ERROR|SOBTReductor: error -- logger &lt;Logger pymor.reductors.sobt.SOBTReductor (INFO)&gt;
19:12 SOBTReductor: info -- logger &lt;Logger pymor.reductors.sobt.SOBTReductor (INFO)&gt;
</system-err></testcase><testcase classname="src.pymortests.core.logger" file="src/pymortests/core/logger.py" line="20" name="test_logclass[SOR_IRKAReductor]" time="0.0011854171752929688"><system-err>19:12 |WARNING|SOR_IRKAReductor: warning -- logger &lt;Logger pymor.reductors.sor_irka.SOR_IRKAReductor (INFO)&gt;
19:12 |ERROR|SOR_IRKAReductor: error -- logger &lt;Logger pymor.reductors.sor_irka.SOR_IRKAReductor (INFO)&gt;
19:12 SOR_IRKAReductor: info -- logger &lt;Logger pymor.reductors.sor_irka.SOR_IRKAReductor (INFO)&gt;
</system-err></testcase><testcase classname="src.pymortests.core.logger" file="src/pymortests/core/logger.py" line="20" name="test_logclass[new_ipcluster_pool]" time="0.0011813640594482422"><system-err>19:12 |WARNING|new_ipcluster_pool: warning -- logger &lt;Logger pymor.parallel.ipython.new_ipcluster_pool (INFO)&gt;
19:12 |ERROR|new_ipcluster_pool: error -- logger &lt;Logger pymor.parallel.ipython.new_ipcluster_pool (INFO)&gt;
19:12 new_ipcluster_pool: info -- logger &lt;Logger pymor.parallel.ipython.new_ipcluster_pool (INFO)&gt;
</system-err></testcase><testcase classname="src.pymortests.core.logger" file="src/pymortests/core/logger.py" line="20" name="test_logclass[StationaryProblem]" time="0.0011296272277832031"><system-err>19:12 |WARNING|StationaryProblem: warning -- logger &lt;Logger pymor.analyticalproblems.elliptic.StationaryProblem (INFO)&gt;
19:12 |ERROR|StationaryProblem: error -- logger &lt;Logger pymor.analyticalproblems.elliptic.StationaryProblem (INFO)&gt;
19:12 StationaryProblem: info -- logger &lt;Logger pymor.analyticalproblems.elliptic.StationaryProblem (INFO)&gt;
</system-err></testcase><testcase classname="src.pymortests.core.logger" file="src/pymortests/core/logger.py" line="20" name="test_logclass[InstationaryProblem]" time="0.0011434555053710938"><system-err>19:12 |WARNING|InstationaryProblem: warning -- logger &lt;Logger pymor.analyticalproblems.instationary.InstationaryProblem (INFO)&gt;
19:12 |ERROR|InstationaryProblem: error -- logger &lt;Logger pymor.analyticalproblems.instationary.InstationaryProblem (INFO)&gt;
19:12 InstationaryProblem: info -- logger &lt;Logger pymor.analyticalproblems.instationary.InstationaryProblem (INFO)&gt;
</system-err></testcase><testcase classname="src.pymortests.core.logger" file="src/pymortests/core/logger.py" line="20" name="test_logclass[InducedNorm]" time="0.001257181167602539"><system-err>19:12 |WARNING|InducedNorm: warning -- logger &lt;Logger pymor.operators.constructions.InducedNorm (INFO)&gt;
19:12 |ERROR|InducedNorm: error -- logger &lt;Logger pymor.operators.constructions.InducedNorm (INFO)&gt;
19:12 InducedNorm: info -- logger &lt;Logger pymor.operators.constructions.InducedNorm (INFO)&gt;
</system-err></testcase><testcase classname="src.pymortests.core.logger" file="src/pymortests/core/logger.py" line="20" name="test_logclass[NGSolveVisualizer]" time="0.0013117790222167969"><system-err>19:12 |WARNING|NGSolveVisualizer: warning -- logger &lt;Logger pymor.bindings.ngsolve.NGSolveVisualizer (INFO)&gt;
19:12 |ERROR|NGSolveVisualizer: error -- logger &lt;Logger pymor.bindings.ngsolve.NGSolveVisualizer (INFO)&gt;
19:12 NGSolveVisualizer: info -- logger &lt;Logger pymor.bindings.ngsolve.NGSolveVisualizer (INFO)&gt;
</system-err></testcase><testcase classname="src.pymortests.core.logger" file="src/pymortests/core/logger.py" line="20" name="test_logclass[CoerciveRBEstimator]" time="0.0014586448669433594"><system-err>19:12 |WARNING|CoerciveRBEstimator: warning -- logger &lt;Logger pymor.reductors.coercive.CoerciveRBEstimator (INFO)&gt;
19:12 |ERROR|CoerciveRBEstimator: error -- logger &lt;Logger pymor.reductors.coercive.CoerciveRBEstimator (INFO)&gt;
19:12 CoerciveRBEstimator: info -- logger &lt;Logger pymor.reductors.coercive.CoerciveRBEstimator (INFO)&gt;
</system-err></testcase><testcase classname="src.pymortests.core.logger" file="src/pymortests/core/logger.py" line="20" name="test_logclass[SimpleCoerciveRBEstimator]" time="0.0011677742004394531"><system-err>19:12 |WARNING|SimpleCoerciveRBEstimator: warning -- logger &lt;Logger pymor.reductors.coercive.SimpleCoerciveRBEstimator (INFO)&gt;
19:12 |ERROR|SimpleCoerciveRBEstimator: error -- logger &lt;Logger pymor.reductors.coercive.SimpleCoerciveRBEstimator (INFO)&gt;
19:12 SimpleCoerciveRBEstimator: info -- logger &lt;Logger pymor.reductors.coercive.SimpleCoerciveRBEstimator (INFO)&gt;
</system-err></testcase><testcase classname="src.pymortests.core.logger" file="src/pymortests/core/logger.py" line="20" name="test_logclass[ParabolicRBEstimator]" time="0.0012238025665283203"><system-err>19:12 |WARNING|ParabolicRBEstimator: warning -- logger &lt;Logger pymor.reductors.parabolic.ParabolicRBEstimator (INFO)&gt;
19:12 |ERROR|ParabolicRBEstimator: error -- logger &lt;Logger pymor.reductors.parabolic.ParabolicRBEstimator (INFO)&gt;
19:12 ParabolicRBEstimator: info -- logger &lt;Logger pymor.reductors.parabolic.ParabolicRBEstimator (INFO)&gt;
</system-err></testcase><testcase classname="src.pymortests.core.logger" file="src/pymortests/core/logger.py" line="20" name="test_logclass[MPIVisualizer]" time="0.0011909008026123047"><system-err>19:12 |WARNING|MPIVisualizer: warning -- logger &lt;Logger pymor.discretizations.mpi.MPIVisualizer (INFO)&gt;
19:12 |ERROR|MPIVisualizer: error -- logger &lt;Logger pymor.discretizations.mpi.MPIVisualizer (INFO)&gt;
19:12 MPIVisualizer: info -- logger &lt;Logger pymor.discretizations.mpi.MPIVisualizer (INFO)&gt;
</system-err></testcase><testcase classname="src.pymortests.core.logger" file="src/pymortests/core/logger.py" line="20" name="test_logclass[NumpyVectorArray]" time="0.0011904239654541016"><system-err>19:12 |WARNING|NumpyVectorArray: warning -- logger &lt;Logger pymor.vectorarrays.numpy.NumpyVectorArray (INFO)&gt;
19:12 |ERROR|NumpyVectorArray: error -- logger &lt;Logger pymor.vectorarrays.numpy.NumpyVectorArray (INFO)&gt;
19:12 NumpyVectorArray: info -- logger &lt;Logger pymor.vectorarrays.numpy.NumpyVectorArray (INFO)&gt;
</system-err></testcase><testcase classname="src.pymortests.core.logger" file="src/pymortests/core/logger.py" line="20" name="test_logclass[BlockVectorArray]" time="0.0011820793151855469"><system-err>19:12 |WARNING|BlockVectorArray: warning -- logger &lt;Logger pymor.vectorarrays.block.BlockVectorArray (INFO)&gt;
19:12 |ERROR|BlockVectorArray: error -- logger &lt;Logger pymor.vectorarrays.block.BlockVectorArray (INFO)&gt;
19:12 BlockVectorArray: info -- logger &lt;Logger pymor.vectorarrays.block.BlockVectorArray (INFO)&gt;
</system-err></testcase><testcase classname="src.pymortests.core.logger" file="src/pymortests/core/logger.py" line="20" name="test_logclass[ListVectorArray]" time="0.0011775493621826172"><system-err>19:12 |WARNING|ListVectorArray: warning -- logger &lt;Logger pymor.vectorarrays.list.ListVectorArray (INFO)&gt;
19:12 |ERROR|ListVectorArray: error -- logger &lt;Logger pymor.vectorarrays.list.ListVectorArray (INFO)&gt;
19:12 ListVectorArray: info -- logger &lt;Logger pymor.vectorarrays.list.ListVectorArray (INFO)&gt;
</system-err></testcase><testcase classname="src.pymortests.core.logger" file="src/pymortests/core/logger.py" line="20" name="test_logclass[MPIVectorArray]" time="0.0011518001556396484"><system-err>19:12 |WARNING|MPIVectorArray: warning -- logger &lt;Logger pymor.vectorarrays.mpi.MPIVectorArray (INFO)&gt;
19:12 |ERROR|MPIVectorArray: error -- logger &lt;Logger pymor.vectorarrays.mpi.MPIVectorArray (INFO)&gt;
19:12 MPIVectorArray: info -- logger &lt;Logger pymor.vectorarrays.mpi.MPIVectorArray (INFO)&gt;
</system-err></testcase><testcase classname="src.pymortests.core.logger" file="src/pymortests/core/logger.py" line="20" name="test_logclass[PreAssembleRules]" time="0.0013728141784667969"><system-err>19:12 |WARNING|PreAssembleRules: warning -- logger &lt;Logger pymor.algorithms.preassemble.PreAssembleRules (INFO)&gt;
19:12 |ERROR|PreAssembleRules: error -- logger &lt;Logger pymor.algorithms.preassemble.PreAssembleRules (INFO)&gt;
19:12 PreAssembleRules: info -- logger &lt;Logger pymor.algorithms.preassemble.PreAssembleRules (INFO)&gt;
</system-err></testcase><testcase classname="src.pymortests.core.logger" file="src/pymortests/core/logger.py" line="20" name="test_logclass[ProjectRules]" time="0.0012090206146240234"><system-err>19:12 |WARNING|ProjectRules: warning -- logger &lt;Logger pymor.algorithms.projection.ProjectRules (INFO)&gt;
19:12 |ERROR|ProjectRules: error -- logger &lt;Logger pymor.algorithms.projection.ProjectRules (INFO)&gt;
19:12 ProjectRules: info -- logger &lt;Logger pymor.algorithms.projection.ProjectRules (INFO)&gt;
</system-err></testcase><testcase classname="src.pymortests.core.logger" file="src/pymortests/core/logger.py" line="20" name="test_logclass[ProjectToSubbasisRules]" time="0.0011708736419677734"><system-err>19:12 |WARNING|ProjectToSubbasisRules: warning -- logger &lt;Logger pymor.algorithms.projection.ProjectToSubbasisRules (INFO)&gt;
19:12 |ERROR|ProjectToSubbasisRules: error -- logger &lt;Logger pymor.algorithms.projection.ProjectToSubbasisRules (INFO)&gt;
19:12 ProjectToSubbasisRules: info -- logger &lt;Logger pymor.algorithms.projection.ProjectToSubbasisRules (INFO)&gt;
</system-err></testcase><testcase classname="src.pymortests.core.logger" file="src/pymortests/core/logger.py" line="20" name="test_logclass[ToMatrixRules]" time="0.0012202262878417969"><system-err>19:12 |WARNING|ToMatrixRules: warning -- logger &lt;Logger pymor.algorithms.to_matrix.ToMatrixRules (INFO)&gt;
19:12 |ERROR|ToMatrixRules: error -- logger &lt;Logger pymor.algorithms.to_matrix.ToMatrixRules (INFO)&gt;
19:12 ToMatrixRules: info -- logger &lt;Logger pymor.algorithms.to_matrix.ToMatrixRules (INFO)&gt;
</system-err></testcase><testcase classname="src.pymortests.core.logger" file="src/pymortests/core/logger.py" line="20" name="test_logclass[CollectOperatorRangeRules]" time="0.0012254714965820312"><system-err>19:12 |WARNING|CollectOperatorRangeRules: warning -- logger &lt;Logger pymor.algorithms.image.CollectOperatorRangeRules (INFO)&gt;
19:12 |ERROR|CollectOperatorRangeRules: error -- logger &lt;Logger pymor.algorithms.image.CollectOperatorRangeRules (INFO)&gt;
19:12 CollectOperatorRangeRules: info -- logger &lt;Logger pymor.algorithms.image.CollectOperatorRangeRules (INFO)&gt;
</system-err></testcase><testcase classname="src.pymortests.core.logger" file="src/pymortests/core/logger.py" line="20" name="test_logclass[CollectVectorRangeRules]" time="0.0012371540069580078"><system-err>19:12 |WARNING|CollectVectorRangeRules: warning -- logger &lt;Logger pymor.algorithms.image.CollectVectorRangeRules (INFO)&gt;
19:12 |ERROR|CollectVectorRangeRules: error -- logger &lt;Logger pymor.algorithms.image.CollectVectorRangeRules (INFO)&gt;
19:12 CollectVectorRangeRules: info -- logger &lt;Logger pymor.algorithms.image.CollectVectorRangeRules (INFO)&gt;
</system-err></testcase><testcase classname="src.pymortests.core.logger" file="src/pymortests/core/logger.py" line="20" name="test_logclass[CopyOnWriteVector]" time="0.0011959075927734375"><system-err>19:12 |WARNING|CopyOnWriteVector: warning -- logger &lt;Logger pymor.vectorarrays.list.CopyOnWriteVector (INFO)&gt;
19:12 |ERROR|CopyOnWriteVector: error -- logger &lt;Logger pymor.vectorarrays.list.CopyOnWriteVector (INFO)&gt;
19:12 CopyOnWriteVector: info -- logger &lt;Logger pymor.vectorarrays.list.CopyOnWriteVector (INFO)&gt;
</system-err></testcase><testcase classname="src.pymortests.core.logger" file="src/pymortests/core/logger.py" line="20" name="test_logclass[AllDirichletBoundaryInfo]" time="0.0012102127075195312"><system-err>19:12 |WARNING|AllDirichletBoundaryInfo: warning -- logger &lt;Logger pymortests.core.dummies.AllDirichletBoundaryInfo (INFO)&gt;
19:12 |ERROR|AllDirichletBoundaryInfo: error -- logger &lt;Logger pymortests.core.dummies.AllDirichletBoundaryInfo (INFO)&gt;
19:12 AllDirichletBoundaryInfo: info -- logger &lt;Logger pymortests.core.dummies.AllDirichletBoundaryInfo (INFO)&gt;
</system-err></testcase><testcase classname="src.pymortests.core.logger" file="src/pymortests/core/logger.py" line="20" name="test_logclass[StupidImplementer]" time="0.001230478286743164"><system-err>19:12 |WARNING|StupidImplementer: warning -- logger &lt;Logger pymortests.core.dummies.StupidImplementer (INFO)&gt;
19:12 |ERROR|StupidImplementer: error -- logger &lt;Logger pymortests.core.dummies.StupidImplementer (INFO)&gt;
19:12 StupidImplementer: info -- logger &lt;Logger pymortests.core.dummies.StupidImplementer (INFO)&gt;
</system-err></testcase><testcase classname="src.pymortests.core.logger" file="src/pymortests/core/logger.py" line="20" name="test_logclass[AverageImplementer0]" time="0.0011572837829589844"><system-err>19:12 |WARNING|AverageImplementer: warning -- logger &lt;Logger pymortests.core.dummies.AverageImplementer (INFO)&gt;
19:12 |ERROR|AverageImplementer: error -- logger &lt;Logger pymortests.core.dummies.AverageImplementer (INFO)&gt;
19:12 AverageImplementer: info -- logger &lt;Logger pymortests.core.dummies.AverageImplementer (INFO)&gt;
</system-err></testcase><testcase classname="src.pymortests.core.logger" file="src/pymortests/core/logger.py" line="20" name="test_logclass[FailImplementer]" time="0.001239776611328125"><system-err>19:12 |WARNING|FailImplementer: warning -- logger &lt;Logger pymortests.core.dummies.FailImplementer (INFO)&gt;
19:12 |ERROR|FailImplementer: error -- logger &lt;Logger pymortests.core.dummies.FailImplementer (INFO)&gt;
19:12 FailImplementer: info -- logger &lt;Logger pymortests.core.dummies.FailImplementer (INFO)&gt;
</system-err></testcase><testcase classname="src.pymortests.core.logger" file="src/pymortests/core/logger.py" line="20" name="test_logclass[AverageImplementer1]" time="0.0011959075927734375"><system-err>19:12 |WARNING|AverageImplementer: warning -- logger &lt;Logger pymortests.core.dummies.AverageImplementer (INFO)&gt;
19:12 |ERROR|AverageImplementer: error -- logger &lt;Logger pymortests.core.dummies.AverageImplementer (INFO)&gt;
19:12 AverageImplementer: info -- logger &lt;Logger pymortests.core.dummies.AverageImplementer (INFO)&gt;
</system-err></testcase><testcase classname="src.pymortests.core.logger" file="src/pymortests/core/logger.py" line="20" name="test_logclass[DummyPool]" time="0.0011632442474365234"><system-err>19:12 |WARNING|DummyPool: warning -- logger &lt;Logger pymor.parallel.dummy.DummyPool (INFO)&gt;
19:12 |ERROR|DummyPool: error -- logger &lt;Logger pymor.parallel.dummy.DummyPool (INFO)&gt;
19:12 DummyPool: info -- logger &lt;Logger pymor.parallel.dummy.DummyPool (INFO)&gt;
</system-err></testcase><testcase classname="src.pymortests.core.logger" file="src/pymortests/core/logger.py" line="20" name="test_logclass[WorkerPoolBase]" time="0.0011980533599853516"><system-err>19:12 |WARNING|WorkerPoolBase: warning -- logger &lt;Logger pymor.parallel.basic.WorkerPoolBase (INFO)&gt;
19:12 |ERROR|WorkerPoolBase: error -- logger &lt;Logger pymor.parallel.basic.WorkerPoolBase (INFO)&gt;
19:12 WorkerPoolBase: info -- logger &lt;Logger pymor.parallel.basic.WorkerPoolBase (INFO)&gt;
</system-err></testcase><testcase classname="src.pymortests.core.logger" file="src/pymortests/core/logger.py" line="20" name="test_logclass[IncHAPODTree]" time="0.0013811588287353516"><system-err>19:12 |WARNING|IncHAPODTree: warning -- logger &lt;Logger pymor.algorithms.hapod.IncHAPODTree (INFO)&gt;
19:12 |ERROR|IncHAPODTree: error -- logger &lt;Logger pymor.algorithms.hapod.IncHAPODTree (INFO)&gt;
19:12 IncHAPODTree: info -- logger &lt;Logger pymor.algorithms.hapod.IncHAPODTree (INFO)&gt;
</system-err></testcase><testcase classname="src.pymortests.core.logger" file="src/pymortests/core/logger.py" line="20" name="test_logclass[DistHAPODTree]" time="0.001184225082397461"><system-err>19:12 |WARNING|DistHAPODTree: warning -- logger &lt;Logger pymor.algorithms.hapod.DistHAPODTree (INFO)&gt;
19:12 |ERROR|DistHAPODTree: error -- logger &lt;Logger pymor.algorithms.hapod.DistHAPODTree (INFO)&gt;
19:12 DistHAPODTree: info -- logger &lt;Logger pymor.algorithms.hapod.DistHAPODTree (INFO)&gt;
</system-err></testcase><testcase classname="src.pymortests.core.logger" file="src/pymortests/core/logger.py" line="20" name="test_logclass[CoerciveRBReductor]" time="0.0011794567108154297"><system-err>19:12 |WARNING|CoerciveRBReductor: warning -- logger &lt;Logger pymor.reductors.coercive.CoerciveRBReductor (INFO)&gt;
19:12 |ERROR|CoerciveRBReductor: error -- logger &lt;Logger pymor.reductors.coercive.CoerciveRBReductor (INFO)&gt;
19:12 CoerciveRBReductor: info -- logger &lt;Logger pymor.reductors.coercive.CoerciveRBReductor (INFO)&gt;
</system-err></testcase><testcase classname="src.pymortests.core.logger" file="src/pymortests/core/logger.py" line="20" name="test_logclass[SimpleCoerciveRBReductor]" time="0.0012445449829101562"><system-err>19:12 |WARNING|SimpleCoerciveRBReductor: warning -- logger &lt;Logger pymor.reductors.coercive.SimpleCoerciveRBReductor (INFO)&gt;
19:12 |ERROR|SimpleCoerciveRBReductor: error -- logger &lt;Logger pymor.reductors.coercive.SimpleCoerciveRBReductor (INFO)&gt;
19:12 SimpleCoerciveRBReductor: info -- logger &lt;Logger pymor.reductors.coercive.SimpleCoerciveRBReductor (INFO)&gt;
</system-err></testcase><testcase classname="src.pymortests.core.logger" file="src/pymortests/core/logger.py" line="20" name="test_logclass[ParabolicRBReductor]" time="0.0011682510375976562"><system-err>19:12 |WARNING|ParabolicRBReductor: warning -- logger &lt;Logger pymor.reductors.parabolic.ParabolicRBReductor (INFO)&gt;
19:12 |ERROR|ParabolicRBReductor: error -- logger &lt;Logger pymor.reductors.parabolic.ParabolicRBReductor (INFO)&gt;
19:12 ParabolicRBReductor: info -- logger &lt;Logger pymor.reductors.parabolic.ParabolicRBReductor (INFO)&gt;
</system-err></testcase><testcase classname="src.pymortests.core.logger" file="src/pymortests/core/logger.py" line="20" name="test_logclass[BTReductor]" time="0.00115203857421875"><system-err>19:12 |WARNING|BTReductor: warning -- logger &lt;Logger pymor.reductors.bt.BTReductor (INFO)&gt;
19:12 |ERROR|BTReductor: error -- logger &lt;Logger pymor.reductors.bt.BTReductor (INFO)&gt;
19:12 BTReductor: info -- logger &lt;Logger pymor.reductors.bt.BTReductor (INFO)&gt;
</system-err></testcase><testcase classname="src.pymortests.core.logger" file="src/pymortests/core/logger.py" line="20" name="test_logclass[LQGBTReductor]" time="0.0011451244354248047"><system-err>19:12 |WARNING|LQGBTReductor: warning -- logger &lt;Logger pymor.reductors.bt.LQGBTReductor (INFO)&gt;
19:12 |ERROR|LQGBTReductor: error -- logger &lt;Logger pymor.reductors.bt.LQGBTReductor (INFO)&gt;
19:12 LQGBTReductor: info -- logger &lt;Logger pymor.reductors.bt.LQGBTReductor (INFO)&gt;
</system-err></testcase><testcase classname="src.pymortests.core.logger" file="src/pymortests/core/logger.py" line="20" name="test_logclass[BRBTReductor]" time="0.0011906623840332031"><system-err>19:12 |WARNING|BRBTReductor: warning -- logger &lt;Logger pymor.reductors.bt.BRBTReductor (INFO)&gt;
19:12 |ERROR|BRBTReductor: error -- logger &lt;Logger pymor.reductors.bt.BRBTReductor (INFO)&gt;
19:12 BRBTReductor: info -- logger &lt;Logger pymor.reductors.bt.BRBTReductor (INFO)&gt;
</system-err></testcase><testcase classname="src.pymortests.core.logger" file="src/pymortests/core/logger.py" line="20" name="test_logclass[LTI_BHIReductor]" time="0.0011699199676513672"><system-err>19:12 |WARNING|LTI_BHIReductor: warning -- logger &lt;Logger pymor.reductors.interpolation.LTI_BHIReductor (INFO)&gt;
19:12 |ERROR|LTI_BHIReductor: error -- logger &lt;Logger pymor.reductors.interpolation.LTI_BHIReductor (INFO)&gt;
19:12 LTI_BHIReductor: info -- logger &lt;Logger pymor.reductors.interpolation.LTI_BHIReductor (INFO)&gt;
</system-err></testcase><testcase classname="src.pymortests.core.logger" file="src/pymortests/core/logger.py" line="20" name="test_logclass[SO_BHIReductor]" time="0.0011627674102783203"><system-err>19:12 |WARNING|SO_BHIReductor: warning -- logger &lt;Logger pymor.reductors.interpolation.SO_BHIReductor (INFO)&gt;
19:12 |ERROR|SO_BHIReductor: error -- logger &lt;Logger pymor.reductors.interpolation.SO_BHIReductor (INFO)&gt;
19:12 SO_BHIReductor: info -- logger &lt;Logger pymor.reductors.interpolation.SO_BHIReductor (INFO)&gt;
</system-err></testcase><testcase classname="src.pymortests.core.logger" file="src/pymortests/core/logger.py" line="20" name="test_logclass[DelayBHIReductor]" time="0.0011856555938720703"><system-err>19:12 |WARNING|DelayBHIReductor: warning -- logger &lt;Logger pymor.reductors.interpolation.DelayBHIReductor (INFO)&gt;
19:12 |ERROR|DelayBHIReductor: error -- logger &lt;Logger pymor.reductors.interpolation.DelayBHIReductor (INFO)&gt;
19:12 DelayBHIReductor: info -- logger &lt;Logger pymor.reductors.interpolation.DelayBHIReductor (INFO)&gt;
</system-err></testcase><testcase classname="src.pymortests.core.logger" file="src/pymortests/core/logger.py" line="20" name="test_logclass[SOBTpReductor]" time="0.001186370849609375"><system-err>19:12 |WARNING|SOBTpReductor: warning -- logger &lt;Logger pymor.reductors.sobt.SOBTpReductor (INFO)&gt;
19:12 |ERROR|SOBTpReductor: error -- logger &lt;Logger pymor.reductors.sobt.SOBTpReductor (INFO)&gt;
19:12 SOBTpReductor: info -- logger &lt;Logger pymor.reductors.sobt.SOBTpReductor (INFO)&gt;
</system-err></testcase><testcase classname="src.pymortests.core.logger" file="src/pymortests/core/logger.py" line="20" name="test_logclass[SOBTvReductor]" time="0.0012156963348388672"><system-err>19:12 |WARNING|SOBTvReductor: warning -- logger &lt;Logger pymor.reductors.sobt.SOBTvReductor (INFO)&gt;
19:12 |ERROR|SOBTvReductor: error -- logger &lt;Logger pymor.reductors.sobt.SOBTvReductor (INFO)&gt;
19:12 SOBTvReductor: info -- logger &lt;Logger pymor.reductors.sobt.SOBTvReductor (INFO)&gt;
</system-err></testcase><testcase classname="src.pymortests.core.logger" file="src/pymortests/core/logger.py" line="20" name="test_logclass[SOBTpvReductor]" time="0.0012736320495605469"><system-err>19:12 |WARNING|SOBTpvReductor: warning -- logger &lt;Logger pymor.reductors.sobt.SOBTpvReductor (INFO)&gt;
19:12 |ERROR|SOBTpvReductor: error -- logger &lt;Logger pymor.reductors.sobt.SOBTpvReductor (INFO)&gt;
19:12 SOBTpvReductor: info -- logger &lt;Logger pymor.reductors.sobt.SOBTpvReductor (INFO)&gt;
</system-err></testcase><testcase classname="src.pymortests.core.logger" file="src/pymortests/core/logger.py" line="20" name="test_logclass[SOBTvpReductor]" time="0.001161813735961914"><system-err>19:12 |WARNING|SOBTvpReductor: warning -- logger &lt;Logger pymor.reductors.sobt.SOBTvpReductor (INFO)&gt;
19:12 |ERROR|SOBTvpReductor: error -- logger &lt;Logger pymor.reductors.sobt.SOBTvpReductor (INFO)&gt;
19:12 SOBTvpReductor: info -- logger &lt;Logger pymor.reductors.sobt.SOBTvpReductor (INFO)&gt;
</system-err></testcase></testsuite>