<?xml version="1.0" encoding="utf-8"?><testsuite errors="3" failures="0" name="pytest" skips="0" tests="3" time="4.933"><testcase classname="" file="src/pymortests/demos.py" name="src.pymortests.demos" time="0"><error message="collection failure">ImportError while importing test module &apos;/src/src/pymortests/demos.py&apos;.
Hint: make sure your test modules/packages have valid Python names.
Traceback:
src/pymortests/demos.py:18: in &lt;module&gt;
    from pymor.gui.qt import stop_gui_processes
src/pymor/gui/qt.py:28: in &lt;module&gt;
    from pymor.gui.matplotlib import Matplotlib1DWidget, MatplotlibPatchWidget
src/pymor/gui/matplotlib.py:65: in &lt;module&gt;
    from Qt.QtWidgets import QSizePolicy
E   ImportError: No module named QtWidgets</error></testcase><testcase classname="" file="src/pymortests/grid.py" name="src.pymortests.grid" time="0"><error message="collection failure">ImportError while importing test module &apos;/src/src/pymortests/grid.py&apos;.
Hint: make sure your test modules/packages have valid Python names.
Traceback:
src/pymortests/grid.py:15: in &lt;module&gt;
    from pymor.gui.qt import stop_gui_processes
src/pymor/gui/qt.py:28: in &lt;module&gt;
    from pymor.gui.matplotlib import Matplotlib1DWidget, MatplotlibPatchWidget
src/pymor/gui/matplotlib.py:65: in &lt;module&gt;
    from Qt.QtWidgets import QSizePolicy
E   ImportError: No module named QtWidgets</error></testcase><testcase classname="" file="src/pymortests/gui.py" name="src.pymortests.gui" time="0"><error message="collection failure">ImportError while importing test module &apos;/src/src/pymortests/gui.py&apos;.
Hint: make sure your test modules/packages have valid Python names.
Traceback:
src/pymortests/gui.py:10: in &lt;module&gt;
    from pymor.gui.qt import visualize_patch, stop_gui_processes
src/pymor/gui/qt.py:28: in &lt;module&gt;
    from pymor.gui.matplotlib import Matplotlib1DWidget, MatplotlibPatchWidget
src/pymor/gui/matplotlib.py:65: in &lt;module&gt;
    from Qt.QtWidgets import QSizePolicy
E   ImportError: No module named QtWidgets</error></testcase></testsuite>